[{"Plan": {"Node Type": "Sort","Parallel Aware": false,"Async Capable": false,"Startup Cost": 21616.39,"Total Cost": 21616.45,"Plan Rows": 25,"Plan Width": 136,"Actual Startup Time": 802.725,"Actual Total Time": 834.940,"Actual Rows": 5,"Actual Loops": 1,"Sort Key": ["(sum((lineitem.l_extendedprice * ('1'::numeric - lineitem.l_discount)))) DESC"],"Sort Method": "quicksort","Sort Space Used": 25,"Sort Space Type": "Memory","Plans": [{"Node Type": "Aggregate","Strategy": "Sorted","Partial Mode": "Finalize","Parent Relationship": "Outer","Parallel Aware": false,"Async Capable": false,"Startup Cost": 21601.33,"Total Cost": 21615.81,"Plan Rows": 25,"Plan Width": 136,"Actual Startup Time": 802.089,"Actual Total Time": 834.889,"Actual Rows": 5,"Actual Loops": 1,"Group Key": ["nation.n_name"],"Plans": [{"Node Type": "Gather Merge","Parent Relationship": "Outer","Parallel Aware": false,"Async Capable": false,"Startup Cost": 21601.33,"Total Cost": 21615.12,"Plan Rows": 50,"Plan Width": 136,"Actual Startup Time": 801.869,"Actual Total Time": 834.838,"Actual Rows": 15,"Actual Loops": 1,"Workers Planned": 2,"Workers Launched": 2,"Plans": [{"Node Type": "Aggregate","Strategy": "Sorted","Partial Mode": "Partial","Parent Relationship": "Outer","Parallel Aware": false,"Async Capable": false,"Startup Cost": 20601.30,"Total Cost": 20609.33,"Plan Rows": 25,"Plan Width": 136,"Actual Startup Time": 794.218,"Actual Total Time": 794.940,"Actual Rows": 5,"Actual Loops": 3,"Group Key": ["nation.n_name"],"Workers": [],"Plans": [{"Node Type": "Sort","Parent Relationship": "Outer","Parallel Aware": false,"Async Capable": false,"Startup Cost": 20601.30,"Total Cost": 20602.85,"Plan Rows": 617,"Plan Width": 116,"Actual Startup Time": 793.996,"Actual Total Time": 794.120,"Actual Rows": 2469,"Actual Loops": 3,"Sort Key": ["nation.n_name"],"Sort Method": "quicksort","Sort Space Used": 296,"Sort Space Type": "Memory","Workers": [{"Worker Number": 0,"Sort Method": "quicksort","Sort Space Used": 284,"Sort Space Type": "Memory"},{"Worker Number": 1,"Sort Method": "quicksort","Sort Space Used": 288,"Sort Space Type": "Memory"}],"Plans": [{"Node Type": "Hash Join","Parent Relationship": "Outer","Parallel Aware": false,"Async Capable": false,"Join Type": "Inner","Startup Cost": 475.27,"Total Cost": 20572.71,"Plan Rows": 617,"Plan Width": 116,"Actual Startup Time": 14.848,"Actual Total Time": 792.432,"Actual Rows": 2469,"Actual Loops": 3,"Inner Unique": true,"Hash Cond": "((lineitem.l_suppkey = supplier.s_suppkey) AND (customer.c_nationkey = supplier.s_nationkey))","Workers": [],"Plans": [{"Node Type": "Nested Loop","Parent Relationship": "Outer","Parallel Aware": false,"Async Capable": false,"Join Type": "Inner","Startup Cost": 3.27,"Total Cost": 20019.70,"Plan Rows": 15431,"Plan Width": 128,"Actual Startup Time": 0.724,"Actual Total Time": 746.203,"Actual Rows": 60646,"Actual Loops": 3,"Inner Unique": false,"Workers": [],"Plans": [{"Node Type": "Nested Loop","Parent Relationship": "Outer","Parallel Aware": false,"Async Capable": false,"Join Type": "Inner","Startup Cost": 2.84,"Total Cost": 8414.26,"Plan Rows": 3857,"Plan Width": 116,"Actual Startup Time": 0.603,"Actual Total Time": 446.704,"Actual Rows": 15077,"Actual Loops": 3,"Inner Unique": false,"Workers": [],"Plans": [{"Node Type": "Hash Join","Parent Relationship": "Outer","Parallel Aware": false,"Async Capable": false,"Join Type": "Inner","Startup Cost": 2.41,"Total Cost": 4471.79,"Plan Rows": 2500,"Plan Width": 116,"Actual Startup Time": 0.232,"Actual Total Time": 54.148,"Actual Rows": 9968,"Actual Loops": 3,"Inner Unique": false,"Hash Cond": "(customer.c_nationkey = nation.n_nationkey)","Workers": [],"Plans": [{"Node Type": "Seq Scan","Parent Relationship": "Outer","Parallel Aware": true,"Async Capable": false,"Relation Name": "customer","Alias": "customer","Startup Cost": 0.00,"Total Cost": 4210.00,"Plan Rows": 62500,"Plan Width": 8,"Actual Startup Time": 0.016,"Actual Total Time": 9.432,"Actual Rows": 50000,"Actual Loops": 3,"Workers": []},{"Node Type": "Hash","Parent Relationship": "Inner","Parallel Aware": false,"Async Capable": false,"Startup Cost": 2.40,"Total Cost": 2.40,"Plan Rows": 1,"Plan Width": 108,"Actual Startup Time": 0.135,"Actual Total Time": 0.148,"Actual Rows": 5,"Actual Loops": 3,"Hash Buckets": 1024,"Original Hash Buckets": 1024,"Hash Batches": 1,"Original Hash Batches": 1,"Peak Memory Usage": 9,"Workers": [],"Plans": [{"Node Type": "Hash Join","Parent Relationship": "Outer","Parallel Aware": false,"Async Capable": false,"Join Type": "Inner","Startup Cost": 1.07,"Total Cost": 2.40,"Plan Rows": 1,"Plan Width": 108,"Actual Startup Time": 0.120,"Actual Total Time": 0.140,"Actual Rows": 5,"Actual Loops": 3,"Inner Unique": true,"Hash Cond": "(nation.n_regionkey = region.r_regionkey)","Workers": [],"Plans": [{"Node Type": "Seq Scan","Parent Relationship": "Outer","Parallel Aware": false,"Async Capable": false,"Relation Name": "nation","Alias": "nation","Startup Cost": 0.00,"Total Cost": 1.25,"Plan Rows": 25,"Plan Width": 112,"Actual Startup Time": 0.048,"Actual Total Time": 0.052,"Actual Rows": 25,"Actual Loops": 3,"Workers": []},{"Node Type": "Hash","Parent Relationship": "Inner","Parallel Aware": false,"Async Capable": false,"Startup Cost": 1.06,"Total Cost": 1.06,"Plan Rows": 1,"Plan Width": 4,"Actual Startup Time": 0.046,"Actual Total Time": 0.050,"Actual Rows": 1,"Actual Loops": 3,"Hash Buckets": 1024,"Original Hash Buckets": 1024,"Hash Batches": 1,"Original Hash Batches": 1,"Peak Memory Usage": 9,"Workers": [],"Plans": [{"Node Type": "Seq Scan","Parent Relationship": "Outer","Parallel Aware": false,"Async Capable": false,"Relation Name": "region","Alias": "region","Startup Cost": 0.00,"Total Cost": 1.06,"Plan Rows": 1,"Plan Width": 4,"Actual Startup Time": 0.033,"Actual Total Time": 0.035,"Actual Rows": 1,"Actual Loops": 3,"Filter": "(r_name = 'MIDDLE EAST'::bpchar)","Rows Removed by Filter": 4,"Workers": []}]}]}]}]},{"Node Type": "Index Scan","Parent Relationship": "Inner","Parallel Aware": false,"Async Capable": false,"Scan Direction": "Forward","Index Name": "idx_orders_custkey","Relation Name": "orders","Alias": "orders","Startup Cost": 0.43,"Total Cost": 1.55,"Plan Rows": 3,"Plan Width": 8,"Actual Startup Time": 0.017,"Actual Total Time": 0.039,"Actual Rows": 2,"Actual Loops": 29904,"Index Cond": "(o_custkey = customer.c_custkey)","Rows Removed by Index Recheck": 0,"Filter": "((o_orderdate >= '1996-01-01'::date) AND (o_orderdate < '1997-01-01 00:00:00'::timestamp without time zone))","Rows Removed by Filter": 8,"Workers": []}]},{"Node Type": "Index Scan","Parent Relationship": "Inner","Parallel Aware": false,"Async Capable": false,"Scan Direction": "Forward","Index Name": "idx_lineitem_orderkey","Relation Name": "lineitem","Alias": "lineitem","Startup Cost": 0.43,"Total Cost": 2.84,"Plan Rows": 17,"Plan Width": 20,"Actual Startup Time": 0.016,"Actual Total Time": 0.019,"Actual Rows": 4,"Actual Loops": 45231,"Index Cond": "(l_orderkey = orders.o_orderkey)","Rows Removed by Index Recheck": 0,"Workers": []}]},{"Node Type": "Hash","Parent Relationship": "Inner","Parallel Aware": false,"Async Capable": false,"Startup Cost": 322.00,"Total Cost": 322.00,"Plan Rows": 10000,"Plan Width": 8,"Actual Startup Time": 13.111,"Actual Total Time": 13.116,"Actual Rows": 10000,"Actual Loops": 3,"Hash Buckets": 16384,"Original Hash Buckets": 16384,"Hash Batches": 1,"Original Hash Batches": 1,"Peak Memory Usage": 519,"Workers": [],"Plans": [{"Node Type": "Seq Scan","Parent Relationship": "Outer","Parallel Aware": false,"Async Capable": false,"Relation Name": "supplier","Alias": "supplier","Startup Cost": 0.00,"Total Cost": 322.00,"Plan Rows": 10000,"Plan Width": 8,"Actual Startup Time": 0.041,"Actual Total Time": 11.446,"Actual Rows": 10000,"Actual Loops": 3,"Workers": []}]}]}]}]}]}]}]},"Planning Time": 10.334,"Triggers": [],"Execution Time": 835.373}]
[{"Plan": {"Node Type": "Sort","Parallel Aware": false,"Async Capable": false,"Startup Cost": 21616.39,"Total Cost": 21616.45,"Plan Rows": 25,"Plan Width": 136,"Actual Startup Time": 804.800,"Actual Total Time": 836.793,"Actual Rows": 5,"Actual Loops": 1,"Sort Key": ["(sum((lineitem.l_extendedprice * ('1'::numeric - lineitem.l_discount)))) DESC"],"Sort Method": "quicksort","Sort Space Used": 25,"Sort Space Type": "Memory","Plans": [{"Node Type": "Aggregate","Strategy": "Sorted","Partial Mode": "Finalize","Parent Relationship": "Outer","Parallel Aware": false,"Async Capable": false,"Startup Cost": 21601.33,"Total Cost": 21615.81,"Plan Rows": 25,"Plan Width": 136,"Actual Startup Time": 804.196,"Actual Total Time": 836.738,"Actual Rows": 5,"Actual Loops": 1,"Group Key": ["nation.n_name"],"Plans": [{"Node Type": "Gather Merge","Parent Relationship": "Outer","Parallel Aware": false,"Async Capable": false,"Startup Cost": 21601.33,"Total Cost": 21615.12,"Plan Rows": 50,"Plan Width": 136,"Actual Startup Time": 803.537,"Actual Total Time": 836.675,"Actual Rows": 15,"Actual Loops": 1,"Workers Planned": 2,"Workers Launched": 2,"Plans": [{"Node Type": "Aggregate","Strategy": "Sorted","Partial Mode": "Partial","Parent Relationship": "Outer","Parallel Aware": false,"Async Capable": false,"Startup Cost": 20601.30,"Total Cost": 20609.33,"Plan Rows": 25,"Plan Width": 136,"Actual Startup Time": 795.499,"Actual Total Time": 796.369,"Actual Rows": 5,"Actual Loops": 3,"Group Key": ["nation.n_name"],"Workers": [],"Plans": [{"Node Type": "Sort","Parent Relationship": "Outer","Parallel Aware": false,"Async Capable": false,"Startup Cost": 20601.30,"Total Cost": 20602.85,"Plan Rows": 617,"Plan Width": 116,"Actual Startup Time": 795.285,"Actual Total Time": 795.436,"Actual Rows": 2498,"Actual Loops": 3,"Sort Key": ["nation.n_name"],"Sort Method": "quicksort","Sort Space Used": 299,"Sort Space Type": "Memory","Workers": [{"Worker Number": 0,"Sort Method": "quicksort","Sort Space Used": 291,"Sort Space Type": "Memory"},{"Worker Number": 1,"Sort Method": "quicksort","Sort Space Used": 284,"Sort Space Type": "Memory"}],"Plans": [{"Node Type": "Hash Join","Parent Relationship": "Outer","Parallel Aware": false,"Async Capable": false,"Join Type": "Inner","Startup Cost": 475.27,"Total Cost": 20572.71,"Plan Rows": 617,"Plan Width": 116,"Actual Startup Time": 14.014,"Actual Total Time": 793.817,"Actual Rows": 2498,"Actual Loops": 3,"Inner Unique": true,"Hash Cond": "((lineitem.l_suppkey = supplier.s_suppkey) AND (customer.c_nationkey = supplier.s_nationkey))","Workers": [],"Plans": [{"Node Type": "Nested Loop","Parent Relationship": "Outer","Parallel Aware": false,"Async Capable": false,"Join Type": "Inner","Startup Cost": 3.27,"Total Cost": 20019.70,"Plan Rows": 15431,"Plan Width": 128,"Actual Startup Time": 0.837,"Actual Total Time": 749.002,"Actual Rows": 60742,"Actual Loops": 3,"Inner Unique": false,"Workers": [],"Plans": [{"Node Type": "Nested Loop","Parent Relationship": "Outer","Parallel Aware": false,"Async Capable": false,"Join Type": "Inner","Startup Cost": 2.84,"Total Cost": 8414.26,"Plan Rows": 3857,"Plan Width": 116,"Actual Startup Time": 0.706,"Actual Total Time": 447.815,"Actual Rows": 15183,"Actual Loops": 3,"Inner Unique": false,"Workers": [],"Plans": [{"Node Type": "Hash Join","Parent Relationship": "Outer","Parallel Aware": false,"Async Capable": false,"Join Type": "Inner","Startup Cost": 2.41,"Total Cost": 4471.79,"Plan Rows": 2500,"Plan Width": 116,"Actual Startup Time": 0.258,"Actual Total Time": 55.848,"Actual Rows": 9984,"Actual Loops": 3,"Inner Unique": false,"Hash Cond": "(customer.c_nationkey = nation.n_nationkey)","Workers": [],"Plans": [{"Node Type": "Seq Scan","Parent Relationship": "Outer","Parallel Aware": true,"Async Capable": false,"Relation Name": "customer","Alias": "customer","Startup Cost": 0.00,"Total Cost": 4210.00,"Plan Rows": 62500,"Plan Width": 8,"Actual Startup Time": 0.017,"Actual Total Time": 9.503,"Actual Rows": 50000,"Actual Loops": 3,"Workers": []},{"Node Type": "Hash","Parent Relationship": "Inner","Parallel Aware": false,"Async Capable": false,"Startup Cost": 2.40,"Total Cost": 2.40,"Plan Rows": 1,"Plan Width": 108,"Actual Startup Time": 0.153,"Actual Total Time": 0.178,"Actual Rows": 5,"Actual Loops": 3,"Hash Buckets": 1024,"Original Hash Buckets": 1024,"Hash Batches": 1,"Original Hash Batches": 1,"Peak Memory Usage": 9,"Workers": [],"Plans": [{"Node Type": "Hash Join","Parent Relationship": "Outer","Parallel Aware": false,"Async Capable": false,"Join Type": "Inner","Startup Cost": 1.07,"Total Cost": 2.40,"Plan Rows": 1,"Plan Width": 108,"Actual Startup Time": 0.136,"Actual Total Time": 0.167,"Actual Rows": 5,"Actual Loops": 3,"Inner Unique": true,"Hash Cond": "(nation.n_regionkey = region.r_regionkey)","Workers": [],"Plans": [{"Node Type": "Seq Scan","Parent Relationship": "Outer","Parallel Aware": false,"Async Capable": false,"Relation Name": "nation","Alias": "nation","Startup Cost": 0.00,"Total Cost": 1.25,"Plan Rows": 25,"Plan Width": 112,"Actual Startup Time": 0.055,"Actual Total Time": 0.059,"Actual Rows": 25,"Actual Loops": 3,"Workers": []},{"Node Type": "Hash","Parent Relationship": "Inner","Parallel Aware": false,"Async Capable": false,"Startup Cost": 1.06,"Total Cost": 1.06,"Plan Rows": 1,"Plan Width": 4,"Actual Startup Time": 0.050,"Actual Total Time": 0.057,"Actual Rows": 1,"Actual Loops": 3,"Hash Buckets": 1024,"Original Hash Buckets": 1024,"Hash Batches": 1,"Original Hash Batches": 1,"Peak Memory Usage": 9,"Workers": [],"Plans": [{"Node Type": "Seq Scan","Parent Relationship": "Outer","Parallel Aware": false,"Async Capable": false,"Relation Name": "region","Alias": "region","Startup Cost": 0.00,"Total Cost": 1.06,"Plan Rows": 1,"Plan Width": 4,"Actual Startup Time": 0.036,"Actual Total Time": 0.039,"Actual Rows": 1,"Actual Loops": 3,"Filter": "(r_name = 'AMERICA'::bpchar)","Rows Removed by Filter": 4,"Workers": []}]}]}]}]},{"Node Type": "Index Scan","Parent Relationship": "Inner","Parallel Aware": false,"Async Capable": false,"Scan Direction": "Forward","Index Name": "idx_orders_custkey","Relation Name": "orders","Alias": "orders","Startup Cost": 0.43,"Total Cost": 1.55,"Plan Rows": 3,"Plan Width": 8,"Actual Startup Time": 0.017,"Actual Total Time": 0.039,"Actual Rows": 2,"Actual Loops": 29952,"Index Cond": "(o_custkey = customer.c_custkey)","Rows Removed by Index Recheck": 0,"Filter": "((o_orderdate >= '1996-01-01'::date) AND (o_orderdate < '1997-01-01 00:00:00'::timestamp without time zone))","Rows Removed by Filter": 8,"Workers": []}]},{"Node Type": "Index Scan","Parent Relationship": "Inner","Parallel Aware": false,"Async Capable": false,"Scan Direction": "Forward","Index Name": "idx_lineitem_orderkey","Relation Name": "lineitem","Alias": "lineitem","Startup Cost": 0.43,"Total Cost": 2.84,"Plan Rows": 17,"Plan Width": 20,"Actual Startup Time": 0.016,"Actual Total Time": 0.019,"Actual Rows": 4,"Actual Loops": 45549,"Index Cond": "(l_orderkey = orders.o_orderkey)","Rows Removed by Index Recheck": 0,"Workers": []}]},{"Node Type": "Hash","Parent Relationship": "Inner","Parallel Aware": false,"Async Capable": false,"Startup Cost": 322.00,"Total Cost": 322.00,"Plan Rows": 10000,"Plan Width": 8,"Actual Startup Time": 12.297,"Actual Total Time": 12.301,"Actual Rows": 10000,"Actual Loops": 3,"Hash Buckets": 16384,"Original Hash Buckets": 16384,"Hash Batches": 1,"Original Hash Batches": 1,"Peak Memory Usage": 519,"Workers": [],"Plans": [{"Node Type": "Seq Scan","Parent Relationship": "Outer","Parallel Aware": false,"Async Capable": false,"Relation Name": "supplier","Alias": "supplier","Startup Cost": 0.00,"Total Cost": 322.00,"Plan Rows": 10000,"Plan Width": 8,"Actual Startup Time": 0.045,"Actual Total Time": 10.666,"Actual Rows": 10000,"Actual Loops": 3,"Workers": []}]}]}]}]}]}]}]},"Planning Time": 9.455,"Triggers": [],"Execution Time": 837.268}]
[{"Plan": {"Node Type": "Sort","Parallel Aware": false,"Async Capable": false,"Startup Cost": 21616.39,"Total Cost": 21616.45,"Plan Rows": 25,"Plan Width": 136,"Actual Startup Time": 848.991,"Actual Total Time": 881.316,"Actual Rows": 5,"Actual Loops": 1,"Sort Key": ["(sum((lineitem.l_extendedprice * ('1'::numeric - lineitem.l_discount)))) DESC"],"Sort Method": "quicksort","Sort Space Used": 25,"Sort Space Type": "Memory","Plans": [{"Node Type": "Aggregate","Strategy": "Sorted","Partial Mode": "Finalize","Parent Relationship": "Outer","Parallel Aware": false,"Async Capable": false,"Startup Cost": 21601.33,"Total Cost": 21615.81,"Plan Rows": 25,"Plan Width": 136,"Actual Startup Time": 848.402,"Actual Total Time": 881.262,"Actual Rows": 5,"Actual Loops": 1,"Group Key": ["nation.n_name"],"Plans": [{"Node Type": "Gather Merge","Parent Relationship": "Outer","Parallel Aware": false,"Async Capable": false,"Startup Cost": 21601.33,"Total Cost": 21615.12,"Plan Rows": 50,"Plan Width": 136,"Actual Startup Time": 848.176,"Actual Total Time": 881.211,"Actual Rows": 15,"Actual Loops": 1,"Workers Planned": 2,"Workers Launched": 2,"Plans": [{"Node Type": "Aggregate","Strategy": "Sorted","Partial Mode": "Partial","Parent Relationship": "Outer","Parallel Aware": false,"Async Capable": false,"Startup Cost": 20601.30,"Total Cost": 20609.33,"Plan Rows": 25,"Plan Width": 136,"Actual Startup Time": 841.096,"Actual Total Time": 841.805,"Actual Rows": 5,"Actual Loops": 3,"Group Key": ["nation.n_name"],"Workers": [],"Plans": [{"Node Type": "Sort","Parent Relationship": "Outer","Parallel Aware": false,"Async Capable": false,"Startup Cost": 20601.30,"Total Cost": 20602.85,"Plan Rows": 617,"Plan Width": 116,"Actual Startup Time": 840.878,"Actual Total Time": 841.005,"Actual Rows": 2453,"Actual Loops": 3,"Sort Key": ["nation.n_name"],"Sort Method": "quicksort","Sort Space Used": 289,"Sort Space Type": "Memory","Workers": [{"Worker Number": 0,"Sort Method": "quicksort","Sort Space Used": 295,"Sort Space Type": "Memory"},{"Worker Number": 1,"Sort Method": "quicksort","Sort Space Used": 281,"Sort Space Type": "Memory"}],"Plans": [{"Node Type": "Hash Join","Parent Relationship": "Outer","Parallel Aware": false,"Async Capable": false,"Join Type": "Inner","Startup Cost": 475.27,"Total Cost": 20572.71,"Plan Rows": 617,"Plan Width": 116,"Actual Startup Time": 10.379,"Actual Total Time": 839.260,"Actual Rows": 2453,"Actual Loops": 3,"Inner Unique": true,"Hash Cond": "((lineitem.l_suppkey = supplier.s_suppkey) AND (customer.c_nationkey = supplier.s_nationkey))","Workers": [],"Plans": [{"Node Type": "Nested Loop","Parent Relationship": "Outer","Parallel Aware": false,"Async Capable": false,"Join Type": "Inner","Startup Cost": 3.27,"Total Cost": 20019.70,"Plan Rows": 15431,"Plan Width": 128,"Actual Startup Time": 0.539,"Actual Total Time": 793.839,"Actual Rows": 61906,"Actual Loops": 3,"Inner Unique": false,"Workers": [],"Plans": [{"Node Type": "Nested Loop","Parent Relationship": "Outer","Parallel Aware": false,"Async Capable": false,"Join Type": "Inner","Startup Cost": 2.84,"Total Cost": 8414.26,"Plan Rows": 3857,"Plan Width": 116,"Actual Startup Time": 0.431,"Actual Total Time": 473.927,"Actual Rows": 15506,"Actual Loops": 3,"Inner Unique": false,"Workers": [],"Plans": [{"Node Type": "Hash Join","Parent Relationship": "Outer","Parallel Aware": false,"Async Capable": false,"Join Type": "Inner","Startup Cost": 2.41,"Total Cost": 4471.79,"Plan Rows": 2500,"Plan Width": 116,"Actual Startup Time": 0.234,"Actual Total Time": 55.451,"Actual Rows": 10066,"Actual Loops": 3,"Inner Unique": false,"Hash Cond": "(customer.c_nationkey = nation.n_nationkey)","Workers": [],"Plans": [{"Node Type": "Seq Scan","Parent Relationship": "Outer","Parallel Aware": true,"Async Capable": false,"Relation Name": "customer","Alias": "customer","Startup Cost": 0.00,"Total Cost": 4210.00,"Plan Rows": 62500,"Plan Width": 8,"Actual Startup Time": 0.019,"Actual Total Time": 9.720,"Actual Rows": 50000,"Actual Loops": 3,"Workers": []},{"Node Type": "Hash","Parent Relationship": "Inner","Parallel Aware": false,"Async Capable": false,"Startup Cost": 2.40,"Total Cost": 2.40,"Plan Rows": 1,"Plan Width": 108,"Actual Startup Time": 0.128,"Actual Total Time": 0.148,"Actual Rows": 5,"Actual Loops": 3,"Hash Buckets": 1024,"Original Hash Buckets": 1024,"Hash Batches": 1,"Original Hash Batches": 1,"Peak Memory Usage": 9,"Workers": [],"Plans": [{"Node Type": "Hash Join","Parent Relationship": "Outer","Parallel Aware": false,"Async Capable": false,"Join Type": "Inner","Startup Cost": 1.07,"Total Cost": 2.40,"Plan Rows": 1,"Plan Width": 108,"Actual Startup Time": 0.115,"Actual Total Time": 0.137,"Actual Rows": 5,"Actual Loops": 3,"Inner Unique": true,"Hash Cond": "(nation.n_regionkey = region.r_regionkey)","Workers": [],"Plans": [{"Node Type": "Seq Scan","Parent Relationship": "Outer","Parallel Aware": false,"Async Capable": false,"Relation Name": "nation","Alias": "nation","Startup Cost": 0.00,"Total Cost": 1.25,"Plan Rows": 25,"Plan Width": 112,"Actual Startup Time": 0.040,"Actual Total Time": 0.044,"Actual Rows": 25,"Actual Loops": 3,"Workers": []},{"Node Type": "Hash","Parent Relationship": "Inner","Parallel Aware": false,"Async Capable": false,"Startup Cost": 1.06,"Total Cost": 1.06,"Plan Rows": 1,"Plan Width": 4,"Actual Startup Time": 0.046,"Actual Total Time": 0.051,"Actual Rows": 1,"Actual Loops": 3,"Hash Buckets": 1024,"Original Hash Buckets": 1024,"Hash Batches": 1,"Original Hash Batches": 1,"Peak Memory Usage": 9,"Workers": [],"Plans": [{"Node Type": "Seq Scan","Parent Relationship": "Outer","Parallel Aware": false,"Async Capable": false,"Relation Name": "region","Alias": "region","Startup Cost": 0.00,"Total Cost": 1.06,"Plan Rows": 1,"Plan Width": 4,"Actual Startup Time": 0.033,"Actual Total Time": 0.034,"Actual Rows": 1,"Actual Loops": 3,"Filter": "(r_name = 'EUROPE'::bpchar)","Rows Removed by Filter": 4,"Workers": []}]}]}]}]},{"Node Type": "Index Scan","Parent Relationship": "Inner","Parallel Aware": false,"Async Capable": false,"Scan Direction": "Forward","Index Name": "idx_orders_custkey","Relation Name": "orders","Alias": "orders","Startup Cost": 0.43,"Total Cost": 1.55,"Plan Rows": 3,"Plan Width": 8,"Actual Startup Time": 0.017,"Actual Total Time": 0.041,"Actual Rows": 2,"Actual Loops": 30197,"Index Cond": "(o_custkey = customer.c_custkey)","Rows Removed by Index Recheck": 0,"Filter": "((o_orderdate >= '1996-01-01'::date) AND (o_orderdate < '1997-01-01 00:00:00'::timestamp without time zone))","Rows Removed by Filter": 9,"Workers": []}]},{"Node Type": "Index Scan","Parent Relationship": "Inner","Parallel Aware": false,"Async Capable": false,"Scan Direction": "Forward","Index Name": "idx_lineitem_orderkey","Relation Name": "lineitem","Alias": "lineitem","Startup Cost": 0.43,"Total Cost": 2.84,"Plan Rows": 17,"Plan Width": 20,"Actual Startup Time": 0.017,"Actual Total Time": 0.020,"Actual Rows": 4,"Actual Loops": 46518,"Index Cond": "(l_orderkey = orders.o_orderkey)","Rows Removed by Index Recheck": 0,"Workers": []}]},{"Node Type": "Hash","Parent Relationship": "Inner","Parallel Aware": false,"Async Capable": false,"Startup Cost": 322.00,"Total Cost": 322.00,"Plan Rows": 10000,"Plan Width": 8,"Actual Startup Time": 8.337,"Actual Total Time": 8.340,"Actual Rows": 10000,"Actual Loops": 3,"Hash Buckets": 16384,"Original Hash Buckets": 16384,"Hash Batches": 1,"Original Hash Batches": 1,"Peak Memory Usage": 519,"Workers": [],"Plans": [{"Node Type": "Seq Scan","Parent Relationship": "Outer","Parallel Aware": false,"Async Capable": false,"Relation Name": "supplier","Alias": "supplier","Startup Cost": 0.00,"Total Cost": 322.00,"Plan Rows": 10000,"Plan Width": 8,"Actual Startup Time": 0.039,"Actual Total Time": 6.479,"Actual Rows": 10000,"Actual Loops": 3,"Workers": []}]}]}]}]}]}]}]},"Planning Time": 9.377,"Triggers": [],"Execution Time": 881.912}]
[{"Plan": {"Node Type": "Sort","Parallel Aware": false,"Async Capable": false,"Startup Cost": 21565.81,"Total Cost": 21565.87,"Plan Rows": 25,"Plan Width": 136,"Actual Startup Time": 812.189,"Actual Total Time": 842.359,"Actual Rows": 5,"Actual Loops": 1,"Sort Key": ["(sum((lineitem.l_extendedprice * ('1'::numeric - lineitem.l_discount)))) DESC"],"Sort Method": "quicksort","Sort Space Used": 25,"Sort Space Type": "Memory","Plans": [{"Node Type": "Aggregate","Strategy": "Sorted","Partial Mode": "Finalize","Parent Relationship": "Outer","Parallel Aware": false,"Async Capable": false,"Startup Cost": 21550.86,"Total Cost": 21565.23,"Plan Rows": 25,"Plan Width": 136,"Actual Startup Time": 811.599,"Actual Total Time": 842.311,"Actual Rows": 5,"Actual Loops": 1,"Group Key": ["nation.n_name"],"Plans": [{"Node Type": "Gather Merge","Parent Relationship": "Outer","Parallel Aware": false,"Async Capable": false,"Startup Cost": 21550.86,"Total Cost": 21564.54,"Plan Rows": 50,"Plan Width": 136,"Actual Startup Time": 811.323,"Actual Total Time": 842.254,"Actual Rows": 15,"Actual Loops": 1,"Workers Planned": 2,"Workers Launched": 2,"Plans": [{"Node Type": "Aggregate","Strategy": "Sorted","Partial Mode": "Partial","Parent Relationship": "Outer","Parallel Aware": false,"Async Capable": false,"Startup Cost": 20550.84,"Total Cost": 20558.75,"Plan Rows": 25,"Plan Width": 136,"Actual Startup Time": 803.769,"Actual Total Time": 804.515,"Actual Rows": 5,"Actual Loops": 3,"Group Key": ["nation.n_name"],"Workers": [],"Plans": [{"Node Type": "Sort","Parent Relationship": "Outer","Parallel Aware": false,"Async Capable": false,"Startup Cost": 20550.84,"Total Cost": 20552.36,"Plan Rows": 608,"Plan Width": 116,"Actual Startup Time": 803.552,"Actual Total Time": 803.687,"Actual Rows": 2453,"Actual Loops": 3,"Sort Key": ["nation.n_name"],"Sort Method": "quicksort","Sort Space Used": 291,"Sort Space Type": "Memory","Workers": [{"Worker Number": 0,"Sort Method": "quicksort","Sort Space Used": 289,"Sort Space Type": "Memory"},{"Worker Number": 1,"Sort Method": "quicksort","Sort Space Used": 285,"Sort Space Type": "Memory"}],"Plans": [{"Node Type": "Hash Join","Parent Relationship": "Outer","Parallel Aware": false,"Async Capable": false,"Join Type": "Inner","Startup Cost": 475.27,"Total Cost": 20522.72,"Plan Rows": 608,"Plan Width": 116,"Actual Startup Time": 16.360,"Actual Total Time": 802.078,"Actual Rows": 2453,"Actual Loops": 3,"Inner Unique": true,"Hash Cond": "((lineitem.l_suppkey = supplier.s_suppkey) AND (customer.c_nationkey = supplier.s_nationkey))","Workers": [],"Plans": [{"Node Type": "Nested Loop","Parent Relationship": "Outer","Parallel Aware": false,"Async Capable": false,"Join Type": "Inner","Startup Cost": 3.27,"Total Cost": 19970.84,"Plan Rows": 15215,"Plan Width": 128,"Actual Startup Time": 0.560,"Actual Total Time": 757.067,"Actual Rows": 60975,"Actual Loops": 3,"Inner Unique": false,"Workers": [],"Plans": [{"Node Type": "Nested Loop","Parent Relationship": "Outer","Parallel Aware": false,"Async Capable": false,"Join Type": "Inner","Startup Cost": 2.84,"Total Cost": 8414.26,"Plan Rows": 3803,"Plan Width": 116,"Actual Startup Time": 0.451,"Actual Total Time": 451.841,"Actual Rows": 15295,"Actual Loops": 3,"Inner Unique": false,"Workers": [],"Plans": [{"Node Type": "Hash Join","Parent Relationship": "Outer","Parallel Aware": false,"Async Capable": false,"Join Type": "Inner","Startup Cost": 2.41,"Total Cost": 4471.79,"Plan Rows": 2500,"Plan Width": 116,"Actual Startup Time": 0.247,"Actual Total Time": 55.129,"Actual Rows": 10061,"Actual Loops": 3,"Inner Unique": false,"Hash Cond": "(customer.c_nationkey = nation.n_nationkey)","Workers": [],"Plans": [{"Node Type": "Seq Scan","Parent Relationship": "Outer","Parallel Aware": true,"Async Capable": false,"Relation Name": "customer","Alias": "customer","Startup Cost": 0.00,"Total Cost": 4210.00,"Plan Rows": 62500,"Plan Width": 8,"Actual Startup Time": 0.010,"Actual Total Time": 9.469,"Actual Rows": 50000,"Actual Loops": 3,"Workers": []},{"Node Type": "Hash","Parent Relationship": "Inner","Parallel Aware": false,"Async Capable": false,"Startup Cost": 2.40,"Total Cost": 2.40,"Plan Rows": 1,"Plan Width": 108,"Actual Startup Time": 0.154,"Actual Total Time": 0.175,"Actual Rows": 5,"Actual Loops": 3,"Hash Buckets": 1024,"Original Hash Buckets": 1024,"Hash Batches": 1,"Original Hash Batches": 1,"Peak Memory Usage": 9,"Workers": [],"Plans": [{"Node Type": "Hash Join","Parent Relationship": "Outer","Parallel Aware": false,"Async Capable": false,"Join Type": "Inner","Startup Cost": 1.07,"Total Cost": 2.40,"Plan Rows": 1,"Plan Width": 108,"Actual Startup Time": 0.142,"Actual Total Time": 0.165,"Actual Rows": 5,"Actual Loops": 3,"Inner Unique": true,"Hash Cond": "(nation.n_regionkey = region.r_regionkey)","Workers": [],"Plans": [{"Node Type": "Seq Scan","Parent Relationship": "Outer","Parallel Aware": false,"Async Capable": false,"Relation Name": "nation","Alias": "nation","Startup Cost": 0.00,"Total Cost": 1.25,"Plan Rows": 25,"Plan Width": 112,"Actual Startup Time": 0.058,"Actual Total Time": 0.062,"Actual Rows": 25,"Actual Loops": 3,"Workers": []},{"Node Type": "Hash","Parent Relationship": "Inner","Parallel Aware": false,"Async Capable": false,"Startup Cost": 1.06,"Total Cost": 1.06,"Plan Rows": 1,"Plan Width": 4,"Actual Startup Time": 0.056,"Actual Total Time": 0.065,"Actual Rows": 1,"Actual Loops": 3,"Hash Buckets": 1024,"Original Hash Buckets": 1024,"Hash Batches": 1,"Original Hash Batches": 1,"Peak Memory Usage": 9,"Workers": [],"Plans": [{"Node Type": "Seq Scan","Parent Relationship": "Outer","Parallel Aware": false,"Async Capable": false,"Relation Name": "region","Alias": "region","Startup Cost": 0.00,"Total Cost": 1.06,"Plan Rows": 1,"Plan Width": 4,"Actual Startup Time": 0.045,"Actual Total Time": 0.048,"Actual Rows": 1,"Actual Loops": 3,"Filter": "(r_name = 'ASIA'::bpchar)","Rows Removed by Filter": 4,"Workers": []}]}]}]}]},{"Node Type": "Index Scan","Parent Relationship": "Inner","Parallel Aware": false,"Async Capable": false,"Scan Direction": "Forward","Index Name": "idx_orders_custkey","Relation Name": "orders","Alias": "orders","Startup Cost": 0.43,"Total Cost": 1.55,"Plan Rows": 3,"Plan Width": 8,"Actual Startup Time": 0.017,"Actual Total Time": 0.039,"Actual Rows": 2,"Actual Loops": 30183,"Index Cond": "(o_custkey = customer.c_custkey)","Rows Removed by Index Recheck": 0,"Filter": "((o_orderdate >= '1997-01-01'::date) AND (o_orderdate < '1998-01-01 00:00:00'::timestamp without time zone))","Rows Removed by Filter": 8,"Workers": []}]},{"Node Type": "Index Scan","Parent Relationship": "Inner","Parallel Aware": false,"Async Capable": false,"Scan Direction": "Forward","Index Name": "idx_lineitem_orderkey","Relation Name": "lineitem","Alias": "lineitem","Startup Cost": 0.43,"Total Cost": 2.87,"Plan Rows": 17,"Plan Width": 20,"Actual Startup Time": 0.017,"Actual Total Time": 0.019,"Actual Rows": 4,"Actual Loops": 45884,"Index Cond": "(l_orderkey = orders.o_orderkey)","Rows Removed by Index Recheck": 0,"Workers": []}]},{"Node Type": "Hash","Parent Relationship": "Inner","Parallel Aware": false,"Async Capable": false,"Startup Cost": 322.00,"Total Cost": 322.00,"Plan Rows": 10000,"Plan Width": 8,"Actual Startup Time": 13.288,"Actual Total Time": 13.293,"Actual Rows": 10000,"Actual Loops": 3,"Hash Buckets": 16384,"Original Hash Buckets": 16384,"Hash Batches": 1,"Original Hash Batches": 1,"Peak Memory Usage": 519,"Workers": [],"Plans": [{"Node Type": "Seq Scan","Parent Relationship": "Outer","Parallel Aware": false,"Async Capable": false,"Relation Name": "supplier","Alias": "supplier","Startup Cost": 0.00,"Total Cost": 322.00,"Plan Rows": 10000,"Plan Width": 8,"Actual Startup Time": 0.036,"Actual Total Time": 11.595,"Actual Rows": 10000,"Actual Loops": 3,"Workers": []}]}]}]}]}]}]}]},"Planning Time": 10.446,"Triggers": [],"Execution Time": 842.801}]
[{"Plan": {"Node Type": "Sort","Parallel Aware": false,"Async Capable": false,"Startup Cost": 21612.43,"Total Cost": 21612.50,"Plan Rows": 25,"Plan Width": 136,"Actual Startup Time": 835.932,"Actual Total Time": 867.365,"Actual Rows": 5,"Actual Loops": 1,"Sort Key": ["(sum((lineitem.l_extendedprice * ('1'::numeric - lineitem.l_discount)))) DESC"],"Sort Method": "quicksort","Sort Space Used": 25,"Sort Space Type": "Memory","Plans": [{"Node Type": "Aggregate","Strategy": "Sorted","Partial Mode": "Finalize","Parent Relationship": "Outer","Parallel Aware": false,"Async Capable": false,"Startup Cost": 21597.38,"Total Cost": 21611.85,"Plan Rows": 25,"Plan Width": 136,"Actual Startup Time": 835.364,"Actual Total Time": 867.318,"Actual Rows": 5,"Actual Loops": 1,"Group Key": ["nation.n_name"],"Plans": [{"Node Type": "Gather Merge","Parent Relationship": "Outer","Parallel Aware": false,"Async Capable": false,"Startup Cost": 21597.38,"Total Cost": 21611.17,"Plan Rows": 50,"Plan Width": 136,"Actual Startup Time": 835.179,"Actual Total Time": 867.277,"Actual Rows": 15,"Actual Loops": 1,"Workers Planned": 2,"Workers Launched": 2,"Plans": [{"Node Type": "Aggregate","Strategy": "Sorted","Partial Mode": "Partial","Parent Relationship": "Outer","Parallel Aware": false,"Async Capable": false,"Startup Cost": 20597.36,"Total Cost": 20605.37,"Plan Rows": 25,"Plan Width": 136,"Actual Startup Time": 826.891,"Actual Total Time": 827.596,"Actual Rows": 5,"Actual Loops": 3,"Group Key": ["nation.n_name"],"Workers": [],"Plans": [{"Node Type": "Sort","Parent Relationship": "Outer","Parallel Aware": false,"Async Capable": false,"Startup Cost": 20597.36,"Total Cost": 20598.90,"Plan Rows": 616,"Plan Width": 116,"Actual Startup Time": 826.692,"Actual Total Time": 826.817,"Actual Rows": 2422,"Actual Loops": 3,"Sort Key": ["nation.n_name"],"Sort Method": "quicksort","Sort Space Used": 284,"Sort Space Type": "Memory","Workers": [{"Worker Number": 0,"Sort Method": "quicksort","Sort Space Used": 289,"Sort Space Type": "Memory"},{"Worker Number": 1,"Sort Method": "quicksort","Sort Space Used": 285,"Sort Space Type": "Memory"}],"Plans": [{"Node Type": "Hash Join","Parent Relationship": "Outer","Parallel Aware": false,"Async Capable": false,"Join Type": "Inner","Startup Cost": 475.27,"Total Cost": 20568.82,"Plan Rows": 616,"Plan Width": 116,"Actual Startup Time": 12.416,"Actual Total Time": 825.180,"Actual Rows": 2422,"Actual Loops": 3,"Inner Unique": true,"Hash Cond": "((lineitem.l_suppkey = supplier.s_suppkey) AND (customer.c_nationkey = supplier.s_nationkey))","Workers": [],"Plans": [{"Node Type": "Nested Loop","Parent Relationship": "Outer","Parallel Aware": false,"Async Capable": false,"Join Type": "Inner","Startup Cost": 3.27,"Total Cost": 20015.89,"Plan Rows": 15415,"Plan Width": 128,"Actual Startup Time": 0.717,"Actual Total Time": 776.964,"Actual Rows": 61524,"Actual Loops": 3,"Inner Unique": false,"Workers": [],"Plans": [{"Node Type": "Nested Loop","Parent Relationship": "Outer","Parallel Aware": false,"Async Capable": false,"Join Type": "Inner","Startup Cost": 2.84,"Total Cost": 8414.26,"Plan Rows": 3853,"Plan Width": 116,"Actual Startup Time": 0.594,"Actual Total Time": 468.318,"Actual Rows": 15364,"Actual Loops": 3,"Inner Unique": false,"Workers": [],"Plans": [{"Node Type": "Hash Join","Parent Relationship": "Outer","Parallel Aware": false,"Async Capable": false,"Join Type": "Inner","Startup Cost": 2.41,"Total Cost": 4471.79,"Plan Rows": 2500,"Plan Width": 116,"Actual Startup Time": 0.257,"Actual Total Time": 59.024,"Actual Rows": 10066,"Actual Loops": 3,"Inner Unique": false,"Hash Cond": "(customer.c_nationkey = nation.n_nationkey)","Workers": [],"Plans": [{"Node Type": "Seq Scan","Parent Relationship": "Outer","Parallel Aware": true,"Async Capable": false,"Relation Name": "customer","Alias": "customer","Startup Cost": 0.00,"Total Cost": 4210.00,"Plan Rows": 62500,"Plan Width": 8,"Actual Startup Time": 0.018,"Actual Total Time": 10.025,"Actual Rows": 50000,"Actual Loops": 3,"Workers": []},{"Node Type": "Hash","Parent Relationship": "Inner","Parallel Aware": false,"Async Capable": false,"Startup Cost": 2.40,"Total Cost": 2.40,"Plan Rows": 1,"Plan Width": 108,"Actual Startup Time": 0.151,"Actual Total Time": 0.168,"Actual Rows": 5,"Actual Loops": 3,"Hash Buckets": 1024,"Original Hash Buckets": 1024,"Hash Batches": 1,"Original Hash Batches": 1,"Peak Memory Usage": 9,"Workers": [],"Plans": [{"Node Type": "Hash Join","Parent Relationship": "Outer","Parallel Aware": false,"Async Capable": false,"Join Type": "Inner","Startup Cost": 1.07,"Total Cost": 2.40,"Plan Rows": 1,"Plan Width": 108,"Actual Startup Time": 0.138,"Actual Total Time": 0.159,"Actual Rows": 5,"Actual Loops": 3,"Inner Unique": true,"Hash Cond": "(nation.n_regionkey = region.r_regionkey)","Workers": [],"Plans": [{"Node Type": "Seq Scan","Parent Relationship": "Outer","Parallel Aware": false,"Async Capable": false,"Relation Name": "nation","Alias": "nation","Startup Cost": 0.00,"Total Cost": 1.25,"Plan Rows": 25,"Plan Width": 112,"Actual Startup Time": 0.050,"Actual Total Time": 0.055,"Actual Rows": 25,"Actual Loops": 3,"Workers": []},{"Node Type": "Hash","Parent Relationship": "Inner","Parallel Aware": false,"Async Capable": false,"Startup Cost": 1.06,"Total Cost": 1.06,"Plan Rows": 1,"Plan Width": 4,"Actual Startup Time": 0.059,"Actual Total Time": 0.064,"Actual Rows": 1,"Actual Loops": 3,"Hash Buckets": 1024,"Original Hash Buckets": 1024,"Hash Batches": 1,"Original Hash Batches": 1,"Peak Memory Usage": 9,"Workers": [],"Plans": [{"Node Type": "Seq Scan","Parent Relationship": "Outer","Parallel Aware": false,"Async Capable": false,"Relation Name": "region","Alias": "region","Startup Cost": 0.00,"Total Cost": 1.06,"Plan Rows": 1,"Plan Width": 4,"Actual Startup Time": 0.043,"Actual Total Time": 0.045,"Actual Rows": 1,"Actual Loops": 3,"Filter": "(r_name = 'EUROPE'::bpchar)","Rows Removed by Filter": 4,"Workers": []}]}]}]}]},{"Node Type": "Index Scan","Parent Relationship": "Inner","Parallel Aware": false,"Async Capable": false,"Scan Direction": "Forward","Index Name": "idx_orders_custkey","Relation Name": "orders","Alias": "orders","Startup Cost": 0.43,"Total Cost": 1.55,"Plan Rows": 3,"Plan Width": 8,"Actual Startup Time": 0.017,"Actual Total Time": 0.040,"Actual Rows": 2,"Actual Loops": 30197,"Index Cond": "(o_custkey = customer.c_custkey)","Rows Removed by Index Recheck": 0,"Filter": "((o_orderdate >= '1994-01-01'::date) AND (o_orderdate < '1995-01-01 00:00:00'::timestamp without time zone))","Rows Removed by Filter": 9,"Workers": []}]},{"Node Type": "Index Scan","Parent Relationship": "Inner","Parallel Aware": false,"Async Capable": false,"Scan Direction": "Forward","Index Name": "idx_lineitem_orderkey","Relation Name": "lineitem","Alias": "lineitem","Startup Cost": 0.43,"Total Cost": 2.84,"Plan Rows": 17,"Plan Width": 20,"Actual Startup Time": 0.017,"Actual Total Time": 0.019,"Actual Rows": 4,"Actual Loops": 46093,"Index Cond": "(l_orderkey = orders.o_orderkey)","Rows Removed by Index Recheck": 0,"Workers": []}]},{"Node Type": "Hash","Parent Relationship": "Inner","Parallel Aware": false,"Async Capable": false,"Startup Cost": 322.00,"Total Cost": 322.00,"Plan Rows": 10000,"Plan Width": 8,"Actual Startup Time": 10.479,"Actual Total Time": 10.484,"Actual Rows": 10000,"Actual Loops": 3,"Hash Buckets": 16384,"Original Hash Buckets": 16384,"Hash Batches": 1,"Original Hash Batches": 1,"Peak Memory Usage": 519,"Workers": [],"Plans": [{"Node Type": "Seq Scan","Parent Relationship": "Outer","Parallel Aware": false,"Async Capable": false,"Relation Name": "supplier","Alias": "supplier","Startup Cost": 0.00,"Total Cost": 322.00,"Plan Rows": 10000,"Plan Width": 8,"Actual Startup Time": 0.042,"Actual Total Time": 8.711,"Actual Rows": 10000,"Actual Loops": 3,"Workers": []}]}]}]}]}]}]}]},"Planning Time": 9.647,"Triggers": [],"Execution Time": 867.883}]
[{"Plan": {"Node Type": "Sort","Parallel Aware": false,"Async Capable": false,"Startup Cost": 21522.30,"Total Cost": 21522.36,"Plan Rows": 25,"Plan Width": 136,"Actual Startup Time": 808.715,"Actual Total Time": 841.103,"Actual Rows": 5,"Actual Loops": 1,"Sort Key": ["(sum((lineitem.l_extendedprice * ('1'::numeric - lineitem.l_discount)))) DESC"],"Sort Method": "quicksort","Sort Space Used": 25,"Sort Space Type": "Memory","Plans": [{"Node Type": "Aggregate","Strategy": "Sorted","Partial Mode": "Finalize","Parent Relationship": "Outer","Parallel Aware": false,"Async Capable": false,"Startup Cost": 21507.43,"Total Cost": 21521.72,"Plan Rows": 25,"Plan Width": 136,"Actual Startup Time": 808.132,"Actual Total Time": 841.051,"Actual Rows": 5,"Actual Loops": 1,"Group Key": ["nation.n_name"],"Plans": [{"Node Type": "Gather Merge","Parent Relationship": "Outer","Parallel Aware": false,"Async Capable": false,"Startup Cost": 21507.43,"Total Cost": 21521.03,"Plan Rows": 50,"Plan Width": 136,"Actual Startup Time": 807.865,"Actual Total Time": 840.993,"Actual Rows": 15,"Actual Loops": 1,"Workers Planned": 2,"Workers Launched": 2,"Plans": [{"Node Type": "Aggregate","Strategy": "Sorted","Partial Mode": "Partial","Parent Relationship": "Outer","Parallel Aware": false,"Async Capable": false,"Startup Cost": 20507.41,"Total Cost": 20515.23,"Plan Rows": 25,"Plan Width": 136,"Actual Startup Time": 800.148,"Actual Total Time": 800.877,"Actual Rows": 5,"Actual Loops": 3,"Group Key": ["nation.n_name"],"Workers": [],"Plans": [{"Node Type": "Sort","Parent Relationship": "Outer","Parallel Aware": false,"Async Capable": false,"Startup Cost": 20507.41,"Total Cost": 20508.91,"Plan Rows": 601,"Plan Width": 116,"Actual Startup Time": 799.927,"Actual Total Time": 800.057,"Actual Rows": 2459,"Actual Loops": 3,"Sort Key": ["nation.n_name"],"Sort Method": "quicksort","Sort Space Used": 287,"Sort Space Type": "Memory","Workers": [{"Worker Number": 0,"Sort Method": "quicksort","Sort Space Used": 292,"Sort Space Type": "Memory"},{"Worker Number": 1,"Sort Method": "quicksort","Sort Space Used": 287,"Sort Space Type": "Memory"}],"Plans": [{"Node Type": "Hash Join","Parent Relationship": "Outer","Parallel Aware": false,"Async Capable": false,"Join Type": "Inner","Startup Cost": 475.27,"Total Cost": 20479.67,"Plan Rows": 601,"Plan Width": 116,"Actual Startup Time": 9.851,"Actual Total Time": 798.461,"Actual Rows": 2459,"Actual Loops": 3,"Inner Unique": true,"Hash Cond": "((lineitem.l_suppkey = supplier.s_suppkey) AND (customer.c_nationkey = supplier.s_nationkey))","Workers": [],"Plans": [{"Node Type": "Nested Loop","Parent Relationship": "Outer","Parallel Aware": false,"Async Capable": false,"Join Type": "Inner","Startup Cost": 3.27,"Total Cost": 19928.78,"Plan Rows": 15027,"Plan Width": 128,"Actual Startup Time": 0.691,"Actual Total Time": 757.487,"Actual Rows": 60981,"Actual Loops": 3,"Inner Unique": false,"Workers": [],"Plans": [{"Node Type": "Nested Loop","Parent Relationship": "Outer","Parallel Aware": false,"Async Capable": false,"Join Type": "Inner","Startup Cost": 2.84,"Total Cost": 8414.26,"Plan Rows": 3756,"Plan Width": 116,"Actual Startup Time": 0.574,"Actual Total Time": 453.285,"Actual Rows": 15233,"Actual Loops": 3,"Inner Unique": false,"Workers": [],"Plans": [{"Node Type": "Hash Join","Parent Relationship": "Outer","Parallel Aware": false,"Async Capable": false,"Join Type": "Inner","Startup Cost": 2.41,"Total Cost": 4471.79,"Plan Rows": 2500,"Plan Width": 116,"Actual Startup Time": 0.259,"Actual Total Time": 55.622,"Actual Rows": 10066,"Actual Loops": 3,"Inner Unique": false,"Hash Cond": "(customer.c_nationkey = nation.n_nationkey)","Workers": [],"Plans": [{"Node Type": "Seq Scan","Parent Relationship": "Outer","Parallel Aware": true,"Async Capable": false,"Relation Name": "customer","Alias": "customer","Startup Cost": 0.00,"Total Cost": 4210.00,"Plan Rows": 62500,"Plan Width": 8,"Actual Startup Time": 0.020,"Actual Total Time": 9.402,"Actual Rows": 50000,"Actual Loops": 3,"Workers": []},{"Node Type": "Hash","Parent Relationship": "Inner","Parallel Aware": false,"Async Capable": false,"Startup Cost": 2.40,"Total Cost": 2.40,"Plan Rows": 1,"Plan Width": 108,"Actual Startup Time": 0.150,"Actual Total Time": 0.167,"Actual Rows": 5,"Actual Loops": 3,"Hash Buckets": 1024,"Original Hash Buckets": 1024,"Hash Batches": 1,"Original Hash Batches": 1,"Peak Memory Usage": 9,"Workers": [],"Plans": [{"Node Type": "Hash Join","Parent Relationship": "Outer","Parallel Aware": false,"Async Capable": false,"Join Type": "Inner","Startup Cost": 1.07,"Total Cost": 2.40,"Plan Rows": 1,"Plan Width": 108,"Actual Startup Time": 0.135,"Actual Total Time": 0.156,"Actual Rows": 5,"Actual Loops": 3,"Inner Unique": true,"Hash Cond": "(nation.n_regionkey = region.r_regionkey)","Workers": [],"Plans": [{"Node Type": "Seq Scan","Parent Relationship": "Outer","Parallel Aware": false,"Async Capable": false,"Relation Name": "nation","Alias": "nation","Startup Cost": 0.00,"Total Cost": 1.25,"Plan Rows": 25,"Plan Width": 112,"Actual Startup Time": 0.049,"Actual Total Time": 0.053,"Actual Rows": 25,"Actual Loops": 3,"Workers": []},{"Node Type": "Hash","Parent Relationship": "Inner","Parallel Aware": false,"Async Capable": false,"Startup Cost": 1.06,"Total Cost": 1.06,"Plan Rows": 1,"Plan Width": 4,"Actual Startup Time": 0.056,"Actual Total Time": 0.064,"Actual Rows": 1,"Actual Loops": 3,"Hash Buckets": 1024,"Original Hash Buckets": 1024,"Hash Batches": 1,"Original Hash Batches": 1,"Peak Memory Usage": 9,"Workers": [],"Plans": [{"Node Type": "Seq Scan","Parent Relationship": "Outer","Parallel Aware": false,"Async Capable": false,"Relation Name": "region","Alias": "region","Startup Cost": 0.00,"Total Cost": 1.06,"Plan Rows": 1,"Plan Width": 4,"Actual Startup Time": 0.041,"Actual Total Time": 0.043,"Actual Rows": 1,"Actual Loops": 3,"Filter": "(r_name = 'EUROPE'::bpchar)","Rows Removed by Filter": 4,"Workers": []}]}]}]}]},{"Node Type": "Index Scan","Parent Relationship": "Inner","Parallel Aware": false,"Async Capable": false,"Scan Direction": "Forward","Index Name": "idx_orders_custkey","Relation Name": "orders","Alias": "orders","Startup Cost": 0.43,"Total Cost": 1.55,"Plan Rows": 3,"Plan Width": 8,"Actual Startup Time": 0.017,"Actual Total Time": 0.039,"Actual Rows": 2,"Actual Loops": 30197,"Index Cond": "(o_custkey = customer.c_custkey)","Rows Removed by Index Recheck": 0,"Filter": "((o_orderdate >= '1993-01-01'::date) AND (o_orderdate < '1994-01-01 00:00:00'::timestamp without time zone))","Rows Removed by Filter": 9,"Workers": []}]},{"Node Type": "Index Scan","Parent Relationship": "Inner","Parallel Aware": false,"Async Capable": false,"Scan Direction": "Forward","Index Name": "idx_lineitem_orderkey","Relation Name": "lineitem","Alias": "lineitem","Startup Cost": 0.43,"Total Cost": 2.90,"Plan Rows": 17,"Plan Width": 20,"Actual Startup Time": 0.017,"Actual Total Time": 0.019,"Actual Rows": 4,"Actual Loops": 45699,"Index Cond": "(l_orderkey = orders.o_orderkey)","Rows Removed by Index Recheck": 0,"Workers": []}]},{"Node Type": "Hash","Parent Relationship": "Inner","Parallel Aware": false,"Async Capable": false,"Startup Cost": 322.00,"Total Cost": 322.00,"Plan Rows": 10000,"Plan Width": 8,"Actual Startup Time": 8.538,"Actual Total Time": 8.541,"Actual Rows": 10000,"Actual Loops": 3,"Hash Buckets": 16384,"Original Hash Buckets": 16384,"Hash Batches": 1,"Original Hash Batches": 1,"Peak Memory Usage": 519,"Workers": [],"Plans": [{"Node Type": "Seq Scan","Parent Relationship": "Outer","Parallel Aware": false,"Async Capable": false,"Relation Name": "supplier","Alias": "supplier","Startup Cost": 0.00,"Total Cost": 322.00,"Plan Rows": 10000,"Plan Width": 8,"Actual Startup Time": 0.046,"Actual Total Time": 6.635,"Actual Rows": 10000,"Actual Loops": 3,"Workers": []}]}]}]}]}]}]}]},"Planning Time": 10.957,"Triggers": [],"Execution Time": 841.799}]
[{"Plan": {"Node Type": "Sort","Parallel Aware": false,"Async Capable": false,"Startup Cost": 21616.39,"Total Cost": 21616.45,"Plan Rows": 25,"Plan Width": 136,"Actual Startup Time": 800.578,"Actual Total Time": 832.005,"Actual Rows": 5,"Actual Loops": 1,"Sort Key": ["(sum((lineitem.l_extendedprice * ('1'::numeric - lineitem.l_discount)))) DESC"],"Sort Method": "quicksort","Sort Space Used": 25,"Sort Space Type": "Memory","Plans": [{"Node Type": "Aggregate","Strategy": "Sorted","Partial Mode": "Finalize","Parent Relationship": "Outer","Parallel Aware": false,"Async Capable": false,"Startup Cost": 21601.33,"Total Cost": 21615.81,"Plan Rows": 25,"Plan Width": 136,"Actual Startup Time": 800.055,"Actual Total Time": 831.951,"Actual Rows": 5,"Actual Loops": 1,"Group Key": ["nation.n_name"],"Plans": [{"Node Type": "Gather Merge","Parent Relationship": "Outer","Parallel Aware": false,"Async Capable": false,"Startup Cost": 21601.33,"Total Cost": 21615.12,"Plan Rows": 50,"Plan Width": 136,"Actual Startup Time": 799.526,"Actual Total Time": 831.902,"Actual Rows": 15,"Actual Loops": 1,"Workers Planned": 2,"Workers Launched": 2,"Plans": [{"Node Type": "Aggregate","Strategy": "Sorted","Partial Mode": "Partial","Parent Relationship": "Outer","Parallel Aware": false,"Async Capable": false,"Startup Cost": 20601.30,"Total Cost": 20609.33,"Plan Rows": 25,"Plan Width": 136,"Actual Startup Time": 791.250,"Actual Total Time": 792.033,"Actual Rows": 5,"Actual Loops": 3,"Group Key": ["nation.n_name"],"Workers": [],"Plans": [{"Node Type": "Sort","Parent Relationship": "Outer","Parallel Aware": false,"Async Capable": false,"Startup Cost": 20601.30,"Total Cost": 20602.85,"Plan Rows": 617,"Plan Width": 116,"Actual Startup Time": 791.028,"Actual Total Time": 791.162,"Actual Rows": 2347,"Actual Loops": 3,"Sort Key": ["nation.n_name"],"Sort Method": "quicksort","Sort Space Used": 275,"Sort Space Type": "Memory","Workers": [{"Worker Number": 0,"Sort Method": "quicksort","Sort Space Used": 280,"Sort Space Type": "Memory"},{"Worker Number": 1,"Sort Method": "quicksort","Sort Space Used": 284,"Sort Space Type": "Memory"}],"Plans": [{"Node Type": "Hash Join","Parent Relationship": "Outer","Parallel Aware": false,"Async Capable": false,"Join Type": "Inner","Startup Cost": 475.27,"Total Cost": 20572.71,"Plan Rows": 617,"Plan Width": 116,"Actual Startup Time": 14.089,"Actual Total Time": 789.451,"Actual Rows": 2347,"Actual Loops": 3,"Inner Unique": true,"Hash Cond": "((lineitem.l_suppkey = supplier.s_suppkey) AND (customer.c_nationkey = supplier.s_nationkey))","Workers": [],"Plans": [{"Node Type": "Nested Loop","Parent Relationship": "Outer","Parallel Aware": false,"Async Capable": false,"Join Type": "Inner","Startup Cost": 3.27,"Total Cost": 20019.70,"Plan Rows": 15431,"Plan Width": 128,"Actual Startup Time": 0.813,"Actual Total Time": 745.242,"Actual Rows": 60682,"Actual Loops": 3,"Inner Unique": false,"Workers": [],"Plans": [{"Node Type": "Nested Loop","Parent Relationship": "Outer","Parallel Aware": false,"Async Capable": false,"Join Type": "Inner","Startup Cost": 2.84,"Total Cost": 8414.26,"Plan Rows": 3857,"Plan Width": 116,"Actual Startup Time": 0.648,"Actual Total Time": 445.539,"Actual Rows": 15117,"Actual Loops": 3,"Inner Unique": false,"Workers": [],"Plans": [{"Node Type": "Hash Join","Parent Relationship": "Outer","Parallel Aware": false,"Async Capable": false,"Join Type": "Inner","Startup Cost": 2.41,"Total Cost": 4471.79,"Plan Rows": 2500,"Plan Width": 116,"Actual Startup Time": 0.286,"Actual Total Time": 54.286,"Actual Rows": 9921,"Actual Loops": 3,"Inner Unique": false,"Hash Cond": "(customer.c_nationkey = nation.n_nationkey)","Workers": [],"Plans": [{"Node Type": "Seq Scan","Parent Relationship": "Outer","Parallel Aware": true,"Async Capable": false,"Relation Name": "customer","Alias": "customer","Startup Cost": 0.00,"Total Cost": 4210.00,"Plan Rows": 62500,"Plan Width": 8,"Actual Startup Time": 0.020,"Actual Total Time": 9.492,"Actual Rows": 50000,"Actual Loops": 3,"Workers": []},{"Node Type": "Hash","Parent Relationship": "Inner","Parallel Aware": false,"Async Capable": false,"Startup Cost": 2.40,"Total Cost": 2.40,"Plan Rows": 1,"Plan Width": 108,"Actual Startup Time": 0.159,"Actual Total Time": 0.178,"Actual Rows": 5,"Actual Loops": 3,"Hash Buckets": 1024,"Original Hash Buckets": 1024,"Hash Batches": 1,"Original Hash Batches": 1,"Peak Memory Usage": 9,"Workers": [],"Plans": [{"Node Type": "Hash Join","Parent Relationship": "Outer","Parallel Aware": false,"Async Capable": false,"Join Type": "Inner","Startup Cost": 1.07,"Total Cost": 2.40,"Plan Rows": 1,"Plan Width": 108,"Actual Startup Time": 0.141,"Actual Total Time": 0.166,"Actual Rows": 5,"Actual Loops": 3,"Inner Unique": true,"Hash Cond": "(nation.n_regionkey = region.r_regionkey)","Workers": [],"Plans": [{"Node Type": "Seq Scan","Parent Relationship": "Outer","Parallel Aware": false,"Async Capable": false,"Relation Name": "nation","Alias": "nation","Startup Cost": 0.00,"Total Cost": 1.25,"Plan Rows": 25,"Plan Width": 112,"Actual Startup Time": 0.054,"Actual Total Time": 0.058,"Actual Rows": 25,"Actual Loops": 3,"Workers": []},{"Node Type": "Hash","Parent Relationship": "Inner","Parallel Aware": false,"Async Capable": false,"Startup Cost": 1.06,"Total Cost": 1.06,"Plan Rows": 1,"Plan Width": 4,"Actual Startup Time": 0.057,"Actual Total Time": 0.062,"Actual Rows": 1,"Actual Loops": 3,"Hash Buckets": 1024,"Original Hash Buckets": 1024,"Hash Batches": 1,"Original Hash Batches": 1,"Peak Memory Usage": 9,"Workers": [],"Plans": [{"Node Type": "Seq Scan","Parent Relationship": "Outer","Parallel Aware": false,"Async Capable": false,"Relation Name": "region","Alias": "region","Startup Cost": 0.00,"Total Cost": 1.06,"Plan Rows": 1,"Plan Width": 4,"Actual Startup Time": 0.040,"Actual Total Time": 0.042,"Actual Rows": 1,"Actual Loops": 3,"Filter": "(r_name = 'AFRICA'::bpchar)","Rows Removed by Filter": 4,"Workers": []}]}]}]}]},{"Node Type": "Index Scan","Parent Relationship": "Inner","Parallel Aware": false,"Async Capable": false,"Scan Direction": "Forward","Index Name": "idx_orders_custkey","Relation Name": "orders","Alias": "orders","Startup Cost": 0.43,"Total Cost": 1.55,"Plan Rows": 3,"Plan Width": 8,"Actual Startup Time": 0.017,"Actual Total Time": 0.039,"Actual Rows": 2,"Actual Loops": 29764,"Index Cond": "(o_custkey = customer.c_custkey)","Rows Removed by Index Recheck": 0,"Filter": "((o_orderdate >= '1996-01-01'::date) AND (o_orderdate < '1997-01-01 00:00:00'::timestamp without time zone))","Rows Removed by Filter": 9,"Workers": []}]},{"Node Type": "Index Scan","Parent Relationship": "Inner","Parallel Aware": false,"Async Capable": false,"Scan Direction": "Forward","Index Name": "idx_lineitem_orderkey","Relation Name": "lineitem","Alias": "lineitem","Startup Cost": 0.43,"Total Cost": 2.84,"Plan Rows": 17,"Plan Width": 20,"Actual Startup Time": 0.016,"Actual Total Time": 0.019,"Actual Rows": 4,"Actual Loops": 45352,"Index Cond": "(l_orderkey = orders.o_orderkey)","Rows Removed by Index Recheck": 0,"Workers": []}]},{"Node Type": "Hash","Parent Relationship": "Inner","Parallel Aware": false,"Async Capable": false,"Startup Cost": 322.00,"Total Cost": 322.00,"Plan Rows": 10000,"Plan Width": 8,"Actual Startup Time": 12.144,"Actual Total Time": 12.150,"Actual Rows": 10000,"Actual Loops": 3,"Hash Buckets": 16384,"Original Hash Buckets": 16384,"Hash Batches": 1,"Original Hash Batches": 1,"Peak Memory Usage": 519,"Workers": [],"Plans": [{"Node Type": "Seq Scan","Parent Relationship": "Outer","Parallel Aware": false,"Async Capable": false,"Relation Name": "supplier","Alias": "supplier","Startup Cost": 0.00,"Total Cost": 322.00,"Plan Rows": 10000,"Plan Width": 8,"Actual Startup Time": 0.040,"Actual Total Time": 10.535,"Actual Rows": 10000,"Actual Loops": 3,"Workers": []}]}]}]}]}]}]}]},"Planning Time": 10.511,"Triggers": [],"Execution Time": 832.422}]
[{"Plan": {"Node Type": "Sort","Parallel Aware": false,"Async Capable": false,"Startup Cost": 21522.30,"Total Cost": 21522.36,"Plan Rows": 25,"Plan Width": 136,"Actual Startup Time": 808.715,"Actual Total Time": 841.103,"Actual Rows": 5,"Actual Loops": 1,"Sort Key": ["(sum((lineitem.l_extendedprice * ('1'::numeric - lineitem.l_discount)))) DESC"],"Sort Method": "quicksort","Sort Space Used": 25,"Sort Space Type": "Memory","Plans": [{"Node Type": "Aggregate","Strategy": "Sorted","Partial Mode": "Finalize","Parent Relationship": "Outer","Parallel Aware": false,"Async Capable": false,"Startup Cost": 21507.43,"Total Cost": 21521.72,"Plan Rows": 25,"Plan Width": 136,"Actual Startup Time": 808.132,"Actual Total Time": 841.051,"Actual Rows": 5,"Actual Loops": 1,"Group Key": ["nation.n_name"],"Plans": [{"Node Type": "Gather Merge","Parent Relationship": "Outer","Parallel Aware": false,"Async Capable": false,"Startup Cost": 21507.43,"Total Cost": 21521.03,"Plan Rows": 50,"Plan Width": 136,"Actual Startup Time": 807.865,"Actual Total Time": 840.993,"Actual Rows": 15,"Actual Loops": 1,"Workers Planned": 2,"Workers Launched": 2,"Plans": [{"Node Type": "Aggregate","Strategy": "Sorted","Partial Mode": "Partial","Parent Relationship": "Outer","Parallel Aware": false,"Async Capable": false,"Startup Cost": 20507.41,"Total Cost": 20515.23,"Plan Rows": 25,"Plan Width": 136,"Actual Startup Time": 800.148,"Actual Total Time": 800.877,"Actual Rows": 5,"Actual Loops": 3,"Group Key": ["nation.n_name"],"Workers": [],"Plans": [{"Node Type": "Sort","Parent Relationship": "Outer","Parallel Aware": false,"Async Capable": false,"Startup Cost": 20507.41,"Total Cost": 20508.91,"Plan Rows": 601,"Plan Width": 116,"Actual Startup Time": 799.927,"Actual Total Time": 800.057,"Actual Rows": 2459,"Actual Loops": 3,"Sort Key": ["nation.n_name"],"Sort Method": "quicksort","Sort Space Used": 287,"Sort Space Type": "Memory","Workers": [{"Worker Number": 0,"Sort Method": "quicksort","Sort Space Used": 292,"Sort Space Type": "Memory"},{"Worker Number": 1,"Sort Method": "quicksort","Sort Space Used": 287,"Sort Space Type": "Memory"}],"Plans": [{"Node Type": "Hash Join","Parent Relationship": "Outer","Parallel Aware": false,"Async Capable": false,"Join Type": "Inner","Startup Cost": 475.27,"Total Cost": 20479.67,"Plan Rows": 601,"Plan Width": 116,"Actual Startup Time": 9.851,"Actual Total Time": 798.461,"Actual Rows": 2459,"Actual Loops": 3,"Inner Unique": true,"Hash Cond": "((lineitem.l_suppkey = supplier.s_suppkey) AND (customer.c_nationkey = supplier.s_nationkey))","Workers": [],"Plans": [{"Node Type": "Nested Loop","Parent Relationship": "Outer","Parallel Aware": false,"Async Capable": false,"Join Type": "Inner","Startup Cost": 3.27,"Total Cost": 19928.78,"Plan Rows": 15027,"Plan Width": 128,"Actual Startup Time": 0.691,"Actual Total Time": 757.487,"Actual Rows": 60981,"Actual Loops": 3,"Inner Unique": false,"Workers": [],"Plans": [{"Node Type": "Nested Loop","Parent Relationship": "Outer","Parallel Aware": false,"Async Capable": false,"Join Type": "Inner","Startup Cost": 2.84,"Total Cost": 8414.26,"Plan Rows": 3756,"Plan Width": 116,"Actual Startup Time": 0.574,"Actual Total Time": 453.285,"Actual Rows": 15233,"Actual Loops": 3,"Inner Unique": false,"Workers": [],"Plans": [{"Node Type": "Hash Join","Parent Relationship": "Outer","Parallel Aware": false,"Async Capable": false,"Join Type": "Inner","Startup Cost": 2.41,"Total Cost": 4471.79,"Plan Rows": 2500,"Plan Width": 116,"Actual Startup Time": 0.259,"Actual Total Time": 55.622,"Actual Rows": 10066,"Actual Loops": 3,"Inner Unique": false,"Hash Cond": "(customer.c_nationkey = nation.n_nationkey)","Workers": [],"Plans": [{"Node Type": "Seq Scan","Parent Relationship": "Outer","Parallel Aware": true,"Async Capable": false,"Relation Name": "customer","Alias": "customer","Startup Cost": 0.00,"Total Cost": 4210.00,"Plan Rows": 62500,"Plan Width": 8,"Actual Startup Time": 0.020,"Actual Total Time": 9.402,"Actual Rows": 50000,"Actual Loops": 3,"Workers": []},{"Node Type": "Hash","Parent Relationship": "Inner","Parallel Aware": false,"Async Capable": false,"Startup Cost": 2.40,"Total Cost": 2.40,"Plan Rows": 1,"Plan Width": 108,"Actual Startup Time": 0.150,"Actual Total Time": 0.167,"Actual Rows": 5,"Actual Loops": 3,"Hash Buckets": 1024,"Original Hash Buckets": 1024,"Hash Batches": 1,"Original Hash Batches": 1,"Peak Memory Usage": 9,"Workers": [],"Plans": [{"Node Type": "Hash Join","Parent Relationship": "Outer","Parallel Aware": false,"Async Capable": false,"Join Type": "Inner","Startup Cost": 1.07,"Total Cost": 2.40,"Plan Rows": 1,"Plan Width": 108,"Actual Startup Time": 0.135,"Actual Total Time": 0.156,"Actual Rows": 5,"Actual Loops": 3,"Inner Unique": true,"Hash Cond": "(nation.n_regionkey = region.r_regionkey)","Workers": [],"Plans": [{"Node Type": "Seq Scan","Parent Relationship": "Outer","Parallel Aware": false,"Async Capable": false,"Relation Name": "nation","Alias": "nation","Startup Cost": 0.00,"Total Cost": 1.25,"Plan Rows": 25,"Plan Width": 112,"Actual Startup Time": 0.049,"Actual Total Time": 0.053,"Actual Rows": 25,"Actual Loops": 3,"Workers": []},{"Node Type": "Hash","Parent Relationship": "Inner","Parallel Aware": false,"Async Capable": false,"Startup Cost": 1.06,"Total Cost": 1.06,"Plan Rows": 1,"Plan Width": 4,"Actual Startup Time": 0.056,"Actual Total Time": 0.064,"Actual Rows": 1,"Actual Loops": 3,"Hash Buckets": 1024,"Original Hash Buckets": 1024,"Hash Batches": 1,"Original Hash Batches": 1,"Peak Memory Usage": 9,"Workers": [],"Plans": [{"Node Type": "Seq Scan","Parent Relationship": "Outer","Parallel Aware": false,"Async Capable": false,"Relation Name": "region","Alias": "region","Startup Cost": 0.00,"Total Cost": 1.06,"Plan Rows": 1,"Plan Width": 4,"Actual Startup Time": 0.041,"Actual Total Time": 0.043,"Actual Rows": 1,"Actual Loops": 3,"Filter": "(r_name = 'EUROPE'::bpchar)","Rows Removed by Filter": 4,"Workers": []}]}]}]}]},{"Node Type": "Index Scan","Parent Relationship": "Inner","Parallel Aware": false,"Async Capable": false,"Scan Direction": "Forward","Index Name": "idx_orders_custkey","Relation Name": "orders","Alias": "orders","Startup Cost": 0.43,"Total Cost": 1.55,"Plan Rows": 3,"Plan Width": 8,"Actual Startup Time": 0.017,"Actual Total Time": 0.039,"Actual Rows": 2,"Actual Loops": 30197,"Index Cond": "(o_custkey = customer.c_custkey)","Rows Removed by Index Recheck": 0,"Filter": "((o_orderdate >= '1993-01-01'::date) AND (o_orderdate < '1994-01-01 00:00:00'::timestamp without time zone))","Rows Removed by Filter": 9,"Workers": []}]},{"Node Type": "Index Scan","Parent Relationship": "Inner","Parallel Aware": false,"Async Capable": false,"Scan Direction": "Forward","Index Name": "idx_lineitem_orderkey","Relation Name": "lineitem","Alias": "lineitem","Startup Cost": 0.43,"Total Cost": 2.90,"Plan Rows": 17,"Plan Width": 20,"Actual Startup Time": 0.017,"Actual Total Time": 0.019,"Actual Rows": 4,"Actual Loops": 45699,"Index Cond": "(l_orderkey = orders.o_orderkey)","Rows Removed by Index Recheck": 0,"Workers": []}]},{"Node Type": "Hash","Parent Relationship": "Inner","Parallel Aware": false,"Async Capable": false,"Startup Cost": 322.00,"Total Cost": 322.00,"Plan Rows": 10000,"Plan Width": 8,"Actual Startup Time": 8.538,"Actual Total Time": 8.541,"Actual Rows": 10000,"Actual Loops": 3,"Hash Buckets": 16384,"Original Hash Buckets": 16384,"Hash Batches": 1,"Original Hash Batches": 1,"Peak Memory Usage": 519,"Workers": [],"Plans": [{"Node Type": "Seq Scan","Parent Relationship": "Outer","Parallel Aware": false,"Async Capable": false,"Relation Name": "supplier","Alias": "supplier","Startup Cost": 0.00,"Total Cost": 322.00,"Plan Rows": 10000,"Plan Width": 8,"Actual Startup Time": 0.046,"Actual Total Time": 6.635,"Actual Rows": 10000,"Actual Loops": 3,"Workers": []}]}]}]}]}]}]}]},"Planning Time": 10.957,"Triggers": [],"Execution Time": 841.799}]
[{"Plan": {"Node Type": "Sort","Parallel Aware": false,"Async Capable": false,"Startup Cost": 21522.30,"Total Cost": 21522.36,"Plan Rows": 25,"Plan Width": 136,"Actual Startup Time": 803.252,"Actual Total Time": 834.286,"Actual Rows": 5,"Actual Loops": 1,"Sort Key": ["(sum((lineitem.l_extendedprice * ('1'::numeric - lineitem.l_discount)))) DESC"],"Sort Method": "quicksort","Sort Space Used": 25,"Sort Space Type": "Memory","Plans": [{"Node Type": "Aggregate","Strategy": "Sorted","Partial Mode": "Finalize","Parent Relationship": "Outer","Parallel Aware": false,"Async Capable": false,"Startup Cost": 21507.43,"Total Cost": 21521.72,"Plan Rows": 25,"Plan Width": 136,"Actual Startup Time": 802.651,"Actual Total Time": 834.228,"Actual Rows": 5,"Actual Loops": 1,"Group Key": ["nation.n_name"],"Plans": [{"Node Type": "Gather Merge","Parent Relationship": "Outer","Parallel Aware": false,"Async Capable": false,"Startup Cost": 21507.43,"Total Cost": 21521.03,"Plan Rows": 50,"Plan Width": 136,"Actual Startup Time": 802.434,"Actual Total Time": 834.170,"Actual Rows": 15,"Actual Loops": 1,"Workers Planned": 2,"Workers Launched": 2,"Plans": [{"Node Type": "Aggregate","Strategy": "Sorted","Partial Mode": "Partial","Parent Relationship": "Outer","Parallel Aware": false,"Async Capable": false,"Startup Cost": 20507.41,"Total Cost": 20515.23,"Plan Rows": 25,"Plan Width": 136,"Actual Startup Time": 794.928,"Actual Total Time": 795.651,"Actual Rows": 5,"Actual Loops": 3,"Group Key": ["nation.n_name"],"Workers": [],"Plans": [{"Node Type": "Sort","Parent Relationship": "Outer","Parallel Aware": false,"Async Capable": false,"Startup Cost": 20507.41,"Total Cost": 20508.91,"Plan Rows": 601,"Plan Width": 116,"Actual Startup Time": 794.703,"Actual Total Time": 794.843,"Actual Rows": 2409,"Actual Loops": 3,"Sort Key": ["nation.n_name"],"Sort Method": "quicksort","Sort Space Used": 286,"Sort Space Type": "Memory","Workers": [{"Worker Number": 0,"Sort Method": "quicksort","Sort Space Used": 276,"Sort Space Type": "Memory"},{"Worker Number": 1,"Sort Method": "quicksort","Sort Space Used": 293,"Sort Space Type": "Memory"}],"Plans": [{"Node Type": "Hash Join","Parent Relationship": "Outer","Parallel Aware": false,"Async Capable": false,"Join Type": "Inner","Startup Cost": 475.27,"Total Cost": 20479.67,"Plan Rows": 601,"Plan Width": 116,"Actual Startup Time": 9.777,"Actual Total Time": 793.218,"Actual Rows": 2409,"Actual Loops": 3,"Inner Unique": true,"Hash Cond": "((lineitem.l_suppkey = supplier.s_suppkey) AND (customer.c_nationkey = supplier.s_nationkey))","Workers": [],"Plans": [{"Node Type": "Nested Loop","Parent Relationship": "Outer","Parallel Aware": false,"Async Capable": false,"Join Type": "Inner","Startup Cost": 3.27,"Total Cost": 19928.78,"Plan Rows": 15027,"Plan Width": 128,"Actual Startup Time": 0.619,"Actual Total Time": 753.080,"Actual Rows": 60488,"Actual Loops": 3,"Inner Unique": false,"Workers": [],"Plans": [{"Node Type": "Nested Loop","Parent Relationship": "Outer","Parallel Aware": false,"Async Capable": false,"Join Type": "Inner","Startup Cost": 2.84,"Total Cost": 8414.26,"Plan Rows": 3756,"Plan Width": 116,"Actual Startup Time": 0.516,"Actual Total Time": 449.946,"Actual Rows": 15093,"Actual Loops": 3,"Inner Unique": false,"Workers": [],"Plans": [{"Node Type": "Hash Join","Parent Relationship": "Outer","Parallel Aware": false,"Async Capable": false,"Join Type": "Inner","Startup Cost": 2.41,"Total Cost": 4471.79,"Plan Rows": 2500,"Plan Width": 116,"Actual Startup Time": 0.243,"Actual Total Time": 55.930,"Actual Rows": 9921,"Actual Loops": 3,"Inner Unique": false,"Hash Cond": "(customer.c_nationkey = nation.n_nationkey)","Workers": [],"Plans": [{"Node Type": "Seq Scan","Parent Relationship": "Outer","Parallel Aware": true,"Async Capable": false,"Relation Name": "customer","Alias": "customer","Startup Cost": 0.00,"Total Cost": 4210.00,"Plan Rows": 62500,"Plan Width": 8,"Actual Startup Time": 0.017,"Actual Total Time": 9.588,"Actual Rows": 50000,"Actual Loops": 3,"Workers": []},{"Node Type": "Hash","Parent Relationship": "Inner","Parallel Aware": false,"Async Capable": false,"Startup Cost": 2.40,"Total Cost": 2.40,"Plan Rows": 1,"Plan Width": 108,"Actual Startup Time": 0.143,"Actual Total Time": 0.169,"Actual Rows": 5,"Actual Loops": 3,"Hash Buckets": 1024,"Original Hash Buckets": 1024,"Hash Batches": 1,"Original Hash Batches": 1,"Peak Memory Usage": 9,"Workers": [],"Plans": [{"Node Type": "Hash Join","Parent Relationship": "Outer","Parallel Aware": false,"Async Capable": false,"Join Type": "Inner","Startup Cost": 1.07,"Total Cost": 2.40,"Plan Rows": 1,"Plan Width": 108,"Actual Startup Time": 0.126,"Actual Total Time": 0.159,"Actual Rows": 5,"Actual Loops": 3,"Inner Unique": true,"Hash Cond": "(nation.n_regionkey = region.r_regionkey)","Workers": [],"Plans": [{"Node Type": "Seq Scan","Parent Relationship": "Outer","Parallel Aware": false,"Async Capable": false,"Relation Name": "nation","Alias": "nation","Startup Cost": 0.00,"Total Cost": 1.25,"Plan Rows": 25,"Plan Width": 112,"Actual Startup Time": 0.045,"Actual Total Time": 0.050,"Actual Rows": 25,"Actual Loops": 3,"Workers": []},{"Node Type": "Hash","Parent Relationship": "Inner","Parallel Aware": false,"Async Capable": false,"Startup Cost": 1.06,"Total Cost": 1.06,"Plan Rows": 1,"Plan Width": 4,"Actual Startup Time": 0.052,"Actual Total Time": 0.063,"Actual Rows": 1,"Actual Loops": 3,"Hash Buckets": 1024,"Original Hash Buckets": 1024,"Hash Batches": 1,"Original Hash Batches": 1,"Peak Memory Usage": 9,"Workers": [],"Plans": [{"Node Type": "Seq Scan","Parent Relationship": "Outer","Parallel Aware": false,"Async Capable": false,"Relation Name": "region","Alias": "region","Startup Cost": 0.00,"Total Cost": 1.06,"Plan Rows": 1,"Plan Width": 4,"Actual Startup Time": 0.036,"Actual Total Time": 0.041,"Actual Rows": 1,"Actual Loops": 3,"Filter": "(r_name = 'AFRICA'::bpchar)","Rows Removed by Filter": 4,"Workers": []}]}]}]}]},{"Node Type": "Index Scan","Parent Relationship": "Inner","Parallel Aware": false,"Async Capable": false,"Scan Direction": "Forward","Index Name": "idx_orders_custkey","Relation Name": "orders","Alias": "orders","Startup Cost": 0.43,"Total Cost": 1.55,"Plan Rows": 3,"Plan Width": 8,"Actual Startup Time": 0.017,"Actual Total Time": 0.039,"Actual Rows": 2,"Actual Loops": 29764,"Index Cond": "(o_custkey = customer.c_custkey)","Rows Removed by Index Recheck": 0,"Filter": "((o_orderdate >= '1993-01-01'::date) AND (o_orderdate < '1994-01-01 00:00:00'::timestamp without time zone))","Rows Removed by Filter": 9,"Workers": []}]},{"Node Type": "Index Scan","Parent Relationship": "Inner","Parallel Aware": false,"Async Capable": false,"Scan Direction": "Forward","Index Name": "idx_lineitem_orderkey","Relation Name": "lineitem","Alias": "lineitem","Startup Cost": 0.43,"Total Cost": 2.90,"Plan Rows": 17,"Plan Width": 20,"Actual Startup Time": 0.017,"Actual Total Time": 0.019,"Actual Rows": 4,"Actual Loops": 45280,"Index Cond": "(l_orderkey = orders.o_orderkey)","Rows Removed by Index Recheck": 0,"Workers": []}]},{"Node Type": "Hash","Parent Relationship": "Inner","Parallel Aware": false,"Async Capable": false,"Startup Cost": 322.00,"Total Cost": 322.00,"Plan Rows": 10000,"Plan Width": 8,"Actual Startup Time": 8.121,"Actual Total Time": 8.126,"Actual Rows": 10000,"Actual Loops": 3,"Hash Buckets": 16384,"Original Hash Buckets": 16384,"Hash Batches": 1,"Original Hash Batches": 1,"Peak Memory Usage": 519,"Workers": [],"Plans": [{"Node Type": "Seq Scan","Parent Relationship": "Outer","Parallel Aware": false,"Async Capable": false,"Relation Name": "supplier","Alias": "supplier","Startup Cost": 0.00,"Total Cost": 322.00,"Plan Rows": 10000,"Plan Width": 8,"Actual Startup Time": 0.036,"Actual Total Time": 6.327,"Actual Rows": 10000,"Actual Loops": 3,"Workers": []}]}]}]}]}]}]}]},"Planning Time": 9.902,"Triggers": [],"Execution Time": 834.900}]
[{"Plan": {"Node Type": "Sort","Parallel Aware": false,"Async Capable": false,"Startup Cost": 21565.24,"Total Cost": 21565.30,"Plan Rows": 25,"Plan Width": 136,"Actual Startup Time": 812.920,"Actual Total Time": 845.337,"Actual Rows": 5,"Actual Loops": 1,"Sort Key": ["(sum((lineitem.l_extendedprice * ('1'::numeric - lineitem.l_discount)))) DESC"],"Sort Method": "quicksort","Sort Space Used": 25,"Sort Space Type": "Memory","Plans": [{"Node Type": "Aggregate","Strategy": "Sorted","Partial Mode": "Finalize","Parent Relationship": "Outer","Parallel Aware": false,"Async Capable": false,"Startup Cost": 21550.29,"Total Cost": 21564.66,"Plan Rows": 25,"Plan Width": 136,"Actual Startup Time": 812.284,"Actual Total Time": 845.271,"Actual Rows": 5,"Actual Loops": 1,"Group Key": ["nation.n_name"],"Plans": [{"Node Type": "Gather Merge","Parent Relationship": "Outer","Parallel Aware": false,"Async Capable": false,"Startup Cost": 21550.29,"Total Cost": 21563.97,"Plan Rows": 50,"Plan Width": 136,"Actual Startup Time": 812.043,"Actual Total Time": 845.216,"Actual Rows": 15,"Actual Loops": 1,"Workers Planned": 2,"Workers Launched": 2,"Plans": [{"Node Type": "Aggregate","Strategy": "Sorted","Partial Mode": "Partial","Parent Relationship": "Outer","Parallel Aware": false,"Async Capable": false,"Startup Cost": 20550.26,"Total Cost": 20558.18,"Plan Rows": 25,"Plan Width": 136,"Actual Startup Time": 804.529,"Actual Total Time": 805.274,"Actual Rows": 5,"Actual Loops": 3,"Group Key": ["nation.n_name"],"Workers": [],"Plans": [{"Node Type": "Sort","Parent Relationship": "Outer","Parallel Aware": false,"Async Capable": false,"Startup Cost": 20550.26,"Total Cost": 20551.78,"Plan Rows": 608,"Plan Width": 116,"Actual Startup Time": 804.312,"Actual Total Time": 804.451,"Actual Rows": 2459,"Actual Loops": 3,"Sort Key": ["nation.n_name"],"Sort Method": "quicksort","Sort Space Used": 291,"Sort Space Type": "Memory","Workers": [{"Worker Number": 0,"Sort Method": "quicksort","Sort Space Used": 281,"Sort Space Type": "Memory"},{"Worker Number": 1,"Sort Method": "quicksort","Sort Space Used": 294,"Sort Space Type": "Memory"}],"Plans": [{"Node Type": "Hash Join","Parent Relationship": "Outer","Parallel Aware": false,"Async Capable": false,"Join Type": "Inner","Startup Cost": 475.27,"Total Cost": 20522.15,"Plan Rows": 608,"Plan Width": 116,"Actual Startup Time": 9.963,"Actual Total Time": 802.770,"Actual Rows": 2459,"Actual Loops": 3,"Inner Unique": true,"Hash Cond": "((lineitem.l_suppkey = supplier.s_suppkey) AND (customer.c_nationkey = supplier.s_nationkey))","Workers": [],"Plans": [{"Node Type": "Nested Loop","Parent Relationship": "Outer","Parallel Aware": false,"Async Capable": false,"Join Type": "Inner","Startup Cost": 3.27,"Total Cost": 19970.29,"Plan Rows": 15211,"Plan Width": 128,"Actual Startup Time": 0.726,"Actual Total Time": 761.226,"Actual Rows": 61195,"Actual Loops": 3,"Inner Unique": false,"Workers": [],"Plans": [{"Node Type": "Nested Loop","Parent Relationship": "Outer","Parallel Aware": false,"Async Capable": false,"Join Type": "Inner","Startup Cost": 2.84,"Total Cost": 8414.26,"Plan Rows": 3802,"Plan Width": 116,"Actual Startup Time": 0.590,"Actual Total Time": 455.580,"Actual Rows": 15244,"Actual Loops": 3,"Inner Unique": false,"Workers": [],"Plans": [{"Node Type": "Hash Join","Parent Relationship": "Outer","Parallel Aware": false,"Async Capable": false,"Join Type": "Inner","Startup Cost": 2.41,"Total Cost": 4471.79,"Plan Rows": 2500,"Plan Width": 116,"Actual Startup Time": 0.294,"Actual Total Time": 55.676,"Actual Rows": 10061,"Actual Loops": 3,"Inner Unique": false,"Hash Cond": "(customer.c_nationkey = nation.n_nationkey)","Workers": [],"Plans": [{"Node Type": "Seq Scan","Parent Relationship": "Outer","Parallel Aware": true,"Async Capable": false,"Relation Name": "customer","Alias": "customer","Startup Cost": 0.00,"Total Cost": 4210.00,"Plan Rows": 62500,"Plan Width": 8,"Actual Startup Time": 0.018,"Actual Total Time": 9.635,"Actual Rows": 50000,"Actual Loops": 3,"Workers": []},{"Node Type": "Hash","Parent Relationship": "Inner","Parallel Aware": false,"Async Capable": false,"Startup Cost": 2.40,"Total Cost": 2.40,"Plan Rows": 1,"Plan Width": 108,"Actual Startup Time": 0.169,"Actual Total Time": 0.188,"Actual Rows": 5,"Actual Loops": 3,"Hash Buckets": 1024,"Original Hash Buckets": 1024,"Hash Batches": 1,"Original Hash Batches": 1,"Peak Memory Usage": 9,"Workers": [],"Plans": [{"Node Type": "Hash Join","Parent Relationship": "Outer","Parallel Aware": false,"Async Capable": false,"Join Type": "Inner","Startup Cost": 1.07,"Total Cost": 2.40,"Plan Rows": 1,"Plan Width": 108,"Actual Startup Time": 0.153,"Actual Total Time": 0.175,"Actual Rows": 5,"Actual Loops": 3,"Inner Unique": true,"Hash Cond": "(nation.n_regionkey = region.r_regionkey)","Workers": [],"Plans": [{"Node Type": "Seq Scan","Parent Relationship": "Outer","Parallel Aware": false,"Async Capable": false,"Relation Name": "nation","Alias": "nation","Startup Cost": 0.00,"Total Cost": 1.25,"Plan Rows": 25,"Plan Width": 112,"Actual Startup Time": 0.049,"Actual Total Time": 0.052,"Actual Rows": 25,"Actual Loops": 3,"Workers": []},{"Node Type": "Hash","Parent Relationship": "Inner","Parallel Aware": false,"Async Capable": false,"Startup Cost": 1.06,"Total Cost": 1.06,"Plan Rows": 1,"Plan Width": 4,"Actual Startup Time": 0.069,"Actual Total Time": 0.076,"Actual Rows": 1,"Actual Loops": 3,"Hash Buckets": 1024,"Original Hash Buckets": 1024,"Hash Batches": 1,"Original Hash Batches": 1,"Peak Memory Usage": 9,"Workers": [],"Plans": [{"Node Type": "Seq Scan","Parent Relationship": "Outer","Parallel Aware": false,"Async Capable": false,"Relation Name": "region","Alias": "region","Startup Cost": 0.00,"Total Cost": 1.06,"Plan Rows": 1,"Plan Width": 4,"Actual Startup Time": 0.054,"Actual Total Time": 0.057,"Actual Rows": 1,"Actual Loops": 3,"Filter": "(r_name = 'ASIA'::bpchar)","Rows Removed by Filter": 4,"Workers": []}]}]}]}]},{"Node Type": "Index Scan","Parent Relationship": "Inner","Parallel Aware": false,"Async Capable": false,"Scan Direction": "Forward","Index Name": "idx_orders_custkey","Relation Name": "orders","Alias": "orders","Startup Cost": 0.43,"Total Cost": 1.55,"Plan Rows": 3,"Plan Width": 8,"Actual Startup Time": 0.017,"Actual Total Time": 0.039,"Actual Rows": 2,"Actual Loops": 30183,"Index Cond": "(o_custkey = customer.c_custkey)","Rows Removed by Index Recheck": 0,"Filter": "((o_orderdate >= '1995-01-01'::date) AND (o_orderdate < '1996-01-01 00:00:00'::timestamp without time zone))","Rows Removed by Filter": 8,"Workers": []}]},{"Node Type": "Index Scan","Parent Relationship": "Inner","Parallel Aware": false,"Async Capable": false,"Scan Direction": "Forward","Index Name": "idx_lineitem_orderkey","Relation Name": "lineitem","Alias": "lineitem","Startup Cost": 0.43,"Total Cost": 2.87,"Plan Rows": 17,"Plan Width": 20,"Actual Startup Time": 0.017,"Actual Total Time": 0.019,"Actual Rows": 4,"Actual Loops": 45731,"Index Cond": "(l_orderkey = orders.o_orderkey)","Rows Removed by Index Recheck": 0,"Workers": []}]},{"Node Type": "Hash","Parent Relationship": "Inner","Parallel Aware": false,"Async Capable": false,"Startup Cost": 322.00,"Total Cost": 322.00,"Plan Rows": 10000,"Plan Width": 8,"Actual Startup Time": 8.662,"Actual Total Time": 8.670,"Actual Rows": 10000,"Actual Loops": 3,"Hash Buckets": 16384,"Original Hash Buckets": 16384,"Hash Batches": 1,"Original Hash Batches": 1,"Peak Memory Usage": 519,"Workers": [],"Plans": [{"Node Type": "Seq Scan","Parent Relationship": "Outer","Parallel Aware": false,"Async Capable": false,"Relation Name": "supplier","Alias": "supplier","Startup Cost": 0.00,"Total Cost": 322.00,"Plan Rows": 10000,"Plan Width": 8,"Actual Startup Time": 0.038,"Actual Total Time": 6.811,"Actual Rows": 10000,"Actual Loops": 3,"Workers": []}]}]}]}]}]}]}]},"Planning Time": 10.579,"Triggers": [],"Execution Time": 845.911}]
[{"Plan": {"Node Type": "Sort","Parallel Aware": false,"Async Capable": false,"Startup Cost": 21522.30,"Total Cost": 21522.36,"Plan Rows": 25,"Plan Width": 136,"Actual Startup Time": 803.252,"Actual Total Time": 834.286,"Actual Rows": 5,"Actual Loops": 1,"Sort Key": ["(sum((lineitem.l_extendedprice * ('1'::numeric - lineitem.l_discount)))) DESC"],"Sort Method": "quicksort","Sort Space Used": 25,"Sort Space Type": "Memory","Plans": [{"Node Type": "Aggregate","Strategy": "Sorted","Partial Mode": "Finalize","Parent Relationship": "Outer","Parallel Aware": false,"Async Capable": false,"Startup Cost": 21507.43,"Total Cost": 21521.72,"Plan Rows": 25,"Plan Width": 136,"Actual Startup Time": 802.651,"Actual Total Time": 834.228,"Actual Rows": 5,"Actual Loops": 1,"Group Key": ["nation.n_name"],"Plans": [{"Node Type": "Gather Merge","Parent Relationship": "Outer","Parallel Aware": false,"Async Capable": false,"Startup Cost": 21507.43,"Total Cost": 21521.03,"Plan Rows": 50,"Plan Width": 136,"Actual Startup Time": 802.434,"Actual Total Time": 834.170,"Actual Rows": 15,"Actual Loops": 1,"Workers Planned": 2,"Workers Launched": 2,"Plans": [{"Node Type": "Aggregate","Strategy": "Sorted","Partial Mode": "Partial","Parent Relationship": "Outer","Parallel Aware": false,"Async Capable": false,"Startup Cost": 20507.41,"Total Cost": 20515.23,"Plan Rows": 25,"Plan Width": 136,"Actual Startup Time": 794.928,"Actual Total Time": 795.651,"Actual Rows": 5,"Actual Loops": 3,"Group Key": ["nation.n_name"],"Workers": [],"Plans": [{"Node Type": "Sort","Parent Relationship": "Outer","Parallel Aware": false,"Async Capable": false,"Startup Cost": 20507.41,"Total Cost": 20508.91,"Plan Rows": 601,"Plan Width": 116,"Actual Startup Time": 794.703,"Actual Total Time": 794.843,"Actual Rows": 2409,"Actual Loops": 3,"Sort Key": ["nation.n_name"],"Sort Method": "quicksort","Sort Space Used": 286,"Sort Space Type": "Memory","Workers": [{"Worker Number": 0,"Sort Method": "quicksort","Sort Space Used": 276,"Sort Space Type": "Memory"},{"Worker Number": 1,"Sort Method": "quicksort","Sort Space Used": 293,"Sort Space Type": "Memory"}],"Plans": [{"Node Type": "Hash Join","Parent Relationship": "Outer","Parallel Aware": false,"Async Capable": false,"Join Type": "Inner","Startup Cost": 475.27,"Total Cost": 20479.67,"Plan Rows": 601,"Plan Width": 116,"Actual Startup Time": 9.777,"Actual Total Time": 793.218,"Actual Rows": 2409,"Actual Loops": 3,"Inner Unique": true,"Hash Cond": "((lineitem.l_suppkey = supplier.s_suppkey) AND (customer.c_nationkey = supplier.s_nationkey))","Workers": [],"Plans": [{"Node Type": "Nested Loop","Parent Relationship": "Outer","Parallel Aware": false,"Async Capable": false,"Join Type": "Inner","Startup Cost": 3.27,"Total Cost": 19928.78,"Plan Rows": 15027,"Plan Width": 128,"Actual Startup Time": 0.619,"Actual Total Time": 753.080,"Actual Rows": 60488,"Actual Loops": 3,"Inner Unique": false,"Workers": [],"Plans": [{"Node Type": "Nested Loop","Parent Relationship": "Outer","Parallel Aware": false,"Async Capable": false,"Join Type": "Inner","Startup Cost": 2.84,"Total Cost": 8414.26,"Plan Rows": 3756,"Plan Width": 116,"Actual Startup Time": 0.516,"Actual Total Time": 449.946,"Actual Rows": 15093,"Actual Loops": 3,"Inner Unique": false,"Workers": [],"Plans": [{"Node Type": "Hash Join","Parent Relationship": "Outer","Parallel Aware": false,"Async Capable": false,"Join Type": "Inner","Startup Cost": 2.41,"Total Cost": 4471.79,"Plan Rows": 2500,"Plan Width": 116,"Actual Startup Time": 0.243,"Actual Total Time": 55.930,"Actual Rows": 9921,"Actual Loops": 3,"Inner Unique": false,"Hash Cond": "(customer.c_nationkey = nation.n_nationkey)","Workers": [],"Plans": [{"Node Type": "Seq Scan","Parent Relationship": "Outer","Parallel Aware": true,"Async Capable": false,"Relation Name": "customer","Alias": "customer","Startup Cost": 0.00,"Total Cost": 4210.00,"Plan Rows": 62500,"Plan Width": 8,"Actual Startup Time": 0.017,"Actual Total Time": 9.588,"Actual Rows": 50000,"Actual Loops": 3,"Workers": []},{"Node Type": "Hash","Parent Relationship": "Inner","Parallel Aware": false,"Async Capable": false,"Startup Cost": 2.40,"Total Cost": 2.40,"Plan Rows": 1,"Plan Width": 108,"Actual Startup Time": 0.143,"Actual Total Time": 0.169,"Actual Rows": 5,"Actual Loops": 3,"Hash Buckets": 1024,"Original Hash Buckets": 1024,"Hash Batches": 1,"Original Hash Batches": 1,"Peak Memory Usage": 9,"Workers": [],"Plans": [{"Node Type": "Hash Join","Parent Relationship": "Outer","Parallel Aware": false,"Async Capable": false,"Join Type": "Inner","Startup Cost": 1.07,"Total Cost": 2.40,"Plan Rows": 1,"Plan Width": 108,"Actual Startup Time": 0.126,"Actual Total Time": 0.159,"Actual Rows": 5,"Actual Loops": 3,"Inner Unique": true,"Hash Cond": "(nation.n_regionkey = region.r_regionkey)","Workers": [],"Plans": [{"Node Type": "Seq Scan","Parent Relationship": "Outer","Parallel Aware": false,"Async Capable": false,"Relation Name": "nation","Alias": "nation","Startup Cost": 0.00,"Total Cost": 1.25,"Plan Rows": 25,"Plan Width": 112,"Actual Startup Time": 0.045,"Actual Total Time": 0.050,"Actual Rows": 25,"Actual Loops": 3,"Workers": []},{"Node Type": "Hash","Parent Relationship": "Inner","Parallel Aware": false,"Async Capable": false,"Startup Cost": 1.06,"Total Cost": 1.06,"Plan Rows": 1,"Plan Width": 4,"Actual Startup Time": 0.052,"Actual Total Time": 0.063,"Actual Rows": 1,"Actual Loops": 3,"Hash Buckets": 1024,"Original Hash Buckets": 1024,"Hash Batches": 1,"Original Hash Batches": 1,"Peak Memory Usage": 9,"Workers": [],"Plans": [{"Node Type": "Seq Scan","Parent Relationship": "Outer","Parallel Aware": false,"Async Capable": false,"Relation Name": "region","Alias": "region","Startup Cost": 0.00,"Total Cost": 1.06,"Plan Rows": 1,"Plan Width": 4,"Actual Startup Time": 0.036,"Actual Total Time": 0.041,"Actual Rows": 1,"Actual Loops": 3,"Filter": "(r_name = 'AFRICA'::bpchar)","Rows Removed by Filter": 4,"Workers": []}]}]}]}]},{"Node Type": "Index Scan","Parent Relationship": "Inner","Parallel Aware": false,"Async Capable": false,"Scan Direction": "Forward","Index Name": "idx_orders_custkey","Relation Name": "orders","Alias": "orders","Startup Cost": 0.43,"Total Cost": 1.55,"Plan Rows": 3,"Plan Width": 8,"Actual Startup Time": 0.017,"Actual Total Time": 0.039,"Actual Rows": 2,"Actual Loops": 29764,"Index Cond": "(o_custkey = customer.c_custkey)","Rows Removed by Index Recheck": 0,"Filter": "((o_orderdate >= '1993-01-01'::date) AND (o_orderdate < '1994-01-01 00:00:00'::timestamp without time zone))","Rows Removed by Filter": 9,"Workers": []}]},{"Node Type": "Index Scan","Parent Relationship": "Inner","Parallel Aware": false,"Async Capable": false,"Scan Direction": "Forward","Index Name": "idx_lineitem_orderkey","Relation Name": "lineitem","Alias": "lineitem","Startup Cost": 0.43,"Total Cost": 2.90,"Plan Rows": 17,"Plan Width": 20,"Actual Startup Time": 0.017,"Actual Total Time": 0.019,"Actual Rows": 4,"Actual Loops": 45280,"Index Cond": "(l_orderkey = orders.o_orderkey)","Rows Removed by Index Recheck": 0,"Workers": []}]},{"Node Type": "Hash","Parent Relationship": "Inner","Parallel Aware": false,"Async Capable": false,"Startup Cost": 322.00,"Total Cost": 322.00,"Plan Rows": 10000,"Plan Width": 8,"Actual Startup Time": 8.121,"Actual Total Time": 8.126,"Actual Rows": 10000,"Actual Loops": 3,"Hash Buckets": 16384,"Original Hash Buckets": 16384,"Hash Batches": 1,"Original Hash Batches": 1,"Peak Memory Usage": 519,"Workers": [],"Plans": [{"Node Type": "Seq Scan","Parent Relationship": "Outer","Parallel Aware": false,"Async Capable": false,"Relation Name": "supplier","Alias": "supplier","Startup Cost": 0.00,"Total Cost": 322.00,"Plan Rows": 10000,"Plan Width": 8,"Actual Startup Time": 0.036,"Actual Total Time": 6.327,"Actual Rows": 10000,"Actual Loops": 3,"Workers": []}]}]}]}]}]}]}]},"Planning Time": 9.902,"Triggers": [],"Execution Time": 834.900}]
[{"Plan": {"Node Type": "Sort","Parallel Aware": false,"Async Capable": false,"Startup Cost": 21612.43,"Total Cost": 21612.50,"Plan Rows": 25,"Plan Width": 136,"Actual Startup Time": 835.932,"Actual Total Time": 867.365,"Actual Rows": 5,"Actual Loops": 1,"Sort Key": ["(sum((lineitem.l_extendedprice * ('1'::numeric - lineitem.l_discount)))) DESC"],"Sort Method": "quicksort","Sort Space Used": 25,"Sort Space Type": "Memory","Plans": [{"Node Type": "Aggregate","Strategy": "Sorted","Partial Mode": "Finalize","Parent Relationship": "Outer","Parallel Aware": false,"Async Capable": false,"Startup Cost": 21597.38,"Total Cost": 21611.85,"Plan Rows": 25,"Plan Width": 136,"Actual Startup Time": 835.364,"Actual Total Time": 867.318,"Actual Rows": 5,"Actual Loops": 1,"Group Key": ["nation.n_name"],"Plans": [{"Node Type": "Gather Merge","Parent Relationship": "Outer","Parallel Aware": false,"Async Capable": false,"Startup Cost": 21597.38,"Total Cost": 21611.17,"Plan Rows": 50,"Plan Width": 136,"Actual Startup Time": 835.179,"Actual Total Time": 867.277,"Actual Rows": 15,"Actual Loops": 1,"Workers Planned": 2,"Workers Launched": 2,"Plans": [{"Node Type": "Aggregate","Strategy": "Sorted","Partial Mode": "Partial","Parent Relationship": "Outer","Parallel Aware": false,"Async Capable": false,"Startup Cost": 20597.36,"Total Cost": 20605.37,"Plan Rows": 25,"Plan Width": 136,"Actual Startup Time": 826.891,"Actual Total Time": 827.596,"Actual Rows": 5,"Actual Loops": 3,"Group Key": ["nation.n_name"],"Workers": [],"Plans": [{"Node Type": "Sort","Parent Relationship": "Outer","Parallel Aware": false,"Async Capable": false,"Startup Cost": 20597.36,"Total Cost": 20598.90,"Plan Rows": 616,"Plan Width": 116,"Actual Startup Time": 826.692,"Actual Total Time": 826.817,"Actual Rows": 2422,"Actual Loops": 3,"Sort Key": ["nation.n_name"],"Sort Method": "quicksort","Sort Space Used": 284,"Sort Space Type": "Memory","Workers": [{"Worker Number": 0,"Sort Method": "quicksort","Sort Space Used": 289,"Sort Space Type": "Memory"},{"Worker Number": 1,"Sort Method": "quicksort","Sort Space Used": 285,"Sort Space Type": "Memory"}],"Plans": [{"Node Type": "Hash Join","Parent Relationship": "Outer","Parallel Aware": false,"Async Capable": false,"Join Type": "Inner","Startup Cost": 475.27,"Total Cost": 20568.82,"Plan Rows": 616,"Plan Width": 116,"Actual Startup Time": 12.416,"Actual Total Time": 825.180,"Actual Rows": 2422,"Actual Loops": 3,"Inner Unique": true,"Hash Cond": "((lineitem.l_suppkey = supplier.s_suppkey) AND (customer.c_nationkey = supplier.s_nationkey))","Workers": [],"Plans": [{"Node Type": "Nested Loop","Parent Relationship": "Outer","Parallel Aware": false,"Async Capable": false,"Join Type": "Inner","Startup Cost": 3.27,"Total Cost": 20015.89,"Plan Rows": 15415,"Plan Width": 128,"Actual Startup Time": 0.717,"Actual Total Time": 776.964,"Actual Rows": 61524,"Actual Loops": 3,"Inner Unique": false,"Workers": [],"Plans": [{"Node Type": "Nested Loop","Parent Relationship": "Outer","Parallel Aware": false,"Async Capable": false,"Join Type": "Inner","Startup Cost": 2.84,"Total Cost": 8414.26,"Plan Rows": 3853,"Plan Width": 116,"Actual Startup Time": 0.594,"Actual Total Time": 468.318,"Actual Rows": 15364,"Actual Loops": 3,"Inner Unique": false,"Workers": [],"Plans": [{"Node Type": "Hash Join","Parent Relationship": "Outer","Parallel Aware": false,"Async Capable": false,"Join Type": "Inner","Startup Cost": 2.41,"Total Cost": 4471.79,"Plan Rows": 2500,"Plan Width": 116,"Actual Startup Time": 0.257,"Actual Total Time": 59.024,"Actual Rows": 10066,"Actual Loops": 3,"Inner Unique": false,"Hash Cond": "(customer.c_nationkey = nation.n_nationkey)","Workers": [],"Plans": [{"Node Type": "Seq Scan","Parent Relationship": "Outer","Parallel Aware": true,"Async Capable": false,"Relation Name": "customer","Alias": "customer","Startup Cost": 0.00,"Total Cost": 4210.00,"Plan Rows": 62500,"Plan Width": 8,"Actual Startup Time": 0.018,"Actual Total Time": 10.025,"Actual Rows": 50000,"Actual Loops": 3,"Workers": []},{"Node Type": "Hash","Parent Relationship": "Inner","Parallel Aware": false,"Async Capable": false,"Startup Cost": 2.40,"Total Cost": 2.40,"Plan Rows": 1,"Plan Width": 108,"Actual Startup Time": 0.151,"Actual Total Time": 0.168,"Actual Rows": 5,"Actual Loops": 3,"Hash Buckets": 1024,"Original Hash Buckets": 1024,"Hash Batches": 1,"Original Hash Batches": 1,"Peak Memory Usage": 9,"Workers": [],"Plans": [{"Node Type": "Hash Join","Parent Relationship": "Outer","Parallel Aware": false,"Async Capable": false,"Join Type": "Inner","Startup Cost": 1.07,"Total Cost": 2.40,"Plan Rows": 1,"Plan Width": 108,"Actual Startup Time": 0.138,"Actual Total Time": 0.159,"Actual Rows": 5,"Actual Loops": 3,"Inner Unique": true,"Hash Cond": "(nation.n_regionkey = region.r_regionkey)","Workers": [],"Plans": [{"Node Type": "Seq Scan","Parent Relationship": "Outer","Parallel Aware": false,"Async Capable": false,"Relation Name": "nation","Alias": "nation","Startup Cost": 0.00,"Total Cost": 1.25,"Plan Rows": 25,"Plan Width": 112,"Actual Startup Time": 0.050,"Actual Total Time": 0.055,"Actual Rows": 25,"Actual Loops": 3,"Workers": []},{"Node Type": "Hash","Parent Relationship": "Inner","Parallel Aware": false,"Async Capable": false,"Startup Cost": 1.06,"Total Cost": 1.06,"Plan Rows": 1,"Plan Width": 4,"Actual Startup Time": 0.059,"Actual Total Time": 0.064,"Actual Rows": 1,"Actual Loops": 3,"Hash Buckets": 1024,"Original Hash Buckets": 1024,"Hash Batches": 1,"Original Hash Batches": 1,"Peak Memory Usage": 9,"Workers": [],"Plans": [{"Node Type": "Seq Scan","Parent Relationship": "Outer","Parallel Aware": false,"Async Capable": false,"Relation Name": "region","Alias": "region","Startup Cost": 0.00,"Total Cost": 1.06,"Plan Rows": 1,"Plan Width": 4,"Actual Startup Time": 0.043,"Actual Total Time": 0.045,"Actual Rows": 1,"Actual Loops": 3,"Filter": "(r_name = 'EUROPE'::bpchar)","Rows Removed by Filter": 4,"Workers": []}]}]}]}]},{"Node Type": "Index Scan","Parent Relationship": "Inner","Parallel Aware": false,"Async Capable": false,"Scan Direction": "Forward","Index Name": "idx_orders_custkey","Relation Name": "orders","Alias": "orders","Startup Cost": 0.43,"Total Cost": 1.55,"Plan Rows": 3,"Plan Width": 8,"Actual Startup Time": 0.017,"Actual Total Time": 0.040,"Actual Rows": 2,"Actual Loops": 30197,"Index Cond": "(o_custkey = customer.c_custkey)","Rows Removed by Index Recheck": 0,"Filter": "((o_orderdate >= '1994-01-01'::date) AND (o_orderdate < '1995-01-01 00:00:00'::timestamp without time zone))","Rows Removed by Filter": 9,"Workers": []}]},{"Node Type": "Index Scan","Parent Relationship": "Inner","Parallel Aware": false,"Async Capable": false,"Scan Direction": "Forward","Index Name": "idx_lineitem_orderkey","Relation Name": "lineitem","Alias": "lineitem","Startup Cost": 0.43,"Total Cost": 2.84,"Plan Rows": 17,"Plan Width": 20,"Actual Startup Time": 0.017,"Actual Total Time": 0.019,"Actual Rows": 4,"Actual Loops": 46093,"Index Cond": "(l_orderkey = orders.o_orderkey)","Rows Removed by Index Recheck": 0,"Workers": []}]},{"Node Type": "Hash","Parent Relationship": "Inner","Parallel Aware": false,"Async Capable": false,"Startup Cost": 322.00,"Total Cost": 322.00,"Plan Rows": 10000,"Plan Width": 8,"Actual Startup Time": 10.479,"Actual Total Time": 10.484,"Actual Rows": 10000,"Actual Loops": 3,"Hash Buckets": 16384,"Original Hash Buckets": 16384,"Hash Batches": 1,"Original Hash Batches": 1,"Peak Memory Usage": 519,"Workers": [],"Plans": [{"Node Type": "Seq Scan","Parent Relationship": "Outer","Parallel Aware": false,"Async Capable": false,"Relation Name": "supplier","Alias": "supplier","Startup Cost": 0.00,"Total Cost": 322.00,"Plan Rows": 10000,"Plan Width": 8,"Actual Startup Time": 0.042,"Actual Total Time": 8.711,"Actual Rows": 10000,"Actual Loops": 3,"Workers": []}]}]}]}]}]}]}]},"Planning Time": 9.647,"Triggers": [],"Execution Time": 867.883}]
[{"Plan": {"Node Type": "Sort","Parallel Aware": false,"Async Capable": false,"Startup Cost": 21565.81,"Total Cost": 21565.87,"Plan Rows": 25,"Plan Width": 136,"Actual Startup Time": 833.811,"Actual Total Time": 865.523,"Actual Rows": 5,"Actual Loops": 1,"Sort Key": ["(sum((lineitem.l_extendedprice * ('1'::numeric - lineitem.l_discount)))) DESC"],"Sort Method": "quicksort","Sort Space Used": 25,"Sort Space Type": "Memory","Plans": [{"Node Type": "Aggregate","Strategy": "Sorted","Partial Mode": "Finalize","Parent Relationship": "Outer","Parallel Aware": false,"Async Capable": false,"Startup Cost": 21550.86,"Total Cost": 21565.23,"Plan Rows": 25,"Plan Width": 136,"Actual Startup Time": 833.271,"Actual Total Time": 865.478,"Actual Rows": 5,"Actual Loops": 1,"Group Key": ["nation.n_name"],"Plans": [{"Node Type": "Gather Merge","Parent Relationship": "Outer","Parallel Aware": false,"Async Capable": false,"Startup Cost": 21550.86,"Total Cost": 21564.54,"Plan Rows": 50,"Plan Width": 136,"Actual Startup Time": 833.025,"Actual Total Time": 865.435,"Actual Rows": 15,"Actual Loops": 1,"Workers Planned": 2,"Workers Launched": 2,"Plans": [{"Node Type": "Aggregate","Strategy": "Sorted","Partial Mode": "Partial","Parent Relationship": "Outer","Parallel Aware": false,"Async Capable": false,"Startup Cost": 20550.84,"Total Cost": 20558.75,"Plan Rows": 25,"Plan Width": 136,"Actual Startup Time": 825.546,"Actual Total Time": 826.255,"Actual Rows": 5,"Actual Loops": 3,"Group Key": ["nation.n_name"],"Workers": [],"Plans": [{"Node Type": "Sort","Parent Relationship": "Outer","Parallel Aware": false,"Async Capable": false,"Startup Cost": 20550.84,"Total Cost": 20552.36,"Plan Rows": 608,"Plan Width": 116,"Actual Startup Time": 825.323,"Actual Total Time": 825.450,"Actual Rows": 2415,"Actual Loops": 3,"Sort Key": ["nation.n_name"],"Sort Method": "quicksort","Sort Space Used": 281,"Sort Space Type": "Memory","Workers": [{"Worker Number": 0,"Sort Method": "quicksort","Sort Space Used": 286,"Sort Space Type": "Memory"},{"Worker Number": 1,"Sort Method": "quicksort","Sort Space Used": 289,"Sort Space Type": "Memory"}],"Plans": [{"Node Type": "Hash Join","Parent Relationship": "Outer","Parallel Aware": false,"Async Capable": false,"Join Type": "Inner","Startup Cost": 475.27,"Total Cost": 20522.72,"Plan Rows": 608,"Plan Width": 116,"Actual Startup Time": 12.893,"Actual Total Time": 823.841,"Actual Rows": 2415,"Actual Loops": 3,"Inner Unique": true,"Hash Cond": "((lineitem.l_suppkey = supplier.s_suppkey) AND (customer.c_nationkey = supplier.s_nationkey))","Workers": [],"Plans": [{"Node Type": "Nested Loop","Parent Relationship": "Outer","Parallel Aware": false,"Async Capable": false,"Join Type": "Inner","Startup Cost": 3.27,"Total Cost": 19970.84,"Plan Rows": 15215,"Plan Width": 128,"Actual Startup Time": 0.809,"Actual Total Time": 777.035,"Actual Rows": 60714,"Actual Loops": 3,"Inner Unique": false,"Workers": [],"Plans": [{"Node Type": "Nested Loop","Parent Relationship": "Outer","Parallel Aware": false,"Async Capable": false,"Join Type": "Inner","Startup Cost": 2.84,"Total Cost": 8414.26,"Plan Rows": 3803,"Plan Width": 116,"Actual Startup Time": 0.660,"Actual Total Time": 471.667,"Actual Rows": 15226,"Actual Loops": 3,"Inner Unique": false,"Workers": [],"Plans": [{"Node Type": "Hash Join","Parent Relationship": "Outer","Parallel Aware": false,"Async Capable": false,"Join Type": "Inner","Startup Cost": 2.41,"Total Cost": 4471.79,"Plan Rows": 2500,"Plan Width": 116,"Actual Startup Time": 0.276,"Actual Total Time": 59.829,"Actual Rows": 10066,"Actual Loops": 3,"Inner Unique": false,"Hash Cond": "(customer.c_nationkey = nation.n_nationkey)","Workers": [],"Plans": [{"Node Type": "Seq Scan","Parent Relationship": "Outer","Parallel Aware": true,"Async Capable": false,"Relation Name": "customer","Alias": "customer","Startup Cost": 0.00,"Total Cost": 4210.00,"Plan Rows": 62500,"Plan Width": 8,"Actual Startup Time": 0.021,"Actual Total Time": 10.083,"Actual Rows": 50000,"Actual Loops": 3,"Workers": []},{"Node Type": "Hash","Parent Relationship": "Inner","Parallel Aware": false,"Async Capable": false,"Startup Cost": 2.40,"Total Cost": 2.40,"Plan Rows": 1,"Plan Width": 108,"Actual Startup Time": 0.154,"Actual Total Time": 0.171,"Actual Rows": 5,"Actual Loops": 3,"Hash Buckets": 1024,"Original Hash Buckets": 1024,"Hash Batches": 1,"Original Hash Batches": 1,"Peak Memory Usage": 9,"Workers": [],"Plans": [{"Node Type": "Hash Join","Parent Relationship": "Outer","Parallel Aware": false,"Async Capable": false,"Join Type": "Inner","Startup Cost": 1.07,"Total Cost": 2.40,"Plan Rows": 1,"Plan Width": 108,"Actual Startup Time": 0.139,"Actual Total Time": 0.162,"Actual Rows": 5,"Actual Loops": 3,"Inner Unique": true,"Hash Cond": "(nation.n_regionkey = region.r_regionkey)","Workers": [],"Plans": [{"Node Type": "Seq Scan","Parent Relationship": "Outer","Parallel Aware": false,"Async Capable": false,"Relation Name": "nation","Alias": "nation","Startup Cost": 0.00,"Total Cost": 1.25,"Plan Rows": 25,"Plan Width": 112,"Actual Startup Time": 0.051,"Actual Total Time": 0.055,"Actual Rows": 25,"Actual Loops": 3,"Workers": []},{"Node Type": "Hash","Parent Relationship": "Inner","Parallel Aware": false,"Async Capable": false,"Startup Cost": 1.06,"Total Cost": 1.06,"Plan Rows": 1,"Plan Width": 4,"Actual Startup Time": 0.057,"Actual Total Time": 0.063,"Actual Rows": 1,"Actual Loops": 3,"Hash Buckets": 1024,"Original Hash Buckets": 1024,"Hash Batches": 1,"Original Hash Batches": 1,"Peak Memory Usage": 9,"Workers": [],"Plans": [{"Node Type": "Seq Scan","Parent Relationship": "Outer","Parallel Aware": false,"Async Capable": false,"Relation Name": "region","Alias": "region","Startup Cost": 0.00,"Total Cost": 1.06,"Plan Rows": 1,"Plan Width": 4,"Actual Startup Time": 0.043,"Actual Total Time": 0.045,"Actual Rows": 1,"Actual Loops": 3,"Filter": "(r_name = 'EUROPE'::bpchar)","Rows Removed by Filter": 4,"Workers": []}]}]}]}]},{"Node Type": "Index Scan","Parent Relationship": "Inner","Parallel Aware": false,"Async Capable": false,"Scan Direction": "Forward","Index Name": "idx_orders_custkey","Relation Name": "orders","Alias": "orders","Startup Cost": 0.43,"Total Cost": 1.55,"Plan Rows": 3,"Plan Width": 8,"Actual Startup Time": 0.017,"Actual Total Time": 0.041,"Actual Rows": 2,"Actual Loops": 30197,"Index Cond": "(o_custkey = customer.c_custkey)","Rows Removed by Index Recheck": 0,"Filter": "((o_orderdate >= '1997-01-01'::date) AND (o_orderdate < '1998-01-01 00:00:00'::timestamp without time zone))","Rows Removed by Filter": 9,"Workers": []}]},{"Node Type": "Index Scan","Parent Relationship": "Inner","Parallel Aware": false,"Async Capable": false,"Scan Direction": "Forward","Index Name": "idx_lineitem_orderkey","Relation Name": "lineitem","Alias": "lineitem","Startup Cost": 0.43,"Total Cost": 2.87,"Plan Rows": 17,"Plan Width": 20,"Actual Startup Time": 0.017,"Actual Total Time": 0.019,"Actual Rows": 4,"Actual Loops": 45677,"Index Cond": "(l_orderkey = orders.o_orderkey)","Rows Removed by Index Recheck": 0,"Workers": []}]},{"Node Type": "Hash","Parent Relationship": "Inner","Parallel Aware": false,"Async Capable": false,"Startup Cost": 322.00,"Total Cost": 322.00,"Plan Rows": 10000,"Plan Width": 8,"Actual Startup Time": 11.560,"Actual Total Time": 11.566,"Actual Rows": 10000,"Actual Loops": 3,"Hash Buckets": 16384,"Original Hash Buckets": 16384,"Hash Batches": 1,"Original Hash Batches": 1,"Peak Memory Usage": 519,"Workers": [],"Plans": [{"Node Type": "Seq Scan","Parent Relationship": "Outer","Parallel Aware": false,"Async Capable": false,"Relation Name": "supplier","Alias": "supplier","Startup Cost": 0.00,"Total Cost": 322.00,"Plan Rows": 10000,"Plan Width": 8,"Actual Startup Time": 0.053,"Actual Total Time": 9.758,"Actual Rows": 10000,"Actual Loops": 3,"Workers": []}]}]}]}]}]}]}]},"Planning Time": 11.054,"Triggers": [],"Execution Time": 866.075}]
[{"Plan": {"Node Type": "Sort","Parallel Aware": false,"Async Capable": false,"Startup Cost": 21522.30,"Total Cost": 21522.36,"Plan Rows": 25,"Plan Width": 136,"Actual Startup Time": 815.371,"Actual Total Time": 846.364,"Actual Rows": 5,"Actual Loops": 1,"Sort Key": ["(sum((lineitem.l_extendedprice * ('1'::numeric - lineitem.l_discount)))) DESC"],"Sort Method": "quicksort","Sort Space Used": 25,"Sort Space Type": "Memory","Plans": [{"Node Type": "Aggregate","Strategy": "Sorted","Partial Mode": "Finalize","Parent Relationship": "Outer","Parallel Aware": false,"Async Capable": false,"Startup Cost": 21507.43,"Total Cost": 21521.72,"Plan Rows": 25,"Plan Width": 136,"Actual Startup Time": 814.708,"Actual Total Time": 846.319,"Actual Rows": 5,"Actual Loops": 1,"Group Key": ["nation.n_name"],"Plans": [{"Node Type": "Gather Merge","Parent Relationship": "Outer","Parallel Aware": false,"Async Capable": false,"Startup Cost": 21507.43,"Total Cost": 21521.03,"Plan Rows": 50,"Plan Width": 136,"Actual Startup Time": 814.181,"Actual Total Time": 846.266,"Actual Rows": 15,"Actual Loops": 1,"Workers Planned": 2,"Workers Launched": 2,"Plans": [{"Node Type": "Aggregate","Strategy": "Sorted","Partial Mode": "Partial","Parent Relationship": "Outer","Parallel Aware": false,"Async Capable": false,"Startup Cost": 20507.41,"Total Cost": 20515.23,"Plan Rows": 25,"Plan Width": 136,"Actual Startup Time": 806.060,"Actual Total Time": 806.902,"Actual Rows": 5,"Actual Loops": 3,"Group Key": ["nation.n_name"],"Workers": [],"Plans": [{"Node Type": "Sort","Parent Relationship": "Outer","Parallel Aware": false,"Async Capable": false,"Startup Cost": 20507.41,"Total Cost": 20508.91,"Plan Rows": 601,"Plan Width": 116,"Actual Startup Time": 805.845,"Actual Total Time": 805.988,"Actual Rows": 2405,"Actual Loops": 3,"Sort Key": ["nation.n_name"],"Sort Method": "quicksort","Sort Space Used": 288,"Sort Space Type": "Memory","Workers": [{"Worker Number": 0,"Sort Method": "quicksort","Sort Space Used": 282,"Sort Space Type": "Memory"},{"Worker Number": 1,"Sort Method": "quicksort","Sort Space Used": 284,"Sort Space Type": "Memory"}],"Plans": [{"Node Type": "Hash Join","Parent Relationship": "Outer","Parallel Aware": false,"Async Capable": false,"Join Type": "Inner","Startup Cost": 475.27,"Total Cost": 20479.67,"Plan Rows": 601,"Plan Width": 116,"Actual Startup Time": 14.857,"Actual Total Time": 804.339,"Actual Rows": 2405,"Actual Loops": 3,"Inner Unique": true,"Hash Cond": "((lineitem.l_suppkey = supplier.s_suppkey) AND (customer.c_nationkey = supplier.s_nationkey))","Workers": [],"Plans": [{"Node Type": "Nested Loop","Parent Relationship": "Outer","Parallel Aware": false,"Async Capable": false,"Join Type": "Inner","Startup Cost": 3.27,"Total Cost": 19928.78,"Plan Rows": 15027,"Plan Width": 128,"Actual Startup Time": 0.928,"Actual Total Time": 758.714,"Actual Rows": 60519,"Actual Loops": 3,"Inner Unique": false,"Workers": [],"Plans": [{"Node Type": "Nested Loop","Parent Relationship": "Outer","Parallel Aware": false,"Async Capable": false,"Join Type": "Inner","Startup Cost": 2.84,"Total Cost": 8414.26,"Plan Rows": 3756,"Plan Width": 116,"Actual Startup Time": 0.799,"Actual Total Time": 454.413,"Actual Rows": 15151,"Actual Loops": 3,"Inner Unique": false,"Workers": [],"Plans": [{"Node Type": "Hash Join","Parent Relationship": "Outer","Parallel Aware": false,"Async Capable": false,"Join Type": "Inner","Startup Cost": 2.41,"Total Cost": 4471.79,"Plan Rows": 2500,"Plan Width": 116,"Actual Startup Time": 0.321,"Actual Total Time": 54.810,"Actual Rows": 10061,"Actual Loops": 3,"Inner Unique": false,"Hash Cond": "(customer.c_nationkey = nation.n_nationkey)","Workers": [],"Plans": [{"Node Type": "Seq Scan","Parent Relationship": "Outer","Parallel Aware": true,"Async Capable": false,"Relation Name": "customer","Alias": "customer","Startup Cost": 0.00,"Total Cost": 4210.00,"Plan Rows": 62500,"Plan Width": 8,"Actual Startup Time": 0.016,"Actual Total Time": 9.647,"Actual Rows": 50000,"Actual Loops": 3,"Workers": []},{"Node Type": "Hash","Parent Relationship": "Inner","Parallel Aware": false,"Async Capable": false,"Startup Cost": 2.40,"Total Cost": 2.40,"Plan Rows": 1,"Plan Width": 108,"Actual Startup Time": 0.190,"Actual Total Time": 0.209,"Actual Rows": 5,"Actual Loops": 3,"Hash Buckets": 1024,"Original Hash Buckets": 1024,"Hash Batches": 1,"Original Hash Batches": 1,"Peak Memory Usage": 9,"Workers": [],"Plans": [{"Node Type": "Hash Join","Parent Relationship": "Outer","Parallel Aware": false,"Async Capable": false,"Join Type": "Inner","Startup Cost": 1.07,"Total Cost": 2.40,"Plan Rows": 1,"Plan Width": 108,"Actual Startup Time": 0.173,"Actual Total Time": 0.196,"Actual Rows": 5,"Actual Loops": 3,"Inner Unique": true,"Hash Cond": "(nation.n_regionkey = region.r_regionkey)","Workers": [],"Plans": [{"Node Type": "Seq Scan","Parent Relationship": "Outer","Parallel Aware": false,"Async Capable": false,"Relation Name": "nation","Alias": "nation","Startup Cost": 0.00,"Total Cost": 1.25,"Plan Rows": 25,"Plan Width": 112,"Actual Startup Time": 0.080,"Actual Total Time": 0.084,"Actual Rows": 25,"Actual Loops": 3,"Workers": []},{"Node Type": "Hash","Parent Relationship": "Inner","Parallel Aware": false,"Async Capable": false,"Startup Cost": 1.06,"Total Cost": 1.06,"Plan Rows": 1,"Plan Width": 4,"Actual Startup Time": 0.060,"Actual Total Time": 0.067,"Actual Rows": 1,"Actual Loops": 3,"Hash Buckets": 1024,"Original Hash Buckets": 1024,"Hash Batches": 1,"Original Hash Batches": 1,"Peak Memory Usage": 9,"Workers": [],"Plans": [{"Node Type": "Seq Scan","Parent Relationship": "Outer","Parallel Aware": false,"Async Capable": false,"Relation Name": "region","Alias": "region","Startup Cost": 0.00,"Total Cost": 1.06,"Plan Rows": 1,"Plan Width": 4,"Actual Startup Time": 0.046,"Actual Total Time": 0.049,"Actual Rows": 1,"Actual Loops": 3,"Filter": "(r_name = 'ASIA'::bpchar)","Rows Removed by Filter": 4,"Workers": []}]}]}]}]},{"Node Type": "Index Scan","Parent Relationship": "Inner","Parallel Aware": false,"Async Capable": false,"Scan Direction": "Forward","Index Name": "idx_orders_custkey","Relation Name": "orders","Alias": "orders","Startup Cost": 0.43,"Total Cost": 1.55,"Plan Rows": 3,"Plan Width": 8,"Actual Startup Time": 0.017,"Actual Total Time": 0.039,"Actual Rows": 2,"Actual Loops": 30183,"Index Cond": "(o_custkey = customer.c_custkey)","Rows Removed by Index Recheck": 0,"Filter": "((o_orderdate >= '1993-01-01'::date) AND (o_orderdate < '1994-01-01 00:00:00'::timestamp without time zone))","Rows Removed by Filter": 8,"Workers": []}]},{"Node Type": "Index Scan","Parent Relationship": "Inner","Parallel Aware": false,"Async Capable": false,"Scan Direction": "Forward","Index Name": "idx_lineitem_orderkey","Relation Name": "lineitem","Alias": "lineitem","Startup Cost": 0.43,"Total Cost": 2.90,"Plan Rows": 17,"Plan Width": 20,"Actual Startup Time": 0.017,"Actual Total Time": 0.019,"Actual Rows": 4,"Actual Loops": 45452,"Index Cond": "(l_orderkey = orders.o_orderkey)","Rows Removed by Index Recheck": 0,"Workers": []}]},{"Node Type": "Hash","Parent Relationship": "Inner","Parallel Aware": false,"Async Capable": false,"Startup Cost": 322.00,"Total Cost": 322.00,"Plan Rows": 10000,"Plan Width": 8,"Actual Startup Time": 13.249,"Actual Total Time": 13.253,"Actual Rows": 10000,"Actual Loops": 3,"Hash Buckets": 16384,"Original Hash Buckets": 16384,"Hash Batches": 1,"Original Hash Batches": 1,"Peak Memory Usage": 519,"Workers": [],"Plans": [{"Node Type": "Seq Scan","Parent Relationship": "Outer","Parallel Aware": false,"Async Capable": false,"Relation Name": "supplier","Alias": "supplier","Startup Cost": 0.00,"Total Cost": 322.00,"Plan Rows": 10000,"Plan Width": 8,"Actual Startup Time": 0.061,"Actual Total Time": 11.553,"Actual Rows": 10000,"Actual Loops": 3,"Workers": []}]}]}]}]}]}]}]},"Planning Time": 10.259,"Triggers": [],"Execution Time": 846.817}]
[{"Plan": {"Node Type": "Sort","Parallel Aware": false,"Async Capable": false,"Startup Cost": 21522.30,"Total Cost": 21522.36,"Plan Rows": 25,"Plan Width": 136,"Actual Startup Time": 815.371,"Actual Total Time": 846.364,"Actual Rows": 5,"Actual Loops": 1,"Sort Key": ["(sum((lineitem.l_extendedprice * ('1'::numeric - lineitem.l_discount)))) DESC"],"Sort Method": "quicksort","Sort Space Used": 25,"Sort Space Type": "Memory","Plans": [{"Node Type": "Aggregate","Strategy": "Sorted","Partial Mode": "Finalize","Parent Relationship": "Outer","Parallel Aware": false,"Async Capable": false,"Startup Cost": 21507.43,"Total Cost": 21521.72,"Plan Rows": 25,"Plan Width": 136,"Actual Startup Time": 814.708,"Actual Total Time": 846.319,"Actual Rows": 5,"Actual Loops": 1,"Group Key": ["nation.n_name"],"Plans": [{"Node Type": "Gather Merge","Parent Relationship": "Outer","Parallel Aware": false,"Async Capable": false,"Startup Cost": 21507.43,"Total Cost": 21521.03,"Plan Rows": 50,"Plan Width": 136,"Actual Startup Time": 814.181,"Actual Total Time": 846.266,"Actual Rows": 15,"Actual Loops": 1,"Workers Planned": 2,"Workers Launched": 2,"Plans": [{"Node Type": "Aggregate","Strategy": "Sorted","Partial Mode": "Partial","Parent Relationship": "Outer","Parallel Aware": false,"Async Capable": false,"Startup Cost": 20507.41,"Total Cost": 20515.23,"Plan Rows": 25,"Plan Width": 136,"Actual Startup Time": 806.060,"Actual Total Time": 806.902,"Actual Rows": 5,"Actual Loops": 3,"Group Key": ["nation.n_name"],"Workers": [],"Plans": [{"Node Type": "Sort","Parent Relationship": "Outer","Parallel Aware": false,"Async Capable": false,"Startup Cost": 20507.41,"Total Cost": 20508.91,"Plan Rows": 601,"Plan Width": 116,"Actual Startup Time": 805.845,"Actual Total Time": 805.988,"Actual Rows": 2405,"Actual Loops": 3,"Sort Key": ["nation.n_name"],"Sort Method": "quicksort","Sort Space Used": 288,"Sort Space Type": "Memory","Workers": [{"Worker Number": 0,"Sort Method": "quicksort","Sort Space Used": 282,"Sort Space Type": "Memory"},{"Worker Number": 1,"Sort Method": "quicksort","Sort Space Used": 284,"Sort Space Type": "Memory"}],"Plans": [{"Node Type": "Hash Join","Parent Relationship": "Outer","Parallel Aware": false,"Async Capable": false,"Join Type": "Inner","Startup Cost": 475.27,"Total Cost": 20479.67,"Plan Rows": 601,"Plan Width": 116,"Actual Startup Time": 14.857,"Actual Total Time": 804.339,"Actual Rows": 2405,"Actual Loops": 3,"Inner Unique": true,"Hash Cond": "((lineitem.l_suppkey = supplier.s_suppkey) AND (customer.c_nationkey = supplier.s_nationkey))","Workers": [],"Plans": [{"Node Type": "Nested Loop","Parent Relationship": "Outer","Parallel Aware": false,"Async Capable": false,"Join Type": "Inner","Startup Cost": 3.27,"Total Cost": 19928.78,"Plan Rows": 15027,"Plan Width": 128,"Actual Startup Time": 0.928,"Actual Total Time": 758.714,"Actual Rows": 60519,"Actual Loops": 3,"Inner Unique": false,"Workers": [],"Plans": [{"Node Type": "Nested Loop","Parent Relationship": "Outer","Parallel Aware": false,"Async Capable": false,"Join Type": "Inner","Startup Cost": 2.84,"Total Cost": 8414.26,"Plan Rows": 3756,"Plan Width": 116,"Actual Startup Time": 0.799,"Actual Total Time": 454.413,"Actual Rows": 15151,"Actual Loops": 3,"Inner Unique": false,"Workers": [],"Plans": [{"Node Type": "Hash Join","Parent Relationship": "Outer","Parallel Aware": false,"Async Capable": false,"Join Type": "Inner","Startup Cost": 2.41,"Total Cost": 4471.79,"Plan Rows": 2500,"Plan Width": 116,"Actual Startup Time": 0.321,"Actual Total Time": 54.810,"Actual Rows": 10061,"Actual Loops": 3,"Inner Unique": false,"Hash Cond": "(customer.c_nationkey = nation.n_nationkey)","Workers": [],"Plans": [{"Node Type": "Seq Scan","Parent Relationship": "Outer","Parallel Aware": true,"Async Capable": false,"Relation Name": "customer","Alias": "customer","Startup Cost": 0.00,"Total Cost": 4210.00,"Plan Rows": 62500,"Plan Width": 8,"Actual Startup Time": 0.016,"Actual Total Time": 9.647,"Actual Rows": 50000,"Actual Loops": 3,"Workers": []},{"Node Type": "Hash","Parent Relationship": "Inner","Parallel Aware": false,"Async Capable": false,"Startup Cost": 2.40,"Total Cost": 2.40,"Plan Rows": 1,"Plan Width": 108,"Actual Startup Time": 0.190,"Actual Total Time": 0.209,"Actual Rows": 5,"Actual Loops": 3,"Hash Buckets": 1024,"Original Hash Buckets": 1024,"Hash Batches": 1,"Original Hash Batches": 1,"Peak Memory Usage": 9,"Workers": [],"Plans": [{"Node Type": "Hash Join","Parent Relationship": "Outer","Parallel Aware": false,"Async Capable": false,"Join Type": "Inner","Startup Cost": 1.07,"Total Cost": 2.40,"Plan Rows": 1,"Plan Width": 108,"Actual Startup Time": 0.173,"Actual Total Time": 0.196,"Actual Rows": 5,"Actual Loops": 3,"Inner Unique": true,"Hash Cond": "(nation.n_regionkey = region.r_regionkey)","Workers": [],"Plans": [{"Node Type": "Seq Scan","Parent Relationship": "Outer","Parallel Aware": false,"Async Capable": false,"Relation Name": "nation","Alias": "nation","Startup Cost": 0.00,"Total Cost": 1.25,"Plan Rows": 25,"Plan Width": 112,"Actual Startup Time": 0.080,"Actual Total Time": 0.084,"Actual Rows": 25,"Actual Loops": 3,"Workers": []},{"Node Type": "Hash","Parent Relationship": "Inner","Parallel Aware": false,"Async Capable": false,"Startup Cost": 1.06,"Total Cost": 1.06,"Plan Rows": 1,"Plan Width": 4,"Actual Startup Time": 0.060,"Actual Total Time": 0.067,"Actual Rows": 1,"Actual Loops": 3,"Hash Buckets": 1024,"Original Hash Buckets": 1024,"Hash Batches": 1,"Original Hash Batches": 1,"Peak Memory Usage": 9,"Workers": [],"Plans": [{"Node Type": "Seq Scan","Parent Relationship": "Outer","Parallel Aware": false,"Async Capable": false,"Relation Name": "region","Alias": "region","Startup Cost": 0.00,"Total Cost": 1.06,"Plan Rows": 1,"Plan Width": 4,"Actual Startup Time": 0.046,"Actual Total Time": 0.049,"Actual Rows": 1,"Actual Loops": 3,"Filter": "(r_name = 'ASIA'::bpchar)","Rows Removed by Filter": 4,"Workers": []}]}]}]}]},{"Node Type": "Index Scan","Parent Relationship": "Inner","Parallel Aware": false,"Async Capable": false,"Scan Direction": "Forward","Index Name": "idx_orders_custkey","Relation Name": "orders","Alias": "orders","Startup Cost": 0.43,"Total Cost": 1.55,"Plan Rows": 3,"Plan Width": 8,"Actual Startup Time": 0.017,"Actual Total Time": 0.039,"Actual Rows": 2,"Actual Loops": 30183,"Index Cond": "(o_custkey = customer.c_custkey)","Rows Removed by Index Recheck": 0,"Filter": "((o_orderdate >= '1993-01-01'::date) AND (o_orderdate < '1994-01-01 00:00:00'::timestamp without time zone))","Rows Removed by Filter": 8,"Workers": []}]},{"Node Type": "Index Scan","Parent Relationship": "Inner","Parallel Aware": false,"Async Capable": false,"Scan Direction": "Forward","Index Name": "idx_lineitem_orderkey","Relation Name": "lineitem","Alias": "lineitem","Startup Cost": 0.43,"Total Cost": 2.90,"Plan Rows": 17,"Plan Width": 20,"Actual Startup Time": 0.017,"Actual Total Time": 0.019,"Actual Rows": 4,"Actual Loops": 45452,"Index Cond": "(l_orderkey = orders.o_orderkey)","Rows Removed by Index Recheck": 0,"Workers": []}]},{"Node Type": "Hash","Parent Relationship": "Inner","Parallel Aware": false,"Async Capable": false,"Startup Cost": 322.00,"Total Cost": 322.00,"Plan Rows": 10000,"Plan Width": 8,"Actual Startup Time": 13.249,"Actual Total Time": 13.253,"Actual Rows": 10000,"Actual Loops": 3,"Hash Buckets": 16384,"Original Hash Buckets": 16384,"Hash Batches": 1,"Original Hash Batches": 1,"Peak Memory Usage": 519,"Workers": [],"Plans": [{"Node Type": "Seq Scan","Parent Relationship": "Outer","Parallel Aware": false,"Async Capable": false,"Relation Name": "supplier","Alias": "supplier","Startup Cost": 0.00,"Total Cost": 322.00,"Plan Rows": 10000,"Plan Width": 8,"Actual Startup Time": 0.061,"Actual Total Time": 11.553,"Actual Rows": 10000,"Actual Loops": 3,"Workers": []}]}]}]}]}]}]}]},"Planning Time": 10.259,"Triggers": [],"Execution Time": 846.817}]
[{"Plan": {"Node Type": "Sort","Parallel Aware": false,"Async Capable": false,"Startup Cost": 21616.39,"Total Cost": 21616.45,"Plan Rows": 25,"Plan Width": 136,"Actual Startup Time": 804.800,"Actual Total Time": 836.793,"Actual Rows": 5,"Actual Loops": 1,"Sort Key": ["(sum((lineitem.l_extendedprice * ('1'::numeric - lineitem.l_discount)))) DESC"],"Sort Method": "quicksort","Sort Space Used": 25,"Sort Space Type": "Memory","Plans": [{"Node Type": "Aggregate","Strategy": "Sorted","Partial Mode": "Finalize","Parent Relationship": "Outer","Parallel Aware": false,"Async Capable": false,"Startup Cost": 21601.33,"Total Cost": 21615.81,"Plan Rows": 25,"Plan Width": 136,"Actual Startup Time": 804.196,"Actual Total Time": 836.738,"Actual Rows": 5,"Actual Loops": 1,"Group Key": ["nation.n_name"],"Plans": [{"Node Type": "Gather Merge","Parent Relationship": "Outer","Parallel Aware": false,"Async Capable": false,"Startup Cost": 21601.33,"Total Cost": 21615.12,"Plan Rows": 50,"Plan Width": 136,"Actual Startup Time": 803.537,"Actual Total Time": 836.675,"Actual Rows": 15,"Actual Loops": 1,"Workers Planned": 2,"Workers Launched": 2,"Plans": [{"Node Type": "Aggregate","Strategy": "Sorted","Partial Mode": "Partial","Parent Relationship": "Outer","Parallel Aware": false,"Async Capable": false,"Startup Cost": 20601.30,"Total Cost": 20609.33,"Plan Rows": 25,"Plan Width": 136,"Actual Startup Time": 795.499,"Actual Total Time": 796.369,"Actual Rows": 5,"Actual Loops": 3,"Group Key": ["nation.n_name"],"Workers": [],"Plans": [{"Node Type": "Sort","Parent Relationship": "Outer","Parallel Aware": false,"Async Capable": false,"Startup Cost": 20601.30,"Total Cost": 20602.85,"Plan Rows": 617,"Plan Width": 116,"Actual Startup Time": 795.285,"Actual Total Time": 795.436,"Actual Rows": 2498,"Actual Loops": 3,"Sort Key": ["nation.n_name"],"Sort Method": "quicksort","Sort Space Used": 299,"Sort Space Type": "Memory","Workers": [{"Worker Number": 0,"Sort Method": "quicksort","Sort Space Used": 291,"Sort Space Type": "Memory"},{"Worker Number": 1,"Sort Method": "quicksort","Sort Space Used": 284,"Sort Space Type": "Memory"}],"Plans": [{"Node Type": "Hash Join","Parent Relationship": "Outer","Parallel Aware": false,"Async Capable": false,"Join Type": "Inner","Startup Cost": 475.27,"Total Cost": 20572.71,"Plan Rows": 617,"Plan Width": 116,"Actual Startup Time": 14.014,"Actual Total Time": 793.817,"Actual Rows": 2498,"Actual Loops": 3,"Inner Unique": true,"Hash Cond": "((lineitem.l_suppkey = supplier.s_suppkey) AND (customer.c_nationkey = supplier.s_nationkey))","Workers": [],"Plans": [{"Node Type": "Nested Loop","Parent Relationship": "Outer","Parallel Aware": false,"Async Capable": false,"Join Type": "Inner","Startup Cost": 3.27,"Total Cost": 20019.70,"Plan Rows": 15431,"Plan Width": 128,"Actual Startup Time": 0.837,"Actual Total Time": 749.002,"Actual Rows": 60742,"Actual Loops": 3,"Inner Unique": false,"Workers": [],"Plans": [{"Node Type": "Nested Loop","Parent Relationship": "Outer","Parallel Aware": false,"Async Capable": false,"Join Type": "Inner","Startup Cost": 2.84,"Total Cost": 8414.26,"Plan Rows": 3857,"Plan Width": 116,"Actual Startup Time": 0.706,"Actual Total Time": 447.815,"Actual Rows": 15183,"Actual Loops": 3,"Inner Unique": false,"Workers": [],"Plans": [{"Node Type": "Hash Join","Parent Relationship": "Outer","Parallel Aware": false,"Async Capable": false,"Join Type": "Inner","Startup Cost": 2.41,"Total Cost": 4471.79,"Plan Rows": 2500,"Plan Width": 116,"Actual Startup Time": 0.258,"Actual Total Time": 55.848,"Actual Rows": 9984,"Actual Loops": 3,"Inner Unique": false,"Hash Cond": "(customer.c_nationkey = nation.n_nationkey)","Workers": [],"Plans": [{"Node Type": "Seq Scan","Parent Relationship": "Outer","Parallel Aware": true,"Async Capable": false,"Relation Name": "customer","Alias": "customer","Startup Cost": 0.00,"Total Cost": 4210.00,"Plan Rows": 62500,"Plan Width": 8,"Actual Startup Time": 0.017,"Actual Total Time": 9.503,"Actual Rows": 50000,"Actual Loops": 3,"Workers": []},{"Node Type": "Hash","Parent Relationship": "Inner","Parallel Aware": false,"Async Capable": false,"Startup Cost": 2.40,"Total Cost": 2.40,"Plan Rows": 1,"Plan Width": 108,"Actual Startup Time": 0.153,"Actual Total Time": 0.178,"Actual Rows": 5,"Actual Loops": 3,"Hash Buckets": 1024,"Original Hash Buckets": 1024,"Hash Batches": 1,"Original Hash Batches": 1,"Peak Memory Usage": 9,"Workers": [],"Plans": [{"Node Type": "Hash Join","Parent Relationship": "Outer","Parallel Aware": false,"Async Capable": false,"Join Type": "Inner","Startup Cost": 1.07,"Total Cost": 2.40,"Plan Rows": 1,"Plan Width": 108,"Actual Startup Time": 0.136,"Actual Total Time": 0.167,"Actual Rows": 5,"Actual Loops": 3,"Inner Unique": true,"Hash Cond": "(nation.n_regionkey = region.r_regionkey)","Workers": [],"Plans": [{"Node Type": "Seq Scan","Parent Relationship": "Outer","Parallel Aware": false,"Async Capable": false,"Relation Name": "nation","Alias": "nation","Startup Cost": 0.00,"Total Cost": 1.25,"Plan Rows": 25,"Plan Width": 112,"Actual Startup Time": 0.055,"Actual Total Time": 0.059,"Actual Rows": 25,"Actual Loops": 3,"Workers": []},{"Node Type": "Hash","Parent Relationship": "Inner","Parallel Aware": false,"Async Capable": false,"Startup Cost": 1.06,"Total Cost": 1.06,"Plan Rows": 1,"Plan Width": 4,"Actual Startup Time": 0.050,"Actual Total Time": 0.057,"Actual Rows": 1,"Actual Loops": 3,"Hash Buckets": 1024,"Original Hash Buckets": 1024,"Hash Batches": 1,"Original Hash Batches": 1,"Peak Memory Usage": 9,"Workers": [],"Plans": [{"Node Type": "Seq Scan","Parent Relationship": "Outer","Parallel Aware": false,"Async Capable": false,"Relation Name": "region","Alias": "region","Startup Cost": 0.00,"Total Cost": 1.06,"Plan Rows": 1,"Plan Width": 4,"Actual Startup Time": 0.036,"Actual Total Time": 0.039,"Actual Rows": 1,"Actual Loops": 3,"Filter": "(r_name = 'AMERICA'::bpchar)","Rows Removed by Filter": 4,"Workers": []}]}]}]}]},{"Node Type": "Index Scan","Parent Relationship": "Inner","Parallel Aware": false,"Async Capable": false,"Scan Direction": "Forward","Index Name": "idx_orders_custkey","Relation Name": "orders","Alias": "orders","Startup Cost": 0.43,"Total Cost": 1.55,"Plan Rows": 3,"Plan Width": 8,"Actual Startup Time": 0.017,"Actual Total Time": 0.039,"Actual Rows": 2,"Actual Loops": 29952,"Index Cond": "(o_custkey = customer.c_custkey)","Rows Removed by Index Recheck": 0,"Filter": "((o_orderdate >= '1996-01-01'::date) AND (o_orderdate < '1997-01-01 00:00:00'::timestamp without time zone))","Rows Removed by Filter": 8,"Workers": []}]},{"Node Type": "Index Scan","Parent Relationship": "Inner","Parallel Aware": false,"Async Capable": false,"Scan Direction": "Forward","Index Name": "idx_lineitem_orderkey","Relation Name": "lineitem","Alias": "lineitem","Startup Cost": 0.43,"Total Cost": 2.84,"Plan Rows": 17,"Plan Width": 20,"Actual Startup Time": 0.016,"Actual Total Time": 0.019,"Actual Rows": 4,"Actual Loops": 45549,"Index Cond": "(l_orderkey = orders.o_orderkey)","Rows Removed by Index Recheck": 0,"Workers": []}]},{"Node Type": "Hash","Parent Relationship": "Inner","Parallel Aware": false,"Async Capable": false,"Startup Cost": 322.00,"Total Cost": 322.00,"Plan Rows": 10000,"Plan Width": 8,"Actual Startup Time": 12.297,"Actual Total Time": 12.301,"Actual Rows": 10000,"Actual Loops": 3,"Hash Buckets": 16384,"Original Hash Buckets": 16384,"Hash Batches": 1,"Original Hash Batches": 1,"Peak Memory Usage": 519,"Workers": [],"Plans": [{"Node Type": "Seq Scan","Parent Relationship": "Outer","Parallel Aware": false,"Async Capable": false,"Relation Name": "supplier","Alias": "supplier","Startup Cost": 0.00,"Total Cost": 322.00,"Plan Rows": 10000,"Plan Width": 8,"Actual Startup Time": 0.045,"Actual Total Time": 10.666,"Actual Rows": 10000,"Actual Loops": 3,"Workers": []}]}]}]}]}]}]}]},"Planning Time": 9.455,"Triggers": [],"Execution Time": 837.268}]
[{"Plan": {"Node Type": "Sort","Parallel Aware": false,"Async Capable": false,"Startup Cost": 21616.39,"Total Cost": 21616.45,"Plan Rows": 25,"Plan Width": 136,"Actual Startup Time": 800.578,"Actual Total Time": 832.005,"Actual Rows": 5,"Actual Loops": 1,"Sort Key": ["(sum((lineitem.l_extendedprice * ('1'::numeric - lineitem.l_discount)))) DESC"],"Sort Method": "quicksort","Sort Space Used": 25,"Sort Space Type": "Memory","Plans": [{"Node Type": "Aggregate","Strategy": "Sorted","Partial Mode": "Finalize","Parent Relationship": "Outer","Parallel Aware": false,"Async Capable": false,"Startup Cost": 21601.33,"Total Cost": 21615.81,"Plan Rows": 25,"Plan Width": 136,"Actual Startup Time": 800.055,"Actual Total Time": 831.951,"Actual Rows": 5,"Actual Loops": 1,"Group Key": ["nation.n_name"],"Plans": [{"Node Type": "Gather Merge","Parent Relationship": "Outer","Parallel Aware": false,"Async Capable": false,"Startup Cost": 21601.33,"Total Cost": 21615.12,"Plan Rows": 50,"Plan Width": 136,"Actual Startup Time": 799.526,"Actual Total Time": 831.902,"Actual Rows": 15,"Actual Loops": 1,"Workers Planned": 2,"Workers Launched": 2,"Plans": [{"Node Type": "Aggregate","Strategy": "Sorted","Partial Mode": "Partial","Parent Relationship": "Outer","Parallel Aware": false,"Async Capable": false,"Startup Cost": 20601.30,"Total Cost": 20609.33,"Plan Rows": 25,"Plan Width": 136,"Actual Startup Time": 791.250,"Actual Total Time": 792.033,"Actual Rows": 5,"Actual Loops": 3,"Group Key": ["nation.n_name"],"Workers": [],"Plans": [{"Node Type": "Sort","Parent Relationship": "Outer","Parallel Aware": false,"Async Capable": false,"Startup Cost": 20601.30,"Total Cost": 20602.85,"Plan Rows": 617,"Plan Width": 116,"Actual Startup Time": 791.028,"Actual Total Time": 791.162,"Actual Rows": 2347,"Actual Loops": 3,"Sort Key": ["nation.n_name"],"Sort Method": "quicksort","Sort Space Used": 275,"Sort Space Type": "Memory","Workers": [{"Worker Number": 0,"Sort Method": "quicksort","Sort Space Used": 280,"Sort Space Type": "Memory"},{"Worker Number": 1,"Sort Method": "quicksort","Sort Space Used": 284,"Sort Space Type": "Memory"}],"Plans": [{"Node Type": "Hash Join","Parent Relationship": "Outer","Parallel Aware": false,"Async Capable": false,"Join Type": "Inner","Startup Cost": 475.27,"Total Cost": 20572.71,"Plan Rows": 617,"Plan Width": 116,"Actual Startup Time": 14.089,"Actual Total Time": 789.451,"Actual Rows": 2347,"Actual Loops": 3,"Inner Unique": true,"Hash Cond": "((lineitem.l_suppkey = supplier.s_suppkey) AND (customer.c_nationkey = supplier.s_nationkey))","Workers": [],"Plans": [{"Node Type": "Nested Loop","Parent Relationship": "Outer","Parallel Aware": false,"Async Capable": false,"Join Type": "Inner","Startup Cost": 3.27,"Total Cost": 20019.70,"Plan Rows": 15431,"Plan Width": 128,"Actual Startup Time": 0.813,"Actual Total Time": 745.242,"Actual Rows": 60682,"Actual Loops": 3,"Inner Unique": false,"Workers": [],"Plans": [{"Node Type": "Nested Loop","Parent Relationship": "Outer","Parallel Aware": false,"Async Capable": false,"Join Type": "Inner","Startup Cost": 2.84,"Total Cost": 8414.26,"Plan Rows": 3857,"Plan Width": 116,"Actual Startup Time": 0.648,"Actual Total Time": 445.539,"Actual Rows": 15117,"Actual Loops": 3,"Inner Unique": false,"Workers": [],"Plans": [{"Node Type": "Hash Join","Parent Relationship": "Outer","Parallel Aware": false,"Async Capable": false,"Join Type": "Inner","Startup Cost": 2.41,"Total Cost": 4471.79,"Plan Rows": 2500,"Plan Width": 116,"Actual Startup Time": 0.286,"Actual Total Time": 54.286,"Actual Rows": 9921,"Actual Loops": 3,"Inner Unique": false,"Hash Cond": "(customer.c_nationkey = nation.n_nationkey)","Workers": [],"Plans": [{"Node Type": "Seq Scan","Parent Relationship": "Outer","Parallel Aware": true,"Async Capable": false,"Relation Name": "customer","Alias": "customer","Startup Cost": 0.00,"Total Cost": 4210.00,"Plan Rows": 62500,"Plan Width": 8,"Actual Startup Time": 0.020,"Actual Total Time": 9.492,"Actual Rows": 50000,"Actual Loops": 3,"Workers": []},{"Node Type": "Hash","Parent Relationship": "Inner","Parallel Aware": false,"Async Capable": false,"Startup Cost": 2.40,"Total Cost": 2.40,"Plan Rows": 1,"Plan Width": 108,"Actual Startup Time": 0.159,"Actual Total Time": 0.178,"Actual Rows": 5,"Actual Loops": 3,"Hash Buckets": 1024,"Original Hash Buckets": 1024,"Hash Batches": 1,"Original Hash Batches": 1,"Peak Memory Usage": 9,"Workers": [],"Plans": [{"Node Type": "Hash Join","Parent Relationship": "Outer","Parallel Aware": false,"Async Capable": false,"Join Type": "Inner","Startup Cost": 1.07,"Total Cost": 2.40,"Plan Rows": 1,"Plan Width": 108,"Actual Startup Time": 0.141,"Actual Total Time": 0.166,"Actual Rows": 5,"Actual Loops": 3,"Inner Unique": true,"Hash Cond": "(nation.n_regionkey = region.r_regionkey)","Workers": [],"Plans": [{"Node Type": "Seq Scan","Parent Relationship": "Outer","Parallel Aware": false,"Async Capable": false,"Relation Name": "nation","Alias": "nation","Startup Cost": 0.00,"Total Cost": 1.25,"Plan Rows": 25,"Plan Width": 112,"Actual Startup Time": 0.054,"Actual Total Time": 0.058,"Actual Rows": 25,"Actual Loops": 3,"Workers": []},{"Node Type": "Hash","Parent Relationship": "Inner","Parallel Aware": false,"Async Capable": false,"Startup Cost": 1.06,"Total Cost": 1.06,"Plan Rows": 1,"Plan Width": 4,"Actual Startup Time": 0.057,"Actual Total Time": 0.062,"Actual Rows": 1,"Actual Loops": 3,"Hash Buckets": 1024,"Original Hash Buckets": 1024,"Hash Batches": 1,"Original Hash Batches": 1,"Peak Memory Usage": 9,"Workers": [],"Plans": [{"Node Type": "Seq Scan","Parent Relationship": "Outer","Parallel Aware": false,"Async Capable": false,"Relation Name": "region","Alias": "region","Startup Cost": 0.00,"Total Cost": 1.06,"Plan Rows": 1,"Plan Width": 4,"Actual Startup Time": 0.040,"Actual Total Time": 0.042,"Actual Rows": 1,"Actual Loops": 3,"Filter": "(r_name = 'AFRICA'::bpchar)","Rows Removed by Filter": 4,"Workers": []}]}]}]}]},{"Node Type": "Index Scan","Parent Relationship": "Inner","Parallel Aware": false,"Async Capable": false,"Scan Direction": "Forward","Index Name": "idx_orders_custkey","Relation Name": "orders","Alias": "orders","Startup Cost": 0.43,"Total Cost": 1.55,"Plan Rows": 3,"Plan Width": 8,"Actual Startup Time": 0.017,"Actual Total Time": 0.039,"Actual Rows": 2,"Actual Loops": 29764,"Index Cond": "(o_custkey = customer.c_custkey)","Rows Removed by Index Recheck": 0,"Filter": "((o_orderdate >= '1996-01-01'::date) AND (o_orderdate < '1997-01-01 00:00:00'::timestamp without time zone))","Rows Removed by Filter": 9,"Workers": []}]},{"Node Type": "Index Scan","Parent Relationship": "Inner","Parallel Aware": false,"Async Capable": false,"Scan Direction": "Forward","Index Name": "idx_lineitem_orderkey","Relation Name": "lineitem","Alias": "lineitem","Startup Cost": 0.43,"Total Cost": 2.84,"Plan Rows": 17,"Plan Width": 20,"Actual Startup Time": 0.016,"Actual Total Time": 0.019,"Actual Rows": 4,"Actual Loops": 45352,"Index Cond": "(l_orderkey = orders.o_orderkey)","Rows Removed by Index Recheck": 0,"Workers": []}]},{"Node Type": "Hash","Parent Relationship": "Inner","Parallel Aware": false,"Async Capable": false,"Startup Cost": 322.00,"Total Cost": 322.00,"Plan Rows": 10000,"Plan Width": 8,"Actual Startup Time": 12.144,"Actual Total Time": 12.150,"Actual Rows": 10000,"Actual Loops": 3,"Hash Buckets": 16384,"Original Hash Buckets": 16384,"Hash Batches": 1,"Original Hash Batches": 1,"Peak Memory Usage": 519,"Workers": [],"Plans": [{"Node Type": "Seq Scan","Parent Relationship": "Outer","Parallel Aware": false,"Async Capable": false,"Relation Name": "supplier","Alias": "supplier","Startup Cost": 0.00,"Total Cost": 322.00,"Plan Rows": 10000,"Plan Width": 8,"Actual Startup Time": 0.040,"Actual Total Time": 10.535,"Actual Rows": 10000,"Actual Loops": 3,"Workers": []}]}]}]}]}]}]}]},"Planning Time": 10.511,"Triggers": [],"Execution Time": 832.422}]
[{"Plan": {"Node Type": "Sort","Parallel Aware": false,"Async Capable": false,"Startup Cost": 21612.43,"Total Cost": 21612.50,"Plan Rows": 25,"Plan Width": 136,"Actual Startup Time": 835.932,"Actual Total Time": 867.365,"Actual Rows": 5,"Actual Loops": 1,"Sort Key": ["(sum((lineitem.l_extendedprice * ('1'::numeric - lineitem.l_discount)))) DESC"],"Sort Method": "quicksort","Sort Space Used": 25,"Sort Space Type": "Memory","Plans": [{"Node Type": "Aggregate","Strategy": "Sorted","Partial Mode": "Finalize","Parent Relationship": "Outer","Parallel Aware": false,"Async Capable": false,"Startup Cost": 21597.38,"Total Cost": 21611.85,"Plan Rows": 25,"Plan Width": 136,"Actual Startup Time": 835.364,"Actual Total Time": 867.318,"Actual Rows": 5,"Actual Loops": 1,"Group Key": ["nation.n_name"],"Plans": [{"Node Type": "Gather Merge","Parent Relationship": "Outer","Parallel Aware": false,"Async Capable": false,"Startup Cost": 21597.38,"Total Cost": 21611.17,"Plan Rows": 50,"Plan Width": 136,"Actual Startup Time": 835.179,"Actual Total Time": 867.277,"Actual Rows": 15,"Actual Loops": 1,"Workers Planned": 2,"Workers Launched": 2,"Plans": [{"Node Type": "Aggregate","Strategy": "Sorted","Partial Mode": "Partial","Parent Relationship": "Outer","Parallel Aware": false,"Async Capable": false,"Startup Cost": 20597.36,"Total Cost": 20605.37,"Plan Rows": 25,"Plan Width": 136,"Actual Startup Time": 826.891,"Actual Total Time": 827.596,"Actual Rows": 5,"Actual Loops": 3,"Group Key": ["nation.n_name"],"Workers": [],"Plans": [{"Node Type": "Sort","Parent Relationship": "Outer","Parallel Aware": false,"Async Capable": false,"Startup Cost": 20597.36,"Total Cost": 20598.90,"Plan Rows": 616,"Plan Width": 116,"Actual Startup Time": 826.692,"Actual Total Time": 826.817,"Actual Rows": 2422,"Actual Loops": 3,"Sort Key": ["nation.n_name"],"Sort Method": "quicksort","Sort Space Used": 284,"Sort Space Type": "Memory","Workers": [{"Worker Number": 0,"Sort Method": "quicksort","Sort Space Used": 289,"Sort Space Type": "Memory"},{"Worker Number": 1,"Sort Method": "quicksort","Sort Space Used": 285,"Sort Space Type": "Memory"}],"Plans": [{"Node Type": "Hash Join","Parent Relationship": "Outer","Parallel Aware": false,"Async Capable": false,"Join Type": "Inner","Startup Cost": 475.27,"Total Cost": 20568.82,"Plan Rows": 616,"Plan Width": 116,"Actual Startup Time": 12.416,"Actual Total Time": 825.180,"Actual Rows": 2422,"Actual Loops": 3,"Inner Unique": true,"Hash Cond": "((lineitem.l_suppkey = supplier.s_suppkey) AND (customer.c_nationkey = supplier.s_nationkey))","Workers": [],"Plans": [{"Node Type": "Nested Loop","Parent Relationship": "Outer","Parallel Aware": false,"Async Capable": false,"Join Type": "Inner","Startup Cost": 3.27,"Total Cost": 20015.89,"Plan Rows": 15415,"Plan Width": 128,"Actual Startup Time": 0.717,"Actual Total Time": 776.964,"Actual Rows": 61524,"Actual Loops": 3,"Inner Unique": false,"Workers": [],"Plans": [{"Node Type": "Nested Loop","Parent Relationship": "Outer","Parallel Aware": false,"Async Capable": false,"Join Type": "Inner","Startup Cost": 2.84,"Total Cost": 8414.26,"Plan Rows": 3853,"Plan Width": 116,"Actual Startup Time": 0.594,"Actual Total Time": 468.318,"Actual Rows": 15364,"Actual Loops": 3,"Inner Unique": false,"Workers": [],"Plans": [{"Node Type": "Hash Join","Parent Relationship": "Outer","Parallel Aware": false,"Async Capable": false,"Join Type": "Inner","Startup Cost": 2.41,"Total Cost": 4471.79,"Plan Rows": 2500,"Plan Width": 116,"Actual Startup Time": 0.257,"Actual Total Time": 59.024,"Actual Rows": 10066,"Actual Loops": 3,"Inner Unique": false,"Hash Cond": "(customer.c_nationkey = nation.n_nationkey)","Workers": [],"Plans": [{"Node Type": "Seq Scan","Parent Relationship": "Outer","Parallel Aware": true,"Async Capable": false,"Relation Name": "customer","Alias": "customer","Startup Cost": 0.00,"Total Cost": 4210.00,"Plan Rows": 62500,"Plan Width": 8,"Actual Startup Time": 0.018,"Actual Total Time": 10.025,"Actual Rows": 50000,"Actual Loops": 3,"Workers": []},{"Node Type": "Hash","Parent Relationship": "Inner","Parallel Aware": false,"Async Capable": false,"Startup Cost": 2.40,"Total Cost": 2.40,"Plan Rows": 1,"Plan Width": 108,"Actual Startup Time": 0.151,"Actual Total Time": 0.168,"Actual Rows": 5,"Actual Loops": 3,"Hash Buckets": 1024,"Original Hash Buckets": 1024,"Hash Batches": 1,"Original Hash Batches": 1,"Peak Memory Usage": 9,"Workers": [],"Plans": [{"Node Type": "Hash Join","Parent Relationship": "Outer","Parallel Aware": false,"Async Capable": false,"Join Type": "Inner","Startup Cost": 1.07,"Total Cost": 2.40,"Plan Rows": 1,"Plan Width": 108,"Actual Startup Time": 0.138,"Actual Total Time": 0.159,"Actual Rows": 5,"Actual Loops": 3,"Inner Unique": true,"Hash Cond": "(nation.n_regionkey = region.r_regionkey)","Workers": [],"Plans": [{"Node Type": "Seq Scan","Parent Relationship": "Outer","Parallel Aware": false,"Async Capable": false,"Relation Name": "nation","Alias": "nation","Startup Cost": 0.00,"Total Cost": 1.25,"Plan Rows": 25,"Plan Width": 112,"Actual Startup Time": 0.050,"Actual Total Time": 0.055,"Actual Rows": 25,"Actual Loops": 3,"Workers": []},{"Node Type": "Hash","Parent Relationship": "Inner","Parallel Aware": false,"Async Capable": false,"Startup Cost": 1.06,"Total Cost": 1.06,"Plan Rows": 1,"Plan Width": 4,"Actual Startup Time": 0.059,"Actual Total Time": 0.064,"Actual Rows": 1,"Actual Loops": 3,"Hash Buckets": 1024,"Original Hash Buckets": 1024,"Hash Batches": 1,"Original Hash Batches": 1,"Peak Memory Usage": 9,"Workers": [],"Plans": [{"Node Type": "Seq Scan","Parent Relationship": "Outer","Parallel Aware": false,"Async Capable": false,"Relation Name": "region","Alias": "region","Startup Cost": 0.00,"Total Cost": 1.06,"Plan Rows": 1,"Plan Width": 4,"Actual Startup Time": 0.043,"Actual Total Time": 0.045,"Actual Rows": 1,"Actual Loops": 3,"Filter": "(r_name = 'EUROPE'::bpchar)","Rows Removed by Filter": 4,"Workers": []}]}]}]}]},{"Node Type": "Index Scan","Parent Relationship": "Inner","Parallel Aware": false,"Async Capable": false,"Scan Direction": "Forward","Index Name": "idx_orders_custkey","Relation Name": "orders","Alias": "orders","Startup Cost": 0.43,"Total Cost": 1.55,"Plan Rows": 3,"Plan Width": 8,"Actual Startup Time": 0.017,"Actual Total Time": 0.040,"Actual Rows": 2,"Actual Loops": 30197,"Index Cond": "(o_custkey = customer.c_custkey)","Rows Removed by Index Recheck": 0,"Filter": "((o_orderdate >= '1994-01-01'::date) AND (o_orderdate < '1995-01-01 00:00:00'::timestamp without time zone))","Rows Removed by Filter": 9,"Workers": []}]},{"Node Type": "Index Scan","Parent Relationship": "Inner","Parallel Aware": false,"Async Capable": false,"Scan Direction": "Forward","Index Name": "idx_lineitem_orderkey","Relation Name": "lineitem","Alias": "lineitem","Startup Cost": 0.43,"Total Cost": 2.84,"Plan Rows": 17,"Plan Width": 20,"Actual Startup Time": 0.017,"Actual Total Time": 0.019,"Actual Rows": 4,"Actual Loops": 46093,"Index Cond": "(l_orderkey = orders.o_orderkey)","Rows Removed by Index Recheck": 0,"Workers": []}]},{"Node Type": "Hash","Parent Relationship": "Inner","Parallel Aware": false,"Async Capable": false,"Startup Cost": 322.00,"Total Cost": 322.00,"Plan Rows": 10000,"Plan Width": 8,"Actual Startup Time": 10.479,"Actual Total Time": 10.484,"Actual Rows": 10000,"Actual Loops": 3,"Hash Buckets": 16384,"Original Hash Buckets": 16384,"Hash Batches": 1,"Original Hash Batches": 1,"Peak Memory Usage": 519,"Workers": [],"Plans": [{"Node Type": "Seq Scan","Parent Relationship": "Outer","Parallel Aware": false,"Async Capable": false,"Relation Name": "supplier","Alias": "supplier","Startup Cost": 0.00,"Total Cost": 322.00,"Plan Rows": 10000,"Plan Width": 8,"Actual Startup Time": 0.042,"Actual Total Time": 8.711,"Actual Rows": 10000,"Actual Loops": 3,"Workers": []}]}]}]}]}]}]}]},"Planning Time": 9.647,"Triggers": [],"Execution Time": 867.883}]
[{"Plan": {"Node Type": "Sort","Parallel Aware": false,"Async Capable": false,"Startup Cost": 21616.39,"Total Cost": 21616.45,"Plan Rows": 25,"Plan Width": 136,"Actual Startup Time": 800.578,"Actual Total Time": 832.005,"Actual Rows": 5,"Actual Loops": 1,"Sort Key": ["(sum((lineitem.l_extendedprice * ('1'::numeric - lineitem.l_discount)))) DESC"],"Sort Method": "quicksort","Sort Space Used": 25,"Sort Space Type": "Memory","Plans": [{"Node Type": "Aggregate","Strategy": "Sorted","Partial Mode": "Finalize","Parent Relationship": "Outer","Parallel Aware": false,"Async Capable": false,"Startup Cost": 21601.33,"Total Cost": 21615.81,"Plan Rows": 25,"Plan Width": 136,"Actual Startup Time": 800.055,"Actual Total Time": 831.951,"Actual Rows": 5,"Actual Loops": 1,"Group Key": ["nation.n_name"],"Plans": [{"Node Type": "Gather Merge","Parent Relationship": "Outer","Parallel Aware": false,"Async Capable": false,"Startup Cost": 21601.33,"Total Cost": 21615.12,"Plan Rows": 50,"Plan Width": 136,"Actual Startup Time": 799.526,"Actual Total Time": 831.902,"Actual Rows": 15,"Actual Loops": 1,"Workers Planned": 2,"Workers Launched": 2,"Plans": [{"Node Type": "Aggregate","Strategy": "Sorted","Partial Mode": "Partial","Parent Relationship": "Outer","Parallel Aware": false,"Async Capable": false,"Startup Cost": 20601.30,"Total Cost": 20609.33,"Plan Rows": 25,"Plan Width": 136,"Actual Startup Time": 791.250,"Actual Total Time": 792.033,"Actual Rows": 5,"Actual Loops": 3,"Group Key": ["nation.n_name"],"Workers": [],"Plans": [{"Node Type": "Sort","Parent Relationship": "Outer","Parallel Aware": false,"Async Capable": false,"Startup Cost": 20601.30,"Total Cost": 20602.85,"Plan Rows": 617,"Plan Width": 116,"Actual Startup Time": 791.028,"Actual Total Time": 791.162,"Actual Rows": 2347,"Actual Loops": 3,"Sort Key": ["nation.n_name"],"Sort Method": "quicksort","Sort Space Used": 275,"Sort Space Type": "Memory","Workers": [{"Worker Number": 0,"Sort Method": "quicksort","Sort Space Used": 280,"Sort Space Type": "Memory"},{"Worker Number": 1,"Sort Method": "quicksort","Sort Space Used": 284,"Sort Space Type": "Memory"}],"Plans": [{"Node Type": "Hash Join","Parent Relationship": "Outer","Parallel Aware": false,"Async Capable": false,"Join Type": "Inner","Startup Cost": 475.27,"Total Cost": 20572.71,"Plan Rows": 617,"Plan Width": 116,"Actual Startup Time": 14.089,"Actual Total Time": 789.451,"Actual Rows": 2347,"Actual Loops": 3,"Inner Unique": true,"Hash Cond": "((lineitem.l_suppkey = supplier.s_suppkey) AND (customer.c_nationkey = supplier.s_nationkey))","Workers": [],"Plans": [{"Node Type": "Nested Loop","Parent Relationship": "Outer","Parallel Aware": false,"Async Capable": false,"Join Type": "Inner","Startup Cost": 3.27,"Total Cost": 20019.70,"Plan Rows": 15431,"Plan Width": 128,"Actual Startup Time": 0.813,"Actual Total Time": 745.242,"Actual Rows": 60682,"Actual Loops": 3,"Inner Unique": false,"Workers": [],"Plans": [{"Node Type": "Nested Loop","Parent Relationship": "Outer","Parallel Aware": false,"Async Capable": false,"Join Type": "Inner","Startup Cost": 2.84,"Total Cost": 8414.26,"Plan Rows": 3857,"Plan Width": 116,"Actual Startup Time": 0.648,"Actual Total Time": 445.539,"Actual Rows": 15117,"Actual Loops": 3,"Inner Unique": false,"Workers": [],"Plans": [{"Node Type": "Hash Join","Parent Relationship": "Outer","Parallel Aware": false,"Async Capable": false,"Join Type": "Inner","Startup Cost": 2.41,"Total Cost": 4471.79,"Plan Rows": 2500,"Plan Width": 116,"Actual Startup Time": 0.286,"Actual Total Time": 54.286,"Actual Rows": 9921,"Actual Loops": 3,"Inner Unique": false,"Hash Cond": "(customer.c_nationkey = nation.n_nationkey)","Workers": [],"Plans": [{"Node Type": "Seq Scan","Parent Relationship": "Outer","Parallel Aware": true,"Async Capable": false,"Relation Name": "customer","Alias": "customer","Startup Cost": 0.00,"Total Cost": 4210.00,"Plan Rows": 62500,"Plan Width": 8,"Actual Startup Time": 0.020,"Actual Total Time": 9.492,"Actual Rows": 50000,"Actual Loops": 3,"Workers": []},{"Node Type": "Hash","Parent Relationship": "Inner","Parallel Aware": false,"Async Capable": false,"Startup Cost": 2.40,"Total Cost": 2.40,"Plan Rows": 1,"Plan Width": 108,"Actual Startup Time": 0.159,"Actual Total Time": 0.178,"Actual Rows": 5,"Actual Loops": 3,"Hash Buckets": 1024,"Original Hash Buckets": 1024,"Hash Batches": 1,"Original Hash Batches": 1,"Peak Memory Usage": 9,"Workers": [],"Plans": [{"Node Type": "Hash Join","Parent Relationship": "Outer","Parallel Aware": false,"Async Capable": false,"Join Type": "Inner","Startup Cost": 1.07,"Total Cost": 2.40,"Plan Rows": 1,"Plan Width": 108,"Actual Startup Time": 0.141,"Actual Total Time": 0.166,"Actual Rows": 5,"Actual Loops": 3,"Inner Unique": true,"Hash Cond": "(nation.n_regionkey = region.r_regionkey)","Workers": [],"Plans": [{"Node Type": "Seq Scan","Parent Relationship": "Outer","Parallel Aware": false,"Async Capable": false,"Relation Name": "nation","Alias": "nation","Startup Cost": 0.00,"Total Cost": 1.25,"Plan Rows": 25,"Plan Width": 112,"Actual Startup Time": 0.054,"Actual Total Time": 0.058,"Actual Rows": 25,"Actual Loops": 3,"Workers": []},{"Node Type": "Hash","Parent Relationship": "Inner","Parallel Aware": false,"Async Capable": false,"Startup Cost": 1.06,"Total Cost": 1.06,"Plan Rows": 1,"Plan Width": 4,"Actual Startup Time": 0.057,"Actual Total Time": 0.062,"Actual Rows": 1,"Actual Loops": 3,"Hash Buckets": 1024,"Original Hash Buckets": 1024,"Hash Batches": 1,"Original Hash Batches": 1,"Peak Memory Usage": 9,"Workers": [],"Plans": [{"Node Type": "Seq Scan","Parent Relationship": "Outer","Parallel Aware": false,"Async Capable": false,"Relation Name": "region","Alias": "region","Startup Cost": 0.00,"Total Cost": 1.06,"Plan Rows": 1,"Plan Width": 4,"Actual Startup Time": 0.040,"Actual Total Time": 0.042,"Actual Rows": 1,"Actual Loops": 3,"Filter": "(r_name = 'AFRICA'::bpchar)","Rows Removed by Filter": 4,"Workers": []}]}]}]}]},{"Node Type": "Index Scan","Parent Relationship": "Inner","Parallel Aware": false,"Async Capable": false,"Scan Direction": "Forward","Index Name": "idx_orders_custkey","Relation Name": "orders","Alias": "orders","Startup Cost": 0.43,"Total Cost": 1.55,"Plan Rows": 3,"Plan Width": 8,"Actual Startup Time": 0.017,"Actual Total Time": 0.039,"Actual Rows": 2,"Actual Loops": 29764,"Index Cond": "(o_custkey = customer.c_custkey)","Rows Removed by Index Recheck": 0,"Filter": "((o_orderdate >= '1996-01-01'::date) AND (o_orderdate < '1997-01-01 00:00:00'::timestamp without time zone))","Rows Removed by Filter": 9,"Workers": []}]},{"Node Type": "Index Scan","Parent Relationship": "Inner","Parallel Aware": false,"Async Capable": false,"Scan Direction": "Forward","Index Name": "idx_lineitem_orderkey","Relation Name": "lineitem","Alias": "lineitem","Startup Cost": 0.43,"Total Cost": 2.84,"Plan Rows": 17,"Plan Width": 20,"Actual Startup Time": 0.016,"Actual Total Time": 0.019,"Actual Rows": 4,"Actual Loops": 45352,"Index Cond": "(l_orderkey = orders.o_orderkey)","Rows Removed by Index Recheck": 0,"Workers": []}]},{"Node Type": "Hash","Parent Relationship": "Inner","Parallel Aware": false,"Async Capable": false,"Startup Cost": 322.00,"Total Cost": 322.00,"Plan Rows": 10000,"Plan Width": 8,"Actual Startup Time": 12.144,"Actual Total Time": 12.150,"Actual Rows": 10000,"Actual Loops": 3,"Hash Buckets": 16384,"Original Hash Buckets": 16384,"Hash Batches": 1,"Original Hash Batches": 1,"Peak Memory Usage": 519,"Workers": [],"Plans": [{"Node Type": "Seq Scan","Parent Relationship": "Outer","Parallel Aware": false,"Async Capable": false,"Relation Name": "supplier","Alias": "supplier","Startup Cost": 0.00,"Total Cost": 322.00,"Plan Rows": 10000,"Plan Width": 8,"Actual Startup Time": 0.040,"Actual Total Time": 10.535,"Actual Rows": 10000,"Actual Loops": 3,"Workers": []}]}]}]}]}]}]}]},"Planning Time": 10.511,"Triggers": [],"Execution Time": 832.422}]
[{"Plan": {"Node Type": "Sort","Parallel Aware": false,"Async Capable": false,"Startup Cost": 21522.30,"Total Cost": 21522.36,"Plan Rows": 25,"Plan Width": 136,"Actual Startup Time": 808.715,"Actual Total Time": 841.103,"Actual Rows": 5,"Actual Loops": 1,"Sort Key": ["(sum((lineitem.l_extendedprice * ('1'::numeric - lineitem.l_discount)))) DESC"],"Sort Method": "quicksort","Sort Space Used": 25,"Sort Space Type": "Memory","Plans": [{"Node Type": "Aggregate","Strategy": "Sorted","Partial Mode": "Finalize","Parent Relationship": "Outer","Parallel Aware": false,"Async Capable": false,"Startup Cost": 21507.43,"Total Cost": 21521.72,"Plan Rows": 25,"Plan Width": 136,"Actual Startup Time": 808.132,"Actual Total Time": 841.051,"Actual Rows": 5,"Actual Loops": 1,"Group Key": ["nation.n_name"],"Plans": [{"Node Type": "Gather Merge","Parent Relationship": "Outer","Parallel Aware": false,"Async Capable": false,"Startup Cost": 21507.43,"Total Cost": 21521.03,"Plan Rows": 50,"Plan Width": 136,"Actual Startup Time": 807.865,"Actual Total Time": 840.993,"Actual Rows": 15,"Actual Loops": 1,"Workers Planned": 2,"Workers Launched": 2,"Plans": [{"Node Type": "Aggregate","Strategy": "Sorted","Partial Mode": "Partial","Parent Relationship": "Outer","Parallel Aware": false,"Async Capable": false,"Startup Cost": 20507.41,"Total Cost": 20515.23,"Plan Rows": 25,"Plan Width": 136,"Actual Startup Time": 800.148,"Actual Total Time": 800.877,"Actual Rows": 5,"Actual Loops": 3,"Group Key": ["nation.n_name"],"Workers": [],"Plans": [{"Node Type": "Sort","Parent Relationship": "Outer","Parallel Aware": false,"Async Capable": false,"Startup Cost": 20507.41,"Total Cost": 20508.91,"Plan Rows": 601,"Plan Width": 116,"Actual Startup Time": 799.927,"Actual Total Time": 800.057,"Actual Rows": 2459,"Actual Loops": 3,"Sort Key": ["nation.n_name"],"Sort Method": "quicksort","Sort Space Used": 287,"Sort Space Type": "Memory","Workers": [{"Worker Number": 0,"Sort Method": "quicksort","Sort Space Used": 292,"Sort Space Type": "Memory"},{"Worker Number": 1,"Sort Method": "quicksort","Sort Space Used": 287,"Sort Space Type": "Memory"}],"Plans": [{"Node Type": "Hash Join","Parent Relationship": "Outer","Parallel Aware": false,"Async Capable": false,"Join Type": "Inner","Startup Cost": 475.27,"Total Cost": 20479.67,"Plan Rows": 601,"Plan Width": 116,"Actual Startup Time": 9.851,"Actual Total Time": 798.461,"Actual Rows": 2459,"Actual Loops": 3,"Inner Unique": true,"Hash Cond": "((lineitem.l_suppkey = supplier.s_suppkey) AND (customer.c_nationkey = supplier.s_nationkey))","Workers": [],"Plans": [{"Node Type": "Nested Loop","Parent Relationship": "Outer","Parallel Aware": false,"Async Capable": false,"Join Type": "Inner","Startup Cost": 3.27,"Total Cost": 19928.78,"Plan Rows": 15027,"Plan Width": 128,"Actual Startup Time": 0.691,"Actual Total Time": 757.487,"Actual Rows": 60981,"Actual Loops": 3,"Inner Unique": false,"Workers": [],"Plans": [{"Node Type": "Nested Loop","Parent Relationship": "Outer","Parallel Aware": false,"Async Capable": false,"Join Type": "Inner","Startup Cost": 2.84,"Total Cost": 8414.26,"Plan Rows": 3756,"Plan Width": 116,"Actual Startup Time": 0.574,"Actual Total Time": 453.285,"Actual Rows": 15233,"Actual Loops": 3,"Inner Unique": false,"Workers": [],"Plans": [{"Node Type": "Hash Join","Parent Relationship": "Outer","Parallel Aware": false,"Async Capable": false,"Join Type": "Inner","Startup Cost": 2.41,"Total Cost": 4471.79,"Plan Rows": 2500,"Plan Width": 116,"Actual Startup Time": 0.259,"Actual Total Time": 55.622,"Actual Rows": 10066,"Actual Loops": 3,"Inner Unique": false,"Hash Cond": "(customer.c_nationkey = nation.n_nationkey)","Workers": [],"Plans": [{"Node Type": "Seq Scan","Parent Relationship": "Outer","Parallel Aware": true,"Async Capable": false,"Relation Name": "customer","Alias": "customer","Startup Cost": 0.00,"Total Cost": 4210.00,"Plan Rows": 62500,"Plan Width": 8,"Actual Startup Time": 0.020,"Actual Total Time": 9.402,"Actual Rows": 50000,"Actual Loops": 3,"Workers": []},{"Node Type": "Hash","Parent Relationship": "Inner","Parallel Aware": false,"Async Capable": false,"Startup Cost": 2.40,"Total Cost": 2.40,"Plan Rows": 1,"Plan Width": 108,"Actual Startup Time": 0.150,"Actual Total Time": 0.167,"Actual Rows": 5,"Actual Loops": 3,"Hash Buckets": 1024,"Original Hash Buckets": 1024,"Hash Batches": 1,"Original Hash Batches": 1,"Peak Memory Usage": 9,"Workers": [],"Plans": [{"Node Type": "Hash Join","Parent Relationship": "Outer","Parallel Aware": false,"Async Capable": false,"Join Type": "Inner","Startup Cost": 1.07,"Total Cost": 2.40,"Plan Rows": 1,"Plan Width": 108,"Actual Startup Time": 0.135,"Actual Total Time": 0.156,"Actual Rows": 5,"Actual Loops": 3,"Inner Unique": true,"Hash Cond": "(nation.n_regionkey = region.r_regionkey)","Workers": [],"Plans": [{"Node Type": "Seq Scan","Parent Relationship": "Outer","Parallel Aware": false,"Async Capable": false,"Relation Name": "nation","Alias": "nation","Startup Cost": 0.00,"Total Cost": 1.25,"Plan Rows": 25,"Plan Width": 112,"Actual Startup Time": 0.049,"Actual Total Time": 0.053,"Actual Rows": 25,"Actual Loops": 3,"Workers": []},{"Node Type": "Hash","Parent Relationship": "Inner","Parallel Aware": false,"Async Capable": false,"Startup Cost": 1.06,"Total Cost": 1.06,"Plan Rows": 1,"Plan Width": 4,"Actual Startup Time": 0.056,"Actual Total Time": 0.064,"Actual Rows": 1,"Actual Loops": 3,"Hash Buckets": 1024,"Original Hash Buckets": 1024,"Hash Batches": 1,"Original Hash Batches": 1,"Peak Memory Usage": 9,"Workers": [],"Plans": [{"Node Type": "Seq Scan","Parent Relationship": "Outer","Parallel Aware": false,"Async Capable": false,"Relation Name": "region","Alias": "region","Startup Cost": 0.00,"Total Cost": 1.06,"Plan Rows": 1,"Plan Width": 4,"Actual Startup Time": 0.041,"Actual Total Time": 0.043,"Actual Rows": 1,"Actual Loops": 3,"Filter": "(r_name = 'EUROPE'::bpchar)","Rows Removed by Filter": 4,"Workers": []}]}]}]}]},{"Node Type": "Index Scan","Parent Relationship": "Inner","Parallel Aware": false,"Async Capable": false,"Scan Direction": "Forward","Index Name": "idx_orders_custkey","Relation Name": "orders","Alias": "orders","Startup Cost": 0.43,"Total Cost": 1.55,"Plan Rows": 3,"Plan Width": 8,"Actual Startup Time": 0.017,"Actual Total Time": 0.039,"Actual Rows": 2,"Actual Loops": 30197,"Index Cond": "(o_custkey = customer.c_custkey)","Rows Removed by Index Recheck": 0,"Filter": "((o_orderdate >= '1993-01-01'::date) AND (o_orderdate < '1994-01-01 00:00:00'::timestamp without time zone))","Rows Removed by Filter": 9,"Workers": []}]},{"Node Type": "Index Scan","Parent Relationship": "Inner","Parallel Aware": false,"Async Capable": false,"Scan Direction": "Forward","Index Name": "idx_lineitem_orderkey","Relation Name": "lineitem","Alias": "lineitem","Startup Cost": 0.43,"Total Cost": 2.90,"Plan Rows": 17,"Plan Width": 20,"Actual Startup Time": 0.017,"Actual Total Time": 0.019,"Actual Rows": 4,"Actual Loops": 45699,"Index Cond": "(l_orderkey = orders.o_orderkey)","Rows Removed by Index Recheck": 0,"Workers": []}]},{"Node Type": "Hash","Parent Relationship": "Inner","Parallel Aware": false,"Async Capable": false,"Startup Cost": 322.00,"Total Cost": 322.00,"Plan Rows": 10000,"Plan Width": 8,"Actual Startup Time": 8.538,"Actual Total Time": 8.541,"Actual Rows": 10000,"Actual Loops": 3,"Hash Buckets": 16384,"Original Hash Buckets": 16384,"Hash Batches": 1,"Original Hash Batches": 1,"Peak Memory Usage": 519,"Workers": [],"Plans": [{"Node Type": "Seq Scan","Parent Relationship": "Outer","Parallel Aware": false,"Async Capable": false,"Relation Name": "supplier","Alias": "supplier","Startup Cost": 0.00,"Total Cost": 322.00,"Plan Rows": 10000,"Plan Width": 8,"Actual Startup Time": 0.046,"Actual Total Time": 6.635,"Actual Rows": 10000,"Actual Loops": 3,"Workers": []}]}]}]}]}]}]}]},"Planning Time": 10.957,"Triggers": [],"Execution Time": 841.799}]
[{"Plan": {"Node Type": "Sort","Parallel Aware": false,"Async Capable": false,"Startup Cost": 21522.30,"Total Cost": 21522.36,"Plan Rows": 25,"Plan Width": 136,"Actual Startup Time": 803.252,"Actual Total Time": 834.286,"Actual Rows": 5,"Actual Loops": 1,"Sort Key": ["(sum((lineitem.l_extendedprice * ('1'::numeric - lineitem.l_discount)))) DESC"],"Sort Method": "quicksort","Sort Space Used": 25,"Sort Space Type": "Memory","Plans": [{"Node Type": "Aggregate","Strategy": "Sorted","Partial Mode": "Finalize","Parent Relationship": "Outer","Parallel Aware": false,"Async Capable": false,"Startup Cost": 21507.43,"Total Cost": 21521.72,"Plan Rows": 25,"Plan Width": 136,"Actual Startup Time": 802.651,"Actual Total Time": 834.228,"Actual Rows": 5,"Actual Loops": 1,"Group Key": ["nation.n_name"],"Plans": [{"Node Type": "Gather Merge","Parent Relationship": "Outer","Parallel Aware": false,"Async Capable": false,"Startup Cost": 21507.43,"Total Cost": 21521.03,"Plan Rows": 50,"Plan Width": 136,"Actual Startup Time": 802.434,"Actual Total Time": 834.170,"Actual Rows": 15,"Actual Loops": 1,"Workers Planned": 2,"Workers Launched": 2,"Plans": [{"Node Type": "Aggregate","Strategy": "Sorted","Partial Mode": "Partial","Parent Relationship": "Outer","Parallel Aware": false,"Async Capable": false,"Startup Cost": 20507.41,"Total Cost": 20515.23,"Plan Rows": 25,"Plan Width": 136,"Actual Startup Time": 794.928,"Actual Total Time": 795.651,"Actual Rows": 5,"Actual Loops": 3,"Group Key": ["nation.n_name"],"Workers": [],"Plans": [{"Node Type": "Sort","Parent Relationship": "Outer","Parallel Aware": false,"Async Capable": false,"Startup Cost": 20507.41,"Total Cost": 20508.91,"Plan Rows": 601,"Plan Width": 116,"Actual Startup Time": 794.703,"Actual Total Time": 794.843,"Actual Rows": 2409,"Actual Loops": 3,"Sort Key": ["nation.n_name"],"Sort Method": "quicksort","Sort Space Used": 286,"Sort Space Type": "Memory","Workers": [{"Worker Number": 0,"Sort Method": "quicksort","Sort Space Used": 276,"Sort Space Type": "Memory"},{"Worker Number": 1,"Sort Method": "quicksort","Sort Space Used": 293,"Sort Space Type": "Memory"}],"Plans": [{"Node Type": "Hash Join","Parent Relationship": "Outer","Parallel Aware": false,"Async Capable": false,"Join Type": "Inner","Startup Cost": 475.27,"Total Cost": 20479.67,"Plan Rows": 601,"Plan Width": 116,"Actual Startup Time": 9.777,"Actual Total Time": 793.218,"Actual Rows": 2409,"Actual Loops": 3,"Inner Unique": true,"Hash Cond": "((lineitem.l_suppkey = supplier.s_suppkey) AND (customer.c_nationkey = supplier.s_nationkey))","Workers": [],"Plans": [{"Node Type": "Nested Loop","Parent Relationship": "Outer","Parallel Aware": false,"Async Capable": false,"Join Type": "Inner","Startup Cost": 3.27,"Total Cost": 19928.78,"Plan Rows": 15027,"Plan Width": 128,"Actual Startup Time": 0.619,"Actual Total Time": 753.080,"Actual Rows": 60488,"Actual Loops": 3,"Inner Unique": false,"Workers": [],"Plans": [{"Node Type": "Nested Loop","Parent Relationship": "Outer","Parallel Aware": false,"Async Capable": false,"Join Type": "Inner","Startup Cost": 2.84,"Total Cost": 8414.26,"Plan Rows": 3756,"Plan Width": 116,"Actual Startup Time": 0.516,"Actual Total Time": 449.946,"Actual Rows": 15093,"Actual Loops": 3,"Inner Unique": false,"Workers": [],"Plans": [{"Node Type": "Hash Join","Parent Relationship": "Outer","Parallel Aware": false,"Async Capable": false,"Join Type": "Inner","Startup Cost": 2.41,"Total Cost": 4471.79,"Plan Rows": 2500,"Plan Width": 116,"Actual Startup Time": 0.243,"Actual Total Time": 55.930,"Actual Rows": 9921,"Actual Loops": 3,"Inner Unique": false,"Hash Cond": "(customer.c_nationkey = nation.n_nationkey)","Workers": [],"Plans": [{"Node Type": "Seq Scan","Parent Relationship": "Outer","Parallel Aware": true,"Async Capable": false,"Relation Name": "customer","Alias": "customer","Startup Cost": 0.00,"Total Cost": 4210.00,"Plan Rows": 62500,"Plan Width": 8,"Actual Startup Time": 0.017,"Actual Total Time": 9.588,"Actual Rows": 50000,"Actual Loops": 3,"Workers": []},{"Node Type": "Hash","Parent Relationship": "Inner","Parallel Aware": false,"Async Capable": false,"Startup Cost": 2.40,"Total Cost": 2.40,"Plan Rows": 1,"Plan Width": 108,"Actual Startup Time": 0.143,"Actual Total Time": 0.169,"Actual Rows": 5,"Actual Loops": 3,"Hash Buckets": 1024,"Original Hash Buckets": 1024,"Hash Batches": 1,"Original Hash Batches": 1,"Peak Memory Usage": 9,"Workers": [],"Plans": [{"Node Type": "Hash Join","Parent Relationship": "Outer","Parallel Aware": false,"Async Capable": false,"Join Type": "Inner","Startup Cost": 1.07,"Total Cost": 2.40,"Plan Rows": 1,"Plan Width": 108,"Actual Startup Time": 0.126,"Actual Total Time": 0.159,"Actual Rows": 5,"Actual Loops": 3,"Inner Unique": true,"Hash Cond": "(nation.n_regionkey = region.r_regionkey)","Workers": [],"Plans": [{"Node Type": "Seq Scan","Parent Relationship": "Outer","Parallel Aware": false,"Async Capable": false,"Relation Name": "nation","Alias": "nation","Startup Cost": 0.00,"Total Cost": 1.25,"Plan Rows": 25,"Plan Width": 112,"Actual Startup Time": 0.045,"Actual Total Time": 0.050,"Actual Rows": 25,"Actual Loops": 3,"Workers": []},{"Node Type": "Hash","Parent Relationship": "Inner","Parallel Aware": false,"Async Capable": false,"Startup Cost": 1.06,"Total Cost": 1.06,"Plan Rows": 1,"Plan Width": 4,"Actual Startup Time": 0.052,"Actual Total Time": 0.063,"Actual Rows": 1,"Actual Loops": 3,"Hash Buckets": 1024,"Original Hash Buckets": 1024,"Hash Batches": 1,"Original Hash Batches": 1,"Peak Memory Usage": 9,"Workers": [],"Plans": [{"Node Type": "Seq Scan","Parent Relationship": "Outer","Parallel Aware": false,"Async Capable": false,"Relation Name": "region","Alias": "region","Startup Cost": 0.00,"Total Cost": 1.06,"Plan Rows": 1,"Plan Width": 4,"Actual Startup Time": 0.036,"Actual Total Time": 0.041,"Actual Rows": 1,"Actual Loops": 3,"Filter": "(r_name = 'AFRICA'::bpchar)","Rows Removed by Filter": 4,"Workers": []}]}]}]}]},{"Node Type": "Index Scan","Parent Relationship": "Inner","Parallel Aware": false,"Async Capable": false,"Scan Direction": "Forward","Index Name": "idx_orders_custkey","Relation Name": "orders","Alias": "orders","Startup Cost": 0.43,"Total Cost": 1.55,"Plan Rows": 3,"Plan Width": 8,"Actual Startup Time": 0.017,"Actual Total Time": 0.039,"Actual Rows": 2,"Actual Loops": 29764,"Index Cond": "(o_custkey = customer.c_custkey)","Rows Removed by Index Recheck": 0,"Filter": "((o_orderdate >= '1993-01-01'::date) AND (o_orderdate < '1994-01-01 00:00:00'::timestamp without time zone))","Rows Removed by Filter": 9,"Workers": []}]},{"Node Type": "Index Scan","Parent Relationship": "Inner","Parallel Aware": false,"Async Capable": false,"Scan Direction": "Forward","Index Name": "idx_lineitem_orderkey","Relation Name": "lineitem","Alias": "lineitem","Startup Cost": 0.43,"Total Cost": 2.90,"Plan Rows": 17,"Plan Width": 20,"Actual Startup Time": 0.017,"Actual Total Time": 0.019,"Actual Rows": 4,"Actual Loops": 45280,"Index Cond": "(l_orderkey = orders.o_orderkey)","Rows Removed by Index Recheck": 0,"Workers": []}]},{"Node Type": "Hash","Parent Relationship": "Inner","Parallel Aware": false,"Async Capable": false,"Startup Cost": 322.00,"Total Cost": 322.00,"Plan Rows": 10000,"Plan Width": 8,"Actual Startup Time": 8.121,"Actual Total Time": 8.126,"Actual Rows": 10000,"Actual Loops": 3,"Hash Buckets": 16384,"Original Hash Buckets": 16384,"Hash Batches": 1,"Original Hash Batches": 1,"Peak Memory Usage": 519,"Workers": [],"Plans": [{"Node Type": "Seq Scan","Parent Relationship": "Outer","Parallel Aware": false,"Async Capable": false,"Relation Name": "supplier","Alias": "supplier","Startup Cost": 0.00,"Total Cost": 322.00,"Plan Rows": 10000,"Plan Width": 8,"Actual Startup Time": 0.036,"Actual Total Time": 6.327,"Actual Rows": 10000,"Actual Loops": 3,"Workers": []}]}]}]}]}]}]}]},"Planning Time": 9.902,"Triggers": [],"Execution Time": 834.900}]
[{"Plan": {"Node Type": "Sort","Parallel Aware": false,"Async Capable": false,"Startup Cost": 21522.30,"Total Cost": 21522.36,"Plan Rows": 25,"Plan Width": 136,"Actual Startup Time": 801.786,"Actual Total Time": 833.013,"Actual Rows": 5,"Actual Loops": 1,"Sort Key": ["(sum((lineitem.l_extendedprice * ('1'::numeric - lineitem.l_discount)))) DESC"],"Sort Method": "quicksort","Sort Space Used": 25,"Sort Space Type": "Memory","Plans": [{"Node Type": "Aggregate","Strategy": "Sorted","Partial Mode": "Finalize","Parent Relationship": "Outer","Parallel Aware": false,"Async Capable": false,"Startup Cost": 21507.43,"Total Cost": 21521.72,"Plan Rows": 25,"Plan Width": 136,"Actual Startup Time": 801.172,"Actual Total Time": 832.958,"Actual Rows": 5,"Actual Loops": 1,"Group Key": ["nation.n_name"],"Plans": [{"Node Type": "Gather Merge","Parent Relationship": "Outer","Parallel Aware": false,"Async Capable": false,"Startup Cost": 21507.43,"Total Cost": 21521.03,"Plan Rows": 50,"Plan Width": 136,"Actual Startup Time": 800.500,"Actual Total Time": 832.892,"Actual Rows": 15,"Actual Loops": 1,"Workers Planned": 2,"Workers Launched": 2,"Plans": [{"Node Type": "Aggregate","Strategy": "Sorted","Partial Mode": "Partial","Parent Relationship": "Outer","Parallel Aware": false,"Async Capable": false,"Startup Cost": 20507.41,"Total Cost": 20515.23,"Plan Rows": 25,"Plan Width": 136,"Actual Startup Time": 792.564,"Actual Total Time": 793.457,"Actual Rows": 5,"Actual Loops": 3,"Group Key": ["nation.n_name"],"Workers": [],"Plans": [{"Node Type": "Sort","Parent Relationship": "Outer","Parallel Aware": false,"Async Capable": false,"Startup Cost": 20507.41,"Total Cost": 20508.91,"Plan Rows": 601,"Plan Width": 116,"Actual Startup Time": 792.353,"Actual Total Time": 792.502,"Actual Rows": 2513,"Actual Loops": 3,"Sort Key": ["nation.n_name"],"Sort Method": "quicksort","Sort Space Used": 296,"Sort Space Type": "Memory","Workers": [{"Worker Number": 0,"Sort Method": "quicksort","Sort Space Used": 291,"Sort Space Type": "Memory"},{"Worker Number": 1,"Sort Method": "quicksort","Sort Space Used": 292,"Sort Space Type": "Memory"}],"Plans": [{"Node Type": "Hash Join","Parent Relationship": "Outer","Parallel Aware": false,"Async Capable": false,"Join Type": "Inner","Startup Cost": 475.27,"Total Cost": 20479.67,"Plan Rows": 601,"Plan Width": 116,"Actual Startup Time": 14.275,"Actual Total Time": 790.899,"Actual Rows": 2513,"Actual Loops": 3,"Inner Unique": true,"Hash Cond": "((lineitem.l_suppkey = supplier.s_suppkey) AND (customer.c_nationkey = supplier.s_nationkey))","Workers": [],"Plans": [{"Node Type": "Nested Loop","Parent Relationship": "Outer","Parallel Aware": false,"Async Capable": false,"Join Type": "Inner","Startup Cost": 3.27,"Total Cost": 19928.78,"Plan Rows": 15027,"Plan Width": 128,"Actual Startup Time": 0.573,"Actual Total Time": 745.935,"Actual Rows": 60812,"Actual Loops": 3,"Inner Unique": false,"Workers": [],"Plans": [{"Node Type": "Nested Loop","Parent Relationship": "Outer","Parallel Aware": false,"Async Capable": false,"Join Type": "Inner","Startup Cost": 2.84,"Total Cost": 8414.26,"Plan Rows": 3756,"Plan Width": 116,"Actual Startup Time": 0.447,"Actual Total Time": 445.574,"Actual Rows": 15099,"Actual Loops": 3,"Inner Unique": false,"Workers": [],"Plans": [{"Node Type": "Hash Join","Parent Relationship": "Outer","Parallel Aware": false,"Async Capable": false,"Join Type": "Inner","Startup Cost": 2.41,"Total Cost": 4471.79,"Plan Rows": 2500,"Plan Width": 116,"Actual Startup Time": 0.261,"Actual Total Time": 54.435,"Actual Rows": 9984,"Actual Loops": 3,"Inner Unique": false,"Hash Cond": "(customer.c_nationkey = nation.n_nationkey)","Workers": [],"Plans": [{"Node Type": "Seq Scan","Parent Relationship": "Outer","Parallel Aware": true,"Async Capable": false,"Relation Name": "customer","Alias": "customer","Startup Cost": 0.00,"Total Cost": 4210.00,"Plan Rows": 62500,"Plan Width": 8,"Actual Startup Time": 0.020,"Actual Total Time": 9.427,"Actual Rows": 50000,"Actual Loops": 3,"Workers": []},{"Node Type": "Hash","Parent Relationship": "Inner","Parallel Aware": false,"Async Capable": false,"Startup Cost": 2.40,"Total Cost": 2.40,"Plan Rows": 1,"Plan Width": 108,"Actual Startup Time": 0.147,"Actual Total Time": 0.168,"Actual Rows": 5,"Actual Loops": 3,"Hash Buckets": 1024,"Original Hash Buckets": 1024,"Hash Batches": 1,"Original Hash Batches": 1,"Peak Memory Usage": 9,"Workers": [],"Plans": [{"Node Type": "Hash Join","Parent Relationship": "Outer","Parallel Aware": false,"Async Capable": false,"Join Type": "Inner","Startup Cost": 1.07,"Total Cost": 2.40,"Plan Rows": 1,"Plan Width": 108,"Actual Startup Time": 0.132,"Actual Total Time": 0.158,"Actual Rows": 5,"Actual Loops": 3,"Inner Unique": true,"Hash Cond": "(nation.n_regionkey = region.r_regionkey)","Workers": [],"Plans": [{"Node Type": "Seq Scan","Parent Relationship": "Outer","Parallel Aware": false,"Async Capable": false,"Relation Name": "nation","Alias": "nation","Startup Cost": 0.00,"Total Cost": 1.25,"Plan Rows": 25,"Plan Width": 112,"Actual Startup Time": 0.053,"Actual Total Time": 0.057,"Actual Rows": 25,"Actual Loops": 3,"Workers": []},{"Node Type": "Hash","Parent Relationship": "Inner","Parallel Aware": false,"Async Capable": false,"Startup Cost": 1.06,"Total Cost": 1.06,"Plan Rows": 1,"Plan Width": 4,"Actual Startup Time": 0.054,"Actual Total Time": 0.061,"Actual Rows": 1,"Actual Loops": 3,"Hash Buckets": 1024,"Original Hash Buckets": 1024,"Hash Batches": 1,"Original Hash Batches": 1,"Peak Memory Usage": 9,"Workers": [],"Plans": [{"Node Type": "Seq Scan","Parent Relationship": "Outer","Parallel Aware": false,"Async Capable": false,"Relation Name": "region","Alias": "region","Startup Cost": 0.00,"Total Cost": 1.06,"Plan Rows": 1,"Plan Width": 4,"Actual Startup Time": 0.037,"Actual Total Time": 0.039,"Actual Rows": 1,"Actual Loops": 3,"Filter": "(r_name = 'AMERICA'::bpchar)","Rows Removed by Filter": 4,"Workers": []}]}]}]}]},{"Node Type": "Index Scan","Parent Relationship": "Inner","Parallel Aware": false,"Async Capable": false,"Scan Direction": "Forward","Index Name": "idx_orders_custkey","Relation Name": "orders","Alias": "orders","Startup Cost": 0.43,"Total Cost": 1.55,"Plan Rows": 3,"Plan Width": 8,"Actual Startup Time": 0.016,"Actual Total Time": 0.039,"Actual Rows": 2,"Actual Loops": 29952,"Index Cond": "(o_custkey = customer.c_custkey)","Rows Removed by Index Recheck": 0,"Filter": "((o_orderdate >= '1993-01-01'::date) AND (o_orderdate < '1994-01-01 00:00:00'::timestamp without time zone))","Rows Removed by Filter": 8,"Workers": []}]},{"Node Type": "Index Scan","Parent Relationship": "Inner","Parallel Aware": false,"Async Capable": false,"Scan Direction": "Forward","Index Name": "idx_lineitem_orderkey","Relation Name": "lineitem","Alias": "lineitem","Startup Cost": 0.43,"Total Cost": 2.90,"Plan Rows": 17,"Plan Width": 20,"Actual Startup Time": 0.017,"Actual Total Time": 0.019,"Actual Rows": 4,"Actual Loops": 45297,"Index Cond": "(l_orderkey = orders.o_orderkey)","Rows Removed by Index Recheck": 0,"Workers": []}]},{"Node Type": "Hash","Parent Relationship": "Inner","Parallel Aware": false,"Async Capable": false,"Startup Cost": 322.00,"Total Cost": 322.00,"Plan Rows": 10000,"Plan Width": 8,"Actual Startup Time": 12.653,"Actual Total Time": 12.656,"Actual Rows": 10000,"Actual Loops": 3,"Hash Buckets": 16384,"Original Hash Buckets": 16384,"Hash Batches": 1,"Original Hash Batches": 1,"Peak Memory Usage": 519,"Workers": [],"Plans": [{"Node Type": "Seq Scan","Parent Relationship": "Outer","Parallel Aware": false,"Async Capable": false,"Relation Name": "supplier","Alias": "supplier","Startup Cost": 0.00,"Total Cost": 322.00,"Plan Rows": 10000,"Plan Width": 8,"Actual Startup Time": 0.038,"Actual Total Time": 10.961,"Actual Rows": 10000,"Actual Loops": 3,"Workers": []}]}]}]}]}]}]}]},"Planning Time": 9.512,"Triggers": [],"Execution Time": 833.531}]
[{"Plan": {"Node Type": "Sort","Parallel Aware": false,"Async Capable": false,"Startup Cost": 21565.81,"Total Cost": 21565.87,"Plan Rows": 25,"Plan Width": 136,"Actual Startup Time": 826.666,"Actual Total Time": 858.678,"Actual Rows": 5,"Actual Loops": 1,"Sort Key": ["(sum((lineitem.l_extendedprice * ('1'::numeric - lineitem.l_discount)))) DESC"],"Sort Method": "quicksort","Sort Space Used": 25,"Sort Space Type": "Memory","Plans": [{"Node Type": "Aggregate","Strategy": "Sorted","Partial Mode": "Finalize","Parent Relationship": "Outer","Parallel Aware": false,"Async Capable": false,"Startup Cost": 21550.86,"Total Cost": 21565.23,"Plan Rows": 25,"Plan Width": 136,"Actual Startup Time": 825.974,"Actual Total Time": 858.621,"Actual Rows": 5,"Actual Loops": 1,"Group Key": ["nation.n_name"],"Plans": [{"Node Type": "Gather Merge","Parent Relationship": "Outer","Parallel Aware": false,"Async Capable": false,"Startup Cost": 21550.86,"Total Cost": 21564.54,"Plan Rows": 50,"Plan Width": 136,"Actual Startup Time": 825.726,"Actual Total Time": 858.579,"Actual Rows": 15,"Actual Loops": 1,"Workers Planned": 2,"Workers Launched": 2,"Plans": [{"Node Type": "Aggregate","Strategy": "Sorted","Partial Mode": "Partial","Parent Relationship": "Outer","Parallel Aware": false,"Async Capable": false,"Startup Cost": 20550.84,"Total Cost": 20558.75,"Plan Rows": 25,"Plan Width": 136,"Actual Startup Time": 818.223,"Actual Total Time": 818.980,"Actual Rows": 5,"Actual Loops": 3,"Group Key": ["nation.n_name"],"Workers": [],"Plans": [{"Node Type": "Sort","Parent Relationship": "Outer","Parallel Aware": false,"Async Capable": false,"Startup Cost": 20550.84,"Total Cost": 20552.36,"Plan Rows": 608,"Plan Width": 116,"Actual Startup Time": 818.011,"Actual Total Time": 818.145,"Actual Rows": 2489,"Actual Loops": 3,"Sort Key": ["nation.n_name"],"Sort Method": "quicksort","Sort Space Used": 294,"Sort Space Type": "Memory","Workers": [{"Worker Number": 0,"Sort Method": "quicksort","Sort Space Used": 286,"Sort Space Type": "Memory"},{"Worker Number": 1,"Sort Method": "quicksort","Sort Space Used": 292,"Sort Space Type": "Memory"}],"Plans": [{"Node Type": "Hash Join","Parent Relationship": "Outer","Parallel Aware": false,"Async Capable": false,"Join Type": "Inner","Startup Cost": 475.27,"Total Cost": 20522.72,"Plan Rows": 608,"Plan Width": 116,"Actual Startup Time": 11.840,"Actual Total Time": 816.555,"Actual Rows": 2489,"Actual Loops": 3,"Inner Unique": true,"Hash Cond": "((lineitem.l_suppkey = supplier.s_suppkey) AND (customer.c_nationkey = supplier.s_nationkey))","Workers": [],"Plans": [{"Node Type": "Nested Loop","Parent Relationship": "Outer","Parallel Aware": false,"Async Capable": false,"Join Type": "Inner","Startup Cost": 3.27,"Total Cost": 19970.84,"Plan Rows": 15215,"Plan Width": 128,"Actual Startup Time": 0.591,"Actual Total Time": 771.834,"Actual Rows": 60959,"Actual Loops": 3,"Inner Unique": false,"Workers": [],"Plans": [{"Node Type": "Nested Loop","Parent Relationship": "Outer","Parallel Aware": false,"Async Capable": false,"Join Type": "Inner","Startup Cost": 2.84,"Total Cost": 8414.26,"Plan Rows": 3803,"Plan Width": 116,"Actual Startup Time": 0.474,"Actual Total Time": 463.395,"Actual Rows": 15225,"Actual Loops": 3,"Inner Unique": false,"Workers": [],"Plans": [{"Node Type": "Hash Join","Parent Relationship": "Outer","Parallel Aware": false,"Async Capable": false,"Join Type": "Inner","Startup Cost": 2.41,"Total Cost": 4471.79,"Plan Rows": 2500,"Plan Width": 116,"Actual Startup Time": 0.230,"Actual Total Time": 58.477,"Actual Rows": 9984,"Actual Loops": 3,"Inner Unique": false,"Hash Cond": "(customer.c_nationkey = nation.n_nationkey)","Workers": [],"Plans": [{"Node Type": "Seq Scan","Parent Relationship": "Outer","Parallel Aware": true,"Async Capable": false,"Relation Name": "customer","Alias": "customer","Startup Cost": 0.00,"Total Cost": 4210.00,"Plan Rows": 62500,"Plan Width": 8,"Actual Startup Time": 0.016,"Actual Total Time": 10.057,"Actual Rows": 50000,"Actual Loops": 3,"Workers": []},{"Node Type": "Hash","Parent Relationship": "Inner","Parallel Aware": false,"Async Capable": false,"Startup Cost": 2.40,"Total Cost": 2.40,"Plan Rows": 1,"Plan Width": 108,"Actual Startup Time": 0.130,"Actual Total Time": 0.146,"Actual Rows": 5,"Actual Loops": 3,"Hash Buckets": 1024,"Original Hash Buckets": 1024,"Hash Batches": 1,"Original Hash Batches": 1,"Peak Memory Usage": 9,"Workers": [],"Plans": [{"Node Type": "Hash Join","Parent Relationship": "Outer","Parallel Aware": false,"Async Capable": false,"Join Type": "Inner","Startup Cost": 1.07,"Total Cost": 2.40,"Plan Rows": 1,"Plan Width": 108,"Actual Startup Time": 0.116,"Actual Total Time": 0.137,"Actual Rows": 5,"Actual Loops": 3,"Inner Unique": true,"Hash Cond": "(nation.n_regionkey = region.r_regionkey)","Workers": [],"Plans": [{"Node Type": "Seq Scan","Parent Relationship": "Outer","Parallel Aware": false,"Async Capable": false,"Relation Name": "nation","Alias": "nation","Startup Cost": 0.00,"Total Cost": 1.25,"Plan Rows": 25,"Plan Width": 112,"Actual Startup Time": 0.042,"Actual Total Time": 0.045,"Actual Rows": 25,"Actual Loops": 3,"Workers": []},{"Node Type": "Hash","Parent Relationship": "Inner","Parallel Aware": false,"Async Capable": false,"Startup Cost": 1.06,"Total Cost": 1.06,"Plan Rows": 1,"Plan Width": 4,"Actual Startup Time": 0.050,"Actual Total Time": 0.056,"Actual Rows": 1,"Actual Loops": 3,"Hash Buckets": 1024,"Original Hash Buckets": 1024,"Hash Batches": 1,"Original Hash Batches": 1,"Peak Memory Usage": 9,"Workers": [],"Plans": [{"Node Type": "Seq Scan","Parent Relationship": "Outer","Parallel Aware": false,"Async Capable": false,"Relation Name": "region","Alias": "region","Startup Cost": 0.00,"Total Cost": 1.06,"Plan Rows": 1,"Plan Width": 4,"Actual Startup Time": 0.038,"Actual Total Time": 0.040,"Actual Rows": 1,"Actual Loops": 3,"Filter": "(r_name = 'AMERICA'::bpchar)","Rows Removed by Filter": 4,"Workers": []}]}]}]}]},{"Node Type": "Index Scan","Parent Relationship": "Inner","Parallel Aware": false,"Async Capable": false,"Scan Direction": "Forward","Index Name": "idx_orders_custkey","Relation Name": "orders","Alias": "orders","Startup Cost": 0.43,"Total Cost": 1.55,"Plan Rows": 3,"Plan Width": 8,"Actual Startup Time": 0.017,"Actual Total Time": 0.040,"Actual Rows": 2,"Actual Loops": 29952,"Index Cond": "(o_custkey = customer.c_custkey)","Rows Removed by Index Recheck": 0,"Filter": "((o_orderdate >= '1997-01-01'::date) AND (o_orderdate < '1998-01-01 00:00:00'::timestamp without time zone))","Rows Removed by Filter": 8,"Workers": []}]},{"Node Type": "Index Scan","Parent Relationship": "Inner","Parallel Aware": false,"Async Capable": false,"Scan Direction": "Forward","Index Name": "idx_lineitem_orderkey","Relation Name": "lineitem","Alias": "lineitem","Startup Cost": 0.43,"Total Cost": 2.87,"Plan Rows": 17,"Plan Width": 20,"Actual Startup Time": 0.017,"Actual Total Time": 0.020,"Actual Rows": 4,"Actual Loops": 45676,"Index Cond": "(l_orderkey = orders.o_orderkey)","Rows Removed by Index Recheck": 0,"Workers": []}]},{"Node Type": "Hash","Parent Relationship": "Inner","Parallel Aware": false,"Async Capable": false,"Startup Cost": 322.00,"Total Cost": 322.00,"Plan Rows": 10000,"Plan Width": 8,"Actual Startup Time": 10.524,"Actual Total Time": 10.525,"Actual Rows": 10000,"Actual Loops": 3,"Hash Buckets": 16384,"Original Hash Buckets": 16384,"Hash Batches": 1,"Original Hash Batches": 1,"Peak Memory Usage": 519,"Workers": [],"Plans": [{"Node Type": "Seq Scan","Parent Relationship": "Outer","Parallel Aware": false,"Async Capable": false,"Relation Name": "supplier","Alias": "supplier","Startup Cost": 0.00,"Total Cost": 322.00,"Plan Rows": 10000,"Plan Width": 8,"Actual Startup Time": 0.042,"Actual Total Time": 8.814,"Actual Rows": 10000,"Actual Loops": 3,"Workers": []}]}]}]}]}]}]}]},"Planning Time": 10.085,"Triggers": [],"Execution Time": 859.237}]
[{"Plan": {"Node Type": "Sort","Parallel Aware": false,"Async Capable": false,"Startup Cost": 21522.30,"Total Cost": 21522.36,"Plan Rows": 25,"Plan Width": 136,"Actual Startup Time": 808.723,"Actual Total Time": 839.996,"Actual Rows": 5,"Actual Loops": 1,"Sort Key": ["(sum((lineitem.l_extendedprice * ('1'::numeric - lineitem.l_discount)))) DESC"],"Sort Method": "quicksort","Sort Space Used": 25,"Sort Space Type": "Memory","Plans": [{"Node Type": "Aggregate","Strategy": "Sorted","Partial Mode": "Finalize","Parent Relationship": "Outer","Parallel Aware": false,"Async Capable": false,"Startup Cost": 21507.43,"Total Cost": 21521.72,"Plan Rows": 25,"Plan Width": 136,"Actual Startup Time": 808.168,"Actual Total Time": 839.947,"Actual Rows": 5,"Actual Loops": 1,"Group Key": ["nation.n_name"],"Plans": [{"Node Type": "Gather Merge","Parent Relationship": "Outer","Parallel Aware": false,"Async Capable": false,"Startup Cost": 21507.43,"Total Cost": 21521.03,"Plan Rows": 50,"Plan Width": 136,"Actual Startup Time": 807.495,"Actual Total Time": 839.892,"Actual Rows": 15,"Actual Loops": 1,"Workers Planned": 2,"Workers Launched": 2,"Plans": [{"Node Type": "Aggregate","Strategy": "Sorted","Partial Mode": "Partial","Parent Relationship": "Outer","Parallel Aware": false,"Async Capable": false,"Startup Cost": 20507.41,"Total Cost": 20515.23,"Plan Rows": 25,"Plan Width": 136,"Actual Startup Time": 799.534,"Actual Total Time": 800.383,"Actual Rows": 5,"Actual Loops": 3,"Group Key": ["nation.n_name"],"Workers": [],"Plans": [{"Node Type": "Sort","Parent Relationship": "Outer","Parallel Aware": false,"Async Capable": false,"Startup Cost": 20507.41,"Total Cost": 20508.91,"Plan Rows": 601,"Plan Width": 116,"Actual Startup Time": 799.319,"Actual Total Time": 799.466,"Actual Rows": 2431,"Actual Loops": 3,"Sort Key": ["nation.n_name"],"Sort Method": "quicksort","Sort Space Used": 290,"Sort Space Type": "Memory","Workers": [{"Worker Number": 0,"Sort Method": "quicksort","Sort Space Used": 286,"Sort Space Type": "Memory"},{"Worker Number": 1,"Sort Method": "quicksort","Sort Space Used": 283,"Sort Space Type": "Memory"}],"Plans": [{"Node Type": "Hash Join","Parent Relationship": "Outer","Parallel Aware": false,"Async Capable": false,"Join Type": "Inner","Startup Cost": 475.27,"Total Cost": 20479.67,"Plan Rows": 601,"Plan Width": 116,"Actual Startup Time": 15.141,"Actual Total Time": 797.817,"Actual Rows": 2431,"Actual Loops": 3,"Inner Unique": true,"Hash Cond": "((lineitem.l_suppkey = supplier.s_suppkey) AND (customer.c_nationkey = supplier.s_nationkey))","Workers": [],"Plans": [{"Node Type": "Nested Loop","Parent Relationship": "Outer","Parallel Aware": false,"Async Capable": false,"Join Type": "Inner","Startup Cost": 3.27,"Total Cost": 19928.78,"Plan Rows": 15027,"Plan Width": 128,"Actual Startup Time": 0.731,"Actual Total Time": 752.135,"Actual Rows": 59947,"Actual Loops": 3,"Inner Unique": false,"Workers": [],"Plans": [{"Node Type": "Nested Loop","Parent Relationship": "Outer","Parallel Aware": false,"Async Capable": false,"Join Type": "Inner","Startup Cost": 2.84,"Total Cost": 8414.26,"Plan Rows": 3756,"Plan Width": 116,"Actual Startup Time": 0.592,"Actual Total Time": 450.459,"Actual Rows": 14972,"Actual Loops": 3,"Inner Unique": false,"Workers": [],"Plans": [{"Node Type": "Hash Join","Parent Relationship": "Outer","Parallel Aware": false,"Async Capable": false,"Join Type": "Inner","Startup Cost": 2.41,"Total Cost": 4471.79,"Plan Rows": 2500,"Plan Width": 116,"Actual Startup Time": 0.291,"Actual Total Time": 55.680,"Actual Rows": 9968,"Actual Loops": 3,"Inner Unique": false,"Hash Cond": "(customer.c_nationkey = nation.n_nationkey)","Workers": [],"Plans": [{"Node Type": "Seq Scan","Parent Relationship": "Outer","Parallel Aware": true,"Async Capable": false,"Relation Name": "customer","Alias": "customer","Startup Cost": 0.00,"Total Cost": 4210.00,"Plan Rows": 62500,"Plan Width": 8,"Actual Startup Time": 0.021,"Actual Total Time": 9.583,"Actual Rows": 50000,"Actual Loops": 3,"Workers": []},{"Node Type": "Hash","Parent Relationship": "Inner","Parallel Aware": false,"Async Capable": false,"Startup Cost": 2.40,"Total Cost": 2.40,"Plan Rows": 1,"Plan Width": 108,"Actual Startup Time": 0.165,"Actual Total Time": 0.187,"Actual Rows": 5,"Actual Loops": 3,"Hash Buckets": 1024,"Original Hash Buckets": 1024,"Hash Batches": 1,"Original Hash Batches": 1,"Peak Memory Usage": 9,"Workers": [],"Plans": [{"Node Type": "Hash Join","Parent Relationship": "Outer","Parallel Aware": false,"Async Capable": false,"Join Type": "Inner","Startup Cost": 1.07,"Total Cost": 2.40,"Plan Rows": 1,"Plan Width": 108,"Actual Startup Time": 0.151,"Actual Total Time": 0.177,"Actual Rows": 5,"Actual Loops": 3,"Inner Unique": true,"Hash Cond": "(nation.n_regionkey = region.r_regionkey)","Workers": [],"Plans": [{"Node Type": "Seq Scan","Parent Relationship": "Outer","Parallel Aware": false,"Async Capable": false,"Relation Name": "nation","Alias": "nation","Startup Cost": 0.00,"Total Cost": 1.25,"Plan Rows": 25,"Plan Width": 112,"Actual Startup Time": 0.067,"Actual Total Time": 0.072,"Actual Rows": 25,"Actual Loops": 3,"Workers": []},{"Node Type": "Hash","Parent Relationship": "Inner","Parallel Aware": false,"Async Capable": false,"Startup Cost": 1.06,"Total Cost": 1.06,"Plan Rows": 1,"Plan Width": 4,"Actual Startup Time": 0.055,"Actual Total Time": 0.063,"Actual Rows": 1,"Actual Loops": 3,"Hash Buckets": 1024,"Original Hash Buckets": 1024,"Hash Batches": 1,"Original Hash Batches": 1,"Peak Memory Usage": 9,"Workers": [],"Plans": [{"Node Type": "Seq Scan","Parent Relationship": "Outer","Parallel Aware": false,"Async Capable": false,"Relation Name": "region","Alias": "region","Startup Cost": 0.00,"Total Cost": 1.06,"Plan Rows": 1,"Plan Width": 4,"Actual Startup Time": 0.042,"Actual Total Time": 0.044,"Actual Rows": 1,"Actual Loops": 3,"Filter": "(r_name = 'MIDDLE EAST'::bpchar)","Rows Removed by Filter": 4,"Workers": []}]}]}]}]},{"Node Type": "Index Scan","Parent Relationship": "Inner","Parallel Aware": false,"Async Capable": false,"Scan Direction": "Forward","Index Name": "idx_orders_custkey","Relation Name": "orders","Alias": "orders","Startup Cost": 0.43,"Total Cost": 1.55,"Plan Rows": 3,"Plan Width": 8,"Actual Startup Time": 0.017,"Actual Total Time": 0.039,"Actual Rows": 2,"Actual Loops": 29904,"Index Cond": "(o_custkey = customer.c_custkey)","Rows Removed by Index Recheck": 0,"Filter": "((o_orderdate >= '1993-01-01'::date) AND (o_orderdate < '1994-01-01 00:00:00'::timestamp without time zone))","Rows Removed by Filter": 8,"Workers": []}]},{"Node Type": "Index Scan","Parent Relationship": "Inner","Parallel Aware": false,"Async Capable": false,"Scan Direction": "Forward","Index Name": "idx_lineitem_orderkey","Relation Name": "lineitem","Alias": "lineitem","Startup Cost": 0.43,"Total Cost": 2.90,"Plan Rows": 17,"Plan Width": 20,"Actual Startup Time": 0.017,"Actual Total Time": 0.019,"Actual Rows": 4,"Actual Loops": 44917,"Index Cond": "(l_orderkey = orders.o_orderkey)","Rows Removed by Index Recheck": 0,"Workers": []}]},{"Node Type": "Hash","Parent Relationship": "Inner","Parallel Aware": false,"Async Capable": false,"Startup Cost": 322.00,"Total Cost": 322.00,"Plan Rows": 10000,"Plan Width": 8,"Actual Startup Time": 13.351,"Actual Total Time": 13.355,"Actual Rows": 10000,"Actual Loops": 3,"Hash Buckets": 16384,"Original Hash Buckets": 16384,"Hash Batches": 1,"Original Hash Batches": 1,"Peak Memory Usage": 519,"Workers": [],"Plans": [{"Node Type": "Seq Scan","Parent Relationship": "Outer","Parallel Aware": false,"Async Capable": false,"Relation Name": "supplier","Alias": "supplier","Startup Cost": 0.00,"Total Cost": 322.00,"Plan Rows": 10000,"Plan Width": 8,"Actual Startup Time": 0.056,"Actual Total Time": 11.541,"Actual Rows": 10000,"Actual Loops": 3,"Workers": []}]}]}]}]}]}]}]},"Planning Time": 9.915,"Triggers": [],"Execution Time": 840.541}]
[{"Plan": {"Node Type": "Sort","Parallel Aware": false,"Async Capable": false,"Startup Cost": 21565.81,"Total Cost": 21565.87,"Plan Rows": 25,"Plan Width": 136,"Actual Startup Time": 833.811,"Actual Total Time": 865.523,"Actual Rows": 5,"Actual Loops": 1,"Sort Key": ["(sum((lineitem.l_extendedprice * ('1'::numeric - lineitem.l_discount)))) DESC"],"Sort Method": "quicksort","Sort Space Used": 25,"Sort Space Type": "Memory","Plans": [{"Node Type": "Aggregate","Strategy": "Sorted","Partial Mode": "Finalize","Parent Relationship": "Outer","Parallel Aware": false,"Async Capable": false,"Startup Cost": 21550.86,"Total Cost": 21565.23,"Plan Rows": 25,"Plan Width": 136,"Actual Startup Time": 833.271,"Actual Total Time": 865.478,"Actual Rows": 5,"Actual Loops": 1,"Group Key": ["nation.n_name"],"Plans": [{"Node Type": "Gather Merge","Parent Relationship": "Outer","Parallel Aware": false,"Async Capable": false,"Startup Cost": 21550.86,"Total Cost": 21564.54,"Plan Rows": 50,"Plan Width": 136,"Actual Startup Time": 833.025,"Actual Total Time": 865.435,"Actual Rows": 15,"Actual Loops": 1,"Workers Planned": 2,"Workers Launched": 2,"Plans": [{"Node Type": "Aggregate","Strategy": "Sorted","Partial Mode": "Partial","Parent Relationship": "Outer","Parallel Aware": false,"Async Capable": false,"Startup Cost": 20550.84,"Total Cost": 20558.75,"Plan Rows": 25,"Plan Width": 136,"Actual Startup Time": 825.546,"Actual Total Time": 826.255,"Actual Rows": 5,"Actual Loops": 3,"Group Key": ["nation.n_name"],"Workers": [],"Plans": [{"Node Type": "Sort","Parent Relationship": "Outer","Parallel Aware": false,"Async Capable": false,"Startup Cost": 20550.84,"Total Cost": 20552.36,"Plan Rows": 608,"Plan Width": 116,"Actual Startup Time": 825.323,"Actual Total Time": 825.450,"Actual Rows": 2415,"Actual Loops": 3,"Sort Key": ["nation.n_name"],"Sort Method": "quicksort","Sort Space Used": 281,"Sort Space Type": "Memory","Workers": [{"Worker Number": 0,"Sort Method": "quicksort","Sort Space Used": 286,"Sort Space Type": "Memory"},{"Worker Number": 1,"Sort Method": "quicksort","Sort Space Used": 289,"Sort Space Type": "Memory"}],"Plans": [{"Node Type": "Hash Join","Parent Relationship": "Outer","Parallel Aware": false,"Async Capable": false,"Join Type": "Inner","Startup Cost": 475.27,"Total Cost": 20522.72,"Plan Rows": 608,"Plan Width": 116,"Actual Startup Time": 12.893,"Actual Total Time": 823.841,"Actual Rows": 2415,"Actual Loops": 3,"Inner Unique": true,"Hash Cond": "((lineitem.l_suppkey = supplier.s_suppkey) AND (customer.c_nationkey = supplier.s_nationkey))","Workers": [],"Plans": [{"Node Type": "Nested Loop","Parent Relationship": "Outer","Parallel Aware": false,"Async Capable": false,"Join Type": "Inner","Startup Cost": 3.27,"Total Cost": 19970.84,"Plan Rows": 15215,"Plan Width": 128,"Actual Startup Time": 0.809,"Actual Total Time": 777.035,"Actual Rows": 60714,"Actual Loops": 3,"Inner Unique": false,"Workers": [],"Plans": [{"Node Type": "Nested Loop","Parent Relationship": "Outer","Parallel Aware": false,"Async Capable": false,"Join Type": "Inner","Startup Cost": 2.84,"Total Cost": 8414.26,"Plan Rows": 3803,"Plan Width": 116,"Actual Startup Time": 0.660,"Actual Total Time": 471.667,"Actual Rows": 15226,"Actual Loops": 3,"Inner Unique": false,"Workers": [],"Plans": [{"Node Type": "Hash Join","Parent Relationship": "Outer","Parallel Aware": false,"Async Capable": false,"Join Type": "Inner","Startup Cost": 2.41,"Total Cost": 4471.79,"Plan Rows": 2500,"Plan Width": 116,"Actual Startup Time": 0.276,"Actual Total Time": 59.829,"Actual Rows": 10066,"Actual Loops": 3,"Inner Unique": false,"Hash Cond": "(customer.c_nationkey = nation.n_nationkey)","Workers": [],"Plans": [{"Node Type": "Seq Scan","Parent Relationship": "Outer","Parallel Aware": true,"Async Capable": false,"Relation Name": "customer","Alias": "customer","Startup Cost": 0.00,"Total Cost": 4210.00,"Plan Rows": 62500,"Plan Width": 8,"Actual Startup Time": 0.021,"Actual Total Time": 10.083,"Actual Rows": 50000,"Actual Loops": 3,"Workers": []},{"Node Type": "Hash","Parent Relationship": "Inner","Parallel Aware": false,"Async Capable": false,"Startup Cost": 2.40,"Total Cost": 2.40,"Plan Rows": 1,"Plan Width": 108,"Actual Startup Time": 0.154,"Actual Total Time": 0.171,"Actual Rows": 5,"Actual Loops": 3,"Hash Buckets": 1024,"Original Hash Buckets": 1024,"Hash Batches": 1,"Original Hash Batches": 1,"Peak Memory Usage": 9,"Workers": [],"Plans": [{"Node Type": "Hash Join","Parent Relationship": "Outer","Parallel Aware": false,"Async Capable": false,"Join Type": "Inner","Startup Cost": 1.07,"Total Cost": 2.40,"Plan Rows": 1,"Plan Width": 108,"Actual Startup Time": 0.139,"Actual Total Time": 0.162,"Actual Rows": 5,"Actual Loops": 3,"Inner Unique": true,"Hash Cond": "(nation.n_regionkey = region.r_regionkey)","Workers": [],"Plans": [{"Node Type": "Seq Scan","Parent Relationship": "Outer","Parallel Aware": false,"Async Capable": false,"Relation Name": "nation","Alias": "nation","Startup Cost": 0.00,"Total Cost": 1.25,"Plan Rows": 25,"Plan Width": 112,"Actual Startup Time": 0.051,"Actual Total Time": 0.055,"Actual Rows": 25,"Actual Loops": 3,"Workers": []},{"Node Type": "Hash","Parent Relationship": "Inner","Parallel Aware": false,"Async Capable": false,"Startup Cost": 1.06,"Total Cost": 1.06,"Plan Rows": 1,"Plan Width": 4,"Actual Startup Time": 0.057,"Actual Total Time": 0.063,"Actual Rows": 1,"Actual Loops": 3,"Hash Buckets": 1024,"Original Hash Buckets": 1024,"Hash Batches": 1,"Original Hash Batches": 1,"Peak Memory Usage": 9,"Workers": [],"Plans": [{"Node Type": "Seq Scan","Parent Relationship": "Outer","Parallel Aware": false,"Async Capable": false,"Relation Name": "region","Alias": "region","Startup Cost": 0.00,"Total Cost": 1.06,"Plan Rows": 1,"Plan Width": 4,"Actual Startup Time": 0.043,"Actual Total Time": 0.045,"Actual Rows": 1,"Actual Loops": 3,"Filter": "(r_name = 'EUROPE'::bpchar)","Rows Removed by Filter": 4,"Workers": []}]}]}]}]},{"Node Type": "Index Scan","Parent Relationship": "Inner","Parallel Aware": false,"Async Capable": false,"Scan Direction": "Forward","Index Name": "idx_orders_custkey","Relation Name": "orders","Alias": "orders","Startup Cost": 0.43,"Total Cost": 1.55,"Plan Rows": 3,"Plan Width": 8,"Actual Startup Time": 0.017,"Actual Total Time": 0.041,"Actual Rows": 2,"Actual Loops": 30197,"Index Cond": "(o_custkey = customer.c_custkey)","Rows Removed by Index Recheck": 0,"Filter": "((o_orderdate >= '1997-01-01'::date) AND (o_orderdate < '1998-01-01 00:00:00'::timestamp without time zone))","Rows Removed by Filter": 9,"Workers": []}]},{"Node Type": "Index Scan","Parent Relationship": "Inner","Parallel Aware": false,"Async Capable": false,"Scan Direction": "Forward","Index Name": "idx_lineitem_orderkey","Relation Name": "lineitem","Alias": "lineitem","Startup Cost": 0.43,"Total Cost": 2.87,"Plan Rows": 17,"Plan Width": 20,"Actual Startup Time": 0.017,"Actual Total Time": 0.019,"Actual Rows": 4,"Actual Loops": 45677,"Index Cond": "(l_orderkey = orders.o_orderkey)","Rows Removed by Index Recheck": 0,"Workers": []}]},{"Node Type": "Hash","Parent Relationship": "Inner","Parallel Aware": false,"Async Capable": false,"Startup Cost": 322.00,"Total Cost": 322.00,"Plan Rows": 10000,"Plan Width": 8,"Actual Startup Time": 11.560,"Actual Total Time": 11.566,"Actual Rows": 10000,"Actual Loops": 3,"Hash Buckets": 16384,"Original Hash Buckets": 16384,"Hash Batches": 1,"Original Hash Batches": 1,"Peak Memory Usage": 519,"Workers": [],"Plans": [{"Node Type": "Seq Scan","Parent Relationship": "Outer","Parallel Aware": false,"Async Capable": false,"Relation Name": "supplier","Alias": "supplier","Startup Cost": 0.00,"Total Cost": 322.00,"Plan Rows": 10000,"Plan Width": 8,"Actual Startup Time": 0.053,"Actual Total Time": 9.758,"Actual Rows": 10000,"Actual Loops": 3,"Workers": []}]}]}]}]}]}]}]},"Planning Time": 11.054,"Triggers": [],"Execution Time": 866.075}]
[{"Plan": {"Node Type": "Sort","Parallel Aware": false,"Async Capable": false,"Startup Cost": 21522.30,"Total Cost": 21522.36,"Plan Rows": 25,"Plan Width": 136,"Actual Startup Time": 808.715,"Actual Total Time": 841.103,"Actual Rows": 5,"Actual Loops": 1,"Sort Key": ["(sum((lineitem.l_extendedprice * ('1'::numeric - lineitem.l_discount)))) DESC"],"Sort Method": "quicksort","Sort Space Used": 25,"Sort Space Type": "Memory","Plans": [{"Node Type": "Aggregate","Strategy": "Sorted","Partial Mode": "Finalize","Parent Relationship": "Outer","Parallel Aware": false,"Async Capable": false,"Startup Cost": 21507.43,"Total Cost": 21521.72,"Plan Rows": 25,"Plan Width": 136,"Actual Startup Time": 808.132,"Actual Total Time": 841.051,"Actual Rows": 5,"Actual Loops": 1,"Group Key": ["nation.n_name"],"Plans": [{"Node Type": "Gather Merge","Parent Relationship": "Outer","Parallel Aware": false,"Async Capable": false,"Startup Cost": 21507.43,"Total Cost": 21521.03,"Plan Rows": 50,"Plan Width": 136,"Actual Startup Time": 807.865,"Actual Total Time": 840.993,"Actual Rows": 15,"Actual Loops": 1,"Workers Planned": 2,"Workers Launched": 2,"Plans": [{"Node Type": "Aggregate","Strategy": "Sorted","Partial Mode": "Partial","Parent Relationship": "Outer","Parallel Aware": false,"Async Capable": false,"Startup Cost": 20507.41,"Total Cost": 20515.23,"Plan Rows": 25,"Plan Width": 136,"Actual Startup Time": 800.148,"Actual Total Time": 800.877,"Actual Rows": 5,"Actual Loops": 3,"Group Key": ["nation.n_name"],"Workers": [],"Plans": [{"Node Type": "Sort","Parent Relationship": "Outer","Parallel Aware": false,"Async Capable": false,"Startup Cost": 20507.41,"Total Cost": 20508.91,"Plan Rows": 601,"Plan Width": 116,"Actual Startup Time": 799.927,"Actual Total Time": 800.057,"Actual Rows": 2459,"Actual Loops": 3,"Sort Key": ["nation.n_name"],"Sort Method": "quicksort","Sort Space Used": 287,"Sort Space Type": "Memory","Workers": [{"Worker Number": 0,"Sort Method": "quicksort","Sort Space Used": 292,"Sort Space Type": "Memory"},{"Worker Number": 1,"Sort Method": "quicksort","Sort Space Used": 287,"Sort Space Type": "Memory"}],"Plans": [{"Node Type": "Hash Join","Parent Relationship": "Outer","Parallel Aware": false,"Async Capable": false,"Join Type": "Inner","Startup Cost": 475.27,"Total Cost": 20479.67,"Plan Rows": 601,"Plan Width": 116,"Actual Startup Time": 9.851,"Actual Total Time": 798.461,"Actual Rows": 2459,"Actual Loops": 3,"Inner Unique": true,"Hash Cond": "((lineitem.l_suppkey = supplier.s_suppkey) AND (customer.c_nationkey = supplier.s_nationkey))","Workers": [],"Plans": [{"Node Type": "Nested Loop","Parent Relationship": "Outer","Parallel Aware": false,"Async Capable": false,"Join Type": "Inner","Startup Cost": 3.27,"Total Cost": 19928.78,"Plan Rows": 15027,"Plan Width": 128,"Actual Startup Time": 0.691,"Actual Total Time": 757.487,"Actual Rows": 60981,"Actual Loops": 3,"Inner Unique": false,"Workers": [],"Plans": [{"Node Type": "Nested Loop","Parent Relationship": "Outer","Parallel Aware": false,"Async Capable": false,"Join Type": "Inner","Startup Cost": 2.84,"Total Cost": 8414.26,"Plan Rows": 3756,"Plan Width": 116,"Actual Startup Time": 0.574,"Actual Total Time": 453.285,"Actual Rows": 15233,"Actual Loops": 3,"Inner Unique": false,"Workers": [],"Plans": [{"Node Type": "Hash Join","Parent Relationship": "Outer","Parallel Aware": false,"Async Capable": false,"Join Type": "Inner","Startup Cost": 2.41,"Total Cost": 4471.79,"Plan Rows": 2500,"Plan Width": 116,"Actual Startup Time": 0.259,"Actual Total Time": 55.622,"Actual Rows": 10066,"Actual Loops": 3,"Inner Unique": false,"Hash Cond": "(customer.c_nationkey = nation.n_nationkey)","Workers": [],"Plans": [{"Node Type": "Seq Scan","Parent Relationship": "Outer","Parallel Aware": true,"Async Capable": false,"Relation Name": "customer","Alias": "customer","Startup Cost": 0.00,"Total Cost": 4210.00,"Plan Rows": 62500,"Plan Width": 8,"Actual Startup Time": 0.020,"Actual Total Time": 9.402,"Actual Rows": 50000,"Actual Loops": 3,"Workers": []},{"Node Type": "Hash","Parent Relationship": "Inner","Parallel Aware": false,"Async Capable": false,"Startup Cost": 2.40,"Total Cost": 2.40,"Plan Rows": 1,"Plan Width": 108,"Actual Startup Time": 0.150,"Actual Total Time": 0.167,"Actual Rows": 5,"Actual Loops": 3,"Hash Buckets": 1024,"Original Hash Buckets": 1024,"Hash Batches": 1,"Original Hash Batches": 1,"Peak Memory Usage": 9,"Workers": [],"Plans": [{"Node Type": "Hash Join","Parent Relationship": "Outer","Parallel Aware": false,"Async Capable": false,"Join Type": "Inner","Startup Cost": 1.07,"Total Cost": 2.40,"Plan Rows": 1,"Plan Width": 108,"Actual Startup Time": 0.135,"Actual Total Time": 0.156,"Actual Rows": 5,"Actual Loops": 3,"Inner Unique": true,"Hash Cond": "(nation.n_regionkey = region.r_regionkey)","Workers": [],"Plans": [{"Node Type": "Seq Scan","Parent Relationship": "Outer","Parallel Aware": false,"Async Capable": false,"Relation Name": "nation","Alias": "nation","Startup Cost": 0.00,"Total Cost": 1.25,"Plan Rows": 25,"Plan Width": 112,"Actual Startup Time": 0.049,"Actual Total Time": 0.053,"Actual Rows": 25,"Actual Loops": 3,"Workers": []},{"Node Type": "Hash","Parent Relationship": "Inner","Parallel Aware": false,"Async Capable": false,"Startup Cost": 1.06,"Total Cost": 1.06,"Plan Rows": 1,"Plan Width": 4,"Actual Startup Time": 0.056,"Actual Total Time": 0.064,"Actual Rows": 1,"Actual Loops": 3,"Hash Buckets": 1024,"Original Hash Buckets": 1024,"Hash Batches": 1,"Original Hash Batches": 1,"Peak Memory Usage": 9,"Workers": [],"Plans": [{"Node Type": "Seq Scan","Parent Relationship": "Outer","Parallel Aware": false,"Async Capable": false,"Relation Name": "region","Alias": "region","Startup Cost": 0.00,"Total Cost": 1.06,"Plan Rows": 1,"Plan Width": 4,"Actual Startup Time": 0.041,"Actual Total Time": 0.043,"Actual Rows": 1,"Actual Loops": 3,"Filter": "(r_name = 'EUROPE'::bpchar)","Rows Removed by Filter": 4,"Workers": []}]}]}]}]},{"Node Type": "Index Scan","Parent Relationship": "Inner","Parallel Aware": false,"Async Capable": false,"Scan Direction": "Forward","Index Name": "idx_orders_custkey","Relation Name": "orders","Alias": "orders","Startup Cost": 0.43,"Total Cost": 1.55,"Plan Rows": 3,"Plan Width": 8,"Actual Startup Time": 0.017,"Actual Total Time": 0.039,"Actual Rows": 2,"Actual Loops": 30197,"Index Cond": "(o_custkey = customer.c_custkey)","Rows Removed by Index Recheck": 0,"Filter": "((o_orderdate >= '1993-01-01'::date) AND (o_orderdate < '1994-01-01 00:00:00'::timestamp without time zone))","Rows Removed by Filter": 9,"Workers": []}]},{"Node Type": "Index Scan","Parent Relationship": "Inner","Parallel Aware": false,"Async Capable": false,"Scan Direction": "Forward","Index Name": "idx_lineitem_orderkey","Relation Name": "lineitem","Alias": "lineitem","Startup Cost": 0.43,"Total Cost": 2.90,"Plan Rows": 17,"Plan Width": 20,"Actual Startup Time": 0.017,"Actual Total Time": 0.019,"Actual Rows": 4,"Actual Loops": 45699,"Index Cond": "(l_orderkey = orders.o_orderkey)","Rows Removed by Index Recheck": 0,"Workers": []}]},{"Node Type": "Hash","Parent Relationship": "Inner","Parallel Aware": false,"Async Capable": false,"Startup Cost": 322.00,"Total Cost": 322.00,"Plan Rows": 10000,"Plan Width": 8,"Actual Startup Time": 8.538,"Actual Total Time": 8.541,"Actual Rows": 10000,"Actual Loops": 3,"Hash Buckets": 16384,"Original Hash Buckets": 16384,"Hash Batches": 1,"Original Hash Batches": 1,"Peak Memory Usage": 519,"Workers": [],"Plans": [{"Node Type": "Seq Scan","Parent Relationship": "Outer","Parallel Aware": false,"Async Capable": false,"Relation Name": "supplier","Alias": "supplier","Startup Cost": 0.00,"Total Cost": 322.00,"Plan Rows": 10000,"Plan Width": 8,"Actual Startup Time": 0.046,"Actual Total Time": 6.635,"Actual Rows": 10000,"Actual Loops": 3,"Workers": []}]}]}]}]}]}]}]},"Planning Time": 10.957,"Triggers": [],"Execution Time": 841.799}]
[{"Plan": {"Node Type": "Sort","Parallel Aware": false,"Async Capable": false,"Startup Cost": 21565.24,"Total Cost": 21565.30,"Plan Rows": 25,"Plan Width": 136,"Actual Startup Time": 829.883,"Actual Total Time": 862.581,"Actual Rows": 5,"Actual Loops": 1,"Sort Key": ["(sum((lineitem.l_extendedprice * ('1'::numeric - lineitem.l_discount)))) DESC"],"Sort Method": "quicksort","Sort Space Used": 25,"Sort Space Type": "Memory","Plans": [{"Node Type": "Aggregate","Strategy": "Sorted","Partial Mode": "Finalize","Parent Relationship": "Outer","Parallel Aware": false,"Async Capable": false,"Startup Cost": 21550.29,"Total Cost": 21564.66,"Plan Rows": 25,"Plan Width": 136,"Actual Startup Time": 829.271,"Actual Total Time": 862.532,"Actual Rows": 5,"Actual Loops": 1,"Group Key": ["nation.n_name"],"Plans": [{"Node Type": "Gather Merge","Parent Relationship": "Outer","Parallel Aware": false,"Async Capable": false,"Startup Cost": 21550.29,"Total Cost": 21563.97,"Plan Rows": 50,"Plan Width": 136,"Actual Startup Time": 829.074,"Actual Total Time": 862.478,"Actual Rows": 15,"Actual Loops": 1,"Workers Planned": 2,"Workers Launched": 2,"Plans": [{"Node Type": "Aggregate","Strategy": "Sorted","Partial Mode": "Partial","Parent Relationship": "Outer","Parallel Aware": false,"Async Capable": false,"Startup Cost": 20550.26,"Total Cost": 20558.18,"Plan Rows": 25,"Plan Width": 136,"Actual Startup Time": 821.816,"Actual Total Time": 822.538,"Actual Rows": 5,"Actual Loops": 3,"Group Key": ["nation.n_name"],"Workers": [],"Plans": [{"Node Type": "Sort","Parent Relationship": "Outer","Parallel Aware": false,"Async Capable": false,"Startup Cost": 20550.26,"Total Cost": 20551.78,"Plan Rows": 608,"Plan Width": 116,"Actual Startup Time": 821.604,"Actual Total Time": 821.730,"Actual Rows": 2468,"Actual Loops": 3,"Sort Key": ["nation.n_name"],"Sort Method": "quicksort","Sort Space Used": 285,"Sort Space Type": "Memory","Workers": [{"Worker Number": 0,"Sort Method": "quicksort","Sort Space Used": 293,"Sort Space Type": "Memory"},{"Worker Number": 1,"Sort Method": "quicksort","Sort Space Used": 290,"Sort Space Type": "Memory"}],"Plans": [{"Node Type": "Hash Join","Parent Relationship": "Outer","Parallel Aware": false,"Async Capable": false,"Join Type": "Inner","Startup Cost": 475.27,"Total Cost": 20522.15,"Plan Rows": 608,"Plan Width": 116,"Actual Startup Time": 10.349,"Actual Total Time": 819.988,"Actual Rows": 2468,"Actual Loops": 3,"Inner Unique": true,"Hash Cond": "((lineitem.l_suppkey = supplier.s_suppkey) AND (customer.c_nationkey = supplier.s_nationkey))","Workers": [],"Plans": [{"Node Type": "Nested Loop","Parent Relationship": "Outer","Parallel Aware": false,"Async Capable": false,"Join Type": "Inner","Startup Cost": 3.27,"Total Cost": 19970.29,"Plan Rows": 15211,"Plan Width": 128,"Actual Startup Time": 0.787,"Actual Total Time": 773.951,"Actual Rows": 61461,"Actual Loops": 3,"Inner Unique": false,"Workers": [],"Plans": [{"Node Type": "Nested Loop","Parent Relationship": "Outer","Parallel Aware": false,"Async Capable": false,"Join Type": "Inner","Startup Cost": 2.84,"Total Cost": 8414.26,"Plan Rows": 3802,"Plan Width": 116,"Actual Startup Time": 0.651,"Actual Total Time": 459.932,"Actual Rows": 15399,"Actual Loops": 3,"Inner Unique": false,"Workers": [],"Plans": [{"Node Type": "Hash Join","Parent Relationship": "Outer","Parallel Aware": false,"Async Capable": false,"Join Type": "Inner","Startup Cost": 2.41,"Total Cost": 4471.79,"Plan Rows": 2500,"Plan Width": 116,"Actual Startup Time": 0.245,"Actual Total Time": 55.063,"Actual Rows": 10066,"Actual Loops": 3,"Inner Unique": false,"Hash Cond": "(customer.c_nationkey = nation.n_nationkey)","Workers": [],"Plans": [{"Node Type": "Seq Scan","Parent Relationship": "Outer","Parallel Aware": true,"Async Capable": false,"Relation Name": "customer","Alias": "customer","Startup Cost": 0.00,"Total Cost": 4210.00,"Plan Rows": 62500,"Plan Width": 8,"Actual Startup Time": 0.014,"Actual Total Time": 9.571,"Actual Rows": 50000,"Actual Loops": 3,"Workers": []},{"Node Type": "Hash","Parent Relationship": "Inner","Parallel Aware": false,"Async Capable": false,"Startup Cost": 2.40,"Total Cost": 2.40,"Plan Rows": 1,"Plan Width": 108,"Actual Startup Time": 0.139,"Actual Total Time": 0.155,"Actual Rows": 5,"Actual Loops": 3,"Hash Buckets": 1024,"Original Hash Buckets": 1024,"Hash Batches": 1,"Original Hash Batches": 1,"Peak Memory Usage": 9,"Workers": [],"Plans": [{"Node Type": "Hash Join","Parent Relationship": "Outer","Parallel Aware": false,"Async Capable": false,"Join Type": "Inner","Startup Cost": 1.07,"Total Cost": 2.40,"Plan Rows": 1,"Plan Width": 108,"Actual Startup Time": 0.126,"Actual Total Time": 0.145,"Actual Rows": 5,"Actual Loops": 3,"Inner Unique": true,"Hash Cond": "(nation.n_regionkey = region.r_regionkey)","Workers": [],"Plans": [{"Node Type": "Seq Scan","Parent Relationship": "Outer","Parallel Aware": false,"Async Capable": false,"Relation Name": "nation","Alias": "nation","Startup Cost": 0.00,"Total Cost": 1.25,"Plan Rows": 25,"Plan Width": 112,"Actual Startup Time": 0.043,"Actual Total Time": 0.047,"Actual Rows": 25,"Actual Loops": 3,"Workers": []},{"Node Type": "Hash","Parent Relationship": "Inner","Parallel Aware": false,"Async Capable": false,"Startup Cost": 1.06,"Total Cost": 1.06,"Plan Rows": 1,"Plan Width": 4,"Actual Startup Time": 0.051,"Actual Total Time": 0.056,"Actual Rows": 1,"Actual Loops": 3,"Hash Buckets": 1024,"Original Hash Buckets": 1024,"Hash Batches": 1,"Original Hash Batches": 1,"Peak Memory Usage": 9,"Workers": [],"Plans": [{"Node Type": "Seq Scan","Parent Relationship": "Outer","Parallel Aware": false,"Async Capable": false,"Relation Name": "region","Alias": "region","Startup Cost": 0.00,"Total Cost": 1.06,"Plan Rows": 1,"Plan Width": 4,"Actual Startup Time": 0.037,"Actual Total Time": 0.039,"Actual Rows": 1,"Actual Loops": 3,"Filter": "(r_name = 'EUROPE'::bpchar)","Rows Removed by Filter": 4,"Workers": []}]}]}]}]},{"Node Type": "Index Scan","Parent Relationship": "Inner","Parallel Aware": false,"Async Capable": false,"Scan Direction": "Forward","Index Name": "idx_orders_custkey","Relation Name": "orders","Alias": "orders","Startup Cost": 0.43,"Total Cost": 1.55,"Plan Rows": 3,"Plan Width": 8,"Actual Startup Time": 0.017,"Actual Total Time": 0.040,"Actual Rows": 2,"Actual Loops": 30197,"Index Cond": "(o_custkey = customer.c_custkey)","Rows Removed by Index Recheck": 0,"Filter": "((o_orderdate >= '1995-01-01'::date) AND (o_orderdate < '1996-01-01 00:00:00'::timestamp without time zone))","Rows Removed by Filter": 9,"Workers": []}]},{"Node Type": "Index Scan","Parent Relationship": "Inner","Parallel Aware": false,"Async Capable": false,"Scan Direction": "Forward","Index Name": "idx_lineitem_orderkey","Relation Name": "lineitem","Alias": "lineitem","Startup Cost": 0.43,"Total Cost": 2.87,"Plan Rows": 17,"Plan Width": 20,"Actual Startup Time": 0.017,"Actual Total Time": 0.020,"Actual Rows": 4,"Actual Loops": 46197,"Index Cond": "(l_orderkey = orders.o_orderkey)","Rows Removed by Index Recheck": 0,"Workers": []}]},{"Node Type": "Hash","Parent Relationship": "Inner","Parallel Aware": false,"Async Capable": false,"Startup Cost": 322.00,"Total Cost": 322.00,"Plan Rows": 10000,"Plan Width": 8,"Actual Startup Time": 8.644,"Actual Total Time": 8.648,"Actual Rows": 10000,"Actual Loops": 3,"Hash Buckets": 16384,"Original Hash Buckets": 16384,"Hash Batches": 1,"Original Hash Batches": 1,"Peak Memory Usage": 519,"Workers": [],"Plans": [{"Node Type": "Seq Scan","Parent Relationship": "Outer","Parallel Aware": false,"Async Capable": false,"Relation Name": "supplier","Alias": "supplier","Startup Cost": 0.00,"Total Cost": 322.00,"Plan Rows": 10000,"Plan Width": 8,"Actual Startup Time": 0.045,"Actual Total Time": 6.681,"Actual Rows": 10000,"Actual Loops": 3,"Workers": []}]}]}]}]}]}]}]},"Planning Time": 10.340,"Triggers": [],"Execution Time": 863.182}]
[{"Plan": {"Node Type": "Sort","Parallel Aware": false,"Async Capable": false,"Startup Cost": 21522.30,"Total Cost": 21522.36,"Plan Rows": 25,"Plan Width": 136,"Actual Startup Time": 801.786,"Actual Total Time": 833.013,"Actual Rows": 5,"Actual Loops": 1,"Sort Key": ["(sum((lineitem.l_extendedprice * ('1'::numeric - lineitem.l_discount)))) DESC"],"Sort Method": "quicksort","Sort Space Used": 25,"Sort Space Type": "Memory","Plans": [{"Node Type": "Aggregate","Strategy": "Sorted","Partial Mode": "Finalize","Parent Relationship": "Outer","Parallel Aware": false,"Async Capable": false,"Startup Cost": 21507.43,"Total Cost": 21521.72,"Plan Rows": 25,"Plan Width": 136,"Actual Startup Time": 801.172,"Actual Total Time": 832.958,"Actual Rows": 5,"Actual Loops": 1,"Group Key": ["nation.n_name"],"Plans": [{"Node Type": "Gather Merge","Parent Relationship": "Outer","Parallel Aware": false,"Async Capable": false,"Startup Cost": 21507.43,"Total Cost": 21521.03,"Plan Rows": 50,"Plan Width": 136,"Actual Startup Time": 800.500,"Actual Total Time": 832.892,"Actual Rows": 15,"Actual Loops": 1,"Workers Planned": 2,"Workers Launched": 2,"Plans": [{"Node Type": "Aggregate","Strategy": "Sorted","Partial Mode": "Partial","Parent Relationship": "Outer","Parallel Aware": false,"Async Capable": false,"Startup Cost": 20507.41,"Total Cost": 20515.23,"Plan Rows": 25,"Plan Width": 136,"Actual Startup Time": 792.564,"Actual Total Time": 793.457,"Actual Rows": 5,"Actual Loops": 3,"Group Key": ["nation.n_name"],"Workers": [],"Plans": [{"Node Type": "Sort","Parent Relationship": "Outer","Parallel Aware": false,"Async Capable": false,"Startup Cost": 20507.41,"Total Cost": 20508.91,"Plan Rows": 601,"Plan Width": 116,"Actual Startup Time": 792.353,"Actual Total Time": 792.502,"Actual Rows": 2513,"Actual Loops": 3,"Sort Key": ["nation.n_name"],"Sort Method": "quicksort","Sort Space Used": 296,"Sort Space Type": "Memory","Workers": [{"Worker Number": 0,"Sort Method": "quicksort","Sort Space Used": 291,"Sort Space Type": "Memory"},{"Worker Number": 1,"Sort Method": "quicksort","Sort Space Used": 292,"Sort Space Type": "Memory"}],"Plans": [{"Node Type": "Hash Join","Parent Relationship": "Outer","Parallel Aware": false,"Async Capable": false,"Join Type": "Inner","Startup Cost": 475.27,"Total Cost": 20479.67,"Plan Rows": 601,"Plan Width": 116,"Actual Startup Time": 14.275,"Actual Total Time": 790.899,"Actual Rows": 2513,"Actual Loops": 3,"Inner Unique": true,"Hash Cond": "((lineitem.l_suppkey = supplier.s_suppkey) AND (customer.c_nationkey = supplier.s_nationkey))","Workers": [],"Plans": [{"Node Type": "Nested Loop","Parent Relationship": "Outer","Parallel Aware": false,"Async Capable": false,"Join Type": "Inner","Startup Cost": 3.27,"Total Cost": 19928.78,"Plan Rows": 15027,"Plan Width": 128,"Actual Startup Time": 0.573,"Actual Total Time": 745.935,"Actual Rows": 60812,"Actual Loops": 3,"Inner Unique": false,"Workers": [],"Plans": [{"Node Type": "Nested Loop","Parent Relationship": "Outer","Parallel Aware": false,"Async Capable": false,"Join Type": "Inner","Startup Cost": 2.84,"Total Cost": 8414.26,"Plan Rows": 3756,"Plan Width": 116,"Actual Startup Time": 0.447,"Actual Total Time": 445.574,"Actual Rows": 15099,"Actual Loops": 3,"Inner Unique": false,"Workers": [],"Plans": [{"Node Type": "Hash Join","Parent Relationship": "Outer","Parallel Aware": false,"Async Capable": false,"Join Type": "Inner","Startup Cost": 2.41,"Total Cost": 4471.79,"Plan Rows": 2500,"Plan Width": 116,"Actual Startup Time": 0.261,"Actual Total Time": 54.435,"Actual Rows": 9984,"Actual Loops": 3,"Inner Unique": false,"Hash Cond": "(customer.c_nationkey = nation.n_nationkey)","Workers": [],"Plans": [{"Node Type": "Seq Scan","Parent Relationship": "Outer","Parallel Aware": true,"Async Capable": false,"Relation Name": "customer","Alias": "customer","Startup Cost": 0.00,"Total Cost": 4210.00,"Plan Rows": 62500,"Plan Width": 8,"Actual Startup Time": 0.020,"Actual Total Time": 9.427,"Actual Rows": 50000,"Actual Loops": 3,"Workers": []},{"Node Type": "Hash","Parent Relationship": "Inner","Parallel Aware": false,"Async Capable": false,"Startup Cost": 2.40,"Total Cost": 2.40,"Plan Rows": 1,"Plan Width": 108,"Actual Startup Time": 0.147,"Actual Total Time": 0.168,"Actual Rows": 5,"Actual Loops": 3,"Hash Buckets": 1024,"Original Hash Buckets": 1024,"Hash Batches": 1,"Original Hash Batches": 1,"Peak Memory Usage": 9,"Workers": [],"Plans": [{"Node Type": "Hash Join","Parent Relationship": "Outer","Parallel Aware": false,"Async Capable": false,"Join Type": "Inner","Startup Cost": 1.07,"Total Cost": 2.40,"Plan Rows": 1,"Plan Width": 108,"Actual Startup Time": 0.132,"Actual Total Time": 0.158,"Actual Rows": 5,"Actual Loops": 3,"Inner Unique": true,"Hash Cond": "(nation.n_regionkey = region.r_regionkey)","Workers": [],"Plans": [{"Node Type": "Seq Scan","Parent Relationship": "Outer","Parallel Aware": false,"Async Capable": false,"Relation Name": "nation","Alias": "nation","Startup Cost": 0.00,"Total Cost": 1.25,"Plan Rows": 25,"Plan Width": 112,"Actual Startup Time": 0.053,"Actual Total Time": 0.057,"Actual Rows": 25,"Actual Loops": 3,"Workers": []},{"Node Type": "Hash","Parent Relationship": "Inner","Parallel Aware": false,"Async Capable": false,"Startup Cost": 1.06,"Total Cost": 1.06,"Plan Rows": 1,"Plan Width": 4,"Actual Startup Time": 0.054,"Actual Total Time": 0.061,"Actual Rows": 1,"Actual Loops": 3,"Hash Buckets": 1024,"Original Hash Buckets": 1024,"Hash Batches": 1,"Original Hash Batches": 1,"Peak Memory Usage": 9,"Workers": [],"Plans": [{"Node Type": "Seq Scan","Parent Relationship": "Outer","Parallel Aware": false,"Async Capable": false,"Relation Name": "region","Alias": "region","Startup Cost": 0.00,"Total Cost": 1.06,"Plan Rows": 1,"Plan Width": 4,"Actual Startup Time": 0.037,"Actual Total Time": 0.039,"Actual Rows": 1,"Actual Loops": 3,"Filter": "(r_name = 'AMERICA'::bpchar)","Rows Removed by Filter": 4,"Workers": []}]}]}]}]},{"Node Type": "Index Scan","Parent Relationship": "Inner","Parallel Aware": false,"Async Capable": false,"Scan Direction": "Forward","Index Name": "idx_orders_custkey","Relation Name": "orders","Alias": "orders","Startup Cost": 0.43,"Total Cost": 1.55,"Plan Rows": 3,"Plan Width": 8,"Actual Startup Time": 0.016,"Actual Total Time": 0.039,"Actual Rows": 2,"Actual Loops": 29952,"Index Cond": "(o_custkey = customer.c_custkey)","Rows Removed by Index Recheck": 0,"Filter": "((o_orderdate >= '1993-01-01'::date) AND (o_orderdate < '1994-01-01 00:00:00'::timestamp without time zone))","Rows Removed by Filter": 8,"Workers": []}]},{"Node Type": "Index Scan","Parent Relationship": "Inner","Parallel Aware": false,"Async Capable": false,"Scan Direction": "Forward","Index Name": "idx_lineitem_orderkey","Relation Name": "lineitem","Alias": "lineitem","Startup Cost": 0.43,"Total Cost": 2.90,"Plan Rows": 17,"Plan Width": 20,"Actual Startup Time": 0.017,"Actual Total Time": 0.019,"Actual Rows": 4,"Actual Loops": 45297,"Index Cond": "(l_orderkey = orders.o_orderkey)","Rows Removed by Index Recheck": 0,"Workers": []}]},{"Node Type": "Hash","Parent Relationship": "Inner","Parallel Aware": false,"Async Capable": false,"Startup Cost": 322.00,"Total Cost": 322.00,"Plan Rows": 10000,"Plan Width": 8,"Actual Startup Time": 12.653,"Actual Total Time": 12.656,"Actual Rows": 10000,"Actual Loops": 3,"Hash Buckets": 16384,"Original Hash Buckets": 16384,"Hash Batches": 1,"Original Hash Batches": 1,"Peak Memory Usage": 519,"Workers": [],"Plans": [{"Node Type": "Seq Scan","Parent Relationship": "Outer","Parallel Aware": false,"Async Capable": false,"Relation Name": "supplier","Alias": "supplier","Startup Cost": 0.00,"Total Cost": 322.00,"Plan Rows": 10000,"Plan Width": 8,"Actual Startup Time": 0.038,"Actual Total Time": 10.961,"Actual Rows": 10000,"Actual Loops": 3,"Workers": []}]}]}]}]}]}]}]},"Planning Time": 9.512,"Triggers": [],"Execution Time": 833.531}]
[{"Plan": {"Node Type": "Sort","Parallel Aware": false,"Async Capable": false,"Startup Cost": 21616.39,"Total Cost": 21616.45,"Plan Rows": 25,"Plan Width": 136,"Actual Startup Time": 848.991,"Actual Total Time": 881.316,"Actual Rows": 5,"Actual Loops": 1,"Sort Key": ["(sum((lineitem.l_extendedprice * ('1'::numeric - lineitem.l_discount)))) DESC"],"Sort Method": "quicksort","Sort Space Used": 25,"Sort Space Type": "Memory","Plans": [{"Node Type": "Aggregate","Strategy": "Sorted","Partial Mode": "Finalize","Parent Relationship": "Outer","Parallel Aware": false,"Async Capable": false,"Startup Cost": 21601.33,"Total Cost": 21615.81,"Plan Rows": 25,"Plan Width": 136,"Actual Startup Time": 848.402,"Actual Total Time": 881.262,"Actual Rows": 5,"Actual Loops": 1,"Group Key": ["nation.n_name"],"Plans": [{"Node Type": "Gather Merge","Parent Relationship": "Outer","Parallel Aware": false,"Async Capable": false,"Startup Cost": 21601.33,"Total Cost": 21615.12,"Plan Rows": 50,"Plan Width": 136,"Actual Startup Time": 848.176,"Actual Total Time": 881.211,"Actual Rows": 15,"Actual Loops": 1,"Workers Planned": 2,"Workers Launched": 2,"Plans": [{"Node Type": "Aggregate","Strategy": "Sorted","Partial Mode": "Partial","Parent Relationship": "Outer","Parallel Aware": false,"Async Capable": false,"Startup Cost": 20601.30,"Total Cost": 20609.33,"Plan Rows": 25,"Plan Width": 136,"Actual Startup Time": 841.096,"Actual Total Time": 841.805,"Actual Rows": 5,"Actual Loops": 3,"Group Key": ["nation.n_name"],"Workers": [],"Plans": [{"Node Type": "Sort","Parent Relationship": "Outer","Parallel Aware": false,"Async Capable": false,"Startup Cost": 20601.30,"Total Cost": 20602.85,"Plan Rows": 617,"Plan Width": 116,"Actual Startup Time": 840.878,"Actual Total Time": 841.005,"Actual Rows": 2453,"Actual Loops": 3,"Sort Key": ["nation.n_name"],"Sort Method": "quicksort","Sort Space Used": 289,"Sort Space Type": "Memory","Workers": [{"Worker Number": 0,"Sort Method": "quicksort","Sort Space Used": 295,"Sort Space Type": "Memory"},{"Worker Number": 1,"Sort Method": "quicksort","Sort Space Used": 281,"Sort Space Type": "Memory"}],"Plans": [{"Node Type": "Hash Join","Parent Relationship": "Outer","Parallel Aware": false,"Async Capable": false,"Join Type": "Inner","Startup Cost": 475.27,"Total Cost": 20572.71,"Plan Rows": 617,"Plan Width": 116,"Actual Startup Time": 10.379,"Actual Total Time": 839.260,"Actual Rows": 2453,"Actual Loops": 3,"Inner Unique": true,"Hash Cond": "((lineitem.l_suppkey = supplier.s_suppkey) AND (customer.c_nationkey = supplier.s_nationkey))","Workers": [],"Plans": [{"Node Type": "Nested Loop","Parent Relationship": "Outer","Parallel Aware": false,"Async Capable": false,"Join Type": "Inner","Startup Cost": 3.27,"Total Cost": 20019.70,"Plan Rows": 15431,"Plan Width": 128,"Actual Startup Time": 0.539,"Actual Total Time": 793.839,"Actual Rows": 61906,"Actual Loops": 3,"Inner Unique": false,"Workers": [],"Plans": [{"Node Type": "Nested Loop","Parent Relationship": "Outer","Parallel Aware": false,"Async Capable": false,"Join Type": "Inner","Startup Cost": 2.84,"Total Cost": 8414.26,"Plan Rows": 3857,"Plan Width": 116,"Actual Startup Time": 0.431,"Actual Total Time": 473.927,"Actual Rows": 15506,"Actual Loops": 3,"Inner Unique": false,"Workers": [],"Plans": [{"Node Type": "Hash Join","Parent Relationship": "Outer","Parallel Aware": false,"Async Capable": false,"Join Type": "Inner","Startup Cost": 2.41,"Total Cost": 4471.79,"Plan Rows": 2500,"Plan Width": 116,"Actual Startup Time": 0.234,"Actual Total Time": 55.451,"Actual Rows": 10066,"Actual Loops": 3,"Inner Unique": false,"Hash Cond": "(customer.c_nationkey = nation.n_nationkey)","Workers": [],"Plans": [{"Node Type": "Seq Scan","Parent Relationship": "Outer","Parallel Aware": true,"Async Capable": false,"Relation Name": "customer","Alias": "customer","Startup Cost": 0.00,"Total Cost": 4210.00,"Plan Rows": 62500,"Plan Width": 8,"Actual Startup Time": 0.019,"Actual Total Time": 9.720,"Actual Rows": 50000,"Actual Loops": 3,"Workers": []},{"Node Type": "Hash","Parent Relationship": "Inner","Parallel Aware": false,"Async Capable": false,"Startup Cost": 2.40,"Total Cost": 2.40,"Plan Rows": 1,"Plan Width": 108,"Actual Startup Time": 0.128,"Actual Total Time": 0.148,"Actual Rows": 5,"Actual Loops": 3,"Hash Buckets": 1024,"Original Hash Buckets": 1024,"Hash Batches": 1,"Original Hash Batches": 1,"Peak Memory Usage": 9,"Workers": [],"Plans": [{"Node Type": "Hash Join","Parent Relationship": "Outer","Parallel Aware": false,"Async Capable": false,"Join Type": "Inner","Startup Cost": 1.07,"Total Cost": 2.40,"Plan Rows": 1,"Plan Width": 108,"Actual Startup Time": 0.115,"Actual Total Time": 0.137,"Actual Rows": 5,"Actual Loops": 3,"Inner Unique": true,"Hash Cond": "(nation.n_regionkey = region.r_regionkey)","Workers": [],"Plans": [{"Node Type": "Seq Scan","Parent Relationship": "Outer","Parallel Aware": false,"Async Capable": false,"Relation Name": "nation","Alias": "nation","Startup Cost": 0.00,"Total Cost": 1.25,"Plan Rows": 25,"Plan Width": 112,"Actual Startup Time": 0.040,"Actual Total Time": 0.044,"Actual Rows": 25,"Actual Loops": 3,"Workers": []},{"Node Type": "Hash","Parent Relationship": "Inner","Parallel Aware": false,"Async Capable": false,"Startup Cost": 1.06,"Total Cost": 1.06,"Plan Rows": 1,"Plan Width": 4,"Actual Startup Time": 0.046,"Actual Total Time": 0.051,"Actual Rows": 1,"Actual Loops": 3,"Hash Buckets": 1024,"Original Hash Buckets": 1024,"Hash Batches": 1,"Original Hash Batches": 1,"Peak Memory Usage": 9,"Workers": [],"Plans": [{"Node Type": "Seq Scan","Parent Relationship": "Outer","Parallel Aware": false,"Async Capable": false,"Relation Name": "region","Alias": "region","Startup Cost": 0.00,"Total Cost": 1.06,"Plan Rows": 1,"Plan Width": 4,"Actual Startup Time": 0.033,"Actual Total Time": 0.034,"Actual Rows": 1,"Actual Loops": 3,"Filter": "(r_name = 'EUROPE'::bpchar)","Rows Removed by Filter": 4,"Workers": []}]}]}]}]},{"Node Type": "Index Scan","Parent Relationship": "Inner","Parallel Aware": false,"Async Capable": false,"Scan Direction": "Forward","Index Name": "idx_orders_custkey","Relation Name": "orders","Alias": "orders","Startup Cost": 0.43,"Total Cost": 1.55,"Plan Rows": 3,"Plan Width": 8,"Actual Startup Time": 0.017,"Actual Total Time": 0.041,"Actual Rows": 2,"Actual Loops": 30197,"Index Cond": "(o_custkey = customer.c_custkey)","Rows Removed by Index Recheck": 0,"Filter": "((o_orderdate >= '1996-01-01'::date) AND (o_orderdate < '1997-01-01 00:00:00'::timestamp without time zone))","Rows Removed by Filter": 9,"Workers": []}]},{"Node Type": "Index Scan","Parent Relationship": "Inner","Parallel Aware": false,"Async Capable": false,"Scan Direction": "Forward","Index Name": "idx_lineitem_orderkey","Relation Name": "lineitem","Alias": "lineitem","Startup Cost": 0.43,"Total Cost": 2.84,"Plan Rows": 17,"Plan Width": 20,"Actual Startup Time": 0.017,"Actual Total Time": 0.020,"Actual Rows": 4,"Actual Loops": 46518,"Index Cond": "(l_orderkey = orders.o_orderkey)","Rows Removed by Index Recheck": 0,"Workers": []}]},{"Node Type": "Hash","Parent Relationship": "Inner","Parallel Aware": false,"Async Capable": false,"Startup Cost": 322.00,"Total Cost": 322.00,"Plan Rows": 10000,"Plan Width": 8,"Actual Startup Time": 8.337,"Actual Total Time": 8.340,"Actual Rows": 10000,"Actual Loops": 3,"Hash Buckets": 16384,"Original Hash Buckets": 16384,"Hash Batches": 1,"Original Hash Batches": 1,"Peak Memory Usage": 519,"Workers": [],"Plans": [{"Node Type": "Seq Scan","Parent Relationship": "Outer","Parallel Aware": false,"Async Capable": false,"Relation Name": "supplier","Alias": "supplier","Startup Cost": 0.00,"Total Cost": 322.00,"Plan Rows": 10000,"Plan Width": 8,"Actual Startup Time": 0.039,"Actual Total Time": 6.479,"Actual Rows": 10000,"Actual Loops": 3,"Workers": []}]}]}]}]}]}]}]},"Planning Time": 9.377,"Triggers": [],"Execution Time": 881.912}]
[{"Plan": {"Node Type": "Sort","Parallel Aware": false,"Async Capable": false,"Startup Cost": 21612.43,"Total Cost": 21612.50,"Plan Rows": 25,"Plan Width": 136,"Actual Startup Time": 835.932,"Actual Total Time": 867.365,"Actual Rows": 5,"Actual Loops": 1,"Sort Key": ["(sum((lineitem.l_extendedprice * ('1'::numeric - lineitem.l_discount)))) DESC"],"Sort Method": "quicksort","Sort Space Used": 25,"Sort Space Type": "Memory","Plans": [{"Node Type": "Aggregate","Strategy": "Sorted","Partial Mode": "Finalize","Parent Relationship": "Outer","Parallel Aware": false,"Async Capable": false,"Startup Cost": 21597.38,"Total Cost": 21611.85,"Plan Rows": 25,"Plan Width": 136,"Actual Startup Time": 835.364,"Actual Total Time": 867.318,"Actual Rows": 5,"Actual Loops": 1,"Group Key": ["nation.n_name"],"Plans": [{"Node Type": "Gather Merge","Parent Relationship": "Outer","Parallel Aware": false,"Async Capable": false,"Startup Cost": 21597.38,"Total Cost": 21611.17,"Plan Rows": 50,"Plan Width": 136,"Actual Startup Time": 835.179,"Actual Total Time": 867.277,"Actual Rows": 15,"Actual Loops": 1,"Workers Planned": 2,"Workers Launched": 2,"Plans": [{"Node Type": "Aggregate","Strategy": "Sorted","Partial Mode": "Partial","Parent Relationship": "Outer","Parallel Aware": false,"Async Capable": false,"Startup Cost": 20597.36,"Total Cost": 20605.37,"Plan Rows": 25,"Plan Width": 136,"Actual Startup Time": 826.891,"Actual Total Time": 827.596,"Actual Rows": 5,"Actual Loops": 3,"Group Key": ["nation.n_name"],"Workers": [],"Plans": [{"Node Type": "Sort","Parent Relationship": "Outer","Parallel Aware": false,"Async Capable": false,"Startup Cost": 20597.36,"Total Cost": 20598.90,"Plan Rows": 616,"Plan Width": 116,"Actual Startup Time": 826.692,"Actual Total Time": 826.817,"Actual Rows": 2422,"Actual Loops": 3,"Sort Key": ["nation.n_name"],"Sort Method": "quicksort","Sort Space Used": 284,"Sort Space Type": "Memory","Workers": [{"Worker Number": 0,"Sort Method": "quicksort","Sort Space Used": 289,"Sort Space Type": "Memory"},{"Worker Number": 1,"Sort Method": "quicksort","Sort Space Used": 285,"Sort Space Type": "Memory"}],"Plans": [{"Node Type": "Hash Join","Parent Relationship": "Outer","Parallel Aware": false,"Async Capable": false,"Join Type": "Inner","Startup Cost": 475.27,"Total Cost": 20568.82,"Plan Rows": 616,"Plan Width": 116,"Actual Startup Time": 12.416,"Actual Total Time": 825.180,"Actual Rows": 2422,"Actual Loops": 3,"Inner Unique": true,"Hash Cond": "((lineitem.l_suppkey = supplier.s_suppkey) AND (customer.c_nationkey = supplier.s_nationkey))","Workers": [],"Plans": [{"Node Type": "Nested Loop","Parent Relationship": "Outer","Parallel Aware": false,"Async Capable": false,"Join Type": "Inner","Startup Cost": 3.27,"Total Cost": 20015.89,"Plan Rows": 15415,"Plan Width": 128,"Actual Startup Time": 0.717,"Actual Total Time": 776.964,"Actual Rows": 61524,"Actual Loops": 3,"Inner Unique": false,"Workers": [],"Plans": [{"Node Type": "Nested Loop","Parent Relationship": "Outer","Parallel Aware": false,"Async Capable": false,"Join Type": "Inner","Startup Cost": 2.84,"Total Cost": 8414.26,"Plan Rows": 3853,"Plan Width": 116,"Actual Startup Time": 0.594,"Actual Total Time": 468.318,"Actual Rows": 15364,"Actual Loops": 3,"Inner Unique": false,"Workers": [],"Plans": [{"Node Type": "Hash Join","Parent Relationship": "Outer","Parallel Aware": false,"Async Capable": false,"Join Type": "Inner","Startup Cost": 2.41,"Total Cost": 4471.79,"Plan Rows": 2500,"Plan Width": 116,"Actual Startup Time": 0.257,"Actual Total Time": 59.024,"Actual Rows": 10066,"Actual Loops": 3,"Inner Unique": false,"Hash Cond": "(customer.c_nationkey = nation.n_nationkey)","Workers": [],"Plans": [{"Node Type": "Seq Scan","Parent Relationship": "Outer","Parallel Aware": true,"Async Capable": false,"Relation Name": "customer","Alias": "customer","Startup Cost": 0.00,"Total Cost": 4210.00,"Plan Rows": 62500,"Plan Width": 8,"Actual Startup Time": 0.018,"Actual Total Time": 10.025,"Actual Rows": 50000,"Actual Loops": 3,"Workers": []},{"Node Type": "Hash","Parent Relationship": "Inner","Parallel Aware": false,"Async Capable": false,"Startup Cost": 2.40,"Total Cost": 2.40,"Plan Rows": 1,"Plan Width": 108,"Actual Startup Time": 0.151,"Actual Total Time": 0.168,"Actual Rows": 5,"Actual Loops": 3,"Hash Buckets": 1024,"Original Hash Buckets": 1024,"Hash Batches": 1,"Original Hash Batches": 1,"Peak Memory Usage": 9,"Workers": [],"Plans": [{"Node Type": "Hash Join","Parent Relationship": "Outer","Parallel Aware": false,"Async Capable": false,"Join Type": "Inner","Startup Cost": 1.07,"Total Cost": 2.40,"Plan Rows": 1,"Plan Width": 108,"Actual Startup Time": 0.138,"Actual Total Time": 0.159,"Actual Rows": 5,"Actual Loops": 3,"Inner Unique": true,"Hash Cond": "(nation.n_regionkey = region.r_regionkey)","Workers": [],"Plans": [{"Node Type": "Seq Scan","Parent Relationship": "Outer","Parallel Aware": false,"Async Capable": false,"Relation Name": "nation","Alias": "nation","Startup Cost": 0.00,"Total Cost": 1.25,"Plan Rows": 25,"Plan Width": 112,"Actual Startup Time": 0.050,"Actual Total Time": 0.055,"Actual Rows": 25,"Actual Loops": 3,"Workers": []},{"Node Type": "Hash","Parent Relationship": "Inner","Parallel Aware": false,"Async Capable": false,"Startup Cost": 1.06,"Total Cost": 1.06,"Plan Rows": 1,"Plan Width": 4,"Actual Startup Time": 0.059,"Actual Total Time": 0.064,"Actual Rows": 1,"Actual Loops": 3,"Hash Buckets": 1024,"Original Hash Buckets": 1024,"Hash Batches": 1,"Original Hash Batches": 1,"Peak Memory Usage": 9,"Workers": [],"Plans": [{"Node Type": "Seq Scan","Parent Relationship": "Outer","Parallel Aware": false,"Async Capable": false,"Relation Name": "region","Alias": "region","Startup Cost": 0.00,"Total Cost": 1.06,"Plan Rows": 1,"Plan Width": 4,"Actual Startup Time": 0.043,"Actual Total Time": 0.045,"Actual Rows": 1,"Actual Loops": 3,"Filter": "(r_name = 'EUROPE'::bpchar)","Rows Removed by Filter": 4,"Workers": []}]}]}]}]},{"Node Type": "Index Scan","Parent Relationship": "Inner","Parallel Aware": false,"Async Capable": false,"Scan Direction": "Forward","Index Name": "idx_orders_custkey","Relation Name": "orders","Alias": "orders","Startup Cost": 0.43,"Total Cost": 1.55,"Plan Rows": 3,"Plan Width": 8,"Actual Startup Time": 0.017,"Actual Total Time": 0.040,"Actual Rows": 2,"Actual Loops": 30197,"Index Cond": "(o_custkey = customer.c_custkey)","Rows Removed by Index Recheck": 0,"Filter": "((o_orderdate >= '1994-01-01'::date) AND (o_orderdate < '1995-01-01 00:00:00'::timestamp without time zone))","Rows Removed by Filter": 9,"Workers": []}]},{"Node Type": "Index Scan","Parent Relationship": "Inner","Parallel Aware": false,"Async Capable": false,"Scan Direction": "Forward","Index Name": "idx_lineitem_orderkey","Relation Name": "lineitem","Alias": "lineitem","Startup Cost": 0.43,"Total Cost": 2.84,"Plan Rows": 17,"Plan Width": 20,"Actual Startup Time": 0.017,"Actual Total Time": 0.019,"Actual Rows": 4,"Actual Loops": 46093,"Index Cond": "(l_orderkey = orders.o_orderkey)","Rows Removed by Index Recheck": 0,"Workers": []}]},{"Node Type": "Hash","Parent Relationship": "Inner","Parallel Aware": false,"Async Capable": false,"Startup Cost": 322.00,"Total Cost": 322.00,"Plan Rows": 10000,"Plan Width": 8,"Actual Startup Time": 10.479,"Actual Total Time": 10.484,"Actual Rows": 10000,"Actual Loops": 3,"Hash Buckets": 16384,"Original Hash Buckets": 16384,"Hash Batches": 1,"Original Hash Batches": 1,"Peak Memory Usage": 519,"Workers": [],"Plans": [{"Node Type": "Seq Scan","Parent Relationship": "Outer","Parallel Aware": false,"Async Capable": false,"Relation Name": "supplier","Alias": "supplier","Startup Cost": 0.00,"Total Cost": 322.00,"Plan Rows": 10000,"Plan Width": 8,"Actual Startup Time": 0.042,"Actual Total Time": 8.711,"Actual Rows": 10000,"Actual Loops": 3,"Workers": []}]}]}]}]}]}]}]},"Planning Time": 9.647,"Triggers": [],"Execution Time": 867.883}]
[{"Plan": {"Node Type": "Sort","Parallel Aware": false,"Async Capable": false,"Startup Cost": 21522.30,"Total Cost": 21522.36,"Plan Rows": 25,"Plan Width": 136,"Actual Startup Time": 801.786,"Actual Total Time": 833.013,"Actual Rows": 5,"Actual Loops": 1,"Sort Key": ["(sum((lineitem.l_extendedprice * ('1'::numeric - lineitem.l_discount)))) DESC"],"Sort Method": "quicksort","Sort Space Used": 25,"Sort Space Type": "Memory","Plans": [{"Node Type": "Aggregate","Strategy": "Sorted","Partial Mode": "Finalize","Parent Relationship": "Outer","Parallel Aware": false,"Async Capable": false,"Startup Cost": 21507.43,"Total Cost": 21521.72,"Plan Rows": 25,"Plan Width": 136,"Actual Startup Time": 801.172,"Actual Total Time": 832.958,"Actual Rows": 5,"Actual Loops": 1,"Group Key": ["nation.n_name"],"Plans": [{"Node Type": "Gather Merge","Parent Relationship": "Outer","Parallel Aware": false,"Async Capable": false,"Startup Cost": 21507.43,"Total Cost": 21521.03,"Plan Rows": 50,"Plan Width": 136,"Actual Startup Time": 800.500,"Actual Total Time": 832.892,"Actual Rows": 15,"Actual Loops": 1,"Workers Planned": 2,"Workers Launched": 2,"Plans": [{"Node Type": "Aggregate","Strategy": "Sorted","Partial Mode": "Partial","Parent Relationship": "Outer","Parallel Aware": false,"Async Capable": false,"Startup Cost": 20507.41,"Total Cost": 20515.23,"Plan Rows": 25,"Plan Width": 136,"Actual Startup Time": 792.564,"Actual Total Time": 793.457,"Actual Rows": 5,"Actual Loops": 3,"Group Key": ["nation.n_name"],"Workers": [],"Plans": [{"Node Type": "Sort","Parent Relationship": "Outer","Parallel Aware": false,"Async Capable": false,"Startup Cost": 20507.41,"Total Cost": 20508.91,"Plan Rows": 601,"Plan Width": 116,"Actual Startup Time": 792.353,"Actual Total Time": 792.502,"Actual Rows": 2513,"Actual Loops": 3,"Sort Key": ["nation.n_name"],"Sort Method": "quicksort","Sort Space Used": 296,"Sort Space Type": "Memory","Workers": [{"Worker Number": 0,"Sort Method": "quicksort","Sort Space Used": 291,"Sort Space Type": "Memory"},{"Worker Number": 1,"Sort Method": "quicksort","Sort Space Used": 292,"Sort Space Type": "Memory"}],"Plans": [{"Node Type": "Hash Join","Parent Relationship": "Outer","Parallel Aware": false,"Async Capable": false,"Join Type": "Inner","Startup Cost": 475.27,"Total Cost": 20479.67,"Plan Rows": 601,"Plan Width": 116,"Actual Startup Time": 14.275,"Actual Total Time": 790.899,"Actual Rows": 2513,"Actual Loops": 3,"Inner Unique": true,"Hash Cond": "((lineitem.l_suppkey = supplier.s_suppkey) AND (customer.c_nationkey = supplier.s_nationkey))","Workers": [],"Plans": [{"Node Type": "Nested Loop","Parent Relationship": "Outer","Parallel Aware": false,"Async Capable": false,"Join Type": "Inner","Startup Cost": 3.27,"Total Cost": 19928.78,"Plan Rows": 15027,"Plan Width": 128,"Actual Startup Time": 0.573,"Actual Total Time": 745.935,"Actual Rows": 60812,"Actual Loops": 3,"Inner Unique": false,"Workers": [],"Plans": [{"Node Type": "Nested Loop","Parent Relationship": "Outer","Parallel Aware": false,"Async Capable": false,"Join Type": "Inner","Startup Cost": 2.84,"Total Cost": 8414.26,"Plan Rows": 3756,"Plan Width": 116,"Actual Startup Time": 0.447,"Actual Total Time": 445.574,"Actual Rows": 15099,"Actual Loops": 3,"Inner Unique": false,"Workers": [],"Plans": [{"Node Type": "Hash Join","Parent Relationship": "Outer","Parallel Aware": false,"Async Capable": false,"Join Type": "Inner","Startup Cost": 2.41,"Total Cost": 4471.79,"Plan Rows": 2500,"Plan Width": 116,"Actual Startup Time": 0.261,"Actual Total Time": 54.435,"Actual Rows": 9984,"Actual Loops": 3,"Inner Unique": false,"Hash Cond": "(customer.c_nationkey = nation.n_nationkey)","Workers": [],"Plans": [{"Node Type": "Seq Scan","Parent Relationship": "Outer","Parallel Aware": true,"Async Capable": false,"Relation Name": "customer","Alias": "customer","Startup Cost": 0.00,"Total Cost": 4210.00,"Plan Rows": 62500,"Plan Width": 8,"Actual Startup Time": 0.020,"Actual Total Time": 9.427,"Actual Rows": 50000,"Actual Loops": 3,"Workers": []},{"Node Type": "Hash","Parent Relationship": "Inner","Parallel Aware": false,"Async Capable": false,"Startup Cost": 2.40,"Total Cost": 2.40,"Plan Rows": 1,"Plan Width": 108,"Actual Startup Time": 0.147,"Actual Total Time": 0.168,"Actual Rows": 5,"Actual Loops": 3,"Hash Buckets": 1024,"Original Hash Buckets": 1024,"Hash Batches": 1,"Original Hash Batches": 1,"Peak Memory Usage": 9,"Workers": [],"Plans": [{"Node Type": "Hash Join","Parent Relationship": "Outer","Parallel Aware": false,"Async Capable": false,"Join Type": "Inner","Startup Cost": 1.07,"Total Cost": 2.40,"Plan Rows": 1,"Plan Width": 108,"Actual Startup Time": 0.132,"Actual Total Time": 0.158,"Actual Rows": 5,"Actual Loops": 3,"Inner Unique": true,"Hash Cond": "(nation.n_regionkey = region.r_regionkey)","Workers": [],"Plans": [{"Node Type": "Seq Scan","Parent Relationship": "Outer","Parallel Aware": false,"Async Capable": false,"Relation Name": "nation","Alias": "nation","Startup Cost": 0.00,"Total Cost": 1.25,"Plan Rows": 25,"Plan Width": 112,"Actual Startup Time": 0.053,"Actual Total Time": 0.057,"Actual Rows": 25,"Actual Loops": 3,"Workers": []},{"Node Type": "Hash","Parent Relationship": "Inner","Parallel Aware": false,"Async Capable": false,"Startup Cost": 1.06,"Total Cost": 1.06,"Plan Rows": 1,"Plan Width": 4,"Actual Startup Time": 0.054,"Actual Total Time": 0.061,"Actual Rows": 1,"Actual Loops": 3,"Hash Buckets": 1024,"Original Hash Buckets": 1024,"Hash Batches": 1,"Original Hash Batches": 1,"Peak Memory Usage": 9,"Workers": [],"Plans": [{"Node Type": "Seq Scan","Parent Relationship": "Outer","Parallel Aware": false,"Async Capable": false,"Relation Name": "region","Alias": "region","Startup Cost": 0.00,"Total Cost": 1.06,"Plan Rows": 1,"Plan Width": 4,"Actual Startup Time": 0.037,"Actual Total Time": 0.039,"Actual Rows": 1,"Actual Loops": 3,"Filter": "(r_name = 'AMERICA'::bpchar)","Rows Removed by Filter": 4,"Workers": []}]}]}]}]},{"Node Type": "Index Scan","Parent Relationship": "Inner","Parallel Aware": false,"Async Capable": false,"Scan Direction": "Forward","Index Name": "idx_orders_custkey","Relation Name": "orders","Alias": "orders","Startup Cost": 0.43,"Total Cost": 1.55,"Plan Rows": 3,"Plan Width": 8,"Actual Startup Time": 0.016,"Actual Total Time": 0.039,"Actual Rows": 2,"Actual Loops": 29952,"Index Cond": "(o_custkey = customer.c_custkey)","Rows Removed by Index Recheck": 0,"Filter": "((o_orderdate >= '1993-01-01'::date) AND (o_orderdate < '1994-01-01 00:00:00'::timestamp without time zone))","Rows Removed by Filter": 8,"Workers": []}]},{"Node Type": "Index Scan","Parent Relationship": "Inner","Parallel Aware": false,"Async Capable": false,"Scan Direction": "Forward","Index Name": "idx_lineitem_orderkey","Relation Name": "lineitem","Alias": "lineitem","Startup Cost": 0.43,"Total Cost": 2.90,"Plan Rows": 17,"Plan Width": 20,"Actual Startup Time": 0.017,"Actual Total Time": 0.019,"Actual Rows": 4,"Actual Loops": 45297,"Index Cond": "(l_orderkey = orders.o_orderkey)","Rows Removed by Index Recheck": 0,"Workers": []}]},{"Node Type": "Hash","Parent Relationship": "Inner","Parallel Aware": false,"Async Capable": false,"Startup Cost": 322.00,"Total Cost": 322.00,"Plan Rows": 10000,"Plan Width": 8,"Actual Startup Time": 12.653,"Actual Total Time": 12.656,"Actual Rows": 10000,"Actual Loops": 3,"Hash Buckets": 16384,"Original Hash Buckets": 16384,"Hash Batches": 1,"Original Hash Batches": 1,"Peak Memory Usage": 519,"Workers": [],"Plans": [{"Node Type": "Seq Scan","Parent Relationship": "Outer","Parallel Aware": false,"Async Capable": false,"Relation Name": "supplier","Alias": "supplier","Startup Cost": 0.00,"Total Cost": 322.00,"Plan Rows": 10000,"Plan Width": 8,"Actual Startup Time": 0.038,"Actual Total Time": 10.961,"Actual Rows": 10000,"Actual Loops": 3,"Workers": []}]}]}]}]}]}]}]},"Planning Time": 9.512,"Triggers": [],"Execution Time": 833.531}]
[{"Plan": {"Node Type": "Sort","Parallel Aware": false,"Async Capable": false,"Startup Cost": 21612.43,"Total Cost": 21612.50,"Plan Rows": 25,"Plan Width": 136,"Actual Startup Time": 835.932,"Actual Total Time": 867.365,"Actual Rows": 5,"Actual Loops": 1,"Sort Key": ["(sum((lineitem.l_extendedprice * ('1'::numeric - lineitem.l_discount)))) DESC"],"Sort Method": "quicksort","Sort Space Used": 25,"Sort Space Type": "Memory","Plans": [{"Node Type": "Aggregate","Strategy": "Sorted","Partial Mode": "Finalize","Parent Relationship": "Outer","Parallel Aware": false,"Async Capable": false,"Startup Cost": 21597.38,"Total Cost": 21611.85,"Plan Rows": 25,"Plan Width": 136,"Actual Startup Time": 835.364,"Actual Total Time": 867.318,"Actual Rows": 5,"Actual Loops": 1,"Group Key": ["nation.n_name"],"Plans": [{"Node Type": "Gather Merge","Parent Relationship": "Outer","Parallel Aware": false,"Async Capable": false,"Startup Cost": 21597.38,"Total Cost": 21611.17,"Plan Rows": 50,"Plan Width": 136,"Actual Startup Time": 835.179,"Actual Total Time": 867.277,"Actual Rows": 15,"Actual Loops": 1,"Workers Planned": 2,"Workers Launched": 2,"Plans": [{"Node Type": "Aggregate","Strategy": "Sorted","Partial Mode": "Partial","Parent Relationship": "Outer","Parallel Aware": false,"Async Capable": false,"Startup Cost": 20597.36,"Total Cost": 20605.37,"Plan Rows": 25,"Plan Width": 136,"Actual Startup Time": 826.891,"Actual Total Time": 827.596,"Actual Rows": 5,"Actual Loops": 3,"Group Key": ["nation.n_name"],"Workers": [],"Plans": [{"Node Type": "Sort","Parent Relationship": "Outer","Parallel Aware": false,"Async Capable": false,"Startup Cost": 20597.36,"Total Cost": 20598.90,"Plan Rows": 616,"Plan Width": 116,"Actual Startup Time": 826.692,"Actual Total Time": 826.817,"Actual Rows": 2422,"Actual Loops": 3,"Sort Key": ["nation.n_name"],"Sort Method": "quicksort","Sort Space Used": 284,"Sort Space Type": "Memory","Workers": [{"Worker Number": 0,"Sort Method": "quicksort","Sort Space Used": 289,"Sort Space Type": "Memory"},{"Worker Number": 1,"Sort Method": "quicksort","Sort Space Used": 285,"Sort Space Type": "Memory"}],"Plans": [{"Node Type": "Hash Join","Parent Relationship": "Outer","Parallel Aware": false,"Async Capable": false,"Join Type": "Inner","Startup Cost": 475.27,"Total Cost": 20568.82,"Plan Rows": 616,"Plan Width": 116,"Actual Startup Time": 12.416,"Actual Total Time": 825.180,"Actual Rows": 2422,"Actual Loops": 3,"Inner Unique": true,"Hash Cond": "((lineitem.l_suppkey = supplier.s_suppkey) AND (customer.c_nationkey = supplier.s_nationkey))","Workers": [],"Plans": [{"Node Type": "Nested Loop","Parent Relationship": "Outer","Parallel Aware": false,"Async Capable": false,"Join Type": "Inner","Startup Cost": 3.27,"Total Cost": 20015.89,"Plan Rows": 15415,"Plan Width": 128,"Actual Startup Time": 0.717,"Actual Total Time": 776.964,"Actual Rows": 61524,"Actual Loops": 3,"Inner Unique": false,"Workers": [],"Plans": [{"Node Type": "Nested Loop","Parent Relationship": "Outer","Parallel Aware": false,"Async Capable": false,"Join Type": "Inner","Startup Cost": 2.84,"Total Cost": 8414.26,"Plan Rows": 3853,"Plan Width": 116,"Actual Startup Time": 0.594,"Actual Total Time": 468.318,"Actual Rows": 15364,"Actual Loops": 3,"Inner Unique": false,"Workers": [],"Plans": [{"Node Type": "Hash Join","Parent Relationship": "Outer","Parallel Aware": false,"Async Capable": false,"Join Type": "Inner","Startup Cost": 2.41,"Total Cost": 4471.79,"Plan Rows": 2500,"Plan Width": 116,"Actual Startup Time": 0.257,"Actual Total Time": 59.024,"Actual Rows": 10066,"Actual Loops": 3,"Inner Unique": false,"Hash Cond": "(customer.c_nationkey = nation.n_nationkey)","Workers": [],"Plans": [{"Node Type": "Seq Scan","Parent Relationship": "Outer","Parallel Aware": true,"Async Capable": false,"Relation Name": "customer","Alias": "customer","Startup Cost": 0.00,"Total Cost": 4210.00,"Plan Rows": 62500,"Plan Width": 8,"Actual Startup Time": 0.018,"Actual Total Time": 10.025,"Actual Rows": 50000,"Actual Loops": 3,"Workers": []},{"Node Type": "Hash","Parent Relationship": "Inner","Parallel Aware": false,"Async Capable": false,"Startup Cost": 2.40,"Total Cost": 2.40,"Plan Rows": 1,"Plan Width": 108,"Actual Startup Time": 0.151,"Actual Total Time": 0.168,"Actual Rows": 5,"Actual Loops": 3,"Hash Buckets": 1024,"Original Hash Buckets": 1024,"Hash Batches": 1,"Original Hash Batches": 1,"Peak Memory Usage": 9,"Workers": [],"Plans": [{"Node Type": "Hash Join","Parent Relationship": "Outer","Parallel Aware": false,"Async Capable": false,"Join Type": "Inner","Startup Cost": 1.07,"Total Cost": 2.40,"Plan Rows": 1,"Plan Width": 108,"Actual Startup Time": 0.138,"Actual Total Time": 0.159,"Actual Rows": 5,"Actual Loops": 3,"Inner Unique": true,"Hash Cond": "(nation.n_regionkey = region.r_regionkey)","Workers": [],"Plans": [{"Node Type": "Seq Scan","Parent Relationship": "Outer","Parallel Aware": false,"Async Capable": false,"Relation Name": "nation","Alias": "nation","Startup Cost": 0.00,"Total Cost": 1.25,"Plan Rows": 25,"Plan Width": 112,"Actual Startup Time": 0.050,"Actual Total Time": 0.055,"Actual Rows": 25,"Actual Loops": 3,"Workers": []},{"Node Type": "Hash","Parent Relationship": "Inner","Parallel Aware": false,"Async Capable": false,"Startup Cost": 1.06,"Total Cost": 1.06,"Plan Rows": 1,"Plan Width": 4,"Actual Startup Time": 0.059,"Actual Total Time": 0.064,"Actual Rows": 1,"Actual Loops": 3,"Hash Buckets": 1024,"Original Hash Buckets": 1024,"Hash Batches": 1,"Original Hash Batches": 1,"Peak Memory Usage": 9,"Workers": [],"Plans": [{"Node Type": "Seq Scan","Parent Relationship": "Outer","Parallel Aware": false,"Async Capable": false,"Relation Name": "region","Alias": "region","Startup Cost": 0.00,"Total Cost": 1.06,"Plan Rows": 1,"Plan Width": 4,"Actual Startup Time": 0.043,"Actual Total Time": 0.045,"Actual Rows": 1,"Actual Loops": 3,"Filter": "(r_name = 'EUROPE'::bpchar)","Rows Removed by Filter": 4,"Workers": []}]}]}]}]},{"Node Type": "Index Scan","Parent Relationship": "Inner","Parallel Aware": false,"Async Capable": false,"Scan Direction": "Forward","Index Name": "idx_orders_custkey","Relation Name": "orders","Alias": "orders","Startup Cost": 0.43,"Total Cost": 1.55,"Plan Rows": 3,"Plan Width": 8,"Actual Startup Time": 0.017,"Actual Total Time": 0.040,"Actual Rows": 2,"Actual Loops": 30197,"Index Cond": "(o_custkey = customer.c_custkey)","Rows Removed by Index Recheck": 0,"Filter": "((o_orderdate >= '1994-01-01'::date) AND (o_orderdate < '1995-01-01 00:00:00'::timestamp without time zone))","Rows Removed by Filter": 9,"Workers": []}]},{"Node Type": "Index Scan","Parent Relationship": "Inner","Parallel Aware": false,"Async Capable": false,"Scan Direction": "Forward","Index Name": "idx_lineitem_orderkey","Relation Name": "lineitem","Alias": "lineitem","Startup Cost": 0.43,"Total Cost": 2.84,"Plan Rows": 17,"Plan Width": 20,"Actual Startup Time": 0.017,"Actual Total Time": 0.019,"Actual Rows": 4,"Actual Loops": 46093,"Index Cond": "(l_orderkey = orders.o_orderkey)","Rows Removed by Index Recheck": 0,"Workers": []}]},{"Node Type": "Hash","Parent Relationship": "Inner","Parallel Aware": false,"Async Capable": false,"Startup Cost": 322.00,"Total Cost": 322.00,"Plan Rows": 10000,"Plan Width": 8,"Actual Startup Time": 10.479,"Actual Total Time": 10.484,"Actual Rows": 10000,"Actual Loops": 3,"Hash Buckets": 16384,"Original Hash Buckets": 16384,"Hash Batches": 1,"Original Hash Batches": 1,"Peak Memory Usage": 519,"Workers": [],"Plans": [{"Node Type": "Seq Scan","Parent Relationship": "Outer","Parallel Aware": false,"Async Capable": false,"Relation Name": "supplier","Alias": "supplier","Startup Cost": 0.00,"Total Cost": 322.00,"Plan Rows": 10000,"Plan Width": 8,"Actual Startup Time": 0.042,"Actual Total Time": 8.711,"Actual Rows": 10000,"Actual Loops": 3,"Workers": []}]}]}]}]}]}]}]},"Planning Time": 9.647,"Triggers": [],"Execution Time": 867.883}]
[{"Plan": {"Node Type": "Sort","Parallel Aware": false,"Async Capable": false,"Startup Cost": 21565.81,"Total Cost": 21565.87,"Plan Rows": 25,"Plan Width": 136,"Actual Startup Time": 823.071,"Actual Total Time": 855.607,"Actual Rows": 5,"Actual Loops": 1,"Sort Key": ["(sum((lineitem.l_extendedprice * ('1'::numeric - lineitem.l_discount)))) DESC"],"Sort Method": "quicksort","Sort Space Used": 25,"Sort Space Type": "Memory","Plans": [{"Node Type": "Aggregate","Strategy": "Sorted","Partial Mode": "Finalize","Parent Relationship": "Outer","Parallel Aware": false,"Async Capable": false,"Startup Cost": 21550.86,"Total Cost": 21565.23,"Plan Rows": 25,"Plan Width": 136,"Actual Startup Time": 822.468,"Actual Total Time": 855.547,"Actual Rows": 5,"Actual Loops": 1,"Group Key": ["nation.n_name"],"Plans": [{"Node Type": "Gather Merge","Parent Relationship": "Outer","Parallel Aware": false,"Async Capable": false,"Startup Cost": 21550.86,"Total Cost": 21564.54,"Plan Rows": 50,"Plan Width": 136,"Actual Startup Time": 822.203,"Actual Total Time": 855.489,"Actual Rows": 15,"Actual Loops": 1,"Workers Planned": 2,"Workers Launched": 2,"Plans": [{"Node Type": "Aggregate","Strategy": "Sorted","Partial Mode": "Partial","Parent Relationship": "Outer","Parallel Aware": false,"Async Capable": false,"Startup Cost": 20550.84,"Total Cost": 20558.75,"Plan Rows": 25,"Plan Width": 136,"Actual Startup Time": 814.240,"Actual Total Time": 814.959,"Actual Rows": 5,"Actual Loops": 3,"Group Key": ["nation.n_name"],"Workers": [],"Plans": [{"Node Type": "Sort","Parent Relationship": "Outer","Parallel Aware": false,"Async Capable": false,"Startup Cost": 20550.84,"Total Cost": 20552.36,"Plan Rows": 608,"Plan Width": 116,"Actual Startup Time": 814.029,"Actual Total Time": 814.149,"Actual Rows": 2473,"Actual Loops": 3,"Sort Key": ["nation.n_name"],"Sort Method": "quicksort","Sort Space Used": 297,"Sort Space Type": "Memory","Workers": [{"Worker Number": 0,"Sort Method": "quicksort","Sort Space Used": 287,"Sort Space Type": "Memory"},{"Worker Number": 1,"Sort Method": "quicksort","Sort Space Used": 284,"Sort Space Type": "Memory"}],"Plans": [{"Node Type": "Hash Join","Parent Relationship": "Outer","Parallel Aware": false,"Async Capable": false,"Join Type": "Inner","Startup Cost": 475.27,"Total Cost": 20522.72,"Plan Rows": 608,"Plan Width": 116,"Actual Startup Time": 11.318,"Actual Total Time": 812.483,"Actual Rows": 2473,"Actual Loops": 3,"Inner Unique": true,"Hash Cond": "((lineitem.l_suppkey = supplier.s_suppkey) AND (customer.c_nationkey = supplier.s_nationkey))","Workers": [],"Plans": [{"Node Type": "Nested Loop","Parent Relationship": "Outer","Parallel Aware": false,"Async Capable": false,"Join Type": "Inner","Startup Cost": 3.27,"Total Cost": 19970.84,"Plan Rows": 15215,"Plan Width": 128,"Actual Startup Time": 0.595,"Actual Total Time": 768.935,"Actual Rows": 60276,"Actual Loops": 3,"Inner Unique": false,"Workers": [],"Plans": [{"Node Type": "Nested Loop","Parent Relationship": "Outer","Parallel Aware": false,"Async Capable": false,"Join Type": "Inner","Startup Cost": 2.84,"Total Cost": 8414.26,"Plan Rows": 3803,"Plan Width": 116,"Actual Startup Time": 0.466,"Actual Total Time": 464.532,"Actual Rows": 15032,"Actual Loops": 3,"Inner Unique": false,"Workers": [],"Plans": [{"Node Type": "Hash Join","Parent Relationship": "Outer","Parallel Aware": false,"Async Capable": false,"Join Type": "Inner","Startup Cost": 2.41,"Total Cost": 4471.79,"Plan Rows": 2500,"Plan Width": 116,"Actual Startup Time": 0.243,"Actual Total Time": 60.744,"Actual Rows": 9968,"Actual Loops": 3,"Inner Unique": false,"Hash Cond": "(customer.c_nationkey = nation.n_nationkey)","Workers": [],"Plans": [{"Node Type": "Seq Scan","Parent Relationship": "Outer","Parallel Aware": true,"Async Capable": false,"Relation Name": "customer","Alias": "customer","Startup Cost": 0.00,"Total Cost": 4210.00,"Plan Rows": 62500,"Plan Width": 8,"Actual Startup Time": 0.012,"Actual Total Time": 10.205,"Actual Rows": 50000,"Actual Loops": 3,"Workers": []},{"Node Type": "Hash","Parent Relationship": "Inner","Parallel Aware": false,"Async Capable": false,"Startup Cost": 2.40,"Total Cost": 2.40,"Plan Rows": 1,"Plan Width": 108,"Actual Startup Time": 0.142,"Actual Total Time": 0.157,"Actual Rows": 5,"Actual Loops": 3,"Hash Buckets": 1024,"Original Hash Buckets": 1024,"Hash Batches": 1,"Original Hash Batches": 1,"Peak Memory Usage": 9,"Workers": [],"Plans": [{"Node Type": "Hash Join","Parent Relationship": "Outer","Parallel Aware": false,"Async Capable": false,"Join Type": "Inner","Startup Cost": 1.07,"Total Cost": 2.40,"Plan Rows": 1,"Plan Width": 108,"Actual Startup Time": 0.130,"Actual Total Time": 0.149,"Actual Rows": 5,"Actual Loops": 3,"Inner Unique": true,"Hash Cond": "(nation.n_regionkey = region.r_regionkey)","Workers": [],"Plans": [{"Node Type": "Seq Scan","Parent Relationship": "Outer","Parallel Aware": false,"Async Capable": false,"Relation Name": "nation","Alias": "nation","Startup Cost": 0.00,"Total Cost": 1.25,"Plan Rows": 25,"Plan Width": 112,"Actual Startup Time": 0.040,"Actual Total Time": 0.044,"Actual Rows": 25,"Actual Loops": 3,"Workers": []},{"Node Type": "Hash","Parent Relationship": "Inner","Parallel Aware": false,"Async Capable": false,"Startup Cost": 1.06,"Total Cost": 1.06,"Plan Rows": 1,"Plan Width": 4,"Actual Startup Time": 0.063,"Actual Total Time": 0.068,"Actual Rows": 1,"Actual Loops": 3,"Hash Buckets": 1024,"Original Hash Buckets": 1024,"Hash Batches": 1,"Original Hash Batches": 1,"Peak Memory Usage": 9,"Workers": [],"Plans": [{"Node Type": "Seq Scan","Parent Relationship": "Outer","Parallel Aware": false,"Async Capable": false,"Relation Name": "region","Alias": "region","Startup Cost": 0.00,"Total Cost": 1.06,"Plan Rows": 1,"Plan Width": 4,"Actual Startup Time": 0.045,"Actual Total Time": 0.047,"Actual Rows": 1,"Actual Loops": 3,"Filter": "(r_name = 'MIDDLE EAST'::bpchar)","Rows Removed by Filter": 4,"Workers": []}]}]}]}]},{"Node Type": "Index Scan","Parent Relationship": "Inner","Parallel Aware": false,"Async Capable": false,"Scan Direction": "Forward","Index Name": "idx_orders_custkey","Relation Name": "orders","Alias": "orders","Startup Cost": 0.43,"Total Cost": 1.55,"Plan Rows": 3,"Plan Width": 8,"Actual Startup Time": 0.017,"Actual Total Time": 0.040,"Actual Rows": 2,"Actual Loops": 29904,"Index Cond": "(o_custkey = customer.c_custkey)","Rows Removed by Index Recheck": 0,"Filter": "((o_orderdate >= '1997-01-01'::date) AND (o_orderdate < '1998-01-01 00:00:00'::timestamp without time zone))","Rows Removed by Filter": 8,"Workers": []}]},{"Node Type": "Index Scan","Parent Relationship": "Inner","Parallel Aware": false,"Async Capable": false,"Scan Direction": "Forward","Index Name": "idx_lineitem_orderkey","Relation Name": "lineitem","Alias": "lineitem","Startup Cost": 0.43,"Total Cost": 2.87,"Plan Rows": 17,"Plan Width": 20,"Actual Startup Time": 0.017,"Actual Total Time": 0.019,"Actual Rows": 4,"Actual Loops": 45096,"Index Cond": "(l_orderkey = orders.o_orderkey)","Rows Removed by Index Recheck": 0,"Workers": []}]},{"Node Type": "Hash","Parent Relationship": "Inner","Parallel Aware": false,"Async Capable": false,"Startup Cost": 322.00,"Total Cost": 322.00,"Plan Rows": 10000,"Plan Width": 8,"Actual Startup Time": 9.890,"Actual Total Time": 9.894,"Actual Rows": 10000,"Actual Loops": 3,"Hash Buckets": 16384,"Original Hash Buckets": 16384,"Hash Batches": 1,"Original Hash Batches": 1,"Peak Memory Usage": 519,"Workers": [],"Plans": [{"Node Type": "Seq Scan","Parent Relationship": "Outer","Parallel Aware": false,"Async Capable": false,"Relation Name": "supplier","Alias": "supplier","Startup Cost": 0.00,"Total Cost": 322.00,"Plan Rows": 10000,"Plan Width": 8,"Actual Startup Time": 0.039,"Actual Total Time": 7.896,"Actual Rows": 10000,"Actual Loops": 3,"Workers": []}]}]}]}]}]}]}]},"Planning Time": 11.619,"Triggers": [],"Execution Time": 856.108}]
[{"Plan": {"Node Type": "Sort","Parallel Aware": false,"Async Capable": false,"Startup Cost": 21612.43,"Total Cost": 21612.50,"Plan Rows": 25,"Plan Width": 136,"Actual Startup Time": 827.834,"Actual Total Time": 858.973,"Actual Rows": 5,"Actual Loops": 1,"Sort Key": ["(sum((lineitem.l_extendedprice * ('1'::numeric - lineitem.l_discount)))) DESC"],"Sort Method": "quicksort","Sort Space Used": 25,"Sort Space Type": "Memory","Plans": [{"Node Type": "Aggregate","Strategy": "Sorted","Partial Mode": "Finalize","Parent Relationship": "Outer","Parallel Aware": false,"Async Capable": false,"Startup Cost": 21597.38,"Total Cost": 21611.85,"Plan Rows": 25,"Plan Width": 136,"Actual Startup Time": 827.274,"Actual Total Time": 858.918,"Actual Rows": 5,"Actual Loops": 1,"Group Key": ["nation.n_name"],"Plans": [{"Node Type": "Gather Merge","Parent Relationship": "Outer","Parallel Aware": false,"Async Capable": false,"Startup Cost": 21597.38,"Total Cost": 21611.17,"Plan Rows": 50,"Plan Width": 136,"Actual Startup Time": 827.088,"Actual Total Time": 858.883,"Actual Rows": 15,"Actual Loops": 1,"Workers Planned": 2,"Workers Launched": 2,"Plans": [{"Node Type": "Aggregate","Strategy": "Sorted","Partial Mode": "Partial","Parent Relationship": "Outer","Parallel Aware": false,"Async Capable": false,"Startup Cost": 20597.36,"Total Cost": 20605.37,"Plan Rows": 25,"Plan Width": 136,"Actual Startup Time": 818.981,"Actual Total Time": 819.657,"Actual Rows": 5,"Actual Loops": 3,"Group Key": ["nation.n_name"],"Workers": [],"Plans": [{"Node Type": "Sort","Parent Relationship": "Outer","Parallel Aware": false,"Async Capable": false,"Startup Cost": 20597.36,"Total Cost": 20598.90,"Plan Rows": 616,"Plan Width": 116,"Actual Startup Time": 818.754,"Actual Total Time": 818.877,"Actual Rows": 2367,"Actual Loops": 3,"Sort Key": ["nation.n_name"],"Sort Method": "quicksort","Sort Space Used": 283,"Sort Space Type": "Memory","Workers": [{"Worker Number": 0,"Sort Method": "quicksort","Sort Space Used": 277,"Sort Space Type": "Memory"},{"Worker Number": 1,"Sort Method": "quicksort","Sort Space Used": 284,"Sort Space Type": "Memory"}],"Plans": [{"Node Type": "Hash Join","Parent Relationship": "Outer","Parallel Aware": false,"Async Capable": false,"Join Type": "Inner","Startup Cost": 475.27,"Total Cost": 20568.82,"Plan Rows": 616,"Plan Width": 116,"Actual Startup Time": 13.272,"Actual Total Time": 817.265,"Actual Rows": 2367,"Actual Loops": 3,"Inner Unique": true,"Hash Cond": "((lineitem.l_suppkey = supplier.s_suppkey) AND (customer.c_nationkey = supplier.s_nationkey))","Workers": [],"Plans": [{"Node Type": "Nested Loop","Parent Relationship": "Outer","Parallel Aware": false,"Async Capable": false,"Join Type": "Inner","Startup Cost": 3.27,"Total Cost": 20015.89,"Plan Rows": 15415,"Plan Width": 128,"Actual Startup Time": 0.973,"Actual Total Time": 770.169,"Actual Rows": 60208,"Actual Loops": 3,"Inner Unique": false,"Workers": [],"Plans": [{"Node Type": "Nested Loop","Parent Relationship": "Outer","Parallel Aware": false,"Async Capable": false,"Join Type": "Inner","Startup Cost": 2.84,"Total Cost": 8414.26,"Plan Rows": 3853,"Plan Width": 116,"Actual Startup Time": 0.870,"Actual Total Time": 466.623,"Actual Rows": 15051,"Actual Loops": 3,"Inner Unique": false,"Workers": [],"Plans": [{"Node Type": "Hash Join","Parent Relationship": "Outer","Parallel Aware": false,"Async Capable": false,"Join Type": "Inner","Startup Cost": 2.41,"Total Cost": 4471.79,"Plan Rows": 2500,"Plan Width": 116,"Actual Startup Time": 0.250,"Actual Total Time": 58.358,"Actual Rows": 9921,"Actual Loops": 3,"Inner Unique": false,"Hash Cond": "(customer.c_nationkey = nation.n_nationkey)","Workers": [],"Plans": [{"Node Type": "Seq Scan","Parent Relationship": "Outer","Parallel Aware": true,"Async Capable": false,"Relation Name": "customer","Alias": "customer","Startup Cost": 0.00,"Total Cost": 4210.00,"Plan Rows": 62500,"Plan Width": 8,"Actual Startup Time": 0.013,"Actual Total Time": 10.073,"Actual Rows": 50000,"Actual Loops": 3,"Workers": []},{"Node Type": "Hash","Parent Relationship": "Inner","Parallel Aware": false,"Async Capable": false,"Startup Cost": 2.40,"Total Cost": 2.40,"Plan Rows": 1,"Plan Width": 108,"Actual Startup Time": 0.153,"Actual Total Time": 0.173,"Actual Rows": 5,"Actual Loops": 3,"Hash Buckets": 1024,"Original Hash Buckets": 1024,"Hash Batches": 1,"Original Hash Batches": 1,"Peak Memory Usage": 9,"Workers": [],"Plans": [{"Node Type": "Hash Join","Parent Relationship": "Outer","Parallel Aware": false,"Async Capable": false,"Join Type": "Inner","Startup Cost": 1.07,"Total Cost": 2.40,"Plan Rows": 1,"Plan Width": 108,"Actual Startup Time": 0.137,"Actual Total Time": 0.162,"Actual Rows": 5,"Actual Loops": 3,"Inner Unique": true,"Hash Cond": "(nation.n_regionkey = region.r_regionkey)","Workers": [],"Plans": [{"Node Type": "Seq Scan","Parent Relationship": "Outer","Parallel Aware": false,"Async Capable": false,"Relation Name": "nation","Alias": "nation","Startup Cost": 0.00,"Total Cost": 1.25,"Plan Rows": 25,"Plan Width": 112,"Actual Startup Time": 0.055,"Actual Total Time": 0.059,"Actual Rows": 25,"Actual Loops": 3,"Workers": []},{"Node Type": "Hash","Parent Relationship": "Inner","Parallel Aware": false,"Async Capable": false,"Startup Cost": 1.06,"Total Cost": 1.06,"Plan Rows": 1,"Plan Width": 4,"Actual Startup Time": 0.058,"Actual Total Time": 0.065,"Actual Rows": 1,"Actual Loops": 3,"Hash Buckets": 1024,"Original Hash Buckets": 1024,"Hash Batches": 1,"Original Hash Batches": 1,"Peak Memory Usage": 9,"Workers": [],"Plans": [{"Node Type": "Seq Scan","Parent Relationship": "Outer","Parallel Aware": false,"Async Capable": false,"Relation Name": "region","Alias": "region","Startup Cost": 0.00,"Total Cost": 1.06,"Plan Rows": 1,"Plan Width": 4,"Actual Startup Time": 0.044,"Actual Total Time": 0.048,"Actual Rows": 1,"Actual Loops": 3,"Filter": "(r_name = 'AFRICA'::bpchar)","Rows Removed by Filter": 4,"Workers": []}]}]}]}]},{"Node Type": "Index Scan","Parent Relationship": "Inner","Parallel Aware": false,"Async Capable": false,"Scan Direction": "Forward","Index Name": "idx_orders_custkey","Relation Name": "orders","Alias": "orders","Startup Cost": 0.43,"Total Cost": 1.55,"Plan Rows": 3,"Plan Width": 8,"Actual Startup Time": 0.018,"Actual Total Time": 0.041,"Actual Rows": 2,"Actual Loops": 29764,"Index Cond": "(o_custkey = customer.c_custkey)","Rows Removed by Index Recheck": 0,"Filter": "((o_orderdate >= '1994-01-01'::date) AND (o_orderdate < '1995-01-01 00:00:00'::timestamp without time zone))","Rows Removed by Filter": 9,"Workers": []}]},{"Node Type": "Index Scan","Parent Relationship": "Inner","Parallel Aware": false,"Async Capable": false,"Scan Direction": "Forward","Index Name": "idx_lineitem_orderkey","Relation Name": "lineitem","Alias": "lineitem","Startup Cost": 0.43,"Total Cost": 2.84,"Plan Rows": 17,"Plan Width": 20,"Actual Startup Time": 0.017,"Actual Total Time": 0.019,"Actual Rows": 4,"Actual Loops": 45152,"Index Cond": "(l_orderkey = orders.o_orderkey)","Rows Removed by Index Recheck": 0,"Workers": []}]},{"Node Type": "Hash","Parent Relationship": "Inner","Parallel Aware": false,"Async Capable": false,"Startup Cost": 322.00,"Total Cost": 322.00,"Plan Rows": 10000,"Plan Width": 8,"Actual Startup Time": 11.376,"Actual Total Time": 11.381,"Actual Rows": 10000,"Actual Loops": 3,"Hash Buckets": 16384,"Original Hash Buckets": 16384,"Hash Batches": 1,"Original Hash Batches": 1,"Peak Memory Usage": 519,"Workers": [],"Plans": [{"Node Type": "Seq Scan","Parent Relationship": "Outer","Parallel Aware": false,"Async Capable": false,"Relation Name": "supplier","Alias": "supplier","Startup Cost": 0.00,"Total Cost": 322.00,"Plan Rows": 10000,"Plan Width": 8,"Actual Startup Time": 0.042,"Actual Total Time": 9.565,"Actual Rows": 10000,"Actual Loops": 3,"Workers": []}]}]}]}]}]}]}]},"Planning Time": 10.751,"Triggers": [],"Execution Time": 859.508}]
[{"Plan": {"Node Type": "Sort","Parallel Aware": false,"Async Capable": false,"Startup Cost": 21616.39,"Total Cost": 21616.45,"Plan Rows": 25,"Plan Width": 136,"Actual Startup Time": 848.991,"Actual Total Time": 881.316,"Actual Rows": 5,"Actual Loops": 1,"Sort Key": ["(sum((lineitem.l_extendedprice * ('1'::numeric - lineitem.l_discount)))) DESC"],"Sort Method": "quicksort","Sort Space Used": 25,"Sort Space Type": "Memory","Plans": [{"Node Type": "Aggregate","Strategy": "Sorted","Partial Mode": "Finalize","Parent Relationship": "Outer","Parallel Aware": false,"Async Capable": false,"Startup Cost": 21601.33,"Total Cost": 21615.81,"Plan Rows": 25,"Plan Width": 136,"Actual Startup Time": 848.402,"Actual Total Time": 881.262,"Actual Rows": 5,"Actual Loops": 1,"Group Key": ["nation.n_name"],"Plans": [{"Node Type": "Gather Merge","Parent Relationship": "Outer","Parallel Aware": false,"Async Capable": false,"Startup Cost": 21601.33,"Total Cost": 21615.12,"Plan Rows": 50,"Plan Width": 136,"Actual Startup Time": 848.176,"Actual Total Time": 881.211,"Actual Rows": 15,"Actual Loops": 1,"Workers Planned": 2,"Workers Launched": 2,"Plans": [{"Node Type": "Aggregate","Strategy": "Sorted","Partial Mode": "Partial","Parent Relationship": "Outer","Parallel Aware": false,"Async Capable": false,"Startup Cost": 20601.30,"Total Cost": 20609.33,"Plan Rows": 25,"Plan Width": 136,"Actual Startup Time": 841.096,"Actual Total Time": 841.805,"Actual Rows": 5,"Actual Loops": 3,"Group Key": ["nation.n_name"],"Workers": [],"Plans": [{"Node Type": "Sort","Parent Relationship": "Outer","Parallel Aware": false,"Async Capable": false,"Startup Cost": 20601.30,"Total Cost": 20602.85,"Plan Rows": 617,"Plan Width": 116,"Actual Startup Time": 840.878,"Actual Total Time": 841.005,"Actual Rows": 2453,"Actual Loops": 3,"Sort Key": ["nation.n_name"],"Sort Method": "quicksort","Sort Space Used": 289,"Sort Space Type": "Memory","Workers": [{"Worker Number": 0,"Sort Method": "quicksort","Sort Space Used": 295,"Sort Space Type": "Memory"},{"Worker Number": 1,"Sort Method": "quicksort","Sort Space Used": 281,"Sort Space Type": "Memory"}],"Plans": [{"Node Type": "Hash Join","Parent Relationship": "Outer","Parallel Aware": false,"Async Capable": false,"Join Type": "Inner","Startup Cost": 475.27,"Total Cost": 20572.71,"Plan Rows": 617,"Plan Width": 116,"Actual Startup Time": 10.379,"Actual Total Time": 839.260,"Actual Rows": 2453,"Actual Loops": 3,"Inner Unique": true,"Hash Cond": "((lineitem.l_suppkey = supplier.s_suppkey) AND (customer.c_nationkey = supplier.s_nationkey))","Workers": [],"Plans": [{"Node Type": "Nested Loop","Parent Relationship": "Outer","Parallel Aware": false,"Async Capable": false,"Join Type": "Inner","Startup Cost": 3.27,"Total Cost": 20019.70,"Plan Rows": 15431,"Plan Width": 128,"Actual Startup Time": 0.539,"Actual Total Time": 793.839,"Actual Rows": 61906,"Actual Loops": 3,"Inner Unique": false,"Workers": [],"Plans": [{"Node Type": "Nested Loop","Parent Relationship": "Outer","Parallel Aware": false,"Async Capable": false,"Join Type": "Inner","Startup Cost": 2.84,"Total Cost": 8414.26,"Plan Rows": 3857,"Plan Width": 116,"Actual Startup Time": 0.431,"Actual Total Time": 473.927,"Actual Rows": 15506,"Actual Loops": 3,"Inner Unique": false,"Workers": [],"Plans": [{"Node Type": "Hash Join","Parent Relationship": "Outer","Parallel Aware": false,"Async Capable": false,"Join Type": "Inner","Startup Cost": 2.41,"Total Cost": 4471.79,"Plan Rows": 2500,"Plan Width": 116,"Actual Startup Time": 0.234,"Actual Total Time": 55.451,"Actual Rows": 10066,"Actual Loops": 3,"Inner Unique": false,"Hash Cond": "(customer.c_nationkey = nation.n_nationkey)","Workers": [],"Plans": [{"Node Type": "Seq Scan","Parent Relationship": "Outer","Parallel Aware": true,"Async Capable": false,"Relation Name": "customer","Alias": "customer","Startup Cost": 0.00,"Total Cost": 4210.00,"Plan Rows": 62500,"Plan Width": 8,"Actual Startup Time": 0.019,"Actual Total Time": 9.720,"Actual Rows": 50000,"Actual Loops": 3,"Workers": []},{"Node Type": "Hash","Parent Relationship": "Inner","Parallel Aware": false,"Async Capable": false,"Startup Cost": 2.40,"Total Cost": 2.40,"Plan Rows": 1,"Plan Width": 108,"Actual Startup Time": 0.128,"Actual Total Time": 0.148,"Actual Rows": 5,"Actual Loops": 3,"Hash Buckets": 1024,"Original Hash Buckets": 1024,"Hash Batches": 1,"Original Hash Batches": 1,"Peak Memory Usage": 9,"Workers": [],"Plans": [{"Node Type": "Hash Join","Parent Relationship": "Outer","Parallel Aware": false,"Async Capable": false,"Join Type": "Inner","Startup Cost": 1.07,"Total Cost": 2.40,"Plan Rows": 1,"Plan Width": 108,"Actual Startup Time": 0.115,"Actual Total Time": 0.137,"Actual Rows": 5,"Actual Loops": 3,"Inner Unique": true,"Hash Cond": "(nation.n_regionkey = region.r_regionkey)","Workers": [],"Plans": [{"Node Type": "Seq Scan","Parent Relationship": "Outer","Parallel Aware": false,"Async Capable": false,"Relation Name": "nation","Alias": "nation","Startup Cost": 0.00,"Total Cost": 1.25,"Plan Rows": 25,"Plan Width": 112,"Actual Startup Time": 0.040,"Actual Total Time": 0.044,"Actual Rows": 25,"Actual Loops": 3,"Workers": []},{"Node Type": "Hash","Parent Relationship": "Inner","Parallel Aware": false,"Async Capable": false,"Startup Cost": 1.06,"Total Cost": 1.06,"Plan Rows": 1,"Plan Width": 4,"Actual Startup Time": 0.046,"Actual Total Time": 0.051,"Actual Rows": 1,"Actual Loops": 3,"Hash Buckets": 1024,"Original Hash Buckets": 1024,"Hash Batches": 1,"Original Hash Batches": 1,"Peak Memory Usage": 9,"Workers": [],"Plans": [{"Node Type": "Seq Scan","Parent Relationship": "Outer","Parallel Aware": false,"Async Capable": false,"Relation Name": "region","Alias": "region","Startup Cost": 0.00,"Total Cost": 1.06,"Plan Rows": 1,"Plan Width": 4,"Actual Startup Time": 0.033,"Actual Total Time": 0.034,"Actual Rows": 1,"Actual Loops": 3,"Filter": "(r_name = 'EUROPE'::bpchar)","Rows Removed by Filter": 4,"Workers": []}]}]}]}]},{"Node Type": "Index Scan","Parent Relationship": "Inner","Parallel Aware": false,"Async Capable": false,"Scan Direction": "Forward","Index Name": "idx_orders_custkey","Relation Name": "orders","Alias": "orders","Startup Cost": 0.43,"Total Cost": 1.55,"Plan Rows": 3,"Plan Width": 8,"Actual Startup Time": 0.017,"Actual Total Time": 0.041,"Actual Rows": 2,"Actual Loops": 30197,"Index Cond": "(o_custkey = customer.c_custkey)","Rows Removed by Index Recheck": 0,"Filter": "((o_orderdate >= '1996-01-01'::date) AND (o_orderdate < '1997-01-01 00:00:00'::timestamp without time zone))","Rows Removed by Filter": 9,"Workers": []}]},{"Node Type": "Index Scan","Parent Relationship": "Inner","Parallel Aware": false,"Async Capable": false,"Scan Direction": "Forward","Index Name": "idx_lineitem_orderkey","Relation Name": "lineitem","Alias": "lineitem","Startup Cost": 0.43,"Total Cost": 2.84,"Plan Rows": 17,"Plan Width": 20,"Actual Startup Time": 0.017,"Actual Total Time": 0.020,"Actual Rows": 4,"Actual Loops": 46518,"Index Cond": "(l_orderkey = orders.o_orderkey)","Rows Removed by Index Recheck": 0,"Workers": []}]},{"Node Type": "Hash","Parent Relationship": "Inner","Parallel Aware": false,"Async Capable": false,"Startup Cost": 322.00,"Total Cost": 322.00,"Plan Rows": 10000,"Plan Width": 8,"Actual Startup Time": 8.337,"Actual Total Time": 8.340,"Actual Rows": 10000,"Actual Loops": 3,"Hash Buckets": 16384,"Original Hash Buckets": 16384,"Hash Batches": 1,"Original Hash Batches": 1,"Peak Memory Usage": 519,"Workers": [],"Plans": [{"Node Type": "Seq Scan","Parent Relationship": "Outer","Parallel Aware": false,"Async Capable": false,"Relation Name": "supplier","Alias": "supplier","Startup Cost": 0.00,"Total Cost": 322.00,"Plan Rows": 10000,"Plan Width": 8,"Actual Startup Time": 0.039,"Actual Total Time": 6.479,"Actual Rows": 10000,"Actual Loops": 3,"Workers": []}]}]}]}]}]}]}]},"Planning Time": 9.377,"Triggers": [],"Execution Time": 881.912}]
[{"Plan": {"Node Type": "Sort","Parallel Aware": false,"Async Capable": false,"Startup Cost": 21612.43,"Total Cost": 21612.50,"Plan Rows": 25,"Plan Width": 136,"Actual Startup Time": 832.616,"Actual Total Time": 862.680,"Actual Rows": 5,"Actual Loops": 1,"Sort Key": ["(sum((lineitem.l_extendedprice * ('1'::numeric - lineitem.l_discount)))) DESC"],"Sort Method": "quicksort","Sort Space Used": 25,"Sort Space Type": "Memory","Plans": [{"Node Type": "Aggregate","Strategy": "Sorted","Partial Mode": "Finalize","Parent Relationship": "Outer","Parallel Aware": false,"Async Capable": false,"Startup Cost": 21597.38,"Total Cost": 21611.85,"Plan Rows": 25,"Plan Width": 136,"Actual Startup Time": 832.009,"Actual Total Time": 862.637,"Actual Rows": 5,"Actual Loops": 1,"Group Key": ["nation.n_name"],"Plans": [{"Node Type": "Gather Merge","Parent Relationship": "Outer","Parallel Aware": false,"Async Capable": false,"Startup Cost": 21597.38,"Total Cost": 21611.17,"Plan Rows": 50,"Plan Width": 136,"Actual Startup Time": 831.804,"Actual Total Time": 862.590,"Actual Rows": 15,"Actual Loops": 1,"Workers Planned": 2,"Workers Launched": 2,"Plans": [{"Node Type": "Aggregate","Strategy": "Sorted","Partial Mode": "Partial","Parent Relationship": "Outer","Parallel Aware": false,"Async Capable": false,"Startup Cost": 20597.36,"Total Cost": 20605.37,"Plan Rows": 25,"Plan Width": 136,"Actual Startup Time": 824.333,"Actual Total Time": 825.038,"Actual Rows": 5,"Actual Loops": 3,"Group Key": ["nation.n_name"],"Workers": [],"Plans": [{"Node Type": "Sort","Parent Relationship": "Outer","Parallel Aware": false,"Async Capable": false,"Startup Cost": 20597.36,"Total Cost": 20598.90,"Plan Rows": 616,"Plan Width": 116,"Actual Startup Time": 824.137,"Actual Total Time": 824.256,"Actual Rows": 2417,"Actual Loops": 3,"Sort Key": ["nation.n_name"],"Sort Method": "quicksort","Sort Space Used": 288,"Sort Space Type": "Memory","Workers": [{"Worker Number": 0,"Sort Method": "quicksort","Sort Space Used": 280,"Sort Space Type": "Memory"},{"Worker Number": 1,"Sort Method": "quicksort","Sort Space Used": 288,"Sort Space Type": "Memory"}],"Plans": [{"Node Type": "Hash Join","Parent Relationship": "Outer","Parallel Aware": false,"Async Capable": false,"Join Type": "Inner","Startup Cost": 475.27,"Total Cost": 20568.82,"Plan Rows": 616,"Plan Width": 116,"Actual Startup Time": 12.703,"Actual Total Time": 822.671,"Actual Rows": 2417,"Actual Loops": 3,"Inner Unique": true,"Hash Cond": "((lineitem.l_suppkey = supplier.s_suppkey) AND (customer.c_nationkey = supplier.s_nationkey))","Workers": [],"Plans": [{"Node Type": "Nested Loop","Parent Relationship": "Outer","Parallel Aware": false,"Async Capable": false,"Join Type": "Inner","Startup Cost": 3.27,"Total Cost": 20015.89,"Plan Rows": 15415,"Plan Width": 128,"Actual Startup Time": 0.571,"Actual Total Time": 776.984,"Actual Rows": 59997,"Actual Loops": 3,"Inner Unique": false,"Workers": [],"Plans": [{"Node Type": "Nested Loop","Parent Relationship": "Outer","Parallel Aware": false,"Async Capable": false,"Join Type": "Inner","Startup Cost": 2.84,"Total Cost": 8414.26,"Plan Rows": 3853,"Plan Width": 116,"Actual Startup Time": 0.454,"Actual Total Time": 470.088,"Actual Rows": 15003,"Actual Loops": 3,"Inner Unique": false,"Workers": [],"Plans": [{"Node Type": "Hash Join","Parent Relationship": "Outer","Parallel Aware": false,"Async Capable": false,"Join Type": "Inner","Startup Cost": 2.41,"Total Cost": 4471.79,"Plan Rows": 2500,"Plan Width": 116,"Actual Startup Time": 0.227,"Actual Total Time": 60.370,"Actual Rows": 9968,"Actual Loops": 3,"Inner Unique": false,"Hash Cond": "(customer.c_nationkey = nation.n_nationkey)","Workers": [],"Plans": [{"Node Type": "Seq Scan","Parent Relationship": "Outer","Parallel Aware": true,"Async Capable": false,"Relation Name": "customer","Alias": "customer","Startup Cost": 0.00,"Total Cost": 4210.00,"Plan Rows": 62500,"Plan Width": 8,"Actual Startup Time": 0.013,"Actual Total Time": 10.099,"Actual Rows": 50000,"Actual Loops": 3,"Workers": []},{"Node Type": "Hash","Parent Relationship": "Inner","Parallel Aware": false,"Async Capable": false,"Startup Cost": 2.40,"Total Cost": 2.40,"Plan Rows": 1,"Plan Width": 108,"Actual Startup Time": 0.138,"Actual Total Time": 0.150,"Actual Rows": 5,"Actual Loops": 3,"Hash Buckets": 1024,"Original Hash Buckets": 1024,"Hash Batches": 1,"Original Hash Batches": 1,"Peak Memory Usage": 9,"Workers": [],"Plans": [{"Node Type": "Hash Join","Parent Relationship": "Outer","Parallel Aware": false,"Async Capable": false,"Join Type": "Inner","Startup Cost": 1.07,"Total Cost": 2.40,"Plan Rows": 1,"Plan Width": 108,"Actual Startup Time": 0.125,"Actual Total Time": 0.142,"Actual Rows": 5,"Actual Loops": 3,"Inner Unique": true,"Hash Cond": "(nation.n_regionkey = region.r_regionkey)","Workers": [],"Plans": [{"Node Type": "Seq Scan","Parent Relationship": "Outer","Parallel Aware": false,"Async Capable": false,"Relation Name": "nation","Alias": "nation","Startup Cost": 0.00,"Total Cost": 1.25,"Plan Rows": 25,"Plan Width": 112,"Actual Startup Time": 0.044,"Actual Total Time": 0.047,"Actual Rows": 25,"Actual Loops": 3,"Workers": []},{"Node Type": "Hash","Parent Relationship": "Inner","Parallel Aware": false,"Async Capable": false,"Startup Cost": 1.06,"Total Cost": 1.06,"Plan Rows": 1,"Plan Width": 4,"Actual Startup Time": 0.054,"Actual Total Time": 0.057,"Actual Rows": 1,"Actual Loops": 3,"Hash Buckets": 1024,"Original Hash Buckets": 1024,"Hash Batches": 1,"Original Hash Batches": 1,"Peak Memory Usage": 9,"Workers": [],"Plans": [{"Node Type": "Seq Scan","Parent Relationship": "Outer","Parallel Aware": false,"Async Capable": false,"Relation Name": "region","Alias": "region","Startup Cost": 0.00,"Total Cost": 1.06,"Plan Rows": 1,"Plan Width": 4,"Actual Startup Time": 0.039,"Actual Total Time": 0.040,"Actual Rows": 1,"Actual Loops": 3,"Filter": "(r_name = 'MIDDLE EAST'::bpchar)","Rows Removed by Filter": 4,"Workers": []}]}]}]}]},{"Node Type": "Index Scan","Parent Relationship": "Inner","Parallel Aware": false,"Async Capable": false,"Scan Direction": "Forward","Index Name": "idx_orders_custkey","Relation Name": "orders","Alias": "orders","Startup Cost": 0.43,"Total Cost": 1.55,"Plan Rows": 3,"Plan Width": 8,"Actual Startup Time": 0.017,"Actual Total Time": 0.041,"Actual Rows": 2,"Actual Loops": 29904,"Index Cond": "(o_custkey = customer.c_custkey)","Rows Removed by Index Recheck": 0,"Filter": "((o_orderdate >= '1994-01-01'::date) AND (o_orderdate < '1995-01-01 00:00:00'::timestamp without time zone))","Rows Removed by Filter": 8,"Workers": []}]},{"Node Type": "Index Scan","Parent Relationship": "Inner","Parallel Aware": false,"Async Capable": false,"Scan Direction": "Forward","Index Name": "idx_lineitem_orderkey","Relation Name": "lineitem","Alias": "lineitem","Startup Cost": 0.43,"Total Cost": 2.84,"Plan Rows": 17,"Plan Width": 20,"Actual Startup Time": 0.017,"Actual Total Time": 0.020,"Actual Rows": 4,"Actual Loops": 45009,"Index Cond": "(l_orderkey = orders.o_orderkey)","Rows Removed by Index Recheck": 0,"Workers": []}]},{"Node Type": "Hash","Parent Relationship": "Inner","Parallel Aware": false,"Async Capable": false,"Startup Cost": 322.00,"Total Cost": 322.00,"Plan Rows": 10000,"Plan Width": 8,"Actual Startup Time": 11.133,"Actual Total Time": 11.135,"Actual Rows": 10000,"Actual Loops": 3,"Hash Buckets": 16384,"Original Hash Buckets": 16384,"Hash Batches": 1,"Original Hash Batches": 1,"Peak Memory Usage": 519,"Workers": [],"Plans": [{"Node Type": "Seq Scan","Parent Relationship": "Outer","Parallel Aware": false,"Async Capable": false,"Relation Name": "supplier","Alias": "supplier","Startup Cost": 0.00,"Total Cost": 322.00,"Plan Rows": 10000,"Plan Width": 8,"Actual Startup Time": 0.042,"Actual Total Time": 9.282,"Actual Rows": 10000,"Actual Loops": 3,"Workers": []}]}]}]}]}]}]}]},"Planning Time": 10.906,"Triggers": [],"Execution Time": 863.139}]
[{"Plan": {"Node Type": "Sort","Parallel Aware": false,"Async Capable": false,"Startup Cost": 21612.43,"Total Cost": 21612.50,"Plan Rows": 25,"Plan Width": 136,"Actual Startup Time": 827.834,"Actual Total Time": 858.973,"Actual Rows": 5,"Actual Loops": 1,"Sort Key": ["(sum((lineitem.l_extendedprice * ('1'::numeric - lineitem.l_discount)))) DESC"],"Sort Method": "quicksort","Sort Space Used": 25,"Sort Space Type": "Memory","Plans": [{"Node Type": "Aggregate","Strategy": "Sorted","Partial Mode": "Finalize","Parent Relationship": "Outer","Parallel Aware": false,"Async Capable": false,"Startup Cost": 21597.38,"Total Cost": 21611.85,"Plan Rows": 25,"Plan Width": 136,"Actual Startup Time": 827.274,"Actual Total Time": 858.918,"Actual Rows": 5,"Actual Loops": 1,"Group Key": ["nation.n_name"],"Plans": [{"Node Type": "Gather Merge","Parent Relationship": "Outer","Parallel Aware": false,"Async Capable": false,"Startup Cost": 21597.38,"Total Cost": 21611.17,"Plan Rows": 50,"Plan Width": 136,"Actual Startup Time": 827.088,"Actual Total Time": 858.883,"Actual Rows": 15,"Actual Loops": 1,"Workers Planned": 2,"Workers Launched": 2,"Plans": [{"Node Type": "Aggregate","Strategy": "Sorted","Partial Mode": "Partial","Parent Relationship": "Outer","Parallel Aware": false,"Async Capable": false,"Startup Cost": 20597.36,"Total Cost": 20605.37,"Plan Rows": 25,"Plan Width": 136,"Actual Startup Time": 818.981,"Actual Total Time": 819.657,"Actual Rows": 5,"Actual Loops": 3,"Group Key": ["nation.n_name"],"Workers": [],"Plans": [{"Node Type": "Sort","Parent Relationship": "Outer","Parallel Aware": false,"Async Capable": false,"Startup Cost": 20597.36,"Total Cost": 20598.90,"Plan Rows": 616,"Plan Width": 116,"Actual Startup Time": 818.754,"Actual Total Time": 818.877,"Actual Rows": 2367,"Actual Loops": 3,"Sort Key": ["nation.n_name"],"Sort Method": "quicksort","Sort Space Used": 283,"Sort Space Type": "Memory","Workers": [{"Worker Number": 0,"Sort Method": "quicksort","Sort Space Used": 277,"Sort Space Type": "Memory"},{"Worker Number": 1,"Sort Method": "quicksort","Sort Space Used": 284,"Sort Space Type": "Memory"}],"Plans": [{"Node Type": "Hash Join","Parent Relationship": "Outer","Parallel Aware": false,"Async Capable": false,"Join Type": "Inner","Startup Cost": 475.27,"Total Cost": 20568.82,"Plan Rows": 616,"Plan Width": 116,"Actual Startup Time": 13.272,"Actual Total Time": 817.265,"Actual Rows": 2367,"Actual Loops": 3,"Inner Unique": true,"Hash Cond": "((lineitem.l_suppkey = supplier.s_suppkey) AND (customer.c_nationkey = supplier.s_nationkey))","Workers": [],"Plans": [{"Node Type": "Nested Loop","Parent Relationship": "Outer","Parallel Aware": false,"Async Capable": false,"Join Type": "Inner","Startup Cost": 3.27,"Total Cost": 20015.89,"Plan Rows": 15415,"Plan Width": 128,"Actual Startup Time": 0.973,"Actual Total Time": 770.169,"Actual Rows": 60208,"Actual Loops": 3,"Inner Unique": false,"Workers": [],"Plans": [{"Node Type": "Nested Loop","Parent Relationship": "Outer","Parallel Aware": false,"Async Capable": false,"Join Type": "Inner","Startup Cost": 2.84,"Total Cost": 8414.26,"Plan Rows": 3853,"Plan Width": 116,"Actual Startup Time": 0.870,"Actual Total Time": 466.623,"Actual Rows": 15051,"Actual Loops": 3,"Inner Unique": false,"Workers": [],"Plans": [{"Node Type": "Hash Join","Parent Relationship": "Outer","Parallel Aware": false,"Async Capable": false,"Join Type": "Inner","Startup Cost": 2.41,"Total Cost": 4471.79,"Plan Rows": 2500,"Plan Width": 116,"Actual Startup Time": 0.250,"Actual Total Time": 58.358,"Actual Rows": 9921,"Actual Loops": 3,"Inner Unique": false,"Hash Cond": "(customer.c_nationkey = nation.n_nationkey)","Workers": [],"Plans": [{"Node Type": "Seq Scan","Parent Relationship": "Outer","Parallel Aware": true,"Async Capable": false,"Relation Name": "customer","Alias": "customer","Startup Cost": 0.00,"Total Cost": 4210.00,"Plan Rows": 62500,"Plan Width": 8,"Actual Startup Time": 0.013,"Actual Total Time": 10.073,"Actual Rows": 50000,"Actual Loops": 3,"Workers": []},{"Node Type": "Hash","Parent Relationship": "Inner","Parallel Aware": false,"Async Capable": false,"Startup Cost": 2.40,"Total Cost": 2.40,"Plan Rows": 1,"Plan Width": 108,"Actual Startup Time": 0.153,"Actual Total Time": 0.173,"Actual Rows": 5,"Actual Loops": 3,"Hash Buckets": 1024,"Original Hash Buckets": 1024,"Hash Batches": 1,"Original Hash Batches": 1,"Peak Memory Usage": 9,"Workers": [],"Plans": [{"Node Type": "Hash Join","Parent Relationship": "Outer","Parallel Aware": false,"Async Capable": false,"Join Type": "Inner","Startup Cost": 1.07,"Total Cost": 2.40,"Plan Rows": 1,"Plan Width": 108,"Actual Startup Time": 0.137,"Actual Total Time": 0.162,"Actual Rows": 5,"Actual Loops": 3,"Inner Unique": true,"Hash Cond": "(nation.n_regionkey = region.r_regionkey)","Workers": [],"Plans": [{"Node Type": "Seq Scan","Parent Relationship": "Outer","Parallel Aware": false,"Async Capable": false,"Relation Name": "nation","Alias": "nation","Startup Cost": 0.00,"Total Cost": 1.25,"Plan Rows": 25,"Plan Width": 112,"Actual Startup Time": 0.055,"Actual Total Time": 0.059,"Actual Rows": 25,"Actual Loops": 3,"Workers": []},{"Node Type": "Hash","Parent Relationship": "Inner","Parallel Aware": false,"Async Capable": false,"Startup Cost": 1.06,"Total Cost": 1.06,"Plan Rows": 1,"Plan Width": 4,"Actual Startup Time": 0.058,"Actual Total Time": 0.065,"Actual Rows": 1,"Actual Loops": 3,"Hash Buckets": 1024,"Original Hash Buckets": 1024,"Hash Batches": 1,"Original Hash Batches": 1,"Peak Memory Usage": 9,"Workers": [],"Plans": [{"Node Type": "Seq Scan","Parent Relationship": "Outer","Parallel Aware": false,"Async Capable": false,"Relation Name": "region","Alias": "region","Startup Cost": 0.00,"Total Cost": 1.06,"Plan Rows": 1,"Plan Width": 4,"Actual Startup Time": 0.044,"Actual Total Time": 0.048,"Actual Rows": 1,"Actual Loops": 3,"Filter": "(r_name = 'AFRICA'::bpchar)","Rows Removed by Filter": 4,"Workers": []}]}]}]}]},{"Node Type": "Index Scan","Parent Relationship": "Inner","Parallel Aware": false,"Async Capable": false,"Scan Direction": "Forward","Index Name": "idx_orders_custkey","Relation Name": "orders","Alias": "orders","Startup Cost": 0.43,"Total Cost": 1.55,"Plan Rows": 3,"Plan Width": 8,"Actual Startup Time": 0.018,"Actual Total Time": 0.041,"Actual Rows": 2,"Actual Loops": 29764,"Index Cond": "(o_custkey = customer.c_custkey)","Rows Removed by Index Recheck": 0,"Filter": "((o_orderdate >= '1994-01-01'::date) AND (o_orderdate < '1995-01-01 00:00:00'::timestamp without time zone))","Rows Removed by Filter": 9,"Workers": []}]},{"Node Type": "Index Scan","Parent Relationship": "Inner","Parallel Aware": false,"Async Capable": false,"Scan Direction": "Forward","Index Name": "idx_lineitem_orderkey","Relation Name": "lineitem","Alias": "lineitem","Startup Cost": 0.43,"Total Cost": 2.84,"Plan Rows": 17,"Plan Width": 20,"Actual Startup Time": 0.017,"Actual Total Time": 0.019,"Actual Rows": 4,"Actual Loops": 45152,"Index Cond": "(l_orderkey = orders.o_orderkey)","Rows Removed by Index Recheck": 0,"Workers": []}]},{"Node Type": "Hash","Parent Relationship": "Inner","Parallel Aware": false,"Async Capable": false,"Startup Cost": 322.00,"Total Cost": 322.00,"Plan Rows": 10000,"Plan Width": 8,"Actual Startup Time": 11.376,"Actual Total Time": 11.381,"Actual Rows": 10000,"Actual Loops": 3,"Hash Buckets": 16384,"Original Hash Buckets": 16384,"Hash Batches": 1,"Original Hash Batches": 1,"Peak Memory Usage": 519,"Workers": [],"Plans": [{"Node Type": "Seq Scan","Parent Relationship": "Outer","Parallel Aware": false,"Async Capable": false,"Relation Name": "supplier","Alias": "supplier","Startup Cost": 0.00,"Total Cost": 322.00,"Plan Rows": 10000,"Plan Width": 8,"Actual Startup Time": 0.042,"Actual Total Time": 9.565,"Actual Rows": 10000,"Actual Loops": 3,"Workers": []}]}]}]}]}]}]}]},"Planning Time": 10.751,"Triggers": [],"Execution Time": 859.508}]
[{"Plan": {"Node Type": "Sort","Parallel Aware": false,"Async Capable": false,"Startup Cost": 21565.24,"Total Cost": 21565.30,"Plan Rows": 25,"Plan Width": 136,"Actual Startup Time": 829.883,"Actual Total Time": 862.581,"Actual Rows": 5,"Actual Loops": 1,"Sort Key": ["(sum((lineitem.l_extendedprice * ('1'::numeric - lineitem.l_discount)))) DESC"],"Sort Method": "quicksort","Sort Space Used": 25,"Sort Space Type": "Memory","Plans": [{"Node Type": "Aggregate","Strategy": "Sorted","Partial Mode": "Finalize","Parent Relationship": "Outer","Parallel Aware": false,"Async Capable": false,"Startup Cost": 21550.29,"Total Cost": 21564.66,"Plan Rows": 25,"Plan Width": 136,"Actual Startup Time": 829.271,"Actual Total Time": 862.532,"Actual Rows": 5,"Actual Loops": 1,"Group Key": ["nation.n_name"],"Plans": [{"Node Type": "Gather Merge","Parent Relationship": "Outer","Parallel Aware": false,"Async Capable": false,"Startup Cost": 21550.29,"Total Cost": 21563.97,"Plan Rows": 50,"Plan Width": 136,"Actual Startup Time": 829.074,"Actual Total Time": 862.478,"Actual Rows": 15,"Actual Loops": 1,"Workers Planned": 2,"Workers Launched": 2,"Plans": [{"Node Type": "Aggregate","Strategy": "Sorted","Partial Mode": "Partial","Parent Relationship": "Outer","Parallel Aware": false,"Async Capable": false,"Startup Cost": 20550.26,"Total Cost": 20558.18,"Plan Rows": 25,"Plan Width": 136,"Actual Startup Time": 821.816,"Actual Total Time": 822.538,"Actual Rows": 5,"Actual Loops": 3,"Group Key": ["nation.n_name"],"Workers": [],"Plans": [{"Node Type": "Sort","Parent Relationship": "Outer","Parallel Aware": false,"Async Capable": false,"Startup Cost": 20550.26,"Total Cost": 20551.78,"Plan Rows": 608,"Plan Width": 116,"Actual Startup Time": 821.604,"Actual Total Time": 821.730,"Actual Rows": 2468,"Actual Loops": 3,"Sort Key": ["nation.n_name"],"Sort Method": "quicksort","Sort Space Used": 285,"Sort Space Type": "Memory","Workers": [{"Worker Number": 0,"Sort Method": "quicksort","Sort Space Used": 293,"Sort Space Type": "Memory"},{"Worker Number": 1,"Sort Method": "quicksort","Sort Space Used": 290,"Sort Space Type": "Memory"}],"Plans": [{"Node Type": "Hash Join","Parent Relationship": "Outer","Parallel Aware": false,"Async Capable": false,"Join Type": "Inner","Startup Cost": 475.27,"Total Cost": 20522.15,"Plan Rows": 608,"Plan Width": 116,"Actual Startup Time": 10.349,"Actual Total Time": 819.988,"Actual Rows": 2468,"Actual Loops": 3,"Inner Unique": true,"Hash Cond": "((lineitem.l_suppkey = supplier.s_suppkey) AND (customer.c_nationkey = supplier.s_nationkey))","Workers": [],"Plans": [{"Node Type": "Nested Loop","Parent Relationship": "Outer","Parallel Aware": false,"Async Capable": false,"Join Type": "Inner","Startup Cost": 3.27,"Total Cost": 19970.29,"Plan Rows": 15211,"Plan Width": 128,"Actual Startup Time": 0.787,"Actual Total Time": 773.951,"Actual Rows": 61461,"Actual Loops": 3,"Inner Unique": false,"Workers": [],"Plans": [{"Node Type": "Nested Loop","Parent Relationship": "Outer","Parallel Aware": false,"Async Capable": false,"Join Type": "Inner","Startup Cost": 2.84,"Total Cost": 8414.26,"Plan Rows": 3802,"Plan Width": 116,"Actual Startup Time": 0.651,"Actual Total Time": 459.932,"Actual Rows": 15399,"Actual Loops": 3,"Inner Unique": false,"Workers": [],"Plans": [{"Node Type": "Hash Join","Parent Relationship": "Outer","Parallel Aware": false,"Async Capable": false,"Join Type": "Inner","Startup Cost": 2.41,"Total Cost": 4471.79,"Plan Rows": 2500,"Plan Width": 116,"Actual Startup Time": 0.245,"Actual Total Time": 55.063,"Actual Rows": 10066,"Actual Loops": 3,"Inner Unique": false,"Hash Cond": "(customer.c_nationkey = nation.n_nationkey)","Workers": [],"Plans": [{"Node Type": "Seq Scan","Parent Relationship": "Outer","Parallel Aware": true,"Async Capable": false,"Relation Name": "customer","Alias": "customer","Startup Cost": 0.00,"Total Cost": 4210.00,"Plan Rows": 62500,"Plan Width": 8,"Actual Startup Time": 0.014,"Actual Total Time": 9.571,"Actual Rows": 50000,"Actual Loops": 3,"Workers": []},{"Node Type": "Hash","Parent Relationship": "Inner","Parallel Aware": false,"Async Capable": false,"Startup Cost": 2.40,"Total Cost": 2.40,"Plan Rows": 1,"Plan Width": 108,"Actual Startup Time": 0.139,"Actual Total Time": 0.155,"Actual Rows": 5,"Actual Loops": 3,"Hash Buckets": 1024,"Original Hash Buckets": 1024,"Hash Batches": 1,"Original Hash Batches": 1,"Peak Memory Usage": 9,"Workers": [],"Plans": [{"Node Type": "Hash Join","Parent Relationship": "Outer","Parallel Aware": false,"Async Capable": false,"Join Type": "Inner","Startup Cost": 1.07,"Total Cost": 2.40,"Plan Rows": 1,"Plan Width": 108,"Actual Startup Time": 0.126,"Actual Total Time": 0.145,"Actual Rows": 5,"Actual Loops": 3,"Inner Unique": true,"Hash Cond": "(nation.n_regionkey = region.r_regionkey)","Workers": [],"Plans": [{"Node Type": "Seq Scan","Parent Relationship": "Outer","Parallel Aware": false,"Async Capable": false,"Relation Name": "nation","Alias": "nation","Startup Cost": 0.00,"Total Cost": 1.25,"Plan Rows": 25,"Plan Width": 112,"Actual Startup Time": 0.043,"Actual Total Time": 0.047,"Actual Rows": 25,"Actual Loops": 3,"Workers": []},{"Node Type": "Hash","Parent Relationship": "Inner","Parallel Aware": false,"Async Capable": false,"Startup Cost": 1.06,"Total Cost": 1.06,"Plan Rows": 1,"Plan Width": 4,"Actual Startup Time": 0.051,"Actual Total Time": 0.056,"Actual Rows": 1,"Actual Loops": 3,"Hash Buckets": 1024,"Original Hash Buckets": 1024,"Hash Batches": 1,"Original Hash Batches": 1,"Peak Memory Usage": 9,"Workers": [],"Plans": [{"Node Type": "Seq Scan","Parent Relationship": "Outer","Parallel Aware": false,"Async Capable": false,"Relation Name": "region","Alias": "region","Startup Cost": 0.00,"Total Cost": 1.06,"Plan Rows": 1,"Plan Width": 4,"Actual Startup Time": 0.037,"Actual Total Time": 0.039,"Actual Rows": 1,"Actual Loops": 3,"Filter": "(r_name = 'EUROPE'::bpchar)","Rows Removed by Filter": 4,"Workers": []}]}]}]}]},{"Node Type": "Index Scan","Parent Relationship": "Inner","Parallel Aware": false,"Async Capable": false,"Scan Direction": "Forward","Index Name": "idx_orders_custkey","Relation Name": "orders","Alias": "orders","Startup Cost": 0.43,"Total Cost": 1.55,"Plan Rows": 3,"Plan Width": 8,"Actual Startup Time": 0.017,"Actual Total Time": 0.040,"Actual Rows": 2,"Actual Loops": 30197,"Index Cond": "(o_custkey = customer.c_custkey)","Rows Removed by Index Recheck": 0,"Filter": "((o_orderdate >= '1995-01-01'::date) AND (o_orderdate < '1996-01-01 00:00:00'::timestamp without time zone))","Rows Removed by Filter": 9,"Workers": []}]},{"Node Type": "Index Scan","Parent Relationship": "Inner","Parallel Aware": false,"Async Capable": false,"Scan Direction": "Forward","Index Name": "idx_lineitem_orderkey","Relation Name": "lineitem","Alias": "lineitem","Startup Cost": 0.43,"Total Cost": 2.87,"Plan Rows": 17,"Plan Width": 20,"Actual Startup Time": 0.017,"Actual Total Time": 0.020,"Actual Rows": 4,"Actual Loops": 46197,"Index Cond": "(l_orderkey = orders.o_orderkey)","Rows Removed by Index Recheck": 0,"Workers": []}]},{"Node Type": "Hash","Parent Relationship": "Inner","Parallel Aware": false,"Async Capable": false,"Startup Cost": 322.00,"Total Cost": 322.00,"Plan Rows": 10000,"Plan Width": 8,"Actual Startup Time": 8.644,"Actual Total Time": 8.648,"Actual Rows": 10000,"Actual Loops": 3,"Hash Buckets": 16384,"Original Hash Buckets": 16384,"Hash Batches": 1,"Original Hash Batches": 1,"Peak Memory Usage": 519,"Workers": [],"Plans": [{"Node Type": "Seq Scan","Parent Relationship": "Outer","Parallel Aware": false,"Async Capable": false,"Relation Name": "supplier","Alias": "supplier","Startup Cost": 0.00,"Total Cost": 322.00,"Plan Rows": 10000,"Plan Width": 8,"Actual Startup Time": 0.045,"Actual Total Time": 6.681,"Actual Rows": 10000,"Actual Loops": 3,"Workers": []}]}]}]}]}]}]}]},"Planning Time": 10.340,"Triggers": [],"Execution Time": 863.182}]
[{"Plan": {"Node Type": "Sort","Parallel Aware": false,"Async Capable": false,"Startup Cost": 21565.81,"Total Cost": 21565.87,"Plan Rows": 25,"Plan Width": 136,"Actual Startup Time": 833.811,"Actual Total Time": 865.523,"Actual Rows": 5,"Actual Loops": 1,"Sort Key": ["(sum((lineitem.l_extendedprice * ('1'::numeric - lineitem.l_discount)))) DESC"],"Sort Method": "quicksort","Sort Space Used": 25,"Sort Space Type": "Memory","Plans": [{"Node Type": "Aggregate","Strategy": "Sorted","Partial Mode": "Finalize","Parent Relationship": "Outer","Parallel Aware": false,"Async Capable": false,"Startup Cost": 21550.86,"Total Cost": 21565.23,"Plan Rows": 25,"Plan Width": 136,"Actual Startup Time": 833.271,"Actual Total Time": 865.478,"Actual Rows": 5,"Actual Loops": 1,"Group Key": ["nation.n_name"],"Plans": [{"Node Type": "Gather Merge","Parent Relationship": "Outer","Parallel Aware": false,"Async Capable": false,"Startup Cost": 21550.86,"Total Cost": 21564.54,"Plan Rows": 50,"Plan Width": 136,"Actual Startup Time": 833.025,"Actual Total Time": 865.435,"Actual Rows": 15,"Actual Loops": 1,"Workers Planned": 2,"Workers Launched": 2,"Plans": [{"Node Type": "Aggregate","Strategy": "Sorted","Partial Mode": "Partial","Parent Relationship": "Outer","Parallel Aware": false,"Async Capable": false,"Startup Cost": 20550.84,"Total Cost": 20558.75,"Plan Rows": 25,"Plan Width": 136,"Actual Startup Time": 825.546,"Actual Total Time": 826.255,"Actual Rows": 5,"Actual Loops": 3,"Group Key": ["nation.n_name"],"Workers": [],"Plans": [{"Node Type": "Sort","Parent Relationship": "Outer","Parallel Aware": false,"Async Capable": false,"Startup Cost": 20550.84,"Total Cost": 20552.36,"Plan Rows": 608,"Plan Width": 116,"Actual Startup Time": 825.323,"Actual Total Time": 825.450,"Actual Rows": 2415,"Actual Loops": 3,"Sort Key": ["nation.n_name"],"Sort Method": "quicksort","Sort Space Used": 281,"Sort Space Type": "Memory","Workers": [{"Worker Number": 0,"Sort Method": "quicksort","Sort Space Used": 286,"Sort Space Type": "Memory"},{"Worker Number": 1,"Sort Method": "quicksort","Sort Space Used": 289,"Sort Space Type": "Memory"}],"Plans": [{"Node Type": "Hash Join","Parent Relationship": "Outer","Parallel Aware": false,"Async Capable": false,"Join Type": "Inner","Startup Cost": 475.27,"Total Cost": 20522.72,"Plan Rows": 608,"Plan Width": 116,"Actual Startup Time": 12.893,"Actual Total Time": 823.841,"Actual Rows": 2415,"Actual Loops": 3,"Inner Unique": true,"Hash Cond": "((lineitem.l_suppkey = supplier.s_suppkey) AND (customer.c_nationkey = supplier.s_nationkey))","Workers": [],"Plans": [{"Node Type": "Nested Loop","Parent Relationship": "Outer","Parallel Aware": false,"Async Capable": false,"Join Type": "Inner","Startup Cost": 3.27,"Total Cost": 19970.84,"Plan Rows": 15215,"Plan Width": 128,"Actual Startup Time": 0.809,"Actual Total Time": 777.035,"Actual Rows": 60714,"Actual Loops": 3,"Inner Unique": false,"Workers": [],"Plans": [{"Node Type": "Nested Loop","Parent Relationship": "Outer","Parallel Aware": false,"Async Capable": false,"Join Type": "Inner","Startup Cost": 2.84,"Total Cost": 8414.26,"Plan Rows": 3803,"Plan Width": 116,"Actual Startup Time": 0.660,"Actual Total Time": 471.667,"Actual Rows": 15226,"Actual Loops": 3,"Inner Unique": false,"Workers": [],"Plans": [{"Node Type": "Hash Join","Parent Relationship": "Outer","Parallel Aware": false,"Async Capable": false,"Join Type": "Inner","Startup Cost": 2.41,"Total Cost": 4471.79,"Plan Rows": 2500,"Plan Width": 116,"Actual Startup Time": 0.276,"Actual Total Time": 59.829,"Actual Rows": 10066,"Actual Loops": 3,"Inner Unique": false,"Hash Cond": "(customer.c_nationkey = nation.n_nationkey)","Workers": [],"Plans": [{"Node Type": "Seq Scan","Parent Relationship": "Outer","Parallel Aware": true,"Async Capable": false,"Relation Name": "customer","Alias": "customer","Startup Cost": 0.00,"Total Cost": 4210.00,"Plan Rows": 62500,"Plan Width": 8,"Actual Startup Time": 0.021,"Actual Total Time": 10.083,"Actual Rows": 50000,"Actual Loops": 3,"Workers": []},{"Node Type": "Hash","Parent Relationship": "Inner","Parallel Aware": false,"Async Capable": false,"Startup Cost": 2.40,"Total Cost": 2.40,"Plan Rows": 1,"Plan Width": 108,"Actual Startup Time": 0.154,"Actual Total Time": 0.171,"Actual Rows": 5,"Actual Loops": 3,"Hash Buckets": 1024,"Original Hash Buckets": 1024,"Hash Batches": 1,"Original Hash Batches": 1,"Peak Memory Usage": 9,"Workers": [],"Plans": [{"Node Type": "Hash Join","Parent Relationship": "Outer","Parallel Aware": false,"Async Capable": false,"Join Type": "Inner","Startup Cost": 1.07,"Total Cost": 2.40,"Plan Rows": 1,"Plan Width": 108,"Actual Startup Time": 0.139,"Actual Total Time": 0.162,"Actual Rows": 5,"Actual Loops": 3,"Inner Unique": true,"Hash Cond": "(nation.n_regionkey = region.r_regionkey)","Workers": [],"Plans": [{"Node Type": "Seq Scan","Parent Relationship": "Outer","Parallel Aware": false,"Async Capable": false,"Relation Name": "nation","Alias": "nation","Startup Cost": 0.00,"Total Cost": 1.25,"Plan Rows": 25,"Plan Width": 112,"Actual Startup Time": 0.051,"Actual Total Time": 0.055,"Actual Rows": 25,"Actual Loops": 3,"Workers": []},{"Node Type": "Hash","Parent Relationship": "Inner","Parallel Aware": false,"Async Capable": false,"Startup Cost": 1.06,"Total Cost": 1.06,"Plan Rows": 1,"Plan Width": 4,"Actual Startup Time": 0.057,"Actual Total Time": 0.063,"Actual Rows": 1,"Actual Loops": 3,"Hash Buckets": 1024,"Original Hash Buckets": 1024,"Hash Batches": 1,"Original Hash Batches": 1,"Peak Memory Usage": 9,"Workers": [],"Plans": [{"Node Type": "Seq Scan","Parent Relationship": "Outer","Parallel Aware": false,"Async Capable": false,"Relation Name": "region","Alias": "region","Startup Cost": 0.00,"Total Cost": 1.06,"Plan Rows": 1,"Plan Width": 4,"Actual Startup Time": 0.043,"Actual Total Time": 0.045,"Actual Rows": 1,"Actual Loops": 3,"Filter": "(r_name = 'EUROPE'::bpchar)","Rows Removed by Filter": 4,"Workers": []}]}]}]}]},{"Node Type": "Index Scan","Parent Relationship": "Inner","Parallel Aware": false,"Async Capable": false,"Scan Direction": "Forward","Index Name": "idx_orders_custkey","Relation Name": "orders","Alias": "orders","Startup Cost": 0.43,"Total Cost": 1.55,"Plan Rows": 3,"Plan Width": 8,"Actual Startup Time": 0.017,"Actual Total Time": 0.041,"Actual Rows": 2,"Actual Loops": 30197,"Index Cond": "(o_custkey = customer.c_custkey)","Rows Removed by Index Recheck": 0,"Filter": "((o_orderdate >= '1997-01-01'::date) AND (o_orderdate < '1998-01-01 00:00:00'::timestamp without time zone))","Rows Removed by Filter": 9,"Workers": []}]},{"Node Type": "Index Scan","Parent Relationship": "Inner","Parallel Aware": false,"Async Capable": false,"Scan Direction": "Forward","Index Name": "idx_lineitem_orderkey","Relation Name": "lineitem","Alias": "lineitem","Startup Cost": 0.43,"Total Cost": 2.87,"Plan Rows": 17,"Plan Width": 20,"Actual Startup Time": 0.017,"Actual Total Time": 0.019,"Actual Rows": 4,"Actual Loops": 45677,"Index Cond": "(l_orderkey = orders.o_orderkey)","Rows Removed by Index Recheck": 0,"Workers": []}]},{"Node Type": "Hash","Parent Relationship": "Inner","Parallel Aware": false,"Async Capable": false,"Startup Cost": 322.00,"Total Cost": 322.00,"Plan Rows": 10000,"Plan Width": 8,"Actual Startup Time": 11.560,"Actual Total Time": 11.566,"Actual Rows": 10000,"Actual Loops": 3,"Hash Buckets": 16384,"Original Hash Buckets": 16384,"Hash Batches": 1,"Original Hash Batches": 1,"Peak Memory Usage": 519,"Workers": [],"Plans": [{"Node Type": "Seq Scan","Parent Relationship": "Outer","Parallel Aware": false,"Async Capable": false,"Relation Name": "supplier","Alias": "supplier","Startup Cost": 0.00,"Total Cost": 322.00,"Plan Rows": 10000,"Plan Width": 8,"Actual Startup Time": 0.053,"Actual Total Time": 9.758,"Actual Rows": 10000,"Actual Loops": 3,"Workers": []}]}]}]}]}]}]}]},"Planning Time": 11.054,"Triggers": [],"Execution Time": 866.075}]
[{"Plan": {"Node Type": "Sort","Parallel Aware": false,"Async Capable": false,"Startup Cost": 21565.81,"Total Cost": 21565.87,"Plan Rows": 25,"Plan Width": 136,"Actual Startup Time": 826.666,"Actual Total Time": 858.678,"Actual Rows": 5,"Actual Loops": 1,"Sort Key": ["(sum((lineitem.l_extendedprice * ('1'::numeric - lineitem.l_discount)))) DESC"],"Sort Method": "quicksort","Sort Space Used": 25,"Sort Space Type": "Memory","Plans": [{"Node Type": "Aggregate","Strategy": "Sorted","Partial Mode": "Finalize","Parent Relationship": "Outer","Parallel Aware": false,"Async Capable": false,"Startup Cost": 21550.86,"Total Cost": 21565.23,"Plan Rows": 25,"Plan Width": 136,"Actual Startup Time": 825.974,"Actual Total Time": 858.621,"Actual Rows": 5,"Actual Loops": 1,"Group Key": ["nation.n_name"],"Plans": [{"Node Type": "Gather Merge","Parent Relationship": "Outer","Parallel Aware": false,"Async Capable": false,"Startup Cost": 21550.86,"Total Cost": 21564.54,"Plan Rows": 50,"Plan Width": 136,"Actual Startup Time": 825.726,"Actual Total Time": 858.579,"Actual Rows": 15,"Actual Loops": 1,"Workers Planned": 2,"Workers Launched": 2,"Plans": [{"Node Type": "Aggregate","Strategy": "Sorted","Partial Mode": "Partial","Parent Relationship": "Outer","Parallel Aware": false,"Async Capable": false,"Startup Cost": 20550.84,"Total Cost": 20558.75,"Plan Rows": 25,"Plan Width": 136,"Actual Startup Time": 818.223,"Actual Total Time": 818.980,"Actual Rows": 5,"Actual Loops": 3,"Group Key": ["nation.n_name"],"Workers": [],"Plans": [{"Node Type": "Sort","Parent Relationship": "Outer","Parallel Aware": false,"Async Capable": false,"Startup Cost": 20550.84,"Total Cost": 20552.36,"Plan Rows": 608,"Plan Width": 116,"Actual Startup Time": 818.011,"Actual Total Time": 818.145,"Actual Rows": 2489,"Actual Loops": 3,"Sort Key": ["nation.n_name"],"Sort Method": "quicksort","Sort Space Used": 294,"Sort Space Type": "Memory","Workers": [{"Worker Number": 0,"Sort Method": "quicksort","Sort Space Used": 286,"Sort Space Type": "Memory"},{"Worker Number": 1,"Sort Method": "quicksort","Sort Space Used": 292,"Sort Space Type": "Memory"}],"Plans": [{"Node Type": "Hash Join","Parent Relationship": "Outer","Parallel Aware": false,"Async Capable": false,"Join Type": "Inner","Startup Cost": 475.27,"Total Cost": 20522.72,"Plan Rows": 608,"Plan Width": 116,"Actual Startup Time": 11.840,"Actual Total Time": 816.555,"Actual Rows": 2489,"Actual Loops": 3,"Inner Unique": true,"Hash Cond": "((lineitem.l_suppkey = supplier.s_suppkey) AND (customer.c_nationkey = supplier.s_nationkey))","Workers": [],"Plans": [{"Node Type": "Nested Loop","Parent Relationship": "Outer","Parallel Aware": false,"Async Capable": false,"Join Type": "Inner","Startup Cost": 3.27,"Total Cost": 19970.84,"Plan Rows": 15215,"Plan Width": 128,"Actual Startup Time": 0.591,"Actual Total Time": 771.834,"Actual Rows": 60959,"Actual Loops": 3,"Inner Unique": false,"Workers": [],"Plans": [{"Node Type": "Nested Loop","Parent Relationship": "Outer","Parallel Aware": false,"Async Capable": false,"Join Type": "Inner","Startup Cost": 2.84,"Total Cost": 8414.26,"Plan Rows": 3803,"Plan Width": 116,"Actual Startup Time": 0.474,"Actual Total Time": 463.395,"Actual Rows": 15225,"Actual Loops": 3,"Inner Unique": false,"Workers": [],"Plans": [{"Node Type": "Hash Join","Parent Relationship": "Outer","Parallel Aware": false,"Async Capable": false,"Join Type": "Inner","Startup Cost": 2.41,"Total Cost": 4471.79,"Plan Rows": 2500,"Plan Width": 116,"Actual Startup Time": 0.230,"Actual Total Time": 58.477,"Actual Rows": 9984,"Actual Loops": 3,"Inner Unique": false,"Hash Cond": "(customer.c_nationkey = nation.n_nationkey)","Workers": [],"Plans": [{"Node Type": "Seq Scan","Parent Relationship": "Outer","Parallel Aware": true,"Async Capable": false,"Relation Name": "customer","Alias": "customer","Startup Cost": 0.00,"Total Cost": 4210.00,"Plan Rows": 62500,"Plan Width": 8,"Actual Startup Time": 0.016,"Actual Total Time": 10.057,"Actual Rows": 50000,"Actual Loops": 3,"Workers": []},{"Node Type": "Hash","Parent Relationship": "Inner","Parallel Aware": false,"Async Capable": false,"Startup Cost": 2.40,"Total Cost": 2.40,"Plan Rows": 1,"Plan Width": 108,"Actual Startup Time": 0.130,"Actual Total Time": 0.146,"Actual Rows": 5,"Actual Loops": 3,"Hash Buckets": 1024,"Original Hash Buckets": 1024,"Hash Batches": 1,"Original Hash Batches": 1,"Peak Memory Usage": 9,"Workers": [],"Plans": [{"Node Type": "Hash Join","Parent Relationship": "Outer","Parallel Aware": false,"Async Capable": false,"Join Type": "Inner","Startup Cost": 1.07,"Total Cost": 2.40,"Plan Rows": 1,"Plan Width": 108,"Actual Startup Time": 0.116,"Actual Total Time": 0.137,"Actual Rows": 5,"Actual Loops": 3,"Inner Unique": true,"Hash Cond": "(nation.n_regionkey = region.r_regionkey)","Workers": [],"Plans": [{"Node Type": "Seq Scan","Parent Relationship": "Outer","Parallel Aware": false,"Async Capable": false,"Relation Name": "nation","Alias": "nation","Startup Cost": 0.00,"Total Cost": 1.25,"Plan Rows": 25,"Plan Width": 112,"Actual Startup Time": 0.042,"Actual Total Time": 0.045,"Actual Rows": 25,"Actual Loops": 3,"Workers": []},{"Node Type": "Hash","Parent Relationship": "Inner","Parallel Aware": false,"Async Capable": false,"Startup Cost": 1.06,"Total Cost": 1.06,"Plan Rows": 1,"Plan Width": 4,"Actual Startup Time": 0.050,"Actual Total Time": 0.056,"Actual Rows": 1,"Actual Loops": 3,"Hash Buckets": 1024,"Original Hash Buckets": 1024,"Hash Batches": 1,"Original Hash Batches": 1,"Peak Memory Usage": 9,"Workers": [],"Plans": [{"Node Type": "Seq Scan","Parent Relationship": "Outer","Parallel Aware": false,"Async Capable": false,"Relation Name": "region","Alias": "region","Startup Cost": 0.00,"Total Cost": 1.06,"Plan Rows": 1,"Plan Width": 4,"Actual Startup Time": 0.038,"Actual Total Time": 0.040,"Actual Rows": 1,"Actual Loops": 3,"Filter": "(r_name = 'AMERICA'::bpchar)","Rows Removed by Filter": 4,"Workers": []}]}]}]}]},{"Node Type": "Index Scan","Parent Relationship": "Inner","Parallel Aware": false,"Async Capable": false,"Scan Direction": "Forward","Index Name": "idx_orders_custkey","Relation Name": "orders","Alias": "orders","Startup Cost": 0.43,"Total Cost": 1.55,"Plan Rows": 3,"Plan Width": 8,"Actual Startup Time": 0.017,"Actual Total Time": 0.040,"Actual Rows": 2,"Actual Loops": 29952,"Index Cond": "(o_custkey = customer.c_custkey)","Rows Removed by Index Recheck": 0,"Filter": "((o_orderdate >= '1997-01-01'::date) AND (o_orderdate < '1998-01-01 00:00:00'::timestamp without time zone))","Rows Removed by Filter": 8,"Workers": []}]},{"Node Type": "Index Scan","Parent Relationship": "Inner","Parallel Aware": false,"Async Capable": false,"Scan Direction": "Forward","Index Name": "idx_lineitem_orderkey","Relation Name": "lineitem","Alias": "lineitem","Startup Cost": 0.43,"Total Cost": 2.87,"Plan Rows": 17,"Plan Width": 20,"Actual Startup Time": 0.017,"Actual Total Time": 0.020,"Actual Rows": 4,"Actual Loops": 45676,"Index Cond": "(l_orderkey = orders.o_orderkey)","Rows Removed by Index Recheck": 0,"Workers": []}]},{"Node Type": "Hash","Parent Relationship": "Inner","Parallel Aware": false,"Async Capable": false,"Startup Cost": 322.00,"Total Cost": 322.00,"Plan Rows": 10000,"Plan Width": 8,"Actual Startup Time": 10.524,"Actual Total Time": 10.525,"Actual Rows": 10000,"Actual Loops": 3,"Hash Buckets": 16384,"Original Hash Buckets": 16384,"Hash Batches": 1,"Original Hash Batches": 1,"Peak Memory Usage": 519,"Workers": [],"Plans": [{"Node Type": "Seq Scan","Parent Relationship": "Outer","Parallel Aware": false,"Async Capable": false,"Relation Name": "supplier","Alias": "supplier","Startup Cost": 0.00,"Total Cost": 322.00,"Plan Rows": 10000,"Plan Width": 8,"Actual Startup Time": 0.042,"Actual Total Time": 8.814,"Actual Rows": 10000,"Actual Loops": 3,"Workers": []}]}]}]}]}]}]}]},"Planning Time": 10.085,"Triggers": [],"Execution Time": 859.237}]
[{"Plan": {"Node Type": "Sort","Parallel Aware": false,"Async Capable": false,"Startup Cost": 21565.24,"Total Cost": 21565.30,"Plan Rows": 25,"Plan Width": 136,"Actual Startup Time": 812.920,"Actual Total Time": 845.337,"Actual Rows": 5,"Actual Loops": 1,"Sort Key": ["(sum((lineitem.l_extendedprice * ('1'::numeric - lineitem.l_discount)))) DESC"],"Sort Method": "quicksort","Sort Space Used": 25,"Sort Space Type": "Memory","Plans": [{"Node Type": "Aggregate","Strategy": "Sorted","Partial Mode": "Finalize","Parent Relationship": "Outer","Parallel Aware": false,"Async Capable": false,"Startup Cost": 21550.29,"Total Cost": 21564.66,"Plan Rows": 25,"Plan Width": 136,"Actual Startup Time": 812.284,"Actual Total Time": 845.271,"Actual Rows": 5,"Actual Loops": 1,"Group Key": ["nation.n_name"],"Plans": [{"Node Type": "Gather Merge","Parent Relationship": "Outer","Parallel Aware": false,"Async Capable": false,"Startup Cost": 21550.29,"Total Cost": 21563.97,"Plan Rows": 50,"Plan Width": 136,"Actual Startup Time": 812.043,"Actual Total Time": 845.216,"Actual Rows": 15,"Actual Loops": 1,"Workers Planned": 2,"Workers Launched": 2,"Plans": [{"Node Type": "Aggregate","Strategy": "Sorted","Partial Mode": "Partial","Parent Relationship": "Outer","Parallel Aware": false,"Async Capable": false,"Startup Cost": 20550.26,"Total Cost": 20558.18,"Plan Rows": 25,"Plan Width": 136,"Actual Startup Time": 804.529,"Actual Total Time": 805.274,"Actual Rows": 5,"Actual Loops": 3,"Group Key": ["nation.n_name"],"Workers": [],"Plans": [{"Node Type": "Sort","Parent Relationship": "Outer","Parallel Aware": false,"Async Capable": false,"Startup Cost": 20550.26,"Total Cost": 20551.78,"Plan Rows": 608,"Plan Width": 116,"Actual Startup Time": 804.312,"Actual Total Time": 804.451,"Actual Rows": 2459,"Actual Loops": 3,"Sort Key": ["nation.n_name"],"Sort Method": "quicksort","Sort Space Used": 291,"Sort Space Type": "Memory","Workers": [{"Worker Number": 0,"Sort Method": "quicksort","Sort Space Used": 281,"Sort Space Type": "Memory"},{"Worker Number": 1,"Sort Method": "quicksort","Sort Space Used": 294,"Sort Space Type": "Memory"}],"Plans": [{"Node Type": "Hash Join","Parent Relationship": "Outer","Parallel Aware": false,"Async Capable": false,"Join Type": "Inner","Startup Cost": 475.27,"Total Cost": 20522.15,"Plan Rows": 608,"Plan Width": 116,"Actual Startup Time": 9.963,"Actual Total Time": 802.770,"Actual Rows": 2459,"Actual Loops": 3,"Inner Unique": true,"Hash Cond": "((lineitem.l_suppkey = supplier.s_suppkey) AND (customer.c_nationkey = supplier.s_nationkey))","Workers": [],"Plans": [{"Node Type": "Nested Loop","Parent Relationship": "Outer","Parallel Aware": false,"Async Capable": false,"Join Type": "Inner","Startup Cost": 3.27,"Total Cost": 19970.29,"Plan Rows": 15211,"Plan Width": 128,"Actual Startup Time": 0.726,"Actual Total Time": 761.226,"Actual Rows": 61195,"Actual Loops": 3,"Inner Unique": false,"Workers": [],"Plans": [{"Node Type": "Nested Loop","Parent Relationship": "Outer","Parallel Aware": false,"Async Capable": false,"Join Type": "Inner","Startup Cost": 2.84,"Total Cost": 8414.26,"Plan Rows": 3802,"Plan Width": 116,"Actual Startup Time": 0.590,"Actual Total Time": 455.580,"Actual Rows": 15244,"Actual Loops": 3,"Inner Unique": false,"Workers": [],"Plans": [{"Node Type": "Hash Join","Parent Relationship": "Outer","Parallel Aware": false,"Async Capable": false,"Join Type": "Inner","Startup Cost": 2.41,"Total Cost": 4471.79,"Plan Rows": 2500,"Plan Width": 116,"Actual Startup Time": 0.294,"Actual Total Time": 55.676,"Actual Rows": 10061,"Actual Loops": 3,"Inner Unique": false,"Hash Cond": "(customer.c_nationkey = nation.n_nationkey)","Workers": [],"Plans": [{"Node Type": "Seq Scan","Parent Relationship": "Outer","Parallel Aware": true,"Async Capable": false,"Relation Name": "customer","Alias": "customer","Startup Cost": 0.00,"Total Cost": 4210.00,"Plan Rows": 62500,"Plan Width": 8,"Actual Startup Time": 0.018,"Actual Total Time": 9.635,"Actual Rows": 50000,"Actual Loops": 3,"Workers": []},{"Node Type": "Hash","Parent Relationship": "Inner","Parallel Aware": false,"Async Capable": false,"Startup Cost": 2.40,"Total Cost": 2.40,"Plan Rows": 1,"Plan Width": 108,"Actual Startup Time": 0.169,"Actual Total Time": 0.188,"Actual Rows": 5,"Actual Loops": 3,"Hash Buckets": 1024,"Original Hash Buckets": 1024,"Hash Batches": 1,"Original Hash Batches": 1,"Peak Memory Usage": 9,"Workers": [],"Plans": [{"Node Type": "Hash Join","Parent Relationship": "Outer","Parallel Aware": false,"Async Capable": false,"Join Type": "Inner","Startup Cost": 1.07,"Total Cost": 2.40,"Plan Rows": 1,"Plan Width": 108,"Actual Startup Time": 0.153,"Actual Total Time": 0.175,"Actual Rows": 5,"Actual Loops": 3,"Inner Unique": true,"Hash Cond": "(nation.n_regionkey = region.r_regionkey)","Workers": [],"Plans": [{"Node Type": "Seq Scan","Parent Relationship": "Outer","Parallel Aware": false,"Async Capable": false,"Relation Name": "nation","Alias": "nation","Startup Cost": 0.00,"Total Cost": 1.25,"Plan Rows": 25,"Plan Width": 112,"Actual Startup Time": 0.049,"Actual Total Time": 0.052,"Actual Rows": 25,"Actual Loops": 3,"Workers": []},{"Node Type": "Hash","Parent Relationship": "Inner","Parallel Aware": false,"Async Capable": false,"Startup Cost": 1.06,"Total Cost": 1.06,"Plan Rows": 1,"Plan Width": 4,"Actual Startup Time": 0.069,"Actual Total Time": 0.076,"Actual Rows": 1,"Actual Loops": 3,"Hash Buckets": 1024,"Original Hash Buckets": 1024,"Hash Batches": 1,"Original Hash Batches": 1,"Peak Memory Usage": 9,"Workers": [],"Plans": [{"Node Type": "Seq Scan","Parent Relationship": "Outer","Parallel Aware": false,"Async Capable": false,"Relation Name": "region","Alias": "region","Startup Cost": 0.00,"Total Cost": 1.06,"Plan Rows": 1,"Plan Width": 4,"Actual Startup Time": 0.054,"Actual Total Time": 0.057,"Actual Rows": 1,"Actual Loops": 3,"Filter": "(r_name = 'ASIA'::bpchar)","Rows Removed by Filter": 4,"Workers": []}]}]}]}]},{"Node Type": "Index Scan","Parent Relationship": "Inner","Parallel Aware": false,"Async Capable": false,"Scan Direction": "Forward","Index Name": "idx_orders_custkey","Relation Name": "orders","Alias": "orders","Startup Cost": 0.43,"Total Cost": 1.55,"Plan Rows": 3,"Plan Width": 8,"Actual Startup Time": 0.017,"Actual Total Time": 0.039,"Actual Rows": 2,"Actual Loops": 30183,"Index Cond": "(o_custkey = customer.c_custkey)","Rows Removed by Index Recheck": 0,"Filter": "((o_orderdate >= '1995-01-01'::date) AND (o_orderdate < '1996-01-01 00:00:00'::timestamp without time zone))","Rows Removed by Filter": 8,"Workers": []}]},{"Node Type": "Index Scan","Parent Relationship": "Inner","Parallel Aware": false,"Async Capable": false,"Scan Direction": "Forward","Index Name": "idx_lineitem_orderkey","Relation Name": "lineitem","Alias": "lineitem","Startup Cost": 0.43,"Total Cost": 2.87,"Plan Rows": 17,"Plan Width": 20,"Actual Startup Time": 0.017,"Actual Total Time": 0.019,"Actual Rows": 4,"Actual Loops": 45731,"Index Cond": "(l_orderkey = orders.o_orderkey)","Rows Removed by Index Recheck": 0,"Workers": []}]},{"Node Type": "Hash","Parent Relationship": "Inner","Parallel Aware": false,"Async Capable": false,"Startup Cost": 322.00,"Total Cost": 322.00,"Plan Rows": 10000,"Plan Width": 8,"Actual Startup Time": 8.662,"Actual Total Time": 8.670,"Actual Rows": 10000,"Actual Loops": 3,"Hash Buckets": 16384,"Original Hash Buckets": 16384,"Hash Batches": 1,"Original Hash Batches": 1,"Peak Memory Usage": 519,"Workers": [],"Plans": [{"Node Type": "Seq Scan","Parent Relationship": "Outer","Parallel Aware": false,"Async Capable": false,"Relation Name": "supplier","Alias": "supplier","Startup Cost": 0.00,"Total Cost": 322.00,"Plan Rows": 10000,"Plan Width": 8,"Actual Startup Time": 0.038,"Actual Total Time": 6.811,"Actual Rows": 10000,"Actual Loops": 3,"Workers": []}]}]}]}]}]}]}]},"Planning Time": 10.579,"Triggers": [],"Execution Time": 845.911}]
[{"Plan": {"Node Type": "Sort","Parallel Aware": false,"Async Capable": false,"Startup Cost": 21612.43,"Total Cost": 21612.50,"Plan Rows": 25,"Plan Width": 136,"Actual Startup Time": 827.834,"Actual Total Time": 858.973,"Actual Rows": 5,"Actual Loops": 1,"Sort Key": ["(sum((lineitem.l_extendedprice * ('1'::numeric - lineitem.l_discount)))) DESC"],"Sort Method": "quicksort","Sort Space Used": 25,"Sort Space Type": "Memory","Plans": [{"Node Type": "Aggregate","Strategy": "Sorted","Partial Mode": "Finalize","Parent Relationship": "Outer","Parallel Aware": false,"Async Capable": false,"Startup Cost": 21597.38,"Total Cost": 21611.85,"Plan Rows": 25,"Plan Width": 136,"Actual Startup Time": 827.274,"Actual Total Time": 858.918,"Actual Rows": 5,"Actual Loops": 1,"Group Key": ["nation.n_name"],"Plans": [{"Node Type": "Gather Merge","Parent Relationship": "Outer","Parallel Aware": false,"Async Capable": false,"Startup Cost": 21597.38,"Total Cost": 21611.17,"Plan Rows": 50,"Plan Width": 136,"Actual Startup Time": 827.088,"Actual Total Time": 858.883,"Actual Rows": 15,"Actual Loops": 1,"Workers Planned": 2,"Workers Launched": 2,"Plans": [{"Node Type": "Aggregate","Strategy": "Sorted","Partial Mode": "Partial","Parent Relationship": "Outer","Parallel Aware": false,"Async Capable": false,"Startup Cost": 20597.36,"Total Cost": 20605.37,"Plan Rows": 25,"Plan Width": 136,"Actual Startup Time": 818.981,"Actual Total Time": 819.657,"Actual Rows": 5,"Actual Loops": 3,"Group Key": ["nation.n_name"],"Workers": [],"Plans": [{"Node Type": "Sort","Parent Relationship": "Outer","Parallel Aware": false,"Async Capable": false,"Startup Cost": 20597.36,"Total Cost": 20598.90,"Plan Rows": 616,"Plan Width": 116,"Actual Startup Time": 818.754,"Actual Total Time": 818.877,"Actual Rows": 2367,"Actual Loops": 3,"Sort Key": ["nation.n_name"],"Sort Method": "quicksort","Sort Space Used": 283,"Sort Space Type": "Memory","Workers": [{"Worker Number": 0,"Sort Method": "quicksort","Sort Space Used": 277,"Sort Space Type": "Memory"},{"Worker Number": 1,"Sort Method": "quicksort","Sort Space Used": 284,"Sort Space Type": "Memory"}],"Plans": [{"Node Type": "Hash Join","Parent Relationship": "Outer","Parallel Aware": false,"Async Capable": false,"Join Type": "Inner","Startup Cost": 475.27,"Total Cost": 20568.82,"Plan Rows": 616,"Plan Width": 116,"Actual Startup Time": 13.272,"Actual Total Time": 817.265,"Actual Rows": 2367,"Actual Loops": 3,"Inner Unique": true,"Hash Cond": "((lineitem.l_suppkey = supplier.s_suppkey) AND (customer.c_nationkey = supplier.s_nationkey))","Workers": [],"Plans": [{"Node Type": "Nested Loop","Parent Relationship": "Outer","Parallel Aware": false,"Async Capable": false,"Join Type": "Inner","Startup Cost": 3.27,"Total Cost": 20015.89,"Plan Rows": 15415,"Plan Width": 128,"Actual Startup Time": 0.973,"Actual Total Time": 770.169,"Actual Rows": 60208,"Actual Loops": 3,"Inner Unique": false,"Workers": [],"Plans": [{"Node Type": "Nested Loop","Parent Relationship": "Outer","Parallel Aware": false,"Async Capable": false,"Join Type": "Inner","Startup Cost": 2.84,"Total Cost": 8414.26,"Plan Rows": 3853,"Plan Width": 116,"Actual Startup Time": 0.870,"Actual Total Time": 466.623,"Actual Rows": 15051,"Actual Loops": 3,"Inner Unique": false,"Workers": [],"Plans": [{"Node Type": "Hash Join","Parent Relationship": "Outer","Parallel Aware": false,"Async Capable": false,"Join Type": "Inner","Startup Cost": 2.41,"Total Cost": 4471.79,"Plan Rows": 2500,"Plan Width": 116,"Actual Startup Time": 0.250,"Actual Total Time": 58.358,"Actual Rows": 9921,"Actual Loops": 3,"Inner Unique": false,"Hash Cond": "(customer.c_nationkey = nation.n_nationkey)","Workers": [],"Plans": [{"Node Type": "Seq Scan","Parent Relationship": "Outer","Parallel Aware": true,"Async Capable": false,"Relation Name": "customer","Alias": "customer","Startup Cost": 0.00,"Total Cost": 4210.00,"Plan Rows": 62500,"Plan Width": 8,"Actual Startup Time": 0.013,"Actual Total Time": 10.073,"Actual Rows": 50000,"Actual Loops": 3,"Workers": []},{"Node Type": "Hash","Parent Relationship": "Inner","Parallel Aware": false,"Async Capable": false,"Startup Cost": 2.40,"Total Cost": 2.40,"Plan Rows": 1,"Plan Width": 108,"Actual Startup Time": 0.153,"Actual Total Time": 0.173,"Actual Rows": 5,"Actual Loops": 3,"Hash Buckets": 1024,"Original Hash Buckets": 1024,"Hash Batches": 1,"Original Hash Batches": 1,"Peak Memory Usage": 9,"Workers": [],"Plans": [{"Node Type": "Hash Join","Parent Relationship": "Outer","Parallel Aware": false,"Async Capable": false,"Join Type": "Inner","Startup Cost": 1.07,"Total Cost": 2.40,"Plan Rows": 1,"Plan Width": 108,"Actual Startup Time": 0.137,"Actual Total Time": 0.162,"Actual Rows": 5,"Actual Loops": 3,"Inner Unique": true,"Hash Cond": "(nation.n_regionkey = region.r_regionkey)","Workers": [],"Plans": [{"Node Type": "Seq Scan","Parent Relationship": "Outer","Parallel Aware": false,"Async Capable": false,"Relation Name": "nation","Alias": "nation","Startup Cost": 0.00,"Total Cost": 1.25,"Plan Rows": 25,"Plan Width": 112,"Actual Startup Time": 0.055,"Actual Total Time": 0.059,"Actual Rows": 25,"Actual Loops": 3,"Workers": []},{"Node Type": "Hash","Parent Relationship": "Inner","Parallel Aware": false,"Async Capable": false,"Startup Cost": 1.06,"Total Cost": 1.06,"Plan Rows": 1,"Plan Width": 4,"Actual Startup Time": 0.058,"Actual Total Time": 0.065,"Actual Rows": 1,"Actual Loops": 3,"Hash Buckets": 1024,"Original Hash Buckets": 1024,"Hash Batches": 1,"Original Hash Batches": 1,"Peak Memory Usage": 9,"Workers": [],"Plans": [{"Node Type": "Seq Scan","Parent Relationship": "Outer","Parallel Aware": false,"Async Capable": false,"Relation Name": "region","Alias": "region","Startup Cost": 0.00,"Total Cost": 1.06,"Plan Rows": 1,"Plan Width": 4,"Actual Startup Time": 0.044,"Actual Total Time": 0.048,"Actual Rows": 1,"Actual Loops": 3,"Filter": "(r_name = 'AFRICA'::bpchar)","Rows Removed by Filter": 4,"Workers": []}]}]}]}]},{"Node Type": "Index Scan","Parent Relationship": "Inner","Parallel Aware": false,"Async Capable": false,"Scan Direction": "Forward","Index Name": "idx_orders_custkey","Relation Name": "orders","Alias": "orders","Startup Cost": 0.43,"Total Cost": 1.55,"Plan Rows": 3,"Plan Width": 8,"Actual Startup Time": 0.018,"Actual Total Time": 0.041,"Actual Rows": 2,"Actual Loops": 29764,"Index Cond": "(o_custkey = customer.c_custkey)","Rows Removed by Index Recheck": 0,"Filter": "((o_orderdate >= '1994-01-01'::date) AND (o_orderdate < '1995-01-01 00:00:00'::timestamp without time zone))","Rows Removed by Filter": 9,"Workers": []}]},{"Node Type": "Index Scan","Parent Relationship": "Inner","Parallel Aware": false,"Async Capable": false,"Scan Direction": "Forward","Index Name": "idx_lineitem_orderkey","Relation Name": "lineitem","Alias": "lineitem","Startup Cost": 0.43,"Total Cost": 2.84,"Plan Rows": 17,"Plan Width": 20,"Actual Startup Time": 0.017,"Actual Total Time": 0.019,"Actual Rows": 4,"Actual Loops": 45152,"Index Cond": "(l_orderkey = orders.o_orderkey)","Rows Removed by Index Recheck": 0,"Workers": []}]},{"Node Type": "Hash","Parent Relationship": "Inner","Parallel Aware": false,"Async Capable": false,"Startup Cost": 322.00,"Total Cost": 322.00,"Plan Rows": 10000,"Plan Width": 8,"Actual Startup Time": 11.376,"Actual Total Time": 11.381,"Actual Rows": 10000,"Actual Loops": 3,"Hash Buckets": 16384,"Original Hash Buckets": 16384,"Hash Batches": 1,"Original Hash Batches": 1,"Peak Memory Usage": 519,"Workers": [],"Plans": [{"Node Type": "Seq Scan","Parent Relationship": "Outer","Parallel Aware": false,"Async Capable": false,"Relation Name": "supplier","Alias": "supplier","Startup Cost": 0.00,"Total Cost": 322.00,"Plan Rows": 10000,"Plan Width": 8,"Actual Startup Time": 0.042,"Actual Total Time": 9.565,"Actual Rows": 10000,"Actual Loops": 3,"Workers": []}]}]}]}]}]}]}]},"Planning Time": 10.751,"Triggers": [],"Execution Time": 859.508}]
[{"Plan": {"Node Type": "Sort","Parallel Aware": false,"Async Capable": false,"Startup Cost": 21616.39,"Total Cost": 21616.45,"Plan Rows": 25,"Plan Width": 136,"Actual Startup Time": 800.578,"Actual Total Time": 832.005,"Actual Rows": 5,"Actual Loops": 1,"Sort Key": ["(sum((lineitem.l_extendedprice * ('1'::numeric - lineitem.l_discount)))) DESC"],"Sort Method": "quicksort","Sort Space Used": 25,"Sort Space Type": "Memory","Plans": [{"Node Type": "Aggregate","Strategy": "Sorted","Partial Mode": "Finalize","Parent Relationship": "Outer","Parallel Aware": false,"Async Capable": false,"Startup Cost": 21601.33,"Total Cost": 21615.81,"Plan Rows": 25,"Plan Width": 136,"Actual Startup Time": 800.055,"Actual Total Time": 831.951,"Actual Rows": 5,"Actual Loops": 1,"Group Key": ["nation.n_name"],"Plans": [{"Node Type": "Gather Merge","Parent Relationship": "Outer","Parallel Aware": false,"Async Capable": false,"Startup Cost": 21601.33,"Total Cost": 21615.12,"Plan Rows": 50,"Plan Width": 136,"Actual Startup Time": 799.526,"Actual Total Time": 831.902,"Actual Rows": 15,"Actual Loops": 1,"Workers Planned": 2,"Workers Launched": 2,"Plans": [{"Node Type": "Aggregate","Strategy": "Sorted","Partial Mode": "Partial","Parent Relationship": "Outer","Parallel Aware": false,"Async Capable": false,"Startup Cost": 20601.30,"Total Cost": 20609.33,"Plan Rows": 25,"Plan Width": 136,"Actual Startup Time": 791.250,"Actual Total Time": 792.033,"Actual Rows": 5,"Actual Loops": 3,"Group Key": ["nation.n_name"],"Workers": [],"Plans": [{"Node Type": "Sort","Parent Relationship": "Outer","Parallel Aware": false,"Async Capable": false,"Startup Cost": 20601.30,"Total Cost": 20602.85,"Plan Rows": 617,"Plan Width": 116,"Actual Startup Time": 791.028,"Actual Total Time": 791.162,"Actual Rows": 2347,"Actual Loops": 3,"Sort Key": ["nation.n_name"],"Sort Method": "quicksort","Sort Space Used": 275,"Sort Space Type": "Memory","Workers": [{"Worker Number": 0,"Sort Method": "quicksort","Sort Space Used": 280,"Sort Space Type": "Memory"},{"Worker Number": 1,"Sort Method": "quicksort","Sort Space Used": 284,"Sort Space Type": "Memory"}],"Plans": [{"Node Type": "Hash Join","Parent Relationship": "Outer","Parallel Aware": false,"Async Capable": false,"Join Type": "Inner","Startup Cost": 475.27,"Total Cost": 20572.71,"Plan Rows": 617,"Plan Width": 116,"Actual Startup Time": 14.089,"Actual Total Time": 789.451,"Actual Rows": 2347,"Actual Loops": 3,"Inner Unique": true,"Hash Cond": "((lineitem.l_suppkey = supplier.s_suppkey) AND (customer.c_nationkey = supplier.s_nationkey))","Workers": [],"Plans": [{"Node Type": "Nested Loop","Parent Relationship": "Outer","Parallel Aware": false,"Async Capable": false,"Join Type": "Inner","Startup Cost": 3.27,"Total Cost": 20019.70,"Plan Rows": 15431,"Plan Width": 128,"Actual Startup Time": 0.813,"Actual Total Time": 745.242,"Actual Rows": 60682,"Actual Loops": 3,"Inner Unique": false,"Workers": [],"Plans": [{"Node Type": "Nested Loop","Parent Relationship": "Outer","Parallel Aware": false,"Async Capable": false,"Join Type": "Inner","Startup Cost": 2.84,"Total Cost": 8414.26,"Plan Rows": 3857,"Plan Width": 116,"Actual Startup Time": 0.648,"Actual Total Time": 445.539,"Actual Rows": 15117,"Actual Loops": 3,"Inner Unique": false,"Workers": [],"Plans": [{"Node Type": "Hash Join","Parent Relationship": "Outer","Parallel Aware": false,"Async Capable": false,"Join Type": "Inner","Startup Cost": 2.41,"Total Cost": 4471.79,"Plan Rows": 2500,"Plan Width": 116,"Actual Startup Time": 0.286,"Actual Total Time": 54.286,"Actual Rows": 9921,"Actual Loops": 3,"Inner Unique": false,"Hash Cond": "(customer.c_nationkey = nation.n_nationkey)","Workers": [],"Plans": [{"Node Type": "Seq Scan","Parent Relationship": "Outer","Parallel Aware": true,"Async Capable": false,"Relation Name": "customer","Alias": "customer","Startup Cost": 0.00,"Total Cost": 4210.00,"Plan Rows": 62500,"Plan Width": 8,"Actual Startup Time": 0.020,"Actual Total Time": 9.492,"Actual Rows": 50000,"Actual Loops": 3,"Workers": []},{"Node Type": "Hash","Parent Relationship": "Inner","Parallel Aware": false,"Async Capable": false,"Startup Cost": 2.40,"Total Cost": 2.40,"Plan Rows": 1,"Plan Width": 108,"Actual Startup Time": 0.159,"Actual Total Time": 0.178,"Actual Rows": 5,"Actual Loops": 3,"Hash Buckets": 1024,"Original Hash Buckets": 1024,"Hash Batches": 1,"Original Hash Batches": 1,"Peak Memory Usage": 9,"Workers": [],"Plans": [{"Node Type": "Hash Join","Parent Relationship": "Outer","Parallel Aware": false,"Async Capable": false,"Join Type": "Inner","Startup Cost": 1.07,"Total Cost": 2.40,"Plan Rows": 1,"Plan Width": 108,"Actual Startup Time": 0.141,"Actual Total Time": 0.166,"Actual Rows": 5,"Actual Loops": 3,"Inner Unique": true,"Hash Cond": "(nation.n_regionkey = region.r_regionkey)","Workers": [],"Plans": [{"Node Type": "Seq Scan","Parent Relationship": "Outer","Parallel Aware": false,"Async Capable": false,"Relation Name": "nation","Alias": "nation","Startup Cost": 0.00,"Total Cost": 1.25,"Plan Rows": 25,"Plan Width": 112,"Actual Startup Time": 0.054,"Actual Total Time": 0.058,"Actual Rows": 25,"Actual Loops": 3,"Workers": []},{"Node Type": "Hash","Parent Relationship": "Inner","Parallel Aware": false,"Async Capable": false,"Startup Cost": 1.06,"Total Cost": 1.06,"Plan Rows": 1,"Plan Width": 4,"Actual Startup Time": 0.057,"Actual Total Time": 0.062,"Actual Rows": 1,"Actual Loops": 3,"Hash Buckets": 1024,"Original Hash Buckets": 1024,"Hash Batches": 1,"Original Hash Batches": 1,"Peak Memory Usage": 9,"Workers": [],"Plans": [{"Node Type": "Seq Scan","Parent Relationship": "Outer","Parallel Aware": false,"Async Capable": false,"Relation Name": "region","Alias": "region","Startup Cost": 0.00,"Total Cost": 1.06,"Plan Rows": 1,"Plan Width": 4,"Actual Startup Time": 0.040,"Actual Total Time": 0.042,"Actual Rows": 1,"Actual Loops": 3,"Filter": "(r_name = 'AFRICA'::bpchar)","Rows Removed by Filter": 4,"Workers": []}]}]}]}]},{"Node Type": "Index Scan","Parent Relationship": "Inner","Parallel Aware": false,"Async Capable": false,"Scan Direction": "Forward","Index Name": "idx_orders_custkey","Relation Name": "orders","Alias": "orders","Startup Cost": 0.43,"Total Cost": 1.55,"Plan Rows": 3,"Plan Width": 8,"Actual Startup Time": 0.017,"Actual Total Time": 0.039,"Actual Rows": 2,"Actual Loops": 29764,"Index Cond": "(o_custkey = customer.c_custkey)","Rows Removed by Index Recheck": 0,"Filter": "((o_orderdate >= '1996-01-01'::date) AND (o_orderdate < '1997-01-01 00:00:00'::timestamp without time zone))","Rows Removed by Filter": 9,"Workers": []}]},{"Node Type": "Index Scan","Parent Relationship": "Inner","Parallel Aware": false,"Async Capable": false,"Scan Direction": "Forward","Index Name": "idx_lineitem_orderkey","Relation Name": "lineitem","Alias": "lineitem","Startup Cost": 0.43,"Total Cost": 2.84,"Plan Rows": 17,"Plan Width": 20,"Actual Startup Time": 0.016,"Actual Total Time": 0.019,"Actual Rows": 4,"Actual Loops": 45352,"Index Cond": "(l_orderkey = orders.o_orderkey)","Rows Removed by Index Recheck": 0,"Workers": []}]},{"Node Type": "Hash","Parent Relationship": "Inner","Parallel Aware": false,"Async Capable": false,"Startup Cost": 322.00,"Total Cost": 322.00,"Plan Rows": 10000,"Plan Width": 8,"Actual Startup Time": 12.144,"Actual Total Time": 12.150,"Actual Rows": 10000,"Actual Loops": 3,"Hash Buckets": 16384,"Original Hash Buckets": 16384,"Hash Batches": 1,"Original Hash Batches": 1,"Peak Memory Usage": 519,"Workers": [],"Plans": [{"Node Type": "Seq Scan","Parent Relationship": "Outer","Parallel Aware": false,"Async Capable": false,"Relation Name": "supplier","Alias": "supplier","Startup Cost": 0.00,"Total Cost": 322.00,"Plan Rows": 10000,"Plan Width": 8,"Actual Startup Time": 0.040,"Actual Total Time": 10.535,"Actual Rows": 10000,"Actual Loops": 3,"Workers": []}]}]}]}]}]}]}]},"Planning Time": 10.511,"Triggers": [],"Execution Time": 832.422}]
[{"Plan": {"Node Type": "Sort","Parallel Aware": false,"Async Capable": false,"Startup Cost": 21612.43,"Total Cost": 21612.50,"Plan Rows": 25,"Plan Width": 136,"Actual Startup Time": 812.208,"Actual Total Time": 844.906,"Actual Rows": 5,"Actual Loops": 1,"Sort Key": ["(sum((lineitem.l_extendedprice * ('1'::numeric - lineitem.l_discount)))) DESC"],"Sort Method": "quicksort","Sort Space Used": 25,"Sort Space Type": "Memory","Plans": [{"Node Type": "Aggregate","Strategy": "Sorted","Partial Mode": "Finalize","Parent Relationship": "Outer","Parallel Aware": false,"Async Capable": false,"Startup Cost": 21597.38,"Total Cost": 21611.85,"Plan Rows": 25,"Plan Width": 136,"Actual Startup Time": 811.577,"Actual Total Time": 844.848,"Actual Rows": 5,"Actual Loops": 1,"Group Key": ["nation.n_name"],"Plans": [{"Node Type": "Gather Merge","Parent Relationship": "Outer","Parallel Aware": false,"Async Capable": false,"Startup Cost": 21597.38,"Total Cost": 21611.17,"Plan Rows": 50,"Plan Width": 136,"Actual Startup Time": 811.381,"Actual Total Time": 844.798,"Actual Rows": 15,"Actual Loops": 1,"Workers Planned": 2,"Workers Launched": 2,"Plans": [{"Node Type": "Aggregate","Strategy": "Sorted","Partial Mode": "Partial","Parent Relationship": "Outer","Parallel Aware": false,"Async Capable": false,"Startup Cost": 20597.36,"Total Cost": 20605.37,"Plan Rows": 25,"Plan Width": 136,"Actual Startup Time": 803.972,"Actual Total Time": 804.698,"Actual Rows": 5,"Actual Loops": 3,"Group Key": ["nation.n_name"],"Workers": [],"Plans": [{"Node Type": "Sort","Parent Relationship": "Outer","Parallel Aware": false,"Async Capable": false,"Startup Cost": 20597.36,"Total Cost": 20598.90,"Plan Rows": 616,"Plan Width": 116,"Actual Startup Time": 803.767,"Actual Total Time": 803.896,"Actual Rows": 2458,"Actual Loops": 3,"Sort Key": ["nation.n_name"],"Sort Method": "quicksort","Sort Space Used": 292,"Sort Space Type": "Memory","Workers": [{"Worker Number": 0,"Sort Method": "quicksort","Sort Space Used": 287,"Sort Space Type": "Memory"},{"Worker Number": 1,"Sort Method": "quicksort","Sort Space Used": 286,"Sort Space Type": "Memory"}],"Plans": [{"Node Type": "Hash Join","Parent Relationship": "Outer","Parallel Aware": false,"Async Capable": false,"Join Type": "Inner","Startup Cost": 475.27,"Total Cost": 20568.82,"Plan Rows": 616,"Plan Width": 116,"Actual Startup Time": 9.755,"Actual Total Time": 802.240,"Actual Rows": 2458,"Actual Loops": 3,"Inner Unique": true,"Hash Cond": "((lineitem.l_suppkey = supplier.s_suppkey) AND (customer.c_nationkey = supplier.s_nationkey))","Workers": [],"Plans": [{"Node Type": "Nested Loop","Parent Relationship": "Outer","Parallel Aware": false,"Async Capable": false,"Join Type": "Inner","Startup Cost": 3.27,"Total Cost": 20015.89,"Plan Rows": 15415,"Plan Width": 128,"Actual Startup Time": 0.708,"Actual Total Time": 760.379,"Actual Rows": 60417,"Actual Loops": 3,"Inner Unique": false,"Workers": [],"Plans": [{"Node Type": "Nested Loop","Parent Relationship": "Outer","Parallel Aware": false,"Async Capable": false,"Join Type": "Inner","Startup Cost": 2.84,"Total Cost": 8414.26,"Plan Rows": 3853,"Plan Width": 116,"Actual Startup Time": 0.563,"Actual Total Time": 454.038,"Actual Rows": 15112,"Actual Loops": 3,"Inner Unique": false,"Workers": [],"Plans": [{"Node Type": "Hash Join","Parent Relationship": "Outer","Parallel Aware": false,"Async Capable": false,"Join Type": "Inner","Startup Cost": 2.41,"Total Cost": 4471.79,"Plan Rows": 2500,"Plan Width": 116,"Actual Startup Time": 0.264,"Actual Total Time": 54.641,"Actual Rows": 9984,"Actual Loops": 3,"Inner Unique": false,"Hash Cond": "(customer.c_nationkey = nation.n_nationkey)","Workers": [],"Plans": [{"Node Type": "Seq Scan","Parent Relationship": "Outer","Parallel Aware": true,"Async Capable": false,"Relation Name": "customer","Alias": "customer","Startup Cost": 0.00,"Total Cost": 4210.00,"Plan Rows": 62500,"Plan Width": 8,"Actual Startup Time": 0.019,"Actual Total Time": 9.602,"Actual Rows": 50000,"Actual Loops": 3,"Workers": []},{"Node Type": "Hash","Parent Relationship": "Inner","Parallel Aware": false,"Async Capable": false,"Startup Cost": 2.40,"Total Cost": 2.40,"Plan Rows": 1,"Plan Width": 108,"Actual Startup Time": 0.143,"Actual Total Time": 0.163,"Actual Rows": 5,"Actual Loops": 3,"Hash Buckets": 1024,"Original Hash Buckets": 1024,"Hash Batches": 1,"Original Hash Batches": 1,"Peak Memory Usage": 9,"Workers": [],"Plans": [{"Node Type": "Hash Join","Parent Relationship": "Outer","Parallel Aware": false,"Async Capable": false,"Join Type": "Inner","Startup Cost": 1.07,"Total Cost": 2.40,"Plan Rows": 1,"Plan Width": 108,"Actual Startup Time": 0.129,"Actual Total Time": 0.153,"Actual Rows": 5,"Actual Loops": 3,"Inner Unique": true,"Hash Cond": "(nation.n_regionkey = region.r_regionkey)","Workers": [],"Plans": [{"Node Type": "Seq Scan","Parent Relationship": "Outer","Parallel Aware": false,"Async Capable": false,"Relation Name": "nation","Alias": "nation","Startup Cost": 0.00,"Total Cost": 1.25,"Plan Rows": 25,"Plan Width": 112,"Actual Startup Time": 0.046,"Actual Total Time": 0.051,"Actual Rows": 25,"Actual Loops": 3,"Workers": []},{"Node Type": "Hash","Parent Relationship": "Inner","Parallel Aware": false,"Async Capable": false,"Startup Cost": 1.06,"Total Cost": 1.06,"Plan Rows": 1,"Plan Width": 4,"Actual Startup Time": 0.053,"Actual Total Time": 0.059,"Actual Rows": 1,"Actual Loops": 3,"Hash Buckets": 1024,"Original Hash Buckets": 1024,"Hash Batches": 1,"Original Hash Batches": 1,"Peak Memory Usage": 9,"Workers": [],"Plans": [{"Node Type": "Seq Scan","Parent Relationship": "Outer","Parallel Aware": false,"Async Capable": false,"Relation Name": "region","Alias": "region","Startup Cost": 0.00,"Total Cost": 1.06,"Plan Rows": 1,"Plan Width": 4,"Actual Startup Time": 0.038,"Actual Total Time": 0.040,"Actual Rows": 1,"Actual Loops": 3,"Filter": "(r_name = 'AMERICA'::bpchar)","Rows Removed by Filter": 4,"Workers": []}]}]}]}]},{"Node Type": "Index Scan","Parent Relationship": "Inner","Parallel Aware": false,"Async Capable": false,"Scan Direction": "Forward","Index Name": "idx_orders_custkey","Relation Name": "orders","Alias": "orders","Startup Cost": 0.43,"Total Cost": 1.55,"Plan Rows": 3,"Plan Width": 8,"Actual Startup Time": 0.017,"Actual Total Time": 0.040,"Actual Rows": 2,"Actual Loops": 29952,"Index Cond": "(o_custkey = customer.c_custkey)","Rows Removed by Index Recheck": 0,"Filter": "((o_orderdate >= '1994-01-01'::date) AND (o_orderdate < '1995-01-01 00:00:00'::timestamp without time zone))","Rows Removed by Filter": 8,"Workers": []}]},{"Node Type": "Index Scan","Parent Relationship": "Inner","Parallel Aware": false,"Async Capable": false,"Scan Direction": "Forward","Index Name": "idx_lineitem_orderkey","Relation Name": "lineitem","Alias": "lineitem","Startup Cost": 0.43,"Total Cost": 2.84,"Plan Rows": 17,"Plan Width": 20,"Actual Startup Time": 0.017,"Actual Total Time": 0.020,"Actual Rows": 4,"Actual Loops": 45335,"Index Cond": "(l_orderkey = orders.o_orderkey)","Rows Removed by Index Recheck": 0,"Workers": []}]},{"Node Type": "Hash","Parent Relationship": "Inner","Parallel Aware": false,"Async Capable": false,"Startup Cost": 322.00,"Total Cost": 322.00,"Plan Rows": 10000,"Plan Width": 8,"Actual Startup Time": 8.509,"Actual Total Time": 8.512,"Actual Rows": 10000,"Actual Loops": 3,"Hash Buckets": 16384,"Original Hash Buckets": 16384,"Hash Batches": 1,"Original Hash Batches": 1,"Peak Memory Usage": 519,"Workers": [],"Plans": [{"Node Type": "Seq Scan","Parent Relationship": "Outer","Parallel Aware": false,"Async Capable": false,"Relation Name": "supplier","Alias": "supplier","Startup Cost": 0.00,"Total Cost": 322.00,"Plan Rows": 10000,"Plan Width": 8,"Actual Startup Time": 0.036,"Actual Total Time": 6.673,"Actual Rows": 10000,"Actual Loops": 3,"Workers": []}]}]}]}]}]}]}]},"Planning Time": 10.649,"Triggers": [],"Execution Time": 845.482}]
[{"Plan": {"Node Type": "Sort","Parallel Aware": false,"Async Capable": false,"Startup Cost": 21565.24,"Total Cost": 21565.30,"Plan Rows": 25,"Plan Width": 136,"Actual Startup Time": 829.883,"Actual Total Time": 862.581,"Actual Rows": 5,"Actual Loops": 1,"Sort Key": ["(sum((lineitem.l_extendedprice * ('1'::numeric - lineitem.l_discount)))) DESC"],"Sort Method": "quicksort","Sort Space Used": 25,"Sort Space Type": "Memory","Plans": [{"Node Type": "Aggregate","Strategy": "Sorted","Partial Mode": "Finalize","Parent Relationship": "Outer","Parallel Aware": false,"Async Capable": false,"Startup Cost": 21550.29,"Total Cost": 21564.66,"Plan Rows": 25,"Plan Width": 136,"Actual Startup Time": 829.271,"Actual Total Time": 862.532,"Actual Rows": 5,"Actual Loops": 1,"Group Key": ["nation.n_name"],"Plans": [{"Node Type": "Gather Merge","Parent Relationship": "Outer","Parallel Aware": false,"Async Capable": false,"Startup Cost": 21550.29,"Total Cost": 21563.97,"Plan Rows": 50,"Plan Width": 136,"Actual Startup Time": 829.074,"Actual Total Time": 862.478,"Actual Rows": 15,"Actual Loops": 1,"Workers Planned": 2,"Workers Launched": 2,"Plans": [{"Node Type": "Aggregate","Strategy": "Sorted","Partial Mode": "Partial","Parent Relationship": "Outer","Parallel Aware": false,"Async Capable": false,"Startup Cost": 20550.26,"Total Cost": 20558.18,"Plan Rows": 25,"Plan Width": 136,"Actual Startup Time": 821.816,"Actual Total Time": 822.538,"Actual Rows": 5,"Actual Loops": 3,"Group Key": ["nation.n_name"],"Workers": [],"Plans": [{"Node Type": "Sort","Parent Relationship": "Outer","Parallel Aware": false,"Async Capable": false,"Startup Cost": 20550.26,"Total Cost": 20551.78,"Plan Rows": 608,"Plan Width": 116,"Actual Startup Time": 821.604,"Actual Total Time": 821.730,"Actual Rows": 2468,"Actual Loops": 3,"Sort Key": ["nation.n_name"],"Sort Method": "quicksort","Sort Space Used": 285,"Sort Space Type": "Memory","Workers": [{"Worker Number": 0,"Sort Method": "quicksort","Sort Space Used": 293,"Sort Space Type": "Memory"},{"Worker Number": 1,"Sort Method": "quicksort","Sort Space Used": 290,"Sort Space Type": "Memory"}],"Plans": [{"Node Type": "Hash Join","Parent Relationship": "Outer","Parallel Aware": false,"Async Capable": false,"Join Type": "Inner","Startup Cost": 475.27,"Total Cost": 20522.15,"Plan Rows": 608,"Plan Width": 116,"Actual Startup Time": 10.349,"Actual Total Time": 819.988,"Actual Rows": 2468,"Actual Loops": 3,"Inner Unique": true,"Hash Cond": "((lineitem.l_suppkey = supplier.s_suppkey) AND (customer.c_nationkey = supplier.s_nationkey))","Workers": [],"Plans": [{"Node Type": "Nested Loop","Parent Relationship": "Outer","Parallel Aware": false,"Async Capable": false,"Join Type": "Inner","Startup Cost": 3.27,"Total Cost": 19970.29,"Plan Rows": 15211,"Plan Width": 128,"Actual Startup Time": 0.787,"Actual Total Time": 773.951,"Actual Rows": 61461,"Actual Loops": 3,"Inner Unique": false,"Workers": [],"Plans": [{"Node Type": "Nested Loop","Parent Relationship": "Outer","Parallel Aware": false,"Async Capable": false,"Join Type": "Inner","Startup Cost": 2.84,"Total Cost": 8414.26,"Plan Rows": 3802,"Plan Width": 116,"Actual Startup Time": 0.651,"Actual Total Time": 459.932,"Actual Rows": 15399,"Actual Loops": 3,"Inner Unique": false,"Workers": [],"Plans": [{"Node Type": "Hash Join","Parent Relationship": "Outer","Parallel Aware": false,"Async Capable": false,"Join Type": "Inner","Startup Cost": 2.41,"Total Cost": 4471.79,"Plan Rows": 2500,"Plan Width": 116,"Actual Startup Time": 0.245,"Actual Total Time": 55.063,"Actual Rows": 10066,"Actual Loops": 3,"Inner Unique": false,"Hash Cond": "(customer.c_nationkey = nation.n_nationkey)","Workers": [],"Plans": [{"Node Type": "Seq Scan","Parent Relationship": "Outer","Parallel Aware": true,"Async Capable": false,"Relation Name": "customer","Alias": "customer","Startup Cost": 0.00,"Total Cost": 4210.00,"Plan Rows": 62500,"Plan Width": 8,"Actual Startup Time": 0.014,"Actual Total Time": 9.571,"Actual Rows": 50000,"Actual Loops": 3,"Workers": []},{"Node Type": "Hash","Parent Relationship": "Inner","Parallel Aware": false,"Async Capable": false,"Startup Cost": 2.40,"Total Cost": 2.40,"Plan Rows": 1,"Plan Width": 108,"Actual Startup Time": 0.139,"Actual Total Time": 0.155,"Actual Rows": 5,"Actual Loops": 3,"Hash Buckets": 1024,"Original Hash Buckets": 1024,"Hash Batches": 1,"Original Hash Batches": 1,"Peak Memory Usage": 9,"Workers": [],"Plans": [{"Node Type": "Hash Join","Parent Relationship": "Outer","Parallel Aware": false,"Async Capable": false,"Join Type": "Inner","Startup Cost": 1.07,"Total Cost": 2.40,"Plan Rows": 1,"Plan Width": 108,"Actual Startup Time": 0.126,"Actual Total Time": 0.145,"Actual Rows": 5,"Actual Loops": 3,"Inner Unique": true,"Hash Cond": "(nation.n_regionkey = region.r_regionkey)","Workers": [],"Plans": [{"Node Type": "Seq Scan","Parent Relationship": "Outer","Parallel Aware": false,"Async Capable": false,"Relation Name": "nation","Alias": "nation","Startup Cost": 0.00,"Total Cost": 1.25,"Plan Rows": 25,"Plan Width": 112,"Actual Startup Time": 0.043,"Actual Total Time": 0.047,"Actual Rows": 25,"Actual Loops": 3,"Workers": []},{"Node Type": "Hash","Parent Relationship": "Inner","Parallel Aware": false,"Async Capable": false,"Startup Cost": 1.06,"Total Cost": 1.06,"Plan Rows": 1,"Plan Width": 4,"Actual Startup Time": 0.051,"Actual Total Time": 0.056,"Actual Rows": 1,"Actual Loops": 3,"Hash Buckets": 1024,"Original Hash Buckets": 1024,"Hash Batches": 1,"Original Hash Batches": 1,"Peak Memory Usage": 9,"Workers": [],"Plans": [{"Node Type": "Seq Scan","Parent Relationship": "Outer","Parallel Aware": false,"Async Capable": false,"Relation Name": "region","Alias": "region","Startup Cost": 0.00,"Total Cost": 1.06,"Plan Rows": 1,"Plan Width": 4,"Actual Startup Time": 0.037,"Actual Total Time": 0.039,"Actual Rows": 1,"Actual Loops": 3,"Filter": "(r_name = 'EUROPE'::bpchar)","Rows Removed by Filter": 4,"Workers": []}]}]}]}]},{"Node Type": "Index Scan","Parent Relationship": "Inner","Parallel Aware": false,"Async Capable": false,"Scan Direction": "Forward","Index Name": "idx_orders_custkey","Relation Name": "orders","Alias": "orders","Startup Cost": 0.43,"Total Cost": 1.55,"Plan Rows": 3,"Plan Width": 8,"Actual Startup Time": 0.017,"Actual Total Time": 0.040,"Actual Rows": 2,"Actual Loops": 30197,"Index Cond": "(o_custkey = customer.c_custkey)","Rows Removed by Index Recheck": 0,"Filter": "((o_orderdate >= '1995-01-01'::date) AND (o_orderdate < '1996-01-01 00:00:00'::timestamp without time zone))","Rows Removed by Filter": 9,"Workers": []}]},{"Node Type": "Index Scan","Parent Relationship": "Inner","Parallel Aware": false,"Async Capable": false,"Scan Direction": "Forward","Index Name": "idx_lineitem_orderkey","Relation Name": "lineitem","Alias": "lineitem","Startup Cost": 0.43,"Total Cost": 2.87,"Plan Rows": 17,"Plan Width": 20,"Actual Startup Time": 0.017,"Actual Total Time": 0.020,"Actual Rows": 4,"Actual Loops": 46197,"Index Cond": "(l_orderkey = orders.o_orderkey)","Rows Removed by Index Recheck": 0,"Workers": []}]},{"Node Type": "Hash","Parent Relationship": "Inner","Parallel Aware": false,"Async Capable": false,"Startup Cost": 322.00,"Total Cost": 322.00,"Plan Rows": 10000,"Plan Width": 8,"Actual Startup Time": 8.644,"Actual Total Time": 8.648,"Actual Rows": 10000,"Actual Loops": 3,"Hash Buckets": 16384,"Original Hash Buckets": 16384,"Hash Batches": 1,"Original Hash Batches": 1,"Peak Memory Usage": 519,"Workers": [],"Plans": [{"Node Type": "Seq Scan","Parent Relationship": "Outer","Parallel Aware": false,"Async Capable": false,"Relation Name": "supplier","Alias": "supplier","Startup Cost": 0.00,"Total Cost": 322.00,"Plan Rows": 10000,"Plan Width": 8,"Actual Startup Time": 0.045,"Actual Total Time": 6.681,"Actual Rows": 10000,"Actual Loops": 3,"Workers": []}]}]}]}]}]}]}]},"Planning Time": 10.340,"Triggers": [],"Execution Time": 863.182}]
[{"Plan": {"Node Type": "Sort","Parallel Aware": false,"Async Capable": false,"Startup Cost": 21612.43,"Total Cost": 21612.50,"Plan Rows": 25,"Plan Width": 136,"Actual Startup Time": 832.616,"Actual Total Time": 862.680,"Actual Rows": 5,"Actual Loops": 1,"Sort Key": ["(sum((lineitem.l_extendedprice * ('1'::numeric - lineitem.l_discount)))) DESC"],"Sort Method": "quicksort","Sort Space Used": 25,"Sort Space Type": "Memory","Plans": [{"Node Type": "Aggregate","Strategy": "Sorted","Partial Mode": "Finalize","Parent Relationship": "Outer","Parallel Aware": false,"Async Capable": false,"Startup Cost": 21597.38,"Total Cost": 21611.85,"Plan Rows": 25,"Plan Width": 136,"Actual Startup Time": 832.009,"Actual Total Time": 862.637,"Actual Rows": 5,"Actual Loops": 1,"Group Key": ["nation.n_name"],"Plans": [{"Node Type": "Gather Merge","Parent Relationship": "Outer","Parallel Aware": false,"Async Capable": false,"Startup Cost": 21597.38,"Total Cost": 21611.17,"Plan Rows": 50,"Plan Width": 136,"Actual Startup Time": 831.804,"Actual Total Time": 862.590,"Actual Rows": 15,"Actual Loops": 1,"Workers Planned": 2,"Workers Launched": 2,"Plans": [{"Node Type": "Aggregate","Strategy": "Sorted","Partial Mode": "Partial","Parent Relationship": "Outer","Parallel Aware": false,"Async Capable": false,"Startup Cost": 20597.36,"Total Cost": 20605.37,"Plan Rows": 25,"Plan Width": 136,"Actual Startup Time": 824.333,"Actual Total Time": 825.038,"Actual Rows": 5,"Actual Loops": 3,"Group Key": ["nation.n_name"],"Workers": [],"Plans": [{"Node Type": "Sort","Parent Relationship": "Outer","Parallel Aware": false,"Async Capable": false,"Startup Cost": 20597.36,"Total Cost": 20598.90,"Plan Rows": 616,"Plan Width": 116,"Actual Startup Time": 824.137,"Actual Total Time": 824.256,"Actual Rows": 2417,"Actual Loops": 3,"Sort Key": ["nation.n_name"],"Sort Method": "quicksort","Sort Space Used": 288,"Sort Space Type": "Memory","Workers": [{"Worker Number": 0,"Sort Method": "quicksort","Sort Space Used": 280,"Sort Space Type": "Memory"},{"Worker Number": 1,"Sort Method": "quicksort","Sort Space Used": 288,"Sort Space Type": "Memory"}],"Plans": [{"Node Type": "Hash Join","Parent Relationship": "Outer","Parallel Aware": false,"Async Capable": false,"Join Type": "Inner","Startup Cost": 475.27,"Total Cost": 20568.82,"Plan Rows": 616,"Plan Width": 116,"Actual Startup Time": 12.703,"Actual Total Time": 822.671,"Actual Rows": 2417,"Actual Loops": 3,"Inner Unique": true,"Hash Cond": "((lineitem.l_suppkey = supplier.s_suppkey) AND (customer.c_nationkey = supplier.s_nationkey))","Workers": [],"Plans": [{"Node Type": "Nested Loop","Parent Relationship": "Outer","Parallel Aware": false,"Async Capable": false,"Join Type": "Inner","Startup Cost": 3.27,"Total Cost": 20015.89,"Plan Rows": 15415,"Plan Width": 128,"Actual Startup Time": 0.571,"Actual Total Time": 776.984,"Actual Rows": 59997,"Actual Loops": 3,"Inner Unique": false,"Workers": [],"Plans": [{"Node Type": "Nested Loop","Parent Relationship": "Outer","Parallel Aware": false,"Async Capable": false,"Join Type": "Inner","Startup Cost": 2.84,"Total Cost": 8414.26,"Plan Rows": 3853,"Plan Width": 116,"Actual Startup Time": 0.454,"Actual Total Time": 470.088,"Actual Rows": 15003,"Actual Loops": 3,"Inner Unique": false,"Workers": [],"Plans": [{"Node Type": "Hash Join","Parent Relationship": "Outer","Parallel Aware": false,"Async Capable": false,"Join Type": "Inner","Startup Cost": 2.41,"Total Cost": 4471.79,"Plan Rows": 2500,"Plan Width": 116,"Actual Startup Time": 0.227,"Actual Total Time": 60.370,"Actual Rows": 9968,"Actual Loops": 3,"Inner Unique": false,"Hash Cond": "(customer.c_nationkey = nation.n_nationkey)","Workers": [],"Plans": [{"Node Type": "Seq Scan","Parent Relationship": "Outer","Parallel Aware": true,"Async Capable": false,"Relation Name": "customer","Alias": "customer","Startup Cost": 0.00,"Total Cost": 4210.00,"Plan Rows": 62500,"Plan Width": 8,"Actual Startup Time": 0.013,"Actual Total Time": 10.099,"Actual Rows": 50000,"Actual Loops": 3,"Workers": []},{"Node Type": "Hash","Parent Relationship": "Inner","Parallel Aware": false,"Async Capable": false,"Startup Cost": 2.40,"Total Cost": 2.40,"Plan Rows": 1,"Plan Width": 108,"Actual Startup Time": 0.138,"Actual Total Time": 0.150,"Actual Rows": 5,"Actual Loops": 3,"Hash Buckets": 1024,"Original Hash Buckets": 1024,"Hash Batches": 1,"Original Hash Batches": 1,"Peak Memory Usage": 9,"Workers": [],"Plans": [{"Node Type": "Hash Join","Parent Relationship": "Outer","Parallel Aware": false,"Async Capable": false,"Join Type": "Inner","Startup Cost": 1.07,"Total Cost": 2.40,"Plan Rows": 1,"Plan Width": 108,"Actual Startup Time": 0.125,"Actual Total Time": 0.142,"Actual Rows": 5,"Actual Loops": 3,"Inner Unique": true,"Hash Cond": "(nation.n_regionkey = region.r_regionkey)","Workers": [],"Plans": [{"Node Type": "Seq Scan","Parent Relationship": "Outer","Parallel Aware": false,"Async Capable": false,"Relation Name": "nation","Alias": "nation","Startup Cost": 0.00,"Total Cost": 1.25,"Plan Rows": 25,"Plan Width": 112,"Actual Startup Time": 0.044,"Actual Total Time": 0.047,"Actual Rows": 25,"Actual Loops": 3,"Workers": []},{"Node Type": "Hash","Parent Relationship": "Inner","Parallel Aware": false,"Async Capable": false,"Startup Cost": 1.06,"Total Cost": 1.06,"Plan Rows": 1,"Plan Width": 4,"Actual Startup Time": 0.054,"Actual Total Time": 0.057,"Actual Rows": 1,"Actual Loops": 3,"Hash Buckets": 1024,"Original Hash Buckets": 1024,"Hash Batches": 1,"Original Hash Batches": 1,"Peak Memory Usage": 9,"Workers": [],"Plans": [{"Node Type": "Seq Scan","Parent Relationship": "Outer","Parallel Aware": false,"Async Capable": false,"Relation Name": "region","Alias": "region","Startup Cost": 0.00,"Total Cost": 1.06,"Plan Rows": 1,"Plan Width": 4,"Actual Startup Time": 0.039,"Actual Total Time": 0.040,"Actual Rows": 1,"Actual Loops": 3,"Filter": "(r_name = 'MIDDLE EAST'::bpchar)","Rows Removed by Filter": 4,"Workers": []}]}]}]}]},{"Node Type": "Index Scan","Parent Relationship": "Inner","Parallel Aware": false,"Async Capable": false,"Scan Direction": "Forward","Index Name": "idx_orders_custkey","Relation Name": "orders","Alias": "orders","Startup Cost": 0.43,"Total Cost": 1.55,"Plan Rows": 3,"Plan Width": 8,"Actual Startup Time": 0.017,"Actual Total Time": 0.041,"Actual Rows": 2,"Actual Loops": 29904,"Index Cond": "(o_custkey = customer.c_custkey)","Rows Removed by Index Recheck": 0,"Filter": "((o_orderdate >= '1994-01-01'::date) AND (o_orderdate < '1995-01-01 00:00:00'::timestamp without time zone))","Rows Removed by Filter": 8,"Workers": []}]},{"Node Type": "Index Scan","Parent Relationship": "Inner","Parallel Aware": false,"Async Capable": false,"Scan Direction": "Forward","Index Name": "idx_lineitem_orderkey","Relation Name": "lineitem","Alias": "lineitem","Startup Cost": 0.43,"Total Cost": 2.84,"Plan Rows": 17,"Plan Width": 20,"Actual Startup Time": 0.017,"Actual Total Time": 0.020,"Actual Rows": 4,"Actual Loops": 45009,"Index Cond": "(l_orderkey = orders.o_orderkey)","Rows Removed by Index Recheck": 0,"Workers": []}]},{"Node Type": "Hash","Parent Relationship": "Inner","Parallel Aware": false,"Async Capable": false,"Startup Cost": 322.00,"Total Cost": 322.00,"Plan Rows": 10000,"Plan Width": 8,"Actual Startup Time": 11.133,"Actual Total Time": 11.135,"Actual Rows": 10000,"Actual Loops": 3,"Hash Buckets": 16384,"Original Hash Buckets": 16384,"Hash Batches": 1,"Original Hash Batches": 1,"Peak Memory Usage": 519,"Workers": [],"Plans": [{"Node Type": "Seq Scan","Parent Relationship": "Outer","Parallel Aware": false,"Async Capable": false,"Relation Name": "supplier","Alias": "supplier","Startup Cost": 0.00,"Total Cost": 322.00,"Plan Rows": 10000,"Plan Width": 8,"Actual Startup Time": 0.042,"Actual Total Time": 9.282,"Actual Rows": 10000,"Actual Loops": 3,"Workers": []}]}]}]}]}]}]}]},"Planning Time": 10.906,"Triggers": [],"Execution Time": 863.139}]
[{"Plan": {"Node Type": "Sort","Parallel Aware": false,"Async Capable": false,"Startup Cost": 21565.24,"Total Cost": 21565.30,"Plan Rows": 25,"Plan Width": 136,"Actual Startup Time": 829.883,"Actual Total Time": 862.581,"Actual Rows": 5,"Actual Loops": 1,"Sort Key": ["(sum((lineitem.l_extendedprice * ('1'::numeric - lineitem.l_discount)))) DESC"],"Sort Method": "quicksort","Sort Space Used": 25,"Sort Space Type": "Memory","Plans": [{"Node Type": "Aggregate","Strategy": "Sorted","Partial Mode": "Finalize","Parent Relationship": "Outer","Parallel Aware": false,"Async Capable": false,"Startup Cost": 21550.29,"Total Cost": 21564.66,"Plan Rows": 25,"Plan Width": 136,"Actual Startup Time": 829.271,"Actual Total Time": 862.532,"Actual Rows": 5,"Actual Loops": 1,"Group Key": ["nation.n_name"],"Plans": [{"Node Type": "Gather Merge","Parent Relationship": "Outer","Parallel Aware": false,"Async Capable": false,"Startup Cost": 21550.29,"Total Cost": 21563.97,"Plan Rows": 50,"Plan Width": 136,"Actual Startup Time": 829.074,"Actual Total Time": 862.478,"Actual Rows": 15,"Actual Loops": 1,"Workers Planned": 2,"Workers Launched": 2,"Plans": [{"Node Type": "Aggregate","Strategy": "Sorted","Partial Mode": "Partial","Parent Relationship": "Outer","Parallel Aware": false,"Async Capable": false,"Startup Cost": 20550.26,"Total Cost": 20558.18,"Plan Rows": 25,"Plan Width": 136,"Actual Startup Time": 821.816,"Actual Total Time": 822.538,"Actual Rows": 5,"Actual Loops": 3,"Group Key": ["nation.n_name"],"Workers": [],"Plans": [{"Node Type": "Sort","Parent Relationship": "Outer","Parallel Aware": false,"Async Capable": false,"Startup Cost": 20550.26,"Total Cost": 20551.78,"Plan Rows": 608,"Plan Width": 116,"Actual Startup Time": 821.604,"Actual Total Time": 821.730,"Actual Rows": 2468,"Actual Loops": 3,"Sort Key": ["nation.n_name"],"Sort Method": "quicksort","Sort Space Used": 285,"Sort Space Type": "Memory","Workers": [{"Worker Number": 0,"Sort Method": "quicksort","Sort Space Used": 293,"Sort Space Type": "Memory"},{"Worker Number": 1,"Sort Method": "quicksort","Sort Space Used": 290,"Sort Space Type": "Memory"}],"Plans": [{"Node Type": "Hash Join","Parent Relationship": "Outer","Parallel Aware": false,"Async Capable": false,"Join Type": "Inner","Startup Cost": 475.27,"Total Cost": 20522.15,"Plan Rows": 608,"Plan Width": 116,"Actual Startup Time": 10.349,"Actual Total Time": 819.988,"Actual Rows": 2468,"Actual Loops": 3,"Inner Unique": true,"Hash Cond": "((lineitem.l_suppkey = supplier.s_suppkey) AND (customer.c_nationkey = supplier.s_nationkey))","Workers": [],"Plans": [{"Node Type": "Nested Loop","Parent Relationship": "Outer","Parallel Aware": false,"Async Capable": false,"Join Type": "Inner","Startup Cost": 3.27,"Total Cost": 19970.29,"Plan Rows": 15211,"Plan Width": 128,"Actual Startup Time": 0.787,"Actual Total Time": 773.951,"Actual Rows": 61461,"Actual Loops": 3,"Inner Unique": false,"Workers": [],"Plans": [{"Node Type": "Nested Loop","Parent Relationship": "Outer","Parallel Aware": false,"Async Capable": false,"Join Type": "Inner","Startup Cost": 2.84,"Total Cost": 8414.26,"Plan Rows": 3802,"Plan Width": 116,"Actual Startup Time": 0.651,"Actual Total Time": 459.932,"Actual Rows": 15399,"Actual Loops": 3,"Inner Unique": false,"Workers": [],"Plans": [{"Node Type": "Hash Join","Parent Relationship": "Outer","Parallel Aware": false,"Async Capable": false,"Join Type": "Inner","Startup Cost": 2.41,"Total Cost": 4471.79,"Plan Rows": 2500,"Plan Width": 116,"Actual Startup Time": 0.245,"Actual Total Time": 55.063,"Actual Rows": 10066,"Actual Loops": 3,"Inner Unique": false,"Hash Cond": "(customer.c_nationkey = nation.n_nationkey)","Workers": [],"Plans": [{"Node Type": "Seq Scan","Parent Relationship": "Outer","Parallel Aware": true,"Async Capable": false,"Relation Name": "customer","Alias": "customer","Startup Cost": 0.00,"Total Cost": 4210.00,"Plan Rows": 62500,"Plan Width": 8,"Actual Startup Time": 0.014,"Actual Total Time": 9.571,"Actual Rows": 50000,"Actual Loops": 3,"Workers": []},{"Node Type": "Hash","Parent Relationship": "Inner","Parallel Aware": false,"Async Capable": false,"Startup Cost": 2.40,"Total Cost": 2.40,"Plan Rows": 1,"Plan Width": 108,"Actual Startup Time": 0.139,"Actual Total Time": 0.155,"Actual Rows": 5,"Actual Loops": 3,"Hash Buckets": 1024,"Original Hash Buckets": 1024,"Hash Batches": 1,"Original Hash Batches": 1,"Peak Memory Usage": 9,"Workers": [],"Plans": [{"Node Type": "Hash Join","Parent Relationship": "Outer","Parallel Aware": false,"Async Capable": false,"Join Type": "Inner","Startup Cost": 1.07,"Total Cost": 2.40,"Plan Rows": 1,"Plan Width": 108,"Actual Startup Time": 0.126,"Actual Total Time": 0.145,"Actual Rows": 5,"Actual Loops": 3,"Inner Unique": true,"Hash Cond": "(nation.n_regionkey = region.r_regionkey)","Workers": [],"Plans": [{"Node Type": "Seq Scan","Parent Relationship": "Outer","Parallel Aware": false,"Async Capable": false,"Relation Name": "nation","Alias": "nation","Startup Cost": 0.00,"Total Cost": 1.25,"Plan Rows": 25,"Plan Width": 112,"Actual Startup Time": 0.043,"Actual Total Time": 0.047,"Actual Rows": 25,"Actual Loops": 3,"Workers": []},{"Node Type": "Hash","Parent Relationship": "Inner","Parallel Aware": false,"Async Capable": false,"Startup Cost": 1.06,"Total Cost": 1.06,"Plan Rows": 1,"Plan Width": 4,"Actual Startup Time": 0.051,"Actual Total Time": 0.056,"Actual Rows": 1,"Actual Loops": 3,"Hash Buckets": 1024,"Original Hash Buckets": 1024,"Hash Batches": 1,"Original Hash Batches": 1,"Peak Memory Usage": 9,"Workers": [],"Plans": [{"Node Type": "Seq Scan","Parent Relationship": "Outer","Parallel Aware": false,"Async Capable": false,"Relation Name": "region","Alias": "region","Startup Cost": 0.00,"Total Cost": 1.06,"Plan Rows": 1,"Plan Width": 4,"Actual Startup Time": 0.037,"Actual Total Time": 0.039,"Actual Rows": 1,"Actual Loops": 3,"Filter": "(r_name = 'EUROPE'::bpchar)","Rows Removed by Filter": 4,"Workers": []}]}]}]}]},{"Node Type": "Index Scan","Parent Relationship": "Inner","Parallel Aware": false,"Async Capable": false,"Scan Direction": "Forward","Index Name": "idx_orders_custkey","Relation Name": "orders","Alias": "orders","Startup Cost": 0.43,"Total Cost": 1.55,"Plan Rows": 3,"Plan Width": 8,"Actual Startup Time": 0.017,"Actual Total Time": 0.040,"Actual Rows": 2,"Actual Loops": 30197,"Index Cond": "(o_custkey = customer.c_custkey)","Rows Removed by Index Recheck": 0,"Filter": "((o_orderdate >= '1995-01-01'::date) AND (o_orderdate < '1996-01-01 00:00:00'::timestamp without time zone))","Rows Removed by Filter": 9,"Workers": []}]},{"Node Type": "Index Scan","Parent Relationship": "Inner","Parallel Aware": false,"Async Capable": false,"Scan Direction": "Forward","Index Name": "idx_lineitem_orderkey","Relation Name": "lineitem","Alias": "lineitem","Startup Cost": 0.43,"Total Cost": 2.87,"Plan Rows": 17,"Plan Width": 20,"Actual Startup Time": 0.017,"Actual Total Time": 0.020,"Actual Rows": 4,"Actual Loops": 46197,"Index Cond": "(l_orderkey = orders.o_orderkey)","Rows Removed by Index Recheck": 0,"Workers": []}]},{"Node Type": "Hash","Parent Relationship": "Inner","Parallel Aware": false,"Async Capable": false,"Startup Cost": 322.00,"Total Cost": 322.00,"Plan Rows": 10000,"Plan Width": 8,"Actual Startup Time": 8.644,"Actual Total Time": 8.648,"Actual Rows": 10000,"Actual Loops": 3,"Hash Buckets": 16384,"Original Hash Buckets": 16384,"Hash Batches": 1,"Original Hash Batches": 1,"Peak Memory Usage": 519,"Workers": [],"Plans": [{"Node Type": "Seq Scan","Parent Relationship": "Outer","Parallel Aware": false,"Async Capable": false,"Relation Name": "supplier","Alias": "supplier","Startup Cost": 0.00,"Total Cost": 322.00,"Plan Rows": 10000,"Plan Width": 8,"Actual Startup Time": 0.045,"Actual Total Time": 6.681,"Actual Rows": 10000,"Actual Loops": 3,"Workers": []}]}]}]}]}]}]}]},"Planning Time": 10.340,"Triggers": [],"Execution Time": 863.182}]
[{"Plan": {"Node Type": "Sort","Parallel Aware": false,"Async Capable": false,"Startup Cost": 21522.30,"Total Cost": 21522.36,"Plan Rows": 25,"Plan Width": 136,"Actual Startup Time": 808.723,"Actual Total Time": 839.996,"Actual Rows": 5,"Actual Loops": 1,"Sort Key": ["(sum((lineitem.l_extendedprice * ('1'::numeric - lineitem.l_discount)))) DESC"],"Sort Method": "quicksort","Sort Space Used": 25,"Sort Space Type": "Memory","Plans": [{"Node Type": "Aggregate","Strategy": "Sorted","Partial Mode": "Finalize","Parent Relationship": "Outer","Parallel Aware": false,"Async Capable": false,"Startup Cost": 21507.43,"Total Cost": 21521.72,"Plan Rows": 25,"Plan Width": 136,"Actual Startup Time": 808.168,"Actual Total Time": 839.947,"Actual Rows": 5,"Actual Loops": 1,"Group Key": ["nation.n_name"],"Plans": [{"Node Type": "Gather Merge","Parent Relationship": "Outer","Parallel Aware": false,"Async Capable": false,"Startup Cost": 21507.43,"Total Cost": 21521.03,"Plan Rows": 50,"Plan Width": 136,"Actual Startup Time": 807.495,"Actual Total Time": 839.892,"Actual Rows": 15,"Actual Loops": 1,"Workers Planned": 2,"Workers Launched": 2,"Plans": [{"Node Type": "Aggregate","Strategy": "Sorted","Partial Mode": "Partial","Parent Relationship": "Outer","Parallel Aware": false,"Async Capable": false,"Startup Cost": 20507.41,"Total Cost": 20515.23,"Plan Rows": 25,"Plan Width": 136,"Actual Startup Time": 799.534,"Actual Total Time": 800.383,"Actual Rows": 5,"Actual Loops": 3,"Group Key": ["nation.n_name"],"Workers": [],"Plans": [{"Node Type": "Sort","Parent Relationship": "Outer","Parallel Aware": false,"Async Capable": false,"Startup Cost": 20507.41,"Total Cost": 20508.91,"Plan Rows": 601,"Plan Width": 116,"Actual Startup Time": 799.319,"Actual Total Time": 799.466,"Actual Rows": 2431,"Actual Loops": 3,"Sort Key": ["nation.n_name"],"Sort Method": "quicksort","Sort Space Used": 290,"Sort Space Type": "Memory","Workers": [{"Worker Number": 0,"Sort Method": "quicksort","Sort Space Used": 286,"Sort Space Type": "Memory"},{"Worker Number": 1,"Sort Method": "quicksort","Sort Space Used": 283,"Sort Space Type": "Memory"}],"Plans": [{"Node Type": "Hash Join","Parent Relationship": "Outer","Parallel Aware": false,"Async Capable": false,"Join Type": "Inner","Startup Cost": 475.27,"Total Cost": 20479.67,"Plan Rows": 601,"Plan Width": 116,"Actual Startup Time": 15.141,"Actual Total Time": 797.817,"Actual Rows": 2431,"Actual Loops": 3,"Inner Unique": true,"Hash Cond": "((lineitem.l_suppkey = supplier.s_suppkey) AND (customer.c_nationkey = supplier.s_nationkey))","Workers": [],"Plans": [{"Node Type": "Nested Loop","Parent Relationship": "Outer","Parallel Aware": false,"Async Capable": false,"Join Type": "Inner","Startup Cost": 3.27,"Total Cost": 19928.78,"Plan Rows": 15027,"Plan Width": 128,"Actual Startup Time": 0.731,"Actual Total Time": 752.135,"Actual Rows": 59947,"Actual Loops": 3,"Inner Unique": false,"Workers": [],"Plans": [{"Node Type": "Nested Loop","Parent Relationship": "Outer","Parallel Aware": false,"Async Capable": false,"Join Type": "Inner","Startup Cost": 2.84,"Total Cost": 8414.26,"Plan Rows": 3756,"Plan Width": 116,"Actual Startup Time": 0.592,"Actual Total Time": 450.459,"Actual Rows": 14972,"Actual Loops": 3,"Inner Unique": false,"Workers": [],"Plans": [{"Node Type": "Hash Join","Parent Relationship": "Outer","Parallel Aware": false,"Async Capable": false,"Join Type": "Inner","Startup Cost": 2.41,"Total Cost": 4471.79,"Plan Rows": 2500,"Plan Width": 116,"Actual Startup Time": 0.291,"Actual Total Time": 55.680,"Actual Rows": 9968,"Actual Loops": 3,"Inner Unique": false,"Hash Cond": "(customer.c_nationkey = nation.n_nationkey)","Workers": [],"Plans": [{"Node Type": "Seq Scan","Parent Relationship": "Outer","Parallel Aware": true,"Async Capable": false,"Relation Name": "customer","Alias": "customer","Startup Cost": 0.00,"Total Cost": 4210.00,"Plan Rows": 62500,"Plan Width": 8,"Actual Startup Time": 0.021,"Actual Total Time": 9.583,"Actual Rows": 50000,"Actual Loops": 3,"Workers": []},{"Node Type": "Hash","Parent Relationship": "Inner","Parallel Aware": false,"Async Capable": false,"Startup Cost": 2.40,"Total Cost": 2.40,"Plan Rows": 1,"Plan Width": 108,"Actual Startup Time": 0.165,"Actual Total Time": 0.187,"Actual Rows": 5,"Actual Loops": 3,"Hash Buckets": 1024,"Original Hash Buckets": 1024,"Hash Batches": 1,"Original Hash Batches": 1,"Peak Memory Usage": 9,"Workers": [],"Plans": [{"Node Type": "Hash Join","Parent Relationship": "Outer","Parallel Aware": false,"Async Capable": false,"Join Type": "Inner","Startup Cost": 1.07,"Total Cost": 2.40,"Plan Rows": 1,"Plan Width": 108,"Actual Startup Time": 0.151,"Actual Total Time": 0.177,"Actual Rows": 5,"Actual Loops": 3,"Inner Unique": true,"Hash Cond": "(nation.n_regionkey = region.r_regionkey)","Workers": [],"Plans": [{"Node Type": "Seq Scan","Parent Relationship": "Outer","Parallel Aware": false,"Async Capable": false,"Relation Name": "nation","Alias": "nation","Startup Cost": 0.00,"Total Cost": 1.25,"Plan Rows": 25,"Plan Width": 112,"Actual Startup Time": 0.067,"Actual Total Time": 0.072,"Actual Rows": 25,"Actual Loops": 3,"Workers": []},{"Node Type": "Hash","Parent Relationship": "Inner","Parallel Aware": false,"Async Capable": false,"Startup Cost": 1.06,"Total Cost": 1.06,"Plan Rows": 1,"Plan Width": 4,"Actual Startup Time": 0.055,"Actual Total Time": 0.063,"Actual Rows": 1,"Actual Loops": 3,"Hash Buckets": 1024,"Original Hash Buckets": 1024,"Hash Batches": 1,"Original Hash Batches": 1,"Peak Memory Usage": 9,"Workers": [],"Plans": [{"Node Type": "Seq Scan","Parent Relationship": "Outer","Parallel Aware": false,"Async Capable": false,"Relation Name": "region","Alias": "region","Startup Cost": 0.00,"Total Cost": 1.06,"Plan Rows": 1,"Plan Width": 4,"Actual Startup Time": 0.042,"Actual Total Time": 0.044,"Actual Rows": 1,"Actual Loops": 3,"Filter": "(r_name = 'MIDDLE EAST'::bpchar)","Rows Removed by Filter": 4,"Workers": []}]}]}]}]},{"Node Type": "Index Scan","Parent Relationship": "Inner","Parallel Aware": false,"Async Capable": false,"Scan Direction": "Forward","Index Name": "idx_orders_custkey","Relation Name": "orders","Alias": "orders","Startup Cost": 0.43,"Total Cost": 1.55,"Plan Rows": 3,"Plan Width": 8,"Actual Startup Time": 0.017,"Actual Total Time": 0.039,"Actual Rows": 2,"Actual Loops": 29904,"Index Cond": "(o_custkey = customer.c_custkey)","Rows Removed by Index Recheck": 0,"Filter": "((o_orderdate >= '1993-01-01'::date) AND (o_orderdate < '1994-01-01 00:00:00'::timestamp without time zone))","Rows Removed by Filter": 8,"Workers": []}]},{"Node Type": "Index Scan","Parent Relationship": "Inner","Parallel Aware": false,"Async Capable": false,"Scan Direction": "Forward","Index Name": "idx_lineitem_orderkey","Relation Name": "lineitem","Alias": "lineitem","Startup Cost": 0.43,"Total Cost": 2.90,"Plan Rows": 17,"Plan Width": 20,"Actual Startup Time": 0.017,"Actual Total Time": 0.019,"Actual Rows": 4,"Actual Loops": 44917,"Index Cond": "(l_orderkey = orders.o_orderkey)","Rows Removed by Index Recheck": 0,"Workers": []}]},{"Node Type": "Hash","Parent Relationship": "Inner","Parallel Aware": false,"Async Capable": false,"Startup Cost": 322.00,"Total Cost": 322.00,"Plan Rows": 10000,"Plan Width": 8,"Actual Startup Time": 13.351,"Actual Total Time": 13.355,"Actual Rows": 10000,"Actual Loops": 3,"Hash Buckets": 16384,"Original Hash Buckets": 16384,"Hash Batches": 1,"Original Hash Batches": 1,"Peak Memory Usage": 519,"Workers": [],"Plans": [{"Node Type": "Seq Scan","Parent Relationship": "Outer","Parallel Aware": false,"Async Capable": false,"Relation Name": "supplier","Alias": "supplier","Startup Cost": 0.00,"Total Cost": 322.00,"Plan Rows": 10000,"Plan Width": 8,"Actual Startup Time": 0.056,"Actual Total Time": 11.541,"Actual Rows": 10000,"Actual Loops": 3,"Workers": []}]}]}]}]}]}]}]},"Planning Time": 9.915,"Triggers": [],"Execution Time": 840.541}]
[{"Plan": {"Node Type": "Sort","Parallel Aware": false,"Async Capable": false,"Startup Cost": 21616.39,"Total Cost": 21616.45,"Plan Rows": 25,"Plan Width": 136,"Actual Startup Time": 848.991,"Actual Total Time": 881.316,"Actual Rows": 5,"Actual Loops": 1,"Sort Key": ["(sum((lineitem.l_extendedprice * ('1'::numeric - lineitem.l_discount)))) DESC"],"Sort Method": "quicksort","Sort Space Used": 25,"Sort Space Type": "Memory","Plans": [{"Node Type": "Aggregate","Strategy": "Sorted","Partial Mode": "Finalize","Parent Relationship": "Outer","Parallel Aware": false,"Async Capable": false,"Startup Cost": 21601.33,"Total Cost": 21615.81,"Plan Rows": 25,"Plan Width": 136,"Actual Startup Time": 848.402,"Actual Total Time": 881.262,"Actual Rows": 5,"Actual Loops": 1,"Group Key": ["nation.n_name"],"Plans": [{"Node Type": "Gather Merge","Parent Relationship": "Outer","Parallel Aware": false,"Async Capable": false,"Startup Cost": 21601.33,"Total Cost": 21615.12,"Plan Rows": 50,"Plan Width": 136,"Actual Startup Time": 848.176,"Actual Total Time": 881.211,"Actual Rows": 15,"Actual Loops": 1,"Workers Planned": 2,"Workers Launched": 2,"Plans": [{"Node Type": "Aggregate","Strategy": "Sorted","Partial Mode": "Partial","Parent Relationship": "Outer","Parallel Aware": false,"Async Capable": false,"Startup Cost": 20601.30,"Total Cost": 20609.33,"Plan Rows": 25,"Plan Width": 136,"Actual Startup Time": 841.096,"Actual Total Time": 841.805,"Actual Rows": 5,"Actual Loops": 3,"Group Key": ["nation.n_name"],"Workers": [],"Plans": [{"Node Type": "Sort","Parent Relationship": "Outer","Parallel Aware": false,"Async Capable": false,"Startup Cost": 20601.30,"Total Cost": 20602.85,"Plan Rows": 617,"Plan Width": 116,"Actual Startup Time": 840.878,"Actual Total Time": 841.005,"Actual Rows": 2453,"Actual Loops": 3,"Sort Key": ["nation.n_name"],"Sort Method": "quicksort","Sort Space Used": 289,"Sort Space Type": "Memory","Workers": [{"Worker Number": 0,"Sort Method": "quicksort","Sort Space Used": 295,"Sort Space Type": "Memory"},{"Worker Number": 1,"Sort Method": "quicksort","Sort Space Used": 281,"Sort Space Type": "Memory"}],"Plans": [{"Node Type": "Hash Join","Parent Relationship": "Outer","Parallel Aware": false,"Async Capable": false,"Join Type": "Inner","Startup Cost": 475.27,"Total Cost": 20572.71,"Plan Rows": 617,"Plan Width": 116,"Actual Startup Time": 10.379,"Actual Total Time": 839.260,"Actual Rows": 2453,"Actual Loops": 3,"Inner Unique": true,"Hash Cond": "((lineitem.l_suppkey = supplier.s_suppkey) AND (customer.c_nationkey = supplier.s_nationkey))","Workers": [],"Plans": [{"Node Type": "Nested Loop","Parent Relationship": "Outer","Parallel Aware": false,"Async Capable": false,"Join Type": "Inner","Startup Cost": 3.27,"Total Cost": 20019.70,"Plan Rows": 15431,"Plan Width": 128,"Actual Startup Time": 0.539,"Actual Total Time": 793.839,"Actual Rows": 61906,"Actual Loops": 3,"Inner Unique": false,"Workers": [],"Plans": [{"Node Type": "Nested Loop","Parent Relationship": "Outer","Parallel Aware": false,"Async Capable": false,"Join Type": "Inner","Startup Cost": 2.84,"Total Cost": 8414.26,"Plan Rows": 3857,"Plan Width": 116,"Actual Startup Time": 0.431,"Actual Total Time": 473.927,"Actual Rows": 15506,"Actual Loops": 3,"Inner Unique": false,"Workers": [],"Plans": [{"Node Type": "Hash Join","Parent Relationship": "Outer","Parallel Aware": false,"Async Capable": false,"Join Type": "Inner","Startup Cost": 2.41,"Total Cost": 4471.79,"Plan Rows": 2500,"Plan Width": 116,"Actual Startup Time": 0.234,"Actual Total Time": 55.451,"Actual Rows": 10066,"Actual Loops": 3,"Inner Unique": false,"Hash Cond": "(customer.c_nationkey = nation.n_nationkey)","Workers": [],"Plans": [{"Node Type": "Seq Scan","Parent Relationship": "Outer","Parallel Aware": true,"Async Capable": false,"Relation Name": "customer","Alias": "customer","Startup Cost": 0.00,"Total Cost": 4210.00,"Plan Rows": 62500,"Plan Width": 8,"Actual Startup Time": 0.019,"Actual Total Time": 9.720,"Actual Rows": 50000,"Actual Loops": 3,"Workers": []},{"Node Type": "Hash","Parent Relationship": "Inner","Parallel Aware": false,"Async Capable": false,"Startup Cost": 2.40,"Total Cost": 2.40,"Plan Rows": 1,"Plan Width": 108,"Actual Startup Time": 0.128,"Actual Total Time": 0.148,"Actual Rows": 5,"Actual Loops": 3,"Hash Buckets": 1024,"Original Hash Buckets": 1024,"Hash Batches": 1,"Original Hash Batches": 1,"Peak Memory Usage": 9,"Workers": [],"Plans": [{"Node Type": "Hash Join","Parent Relationship": "Outer","Parallel Aware": false,"Async Capable": false,"Join Type": "Inner","Startup Cost": 1.07,"Total Cost": 2.40,"Plan Rows": 1,"Plan Width": 108,"Actual Startup Time": 0.115,"Actual Total Time": 0.137,"Actual Rows": 5,"Actual Loops": 3,"Inner Unique": true,"Hash Cond": "(nation.n_regionkey = region.r_regionkey)","Workers": [],"Plans": [{"Node Type": "Seq Scan","Parent Relationship": "Outer","Parallel Aware": false,"Async Capable": false,"Relation Name": "nation","Alias": "nation","Startup Cost": 0.00,"Total Cost": 1.25,"Plan Rows": 25,"Plan Width": 112,"Actual Startup Time": 0.040,"Actual Total Time": 0.044,"Actual Rows": 25,"Actual Loops": 3,"Workers": []},{"Node Type": "Hash","Parent Relationship": "Inner","Parallel Aware": false,"Async Capable": false,"Startup Cost": 1.06,"Total Cost": 1.06,"Plan Rows": 1,"Plan Width": 4,"Actual Startup Time": 0.046,"Actual Total Time": 0.051,"Actual Rows": 1,"Actual Loops": 3,"Hash Buckets": 1024,"Original Hash Buckets": 1024,"Hash Batches": 1,"Original Hash Batches": 1,"Peak Memory Usage": 9,"Workers": [],"Plans": [{"Node Type": "Seq Scan","Parent Relationship": "Outer","Parallel Aware": false,"Async Capable": false,"Relation Name": "region","Alias": "region","Startup Cost": 0.00,"Total Cost": 1.06,"Plan Rows": 1,"Plan Width": 4,"Actual Startup Time": 0.033,"Actual Total Time": 0.034,"Actual Rows": 1,"Actual Loops": 3,"Filter": "(r_name = 'EUROPE'::bpchar)","Rows Removed by Filter": 4,"Workers": []}]}]}]}]},{"Node Type": "Index Scan","Parent Relationship": "Inner","Parallel Aware": false,"Async Capable": false,"Scan Direction": "Forward","Index Name": "idx_orders_custkey","Relation Name": "orders","Alias": "orders","Startup Cost": 0.43,"Total Cost": 1.55,"Plan Rows": 3,"Plan Width": 8,"Actual Startup Time": 0.017,"Actual Total Time": 0.041,"Actual Rows": 2,"Actual Loops": 30197,"Index Cond": "(o_custkey = customer.c_custkey)","Rows Removed by Index Recheck": 0,"Filter": "((o_orderdate >= '1996-01-01'::date) AND (o_orderdate < '1997-01-01 00:00:00'::timestamp without time zone))","Rows Removed by Filter": 9,"Workers": []}]},{"Node Type": "Index Scan","Parent Relationship": "Inner","Parallel Aware": false,"Async Capable": false,"Scan Direction": "Forward","Index Name": "idx_lineitem_orderkey","Relation Name": "lineitem","Alias": "lineitem","Startup Cost": 0.43,"Total Cost": 2.84,"Plan Rows": 17,"Plan Width": 20,"Actual Startup Time": 0.017,"Actual Total Time": 0.020,"Actual Rows": 4,"Actual Loops": 46518,"Index Cond": "(l_orderkey = orders.o_orderkey)","Rows Removed by Index Recheck": 0,"Workers": []}]},{"Node Type": "Hash","Parent Relationship": "Inner","Parallel Aware": false,"Async Capable": false,"Startup Cost": 322.00,"Total Cost": 322.00,"Plan Rows": 10000,"Plan Width": 8,"Actual Startup Time": 8.337,"Actual Total Time": 8.340,"Actual Rows": 10000,"Actual Loops": 3,"Hash Buckets": 16384,"Original Hash Buckets": 16384,"Hash Batches": 1,"Original Hash Batches": 1,"Peak Memory Usage": 519,"Workers": [],"Plans": [{"Node Type": "Seq Scan","Parent Relationship": "Outer","Parallel Aware": false,"Async Capable": false,"Relation Name": "supplier","Alias": "supplier","Startup Cost": 0.00,"Total Cost": 322.00,"Plan Rows": 10000,"Plan Width": 8,"Actual Startup Time": 0.039,"Actual Total Time": 6.479,"Actual Rows": 10000,"Actual Loops": 3,"Workers": []}]}]}]}]}]}]}]},"Planning Time": 9.377,"Triggers": [],"Execution Time": 881.912}]
[{"Plan": {"Node Type": "Sort","Parallel Aware": false,"Async Capable": false,"Startup Cost": 21612.43,"Total Cost": 21612.50,"Plan Rows": 25,"Plan Width": 136,"Actual Startup Time": 835.932,"Actual Total Time": 867.365,"Actual Rows": 5,"Actual Loops": 1,"Sort Key": ["(sum((lineitem.l_extendedprice * ('1'::numeric - lineitem.l_discount)))) DESC"],"Sort Method": "quicksort","Sort Space Used": 25,"Sort Space Type": "Memory","Plans": [{"Node Type": "Aggregate","Strategy": "Sorted","Partial Mode": "Finalize","Parent Relationship": "Outer","Parallel Aware": false,"Async Capable": false,"Startup Cost": 21597.38,"Total Cost": 21611.85,"Plan Rows": 25,"Plan Width": 136,"Actual Startup Time": 835.364,"Actual Total Time": 867.318,"Actual Rows": 5,"Actual Loops": 1,"Group Key": ["nation.n_name"],"Plans": [{"Node Type": "Gather Merge","Parent Relationship": "Outer","Parallel Aware": false,"Async Capable": false,"Startup Cost": 21597.38,"Total Cost": 21611.17,"Plan Rows": 50,"Plan Width": 136,"Actual Startup Time": 835.179,"Actual Total Time": 867.277,"Actual Rows": 15,"Actual Loops": 1,"Workers Planned": 2,"Workers Launched": 2,"Plans": [{"Node Type": "Aggregate","Strategy": "Sorted","Partial Mode": "Partial","Parent Relationship": "Outer","Parallel Aware": false,"Async Capable": false,"Startup Cost": 20597.36,"Total Cost": 20605.37,"Plan Rows": 25,"Plan Width": 136,"Actual Startup Time": 826.891,"Actual Total Time": 827.596,"Actual Rows": 5,"Actual Loops": 3,"Group Key": ["nation.n_name"],"Workers": [],"Plans": [{"Node Type": "Sort","Parent Relationship": "Outer","Parallel Aware": false,"Async Capable": false,"Startup Cost": 20597.36,"Total Cost": 20598.90,"Plan Rows": 616,"Plan Width": 116,"Actual Startup Time": 826.692,"Actual Total Time": 826.817,"Actual Rows": 2422,"Actual Loops": 3,"Sort Key": ["nation.n_name"],"Sort Method": "quicksort","Sort Space Used": 284,"Sort Space Type": "Memory","Workers": [{"Worker Number": 0,"Sort Method": "quicksort","Sort Space Used": 289,"Sort Space Type": "Memory"},{"Worker Number": 1,"Sort Method": "quicksort","Sort Space Used": 285,"Sort Space Type": "Memory"}],"Plans": [{"Node Type": "Hash Join","Parent Relationship": "Outer","Parallel Aware": false,"Async Capable": false,"Join Type": "Inner","Startup Cost": 475.27,"Total Cost": 20568.82,"Plan Rows": 616,"Plan Width": 116,"Actual Startup Time": 12.416,"Actual Total Time": 825.180,"Actual Rows": 2422,"Actual Loops": 3,"Inner Unique": true,"Hash Cond": "((lineitem.l_suppkey = supplier.s_suppkey) AND (customer.c_nationkey = supplier.s_nationkey))","Workers": [],"Plans": [{"Node Type": "Nested Loop","Parent Relationship": "Outer","Parallel Aware": false,"Async Capable": false,"Join Type": "Inner","Startup Cost": 3.27,"Total Cost": 20015.89,"Plan Rows": 15415,"Plan Width": 128,"Actual Startup Time": 0.717,"Actual Total Time": 776.964,"Actual Rows": 61524,"Actual Loops": 3,"Inner Unique": false,"Workers": [],"Plans": [{"Node Type": "Nested Loop","Parent Relationship": "Outer","Parallel Aware": false,"Async Capable": false,"Join Type": "Inner","Startup Cost": 2.84,"Total Cost": 8414.26,"Plan Rows": 3853,"Plan Width": 116,"Actual Startup Time": 0.594,"Actual Total Time": 468.318,"Actual Rows": 15364,"Actual Loops": 3,"Inner Unique": false,"Workers": [],"Plans": [{"Node Type": "Hash Join","Parent Relationship": "Outer","Parallel Aware": false,"Async Capable": false,"Join Type": "Inner","Startup Cost": 2.41,"Total Cost": 4471.79,"Plan Rows": 2500,"Plan Width": 116,"Actual Startup Time": 0.257,"Actual Total Time": 59.024,"Actual Rows": 10066,"Actual Loops": 3,"Inner Unique": false,"Hash Cond": "(customer.c_nationkey = nation.n_nationkey)","Workers": [],"Plans": [{"Node Type": "Seq Scan","Parent Relationship": "Outer","Parallel Aware": true,"Async Capable": false,"Relation Name": "customer","Alias": "customer","Startup Cost": 0.00,"Total Cost": 4210.00,"Plan Rows": 62500,"Plan Width": 8,"Actual Startup Time": 0.018,"Actual Total Time": 10.025,"Actual Rows": 50000,"Actual Loops": 3,"Workers": []},{"Node Type": "Hash","Parent Relationship": "Inner","Parallel Aware": false,"Async Capable": false,"Startup Cost": 2.40,"Total Cost": 2.40,"Plan Rows": 1,"Plan Width": 108,"Actual Startup Time": 0.151,"Actual Total Time": 0.168,"Actual Rows": 5,"Actual Loops": 3,"Hash Buckets": 1024,"Original Hash Buckets": 1024,"Hash Batches": 1,"Original Hash Batches": 1,"Peak Memory Usage": 9,"Workers": [],"Plans": [{"Node Type": "Hash Join","Parent Relationship": "Outer","Parallel Aware": false,"Async Capable": false,"Join Type": "Inner","Startup Cost": 1.07,"Total Cost": 2.40,"Plan Rows": 1,"Plan Width": 108,"Actual Startup Time": 0.138,"Actual Total Time": 0.159,"Actual Rows": 5,"Actual Loops": 3,"Inner Unique": true,"Hash Cond": "(nation.n_regionkey = region.r_regionkey)","Workers": [],"Plans": [{"Node Type": "Seq Scan","Parent Relationship": "Outer","Parallel Aware": false,"Async Capable": false,"Relation Name": "nation","Alias": "nation","Startup Cost": 0.00,"Total Cost": 1.25,"Plan Rows": 25,"Plan Width": 112,"Actual Startup Time": 0.050,"Actual Total Time": 0.055,"Actual Rows": 25,"Actual Loops": 3,"Workers": []},{"Node Type": "Hash","Parent Relationship": "Inner","Parallel Aware": false,"Async Capable": false,"Startup Cost": 1.06,"Total Cost": 1.06,"Plan Rows": 1,"Plan Width": 4,"Actual Startup Time": 0.059,"Actual Total Time": 0.064,"Actual Rows": 1,"Actual Loops": 3,"Hash Buckets": 1024,"Original Hash Buckets": 1024,"Hash Batches": 1,"Original Hash Batches": 1,"Peak Memory Usage": 9,"Workers": [],"Plans": [{"Node Type": "Seq Scan","Parent Relationship": "Outer","Parallel Aware": false,"Async Capable": false,"Relation Name": "region","Alias": "region","Startup Cost": 0.00,"Total Cost": 1.06,"Plan Rows": 1,"Plan Width": 4,"Actual Startup Time": 0.043,"Actual Total Time": 0.045,"Actual Rows": 1,"Actual Loops": 3,"Filter": "(r_name = 'EUROPE'::bpchar)","Rows Removed by Filter": 4,"Workers": []}]}]}]}]},{"Node Type": "Index Scan","Parent Relationship": "Inner","Parallel Aware": false,"Async Capable": false,"Scan Direction": "Forward","Index Name": "idx_orders_custkey","Relation Name": "orders","Alias": "orders","Startup Cost": 0.43,"Total Cost": 1.55,"Plan Rows": 3,"Plan Width": 8,"Actual Startup Time": 0.017,"Actual Total Time": 0.040,"Actual Rows": 2,"Actual Loops": 30197,"Index Cond": "(o_custkey = customer.c_custkey)","Rows Removed by Index Recheck": 0,"Filter": "((o_orderdate >= '1994-01-01'::date) AND (o_orderdate < '1995-01-01 00:00:00'::timestamp without time zone))","Rows Removed by Filter": 9,"Workers": []}]},{"Node Type": "Index Scan","Parent Relationship": "Inner","Parallel Aware": false,"Async Capable": false,"Scan Direction": "Forward","Index Name": "idx_lineitem_orderkey","Relation Name": "lineitem","Alias": "lineitem","Startup Cost": 0.43,"Total Cost": 2.84,"Plan Rows": 17,"Plan Width": 20,"Actual Startup Time": 0.017,"Actual Total Time": 0.019,"Actual Rows": 4,"Actual Loops": 46093,"Index Cond": "(l_orderkey = orders.o_orderkey)","Rows Removed by Index Recheck": 0,"Workers": []}]},{"Node Type": "Hash","Parent Relationship": "Inner","Parallel Aware": false,"Async Capable": false,"Startup Cost": 322.00,"Total Cost": 322.00,"Plan Rows": 10000,"Plan Width": 8,"Actual Startup Time": 10.479,"Actual Total Time": 10.484,"Actual Rows": 10000,"Actual Loops": 3,"Hash Buckets": 16384,"Original Hash Buckets": 16384,"Hash Batches": 1,"Original Hash Batches": 1,"Peak Memory Usage": 519,"Workers": [],"Plans": [{"Node Type": "Seq Scan","Parent Relationship": "Outer","Parallel Aware": false,"Async Capable": false,"Relation Name": "supplier","Alias": "supplier","Startup Cost": 0.00,"Total Cost": 322.00,"Plan Rows": 10000,"Plan Width": 8,"Actual Startup Time": 0.042,"Actual Total Time": 8.711,"Actual Rows": 10000,"Actual Loops": 3,"Workers": []}]}]}]}]}]}]}]},"Planning Time": 9.647,"Triggers": [],"Execution Time": 867.883}]
[{"Plan": {"Node Type": "Sort","Parallel Aware": false,"Async Capable": false,"Startup Cost": 21616.39,"Total Cost": 21616.45,"Plan Rows": 25,"Plan Width": 136,"Actual Startup Time": 848.991,"Actual Total Time": 881.316,"Actual Rows": 5,"Actual Loops": 1,"Sort Key": ["(sum((lineitem.l_extendedprice * ('1'::numeric - lineitem.l_discount)))) DESC"],"Sort Method": "quicksort","Sort Space Used": 25,"Sort Space Type": "Memory","Plans": [{"Node Type": "Aggregate","Strategy": "Sorted","Partial Mode": "Finalize","Parent Relationship": "Outer","Parallel Aware": false,"Async Capable": false,"Startup Cost": 21601.33,"Total Cost": 21615.81,"Plan Rows": 25,"Plan Width": 136,"Actual Startup Time": 848.402,"Actual Total Time": 881.262,"Actual Rows": 5,"Actual Loops": 1,"Group Key": ["nation.n_name"],"Plans": [{"Node Type": "Gather Merge","Parent Relationship": "Outer","Parallel Aware": false,"Async Capable": false,"Startup Cost": 21601.33,"Total Cost": 21615.12,"Plan Rows": 50,"Plan Width": 136,"Actual Startup Time": 848.176,"Actual Total Time": 881.211,"Actual Rows": 15,"Actual Loops": 1,"Workers Planned": 2,"Workers Launched": 2,"Plans": [{"Node Type": "Aggregate","Strategy": "Sorted","Partial Mode": "Partial","Parent Relationship": "Outer","Parallel Aware": false,"Async Capable": false,"Startup Cost": 20601.30,"Total Cost": 20609.33,"Plan Rows": 25,"Plan Width": 136,"Actual Startup Time": 841.096,"Actual Total Time": 841.805,"Actual Rows": 5,"Actual Loops": 3,"Group Key": ["nation.n_name"],"Workers": [],"Plans": [{"Node Type": "Sort","Parent Relationship": "Outer","Parallel Aware": false,"Async Capable": false,"Startup Cost": 20601.30,"Total Cost": 20602.85,"Plan Rows": 617,"Plan Width": 116,"Actual Startup Time": 840.878,"Actual Total Time": 841.005,"Actual Rows": 2453,"Actual Loops": 3,"Sort Key": ["nation.n_name"],"Sort Method": "quicksort","Sort Space Used": 289,"Sort Space Type": "Memory","Workers": [{"Worker Number": 0,"Sort Method": "quicksort","Sort Space Used": 295,"Sort Space Type": "Memory"},{"Worker Number": 1,"Sort Method": "quicksort","Sort Space Used": 281,"Sort Space Type": "Memory"}],"Plans": [{"Node Type": "Hash Join","Parent Relationship": "Outer","Parallel Aware": false,"Async Capable": false,"Join Type": "Inner","Startup Cost": 475.27,"Total Cost": 20572.71,"Plan Rows": 617,"Plan Width": 116,"Actual Startup Time": 10.379,"Actual Total Time": 839.260,"Actual Rows": 2453,"Actual Loops": 3,"Inner Unique": true,"Hash Cond": "((lineitem.l_suppkey = supplier.s_suppkey) AND (customer.c_nationkey = supplier.s_nationkey))","Workers": [],"Plans": [{"Node Type": "Nested Loop","Parent Relationship": "Outer","Parallel Aware": false,"Async Capable": false,"Join Type": "Inner","Startup Cost": 3.27,"Total Cost": 20019.70,"Plan Rows": 15431,"Plan Width": 128,"Actual Startup Time": 0.539,"Actual Total Time": 793.839,"Actual Rows": 61906,"Actual Loops": 3,"Inner Unique": false,"Workers": [],"Plans": [{"Node Type": "Nested Loop","Parent Relationship": "Outer","Parallel Aware": false,"Async Capable": false,"Join Type": "Inner","Startup Cost": 2.84,"Total Cost": 8414.26,"Plan Rows": 3857,"Plan Width": 116,"Actual Startup Time": 0.431,"Actual Total Time": 473.927,"Actual Rows": 15506,"Actual Loops": 3,"Inner Unique": false,"Workers": [],"Plans": [{"Node Type": "Hash Join","Parent Relationship": "Outer","Parallel Aware": false,"Async Capable": false,"Join Type": "Inner","Startup Cost": 2.41,"Total Cost": 4471.79,"Plan Rows": 2500,"Plan Width": 116,"Actual Startup Time": 0.234,"Actual Total Time": 55.451,"Actual Rows": 10066,"Actual Loops": 3,"Inner Unique": false,"Hash Cond": "(customer.c_nationkey = nation.n_nationkey)","Workers": [],"Plans": [{"Node Type": "Seq Scan","Parent Relationship": "Outer","Parallel Aware": true,"Async Capable": false,"Relation Name": "customer","Alias": "customer","Startup Cost": 0.00,"Total Cost": 4210.00,"Plan Rows": 62500,"Plan Width": 8,"Actual Startup Time": 0.019,"Actual Total Time": 9.720,"Actual Rows": 50000,"Actual Loops": 3,"Workers": []},{"Node Type": "Hash","Parent Relationship": "Inner","Parallel Aware": false,"Async Capable": false,"Startup Cost": 2.40,"Total Cost": 2.40,"Plan Rows": 1,"Plan Width": 108,"Actual Startup Time": 0.128,"Actual Total Time": 0.148,"Actual Rows": 5,"Actual Loops": 3,"Hash Buckets": 1024,"Original Hash Buckets": 1024,"Hash Batches": 1,"Original Hash Batches": 1,"Peak Memory Usage": 9,"Workers": [],"Plans": [{"Node Type": "Hash Join","Parent Relationship": "Outer","Parallel Aware": false,"Async Capable": false,"Join Type": "Inner","Startup Cost": 1.07,"Total Cost": 2.40,"Plan Rows": 1,"Plan Width": 108,"Actual Startup Time": 0.115,"Actual Total Time": 0.137,"Actual Rows": 5,"Actual Loops": 3,"Inner Unique": true,"Hash Cond": "(nation.n_regionkey = region.r_regionkey)","Workers": [],"Plans": [{"Node Type": "Seq Scan","Parent Relationship": "Outer","Parallel Aware": false,"Async Capable": false,"Relation Name": "nation","Alias": "nation","Startup Cost": 0.00,"Total Cost": 1.25,"Plan Rows": 25,"Plan Width": 112,"Actual Startup Time": 0.040,"Actual Total Time": 0.044,"Actual Rows": 25,"Actual Loops": 3,"Workers": []},{"Node Type": "Hash","Parent Relationship": "Inner","Parallel Aware": false,"Async Capable": false,"Startup Cost": 1.06,"Total Cost": 1.06,"Plan Rows": 1,"Plan Width": 4,"Actual Startup Time": 0.046,"Actual Total Time": 0.051,"Actual Rows": 1,"Actual Loops": 3,"Hash Buckets": 1024,"Original Hash Buckets": 1024,"Hash Batches": 1,"Original Hash Batches": 1,"Peak Memory Usage": 9,"Workers": [],"Plans": [{"Node Type": "Seq Scan","Parent Relationship": "Outer","Parallel Aware": false,"Async Capable": false,"Relation Name": "region","Alias": "region","Startup Cost": 0.00,"Total Cost": 1.06,"Plan Rows": 1,"Plan Width": 4,"Actual Startup Time": 0.033,"Actual Total Time": 0.034,"Actual Rows": 1,"Actual Loops": 3,"Filter": "(r_name = 'EUROPE'::bpchar)","Rows Removed by Filter": 4,"Workers": []}]}]}]}]},{"Node Type": "Index Scan","Parent Relationship": "Inner","Parallel Aware": false,"Async Capable": false,"Scan Direction": "Forward","Index Name": "idx_orders_custkey","Relation Name": "orders","Alias": "orders","Startup Cost": 0.43,"Total Cost": 1.55,"Plan Rows": 3,"Plan Width": 8,"Actual Startup Time": 0.017,"Actual Total Time": 0.041,"Actual Rows": 2,"Actual Loops": 30197,"Index Cond": "(o_custkey = customer.c_custkey)","Rows Removed by Index Recheck": 0,"Filter": "((o_orderdate >= '1996-01-01'::date) AND (o_orderdate < '1997-01-01 00:00:00'::timestamp without time zone))","Rows Removed by Filter": 9,"Workers": []}]},{"Node Type": "Index Scan","Parent Relationship": "Inner","Parallel Aware": false,"Async Capable": false,"Scan Direction": "Forward","Index Name": "idx_lineitem_orderkey","Relation Name": "lineitem","Alias": "lineitem","Startup Cost": 0.43,"Total Cost": 2.84,"Plan Rows": 17,"Plan Width": 20,"Actual Startup Time": 0.017,"Actual Total Time": 0.020,"Actual Rows": 4,"Actual Loops": 46518,"Index Cond": "(l_orderkey = orders.o_orderkey)","Rows Removed by Index Recheck": 0,"Workers": []}]},{"Node Type": "Hash","Parent Relationship": "Inner","Parallel Aware": false,"Async Capable": false,"Startup Cost": 322.00,"Total Cost": 322.00,"Plan Rows": 10000,"Plan Width": 8,"Actual Startup Time": 8.337,"Actual Total Time": 8.340,"Actual Rows": 10000,"Actual Loops": 3,"Hash Buckets": 16384,"Original Hash Buckets": 16384,"Hash Batches": 1,"Original Hash Batches": 1,"Peak Memory Usage": 519,"Workers": [],"Plans": [{"Node Type": "Seq Scan","Parent Relationship": "Outer","Parallel Aware": false,"Async Capable": false,"Relation Name": "supplier","Alias": "supplier","Startup Cost": 0.00,"Total Cost": 322.00,"Plan Rows": 10000,"Plan Width": 8,"Actual Startup Time": 0.039,"Actual Total Time": 6.479,"Actual Rows": 10000,"Actual Loops": 3,"Workers": []}]}]}]}]}]}]}]},"Planning Time": 9.377,"Triggers": [],"Execution Time": 881.912}]
[{"Plan": {"Node Type": "Sort","Parallel Aware": false,"Async Capable": false,"Startup Cost": 21612.43,"Total Cost": 21612.50,"Plan Rows": 25,"Plan Width": 136,"Actual Startup Time": 832.616,"Actual Total Time": 862.680,"Actual Rows": 5,"Actual Loops": 1,"Sort Key": ["(sum((lineitem.l_extendedprice * ('1'::numeric - lineitem.l_discount)))) DESC"],"Sort Method": "quicksort","Sort Space Used": 25,"Sort Space Type": "Memory","Plans": [{"Node Type": "Aggregate","Strategy": "Sorted","Partial Mode": "Finalize","Parent Relationship": "Outer","Parallel Aware": false,"Async Capable": false,"Startup Cost": 21597.38,"Total Cost": 21611.85,"Plan Rows": 25,"Plan Width": 136,"Actual Startup Time": 832.009,"Actual Total Time": 862.637,"Actual Rows": 5,"Actual Loops": 1,"Group Key": ["nation.n_name"],"Plans": [{"Node Type": "Gather Merge","Parent Relationship": "Outer","Parallel Aware": false,"Async Capable": false,"Startup Cost": 21597.38,"Total Cost": 21611.17,"Plan Rows": 50,"Plan Width": 136,"Actual Startup Time": 831.804,"Actual Total Time": 862.590,"Actual Rows": 15,"Actual Loops": 1,"Workers Planned": 2,"Workers Launched": 2,"Plans": [{"Node Type": "Aggregate","Strategy": "Sorted","Partial Mode": "Partial","Parent Relationship": "Outer","Parallel Aware": false,"Async Capable": false,"Startup Cost": 20597.36,"Total Cost": 20605.37,"Plan Rows": 25,"Plan Width": 136,"Actual Startup Time": 824.333,"Actual Total Time": 825.038,"Actual Rows": 5,"Actual Loops": 3,"Group Key": ["nation.n_name"],"Workers": [],"Plans": [{"Node Type": "Sort","Parent Relationship": "Outer","Parallel Aware": false,"Async Capable": false,"Startup Cost": 20597.36,"Total Cost": 20598.90,"Plan Rows": 616,"Plan Width": 116,"Actual Startup Time": 824.137,"Actual Total Time": 824.256,"Actual Rows": 2417,"Actual Loops": 3,"Sort Key": ["nation.n_name"],"Sort Method": "quicksort","Sort Space Used": 288,"Sort Space Type": "Memory","Workers": [{"Worker Number": 0,"Sort Method": "quicksort","Sort Space Used": 280,"Sort Space Type": "Memory"},{"Worker Number": 1,"Sort Method": "quicksort","Sort Space Used": 288,"Sort Space Type": "Memory"}],"Plans": [{"Node Type": "Hash Join","Parent Relationship": "Outer","Parallel Aware": false,"Async Capable": false,"Join Type": "Inner","Startup Cost": 475.27,"Total Cost": 20568.82,"Plan Rows": 616,"Plan Width": 116,"Actual Startup Time": 12.703,"Actual Total Time": 822.671,"Actual Rows": 2417,"Actual Loops": 3,"Inner Unique": true,"Hash Cond": "((lineitem.l_suppkey = supplier.s_suppkey) AND (customer.c_nationkey = supplier.s_nationkey))","Workers": [],"Plans": [{"Node Type": "Nested Loop","Parent Relationship": "Outer","Parallel Aware": false,"Async Capable": false,"Join Type": "Inner","Startup Cost": 3.27,"Total Cost": 20015.89,"Plan Rows": 15415,"Plan Width": 128,"Actual Startup Time": 0.571,"Actual Total Time": 776.984,"Actual Rows": 59997,"Actual Loops": 3,"Inner Unique": false,"Workers": [],"Plans": [{"Node Type": "Nested Loop","Parent Relationship": "Outer","Parallel Aware": false,"Async Capable": false,"Join Type": "Inner","Startup Cost": 2.84,"Total Cost": 8414.26,"Plan Rows": 3853,"Plan Width": 116,"Actual Startup Time": 0.454,"Actual Total Time": 470.088,"Actual Rows": 15003,"Actual Loops": 3,"Inner Unique": false,"Workers": [],"Plans": [{"Node Type": "Hash Join","Parent Relationship": "Outer","Parallel Aware": false,"Async Capable": false,"Join Type": "Inner","Startup Cost": 2.41,"Total Cost": 4471.79,"Plan Rows": 2500,"Plan Width": 116,"Actual Startup Time": 0.227,"Actual Total Time": 60.370,"Actual Rows": 9968,"Actual Loops": 3,"Inner Unique": false,"Hash Cond": "(customer.c_nationkey = nation.n_nationkey)","Workers": [],"Plans": [{"Node Type": "Seq Scan","Parent Relationship": "Outer","Parallel Aware": true,"Async Capable": false,"Relation Name": "customer","Alias": "customer","Startup Cost": 0.00,"Total Cost": 4210.00,"Plan Rows": 62500,"Plan Width": 8,"Actual Startup Time": 0.013,"Actual Total Time": 10.099,"Actual Rows": 50000,"Actual Loops": 3,"Workers": []},{"Node Type": "Hash","Parent Relationship": "Inner","Parallel Aware": false,"Async Capable": false,"Startup Cost": 2.40,"Total Cost": 2.40,"Plan Rows": 1,"Plan Width": 108,"Actual Startup Time": 0.138,"Actual Total Time": 0.150,"Actual Rows": 5,"Actual Loops": 3,"Hash Buckets": 1024,"Original Hash Buckets": 1024,"Hash Batches": 1,"Original Hash Batches": 1,"Peak Memory Usage": 9,"Workers": [],"Plans": [{"Node Type": "Hash Join","Parent Relationship": "Outer","Parallel Aware": false,"Async Capable": false,"Join Type": "Inner","Startup Cost": 1.07,"Total Cost": 2.40,"Plan Rows": 1,"Plan Width": 108,"Actual Startup Time": 0.125,"Actual Total Time": 0.142,"Actual Rows": 5,"Actual Loops": 3,"Inner Unique": true,"Hash Cond": "(nation.n_regionkey = region.r_regionkey)","Workers": [],"Plans": [{"Node Type": "Seq Scan","Parent Relationship": "Outer","Parallel Aware": false,"Async Capable": false,"Relation Name": "nation","Alias": "nation","Startup Cost": 0.00,"Total Cost": 1.25,"Plan Rows": 25,"Plan Width": 112,"Actual Startup Time": 0.044,"Actual Total Time": 0.047,"Actual Rows": 25,"Actual Loops": 3,"Workers": []},{"Node Type": "Hash","Parent Relationship": "Inner","Parallel Aware": false,"Async Capable": false,"Startup Cost": 1.06,"Total Cost": 1.06,"Plan Rows": 1,"Plan Width": 4,"Actual Startup Time": 0.054,"Actual Total Time": 0.057,"Actual Rows": 1,"Actual Loops": 3,"Hash Buckets": 1024,"Original Hash Buckets": 1024,"Hash Batches": 1,"Original Hash Batches": 1,"Peak Memory Usage": 9,"Workers": [],"Plans": [{"Node Type": "Seq Scan","Parent Relationship": "Outer","Parallel Aware": false,"Async Capable": false,"Relation Name": "region","Alias": "region","Startup Cost": 0.00,"Total Cost": 1.06,"Plan Rows": 1,"Plan Width": 4,"Actual Startup Time": 0.039,"Actual Total Time": 0.040,"Actual Rows": 1,"Actual Loops": 3,"Filter": "(r_name = 'MIDDLE EAST'::bpchar)","Rows Removed by Filter": 4,"Workers": []}]}]}]}]},{"Node Type": "Index Scan","Parent Relationship": "Inner","Parallel Aware": false,"Async Capable": false,"Scan Direction": "Forward","Index Name": "idx_orders_custkey","Relation Name": "orders","Alias": "orders","Startup Cost": 0.43,"Total Cost": 1.55,"Plan Rows": 3,"Plan Width": 8,"Actual Startup Time": 0.017,"Actual Total Time": 0.041,"Actual Rows": 2,"Actual Loops": 29904,"Index Cond": "(o_custkey = customer.c_custkey)","Rows Removed by Index Recheck": 0,"Filter": "((o_orderdate >= '1994-01-01'::date) AND (o_orderdate < '1995-01-01 00:00:00'::timestamp without time zone))","Rows Removed by Filter": 8,"Workers": []}]},{"Node Type": "Index Scan","Parent Relationship": "Inner","Parallel Aware": false,"Async Capable": false,"Scan Direction": "Forward","Index Name": "idx_lineitem_orderkey","Relation Name": "lineitem","Alias": "lineitem","Startup Cost": 0.43,"Total Cost": 2.84,"Plan Rows": 17,"Plan Width": 20,"Actual Startup Time": 0.017,"Actual Total Time": 0.020,"Actual Rows": 4,"Actual Loops": 45009,"Index Cond": "(l_orderkey = orders.o_orderkey)","Rows Removed by Index Recheck": 0,"Workers": []}]},{"Node Type": "Hash","Parent Relationship": "Inner","Parallel Aware": false,"Async Capable": false,"Startup Cost": 322.00,"Total Cost": 322.00,"Plan Rows": 10000,"Plan Width": 8,"Actual Startup Time": 11.133,"Actual Total Time": 11.135,"Actual Rows": 10000,"Actual Loops": 3,"Hash Buckets": 16384,"Original Hash Buckets": 16384,"Hash Batches": 1,"Original Hash Batches": 1,"Peak Memory Usage": 519,"Workers": [],"Plans": [{"Node Type": "Seq Scan","Parent Relationship": "Outer","Parallel Aware": false,"Async Capable": false,"Relation Name": "supplier","Alias": "supplier","Startup Cost": 0.00,"Total Cost": 322.00,"Plan Rows": 10000,"Plan Width": 8,"Actual Startup Time": 0.042,"Actual Total Time": 9.282,"Actual Rows": 10000,"Actual Loops": 3,"Workers": []}]}]}]}]}]}]}]},"Planning Time": 10.906,"Triggers": [],"Execution Time": 863.139}]
[{"Plan": {"Node Type": "Sort","Parallel Aware": false,"Async Capable": false,"Startup Cost": 21616.39,"Total Cost": 21616.45,"Plan Rows": 25,"Plan Width": 136,"Actual Startup Time": 800.578,"Actual Total Time": 832.005,"Actual Rows": 5,"Actual Loops": 1,"Sort Key": ["(sum((lineitem.l_extendedprice * ('1'::numeric - lineitem.l_discount)))) DESC"],"Sort Method": "quicksort","Sort Space Used": 25,"Sort Space Type": "Memory","Plans": [{"Node Type": "Aggregate","Strategy": "Sorted","Partial Mode": "Finalize","Parent Relationship": "Outer","Parallel Aware": false,"Async Capable": false,"Startup Cost": 21601.33,"Total Cost": 21615.81,"Plan Rows": 25,"Plan Width": 136,"Actual Startup Time": 800.055,"Actual Total Time": 831.951,"Actual Rows": 5,"Actual Loops": 1,"Group Key": ["nation.n_name"],"Plans": [{"Node Type": "Gather Merge","Parent Relationship": "Outer","Parallel Aware": false,"Async Capable": false,"Startup Cost": 21601.33,"Total Cost": 21615.12,"Plan Rows": 50,"Plan Width": 136,"Actual Startup Time": 799.526,"Actual Total Time": 831.902,"Actual Rows": 15,"Actual Loops": 1,"Workers Planned": 2,"Workers Launched": 2,"Plans": [{"Node Type": "Aggregate","Strategy": "Sorted","Partial Mode": "Partial","Parent Relationship": "Outer","Parallel Aware": false,"Async Capable": false,"Startup Cost": 20601.30,"Total Cost": 20609.33,"Plan Rows": 25,"Plan Width": 136,"Actual Startup Time": 791.250,"Actual Total Time": 792.033,"Actual Rows": 5,"Actual Loops": 3,"Group Key": ["nation.n_name"],"Workers": [],"Plans": [{"Node Type": "Sort","Parent Relationship": "Outer","Parallel Aware": false,"Async Capable": false,"Startup Cost": 20601.30,"Total Cost": 20602.85,"Plan Rows": 617,"Plan Width": 116,"Actual Startup Time": 791.028,"Actual Total Time": 791.162,"Actual Rows": 2347,"Actual Loops": 3,"Sort Key": ["nation.n_name"],"Sort Method": "quicksort","Sort Space Used": 275,"Sort Space Type": "Memory","Workers": [{"Worker Number": 0,"Sort Method": "quicksort","Sort Space Used": 280,"Sort Space Type": "Memory"},{"Worker Number": 1,"Sort Method": "quicksort","Sort Space Used": 284,"Sort Space Type": "Memory"}],"Plans": [{"Node Type": "Hash Join","Parent Relationship": "Outer","Parallel Aware": false,"Async Capable": false,"Join Type": "Inner","Startup Cost": 475.27,"Total Cost": 20572.71,"Plan Rows": 617,"Plan Width": 116,"Actual Startup Time": 14.089,"Actual Total Time": 789.451,"Actual Rows": 2347,"Actual Loops": 3,"Inner Unique": true,"Hash Cond": "((lineitem.l_suppkey = supplier.s_suppkey) AND (customer.c_nationkey = supplier.s_nationkey))","Workers": [],"Plans": [{"Node Type": "Nested Loop","Parent Relationship": "Outer","Parallel Aware": false,"Async Capable": false,"Join Type": "Inner","Startup Cost": 3.27,"Total Cost": 20019.70,"Plan Rows": 15431,"Plan Width": 128,"Actual Startup Time": 0.813,"Actual Total Time": 745.242,"Actual Rows": 60682,"Actual Loops": 3,"Inner Unique": false,"Workers": [],"Plans": [{"Node Type": "Nested Loop","Parent Relationship": "Outer","Parallel Aware": false,"Async Capable": false,"Join Type": "Inner","Startup Cost": 2.84,"Total Cost": 8414.26,"Plan Rows": 3857,"Plan Width": 116,"Actual Startup Time": 0.648,"Actual Total Time": 445.539,"Actual Rows": 15117,"Actual Loops": 3,"Inner Unique": false,"Workers": [],"Plans": [{"Node Type": "Hash Join","Parent Relationship": "Outer","Parallel Aware": false,"Async Capable": false,"Join Type": "Inner","Startup Cost": 2.41,"Total Cost": 4471.79,"Plan Rows": 2500,"Plan Width": 116,"Actual Startup Time": 0.286,"Actual Total Time": 54.286,"Actual Rows": 9921,"Actual Loops": 3,"Inner Unique": false,"Hash Cond": "(customer.c_nationkey = nation.n_nationkey)","Workers": [],"Plans": [{"Node Type": "Seq Scan","Parent Relationship": "Outer","Parallel Aware": true,"Async Capable": false,"Relation Name": "customer","Alias": "customer","Startup Cost": 0.00,"Total Cost": 4210.00,"Plan Rows": 62500,"Plan Width": 8,"Actual Startup Time": 0.020,"Actual Total Time": 9.492,"Actual Rows": 50000,"Actual Loops": 3,"Workers": []},{"Node Type": "Hash","Parent Relationship": "Inner","Parallel Aware": false,"Async Capable": false,"Startup Cost": 2.40,"Total Cost": 2.40,"Plan Rows": 1,"Plan Width": 108,"Actual Startup Time": 0.159,"Actual Total Time": 0.178,"Actual Rows": 5,"Actual Loops": 3,"Hash Buckets": 1024,"Original Hash Buckets": 1024,"Hash Batches": 1,"Original Hash Batches": 1,"Peak Memory Usage": 9,"Workers": [],"Plans": [{"Node Type": "Hash Join","Parent Relationship": "Outer","Parallel Aware": false,"Async Capable": false,"Join Type": "Inner","Startup Cost": 1.07,"Total Cost": 2.40,"Plan Rows": 1,"Plan Width": 108,"Actual Startup Time": 0.141,"Actual Total Time": 0.166,"Actual Rows": 5,"Actual Loops": 3,"Inner Unique": true,"Hash Cond": "(nation.n_regionkey = region.r_regionkey)","Workers": [],"Plans": [{"Node Type": "Seq Scan","Parent Relationship": "Outer","Parallel Aware": false,"Async Capable": false,"Relation Name": "nation","Alias": "nation","Startup Cost": 0.00,"Total Cost": 1.25,"Plan Rows": 25,"Plan Width": 112,"Actual Startup Time": 0.054,"Actual Total Time": 0.058,"Actual Rows": 25,"Actual Loops": 3,"Workers": []},{"Node Type": "Hash","Parent Relationship": "Inner","Parallel Aware": false,"Async Capable": false,"Startup Cost": 1.06,"Total Cost": 1.06,"Plan Rows": 1,"Plan Width": 4,"Actual Startup Time": 0.057,"Actual Total Time": 0.062,"Actual Rows": 1,"Actual Loops": 3,"Hash Buckets": 1024,"Original Hash Buckets": 1024,"Hash Batches": 1,"Original Hash Batches": 1,"Peak Memory Usage": 9,"Workers": [],"Plans": [{"Node Type": "Seq Scan","Parent Relationship": "Outer","Parallel Aware": false,"Async Capable": false,"Relation Name": "region","Alias": "region","Startup Cost": 0.00,"Total Cost": 1.06,"Plan Rows": 1,"Plan Width": 4,"Actual Startup Time": 0.040,"Actual Total Time": 0.042,"Actual Rows": 1,"Actual Loops": 3,"Filter": "(r_name = 'AFRICA'::bpchar)","Rows Removed by Filter": 4,"Workers": []}]}]}]}]},{"Node Type": "Index Scan","Parent Relationship": "Inner","Parallel Aware": false,"Async Capable": false,"Scan Direction": "Forward","Index Name": "idx_orders_custkey","Relation Name": "orders","Alias": "orders","Startup Cost": 0.43,"Total Cost": 1.55,"Plan Rows": 3,"Plan Width": 8,"Actual Startup Time": 0.017,"Actual Total Time": 0.039,"Actual Rows": 2,"Actual Loops": 29764,"Index Cond": "(o_custkey = customer.c_custkey)","Rows Removed by Index Recheck": 0,"Filter": "((o_orderdate >= '1996-01-01'::date) AND (o_orderdate < '1997-01-01 00:00:00'::timestamp without time zone))","Rows Removed by Filter": 9,"Workers": []}]},{"Node Type": "Index Scan","Parent Relationship": "Inner","Parallel Aware": false,"Async Capable": false,"Scan Direction": "Forward","Index Name": "idx_lineitem_orderkey","Relation Name": "lineitem","Alias": "lineitem","Startup Cost": 0.43,"Total Cost": 2.84,"Plan Rows": 17,"Plan Width": 20,"Actual Startup Time": 0.016,"Actual Total Time": 0.019,"Actual Rows": 4,"Actual Loops": 45352,"Index Cond": "(l_orderkey = orders.o_orderkey)","Rows Removed by Index Recheck": 0,"Workers": []}]},{"Node Type": "Hash","Parent Relationship": "Inner","Parallel Aware": false,"Async Capable": false,"Startup Cost": 322.00,"Total Cost": 322.00,"Plan Rows": 10000,"Plan Width": 8,"Actual Startup Time": 12.144,"Actual Total Time": 12.150,"Actual Rows": 10000,"Actual Loops": 3,"Hash Buckets": 16384,"Original Hash Buckets": 16384,"Hash Batches": 1,"Original Hash Batches": 1,"Peak Memory Usage": 519,"Workers": [],"Plans": [{"Node Type": "Seq Scan","Parent Relationship": "Outer","Parallel Aware": false,"Async Capable": false,"Relation Name": "supplier","Alias": "supplier","Startup Cost": 0.00,"Total Cost": 322.00,"Plan Rows": 10000,"Plan Width": 8,"Actual Startup Time": 0.040,"Actual Total Time": 10.535,"Actual Rows": 10000,"Actual Loops": 3,"Workers": []}]}]}]}]}]}]}]},"Planning Time": 10.511,"Triggers": [],"Execution Time": 832.422}]
[{"Plan": {"Node Type": "Sort","Parallel Aware": false,"Async Capable": false,"Startup Cost": 21522.30,"Total Cost": 21522.36,"Plan Rows": 25,"Plan Width": 136,"Actual Startup Time": 801.786,"Actual Total Time": 833.013,"Actual Rows": 5,"Actual Loops": 1,"Sort Key": ["(sum((lineitem.l_extendedprice * ('1'::numeric - lineitem.l_discount)))) DESC"],"Sort Method": "quicksort","Sort Space Used": 25,"Sort Space Type": "Memory","Plans": [{"Node Type": "Aggregate","Strategy": "Sorted","Partial Mode": "Finalize","Parent Relationship": "Outer","Parallel Aware": false,"Async Capable": false,"Startup Cost": 21507.43,"Total Cost": 21521.72,"Plan Rows": 25,"Plan Width": 136,"Actual Startup Time": 801.172,"Actual Total Time": 832.958,"Actual Rows": 5,"Actual Loops": 1,"Group Key": ["nation.n_name"],"Plans": [{"Node Type": "Gather Merge","Parent Relationship": "Outer","Parallel Aware": false,"Async Capable": false,"Startup Cost": 21507.43,"Total Cost": 21521.03,"Plan Rows": 50,"Plan Width": 136,"Actual Startup Time": 800.500,"Actual Total Time": 832.892,"Actual Rows": 15,"Actual Loops": 1,"Workers Planned": 2,"Workers Launched": 2,"Plans": [{"Node Type": "Aggregate","Strategy": "Sorted","Partial Mode": "Partial","Parent Relationship": "Outer","Parallel Aware": false,"Async Capable": false,"Startup Cost": 20507.41,"Total Cost": 20515.23,"Plan Rows": 25,"Plan Width": 136,"Actual Startup Time": 792.564,"Actual Total Time": 793.457,"Actual Rows": 5,"Actual Loops": 3,"Group Key": ["nation.n_name"],"Workers": [],"Plans": [{"Node Type": "Sort","Parent Relationship": "Outer","Parallel Aware": false,"Async Capable": false,"Startup Cost": 20507.41,"Total Cost": 20508.91,"Plan Rows": 601,"Plan Width": 116,"Actual Startup Time": 792.353,"Actual Total Time": 792.502,"Actual Rows": 2513,"Actual Loops": 3,"Sort Key": ["nation.n_name"],"Sort Method": "quicksort","Sort Space Used": 296,"Sort Space Type": "Memory","Workers": [{"Worker Number": 0,"Sort Method": "quicksort","Sort Space Used": 291,"Sort Space Type": "Memory"},{"Worker Number": 1,"Sort Method": "quicksort","Sort Space Used": 292,"Sort Space Type": "Memory"}],"Plans": [{"Node Type": "Hash Join","Parent Relationship": "Outer","Parallel Aware": false,"Async Capable": false,"Join Type": "Inner","Startup Cost": 475.27,"Total Cost": 20479.67,"Plan Rows": 601,"Plan Width": 116,"Actual Startup Time": 14.275,"Actual Total Time": 790.899,"Actual Rows": 2513,"Actual Loops": 3,"Inner Unique": true,"Hash Cond": "((lineitem.l_suppkey = supplier.s_suppkey) AND (customer.c_nationkey = supplier.s_nationkey))","Workers": [],"Plans": [{"Node Type": "Nested Loop","Parent Relationship": "Outer","Parallel Aware": false,"Async Capable": false,"Join Type": "Inner","Startup Cost": 3.27,"Total Cost": 19928.78,"Plan Rows": 15027,"Plan Width": 128,"Actual Startup Time": 0.573,"Actual Total Time": 745.935,"Actual Rows": 60812,"Actual Loops": 3,"Inner Unique": false,"Workers": [],"Plans": [{"Node Type": "Nested Loop","Parent Relationship": "Outer","Parallel Aware": false,"Async Capable": false,"Join Type": "Inner","Startup Cost": 2.84,"Total Cost": 8414.26,"Plan Rows": 3756,"Plan Width": 116,"Actual Startup Time": 0.447,"Actual Total Time": 445.574,"Actual Rows": 15099,"Actual Loops": 3,"Inner Unique": false,"Workers": [],"Plans": [{"Node Type": "Hash Join","Parent Relationship": "Outer","Parallel Aware": false,"Async Capable": false,"Join Type": "Inner","Startup Cost": 2.41,"Total Cost": 4471.79,"Plan Rows": 2500,"Plan Width": 116,"Actual Startup Time": 0.261,"Actual Total Time": 54.435,"Actual Rows": 9984,"Actual Loops": 3,"Inner Unique": false,"Hash Cond": "(customer.c_nationkey = nation.n_nationkey)","Workers": [],"Plans": [{"Node Type": "Seq Scan","Parent Relationship": "Outer","Parallel Aware": true,"Async Capable": false,"Relation Name": "customer","Alias": "customer","Startup Cost": 0.00,"Total Cost": 4210.00,"Plan Rows": 62500,"Plan Width": 8,"Actual Startup Time": 0.020,"Actual Total Time": 9.427,"Actual Rows": 50000,"Actual Loops": 3,"Workers": []},{"Node Type": "Hash","Parent Relationship": "Inner","Parallel Aware": false,"Async Capable": false,"Startup Cost": 2.40,"Total Cost": 2.40,"Plan Rows": 1,"Plan Width": 108,"Actual Startup Time": 0.147,"Actual Total Time": 0.168,"Actual Rows": 5,"Actual Loops": 3,"Hash Buckets": 1024,"Original Hash Buckets": 1024,"Hash Batches": 1,"Original Hash Batches": 1,"Peak Memory Usage": 9,"Workers": [],"Plans": [{"Node Type": "Hash Join","Parent Relationship": "Outer","Parallel Aware": false,"Async Capable": false,"Join Type": "Inner","Startup Cost": 1.07,"Total Cost": 2.40,"Plan Rows": 1,"Plan Width": 108,"Actual Startup Time": 0.132,"Actual Total Time": 0.158,"Actual Rows": 5,"Actual Loops": 3,"Inner Unique": true,"Hash Cond": "(nation.n_regionkey = region.r_regionkey)","Workers": [],"Plans": [{"Node Type": "Seq Scan","Parent Relationship": "Outer","Parallel Aware": false,"Async Capable": false,"Relation Name": "nation","Alias": "nation","Startup Cost": 0.00,"Total Cost": 1.25,"Plan Rows": 25,"Plan Width": 112,"Actual Startup Time": 0.053,"Actual Total Time": 0.057,"Actual Rows": 25,"Actual Loops": 3,"Workers": []},{"Node Type": "Hash","Parent Relationship": "Inner","Parallel Aware": false,"Async Capable": false,"Startup Cost": 1.06,"Total Cost": 1.06,"Plan Rows": 1,"Plan Width": 4,"Actual Startup Time": 0.054,"Actual Total Time": 0.061,"Actual Rows": 1,"Actual Loops": 3,"Hash Buckets": 1024,"Original Hash Buckets": 1024,"Hash Batches": 1,"Original Hash Batches": 1,"Peak Memory Usage": 9,"Workers": [],"Plans": [{"Node Type": "Seq Scan","Parent Relationship": "Outer","Parallel Aware": false,"Async Capable": false,"Relation Name": "region","Alias": "region","Startup Cost": 0.00,"Total Cost": 1.06,"Plan Rows": 1,"Plan Width": 4,"Actual Startup Time": 0.037,"Actual Total Time": 0.039,"Actual Rows": 1,"Actual Loops": 3,"Filter": "(r_name = 'AMERICA'::bpchar)","Rows Removed by Filter": 4,"Workers": []}]}]}]}]},{"Node Type": "Index Scan","Parent Relationship": "Inner","Parallel Aware": false,"Async Capable": false,"Scan Direction": "Forward","Index Name": "idx_orders_custkey","Relation Name": "orders","Alias": "orders","Startup Cost": 0.43,"Total Cost": 1.55,"Plan Rows": 3,"Plan Width": 8,"Actual Startup Time": 0.016,"Actual Total Time": 0.039,"Actual Rows": 2,"Actual Loops": 29952,"Index Cond": "(o_custkey = customer.c_custkey)","Rows Removed by Index Recheck": 0,"Filter": "((o_orderdate >= '1993-01-01'::date) AND (o_orderdate < '1994-01-01 00:00:00'::timestamp without time zone))","Rows Removed by Filter": 8,"Workers": []}]},{"Node Type": "Index Scan","Parent Relationship": "Inner","Parallel Aware": false,"Async Capable": false,"Scan Direction": "Forward","Index Name": "idx_lineitem_orderkey","Relation Name": "lineitem","Alias": "lineitem","Startup Cost": 0.43,"Total Cost": 2.90,"Plan Rows": 17,"Plan Width": 20,"Actual Startup Time": 0.017,"Actual Total Time": 0.019,"Actual Rows": 4,"Actual Loops": 45297,"Index Cond": "(l_orderkey = orders.o_orderkey)","Rows Removed by Index Recheck": 0,"Workers": []}]},{"Node Type": "Hash","Parent Relationship": "Inner","Parallel Aware": false,"Async Capable": false,"Startup Cost": 322.00,"Total Cost": 322.00,"Plan Rows": 10000,"Plan Width": 8,"Actual Startup Time": 12.653,"Actual Total Time": 12.656,"Actual Rows": 10000,"Actual Loops": 3,"Hash Buckets": 16384,"Original Hash Buckets": 16384,"Hash Batches": 1,"Original Hash Batches": 1,"Peak Memory Usage": 519,"Workers": [],"Plans": [{"Node Type": "Seq Scan","Parent Relationship": "Outer","Parallel Aware": false,"Async Capable": false,"Relation Name": "supplier","Alias": "supplier","Startup Cost": 0.00,"Total Cost": 322.00,"Plan Rows": 10000,"Plan Width": 8,"Actual Startup Time": 0.038,"Actual Total Time": 10.961,"Actual Rows": 10000,"Actual Loops": 3,"Workers": []}]}]}]}]}]}]}]},"Planning Time": 9.512,"Triggers": [],"Execution Time": 833.531}]
[{"Plan": {"Node Type": "Sort","Parallel Aware": false,"Async Capable": false,"Startup Cost": 21612.43,"Total Cost": 21612.50,"Plan Rows": 25,"Plan Width": 136,"Actual Startup Time": 832.616,"Actual Total Time": 862.680,"Actual Rows": 5,"Actual Loops": 1,"Sort Key": ["(sum((lineitem.l_extendedprice * ('1'::numeric - lineitem.l_discount)))) DESC"],"Sort Method": "quicksort","Sort Space Used": 25,"Sort Space Type": "Memory","Plans": [{"Node Type": "Aggregate","Strategy": "Sorted","Partial Mode": "Finalize","Parent Relationship": "Outer","Parallel Aware": false,"Async Capable": false,"Startup Cost": 21597.38,"Total Cost": 21611.85,"Plan Rows": 25,"Plan Width": 136,"Actual Startup Time": 832.009,"Actual Total Time": 862.637,"Actual Rows": 5,"Actual Loops": 1,"Group Key": ["nation.n_name"],"Plans": [{"Node Type": "Gather Merge","Parent Relationship": "Outer","Parallel Aware": false,"Async Capable": false,"Startup Cost": 21597.38,"Total Cost": 21611.17,"Plan Rows": 50,"Plan Width": 136,"Actual Startup Time": 831.804,"Actual Total Time": 862.590,"Actual Rows": 15,"Actual Loops": 1,"Workers Planned": 2,"Workers Launched": 2,"Plans": [{"Node Type": "Aggregate","Strategy": "Sorted","Partial Mode": "Partial","Parent Relationship": "Outer","Parallel Aware": false,"Async Capable": false,"Startup Cost": 20597.36,"Total Cost": 20605.37,"Plan Rows": 25,"Plan Width": 136,"Actual Startup Time": 824.333,"Actual Total Time": 825.038,"Actual Rows": 5,"Actual Loops": 3,"Group Key": ["nation.n_name"],"Workers": [],"Plans": [{"Node Type": "Sort","Parent Relationship": "Outer","Parallel Aware": false,"Async Capable": false,"Startup Cost": 20597.36,"Total Cost": 20598.90,"Plan Rows": 616,"Plan Width": 116,"Actual Startup Time": 824.137,"Actual Total Time": 824.256,"Actual Rows": 2417,"Actual Loops": 3,"Sort Key": ["nation.n_name"],"Sort Method": "quicksort","Sort Space Used": 288,"Sort Space Type": "Memory","Workers": [{"Worker Number": 0,"Sort Method": "quicksort","Sort Space Used": 280,"Sort Space Type": "Memory"},{"Worker Number": 1,"Sort Method": "quicksort","Sort Space Used": 288,"Sort Space Type": "Memory"}],"Plans": [{"Node Type": "Hash Join","Parent Relationship": "Outer","Parallel Aware": false,"Async Capable": false,"Join Type": "Inner","Startup Cost": 475.27,"Total Cost": 20568.82,"Plan Rows": 616,"Plan Width": 116,"Actual Startup Time": 12.703,"Actual Total Time": 822.671,"Actual Rows": 2417,"Actual Loops": 3,"Inner Unique": true,"Hash Cond": "((lineitem.l_suppkey = supplier.s_suppkey) AND (customer.c_nationkey = supplier.s_nationkey))","Workers": [],"Plans": [{"Node Type": "Nested Loop","Parent Relationship": "Outer","Parallel Aware": false,"Async Capable": false,"Join Type": "Inner","Startup Cost": 3.27,"Total Cost": 20015.89,"Plan Rows": 15415,"Plan Width": 128,"Actual Startup Time": 0.571,"Actual Total Time": 776.984,"Actual Rows": 59997,"Actual Loops": 3,"Inner Unique": false,"Workers": [],"Plans": [{"Node Type": "Nested Loop","Parent Relationship": "Outer","Parallel Aware": false,"Async Capable": false,"Join Type": "Inner","Startup Cost": 2.84,"Total Cost": 8414.26,"Plan Rows": 3853,"Plan Width": 116,"Actual Startup Time": 0.454,"Actual Total Time": 470.088,"Actual Rows": 15003,"Actual Loops": 3,"Inner Unique": false,"Workers": [],"Plans": [{"Node Type": "Hash Join","Parent Relationship": "Outer","Parallel Aware": false,"Async Capable": false,"Join Type": "Inner","Startup Cost": 2.41,"Total Cost": 4471.79,"Plan Rows": 2500,"Plan Width": 116,"Actual Startup Time": 0.227,"Actual Total Time": 60.370,"Actual Rows": 9968,"Actual Loops": 3,"Inner Unique": false,"Hash Cond": "(customer.c_nationkey = nation.n_nationkey)","Workers": [],"Plans": [{"Node Type": "Seq Scan","Parent Relationship": "Outer","Parallel Aware": true,"Async Capable": false,"Relation Name": "customer","Alias": "customer","Startup Cost": 0.00,"Total Cost": 4210.00,"Plan Rows": 62500,"Plan Width": 8,"Actual Startup Time": 0.013,"Actual Total Time": 10.099,"Actual Rows": 50000,"Actual Loops": 3,"Workers": []},{"Node Type": "Hash","Parent Relationship": "Inner","Parallel Aware": false,"Async Capable": false,"Startup Cost": 2.40,"Total Cost": 2.40,"Plan Rows": 1,"Plan Width": 108,"Actual Startup Time": 0.138,"Actual Total Time": 0.150,"Actual Rows": 5,"Actual Loops": 3,"Hash Buckets": 1024,"Original Hash Buckets": 1024,"Hash Batches": 1,"Original Hash Batches": 1,"Peak Memory Usage": 9,"Workers": [],"Plans": [{"Node Type": "Hash Join","Parent Relationship": "Outer","Parallel Aware": false,"Async Capable": false,"Join Type": "Inner","Startup Cost": 1.07,"Total Cost": 2.40,"Plan Rows": 1,"Plan Width": 108,"Actual Startup Time": 0.125,"Actual Total Time": 0.142,"Actual Rows": 5,"Actual Loops": 3,"Inner Unique": true,"Hash Cond": "(nation.n_regionkey = region.r_regionkey)","Workers": [],"Plans": [{"Node Type": "Seq Scan","Parent Relationship": "Outer","Parallel Aware": false,"Async Capable": false,"Relation Name": "nation","Alias": "nation","Startup Cost": 0.00,"Total Cost": 1.25,"Plan Rows": 25,"Plan Width": 112,"Actual Startup Time": 0.044,"Actual Total Time": 0.047,"Actual Rows": 25,"Actual Loops": 3,"Workers": []},{"Node Type": "Hash","Parent Relationship": "Inner","Parallel Aware": false,"Async Capable": false,"Startup Cost": 1.06,"Total Cost": 1.06,"Plan Rows": 1,"Plan Width": 4,"Actual Startup Time": 0.054,"Actual Total Time": 0.057,"Actual Rows": 1,"Actual Loops": 3,"Hash Buckets": 1024,"Original Hash Buckets": 1024,"Hash Batches": 1,"Original Hash Batches": 1,"Peak Memory Usage": 9,"Workers": [],"Plans": [{"Node Type": "Seq Scan","Parent Relationship": "Outer","Parallel Aware": false,"Async Capable": false,"Relation Name": "region","Alias": "region","Startup Cost": 0.00,"Total Cost": 1.06,"Plan Rows": 1,"Plan Width": 4,"Actual Startup Time": 0.039,"Actual Total Time": 0.040,"Actual Rows": 1,"Actual Loops": 3,"Filter": "(r_name = 'MIDDLE EAST'::bpchar)","Rows Removed by Filter": 4,"Workers": []}]}]}]}]},{"Node Type": "Index Scan","Parent Relationship": "Inner","Parallel Aware": false,"Async Capable": false,"Scan Direction": "Forward","Index Name": "idx_orders_custkey","Relation Name": "orders","Alias": "orders","Startup Cost": 0.43,"Total Cost": 1.55,"Plan Rows": 3,"Plan Width": 8,"Actual Startup Time": 0.017,"Actual Total Time": 0.041,"Actual Rows": 2,"Actual Loops": 29904,"Index Cond": "(o_custkey = customer.c_custkey)","Rows Removed by Index Recheck": 0,"Filter": "((o_orderdate >= '1994-01-01'::date) AND (o_orderdate < '1995-01-01 00:00:00'::timestamp without time zone))","Rows Removed by Filter": 8,"Workers": []}]},{"Node Type": "Index Scan","Parent Relationship": "Inner","Parallel Aware": false,"Async Capable": false,"Scan Direction": "Forward","Index Name": "idx_lineitem_orderkey","Relation Name": "lineitem","Alias": "lineitem","Startup Cost": 0.43,"Total Cost": 2.84,"Plan Rows": 17,"Plan Width": 20,"Actual Startup Time": 0.017,"Actual Total Time": 0.020,"Actual Rows": 4,"Actual Loops": 45009,"Index Cond": "(l_orderkey = orders.o_orderkey)","Rows Removed by Index Recheck": 0,"Workers": []}]},{"Node Type": "Hash","Parent Relationship": "Inner","Parallel Aware": false,"Async Capable": false,"Startup Cost": 322.00,"Total Cost": 322.00,"Plan Rows": 10000,"Plan Width": 8,"Actual Startup Time": 11.133,"Actual Total Time": 11.135,"Actual Rows": 10000,"Actual Loops": 3,"Hash Buckets": 16384,"Original Hash Buckets": 16384,"Hash Batches": 1,"Original Hash Batches": 1,"Peak Memory Usage": 519,"Workers": [],"Plans": [{"Node Type": "Seq Scan","Parent Relationship": "Outer","Parallel Aware": false,"Async Capable": false,"Relation Name": "supplier","Alias": "supplier","Startup Cost": 0.00,"Total Cost": 322.00,"Plan Rows": 10000,"Plan Width": 8,"Actual Startup Time": 0.042,"Actual Total Time": 9.282,"Actual Rows": 10000,"Actual Loops": 3,"Workers": []}]}]}]}]}]}]}]},"Planning Time": 10.906,"Triggers": [],"Execution Time": 863.139}]
[{"Plan": {"Node Type": "Sort","Parallel Aware": false,"Async Capable": false,"Startup Cost": 21616.39,"Total Cost": 21616.45,"Plan Rows": 25,"Plan Width": 136,"Actual Startup Time": 802.725,"Actual Total Time": 834.940,"Actual Rows": 5,"Actual Loops": 1,"Sort Key": ["(sum((lineitem.l_extendedprice * ('1'::numeric - lineitem.l_discount)))) DESC"],"Sort Method": "quicksort","Sort Space Used": 25,"Sort Space Type": "Memory","Plans": [{"Node Type": "Aggregate","Strategy": "Sorted","Partial Mode": "Finalize","Parent Relationship": "Outer","Parallel Aware": false,"Async Capable": false,"Startup Cost": 21601.33,"Total Cost": 21615.81,"Plan Rows": 25,"Plan Width": 136,"Actual Startup Time": 802.089,"Actual Total Time": 834.889,"Actual Rows": 5,"Actual Loops": 1,"Group Key": ["nation.n_name"],"Plans": [{"Node Type": "Gather Merge","Parent Relationship": "Outer","Parallel Aware": false,"Async Capable": false,"Startup Cost": 21601.33,"Total Cost": 21615.12,"Plan Rows": 50,"Plan Width": 136,"Actual Startup Time": 801.869,"Actual Total Time": 834.838,"Actual Rows": 15,"Actual Loops": 1,"Workers Planned": 2,"Workers Launched": 2,"Plans": [{"Node Type": "Aggregate","Strategy": "Sorted","Partial Mode": "Partial","Parent Relationship": "Outer","Parallel Aware": false,"Async Capable": false,"Startup Cost": 20601.30,"Total Cost": 20609.33,"Plan Rows": 25,"Plan Width": 136,"Actual Startup Time": 794.218,"Actual Total Time": 794.940,"Actual Rows": 5,"Actual Loops": 3,"Group Key": ["nation.n_name"],"Workers": [],"Plans": [{"Node Type": "Sort","Parent Relationship": "Outer","Parallel Aware": false,"Async Capable": false,"Startup Cost": 20601.30,"Total Cost": 20602.85,"Plan Rows": 617,"Plan Width": 116,"Actual Startup Time": 793.996,"Actual Total Time": 794.120,"Actual Rows": 2469,"Actual Loops": 3,"Sort Key": ["nation.n_name"],"Sort Method": "quicksort","Sort Space Used": 296,"Sort Space Type": "Memory","Workers": [{"Worker Number": 0,"Sort Method": "quicksort","Sort Space Used": 284,"Sort Space Type": "Memory"},{"Worker Number": 1,"Sort Method": "quicksort","Sort Space Used": 288,"Sort Space Type": "Memory"}],"Plans": [{"Node Type": "Hash Join","Parent Relationship": "Outer","Parallel Aware": false,"Async Capable": false,"Join Type": "Inner","Startup Cost": 475.27,"Total Cost": 20572.71,"Plan Rows": 617,"Plan Width": 116,"Actual Startup Time": 14.848,"Actual Total Time": 792.432,"Actual Rows": 2469,"Actual Loops": 3,"Inner Unique": true,"Hash Cond": "((lineitem.l_suppkey = supplier.s_suppkey) AND (customer.c_nationkey = supplier.s_nationkey))","Workers": [],"Plans": [{"Node Type": "Nested Loop","Parent Relationship": "Outer","Parallel Aware": false,"Async Capable": false,"Join Type": "Inner","Startup Cost": 3.27,"Total Cost": 20019.70,"Plan Rows": 15431,"Plan Width": 128,"Actual Startup Time": 0.724,"Actual Total Time": 746.203,"Actual Rows": 60646,"Actual Loops": 3,"Inner Unique": false,"Workers": [],"Plans": [{"Node Type": "Nested Loop","Parent Relationship": "Outer","Parallel Aware": false,"Async Capable": false,"Join Type": "Inner","Startup Cost": 2.84,"Total Cost": 8414.26,"Plan Rows": 3857,"Plan Width": 116,"Actual Startup Time": 0.603,"Actual Total Time": 446.704,"Actual Rows": 15077,"Actual Loops": 3,"Inner Unique": false,"Workers": [],"Plans": [{"Node Type": "Hash Join","Parent Relationship": "Outer","Parallel Aware": false,"Async Capable": false,"Join Type": "Inner","Startup Cost": 2.41,"Total Cost": 4471.79,"Plan Rows": 2500,"Plan Width": 116,"Actual Startup Time": 0.232,"Actual Total Time": 54.148,"Actual Rows": 9968,"Actual Loops": 3,"Inner Unique": false,"Hash Cond": "(customer.c_nationkey = nation.n_nationkey)","Workers": [],"Plans": [{"Node Type": "Seq Scan","Parent Relationship": "Outer","Parallel Aware": true,"Async Capable": false,"Relation Name": "customer","Alias": "customer","Startup Cost": 0.00,"Total Cost": 4210.00,"Plan Rows": 62500,"Plan Width": 8,"Actual Startup Time": 0.016,"Actual Total Time": 9.432,"Actual Rows": 50000,"Actual Loops": 3,"Workers": []},{"Node Type": "Hash","Parent Relationship": "Inner","Parallel Aware": false,"Async Capable": false,"Startup Cost": 2.40,"Total Cost": 2.40,"Plan Rows": 1,"Plan Width": 108,"Actual Startup Time": 0.135,"Actual Total Time": 0.148,"Actual Rows": 5,"Actual Loops": 3,"Hash Buckets": 1024,"Original Hash Buckets": 1024,"Hash Batches": 1,"Original Hash Batches": 1,"Peak Memory Usage": 9,"Workers": [],"Plans": [{"Node Type": "Hash Join","Parent Relationship": "Outer","Parallel Aware": false,"Async Capable": false,"Join Type": "Inner","Startup Cost": 1.07,"Total Cost": 2.40,"Plan Rows": 1,"Plan Width": 108,"Actual Startup Time": 0.120,"Actual Total Time": 0.140,"Actual Rows": 5,"Actual Loops": 3,"Inner Unique": true,"Hash Cond": "(nation.n_regionkey = region.r_regionkey)","Workers": [],"Plans": [{"Node Type": "Seq Scan","Parent Relationship": "Outer","Parallel Aware": false,"Async Capable": false,"Relation Name": "nation","Alias": "nation","Startup Cost": 0.00,"Total Cost": 1.25,"Plan Rows": 25,"Plan Width": 112,"Actual Startup Time": 0.048,"Actual Total Time": 0.052,"Actual Rows": 25,"Actual Loops": 3,"Workers": []},{"Node Type": "Hash","Parent Relationship": "Inner","Parallel Aware": false,"Async Capable": false,"Startup Cost": 1.06,"Total Cost": 1.06,"Plan Rows": 1,"Plan Width": 4,"Actual Startup Time": 0.046,"Actual Total Time": 0.050,"Actual Rows": 1,"Actual Loops": 3,"Hash Buckets": 1024,"Original Hash Buckets": 1024,"Hash Batches": 1,"Original Hash Batches": 1,"Peak Memory Usage": 9,"Workers": [],"Plans": [{"Node Type": "Seq Scan","Parent Relationship": "Outer","Parallel Aware": false,"Async Capable": false,"Relation Name": "region","Alias": "region","Startup Cost": 0.00,"Total Cost": 1.06,"Plan Rows": 1,"Plan Width": 4,"Actual Startup Time": 0.033,"Actual Total Time": 0.035,"Actual Rows": 1,"Actual Loops": 3,"Filter": "(r_name = 'MIDDLE EAST'::bpchar)","Rows Removed by Filter": 4,"Workers": []}]}]}]}]},{"Node Type": "Index Scan","Parent Relationship": "Inner","Parallel Aware": false,"Async Capable": false,"Scan Direction": "Forward","Index Name": "idx_orders_custkey","Relation Name": "orders","Alias": "orders","Startup Cost": 0.43,"Total Cost": 1.55,"Plan Rows": 3,"Plan Width": 8,"Actual Startup Time": 0.017,"Actual Total Time": 0.039,"Actual Rows": 2,"Actual Loops": 29904,"Index Cond": "(o_custkey = customer.c_custkey)","Rows Removed by Index Recheck": 0,"Filter": "((o_orderdate >= '1996-01-01'::date) AND (o_orderdate < '1997-01-01 00:00:00'::timestamp without time zone))","Rows Removed by Filter": 8,"Workers": []}]},{"Node Type": "Index Scan","Parent Relationship": "Inner","Parallel Aware": false,"Async Capable": false,"Scan Direction": "Forward","Index Name": "idx_lineitem_orderkey","Relation Name": "lineitem","Alias": "lineitem","Startup Cost": 0.43,"Total Cost": 2.84,"Plan Rows": 17,"Plan Width": 20,"Actual Startup Time": 0.016,"Actual Total Time": 0.019,"Actual Rows": 4,"Actual Loops": 45231,"Index Cond": "(l_orderkey = orders.o_orderkey)","Rows Removed by Index Recheck": 0,"Workers": []}]},{"Node Type": "Hash","Parent Relationship": "Inner","Parallel Aware": false,"Async Capable": false,"Startup Cost": 322.00,"Total Cost": 322.00,"Plan Rows": 10000,"Plan Width": 8,"Actual Startup Time": 13.111,"Actual Total Time": 13.116,"Actual Rows": 10000,"Actual Loops": 3,"Hash Buckets": 16384,"Original Hash Buckets": 16384,"Hash Batches": 1,"Original Hash Batches": 1,"Peak Memory Usage": 519,"Workers": [],"Plans": [{"Node Type": "Seq Scan","Parent Relationship": "Outer","Parallel Aware": false,"Async Capable": false,"Relation Name": "supplier","Alias": "supplier","Startup Cost": 0.00,"Total Cost": 322.00,"Plan Rows": 10000,"Plan Width": 8,"Actual Startup Time": 0.041,"Actual Total Time": 11.446,"Actual Rows": 10000,"Actual Loops": 3,"Workers": []}]}]}]}]}]}]}]},"Planning Time": 10.334,"Triggers": [],"Execution Time": 835.373}]
[{"Plan": {"Node Type": "Sort","Parallel Aware": false,"Async Capable": false,"Startup Cost": 21612.43,"Total Cost": 21612.50,"Plan Rows": 25,"Plan Width": 136,"Actual Startup Time": 827.834,"Actual Total Time": 858.973,"Actual Rows": 5,"Actual Loops": 1,"Sort Key": ["(sum((lineitem.l_extendedprice * ('1'::numeric - lineitem.l_discount)))) DESC"],"Sort Method": "quicksort","Sort Space Used": 25,"Sort Space Type": "Memory","Plans": [{"Node Type": "Aggregate","Strategy": "Sorted","Partial Mode": "Finalize","Parent Relationship": "Outer","Parallel Aware": false,"Async Capable": false,"Startup Cost": 21597.38,"Total Cost": 21611.85,"Plan Rows": 25,"Plan Width": 136,"Actual Startup Time": 827.274,"Actual Total Time": 858.918,"Actual Rows": 5,"Actual Loops": 1,"Group Key": ["nation.n_name"],"Plans": [{"Node Type": "Gather Merge","Parent Relationship": "Outer","Parallel Aware": false,"Async Capable": false,"Startup Cost": 21597.38,"Total Cost": 21611.17,"Plan Rows": 50,"Plan Width": 136,"Actual Startup Time": 827.088,"Actual Total Time": 858.883,"Actual Rows": 15,"Actual Loops": 1,"Workers Planned": 2,"Workers Launched": 2,"Plans": [{"Node Type": "Aggregate","Strategy": "Sorted","Partial Mode": "Partial","Parent Relationship": "Outer","Parallel Aware": false,"Async Capable": false,"Startup Cost": 20597.36,"Total Cost": 20605.37,"Plan Rows": 25,"Plan Width": 136,"Actual Startup Time": 818.981,"Actual Total Time": 819.657,"Actual Rows": 5,"Actual Loops": 3,"Group Key": ["nation.n_name"],"Workers": [],"Plans": [{"Node Type": "Sort","Parent Relationship": "Outer","Parallel Aware": false,"Async Capable": false,"Startup Cost": 20597.36,"Total Cost": 20598.90,"Plan Rows": 616,"Plan Width": 116,"Actual Startup Time": 818.754,"Actual Total Time": 818.877,"Actual Rows": 2367,"Actual Loops": 3,"Sort Key": ["nation.n_name"],"Sort Method": "quicksort","Sort Space Used": 283,"Sort Space Type": "Memory","Workers": [{"Worker Number": 0,"Sort Method": "quicksort","Sort Space Used": 277,"Sort Space Type": "Memory"},{"Worker Number": 1,"Sort Method": "quicksort","Sort Space Used": 284,"Sort Space Type": "Memory"}],"Plans": [{"Node Type": "Hash Join","Parent Relationship": "Outer","Parallel Aware": false,"Async Capable": false,"Join Type": "Inner","Startup Cost": 475.27,"Total Cost": 20568.82,"Plan Rows": 616,"Plan Width": 116,"Actual Startup Time": 13.272,"Actual Total Time": 817.265,"Actual Rows": 2367,"Actual Loops": 3,"Inner Unique": true,"Hash Cond": "((lineitem.l_suppkey = supplier.s_suppkey) AND (customer.c_nationkey = supplier.s_nationkey))","Workers": [],"Plans": [{"Node Type": "Nested Loop","Parent Relationship": "Outer","Parallel Aware": false,"Async Capable": false,"Join Type": "Inner","Startup Cost": 3.27,"Total Cost": 20015.89,"Plan Rows": 15415,"Plan Width": 128,"Actual Startup Time": 0.973,"Actual Total Time": 770.169,"Actual Rows": 60208,"Actual Loops": 3,"Inner Unique": false,"Workers": [],"Plans": [{"Node Type": "Nested Loop","Parent Relationship": "Outer","Parallel Aware": false,"Async Capable": false,"Join Type": "Inner","Startup Cost": 2.84,"Total Cost": 8414.26,"Plan Rows": 3853,"Plan Width": 116,"Actual Startup Time": 0.870,"Actual Total Time": 466.623,"Actual Rows": 15051,"Actual Loops": 3,"Inner Unique": false,"Workers": [],"Plans": [{"Node Type": "Hash Join","Parent Relationship": "Outer","Parallel Aware": false,"Async Capable": false,"Join Type": "Inner","Startup Cost": 2.41,"Total Cost": 4471.79,"Plan Rows": 2500,"Plan Width": 116,"Actual Startup Time": 0.250,"Actual Total Time": 58.358,"Actual Rows": 9921,"Actual Loops": 3,"Inner Unique": false,"Hash Cond": "(customer.c_nationkey = nation.n_nationkey)","Workers": [],"Plans": [{"Node Type": "Seq Scan","Parent Relationship": "Outer","Parallel Aware": true,"Async Capable": false,"Relation Name": "customer","Alias": "customer","Startup Cost": 0.00,"Total Cost": 4210.00,"Plan Rows": 62500,"Plan Width": 8,"Actual Startup Time": 0.013,"Actual Total Time": 10.073,"Actual Rows": 50000,"Actual Loops": 3,"Workers": []},{"Node Type": "Hash","Parent Relationship": "Inner","Parallel Aware": false,"Async Capable": false,"Startup Cost": 2.40,"Total Cost": 2.40,"Plan Rows": 1,"Plan Width": 108,"Actual Startup Time": 0.153,"Actual Total Time": 0.173,"Actual Rows": 5,"Actual Loops": 3,"Hash Buckets": 1024,"Original Hash Buckets": 1024,"Hash Batches": 1,"Original Hash Batches": 1,"Peak Memory Usage": 9,"Workers": [],"Plans": [{"Node Type": "Hash Join","Parent Relationship": "Outer","Parallel Aware": false,"Async Capable": false,"Join Type": "Inner","Startup Cost": 1.07,"Total Cost": 2.40,"Plan Rows": 1,"Plan Width": 108,"Actual Startup Time": 0.137,"Actual Total Time": 0.162,"Actual Rows": 5,"Actual Loops": 3,"Inner Unique": true,"Hash Cond": "(nation.n_regionkey = region.r_regionkey)","Workers": [],"Plans": [{"Node Type": "Seq Scan","Parent Relationship": "Outer","Parallel Aware": false,"Async Capable": false,"Relation Name": "nation","Alias": "nation","Startup Cost": 0.00,"Total Cost": 1.25,"Plan Rows": 25,"Plan Width": 112,"Actual Startup Time": 0.055,"Actual Total Time": 0.059,"Actual Rows": 25,"Actual Loops": 3,"Workers": []},{"Node Type": "Hash","Parent Relationship": "Inner","Parallel Aware": false,"Async Capable": false,"Startup Cost": 1.06,"Total Cost": 1.06,"Plan Rows": 1,"Plan Width": 4,"Actual Startup Time": 0.058,"Actual Total Time": 0.065,"Actual Rows": 1,"Actual Loops": 3,"Hash Buckets": 1024,"Original Hash Buckets": 1024,"Hash Batches": 1,"Original Hash Batches": 1,"Peak Memory Usage": 9,"Workers": [],"Plans": [{"Node Type": "Seq Scan","Parent Relationship": "Outer","Parallel Aware": false,"Async Capable": false,"Relation Name": "region","Alias": "region","Startup Cost": 0.00,"Total Cost": 1.06,"Plan Rows": 1,"Plan Width": 4,"Actual Startup Time": 0.044,"Actual Total Time": 0.048,"Actual Rows": 1,"Actual Loops": 3,"Filter": "(r_name = 'AFRICA'::bpchar)","Rows Removed by Filter": 4,"Workers": []}]}]}]}]},{"Node Type": "Index Scan","Parent Relationship": "Inner","Parallel Aware": false,"Async Capable": false,"Scan Direction": "Forward","Index Name": "idx_orders_custkey","Relation Name": "orders","Alias": "orders","Startup Cost": 0.43,"Total Cost": 1.55,"Plan Rows": 3,"Plan Width": 8,"Actual Startup Time": 0.018,"Actual Total Time": 0.041,"Actual Rows": 2,"Actual Loops": 29764,"Index Cond": "(o_custkey = customer.c_custkey)","Rows Removed by Index Recheck": 0,"Filter": "((o_orderdate >= '1994-01-01'::date) AND (o_orderdate < '1995-01-01 00:00:00'::timestamp without time zone))","Rows Removed by Filter": 9,"Workers": []}]},{"Node Type": "Index Scan","Parent Relationship": "Inner","Parallel Aware": false,"Async Capable": false,"Scan Direction": "Forward","Index Name": "idx_lineitem_orderkey","Relation Name": "lineitem","Alias": "lineitem","Startup Cost": 0.43,"Total Cost": 2.84,"Plan Rows": 17,"Plan Width": 20,"Actual Startup Time": 0.017,"Actual Total Time": 0.019,"Actual Rows": 4,"Actual Loops": 45152,"Index Cond": "(l_orderkey = orders.o_orderkey)","Rows Removed by Index Recheck": 0,"Workers": []}]},{"Node Type": "Hash","Parent Relationship": "Inner","Parallel Aware": false,"Async Capable": false,"Startup Cost": 322.00,"Total Cost": 322.00,"Plan Rows": 10000,"Plan Width": 8,"Actual Startup Time": 11.376,"Actual Total Time": 11.381,"Actual Rows": 10000,"Actual Loops": 3,"Hash Buckets": 16384,"Original Hash Buckets": 16384,"Hash Batches": 1,"Original Hash Batches": 1,"Peak Memory Usage": 519,"Workers": [],"Plans": [{"Node Type": "Seq Scan","Parent Relationship": "Outer","Parallel Aware": false,"Async Capable": false,"Relation Name": "supplier","Alias": "supplier","Startup Cost": 0.00,"Total Cost": 322.00,"Plan Rows": 10000,"Plan Width": 8,"Actual Startup Time": 0.042,"Actual Total Time": 9.565,"Actual Rows": 10000,"Actual Loops": 3,"Workers": []}]}]}]}]}]}]}]},"Planning Time": 10.751,"Triggers": [],"Execution Time": 859.508}]
[{"Plan": {"Node Type": "Sort","Parallel Aware": false,"Async Capable": false,"Startup Cost": 21612.43,"Total Cost": 21612.50,"Plan Rows": 25,"Plan Width": 136,"Actual Startup Time": 835.932,"Actual Total Time": 867.365,"Actual Rows": 5,"Actual Loops": 1,"Sort Key": ["(sum((lineitem.l_extendedprice * ('1'::numeric - lineitem.l_discount)))) DESC"],"Sort Method": "quicksort","Sort Space Used": 25,"Sort Space Type": "Memory","Plans": [{"Node Type": "Aggregate","Strategy": "Sorted","Partial Mode": "Finalize","Parent Relationship": "Outer","Parallel Aware": false,"Async Capable": false,"Startup Cost": 21597.38,"Total Cost": 21611.85,"Plan Rows": 25,"Plan Width": 136,"Actual Startup Time": 835.364,"Actual Total Time": 867.318,"Actual Rows": 5,"Actual Loops": 1,"Group Key": ["nation.n_name"],"Plans": [{"Node Type": "Gather Merge","Parent Relationship": "Outer","Parallel Aware": false,"Async Capable": false,"Startup Cost": 21597.38,"Total Cost": 21611.17,"Plan Rows": 50,"Plan Width": 136,"Actual Startup Time": 835.179,"Actual Total Time": 867.277,"Actual Rows": 15,"Actual Loops": 1,"Workers Planned": 2,"Workers Launched": 2,"Plans": [{"Node Type": "Aggregate","Strategy": "Sorted","Partial Mode": "Partial","Parent Relationship": "Outer","Parallel Aware": false,"Async Capable": false,"Startup Cost": 20597.36,"Total Cost": 20605.37,"Plan Rows": 25,"Plan Width": 136,"Actual Startup Time": 826.891,"Actual Total Time": 827.596,"Actual Rows": 5,"Actual Loops": 3,"Group Key": ["nation.n_name"],"Workers": [],"Plans": [{"Node Type": "Sort","Parent Relationship": "Outer","Parallel Aware": false,"Async Capable": false,"Startup Cost": 20597.36,"Total Cost": 20598.90,"Plan Rows": 616,"Plan Width": 116,"Actual Startup Time": 826.692,"Actual Total Time": 826.817,"Actual Rows": 2422,"Actual Loops": 3,"Sort Key": ["nation.n_name"],"Sort Method": "quicksort","Sort Space Used": 284,"Sort Space Type": "Memory","Workers": [{"Worker Number": 0,"Sort Method": "quicksort","Sort Space Used": 289,"Sort Space Type": "Memory"},{"Worker Number": 1,"Sort Method": "quicksort","Sort Space Used": 285,"Sort Space Type": "Memory"}],"Plans": [{"Node Type": "Hash Join","Parent Relationship": "Outer","Parallel Aware": false,"Async Capable": false,"Join Type": "Inner","Startup Cost": 475.27,"Total Cost": 20568.82,"Plan Rows": 616,"Plan Width": 116,"Actual Startup Time": 12.416,"Actual Total Time": 825.180,"Actual Rows": 2422,"Actual Loops": 3,"Inner Unique": true,"Hash Cond": "((lineitem.l_suppkey = supplier.s_suppkey) AND (customer.c_nationkey = supplier.s_nationkey))","Workers": [],"Plans": [{"Node Type": "Nested Loop","Parent Relationship": "Outer","Parallel Aware": false,"Async Capable": false,"Join Type": "Inner","Startup Cost": 3.27,"Total Cost": 20015.89,"Plan Rows": 15415,"Plan Width": 128,"Actual Startup Time": 0.717,"Actual Total Time": 776.964,"Actual Rows": 61524,"Actual Loops": 3,"Inner Unique": false,"Workers": [],"Plans": [{"Node Type": "Nested Loop","Parent Relationship": "Outer","Parallel Aware": false,"Async Capable": false,"Join Type": "Inner","Startup Cost": 2.84,"Total Cost": 8414.26,"Plan Rows": 3853,"Plan Width": 116,"Actual Startup Time": 0.594,"Actual Total Time": 468.318,"Actual Rows": 15364,"Actual Loops": 3,"Inner Unique": false,"Workers": [],"Plans": [{"Node Type": "Hash Join","Parent Relationship": "Outer","Parallel Aware": false,"Async Capable": false,"Join Type": "Inner","Startup Cost": 2.41,"Total Cost": 4471.79,"Plan Rows": 2500,"Plan Width": 116,"Actual Startup Time": 0.257,"Actual Total Time": 59.024,"Actual Rows": 10066,"Actual Loops": 3,"Inner Unique": false,"Hash Cond": "(customer.c_nationkey = nation.n_nationkey)","Workers": [],"Plans": [{"Node Type": "Seq Scan","Parent Relationship": "Outer","Parallel Aware": true,"Async Capable": false,"Relation Name": "customer","Alias": "customer","Startup Cost": 0.00,"Total Cost": 4210.00,"Plan Rows": 62500,"Plan Width": 8,"Actual Startup Time": 0.018,"Actual Total Time": 10.025,"Actual Rows": 50000,"Actual Loops": 3,"Workers": []},{"Node Type": "Hash","Parent Relationship": "Inner","Parallel Aware": false,"Async Capable": false,"Startup Cost": 2.40,"Total Cost": 2.40,"Plan Rows": 1,"Plan Width": 108,"Actual Startup Time": 0.151,"Actual Total Time": 0.168,"Actual Rows": 5,"Actual Loops": 3,"Hash Buckets": 1024,"Original Hash Buckets": 1024,"Hash Batches": 1,"Original Hash Batches": 1,"Peak Memory Usage": 9,"Workers": [],"Plans": [{"Node Type": "Hash Join","Parent Relationship": "Outer","Parallel Aware": false,"Async Capable": false,"Join Type": "Inner","Startup Cost": 1.07,"Total Cost": 2.40,"Plan Rows": 1,"Plan Width": 108,"Actual Startup Time": 0.138,"Actual Total Time": 0.159,"Actual Rows": 5,"Actual Loops": 3,"Inner Unique": true,"Hash Cond": "(nation.n_regionkey = region.r_regionkey)","Workers": [],"Plans": [{"Node Type": "Seq Scan","Parent Relationship": "Outer","Parallel Aware": false,"Async Capable": false,"Relation Name": "nation","Alias": "nation","Startup Cost": 0.00,"Total Cost": 1.25,"Plan Rows": 25,"Plan Width": 112,"Actual Startup Time": 0.050,"Actual Total Time": 0.055,"Actual Rows": 25,"Actual Loops": 3,"Workers": []},{"Node Type": "Hash","Parent Relationship": "Inner","Parallel Aware": false,"Async Capable": false,"Startup Cost": 1.06,"Total Cost": 1.06,"Plan Rows": 1,"Plan Width": 4,"Actual Startup Time": 0.059,"Actual Total Time": 0.064,"Actual Rows": 1,"Actual Loops": 3,"Hash Buckets": 1024,"Original Hash Buckets": 1024,"Hash Batches": 1,"Original Hash Batches": 1,"Peak Memory Usage": 9,"Workers": [],"Plans": [{"Node Type": "Seq Scan","Parent Relationship": "Outer","Parallel Aware": false,"Async Capable": false,"Relation Name": "region","Alias": "region","Startup Cost": 0.00,"Total Cost": 1.06,"Plan Rows": 1,"Plan Width": 4,"Actual Startup Time": 0.043,"Actual Total Time": 0.045,"Actual Rows": 1,"Actual Loops": 3,"Filter": "(r_name = 'EUROPE'::bpchar)","Rows Removed by Filter": 4,"Workers": []}]}]}]}]},{"Node Type": "Index Scan","Parent Relationship": "Inner","Parallel Aware": false,"Async Capable": false,"Scan Direction": "Forward","Index Name": "idx_orders_custkey","Relation Name": "orders","Alias": "orders","Startup Cost": 0.43,"Total Cost": 1.55,"Plan Rows": 3,"Plan Width": 8,"Actual Startup Time": 0.017,"Actual Total Time": 0.040,"Actual Rows": 2,"Actual Loops": 30197,"Index Cond": "(o_custkey = customer.c_custkey)","Rows Removed by Index Recheck": 0,"Filter": "((o_orderdate >= '1994-01-01'::date) AND (o_orderdate < '1995-01-01 00:00:00'::timestamp without time zone))","Rows Removed by Filter": 9,"Workers": []}]},{"Node Type": "Index Scan","Parent Relationship": "Inner","Parallel Aware": false,"Async Capable": false,"Scan Direction": "Forward","Index Name": "idx_lineitem_orderkey","Relation Name": "lineitem","Alias": "lineitem","Startup Cost": 0.43,"Total Cost": 2.84,"Plan Rows": 17,"Plan Width": 20,"Actual Startup Time": 0.017,"Actual Total Time": 0.019,"Actual Rows": 4,"Actual Loops": 46093,"Index Cond": "(l_orderkey = orders.o_orderkey)","Rows Removed by Index Recheck": 0,"Workers": []}]},{"Node Type": "Hash","Parent Relationship": "Inner","Parallel Aware": false,"Async Capable": false,"Startup Cost": 322.00,"Total Cost": 322.00,"Plan Rows": 10000,"Plan Width": 8,"Actual Startup Time": 10.479,"Actual Total Time": 10.484,"Actual Rows": 10000,"Actual Loops": 3,"Hash Buckets": 16384,"Original Hash Buckets": 16384,"Hash Batches": 1,"Original Hash Batches": 1,"Peak Memory Usage": 519,"Workers": [],"Plans": [{"Node Type": "Seq Scan","Parent Relationship": "Outer","Parallel Aware": false,"Async Capable": false,"Relation Name": "supplier","Alias": "supplier","Startup Cost": 0.00,"Total Cost": 322.00,"Plan Rows": 10000,"Plan Width": 8,"Actual Startup Time": 0.042,"Actual Total Time": 8.711,"Actual Rows": 10000,"Actual Loops": 3,"Workers": []}]}]}]}]}]}]}]},"Planning Time": 9.647,"Triggers": [],"Execution Time": 867.883}]
[{"Plan": {"Node Type": "Sort","Parallel Aware": false,"Async Capable": false,"Startup Cost": 21612.43,"Total Cost": 21612.50,"Plan Rows": 25,"Plan Width": 136,"Actual Startup Time": 869.393,"Actual Total Time": 902.560,"Actual Rows": 5,"Actual Loops": 1,"Sort Key": ["(sum((lineitem.l_extendedprice * ('1'::numeric - lineitem.l_discount)))) DESC"],"Sort Method": "quicksort","Sort Space Used": 25,"Sort Space Type": "Memory","Plans": [{"Node Type": "Aggregate","Strategy": "Sorted","Partial Mode": "Finalize","Parent Relationship": "Outer","Parallel Aware": false,"Async Capable": false,"Startup Cost": 21597.38,"Total Cost": 21611.85,"Plan Rows": 25,"Plan Width": 136,"Actual Startup Time": 868.803,"Actual Total Time": 902.507,"Actual Rows": 5,"Actual Loops": 1,"Group Key": ["nation.n_name"],"Plans": [{"Node Type": "Gather Merge","Parent Relationship": "Outer","Parallel Aware": false,"Async Capable": false,"Startup Cost": 21597.38,"Total Cost": 21611.17,"Plan Rows": 50,"Plan Width": 136,"Actual Startup Time": 868.587,"Actual Total Time": 902.449,"Actual Rows": 15,"Actual Loops": 1,"Workers Planned": 2,"Workers Launched": 2,"Plans": [{"Node Type": "Aggregate","Strategy": "Sorted","Partial Mode": "Partial","Parent Relationship": "Outer","Parallel Aware": false,"Async Capable": false,"Startup Cost": 20597.36,"Total Cost": 20605.37,"Plan Rows": 25,"Plan Width": 136,"Actual Startup Time": 861.245,"Actual Total Time": 861.945,"Actual Rows": 5,"Actual Loops": 3,"Group Key": ["nation.n_name"],"Workers": [],"Plans": [{"Node Type": "Sort","Parent Relationship": "Outer","Parallel Aware": false,"Async Capable": false,"Startup Cost": 20597.36,"Total Cost": 20598.90,"Plan Rows": 616,"Plan Width": 116,"Actual Startup Time": 861.036,"Actual Total Time": 861.162,"Actual Rows": 2414,"Actual Loops": 3,"Sort Key": ["nation.n_name"],"Sort Method": "quicksort","Sort Space Used": 290,"Sort Space Type": "Memory","Workers": [{"Worker Number": 0,"Sort Method": "quicksort","Sort Space Used": 286,"Sort Space Type": "Memory"},{"Worker Number": 1,"Sort Method": "quicksort","Sort Space Used": 280,"Sort Space Type": "Memory"}],"Plans": [{"Node Type": "Hash Join","Parent Relationship": "Outer","Parallel Aware": false,"Async Capable": false,"Join Type": "Inner","Startup Cost": 475.27,"Total Cost": 20568.82,"Plan Rows": 616,"Plan Width": 116,"Actual Startup Time": 8.997,"Actual Total Time": 859.532,"Actual Rows": 2414,"Actual Loops": 3,"Inner Unique": true,"Hash Cond": "((lineitem.l_suppkey = supplier.s_suppkey) AND (customer.c_nationkey = supplier.s_nationkey))","Workers": [],"Plans": [{"Node Type": "Nested Loop","Parent Relationship": "Outer","Parallel Aware": false,"Async Capable": false,"Join Type": "Inner","Startup Cost": 3.27,"Total Cost": 20015.89,"Plan Rows": 15415,"Plan Width": 128,"Actual Startup Time": 0.541,"Actual Total Time": 809.441,"Actual Rows": 61361,"Actual Loops": 3,"Inner Unique": false,"Workers": [],"Plans": [{"Node Type": "Nested Loop","Parent Relationship": "Outer","Parallel Aware": false,"Async Capable": false,"Join Type": "Inner","Startup Cost": 2.84,"Total Cost": 8414.26,"Plan Rows": 3853,"Plan Width": 116,"Actual Startup Time": 0.418,"Actual Total Time": 486.368,"Actual Rows": 15336,"Actual Loops": 3,"Inner Unique": false,"Workers": [],"Plans": [{"Node Type": "Hash Join","Parent Relationship": "Outer","Parallel Aware": false,"Async Capable": false,"Join Type": "Inner","Startup Cost": 2.41,"Total Cost": 4471.79,"Plan Rows": 2500,"Plan Width": 116,"Actual Startup Time": 0.218,"Actual Total Time": 58.257,"Actual Rows": 10061,"Actual Loops": 3,"Inner Unique": false,"Hash Cond": "(customer.c_nationkey = nation.n_nationkey)","Workers": [],"Plans": [{"Node Type": "Seq Scan","Parent Relationship": "Outer","Parallel Aware": true,"Async Capable": false,"Relation Name": "customer","Alias": "customer","Startup Cost": 0.00,"Total Cost": 4210.00,"Plan Rows": 62500,"Plan Width": 8,"Actual Startup Time": 0.013,"Actual Total Time": 9.753,"Actual Rows": 50000,"Actual Loops": 3,"Workers": []},{"Node Type": "Hash","Parent Relationship": "Inner","Parallel Aware": false,"Async Capable": false,"Startup Cost": 2.40,"Total Cost": 2.40,"Plan Rows": 1,"Plan Width": 108,"Actual Startup Time": 0.117,"Actual Total Time": 0.137,"Actual Rows": 5,"Actual Loops": 3,"Hash Buckets": 1024,"Original Hash Buckets": 1024,"Hash Batches": 1,"Original Hash Batches": 1,"Peak Memory Usage": 9,"Workers": [],"Plans": [{"Node Type": "Hash Join","Parent Relationship": "Outer","Parallel Aware": false,"Async Capable": false,"Join Type": "Inner","Startup Cost": 1.07,"Total Cost": 2.40,"Plan Rows": 1,"Plan Width": 108,"Actual Startup Time": 0.106,"Actual Total Time": 0.128,"Actual Rows": 5,"Actual Loops": 3,"Inner Unique": true,"Hash Cond": "(nation.n_regionkey = region.r_regionkey)","Workers": [],"Plans": [{"Node Type": "Seq Scan","Parent Relationship": "Outer","Parallel Aware": false,"Async Capable": false,"Relation Name": "nation","Alias": "nation","Startup Cost": 0.00,"Total Cost": 1.25,"Plan Rows": 25,"Plan Width": 112,"Actual Startup Time": 0.035,"Actual Total Time": 0.039,"Actual Rows": 25,"Actual Loops": 3,"Workers": []},{"Node Type": "Hash","Parent Relationship": "Inner","Parallel Aware": false,"Async Capable": false,"Startup Cost": 1.06,"Total Cost": 1.06,"Plan Rows": 1,"Plan Width": 4,"Actual Startup Time": 0.043,"Actual Total Time": 0.050,"Actual Rows": 1,"Actual Loops": 3,"Hash Buckets": 1024,"Original Hash Buckets": 1024,"Hash Batches": 1,"Original Hash Batches": 1,"Peak Memory Usage": 9,"Workers": [],"Plans": [{"Node Type": "Seq Scan","Parent Relationship": "Outer","Parallel Aware": false,"Async Capable": false,"Relation Name": "region","Alias": "region","Startup Cost": 0.00,"Total Cost": 1.06,"Plan Rows": 1,"Plan Width": 4,"Actual Startup Time": 0.031,"Actual Total Time": 0.033,"Actual Rows": 1,"Actual Loops": 3,"Filter": "(r_name = 'ASIA'::bpchar)","Rows Removed by Filter": 4,"Workers": []}]}]}]}]},{"Node Type": "Index Scan","Parent Relationship": "Inner","Parallel Aware": false,"Async Capable": false,"Scan Direction": "Forward","Index Name": "idx_orders_custkey","Relation Name": "orders","Alias": "orders","Startup Cost": 0.43,"Total Cost": 1.55,"Plan Rows": 3,"Plan Width": 8,"Actual Startup Time": 0.018,"Actual Total Time": 0.042,"Actual Rows": 2,"Actual Loops": 30183,"Index Cond": "(o_custkey = customer.c_custkey)","Rows Removed by Index Recheck": 0,"Filter": "((o_orderdate >= '1994-01-01'::date) AND (o_orderdate < '1995-01-01 00:00:00'::timestamp without time zone))","Rows Removed by Filter": 8,"Workers": []}]},{"Node Type": "Index Scan","Parent Relationship": "Inner","Parallel Aware": false,"Async Capable": false,"Scan Direction": "Forward","Index Name": "idx_lineitem_orderkey","Relation Name": "lineitem","Alias": "lineitem","Startup Cost": 0.43,"Total Cost": 2.84,"Plan Rows": 17,"Plan Width": 20,"Actual Startup Time": 0.017,"Actual Total Time": 0.020,"Actual Rows": 4,"Actual Loops": 46008,"Index Cond": "(l_orderkey = orders.o_orderkey)","Rows Removed by Index Recheck": 0,"Workers": []}]},{"Node Type": "Hash","Parent Relationship": "Inner","Parallel Aware": false,"Async Capable": false,"Startup Cost": 322.00,"Total Cost": 322.00,"Plan Rows": 10000,"Plan Width": 8,"Actual Startup Time": 7.849,"Actual Total Time": 7.853,"Actual Rows": 10000,"Actual Loops": 3,"Hash Buckets": 16384,"Original Hash Buckets": 16384,"Hash Batches": 1,"Original Hash Batches": 1,"Peak Memory Usage": 519,"Workers": [],"Plans": [{"Node Type": "Seq Scan","Parent Relationship": "Outer","Parallel Aware": false,"Async Capable": false,"Relation Name": "supplier","Alias": "supplier","Startup Cost": 0.00,"Total Cost": 322.00,"Plan Rows": 10000,"Plan Width": 8,"Actual Startup Time": 0.047,"Actual Total Time": 6.106,"Actual Rows": 10000,"Actual Loops": 3,"Workers": []}]}]}]}]}]}]}]},"Planning Time": 10.218,"Triggers": [],"Execution Time": 903.179}]
[{"Plan": {"Node Type": "Sort","Parallel Aware": false,"Async Capable": false,"Startup Cost": 21612.43,"Total Cost": 21612.50,"Plan Rows": 25,"Plan Width": 136,"Actual Startup Time": 832.616,"Actual Total Time": 862.680,"Actual Rows": 5,"Actual Loops": 1,"Sort Key": ["(sum((lineitem.l_extendedprice * ('1'::numeric - lineitem.l_discount)))) DESC"],"Sort Method": "quicksort","Sort Space Used": 25,"Sort Space Type": "Memory","Plans": [{"Node Type": "Aggregate","Strategy": "Sorted","Partial Mode": "Finalize","Parent Relationship": "Outer","Parallel Aware": false,"Async Capable": false,"Startup Cost": 21597.38,"Total Cost": 21611.85,"Plan Rows": 25,"Plan Width": 136,"Actual Startup Time": 832.009,"Actual Total Time": 862.637,"Actual Rows": 5,"Actual Loops": 1,"Group Key": ["nation.n_name"],"Plans": [{"Node Type": "Gather Merge","Parent Relationship": "Outer","Parallel Aware": false,"Async Capable": false,"Startup Cost": 21597.38,"Total Cost": 21611.17,"Plan Rows": 50,"Plan Width": 136,"Actual Startup Time": 831.804,"Actual Total Time": 862.590,"Actual Rows": 15,"Actual Loops": 1,"Workers Planned": 2,"Workers Launched": 2,"Plans": [{"Node Type": "Aggregate","Strategy": "Sorted","Partial Mode": "Partial","Parent Relationship": "Outer","Parallel Aware": false,"Async Capable": false,"Startup Cost": 20597.36,"Total Cost": 20605.37,"Plan Rows": 25,"Plan Width": 136,"Actual Startup Time": 824.333,"Actual Total Time": 825.038,"Actual Rows": 5,"Actual Loops": 3,"Group Key": ["nation.n_name"],"Workers": [],"Plans": [{"Node Type": "Sort","Parent Relationship": "Outer","Parallel Aware": false,"Async Capable": false,"Startup Cost": 20597.36,"Total Cost": 20598.90,"Plan Rows": 616,"Plan Width": 116,"Actual Startup Time": 824.137,"Actual Total Time": 824.256,"Actual Rows": 2417,"Actual Loops": 3,"Sort Key": ["nation.n_name"],"Sort Method": "quicksort","Sort Space Used": 288,"Sort Space Type": "Memory","Workers": [{"Worker Number": 0,"Sort Method": "quicksort","Sort Space Used": 280,"Sort Space Type": "Memory"},{"Worker Number": 1,"Sort Method": "quicksort","Sort Space Used": 288,"Sort Space Type": "Memory"}],"Plans": [{"Node Type": "Hash Join","Parent Relationship": "Outer","Parallel Aware": false,"Async Capable": false,"Join Type": "Inner","Startup Cost": 475.27,"Total Cost": 20568.82,"Plan Rows": 616,"Plan Width": 116,"Actual Startup Time": 12.703,"Actual Total Time": 822.671,"Actual Rows": 2417,"Actual Loops": 3,"Inner Unique": true,"Hash Cond": "((lineitem.l_suppkey = supplier.s_suppkey) AND (customer.c_nationkey = supplier.s_nationkey))","Workers": [],"Plans": [{"Node Type": "Nested Loop","Parent Relationship": "Outer","Parallel Aware": false,"Async Capable": false,"Join Type": "Inner","Startup Cost": 3.27,"Total Cost": 20015.89,"Plan Rows": 15415,"Plan Width": 128,"Actual Startup Time": 0.571,"Actual Total Time": 776.984,"Actual Rows": 59997,"Actual Loops": 3,"Inner Unique": false,"Workers": [],"Plans": [{"Node Type": "Nested Loop","Parent Relationship": "Outer","Parallel Aware": false,"Async Capable": false,"Join Type": "Inner","Startup Cost": 2.84,"Total Cost": 8414.26,"Plan Rows": 3853,"Plan Width": 116,"Actual Startup Time": 0.454,"Actual Total Time": 470.088,"Actual Rows": 15003,"Actual Loops": 3,"Inner Unique": false,"Workers": [],"Plans": [{"Node Type": "Hash Join","Parent Relationship": "Outer","Parallel Aware": false,"Async Capable": false,"Join Type": "Inner","Startup Cost": 2.41,"Total Cost": 4471.79,"Plan Rows": 2500,"Plan Width": 116,"Actual Startup Time": 0.227,"Actual Total Time": 60.370,"Actual Rows": 9968,"Actual Loops": 3,"Inner Unique": false,"Hash Cond": "(customer.c_nationkey = nation.n_nationkey)","Workers": [],"Plans": [{"Node Type": "Seq Scan","Parent Relationship": "Outer","Parallel Aware": true,"Async Capable": false,"Relation Name": "customer","Alias": "customer","Startup Cost": 0.00,"Total Cost": 4210.00,"Plan Rows": 62500,"Plan Width": 8,"Actual Startup Time": 0.013,"Actual Total Time": 10.099,"Actual Rows": 50000,"Actual Loops": 3,"Workers": []},{"Node Type": "Hash","Parent Relationship": "Inner","Parallel Aware": false,"Async Capable": false,"Startup Cost": 2.40,"Total Cost": 2.40,"Plan Rows": 1,"Plan Width": 108,"Actual Startup Time": 0.138,"Actual Total Time": 0.150,"Actual Rows": 5,"Actual Loops": 3,"Hash Buckets": 1024,"Original Hash Buckets": 1024,"Hash Batches": 1,"Original Hash Batches": 1,"Peak Memory Usage": 9,"Workers": [],"Plans": [{"Node Type": "Hash Join","Parent Relationship": "Outer","Parallel Aware": false,"Async Capable": false,"Join Type": "Inner","Startup Cost": 1.07,"Total Cost": 2.40,"Plan Rows": 1,"Plan Width": 108,"Actual Startup Time": 0.125,"Actual Total Time": 0.142,"Actual Rows": 5,"Actual Loops": 3,"Inner Unique": true,"Hash Cond": "(nation.n_regionkey = region.r_regionkey)","Workers": [],"Plans": [{"Node Type": "Seq Scan","Parent Relationship": "Outer","Parallel Aware": false,"Async Capable": false,"Relation Name": "nation","Alias": "nation","Startup Cost": 0.00,"Total Cost": 1.25,"Plan Rows": 25,"Plan Width": 112,"Actual Startup Time": 0.044,"Actual Total Time": 0.047,"Actual Rows": 25,"Actual Loops": 3,"Workers": []},{"Node Type": "Hash","Parent Relationship": "Inner","Parallel Aware": false,"Async Capable": false,"Startup Cost": 1.06,"Total Cost": 1.06,"Plan Rows": 1,"Plan Width": 4,"Actual Startup Time": 0.054,"Actual Total Time": 0.057,"Actual Rows": 1,"Actual Loops": 3,"Hash Buckets": 1024,"Original Hash Buckets": 1024,"Hash Batches": 1,"Original Hash Batches": 1,"Peak Memory Usage": 9,"Workers": [],"Plans": [{"Node Type": "Seq Scan","Parent Relationship": "Outer","Parallel Aware": false,"Async Capable": false,"Relation Name": "region","Alias": "region","Startup Cost": 0.00,"Total Cost": 1.06,"Plan Rows": 1,"Plan Width": 4,"Actual Startup Time": 0.039,"Actual Total Time": 0.040,"Actual Rows": 1,"Actual Loops": 3,"Filter": "(r_name = 'MIDDLE EAST'::bpchar)","Rows Removed by Filter": 4,"Workers": []}]}]}]}]},{"Node Type": "Index Scan","Parent Relationship": "Inner","Parallel Aware": false,"Async Capable": false,"Scan Direction": "Forward","Index Name": "idx_orders_custkey","Relation Name": "orders","Alias": "orders","Startup Cost": 0.43,"Total Cost": 1.55,"Plan Rows": 3,"Plan Width": 8,"Actual Startup Time": 0.017,"Actual Total Time": 0.041,"Actual Rows": 2,"Actual Loops": 29904,"Index Cond": "(o_custkey = customer.c_custkey)","Rows Removed by Index Recheck": 0,"Filter": "((o_orderdate >= '1994-01-01'::date) AND (o_orderdate < '1995-01-01 00:00:00'::timestamp without time zone))","Rows Removed by Filter": 8,"Workers": []}]},{"Node Type": "Index Scan","Parent Relationship": "Inner","Parallel Aware": false,"Async Capable": false,"Scan Direction": "Forward","Index Name": "idx_lineitem_orderkey","Relation Name": "lineitem","Alias": "lineitem","Startup Cost": 0.43,"Total Cost": 2.84,"Plan Rows": 17,"Plan Width": 20,"Actual Startup Time": 0.017,"Actual Total Time": 0.020,"Actual Rows": 4,"Actual Loops": 45009,"Index Cond": "(l_orderkey = orders.o_orderkey)","Rows Removed by Index Recheck": 0,"Workers": []}]},{"Node Type": "Hash","Parent Relationship": "Inner","Parallel Aware": false,"Async Capable": false,"Startup Cost": 322.00,"Total Cost": 322.00,"Plan Rows": 10000,"Plan Width": 8,"Actual Startup Time": 11.133,"Actual Total Time": 11.135,"Actual Rows": 10000,"Actual Loops": 3,"Hash Buckets": 16384,"Original Hash Buckets": 16384,"Hash Batches": 1,"Original Hash Batches": 1,"Peak Memory Usage": 519,"Workers": [],"Plans": [{"Node Type": "Seq Scan","Parent Relationship": "Outer","Parallel Aware": false,"Async Capable": false,"Relation Name": "supplier","Alias": "supplier","Startup Cost": 0.00,"Total Cost": 322.00,"Plan Rows": 10000,"Plan Width": 8,"Actual Startup Time": 0.042,"Actual Total Time": 9.282,"Actual Rows": 10000,"Actual Loops": 3,"Workers": []}]}]}]}]}]}]}]},"Planning Time": 10.906,"Triggers": [],"Execution Time": 863.139}]
[{"Plan": {"Node Type": "Sort","Parallel Aware": false,"Async Capable": false,"Startup Cost": 21616.39,"Total Cost": 21616.45,"Plan Rows": 25,"Plan Width": 136,"Actual Startup Time": 804.800,"Actual Total Time": 836.793,"Actual Rows": 5,"Actual Loops": 1,"Sort Key": ["(sum((lineitem.l_extendedprice * ('1'::numeric - lineitem.l_discount)))) DESC"],"Sort Method": "quicksort","Sort Space Used": 25,"Sort Space Type": "Memory","Plans": [{"Node Type": "Aggregate","Strategy": "Sorted","Partial Mode": "Finalize","Parent Relationship": "Outer","Parallel Aware": false,"Async Capable": false,"Startup Cost": 21601.33,"Total Cost": 21615.81,"Plan Rows": 25,"Plan Width": 136,"Actual Startup Time": 804.196,"Actual Total Time": 836.738,"Actual Rows": 5,"Actual Loops": 1,"Group Key": ["nation.n_name"],"Plans": [{"Node Type": "Gather Merge","Parent Relationship": "Outer","Parallel Aware": false,"Async Capable": false,"Startup Cost": 21601.33,"Total Cost": 21615.12,"Plan Rows": 50,"Plan Width": 136,"Actual Startup Time": 803.537,"Actual Total Time": 836.675,"Actual Rows": 15,"Actual Loops": 1,"Workers Planned": 2,"Workers Launched": 2,"Plans": [{"Node Type": "Aggregate","Strategy": "Sorted","Partial Mode": "Partial","Parent Relationship": "Outer","Parallel Aware": false,"Async Capable": false,"Startup Cost": 20601.30,"Total Cost": 20609.33,"Plan Rows": 25,"Plan Width": 136,"Actual Startup Time": 795.499,"Actual Total Time": 796.369,"Actual Rows": 5,"Actual Loops": 3,"Group Key": ["nation.n_name"],"Workers": [],"Plans": [{"Node Type": "Sort","Parent Relationship": "Outer","Parallel Aware": false,"Async Capable": false,"Startup Cost": 20601.30,"Total Cost": 20602.85,"Plan Rows": 617,"Plan Width": 116,"Actual Startup Time": 795.285,"Actual Total Time": 795.436,"Actual Rows": 2498,"Actual Loops": 3,"Sort Key": ["nation.n_name"],"Sort Method": "quicksort","Sort Space Used": 299,"Sort Space Type": "Memory","Workers": [{"Worker Number": 0,"Sort Method": "quicksort","Sort Space Used": 291,"Sort Space Type": "Memory"},{"Worker Number": 1,"Sort Method": "quicksort","Sort Space Used": 284,"Sort Space Type": "Memory"}],"Plans": [{"Node Type": "Hash Join","Parent Relationship": "Outer","Parallel Aware": false,"Async Capable": false,"Join Type": "Inner","Startup Cost": 475.27,"Total Cost": 20572.71,"Plan Rows": 617,"Plan Width": 116,"Actual Startup Time": 14.014,"Actual Total Time": 793.817,"Actual Rows": 2498,"Actual Loops": 3,"Inner Unique": true,"Hash Cond": "((lineitem.l_suppkey = supplier.s_suppkey) AND (customer.c_nationkey = supplier.s_nationkey))","Workers": [],"Plans": [{"Node Type": "Nested Loop","Parent Relationship": "Outer","Parallel Aware": false,"Async Capable": false,"Join Type": "Inner","Startup Cost": 3.27,"Total Cost": 20019.70,"Plan Rows": 15431,"Plan Width": 128,"Actual Startup Time": 0.837,"Actual Total Time": 749.002,"Actual Rows": 60742,"Actual Loops": 3,"Inner Unique": false,"Workers": [],"Plans": [{"Node Type": "Nested Loop","Parent Relationship": "Outer","Parallel Aware": false,"Async Capable": false,"Join Type": "Inner","Startup Cost": 2.84,"Total Cost": 8414.26,"Plan Rows": 3857,"Plan Width": 116,"Actual Startup Time": 0.706,"Actual Total Time": 447.815,"Actual Rows": 15183,"Actual Loops": 3,"Inner Unique": false,"Workers": [],"Plans": [{"Node Type": "Hash Join","Parent Relationship": "Outer","Parallel Aware": false,"Async Capable": false,"Join Type": "Inner","Startup Cost": 2.41,"Total Cost": 4471.79,"Plan Rows": 2500,"Plan Width": 116,"Actual Startup Time": 0.258,"Actual Total Time": 55.848,"Actual Rows": 9984,"Actual Loops": 3,"Inner Unique": false,"Hash Cond": "(customer.c_nationkey = nation.n_nationkey)","Workers": [],"Plans": [{"Node Type": "Seq Scan","Parent Relationship": "Outer","Parallel Aware": true,"Async Capable": false,"Relation Name": "customer","Alias": "customer","Startup Cost": 0.00,"Total Cost": 4210.00,"Plan Rows": 62500,"Plan Width": 8,"Actual Startup Time": 0.017,"Actual Total Time": 9.503,"Actual Rows": 50000,"Actual Loops": 3,"Workers": []},{"Node Type": "Hash","Parent Relationship": "Inner","Parallel Aware": false,"Async Capable": false,"Startup Cost": 2.40,"Total Cost": 2.40,"Plan Rows": 1,"Plan Width": 108,"Actual Startup Time": 0.153,"Actual Total Time": 0.178,"Actual Rows": 5,"Actual Loops": 3,"Hash Buckets": 1024,"Original Hash Buckets": 1024,"Hash Batches": 1,"Original Hash Batches": 1,"Peak Memory Usage": 9,"Workers": [],"Plans": [{"Node Type": "Hash Join","Parent Relationship": "Outer","Parallel Aware": false,"Async Capable": false,"Join Type": "Inner","Startup Cost": 1.07,"Total Cost": 2.40,"Plan Rows": 1,"Plan Width": 108,"Actual Startup Time": 0.136,"Actual Total Time": 0.167,"Actual Rows": 5,"Actual Loops": 3,"Inner Unique": true,"Hash Cond": "(nation.n_regionkey = region.r_regionkey)","Workers": [],"Plans": [{"Node Type": "Seq Scan","Parent Relationship": "Outer","Parallel Aware": false,"Async Capable": false,"Relation Name": "nation","Alias": "nation","Startup Cost": 0.00,"Total Cost": 1.25,"Plan Rows": 25,"Plan Width": 112,"Actual Startup Time": 0.055,"Actual Total Time": 0.059,"Actual Rows": 25,"Actual Loops": 3,"Workers": []},{"Node Type": "Hash","Parent Relationship": "Inner","Parallel Aware": false,"Async Capable": false,"Startup Cost": 1.06,"Total Cost": 1.06,"Plan Rows": 1,"Plan Width": 4,"Actual Startup Time": 0.050,"Actual Total Time": 0.057,"Actual Rows": 1,"Actual Loops": 3,"Hash Buckets": 1024,"Original Hash Buckets": 1024,"Hash Batches": 1,"Original Hash Batches": 1,"Peak Memory Usage": 9,"Workers": [],"Plans": [{"Node Type": "Seq Scan","Parent Relationship": "Outer","Parallel Aware": false,"Async Capable": false,"Relation Name": "region","Alias": "region","Startup Cost": 0.00,"Total Cost": 1.06,"Plan Rows": 1,"Plan Width": 4,"Actual Startup Time": 0.036,"Actual Total Time": 0.039,"Actual Rows": 1,"Actual Loops": 3,"Filter": "(r_name = 'AMERICA'::bpchar)","Rows Removed by Filter": 4,"Workers": []}]}]}]}]},{"Node Type": "Index Scan","Parent Relationship": "Inner","Parallel Aware": false,"Async Capable": false,"Scan Direction": "Forward","Index Name": "idx_orders_custkey","Relation Name": "orders","Alias": "orders","Startup Cost": 0.43,"Total Cost": 1.55,"Plan Rows": 3,"Plan Width": 8,"Actual Startup Time": 0.017,"Actual Total Time": 0.039,"Actual Rows": 2,"Actual Loops": 29952,"Index Cond": "(o_custkey = customer.c_custkey)","Rows Removed by Index Recheck": 0,"Filter": "((o_orderdate >= '1996-01-01'::date) AND (o_orderdate < '1997-01-01 00:00:00'::timestamp without time zone))","Rows Removed by Filter": 8,"Workers": []}]},{"Node Type": "Index Scan","Parent Relationship": "Inner","Parallel Aware": false,"Async Capable": false,"Scan Direction": "Forward","Index Name": "idx_lineitem_orderkey","Relation Name": "lineitem","Alias": "lineitem","Startup Cost": 0.43,"Total Cost": 2.84,"Plan Rows": 17,"Plan Width": 20,"Actual Startup Time": 0.016,"Actual Total Time": 0.019,"Actual Rows": 4,"Actual Loops": 45549,"Index Cond": "(l_orderkey = orders.o_orderkey)","Rows Removed by Index Recheck": 0,"Workers": []}]},{"Node Type": "Hash","Parent Relationship": "Inner","Parallel Aware": false,"Async Capable": false,"Startup Cost": 322.00,"Total Cost": 322.00,"Plan Rows": 10000,"Plan Width": 8,"Actual Startup Time": 12.297,"Actual Total Time": 12.301,"Actual Rows": 10000,"Actual Loops": 3,"Hash Buckets": 16384,"Original Hash Buckets": 16384,"Hash Batches": 1,"Original Hash Batches": 1,"Peak Memory Usage": 519,"Workers": [],"Plans": [{"Node Type": "Seq Scan","Parent Relationship": "Outer","Parallel Aware": false,"Async Capable": false,"Relation Name": "supplier","Alias": "supplier","Startup Cost": 0.00,"Total Cost": 322.00,"Plan Rows": 10000,"Plan Width": 8,"Actual Startup Time": 0.045,"Actual Total Time": 10.666,"Actual Rows": 10000,"Actual Loops": 3,"Workers": []}]}]}]}]}]}]}]},"Planning Time": 9.455,"Triggers": [],"Execution Time": 837.268}]
[{"Plan": {"Node Type": "Sort","Parallel Aware": false,"Async Capable": false,"Startup Cost": 21612.43,"Total Cost": 21612.50,"Plan Rows": 25,"Plan Width": 136,"Actual Startup Time": 832.616,"Actual Total Time": 862.680,"Actual Rows": 5,"Actual Loops": 1,"Sort Key": ["(sum((lineitem.l_extendedprice * ('1'::numeric - lineitem.l_discount)))) DESC"],"Sort Method": "quicksort","Sort Space Used": 25,"Sort Space Type": "Memory","Plans": [{"Node Type": "Aggregate","Strategy": "Sorted","Partial Mode": "Finalize","Parent Relationship": "Outer","Parallel Aware": false,"Async Capable": false,"Startup Cost": 21597.38,"Total Cost": 21611.85,"Plan Rows": 25,"Plan Width": 136,"Actual Startup Time": 832.009,"Actual Total Time": 862.637,"Actual Rows": 5,"Actual Loops": 1,"Group Key": ["nation.n_name"],"Plans": [{"Node Type": "Gather Merge","Parent Relationship": "Outer","Parallel Aware": false,"Async Capable": false,"Startup Cost": 21597.38,"Total Cost": 21611.17,"Plan Rows": 50,"Plan Width": 136,"Actual Startup Time": 831.804,"Actual Total Time": 862.590,"Actual Rows": 15,"Actual Loops": 1,"Workers Planned": 2,"Workers Launched": 2,"Plans": [{"Node Type": "Aggregate","Strategy": "Sorted","Partial Mode": "Partial","Parent Relationship": "Outer","Parallel Aware": false,"Async Capable": false,"Startup Cost": 20597.36,"Total Cost": 20605.37,"Plan Rows": 25,"Plan Width": 136,"Actual Startup Time": 824.333,"Actual Total Time": 825.038,"Actual Rows": 5,"Actual Loops": 3,"Group Key": ["nation.n_name"],"Workers": [],"Plans": [{"Node Type": "Sort","Parent Relationship": "Outer","Parallel Aware": false,"Async Capable": false,"Startup Cost": 20597.36,"Total Cost": 20598.90,"Plan Rows": 616,"Plan Width": 116,"Actual Startup Time": 824.137,"Actual Total Time": 824.256,"Actual Rows": 2417,"Actual Loops": 3,"Sort Key": ["nation.n_name"],"Sort Method": "quicksort","Sort Space Used": 288,"Sort Space Type": "Memory","Workers": [{"Worker Number": 0,"Sort Method": "quicksort","Sort Space Used": 280,"Sort Space Type": "Memory"},{"Worker Number": 1,"Sort Method": "quicksort","Sort Space Used": 288,"Sort Space Type": "Memory"}],"Plans": [{"Node Type": "Hash Join","Parent Relationship": "Outer","Parallel Aware": false,"Async Capable": false,"Join Type": "Inner","Startup Cost": 475.27,"Total Cost": 20568.82,"Plan Rows": 616,"Plan Width": 116,"Actual Startup Time": 12.703,"Actual Total Time": 822.671,"Actual Rows": 2417,"Actual Loops": 3,"Inner Unique": true,"Hash Cond": "((lineitem.l_suppkey = supplier.s_suppkey) AND (customer.c_nationkey = supplier.s_nationkey))","Workers": [],"Plans": [{"Node Type": "Nested Loop","Parent Relationship": "Outer","Parallel Aware": false,"Async Capable": false,"Join Type": "Inner","Startup Cost": 3.27,"Total Cost": 20015.89,"Plan Rows": 15415,"Plan Width": 128,"Actual Startup Time": 0.571,"Actual Total Time": 776.984,"Actual Rows": 59997,"Actual Loops": 3,"Inner Unique": false,"Workers": [],"Plans": [{"Node Type": "Nested Loop","Parent Relationship": "Outer","Parallel Aware": false,"Async Capable": false,"Join Type": "Inner","Startup Cost": 2.84,"Total Cost": 8414.26,"Plan Rows": 3853,"Plan Width": 116,"Actual Startup Time": 0.454,"Actual Total Time": 470.088,"Actual Rows": 15003,"Actual Loops": 3,"Inner Unique": false,"Workers": [],"Plans": [{"Node Type": "Hash Join","Parent Relationship": "Outer","Parallel Aware": false,"Async Capable": false,"Join Type": "Inner","Startup Cost": 2.41,"Total Cost": 4471.79,"Plan Rows": 2500,"Plan Width": 116,"Actual Startup Time": 0.227,"Actual Total Time": 60.370,"Actual Rows": 9968,"Actual Loops": 3,"Inner Unique": false,"Hash Cond": "(customer.c_nationkey = nation.n_nationkey)","Workers": [],"Plans": [{"Node Type": "Seq Scan","Parent Relationship": "Outer","Parallel Aware": true,"Async Capable": false,"Relation Name": "customer","Alias": "customer","Startup Cost": 0.00,"Total Cost": 4210.00,"Plan Rows": 62500,"Plan Width": 8,"Actual Startup Time": 0.013,"Actual Total Time": 10.099,"Actual Rows": 50000,"Actual Loops": 3,"Workers": []},{"Node Type": "Hash","Parent Relationship": "Inner","Parallel Aware": false,"Async Capable": false,"Startup Cost": 2.40,"Total Cost": 2.40,"Plan Rows": 1,"Plan Width": 108,"Actual Startup Time": 0.138,"Actual Total Time": 0.150,"Actual Rows": 5,"Actual Loops": 3,"Hash Buckets": 1024,"Original Hash Buckets": 1024,"Hash Batches": 1,"Original Hash Batches": 1,"Peak Memory Usage": 9,"Workers": [],"Plans": [{"Node Type": "Hash Join","Parent Relationship": "Outer","Parallel Aware": false,"Async Capable": false,"Join Type": "Inner","Startup Cost": 1.07,"Total Cost": 2.40,"Plan Rows": 1,"Plan Width": 108,"Actual Startup Time": 0.125,"Actual Total Time": 0.142,"Actual Rows": 5,"Actual Loops": 3,"Inner Unique": true,"Hash Cond": "(nation.n_regionkey = region.r_regionkey)","Workers": [],"Plans": [{"Node Type": "Seq Scan","Parent Relationship": "Outer","Parallel Aware": false,"Async Capable": false,"Relation Name": "nation","Alias": "nation","Startup Cost": 0.00,"Total Cost": 1.25,"Plan Rows": 25,"Plan Width": 112,"Actual Startup Time": 0.044,"Actual Total Time": 0.047,"Actual Rows": 25,"Actual Loops": 3,"Workers": []},{"Node Type": "Hash","Parent Relationship": "Inner","Parallel Aware": false,"Async Capable": false,"Startup Cost": 1.06,"Total Cost": 1.06,"Plan Rows": 1,"Plan Width": 4,"Actual Startup Time": 0.054,"Actual Total Time": 0.057,"Actual Rows": 1,"Actual Loops": 3,"Hash Buckets": 1024,"Original Hash Buckets": 1024,"Hash Batches": 1,"Original Hash Batches": 1,"Peak Memory Usage": 9,"Workers": [],"Plans": [{"Node Type": "Seq Scan","Parent Relationship": "Outer","Parallel Aware": false,"Async Capable": false,"Relation Name": "region","Alias": "region","Startup Cost": 0.00,"Total Cost": 1.06,"Plan Rows": 1,"Plan Width": 4,"Actual Startup Time": 0.039,"Actual Total Time": 0.040,"Actual Rows": 1,"Actual Loops": 3,"Filter": "(r_name = 'MIDDLE EAST'::bpchar)","Rows Removed by Filter": 4,"Workers": []}]}]}]}]},{"Node Type": "Index Scan","Parent Relationship": "Inner","Parallel Aware": false,"Async Capable": false,"Scan Direction": "Forward","Index Name": "idx_orders_custkey","Relation Name": "orders","Alias": "orders","Startup Cost": 0.43,"Total Cost": 1.55,"Plan Rows": 3,"Plan Width": 8,"Actual Startup Time": 0.017,"Actual Total Time": 0.041,"Actual Rows": 2,"Actual Loops": 29904,"Index Cond": "(o_custkey = customer.c_custkey)","Rows Removed by Index Recheck": 0,"Filter": "((o_orderdate >= '1994-01-01'::date) AND (o_orderdate < '1995-01-01 00:00:00'::timestamp without time zone))","Rows Removed by Filter": 8,"Workers": []}]},{"Node Type": "Index Scan","Parent Relationship": "Inner","Parallel Aware": false,"Async Capable": false,"Scan Direction": "Forward","Index Name": "idx_lineitem_orderkey","Relation Name": "lineitem","Alias": "lineitem","Startup Cost": 0.43,"Total Cost": 2.84,"Plan Rows": 17,"Plan Width": 20,"Actual Startup Time": 0.017,"Actual Total Time": 0.020,"Actual Rows": 4,"Actual Loops": 45009,"Index Cond": "(l_orderkey = orders.o_orderkey)","Rows Removed by Index Recheck": 0,"Workers": []}]},{"Node Type": "Hash","Parent Relationship": "Inner","Parallel Aware": false,"Async Capable": false,"Startup Cost": 322.00,"Total Cost": 322.00,"Plan Rows": 10000,"Plan Width": 8,"Actual Startup Time": 11.133,"Actual Total Time": 11.135,"Actual Rows": 10000,"Actual Loops": 3,"Hash Buckets": 16384,"Original Hash Buckets": 16384,"Hash Batches": 1,"Original Hash Batches": 1,"Peak Memory Usage": 519,"Workers": [],"Plans": [{"Node Type": "Seq Scan","Parent Relationship": "Outer","Parallel Aware": false,"Async Capable": false,"Relation Name": "supplier","Alias": "supplier","Startup Cost": 0.00,"Total Cost": 322.00,"Plan Rows": 10000,"Plan Width": 8,"Actual Startup Time": 0.042,"Actual Total Time": 9.282,"Actual Rows": 10000,"Actual Loops": 3,"Workers": []}]}]}]}]}]}]}]},"Planning Time": 10.906,"Triggers": [],"Execution Time": 863.139}]
[{"Plan": {"Node Type": "Sort","Parallel Aware": false,"Async Capable": false,"Startup Cost": 21616.39,"Total Cost": 21616.45,"Plan Rows": 25,"Plan Width": 136,"Actual Startup Time": 817.171,"Actual Total Time": 848.557,"Actual Rows": 5,"Actual Loops": 1,"Sort Key": ["(sum((lineitem.l_extendedprice * ('1'::numeric - lineitem.l_discount)))) DESC"],"Sort Method": "quicksort","Sort Space Used": 25,"Sort Space Type": "Memory","Plans": [{"Node Type": "Aggregate","Strategy": "Sorted","Partial Mode": "Finalize","Parent Relationship": "Outer","Parallel Aware": false,"Async Capable": false,"Startup Cost": 21601.33,"Total Cost": 21615.81,"Plan Rows": 25,"Plan Width": 136,"Actual Startup Time": 816.250,"Actual Total Time": 848.503,"Actual Rows": 5,"Actual Loops": 1,"Group Key": ["nation.n_name"],"Plans": [{"Node Type": "Gather Merge","Parent Relationship": "Outer","Parallel Aware": false,"Async Capable": false,"Startup Cost": 21601.33,"Total Cost": 21615.12,"Plan Rows": 50,"Plan Width": 136,"Actual Startup Time": 815.620,"Actual Total Time": 848.441,"Actual Rows": 15,"Actual Loops": 1,"Workers Planned": 2,"Workers Launched": 2,"Plans": [{"Node Type": "Aggregate","Strategy": "Sorted","Partial Mode": "Partial","Parent Relationship": "Outer","Parallel Aware": false,"Async Capable": false,"Startup Cost": 20601.30,"Total Cost": 20609.33,"Plan Rows": 25,"Plan Width": 136,"Actual Startup Time": 807.499,"Actual Total Time": 808.444,"Actual Rows": 5,"Actual Loops": 3,"Group Key": ["nation.n_name"],"Workers": [],"Plans": [{"Node Type": "Sort","Parent Relationship": "Outer","Parallel Aware": false,"Async Capable": false,"Startup Cost": 20601.30,"Total Cost": 20602.85,"Plan Rows": 617,"Plan Width": 116,"Actual Startup Time": 807.276,"Actual Total Time": 807.432,"Actual Rows": 2427,"Actual Loops": 3,"Sort Key": ["nation.n_name"],"Sort Method": "quicksort","Sort Space Used": 295,"Sort Space Type": "Memory","Workers": [{"Worker Number": 0,"Sort Method": "quicksort","Sort Space Used": 285,"Sort Space Type": "Memory"},{"Worker Number": 1,"Sort Method": "quicksort","Sort Space Used": 279,"Sort Space Type": "Memory"}],"Plans": [{"Node Type": "Hash Join","Parent Relationship": "Outer","Parallel Aware": false,"Async Capable": false,"Join Type": "Inner","Startup Cost": 475.27,"Total Cost": 20572.71,"Plan Rows": 617,"Plan Width": 116,"Actual Startup Time": 13.659,"Actual Total Time": 805.763,"Actual Rows": 2427,"Actual Loops": 3,"Inner Unique": true,"Hash Cond": "((lineitem.l_suppkey = supplier.s_suppkey) AND (customer.c_nationkey = supplier.s_nationkey))","Workers": [],"Plans": [{"Node Type": "Nested Loop","Parent Relationship": "Outer","Parallel Aware": false,"Async Capable": false,"Join Type": "Inner","Startup Cost": 3.27,"Total Cost": 20019.70,"Plan Rows": 15431,"Plan Width": 128,"Actual Startup Time": 0.940,"Actual Total Time": 760.394,"Actual Rows": 61187,"Actual Loops": 3,"Inner Unique": false,"Workers": [],"Plans": [{"Node Type": "Nested Loop","Parent Relationship": "Outer","Parallel Aware": false,"Async Capable": false,"Join Type": "Inner","Startup Cost": 2.84,"Total Cost": 8414.26,"Plan Rows": 3857,"Plan Width": 116,"Actual Startup Time": 0.804,"Actual Total Time": 453.891,"Actual Rows": 15325,"Actual Loops": 3,"Inner Unique": false,"Workers": [],"Plans": [{"Node Type": "Hash Join","Parent Relationship": "Outer","Parallel Aware": false,"Async Capable": false,"Join Type": "Inner","Startup Cost": 2.41,"Total Cost": 4471.79,"Plan Rows": 2500,"Plan Width": 116,"Actual Startup Time": 0.319,"Actual Total Time": 55.842,"Actual Rows": 10061,"Actual Loops": 3,"Inner Unique": false,"Hash Cond": "(customer.c_nationkey = nation.n_nationkey)","Workers": [],"Plans": [{"Node Type": "Seq Scan","Parent Relationship": "Outer","Parallel Aware": true,"Async Capable": false,"Relation Name": "customer","Alias": "customer","Startup Cost": 0.00,"Total Cost": 4210.00,"Plan Rows": 62500,"Plan Width": 8,"Actual Startup Time": 0.026,"Actual Total Time": 9.689,"Actual Rows": 50000,"Actual Loops": 3,"Workers": []},{"Node Type": "Hash","Parent Relationship": "Inner","Parallel Aware": false,"Async Capable": false,"Startup Cost": 2.40,"Total Cost": 2.40,"Plan Rows": 1,"Plan Width": 108,"Actual Startup Time": 0.180,"Actual Total Time": 0.198,"Actual Rows": 5,"Actual Loops": 3,"Hash Buckets": 1024,"Original Hash Buckets": 1024,"Hash Batches": 1,"Original Hash Batches": 1,"Peak Memory Usage": 9,"Workers": [],"Plans": [{"Node Type": "Hash Join","Parent Relationship": "Outer","Parallel Aware": false,"Async Capable": false,"Join Type": "Inner","Startup Cost": 1.07,"Total Cost": 2.40,"Plan Rows": 1,"Plan Width": 108,"Actual Startup Time": 0.166,"Actual Total Time": 0.188,"Actual Rows": 5,"Actual Loops": 3,"Inner Unique": true,"Hash Cond": "(nation.n_regionkey = region.r_regionkey)","Workers": [],"Plans": [{"Node Type": "Seq Scan","Parent Relationship": "Outer","Parallel Aware": false,"Async Capable": false,"Relation Name": "nation","Alias": "nation","Startup Cost": 0.00,"Total Cost": 1.25,"Plan Rows": 25,"Plan Width": 112,"Actual Startup Time": 0.055,"Actual Total Time": 0.060,"Actual Rows": 25,"Actual Loops": 3,"Workers": []},{"Node Type": "Hash","Parent Relationship": "Inner","Parallel Aware": false,"Async Capable": false,"Startup Cost": 1.06,"Total Cost": 1.06,"Plan Rows": 1,"Plan Width": 4,"Actual Startup Time": 0.079,"Actual Total Time": 0.084,"Actual Rows": 1,"Actual Loops": 3,"Hash Buckets": 1024,"Original Hash Buckets": 1024,"Hash Batches": 1,"Original Hash Batches": 1,"Peak Memory Usage": 9,"Workers": [],"Plans": [{"Node Type": "Seq Scan","Parent Relationship": "Outer","Parallel Aware": false,"Async Capable": false,"Relation Name": "region","Alias": "region","Startup Cost": 0.00,"Total Cost": 1.06,"Plan Rows": 1,"Plan Width": 4,"Actual Startup Time": 0.058,"Actual Total Time": 0.061,"Actual Rows": 1,"Actual Loops": 3,"Filter": "(r_name = 'ASIA'::bpchar)","Rows Removed by Filter": 4,"Workers": []}]}]}]}]},{"Node Type": "Index Scan","Parent Relationship": "Inner","Parallel Aware": false,"Async Capable": false,"Scan Direction": "Forward","Index Name": "idx_orders_custkey","Relation Name": "orders","Alias": "orders","Startup Cost": 0.43,"Total Cost": 1.55,"Plan Rows": 3,"Plan Width": 8,"Actual Startup Time": 0.017,"Actual Total Time": 0.039,"Actual Rows": 2,"Actual Loops": 30183,"Index Cond": "(o_custkey = customer.c_custkey)","Rows Removed by Index Recheck": 0,"Filter": "((o_orderdate >= '1996-01-01'::date) AND (o_orderdate < '1997-01-01 00:00:00'::timestamp without time zone))","Rows Removed by Filter": 8,"Workers": []}]},{"Node Type": "Index Scan","Parent Relationship": "Inner","Parallel Aware": false,"Async Capable": false,"Scan Direction": "Forward","Index Name": "idx_lineitem_orderkey","Relation Name": "lineitem","Alias": "lineitem","Startup Cost": 0.43,"Total Cost": 2.84,"Plan Rows": 17,"Plan Width": 20,"Actual Startup Time": 0.017,"Actual Total Time": 0.019,"Actual Rows": 4,"Actual Loops": 45976,"Index Cond": "(l_orderkey = orders.o_orderkey)","Rows Removed by Index Recheck": 0,"Workers": []}]},{"Node Type": "Hash","Parent Relationship": "Inner","Parallel Aware": false,"Async Capable": false,"Startup Cost": 322.00,"Total Cost": 322.00,"Plan Rows": 10000,"Plan Width": 8,"Actual Startup Time": 12.172,"Actual Total Time": 12.179,"Actual Rows": 10000,"Actual Loops": 3,"Hash Buckets": 16384,"Original Hash Buckets": 16384,"Hash Batches": 1,"Original Hash Batches": 1,"Peak Memory Usage": 519,"Workers": [],"Plans": [{"Node Type": "Seq Scan","Parent Relationship": "Outer","Parallel Aware": false,"Async Capable": false,"Relation Name": "supplier","Alias": "supplier","Startup Cost": 0.00,"Total Cost": 322.00,"Plan Rows": 10000,"Plan Width": 8,"Actual Startup Time": 0.048,"Actual Total Time": 10.623,"Actual Rows": 10000,"Actual Loops": 3,"Workers": []}]}]}]}]}]}]}]},"Planning Time": 10.688,"Triggers": [],"Execution Time": 848.991}]
[{"Plan": {"Node Type": "Sort","Parallel Aware": false,"Async Capable": false,"Startup Cost": 21616.39,"Total Cost": 21616.45,"Plan Rows": 25,"Plan Width": 136,"Actual Startup Time": 817.171,"Actual Total Time": 848.557,"Actual Rows": 5,"Actual Loops": 1,"Sort Key": ["(sum((lineitem.l_extendedprice * ('1'::numeric - lineitem.l_discount)))) DESC"],"Sort Method": "quicksort","Sort Space Used": 25,"Sort Space Type": "Memory","Plans": [{"Node Type": "Aggregate","Strategy": "Sorted","Partial Mode": "Finalize","Parent Relationship": "Outer","Parallel Aware": false,"Async Capable": false,"Startup Cost": 21601.33,"Total Cost": 21615.81,"Plan Rows": 25,"Plan Width": 136,"Actual Startup Time": 816.250,"Actual Total Time": 848.503,"Actual Rows": 5,"Actual Loops": 1,"Group Key": ["nation.n_name"],"Plans": [{"Node Type": "Gather Merge","Parent Relationship": "Outer","Parallel Aware": false,"Async Capable": false,"Startup Cost": 21601.33,"Total Cost": 21615.12,"Plan Rows": 50,"Plan Width": 136,"Actual Startup Time": 815.620,"Actual Total Time": 848.441,"Actual Rows": 15,"Actual Loops": 1,"Workers Planned": 2,"Workers Launched": 2,"Plans": [{"Node Type": "Aggregate","Strategy": "Sorted","Partial Mode": "Partial","Parent Relationship": "Outer","Parallel Aware": false,"Async Capable": false,"Startup Cost": 20601.30,"Total Cost": 20609.33,"Plan Rows": 25,"Plan Width": 136,"Actual Startup Time": 807.499,"Actual Total Time": 808.444,"Actual Rows": 5,"Actual Loops": 3,"Group Key": ["nation.n_name"],"Workers": [],"Plans": [{"Node Type": "Sort","Parent Relationship": "Outer","Parallel Aware": false,"Async Capable": false,"Startup Cost": 20601.30,"Total Cost": 20602.85,"Plan Rows": 617,"Plan Width": 116,"Actual Startup Time": 807.276,"Actual Total Time": 807.432,"Actual Rows": 2427,"Actual Loops": 3,"Sort Key": ["nation.n_name"],"Sort Method": "quicksort","Sort Space Used": 295,"Sort Space Type": "Memory","Workers": [{"Worker Number": 0,"Sort Method": "quicksort","Sort Space Used": 285,"Sort Space Type": "Memory"},{"Worker Number": 1,"Sort Method": "quicksort","Sort Space Used": 279,"Sort Space Type": "Memory"}],"Plans": [{"Node Type": "Hash Join","Parent Relationship": "Outer","Parallel Aware": false,"Async Capable": false,"Join Type": "Inner","Startup Cost": 475.27,"Total Cost": 20572.71,"Plan Rows": 617,"Plan Width": 116,"Actual Startup Time": 13.659,"Actual Total Time": 805.763,"Actual Rows": 2427,"Actual Loops": 3,"Inner Unique": true,"Hash Cond": "((lineitem.l_suppkey = supplier.s_suppkey) AND (customer.c_nationkey = supplier.s_nationkey))","Workers": [],"Plans": [{"Node Type": "Nested Loop","Parent Relationship": "Outer","Parallel Aware": false,"Async Capable": false,"Join Type": "Inner","Startup Cost": 3.27,"Total Cost": 20019.70,"Plan Rows": 15431,"Plan Width": 128,"Actual Startup Time": 0.940,"Actual Total Time": 760.394,"Actual Rows": 61187,"Actual Loops": 3,"Inner Unique": false,"Workers": [],"Plans": [{"Node Type": "Nested Loop","Parent Relationship": "Outer","Parallel Aware": false,"Async Capable": false,"Join Type": "Inner","Startup Cost": 2.84,"Total Cost": 8414.26,"Plan Rows": 3857,"Plan Width": 116,"Actual Startup Time": 0.804,"Actual Total Time": 453.891,"Actual Rows": 15325,"Actual Loops": 3,"Inner Unique": false,"Workers": [],"Plans": [{"Node Type": "Hash Join","Parent Relationship": "Outer","Parallel Aware": false,"Async Capable": false,"Join Type": "Inner","Startup Cost": 2.41,"Total Cost": 4471.79,"Plan Rows": 2500,"Plan Width": 116,"Actual Startup Time": 0.319,"Actual Total Time": 55.842,"Actual Rows": 10061,"Actual Loops": 3,"Inner Unique": false,"Hash Cond": "(customer.c_nationkey = nation.n_nationkey)","Workers": [],"Plans": [{"Node Type": "Seq Scan","Parent Relationship": "Outer","Parallel Aware": true,"Async Capable": false,"Relation Name": "customer","Alias": "customer","Startup Cost": 0.00,"Total Cost": 4210.00,"Plan Rows": 62500,"Plan Width": 8,"Actual Startup Time": 0.026,"Actual Total Time": 9.689,"Actual Rows": 50000,"Actual Loops": 3,"Workers": []},{"Node Type": "Hash","Parent Relationship": "Inner","Parallel Aware": false,"Async Capable": false,"Startup Cost": 2.40,"Total Cost": 2.40,"Plan Rows": 1,"Plan Width": 108,"Actual Startup Time": 0.180,"Actual Total Time": 0.198,"Actual Rows": 5,"Actual Loops": 3,"Hash Buckets": 1024,"Original Hash Buckets": 1024,"Hash Batches": 1,"Original Hash Batches": 1,"Peak Memory Usage": 9,"Workers": [],"Plans": [{"Node Type": "Hash Join","Parent Relationship": "Outer","Parallel Aware": false,"Async Capable": false,"Join Type": "Inner","Startup Cost": 1.07,"Total Cost": 2.40,"Plan Rows": 1,"Plan Width": 108,"Actual Startup Time": 0.166,"Actual Total Time": 0.188,"Actual Rows": 5,"Actual Loops": 3,"Inner Unique": true,"Hash Cond": "(nation.n_regionkey = region.r_regionkey)","Workers": [],"Plans": [{"Node Type": "Seq Scan","Parent Relationship": "Outer","Parallel Aware": false,"Async Capable": false,"Relation Name": "nation","Alias": "nation","Startup Cost": 0.00,"Total Cost": 1.25,"Plan Rows": 25,"Plan Width": 112,"Actual Startup Time": 0.055,"Actual Total Time": 0.060,"Actual Rows": 25,"Actual Loops": 3,"Workers": []},{"Node Type": "Hash","Parent Relationship": "Inner","Parallel Aware": false,"Async Capable": false,"Startup Cost": 1.06,"Total Cost": 1.06,"Plan Rows": 1,"Plan Width": 4,"Actual Startup Time": 0.079,"Actual Total Time": 0.084,"Actual Rows": 1,"Actual Loops": 3,"Hash Buckets": 1024,"Original Hash Buckets": 1024,"Hash Batches": 1,"Original Hash Batches": 1,"Peak Memory Usage": 9,"Workers": [],"Plans": [{"Node Type": "Seq Scan","Parent Relationship": "Outer","Parallel Aware": false,"Async Capable": false,"Relation Name": "region","Alias": "region","Startup Cost": 0.00,"Total Cost": 1.06,"Plan Rows": 1,"Plan Width": 4,"Actual Startup Time": 0.058,"Actual Total Time": 0.061,"Actual Rows": 1,"Actual Loops": 3,"Filter": "(r_name = 'ASIA'::bpchar)","Rows Removed by Filter": 4,"Workers": []}]}]}]}]},{"Node Type": "Index Scan","Parent Relationship": "Inner","Parallel Aware": false,"Async Capable": false,"Scan Direction": "Forward","Index Name": "idx_orders_custkey","Relation Name": "orders","Alias": "orders","Startup Cost": 0.43,"Total Cost": 1.55,"Plan Rows": 3,"Plan Width": 8,"Actual Startup Time": 0.017,"Actual Total Time": 0.039,"Actual Rows": 2,"Actual Loops": 30183,"Index Cond": "(o_custkey = customer.c_custkey)","Rows Removed by Index Recheck": 0,"Filter": "((o_orderdate >= '1996-01-01'::date) AND (o_orderdate < '1997-01-01 00:00:00'::timestamp without time zone))","Rows Removed by Filter": 8,"Workers": []}]},{"Node Type": "Index Scan","Parent Relationship": "Inner","Parallel Aware": false,"Async Capable": false,"Scan Direction": "Forward","Index Name": "idx_lineitem_orderkey","Relation Name": "lineitem","Alias": "lineitem","Startup Cost": 0.43,"Total Cost": 2.84,"Plan Rows": 17,"Plan Width": 20,"Actual Startup Time": 0.017,"Actual Total Time": 0.019,"Actual Rows": 4,"Actual Loops": 45976,"Index Cond": "(l_orderkey = orders.o_orderkey)","Rows Removed by Index Recheck": 0,"Workers": []}]},{"Node Type": "Hash","Parent Relationship": "Inner","Parallel Aware": false,"Async Capable": false,"Startup Cost": 322.00,"Total Cost": 322.00,"Plan Rows": 10000,"Plan Width": 8,"Actual Startup Time": 12.172,"Actual Total Time": 12.179,"Actual Rows": 10000,"Actual Loops": 3,"Hash Buckets": 16384,"Original Hash Buckets": 16384,"Hash Batches": 1,"Original Hash Batches": 1,"Peak Memory Usage": 519,"Workers": [],"Plans": [{"Node Type": "Seq Scan","Parent Relationship": "Outer","Parallel Aware": false,"Async Capable": false,"Relation Name": "supplier","Alias": "supplier","Startup Cost": 0.00,"Total Cost": 322.00,"Plan Rows": 10000,"Plan Width": 8,"Actual Startup Time": 0.048,"Actual Total Time": 10.623,"Actual Rows": 10000,"Actual Loops": 3,"Workers": []}]}]}]}]}]}]}]},"Planning Time": 10.688,"Triggers": [],"Execution Time": 848.991}]
[{"Plan": {"Node Type": "Sort","Parallel Aware": false,"Async Capable": false,"Startup Cost": 21522.30,"Total Cost": 21522.36,"Plan Rows": 25,"Plan Width": 136,"Actual Startup Time": 815.371,"Actual Total Time": 846.364,"Actual Rows": 5,"Actual Loops": 1,"Sort Key": ["(sum((lineitem.l_extendedprice * ('1'::numeric - lineitem.l_discount)))) DESC"],"Sort Method": "quicksort","Sort Space Used": 25,"Sort Space Type": "Memory","Plans": [{"Node Type": "Aggregate","Strategy": "Sorted","Partial Mode": "Finalize","Parent Relationship": "Outer","Parallel Aware": false,"Async Capable": false,"Startup Cost": 21507.43,"Total Cost": 21521.72,"Plan Rows": 25,"Plan Width": 136,"Actual Startup Time": 814.708,"Actual Total Time": 846.319,"Actual Rows": 5,"Actual Loops": 1,"Group Key": ["nation.n_name"],"Plans": [{"Node Type": "Gather Merge","Parent Relationship": "Outer","Parallel Aware": false,"Async Capable": false,"Startup Cost": 21507.43,"Total Cost": 21521.03,"Plan Rows": 50,"Plan Width": 136,"Actual Startup Time": 814.181,"Actual Total Time": 846.266,"Actual Rows": 15,"Actual Loops": 1,"Workers Planned": 2,"Workers Launched": 2,"Plans": [{"Node Type": "Aggregate","Strategy": "Sorted","Partial Mode": "Partial","Parent Relationship": "Outer","Parallel Aware": false,"Async Capable": false,"Startup Cost": 20507.41,"Total Cost": 20515.23,"Plan Rows": 25,"Plan Width": 136,"Actual Startup Time": 806.060,"Actual Total Time": 806.902,"Actual Rows": 5,"Actual Loops": 3,"Group Key": ["nation.n_name"],"Workers": [],"Plans": [{"Node Type": "Sort","Parent Relationship": "Outer","Parallel Aware": false,"Async Capable": false,"Startup Cost": 20507.41,"Total Cost": 20508.91,"Plan Rows": 601,"Plan Width": 116,"Actual Startup Time": 805.845,"Actual Total Time": 805.988,"Actual Rows": 2405,"Actual Loops": 3,"Sort Key": ["nation.n_name"],"Sort Method": "quicksort","Sort Space Used": 288,"Sort Space Type": "Memory","Workers": [{"Worker Number": 0,"Sort Method": "quicksort","Sort Space Used": 282,"Sort Space Type": "Memory"},{"Worker Number": 1,"Sort Method": "quicksort","Sort Space Used": 284,"Sort Space Type": "Memory"}],"Plans": [{"Node Type": "Hash Join","Parent Relationship": "Outer","Parallel Aware": false,"Async Capable": false,"Join Type": "Inner","Startup Cost": 475.27,"Total Cost": 20479.67,"Plan Rows": 601,"Plan Width": 116,"Actual Startup Time": 14.857,"Actual Total Time": 804.339,"Actual Rows": 2405,"Actual Loops": 3,"Inner Unique": true,"Hash Cond": "((lineitem.l_suppkey = supplier.s_suppkey) AND (customer.c_nationkey = supplier.s_nationkey))","Workers": [],"Plans": [{"Node Type": "Nested Loop","Parent Relationship": "Outer","Parallel Aware": false,"Async Capable": false,"Join Type": "Inner","Startup Cost": 3.27,"Total Cost": 19928.78,"Plan Rows": 15027,"Plan Width": 128,"Actual Startup Time": 0.928,"Actual Total Time": 758.714,"Actual Rows": 60519,"Actual Loops": 3,"Inner Unique": false,"Workers": [],"Plans": [{"Node Type": "Nested Loop","Parent Relationship": "Outer","Parallel Aware": false,"Async Capable": false,"Join Type": "Inner","Startup Cost": 2.84,"Total Cost": 8414.26,"Plan Rows": 3756,"Plan Width": 116,"Actual Startup Time": 0.799,"Actual Total Time": 454.413,"Actual Rows": 15151,"Actual Loops": 3,"Inner Unique": false,"Workers": [],"Plans": [{"Node Type": "Hash Join","Parent Relationship": "Outer","Parallel Aware": false,"Async Capable": false,"Join Type": "Inner","Startup Cost": 2.41,"Total Cost": 4471.79,"Plan Rows": 2500,"Plan Width": 116,"Actual Startup Time": 0.321,"Actual Total Time": 54.810,"Actual Rows": 10061,"Actual Loops": 3,"Inner Unique": false,"Hash Cond": "(customer.c_nationkey = nation.n_nationkey)","Workers": [],"Plans": [{"Node Type": "Seq Scan","Parent Relationship": "Outer","Parallel Aware": true,"Async Capable": false,"Relation Name": "customer","Alias": "customer","Startup Cost": 0.00,"Total Cost": 4210.00,"Plan Rows": 62500,"Plan Width": 8,"Actual Startup Time": 0.016,"Actual Total Time": 9.647,"Actual Rows": 50000,"Actual Loops": 3,"Workers": []},{"Node Type": "Hash","Parent Relationship": "Inner","Parallel Aware": false,"Async Capable": false,"Startup Cost": 2.40,"Total Cost": 2.40,"Plan Rows": 1,"Plan Width": 108,"Actual Startup Time": 0.190,"Actual Total Time": 0.209,"Actual Rows": 5,"Actual Loops": 3,"Hash Buckets": 1024,"Original Hash Buckets": 1024,"Hash Batches": 1,"Original Hash Batches": 1,"Peak Memory Usage": 9,"Workers": [],"Plans": [{"Node Type": "Hash Join","Parent Relationship": "Outer","Parallel Aware": false,"Async Capable": false,"Join Type": "Inner","Startup Cost": 1.07,"Total Cost": 2.40,"Plan Rows": 1,"Plan Width": 108,"Actual Startup Time": 0.173,"Actual Total Time": 0.196,"Actual Rows": 5,"Actual Loops": 3,"Inner Unique": true,"Hash Cond": "(nation.n_regionkey = region.r_regionkey)","Workers": [],"Plans": [{"Node Type": "Seq Scan","Parent Relationship": "Outer","Parallel Aware": false,"Async Capable": false,"Relation Name": "nation","Alias": "nation","Startup Cost": 0.00,"Total Cost": 1.25,"Plan Rows": 25,"Plan Width": 112,"Actual Startup Time": 0.080,"Actual Total Time": 0.084,"Actual Rows": 25,"Actual Loops": 3,"Workers": []},{"Node Type": "Hash","Parent Relationship": "Inner","Parallel Aware": false,"Async Capable": false,"Startup Cost": 1.06,"Total Cost": 1.06,"Plan Rows": 1,"Plan Width": 4,"Actual Startup Time": 0.060,"Actual Total Time": 0.067,"Actual Rows": 1,"Actual Loops": 3,"Hash Buckets": 1024,"Original Hash Buckets": 1024,"Hash Batches": 1,"Original Hash Batches": 1,"Peak Memory Usage": 9,"Workers": [],"Plans": [{"Node Type": "Seq Scan","Parent Relationship": "Outer","Parallel Aware": false,"Async Capable": false,"Relation Name": "region","Alias": "region","Startup Cost": 0.00,"Total Cost": 1.06,"Plan Rows": 1,"Plan Width": 4,"Actual Startup Time": 0.046,"Actual Total Time": 0.049,"Actual Rows": 1,"Actual Loops": 3,"Filter": "(r_name = 'ASIA'::bpchar)","Rows Removed by Filter": 4,"Workers": []}]}]}]}]},{"Node Type": "Index Scan","Parent Relationship": "Inner","Parallel Aware": false,"Async Capable": false,"Scan Direction": "Forward","Index Name": "idx_orders_custkey","Relation Name": "orders","Alias": "orders","Startup Cost": 0.43,"Total Cost": 1.55,"Plan Rows": 3,"Plan Width": 8,"Actual Startup Time": 0.017,"Actual Total Time": 0.039,"Actual Rows": 2,"Actual Loops": 30183,"Index Cond": "(o_custkey = customer.c_custkey)","Rows Removed by Index Recheck": 0,"Filter": "((o_orderdate >= '1993-01-01'::date) AND (o_orderdate < '1994-01-01 00:00:00'::timestamp without time zone))","Rows Removed by Filter": 8,"Workers": []}]},{"Node Type": "Index Scan","Parent Relationship": "Inner","Parallel Aware": false,"Async Capable": false,"Scan Direction": "Forward","Index Name": "idx_lineitem_orderkey","Relation Name": "lineitem","Alias": "lineitem","Startup Cost": 0.43,"Total Cost": 2.90,"Plan Rows": 17,"Plan Width": 20,"Actual Startup Time": 0.017,"Actual Total Time": 0.019,"Actual Rows": 4,"Actual Loops": 45452,"Index Cond": "(l_orderkey = orders.o_orderkey)","Rows Removed by Index Recheck": 0,"Workers": []}]},{"Node Type": "Hash","Parent Relationship": "Inner","Parallel Aware": false,"Async Capable": false,"Startup Cost": 322.00,"Total Cost": 322.00,"Plan Rows": 10000,"Plan Width": 8,"Actual Startup Time": 13.249,"Actual Total Time": 13.253,"Actual Rows": 10000,"Actual Loops": 3,"Hash Buckets": 16384,"Original Hash Buckets": 16384,"Hash Batches": 1,"Original Hash Batches": 1,"Peak Memory Usage": 519,"Workers": [],"Plans": [{"Node Type": "Seq Scan","Parent Relationship": "Outer","Parallel Aware": false,"Async Capable": false,"Relation Name": "supplier","Alias": "supplier","Startup Cost": 0.00,"Total Cost": 322.00,"Plan Rows": 10000,"Plan Width": 8,"Actual Startup Time": 0.061,"Actual Total Time": 11.553,"Actual Rows": 10000,"Actual Loops": 3,"Workers": []}]}]}]}]}]}]}]},"Planning Time": 10.259,"Triggers": [],"Execution Time": 846.817}]
[{"Plan": {"Node Type": "Sort","Parallel Aware": false,"Async Capable": false,"Startup Cost": 21565.81,"Total Cost": 21565.87,"Plan Rows": 25,"Plan Width": 136,"Actual Startup Time": 826.666,"Actual Total Time": 858.678,"Actual Rows": 5,"Actual Loops": 1,"Sort Key": ["(sum((lineitem.l_extendedprice * ('1'::numeric - lineitem.l_discount)))) DESC"],"Sort Method": "quicksort","Sort Space Used": 25,"Sort Space Type": "Memory","Plans": [{"Node Type": "Aggregate","Strategy": "Sorted","Partial Mode": "Finalize","Parent Relationship": "Outer","Parallel Aware": false,"Async Capable": false,"Startup Cost": 21550.86,"Total Cost": 21565.23,"Plan Rows": 25,"Plan Width": 136,"Actual Startup Time": 825.974,"Actual Total Time": 858.621,"Actual Rows": 5,"Actual Loops": 1,"Group Key": ["nation.n_name"],"Plans": [{"Node Type": "Gather Merge","Parent Relationship": "Outer","Parallel Aware": false,"Async Capable": false,"Startup Cost": 21550.86,"Total Cost": 21564.54,"Plan Rows": 50,"Plan Width": 136,"Actual Startup Time": 825.726,"Actual Total Time": 858.579,"Actual Rows": 15,"Actual Loops": 1,"Workers Planned": 2,"Workers Launched": 2,"Plans": [{"Node Type": "Aggregate","Strategy": "Sorted","Partial Mode": "Partial","Parent Relationship": "Outer","Parallel Aware": false,"Async Capable": false,"Startup Cost": 20550.84,"Total Cost": 20558.75,"Plan Rows": 25,"Plan Width": 136,"Actual Startup Time": 818.223,"Actual Total Time": 818.980,"Actual Rows": 5,"Actual Loops": 3,"Group Key": ["nation.n_name"],"Workers": [],"Plans": [{"Node Type": "Sort","Parent Relationship": "Outer","Parallel Aware": false,"Async Capable": false,"Startup Cost": 20550.84,"Total Cost": 20552.36,"Plan Rows": 608,"Plan Width": 116,"Actual Startup Time": 818.011,"Actual Total Time": 818.145,"Actual Rows": 2489,"Actual Loops": 3,"Sort Key": ["nation.n_name"],"Sort Method": "quicksort","Sort Space Used": 294,"Sort Space Type": "Memory","Workers": [{"Worker Number": 0,"Sort Method": "quicksort","Sort Space Used": 286,"Sort Space Type": "Memory"},{"Worker Number": 1,"Sort Method": "quicksort","Sort Space Used": 292,"Sort Space Type": "Memory"}],"Plans": [{"Node Type": "Hash Join","Parent Relationship": "Outer","Parallel Aware": false,"Async Capable": false,"Join Type": "Inner","Startup Cost": 475.27,"Total Cost": 20522.72,"Plan Rows": 608,"Plan Width": 116,"Actual Startup Time": 11.840,"Actual Total Time": 816.555,"Actual Rows": 2489,"Actual Loops": 3,"Inner Unique": true,"Hash Cond": "((lineitem.l_suppkey = supplier.s_suppkey) AND (customer.c_nationkey = supplier.s_nationkey))","Workers": [],"Plans": [{"Node Type": "Nested Loop","Parent Relationship": "Outer","Parallel Aware": false,"Async Capable": false,"Join Type": "Inner","Startup Cost": 3.27,"Total Cost": 19970.84,"Plan Rows": 15215,"Plan Width": 128,"Actual Startup Time": 0.591,"Actual Total Time": 771.834,"Actual Rows": 60959,"Actual Loops": 3,"Inner Unique": false,"Workers": [],"Plans": [{"Node Type": "Nested Loop","Parent Relationship": "Outer","Parallel Aware": false,"Async Capable": false,"Join Type": "Inner","Startup Cost": 2.84,"Total Cost": 8414.26,"Plan Rows": 3803,"Plan Width": 116,"Actual Startup Time": 0.474,"Actual Total Time": 463.395,"Actual Rows": 15225,"Actual Loops": 3,"Inner Unique": false,"Workers": [],"Plans": [{"Node Type": "Hash Join","Parent Relationship": "Outer","Parallel Aware": false,"Async Capable": false,"Join Type": "Inner","Startup Cost": 2.41,"Total Cost": 4471.79,"Plan Rows": 2500,"Plan Width": 116,"Actual Startup Time": 0.230,"Actual Total Time": 58.477,"Actual Rows": 9984,"Actual Loops": 3,"Inner Unique": false,"Hash Cond": "(customer.c_nationkey = nation.n_nationkey)","Workers": [],"Plans": [{"Node Type": "Seq Scan","Parent Relationship": "Outer","Parallel Aware": true,"Async Capable": false,"Relation Name": "customer","Alias": "customer","Startup Cost": 0.00,"Total Cost": 4210.00,"Plan Rows": 62500,"Plan Width": 8,"Actual Startup Time": 0.016,"Actual Total Time": 10.057,"Actual Rows": 50000,"Actual Loops": 3,"Workers": []},{"Node Type": "Hash","Parent Relationship": "Inner","Parallel Aware": false,"Async Capable": false,"Startup Cost": 2.40,"Total Cost": 2.40,"Plan Rows": 1,"Plan Width": 108,"Actual Startup Time": 0.130,"Actual Total Time": 0.146,"Actual Rows": 5,"Actual Loops": 3,"Hash Buckets": 1024,"Original Hash Buckets": 1024,"Hash Batches": 1,"Original Hash Batches": 1,"Peak Memory Usage": 9,"Workers": [],"Plans": [{"Node Type": "Hash Join","Parent Relationship": "Outer","Parallel Aware": false,"Async Capable": false,"Join Type": "Inner","Startup Cost": 1.07,"Total Cost": 2.40,"Plan Rows": 1,"Plan Width": 108,"Actual Startup Time": 0.116,"Actual Total Time": 0.137,"Actual Rows": 5,"Actual Loops": 3,"Inner Unique": true,"Hash Cond": "(nation.n_regionkey = region.r_regionkey)","Workers": [],"Plans": [{"Node Type": "Seq Scan","Parent Relationship": "Outer","Parallel Aware": false,"Async Capable": false,"Relation Name": "nation","Alias": "nation","Startup Cost": 0.00,"Total Cost": 1.25,"Plan Rows": 25,"Plan Width": 112,"Actual Startup Time": 0.042,"Actual Total Time": 0.045,"Actual Rows": 25,"Actual Loops": 3,"Workers": []},{"Node Type": "Hash","Parent Relationship": "Inner","Parallel Aware": false,"Async Capable": false,"Startup Cost": 1.06,"Total Cost": 1.06,"Plan Rows": 1,"Plan Width": 4,"Actual Startup Time": 0.050,"Actual Total Time": 0.056,"Actual Rows": 1,"Actual Loops": 3,"Hash Buckets": 1024,"Original Hash Buckets": 1024,"Hash Batches": 1,"Original Hash Batches": 1,"Peak Memory Usage": 9,"Workers": [],"Plans": [{"Node Type": "Seq Scan","Parent Relationship": "Outer","Parallel Aware": false,"Async Capable": false,"Relation Name": "region","Alias": "region","Startup Cost": 0.00,"Total Cost": 1.06,"Plan Rows": 1,"Plan Width": 4,"Actual Startup Time": 0.038,"Actual Total Time": 0.040,"Actual Rows": 1,"Actual Loops": 3,"Filter": "(r_name = 'AMERICA'::bpchar)","Rows Removed by Filter": 4,"Workers": []}]}]}]}]},{"Node Type": "Index Scan","Parent Relationship": "Inner","Parallel Aware": false,"Async Capable": false,"Scan Direction": "Forward","Index Name": "idx_orders_custkey","Relation Name": "orders","Alias": "orders","Startup Cost": 0.43,"Total Cost": 1.55,"Plan Rows": 3,"Plan Width": 8,"Actual Startup Time": 0.017,"Actual Total Time": 0.040,"Actual Rows": 2,"Actual Loops": 29952,"Index Cond": "(o_custkey = customer.c_custkey)","Rows Removed by Index Recheck": 0,"Filter": "((o_orderdate >= '1997-01-01'::date) AND (o_orderdate < '1998-01-01 00:00:00'::timestamp without time zone))","Rows Removed by Filter": 8,"Workers": []}]},{"Node Type": "Index Scan","Parent Relationship": "Inner","Parallel Aware": false,"Async Capable": false,"Scan Direction": "Forward","Index Name": "idx_lineitem_orderkey","Relation Name": "lineitem","Alias": "lineitem","Startup Cost": 0.43,"Total Cost": 2.87,"Plan Rows": 17,"Plan Width": 20,"Actual Startup Time": 0.017,"Actual Total Time": 0.020,"Actual Rows": 4,"Actual Loops": 45676,"Index Cond": "(l_orderkey = orders.o_orderkey)","Rows Removed by Index Recheck": 0,"Workers": []}]},{"Node Type": "Hash","Parent Relationship": "Inner","Parallel Aware": false,"Async Capable": false,"Startup Cost": 322.00,"Total Cost": 322.00,"Plan Rows": 10000,"Plan Width": 8,"Actual Startup Time": 10.524,"Actual Total Time": 10.525,"Actual Rows": 10000,"Actual Loops": 3,"Hash Buckets": 16384,"Original Hash Buckets": 16384,"Hash Batches": 1,"Original Hash Batches": 1,"Peak Memory Usage": 519,"Workers": [],"Plans": [{"Node Type": "Seq Scan","Parent Relationship": "Outer","Parallel Aware": false,"Async Capable": false,"Relation Name": "supplier","Alias": "supplier","Startup Cost": 0.00,"Total Cost": 322.00,"Plan Rows": 10000,"Plan Width": 8,"Actual Startup Time": 0.042,"Actual Total Time": 8.814,"Actual Rows": 10000,"Actual Loops": 3,"Workers": []}]}]}]}]}]}]}]},"Planning Time": 10.085,"Triggers": [],"Execution Time": 859.237}]
[{"Plan": {"Node Type": "Sort","Parallel Aware": false,"Async Capable": false,"Startup Cost": 21565.24,"Total Cost": 21565.30,"Plan Rows": 25,"Plan Width": 136,"Actual Startup Time": 812.920,"Actual Total Time": 845.337,"Actual Rows": 5,"Actual Loops": 1,"Sort Key": ["(sum((lineitem.l_extendedprice * ('1'::numeric - lineitem.l_discount)))) DESC"],"Sort Method": "quicksort","Sort Space Used": 25,"Sort Space Type": "Memory","Plans": [{"Node Type": "Aggregate","Strategy": "Sorted","Partial Mode": "Finalize","Parent Relationship": "Outer","Parallel Aware": false,"Async Capable": false,"Startup Cost": 21550.29,"Total Cost": 21564.66,"Plan Rows": 25,"Plan Width": 136,"Actual Startup Time": 812.284,"Actual Total Time": 845.271,"Actual Rows": 5,"Actual Loops": 1,"Group Key": ["nation.n_name"],"Plans": [{"Node Type": "Gather Merge","Parent Relationship": "Outer","Parallel Aware": false,"Async Capable": false,"Startup Cost": 21550.29,"Total Cost": 21563.97,"Plan Rows": 50,"Plan Width": 136,"Actual Startup Time": 812.043,"Actual Total Time": 845.216,"Actual Rows": 15,"Actual Loops": 1,"Workers Planned": 2,"Workers Launched": 2,"Plans": [{"Node Type": "Aggregate","Strategy": "Sorted","Partial Mode": "Partial","Parent Relationship": "Outer","Parallel Aware": false,"Async Capable": false,"Startup Cost": 20550.26,"Total Cost": 20558.18,"Plan Rows": 25,"Plan Width": 136,"Actual Startup Time": 804.529,"Actual Total Time": 805.274,"Actual Rows": 5,"Actual Loops": 3,"Group Key": ["nation.n_name"],"Workers": [],"Plans": [{"Node Type": "Sort","Parent Relationship": "Outer","Parallel Aware": false,"Async Capable": false,"Startup Cost": 20550.26,"Total Cost": 20551.78,"Plan Rows": 608,"Plan Width": 116,"Actual Startup Time": 804.312,"Actual Total Time": 804.451,"Actual Rows": 2459,"Actual Loops": 3,"Sort Key": ["nation.n_name"],"Sort Method": "quicksort","Sort Space Used": 291,"Sort Space Type": "Memory","Workers": [{"Worker Number": 0,"Sort Method": "quicksort","Sort Space Used": 281,"Sort Space Type": "Memory"},{"Worker Number": 1,"Sort Method": "quicksort","Sort Space Used": 294,"Sort Space Type": "Memory"}],"Plans": [{"Node Type": "Hash Join","Parent Relationship": "Outer","Parallel Aware": false,"Async Capable": false,"Join Type": "Inner","Startup Cost": 475.27,"Total Cost": 20522.15,"Plan Rows": 608,"Plan Width": 116,"Actual Startup Time": 9.963,"Actual Total Time": 802.770,"Actual Rows": 2459,"Actual Loops": 3,"Inner Unique": true,"Hash Cond": "((lineitem.l_suppkey = supplier.s_suppkey) AND (customer.c_nationkey = supplier.s_nationkey))","Workers": [],"Plans": [{"Node Type": "Nested Loop","Parent Relationship": "Outer","Parallel Aware": false,"Async Capable": false,"Join Type": "Inner","Startup Cost": 3.27,"Total Cost": 19970.29,"Plan Rows": 15211,"Plan Width": 128,"Actual Startup Time": 0.726,"Actual Total Time": 761.226,"Actual Rows": 61195,"Actual Loops": 3,"Inner Unique": false,"Workers": [],"Plans": [{"Node Type": "Nested Loop","Parent Relationship": "Outer","Parallel Aware": false,"Async Capable": false,"Join Type": "Inner","Startup Cost": 2.84,"Total Cost": 8414.26,"Plan Rows": 3802,"Plan Width": 116,"Actual Startup Time": 0.590,"Actual Total Time": 455.580,"Actual Rows": 15244,"Actual Loops": 3,"Inner Unique": false,"Workers": [],"Plans": [{"Node Type": "Hash Join","Parent Relationship": "Outer","Parallel Aware": false,"Async Capable": false,"Join Type": "Inner","Startup Cost": 2.41,"Total Cost": 4471.79,"Plan Rows": 2500,"Plan Width": 116,"Actual Startup Time": 0.294,"Actual Total Time": 55.676,"Actual Rows": 10061,"Actual Loops": 3,"Inner Unique": false,"Hash Cond": "(customer.c_nationkey = nation.n_nationkey)","Workers": [],"Plans": [{"Node Type": "Seq Scan","Parent Relationship": "Outer","Parallel Aware": true,"Async Capable": false,"Relation Name": "customer","Alias": "customer","Startup Cost": 0.00,"Total Cost": 4210.00,"Plan Rows": 62500,"Plan Width": 8,"Actual Startup Time": 0.018,"Actual Total Time": 9.635,"Actual Rows": 50000,"Actual Loops": 3,"Workers": []},{"Node Type": "Hash","Parent Relationship": "Inner","Parallel Aware": false,"Async Capable": false,"Startup Cost": 2.40,"Total Cost": 2.40,"Plan Rows": 1,"Plan Width": 108,"Actual Startup Time": 0.169,"Actual Total Time": 0.188,"Actual Rows": 5,"Actual Loops": 3,"Hash Buckets": 1024,"Original Hash Buckets": 1024,"Hash Batches": 1,"Original Hash Batches": 1,"Peak Memory Usage": 9,"Workers": [],"Plans": [{"Node Type": "Hash Join","Parent Relationship": "Outer","Parallel Aware": false,"Async Capable": false,"Join Type": "Inner","Startup Cost": 1.07,"Total Cost": 2.40,"Plan Rows": 1,"Plan Width": 108,"Actual Startup Time": 0.153,"Actual Total Time": 0.175,"Actual Rows": 5,"Actual Loops": 3,"Inner Unique": true,"Hash Cond": "(nation.n_regionkey = region.r_regionkey)","Workers": [],"Plans": [{"Node Type": "Seq Scan","Parent Relationship": "Outer","Parallel Aware": false,"Async Capable": false,"Relation Name": "nation","Alias": "nation","Startup Cost": 0.00,"Total Cost": 1.25,"Plan Rows": 25,"Plan Width": 112,"Actual Startup Time": 0.049,"Actual Total Time": 0.052,"Actual Rows": 25,"Actual Loops": 3,"Workers": []},{"Node Type": "Hash","Parent Relationship": "Inner","Parallel Aware": false,"Async Capable": false,"Startup Cost": 1.06,"Total Cost": 1.06,"Plan Rows": 1,"Plan Width": 4,"Actual Startup Time": 0.069,"Actual Total Time": 0.076,"Actual Rows": 1,"Actual Loops": 3,"Hash Buckets": 1024,"Original Hash Buckets": 1024,"Hash Batches": 1,"Original Hash Batches": 1,"Peak Memory Usage": 9,"Workers": [],"Plans": [{"Node Type": "Seq Scan","Parent Relationship": "Outer","Parallel Aware": false,"Async Capable": false,"Relation Name": "region","Alias": "region","Startup Cost": 0.00,"Total Cost": 1.06,"Plan Rows": 1,"Plan Width": 4,"Actual Startup Time": 0.054,"Actual Total Time": 0.057,"Actual Rows": 1,"Actual Loops": 3,"Filter": "(r_name = 'ASIA'::bpchar)","Rows Removed by Filter": 4,"Workers": []}]}]}]}]},{"Node Type": "Index Scan","Parent Relationship": "Inner","Parallel Aware": false,"Async Capable": false,"Scan Direction": "Forward","Index Name": "idx_orders_custkey","Relation Name": "orders","Alias": "orders","Startup Cost": 0.43,"Total Cost": 1.55,"Plan Rows": 3,"Plan Width": 8,"Actual Startup Time": 0.017,"Actual Total Time": 0.039,"Actual Rows": 2,"Actual Loops": 30183,"Index Cond": "(o_custkey = customer.c_custkey)","Rows Removed by Index Recheck": 0,"Filter": "((o_orderdate >= '1995-01-01'::date) AND (o_orderdate < '1996-01-01 00:00:00'::timestamp without time zone))","Rows Removed by Filter": 8,"Workers": []}]},{"Node Type": "Index Scan","Parent Relationship": "Inner","Parallel Aware": false,"Async Capable": false,"Scan Direction": "Forward","Index Name": "idx_lineitem_orderkey","Relation Name": "lineitem","Alias": "lineitem","Startup Cost": 0.43,"Total Cost": 2.87,"Plan Rows": 17,"Plan Width": 20,"Actual Startup Time": 0.017,"Actual Total Time": 0.019,"Actual Rows": 4,"Actual Loops": 45731,"Index Cond": "(l_orderkey = orders.o_orderkey)","Rows Removed by Index Recheck": 0,"Workers": []}]},{"Node Type": "Hash","Parent Relationship": "Inner","Parallel Aware": false,"Async Capable": false,"Startup Cost": 322.00,"Total Cost": 322.00,"Plan Rows": 10000,"Plan Width": 8,"Actual Startup Time": 8.662,"Actual Total Time": 8.670,"Actual Rows": 10000,"Actual Loops": 3,"Hash Buckets": 16384,"Original Hash Buckets": 16384,"Hash Batches": 1,"Original Hash Batches": 1,"Peak Memory Usage": 519,"Workers": [],"Plans": [{"Node Type": "Seq Scan","Parent Relationship": "Outer","Parallel Aware": false,"Async Capable": false,"Relation Name": "supplier","Alias": "supplier","Startup Cost": 0.00,"Total Cost": 322.00,"Plan Rows": 10000,"Plan Width": 8,"Actual Startup Time": 0.038,"Actual Total Time": 6.811,"Actual Rows": 10000,"Actual Loops": 3,"Workers": []}]}]}]}]}]}]}]},"Planning Time": 10.579,"Triggers": [],"Execution Time": 845.911}]
[{"Plan": {"Node Type": "Sort","Parallel Aware": false,"Async Capable": false,"Startup Cost": 21565.24,"Total Cost": 21565.30,"Plan Rows": 25,"Plan Width": 136,"Actual Startup Time": 812.920,"Actual Total Time": 845.337,"Actual Rows": 5,"Actual Loops": 1,"Sort Key": ["(sum((lineitem.l_extendedprice * ('1'::numeric - lineitem.l_discount)))) DESC"],"Sort Method": "quicksort","Sort Space Used": 25,"Sort Space Type": "Memory","Plans": [{"Node Type": "Aggregate","Strategy": "Sorted","Partial Mode": "Finalize","Parent Relationship": "Outer","Parallel Aware": false,"Async Capable": false,"Startup Cost": 21550.29,"Total Cost": 21564.66,"Plan Rows": 25,"Plan Width": 136,"Actual Startup Time": 812.284,"Actual Total Time": 845.271,"Actual Rows": 5,"Actual Loops": 1,"Group Key": ["nation.n_name"],"Plans": [{"Node Type": "Gather Merge","Parent Relationship": "Outer","Parallel Aware": false,"Async Capable": false,"Startup Cost": 21550.29,"Total Cost": 21563.97,"Plan Rows": 50,"Plan Width": 136,"Actual Startup Time": 812.043,"Actual Total Time": 845.216,"Actual Rows": 15,"Actual Loops": 1,"Workers Planned": 2,"Workers Launched": 2,"Plans": [{"Node Type": "Aggregate","Strategy": "Sorted","Partial Mode": "Partial","Parent Relationship": "Outer","Parallel Aware": false,"Async Capable": false,"Startup Cost": 20550.26,"Total Cost": 20558.18,"Plan Rows": 25,"Plan Width": 136,"Actual Startup Time": 804.529,"Actual Total Time": 805.274,"Actual Rows": 5,"Actual Loops": 3,"Group Key": ["nation.n_name"],"Workers": [],"Plans": [{"Node Type": "Sort","Parent Relationship": "Outer","Parallel Aware": false,"Async Capable": false,"Startup Cost": 20550.26,"Total Cost": 20551.78,"Plan Rows": 608,"Plan Width": 116,"Actual Startup Time": 804.312,"Actual Total Time": 804.451,"Actual Rows": 2459,"Actual Loops": 3,"Sort Key": ["nation.n_name"],"Sort Method": "quicksort","Sort Space Used": 291,"Sort Space Type": "Memory","Workers": [{"Worker Number": 0,"Sort Method": "quicksort","Sort Space Used": 281,"Sort Space Type": "Memory"},{"Worker Number": 1,"Sort Method": "quicksort","Sort Space Used": 294,"Sort Space Type": "Memory"}],"Plans": [{"Node Type": "Hash Join","Parent Relationship": "Outer","Parallel Aware": false,"Async Capable": false,"Join Type": "Inner","Startup Cost": 475.27,"Total Cost": 20522.15,"Plan Rows": 608,"Plan Width": 116,"Actual Startup Time": 9.963,"Actual Total Time": 802.770,"Actual Rows": 2459,"Actual Loops": 3,"Inner Unique": true,"Hash Cond": "((lineitem.l_suppkey = supplier.s_suppkey) AND (customer.c_nationkey = supplier.s_nationkey))","Workers": [],"Plans": [{"Node Type": "Nested Loop","Parent Relationship": "Outer","Parallel Aware": false,"Async Capable": false,"Join Type": "Inner","Startup Cost": 3.27,"Total Cost": 19970.29,"Plan Rows": 15211,"Plan Width": 128,"Actual Startup Time": 0.726,"Actual Total Time": 761.226,"Actual Rows": 61195,"Actual Loops": 3,"Inner Unique": false,"Workers": [],"Plans": [{"Node Type": "Nested Loop","Parent Relationship": "Outer","Parallel Aware": false,"Async Capable": false,"Join Type": "Inner","Startup Cost": 2.84,"Total Cost": 8414.26,"Plan Rows": 3802,"Plan Width": 116,"Actual Startup Time": 0.590,"Actual Total Time": 455.580,"Actual Rows": 15244,"Actual Loops": 3,"Inner Unique": false,"Workers": [],"Plans": [{"Node Type": "Hash Join","Parent Relationship": "Outer","Parallel Aware": false,"Async Capable": false,"Join Type": "Inner","Startup Cost": 2.41,"Total Cost": 4471.79,"Plan Rows": 2500,"Plan Width": 116,"Actual Startup Time": 0.294,"Actual Total Time": 55.676,"Actual Rows": 10061,"Actual Loops": 3,"Inner Unique": false,"Hash Cond": "(customer.c_nationkey = nation.n_nationkey)","Workers": [],"Plans": [{"Node Type": "Seq Scan","Parent Relationship": "Outer","Parallel Aware": true,"Async Capable": false,"Relation Name": "customer","Alias": "customer","Startup Cost": 0.00,"Total Cost": 4210.00,"Plan Rows": 62500,"Plan Width": 8,"Actual Startup Time": 0.018,"Actual Total Time": 9.635,"Actual Rows": 50000,"Actual Loops": 3,"Workers": []},{"Node Type": "Hash","Parent Relationship": "Inner","Parallel Aware": false,"Async Capable": false,"Startup Cost": 2.40,"Total Cost": 2.40,"Plan Rows": 1,"Plan Width": 108,"Actual Startup Time": 0.169,"Actual Total Time": 0.188,"Actual Rows": 5,"Actual Loops": 3,"Hash Buckets": 1024,"Original Hash Buckets": 1024,"Hash Batches": 1,"Original Hash Batches": 1,"Peak Memory Usage": 9,"Workers": [],"Plans": [{"Node Type": "Hash Join","Parent Relationship": "Outer","Parallel Aware": false,"Async Capable": false,"Join Type": "Inner","Startup Cost": 1.07,"Total Cost": 2.40,"Plan Rows": 1,"Plan Width": 108,"Actual Startup Time": 0.153,"Actual Total Time": 0.175,"Actual Rows": 5,"Actual Loops": 3,"Inner Unique": true,"Hash Cond": "(nation.n_regionkey = region.r_regionkey)","Workers": [],"Plans": [{"Node Type": "Seq Scan","Parent Relationship": "Outer","Parallel Aware": false,"Async Capable": false,"Relation Name": "nation","Alias": "nation","Startup Cost": 0.00,"Total Cost": 1.25,"Plan Rows": 25,"Plan Width": 112,"Actual Startup Time": 0.049,"Actual Total Time": 0.052,"Actual Rows": 25,"Actual Loops": 3,"Workers": []},{"Node Type": "Hash","Parent Relationship": "Inner","Parallel Aware": false,"Async Capable": false,"Startup Cost": 1.06,"Total Cost": 1.06,"Plan Rows": 1,"Plan Width": 4,"Actual Startup Time": 0.069,"Actual Total Time": 0.076,"Actual Rows": 1,"Actual Loops": 3,"Hash Buckets": 1024,"Original Hash Buckets": 1024,"Hash Batches": 1,"Original Hash Batches": 1,"Peak Memory Usage": 9,"Workers": [],"Plans": [{"Node Type": "Seq Scan","Parent Relationship": "Outer","Parallel Aware": false,"Async Capable": false,"Relation Name": "region","Alias": "region","Startup Cost": 0.00,"Total Cost": 1.06,"Plan Rows": 1,"Plan Width": 4,"Actual Startup Time": 0.054,"Actual Total Time": 0.057,"Actual Rows": 1,"Actual Loops": 3,"Filter": "(r_name = 'ASIA'::bpchar)","Rows Removed by Filter": 4,"Workers": []}]}]}]}]},{"Node Type": "Index Scan","Parent Relationship": "Inner","Parallel Aware": false,"Async Capable": false,"Scan Direction": "Forward","Index Name": "idx_orders_custkey","Relation Name": "orders","Alias": "orders","Startup Cost": 0.43,"Total Cost": 1.55,"Plan Rows": 3,"Plan Width": 8,"Actual Startup Time": 0.017,"Actual Total Time": 0.039,"Actual Rows": 2,"Actual Loops": 30183,"Index Cond": "(o_custkey = customer.c_custkey)","Rows Removed by Index Recheck": 0,"Filter": "((o_orderdate >= '1995-01-01'::date) AND (o_orderdate < '1996-01-01 00:00:00'::timestamp without time zone))","Rows Removed by Filter": 8,"Workers": []}]},{"Node Type": "Index Scan","Parent Relationship": "Inner","Parallel Aware": false,"Async Capable": false,"Scan Direction": "Forward","Index Name": "idx_lineitem_orderkey","Relation Name": "lineitem","Alias": "lineitem","Startup Cost": 0.43,"Total Cost": 2.87,"Plan Rows": 17,"Plan Width": 20,"Actual Startup Time": 0.017,"Actual Total Time": 0.019,"Actual Rows": 4,"Actual Loops": 45731,"Index Cond": "(l_orderkey = orders.o_orderkey)","Rows Removed by Index Recheck": 0,"Workers": []}]},{"Node Type": "Hash","Parent Relationship": "Inner","Parallel Aware": false,"Async Capable": false,"Startup Cost": 322.00,"Total Cost": 322.00,"Plan Rows": 10000,"Plan Width": 8,"Actual Startup Time": 8.662,"Actual Total Time": 8.670,"Actual Rows": 10000,"Actual Loops": 3,"Hash Buckets": 16384,"Original Hash Buckets": 16384,"Hash Batches": 1,"Original Hash Batches": 1,"Peak Memory Usage": 519,"Workers": [],"Plans": [{"Node Type": "Seq Scan","Parent Relationship": "Outer","Parallel Aware": false,"Async Capable": false,"Relation Name": "supplier","Alias": "supplier","Startup Cost": 0.00,"Total Cost": 322.00,"Plan Rows": 10000,"Plan Width": 8,"Actual Startup Time": 0.038,"Actual Total Time": 6.811,"Actual Rows": 10000,"Actual Loops": 3,"Workers": []}]}]}]}]}]}]}]},"Planning Time": 10.579,"Triggers": [],"Execution Time": 845.911}]
[{"Plan": {"Node Type": "Sort","Parallel Aware": false,"Async Capable": false,"Startup Cost": 21565.24,"Total Cost": 21565.30,"Plan Rows": 25,"Plan Width": 136,"Actual Startup Time": 797.386,"Actual Total Time": 830.222,"Actual Rows": 5,"Actual Loops": 1,"Sort Key": ["(sum((lineitem.l_extendedprice * ('1'::numeric - lineitem.l_discount)))) DESC"],"Sort Method": "quicksort","Sort Space Used": 25,"Sort Space Type": "Memory","Plans": [{"Node Type": "Aggregate","Strategy": "Sorted","Partial Mode": "Finalize","Parent Relationship": "Outer","Parallel Aware": false,"Async Capable": false,"Startup Cost": 21550.29,"Total Cost": 21564.66,"Plan Rows": 25,"Plan Width": 136,"Actual Startup Time": 796.761,"Actual Total Time": 830.172,"Actual Rows": 5,"Actual Loops": 1,"Group Key": ["nation.n_name"],"Plans": [{"Node Type": "Gather Merge","Parent Relationship": "Outer","Parallel Aware": false,"Async Capable": false,"Startup Cost": 21550.29,"Total Cost": 21563.97,"Plan Rows": 50,"Plan Width": 136,"Actual Startup Time": 796.547,"Actual Total Time": 830.110,"Actual Rows": 15,"Actual Loops": 1,"Workers Planned": 2,"Workers Launched": 2,"Plans": [{"Node Type": "Aggregate","Strategy": "Sorted","Partial Mode": "Partial","Parent Relationship": "Outer","Parallel Aware": false,"Async Capable": false,"Startup Cost": 20550.26,"Total Cost": 20558.18,"Plan Rows": 25,"Plan Width": 136,"Actual Startup Time": 788.895,"Actual Total Time": 789.783,"Actual Rows": 5,"Actual Loops": 3,"Group Key": ["nation.n_name"],"Workers": [],"Plans": [{"Node Type": "Sort","Parent Relationship": "Outer","Parallel Aware": false,"Async Capable": false,"Startup Cost": 20550.26,"Total Cost": 20551.78,"Plan Rows": 608,"Plan Width": 116,"Actual Startup Time": 788.664,"Actual Total Time": 788.842,"Actual Rows": 2456,"Actual Loops": 3,"Sort Key": ["nation.n_name"],"Sort Method": "quicksort","Sort Space Used": 291,"Sort Space Type": "Memory","Workers": [{"Worker Number": 0,"Sort Method": "quicksort","Sort Space Used": 279,"Sort Space Type": "Memory"},{"Worker Number": 1,"Sort Method": "quicksort","Sort Space Used": 295,"Sort Space Type": "Memory"}],"Plans": [{"Node Type": "Hash Join","Parent Relationship": "Outer","Parallel Aware": false,"Async Capable": false,"Join Type": "Inner","Startup Cost": 475.27,"Total Cost": 20522.15,"Plan Rows": 608,"Plan Width": 116,"Actual Startup Time": 10.168,"Actual Total Time": 787.209,"Actual Rows": 2456,"Actual Loops": 3,"Inner Unique": true,"Hash Cond": "((lineitem.l_suppkey = supplier.s_suppkey) AND (customer.c_nationkey = supplier.s_nationkey))","Workers": [],"Plans": [{"Node Type": "Nested Loop","Parent Relationship": "Outer","Parallel Aware": false,"Async Capable": false,"Join Type": "Inner","Startup Cost": 3.27,"Total Cost": 19970.29,"Plan Rows": 15211,"Plan Width": 128,"Actual Startup Time": 0.661,"Actual Total Time": 744.432,"Actual Rows": 60955,"Actual Loops": 3,"Inner Unique": false,"Workers": [],"Plans": [{"Node Type": "Nested Loop","Parent Relationship": "Outer","Parallel Aware": false,"Async Capable": false,"Join Type": "Inner","Startup Cost": 2.84,"Total Cost": 8414.26,"Plan Rows": 3802,"Plan Width": 116,"Actual Startup Time": 0.532,"Actual Total Time": 444.261,"Actual Rows": 15210,"Actual Loops": 3,"Inner Unique": false,"Workers": [],"Plans": [{"Node Type": "Hash Join","Parent Relationship": "Outer","Parallel Aware": false,"Async Capable": false,"Join Type": "Inner","Startup Cost": 2.41,"Total Cost": 4471.79,"Plan Rows": 2500,"Plan Width": 116,"Actual Startup Time": 0.249,"Actual Total Time": 53.241,"Actual Rows": 9984,"Actual Loops": 3,"Inner Unique": false,"Hash Cond": "(customer.c_nationkey = nation.n_nationkey)","Workers": [],"Plans": [{"Node Type": "Seq Scan","Parent Relationship": "Outer","Parallel Aware": true,"Async Capable": false,"Relation Name": "customer","Alias": "customer","Startup Cost": 0.00,"Total Cost": 4210.00,"Plan Rows": 62500,"Plan Width": 8,"Actual Startup Time": 0.015,"Actual Total Time": 9.455,"Actual Rows": 50000,"Actual Loops": 3,"Workers": []},{"Node Type": "Hash","Parent Relationship": "Inner","Parallel Aware": false,"Async Capable": false,"Startup Cost": 2.40,"Total Cost": 2.40,"Plan Rows": 1,"Plan Width": 108,"Actual Startup Time": 0.141,"Actual Total Time": 0.157,"Actual Rows": 5,"Actual Loops": 3,"Hash Buckets": 1024,"Original Hash Buckets": 1024,"Hash Batches": 1,"Original Hash Batches": 1,"Peak Memory Usage": 9,"Workers": [],"Plans": [{"Node Type": "Hash Join","Parent Relationship": "Outer","Parallel Aware": false,"Async Capable": false,"Join Type": "Inner","Startup Cost": 1.07,"Total Cost": 2.40,"Plan Rows": 1,"Plan Width": 108,"Actual Startup Time": 0.126,"Actual Total Time": 0.148,"Actual Rows": 5,"Actual Loops": 3,"Inner Unique": true,"Hash Cond": "(nation.n_regionkey = region.r_regionkey)","Workers": [],"Plans": [{"Node Type": "Seq Scan","Parent Relationship": "Outer","Parallel Aware": false,"Async Capable": false,"Relation Name": "nation","Alias": "nation","Startup Cost": 0.00,"Total Cost": 1.25,"Plan Rows": 25,"Plan Width": 112,"Actual Startup Time": 0.048,"Actual Total Time": 0.053,"Actual Rows": 25,"Actual Loops": 3,"Workers": []},{"Node Type": "Hash","Parent Relationship": "Inner","Parallel Aware": false,"Async Capable": false,"Startup Cost": 1.06,"Total Cost": 1.06,"Plan Rows": 1,"Plan Width": 4,"Actual Startup Time": 0.049,"Actual Total Time": 0.055,"Actual Rows": 1,"Actual Loops": 3,"Hash Buckets": 1024,"Original Hash Buckets": 1024,"Hash Batches": 1,"Original Hash Batches": 1,"Peak Memory Usage": 9,"Workers": [],"Plans": [{"Node Type": "Seq Scan","Parent Relationship": "Outer","Parallel Aware": false,"Async Capable": false,"Relation Name": "region","Alias": "region","Startup Cost": 0.00,"Total Cost": 1.06,"Plan Rows": 1,"Plan Width": 4,"Actual Startup Time": 0.036,"Actual Total Time": 0.040,"Actual Rows": 1,"Actual Loops": 3,"Filter": "(r_name = 'AMERICA'::bpchar)","Rows Removed by Filter": 4,"Workers": []}]}]}]}]},{"Node Type": "Index Scan","Parent Relationship": "Inner","Parallel Aware": false,"Async Capable": false,"Scan Direction": "Forward","Index Name": "idx_orders_custkey","Relation Name": "orders","Alias": "orders","Startup Cost": 0.43,"Total Cost": 1.55,"Plan Rows": 3,"Plan Width": 8,"Actual Startup Time": 0.016,"Actual Total Time": 0.039,"Actual Rows": 2,"Actual Loops": 29952,"Index Cond": "(o_custkey = customer.c_custkey)","Rows Removed by Index Recheck": 0,"Filter": "((o_orderdate >= '1995-01-01'::date) AND (o_orderdate < '1996-01-01 00:00:00'::timestamp without time zone))","Rows Removed by Filter": 8,"Workers": []}]},{"Node Type": "Index Scan","Parent Relationship": "Inner","Parallel Aware": false,"Async Capable": false,"Scan Direction": "Forward","Index Name": "idx_lineitem_orderkey","Relation Name": "lineitem","Alias": "lineitem","Startup Cost": 0.43,"Total Cost": 2.87,"Plan Rows": 17,"Plan Width": 20,"Actual Startup Time": 0.016,"Actual Total Time": 0.019,"Actual Rows": 4,"Actual Loops": 45630,"Index Cond": "(l_orderkey = orders.o_orderkey)","Rows Removed by Index Recheck": 0,"Workers": []}]},{"Node Type": "Hash","Parent Relationship": "Inner","Parallel Aware": false,"Async Capable": false,"Startup Cost": 322.00,"Total Cost": 322.00,"Plan Rows": 10000,"Plan Width": 8,"Actual Startup Time": 8.645,"Actual Total Time": 8.649,"Actual Rows": 10000,"Actual Loops": 3,"Hash Buckets": 16384,"Original Hash Buckets": 16384,"Hash Batches": 1,"Original Hash Batches": 1,"Peak Memory Usage": 519,"Workers": [],"Plans": [{"Node Type": "Seq Scan","Parent Relationship": "Outer","Parallel Aware": false,"Async Capable": false,"Relation Name": "supplier","Alias": "supplier","Startup Cost": 0.00,"Total Cost": 322.00,"Plan Rows": 10000,"Plan Width": 8,"Actual Startup Time": 0.041,"Actual Total Time": 6.699,"Actual Rows": 10000,"Actual Loops": 3,"Workers": []}]}]}]}]}]}]}]},"Planning Time": 10.274,"Triggers": [],"Execution Time": 830.793}]
[{"Plan": {"Node Type": "Sort","Parallel Aware": false,"Async Capable": false,"Startup Cost": 21616.39,"Total Cost": 21616.45,"Plan Rows": 25,"Plan Width": 136,"Actual Startup Time": 804.800,"Actual Total Time": 836.793,"Actual Rows": 5,"Actual Loops": 1,"Sort Key": ["(sum((lineitem.l_extendedprice * ('1'::numeric - lineitem.l_discount)))) DESC"],"Sort Method": "quicksort","Sort Space Used": 25,"Sort Space Type": "Memory","Plans": [{"Node Type": "Aggregate","Strategy": "Sorted","Partial Mode": "Finalize","Parent Relationship": "Outer","Parallel Aware": false,"Async Capable": false,"Startup Cost": 21601.33,"Total Cost": 21615.81,"Plan Rows": 25,"Plan Width": 136,"Actual Startup Time": 804.196,"Actual Total Time": 836.738,"Actual Rows": 5,"Actual Loops": 1,"Group Key": ["nation.n_name"],"Plans": [{"Node Type": "Gather Merge","Parent Relationship": "Outer","Parallel Aware": false,"Async Capable": false,"Startup Cost": 21601.33,"Total Cost": 21615.12,"Plan Rows": 50,"Plan Width": 136,"Actual Startup Time": 803.537,"Actual Total Time": 836.675,"Actual Rows": 15,"Actual Loops": 1,"Workers Planned": 2,"Workers Launched": 2,"Plans": [{"Node Type": "Aggregate","Strategy": "Sorted","Partial Mode": "Partial","Parent Relationship": "Outer","Parallel Aware": false,"Async Capable": false,"Startup Cost": 20601.30,"Total Cost": 20609.33,"Plan Rows": 25,"Plan Width": 136,"Actual Startup Time": 795.499,"Actual Total Time": 796.369,"Actual Rows": 5,"Actual Loops": 3,"Group Key": ["nation.n_name"],"Workers": [],"Plans": [{"Node Type": "Sort","Parent Relationship": "Outer","Parallel Aware": false,"Async Capable": false,"Startup Cost": 20601.30,"Total Cost": 20602.85,"Plan Rows": 617,"Plan Width": 116,"Actual Startup Time": 795.285,"Actual Total Time": 795.436,"Actual Rows": 2498,"Actual Loops": 3,"Sort Key": ["nation.n_name"],"Sort Method": "quicksort","Sort Space Used": 299,"Sort Space Type": "Memory","Workers": [{"Worker Number": 0,"Sort Method": "quicksort","Sort Space Used": 291,"Sort Space Type": "Memory"},{"Worker Number": 1,"Sort Method": "quicksort","Sort Space Used": 284,"Sort Space Type": "Memory"}],"Plans": [{"Node Type": "Hash Join","Parent Relationship": "Outer","Parallel Aware": false,"Async Capable": false,"Join Type": "Inner","Startup Cost": 475.27,"Total Cost": 20572.71,"Plan Rows": 617,"Plan Width": 116,"Actual Startup Time": 14.014,"Actual Total Time": 793.817,"Actual Rows": 2498,"Actual Loops": 3,"Inner Unique": true,"Hash Cond": "((lineitem.l_suppkey = supplier.s_suppkey) AND (customer.c_nationkey = supplier.s_nationkey))","Workers": [],"Plans": [{"Node Type": "Nested Loop","Parent Relationship": "Outer","Parallel Aware": false,"Async Capable": false,"Join Type": "Inner","Startup Cost": 3.27,"Total Cost": 20019.70,"Plan Rows": 15431,"Plan Width": 128,"Actual Startup Time": 0.837,"Actual Total Time": 749.002,"Actual Rows": 60742,"Actual Loops": 3,"Inner Unique": false,"Workers": [],"Plans": [{"Node Type": "Nested Loop","Parent Relationship": "Outer","Parallel Aware": false,"Async Capable": false,"Join Type": "Inner","Startup Cost": 2.84,"Total Cost": 8414.26,"Plan Rows": 3857,"Plan Width": 116,"Actual Startup Time": 0.706,"Actual Total Time": 447.815,"Actual Rows": 15183,"Actual Loops": 3,"Inner Unique": false,"Workers": [],"Plans": [{"Node Type": "Hash Join","Parent Relationship": "Outer","Parallel Aware": false,"Async Capable": false,"Join Type": "Inner","Startup Cost": 2.41,"Total Cost": 4471.79,"Plan Rows": 2500,"Plan Width": 116,"Actual Startup Time": 0.258,"Actual Total Time": 55.848,"Actual Rows": 9984,"Actual Loops": 3,"Inner Unique": false,"Hash Cond": "(customer.c_nationkey = nation.n_nationkey)","Workers": [],"Plans": [{"Node Type": "Seq Scan","Parent Relationship": "Outer","Parallel Aware": true,"Async Capable": false,"Relation Name": "customer","Alias": "customer","Startup Cost": 0.00,"Total Cost": 4210.00,"Plan Rows": 62500,"Plan Width": 8,"Actual Startup Time": 0.017,"Actual Total Time": 9.503,"Actual Rows": 50000,"Actual Loops": 3,"Workers": []},{"Node Type": "Hash","Parent Relationship": "Inner","Parallel Aware": false,"Async Capable": false,"Startup Cost": 2.40,"Total Cost": 2.40,"Plan Rows": 1,"Plan Width": 108,"Actual Startup Time": 0.153,"Actual Total Time": 0.178,"Actual Rows": 5,"Actual Loops": 3,"Hash Buckets": 1024,"Original Hash Buckets": 1024,"Hash Batches": 1,"Original Hash Batches": 1,"Peak Memory Usage": 9,"Workers": [],"Plans": [{"Node Type": "Hash Join","Parent Relationship": "Outer","Parallel Aware": false,"Async Capable": false,"Join Type": "Inner","Startup Cost": 1.07,"Total Cost": 2.40,"Plan Rows": 1,"Plan Width": 108,"Actual Startup Time": 0.136,"Actual Total Time": 0.167,"Actual Rows": 5,"Actual Loops": 3,"Inner Unique": true,"Hash Cond": "(nation.n_regionkey = region.r_regionkey)","Workers": [],"Plans": [{"Node Type": "Seq Scan","Parent Relationship": "Outer","Parallel Aware": false,"Async Capable": false,"Relation Name": "nation","Alias": "nation","Startup Cost": 0.00,"Total Cost": 1.25,"Plan Rows": 25,"Plan Width": 112,"Actual Startup Time": 0.055,"Actual Total Time": 0.059,"Actual Rows": 25,"Actual Loops": 3,"Workers": []},{"Node Type": "Hash","Parent Relationship": "Inner","Parallel Aware": false,"Async Capable": false,"Startup Cost": 1.06,"Total Cost": 1.06,"Plan Rows": 1,"Plan Width": 4,"Actual Startup Time": 0.050,"Actual Total Time": 0.057,"Actual Rows": 1,"Actual Loops": 3,"Hash Buckets": 1024,"Original Hash Buckets": 1024,"Hash Batches": 1,"Original Hash Batches": 1,"Peak Memory Usage": 9,"Workers": [],"Plans": [{"Node Type": "Seq Scan","Parent Relationship": "Outer","Parallel Aware": false,"Async Capable": false,"Relation Name": "region","Alias": "region","Startup Cost": 0.00,"Total Cost": 1.06,"Plan Rows": 1,"Plan Width": 4,"Actual Startup Time": 0.036,"Actual Total Time": 0.039,"Actual Rows": 1,"Actual Loops": 3,"Filter": "(r_name = 'AMERICA'::bpchar)","Rows Removed by Filter": 4,"Workers": []}]}]}]}]},{"Node Type": "Index Scan","Parent Relationship": "Inner","Parallel Aware": false,"Async Capable": false,"Scan Direction": "Forward","Index Name": "idx_orders_custkey","Relation Name": "orders","Alias": "orders","Startup Cost": 0.43,"Total Cost": 1.55,"Plan Rows": 3,"Plan Width": 8,"Actual Startup Time": 0.017,"Actual Total Time": 0.039,"Actual Rows": 2,"Actual Loops": 29952,"Index Cond": "(o_custkey = customer.c_custkey)","Rows Removed by Index Recheck": 0,"Filter": "((o_orderdate >= '1996-01-01'::date) AND (o_orderdate < '1997-01-01 00:00:00'::timestamp without time zone))","Rows Removed by Filter": 8,"Workers": []}]},{"Node Type": "Index Scan","Parent Relationship": "Inner","Parallel Aware": false,"Async Capable": false,"Scan Direction": "Forward","Index Name": "idx_lineitem_orderkey","Relation Name": "lineitem","Alias": "lineitem","Startup Cost": 0.43,"Total Cost": 2.84,"Plan Rows": 17,"Plan Width": 20,"Actual Startup Time": 0.016,"Actual Total Time": 0.019,"Actual Rows": 4,"Actual Loops": 45549,"Index Cond": "(l_orderkey = orders.o_orderkey)","Rows Removed by Index Recheck": 0,"Workers": []}]},{"Node Type": "Hash","Parent Relationship": "Inner","Parallel Aware": false,"Async Capable": false,"Startup Cost": 322.00,"Total Cost": 322.00,"Plan Rows": 10000,"Plan Width": 8,"Actual Startup Time": 12.297,"Actual Total Time": 12.301,"Actual Rows": 10000,"Actual Loops": 3,"Hash Buckets": 16384,"Original Hash Buckets": 16384,"Hash Batches": 1,"Original Hash Batches": 1,"Peak Memory Usage": 519,"Workers": [],"Plans": [{"Node Type": "Seq Scan","Parent Relationship": "Outer","Parallel Aware": false,"Async Capable": false,"Relation Name": "supplier","Alias": "supplier","Startup Cost": 0.00,"Total Cost": 322.00,"Plan Rows": 10000,"Plan Width": 8,"Actual Startup Time": 0.045,"Actual Total Time": 10.666,"Actual Rows": 10000,"Actual Loops": 3,"Workers": []}]}]}]}]}]}]}]},"Planning Time": 9.455,"Triggers": [],"Execution Time": 837.268}]
[{"Plan": {"Node Type": "Sort","Parallel Aware": false,"Async Capable": false,"Startup Cost": 21565.81,"Total Cost": 21565.87,"Plan Rows": 25,"Plan Width": 136,"Actual Startup Time": 823.071,"Actual Total Time": 855.607,"Actual Rows": 5,"Actual Loops": 1,"Sort Key": ["(sum((lineitem.l_extendedprice * ('1'::numeric - lineitem.l_discount)))) DESC"],"Sort Method": "quicksort","Sort Space Used": 25,"Sort Space Type": "Memory","Plans": [{"Node Type": "Aggregate","Strategy": "Sorted","Partial Mode": "Finalize","Parent Relationship": "Outer","Parallel Aware": false,"Async Capable": false,"Startup Cost": 21550.86,"Total Cost": 21565.23,"Plan Rows": 25,"Plan Width": 136,"Actual Startup Time": 822.468,"Actual Total Time": 855.547,"Actual Rows": 5,"Actual Loops": 1,"Group Key": ["nation.n_name"],"Plans": [{"Node Type": "Gather Merge","Parent Relationship": "Outer","Parallel Aware": false,"Async Capable": false,"Startup Cost": 21550.86,"Total Cost": 21564.54,"Plan Rows": 50,"Plan Width": 136,"Actual Startup Time": 822.203,"Actual Total Time": 855.489,"Actual Rows": 15,"Actual Loops": 1,"Workers Planned": 2,"Workers Launched": 2,"Plans": [{"Node Type": "Aggregate","Strategy": "Sorted","Partial Mode": "Partial","Parent Relationship": "Outer","Parallel Aware": false,"Async Capable": false,"Startup Cost": 20550.84,"Total Cost": 20558.75,"Plan Rows": 25,"Plan Width": 136,"Actual Startup Time": 814.240,"Actual Total Time": 814.959,"Actual Rows": 5,"Actual Loops": 3,"Group Key": ["nation.n_name"],"Workers": [],"Plans": [{"Node Type": "Sort","Parent Relationship": "Outer","Parallel Aware": false,"Async Capable": false,"Startup Cost": 20550.84,"Total Cost": 20552.36,"Plan Rows": 608,"Plan Width": 116,"Actual Startup Time": 814.029,"Actual Total Time": 814.149,"Actual Rows": 2473,"Actual Loops": 3,"Sort Key": ["nation.n_name"],"Sort Method": "quicksort","Sort Space Used": 297,"Sort Space Type": "Memory","Workers": [{"Worker Number": 0,"Sort Method": "quicksort","Sort Space Used": 287,"Sort Space Type": "Memory"},{"Worker Number": 1,"Sort Method": "quicksort","Sort Space Used": 284,"Sort Space Type": "Memory"}],"Plans": [{"Node Type": "Hash Join","Parent Relationship": "Outer","Parallel Aware": false,"Async Capable": false,"Join Type": "Inner","Startup Cost": 475.27,"Total Cost": 20522.72,"Plan Rows": 608,"Plan Width": 116,"Actual Startup Time": 11.318,"Actual Total Time": 812.483,"Actual Rows": 2473,"Actual Loops": 3,"Inner Unique": true,"Hash Cond": "((lineitem.l_suppkey = supplier.s_suppkey) AND (customer.c_nationkey = supplier.s_nationkey))","Workers": [],"Plans": [{"Node Type": "Nested Loop","Parent Relationship": "Outer","Parallel Aware": false,"Async Capable": false,"Join Type": "Inner","Startup Cost": 3.27,"Total Cost": 19970.84,"Plan Rows": 15215,"Plan Width": 128,"Actual Startup Time": 0.595,"Actual Total Time": 768.935,"Actual Rows": 60276,"Actual Loops": 3,"Inner Unique": false,"Workers": [],"Plans": [{"Node Type": "Nested Loop","Parent Relationship": "Outer","Parallel Aware": false,"Async Capable": false,"Join Type": "Inner","Startup Cost": 2.84,"Total Cost": 8414.26,"Plan Rows": 3803,"Plan Width": 116,"Actual Startup Time": 0.466,"Actual Total Time": 464.532,"Actual Rows": 15032,"Actual Loops": 3,"Inner Unique": false,"Workers": [],"Plans": [{"Node Type": "Hash Join","Parent Relationship": "Outer","Parallel Aware": false,"Async Capable": false,"Join Type": "Inner","Startup Cost": 2.41,"Total Cost": 4471.79,"Plan Rows": 2500,"Plan Width": 116,"Actual Startup Time": 0.243,"Actual Total Time": 60.744,"Actual Rows": 9968,"Actual Loops": 3,"Inner Unique": false,"Hash Cond": "(customer.c_nationkey = nation.n_nationkey)","Workers": [],"Plans": [{"Node Type": "Seq Scan","Parent Relationship": "Outer","Parallel Aware": true,"Async Capable": false,"Relation Name": "customer","Alias": "customer","Startup Cost": 0.00,"Total Cost": 4210.00,"Plan Rows": 62500,"Plan Width": 8,"Actual Startup Time": 0.012,"Actual Total Time": 10.205,"Actual Rows": 50000,"Actual Loops": 3,"Workers": []},{"Node Type": "Hash","Parent Relationship": "Inner","Parallel Aware": false,"Async Capable": false,"Startup Cost": 2.40,"Total Cost": 2.40,"Plan Rows": 1,"Plan Width": 108,"Actual Startup Time": 0.142,"Actual Total Time": 0.157,"Actual Rows": 5,"Actual Loops": 3,"Hash Buckets": 1024,"Original Hash Buckets": 1024,"Hash Batches": 1,"Original Hash Batches": 1,"Peak Memory Usage": 9,"Workers": [],"Plans": [{"Node Type": "Hash Join","Parent Relationship": "Outer","Parallel Aware": false,"Async Capable": false,"Join Type": "Inner","Startup Cost": 1.07,"Total Cost": 2.40,"Plan Rows": 1,"Plan Width": 108,"Actual Startup Time": 0.130,"Actual Total Time": 0.149,"Actual Rows": 5,"Actual Loops": 3,"Inner Unique": true,"Hash Cond": "(nation.n_regionkey = region.r_regionkey)","Workers": [],"Plans": [{"Node Type": "Seq Scan","Parent Relationship": "Outer","Parallel Aware": false,"Async Capable": false,"Relation Name": "nation","Alias": "nation","Startup Cost": 0.00,"Total Cost": 1.25,"Plan Rows": 25,"Plan Width": 112,"Actual Startup Time": 0.040,"Actual Total Time": 0.044,"Actual Rows": 25,"Actual Loops": 3,"Workers": []},{"Node Type": "Hash","Parent Relationship": "Inner","Parallel Aware": false,"Async Capable": false,"Startup Cost": 1.06,"Total Cost": 1.06,"Plan Rows": 1,"Plan Width": 4,"Actual Startup Time": 0.063,"Actual Total Time": 0.068,"Actual Rows": 1,"Actual Loops": 3,"Hash Buckets": 1024,"Original Hash Buckets": 1024,"Hash Batches": 1,"Original Hash Batches": 1,"Peak Memory Usage": 9,"Workers": [],"Plans": [{"Node Type": "Seq Scan","Parent Relationship": "Outer","Parallel Aware": false,"Async Capable": false,"Relation Name": "region","Alias": "region","Startup Cost": 0.00,"Total Cost": 1.06,"Plan Rows": 1,"Plan Width": 4,"Actual Startup Time": 0.045,"Actual Total Time": 0.047,"Actual Rows": 1,"Actual Loops": 3,"Filter": "(r_name = 'MIDDLE EAST'::bpchar)","Rows Removed by Filter": 4,"Workers": []}]}]}]}]},{"Node Type": "Index Scan","Parent Relationship": "Inner","Parallel Aware": false,"Async Capable": false,"Scan Direction": "Forward","Index Name": "idx_orders_custkey","Relation Name": "orders","Alias": "orders","Startup Cost": 0.43,"Total Cost": 1.55,"Plan Rows": 3,"Plan Width": 8,"Actual Startup Time": 0.017,"Actual Total Time": 0.040,"Actual Rows": 2,"Actual Loops": 29904,"Index Cond": "(o_custkey = customer.c_custkey)","Rows Removed by Index Recheck": 0,"Filter": "((o_orderdate >= '1997-01-01'::date) AND (o_orderdate < '1998-01-01 00:00:00'::timestamp without time zone))","Rows Removed by Filter": 8,"Workers": []}]},{"Node Type": "Index Scan","Parent Relationship": "Inner","Parallel Aware": false,"Async Capable": false,"Scan Direction": "Forward","Index Name": "idx_lineitem_orderkey","Relation Name": "lineitem","Alias": "lineitem","Startup Cost": 0.43,"Total Cost": 2.87,"Plan Rows": 17,"Plan Width": 20,"Actual Startup Time": 0.017,"Actual Total Time": 0.019,"Actual Rows": 4,"Actual Loops": 45096,"Index Cond": "(l_orderkey = orders.o_orderkey)","Rows Removed by Index Recheck": 0,"Workers": []}]},{"Node Type": "Hash","Parent Relationship": "Inner","Parallel Aware": false,"Async Capable": false,"Startup Cost": 322.00,"Total Cost": 322.00,"Plan Rows": 10000,"Plan Width": 8,"Actual Startup Time": 9.890,"Actual Total Time": 9.894,"Actual Rows": 10000,"Actual Loops": 3,"Hash Buckets": 16384,"Original Hash Buckets": 16384,"Hash Batches": 1,"Original Hash Batches": 1,"Peak Memory Usage": 519,"Workers": [],"Plans": [{"Node Type": "Seq Scan","Parent Relationship": "Outer","Parallel Aware": false,"Async Capable": false,"Relation Name": "supplier","Alias": "supplier","Startup Cost": 0.00,"Total Cost": 322.00,"Plan Rows": 10000,"Plan Width": 8,"Actual Startup Time": 0.039,"Actual Total Time": 7.896,"Actual Rows": 10000,"Actual Loops": 3,"Workers": []}]}]}]}]}]}]}]},"Planning Time": 11.619,"Triggers": [],"Execution Time": 856.108}]
[{"Plan": {"Node Type": "Sort","Parallel Aware": false,"Async Capable": false,"Startup Cost": 21565.81,"Total Cost": 21565.87,"Plan Rows": 25,"Plan Width": 136,"Actual Startup Time": 833.811,"Actual Total Time": 865.523,"Actual Rows": 5,"Actual Loops": 1,"Sort Key": ["(sum((lineitem.l_extendedprice * ('1'::numeric - lineitem.l_discount)))) DESC"],"Sort Method": "quicksort","Sort Space Used": 25,"Sort Space Type": "Memory","Plans": [{"Node Type": "Aggregate","Strategy": "Sorted","Partial Mode": "Finalize","Parent Relationship": "Outer","Parallel Aware": false,"Async Capable": false,"Startup Cost": 21550.86,"Total Cost": 21565.23,"Plan Rows": 25,"Plan Width": 136,"Actual Startup Time": 833.271,"Actual Total Time": 865.478,"Actual Rows": 5,"Actual Loops": 1,"Group Key": ["nation.n_name"],"Plans": [{"Node Type": "Gather Merge","Parent Relationship": "Outer","Parallel Aware": false,"Async Capable": false,"Startup Cost": 21550.86,"Total Cost": 21564.54,"Plan Rows": 50,"Plan Width": 136,"Actual Startup Time": 833.025,"Actual Total Time": 865.435,"Actual Rows": 15,"Actual Loops": 1,"Workers Planned": 2,"Workers Launched": 2,"Plans": [{"Node Type": "Aggregate","Strategy": "Sorted","Partial Mode": "Partial","Parent Relationship": "Outer","Parallel Aware": false,"Async Capable": false,"Startup Cost": 20550.84,"Total Cost": 20558.75,"Plan Rows": 25,"Plan Width": 136,"Actual Startup Time": 825.546,"Actual Total Time": 826.255,"Actual Rows": 5,"Actual Loops": 3,"Group Key": ["nation.n_name"],"Workers": [],"Plans": [{"Node Type": "Sort","Parent Relationship": "Outer","Parallel Aware": false,"Async Capable": false,"Startup Cost": 20550.84,"Total Cost": 20552.36,"Plan Rows": 608,"Plan Width": 116,"Actual Startup Time": 825.323,"Actual Total Time": 825.450,"Actual Rows": 2415,"Actual Loops": 3,"Sort Key": ["nation.n_name"],"Sort Method": "quicksort","Sort Space Used": 281,"Sort Space Type": "Memory","Workers": [{"Worker Number": 0,"Sort Method": "quicksort","Sort Space Used": 286,"Sort Space Type": "Memory"},{"Worker Number": 1,"Sort Method": "quicksort","Sort Space Used": 289,"Sort Space Type": "Memory"}],"Plans": [{"Node Type": "Hash Join","Parent Relationship": "Outer","Parallel Aware": false,"Async Capable": false,"Join Type": "Inner","Startup Cost": 475.27,"Total Cost": 20522.72,"Plan Rows": 608,"Plan Width": 116,"Actual Startup Time": 12.893,"Actual Total Time": 823.841,"Actual Rows": 2415,"Actual Loops": 3,"Inner Unique": true,"Hash Cond": "((lineitem.l_suppkey = supplier.s_suppkey) AND (customer.c_nationkey = supplier.s_nationkey))","Workers": [],"Plans": [{"Node Type": "Nested Loop","Parent Relationship": "Outer","Parallel Aware": false,"Async Capable": false,"Join Type": "Inner","Startup Cost": 3.27,"Total Cost": 19970.84,"Plan Rows": 15215,"Plan Width": 128,"Actual Startup Time": 0.809,"Actual Total Time": 777.035,"Actual Rows": 60714,"Actual Loops": 3,"Inner Unique": false,"Workers": [],"Plans": [{"Node Type": "Nested Loop","Parent Relationship": "Outer","Parallel Aware": false,"Async Capable": false,"Join Type": "Inner","Startup Cost": 2.84,"Total Cost": 8414.26,"Plan Rows": 3803,"Plan Width": 116,"Actual Startup Time": 0.660,"Actual Total Time": 471.667,"Actual Rows": 15226,"Actual Loops": 3,"Inner Unique": false,"Workers": [],"Plans": [{"Node Type": "Hash Join","Parent Relationship": "Outer","Parallel Aware": false,"Async Capable": false,"Join Type": "Inner","Startup Cost": 2.41,"Total Cost": 4471.79,"Plan Rows": 2500,"Plan Width": 116,"Actual Startup Time": 0.276,"Actual Total Time": 59.829,"Actual Rows": 10066,"Actual Loops": 3,"Inner Unique": false,"Hash Cond": "(customer.c_nationkey = nation.n_nationkey)","Workers": [],"Plans": [{"Node Type": "Seq Scan","Parent Relationship": "Outer","Parallel Aware": true,"Async Capable": false,"Relation Name": "customer","Alias": "customer","Startup Cost": 0.00,"Total Cost": 4210.00,"Plan Rows": 62500,"Plan Width": 8,"Actual Startup Time": 0.021,"Actual Total Time": 10.083,"Actual Rows": 50000,"Actual Loops": 3,"Workers": []},{"Node Type": "Hash","Parent Relationship": "Inner","Parallel Aware": false,"Async Capable": false,"Startup Cost": 2.40,"Total Cost": 2.40,"Plan Rows": 1,"Plan Width": 108,"Actual Startup Time": 0.154,"Actual Total Time": 0.171,"Actual Rows": 5,"Actual Loops": 3,"Hash Buckets": 1024,"Original Hash Buckets": 1024,"Hash Batches": 1,"Original Hash Batches": 1,"Peak Memory Usage": 9,"Workers": [],"Plans": [{"Node Type": "Hash Join","Parent Relationship": "Outer","Parallel Aware": false,"Async Capable": false,"Join Type": "Inner","Startup Cost": 1.07,"Total Cost": 2.40,"Plan Rows": 1,"Plan Width": 108,"Actual Startup Time": 0.139,"Actual Total Time": 0.162,"Actual Rows": 5,"Actual Loops": 3,"Inner Unique": true,"Hash Cond": "(nation.n_regionkey = region.r_regionkey)","Workers": [],"Plans": [{"Node Type": "Seq Scan","Parent Relationship": "Outer","Parallel Aware": false,"Async Capable": false,"Relation Name": "nation","Alias": "nation","Startup Cost": 0.00,"Total Cost": 1.25,"Plan Rows": 25,"Plan Width": 112,"Actual Startup Time": 0.051,"Actual Total Time": 0.055,"Actual Rows": 25,"Actual Loops": 3,"Workers": []},{"Node Type": "Hash","Parent Relationship": "Inner","Parallel Aware": false,"Async Capable": false,"Startup Cost": 1.06,"Total Cost": 1.06,"Plan Rows": 1,"Plan Width": 4,"Actual Startup Time": 0.057,"Actual Total Time": 0.063,"Actual Rows": 1,"Actual Loops": 3,"Hash Buckets": 1024,"Original Hash Buckets": 1024,"Hash Batches": 1,"Original Hash Batches": 1,"Peak Memory Usage": 9,"Workers": [],"Plans": [{"Node Type": "Seq Scan","Parent Relationship": "Outer","Parallel Aware": false,"Async Capable": false,"Relation Name": "region","Alias": "region","Startup Cost": 0.00,"Total Cost": 1.06,"Plan Rows": 1,"Plan Width": 4,"Actual Startup Time": 0.043,"Actual Total Time": 0.045,"Actual Rows": 1,"Actual Loops": 3,"Filter": "(r_name = 'EUROPE'::bpchar)","Rows Removed by Filter": 4,"Workers": []}]}]}]}]},{"Node Type": "Index Scan","Parent Relationship": "Inner","Parallel Aware": false,"Async Capable": false,"Scan Direction": "Forward","Index Name": "idx_orders_custkey","Relation Name": "orders","Alias": "orders","Startup Cost": 0.43,"Total Cost": 1.55,"Plan Rows": 3,"Plan Width": 8,"Actual Startup Time": 0.017,"Actual Total Time": 0.041,"Actual Rows": 2,"Actual Loops": 30197,"Index Cond": "(o_custkey = customer.c_custkey)","Rows Removed by Index Recheck": 0,"Filter": "((o_orderdate >= '1997-01-01'::date) AND (o_orderdate < '1998-01-01 00:00:00'::timestamp without time zone))","Rows Removed by Filter": 9,"Workers": []}]},{"Node Type": "Index Scan","Parent Relationship": "Inner","Parallel Aware": false,"Async Capable": false,"Scan Direction": "Forward","Index Name": "idx_lineitem_orderkey","Relation Name": "lineitem","Alias": "lineitem","Startup Cost": 0.43,"Total Cost": 2.87,"Plan Rows": 17,"Plan Width": 20,"Actual Startup Time": 0.017,"Actual Total Time": 0.019,"Actual Rows": 4,"Actual Loops": 45677,"Index Cond": "(l_orderkey = orders.o_orderkey)","Rows Removed by Index Recheck": 0,"Workers": []}]},{"Node Type": "Hash","Parent Relationship": "Inner","Parallel Aware": false,"Async Capable": false,"Startup Cost": 322.00,"Total Cost": 322.00,"Plan Rows": 10000,"Plan Width": 8,"Actual Startup Time": 11.560,"Actual Total Time": 11.566,"Actual Rows": 10000,"Actual Loops": 3,"Hash Buckets": 16384,"Original Hash Buckets": 16384,"Hash Batches": 1,"Original Hash Batches": 1,"Peak Memory Usage": 519,"Workers": [],"Plans": [{"Node Type": "Seq Scan","Parent Relationship": "Outer","Parallel Aware": false,"Async Capable": false,"Relation Name": "supplier","Alias": "supplier","Startup Cost": 0.00,"Total Cost": 322.00,"Plan Rows": 10000,"Plan Width": 8,"Actual Startup Time": 0.053,"Actual Total Time": 9.758,"Actual Rows": 10000,"Actual Loops": 3,"Workers": []}]}]}]}]}]}]}]},"Planning Time": 11.054,"Triggers": [],"Execution Time": 866.075}]
[{"Plan": {"Node Type": "Sort","Parallel Aware": false,"Async Capable": false,"Startup Cost": 21522.30,"Total Cost": 21522.36,"Plan Rows": 25,"Plan Width": 136,"Actual Startup Time": 815.371,"Actual Total Time": 846.364,"Actual Rows": 5,"Actual Loops": 1,"Sort Key": ["(sum((lineitem.l_extendedprice * ('1'::numeric - lineitem.l_discount)))) DESC"],"Sort Method": "quicksort","Sort Space Used": 25,"Sort Space Type": "Memory","Plans": [{"Node Type": "Aggregate","Strategy": "Sorted","Partial Mode": "Finalize","Parent Relationship": "Outer","Parallel Aware": false,"Async Capable": false,"Startup Cost": 21507.43,"Total Cost": 21521.72,"Plan Rows": 25,"Plan Width": 136,"Actual Startup Time": 814.708,"Actual Total Time": 846.319,"Actual Rows": 5,"Actual Loops": 1,"Group Key": ["nation.n_name"],"Plans": [{"Node Type": "Gather Merge","Parent Relationship": "Outer","Parallel Aware": false,"Async Capable": false,"Startup Cost": 21507.43,"Total Cost": 21521.03,"Plan Rows": 50,"Plan Width": 136,"Actual Startup Time": 814.181,"Actual Total Time": 846.266,"Actual Rows": 15,"Actual Loops": 1,"Workers Planned": 2,"Workers Launched": 2,"Plans": [{"Node Type": "Aggregate","Strategy": "Sorted","Partial Mode": "Partial","Parent Relationship": "Outer","Parallel Aware": false,"Async Capable": false,"Startup Cost": 20507.41,"Total Cost": 20515.23,"Plan Rows": 25,"Plan Width": 136,"Actual Startup Time": 806.060,"Actual Total Time": 806.902,"Actual Rows": 5,"Actual Loops": 3,"Group Key": ["nation.n_name"],"Workers": [],"Plans": [{"Node Type": "Sort","Parent Relationship": "Outer","Parallel Aware": false,"Async Capable": false,"Startup Cost": 20507.41,"Total Cost": 20508.91,"Plan Rows": 601,"Plan Width": 116,"Actual Startup Time": 805.845,"Actual Total Time": 805.988,"Actual Rows": 2405,"Actual Loops": 3,"Sort Key": ["nation.n_name"],"Sort Method": "quicksort","Sort Space Used": 288,"Sort Space Type": "Memory","Workers": [{"Worker Number": 0,"Sort Method": "quicksort","Sort Space Used": 282,"Sort Space Type": "Memory"},{"Worker Number": 1,"Sort Method": "quicksort","Sort Space Used": 284,"Sort Space Type": "Memory"}],"Plans": [{"Node Type": "Hash Join","Parent Relationship": "Outer","Parallel Aware": false,"Async Capable": false,"Join Type": "Inner","Startup Cost": 475.27,"Total Cost": 20479.67,"Plan Rows": 601,"Plan Width": 116,"Actual Startup Time": 14.857,"Actual Total Time": 804.339,"Actual Rows": 2405,"Actual Loops": 3,"Inner Unique": true,"Hash Cond": "((lineitem.l_suppkey = supplier.s_suppkey) AND (customer.c_nationkey = supplier.s_nationkey))","Workers": [],"Plans": [{"Node Type": "Nested Loop","Parent Relationship": "Outer","Parallel Aware": false,"Async Capable": false,"Join Type": "Inner","Startup Cost": 3.27,"Total Cost": 19928.78,"Plan Rows": 15027,"Plan Width": 128,"Actual Startup Time": 0.928,"Actual Total Time": 758.714,"Actual Rows": 60519,"Actual Loops": 3,"Inner Unique": false,"Workers": [],"Plans": [{"Node Type": "Nested Loop","Parent Relationship": "Outer","Parallel Aware": false,"Async Capable": false,"Join Type": "Inner","Startup Cost": 2.84,"Total Cost": 8414.26,"Plan Rows": 3756,"Plan Width": 116,"Actual Startup Time": 0.799,"Actual Total Time": 454.413,"Actual Rows": 15151,"Actual Loops": 3,"Inner Unique": false,"Workers": [],"Plans": [{"Node Type": "Hash Join","Parent Relationship": "Outer","Parallel Aware": false,"Async Capable": false,"Join Type": "Inner","Startup Cost": 2.41,"Total Cost": 4471.79,"Plan Rows": 2500,"Plan Width": 116,"Actual Startup Time": 0.321,"Actual Total Time": 54.810,"Actual Rows": 10061,"Actual Loops": 3,"Inner Unique": false,"Hash Cond": "(customer.c_nationkey = nation.n_nationkey)","Workers": [],"Plans": [{"Node Type": "Seq Scan","Parent Relationship": "Outer","Parallel Aware": true,"Async Capable": false,"Relation Name": "customer","Alias": "customer","Startup Cost": 0.00,"Total Cost": 4210.00,"Plan Rows": 62500,"Plan Width": 8,"Actual Startup Time": 0.016,"Actual Total Time": 9.647,"Actual Rows": 50000,"Actual Loops": 3,"Workers": []},{"Node Type": "Hash","Parent Relationship": "Inner","Parallel Aware": false,"Async Capable": false,"Startup Cost": 2.40,"Total Cost": 2.40,"Plan Rows": 1,"Plan Width": 108,"Actual Startup Time": 0.190,"Actual Total Time": 0.209,"Actual Rows": 5,"Actual Loops": 3,"Hash Buckets": 1024,"Original Hash Buckets": 1024,"Hash Batches": 1,"Original Hash Batches": 1,"Peak Memory Usage": 9,"Workers": [],"Plans": [{"Node Type": "Hash Join","Parent Relationship": "Outer","Parallel Aware": false,"Async Capable": false,"Join Type": "Inner","Startup Cost": 1.07,"Total Cost": 2.40,"Plan Rows": 1,"Plan Width": 108,"Actual Startup Time": 0.173,"Actual Total Time": 0.196,"Actual Rows": 5,"Actual Loops": 3,"Inner Unique": true,"Hash Cond": "(nation.n_regionkey = region.r_regionkey)","Workers": [],"Plans": [{"Node Type": "Seq Scan","Parent Relationship": "Outer","Parallel Aware": false,"Async Capable": false,"Relation Name": "nation","Alias": "nation","Startup Cost": 0.00,"Total Cost": 1.25,"Plan Rows": 25,"Plan Width": 112,"Actual Startup Time": 0.080,"Actual Total Time": 0.084,"Actual Rows": 25,"Actual Loops": 3,"Workers": []},{"Node Type": "Hash","Parent Relationship": "Inner","Parallel Aware": false,"Async Capable": false,"Startup Cost": 1.06,"Total Cost": 1.06,"Plan Rows": 1,"Plan Width": 4,"Actual Startup Time": 0.060,"Actual Total Time": 0.067,"Actual Rows": 1,"Actual Loops": 3,"Hash Buckets": 1024,"Original Hash Buckets": 1024,"Hash Batches": 1,"Original Hash Batches": 1,"Peak Memory Usage": 9,"Workers": [],"Plans": [{"Node Type": "Seq Scan","Parent Relationship": "Outer","Parallel Aware": false,"Async Capable": false,"Relation Name": "region","Alias": "region","Startup Cost": 0.00,"Total Cost": 1.06,"Plan Rows": 1,"Plan Width": 4,"Actual Startup Time": 0.046,"Actual Total Time": 0.049,"Actual Rows": 1,"Actual Loops": 3,"Filter": "(r_name = 'ASIA'::bpchar)","Rows Removed by Filter": 4,"Workers": []}]}]}]}]},{"Node Type": "Index Scan","Parent Relationship": "Inner","Parallel Aware": false,"Async Capable": false,"Scan Direction": "Forward","Index Name": "idx_orders_custkey","Relation Name": "orders","Alias": "orders","Startup Cost": 0.43,"Total Cost": 1.55,"Plan Rows": 3,"Plan Width": 8,"Actual Startup Time": 0.017,"Actual Total Time": 0.039,"Actual Rows": 2,"Actual Loops": 30183,"Index Cond": "(o_custkey = customer.c_custkey)","Rows Removed by Index Recheck": 0,"Filter": "((o_orderdate >= '1993-01-01'::date) AND (o_orderdate < '1994-01-01 00:00:00'::timestamp without time zone))","Rows Removed by Filter": 8,"Workers": []}]},{"Node Type": "Index Scan","Parent Relationship": "Inner","Parallel Aware": false,"Async Capable": false,"Scan Direction": "Forward","Index Name": "idx_lineitem_orderkey","Relation Name": "lineitem","Alias": "lineitem","Startup Cost": 0.43,"Total Cost": 2.90,"Plan Rows": 17,"Plan Width": 20,"Actual Startup Time": 0.017,"Actual Total Time": 0.019,"Actual Rows": 4,"Actual Loops": 45452,"Index Cond": "(l_orderkey = orders.o_orderkey)","Rows Removed by Index Recheck": 0,"Workers": []}]},{"Node Type": "Hash","Parent Relationship": "Inner","Parallel Aware": false,"Async Capable": false,"Startup Cost": 322.00,"Total Cost": 322.00,"Plan Rows": 10000,"Plan Width": 8,"Actual Startup Time": 13.249,"Actual Total Time": 13.253,"Actual Rows": 10000,"Actual Loops": 3,"Hash Buckets": 16384,"Original Hash Buckets": 16384,"Hash Batches": 1,"Original Hash Batches": 1,"Peak Memory Usage": 519,"Workers": [],"Plans": [{"Node Type": "Seq Scan","Parent Relationship": "Outer","Parallel Aware": false,"Async Capable": false,"Relation Name": "supplier","Alias": "supplier","Startup Cost": 0.00,"Total Cost": 322.00,"Plan Rows": 10000,"Plan Width": 8,"Actual Startup Time": 0.061,"Actual Total Time": 11.553,"Actual Rows": 10000,"Actual Loops": 3,"Workers": []}]}]}]}]}]}]}]},"Planning Time": 10.259,"Triggers": [],"Execution Time": 846.817}]
[{"Plan": {"Node Type": "Sort","Parallel Aware": false,"Async Capable": false,"Startup Cost": 21522.30,"Total Cost": 21522.36,"Plan Rows": 25,"Plan Width": 136,"Actual Startup Time": 801.786,"Actual Total Time": 833.013,"Actual Rows": 5,"Actual Loops": 1,"Sort Key": ["(sum((lineitem.l_extendedprice * ('1'::numeric - lineitem.l_discount)))) DESC"],"Sort Method": "quicksort","Sort Space Used": 25,"Sort Space Type": "Memory","Plans": [{"Node Type": "Aggregate","Strategy": "Sorted","Partial Mode": "Finalize","Parent Relationship": "Outer","Parallel Aware": false,"Async Capable": false,"Startup Cost": 21507.43,"Total Cost": 21521.72,"Plan Rows": 25,"Plan Width": 136,"Actual Startup Time": 801.172,"Actual Total Time": 832.958,"Actual Rows": 5,"Actual Loops": 1,"Group Key": ["nation.n_name"],"Plans": [{"Node Type": "Gather Merge","Parent Relationship": "Outer","Parallel Aware": false,"Async Capable": false,"Startup Cost": 21507.43,"Total Cost": 21521.03,"Plan Rows": 50,"Plan Width": 136,"Actual Startup Time": 800.500,"Actual Total Time": 832.892,"Actual Rows": 15,"Actual Loops": 1,"Workers Planned": 2,"Workers Launched": 2,"Plans": [{"Node Type": "Aggregate","Strategy": "Sorted","Partial Mode": "Partial","Parent Relationship": "Outer","Parallel Aware": false,"Async Capable": false,"Startup Cost": 20507.41,"Total Cost": 20515.23,"Plan Rows": 25,"Plan Width": 136,"Actual Startup Time": 792.564,"Actual Total Time": 793.457,"Actual Rows": 5,"Actual Loops": 3,"Group Key": ["nation.n_name"],"Workers": [],"Plans": [{"Node Type": "Sort","Parent Relationship": "Outer","Parallel Aware": false,"Async Capable": false,"Startup Cost": 20507.41,"Total Cost": 20508.91,"Plan Rows": 601,"Plan Width": 116,"Actual Startup Time": 792.353,"Actual Total Time": 792.502,"Actual Rows": 2513,"Actual Loops": 3,"Sort Key": ["nation.n_name"],"Sort Method": "quicksort","Sort Space Used": 296,"Sort Space Type": "Memory","Workers": [{"Worker Number": 0,"Sort Method": "quicksort","Sort Space Used": 291,"Sort Space Type": "Memory"},{"Worker Number": 1,"Sort Method": "quicksort","Sort Space Used": 292,"Sort Space Type": "Memory"}],"Plans": [{"Node Type": "Hash Join","Parent Relationship": "Outer","Parallel Aware": false,"Async Capable": false,"Join Type": "Inner","Startup Cost": 475.27,"Total Cost": 20479.67,"Plan Rows": 601,"Plan Width": 116,"Actual Startup Time": 14.275,"Actual Total Time": 790.899,"Actual Rows": 2513,"Actual Loops": 3,"Inner Unique": true,"Hash Cond": "((lineitem.l_suppkey = supplier.s_suppkey) AND (customer.c_nationkey = supplier.s_nationkey))","Workers": [],"Plans": [{"Node Type": "Nested Loop","Parent Relationship": "Outer","Parallel Aware": false,"Async Capable": false,"Join Type": "Inner","Startup Cost": 3.27,"Total Cost": 19928.78,"Plan Rows": 15027,"Plan Width": 128,"Actual Startup Time": 0.573,"Actual Total Time": 745.935,"Actual Rows": 60812,"Actual Loops": 3,"Inner Unique": false,"Workers": [],"Plans": [{"Node Type": "Nested Loop","Parent Relationship": "Outer","Parallel Aware": false,"Async Capable": false,"Join Type": "Inner","Startup Cost": 2.84,"Total Cost": 8414.26,"Plan Rows": 3756,"Plan Width": 116,"Actual Startup Time": 0.447,"Actual Total Time": 445.574,"Actual Rows": 15099,"Actual Loops": 3,"Inner Unique": false,"Workers": [],"Plans": [{"Node Type": "Hash Join","Parent Relationship": "Outer","Parallel Aware": false,"Async Capable": false,"Join Type": "Inner","Startup Cost": 2.41,"Total Cost": 4471.79,"Plan Rows": 2500,"Plan Width": 116,"Actual Startup Time": 0.261,"Actual Total Time": 54.435,"Actual Rows": 9984,"Actual Loops": 3,"Inner Unique": false,"Hash Cond": "(customer.c_nationkey = nation.n_nationkey)","Workers": [],"Plans": [{"Node Type": "Seq Scan","Parent Relationship": "Outer","Parallel Aware": true,"Async Capable": false,"Relation Name": "customer","Alias": "customer","Startup Cost": 0.00,"Total Cost": 4210.00,"Plan Rows": 62500,"Plan Width": 8,"Actual Startup Time": 0.020,"Actual Total Time": 9.427,"Actual Rows": 50000,"Actual Loops": 3,"Workers": []},{"Node Type": "Hash","Parent Relationship": "Inner","Parallel Aware": false,"Async Capable": false,"Startup Cost": 2.40,"Total Cost": 2.40,"Plan Rows": 1,"Plan Width": 108,"Actual Startup Time": 0.147,"Actual Total Time": 0.168,"Actual Rows": 5,"Actual Loops": 3,"Hash Buckets": 1024,"Original Hash Buckets": 1024,"Hash Batches": 1,"Original Hash Batches": 1,"Peak Memory Usage": 9,"Workers": [],"Plans": [{"Node Type": "Hash Join","Parent Relationship": "Outer","Parallel Aware": false,"Async Capable": false,"Join Type": "Inner","Startup Cost": 1.07,"Total Cost": 2.40,"Plan Rows": 1,"Plan Width": 108,"Actual Startup Time": 0.132,"Actual Total Time": 0.158,"Actual Rows": 5,"Actual Loops": 3,"Inner Unique": true,"Hash Cond": "(nation.n_regionkey = region.r_regionkey)","Workers": [],"Plans": [{"Node Type": "Seq Scan","Parent Relationship": "Outer","Parallel Aware": false,"Async Capable": false,"Relation Name": "nation","Alias": "nation","Startup Cost": 0.00,"Total Cost": 1.25,"Plan Rows": 25,"Plan Width": 112,"Actual Startup Time": 0.053,"Actual Total Time": 0.057,"Actual Rows": 25,"Actual Loops": 3,"Workers": []},{"Node Type": "Hash","Parent Relationship": "Inner","Parallel Aware": false,"Async Capable": false,"Startup Cost": 1.06,"Total Cost": 1.06,"Plan Rows": 1,"Plan Width": 4,"Actual Startup Time": 0.054,"Actual Total Time": 0.061,"Actual Rows": 1,"Actual Loops": 3,"Hash Buckets": 1024,"Original Hash Buckets": 1024,"Hash Batches": 1,"Original Hash Batches": 1,"Peak Memory Usage": 9,"Workers": [],"Plans": [{"Node Type": "Seq Scan","Parent Relationship": "Outer","Parallel Aware": false,"Async Capable": false,"Relation Name": "region","Alias": "region","Startup Cost": 0.00,"Total Cost": 1.06,"Plan Rows": 1,"Plan Width": 4,"Actual Startup Time": 0.037,"Actual Total Time": 0.039,"Actual Rows": 1,"Actual Loops": 3,"Filter": "(r_name = 'AMERICA'::bpchar)","Rows Removed by Filter": 4,"Workers": []}]}]}]}]},{"Node Type": "Index Scan","Parent Relationship": "Inner","Parallel Aware": false,"Async Capable": false,"Scan Direction": "Forward","Index Name": "idx_orders_custkey","Relation Name": "orders","Alias": "orders","Startup Cost": 0.43,"Total Cost": 1.55,"Plan Rows": 3,"Plan Width": 8,"Actual Startup Time": 0.016,"Actual Total Time": 0.039,"Actual Rows": 2,"Actual Loops": 29952,"Index Cond": "(o_custkey = customer.c_custkey)","Rows Removed by Index Recheck": 0,"Filter": "((o_orderdate >= '1993-01-01'::date) AND (o_orderdate < '1994-01-01 00:00:00'::timestamp without time zone))","Rows Removed by Filter": 8,"Workers": []}]},{"Node Type": "Index Scan","Parent Relationship": "Inner","Parallel Aware": false,"Async Capable": false,"Scan Direction": "Forward","Index Name": "idx_lineitem_orderkey","Relation Name": "lineitem","Alias": "lineitem","Startup Cost": 0.43,"Total Cost": 2.90,"Plan Rows": 17,"Plan Width": 20,"Actual Startup Time": 0.017,"Actual Total Time": 0.019,"Actual Rows": 4,"Actual Loops": 45297,"Index Cond": "(l_orderkey = orders.o_orderkey)","Rows Removed by Index Recheck": 0,"Workers": []}]},{"Node Type": "Hash","Parent Relationship": "Inner","Parallel Aware": false,"Async Capable": false,"Startup Cost": 322.00,"Total Cost": 322.00,"Plan Rows": 10000,"Plan Width": 8,"Actual Startup Time": 12.653,"Actual Total Time": 12.656,"Actual Rows": 10000,"Actual Loops": 3,"Hash Buckets": 16384,"Original Hash Buckets": 16384,"Hash Batches": 1,"Original Hash Batches": 1,"Peak Memory Usage": 519,"Workers": [],"Plans": [{"Node Type": "Seq Scan","Parent Relationship": "Outer","Parallel Aware": false,"Async Capable": false,"Relation Name": "supplier","Alias": "supplier","Startup Cost": 0.00,"Total Cost": 322.00,"Plan Rows": 10000,"Plan Width": 8,"Actual Startup Time": 0.038,"Actual Total Time": 10.961,"Actual Rows": 10000,"Actual Loops": 3,"Workers": []}]}]}]}]}]}]}]},"Planning Time": 9.512,"Triggers": [],"Execution Time": 833.531}]
[{"Plan": {"Node Type": "Sort","Parallel Aware": false,"Async Capable": false,"Startup Cost": 21612.43,"Total Cost": 21612.50,"Plan Rows": 25,"Plan Width": 136,"Actual Startup Time": 827.834,"Actual Total Time": 858.973,"Actual Rows": 5,"Actual Loops": 1,"Sort Key": ["(sum((lineitem.l_extendedprice * ('1'::numeric - lineitem.l_discount)))) DESC"],"Sort Method": "quicksort","Sort Space Used": 25,"Sort Space Type": "Memory","Plans": [{"Node Type": "Aggregate","Strategy": "Sorted","Partial Mode": "Finalize","Parent Relationship": "Outer","Parallel Aware": false,"Async Capable": false,"Startup Cost": 21597.38,"Total Cost": 21611.85,"Plan Rows": 25,"Plan Width": 136,"Actual Startup Time": 827.274,"Actual Total Time": 858.918,"Actual Rows": 5,"Actual Loops": 1,"Group Key": ["nation.n_name"],"Plans": [{"Node Type": "Gather Merge","Parent Relationship": "Outer","Parallel Aware": false,"Async Capable": false,"Startup Cost": 21597.38,"Total Cost": 21611.17,"Plan Rows": 50,"Plan Width": 136,"Actual Startup Time": 827.088,"Actual Total Time": 858.883,"Actual Rows": 15,"Actual Loops": 1,"Workers Planned": 2,"Workers Launched": 2,"Plans": [{"Node Type": "Aggregate","Strategy": "Sorted","Partial Mode": "Partial","Parent Relationship": "Outer","Parallel Aware": false,"Async Capable": false,"Startup Cost": 20597.36,"Total Cost": 20605.37,"Plan Rows": 25,"Plan Width": 136,"Actual Startup Time": 818.981,"Actual Total Time": 819.657,"Actual Rows": 5,"Actual Loops": 3,"Group Key": ["nation.n_name"],"Workers": [],"Plans": [{"Node Type": "Sort","Parent Relationship": "Outer","Parallel Aware": false,"Async Capable": false,"Startup Cost": 20597.36,"Total Cost": 20598.90,"Plan Rows": 616,"Plan Width": 116,"Actual Startup Time": 818.754,"Actual Total Time": 818.877,"Actual Rows": 2367,"Actual Loops": 3,"Sort Key": ["nation.n_name"],"Sort Method": "quicksort","Sort Space Used": 283,"Sort Space Type": "Memory","Workers": [{"Worker Number": 0,"Sort Method": "quicksort","Sort Space Used": 277,"Sort Space Type": "Memory"},{"Worker Number": 1,"Sort Method": "quicksort","Sort Space Used": 284,"Sort Space Type": "Memory"}],"Plans": [{"Node Type": "Hash Join","Parent Relationship": "Outer","Parallel Aware": false,"Async Capable": false,"Join Type": "Inner","Startup Cost": 475.27,"Total Cost": 20568.82,"Plan Rows": 616,"Plan Width": 116,"Actual Startup Time": 13.272,"Actual Total Time": 817.265,"Actual Rows": 2367,"Actual Loops": 3,"Inner Unique": true,"Hash Cond": "((lineitem.l_suppkey = supplier.s_suppkey) AND (customer.c_nationkey = supplier.s_nationkey))","Workers": [],"Plans": [{"Node Type": "Nested Loop","Parent Relationship": "Outer","Parallel Aware": false,"Async Capable": false,"Join Type": "Inner","Startup Cost": 3.27,"Total Cost": 20015.89,"Plan Rows": 15415,"Plan Width": 128,"Actual Startup Time": 0.973,"Actual Total Time": 770.169,"Actual Rows": 60208,"Actual Loops": 3,"Inner Unique": false,"Workers": [],"Plans": [{"Node Type": "Nested Loop","Parent Relationship": "Outer","Parallel Aware": false,"Async Capable": false,"Join Type": "Inner","Startup Cost": 2.84,"Total Cost": 8414.26,"Plan Rows": 3853,"Plan Width": 116,"Actual Startup Time": 0.870,"Actual Total Time": 466.623,"Actual Rows": 15051,"Actual Loops": 3,"Inner Unique": false,"Workers": [],"Plans": [{"Node Type": "Hash Join","Parent Relationship": "Outer","Parallel Aware": false,"Async Capable": false,"Join Type": "Inner","Startup Cost": 2.41,"Total Cost": 4471.79,"Plan Rows": 2500,"Plan Width": 116,"Actual Startup Time": 0.250,"Actual Total Time": 58.358,"Actual Rows": 9921,"Actual Loops": 3,"Inner Unique": false,"Hash Cond": "(customer.c_nationkey = nation.n_nationkey)","Workers": [],"Plans": [{"Node Type": "Seq Scan","Parent Relationship": "Outer","Parallel Aware": true,"Async Capable": false,"Relation Name": "customer","Alias": "customer","Startup Cost": 0.00,"Total Cost": 4210.00,"Plan Rows": 62500,"Plan Width": 8,"Actual Startup Time": 0.013,"Actual Total Time": 10.073,"Actual Rows": 50000,"Actual Loops": 3,"Workers": []},{"Node Type": "Hash","Parent Relationship": "Inner","Parallel Aware": false,"Async Capable": false,"Startup Cost": 2.40,"Total Cost": 2.40,"Plan Rows": 1,"Plan Width": 108,"Actual Startup Time": 0.153,"Actual Total Time": 0.173,"Actual Rows": 5,"Actual Loops": 3,"Hash Buckets": 1024,"Original Hash Buckets": 1024,"Hash Batches": 1,"Original Hash Batches": 1,"Peak Memory Usage": 9,"Workers": [],"Plans": [{"Node Type": "Hash Join","Parent Relationship": "Outer","Parallel Aware": false,"Async Capable": false,"Join Type": "Inner","Startup Cost": 1.07,"Total Cost": 2.40,"Plan Rows": 1,"Plan Width": 108,"Actual Startup Time": 0.137,"Actual Total Time": 0.162,"Actual Rows": 5,"Actual Loops": 3,"Inner Unique": true,"Hash Cond": "(nation.n_regionkey = region.r_regionkey)","Workers": [],"Plans": [{"Node Type": "Seq Scan","Parent Relationship": "Outer","Parallel Aware": false,"Async Capable": false,"Relation Name": "nation","Alias": "nation","Startup Cost": 0.00,"Total Cost": 1.25,"Plan Rows": 25,"Plan Width": 112,"Actual Startup Time": 0.055,"Actual Total Time": 0.059,"Actual Rows": 25,"Actual Loops": 3,"Workers": []},{"Node Type": "Hash","Parent Relationship": "Inner","Parallel Aware": false,"Async Capable": false,"Startup Cost": 1.06,"Total Cost": 1.06,"Plan Rows": 1,"Plan Width": 4,"Actual Startup Time": 0.058,"Actual Total Time": 0.065,"Actual Rows": 1,"Actual Loops": 3,"Hash Buckets": 1024,"Original Hash Buckets": 1024,"Hash Batches": 1,"Original Hash Batches": 1,"Peak Memory Usage": 9,"Workers": [],"Plans": [{"Node Type": "Seq Scan","Parent Relationship": "Outer","Parallel Aware": false,"Async Capable": false,"Relation Name": "region","Alias": "region","Startup Cost": 0.00,"Total Cost": 1.06,"Plan Rows": 1,"Plan Width": 4,"Actual Startup Time": 0.044,"Actual Total Time": 0.048,"Actual Rows": 1,"Actual Loops": 3,"Filter": "(r_name = 'AFRICA'::bpchar)","Rows Removed by Filter": 4,"Workers": []}]}]}]}]},{"Node Type": "Index Scan","Parent Relationship": "Inner","Parallel Aware": false,"Async Capable": false,"Scan Direction": "Forward","Index Name": "idx_orders_custkey","Relation Name": "orders","Alias": "orders","Startup Cost": 0.43,"Total Cost": 1.55,"Plan Rows": 3,"Plan Width": 8,"Actual Startup Time": 0.018,"Actual Total Time": 0.041,"Actual Rows": 2,"Actual Loops": 29764,"Index Cond": "(o_custkey = customer.c_custkey)","Rows Removed by Index Recheck": 0,"Filter": "((o_orderdate >= '1994-01-01'::date) AND (o_orderdate < '1995-01-01 00:00:00'::timestamp without time zone))","Rows Removed by Filter": 9,"Workers": []}]},{"Node Type": "Index Scan","Parent Relationship": "Inner","Parallel Aware": false,"Async Capable": false,"Scan Direction": "Forward","Index Name": "idx_lineitem_orderkey","Relation Name": "lineitem","Alias": "lineitem","Startup Cost": 0.43,"Total Cost": 2.84,"Plan Rows": 17,"Plan Width": 20,"Actual Startup Time": 0.017,"Actual Total Time": 0.019,"Actual Rows": 4,"Actual Loops": 45152,"Index Cond": "(l_orderkey = orders.o_orderkey)","Rows Removed by Index Recheck": 0,"Workers": []}]},{"Node Type": "Hash","Parent Relationship": "Inner","Parallel Aware": false,"Async Capable": false,"Startup Cost": 322.00,"Total Cost": 322.00,"Plan Rows": 10000,"Plan Width": 8,"Actual Startup Time": 11.376,"Actual Total Time": 11.381,"Actual Rows": 10000,"Actual Loops": 3,"Hash Buckets": 16384,"Original Hash Buckets": 16384,"Hash Batches": 1,"Original Hash Batches": 1,"Peak Memory Usage": 519,"Workers": [],"Plans": [{"Node Type": "Seq Scan","Parent Relationship": "Outer","Parallel Aware": false,"Async Capable": false,"Relation Name": "supplier","Alias": "supplier","Startup Cost": 0.00,"Total Cost": 322.00,"Plan Rows": 10000,"Plan Width": 8,"Actual Startup Time": 0.042,"Actual Total Time": 9.565,"Actual Rows": 10000,"Actual Loops": 3,"Workers": []}]}]}]}]}]}]}]},"Planning Time": 10.751,"Triggers": [],"Execution Time": 859.508}]
[{"Plan": {"Node Type": "Sort","Parallel Aware": false,"Async Capable": false,"Startup Cost": 21565.24,"Total Cost": 21565.30,"Plan Rows": 25,"Plan Width": 136,"Actual Startup Time": 797.386,"Actual Total Time": 830.222,"Actual Rows": 5,"Actual Loops": 1,"Sort Key": ["(sum((lineitem.l_extendedprice * ('1'::numeric - lineitem.l_discount)))) DESC"],"Sort Method": "quicksort","Sort Space Used": 25,"Sort Space Type": "Memory","Plans": [{"Node Type": "Aggregate","Strategy": "Sorted","Partial Mode": "Finalize","Parent Relationship": "Outer","Parallel Aware": false,"Async Capable": false,"Startup Cost": 21550.29,"Total Cost": 21564.66,"Plan Rows": 25,"Plan Width": 136,"Actual Startup Time": 796.761,"Actual Total Time": 830.172,"Actual Rows": 5,"Actual Loops": 1,"Group Key": ["nation.n_name"],"Plans": [{"Node Type": "Gather Merge","Parent Relationship": "Outer","Parallel Aware": false,"Async Capable": false,"Startup Cost": 21550.29,"Total Cost": 21563.97,"Plan Rows": 50,"Plan Width": 136,"Actual Startup Time": 796.547,"Actual Total Time": 830.110,"Actual Rows": 15,"Actual Loops": 1,"Workers Planned": 2,"Workers Launched": 2,"Plans": [{"Node Type": "Aggregate","Strategy": "Sorted","Partial Mode": "Partial","Parent Relationship": "Outer","Parallel Aware": false,"Async Capable": false,"Startup Cost": 20550.26,"Total Cost": 20558.18,"Plan Rows": 25,"Plan Width": 136,"Actual Startup Time": 788.895,"Actual Total Time": 789.783,"Actual Rows": 5,"Actual Loops": 3,"Group Key": ["nation.n_name"],"Workers": [],"Plans": [{"Node Type": "Sort","Parent Relationship": "Outer","Parallel Aware": false,"Async Capable": false,"Startup Cost": 20550.26,"Total Cost": 20551.78,"Plan Rows": 608,"Plan Width": 116,"Actual Startup Time": 788.664,"Actual Total Time": 788.842,"Actual Rows": 2456,"Actual Loops": 3,"Sort Key": ["nation.n_name"],"Sort Method": "quicksort","Sort Space Used": 291,"Sort Space Type": "Memory","Workers": [{"Worker Number": 0,"Sort Method": "quicksort","Sort Space Used": 279,"Sort Space Type": "Memory"},{"Worker Number": 1,"Sort Method": "quicksort","Sort Space Used": 295,"Sort Space Type": "Memory"}],"Plans": [{"Node Type": "Hash Join","Parent Relationship": "Outer","Parallel Aware": false,"Async Capable": false,"Join Type": "Inner","Startup Cost": 475.27,"Total Cost": 20522.15,"Plan Rows": 608,"Plan Width": 116,"Actual Startup Time": 10.168,"Actual Total Time": 787.209,"Actual Rows": 2456,"Actual Loops": 3,"Inner Unique": true,"Hash Cond": "((lineitem.l_suppkey = supplier.s_suppkey) AND (customer.c_nationkey = supplier.s_nationkey))","Workers": [],"Plans": [{"Node Type": "Nested Loop","Parent Relationship": "Outer","Parallel Aware": false,"Async Capable": false,"Join Type": "Inner","Startup Cost": 3.27,"Total Cost": 19970.29,"Plan Rows": 15211,"Plan Width": 128,"Actual Startup Time": 0.661,"Actual Total Time": 744.432,"Actual Rows": 60955,"Actual Loops": 3,"Inner Unique": false,"Workers": [],"Plans": [{"Node Type": "Nested Loop","Parent Relationship": "Outer","Parallel Aware": false,"Async Capable": false,"Join Type": "Inner","Startup Cost": 2.84,"Total Cost": 8414.26,"Plan Rows": 3802,"Plan Width": 116,"Actual Startup Time": 0.532,"Actual Total Time": 444.261,"Actual Rows": 15210,"Actual Loops": 3,"Inner Unique": false,"Workers": [],"Plans": [{"Node Type": "Hash Join","Parent Relationship": "Outer","Parallel Aware": false,"Async Capable": false,"Join Type": "Inner","Startup Cost": 2.41,"Total Cost": 4471.79,"Plan Rows": 2500,"Plan Width": 116,"Actual Startup Time": 0.249,"Actual Total Time": 53.241,"Actual Rows": 9984,"Actual Loops": 3,"Inner Unique": false,"Hash Cond": "(customer.c_nationkey = nation.n_nationkey)","Workers": [],"Plans": [{"Node Type": "Seq Scan","Parent Relationship": "Outer","Parallel Aware": true,"Async Capable": false,"Relation Name": "customer","Alias": "customer","Startup Cost": 0.00,"Total Cost": 4210.00,"Plan Rows": 62500,"Plan Width": 8,"Actual Startup Time": 0.015,"Actual Total Time": 9.455,"Actual Rows": 50000,"Actual Loops": 3,"Workers": []},{"Node Type": "Hash","Parent Relationship": "Inner","Parallel Aware": false,"Async Capable": false,"Startup Cost": 2.40,"Total Cost": 2.40,"Plan Rows": 1,"Plan Width": 108,"Actual Startup Time": 0.141,"Actual Total Time": 0.157,"Actual Rows": 5,"Actual Loops": 3,"Hash Buckets": 1024,"Original Hash Buckets": 1024,"Hash Batches": 1,"Original Hash Batches": 1,"Peak Memory Usage": 9,"Workers": [],"Plans": [{"Node Type": "Hash Join","Parent Relationship": "Outer","Parallel Aware": false,"Async Capable": false,"Join Type": "Inner","Startup Cost": 1.07,"Total Cost": 2.40,"Plan Rows": 1,"Plan Width": 108,"Actual Startup Time": 0.126,"Actual Total Time": 0.148,"Actual Rows": 5,"Actual Loops": 3,"Inner Unique": true,"Hash Cond": "(nation.n_regionkey = region.r_regionkey)","Workers": [],"Plans": [{"Node Type": "Seq Scan","Parent Relationship": "Outer","Parallel Aware": false,"Async Capable": false,"Relation Name": "nation","Alias": "nation","Startup Cost": 0.00,"Total Cost": 1.25,"Plan Rows": 25,"Plan Width": 112,"Actual Startup Time": 0.048,"Actual Total Time": 0.053,"Actual Rows": 25,"Actual Loops": 3,"Workers": []},{"Node Type": "Hash","Parent Relationship": "Inner","Parallel Aware": false,"Async Capable": false,"Startup Cost": 1.06,"Total Cost": 1.06,"Plan Rows": 1,"Plan Width": 4,"Actual Startup Time": 0.049,"Actual Total Time": 0.055,"Actual Rows": 1,"Actual Loops": 3,"Hash Buckets": 1024,"Original Hash Buckets": 1024,"Hash Batches": 1,"Original Hash Batches": 1,"Peak Memory Usage": 9,"Workers": [],"Plans": [{"Node Type": "Seq Scan","Parent Relationship": "Outer","Parallel Aware": false,"Async Capable": false,"Relation Name": "region","Alias": "region","Startup Cost": 0.00,"Total Cost": 1.06,"Plan Rows": 1,"Plan Width": 4,"Actual Startup Time": 0.036,"Actual Total Time": 0.040,"Actual Rows": 1,"Actual Loops": 3,"Filter": "(r_name = 'AMERICA'::bpchar)","Rows Removed by Filter": 4,"Workers": []}]}]}]}]},{"Node Type": "Index Scan","Parent Relationship": "Inner","Parallel Aware": false,"Async Capable": false,"Scan Direction": "Forward","Index Name": "idx_orders_custkey","Relation Name": "orders","Alias": "orders","Startup Cost": 0.43,"Total Cost": 1.55,"Plan Rows": 3,"Plan Width": 8,"Actual Startup Time": 0.016,"Actual Total Time": 0.039,"Actual Rows": 2,"Actual Loops": 29952,"Index Cond": "(o_custkey = customer.c_custkey)","Rows Removed by Index Recheck": 0,"Filter": "((o_orderdate >= '1995-01-01'::date) AND (o_orderdate < '1996-01-01 00:00:00'::timestamp without time zone))","Rows Removed by Filter": 8,"Workers": []}]},{"Node Type": "Index Scan","Parent Relationship": "Inner","Parallel Aware": false,"Async Capable": false,"Scan Direction": "Forward","Index Name": "idx_lineitem_orderkey","Relation Name": "lineitem","Alias": "lineitem","Startup Cost": 0.43,"Total Cost": 2.87,"Plan Rows": 17,"Plan Width": 20,"Actual Startup Time": 0.016,"Actual Total Time": 0.019,"Actual Rows": 4,"Actual Loops": 45630,"Index Cond": "(l_orderkey = orders.o_orderkey)","Rows Removed by Index Recheck": 0,"Workers": []}]},{"Node Type": "Hash","Parent Relationship": "Inner","Parallel Aware": false,"Async Capable": false,"Startup Cost": 322.00,"Total Cost": 322.00,"Plan Rows": 10000,"Plan Width": 8,"Actual Startup Time": 8.645,"Actual Total Time": 8.649,"Actual Rows": 10000,"Actual Loops": 3,"Hash Buckets": 16384,"Original Hash Buckets": 16384,"Hash Batches": 1,"Original Hash Batches": 1,"Peak Memory Usage": 519,"Workers": [],"Plans": [{"Node Type": "Seq Scan","Parent Relationship": "Outer","Parallel Aware": false,"Async Capable": false,"Relation Name": "supplier","Alias": "supplier","Startup Cost": 0.00,"Total Cost": 322.00,"Plan Rows": 10000,"Plan Width": 8,"Actual Startup Time": 0.041,"Actual Total Time": 6.699,"Actual Rows": 10000,"Actual Loops": 3,"Workers": []}]}]}]}]}]}]}]},"Planning Time": 10.274,"Triggers": [],"Execution Time": 830.793}]
[{"Plan": {"Node Type": "Sort","Parallel Aware": false,"Async Capable": false,"Startup Cost": 21565.24,"Total Cost": 21565.30,"Plan Rows": 25,"Plan Width": 136,"Actual Startup Time": 797.386,"Actual Total Time": 830.222,"Actual Rows": 5,"Actual Loops": 1,"Sort Key": ["(sum((lineitem.l_extendedprice * ('1'::numeric - lineitem.l_discount)))) DESC"],"Sort Method": "quicksort","Sort Space Used": 25,"Sort Space Type": "Memory","Plans": [{"Node Type": "Aggregate","Strategy": "Sorted","Partial Mode": "Finalize","Parent Relationship": "Outer","Parallel Aware": false,"Async Capable": false,"Startup Cost": 21550.29,"Total Cost": 21564.66,"Plan Rows": 25,"Plan Width": 136,"Actual Startup Time": 796.761,"Actual Total Time": 830.172,"Actual Rows": 5,"Actual Loops": 1,"Group Key": ["nation.n_name"],"Plans": [{"Node Type": "Gather Merge","Parent Relationship": "Outer","Parallel Aware": false,"Async Capable": false,"Startup Cost": 21550.29,"Total Cost": 21563.97,"Plan Rows": 50,"Plan Width": 136,"Actual Startup Time": 796.547,"Actual Total Time": 830.110,"Actual Rows": 15,"Actual Loops": 1,"Workers Planned": 2,"Workers Launched": 2,"Plans": [{"Node Type": "Aggregate","Strategy": "Sorted","Partial Mode": "Partial","Parent Relationship": "Outer","Parallel Aware": false,"Async Capable": false,"Startup Cost": 20550.26,"Total Cost": 20558.18,"Plan Rows": 25,"Plan Width": 136,"Actual Startup Time": 788.895,"Actual Total Time": 789.783,"Actual Rows": 5,"Actual Loops": 3,"Group Key": ["nation.n_name"],"Workers": [],"Plans": [{"Node Type": "Sort","Parent Relationship": "Outer","Parallel Aware": false,"Async Capable": false,"Startup Cost": 20550.26,"Total Cost": 20551.78,"Plan Rows": 608,"Plan Width": 116,"Actual Startup Time": 788.664,"Actual Total Time": 788.842,"Actual Rows": 2456,"Actual Loops": 3,"Sort Key": ["nation.n_name"],"Sort Method": "quicksort","Sort Space Used": 291,"Sort Space Type": "Memory","Workers": [{"Worker Number": 0,"Sort Method": "quicksort","Sort Space Used": 279,"Sort Space Type": "Memory"},{"Worker Number": 1,"Sort Method": "quicksort","Sort Space Used": 295,"Sort Space Type": "Memory"}],"Plans": [{"Node Type": "Hash Join","Parent Relationship": "Outer","Parallel Aware": false,"Async Capable": false,"Join Type": "Inner","Startup Cost": 475.27,"Total Cost": 20522.15,"Plan Rows": 608,"Plan Width": 116,"Actual Startup Time": 10.168,"Actual Total Time": 787.209,"Actual Rows": 2456,"Actual Loops": 3,"Inner Unique": true,"Hash Cond": "((lineitem.l_suppkey = supplier.s_suppkey) AND (customer.c_nationkey = supplier.s_nationkey))","Workers": [],"Plans": [{"Node Type": "Nested Loop","Parent Relationship": "Outer","Parallel Aware": false,"Async Capable": false,"Join Type": "Inner","Startup Cost": 3.27,"Total Cost": 19970.29,"Plan Rows": 15211,"Plan Width": 128,"Actual Startup Time": 0.661,"Actual Total Time": 744.432,"Actual Rows": 60955,"Actual Loops": 3,"Inner Unique": false,"Workers": [],"Plans": [{"Node Type": "Nested Loop","Parent Relationship": "Outer","Parallel Aware": false,"Async Capable": false,"Join Type": "Inner","Startup Cost": 2.84,"Total Cost": 8414.26,"Plan Rows": 3802,"Plan Width": 116,"Actual Startup Time": 0.532,"Actual Total Time": 444.261,"Actual Rows": 15210,"Actual Loops": 3,"Inner Unique": false,"Workers": [],"Plans": [{"Node Type": "Hash Join","Parent Relationship": "Outer","Parallel Aware": false,"Async Capable": false,"Join Type": "Inner","Startup Cost": 2.41,"Total Cost": 4471.79,"Plan Rows": 2500,"Plan Width": 116,"Actual Startup Time": 0.249,"Actual Total Time": 53.241,"Actual Rows": 9984,"Actual Loops": 3,"Inner Unique": false,"Hash Cond": "(customer.c_nationkey = nation.n_nationkey)","Workers": [],"Plans": [{"Node Type": "Seq Scan","Parent Relationship": "Outer","Parallel Aware": true,"Async Capable": false,"Relation Name": "customer","Alias": "customer","Startup Cost": 0.00,"Total Cost": 4210.00,"Plan Rows": 62500,"Plan Width": 8,"Actual Startup Time": 0.015,"Actual Total Time": 9.455,"Actual Rows": 50000,"Actual Loops": 3,"Workers": []},{"Node Type": "Hash","Parent Relationship": "Inner","Parallel Aware": false,"Async Capable": false,"Startup Cost": 2.40,"Total Cost": 2.40,"Plan Rows": 1,"Plan Width": 108,"Actual Startup Time": 0.141,"Actual Total Time": 0.157,"Actual Rows": 5,"Actual Loops": 3,"Hash Buckets": 1024,"Original Hash Buckets": 1024,"Hash Batches": 1,"Original Hash Batches": 1,"Peak Memory Usage": 9,"Workers": [],"Plans": [{"Node Type": "Hash Join","Parent Relationship": "Outer","Parallel Aware": false,"Async Capable": false,"Join Type": "Inner","Startup Cost": 1.07,"Total Cost": 2.40,"Plan Rows": 1,"Plan Width": 108,"Actual Startup Time": 0.126,"Actual Total Time": 0.148,"Actual Rows": 5,"Actual Loops": 3,"Inner Unique": true,"Hash Cond": "(nation.n_regionkey = region.r_regionkey)","Workers": [],"Plans": [{"Node Type": "Seq Scan","Parent Relationship": "Outer","Parallel Aware": false,"Async Capable": false,"Relation Name": "nation","Alias": "nation","Startup Cost": 0.00,"Total Cost": 1.25,"Plan Rows": 25,"Plan Width": 112,"Actual Startup Time": 0.048,"Actual Total Time": 0.053,"Actual Rows": 25,"Actual Loops": 3,"Workers": []},{"Node Type": "Hash","Parent Relationship": "Inner","Parallel Aware": false,"Async Capable": false,"Startup Cost": 1.06,"Total Cost": 1.06,"Plan Rows": 1,"Plan Width": 4,"Actual Startup Time": 0.049,"Actual Total Time": 0.055,"Actual Rows": 1,"Actual Loops": 3,"Hash Buckets": 1024,"Original Hash Buckets": 1024,"Hash Batches": 1,"Original Hash Batches": 1,"Peak Memory Usage": 9,"Workers": [],"Plans": [{"Node Type": "Seq Scan","Parent Relationship": "Outer","Parallel Aware": false,"Async Capable": false,"Relation Name": "region","Alias": "region","Startup Cost": 0.00,"Total Cost": 1.06,"Plan Rows": 1,"Plan Width": 4,"Actual Startup Time": 0.036,"Actual Total Time": 0.040,"Actual Rows": 1,"Actual Loops": 3,"Filter": "(r_name = 'AMERICA'::bpchar)","Rows Removed by Filter": 4,"Workers": []}]}]}]}]},{"Node Type": "Index Scan","Parent Relationship": "Inner","Parallel Aware": false,"Async Capable": false,"Scan Direction": "Forward","Index Name": "idx_orders_custkey","Relation Name": "orders","Alias": "orders","Startup Cost": 0.43,"Total Cost": 1.55,"Plan Rows": 3,"Plan Width": 8,"Actual Startup Time": 0.016,"Actual Total Time": 0.039,"Actual Rows": 2,"Actual Loops": 29952,"Index Cond": "(o_custkey = customer.c_custkey)","Rows Removed by Index Recheck": 0,"Filter": "((o_orderdate >= '1995-01-01'::date) AND (o_orderdate < '1996-01-01 00:00:00'::timestamp without time zone))","Rows Removed by Filter": 8,"Workers": []}]},{"Node Type": "Index Scan","Parent Relationship": "Inner","Parallel Aware": false,"Async Capable": false,"Scan Direction": "Forward","Index Name": "idx_lineitem_orderkey","Relation Name": "lineitem","Alias": "lineitem","Startup Cost": 0.43,"Total Cost": 2.87,"Plan Rows": 17,"Plan Width": 20,"Actual Startup Time": 0.016,"Actual Total Time": 0.019,"Actual Rows": 4,"Actual Loops": 45630,"Index Cond": "(l_orderkey = orders.o_orderkey)","Rows Removed by Index Recheck": 0,"Workers": []}]},{"Node Type": "Hash","Parent Relationship": "Inner","Parallel Aware": false,"Async Capable": false,"Startup Cost": 322.00,"Total Cost": 322.00,"Plan Rows": 10000,"Plan Width": 8,"Actual Startup Time": 8.645,"Actual Total Time": 8.649,"Actual Rows": 10000,"Actual Loops": 3,"Hash Buckets": 16384,"Original Hash Buckets": 16384,"Hash Batches": 1,"Original Hash Batches": 1,"Peak Memory Usage": 519,"Workers": [],"Plans": [{"Node Type": "Seq Scan","Parent Relationship": "Outer","Parallel Aware": false,"Async Capable": false,"Relation Name": "supplier","Alias": "supplier","Startup Cost": 0.00,"Total Cost": 322.00,"Plan Rows": 10000,"Plan Width": 8,"Actual Startup Time": 0.041,"Actual Total Time": 6.699,"Actual Rows": 10000,"Actual Loops": 3,"Workers": []}]}]}]}]}]}]}]},"Planning Time": 10.274,"Triggers": [],"Execution Time": 830.793}]
[{"Plan": {"Node Type": "Sort","Parallel Aware": false,"Async Capable": false,"Startup Cost": 21565.81,"Total Cost": 21565.87,"Plan Rows": 25,"Plan Width": 136,"Actual Startup Time": 833.811,"Actual Total Time": 865.523,"Actual Rows": 5,"Actual Loops": 1,"Sort Key": ["(sum((lineitem.l_extendedprice * ('1'::numeric - lineitem.l_discount)))) DESC"],"Sort Method": "quicksort","Sort Space Used": 25,"Sort Space Type": "Memory","Plans": [{"Node Type": "Aggregate","Strategy": "Sorted","Partial Mode": "Finalize","Parent Relationship": "Outer","Parallel Aware": false,"Async Capable": false,"Startup Cost": 21550.86,"Total Cost": 21565.23,"Plan Rows": 25,"Plan Width": 136,"Actual Startup Time": 833.271,"Actual Total Time": 865.478,"Actual Rows": 5,"Actual Loops": 1,"Group Key": ["nation.n_name"],"Plans": [{"Node Type": "Gather Merge","Parent Relationship": "Outer","Parallel Aware": false,"Async Capable": false,"Startup Cost": 21550.86,"Total Cost": 21564.54,"Plan Rows": 50,"Plan Width": 136,"Actual Startup Time": 833.025,"Actual Total Time": 865.435,"Actual Rows": 15,"Actual Loops": 1,"Workers Planned": 2,"Workers Launched": 2,"Plans": [{"Node Type": "Aggregate","Strategy": "Sorted","Partial Mode": "Partial","Parent Relationship": "Outer","Parallel Aware": false,"Async Capable": false,"Startup Cost": 20550.84,"Total Cost": 20558.75,"Plan Rows": 25,"Plan Width": 136,"Actual Startup Time": 825.546,"Actual Total Time": 826.255,"Actual Rows": 5,"Actual Loops": 3,"Group Key": ["nation.n_name"],"Workers": [],"Plans": [{"Node Type": "Sort","Parent Relationship": "Outer","Parallel Aware": false,"Async Capable": false,"Startup Cost": 20550.84,"Total Cost": 20552.36,"Plan Rows": 608,"Plan Width": 116,"Actual Startup Time": 825.323,"Actual Total Time": 825.450,"Actual Rows": 2415,"Actual Loops": 3,"Sort Key": ["nation.n_name"],"Sort Method": "quicksort","Sort Space Used": 281,"Sort Space Type": "Memory","Workers": [{"Worker Number": 0,"Sort Method": "quicksort","Sort Space Used": 286,"Sort Space Type": "Memory"},{"Worker Number": 1,"Sort Method": "quicksort","Sort Space Used": 289,"Sort Space Type": "Memory"}],"Plans": [{"Node Type": "Hash Join","Parent Relationship": "Outer","Parallel Aware": false,"Async Capable": false,"Join Type": "Inner","Startup Cost": 475.27,"Total Cost": 20522.72,"Plan Rows": 608,"Plan Width": 116,"Actual Startup Time": 12.893,"Actual Total Time": 823.841,"Actual Rows": 2415,"Actual Loops": 3,"Inner Unique": true,"Hash Cond": "((lineitem.l_suppkey = supplier.s_suppkey) AND (customer.c_nationkey = supplier.s_nationkey))","Workers": [],"Plans": [{"Node Type": "Nested Loop","Parent Relationship": "Outer","Parallel Aware": false,"Async Capable": false,"Join Type": "Inner","Startup Cost": 3.27,"Total Cost": 19970.84,"Plan Rows": 15215,"Plan Width": 128,"Actual Startup Time": 0.809,"Actual Total Time": 777.035,"Actual Rows": 60714,"Actual Loops": 3,"Inner Unique": false,"Workers": [],"Plans": [{"Node Type": "Nested Loop","Parent Relationship": "Outer","Parallel Aware": false,"Async Capable": false,"Join Type": "Inner","Startup Cost": 2.84,"Total Cost": 8414.26,"Plan Rows": 3803,"Plan Width": 116,"Actual Startup Time": 0.660,"Actual Total Time": 471.667,"Actual Rows": 15226,"Actual Loops": 3,"Inner Unique": false,"Workers": [],"Plans": [{"Node Type": "Hash Join","Parent Relationship": "Outer","Parallel Aware": false,"Async Capable": false,"Join Type": "Inner","Startup Cost": 2.41,"Total Cost": 4471.79,"Plan Rows": 2500,"Plan Width": 116,"Actual Startup Time": 0.276,"Actual Total Time": 59.829,"Actual Rows": 10066,"Actual Loops": 3,"Inner Unique": false,"Hash Cond": "(customer.c_nationkey = nation.n_nationkey)","Workers": [],"Plans": [{"Node Type": "Seq Scan","Parent Relationship": "Outer","Parallel Aware": true,"Async Capable": false,"Relation Name": "customer","Alias": "customer","Startup Cost": 0.00,"Total Cost": 4210.00,"Plan Rows": 62500,"Plan Width": 8,"Actual Startup Time": 0.021,"Actual Total Time": 10.083,"Actual Rows": 50000,"Actual Loops": 3,"Workers": []},{"Node Type": "Hash","Parent Relationship": "Inner","Parallel Aware": false,"Async Capable": false,"Startup Cost": 2.40,"Total Cost": 2.40,"Plan Rows": 1,"Plan Width": 108,"Actual Startup Time": 0.154,"Actual Total Time": 0.171,"Actual Rows": 5,"Actual Loops": 3,"Hash Buckets": 1024,"Original Hash Buckets": 1024,"Hash Batches": 1,"Original Hash Batches": 1,"Peak Memory Usage": 9,"Workers": [],"Plans": [{"Node Type": "Hash Join","Parent Relationship": "Outer","Parallel Aware": false,"Async Capable": false,"Join Type": "Inner","Startup Cost": 1.07,"Total Cost": 2.40,"Plan Rows": 1,"Plan Width": 108,"Actual Startup Time": 0.139,"Actual Total Time": 0.162,"Actual Rows": 5,"Actual Loops": 3,"Inner Unique": true,"Hash Cond": "(nation.n_regionkey = region.r_regionkey)","Workers": [],"Plans": [{"Node Type": "Seq Scan","Parent Relationship": "Outer","Parallel Aware": false,"Async Capable": false,"Relation Name": "nation","Alias": "nation","Startup Cost": 0.00,"Total Cost": 1.25,"Plan Rows": 25,"Plan Width": 112,"Actual Startup Time": 0.051,"Actual Total Time": 0.055,"Actual Rows": 25,"Actual Loops": 3,"Workers": []},{"Node Type": "Hash","Parent Relationship": "Inner","Parallel Aware": false,"Async Capable": false,"Startup Cost": 1.06,"Total Cost": 1.06,"Plan Rows": 1,"Plan Width": 4,"Actual Startup Time": 0.057,"Actual Total Time": 0.063,"Actual Rows": 1,"Actual Loops": 3,"Hash Buckets": 1024,"Original Hash Buckets": 1024,"Hash Batches": 1,"Original Hash Batches": 1,"Peak Memory Usage": 9,"Workers": [],"Plans": [{"Node Type": "Seq Scan","Parent Relationship": "Outer","Parallel Aware": false,"Async Capable": false,"Relation Name": "region","Alias": "region","Startup Cost": 0.00,"Total Cost": 1.06,"Plan Rows": 1,"Plan Width": 4,"Actual Startup Time": 0.043,"Actual Total Time": 0.045,"Actual Rows": 1,"Actual Loops": 3,"Filter": "(r_name = 'EUROPE'::bpchar)","Rows Removed by Filter": 4,"Workers": []}]}]}]}]},{"Node Type": "Index Scan","Parent Relationship": "Inner","Parallel Aware": false,"Async Capable": false,"Scan Direction": "Forward","Index Name": "idx_orders_custkey","Relation Name": "orders","Alias": "orders","Startup Cost": 0.43,"Total Cost": 1.55,"Plan Rows": 3,"Plan Width": 8,"Actual Startup Time": 0.017,"Actual Total Time": 0.041,"Actual Rows": 2,"Actual Loops": 30197,"Index Cond": "(o_custkey = customer.c_custkey)","Rows Removed by Index Recheck": 0,"Filter": "((o_orderdate >= '1997-01-01'::date) AND (o_orderdate < '1998-01-01 00:00:00'::timestamp without time zone))","Rows Removed by Filter": 9,"Workers": []}]},{"Node Type": "Index Scan","Parent Relationship": "Inner","Parallel Aware": false,"Async Capable": false,"Scan Direction": "Forward","Index Name": "idx_lineitem_orderkey","Relation Name": "lineitem","Alias": "lineitem","Startup Cost": 0.43,"Total Cost": 2.87,"Plan Rows": 17,"Plan Width": 20,"Actual Startup Time": 0.017,"Actual Total Time": 0.019,"Actual Rows": 4,"Actual Loops": 45677,"Index Cond": "(l_orderkey = orders.o_orderkey)","Rows Removed by Index Recheck": 0,"Workers": []}]},{"Node Type": "Hash","Parent Relationship": "Inner","Parallel Aware": false,"Async Capable": false,"Startup Cost": 322.00,"Total Cost": 322.00,"Plan Rows": 10000,"Plan Width": 8,"Actual Startup Time": 11.560,"Actual Total Time": 11.566,"Actual Rows": 10000,"Actual Loops": 3,"Hash Buckets": 16384,"Original Hash Buckets": 16384,"Hash Batches": 1,"Original Hash Batches": 1,"Peak Memory Usage": 519,"Workers": [],"Plans": [{"Node Type": "Seq Scan","Parent Relationship": "Outer","Parallel Aware": false,"Async Capable": false,"Relation Name": "supplier","Alias": "supplier","Startup Cost": 0.00,"Total Cost": 322.00,"Plan Rows": 10000,"Plan Width": 8,"Actual Startup Time": 0.053,"Actual Total Time": 9.758,"Actual Rows": 10000,"Actual Loops": 3,"Workers": []}]}]}]}]}]}]}]},"Planning Time": 11.054,"Triggers": [],"Execution Time": 866.075}]
[{"Plan": {"Node Type": "Sort","Parallel Aware": false,"Async Capable": false,"Startup Cost": 21522.30,"Total Cost": 21522.36,"Plan Rows": 25,"Plan Width": 136,"Actual Startup Time": 801.786,"Actual Total Time": 833.013,"Actual Rows": 5,"Actual Loops": 1,"Sort Key": ["(sum((lineitem.l_extendedprice * ('1'::numeric - lineitem.l_discount)))) DESC"],"Sort Method": "quicksort","Sort Space Used": 25,"Sort Space Type": "Memory","Plans": [{"Node Type": "Aggregate","Strategy": "Sorted","Partial Mode": "Finalize","Parent Relationship": "Outer","Parallel Aware": false,"Async Capable": false,"Startup Cost": 21507.43,"Total Cost": 21521.72,"Plan Rows": 25,"Plan Width": 136,"Actual Startup Time": 801.172,"Actual Total Time": 832.958,"Actual Rows": 5,"Actual Loops": 1,"Group Key": ["nation.n_name"],"Plans": [{"Node Type": "Gather Merge","Parent Relationship": "Outer","Parallel Aware": false,"Async Capable": false,"Startup Cost": 21507.43,"Total Cost": 21521.03,"Plan Rows": 50,"Plan Width": 136,"Actual Startup Time": 800.500,"Actual Total Time": 832.892,"Actual Rows": 15,"Actual Loops": 1,"Workers Planned": 2,"Workers Launched": 2,"Plans": [{"Node Type": "Aggregate","Strategy": "Sorted","Partial Mode": "Partial","Parent Relationship": "Outer","Parallel Aware": false,"Async Capable": false,"Startup Cost": 20507.41,"Total Cost": 20515.23,"Plan Rows": 25,"Plan Width": 136,"Actual Startup Time": 792.564,"Actual Total Time": 793.457,"Actual Rows": 5,"Actual Loops": 3,"Group Key": ["nation.n_name"],"Workers": [],"Plans": [{"Node Type": "Sort","Parent Relationship": "Outer","Parallel Aware": false,"Async Capable": false,"Startup Cost": 20507.41,"Total Cost": 20508.91,"Plan Rows": 601,"Plan Width": 116,"Actual Startup Time": 792.353,"Actual Total Time": 792.502,"Actual Rows": 2513,"Actual Loops": 3,"Sort Key": ["nation.n_name"],"Sort Method": "quicksort","Sort Space Used": 296,"Sort Space Type": "Memory","Workers": [{"Worker Number": 0,"Sort Method": "quicksort","Sort Space Used": 291,"Sort Space Type": "Memory"},{"Worker Number": 1,"Sort Method": "quicksort","Sort Space Used": 292,"Sort Space Type": "Memory"}],"Plans": [{"Node Type": "Hash Join","Parent Relationship": "Outer","Parallel Aware": false,"Async Capable": false,"Join Type": "Inner","Startup Cost": 475.27,"Total Cost": 20479.67,"Plan Rows": 601,"Plan Width": 116,"Actual Startup Time": 14.275,"Actual Total Time": 790.899,"Actual Rows": 2513,"Actual Loops": 3,"Inner Unique": true,"Hash Cond": "((lineitem.l_suppkey = supplier.s_suppkey) AND (customer.c_nationkey = supplier.s_nationkey))","Workers": [],"Plans": [{"Node Type": "Nested Loop","Parent Relationship": "Outer","Parallel Aware": false,"Async Capable": false,"Join Type": "Inner","Startup Cost": 3.27,"Total Cost": 19928.78,"Plan Rows": 15027,"Plan Width": 128,"Actual Startup Time": 0.573,"Actual Total Time": 745.935,"Actual Rows": 60812,"Actual Loops": 3,"Inner Unique": false,"Workers": [],"Plans": [{"Node Type": "Nested Loop","Parent Relationship": "Outer","Parallel Aware": false,"Async Capable": false,"Join Type": "Inner","Startup Cost": 2.84,"Total Cost": 8414.26,"Plan Rows": 3756,"Plan Width": 116,"Actual Startup Time": 0.447,"Actual Total Time": 445.574,"Actual Rows": 15099,"Actual Loops": 3,"Inner Unique": false,"Workers": [],"Plans": [{"Node Type": "Hash Join","Parent Relationship": "Outer","Parallel Aware": false,"Async Capable": false,"Join Type": "Inner","Startup Cost": 2.41,"Total Cost": 4471.79,"Plan Rows": 2500,"Plan Width": 116,"Actual Startup Time": 0.261,"Actual Total Time": 54.435,"Actual Rows": 9984,"Actual Loops": 3,"Inner Unique": false,"Hash Cond": "(customer.c_nationkey = nation.n_nationkey)","Workers": [],"Plans": [{"Node Type": "Seq Scan","Parent Relationship": "Outer","Parallel Aware": true,"Async Capable": false,"Relation Name": "customer","Alias": "customer","Startup Cost": 0.00,"Total Cost": 4210.00,"Plan Rows": 62500,"Plan Width": 8,"Actual Startup Time": 0.020,"Actual Total Time": 9.427,"Actual Rows": 50000,"Actual Loops": 3,"Workers": []},{"Node Type": "Hash","Parent Relationship": "Inner","Parallel Aware": false,"Async Capable": false,"Startup Cost": 2.40,"Total Cost": 2.40,"Plan Rows": 1,"Plan Width": 108,"Actual Startup Time": 0.147,"Actual Total Time": 0.168,"Actual Rows": 5,"Actual Loops": 3,"Hash Buckets": 1024,"Original Hash Buckets": 1024,"Hash Batches": 1,"Original Hash Batches": 1,"Peak Memory Usage": 9,"Workers": [],"Plans": [{"Node Type": "Hash Join","Parent Relationship": "Outer","Parallel Aware": false,"Async Capable": false,"Join Type": "Inner","Startup Cost": 1.07,"Total Cost": 2.40,"Plan Rows": 1,"Plan Width": 108,"Actual Startup Time": 0.132,"Actual Total Time": 0.158,"Actual Rows": 5,"Actual Loops": 3,"Inner Unique": true,"Hash Cond": "(nation.n_regionkey = region.r_regionkey)","Workers": [],"Plans": [{"Node Type": "Seq Scan","Parent Relationship": "Outer","Parallel Aware": false,"Async Capable": false,"Relation Name": "nation","Alias": "nation","Startup Cost": 0.00,"Total Cost": 1.25,"Plan Rows": 25,"Plan Width": 112,"Actual Startup Time": 0.053,"Actual Total Time": 0.057,"Actual Rows": 25,"Actual Loops": 3,"Workers": []},{"Node Type": "Hash","Parent Relationship": "Inner","Parallel Aware": false,"Async Capable": false,"Startup Cost": 1.06,"Total Cost": 1.06,"Plan Rows": 1,"Plan Width": 4,"Actual Startup Time": 0.054,"Actual Total Time": 0.061,"Actual Rows": 1,"Actual Loops": 3,"Hash Buckets": 1024,"Original Hash Buckets": 1024,"Hash Batches": 1,"Original Hash Batches": 1,"Peak Memory Usage": 9,"Workers": [],"Plans": [{"Node Type": "Seq Scan","Parent Relationship": "Outer","Parallel Aware": false,"Async Capable": false,"Relation Name": "region","Alias": "region","Startup Cost": 0.00,"Total Cost": 1.06,"Plan Rows": 1,"Plan Width": 4,"Actual Startup Time": 0.037,"Actual Total Time": 0.039,"Actual Rows": 1,"Actual Loops": 3,"Filter": "(r_name = 'AMERICA'::bpchar)","Rows Removed by Filter": 4,"Workers": []}]}]}]}]},{"Node Type": "Index Scan","Parent Relationship": "Inner","Parallel Aware": false,"Async Capable": false,"Scan Direction": "Forward","Index Name": "idx_orders_custkey","Relation Name": "orders","Alias": "orders","Startup Cost": 0.43,"Total Cost": 1.55,"Plan Rows": 3,"Plan Width": 8,"Actual Startup Time": 0.016,"Actual Total Time": 0.039,"Actual Rows": 2,"Actual Loops": 29952,"Index Cond": "(o_custkey = customer.c_custkey)","Rows Removed by Index Recheck": 0,"Filter": "((o_orderdate >= '1993-01-01'::date) AND (o_orderdate < '1994-01-01 00:00:00'::timestamp without time zone))","Rows Removed by Filter": 8,"Workers": []}]},{"Node Type": "Index Scan","Parent Relationship": "Inner","Parallel Aware": false,"Async Capable": false,"Scan Direction": "Forward","Index Name": "idx_lineitem_orderkey","Relation Name": "lineitem","Alias": "lineitem","Startup Cost": 0.43,"Total Cost": 2.90,"Plan Rows": 17,"Plan Width": 20,"Actual Startup Time": 0.017,"Actual Total Time": 0.019,"Actual Rows": 4,"Actual Loops": 45297,"Index Cond": "(l_orderkey = orders.o_orderkey)","Rows Removed by Index Recheck": 0,"Workers": []}]},{"Node Type": "Hash","Parent Relationship": "Inner","Parallel Aware": false,"Async Capable": false,"Startup Cost": 322.00,"Total Cost": 322.00,"Plan Rows": 10000,"Plan Width": 8,"Actual Startup Time": 12.653,"Actual Total Time": 12.656,"Actual Rows": 10000,"Actual Loops": 3,"Hash Buckets": 16384,"Original Hash Buckets": 16384,"Hash Batches": 1,"Original Hash Batches": 1,"Peak Memory Usage": 519,"Workers": [],"Plans": [{"Node Type": "Seq Scan","Parent Relationship": "Outer","Parallel Aware": false,"Async Capable": false,"Relation Name": "supplier","Alias": "supplier","Startup Cost": 0.00,"Total Cost": 322.00,"Plan Rows": 10000,"Plan Width": 8,"Actual Startup Time": 0.038,"Actual Total Time": 10.961,"Actual Rows": 10000,"Actual Loops": 3,"Workers": []}]}]}]}]}]}]}]},"Planning Time": 9.512,"Triggers": [],"Execution Time": 833.531}]
[{"Plan": {"Node Type": "Sort","Parallel Aware": false,"Async Capable": false,"Startup Cost": 21565.24,"Total Cost": 21565.30,"Plan Rows": 25,"Plan Width": 136,"Actual Startup Time": 803.148,"Actual Total Time": 837.225,"Actual Rows": 5,"Actual Loops": 1,"Sort Key": ["(sum((lineitem.l_extendedprice * ('1'::numeric - lineitem.l_discount)))) DESC"],"Sort Method": "quicksort","Sort Space Used": 25,"Sort Space Type": "Memory","Plans": [{"Node Type": "Aggregate","Strategy": "Sorted","Partial Mode": "Finalize","Parent Relationship": "Outer","Parallel Aware": false,"Async Capable": false,"Startup Cost": 21550.29,"Total Cost": 21564.66,"Plan Rows": 25,"Plan Width": 136,"Actual Startup Time": 802.551,"Actual Total Time": 837.165,"Actual Rows": 5,"Actual Loops": 1,"Group Key": ["nation.n_name"],"Plans": [{"Node Type": "Gather Merge","Parent Relationship": "Outer","Parallel Aware": false,"Async Capable": false,"Startup Cost": 21550.29,"Total Cost": 21563.97,"Plan Rows": 50,"Plan Width": 136,"Actual Startup Time": 802.343,"Actual Total Time": 837.116,"Actual Rows": 15,"Actual Loops": 1,"Workers Planned": 2,"Workers Launched": 2,"Plans": [{"Node Type": "Aggregate","Strategy": "Sorted","Partial Mode": "Partial","Parent Relationship": "Outer","Parallel Aware": false,"Async Capable": false,"Startup Cost": 20550.26,"Total Cost": 20558.18,"Plan Rows": 25,"Plan Width": 136,"Actual Startup Time": 794.724,"Actual Total Time": 795.426,"Actual Rows": 5,"Actual Loops": 3,"Group Key": ["nation.n_name"],"Workers": [],"Plans": [{"Node Type": "Sort","Parent Relationship": "Outer","Parallel Aware": false,"Async Capable": false,"Startup Cost": 20550.26,"Total Cost": 20551.78,"Plan Rows": 608,"Plan Width": 116,"Actual Startup Time": 794.492,"Actual Total Time": 794.616,"Actual Rows": 2402,"Actual Loops": 3,"Sort Key": ["nation.n_name"],"Sort Method": "quicksort","Sort Space Used": 284,"Sort Space Type": "Memory","Workers": [{"Worker Number": 0,"Sort Method": "quicksort","Sort Space Used": 278,"Sort Space Type": "Memory"},{"Worker Number": 1,"Sort Method": "quicksort","Sort Space Used": 290,"Sort Space Type": "Memory"}],"Plans": [{"Node Type": "Hash Join","Parent Relationship": "Outer","Parallel Aware": false,"Async Capable": false,"Join Type": "Inner","Startup Cost": 475.27,"Total Cost": 20522.15,"Plan Rows": 608,"Plan Width": 116,"Actual Startup Time": 9.804,"Actual Total Time": 792.945,"Actual Rows": 2402,"Actual Loops": 3,"Inner Unique": true,"Hash Cond": "((lineitem.l_suppkey = supplier.s_suppkey) AND (customer.c_nationkey = supplier.s_nationkey))","Workers": [],"Plans": [{"Node Type": "Nested Loop","Parent Relationship": "Outer","Parallel Aware": false,"Async Capable": false,"Join Type": "Inner","Startup Cost": 3.27,"Total Cost": 19970.29,"Plan Rows": 15211,"Plan Width": 128,"Actual Startup Time": 0.739,"Actual Total Time": 751.905,"Actual Rows": 60896,"Actual Loops": 3,"Inner Unique": false,"Workers": [],"Plans": [{"Node Type": "Nested Loop","Parent Relationship": "Outer","Parallel Aware": false,"Async Capable": false,"Join Type": "Inner","Startup Cost": 2.84,"Total Cost": 8414.26,"Plan Rows": 3802,"Plan Width": 116,"Actual Startup Time": 0.610,"Actual Total Time": 448.155,"Actual Rows": 15274,"Actual Loops": 3,"Inner Unique": false,"Workers": [],"Plans": [{"Node Type": "Hash Join","Parent Relationship": "Outer","Parallel Aware": false,"Async Capable": false,"Join Type": "Inner","Startup Cost": 2.41,"Total Cost": 4471.79,"Plan Rows": 2500,"Plan Width": 116,"Actual Startup Time": 0.268,"Actual Total Time": 53.804,"Actual Rows": 9921,"Actual Loops": 3,"Inner Unique": false,"Hash Cond": "(customer.c_nationkey = nation.n_nationkey)","Workers": [],"Plans": [{"Node Type": "Seq Scan","Parent Relationship": "Outer","Parallel Aware": true,"Async Capable": false,"Relation Name": "customer","Alias": "customer","Startup Cost": 0.00,"Total Cost": 4210.00,"Plan Rows": 62500,"Plan Width": 8,"Actual Startup Time": 0.020,"Actual Total Time": 9.563,"Actual Rows": 50000,"Actual Loops": 3,"Workers": []},{"Node Type": "Hash","Parent Relationship": "Inner","Parallel Aware": false,"Async Capable": false,"Startup Cost": 2.40,"Total Cost": 2.40,"Plan Rows": 1,"Plan Width": 108,"Actual Startup Time": 0.161,"Actual Total Time": 0.176,"Actual Rows": 5,"Actual Loops": 3,"Hash Buckets": 1024,"Original Hash Buckets": 1024,"Hash Batches": 1,"Original Hash Batches": 1,"Peak Memory Usage": 9,"Workers": [],"Plans": [{"Node Type": "Hash Join","Parent Relationship": "Outer","Parallel Aware": false,"Async Capable": false,"Join Type": "Inner","Startup Cost": 1.07,"Total Cost": 2.40,"Plan Rows": 1,"Plan Width": 108,"Actual Startup Time": 0.143,"Actual Total Time": 0.167,"Actual Rows": 5,"Actual Loops": 3,"Inner Unique": true,"Hash Cond": "(nation.n_regionkey = region.r_regionkey)","Workers": [],"Plans": [{"Node Type": "Seq Scan","Parent Relationship": "Outer","Parallel Aware": false,"Async Capable": false,"Relation Name": "nation","Alias": "nation","Startup Cost": 0.00,"Total Cost": 1.25,"Plan Rows": 25,"Plan Width": 112,"Actual Startup Time": 0.052,"Actual Total Time": 0.056,"Actual Rows": 25,"Actual Loops": 3,"Workers": []},{"Node Type": "Hash","Parent Relationship": "Inner","Parallel Aware": false,"Async Capable": false,"Startup Cost": 1.06,"Total Cost": 1.06,"Plan Rows": 1,"Plan Width": 4,"Actual Startup Time": 0.061,"Actual Total Time": 0.066,"Actual Rows": 1,"Actual Loops": 3,"Hash Buckets": 1024,"Original Hash Buckets": 1024,"Hash Batches": 1,"Original Hash Batches": 1,"Peak Memory Usage": 9,"Workers": [],"Plans": [{"Node Type": "Seq Scan","Parent Relationship": "Outer","Parallel Aware": false,"Async Capable": false,"Relation Name": "region","Alias": "region","Startup Cost": 0.00,"Total Cost": 1.06,"Plan Rows": 1,"Plan Width": 4,"Actual Startup Time": 0.046,"Actual Total Time": 0.049,"Actual Rows": 1,"Actual Loops": 3,"Filter": "(r_name = 'AFRICA'::bpchar)","Rows Removed by Filter": 4,"Workers": []}]}]}]}]},{"Node Type": "Index Scan","Parent Relationship": "Inner","Parallel Aware": false,"Async Capable": false,"Scan Direction": "Forward","Index Name": "idx_orders_custkey","Relation Name": "orders","Alias": "orders","Startup Cost": 0.43,"Total Cost": 1.55,"Plan Rows": 3,"Plan Width": 8,"Actual Startup Time": 0.017,"Actual Total Time": 0.039,"Actual Rows": 2,"Actual Loops": 29764,"Index Cond": "(o_custkey = customer.c_custkey)","Rows Removed by Index Recheck": 0,"Filter": "((o_orderdate >= '1995-01-01'::date) AND (o_orderdate < '1996-01-01 00:00:00'::timestamp without time zone))","Rows Removed by Filter": 9,"Workers": []}]},{"Node Type": "Index Scan","Parent Relationship": "Inner","Parallel Aware": false,"Async Capable": false,"Scan Direction": "Forward","Index Name": "idx_lineitem_orderkey","Relation Name": "lineitem","Alias": "lineitem","Startup Cost": 0.43,"Total Cost": 2.87,"Plan Rows": 17,"Plan Width": 20,"Actual Startup Time": 0.017,"Actual Total Time": 0.019,"Actual Rows": 4,"Actual Loops": 45822,"Index Cond": "(l_orderkey = orders.o_orderkey)","Rows Removed by Index Recheck": 0,"Workers": []}]},{"Node Type": "Hash","Parent Relationship": "Inner","Parallel Aware": false,"Async Capable": false,"Startup Cost": 322.00,"Total Cost": 322.00,"Plan Rows": 10000,"Plan Width": 8,"Actual Startup Time": 8.249,"Actual Total Time": 8.253,"Actual Rows": 10000,"Actual Loops": 3,"Hash Buckets": 16384,"Original Hash Buckets": 16384,"Hash Batches": 1,"Original Hash Batches": 1,"Peak Memory Usage": 519,"Workers": [],"Plans": [{"Node Type": "Seq Scan","Parent Relationship": "Outer","Parallel Aware": false,"Async Capable": false,"Relation Name": "supplier","Alias": "supplier","Startup Cost": 0.00,"Total Cost": 322.00,"Plan Rows": 10000,"Plan Width": 8,"Actual Startup Time": 0.043,"Actual Total Time": 6.388,"Actual Rows": 10000,"Actual Loops": 3,"Workers": []}]}]}]}]}]}]}]},"Planning Time": 10.225,"Triggers": [],"Execution Time": 837.854}]
[{"Plan": {"Node Type": "Sort","Parallel Aware": false,"Async Capable": false,"Startup Cost": 21565.24,"Total Cost": 21565.30,"Plan Rows": 25,"Plan Width": 136,"Actual Startup Time": 829.883,"Actual Total Time": 862.581,"Actual Rows": 5,"Actual Loops": 1,"Sort Key": ["(sum((lineitem.l_extendedprice * ('1'::numeric - lineitem.l_discount)))) DESC"],"Sort Method": "quicksort","Sort Space Used": 25,"Sort Space Type": "Memory","Plans": [{"Node Type": "Aggregate","Strategy": "Sorted","Partial Mode": "Finalize","Parent Relationship": "Outer","Parallel Aware": false,"Async Capable": false,"Startup Cost": 21550.29,"Total Cost": 21564.66,"Plan Rows": 25,"Plan Width": 136,"Actual Startup Time": 829.271,"Actual Total Time": 862.532,"Actual Rows": 5,"Actual Loops": 1,"Group Key": ["nation.n_name"],"Plans": [{"Node Type": "Gather Merge","Parent Relationship": "Outer","Parallel Aware": false,"Async Capable": false,"Startup Cost": 21550.29,"Total Cost": 21563.97,"Plan Rows": 50,"Plan Width": 136,"Actual Startup Time": 829.074,"Actual Total Time": 862.478,"Actual Rows": 15,"Actual Loops": 1,"Workers Planned": 2,"Workers Launched": 2,"Plans": [{"Node Type": "Aggregate","Strategy": "Sorted","Partial Mode": "Partial","Parent Relationship": "Outer","Parallel Aware": false,"Async Capable": false,"Startup Cost": 20550.26,"Total Cost": 20558.18,"Plan Rows": 25,"Plan Width": 136,"Actual Startup Time": 821.816,"Actual Total Time": 822.538,"Actual Rows": 5,"Actual Loops": 3,"Group Key": ["nation.n_name"],"Workers": [],"Plans": [{"Node Type": "Sort","Parent Relationship": "Outer","Parallel Aware": false,"Async Capable": false,"Startup Cost": 20550.26,"Total Cost": 20551.78,"Plan Rows": 608,"Plan Width": 116,"Actual Startup Time": 821.604,"Actual Total Time": 821.730,"Actual Rows": 2468,"Actual Loops": 3,"Sort Key": ["nation.n_name"],"Sort Method": "quicksort","Sort Space Used": 285,"Sort Space Type": "Memory","Workers": [{"Worker Number": 0,"Sort Method": "quicksort","Sort Space Used": 293,"Sort Space Type": "Memory"},{"Worker Number": 1,"Sort Method": "quicksort","Sort Space Used": 290,"Sort Space Type": "Memory"}],"Plans": [{"Node Type": "Hash Join","Parent Relationship": "Outer","Parallel Aware": false,"Async Capable": false,"Join Type": "Inner","Startup Cost": 475.27,"Total Cost": 20522.15,"Plan Rows": 608,"Plan Width": 116,"Actual Startup Time": 10.349,"Actual Total Time": 819.988,"Actual Rows": 2468,"Actual Loops": 3,"Inner Unique": true,"Hash Cond": "((lineitem.l_suppkey = supplier.s_suppkey) AND (customer.c_nationkey = supplier.s_nationkey))","Workers": [],"Plans": [{"Node Type": "Nested Loop","Parent Relationship": "Outer","Parallel Aware": false,"Async Capable": false,"Join Type": "Inner","Startup Cost": 3.27,"Total Cost": 19970.29,"Plan Rows": 15211,"Plan Width": 128,"Actual Startup Time": 0.787,"Actual Total Time": 773.951,"Actual Rows": 61461,"Actual Loops": 3,"Inner Unique": false,"Workers": [],"Plans": [{"Node Type": "Nested Loop","Parent Relationship": "Outer","Parallel Aware": false,"Async Capable": false,"Join Type": "Inner","Startup Cost": 2.84,"Total Cost": 8414.26,"Plan Rows": 3802,"Plan Width": 116,"Actual Startup Time": 0.651,"Actual Total Time": 459.932,"Actual Rows": 15399,"Actual Loops": 3,"Inner Unique": false,"Workers": [],"Plans": [{"Node Type": "Hash Join","Parent Relationship": "Outer","Parallel Aware": false,"Async Capable": false,"Join Type": "Inner","Startup Cost": 2.41,"Total Cost": 4471.79,"Plan Rows": 2500,"Plan Width": 116,"Actual Startup Time": 0.245,"Actual Total Time": 55.063,"Actual Rows": 10066,"Actual Loops": 3,"Inner Unique": false,"Hash Cond": "(customer.c_nationkey = nation.n_nationkey)","Workers": [],"Plans": [{"Node Type": "Seq Scan","Parent Relationship": "Outer","Parallel Aware": true,"Async Capable": false,"Relation Name": "customer","Alias": "customer","Startup Cost": 0.00,"Total Cost": 4210.00,"Plan Rows": 62500,"Plan Width": 8,"Actual Startup Time": 0.014,"Actual Total Time": 9.571,"Actual Rows": 50000,"Actual Loops": 3,"Workers": []},{"Node Type": "Hash","Parent Relationship": "Inner","Parallel Aware": false,"Async Capable": false,"Startup Cost": 2.40,"Total Cost": 2.40,"Plan Rows": 1,"Plan Width": 108,"Actual Startup Time": 0.139,"Actual Total Time": 0.155,"Actual Rows": 5,"Actual Loops": 3,"Hash Buckets": 1024,"Original Hash Buckets": 1024,"Hash Batches": 1,"Original Hash Batches": 1,"Peak Memory Usage": 9,"Workers": [],"Plans": [{"Node Type": "Hash Join","Parent Relationship": "Outer","Parallel Aware": false,"Async Capable": false,"Join Type": "Inner","Startup Cost": 1.07,"Total Cost": 2.40,"Plan Rows": 1,"Plan Width": 108,"Actual Startup Time": 0.126,"Actual Total Time": 0.145,"Actual Rows": 5,"Actual Loops": 3,"Inner Unique": true,"Hash Cond": "(nation.n_regionkey = region.r_regionkey)","Workers": [],"Plans": [{"Node Type": "Seq Scan","Parent Relationship": "Outer","Parallel Aware": false,"Async Capable": false,"Relation Name": "nation","Alias": "nation","Startup Cost": 0.00,"Total Cost": 1.25,"Plan Rows": 25,"Plan Width": 112,"Actual Startup Time": 0.043,"Actual Total Time": 0.047,"Actual Rows": 25,"Actual Loops": 3,"Workers": []},{"Node Type": "Hash","Parent Relationship": "Inner","Parallel Aware": false,"Async Capable": false,"Startup Cost": 1.06,"Total Cost": 1.06,"Plan Rows": 1,"Plan Width": 4,"Actual Startup Time": 0.051,"Actual Total Time": 0.056,"Actual Rows": 1,"Actual Loops": 3,"Hash Buckets": 1024,"Original Hash Buckets": 1024,"Hash Batches": 1,"Original Hash Batches": 1,"Peak Memory Usage": 9,"Workers": [],"Plans": [{"Node Type": "Seq Scan","Parent Relationship": "Outer","Parallel Aware": false,"Async Capable": false,"Relation Name": "region","Alias": "region","Startup Cost": 0.00,"Total Cost": 1.06,"Plan Rows": 1,"Plan Width": 4,"Actual Startup Time": 0.037,"Actual Total Time": 0.039,"Actual Rows": 1,"Actual Loops": 3,"Filter": "(r_name = 'EUROPE'::bpchar)","Rows Removed by Filter": 4,"Workers": []}]}]}]}]},{"Node Type": "Index Scan","Parent Relationship": "Inner","Parallel Aware": false,"Async Capable": false,"Scan Direction": "Forward","Index Name": "idx_orders_custkey","Relation Name": "orders","Alias": "orders","Startup Cost": 0.43,"Total Cost": 1.55,"Plan Rows": 3,"Plan Width": 8,"Actual Startup Time": 0.017,"Actual Total Time": 0.040,"Actual Rows": 2,"Actual Loops": 30197,"Index Cond": "(o_custkey = customer.c_custkey)","Rows Removed by Index Recheck": 0,"Filter": "((o_orderdate >= '1995-01-01'::date) AND (o_orderdate < '1996-01-01 00:00:00'::timestamp without time zone))","Rows Removed by Filter": 9,"Workers": []}]},{"Node Type": "Index Scan","Parent Relationship": "Inner","Parallel Aware": false,"Async Capable": false,"Scan Direction": "Forward","Index Name": "idx_lineitem_orderkey","Relation Name": "lineitem","Alias": "lineitem","Startup Cost": 0.43,"Total Cost": 2.87,"Plan Rows": 17,"Plan Width": 20,"Actual Startup Time": 0.017,"Actual Total Time": 0.020,"Actual Rows": 4,"Actual Loops": 46197,"Index Cond": "(l_orderkey = orders.o_orderkey)","Rows Removed by Index Recheck": 0,"Workers": []}]},{"Node Type": "Hash","Parent Relationship": "Inner","Parallel Aware": false,"Async Capable": false,"Startup Cost": 322.00,"Total Cost": 322.00,"Plan Rows": 10000,"Plan Width": 8,"Actual Startup Time": 8.644,"Actual Total Time": 8.648,"Actual Rows": 10000,"Actual Loops": 3,"Hash Buckets": 16384,"Original Hash Buckets": 16384,"Hash Batches": 1,"Original Hash Batches": 1,"Peak Memory Usage": 519,"Workers": [],"Plans": [{"Node Type": "Seq Scan","Parent Relationship": "Outer","Parallel Aware": false,"Async Capable": false,"Relation Name": "supplier","Alias": "supplier","Startup Cost": 0.00,"Total Cost": 322.00,"Plan Rows": 10000,"Plan Width": 8,"Actual Startup Time": 0.045,"Actual Total Time": 6.681,"Actual Rows": 10000,"Actual Loops": 3,"Workers": []}]}]}]}]}]}]}]},"Planning Time": 10.340,"Triggers": [],"Execution Time": 863.182}]
[{"Plan": {"Node Type": "Sort","Parallel Aware": false,"Async Capable": false,"Startup Cost": 21565.81,"Total Cost": 21565.87,"Plan Rows": 25,"Plan Width": 136,"Actual Startup Time": 831.835,"Actual Total Time": 873.525,"Actual Rows": 5,"Actual Loops": 1,"Sort Key": ["(sum((lineitem.l_extendedprice * ('1'::numeric - lineitem.l_discount)))) DESC"],"Sort Method": "quicksort","Sort Space Used": 25,"Sort Space Type": "Memory","Plans": [{"Node Type": "Aggregate","Strategy": "Sorted","Partial Mode": "Finalize","Parent Relationship": "Outer","Parallel Aware": false,"Async Capable": false,"Startup Cost": 21550.86,"Total Cost": 21565.23,"Plan Rows": 25,"Plan Width": 136,"Actual Startup Time": 831.274,"Actual Total Time": 873.480,"Actual Rows": 5,"Actual Loops": 1,"Group Key": ["nation.n_name"],"Plans": [{"Node Type": "Gather Merge","Parent Relationship": "Outer","Parallel Aware": false,"Async Capable": false,"Startup Cost": 21550.86,"Total Cost": 21564.54,"Plan Rows": 50,"Plan Width": 136,"Actual Startup Time": 830.694,"Actual Total Time": 873.427,"Actual Rows": 15,"Actual Loops": 1,"Workers Planned": 2,"Workers Launched": 2,"Plans": [{"Node Type": "Aggregate","Strategy": "Sorted","Partial Mode": "Partial","Parent Relationship": "Outer","Parallel Aware": false,"Async Capable": false,"Startup Cost": 20550.84,"Total Cost": 20558.75,"Plan Rows": 25,"Plan Width": 136,"Actual Startup Time": 822.251,"Actual Total Time": 823.046,"Actual Rows": 5,"Actual Loops": 3,"Group Key": ["nation.n_name"],"Workers": [],"Plans": [{"Node Type": "Sort","Parent Relationship": "Outer","Parallel Aware": false,"Async Capable": false,"Startup Cost": 20550.84,"Total Cost": 20552.36,"Plan Rows": 608,"Plan Width": 116,"Actual Startup Time": 822.034,"Actual Total Time": 822.187,"Actual Rows": 2330,"Actual Loops": 3,"Sort Key": ["nation.n_name"],"Sort Method": "quicksort","Sort Space Used": 287,"Sort Space Type": "Memory","Workers": [{"Worker Number": 0,"Sort Method": "quicksort","Sort Space Used": 271,"Sort Space Type": "Memory"},{"Worker Number": 1,"Sort Method": "quicksort","Sort Space Used": 278,"Sort Space Type": "Memory"}],"Plans": [{"Node Type": "Hash Join","Parent Relationship": "Outer","Parallel Aware": false,"Async Capable": false,"Join Type": "Inner","Startup Cost": 475.27,"Total Cost": 20522.72,"Plan Rows": 608,"Plan Width": 116,"Actual Startup Time": 11.715,"Actual Total Time": 820.536,"Actual Rows": 2330,"Actual Loops": 3,"Inner Unique": true,"Hash Cond": "((lineitem.l_suppkey = supplier.s_suppkey) AND (customer.c_nationkey = supplier.s_nationkey))","Workers": [],"Plans": [{"Node Type": "Nested Loop","Parent Relationship": "Outer","Parallel Aware": false,"Async Capable": false,"Join Type": "Inner","Startup Cost": 3.27,"Total Cost": 19970.84,"Plan Rows": 15215,"Plan Width": 128,"Actual Startup Time": 0.848,"Actual Total Time": 777.711,"Actual Rows": 60416,"Actual Loops": 3,"Inner Unique": false,"Workers": [],"Plans": [{"Node Type": "Nested Loop","Parent Relationship": "Outer","Parallel Aware": false,"Async Capable": false,"Join Type": "Inner","Startup Cost": 2.84,"Total Cost": 8414.26,"Plan Rows": 3803,"Plan Width": 116,"Actual Startup Time": 0.710,"Actual Total Time": 470.008,"Actual Rows": 15150,"Actual Loops": 3,"Inner Unique": false,"Workers": [],"Plans": [{"Node Type": "Hash Join","Parent Relationship": "Outer","Parallel Aware": false,"Async Capable": false,"Join Type": "Inner","Startup Cost": 2.41,"Total Cost": 4471.79,"Plan Rows": 2500,"Plan Width": 116,"Actual Startup Time": 0.302,"Actual Total Time": 60.810,"Actual Rows": 9921,"Actual Loops": 3,"Inner Unique": false,"Hash Cond": "(customer.c_nationkey = nation.n_nationkey)","Workers": [],"Plans": [{"Node Type": "Seq Scan","Parent Relationship": "Outer","Parallel Aware": true,"Async Capable": false,"Relation Name": "customer","Alias": "customer","Startup Cost": 0.00,"Total Cost": 4210.00,"Plan Rows": 62500,"Plan Width": 8,"Actual Startup Time": 0.020,"Actual Total Time": 10.219,"Actual Rows": 50000,"Actual Loops": 3,"Workers": []},{"Node Type": "Hash","Parent Relationship": "Inner","Parallel Aware": false,"Async Capable": false,"Startup Cost": 2.40,"Total Cost": 2.40,"Plan Rows": 1,"Plan Width": 108,"Actual Startup Time": 0.183,"Actual Total Time": 0.205,"Actual Rows": 5,"Actual Loops": 3,"Hash Buckets": 1024,"Original Hash Buckets": 1024,"Hash Batches": 1,"Original Hash Batches": 1,"Peak Memory Usage": 9,"Workers": [],"Plans": [{"Node Type": "Hash Join","Parent Relationship": "Outer","Parallel Aware": false,"Async Capable": false,"Join Type": "Inner","Startup Cost": 1.07,"Total Cost": 2.40,"Plan Rows": 1,"Plan Width": 108,"Actual Startup Time": 0.167,"Actual Total Time": 0.195,"Actual Rows": 5,"Actual Loops": 3,"Inner Unique": true,"Hash Cond": "(nation.n_regionkey = region.r_regionkey)","Workers": [],"Plans": [{"Node Type": "Seq Scan","Parent Relationship": "Outer","Parallel Aware": false,"Async Capable": false,"Relation Name": "nation","Alias": "nation","Startup Cost": 0.00,"Total Cost": 1.25,"Plan Rows": 25,"Plan Width": 112,"Actual Startup Time": 0.065,"Actual Total Time": 0.070,"Actual Rows": 25,"Actual Loops": 3,"Workers": []},{"Node Type": "Hash","Parent Relationship": "Inner","Parallel Aware": false,"Async Capable": false,"Startup Cost": 1.06,"Total Cost": 1.06,"Plan Rows": 1,"Plan Width": 4,"Actual Startup Time": 0.074,"Actual Total Time": 0.079,"Actual Rows": 1,"Actual Loops": 3,"Hash Buckets": 1024,"Original Hash Buckets": 1024,"Hash Batches": 1,"Original Hash Batches": 1,"Peak Memory Usage": 9,"Workers": [],"Plans": [{"Node Type": "Seq Scan","Parent Relationship": "Outer","Parallel Aware": false,"Async Capable": false,"Relation Name": "region","Alias": "region","Startup Cost": 0.00,"Total Cost": 1.06,"Plan Rows": 1,"Plan Width": 4,"Actual Startup Time": 0.049,"Actual Total Time": 0.053,"Actual Rows": 1,"Actual Loops": 3,"Filter": "(r_name = 'AFRICA'::bpchar)","Rows Removed by Filter": 4,"Workers": []}]}]}]}]},{"Node Type": "Index Scan","Parent Relationship": "Inner","Parallel Aware": false,"Async Capable": false,"Scan Direction": "Forward","Index Name": "idx_orders_custkey","Relation Name": "orders","Alias": "orders","Startup Cost": 0.43,"Total Cost": 1.55,"Plan Rows": 3,"Plan Width": 8,"Actual Startup Time": 0.018,"Actual Total Time": 0.041,"Actual Rows": 2,"Actual Loops": 29764,"Index Cond": "(o_custkey = customer.c_custkey)","Rows Removed by Index Recheck": 0,"Filter": "((o_orderdate >= '1997-01-01'::date) AND (o_orderdate < '1998-01-01 00:00:00'::timestamp without time zone))","Rows Removed by Filter": 9,"Workers": []}]},{"Node Type": "Index Scan","Parent Relationship": "Inner","Parallel Aware": false,"Async Capable": false,"Scan Direction": "Forward","Index Name": "idx_lineitem_orderkey","Relation Name": "lineitem","Alias": "lineitem","Startup Cost": 0.43,"Total Cost": 2.87,"Plan Rows": 17,"Plan Width": 20,"Actual Startup Time": 0.017,"Actual Total Time": 0.020,"Actual Rows": 4,"Actual Loops": 45450,"Index Cond": "(l_orderkey = orders.o_orderkey)","Rows Removed by Index Recheck": 0,"Workers": []}]},{"Node Type": "Hash","Parent Relationship": "Inner","Parallel Aware": false,"Async Capable": false,"Startup Cost": 322.00,"Total Cost": 322.00,"Plan Rows": 10000,"Plan Width": 8,"Actual Startup Time": 8.425,"Actual Total Time": 8.430,"Actual Rows": 10000,"Actual Loops": 3,"Hash Buckets": 16384,"Original Hash Buckets": 16384,"Hash Batches": 1,"Original Hash Batches": 1,"Peak Memory Usage": 519,"Workers": [],"Plans": [{"Node Type": "Seq Scan","Parent Relationship": "Outer","Parallel Aware": false,"Async Capable": false,"Relation Name": "supplier","Alias": "supplier","Startup Cost": 0.00,"Total Cost": 322.00,"Plan Rows": 10000,"Plan Width": 8,"Actual Startup Time": 0.044,"Actual Total Time": 6.920,"Actual Rows": 10000,"Actual Loops": 3,"Workers": []}]}]}]}]}]}]}]},"Planning Time": 9.220,"Triggers": [],"Execution Time": 874.104}]
[{"Plan": {"Node Type": "Sort","Parallel Aware": false,"Async Capable": false,"Startup Cost": 21616.39,"Total Cost": 21616.45,"Plan Rows": 25,"Plan Width": 136,"Actual Startup Time": 804.800,"Actual Total Time": 836.793,"Actual Rows": 5,"Actual Loops": 1,"Sort Key": ["(sum((lineitem.l_extendedprice * ('1'::numeric - lineitem.l_discount)))) DESC"],"Sort Method": "quicksort","Sort Space Used": 25,"Sort Space Type": "Memory","Plans": [{"Node Type": "Aggregate","Strategy": "Sorted","Partial Mode": "Finalize","Parent Relationship": "Outer","Parallel Aware": false,"Async Capable": false,"Startup Cost": 21601.33,"Total Cost": 21615.81,"Plan Rows": 25,"Plan Width": 136,"Actual Startup Time": 804.196,"Actual Total Time": 836.738,"Actual Rows": 5,"Actual Loops": 1,"Group Key": ["nation.n_name"],"Plans": [{"Node Type": "Gather Merge","Parent Relationship": "Outer","Parallel Aware": false,"Async Capable": false,"Startup Cost": 21601.33,"Total Cost": 21615.12,"Plan Rows": 50,"Plan Width": 136,"Actual Startup Time": 803.537,"Actual Total Time": 836.675,"Actual Rows": 15,"Actual Loops": 1,"Workers Planned": 2,"Workers Launched": 2,"Plans": [{"Node Type": "Aggregate","Strategy": "Sorted","Partial Mode": "Partial","Parent Relationship": "Outer","Parallel Aware": false,"Async Capable": false,"Startup Cost": 20601.30,"Total Cost": 20609.33,"Plan Rows": 25,"Plan Width": 136,"Actual Startup Time": 795.499,"Actual Total Time": 796.369,"Actual Rows": 5,"Actual Loops": 3,"Group Key": ["nation.n_name"],"Workers": [],"Plans": [{"Node Type": "Sort","Parent Relationship": "Outer","Parallel Aware": false,"Async Capable": false,"Startup Cost": 20601.30,"Total Cost": 20602.85,"Plan Rows": 617,"Plan Width": 116,"Actual Startup Time": 795.285,"Actual Total Time": 795.436,"Actual Rows": 2498,"Actual Loops": 3,"Sort Key": ["nation.n_name"],"Sort Method": "quicksort","Sort Space Used": 299,"Sort Space Type": "Memory","Workers": [{"Worker Number": 0,"Sort Method": "quicksort","Sort Space Used": 291,"Sort Space Type": "Memory"},{"Worker Number": 1,"Sort Method": "quicksort","Sort Space Used": 284,"Sort Space Type": "Memory"}],"Plans": [{"Node Type": "Hash Join","Parent Relationship": "Outer","Parallel Aware": false,"Async Capable": false,"Join Type": "Inner","Startup Cost": 475.27,"Total Cost": 20572.71,"Plan Rows": 617,"Plan Width": 116,"Actual Startup Time": 14.014,"Actual Total Time": 793.817,"Actual Rows": 2498,"Actual Loops": 3,"Inner Unique": true,"Hash Cond": "((lineitem.l_suppkey = supplier.s_suppkey) AND (customer.c_nationkey = supplier.s_nationkey))","Workers": [],"Plans": [{"Node Type": "Nested Loop","Parent Relationship": "Outer","Parallel Aware": false,"Async Capable": false,"Join Type": "Inner","Startup Cost": 3.27,"Total Cost": 20019.70,"Plan Rows": 15431,"Plan Width": 128,"Actual Startup Time": 0.837,"Actual Total Time": 749.002,"Actual Rows": 60742,"Actual Loops": 3,"Inner Unique": false,"Workers": [],"Plans": [{"Node Type": "Nested Loop","Parent Relationship": "Outer","Parallel Aware": false,"Async Capable": false,"Join Type": "Inner","Startup Cost": 2.84,"Total Cost": 8414.26,"Plan Rows": 3857,"Plan Width": 116,"Actual Startup Time": 0.706,"Actual Total Time": 447.815,"Actual Rows": 15183,"Actual Loops": 3,"Inner Unique": false,"Workers": [],"Plans": [{"Node Type": "Hash Join","Parent Relationship": "Outer","Parallel Aware": false,"Async Capable": false,"Join Type": "Inner","Startup Cost": 2.41,"Total Cost": 4471.79,"Plan Rows": 2500,"Plan Width": 116,"Actual Startup Time": 0.258,"Actual Total Time": 55.848,"Actual Rows": 9984,"Actual Loops": 3,"Inner Unique": false,"Hash Cond": "(customer.c_nationkey = nation.n_nationkey)","Workers": [],"Plans": [{"Node Type": "Seq Scan","Parent Relationship": "Outer","Parallel Aware": true,"Async Capable": false,"Relation Name": "customer","Alias": "customer","Startup Cost": 0.00,"Total Cost": 4210.00,"Plan Rows": 62500,"Plan Width": 8,"Actual Startup Time": 0.017,"Actual Total Time": 9.503,"Actual Rows": 50000,"Actual Loops": 3,"Workers": []},{"Node Type": "Hash","Parent Relationship": "Inner","Parallel Aware": false,"Async Capable": false,"Startup Cost": 2.40,"Total Cost": 2.40,"Plan Rows": 1,"Plan Width": 108,"Actual Startup Time": 0.153,"Actual Total Time": 0.178,"Actual Rows": 5,"Actual Loops": 3,"Hash Buckets": 1024,"Original Hash Buckets": 1024,"Hash Batches": 1,"Original Hash Batches": 1,"Peak Memory Usage": 9,"Workers": [],"Plans": [{"Node Type": "Hash Join","Parent Relationship": "Outer","Parallel Aware": false,"Async Capable": false,"Join Type": "Inner","Startup Cost": 1.07,"Total Cost": 2.40,"Plan Rows": 1,"Plan Width": 108,"Actual Startup Time": 0.136,"Actual Total Time": 0.167,"Actual Rows": 5,"Actual Loops": 3,"Inner Unique": true,"Hash Cond": "(nation.n_regionkey = region.r_regionkey)","Workers": [],"Plans": [{"Node Type": "Seq Scan","Parent Relationship": "Outer","Parallel Aware": false,"Async Capable": false,"Relation Name": "nation","Alias": "nation","Startup Cost": 0.00,"Total Cost": 1.25,"Plan Rows": 25,"Plan Width": 112,"Actual Startup Time": 0.055,"Actual Total Time": 0.059,"Actual Rows": 25,"Actual Loops": 3,"Workers": []},{"Node Type": "Hash","Parent Relationship": "Inner","Parallel Aware": false,"Async Capable": false,"Startup Cost": 1.06,"Total Cost": 1.06,"Plan Rows": 1,"Plan Width": 4,"Actual Startup Time": 0.050,"Actual Total Time": 0.057,"Actual Rows": 1,"Actual Loops": 3,"Hash Buckets": 1024,"Original Hash Buckets": 1024,"Hash Batches": 1,"Original Hash Batches": 1,"Peak Memory Usage": 9,"Workers": [],"Plans": [{"Node Type": "Seq Scan","Parent Relationship": "Outer","Parallel Aware": false,"Async Capable": false,"Relation Name": "region","Alias": "region","Startup Cost": 0.00,"Total Cost": 1.06,"Plan Rows": 1,"Plan Width": 4,"Actual Startup Time": 0.036,"Actual Total Time": 0.039,"Actual Rows": 1,"Actual Loops": 3,"Filter": "(r_name = 'AMERICA'::bpchar)","Rows Removed by Filter": 4,"Workers": []}]}]}]}]},{"Node Type": "Index Scan","Parent Relationship": "Inner","Parallel Aware": false,"Async Capable": false,"Scan Direction": "Forward","Index Name": "idx_orders_custkey","Relation Name": "orders","Alias": "orders","Startup Cost": 0.43,"Total Cost": 1.55,"Plan Rows": 3,"Plan Width": 8,"Actual Startup Time": 0.017,"Actual Total Time": 0.039,"Actual Rows": 2,"Actual Loops": 29952,"Index Cond": "(o_custkey = customer.c_custkey)","Rows Removed by Index Recheck": 0,"Filter": "((o_orderdate >= '1996-01-01'::date) AND (o_orderdate < '1997-01-01 00:00:00'::timestamp without time zone))","Rows Removed by Filter": 8,"Workers": []}]},{"Node Type": "Index Scan","Parent Relationship": "Inner","Parallel Aware": false,"Async Capable": false,"Scan Direction": "Forward","Index Name": "idx_lineitem_orderkey","Relation Name": "lineitem","Alias": "lineitem","Startup Cost": 0.43,"Total Cost": 2.84,"Plan Rows": 17,"Plan Width": 20,"Actual Startup Time": 0.016,"Actual Total Time": 0.019,"Actual Rows": 4,"Actual Loops": 45549,"Index Cond": "(l_orderkey = orders.o_orderkey)","Rows Removed by Index Recheck": 0,"Workers": []}]},{"Node Type": "Hash","Parent Relationship": "Inner","Parallel Aware": false,"Async Capable": false,"Startup Cost": 322.00,"Total Cost": 322.00,"Plan Rows": 10000,"Plan Width": 8,"Actual Startup Time": 12.297,"Actual Total Time": 12.301,"Actual Rows": 10000,"Actual Loops": 3,"Hash Buckets": 16384,"Original Hash Buckets": 16384,"Hash Batches": 1,"Original Hash Batches": 1,"Peak Memory Usage": 519,"Workers": [],"Plans": [{"Node Type": "Seq Scan","Parent Relationship": "Outer","Parallel Aware": false,"Async Capable": false,"Relation Name": "supplier","Alias": "supplier","Startup Cost": 0.00,"Total Cost": 322.00,"Plan Rows": 10000,"Plan Width": 8,"Actual Startup Time": 0.045,"Actual Total Time": 10.666,"Actual Rows": 10000,"Actual Loops": 3,"Workers": []}]}]}]}]}]}]}]},"Planning Time": 9.455,"Triggers": [],"Execution Time": 837.268}]
[{"Plan": {"Node Type": "Sort","Parallel Aware": false,"Async Capable": false,"Startup Cost": 21612.43,"Total Cost": 21612.50,"Plan Rows": 25,"Plan Width": 136,"Actual Startup Time": 832.616,"Actual Total Time": 862.680,"Actual Rows": 5,"Actual Loops": 1,"Sort Key": ["(sum((lineitem.l_extendedprice * ('1'::numeric - lineitem.l_discount)))) DESC"],"Sort Method": "quicksort","Sort Space Used": 25,"Sort Space Type": "Memory","Plans": [{"Node Type": "Aggregate","Strategy": "Sorted","Partial Mode": "Finalize","Parent Relationship": "Outer","Parallel Aware": false,"Async Capable": false,"Startup Cost": 21597.38,"Total Cost": 21611.85,"Plan Rows": 25,"Plan Width": 136,"Actual Startup Time": 832.009,"Actual Total Time": 862.637,"Actual Rows": 5,"Actual Loops": 1,"Group Key": ["nation.n_name"],"Plans": [{"Node Type": "Gather Merge","Parent Relationship": "Outer","Parallel Aware": false,"Async Capable": false,"Startup Cost": 21597.38,"Total Cost": 21611.17,"Plan Rows": 50,"Plan Width": 136,"Actual Startup Time": 831.804,"Actual Total Time": 862.590,"Actual Rows": 15,"Actual Loops": 1,"Workers Planned": 2,"Workers Launched": 2,"Plans": [{"Node Type": "Aggregate","Strategy": "Sorted","Partial Mode": "Partial","Parent Relationship": "Outer","Parallel Aware": false,"Async Capable": false,"Startup Cost": 20597.36,"Total Cost": 20605.37,"Plan Rows": 25,"Plan Width": 136,"Actual Startup Time": 824.333,"Actual Total Time": 825.038,"Actual Rows": 5,"Actual Loops": 3,"Group Key": ["nation.n_name"],"Workers": [],"Plans": [{"Node Type": "Sort","Parent Relationship": "Outer","Parallel Aware": false,"Async Capable": false,"Startup Cost": 20597.36,"Total Cost": 20598.90,"Plan Rows": 616,"Plan Width": 116,"Actual Startup Time": 824.137,"Actual Total Time": 824.256,"Actual Rows": 2417,"Actual Loops": 3,"Sort Key": ["nation.n_name"],"Sort Method": "quicksort","Sort Space Used": 288,"Sort Space Type": "Memory","Workers": [{"Worker Number": 0,"Sort Method": "quicksort","Sort Space Used": 280,"Sort Space Type": "Memory"},{"Worker Number": 1,"Sort Method": "quicksort","Sort Space Used": 288,"Sort Space Type": "Memory"}],"Plans": [{"Node Type": "Hash Join","Parent Relationship": "Outer","Parallel Aware": false,"Async Capable": false,"Join Type": "Inner","Startup Cost": 475.27,"Total Cost": 20568.82,"Plan Rows": 616,"Plan Width": 116,"Actual Startup Time": 12.703,"Actual Total Time": 822.671,"Actual Rows": 2417,"Actual Loops": 3,"Inner Unique": true,"Hash Cond": "((lineitem.l_suppkey = supplier.s_suppkey) AND (customer.c_nationkey = supplier.s_nationkey))","Workers": [],"Plans": [{"Node Type": "Nested Loop","Parent Relationship": "Outer","Parallel Aware": false,"Async Capable": false,"Join Type": "Inner","Startup Cost": 3.27,"Total Cost": 20015.89,"Plan Rows": 15415,"Plan Width": 128,"Actual Startup Time": 0.571,"Actual Total Time": 776.984,"Actual Rows": 59997,"Actual Loops": 3,"Inner Unique": false,"Workers": [],"Plans": [{"Node Type": "Nested Loop","Parent Relationship": "Outer","Parallel Aware": false,"Async Capable": false,"Join Type": "Inner","Startup Cost": 2.84,"Total Cost": 8414.26,"Plan Rows": 3853,"Plan Width": 116,"Actual Startup Time": 0.454,"Actual Total Time": 470.088,"Actual Rows": 15003,"Actual Loops": 3,"Inner Unique": false,"Workers": [],"Plans": [{"Node Type": "Hash Join","Parent Relationship": "Outer","Parallel Aware": false,"Async Capable": false,"Join Type": "Inner","Startup Cost": 2.41,"Total Cost": 4471.79,"Plan Rows": 2500,"Plan Width": 116,"Actual Startup Time": 0.227,"Actual Total Time": 60.370,"Actual Rows": 9968,"Actual Loops": 3,"Inner Unique": false,"Hash Cond": "(customer.c_nationkey = nation.n_nationkey)","Workers": [],"Plans": [{"Node Type": "Seq Scan","Parent Relationship": "Outer","Parallel Aware": true,"Async Capable": false,"Relation Name": "customer","Alias": "customer","Startup Cost": 0.00,"Total Cost": 4210.00,"Plan Rows": 62500,"Plan Width": 8,"Actual Startup Time": 0.013,"Actual Total Time": 10.099,"Actual Rows": 50000,"Actual Loops": 3,"Workers": []},{"Node Type": "Hash","Parent Relationship": "Inner","Parallel Aware": false,"Async Capable": false,"Startup Cost": 2.40,"Total Cost": 2.40,"Plan Rows": 1,"Plan Width": 108,"Actual Startup Time": 0.138,"Actual Total Time": 0.150,"Actual Rows": 5,"Actual Loops": 3,"Hash Buckets": 1024,"Original Hash Buckets": 1024,"Hash Batches": 1,"Original Hash Batches": 1,"Peak Memory Usage": 9,"Workers": [],"Plans": [{"Node Type": "Hash Join","Parent Relationship": "Outer","Parallel Aware": false,"Async Capable": false,"Join Type": "Inner","Startup Cost": 1.07,"Total Cost": 2.40,"Plan Rows": 1,"Plan Width": 108,"Actual Startup Time": 0.125,"Actual Total Time": 0.142,"Actual Rows": 5,"Actual Loops": 3,"Inner Unique": true,"Hash Cond": "(nation.n_regionkey = region.r_regionkey)","Workers": [],"Plans": [{"Node Type": "Seq Scan","Parent Relationship": "Outer","Parallel Aware": false,"Async Capable": false,"Relation Name": "nation","Alias": "nation","Startup Cost": 0.00,"Total Cost": 1.25,"Plan Rows": 25,"Plan Width": 112,"Actual Startup Time": 0.044,"Actual Total Time": 0.047,"Actual Rows": 25,"Actual Loops": 3,"Workers": []},{"Node Type": "Hash","Parent Relationship": "Inner","Parallel Aware": false,"Async Capable": false,"Startup Cost": 1.06,"Total Cost": 1.06,"Plan Rows": 1,"Plan Width": 4,"Actual Startup Time": 0.054,"Actual Total Time": 0.057,"Actual Rows": 1,"Actual Loops": 3,"Hash Buckets": 1024,"Original Hash Buckets": 1024,"Hash Batches": 1,"Original Hash Batches": 1,"Peak Memory Usage": 9,"Workers": [],"Plans": [{"Node Type": "Seq Scan","Parent Relationship": "Outer","Parallel Aware": false,"Async Capable": false,"Relation Name": "region","Alias": "region","Startup Cost": 0.00,"Total Cost": 1.06,"Plan Rows": 1,"Plan Width": 4,"Actual Startup Time": 0.039,"Actual Total Time": 0.040,"Actual Rows": 1,"Actual Loops": 3,"Filter": "(r_name = 'MIDDLE EAST'::bpchar)","Rows Removed by Filter": 4,"Workers": []}]}]}]}]},{"Node Type": "Index Scan","Parent Relationship": "Inner","Parallel Aware": false,"Async Capable": false,"Scan Direction": "Forward","Index Name": "idx_orders_custkey","Relation Name": "orders","Alias": "orders","Startup Cost": 0.43,"Total Cost": 1.55,"Plan Rows": 3,"Plan Width": 8,"Actual Startup Time": 0.017,"Actual Total Time": 0.041,"Actual Rows": 2,"Actual Loops": 29904,"Index Cond": "(o_custkey = customer.c_custkey)","Rows Removed by Index Recheck": 0,"Filter": "((o_orderdate >= '1994-01-01'::date) AND (o_orderdate < '1995-01-01 00:00:00'::timestamp without time zone))","Rows Removed by Filter": 8,"Workers": []}]},{"Node Type": "Index Scan","Parent Relationship": "Inner","Parallel Aware": false,"Async Capable": false,"Scan Direction": "Forward","Index Name": "idx_lineitem_orderkey","Relation Name": "lineitem","Alias": "lineitem","Startup Cost": 0.43,"Total Cost": 2.84,"Plan Rows": 17,"Plan Width": 20,"Actual Startup Time": 0.017,"Actual Total Time": 0.020,"Actual Rows": 4,"Actual Loops": 45009,"Index Cond": "(l_orderkey = orders.o_orderkey)","Rows Removed by Index Recheck": 0,"Workers": []}]},{"Node Type": "Hash","Parent Relationship": "Inner","Parallel Aware": false,"Async Capable": false,"Startup Cost": 322.00,"Total Cost": 322.00,"Plan Rows": 10000,"Plan Width": 8,"Actual Startup Time": 11.133,"Actual Total Time": 11.135,"Actual Rows": 10000,"Actual Loops": 3,"Hash Buckets": 16384,"Original Hash Buckets": 16384,"Hash Batches": 1,"Original Hash Batches": 1,"Peak Memory Usage": 519,"Workers": [],"Plans": [{"Node Type": "Seq Scan","Parent Relationship": "Outer","Parallel Aware": false,"Async Capable": false,"Relation Name": "supplier","Alias": "supplier","Startup Cost": 0.00,"Total Cost": 322.00,"Plan Rows": 10000,"Plan Width": 8,"Actual Startup Time": 0.042,"Actual Total Time": 9.282,"Actual Rows": 10000,"Actual Loops": 3,"Workers": []}]}]}]}]}]}]}]},"Planning Time": 10.906,"Triggers": [],"Execution Time": 863.139}]
[{"Plan": {"Node Type": "Sort","Parallel Aware": false,"Async Capable": false,"Startup Cost": 21565.81,"Total Cost": 21565.87,"Plan Rows": 25,"Plan Width": 136,"Actual Startup Time": 826.666,"Actual Total Time": 858.678,"Actual Rows": 5,"Actual Loops": 1,"Sort Key": ["(sum((lineitem.l_extendedprice * ('1'::numeric - lineitem.l_discount)))) DESC"],"Sort Method": "quicksort","Sort Space Used": 25,"Sort Space Type": "Memory","Plans": [{"Node Type": "Aggregate","Strategy": "Sorted","Partial Mode": "Finalize","Parent Relationship": "Outer","Parallel Aware": false,"Async Capable": false,"Startup Cost": 21550.86,"Total Cost": 21565.23,"Plan Rows": 25,"Plan Width": 136,"Actual Startup Time": 825.974,"Actual Total Time": 858.621,"Actual Rows": 5,"Actual Loops": 1,"Group Key": ["nation.n_name"],"Plans": [{"Node Type": "Gather Merge","Parent Relationship": "Outer","Parallel Aware": false,"Async Capable": false,"Startup Cost": 21550.86,"Total Cost": 21564.54,"Plan Rows": 50,"Plan Width": 136,"Actual Startup Time": 825.726,"Actual Total Time": 858.579,"Actual Rows": 15,"Actual Loops": 1,"Workers Planned": 2,"Workers Launched": 2,"Plans": [{"Node Type": "Aggregate","Strategy": "Sorted","Partial Mode": "Partial","Parent Relationship": "Outer","Parallel Aware": false,"Async Capable": false,"Startup Cost": 20550.84,"Total Cost": 20558.75,"Plan Rows": 25,"Plan Width": 136,"Actual Startup Time": 818.223,"Actual Total Time": 818.980,"Actual Rows": 5,"Actual Loops": 3,"Group Key": ["nation.n_name"],"Workers": [],"Plans": [{"Node Type": "Sort","Parent Relationship": "Outer","Parallel Aware": false,"Async Capable": false,"Startup Cost": 20550.84,"Total Cost": 20552.36,"Plan Rows": 608,"Plan Width": 116,"Actual Startup Time": 818.011,"Actual Total Time": 818.145,"Actual Rows": 2489,"Actual Loops": 3,"Sort Key": ["nation.n_name"],"Sort Method": "quicksort","Sort Space Used": 294,"Sort Space Type": "Memory","Workers": [{"Worker Number": 0,"Sort Method": "quicksort","Sort Space Used": 286,"Sort Space Type": "Memory"},{"Worker Number": 1,"Sort Method": "quicksort","Sort Space Used": 292,"Sort Space Type": "Memory"}],"Plans": [{"Node Type": "Hash Join","Parent Relationship": "Outer","Parallel Aware": false,"Async Capable": false,"Join Type": "Inner","Startup Cost": 475.27,"Total Cost": 20522.72,"Plan Rows": 608,"Plan Width": 116,"Actual Startup Time": 11.840,"Actual Total Time": 816.555,"Actual Rows": 2489,"Actual Loops": 3,"Inner Unique": true,"Hash Cond": "((lineitem.l_suppkey = supplier.s_suppkey) AND (customer.c_nationkey = supplier.s_nationkey))","Workers": [],"Plans": [{"Node Type": "Nested Loop","Parent Relationship": "Outer","Parallel Aware": false,"Async Capable": false,"Join Type": "Inner","Startup Cost": 3.27,"Total Cost": 19970.84,"Plan Rows": 15215,"Plan Width": 128,"Actual Startup Time": 0.591,"Actual Total Time": 771.834,"Actual Rows": 60959,"Actual Loops": 3,"Inner Unique": false,"Workers": [],"Plans": [{"Node Type": "Nested Loop","Parent Relationship": "Outer","Parallel Aware": false,"Async Capable": false,"Join Type": "Inner","Startup Cost": 2.84,"Total Cost": 8414.26,"Plan Rows": 3803,"Plan Width": 116,"Actual Startup Time": 0.474,"Actual Total Time": 463.395,"Actual Rows": 15225,"Actual Loops": 3,"Inner Unique": false,"Workers": [],"Plans": [{"Node Type": "Hash Join","Parent Relationship": "Outer","Parallel Aware": false,"Async Capable": false,"Join Type": "Inner","Startup Cost": 2.41,"Total Cost": 4471.79,"Plan Rows": 2500,"Plan Width": 116,"Actual Startup Time": 0.230,"Actual Total Time": 58.477,"Actual Rows": 9984,"Actual Loops": 3,"Inner Unique": false,"Hash Cond": "(customer.c_nationkey = nation.n_nationkey)","Workers": [],"Plans": [{"Node Type": "Seq Scan","Parent Relationship": "Outer","Parallel Aware": true,"Async Capable": false,"Relation Name": "customer","Alias": "customer","Startup Cost": 0.00,"Total Cost": 4210.00,"Plan Rows": 62500,"Plan Width": 8,"Actual Startup Time": 0.016,"Actual Total Time": 10.057,"Actual Rows": 50000,"Actual Loops": 3,"Workers": []},{"Node Type": "Hash","Parent Relationship": "Inner","Parallel Aware": false,"Async Capable": false,"Startup Cost": 2.40,"Total Cost": 2.40,"Plan Rows": 1,"Plan Width": 108,"Actual Startup Time": 0.130,"Actual Total Time": 0.146,"Actual Rows": 5,"Actual Loops": 3,"Hash Buckets": 1024,"Original Hash Buckets": 1024,"Hash Batches": 1,"Original Hash Batches": 1,"Peak Memory Usage": 9,"Workers": [],"Plans": [{"Node Type": "Hash Join","Parent Relationship": "Outer","Parallel Aware": false,"Async Capable": false,"Join Type": "Inner","Startup Cost": 1.07,"Total Cost": 2.40,"Plan Rows": 1,"Plan Width": 108,"Actual Startup Time": 0.116,"Actual Total Time": 0.137,"Actual Rows": 5,"Actual Loops": 3,"Inner Unique": true,"Hash Cond": "(nation.n_regionkey = region.r_regionkey)","Workers": [],"Plans": [{"Node Type": "Seq Scan","Parent Relationship": "Outer","Parallel Aware": false,"Async Capable": false,"Relation Name": "nation","Alias": "nation","Startup Cost": 0.00,"Total Cost": 1.25,"Plan Rows": 25,"Plan Width": 112,"Actual Startup Time": 0.042,"Actual Total Time": 0.045,"Actual Rows": 25,"Actual Loops": 3,"Workers": []},{"Node Type": "Hash","Parent Relationship": "Inner","Parallel Aware": false,"Async Capable": false,"Startup Cost": 1.06,"Total Cost": 1.06,"Plan Rows": 1,"Plan Width": 4,"Actual Startup Time": 0.050,"Actual Total Time": 0.056,"Actual Rows": 1,"Actual Loops": 3,"Hash Buckets": 1024,"Original Hash Buckets": 1024,"Hash Batches": 1,"Original Hash Batches": 1,"Peak Memory Usage": 9,"Workers": [],"Plans": [{"Node Type": "Seq Scan","Parent Relationship": "Outer","Parallel Aware": false,"Async Capable": false,"Relation Name": "region","Alias": "region","Startup Cost": 0.00,"Total Cost": 1.06,"Plan Rows": 1,"Plan Width": 4,"Actual Startup Time": 0.038,"Actual Total Time": 0.040,"Actual Rows": 1,"Actual Loops": 3,"Filter": "(r_name = 'AMERICA'::bpchar)","Rows Removed by Filter": 4,"Workers": []}]}]}]}]},{"Node Type": "Index Scan","Parent Relationship": "Inner","Parallel Aware": false,"Async Capable": false,"Scan Direction": "Forward","Index Name": "idx_orders_custkey","Relation Name": "orders","Alias": "orders","Startup Cost": 0.43,"Total Cost": 1.55,"Plan Rows": 3,"Plan Width": 8,"Actual Startup Time": 0.017,"Actual Total Time": 0.040,"Actual Rows": 2,"Actual Loops": 29952,"Index Cond": "(o_custkey = customer.c_custkey)","Rows Removed by Index Recheck": 0,"Filter": "((o_orderdate >= '1997-01-01'::date) AND (o_orderdate < '1998-01-01 00:00:00'::timestamp without time zone))","Rows Removed by Filter": 8,"Workers": []}]},{"Node Type": "Index Scan","Parent Relationship": "Inner","Parallel Aware": false,"Async Capable": false,"Scan Direction": "Forward","Index Name": "idx_lineitem_orderkey","Relation Name": "lineitem","Alias": "lineitem","Startup Cost": 0.43,"Total Cost": 2.87,"Plan Rows": 17,"Plan Width": 20,"Actual Startup Time": 0.017,"Actual Total Time": 0.020,"Actual Rows": 4,"Actual Loops": 45676,"Index Cond": "(l_orderkey = orders.o_orderkey)","Rows Removed by Index Recheck": 0,"Workers": []}]},{"Node Type": "Hash","Parent Relationship": "Inner","Parallel Aware": false,"Async Capable": false,"Startup Cost": 322.00,"Total Cost": 322.00,"Plan Rows": 10000,"Plan Width": 8,"Actual Startup Time": 10.524,"Actual Total Time": 10.525,"Actual Rows": 10000,"Actual Loops": 3,"Hash Buckets": 16384,"Original Hash Buckets": 16384,"Hash Batches": 1,"Original Hash Batches": 1,"Peak Memory Usage": 519,"Workers": [],"Plans": [{"Node Type": "Seq Scan","Parent Relationship": "Outer","Parallel Aware": false,"Async Capable": false,"Relation Name": "supplier","Alias": "supplier","Startup Cost": 0.00,"Total Cost": 322.00,"Plan Rows": 10000,"Plan Width": 8,"Actual Startup Time": 0.042,"Actual Total Time": 8.814,"Actual Rows": 10000,"Actual Loops": 3,"Workers": []}]}]}]}]}]}]}]},"Planning Time": 10.085,"Triggers": [],"Execution Time": 859.237}]
[{"Plan": {"Node Type": "Sort","Parallel Aware": false,"Async Capable": false,"Startup Cost": 21522.30,"Total Cost": 21522.36,"Plan Rows": 25,"Plan Width": 136,"Actual Startup Time": 801.786,"Actual Total Time": 833.013,"Actual Rows": 5,"Actual Loops": 1,"Sort Key": ["(sum((lineitem.l_extendedprice * ('1'::numeric - lineitem.l_discount)))) DESC"],"Sort Method": "quicksort","Sort Space Used": 25,"Sort Space Type": "Memory","Plans": [{"Node Type": "Aggregate","Strategy": "Sorted","Partial Mode": "Finalize","Parent Relationship": "Outer","Parallel Aware": false,"Async Capable": false,"Startup Cost": 21507.43,"Total Cost": 21521.72,"Plan Rows": 25,"Plan Width": 136,"Actual Startup Time": 801.172,"Actual Total Time": 832.958,"Actual Rows": 5,"Actual Loops": 1,"Group Key": ["nation.n_name"],"Plans": [{"Node Type": "Gather Merge","Parent Relationship": "Outer","Parallel Aware": false,"Async Capable": false,"Startup Cost": 21507.43,"Total Cost": 21521.03,"Plan Rows": 50,"Plan Width": 136,"Actual Startup Time": 800.500,"Actual Total Time": 832.892,"Actual Rows": 15,"Actual Loops": 1,"Workers Planned": 2,"Workers Launched": 2,"Plans": [{"Node Type": "Aggregate","Strategy": "Sorted","Partial Mode": "Partial","Parent Relationship": "Outer","Parallel Aware": false,"Async Capable": false,"Startup Cost": 20507.41,"Total Cost": 20515.23,"Plan Rows": 25,"Plan Width": 136,"Actual Startup Time": 792.564,"Actual Total Time": 793.457,"Actual Rows": 5,"Actual Loops": 3,"Group Key": ["nation.n_name"],"Workers": [],"Plans": [{"Node Type": "Sort","Parent Relationship": "Outer","Parallel Aware": false,"Async Capable": false,"Startup Cost": 20507.41,"Total Cost": 20508.91,"Plan Rows": 601,"Plan Width": 116,"Actual Startup Time": 792.353,"Actual Total Time": 792.502,"Actual Rows": 2513,"Actual Loops": 3,"Sort Key": ["nation.n_name"],"Sort Method": "quicksort","Sort Space Used": 296,"Sort Space Type": "Memory","Workers": [{"Worker Number": 0,"Sort Method": "quicksort","Sort Space Used": 291,"Sort Space Type": "Memory"},{"Worker Number": 1,"Sort Method": "quicksort","Sort Space Used": 292,"Sort Space Type": "Memory"}],"Plans": [{"Node Type": "Hash Join","Parent Relationship": "Outer","Parallel Aware": false,"Async Capable": false,"Join Type": "Inner","Startup Cost": 475.27,"Total Cost": 20479.67,"Plan Rows": 601,"Plan Width": 116,"Actual Startup Time": 14.275,"Actual Total Time": 790.899,"Actual Rows": 2513,"Actual Loops": 3,"Inner Unique": true,"Hash Cond": "((lineitem.l_suppkey = supplier.s_suppkey) AND (customer.c_nationkey = supplier.s_nationkey))","Workers": [],"Plans": [{"Node Type": "Nested Loop","Parent Relationship": "Outer","Parallel Aware": false,"Async Capable": false,"Join Type": "Inner","Startup Cost": 3.27,"Total Cost": 19928.78,"Plan Rows": 15027,"Plan Width": 128,"Actual Startup Time": 0.573,"Actual Total Time": 745.935,"Actual Rows": 60812,"Actual Loops": 3,"Inner Unique": false,"Workers": [],"Plans": [{"Node Type": "Nested Loop","Parent Relationship": "Outer","Parallel Aware": false,"Async Capable": false,"Join Type": "Inner","Startup Cost": 2.84,"Total Cost": 8414.26,"Plan Rows": 3756,"Plan Width": 116,"Actual Startup Time": 0.447,"Actual Total Time": 445.574,"Actual Rows": 15099,"Actual Loops": 3,"Inner Unique": false,"Workers": [],"Plans": [{"Node Type": "Hash Join","Parent Relationship": "Outer","Parallel Aware": false,"Async Capable": false,"Join Type": "Inner","Startup Cost": 2.41,"Total Cost": 4471.79,"Plan Rows": 2500,"Plan Width": 116,"Actual Startup Time": 0.261,"Actual Total Time": 54.435,"Actual Rows": 9984,"Actual Loops": 3,"Inner Unique": false,"Hash Cond": "(customer.c_nationkey = nation.n_nationkey)","Workers": [],"Plans": [{"Node Type": "Seq Scan","Parent Relationship": "Outer","Parallel Aware": true,"Async Capable": false,"Relation Name": "customer","Alias": "customer","Startup Cost": 0.00,"Total Cost": 4210.00,"Plan Rows": 62500,"Plan Width": 8,"Actual Startup Time": 0.020,"Actual Total Time": 9.427,"Actual Rows": 50000,"Actual Loops": 3,"Workers": []},{"Node Type": "Hash","Parent Relationship": "Inner","Parallel Aware": false,"Async Capable": false,"Startup Cost": 2.40,"Total Cost": 2.40,"Plan Rows": 1,"Plan Width": 108,"Actual Startup Time": 0.147,"Actual Total Time": 0.168,"Actual Rows": 5,"Actual Loops": 3,"Hash Buckets": 1024,"Original Hash Buckets": 1024,"Hash Batches": 1,"Original Hash Batches": 1,"Peak Memory Usage": 9,"Workers": [],"Plans": [{"Node Type": "Hash Join","Parent Relationship": "Outer","Parallel Aware": false,"Async Capable": false,"Join Type": "Inner","Startup Cost": 1.07,"Total Cost": 2.40,"Plan Rows": 1,"Plan Width": 108,"Actual Startup Time": 0.132,"Actual Total Time": 0.158,"Actual Rows": 5,"Actual Loops": 3,"Inner Unique": true,"Hash Cond": "(nation.n_regionkey = region.r_regionkey)","Workers": [],"Plans": [{"Node Type": "Seq Scan","Parent Relationship": "Outer","Parallel Aware": false,"Async Capable": false,"Relation Name": "nation","Alias": "nation","Startup Cost": 0.00,"Total Cost": 1.25,"Plan Rows": 25,"Plan Width": 112,"Actual Startup Time": 0.053,"Actual Total Time": 0.057,"Actual Rows": 25,"Actual Loops": 3,"Workers": []},{"Node Type": "Hash","Parent Relationship": "Inner","Parallel Aware": false,"Async Capable": false,"Startup Cost": 1.06,"Total Cost": 1.06,"Plan Rows": 1,"Plan Width": 4,"Actual Startup Time": 0.054,"Actual Total Time": 0.061,"Actual Rows": 1,"Actual Loops": 3,"Hash Buckets": 1024,"Original Hash Buckets": 1024,"Hash Batches": 1,"Original Hash Batches": 1,"Peak Memory Usage": 9,"Workers": [],"Plans": [{"Node Type": "Seq Scan","Parent Relationship": "Outer","Parallel Aware": false,"Async Capable": false,"Relation Name": "region","Alias": "region","Startup Cost": 0.00,"Total Cost": 1.06,"Plan Rows": 1,"Plan Width": 4,"Actual Startup Time": 0.037,"Actual Total Time": 0.039,"Actual Rows": 1,"Actual Loops": 3,"Filter": "(r_name = 'AMERICA'::bpchar)","Rows Removed by Filter": 4,"Workers": []}]}]}]}]},{"Node Type": "Index Scan","Parent Relationship": "Inner","Parallel Aware": false,"Async Capable": false,"Scan Direction": "Forward","Index Name": "idx_orders_custkey","Relation Name": "orders","Alias": "orders","Startup Cost": 0.43,"Total Cost": 1.55,"Plan Rows": 3,"Plan Width": 8,"Actual Startup Time": 0.016,"Actual Total Time": 0.039,"Actual Rows": 2,"Actual Loops": 29952,"Index Cond": "(o_custkey = customer.c_custkey)","Rows Removed by Index Recheck": 0,"Filter": "((o_orderdate >= '1993-01-01'::date) AND (o_orderdate < '1994-01-01 00:00:00'::timestamp without time zone))","Rows Removed by Filter": 8,"Workers": []}]},{"Node Type": "Index Scan","Parent Relationship": "Inner","Parallel Aware": false,"Async Capable": false,"Scan Direction": "Forward","Index Name": "idx_lineitem_orderkey","Relation Name": "lineitem","Alias": "lineitem","Startup Cost": 0.43,"Total Cost": 2.90,"Plan Rows": 17,"Plan Width": 20,"Actual Startup Time": 0.017,"Actual Total Time": 0.019,"Actual Rows": 4,"Actual Loops": 45297,"Index Cond": "(l_orderkey = orders.o_orderkey)","Rows Removed by Index Recheck": 0,"Workers": []}]},{"Node Type": "Hash","Parent Relationship": "Inner","Parallel Aware": false,"Async Capable": false,"Startup Cost": 322.00,"Total Cost": 322.00,"Plan Rows": 10000,"Plan Width": 8,"Actual Startup Time": 12.653,"Actual Total Time": 12.656,"Actual Rows": 10000,"Actual Loops": 3,"Hash Buckets": 16384,"Original Hash Buckets": 16384,"Hash Batches": 1,"Original Hash Batches": 1,"Peak Memory Usage": 519,"Workers": [],"Plans": [{"Node Type": "Seq Scan","Parent Relationship": "Outer","Parallel Aware": false,"Async Capable": false,"Relation Name": "supplier","Alias": "supplier","Startup Cost": 0.00,"Total Cost": 322.00,"Plan Rows": 10000,"Plan Width": 8,"Actual Startup Time": 0.038,"Actual Total Time": 10.961,"Actual Rows": 10000,"Actual Loops": 3,"Workers": []}]}]}]}]}]}]}]},"Planning Time": 9.512,"Triggers": [],"Execution Time": 833.531}]
[{"Plan": {"Node Type": "Sort","Parallel Aware": false,"Async Capable": false,"Startup Cost": 21565.81,"Total Cost": 21565.87,"Plan Rows": 25,"Plan Width": 136,"Actual Startup Time": 823.071,"Actual Total Time": 855.607,"Actual Rows": 5,"Actual Loops": 1,"Sort Key": ["(sum((lineitem.l_extendedprice * ('1'::numeric - lineitem.l_discount)))) DESC"],"Sort Method": "quicksort","Sort Space Used": 25,"Sort Space Type": "Memory","Plans": [{"Node Type": "Aggregate","Strategy": "Sorted","Partial Mode": "Finalize","Parent Relationship": "Outer","Parallel Aware": false,"Async Capable": false,"Startup Cost": 21550.86,"Total Cost": 21565.23,"Plan Rows": 25,"Plan Width": 136,"Actual Startup Time": 822.468,"Actual Total Time": 855.547,"Actual Rows": 5,"Actual Loops": 1,"Group Key": ["nation.n_name"],"Plans": [{"Node Type": "Gather Merge","Parent Relationship": "Outer","Parallel Aware": false,"Async Capable": false,"Startup Cost": 21550.86,"Total Cost": 21564.54,"Plan Rows": 50,"Plan Width": 136,"Actual Startup Time": 822.203,"Actual Total Time": 855.489,"Actual Rows": 15,"Actual Loops": 1,"Workers Planned": 2,"Workers Launched": 2,"Plans": [{"Node Type": "Aggregate","Strategy": "Sorted","Partial Mode": "Partial","Parent Relationship": "Outer","Parallel Aware": false,"Async Capable": false,"Startup Cost": 20550.84,"Total Cost": 20558.75,"Plan Rows": 25,"Plan Width": 136,"Actual Startup Time": 814.240,"Actual Total Time": 814.959,"Actual Rows": 5,"Actual Loops": 3,"Group Key": ["nation.n_name"],"Workers": [],"Plans": [{"Node Type": "Sort","Parent Relationship": "Outer","Parallel Aware": false,"Async Capable": false,"Startup Cost": 20550.84,"Total Cost": 20552.36,"Plan Rows": 608,"Plan Width": 116,"Actual Startup Time": 814.029,"Actual Total Time": 814.149,"Actual Rows": 2473,"Actual Loops": 3,"Sort Key": ["nation.n_name"],"Sort Method": "quicksort","Sort Space Used": 297,"Sort Space Type": "Memory","Workers": [{"Worker Number": 0,"Sort Method": "quicksort","Sort Space Used": 287,"Sort Space Type": "Memory"},{"Worker Number": 1,"Sort Method": "quicksort","Sort Space Used": 284,"Sort Space Type": "Memory"}],"Plans": [{"Node Type": "Hash Join","Parent Relationship": "Outer","Parallel Aware": false,"Async Capable": false,"Join Type": "Inner","Startup Cost": 475.27,"Total Cost": 20522.72,"Plan Rows": 608,"Plan Width": 116,"Actual Startup Time": 11.318,"Actual Total Time": 812.483,"Actual Rows": 2473,"Actual Loops": 3,"Inner Unique": true,"Hash Cond": "((lineitem.l_suppkey = supplier.s_suppkey) AND (customer.c_nationkey = supplier.s_nationkey))","Workers": [],"Plans": [{"Node Type": "Nested Loop","Parent Relationship": "Outer","Parallel Aware": false,"Async Capable": false,"Join Type": "Inner","Startup Cost": 3.27,"Total Cost": 19970.84,"Plan Rows": 15215,"Plan Width": 128,"Actual Startup Time": 0.595,"Actual Total Time": 768.935,"Actual Rows": 60276,"Actual Loops": 3,"Inner Unique": false,"Workers": [],"Plans": [{"Node Type": "Nested Loop","Parent Relationship": "Outer","Parallel Aware": false,"Async Capable": false,"Join Type": "Inner","Startup Cost": 2.84,"Total Cost": 8414.26,"Plan Rows": 3803,"Plan Width": 116,"Actual Startup Time": 0.466,"Actual Total Time": 464.532,"Actual Rows": 15032,"Actual Loops": 3,"Inner Unique": false,"Workers": [],"Plans": [{"Node Type": "Hash Join","Parent Relationship": "Outer","Parallel Aware": false,"Async Capable": false,"Join Type": "Inner","Startup Cost": 2.41,"Total Cost": 4471.79,"Plan Rows": 2500,"Plan Width": 116,"Actual Startup Time": 0.243,"Actual Total Time": 60.744,"Actual Rows": 9968,"Actual Loops": 3,"Inner Unique": false,"Hash Cond": "(customer.c_nationkey = nation.n_nationkey)","Workers": [],"Plans": [{"Node Type": "Seq Scan","Parent Relationship": "Outer","Parallel Aware": true,"Async Capable": false,"Relation Name": "customer","Alias": "customer","Startup Cost": 0.00,"Total Cost": 4210.00,"Plan Rows": 62500,"Plan Width": 8,"Actual Startup Time": 0.012,"Actual Total Time": 10.205,"Actual Rows": 50000,"Actual Loops": 3,"Workers": []},{"Node Type": "Hash","Parent Relationship": "Inner","Parallel Aware": false,"Async Capable": false,"Startup Cost": 2.40,"Total Cost": 2.40,"Plan Rows": 1,"Plan Width": 108,"Actual Startup Time": 0.142,"Actual Total Time": 0.157,"Actual Rows": 5,"Actual Loops": 3,"Hash Buckets": 1024,"Original Hash Buckets": 1024,"Hash Batches": 1,"Original Hash Batches": 1,"Peak Memory Usage": 9,"Workers": [],"Plans": [{"Node Type": "Hash Join","Parent Relationship": "Outer","Parallel Aware": false,"Async Capable": false,"Join Type": "Inner","Startup Cost": 1.07,"Total Cost": 2.40,"Plan Rows": 1,"Plan Width": 108,"Actual Startup Time": 0.130,"Actual Total Time": 0.149,"Actual Rows": 5,"Actual Loops": 3,"Inner Unique": true,"Hash Cond": "(nation.n_regionkey = region.r_regionkey)","Workers": [],"Plans": [{"Node Type": "Seq Scan","Parent Relationship": "Outer","Parallel Aware": false,"Async Capable": false,"Relation Name": "nation","Alias": "nation","Startup Cost": 0.00,"Total Cost": 1.25,"Plan Rows": 25,"Plan Width": 112,"Actual Startup Time": 0.040,"Actual Total Time": 0.044,"Actual Rows": 25,"Actual Loops": 3,"Workers": []},{"Node Type": "Hash","Parent Relationship": "Inner","Parallel Aware": false,"Async Capable": false,"Startup Cost": 1.06,"Total Cost": 1.06,"Plan Rows": 1,"Plan Width": 4,"Actual Startup Time": 0.063,"Actual Total Time": 0.068,"Actual Rows": 1,"Actual Loops": 3,"Hash Buckets": 1024,"Original Hash Buckets": 1024,"Hash Batches": 1,"Original Hash Batches": 1,"Peak Memory Usage": 9,"Workers": [],"Plans": [{"Node Type": "Seq Scan","Parent Relationship": "Outer","Parallel Aware": false,"Async Capable": false,"Relation Name": "region","Alias": "region","Startup Cost": 0.00,"Total Cost": 1.06,"Plan Rows": 1,"Plan Width": 4,"Actual Startup Time": 0.045,"Actual Total Time": 0.047,"Actual Rows": 1,"Actual Loops": 3,"Filter": "(r_name = 'MIDDLE EAST'::bpchar)","Rows Removed by Filter": 4,"Workers": []}]}]}]}]},{"Node Type": "Index Scan","Parent Relationship": "Inner","Parallel Aware": false,"Async Capable": false,"Scan Direction": "Forward","Index Name": "idx_orders_custkey","Relation Name": "orders","Alias": "orders","Startup Cost": 0.43,"Total Cost": 1.55,"Plan Rows": 3,"Plan Width": 8,"Actual Startup Time": 0.017,"Actual Total Time": 0.040,"Actual Rows": 2,"Actual Loops": 29904,"Index Cond": "(o_custkey = customer.c_custkey)","Rows Removed by Index Recheck": 0,"Filter": "((o_orderdate >= '1997-01-01'::date) AND (o_orderdate < '1998-01-01 00:00:00'::timestamp without time zone))","Rows Removed by Filter": 8,"Workers": []}]},{"Node Type": "Index Scan","Parent Relationship": "Inner","Parallel Aware": false,"Async Capable": false,"Scan Direction": "Forward","Index Name": "idx_lineitem_orderkey","Relation Name": "lineitem","Alias": "lineitem","Startup Cost": 0.43,"Total Cost": 2.87,"Plan Rows": 17,"Plan Width": 20,"Actual Startup Time": 0.017,"Actual Total Time": 0.019,"Actual Rows": 4,"Actual Loops": 45096,"Index Cond": "(l_orderkey = orders.o_orderkey)","Rows Removed by Index Recheck": 0,"Workers": []}]},{"Node Type": "Hash","Parent Relationship": "Inner","Parallel Aware": false,"Async Capable": false,"Startup Cost": 322.00,"Total Cost": 322.00,"Plan Rows": 10000,"Plan Width": 8,"Actual Startup Time": 9.890,"Actual Total Time": 9.894,"Actual Rows": 10000,"Actual Loops": 3,"Hash Buckets": 16384,"Original Hash Buckets": 16384,"Hash Batches": 1,"Original Hash Batches": 1,"Peak Memory Usage": 519,"Workers": [],"Plans": [{"Node Type": "Seq Scan","Parent Relationship": "Outer","Parallel Aware": false,"Async Capable": false,"Relation Name": "supplier","Alias": "supplier","Startup Cost": 0.00,"Total Cost": 322.00,"Plan Rows": 10000,"Plan Width": 8,"Actual Startup Time": 0.039,"Actual Total Time": 7.896,"Actual Rows": 10000,"Actual Loops": 3,"Workers": []}]}]}]}]}]}]}]},"Planning Time": 11.619,"Triggers": [],"Execution Time": 856.108}]
[{"Plan": {"Node Type": "Sort","Parallel Aware": false,"Async Capable": false,"Startup Cost": 21565.24,"Total Cost": 21565.30,"Plan Rows": 25,"Plan Width": 136,"Actual Startup Time": 812.920,"Actual Total Time": 845.337,"Actual Rows": 5,"Actual Loops": 1,"Sort Key": ["(sum((lineitem.l_extendedprice * ('1'::numeric - lineitem.l_discount)))) DESC"],"Sort Method": "quicksort","Sort Space Used": 25,"Sort Space Type": "Memory","Plans": [{"Node Type": "Aggregate","Strategy": "Sorted","Partial Mode": "Finalize","Parent Relationship": "Outer","Parallel Aware": false,"Async Capable": false,"Startup Cost": 21550.29,"Total Cost": 21564.66,"Plan Rows": 25,"Plan Width": 136,"Actual Startup Time": 812.284,"Actual Total Time": 845.271,"Actual Rows": 5,"Actual Loops": 1,"Group Key": ["nation.n_name"],"Plans": [{"Node Type": "Gather Merge","Parent Relationship": "Outer","Parallel Aware": false,"Async Capable": false,"Startup Cost": 21550.29,"Total Cost": 21563.97,"Plan Rows": 50,"Plan Width": 136,"Actual Startup Time": 812.043,"Actual Total Time": 845.216,"Actual Rows": 15,"Actual Loops": 1,"Workers Planned": 2,"Workers Launched": 2,"Plans": [{"Node Type": "Aggregate","Strategy": "Sorted","Partial Mode": "Partial","Parent Relationship": "Outer","Parallel Aware": false,"Async Capable": false,"Startup Cost": 20550.26,"Total Cost": 20558.18,"Plan Rows": 25,"Plan Width": 136,"Actual Startup Time": 804.529,"Actual Total Time": 805.274,"Actual Rows": 5,"Actual Loops": 3,"Group Key": ["nation.n_name"],"Workers": [],"Plans": [{"Node Type": "Sort","Parent Relationship": "Outer","Parallel Aware": false,"Async Capable": false,"Startup Cost": 20550.26,"Total Cost": 20551.78,"Plan Rows": 608,"Plan Width": 116,"Actual Startup Time": 804.312,"Actual Total Time": 804.451,"Actual Rows": 2459,"Actual Loops": 3,"Sort Key": ["nation.n_name"],"Sort Method": "quicksort","Sort Space Used": 291,"Sort Space Type": "Memory","Workers": [{"Worker Number": 0,"Sort Method": "quicksort","Sort Space Used": 281,"Sort Space Type": "Memory"},{"Worker Number": 1,"Sort Method": "quicksort","Sort Space Used": 294,"Sort Space Type": "Memory"}],"Plans": [{"Node Type": "Hash Join","Parent Relationship": "Outer","Parallel Aware": false,"Async Capable": false,"Join Type": "Inner","Startup Cost": 475.27,"Total Cost": 20522.15,"Plan Rows": 608,"Plan Width": 116,"Actual Startup Time": 9.963,"Actual Total Time": 802.770,"Actual Rows": 2459,"Actual Loops": 3,"Inner Unique": true,"Hash Cond": "((lineitem.l_suppkey = supplier.s_suppkey) AND (customer.c_nationkey = supplier.s_nationkey))","Workers": [],"Plans": [{"Node Type": "Nested Loop","Parent Relationship": "Outer","Parallel Aware": false,"Async Capable": false,"Join Type": "Inner","Startup Cost": 3.27,"Total Cost": 19970.29,"Plan Rows": 15211,"Plan Width": 128,"Actual Startup Time": 0.726,"Actual Total Time": 761.226,"Actual Rows": 61195,"Actual Loops": 3,"Inner Unique": false,"Workers": [],"Plans": [{"Node Type": "Nested Loop","Parent Relationship": "Outer","Parallel Aware": false,"Async Capable": false,"Join Type": "Inner","Startup Cost": 2.84,"Total Cost": 8414.26,"Plan Rows": 3802,"Plan Width": 116,"Actual Startup Time": 0.590,"Actual Total Time": 455.580,"Actual Rows": 15244,"Actual Loops": 3,"Inner Unique": false,"Workers": [],"Plans": [{"Node Type": "Hash Join","Parent Relationship": "Outer","Parallel Aware": false,"Async Capable": false,"Join Type": "Inner","Startup Cost": 2.41,"Total Cost": 4471.79,"Plan Rows": 2500,"Plan Width": 116,"Actual Startup Time": 0.294,"Actual Total Time": 55.676,"Actual Rows": 10061,"Actual Loops": 3,"Inner Unique": false,"Hash Cond": "(customer.c_nationkey = nation.n_nationkey)","Workers": [],"Plans": [{"Node Type": "Seq Scan","Parent Relationship": "Outer","Parallel Aware": true,"Async Capable": false,"Relation Name": "customer","Alias": "customer","Startup Cost": 0.00,"Total Cost": 4210.00,"Plan Rows": 62500,"Plan Width": 8,"Actual Startup Time": 0.018,"Actual Total Time": 9.635,"Actual Rows": 50000,"Actual Loops": 3,"Workers": []},{"Node Type": "Hash","Parent Relationship": "Inner","Parallel Aware": false,"Async Capable": false,"Startup Cost": 2.40,"Total Cost": 2.40,"Plan Rows": 1,"Plan Width": 108,"Actual Startup Time": 0.169,"Actual Total Time": 0.188,"Actual Rows": 5,"Actual Loops": 3,"Hash Buckets": 1024,"Original Hash Buckets": 1024,"Hash Batches": 1,"Original Hash Batches": 1,"Peak Memory Usage": 9,"Workers": [],"Plans": [{"Node Type": "Hash Join","Parent Relationship": "Outer","Parallel Aware": false,"Async Capable": false,"Join Type": "Inner","Startup Cost": 1.07,"Total Cost": 2.40,"Plan Rows": 1,"Plan Width": 108,"Actual Startup Time": 0.153,"Actual Total Time": 0.175,"Actual Rows": 5,"Actual Loops": 3,"Inner Unique": true,"Hash Cond": "(nation.n_regionkey = region.r_regionkey)","Workers": [],"Plans": [{"Node Type": "Seq Scan","Parent Relationship": "Outer","Parallel Aware": false,"Async Capable": false,"Relation Name": "nation","Alias": "nation","Startup Cost": 0.00,"Total Cost": 1.25,"Plan Rows": 25,"Plan Width": 112,"Actual Startup Time": 0.049,"Actual Total Time": 0.052,"Actual Rows": 25,"Actual Loops": 3,"Workers": []},{"Node Type": "Hash","Parent Relationship": "Inner","Parallel Aware": false,"Async Capable": false,"Startup Cost": 1.06,"Total Cost": 1.06,"Plan Rows": 1,"Plan Width": 4,"Actual Startup Time": 0.069,"Actual Total Time": 0.076,"Actual Rows": 1,"Actual Loops": 3,"Hash Buckets": 1024,"Original Hash Buckets": 1024,"Hash Batches": 1,"Original Hash Batches": 1,"Peak Memory Usage": 9,"Workers": [],"Plans": [{"Node Type": "Seq Scan","Parent Relationship": "Outer","Parallel Aware": false,"Async Capable": false,"Relation Name": "region","Alias": "region","Startup Cost": 0.00,"Total Cost": 1.06,"Plan Rows": 1,"Plan Width": 4,"Actual Startup Time": 0.054,"Actual Total Time": 0.057,"Actual Rows": 1,"Actual Loops": 3,"Filter": "(r_name = 'ASIA'::bpchar)","Rows Removed by Filter": 4,"Workers": []}]}]}]}]},{"Node Type": "Index Scan","Parent Relationship": "Inner","Parallel Aware": false,"Async Capable": false,"Scan Direction": "Forward","Index Name": "idx_orders_custkey","Relation Name": "orders","Alias": "orders","Startup Cost": 0.43,"Total Cost": 1.55,"Plan Rows": 3,"Plan Width": 8,"Actual Startup Time": 0.017,"Actual Total Time": 0.039,"Actual Rows": 2,"Actual Loops": 30183,"Index Cond": "(o_custkey = customer.c_custkey)","Rows Removed by Index Recheck": 0,"Filter": "((o_orderdate >= '1995-01-01'::date) AND (o_orderdate < '1996-01-01 00:00:00'::timestamp without time zone))","Rows Removed by Filter": 8,"Workers": []}]},{"Node Type": "Index Scan","Parent Relationship": "Inner","Parallel Aware": false,"Async Capable": false,"Scan Direction": "Forward","Index Name": "idx_lineitem_orderkey","Relation Name": "lineitem","Alias": "lineitem","Startup Cost": 0.43,"Total Cost": 2.87,"Plan Rows": 17,"Plan Width": 20,"Actual Startup Time": 0.017,"Actual Total Time": 0.019,"Actual Rows": 4,"Actual Loops": 45731,"Index Cond": "(l_orderkey = orders.o_orderkey)","Rows Removed by Index Recheck": 0,"Workers": []}]},{"Node Type": "Hash","Parent Relationship": "Inner","Parallel Aware": false,"Async Capable": false,"Startup Cost": 322.00,"Total Cost": 322.00,"Plan Rows": 10000,"Plan Width": 8,"Actual Startup Time": 8.662,"Actual Total Time": 8.670,"Actual Rows": 10000,"Actual Loops": 3,"Hash Buckets": 16384,"Original Hash Buckets": 16384,"Hash Batches": 1,"Original Hash Batches": 1,"Peak Memory Usage": 519,"Workers": [],"Plans": [{"Node Type": "Seq Scan","Parent Relationship": "Outer","Parallel Aware": false,"Async Capable": false,"Relation Name": "supplier","Alias": "supplier","Startup Cost": 0.00,"Total Cost": 322.00,"Plan Rows": 10000,"Plan Width": 8,"Actual Startup Time": 0.038,"Actual Total Time": 6.811,"Actual Rows": 10000,"Actual Loops": 3,"Workers": []}]}]}]}]}]}]}]},"Planning Time": 10.579,"Triggers": [],"Execution Time": 845.911}]
[{"Plan": {"Node Type": "Sort","Parallel Aware": false,"Async Capable": false,"Startup Cost": 21565.81,"Total Cost": 21565.87,"Plan Rows": 25,"Plan Width": 136,"Actual Startup Time": 831.835,"Actual Total Time": 873.525,"Actual Rows": 5,"Actual Loops": 1,"Sort Key": ["(sum((lineitem.l_extendedprice * ('1'::numeric - lineitem.l_discount)))) DESC"],"Sort Method": "quicksort","Sort Space Used": 25,"Sort Space Type": "Memory","Plans": [{"Node Type": "Aggregate","Strategy": "Sorted","Partial Mode": "Finalize","Parent Relationship": "Outer","Parallel Aware": false,"Async Capable": false,"Startup Cost": 21550.86,"Total Cost": 21565.23,"Plan Rows": 25,"Plan Width": 136,"Actual Startup Time": 831.274,"Actual Total Time": 873.480,"Actual Rows": 5,"Actual Loops": 1,"Group Key": ["nation.n_name"],"Plans": [{"Node Type": "Gather Merge","Parent Relationship": "Outer","Parallel Aware": false,"Async Capable": false,"Startup Cost": 21550.86,"Total Cost": 21564.54,"Plan Rows": 50,"Plan Width": 136,"Actual Startup Time": 830.694,"Actual Total Time": 873.427,"Actual Rows": 15,"Actual Loops": 1,"Workers Planned": 2,"Workers Launched": 2,"Plans": [{"Node Type": "Aggregate","Strategy": "Sorted","Partial Mode": "Partial","Parent Relationship": "Outer","Parallel Aware": false,"Async Capable": false,"Startup Cost": 20550.84,"Total Cost": 20558.75,"Plan Rows": 25,"Plan Width": 136,"Actual Startup Time": 822.251,"Actual Total Time": 823.046,"Actual Rows": 5,"Actual Loops": 3,"Group Key": ["nation.n_name"],"Workers": [],"Plans": [{"Node Type": "Sort","Parent Relationship": "Outer","Parallel Aware": false,"Async Capable": false,"Startup Cost": 20550.84,"Total Cost": 20552.36,"Plan Rows": 608,"Plan Width": 116,"Actual Startup Time": 822.034,"Actual Total Time": 822.187,"Actual Rows": 2330,"Actual Loops": 3,"Sort Key": ["nation.n_name"],"Sort Method": "quicksort","Sort Space Used": 287,"Sort Space Type": "Memory","Workers": [{"Worker Number": 0,"Sort Method": "quicksort","Sort Space Used": 271,"Sort Space Type": "Memory"},{"Worker Number": 1,"Sort Method": "quicksort","Sort Space Used": 278,"Sort Space Type": "Memory"}],"Plans": [{"Node Type": "Hash Join","Parent Relationship": "Outer","Parallel Aware": false,"Async Capable": false,"Join Type": "Inner","Startup Cost": 475.27,"Total Cost": 20522.72,"Plan Rows": 608,"Plan Width": 116,"Actual Startup Time": 11.715,"Actual Total Time": 820.536,"Actual Rows": 2330,"Actual Loops": 3,"Inner Unique": true,"Hash Cond": "((lineitem.l_suppkey = supplier.s_suppkey) AND (customer.c_nationkey = supplier.s_nationkey))","Workers": [],"Plans": [{"Node Type": "Nested Loop","Parent Relationship": "Outer","Parallel Aware": false,"Async Capable": false,"Join Type": "Inner","Startup Cost": 3.27,"Total Cost": 19970.84,"Plan Rows": 15215,"Plan Width": 128,"Actual Startup Time": 0.848,"Actual Total Time": 777.711,"Actual Rows": 60416,"Actual Loops": 3,"Inner Unique": false,"Workers": [],"Plans": [{"Node Type": "Nested Loop","Parent Relationship": "Outer","Parallel Aware": false,"Async Capable": false,"Join Type": "Inner","Startup Cost": 2.84,"Total Cost": 8414.26,"Plan Rows": 3803,"Plan Width": 116,"Actual Startup Time": 0.710,"Actual Total Time": 470.008,"Actual Rows": 15150,"Actual Loops": 3,"Inner Unique": false,"Workers": [],"Plans": [{"Node Type": "Hash Join","Parent Relationship": "Outer","Parallel Aware": false,"Async Capable": false,"Join Type": "Inner","Startup Cost": 2.41,"Total Cost": 4471.79,"Plan Rows": 2500,"Plan Width": 116,"Actual Startup Time": 0.302,"Actual Total Time": 60.810,"Actual Rows": 9921,"Actual Loops": 3,"Inner Unique": false,"Hash Cond": "(customer.c_nationkey = nation.n_nationkey)","Workers": [],"Plans": [{"Node Type": "Seq Scan","Parent Relationship": "Outer","Parallel Aware": true,"Async Capable": false,"Relation Name": "customer","Alias": "customer","Startup Cost": 0.00,"Total Cost": 4210.00,"Plan Rows": 62500,"Plan Width": 8,"Actual Startup Time": 0.020,"Actual Total Time": 10.219,"Actual Rows": 50000,"Actual Loops": 3,"Workers": []},{"Node Type": "Hash","Parent Relationship": "Inner","Parallel Aware": false,"Async Capable": false,"Startup Cost": 2.40,"Total Cost": 2.40,"Plan Rows": 1,"Plan Width": 108,"Actual Startup Time": 0.183,"Actual Total Time": 0.205,"Actual Rows": 5,"Actual Loops": 3,"Hash Buckets": 1024,"Original Hash Buckets": 1024,"Hash Batches": 1,"Original Hash Batches": 1,"Peak Memory Usage": 9,"Workers": [],"Plans": [{"Node Type": "Hash Join","Parent Relationship": "Outer","Parallel Aware": false,"Async Capable": false,"Join Type": "Inner","Startup Cost": 1.07,"Total Cost": 2.40,"Plan Rows": 1,"Plan Width": 108,"Actual Startup Time": 0.167,"Actual Total Time": 0.195,"Actual Rows": 5,"Actual Loops": 3,"Inner Unique": true,"Hash Cond": "(nation.n_regionkey = region.r_regionkey)","Workers": [],"Plans": [{"Node Type": "Seq Scan","Parent Relationship": "Outer","Parallel Aware": false,"Async Capable": false,"Relation Name": "nation","Alias": "nation","Startup Cost": 0.00,"Total Cost": 1.25,"Plan Rows": 25,"Plan Width": 112,"Actual Startup Time": 0.065,"Actual Total Time": 0.070,"Actual Rows": 25,"Actual Loops": 3,"Workers": []},{"Node Type": "Hash","Parent Relationship": "Inner","Parallel Aware": false,"Async Capable": false,"Startup Cost": 1.06,"Total Cost": 1.06,"Plan Rows": 1,"Plan Width": 4,"Actual Startup Time": 0.074,"Actual Total Time": 0.079,"Actual Rows": 1,"Actual Loops": 3,"Hash Buckets": 1024,"Original Hash Buckets": 1024,"Hash Batches": 1,"Original Hash Batches": 1,"Peak Memory Usage": 9,"Workers": [],"Plans": [{"Node Type": "Seq Scan","Parent Relationship": "Outer","Parallel Aware": false,"Async Capable": false,"Relation Name": "region","Alias": "region","Startup Cost": 0.00,"Total Cost": 1.06,"Plan Rows": 1,"Plan Width": 4,"Actual Startup Time": 0.049,"Actual Total Time": 0.053,"Actual Rows": 1,"Actual Loops": 3,"Filter": "(r_name = 'AFRICA'::bpchar)","Rows Removed by Filter": 4,"Workers": []}]}]}]}]},{"Node Type": "Index Scan","Parent Relationship": "Inner","Parallel Aware": false,"Async Capable": false,"Scan Direction": "Forward","Index Name": "idx_orders_custkey","Relation Name": "orders","Alias": "orders","Startup Cost": 0.43,"Total Cost": 1.55,"Plan Rows": 3,"Plan Width": 8,"Actual Startup Time": 0.018,"Actual Total Time": 0.041,"Actual Rows": 2,"Actual Loops": 29764,"Index Cond": "(o_custkey = customer.c_custkey)","Rows Removed by Index Recheck": 0,"Filter": "((o_orderdate >= '1997-01-01'::date) AND (o_orderdate < '1998-01-01 00:00:00'::timestamp without time zone))","Rows Removed by Filter": 9,"Workers": []}]},{"Node Type": "Index Scan","Parent Relationship": "Inner","Parallel Aware": false,"Async Capable": false,"Scan Direction": "Forward","Index Name": "idx_lineitem_orderkey","Relation Name": "lineitem","Alias": "lineitem","Startup Cost": 0.43,"Total Cost": 2.87,"Plan Rows": 17,"Plan Width": 20,"Actual Startup Time": 0.017,"Actual Total Time": 0.020,"Actual Rows": 4,"Actual Loops": 45450,"Index Cond": "(l_orderkey = orders.o_orderkey)","Rows Removed by Index Recheck": 0,"Workers": []}]},{"Node Type": "Hash","Parent Relationship": "Inner","Parallel Aware": false,"Async Capable": false,"Startup Cost": 322.00,"Total Cost": 322.00,"Plan Rows": 10000,"Plan Width": 8,"Actual Startup Time": 8.425,"Actual Total Time": 8.430,"Actual Rows": 10000,"Actual Loops": 3,"Hash Buckets": 16384,"Original Hash Buckets": 16384,"Hash Batches": 1,"Original Hash Batches": 1,"Peak Memory Usage": 519,"Workers": [],"Plans": [{"Node Type": "Seq Scan","Parent Relationship": "Outer","Parallel Aware": false,"Async Capable": false,"Relation Name": "supplier","Alias": "supplier","Startup Cost": 0.00,"Total Cost": 322.00,"Plan Rows": 10000,"Plan Width": 8,"Actual Startup Time": 0.044,"Actual Total Time": 6.920,"Actual Rows": 10000,"Actual Loops": 3,"Workers": []}]}]}]}]}]}]}]},"Planning Time": 9.220,"Triggers": [],"Execution Time": 874.104}]
[{"Plan": {"Node Type": "Sort","Parallel Aware": false,"Async Capable": false,"Startup Cost": 21565.24,"Total Cost": 21565.30,"Plan Rows": 25,"Plan Width": 136,"Actual Startup Time": 829.883,"Actual Total Time": 862.581,"Actual Rows": 5,"Actual Loops": 1,"Sort Key": ["(sum((lineitem.l_extendedprice * ('1'::numeric - lineitem.l_discount)))) DESC"],"Sort Method": "quicksort","Sort Space Used": 25,"Sort Space Type": "Memory","Plans": [{"Node Type": "Aggregate","Strategy": "Sorted","Partial Mode": "Finalize","Parent Relationship": "Outer","Parallel Aware": false,"Async Capable": false,"Startup Cost": 21550.29,"Total Cost": 21564.66,"Plan Rows": 25,"Plan Width": 136,"Actual Startup Time": 829.271,"Actual Total Time": 862.532,"Actual Rows": 5,"Actual Loops": 1,"Group Key": ["nation.n_name"],"Plans": [{"Node Type": "Gather Merge","Parent Relationship": "Outer","Parallel Aware": false,"Async Capable": false,"Startup Cost": 21550.29,"Total Cost": 21563.97,"Plan Rows": 50,"Plan Width": 136,"Actual Startup Time": 829.074,"Actual Total Time": 862.478,"Actual Rows": 15,"Actual Loops": 1,"Workers Planned": 2,"Workers Launched": 2,"Plans": [{"Node Type": "Aggregate","Strategy": "Sorted","Partial Mode": "Partial","Parent Relationship": "Outer","Parallel Aware": false,"Async Capable": false,"Startup Cost": 20550.26,"Total Cost": 20558.18,"Plan Rows": 25,"Plan Width": 136,"Actual Startup Time": 821.816,"Actual Total Time": 822.538,"Actual Rows": 5,"Actual Loops": 3,"Group Key": ["nation.n_name"],"Workers": [],"Plans": [{"Node Type": "Sort","Parent Relationship": "Outer","Parallel Aware": false,"Async Capable": false,"Startup Cost": 20550.26,"Total Cost": 20551.78,"Plan Rows": 608,"Plan Width": 116,"Actual Startup Time": 821.604,"Actual Total Time": 821.730,"Actual Rows": 2468,"Actual Loops": 3,"Sort Key": ["nation.n_name"],"Sort Method": "quicksort","Sort Space Used": 285,"Sort Space Type": "Memory","Workers": [{"Worker Number": 0,"Sort Method": "quicksort","Sort Space Used": 293,"Sort Space Type": "Memory"},{"Worker Number": 1,"Sort Method": "quicksort","Sort Space Used": 290,"Sort Space Type": "Memory"}],"Plans": [{"Node Type": "Hash Join","Parent Relationship": "Outer","Parallel Aware": false,"Async Capable": false,"Join Type": "Inner","Startup Cost": 475.27,"Total Cost": 20522.15,"Plan Rows": 608,"Plan Width": 116,"Actual Startup Time": 10.349,"Actual Total Time": 819.988,"Actual Rows": 2468,"Actual Loops": 3,"Inner Unique": true,"Hash Cond": "((lineitem.l_suppkey = supplier.s_suppkey) AND (customer.c_nationkey = supplier.s_nationkey))","Workers": [],"Plans": [{"Node Type": "Nested Loop","Parent Relationship": "Outer","Parallel Aware": false,"Async Capable": false,"Join Type": "Inner","Startup Cost": 3.27,"Total Cost": 19970.29,"Plan Rows": 15211,"Plan Width": 128,"Actual Startup Time": 0.787,"Actual Total Time": 773.951,"Actual Rows": 61461,"Actual Loops": 3,"Inner Unique": false,"Workers": [],"Plans": [{"Node Type": "Nested Loop","Parent Relationship": "Outer","Parallel Aware": false,"Async Capable": false,"Join Type": "Inner","Startup Cost": 2.84,"Total Cost": 8414.26,"Plan Rows": 3802,"Plan Width": 116,"Actual Startup Time": 0.651,"Actual Total Time": 459.932,"Actual Rows": 15399,"Actual Loops": 3,"Inner Unique": false,"Workers": [],"Plans": [{"Node Type": "Hash Join","Parent Relationship": "Outer","Parallel Aware": false,"Async Capable": false,"Join Type": "Inner","Startup Cost": 2.41,"Total Cost": 4471.79,"Plan Rows": 2500,"Plan Width": 116,"Actual Startup Time": 0.245,"Actual Total Time": 55.063,"Actual Rows": 10066,"Actual Loops": 3,"Inner Unique": false,"Hash Cond": "(customer.c_nationkey = nation.n_nationkey)","Workers": [],"Plans": [{"Node Type": "Seq Scan","Parent Relationship": "Outer","Parallel Aware": true,"Async Capable": false,"Relation Name": "customer","Alias": "customer","Startup Cost": 0.00,"Total Cost": 4210.00,"Plan Rows": 62500,"Plan Width": 8,"Actual Startup Time": 0.014,"Actual Total Time": 9.571,"Actual Rows": 50000,"Actual Loops": 3,"Workers": []},{"Node Type": "Hash","Parent Relationship": "Inner","Parallel Aware": false,"Async Capable": false,"Startup Cost": 2.40,"Total Cost": 2.40,"Plan Rows": 1,"Plan Width": 108,"Actual Startup Time": 0.139,"Actual Total Time": 0.155,"Actual Rows": 5,"Actual Loops": 3,"Hash Buckets": 1024,"Original Hash Buckets": 1024,"Hash Batches": 1,"Original Hash Batches": 1,"Peak Memory Usage": 9,"Workers": [],"Plans": [{"Node Type": "Hash Join","Parent Relationship": "Outer","Parallel Aware": false,"Async Capable": false,"Join Type": "Inner","Startup Cost": 1.07,"Total Cost": 2.40,"Plan Rows": 1,"Plan Width": 108,"Actual Startup Time": 0.126,"Actual Total Time": 0.145,"Actual Rows": 5,"Actual Loops": 3,"Inner Unique": true,"Hash Cond": "(nation.n_regionkey = region.r_regionkey)","Workers": [],"Plans": [{"Node Type": "Seq Scan","Parent Relationship": "Outer","Parallel Aware": false,"Async Capable": false,"Relation Name": "nation","Alias": "nation","Startup Cost": 0.00,"Total Cost": 1.25,"Plan Rows": 25,"Plan Width": 112,"Actual Startup Time": 0.043,"Actual Total Time": 0.047,"Actual Rows": 25,"Actual Loops": 3,"Workers": []},{"Node Type": "Hash","Parent Relationship": "Inner","Parallel Aware": false,"Async Capable": false,"Startup Cost": 1.06,"Total Cost": 1.06,"Plan Rows": 1,"Plan Width": 4,"Actual Startup Time": 0.051,"Actual Total Time": 0.056,"Actual Rows": 1,"Actual Loops": 3,"Hash Buckets": 1024,"Original Hash Buckets": 1024,"Hash Batches": 1,"Original Hash Batches": 1,"Peak Memory Usage": 9,"Workers": [],"Plans": [{"Node Type": "Seq Scan","Parent Relationship": "Outer","Parallel Aware": false,"Async Capable": false,"Relation Name": "region","Alias": "region","Startup Cost": 0.00,"Total Cost": 1.06,"Plan Rows": 1,"Plan Width": 4,"Actual Startup Time": 0.037,"Actual Total Time": 0.039,"Actual Rows": 1,"Actual Loops": 3,"Filter": "(r_name = 'EUROPE'::bpchar)","Rows Removed by Filter": 4,"Workers": []}]}]}]}]},{"Node Type": "Index Scan","Parent Relationship": "Inner","Parallel Aware": false,"Async Capable": false,"Scan Direction": "Forward","Index Name": "idx_orders_custkey","Relation Name": "orders","Alias": "orders","Startup Cost": 0.43,"Total Cost": 1.55,"Plan Rows": 3,"Plan Width": 8,"Actual Startup Time": 0.017,"Actual Total Time": 0.040,"Actual Rows": 2,"Actual Loops": 30197,"Index Cond": "(o_custkey = customer.c_custkey)","Rows Removed by Index Recheck": 0,"Filter": "((o_orderdate >= '1995-01-01'::date) AND (o_orderdate < '1996-01-01 00:00:00'::timestamp without time zone))","Rows Removed by Filter": 9,"Workers": []}]},{"Node Type": "Index Scan","Parent Relationship": "Inner","Parallel Aware": false,"Async Capable": false,"Scan Direction": "Forward","Index Name": "idx_lineitem_orderkey","Relation Name": "lineitem","Alias": "lineitem","Startup Cost": 0.43,"Total Cost": 2.87,"Plan Rows": 17,"Plan Width": 20,"Actual Startup Time": 0.017,"Actual Total Time": 0.020,"Actual Rows": 4,"Actual Loops": 46197,"Index Cond": "(l_orderkey = orders.o_orderkey)","Rows Removed by Index Recheck": 0,"Workers": []}]},{"Node Type": "Hash","Parent Relationship": "Inner","Parallel Aware": false,"Async Capable": false,"Startup Cost": 322.00,"Total Cost": 322.00,"Plan Rows": 10000,"Plan Width": 8,"Actual Startup Time": 8.644,"Actual Total Time": 8.648,"Actual Rows": 10000,"Actual Loops": 3,"Hash Buckets": 16384,"Original Hash Buckets": 16384,"Hash Batches": 1,"Original Hash Batches": 1,"Peak Memory Usage": 519,"Workers": [],"Plans": [{"Node Type": "Seq Scan","Parent Relationship": "Outer","Parallel Aware": false,"Async Capable": false,"Relation Name": "supplier","Alias": "supplier","Startup Cost": 0.00,"Total Cost": 322.00,"Plan Rows": 10000,"Plan Width": 8,"Actual Startup Time": 0.045,"Actual Total Time": 6.681,"Actual Rows": 10000,"Actual Loops": 3,"Workers": []}]}]}]}]}]}]}]},"Planning Time": 10.340,"Triggers": [],"Execution Time": 863.182}]
[{"Plan": {"Node Type": "Sort","Parallel Aware": false,"Async Capable": false,"Startup Cost": 21612.43,"Total Cost": 21612.50,"Plan Rows": 25,"Plan Width": 136,"Actual Startup Time": 835.932,"Actual Total Time": 867.365,"Actual Rows": 5,"Actual Loops": 1,"Sort Key": ["(sum((lineitem.l_extendedprice * ('1'::numeric - lineitem.l_discount)))) DESC"],"Sort Method": "quicksort","Sort Space Used": 25,"Sort Space Type": "Memory","Plans": [{"Node Type": "Aggregate","Strategy": "Sorted","Partial Mode": "Finalize","Parent Relationship": "Outer","Parallel Aware": false,"Async Capable": false,"Startup Cost": 21597.38,"Total Cost": 21611.85,"Plan Rows": 25,"Plan Width": 136,"Actual Startup Time": 835.364,"Actual Total Time": 867.318,"Actual Rows": 5,"Actual Loops": 1,"Group Key": ["nation.n_name"],"Plans": [{"Node Type": "Gather Merge","Parent Relationship": "Outer","Parallel Aware": false,"Async Capable": false,"Startup Cost": 21597.38,"Total Cost": 21611.17,"Plan Rows": 50,"Plan Width": 136,"Actual Startup Time": 835.179,"Actual Total Time": 867.277,"Actual Rows": 15,"Actual Loops": 1,"Workers Planned": 2,"Workers Launched": 2,"Plans": [{"Node Type": "Aggregate","Strategy": "Sorted","Partial Mode": "Partial","Parent Relationship": "Outer","Parallel Aware": false,"Async Capable": false,"Startup Cost": 20597.36,"Total Cost": 20605.37,"Plan Rows": 25,"Plan Width": 136,"Actual Startup Time": 826.891,"Actual Total Time": 827.596,"Actual Rows": 5,"Actual Loops": 3,"Group Key": ["nation.n_name"],"Workers": [],"Plans": [{"Node Type": "Sort","Parent Relationship": "Outer","Parallel Aware": false,"Async Capable": false,"Startup Cost": 20597.36,"Total Cost": 20598.90,"Plan Rows": 616,"Plan Width": 116,"Actual Startup Time": 826.692,"Actual Total Time": 826.817,"Actual Rows": 2422,"Actual Loops": 3,"Sort Key": ["nation.n_name"],"Sort Method": "quicksort","Sort Space Used": 284,"Sort Space Type": "Memory","Workers": [{"Worker Number": 0,"Sort Method": "quicksort","Sort Space Used": 289,"Sort Space Type": "Memory"},{"Worker Number": 1,"Sort Method": "quicksort","Sort Space Used": 285,"Sort Space Type": "Memory"}],"Plans": [{"Node Type": "Hash Join","Parent Relationship": "Outer","Parallel Aware": false,"Async Capable": false,"Join Type": "Inner","Startup Cost": 475.27,"Total Cost": 20568.82,"Plan Rows": 616,"Plan Width": 116,"Actual Startup Time": 12.416,"Actual Total Time": 825.180,"Actual Rows": 2422,"Actual Loops": 3,"Inner Unique": true,"Hash Cond": "((lineitem.l_suppkey = supplier.s_suppkey) AND (customer.c_nationkey = supplier.s_nationkey))","Workers": [],"Plans": [{"Node Type": "Nested Loop","Parent Relationship": "Outer","Parallel Aware": false,"Async Capable": false,"Join Type": "Inner","Startup Cost": 3.27,"Total Cost": 20015.89,"Plan Rows": 15415,"Plan Width": 128,"Actual Startup Time": 0.717,"Actual Total Time": 776.964,"Actual Rows": 61524,"Actual Loops": 3,"Inner Unique": false,"Workers": [],"Plans": [{"Node Type": "Nested Loop","Parent Relationship": "Outer","Parallel Aware": false,"Async Capable": false,"Join Type": "Inner","Startup Cost": 2.84,"Total Cost": 8414.26,"Plan Rows": 3853,"Plan Width": 116,"Actual Startup Time": 0.594,"Actual Total Time": 468.318,"Actual Rows": 15364,"Actual Loops": 3,"Inner Unique": false,"Workers": [],"Plans": [{"Node Type": "Hash Join","Parent Relationship": "Outer","Parallel Aware": false,"Async Capable": false,"Join Type": "Inner","Startup Cost": 2.41,"Total Cost": 4471.79,"Plan Rows": 2500,"Plan Width": 116,"Actual Startup Time": 0.257,"Actual Total Time": 59.024,"Actual Rows": 10066,"Actual Loops": 3,"Inner Unique": false,"Hash Cond": "(customer.c_nationkey = nation.n_nationkey)","Workers": [],"Plans": [{"Node Type": "Seq Scan","Parent Relationship": "Outer","Parallel Aware": true,"Async Capable": false,"Relation Name": "customer","Alias": "customer","Startup Cost": 0.00,"Total Cost": 4210.00,"Plan Rows": 62500,"Plan Width": 8,"Actual Startup Time": 0.018,"Actual Total Time": 10.025,"Actual Rows": 50000,"Actual Loops": 3,"Workers": []},{"Node Type": "Hash","Parent Relationship": "Inner","Parallel Aware": false,"Async Capable": false,"Startup Cost": 2.40,"Total Cost": 2.40,"Plan Rows": 1,"Plan Width": 108,"Actual Startup Time": 0.151,"Actual Total Time": 0.168,"Actual Rows": 5,"Actual Loops": 3,"Hash Buckets": 1024,"Original Hash Buckets": 1024,"Hash Batches": 1,"Original Hash Batches": 1,"Peak Memory Usage": 9,"Workers": [],"Plans": [{"Node Type": "Hash Join","Parent Relationship": "Outer","Parallel Aware": false,"Async Capable": false,"Join Type": "Inner","Startup Cost": 1.07,"Total Cost": 2.40,"Plan Rows": 1,"Plan Width": 108,"Actual Startup Time": 0.138,"Actual Total Time": 0.159,"Actual Rows": 5,"Actual Loops": 3,"Inner Unique": true,"Hash Cond": "(nation.n_regionkey = region.r_regionkey)","Workers": [],"Plans": [{"Node Type": "Seq Scan","Parent Relationship": "Outer","Parallel Aware": false,"Async Capable": false,"Relation Name": "nation","Alias": "nation","Startup Cost": 0.00,"Total Cost": 1.25,"Plan Rows": 25,"Plan Width": 112,"Actual Startup Time": 0.050,"Actual Total Time": 0.055,"Actual Rows": 25,"Actual Loops": 3,"Workers": []},{"Node Type": "Hash","Parent Relationship": "Inner","Parallel Aware": false,"Async Capable": false,"Startup Cost": 1.06,"Total Cost": 1.06,"Plan Rows": 1,"Plan Width": 4,"Actual Startup Time": 0.059,"Actual Total Time": 0.064,"Actual Rows": 1,"Actual Loops": 3,"Hash Buckets": 1024,"Original Hash Buckets": 1024,"Hash Batches": 1,"Original Hash Batches": 1,"Peak Memory Usage": 9,"Workers": [],"Plans": [{"Node Type": "Seq Scan","Parent Relationship": "Outer","Parallel Aware": false,"Async Capable": false,"Relation Name": "region","Alias": "region","Startup Cost": 0.00,"Total Cost": 1.06,"Plan Rows": 1,"Plan Width": 4,"Actual Startup Time": 0.043,"Actual Total Time": 0.045,"Actual Rows": 1,"Actual Loops": 3,"Filter": "(r_name = 'EUROPE'::bpchar)","Rows Removed by Filter": 4,"Workers": []}]}]}]}]},{"Node Type": "Index Scan","Parent Relationship": "Inner","Parallel Aware": false,"Async Capable": false,"Scan Direction": "Forward","Index Name": "idx_orders_custkey","Relation Name": "orders","Alias": "orders","Startup Cost": 0.43,"Total Cost": 1.55,"Plan Rows": 3,"Plan Width": 8,"Actual Startup Time": 0.017,"Actual Total Time": 0.040,"Actual Rows": 2,"Actual Loops": 30197,"Index Cond": "(o_custkey = customer.c_custkey)","Rows Removed by Index Recheck": 0,"Filter": "((o_orderdate >= '1994-01-01'::date) AND (o_orderdate < '1995-01-01 00:00:00'::timestamp without time zone))","Rows Removed by Filter": 9,"Workers": []}]},{"Node Type": "Index Scan","Parent Relationship": "Inner","Parallel Aware": false,"Async Capable": false,"Scan Direction": "Forward","Index Name": "idx_lineitem_orderkey","Relation Name": "lineitem","Alias": "lineitem","Startup Cost": 0.43,"Total Cost": 2.84,"Plan Rows": 17,"Plan Width": 20,"Actual Startup Time": 0.017,"Actual Total Time": 0.019,"Actual Rows": 4,"Actual Loops": 46093,"Index Cond": "(l_orderkey = orders.o_orderkey)","Rows Removed by Index Recheck": 0,"Workers": []}]},{"Node Type": "Hash","Parent Relationship": "Inner","Parallel Aware": false,"Async Capable": false,"Startup Cost": 322.00,"Total Cost": 322.00,"Plan Rows": 10000,"Plan Width": 8,"Actual Startup Time": 10.479,"Actual Total Time": 10.484,"Actual Rows": 10000,"Actual Loops": 3,"Hash Buckets": 16384,"Original Hash Buckets": 16384,"Hash Batches": 1,"Original Hash Batches": 1,"Peak Memory Usage": 519,"Workers": [],"Plans": [{"Node Type": "Seq Scan","Parent Relationship": "Outer","Parallel Aware": false,"Async Capable": false,"Relation Name": "supplier","Alias": "supplier","Startup Cost": 0.00,"Total Cost": 322.00,"Plan Rows": 10000,"Plan Width": 8,"Actual Startup Time": 0.042,"Actual Total Time": 8.711,"Actual Rows": 10000,"Actual Loops": 3,"Workers": []}]}]}]}]}]}]}]},"Planning Time": 9.647,"Triggers": [],"Execution Time": 867.883}]
[{"Plan": {"Node Type": "Sort","Parallel Aware": false,"Async Capable": false,"Startup Cost": 21565.81,"Total Cost": 21565.87,"Plan Rows": 25,"Plan Width": 136,"Actual Startup Time": 833.811,"Actual Total Time": 865.523,"Actual Rows": 5,"Actual Loops": 1,"Sort Key": ["(sum((lineitem.l_extendedprice * ('1'::numeric - lineitem.l_discount)))) DESC"],"Sort Method": "quicksort","Sort Space Used": 25,"Sort Space Type": "Memory","Plans": [{"Node Type": "Aggregate","Strategy": "Sorted","Partial Mode": "Finalize","Parent Relationship": "Outer","Parallel Aware": false,"Async Capable": false,"Startup Cost": 21550.86,"Total Cost": 21565.23,"Plan Rows": 25,"Plan Width": 136,"Actual Startup Time": 833.271,"Actual Total Time": 865.478,"Actual Rows": 5,"Actual Loops": 1,"Group Key": ["nation.n_name"],"Plans": [{"Node Type": "Gather Merge","Parent Relationship": "Outer","Parallel Aware": false,"Async Capable": false,"Startup Cost": 21550.86,"Total Cost": 21564.54,"Plan Rows": 50,"Plan Width": 136,"Actual Startup Time": 833.025,"Actual Total Time": 865.435,"Actual Rows": 15,"Actual Loops": 1,"Workers Planned": 2,"Workers Launched": 2,"Plans": [{"Node Type": "Aggregate","Strategy": "Sorted","Partial Mode": "Partial","Parent Relationship": "Outer","Parallel Aware": false,"Async Capable": false,"Startup Cost": 20550.84,"Total Cost": 20558.75,"Plan Rows": 25,"Plan Width": 136,"Actual Startup Time": 825.546,"Actual Total Time": 826.255,"Actual Rows": 5,"Actual Loops": 3,"Group Key": ["nation.n_name"],"Workers": [],"Plans": [{"Node Type": "Sort","Parent Relationship": "Outer","Parallel Aware": false,"Async Capable": false,"Startup Cost": 20550.84,"Total Cost": 20552.36,"Plan Rows": 608,"Plan Width": 116,"Actual Startup Time": 825.323,"Actual Total Time": 825.450,"Actual Rows": 2415,"Actual Loops": 3,"Sort Key": ["nation.n_name"],"Sort Method": "quicksort","Sort Space Used": 281,"Sort Space Type": "Memory","Workers": [{"Worker Number": 0,"Sort Method": "quicksort","Sort Space Used": 286,"Sort Space Type": "Memory"},{"Worker Number": 1,"Sort Method": "quicksort","Sort Space Used": 289,"Sort Space Type": "Memory"}],"Plans": [{"Node Type": "Hash Join","Parent Relationship": "Outer","Parallel Aware": false,"Async Capable": false,"Join Type": "Inner","Startup Cost": 475.27,"Total Cost": 20522.72,"Plan Rows": 608,"Plan Width": 116,"Actual Startup Time": 12.893,"Actual Total Time": 823.841,"Actual Rows": 2415,"Actual Loops": 3,"Inner Unique": true,"Hash Cond": "((lineitem.l_suppkey = supplier.s_suppkey) AND (customer.c_nationkey = supplier.s_nationkey))","Workers": [],"Plans": [{"Node Type": "Nested Loop","Parent Relationship": "Outer","Parallel Aware": false,"Async Capable": false,"Join Type": "Inner","Startup Cost": 3.27,"Total Cost": 19970.84,"Plan Rows": 15215,"Plan Width": 128,"Actual Startup Time": 0.809,"Actual Total Time": 777.035,"Actual Rows": 60714,"Actual Loops": 3,"Inner Unique": false,"Workers": [],"Plans": [{"Node Type": "Nested Loop","Parent Relationship": "Outer","Parallel Aware": false,"Async Capable": false,"Join Type": "Inner","Startup Cost": 2.84,"Total Cost": 8414.26,"Plan Rows": 3803,"Plan Width": 116,"Actual Startup Time": 0.660,"Actual Total Time": 471.667,"Actual Rows": 15226,"Actual Loops": 3,"Inner Unique": false,"Workers": [],"Plans": [{"Node Type": "Hash Join","Parent Relationship": "Outer","Parallel Aware": false,"Async Capable": false,"Join Type": "Inner","Startup Cost": 2.41,"Total Cost": 4471.79,"Plan Rows": 2500,"Plan Width": 116,"Actual Startup Time": 0.276,"Actual Total Time": 59.829,"Actual Rows": 10066,"Actual Loops": 3,"Inner Unique": false,"Hash Cond": "(customer.c_nationkey = nation.n_nationkey)","Workers": [],"Plans": [{"Node Type": "Seq Scan","Parent Relationship": "Outer","Parallel Aware": true,"Async Capable": false,"Relation Name": "customer","Alias": "customer","Startup Cost": 0.00,"Total Cost": 4210.00,"Plan Rows": 62500,"Plan Width": 8,"Actual Startup Time": 0.021,"Actual Total Time": 10.083,"Actual Rows": 50000,"Actual Loops": 3,"Workers": []},{"Node Type": "Hash","Parent Relationship": "Inner","Parallel Aware": false,"Async Capable": false,"Startup Cost": 2.40,"Total Cost": 2.40,"Plan Rows": 1,"Plan Width": 108,"Actual Startup Time": 0.154,"Actual Total Time": 0.171,"Actual Rows": 5,"Actual Loops": 3,"Hash Buckets": 1024,"Original Hash Buckets": 1024,"Hash Batches": 1,"Original Hash Batches": 1,"Peak Memory Usage": 9,"Workers": [],"Plans": [{"Node Type": "Hash Join","Parent Relationship": "Outer","Parallel Aware": false,"Async Capable": false,"Join Type": "Inner","Startup Cost": 1.07,"Total Cost": 2.40,"Plan Rows": 1,"Plan Width": 108,"Actual Startup Time": 0.139,"Actual Total Time": 0.162,"Actual Rows": 5,"Actual Loops": 3,"Inner Unique": true,"Hash Cond": "(nation.n_regionkey = region.r_regionkey)","Workers": [],"Plans": [{"Node Type": "Seq Scan","Parent Relationship": "Outer","Parallel Aware": false,"Async Capable": false,"Relation Name": "nation","Alias": "nation","Startup Cost": 0.00,"Total Cost": 1.25,"Plan Rows": 25,"Plan Width": 112,"Actual Startup Time": 0.051,"Actual Total Time": 0.055,"Actual Rows": 25,"Actual Loops": 3,"Workers": []},{"Node Type": "Hash","Parent Relationship": "Inner","Parallel Aware": false,"Async Capable": false,"Startup Cost": 1.06,"Total Cost": 1.06,"Plan Rows": 1,"Plan Width": 4,"Actual Startup Time": 0.057,"Actual Total Time": 0.063,"Actual Rows": 1,"Actual Loops": 3,"Hash Buckets": 1024,"Original Hash Buckets": 1024,"Hash Batches": 1,"Original Hash Batches": 1,"Peak Memory Usage": 9,"Workers": [],"Plans": [{"Node Type": "Seq Scan","Parent Relationship": "Outer","Parallel Aware": false,"Async Capable": false,"Relation Name": "region","Alias": "region","Startup Cost": 0.00,"Total Cost": 1.06,"Plan Rows": 1,"Plan Width": 4,"Actual Startup Time": 0.043,"Actual Total Time": 0.045,"Actual Rows": 1,"Actual Loops": 3,"Filter": "(r_name = 'EUROPE'::bpchar)","Rows Removed by Filter": 4,"Workers": []}]}]}]}]},{"Node Type": "Index Scan","Parent Relationship": "Inner","Parallel Aware": false,"Async Capable": false,"Scan Direction": "Forward","Index Name": "idx_orders_custkey","Relation Name": "orders","Alias": "orders","Startup Cost": 0.43,"Total Cost": 1.55,"Plan Rows": 3,"Plan Width": 8,"Actual Startup Time": 0.017,"Actual Total Time": 0.041,"Actual Rows": 2,"Actual Loops": 30197,"Index Cond": "(o_custkey = customer.c_custkey)","Rows Removed by Index Recheck": 0,"Filter": "((o_orderdate >= '1997-01-01'::date) AND (o_orderdate < '1998-01-01 00:00:00'::timestamp without time zone))","Rows Removed by Filter": 9,"Workers": []}]},{"Node Type": "Index Scan","Parent Relationship": "Inner","Parallel Aware": false,"Async Capable": false,"Scan Direction": "Forward","Index Name": "idx_lineitem_orderkey","Relation Name": "lineitem","Alias": "lineitem","Startup Cost": 0.43,"Total Cost": 2.87,"Plan Rows": 17,"Plan Width": 20,"Actual Startup Time": 0.017,"Actual Total Time": 0.019,"Actual Rows": 4,"Actual Loops": 45677,"Index Cond": "(l_orderkey = orders.o_orderkey)","Rows Removed by Index Recheck": 0,"Workers": []}]},{"Node Type": "Hash","Parent Relationship": "Inner","Parallel Aware": false,"Async Capable": false,"Startup Cost": 322.00,"Total Cost": 322.00,"Plan Rows": 10000,"Plan Width": 8,"Actual Startup Time": 11.560,"Actual Total Time": 11.566,"Actual Rows": 10000,"Actual Loops": 3,"Hash Buckets": 16384,"Original Hash Buckets": 16384,"Hash Batches": 1,"Original Hash Batches": 1,"Peak Memory Usage": 519,"Workers": [],"Plans": [{"Node Type": "Seq Scan","Parent Relationship": "Outer","Parallel Aware": false,"Async Capable": false,"Relation Name": "supplier","Alias": "supplier","Startup Cost": 0.00,"Total Cost": 322.00,"Plan Rows": 10000,"Plan Width": 8,"Actual Startup Time": 0.053,"Actual Total Time": 9.758,"Actual Rows": 10000,"Actual Loops": 3,"Workers": []}]}]}]}]}]}]}]},"Planning Time": 11.054,"Triggers": [],"Execution Time": 866.075}]
[{"Plan": {"Node Type": "Sort","Parallel Aware": false,"Async Capable": false,"Startup Cost": 21612.43,"Total Cost": 21612.50,"Plan Rows": 25,"Plan Width": 136,"Actual Startup Time": 835.932,"Actual Total Time": 867.365,"Actual Rows": 5,"Actual Loops": 1,"Sort Key": ["(sum((lineitem.l_extendedprice * ('1'::numeric - lineitem.l_discount)))) DESC"],"Sort Method": "quicksort","Sort Space Used": 25,"Sort Space Type": "Memory","Plans": [{"Node Type": "Aggregate","Strategy": "Sorted","Partial Mode": "Finalize","Parent Relationship": "Outer","Parallel Aware": false,"Async Capable": false,"Startup Cost": 21597.38,"Total Cost": 21611.85,"Plan Rows": 25,"Plan Width": 136,"Actual Startup Time": 835.364,"Actual Total Time": 867.318,"Actual Rows": 5,"Actual Loops": 1,"Group Key": ["nation.n_name"],"Plans": [{"Node Type": "Gather Merge","Parent Relationship": "Outer","Parallel Aware": false,"Async Capable": false,"Startup Cost": 21597.38,"Total Cost": 21611.17,"Plan Rows": 50,"Plan Width": 136,"Actual Startup Time": 835.179,"Actual Total Time": 867.277,"Actual Rows": 15,"Actual Loops": 1,"Workers Planned": 2,"Workers Launched": 2,"Plans": [{"Node Type": "Aggregate","Strategy": "Sorted","Partial Mode": "Partial","Parent Relationship": "Outer","Parallel Aware": false,"Async Capable": false,"Startup Cost": 20597.36,"Total Cost": 20605.37,"Plan Rows": 25,"Plan Width": 136,"Actual Startup Time": 826.891,"Actual Total Time": 827.596,"Actual Rows": 5,"Actual Loops": 3,"Group Key": ["nation.n_name"],"Workers": [],"Plans": [{"Node Type": "Sort","Parent Relationship": "Outer","Parallel Aware": false,"Async Capable": false,"Startup Cost": 20597.36,"Total Cost": 20598.90,"Plan Rows": 616,"Plan Width": 116,"Actual Startup Time": 826.692,"Actual Total Time": 826.817,"Actual Rows": 2422,"Actual Loops": 3,"Sort Key": ["nation.n_name"],"Sort Method": "quicksort","Sort Space Used": 284,"Sort Space Type": "Memory","Workers": [{"Worker Number": 0,"Sort Method": "quicksort","Sort Space Used": 289,"Sort Space Type": "Memory"},{"Worker Number": 1,"Sort Method": "quicksort","Sort Space Used": 285,"Sort Space Type": "Memory"}],"Plans": [{"Node Type": "Hash Join","Parent Relationship": "Outer","Parallel Aware": false,"Async Capable": false,"Join Type": "Inner","Startup Cost": 475.27,"Total Cost": 20568.82,"Plan Rows": 616,"Plan Width": 116,"Actual Startup Time": 12.416,"Actual Total Time": 825.180,"Actual Rows": 2422,"Actual Loops": 3,"Inner Unique": true,"Hash Cond": "((lineitem.l_suppkey = supplier.s_suppkey) AND (customer.c_nationkey = supplier.s_nationkey))","Workers": [],"Plans": [{"Node Type": "Nested Loop","Parent Relationship": "Outer","Parallel Aware": false,"Async Capable": false,"Join Type": "Inner","Startup Cost": 3.27,"Total Cost": 20015.89,"Plan Rows": 15415,"Plan Width": 128,"Actual Startup Time": 0.717,"Actual Total Time": 776.964,"Actual Rows": 61524,"Actual Loops": 3,"Inner Unique": false,"Workers": [],"Plans": [{"Node Type": "Nested Loop","Parent Relationship": "Outer","Parallel Aware": false,"Async Capable": false,"Join Type": "Inner","Startup Cost": 2.84,"Total Cost": 8414.26,"Plan Rows": 3853,"Plan Width": 116,"Actual Startup Time": 0.594,"Actual Total Time": 468.318,"Actual Rows": 15364,"Actual Loops": 3,"Inner Unique": false,"Workers": [],"Plans": [{"Node Type": "Hash Join","Parent Relationship": "Outer","Parallel Aware": false,"Async Capable": false,"Join Type": "Inner","Startup Cost": 2.41,"Total Cost": 4471.79,"Plan Rows": 2500,"Plan Width": 116,"Actual Startup Time": 0.257,"Actual Total Time": 59.024,"Actual Rows": 10066,"Actual Loops": 3,"Inner Unique": false,"Hash Cond": "(customer.c_nationkey = nation.n_nationkey)","Workers": [],"Plans": [{"Node Type": "Seq Scan","Parent Relationship": "Outer","Parallel Aware": true,"Async Capable": false,"Relation Name": "customer","Alias": "customer","Startup Cost": 0.00,"Total Cost": 4210.00,"Plan Rows": 62500,"Plan Width": 8,"Actual Startup Time": 0.018,"Actual Total Time": 10.025,"Actual Rows": 50000,"Actual Loops": 3,"Workers": []},{"Node Type": "Hash","Parent Relationship": "Inner","Parallel Aware": false,"Async Capable": false,"Startup Cost": 2.40,"Total Cost": 2.40,"Plan Rows": 1,"Plan Width": 108,"Actual Startup Time": 0.151,"Actual Total Time": 0.168,"Actual Rows": 5,"Actual Loops": 3,"Hash Buckets": 1024,"Original Hash Buckets": 1024,"Hash Batches": 1,"Original Hash Batches": 1,"Peak Memory Usage": 9,"Workers": [],"Plans": [{"Node Type": "Hash Join","Parent Relationship": "Outer","Parallel Aware": false,"Async Capable": false,"Join Type": "Inner","Startup Cost": 1.07,"Total Cost": 2.40,"Plan Rows": 1,"Plan Width": 108,"Actual Startup Time": 0.138,"Actual Total Time": 0.159,"Actual Rows": 5,"Actual Loops": 3,"Inner Unique": true,"Hash Cond": "(nation.n_regionkey = region.r_regionkey)","Workers": [],"Plans": [{"Node Type": "Seq Scan","Parent Relationship": "Outer","Parallel Aware": false,"Async Capable": false,"Relation Name": "nation","Alias": "nation","Startup Cost": 0.00,"Total Cost": 1.25,"Plan Rows": 25,"Plan Width": 112,"Actual Startup Time": 0.050,"Actual Total Time": 0.055,"Actual Rows": 25,"Actual Loops": 3,"Workers": []},{"Node Type": "Hash","Parent Relationship": "Inner","Parallel Aware": false,"Async Capable": false,"Startup Cost": 1.06,"Total Cost": 1.06,"Plan Rows": 1,"Plan Width": 4,"Actual Startup Time": 0.059,"Actual Total Time": 0.064,"Actual Rows": 1,"Actual Loops": 3,"Hash Buckets": 1024,"Original Hash Buckets": 1024,"Hash Batches": 1,"Original Hash Batches": 1,"Peak Memory Usage": 9,"Workers": [],"Plans": [{"Node Type": "Seq Scan","Parent Relationship": "Outer","Parallel Aware": false,"Async Capable": false,"Relation Name": "region","Alias": "region","Startup Cost": 0.00,"Total Cost": 1.06,"Plan Rows": 1,"Plan Width": 4,"Actual Startup Time": 0.043,"Actual Total Time": 0.045,"Actual Rows": 1,"Actual Loops": 3,"Filter": "(r_name = 'EUROPE'::bpchar)","Rows Removed by Filter": 4,"Workers": []}]}]}]}]},{"Node Type": "Index Scan","Parent Relationship": "Inner","Parallel Aware": false,"Async Capable": false,"Scan Direction": "Forward","Index Name": "idx_orders_custkey","Relation Name": "orders","Alias": "orders","Startup Cost": 0.43,"Total Cost": 1.55,"Plan Rows": 3,"Plan Width": 8,"Actual Startup Time": 0.017,"Actual Total Time": 0.040,"Actual Rows": 2,"Actual Loops": 30197,"Index Cond": "(o_custkey = customer.c_custkey)","Rows Removed by Index Recheck": 0,"Filter": "((o_orderdate >= '1994-01-01'::date) AND (o_orderdate < '1995-01-01 00:00:00'::timestamp without time zone))","Rows Removed by Filter": 9,"Workers": []}]},{"Node Type": "Index Scan","Parent Relationship": "Inner","Parallel Aware": false,"Async Capable": false,"Scan Direction": "Forward","Index Name": "idx_lineitem_orderkey","Relation Name": "lineitem","Alias": "lineitem","Startup Cost": 0.43,"Total Cost": 2.84,"Plan Rows": 17,"Plan Width": 20,"Actual Startup Time": 0.017,"Actual Total Time": 0.019,"Actual Rows": 4,"Actual Loops": 46093,"Index Cond": "(l_orderkey = orders.o_orderkey)","Rows Removed by Index Recheck": 0,"Workers": []}]},{"Node Type": "Hash","Parent Relationship": "Inner","Parallel Aware": false,"Async Capable": false,"Startup Cost": 322.00,"Total Cost": 322.00,"Plan Rows": 10000,"Plan Width": 8,"Actual Startup Time": 10.479,"Actual Total Time": 10.484,"Actual Rows": 10000,"Actual Loops": 3,"Hash Buckets": 16384,"Original Hash Buckets": 16384,"Hash Batches": 1,"Original Hash Batches": 1,"Peak Memory Usage": 519,"Workers": [],"Plans": [{"Node Type": "Seq Scan","Parent Relationship": "Outer","Parallel Aware": false,"Async Capable": false,"Relation Name": "supplier","Alias": "supplier","Startup Cost": 0.00,"Total Cost": 322.00,"Plan Rows": 10000,"Plan Width": 8,"Actual Startup Time": 0.042,"Actual Total Time": 8.711,"Actual Rows": 10000,"Actual Loops": 3,"Workers": []}]}]}]}]}]}]}]},"Planning Time": 9.647,"Triggers": [],"Execution Time": 867.883}]
[{"Plan": {"Node Type": "Sort","Parallel Aware": false,"Async Capable": false,"Startup Cost": 21565.24,"Total Cost": 21565.30,"Plan Rows": 25,"Plan Width": 136,"Actual Startup Time": 797.386,"Actual Total Time": 830.222,"Actual Rows": 5,"Actual Loops": 1,"Sort Key": ["(sum((lineitem.l_extendedprice * ('1'::numeric - lineitem.l_discount)))) DESC"],"Sort Method": "quicksort","Sort Space Used": 25,"Sort Space Type": "Memory","Plans": [{"Node Type": "Aggregate","Strategy": "Sorted","Partial Mode": "Finalize","Parent Relationship": "Outer","Parallel Aware": false,"Async Capable": false,"Startup Cost": 21550.29,"Total Cost": 21564.66,"Plan Rows": 25,"Plan Width": 136,"Actual Startup Time": 796.761,"Actual Total Time": 830.172,"Actual Rows": 5,"Actual Loops": 1,"Group Key": ["nation.n_name"],"Plans": [{"Node Type": "Gather Merge","Parent Relationship": "Outer","Parallel Aware": false,"Async Capable": false,"Startup Cost": 21550.29,"Total Cost": 21563.97,"Plan Rows": 50,"Plan Width": 136,"Actual Startup Time": 796.547,"Actual Total Time": 830.110,"Actual Rows": 15,"Actual Loops": 1,"Workers Planned": 2,"Workers Launched": 2,"Plans": [{"Node Type": "Aggregate","Strategy": "Sorted","Partial Mode": "Partial","Parent Relationship": "Outer","Parallel Aware": false,"Async Capable": false,"Startup Cost": 20550.26,"Total Cost": 20558.18,"Plan Rows": 25,"Plan Width": 136,"Actual Startup Time": 788.895,"Actual Total Time": 789.783,"Actual Rows": 5,"Actual Loops": 3,"Group Key": ["nation.n_name"],"Workers": [],"Plans": [{"Node Type": "Sort","Parent Relationship": "Outer","Parallel Aware": false,"Async Capable": false,"Startup Cost": 20550.26,"Total Cost": 20551.78,"Plan Rows": 608,"Plan Width": 116,"Actual Startup Time": 788.664,"Actual Total Time": 788.842,"Actual Rows": 2456,"Actual Loops": 3,"Sort Key": ["nation.n_name"],"Sort Method": "quicksort","Sort Space Used": 291,"Sort Space Type": "Memory","Workers": [{"Worker Number": 0,"Sort Method": "quicksort","Sort Space Used": 279,"Sort Space Type": "Memory"},{"Worker Number": 1,"Sort Method": "quicksort","Sort Space Used": 295,"Sort Space Type": "Memory"}],"Plans": [{"Node Type": "Hash Join","Parent Relationship": "Outer","Parallel Aware": false,"Async Capable": false,"Join Type": "Inner","Startup Cost": 475.27,"Total Cost": 20522.15,"Plan Rows": 608,"Plan Width": 116,"Actual Startup Time": 10.168,"Actual Total Time": 787.209,"Actual Rows": 2456,"Actual Loops": 3,"Inner Unique": true,"Hash Cond": "((lineitem.l_suppkey = supplier.s_suppkey) AND (customer.c_nationkey = supplier.s_nationkey))","Workers": [],"Plans": [{"Node Type": "Nested Loop","Parent Relationship": "Outer","Parallel Aware": false,"Async Capable": false,"Join Type": "Inner","Startup Cost": 3.27,"Total Cost": 19970.29,"Plan Rows": 15211,"Plan Width": 128,"Actual Startup Time": 0.661,"Actual Total Time": 744.432,"Actual Rows": 60955,"Actual Loops": 3,"Inner Unique": false,"Workers": [],"Plans": [{"Node Type": "Nested Loop","Parent Relationship": "Outer","Parallel Aware": false,"Async Capable": false,"Join Type": "Inner","Startup Cost": 2.84,"Total Cost": 8414.26,"Plan Rows": 3802,"Plan Width": 116,"Actual Startup Time": 0.532,"Actual Total Time": 444.261,"Actual Rows": 15210,"Actual Loops": 3,"Inner Unique": false,"Workers": [],"Plans": [{"Node Type": "Hash Join","Parent Relationship": "Outer","Parallel Aware": false,"Async Capable": false,"Join Type": "Inner","Startup Cost": 2.41,"Total Cost": 4471.79,"Plan Rows": 2500,"Plan Width": 116,"Actual Startup Time": 0.249,"Actual Total Time": 53.241,"Actual Rows": 9984,"Actual Loops": 3,"Inner Unique": false,"Hash Cond": "(customer.c_nationkey = nation.n_nationkey)","Workers": [],"Plans": [{"Node Type": "Seq Scan","Parent Relationship": "Outer","Parallel Aware": true,"Async Capable": false,"Relation Name": "customer","Alias": "customer","Startup Cost": 0.00,"Total Cost": 4210.00,"Plan Rows": 62500,"Plan Width": 8,"Actual Startup Time": 0.015,"Actual Total Time": 9.455,"Actual Rows": 50000,"Actual Loops": 3,"Workers": []},{"Node Type": "Hash","Parent Relationship": "Inner","Parallel Aware": false,"Async Capable": false,"Startup Cost": 2.40,"Total Cost": 2.40,"Plan Rows": 1,"Plan Width": 108,"Actual Startup Time": 0.141,"Actual Total Time": 0.157,"Actual Rows": 5,"Actual Loops": 3,"Hash Buckets": 1024,"Original Hash Buckets": 1024,"Hash Batches": 1,"Original Hash Batches": 1,"Peak Memory Usage": 9,"Workers": [],"Plans": [{"Node Type": "Hash Join","Parent Relationship": "Outer","Parallel Aware": false,"Async Capable": false,"Join Type": "Inner","Startup Cost": 1.07,"Total Cost": 2.40,"Plan Rows": 1,"Plan Width": 108,"Actual Startup Time": 0.126,"Actual Total Time": 0.148,"Actual Rows": 5,"Actual Loops": 3,"Inner Unique": true,"Hash Cond": "(nation.n_regionkey = region.r_regionkey)","Workers": [],"Plans": [{"Node Type": "Seq Scan","Parent Relationship": "Outer","Parallel Aware": false,"Async Capable": false,"Relation Name": "nation","Alias": "nation","Startup Cost": 0.00,"Total Cost": 1.25,"Plan Rows": 25,"Plan Width": 112,"Actual Startup Time": 0.048,"Actual Total Time": 0.053,"Actual Rows": 25,"Actual Loops": 3,"Workers": []},{"Node Type": "Hash","Parent Relationship": "Inner","Parallel Aware": false,"Async Capable": false,"Startup Cost": 1.06,"Total Cost": 1.06,"Plan Rows": 1,"Plan Width": 4,"Actual Startup Time": 0.049,"Actual Total Time": 0.055,"Actual Rows": 1,"Actual Loops": 3,"Hash Buckets": 1024,"Original Hash Buckets": 1024,"Hash Batches": 1,"Original Hash Batches": 1,"Peak Memory Usage": 9,"Workers": [],"Plans": [{"Node Type": "Seq Scan","Parent Relationship": "Outer","Parallel Aware": false,"Async Capable": false,"Relation Name": "region","Alias": "region","Startup Cost": 0.00,"Total Cost": 1.06,"Plan Rows": 1,"Plan Width": 4,"Actual Startup Time": 0.036,"Actual Total Time": 0.040,"Actual Rows": 1,"Actual Loops": 3,"Filter": "(r_name = 'AMERICA'::bpchar)","Rows Removed by Filter": 4,"Workers": []}]}]}]}]},{"Node Type": "Index Scan","Parent Relationship": "Inner","Parallel Aware": false,"Async Capable": false,"Scan Direction": "Forward","Index Name": "idx_orders_custkey","Relation Name": "orders","Alias": "orders","Startup Cost": 0.43,"Total Cost": 1.55,"Plan Rows": 3,"Plan Width": 8,"Actual Startup Time": 0.016,"Actual Total Time": 0.039,"Actual Rows": 2,"Actual Loops": 29952,"Index Cond": "(o_custkey = customer.c_custkey)","Rows Removed by Index Recheck": 0,"Filter": "((o_orderdate >= '1995-01-01'::date) AND (o_orderdate < '1996-01-01 00:00:00'::timestamp without time zone))","Rows Removed by Filter": 8,"Workers": []}]},{"Node Type": "Index Scan","Parent Relationship": "Inner","Parallel Aware": false,"Async Capable": false,"Scan Direction": "Forward","Index Name": "idx_lineitem_orderkey","Relation Name": "lineitem","Alias": "lineitem","Startup Cost": 0.43,"Total Cost": 2.87,"Plan Rows": 17,"Plan Width": 20,"Actual Startup Time": 0.016,"Actual Total Time": 0.019,"Actual Rows": 4,"Actual Loops": 45630,"Index Cond": "(l_orderkey = orders.o_orderkey)","Rows Removed by Index Recheck": 0,"Workers": []}]},{"Node Type": "Hash","Parent Relationship": "Inner","Parallel Aware": false,"Async Capable": false,"Startup Cost": 322.00,"Total Cost": 322.00,"Plan Rows": 10000,"Plan Width": 8,"Actual Startup Time": 8.645,"Actual Total Time": 8.649,"Actual Rows": 10000,"Actual Loops": 3,"Hash Buckets": 16384,"Original Hash Buckets": 16384,"Hash Batches": 1,"Original Hash Batches": 1,"Peak Memory Usage": 519,"Workers": [],"Plans": [{"Node Type": "Seq Scan","Parent Relationship": "Outer","Parallel Aware": false,"Async Capable": false,"Relation Name": "supplier","Alias": "supplier","Startup Cost": 0.00,"Total Cost": 322.00,"Plan Rows": 10000,"Plan Width": 8,"Actual Startup Time": 0.041,"Actual Total Time": 6.699,"Actual Rows": 10000,"Actual Loops": 3,"Workers": []}]}]}]}]}]}]}]},"Planning Time": 10.274,"Triggers": [],"Execution Time": 830.793}]
[{"Plan": {"Node Type": "Sort","Parallel Aware": false,"Async Capable": false,"Startup Cost": 21616.39,"Total Cost": 21616.45,"Plan Rows": 25,"Plan Width": 136,"Actual Startup Time": 800.578,"Actual Total Time": 832.005,"Actual Rows": 5,"Actual Loops": 1,"Sort Key": ["(sum((lineitem.l_extendedprice * ('1'::numeric - lineitem.l_discount)))) DESC"],"Sort Method": "quicksort","Sort Space Used": 25,"Sort Space Type": "Memory","Plans": [{"Node Type": "Aggregate","Strategy": "Sorted","Partial Mode": "Finalize","Parent Relationship": "Outer","Parallel Aware": false,"Async Capable": false,"Startup Cost": 21601.33,"Total Cost": 21615.81,"Plan Rows": 25,"Plan Width": 136,"Actual Startup Time": 800.055,"Actual Total Time": 831.951,"Actual Rows": 5,"Actual Loops": 1,"Group Key": ["nation.n_name"],"Plans": [{"Node Type": "Gather Merge","Parent Relationship": "Outer","Parallel Aware": false,"Async Capable": false,"Startup Cost": 21601.33,"Total Cost": 21615.12,"Plan Rows": 50,"Plan Width": 136,"Actual Startup Time": 799.526,"Actual Total Time": 831.902,"Actual Rows": 15,"Actual Loops": 1,"Workers Planned": 2,"Workers Launched": 2,"Plans": [{"Node Type": "Aggregate","Strategy": "Sorted","Partial Mode": "Partial","Parent Relationship": "Outer","Parallel Aware": false,"Async Capable": false,"Startup Cost": 20601.30,"Total Cost": 20609.33,"Plan Rows": 25,"Plan Width": 136,"Actual Startup Time": 791.250,"Actual Total Time": 792.033,"Actual Rows": 5,"Actual Loops": 3,"Group Key": ["nation.n_name"],"Workers": [],"Plans": [{"Node Type": "Sort","Parent Relationship": "Outer","Parallel Aware": false,"Async Capable": false,"Startup Cost": 20601.30,"Total Cost": 20602.85,"Plan Rows": 617,"Plan Width": 116,"Actual Startup Time": 791.028,"Actual Total Time": 791.162,"Actual Rows": 2347,"Actual Loops": 3,"Sort Key": ["nation.n_name"],"Sort Method": "quicksort","Sort Space Used": 275,"Sort Space Type": "Memory","Workers": [{"Worker Number": 0,"Sort Method": "quicksort","Sort Space Used": 280,"Sort Space Type": "Memory"},{"Worker Number": 1,"Sort Method": "quicksort","Sort Space Used": 284,"Sort Space Type": "Memory"}],"Plans": [{"Node Type": "Hash Join","Parent Relationship": "Outer","Parallel Aware": false,"Async Capable": false,"Join Type": "Inner","Startup Cost": 475.27,"Total Cost": 20572.71,"Plan Rows": 617,"Plan Width": 116,"Actual Startup Time": 14.089,"Actual Total Time": 789.451,"Actual Rows": 2347,"Actual Loops": 3,"Inner Unique": true,"Hash Cond": "((lineitem.l_suppkey = supplier.s_suppkey) AND (customer.c_nationkey = supplier.s_nationkey))","Workers": [],"Plans": [{"Node Type": "Nested Loop","Parent Relationship": "Outer","Parallel Aware": false,"Async Capable": false,"Join Type": "Inner","Startup Cost": 3.27,"Total Cost": 20019.70,"Plan Rows": 15431,"Plan Width": 128,"Actual Startup Time": 0.813,"Actual Total Time": 745.242,"Actual Rows": 60682,"Actual Loops": 3,"Inner Unique": false,"Workers": [],"Plans": [{"Node Type": "Nested Loop","Parent Relationship": "Outer","Parallel Aware": false,"Async Capable": false,"Join Type": "Inner","Startup Cost": 2.84,"Total Cost": 8414.26,"Plan Rows": 3857,"Plan Width": 116,"Actual Startup Time": 0.648,"Actual Total Time": 445.539,"Actual Rows": 15117,"Actual Loops": 3,"Inner Unique": false,"Workers": [],"Plans": [{"Node Type": "Hash Join","Parent Relationship": "Outer","Parallel Aware": false,"Async Capable": false,"Join Type": "Inner","Startup Cost": 2.41,"Total Cost": 4471.79,"Plan Rows": 2500,"Plan Width": 116,"Actual Startup Time": 0.286,"Actual Total Time": 54.286,"Actual Rows": 9921,"Actual Loops": 3,"Inner Unique": false,"Hash Cond": "(customer.c_nationkey = nation.n_nationkey)","Workers": [],"Plans": [{"Node Type": "Seq Scan","Parent Relationship": "Outer","Parallel Aware": true,"Async Capable": false,"Relation Name": "customer","Alias": "customer","Startup Cost": 0.00,"Total Cost": 4210.00,"Plan Rows": 62500,"Plan Width": 8,"Actual Startup Time": 0.020,"Actual Total Time": 9.492,"Actual Rows": 50000,"Actual Loops": 3,"Workers": []},{"Node Type": "Hash","Parent Relationship": "Inner","Parallel Aware": false,"Async Capable": false,"Startup Cost": 2.40,"Total Cost": 2.40,"Plan Rows": 1,"Plan Width": 108,"Actual Startup Time": 0.159,"Actual Total Time": 0.178,"Actual Rows": 5,"Actual Loops": 3,"Hash Buckets": 1024,"Original Hash Buckets": 1024,"Hash Batches": 1,"Original Hash Batches": 1,"Peak Memory Usage": 9,"Workers": [],"Plans": [{"Node Type": "Hash Join","Parent Relationship": "Outer","Parallel Aware": false,"Async Capable": false,"Join Type": "Inner","Startup Cost": 1.07,"Total Cost": 2.40,"Plan Rows": 1,"Plan Width": 108,"Actual Startup Time": 0.141,"Actual Total Time": 0.166,"Actual Rows": 5,"Actual Loops": 3,"Inner Unique": true,"Hash Cond": "(nation.n_regionkey = region.r_regionkey)","Workers": [],"Plans": [{"Node Type": "Seq Scan","Parent Relationship": "Outer","Parallel Aware": false,"Async Capable": false,"Relation Name": "nation","Alias": "nation","Startup Cost": 0.00,"Total Cost": 1.25,"Plan Rows": 25,"Plan Width": 112,"Actual Startup Time": 0.054,"Actual Total Time": 0.058,"Actual Rows": 25,"Actual Loops": 3,"Workers": []},{"Node Type": "Hash","Parent Relationship": "Inner","Parallel Aware": false,"Async Capable": false,"Startup Cost": 1.06,"Total Cost": 1.06,"Plan Rows": 1,"Plan Width": 4,"Actual Startup Time": 0.057,"Actual Total Time": 0.062,"Actual Rows": 1,"Actual Loops": 3,"Hash Buckets": 1024,"Original Hash Buckets": 1024,"Hash Batches": 1,"Original Hash Batches": 1,"Peak Memory Usage": 9,"Workers": [],"Plans": [{"Node Type": "Seq Scan","Parent Relationship": "Outer","Parallel Aware": false,"Async Capable": false,"Relation Name": "region","Alias": "region","Startup Cost": 0.00,"Total Cost": 1.06,"Plan Rows": 1,"Plan Width": 4,"Actual Startup Time": 0.040,"Actual Total Time": 0.042,"Actual Rows": 1,"Actual Loops": 3,"Filter": "(r_name = 'AFRICA'::bpchar)","Rows Removed by Filter": 4,"Workers": []}]}]}]}]},{"Node Type": "Index Scan","Parent Relationship": "Inner","Parallel Aware": false,"Async Capable": false,"Scan Direction": "Forward","Index Name": "idx_orders_custkey","Relation Name": "orders","Alias": "orders","Startup Cost": 0.43,"Total Cost": 1.55,"Plan Rows": 3,"Plan Width": 8,"Actual Startup Time": 0.017,"Actual Total Time": 0.039,"Actual Rows": 2,"Actual Loops": 29764,"Index Cond": "(o_custkey = customer.c_custkey)","Rows Removed by Index Recheck": 0,"Filter": "((o_orderdate >= '1996-01-01'::date) AND (o_orderdate < '1997-01-01 00:00:00'::timestamp without time zone))","Rows Removed by Filter": 9,"Workers": []}]},{"Node Type": "Index Scan","Parent Relationship": "Inner","Parallel Aware": false,"Async Capable": false,"Scan Direction": "Forward","Index Name": "idx_lineitem_orderkey","Relation Name": "lineitem","Alias": "lineitem","Startup Cost": 0.43,"Total Cost": 2.84,"Plan Rows": 17,"Plan Width": 20,"Actual Startup Time": 0.016,"Actual Total Time": 0.019,"Actual Rows": 4,"Actual Loops": 45352,"Index Cond": "(l_orderkey = orders.o_orderkey)","Rows Removed by Index Recheck": 0,"Workers": []}]},{"Node Type": "Hash","Parent Relationship": "Inner","Parallel Aware": false,"Async Capable": false,"Startup Cost": 322.00,"Total Cost": 322.00,"Plan Rows": 10000,"Plan Width": 8,"Actual Startup Time": 12.144,"Actual Total Time": 12.150,"Actual Rows": 10000,"Actual Loops": 3,"Hash Buckets": 16384,"Original Hash Buckets": 16384,"Hash Batches": 1,"Original Hash Batches": 1,"Peak Memory Usage": 519,"Workers": [],"Plans": [{"Node Type": "Seq Scan","Parent Relationship": "Outer","Parallel Aware": false,"Async Capable": false,"Relation Name": "supplier","Alias": "supplier","Startup Cost": 0.00,"Total Cost": 322.00,"Plan Rows": 10000,"Plan Width": 8,"Actual Startup Time": 0.040,"Actual Total Time": 10.535,"Actual Rows": 10000,"Actual Loops": 3,"Workers": []}]}]}]}]}]}]}]},"Planning Time": 10.511,"Triggers": [],"Execution Time": 832.422}]
[{"Plan": {"Node Type": "Sort","Parallel Aware": false,"Async Capable": false,"Startup Cost": 21565.24,"Total Cost": 21565.30,"Plan Rows": 25,"Plan Width": 136,"Actual Startup Time": 803.148,"Actual Total Time": 837.225,"Actual Rows": 5,"Actual Loops": 1,"Sort Key": ["(sum((lineitem.l_extendedprice * ('1'::numeric - lineitem.l_discount)))) DESC"],"Sort Method": "quicksort","Sort Space Used": 25,"Sort Space Type": "Memory","Plans": [{"Node Type": "Aggregate","Strategy": "Sorted","Partial Mode": "Finalize","Parent Relationship": "Outer","Parallel Aware": false,"Async Capable": false,"Startup Cost": 21550.29,"Total Cost": 21564.66,"Plan Rows": 25,"Plan Width": 136,"Actual Startup Time": 802.551,"Actual Total Time": 837.165,"Actual Rows": 5,"Actual Loops": 1,"Group Key": ["nation.n_name"],"Plans": [{"Node Type": "Gather Merge","Parent Relationship": "Outer","Parallel Aware": false,"Async Capable": false,"Startup Cost": 21550.29,"Total Cost": 21563.97,"Plan Rows": 50,"Plan Width": 136,"Actual Startup Time": 802.343,"Actual Total Time": 837.116,"Actual Rows": 15,"Actual Loops": 1,"Workers Planned": 2,"Workers Launched": 2,"Plans": [{"Node Type": "Aggregate","Strategy": "Sorted","Partial Mode": "Partial","Parent Relationship": "Outer","Parallel Aware": false,"Async Capable": false,"Startup Cost": 20550.26,"Total Cost": 20558.18,"Plan Rows": 25,"Plan Width": 136,"Actual Startup Time": 794.724,"Actual Total Time": 795.426,"Actual Rows": 5,"Actual Loops": 3,"Group Key": ["nation.n_name"],"Workers": [],"Plans": [{"Node Type": "Sort","Parent Relationship": "Outer","Parallel Aware": false,"Async Capable": false,"Startup Cost": 20550.26,"Total Cost": 20551.78,"Plan Rows": 608,"Plan Width": 116,"Actual Startup Time": 794.492,"Actual Total Time": 794.616,"Actual Rows": 2402,"Actual Loops": 3,"Sort Key": ["nation.n_name"],"Sort Method": "quicksort","Sort Space Used": 284,"Sort Space Type": "Memory","Workers": [{"Worker Number": 0,"Sort Method": "quicksort","Sort Space Used": 278,"Sort Space Type": "Memory"},{"Worker Number": 1,"Sort Method": "quicksort","Sort Space Used": 290,"Sort Space Type": "Memory"}],"Plans": [{"Node Type": "Hash Join","Parent Relationship": "Outer","Parallel Aware": false,"Async Capable": false,"Join Type": "Inner","Startup Cost": 475.27,"Total Cost": 20522.15,"Plan Rows": 608,"Plan Width": 116,"Actual Startup Time": 9.804,"Actual Total Time": 792.945,"Actual Rows": 2402,"Actual Loops": 3,"Inner Unique": true,"Hash Cond": "((lineitem.l_suppkey = supplier.s_suppkey) AND (customer.c_nationkey = supplier.s_nationkey))","Workers": [],"Plans": [{"Node Type": "Nested Loop","Parent Relationship": "Outer","Parallel Aware": false,"Async Capable": false,"Join Type": "Inner","Startup Cost": 3.27,"Total Cost": 19970.29,"Plan Rows": 15211,"Plan Width": 128,"Actual Startup Time": 0.739,"Actual Total Time": 751.905,"Actual Rows": 60896,"Actual Loops": 3,"Inner Unique": false,"Workers": [],"Plans": [{"Node Type": "Nested Loop","Parent Relationship": "Outer","Parallel Aware": false,"Async Capable": false,"Join Type": "Inner","Startup Cost": 2.84,"Total Cost": 8414.26,"Plan Rows": 3802,"Plan Width": 116,"Actual Startup Time": 0.610,"Actual Total Time": 448.155,"Actual Rows": 15274,"Actual Loops": 3,"Inner Unique": false,"Workers": [],"Plans": [{"Node Type": "Hash Join","Parent Relationship": "Outer","Parallel Aware": false,"Async Capable": false,"Join Type": "Inner","Startup Cost": 2.41,"Total Cost": 4471.79,"Plan Rows": 2500,"Plan Width": 116,"Actual Startup Time": 0.268,"Actual Total Time": 53.804,"Actual Rows": 9921,"Actual Loops": 3,"Inner Unique": false,"Hash Cond": "(customer.c_nationkey = nation.n_nationkey)","Workers": [],"Plans": [{"Node Type": "Seq Scan","Parent Relationship": "Outer","Parallel Aware": true,"Async Capable": false,"Relation Name": "customer","Alias": "customer","Startup Cost": 0.00,"Total Cost": 4210.00,"Plan Rows": 62500,"Plan Width": 8,"Actual Startup Time": 0.020,"Actual Total Time": 9.563,"Actual Rows": 50000,"Actual Loops": 3,"Workers": []},{"Node Type": "Hash","Parent Relationship": "Inner","Parallel Aware": false,"Async Capable": false,"Startup Cost": 2.40,"Total Cost": 2.40,"Plan Rows": 1,"Plan Width": 108,"Actual Startup Time": 0.161,"Actual Total Time": 0.176,"Actual Rows": 5,"Actual Loops": 3,"Hash Buckets": 1024,"Original Hash Buckets": 1024,"Hash Batches": 1,"Original Hash Batches": 1,"Peak Memory Usage": 9,"Workers": [],"Plans": [{"Node Type": "Hash Join","Parent Relationship": "Outer","Parallel Aware": false,"Async Capable": false,"Join Type": "Inner","Startup Cost": 1.07,"Total Cost": 2.40,"Plan Rows": 1,"Plan Width": 108,"Actual Startup Time": 0.143,"Actual Total Time": 0.167,"Actual Rows": 5,"Actual Loops": 3,"Inner Unique": true,"Hash Cond": "(nation.n_regionkey = region.r_regionkey)","Workers": [],"Plans": [{"Node Type": "Seq Scan","Parent Relationship": "Outer","Parallel Aware": false,"Async Capable": false,"Relation Name": "nation","Alias": "nation","Startup Cost": 0.00,"Total Cost": 1.25,"Plan Rows": 25,"Plan Width": 112,"Actual Startup Time": 0.052,"Actual Total Time": 0.056,"Actual Rows": 25,"Actual Loops": 3,"Workers": []},{"Node Type": "Hash","Parent Relationship": "Inner","Parallel Aware": false,"Async Capable": false,"Startup Cost": 1.06,"Total Cost": 1.06,"Plan Rows": 1,"Plan Width": 4,"Actual Startup Time": 0.061,"Actual Total Time": 0.066,"Actual Rows": 1,"Actual Loops": 3,"Hash Buckets": 1024,"Original Hash Buckets": 1024,"Hash Batches": 1,"Original Hash Batches": 1,"Peak Memory Usage": 9,"Workers": [],"Plans": [{"Node Type": "Seq Scan","Parent Relationship": "Outer","Parallel Aware": false,"Async Capable": false,"Relation Name": "region","Alias": "region","Startup Cost": 0.00,"Total Cost": 1.06,"Plan Rows": 1,"Plan Width": 4,"Actual Startup Time": 0.046,"Actual Total Time": 0.049,"Actual Rows": 1,"Actual Loops": 3,"Filter": "(r_name = 'AFRICA'::bpchar)","Rows Removed by Filter": 4,"Workers": []}]}]}]}]},{"Node Type": "Index Scan","Parent Relationship": "Inner","Parallel Aware": false,"Async Capable": false,"Scan Direction": "Forward","Index Name": "idx_orders_custkey","Relation Name": "orders","Alias": "orders","Startup Cost": 0.43,"Total Cost": 1.55,"Plan Rows": 3,"Plan Width": 8,"Actual Startup Time": 0.017,"Actual Total Time": 0.039,"Actual Rows": 2,"Actual Loops": 29764,"Index Cond": "(o_custkey = customer.c_custkey)","Rows Removed by Index Recheck": 0,"Filter": "((o_orderdate >= '1995-01-01'::date) AND (o_orderdate < '1996-01-01 00:00:00'::timestamp without time zone))","Rows Removed by Filter": 9,"Workers": []}]},{"Node Type": "Index Scan","Parent Relationship": "Inner","Parallel Aware": false,"Async Capable": false,"Scan Direction": "Forward","Index Name": "idx_lineitem_orderkey","Relation Name": "lineitem","Alias": "lineitem","Startup Cost": 0.43,"Total Cost": 2.87,"Plan Rows": 17,"Plan Width": 20,"Actual Startup Time": 0.017,"Actual Total Time": 0.019,"Actual Rows": 4,"Actual Loops": 45822,"Index Cond": "(l_orderkey = orders.o_orderkey)","Rows Removed by Index Recheck": 0,"Workers": []}]},{"Node Type": "Hash","Parent Relationship": "Inner","Parallel Aware": false,"Async Capable": false,"Startup Cost": 322.00,"Total Cost": 322.00,"Plan Rows": 10000,"Plan Width": 8,"Actual Startup Time": 8.249,"Actual Total Time": 8.253,"Actual Rows": 10000,"Actual Loops": 3,"Hash Buckets": 16384,"Original Hash Buckets": 16384,"Hash Batches": 1,"Original Hash Batches": 1,"Peak Memory Usage": 519,"Workers": [],"Plans": [{"Node Type": "Seq Scan","Parent Relationship": "Outer","Parallel Aware": false,"Async Capable": false,"Relation Name": "supplier","Alias": "supplier","Startup Cost": 0.00,"Total Cost": 322.00,"Plan Rows": 10000,"Plan Width": 8,"Actual Startup Time": 0.043,"Actual Total Time": 6.388,"Actual Rows": 10000,"Actual Loops": 3,"Workers": []}]}]}]}]}]}]}]},"Planning Time": 10.225,"Triggers": [],"Execution Time": 837.854}]
[{"Plan": {"Node Type": "Sort","Parallel Aware": false,"Async Capable": false,"Startup Cost": 21565.24,"Total Cost": 21565.30,"Plan Rows": 25,"Plan Width": 136,"Actual Startup Time": 809.309,"Actual Total Time": 841.501,"Actual Rows": 5,"Actual Loops": 1,"Sort Key": ["(sum((lineitem.l_extendedprice * ('1'::numeric - lineitem.l_discount)))) DESC"],"Sort Method": "quicksort","Sort Space Used": 25,"Sort Space Type": "Memory","Plans": [{"Node Type": "Aggregate","Strategy": "Sorted","Partial Mode": "Finalize","Parent Relationship": "Outer","Parallel Aware": false,"Async Capable": false,"Startup Cost": 21550.29,"Total Cost": 21564.66,"Plan Rows": 25,"Plan Width": 136,"Actual Startup Time": 808.678,"Actual Total Time": 841.457,"Actual Rows": 5,"Actual Loops": 1,"Group Key": ["nation.n_name"],"Plans": [{"Node Type": "Gather Merge","Parent Relationship": "Outer","Parallel Aware": false,"Async Capable": false,"Startup Cost": 21550.29,"Total Cost": 21563.97,"Plan Rows": 50,"Plan Width": 136,"Actual Startup Time": 808.243,"Actual Total Time": 841.406,"Actual Rows": 15,"Actual Loops": 1,"Workers Planned": 2,"Workers Launched": 2,"Plans": [{"Node Type": "Aggregate","Strategy": "Sorted","Partial Mode": "Partial","Parent Relationship": "Outer","Parallel Aware": false,"Async Capable": false,"Startup Cost": 20550.26,"Total Cost": 20558.18,"Plan Rows": 25,"Plan Width": 136,"Actual Startup Time": 800.586,"Actual Total Time": 801.383,"Actual Rows": 5,"Actual Loops": 3,"Group Key": ["nation.n_name"],"Workers": [],"Plans": [{"Node Type": "Sort","Parent Relationship": "Outer","Parallel Aware": false,"Async Capable": false,"Startup Cost": 20550.26,"Total Cost": 20551.78,"Plan Rows": 608,"Plan Width": 116,"Actual Startup Time": 800.370,"Actual Total Time": 800.511,"Actual Rows": 2409,"Actual Loops": 3,"Sort Key": ["nation.n_name"],"Sort Method": "quicksort","Sort Space Used": 290,"Sort Space Type": "Memory","Workers": [{"Worker Number": 0,"Sort Method": "quicksort","Sort Space Used": 281,"Sort Space Type": "Memory"},{"Worker Number": 1,"Sort Method": "quicksort","Sort Space Used": 283,"Sort Space Type": "Memory"}],"Plans": [{"Node Type": "Hash Join","Parent Relationship": "Outer","Parallel Aware": false,"Async Capable": false,"Join Type": "Inner","Startup Cost": 475.27,"Total Cost": 20522.15,"Plan Rows": 608,"Plan Width": 116,"Actual Startup Time": 14.807,"Actual Total Time": 798.884,"Actual Rows": 2409,"Actual Loops": 3,"Inner Unique": true,"Hash Cond": "((lineitem.l_suppkey = supplier.s_suppkey) AND (customer.c_nationkey = supplier.s_nationkey))","Workers": [],"Plans": [{"Node Type": "Nested Loop","Parent Relationship": "Outer","Parallel Aware": false,"Async Capable": false,"Join Type": "Inner","Startup Cost": 3.27,"Total Cost": 19970.29,"Plan Rows": 15211,"Plan Width": 128,"Actual Startup Time": 0.571,"Actual Total Time": 753.021,"Actual Rows": 60135,"Actual Loops": 3,"Inner Unique": false,"Workers": [],"Plans": [{"Node Type": "Nested Loop","Parent Relationship": "Outer","Parallel Aware": false,"Async Capable": false,"Join Type": "Inner","Startup Cost": 2.84,"Total Cost": 8414.26,"Plan Rows": 3802,"Plan Width": 116,"Actual Startup Time": 0.432,"Actual Total Time": 448.470,"Actual Rows": 15086,"Actual Loops": 3,"Inner Unique": false,"Workers": [],"Plans": [{"Node Type": "Hash Join","Parent Relationship": "Outer","Parallel Aware": false,"Async Capable": false,"Join Type": "Inner","Startup Cost": 2.41,"Total Cost": 4471.79,"Plan Rows": 2500,"Plan Width": 116,"Actual Startup Time": 0.234,"Actual Total Time": 55.967,"Actual Rows": 9968,"Actual Loops": 3,"Inner Unique": false,"Hash Cond": "(customer.c_nationkey = nation.n_nationkey)","Workers": [],"Plans": [{"Node Type": "Seq Scan","Parent Relationship": "Outer","Parallel Aware": true,"Async Capable": false,"Relation Name": "customer","Alias": "customer","Startup Cost": 0.00,"Total Cost": 4210.00,"Plan Rows": 62500,"Plan Width": 8,"Actual Startup Time": 0.014,"Actual Total Time": 9.575,"Actual Rows": 50000,"Actual Loops": 3,"Workers": []},{"Node Type": "Hash","Parent Relationship": "Inner","Parallel Aware": false,"Async Capable": false,"Startup Cost": 2.40,"Total Cost": 2.40,"Plan Rows": 1,"Plan Width": 108,"Actual Startup Time": 0.143,"Actual Total Time": 0.166,"Actual Rows": 5,"Actual Loops": 3,"Hash Buckets": 1024,"Original Hash Buckets": 1024,"Hash Batches": 1,"Original Hash Batches": 1,"Peak Memory Usage": 9,"Workers": [],"Plans": [{"Node Type": "Hash Join","Parent Relationship": "Outer","Parallel Aware": false,"Async Capable": false,"Join Type": "Inner","Startup Cost": 1.07,"Total Cost": 2.40,"Plan Rows": 1,"Plan Width": 108,"Actual Startup Time": 0.129,"Actual Total Time": 0.155,"Actual Rows": 5,"Actual Loops": 3,"Inner Unique": true,"Hash Cond": "(nation.n_regionkey = region.r_regionkey)","Workers": [],"Plans": [{"Node Type": "Seq Scan","Parent Relationship": "Outer","Parallel Aware": false,"Async Capable": false,"Relation Name": "nation","Alias": "nation","Startup Cost": 0.00,"Total Cost": 1.25,"Plan Rows": 25,"Plan Width": 112,"Actual Startup Time": 0.047,"Actual Total Time": 0.051,"Actual Rows": 25,"Actual Loops": 3,"Workers": []},{"Node Type": "Hash","Parent Relationship": "Inner","Parallel Aware": false,"Async Capable": false,"Startup Cost": 1.06,"Total Cost": 1.06,"Plan Rows": 1,"Plan Width": 4,"Actual Startup Time": 0.054,"Actual Total Time": 0.064,"Actual Rows": 1,"Actual Loops": 3,"Hash Buckets": 1024,"Original Hash Buckets": 1024,"Hash Batches": 1,"Original Hash Batches": 1,"Peak Memory Usage": 9,"Workers": [],"Plans": [{"Node Type": "Seq Scan","Parent Relationship": "Outer","Parallel Aware": false,"Async Capable": false,"Relation Name": "region","Alias": "region","Startup Cost": 0.00,"Total Cost": 1.06,"Plan Rows": 1,"Plan Width": 4,"Actual Startup Time": 0.039,"Actual Total Time": 0.041,"Actual Rows": 1,"Actual Loops": 3,"Filter": "(r_name = 'MIDDLE EAST'::bpchar)","Rows Removed by Filter": 4,"Workers": []}]}]}]}]},{"Node Type": "Index Scan","Parent Relationship": "Inner","Parallel Aware": false,"Async Capable": false,"Scan Direction": "Forward","Index Name": "idx_orders_custkey","Relation Name": "orders","Alias": "orders","Startup Cost": 0.43,"Total Cost": 1.55,"Plan Rows": 3,"Plan Width": 8,"Actual Startup Time": 0.017,"Actual Total Time": 0.039,"Actual Rows": 2,"Actual Loops": 29904,"Index Cond": "(o_custkey = customer.c_custkey)","Rows Removed by Index Recheck": 0,"Filter": "((o_orderdate >= '1995-01-01'::date) AND (o_orderdate < '1996-01-01 00:00:00'::timestamp without time zone))","Rows Removed by Filter": 8,"Workers": []}]},{"Node Type": "Index Scan","Parent Relationship": "Inner","Parallel Aware": false,"Async Capable": false,"Scan Direction": "Forward","Index Name": "idx_lineitem_orderkey","Relation Name": "lineitem","Alias": "lineitem","Startup Cost": 0.43,"Total Cost": 2.87,"Plan Rows": 17,"Plan Width": 20,"Actual Startup Time": 0.017,"Actual Total Time": 0.019,"Actual Rows": 4,"Actual Loops": 45257,"Index Cond": "(l_orderkey = orders.o_orderkey)","Rows Removed by Index Recheck": 0,"Workers": []}]},{"Node Type": "Hash","Parent Relationship": "Inner","Parallel Aware": false,"Async Capable": false,"Startup Cost": 322.00,"Total Cost": 322.00,"Plan Rows": 10000,"Plan Width": 8,"Actual Startup Time": 12.822,"Actual Total Time": 12.826,"Actual Rows": 10000,"Actual Loops": 3,"Hash Buckets": 16384,"Original Hash Buckets": 16384,"Hash Batches": 1,"Original Hash Batches": 1,"Peak Memory Usage": 519,"Workers": [],"Plans": [{"Node Type": "Seq Scan","Parent Relationship": "Outer","Parallel Aware": false,"Async Capable": false,"Relation Name": "supplier","Alias": "supplier","Startup Cost": 0.00,"Total Cost": 322.00,"Plan Rows": 10000,"Plan Width": 8,"Actual Startup Time": 0.044,"Actual Total Time": 11.057,"Actual Rows": 10000,"Actual Loops": 3,"Workers": []}]}]}]}]}]}]}]},"Planning Time": 10.537,"Triggers": [],"Execution Time": 841.938}]
[{"Plan": {"Node Type": "Sort","Parallel Aware": false,"Async Capable": false,"Startup Cost": 21565.24,"Total Cost": 21565.30,"Plan Rows": 25,"Plan Width": 136,"Actual Startup Time": 809.309,"Actual Total Time": 841.501,"Actual Rows": 5,"Actual Loops": 1,"Sort Key": ["(sum((lineitem.l_extendedprice * ('1'::numeric - lineitem.l_discount)))) DESC"],"Sort Method": "quicksort","Sort Space Used": 25,"Sort Space Type": "Memory","Plans": [{"Node Type": "Aggregate","Strategy": "Sorted","Partial Mode": "Finalize","Parent Relationship": "Outer","Parallel Aware": false,"Async Capable": false,"Startup Cost": 21550.29,"Total Cost": 21564.66,"Plan Rows": 25,"Plan Width": 136,"Actual Startup Time": 808.678,"Actual Total Time": 841.457,"Actual Rows": 5,"Actual Loops": 1,"Group Key": ["nation.n_name"],"Plans": [{"Node Type": "Gather Merge","Parent Relationship": "Outer","Parallel Aware": false,"Async Capable": false,"Startup Cost": 21550.29,"Total Cost": 21563.97,"Plan Rows": 50,"Plan Width": 136,"Actual Startup Time": 808.243,"Actual Total Time": 841.406,"Actual Rows": 15,"Actual Loops": 1,"Workers Planned": 2,"Workers Launched": 2,"Plans": [{"Node Type": "Aggregate","Strategy": "Sorted","Partial Mode": "Partial","Parent Relationship": "Outer","Parallel Aware": false,"Async Capable": false,"Startup Cost": 20550.26,"Total Cost": 20558.18,"Plan Rows": 25,"Plan Width": 136,"Actual Startup Time": 800.586,"Actual Total Time": 801.383,"Actual Rows": 5,"Actual Loops": 3,"Group Key": ["nation.n_name"],"Workers": [],"Plans": [{"Node Type": "Sort","Parent Relationship": "Outer","Parallel Aware": false,"Async Capable": false,"Startup Cost": 20550.26,"Total Cost": 20551.78,"Plan Rows": 608,"Plan Width": 116,"Actual Startup Time": 800.370,"Actual Total Time": 800.511,"Actual Rows": 2409,"Actual Loops": 3,"Sort Key": ["nation.n_name"],"Sort Method": "quicksort","Sort Space Used": 290,"Sort Space Type": "Memory","Workers": [{"Worker Number": 0,"Sort Method": "quicksort","Sort Space Used": 281,"Sort Space Type": "Memory"},{"Worker Number": 1,"Sort Method": "quicksort","Sort Space Used": 283,"Sort Space Type": "Memory"}],"Plans": [{"Node Type": "Hash Join","Parent Relationship": "Outer","Parallel Aware": false,"Async Capable": false,"Join Type": "Inner","Startup Cost": 475.27,"Total Cost": 20522.15,"Plan Rows": 608,"Plan Width": 116,"Actual Startup Time": 14.807,"Actual Total Time": 798.884,"Actual Rows": 2409,"Actual Loops": 3,"Inner Unique": true,"Hash Cond": "((lineitem.l_suppkey = supplier.s_suppkey) AND (customer.c_nationkey = supplier.s_nationkey))","Workers": [],"Plans": [{"Node Type": "Nested Loop","Parent Relationship": "Outer","Parallel Aware": false,"Async Capable": false,"Join Type": "Inner","Startup Cost": 3.27,"Total Cost": 19970.29,"Plan Rows": 15211,"Plan Width": 128,"Actual Startup Time": 0.571,"Actual Total Time": 753.021,"Actual Rows": 60135,"Actual Loops": 3,"Inner Unique": false,"Workers": [],"Plans": [{"Node Type": "Nested Loop","Parent Relationship": "Outer","Parallel Aware": false,"Async Capable": false,"Join Type": "Inner","Startup Cost": 2.84,"Total Cost": 8414.26,"Plan Rows": 3802,"Plan Width": 116,"Actual Startup Time": 0.432,"Actual Total Time": 448.470,"Actual Rows": 15086,"Actual Loops": 3,"Inner Unique": false,"Workers": [],"Plans": [{"Node Type": "Hash Join","Parent Relationship": "Outer","Parallel Aware": false,"Async Capable": false,"Join Type": "Inner","Startup Cost": 2.41,"Total Cost": 4471.79,"Plan Rows": 2500,"Plan Width": 116,"Actual Startup Time": 0.234,"Actual Total Time": 55.967,"Actual Rows": 9968,"Actual Loops": 3,"Inner Unique": false,"Hash Cond": "(customer.c_nationkey = nation.n_nationkey)","Workers": [],"Plans": [{"Node Type": "Seq Scan","Parent Relationship": "Outer","Parallel Aware": true,"Async Capable": false,"Relation Name": "customer","Alias": "customer","Startup Cost": 0.00,"Total Cost": 4210.00,"Plan Rows": 62500,"Plan Width": 8,"Actual Startup Time": 0.014,"Actual Total Time": 9.575,"Actual Rows": 50000,"Actual Loops": 3,"Workers": []},{"Node Type": "Hash","Parent Relationship": "Inner","Parallel Aware": false,"Async Capable": false,"Startup Cost": 2.40,"Total Cost": 2.40,"Plan Rows": 1,"Plan Width": 108,"Actual Startup Time": 0.143,"Actual Total Time": 0.166,"Actual Rows": 5,"Actual Loops": 3,"Hash Buckets": 1024,"Original Hash Buckets": 1024,"Hash Batches": 1,"Original Hash Batches": 1,"Peak Memory Usage": 9,"Workers": [],"Plans": [{"Node Type": "Hash Join","Parent Relationship": "Outer","Parallel Aware": false,"Async Capable": false,"Join Type": "Inner","Startup Cost": 1.07,"Total Cost": 2.40,"Plan Rows": 1,"Plan Width": 108,"Actual Startup Time": 0.129,"Actual Total Time": 0.155,"Actual Rows": 5,"Actual Loops": 3,"Inner Unique": true,"Hash Cond": "(nation.n_regionkey = region.r_regionkey)","Workers": [],"Plans": [{"Node Type": "Seq Scan","Parent Relationship": "Outer","Parallel Aware": false,"Async Capable": false,"Relation Name": "nation","Alias": "nation","Startup Cost": 0.00,"Total Cost": 1.25,"Plan Rows": 25,"Plan Width": 112,"Actual Startup Time": 0.047,"Actual Total Time": 0.051,"Actual Rows": 25,"Actual Loops": 3,"Workers": []},{"Node Type": "Hash","Parent Relationship": "Inner","Parallel Aware": false,"Async Capable": false,"Startup Cost": 1.06,"Total Cost": 1.06,"Plan Rows": 1,"Plan Width": 4,"Actual Startup Time": 0.054,"Actual Total Time": 0.064,"Actual Rows": 1,"Actual Loops": 3,"Hash Buckets": 1024,"Original Hash Buckets": 1024,"Hash Batches": 1,"Original Hash Batches": 1,"Peak Memory Usage": 9,"Workers": [],"Plans": [{"Node Type": "Seq Scan","Parent Relationship": "Outer","Parallel Aware": false,"Async Capable": false,"Relation Name": "region","Alias": "region","Startup Cost": 0.00,"Total Cost": 1.06,"Plan Rows": 1,"Plan Width": 4,"Actual Startup Time": 0.039,"Actual Total Time": 0.041,"Actual Rows": 1,"Actual Loops": 3,"Filter": "(r_name = 'MIDDLE EAST'::bpchar)","Rows Removed by Filter": 4,"Workers": []}]}]}]}]},{"Node Type": "Index Scan","Parent Relationship": "Inner","Parallel Aware": false,"Async Capable": false,"Scan Direction": "Forward","Index Name": "idx_orders_custkey","Relation Name": "orders","Alias": "orders","Startup Cost": 0.43,"Total Cost": 1.55,"Plan Rows": 3,"Plan Width": 8,"Actual Startup Time": 0.017,"Actual Total Time": 0.039,"Actual Rows": 2,"Actual Loops": 29904,"Index Cond": "(o_custkey = customer.c_custkey)","Rows Removed by Index Recheck": 0,"Filter": "((o_orderdate >= '1995-01-01'::date) AND (o_orderdate < '1996-01-01 00:00:00'::timestamp without time zone))","Rows Removed by Filter": 8,"Workers": []}]},{"Node Type": "Index Scan","Parent Relationship": "Inner","Parallel Aware": false,"Async Capable": false,"Scan Direction": "Forward","Index Name": "idx_lineitem_orderkey","Relation Name": "lineitem","Alias": "lineitem","Startup Cost": 0.43,"Total Cost": 2.87,"Plan Rows": 17,"Plan Width": 20,"Actual Startup Time": 0.017,"Actual Total Time": 0.019,"Actual Rows": 4,"Actual Loops": 45257,"Index Cond": "(l_orderkey = orders.o_orderkey)","Rows Removed by Index Recheck": 0,"Workers": []}]},{"Node Type": "Hash","Parent Relationship": "Inner","Parallel Aware": false,"Async Capable": false,"Startup Cost": 322.00,"Total Cost": 322.00,"Plan Rows": 10000,"Plan Width": 8,"Actual Startup Time": 12.822,"Actual Total Time": 12.826,"Actual Rows": 10000,"Actual Loops": 3,"Hash Buckets": 16384,"Original Hash Buckets": 16384,"Hash Batches": 1,"Original Hash Batches": 1,"Peak Memory Usage": 519,"Workers": [],"Plans": [{"Node Type": "Seq Scan","Parent Relationship": "Outer","Parallel Aware": false,"Async Capable": false,"Relation Name": "supplier","Alias": "supplier","Startup Cost": 0.00,"Total Cost": 322.00,"Plan Rows": 10000,"Plan Width": 8,"Actual Startup Time": 0.044,"Actual Total Time": 11.057,"Actual Rows": 10000,"Actual Loops": 3,"Workers": []}]}]}]}]}]}]}]},"Planning Time": 10.537,"Triggers": [],"Execution Time": 841.938}]
[{"Plan": {"Node Type": "Sort","Parallel Aware": false,"Async Capable": false,"Startup Cost": 21565.24,"Total Cost": 21565.30,"Plan Rows": 25,"Plan Width": 136,"Actual Startup Time": 809.309,"Actual Total Time": 841.501,"Actual Rows": 5,"Actual Loops": 1,"Sort Key": ["(sum((lineitem.l_extendedprice * ('1'::numeric - lineitem.l_discount)))) DESC"],"Sort Method": "quicksort","Sort Space Used": 25,"Sort Space Type": "Memory","Plans": [{"Node Type": "Aggregate","Strategy": "Sorted","Partial Mode": "Finalize","Parent Relationship": "Outer","Parallel Aware": false,"Async Capable": false,"Startup Cost": 21550.29,"Total Cost": 21564.66,"Plan Rows": 25,"Plan Width": 136,"Actual Startup Time": 808.678,"Actual Total Time": 841.457,"Actual Rows": 5,"Actual Loops": 1,"Group Key": ["nation.n_name"],"Plans": [{"Node Type": "Gather Merge","Parent Relationship": "Outer","Parallel Aware": false,"Async Capable": false,"Startup Cost": 21550.29,"Total Cost": 21563.97,"Plan Rows": 50,"Plan Width": 136,"Actual Startup Time": 808.243,"Actual Total Time": 841.406,"Actual Rows": 15,"Actual Loops": 1,"Workers Planned": 2,"Workers Launched": 2,"Plans": [{"Node Type": "Aggregate","Strategy": "Sorted","Partial Mode": "Partial","Parent Relationship": "Outer","Parallel Aware": false,"Async Capable": false,"Startup Cost": 20550.26,"Total Cost": 20558.18,"Plan Rows": 25,"Plan Width": 136,"Actual Startup Time": 800.586,"Actual Total Time": 801.383,"Actual Rows": 5,"Actual Loops": 3,"Group Key": ["nation.n_name"],"Workers": [],"Plans": [{"Node Type": "Sort","Parent Relationship": "Outer","Parallel Aware": false,"Async Capable": false,"Startup Cost": 20550.26,"Total Cost": 20551.78,"Plan Rows": 608,"Plan Width": 116,"Actual Startup Time": 800.370,"Actual Total Time": 800.511,"Actual Rows": 2409,"Actual Loops": 3,"Sort Key": ["nation.n_name"],"Sort Method": "quicksort","Sort Space Used": 290,"Sort Space Type": "Memory","Workers": [{"Worker Number": 0,"Sort Method": "quicksort","Sort Space Used": 281,"Sort Space Type": "Memory"},{"Worker Number": 1,"Sort Method": "quicksort","Sort Space Used": 283,"Sort Space Type": "Memory"}],"Plans": [{"Node Type": "Hash Join","Parent Relationship": "Outer","Parallel Aware": false,"Async Capable": false,"Join Type": "Inner","Startup Cost": 475.27,"Total Cost": 20522.15,"Plan Rows": 608,"Plan Width": 116,"Actual Startup Time": 14.807,"Actual Total Time": 798.884,"Actual Rows": 2409,"Actual Loops": 3,"Inner Unique": true,"Hash Cond": "((lineitem.l_suppkey = supplier.s_suppkey) AND (customer.c_nationkey = supplier.s_nationkey))","Workers": [],"Plans": [{"Node Type": "Nested Loop","Parent Relationship": "Outer","Parallel Aware": false,"Async Capable": false,"Join Type": "Inner","Startup Cost": 3.27,"Total Cost": 19970.29,"Plan Rows": 15211,"Plan Width": 128,"Actual Startup Time": 0.571,"Actual Total Time": 753.021,"Actual Rows": 60135,"Actual Loops": 3,"Inner Unique": false,"Workers": [],"Plans": [{"Node Type": "Nested Loop","Parent Relationship": "Outer","Parallel Aware": false,"Async Capable": false,"Join Type": "Inner","Startup Cost": 2.84,"Total Cost": 8414.26,"Plan Rows": 3802,"Plan Width": 116,"Actual Startup Time": 0.432,"Actual Total Time": 448.470,"Actual Rows": 15086,"Actual Loops": 3,"Inner Unique": false,"Workers": [],"Plans": [{"Node Type": "Hash Join","Parent Relationship": "Outer","Parallel Aware": false,"Async Capable": false,"Join Type": "Inner","Startup Cost": 2.41,"Total Cost": 4471.79,"Plan Rows": 2500,"Plan Width": 116,"Actual Startup Time": 0.234,"Actual Total Time": 55.967,"Actual Rows": 9968,"Actual Loops": 3,"Inner Unique": false,"Hash Cond": "(customer.c_nationkey = nation.n_nationkey)","Workers": [],"Plans": [{"Node Type": "Seq Scan","Parent Relationship": "Outer","Parallel Aware": true,"Async Capable": false,"Relation Name": "customer","Alias": "customer","Startup Cost": 0.00,"Total Cost": 4210.00,"Plan Rows": 62500,"Plan Width": 8,"Actual Startup Time": 0.014,"Actual Total Time": 9.575,"Actual Rows": 50000,"Actual Loops": 3,"Workers": []},{"Node Type": "Hash","Parent Relationship": "Inner","Parallel Aware": false,"Async Capable": false,"Startup Cost": 2.40,"Total Cost": 2.40,"Plan Rows": 1,"Plan Width": 108,"Actual Startup Time": 0.143,"Actual Total Time": 0.166,"Actual Rows": 5,"Actual Loops": 3,"Hash Buckets": 1024,"Original Hash Buckets": 1024,"Hash Batches": 1,"Original Hash Batches": 1,"Peak Memory Usage": 9,"Workers": [],"Plans": [{"Node Type": "Hash Join","Parent Relationship": "Outer","Parallel Aware": false,"Async Capable": false,"Join Type": "Inner","Startup Cost": 1.07,"Total Cost": 2.40,"Plan Rows": 1,"Plan Width": 108,"Actual Startup Time": 0.129,"Actual Total Time": 0.155,"Actual Rows": 5,"Actual Loops": 3,"Inner Unique": true,"Hash Cond": "(nation.n_regionkey = region.r_regionkey)","Workers": [],"Plans": [{"Node Type": "Seq Scan","Parent Relationship": "Outer","Parallel Aware": false,"Async Capable": false,"Relation Name": "nation","Alias": "nation","Startup Cost": 0.00,"Total Cost": 1.25,"Plan Rows": 25,"Plan Width": 112,"Actual Startup Time": 0.047,"Actual Total Time": 0.051,"Actual Rows": 25,"Actual Loops": 3,"Workers": []},{"Node Type": "Hash","Parent Relationship": "Inner","Parallel Aware": false,"Async Capable": false,"Startup Cost": 1.06,"Total Cost": 1.06,"Plan Rows": 1,"Plan Width": 4,"Actual Startup Time": 0.054,"Actual Total Time": 0.064,"Actual Rows": 1,"Actual Loops": 3,"Hash Buckets": 1024,"Original Hash Buckets": 1024,"Hash Batches": 1,"Original Hash Batches": 1,"Peak Memory Usage": 9,"Workers": [],"Plans": [{"Node Type": "Seq Scan","Parent Relationship": "Outer","Parallel Aware": false,"Async Capable": false,"Relation Name": "region","Alias": "region","Startup Cost": 0.00,"Total Cost": 1.06,"Plan Rows": 1,"Plan Width": 4,"Actual Startup Time": 0.039,"Actual Total Time": 0.041,"Actual Rows": 1,"Actual Loops": 3,"Filter": "(r_name = 'MIDDLE EAST'::bpchar)","Rows Removed by Filter": 4,"Workers": []}]}]}]}]},{"Node Type": "Index Scan","Parent Relationship": "Inner","Parallel Aware": false,"Async Capable": false,"Scan Direction": "Forward","Index Name": "idx_orders_custkey","Relation Name": "orders","Alias": "orders","Startup Cost": 0.43,"Total Cost": 1.55,"Plan Rows": 3,"Plan Width": 8,"Actual Startup Time": 0.017,"Actual Total Time": 0.039,"Actual Rows": 2,"Actual Loops": 29904,"Index Cond": "(o_custkey = customer.c_custkey)","Rows Removed by Index Recheck": 0,"Filter": "((o_orderdate >= '1995-01-01'::date) AND (o_orderdate < '1996-01-01 00:00:00'::timestamp without time zone))","Rows Removed by Filter": 8,"Workers": []}]},{"Node Type": "Index Scan","Parent Relationship": "Inner","Parallel Aware": false,"Async Capable": false,"Scan Direction": "Forward","Index Name": "idx_lineitem_orderkey","Relation Name": "lineitem","Alias": "lineitem","Startup Cost": 0.43,"Total Cost": 2.87,"Plan Rows": 17,"Plan Width": 20,"Actual Startup Time": 0.017,"Actual Total Time": 0.019,"Actual Rows": 4,"Actual Loops": 45257,"Index Cond": "(l_orderkey = orders.o_orderkey)","Rows Removed by Index Recheck": 0,"Workers": []}]},{"Node Type": "Hash","Parent Relationship": "Inner","Parallel Aware": false,"Async Capable": false,"Startup Cost": 322.00,"Total Cost": 322.00,"Plan Rows": 10000,"Plan Width": 8,"Actual Startup Time": 12.822,"Actual Total Time": 12.826,"Actual Rows": 10000,"Actual Loops": 3,"Hash Buckets": 16384,"Original Hash Buckets": 16384,"Hash Batches": 1,"Original Hash Batches": 1,"Peak Memory Usage": 519,"Workers": [],"Plans": [{"Node Type": "Seq Scan","Parent Relationship": "Outer","Parallel Aware": false,"Async Capable": false,"Relation Name": "supplier","Alias": "supplier","Startup Cost": 0.00,"Total Cost": 322.00,"Plan Rows": 10000,"Plan Width": 8,"Actual Startup Time": 0.044,"Actual Total Time": 11.057,"Actual Rows": 10000,"Actual Loops": 3,"Workers": []}]}]}]}]}]}]}]},"Planning Time": 10.537,"Triggers": [],"Execution Time": 841.938}]
[{"Plan": {"Node Type": "Sort","Parallel Aware": false,"Async Capable": false,"Startup Cost": 21565.81,"Total Cost": 21565.87,"Plan Rows": 25,"Plan Width": 136,"Actual Startup Time": 831.835,"Actual Total Time": 873.525,"Actual Rows": 5,"Actual Loops": 1,"Sort Key": ["(sum((lineitem.l_extendedprice * ('1'::numeric - lineitem.l_discount)))) DESC"],"Sort Method": "quicksort","Sort Space Used": 25,"Sort Space Type": "Memory","Plans": [{"Node Type": "Aggregate","Strategy": "Sorted","Partial Mode": "Finalize","Parent Relationship": "Outer","Parallel Aware": false,"Async Capable": false,"Startup Cost": 21550.86,"Total Cost": 21565.23,"Plan Rows": 25,"Plan Width": 136,"Actual Startup Time": 831.274,"Actual Total Time": 873.480,"Actual Rows": 5,"Actual Loops": 1,"Group Key": ["nation.n_name"],"Plans": [{"Node Type": "Gather Merge","Parent Relationship": "Outer","Parallel Aware": false,"Async Capable": false,"Startup Cost": 21550.86,"Total Cost": 21564.54,"Plan Rows": 50,"Plan Width": 136,"Actual Startup Time": 830.694,"Actual Total Time": 873.427,"Actual Rows": 15,"Actual Loops": 1,"Workers Planned": 2,"Workers Launched": 2,"Plans": [{"Node Type": "Aggregate","Strategy": "Sorted","Partial Mode": "Partial","Parent Relationship": "Outer","Parallel Aware": false,"Async Capable": false,"Startup Cost": 20550.84,"Total Cost": 20558.75,"Plan Rows": 25,"Plan Width": 136,"Actual Startup Time": 822.251,"Actual Total Time": 823.046,"Actual Rows": 5,"Actual Loops": 3,"Group Key": ["nation.n_name"],"Workers": [],"Plans": [{"Node Type": "Sort","Parent Relationship": "Outer","Parallel Aware": false,"Async Capable": false,"Startup Cost": 20550.84,"Total Cost": 20552.36,"Plan Rows": 608,"Plan Width": 116,"Actual Startup Time": 822.034,"Actual Total Time": 822.187,"Actual Rows": 2330,"Actual Loops": 3,"Sort Key": ["nation.n_name"],"Sort Method": "quicksort","Sort Space Used": 287,"Sort Space Type": "Memory","Workers": [{"Worker Number": 0,"Sort Method": "quicksort","Sort Space Used": 271,"Sort Space Type": "Memory"},{"Worker Number": 1,"Sort Method": "quicksort","Sort Space Used": 278,"Sort Space Type": "Memory"}],"Plans": [{"Node Type": "Hash Join","Parent Relationship": "Outer","Parallel Aware": false,"Async Capable": false,"Join Type": "Inner","Startup Cost": 475.27,"Total Cost": 20522.72,"Plan Rows": 608,"Plan Width": 116,"Actual Startup Time": 11.715,"Actual Total Time": 820.536,"Actual Rows": 2330,"Actual Loops": 3,"Inner Unique": true,"Hash Cond": "((lineitem.l_suppkey = supplier.s_suppkey) AND (customer.c_nationkey = supplier.s_nationkey))","Workers": [],"Plans": [{"Node Type": "Nested Loop","Parent Relationship": "Outer","Parallel Aware": false,"Async Capable": false,"Join Type": "Inner","Startup Cost": 3.27,"Total Cost": 19970.84,"Plan Rows": 15215,"Plan Width": 128,"Actual Startup Time": 0.848,"Actual Total Time": 777.711,"Actual Rows": 60416,"Actual Loops": 3,"Inner Unique": false,"Workers": [],"Plans": [{"Node Type": "Nested Loop","Parent Relationship": "Outer","Parallel Aware": false,"Async Capable": false,"Join Type": "Inner","Startup Cost": 2.84,"Total Cost": 8414.26,"Plan Rows": 3803,"Plan Width": 116,"Actual Startup Time": 0.710,"Actual Total Time": 470.008,"Actual Rows": 15150,"Actual Loops": 3,"Inner Unique": false,"Workers": [],"Plans": [{"Node Type": "Hash Join","Parent Relationship": "Outer","Parallel Aware": false,"Async Capable": false,"Join Type": "Inner","Startup Cost": 2.41,"Total Cost": 4471.79,"Plan Rows": 2500,"Plan Width": 116,"Actual Startup Time": 0.302,"Actual Total Time": 60.810,"Actual Rows": 9921,"Actual Loops": 3,"Inner Unique": false,"Hash Cond": "(customer.c_nationkey = nation.n_nationkey)","Workers": [],"Plans": [{"Node Type": "Seq Scan","Parent Relationship": "Outer","Parallel Aware": true,"Async Capable": false,"Relation Name": "customer","Alias": "customer","Startup Cost": 0.00,"Total Cost": 4210.00,"Plan Rows": 62500,"Plan Width": 8,"Actual Startup Time": 0.020,"Actual Total Time": 10.219,"Actual Rows": 50000,"Actual Loops": 3,"Workers": []},{"Node Type": "Hash","Parent Relationship": "Inner","Parallel Aware": false,"Async Capable": false,"Startup Cost": 2.40,"Total Cost": 2.40,"Plan Rows": 1,"Plan Width": 108,"Actual Startup Time": 0.183,"Actual Total Time": 0.205,"Actual Rows": 5,"Actual Loops": 3,"Hash Buckets": 1024,"Original Hash Buckets": 1024,"Hash Batches": 1,"Original Hash Batches": 1,"Peak Memory Usage": 9,"Workers": [],"Plans": [{"Node Type": "Hash Join","Parent Relationship": "Outer","Parallel Aware": false,"Async Capable": false,"Join Type": "Inner","Startup Cost": 1.07,"Total Cost": 2.40,"Plan Rows": 1,"Plan Width": 108,"Actual Startup Time": 0.167,"Actual Total Time": 0.195,"Actual Rows": 5,"Actual Loops": 3,"Inner Unique": true,"Hash Cond": "(nation.n_regionkey = region.r_regionkey)","Workers": [],"Plans": [{"Node Type": "Seq Scan","Parent Relationship": "Outer","Parallel Aware": false,"Async Capable": false,"Relation Name": "nation","Alias": "nation","Startup Cost": 0.00,"Total Cost": 1.25,"Plan Rows": 25,"Plan Width": 112,"Actual Startup Time": 0.065,"Actual Total Time": 0.070,"Actual Rows": 25,"Actual Loops": 3,"Workers": []},{"Node Type": "Hash","Parent Relationship": "Inner","Parallel Aware": false,"Async Capable": false,"Startup Cost": 1.06,"Total Cost": 1.06,"Plan Rows": 1,"Plan Width": 4,"Actual Startup Time": 0.074,"Actual Total Time": 0.079,"Actual Rows": 1,"Actual Loops": 3,"Hash Buckets": 1024,"Original Hash Buckets": 1024,"Hash Batches": 1,"Original Hash Batches": 1,"Peak Memory Usage": 9,"Workers": [],"Plans": [{"Node Type": "Seq Scan","Parent Relationship": "Outer","Parallel Aware": false,"Async Capable": false,"Relation Name": "region","Alias": "region","Startup Cost": 0.00,"Total Cost": 1.06,"Plan Rows": 1,"Plan Width": 4,"Actual Startup Time": 0.049,"Actual Total Time": 0.053,"Actual Rows": 1,"Actual Loops": 3,"Filter": "(r_name = 'AFRICA'::bpchar)","Rows Removed by Filter": 4,"Workers": []}]}]}]}]},{"Node Type": "Index Scan","Parent Relationship": "Inner","Parallel Aware": false,"Async Capable": false,"Scan Direction": "Forward","Index Name": "idx_orders_custkey","Relation Name": "orders","Alias": "orders","Startup Cost": 0.43,"Total Cost": 1.55,"Plan Rows": 3,"Plan Width": 8,"Actual Startup Time": 0.018,"Actual Total Time": 0.041,"Actual Rows": 2,"Actual Loops": 29764,"Index Cond": "(o_custkey = customer.c_custkey)","Rows Removed by Index Recheck": 0,"Filter": "((o_orderdate >= '1997-01-01'::date) AND (o_orderdate < '1998-01-01 00:00:00'::timestamp without time zone))","Rows Removed by Filter": 9,"Workers": []}]},{"Node Type": "Index Scan","Parent Relationship": "Inner","Parallel Aware": false,"Async Capable": false,"Scan Direction": "Forward","Index Name": "idx_lineitem_orderkey","Relation Name": "lineitem","Alias": "lineitem","Startup Cost": 0.43,"Total Cost": 2.87,"Plan Rows": 17,"Plan Width": 20,"Actual Startup Time": 0.017,"Actual Total Time": 0.020,"Actual Rows": 4,"Actual Loops": 45450,"Index Cond": "(l_orderkey = orders.o_orderkey)","Rows Removed by Index Recheck": 0,"Workers": []}]},{"Node Type": "Hash","Parent Relationship": "Inner","Parallel Aware": false,"Async Capable": false,"Startup Cost": 322.00,"Total Cost": 322.00,"Plan Rows": 10000,"Plan Width": 8,"Actual Startup Time": 8.425,"Actual Total Time": 8.430,"Actual Rows": 10000,"Actual Loops": 3,"Hash Buckets": 16384,"Original Hash Buckets": 16384,"Hash Batches": 1,"Original Hash Batches": 1,"Peak Memory Usage": 519,"Workers": [],"Plans": [{"Node Type": "Seq Scan","Parent Relationship": "Outer","Parallel Aware": false,"Async Capable": false,"Relation Name": "supplier","Alias": "supplier","Startup Cost": 0.00,"Total Cost": 322.00,"Plan Rows": 10000,"Plan Width": 8,"Actual Startup Time": 0.044,"Actual Total Time": 6.920,"Actual Rows": 10000,"Actual Loops": 3,"Workers": []}]}]}]}]}]}]}]},"Planning Time": 9.220,"Triggers": [],"Execution Time": 874.104}]
[{"Plan": {"Node Type": "Sort","Parallel Aware": false,"Async Capable": false,"Startup Cost": 21616.39,"Total Cost": 21616.45,"Plan Rows": 25,"Plan Width": 136,"Actual Startup Time": 817.171,"Actual Total Time": 848.557,"Actual Rows": 5,"Actual Loops": 1,"Sort Key": ["(sum((lineitem.l_extendedprice * ('1'::numeric - lineitem.l_discount)))) DESC"],"Sort Method": "quicksort","Sort Space Used": 25,"Sort Space Type": "Memory","Plans": [{"Node Type": "Aggregate","Strategy": "Sorted","Partial Mode": "Finalize","Parent Relationship": "Outer","Parallel Aware": false,"Async Capable": false,"Startup Cost": 21601.33,"Total Cost": 21615.81,"Plan Rows": 25,"Plan Width": 136,"Actual Startup Time": 816.250,"Actual Total Time": 848.503,"Actual Rows": 5,"Actual Loops": 1,"Group Key": ["nation.n_name"],"Plans": [{"Node Type": "Gather Merge","Parent Relationship": "Outer","Parallel Aware": false,"Async Capable": false,"Startup Cost": 21601.33,"Total Cost": 21615.12,"Plan Rows": 50,"Plan Width": 136,"Actual Startup Time": 815.620,"Actual Total Time": 848.441,"Actual Rows": 15,"Actual Loops": 1,"Workers Planned": 2,"Workers Launched": 2,"Plans": [{"Node Type": "Aggregate","Strategy": "Sorted","Partial Mode": "Partial","Parent Relationship": "Outer","Parallel Aware": false,"Async Capable": false,"Startup Cost": 20601.30,"Total Cost": 20609.33,"Plan Rows": 25,"Plan Width": 136,"Actual Startup Time": 807.499,"Actual Total Time": 808.444,"Actual Rows": 5,"Actual Loops": 3,"Group Key": ["nation.n_name"],"Workers": [],"Plans": [{"Node Type": "Sort","Parent Relationship": "Outer","Parallel Aware": false,"Async Capable": false,"Startup Cost": 20601.30,"Total Cost": 20602.85,"Plan Rows": 617,"Plan Width": 116,"Actual Startup Time": 807.276,"Actual Total Time": 807.432,"Actual Rows": 2427,"Actual Loops": 3,"Sort Key": ["nation.n_name"],"Sort Method": "quicksort","Sort Space Used": 295,"Sort Space Type": "Memory","Workers": [{"Worker Number": 0,"Sort Method": "quicksort","Sort Space Used": 285,"Sort Space Type": "Memory"},{"Worker Number": 1,"Sort Method": "quicksort","Sort Space Used": 279,"Sort Space Type": "Memory"}],"Plans": [{"Node Type": "Hash Join","Parent Relationship": "Outer","Parallel Aware": false,"Async Capable": false,"Join Type": "Inner","Startup Cost": 475.27,"Total Cost": 20572.71,"Plan Rows": 617,"Plan Width": 116,"Actual Startup Time": 13.659,"Actual Total Time": 805.763,"Actual Rows": 2427,"Actual Loops": 3,"Inner Unique": true,"Hash Cond": "((lineitem.l_suppkey = supplier.s_suppkey) AND (customer.c_nationkey = supplier.s_nationkey))","Workers": [],"Plans": [{"Node Type": "Nested Loop","Parent Relationship": "Outer","Parallel Aware": false,"Async Capable": false,"Join Type": "Inner","Startup Cost": 3.27,"Total Cost": 20019.70,"Plan Rows": 15431,"Plan Width": 128,"Actual Startup Time": 0.940,"Actual Total Time": 760.394,"Actual Rows": 61187,"Actual Loops": 3,"Inner Unique": false,"Workers": [],"Plans": [{"Node Type": "Nested Loop","Parent Relationship": "Outer","Parallel Aware": false,"Async Capable": false,"Join Type": "Inner","Startup Cost": 2.84,"Total Cost": 8414.26,"Plan Rows": 3857,"Plan Width": 116,"Actual Startup Time": 0.804,"Actual Total Time": 453.891,"Actual Rows": 15325,"Actual Loops": 3,"Inner Unique": false,"Workers": [],"Plans": [{"Node Type": "Hash Join","Parent Relationship": "Outer","Parallel Aware": false,"Async Capable": false,"Join Type": "Inner","Startup Cost": 2.41,"Total Cost": 4471.79,"Plan Rows": 2500,"Plan Width": 116,"Actual Startup Time": 0.319,"Actual Total Time": 55.842,"Actual Rows": 10061,"Actual Loops": 3,"Inner Unique": false,"Hash Cond": "(customer.c_nationkey = nation.n_nationkey)","Workers": [],"Plans": [{"Node Type": "Seq Scan","Parent Relationship": "Outer","Parallel Aware": true,"Async Capable": false,"Relation Name": "customer","Alias": "customer","Startup Cost": 0.00,"Total Cost": 4210.00,"Plan Rows": 62500,"Plan Width": 8,"Actual Startup Time": 0.026,"Actual Total Time": 9.689,"Actual Rows": 50000,"Actual Loops": 3,"Workers": []},{"Node Type": "Hash","Parent Relationship": "Inner","Parallel Aware": false,"Async Capable": false,"Startup Cost": 2.40,"Total Cost": 2.40,"Plan Rows": 1,"Plan Width": 108,"Actual Startup Time": 0.180,"Actual Total Time": 0.198,"Actual Rows": 5,"Actual Loops": 3,"Hash Buckets": 1024,"Original Hash Buckets": 1024,"Hash Batches": 1,"Original Hash Batches": 1,"Peak Memory Usage": 9,"Workers": [],"Plans": [{"Node Type": "Hash Join","Parent Relationship": "Outer","Parallel Aware": false,"Async Capable": false,"Join Type": "Inner","Startup Cost": 1.07,"Total Cost": 2.40,"Plan Rows": 1,"Plan Width": 108,"Actual Startup Time": 0.166,"Actual Total Time": 0.188,"Actual Rows": 5,"Actual Loops": 3,"Inner Unique": true,"Hash Cond": "(nation.n_regionkey = region.r_regionkey)","Workers": [],"Plans": [{"Node Type": "Seq Scan","Parent Relationship": "Outer","Parallel Aware": false,"Async Capable": false,"Relation Name": "nation","Alias": "nation","Startup Cost": 0.00,"Total Cost": 1.25,"Plan Rows": 25,"Plan Width": 112,"Actual Startup Time": 0.055,"Actual Total Time": 0.060,"Actual Rows": 25,"Actual Loops": 3,"Workers": []},{"Node Type": "Hash","Parent Relationship": "Inner","Parallel Aware": false,"Async Capable": false,"Startup Cost": 1.06,"Total Cost": 1.06,"Plan Rows": 1,"Plan Width": 4,"Actual Startup Time": 0.079,"Actual Total Time": 0.084,"Actual Rows": 1,"Actual Loops": 3,"Hash Buckets": 1024,"Original Hash Buckets": 1024,"Hash Batches": 1,"Original Hash Batches": 1,"Peak Memory Usage": 9,"Workers": [],"Plans": [{"Node Type": "Seq Scan","Parent Relationship": "Outer","Parallel Aware": false,"Async Capable": false,"Relation Name": "region","Alias": "region","Startup Cost": 0.00,"Total Cost": 1.06,"Plan Rows": 1,"Plan Width": 4,"Actual Startup Time": 0.058,"Actual Total Time": 0.061,"Actual Rows": 1,"Actual Loops": 3,"Filter": "(r_name = 'ASIA'::bpchar)","Rows Removed by Filter": 4,"Workers": []}]}]}]}]},{"Node Type": "Index Scan","Parent Relationship": "Inner","Parallel Aware": false,"Async Capable": false,"Scan Direction": "Forward","Index Name": "idx_orders_custkey","Relation Name": "orders","Alias": "orders","Startup Cost": 0.43,"Total Cost": 1.55,"Plan Rows": 3,"Plan Width": 8,"Actual Startup Time": 0.017,"Actual Total Time": 0.039,"Actual Rows": 2,"Actual Loops": 30183,"Index Cond": "(o_custkey = customer.c_custkey)","Rows Removed by Index Recheck": 0,"Filter": "((o_orderdate >= '1996-01-01'::date) AND (o_orderdate < '1997-01-01 00:00:00'::timestamp without time zone))","Rows Removed by Filter": 8,"Workers": []}]},{"Node Type": "Index Scan","Parent Relationship": "Inner","Parallel Aware": false,"Async Capable": false,"Scan Direction": "Forward","Index Name": "idx_lineitem_orderkey","Relation Name": "lineitem","Alias": "lineitem","Startup Cost": 0.43,"Total Cost": 2.84,"Plan Rows": 17,"Plan Width": 20,"Actual Startup Time": 0.017,"Actual Total Time": 0.019,"Actual Rows": 4,"Actual Loops": 45976,"Index Cond": "(l_orderkey = orders.o_orderkey)","Rows Removed by Index Recheck": 0,"Workers": []}]},{"Node Type": "Hash","Parent Relationship": "Inner","Parallel Aware": false,"Async Capable": false,"Startup Cost": 322.00,"Total Cost": 322.00,"Plan Rows": 10000,"Plan Width": 8,"Actual Startup Time": 12.172,"Actual Total Time": 12.179,"Actual Rows": 10000,"Actual Loops": 3,"Hash Buckets": 16384,"Original Hash Buckets": 16384,"Hash Batches": 1,"Original Hash Batches": 1,"Peak Memory Usage": 519,"Workers": [],"Plans": [{"Node Type": "Seq Scan","Parent Relationship": "Outer","Parallel Aware": false,"Async Capable": false,"Relation Name": "supplier","Alias": "supplier","Startup Cost": 0.00,"Total Cost": 322.00,"Plan Rows": 10000,"Plan Width": 8,"Actual Startup Time": 0.048,"Actual Total Time": 10.623,"Actual Rows": 10000,"Actual Loops": 3,"Workers": []}]}]}]}]}]}]}]},"Planning Time": 10.688,"Triggers": [],"Execution Time": 848.991}]
[{"Plan": {"Node Type": "Sort","Parallel Aware": false,"Async Capable": false,"Startup Cost": 21616.39,"Total Cost": 21616.45,"Plan Rows": 25,"Plan Width": 136,"Actual Startup Time": 802.725,"Actual Total Time": 834.940,"Actual Rows": 5,"Actual Loops": 1,"Sort Key": ["(sum((lineitem.l_extendedprice * ('1'::numeric - lineitem.l_discount)))) DESC"],"Sort Method": "quicksort","Sort Space Used": 25,"Sort Space Type": "Memory","Plans": [{"Node Type": "Aggregate","Strategy": "Sorted","Partial Mode": "Finalize","Parent Relationship": "Outer","Parallel Aware": false,"Async Capable": false,"Startup Cost": 21601.33,"Total Cost": 21615.81,"Plan Rows": 25,"Plan Width": 136,"Actual Startup Time": 802.089,"Actual Total Time": 834.889,"Actual Rows": 5,"Actual Loops": 1,"Group Key": ["nation.n_name"],"Plans": [{"Node Type": "Gather Merge","Parent Relationship": "Outer","Parallel Aware": false,"Async Capable": false,"Startup Cost": 21601.33,"Total Cost": 21615.12,"Plan Rows": 50,"Plan Width": 136,"Actual Startup Time": 801.869,"Actual Total Time": 834.838,"Actual Rows": 15,"Actual Loops": 1,"Workers Planned": 2,"Workers Launched": 2,"Plans": [{"Node Type": "Aggregate","Strategy": "Sorted","Partial Mode": "Partial","Parent Relationship": "Outer","Parallel Aware": false,"Async Capable": false,"Startup Cost": 20601.30,"Total Cost": 20609.33,"Plan Rows": 25,"Plan Width": 136,"Actual Startup Time": 794.218,"Actual Total Time": 794.940,"Actual Rows": 5,"Actual Loops": 3,"Group Key": ["nation.n_name"],"Workers": [],"Plans": [{"Node Type": "Sort","Parent Relationship": "Outer","Parallel Aware": false,"Async Capable": false,"Startup Cost": 20601.30,"Total Cost": 20602.85,"Plan Rows": 617,"Plan Width": 116,"Actual Startup Time": 793.996,"Actual Total Time": 794.120,"Actual Rows": 2469,"Actual Loops": 3,"Sort Key": ["nation.n_name"],"Sort Method": "quicksort","Sort Space Used": 296,"Sort Space Type": "Memory","Workers": [{"Worker Number": 0,"Sort Method": "quicksort","Sort Space Used": 284,"Sort Space Type": "Memory"},{"Worker Number": 1,"Sort Method": "quicksort","Sort Space Used": 288,"Sort Space Type": "Memory"}],"Plans": [{"Node Type": "Hash Join","Parent Relationship": "Outer","Parallel Aware": false,"Async Capable": false,"Join Type": "Inner","Startup Cost": 475.27,"Total Cost": 20572.71,"Plan Rows": 617,"Plan Width": 116,"Actual Startup Time": 14.848,"Actual Total Time": 792.432,"Actual Rows": 2469,"Actual Loops": 3,"Inner Unique": true,"Hash Cond": "((lineitem.l_suppkey = supplier.s_suppkey) AND (customer.c_nationkey = supplier.s_nationkey))","Workers": [],"Plans": [{"Node Type": "Nested Loop","Parent Relationship": "Outer","Parallel Aware": false,"Async Capable": false,"Join Type": "Inner","Startup Cost": 3.27,"Total Cost": 20019.70,"Plan Rows": 15431,"Plan Width": 128,"Actual Startup Time": 0.724,"Actual Total Time": 746.203,"Actual Rows": 60646,"Actual Loops": 3,"Inner Unique": false,"Workers": [],"Plans": [{"Node Type": "Nested Loop","Parent Relationship": "Outer","Parallel Aware": false,"Async Capable": false,"Join Type": "Inner","Startup Cost": 2.84,"Total Cost": 8414.26,"Plan Rows": 3857,"Plan Width": 116,"Actual Startup Time": 0.603,"Actual Total Time": 446.704,"Actual Rows": 15077,"Actual Loops": 3,"Inner Unique": false,"Workers": [],"Plans": [{"Node Type": "Hash Join","Parent Relationship": "Outer","Parallel Aware": false,"Async Capable": false,"Join Type": "Inner","Startup Cost": 2.41,"Total Cost": 4471.79,"Plan Rows": 2500,"Plan Width": 116,"Actual Startup Time": 0.232,"Actual Total Time": 54.148,"Actual Rows": 9968,"Actual Loops": 3,"Inner Unique": false,"Hash Cond": "(customer.c_nationkey = nation.n_nationkey)","Workers": [],"Plans": [{"Node Type": "Seq Scan","Parent Relationship": "Outer","Parallel Aware": true,"Async Capable": false,"Relation Name": "customer","Alias": "customer","Startup Cost": 0.00,"Total Cost": 4210.00,"Plan Rows": 62500,"Plan Width": 8,"Actual Startup Time": 0.016,"Actual Total Time": 9.432,"Actual Rows": 50000,"Actual Loops": 3,"Workers": []},{"Node Type": "Hash","Parent Relationship": "Inner","Parallel Aware": false,"Async Capable": false,"Startup Cost": 2.40,"Total Cost": 2.40,"Plan Rows": 1,"Plan Width": 108,"Actual Startup Time": 0.135,"Actual Total Time": 0.148,"Actual Rows": 5,"Actual Loops": 3,"Hash Buckets": 1024,"Original Hash Buckets": 1024,"Hash Batches": 1,"Original Hash Batches": 1,"Peak Memory Usage": 9,"Workers": [],"Plans": [{"Node Type": "Hash Join","Parent Relationship": "Outer","Parallel Aware": false,"Async Capable": false,"Join Type": "Inner","Startup Cost": 1.07,"Total Cost": 2.40,"Plan Rows": 1,"Plan Width": 108,"Actual Startup Time": 0.120,"Actual Total Time": 0.140,"Actual Rows": 5,"Actual Loops": 3,"Inner Unique": true,"Hash Cond": "(nation.n_regionkey = region.r_regionkey)","Workers": [],"Plans": [{"Node Type": "Seq Scan","Parent Relationship": "Outer","Parallel Aware": false,"Async Capable": false,"Relation Name": "nation","Alias": "nation","Startup Cost": 0.00,"Total Cost": 1.25,"Plan Rows": 25,"Plan Width": 112,"Actual Startup Time": 0.048,"Actual Total Time": 0.052,"Actual Rows": 25,"Actual Loops": 3,"Workers": []},{"Node Type": "Hash","Parent Relationship": "Inner","Parallel Aware": false,"Async Capable": false,"Startup Cost": 1.06,"Total Cost": 1.06,"Plan Rows": 1,"Plan Width": 4,"Actual Startup Time": 0.046,"Actual Total Time": 0.050,"Actual Rows": 1,"Actual Loops": 3,"Hash Buckets": 1024,"Original Hash Buckets": 1024,"Hash Batches": 1,"Original Hash Batches": 1,"Peak Memory Usage": 9,"Workers": [],"Plans": [{"Node Type": "Seq Scan","Parent Relationship": "Outer","Parallel Aware": false,"Async Capable": false,"Relation Name": "region","Alias": "region","Startup Cost": 0.00,"Total Cost": 1.06,"Plan Rows": 1,"Plan Width": 4,"Actual Startup Time": 0.033,"Actual Total Time": 0.035,"Actual Rows": 1,"Actual Loops": 3,"Filter": "(r_name = 'MIDDLE EAST'::bpchar)","Rows Removed by Filter": 4,"Workers": []}]}]}]}]},{"Node Type": "Index Scan","Parent Relationship": "Inner","Parallel Aware": false,"Async Capable": false,"Scan Direction": "Forward","Index Name": "idx_orders_custkey","Relation Name": "orders","Alias": "orders","Startup Cost": 0.43,"Total Cost": 1.55,"Plan Rows": 3,"Plan Width": 8,"Actual Startup Time": 0.017,"Actual Total Time": 0.039,"Actual Rows": 2,"Actual Loops": 29904,"Index Cond": "(o_custkey = customer.c_custkey)","Rows Removed by Index Recheck": 0,"Filter": "((o_orderdate >= '1996-01-01'::date) AND (o_orderdate < '1997-01-01 00:00:00'::timestamp without time zone))","Rows Removed by Filter": 8,"Workers": []}]},{"Node Type": "Index Scan","Parent Relationship": "Inner","Parallel Aware": false,"Async Capable": false,"Scan Direction": "Forward","Index Name": "idx_lineitem_orderkey","Relation Name": "lineitem","Alias": "lineitem","Startup Cost": 0.43,"Total Cost": 2.84,"Plan Rows": 17,"Plan Width": 20,"Actual Startup Time": 0.016,"Actual Total Time": 0.019,"Actual Rows": 4,"Actual Loops": 45231,"Index Cond": "(l_orderkey = orders.o_orderkey)","Rows Removed by Index Recheck": 0,"Workers": []}]},{"Node Type": "Hash","Parent Relationship": "Inner","Parallel Aware": false,"Async Capable": false,"Startup Cost": 322.00,"Total Cost": 322.00,"Plan Rows": 10000,"Plan Width": 8,"Actual Startup Time": 13.111,"Actual Total Time": 13.116,"Actual Rows": 10000,"Actual Loops": 3,"Hash Buckets": 16384,"Original Hash Buckets": 16384,"Hash Batches": 1,"Original Hash Batches": 1,"Peak Memory Usage": 519,"Workers": [],"Plans": [{"Node Type": "Seq Scan","Parent Relationship": "Outer","Parallel Aware": false,"Async Capable": false,"Relation Name": "supplier","Alias": "supplier","Startup Cost": 0.00,"Total Cost": 322.00,"Plan Rows": 10000,"Plan Width": 8,"Actual Startup Time": 0.041,"Actual Total Time": 11.446,"Actual Rows": 10000,"Actual Loops": 3,"Workers": []}]}]}]}]}]}]}]},"Planning Time": 10.334,"Triggers": [],"Execution Time": 835.373}]
[{"Plan": {"Node Type": "Sort","Parallel Aware": false,"Async Capable": false,"Startup Cost": 21565.81,"Total Cost": 21565.87,"Plan Rows": 25,"Plan Width": 136,"Actual Startup Time": 823.071,"Actual Total Time": 855.607,"Actual Rows": 5,"Actual Loops": 1,"Sort Key": ["(sum((lineitem.l_extendedprice * ('1'::numeric - lineitem.l_discount)))) DESC"],"Sort Method": "quicksort","Sort Space Used": 25,"Sort Space Type": "Memory","Plans": [{"Node Type": "Aggregate","Strategy": "Sorted","Partial Mode": "Finalize","Parent Relationship": "Outer","Parallel Aware": false,"Async Capable": false,"Startup Cost": 21550.86,"Total Cost": 21565.23,"Plan Rows": 25,"Plan Width": 136,"Actual Startup Time": 822.468,"Actual Total Time": 855.547,"Actual Rows": 5,"Actual Loops": 1,"Group Key": ["nation.n_name"],"Plans": [{"Node Type": "Gather Merge","Parent Relationship": "Outer","Parallel Aware": false,"Async Capable": false,"Startup Cost": 21550.86,"Total Cost": 21564.54,"Plan Rows": 50,"Plan Width": 136,"Actual Startup Time": 822.203,"Actual Total Time": 855.489,"Actual Rows": 15,"Actual Loops": 1,"Workers Planned": 2,"Workers Launched": 2,"Plans": [{"Node Type": "Aggregate","Strategy": "Sorted","Partial Mode": "Partial","Parent Relationship": "Outer","Parallel Aware": false,"Async Capable": false,"Startup Cost": 20550.84,"Total Cost": 20558.75,"Plan Rows": 25,"Plan Width": 136,"Actual Startup Time": 814.240,"Actual Total Time": 814.959,"Actual Rows": 5,"Actual Loops": 3,"Group Key": ["nation.n_name"],"Workers": [],"Plans": [{"Node Type": "Sort","Parent Relationship": "Outer","Parallel Aware": false,"Async Capable": false,"Startup Cost": 20550.84,"Total Cost": 20552.36,"Plan Rows": 608,"Plan Width": 116,"Actual Startup Time": 814.029,"Actual Total Time": 814.149,"Actual Rows": 2473,"Actual Loops": 3,"Sort Key": ["nation.n_name"],"Sort Method": "quicksort","Sort Space Used": 297,"Sort Space Type": "Memory","Workers": [{"Worker Number": 0,"Sort Method": "quicksort","Sort Space Used": 287,"Sort Space Type": "Memory"},{"Worker Number": 1,"Sort Method": "quicksort","Sort Space Used": 284,"Sort Space Type": "Memory"}],"Plans": [{"Node Type": "Hash Join","Parent Relationship": "Outer","Parallel Aware": false,"Async Capable": false,"Join Type": "Inner","Startup Cost": 475.27,"Total Cost": 20522.72,"Plan Rows": 608,"Plan Width": 116,"Actual Startup Time": 11.318,"Actual Total Time": 812.483,"Actual Rows": 2473,"Actual Loops": 3,"Inner Unique": true,"Hash Cond": "((lineitem.l_suppkey = supplier.s_suppkey) AND (customer.c_nationkey = supplier.s_nationkey))","Workers": [],"Plans": [{"Node Type": "Nested Loop","Parent Relationship": "Outer","Parallel Aware": false,"Async Capable": false,"Join Type": "Inner","Startup Cost": 3.27,"Total Cost": 19970.84,"Plan Rows": 15215,"Plan Width": 128,"Actual Startup Time": 0.595,"Actual Total Time": 768.935,"Actual Rows": 60276,"Actual Loops": 3,"Inner Unique": false,"Workers": [],"Plans": [{"Node Type": "Nested Loop","Parent Relationship": "Outer","Parallel Aware": false,"Async Capable": false,"Join Type": "Inner","Startup Cost": 2.84,"Total Cost": 8414.26,"Plan Rows": 3803,"Plan Width": 116,"Actual Startup Time": 0.466,"Actual Total Time": 464.532,"Actual Rows": 15032,"Actual Loops": 3,"Inner Unique": false,"Workers": [],"Plans": [{"Node Type": "Hash Join","Parent Relationship": "Outer","Parallel Aware": false,"Async Capable": false,"Join Type": "Inner","Startup Cost": 2.41,"Total Cost": 4471.79,"Plan Rows": 2500,"Plan Width": 116,"Actual Startup Time": 0.243,"Actual Total Time": 60.744,"Actual Rows": 9968,"Actual Loops": 3,"Inner Unique": false,"Hash Cond": "(customer.c_nationkey = nation.n_nationkey)","Workers": [],"Plans": [{"Node Type": "Seq Scan","Parent Relationship": "Outer","Parallel Aware": true,"Async Capable": false,"Relation Name": "customer","Alias": "customer","Startup Cost": 0.00,"Total Cost": 4210.00,"Plan Rows": 62500,"Plan Width": 8,"Actual Startup Time": 0.012,"Actual Total Time": 10.205,"Actual Rows": 50000,"Actual Loops": 3,"Workers": []},{"Node Type": "Hash","Parent Relationship": "Inner","Parallel Aware": false,"Async Capable": false,"Startup Cost": 2.40,"Total Cost": 2.40,"Plan Rows": 1,"Plan Width": 108,"Actual Startup Time": 0.142,"Actual Total Time": 0.157,"Actual Rows": 5,"Actual Loops": 3,"Hash Buckets": 1024,"Original Hash Buckets": 1024,"Hash Batches": 1,"Original Hash Batches": 1,"Peak Memory Usage": 9,"Workers": [],"Plans": [{"Node Type": "Hash Join","Parent Relationship": "Outer","Parallel Aware": false,"Async Capable": false,"Join Type": "Inner","Startup Cost": 1.07,"Total Cost": 2.40,"Plan Rows": 1,"Plan Width": 108,"Actual Startup Time": 0.130,"Actual Total Time": 0.149,"Actual Rows": 5,"Actual Loops": 3,"Inner Unique": true,"Hash Cond": "(nation.n_regionkey = region.r_regionkey)","Workers": [],"Plans": [{"Node Type": "Seq Scan","Parent Relationship": "Outer","Parallel Aware": false,"Async Capable": false,"Relation Name": "nation","Alias": "nation","Startup Cost": 0.00,"Total Cost": 1.25,"Plan Rows": 25,"Plan Width": 112,"Actual Startup Time": 0.040,"Actual Total Time": 0.044,"Actual Rows": 25,"Actual Loops": 3,"Workers": []},{"Node Type": "Hash","Parent Relationship": "Inner","Parallel Aware": false,"Async Capable": false,"Startup Cost": 1.06,"Total Cost": 1.06,"Plan Rows": 1,"Plan Width": 4,"Actual Startup Time": 0.063,"Actual Total Time": 0.068,"Actual Rows": 1,"Actual Loops": 3,"Hash Buckets": 1024,"Original Hash Buckets": 1024,"Hash Batches": 1,"Original Hash Batches": 1,"Peak Memory Usage": 9,"Workers": [],"Plans": [{"Node Type": "Seq Scan","Parent Relationship": "Outer","Parallel Aware": false,"Async Capable": false,"Relation Name": "region","Alias": "region","Startup Cost": 0.00,"Total Cost": 1.06,"Plan Rows": 1,"Plan Width": 4,"Actual Startup Time": 0.045,"Actual Total Time": 0.047,"Actual Rows": 1,"Actual Loops": 3,"Filter": "(r_name = 'MIDDLE EAST'::bpchar)","Rows Removed by Filter": 4,"Workers": []}]}]}]}]},{"Node Type": "Index Scan","Parent Relationship": "Inner","Parallel Aware": false,"Async Capable": false,"Scan Direction": "Forward","Index Name": "idx_orders_custkey","Relation Name": "orders","Alias": "orders","Startup Cost": 0.43,"Total Cost": 1.55,"Plan Rows": 3,"Plan Width": 8,"Actual Startup Time": 0.017,"Actual Total Time": 0.040,"Actual Rows": 2,"Actual Loops": 29904,"Index Cond": "(o_custkey = customer.c_custkey)","Rows Removed by Index Recheck": 0,"Filter": "((o_orderdate >= '1997-01-01'::date) AND (o_orderdate < '1998-01-01 00:00:00'::timestamp without time zone))","Rows Removed by Filter": 8,"Workers": []}]},{"Node Type": "Index Scan","Parent Relationship": "Inner","Parallel Aware": false,"Async Capable": false,"Scan Direction": "Forward","Index Name": "idx_lineitem_orderkey","Relation Name": "lineitem","Alias": "lineitem","Startup Cost": 0.43,"Total Cost": 2.87,"Plan Rows": 17,"Plan Width": 20,"Actual Startup Time": 0.017,"Actual Total Time": 0.019,"Actual Rows": 4,"Actual Loops": 45096,"Index Cond": "(l_orderkey = orders.o_orderkey)","Rows Removed by Index Recheck": 0,"Workers": []}]},{"Node Type": "Hash","Parent Relationship": "Inner","Parallel Aware": false,"Async Capable": false,"Startup Cost": 322.00,"Total Cost": 322.00,"Plan Rows": 10000,"Plan Width": 8,"Actual Startup Time": 9.890,"Actual Total Time": 9.894,"Actual Rows": 10000,"Actual Loops": 3,"Hash Buckets": 16384,"Original Hash Buckets": 16384,"Hash Batches": 1,"Original Hash Batches": 1,"Peak Memory Usage": 519,"Workers": [],"Plans": [{"Node Type": "Seq Scan","Parent Relationship": "Outer","Parallel Aware": false,"Async Capable": false,"Relation Name": "supplier","Alias": "supplier","Startup Cost": 0.00,"Total Cost": 322.00,"Plan Rows": 10000,"Plan Width": 8,"Actual Startup Time": 0.039,"Actual Total Time": 7.896,"Actual Rows": 10000,"Actual Loops": 3,"Workers": []}]}]}]}]}]}]}]},"Planning Time": 11.619,"Triggers": [],"Execution Time": 856.108}]
[{"Plan": {"Node Type": "Sort","Parallel Aware": false,"Async Capable": false,"Startup Cost": 21565.81,"Total Cost": 21565.87,"Plan Rows": 25,"Plan Width": 136,"Actual Startup Time": 831.835,"Actual Total Time": 873.525,"Actual Rows": 5,"Actual Loops": 1,"Sort Key": ["(sum((lineitem.l_extendedprice * ('1'::numeric - lineitem.l_discount)))) DESC"],"Sort Method": "quicksort","Sort Space Used": 25,"Sort Space Type": "Memory","Plans": [{"Node Type": "Aggregate","Strategy": "Sorted","Partial Mode": "Finalize","Parent Relationship": "Outer","Parallel Aware": false,"Async Capable": false,"Startup Cost": 21550.86,"Total Cost": 21565.23,"Plan Rows": 25,"Plan Width": 136,"Actual Startup Time": 831.274,"Actual Total Time": 873.480,"Actual Rows": 5,"Actual Loops": 1,"Group Key": ["nation.n_name"],"Plans": [{"Node Type": "Gather Merge","Parent Relationship": "Outer","Parallel Aware": false,"Async Capable": false,"Startup Cost": 21550.86,"Total Cost": 21564.54,"Plan Rows": 50,"Plan Width": 136,"Actual Startup Time": 830.694,"Actual Total Time": 873.427,"Actual Rows": 15,"Actual Loops": 1,"Workers Planned": 2,"Workers Launched": 2,"Plans": [{"Node Type": "Aggregate","Strategy": "Sorted","Partial Mode": "Partial","Parent Relationship": "Outer","Parallel Aware": false,"Async Capable": false,"Startup Cost": 20550.84,"Total Cost": 20558.75,"Plan Rows": 25,"Plan Width": 136,"Actual Startup Time": 822.251,"Actual Total Time": 823.046,"Actual Rows": 5,"Actual Loops": 3,"Group Key": ["nation.n_name"],"Workers": [],"Plans": [{"Node Type": "Sort","Parent Relationship": "Outer","Parallel Aware": false,"Async Capable": false,"Startup Cost": 20550.84,"Total Cost": 20552.36,"Plan Rows": 608,"Plan Width": 116,"Actual Startup Time": 822.034,"Actual Total Time": 822.187,"Actual Rows": 2330,"Actual Loops": 3,"Sort Key": ["nation.n_name"],"Sort Method": "quicksort","Sort Space Used": 287,"Sort Space Type": "Memory","Workers": [{"Worker Number": 0,"Sort Method": "quicksort","Sort Space Used": 271,"Sort Space Type": "Memory"},{"Worker Number": 1,"Sort Method": "quicksort","Sort Space Used": 278,"Sort Space Type": "Memory"}],"Plans": [{"Node Type": "Hash Join","Parent Relationship": "Outer","Parallel Aware": false,"Async Capable": false,"Join Type": "Inner","Startup Cost": 475.27,"Total Cost": 20522.72,"Plan Rows": 608,"Plan Width": 116,"Actual Startup Time": 11.715,"Actual Total Time": 820.536,"Actual Rows": 2330,"Actual Loops": 3,"Inner Unique": true,"Hash Cond": "((lineitem.l_suppkey = supplier.s_suppkey) AND (customer.c_nationkey = supplier.s_nationkey))","Workers": [],"Plans": [{"Node Type": "Nested Loop","Parent Relationship": "Outer","Parallel Aware": false,"Async Capable": false,"Join Type": "Inner","Startup Cost": 3.27,"Total Cost": 19970.84,"Plan Rows": 15215,"Plan Width": 128,"Actual Startup Time": 0.848,"Actual Total Time": 777.711,"Actual Rows": 60416,"Actual Loops": 3,"Inner Unique": false,"Workers": [],"Plans": [{"Node Type": "Nested Loop","Parent Relationship": "Outer","Parallel Aware": false,"Async Capable": false,"Join Type": "Inner","Startup Cost": 2.84,"Total Cost": 8414.26,"Plan Rows": 3803,"Plan Width": 116,"Actual Startup Time": 0.710,"Actual Total Time": 470.008,"Actual Rows": 15150,"Actual Loops": 3,"Inner Unique": false,"Workers": [],"Plans": [{"Node Type": "Hash Join","Parent Relationship": "Outer","Parallel Aware": false,"Async Capable": false,"Join Type": "Inner","Startup Cost": 2.41,"Total Cost": 4471.79,"Plan Rows": 2500,"Plan Width": 116,"Actual Startup Time": 0.302,"Actual Total Time": 60.810,"Actual Rows": 9921,"Actual Loops": 3,"Inner Unique": false,"Hash Cond": "(customer.c_nationkey = nation.n_nationkey)","Workers": [],"Plans": [{"Node Type": "Seq Scan","Parent Relationship": "Outer","Parallel Aware": true,"Async Capable": false,"Relation Name": "customer","Alias": "customer","Startup Cost": 0.00,"Total Cost": 4210.00,"Plan Rows": 62500,"Plan Width": 8,"Actual Startup Time": 0.020,"Actual Total Time": 10.219,"Actual Rows": 50000,"Actual Loops": 3,"Workers": []},{"Node Type": "Hash","Parent Relationship": "Inner","Parallel Aware": false,"Async Capable": false,"Startup Cost": 2.40,"Total Cost": 2.40,"Plan Rows": 1,"Plan Width": 108,"Actual Startup Time": 0.183,"Actual Total Time": 0.205,"Actual Rows": 5,"Actual Loops": 3,"Hash Buckets": 1024,"Original Hash Buckets": 1024,"Hash Batches": 1,"Original Hash Batches": 1,"Peak Memory Usage": 9,"Workers": [],"Plans": [{"Node Type": "Hash Join","Parent Relationship": "Outer","Parallel Aware": false,"Async Capable": false,"Join Type": "Inner","Startup Cost": 1.07,"Total Cost": 2.40,"Plan Rows": 1,"Plan Width": 108,"Actual Startup Time": 0.167,"Actual Total Time": 0.195,"Actual Rows": 5,"Actual Loops": 3,"Inner Unique": true,"Hash Cond": "(nation.n_regionkey = region.r_regionkey)","Workers": [],"Plans": [{"Node Type": "Seq Scan","Parent Relationship": "Outer","Parallel Aware": false,"Async Capable": false,"Relation Name": "nation","Alias": "nation","Startup Cost": 0.00,"Total Cost": 1.25,"Plan Rows": 25,"Plan Width": 112,"Actual Startup Time": 0.065,"Actual Total Time": 0.070,"Actual Rows": 25,"Actual Loops": 3,"Workers": []},{"Node Type": "Hash","Parent Relationship": "Inner","Parallel Aware": false,"Async Capable": false,"Startup Cost": 1.06,"Total Cost": 1.06,"Plan Rows": 1,"Plan Width": 4,"Actual Startup Time": 0.074,"Actual Total Time": 0.079,"Actual Rows": 1,"Actual Loops": 3,"Hash Buckets": 1024,"Original Hash Buckets": 1024,"Hash Batches": 1,"Original Hash Batches": 1,"Peak Memory Usage": 9,"Workers": [],"Plans": [{"Node Type": "Seq Scan","Parent Relationship": "Outer","Parallel Aware": false,"Async Capable": false,"Relation Name": "region","Alias": "region","Startup Cost": 0.00,"Total Cost": 1.06,"Plan Rows": 1,"Plan Width": 4,"Actual Startup Time": 0.049,"Actual Total Time": 0.053,"Actual Rows": 1,"Actual Loops": 3,"Filter": "(r_name = 'AFRICA'::bpchar)","Rows Removed by Filter": 4,"Workers": []}]}]}]}]},{"Node Type": "Index Scan","Parent Relationship": "Inner","Parallel Aware": false,"Async Capable": false,"Scan Direction": "Forward","Index Name": "idx_orders_custkey","Relation Name": "orders","Alias": "orders","Startup Cost": 0.43,"Total Cost": 1.55,"Plan Rows": 3,"Plan Width": 8,"Actual Startup Time": 0.018,"Actual Total Time": 0.041,"Actual Rows": 2,"Actual Loops": 29764,"Index Cond": "(o_custkey = customer.c_custkey)","Rows Removed by Index Recheck": 0,"Filter": "((o_orderdate >= '1997-01-01'::date) AND (o_orderdate < '1998-01-01 00:00:00'::timestamp without time zone))","Rows Removed by Filter": 9,"Workers": []}]},{"Node Type": "Index Scan","Parent Relationship": "Inner","Parallel Aware": false,"Async Capable": false,"Scan Direction": "Forward","Index Name": "idx_lineitem_orderkey","Relation Name": "lineitem","Alias": "lineitem","Startup Cost": 0.43,"Total Cost": 2.87,"Plan Rows": 17,"Plan Width": 20,"Actual Startup Time": 0.017,"Actual Total Time": 0.020,"Actual Rows": 4,"Actual Loops": 45450,"Index Cond": "(l_orderkey = orders.o_orderkey)","Rows Removed by Index Recheck": 0,"Workers": []}]},{"Node Type": "Hash","Parent Relationship": "Inner","Parallel Aware": false,"Async Capable": false,"Startup Cost": 322.00,"Total Cost": 322.00,"Plan Rows": 10000,"Plan Width": 8,"Actual Startup Time": 8.425,"Actual Total Time": 8.430,"Actual Rows": 10000,"Actual Loops": 3,"Hash Buckets": 16384,"Original Hash Buckets": 16384,"Hash Batches": 1,"Original Hash Batches": 1,"Peak Memory Usage": 519,"Workers": [],"Plans": [{"Node Type": "Seq Scan","Parent Relationship": "Outer","Parallel Aware": false,"Async Capable": false,"Relation Name": "supplier","Alias": "supplier","Startup Cost": 0.00,"Total Cost": 322.00,"Plan Rows": 10000,"Plan Width": 8,"Actual Startup Time": 0.044,"Actual Total Time": 6.920,"Actual Rows": 10000,"Actual Loops": 3,"Workers": []}]}]}]}]}]}]}]},"Planning Time": 9.220,"Triggers": [],"Execution Time": 874.104}]
[{"Plan": {"Node Type": "Sort","Parallel Aware": false,"Async Capable": false,"Startup Cost": 21565.81,"Total Cost": 21565.87,"Plan Rows": 25,"Plan Width": 136,"Actual Startup Time": 812.189,"Actual Total Time": 842.359,"Actual Rows": 5,"Actual Loops": 1,"Sort Key": ["(sum((lineitem.l_extendedprice * ('1'::numeric - lineitem.l_discount)))) DESC"],"Sort Method": "quicksort","Sort Space Used": 25,"Sort Space Type": "Memory","Plans": [{"Node Type": "Aggregate","Strategy": "Sorted","Partial Mode": "Finalize","Parent Relationship": "Outer","Parallel Aware": false,"Async Capable": false,"Startup Cost": 21550.86,"Total Cost": 21565.23,"Plan Rows": 25,"Plan Width": 136,"Actual Startup Time": 811.599,"Actual Total Time": 842.311,"Actual Rows": 5,"Actual Loops": 1,"Group Key": ["nation.n_name"],"Plans": [{"Node Type": "Gather Merge","Parent Relationship": "Outer","Parallel Aware": false,"Async Capable": false,"Startup Cost": 21550.86,"Total Cost": 21564.54,"Plan Rows": 50,"Plan Width": 136,"Actual Startup Time": 811.323,"Actual Total Time": 842.254,"Actual Rows": 15,"Actual Loops": 1,"Workers Planned": 2,"Workers Launched": 2,"Plans": [{"Node Type": "Aggregate","Strategy": "Sorted","Partial Mode": "Partial","Parent Relationship": "Outer","Parallel Aware": false,"Async Capable": false,"Startup Cost": 20550.84,"Total Cost": 20558.75,"Plan Rows": 25,"Plan Width": 136,"Actual Startup Time": 803.769,"Actual Total Time": 804.515,"Actual Rows": 5,"Actual Loops": 3,"Group Key": ["nation.n_name"],"Workers": [],"Plans": [{"Node Type": "Sort","Parent Relationship": "Outer","Parallel Aware": false,"Async Capable": false,"Startup Cost": 20550.84,"Total Cost": 20552.36,"Plan Rows": 608,"Plan Width": 116,"Actual Startup Time": 803.552,"Actual Total Time": 803.687,"Actual Rows": 2453,"Actual Loops": 3,"Sort Key": ["nation.n_name"],"Sort Method": "quicksort","Sort Space Used": 291,"Sort Space Type": "Memory","Workers": [{"Worker Number": 0,"Sort Method": "quicksort","Sort Space Used": 289,"Sort Space Type": "Memory"},{"Worker Number": 1,"Sort Method": "quicksort","Sort Space Used": 285,"Sort Space Type": "Memory"}],"Plans": [{"Node Type": "Hash Join","Parent Relationship": "Outer","Parallel Aware": false,"Async Capable": false,"Join Type": "Inner","Startup Cost": 475.27,"Total Cost": 20522.72,"Plan Rows": 608,"Plan Width": 116,"Actual Startup Time": 16.360,"Actual Total Time": 802.078,"Actual Rows": 2453,"Actual Loops": 3,"Inner Unique": true,"Hash Cond": "((lineitem.l_suppkey = supplier.s_suppkey) AND (customer.c_nationkey = supplier.s_nationkey))","Workers": [],"Plans": [{"Node Type": "Nested Loop","Parent Relationship": "Outer","Parallel Aware": false,"Async Capable": false,"Join Type": "Inner","Startup Cost": 3.27,"Total Cost": 19970.84,"Plan Rows": 15215,"Plan Width": 128,"Actual Startup Time": 0.560,"Actual Total Time": 757.067,"Actual Rows": 60975,"Actual Loops": 3,"Inner Unique": false,"Workers": [],"Plans": [{"Node Type": "Nested Loop","Parent Relationship": "Outer","Parallel Aware": false,"Async Capable": false,"Join Type": "Inner","Startup Cost": 2.84,"Total Cost": 8414.26,"Plan Rows": 3803,"Plan Width": 116,"Actual Startup Time": 0.451,"Actual Total Time": 451.841,"Actual Rows": 15295,"Actual Loops": 3,"Inner Unique": false,"Workers": [],"Plans": [{"Node Type": "Hash Join","Parent Relationship": "Outer","Parallel Aware": false,"Async Capable": false,"Join Type": "Inner","Startup Cost": 2.41,"Total Cost": 4471.79,"Plan Rows": 2500,"Plan Width": 116,"Actual Startup Time": 0.247,"Actual Total Time": 55.129,"Actual Rows": 10061,"Actual Loops": 3,"Inner Unique": false,"Hash Cond": "(customer.c_nationkey = nation.n_nationkey)","Workers": [],"Plans": [{"Node Type": "Seq Scan","Parent Relationship": "Outer","Parallel Aware": true,"Async Capable": false,"Relation Name": "customer","Alias": "customer","Startup Cost": 0.00,"Total Cost": 4210.00,"Plan Rows": 62500,"Plan Width": 8,"Actual Startup Time": 0.010,"Actual Total Time": 9.469,"Actual Rows": 50000,"Actual Loops": 3,"Workers": []},{"Node Type": "Hash","Parent Relationship": "Inner","Parallel Aware": false,"Async Capable": false,"Startup Cost": 2.40,"Total Cost": 2.40,"Plan Rows": 1,"Plan Width": 108,"Actual Startup Time": 0.154,"Actual Total Time": 0.175,"Actual Rows": 5,"Actual Loops": 3,"Hash Buckets": 1024,"Original Hash Buckets": 1024,"Hash Batches": 1,"Original Hash Batches": 1,"Peak Memory Usage": 9,"Workers": [],"Plans": [{"Node Type": "Hash Join","Parent Relationship": "Outer","Parallel Aware": false,"Async Capable": false,"Join Type": "Inner","Startup Cost": 1.07,"Total Cost": 2.40,"Plan Rows": 1,"Plan Width": 108,"Actual Startup Time": 0.142,"Actual Total Time": 0.165,"Actual Rows": 5,"Actual Loops": 3,"Inner Unique": true,"Hash Cond": "(nation.n_regionkey = region.r_regionkey)","Workers": [],"Plans": [{"Node Type": "Seq Scan","Parent Relationship": "Outer","Parallel Aware": false,"Async Capable": false,"Relation Name": "nation","Alias": "nation","Startup Cost": 0.00,"Total Cost": 1.25,"Plan Rows": 25,"Plan Width": 112,"Actual Startup Time": 0.058,"Actual Total Time": 0.062,"Actual Rows": 25,"Actual Loops": 3,"Workers": []},{"Node Type": "Hash","Parent Relationship": "Inner","Parallel Aware": false,"Async Capable": false,"Startup Cost": 1.06,"Total Cost": 1.06,"Plan Rows": 1,"Plan Width": 4,"Actual Startup Time": 0.056,"Actual Total Time": 0.065,"Actual Rows": 1,"Actual Loops": 3,"Hash Buckets": 1024,"Original Hash Buckets": 1024,"Hash Batches": 1,"Original Hash Batches": 1,"Peak Memory Usage": 9,"Workers": [],"Plans": [{"Node Type": "Seq Scan","Parent Relationship": "Outer","Parallel Aware": false,"Async Capable": false,"Relation Name": "region","Alias": "region","Startup Cost": 0.00,"Total Cost": 1.06,"Plan Rows": 1,"Plan Width": 4,"Actual Startup Time": 0.045,"Actual Total Time": 0.048,"Actual Rows": 1,"Actual Loops": 3,"Filter": "(r_name = 'ASIA'::bpchar)","Rows Removed by Filter": 4,"Workers": []}]}]}]}]},{"Node Type": "Index Scan","Parent Relationship": "Inner","Parallel Aware": false,"Async Capable": false,"Scan Direction": "Forward","Index Name": "idx_orders_custkey","Relation Name": "orders","Alias": "orders","Startup Cost": 0.43,"Total Cost": 1.55,"Plan Rows": 3,"Plan Width": 8,"Actual Startup Time": 0.017,"Actual Total Time": 0.039,"Actual Rows": 2,"Actual Loops": 30183,"Index Cond": "(o_custkey = customer.c_custkey)","Rows Removed by Index Recheck": 0,"Filter": "((o_orderdate >= '1997-01-01'::date) AND (o_orderdate < '1998-01-01 00:00:00'::timestamp without time zone))","Rows Removed by Filter": 8,"Workers": []}]},{"Node Type": "Index Scan","Parent Relationship": "Inner","Parallel Aware": false,"Async Capable": false,"Scan Direction": "Forward","Index Name": "idx_lineitem_orderkey","Relation Name": "lineitem","Alias": "lineitem","Startup Cost": 0.43,"Total Cost": 2.87,"Plan Rows": 17,"Plan Width": 20,"Actual Startup Time": 0.017,"Actual Total Time": 0.019,"Actual Rows": 4,"Actual Loops": 45884,"Index Cond": "(l_orderkey = orders.o_orderkey)","Rows Removed by Index Recheck": 0,"Workers": []}]},{"Node Type": "Hash","Parent Relationship": "Inner","Parallel Aware": false,"Async Capable": false,"Startup Cost": 322.00,"Total Cost": 322.00,"Plan Rows": 10000,"Plan Width": 8,"Actual Startup Time": 13.288,"Actual Total Time": 13.293,"Actual Rows": 10000,"Actual Loops": 3,"Hash Buckets": 16384,"Original Hash Buckets": 16384,"Hash Batches": 1,"Original Hash Batches": 1,"Peak Memory Usage": 519,"Workers": [],"Plans": [{"Node Type": "Seq Scan","Parent Relationship": "Outer","Parallel Aware": false,"Async Capable": false,"Relation Name": "supplier","Alias": "supplier","Startup Cost": 0.00,"Total Cost": 322.00,"Plan Rows": 10000,"Plan Width": 8,"Actual Startup Time": 0.036,"Actual Total Time": 11.595,"Actual Rows": 10000,"Actual Loops": 3,"Workers": []}]}]}]}]}]}]}]},"Planning Time": 10.446,"Triggers": [],"Execution Time": 842.801}]
[{"Plan": {"Node Type": "Sort","Parallel Aware": false,"Async Capable": false,"Startup Cost": 21616.39,"Total Cost": 21616.45,"Plan Rows": 25,"Plan Width": 136,"Actual Startup Time": 800.578,"Actual Total Time": 832.005,"Actual Rows": 5,"Actual Loops": 1,"Sort Key": ["(sum((lineitem.l_extendedprice * ('1'::numeric - lineitem.l_discount)))) DESC"],"Sort Method": "quicksort","Sort Space Used": 25,"Sort Space Type": "Memory","Plans": [{"Node Type": "Aggregate","Strategy": "Sorted","Partial Mode": "Finalize","Parent Relationship": "Outer","Parallel Aware": false,"Async Capable": false,"Startup Cost": 21601.33,"Total Cost": 21615.81,"Plan Rows": 25,"Plan Width": 136,"Actual Startup Time": 800.055,"Actual Total Time": 831.951,"Actual Rows": 5,"Actual Loops": 1,"Group Key": ["nation.n_name"],"Plans": [{"Node Type": "Gather Merge","Parent Relationship": "Outer","Parallel Aware": false,"Async Capable": false,"Startup Cost": 21601.33,"Total Cost": 21615.12,"Plan Rows": 50,"Plan Width": 136,"Actual Startup Time": 799.526,"Actual Total Time": 831.902,"Actual Rows": 15,"Actual Loops": 1,"Workers Planned": 2,"Workers Launched": 2,"Plans": [{"Node Type": "Aggregate","Strategy": "Sorted","Partial Mode": "Partial","Parent Relationship": "Outer","Parallel Aware": false,"Async Capable": false,"Startup Cost": 20601.30,"Total Cost": 20609.33,"Plan Rows": 25,"Plan Width": 136,"Actual Startup Time": 791.250,"Actual Total Time": 792.033,"Actual Rows": 5,"Actual Loops": 3,"Group Key": ["nation.n_name"],"Workers": [],"Plans": [{"Node Type": "Sort","Parent Relationship": "Outer","Parallel Aware": false,"Async Capable": false,"Startup Cost": 20601.30,"Total Cost": 20602.85,"Plan Rows": 617,"Plan Width": 116,"Actual Startup Time": 791.028,"Actual Total Time": 791.162,"Actual Rows": 2347,"Actual Loops": 3,"Sort Key": ["nation.n_name"],"Sort Method": "quicksort","Sort Space Used": 275,"Sort Space Type": "Memory","Workers": [{"Worker Number": 0,"Sort Method": "quicksort","Sort Space Used": 280,"Sort Space Type": "Memory"},{"Worker Number": 1,"Sort Method": "quicksort","Sort Space Used": 284,"Sort Space Type": "Memory"}],"Plans": [{"Node Type": "Hash Join","Parent Relationship": "Outer","Parallel Aware": false,"Async Capable": false,"Join Type": "Inner","Startup Cost": 475.27,"Total Cost": 20572.71,"Plan Rows": 617,"Plan Width": 116,"Actual Startup Time": 14.089,"Actual Total Time": 789.451,"Actual Rows": 2347,"Actual Loops": 3,"Inner Unique": true,"Hash Cond": "((lineitem.l_suppkey = supplier.s_suppkey) AND (customer.c_nationkey = supplier.s_nationkey))","Workers": [],"Plans": [{"Node Type": "Nested Loop","Parent Relationship": "Outer","Parallel Aware": false,"Async Capable": false,"Join Type": "Inner","Startup Cost": 3.27,"Total Cost": 20019.70,"Plan Rows": 15431,"Plan Width": 128,"Actual Startup Time": 0.813,"Actual Total Time": 745.242,"Actual Rows": 60682,"Actual Loops": 3,"Inner Unique": false,"Workers": [],"Plans": [{"Node Type": "Nested Loop","Parent Relationship": "Outer","Parallel Aware": false,"Async Capable": false,"Join Type": "Inner","Startup Cost": 2.84,"Total Cost": 8414.26,"Plan Rows": 3857,"Plan Width": 116,"Actual Startup Time": 0.648,"Actual Total Time": 445.539,"Actual Rows": 15117,"Actual Loops": 3,"Inner Unique": false,"Workers": [],"Plans": [{"Node Type": "Hash Join","Parent Relationship": "Outer","Parallel Aware": false,"Async Capable": false,"Join Type": "Inner","Startup Cost": 2.41,"Total Cost": 4471.79,"Plan Rows": 2500,"Plan Width": 116,"Actual Startup Time": 0.286,"Actual Total Time": 54.286,"Actual Rows": 9921,"Actual Loops": 3,"Inner Unique": false,"Hash Cond": "(customer.c_nationkey = nation.n_nationkey)","Workers": [],"Plans": [{"Node Type": "Seq Scan","Parent Relationship": "Outer","Parallel Aware": true,"Async Capable": false,"Relation Name": "customer","Alias": "customer","Startup Cost": 0.00,"Total Cost": 4210.00,"Plan Rows": 62500,"Plan Width": 8,"Actual Startup Time": 0.020,"Actual Total Time": 9.492,"Actual Rows": 50000,"Actual Loops": 3,"Workers": []},{"Node Type": "Hash","Parent Relationship": "Inner","Parallel Aware": false,"Async Capable": false,"Startup Cost": 2.40,"Total Cost": 2.40,"Plan Rows": 1,"Plan Width": 108,"Actual Startup Time": 0.159,"Actual Total Time": 0.178,"Actual Rows": 5,"Actual Loops": 3,"Hash Buckets": 1024,"Original Hash Buckets": 1024,"Hash Batches": 1,"Original Hash Batches": 1,"Peak Memory Usage": 9,"Workers": [],"Plans": [{"Node Type": "Hash Join","Parent Relationship": "Outer","Parallel Aware": false,"Async Capable": false,"Join Type": "Inner","Startup Cost": 1.07,"Total Cost": 2.40,"Plan Rows": 1,"Plan Width": 108,"Actual Startup Time": 0.141,"Actual Total Time": 0.166,"Actual Rows": 5,"Actual Loops": 3,"Inner Unique": true,"Hash Cond": "(nation.n_regionkey = region.r_regionkey)","Workers": [],"Plans": [{"Node Type": "Seq Scan","Parent Relationship": "Outer","Parallel Aware": false,"Async Capable": false,"Relation Name": "nation","Alias": "nation","Startup Cost": 0.00,"Total Cost": 1.25,"Plan Rows": 25,"Plan Width": 112,"Actual Startup Time": 0.054,"Actual Total Time": 0.058,"Actual Rows": 25,"Actual Loops": 3,"Workers": []},{"Node Type": "Hash","Parent Relationship": "Inner","Parallel Aware": false,"Async Capable": false,"Startup Cost": 1.06,"Total Cost": 1.06,"Plan Rows": 1,"Plan Width": 4,"Actual Startup Time": 0.057,"Actual Total Time": 0.062,"Actual Rows": 1,"Actual Loops": 3,"Hash Buckets": 1024,"Original Hash Buckets": 1024,"Hash Batches": 1,"Original Hash Batches": 1,"Peak Memory Usage": 9,"Workers": [],"Plans": [{"Node Type": "Seq Scan","Parent Relationship": "Outer","Parallel Aware": false,"Async Capable": false,"Relation Name": "region","Alias": "region","Startup Cost": 0.00,"Total Cost": 1.06,"Plan Rows": 1,"Plan Width": 4,"Actual Startup Time": 0.040,"Actual Total Time": 0.042,"Actual Rows": 1,"Actual Loops": 3,"Filter": "(r_name = 'AFRICA'::bpchar)","Rows Removed by Filter": 4,"Workers": []}]}]}]}]},{"Node Type": "Index Scan","Parent Relationship": "Inner","Parallel Aware": false,"Async Capable": false,"Scan Direction": "Forward","Index Name": "idx_orders_custkey","Relation Name": "orders","Alias": "orders","Startup Cost": 0.43,"Total Cost": 1.55,"Plan Rows": 3,"Plan Width": 8,"Actual Startup Time": 0.017,"Actual Total Time": 0.039,"Actual Rows": 2,"Actual Loops": 29764,"Index Cond": "(o_custkey = customer.c_custkey)","Rows Removed by Index Recheck": 0,"Filter": "((o_orderdate >= '1996-01-01'::date) AND (o_orderdate < '1997-01-01 00:00:00'::timestamp without time zone))","Rows Removed by Filter": 9,"Workers": []}]},{"Node Type": "Index Scan","Parent Relationship": "Inner","Parallel Aware": false,"Async Capable": false,"Scan Direction": "Forward","Index Name": "idx_lineitem_orderkey","Relation Name": "lineitem","Alias": "lineitem","Startup Cost": 0.43,"Total Cost": 2.84,"Plan Rows": 17,"Plan Width": 20,"Actual Startup Time": 0.016,"Actual Total Time": 0.019,"Actual Rows": 4,"Actual Loops": 45352,"Index Cond": "(l_orderkey = orders.o_orderkey)","Rows Removed by Index Recheck": 0,"Workers": []}]},{"Node Type": "Hash","Parent Relationship": "Inner","Parallel Aware": false,"Async Capable": false,"Startup Cost": 322.00,"Total Cost": 322.00,"Plan Rows": 10000,"Plan Width": 8,"Actual Startup Time": 12.144,"Actual Total Time": 12.150,"Actual Rows": 10000,"Actual Loops": 3,"Hash Buckets": 16384,"Original Hash Buckets": 16384,"Hash Batches": 1,"Original Hash Batches": 1,"Peak Memory Usage": 519,"Workers": [],"Plans": [{"Node Type": "Seq Scan","Parent Relationship": "Outer","Parallel Aware": false,"Async Capable": false,"Relation Name": "supplier","Alias": "supplier","Startup Cost": 0.00,"Total Cost": 322.00,"Plan Rows": 10000,"Plan Width": 8,"Actual Startup Time": 0.040,"Actual Total Time": 10.535,"Actual Rows": 10000,"Actual Loops": 3,"Workers": []}]}]}]}]}]}]}]},"Planning Time": 10.511,"Triggers": [],"Execution Time": 832.422}]
[{"Plan": {"Node Type": "Sort","Parallel Aware": false,"Async Capable": false,"Startup Cost": 21565.81,"Total Cost": 21565.87,"Plan Rows": 25,"Plan Width": 136,"Actual Startup Time": 833.811,"Actual Total Time": 865.523,"Actual Rows": 5,"Actual Loops": 1,"Sort Key": ["(sum((lineitem.l_extendedprice * ('1'::numeric - lineitem.l_discount)))) DESC"],"Sort Method": "quicksort","Sort Space Used": 25,"Sort Space Type": "Memory","Plans": [{"Node Type": "Aggregate","Strategy": "Sorted","Partial Mode": "Finalize","Parent Relationship": "Outer","Parallel Aware": false,"Async Capable": false,"Startup Cost": 21550.86,"Total Cost": 21565.23,"Plan Rows": 25,"Plan Width": 136,"Actual Startup Time": 833.271,"Actual Total Time": 865.478,"Actual Rows": 5,"Actual Loops": 1,"Group Key": ["nation.n_name"],"Plans": [{"Node Type": "Gather Merge","Parent Relationship": "Outer","Parallel Aware": false,"Async Capable": false,"Startup Cost": 21550.86,"Total Cost": 21564.54,"Plan Rows": 50,"Plan Width": 136,"Actual Startup Time": 833.025,"Actual Total Time": 865.435,"Actual Rows": 15,"Actual Loops": 1,"Workers Planned": 2,"Workers Launched": 2,"Plans": [{"Node Type": "Aggregate","Strategy": "Sorted","Partial Mode": "Partial","Parent Relationship": "Outer","Parallel Aware": false,"Async Capable": false,"Startup Cost": 20550.84,"Total Cost": 20558.75,"Plan Rows": 25,"Plan Width": 136,"Actual Startup Time": 825.546,"Actual Total Time": 826.255,"Actual Rows": 5,"Actual Loops": 3,"Group Key": ["nation.n_name"],"Workers": [],"Plans": [{"Node Type": "Sort","Parent Relationship": "Outer","Parallel Aware": false,"Async Capable": false,"Startup Cost": 20550.84,"Total Cost": 20552.36,"Plan Rows": 608,"Plan Width": 116,"Actual Startup Time": 825.323,"Actual Total Time": 825.450,"Actual Rows": 2415,"Actual Loops": 3,"Sort Key": ["nation.n_name"],"Sort Method": "quicksort","Sort Space Used": 281,"Sort Space Type": "Memory","Workers": [{"Worker Number": 0,"Sort Method": "quicksort","Sort Space Used": 286,"Sort Space Type": "Memory"},{"Worker Number": 1,"Sort Method": "quicksort","Sort Space Used": 289,"Sort Space Type": "Memory"}],"Plans": [{"Node Type": "Hash Join","Parent Relationship": "Outer","Parallel Aware": false,"Async Capable": false,"Join Type": "Inner","Startup Cost": 475.27,"Total Cost": 20522.72,"Plan Rows": 608,"Plan Width": 116,"Actual Startup Time": 12.893,"Actual Total Time": 823.841,"Actual Rows": 2415,"Actual Loops": 3,"Inner Unique": true,"Hash Cond": "((lineitem.l_suppkey = supplier.s_suppkey) AND (customer.c_nationkey = supplier.s_nationkey))","Workers": [],"Plans": [{"Node Type": "Nested Loop","Parent Relationship": "Outer","Parallel Aware": false,"Async Capable": false,"Join Type": "Inner","Startup Cost": 3.27,"Total Cost": 19970.84,"Plan Rows": 15215,"Plan Width": 128,"Actual Startup Time": 0.809,"Actual Total Time": 777.035,"Actual Rows": 60714,"Actual Loops": 3,"Inner Unique": false,"Workers": [],"Plans": [{"Node Type": "Nested Loop","Parent Relationship": "Outer","Parallel Aware": false,"Async Capable": false,"Join Type": "Inner","Startup Cost": 2.84,"Total Cost": 8414.26,"Plan Rows": 3803,"Plan Width": 116,"Actual Startup Time": 0.660,"Actual Total Time": 471.667,"Actual Rows": 15226,"Actual Loops": 3,"Inner Unique": false,"Workers": [],"Plans": [{"Node Type": "Hash Join","Parent Relationship": "Outer","Parallel Aware": false,"Async Capable": false,"Join Type": "Inner","Startup Cost": 2.41,"Total Cost": 4471.79,"Plan Rows": 2500,"Plan Width": 116,"Actual Startup Time": 0.276,"Actual Total Time": 59.829,"Actual Rows": 10066,"Actual Loops": 3,"Inner Unique": false,"Hash Cond": "(customer.c_nationkey = nation.n_nationkey)","Workers": [],"Plans": [{"Node Type": "Seq Scan","Parent Relationship": "Outer","Parallel Aware": true,"Async Capable": false,"Relation Name": "customer","Alias": "customer","Startup Cost": 0.00,"Total Cost": 4210.00,"Plan Rows": 62500,"Plan Width": 8,"Actual Startup Time": 0.021,"Actual Total Time": 10.083,"Actual Rows": 50000,"Actual Loops": 3,"Workers": []},{"Node Type": "Hash","Parent Relationship": "Inner","Parallel Aware": false,"Async Capable": false,"Startup Cost": 2.40,"Total Cost": 2.40,"Plan Rows": 1,"Plan Width": 108,"Actual Startup Time": 0.154,"Actual Total Time": 0.171,"Actual Rows": 5,"Actual Loops": 3,"Hash Buckets": 1024,"Original Hash Buckets": 1024,"Hash Batches": 1,"Original Hash Batches": 1,"Peak Memory Usage": 9,"Workers": [],"Plans": [{"Node Type": "Hash Join","Parent Relationship": "Outer","Parallel Aware": false,"Async Capable": false,"Join Type": "Inner","Startup Cost": 1.07,"Total Cost": 2.40,"Plan Rows": 1,"Plan Width": 108,"Actual Startup Time": 0.139,"Actual Total Time": 0.162,"Actual Rows": 5,"Actual Loops": 3,"Inner Unique": true,"Hash Cond": "(nation.n_regionkey = region.r_regionkey)","Workers": [],"Plans": [{"Node Type": "Seq Scan","Parent Relationship": "Outer","Parallel Aware": false,"Async Capable": false,"Relation Name": "nation","Alias": "nation","Startup Cost": 0.00,"Total Cost": 1.25,"Plan Rows": 25,"Plan Width": 112,"Actual Startup Time": 0.051,"Actual Total Time": 0.055,"Actual Rows": 25,"Actual Loops": 3,"Workers": []},{"Node Type": "Hash","Parent Relationship": "Inner","Parallel Aware": false,"Async Capable": false,"Startup Cost": 1.06,"Total Cost": 1.06,"Plan Rows": 1,"Plan Width": 4,"Actual Startup Time": 0.057,"Actual Total Time": 0.063,"Actual Rows": 1,"Actual Loops": 3,"Hash Buckets": 1024,"Original Hash Buckets": 1024,"Hash Batches": 1,"Original Hash Batches": 1,"Peak Memory Usage": 9,"Workers": [],"Plans": [{"Node Type": "Seq Scan","Parent Relationship": "Outer","Parallel Aware": false,"Async Capable": false,"Relation Name": "region","Alias": "region","Startup Cost": 0.00,"Total Cost": 1.06,"Plan Rows": 1,"Plan Width": 4,"Actual Startup Time": 0.043,"Actual Total Time": 0.045,"Actual Rows": 1,"Actual Loops": 3,"Filter": "(r_name = 'EUROPE'::bpchar)","Rows Removed by Filter": 4,"Workers": []}]}]}]}]},{"Node Type": "Index Scan","Parent Relationship": "Inner","Parallel Aware": false,"Async Capable": false,"Scan Direction": "Forward","Index Name": "idx_orders_custkey","Relation Name": "orders","Alias": "orders","Startup Cost": 0.43,"Total Cost": 1.55,"Plan Rows": 3,"Plan Width": 8,"Actual Startup Time": 0.017,"Actual Total Time": 0.041,"Actual Rows": 2,"Actual Loops": 30197,"Index Cond": "(o_custkey = customer.c_custkey)","Rows Removed by Index Recheck": 0,"Filter": "((o_orderdate >= '1997-01-01'::date) AND (o_orderdate < '1998-01-01 00:00:00'::timestamp without time zone))","Rows Removed by Filter": 9,"Workers": []}]},{"Node Type": "Index Scan","Parent Relationship": "Inner","Parallel Aware": false,"Async Capable": false,"Scan Direction": "Forward","Index Name": "idx_lineitem_orderkey","Relation Name": "lineitem","Alias": "lineitem","Startup Cost": 0.43,"Total Cost": 2.87,"Plan Rows": 17,"Plan Width": 20,"Actual Startup Time": 0.017,"Actual Total Time": 0.019,"Actual Rows": 4,"Actual Loops": 45677,"Index Cond": "(l_orderkey = orders.o_orderkey)","Rows Removed by Index Recheck": 0,"Workers": []}]},{"Node Type": "Hash","Parent Relationship": "Inner","Parallel Aware": false,"Async Capable": false,"Startup Cost": 322.00,"Total Cost": 322.00,"Plan Rows": 10000,"Plan Width": 8,"Actual Startup Time": 11.560,"Actual Total Time": 11.566,"Actual Rows": 10000,"Actual Loops": 3,"Hash Buckets": 16384,"Original Hash Buckets": 16384,"Hash Batches": 1,"Original Hash Batches": 1,"Peak Memory Usage": 519,"Workers": [],"Plans": [{"Node Type": "Seq Scan","Parent Relationship": "Outer","Parallel Aware": false,"Async Capable": false,"Relation Name": "supplier","Alias": "supplier","Startup Cost": 0.00,"Total Cost": 322.00,"Plan Rows": 10000,"Plan Width": 8,"Actual Startup Time": 0.053,"Actual Total Time": 9.758,"Actual Rows": 10000,"Actual Loops": 3,"Workers": []}]}]}]}]}]}]}]},"Planning Time": 11.054,"Triggers": [],"Execution Time": 866.075}]
[{"Plan": {"Node Type": "Sort","Parallel Aware": false,"Async Capable": false,"Startup Cost": 21565.81,"Total Cost": 21565.87,"Plan Rows": 25,"Plan Width": 136,"Actual Startup Time": 823.071,"Actual Total Time": 855.607,"Actual Rows": 5,"Actual Loops": 1,"Sort Key": ["(sum((lineitem.l_extendedprice * ('1'::numeric - lineitem.l_discount)))) DESC"],"Sort Method": "quicksort","Sort Space Used": 25,"Sort Space Type": "Memory","Plans": [{"Node Type": "Aggregate","Strategy": "Sorted","Partial Mode": "Finalize","Parent Relationship": "Outer","Parallel Aware": false,"Async Capable": false,"Startup Cost": 21550.86,"Total Cost": 21565.23,"Plan Rows": 25,"Plan Width": 136,"Actual Startup Time": 822.468,"Actual Total Time": 855.547,"Actual Rows": 5,"Actual Loops": 1,"Group Key": ["nation.n_name"],"Plans": [{"Node Type": "Gather Merge","Parent Relationship": "Outer","Parallel Aware": false,"Async Capable": false,"Startup Cost": 21550.86,"Total Cost": 21564.54,"Plan Rows": 50,"Plan Width": 136,"Actual Startup Time": 822.203,"Actual Total Time": 855.489,"Actual Rows": 15,"Actual Loops": 1,"Workers Planned": 2,"Workers Launched": 2,"Plans": [{"Node Type": "Aggregate","Strategy": "Sorted","Partial Mode": "Partial","Parent Relationship": "Outer","Parallel Aware": false,"Async Capable": false,"Startup Cost": 20550.84,"Total Cost": 20558.75,"Plan Rows": 25,"Plan Width": 136,"Actual Startup Time": 814.240,"Actual Total Time": 814.959,"Actual Rows": 5,"Actual Loops": 3,"Group Key": ["nation.n_name"],"Workers": [],"Plans": [{"Node Type": "Sort","Parent Relationship": "Outer","Parallel Aware": false,"Async Capable": false,"Startup Cost": 20550.84,"Total Cost": 20552.36,"Plan Rows": 608,"Plan Width": 116,"Actual Startup Time": 814.029,"Actual Total Time": 814.149,"Actual Rows": 2473,"Actual Loops": 3,"Sort Key": ["nation.n_name"],"Sort Method": "quicksort","Sort Space Used": 297,"Sort Space Type": "Memory","Workers": [{"Worker Number": 0,"Sort Method": "quicksort","Sort Space Used": 287,"Sort Space Type": "Memory"},{"Worker Number": 1,"Sort Method": "quicksort","Sort Space Used": 284,"Sort Space Type": "Memory"}],"Plans": [{"Node Type": "Hash Join","Parent Relationship": "Outer","Parallel Aware": false,"Async Capable": false,"Join Type": "Inner","Startup Cost": 475.27,"Total Cost": 20522.72,"Plan Rows": 608,"Plan Width": 116,"Actual Startup Time": 11.318,"Actual Total Time": 812.483,"Actual Rows": 2473,"Actual Loops": 3,"Inner Unique": true,"Hash Cond": "((lineitem.l_suppkey = supplier.s_suppkey) AND (customer.c_nationkey = supplier.s_nationkey))","Workers": [],"Plans": [{"Node Type": "Nested Loop","Parent Relationship": "Outer","Parallel Aware": false,"Async Capable": false,"Join Type": "Inner","Startup Cost": 3.27,"Total Cost": 19970.84,"Plan Rows": 15215,"Plan Width": 128,"Actual Startup Time": 0.595,"Actual Total Time": 768.935,"Actual Rows": 60276,"Actual Loops": 3,"Inner Unique": false,"Workers": [],"Plans": [{"Node Type": "Nested Loop","Parent Relationship": "Outer","Parallel Aware": false,"Async Capable": false,"Join Type": "Inner","Startup Cost": 2.84,"Total Cost": 8414.26,"Plan Rows": 3803,"Plan Width": 116,"Actual Startup Time": 0.466,"Actual Total Time": 464.532,"Actual Rows": 15032,"Actual Loops": 3,"Inner Unique": false,"Workers": [],"Plans": [{"Node Type": "Hash Join","Parent Relationship": "Outer","Parallel Aware": false,"Async Capable": false,"Join Type": "Inner","Startup Cost": 2.41,"Total Cost": 4471.79,"Plan Rows": 2500,"Plan Width": 116,"Actual Startup Time": 0.243,"Actual Total Time": 60.744,"Actual Rows": 9968,"Actual Loops": 3,"Inner Unique": false,"Hash Cond": "(customer.c_nationkey = nation.n_nationkey)","Workers": [],"Plans": [{"Node Type": "Seq Scan","Parent Relationship": "Outer","Parallel Aware": true,"Async Capable": false,"Relation Name": "customer","Alias": "customer","Startup Cost": 0.00,"Total Cost": 4210.00,"Plan Rows": 62500,"Plan Width": 8,"Actual Startup Time": 0.012,"Actual Total Time": 10.205,"Actual Rows": 50000,"Actual Loops": 3,"Workers": []},{"Node Type": "Hash","Parent Relationship": "Inner","Parallel Aware": false,"Async Capable": false,"Startup Cost": 2.40,"Total Cost": 2.40,"Plan Rows": 1,"Plan Width": 108,"Actual Startup Time": 0.142,"Actual Total Time": 0.157,"Actual Rows": 5,"Actual Loops": 3,"Hash Buckets": 1024,"Original Hash Buckets": 1024,"Hash Batches": 1,"Original Hash Batches": 1,"Peak Memory Usage": 9,"Workers": [],"Plans": [{"Node Type": "Hash Join","Parent Relationship": "Outer","Parallel Aware": false,"Async Capable": false,"Join Type": "Inner","Startup Cost": 1.07,"Total Cost": 2.40,"Plan Rows": 1,"Plan Width": 108,"Actual Startup Time": 0.130,"Actual Total Time": 0.149,"Actual Rows": 5,"Actual Loops": 3,"Inner Unique": true,"Hash Cond": "(nation.n_regionkey = region.r_regionkey)","Workers": [],"Plans": [{"Node Type": "Seq Scan","Parent Relationship": "Outer","Parallel Aware": false,"Async Capable": false,"Relation Name": "nation","Alias": "nation","Startup Cost": 0.00,"Total Cost": 1.25,"Plan Rows": 25,"Plan Width": 112,"Actual Startup Time": 0.040,"Actual Total Time": 0.044,"Actual Rows": 25,"Actual Loops": 3,"Workers": []},{"Node Type": "Hash","Parent Relationship": "Inner","Parallel Aware": false,"Async Capable": false,"Startup Cost": 1.06,"Total Cost": 1.06,"Plan Rows": 1,"Plan Width": 4,"Actual Startup Time": 0.063,"Actual Total Time": 0.068,"Actual Rows": 1,"Actual Loops": 3,"Hash Buckets": 1024,"Original Hash Buckets": 1024,"Hash Batches": 1,"Original Hash Batches": 1,"Peak Memory Usage": 9,"Workers": [],"Plans": [{"Node Type": "Seq Scan","Parent Relationship": "Outer","Parallel Aware": false,"Async Capable": false,"Relation Name": "region","Alias": "region","Startup Cost": 0.00,"Total Cost": 1.06,"Plan Rows": 1,"Plan Width": 4,"Actual Startup Time": 0.045,"Actual Total Time": 0.047,"Actual Rows": 1,"Actual Loops": 3,"Filter": "(r_name = 'MIDDLE EAST'::bpchar)","Rows Removed by Filter": 4,"Workers": []}]}]}]}]},{"Node Type": "Index Scan","Parent Relationship": "Inner","Parallel Aware": false,"Async Capable": false,"Scan Direction": "Forward","Index Name": "idx_orders_custkey","Relation Name": "orders","Alias": "orders","Startup Cost": 0.43,"Total Cost": 1.55,"Plan Rows": 3,"Plan Width": 8,"Actual Startup Time": 0.017,"Actual Total Time": 0.040,"Actual Rows": 2,"Actual Loops": 29904,"Index Cond": "(o_custkey = customer.c_custkey)","Rows Removed by Index Recheck": 0,"Filter": "((o_orderdate >= '1997-01-01'::date) AND (o_orderdate < '1998-01-01 00:00:00'::timestamp without time zone))","Rows Removed by Filter": 8,"Workers": []}]},{"Node Type": "Index Scan","Parent Relationship": "Inner","Parallel Aware": false,"Async Capable": false,"Scan Direction": "Forward","Index Name": "idx_lineitem_orderkey","Relation Name": "lineitem","Alias": "lineitem","Startup Cost": 0.43,"Total Cost": 2.87,"Plan Rows": 17,"Plan Width": 20,"Actual Startup Time": 0.017,"Actual Total Time": 0.019,"Actual Rows": 4,"Actual Loops": 45096,"Index Cond": "(l_orderkey = orders.o_orderkey)","Rows Removed by Index Recheck": 0,"Workers": []}]},{"Node Type": "Hash","Parent Relationship": "Inner","Parallel Aware": false,"Async Capable": false,"Startup Cost": 322.00,"Total Cost": 322.00,"Plan Rows": 10000,"Plan Width": 8,"Actual Startup Time": 9.890,"Actual Total Time": 9.894,"Actual Rows": 10000,"Actual Loops": 3,"Hash Buckets": 16384,"Original Hash Buckets": 16384,"Hash Batches": 1,"Original Hash Batches": 1,"Peak Memory Usage": 519,"Workers": [],"Plans": [{"Node Type": "Seq Scan","Parent Relationship": "Outer","Parallel Aware": false,"Async Capable": false,"Relation Name": "supplier","Alias": "supplier","Startup Cost": 0.00,"Total Cost": 322.00,"Plan Rows": 10000,"Plan Width": 8,"Actual Startup Time": 0.039,"Actual Total Time": 7.896,"Actual Rows": 10000,"Actual Loops": 3,"Workers": []}]}]}]}]}]}]}]},"Planning Time": 11.619,"Triggers": [],"Execution Time": 856.108}]
[{"Plan": {"Node Type": "Sort","Parallel Aware": false,"Async Capable": false,"Startup Cost": 21565.81,"Total Cost": 21565.87,"Plan Rows": 25,"Plan Width": 136,"Actual Startup Time": 823.071,"Actual Total Time": 855.607,"Actual Rows": 5,"Actual Loops": 1,"Sort Key": ["(sum((lineitem.l_extendedprice * ('1'::numeric - lineitem.l_discount)))) DESC"],"Sort Method": "quicksort","Sort Space Used": 25,"Sort Space Type": "Memory","Plans": [{"Node Type": "Aggregate","Strategy": "Sorted","Partial Mode": "Finalize","Parent Relationship": "Outer","Parallel Aware": false,"Async Capable": false,"Startup Cost": 21550.86,"Total Cost": 21565.23,"Plan Rows": 25,"Plan Width": 136,"Actual Startup Time": 822.468,"Actual Total Time": 855.547,"Actual Rows": 5,"Actual Loops": 1,"Group Key": ["nation.n_name"],"Plans": [{"Node Type": "Gather Merge","Parent Relationship": "Outer","Parallel Aware": false,"Async Capable": false,"Startup Cost": 21550.86,"Total Cost": 21564.54,"Plan Rows": 50,"Plan Width": 136,"Actual Startup Time": 822.203,"Actual Total Time": 855.489,"Actual Rows": 15,"Actual Loops": 1,"Workers Planned": 2,"Workers Launched": 2,"Plans": [{"Node Type": "Aggregate","Strategy": "Sorted","Partial Mode": "Partial","Parent Relationship": "Outer","Parallel Aware": false,"Async Capable": false,"Startup Cost": 20550.84,"Total Cost": 20558.75,"Plan Rows": 25,"Plan Width": 136,"Actual Startup Time": 814.240,"Actual Total Time": 814.959,"Actual Rows": 5,"Actual Loops": 3,"Group Key": ["nation.n_name"],"Workers": [],"Plans": [{"Node Type": "Sort","Parent Relationship": "Outer","Parallel Aware": false,"Async Capable": false,"Startup Cost": 20550.84,"Total Cost": 20552.36,"Plan Rows": 608,"Plan Width": 116,"Actual Startup Time": 814.029,"Actual Total Time": 814.149,"Actual Rows": 2473,"Actual Loops": 3,"Sort Key": ["nation.n_name"],"Sort Method": "quicksort","Sort Space Used": 297,"Sort Space Type": "Memory","Workers": [{"Worker Number": 0,"Sort Method": "quicksort","Sort Space Used": 287,"Sort Space Type": "Memory"},{"Worker Number": 1,"Sort Method": "quicksort","Sort Space Used": 284,"Sort Space Type": "Memory"}],"Plans": [{"Node Type": "Hash Join","Parent Relationship": "Outer","Parallel Aware": false,"Async Capable": false,"Join Type": "Inner","Startup Cost": 475.27,"Total Cost": 20522.72,"Plan Rows": 608,"Plan Width": 116,"Actual Startup Time": 11.318,"Actual Total Time": 812.483,"Actual Rows": 2473,"Actual Loops": 3,"Inner Unique": true,"Hash Cond": "((lineitem.l_suppkey = supplier.s_suppkey) AND (customer.c_nationkey = supplier.s_nationkey))","Workers": [],"Plans": [{"Node Type": "Nested Loop","Parent Relationship": "Outer","Parallel Aware": false,"Async Capable": false,"Join Type": "Inner","Startup Cost": 3.27,"Total Cost": 19970.84,"Plan Rows": 15215,"Plan Width": 128,"Actual Startup Time": 0.595,"Actual Total Time": 768.935,"Actual Rows": 60276,"Actual Loops": 3,"Inner Unique": false,"Workers": [],"Plans": [{"Node Type": "Nested Loop","Parent Relationship": "Outer","Parallel Aware": false,"Async Capable": false,"Join Type": "Inner","Startup Cost": 2.84,"Total Cost": 8414.26,"Plan Rows": 3803,"Plan Width": 116,"Actual Startup Time": 0.466,"Actual Total Time": 464.532,"Actual Rows": 15032,"Actual Loops": 3,"Inner Unique": false,"Workers": [],"Plans": [{"Node Type": "Hash Join","Parent Relationship": "Outer","Parallel Aware": false,"Async Capable": false,"Join Type": "Inner","Startup Cost": 2.41,"Total Cost": 4471.79,"Plan Rows": 2500,"Plan Width": 116,"Actual Startup Time": 0.243,"Actual Total Time": 60.744,"Actual Rows": 9968,"Actual Loops": 3,"Inner Unique": false,"Hash Cond": "(customer.c_nationkey = nation.n_nationkey)","Workers": [],"Plans": [{"Node Type": "Seq Scan","Parent Relationship": "Outer","Parallel Aware": true,"Async Capable": false,"Relation Name": "customer","Alias": "customer","Startup Cost": 0.00,"Total Cost": 4210.00,"Plan Rows": 62500,"Plan Width": 8,"Actual Startup Time": 0.012,"Actual Total Time": 10.205,"Actual Rows": 50000,"Actual Loops": 3,"Workers": []},{"Node Type": "Hash","Parent Relationship": "Inner","Parallel Aware": false,"Async Capable": false,"Startup Cost": 2.40,"Total Cost": 2.40,"Plan Rows": 1,"Plan Width": 108,"Actual Startup Time": 0.142,"Actual Total Time": 0.157,"Actual Rows": 5,"Actual Loops": 3,"Hash Buckets": 1024,"Original Hash Buckets": 1024,"Hash Batches": 1,"Original Hash Batches": 1,"Peak Memory Usage": 9,"Workers": [],"Plans": [{"Node Type": "Hash Join","Parent Relationship": "Outer","Parallel Aware": false,"Async Capable": false,"Join Type": "Inner","Startup Cost": 1.07,"Total Cost": 2.40,"Plan Rows": 1,"Plan Width": 108,"Actual Startup Time": 0.130,"Actual Total Time": 0.149,"Actual Rows": 5,"Actual Loops": 3,"Inner Unique": true,"Hash Cond": "(nation.n_regionkey = region.r_regionkey)","Workers": [],"Plans": [{"Node Type": "Seq Scan","Parent Relationship": "Outer","Parallel Aware": false,"Async Capable": false,"Relation Name": "nation","Alias": "nation","Startup Cost": 0.00,"Total Cost": 1.25,"Plan Rows": 25,"Plan Width": 112,"Actual Startup Time": 0.040,"Actual Total Time": 0.044,"Actual Rows": 25,"Actual Loops": 3,"Workers": []},{"Node Type": "Hash","Parent Relationship": "Inner","Parallel Aware": false,"Async Capable": false,"Startup Cost": 1.06,"Total Cost": 1.06,"Plan Rows": 1,"Plan Width": 4,"Actual Startup Time": 0.063,"Actual Total Time": 0.068,"Actual Rows": 1,"Actual Loops": 3,"Hash Buckets": 1024,"Original Hash Buckets": 1024,"Hash Batches": 1,"Original Hash Batches": 1,"Peak Memory Usage": 9,"Workers": [],"Plans": [{"Node Type": "Seq Scan","Parent Relationship": "Outer","Parallel Aware": false,"Async Capable": false,"Relation Name": "region","Alias": "region","Startup Cost": 0.00,"Total Cost": 1.06,"Plan Rows": 1,"Plan Width": 4,"Actual Startup Time": 0.045,"Actual Total Time": 0.047,"Actual Rows": 1,"Actual Loops": 3,"Filter": "(r_name = 'MIDDLE EAST'::bpchar)","Rows Removed by Filter": 4,"Workers": []}]}]}]}]},{"Node Type": "Index Scan","Parent Relationship": "Inner","Parallel Aware": false,"Async Capable": false,"Scan Direction": "Forward","Index Name": "idx_orders_custkey","Relation Name": "orders","Alias": "orders","Startup Cost": 0.43,"Total Cost": 1.55,"Plan Rows": 3,"Plan Width": 8,"Actual Startup Time": 0.017,"Actual Total Time": 0.040,"Actual Rows": 2,"Actual Loops": 29904,"Index Cond": "(o_custkey = customer.c_custkey)","Rows Removed by Index Recheck": 0,"Filter": "((o_orderdate >= '1997-01-01'::date) AND (o_orderdate < '1998-01-01 00:00:00'::timestamp without time zone))","Rows Removed by Filter": 8,"Workers": []}]},{"Node Type": "Index Scan","Parent Relationship": "Inner","Parallel Aware": false,"Async Capable": false,"Scan Direction": "Forward","Index Name": "idx_lineitem_orderkey","Relation Name": "lineitem","Alias": "lineitem","Startup Cost": 0.43,"Total Cost": 2.87,"Plan Rows": 17,"Plan Width": 20,"Actual Startup Time": 0.017,"Actual Total Time": 0.019,"Actual Rows": 4,"Actual Loops": 45096,"Index Cond": "(l_orderkey = orders.o_orderkey)","Rows Removed by Index Recheck": 0,"Workers": []}]},{"Node Type": "Hash","Parent Relationship": "Inner","Parallel Aware": false,"Async Capable": false,"Startup Cost": 322.00,"Total Cost": 322.00,"Plan Rows": 10000,"Plan Width": 8,"Actual Startup Time": 9.890,"Actual Total Time": 9.894,"Actual Rows": 10000,"Actual Loops": 3,"Hash Buckets": 16384,"Original Hash Buckets": 16384,"Hash Batches": 1,"Original Hash Batches": 1,"Peak Memory Usage": 519,"Workers": [],"Plans": [{"Node Type": "Seq Scan","Parent Relationship": "Outer","Parallel Aware": false,"Async Capable": false,"Relation Name": "supplier","Alias": "supplier","Startup Cost": 0.00,"Total Cost": 322.00,"Plan Rows": 10000,"Plan Width": 8,"Actual Startup Time": 0.039,"Actual Total Time": 7.896,"Actual Rows": 10000,"Actual Loops": 3,"Workers": []}]}]}]}]}]}]}]},"Planning Time": 11.619,"Triggers": [],"Execution Time": 856.108}]
[{"Plan": {"Node Type": "Sort","Parallel Aware": false,"Async Capable": false,"Startup Cost": 21565.81,"Total Cost": 21565.87,"Plan Rows": 25,"Plan Width": 136,"Actual Startup Time": 823.071,"Actual Total Time": 855.607,"Actual Rows": 5,"Actual Loops": 1,"Sort Key": ["(sum((lineitem.l_extendedprice * ('1'::numeric - lineitem.l_discount)))) DESC"],"Sort Method": "quicksort","Sort Space Used": 25,"Sort Space Type": "Memory","Plans": [{"Node Type": "Aggregate","Strategy": "Sorted","Partial Mode": "Finalize","Parent Relationship": "Outer","Parallel Aware": false,"Async Capable": false,"Startup Cost": 21550.86,"Total Cost": 21565.23,"Plan Rows": 25,"Plan Width": 136,"Actual Startup Time": 822.468,"Actual Total Time": 855.547,"Actual Rows": 5,"Actual Loops": 1,"Group Key": ["nation.n_name"],"Plans": [{"Node Type": "Gather Merge","Parent Relationship": "Outer","Parallel Aware": false,"Async Capable": false,"Startup Cost": 21550.86,"Total Cost": 21564.54,"Plan Rows": 50,"Plan Width": 136,"Actual Startup Time": 822.203,"Actual Total Time": 855.489,"Actual Rows": 15,"Actual Loops": 1,"Workers Planned": 2,"Workers Launched": 2,"Plans": [{"Node Type": "Aggregate","Strategy": "Sorted","Partial Mode": "Partial","Parent Relationship": "Outer","Parallel Aware": false,"Async Capable": false,"Startup Cost": 20550.84,"Total Cost": 20558.75,"Plan Rows": 25,"Plan Width": 136,"Actual Startup Time": 814.240,"Actual Total Time": 814.959,"Actual Rows": 5,"Actual Loops": 3,"Group Key": ["nation.n_name"],"Workers": [],"Plans": [{"Node Type": "Sort","Parent Relationship": "Outer","Parallel Aware": false,"Async Capable": false,"Startup Cost": 20550.84,"Total Cost": 20552.36,"Plan Rows": 608,"Plan Width": 116,"Actual Startup Time": 814.029,"Actual Total Time": 814.149,"Actual Rows": 2473,"Actual Loops": 3,"Sort Key": ["nation.n_name"],"Sort Method": "quicksort","Sort Space Used": 297,"Sort Space Type": "Memory","Workers": [{"Worker Number": 0,"Sort Method": "quicksort","Sort Space Used": 287,"Sort Space Type": "Memory"},{"Worker Number": 1,"Sort Method": "quicksort","Sort Space Used": 284,"Sort Space Type": "Memory"}],"Plans": [{"Node Type": "Hash Join","Parent Relationship": "Outer","Parallel Aware": false,"Async Capable": false,"Join Type": "Inner","Startup Cost": 475.27,"Total Cost": 20522.72,"Plan Rows": 608,"Plan Width": 116,"Actual Startup Time": 11.318,"Actual Total Time": 812.483,"Actual Rows": 2473,"Actual Loops": 3,"Inner Unique": true,"Hash Cond": "((lineitem.l_suppkey = supplier.s_suppkey) AND (customer.c_nationkey = supplier.s_nationkey))","Workers": [],"Plans": [{"Node Type": "Nested Loop","Parent Relationship": "Outer","Parallel Aware": false,"Async Capable": false,"Join Type": "Inner","Startup Cost": 3.27,"Total Cost": 19970.84,"Plan Rows": 15215,"Plan Width": 128,"Actual Startup Time": 0.595,"Actual Total Time": 768.935,"Actual Rows": 60276,"Actual Loops": 3,"Inner Unique": false,"Workers": [],"Plans": [{"Node Type": "Nested Loop","Parent Relationship": "Outer","Parallel Aware": false,"Async Capable": false,"Join Type": "Inner","Startup Cost": 2.84,"Total Cost": 8414.26,"Plan Rows": 3803,"Plan Width": 116,"Actual Startup Time": 0.466,"Actual Total Time": 464.532,"Actual Rows": 15032,"Actual Loops": 3,"Inner Unique": false,"Workers": [],"Plans": [{"Node Type": "Hash Join","Parent Relationship": "Outer","Parallel Aware": false,"Async Capable": false,"Join Type": "Inner","Startup Cost": 2.41,"Total Cost": 4471.79,"Plan Rows": 2500,"Plan Width": 116,"Actual Startup Time": 0.243,"Actual Total Time": 60.744,"Actual Rows": 9968,"Actual Loops": 3,"Inner Unique": false,"Hash Cond": "(customer.c_nationkey = nation.n_nationkey)","Workers": [],"Plans": [{"Node Type": "Seq Scan","Parent Relationship": "Outer","Parallel Aware": true,"Async Capable": false,"Relation Name": "customer","Alias": "customer","Startup Cost": 0.00,"Total Cost": 4210.00,"Plan Rows": 62500,"Plan Width": 8,"Actual Startup Time": 0.012,"Actual Total Time": 10.205,"Actual Rows": 50000,"Actual Loops": 3,"Workers": []},{"Node Type": "Hash","Parent Relationship": "Inner","Parallel Aware": false,"Async Capable": false,"Startup Cost": 2.40,"Total Cost": 2.40,"Plan Rows": 1,"Plan Width": 108,"Actual Startup Time": 0.142,"Actual Total Time": 0.157,"Actual Rows": 5,"Actual Loops": 3,"Hash Buckets": 1024,"Original Hash Buckets": 1024,"Hash Batches": 1,"Original Hash Batches": 1,"Peak Memory Usage": 9,"Workers": [],"Plans": [{"Node Type": "Hash Join","Parent Relationship": "Outer","Parallel Aware": false,"Async Capable": false,"Join Type": "Inner","Startup Cost": 1.07,"Total Cost": 2.40,"Plan Rows": 1,"Plan Width": 108,"Actual Startup Time": 0.130,"Actual Total Time": 0.149,"Actual Rows": 5,"Actual Loops": 3,"Inner Unique": true,"Hash Cond": "(nation.n_regionkey = region.r_regionkey)","Workers": [],"Plans": [{"Node Type": "Seq Scan","Parent Relationship": "Outer","Parallel Aware": false,"Async Capable": false,"Relation Name": "nation","Alias": "nation","Startup Cost": 0.00,"Total Cost": 1.25,"Plan Rows": 25,"Plan Width": 112,"Actual Startup Time": 0.040,"Actual Total Time": 0.044,"Actual Rows": 25,"Actual Loops": 3,"Workers": []},{"Node Type": "Hash","Parent Relationship": "Inner","Parallel Aware": false,"Async Capable": false,"Startup Cost": 1.06,"Total Cost": 1.06,"Plan Rows": 1,"Plan Width": 4,"Actual Startup Time": 0.063,"Actual Total Time": 0.068,"Actual Rows": 1,"Actual Loops": 3,"Hash Buckets": 1024,"Original Hash Buckets": 1024,"Hash Batches": 1,"Original Hash Batches": 1,"Peak Memory Usage": 9,"Workers": [],"Plans": [{"Node Type": "Seq Scan","Parent Relationship": "Outer","Parallel Aware": false,"Async Capable": false,"Relation Name": "region","Alias": "region","Startup Cost": 0.00,"Total Cost": 1.06,"Plan Rows": 1,"Plan Width": 4,"Actual Startup Time": 0.045,"Actual Total Time": 0.047,"Actual Rows": 1,"Actual Loops": 3,"Filter": "(r_name = 'MIDDLE EAST'::bpchar)","Rows Removed by Filter": 4,"Workers": []}]}]}]}]},{"Node Type": "Index Scan","Parent Relationship": "Inner","Parallel Aware": false,"Async Capable": false,"Scan Direction": "Forward","Index Name": "idx_orders_custkey","Relation Name": "orders","Alias": "orders","Startup Cost": 0.43,"Total Cost": 1.55,"Plan Rows": 3,"Plan Width": 8,"Actual Startup Time": 0.017,"Actual Total Time": 0.040,"Actual Rows": 2,"Actual Loops": 29904,"Index Cond": "(o_custkey = customer.c_custkey)","Rows Removed by Index Recheck": 0,"Filter": "((o_orderdate >= '1997-01-01'::date) AND (o_orderdate < '1998-01-01 00:00:00'::timestamp without time zone))","Rows Removed by Filter": 8,"Workers": []}]},{"Node Type": "Index Scan","Parent Relationship": "Inner","Parallel Aware": false,"Async Capable": false,"Scan Direction": "Forward","Index Name": "idx_lineitem_orderkey","Relation Name": "lineitem","Alias": "lineitem","Startup Cost": 0.43,"Total Cost": 2.87,"Plan Rows": 17,"Plan Width": 20,"Actual Startup Time": 0.017,"Actual Total Time": 0.019,"Actual Rows": 4,"Actual Loops": 45096,"Index Cond": "(l_orderkey = orders.o_orderkey)","Rows Removed by Index Recheck": 0,"Workers": []}]},{"Node Type": "Hash","Parent Relationship": "Inner","Parallel Aware": false,"Async Capable": false,"Startup Cost": 322.00,"Total Cost": 322.00,"Plan Rows": 10000,"Plan Width": 8,"Actual Startup Time": 9.890,"Actual Total Time": 9.894,"Actual Rows": 10000,"Actual Loops": 3,"Hash Buckets": 16384,"Original Hash Buckets": 16384,"Hash Batches": 1,"Original Hash Batches": 1,"Peak Memory Usage": 519,"Workers": [],"Plans": [{"Node Type": "Seq Scan","Parent Relationship": "Outer","Parallel Aware": false,"Async Capable": false,"Relation Name": "supplier","Alias": "supplier","Startup Cost": 0.00,"Total Cost": 322.00,"Plan Rows": 10000,"Plan Width": 8,"Actual Startup Time": 0.039,"Actual Total Time": 7.896,"Actual Rows": 10000,"Actual Loops": 3,"Workers": []}]}]}]}]}]}]}]},"Planning Time": 11.619,"Triggers": [],"Execution Time": 856.108}]
[{"Plan": {"Node Type": "Sort","Parallel Aware": false,"Async Capable": false,"Startup Cost": 21612.43,"Total Cost": 21612.50,"Plan Rows": 25,"Plan Width": 136,"Actual Startup Time": 827.834,"Actual Total Time": 858.973,"Actual Rows": 5,"Actual Loops": 1,"Sort Key": ["(sum((lineitem.l_extendedprice * ('1'::numeric - lineitem.l_discount)))) DESC"],"Sort Method": "quicksort","Sort Space Used": 25,"Sort Space Type": "Memory","Plans": [{"Node Type": "Aggregate","Strategy": "Sorted","Partial Mode": "Finalize","Parent Relationship": "Outer","Parallel Aware": false,"Async Capable": false,"Startup Cost": 21597.38,"Total Cost": 21611.85,"Plan Rows": 25,"Plan Width": 136,"Actual Startup Time": 827.274,"Actual Total Time": 858.918,"Actual Rows": 5,"Actual Loops": 1,"Group Key": ["nation.n_name"],"Plans": [{"Node Type": "Gather Merge","Parent Relationship": "Outer","Parallel Aware": false,"Async Capable": false,"Startup Cost": 21597.38,"Total Cost": 21611.17,"Plan Rows": 50,"Plan Width": 136,"Actual Startup Time": 827.088,"Actual Total Time": 858.883,"Actual Rows": 15,"Actual Loops": 1,"Workers Planned": 2,"Workers Launched": 2,"Plans": [{"Node Type": "Aggregate","Strategy": "Sorted","Partial Mode": "Partial","Parent Relationship": "Outer","Parallel Aware": false,"Async Capable": false,"Startup Cost": 20597.36,"Total Cost": 20605.37,"Plan Rows": 25,"Plan Width": 136,"Actual Startup Time": 818.981,"Actual Total Time": 819.657,"Actual Rows": 5,"Actual Loops": 3,"Group Key": ["nation.n_name"],"Workers": [],"Plans": [{"Node Type": "Sort","Parent Relationship": "Outer","Parallel Aware": false,"Async Capable": false,"Startup Cost": 20597.36,"Total Cost": 20598.90,"Plan Rows": 616,"Plan Width": 116,"Actual Startup Time": 818.754,"Actual Total Time": 818.877,"Actual Rows": 2367,"Actual Loops": 3,"Sort Key": ["nation.n_name"],"Sort Method": "quicksort","Sort Space Used": 283,"Sort Space Type": "Memory","Workers": [{"Worker Number": 0,"Sort Method": "quicksort","Sort Space Used": 277,"Sort Space Type": "Memory"},{"Worker Number": 1,"Sort Method": "quicksort","Sort Space Used": 284,"Sort Space Type": "Memory"}],"Plans": [{"Node Type": "Hash Join","Parent Relationship": "Outer","Parallel Aware": false,"Async Capable": false,"Join Type": "Inner","Startup Cost": 475.27,"Total Cost": 20568.82,"Plan Rows": 616,"Plan Width": 116,"Actual Startup Time": 13.272,"Actual Total Time": 817.265,"Actual Rows": 2367,"Actual Loops": 3,"Inner Unique": true,"Hash Cond": "((lineitem.l_suppkey = supplier.s_suppkey) AND (customer.c_nationkey = supplier.s_nationkey))","Workers": [],"Plans": [{"Node Type": "Nested Loop","Parent Relationship": "Outer","Parallel Aware": false,"Async Capable": false,"Join Type": "Inner","Startup Cost": 3.27,"Total Cost": 20015.89,"Plan Rows": 15415,"Plan Width": 128,"Actual Startup Time": 0.973,"Actual Total Time": 770.169,"Actual Rows": 60208,"Actual Loops": 3,"Inner Unique": false,"Workers": [],"Plans": [{"Node Type": "Nested Loop","Parent Relationship": "Outer","Parallel Aware": false,"Async Capable": false,"Join Type": "Inner","Startup Cost": 2.84,"Total Cost": 8414.26,"Plan Rows": 3853,"Plan Width": 116,"Actual Startup Time": 0.870,"Actual Total Time": 466.623,"Actual Rows": 15051,"Actual Loops": 3,"Inner Unique": false,"Workers": [],"Plans": [{"Node Type": "Hash Join","Parent Relationship": "Outer","Parallel Aware": false,"Async Capable": false,"Join Type": "Inner","Startup Cost": 2.41,"Total Cost": 4471.79,"Plan Rows": 2500,"Plan Width": 116,"Actual Startup Time": 0.250,"Actual Total Time": 58.358,"Actual Rows": 9921,"Actual Loops": 3,"Inner Unique": false,"Hash Cond": "(customer.c_nationkey = nation.n_nationkey)","Workers": [],"Plans": [{"Node Type": "Seq Scan","Parent Relationship": "Outer","Parallel Aware": true,"Async Capable": false,"Relation Name": "customer","Alias": "customer","Startup Cost": 0.00,"Total Cost": 4210.00,"Plan Rows": 62500,"Plan Width": 8,"Actual Startup Time": 0.013,"Actual Total Time": 10.073,"Actual Rows": 50000,"Actual Loops": 3,"Workers": []},{"Node Type": "Hash","Parent Relationship": "Inner","Parallel Aware": false,"Async Capable": false,"Startup Cost": 2.40,"Total Cost": 2.40,"Plan Rows": 1,"Plan Width": 108,"Actual Startup Time": 0.153,"Actual Total Time": 0.173,"Actual Rows": 5,"Actual Loops": 3,"Hash Buckets": 1024,"Original Hash Buckets": 1024,"Hash Batches": 1,"Original Hash Batches": 1,"Peak Memory Usage": 9,"Workers": [],"Plans": [{"Node Type": "Hash Join","Parent Relationship": "Outer","Parallel Aware": false,"Async Capable": false,"Join Type": "Inner","Startup Cost": 1.07,"Total Cost": 2.40,"Plan Rows": 1,"Plan Width": 108,"Actual Startup Time": 0.137,"Actual Total Time": 0.162,"Actual Rows": 5,"Actual Loops": 3,"Inner Unique": true,"Hash Cond": "(nation.n_regionkey = region.r_regionkey)","Workers": [],"Plans": [{"Node Type": "Seq Scan","Parent Relationship": "Outer","Parallel Aware": false,"Async Capable": false,"Relation Name": "nation","Alias": "nation","Startup Cost": 0.00,"Total Cost": 1.25,"Plan Rows": 25,"Plan Width": 112,"Actual Startup Time": 0.055,"Actual Total Time": 0.059,"Actual Rows": 25,"Actual Loops": 3,"Workers": []},{"Node Type": "Hash","Parent Relationship": "Inner","Parallel Aware": false,"Async Capable": false,"Startup Cost": 1.06,"Total Cost": 1.06,"Plan Rows": 1,"Plan Width": 4,"Actual Startup Time": 0.058,"Actual Total Time": 0.065,"Actual Rows": 1,"Actual Loops": 3,"Hash Buckets": 1024,"Original Hash Buckets": 1024,"Hash Batches": 1,"Original Hash Batches": 1,"Peak Memory Usage": 9,"Workers": [],"Plans": [{"Node Type": "Seq Scan","Parent Relationship": "Outer","Parallel Aware": false,"Async Capable": false,"Relation Name": "region","Alias": "region","Startup Cost": 0.00,"Total Cost": 1.06,"Plan Rows": 1,"Plan Width": 4,"Actual Startup Time": 0.044,"Actual Total Time": 0.048,"Actual Rows": 1,"Actual Loops": 3,"Filter": "(r_name = 'AFRICA'::bpchar)","Rows Removed by Filter": 4,"Workers": []}]}]}]}]},{"Node Type": "Index Scan","Parent Relationship": "Inner","Parallel Aware": false,"Async Capable": false,"Scan Direction": "Forward","Index Name": "idx_orders_custkey","Relation Name": "orders","Alias": "orders","Startup Cost": 0.43,"Total Cost": 1.55,"Plan Rows": 3,"Plan Width": 8,"Actual Startup Time": 0.018,"Actual Total Time": 0.041,"Actual Rows": 2,"Actual Loops": 29764,"Index Cond": "(o_custkey = customer.c_custkey)","Rows Removed by Index Recheck": 0,"Filter": "((o_orderdate >= '1994-01-01'::date) AND (o_orderdate < '1995-01-01 00:00:00'::timestamp without time zone))","Rows Removed by Filter": 9,"Workers": []}]},{"Node Type": "Index Scan","Parent Relationship": "Inner","Parallel Aware": false,"Async Capable": false,"Scan Direction": "Forward","Index Name": "idx_lineitem_orderkey","Relation Name": "lineitem","Alias": "lineitem","Startup Cost": 0.43,"Total Cost": 2.84,"Plan Rows": 17,"Plan Width": 20,"Actual Startup Time": 0.017,"Actual Total Time": 0.019,"Actual Rows": 4,"Actual Loops": 45152,"Index Cond": "(l_orderkey = orders.o_orderkey)","Rows Removed by Index Recheck": 0,"Workers": []}]},{"Node Type": "Hash","Parent Relationship": "Inner","Parallel Aware": false,"Async Capable": false,"Startup Cost": 322.00,"Total Cost": 322.00,"Plan Rows": 10000,"Plan Width": 8,"Actual Startup Time": 11.376,"Actual Total Time": 11.381,"Actual Rows": 10000,"Actual Loops": 3,"Hash Buckets": 16384,"Original Hash Buckets": 16384,"Hash Batches": 1,"Original Hash Batches": 1,"Peak Memory Usage": 519,"Workers": [],"Plans": [{"Node Type": "Seq Scan","Parent Relationship": "Outer","Parallel Aware": false,"Async Capable": false,"Relation Name": "supplier","Alias": "supplier","Startup Cost": 0.00,"Total Cost": 322.00,"Plan Rows": 10000,"Plan Width": 8,"Actual Startup Time": 0.042,"Actual Total Time": 9.565,"Actual Rows": 10000,"Actual Loops": 3,"Workers": []}]}]}]}]}]}]}]},"Planning Time": 10.751,"Triggers": [],"Execution Time": 859.508}]
[{"Plan": {"Node Type": "Sort","Parallel Aware": false,"Async Capable": false,"Startup Cost": 21565.24,"Total Cost": 21565.30,"Plan Rows": 25,"Plan Width": 136,"Actual Startup Time": 829.883,"Actual Total Time": 862.581,"Actual Rows": 5,"Actual Loops": 1,"Sort Key": ["(sum((lineitem.l_extendedprice * ('1'::numeric - lineitem.l_discount)))) DESC"],"Sort Method": "quicksort","Sort Space Used": 25,"Sort Space Type": "Memory","Plans": [{"Node Type": "Aggregate","Strategy": "Sorted","Partial Mode": "Finalize","Parent Relationship": "Outer","Parallel Aware": false,"Async Capable": false,"Startup Cost": 21550.29,"Total Cost": 21564.66,"Plan Rows": 25,"Plan Width": 136,"Actual Startup Time": 829.271,"Actual Total Time": 862.532,"Actual Rows": 5,"Actual Loops": 1,"Group Key": ["nation.n_name"],"Plans": [{"Node Type": "Gather Merge","Parent Relationship": "Outer","Parallel Aware": false,"Async Capable": false,"Startup Cost": 21550.29,"Total Cost": 21563.97,"Plan Rows": 50,"Plan Width": 136,"Actual Startup Time": 829.074,"Actual Total Time": 862.478,"Actual Rows": 15,"Actual Loops": 1,"Workers Planned": 2,"Workers Launched": 2,"Plans": [{"Node Type": "Aggregate","Strategy": "Sorted","Partial Mode": "Partial","Parent Relationship": "Outer","Parallel Aware": false,"Async Capable": false,"Startup Cost": 20550.26,"Total Cost": 20558.18,"Plan Rows": 25,"Plan Width": 136,"Actual Startup Time": 821.816,"Actual Total Time": 822.538,"Actual Rows": 5,"Actual Loops": 3,"Group Key": ["nation.n_name"],"Workers": [],"Plans": [{"Node Type": "Sort","Parent Relationship": "Outer","Parallel Aware": false,"Async Capable": false,"Startup Cost": 20550.26,"Total Cost": 20551.78,"Plan Rows": 608,"Plan Width": 116,"Actual Startup Time": 821.604,"Actual Total Time": 821.730,"Actual Rows": 2468,"Actual Loops": 3,"Sort Key": ["nation.n_name"],"Sort Method": "quicksort","Sort Space Used": 285,"Sort Space Type": "Memory","Workers": [{"Worker Number": 0,"Sort Method": "quicksort","Sort Space Used": 293,"Sort Space Type": "Memory"},{"Worker Number": 1,"Sort Method": "quicksort","Sort Space Used": 290,"Sort Space Type": "Memory"}],"Plans": [{"Node Type": "Hash Join","Parent Relationship": "Outer","Parallel Aware": false,"Async Capable": false,"Join Type": "Inner","Startup Cost": 475.27,"Total Cost": 20522.15,"Plan Rows": 608,"Plan Width": 116,"Actual Startup Time": 10.349,"Actual Total Time": 819.988,"Actual Rows": 2468,"Actual Loops": 3,"Inner Unique": true,"Hash Cond": "((lineitem.l_suppkey = supplier.s_suppkey) AND (customer.c_nationkey = supplier.s_nationkey))","Workers": [],"Plans": [{"Node Type": "Nested Loop","Parent Relationship": "Outer","Parallel Aware": false,"Async Capable": false,"Join Type": "Inner","Startup Cost": 3.27,"Total Cost": 19970.29,"Plan Rows": 15211,"Plan Width": 128,"Actual Startup Time": 0.787,"Actual Total Time": 773.951,"Actual Rows": 61461,"Actual Loops": 3,"Inner Unique": false,"Workers": [],"Plans": [{"Node Type": "Nested Loop","Parent Relationship": "Outer","Parallel Aware": false,"Async Capable": false,"Join Type": "Inner","Startup Cost": 2.84,"Total Cost": 8414.26,"Plan Rows": 3802,"Plan Width": 116,"Actual Startup Time": 0.651,"Actual Total Time": 459.932,"Actual Rows": 15399,"Actual Loops": 3,"Inner Unique": false,"Workers": [],"Plans": [{"Node Type": "Hash Join","Parent Relationship": "Outer","Parallel Aware": false,"Async Capable": false,"Join Type": "Inner","Startup Cost": 2.41,"Total Cost": 4471.79,"Plan Rows": 2500,"Plan Width": 116,"Actual Startup Time": 0.245,"Actual Total Time": 55.063,"Actual Rows": 10066,"Actual Loops": 3,"Inner Unique": false,"Hash Cond": "(customer.c_nationkey = nation.n_nationkey)","Workers": [],"Plans": [{"Node Type": "Seq Scan","Parent Relationship": "Outer","Parallel Aware": true,"Async Capable": false,"Relation Name": "customer","Alias": "customer","Startup Cost": 0.00,"Total Cost": 4210.00,"Plan Rows": 62500,"Plan Width": 8,"Actual Startup Time": 0.014,"Actual Total Time": 9.571,"Actual Rows": 50000,"Actual Loops": 3,"Workers": []},{"Node Type": "Hash","Parent Relationship": "Inner","Parallel Aware": false,"Async Capable": false,"Startup Cost": 2.40,"Total Cost": 2.40,"Plan Rows": 1,"Plan Width": 108,"Actual Startup Time": 0.139,"Actual Total Time": 0.155,"Actual Rows": 5,"Actual Loops": 3,"Hash Buckets": 1024,"Original Hash Buckets": 1024,"Hash Batches": 1,"Original Hash Batches": 1,"Peak Memory Usage": 9,"Workers": [],"Plans": [{"Node Type": "Hash Join","Parent Relationship": "Outer","Parallel Aware": false,"Async Capable": false,"Join Type": "Inner","Startup Cost": 1.07,"Total Cost": 2.40,"Plan Rows": 1,"Plan Width": 108,"Actual Startup Time": 0.126,"Actual Total Time": 0.145,"Actual Rows": 5,"Actual Loops": 3,"Inner Unique": true,"Hash Cond": "(nation.n_regionkey = region.r_regionkey)","Workers": [],"Plans": [{"Node Type": "Seq Scan","Parent Relationship": "Outer","Parallel Aware": false,"Async Capable": false,"Relation Name": "nation","Alias": "nation","Startup Cost": 0.00,"Total Cost": 1.25,"Plan Rows": 25,"Plan Width": 112,"Actual Startup Time": 0.043,"Actual Total Time": 0.047,"Actual Rows": 25,"Actual Loops": 3,"Workers": []},{"Node Type": "Hash","Parent Relationship": "Inner","Parallel Aware": false,"Async Capable": false,"Startup Cost": 1.06,"Total Cost": 1.06,"Plan Rows": 1,"Plan Width": 4,"Actual Startup Time": 0.051,"Actual Total Time": 0.056,"Actual Rows": 1,"Actual Loops": 3,"Hash Buckets": 1024,"Original Hash Buckets": 1024,"Hash Batches": 1,"Original Hash Batches": 1,"Peak Memory Usage": 9,"Workers": [],"Plans": [{"Node Type": "Seq Scan","Parent Relationship": "Outer","Parallel Aware": false,"Async Capable": false,"Relation Name": "region","Alias": "region","Startup Cost": 0.00,"Total Cost": 1.06,"Plan Rows": 1,"Plan Width": 4,"Actual Startup Time": 0.037,"Actual Total Time": 0.039,"Actual Rows": 1,"Actual Loops": 3,"Filter": "(r_name = 'EUROPE'::bpchar)","Rows Removed by Filter": 4,"Workers": []}]}]}]}]},{"Node Type": "Index Scan","Parent Relationship": "Inner","Parallel Aware": false,"Async Capable": false,"Scan Direction": "Forward","Index Name": "idx_orders_custkey","Relation Name": "orders","Alias": "orders","Startup Cost": 0.43,"Total Cost": 1.55,"Plan Rows": 3,"Plan Width": 8,"Actual Startup Time": 0.017,"Actual Total Time": 0.040,"Actual Rows": 2,"Actual Loops": 30197,"Index Cond": "(o_custkey = customer.c_custkey)","Rows Removed by Index Recheck": 0,"Filter": "((o_orderdate >= '1995-01-01'::date) AND (o_orderdate < '1996-01-01 00:00:00'::timestamp without time zone))","Rows Removed by Filter": 9,"Workers": []}]},{"Node Type": "Index Scan","Parent Relationship": "Inner","Parallel Aware": false,"Async Capable": false,"Scan Direction": "Forward","Index Name": "idx_lineitem_orderkey","Relation Name": "lineitem","Alias": "lineitem","Startup Cost": 0.43,"Total Cost": 2.87,"Plan Rows": 17,"Plan Width": 20,"Actual Startup Time": 0.017,"Actual Total Time": 0.020,"Actual Rows": 4,"Actual Loops": 46197,"Index Cond": "(l_orderkey = orders.o_orderkey)","Rows Removed by Index Recheck": 0,"Workers": []}]},{"Node Type": "Hash","Parent Relationship": "Inner","Parallel Aware": false,"Async Capable": false,"Startup Cost": 322.00,"Total Cost": 322.00,"Plan Rows": 10000,"Plan Width": 8,"Actual Startup Time": 8.644,"Actual Total Time": 8.648,"Actual Rows": 10000,"Actual Loops": 3,"Hash Buckets": 16384,"Original Hash Buckets": 16384,"Hash Batches": 1,"Original Hash Batches": 1,"Peak Memory Usage": 519,"Workers": [],"Plans": [{"Node Type": "Seq Scan","Parent Relationship": "Outer","Parallel Aware": false,"Async Capable": false,"Relation Name": "supplier","Alias": "supplier","Startup Cost": 0.00,"Total Cost": 322.00,"Plan Rows": 10000,"Plan Width": 8,"Actual Startup Time": 0.045,"Actual Total Time": 6.681,"Actual Rows": 10000,"Actual Loops": 3,"Workers": []}]}]}]}]}]}]}]},"Planning Time": 10.340,"Triggers": [],"Execution Time": 863.182}]
[{"Plan": {"Node Type": "Sort","Parallel Aware": false,"Async Capable": false,"Startup Cost": 21522.30,"Total Cost": 21522.36,"Plan Rows": 25,"Plan Width": 136,"Actual Startup Time": 803.252,"Actual Total Time": 834.286,"Actual Rows": 5,"Actual Loops": 1,"Sort Key": ["(sum((lineitem.l_extendedprice * ('1'::numeric - lineitem.l_discount)))) DESC"],"Sort Method": "quicksort","Sort Space Used": 25,"Sort Space Type": "Memory","Plans": [{"Node Type": "Aggregate","Strategy": "Sorted","Partial Mode": "Finalize","Parent Relationship": "Outer","Parallel Aware": false,"Async Capable": false,"Startup Cost": 21507.43,"Total Cost": 21521.72,"Plan Rows": 25,"Plan Width": 136,"Actual Startup Time": 802.651,"Actual Total Time": 834.228,"Actual Rows": 5,"Actual Loops": 1,"Group Key": ["nation.n_name"],"Plans": [{"Node Type": "Gather Merge","Parent Relationship": "Outer","Parallel Aware": false,"Async Capable": false,"Startup Cost": 21507.43,"Total Cost": 21521.03,"Plan Rows": 50,"Plan Width": 136,"Actual Startup Time": 802.434,"Actual Total Time": 834.170,"Actual Rows": 15,"Actual Loops": 1,"Workers Planned": 2,"Workers Launched": 2,"Plans": [{"Node Type": "Aggregate","Strategy": "Sorted","Partial Mode": "Partial","Parent Relationship": "Outer","Parallel Aware": false,"Async Capable": false,"Startup Cost": 20507.41,"Total Cost": 20515.23,"Plan Rows": 25,"Plan Width": 136,"Actual Startup Time": 794.928,"Actual Total Time": 795.651,"Actual Rows": 5,"Actual Loops": 3,"Group Key": ["nation.n_name"],"Workers": [],"Plans": [{"Node Type": "Sort","Parent Relationship": "Outer","Parallel Aware": false,"Async Capable": false,"Startup Cost": 20507.41,"Total Cost": 20508.91,"Plan Rows": 601,"Plan Width": 116,"Actual Startup Time": 794.703,"Actual Total Time": 794.843,"Actual Rows": 2409,"Actual Loops": 3,"Sort Key": ["nation.n_name"],"Sort Method": "quicksort","Sort Space Used": 286,"Sort Space Type": "Memory","Workers": [{"Worker Number": 0,"Sort Method": "quicksort","Sort Space Used": 276,"Sort Space Type": "Memory"},{"Worker Number": 1,"Sort Method": "quicksort","Sort Space Used": 293,"Sort Space Type": "Memory"}],"Plans": [{"Node Type": "Hash Join","Parent Relationship": "Outer","Parallel Aware": false,"Async Capable": false,"Join Type": "Inner","Startup Cost": 475.27,"Total Cost": 20479.67,"Plan Rows": 601,"Plan Width": 116,"Actual Startup Time": 9.777,"Actual Total Time": 793.218,"Actual Rows": 2409,"Actual Loops": 3,"Inner Unique": true,"Hash Cond": "((lineitem.l_suppkey = supplier.s_suppkey) AND (customer.c_nationkey = supplier.s_nationkey))","Workers": [],"Plans": [{"Node Type": "Nested Loop","Parent Relationship": "Outer","Parallel Aware": false,"Async Capable": false,"Join Type": "Inner","Startup Cost": 3.27,"Total Cost": 19928.78,"Plan Rows": 15027,"Plan Width": 128,"Actual Startup Time": 0.619,"Actual Total Time": 753.080,"Actual Rows": 60488,"Actual Loops": 3,"Inner Unique": false,"Workers": [],"Plans": [{"Node Type": "Nested Loop","Parent Relationship": "Outer","Parallel Aware": false,"Async Capable": false,"Join Type": "Inner","Startup Cost": 2.84,"Total Cost": 8414.26,"Plan Rows": 3756,"Plan Width": 116,"Actual Startup Time": 0.516,"Actual Total Time": 449.946,"Actual Rows": 15093,"Actual Loops": 3,"Inner Unique": false,"Workers": [],"Plans": [{"Node Type": "Hash Join","Parent Relationship": "Outer","Parallel Aware": false,"Async Capable": false,"Join Type": "Inner","Startup Cost": 2.41,"Total Cost": 4471.79,"Plan Rows": 2500,"Plan Width": 116,"Actual Startup Time": 0.243,"Actual Total Time": 55.930,"Actual Rows": 9921,"Actual Loops": 3,"Inner Unique": false,"Hash Cond": "(customer.c_nationkey = nation.n_nationkey)","Workers": [],"Plans": [{"Node Type": "Seq Scan","Parent Relationship": "Outer","Parallel Aware": true,"Async Capable": false,"Relation Name": "customer","Alias": "customer","Startup Cost": 0.00,"Total Cost": 4210.00,"Plan Rows": 62500,"Plan Width": 8,"Actual Startup Time": 0.017,"Actual Total Time": 9.588,"Actual Rows": 50000,"Actual Loops": 3,"Workers": []},{"Node Type": "Hash","Parent Relationship": "Inner","Parallel Aware": false,"Async Capable": false,"Startup Cost": 2.40,"Total Cost": 2.40,"Plan Rows": 1,"Plan Width": 108,"Actual Startup Time": 0.143,"Actual Total Time": 0.169,"Actual Rows": 5,"Actual Loops": 3,"Hash Buckets": 1024,"Original Hash Buckets": 1024,"Hash Batches": 1,"Original Hash Batches": 1,"Peak Memory Usage": 9,"Workers": [],"Plans": [{"Node Type": "Hash Join","Parent Relationship": "Outer","Parallel Aware": false,"Async Capable": false,"Join Type": "Inner","Startup Cost": 1.07,"Total Cost": 2.40,"Plan Rows": 1,"Plan Width": 108,"Actual Startup Time": 0.126,"Actual Total Time": 0.159,"Actual Rows": 5,"Actual Loops": 3,"Inner Unique": true,"Hash Cond": "(nation.n_regionkey = region.r_regionkey)","Workers": [],"Plans": [{"Node Type": "Seq Scan","Parent Relationship": "Outer","Parallel Aware": false,"Async Capable": false,"Relation Name": "nation","Alias": "nation","Startup Cost": 0.00,"Total Cost": 1.25,"Plan Rows": 25,"Plan Width": 112,"Actual Startup Time": 0.045,"Actual Total Time": 0.050,"Actual Rows": 25,"Actual Loops": 3,"Workers": []},{"Node Type": "Hash","Parent Relationship": "Inner","Parallel Aware": false,"Async Capable": false,"Startup Cost": 1.06,"Total Cost": 1.06,"Plan Rows": 1,"Plan Width": 4,"Actual Startup Time": 0.052,"Actual Total Time": 0.063,"Actual Rows": 1,"Actual Loops": 3,"Hash Buckets": 1024,"Original Hash Buckets": 1024,"Hash Batches": 1,"Original Hash Batches": 1,"Peak Memory Usage": 9,"Workers": [],"Plans": [{"Node Type": "Seq Scan","Parent Relationship": "Outer","Parallel Aware": false,"Async Capable": false,"Relation Name": "region","Alias": "region","Startup Cost": 0.00,"Total Cost": 1.06,"Plan Rows": 1,"Plan Width": 4,"Actual Startup Time": 0.036,"Actual Total Time": 0.041,"Actual Rows": 1,"Actual Loops": 3,"Filter": "(r_name = 'AFRICA'::bpchar)","Rows Removed by Filter": 4,"Workers": []}]}]}]}]},{"Node Type": "Index Scan","Parent Relationship": "Inner","Parallel Aware": false,"Async Capable": false,"Scan Direction": "Forward","Index Name": "idx_orders_custkey","Relation Name": "orders","Alias": "orders","Startup Cost": 0.43,"Total Cost": 1.55,"Plan Rows": 3,"Plan Width": 8,"Actual Startup Time": 0.017,"Actual Total Time": 0.039,"Actual Rows": 2,"Actual Loops": 29764,"Index Cond": "(o_custkey = customer.c_custkey)","Rows Removed by Index Recheck": 0,"Filter": "((o_orderdate >= '1993-01-01'::date) AND (o_orderdate < '1994-01-01 00:00:00'::timestamp without time zone))","Rows Removed by Filter": 9,"Workers": []}]},{"Node Type": "Index Scan","Parent Relationship": "Inner","Parallel Aware": false,"Async Capable": false,"Scan Direction": "Forward","Index Name": "idx_lineitem_orderkey","Relation Name": "lineitem","Alias": "lineitem","Startup Cost": 0.43,"Total Cost": 2.90,"Plan Rows": 17,"Plan Width": 20,"Actual Startup Time": 0.017,"Actual Total Time": 0.019,"Actual Rows": 4,"Actual Loops": 45280,"Index Cond": "(l_orderkey = orders.o_orderkey)","Rows Removed by Index Recheck": 0,"Workers": []}]},{"Node Type": "Hash","Parent Relationship": "Inner","Parallel Aware": false,"Async Capable": false,"Startup Cost": 322.00,"Total Cost": 322.00,"Plan Rows": 10000,"Plan Width": 8,"Actual Startup Time": 8.121,"Actual Total Time": 8.126,"Actual Rows": 10000,"Actual Loops": 3,"Hash Buckets": 16384,"Original Hash Buckets": 16384,"Hash Batches": 1,"Original Hash Batches": 1,"Peak Memory Usage": 519,"Workers": [],"Plans": [{"Node Type": "Seq Scan","Parent Relationship": "Outer","Parallel Aware": false,"Async Capable": false,"Relation Name": "supplier","Alias": "supplier","Startup Cost": 0.00,"Total Cost": 322.00,"Plan Rows": 10000,"Plan Width": 8,"Actual Startup Time": 0.036,"Actual Total Time": 6.327,"Actual Rows": 10000,"Actual Loops": 3,"Workers": []}]}]}]}]}]}]}]},"Planning Time": 9.902,"Triggers": [],"Execution Time": 834.900}]
[{"Plan": {"Node Type": "Sort","Parallel Aware": false,"Async Capable": false,"Startup Cost": 21616.39,"Total Cost": 21616.45,"Plan Rows": 25,"Plan Width": 136,"Actual Startup Time": 817.171,"Actual Total Time": 848.557,"Actual Rows": 5,"Actual Loops": 1,"Sort Key": ["(sum((lineitem.l_extendedprice * ('1'::numeric - lineitem.l_discount)))) DESC"],"Sort Method": "quicksort","Sort Space Used": 25,"Sort Space Type": "Memory","Plans": [{"Node Type": "Aggregate","Strategy": "Sorted","Partial Mode": "Finalize","Parent Relationship": "Outer","Parallel Aware": false,"Async Capable": false,"Startup Cost": 21601.33,"Total Cost": 21615.81,"Plan Rows": 25,"Plan Width": 136,"Actual Startup Time": 816.250,"Actual Total Time": 848.503,"Actual Rows": 5,"Actual Loops": 1,"Group Key": ["nation.n_name"],"Plans": [{"Node Type": "Gather Merge","Parent Relationship": "Outer","Parallel Aware": false,"Async Capable": false,"Startup Cost": 21601.33,"Total Cost": 21615.12,"Plan Rows": 50,"Plan Width": 136,"Actual Startup Time": 815.620,"Actual Total Time": 848.441,"Actual Rows": 15,"Actual Loops": 1,"Workers Planned": 2,"Workers Launched": 2,"Plans": [{"Node Type": "Aggregate","Strategy": "Sorted","Partial Mode": "Partial","Parent Relationship": "Outer","Parallel Aware": false,"Async Capable": false,"Startup Cost": 20601.30,"Total Cost": 20609.33,"Plan Rows": 25,"Plan Width": 136,"Actual Startup Time": 807.499,"Actual Total Time": 808.444,"Actual Rows": 5,"Actual Loops": 3,"Group Key": ["nation.n_name"],"Workers": [],"Plans": [{"Node Type": "Sort","Parent Relationship": "Outer","Parallel Aware": false,"Async Capable": false,"Startup Cost": 20601.30,"Total Cost": 20602.85,"Plan Rows": 617,"Plan Width": 116,"Actual Startup Time": 807.276,"Actual Total Time": 807.432,"Actual Rows": 2427,"Actual Loops": 3,"Sort Key": ["nation.n_name"],"Sort Method": "quicksort","Sort Space Used": 295,"Sort Space Type": "Memory","Workers": [{"Worker Number": 0,"Sort Method": "quicksort","Sort Space Used": 285,"Sort Space Type": "Memory"},{"Worker Number": 1,"Sort Method": "quicksort","Sort Space Used": 279,"Sort Space Type": "Memory"}],"Plans": [{"Node Type": "Hash Join","Parent Relationship": "Outer","Parallel Aware": false,"Async Capable": false,"Join Type": "Inner","Startup Cost": 475.27,"Total Cost": 20572.71,"Plan Rows": 617,"Plan Width": 116,"Actual Startup Time": 13.659,"Actual Total Time": 805.763,"Actual Rows": 2427,"Actual Loops": 3,"Inner Unique": true,"Hash Cond": "((lineitem.l_suppkey = supplier.s_suppkey) AND (customer.c_nationkey = supplier.s_nationkey))","Workers": [],"Plans": [{"Node Type": "Nested Loop","Parent Relationship": "Outer","Parallel Aware": false,"Async Capable": false,"Join Type": "Inner","Startup Cost": 3.27,"Total Cost": 20019.70,"Plan Rows": 15431,"Plan Width": 128,"Actual Startup Time": 0.940,"Actual Total Time": 760.394,"Actual Rows": 61187,"Actual Loops": 3,"Inner Unique": false,"Workers": [],"Plans": [{"Node Type": "Nested Loop","Parent Relationship": "Outer","Parallel Aware": false,"Async Capable": false,"Join Type": "Inner","Startup Cost": 2.84,"Total Cost": 8414.26,"Plan Rows": 3857,"Plan Width": 116,"Actual Startup Time": 0.804,"Actual Total Time": 453.891,"Actual Rows": 15325,"Actual Loops": 3,"Inner Unique": false,"Workers": [],"Plans": [{"Node Type": "Hash Join","Parent Relationship": "Outer","Parallel Aware": false,"Async Capable": false,"Join Type": "Inner","Startup Cost": 2.41,"Total Cost": 4471.79,"Plan Rows": 2500,"Plan Width": 116,"Actual Startup Time": 0.319,"Actual Total Time": 55.842,"Actual Rows": 10061,"Actual Loops": 3,"Inner Unique": false,"Hash Cond": "(customer.c_nationkey = nation.n_nationkey)","Workers": [],"Plans": [{"Node Type": "Seq Scan","Parent Relationship": "Outer","Parallel Aware": true,"Async Capable": false,"Relation Name": "customer","Alias": "customer","Startup Cost": 0.00,"Total Cost": 4210.00,"Plan Rows": 62500,"Plan Width": 8,"Actual Startup Time": 0.026,"Actual Total Time": 9.689,"Actual Rows": 50000,"Actual Loops": 3,"Workers": []},{"Node Type": "Hash","Parent Relationship": "Inner","Parallel Aware": false,"Async Capable": false,"Startup Cost": 2.40,"Total Cost": 2.40,"Plan Rows": 1,"Plan Width": 108,"Actual Startup Time": 0.180,"Actual Total Time": 0.198,"Actual Rows": 5,"Actual Loops": 3,"Hash Buckets": 1024,"Original Hash Buckets": 1024,"Hash Batches": 1,"Original Hash Batches": 1,"Peak Memory Usage": 9,"Workers": [],"Plans": [{"Node Type": "Hash Join","Parent Relationship": "Outer","Parallel Aware": false,"Async Capable": false,"Join Type": "Inner","Startup Cost": 1.07,"Total Cost": 2.40,"Plan Rows": 1,"Plan Width": 108,"Actual Startup Time": 0.166,"Actual Total Time": 0.188,"Actual Rows": 5,"Actual Loops": 3,"Inner Unique": true,"Hash Cond": "(nation.n_regionkey = region.r_regionkey)","Workers": [],"Plans": [{"Node Type": "Seq Scan","Parent Relationship": "Outer","Parallel Aware": false,"Async Capable": false,"Relation Name": "nation","Alias": "nation","Startup Cost": 0.00,"Total Cost": 1.25,"Plan Rows": 25,"Plan Width": 112,"Actual Startup Time": 0.055,"Actual Total Time": 0.060,"Actual Rows": 25,"Actual Loops": 3,"Workers": []},{"Node Type": "Hash","Parent Relationship": "Inner","Parallel Aware": false,"Async Capable": false,"Startup Cost": 1.06,"Total Cost": 1.06,"Plan Rows": 1,"Plan Width": 4,"Actual Startup Time": 0.079,"Actual Total Time": 0.084,"Actual Rows": 1,"Actual Loops": 3,"Hash Buckets": 1024,"Original Hash Buckets": 1024,"Hash Batches": 1,"Original Hash Batches": 1,"Peak Memory Usage": 9,"Workers": [],"Plans": [{"Node Type": "Seq Scan","Parent Relationship": "Outer","Parallel Aware": false,"Async Capable": false,"Relation Name": "region","Alias": "region","Startup Cost": 0.00,"Total Cost": 1.06,"Plan Rows": 1,"Plan Width": 4,"Actual Startup Time": 0.058,"Actual Total Time": 0.061,"Actual Rows": 1,"Actual Loops": 3,"Filter": "(r_name = 'ASIA'::bpchar)","Rows Removed by Filter": 4,"Workers": []}]}]}]}]},{"Node Type": "Index Scan","Parent Relationship": "Inner","Parallel Aware": false,"Async Capable": false,"Scan Direction": "Forward","Index Name": "idx_orders_custkey","Relation Name": "orders","Alias": "orders","Startup Cost": 0.43,"Total Cost": 1.55,"Plan Rows": 3,"Plan Width": 8,"Actual Startup Time": 0.017,"Actual Total Time": 0.039,"Actual Rows": 2,"Actual Loops": 30183,"Index Cond": "(o_custkey = customer.c_custkey)","Rows Removed by Index Recheck": 0,"Filter": "((o_orderdate >= '1996-01-01'::date) AND (o_orderdate < '1997-01-01 00:00:00'::timestamp without time zone))","Rows Removed by Filter": 8,"Workers": []}]},{"Node Type": "Index Scan","Parent Relationship": "Inner","Parallel Aware": false,"Async Capable": false,"Scan Direction": "Forward","Index Name": "idx_lineitem_orderkey","Relation Name": "lineitem","Alias": "lineitem","Startup Cost": 0.43,"Total Cost": 2.84,"Plan Rows": 17,"Plan Width": 20,"Actual Startup Time": 0.017,"Actual Total Time": 0.019,"Actual Rows": 4,"Actual Loops": 45976,"Index Cond": "(l_orderkey = orders.o_orderkey)","Rows Removed by Index Recheck": 0,"Workers": []}]},{"Node Type": "Hash","Parent Relationship": "Inner","Parallel Aware": false,"Async Capable": false,"Startup Cost": 322.00,"Total Cost": 322.00,"Plan Rows": 10000,"Plan Width": 8,"Actual Startup Time": 12.172,"Actual Total Time": 12.179,"Actual Rows": 10000,"Actual Loops": 3,"Hash Buckets": 16384,"Original Hash Buckets": 16384,"Hash Batches": 1,"Original Hash Batches": 1,"Peak Memory Usage": 519,"Workers": [],"Plans": [{"Node Type": "Seq Scan","Parent Relationship": "Outer","Parallel Aware": false,"Async Capable": false,"Relation Name": "supplier","Alias": "supplier","Startup Cost": 0.00,"Total Cost": 322.00,"Plan Rows": 10000,"Plan Width": 8,"Actual Startup Time": 0.048,"Actual Total Time": 10.623,"Actual Rows": 10000,"Actual Loops": 3,"Workers": []}]}]}]}]}]}]}]},"Planning Time": 10.688,"Triggers": [],"Execution Time": 848.991}]
[{"Plan": {"Node Type": "Sort","Parallel Aware": false,"Async Capable": false,"Startup Cost": 21612.43,"Total Cost": 21612.50,"Plan Rows": 25,"Plan Width": 136,"Actual Startup Time": 832.616,"Actual Total Time": 862.680,"Actual Rows": 5,"Actual Loops": 1,"Sort Key": ["(sum((lineitem.l_extendedprice * ('1'::numeric - lineitem.l_discount)))) DESC"],"Sort Method": "quicksort","Sort Space Used": 25,"Sort Space Type": "Memory","Plans": [{"Node Type": "Aggregate","Strategy": "Sorted","Partial Mode": "Finalize","Parent Relationship": "Outer","Parallel Aware": false,"Async Capable": false,"Startup Cost": 21597.38,"Total Cost": 21611.85,"Plan Rows": 25,"Plan Width": 136,"Actual Startup Time": 832.009,"Actual Total Time": 862.637,"Actual Rows": 5,"Actual Loops": 1,"Group Key": ["nation.n_name"],"Plans": [{"Node Type": "Gather Merge","Parent Relationship": "Outer","Parallel Aware": false,"Async Capable": false,"Startup Cost": 21597.38,"Total Cost": 21611.17,"Plan Rows": 50,"Plan Width": 136,"Actual Startup Time": 831.804,"Actual Total Time": 862.590,"Actual Rows": 15,"Actual Loops": 1,"Workers Planned": 2,"Workers Launched": 2,"Plans": [{"Node Type": "Aggregate","Strategy": "Sorted","Partial Mode": "Partial","Parent Relationship": "Outer","Parallel Aware": false,"Async Capable": false,"Startup Cost": 20597.36,"Total Cost": 20605.37,"Plan Rows": 25,"Plan Width": 136,"Actual Startup Time": 824.333,"Actual Total Time": 825.038,"Actual Rows": 5,"Actual Loops": 3,"Group Key": ["nation.n_name"],"Workers": [],"Plans": [{"Node Type": "Sort","Parent Relationship": "Outer","Parallel Aware": false,"Async Capable": false,"Startup Cost": 20597.36,"Total Cost": 20598.90,"Plan Rows": 616,"Plan Width": 116,"Actual Startup Time": 824.137,"Actual Total Time": 824.256,"Actual Rows": 2417,"Actual Loops": 3,"Sort Key": ["nation.n_name"],"Sort Method": "quicksort","Sort Space Used": 288,"Sort Space Type": "Memory","Workers": [{"Worker Number": 0,"Sort Method": "quicksort","Sort Space Used": 280,"Sort Space Type": "Memory"},{"Worker Number": 1,"Sort Method": "quicksort","Sort Space Used": 288,"Sort Space Type": "Memory"}],"Plans": [{"Node Type": "Hash Join","Parent Relationship": "Outer","Parallel Aware": false,"Async Capable": false,"Join Type": "Inner","Startup Cost": 475.27,"Total Cost": 20568.82,"Plan Rows": 616,"Plan Width": 116,"Actual Startup Time": 12.703,"Actual Total Time": 822.671,"Actual Rows": 2417,"Actual Loops": 3,"Inner Unique": true,"Hash Cond": "((lineitem.l_suppkey = supplier.s_suppkey) AND (customer.c_nationkey = supplier.s_nationkey))","Workers": [],"Plans": [{"Node Type": "Nested Loop","Parent Relationship": "Outer","Parallel Aware": false,"Async Capable": false,"Join Type": "Inner","Startup Cost": 3.27,"Total Cost": 20015.89,"Plan Rows": 15415,"Plan Width": 128,"Actual Startup Time": 0.571,"Actual Total Time": 776.984,"Actual Rows": 59997,"Actual Loops": 3,"Inner Unique": false,"Workers": [],"Plans": [{"Node Type": "Nested Loop","Parent Relationship": "Outer","Parallel Aware": false,"Async Capable": false,"Join Type": "Inner","Startup Cost": 2.84,"Total Cost": 8414.26,"Plan Rows": 3853,"Plan Width": 116,"Actual Startup Time": 0.454,"Actual Total Time": 470.088,"Actual Rows": 15003,"Actual Loops": 3,"Inner Unique": false,"Workers": [],"Plans": [{"Node Type": "Hash Join","Parent Relationship": "Outer","Parallel Aware": false,"Async Capable": false,"Join Type": "Inner","Startup Cost": 2.41,"Total Cost": 4471.79,"Plan Rows": 2500,"Plan Width": 116,"Actual Startup Time": 0.227,"Actual Total Time": 60.370,"Actual Rows": 9968,"Actual Loops": 3,"Inner Unique": false,"Hash Cond": "(customer.c_nationkey = nation.n_nationkey)","Workers": [],"Plans": [{"Node Type": "Seq Scan","Parent Relationship": "Outer","Parallel Aware": true,"Async Capable": false,"Relation Name": "customer","Alias": "customer","Startup Cost": 0.00,"Total Cost": 4210.00,"Plan Rows": 62500,"Plan Width": 8,"Actual Startup Time": 0.013,"Actual Total Time": 10.099,"Actual Rows": 50000,"Actual Loops": 3,"Workers": []},{"Node Type": "Hash","Parent Relationship": "Inner","Parallel Aware": false,"Async Capable": false,"Startup Cost": 2.40,"Total Cost": 2.40,"Plan Rows": 1,"Plan Width": 108,"Actual Startup Time": 0.138,"Actual Total Time": 0.150,"Actual Rows": 5,"Actual Loops": 3,"Hash Buckets": 1024,"Original Hash Buckets": 1024,"Hash Batches": 1,"Original Hash Batches": 1,"Peak Memory Usage": 9,"Workers": [],"Plans": [{"Node Type": "Hash Join","Parent Relationship": "Outer","Parallel Aware": false,"Async Capable": false,"Join Type": "Inner","Startup Cost": 1.07,"Total Cost": 2.40,"Plan Rows": 1,"Plan Width": 108,"Actual Startup Time": 0.125,"Actual Total Time": 0.142,"Actual Rows": 5,"Actual Loops": 3,"Inner Unique": true,"Hash Cond": "(nation.n_regionkey = region.r_regionkey)","Workers": [],"Plans": [{"Node Type": "Seq Scan","Parent Relationship": "Outer","Parallel Aware": false,"Async Capable": false,"Relation Name": "nation","Alias": "nation","Startup Cost": 0.00,"Total Cost": 1.25,"Plan Rows": 25,"Plan Width": 112,"Actual Startup Time": 0.044,"Actual Total Time": 0.047,"Actual Rows": 25,"Actual Loops": 3,"Workers": []},{"Node Type": "Hash","Parent Relationship": "Inner","Parallel Aware": false,"Async Capable": false,"Startup Cost": 1.06,"Total Cost": 1.06,"Plan Rows": 1,"Plan Width": 4,"Actual Startup Time": 0.054,"Actual Total Time": 0.057,"Actual Rows": 1,"Actual Loops": 3,"Hash Buckets": 1024,"Original Hash Buckets": 1024,"Hash Batches": 1,"Original Hash Batches": 1,"Peak Memory Usage": 9,"Workers": [],"Plans": [{"Node Type": "Seq Scan","Parent Relationship": "Outer","Parallel Aware": false,"Async Capable": false,"Relation Name": "region","Alias": "region","Startup Cost": 0.00,"Total Cost": 1.06,"Plan Rows": 1,"Plan Width": 4,"Actual Startup Time": 0.039,"Actual Total Time": 0.040,"Actual Rows": 1,"Actual Loops": 3,"Filter": "(r_name = 'MIDDLE EAST'::bpchar)","Rows Removed by Filter": 4,"Workers": []}]}]}]}]},{"Node Type": "Index Scan","Parent Relationship": "Inner","Parallel Aware": false,"Async Capable": false,"Scan Direction": "Forward","Index Name": "idx_orders_custkey","Relation Name": "orders","Alias": "orders","Startup Cost": 0.43,"Total Cost": 1.55,"Plan Rows": 3,"Plan Width": 8,"Actual Startup Time": 0.017,"Actual Total Time": 0.041,"Actual Rows": 2,"Actual Loops": 29904,"Index Cond": "(o_custkey = customer.c_custkey)","Rows Removed by Index Recheck": 0,"Filter": "((o_orderdate >= '1994-01-01'::date) AND (o_orderdate < '1995-01-01 00:00:00'::timestamp without time zone))","Rows Removed by Filter": 8,"Workers": []}]},{"Node Type": "Index Scan","Parent Relationship": "Inner","Parallel Aware": false,"Async Capable": false,"Scan Direction": "Forward","Index Name": "idx_lineitem_orderkey","Relation Name": "lineitem","Alias": "lineitem","Startup Cost": 0.43,"Total Cost": 2.84,"Plan Rows": 17,"Plan Width": 20,"Actual Startup Time": 0.017,"Actual Total Time": 0.020,"Actual Rows": 4,"Actual Loops": 45009,"Index Cond": "(l_orderkey = orders.o_orderkey)","Rows Removed by Index Recheck": 0,"Workers": []}]},{"Node Type": "Hash","Parent Relationship": "Inner","Parallel Aware": false,"Async Capable": false,"Startup Cost": 322.00,"Total Cost": 322.00,"Plan Rows": 10000,"Plan Width": 8,"Actual Startup Time": 11.133,"Actual Total Time": 11.135,"Actual Rows": 10000,"Actual Loops": 3,"Hash Buckets": 16384,"Original Hash Buckets": 16384,"Hash Batches": 1,"Original Hash Batches": 1,"Peak Memory Usage": 519,"Workers": [],"Plans": [{"Node Type": "Seq Scan","Parent Relationship": "Outer","Parallel Aware": false,"Async Capable": false,"Relation Name": "supplier","Alias": "supplier","Startup Cost": 0.00,"Total Cost": 322.00,"Plan Rows": 10000,"Plan Width": 8,"Actual Startup Time": 0.042,"Actual Total Time": 9.282,"Actual Rows": 10000,"Actual Loops": 3,"Workers": []}]}]}]}]}]}]}]},"Planning Time": 10.906,"Triggers": [],"Execution Time": 863.139}]
[{"Plan": {"Node Type": "Sort","Parallel Aware": false,"Async Capable": false,"Startup Cost": 21565.24,"Total Cost": 21565.30,"Plan Rows": 25,"Plan Width": 136,"Actual Startup Time": 829.883,"Actual Total Time": 862.581,"Actual Rows": 5,"Actual Loops": 1,"Sort Key": ["(sum((lineitem.l_extendedprice * ('1'::numeric - lineitem.l_discount)))) DESC"],"Sort Method": "quicksort","Sort Space Used": 25,"Sort Space Type": "Memory","Plans": [{"Node Type": "Aggregate","Strategy": "Sorted","Partial Mode": "Finalize","Parent Relationship": "Outer","Parallel Aware": false,"Async Capable": false,"Startup Cost": 21550.29,"Total Cost": 21564.66,"Plan Rows": 25,"Plan Width": 136,"Actual Startup Time": 829.271,"Actual Total Time": 862.532,"Actual Rows": 5,"Actual Loops": 1,"Group Key": ["nation.n_name"],"Plans": [{"Node Type": "Gather Merge","Parent Relationship": "Outer","Parallel Aware": false,"Async Capable": false,"Startup Cost": 21550.29,"Total Cost": 21563.97,"Plan Rows": 50,"Plan Width": 136,"Actual Startup Time": 829.074,"Actual Total Time": 862.478,"Actual Rows": 15,"Actual Loops": 1,"Workers Planned": 2,"Workers Launched": 2,"Plans": [{"Node Type": "Aggregate","Strategy": "Sorted","Partial Mode": "Partial","Parent Relationship": "Outer","Parallel Aware": false,"Async Capable": false,"Startup Cost": 20550.26,"Total Cost": 20558.18,"Plan Rows": 25,"Plan Width": 136,"Actual Startup Time": 821.816,"Actual Total Time": 822.538,"Actual Rows": 5,"Actual Loops": 3,"Group Key": ["nation.n_name"],"Workers": [],"Plans": [{"Node Type": "Sort","Parent Relationship": "Outer","Parallel Aware": false,"Async Capable": false,"Startup Cost": 20550.26,"Total Cost": 20551.78,"Plan Rows": 608,"Plan Width": 116,"Actual Startup Time": 821.604,"Actual Total Time": 821.730,"Actual Rows": 2468,"Actual Loops": 3,"Sort Key": ["nation.n_name"],"Sort Method": "quicksort","Sort Space Used": 285,"Sort Space Type": "Memory","Workers": [{"Worker Number": 0,"Sort Method": "quicksort","Sort Space Used": 293,"Sort Space Type": "Memory"},{"Worker Number": 1,"Sort Method": "quicksort","Sort Space Used": 290,"Sort Space Type": "Memory"}],"Plans": [{"Node Type": "Hash Join","Parent Relationship": "Outer","Parallel Aware": false,"Async Capable": false,"Join Type": "Inner","Startup Cost": 475.27,"Total Cost": 20522.15,"Plan Rows": 608,"Plan Width": 116,"Actual Startup Time": 10.349,"Actual Total Time": 819.988,"Actual Rows": 2468,"Actual Loops": 3,"Inner Unique": true,"Hash Cond": "((lineitem.l_suppkey = supplier.s_suppkey) AND (customer.c_nationkey = supplier.s_nationkey))","Workers": [],"Plans": [{"Node Type": "Nested Loop","Parent Relationship": "Outer","Parallel Aware": false,"Async Capable": false,"Join Type": "Inner","Startup Cost": 3.27,"Total Cost": 19970.29,"Plan Rows": 15211,"Plan Width": 128,"Actual Startup Time": 0.787,"Actual Total Time": 773.951,"Actual Rows": 61461,"Actual Loops": 3,"Inner Unique": false,"Workers": [],"Plans": [{"Node Type": "Nested Loop","Parent Relationship": "Outer","Parallel Aware": false,"Async Capable": false,"Join Type": "Inner","Startup Cost": 2.84,"Total Cost": 8414.26,"Plan Rows": 3802,"Plan Width": 116,"Actual Startup Time": 0.651,"Actual Total Time": 459.932,"Actual Rows": 15399,"Actual Loops": 3,"Inner Unique": false,"Workers": [],"Plans": [{"Node Type": "Hash Join","Parent Relationship": "Outer","Parallel Aware": false,"Async Capable": false,"Join Type": "Inner","Startup Cost": 2.41,"Total Cost": 4471.79,"Plan Rows": 2500,"Plan Width": 116,"Actual Startup Time": 0.245,"Actual Total Time": 55.063,"Actual Rows": 10066,"Actual Loops": 3,"Inner Unique": false,"Hash Cond": "(customer.c_nationkey = nation.n_nationkey)","Workers": [],"Plans": [{"Node Type": "Seq Scan","Parent Relationship": "Outer","Parallel Aware": true,"Async Capable": false,"Relation Name": "customer","Alias": "customer","Startup Cost": 0.00,"Total Cost": 4210.00,"Plan Rows": 62500,"Plan Width": 8,"Actual Startup Time": 0.014,"Actual Total Time": 9.571,"Actual Rows": 50000,"Actual Loops": 3,"Workers": []},{"Node Type": "Hash","Parent Relationship": "Inner","Parallel Aware": false,"Async Capable": false,"Startup Cost": 2.40,"Total Cost": 2.40,"Plan Rows": 1,"Plan Width": 108,"Actual Startup Time": 0.139,"Actual Total Time": 0.155,"Actual Rows": 5,"Actual Loops": 3,"Hash Buckets": 1024,"Original Hash Buckets": 1024,"Hash Batches": 1,"Original Hash Batches": 1,"Peak Memory Usage": 9,"Workers": [],"Plans": [{"Node Type": "Hash Join","Parent Relationship": "Outer","Parallel Aware": false,"Async Capable": false,"Join Type": "Inner","Startup Cost": 1.07,"Total Cost": 2.40,"Plan Rows": 1,"Plan Width": 108,"Actual Startup Time": 0.126,"Actual Total Time": 0.145,"Actual Rows": 5,"Actual Loops": 3,"Inner Unique": true,"Hash Cond": "(nation.n_regionkey = region.r_regionkey)","Workers": [],"Plans": [{"Node Type": "Seq Scan","Parent Relationship": "Outer","Parallel Aware": false,"Async Capable": false,"Relation Name": "nation","Alias": "nation","Startup Cost": 0.00,"Total Cost": 1.25,"Plan Rows": 25,"Plan Width": 112,"Actual Startup Time": 0.043,"Actual Total Time": 0.047,"Actual Rows": 25,"Actual Loops": 3,"Workers": []},{"Node Type": "Hash","Parent Relationship": "Inner","Parallel Aware": false,"Async Capable": false,"Startup Cost": 1.06,"Total Cost": 1.06,"Plan Rows": 1,"Plan Width": 4,"Actual Startup Time": 0.051,"Actual Total Time": 0.056,"Actual Rows": 1,"Actual Loops": 3,"Hash Buckets": 1024,"Original Hash Buckets": 1024,"Hash Batches": 1,"Original Hash Batches": 1,"Peak Memory Usage": 9,"Workers": [],"Plans": [{"Node Type": "Seq Scan","Parent Relationship": "Outer","Parallel Aware": false,"Async Capable": false,"Relation Name": "region","Alias": "region","Startup Cost": 0.00,"Total Cost": 1.06,"Plan Rows": 1,"Plan Width": 4,"Actual Startup Time": 0.037,"Actual Total Time": 0.039,"Actual Rows": 1,"Actual Loops": 3,"Filter": "(r_name = 'EUROPE'::bpchar)","Rows Removed by Filter": 4,"Workers": []}]}]}]}]},{"Node Type": "Index Scan","Parent Relationship": "Inner","Parallel Aware": false,"Async Capable": false,"Scan Direction": "Forward","Index Name": "idx_orders_custkey","Relation Name": "orders","Alias": "orders","Startup Cost": 0.43,"Total Cost": 1.55,"Plan Rows": 3,"Plan Width": 8,"Actual Startup Time": 0.017,"Actual Total Time": 0.040,"Actual Rows": 2,"Actual Loops": 30197,"Index Cond": "(o_custkey = customer.c_custkey)","Rows Removed by Index Recheck": 0,"Filter": "((o_orderdate >= '1995-01-01'::date) AND (o_orderdate < '1996-01-01 00:00:00'::timestamp without time zone))","Rows Removed by Filter": 9,"Workers": []}]},{"Node Type": "Index Scan","Parent Relationship": "Inner","Parallel Aware": false,"Async Capable": false,"Scan Direction": "Forward","Index Name": "idx_lineitem_orderkey","Relation Name": "lineitem","Alias": "lineitem","Startup Cost": 0.43,"Total Cost": 2.87,"Plan Rows": 17,"Plan Width": 20,"Actual Startup Time": 0.017,"Actual Total Time": 0.020,"Actual Rows": 4,"Actual Loops": 46197,"Index Cond": "(l_orderkey = orders.o_orderkey)","Rows Removed by Index Recheck": 0,"Workers": []}]},{"Node Type": "Hash","Parent Relationship": "Inner","Parallel Aware": false,"Async Capable": false,"Startup Cost": 322.00,"Total Cost": 322.00,"Plan Rows": 10000,"Plan Width": 8,"Actual Startup Time": 8.644,"Actual Total Time": 8.648,"Actual Rows": 10000,"Actual Loops": 3,"Hash Buckets": 16384,"Original Hash Buckets": 16384,"Hash Batches": 1,"Original Hash Batches": 1,"Peak Memory Usage": 519,"Workers": [],"Plans": [{"Node Type": "Seq Scan","Parent Relationship": "Outer","Parallel Aware": false,"Async Capable": false,"Relation Name": "supplier","Alias": "supplier","Startup Cost": 0.00,"Total Cost": 322.00,"Plan Rows": 10000,"Plan Width": 8,"Actual Startup Time": 0.045,"Actual Total Time": 6.681,"Actual Rows": 10000,"Actual Loops": 3,"Workers": []}]}]}]}]}]}]}]},"Planning Time": 10.340,"Triggers": [],"Execution Time": 863.182}]
[{"Plan": {"Node Type": "Sort","Parallel Aware": false,"Async Capable": false,"Startup Cost": 21616.39,"Total Cost": 21616.45,"Plan Rows": 25,"Plan Width": 136,"Actual Startup Time": 802.725,"Actual Total Time": 834.940,"Actual Rows": 5,"Actual Loops": 1,"Sort Key": ["(sum((lineitem.l_extendedprice * ('1'::numeric - lineitem.l_discount)))) DESC"],"Sort Method": "quicksort","Sort Space Used": 25,"Sort Space Type": "Memory","Plans": [{"Node Type": "Aggregate","Strategy": "Sorted","Partial Mode": "Finalize","Parent Relationship": "Outer","Parallel Aware": false,"Async Capable": false,"Startup Cost": 21601.33,"Total Cost": 21615.81,"Plan Rows": 25,"Plan Width": 136,"Actual Startup Time": 802.089,"Actual Total Time": 834.889,"Actual Rows": 5,"Actual Loops": 1,"Group Key": ["nation.n_name"],"Plans": [{"Node Type": "Gather Merge","Parent Relationship": "Outer","Parallel Aware": false,"Async Capable": false,"Startup Cost": 21601.33,"Total Cost": 21615.12,"Plan Rows": 50,"Plan Width": 136,"Actual Startup Time": 801.869,"Actual Total Time": 834.838,"Actual Rows": 15,"Actual Loops": 1,"Workers Planned": 2,"Workers Launched": 2,"Plans": [{"Node Type": "Aggregate","Strategy": "Sorted","Partial Mode": "Partial","Parent Relationship": "Outer","Parallel Aware": false,"Async Capable": false,"Startup Cost": 20601.30,"Total Cost": 20609.33,"Plan Rows": 25,"Plan Width": 136,"Actual Startup Time": 794.218,"Actual Total Time": 794.940,"Actual Rows": 5,"Actual Loops": 3,"Group Key": ["nation.n_name"],"Workers": [],"Plans": [{"Node Type": "Sort","Parent Relationship": "Outer","Parallel Aware": false,"Async Capable": false,"Startup Cost": 20601.30,"Total Cost": 20602.85,"Plan Rows": 617,"Plan Width": 116,"Actual Startup Time": 793.996,"Actual Total Time": 794.120,"Actual Rows": 2469,"Actual Loops": 3,"Sort Key": ["nation.n_name"],"Sort Method": "quicksort","Sort Space Used": 296,"Sort Space Type": "Memory","Workers": [{"Worker Number": 0,"Sort Method": "quicksort","Sort Space Used": 284,"Sort Space Type": "Memory"},{"Worker Number": 1,"Sort Method": "quicksort","Sort Space Used": 288,"Sort Space Type": "Memory"}],"Plans": [{"Node Type": "Hash Join","Parent Relationship": "Outer","Parallel Aware": false,"Async Capable": false,"Join Type": "Inner","Startup Cost": 475.27,"Total Cost": 20572.71,"Plan Rows": 617,"Plan Width": 116,"Actual Startup Time": 14.848,"Actual Total Time": 792.432,"Actual Rows": 2469,"Actual Loops": 3,"Inner Unique": true,"Hash Cond": "((lineitem.l_suppkey = supplier.s_suppkey) AND (customer.c_nationkey = supplier.s_nationkey))","Workers": [],"Plans": [{"Node Type": "Nested Loop","Parent Relationship": "Outer","Parallel Aware": false,"Async Capable": false,"Join Type": "Inner","Startup Cost": 3.27,"Total Cost": 20019.70,"Plan Rows": 15431,"Plan Width": 128,"Actual Startup Time": 0.724,"Actual Total Time": 746.203,"Actual Rows": 60646,"Actual Loops": 3,"Inner Unique": false,"Workers": [],"Plans": [{"Node Type": "Nested Loop","Parent Relationship": "Outer","Parallel Aware": false,"Async Capable": false,"Join Type": "Inner","Startup Cost": 2.84,"Total Cost": 8414.26,"Plan Rows": 3857,"Plan Width": 116,"Actual Startup Time": 0.603,"Actual Total Time": 446.704,"Actual Rows": 15077,"Actual Loops": 3,"Inner Unique": false,"Workers": [],"Plans": [{"Node Type": "Hash Join","Parent Relationship": "Outer","Parallel Aware": false,"Async Capable": false,"Join Type": "Inner","Startup Cost": 2.41,"Total Cost": 4471.79,"Plan Rows": 2500,"Plan Width": 116,"Actual Startup Time": 0.232,"Actual Total Time": 54.148,"Actual Rows": 9968,"Actual Loops": 3,"Inner Unique": false,"Hash Cond": "(customer.c_nationkey = nation.n_nationkey)","Workers": [],"Plans": [{"Node Type": "Seq Scan","Parent Relationship": "Outer","Parallel Aware": true,"Async Capable": false,"Relation Name": "customer","Alias": "customer","Startup Cost": 0.00,"Total Cost": 4210.00,"Plan Rows": 62500,"Plan Width": 8,"Actual Startup Time": 0.016,"Actual Total Time": 9.432,"Actual Rows": 50000,"Actual Loops": 3,"Workers": []},{"Node Type": "Hash","Parent Relationship": "Inner","Parallel Aware": false,"Async Capable": false,"Startup Cost": 2.40,"Total Cost": 2.40,"Plan Rows": 1,"Plan Width": 108,"Actual Startup Time": 0.135,"Actual Total Time": 0.148,"Actual Rows": 5,"Actual Loops": 3,"Hash Buckets": 1024,"Original Hash Buckets": 1024,"Hash Batches": 1,"Original Hash Batches": 1,"Peak Memory Usage": 9,"Workers": [],"Plans": [{"Node Type": "Hash Join","Parent Relationship": "Outer","Parallel Aware": false,"Async Capable": false,"Join Type": "Inner","Startup Cost": 1.07,"Total Cost": 2.40,"Plan Rows": 1,"Plan Width": 108,"Actual Startup Time": 0.120,"Actual Total Time": 0.140,"Actual Rows": 5,"Actual Loops": 3,"Inner Unique": true,"Hash Cond": "(nation.n_regionkey = region.r_regionkey)","Workers": [],"Plans": [{"Node Type": "Seq Scan","Parent Relationship": "Outer","Parallel Aware": false,"Async Capable": false,"Relation Name": "nation","Alias": "nation","Startup Cost": 0.00,"Total Cost": 1.25,"Plan Rows": 25,"Plan Width": 112,"Actual Startup Time": 0.048,"Actual Total Time": 0.052,"Actual Rows": 25,"Actual Loops": 3,"Workers": []},{"Node Type": "Hash","Parent Relationship": "Inner","Parallel Aware": false,"Async Capable": false,"Startup Cost": 1.06,"Total Cost": 1.06,"Plan Rows": 1,"Plan Width": 4,"Actual Startup Time": 0.046,"Actual Total Time": 0.050,"Actual Rows": 1,"Actual Loops": 3,"Hash Buckets": 1024,"Original Hash Buckets": 1024,"Hash Batches": 1,"Original Hash Batches": 1,"Peak Memory Usage": 9,"Workers": [],"Plans": [{"Node Type": "Seq Scan","Parent Relationship": "Outer","Parallel Aware": false,"Async Capable": false,"Relation Name": "region","Alias": "region","Startup Cost": 0.00,"Total Cost": 1.06,"Plan Rows": 1,"Plan Width": 4,"Actual Startup Time": 0.033,"Actual Total Time": 0.035,"Actual Rows": 1,"Actual Loops": 3,"Filter": "(r_name = 'MIDDLE EAST'::bpchar)","Rows Removed by Filter": 4,"Workers": []}]}]}]}]},{"Node Type": "Index Scan","Parent Relationship": "Inner","Parallel Aware": false,"Async Capable": false,"Scan Direction": "Forward","Index Name": "idx_orders_custkey","Relation Name": "orders","Alias": "orders","Startup Cost": 0.43,"Total Cost": 1.55,"Plan Rows": 3,"Plan Width": 8,"Actual Startup Time": 0.017,"Actual Total Time": 0.039,"Actual Rows": 2,"Actual Loops": 29904,"Index Cond": "(o_custkey = customer.c_custkey)","Rows Removed by Index Recheck": 0,"Filter": "((o_orderdate >= '1996-01-01'::date) AND (o_orderdate < '1997-01-01 00:00:00'::timestamp without time zone))","Rows Removed by Filter": 8,"Workers": []}]},{"Node Type": "Index Scan","Parent Relationship": "Inner","Parallel Aware": false,"Async Capable": false,"Scan Direction": "Forward","Index Name": "idx_lineitem_orderkey","Relation Name": "lineitem","Alias": "lineitem","Startup Cost": 0.43,"Total Cost": 2.84,"Plan Rows": 17,"Plan Width": 20,"Actual Startup Time": 0.016,"Actual Total Time": 0.019,"Actual Rows": 4,"Actual Loops": 45231,"Index Cond": "(l_orderkey = orders.o_orderkey)","Rows Removed by Index Recheck": 0,"Workers": []}]},{"Node Type": "Hash","Parent Relationship": "Inner","Parallel Aware": false,"Async Capable": false,"Startup Cost": 322.00,"Total Cost": 322.00,"Plan Rows": 10000,"Plan Width": 8,"Actual Startup Time": 13.111,"Actual Total Time": 13.116,"Actual Rows": 10000,"Actual Loops": 3,"Hash Buckets": 16384,"Original Hash Buckets": 16384,"Hash Batches": 1,"Original Hash Batches": 1,"Peak Memory Usage": 519,"Workers": [],"Plans": [{"Node Type": "Seq Scan","Parent Relationship": "Outer","Parallel Aware": false,"Async Capable": false,"Relation Name": "supplier","Alias": "supplier","Startup Cost": 0.00,"Total Cost": 322.00,"Plan Rows": 10000,"Plan Width": 8,"Actual Startup Time": 0.041,"Actual Total Time": 11.446,"Actual Rows": 10000,"Actual Loops": 3,"Workers": []}]}]}]}]}]}]}]},"Planning Time": 10.334,"Triggers": [],"Execution Time": 835.373}]
[{"Plan": {"Node Type": "Sort","Parallel Aware": false,"Async Capable": false,"Startup Cost": 21565.24,"Total Cost": 21565.30,"Plan Rows": 25,"Plan Width": 136,"Actual Startup Time": 803.148,"Actual Total Time": 837.225,"Actual Rows": 5,"Actual Loops": 1,"Sort Key": ["(sum((lineitem.l_extendedprice * ('1'::numeric - lineitem.l_discount)))) DESC"],"Sort Method": "quicksort","Sort Space Used": 25,"Sort Space Type": "Memory","Plans": [{"Node Type": "Aggregate","Strategy": "Sorted","Partial Mode": "Finalize","Parent Relationship": "Outer","Parallel Aware": false,"Async Capable": false,"Startup Cost": 21550.29,"Total Cost": 21564.66,"Plan Rows": 25,"Plan Width": 136,"Actual Startup Time": 802.551,"Actual Total Time": 837.165,"Actual Rows": 5,"Actual Loops": 1,"Group Key": ["nation.n_name"],"Plans": [{"Node Type": "Gather Merge","Parent Relationship": "Outer","Parallel Aware": false,"Async Capable": false,"Startup Cost": 21550.29,"Total Cost": 21563.97,"Plan Rows": 50,"Plan Width": 136,"Actual Startup Time": 802.343,"Actual Total Time": 837.116,"Actual Rows": 15,"Actual Loops": 1,"Workers Planned": 2,"Workers Launched": 2,"Plans": [{"Node Type": "Aggregate","Strategy": "Sorted","Partial Mode": "Partial","Parent Relationship": "Outer","Parallel Aware": false,"Async Capable": false,"Startup Cost": 20550.26,"Total Cost": 20558.18,"Plan Rows": 25,"Plan Width": 136,"Actual Startup Time": 794.724,"Actual Total Time": 795.426,"Actual Rows": 5,"Actual Loops": 3,"Group Key": ["nation.n_name"],"Workers": [],"Plans": [{"Node Type": "Sort","Parent Relationship": "Outer","Parallel Aware": false,"Async Capable": false,"Startup Cost": 20550.26,"Total Cost": 20551.78,"Plan Rows": 608,"Plan Width": 116,"Actual Startup Time": 794.492,"Actual Total Time": 794.616,"Actual Rows": 2402,"Actual Loops": 3,"Sort Key": ["nation.n_name"],"Sort Method": "quicksort","Sort Space Used": 284,"Sort Space Type": "Memory","Workers": [{"Worker Number": 0,"Sort Method": "quicksort","Sort Space Used": 278,"Sort Space Type": "Memory"},{"Worker Number": 1,"Sort Method": "quicksort","Sort Space Used": 290,"Sort Space Type": "Memory"}],"Plans": [{"Node Type": "Hash Join","Parent Relationship": "Outer","Parallel Aware": false,"Async Capable": false,"Join Type": "Inner","Startup Cost": 475.27,"Total Cost": 20522.15,"Plan Rows": 608,"Plan Width": 116,"Actual Startup Time": 9.804,"Actual Total Time": 792.945,"Actual Rows": 2402,"Actual Loops": 3,"Inner Unique": true,"Hash Cond": "((lineitem.l_suppkey = supplier.s_suppkey) AND (customer.c_nationkey = supplier.s_nationkey))","Workers": [],"Plans": [{"Node Type": "Nested Loop","Parent Relationship": "Outer","Parallel Aware": false,"Async Capable": false,"Join Type": "Inner","Startup Cost": 3.27,"Total Cost": 19970.29,"Plan Rows": 15211,"Plan Width": 128,"Actual Startup Time": 0.739,"Actual Total Time": 751.905,"Actual Rows": 60896,"Actual Loops": 3,"Inner Unique": false,"Workers": [],"Plans": [{"Node Type": "Nested Loop","Parent Relationship": "Outer","Parallel Aware": false,"Async Capable": false,"Join Type": "Inner","Startup Cost": 2.84,"Total Cost": 8414.26,"Plan Rows": 3802,"Plan Width": 116,"Actual Startup Time": 0.610,"Actual Total Time": 448.155,"Actual Rows": 15274,"Actual Loops": 3,"Inner Unique": false,"Workers": [],"Plans": [{"Node Type": "Hash Join","Parent Relationship": "Outer","Parallel Aware": false,"Async Capable": false,"Join Type": "Inner","Startup Cost": 2.41,"Total Cost": 4471.79,"Plan Rows": 2500,"Plan Width": 116,"Actual Startup Time": 0.268,"Actual Total Time": 53.804,"Actual Rows": 9921,"Actual Loops": 3,"Inner Unique": false,"Hash Cond": "(customer.c_nationkey = nation.n_nationkey)","Workers": [],"Plans": [{"Node Type": "Seq Scan","Parent Relationship": "Outer","Parallel Aware": true,"Async Capable": false,"Relation Name": "customer","Alias": "customer","Startup Cost": 0.00,"Total Cost": 4210.00,"Plan Rows": 62500,"Plan Width": 8,"Actual Startup Time": 0.020,"Actual Total Time": 9.563,"Actual Rows": 50000,"Actual Loops": 3,"Workers": []},{"Node Type": "Hash","Parent Relationship": "Inner","Parallel Aware": false,"Async Capable": false,"Startup Cost": 2.40,"Total Cost": 2.40,"Plan Rows": 1,"Plan Width": 108,"Actual Startup Time": 0.161,"Actual Total Time": 0.176,"Actual Rows": 5,"Actual Loops": 3,"Hash Buckets": 1024,"Original Hash Buckets": 1024,"Hash Batches": 1,"Original Hash Batches": 1,"Peak Memory Usage": 9,"Workers": [],"Plans": [{"Node Type": "Hash Join","Parent Relationship": "Outer","Parallel Aware": false,"Async Capable": false,"Join Type": "Inner","Startup Cost": 1.07,"Total Cost": 2.40,"Plan Rows": 1,"Plan Width": 108,"Actual Startup Time": 0.143,"Actual Total Time": 0.167,"Actual Rows": 5,"Actual Loops": 3,"Inner Unique": true,"Hash Cond": "(nation.n_regionkey = region.r_regionkey)","Workers": [],"Plans": [{"Node Type": "Seq Scan","Parent Relationship": "Outer","Parallel Aware": false,"Async Capable": false,"Relation Name": "nation","Alias": "nation","Startup Cost": 0.00,"Total Cost": 1.25,"Plan Rows": 25,"Plan Width": 112,"Actual Startup Time": 0.052,"Actual Total Time": 0.056,"Actual Rows": 25,"Actual Loops": 3,"Workers": []},{"Node Type": "Hash","Parent Relationship": "Inner","Parallel Aware": false,"Async Capable": false,"Startup Cost": 1.06,"Total Cost": 1.06,"Plan Rows": 1,"Plan Width": 4,"Actual Startup Time": 0.061,"Actual Total Time": 0.066,"Actual Rows": 1,"Actual Loops": 3,"Hash Buckets": 1024,"Original Hash Buckets": 1024,"Hash Batches": 1,"Original Hash Batches": 1,"Peak Memory Usage": 9,"Workers": [],"Plans": [{"Node Type": "Seq Scan","Parent Relationship": "Outer","Parallel Aware": false,"Async Capable": false,"Relation Name": "region","Alias": "region","Startup Cost": 0.00,"Total Cost": 1.06,"Plan Rows": 1,"Plan Width": 4,"Actual Startup Time": 0.046,"Actual Total Time": 0.049,"Actual Rows": 1,"Actual Loops": 3,"Filter": "(r_name = 'AFRICA'::bpchar)","Rows Removed by Filter": 4,"Workers": []}]}]}]}]},{"Node Type": "Index Scan","Parent Relationship": "Inner","Parallel Aware": false,"Async Capable": false,"Scan Direction": "Forward","Index Name": "idx_orders_custkey","Relation Name": "orders","Alias": "orders","Startup Cost": 0.43,"Total Cost": 1.55,"Plan Rows": 3,"Plan Width": 8,"Actual Startup Time": 0.017,"Actual Total Time": 0.039,"Actual Rows": 2,"Actual Loops": 29764,"Index Cond": "(o_custkey = customer.c_custkey)","Rows Removed by Index Recheck": 0,"Filter": "((o_orderdate >= '1995-01-01'::date) AND (o_orderdate < '1996-01-01 00:00:00'::timestamp without time zone))","Rows Removed by Filter": 9,"Workers": []}]},{"Node Type": "Index Scan","Parent Relationship": "Inner","Parallel Aware": false,"Async Capable": false,"Scan Direction": "Forward","Index Name": "idx_lineitem_orderkey","Relation Name": "lineitem","Alias": "lineitem","Startup Cost": 0.43,"Total Cost": 2.87,"Plan Rows": 17,"Plan Width": 20,"Actual Startup Time": 0.017,"Actual Total Time": 0.019,"Actual Rows": 4,"Actual Loops": 45822,"Index Cond": "(l_orderkey = orders.o_orderkey)","Rows Removed by Index Recheck": 0,"Workers": []}]},{"Node Type": "Hash","Parent Relationship": "Inner","Parallel Aware": false,"Async Capable": false,"Startup Cost": 322.00,"Total Cost": 322.00,"Plan Rows": 10000,"Plan Width": 8,"Actual Startup Time": 8.249,"Actual Total Time": 8.253,"Actual Rows": 10000,"Actual Loops": 3,"Hash Buckets": 16384,"Original Hash Buckets": 16384,"Hash Batches": 1,"Original Hash Batches": 1,"Peak Memory Usage": 519,"Workers": [],"Plans": [{"Node Type": "Seq Scan","Parent Relationship": "Outer","Parallel Aware": false,"Async Capable": false,"Relation Name": "supplier","Alias": "supplier","Startup Cost": 0.00,"Total Cost": 322.00,"Plan Rows": 10000,"Plan Width": 8,"Actual Startup Time": 0.043,"Actual Total Time": 6.388,"Actual Rows": 10000,"Actual Loops": 3,"Workers": []}]}]}]}]}]}]}]},"Planning Time": 10.225,"Triggers": [],"Execution Time": 837.854}]
[{"Plan": {"Node Type": "Sort","Parallel Aware": false,"Async Capable": false,"Startup Cost": 21565.81,"Total Cost": 21565.87,"Plan Rows": 25,"Plan Width": 136,"Actual Startup Time": 826.666,"Actual Total Time": 858.678,"Actual Rows": 5,"Actual Loops": 1,"Sort Key": ["(sum((lineitem.l_extendedprice * ('1'::numeric - lineitem.l_discount)))) DESC"],"Sort Method": "quicksort","Sort Space Used": 25,"Sort Space Type": "Memory","Plans": [{"Node Type": "Aggregate","Strategy": "Sorted","Partial Mode": "Finalize","Parent Relationship": "Outer","Parallel Aware": false,"Async Capable": false,"Startup Cost": 21550.86,"Total Cost": 21565.23,"Plan Rows": 25,"Plan Width": 136,"Actual Startup Time": 825.974,"Actual Total Time": 858.621,"Actual Rows": 5,"Actual Loops": 1,"Group Key": ["nation.n_name"],"Plans": [{"Node Type": "Gather Merge","Parent Relationship": "Outer","Parallel Aware": false,"Async Capable": false,"Startup Cost": 21550.86,"Total Cost": 21564.54,"Plan Rows": 50,"Plan Width": 136,"Actual Startup Time": 825.726,"Actual Total Time": 858.579,"Actual Rows": 15,"Actual Loops": 1,"Workers Planned": 2,"Workers Launched": 2,"Plans": [{"Node Type": "Aggregate","Strategy": "Sorted","Partial Mode": "Partial","Parent Relationship": "Outer","Parallel Aware": false,"Async Capable": false,"Startup Cost": 20550.84,"Total Cost": 20558.75,"Plan Rows": 25,"Plan Width": 136,"Actual Startup Time": 818.223,"Actual Total Time": 818.980,"Actual Rows": 5,"Actual Loops": 3,"Group Key": ["nation.n_name"],"Workers": [],"Plans": [{"Node Type": "Sort","Parent Relationship": "Outer","Parallel Aware": false,"Async Capable": false,"Startup Cost": 20550.84,"Total Cost": 20552.36,"Plan Rows": 608,"Plan Width": 116,"Actual Startup Time": 818.011,"Actual Total Time": 818.145,"Actual Rows": 2489,"Actual Loops": 3,"Sort Key": ["nation.n_name"],"Sort Method": "quicksort","Sort Space Used": 294,"Sort Space Type": "Memory","Workers": [{"Worker Number": 0,"Sort Method": "quicksort","Sort Space Used": 286,"Sort Space Type": "Memory"},{"Worker Number": 1,"Sort Method": "quicksort","Sort Space Used": 292,"Sort Space Type": "Memory"}],"Plans": [{"Node Type": "Hash Join","Parent Relationship": "Outer","Parallel Aware": false,"Async Capable": false,"Join Type": "Inner","Startup Cost": 475.27,"Total Cost": 20522.72,"Plan Rows": 608,"Plan Width": 116,"Actual Startup Time": 11.840,"Actual Total Time": 816.555,"Actual Rows": 2489,"Actual Loops": 3,"Inner Unique": true,"Hash Cond": "((lineitem.l_suppkey = supplier.s_suppkey) AND (customer.c_nationkey = supplier.s_nationkey))","Workers": [],"Plans": [{"Node Type": "Nested Loop","Parent Relationship": "Outer","Parallel Aware": false,"Async Capable": false,"Join Type": "Inner","Startup Cost": 3.27,"Total Cost": 19970.84,"Plan Rows": 15215,"Plan Width": 128,"Actual Startup Time": 0.591,"Actual Total Time": 771.834,"Actual Rows": 60959,"Actual Loops": 3,"Inner Unique": false,"Workers": [],"Plans": [{"Node Type": "Nested Loop","Parent Relationship": "Outer","Parallel Aware": false,"Async Capable": false,"Join Type": "Inner","Startup Cost": 2.84,"Total Cost": 8414.26,"Plan Rows": 3803,"Plan Width": 116,"Actual Startup Time": 0.474,"Actual Total Time": 463.395,"Actual Rows": 15225,"Actual Loops": 3,"Inner Unique": false,"Workers": [],"Plans": [{"Node Type": "Hash Join","Parent Relationship": "Outer","Parallel Aware": false,"Async Capable": false,"Join Type": "Inner","Startup Cost": 2.41,"Total Cost": 4471.79,"Plan Rows": 2500,"Plan Width": 116,"Actual Startup Time": 0.230,"Actual Total Time": 58.477,"Actual Rows": 9984,"Actual Loops": 3,"Inner Unique": false,"Hash Cond": "(customer.c_nationkey = nation.n_nationkey)","Workers": [],"Plans": [{"Node Type": "Seq Scan","Parent Relationship": "Outer","Parallel Aware": true,"Async Capable": false,"Relation Name": "customer","Alias": "customer","Startup Cost": 0.00,"Total Cost": 4210.00,"Plan Rows": 62500,"Plan Width": 8,"Actual Startup Time": 0.016,"Actual Total Time": 10.057,"Actual Rows": 50000,"Actual Loops": 3,"Workers": []},{"Node Type": "Hash","Parent Relationship": "Inner","Parallel Aware": false,"Async Capable": false,"Startup Cost": 2.40,"Total Cost": 2.40,"Plan Rows": 1,"Plan Width": 108,"Actual Startup Time": 0.130,"Actual Total Time": 0.146,"Actual Rows": 5,"Actual Loops": 3,"Hash Buckets": 1024,"Original Hash Buckets": 1024,"Hash Batches": 1,"Original Hash Batches": 1,"Peak Memory Usage": 9,"Workers": [],"Plans": [{"Node Type": "Hash Join","Parent Relationship": "Outer","Parallel Aware": false,"Async Capable": false,"Join Type": "Inner","Startup Cost": 1.07,"Total Cost": 2.40,"Plan Rows": 1,"Plan Width": 108,"Actual Startup Time": 0.116,"Actual Total Time": 0.137,"Actual Rows": 5,"Actual Loops": 3,"Inner Unique": true,"Hash Cond": "(nation.n_regionkey = region.r_regionkey)","Workers": [],"Plans": [{"Node Type": "Seq Scan","Parent Relationship": "Outer","Parallel Aware": false,"Async Capable": false,"Relation Name": "nation","Alias": "nation","Startup Cost": 0.00,"Total Cost": 1.25,"Plan Rows": 25,"Plan Width": 112,"Actual Startup Time": 0.042,"Actual Total Time": 0.045,"Actual Rows": 25,"Actual Loops": 3,"Workers": []},{"Node Type": "Hash","Parent Relationship": "Inner","Parallel Aware": false,"Async Capable": false,"Startup Cost": 1.06,"Total Cost": 1.06,"Plan Rows": 1,"Plan Width": 4,"Actual Startup Time": 0.050,"Actual Total Time": 0.056,"Actual Rows": 1,"Actual Loops": 3,"Hash Buckets": 1024,"Original Hash Buckets": 1024,"Hash Batches": 1,"Original Hash Batches": 1,"Peak Memory Usage": 9,"Workers": [],"Plans": [{"Node Type": "Seq Scan","Parent Relationship": "Outer","Parallel Aware": false,"Async Capable": false,"Relation Name": "region","Alias": "region","Startup Cost": 0.00,"Total Cost": 1.06,"Plan Rows": 1,"Plan Width": 4,"Actual Startup Time": 0.038,"Actual Total Time": 0.040,"Actual Rows": 1,"Actual Loops": 3,"Filter": "(r_name = 'AMERICA'::bpchar)","Rows Removed by Filter": 4,"Workers": []}]}]}]}]},{"Node Type": "Index Scan","Parent Relationship": "Inner","Parallel Aware": false,"Async Capable": false,"Scan Direction": "Forward","Index Name": "idx_orders_custkey","Relation Name": "orders","Alias": "orders","Startup Cost": 0.43,"Total Cost": 1.55,"Plan Rows": 3,"Plan Width": 8,"Actual Startup Time": 0.017,"Actual Total Time": 0.040,"Actual Rows": 2,"Actual Loops": 29952,"Index Cond": "(o_custkey = customer.c_custkey)","Rows Removed by Index Recheck": 0,"Filter": "((o_orderdate >= '1997-01-01'::date) AND (o_orderdate < '1998-01-01 00:00:00'::timestamp without time zone))","Rows Removed by Filter": 8,"Workers": []}]},{"Node Type": "Index Scan","Parent Relationship": "Inner","Parallel Aware": false,"Async Capable": false,"Scan Direction": "Forward","Index Name": "idx_lineitem_orderkey","Relation Name": "lineitem","Alias": "lineitem","Startup Cost": 0.43,"Total Cost": 2.87,"Plan Rows": 17,"Plan Width": 20,"Actual Startup Time": 0.017,"Actual Total Time": 0.020,"Actual Rows": 4,"Actual Loops": 45676,"Index Cond": "(l_orderkey = orders.o_orderkey)","Rows Removed by Index Recheck": 0,"Workers": []}]},{"Node Type": "Hash","Parent Relationship": "Inner","Parallel Aware": false,"Async Capable": false,"Startup Cost": 322.00,"Total Cost": 322.00,"Plan Rows": 10000,"Plan Width": 8,"Actual Startup Time": 10.524,"Actual Total Time": 10.525,"Actual Rows": 10000,"Actual Loops": 3,"Hash Buckets": 16384,"Original Hash Buckets": 16384,"Hash Batches": 1,"Original Hash Batches": 1,"Peak Memory Usage": 519,"Workers": [],"Plans": [{"Node Type": "Seq Scan","Parent Relationship": "Outer","Parallel Aware": false,"Async Capable": false,"Relation Name": "supplier","Alias": "supplier","Startup Cost": 0.00,"Total Cost": 322.00,"Plan Rows": 10000,"Plan Width": 8,"Actual Startup Time": 0.042,"Actual Total Time": 8.814,"Actual Rows": 10000,"Actual Loops": 3,"Workers": []}]}]}]}]}]}]}]},"Planning Time": 10.085,"Triggers": [],"Execution Time": 859.237}]
[{"Plan": {"Node Type": "Sort","Parallel Aware": false,"Async Capable": false,"Startup Cost": 21565.81,"Total Cost": 21565.87,"Plan Rows": 25,"Plan Width": 136,"Actual Startup Time": 831.835,"Actual Total Time": 873.525,"Actual Rows": 5,"Actual Loops": 1,"Sort Key": ["(sum((lineitem.l_extendedprice * ('1'::numeric - lineitem.l_discount)))) DESC"],"Sort Method": "quicksort","Sort Space Used": 25,"Sort Space Type": "Memory","Plans": [{"Node Type": "Aggregate","Strategy": "Sorted","Partial Mode": "Finalize","Parent Relationship": "Outer","Parallel Aware": false,"Async Capable": false,"Startup Cost": 21550.86,"Total Cost": 21565.23,"Plan Rows": 25,"Plan Width": 136,"Actual Startup Time": 831.274,"Actual Total Time": 873.480,"Actual Rows": 5,"Actual Loops": 1,"Group Key": ["nation.n_name"],"Plans": [{"Node Type": "Gather Merge","Parent Relationship": "Outer","Parallel Aware": false,"Async Capable": false,"Startup Cost": 21550.86,"Total Cost": 21564.54,"Plan Rows": 50,"Plan Width": 136,"Actual Startup Time": 830.694,"Actual Total Time": 873.427,"Actual Rows": 15,"Actual Loops": 1,"Workers Planned": 2,"Workers Launched": 2,"Plans": [{"Node Type": "Aggregate","Strategy": "Sorted","Partial Mode": "Partial","Parent Relationship": "Outer","Parallel Aware": false,"Async Capable": false,"Startup Cost": 20550.84,"Total Cost": 20558.75,"Plan Rows": 25,"Plan Width": 136,"Actual Startup Time": 822.251,"Actual Total Time": 823.046,"Actual Rows": 5,"Actual Loops": 3,"Group Key": ["nation.n_name"],"Workers": [],"Plans": [{"Node Type": "Sort","Parent Relationship": "Outer","Parallel Aware": false,"Async Capable": false,"Startup Cost": 20550.84,"Total Cost": 20552.36,"Plan Rows": 608,"Plan Width": 116,"Actual Startup Time": 822.034,"Actual Total Time": 822.187,"Actual Rows": 2330,"Actual Loops": 3,"Sort Key": ["nation.n_name"],"Sort Method": "quicksort","Sort Space Used": 287,"Sort Space Type": "Memory","Workers": [{"Worker Number": 0,"Sort Method": "quicksort","Sort Space Used": 271,"Sort Space Type": "Memory"},{"Worker Number": 1,"Sort Method": "quicksort","Sort Space Used": 278,"Sort Space Type": "Memory"}],"Plans": [{"Node Type": "Hash Join","Parent Relationship": "Outer","Parallel Aware": false,"Async Capable": false,"Join Type": "Inner","Startup Cost": 475.27,"Total Cost": 20522.72,"Plan Rows": 608,"Plan Width": 116,"Actual Startup Time": 11.715,"Actual Total Time": 820.536,"Actual Rows": 2330,"Actual Loops": 3,"Inner Unique": true,"Hash Cond": "((lineitem.l_suppkey = supplier.s_suppkey) AND (customer.c_nationkey = supplier.s_nationkey))","Workers": [],"Plans": [{"Node Type": "Nested Loop","Parent Relationship": "Outer","Parallel Aware": false,"Async Capable": false,"Join Type": "Inner","Startup Cost": 3.27,"Total Cost": 19970.84,"Plan Rows": 15215,"Plan Width": 128,"Actual Startup Time": 0.848,"Actual Total Time": 777.711,"Actual Rows": 60416,"Actual Loops": 3,"Inner Unique": false,"Workers": [],"Plans": [{"Node Type": "Nested Loop","Parent Relationship": "Outer","Parallel Aware": false,"Async Capable": false,"Join Type": "Inner","Startup Cost": 2.84,"Total Cost": 8414.26,"Plan Rows": 3803,"Plan Width": 116,"Actual Startup Time": 0.710,"Actual Total Time": 470.008,"Actual Rows": 15150,"Actual Loops": 3,"Inner Unique": false,"Workers": [],"Plans": [{"Node Type": "Hash Join","Parent Relationship": "Outer","Parallel Aware": false,"Async Capable": false,"Join Type": "Inner","Startup Cost": 2.41,"Total Cost": 4471.79,"Plan Rows": 2500,"Plan Width": 116,"Actual Startup Time": 0.302,"Actual Total Time": 60.810,"Actual Rows": 9921,"Actual Loops": 3,"Inner Unique": false,"Hash Cond": "(customer.c_nationkey = nation.n_nationkey)","Workers": [],"Plans": [{"Node Type": "Seq Scan","Parent Relationship": "Outer","Parallel Aware": true,"Async Capable": false,"Relation Name": "customer","Alias": "customer","Startup Cost": 0.00,"Total Cost": 4210.00,"Plan Rows": 62500,"Plan Width": 8,"Actual Startup Time": 0.020,"Actual Total Time": 10.219,"Actual Rows": 50000,"Actual Loops": 3,"Workers": []},{"Node Type": "Hash","Parent Relationship": "Inner","Parallel Aware": false,"Async Capable": false,"Startup Cost": 2.40,"Total Cost": 2.40,"Plan Rows": 1,"Plan Width": 108,"Actual Startup Time": 0.183,"Actual Total Time": 0.205,"Actual Rows": 5,"Actual Loops": 3,"Hash Buckets": 1024,"Original Hash Buckets": 1024,"Hash Batches": 1,"Original Hash Batches": 1,"Peak Memory Usage": 9,"Workers": [],"Plans": [{"Node Type": "Hash Join","Parent Relationship": "Outer","Parallel Aware": false,"Async Capable": false,"Join Type": "Inner","Startup Cost": 1.07,"Total Cost": 2.40,"Plan Rows": 1,"Plan Width": 108,"Actual Startup Time": 0.167,"Actual Total Time": 0.195,"Actual Rows": 5,"Actual Loops": 3,"Inner Unique": true,"Hash Cond": "(nation.n_regionkey = region.r_regionkey)","Workers": [],"Plans": [{"Node Type": "Seq Scan","Parent Relationship": "Outer","Parallel Aware": false,"Async Capable": false,"Relation Name": "nation","Alias": "nation","Startup Cost": 0.00,"Total Cost": 1.25,"Plan Rows": 25,"Plan Width": 112,"Actual Startup Time": 0.065,"Actual Total Time": 0.070,"Actual Rows": 25,"Actual Loops": 3,"Workers": []},{"Node Type": "Hash","Parent Relationship": "Inner","Parallel Aware": false,"Async Capable": false,"Startup Cost": 1.06,"Total Cost": 1.06,"Plan Rows": 1,"Plan Width": 4,"Actual Startup Time": 0.074,"Actual Total Time": 0.079,"Actual Rows": 1,"Actual Loops": 3,"Hash Buckets": 1024,"Original Hash Buckets": 1024,"Hash Batches": 1,"Original Hash Batches": 1,"Peak Memory Usage": 9,"Workers": [],"Plans": [{"Node Type": "Seq Scan","Parent Relationship": "Outer","Parallel Aware": false,"Async Capable": false,"Relation Name": "region","Alias": "region","Startup Cost": 0.00,"Total Cost": 1.06,"Plan Rows": 1,"Plan Width": 4,"Actual Startup Time": 0.049,"Actual Total Time": 0.053,"Actual Rows": 1,"Actual Loops": 3,"Filter": "(r_name = 'AFRICA'::bpchar)","Rows Removed by Filter": 4,"Workers": []}]}]}]}]},{"Node Type": "Index Scan","Parent Relationship": "Inner","Parallel Aware": false,"Async Capable": false,"Scan Direction": "Forward","Index Name": "idx_orders_custkey","Relation Name": "orders","Alias": "orders","Startup Cost": 0.43,"Total Cost": 1.55,"Plan Rows": 3,"Plan Width": 8,"Actual Startup Time": 0.018,"Actual Total Time": 0.041,"Actual Rows": 2,"Actual Loops": 29764,"Index Cond": "(o_custkey = customer.c_custkey)","Rows Removed by Index Recheck": 0,"Filter": "((o_orderdate >= '1997-01-01'::date) AND (o_orderdate < '1998-01-01 00:00:00'::timestamp without time zone))","Rows Removed by Filter": 9,"Workers": []}]},{"Node Type": "Index Scan","Parent Relationship": "Inner","Parallel Aware": false,"Async Capable": false,"Scan Direction": "Forward","Index Name": "idx_lineitem_orderkey","Relation Name": "lineitem","Alias": "lineitem","Startup Cost": 0.43,"Total Cost": 2.87,"Plan Rows": 17,"Plan Width": 20,"Actual Startup Time": 0.017,"Actual Total Time": 0.020,"Actual Rows": 4,"Actual Loops": 45450,"Index Cond": "(l_orderkey = orders.o_orderkey)","Rows Removed by Index Recheck": 0,"Workers": []}]},{"Node Type": "Hash","Parent Relationship": "Inner","Parallel Aware": false,"Async Capable": false,"Startup Cost": 322.00,"Total Cost": 322.00,"Plan Rows": 10000,"Plan Width": 8,"Actual Startup Time": 8.425,"Actual Total Time": 8.430,"Actual Rows": 10000,"Actual Loops": 3,"Hash Buckets": 16384,"Original Hash Buckets": 16384,"Hash Batches": 1,"Original Hash Batches": 1,"Peak Memory Usage": 519,"Workers": [],"Plans": [{"Node Type": "Seq Scan","Parent Relationship": "Outer","Parallel Aware": false,"Async Capable": false,"Relation Name": "supplier","Alias": "supplier","Startup Cost": 0.00,"Total Cost": 322.00,"Plan Rows": 10000,"Plan Width": 8,"Actual Startup Time": 0.044,"Actual Total Time": 6.920,"Actual Rows": 10000,"Actual Loops": 3,"Workers": []}]}]}]}]}]}]}]},"Planning Time": 9.220,"Triggers": [],"Execution Time": 874.104}]
[{"Plan": {"Node Type": "Sort","Parallel Aware": false,"Async Capable": false,"Startup Cost": 21522.30,"Total Cost": 21522.36,"Plan Rows": 25,"Plan Width": 136,"Actual Startup Time": 808.715,"Actual Total Time": 841.103,"Actual Rows": 5,"Actual Loops": 1,"Sort Key": ["(sum((lineitem.l_extendedprice * ('1'::numeric - lineitem.l_discount)))) DESC"],"Sort Method": "quicksort","Sort Space Used": 25,"Sort Space Type": "Memory","Plans": [{"Node Type": "Aggregate","Strategy": "Sorted","Partial Mode": "Finalize","Parent Relationship": "Outer","Parallel Aware": false,"Async Capable": false,"Startup Cost": 21507.43,"Total Cost": 21521.72,"Plan Rows": 25,"Plan Width": 136,"Actual Startup Time": 808.132,"Actual Total Time": 841.051,"Actual Rows": 5,"Actual Loops": 1,"Group Key": ["nation.n_name"],"Plans": [{"Node Type": "Gather Merge","Parent Relationship": "Outer","Parallel Aware": false,"Async Capable": false,"Startup Cost": 21507.43,"Total Cost": 21521.03,"Plan Rows": 50,"Plan Width": 136,"Actual Startup Time": 807.865,"Actual Total Time": 840.993,"Actual Rows": 15,"Actual Loops": 1,"Workers Planned": 2,"Workers Launched": 2,"Plans": [{"Node Type": "Aggregate","Strategy": "Sorted","Partial Mode": "Partial","Parent Relationship": "Outer","Parallel Aware": false,"Async Capable": false,"Startup Cost": 20507.41,"Total Cost": 20515.23,"Plan Rows": 25,"Plan Width": 136,"Actual Startup Time": 800.148,"Actual Total Time": 800.877,"Actual Rows": 5,"Actual Loops": 3,"Group Key": ["nation.n_name"],"Workers": [],"Plans": [{"Node Type": "Sort","Parent Relationship": "Outer","Parallel Aware": false,"Async Capable": false,"Startup Cost": 20507.41,"Total Cost": 20508.91,"Plan Rows": 601,"Plan Width": 116,"Actual Startup Time": 799.927,"Actual Total Time": 800.057,"Actual Rows": 2459,"Actual Loops": 3,"Sort Key": ["nation.n_name"],"Sort Method": "quicksort","Sort Space Used": 287,"Sort Space Type": "Memory","Workers": [{"Worker Number": 0,"Sort Method": "quicksort","Sort Space Used": 292,"Sort Space Type": "Memory"},{"Worker Number": 1,"Sort Method": "quicksort","Sort Space Used": 287,"Sort Space Type": "Memory"}],"Plans": [{"Node Type": "Hash Join","Parent Relationship": "Outer","Parallel Aware": false,"Async Capable": false,"Join Type": "Inner","Startup Cost": 475.27,"Total Cost": 20479.67,"Plan Rows": 601,"Plan Width": 116,"Actual Startup Time": 9.851,"Actual Total Time": 798.461,"Actual Rows": 2459,"Actual Loops": 3,"Inner Unique": true,"Hash Cond": "((lineitem.l_suppkey = supplier.s_suppkey) AND (customer.c_nationkey = supplier.s_nationkey))","Workers": [],"Plans": [{"Node Type": "Nested Loop","Parent Relationship": "Outer","Parallel Aware": false,"Async Capable": false,"Join Type": "Inner","Startup Cost": 3.27,"Total Cost": 19928.78,"Plan Rows": 15027,"Plan Width": 128,"Actual Startup Time": 0.691,"Actual Total Time": 757.487,"Actual Rows": 60981,"Actual Loops": 3,"Inner Unique": false,"Workers": [],"Plans": [{"Node Type": "Nested Loop","Parent Relationship": "Outer","Parallel Aware": false,"Async Capable": false,"Join Type": "Inner","Startup Cost": 2.84,"Total Cost": 8414.26,"Plan Rows": 3756,"Plan Width": 116,"Actual Startup Time": 0.574,"Actual Total Time": 453.285,"Actual Rows": 15233,"Actual Loops": 3,"Inner Unique": false,"Workers": [],"Plans": [{"Node Type": "Hash Join","Parent Relationship": "Outer","Parallel Aware": false,"Async Capable": false,"Join Type": "Inner","Startup Cost": 2.41,"Total Cost": 4471.79,"Plan Rows": 2500,"Plan Width": 116,"Actual Startup Time": 0.259,"Actual Total Time": 55.622,"Actual Rows": 10066,"Actual Loops": 3,"Inner Unique": false,"Hash Cond": "(customer.c_nationkey = nation.n_nationkey)","Workers": [],"Plans": [{"Node Type": "Seq Scan","Parent Relationship": "Outer","Parallel Aware": true,"Async Capable": false,"Relation Name": "customer","Alias": "customer","Startup Cost": 0.00,"Total Cost": 4210.00,"Plan Rows": 62500,"Plan Width": 8,"Actual Startup Time": 0.020,"Actual Total Time": 9.402,"Actual Rows": 50000,"Actual Loops": 3,"Workers": []},{"Node Type": "Hash","Parent Relationship": "Inner","Parallel Aware": false,"Async Capable": false,"Startup Cost": 2.40,"Total Cost": 2.40,"Plan Rows": 1,"Plan Width": 108,"Actual Startup Time": 0.150,"Actual Total Time": 0.167,"Actual Rows": 5,"Actual Loops": 3,"Hash Buckets": 1024,"Original Hash Buckets": 1024,"Hash Batches": 1,"Original Hash Batches": 1,"Peak Memory Usage": 9,"Workers": [],"Plans": [{"Node Type": "Hash Join","Parent Relationship": "Outer","Parallel Aware": false,"Async Capable": false,"Join Type": "Inner","Startup Cost": 1.07,"Total Cost": 2.40,"Plan Rows": 1,"Plan Width": 108,"Actual Startup Time": 0.135,"Actual Total Time": 0.156,"Actual Rows": 5,"Actual Loops": 3,"Inner Unique": true,"Hash Cond": "(nation.n_regionkey = region.r_regionkey)","Workers": [],"Plans": [{"Node Type": "Seq Scan","Parent Relationship": "Outer","Parallel Aware": false,"Async Capable": false,"Relation Name": "nation","Alias": "nation","Startup Cost": 0.00,"Total Cost": 1.25,"Plan Rows": 25,"Plan Width": 112,"Actual Startup Time": 0.049,"Actual Total Time": 0.053,"Actual Rows": 25,"Actual Loops": 3,"Workers": []},{"Node Type": "Hash","Parent Relationship": "Inner","Parallel Aware": false,"Async Capable": false,"Startup Cost": 1.06,"Total Cost": 1.06,"Plan Rows": 1,"Plan Width": 4,"Actual Startup Time": 0.056,"Actual Total Time": 0.064,"Actual Rows": 1,"Actual Loops": 3,"Hash Buckets": 1024,"Original Hash Buckets": 1024,"Hash Batches": 1,"Original Hash Batches": 1,"Peak Memory Usage": 9,"Workers": [],"Plans": [{"Node Type": "Seq Scan","Parent Relationship": "Outer","Parallel Aware": false,"Async Capable": false,"Relation Name": "region","Alias": "region","Startup Cost": 0.00,"Total Cost": 1.06,"Plan Rows": 1,"Plan Width": 4,"Actual Startup Time": 0.041,"Actual Total Time": 0.043,"Actual Rows": 1,"Actual Loops": 3,"Filter": "(r_name = 'EUROPE'::bpchar)","Rows Removed by Filter": 4,"Workers": []}]}]}]}]},{"Node Type": "Index Scan","Parent Relationship": "Inner","Parallel Aware": false,"Async Capable": false,"Scan Direction": "Forward","Index Name": "idx_orders_custkey","Relation Name": "orders","Alias": "orders","Startup Cost": 0.43,"Total Cost": 1.55,"Plan Rows": 3,"Plan Width": 8,"Actual Startup Time": 0.017,"Actual Total Time": 0.039,"Actual Rows": 2,"Actual Loops": 30197,"Index Cond": "(o_custkey = customer.c_custkey)","Rows Removed by Index Recheck": 0,"Filter": "((o_orderdate >= '1993-01-01'::date) AND (o_orderdate < '1994-01-01 00:00:00'::timestamp without time zone))","Rows Removed by Filter": 9,"Workers": []}]},{"Node Type": "Index Scan","Parent Relationship": "Inner","Parallel Aware": false,"Async Capable": false,"Scan Direction": "Forward","Index Name": "idx_lineitem_orderkey","Relation Name": "lineitem","Alias": "lineitem","Startup Cost": 0.43,"Total Cost": 2.90,"Plan Rows": 17,"Plan Width": 20,"Actual Startup Time": 0.017,"Actual Total Time": 0.019,"Actual Rows": 4,"Actual Loops": 45699,"Index Cond": "(l_orderkey = orders.o_orderkey)","Rows Removed by Index Recheck": 0,"Workers": []}]},{"Node Type": "Hash","Parent Relationship": "Inner","Parallel Aware": false,"Async Capable": false,"Startup Cost": 322.00,"Total Cost": 322.00,"Plan Rows": 10000,"Plan Width": 8,"Actual Startup Time": 8.538,"Actual Total Time": 8.541,"Actual Rows": 10000,"Actual Loops": 3,"Hash Buckets": 16384,"Original Hash Buckets": 16384,"Hash Batches": 1,"Original Hash Batches": 1,"Peak Memory Usage": 519,"Workers": [],"Plans": [{"Node Type": "Seq Scan","Parent Relationship": "Outer","Parallel Aware": false,"Async Capable": false,"Relation Name": "supplier","Alias": "supplier","Startup Cost": 0.00,"Total Cost": 322.00,"Plan Rows": 10000,"Plan Width": 8,"Actual Startup Time": 0.046,"Actual Total Time": 6.635,"Actual Rows": 10000,"Actual Loops": 3,"Workers": []}]}]}]}]}]}]}]},"Planning Time": 10.957,"Triggers": [],"Execution Time": 841.799}]
[{"Plan": {"Node Type": "Sort","Parallel Aware": false,"Async Capable": false,"Startup Cost": 21612.43,"Total Cost": 21612.50,"Plan Rows": 25,"Plan Width": 136,"Actual Startup Time": 832.616,"Actual Total Time": 862.680,"Actual Rows": 5,"Actual Loops": 1,"Sort Key": ["(sum((lineitem.l_extendedprice * ('1'::numeric - lineitem.l_discount)))) DESC"],"Sort Method": "quicksort","Sort Space Used": 25,"Sort Space Type": "Memory","Plans": [{"Node Type": "Aggregate","Strategy": "Sorted","Partial Mode": "Finalize","Parent Relationship": "Outer","Parallel Aware": false,"Async Capable": false,"Startup Cost": 21597.38,"Total Cost": 21611.85,"Plan Rows": 25,"Plan Width": 136,"Actual Startup Time": 832.009,"Actual Total Time": 862.637,"Actual Rows": 5,"Actual Loops": 1,"Group Key": ["nation.n_name"],"Plans": [{"Node Type": "Gather Merge","Parent Relationship": "Outer","Parallel Aware": false,"Async Capable": false,"Startup Cost": 21597.38,"Total Cost": 21611.17,"Plan Rows": 50,"Plan Width": 136,"Actual Startup Time": 831.804,"Actual Total Time": 862.590,"Actual Rows": 15,"Actual Loops": 1,"Workers Planned": 2,"Workers Launched": 2,"Plans": [{"Node Type": "Aggregate","Strategy": "Sorted","Partial Mode": "Partial","Parent Relationship": "Outer","Parallel Aware": false,"Async Capable": false,"Startup Cost": 20597.36,"Total Cost": 20605.37,"Plan Rows": 25,"Plan Width": 136,"Actual Startup Time": 824.333,"Actual Total Time": 825.038,"Actual Rows": 5,"Actual Loops": 3,"Group Key": ["nation.n_name"],"Workers": [],"Plans": [{"Node Type": "Sort","Parent Relationship": "Outer","Parallel Aware": false,"Async Capable": false,"Startup Cost": 20597.36,"Total Cost": 20598.90,"Plan Rows": 616,"Plan Width": 116,"Actual Startup Time": 824.137,"Actual Total Time": 824.256,"Actual Rows": 2417,"Actual Loops": 3,"Sort Key": ["nation.n_name"],"Sort Method": "quicksort","Sort Space Used": 288,"Sort Space Type": "Memory","Workers": [{"Worker Number": 0,"Sort Method": "quicksort","Sort Space Used": 280,"Sort Space Type": "Memory"},{"Worker Number": 1,"Sort Method": "quicksort","Sort Space Used": 288,"Sort Space Type": "Memory"}],"Plans": [{"Node Type": "Hash Join","Parent Relationship": "Outer","Parallel Aware": false,"Async Capable": false,"Join Type": "Inner","Startup Cost": 475.27,"Total Cost": 20568.82,"Plan Rows": 616,"Plan Width": 116,"Actual Startup Time": 12.703,"Actual Total Time": 822.671,"Actual Rows": 2417,"Actual Loops": 3,"Inner Unique": true,"Hash Cond": "((lineitem.l_suppkey = supplier.s_suppkey) AND (customer.c_nationkey = supplier.s_nationkey))","Workers": [],"Plans": [{"Node Type": "Nested Loop","Parent Relationship": "Outer","Parallel Aware": false,"Async Capable": false,"Join Type": "Inner","Startup Cost": 3.27,"Total Cost": 20015.89,"Plan Rows": 15415,"Plan Width": 128,"Actual Startup Time": 0.571,"Actual Total Time": 776.984,"Actual Rows": 59997,"Actual Loops": 3,"Inner Unique": false,"Workers": [],"Plans": [{"Node Type": "Nested Loop","Parent Relationship": "Outer","Parallel Aware": false,"Async Capable": false,"Join Type": "Inner","Startup Cost": 2.84,"Total Cost": 8414.26,"Plan Rows": 3853,"Plan Width": 116,"Actual Startup Time": 0.454,"Actual Total Time": 470.088,"Actual Rows": 15003,"Actual Loops": 3,"Inner Unique": false,"Workers": [],"Plans": [{"Node Type": "Hash Join","Parent Relationship": "Outer","Parallel Aware": false,"Async Capable": false,"Join Type": "Inner","Startup Cost": 2.41,"Total Cost": 4471.79,"Plan Rows": 2500,"Plan Width": 116,"Actual Startup Time": 0.227,"Actual Total Time": 60.370,"Actual Rows": 9968,"Actual Loops": 3,"Inner Unique": false,"Hash Cond": "(customer.c_nationkey = nation.n_nationkey)","Workers": [],"Plans": [{"Node Type": "Seq Scan","Parent Relationship": "Outer","Parallel Aware": true,"Async Capable": false,"Relation Name": "customer","Alias": "customer","Startup Cost": 0.00,"Total Cost": 4210.00,"Plan Rows": 62500,"Plan Width": 8,"Actual Startup Time": 0.013,"Actual Total Time": 10.099,"Actual Rows": 50000,"Actual Loops": 3,"Workers": []},{"Node Type": "Hash","Parent Relationship": "Inner","Parallel Aware": false,"Async Capable": false,"Startup Cost": 2.40,"Total Cost": 2.40,"Plan Rows": 1,"Plan Width": 108,"Actual Startup Time": 0.138,"Actual Total Time": 0.150,"Actual Rows": 5,"Actual Loops": 3,"Hash Buckets": 1024,"Original Hash Buckets": 1024,"Hash Batches": 1,"Original Hash Batches": 1,"Peak Memory Usage": 9,"Workers": [],"Plans": [{"Node Type": "Hash Join","Parent Relationship": "Outer","Parallel Aware": false,"Async Capable": false,"Join Type": "Inner","Startup Cost": 1.07,"Total Cost": 2.40,"Plan Rows": 1,"Plan Width": 108,"Actual Startup Time": 0.125,"Actual Total Time": 0.142,"Actual Rows": 5,"Actual Loops": 3,"Inner Unique": true,"Hash Cond": "(nation.n_regionkey = region.r_regionkey)","Workers": [],"Plans": [{"Node Type": "Seq Scan","Parent Relationship": "Outer","Parallel Aware": false,"Async Capable": false,"Relation Name": "nation","Alias": "nation","Startup Cost": 0.00,"Total Cost": 1.25,"Plan Rows": 25,"Plan Width": 112,"Actual Startup Time": 0.044,"Actual Total Time": 0.047,"Actual Rows": 25,"Actual Loops": 3,"Workers": []},{"Node Type": "Hash","Parent Relationship": "Inner","Parallel Aware": false,"Async Capable": false,"Startup Cost": 1.06,"Total Cost": 1.06,"Plan Rows": 1,"Plan Width": 4,"Actual Startup Time": 0.054,"Actual Total Time": 0.057,"Actual Rows": 1,"Actual Loops": 3,"Hash Buckets": 1024,"Original Hash Buckets": 1024,"Hash Batches": 1,"Original Hash Batches": 1,"Peak Memory Usage": 9,"Workers": [],"Plans": [{"Node Type": "Seq Scan","Parent Relationship": "Outer","Parallel Aware": false,"Async Capable": false,"Relation Name": "region","Alias": "region","Startup Cost": 0.00,"Total Cost": 1.06,"Plan Rows": 1,"Plan Width": 4,"Actual Startup Time": 0.039,"Actual Total Time": 0.040,"Actual Rows": 1,"Actual Loops": 3,"Filter": "(r_name = 'MIDDLE EAST'::bpchar)","Rows Removed by Filter": 4,"Workers": []}]}]}]}]},{"Node Type": "Index Scan","Parent Relationship": "Inner","Parallel Aware": false,"Async Capable": false,"Scan Direction": "Forward","Index Name": "idx_orders_custkey","Relation Name": "orders","Alias": "orders","Startup Cost": 0.43,"Total Cost": 1.55,"Plan Rows": 3,"Plan Width": 8,"Actual Startup Time": 0.017,"Actual Total Time": 0.041,"Actual Rows": 2,"Actual Loops": 29904,"Index Cond": "(o_custkey = customer.c_custkey)","Rows Removed by Index Recheck": 0,"Filter": "((o_orderdate >= '1994-01-01'::date) AND (o_orderdate < '1995-01-01 00:00:00'::timestamp without time zone))","Rows Removed by Filter": 8,"Workers": []}]},{"Node Type": "Index Scan","Parent Relationship": "Inner","Parallel Aware": false,"Async Capable": false,"Scan Direction": "Forward","Index Name": "idx_lineitem_orderkey","Relation Name": "lineitem","Alias": "lineitem","Startup Cost": 0.43,"Total Cost": 2.84,"Plan Rows": 17,"Plan Width": 20,"Actual Startup Time": 0.017,"Actual Total Time": 0.020,"Actual Rows": 4,"Actual Loops": 45009,"Index Cond": "(l_orderkey = orders.o_orderkey)","Rows Removed by Index Recheck": 0,"Workers": []}]},{"Node Type": "Hash","Parent Relationship": "Inner","Parallel Aware": false,"Async Capable": false,"Startup Cost": 322.00,"Total Cost": 322.00,"Plan Rows": 10000,"Plan Width": 8,"Actual Startup Time": 11.133,"Actual Total Time": 11.135,"Actual Rows": 10000,"Actual Loops": 3,"Hash Buckets": 16384,"Original Hash Buckets": 16384,"Hash Batches": 1,"Original Hash Batches": 1,"Peak Memory Usage": 519,"Workers": [],"Plans": [{"Node Type": "Seq Scan","Parent Relationship": "Outer","Parallel Aware": false,"Async Capable": false,"Relation Name": "supplier","Alias": "supplier","Startup Cost": 0.00,"Total Cost": 322.00,"Plan Rows": 10000,"Plan Width": 8,"Actual Startup Time": 0.042,"Actual Total Time": 9.282,"Actual Rows": 10000,"Actual Loops": 3,"Workers": []}]}]}]}]}]}]}]},"Planning Time": 10.906,"Triggers": [],"Execution Time": 863.139}]
[{"Plan": {"Node Type": "Sort","Parallel Aware": false,"Async Capable": false,"Startup Cost": 21565.81,"Total Cost": 21565.87,"Plan Rows": 25,"Plan Width": 136,"Actual Startup Time": 833.811,"Actual Total Time": 865.523,"Actual Rows": 5,"Actual Loops": 1,"Sort Key": ["(sum((lineitem.l_extendedprice * ('1'::numeric - lineitem.l_discount)))) DESC"],"Sort Method": "quicksort","Sort Space Used": 25,"Sort Space Type": "Memory","Plans": [{"Node Type": "Aggregate","Strategy": "Sorted","Partial Mode": "Finalize","Parent Relationship": "Outer","Parallel Aware": false,"Async Capable": false,"Startup Cost": 21550.86,"Total Cost": 21565.23,"Plan Rows": 25,"Plan Width": 136,"Actual Startup Time": 833.271,"Actual Total Time": 865.478,"Actual Rows": 5,"Actual Loops": 1,"Group Key": ["nation.n_name"],"Plans": [{"Node Type": "Gather Merge","Parent Relationship": "Outer","Parallel Aware": false,"Async Capable": false,"Startup Cost": 21550.86,"Total Cost": 21564.54,"Plan Rows": 50,"Plan Width": 136,"Actual Startup Time": 833.025,"Actual Total Time": 865.435,"Actual Rows": 15,"Actual Loops": 1,"Workers Planned": 2,"Workers Launched": 2,"Plans": [{"Node Type": "Aggregate","Strategy": "Sorted","Partial Mode": "Partial","Parent Relationship": "Outer","Parallel Aware": false,"Async Capable": false,"Startup Cost": 20550.84,"Total Cost": 20558.75,"Plan Rows": 25,"Plan Width": 136,"Actual Startup Time": 825.546,"Actual Total Time": 826.255,"Actual Rows": 5,"Actual Loops": 3,"Group Key": ["nation.n_name"],"Workers": [],"Plans": [{"Node Type": "Sort","Parent Relationship": "Outer","Parallel Aware": false,"Async Capable": false,"Startup Cost": 20550.84,"Total Cost": 20552.36,"Plan Rows": 608,"Plan Width": 116,"Actual Startup Time": 825.323,"Actual Total Time": 825.450,"Actual Rows": 2415,"Actual Loops": 3,"Sort Key": ["nation.n_name"],"Sort Method": "quicksort","Sort Space Used": 281,"Sort Space Type": "Memory","Workers": [{"Worker Number": 0,"Sort Method": "quicksort","Sort Space Used": 286,"Sort Space Type": "Memory"},{"Worker Number": 1,"Sort Method": "quicksort","Sort Space Used": 289,"Sort Space Type": "Memory"}],"Plans": [{"Node Type": "Hash Join","Parent Relationship": "Outer","Parallel Aware": false,"Async Capable": false,"Join Type": "Inner","Startup Cost": 475.27,"Total Cost": 20522.72,"Plan Rows": 608,"Plan Width": 116,"Actual Startup Time": 12.893,"Actual Total Time": 823.841,"Actual Rows": 2415,"Actual Loops": 3,"Inner Unique": true,"Hash Cond": "((lineitem.l_suppkey = supplier.s_suppkey) AND (customer.c_nationkey = supplier.s_nationkey))","Workers": [],"Plans": [{"Node Type": "Nested Loop","Parent Relationship": "Outer","Parallel Aware": false,"Async Capable": false,"Join Type": "Inner","Startup Cost": 3.27,"Total Cost": 19970.84,"Plan Rows": 15215,"Plan Width": 128,"Actual Startup Time": 0.809,"Actual Total Time": 777.035,"Actual Rows": 60714,"Actual Loops": 3,"Inner Unique": false,"Workers": [],"Plans": [{"Node Type": "Nested Loop","Parent Relationship": "Outer","Parallel Aware": false,"Async Capable": false,"Join Type": "Inner","Startup Cost": 2.84,"Total Cost": 8414.26,"Plan Rows": 3803,"Plan Width": 116,"Actual Startup Time": 0.660,"Actual Total Time": 471.667,"Actual Rows": 15226,"Actual Loops": 3,"Inner Unique": false,"Workers": [],"Plans": [{"Node Type": "Hash Join","Parent Relationship": "Outer","Parallel Aware": false,"Async Capable": false,"Join Type": "Inner","Startup Cost": 2.41,"Total Cost": 4471.79,"Plan Rows": 2500,"Plan Width": 116,"Actual Startup Time": 0.276,"Actual Total Time": 59.829,"Actual Rows": 10066,"Actual Loops": 3,"Inner Unique": false,"Hash Cond": "(customer.c_nationkey = nation.n_nationkey)","Workers": [],"Plans": [{"Node Type": "Seq Scan","Parent Relationship": "Outer","Parallel Aware": true,"Async Capable": false,"Relation Name": "customer","Alias": "customer","Startup Cost": 0.00,"Total Cost": 4210.00,"Plan Rows": 62500,"Plan Width": 8,"Actual Startup Time": 0.021,"Actual Total Time": 10.083,"Actual Rows": 50000,"Actual Loops": 3,"Workers": []},{"Node Type": "Hash","Parent Relationship": "Inner","Parallel Aware": false,"Async Capable": false,"Startup Cost": 2.40,"Total Cost": 2.40,"Plan Rows": 1,"Plan Width": 108,"Actual Startup Time": 0.154,"Actual Total Time": 0.171,"Actual Rows": 5,"Actual Loops": 3,"Hash Buckets": 1024,"Original Hash Buckets": 1024,"Hash Batches": 1,"Original Hash Batches": 1,"Peak Memory Usage": 9,"Workers": [],"Plans": [{"Node Type": "Hash Join","Parent Relationship": "Outer","Parallel Aware": false,"Async Capable": false,"Join Type": "Inner","Startup Cost": 1.07,"Total Cost": 2.40,"Plan Rows": 1,"Plan Width": 108,"Actual Startup Time": 0.139,"Actual Total Time": 0.162,"Actual Rows": 5,"Actual Loops": 3,"Inner Unique": true,"Hash Cond": "(nation.n_regionkey = region.r_regionkey)","Workers": [],"Plans": [{"Node Type": "Seq Scan","Parent Relationship": "Outer","Parallel Aware": false,"Async Capable": false,"Relation Name": "nation","Alias": "nation","Startup Cost": 0.00,"Total Cost": 1.25,"Plan Rows": 25,"Plan Width": 112,"Actual Startup Time": 0.051,"Actual Total Time": 0.055,"Actual Rows": 25,"Actual Loops": 3,"Workers": []},{"Node Type": "Hash","Parent Relationship": "Inner","Parallel Aware": false,"Async Capable": false,"Startup Cost": 1.06,"Total Cost": 1.06,"Plan Rows": 1,"Plan Width": 4,"Actual Startup Time": 0.057,"Actual Total Time": 0.063,"Actual Rows": 1,"Actual Loops": 3,"Hash Buckets": 1024,"Original Hash Buckets": 1024,"Hash Batches": 1,"Original Hash Batches": 1,"Peak Memory Usage": 9,"Workers": [],"Plans": [{"Node Type": "Seq Scan","Parent Relationship": "Outer","Parallel Aware": false,"Async Capable": false,"Relation Name": "region","Alias": "region","Startup Cost": 0.00,"Total Cost": 1.06,"Plan Rows": 1,"Plan Width": 4,"Actual Startup Time": 0.043,"Actual Total Time": 0.045,"Actual Rows": 1,"Actual Loops": 3,"Filter": "(r_name = 'EUROPE'::bpchar)","Rows Removed by Filter": 4,"Workers": []}]}]}]}]},{"Node Type": "Index Scan","Parent Relationship": "Inner","Parallel Aware": false,"Async Capable": false,"Scan Direction": "Forward","Index Name": "idx_orders_custkey","Relation Name": "orders","Alias": "orders","Startup Cost": 0.43,"Total Cost": 1.55,"Plan Rows": 3,"Plan Width": 8,"Actual Startup Time": 0.017,"Actual Total Time": 0.041,"Actual Rows": 2,"Actual Loops": 30197,"Index Cond": "(o_custkey = customer.c_custkey)","Rows Removed by Index Recheck": 0,"Filter": "((o_orderdate >= '1997-01-01'::date) AND (o_orderdate < '1998-01-01 00:00:00'::timestamp without time zone))","Rows Removed by Filter": 9,"Workers": []}]},{"Node Type": "Index Scan","Parent Relationship": "Inner","Parallel Aware": false,"Async Capable": false,"Scan Direction": "Forward","Index Name": "idx_lineitem_orderkey","Relation Name": "lineitem","Alias": "lineitem","Startup Cost": 0.43,"Total Cost": 2.87,"Plan Rows": 17,"Plan Width": 20,"Actual Startup Time": 0.017,"Actual Total Time": 0.019,"Actual Rows": 4,"Actual Loops": 45677,"Index Cond": "(l_orderkey = orders.o_orderkey)","Rows Removed by Index Recheck": 0,"Workers": []}]},{"Node Type": "Hash","Parent Relationship": "Inner","Parallel Aware": false,"Async Capable": false,"Startup Cost": 322.00,"Total Cost": 322.00,"Plan Rows": 10000,"Plan Width": 8,"Actual Startup Time": 11.560,"Actual Total Time": 11.566,"Actual Rows": 10000,"Actual Loops": 3,"Hash Buckets": 16384,"Original Hash Buckets": 16384,"Hash Batches": 1,"Original Hash Batches": 1,"Peak Memory Usage": 519,"Workers": [],"Plans": [{"Node Type": "Seq Scan","Parent Relationship": "Outer","Parallel Aware": false,"Async Capable": false,"Relation Name": "supplier","Alias": "supplier","Startup Cost": 0.00,"Total Cost": 322.00,"Plan Rows": 10000,"Plan Width": 8,"Actual Startup Time": 0.053,"Actual Total Time": 9.758,"Actual Rows": 10000,"Actual Loops": 3,"Workers": []}]}]}]}]}]}]}]},"Planning Time": 11.054,"Triggers": [],"Execution Time": 866.075}]
[{"Plan": {"Node Type": "Sort","Parallel Aware": false,"Async Capable": false,"Startup Cost": 21565.24,"Total Cost": 21565.30,"Plan Rows": 25,"Plan Width": 136,"Actual Startup Time": 797.386,"Actual Total Time": 830.222,"Actual Rows": 5,"Actual Loops": 1,"Sort Key": ["(sum((lineitem.l_extendedprice * ('1'::numeric - lineitem.l_discount)))) DESC"],"Sort Method": "quicksort","Sort Space Used": 25,"Sort Space Type": "Memory","Plans": [{"Node Type": "Aggregate","Strategy": "Sorted","Partial Mode": "Finalize","Parent Relationship": "Outer","Parallel Aware": false,"Async Capable": false,"Startup Cost": 21550.29,"Total Cost": 21564.66,"Plan Rows": 25,"Plan Width": 136,"Actual Startup Time": 796.761,"Actual Total Time": 830.172,"Actual Rows": 5,"Actual Loops": 1,"Group Key": ["nation.n_name"],"Plans": [{"Node Type": "Gather Merge","Parent Relationship": "Outer","Parallel Aware": false,"Async Capable": false,"Startup Cost": 21550.29,"Total Cost": 21563.97,"Plan Rows": 50,"Plan Width": 136,"Actual Startup Time": 796.547,"Actual Total Time": 830.110,"Actual Rows": 15,"Actual Loops": 1,"Workers Planned": 2,"Workers Launched": 2,"Plans": [{"Node Type": "Aggregate","Strategy": "Sorted","Partial Mode": "Partial","Parent Relationship": "Outer","Parallel Aware": false,"Async Capable": false,"Startup Cost": 20550.26,"Total Cost": 20558.18,"Plan Rows": 25,"Plan Width": 136,"Actual Startup Time": 788.895,"Actual Total Time": 789.783,"Actual Rows": 5,"Actual Loops": 3,"Group Key": ["nation.n_name"],"Workers": [],"Plans": [{"Node Type": "Sort","Parent Relationship": "Outer","Parallel Aware": false,"Async Capable": false,"Startup Cost": 20550.26,"Total Cost": 20551.78,"Plan Rows": 608,"Plan Width": 116,"Actual Startup Time": 788.664,"Actual Total Time": 788.842,"Actual Rows": 2456,"Actual Loops": 3,"Sort Key": ["nation.n_name"],"Sort Method": "quicksort","Sort Space Used": 291,"Sort Space Type": "Memory","Workers": [{"Worker Number": 0,"Sort Method": "quicksort","Sort Space Used": 279,"Sort Space Type": "Memory"},{"Worker Number": 1,"Sort Method": "quicksort","Sort Space Used": 295,"Sort Space Type": "Memory"}],"Plans": [{"Node Type": "Hash Join","Parent Relationship": "Outer","Parallel Aware": false,"Async Capable": false,"Join Type": "Inner","Startup Cost": 475.27,"Total Cost": 20522.15,"Plan Rows": 608,"Plan Width": 116,"Actual Startup Time": 10.168,"Actual Total Time": 787.209,"Actual Rows": 2456,"Actual Loops": 3,"Inner Unique": true,"Hash Cond": "((lineitem.l_suppkey = supplier.s_suppkey) AND (customer.c_nationkey = supplier.s_nationkey))","Workers": [],"Plans": [{"Node Type": "Nested Loop","Parent Relationship": "Outer","Parallel Aware": false,"Async Capable": false,"Join Type": "Inner","Startup Cost": 3.27,"Total Cost": 19970.29,"Plan Rows": 15211,"Plan Width": 128,"Actual Startup Time": 0.661,"Actual Total Time": 744.432,"Actual Rows": 60955,"Actual Loops": 3,"Inner Unique": false,"Workers": [],"Plans": [{"Node Type": "Nested Loop","Parent Relationship": "Outer","Parallel Aware": false,"Async Capable": false,"Join Type": "Inner","Startup Cost": 2.84,"Total Cost": 8414.26,"Plan Rows": 3802,"Plan Width": 116,"Actual Startup Time": 0.532,"Actual Total Time": 444.261,"Actual Rows": 15210,"Actual Loops": 3,"Inner Unique": false,"Workers": [],"Plans": [{"Node Type": "Hash Join","Parent Relationship": "Outer","Parallel Aware": false,"Async Capable": false,"Join Type": "Inner","Startup Cost": 2.41,"Total Cost": 4471.79,"Plan Rows": 2500,"Plan Width": 116,"Actual Startup Time": 0.249,"Actual Total Time": 53.241,"Actual Rows": 9984,"Actual Loops": 3,"Inner Unique": false,"Hash Cond": "(customer.c_nationkey = nation.n_nationkey)","Workers": [],"Plans": [{"Node Type": "Seq Scan","Parent Relationship": "Outer","Parallel Aware": true,"Async Capable": false,"Relation Name": "customer","Alias": "customer","Startup Cost": 0.00,"Total Cost": 4210.00,"Plan Rows": 62500,"Plan Width": 8,"Actual Startup Time": 0.015,"Actual Total Time": 9.455,"Actual Rows": 50000,"Actual Loops": 3,"Workers": []},{"Node Type": "Hash","Parent Relationship": "Inner","Parallel Aware": false,"Async Capable": false,"Startup Cost": 2.40,"Total Cost": 2.40,"Plan Rows": 1,"Plan Width": 108,"Actual Startup Time": 0.141,"Actual Total Time": 0.157,"Actual Rows": 5,"Actual Loops": 3,"Hash Buckets": 1024,"Original Hash Buckets": 1024,"Hash Batches": 1,"Original Hash Batches": 1,"Peak Memory Usage": 9,"Workers": [],"Plans": [{"Node Type": "Hash Join","Parent Relationship": "Outer","Parallel Aware": false,"Async Capable": false,"Join Type": "Inner","Startup Cost": 1.07,"Total Cost": 2.40,"Plan Rows": 1,"Plan Width": 108,"Actual Startup Time": 0.126,"Actual Total Time": 0.148,"Actual Rows": 5,"Actual Loops": 3,"Inner Unique": true,"Hash Cond": "(nation.n_regionkey = region.r_regionkey)","Workers": [],"Plans": [{"Node Type": "Seq Scan","Parent Relationship": "Outer","Parallel Aware": false,"Async Capable": false,"Relation Name": "nation","Alias": "nation","Startup Cost": 0.00,"Total Cost": 1.25,"Plan Rows": 25,"Plan Width": 112,"Actual Startup Time": 0.048,"Actual Total Time": 0.053,"Actual Rows": 25,"Actual Loops": 3,"Workers": []},{"Node Type": "Hash","Parent Relationship": "Inner","Parallel Aware": false,"Async Capable": false,"Startup Cost": 1.06,"Total Cost": 1.06,"Plan Rows": 1,"Plan Width": 4,"Actual Startup Time": 0.049,"Actual Total Time": 0.055,"Actual Rows": 1,"Actual Loops": 3,"Hash Buckets": 1024,"Original Hash Buckets": 1024,"Hash Batches": 1,"Original Hash Batches": 1,"Peak Memory Usage": 9,"Workers": [],"Plans": [{"Node Type": "Seq Scan","Parent Relationship": "Outer","Parallel Aware": false,"Async Capable": false,"Relation Name": "region","Alias": "region","Startup Cost": 0.00,"Total Cost": 1.06,"Plan Rows": 1,"Plan Width": 4,"Actual Startup Time": 0.036,"Actual Total Time": 0.040,"Actual Rows": 1,"Actual Loops": 3,"Filter": "(r_name = 'AMERICA'::bpchar)","Rows Removed by Filter": 4,"Workers": []}]}]}]}]},{"Node Type": "Index Scan","Parent Relationship": "Inner","Parallel Aware": false,"Async Capable": false,"Scan Direction": "Forward","Index Name": "idx_orders_custkey","Relation Name": "orders","Alias": "orders","Startup Cost": 0.43,"Total Cost": 1.55,"Plan Rows": 3,"Plan Width": 8,"Actual Startup Time": 0.016,"Actual Total Time": 0.039,"Actual Rows": 2,"Actual Loops": 29952,"Index Cond": "(o_custkey = customer.c_custkey)","Rows Removed by Index Recheck": 0,"Filter": "((o_orderdate >= '1995-01-01'::date) AND (o_orderdate < '1996-01-01 00:00:00'::timestamp without time zone))","Rows Removed by Filter": 8,"Workers": []}]},{"Node Type": "Index Scan","Parent Relationship": "Inner","Parallel Aware": false,"Async Capable": false,"Scan Direction": "Forward","Index Name": "idx_lineitem_orderkey","Relation Name": "lineitem","Alias": "lineitem","Startup Cost": 0.43,"Total Cost": 2.87,"Plan Rows": 17,"Plan Width": 20,"Actual Startup Time": 0.016,"Actual Total Time": 0.019,"Actual Rows": 4,"Actual Loops": 45630,"Index Cond": "(l_orderkey = orders.o_orderkey)","Rows Removed by Index Recheck": 0,"Workers": []}]},{"Node Type": "Hash","Parent Relationship": "Inner","Parallel Aware": false,"Async Capable": false,"Startup Cost": 322.00,"Total Cost": 322.00,"Plan Rows": 10000,"Plan Width": 8,"Actual Startup Time": 8.645,"Actual Total Time": 8.649,"Actual Rows": 10000,"Actual Loops": 3,"Hash Buckets": 16384,"Original Hash Buckets": 16384,"Hash Batches": 1,"Original Hash Batches": 1,"Peak Memory Usage": 519,"Workers": [],"Plans": [{"Node Type": "Seq Scan","Parent Relationship": "Outer","Parallel Aware": false,"Async Capable": false,"Relation Name": "supplier","Alias": "supplier","Startup Cost": 0.00,"Total Cost": 322.00,"Plan Rows": 10000,"Plan Width": 8,"Actual Startup Time": 0.041,"Actual Total Time": 6.699,"Actual Rows": 10000,"Actual Loops": 3,"Workers": []}]}]}]}]}]}]}]},"Planning Time": 10.274,"Triggers": [],"Execution Time": 830.793}]
[{"Plan": {"Node Type": "Sort","Parallel Aware": false,"Async Capable": false,"Startup Cost": 21565.81,"Total Cost": 21565.87,"Plan Rows": 25,"Plan Width": 136,"Actual Startup Time": 826.666,"Actual Total Time": 858.678,"Actual Rows": 5,"Actual Loops": 1,"Sort Key": ["(sum((lineitem.l_extendedprice * ('1'::numeric - lineitem.l_discount)))) DESC"],"Sort Method": "quicksort","Sort Space Used": 25,"Sort Space Type": "Memory","Plans": [{"Node Type": "Aggregate","Strategy": "Sorted","Partial Mode": "Finalize","Parent Relationship": "Outer","Parallel Aware": false,"Async Capable": false,"Startup Cost": 21550.86,"Total Cost": 21565.23,"Plan Rows": 25,"Plan Width": 136,"Actual Startup Time": 825.974,"Actual Total Time": 858.621,"Actual Rows": 5,"Actual Loops": 1,"Group Key": ["nation.n_name"],"Plans": [{"Node Type": "Gather Merge","Parent Relationship": "Outer","Parallel Aware": false,"Async Capable": false,"Startup Cost": 21550.86,"Total Cost": 21564.54,"Plan Rows": 50,"Plan Width": 136,"Actual Startup Time": 825.726,"Actual Total Time": 858.579,"Actual Rows": 15,"Actual Loops": 1,"Workers Planned": 2,"Workers Launched": 2,"Plans": [{"Node Type": "Aggregate","Strategy": "Sorted","Partial Mode": "Partial","Parent Relationship": "Outer","Parallel Aware": false,"Async Capable": false,"Startup Cost": 20550.84,"Total Cost": 20558.75,"Plan Rows": 25,"Plan Width": 136,"Actual Startup Time": 818.223,"Actual Total Time": 818.980,"Actual Rows": 5,"Actual Loops": 3,"Group Key": ["nation.n_name"],"Workers": [],"Plans": [{"Node Type": "Sort","Parent Relationship": "Outer","Parallel Aware": false,"Async Capable": false,"Startup Cost": 20550.84,"Total Cost": 20552.36,"Plan Rows": 608,"Plan Width": 116,"Actual Startup Time": 818.011,"Actual Total Time": 818.145,"Actual Rows": 2489,"Actual Loops": 3,"Sort Key": ["nation.n_name"],"Sort Method": "quicksort","Sort Space Used": 294,"Sort Space Type": "Memory","Workers": [{"Worker Number": 0,"Sort Method": "quicksort","Sort Space Used": 286,"Sort Space Type": "Memory"},{"Worker Number": 1,"Sort Method": "quicksort","Sort Space Used": 292,"Sort Space Type": "Memory"}],"Plans": [{"Node Type": "Hash Join","Parent Relationship": "Outer","Parallel Aware": false,"Async Capable": false,"Join Type": "Inner","Startup Cost": 475.27,"Total Cost": 20522.72,"Plan Rows": 608,"Plan Width": 116,"Actual Startup Time": 11.840,"Actual Total Time": 816.555,"Actual Rows": 2489,"Actual Loops": 3,"Inner Unique": true,"Hash Cond": "((lineitem.l_suppkey = supplier.s_suppkey) AND (customer.c_nationkey = supplier.s_nationkey))","Workers": [],"Plans": [{"Node Type": "Nested Loop","Parent Relationship": "Outer","Parallel Aware": false,"Async Capable": false,"Join Type": "Inner","Startup Cost": 3.27,"Total Cost": 19970.84,"Plan Rows": 15215,"Plan Width": 128,"Actual Startup Time": 0.591,"Actual Total Time": 771.834,"Actual Rows": 60959,"Actual Loops": 3,"Inner Unique": false,"Workers": [],"Plans": [{"Node Type": "Nested Loop","Parent Relationship": "Outer","Parallel Aware": false,"Async Capable": false,"Join Type": "Inner","Startup Cost": 2.84,"Total Cost": 8414.26,"Plan Rows": 3803,"Plan Width": 116,"Actual Startup Time": 0.474,"Actual Total Time": 463.395,"Actual Rows": 15225,"Actual Loops": 3,"Inner Unique": false,"Workers": [],"Plans": [{"Node Type": "Hash Join","Parent Relationship": "Outer","Parallel Aware": false,"Async Capable": false,"Join Type": "Inner","Startup Cost": 2.41,"Total Cost": 4471.79,"Plan Rows": 2500,"Plan Width": 116,"Actual Startup Time": 0.230,"Actual Total Time": 58.477,"Actual Rows": 9984,"Actual Loops": 3,"Inner Unique": false,"Hash Cond": "(customer.c_nationkey = nation.n_nationkey)","Workers": [],"Plans": [{"Node Type": "Seq Scan","Parent Relationship": "Outer","Parallel Aware": true,"Async Capable": false,"Relation Name": "customer","Alias": "customer","Startup Cost": 0.00,"Total Cost": 4210.00,"Plan Rows": 62500,"Plan Width": 8,"Actual Startup Time": 0.016,"Actual Total Time": 10.057,"Actual Rows": 50000,"Actual Loops": 3,"Workers": []},{"Node Type": "Hash","Parent Relationship": "Inner","Parallel Aware": false,"Async Capable": false,"Startup Cost": 2.40,"Total Cost": 2.40,"Plan Rows": 1,"Plan Width": 108,"Actual Startup Time": 0.130,"Actual Total Time": 0.146,"Actual Rows": 5,"Actual Loops": 3,"Hash Buckets": 1024,"Original Hash Buckets": 1024,"Hash Batches": 1,"Original Hash Batches": 1,"Peak Memory Usage": 9,"Workers": [],"Plans": [{"Node Type": "Hash Join","Parent Relationship": "Outer","Parallel Aware": false,"Async Capable": false,"Join Type": "Inner","Startup Cost": 1.07,"Total Cost": 2.40,"Plan Rows": 1,"Plan Width": 108,"Actual Startup Time": 0.116,"Actual Total Time": 0.137,"Actual Rows": 5,"Actual Loops": 3,"Inner Unique": true,"Hash Cond": "(nation.n_regionkey = region.r_regionkey)","Workers": [],"Plans": [{"Node Type": "Seq Scan","Parent Relationship": "Outer","Parallel Aware": false,"Async Capable": false,"Relation Name": "nation","Alias": "nation","Startup Cost": 0.00,"Total Cost": 1.25,"Plan Rows": 25,"Plan Width": 112,"Actual Startup Time": 0.042,"Actual Total Time": 0.045,"Actual Rows": 25,"Actual Loops": 3,"Workers": []},{"Node Type": "Hash","Parent Relationship": "Inner","Parallel Aware": false,"Async Capable": false,"Startup Cost": 1.06,"Total Cost": 1.06,"Plan Rows": 1,"Plan Width": 4,"Actual Startup Time": 0.050,"Actual Total Time": 0.056,"Actual Rows": 1,"Actual Loops": 3,"Hash Buckets": 1024,"Original Hash Buckets": 1024,"Hash Batches": 1,"Original Hash Batches": 1,"Peak Memory Usage": 9,"Workers": [],"Plans": [{"Node Type": "Seq Scan","Parent Relationship": "Outer","Parallel Aware": false,"Async Capable": false,"Relation Name": "region","Alias": "region","Startup Cost": 0.00,"Total Cost": 1.06,"Plan Rows": 1,"Plan Width": 4,"Actual Startup Time": 0.038,"Actual Total Time": 0.040,"Actual Rows": 1,"Actual Loops": 3,"Filter": "(r_name = 'AMERICA'::bpchar)","Rows Removed by Filter": 4,"Workers": []}]}]}]}]},{"Node Type": "Index Scan","Parent Relationship": "Inner","Parallel Aware": false,"Async Capable": false,"Scan Direction": "Forward","Index Name": "idx_orders_custkey","Relation Name": "orders","Alias": "orders","Startup Cost": 0.43,"Total Cost": 1.55,"Plan Rows": 3,"Plan Width": 8,"Actual Startup Time": 0.017,"Actual Total Time": 0.040,"Actual Rows": 2,"Actual Loops": 29952,"Index Cond": "(o_custkey = customer.c_custkey)","Rows Removed by Index Recheck": 0,"Filter": "((o_orderdate >= '1997-01-01'::date) AND (o_orderdate < '1998-01-01 00:00:00'::timestamp without time zone))","Rows Removed by Filter": 8,"Workers": []}]},{"Node Type": "Index Scan","Parent Relationship": "Inner","Parallel Aware": false,"Async Capable": false,"Scan Direction": "Forward","Index Name": "idx_lineitem_orderkey","Relation Name": "lineitem","Alias": "lineitem","Startup Cost": 0.43,"Total Cost": 2.87,"Plan Rows": 17,"Plan Width": 20,"Actual Startup Time": 0.017,"Actual Total Time": 0.020,"Actual Rows": 4,"Actual Loops": 45676,"Index Cond": "(l_orderkey = orders.o_orderkey)","Rows Removed by Index Recheck": 0,"Workers": []}]},{"Node Type": "Hash","Parent Relationship": "Inner","Parallel Aware": false,"Async Capable": false,"Startup Cost": 322.00,"Total Cost": 322.00,"Plan Rows": 10000,"Plan Width": 8,"Actual Startup Time": 10.524,"Actual Total Time": 10.525,"Actual Rows": 10000,"Actual Loops": 3,"Hash Buckets": 16384,"Original Hash Buckets": 16384,"Hash Batches": 1,"Original Hash Batches": 1,"Peak Memory Usage": 519,"Workers": [],"Plans": [{"Node Type": "Seq Scan","Parent Relationship": "Outer","Parallel Aware": false,"Async Capable": false,"Relation Name": "supplier","Alias": "supplier","Startup Cost": 0.00,"Total Cost": 322.00,"Plan Rows": 10000,"Plan Width": 8,"Actual Startup Time": 0.042,"Actual Total Time": 8.814,"Actual Rows": 10000,"Actual Loops": 3,"Workers": []}]}]}]}]}]}]}]},"Planning Time": 10.085,"Triggers": [],"Execution Time": 859.237}]
[{"Plan": {"Node Type": "Sort","Parallel Aware": false,"Async Capable": false,"Startup Cost": 21565.81,"Total Cost": 21565.87,"Plan Rows": 25,"Plan Width": 136,"Actual Startup Time": 826.666,"Actual Total Time": 858.678,"Actual Rows": 5,"Actual Loops": 1,"Sort Key": ["(sum((lineitem.l_extendedprice * ('1'::numeric - lineitem.l_discount)))) DESC"],"Sort Method": "quicksort","Sort Space Used": 25,"Sort Space Type": "Memory","Plans": [{"Node Type": "Aggregate","Strategy": "Sorted","Partial Mode": "Finalize","Parent Relationship": "Outer","Parallel Aware": false,"Async Capable": false,"Startup Cost": 21550.86,"Total Cost": 21565.23,"Plan Rows": 25,"Plan Width": 136,"Actual Startup Time": 825.974,"Actual Total Time": 858.621,"Actual Rows": 5,"Actual Loops": 1,"Group Key": ["nation.n_name"],"Plans": [{"Node Type": "Gather Merge","Parent Relationship": "Outer","Parallel Aware": false,"Async Capable": false,"Startup Cost": 21550.86,"Total Cost": 21564.54,"Plan Rows": 50,"Plan Width": 136,"Actual Startup Time": 825.726,"Actual Total Time": 858.579,"Actual Rows": 15,"Actual Loops": 1,"Workers Planned": 2,"Workers Launched": 2,"Plans": [{"Node Type": "Aggregate","Strategy": "Sorted","Partial Mode": "Partial","Parent Relationship": "Outer","Parallel Aware": false,"Async Capable": false,"Startup Cost": 20550.84,"Total Cost": 20558.75,"Plan Rows": 25,"Plan Width": 136,"Actual Startup Time": 818.223,"Actual Total Time": 818.980,"Actual Rows": 5,"Actual Loops": 3,"Group Key": ["nation.n_name"],"Workers": [],"Plans": [{"Node Type": "Sort","Parent Relationship": "Outer","Parallel Aware": false,"Async Capable": false,"Startup Cost": 20550.84,"Total Cost": 20552.36,"Plan Rows": 608,"Plan Width": 116,"Actual Startup Time": 818.011,"Actual Total Time": 818.145,"Actual Rows": 2489,"Actual Loops": 3,"Sort Key": ["nation.n_name"],"Sort Method": "quicksort","Sort Space Used": 294,"Sort Space Type": "Memory","Workers": [{"Worker Number": 0,"Sort Method": "quicksort","Sort Space Used": 286,"Sort Space Type": "Memory"},{"Worker Number": 1,"Sort Method": "quicksort","Sort Space Used": 292,"Sort Space Type": "Memory"}],"Plans": [{"Node Type": "Hash Join","Parent Relationship": "Outer","Parallel Aware": false,"Async Capable": false,"Join Type": "Inner","Startup Cost": 475.27,"Total Cost": 20522.72,"Plan Rows": 608,"Plan Width": 116,"Actual Startup Time": 11.840,"Actual Total Time": 816.555,"Actual Rows": 2489,"Actual Loops": 3,"Inner Unique": true,"Hash Cond": "((lineitem.l_suppkey = supplier.s_suppkey) AND (customer.c_nationkey = supplier.s_nationkey))","Workers": [],"Plans": [{"Node Type": "Nested Loop","Parent Relationship": "Outer","Parallel Aware": false,"Async Capable": false,"Join Type": "Inner","Startup Cost": 3.27,"Total Cost": 19970.84,"Plan Rows": 15215,"Plan Width": 128,"Actual Startup Time": 0.591,"Actual Total Time": 771.834,"Actual Rows": 60959,"Actual Loops": 3,"Inner Unique": false,"Workers": [],"Plans": [{"Node Type": "Nested Loop","Parent Relationship": "Outer","Parallel Aware": false,"Async Capable": false,"Join Type": "Inner","Startup Cost": 2.84,"Total Cost": 8414.26,"Plan Rows": 3803,"Plan Width": 116,"Actual Startup Time": 0.474,"Actual Total Time": 463.395,"Actual Rows": 15225,"Actual Loops": 3,"Inner Unique": false,"Workers": [],"Plans": [{"Node Type": "Hash Join","Parent Relationship": "Outer","Parallel Aware": false,"Async Capable": false,"Join Type": "Inner","Startup Cost": 2.41,"Total Cost": 4471.79,"Plan Rows": 2500,"Plan Width": 116,"Actual Startup Time": 0.230,"Actual Total Time": 58.477,"Actual Rows": 9984,"Actual Loops": 3,"Inner Unique": false,"Hash Cond": "(customer.c_nationkey = nation.n_nationkey)","Workers": [],"Plans": [{"Node Type": "Seq Scan","Parent Relationship": "Outer","Parallel Aware": true,"Async Capable": false,"Relation Name": "customer","Alias": "customer","Startup Cost": 0.00,"Total Cost": 4210.00,"Plan Rows": 62500,"Plan Width": 8,"Actual Startup Time": 0.016,"Actual Total Time": 10.057,"Actual Rows": 50000,"Actual Loops": 3,"Workers": []},{"Node Type": "Hash","Parent Relationship": "Inner","Parallel Aware": false,"Async Capable": false,"Startup Cost": 2.40,"Total Cost": 2.40,"Plan Rows": 1,"Plan Width": 108,"Actual Startup Time": 0.130,"Actual Total Time": 0.146,"Actual Rows": 5,"Actual Loops": 3,"Hash Buckets": 1024,"Original Hash Buckets": 1024,"Hash Batches": 1,"Original Hash Batches": 1,"Peak Memory Usage": 9,"Workers": [],"Plans": [{"Node Type": "Hash Join","Parent Relationship": "Outer","Parallel Aware": false,"Async Capable": false,"Join Type": "Inner","Startup Cost": 1.07,"Total Cost": 2.40,"Plan Rows": 1,"Plan Width": 108,"Actual Startup Time": 0.116,"Actual Total Time": 0.137,"Actual Rows": 5,"Actual Loops": 3,"Inner Unique": true,"Hash Cond": "(nation.n_regionkey = region.r_regionkey)","Workers": [],"Plans": [{"Node Type": "Seq Scan","Parent Relationship": "Outer","Parallel Aware": false,"Async Capable": false,"Relation Name": "nation","Alias": "nation","Startup Cost": 0.00,"Total Cost": 1.25,"Plan Rows": 25,"Plan Width": 112,"Actual Startup Time": 0.042,"Actual Total Time": 0.045,"Actual Rows": 25,"Actual Loops": 3,"Workers": []},{"Node Type": "Hash","Parent Relationship": "Inner","Parallel Aware": false,"Async Capable": false,"Startup Cost": 1.06,"Total Cost": 1.06,"Plan Rows": 1,"Plan Width": 4,"Actual Startup Time": 0.050,"Actual Total Time": 0.056,"Actual Rows": 1,"Actual Loops": 3,"Hash Buckets": 1024,"Original Hash Buckets": 1024,"Hash Batches": 1,"Original Hash Batches": 1,"Peak Memory Usage": 9,"Workers": [],"Plans": [{"Node Type": "Seq Scan","Parent Relationship": "Outer","Parallel Aware": false,"Async Capable": false,"Relation Name": "region","Alias": "region","Startup Cost": 0.00,"Total Cost": 1.06,"Plan Rows": 1,"Plan Width": 4,"Actual Startup Time": 0.038,"Actual Total Time": 0.040,"Actual Rows": 1,"Actual Loops": 3,"Filter": "(r_name = 'AMERICA'::bpchar)","Rows Removed by Filter": 4,"Workers": []}]}]}]}]},{"Node Type": "Index Scan","Parent Relationship": "Inner","Parallel Aware": false,"Async Capable": false,"Scan Direction": "Forward","Index Name": "idx_orders_custkey","Relation Name": "orders","Alias": "orders","Startup Cost": 0.43,"Total Cost": 1.55,"Plan Rows": 3,"Plan Width": 8,"Actual Startup Time": 0.017,"Actual Total Time": 0.040,"Actual Rows": 2,"Actual Loops": 29952,"Index Cond": "(o_custkey = customer.c_custkey)","Rows Removed by Index Recheck": 0,"Filter": "((o_orderdate >= '1997-01-01'::date) AND (o_orderdate < '1998-01-01 00:00:00'::timestamp without time zone))","Rows Removed by Filter": 8,"Workers": []}]},{"Node Type": "Index Scan","Parent Relationship": "Inner","Parallel Aware": false,"Async Capable": false,"Scan Direction": "Forward","Index Name": "idx_lineitem_orderkey","Relation Name": "lineitem","Alias": "lineitem","Startup Cost": 0.43,"Total Cost": 2.87,"Plan Rows": 17,"Plan Width": 20,"Actual Startup Time": 0.017,"Actual Total Time": 0.020,"Actual Rows": 4,"Actual Loops": 45676,"Index Cond": "(l_orderkey = orders.o_orderkey)","Rows Removed by Index Recheck": 0,"Workers": []}]},{"Node Type": "Hash","Parent Relationship": "Inner","Parallel Aware": false,"Async Capable": false,"Startup Cost": 322.00,"Total Cost": 322.00,"Plan Rows": 10000,"Plan Width": 8,"Actual Startup Time": 10.524,"Actual Total Time": 10.525,"Actual Rows": 10000,"Actual Loops": 3,"Hash Buckets": 16384,"Original Hash Buckets": 16384,"Hash Batches": 1,"Original Hash Batches": 1,"Peak Memory Usage": 519,"Workers": [],"Plans": [{"Node Type": "Seq Scan","Parent Relationship": "Outer","Parallel Aware": false,"Async Capable": false,"Relation Name": "supplier","Alias": "supplier","Startup Cost": 0.00,"Total Cost": 322.00,"Plan Rows": 10000,"Plan Width": 8,"Actual Startup Time": 0.042,"Actual Total Time": 8.814,"Actual Rows": 10000,"Actual Loops": 3,"Workers": []}]}]}]}]}]}]}]},"Planning Time": 10.085,"Triggers": [],"Execution Time": 859.237}]
[{"Plan": {"Node Type": "Sort","Parallel Aware": false,"Async Capable": false,"Startup Cost": 21565.24,"Total Cost": 21565.30,"Plan Rows": 25,"Plan Width": 136,"Actual Startup Time": 809.309,"Actual Total Time": 841.501,"Actual Rows": 5,"Actual Loops": 1,"Sort Key": ["(sum((lineitem.l_extendedprice * ('1'::numeric - lineitem.l_discount)))) DESC"],"Sort Method": "quicksort","Sort Space Used": 25,"Sort Space Type": "Memory","Plans": [{"Node Type": "Aggregate","Strategy": "Sorted","Partial Mode": "Finalize","Parent Relationship": "Outer","Parallel Aware": false,"Async Capable": false,"Startup Cost": 21550.29,"Total Cost": 21564.66,"Plan Rows": 25,"Plan Width": 136,"Actual Startup Time": 808.678,"Actual Total Time": 841.457,"Actual Rows": 5,"Actual Loops": 1,"Group Key": ["nation.n_name"],"Plans": [{"Node Type": "Gather Merge","Parent Relationship": "Outer","Parallel Aware": false,"Async Capable": false,"Startup Cost": 21550.29,"Total Cost": 21563.97,"Plan Rows": 50,"Plan Width": 136,"Actual Startup Time": 808.243,"Actual Total Time": 841.406,"Actual Rows": 15,"Actual Loops": 1,"Workers Planned": 2,"Workers Launched": 2,"Plans": [{"Node Type": "Aggregate","Strategy": "Sorted","Partial Mode": "Partial","Parent Relationship": "Outer","Parallel Aware": false,"Async Capable": false,"Startup Cost": 20550.26,"Total Cost": 20558.18,"Plan Rows": 25,"Plan Width": 136,"Actual Startup Time": 800.586,"Actual Total Time": 801.383,"Actual Rows": 5,"Actual Loops": 3,"Group Key": ["nation.n_name"],"Workers": [],"Plans": [{"Node Type": "Sort","Parent Relationship": "Outer","Parallel Aware": false,"Async Capable": false,"Startup Cost": 20550.26,"Total Cost": 20551.78,"Plan Rows": 608,"Plan Width": 116,"Actual Startup Time": 800.370,"Actual Total Time": 800.511,"Actual Rows": 2409,"Actual Loops": 3,"Sort Key": ["nation.n_name"],"Sort Method": "quicksort","Sort Space Used": 290,"Sort Space Type": "Memory","Workers": [{"Worker Number": 0,"Sort Method": "quicksort","Sort Space Used": 281,"Sort Space Type": "Memory"},{"Worker Number": 1,"Sort Method": "quicksort","Sort Space Used": 283,"Sort Space Type": "Memory"}],"Plans": [{"Node Type": "Hash Join","Parent Relationship": "Outer","Parallel Aware": false,"Async Capable": false,"Join Type": "Inner","Startup Cost": 475.27,"Total Cost": 20522.15,"Plan Rows": 608,"Plan Width": 116,"Actual Startup Time": 14.807,"Actual Total Time": 798.884,"Actual Rows": 2409,"Actual Loops": 3,"Inner Unique": true,"Hash Cond": "((lineitem.l_suppkey = supplier.s_suppkey) AND (customer.c_nationkey = supplier.s_nationkey))","Workers": [],"Plans": [{"Node Type": "Nested Loop","Parent Relationship": "Outer","Parallel Aware": false,"Async Capable": false,"Join Type": "Inner","Startup Cost": 3.27,"Total Cost": 19970.29,"Plan Rows": 15211,"Plan Width": 128,"Actual Startup Time": 0.571,"Actual Total Time": 753.021,"Actual Rows": 60135,"Actual Loops": 3,"Inner Unique": false,"Workers": [],"Plans": [{"Node Type": "Nested Loop","Parent Relationship": "Outer","Parallel Aware": false,"Async Capable": false,"Join Type": "Inner","Startup Cost": 2.84,"Total Cost": 8414.26,"Plan Rows": 3802,"Plan Width": 116,"Actual Startup Time": 0.432,"Actual Total Time": 448.470,"Actual Rows": 15086,"Actual Loops": 3,"Inner Unique": false,"Workers": [],"Plans": [{"Node Type": "Hash Join","Parent Relationship": "Outer","Parallel Aware": false,"Async Capable": false,"Join Type": "Inner","Startup Cost": 2.41,"Total Cost": 4471.79,"Plan Rows": 2500,"Plan Width": 116,"Actual Startup Time": 0.234,"Actual Total Time": 55.967,"Actual Rows": 9968,"Actual Loops": 3,"Inner Unique": false,"Hash Cond": "(customer.c_nationkey = nation.n_nationkey)","Workers": [],"Plans": [{"Node Type": "Seq Scan","Parent Relationship": "Outer","Parallel Aware": true,"Async Capable": false,"Relation Name": "customer","Alias": "customer","Startup Cost": 0.00,"Total Cost": 4210.00,"Plan Rows": 62500,"Plan Width": 8,"Actual Startup Time": 0.014,"Actual Total Time": 9.575,"Actual Rows": 50000,"Actual Loops": 3,"Workers": []},{"Node Type": "Hash","Parent Relationship": "Inner","Parallel Aware": false,"Async Capable": false,"Startup Cost": 2.40,"Total Cost": 2.40,"Plan Rows": 1,"Plan Width": 108,"Actual Startup Time": 0.143,"Actual Total Time": 0.166,"Actual Rows": 5,"Actual Loops": 3,"Hash Buckets": 1024,"Original Hash Buckets": 1024,"Hash Batches": 1,"Original Hash Batches": 1,"Peak Memory Usage": 9,"Workers": [],"Plans": [{"Node Type": "Hash Join","Parent Relationship": "Outer","Parallel Aware": false,"Async Capable": false,"Join Type": "Inner","Startup Cost": 1.07,"Total Cost": 2.40,"Plan Rows": 1,"Plan Width": 108,"Actual Startup Time": 0.129,"Actual Total Time": 0.155,"Actual Rows": 5,"Actual Loops": 3,"Inner Unique": true,"Hash Cond": "(nation.n_regionkey = region.r_regionkey)","Workers": [],"Plans": [{"Node Type": "Seq Scan","Parent Relationship": "Outer","Parallel Aware": false,"Async Capable": false,"Relation Name": "nation","Alias": "nation","Startup Cost": 0.00,"Total Cost": 1.25,"Plan Rows": 25,"Plan Width": 112,"Actual Startup Time": 0.047,"Actual Total Time": 0.051,"Actual Rows": 25,"Actual Loops": 3,"Workers": []},{"Node Type": "Hash","Parent Relationship": "Inner","Parallel Aware": false,"Async Capable": false,"Startup Cost": 1.06,"Total Cost": 1.06,"Plan Rows": 1,"Plan Width": 4,"Actual Startup Time": 0.054,"Actual Total Time": 0.064,"Actual Rows": 1,"Actual Loops": 3,"Hash Buckets": 1024,"Original Hash Buckets": 1024,"Hash Batches": 1,"Original Hash Batches": 1,"Peak Memory Usage": 9,"Workers": [],"Plans": [{"Node Type": "Seq Scan","Parent Relationship": "Outer","Parallel Aware": false,"Async Capable": false,"Relation Name": "region","Alias": "region","Startup Cost": 0.00,"Total Cost": 1.06,"Plan Rows": 1,"Plan Width": 4,"Actual Startup Time": 0.039,"Actual Total Time": 0.041,"Actual Rows": 1,"Actual Loops": 3,"Filter": "(r_name = 'MIDDLE EAST'::bpchar)","Rows Removed by Filter": 4,"Workers": []}]}]}]}]},{"Node Type": "Index Scan","Parent Relationship": "Inner","Parallel Aware": false,"Async Capable": false,"Scan Direction": "Forward","Index Name": "idx_orders_custkey","Relation Name": "orders","Alias": "orders","Startup Cost": 0.43,"Total Cost": 1.55,"Plan Rows": 3,"Plan Width": 8,"Actual Startup Time": 0.017,"Actual Total Time": 0.039,"Actual Rows": 2,"Actual Loops": 29904,"Index Cond": "(o_custkey = customer.c_custkey)","Rows Removed by Index Recheck": 0,"Filter": "((o_orderdate >= '1995-01-01'::date) AND (o_orderdate < '1996-01-01 00:00:00'::timestamp without time zone))","Rows Removed by Filter": 8,"Workers": []}]},{"Node Type": "Index Scan","Parent Relationship": "Inner","Parallel Aware": false,"Async Capable": false,"Scan Direction": "Forward","Index Name": "idx_lineitem_orderkey","Relation Name": "lineitem","Alias": "lineitem","Startup Cost": 0.43,"Total Cost": 2.87,"Plan Rows": 17,"Plan Width": 20,"Actual Startup Time": 0.017,"Actual Total Time": 0.019,"Actual Rows": 4,"Actual Loops": 45257,"Index Cond": "(l_orderkey = orders.o_orderkey)","Rows Removed by Index Recheck": 0,"Workers": []}]},{"Node Type": "Hash","Parent Relationship": "Inner","Parallel Aware": false,"Async Capable": false,"Startup Cost": 322.00,"Total Cost": 322.00,"Plan Rows": 10000,"Plan Width": 8,"Actual Startup Time": 12.822,"Actual Total Time": 12.826,"Actual Rows": 10000,"Actual Loops": 3,"Hash Buckets": 16384,"Original Hash Buckets": 16384,"Hash Batches": 1,"Original Hash Batches": 1,"Peak Memory Usage": 519,"Workers": [],"Plans": [{"Node Type": "Seq Scan","Parent Relationship": "Outer","Parallel Aware": false,"Async Capable": false,"Relation Name": "supplier","Alias": "supplier","Startup Cost": 0.00,"Total Cost": 322.00,"Plan Rows": 10000,"Plan Width": 8,"Actual Startup Time": 0.044,"Actual Total Time": 11.057,"Actual Rows": 10000,"Actual Loops": 3,"Workers": []}]}]}]}]}]}]}]},"Planning Time": 10.537,"Triggers": [],"Execution Time": 841.938}]
[{"Plan": {"Node Type": "Sort","Parallel Aware": false,"Async Capable": false,"Startup Cost": 21612.43,"Total Cost": 21612.50,"Plan Rows": 25,"Plan Width": 136,"Actual Startup Time": 812.208,"Actual Total Time": 844.906,"Actual Rows": 5,"Actual Loops": 1,"Sort Key": ["(sum((lineitem.l_extendedprice * ('1'::numeric - lineitem.l_discount)))) DESC"],"Sort Method": "quicksort","Sort Space Used": 25,"Sort Space Type": "Memory","Plans": [{"Node Type": "Aggregate","Strategy": "Sorted","Partial Mode": "Finalize","Parent Relationship": "Outer","Parallel Aware": false,"Async Capable": false,"Startup Cost": 21597.38,"Total Cost": 21611.85,"Plan Rows": 25,"Plan Width": 136,"Actual Startup Time": 811.577,"Actual Total Time": 844.848,"Actual Rows": 5,"Actual Loops": 1,"Group Key": ["nation.n_name"],"Plans": [{"Node Type": "Gather Merge","Parent Relationship": "Outer","Parallel Aware": false,"Async Capable": false,"Startup Cost": 21597.38,"Total Cost": 21611.17,"Plan Rows": 50,"Plan Width": 136,"Actual Startup Time": 811.381,"Actual Total Time": 844.798,"Actual Rows": 15,"Actual Loops": 1,"Workers Planned": 2,"Workers Launched": 2,"Plans": [{"Node Type": "Aggregate","Strategy": "Sorted","Partial Mode": "Partial","Parent Relationship": "Outer","Parallel Aware": false,"Async Capable": false,"Startup Cost": 20597.36,"Total Cost": 20605.37,"Plan Rows": 25,"Plan Width": 136,"Actual Startup Time": 803.972,"Actual Total Time": 804.698,"Actual Rows": 5,"Actual Loops": 3,"Group Key": ["nation.n_name"],"Workers": [],"Plans": [{"Node Type": "Sort","Parent Relationship": "Outer","Parallel Aware": false,"Async Capable": false,"Startup Cost": 20597.36,"Total Cost": 20598.90,"Plan Rows": 616,"Plan Width": 116,"Actual Startup Time": 803.767,"Actual Total Time": 803.896,"Actual Rows": 2458,"Actual Loops": 3,"Sort Key": ["nation.n_name"],"Sort Method": "quicksort","Sort Space Used": 292,"Sort Space Type": "Memory","Workers": [{"Worker Number": 0,"Sort Method": "quicksort","Sort Space Used": 287,"Sort Space Type": "Memory"},{"Worker Number": 1,"Sort Method": "quicksort","Sort Space Used": 286,"Sort Space Type": "Memory"}],"Plans": [{"Node Type": "Hash Join","Parent Relationship": "Outer","Parallel Aware": false,"Async Capable": false,"Join Type": "Inner","Startup Cost": 475.27,"Total Cost": 20568.82,"Plan Rows": 616,"Plan Width": 116,"Actual Startup Time": 9.755,"Actual Total Time": 802.240,"Actual Rows": 2458,"Actual Loops": 3,"Inner Unique": true,"Hash Cond": "((lineitem.l_suppkey = supplier.s_suppkey) AND (customer.c_nationkey = supplier.s_nationkey))","Workers": [],"Plans": [{"Node Type": "Nested Loop","Parent Relationship": "Outer","Parallel Aware": false,"Async Capable": false,"Join Type": "Inner","Startup Cost": 3.27,"Total Cost": 20015.89,"Plan Rows": 15415,"Plan Width": 128,"Actual Startup Time": 0.708,"Actual Total Time": 760.379,"Actual Rows": 60417,"Actual Loops": 3,"Inner Unique": false,"Workers": [],"Plans": [{"Node Type": "Nested Loop","Parent Relationship": "Outer","Parallel Aware": false,"Async Capable": false,"Join Type": "Inner","Startup Cost": 2.84,"Total Cost": 8414.26,"Plan Rows": 3853,"Plan Width": 116,"Actual Startup Time": 0.563,"Actual Total Time": 454.038,"Actual Rows": 15112,"Actual Loops": 3,"Inner Unique": false,"Workers": [],"Plans": [{"Node Type": "Hash Join","Parent Relationship": "Outer","Parallel Aware": false,"Async Capable": false,"Join Type": "Inner","Startup Cost": 2.41,"Total Cost": 4471.79,"Plan Rows": 2500,"Plan Width": 116,"Actual Startup Time": 0.264,"Actual Total Time": 54.641,"Actual Rows": 9984,"Actual Loops": 3,"Inner Unique": false,"Hash Cond": "(customer.c_nationkey = nation.n_nationkey)","Workers": [],"Plans": [{"Node Type": "Seq Scan","Parent Relationship": "Outer","Parallel Aware": true,"Async Capable": false,"Relation Name": "customer","Alias": "customer","Startup Cost": 0.00,"Total Cost": 4210.00,"Plan Rows": 62500,"Plan Width": 8,"Actual Startup Time": 0.019,"Actual Total Time": 9.602,"Actual Rows": 50000,"Actual Loops": 3,"Workers": []},{"Node Type": "Hash","Parent Relationship": "Inner","Parallel Aware": false,"Async Capable": false,"Startup Cost": 2.40,"Total Cost": 2.40,"Plan Rows": 1,"Plan Width": 108,"Actual Startup Time": 0.143,"Actual Total Time": 0.163,"Actual Rows": 5,"Actual Loops": 3,"Hash Buckets": 1024,"Original Hash Buckets": 1024,"Hash Batches": 1,"Original Hash Batches": 1,"Peak Memory Usage": 9,"Workers": [],"Plans": [{"Node Type": "Hash Join","Parent Relationship": "Outer","Parallel Aware": false,"Async Capable": false,"Join Type": "Inner","Startup Cost": 1.07,"Total Cost": 2.40,"Plan Rows": 1,"Plan Width": 108,"Actual Startup Time": 0.129,"Actual Total Time": 0.153,"Actual Rows": 5,"Actual Loops": 3,"Inner Unique": true,"Hash Cond": "(nation.n_regionkey = region.r_regionkey)","Workers": [],"Plans": [{"Node Type": "Seq Scan","Parent Relationship": "Outer","Parallel Aware": false,"Async Capable": false,"Relation Name": "nation","Alias": "nation","Startup Cost": 0.00,"Total Cost": 1.25,"Plan Rows": 25,"Plan Width": 112,"Actual Startup Time": 0.046,"Actual Total Time": 0.051,"Actual Rows": 25,"Actual Loops": 3,"Workers": []},{"Node Type": "Hash","Parent Relationship": "Inner","Parallel Aware": false,"Async Capable": false,"Startup Cost": 1.06,"Total Cost": 1.06,"Plan Rows": 1,"Plan Width": 4,"Actual Startup Time": 0.053,"Actual Total Time": 0.059,"Actual Rows": 1,"Actual Loops": 3,"Hash Buckets": 1024,"Original Hash Buckets": 1024,"Hash Batches": 1,"Original Hash Batches": 1,"Peak Memory Usage": 9,"Workers": [],"Plans": [{"Node Type": "Seq Scan","Parent Relationship": "Outer","Parallel Aware": false,"Async Capable": false,"Relation Name": "region","Alias": "region","Startup Cost": 0.00,"Total Cost": 1.06,"Plan Rows": 1,"Plan Width": 4,"Actual Startup Time": 0.038,"Actual Total Time": 0.040,"Actual Rows": 1,"Actual Loops": 3,"Filter": "(r_name = 'AMERICA'::bpchar)","Rows Removed by Filter": 4,"Workers": []}]}]}]}]},{"Node Type": "Index Scan","Parent Relationship": "Inner","Parallel Aware": false,"Async Capable": false,"Scan Direction": "Forward","Index Name": "idx_orders_custkey","Relation Name": "orders","Alias": "orders","Startup Cost": 0.43,"Total Cost": 1.55,"Plan Rows": 3,"Plan Width": 8,"Actual Startup Time": 0.017,"Actual Total Time": 0.040,"Actual Rows": 2,"Actual Loops": 29952,"Index Cond": "(o_custkey = customer.c_custkey)","Rows Removed by Index Recheck": 0,"Filter": "((o_orderdate >= '1994-01-01'::date) AND (o_orderdate < '1995-01-01 00:00:00'::timestamp without time zone))","Rows Removed by Filter": 8,"Workers": []}]},{"Node Type": "Index Scan","Parent Relationship": "Inner","Parallel Aware": false,"Async Capable": false,"Scan Direction": "Forward","Index Name": "idx_lineitem_orderkey","Relation Name": "lineitem","Alias": "lineitem","Startup Cost": 0.43,"Total Cost": 2.84,"Plan Rows": 17,"Plan Width": 20,"Actual Startup Time": 0.017,"Actual Total Time": 0.020,"Actual Rows": 4,"Actual Loops": 45335,"Index Cond": "(l_orderkey = orders.o_orderkey)","Rows Removed by Index Recheck": 0,"Workers": []}]},{"Node Type": "Hash","Parent Relationship": "Inner","Parallel Aware": false,"Async Capable": false,"Startup Cost": 322.00,"Total Cost": 322.00,"Plan Rows": 10000,"Plan Width": 8,"Actual Startup Time": 8.509,"Actual Total Time": 8.512,"Actual Rows": 10000,"Actual Loops": 3,"Hash Buckets": 16384,"Original Hash Buckets": 16384,"Hash Batches": 1,"Original Hash Batches": 1,"Peak Memory Usage": 519,"Workers": [],"Plans": [{"Node Type": "Seq Scan","Parent Relationship": "Outer","Parallel Aware": false,"Async Capable": false,"Relation Name": "supplier","Alias": "supplier","Startup Cost": 0.00,"Total Cost": 322.00,"Plan Rows": 10000,"Plan Width": 8,"Actual Startup Time": 0.036,"Actual Total Time": 6.673,"Actual Rows": 10000,"Actual Loops": 3,"Workers": []}]}]}]}]}]}]}]},"Planning Time": 10.649,"Triggers": [],"Execution Time": 845.482}]
[{"Plan": {"Node Type": "Sort","Parallel Aware": false,"Async Capable": false,"Startup Cost": 21565.81,"Total Cost": 21565.87,"Plan Rows": 25,"Plan Width": 136,"Actual Startup Time": 826.666,"Actual Total Time": 858.678,"Actual Rows": 5,"Actual Loops": 1,"Sort Key": ["(sum((lineitem.l_extendedprice * ('1'::numeric - lineitem.l_discount)))) DESC"],"Sort Method": "quicksort","Sort Space Used": 25,"Sort Space Type": "Memory","Plans": [{"Node Type": "Aggregate","Strategy": "Sorted","Partial Mode": "Finalize","Parent Relationship": "Outer","Parallel Aware": false,"Async Capable": false,"Startup Cost": 21550.86,"Total Cost": 21565.23,"Plan Rows": 25,"Plan Width": 136,"Actual Startup Time": 825.974,"Actual Total Time": 858.621,"Actual Rows": 5,"Actual Loops": 1,"Group Key": ["nation.n_name"],"Plans": [{"Node Type": "Gather Merge","Parent Relationship": "Outer","Parallel Aware": false,"Async Capable": false,"Startup Cost": 21550.86,"Total Cost": 21564.54,"Plan Rows": 50,"Plan Width": 136,"Actual Startup Time": 825.726,"Actual Total Time": 858.579,"Actual Rows": 15,"Actual Loops": 1,"Workers Planned": 2,"Workers Launched": 2,"Plans": [{"Node Type": "Aggregate","Strategy": "Sorted","Partial Mode": "Partial","Parent Relationship": "Outer","Parallel Aware": false,"Async Capable": false,"Startup Cost": 20550.84,"Total Cost": 20558.75,"Plan Rows": 25,"Plan Width": 136,"Actual Startup Time": 818.223,"Actual Total Time": 818.980,"Actual Rows": 5,"Actual Loops": 3,"Group Key": ["nation.n_name"],"Workers": [],"Plans": [{"Node Type": "Sort","Parent Relationship": "Outer","Parallel Aware": false,"Async Capable": false,"Startup Cost": 20550.84,"Total Cost": 20552.36,"Plan Rows": 608,"Plan Width": 116,"Actual Startup Time": 818.011,"Actual Total Time": 818.145,"Actual Rows": 2489,"Actual Loops": 3,"Sort Key": ["nation.n_name"],"Sort Method": "quicksort","Sort Space Used": 294,"Sort Space Type": "Memory","Workers": [{"Worker Number": 0,"Sort Method": "quicksort","Sort Space Used": 286,"Sort Space Type": "Memory"},{"Worker Number": 1,"Sort Method": "quicksort","Sort Space Used": 292,"Sort Space Type": "Memory"}],"Plans": [{"Node Type": "Hash Join","Parent Relationship": "Outer","Parallel Aware": false,"Async Capable": false,"Join Type": "Inner","Startup Cost": 475.27,"Total Cost": 20522.72,"Plan Rows": 608,"Plan Width": 116,"Actual Startup Time": 11.840,"Actual Total Time": 816.555,"Actual Rows": 2489,"Actual Loops": 3,"Inner Unique": true,"Hash Cond": "((lineitem.l_suppkey = supplier.s_suppkey) AND (customer.c_nationkey = supplier.s_nationkey))","Workers": [],"Plans": [{"Node Type": "Nested Loop","Parent Relationship": "Outer","Parallel Aware": false,"Async Capable": false,"Join Type": "Inner","Startup Cost": 3.27,"Total Cost": 19970.84,"Plan Rows": 15215,"Plan Width": 128,"Actual Startup Time": 0.591,"Actual Total Time": 771.834,"Actual Rows": 60959,"Actual Loops": 3,"Inner Unique": false,"Workers": [],"Plans": [{"Node Type": "Nested Loop","Parent Relationship": "Outer","Parallel Aware": false,"Async Capable": false,"Join Type": "Inner","Startup Cost": 2.84,"Total Cost": 8414.26,"Plan Rows": 3803,"Plan Width": 116,"Actual Startup Time": 0.474,"Actual Total Time": 463.395,"Actual Rows": 15225,"Actual Loops": 3,"Inner Unique": false,"Workers": [],"Plans": [{"Node Type": "Hash Join","Parent Relationship": "Outer","Parallel Aware": false,"Async Capable": false,"Join Type": "Inner","Startup Cost": 2.41,"Total Cost": 4471.79,"Plan Rows": 2500,"Plan Width": 116,"Actual Startup Time": 0.230,"Actual Total Time": 58.477,"Actual Rows": 9984,"Actual Loops": 3,"Inner Unique": false,"Hash Cond": "(customer.c_nationkey = nation.n_nationkey)","Workers": [],"Plans": [{"Node Type": "Seq Scan","Parent Relationship": "Outer","Parallel Aware": true,"Async Capable": false,"Relation Name": "customer","Alias": "customer","Startup Cost": 0.00,"Total Cost": 4210.00,"Plan Rows": 62500,"Plan Width": 8,"Actual Startup Time": 0.016,"Actual Total Time": 10.057,"Actual Rows": 50000,"Actual Loops": 3,"Workers": []},{"Node Type": "Hash","Parent Relationship": "Inner","Parallel Aware": false,"Async Capable": false,"Startup Cost": 2.40,"Total Cost": 2.40,"Plan Rows": 1,"Plan Width": 108,"Actual Startup Time": 0.130,"Actual Total Time": 0.146,"Actual Rows": 5,"Actual Loops": 3,"Hash Buckets": 1024,"Original Hash Buckets": 1024,"Hash Batches": 1,"Original Hash Batches": 1,"Peak Memory Usage": 9,"Workers": [],"Plans": [{"Node Type": "Hash Join","Parent Relationship": "Outer","Parallel Aware": false,"Async Capable": false,"Join Type": "Inner","Startup Cost": 1.07,"Total Cost": 2.40,"Plan Rows": 1,"Plan Width": 108,"Actual Startup Time": 0.116,"Actual Total Time": 0.137,"Actual Rows": 5,"Actual Loops": 3,"Inner Unique": true,"Hash Cond": "(nation.n_regionkey = region.r_regionkey)","Workers": [],"Plans": [{"Node Type": "Seq Scan","Parent Relationship": "Outer","Parallel Aware": false,"Async Capable": false,"Relation Name": "nation","Alias": "nation","Startup Cost": 0.00,"Total Cost": 1.25,"Plan Rows": 25,"Plan Width": 112,"Actual Startup Time": 0.042,"Actual Total Time": 0.045,"Actual Rows": 25,"Actual Loops": 3,"Workers": []},{"Node Type": "Hash","Parent Relationship": "Inner","Parallel Aware": false,"Async Capable": false,"Startup Cost": 1.06,"Total Cost": 1.06,"Plan Rows": 1,"Plan Width": 4,"Actual Startup Time": 0.050,"Actual Total Time": 0.056,"Actual Rows": 1,"Actual Loops": 3,"Hash Buckets": 1024,"Original Hash Buckets": 1024,"Hash Batches": 1,"Original Hash Batches": 1,"Peak Memory Usage": 9,"Workers": [],"Plans": [{"Node Type": "Seq Scan","Parent Relationship": "Outer","Parallel Aware": false,"Async Capable": false,"Relation Name": "region","Alias": "region","Startup Cost": 0.00,"Total Cost": 1.06,"Plan Rows": 1,"Plan Width": 4,"Actual Startup Time": 0.038,"Actual Total Time": 0.040,"Actual Rows": 1,"Actual Loops": 3,"Filter": "(r_name = 'AMERICA'::bpchar)","Rows Removed by Filter": 4,"Workers": []}]}]}]}]},{"Node Type": "Index Scan","Parent Relationship": "Inner","Parallel Aware": false,"Async Capable": false,"Scan Direction": "Forward","Index Name": "idx_orders_custkey","Relation Name": "orders","Alias": "orders","Startup Cost": 0.43,"Total Cost": 1.55,"Plan Rows": 3,"Plan Width": 8,"Actual Startup Time": 0.017,"Actual Total Time": 0.040,"Actual Rows": 2,"Actual Loops": 29952,"Index Cond": "(o_custkey = customer.c_custkey)","Rows Removed by Index Recheck": 0,"Filter": "((o_orderdate >= '1997-01-01'::date) AND (o_orderdate < '1998-01-01 00:00:00'::timestamp without time zone))","Rows Removed by Filter": 8,"Workers": []}]},{"Node Type": "Index Scan","Parent Relationship": "Inner","Parallel Aware": false,"Async Capable": false,"Scan Direction": "Forward","Index Name": "idx_lineitem_orderkey","Relation Name": "lineitem","Alias": "lineitem","Startup Cost": 0.43,"Total Cost": 2.87,"Plan Rows": 17,"Plan Width": 20,"Actual Startup Time": 0.017,"Actual Total Time": 0.020,"Actual Rows": 4,"Actual Loops": 45676,"Index Cond": "(l_orderkey = orders.o_orderkey)","Rows Removed by Index Recheck": 0,"Workers": []}]},{"Node Type": "Hash","Parent Relationship": "Inner","Parallel Aware": false,"Async Capable": false,"Startup Cost": 322.00,"Total Cost": 322.00,"Plan Rows": 10000,"Plan Width": 8,"Actual Startup Time": 10.524,"Actual Total Time": 10.525,"Actual Rows": 10000,"Actual Loops": 3,"Hash Buckets": 16384,"Original Hash Buckets": 16384,"Hash Batches": 1,"Original Hash Batches": 1,"Peak Memory Usage": 519,"Workers": [],"Plans": [{"Node Type": "Seq Scan","Parent Relationship": "Outer","Parallel Aware": false,"Async Capable": false,"Relation Name": "supplier","Alias": "supplier","Startup Cost": 0.00,"Total Cost": 322.00,"Plan Rows": 10000,"Plan Width": 8,"Actual Startup Time": 0.042,"Actual Total Time": 8.814,"Actual Rows": 10000,"Actual Loops": 3,"Workers": []}]}]}]}]}]}]}]},"Planning Time": 10.085,"Triggers": [],"Execution Time": 859.237}]
[{"Plan": {"Node Type": "Sort","Parallel Aware": false,"Async Capable": false,"Startup Cost": 21565.81,"Total Cost": 21565.87,"Plan Rows": 25,"Plan Width": 136,"Actual Startup Time": 833.811,"Actual Total Time": 865.523,"Actual Rows": 5,"Actual Loops": 1,"Sort Key": ["(sum((lineitem.l_extendedprice * ('1'::numeric - lineitem.l_discount)))) DESC"],"Sort Method": "quicksort","Sort Space Used": 25,"Sort Space Type": "Memory","Plans": [{"Node Type": "Aggregate","Strategy": "Sorted","Partial Mode": "Finalize","Parent Relationship": "Outer","Parallel Aware": false,"Async Capable": false,"Startup Cost": 21550.86,"Total Cost": 21565.23,"Plan Rows": 25,"Plan Width": 136,"Actual Startup Time": 833.271,"Actual Total Time": 865.478,"Actual Rows": 5,"Actual Loops": 1,"Group Key": ["nation.n_name"],"Plans": [{"Node Type": "Gather Merge","Parent Relationship": "Outer","Parallel Aware": false,"Async Capable": false,"Startup Cost": 21550.86,"Total Cost": 21564.54,"Plan Rows": 50,"Plan Width": 136,"Actual Startup Time": 833.025,"Actual Total Time": 865.435,"Actual Rows": 15,"Actual Loops": 1,"Workers Planned": 2,"Workers Launched": 2,"Plans": [{"Node Type": "Aggregate","Strategy": "Sorted","Partial Mode": "Partial","Parent Relationship": "Outer","Parallel Aware": false,"Async Capable": false,"Startup Cost": 20550.84,"Total Cost": 20558.75,"Plan Rows": 25,"Plan Width": 136,"Actual Startup Time": 825.546,"Actual Total Time": 826.255,"Actual Rows": 5,"Actual Loops": 3,"Group Key": ["nation.n_name"],"Workers": [],"Plans": [{"Node Type": "Sort","Parent Relationship": "Outer","Parallel Aware": false,"Async Capable": false,"Startup Cost": 20550.84,"Total Cost": 20552.36,"Plan Rows": 608,"Plan Width": 116,"Actual Startup Time": 825.323,"Actual Total Time": 825.450,"Actual Rows": 2415,"Actual Loops": 3,"Sort Key": ["nation.n_name"],"Sort Method": "quicksort","Sort Space Used": 281,"Sort Space Type": "Memory","Workers": [{"Worker Number": 0,"Sort Method": "quicksort","Sort Space Used": 286,"Sort Space Type": "Memory"},{"Worker Number": 1,"Sort Method": "quicksort","Sort Space Used": 289,"Sort Space Type": "Memory"}],"Plans": [{"Node Type": "Hash Join","Parent Relationship": "Outer","Parallel Aware": false,"Async Capable": false,"Join Type": "Inner","Startup Cost": 475.27,"Total Cost": 20522.72,"Plan Rows": 608,"Plan Width": 116,"Actual Startup Time": 12.893,"Actual Total Time": 823.841,"Actual Rows": 2415,"Actual Loops": 3,"Inner Unique": true,"Hash Cond": "((lineitem.l_suppkey = supplier.s_suppkey) AND (customer.c_nationkey = supplier.s_nationkey))","Workers": [],"Plans": [{"Node Type": "Nested Loop","Parent Relationship": "Outer","Parallel Aware": false,"Async Capable": false,"Join Type": "Inner","Startup Cost": 3.27,"Total Cost": 19970.84,"Plan Rows": 15215,"Plan Width": 128,"Actual Startup Time": 0.809,"Actual Total Time": 777.035,"Actual Rows": 60714,"Actual Loops": 3,"Inner Unique": false,"Workers": [],"Plans": [{"Node Type": "Nested Loop","Parent Relationship": "Outer","Parallel Aware": false,"Async Capable": false,"Join Type": "Inner","Startup Cost": 2.84,"Total Cost": 8414.26,"Plan Rows": 3803,"Plan Width": 116,"Actual Startup Time": 0.660,"Actual Total Time": 471.667,"Actual Rows": 15226,"Actual Loops": 3,"Inner Unique": false,"Workers": [],"Plans": [{"Node Type": "Hash Join","Parent Relationship": "Outer","Parallel Aware": false,"Async Capable": false,"Join Type": "Inner","Startup Cost": 2.41,"Total Cost": 4471.79,"Plan Rows": 2500,"Plan Width": 116,"Actual Startup Time": 0.276,"Actual Total Time": 59.829,"Actual Rows": 10066,"Actual Loops": 3,"Inner Unique": false,"Hash Cond": "(customer.c_nationkey = nation.n_nationkey)","Workers": [],"Plans": [{"Node Type": "Seq Scan","Parent Relationship": "Outer","Parallel Aware": true,"Async Capable": false,"Relation Name": "customer","Alias": "customer","Startup Cost": 0.00,"Total Cost": 4210.00,"Plan Rows": 62500,"Plan Width": 8,"Actual Startup Time": 0.021,"Actual Total Time": 10.083,"Actual Rows": 50000,"Actual Loops": 3,"Workers": []},{"Node Type": "Hash","Parent Relationship": "Inner","Parallel Aware": false,"Async Capable": false,"Startup Cost": 2.40,"Total Cost": 2.40,"Plan Rows": 1,"Plan Width": 108,"Actual Startup Time": 0.154,"Actual Total Time": 0.171,"Actual Rows": 5,"Actual Loops": 3,"Hash Buckets": 1024,"Original Hash Buckets": 1024,"Hash Batches": 1,"Original Hash Batches": 1,"Peak Memory Usage": 9,"Workers": [],"Plans": [{"Node Type": "Hash Join","Parent Relationship": "Outer","Parallel Aware": false,"Async Capable": false,"Join Type": "Inner","Startup Cost": 1.07,"Total Cost": 2.40,"Plan Rows": 1,"Plan Width": 108,"Actual Startup Time": 0.139,"Actual Total Time": 0.162,"Actual Rows": 5,"Actual Loops": 3,"Inner Unique": true,"Hash Cond": "(nation.n_regionkey = region.r_regionkey)","Workers": [],"Plans": [{"Node Type": "Seq Scan","Parent Relationship": "Outer","Parallel Aware": false,"Async Capable": false,"Relation Name": "nation","Alias": "nation","Startup Cost": 0.00,"Total Cost": 1.25,"Plan Rows": 25,"Plan Width": 112,"Actual Startup Time": 0.051,"Actual Total Time": 0.055,"Actual Rows": 25,"Actual Loops": 3,"Workers": []},{"Node Type": "Hash","Parent Relationship": "Inner","Parallel Aware": false,"Async Capable": false,"Startup Cost": 1.06,"Total Cost": 1.06,"Plan Rows": 1,"Plan Width": 4,"Actual Startup Time": 0.057,"Actual Total Time": 0.063,"Actual Rows": 1,"Actual Loops": 3,"Hash Buckets": 1024,"Original Hash Buckets": 1024,"Hash Batches": 1,"Original Hash Batches": 1,"Peak Memory Usage": 9,"Workers": [],"Plans": [{"Node Type": "Seq Scan","Parent Relationship": "Outer","Parallel Aware": false,"Async Capable": false,"Relation Name": "region","Alias": "region","Startup Cost": 0.00,"Total Cost": 1.06,"Plan Rows": 1,"Plan Width": 4,"Actual Startup Time": 0.043,"Actual Total Time": 0.045,"Actual Rows": 1,"Actual Loops": 3,"Filter": "(r_name = 'EUROPE'::bpchar)","Rows Removed by Filter": 4,"Workers": []}]}]}]}]},{"Node Type": "Index Scan","Parent Relationship": "Inner","Parallel Aware": false,"Async Capable": false,"Scan Direction": "Forward","Index Name": "idx_orders_custkey","Relation Name": "orders","Alias": "orders","Startup Cost": 0.43,"Total Cost": 1.55,"Plan Rows": 3,"Plan Width": 8,"Actual Startup Time": 0.017,"Actual Total Time": 0.041,"Actual Rows": 2,"Actual Loops": 30197,"Index Cond": "(o_custkey = customer.c_custkey)","Rows Removed by Index Recheck": 0,"Filter": "((o_orderdate >= '1997-01-01'::date) AND (o_orderdate < '1998-01-01 00:00:00'::timestamp without time zone))","Rows Removed by Filter": 9,"Workers": []}]},{"Node Type": "Index Scan","Parent Relationship": "Inner","Parallel Aware": false,"Async Capable": false,"Scan Direction": "Forward","Index Name": "idx_lineitem_orderkey","Relation Name": "lineitem","Alias": "lineitem","Startup Cost": 0.43,"Total Cost": 2.87,"Plan Rows": 17,"Plan Width": 20,"Actual Startup Time": 0.017,"Actual Total Time": 0.019,"Actual Rows": 4,"Actual Loops": 45677,"Index Cond": "(l_orderkey = orders.o_orderkey)","Rows Removed by Index Recheck": 0,"Workers": []}]},{"Node Type": "Hash","Parent Relationship": "Inner","Parallel Aware": false,"Async Capable": false,"Startup Cost": 322.00,"Total Cost": 322.00,"Plan Rows": 10000,"Plan Width": 8,"Actual Startup Time": 11.560,"Actual Total Time": 11.566,"Actual Rows": 10000,"Actual Loops": 3,"Hash Buckets": 16384,"Original Hash Buckets": 16384,"Hash Batches": 1,"Original Hash Batches": 1,"Peak Memory Usage": 519,"Workers": [],"Plans": [{"Node Type": "Seq Scan","Parent Relationship": "Outer","Parallel Aware": false,"Async Capable": false,"Relation Name": "supplier","Alias": "supplier","Startup Cost": 0.00,"Total Cost": 322.00,"Plan Rows": 10000,"Plan Width": 8,"Actual Startup Time": 0.053,"Actual Total Time": 9.758,"Actual Rows": 10000,"Actual Loops": 3,"Workers": []}]}]}]}]}]}]}]},"Planning Time": 11.054,"Triggers": [],"Execution Time": 866.075}]
[{"Plan": {"Node Type": "Sort","Parallel Aware": false,"Async Capable": false,"Startup Cost": 21565.81,"Total Cost": 21565.87,"Plan Rows": 25,"Plan Width": 136,"Actual Startup Time": 812.189,"Actual Total Time": 842.359,"Actual Rows": 5,"Actual Loops": 1,"Sort Key": ["(sum((lineitem.l_extendedprice * ('1'::numeric - lineitem.l_discount)))) DESC"],"Sort Method": "quicksort","Sort Space Used": 25,"Sort Space Type": "Memory","Plans": [{"Node Type": "Aggregate","Strategy": "Sorted","Partial Mode": "Finalize","Parent Relationship": "Outer","Parallel Aware": false,"Async Capable": false,"Startup Cost": 21550.86,"Total Cost": 21565.23,"Plan Rows": 25,"Plan Width": 136,"Actual Startup Time": 811.599,"Actual Total Time": 842.311,"Actual Rows": 5,"Actual Loops": 1,"Group Key": ["nation.n_name"],"Plans": [{"Node Type": "Gather Merge","Parent Relationship": "Outer","Parallel Aware": false,"Async Capable": false,"Startup Cost": 21550.86,"Total Cost": 21564.54,"Plan Rows": 50,"Plan Width": 136,"Actual Startup Time": 811.323,"Actual Total Time": 842.254,"Actual Rows": 15,"Actual Loops": 1,"Workers Planned": 2,"Workers Launched": 2,"Plans": [{"Node Type": "Aggregate","Strategy": "Sorted","Partial Mode": "Partial","Parent Relationship": "Outer","Parallel Aware": false,"Async Capable": false,"Startup Cost": 20550.84,"Total Cost": 20558.75,"Plan Rows": 25,"Plan Width": 136,"Actual Startup Time": 803.769,"Actual Total Time": 804.515,"Actual Rows": 5,"Actual Loops": 3,"Group Key": ["nation.n_name"],"Workers": [],"Plans": [{"Node Type": "Sort","Parent Relationship": "Outer","Parallel Aware": false,"Async Capable": false,"Startup Cost": 20550.84,"Total Cost": 20552.36,"Plan Rows": 608,"Plan Width": 116,"Actual Startup Time": 803.552,"Actual Total Time": 803.687,"Actual Rows": 2453,"Actual Loops": 3,"Sort Key": ["nation.n_name"],"Sort Method": "quicksort","Sort Space Used": 291,"Sort Space Type": "Memory","Workers": [{"Worker Number": 0,"Sort Method": "quicksort","Sort Space Used": 289,"Sort Space Type": "Memory"},{"Worker Number": 1,"Sort Method": "quicksort","Sort Space Used": 285,"Sort Space Type": "Memory"}],"Plans": [{"Node Type": "Hash Join","Parent Relationship": "Outer","Parallel Aware": false,"Async Capable": false,"Join Type": "Inner","Startup Cost": 475.27,"Total Cost": 20522.72,"Plan Rows": 608,"Plan Width": 116,"Actual Startup Time": 16.360,"Actual Total Time": 802.078,"Actual Rows": 2453,"Actual Loops": 3,"Inner Unique": true,"Hash Cond": "((lineitem.l_suppkey = supplier.s_suppkey) AND (customer.c_nationkey = supplier.s_nationkey))","Workers": [],"Plans": [{"Node Type": "Nested Loop","Parent Relationship": "Outer","Parallel Aware": false,"Async Capable": false,"Join Type": "Inner","Startup Cost": 3.27,"Total Cost": 19970.84,"Plan Rows": 15215,"Plan Width": 128,"Actual Startup Time": 0.560,"Actual Total Time": 757.067,"Actual Rows": 60975,"Actual Loops": 3,"Inner Unique": false,"Workers": [],"Plans": [{"Node Type": "Nested Loop","Parent Relationship": "Outer","Parallel Aware": false,"Async Capable": false,"Join Type": "Inner","Startup Cost": 2.84,"Total Cost": 8414.26,"Plan Rows": 3803,"Plan Width": 116,"Actual Startup Time": 0.451,"Actual Total Time": 451.841,"Actual Rows": 15295,"Actual Loops": 3,"Inner Unique": false,"Workers": [],"Plans": [{"Node Type": "Hash Join","Parent Relationship": "Outer","Parallel Aware": false,"Async Capable": false,"Join Type": "Inner","Startup Cost": 2.41,"Total Cost": 4471.79,"Plan Rows": 2500,"Plan Width": 116,"Actual Startup Time": 0.247,"Actual Total Time": 55.129,"Actual Rows": 10061,"Actual Loops": 3,"Inner Unique": false,"Hash Cond": "(customer.c_nationkey = nation.n_nationkey)","Workers": [],"Plans": [{"Node Type": "Seq Scan","Parent Relationship": "Outer","Parallel Aware": true,"Async Capable": false,"Relation Name": "customer","Alias": "customer","Startup Cost": 0.00,"Total Cost": 4210.00,"Plan Rows": 62500,"Plan Width": 8,"Actual Startup Time": 0.010,"Actual Total Time": 9.469,"Actual Rows": 50000,"Actual Loops": 3,"Workers": []},{"Node Type": "Hash","Parent Relationship": "Inner","Parallel Aware": false,"Async Capable": false,"Startup Cost": 2.40,"Total Cost": 2.40,"Plan Rows": 1,"Plan Width": 108,"Actual Startup Time": 0.154,"Actual Total Time": 0.175,"Actual Rows": 5,"Actual Loops": 3,"Hash Buckets": 1024,"Original Hash Buckets": 1024,"Hash Batches": 1,"Original Hash Batches": 1,"Peak Memory Usage": 9,"Workers": [],"Plans": [{"Node Type": "Hash Join","Parent Relationship": "Outer","Parallel Aware": false,"Async Capable": false,"Join Type": "Inner","Startup Cost": 1.07,"Total Cost": 2.40,"Plan Rows": 1,"Plan Width": 108,"Actual Startup Time": 0.142,"Actual Total Time": 0.165,"Actual Rows": 5,"Actual Loops": 3,"Inner Unique": true,"Hash Cond": "(nation.n_regionkey = region.r_regionkey)","Workers": [],"Plans": [{"Node Type": "Seq Scan","Parent Relationship": "Outer","Parallel Aware": false,"Async Capable": false,"Relation Name": "nation","Alias": "nation","Startup Cost": 0.00,"Total Cost": 1.25,"Plan Rows": 25,"Plan Width": 112,"Actual Startup Time": 0.058,"Actual Total Time": 0.062,"Actual Rows": 25,"Actual Loops": 3,"Workers": []},{"Node Type": "Hash","Parent Relationship": "Inner","Parallel Aware": false,"Async Capable": false,"Startup Cost": 1.06,"Total Cost": 1.06,"Plan Rows": 1,"Plan Width": 4,"Actual Startup Time": 0.056,"Actual Total Time": 0.065,"Actual Rows": 1,"Actual Loops": 3,"Hash Buckets": 1024,"Original Hash Buckets": 1024,"Hash Batches": 1,"Original Hash Batches": 1,"Peak Memory Usage": 9,"Workers": [],"Plans": [{"Node Type": "Seq Scan","Parent Relationship": "Outer","Parallel Aware": false,"Async Capable": false,"Relation Name": "region","Alias": "region","Startup Cost": 0.00,"Total Cost": 1.06,"Plan Rows": 1,"Plan Width": 4,"Actual Startup Time": 0.045,"Actual Total Time": 0.048,"Actual Rows": 1,"Actual Loops": 3,"Filter": "(r_name = 'ASIA'::bpchar)","Rows Removed by Filter": 4,"Workers": []}]}]}]}]},{"Node Type": "Index Scan","Parent Relationship": "Inner","Parallel Aware": false,"Async Capable": false,"Scan Direction": "Forward","Index Name": "idx_orders_custkey","Relation Name": "orders","Alias": "orders","Startup Cost": 0.43,"Total Cost": 1.55,"Plan Rows": 3,"Plan Width": 8,"Actual Startup Time": 0.017,"Actual Total Time": 0.039,"Actual Rows": 2,"Actual Loops": 30183,"Index Cond": "(o_custkey = customer.c_custkey)","Rows Removed by Index Recheck": 0,"Filter": "((o_orderdate >= '1997-01-01'::date) AND (o_orderdate < '1998-01-01 00:00:00'::timestamp without time zone))","Rows Removed by Filter": 8,"Workers": []}]},{"Node Type": "Index Scan","Parent Relationship": "Inner","Parallel Aware": false,"Async Capable": false,"Scan Direction": "Forward","Index Name": "idx_lineitem_orderkey","Relation Name": "lineitem","Alias": "lineitem","Startup Cost": 0.43,"Total Cost": 2.87,"Plan Rows": 17,"Plan Width": 20,"Actual Startup Time": 0.017,"Actual Total Time": 0.019,"Actual Rows": 4,"Actual Loops": 45884,"Index Cond": "(l_orderkey = orders.o_orderkey)","Rows Removed by Index Recheck": 0,"Workers": []}]},{"Node Type": "Hash","Parent Relationship": "Inner","Parallel Aware": false,"Async Capable": false,"Startup Cost": 322.00,"Total Cost": 322.00,"Plan Rows": 10000,"Plan Width": 8,"Actual Startup Time": 13.288,"Actual Total Time": 13.293,"Actual Rows": 10000,"Actual Loops": 3,"Hash Buckets": 16384,"Original Hash Buckets": 16384,"Hash Batches": 1,"Original Hash Batches": 1,"Peak Memory Usage": 519,"Workers": [],"Plans": [{"Node Type": "Seq Scan","Parent Relationship": "Outer","Parallel Aware": false,"Async Capable": false,"Relation Name": "supplier","Alias": "supplier","Startup Cost": 0.00,"Total Cost": 322.00,"Plan Rows": 10000,"Plan Width": 8,"Actual Startup Time": 0.036,"Actual Total Time": 11.595,"Actual Rows": 10000,"Actual Loops": 3,"Workers": []}]}]}]}]}]}]}]},"Planning Time": 10.446,"Triggers": [],"Execution Time": 842.801}]
[{"Plan": {"Node Type": "Sort","Parallel Aware": false,"Async Capable": false,"Startup Cost": 21616.39,"Total Cost": 21616.45,"Plan Rows": 25,"Plan Width": 136,"Actual Startup Time": 802.725,"Actual Total Time": 834.940,"Actual Rows": 5,"Actual Loops": 1,"Sort Key": ["(sum((lineitem.l_extendedprice * ('1'::numeric - lineitem.l_discount)))) DESC"],"Sort Method": "quicksort","Sort Space Used": 25,"Sort Space Type": "Memory","Plans": [{"Node Type": "Aggregate","Strategy": "Sorted","Partial Mode": "Finalize","Parent Relationship": "Outer","Parallel Aware": false,"Async Capable": false,"Startup Cost": 21601.33,"Total Cost": 21615.81,"Plan Rows": 25,"Plan Width": 136,"Actual Startup Time": 802.089,"Actual Total Time": 834.889,"Actual Rows": 5,"Actual Loops": 1,"Group Key": ["nation.n_name"],"Plans": [{"Node Type": "Gather Merge","Parent Relationship": "Outer","Parallel Aware": false,"Async Capable": false,"Startup Cost": 21601.33,"Total Cost": 21615.12,"Plan Rows": 50,"Plan Width": 136,"Actual Startup Time": 801.869,"Actual Total Time": 834.838,"Actual Rows": 15,"Actual Loops": 1,"Workers Planned": 2,"Workers Launched": 2,"Plans": [{"Node Type": "Aggregate","Strategy": "Sorted","Partial Mode": "Partial","Parent Relationship": "Outer","Parallel Aware": false,"Async Capable": false,"Startup Cost": 20601.30,"Total Cost": 20609.33,"Plan Rows": 25,"Plan Width": 136,"Actual Startup Time": 794.218,"Actual Total Time": 794.940,"Actual Rows": 5,"Actual Loops": 3,"Group Key": ["nation.n_name"],"Workers": [],"Plans": [{"Node Type": "Sort","Parent Relationship": "Outer","Parallel Aware": false,"Async Capable": false,"Startup Cost": 20601.30,"Total Cost": 20602.85,"Plan Rows": 617,"Plan Width": 116,"Actual Startup Time": 793.996,"Actual Total Time": 794.120,"Actual Rows": 2469,"Actual Loops": 3,"Sort Key": ["nation.n_name"],"Sort Method": "quicksort","Sort Space Used": 296,"Sort Space Type": "Memory","Workers": [{"Worker Number": 0,"Sort Method": "quicksort","Sort Space Used": 284,"Sort Space Type": "Memory"},{"Worker Number": 1,"Sort Method": "quicksort","Sort Space Used": 288,"Sort Space Type": "Memory"}],"Plans": [{"Node Type": "Hash Join","Parent Relationship": "Outer","Parallel Aware": false,"Async Capable": false,"Join Type": "Inner","Startup Cost": 475.27,"Total Cost": 20572.71,"Plan Rows": 617,"Plan Width": 116,"Actual Startup Time": 14.848,"Actual Total Time": 792.432,"Actual Rows": 2469,"Actual Loops": 3,"Inner Unique": true,"Hash Cond": "((lineitem.l_suppkey = supplier.s_suppkey) AND (customer.c_nationkey = supplier.s_nationkey))","Workers": [],"Plans": [{"Node Type": "Nested Loop","Parent Relationship": "Outer","Parallel Aware": false,"Async Capable": false,"Join Type": "Inner","Startup Cost": 3.27,"Total Cost": 20019.70,"Plan Rows": 15431,"Plan Width": 128,"Actual Startup Time": 0.724,"Actual Total Time": 746.203,"Actual Rows": 60646,"Actual Loops": 3,"Inner Unique": false,"Workers": [],"Plans": [{"Node Type": "Nested Loop","Parent Relationship": "Outer","Parallel Aware": false,"Async Capable": false,"Join Type": "Inner","Startup Cost": 2.84,"Total Cost": 8414.26,"Plan Rows": 3857,"Plan Width": 116,"Actual Startup Time": 0.603,"Actual Total Time": 446.704,"Actual Rows": 15077,"Actual Loops": 3,"Inner Unique": false,"Workers": [],"Plans": [{"Node Type": "Hash Join","Parent Relationship": "Outer","Parallel Aware": false,"Async Capable": false,"Join Type": "Inner","Startup Cost": 2.41,"Total Cost": 4471.79,"Plan Rows": 2500,"Plan Width": 116,"Actual Startup Time": 0.232,"Actual Total Time": 54.148,"Actual Rows": 9968,"Actual Loops": 3,"Inner Unique": false,"Hash Cond": "(customer.c_nationkey = nation.n_nationkey)","Workers": [],"Plans": [{"Node Type": "Seq Scan","Parent Relationship": "Outer","Parallel Aware": true,"Async Capable": false,"Relation Name": "customer","Alias": "customer","Startup Cost": 0.00,"Total Cost": 4210.00,"Plan Rows": 62500,"Plan Width": 8,"Actual Startup Time": 0.016,"Actual Total Time": 9.432,"Actual Rows": 50000,"Actual Loops": 3,"Workers": []},{"Node Type": "Hash","Parent Relationship": "Inner","Parallel Aware": false,"Async Capable": false,"Startup Cost": 2.40,"Total Cost": 2.40,"Plan Rows": 1,"Plan Width": 108,"Actual Startup Time": 0.135,"Actual Total Time": 0.148,"Actual Rows": 5,"Actual Loops": 3,"Hash Buckets": 1024,"Original Hash Buckets": 1024,"Hash Batches": 1,"Original Hash Batches": 1,"Peak Memory Usage": 9,"Workers": [],"Plans": [{"Node Type": "Hash Join","Parent Relationship": "Outer","Parallel Aware": false,"Async Capable": false,"Join Type": "Inner","Startup Cost": 1.07,"Total Cost": 2.40,"Plan Rows": 1,"Plan Width": 108,"Actual Startup Time": 0.120,"Actual Total Time": 0.140,"Actual Rows": 5,"Actual Loops": 3,"Inner Unique": true,"Hash Cond": "(nation.n_regionkey = region.r_regionkey)","Workers": [],"Plans": [{"Node Type": "Seq Scan","Parent Relationship": "Outer","Parallel Aware": false,"Async Capable": false,"Relation Name": "nation","Alias": "nation","Startup Cost": 0.00,"Total Cost": 1.25,"Plan Rows": 25,"Plan Width": 112,"Actual Startup Time": 0.048,"Actual Total Time": 0.052,"Actual Rows": 25,"Actual Loops": 3,"Workers": []},{"Node Type": "Hash","Parent Relationship": "Inner","Parallel Aware": false,"Async Capable": false,"Startup Cost": 1.06,"Total Cost": 1.06,"Plan Rows": 1,"Plan Width": 4,"Actual Startup Time": 0.046,"Actual Total Time": 0.050,"Actual Rows": 1,"Actual Loops": 3,"Hash Buckets": 1024,"Original Hash Buckets": 1024,"Hash Batches": 1,"Original Hash Batches": 1,"Peak Memory Usage": 9,"Workers": [],"Plans": [{"Node Type": "Seq Scan","Parent Relationship": "Outer","Parallel Aware": false,"Async Capable": false,"Relation Name": "region","Alias": "region","Startup Cost": 0.00,"Total Cost": 1.06,"Plan Rows": 1,"Plan Width": 4,"Actual Startup Time": 0.033,"Actual Total Time": 0.035,"Actual Rows": 1,"Actual Loops": 3,"Filter": "(r_name = 'MIDDLE EAST'::bpchar)","Rows Removed by Filter": 4,"Workers": []}]}]}]}]},{"Node Type": "Index Scan","Parent Relationship": "Inner","Parallel Aware": false,"Async Capable": false,"Scan Direction": "Forward","Index Name": "idx_orders_custkey","Relation Name": "orders","Alias": "orders","Startup Cost": 0.43,"Total Cost": 1.55,"Plan Rows": 3,"Plan Width": 8,"Actual Startup Time": 0.017,"Actual Total Time": 0.039,"Actual Rows": 2,"Actual Loops": 29904,"Index Cond": "(o_custkey = customer.c_custkey)","Rows Removed by Index Recheck": 0,"Filter": "((o_orderdate >= '1996-01-01'::date) AND (o_orderdate < '1997-01-01 00:00:00'::timestamp without time zone))","Rows Removed by Filter": 8,"Workers": []}]},{"Node Type": "Index Scan","Parent Relationship": "Inner","Parallel Aware": false,"Async Capable": false,"Scan Direction": "Forward","Index Name": "idx_lineitem_orderkey","Relation Name": "lineitem","Alias": "lineitem","Startup Cost": 0.43,"Total Cost": 2.84,"Plan Rows": 17,"Plan Width": 20,"Actual Startup Time": 0.016,"Actual Total Time": 0.019,"Actual Rows": 4,"Actual Loops": 45231,"Index Cond": "(l_orderkey = orders.o_orderkey)","Rows Removed by Index Recheck": 0,"Workers": []}]},{"Node Type": "Hash","Parent Relationship": "Inner","Parallel Aware": false,"Async Capable": false,"Startup Cost": 322.00,"Total Cost": 322.00,"Plan Rows": 10000,"Plan Width": 8,"Actual Startup Time": 13.111,"Actual Total Time": 13.116,"Actual Rows": 10000,"Actual Loops": 3,"Hash Buckets": 16384,"Original Hash Buckets": 16384,"Hash Batches": 1,"Original Hash Batches": 1,"Peak Memory Usage": 519,"Workers": [],"Plans": [{"Node Type": "Seq Scan","Parent Relationship": "Outer","Parallel Aware": false,"Async Capable": false,"Relation Name": "supplier","Alias": "supplier","Startup Cost": 0.00,"Total Cost": 322.00,"Plan Rows": 10000,"Plan Width": 8,"Actual Startup Time": 0.041,"Actual Total Time": 11.446,"Actual Rows": 10000,"Actual Loops": 3,"Workers": []}]}]}]}]}]}]}]},"Planning Time": 10.334,"Triggers": [],"Execution Time": 835.373}]
[{"Plan": {"Node Type": "Sort","Parallel Aware": false,"Async Capable": false,"Startup Cost": 21616.39,"Total Cost": 21616.45,"Plan Rows": 25,"Plan Width": 136,"Actual Startup Time": 802.725,"Actual Total Time": 834.940,"Actual Rows": 5,"Actual Loops": 1,"Sort Key": ["(sum((lineitem.l_extendedprice * ('1'::numeric - lineitem.l_discount)))) DESC"],"Sort Method": "quicksort","Sort Space Used": 25,"Sort Space Type": "Memory","Plans": [{"Node Type": "Aggregate","Strategy": "Sorted","Partial Mode": "Finalize","Parent Relationship": "Outer","Parallel Aware": false,"Async Capable": false,"Startup Cost": 21601.33,"Total Cost": 21615.81,"Plan Rows": 25,"Plan Width": 136,"Actual Startup Time": 802.089,"Actual Total Time": 834.889,"Actual Rows": 5,"Actual Loops": 1,"Group Key": ["nation.n_name"],"Plans": [{"Node Type": "Gather Merge","Parent Relationship": "Outer","Parallel Aware": false,"Async Capable": false,"Startup Cost": 21601.33,"Total Cost": 21615.12,"Plan Rows": 50,"Plan Width": 136,"Actual Startup Time": 801.869,"Actual Total Time": 834.838,"Actual Rows": 15,"Actual Loops": 1,"Workers Planned": 2,"Workers Launched": 2,"Plans": [{"Node Type": "Aggregate","Strategy": "Sorted","Partial Mode": "Partial","Parent Relationship": "Outer","Parallel Aware": false,"Async Capable": false,"Startup Cost": 20601.30,"Total Cost": 20609.33,"Plan Rows": 25,"Plan Width": 136,"Actual Startup Time": 794.218,"Actual Total Time": 794.940,"Actual Rows": 5,"Actual Loops": 3,"Group Key": ["nation.n_name"],"Workers": [],"Plans": [{"Node Type": "Sort","Parent Relationship": "Outer","Parallel Aware": false,"Async Capable": false,"Startup Cost": 20601.30,"Total Cost": 20602.85,"Plan Rows": 617,"Plan Width": 116,"Actual Startup Time": 793.996,"Actual Total Time": 794.120,"Actual Rows": 2469,"Actual Loops": 3,"Sort Key": ["nation.n_name"],"Sort Method": "quicksort","Sort Space Used": 296,"Sort Space Type": "Memory","Workers": [{"Worker Number": 0,"Sort Method": "quicksort","Sort Space Used": 284,"Sort Space Type": "Memory"},{"Worker Number": 1,"Sort Method": "quicksort","Sort Space Used": 288,"Sort Space Type": "Memory"}],"Plans": [{"Node Type": "Hash Join","Parent Relationship": "Outer","Parallel Aware": false,"Async Capable": false,"Join Type": "Inner","Startup Cost": 475.27,"Total Cost": 20572.71,"Plan Rows": 617,"Plan Width": 116,"Actual Startup Time": 14.848,"Actual Total Time": 792.432,"Actual Rows": 2469,"Actual Loops": 3,"Inner Unique": true,"Hash Cond": "((lineitem.l_suppkey = supplier.s_suppkey) AND (customer.c_nationkey = supplier.s_nationkey))","Workers": [],"Plans": [{"Node Type": "Nested Loop","Parent Relationship": "Outer","Parallel Aware": false,"Async Capable": false,"Join Type": "Inner","Startup Cost": 3.27,"Total Cost": 20019.70,"Plan Rows": 15431,"Plan Width": 128,"Actual Startup Time": 0.724,"Actual Total Time": 746.203,"Actual Rows": 60646,"Actual Loops": 3,"Inner Unique": false,"Workers": [],"Plans": [{"Node Type": "Nested Loop","Parent Relationship": "Outer","Parallel Aware": false,"Async Capable": false,"Join Type": "Inner","Startup Cost": 2.84,"Total Cost": 8414.26,"Plan Rows": 3857,"Plan Width": 116,"Actual Startup Time": 0.603,"Actual Total Time": 446.704,"Actual Rows": 15077,"Actual Loops": 3,"Inner Unique": false,"Workers": [],"Plans": [{"Node Type": "Hash Join","Parent Relationship": "Outer","Parallel Aware": false,"Async Capable": false,"Join Type": "Inner","Startup Cost": 2.41,"Total Cost": 4471.79,"Plan Rows": 2500,"Plan Width": 116,"Actual Startup Time": 0.232,"Actual Total Time": 54.148,"Actual Rows": 9968,"Actual Loops": 3,"Inner Unique": false,"Hash Cond": "(customer.c_nationkey = nation.n_nationkey)","Workers": [],"Plans": [{"Node Type": "Seq Scan","Parent Relationship": "Outer","Parallel Aware": true,"Async Capable": false,"Relation Name": "customer","Alias": "customer","Startup Cost": 0.00,"Total Cost": 4210.00,"Plan Rows": 62500,"Plan Width": 8,"Actual Startup Time": 0.016,"Actual Total Time": 9.432,"Actual Rows": 50000,"Actual Loops": 3,"Workers": []},{"Node Type": "Hash","Parent Relationship": "Inner","Parallel Aware": false,"Async Capable": false,"Startup Cost": 2.40,"Total Cost": 2.40,"Plan Rows": 1,"Plan Width": 108,"Actual Startup Time": 0.135,"Actual Total Time": 0.148,"Actual Rows": 5,"Actual Loops": 3,"Hash Buckets": 1024,"Original Hash Buckets": 1024,"Hash Batches": 1,"Original Hash Batches": 1,"Peak Memory Usage": 9,"Workers": [],"Plans": [{"Node Type": "Hash Join","Parent Relationship": "Outer","Parallel Aware": false,"Async Capable": false,"Join Type": "Inner","Startup Cost": 1.07,"Total Cost": 2.40,"Plan Rows": 1,"Plan Width": 108,"Actual Startup Time": 0.120,"Actual Total Time": 0.140,"Actual Rows": 5,"Actual Loops": 3,"Inner Unique": true,"Hash Cond": "(nation.n_regionkey = region.r_regionkey)","Workers": [],"Plans": [{"Node Type": "Seq Scan","Parent Relationship": "Outer","Parallel Aware": false,"Async Capable": false,"Relation Name": "nation","Alias": "nation","Startup Cost": 0.00,"Total Cost": 1.25,"Plan Rows": 25,"Plan Width": 112,"Actual Startup Time": 0.048,"Actual Total Time": 0.052,"Actual Rows": 25,"Actual Loops": 3,"Workers": []},{"Node Type": "Hash","Parent Relationship": "Inner","Parallel Aware": false,"Async Capable": false,"Startup Cost": 1.06,"Total Cost": 1.06,"Plan Rows": 1,"Plan Width": 4,"Actual Startup Time": 0.046,"Actual Total Time": 0.050,"Actual Rows": 1,"Actual Loops": 3,"Hash Buckets": 1024,"Original Hash Buckets": 1024,"Hash Batches": 1,"Original Hash Batches": 1,"Peak Memory Usage": 9,"Workers": [],"Plans": [{"Node Type": "Seq Scan","Parent Relationship": "Outer","Parallel Aware": false,"Async Capable": false,"Relation Name": "region","Alias": "region","Startup Cost": 0.00,"Total Cost": 1.06,"Plan Rows": 1,"Plan Width": 4,"Actual Startup Time": 0.033,"Actual Total Time": 0.035,"Actual Rows": 1,"Actual Loops": 3,"Filter": "(r_name = 'MIDDLE EAST'::bpchar)","Rows Removed by Filter": 4,"Workers": []}]}]}]}]},{"Node Type": "Index Scan","Parent Relationship": "Inner","Parallel Aware": false,"Async Capable": false,"Scan Direction": "Forward","Index Name": "idx_orders_custkey","Relation Name": "orders","Alias": "orders","Startup Cost": 0.43,"Total Cost": 1.55,"Plan Rows": 3,"Plan Width": 8,"Actual Startup Time": 0.017,"Actual Total Time": 0.039,"Actual Rows": 2,"Actual Loops": 29904,"Index Cond": "(o_custkey = customer.c_custkey)","Rows Removed by Index Recheck": 0,"Filter": "((o_orderdate >= '1996-01-01'::date) AND (o_orderdate < '1997-01-01 00:00:00'::timestamp without time zone))","Rows Removed by Filter": 8,"Workers": []}]},{"Node Type": "Index Scan","Parent Relationship": "Inner","Parallel Aware": false,"Async Capable": false,"Scan Direction": "Forward","Index Name": "idx_lineitem_orderkey","Relation Name": "lineitem","Alias": "lineitem","Startup Cost": 0.43,"Total Cost": 2.84,"Plan Rows": 17,"Plan Width": 20,"Actual Startup Time": 0.016,"Actual Total Time": 0.019,"Actual Rows": 4,"Actual Loops": 45231,"Index Cond": "(l_orderkey = orders.o_orderkey)","Rows Removed by Index Recheck": 0,"Workers": []}]},{"Node Type": "Hash","Parent Relationship": "Inner","Parallel Aware": false,"Async Capable": false,"Startup Cost": 322.00,"Total Cost": 322.00,"Plan Rows": 10000,"Plan Width": 8,"Actual Startup Time": 13.111,"Actual Total Time": 13.116,"Actual Rows": 10000,"Actual Loops": 3,"Hash Buckets": 16384,"Original Hash Buckets": 16384,"Hash Batches": 1,"Original Hash Batches": 1,"Peak Memory Usage": 519,"Workers": [],"Plans": [{"Node Type": "Seq Scan","Parent Relationship": "Outer","Parallel Aware": false,"Async Capable": false,"Relation Name": "supplier","Alias": "supplier","Startup Cost": 0.00,"Total Cost": 322.00,"Plan Rows": 10000,"Plan Width": 8,"Actual Startup Time": 0.041,"Actual Total Time": 11.446,"Actual Rows": 10000,"Actual Loops": 3,"Workers": []}]}]}]}]}]}]}]},"Planning Time": 10.334,"Triggers": [],"Execution Time": 835.373}]
[{"Plan": {"Node Type": "Sort","Parallel Aware": false,"Async Capable": false,"Startup Cost": 21612.43,"Total Cost": 21612.50,"Plan Rows": 25,"Plan Width": 136,"Actual Startup Time": 869.393,"Actual Total Time": 902.560,"Actual Rows": 5,"Actual Loops": 1,"Sort Key": ["(sum((lineitem.l_extendedprice * ('1'::numeric - lineitem.l_discount)))) DESC"],"Sort Method": "quicksort","Sort Space Used": 25,"Sort Space Type": "Memory","Plans": [{"Node Type": "Aggregate","Strategy": "Sorted","Partial Mode": "Finalize","Parent Relationship": "Outer","Parallel Aware": false,"Async Capable": false,"Startup Cost": 21597.38,"Total Cost": 21611.85,"Plan Rows": 25,"Plan Width": 136,"Actual Startup Time": 868.803,"Actual Total Time": 902.507,"Actual Rows": 5,"Actual Loops": 1,"Group Key": ["nation.n_name"],"Plans": [{"Node Type": "Gather Merge","Parent Relationship": "Outer","Parallel Aware": false,"Async Capable": false,"Startup Cost": 21597.38,"Total Cost": 21611.17,"Plan Rows": 50,"Plan Width": 136,"Actual Startup Time": 868.587,"Actual Total Time": 902.449,"Actual Rows": 15,"Actual Loops": 1,"Workers Planned": 2,"Workers Launched": 2,"Plans": [{"Node Type": "Aggregate","Strategy": "Sorted","Partial Mode": "Partial","Parent Relationship": "Outer","Parallel Aware": false,"Async Capable": false,"Startup Cost": 20597.36,"Total Cost": 20605.37,"Plan Rows": 25,"Plan Width": 136,"Actual Startup Time": 861.245,"Actual Total Time": 861.945,"Actual Rows": 5,"Actual Loops": 3,"Group Key": ["nation.n_name"],"Workers": [],"Plans": [{"Node Type": "Sort","Parent Relationship": "Outer","Parallel Aware": false,"Async Capable": false,"Startup Cost": 20597.36,"Total Cost": 20598.90,"Plan Rows": 616,"Plan Width": 116,"Actual Startup Time": 861.036,"Actual Total Time": 861.162,"Actual Rows": 2414,"Actual Loops": 3,"Sort Key": ["nation.n_name"],"Sort Method": "quicksort","Sort Space Used": 290,"Sort Space Type": "Memory","Workers": [{"Worker Number": 0,"Sort Method": "quicksort","Sort Space Used": 286,"Sort Space Type": "Memory"},{"Worker Number": 1,"Sort Method": "quicksort","Sort Space Used": 280,"Sort Space Type": "Memory"}],"Plans": [{"Node Type": "Hash Join","Parent Relationship": "Outer","Parallel Aware": false,"Async Capable": false,"Join Type": "Inner","Startup Cost": 475.27,"Total Cost": 20568.82,"Plan Rows": 616,"Plan Width": 116,"Actual Startup Time": 8.997,"Actual Total Time": 859.532,"Actual Rows": 2414,"Actual Loops": 3,"Inner Unique": true,"Hash Cond": "((lineitem.l_suppkey = supplier.s_suppkey) AND (customer.c_nationkey = supplier.s_nationkey))","Workers": [],"Plans": [{"Node Type": "Nested Loop","Parent Relationship": "Outer","Parallel Aware": false,"Async Capable": false,"Join Type": "Inner","Startup Cost": 3.27,"Total Cost": 20015.89,"Plan Rows": 15415,"Plan Width": 128,"Actual Startup Time": 0.541,"Actual Total Time": 809.441,"Actual Rows": 61361,"Actual Loops": 3,"Inner Unique": false,"Workers": [],"Plans": [{"Node Type": "Nested Loop","Parent Relationship": "Outer","Parallel Aware": false,"Async Capable": false,"Join Type": "Inner","Startup Cost": 2.84,"Total Cost": 8414.26,"Plan Rows": 3853,"Plan Width": 116,"Actual Startup Time": 0.418,"Actual Total Time": 486.368,"Actual Rows": 15336,"Actual Loops": 3,"Inner Unique": false,"Workers": [],"Plans": [{"Node Type": "Hash Join","Parent Relationship": "Outer","Parallel Aware": false,"Async Capable": false,"Join Type": "Inner","Startup Cost": 2.41,"Total Cost": 4471.79,"Plan Rows": 2500,"Plan Width": 116,"Actual Startup Time": 0.218,"Actual Total Time": 58.257,"Actual Rows": 10061,"Actual Loops": 3,"Inner Unique": false,"Hash Cond": "(customer.c_nationkey = nation.n_nationkey)","Workers": [],"Plans": [{"Node Type": "Seq Scan","Parent Relationship": "Outer","Parallel Aware": true,"Async Capable": false,"Relation Name": "customer","Alias": "customer","Startup Cost": 0.00,"Total Cost": 4210.00,"Plan Rows": 62500,"Plan Width": 8,"Actual Startup Time": 0.013,"Actual Total Time": 9.753,"Actual Rows": 50000,"Actual Loops": 3,"Workers": []},{"Node Type": "Hash","Parent Relationship": "Inner","Parallel Aware": false,"Async Capable": false,"Startup Cost": 2.40,"Total Cost": 2.40,"Plan Rows": 1,"Plan Width": 108,"Actual Startup Time": 0.117,"Actual Total Time": 0.137,"Actual Rows": 5,"Actual Loops": 3,"Hash Buckets": 1024,"Original Hash Buckets": 1024,"Hash Batches": 1,"Original Hash Batches": 1,"Peak Memory Usage": 9,"Workers": [],"Plans": [{"Node Type": "Hash Join","Parent Relationship": "Outer","Parallel Aware": false,"Async Capable": false,"Join Type": "Inner","Startup Cost": 1.07,"Total Cost": 2.40,"Plan Rows": 1,"Plan Width": 108,"Actual Startup Time": 0.106,"Actual Total Time": 0.128,"Actual Rows": 5,"Actual Loops": 3,"Inner Unique": true,"Hash Cond": "(nation.n_regionkey = region.r_regionkey)","Workers": [],"Plans": [{"Node Type": "Seq Scan","Parent Relationship": "Outer","Parallel Aware": false,"Async Capable": false,"Relation Name": "nation","Alias": "nation","Startup Cost": 0.00,"Total Cost": 1.25,"Plan Rows": 25,"Plan Width": 112,"Actual Startup Time": 0.035,"Actual Total Time": 0.039,"Actual Rows": 25,"Actual Loops": 3,"Workers": []},{"Node Type": "Hash","Parent Relationship": "Inner","Parallel Aware": false,"Async Capable": false,"Startup Cost": 1.06,"Total Cost": 1.06,"Plan Rows": 1,"Plan Width": 4,"Actual Startup Time": 0.043,"Actual Total Time": 0.050,"Actual Rows": 1,"Actual Loops": 3,"Hash Buckets": 1024,"Original Hash Buckets": 1024,"Hash Batches": 1,"Original Hash Batches": 1,"Peak Memory Usage": 9,"Workers": [],"Plans": [{"Node Type": "Seq Scan","Parent Relationship": "Outer","Parallel Aware": false,"Async Capable": false,"Relation Name": "region","Alias": "region","Startup Cost": 0.00,"Total Cost": 1.06,"Plan Rows": 1,"Plan Width": 4,"Actual Startup Time": 0.031,"Actual Total Time": 0.033,"Actual Rows": 1,"Actual Loops": 3,"Filter": "(r_name = 'ASIA'::bpchar)","Rows Removed by Filter": 4,"Workers": []}]}]}]}]},{"Node Type": "Index Scan","Parent Relationship": "Inner","Parallel Aware": false,"Async Capable": false,"Scan Direction": "Forward","Index Name": "idx_orders_custkey","Relation Name": "orders","Alias": "orders","Startup Cost": 0.43,"Total Cost": 1.55,"Plan Rows": 3,"Plan Width": 8,"Actual Startup Time": 0.018,"Actual Total Time": 0.042,"Actual Rows": 2,"Actual Loops": 30183,"Index Cond": "(o_custkey = customer.c_custkey)","Rows Removed by Index Recheck": 0,"Filter": "((o_orderdate >= '1994-01-01'::date) AND (o_orderdate < '1995-01-01 00:00:00'::timestamp without time zone))","Rows Removed by Filter": 8,"Workers": []}]},{"Node Type": "Index Scan","Parent Relationship": "Inner","Parallel Aware": false,"Async Capable": false,"Scan Direction": "Forward","Index Name": "idx_lineitem_orderkey","Relation Name": "lineitem","Alias": "lineitem","Startup Cost": 0.43,"Total Cost": 2.84,"Plan Rows": 17,"Plan Width": 20,"Actual Startup Time": 0.017,"Actual Total Time": 0.020,"Actual Rows": 4,"Actual Loops": 46008,"Index Cond": "(l_orderkey = orders.o_orderkey)","Rows Removed by Index Recheck": 0,"Workers": []}]},{"Node Type": "Hash","Parent Relationship": "Inner","Parallel Aware": false,"Async Capable": false,"Startup Cost": 322.00,"Total Cost": 322.00,"Plan Rows": 10000,"Plan Width": 8,"Actual Startup Time": 7.849,"Actual Total Time": 7.853,"Actual Rows": 10000,"Actual Loops": 3,"Hash Buckets": 16384,"Original Hash Buckets": 16384,"Hash Batches": 1,"Original Hash Batches": 1,"Peak Memory Usage": 519,"Workers": [],"Plans": [{"Node Type": "Seq Scan","Parent Relationship": "Outer","Parallel Aware": false,"Async Capable": false,"Relation Name": "supplier","Alias": "supplier","Startup Cost": 0.00,"Total Cost": 322.00,"Plan Rows": 10000,"Plan Width": 8,"Actual Startup Time": 0.047,"Actual Total Time": 6.106,"Actual Rows": 10000,"Actual Loops": 3,"Workers": []}]}]}]}]}]}]}]},"Planning Time": 10.218,"Triggers": [],"Execution Time": 903.179}]
[{"Plan": {"Node Type": "Sort","Parallel Aware": false,"Async Capable": false,"Startup Cost": 21616.39,"Total Cost": 21616.45,"Plan Rows": 25,"Plan Width": 136,"Actual Startup Time": 800.578,"Actual Total Time": 832.005,"Actual Rows": 5,"Actual Loops": 1,"Sort Key": ["(sum((lineitem.l_extendedprice * ('1'::numeric - lineitem.l_discount)))) DESC"],"Sort Method": "quicksort","Sort Space Used": 25,"Sort Space Type": "Memory","Plans": [{"Node Type": "Aggregate","Strategy": "Sorted","Partial Mode": "Finalize","Parent Relationship": "Outer","Parallel Aware": false,"Async Capable": false,"Startup Cost": 21601.33,"Total Cost": 21615.81,"Plan Rows": 25,"Plan Width": 136,"Actual Startup Time": 800.055,"Actual Total Time": 831.951,"Actual Rows": 5,"Actual Loops": 1,"Group Key": ["nation.n_name"],"Plans": [{"Node Type": "Gather Merge","Parent Relationship": "Outer","Parallel Aware": false,"Async Capable": false,"Startup Cost": 21601.33,"Total Cost": 21615.12,"Plan Rows": 50,"Plan Width": 136,"Actual Startup Time": 799.526,"Actual Total Time": 831.902,"Actual Rows": 15,"Actual Loops": 1,"Workers Planned": 2,"Workers Launched": 2,"Plans": [{"Node Type": "Aggregate","Strategy": "Sorted","Partial Mode": "Partial","Parent Relationship": "Outer","Parallel Aware": false,"Async Capable": false,"Startup Cost": 20601.30,"Total Cost": 20609.33,"Plan Rows": 25,"Plan Width": 136,"Actual Startup Time": 791.250,"Actual Total Time": 792.033,"Actual Rows": 5,"Actual Loops": 3,"Group Key": ["nation.n_name"],"Workers": [],"Plans": [{"Node Type": "Sort","Parent Relationship": "Outer","Parallel Aware": false,"Async Capable": false,"Startup Cost": 20601.30,"Total Cost": 20602.85,"Plan Rows": 617,"Plan Width": 116,"Actual Startup Time": 791.028,"Actual Total Time": 791.162,"Actual Rows": 2347,"Actual Loops": 3,"Sort Key": ["nation.n_name"],"Sort Method": "quicksort","Sort Space Used": 275,"Sort Space Type": "Memory","Workers": [{"Worker Number": 0,"Sort Method": "quicksort","Sort Space Used": 280,"Sort Space Type": "Memory"},{"Worker Number": 1,"Sort Method": "quicksort","Sort Space Used": 284,"Sort Space Type": "Memory"}],"Plans": [{"Node Type": "Hash Join","Parent Relationship": "Outer","Parallel Aware": false,"Async Capable": false,"Join Type": "Inner","Startup Cost": 475.27,"Total Cost": 20572.71,"Plan Rows": 617,"Plan Width": 116,"Actual Startup Time": 14.089,"Actual Total Time": 789.451,"Actual Rows": 2347,"Actual Loops": 3,"Inner Unique": true,"Hash Cond": "((lineitem.l_suppkey = supplier.s_suppkey) AND (customer.c_nationkey = supplier.s_nationkey))","Workers": [],"Plans": [{"Node Type": "Nested Loop","Parent Relationship": "Outer","Parallel Aware": false,"Async Capable": false,"Join Type": "Inner","Startup Cost": 3.27,"Total Cost": 20019.70,"Plan Rows": 15431,"Plan Width": 128,"Actual Startup Time": 0.813,"Actual Total Time": 745.242,"Actual Rows": 60682,"Actual Loops": 3,"Inner Unique": false,"Workers": [],"Plans": [{"Node Type": "Nested Loop","Parent Relationship": "Outer","Parallel Aware": false,"Async Capable": false,"Join Type": "Inner","Startup Cost": 2.84,"Total Cost": 8414.26,"Plan Rows": 3857,"Plan Width": 116,"Actual Startup Time": 0.648,"Actual Total Time": 445.539,"Actual Rows": 15117,"Actual Loops": 3,"Inner Unique": false,"Workers": [],"Plans": [{"Node Type": "Hash Join","Parent Relationship": "Outer","Parallel Aware": false,"Async Capable": false,"Join Type": "Inner","Startup Cost": 2.41,"Total Cost": 4471.79,"Plan Rows": 2500,"Plan Width": 116,"Actual Startup Time": 0.286,"Actual Total Time": 54.286,"Actual Rows": 9921,"Actual Loops": 3,"Inner Unique": false,"Hash Cond": "(customer.c_nationkey = nation.n_nationkey)","Workers": [],"Plans": [{"Node Type": "Seq Scan","Parent Relationship": "Outer","Parallel Aware": true,"Async Capable": false,"Relation Name": "customer","Alias": "customer","Startup Cost": 0.00,"Total Cost": 4210.00,"Plan Rows": 62500,"Plan Width": 8,"Actual Startup Time": 0.020,"Actual Total Time": 9.492,"Actual Rows": 50000,"Actual Loops": 3,"Workers": []},{"Node Type": "Hash","Parent Relationship": "Inner","Parallel Aware": false,"Async Capable": false,"Startup Cost": 2.40,"Total Cost": 2.40,"Plan Rows": 1,"Plan Width": 108,"Actual Startup Time": 0.159,"Actual Total Time": 0.178,"Actual Rows": 5,"Actual Loops": 3,"Hash Buckets": 1024,"Original Hash Buckets": 1024,"Hash Batches": 1,"Original Hash Batches": 1,"Peak Memory Usage": 9,"Workers": [],"Plans": [{"Node Type": "Hash Join","Parent Relationship": "Outer","Parallel Aware": false,"Async Capable": false,"Join Type": "Inner","Startup Cost": 1.07,"Total Cost": 2.40,"Plan Rows": 1,"Plan Width": 108,"Actual Startup Time": 0.141,"Actual Total Time": 0.166,"Actual Rows": 5,"Actual Loops": 3,"Inner Unique": true,"Hash Cond": "(nation.n_regionkey = region.r_regionkey)","Workers": [],"Plans": [{"Node Type": "Seq Scan","Parent Relationship": "Outer","Parallel Aware": false,"Async Capable": false,"Relation Name": "nation","Alias": "nation","Startup Cost": 0.00,"Total Cost": 1.25,"Plan Rows": 25,"Plan Width": 112,"Actual Startup Time": 0.054,"Actual Total Time": 0.058,"Actual Rows": 25,"Actual Loops": 3,"Workers": []},{"Node Type": "Hash","Parent Relationship": "Inner","Parallel Aware": false,"Async Capable": false,"Startup Cost": 1.06,"Total Cost": 1.06,"Plan Rows": 1,"Plan Width": 4,"Actual Startup Time": 0.057,"Actual Total Time": 0.062,"Actual Rows": 1,"Actual Loops": 3,"Hash Buckets": 1024,"Original Hash Buckets": 1024,"Hash Batches": 1,"Original Hash Batches": 1,"Peak Memory Usage": 9,"Workers": [],"Plans": [{"Node Type": "Seq Scan","Parent Relationship": "Outer","Parallel Aware": false,"Async Capable": false,"Relation Name": "region","Alias": "region","Startup Cost": 0.00,"Total Cost": 1.06,"Plan Rows": 1,"Plan Width": 4,"Actual Startup Time": 0.040,"Actual Total Time": 0.042,"Actual Rows": 1,"Actual Loops": 3,"Filter": "(r_name = 'AFRICA'::bpchar)","Rows Removed by Filter": 4,"Workers": []}]}]}]}]},{"Node Type": "Index Scan","Parent Relationship": "Inner","Parallel Aware": false,"Async Capable": false,"Scan Direction": "Forward","Index Name": "idx_orders_custkey","Relation Name": "orders","Alias": "orders","Startup Cost": 0.43,"Total Cost": 1.55,"Plan Rows": 3,"Plan Width": 8,"Actual Startup Time": 0.017,"Actual Total Time": 0.039,"Actual Rows": 2,"Actual Loops": 29764,"Index Cond": "(o_custkey = customer.c_custkey)","Rows Removed by Index Recheck": 0,"Filter": "((o_orderdate >= '1996-01-01'::date) AND (o_orderdate < '1997-01-01 00:00:00'::timestamp without time zone))","Rows Removed by Filter": 9,"Workers": []}]},{"Node Type": "Index Scan","Parent Relationship": "Inner","Parallel Aware": false,"Async Capable": false,"Scan Direction": "Forward","Index Name": "idx_lineitem_orderkey","Relation Name": "lineitem","Alias": "lineitem","Startup Cost": 0.43,"Total Cost": 2.84,"Plan Rows": 17,"Plan Width": 20,"Actual Startup Time": 0.016,"Actual Total Time": 0.019,"Actual Rows": 4,"Actual Loops": 45352,"Index Cond": "(l_orderkey = orders.o_orderkey)","Rows Removed by Index Recheck": 0,"Workers": []}]},{"Node Type": "Hash","Parent Relationship": "Inner","Parallel Aware": false,"Async Capable": false,"Startup Cost": 322.00,"Total Cost": 322.00,"Plan Rows": 10000,"Plan Width": 8,"Actual Startup Time": 12.144,"Actual Total Time": 12.150,"Actual Rows": 10000,"Actual Loops": 3,"Hash Buckets": 16384,"Original Hash Buckets": 16384,"Hash Batches": 1,"Original Hash Batches": 1,"Peak Memory Usage": 519,"Workers": [],"Plans": [{"Node Type": "Seq Scan","Parent Relationship": "Outer","Parallel Aware": false,"Async Capable": false,"Relation Name": "supplier","Alias": "supplier","Startup Cost": 0.00,"Total Cost": 322.00,"Plan Rows": 10000,"Plan Width": 8,"Actual Startup Time": 0.040,"Actual Total Time": 10.535,"Actual Rows": 10000,"Actual Loops": 3,"Workers": []}]}]}]}]}]}]}]},"Planning Time": 10.511,"Triggers": [],"Execution Time": 832.422}]
[{"Plan": {"Node Type": "Sort","Parallel Aware": false,"Async Capable": false,"Startup Cost": 21522.30,"Total Cost": 21522.36,"Plan Rows": 25,"Plan Width": 136,"Actual Startup Time": 815.371,"Actual Total Time": 846.364,"Actual Rows": 5,"Actual Loops": 1,"Sort Key": ["(sum((lineitem.l_extendedprice * ('1'::numeric - lineitem.l_discount)))) DESC"],"Sort Method": "quicksort","Sort Space Used": 25,"Sort Space Type": "Memory","Plans": [{"Node Type": "Aggregate","Strategy": "Sorted","Partial Mode": "Finalize","Parent Relationship": "Outer","Parallel Aware": false,"Async Capable": false,"Startup Cost": 21507.43,"Total Cost": 21521.72,"Plan Rows": 25,"Plan Width": 136,"Actual Startup Time": 814.708,"Actual Total Time": 846.319,"Actual Rows": 5,"Actual Loops": 1,"Group Key": ["nation.n_name"],"Plans": [{"Node Type": "Gather Merge","Parent Relationship": "Outer","Parallel Aware": false,"Async Capable": false,"Startup Cost": 21507.43,"Total Cost": 21521.03,"Plan Rows": 50,"Plan Width": 136,"Actual Startup Time": 814.181,"Actual Total Time": 846.266,"Actual Rows": 15,"Actual Loops": 1,"Workers Planned": 2,"Workers Launched": 2,"Plans": [{"Node Type": "Aggregate","Strategy": "Sorted","Partial Mode": "Partial","Parent Relationship": "Outer","Parallel Aware": false,"Async Capable": false,"Startup Cost": 20507.41,"Total Cost": 20515.23,"Plan Rows": 25,"Plan Width": 136,"Actual Startup Time": 806.060,"Actual Total Time": 806.902,"Actual Rows": 5,"Actual Loops": 3,"Group Key": ["nation.n_name"],"Workers": [],"Plans": [{"Node Type": "Sort","Parent Relationship": "Outer","Parallel Aware": false,"Async Capable": false,"Startup Cost": 20507.41,"Total Cost": 20508.91,"Plan Rows": 601,"Plan Width": 116,"Actual Startup Time": 805.845,"Actual Total Time": 805.988,"Actual Rows": 2405,"Actual Loops": 3,"Sort Key": ["nation.n_name"],"Sort Method": "quicksort","Sort Space Used": 288,"Sort Space Type": "Memory","Workers": [{"Worker Number": 0,"Sort Method": "quicksort","Sort Space Used": 282,"Sort Space Type": "Memory"},{"Worker Number": 1,"Sort Method": "quicksort","Sort Space Used": 284,"Sort Space Type": "Memory"}],"Plans": [{"Node Type": "Hash Join","Parent Relationship": "Outer","Parallel Aware": false,"Async Capable": false,"Join Type": "Inner","Startup Cost": 475.27,"Total Cost": 20479.67,"Plan Rows": 601,"Plan Width": 116,"Actual Startup Time": 14.857,"Actual Total Time": 804.339,"Actual Rows": 2405,"Actual Loops": 3,"Inner Unique": true,"Hash Cond": "((lineitem.l_suppkey = supplier.s_suppkey) AND (customer.c_nationkey = supplier.s_nationkey))","Workers": [],"Plans": [{"Node Type": "Nested Loop","Parent Relationship": "Outer","Parallel Aware": false,"Async Capable": false,"Join Type": "Inner","Startup Cost": 3.27,"Total Cost": 19928.78,"Plan Rows": 15027,"Plan Width": 128,"Actual Startup Time": 0.928,"Actual Total Time": 758.714,"Actual Rows": 60519,"Actual Loops": 3,"Inner Unique": false,"Workers": [],"Plans": [{"Node Type": "Nested Loop","Parent Relationship": "Outer","Parallel Aware": false,"Async Capable": false,"Join Type": "Inner","Startup Cost": 2.84,"Total Cost": 8414.26,"Plan Rows": 3756,"Plan Width": 116,"Actual Startup Time": 0.799,"Actual Total Time": 454.413,"Actual Rows": 15151,"Actual Loops": 3,"Inner Unique": false,"Workers": [],"Plans": [{"Node Type": "Hash Join","Parent Relationship": "Outer","Parallel Aware": false,"Async Capable": false,"Join Type": "Inner","Startup Cost": 2.41,"Total Cost": 4471.79,"Plan Rows": 2500,"Plan Width": 116,"Actual Startup Time": 0.321,"Actual Total Time": 54.810,"Actual Rows": 10061,"Actual Loops": 3,"Inner Unique": false,"Hash Cond": "(customer.c_nationkey = nation.n_nationkey)","Workers": [],"Plans": [{"Node Type": "Seq Scan","Parent Relationship": "Outer","Parallel Aware": true,"Async Capable": false,"Relation Name": "customer","Alias": "customer","Startup Cost": 0.00,"Total Cost": 4210.00,"Plan Rows": 62500,"Plan Width": 8,"Actual Startup Time": 0.016,"Actual Total Time": 9.647,"Actual Rows": 50000,"Actual Loops": 3,"Workers": []},{"Node Type": "Hash","Parent Relationship": "Inner","Parallel Aware": false,"Async Capable": false,"Startup Cost": 2.40,"Total Cost": 2.40,"Plan Rows": 1,"Plan Width": 108,"Actual Startup Time": 0.190,"Actual Total Time": 0.209,"Actual Rows": 5,"Actual Loops": 3,"Hash Buckets": 1024,"Original Hash Buckets": 1024,"Hash Batches": 1,"Original Hash Batches": 1,"Peak Memory Usage": 9,"Workers": [],"Plans": [{"Node Type": "Hash Join","Parent Relationship": "Outer","Parallel Aware": false,"Async Capable": false,"Join Type": "Inner","Startup Cost": 1.07,"Total Cost": 2.40,"Plan Rows": 1,"Plan Width": 108,"Actual Startup Time": 0.173,"Actual Total Time": 0.196,"Actual Rows": 5,"Actual Loops": 3,"Inner Unique": true,"Hash Cond": "(nation.n_regionkey = region.r_regionkey)","Workers": [],"Plans": [{"Node Type": "Seq Scan","Parent Relationship": "Outer","Parallel Aware": false,"Async Capable": false,"Relation Name": "nation","Alias": "nation","Startup Cost": 0.00,"Total Cost": 1.25,"Plan Rows": 25,"Plan Width": 112,"Actual Startup Time": 0.080,"Actual Total Time": 0.084,"Actual Rows": 25,"Actual Loops": 3,"Workers": []},{"Node Type": "Hash","Parent Relationship": "Inner","Parallel Aware": false,"Async Capable": false,"Startup Cost": 1.06,"Total Cost": 1.06,"Plan Rows": 1,"Plan Width": 4,"Actual Startup Time": 0.060,"Actual Total Time": 0.067,"Actual Rows": 1,"Actual Loops": 3,"Hash Buckets": 1024,"Original Hash Buckets": 1024,"Hash Batches": 1,"Original Hash Batches": 1,"Peak Memory Usage": 9,"Workers": [],"Plans": [{"Node Type": "Seq Scan","Parent Relationship": "Outer","Parallel Aware": false,"Async Capable": false,"Relation Name": "region","Alias": "region","Startup Cost": 0.00,"Total Cost": 1.06,"Plan Rows": 1,"Plan Width": 4,"Actual Startup Time": 0.046,"Actual Total Time": 0.049,"Actual Rows": 1,"Actual Loops": 3,"Filter": "(r_name = 'ASIA'::bpchar)","Rows Removed by Filter": 4,"Workers": []}]}]}]}]},{"Node Type": "Index Scan","Parent Relationship": "Inner","Parallel Aware": false,"Async Capable": false,"Scan Direction": "Forward","Index Name": "idx_orders_custkey","Relation Name": "orders","Alias": "orders","Startup Cost": 0.43,"Total Cost": 1.55,"Plan Rows": 3,"Plan Width": 8,"Actual Startup Time": 0.017,"Actual Total Time": 0.039,"Actual Rows": 2,"Actual Loops": 30183,"Index Cond": "(o_custkey = customer.c_custkey)","Rows Removed by Index Recheck": 0,"Filter": "((o_orderdate >= '1993-01-01'::date) AND (o_orderdate < '1994-01-01 00:00:00'::timestamp without time zone))","Rows Removed by Filter": 8,"Workers": []}]},{"Node Type": "Index Scan","Parent Relationship": "Inner","Parallel Aware": false,"Async Capable": false,"Scan Direction": "Forward","Index Name": "idx_lineitem_orderkey","Relation Name": "lineitem","Alias": "lineitem","Startup Cost": 0.43,"Total Cost": 2.90,"Plan Rows": 17,"Plan Width": 20,"Actual Startup Time": 0.017,"Actual Total Time": 0.019,"Actual Rows": 4,"Actual Loops": 45452,"Index Cond": "(l_orderkey = orders.o_orderkey)","Rows Removed by Index Recheck": 0,"Workers": []}]},{"Node Type": "Hash","Parent Relationship": "Inner","Parallel Aware": false,"Async Capable": false,"Startup Cost": 322.00,"Total Cost": 322.00,"Plan Rows": 10000,"Plan Width": 8,"Actual Startup Time": 13.249,"Actual Total Time": 13.253,"Actual Rows": 10000,"Actual Loops": 3,"Hash Buckets": 16384,"Original Hash Buckets": 16384,"Hash Batches": 1,"Original Hash Batches": 1,"Peak Memory Usage": 519,"Workers": [],"Plans": [{"Node Type": "Seq Scan","Parent Relationship": "Outer","Parallel Aware": false,"Async Capable": false,"Relation Name": "supplier","Alias": "supplier","Startup Cost": 0.00,"Total Cost": 322.00,"Plan Rows": 10000,"Plan Width": 8,"Actual Startup Time": 0.061,"Actual Total Time": 11.553,"Actual Rows": 10000,"Actual Loops": 3,"Workers": []}]}]}]}]}]}]}]},"Planning Time": 10.259,"Triggers": [],"Execution Time": 846.817}]
[{"Plan": {"Node Type": "Sort","Parallel Aware": false,"Async Capable": false,"Startup Cost": 21612.43,"Total Cost": 21612.50,"Plan Rows": 25,"Plan Width": 136,"Actual Startup Time": 835.932,"Actual Total Time": 867.365,"Actual Rows": 5,"Actual Loops": 1,"Sort Key": ["(sum((lineitem.l_extendedprice * ('1'::numeric - lineitem.l_discount)))) DESC"],"Sort Method": "quicksort","Sort Space Used": 25,"Sort Space Type": "Memory","Plans": [{"Node Type": "Aggregate","Strategy": "Sorted","Partial Mode": "Finalize","Parent Relationship": "Outer","Parallel Aware": false,"Async Capable": false,"Startup Cost": 21597.38,"Total Cost": 21611.85,"Plan Rows": 25,"Plan Width": 136,"Actual Startup Time": 835.364,"Actual Total Time": 867.318,"Actual Rows": 5,"Actual Loops": 1,"Group Key": ["nation.n_name"],"Plans": [{"Node Type": "Gather Merge","Parent Relationship": "Outer","Parallel Aware": false,"Async Capable": false,"Startup Cost": 21597.38,"Total Cost": 21611.17,"Plan Rows": 50,"Plan Width": 136,"Actual Startup Time": 835.179,"Actual Total Time": 867.277,"Actual Rows": 15,"Actual Loops": 1,"Workers Planned": 2,"Workers Launched": 2,"Plans": [{"Node Type": "Aggregate","Strategy": "Sorted","Partial Mode": "Partial","Parent Relationship": "Outer","Parallel Aware": false,"Async Capable": false,"Startup Cost": 20597.36,"Total Cost": 20605.37,"Plan Rows": 25,"Plan Width": 136,"Actual Startup Time": 826.891,"Actual Total Time": 827.596,"Actual Rows": 5,"Actual Loops": 3,"Group Key": ["nation.n_name"],"Workers": [],"Plans": [{"Node Type": "Sort","Parent Relationship": "Outer","Parallel Aware": false,"Async Capable": false,"Startup Cost": 20597.36,"Total Cost": 20598.90,"Plan Rows": 616,"Plan Width": 116,"Actual Startup Time": 826.692,"Actual Total Time": 826.817,"Actual Rows": 2422,"Actual Loops": 3,"Sort Key": ["nation.n_name"],"Sort Method": "quicksort","Sort Space Used": 284,"Sort Space Type": "Memory","Workers": [{"Worker Number": 0,"Sort Method": "quicksort","Sort Space Used": 289,"Sort Space Type": "Memory"},{"Worker Number": 1,"Sort Method": "quicksort","Sort Space Used": 285,"Sort Space Type": "Memory"}],"Plans": [{"Node Type": "Hash Join","Parent Relationship": "Outer","Parallel Aware": false,"Async Capable": false,"Join Type": "Inner","Startup Cost": 475.27,"Total Cost": 20568.82,"Plan Rows": 616,"Plan Width": 116,"Actual Startup Time": 12.416,"Actual Total Time": 825.180,"Actual Rows": 2422,"Actual Loops": 3,"Inner Unique": true,"Hash Cond": "((lineitem.l_suppkey = supplier.s_suppkey) AND (customer.c_nationkey = supplier.s_nationkey))","Workers": [],"Plans": [{"Node Type": "Nested Loop","Parent Relationship": "Outer","Parallel Aware": false,"Async Capable": false,"Join Type": "Inner","Startup Cost": 3.27,"Total Cost": 20015.89,"Plan Rows": 15415,"Plan Width": 128,"Actual Startup Time": 0.717,"Actual Total Time": 776.964,"Actual Rows": 61524,"Actual Loops": 3,"Inner Unique": false,"Workers": [],"Plans": [{"Node Type": "Nested Loop","Parent Relationship": "Outer","Parallel Aware": false,"Async Capable": false,"Join Type": "Inner","Startup Cost": 2.84,"Total Cost": 8414.26,"Plan Rows": 3853,"Plan Width": 116,"Actual Startup Time": 0.594,"Actual Total Time": 468.318,"Actual Rows": 15364,"Actual Loops": 3,"Inner Unique": false,"Workers": [],"Plans": [{"Node Type": "Hash Join","Parent Relationship": "Outer","Parallel Aware": false,"Async Capable": false,"Join Type": "Inner","Startup Cost": 2.41,"Total Cost": 4471.79,"Plan Rows": 2500,"Plan Width": 116,"Actual Startup Time": 0.257,"Actual Total Time": 59.024,"Actual Rows": 10066,"Actual Loops": 3,"Inner Unique": false,"Hash Cond": "(customer.c_nationkey = nation.n_nationkey)","Workers": [],"Plans": [{"Node Type": "Seq Scan","Parent Relationship": "Outer","Parallel Aware": true,"Async Capable": false,"Relation Name": "customer","Alias": "customer","Startup Cost": 0.00,"Total Cost": 4210.00,"Plan Rows": 62500,"Plan Width": 8,"Actual Startup Time": 0.018,"Actual Total Time": 10.025,"Actual Rows": 50000,"Actual Loops": 3,"Workers": []},{"Node Type": "Hash","Parent Relationship": "Inner","Parallel Aware": false,"Async Capable": false,"Startup Cost": 2.40,"Total Cost": 2.40,"Plan Rows": 1,"Plan Width": 108,"Actual Startup Time": 0.151,"Actual Total Time": 0.168,"Actual Rows": 5,"Actual Loops": 3,"Hash Buckets": 1024,"Original Hash Buckets": 1024,"Hash Batches": 1,"Original Hash Batches": 1,"Peak Memory Usage": 9,"Workers": [],"Plans": [{"Node Type": "Hash Join","Parent Relationship": "Outer","Parallel Aware": false,"Async Capable": false,"Join Type": "Inner","Startup Cost": 1.07,"Total Cost": 2.40,"Plan Rows": 1,"Plan Width": 108,"Actual Startup Time": 0.138,"Actual Total Time": 0.159,"Actual Rows": 5,"Actual Loops": 3,"Inner Unique": true,"Hash Cond": "(nation.n_regionkey = region.r_regionkey)","Workers": [],"Plans": [{"Node Type": "Seq Scan","Parent Relationship": "Outer","Parallel Aware": false,"Async Capable": false,"Relation Name": "nation","Alias": "nation","Startup Cost": 0.00,"Total Cost": 1.25,"Plan Rows": 25,"Plan Width": 112,"Actual Startup Time": 0.050,"Actual Total Time": 0.055,"Actual Rows": 25,"Actual Loops": 3,"Workers": []},{"Node Type": "Hash","Parent Relationship": "Inner","Parallel Aware": false,"Async Capable": false,"Startup Cost": 1.06,"Total Cost": 1.06,"Plan Rows": 1,"Plan Width": 4,"Actual Startup Time": 0.059,"Actual Total Time": 0.064,"Actual Rows": 1,"Actual Loops": 3,"Hash Buckets": 1024,"Original Hash Buckets": 1024,"Hash Batches": 1,"Original Hash Batches": 1,"Peak Memory Usage": 9,"Workers": [],"Plans": [{"Node Type": "Seq Scan","Parent Relationship": "Outer","Parallel Aware": false,"Async Capable": false,"Relation Name": "region","Alias": "region","Startup Cost": 0.00,"Total Cost": 1.06,"Plan Rows": 1,"Plan Width": 4,"Actual Startup Time": 0.043,"Actual Total Time": 0.045,"Actual Rows": 1,"Actual Loops": 3,"Filter": "(r_name = 'EUROPE'::bpchar)","Rows Removed by Filter": 4,"Workers": []}]}]}]}]},{"Node Type": "Index Scan","Parent Relationship": "Inner","Parallel Aware": false,"Async Capable": false,"Scan Direction": "Forward","Index Name": "idx_orders_custkey","Relation Name": "orders","Alias": "orders","Startup Cost": 0.43,"Total Cost": 1.55,"Plan Rows": 3,"Plan Width": 8,"Actual Startup Time": 0.017,"Actual Total Time": 0.040,"Actual Rows": 2,"Actual Loops": 30197,"Index Cond": "(o_custkey = customer.c_custkey)","Rows Removed by Index Recheck": 0,"Filter": "((o_orderdate >= '1994-01-01'::date) AND (o_orderdate < '1995-01-01 00:00:00'::timestamp without time zone))","Rows Removed by Filter": 9,"Workers": []}]},{"Node Type": "Index Scan","Parent Relationship": "Inner","Parallel Aware": false,"Async Capable": false,"Scan Direction": "Forward","Index Name": "idx_lineitem_orderkey","Relation Name": "lineitem","Alias": "lineitem","Startup Cost": 0.43,"Total Cost": 2.84,"Plan Rows": 17,"Plan Width": 20,"Actual Startup Time": 0.017,"Actual Total Time": 0.019,"Actual Rows": 4,"Actual Loops": 46093,"Index Cond": "(l_orderkey = orders.o_orderkey)","Rows Removed by Index Recheck": 0,"Workers": []}]},{"Node Type": "Hash","Parent Relationship": "Inner","Parallel Aware": false,"Async Capable": false,"Startup Cost": 322.00,"Total Cost": 322.00,"Plan Rows": 10000,"Plan Width": 8,"Actual Startup Time": 10.479,"Actual Total Time": 10.484,"Actual Rows": 10000,"Actual Loops": 3,"Hash Buckets": 16384,"Original Hash Buckets": 16384,"Hash Batches": 1,"Original Hash Batches": 1,"Peak Memory Usage": 519,"Workers": [],"Plans": [{"Node Type": "Seq Scan","Parent Relationship": "Outer","Parallel Aware": false,"Async Capable": false,"Relation Name": "supplier","Alias": "supplier","Startup Cost": 0.00,"Total Cost": 322.00,"Plan Rows": 10000,"Plan Width": 8,"Actual Startup Time": 0.042,"Actual Total Time": 8.711,"Actual Rows": 10000,"Actual Loops": 3,"Workers": []}]}]}]}]}]}]}]},"Planning Time": 9.647,"Triggers": [],"Execution Time": 867.883}]
[{"Plan": {"Node Type": "Sort","Parallel Aware": false,"Async Capable": false,"Startup Cost": 21565.81,"Total Cost": 21565.87,"Plan Rows": 25,"Plan Width": 136,"Actual Startup Time": 831.835,"Actual Total Time": 873.525,"Actual Rows": 5,"Actual Loops": 1,"Sort Key": ["(sum((lineitem.l_extendedprice * ('1'::numeric - lineitem.l_discount)))) DESC"],"Sort Method": "quicksort","Sort Space Used": 25,"Sort Space Type": "Memory","Plans": [{"Node Type": "Aggregate","Strategy": "Sorted","Partial Mode": "Finalize","Parent Relationship": "Outer","Parallel Aware": false,"Async Capable": false,"Startup Cost": 21550.86,"Total Cost": 21565.23,"Plan Rows": 25,"Plan Width": 136,"Actual Startup Time": 831.274,"Actual Total Time": 873.480,"Actual Rows": 5,"Actual Loops": 1,"Group Key": ["nation.n_name"],"Plans": [{"Node Type": "Gather Merge","Parent Relationship": "Outer","Parallel Aware": false,"Async Capable": false,"Startup Cost": 21550.86,"Total Cost": 21564.54,"Plan Rows": 50,"Plan Width": 136,"Actual Startup Time": 830.694,"Actual Total Time": 873.427,"Actual Rows": 15,"Actual Loops": 1,"Workers Planned": 2,"Workers Launched": 2,"Plans": [{"Node Type": "Aggregate","Strategy": "Sorted","Partial Mode": "Partial","Parent Relationship": "Outer","Parallel Aware": false,"Async Capable": false,"Startup Cost": 20550.84,"Total Cost": 20558.75,"Plan Rows": 25,"Plan Width": 136,"Actual Startup Time": 822.251,"Actual Total Time": 823.046,"Actual Rows": 5,"Actual Loops": 3,"Group Key": ["nation.n_name"],"Workers": [],"Plans": [{"Node Type": "Sort","Parent Relationship": "Outer","Parallel Aware": false,"Async Capable": false,"Startup Cost": 20550.84,"Total Cost": 20552.36,"Plan Rows": 608,"Plan Width": 116,"Actual Startup Time": 822.034,"Actual Total Time": 822.187,"Actual Rows": 2330,"Actual Loops": 3,"Sort Key": ["nation.n_name"],"Sort Method": "quicksort","Sort Space Used": 287,"Sort Space Type": "Memory","Workers": [{"Worker Number": 0,"Sort Method": "quicksort","Sort Space Used": 271,"Sort Space Type": "Memory"},{"Worker Number": 1,"Sort Method": "quicksort","Sort Space Used": 278,"Sort Space Type": "Memory"}],"Plans": [{"Node Type": "Hash Join","Parent Relationship": "Outer","Parallel Aware": false,"Async Capable": false,"Join Type": "Inner","Startup Cost": 475.27,"Total Cost": 20522.72,"Plan Rows": 608,"Plan Width": 116,"Actual Startup Time": 11.715,"Actual Total Time": 820.536,"Actual Rows": 2330,"Actual Loops": 3,"Inner Unique": true,"Hash Cond": "((lineitem.l_suppkey = supplier.s_suppkey) AND (customer.c_nationkey = supplier.s_nationkey))","Workers": [],"Plans": [{"Node Type": "Nested Loop","Parent Relationship": "Outer","Parallel Aware": false,"Async Capable": false,"Join Type": "Inner","Startup Cost": 3.27,"Total Cost": 19970.84,"Plan Rows": 15215,"Plan Width": 128,"Actual Startup Time": 0.848,"Actual Total Time": 777.711,"Actual Rows": 60416,"Actual Loops": 3,"Inner Unique": false,"Workers": [],"Plans": [{"Node Type": "Nested Loop","Parent Relationship": "Outer","Parallel Aware": false,"Async Capable": false,"Join Type": "Inner","Startup Cost": 2.84,"Total Cost": 8414.26,"Plan Rows": 3803,"Plan Width": 116,"Actual Startup Time": 0.710,"Actual Total Time": 470.008,"Actual Rows": 15150,"Actual Loops": 3,"Inner Unique": false,"Workers": [],"Plans": [{"Node Type": "Hash Join","Parent Relationship": "Outer","Parallel Aware": false,"Async Capable": false,"Join Type": "Inner","Startup Cost": 2.41,"Total Cost": 4471.79,"Plan Rows": 2500,"Plan Width": 116,"Actual Startup Time": 0.302,"Actual Total Time": 60.810,"Actual Rows": 9921,"Actual Loops": 3,"Inner Unique": false,"Hash Cond": "(customer.c_nationkey = nation.n_nationkey)","Workers": [],"Plans": [{"Node Type": "Seq Scan","Parent Relationship": "Outer","Parallel Aware": true,"Async Capable": false,"Relation Name": "customer","Alias": "customer","Startup Cost": 0.00,"Total Cost": 4210.00,"Plan Rows": 62500,"Plan Width": 8,"Actual Startup Time": 0.020,"Actual Total Time": 10.219,"Actual Rows": 50000,"Actual Loops": 3,"Workers": []},{"Node Type": "Hash","Parent Relationship": "Inner","Parallel Aware": false,"Async Capable": false,"Startup Cost": 2.40,"Total Cost": 2.40,"Plan Rows": 1,"Plan Width": 108,"Actual Startup Time": 0.183,"Actual Total Time": 0.205,"Actual Rows": 5,"Actual Loops": 3,"Hash Buckets": 1024,"Original Hash Buckets": 1024,"Hash Batches": 1,"Original Hash Batches": 1,"Peak Memory Usage": 9,"Workers": [],"Plans": [{"Node Type": "Hash Join","Parent Relationship": "Outer","Parallel Aware": false,"Async Capable": false,"Join Type": "Inner","Startup Cost": 1.07,"Total Cost": 2.40,"Plan Rows": 1,"Plan Width": 108,"Actual Startup Time": 0.167,"Actual Total Time": 0.195,"Actual Rows": 5,"Actual Loops": 3,"Inner Unique": true,"Hash Cond": "(nation.n_regionkey = region.r_regionkey)","Workers": [],"Plans": [{"Node Type": "Seq Scan","Parent Relationship": "Outer","Parallel Aware": false,"Async Capable": false,"Relation Name": "nation","Alias": "nation","Startup Cost": 0.00,"Total Cost": 1.25,"Plan Rows": 25,"Plan Width": 112,"Actual Startup Time": 0.065,"Actual Total Time": 0.070,"Actual Rows": 25,"Actual Loops": 3,"Workers": []},{"Node Type": "Hash","Parent Relationship": "Inner","Parallel Aware": false,"Async Capable": false,"Startup Cost": 1.06,"Total Cost": 1.06,"Plan Rows": 1,"Plan Width": 4,"Actual Startup Time": 0.074,"Actual Total Time": 0.079,"Actual Rows": 1,"Actual Loops": 3,"Hash Buckets": 1024,"Original Hash Buckets": 1024,"Hash Batches": 1,"Original Hash Batches": 1,"Peak Memory Usage": 9,"Workers": [],"Plans": [{"Node Type": "Seq Scan","Parent Relationship": "Outer","Parallel Aware": false,"Async Capable": false,"Relation Name": "region","Alias": "region","Startup Cost": 0.00,"Total Cost": 1.06,"Plan Rows": 1,"Plan Width": 4,"Actual Startup Time": 0.049,"Actual Total Time": 0.053,"Actual Rows": 1,"Actual Loops": 3,"Filter": "(r_name = 'AFRICA'::bpchar)","Rows Removed by Filter": 4,"Workers": []}]}]}]}]},{"Node Type": "Index Scan","Parent Relationship": "Inner","Parallel Aware": false,"Async Capable": false,"Scan Direction": "Forward","Index Name": "idx_orders_custkey","Relation Name": "orders","Alias": "orders","Startup Cost": 0.43,"Total Cost": 1.55,"Plan Rows": 3,"Plan Width": 8,"Actual Startup Time": 0.018,"Actual Total Time": 0.041,"Actual Rows": 2,"Actual Loops": 29764,"Index Cond": "(o_custkey = customer.c_custkey)","Rows Removed by Index Recheck": 0,"Filter": "((o_orderdate >= '1997-01-01'::date) AND (o_orderdate < '1998-01-01 00:00:00'::timestamp without time zone))","Rows Removed by Filter": 9,"Workers": []}]},{"Node Type": "Index Scan","Parent Relationship": "Inner","Parallel Aware": false,"Async Capable": false,"Scan Direction": "Forward","Index Name": "idx_lineitem_orderkey","Relation Name": "lineitem","Alias": "lineitem","Startup Cost": 0.43,"Total Cost": 2.87,"Plan Rows": 17,"Plan Width": 20,"Actual Startup Time": 0.017,"Actual Total Time": 0.020,"Actual Rows": 4,"Actual Loops": 45450,"Index Cond": "(l_orderkey = orders.o_orderkey)","Rows Removed by Index Recheck": 0,"Workers": []}]},{"Node Type": "Hash","Parent Relationship": "Inner","Parallel Aware": false,"Async Capable": false,"Startup Cost": 322.00,"Total Cost": 322.00,"Plan Rows": 10000,"Plan Width": 8,"Actual Startup Time": 8.425,"Actual Total Time": 8.430,"Actual Rows": 10000,"Actual Loops": 3,"Hash Buckets": 16384,"Original Hash Buckets": 16384,"Hash Batches": 1,"Original Hash Batches": 1,"Peak Memory Usage": 519,"Workers": [],"Plans": [{"Node Type": "Seq Scan","Parent Relationship": "Outer","Parallel Aware": false,"Async Capable": false,"Relation Name": "supplier","Alias": "supplier","Startup Cost": 0.00,"Total Cost": 322.00,"Plan Rows": 10000,"Plan Width": 8,"Actual Startup Time": 0.044,"Actual Total Time": 6.920,"Actual Rows": 10000,"Actual Loops": 3,"Workers": []}]}]}]}]}]}]}]},"Planning Time": 9.220,"Triggers": [],"Execution Time": 874.104}]
[{"Plan": {"Node Type": "Sort","Parallel Aware": false,"Async Capable": false,"Startup Cost": 21565.81,"Total Cost": 21565.87,"Plan Rows": 25,"Plan Width": 136,"Actual Startup Time": 826.666,"Actual Total Time": 858.678,"Actual Rows": 5,"Actual Loops": 1,"Sort Key": ["(sum((lineitem.l_extendedprice * ('1'::numeric - lineitem.l_discount)))) DESC"],"Sort Method": "quicksort","Sort Space Used": 25,"Sort Space Type": "Memory","Plans": [{"Node Type": "Aggregate","Strategy": "Sorted","Partial Mode": "Finalize","Parent Relationship": "Outer","Parallel Aware": false,"Async Capable": false,"Startup Cost": 21550.86,"Total Cost": 21565.23,"Plan Rows": 25,"Plan Width": 136,"Actual Startup Time": 825.974,"Actual Total Time": 858.621,"Actual Rows": 5,"Actual Loops": 1,"Group Key": ["nation.n_name"],"Plans": [{"Node Type": "Gather Merge","Parent Relationship": "Outer","Parallel Aware": false,"Async Capable": false,"Startup Cost": 21550.86,"Total Cost": 21564.54,"Plan Rows": 50,"Plan Width": 136,"Actual Startup Time": 825.726,"Actual Total Time": 858.579,"Actual Rows": 15,"Actual Loops": 1,"Workers Planned": 2,"Workers Launched": 2,"Plans": [{"Node Type": "Aggregate","Strategy": "Sorted","Partial Mode": "Partial","Parent Relationship": "Outer","Parallel Aware": false,"Async Capable": false,"Startup Cost": 20550.84,"Total Cost": 20558.75,"Plan Rows": 25,"Plan Width": 136,"Actual Startup Time": 818.223,"Actual Total Time": 818.980,"Actual Rows": 5,"Actual Loops": 3,"Group Key": ["nation.n_name"],"Workers": [],"Plans": [{"Node Type": "Sort","Parent Relationship": "Outer","Parallel Aware": false,"Async Capable": false,"Startup Cost": 20550.84,"Total Cost": 20552.36,"Plan Rows": 608,"Plan Width": 116,"Actual Startup Time": 818.011,"Actual Total Time": 818.145,"Actual Rows": 2489,"Actual Loops": 3,"Sort Key": ["nation.n_name"],"Sort Method": "quicksort","Sort Space Used": 294,"Sort Space Type": "Memory","Workers": [{"Worker Number": 0,"Sort Method": "quicksort","Sort Space Used": 286,"Sort Space Type": "Memory"},{"Worker Number": 1,"Sort Method": "quicksort","Sort Space Used": 292,"Sort Space Type": "Memory"}],"Plans": [{"Node Type": "Hash Join","Parent Relationship": "Outer","Parallel Aware": false,"Async Capable": false,"Join Type": "Inner","Startup Cost": 475.27,"Total Cost": 20522.72,"Plan Rows": 608,"Plan Width": 116,"Actual Startup Time": 11.840,"Actual Total Time": 816.555,"Actual Rows": 2489,"Actual Loops": 3,"Inner Unique": true,"Hash Cond": "((lineitem.l_suppkey = supplier.s_suppkey) AND (customer.c_nationkey = supplier.s_nationkey))","Workers": [],"Plans": [{"Node Type": "Nested Loop","Parent Relationship": "Outer","Parallel Aware": false,"Async Capable": false,"Join Type": "Inner","Startup Cost": 3.27,"Total Cost": 19970.84,"Plan Rows": 15215,"Plan Width": 128,"Actual Startup Time": 0.591,"Actual Total Time": 771.834,"Actual Rows": 60959,"Actual Loops": 3,"Inner Unique": false,"Workers": [],"Plans": [{"Node Type": "Nested Loop","Parent Relationship": "Outer","Parallel Aware": false,"Async Capable": false,"Join Type": "Inner","Startup Cost": 2.84,"Total Cost": 8414.26,"Plan Rows": 3803,"Plan Width": 116,"Actual Startup Time": 0.474,"Actual Total Time": 463.395,"Actual Rows": 15225,"Actual Loops": 3,"Inner Unique": false,"Workers": [],"Plans": [{"Node Type": "Hash Join","Parent Relationship": "Outer","Parallel Aware": false,"Async Capable": false,"Join Type": "Inner","Startup Cost": 2.41,"Total Cost": 4471.79,"Plan Rows": 2500,"Plan Width": 116,"Actual Startup Time": 0.230,"Actual Total Time": 58.477,"Actual Rows": 9984,"Actual Loops": 3,"Inner Unique": false,"Hash Cond": "(customer.c_nationkey = nation.n_nationkey)","Workers": [],"Plans": [{"Node Type": "Seq Scan","Parent Relationship": "Outer","Parallel Aware": true,"Async Capable": false,"Relation Name": "customer","Alias": "customer","Startup Cost": 0.00,"Total Cost": 4210.00,"Plan Rows": 62500,"Plan Width": 8,"Actual Startup Time": 0.016,"Actual Total Time": 10.057,"Actual Rows": 50000,"Actual Loops": 3,"Workers": []},{"Node Type": "Hash","Parent Relationship": "Inner","Parallel Aware": false,"Async Capable": false,"Startup Cost": 2.40,"Total Cost": 2.40,"Plan Rows": 1,"Plan Width": 108,"Actual Startup Time": 0.130,"Actual Total Time": 0.146,"Actual Rows": 5,"Actual Loops": 3,"Hash Buckets": 1024,"Original Hash Buckets": 1024,"Hash Batches": 1,"Original Hash Batches": 1,"Peak Memory Usage": 9,"Workers": [],"Plans": [{"Node Type": "Hash Join","Parent Relationship": "Outer","Parallel Aware": false,"Async Capable": false,"Join Type": "Inner","Startup Cost": 1.07,"Total Cost": 2.40,"Plan Rows": 1,"Plan Width": 108,"Actual Startup Time": 0.116,"Actual Total Time": 0.137,"Actual Rows": 5,"Actual Loops": 3,"Inner Unique": true,"Hash Cond": "(nation.n_regionkey = region.r_regionkey)","Workers": [],"Plans": [{"Node Type": "Seq Scan","Parent Relationship": "Outer","Parallel Aware": false,"Async Capable": false,"Relation Name": "nation","Alias": "nation","Startup Cost": 0.00,"Total Cost": 1.25,"Plan Rows": 25,"Plan Width": 112,"Actual Startup Time": 0.042,"Actual Total Time": 0.045,"Actual Rows": 25,"Actual Loops": 3,"Workers": []},{"Node Type": "Hash","Parent Relationship": "Inner","Parallel Aware": false,"Async Capable": false,"Startup Cost": 1.06,"Total Cost": 1.06,"Plan Rows": 1,"Plan Width": 4,"Actual Startup Time": 0.050,"Actual Total Time": 0.056,"Actual Rows": 1,"Actual Loops": 3,"Hash Buckets": 1024,"Original Hash Buckets": 1024,"Hash Batches": 1,"Original Hash Batches": 1,"Peak Memory Usage": 9,"Workers": [],"Plans": [{"Node Type": "Seq Scan","Parent Relationship": "Outer","Parallel Aware": false,"Async Capable": false,"Relation Name": "region","Alias": "region","Startup Cost": 0.00,"Total Cost": 1.06,"Plan Rows": 1,"Plan Width": 4,"Actual Startup Time": 0.038,"Actual Total Time": 0.040,"Actual Rows": 1,"Actual Loops": 3,"Filter": "(r_name = 'AMERICA'::bpchar)","Rows Removed by Filter": 4,"Workers": []}]}]}]}]},{"Node Type": "Index Scan","Parent Relationship": "Inner","Parallel Aware": false,"Async Capable": false,"Scan Direction": "Forward","Index Name": "idx_orders_custkey","Relation Name": "orders","Alias": "orders","Startup Cost": 0.43,"Total Cost": 1.55,"Plan Rows": 3,"Plan Width": 8,"Actual Startup Time": 0.017,"Actual Total Time": 0.040,"Actual Rows": 2,"Actual Loops": 29952,"Index Cond": "(o_custkey = customer.c_custkey)","Rows Removed by Index Recheck": 0,"Filter": "((o_orderdate >= '1997-01-01'::date) AND (o_orderdate < '1998-01-01 00:00:00'::timestamp without time zone))","Rows Removed by Filter": 8,"Workers": []}]},{"Node Type": "Index Scan","Parent Relationship": "Inner","Parallel Aware": false,"Async Capable": false,"Scan Direction": "Forward","Index Name": "idx_lineitem_orderkey","Relation Name": "lineitem","Alias": "lineitem","Startup Cost": 0.43,"Total Cost": 2.87,"Plan Rows": 17,"Plan Width": 20,"Actual Startup Time": 0.017,"Actual Total Time": 0.020,"Actual Rows": 4,"Actual Loops": 45676,"Index Cond": "(l_orderkey = orders.o_orderkey)","Rows Removed by Index Recheck": 0,"Workers": []}]},{"Node Type": "Hash","Parent Relationship": "Inner","Parallel Aware": false,"Async Capable": false,"Startup Cost": 322.00,"Total Cost": 322.00,"Plan Rows": 10000,"Plan Width": 8,"Actual Startup Time": 10.524,"Actual Total Time": 10.525,"Actual Rows": 10000,"Actual Loops": 3,"Hash Buckets": 16384,"Original Hash Buckets": 16384,"Hash Batches": 1,"Original Hash Batches": 1,"Peak Memory Usage": 519,"Workers": [],"Plans": [{"Node Type": "Seq Scan","Parent Relationship": "Outer","Parallel Aware": false,"Async Capable": false,"Relation Name": "supplier","Alias": "supplier","Startup Cost": 0.00,"Total Cost": 322.00,"Plan Rows": 10000,"Plan Width": 8,"Actual Startup Time": 0.042,"Actual Total Time": 8.814,"Actual Rows": 10000,"Actual Loops": 3,"Workers": []}]}]}]}]}]}]}]},"Planning Time": 10.085,"Triggers": [],"Execution Time": 859.237}]
[{"Plan": {"Node Type": "Sort","Parallel Aware": false,"Async Capable": false,"Startup Cost": 21612.43,"Total Cost": 21612.50,"Plan Rows": 25,"Plan Width": 136,"Actual Startup Time": 869.393,"Actual Total Time": 902.560,"Actual Rows": 5,"Actual Loops": 1,"Sort Key": ["(sum((lineitem.l_extendedprice * ('1'::numeric - lineitem.l_discount)))) DESC"],"Sort Method": "quicksort","Sort Space Used": 25,"Sort Space Type": "Memory","Plans": [{"Node Type": "Aggregate","Strategy": "Sorted","Partial Mode": "Finalize","Parent Relationship": "Outer","Parallel Aware": false,"Async Capable": false,"Startup Cost": 21597.38,"Total Cost": 21611.85,"Plan Rows": 25,"Plan Width": 136,"Actual Startup Time": 868.803,"Actual Total Time": 902.507,"Actual Rows": 5,"Actual Loops": 1,"Group Key": ["nation.n_name"],"Plans": [{"Node Type": "Gather Merge","Parent Relationship": "Outer","Parallel Aware": false,"Async Capable": false,"Startup Cost": 21597.38,"Total Cost": 21611.17,"Plan Rows": 50,"Plan Width": 136,"Actual Startup Time": 868.587,"Actual Total Time": 902.449,"Actual Rows": 15,"Actual Loops": 1,"Workers Planned": 2,"Workers Launched": 2,"Plans": [{"Node Type": "Aggregate","Strategy": "Sorted","Partial Mode": "Partial","Parent Relationship": "Outer","Parallel Aware": false,"Async Capable": false,"Startup Cost": 20597.36,"Total Cost": 20605.37,"Plan Rows": 25,"Plan Width": 136,"Actual Startup Time": 861.245,"Actual Total Time": 861.945,"Actual Rows": 5,"Actual Loops": 3,"Group Key": ["nation.n_name"],"Workers": [],"Plans": [{"Node Type": "Sort","Parent Relationship": "Outer","Parallel Aware": false,"Async Capable": false,"Startup Cost": 20597.36,"Total Cost": 20598.90,"Plan Rows": 616,"Plan Width": 116,"Actual Startup Time": 861.036,"Actual Total Time": 861.162,"Actual Rows": 2414,"Actual Loops": 3,"Sort Key": ["nation.n_name"],"Sort Method": "quicksort","Sort Space Used": 290,"Sort Space Type": "Memory","Workers": [{"Worker Number": 0,"Sort Method": "quicksort","Sort Space Used": 286,"Sort Space Type": "Memory"},{"Worker Number": 1,"Sort Method": "quicksort","Sort Space Used": 280,"Sort Space Type": "Memory"}],"Plans": [{"Node Type": "Hash Join","Parent Relationship": "Outer","Parallel Aware": false,"Async Capable": false,"Join Type": "Inner","Startup Cost": 475.27,"Total Cost": 20568.82,"Plan Rows": 616,"Plan Width": 116,"Actual Startup Time": 8.997,"Actual Total Time": 859.532,"Actual Rows": 2414,"Actual Loops": 3,"Inner Unique": true,"Hash Cond": "((lineitem.l_suppkey = supplier.s_suppkey) AND (customer.c_nationkey = supplier.s_nationkey))","Workers": [],"Plans": [{"Node Type": "Nested Loop","Parent Relationship": "Outer","Parallel Aware": false,"Async Capable": false,"Join Type": "Inner","Startup Cost": 3.27,"Total Cost": 20015.89,"Plan Rows": 15415,"Plan Width": 128,"Actual Startup Time": 0.541,"Actual Total Time": 809.441,"Actual Rows": 61361,"Actual Loops": 3,"Inner Unique": false,"Workers": [],"Plans": [{"Node Type": "Nested Loop","Parent Relationship": "Outer","Parallel Aware": false,"Async Capable": false,"Join Type": "Inner","Startup Cost": 2.84,"Total Cost": 8414.26,"Plan Rows": 3853,"Plan Width": 116,"Actual Startup Time": 0.418,"Actual Total Time": 486.368,"Actual Rows": 15336,"Actual Loops": 3,"Inner Unique": false,"Workers": [],"Plans": [{"Node Type": "Hash Join","Parent Relationship": "Outer","Parallel Aware": false,"Async Capable": false,"Join Type": "Inner","Startup Cost": 2.41,"Total Cost": 4471.79,"Plan Rows": 2500,"Plan Width": 116,"Actual Startup Time": 0.218,"Actual Total Time": 58.257,"Actual Rows": 10061,"Actual Loops": 3,"Inner Unique": false,"Hash Cond": "(customer.c_nationkey = nation.n_nationkey)","Workers": [],"Plans": [{"Node Type": "Seq Scan","Parent Relationship": "Outer","Parallel Aware": true,"Async Capable": false,"Relation Name": "customer","Alias": "customer","Startup Cost": 0.00,"Total Cost": 4210.00,"Plan Rows": 62500,"Plan Width": 8,"Actual Startup Time": 0.013,"Actual Total Time": 9.753,"Actual Rows": 50000,"Actual Loops": 3,"Workers": []},{"Node Type": "Hash","Parent Relationship": "Inner","Parallel Aware": false,"Async Capable": false,"Startup Cost": 2.40,"Total Cost": 2.40,"Plan Rows": 1,"Plan Width": 108,"Actual Startup Time": 0.117,"Actual Total Time": 0.137,"Actual Rows": 5,"Actual Loops": 3,"Hash Buckets": 1024,"Original Hash Buckets": 1024,"Hash Batches": 1,"Original Hash Batches": 1,"Peak Memory Usage": 9,"Workers": [],"Plans": [{"Node Type": "Hash Join","Parent Relationship": "Outer","Parallel Aware": false,"Async Capable": false,"Join Type": "Inner","Startup Cost": 1.07,"Total Cost": 2.40,"Plan Rows": 1,"Plan Width": 108,"Actual Startup Time": 0.106,"Actual Total Time": 0.128,"Actual Rows": 5,"Actual Loops": 3,"Inner Unique": true,"Hash Cond": "(nation.n_regionkey = region.r_regionkey)","Workers": [],"Plans": [{"Node Type": "Seq Scan","Parent Relationship": "Outer","Parallel Aware": false,"Async Capable": false,"Relation Name": "nation","Alias": "nation","Startup Cost": 0.00,"Total Cost": 1.25,"Plan Rows": 25,"Plan Width": 112,"Actual Startup Time": 0.035,"Actual Total Time": 0.039,"Actual Rows": 25,"Actual Loops": 3,"Workers": []},{"Node Type": "Hash","Parent Relationship": "Inner","Parallel Aware": false,"Async Capable": false,"Startup Cost": 1.06,"Total Cost": 1.06,"Plan Rows": 1,"Plan Width": 4,"Actual Startup Time": 0.043,"Actual Total Time": 0.050,"Actual Rows": 1,"Actual Loops": 3,"Hash Buckets": 1024,"Original Hash Buckets": 1024,"Hash Batches": 1,"Original Hash Batches": 1,"Peak Memory Usage": 9,"Workers": [],"Plans": [{"Node Type": "Seq Scan","Parent Relationship": "Outer","Parallel Aware": false,"Async Capable": false,"Relation Name": "region","Alias": "region","Startup Cost": 0.00,"Total Cost": 1.06,"Plan Rows": 1,"Plan Width": 4,"Actual Startup Time": 0.031,"Actual Total Time": 0.033,"Actual Rows": 1,"Actual Loops": 3,"Filter": "(r_name = 'ASIA'::bpchar)","Rows Removed by Filter": 4,"Workers": []}]}]}]}]},{"Node Type": "Index Scan","Parent Relationship": "Inner","Parallel Aware": false,"Async Capable": false,"Scan Direction": "Forward","Index Name": "idx_orders_custkey","Relation Name": "orders","Alias": "orders","Startup Cost": 0.43,"Total Cost": 1.55,"Plan Rows": 3,"Plan Width": 8,"Actual Startup Time": 0.018,"Actual Total Time": 0.042,"Actual Rows": 2,"Actual Loops": 30183,"Index Cond": "(o_custkey = customer.c_custkey)","Rows Removed by Index Recheck": 0,"Filter": "((o_orderdate >= '1994-01-01'::date) AND (o_orderdate < '1995-01-01 00:00:00'::timestamp without time zone))","Rows Removed by Filter": 8,"Workers": []}]},{"Node Type": "Index Scan","Parent Relationship": "Inner","Parallel Aware": false,"Async Capable": false,"Scan Direction": "Forward","Index Name": "idx_lineitem_orderkey","Relation Name": "lineitem","Alias": "lineitem","Startup Cost": 0.43,"Total Cost": 2.84,"Plan Rows": 17,"Plan Width": 20,"Actual Startup Time": 0.017,"Actual Total Time": 0.020,"Actual Rows": 4,"Actual Loops": 46008,"Index Cond": "(l_orderkey = orders.o_orderkey)","Rows Removed by Index Recheck": 0,"Workers": []}]},{"Node Type": "Hash","Parent Relationship": "Inner","Parallel Aware": false,"Async Capable": false,"Startup Cost": 322.00,"Total Cost": 322.00,"Plan Rows": 10000,"Plan Width": 8,"Actual Startup Time": 7.849,"Actual Total Time": 7.853,"Actual Rows": 10000,"Actual Loops": 3,"Hash Buckets": 16384,"Original Hash Buckets": 16384,"Hash Batches": 1,"Original Hash Batches": 1,"Peak Memory Usage": 519,"Workers": [],"Plans": [{"Node Type": "Seq Scan","Parent Relationship": "Outer","Parallel Aware": false,"Async Capable": false,"Relation Name": "supplier","Alias": "supplier","Startup Cost": 0.00,"Total Cost": 322.00,"Plan Rows": 10000,"Plan Width": 8,"Actual Startup Time": 0.047,"Actual Total Time": 6.106,"Actual Rows": 10000,"Actual Loops": 3,"Workers": []}]}]}]}]}]}]}]},"Planning Time": 10.218,"Triggers": [],"Execution Time": 903.179}]
[{"Plan": {"Node Type": "Sort","Parallel Aware": false,"Async Capable": false,"Startup Cost": 21616.39,"Total Cost": 21616.45,"Plan Rows": 25,"Plan Width": 136,"Actual Startup Time": 800.578,"Actual Total Time": 832.005,"Actual Rows": 5,"Actual Loops": 1,"Sort Key": ["(sum((lineitem.l_extendedprice * ('1'::numeric - lineitem.l_discount)))) DESC"],"Sort Method": "quicksort","Sort Space Used": 25,"Sort Space Type": "Memory","Plans": [{"Node Type": "Aggregate","Strategy": "Sorted","Partial Mode": "Finalize","Parent Relationship": "Outer","Parallel Aware": false,"Async Capable": false,"Startup Cost": 21601.33,"Total Cost": 21615.81,"Plan Rows": 25,"Plan Width": 136,"Actual Startup Time": 800.055,"Actual Total Time": 831.951,"Actual Rows": 5,"Actual Loops": 1,"Group Key": ["nation.n_name"],"Plans": [{"Node Type": "Gather Merge","Parent Relationship": "Outer","Parallel Aware": false,"Async Capable": false,"Startup Cost": 21601.33,"Total Cost": 21615.12,"Plan Rows": 50,"Plan Width": 136,"Actual Startup Time": 799.526,"Actual Total Time": 831.902,"Actual Rows": 15,"Actual Loops": 1,"Workers Planned": 2,"Workers Launched": 2,"Plans": [{"Node Type": "Aggregate","Strategy": "Sorted","Partial Mode": "Partial","Parent Relationship": "Outer","Parallel Aware": false,"Async Capable": false,"Startup Cost": 20601.30,"Total Cost": 20609.33,"Plan Rows": 25,"Plan Width": 136,"Actual Startup Time": 791.250,"Actual Total Time": 792.033,"Actual Rows": 5,"Actual Loops": 3,"Group Key": ["nation.n_name"],"Workers": [],"Plans": [{"Node Type": "Sort","Parent Relationship": "Outer","Parallel Aware": false,"Async Capable": false,"Startup Cost": 20601.30,"Total Cost": 20602.85,"Plan Rows": 617,"Plan Width": 116,"Actual Startup Time": 791.028,"Actual Total Time": 791.162,"Actual Rows": 2347,"Actual Loops": 3,"Sort Key": ["nation.n_name"],"Sort Method": "quicksort","Sort Space Used": 275,"Sort Space Type": "Memory","Workers": [{"Worker Number": 0,"Sort Method": "quicksort","Sort Space Used": 280,"Sort Space Type": "Memory"},{"Worker Number": 1,"Sort Method": "quicksort","Sort Space Used": 284,"Sort Space Type": "Memory"}],"Plans": [{"Node Type": "Hash Join","Parent Relationship": "Outer","Parallel Aware": false,"Async Capable": false,"Join Type": "Inner","Startup Cost": 475.27,"Total Cost": 20572.71,"Plan Rows": 617,"Plan Width": 116,"Actual Startup Time": 14.089,"Actual Total Time": 789.451,"Actual Rows": 2347,"Actual Loops": 3,"Inner Unique": true,"Hash Cond": "((lineitem.l_suppkey = supplier.s_suppkey) AND (customer.c_nationkey = supplier.s_nationkey))","Workers": [],"Plans": [{"Node Type": "Nested Loop","Parent Relationship": "Outer","Parallel Aware": false,"Async Capable": false,"Join Type": "Inner","Startup Cost": 3.27,"Total Cost": 20019.70,"Plan Rows": 15431,"Plan Width": 128,"Actual Startup Time": 0.813,"Actual Total Time": 745.242,"Actual Rows": 60682,"Actual Loops": 3,"Inner Unique": false,"Workers": [],"Plans": [{"Node Type": "Nested Loop","Parent Relationship": "Outer","Parallel Aware": false,"Async Capable": false,"Join Type": "Inner","Startup Cost": 2.84,"Total Cost": 8414.26,"Plan Rows": 3857,"Plan Width": 116,"Actual Startup Time": 0.648,"Actual Total Time": 445.539,"Actual Rows": 15117,"Actual Loops": 3,"Inner Unique": false,"Workers": [],"Plans": [{"Node Type": "Hash Join","Parent Relationship": "Outer","Parallel Aware": false,"Async Capable": false,"Join Type": "Inner","Startup Cost": 2.41,"Total Cost": 4471.79,"Plan Rows": 2500,"Plan Width": 116,"Actual Startup Time": 0.286,"Actual Total Time": 54.286,"Actual Rows": 9921,"Actual Loops": 3,"Inner Unique": false,"Hash Cond": "(customer.c_nationkey = nation.n_nationkey)","Workers": [],"Plans": [{"Node Type": "Seq Scan","Parent Relationship": "Outer","Parallel Aware": true,"Async Capable": false,"Relation Name": "customer","Alias": "customer","Startup Cost": 0.00,"Total Cost": 4210.00,"Plan Rows": 62500,"Plan Width": 8,"Actual Startup Time": 0.020,"Actual Total Time": 9.492,"Actual Rows": 50000,"Actual Loops": 3,"Workers": []},{"Node Type": "Hash","Parent Relationship": "Inner","Parallel Aware": false,"Async Capable": false,"Startup Cost": 2.40,"Total Cost": 2.40,"Plan Rows": 1,"Plan Width": 108,"Actual Startup Time": 0.159,"Actual Total Time": 0.178,"Actual Rows": 5,"Actual Loops": 3,"Hash Buckets": 1024,"Original Hash Buckets": 1024,"Hash Batches": 1,"Original Hash Batches": 1,"Peak Memory Usage": 9,"Workers": [],"Plans": [{"Node Type": "Hash Join","Parent Relationship": "Outer","Parallel Aware": false,"Async Capable": false,"Join Type": "Inner","Startup Cost": 1.07,"Total Cost": 2.40,"Plan Rows": 1,"Plan Width": 108,"Actual Startup Time": 0.141,"Actual Total Time": 0.166,"Actual Rows": 5,"Actual Loops": 3,"Inner Unique": true,"Hash Cond": "(nation.n_regionkey = region.r_regionkey)","Workers": [],"Plans": [{"Node Type": "Seq Scan","Parent Relationship": "Outer","Parallel Aware": false,"Async Capable": false,"Relation Name": "nation","Alias": "nation","Startup Cost": 0.00,"Total Cost": 1.25,"Plan Rows": 25,"Plan Width": 112,"Actual Startup Time": 0.054,"Actual Total Time": 0.058,"Actual Rows": 25,"Actual Loops": 3,"Workers": []},{"Node Type": "Hash","Parent Relationship": "Inner","Parallel Aware": false,"Async Capable": false,"Startup Cost": 1.06,"Total Cost": 1.06,"Plan Rows": 1,"Plan Width": 4,"Actual Startup Time": 0.057,"Actual Total Time": 0.062,"Actual Rows": 1,"Actual Loops": 3,"Hash Buckets": 1024,"Original Hash Buckets": 1024,"Hash Batches": 1,"Original Hash Batches": 1,"Peak Memory Usage": 9,"Workers": [],"Plans": [{"Node Type": "Seq Scan","Parent Relationship": "Outer","Parallel Aware": false,"Async Capable": false,"Relation Name": "region","Alias": "region","Startup Cost": 0.00,"Total Cost": 1.06,"Plan Rows": 1,"Plan Width": 4,"Actual Startup Time": 0.040,"Actual Total Time": 0.042,"Actual Rows": 1,"Actual Loops": 3,"Filter": "(r_name = 'AFRICA'::bpchar)","Rows Removed by Filter": 4,"Workers": []}]}]}]}]},{"Node Type": "Index Scan","Parent Relationship": "Inner","Parallel Aware": false,"Async Capable": false,"Scan Direction": "Forward","Index Name": "idx_orders_custkey","Relation Name": "orders","Alias": "orders","Startup Cost": 0.43,"Total Cost": 1.55,"Plan Rows": 3,"Plan Width": 8,"Actual Startup Time": 0.017,"Actual Total Time": 0.039,"Actual Rows": 2,"Actual Loops": 29764,"Index Cond": "(o_custkey = customer.c_custkey)","Rows Removed by Index Recheck": 0,"Filter": "((o_orderdate >= '1996-01-01'::date) AND (o_orderdate < '1997-01-01 00:00:00'::timestamp without time zone))","Rows Removed by Filter": 9,"Workers": []}]},{"Node Type": "Index Scan","Parent Relationship": "Inner","Parallel Aware": false,"Async Capable": false,"Scan Direction": "Forward","Index Name": "idx_lineitem_orderkey","Relation Name": "lineitem","Alias": "lineitem","Startup Cost": 0.43,"Total Cost": 2.84,"Plan Rows": 17,"Plan Width": 20,"Actual Startup Time": 0.016,"Actual Total Time": 0.019,"Actual Rows": 4,"Actual Loops": 45352,"Index Cond": "(l_orderkey = orders.o_orderkey)","Rows Removed by Index Recheck": 0,"Workers": []}]},{"Node Type": "Hash","Parent Relationship": "Inner","Parallel Aware": false,"Async Capable": false,"Startup Cost": 322.00,"Total Cost": 322.00,"Plan Rows": 10000,"Plan Width": 8,"Actual Startup Time": 12.144,"Actual Total Time": 12.150,"Actual Rows": 10000,"Actual Loops": 3,"Hash Buckets": 16384,"Original Hash Buckets": 16384,"Hash Batches": 1,"Original Hash Batches": 1,"Peak Memory Usage": 519,"Workers": [],"Plans": [{"Node Type": "Seq Scan","Parent Relationship": "Outer","Parallel Aware": false,"Async Capable": false,"Relation Name": "supplier","Alias": "supplier","Startup Cost": 0.00,"Total Cost": 322.00,"Plan Rows": 10000,"Plan Width": 8,"Actual Startup Time": 0.040,"Actual Total Time": 10.535,"Actual Rows": 10000,"Actual Loops": 3,"Workers": []}]}]}]}]}]}]}]},"Planning Time": 10.511,"Triggers": [],"Execution Time": 832.422}]
[{"Plan": {"Node Type": "Sort","Parallel Aware": false,"Async Capable": false,"Startup Cost": 21616.39,"Total Cost": 21616.45,"Plan Rows": 25,"Plan Width": 136,"Actual Startup Time": 817.171,"Actual Total Time": 848.557,"Actual Rows": 5,"Actual Loops": 1,"Sort Key": ["(sum((lineitem.l_extendedprice * ('1'::numeric - lineitem.l_discount)))) DESC"],"Sort Method": "quicksort","Sort Space Used": 25,"Sort Space Type": "Memory","Plans": [{"Node Type": "Aggregate","Strategy": "Sorted","Partial Mode": "Finalize","Parent Relationship": "Outer","Parallel Aware": false,"Async Capable": false,"Startup Cost": 21601.33,"Total Cost": 21615.81,"Plan Rows": 25,"Plan Width": 136,"Actual Startup Time": 816.250,"Actual Total Time": 848.503,"Actual Rows": 5,"Actual Loops": 1,"Group Key": ["nation.n_name"],"Plans": [{"Node Type": "Gather Merge","Parent Relationship": "Outer","Parallel Aware": false,"Async Capable": false,"Startup Cost": 21601.33,"Total Cost": 21615.12,"Plan Rows": 50,"Plan Width": 136,"Actual Startup Time": 815.620,"Actual Total Time": 848.441,"Actual Rows": 15,"Actual Loops": 1,"Workers Planned": 2,"Workers Launched": 2,"Plans": [{"Node Type": "Aggregate","Strategy": "Sorted","Partial Mode": "Partial","Parent Relationship": "Outer","Parallel Aware": false,"Async Capable": false,"Startup Cost": 20601.30,"Total Cost": 20609.33,"Plan Rows": 25,"Plan Width": 136,"Actual Startup Time": 807.499,"Actual Total Time": 808.444,"Actual Rows": 5,"Actual Loops": 3,"Group Key": ["nation.n_name"],"Workers": [],"Plans": [{"Node Type": "Sort","Parent Relationship": "Outer","Parallel Aware": false,"Async Capable": false,"Startup Cost": 20601.30,"Total Cost": 20602.85,"Plan Rows": 617,"Plan Width": 116,"Actual Startup Time": 807.276,"Actual Total Time": 807.432,"Actual Rows": 2427,"Actual Loops": 3,"Sort Key": ["nation.n_name"],"Sort Method": "quicksort","Sort Space Used": 295,"Sort Space Type": "Memory","Workers": [{"Worker Number": 0,"Sort Method": "quicksort","Sort Space Used": 285,"Sort Space Type": "Memory"},{"Worker Number": 1,"Sort Method": "quicksort","Sort Space Used": 279,"Sort Space Type": "Memory"}],"Plans": [{"Node Type": "Hash Join","Parent Relationship": "Outer","Parallel Aware": false,"Async Capable": false,"Join Type": "Inner","Startup Cost": 475.27,"Total Cost": 20572.71,"Plan Rows": 617,"Plan Width": 116,"Actual Startup Time": 13.659,"Actual Total Time": 805.763,"Actual Rows": 2427,"Actual Loops": 3,"Inner Unique": true,"Hash Cond": "((lineitem.l_suppkey = supplier.s_suppkey) AND (customer.c_nationkey = supplier.s_nationkey))","Workers": [],"Plans": [{"Node Type": "Nested Loop","Parent Relationship": "Outer","Parallel Aware": false,"Async Capable": false,"Join Type": "Inner","Startup Cost": 3.27,"Total Cost": 20019.70,"Plan Rows": 15431,"Plan Width": 128,"Actual Startup Time": 0.940,"Actual Total Time": 760.394,"Actual Rows": 61187,"Actual Loops": 3,"Inner Unique": false,"Workers": [],"Plans": [{"Node Type": "Nested Loop","Parent Relationship": "Outer","Parallel Aware": false,"Async Capable": false,"Join Type": "Inner","Startup Cost": 2.84,"Total Cost": 8414.26,"Plan Rows": 3857,"Plan Width": 116,"Actual Startup Time": 0.804,"Actual Total Time": 453.891,"Actual Rows": 15325,"Actual Loops": 3,"Inner Unique": false,"Workers": [],"Plans": [{"Node Type": "Hash Join","Parent Relationship": "Outer","Parallel Aware": false,"Async Capable": false,"Join Type": "Inner","Startup Cost": 2.41,"Total Cost": 4471.79,"Plan Rows": 2500,"Plan Width": 116,"Actual Startup Time": 0.319,"Actual Total Time": 55.842,"Actual Rows": 10061,"Actual Loops": 3,"Inner Unique": false,"Hash Cond": "(customer.c_nationkey = nation.n_nationkey)","Workers": [],"Plans": [{"Node Type": "Seq Scan","Parent Relationship": "Outer","Parallel Aware": true,"Async Capable": false,"Relation Name": "customer","Alias": "customer","Startup Cost": 0.00,"Total Cost": 4210.00,"Plan Rows": 62500,"Plan Width": 8,"Actual Startup Time": 0.026,"Actual Total Time": 9.689,"Actual Rows": 50000,"Actual Loops": 3,"Workers": []},{"Node Type": "Hash","Parent Relationship": "Inner","Parallel Aware": false,"Async Capable": false,"Startup Cost": 2.40,"Total Cost": 2.40,"Plan Rows": 1,"Plan Width": 108,"Actual Startup Time": 0.180,"Actual Total Time": 0.198,"Actual Rows": 5,"Actual Loops": 3,"Hash Buckets": 1024,"Original Hash Buckets": 1024,"Hash Batches": 1,"Original Hash Batches": 1,"Peak Memory Usage": 9,"Workers": [],"Plans": [{"Node Type": "Hash Join","Parent Relationship": "Outer","Parallel Aware": false,"Async Capable": false,"Join Type": "Inner","Startup Cost": 1.07,"Total Cost": 2.40,"Plan Rows": 1,"Plan Width": 108,"Actual Startup Time": 0.166,"Actual Total Time": 0.188,"Actual Rows": 5,"Actual Loops": 3,"Inner Unique": true,"Hash Cond": "(nation.n_regionkey = region.r_regionkey)","Workers": [],"Plans": [{"Node Type": "Seq Scan","Parent Relationship": "Outer","Parallel Aware": false,"Async Capable": false,"Relation Name": "nation","Alias": "nation","Startup Cost": 0.00,"Total Cost": 1.25,"Plan Rows": 25,"Plan Width": 112,"Actual Startup Time": 0.055,"Actual Total Time": 0.060,"Actual Rows": 25,"Actual Loops": 3,"Workers": []},{"Node Type": "Hash","Parent Relationship": "Inner","Parallel Aware": false,"Async Capable": false,"Startup Cost": 1.06,"Total Cost": 1.06,"Plan Rows": 1,"Plan Width": 4,"Actual Startup Time": 0.079,"Actual Total Time": 0.084,"Actual Rows": 1,"Actual Loops": 3,"Hash Buckets": 1024,"Original Hash Buckets": 1024,"Hash Batches": 1,"Original Hash Batches": 1,"Peak Memory Usage": 9,"Workers": [],"Plans": [{"Node Type": "Seq Scan","Parent Relationship": "Outer","Parallel Aware": false,"Async Capable": false,"Relation Name": "region","Alias": "region","Startup Cost": 0.00,"Total Cost": 1.06,"Plan Rows": 1,"Plan Width": 4,"Actual Startup Time": 0.058,"Actual Total Time": 0.061,"Actual Rows": 1,"Actual Loops": 3,"Filter": "(r_name = 'ASIA'::bpchar)","Rows Removed by Filter": 4,"Workers": []}]}]}]}]},{"Node Type": "Index Scan","Parent Relationship": "Inner","Parallel Aware": false,"Async Capable": false,"Scan Direction": "Forward","Index Name": "idx_orders_custkey","Relation Name": "orders","Alias": "orders","Startup Cost": 0.43,"Total Cost": 1.55,"Plan Rows": 3,"Plan Width": 8,"Actual Startup Time": 0.017,"Actual Total Time": 0.039,"Actual Rows": 2,"Actual Loops": 30183,"Index Cond": "(o_custkey = customer.c_custkey)","Rows Removed by Index Recheck": 0,"Filter": "((o_orderdate >= '1996-01-01'::date) AND (o_orderdate < '1997-01-01 00:00:00'::timestamp without time zone))","Rows Removed by Filter": 8,"Workers": []}]},{"Node Type": "Index Scan","Parent Relationship": "Inner","Parallel Aware": false,"Async Capable": false,"Scan Direction": "Forward","Index Name": "idx_lineitem_orderkey","Relation Name": "lineitem","Alias": "lineitem","Startup Cost": 0.43,"Total Cost": 2.84,"Plan Rows": 17,"Plan Width": 20,"Actual Startup Time": 0.017,"Actual Total Time": 0.019,"Actual Rows": 4,"Actual Loops": 45976,"Index Cond": "(l_orderkey = orders.o_orderkey)","Rows Removed by Index Recheck": 0,"Workers": []}]},{"Node Type": "Hash","Parent Relationship": "Inner","Parallel Aware": false,"Async Capable": false,"Startup Cost": 322.00,"Total Cost": 322.00,"Plan Rows": 10000,"Plan Width": 8,"Actual Startup Time": 12.172,"Actual Total Time": 12.179,"Actual Rows": 10000,"Actual Loops": 3,"Hash Buckets": 16384,"Original Hash Buckets": 16384,"Hash Batches": 1,"Original Hash Batches": 1,"Peak Memory Usage": 519,"Workers": [],"Plans": [{"Node Type": "Seq Scan","Parent Relationship": "Outer","Parallel Aware": false,"Async Capable": false,"Relation Name": "supplier","Alias": "supplier","Startup Cost": 0.00,"Total Cost": 322.00,"Plan Rows": 10000,"Plan Width": 8,"Actual Startup Time": 0.048,"Actual Total Time": 10.623,"Actual Rows": 10000,"Actual Loops": 3,"Workers": []}]}]}]}]}]}]}]},"Planning Time": 10.688,"Triggers": [],"Execution Time": 848.991}]
[{"Plan": {"Node Type": "Sort","Parallel Aware": false,"Async Capable": false,"Startup Cost": 21612.43,"Total Cost": 21612.50,"Plan Rows": 25,"Plan Width": 136,"Actual Startup Time": 869.393,"Actual Total Time": 902.560,"Actual Rows": 5,"Actual Loops": 1,"Sort Key": ["(sum((lineitem.l_extendedprice * ('1'::numeric - lineitem.l_discount)))) DESC"],"Sort Method": "quicksort","Sort Space Used": 25,"Sort Space Type": "Memory","Plans": [{"Node Type": "Aggregate","Strategy": "Sorted","Partial Mode": "Finalize","Parent Relationship": "Outer","Parallel Aware": false,"Async Capable": false,"Startup Cost": 21597.38,"Total Cost": 21611.85,"Plan Rows": 25,"Plan Width": 136,"Actual Startup Time": 868.803,"Actual Total Time": 902.507,"Actual Rows": 5,"Actual Loops": 1,"Group Key": ["nation.n_name"],"Plans": [{"Node Type": "Gather Merge","Parent Relationship": "Outer","Parallel Aware": false,"Async Capable": false,"Startup Cost": 21597.38,"Total Cost": 21611.17,"Plan Rows": 50,"Plan Width": 136,"Actual Startup Time": 868.587,"Actual Total Time": 902.449,"Actual Rows": 15,"Actual Loops": 1,"Workers Planned": 2,"Workers Launched": 2,"Plans": [{"Node Type": "Aggregate","Strategy": "Sorted","Partial Mode": "Partial","Parent Relationship": "Outer","Parallel Aware": false,"Async Capable": false,"Startup Cost": 20597.36,"Total Cost": 20605.37,"Plan Rows": 25,"Plan Width": 136,"Actual Startup Time": 861.245,"Actual Total Time": 861.945,"Actual Rows": 5,"Actual Loops": 3,"Group Key": ["nation.n_name"],"Workers": [],"Plans": [{"Node Type": "Sort","Parent Relationship": "Outer","Parallel Aware": false,"Async Capable": false,"Startup Cost": 20597.36,"Total Cost": 20598.90,"Plan Rows": 616,"Plan Width": 116,"Actual Startup Time": 861.036,"Actual Total Time": 861.162,"Actual Rows": 2414,"Actual Loops": 3,"Sort Key": ["nation.n_name"],"Sort Method": "quicksort","Sort Space Used": 290,"Sort Space Type": "Memory","Workers": [{"Worker Number": 0,"Sort Method": "quicksort","Sort Space Used": 286,"Sort Space Type": "Memory"},{"Worker Number": 1,"Sort Method": "quicksort","Sort Space Used": 280,"Sort Space Type": "Memory"}],"Plans": [{"Node Type": "Hash Join","Parent Relationship": "Outer","Parallel Aware": false,"Async Capable": false,"Join Type": "Inner","Startup Cost": 475.27,"Total Cost": 20568.82,"Plan Rows": 616,"Plan Width": 116,"Actual Startup Time": 8.997,"Actual Total Time": 859.532,"Actual Rows": 2414,"Actual Loops": 3,"Inner Unique": true,"Hash Cond": "((lineitem.l_suppkey = supplier.s_suppkey) AND (customer.c_nationkey = supplier.s_nationkey))","Workers": [],"Plans": [{"Node Type": "Nested Loop","Parent Relationship": "Outer","Parallel Aware": false,"Async Capable": false,"Join Type": "Inner","Startup Cost": 3.27,"Total Cost": 20015.89,"Plan Rows": 15415,"Plan Width": 128,"Actual Startup Time": 0.541,"Actual Total Time": 809.441,"Actual Rows": 61361,"Actual Loops": 3,"Inner Unique": false,"Workers": [],"Plans": [{"Node Type": "Nested Loop","Parent Relationship": "Outer","Parallel Aware": false,"Async Capable": false,"Join Type": "Inner","Startup Cost": 2.84,"Total Cost": 8414.26,"Plan Rows": 3853,"Plan Width": 116,"Actual Startup Time": 0.418,"Actual Total Time": 486.368,"Actual Rows": 15336,"Actual Loops": 3,"Inner Unique": false,"Workers": [],"Plans": [{"Node Type": "Hash Join","Parent Relationship": "Outer","Parallel Aware": false,"Async Capable": false,"Join Type": "Inner","Startup Cost": 2.41,"Total Cost": 4471.79,"Plan Rows": 2500,"Plan Width": 116,"Actual Startup Time": 0.218,"Actual Total Time": 58.257,"Actual Rows": 10061,"Actual Loops": 3,"Inner Unique": false,"Hash Cond": "(customer.c_nationkey = nation.n_nationkey)","Workers": [],"Plans": [{"Node Type": "Seq Scan","Parent Relationship": "Outer","Parallel Aware": true,"Async Capable": false,"Relation Name": "customer","Alias": "customer","Startup Cost": 0.00,"Total Cost": 4210.00,"Plan Rows": 62500,"Plan Width": 8,"Actual Startup Time": 0.013,"Actual Total Time": 9.753,"Actual Rows": 50000,"Actual Loops": 3,"Workers": []},{"Node Type": "Hash","Parent Relationship": "Inner","Parallel Aware": false,"Async Capable": false,"Startup Cost": 2.40,"Total Cost": 2.40,"Plan Rows": 1,"Plan Width": 108,"Actual Startup Time": 0.117,"Actual Total Time": 0.137,"Actual Rows": 5,"Actual Loops": 3,"Hash Buckets": 1024,"Original Hash Buckets": 1024,"Hash Batches": 1,"Original Hash Batches": 1,"Peak Memory Usage": 9,"Workers": [],"Plans": [{"Node Type": "Hash Join","Parent Relationship": "Outer","Parallel Aware": false,"Async Capable": false,"Join Type": "Inner","Startup Cost": 1.07,"Total Cost": 2.40,"Plan Rows": 1,"Plan Width": 108,"Actual Startup Time": 0.106,"Actual Total Time": 0.128,"Actual Rows": 5,"Actual Loops": 3,"Inner Unique": true,"Hash Cond": "(nation.n_regionkey = region.r_regionkey)","Workers": [],"Plans": [{"Node Type": "Seq Scan","Parent Relationship": "Outer","Parallel Aware": false,"Async Capable": false,"Relation Name": "nation","Alias": "nation","Startup Cost": 0.00,"Total Cost": 1.25,"Plan Rows": 25,"Plan Width": 112,"Actual Startup Time": 0.035,"Actual Total Time": 0.039,"Actual Rows": 25,"Actual Loops": 3,"Workers": []},{"Node Type": "Hash","Parent Relationship": "Inner","Parallel Aware": false,"Async Capable": false,"Startup Cost": 1.06,"Total Cost": 1.06,"Plan Rows": 1,"Plan Width": 4,"Actual Startup Time": 0.043,"Actual Total Time": 0.050,"Actual Rows": 1,"Actual Loops": 3,"Hash Buckets": 1024,"Original Hash Buckets": 1024,"Hash Batches": 1,"Original Hash Batches": 1,"Peak Memory Usage": 9,"Workers": [],"Plans": [{"Node Type": "Seq Scan","Parent Relationship": "Outer","Parallel Aware": false,"Async Capable": false,"Relation Name": "region","Alias": "region","Startup Cost": 0.00,"Total Cost": 1.06,"Plan Rows": 1,"Plan Width": 4,"Actual Startup Time": 0.031,"Actual Total Time": 0.033,"Actual Rows": 1,"Actual Loops": 3,"Filter": "(r_name = 'ASIA'::bpchar)","Rows Removed by Filter": 4,"Workers": []}]}]}]}]},{"Node Type": "Index Scan","Parent Relationship": "Inner","Parallel Aware": false,"Async Capable": false,"Scan Direction": "Forward","Index Name": "idx_orders_custkey","Relation Name": "orders","Alias": "orders","Startup Cost": 0.43,"Total Cost": 1.55,"Plan Rows": 3,"Plan Width": 8,"Actual Startup Time": 0.018,"Actual Total Time": 0.042,"Actual Rows": 2,"Actual Loops": 30183,"Index Cond": "(o_custkey = customer.c_custkey)","Rows Removed by Index Recheck": 0,"Filter": "((o_orderdate >= '1994-01-01'::date) AND (o_orderdate < '1995-01-01 00:00:00'::timestamp without time zone))","Rows Removed by Filter": 8,"Workers": []}]},{"Node Type": "Index Scan","Parent Relationship": "Inner","Parallel Aware": false,"Async Capable": false,"Scan Direction": "Forward","Index Name": "idx_lineitem_orderkey","Relation Name": "lineitem","Alias": "lineitem","Startup Cost": 0.43,"Total Cost": 2.84,"Plan Rows": 17,"Plan Width": 20,"Actual Startup Time": 0.017,"Actual Total Time": 0.020,"Actual Rows": 4,"Actual Loops": 46008,"Index Cond": "(l_orderkey = orders.o_orderkey)","Rows Removed by Index Recheck": 0,"Workers": []}]},{"Node Type": "Hash","Parent Relationship": "Inner","Parallel Aware": false,"Async Capable": false,"Startup Cost": 322.00,"Total Cost": 322.00,"Plan Rows": 10000,"Plan Width": 8,"Actual Startup Time": 7.849,"Actual Total Time": 7.853,"Actual Rows": 10000,"Actual Loops": 3,"Hash Buckets": 16384,"Original Hash Buckets": 16384,"Hash Batches": 1,"Original Hash Batches": 1,"Peak Memory Usage": 519,"Workers": [],"Plans": [{"Node Type": "Seq Scan","Parent Relationship": "Outer","Parallel Aware": false,"Async Capable": false,"Relation Name": "supplier","Alias": "supplier","Startup Cost": 0.00,"Total Cost": 322.00,"Plan Rows": 10000,"Plan Width": 8,"Actual Startup Time": 0.047,"Actual Total Time": 6.106,"Actual Rows": 10000,"Actual Loops": 3,"Workers": []}]}]}]}]}]}]}]},"Planning Time": 10.218,"Triggers": [],"Execution Time": 903.179}]
[{"Plan": {"Node Type": "Sort","Parallel Aware": false,"Async Capable": false,"Startup Cost": 21612.43,"Total Cost": 21612.50,"Plan Rows": 25,"Plan Width": 136,"Actual Startup Time": 869.393,"Actual Total Time": 902.560,"Actual Rows": 5,"Actual Loops": 1,"Sort Key": ["(sum((lineitem.l_extendedprice * ('1'::numeric - lineitem.l_discount)))) DESC"],"Sort Method": "quicksort","Sort Space Used": 25,"Sort Space Type": "Memory","Plans": [{"Node Type": "Aggregate","Strategy": "Sorted","Partial Mode": "Finalize","Parent Relationship": "Outer","Parallel Aware": false,"Async Capable": false,"Startup Cost": 21597.38,"Total Cost": 21611.85,"Plan Rows": 25,"Plan Width": 136,"Actual Startup Time": 868.803,"Actual Total Time": 902.507,"Actual Rows": 5,"Actual Loops": 1,"Group Key": ["nation.n_name"],"Plans": [{"Node Type": "Gather Merge","Parent Relationship": "Outer","Parallel Aware": false,"Async Capable": false,"Startup Cost": 21597.38,"Total Cost": 21611.17,"Plan Rows": 50,"Plan Width": 136,"Actual Startup Time": 868.587,"Actual Total Time": 902.449,"Actual Rows": 15,"Actual Loops": 1,"Workers Planned": 2,"Workers Launched": 2,"Plans": [{"Node Type": "Aggregate","Strategy": "Sorted","Partial Mode": "Partial","Parent Relationship": "Outer","Parallel Aware": false,"Async Capable": false,"Startup Cost": 20597.36,"Total Cost": 20605.37,"Plan Rows": 25,"Plan Width": 136,"Actual Startup Time": 861.245,"Actual Total Time": 861.945,"Actual Rows": 5,"Actual Loops": 3,"Group Key": ["nation.n_name"],"Workers": [],"Plans": [{"Node Type": "Sort","Parent Relationship": "Outer","Parallel Aware": false,"Async Capable": false,"Startup Cost": 20597.36,"Total Cost": 20598.90,"Plan Rows": 616,"Plan Width": 116,"Actual Startup Time": 861.036,"Actual Total Time": 861.162,"Actual Rows": 2414,"Actual Loops": 3,"Sort Key": ["nation.n_name"],"Sort Method": "quicksort","Sort Space Used": 290,"Sort Space Type": "Memory","Workers": [{"Worker Number": 0,"Sort Method": "quicksort","Sort Space Used": 286,"Sort Space Type": "Memory"},{"Worker Number": 1,"Sort Method": "quicksort","Sort Space Used": 280,"Sort Space Type": "Memory"}],"Plans": [{"Node Type": "Hash Join","Parent Relationship": "Outer","Parallel Aware": false,"Async Capable": false,"Join Type": "Inner","Startup Cost": 475.27,"Total Cost": 20568.82,"Plan Rows": 616,"Plan Width": 116,"Actual Startup Time": 8.997,"Actual Total Time": 859.532,"Actual Rows": 2414,"Actual Loops": 3,"Inner Unique": true,"Hash Cond": "((lineitem.l_suppkey = supplier.s_suppkey) AND (customer.c_nationkey = supplier.s_nationkey))","Workers": [],"Plans": [{"Node Type": "Nested Loop","Parent Relationship": "Outer","Parallel Aware": false,"Async Capable": false,"Join Type": "Inner","Startup Cost": 3.27,"Total Cost": 20015.89,"Plan Rows": 15415,"Plan Width": 128,"Actual Startup Time": 0.541,"Actual Total Time": 809.441,"Actual Rows": 61361,"Actual Loops": 3,"Inner Unique": false,"Workers": [],"Plans": [{"Node Type": "Nested Loop","Parent Relationship": "Outer","Parallel Aware": false,"Async Capable": false,"Join Type": "Inner","Startup Cost": 2.84,"Total Cost": 8414.26,"Plan Rows": 3853,"Plan Width": 116,"Actual Startup Time": 0.418,"Actual Total Time": 486.368,"Actual Rows": 15336,"Actual Loops": 3,"Inner Unique": false,"Workers": [],"Plans": [{"Node Type": "Hash Join","Parent Relationship": "Outer","Parallel Aware": false,"Async Capable": false,"Join Type": "Inner","Startup Cost": 2.41,"Total Cost": 4471.79,"Plan Rows": 2500,"Plan Width": 116,"Actual Startup Time": 0.218,"Actual Total Time": 58.257,"Actual Rows": 10061,"Actual Loops": 3,"Inner Unique": false,"Hash Cond": "(customer.c_nationkey = nation.n_nationkey)","Workers": [],"Plans": [{"Node Type": "Seq Scan","Parent Relationship": "Outer","Parallel Aware": true,"Async Capable": false,"Relation Name": "customer","Alias": "customer","Startup Cost": 0.00,"Total Cost": 4210.00,"Plan Rows": 62500,"Plan Width": 8,"Actual Startup Time": 0.013,"Actual Total Time": 9.753,"Actual Rows": 50000,"Actual Loops": 3,"Workers": []},{"Node Type": "Hash","Parent Relationship": "Inner","Parallel Aware": false,"Async Capable": false,"Startup Cost": 2.40,"Total Cost": 2.40,"Plan Rows": 1,"Plan Width": 108,"Actual Startup Time": 0.117,"Actual Total Time": 0.137,"Actual Rows": 5,"Actual Loops": 3,"Hash Buckets": 1024,"Original Hash Buckets": 1024,"Hash Batches": 1,"Original Hash Batches": 1,"Peak Memory Usage": 9,"Workers": [],"Plans": [{"Node Type": "Hash Join","Parent Relationship": "Outer","Parallel Aware": false,"Async Capable": false,"Join Type": "Inner","Startup Cost": 1.07,"Total Cost": 2.40,"Plan Rows": 1,"Plan Width": 108,"Actual Startup Time": 0.106,"Actual Total Time": 0.128,"Actual Rows": 5,"Actual Loops": 3,"Inner Unique": true,"Hash Cond": "(nation.n_regionkey = region.r_regionkey)","Workers": [],"Plans": [{"Node Type": "Seq Scan","Parent Relationship": "Outer","Parallel Aware": false,"Async Capable": false,"Relation Name": "nation","Alias": "nation","Startup Cost": 0.00,"Total Cost": 1.25,"Plan Rows": 25,"Plan Width": 112,"Actual Startup Time": 0.035,"Actual Total Time": 0.039,"Actual Rows": 25,"Actual Loops": 3,"Workers": []},{"Node Type": "Hash","Parent Relationship": "Inner","Parallel Aware": false,"Async Capable": false,"Startup Cost": 1.06,"Total Cost": 1.06,"Plan Rows": 1,"Plan Width": 4,"Actual Startup Time": 0.043,"Actual Total Time": 0.050,"Actual Rows": 1,"Actual Loops": 3,"Hash Buckets": 1024,"Original Hash Buckets": 1024,"Hash Batches": 1,"Original Hash Batches": 1,"Peak Memory Usage": 9,"Workers": [],"Plans": [{"Node Type": "Seq Scan","Parent Relationship": "Outer","Parallel Aware": false,"Async Capable": false,"Relation Name": "region","Alias": "region","Startup Cost": 0.00,"Total Cost": 1.06,"Plan Rows": 1,"Plan Width": 4,"Actual Startup Time": 0.031,"Actual Total Time": 0.033,"Actual Rows": 1,"Actual Loops": 3,"Filter": "(r_name = 'ASIA'::bpchar)","Rows Removed by Filter": 4,"Workers": []}]}]}]}]},{"Node Type": "Index Scan","Parent Relationship": "Inner","Parallel Aware": false,"Async Capable": false,"Scan Direction": "Forward","Index Name": "idx_orders_custkey","Relation Name": "orders","Alias": "orders","Startup Cost": 0.43,"Total Cost": 1.55,"Plan Rows": 3,"Plan Width": 8,"Actual Startup Time": 0.018,"Actual Total Time": 0.042,"Actual Rows": 2,"Actual Loops": 30183,"Index Cond": "(o_custkey = customer.c_custkey)","Rows Removed by Index Recheck": 0,"Filter": "((o_orderdate >= '1994-01-01'::date) AND (o_orderdate < '1995-01-01 00:00:00'::timestamp without time zone))","Rows Removed by Filter": 8,"Workers": []}]},{"Node Type": "Index Scan","Parent Relationship": "Inner","Parallel Aware": false,"Async Capable": false,"Scan Direction": "Forward","Index Name": "idx_lineitem_orderkey","Relation Name": "lineitem","Alias": "lineitem","Startup Cost": 0.43,"Total Cost": 2.84,"Plan Rows": 17,"Plan Width": 20,"Actual Startup Time": 0.017,"Actual Total Time": 0.020,"Actual Rows": 4,"Actual Loops": 46008,"Index Cond": "(l_orderkey = orders.o_orderkey)","Rows Removed by Index Recheck": 0,"Workers": []}]},{"Node Type": "Hash","Parent Relationship": "Inner","Parallel Aware": false,"Async Capable": false,"Startup Cost": 322.00,"Total Cost": 322.00,"Plan Rows": 10000,"Plan Width": 8,"Actual Startup Time": 7.849,"Actual Total Time": 7.853,"Actual Rows": 10000,"Actual Loops": 3,"Hash Buckets": 16384,"Original Hash Buckets": 16384,"Hash Batches": 1,"Original Hash Batches": 1,"Peak Memory Usage": 519,"Workers": [],"Plans": [{"Node Type": "Seq Scan","Parent Relationship": "Outer","Parallel Aware": false,"Async Capable": false,"Relation Name": "supplier","Alias": "supplier","Startup Cost": 0.00,"Total Cost": 322.00,"Plan Rows": 10000,"Plan Width": 8,"Actual Startup Time": 0.047,"Actual Total Time": 6.106,"Actual Rows": 10000,"Actual Loops": 3,"Workers": []}]}]}]}]}]}]}]},"Planning Time": 10.218,"Triggers": [],"Execution Time": 903.179}]
[{"Plan": {"Node Type": "Sort","Parallel Aware": false,"Async Capable": false,"Startup Cost": 21565.24,"Total Cost": 21565.30,"Plan Rows": 25,"Plan Width": 136,"Actual Startup Time": 803.148,"Actual Total Time": 837.225,"Actual Rows": 5,"Actual Loops": 1,"Sort Key": ["(sum((lineitem.l_extendedprice * ('1'::numeric - lineitem.l_discount)))) DESC"],"Sort Method": "quicksort","Sort Space Used": 25,"Sort Space Type": "Memory","Plans": [{"Node Type": "Aggregate","Strategy": "Sorted","Partial Mode": "Finalize","Parent Relationship": "Outer","Parallel Aware": false,"Async Capable": false,"Startup Cost": 21550.29,"Total Cost": 21564.66,"Plan Rows": 25,"Plan Width": 136,"Actual Startup Time": 802.551,"Actual Total Time": 837.165,"Actual Rows": 5,"Actual Loops": 1,"Group Key": ["nation.n_name"],"Plans": [{"Node Type": "Gather Merge","Parent Relationship": "Outer","Parallel Aware": false,"Async Capable": false,"Startup Cost": 21550.29,"Total Cost": 21563.97,"Plan Rows": 50,"Plan Width": 136,"Actual Startup Time": 802.343,"Actual Total Time": 837.116,"Actual Rows": 15,"Actual Loops": 1,"Workers Planned": 2,"Workers Launched": 2,"Plans": [{"Node Type": "Aggregate","Strategy": "Sorted","Partial Mode": "Partial","Parent Relationship": "Outer","Parallel Aware": false,"Async Capable": false,"Startup Cost": 20550.26,"Total Cost": 20558.18,"Plan Rows": 25,"Plan Width": 136,"Actual Startup Time": 794.724,"Actual Total Time": 795.426,"Actual Rows": 5,"Actual Loops": 3,"Group Key": ["nation.n_name"],"Workers": [],"Plans": [{"Node Type": "Sort","Parent Relationship": "Outer","Parallel Aware": false,"Async Capable": false,"Startup Cost": 20550.26,"Total Cost": 20551.78,"Plan Rows": 608,"Plan Width": 116,"Actual Startup Time": 794.492,"Actual Total Time": 794.616,"Actual Rows": 2402,"Actual Loops": 3,"Sort Key": ["nation.n_name"],"Sort Method": "quicksort","Sort Space Used": 284,"Sort Space Type": "Memory","Workers": [{"Worker Number": 0,"Sort Method": "quicksort","Sort Space Used": 278,"Sort Space Type": "Memory"},{"Worker Number": 1,"Sort Method": "quicksort","Sort Space Used": 290,"Sort Space Type": "Memory"}],"Plans": [{"Node Type": "Hash Join","Parent Relationship": "Outer","Parallel Aware": false,"Async Capable": false,"Join Type": "Inner","Startup Cost": 475.27,"Total Cost": 20522.15,"Plan Rows": 608,"Plan Width": 116,"Actual Startup Time": 9.804,"Actual Total Time": 792.945,"Actual Rows": 2402,"Actual Loops": 3,"Inner Unique": true,"Hash Cond": "((lineitem.l_suppkey = supplier.s_suppkey) AND (customer.c_nationkey = supplier.s_nationkey))","Workers": [],"Plans": [{"Node Type": "Nested Loop","Parent Relationship": "Outer","Parallel Aware": false,"Async Capable": false,"Join Type": "Inner","Startup Cost": 3.27,"Total Cost": 19970.29,"Plan Rows": 15211,"Plan Width": 128,"Actual Startup Time": 0.739,"Actual Total Time": 751.905,"Actual Rows": 60896,"Actual Loops": 3,"Inner Unique": false,"Workers": [],"Plans": [{"Node Type": "Nested Loop","Parent Relationship": "Outer","Parallel Aware": false,"Async Capable": false,"Join Type": "Inner","Startup Cost": 2.84,"Total Cost": 8414.26,"Plan Rows": 3802,"Plan Width": 116,"Actual Startup Time": 0.610,"Actual Total Time": 448.155,"Actual Rows": 15274,"Actual Loops": 3,"Inner Unique": false,"Workers": [],"Plans": [{"Node Type": "Hash Join","Parent Relationship": "Outer","Parallel Aware": false,"Async Capable": false,"Join Type": "Inner","Startup Cost": 2.41,"Total Cost": 4471.79,"Plan Rows": 2500,"Plan Width": 116,"Actual Startup Time": 0.268,"Actual Total Time": 53.804,"Actual Rows": 9921,"Actual Loops": 3,"Inner Unique": false,"Hash Cond": "(customer.c_nationkey = nation.n_nationkey)","Workers": [],"Plans": [{"Node Type": "Seq Scan","Parent Relationship": "Outer","Parallel Aware": true,"Async Capable": false,"Relation Name": "customer","Alias": "customer","Startup Cost": 0.00,"Total Cost": 4210.00,"Plan Rows": 62500,"Plan Width": 8,"Actual Startup Time": 0.020,"Actual Total Time": 9.563,"Actual Rows": 50000,"Actual Loops": 3,"Workers": []},{"Node Type": "Hash","Parent Relationship": "Inner","Parallel Aware": false,"Async Capable": false,"Startup Cost": 2.40,"Total Cost": 2.40,"Plan Rows": 1,"Plan Width": 108,"Actual Startup Time": 0.161,"Actual Total Time": 0.176,"Actual Rows": 5,"Actual Loops": 3,"Hash Buckets": 1024,"Original Hash Buckets": 1024,"Hash Batches": 1,"Original Hash Batches": 1,"Peak Memory Usage": 9,"Workers": [],"Plans": [{"Node Type": "Hash Join","Parent Relationship": "Outer","Parallel Aware": false,"Async Capable": false,"Join Type": "Inner","Startup Cost": 1.07,"Total Cost": 2.40,"Plan Rows": 1,"Plan Width": 108,"Actual Startup Time": 0.143,"Actual Total Time": 0.167,"Actual Rows": 5,"Actual Loops": 3,"Inner Unique": true,"Hash Cond": "(nation.n_regionkey = region.r_regionkey)","Workers": [],"Plans": [{"Node Type": "Seq Scan","Parent Relationship": "Outer","Parallel Aware": false,"Async Capable": false,"Relation Name": "nation","Alias": "nation","Startup Cost": 0.00,"Total Cost": 1.25,"Plan Rows": 25,"Plan Width": 112,"Actual Startup Time": 0.052,"Actual Total Time": 0.056,"Actual Rows": 25,"Actual Loops": 3,"Workers": []},{"Node Type": "Hash","Parent Relationship": "Inner","Parallel Aware": false,"Async Capable": false,"Startup Cost": 1.06,"Total Cost": 1.06,"Plan Rows": 1,"Plan Width": 4,"Actual Startup Time": 0.061,"Actual Total Time": 0.066,"Actual Rows": 1,"Actual Loops": 3,"Hash Buckets": 1024,"Original Hash Buckets": 1024,"Hash Batches": 1,"Original Hash Batches": 1,"Peak Memory Usage": 9,"Workers": [],"Plans": [{"Node Type": "Seq Scan","Parent Relationship": "Outer","Parallel Aware": false,"Async Capable": false,"Relation Name": "region","Alias": "region","Startup Cost": 0.00,"Total Cost": 1.06,"Plan Rows": 1,"Plan Width": 4,"Actual Startup Time": 0.046,"Actual Total Time": 0.049,"Actual Rows": 1,"Actual Loops": 3,"Filter": "(r_name = 'AFRICA'::bpchar)","Rows Removed by Filter": 4,"Workers": []}]}]}]}]},{"Node Type": "Index Scan","Parent Relationship": "Inner","Parallel Aware": false,"Async Capable": false,"Scan Direction": "Forward","Index Name": "idx_orders_custkey","Relation Name": "orders","Alias": "orders","Startup Cost": 0.43,"Total Cost": 1.55,"Plan Rows": 3,"Plan Width": 8,"Actual Startup Time": 0.017,"Actual Total Time": 0.039,"Actual Rows": 2,"Actual Loops": 29764,"Index Cond": "(o_custkey = customer.c_custkey)","Rows Removed by Index Recheck": 0,"Filter": "((o_orderdate >= '1995-01-01'::date) AND (o_orderdate < '1996-01-01 00:00:00'::timestamp without time zone))","Rows Removed by Filter": 9,"Workers": []}]},{"Node Type": "Index Scan","Parent Relationship": "Inner","Parallel Aware": false,"Async Capable": false,"Scan Direction": "Forward","Index Name": "idx_lineitem_orderkey","Relation Name": "lineitem","Alias": "lineitem","Startup Cost": 0.43,"Total Cost": 2.87,"Plan Rows": 17,"Plan Width": 20,"Actual Startup Time": 0.017,"Actual Total Time": 0.019,"Actual Rows": 4,"Actual Loops": 45822,"Index Cond": "(l_orderkey = orders.o_orderkey)","Rows Removed by Index Recheck": 0,"Workers": []}]},{"Node Type": "Hash","Parent Relationship": "Inner","Parallel Aware": false,"Async Capable": false,"Startup Cost": 322.00,"Total Cost": 322.00,"Plan Rows": 10000,"Plan Width": 8,"Actual Startup Time": 8.249,"Actual Total Time": 8.253,"Actual Rows": 10000,"Actual Loops": 3,"Hash Buckets": 16384,"Original Hash Buckets": 16384,"Hash Batches": 1,"Original Hash Batches": 1,"Peak Memory Usage": 519,"Workers": [],"Plans": [{"Node Type": "Seq Scan","Parent Relationship": "Outer","Parallel Aware": false,"Async Capable": false,"Relation Name": "supplier","Alias": "supplier","Startup Cost": 0.00,"Total Cost": 322.00,"Plan Rows": 10000,"Plan Width": 8,"Actual Startup Time": 0.043,"Actual Total Time": 6.388,"Actual Rows": 10000,"Actual Loops": 3,"Workers": []}]}]}]}]}]}]}]},"Planning Time": 10.225,"Triggers": [],"Execution Time": 837.854}]
[{"Plan": {"Node Type": "Sort","Parallel Aware": false,"Async Capable": false,"Startup Cost": 21616.39,"Total Cost": 21616.45,"Plan Rows": 25,"Plan Width": 136,"Actual Startup Time": 817.171,"Actual Total Time": 848.557,"Actual Rows": 5,"Actual Loops": 1,"Sort Key": ["(sum((lineitem.l_extendedprice * ('1'::numeric - lineitem.l_discount)))) DESC"],"Sort Method": "quicksort","Sort Space Used": 25,"Sort Space Type": "Memory","Plans": [{"Node Type": "Aggregate","Strategy": "Sorted","Partial Mode": "Finalize","Parent Relationship": "Outer","Parallel Aware": false,"Async Capable": false,"Startup Cost": 21601.33,"Total Cost": 21615.81,"Plan Rows": 25,"Plan Width": 136,"Actual Startup Time": 816.250,"Actual Total Time": 848.503,"Actual Rows": 5,"Actual Loops": 1,"Group Key": ["nation.n_name"],"Plans": [{"Node Type": "Gather Merge","Parent Relationship": "Outer","Parallel Aware": false,"Async Capable": false,"Startup Cost": 21601.33,"Total Cost": 21615.12,"Plan Rows": 50,"Plan Width": 136,"Actual Startup Time": 815.620,"Actual Total Time": 848.441,"Actual Rows": 15,"Actual Loops": 1,"Workers Planned": 2,"Workers Launched": 2,"Plans": [{"Node Type": "Aggregate","Strategy": "Sorted","Partial Mode": "Partial","Parent Relationship": "Outer","Parallel Aware": false,"Async Capable": false,"Startup Cost": 20601.30,"Total Cost": 20609.33,"Plan Rows": 25,"Plan Width": 136,"Actual Startup Time": 807.499,"Actual Total Time": 808.444,"Actual Rows": 5,"Actual Loops": 3,"Group Key": ["nation.n_name"],"Workers": [],"Plans": [{"Node Type": "Sort","Parent Relationship": "Outer","Parallel Aware": false,"Async Capable": false,"Startup Cost": 20601.30,"Total Cost": 20602.85,"Plan Rows": 617,"Plan Width": 116,"Actual Startup Time": 807.276,"Actual Total Time": 807.432,"Actual Rows": 2427,"Actual Loops": 3,"Sort Key": ["nation.n_name"],"Sort Method": "quicksort","Sort Space Used": 295,"Sort Space Type": "Memory","Workers": [{"Worker Number": 0,"Sort Method": "quicksort","Sort Space Used": 285,"Sort Space Type": "Memory"},{"Worker Number": 1,"Sort Method": "quicksort","Sort Space Used": 279,"Sort Space Type": "Memory"}],"Plans": [{"Node Type": "Hash Join","Parent Relationship": "Outer","Parallel Aware": false,"Async Capable": false,"Join Type": "Inner","Startup Cost": 475.27,"Total Cost": 20572.71,"Plan Rows": 617,"Plan Width": 116,"Actual Startup Time": 13.659,"Actual Total Time": 805.763,"Actual Rows": 2427,"Actual Loops": 3,"Inner Unique": true,"Hash Cond": "((lineitem.l_suppkey = supplier.s_suppkey) AND (customer.c_nationkey = supplier.s_nationkey))","Workers": [],"Plans": [{"Node Type": "Nested Loop","Parent Relationship": "Outer","Parallel Aware": false,"Async Capable": false,"Join Type": "Inner","Startup Cost": 3.27,"Total Cost": 20019.70,"Plan Rows": 15431,"Plan Width": 128,"Actual Startup Time": 0.940,"Actual Total Time": 760.394,"Actual Rows": 61187,"Actual Loops": 3,"Inner Unique": false,"Workers": [],"Plans": [{"Node Type": "Nested Loop","Parent Relationship": "Outer","Parallel Aware": false,"Async Capable": false,"Join Type": "Inner","Startup Cost": 2.84,"Total Cost": 8414.26,"Plan Rows": 3857,"Plan Width": 116,"Actual Startup Time": 0.804,"Actual Total Time": 453.891,"Actual Rows": 15325,"Actual Loops": 3,"Inner Unique": false,"Workers": [],"Plans": [{"Node Type": "Hash Join","Parent Relationship": "Outer","Parallel Aware": false,"Async Capable": false,"Join Type": "Inner","Startup Cost": 2.41,"Total Cost": 4471.79,"Plan Rows": 2500,"Plan Width": 116,"Actual Startup Time": 0.319,"Actual Total Time": 55.842,"Actual Rows": 10061,"Actual Loops": 3,"Inner Unique": false,"Hash Cond": "(customer.c_nationkey = nation.n_nationkey)","Workers": [],"Plans": [{"Node Type": "Seq Scan","Parent Relationship": "Outer","Parallel Aware": true,"Async Capable": false,"Relation Name": "customer","Alias": "customer","Startup Cost": 0.00,"Total Cost": 4210.00,"Plan Rows": 62500,"Plan Width": 8,"Actual Startup Time": 0.026,"Actual Total Time": 9.689,"Actual Rows": 50000,"Actual Loops": 3,"Workers": []},{"Node Type": "Hash","Parent Relationship": "Inner","Parallel Aware": false,"Async Capable": false,"Startup Cost": 2.40,"Total Cost": 2.40,"Plan Rows": 1,"Plan Width": 108,"Actual Startup Time": 0.180,"Actual Total Time": 0.198,"Actual Rows": 5,"Actual Loops": 3,"Hash Buckets": 1024,"Original Hash Buckets": 1024,"Hash Batches": 1,"Original Hash Batches": 1,"Peak Memory Usage": 9,"Workers": [],"Plans": [{"Node Type": "Hash Join","Parent Relationship": "Outer","Parallel Aware": false,"Async Capable": false,"Join Type": "Inner","Startup Cost": 1.07,"Total Cost": 2.40,"Plan Rows": 1,"Plan Width": 108,"Actual Startup Time": 0.166,"Actual Total Time": 0.188,"Actual Rows": 5,"Actual Loops": 3,"Inner Unique": true,"Hash Cond": "(nation.n_regionkey = region.r_regionkey)","Workers": [],"Plans": [{"Node Type": "Seq Scan","Parent Relationship": "Outer","Parallel Aware": false,"Async Capable": false,"Relation Name": "nation","Alias": "nation","Startup Cost": 0.00,"Total Cost": 1.25,"Plan Rows": 25,"Plan Width": 112,"Actual Startup Time": 0.055,"Actual Total Time": 0.060,"Actual Rows": 25,"Actual Loops": 3,"Workers": []},{"Node Type": "Hash","Parent Relationship": "Inner","Parallel Aware": false,"Async Capable": false,"Startup Cost": 1.06,"Total Cost": 1.06,"Plan Rows": 1,"Plan Width": 4,"Actual Startup Time": 0.079,"Actual Total Time": 0.084,"Actual Rows": 1,"Actual Loops": 3,"Hash Buckets": 1024,"Original Hash Buckets": 1024,"Hash Batches": 1,"Original Hash Batches": 1,"Peak Memory Usage": 9,"Workers": [],"Plans": [{"Node Type": "Seq Scan","Parent Relationship": "Outer","Parallel Aware": false,"Async Capable": false,"Relation Name": "region","Alias": "region","Startup Cost": 0.00,"Total Cost": 1.06,"Plan Rows": 1,"Plan Width": 4,"Actual Startup Time": 0.058,"Actual Total Time": 0.061,"Actual Rows": 1,"Actual Loops": 3,"Filter": "(r_name = 'ASIA'::bpchar)","Rows Removed by Filter": 4,"Workers": []}]}]}]}]},{"Node Type": "Index Scan","Parent Relationship": "Inner","Parallel Aware": false,"Async Capable": false,"Scan Direction": "Forward","Index Name": "idx_orders_custkey","Relation Name": "orders","Alias": "orders","Startup Cost": 0.43,"Total Cost": 1.55,"Plan Rows": 3,"Plan Width": 8,"Actual Startup Time": 0.017,"Actual Total Time": 0.039,"Actual Rows": 2,"Actual Loops": 30183,"Index Cond": "(o_custkey = customer.c_custkey)","Rows Removed by Index Recheck": 0,"Filter": "((o_orderdate >= '1996-01-01'::date) AND (o_orderdate < '1997-01-01 00:00:00'::timestamp without time zone))","Rows Removed by Filter": 8,"Workers": []}]},{"Node Type": "Index Scan","Parent Relationship": "Inner","Parallel Aware": false,"Async Capable": false,"Scan Direction": "Forward","Index Name": "idx_lineitem_orderkey","Relation Name": "lineitem","Alias": "lineitem","Startup Cost": 0.43,"Total Cost": 2.84,"Plan Rows": 17,"Plan Width": 20,"Actual Startup Time": 0.017,"Actual Total Time": 0.019,"Actual Rows": 4,"Actual Loops": 45976,"Index Cond": "(l_orderkey = orders.o_orderkey)","Rows Removed by Index Recheck": 0,"Workers": []}]},{"Node Type": "Hash","Parent Relationship": "Inner","Parallel Aware": false,"Async Capable": false,"Startup Cost": 322.00,"Total Cost": 322.00,"Plan Rows": 10000,"Plan Width": 8,"Actual Startup Time": 12.172,"Actual Total Time": 12.179,"Actual Rows": 10000,"Actual Loops": 3,"Hash Buckets": 16384,"Original Hash Buckets": 16384,"Hash Batches": 1,"Original Hash Batches": 1,"Peak Memory Usage": 519,"Workers": [],"Plans": [{"Node Type": "Seq Scan","Parent Relationship": "Outer","Parallel Aware": false,"Async Capable": false,"Relation Name": "supplier","Alias": "supplier","Startup Cost": 0.00,"Total Cost": 322.00,"Plan Rows": 10000,"Plan Width": 8,"Actual Startup Time": 0.048,"Actual Total Time": 10.623,"Actual Rows": 10000,"Actual Loops": 3,"Workers": []}]}]}]}]}]}]}]},"Planning Time": 10.688,"Triggers": [],"Execution Time": 848.991}]
[{"Plan": {"Node Type": "Sort","Parallel Aware": false,"Async Capable": false,"Startup Cost": 21616.39,"Total Cost": 21616.45,"Plan Rows": 25,"Plan Width": 136,"Actual Startup Time": 804.800,"Actual Total Time": 836.793,"Actual Rows": 5,"Actual Loops": 1,"Sort Key": ["(sum((lineitem.l_extendedprice * ('1'::numeric - lineitem.l_discount)))) DESC"],"Sort Method": "quicksort","Sort Space Used": 25,"Sort Space Type": "Memory","Plans": [{"Node Type": "Aggregate","Strategy": "Sorted","Partial Mode": "Finalize","Parent Relationship": "Outer","Parallel Aware": false,"Async Capable": false,"Startup Cost": 21601.33,"Total Cost": 21615.81,"Plan Rows": 25,"Plan Width": 136,"Actual Startup Time": 804.196,"Actual Total Time": 836.738,"Actual Rows": 5,"Actual Loops": 1,"Group Key": ["nation.n_name"],"Plans": [{"Node Type": "Gather Merge","Parent Relationship": "Outer","Parallel Aware": false,"Async Capable": false,"Startup Cost": 21601.33,"Total Cost": 21615.12,"Plan Rows": 50,"Plan Width": 136,"Actual Startup Time": 803.537,"Actual Total Time": 836.675,"Actual Rows": 15,"Actual Loops": 1,"Workers Planned": 2,"Workers Launched": 2,"Plans": [{"Node Type": "Aggregate","Strategy": "Sorted","Partial Mode": "Partial","Parent Relationship": "Outer","Parallel Aware": false,"Async Capable": false,"Startup Cost": 20601.30,"Total Cost": 20609.33,"Plan Rows": 25,"Plan Width": 136,"Actual Startup Time": 795.499,"Actual Total Time": 796.369,"Actual Rows": 5,"Actual Loops": 3,"Group Key": ["nation.n_name"],"Workers": [],"Plans": [{"Node Type": "Sort","Parent Relationship": "Outer","Parallel Aware": false,"Async Capable": false,"Startup Cost": 20601.30,"Total Cost": 20602.85,"Plan Rows": 617,"Plan Width": 116,"Actual Startup Time": 795.285,"Actual Total Time": 795.436,"Actual Rows": 2498,"Actual Loops": 3,"Sort Key": ["nation.n_name"],"Sort Method": "quicksort","Sort Space Used": 299,"Sort Space Type": "Memory","Workers": [{"Worker Number": 0,"Sort Method": "quicksort","Sort Space Used": 291,"Sort Space Type": "Memory"},{"Worker Number": 1,"Sort Method": "quicksort","Sort Space Used": 284,"Sort Space Type": "Memory"}],"Plans": [{"Node Type": "Hash Join","Parent Relationship": "Outer","Parallel Aware": false,"Async Capable": false,"Join Type": "Inner","Startup Cost": 475.27,"Total Cost": 20572.71,"Plan Rows": 617,"Plan Width": 116,"Actual Startup Time": 14.014,"Actual Total Time": 793.817,"Actual Rows": 2498,"Actual Loops": 3,"Inner Unique": true,"Hash Cond": "((lineitem.l_suppkey = supplier.s_suppkey) AND (customer.c_nationkey = supplier.s_nationkey))","Workers": [],"Plans": [{"Node Type": "Nested Loop","Parent Relationship": "Outer","Parallel Aware": false,"Async Capable": false,"Join Type": "Inner","Startup Cost": 3.27,"Total Cost": 20019.70,"Plan Rows": 15431,"Plan Width": 128,"Actual Startup Time": 0.837,"Actual Total Time": 749.002,"Actual Rows": 60742,"Actual Loops": 3,"Inner Unique": false,"Workers": [],"Plans": [{"Node Type": "Nested Loop","Parent Relationship": "Outer","Parallel Aware": false,"Async Capable": false,"Join Type": "Inner","Startup Cost": 2.84,"Total Cost": 8414.26,"Plan Rows": 3857,"Plan Width": 116,"Actual Startup Time": 0.706,"Actual Total Time": 447.815,"Actual Rows": 15183,"Actual Loops": 3,"Inner Unique": false,"Workers": [],"Plans": [{"Node Type": "Hash Join","Parent Relationship": "Outer","Parallel Aware": false,"Async Capable": false,"Join Type": "Inner","Startup Cost": 2.41,"Total Cost": 4471.79,"Plan Rows": 2500,"Plan Width": 116,"Actual Startup Time": 0.258,"Actual Total Time": 55.848,"Actual Rows": 9984,"Actual Loops": 3,"Inner Unique": false,"Hash Cond": "(customer.c_nationkey = nation.n_nationkey)","Workers": [],"Plans": [{"Node Type": "Seq Scan","Parent Relationship": "Outer","Parallel Aware": true,"Async Capable": false,"Relation Name": "customer","Alias": "customer","Startup Cost": 0.00,"Total Cost": 4210.00,"Plan Rows": 62500,"Plan Width": 8,"Actual Startup Time": 0.017,"Actual Total Time": 9.503,"Actual Rows": 50000,"Actual Loops": 3,"Workers": []},{"Node Type": "Hash","Parent Relationship": "Inner","Parallel Aware": false,"Async Capable": false,"Startup Cost": 2.40,"Total Cost": 2.40,"Plan Rows": 1,"Plan Width": 108,"Actual Startup Time": 0.153,"Actual Total Time": 0.178,"Actual Rows": 5,"Actual Loops": 3,"Hash Buckets": 1024,"Original Hash Buckets": 1024,"Hash Batches": 1,"Original Hash Batches": 1,"Peak Memory Usage": 9,"Workers": [],"Plans": [{"Node Type": "Hash Join","Parent Relationship": "Outer","Parallel Aware": false,"Async Capable": false,"Join Type": "Inner","Startup Cost": 1.07,"Total Cost": 2.40,"Plan Rows": 1,"Plan Width": 108,"Actual Startup Time": 0.136,"Actual Total Time": 0.167,"Actual Rows": 5,"Actual Loops": 3,"Inner Unique": true,"Hash Cond": "(nation.n_regionkey = region.r_regionkey)","Workers": [],"Plans": [{"Node Type": "Seq Scan","Parent Relationship": "Outer","Parallel Aware": false,"Async Capable": false,"Relation Name": "nation","Alias": "nation","Startup Cost": 0.00,"Total Cost": 1.25,"Plan Rows": 25,"Plan Width": 112,"Actual Startup Time": 0.055,"Actual Total Time": 0.059,"Actual Rows": 25,"Actual Loops": 3,"Workers": []},{"Node Type": "Hash","Parent Relationship": "Inner","Parallel Aware": false,"Async Capable": false,"Startup Cost": 1.06,"Total Cost": 1.06,"Plan Rows": 1,"Plan Width": 4,"Actual Startup Time": 0.050,"Actual Total Time": 0.057,"Actual Rows": 1,"Actual Loops": 3,"Hash Buckets": 1024,"Original Hash Buckets": 1024,"Hash Batches": 1,"Original Hash Batches": 1,"Peak Memory Usage": 9,"Workers": [],"Plans": [{"Node Type": "Seq Scan","Parent Relationship": "Outer","Parallel Aware": false,"Async Capable": false,"Relation Name": "region","Alias": "region","Startup Cost": 0.00,"Total Cost": 1.06,"Plan Rows": 1,"Plan Width": 4,"Actual Startup Time": 0.036,"Actual Total Time": 0.039,"Actual Rows": 1,"Actual Loops": 3,"Filter": "(r_name = 'AMERICA'::bpchar)","Rows Removed by Filter": 4,"Workers": []}]}]}]}]},{"Node Type": "Index Scan","Parent Relationship": "Inner","Parallel Aware": false,"Async Capable": false,"Scan Direction": "Forward","Index Name": "idx_orders_custkey","Relation Name": "orders","Alias": "orders","Startup Cost": 0.43,"Total Cost": 1.55,"Plan Rows": 3,"Plan Width": 8,"Actual Startup Time": 0.017,"Actual Total Time": 0.039,"Actual Rows": 2,"Actual Loops": 29952,"Index Cond": "(o_custkey = customer.c_custkey)","Rows Removed by Index Recheck": 0,"Filter": "((o_orderdate >= '1996-01-01'::date) AND (o_orderdate < '1997-01-01 00:00:00'::timestamp without time zone))","Rows Removed by Filter": 8,"Workers": []}]},{"Node Type": "Index Scan","Parent Relationship": "Inner","Parallel Aware": false,"Async Capable": false,"Scan Direction": "Forward","Index Name": "idx_lineitem_orderkey","Relation Name": "lineitem","Alias": "lineitem","Startup Cost": 0.43,"Total Cost": 2.84,"Plan Rows": 17,"Plan Width": 20,"Actual Startup Time": 0.016,"Actual Total Time": 0.019,"Actual Rows": 4,"Actual Loops": 45549,"Index Cond": "(l_orderkey = orders.o_orderkey)","Rows Removed by Index Recheck": 0,"Workers": []}]},{"Node Type": "Hash","Parent Relationship": "Inner","Parallel Aware": false,"Async Capable": false,"Startup Cost": 322.00,"Total Cost": 322.00,"Plan Rows": 10000,"Plan Width": 8,"Actual Startup Time": 12.297,"Actual Total Time": 12.301,"Actual Rows": 10000,"Actual Loops": 3,"Hash Buckets": 16384,"Original Hash Buckets": 16384,"Hash Batches": 1,"Original Hash Batches": 1,"Peak Memory Usage": 519,"Workers": [],"Plans": [{"Node Type": "Seq Scan","Parent Relationship": "Outer","Parallel Aware": false,"Async Capable": false,"Relation Name": "supplier","Alias": "supplier","Startup Cost": 0.00,"Total Cost": 322.00,"Plan Rows": 10000,"Plan Width": 8,"Actual Startup Time": 0.045,"Actual Total Time": 10.666,"Actual Rows": 10000,"Actual Loops": 3,"Workers": []}]}]}]}]}]}]}]},"Planning Time": 9.455,"Triggers": [],"Execution Time": 837.268}]
[{"Plan": {"Node Type": "Sort","Parallel Aware": false,"Async Capable": false,"Startup Cost": 21565.24,"Total Cost": 21565.30,"Plan Rows": 25,"Plan Width": 136,"Actual Startup Time": 803.148,"Actual Total Time": 837.225,"Actual Rows": 5,"Actual Loops": 1,"Sort Key": ["(sum((lineitem.l_extendedprice * ('1'::numeric - lineitem.l_discount)))) DESC"],"Sort Method": "quicksort","Sort Space Used": 25,"Sort Space Type": "Memory","Plans": [{"Node Type": "Aggregate","Strategy": "Sorted","Partial Mode": "Finalize","Parent Relationship": "Outer","Parallel Aware": false,"Async Capable": false,"Startup Cost": 21550.29,"Total Cost": 21564.66,"Plan Rows": 25,"Plan Width": 136,"Actual Startup Time": 802.551,"Actual Total Time": 837.165,"Actual Rows": 5,"Actual Loops": 1,"Group Key": ["nation.n_name"],"Plans": [{"Node Type": "Gather Merge","Parent Relationship": "Outer","Parallel Aware": false,"Async Capable": false,"Startup Cost": 21550.29,"Total Cost": 21563.97,"Plan Rows": 50,"Plan Width": 136,"Actual Startup Time": 802.343,"Actual Total Time": 837.116,"Actual Rows": 15,"Actual Loops": 1,"Workers Planned": 2,"Workers Launched": 2,"Plans": [{"Node Type": "Aggregate","Strategy": "Sorted","Partial Mode": "Partial","Parent Relationship": "Outer","Parallel Aware": false,"Async Capable": false,"Startup Cost": 20550.26,"Total Cost": 20558.18,"Plan Rows": 25,"Plan Width": 136,"Actual Startup Time": 794.724,"Actual Total Time": 795.426,"Actual Rows": 5,"Actual Loops": 3,"Group Key": ["nation.n_name"],"Workers": [],"Plans": [{"Node Type": "Sort","Parent Relationship": "Outer","Parallel Aware": false,"Async Capable": false,"Startup Cost": 20550.26,"Total Cost": 20551.78,"Plan Rows": 608,"Plan Width": 116,"Actual Startup Time": 794.492,"Actual Total Time": 794.616,"Actual Rows": 2402,"Actual Loops": 3,"Sort Key": ["nation.n_name"],"Sort Method": "quicksort","Sort Space Used": 284,"Sort Space Type": "Memory","Workers": [{"Worker Number": 0,"Sort Method": "quicksort","Sort Space Used": 278,"Sort Space Type": "Memory"},{"Worker Number": 1,"Sort Method": "quicksort","Sort Space Used": 290,"Sort Space Type": "Memory"}],"Plans": [{"Node Type": "Hash Join","Parent Relationship": "Outer","Parallel Aware": false,"Async Capable": false,"Join Type": "Inner","Startup Cost": 475.27,"Total Cost": 20522.15,"Plan Rows": 608,"Plan Width": 116,"Actual Startup Time": 9.804,"Actual Total Time": 792.945,"Actual Rows": 2402,"Actual Loops": 3,"Inner Unique": true,"Hash Cond": "((lineitem.l_suppkey = supplier.s_suppkey) AND (customer.c_nationkey = supplier.s_nationkey))","Workers": [],"Plans": [{"Node Type": "Nested Loop","Parent Relationship": "Outer","Parallel Aware": false,"Async Capable": false,"Join Type": "Inner","Startup Cost": 3.27,"Total Cost": 19970.29,"Plan Rows": 15211,"Plan Width": 128,"Actual Startup Time": 0.739,"Actual Total Time": 751.905,"Actual Rows": 60896,"Actual Loops": 3,"Inner Unique": false,"Workers": [],"Plans": [{"Node Type": "Nested Loop","Parent Relationship": "Outer","Parallel Aware": false,"Async Capable": false,"Join Type": "Inner","Startup Cost": 2.84,"Total Cost": 8414.26,"Plan Rows": 3802,"Plan Width": 116,"Actual Startup Time": 0.610,"Actual Total Time": 448.155,"Actual Rows": 15274,"Actual Loops": 3,"Inner Unique": false,"Workers": [],"Plans": [{"Node Type": "Hash Join","Parent Relationship": "Outer","Parallel Aware": false,"Async Capable": false,"Join Type": "Inner","Startup Cost": 2.41,"Total Cost": 4471.79,"Plan Rows": 2500,"Plan Width": 116,"Actual Startup Time": 0.268,"Actual Total Time": 53.804,"Actual Rows": 9921,"Actual Loops": 3,"Inner Unique": false,"Hash Cond": "(customer.c_nationkey = nation.n_nationkey)","Workers": [],"Plans": [{"Node Type": "Seq Scan","Parent Relationship": "Outer","Parallel Aware": true,"Async Capable": false,"Relation Name": "customer","Alias": "customer","Startup Cost": 0.00,"Total Cost": 4210.00,"Plan Rows": 62500,"Plan Width": 8,"Actual Startup Time": 0.020,"Actual Total Time": 9.563,"Actual Rows": 50000,"Actual Loops": 3,"Workers": []},{"Node Type": "Hash","Parent Relationship": "Inner","Parallel Aware": false,"Async Capable": false,"Startup Cost": 2.40,"Total Cost": 2.40,"Plan Rows": 1,"Plan Width": 108,"Actual Startup Time": 0.161,"Actual Total Time": 0.176,"Actual Rows": 5,"Actual Loops": 3,"Hash Buckets": 1024,"Original Hash Buckets": 1024,"Hash Batches": 1,"Original Hash Batches": 1,"Peak Memory Usage": 9,"Workers": [],"Plans": [{"Node Type": "Hash Join","Parent Relationship": "Outer","Parallel Aware": false,"Async Capable": false,"Join Type": "Inner","Startup Cost": 1.07,"Total Cost": 2.40,"Plan Rows": 1,"Plan Width": 108,"Actual Startup Time": 0.143,"Actual Total Time": 0.167,"Actual Rows": 5,"Actual Loops": 3,"Inner Unique": true,"Hash Cond": "(nation.n_regionkey = region.r_regionkey)","Workers": [],"Plans": [{"Node Type": "Seq Scan","Parent Relationship": "Outer","Parallel Aware": false,"Async Capable": false,"Relation Name": "nation","Alias": "nation","Startup Cost": 0.00,"Total Cost": 1.25,"Plan Rows": 25,"Plan Width": 112,"Actual Startup Time": 0.052,"Actual Total Time": 0.056,"Actual Rows": 25,"Actual Loops": 3,"Workers": []},{"Node Type": "Hash","Parent Relationship": "Inner","Parallel Aware": false,"Async Capable": false,"Startup Cost": 1.06,"Total Cost": 1.06,"Plan Rows": 1,"Plan Width": 4,"Actual Startup Time": 0.061,"Actual Total Time": 0.066,"Actual Rows": 1,"Actual Loops": 3,"Hash Buckets": 1024,"Original Hash Buckets": 1024,"Hash Batches": 1,"Original Hash Batches": 1,"Peak Memory Usage": 9,"Workers": [],"Plans": [{"Node Type": "Seq Scan","Parent Relationship": "Outer","Parallel Aware": false,"Async Capable": false,"Relation Name": "region","Alias": "region","Startup Cost": 0.00,"Total Cost": 1.06,"Plan Rows": 1,"Plan Width": 4,"Actual Startup Time": 0.046,"Actual Total Time": 0.049,"Actual Rows": 1,"Actual Loops": 3,"Filter": "(r_name = 'AFRICA'::bpchar)","Rows Removed by Filter": 4,"Workers": []}]}]}]}]},{"Node Type": "Index Scan","Parent Relationship": "Inner","Parallel Aware": false,"Async Capable": false,"Scan Direction": "Forward","Index Name": "idx_orders_custkey","Relation Name": "orders","Alias": "orders","Startup Cost": 0.43,"Total Cost": 1.55,"Plan Rows": 3,"Plan Width": 8,"Actual Startup Time": 0.017,"Actual Total Time": 0.039,"Actual Rows": 2,"Actual Loops": 29764,"Index Cond": "(o_custkey = customer.c_custkey)","Rows Removed by Index Recheck": 0,"Filter": "((o_orderdate >= '1995-01-01'::date) AND (o_orderdate < '1996-01-01 00:00:00'::timestamp without time zone))","Rows Removed by Filter": 9,"Workers": []}]},{"Node Type": "Index Scan","Parent Relationship": "Inner","Parallel Aware": false,"Async Capable": false,"Scan Direction": "Forward","Index Name": "idx_lineitem_orderkey","Relation Name": "lineitem","Alias": "lineitem","Startup Cost": 0.43,"Total Cost": 2.87,"Plan Rows": 17,"Plan Width": 20,"Actual Startup Time": 0.017,"Actual Total Time": 0.019,"Actual Rows": 4,"Actual Loops": 45822,"Index Cond": "(l_orderkey = orders.o_orderkey)","Rows Removed by Index Recheck": 0,"Workers": []}]},{"Node Type": "Hash","Parent Relationship": "Inner","Parallel Aware": false,"Async Capable": false,"Startup Cost": 322.00,"Total Cost": 322.00,"Plan Rows": 10000,"Plan Width": 8,"Actual Startup Time": 8.249,"Actual Total Time": 8.253,"Actual Rows": 10000,"Actual Loops": 3,"Hash Buckets": 16384,"Original Hash Buckets": 16384,"Hash Batches": 1,"Original Hash Batches": 1,"Peak Memory Usage": 519,"Workers": [],"Plans": [{"Node Type": "Seq Scan","Parent Relationship": "Outer","Parallel Aware": false,"Async Capable": false,"Relation Name": "supplier","Alias": "supplier","Startup Cost": 0.00,"Total Cost": 322.00,"Plan Rows": 10000,"Plan Width": 8,"Actual Startup Time": 0.043,"Actual Total Time": 6.388,"Actual Rows": 10000,"Actual Loops": 3,"Workers": []}]}]}]}]}]}]}]},"Planning Time": 10.225,"Triggers": [],"Execution Time": 837.854}]
[{"Plan": {"Node Type": "Sort","Parallel Aware": false,"Async Capable": false,"Startup Cost": 21522.30,"Total Cost": 21522.36,"Plan Rows": 25,"Plan Width": 136,"Actual Startup Time": 815.371,"Actual Total Time": 846.364,"Actual Rows": 5,"Actual Loops": 1,"Sort Key": ["(sum((lineitem.l_extendedprice * ('1'::numeric - lineitem.l_discount)))) DESC"],"Sort Method": "quicksort","Sort Space Used": 25,"Sort Space Type": "Memory","Plans": [{"Node Type": "Aggregate","Strategy": "Sorted","Partial Mode": "Finalize","Parent Relationship": "Outer","Parallel Aware": false,"Async Capable": false,"Startup Cost": 21507.43,"Total Cost": 21521.72,"Plan Rows": 25,"Plan Width": 136,"Actual Startup Time": 814.708,"Actual Total Time": 846.319,"Actual Rows": 5,"Actual Loops": 1,"Group Key": ["nation.n_name"],"Plans": [{"Node Type": "Gather Merge","Parent Relationship": "Outer","Parallel Aware": false,"Async Capable": false,"Startup Cost": 21507.43,"Total Cost": 21521.03,"Plan Rows": 50,"Plan Width": 136,"Actual Startup Time": 814.181,"Actual Total Time": 846.266,"Actual Rows": 15,"Actual Loops": 1,"Workers Planned": 2,"Workers Launched": 2,"Plans": [{"Node Type": "Aggregate","Strategy": "Sorted","Partial Mode": "Partial","Parent Relationship": "Outer","Parallel Aware": false,"Async Capable": false,"Startup Cost": 20507.41,"Total Cost": 20515.23,"Plan Rows": 25,"Plan Width": 136,"Actual Startup Time": 806.060,"Actual Total Time": 806.902,"Actual Rows": 5,"Actual Loops": 3,"Group Key": ["nation.n_name"],"Workers": [],"Plans": [{"Node Type": "Sort","Parent Relationship": "Outer","Parallel Aware": false,"Async Capable": false,"Startup Cost": 20507.41,"Total Cost": 20508.91,"Plan Rows": 601,"Plan Width": 116,"Actual Startup Time": 805.845,"Actual Total Time": 805.988,"Actual Rows": 2405,"Actual Loops": 3,"Sort Key": ["nation.n_name"],"Sort Method": "quicksort","Sort Space Used": 288,"Sort Space Type": "Memory","Workers": [{"Worker Number": 0,"Sort Method": "quicksort","Sort Space Used": 282,"Sort Space Type": "Memory"},{"Worker Number": 1,"Sort Method": "quicksort","Sort Space Used": 284,"Sort Space Type": "Memory"}],"Plans": [{"Node Type": "Hash Join","Parent Relationship": "Outer","Parallel Aware": false,"Async Capable": false,"Join Type": "Inner","Startup Cost": 475.27,"Total Cost": 20479.67,"Plan Rows": 601,"Plan Width": 116,"Actual Startup Time": 14.857,"Actual Total Time": 804.339,"Actual Rows": 2405,"Actual Loops": 3,"Inner Unique": true,"Hash Cond": "((lineitem.l_suppkey = supplier.s_suppkey) AND (customer.c_nationkey = supplier.s_nationkey))","Workers": [],"Plans": [{"Node Type": "Nested Loop","Parent Relationship": "Outer","Parallel Aware": false,"Async Capable": false,"Join Type": "Inner","Startup Cost": 3.27,"Total Cost": 19928.78,"Plan Rows": 15027,"Plan Width": 128,"Actual Startup Time": 0.928,"Actual Total Time": 758.714,"Actual Rows": 60519,"Actual Loops": 3,"Inner Unique": false,"Workers": [],"Plans": [{"Node Type": "Nested Loop","Parent Relationship": "Outer","Parallel Aware": false,"Async Capable": false,"Join Type": "Inner","Startup Cost": 2.84,"Total Cost": 8414.26,"Plan Rows": 3756,"Plan Width": 116,"Actual Startup Time": 0.799,"Actual Total Time": 454.413,"Actual Rows": 15151,"Actual Loops": 3,"Inner Unique": false,"Workers": [],"Plans": [{"Node Type": "Hash Join","Parent Relationship": "Outer","Parallel Aware": false,"Async Capable": false,"Join Type": "Inner","Startup Cost": 2.41,"Total Cost": 4471.79,"Plan Rows": 2500,"Plan Width": 116,"Actual Startup Time": 0.321,"Actual Total Time": 54.810,"Actual Rows": 10061,"Actual Loops": 3,"Inner Unique": false,"Hash Cond": "(customer.c_nationkey = nation.n_nationkey)","Workers": [],"Plans": [{"Node Type": "Seq Scan","Parent Relationship": "Outer","Parallel Aware": true,"Async Capable": false,"Relation Name": "customer","Alias": "customer","Startup Cost": 0.00,"Total Cost": 4210.00,"Plan Rows": 62500,"Plan Width": 8,"Actual Startup Time": 0.016,"Actual Total Time": 9.647,"Actual Rows": 50000,"Actual Loops": 3,"Workers": []},{"Node Type": "Hash","Parent Relationship": "Inner","Parallel Aware": false,"Async Capable": false,"Startup Cost": 2.40,"Total Cost": 2.40,"Plan Rows": 1,"Plan Width": 108,"Actual Startup Time": 0.190,"Actual Total Time": 0.209,"Actual Rows": 5,"Actual Loops": 3,"Hash Buckets": 1024,"Original Hash Buckets": 1024,"Hash Batches": 1,"Original Hash Batches": 1,"Peak Memory Usage": 9,"Workers": [],"Plans": [{"Node Type": "Hash Join","Parent Relationship": "Outer","Parallel Aware": false,"Async Capable": false,"Join Type": "Inner","Startup Cost": 1.07,"Total Cost": 2.40,"Plan Rows": 1,"Plan Width": 108,"Actual Startup Time": 0.173,"Actual Total Time": 0.196,"Actual Rows": 5,"Actual Loops": 3,"Inner Unique": true,"Hash Cond": "(nation.n_regionkey = region.r_regionkey)","Workers": [],"Plans": [{"Node Type": "Seq Scan","Parent Relationship": "Outer","Parallel Aware": false,"Async Capable": false,"Relation Name": "nation","Alias": "nation","Startup Cost": 0.00,"Total Cost": 1.25,"Plan Rows": 25,"Plan Width": 112,"Actual Startup Time": 0.080,"Actual Total Time": 0.084,"Actual Rows": 25,"Actual Loops": 3,"Workers": []},{"Node Type": "Hash","Parent Relationship": "Inner","Parallel Aware": false,"Async Capable": false,"Startup Cost": 1.06,"Total Cost": 1.06,"Plan Rows": 1,"Plan Width": 4,"Actual Startup Time": 0.060,"Actual Total Time": 0.067,"Actual Rows": 1,"Actual Loops": 3,"Hash Buckets": 1024,"Original Hash Buckets": 1024,"Hash Batches": 1,"Original Hash Batches": 1,"Peak Memory Usage": 9,"Workers": [],"Plans": [{"Node Type": "Seq Scan","Parent Relationship": "Outer","Parallel Aware": false,"Async Capable": false,"Relation Name": "region","Alias": "region","Startup Cost": 0.00,"Total Cost": 1.06,"Plan Rows": 1,"Plan Width": 4,"Actual Startup Time": 0.046,"Actual Total Time": 0.049,"Actual Rows": 1,"Actual Loops": 3,"Filter": "(r_name = 'ASIA'::bpchar)","Rows Removed by Filter": 4,"Workers": []}]}]}]}]},{"Node Type": "Index Scan","Parent Relationship": "Inner","Parallel Aware": false,"Async Capable": false,"Scan Direction": "Forward","Index Name": "idx_orders_custkey","Relation Name": "orders","Alias": "orders","Startup Cost": 0.43,"Total Cost": 1.55,"Plan Rows": 3,"Plan Width": 8,"Actual Startup Time": 0.017,"Actual Total Time": 0.039,"Actual Rows": 2,"Actual Loops": 30183,"Index Cond": "(o_custkey = customer.c_custkey)","Rows Removed by Index Recheck": 0,"Filter": "((o_orderdate >= '1993-01-01'::date) AND (o_orderdate < '1994-01-01 00:00:00'::timestamp without time zone))","Rows Removed by Filter": 8,"Workers": []}]},{"Node Type": "Index Scan","Parent Relationship": "Inner","Parallel Aware": false,"Async Capable": false,"Scan Direction": "Forward","Index Name": "idx_lineitem_orderkey","Relation Name": "lineitem","Alias": "lineitem","Startup Cost": 0.43,"Total Cost": 2.90,"Plan Rows": 17,"Plan Width": 20,"Actual Startup Time": 0.017,"Actual Total Time": 0.019,"Actual Rows": 4,"Actual Loops": 45452,"Index Cond": "(l_orderkey = orders.o_orderkey)","Rows Removed by Index Recheck": 0,"Workers": []}]},{"Node Type": "Hash","Parent Relationship": "Inner","Parallel Aware": false,"Async Capable": false,"Startup Cost": 322.00,"Total Cost": 322.00,"Plan Rows": 10000,"Plan Width": 8,"Actual Startup Time": 13.249,"Actual Total Time": 13.253,"Actual Rows": 10000,"Actual Loops": 3,"Hash Buckets": 16384,"Original Hash Buckets": 16384,"Hash Batches": 1,"Original Hash Batches": 1,"Peak Memory Usage": 519,"Workers": [],"Plans": [{"Node Type": "Seq Scan","Parent Relationship": "Outer","Parallel Aware": false,"Async Capable": false,"Relation Name": "supplier","Alias": "supplier","Startup Cost": 0.00,"Total Cost": 322.00,"Plan Rows": 10000,"Plan Width": 8,"Actual Startup Time": 0.061,"Actual Total Time": 11.553,"Actual Rows": 10000,"Actual Loops": 3,"Workers": []}]}]}]}]}]}]}]},"Planning Time": 10.259,"Triggers": [],"Execution Time": 846.817}]
[{"Plan": {"Node Type": "Sort","Parallel Aware": false,"Async Capable": false,"Startup Cost": 21616.39,"Total Cost": 21616.45,"Plan Rows": 25,"Plan Width": 136,"Actual Startup Time": 848.991,"Actual Total Time": 881.316,"Actual Rows": 5,"Actual Loops": 1,"Sort Key": ["(sum((lineitem.l_extendedprice * ('1'::numeric - lineitem.l_discount)))) DESC"],"Sort Method": "quicksort","Sort Space Used": 25,"Sort Space Type": "Memory","Plans": [{"Node Type": "Aggregate","Strategy": "Sorted","Partial Mode": "Finalize","Parent Relationship": "Outer","Parallel Aware": false,"Async Capable": false,"Startup Cost": 21601.33,"Total Cost": 21615.81,"Plan Rows": 25,"Plan Width": 136,"Actual Startup Time": 848.402,"Actual Total Time": 881.262,"Actual Rows": 5,"Actual Loops": 1,"Group Key": ["nation.n_name"],"Plans": [{"Node Type": "Gather Merge","Parent Relationship": "Outer","Parallel Aware": false,"Async Capable": false,"Startup Cost": 21601.33,"Total Cost": 21615.12,"Plan Rows": 50,"Plan Width": 136,"Actual Startup Time": 848.176,"Actual Total Time": 881.211,"Actual Rows": 15,"Actual Loops": 1,"Workers Planned": 2,"Workers Launched": 2,"Plans": [{"Node Type": "Aggregate","Strategy": "Sorted","Partial Mode": "Partial","Parent Relationship": "Outer","Parallel Aware": false,"Async Capable": false,"Startup Cost": 20601.30,"Total Cost": 20609.33,"Plan Rows": 25,"Plan Width": 136,"Actual Startup Time": 841.096,"Actual Total Time": 841.805,"Actual Rows": 5,"Actual Loops": 3,"Group Key": ["nation.n_name"],"Workers": [],"Plans": [{"Node Type": "Sort","Parent Relationship": "Outer","Parallel Aware": false,"Async Capable": false,"Startup Cost": 20601.30,"Total Cost": 20602.85,"Plan Rows": 617,"Plan Width": 116,"Actual Startup Time": 840.878,"Actual Total Time": 841.005,"Actual Rows": 2453,"Actual Loops": 3,"Sort Key": ["nation.n_name"],"Sort Method": "quicksort","Sort Space Used": 289,"Sort Space Type": "Memory","Workers": [{"Worker Number": 0,"Sort Method": "quicksort","Sort Space Used": 295,"Sort Space Type": "Memory"},{"Worker Number": 1,"Sort Method": "quicksort","Sort Space Used": 281,"Sort Space Type": "Memory"}],"Plans": [{"Node Type": "Hash Join","Parent Relationship": "Outer","Parallel Aware": false,"Async Capable": false,"Join Type": "Inner","Startup Cost": 475.27,"Total Cost": 20572.71,"Plan Rows": 617,"Plan Width": 116,"Actual Startup Time": 10.379,"Actual Total Time": 839.260,"Actual Rows": 2453,"Actual Loops": 3,"Inner Unique": true,"Hash Cond": "((lineitem.l_suppkey = supplier.s_suppkey) AND (customer.c_nationkey = supplier.s_nationkey))","Workers": [],"Plans": [{"Node Type": "Nested Loop","Parent Relationship": "Outer","Parallel Aware": false,"Async Capable": false,"Join Type": "Inner","Startup Cost": 3.27,"Total Cost": 20019.70,"Plan Rows": 15431,"Plan Width": 128,"Actual Startup Time": 0.539,"Actual Total Time": 793.839,"Actual Rows": 61906,"Actual Loops": 3,"Inner Unique": false,"Workers": [],"Plans": [{"Node Type": "Nested Loop","Parent Relationship": "Outer","Parallel Aware": false,"Async Capable": false,"Join Type": "Inner","Startup Cost": 2.84,"Total Cost": 8414.26,"Plan Rows": 3857,"Plan Width": 116,"Actual Startup Time": 0.431,"Actual Total Time": 473.927,"Actual Rows": 15506,"Actual Loops": 3,"Inner Unique": false,"Workers": [],"Plans": [{"Node Type": "Hash Join","Parent Relationship": "Outer","Parallel Aware": false,"Async Capable": false,"Join Type": "Inner","Startup Cost": 2.41,"Total Cost": 4471.79,"Plan Rows": 2500,"Plan Width": 116,"Actual Startup Time": 0.234,"Actual Total Time": 55.451,"Actual Rows": 10066,"Actual Loops": 3,"Inner Unique": false,"Hash Cond": "(customer.c_nationkey = nation.n_nationkey)","Workers": [],"Plans": [{"Node Type": "Seq Scan","Parent Relationship": "Outer","Parallel Aware": true,"Async Capable": false,"Relation Name": "customer","Alias": "customer","Startup Cost": 0.00,"Total Cost": 4210.00,"Plan Rows": 62500,"Plan Width": 8,"Actual Startup Time": 0.019,"Actual Total Time": 9.720,"Actual Rows": 50000,"Actual Loops": 3,"Workers": []},{"Node Type": "Hash","Parent Relationship": "Inner","Parallel Aware": false,"Async Capable": false,"Startup Cost": 2.40,"Total Cost": 2.40,"Plan Rows": 1,"Plan Width": 108,"Actual Startup Time": 0.128,"Actual Total Time": 0.148,"Actual Rows": 5,"Actual Loops": 3,"Hash Buckets": 1024,"Original Hash Buckets": 1024,"Hash Batches": 1,"Original Hash Batches": 1,"Peak Memory Usage": 9,"Workers": [],"Plans": [{"Node Type": "Hash Join","Parent Relationship": "Outer","Parallel Aware": false,"Async Capable": false,"Join Type": "Inner","Startup Cost": 1.07,"Total Cost": 2.40,"Plan Rows": 1,"Plan Width": 108,"Actual Startup Time": 0.115,"Actual Total Time": 0.137,"Actual Rows": 5,"Actual Loops": 3,"Inner Unique": true,"Hash Cond": "(nation.n_regionkey = region.r_regionkey)","Workers": [],"Plans": [{"Node Type": "Seq Scan","Parent Relationship": "Outer","Parallel Aware": false,"Async Capable": false,"Relation Name": "nation","Alias": "nation","Startup Cost": 0.00,"Total Cost": 1.25,"Plan Rows": 25,"Plan Width": 112,"Actual Startup Time": 0.040,"Actual Total Time": 0.044,"Actual Rows": 25,"Actual Loops": 3,"Workers": []},{"Node Type": "Hash","Parent Relationship": "Inner","Parallel Aware": false,"Async Capable": false,"Startup Cost": 1.06,"Total Cost": 1.06,"Plan Rows": 1,"Plan Width": 4,"Actual Startup Time": 0.046,"Actual Total Time": 0.051,"Actual Rows": 1,"Actual Loops": 3,"Hash Buckets": 1024,"Original Hash Buckets": 1024,"Hash Batches": 1,"Original Hash Batches": 1,"Peak Memory Usage": 9,"Workers": [],"Plans": [{"Node Type": "Seq Scan","Parent Relationship": "Outer","Parallel Aware": false,"Async Capable": false,"Relation Name": "region","Alias": "region","Startup Cost": 0.00,"Total Cost": 1.06,"Plan Rows": 1,"Plan Width": 4,"Actual Startup Time": 0.033,"Actual Total Time": 0.034,"Actual Rows": 1,"Actual Loops": 3,"Filter": "(r_name = 'EUROPE'::bpchar)","Rows Removed by Filter": 4,"Workers": []}]}]}]}]},{"Node Type": "Index Scan","Parent Relationship": "Inner","Parallel Aware": false,"Async Capable": false,"Scan Direction": "Forward","Index Name": "idx_orders_custkey","Relation Name": "orders","Alias": "orders","Startup Cost": 0.43,"Total Cost": 1.55,"Plan Rows": 3,"Plan Width": 8,"Actual Startup Time": 0.017,"Actual Total Time": 0.041,"Actual Rows": 2,"Actual Loops": 30197,"Index Cond": "(o_custkey = customer.c_custkey)","Rows Removed by Index Recheck": 0,"Filter": "((o_orderdate >= '1996-01-01'::date) AND (o_orderdate < '1997-01-01 00:00:00'::timestamp without time zone))","Rows Removed by Filter": 9,"Workers": []}]},{"Node Type": "Index Scan","Parent Relationship": "Inner","Parallel Aware": false,"Async Capable": false,"Scan Direction": "Forward","Index Name": "idx_lineitem_orderkey","Relation Name": "lineitem","Alias": "lineitem","Startup Cost": 0.43,"Total Cost": 2.84,"Plan Rows": 17,"Plan Width": 20,"Actual Startup Time": 0.017,"Actual Total Time": 0.020,"Actual Rows": 4,"Actual Loops": 46518,"Index Cond": "(l_orderkey = orders.o_orderkey)","Rows Removed by Index Recheck": 0,"Workers": []}]},{"Node Type": "Hash","Parent Relationship": "Inner","Parallel Aware": false,"Async Capable": false,"Startup Cost": 322.00,"Total Cost": 322.00,"Plan Rows": 10000,"Plan Width": 8,"Actual Startup Time": 8.337,"Actual Total Time": 8.340,"Actual Rows": 10000,"Actual Loops": 3,"Hash Buckets": 16384,"Original Hash Buckets": 16384,"Hash Batches": 1,"Original Hash Batches": 1,"Peak Memory Usage": 519,"Workers": [],"Plans": [{"Node Type": "Seq Scan","Parent Relationship": "Outer","Parallel Aware": false,"Async Capable": false,"Relation Name": "supplier","Alias": "supplier","Startup Cost": 0.00,"Total Cost": 322.00,"Plan Rows": 10000,"Plan Width": 8,"Actual Startup Time": 0.039,"Actual Total Time": 6.479,"Actual Rows": 10000,"Actual Loops": 3,"Workers": []}]}]}]}]}]}]}]},"Planning Time": 9.377,"Triggers": [],"Execution Time": 881.912}]
[{"Plan": {"Node Type": "Sort","Parallel Aware": false,"Async Capable": false,"Startup Cost": 21565.24,"Total Cost": 21565.30,"Plan Rows": 25,"Plan Width": 136,"Actual Startup Time": 797.386,"Actual Total Time": 830.222,"Actual Rows": 5,"Actual Loops": 1,"Sort Key": ["(sum((lineitem.l_extendedprice * ('1'::numeric - lineitem.l_discount)))) DESC"],"Sort Method": "quicksort","Sort Space Used": 25,"Sort Space Type": "Memory","Plans": [{"Node Type": "Aggregate","Strategy": "Sorted","Partial Mode": "Finalize","Parent Relationship": "Outer","Parallel Aware": false,"Async Capable": false,"Startup Cost": 21550.29,"Total Cost": 21564.66,"Plan Rows": 25,"Plan Width": 136,"Actual Startup Time": 796.761,"Actual Total Time": 830.172,"Actual Rows": 5,"Actual Loops": 1,"Group Key": ["nation.n_name"],"Plans": [{"Node Type": "Gather Merge","Parent Relationship": "Outer","Parallel Aware": false,"Async Capable": false,"Startup Cost": 21550.29,"Total Cost": 21563.97,"Plan Rows": 50,"Plan Width": 136,"Actual Startup Time": 796.547,"Actual Total Time": 830.110,"Actual Rows": 15,"Actual Loops": 1,"Workers Planned": 2,"Workers Launched": 2,"Plans": [{"Node Type": "Aggregate","Strategy": "Sorted","Partial Mode": "Partial","Parent Relationship": "Outer","Parallel Aware": false,"Async Capable": false,"Startup Cost": 20550.26,"Total Cost": 20558.18,"Plan Rows": 25,"Plan Width": 136,"Actual Startup Time": 788.895,"Actual Total Time": 789.783,"Actual Rows": 5,"Actual Loops": 3,"Group Key": ["nation.n_name"],"Workers": [],"Plans": [{"Node Type": "Sort","Parent Relationship": "Outer","Parallel Aware": false,"Async Capable": false,"Startup Cost": 20550.26,"Total Cost": 20551.78,"Plan Rows": 608,"Plan Width": 116,"Actual Startup Time": 788.664,"Actual Total Time": 788.842,"Actual Rows": 2456,"Actual Loops": 3,"Sort Key": ["nation.n_name"],"Sort Method": "quicksort","Sort Space Used": 291,"Sort Space Type": "Memory","Workers": [{"Worker Number": 0,"Sort Method": "quicksort","Sort Space Used": 279,"Sort Space Type": "Memory"},{"Worker Number": 1,"Sort Method": "quicksort","Sort Space Used": 295,"Sort Space Type": "Memory"}],"Plans": [{"Node Type": "Hash Join","Parent Relationship": "Outer","Parallel Aware": false,"Async Capable": false,"Join Type": "Inner","Startup Cost": 475.27,"Total Cost": 20522.15,"Plan Rows": 608,"Plan Width": 116,"Actual Startup Time": 10.168,"Actual Total Time": 787.209,"Actual Rows": 2456,"Actual Loops": 3,"Inner Unique": true,"Hash Cond": "((lineitem.l_suppkey = supplier.s_suppkey) AND (customer.c_nationkey = supplier.s_nationkey))","Workers": [],"Plans": [{"Node Type": "Nested Loop","Parent Relationship": "Outer","Parallel Aware": false,"Async Capable": false,"Join Type": "Inner","Startup Cost": 3.27,"Total Cost": 19970.29,"Plan Rows": 15211,"Plan Width": 128,"Actual Startup Time": 0.661,"Actual Total Time": 744.432,"Actual Rows": 60955,"Actual Loops": 3,"Inner Unique": false,"Workers": [],"Plans": [{"Node Type": "Nested Loop","Parent Relationship": "Outer","Parallel Aware": false,"Async Capable": false,"Join Type": "Inner","Startup Cost": 2.84,"Total Cost": 8414.26,"Plan Rows": 3802,"Plan Width": 116,"Actual Startup Time": 0.532,"Actual Total Time": 444.261,"Actual Rows": 15210,"Actual Loops": 3,"Inner Unique": false,"Workers": [],"Plans": [{"Node Type": "Hash Join","Parent Relationship": "Outer","Parallel Aware": false,"Async Capable": false,"Join Type": "Inner","Startup Cost": 2.41,"Total Cost": 4471.79,"Plan Rows": 2500,"Plan Width": 116,"Actual Startup Time": 0.249,"Actual Total Time": 53.241,"Actual Rows": 9984,"Actual Loops": 3,"Inner Unique": false,"Hash Cond": "(customer.c_nationkey = nation.n_nationkey)","Workers": [],"Plans": [{"Node Type": "Seq Scan","Parent Relationship": "Outer","Parallel Aware": true,"Async Capable": false,"Relation Name": "customer","Alias": "customer","Startup Cost": 0.00,"Total Cost": 4210.00,"Plan Rows": 62500,"Plan Width": 8,"Actual Startup Time": 0.015,"Actual Total Time": 9.455,"Actual Rows": 50000,"Actual Loops": 3,"Workers": []},{"Node Type": "Hash","Parent Relationship": "Inner","Parallel Aware": false,"Async Capable": false,"Startup Cost": 2.40,"Total Cost": 2.40,"Plan Rows": 1,"Plan Width": 108,"Actual Startup Time": 0.141,"Actual Total Time": 0.157,"Actual Rows": 5,"Actual Loops": 3,"Hash Buckets": 1024,"Original Hash Buckets": 1024,"Hash Batches": 1,"Original Hash Batches": 1,"Peak Memory Usage": 9,"Workers": [],"Plans": [{"Node Type": "Hash Join","Parent Relationship": "Outer","Parallel Aware": false,"Async Capable": false,"Join Type": "Inner","Startup Cost": 1.07,"Total Cost": 2.40,"Plan Rows": 1,"Plan Width": 108,"Actual Startup Time": 0.126,"Actual Total Time": 0.148,"Actual Rows": 5,"Actual Loops": 3,"Inner Unique": true,"Hash Cond": "(nation.n_regionkey = region.r_regionkey)","Workers": [],"Plans": [{"Node Type": "Seq Scan","Parent Relationship": "Outer","Parallel Aware": false,"Async Capable": false,"Relation Name": "nation","Alias": "nation","Startup Cost": 0.00,"Total Cost": 1.25,"Plan Rows": 25,"Plan Width": 112,"Actual Startup Time": 0.048,"Actual Total Time": 0.053,"Actual Rows": 25,"Actual Loops": 3,"Workers": []},{"Node Type": "Hash","Parent Relationship": "Inner","Parallel Aware": false,"Async Capable": false,"Startup Cost": 1.06,"Total Cost": 1.06,"Plan Rows": 1,"Plan Width": 4,"Actual Startup Time": 0.049,"Actual Total Time": 0.055,"Actual Rows": 1,"Actual Loops": 3,"Hash Buckets": 1024,"Original Hash Buckets": 1024,"Hash Batches": 1,"Original Hash Batches": 1,"Peak Memory Usage": 9,"Workers": [],"Plans": [{"Node Type": "Seq Scan","Parent Relationship": "Outer","Parallel Aware": false,"Async Capable": false,"Relation Name": "region","Alias": "region","Startup Cost": 0.00,"Total Cost": 1.06,"Plan Rows": 1,"Plan Width": 4,"Actual Startup Time": 0.036,"Actual Total Time": 0.040,"Actual Rows": 1,"Actual Loops": 3,"Filter": "(r_name = 'AMERICA'::bpchar)","Rows Removed by Filter": 4,"Workers": []}]}]}]}]},{"Node Type": "Index Scan","Parent Relationship": "Inner","Parallel Aware": false,"Async Capable": false,"Scan Direction": "Forward","Index Name": "idx_orders_custkey","Relation Name": "orders","Alias": "orders","Startup Cost": 0.43,"Total Cost": 1.55,"Plan Rows": 3,"Plan Width": 8,"Actual Startup Time": 0.016,"Actual Total Time": 0.039,"Actual Rows": 2,"Actual Loops": 29952,"Index Cond": "(o_custkey = customer.c_custkey)","Rows Removed by Index Recheck": 0,"Filter": "((o_orderdate >= '1995-01-01'::date) AND (o_orderdate < '1996-01-01 00:00:00'::timestamp without time zone))","Rows Removed by Filter": 8,"Workers": []}]},{"Node Type": "Index Scan","Parent Relationship": "Inner","Parallel Aware": false,"Async Capable": false,"Scan Direction": "Forward","Index Name": "idx_lineitem_orderkey","Relation Name": "lineitem","Alias": "lineitem","Startup Cost": 0.43,"Total Cost": 2.87,"Plan Rows": 17,"Plan Width": 20,"Actual Startup Time": 0.016,"Actual Total Time": 0.019,"Actual Rows": 4,"Actual Loops": 45630,"Index Cond": "(l_orderkey = orders.o_orderkey)","Rows Removed by Index Recheck": 0,"Workers": []}]},{"Node Type": "Hash","Parent Relationship": "Inner","Parallel Aware": false,"Async Capable": false,"Startup Cost": 322.00,"Total Cost": 322.00,"Plan Rows": 10000,"Plan Width": 8,"Actual Startup Time": 8.645,"Actual Total Time": 8.649,"Actual Rows": 10000,"Actual Loops": 3,"Hash Buckets": 16384,"Original Hash Buckets": 16384,"Hash Batches": 1,"Original Hash Batches": 1,"Peak Memory Usage": 519,"Workers": [],"Plans": [{"Node Type": "Seq Scan","Parent Relationship": "Outer","Parallel Aware": false,"Async Capable": false,"Relation Name": "supplier","Alias": "supplier","Startup Cost": 0.00,"Total Cost": 322.00,"Plan Rows": 10000,"Plan Width": 8,"Actual Startup Time": 0.041,"Actual Total Time": 6.699,"Actual Rows": 10000,"Actual Loops": 3,"Workers": []}]}]}]}]}]}]}]},"Planning Time": 10.274,"Triggers": [],"Execution Time": 830.793}]
[{"Plan": {"Node Type": "Sort","Parallel Aware": false,"Async Capable": false,"Startup Cost": 21565.81,"Total Cost": 21565.87,"Plan Rows": 25,"Plan Width": 136,"Actual Startup Time": 826.666,"Actual Total Time": 858.678,"Actual Rows": 5,"Actual Loops": 1,"Sort Key": ["(sum((lineitem.l_extendedprice * ('1'::numeric - lineitem.l_discount)))) DESC"],"Sort Method": "quicksort","Sort Space Used": 25,"Sort Space Type": "Memory","Plans": [{"Node Type": "Aggregate","Strategy": "Sorted","Partial Mode": "Finalize","Parent Relationship": "Outer","Parallel Aware": false,"Async Capable": false,"Startup Cost": 21550.86,"Total Cost": 21565.23,"Plan Rows": 25,"Plan Width": 136,"Actual Startup Time": 825.974,"Actual Total Time": 858.621,"Actual Rows": 5,"Actual Loops": 1,"Group Key": ["nation.n_name"],"Plans": [{"Node Type": "Gather Merge","Parent Relationship": "Outer","Parallel Aware": false,"Async Capable": false,"Startup Cost": 21550.86,"Total Cost": 21564.54,"Plan Rows": 50,"Plan Width": 136,"Actual Startup Time": 825.726,"Actual Total Time": 858.579,"Actual Rows": 15,"Actual Loops": 1,"Workers Planned": 2,"Workers Launched": 2,"Plans": [{"Node Type": "Aggregate","Strategy": "Sorted","Partial Mode": "Partial","Parent Relationship": "Outer","Parallel Aware": false,"Async Capable": false,"Startup Cost": 20550.84,"Total Cost": 20558.75,"Plan Rows": 25,"Plan Width": 136,"Actual Startup Time": 818.223,"Actual Total Time": 818.980,"Actual Rows": 5,"Actual Loops": 3,"Group Key": ["nation.n_name"],"Workers": [],"Plans": [{"Node Type": "Sort","Parent Relationship": "Outer","Parallel Aware": false,"Async Capable": false,"Startup Cost": 20550.84,"Total Cost": 20552.36,"Plan Rows": 608,"Plan Width": 116,"Actual Startup Time": 818.011,"Actual Total Time": 818.145,"Actual Rows": 2489,"Actual Loops": 3,"Sort Key": ["nation.n_name"],"Sort Method": "quicksort","Sort Space Used": 294,"Sort Space Type": "Memory","Workers": [{"Worker Number": 0,"Sort Method": "quicksort","Sort Space Used": 286,"Sort Space Type": "Memory"},{"Worker Number": 1,"Sort Method": "quicksort","Sort Space Used": 292,"Sort Space Type": "Memory"}],"Plans": [{"Node Type": "Hash Join","Parent Relationship": "Outer","Parallel Aware": false,"Async Capable": false,"Join Type": "Inner","Startup Cost": 475.27,"Total Cost": 20522.72,"Plan Rows": 608,"Plan Width": 116,"Actual Startup Time": 11.840,"Actual Total Time": 816.555,"Actual Rows": 2489,"Actual Loops": 3,"Inner Unique": true,"Hash Cond": "((lineitem.l_suppkey = supplier.s_suppkey) AND (customer.c_nationkey = supplier.s_nationkey))","Workers": [],"Plans": [{"Node Type": "Nested Loop","Parent Relationship": "Outer","Parallel Aware": false,"Async Capable": false,"Join Type": "Inner","Startup Cost": 3.27,"Total Cost": 19970.84,"Plan Rows": 15215,"Plan Width": 128,"Actual Startup Time": 0.591,"Actual Total Time": 771.834,"Actual Rows": 60959,"Actual Loops": 3,"Inner Unique": false,"Workers": [],"Plans": [{"Node Type": "Nested Loop","Parent Relationship": "Outer","Parallel Aware": false,"Async Capable": false,"Join Type": "Inner","Startup Cost": 2.84,"Total Cost": 8414.26,"Plan Rows": 3803,"Plan Width": 116,"Actual Startup Time": 0.474,"Actual Total Time": 463.395,"Actual Rows": 15225,"Actual Loops": 3,"Inner Unique": false,"Workers": [],"Plans": [{"Node Type": "Hash Join","Parent Relationship": "Outer","Parallel Aware": false,"Async Capable": false,"Join Type": "Inner","Startup Cost": 2.41,"Total Cost": 4471.79,"Plan Rows": 2500,"Plan Width": 116,"Actual Startup Time": 0.230,"Actual Total Time": 58.477,"Actual Rows": 9984,"Actual Loops": 3,"Inner Unique": false,"Hash Cond": "(customer.c_nationkey = nation.n_nationkey)","Workers": [],"Plans": [{"Node Type": "Seq Scan","Parent Relationship": "Outer","Parallel Aware": true,"Async Capable": false,"Relation Name": "customer","Alias": "customer","Startup Cost": 0.00,"Total Cost": 4210.00,"Plan Rows": 62500,"Plan Width": 8,"Actual Startup Time": 0.016,"Actual Total Time": 10.057,"Actual Rows": 50000,"Actual Loops": 3,"Workers": []},{"Node Type": "Hash","Parent Relationship": "Inner","Parallel Aware": false,"Async Capable": false,"Startup Cost": 2.40,"Total Cost": 2.40,"Plan Rows": 1,"Plan Width": 108,"Actual Startup Time": 0.130,"Actual Total Time": 0.146,"Actual Rows": 5,"Actual Loops": 3,"Hash Buckets": 1024,"Original Hash Buckets": 1024,"Hash Batches": 1,"Original Hash Batches": 1,"Peak Memory Usage": 9,"Workers": [],"Plans": [{"Node Type": "Hash Join","Parent Relationship": "Outer","Parallel Aware": false,"Async Capable": false,"Join Type": "Inner","Startup Cost": 1.07,"Total Cost": 2.40,"Plan Rows": 1,"Plan Width": 108,"Actual Startup Time": 0.116,"Actual Total Time": 0.137,"Actual Rows": 5,"Actual Loops": 3,"Inner Unique": true,"Hash Cond": "(nation.n_regionkey = region.r_regionkey)","Workers": [],"Plans": [{"Node Type": "Seq Scan","Parent Relationship": "Outer","Parallel Aware": false,"Async Capable": false,"Relation Name": "nation","Alias": "nation","Startup Cost": 0.00,"Total Cost": 1.25,"Plan Rows": 25,"Plan Width": 112,"Actual Startup Time": 0.042,"Actual Total Time": 0.045,"Actual Rows": 25,"Actual Loops": 3,"Workers": []},{"Node Type": "Hash","Parent Relationship": "Inner","Parallel Aware": false,"Async Capable": false,"Startup Cost": 1.06,"Total Cost": 1.06,"Plan Rows": 1,"Plan Width": 4,"Actual Startup Time": 0.050,"Actual Total Time": 0.056,"Actual Rows": 1,"Actual Loops": 3,"Hash Buckets": 1024,"Original Hash Buckets": 1024,"Hash Batches": 1,"Original Hash Batches": 1,"Peak Memory Usage": 9,"Workers": [],"Plans": [{"Node Type": "Seq Scan","Parent Relationship": "Outer","Parallel Aware": false,"Async Capable": false,"Relation Name": "region","Alias": "region","Startup Cost": 0.00,"Total Cost": 1.06,"Plan Rows": 1,"Plan Width": 4,"Actual Startup Time": 0.038,"Actual Total Time": 0.040,"Actual Rows": 1,"Actual Loops": 3,"Filter": "(r_name = 'AMERICA'::bpchar)","Rows Removed by Filter": 4,"Workers": []}]}]}]}]},{"Node Type": "Index Scan","Parent Relationship": "Inner","Parallel Aware": false,"Async Capable": false,"Scan Direction": "Forward","Index Name": "idx_orders_custkey","Relation Name": "orders","Alias": "orders","Startup Cost": 0.43,"Total Cost": 1.55,"Plan Rows": 3,"Plan Width": 8,"Actual Startup Time": 0.017,"Actual Total Time": 0.040,"Actual Rows": 2,"Actual Loops": 29952,"Index Cond": "(o_custkey = customer.c_custkey)","Rows Removed by Index Recheck": 0,"Filter": "((o_orderdate >= '1997-01-01'::date) AND (o_orderdate < '1998-01-01 00:00:00'::timestamp without time zone))","Rows Removed by Filter": 8,"Workers": []}]},{"Node Type": "Index Scan","Parent Relationship": "Inner","Parallel Aware": false,"Async Capable": false,"Scan Direction": "Forward","Index Name": "idx_lineitem_orderkey","Relation Name": "lineitem","Alias": "lineitem","Startup Cost": 0.43,"Total Cost": 2.87,"Plan Rows": 17,"Plan Width": 20,"Actual Startup Time": 0.017,"Actual Total Time": 0.020,"Actual Rows": 4,"Actual Loops": 45676,"Index Cond": "(l_orderkey = orders.o_orderkey)","Rows Removed by Index Recheck": 0,"Workers": []}]},{"Node Type": "Hash","Parent Relationship": "Inner","Parallel Aware": false,"Async Capable": false,"Startup Cost": 322.00,"Total Cost": 322.00,"Plan Rows": 10000,"Plan Width": 8,"Actual Startup Time": 10.524,"Actual Total Time": 10.525,"Actual Rows": 10000,"Actual Loops": 3,"Hash Buckets": 16384,"Original Hash Buckets": 16384,"Hash Batches": 1,"Original Hash Batches": 1,"Peak Memory Usage": 519,"Workers": [],"Plans": [{"Node Type": "Seq Scan","Parent Relationship": "Outer","Parallel Aware": false,"Async Capable": false,"Relation Name": "supplier","Alias": "supplier","Startup Cost": 0.00,"Total Cost": 322.00,"Plan Rows": 10000,"Plan Width": 8,"Actual Startup Time": 0.042,"Actual Total Time": 8.814,"Actual Rows": 10000,"Actual Loops": 3,"Workers": []}]}]}]}]}]}]}]},"Planning Time": 10.085,"Triggers": [],"Execution Time": 859.237}]
[{"Plan": {"Node Type": "Sort","Parallel Aware": false,"Async Capable": false,"Startup Cost": 21565.24,"Total Cost": 21565.30,"Plan Rows": 25,"Plan Width": 136,"Actual Startup Time": 829.883,"Actual Total Time": 862.581,"Actual Rows": 5,"Actual Loops": 1,"Sort Key": ["(sum((lineitem.l_extendedprice * ('1'::numeric - lineitem.l_discount)))) DESC"],"Sort Method": "quicksort","Sort Space Used": 25,"Sort Space Type": "Memory","Plans": [{"Node Type": "Aggregate","Strategy": "Sorted","Partial Mode": "Finalize","Parent Relationship": "Outer","Parallel Aware": false,"Async Capable": false,"Startup Cost": 21550.29,"Total Cost": 21564.66,"Plan Rows": 25,"Plan Width": 136,"Actual Startup Time": 829.271,"Actual Total Time": 862.532,"Actual Rows": 5,"Actual Loops": 1,"Group Key": ["nation.n_name"],"Plans": [{"Node Type": "Gather Merge","Parent Relationship": "Outer","Parallel Aware": false,"Async Capable": false,"Startup Cost": 21550.29,"Total Cost": 21563.97,"Plan Rows": 50,"Plan Width": 136,"Actual Startup Time": 829.074,"Actual Total Time": 862.478,"Actual Rows": 15,"Actual Loops": 1,"Workers Planned": 2,"Workers Launched": 2,"Plans": [{"Node Type": "Aggregate","Strategy": "Sorted","Partial Mode": "Partial","Parent Relationship": "Outer","Parallel Aware": false,"Async Capable": false,"Startup Cost": 20550.26,"Total Cost": 20558.18,"Plan Rows": 25,"Plan Width": 136,"Actual Startup Time": 821.816,"Actual Total Time": 822.538,"Actual Rows": 5,"Actual Loops": 3,"Group Key": ["nation.n_name"],"Workers": [],"Plans": [{"Node Type": "Sort","Parent Relationship": "Outer","Parallel Aware": false,"Async Capable": false,"Startup Cost": 20550.26,"Total Cost": 20551.78,"Plan Rows": 608,"Plan Width": 116,"Actual Startup Time": 821.604,"Actual Total Time": 821.730,"Actual Rows": 2468,"Actual Loops": 3,"Sort Key": ["nation.n_name"],"Sort Method": "quicksort","Sort Space Used": 285,"Sort Space Type": "Memory","Workers": [{"Worker Number": 0,"Sort Method": "quicksort","Sort Space Used": 293,"Sort Space Type": "Memory"},{"Worker Number": 1,"Sort Method": "quicksort","Sort Space Used": 290,"Sort Space Type": "Memory"}],"Plans": [{"Node Type": "Hash Join","Parent Relationship": "Outer","Parallel Aware": false,"Async Capable": false,"Join Type": "Inner","Startup Cost": 475.27,"Total Cost": 20522.15,"Plan Rows": 608,"Plan Width": 116,"Actual Startup Time": 10.349,"Actual Total Time": 819.988,"Actual Rows": 2468,"Actual Loops": 3,"Inner Unique": true,"Hash Cond": "((lineitem.l_suppkey = supplier.s_suppkey) AND (customer.c_nationkey = supplier.s_nationkey))","Workers": [],"Plans": [{"Node Type": "Nested Loop","Parent Relationship": "Outer","Parallel Aware": false,"Async Capable": false,"Join Type": "Inner","Startup Cost": 3.27,"Total Cost": 19970.29,"Plan Rows": 15211,"Plan Width": 128,"Actual Startup Time": 0.787,"Actual Total Time": 773.951,"Actual Rows": 61461,"Actual Loops": 3,"Inner Unique": false,"Workers": [],"Plans": [{"Node Type": "Nested Loop","Parent Relationship": "Outer","Parallel Aware": false,"Async Capable": false,"Join Type": "Inner","Startup Cost": 2.84,"Total Cost": 8414.26,"Plan Rows": 3802,"Plan Width": 116,"Actual Startup Time": 0.651,"Actual Total Time": 459.932,"Actual Rows": 15399,"Actual Loops": 3,"Inner Unique": false,"Workers": [],"Plans": [{"Node Type": "Hash Join","Parent Relationship": "Outer","Parallel Aware": false,"Async Capable": false,"Join Type": "Inner","Startup Cost": 2.41,"Total Cost": 4471.79,"Plan Rows": 2500,"Plan Width": 116,"Actual Startup Time": 0.245,"Actual Total Time": 55.063,"Actual Rows": 10066,"Actual Loops": 3,"Inner Unique": false,"Hash Cond": "(customer.c_nationkey = nation.n_nationkey)","Workers": [],"Plans": [{"Node Type": "Seq Scan","Parent Relationship": "Outer","Parallel Aware": true,"Async Capable": false,"Relation Name": "customer","Alias": "customer","Startup Cost": 0.00,"Total Cost": 4210.00,"Plan Rows": 62500,"Plan Width": 8,"Actual Startup Time": 0.014,"Actual Total Time": 9.571,"Actual Rows": 50000,"Actual Loops": 3,"Workers": []},{"Node Type": "Hash","Parent Relationship": "Inner","Parallel Aware": false,"Async Capable": false,"Startup Cost": 2.40,"Total Cost": 2.40,"Plan Rows": 1,"Plan Width": 108,"Actual Startup Time": 0.139,"Actual Total Time": 0.155,"Actual Rows": 5,"Actual Loops": 3,"Hash Buckets": 1024,"Original Hash Buckets": 1024,"Hash Batches": 1,"Original Hash Batches": 1,"Peak Memory Usage": 9,"Workers": [],"Plans": [{"Node Type": "Hash Join","Parent Relationship": "Outer","Parallel Aware": false,"Async Capable": false,"Join Type": "Inner","Startup Cost": 1.07,"Total Cost": 2.40,"Plan Rows": 1,"Plan Width": 108,"Actual Startup Time": 0.126,"Actual Total Time": 0.145,"Actual Rows": 5,"Actual Loops": 3,"Inner Unique": true,"Hash Cond": "(nation.n_regionkey = region.r_regionkey)","Workers": [],"Plans": [{"Node Type": "Seq Scan","Parent Relationship": "Outer","Parallel Aware": false,"Async Capable": false,"Relation Name": "nation","Alias": "nation","Startup Cost": 0.00,"Total Cost": 1.25,"Plan Rows": 25,"Plan Width": 112,"Actual Startup Time": 0.043,"Actual Total Time": 0.047,"Actual Rows": 25,"Actual Loops": 3,"Workers": []},{"Node Type": "Hash","Parent Relationship": "Inner","Parallel Aware": false,"Async Capable": false,"Startup Cost": 1.06,"Total Cost": 1.06,"Plan Rows": 1,"Plan Width": 4,"Actual Startup Time": 0.051,"Actual Total Time": 0.056,"Actual Rows": 1,"Actual Loops": 3,"Hash Buckets": 1024,"Original Hash Buckets": 1024,"Hash Batches": 1,"Original Hash Batches": 1,"Peak Memory Usage": 9,"Workers": [],"Plans": [{"Node Type": "Seq Scan","Parent Relationship": "Outer","Parallel Aware": false,"Async Capable": false,"Relation Name": "region","Alias": "region","Startup Cost": 0.00,"Total Cost": 1.06,"Plan Rows": 1,"Plan Width": 4,"Actual Startup Time": 0.037,"Actual Total Time": 0.039,"Actual Rows": 1,"Actual Loops": 3,"Filter": "(r_name = 'EUROPE'::bpchar)","Rows Removed by Filter": 4,"Workers": []}]}]}]}]},{"Node Type": "Index Scan","Parent Relationship": "Inner","Parallel Aware": false,"Async Capable": false,"Scan Direction": "Forward","Index Name": "idx_orders_custkey","Relation Name": "orders","Alias": "orders","Startup Cost": 0.43,"Total Cost": 1.55,"Plan Rows": 3,"Plan Width": 8,"Actual Startup Time": 0.017,"Actual Total Time": 0.040,"Actual Rows": 2,"Actual Loops": 30197,"Index Cond": "(o_custkey = customer.c_custkey)","Rows Removed by Index Recheck": 0,"Filter": "((o_orderdate >= '1995-01-01'::date) AND (o_orderdate < '1996-01-01 00:00:00'::timestamp without time zone))","Rows Removed by Filter": 9,"Workers": []}]},{"Node Type": "Index Scan","Parent Relationship": "Inner","Parallel Aware": false,"Async Capable": false,"Scan Direction": "Forward","Index Name": "idx_lineitem_orderkey","Relation Name": "lineitem","Alias": "lineitem","Startup Cost": 0.43,"Total Cost": 2.87,"Plan Rows": 17,"Plan Width": 20,"Actual Startup Time": 0.017,"Actual Total Time": 0.020,"Actual Rows": 4,"Actual Loops": 46197,"Index Cond": "(l_orderkey = orders.o_orderkey)","Rows Removed by Index Recheck": 0,"Workers": []}]},{"Node Type": "Hash","Parent Relationship": "Inner","Parallel Aware": false,"Async Capable": false,"Startup Cost": 322.00,"Total Cost": 322.00,"Plan Rows": 10000,"Plan Width": 8,"Actual Startup Time": 8.644,"Actual Total Time": 8.648,"Actual Rows": 10000,"Actual Loops": 3,"Hash Buckets": 16384,"Original Hash Buckets": 16384,"Hash Batches": 1,"Original Hash Batches": 1,"Peak Memory Usage": 519,"Workers": [],"Plans": [{"Node Type": "Seq Scan","Parent Relationship": "Outer","Parallel Aware": false,"Async Capable": false,"Relation Name": "supplier","Alias": "supplier","Startup Cost": 0.00,"Total Cost": 322.00,"Plan Rows": 10000,"Plan Width": 8,"Actual Startup Time": 0.045,"Actual Total Time": 6.681,"Actual Rows": 10000,"Actual Loops": 3,"Workers": []}]}]}]}]}]}]}]},"Planning Time": 10.340,"Triggers": [],"Execution Time": 863.182}]
[{"Plan": {"Node Type": "Sort","Parallel Aware": false,"Async Capable": false,"Startup Cost": 21565.81,"Total Cost": 21565.87,"Plan Rows": 25,"Plan Width": 136,"Actual Startup Time": 826.666,"Actual Total Time": 858.678,"Actual Rows": 5,"Actual Loops": 1,"Sort Key": ["(sum((lineitem.l_extendedprice * ('1'::numeric - lineitem.l_discount)))) DESC"],"Sort Method": "quicksort","Sort Space Used": 25,"Sort Space Type": "Memory","Plans": [{"Node Type": "Aggregate","Strategy": "Sorted","Partial Mode": "Finalize","Parent Relationship": "Outer","Parallel Aware": false,"Async Capable": false,"Startup Cost": 21550.86,"Total Cost": 21565.23,"Plan Rows": 25,"Plan Width": 136,"Actual Startup Time": 825.974,"Actual Total Time": 858.621,"Actual Rows": 5,"Actual Loops": 1,"Group Key": ["nation.n_name"],"Plans": [{"Node Type": "Gather Merge","Parent Relationship": "Outer","Parallel Aware": false,"Async Capable": false,"Startup Cost": 21550.86,"Total Cost": 21564.54,"Plan Rows": 50,"Plan Width": 136,"Actual Startup Time": 825.726,"Actual Total Time": 858.579,"Actual Rows": 15,"Actual Loops": 1,"Workers Planned": 2,"Workers Launched": 2,"Plans": [{"Node Type": "Aggregate","Strategy": "Sorted","Partial Mode": "Partial","Parent Relationship": "Outer","Parallel Aware": false,"Async Capable": false,"Startup Cost": 20550.84,"Total Cost": 20558.75,"Plan Rows": 25,"Plan Width": 136,"Actual Startup Time": 818.223,"Actual Total Time": 818.980,"Actual Rows": 5,"Actual Loops": 3,"Group Key": ["nation.n_name"],"Workers": [],"Plans": [{"Node Type": "Sort","Parent Relationship": "Outer","Parallel Aware": false,"Async Capable": false,"Startup Cost": 20550.84,"Total Cost": 20552.36,"Plan Rows": 608,"Plan Width": 116,"Actual Startup Time": 818.011,"Actual Total Time": 818.145,"Actual Rows": 2489,"Actual Loops": 3,"Sort Key": ["nation.n_name"],"Sort Method": "quicksort","Sort Space Used": 294,"Sort Space Type": "Memory","Workers": [{"Worker Number": 0,"Sort Method": "quicksort","Sort Space Used": 286,"Sort Space Type": "Memory"},{"Worker Number": 1,"Sort Method": "quicksort","Sort Space Used": 292,"Sort Space Type": "Memory"}],"Plans": [{"Node Type": "Hash Join","Parent Relationship": "Outer","Parallel Aware": false,"Async Capable": false,"Join Type": "Inner","Startup Cost": 475.27,"Total Cost": 20522.72,"Plan Rows": 608,"Plan Width": 116,"Actual Startup Time": 11.840,"Actual Total Time": 816.555,"Actual Rows": 2489,"Actual Loops": 3,"Inner Unique": true,"Hash Cond": "((lineitem.l_suppkey = supplier.s_suppkey) AND (customer.c_nationkey = supplier.s_nationkey))","Workers": [],"Plans": [{"Node Type": "Nested Loop","Parent Relationship": "Outer","Parallel Aware": false,"Async Capable": false,"Join Type": "Inner","Startup Cost": 3.27,"Total Cost": 19970.84,"Plan Rows": 15215,"Plan Width": 128,"Actual Startup Time": 0.591,"Actual Total Time": 771.834,"Actual Rows": 60959,"Actual Loops": 3,"Inner Unique": false,"Workers": [],"Plans": [{"Node Type": "Nested Loop","Parent Relationship": "Outer","Parallel Aware": false,"Async Capable": false,"Join Type": "Inner","Startup Cost": 2.84,"Total Cost": 8414.26,"Plan Rows": 3803,"Plan Width": 116,"Actual Startup Time": 0.474,"Actual Total Time": 463.395,"Actual Rows": 15225,"Actual Loops": 3,"Inner Unique": false,"Workers": [],"Plans": [{"Node Type": "Hash Join","Parent Relationship": "Outer","Parallel Aware": false,"Async Capable": false,"Join Type": "Inner","Startup Cost": 2.41,"Total Cost": 4471.79,"Plan Rows": 2500,"Plan Width": 116,"Actual Startup Time": 0.230,"Actual Total Time": 58.477,"Actual Rows": 9984,"Actual Loops": 3,"Inner Unique": false,"Hash Cond": "(customer.c_nationkey = nation.n_nationkey)","Workers": [],"Plans": [{"Node Type": "Seq Scan","Parent Relationship": "Outer","Parallel Aware": true,"Async Capable": false,"Relation Name": "customer","Alias": "customer","Startup Cost": 0.00,"Total Cost": 4210.00,"Plan Rows": 62500,"Plan Width": 8,"Actual Startup Time": 0.016,"Actual Total Time": 10.057,"Actual Rows": 50000,"Actual Loops": 3,"Workers": []},{"Node Type": "Hash","Parent Relationship": "Inner","Parallel Aware": false,"Async Capable": false,"Startup Cost": 2.40,"Total Cost": 2.40,"Plan Rows": 1,"Plan Width": 108,"Actual Startup Time": 0.130,"Actual Total Time": 0.146,"Actual Rows": 5,"Actual Loops": 3,"Hash Buckets": 1024,"Original Hash Buckets": 1024,"Hash Batches": 1,"Original Hash Batches": 1,"Peak Memory Usage": 9,"Workers": [],"Plans": [{"Node Type": "Hash Join","Parent Relationship": "Outer","Parallel Aware": false,"Async Capable": false,"Join Type": "Inner","Startup Cost": 1.07,"Total Cost": 2.40,"Plan Rows": 1,"Plan Width": 108,"Actual Startup Time": 0.116,"Actual Total Time": 0.137,"Actual Rows": 5,"Actual Loops": 3,"Inner Unique": true,"Hash Cond": "(nation.n_regionkey = region.r_regionkey)","Workers": [],"Plans": [{"Node Type": "Seq Scan","Parent Relationship": "Outer","Parallel Aware": false,"Async Capable": false,"Relation Name": "nation","Alias": "nation","Startup Cost": 0.00,"Total Cost": 1.25,"Plan Rows": 25,"Plan Width": 112,"Actual Startup Time": 0.042,"Actual Total Time": 0.045,"Actual Rows": 25,"Actual Loops": 3,"Workers": []},{"Node Type": "Hash","Parent Relationship": "Inner","Parallel Aware": false,"Async Capable": false,"Startup Cost": 1.06,"Total Cost": 1.06,"Plan Rows": 1,"Plan Width": 4,"Actual Startup Time": 0.050,"Actual Total Time": 0.056,"Actual Rows": 1,"Actual Loops": 3,"Hash Buckets": 1024,"Original Hash Buckets": 1024,"Hash Batches": 1,"Original Hash Batches": 1,"Peak Memory Usage": 9,"Workers": [],"Plans": [{"Node Type": "Seq Scan","Parent Relationship": "Outer","Parallel Aware": false,"Async Capable": false,"Relation Name": "region","Alias": "region","Startup Cost": 0.00,"Total Cost": 1.06,"Plan Rows": 1,"Plan Width": 4,"Actual Startup Time": 0.038,"Actual Total Time": 0.040,"Actual Rows": 1,"Actual Loops": 3,"Filter": "(r_name = 'AMERICA'::bpchar)","Rows Removed by Filter": 4,"Workers": []}]}]}]}]},{"Node Type": "Index Scan","Parent Relationship": "Inner","Parallel Aware": false,"Async Capable": false,"Scan Direction": "Forward","Index Name": "idx_orders_custkey","Relation Name": "orders","Alias": "orders","Startup Cost": 0.43,"Total Cost": 1.55,"Plan Rows": 3,"Plan Width": 8,"Actual Startup Time": 0.017,"Actual Total Time": 0.040,"Actual Rows": 2,"Actual Loops": 29952,"Index Cond": "(o_custkey = customer.c_custkey)","Rows Removed by Index Recheck": 0,"Filter": "((o_orderdate >= '1997-01-01'::date) AND (o_orderdate < '1998-01-01 00:00:00'::timestamp without time zone))","Rows Removed by Filter": 8,"Workers": []}]},{"Node Type": "Index Scan","Parent Relationship": "Inner","Parallel Aware": false,"Async Capable": false,"Scan Direction": "Forward","Index Name": "idx_lineitem_orderkey","Relation Name": "lineitem","Alias": "lineitem","Startup Cost": 0.43,"Total Cost": 2.87,"Plan Rows": 17,"Plan Width": 20,"Actual Startup Time": 0.017,"Actual Total Time": 0.020,"Actual Rows": 4,"Actual Loops": 45676,"Index Cond": "(l_orderkey = orders.o_orderkey)","Rows Removed by Index Recheck": 0,"Workers": []}]},{"Node Type": "Hash","Parent Relationship": "Inner","Parallel Aware": false,"Async Capable": false,"Startup Cost": 322.00,"Total Cost": 322.00,"Plan Rows": 10000,"Plan Width": 8,"Actual Startup Time": 10.524,"Actual Total Time": 10.525,"Actual Rows": 10000,"Actual Loops": 3,"Hash Buckets": 16384,"Original Hash Buckets": 16384,"Hash Batches": 1,"Original Hash Batches": 1,"Peak Memory Usage": 519,"Workers": [],"Plans": [{"Node Type": "Seq Scan","Parent Relationship": "Outer","Parallel Aware": false,"Async Capable": false,"Relation Name": "supplier","Alias": "supplier","Startup Cost": 0.00,"Total Cost": 322.00,"Plan Rows": 10000,"Plan Width": 8,"Actual Startup Time": 0.042,"Actual Total Time": 8.814,"Actual Rows": 10000,"Actual Loops": 3,"Workers": []}]}]}]}]}]}]}]},"Planning Time": 10.085,"Triggers": [],"Execution Time": 859.237}]
[{"Plan": {"Node Type": "Sort","Parallel Aware": false,"Async Capable": false,"Startup Cost": 21565.81,"Total Cost": 21565.87,"Plan Rows": 25,"Plan Width": 136,"Actual Startup Time": 833.811,"Actual Total Time": 865.523,"Actual Rows": 5,"Actual Loops": 1,"Sort Key": ["(sum((lineitem.l_extendedprice * ('1'::numeric - lineitem.l_discount)))) DESC"],"Sort Method": "quicksort","Sort Space Used": 25,"Sort Space Type": "Memory","Plans": [{"Node Type": "Aggregate","Strategy": "Sorted","Partial Mode": "Finalize","Parent Relationship": "Outer","Parallel Aware": false,"Async Capable": false,"Startup Cost": 21550.86,"Total Cost": 21565.23,"Plan Rows": 25,"Plan Width": 136,"Actual Startup Time": 833.271,"Actual Total Time": 865.478,"Actual Rows": 5,"Actual Loops": 1,"Group Key": ["nation.n_name"],"Plans": [{"Node Type": "Gather Merge","Parent Relationship": "Outer","Parallel Aware": false,"Async Capable": false,"Startup Cost": 21550.86,"Total Cost": 21564.54,"Plan Rows": 50,"Plan Width": 136,"Actual Startup Time": 833.025,"Actual Total Time": 865.435,"Actual Rows": 15,"Actual Loops": 1,"Workers Planned": 2,"Workers Launched": 2,"Plans": [{"Node Type": "Aggregate","Strategy": "Sorted","Partial Mode": "Partial","Parent Relationship": "Outer","Parallel Aware": false,"Async Capable": false,"Startup Cost": 20550.84,"Total Cost": 20558.75,"Plan Rows": 25,"Plan Width": 136,"Actual Startup Time": 825.546,"Actual Total Time": 826.255,"Actual Rows": 5,"Actual Loops": 3,"Group Key": ["nation.n_name"],"Workers": [],"Plans": [{"Node Type": "Sort","Parent Relationship": "Outer","Parallel Aware": false,"Async Capable": false,"Startup Cost": 20550.84,"Total Cost": 20552.36,"Plan Rows": 608,"Plan Width": 116,"Actual Startup Time": 825.323,"Actual Total Time": 825.450,"Actual Rows": 2415,"Actual Loops": 3,"Sort Key": ["nation.n_name"],"Sort Method": "quicksort","Sort Space Used": 281,"Sort Space Type": "Memory","Workers": [{"Worker Number": 0,"Sort Method": "quicksort","Sort Space Used": 286,"Sort Space Type": "Memory"},{"Worker Number": 1,"Sort Method": "quicksort","Sort Space Used": 289,"Sort Space Type": "Memory"}],"Plans": [{"Node Type": "Hash Join","Parent Relationship": "Outer","Parallel Aware": false,"Async Capable": false,"Join Type": "Inner","Startup Cost": 475.27,"Total Cost": 20522.72,"Plan Rows": 608,"Plan Width": 116,"Actual Startup Time": 12.893,"Actual Total Time": 823.841,"Actual Rows": 2415,"Actual Loops": 3,"Inner Unique": true,"Hash Cond": "((lineitem.l_suppkey = supplier.s_suppkey) AND (customer.c_nationkey = supplier.s_nationkey))","Workers": [],"Plans": [{"Node Type": "Nested Loop","Parent Relationship": "Outer","Parallel Aware": false,"Async Capable": false,"Join Type": "Inner","Startup Cost": 3.27,"Total Cost": 19970.84,"Plan Rows": 15215,"Plan Width": 128,"Actual Startup Time": 0.809,"Actual Total Time": 777.035,"Actual Rows": 60714,"Actual Loops": 3,"Inner Unique": false,"Workers": [],"Plans": [{"Node Type": "Nested Loop","Parent Relationship": "Outer","Parallel Aware": false,"Async Capable": false,"Join Type": "Inner","Startup Cost": 2.84,"Total Cost": 8414.26,"Plan Rows": 3803,"Plan Width": 116,"Actual Startup Time": 0.660,"Actual Total Time": 471.667,"Actual Rows": 15226,"Actual Loops": 3,"Inner Unique": false,"Workers": [],"Plans": [{"Node Type": "Hash Join","Parent Relationship": "Outer","Parallel Aware": false,"Async Capable": false,"Join Type": "Inner","Startup Cost": 2.41,"Total Cost": 4471.79,"Plan Rows": 2500,"Plan Width": 116,"Actual Startup Time": 0.276,"Actual Total Time": 59.829,"Actual Rows": 10066,"Actual Loops": 3,"Inner Unique": false,"Hash Cond": "(customer.c_nationkey = nation.n_nationkey)","Workers": [],"Plans": [{"Node Type": "Seq Scan","Parent Relationship": "Outer","Parallel Aware": true,"Async Capable": false,"Relation Name": "customer","Alias": "customer","Startup Cost": 0.00,"Total Cost": 4210.00,"Plan Rows": 62500,"Plan Width": 8,"Actual Startup Time": 0.021,"Actual Total Time": 10.083,"Actual Rows": 50000,"Actual Loops": 3,"Workers": []},{"Node Type": "Hash","Parent Relationship": "Inner","Parallel Aware": false,"Async Capable": false,"Startup Cost": 2.40,"Total Cost": 2.40,"Plan Rows": 1,"Plan Width": 108,"Actual Startup Time": 0.154,"Actual Total Time": 0.171,"Actual Rows": 5,"Actual Loops": 3,"Hash Buckets": 1024,"Original Hash Buckets": 1024,"Hash Batches": 1,"Original Hash Batches": 1,"Peak Memory Usage": 9,"Workers": [],"Plans": [{"Node Type": "Hash Join","Parent Relationship": "Outer","Parallel Aware": false,"Async Capable": false,"Join Type": "Inner","Startup Cost": 1.07,"Total Cost": 2.40,"Plan Rows": 1,"Plan Width": 108,"Actual Startup Time": 0.139,"Actual Total Time": 0.162,"Actual Rows": 5,"Actual Loops": 3,"Inner Unique": true,"Hash Cond": "(nation.n_regionkey = region.r_regionkey)","Workers": [],"Plans": [{"Node Type": "Seq Scan","Parent Relationship": "Outer","Parallel Aware": false,"Async Capable": false,"Relation Name": "nation","Alias": "nation","Startup Cost": 0.00,"Total Cost": 1.25,"Plan Rows": 25,"Plan Width": 112,"Actual Startup Time": 0.051,"Actual Total Time": 0.055,"Actual Rows": 25,"Actual Loops": 3,"Workers": []},{"Node Type": "Hash","Parent Relationship": "Inner","Parallel Aware": false,"Async Capable": false,"Startup Cost": 1.06,"Total Cost": 1.06,"Plan Rows": 1,"Plan Width": 4,"Actual Startup Time": 0.057,"Actual Total Time": 0.063,"Actual Rows": 1,"Actual Loops": 3,"Hash Buckets": 1024,"Original Hash Buckets": 1024,"Hash Batches": 1,"Original Hash Batches": 1,"Peak Memory Usage": 9,"Workers": [],"Plans": [{"Node Type": "Seq Scan","Parent Relationship": "Outer","Parallel Aware": false,"Async Capable": false,"Relation Name": "region","Alias": "region","Startup Cost": 0.00,"Total Cost": 1.06,"Plan Rows": 1,"Plan Width": 4,"Actual Startup Time": 0.043,"Actual Total Time": 0.045,"Actual Rows": 1,"Actual Loops": 3,"Filter": "(r_name = 'EUROPE'::bpchar)","Rows Removed by Filter": 4,"Workers": []}]}]}]}]},{"Node Type": "Index Scan","Parent Relationship": "Inner","Parallel Aware": false,"Async Capable": false,"Scan Direction": "Forward","Index Name": "idx_orders_custkey","Relation Name": "orders","Alias": "orders","Startup Cost": 0.43,"Total Cost": 1.55,"Plan Rows": 3,"Plan Width": 8,"Actual Startup Time": 0.017,"Actual Total Time": 0.041,"Actual Rows": 2,"Actual Loops": 30197,"Index Cond": "(o_custkey = customer.c_custkey)","Rows Removed by Index Recheck": 0,"Filter": "((o_orderdate >= '1997-01-01'::date) AND (o_orderdate < '1998-01-01 00:00:00'::timestamp without time zone))","Rows Removed by Filter": 9,"Workers": []}]},{"Node Type": "Index Scan","Parent Relationship": "Inner","Parallel Aware": false,"Async Capable": false,"Scan Direction": "Forward","Index Name": "idx_lineitem_orderkey","Relation Name": "lineitem","Alias": "lineitem","Startup Cost": 0.43,"Total Cost": 2.87,"Plan Rows": 17,"Plan Width": 20,"Actual Startup Time": 0.017,"Actual Total Time": 0.019,"Actual Rows": 4,"Actual Loops": 45677,"Index Cond": "(l_orderkey = orders.o_orderkey)","Rows Removed by Index Recheck": 0,"Workers": []}]},{"Node Type": "Hash","Parent Relationship": "Inner","Parallel Aware": false,"Async Capable": false,"Startup Cost": 322.00,"Total Cost": 322.00,"Plan Rows": 10000,"Plan Width": 8,"Actual Startup Time": 11.560,"Actual Total Time": 11.566,"Actual Rows": 10000,"Actual Loops": 3,"Hash Buckets": 16384,"Original Hash Buckets": 16384,"Hash Batches": 1,"Original Hash Batches": 1,"Peak Memory Usage": 519,"Workers": [],"Plans": [{"Node Type": "Seq Scan","Parent Relationship": "Outer","Parallel Aware": false,"Async Capable": false,"Relation Name": "supplier","Alias": "supplier","Startup Cost": 0.00,"Total Cost": 322.00,"Plan Rows": 10000,"Plan Width": 8,"Actual Startup Time": 0.053,"Actual Total Time": 9.758,"Actual Rows": 10000,"Actual Loops": 3,"Workers": []}]}]}]}]}]}]}]},"Planning Time": 11.054,"Triggers": [],"Execution Time": 866.075}]
[{"Plan": {"Node Type": "Sort","Parallel Aware": false,"Async Capable": false,"Startup Cost": 21616.39,"Total Cost": 21616.45,"Plan Rows": 25,"Plan Width": 136,"Actual Startup Time": 804.800,"Actual Total Time": 836.793,"Actual Rows": 5,"Actual Loops": 1,"Sort Key": ["(sum((lineitem.l_extendedprice * ('1'::numeric - lineitem.l_discount)))) DESC"],"Sort Method": "quicksort","Sort Space Used": 25,"Sort Space Type": "Memory","Plans": [{"Node Type": "Aggregate","Strategy": "Sorted","Partial Mode": "Finalize","Parent Relationship": "Outer","Parallel Aware": false,"Async Capable": false,"Startup Cost": 21601.33,"Total Cost": 21615.81,"Plan Rows": 25,"Plan Width": 136,"Actual Startup Time": 804.196,"Actual Total Time": 836.738,"Actual Rows": 5,"Actual Loops": 1,"Group Key": ["nation.n_name"],"Plans": [{"Node Type": "Gather Merge","Parent Relationship": "Outer","Parallel Aware": false,"Async Capable": false,"Startup Cost": 21601.33,"Total Cost": 21615.12,"Plan Rows": 50,"Plan Width": 136,"Actual Startup Time": 803.537,"Actual Total Time": 836.675,"Actual Rows": 15,"Actual Loops": 1,"Workers Planned": 2,"Workers Launched": 2,"Plans": [{"Node Type": "Aggregate","Strategy": "Sorted","Partial Mode": "Partial","Parent Relationship": "Outer","Parallel Aware": false,"Async Capable": false,"Startup Cost": 20601.30,"Total Cost": 20609.33,"Plan Rows": 25,"Plan Width": 136,"Actual Startup Time": 795.499,"Actual Total Time": 796.369,"Actual Rows": 5,"Actual Loops": 3,"Group Key": ["nation.n_name"],"Workers": [],"Plans": [{"Node Type": "Sort","Parent Relationship": "Outer","Parallel Aware": false,"Async Capable": false,"Startup Cost": 20601.30,"Total Cost": 20602.85,"Plan Rows": 617,"Plan Width": 116,"Actual Startup Time": 795.285,"Actual Total Time": 795.436,"Actual Rows": 2498,"Actual Loops": 3,"Sort Key": ["nation.n_name"],"Sort Method": "quicksort","Sort Space Used": 299,"Sort Space Type": "Memory","Workers": [{"Worker Number": 0,"Sort Method": "quicksort","Sort Space Used": 291,"Sort Space Type": "Memory"},{"Worker Number": 1,"Sort Method": "quicksort","Sort Space Used": 284,"Sort Space Type": "Memory"}],"Plans": [{"Node Type": "Hash Join","Parent Relationship": "Outer","Parallel Aware": false,"Async Capable": false,"Join Type": "Inner","Startup Cost": 475.27,"Total Cost": 20572.71,"Plan Rows": 617,"Plan Width": 116,"Actual Startup Time": 14.014,"Actual Total Time": 793.817,"Actual Rows": 2498,"Actual Loops": 3,"Inner Unique": true,"Hash Cond": "((lineitem.l_suppkey = supplier.s_suppkey) AND (customer.c_nationkey = supplier.s_nationkey))","Workers": [],"Plans": [{"Node Type": "Nested Loop","Parent Relationship": "Outer","Parallel Aware": false,"Async Capable": false,"Join Type": "Inner","Startup Cost": 3.27,"Total Cost": 20019.70,"Plan Rows": 15431,"Plan Width": 128,"Actual Startup Time": 0.837,"Actual Total Time": 749.002,"Actual Rows": 60742,"Actual Loops": 3,"Inner Unique": false,"Workers": [],"Plans": [{"Node Type": "Nested Loop","Parent Relationship": "Outer","Parallel Aware": false,"Async Capable": false,"Join Type": "Inner","Startup Cost": 2.84,"Total Cost": 8414.26,"Plan Rows": 3857,"Plan Width": 116,"Actual Startup Time": 0.706,"Actual Total Time": 447.815,"Actual Rows": 15183,"Actual Loops": 3,"Inner Unique": false,"Workers": [],"Plans": [{"Node Type": "Hash Join","Parent Relationship": "Outer","Parallel Aware": false,"Async Capable": false,"Join Type": "Inner","Startup Cost": 2.41,"Total Cost": 4471.79,"Plan Rows": 2500,"Plan Width": 116,"Actual Startup Time": 0.258,"Actual Total Time": 55.848,"Actual Rows": 9984,"Actual Loops": 3,"Inner Unique": false,"Hash Cond": "(customer.c_nationkey = nation.n_nationkey)","Workers": [],"Plans": [{"Node Type": "Seq Scan","Parent Relationship": "Outer","Parallel Aware": true,"Async Capable": false,"Relation Name": "customer","Alias": "customer","Startup Cost": 0.00,"Total Cost": 4210.00,"Plan Rows": 62500,"Plan Width": 8,"Actual Startup Time": 0.017,"Actual Total Time": 9.503,"Actual Rows": 50000,"Actual Loops": 3,"Workers": []},{"Node Type": "Hash","Parent Relationship": "Inner","Parallel Aware": false,"Async Capable": false,"Startup Cost": 2.40,"Total Cost": 2.40,"Plan Rows": 1,"Plan Width": 108,"Actual Startup Time": 0.153,"Actual Total Time": 0.178,"Actual Rows": 5,"Actual Loops": 3,"Hash Buckets": 1024,"Original Hash Buckets": 1024,"Hash Batches": 1,"Original Hash Batches": 1,"Peak Memory Usage": 9,"Workers": [],"Plans": [{"Node Type": "Hash Join","Parent Relationship": "Outer","Parallel Aware": false,"Async Capable": false,"Join Type": "Inner","Startup Cost": 1.07,"Total Cost": 2.40,"Plan Rows": 1,"Plan Width": 108,"Actual Startup Time": 0.136,"Actual Total Time": 0.167,"Actual Rows": 5,"Actual Loops": 3,"Inner Unique": true,"Hash Cond": "(nation.n_regionkey = region.r_regionkey)","Workers": [],"Plans": [{"Node Type": "Seq Scan","Parent Relationship": "Outer","Parallel Aware": false,"Async Capable": false,"Relation Name": "nation","Alias": "nation","Startup Cost": 0.00,"Total Cost": 1.25,"Plan Rows": 25,"Plan Width": 112,"Actual Startup Time": 0.055,"Actual Total Time": 0.059,"Actual Rows": 25,"Actual Loops": 3,"Workers": []},{"Node Type": "Hash","Parent Relationship": "Inner","Parallel Aware": false,"Async Capable": false,"Startup Cost": 1.06,"Total Cost": 1.06,"Plan Rows": 1,"Plan Width": 4,"Actual Startup Time": 0.050,"Actual Total Time": 0.057,"Actual Rows": 1,"Actual Loops": 3,"Hash Buckets": 1024,"Original Hash Buckets": 1024,"Hash Batches": 1,"Original Hash Batches": 1,"Peak Memory Usage": 9,"Workers": [],"Plans": [{"Node Type": "Seq Scan","Parent Relationship": "Outer","Parallel Aware": false,"Async Capable": false,"Relation Name": "region","Alias": "region","Startup Cost": 0.00,"Total Cost": 1.06,"Plan Rows": 1,"Plan Width": 4,"Actual Startup Time": 0.036,"Actual Total Time": 0.039,"Actual Rows": 1,"Actual Loops": 3,"Filter": "(r_name = 'AMERICA'::bpchar)","Rows Removed by Filter": 4,"Workers": []}]}]}]}]},{"Node Type": "Index Scan","Parent Relationship": "Inner","Parallel Aware": false,"Async Capable": false,"Scan Direction": "Forward","Index Name": "idx_orders_custkey","Relation Name": "orders","Alias": "orders","Startup Cost": 0.43,"Total Cost": 1.55,"Plan Rows": 3,"Plan Width": 8,"Actual Startup Time": 0.017,"Actual Total Time": 0.039,"Actual Rows": 2,"Actual Loops": 29952,"Index Cond": "(o_custkey = customer.c_custkey)","Rows Removed by Index Recheck": 0,"Filter": "((o_orderdate >= '1996-01-01'::date) AND (o_orderdate < '1997-01-01 00:00:00'::timestamp without time zone))","Rows Removed by Filter": 8,"Workers": []}]},{"Node Type": "Index Scan","Parent Relationship": "Inner","Parallel Aware": false,"Async Capable": false,"Scan Direction": "Forward","Index Name": "idx_lineitem_orderkey","Relation Name": "lineitem","Alias": "lineitem","Startup Cost": 0.43,"Total Cost": 2.84,"Plan Rows": 17,"Plan Width": 20,"Actual Startup Time": 0.016,"Actual Total Time": 0.019,"Actual Rows": 4,"Actual Loops": 45549,"Index Cond": "(l_orderkey = orders.o_orderkey)","Rows Removed by Index Recheck": 0,"Workers": []}]},{"Node Type": "Hash","Parent Relationship": "Inner","Parallel Aware": false,"Async Capable": false,"Startup Cost": 322.00,"Total Cost": 322.00,"Plan Rows": 10000,"Plan Width": 8,"Actual Startup Time": 12.297,"Actual Total Time": 12.301,"Actual Rows": 10000,"Actual Loops": 3,"Hash Buckets": 16384,"Original Hash Buckets": 16384,"Hash Batches": 1,"Original Hash Batches": 1,"Peak Memory Usage": 519,"Workers": [],"Plans": [{"Node Type": "Seq Scan","Parent Relationship": "Outer","Parallel Aware": false,"Async Capable": false,"Relation Name": "supplier","Alias": "supplier","Startup Cost": 0.00,"Total Cost": 322.00,"Plan Rows": 10000,"Plan Width": 8,"Actual Startup Time": 0.045,"Actual Total Time": 10.666,"Actual Rows": 10000,"Actual Loops": 3,"Workers": []}]}]}]}]}]}]}]},"Planning Time": 9.455,"Triggers": [],"Execution Time": 837.268}]
[{"Plan": {"Node Type": "Sort","Parallel Aware": false,"Async Capable": false,"Startup Cost": 21565.81,"Total Cost": 21565.87,"Plan Rows": 25,"Plan Width": 136,"Actual Startup Time": 812.189,"Actual Total Time": 842.359,"Actual Rows": 5,"Actual Loops": 1,"Sort Key": ["(sum((lineitem.l_extendedprice * ('1'::numeric - lineitem.l_discount)))) DESC"],"Sort Method": "quicksort","Sort Space Used": 25,"Sort Space Type": "Memory","Plans": [{"Node Type": "Aggregate","Strategy": "Sorted","Partial Mode": "Finalize","Parent Relationship": "Outer","Parallel Aware": false,"Async Capable": false,"Startup Cost": 21550.86,"Total Cost": 21565.23,"Plan Rows": 25,"Plan Width": 136,"Actual Startup Time": 811.599,"Actual Total Time": 842.311,"Actual Rows": 5,"Actual Loops": 1,"Group Key": ["nation.n_name"],"Plans": [{"Node Type": "Gather Merge","Parent Relationship": "Outer","Parallel Aware": false,"Async Capable": false,"Startup Cost": 21550.86,"Total Cost": 21564.54,"Plan Rows": 50,"Plan Width": 136,"Actual Startup Time": 811.323,"Actual Total Time": 842.254,"Actual Rows": 15,"Actual Loops": 1,"Workers Planned": 2,"Workers Launched": 2,"Plans": [{"Node Type": "Aggregate","Strategy": "Sorted","Partial Mode": "Partial","Parent Relationship": "Outer","Parallel Aware": false,"Async Capable": false,"Startup Cost": 20550.84,"Total Cost": 20558.75,"Plan Rows": 25,"Plan Width": 136,"Actual Startup Time": 803.769,"Actual Total Time": 804.515,"Actual Rows": 5,"Actual Loops": 3,"Group Key": ["nation.n_name"],"Workers": [],"Plans": [{"Node Type": "Sort","Parent Relationship": "Outer","Parallel Aware": false,"Async Capable": false,"Startup Cost": 20550.84,"Total Cost": 20552.36,"Plan Rows": 608,"Plan Width": 116,"Actual Startup Time": 803.552,"Actual Total Time": 803.687,"Actual Rows": 2453,"Actual Loops": 3,"Sort Key": ["nation.n_name"],"Sort Method": "quicksort","Sort Space Used": 291,"Sort Space Type": "Memory","Workers": [{"Worker Number": 0,"Sort Method": "quicksort","Sort Space Used": 289,"Sort Space Type": "Memory"},{"Worker Number": 1,"Sort Method": "quicksort","Sort Space Used": 285,"Sort Space Type": "Memory"}],"Plans": [{"Node Type": "Hash Join","Parent Relationship": "Outer","Parallel Aware": false,"Async Capable": false,"Join Type": "Inner","Startup Cost": 475.27,"Total Cost": 20522.72,"Plan Rows": 608,"Plan Width": 116,"Actual Startup Time": 16.360,"Actual Total Time": 802.078,"Actual Rows": 2453,"Actual Loops": 3,"Inner Unique": true,"Hash Cond": "((lineitem.l_suppkey = supplier.s_suppkey) AND (customer.c_nationkey = supplier.s_nationkey))","Workers": [],"Plans": [{"Node Type": "Nested Loop","Parent Relationship": "Outer","Parallel Aware": false,"Async Capable": false,"Join Type": "Inner","Startup Cost": 3.27,"Total Cost": 19970.84,"Plan Rows": 15215,"Plan Width": 128,"Actual Startup Time": 0.560,"Actual Total Time": 757.067,"Actual Rows": 60975,"Actual Loops": 3,"Inner Unique": false,"Workers": [],"Plans": [{"Node Type": "Nested Loop","Parent Relationship": "Outer","Parallel Aware": false,"Async Capable": false,"Join Type": "Inner","Startup Cost": 2.84,"Total Cost": 8414.26,"Plan Rows": 3803,"Plan Width": 116,"Actual Startup Time": 0.451,"Actual Total Time": 451.841,"Actual Rows": 15295,"Actual Loops": 3,"Inner Unique": false,"Workers": [],"Plans": [{"Node Type": "Hash Join","Parent Relationship": "Outer","Parallel Aware": false,"Async Capable": false,"Join Type": "Inner","Startup Cost": 2.41,"Total Cost": 4471.79,"Plan Rows": 2500,"Plan Width": 116,"Actual Startup Time": 0.247,"Actual Total Time": 55.129,"Actual Rows": 10061,"Actual Loops": 3,"Inner Unique": false,"Hash Cond": "(customer.c_nationkey = nation.n_nationkey)","Workers": [],"Plans": [{"Node Type": "Seq Scan","Parent Relationship": "Outer","Parallel Aware": true,"Async Capable": false,"Relation Name": "customer","Alias": "customer","Startup Cost": 0.00,"Total Cost": 4210.00,"Plan Rows": 62500,"Plan Width": 8,"Actual Startup Time": 0.010,"Actual Total Time": 9.469,"Actual Rows": 50000,"Actual Loops": 3,"Workers": []},{"Node Type": "Hash","Parent Relationship": "Inner","Parallel Aware": false,"Async Capable": false,"Startup Cost": 2.40,"Total Cost": 2.40,"Plan Rows": 1,"Plan Width": 108,"Actual Startup Time": 0.154,"Actual Total Time": 0.175,"Actual Rows": 5,"Actual Loops": 3,"Hash Buckets": 1024,"Original Hash Buckets": 1024,"Hash Batches": 1,"Original Hash Batches": 1,"Peak Memory Usage": 9,"Workers": [],"Plans": [{"Node Type": "Hash Join","Parent Relationship": "Outer","Parallel Aware": false,"Async Capable": false,"Join Type": "Inner","Startup Cost": 1.07,"Total Cost": 2.40,"Plan Rows": 1,"Plan Width": 108,"Actual Startup Time": 0.142,"Actual Total Time": 0.165,"Actual Rows": 5,"Actual Loops": 3,"Inner Unique": true,"Hash Cond": "(nation.n_regionkey = region.r_regionkey)","Workers": [],"Plans": [{"Node Type": "Seq Scan","Parent Relationship": "Outer","Parallel Aware": false,"Async Capable": false,"Relation Name": "nation","Alias": "nation","Startup Cost": 0.00,"Total Cost": 1.25,"Plan Rows": 25,"Plan Width": 112,"Actual Startup Time": 0.058,"Actual Total Time": 0.062,"Actual Rows": 25,"Actual Loops": 3,"Workers": []},{"Node Type": "Hash","Parent Relationship": "Inner","Parallel Aware": false,"Async Capable": false,"Startup Cost": 1.06,"Total Cost": 1.06,"Plan Rows": 1,"Plan Width": 4,"Actual Startup Time": 0.056,"Actual Total Time": 0.065,"Actual Rows": 1,"Actual Loops": 3,"Hash Buckets": 1024,"Original Hash Buckets": 1024,"Hash Batches": 1,"Original Hash Batches": 1,"Peak Memory Usage": 9,"Workers": [],"Plans": [{"Node Type": "Seq Scan","Parent Relationship": "Outer","Parallel Aware": false,"Async Capable": false,"Relation Name": "region","Alias": "region","Startup Cost": 0.00,"Total Cost": 1.06,"Plan Rows": 1,"Plan Width": 4,"Actual Startup Time": 0.045,"Actual Total Time": 0.048,"Actual Rows": 1,"Actual Loops": 3,"Filter": "(r_name = 'ASIA'::bpchar)","Rows Removed by Filter": 4,"Workers": []}]}]}]}]},{"Node Type": "Index Scan","Parent Relationship": "Inner","Parallel Aware": false,"Async Capable": false,"Scan Direction": "Forward","Index Name": "idx_orders_custkey","Relation Name": "orders","Alias": "orders","Startup Cost": 0.43,"Total Cost": 1.55,"Plan Rows": 3,"Plan Width": 8,"Actual Startup Time": 0.017,"Actual Total Time": 0.039,"Actual Rows": 2,"Actual Loops": 30183,"Index Cond": "(o_custkey = customer.c_custkey)","Rows Removed by Index Recheck": 0,"Filter": "((o_orderdate >= '1997-01-01'::date) AND (o_orderdate < '1998-01-01 00:00:00'::timestamp without time zone))","Rows Removed by Filter": 8,"Workers": []}]},{"Node Type": "Index Scan","Parent Relationship": "Inner","Parallel Aware": false,"Async Capable": false,"Scan Direction": "Forward","Index Name": "idx_lineitem_orderkey","Relation Name": "lineitem","Alias": "lineitem","Startup Cost": 0.43,"Total Cost": 2.87,"Plan Rows": 17,"Plan Width": 20,"Actual Startup Time": 0.017,"Actual Total Time": 0.019,"Actual Rows": 4,"Actual Loops": 45884,"Index Cond": "(l_orderkey = orders.o_orderkey)","Rows Removed by Index Recheck": 0,"Workers": []}]},{"Node Type": "Hash","Parent Relationship": "Inner","Parallel Aware": false,"Async Capable": false,"Startup Cost": 322.00,"Total Cost": 322.00,"Plan Rows": 10000,"Plan Width": 8,"Actual Startup Time": 13.288,"Actual Total Time": 13.293,"Actual Rows": 10000,"Actual Loops": 3,"Hash Buckets": 16384,"Original Hash Buckets": 16384,"Hash Batches": 1,"Original Hash Batches": 1,"Peak Memory Usage": 519,"Workers": [],"Plans": [{"Node Type": "Seq Scan","Parent Relationship": "Outer","Parallel Aware": false,"Async Capable": false,"Relation Name": "supplier","Alias": "supplier","Startup Cost": 0.00,"Total Cost": 322.00,"Plan Rows": 10000,"Plan Width": 8,"Actual Startup Time": 0.036,"Actual Total Time": 11.595,"Actual Rows": 10000,"Actual Loops": 3,"Workers": []}]}]}]}]}]}]}]},"Planning Time": 10.446,"Triggers": [],"Execution Time": 842.801}]
[{"Plan": {"Node Type": "Sort","Parallel Aware": false,"Async Capable": false,"Startup Cost": 21612.43,"Total Cost": 21612.50,"Plan Rows": 25,"Plan Width": 136,"Actual Startup Time": 835.932,"Actual Total Time": 867.365,"Actual Rows": 5,"Actual Loops": 1,"Sort Key": ["(sum((lineitem.l_extendedprice * ('1'::numeric - lineitem.l_discount)))) DESC"],"Sort Method": "quicksort","Sort Space Used": 25,"Sort Space Type": "Memory","Plans": [{"Node Type": "Aggregate","Strategy": "Sorted","Partial Mode": "Finalize","Parent Relationship": "Outer","Parallel Aware": false,"Async Capable": false,"Startup Cost": 21597.38,"Total Cost": 21611.85,"Plan Rows": 25,"Plan Width": 136,"Actual Startup Time": 835.364,"Actual Total Time": 867.318,"Actual Rows": 5,"Actual Loops": 1,"Group Key": ["nation.n_name"],"Plans": [{"Node Type": "Gather Merge","Parent Relationship": "Outer","Parallel Aware": false,"Async Capable": false,"Startup Cost": 21597.38,"Total Cost": 21611.17,"Plan Rows": 50,"Plan Width": 136,"Actual Startup Time": 835.179,"Actual Total Time": 867.277,"Actual Rows": 15,"Actual Loops": 1,"Workers Planned": 2,"Workers Launched": 2,"Plans": [{"Node Type": "Aggregate","Strategy": "Sorted","Partial Mode": "Partial","Parent Relationship": "Outer","Parallel Aware": false,"Async Capable": false,"Startup Cost": 20597.36,"Total Cost": 20605.37,"Plan Rows": 25,"Plan Width": 136,"Actual Startup Time": 826.891,"Actual Total Time": 827.596,"Actual Rows": 5,"Actual Loops": 3,"Group Key": ["nation.n_name"],"Workers": [],"Plans": [{"Node Type": "Sort","Parent Relationship": "Outer","Parallel Aware": false,"Async Capable": false,"Startup Cost": 20597.36,"Total Cost": 20598.90,"Plan Rows": 616,"Plan Width": 116,"Actual Startup Time": 826.692,"Actual Total Time": 826.817,"Actual Rows": 2422,"Actual Loops": 3,"Sort Key": ["nation.n_name"],"Sort Method": "quicksort","Sort Space Used": 284,"Sort Space Type": "Memory","Workers": [{"Worker Number": 0,"Sort Method": "quicksort","Sort Space Used": 289,"Sort Space Type": "Memory"},{"Worker Number": 1,"Sort Method": "quicksort","Sort Space Used": 285,"Sort Space Type": "Memory"}],"Plans": [{"Node Type": "Hash Join","Parent Relationship": "Outer","Parallel Aware": false,"Async Capable": false,"Join Type": "Inner","Startup Cost": 475.27,"Total Cost": 20568.82,"Plan Rows": 616,"Plan Width": 116,"Actual Startup Time": 12.416,"Actual Total Time": 825.180,"Actual Rows": 2422,"Actual Loops": 3,"Inner Unique": true,"Hash Cond": "((lineitem.l_suppkey = supplier.s_suppkey) AND (customer.c_nationkey = supplier.s_nationkey))","Workers": [],"Plans": [{"Node Type": "Nested Loop","Parent Relationship": "Outer","Parallel Aware": false,"Async Capable": false,"Join Type": "Inner","Startup Cost": 3.27,"Total Cost": 20015.89,"Plan Rows": 15415,"Plan Width": 128,"Actual Startup Time": 0.717,"Actual Total Time": 776.964,"Actual Rows": 61524,"Actual Loops": 3,"Inner Unique": false,"Workers": [],"Plans": [{"Node Type": "Nested Loop","Parent Relationship": "Outer","Parallel Aware": false,"Async Capable": false,"Join Type": "Inner","Startup Cost": 2.84,"Total Cost": 8414.26,"Plan Rows": 3853,"Plan Width": 116,"Actual Startup Time": 0.594,"Actual Total Time": 468.318,"Actual Rows": 15364,"Actual Loops": 3,"Inner Unique": false,"Workers": [],"Plans": [{"Node Type": "Hash Join","Parent Relationship": "Outer","Parallel Aware": false,"Async Capable": false,"Join Type": "Inner","Startup Cost": 2.41,"Total Cost": 4471.79,"Plan Rows": 2500,"Plan Width": 116,"Actual Startup Time": 0.257,"Actual Total Time": 59.024,"Actual Rows": 10066,"Actual Loops": 3,"Inner Unique": false,"Hash Cond": "(customer.c_nationkey = nation.n_nationkey)","Workers": [],"Plans": [{"Node Type": "Seq Scan","Parent Relationship": "Outer","Parallel Aware": true,"Async Capable": false,"Relation Name": "customer","Alias": "customer","Startup Cost": 0.00,"Total Cost": 4210.00,"Plan Rows": 62500,"Plan Width": 8,"Actual Startup Time": 0.018,"Actual Total Time": 10.025,"Actual Rows": 50000,"Actual Loops": 3,"Workers": []},{"Node Type": "Hash","Parent Relationship": "Inner","Parallel Aware": false,"Async Capable": false,"Startup Cost": 2.40,"Total Cost": 2.40,"Plan Rows": 1,"Plan Width": 108,"Actual Startup Time": 0.151,"Actual Total Time": 0.168,"Actual Rows": 5,"Actual Loops": 3,"Hash Buckets": 1024,"Original Hash Buckets": 1024,"Hash Batches": 1,"Original Hash Batches": 1,"Peak Memory Usage": 9,"Workers": [],"Plans": [{"Node Type": "Hash Join","Parent Relationship": "Outer","Parallel Aware": false,"Async Capable": false,"Join Type": "Inner","Startup Cost": 1.07,"Total Cost": 2.40,"Plan Rows": 1,"Plan Width": 108,"Actual Startup Time": 0.138,"Actual Total Time": 0.159,"Actual Rows": 5,"Actual Loops": 3,"Inner Unique": true,"Hash Cond": "(nation.n_regionkey = region.r_regionkey)","Workers": [],"Plans": [{"Node Type": "Seq Scan","Parent Relationship": "Outer","Parallel Aware": false,"Async Capable": false,"Relation Name": "nation","Alias": "nation","Startup Cost": 0.00,"Total Cost": 1.25,"Plan Rows": 25,"Plan Width": 112,"Actual Startup Time": 0.050,"Actual Total Time": 0.055,"Actual Rows": 25,"Actual Loops": 3,"Workers": []},{"Node Type": "Hash","Parent Relationship": "Inner","Parallel Aware": false,"Async Capable": false,"Startup Cost": 1.06,"Total Cost": 1.06,"Plan Rows": 1,"Plan Width": 4,"Actual Startup Time": 0.059,"Actual Total Time": 0.064,"Actual Rows": 1,"Actual Loops": 3,"Hash Buckets": 1024,"Original Hash Buckets": 1024,"Hash Batches": 1,"Original Hash Batches": 1,"Peak Memory Usage": 9,"Workers": [],"Plans": [{"Node Type": "Seq Scan","Parent Relationship": "Outer","Parallel Aware": false,"Async Capable": false,"Relation Name": "region","Alias": "region","Startup Cost": 0.00,"Total Cost": 1.06,"Plan Rows": 1,"Plan Width": 4,"Actual Startup Time": 0.043,"Actual Total Time": 0.045,"Actual Rows": 1,"Actual Loops": 3,"Filter": "(r_name = 'EUROPE'::bpchar)","Rows Removed by Filter": 4,"Workers": []}]}]}]}]},{"Node Type": "Index Scan","Parent Relationship": "Inner","Parallel Aware": false,"Async Capable": false,"Scan Direction": "Forward","Index Name": "idx_orders_custkey","Relation Name": "orders","Alias": "orders","Startup Cost": 0.43,"Total Cost": 1.55,"Plan Rows": 3,"Plan Width": 8,"Actual Startup Time": 0.017,"Actual Total Time": 0.040,"Actual Rows": 2,"Actual Loops": 30197,"Index Cond": "(o_custkey = customer.c_custkey)","Rows Removed by Index Recheck": 0,"Filter": "((o_orderdate >= '1994-01-01'::date) AND (o_orderdate < '1995-01-01 00:00:00'::timestamp without time zone))","Rows Removed by Filter": 9,"Workers": []}]},{"Node Type": "Index Scan","Parent Relationship": "Inner","Parallel Aware": false,"Async Capable": false,"Scan Direction": "Forward","Index Name": "idx_lineitem_orderkey","Relation Name": "lineitem","Alias": "lineitem","Startup Cost": 0.43,"Total Cost": 2.84,"Plan Rows": 17,"Plan Width": 20,"Actual Startup Time": 0.017,"Actual Total Time": 0.019,"Actual Rows": 4,"Actual Loops": 46093,"Index Cond": "(l_orderkey = orders.o_orderkey)","Rows Removed by Index Recheck": 0,"Workers": []}]},{"Node Type": "Hash","Parent Relationship": "Inner","Parallel Aware": false,"Async Capable": false,"Startup Cost": 322.00,"Total Cost": 322.00,"Plan Rows": 10000,"Plan Width": 8,"Actual Startup Time": 10.479,"Actual Total Time": 10.484,"Actual Rows": 10000,"Actual Loops": 3,"Hash Buckets": 16384,"Original Hash Buckets": 16384,"Hash Batches": 1,"Original Hash Batches": 1,"Peak Memory Usage": 519,"Workers": [],"Plans": [{"Node Type": "Seq Scan","Parent Relationship": "Outer","Parallel Aware": false,"Async Capable": false,"Relation Name": "supplier","Alias": "supplier","Startup Cost": 0.00,"Total Cost": 322.00,"Plan Rows": 10000,"Plan Width": 8,"Actual Startup Time": 0.042,"Actual Total Time": 8.711,"Actual Rows": 10000,"Actual Loops": 3,"Workers": []}]}]}]}]}]}]}]},"Planning Time": 9.647,"Triggers": [],"Execution Time": 867.883}]
[{"Plan": {"Node Type": "Sort","Parallel Aware": false,"Async Capable": false,"Startup Cost": 21565.24,"Total Cost": 21565.30,"Plan Rows": 25,"Plan Width": 136,"Actual Startup Time": 829.883,"Actual Total Time": 862.581,"Actual Rows": 5,"Actual Loops": 1,"Sort Key": ["(sum((lineitem.l_extendedprice * ('1'::numeric - lineitem.l_discount)))) DESC"],"Sort Method": "quicksort","Sort Space Used": 25,"Sort Space Type": "Memory","Plans": [{"Node Type": "Aggregate","Strategy": "Sorted","Partial Mode": "Finalize","Parent Relationship": "Outer","Parallel Aware": false,"Async Capable": false,"Startup Cost": 21550.29,"Total Cost": 21564.66,"Plan Rows": 25,"Plan Width": 136,"Actual Startup Time": 829.271,"Actual Total Time": 862.532,"Actual Rows": 5,"Actual Loops": 1,"Group Key": ["nation.n_name"],"Plans": [{"Node Type": "Gather Merge","Parent Relationship": "Outer","Parallel Aware": false,"Async Capable": false,"Startup Cost": 21550.29,"Total Cost": 21563.97,"Plan Rows": 50,"Plan Width": 136,"Actual Startup Time": 829.074,"Actual Total Time": 862.478,"Actual Rows": 15,"Actual Loops": 1,"Workers Planned": 2,"Workers Launched": 2,"Plans": [{"Node Type": "Aggregate","Strategy": "Sorted","Partial Mode": "Partial","Parent Relationship": "Outer","Parallel Aware": false,"Async Capable": false,"Startup Cost": 20550.26,"Total Cost": 20558.18,"Plan Rows": 25,"Plan Width": 136,"Actual Startup Time": 821.816,"Actual Total Time": 822.538,"Actual Rows": 5,"Actual Loops": 3,"Group Key": ["nation.n_name"],"Workers": [],"Plans": [{"Node Type": "Sort","Parent Relationship": "Outer","Parallel Aware": false,"Async Capable": false,"Startup Cost": 20550.26,"Total Cost": 20551.78,"Plan Rows": 608,"Plan Width": 116,"Actual Startup Time": 821.604,"Actual Total Time": 821.730,"Actual Rows": 2468,"Actual Loops": 3,"Sort Key": ["nation.n_name"],"Sort Method": "quicksort","Sort Space Used": 285,"Sort Space Type": "Memory","Workers": [{"Worker Number": 0,"Sort Method": "quicksort","Sort Space Used": 293,"Sort Space Type": "Memory"},{"Worker Number": 1,"Sort Method": "quicksort","Sort Space Used": 290,"Sort Space Type": "Memory"}],"Plans": [{"Node Type": "Hash Join","Parent Relationship": "Outer","Parallel Aware": false,"Async Capable": false,"Join Type": "Inner","Startup Cost": 475.27,"Total Cost": 20522.15,"Plan Rows": 608,"Plan Width": 116,"Actual Startup Time": 10.349,"Actual Total Time": 819.988,"Actual Rows": 2468,"Actual Loops": 3,"Inner Unique": true,"Hash Cond": "((lineitem.l_suppkey = supplier.s_suppkey) AND (customer.c_nationkey = supplier.s_nationkey))","Workers": [],"Plans": [{"Node Type": "Nested Loop","Parent Relationship": "Outer","Parallel Aware": false,"Async Capable": false,"Join Type": "Inner","Startup Cost": 3.27,"Total Cost": 19970.29,"Plan Rows": 15211,"Plan Width": 128,"Actual Startup Time": 0.787,"Actual Total Time": 773.951,"Actual Rows": 61461,"Actual Loops": 3,"Inner Unique": false,"Workers": [],"Plans": [{"Node Type": "Nested Loop","Parent Relationship": "Outer","Parallel Aware": false,"Async Capable": false,"Join Type": "Inner","Startup Cost": 2.84,"Total Cost": 8414.26,"Plan Rows": 3802,"Plan Width": 116,"Actual Startup Time": 0.651,"Actual Total Time": 459.932,"Actual Rows": 15399,"Actual Loops": 3,"Inner Unique": false,"Workers": [],"Plans": [{"Node Type": "Hash Join","Parent Relationship": "Outer","Parallel Aware": false,"Async Capable": false,"Join Type": "Inner","Startup Cost": 2.41,"Total Cost": 4471.79,"Plan Rows": 2500,"Plan Width": 116,"Actual Startup Time": 0.245,"Actual Total Time": 55.063,"Actual Rows": 10066,"Actual Loops": 3,"Inner Unique": false,"Hash Cond": "(customer.c_nationkey = nation.n_nationkey)","Workers": [],"Plans": [{"Node Type": "Seq Scan","Parent Relationship": "Outer","Parallel Aware": true,"Async Capable": false,"Relation Name": "customer","Alias": "customer","Startup Cost": 0.00,"Total Cost": 4210.00,"Plan Rows": 62500,"Plan Width": 8,"Actual Startup Time": 0.014,"Actual Total Time": 9.571,"Actual Rows": 50000,"Actual Loops": 3,"Workers": []},{"Node Type": "Hash","Parent Relationship": "Inner","Parallel Aware": false,"Async Capable": false,"Startup Cost": 2.40,"Total Cost": 2.40,"Plan Rows": 1,"Plan Width": 108,"Actual Startup Time": 0.139,"Actual Total Time": 0.155,"Actual Rows": 5,"Actual Loops": 3,"Hash Buckets": 1024,"Original Hash Buckets": 1024,"Hash Batches": 1,"Original Hash Batches": 1,"Peak Memory Usage": 9,"Workers": [],"Plans": [{"Node Type": "Hash Join","Parent Relationship": "Outer","Parallel Aware": false,"Async Capable": false,"Join Type": "Inner","Startup Cost": 1.07,"Total Cost": 2.40,"Plan Rows": 1,"Plan Width": 108,"Actual Startup Time": 0.126,"Actual Total Time": 0.145,"Actual Rows": 5,"Actual Loops": 3,"Inner Unique": true,"Hash Cond": "(nation.n_regionkey = region.r_regionkey)","Workers": [],"Plans": [{"Node Type": "Seq Scan","Parent Relationship": "Outer","Parallel Aware": false,"Async Capable": false,"Relation Name": "nation","Alias": "nation","Startup Cost": 0.00,"Total Cost": 1.25,"Plan Rows": 25,"Plan Width": 112,"Actual Startup Time": 0.043,"Actual Total Time": 0.047,"Actual Rows": 25,"Actual Loops": 3,"Workers": []},{"Node Type": "Hash","Parent Relationship": "Inner","Parallel Aware": false,"Async Capable": false,"Startup Cost": 1.06,"Total Cost": 1.06,"Plan Rows": 1,"Plan Width": 4,"Actual Startup Time": 0.051,"Actual Total Time": 0.056,"Actual Rows": 1,"Actual Loops": 3,"Hash Buckets": 1024,"Original Hash Buckets": 1024,"Hash Batches": 1,"Original Hash Batches": 1,"Peak Memory Usage": 9,"Workers": [],"Plans": [{"Node Type": "Seq Scan","Parent Relationship": "Outer","Parallel Aware": false,"Async Capable": false,"Relation Name": "region","Alias": "region","Startup Cost": 0.00,"Total Cost": 1.06,"Plan Rows": 1,"Plan Width": 4,"Actual Startup Time": 0.037,"Actual Total Time": 0.039,"Actual Rows": 1,"Actual Loops": 3,"Filter": "(r_name = 'EUROPE'::bpchar)","Rows Removed by Filter": 4,"Workers": []}]}]}]}]},{"Node Type": "Index Scan","Parent Relationship": "Inner","Parallel Aware": false,"Async Capable": false,"Scan Direction": "Forward","Index Name": "idx_orders_custkey","Relation Name": "orders","Alias": "orders","Startup Cost": 0.43,"Total Cost": 1.55,"Plan Rows": 3,"Plan Width": 8,"Actual Startup Time": 0.017,"Actual Total Time": 0.040,"Actual Rows": 2,"Actual Loops": 30197,"Index Cond": "(o_custkey = customer.c_custkey)","Rows Removed by Index Recheck": 0,"Filter": "((o_orderdate >= '1995-01-01'::date) AND (o_orderdate < '1996-01-01 00:00:00'::timestamp without time zone))","Rows Removed by Filter": 9,"Workers": []}]},{"Node Type": "Index Scan","Parent Relationship": "Inner","Parallel Aware": false,"Async Capable": false,"Scan Direction": "Forward","Index Name": "idx_lineitem_orderkey","Relation Name": "lineitem","Alias": "lineitem","Startup Cost": 0.43,"Total Cost": 2.87,"Plan Rows": 17,"Plan Width": 20,"Actual Startup Time": 0.017,"Actual Total Time": 0.020,"Actual Rows": 4,"Actual Loops": 46197,"Index Cond": "(l_orderkey = orders.o_orderkey)","Rows Removed by Index Recheck": 0,"Workers": []}]},{"Node Type": "Hash","Parent Relationship": "Inner","Parallel Aware": false,"Async Capable": false,"Startup Cost": 322.00,"Total Cost": 322.00,"Plan Rows": 10000,"Plan Width": 8,"Actual Startup Time": 8.644,"Actual Total Time": 8.648,"Actual Rows": 10000,"Actual Loops": 3,"Hash Buckets": 16384,"Original Hash Buckets": 16384,"Hash Batches": 1,"Original Hash Batches": 1,"Peak Memory Usage": 519,"Workers": [],"Plans": [{"Node Type": "Seq Scan","Parent Relationship": "Outer","Parallel Aware": false,"Async Capable": false,"Relation Name": "supplier","Alias": "supplier","Startup Cost": 0.00,"Total Cost": 322.00,"Plan Rows": 10000,"Plan Width": 8,"Actual Startup Time": 0.045,"Actual Total Time": 6.681,"Actual Rows": 10000,"Actual Loops": 3,"Workers": []}]}]}]}]}]}]}]},"Planning Time": 10.340,"Triggers": [],"Execution Time": 863.182}]
[{"Plan": {"Node Type": "Sort","Parallel Aware": false,"Async Capable": false,"Startup Cost": 21565.81,"Total Cost": 21565.87,"Plan Rows": 25,"Plan Width": 136,"Actual Startup Time": 823.071,"Actual Total Time": 855.607,"Actual Rows": 5,"Actual Loops": 1,"Sort Key": ["(sum((lineitem.l_extendedprice * ('1'::numeric - lineitem.l_discount)))) DESC"],"Sort Method": "quicksort","Sort Space Used": 25,"Sort Space Type": "Memory","Plans": [{"Node Type": "Aggregate","Strategy": "Sorted","Partial Mode": "Finalize","Parent Relationship": "Outer","Parallel Aware": false,"Async Capable": false,"Startup Cost": 21550.86,"Total Cost": 21565.23,"Plan Rows": 25,"Plan Width": 136,"Actual Startup Time": 822.468,"Actual Total Time": 855.547,"Actual Rows": 5,"Actual Loops": 1,"Group Key": ["nation.n_name"],"Plans": [{"Node Type": "Gather Merge","Parent Relationship": "Outer","Parallel Aware": false,"Async Capable": false,"Startup Cost": 21550.86,"Total Cost": 21564.54,"Plan Rows": 50,"Plan Width": 136,"Actual Startup Time": 822.203,"Actual Total Time": 855.489,"Actual Rows": 15,"Actual Loops": 1,"Workers Planned": 2,"Workers Launched": 2,"Plans": [{"Node Type": "Aggregate","Strategy": "Sorted","Partial Mode": "Partial","Parent Relationship": "Outer","Parallel Aware": false,"Async Capable": false,"Startup Cost": 20550.84,"Total Cost": 20558.75,"Plan Rows": 25,"Plan Width": 136,"Actual Startup Time": 814.240,"Actual Total Time": 814.959,"Actual Rows": 5,"Actual Loops": 3,"Group Key": ["nation.n_name"],"Workers": [],"Plans": [{"Node Type": "Sort","Parent Relationship": "Outer","Parallel Aware": false,"Async Capable": false,"Startup Cost": 20550.84,"Total Cost": 20552.36,"Plan Rows": 608,"Plan Width": 116,"Actual Startup Time": 814.029,"Actual Total Time": 814.149,"Actual Rows": 2473,"Actual Loops": 3,"Sort Key": ["nation.n_name"],"Sort Method": "quicksort","Sort Space Used": 297,"Sort Space Type": "Memory","Workers": [{"Worker Number": 0,"Sort Method": "quicksort","Sort Space Used": 287,"Sort Space Type": "Memory"},{"Worker Number": 1,"Sort Method": "quicksort","Sort Space Used": 284,"Sort Space Type": "Memory"}],"Plans": [{"Node Type": "Hash Join","Parent Relationship": "Outer","Parallel Aware": false,"Async Capable": false,"Join Type": "Inner","Startup Cost": 475.27,"Total Cost": 20522.72,"Plan Rows": 608,"Plan Width": 116,"Actual Startup Time": 11.318,"Actual Total Time": 812.483,"Actual Rows": 2473,"Actual Loops": 3,"Inner Unique": true,"Hash Cond": "((lineitem.l_suppkey = supplier.s_suppkey) AND (customer.c_nationkey = supplier.s_nationkey))","Workers": [],"Plans": [{"Node Type": "Nested Loop","Parent Relationship": "Outer","Parallel Aware": false,"Async Capable": false,"Join Type": "Inner","Startup Cost": 3.27,"Total Cost": 19970.84,"Plan Rows": 15215,"Plan Width": 128,"Actual Startup Time": 0.595,"Actual Total Time": 768.935,"Actual Rows": 60276,"Actual Loops": 3,"Inner Unique": false,"Workers": [],"Plans": [{"Node Type": "Nested Loop","Parent Relationship": "Outer","Parallel Aware": false,"Async Capable": false,"Join Type": "Inner","Startup Cost": 2.84,"Total Cost": 8414.26,"Plan Rows": 3803,"Plan Width": 116,"Actual Startup Time": 0.466,"Actual Total Time": 464.532,"Actual Rows": 15032,"Actual Loops": 3,"Inner Unique": false,"Workers": [],"Plans": [{"Node Type": "Hash Join","Parent Relationship": "Outer","Parallel Aware": false,"Async Capable": false,"Join Type": "Inner","Startup Cost": 2.41,"Total Cost": 4471.79,"Plan Rows": 2500,"Plan Width": 116,"Actual Startup Time": 0.243,"Actual Total Time": 60.744,"Actual Rows": 9968,"Actual Loops": 3,"Inner Unique": false,"Hash Cond": "(customer.c_nationkey = nation.n_nationkey)","Workers": [],"Plans": [{"Node Type": "Seq Scan","Parent Relationship": "Outer","Parallel Aware": true,"Async Capable": false,"Relation Name": "customer","Alias": "customer","Startup Cost": 0.00,"Total Cost": 4210.00,"Plan Rows": 62500,"Plan Width": 8,"Actual Startup Time": 0.012,"Actual Total Time": 10.205,"Actual Rows": 50000,"Actual Loops": 3,"Workers": []},{"Node Type": "Hash","Parent Relationship": "Inner","Parallel Aware": false,"Async Capable": false,"Startup Cost": 2.40,"Total Cost": 2.40,"Plan Rows": 1,"Plan Width": 108,"Actual Startup Time": 0.142,"Actual Total Time": 0.157,"Actual Rows": 5,"Actual Loops": 3,"Hash Buckets": 1024,"Original Hash Buckets": 1024,"Hash Batches": 1,"Original Hash Batches": 1,"Peak Memory Usage": 9,"Workers": [],"Plans": [{"Node Type": "Hash Join","Parent Relationship": "Outer","Parallel Aware": false,"Async Capable": false,"Join Type": "Inner","Startup Cost": 1.07,"Total Cost": 2.40,"Plan Rows": 1,"Plan Width": 108,"Actual Startup Time": 0.130,"Actual Total Time": 0.149,"Actual Rows": 5,"Actual Loops": 3,"Inner Unique": true,"Hash Cond": "(nation.n_regionkey = region.r_regionkey)","Workers": [],"Plans": [{"Node Type": "Seq Scan","Parent Relationship": "Outer","Parallel Aware": false,"Async Capable": false,"Relation Name": "nation","Alias": "nation","Startup Cost": 0.00,"Total Cost": 1.25,"Plan Rows": 25,"Plan Width": 112,"Actual Startup Time": 0.040,"Actual Total Time": 0.044,"Actual Rows": 25,"Actual Loops": 3,"Workers": []},{"Node Type": "Hash","Parent Relationship": "Inner","Parallel Aware": false,"Async Capable": false,"Startup Cost": 1.06,"Total Cost": 1.06,"Plan Rows": 1,"Plan Width": 4,"Actual Startup Time": 0.063,"Actual Total Time": 0.068,"Actual Rows": 1,"Actual Loops": 3,"Hash Buckets": 1024,"Original Hash Buckets": 1024,"Hash Batches": 1,"Original Hash Batches": 1,"Peak Memory Usage": 9,"Workers": [],"Plans": [{"Node Type": "Seq Scan","Parent Relationship": "Outer","Parallel Aware": false,"Async Capable": false,"Relation Name": "region","Alias": "region","Startup Cost": 0.00,"Total Cost": 1.06,"Plan Rows": 1,"Plan Width": 4,"Actual Startup Time": 0.045,"Actual Total Time": 0.047,"Actual Rows": 1,"Actual Loops": 3,"Filter": "(r_name = 'MIDDLE EAST'::bpchar)","Rows Removed by Filter": 4,"Workers": []}]}]}]}]},{"Node Type": "Index Scan","Parent Relationship": "Inner","Parallel Aware": false,"Async Capable": false,"Scan Direction": "Forward","Index Name": "idx_orders_custkey","Relation Name": "orders","Alias": "orders","Startup Cost": 0.43,"Total Cost": 1.55,"Plan Rows": 3,"Plan Width": 8,"Actual Startup Time": 0.017,"Actual Total Time": 0.040,"Actual Rows": 2,"Actual Loops": 29904,"Index Cond": "(o_custkey = customer.c_custkey)","Rows Removed by Index Recheck": 0,"Filter": "((o_orderdate >= '1997-01-01'::date) AND (o_orderdate < '1998-01-01 00:00:00'::timestamp without time zone))","Rows Removed by Filter": 8,"Workers": []}]},{"Node Type": "Index Scan","Parent Relationship": "Inner","Parallel Aware": false,"Async Capable": false,"Scan Direction": "Forward","Index Name": "idx_lineitem_orderkey","Relation Name": "lineitem","Alias": "lineitem","Startup Cost": 0.43,"Total Cost": 2.87,"Plan Rows": 17,"Plan Width": 20,"Actual Startup Time": 0.017,"Actual Total Time": 0.019,"Actual Rows": 4,"Actual Loops": 45096,"Index Cond": "(l_orderkey = orders.o_orderkey)","Rows Removed by Index Recheck": 0,"Workers": []}]},{"Node Type": "Hash","Parent Relationship": "Inner","Parallel Aware": false,"Async Capable": false,"Startup Cost": 322.00,"Total Cost": 322.00,"Plan Rows": 10000,"Plan Width": 8,"Actual Startup Time": 9.890,"Actual Total Time": 9.894,"Actual Rows": 10000,"Actual Loops": 3,"Hash Buckets": 16384,"Original Hash Buckets": 16384,"Hash Batches": 1,"Original Hash Batches": 1,"Peak Memory Usage": 519,"Workers": [],"Plans": [{"Node Type": "Seq Scan","Parent Relationship": "Outer","Parallel Aware": false,"Async Capable": false,"Relation Name": "supplier","Alias": "supplier","Startup Cost": 0.00,"Total Cost": 322.00,"Plan Rows": 10000,"Plan Width": 8,"Actual Startup Time": 0.039,"Actual Total Time": 7.896,"Actual Rows": 10000,"Actual Loops": 3,"Workers": []}]}]}]}]}]}]}]},"Planning Time": 11.619,"Triggers": [],"Execution Time": 856.108}]
[{"Plan": {"Node Type": "Sort","Parallel Aware": false,"Async Capable": false,"Startup Cost": 21616.39,"Total Cost": 21616.45,"Plan Rows": 25,"Plan Width": 136,"Actual Startup Time": 848.991,"Actual Total Time": 881.316,"Actual Rows": 5,"Actual Loops": 1,"Sort Key": ["(sum((lineitem.l_extendedprice * ('1'::numeric - lineitem.l_discount)))) DESC"],"Sort Method": "quicksort","Sort Space Used": 25,"Sort Space Type": "Memory","Plans": [{"Node Type": "Aggregate","Strategy": "Sorted","Partial Mode": "Finalize","Parent Relationship": "Outer","Parallel Aware": false,"Async Capable": false,"Startup Cost": 21601.33,"Total Cost": 21615.81,"Plan Rows": 25,"Plan Width": 136,"Actual Startup Time": 848.402,"Actual Total Time": 881.262,"Actual Rows": 5,"Actual Loops": 1,"Group Key": ["nation.n_name"],"Plans": [{"Node Type": "Gather Merge","Parent Relationship": "Outer","Parallel Aware": false,"Async Capable": false,"Startup Cost": 21601.33,"Total Cost": 21615.12,"Plan Rows": 50,"Plan Width": 136,"Actual Startup Time": 848.176,"Actual Total Time": 881.211,"Actual Rows": 15,"Actual Loops": 1,"Workers Planned": 2,"Workers Launched": 2,"Plans": [{"Node Type": "Aggregate","Strategy": "Sorted","Partial Mode": "Partial","Parent Relationship": "Outer","Parallel Aware": false,"Async Capable": false,"Startup Cost": 20601.30,"Total Cost": 20609.33,"Plan Rows": 25,"Plan Width": 136,"Actual Startup Time": 841.096,"Actual Total Time": 841.805,"Actual Rows": 5,"Actual Loops": 3,"Group Key": ["nation.n_name"],"Workers": [],"Plans": [{"Node Type": "Sort","Parent Relationship": "Outer","Parallel Aware": false,"Async Capable": false,"Startup Cost": 20601.30,"Total Cost": 20602.85,"Plan Rows": 617,"Plan Width": 116,"Actual Startup Time": 840.878,"Actual Total Time": 841.005,"Actual Rows": 2453,"Actual Loops": 3,"Sort Key": ["nation.n_name"],"Sort Method": "quicksort","Sort Space Used": 289,"Sort Space Type": "Memory","Workers": [{"Worker Number": 0,"Sort Method": "quicksort","Sort Space Used": 295,"Sort Space Type": "Memory"},{"Worker Number": 1,"Sort Method": "quicksort","Sort Space Used": 281,"Sort Space Type": "Memory"}],"Plans": [{"Node Type": "Hash Join","Parent Relationship": "Outer","Parallel Aware": false,"Async Capable": false,"Join Type": "Inner","Startup Cost": 475.27,"Total Cost": 20572.71,"Plan Rows": 617,"Plan Width": 116,"Actual Startup Time": 10.379,"Actual Total Time": 839.260,"Actual Rows": 2453,"Actual Loops": 3,"Inner Unique": true,"Hash Cond": "((lineitem.l_suppkey = supplier.s_suppkey) AND (customer.c_nationkey = supplier.s_nationkey))","Workers": [],"Plans": [{"Node Type": "Nested Loop","Parent Relationship": "Outer","Parallel Aware": false,"Async Capable": false,"Join Type": "Inner","Startup Cost": 3.27,"Total Cost": 20019.70,"Plan Rows": 15431,"Plan Width": 128,"Actual Startup Time": 0.539,"Actual Total Time": 793.839,"Actual Rows": 61906,"Actual Loops": 3,"Inner Unique": false,"Workers": [],"Plans": [{"Node Type": "Nested Loop","Parent Relationship": "Outer","Parallel Aware": false,"Async Capable": false,"Join Type": "Inner","Startup Cost": 2.84,"Total Cost": 8414.26,"Plan Rows": 3857,"Plan Width": 116,"Actual Startup Time": 0.431,"Actual Total Time": 473.927,"Actual Rows": 15506,"Actual Loops": 3,"Inner Unique": false,"Workers": [],"Plans": [{"Node Type": "Hash Join","Parent Relationship": "Outer","Parallel Aware": false,"Async Capable": false,"Join Type": "Inner","Startup Cost": 2.41,"Total Cost": 4471.79,"Plan Rows": 2500,"Plan Width": 116,"Actual Startup Time": 0.234,"Actual Total Time": 55.451,"Actual Rows": 10066,"Actual Loops": 3,"Inner Unique": false,"Hash Cond": "(customer.c_nationkey = nation.n_nationkey)","Workers": [],"Plans": [{"Node Type": "Seq Scan","Parent Relationship": "Outer","Parallel Aware": true,"Async Capable": false,"Relation Name": "customer","Alias": "customer","Startup Cost": 0.00,"Total Cost": 4210.00,"Plan Rows": 62500,"Plan Width": 8,"Actual Startup Time": 0.019,"Actual Total Time": 9.720,"Actual Rows": 50000,"Actual Loops": 3,"Workers": []},{"Node Type": "Hash","Parent Relationship": "Inner","Parallel Aware": false,"Async Capable": false,"Startup Cost": 2.40,"Total Cost": 2.40,"Plan Rows": 1,"Plan Width": 108,"Actual Startup Time": 0.128,"Actual Total Time": 0.148,"Actual Rows": 5,"Actual Loops": 3,"Hash Buckets": 1024,"Original Hash Buckets": 1024,"Hash Batches": 1,"Original Hash Batches": 1,"Peak Memory Usage": 9,"Workers": [],"Plans": [{"Node Type": "Hash Join","Parent Relationship": "Outer","Parallel Aware": false,"Async Capable": false,"Join Type": "Inner","Startup Cost": 1.07,"Total Cost": 2.40,"Plan Rows": 1,"Plan Width": 108,"Actual Startup Time": 0.115,"Actual Total Time": 0.137,"Actual Rows": 5,"Actual Loops": 3,"Inner Unique": true,"Hash Cond": "(nation.n_regionkey = region.r_regionkey)","Workers": [],"Plans": [{"Node Type": "Seq Scan","Parent Relationship": "Outer","Parallel Aware": false,"Async Capable": false,"Relation Name": "nation","Alias": "nation","Startup Cost": 0.00,"Total Cost": 1.25,"Plan Rows": 25,"Plan Width": 112,"Actual Startup Time": 0.040,"Actual Total Time": 0.044,"Actual Rows": 25,"Actual Loops": 3,"Workers": []},{"Node Type": "Hash","Parent Relationship": "Inner","Parallel Aware": false,"Async Capable": false,"Startup Cost": 1.06,"Total Cost": 1.06,"Plan Rows": 1,"Plan Width": 4,"Actual Startup Time": 0.046,"Actual Total Time": 0.051,"Actual Rows": 1,"Actual Loops": 3,"Hash Buckets": 1024,"Original Hash Buckets": 1024,"Hash Batches": 1,"Original Hash Batches": 1,"Peak Memory Usage": 9,"Workers": [],"Plans": [{"Node Type": "Seq Scan","Parent Relationship": "Outer","Parallel Aware": false,"Async Capable": false,"Relation Name": "region","Alias": "region","Startup Cost": 0.00,"Total Cost": 1.06,"Plan Rows": 1,"Plan Width": 4,"Actual Startup Time": 0.033,"Actual Total Time": 0.034,"Actual Rows": 1,"Actual Loops": 3,"Filter": "(r_name = 'EUROPE'::bpchar)","Rows Removed by Filter": 4,"Workers": []}]}]}]}]},{"Node Type": "Index Scan","Parent Relationship": "Inner","Parallel Aware": false,"Async Capable": false,"Scan Direction": "Forward","Index Name": "idx_orders_custkey","Relation Name": "orders","Alias": "orders","Startup Cost": 0.43,"Total Cost": 1.55,"Plan Rows": 3,"Plan Width": 8,"Actual Startup Time": 0.017,"Actual Total Time": 0.041,"Actual Rows": 2,"Actual Loops": 30197,"Index Cond": "(o_custkey = customer.c_custkey)","Rows Removed by Index Recheck": 0,"Filter": "((o_orderdate >= '1996-01-01'::date) AND (o_orderdate < '1997-01-01 00:00:00'::timestamp without time zone))","Rows Removed by Filter": 9,"Workers": []}]},{"Node Type": "Index Scan","Parent Relationship": "Inner","Parallel Aware": false,"Async Capable": false,"Scan Direction": "Forward","Index Name": "idx_lineitem_orderkey","Relation Name": "lineitem","Alias": "lineitem","Startup Cost": 0.43,"Total Cost": 2.84,"Plan Rows": 17,"Plan Width": 20,"Actual Startup Time": 0.017,"Actual Total Time": 0.020,"Actual Rows": 4,"Actual Loops": 46518,"Index Cond": "(l_orderkey = orders.o_orderkey)","Rows Removed by Index Recheck": 0,"Workers": []}]},{"Node Type": "Hash","Parent Relationship": "Inner","Parallel Aware": false,"Async Capable": false,"Startup Cost": 322.00,"Total Cost": 322.00,"Plan Rows": 10000,"Plan Width": 8,"Actual Startup Time": 8.337,"Actual Total Time": 8.340,"Actual Rows": 10000,"Actual Loops": 3,"Hash Buckets": 16384,"Original Hash Buckets": 16384,"Hash Batches": 1,"Original Hash Batches": 1,"Peak Memory Usage": 519,"Workers": [],"Plans": [{"Node Type": "Seq Scan","Parent Relationship": "Outer","Parallel Aware": false,"Async Capable": false,"Relation Name": "supplier","Alias": "supplier","Startup Cost": 0.00,"Total Cost": 322.00,"Plan Rows": 10000,"Plan Width": 8,"Actual Startup Time": 0.039,"Actual Total Time": 6.479,"Actual Rows": 10000,"Actual Loops": 3,"Workers": []}]}]}]}]}]}]}]},"Planning Time": 9.377,"Triggers": [],"Execution Time": 881.912}]
[{"Plan": {"Node Type": "Sort","Parallel Aware": false,"Async Capable": false,"Startup Cost": 21612.43,"Total Cost": 21612.50,"Plan Rows": 25,"Plan Width": 136,"Actual Startup Time": 827.834,"Actual Total Time": 858.973,"Actual Rows": 5,"Actual Loops": 1,"Sort Key": ["(sum((lineitem.l_extendedprice * ('1'::numeric - lineitem.l_discount)))) DESC"],"Sort Method": "quicksort","Sort Space Used": 25,"Sort Space Type": "Memory","Plans": [{"Node Type": "Aggregate","Strategy": "Sorted","Partial Mode": "Finalize","Parent Relationship": "Outer","Parallel Aware": false,"Async Capable": false,"Startup Cost": 21597.38,"Total Cost": 21611.85,"Plan Rows": 25,"Plan Width": 136,"Actual Startup Time": 827.274,"Actual Total Time": 858.918,"Actual Rows": 5,"Actual Loops": 1,"Group Key": ["nation.n_name"],"Plans": [{"Node Type": "Gather Merge","Parent Relationship": "Outer","Parallel Aware": false,"Async Capable": false,"Startup Cost": 21597.38,"Total Cost": 21611.17,"Plan Rows": 50,"Plan Width": 136,"Actual Startup Time": 827.088,"Actual Total Time": 858.883,"Actual Rows": 15,"Actual Loops": 1,"Workers Planned": 2,"Workers Launched": 2,"Plans": [{"Node Type": "Aggregate","Strategy": "Sorted","Partial Mode": "Partial","Parent Relationship": "Outer","Parallel Aware": false,"Async Capable": false,"Startup Cost": 20597.36,"Total Cost": 20605.37,"Plan Rows": 25,"Plan Width": 136,"Actual Startup Time": 818.981,"Actual Total Time": 819.657,"Actual Rows": 5,"Actual Loops": 3,"Group Key": ["nation.n_name"],"Workers": [],"Plans": [{"Node Type": "Sort","Parent Relationship": "Outer","Parallel Aware": false,"Async Capable": false,"Startup Cost": 20597.36,"Total Cost": 20598.90,"Plan Rows": 616,"Plan Width": 116,"Actual Startup Time": 818.754,"Actual Total Time": 818.877,"Actual Rows": 2367,"Actual Loops": 3,"Sort Key": ["nation.n_name"],"Sort Method": "quicksort","Sort Space Used": 283,"Sort Space Type": "Memory","Workers": [{"Worker Number": 0,"Sort Method": "quicksort","Sort Space Used": 277,"Sort Space Type": "Memory"},{"Worker Number": 1,"Sort Method": "quicksort","Sort Space Used": 284,"Sort Space Type": "Memory"}],"Plans": [{"Node Type": "Hash Join","Parent Relationship": "Outer","Parallel Aware": false,"Async Capable": false,"Join Type": "Inner","Startup Cost": 475.27,"Total Cost": 20568.82,"Plan Rows": 616,"Plan Width": 116,"Actual Startup Time": 13.272,"Actual Total Time": 817.265,"Actual Rows": 2367,"Actual Loops": 3,"Inner Unique": true,"Hash Cond": "((lineitem.l_suppkey = supplier.s_suppkey) AND (customer.c_nationkey = supplier.s_nationkey))","Workers": [],"Plans": [{"Node Type": "Nested Loop","Parent Relationship": "Outer","Parallel Aware": false,"Async Capable": false,"Join Type": "Inner","Startup Cost": 3.27,"Total Cost": 20015.89,"Plan Rows": 15415,"Plan Width": 128,"Actual Startup Time": 0.973,"Actual Total Time": 770.169,"Actual Rows": 60208,"Actual Loops": 3,"Inner Unique": false,"Workers": [],"Plans": [{"Node Type": "Nested Loop","Parent Relationship": "Outer","Parallel Aware": false,"Async Capable": false,"Join Type": "Inner","Startup Cost": 2.84,"Total Cost": 8414.26,"Plan Rows": 3853,"Plan Width": 116,"Actual Startup Time": 0.870,"Actual Total Time": 466.623,"Actual Rows": 15051,"Actual Loops": 3,"Inner Unique": false,"Workers": [],"Plans": [{"Node Type": "Hash Join","Parent Relationship": "Outer","Parallel Aware": false,"Async Capable": false,"Join Type": "Inner","Startup Cost": 2.41,"Total Cost": 4471.79,"Plan Rows": 2500,"Plan Width": 116,"Actual Startup Time": 0.250,"Actual Total Time": 58.358,"Actual Rows": 9921,"Actual Loops": 3,"Inner Unique": false,"Hash Cond": "(customer.c_nationkey = nation.n_nationkey)","Workers": [],"Plans": [{"Node Type": "Seq Scan","Parent Relationship": "Outer","Parallel Aware": true,"Async Capable": false,"Relation Name": "customer","Alias": "customer","Startup Cost": 0.00,"Total Cost": 4210.00,"Plan Rows": 62500,"Plan Width": 8,"Actual Startup Time": 0.013,"Actual Total Time": 10.073,"Actual Rows": 50000,"Actual Loops": 3,"Workers": []},{"Node Type": "Hash","Parent Relationship": "Inner","Parallel Aware": false,"Async Capable": false,"Startup Cost": 2.40,"Total Cost": 2.40,"Plan Rows": 1,"Plan Width": 108,"Actual Startup Time": 0.153,"Actual Total Time": 0.173,"Actual Rows": 5,"Actual Loops": 3,"Hash Buckets": 1024,"Original Hash Buckets": 1024,"Hash Batches": 1,"Original Hash Batches": 1,"Peak Memory Usage": 9,"Workers": [],"Plans": [{"Node Type": "Hash Join","Parent Relationship": "Outer","Parallel Aware": false,"Async Capable": false,"Join Type": "Inner","Startup Cost": 1.07,"Total Cost": 2.40,"Plan Rows": 1,"Plan Width": 108,"Actual Startup Time": 0.137,"Actual Total Time": 0.162,"Actual Rows": 5,"Actual Loops": 3,"Inner Unique": true,"Hash Cond": "(nation.n_regionkey = region.r_regionkey)","Workers": [],"Plans": [{"Node Type": "Seq Scan","Parent Relationship": "Outer","Parallel Aware": false,"Async Capable": false,"Relation Name": "nation","Alias": "nation","Startup Cost": 0.00,"Total Cost": 1.25,"Plan Rows": 25,"Plan Width": 112,"Actual Startup Time": 0.055,"Actual Total Time": 0.059,"Actual Rows": 25,"Actual Loops": 3,"Workers": []},{"Node Type": "Hash","Parent Relationship": "Inner","Parallel Aware": false,"Async Capable": false,"Startup Cost": 1.06,"Total Cost": 1.06,"Plan Rows": 1,"Plan Width": 4,"Actual Startup Time": 0.058,"Actual Total Time": 0.065,"Actual Rows": 1,"Actual Loops": 3,"Hash Buckets": 1024,"Original Hash Buckets": 1024,"Hash Batches": 1,"Original Hash Batches": 1,"Peak Memory Usage": 9,"Workers": [],"Plans": [{"Node Type": "Seq Scan","Parent Relationship": "Outer","Parallel Aware": false,"Async Capable": false,"Relation Name": "region","Alias": "region","Startup Cost": 0.00,"Total Cost": 1.06,"Plan Rows": 1,"Plan Width": 4,"Actual Startup Time": 0.044,"Actual Total Time": 0.048,"Actual Rows": 1,"Actual Loops": 3,"Filter": "(r_name = 'AFRICA'::bpchar)","Rows Removed by Filter": 4,"Workers": []}]}]}]}]},{"Node Type": "Index Scan","Parent Relationship": "Inner","Parallel Aware": false,"Async Capable": false,"Scan Direction": "Forward","Index Name": "idx_orders_custkey","Relation Name": "orders","Alias": "orders","Startup Cost": 0.43,"Total Cost": 1.55,"Plan Rows": 3,"Plan Width": 8,"Actual Startup Time": 0.018,"Actual Total Time": 0.041,"Actual Rows": 2,"Actual Loops": 29764,"Index Cond": "(o_custkey = customer.c_custkey)","Rows Removed by Index Recheck": 0,"Filter": "((o_orderdate >= '1994-01-01'::date) AND (o_orderdate < '1995-01-01 00:00:00'::timestamp without time zone))","Rows Removed by Filter": 9,"Workers": []}]},{"Node Type": "Index Scan","Parent Relationship": "Inner","Parallel Aware": false,"Async Capable": false,"Scan Direction": "Forward","Index Name": "idx_lineitem_orderkey","Relation Name": "lineitem","Alias": "lineitem","Startup Cost": 0.43,"Total Cost": 2.84,"Plan Rows": 17,"Plan Width": 20,"Actual Startup Time": 0.017,"Actual Total Time": 0.019,"Actual Rows": 4,"Actual Loops": 45152,"Index Cond": "(l_orderkey = orders.o_orderkey)","Rows Removed by Index Recheck": 0,"Workers": []}]},{"Node Type": "Hash","Parent Relationship": "Inner","Parallel Aware": false,"Async Capable": false,"Startup Cost": 322.00,"Total Cost": 322.00,"Plan Rows": 10000,"Plan Width": 8,"Actual Startup Time": 11.376,"Actual Total Time": 11.381,"Actual Rows": 10000,"Actual Loops": 3,"Hash Buckets": 16384,"Original Hash Buckets": 16384,"Hash Batches": 1,"Original Hash Batches": 1,"Peak Memory Usage": 519,"Workers": [],"Plans": [{"Node Type": "Seq Scan","Parent Relationship": "Outer","Parallel Aware": false,"Async Capable": false,"Relation Name": "supplier","Alias": "supplier","Startup Cost": 0.00,"Total Cost": 322.00,"Plan Rows": 10000,"Plan Width": 8,"Actual Startup Time": 0.042,"Actual Total Time": 9.565,"Actual Rows": 10000,"Actual Loops": 3,"Workers": []}]}]}]}]}]}]}]},"Planning Time": 10.751,"Triggers": [],"Execution Time": 859.508}]
[{"Plan": {"Node Type": "Sort","Parallel Aware": false,"Async Capable": false,"Startup Cost": 21522.30,"Total Cost": 21522.36,"Plan Rows": 25,"Plan Width": 136,"Actual Startup Time": 808.723,"Actual Total Time": 839.996,"Actual Rows": 5,"Actual Loops": 1,"Sort Key": ["(sum((lineitem.l_extendedprice * ('1'::numeric - lineitem.l_discount)))) DESC"],"Sort Method": "quicksort","Sort Space Used": 25,"Sort Space Type": "Memory","Plans": [{"Node Type": "Aggregate","Strategy": "Sorted","Partial Mode": "Finalize","Parent Relationship": "Outer","Parallel Aware": false,"Async Capable": false,"Startup Cost": 21507.43,"Total Cost": 21521.72,"Plan Rows": 25,"Plan Width": 136,"Actual Startup Time": 808.168,"Actual Total Time": 839.947,"Actual Rows": 5,"Actual Loops": 1,"Group Key": ["nation.n_name"],"Plans": [{"Node Type": "Gather Merge","Parent Relationship": "Outer","Parallel Aware": false,"Async Capable": false,"Startup Cost": 21507.43,"Total Cost": 21521.03,"Plan Rows": 50,"Plan Width": 136,"Actual Startup Time": 807.495,"Actual Total Time": 839.892,"Actual Rows": 15,"Actual Loops": 1,"Workers Planned": 2,"Workers Launched": 2,"Plans": [{"Node Type": "Aggregate","Strategy": "Sorted","Partial Mode": "Partial","Parent Relationship": "Outer","Parallel Aware": false,"Async Capable": false,"Startup Cost": 20507.41,"Total Cost": 20515.23,"Plan Rows": 25,"Plan Width": 136,"Actual Startup Time": 799.534,"Actual Total Time": 800.383,"Actual Rows": 5,"Actual Loops": 3,"Group Key": ["nation.n_name"],"Workers": [],"Plans": [{"Node Type": "Sort","Parent Relationship": "Outer","Parallel Aware": false,"Async Capable": false,"Startup Cost": 20507.41,"Total Cost": 20508.91,"Plan Rows": 601,"Plan Width": 116,"Actual Startup Time": 799.319,"Actual Total Time": 799.466,"Actual Rows": 2431,"Actual Loops": 3,"Sort Key": ["nation.n_name"],"Sort Method": "quicksort","Sort Space Used": 290,"Sort Space Type": "Memory","Workers": [{"Worker Number": 0,"Sort Method": "quicksort","Sort Space Used": 286,"Sort Space Type": "Memory"},{"Worker Number": 1,"Sort Method": "quicksort","Sort Space Used": 283,"Sort Space Type": "Memory"}],"Plans": [{"Node Type": "Hash Join","Parent Relationship": "Outer","Parallel Aware": false,"Async Capable": false,"Join Type": "Inner","Startup Cost": 475.27,"Total Cost": 20479.67,"Plan Rows": 601,"Plan Width": 116,"Actual Startup Time": 15.141,"Actual Total Time": 797.817,"Actual Rows": 2431,"Actual Loops": 3,"Inner Unique": true,"Hash Cond": "((lineitem.l_suppkey = supplier.s_suppkey) AND (customer.c_nationkey = supplier.s_nationkey))","Workers": [],"Plans": [{"Node Type": "Nested Loop","Parent Relationship": "Outer","Parallel Aware": false,"Async Capable": false,"Join Type": "Inner","Startup Cost": 3.27,"Total Cost": 19928.78,"Plan Rows": 15027,"Plan Width": 128,"Actual Startup Time": 0.731,"Actual Total Time": 752.135,"Actual Rows": 59947,"Actual Loops": 3,"Inner Unique": false,"Workers": [],"Plans": [{"Node Type": "Nested Loop","Parent Relationship": "Outer","Parallel Aware": false,"Async Capable": false,"Join Type": "Inner","Startup Cost": 2.84,"Total Cost": 8414.26,"Plan Rows": 3756,"Plan Width": 116,"Actual Startup Time": 0.592,"Actual Total Time": 450.459,"Actual Rows": 14972,"Actual Loops": 3,"Inner Unique": false,"Workers": [],"Plans": [{"Node Type": "Hash Join","Parent Relationship": "Outer","Parallel Aware": false,"Async Capable": false,"Join Type": "Inner","Startup Cost": 2.41,"Total Cost": 4471.79,"Plan Rows": 2500,"Plan Width": 116,"Actual Startup Time": 0.291,"Actual Total Time": 55.680,"Actual Rows": 9968,"Actual Loops": 3,"Inner Unique": false,"Hash Cond": "(customer.c_nationkey = nation.n_nationkey)","Workers": [],"Plans": [{"Node Type": "Seq Scan","Parent Relationship": "Outer","Parallel Aware": true,"Async Capable": false,"Relation Name": "customer","Alias": "customer","Startup Cost": 0.00,"Total Cost": 4210.00,"Plan Rows": 62500,"Plan Width": 8,"Actual Startup Time": 0.021,"Actual Total Time": 9.583,"Actual Rows": 50000,"Actual Loops": 3,"Workers": []},{"Node Type": "Hash","Parent Relationship": "Inner","Parallel Aware": false,"Async Capable": false,"Startup Cost": 2.40,"Total Cost": 2.40,"Plan Rows": 1,"Plan Width": 108,"Actual Startup Time": 0.165,"Actual Total Time": 0.187,"Actual Rows": 5,"Actual Loops": 3,"Hash Buckets": 1024,"Original Hash Buckets": 1024,"Hash Batches": 1,"Original Hash Batches": 1,"Peak Memory Usage": 9,"Workers": [],"Plans": [{"Node Type": "Hash Join","Parent Relationship": "Outer","Parallel Aware": false,"Async Capable": false,"Join Type": "Inner","Startup Cost": 1.07,"Total Cost": 2.40,"Plan Rows": 1,"Plan Width": 108,"Actual Startup Time": 0.151,"Actual Total Time": 0.177,"Actual Rows": 5,"Actual Loops": 3,"Inner Unique": true,"Hash Cond": "(nation.n_regionkey = region.r_regionkey)","Workers": [],"Plans": [{"Node Type": "Seq Scan","Parent Relationship": "Outer","Parallel Aware": false,"Async Capable": false,"Relation Name": "nation","Alias": "nation","Startup Cost": 0.00,"Total Cost": 1.25,"Plan Rows": 25,"Plan Width": 112,"Actual Startup Time": 0.067,"Actual Total Time": 0.072,"Actual Rows": 25,"Actual Loops": 3,"Workers": []},{"Node Type": "Hash","Parent Relationship": "Inner","Parallel Aware": false,"Async Capable": false,"Startup Cost": 1.06,"Total Cost": 1.06,"Plan Rows": 1,"Plan Width": 4,"Actual Startup Time": 0.055,"Actual Total Time": 0.063,"Actual Rows": 1,"Actual Loops": 3,"Hash Buckets": 1024,"Original Hash Buckets": 1024,"Hash Batches": 1,"Original Hash Batches": 1,"Peak Memory Usage": 9,"Workers": [],"Plans": [{"Node Type": "Seq Scan","Parent Relationship": "Outer","Parallel Aware": false,"Async Capable": false,"Relation Name": "region","Alias": "region","Startup Cost": 0.00,"Total Cost": 1.06,"Plan Rows": 1,"Plan Width": 4,"Actual Startup Time": 0.042,"Actual Total Time": 0.044,"Actual Rows": 1,"Actual Loops": 3,"Filter": "(r_name = 'MIDDLE EAST'::bpchar)","Rows Removed by Filter": 4,"Workers": []}]}]}]}]},{"Node Type": "Index Scan","Parent Relationship": "Inner","Parallel Aware": false,"Async Capable": false,"Scan Direction": "Forward","Index Name": "idx_orders_custkey","Relation Name": "orders","Alias": "orders","Startup Cost": 0.43,"Total Cost": 1.55,"Plan Rows": 3,"Plan Width": 8,"Actual Startup Time": 0.017,"Actual Total Time": 0.039,"Actual Rows": 2,"Actual Loops": 29904,"Index Cond": "(o_custkey = customer.c_custkey)","Rows Removed by Index Recheck": 0,"Filter": "((o_orderdate >= '1993-01-01'::date) AND (o_orderdate < '1994-01-01 00:00:00'::timestamp without time zone))","Rows Removed by Filter": 8,"Workers": []}]},{"Node Type": "Index Scan","Parent Relationship": "Inner","Parallel Aware": false,"Async Capable": false,"Scan Direction": "Forward","Index Name": "idx_lineitem_orderkey","Relation Name": "lineitem","Alias": "lineitem","Startup Cost": 0.43,"Total Cost": 2.90,"Plan Rows": 17,"Plan Width": 20,"Actual Startup Time": 0.017,"Actual Total Time": 0.019,"Actual Rows": 4,"Actual Loops": 44917,"Index Cond": "(l_orderkey = orders.o_orderkey)","Rows Removed by Index Recheck": 0,"Workers": []}]},{"Node Type": "Hash","Parent Relationship": "Inner","Parallel Aware": false,"Async Capable": false,"Startup Cost": 322.00,"Total Cost": 322.00,"Plan Rows": 10000,"Plan Width": 8,"Actual Startup Time": 13.351,"Actual Total Time": 13.355,"Actual Rows": 10000,"Actual Loops": 3,"Hash Buckets": 16384,"Original Hash Buckets": 16384,"Hash Batches": 1,"Original Hash Batches": 1,"Peak Memory Usage": 519,"Workers": [],"Plans": [{"Node Type": "Seq Scan","Parent Relationship": "Outer","Parallel Aware": false,"Async Capable": false,"Relation Name": "supplier","Alias": "supplier","Startup Cost": 0.00,"Total Cost": 322.00,"Plan Rows": 10000,"Plan Width": 8,"Actual Startup Time": 0.056,"Actual Total Time": 11.541,"Actual Rows": 10000,"Actual Loops": 3,"Workers": []}]}]}]}]}]}]}]},"Planning Time": 9.915,"Triggers": [],"Execution Time": 840.541}]
[{"Plan": {"Node Type": "Sort","Parallel Aware": false,"Async Capable": false,"Startup Cost": 21565.81,"Total Cost": 21565.87,"Plan Rows": 25,"Plan Width": 136,"Actual Startup Time": 833.811,"Actual Total Time": 865.523,"Actual Rows": 5,"Actual Loops": 1,"Sort Key": ["(sum((lineitem.l_extendedprice * ('1'::numeric - lineitem.l_discount)))) DESC"],"Sort Method": "quicksort","Sort Space Used": 25,"Sort Space Type": "Memory","Plans": [{"Node Type": "Aggregate","Strategy": "Sorted","Partial Mode": "Finalize","Parent Relationship": "Outer","Parallel Aware": false,"Async Capable": false,"Startup Cost": 21550.86,"Total Cost": 21565.23,"Plan Rows": 25,"Plan Width": 136,"Actual Startup Time": 833.271,"Actual Total Time": 865.478,"Actual Rows": 5,"Actual Loops": 1,"Group Key": ["nation.n_name"],"Plans": [{"Node Type": "Gather Merge","Parent Relationship": "Outer","Parallel Aware": false,"Async Capable": false,"Startup Cost": 21550.86,"Total Cost": 21564.54,"Plan Rows": 50,"Plan Width": 136,"Actual Startup Time": 833.025,"Actual Total Time": 865.435,"Actual Rows": 15,"Actual Loops": 1,"Workers Planned": 2,"Workers Launched": 2,"Plans": [{"Node Type": "Aggregate","Strategy": "Sorted","Partial Mode": "Partial","Parent Relationship": "Outer","Parallel Aware": false,"Async Capable": false,"Startup Cost": 20550.84,"Total Cost": 20558.75,"Plan Rows": 25,"Plan Width": 136,"Actual Startup Time": 825.546,"Actual Total Time": 826.255,"Actual Rows": 5,"Actual Loops": 3,"Group Key": ["nation.n_name"],"Workers": [],"Plans": [{"Node Type": "Sort","Parent Relationship": "Outer","Parallel Aware": false,"Async Capable": false,"Startup Cost": 20550.84,"Total Cost": 20552.36,"Plan Rows": 608,"Plan Width": 116,"Actual Startup Time": 825.323,"Actual Total Time": 825.450,"Actual Rows": 2415,"Actual Loops": 3,"Sort Key": ["nation.n_name"],"Sort Method": "quicksort","Sort Space Used": 281,"Sort Space Type": "Memory","Workers": [{"Worker Number": 0,"Sort Method": "quicksort","Sort Space Used": 286,"Sort Space Type": "Memory"},{"Worker Number": 1,"Sort Method": "quicksort","Sort Space Used": 289,"Sort Space Type": "Memory"}],"Plans": [{"Node Type": "Hash Join","Parent Relationship": "Outer","Parallel Aware": false,"Async Capable": false,"Join Type": "Inner","Startup Cost": 475.27,"Total Cost": 20522.72,"Plan Rows": 608,"Plan Width": 116,"Actual Startup Time": 12.893,"Actual Total Time": 823.841,"Actual Rows": 2415,"Actual Loops": 3,"Inner Unique": true,"Hash Cond": "((lineitem.l_suppkey = supplier.s_suppkey) AND (customer.c_nationkey = supplier.s_nationkey))","Workers": [],"Plans": [{"Node Type": "Nested Loop","Parent Relationship": "Outer","Parallel Aware": false,"Async Capable": false,"Join Type": "Inner","Startup Cost": 3.27,"Total Cost": 19970.84,"Plan Rows": 15215,"Plan Width": 128,"Actual Startup Time": 0.809,"Actual Total Time": 777.035,"Actual Rows": 60714,"Actual Loops": 3,"Inner Unique": false,"Workers": [],"Plans": [{"Node Type": "Nested Loop","Parent Relationship": "Outer","Parallel Aware": false,"Async Capable": false,"Join Type": "Inner","Startup Cost": 2.84,"Total Cost": 8414.26,"Plan Rows": 3803,"Plan Width": 116,"Actual Startup Time": 0.660,"Actual Total Time": 471.667,"Actual Rows": 15226,"Actual Loops": 3,"Inner Unique": false,"Workers": [],"Plans": [{"Node Type": "Hash Join","Parent Relationship": "Outer","Parallel Aware": false,"Async Capable": false,"Join Type": "Inner","Startup Cost": 2.41,"Total Cost": 4471.79,"Plan Rows": 2500,"Plan Width": 116,"Actual Startup Time": 0.276,"Actual Total Time": 59.829,"Actual Rows": 10066,"Actual Loops": 3,"Inner Unique": false,"Hash Cond": "(customer.c_nationkey = nation.n_nationkey)","Workers": [],"Plans": [{"Node Type": "Seq Scan","Parent Relationship": "Outer","Parallel Aware": true,"Async Capable": false,"Relation Name": "customer","Alias": "customer","Startup Cost": 0.00,"Total Cost": 4210.00,"Plan Rows": 62500,"Plan Width": 8,"Actual Startup Time": 0.021,"Actual Total Time": 10.083,"Actual Rows": 50000,"Actual Loops": 3,"Workers": []},{"Node Type": "Hash","Parent Relationship": "Inner","Parallel Aware": false,"Async Capable": false,"Startup Cost": 2.40,"Total Cost": 2.40,"Plan Rows": 1,"Plan Width": 108,"Actual Startup Time": 0.154,"Actual Total Time": 0.171,"Actual Rows": 5,"Actual Loops": 3,"Hash Buckets": 1024,"Original Hash Buckets": 1024,"Hash Batches": 1,"Original Hash Batches": 1,"Peak Memory Usage": 9,"Workers": [],"Plans": [{"Node Type": "Hash Join","Parent Relationship": "Outer","Parallel Aware": false,"Async Capable": false,"Join Type": "Inner","Startup Cost": 1.07,"Total Cost": 2.40,"Plan Rows": 1,"Plan Width": 108,"Actual Startup Time": 0.139,"Actual Total Time": 0.162,"Actual Rows": 5,"Actual Loops": 3,"Inner Unique": true,"Hash Cond": "(nation.n_regionkey = region.r_regionkey)","Workers": [],"Plans": [{"Node Type": "Seq Scan","Parent Relationship": "Outer","Parallel Aware": false,"Async Capable": false,"Relation Name": "nation","Alias": "nation","Startup Cost": 0.00,"Total Cost": 1.25,"Plan Rows": 25,"Plan Width": 112,"Actual Startup Time": 0.051,"Actual Total Time": 0.055,"Actual Rows": 25,"Actual Loops": 3,"Workers": []},{"Node Type": "Hash","Parent Relationship": "Inner","Parallel Aware": false,"Async Capable": false,"Startup Cost": 1.06,"Total Cost": 1.06,"Plan Rows": 1,"Plan Width": 4,"Actual Startup Time": 0.057,"Actual Total Time": 0.063,"Actual Rows": 1,"Actual Loops": 3,"Hash Buckets": 1024,"Original Hash Buckets": 1024,"Hash Batches": 1,"Original Hash Batches": 1,"Peak Memory Usage": 9,"Workers": [],"Plans": [{"Node Type": "Seq Scan","Parent Relationship": "Outer","Parallel Aware": false,"Async Capable": false,"Relation Name": "region","Alias": "region","Startup Cost": 0.00,"Total Cost": 1.06,"Plan Rows": 1,"Plan Width": 4,"Actual Startup Time": 0.043,"Actual Total Time": 0.045,"Actual Rows": 1,"Actual Loops": 3,"Filter": "(r_name = 'EUROPE'::bpchar)","Rows Removed by Filter": 4,"Workers": []}]}]}]}]},{"Node Type": "Index Scan","Parent Relationship": "Inner","Parallel Aware": false,"Async Capable": false,"Scan Direction": "Forward","Index Name": "idx_orders_custkey","Relation Name": "orders","Alias": "orders","Startup Cost": 0.43,"Total Cost": 1.55,"Plan Rows": 3,"Plan Width": 8,"Actual Startup Time": 0.017,"Actual Total Time": 0.041,"Actual Rows": 2,"Actual Loops": 30197,"Index Cond": "(o_custkey = customer.c_custkey)","Rows Removed by Index Recheck": 0,"Filter": "((o_orderdate >= '1997-01-01'::date) AND (o_orderdate < '1998-01-01 00:00:00'::timestamp without time zone))","Rows Removed by Filter": 9,"Workers": []}]},{"Node Type": "Index Scan","Parent Relationship": "Inner","Parallel Aware": false,"Async Capable": false,"Scan Direction": "Forward","Index Name": "idx_lineitem_orderkey","Relation Name": "lineitem","Alias": "lineitem","Startup Cost": 0.43,"Total Cost": 2.87,"Plan Rows": 17,"Plan Width": 20,"Actual Startup Time": 0.017,"Actual Total Time": 0.019,"Actual Rows": 4,"Actual Loops": 45677,"Index Cond": "(l_orderkey = orders.o_orderkey)","Rows Removed by Index Recheck": 0,"Workers": []}]},{"Node Type": "Hash","Parent Relationship": "Inner","Parallel Aware": false,"Async Capable": false,"Startup Cost": 322.00,"Total Cost": 322.00,"Plan Rows": 10000,"Plan Width": 8,"Actual Startup Time": 11.560,"Actual Total Time": 11.566,"Actual Rows": 10000,"Actual Loops": 3,"Hash Buckets": 16384,"Original Hash Buckets": 16384,"Hash Batches": 1,"Original Hash Batches": 1,"Peak Memory Usage": 519,"Workers": [],"Plans": [{"Node Type": "Seq Scan","Parent Relationship": "Outer","Parallel Aware": false,"Async Capable": false,"Relation Name": "supplier","Alias": "supplier","Startup Cost": 0.00,"Total Cost": 322.00,"Plan Rows": 10000,"Plan Width": 8,"Actual Startup Time": 0.053,"Actual Total Time": 9.758,"Actual Rows": 10000,"Actual Loops": 3,"Workers": []}]}]}]}]}]}]}]},"Planning Time": 11.054,"Triggers": [],"Execution Time": 866.075}]
[{"Plan": {"Node Type": "Sort","Parallel Aware": false,"Async Capable": false,"Startup Cost": 21522.30,"Total Cost": 21522.36,"Plan Rows": 25,"Plan Width": 136,"Actual Startup Time": 808.723,"Actual Total Time": 839.996,"Actual Rows": 5,"Actual Loops": 1,"Sort Key": ["(sum((lineitem.l_extendedprice * ('1'::numeric - lineitem.l_discount)))) DESC"],"Sort Method": "quicksort","Sort Space Used": 25,"Sort Space Type": "Memory","Plans": [{"Node Type": "Aggregate","Strategy": "Sorted","Partial Mode": "Finalize","Parent Relationship": "Outer","Parallel Aware": false,"Async Capable": false,"Startup Cost": 21507.43,"Total Cost": 21521.72,"Plan Rows": 25,"Plan Width": 136,"Actual Startup Time": 808.168,"Actual Total Time": 839.947,"Actual Rows": 5,"Actual Loops": 1,"Group Key": ["nation.n_name"],"Plans": [{"Node Type": "Gather Merge","Parent Relationship": "Outer","Parallel Aware": false,"Async Capable": false,"Startup Cost": 21507.43,"Total Cost": 21521.03,"Plan Rows": 50,"Plan Width": 136,"Actual Startup Time": 807.495,"Actual Total Time": 839.892,"Actual Rows": 15,"Actual Loops": 1,"Workers Planned": 2,"Workers Launched": 2,"Plans": [{"Node Type": "Aggregate","Strategy": "Sorted","Partial Mode": "Partial","Parent Relationship": "Outer","Parallel Aware": false,"Async Capable": false,"Startup Cost": 20507.41,"Total Cost": 20515.23,"Plan Rows": 25,"Plan Width": 136,"Actual Startup Time": 799.534,"Actual Total Time": 800.383,"Actual Rows": 5,"Actual Loops": 3,"Group Key": ["nation.n_name"],"Workers": [],"Plans": [{"Node Type": "Sort","Parent Relationship": "Outer","Parallel Aware": false,"Async Capable": false,"Startup Cost": 20507.41,"Total Cost": 20508.91,"Plan Rows": 601,"Plan Width": 116,"Actual Startup Time": 799.319,"Actual Total Time": 799.466,"Actual Rows": 2431,"Actual Loops": 3,"Sort Key": ["nation.n_name"],"Sort Method": "quicksort","Sort Space Used": 290,"Sort Space Type": "Memory","Workers": [{"Worker Number": 0,"Sort Method": "quicksort","Sort Space Used": 286,"Sort Space Type": "Memory"},{"Worker Number": 1,"Sort Method": "quicksort","Sort Space Used": 283,"Sort Space Type": "Memory"}],"Plans": [{"Node Type": "Hash Join","Parent Relationship": "Outer","Parallel Aware": false,"Async Capable": false,"Join Type": "Inner","Startup Cost": 475.27,"Total Cost": 20479.67,"Plan Rows": 601,"Plan Width": 116,"Actual Startup Time": 15.141,"Actual Total Time": 797.817,"Actual Rows": 2431,"Actual Loops": 3,"Inner Unique": true,"Hash Cond": "((lineitem.l_suppkey = supplier.s_suppkey) AND (customer.c_nationkey = supplier.s_nationkey))","Workers": [],"Plans": [{"Node Type": "Nested Loop","Parent Relationship": "Outer","Parallel Aware": false,"Async Capable": false,"Join Type": "Inner","Startup Cost": 3.27,"Total Cost": 19928.78,"Plan Rows": 15027,"Plan Width": 128,"Actual Startup Time": 0.731,"Actual Total Time": 752.135,"Actual Rows": 59947,"Actual Loops": 3,"Inner Unique": false,"Workers": [],"Plans": [{"Node Type": "Nested Loop","Parent Relationship": "Outer","Parallel Aware": false,"Async Capable": false,"Join Type": "Inner","Startup Cost": 2.84,"Total Cost": 8414.26,"Plan Rows": 3756,"Plan Width": 116,"Actual Startup Time": 0.592,"Actual Total Time": 450.459,"Actual Rows": 14972,"Actual Loops": 3,"Inner Unique": false,"Workers": [],"Plans": [{"Node Type": "Hash Join","Parent Relationship": "Outer","Parallel Aware": false,"Async Capable": false,"Join Type": "Inner","Startup Cost": 2.41,"Total Cost": 4471.79,"Plan Rows": 2500,"Plan Width": 116,"Actual Startup Time": 0.291,"Actual Total Time": 55.680,"Actual Rows": 9968,"Actual Loops": 3,"Inner Unique": false,"Hash Cond": "(customer.c_nationkey = nation.n_nationkey)","Workers": [],"Plans": [{"Node Type": "Seq Scan","Parent Relationship": "Outer","Parallel Aware": true,"Async Capable": false,"Relation Name": "customer","Alias": "customer","Startup Cost": 0.00,"Total Cost": 4210.00,"Plan Rows": 62500,"Plan Width": 8,"Actual Startup Time": 0.021,"Actual Total Time": 9.583,"Actual Rows": 50000,"Actual Loops": 3,"Workers": []},{"Node Type": "Hash","Parent Relationship": "Inner","Parallel Aware": false,"Async Capable": false,"Startup Cost": 2.40,"Total Cost": 2.40,"Plan Rows": 1,"Plan Width": 108,"Actual Startup Time": 0.165,"Actual Total Time": 0.187,"Actual Rows": 5,"Actual Loops": 3,"Hash Buckets": 1024,"Original Hash Buckets": 1024,"Hash Batches": 1,"Original Hash Batches": 1,"Peak Memory Usage": 9,"Workers": [],"Plans": [{"Node Type": "Hash Join","Parent Relationship": "Outer","Parallel Aware": false,"Async Capable": false,"Join Type": "Inner","Startup Cost": 1.07,"Total Cost": 2.40,"Plan Rows": 1,"Plan Width": 108,"Actual Startup Time": 0.151,"Actual Total Time": 0.177,"Actual Rows": 5,"Actual Loops": 3,"Inner Unique": true,"Hash Cond": "(nation.n_regionkey = region.r_regionkey)","Workers": [],"Plans": [{"Node Type": "Seq Scan","Parent Relationship": "Outer","Parallel Aware": false,"Async Capable": false,"Relation Name": "nation","Alias": "nation","Startup Cost": 0.00,"Total Cost": 1.25,"Plan Rows": 25,"Plan Width": 112,"Actual Startup Time": 0.067,"Actual Total Time": 0.072,"Actual Rows": 25,"Actual Loops": 3,"Workers": []},{"Node Type": "Hash","Parent Relationship": "Inner","Parallel Aware": false,"Async Capable": false,"Startup Cost": 1.06,"Total Cost": 1.06,"Plan Rows": 1,"Plan Width": 4,"Actual Startup Time": 0.055,"Actual Total Time": 0.063,"Actual Rows": 1,"Actual Loops": 3,"Hash Buckets": 1024,"Original Hash Buckets": 1024,"Hash Batches": 1,"Original Hash Batches": 1,"Peak Memory Usage": 9,"Workers": [],"Plans": [{"Node Type": "Seq Scan","Parent Relationship": "Outer","Parallel Aware": false,"Async Capable": false,"Relation Name": "region","Alias": "region","Startup Cost": 0.00,"Total Cost": 1.06,"Plan Rows": 1,"Plan Width": 4,"Actual Startup Time": 0.042,"Actual Total Time": 0.044,"Actual Rows": 1,"Actual Loops": 3,"Filter": "(r_name = 'MIDDLE EAST'::bpchar)","Rows Removed by Filter": 4,"Workers": []}]}]}]}]},{"Node Type": "Index Scan","Parent Relationship": "Inner","Parallel Aware": false,"Async Capable": false,"Scan Direction": "Forward","Index Name": "idx_orders_custkey","Relation Name": "orders","Alias": "orders","Startup Cost": 0.43,"Total Cost": 1.55,"Plan Rows": 3,"Plan Width": 8,"Actual Startup Time": 0.017,"Actual Total Time": 0.039,"Actual Rows": 2,"Actual Loops": 29904,"Index Cond": "(o_custkey = customer.c_custkey)","Rows Removed by Index Recheck": 0,"Filter": "((o_orderdate >= '1993-01-01'::date) AND (o_orderdate < '1994-01-01 00:00:00'::timestamp without time zone))","Rows Removed by Filter": 8,"Workers": []}]},{"Node Type": "Index Scan","Parent Relationship": "Inner","Parallel Aware": false,"Async Capable": false,"Scan Direction": "Forward","Index Name": "idx_lineitem_orderkey","Relation Name": "lineitem","Alias": "lineitem","Startup Cost": 0.43,"Total Cost": 2.90,"Plan Rows": 17,"Plan Width": 20,"Actual Startup Time": 0.017,"Actual Total Time": 0.019,"Actual Rows": 4,"Actual Loops": 44917,"Index Cond": "(l_orderkey = orders.o_orderkey)","Rows Removed by Index Recheck": 0,"Workers": []}]},{"Node Type": "Hash","Parent Relationship": "Inner","Parallel Aware": false,"Async Capable": false,"Startup Cost": 322.00,"Total Cost": 322.00,"Plan Rows": 10000,"Plan Width": 8,"Actual Startup Time": 13.351,"Actual Total Time": 13.355,"Actual Rows": 10000,"Actual Loops": 3,"Hash Buckets": 16384,"Original Hash Buckets": 16384,"Hash Batches": 1,"Original Hash Batches": 1,"Peak Memory Usage": 519,"Workers": [],"Plans": [{"Node Type": "Seq Scan","Parent Relationship": "Outer","Parallel Aware": false,"Async Capable": false,"Relation Name": "supplier","Alias": "supplier","Startup Cost": 0.00,"Total Cost": 322.00,"Plan Rows": 10000,"Plan Width": 8,"Actual Startup Time": 0.056,"Actual Total Time": 11.541,"Actual Rows": 10000,"Actual Loops": 3,"Workers": []}]}]}]}]}]}]}]},"Planning Time": 9.915,"Triggers": [],"Execution Time": 840.541}]
[{"Plan": {"Node Type": "Sort","Parallel Aware": false,"Async Capable": false,"Startup Cost": 21522.30,"Total Cost": 21522.36,"Plan Rows": 25,"Plan Width": 136,"Actual Startup Time": 801.786,"Actual Total Time": 833.013,"Actual Rows": 5,"Actual Loops": 1,"Sort Key": ["(sum((lineitem.l_extendedprice * ('1'::numeric - lineitem.l_discount)))) DESC"],"Sort Method": "quicksort","Sort Space Used": 25,"Sort Space Type": "Memory","Plans": [{"Node Type": "Aggregate","Strategy": "Sorted","Partial Mode": "Finalize","Parent Relationship": "Outer","Parallel Aware": false,"Async Capable": false,"Startup Cost": 21507.43,"Total Cost": 21521.72,"Plan Rows": 25,"Plan Width": 136,"Actual Startup Time": 801.172,"Actual Total Time": 832.958,"Actual Rows": 5,"Actual Loops": 1,"Group Key": ["nation.n_name"],"Plans": [{"Node Type": "Gather Merge","Parent Relationship": "Outer","Parallel Aware": false,"Async Capable": false,"Startup Cost": 21507.43,"Total Cost": 21521.03,"Plan Rows": 50,"Plan Width": 136,"Actual Startup Time": 800.500,"Actual Total Time": 832.892,"Actual Rows": 15,"Actual Loops": 1,"Workers Planned": 2,"Workers Launched": 2,"Plans": [{"Node Type": "Aggregate","Strategy": "Sorted","Partial Mode": "Partial","Parent Relationship": "Outer","Parallel Aware": false,"Async Capable": false,"Startup Cost": 20507.41,"Total Cost": 20515.23,"Plan Rows": 25,"Plan Width": 136,"Actual Startup Time": 792.564,"Actual Total Time": 793.457,"Actual Rows": 5,"Actual Loops": 3,"Group Key": ["nation.n_name"],"Workers": [],"Plans": [{"Node Type": "Sort","Parent Relationship": "Outer","Parallel Aware": false,"Async Capable": false,"Startup Cost": 20507.41,"Total Cost": 20508.91,"Plan Rows": 601,"Plan Width": 116,"Actual Startup Time": 792.353,"Actual Total Time": 792.502,"Actual Rows": 2513,"Actual Loops": 3,"Sort Key": ["nation.n_name"],"Sort Method": "quicksort","Sort Space Used": 296,"Sort Space Type": "Memory","Workers": [{"Worker Number": 0,"Sort Method": "quicksort","Sort Space Used": 291,"Sort Space Type": "Memory"},{"Worker Number": 1,"Sort Method": "quicksort","Sort Space Used": 292,"Sort Space Type": "Memory"}],"Plans": [{"Node Type": "Hash Join","Parent Relationship": "Outer","Parallel Aware": false,"Async Capable": false,"Join Type": "Inner","Startup Cost": 475.27,"Total Cost": 20479.67,"Plan Rows": 601,"Plan Width": 116,"Actual Startup Time": 14.275,"Actual Total Time": 790.899,"Actual Rows": 2513,"Actual Loops": 3,"Inner Unique": true,"Hash Cond": "((lineitem.l_suppkey = supplier.s_suppkey) AND (customer.c_nationkey = supplier.s_nationkey))","Workers": [],"Plans": [{"Node Type": "Nested Loop","Parent Relationship": "Outer","Parallel Aware": false,"Async Capable": false,"Join Type": "Inner","Startup Cost": 3.27,"Total Cost": 19928.78,"Plan Rows": 15027,"Plan Width": 128,"Actual Startup Time": 0.573,"Actual Total Time": 745.935,"Actual Rows": 60812,"Actual Loops": 3,"Inner Unique": false,"Workers": [],"Plans": [{"Node Type": "Nested Loop","Parent Relationship": "Outer","Parallel Aware": false,"Async Capable": false,"Join Type": "Inner","Startup Cost": 2.84,"Total Cost": 8414.26,"Plan Rows": 3756,"Plan Width": 116,"Actual Startup Time": 0.447,"Actual Total Time": 445.574,"Actual Rows": 15099,"Actual Loops": 3,"Inner Unique": false,"Workers": [],"Plans": [{"Node Type": "Hash Join","Parent Relationship": "Outer","Parallel Aware": false,"Async Capable": false,"Join Type": "Inner","Startup Cost": 2.41,"Total Cost": 4471.79,"Plan Rows": 2500,"Plan Width": 116,"Actual Startup Time": 0.261,"Actual Total Time": 54.435,"Actual Rows": 9984,"Actual Loops": 3,"Inner Unique": false,"Hash Cond": "(customer.c_nationkey = nation.n_nationkey)","Workers": [],"Plans": [{"Node Type": "Seq Scan","Parent Relationship": "Outer","Parallel Aware": true,"Async Capable": false,"Relation Name": "customer","Alias": "customer","Startup Cost": 0.00,"Total Cost": 4210.00,"Plan Rows": 62500,"Plan Width": 8,"Actual Startup Time": 0.020,"Actual Total Time": 9.427,"Actual Rows": 50000,"Actual Loops": 3,"Workers": []},{"Node Type": "Hash","Parent Relationship": "Inner","Parallel Aware": false,"Async Capable": false,"Startup Cost": 2.40,"Total Cost": 2.40,"Plan Rows": 1,"Plan Width": 108,"Actual Startup Time": 0.147,"Actual Total Time": 0.168,"Actual Rows": 5,"Actual Loops": 3,"Hash Buckets": 1024,"Original Hash Buckets": 1024,"Hash Batches": 1,"Original Hash Batches": 1,"Peak Memory Usage": 9,"Workers": [],"Plans": [{"Node Type": "Hash Join","Parent Relationship": "Outer","Parallel Aware": false,"Async Capable": false,"Join Type": "Inner","Startup Cost": 1.07,"Total Cost": 2.40,"Plan Rows": 1,"Plan Width": 108,"Actual Startup Time": 0.132,"Actual Total Time": 0.158,"Actual Rows": 5,"Actual Loops": 3,"Inner Unique": true,"Hash Cond": "(nation.n_regionkey = region.r_regionkey)","Workers": [],"Plans": [{"Node Type": "Seq Scan","Parent Relationship": "Outer","Parallel Aware": false,"Async Capable": false,"Relation Name": "nation","Alias": "nation","Startup Cost": 0.00,"Total Cost": 1.25,"Plan Rows": 25,"Plan Width": 112,"Actual Startup Time": 0.053,"Actual Total Time": 0.057,"Actual Rows": 25,"Actual Loops": 3,"Workers": []},{"Node Type": "Hash","Parent Relationship": "Inner","Parallel Aware": false,"Async Capable": false,"Startup Cost": 1.06,"Total Cost": 1.06,"Plan Rows": 1,"Plan Width": 4,"Actual Startup Time": 0.054,"Actual Total Time": 0.061,"Actual Rows": 1,"Actual Loops": 3,"Hash Buckets": 1024,"Original Hash Buckets": 1024,"Hash Batches": 1,"Original Hash Batches": 1,"Peak Memory Usage": 9,"Workers": [],"Plans": [{"Node Type": "Seq Scan","Parent Relationship": "Outer","Parallel Aware": false,"Async Capable": false,"Relation Name": "region","Alias": "region","Startup Cost": 0.00,"Total Cost": 1.06,"Plan Rows": 1,"Plan Width": 4,"Actual Startup Time": 0.037,"Actual Total Time": 0.039,"Actual Rows": 1,"Actual Loops": 3,"Filter": "(r_name = 'AMERICA'::bpchar)","Rows Removed by Filter": 4,"Workers": []}]}]}]}]},{"Node Type": "Index Scan","Parent Relationship": "Inner","Parallel Aware": false,"Async Capable": false,"Scan Direction": "Forward","Index Name": "idx_orders_custkey","Relation Name": "orders","Alias": "orders","Startup Cost": 0.43,"Total Cost": 1.55,"Plan Rows": 3,"Plan Width": 8,"Actual Startup Time": 0.016,"Actual Total Time": 0.039,"Actual Rows": 2,"Actual Loops": 29952,"Index Cond": "(o_custkey = customer.c_custkey)","Rows Removed by Index Recheck": 0,"Filter": "((o_orderdate >= '1993-01-01'::date) AND (o_orderdate < '1994-01-01 00:00:00'::timestamp without time zone))","Rows Removed by Filter": 8,"Workers": []}]},{"Node Type": "Index Scan","Parent Relationship": "Inner","Parallel Aware": false,"Async Capable": false,"Scan Direction": "Forward","Index Name": "idx_lineitem_orderkey","Relation Name": "lineitem","Alias": "lineitem","Startup Cost": 0.43,"Total Cost": 2.90,"Plan Rows": 17,"Plan Width": 20,"Actual Startup Time": 0.017,"Actual Total Time": 0.019,"Actual Rows": 4,"Actual Loops": 45297,"Index Cond": "(l_orderkey = orders.o_orderkey)","Rows Removed by Index Recheck": 0,"Workers": []}]},{"Node Type": "Hash","Parent Relationship": "Inner","Parallel Aware": false,"Async Capable": false,"Startup Cost": 322.00,"Total Cost": 322.00,"Plan Rows": 10000,"Plan Width": 8,"Actual Startup Time": 12.653,"Actual Total Time": 12.656,"Actual Rows": 10000,"Actual Loops": 3,"Hash Buckets": 16384,"Original Hash Buckets": 16384,"Hash Batches": 1,"Original Hash Batches": 1,"Peak Memory Usage": 519,"Workers": [],"Plans": [{"Node Type": "Seq Scan","Parent Relationship": "Outer","Parallel Aware": false,"Async Capable": false,"Relation Name": "supplier","Alias": "supplier","Startup Cost": 0.00,"Total Cost": 322.00,"Plan Rows": 10000,"Plan Width": 8,"Actual Startup Time": 0.038,"Actual Total Time": 10.961,"Actual Rows": 10000,"Actual Loops": 3,"Workers": []}]}]}]}]}]}]}]},"Planning Time": 9.512,"Triggers": [],"Execution Time": 833.531}]
[{"Plan": {"Node Type": "Sort","Parallel Aware": false,"Async Capable": false,"Startup Cost": 21522.30,"Total Cost": 21522.36,"Plan Rows": 25,"Plan Width": 136,"Actual Startup Time": 801.786,"Actual Total Time": 833.013,"Actual Rows": 5,"Actual Loops": 1,"Sort Key": ["(sum((lineitem.l_extendedprice * ('1'::numeric - lineitem.l_discount)))) DESC"],"Sort Method": "quicksort","Sort Space Used": 25,"Sort Space Type": "Memory","Plans": [{"Node Type": "Aggregate","Strategy": "Sorted","Partial Mode": "Finalize","Parent Relationship": "Outer","Parallel Aware": false,"Async Capable": false,"Startup Cost": 21507.43,"Total Cost": 21521.72,"Plan Rows": 25,"Plan Width": 136,"Actual Startup Time": 801.172,"Actual Total Time": 832.958,"Actual Rows": 5,"Actual Loops": 1,"Group Key": ["nation.n_name"],"Plans": [{"Node Type": "Gather Merge","Parent Relationship": "Outer","Parallel Aware": false,"Async Capable": false,"Startup Cost": 21507.43,"Total Cost": 21521.03,"Plan Rows": 50,"Plan Width": 136,"Actual Startup Time": 800.500,"Actual Total Time": 832.892,"Actual Rows": 15,"Actual Loops": 1,"Workers Planned": 2,"Workers Launched": 2,"Plans": [{"Node Type": "Aggregate","Strategy": "Sorted","Partial Mode": "Partial","Parent Relationship": "Outer","Parallel Aware": false,"Async Capable": false,"Startup Cost": 20507.41,"Total Cost": 20515.23,"Plan Rows": 25,"Plan Width": 136,"Actual Startup Time": 792.564,"Actual Total Time": 793.457,"Actual Rows": 5,"Actual Loops": 3,"Group Key": ["nation.n_name"],"Workers": [],"Plans": [{"Node Type": "Sort","Parent Relationship": "Outer","Parallel Aware": false,"Async Capable": false,"Startup Cost": 20507.41,"Total Cost": 20508.91,"Plan Rows": 601,"Plan Width": 116,"Actual Startup Time": 792.353,"Actual Total Time": 792.502,"Actual Rows": 2513,"Actual Loops": 3,"Sort Key": ["nation.n_name"],"Sort Method": "quicksort","Sort Space Used": 296,"Sort Space Type": "Memory","Workers": [{"Worker Number": 0,"Sort Method": "quicksort","Sort Space Used": 291,"Sort Space Type": "Memory"},{"Worker Number": 1,"Sort Method": "quicksort","Sort Space Used": 292,"Sort Space Type": "Memory"}],"Plans": [{"Node Type": "Hash Join","Parent Relationship": "Outer","Parallel Aware": false,"Async Capable": false,"Join Type": "Inner","Startup Cost": 475.27,"Total Cost": 20479.67,"Plan Rows": 601,"Plan Width": 116,"Actual Startup Time": 14.275,"Actual Total Time": 790.899,"Actual Rows": 2513,"Actual Loops": 3,"Inner Unique": true,"Hash Cond": "((lineitem.l_suppkey = supplier.s_suppkey) AND (customer.c_nationkey = supplier.s_nationkey))","Workers": [],"Plans": [{"Node Type": "Nested Loop","Parent Relationship": "Outer","Parallel Aware": false,"Async Capable": false,"Join Type": "Inner","Startup Cost": 3.27,"Total Cost": 19928.78,"Plan Rows": 15027,"Plan Width": 128,"Actual Startup Time": 0.573,"Actual Total Time": 745.935,"Actual Rows": 60812,"Actual Loops": 3,"Inner Unique": false,"Workers": [],"Plans": [{"Node Type": "Nested Loop","Parent Relationship": "Outer","Parallel Aware": false,"Async Capable": false,"Join Type": "Inner","Startup Cost": 2.84,"Total Cost": 8414.26,"Plan Rows": 3756,"Plan Width": 116,"Actual Startup Time": 0.447,"Actual Total Time": 445.574,"Actual Rows": 15099,"Actual Loops": 3,"Inner Unique": false,"Workers": [],"Plans": [{"Node Type": "Hash Join","Parent Relationship": "Outer","Parallel Aware": false,"Async Capable": false,"Join Type": "Inner","Startup Cost": 2.41,"Total Cost": 4471.79,"Plan Rows": 2500,"Plan Width": 116,"Actual Startup Time": 0.261,"Actual Total Time": 54.435,"Actual Rows": 9984,"Actual Loops": 3,"Inner Unique": false,"Hash Cond": "(customer.c_nationkey = nation.n_nationkey)","Workers": [],"Plans": [{"Node Type": "Seq Scan","Parent Relationship": "Outer","Parallel Aware": true,"Async Capable": false,"Relation Name": "customer","Alias": "customer","Startup Cost": 0.00,"Total Cost": 4210.00,"Plan Rows": 62500,"Plan Width": 8,"Actual Startup Time": 0.020,"Actual Total Time": 9.427,"Actual Rows": 50000,"Actual Loops": 3,"Workers": []},{"Node Type": "Hash","Parent Relationship": "Inner","Parallel Aware": false,"Async Capable": false,"Startup Cost": 2.40,"Total Cost": 2.40,"Plan Rows": 1,"Plan Width": 108,"Actual Startup Time": 0.147,"Actual Total Time": 0.168,"Actual Rows": 5,"Actual Loops": 3,"Hash Buckets": 1024,"Original Hash Buckets": 1024,"Hash Batches": 1,"Original Hash Batches": 1,"Peak Memory Usage": 9,"Workers": [],"Plans": [{"Node Type": "Hash Join","Parent Relationship": "Outer","Parallel Aware": false,"Async Capable": false,"Join Type": "Inner","Startup Cost": 1.07,"Total Cost": 2.40,"Plan Rows": 1,"Plan Width": 108,"Actual Startup Time": 0.132,"Actual Total Time": 0.158,"Actual Rows": 5,"Actual Loops": 3,"Inner Unique": true,"Hash Cond": "(nation.n_regionkey = region.r_regionkey)","Workers": [],"Plans": [{"Node Type": "Seq Scan","Parent Relationship": "Outer","Parallel Aware": false,"Async Capable": false,"Relation Name": "nation","Alias": "nation","Startup Cost": 0.00,"Total Cost": 1.25,"Plan Rows": 25,"Plan Width": 112,"Actual Startup Time": 0.053,"Actual Total Time": 0.057,"Actual Rows": 25,"Actual Loops": 3,"Workers": []},{"Node Type": "Hash","Parent Relationship": "Inner","Parallel Aware": false,"Async Capable": false,"Startup Cost": 1.06,"Total Cost": 1.06,"Plan Rows": 1,"Plan Width": 4,"Actual Startup Time": 0.054,"Actual Total Time": 0.061,"Actual Rows": 1,"Actual Loops": 3,"Hash Buckets": 1024,"Original Hash Buckets": 1024,"Hash Batches": 1,"Original Hash Batches": 1,"Peak Memory Usage": 9,"Workers": [],"Plans": [{"Node Type": "Seq Scan","Parent Relationship": "Outer","Parallel Aware": false,"Async Capable": false,"Relation Name": "region","Alias": "region","Startup Cost": 0.00,"Total Cost": 1.06,"Plan Rows": 1,"Plan Width": 4,"Actual Startup Time": 0.037,"Actual Total Time": 0.039,"Actual Rows": 1,"Actual Loops": 3,"Filter": "(r_name = 'AMERICA'::bpchar)","Rows Removed by Filter": 4,"Workers": []}]}]}]}]},{"Node Type": "Index Scan","Parent Relationship": "Inner","Parallel Aware": false,"Async Capable": false,"Scan Direction": "Forward","Index Name": "idx_orders_custkey","Relation Name": "orders","Alias": "orders","Startup Cost": 0.43,"Total Cost": 1.55,"Plan Rows": 3,"Plan Width": 8,"Actual Startup Time": 0.016,"Actual Total Time": 0.039,"Actual Rows": 2,"Actual Loops": 29952,"Index Cond": "(o_custkey = customer.c_custkey)","Rows Removed by Index Recheck": 0,"Filter": "((o_orderdate >= '1993-01-01'::date) AND (o_orderdate < '1994-01-01 00:00:00'::timestamp without time zone))","Rows Removed by Filter": 8,"Workers": []}]},{"Node Type": "Index Scan","Parent Relationship": "Inner","Parallel Aware": false,"Async Capable": false,"Scan Direction": "Forward","Index Name": "idx_lineitem_orderkey","Relation Name": "lineitem","Alias": "lineitem","Startup Cost": 0.43,"Total Cost": 2.90,"Plan Rows": 17,"Plan Width": 20,"Actual Startup Time": 0.017,"Actual Total Time": 0.019,"Actual Rows": 4,"Actual Loops": 45297,"Index Cond": "(l_orderkey = orders.o_orderkey)","Rows Removed by Index Recheck": 0,"Workers": []}]},{"Node Type": "Hash","Parent Relationship": "Inner","Parallel Aware": false,"Async Capable": false,"Startup Cost": 322.00,"Total Cost": 322.00,"Plan Rows": 10000,"Plan Width": 8,"Actual Startup Time": 12.653,"Actual Total Time": 12.656,"Actual Rows": 10000,"Actual Loops": 3,"Hash Buckets": 16384,"Original Hash Buckets": 16384,"Hash Batches": 1,"Original Hash Batches": 1,"Peak Memory Usage": 519,"Workers": [],"Plans": [{"Node Type": "Seq Scan","Parent Relationship": "Outer","Parallel Aware": false,"Async Capable": false,"Relation Name": "supplier","Alias": "supplier","Startup Cost": 0.00,"Total Cost": 322.00,"Plan Rows": 10000,"Plan Width": 8,"Actual Startup Time": 0.038,"Actual Total Time": 10.961,"Actual Rows": 10000,"Actual Loops": 3,"Workers": []}]}]}]}]}]}]}]},"Planning Time": 9.512,"Triggers": [],"Execution Time": 833.531}]
[{"Plan": {"Node Type": "Sort","Parallel Aware": false,"Async Capable": false,"Startup Cost": 21565.24,"Total Cost": 21565.30,"Plan Rows": 25,"Plan Width": 136,"Actual Startup Time": 812.920,"Actual Total Time": 845.337,"Actual Rows": 5,"Actual Loops": 1,"Sort Key": ["(sum((lineitem.l_extendedprice * ('1'::numeric - lineitem.l_discount)))) DESC"],"Sort Method": "quicksort","Sort Space Used": 25,"Sort Space Type": "Memory","Plans": [{"Node Type": "Aggregate","Strategy": "Sorted","Partial Mode": "Finalize","Parent Relationship": "Outer","Parallel Aware": false,"Async Capable": false,"Startup Cost": 21550.29,"Total Cost": 21564.66,"Plan Rows": 25,"Plan Width": 136,"Actual Startup Time": 812.284,"Actual Total Time": 845.271,"Actual Rows": 5,"Actual Loops": 1,"Group Key": ["nation.n_name"],"Plans": [{"Node Type": "Gather Merge","Parent Relationship": "Outer","Parallel Aware": false,"Async Capable": false,"Startup Cost": 21550.29,"Total Cost": 21563.97,"Plan Rows": 50,"Plan Width": 136,"Actual Startup Time": 812.043,"Actual Total Time": 845.216,"Actual Rows": 15,"Actual Loops": 1,"Workers Planned": 2,"Workers Launched": 2,"Plans": [{"Node Type": "Aggregate","Strategy": "Sorted","Partial Mode": "Partial","Parent Relationship": "Outer","Parallel Aware": false,"Async Capable": false,"Startup Cost": 20550.26,"Total Cost": 20558.18,"Plan Rows": 25,"Plan Width": 136,"Actual Startup Time": 804.529,"Actual Total Time": 805.274,"Actual Rows": 5,"Actual Loops": 3,"Group Key": ["nation.n_name"],"Workers": [],"Plans": [{"Node Type": "Sort","Parent Relationship": "Outer","Parallel Aware": false,"Async Capable": false,"Startup Cost": 20550.26,"Total Cost": 20551.78,"Plan Rows": 608,"Plan Width": 116,"Actual Startup Time": 804.312,"Actual Total Time": 804.451,"Actual Rows": 2459,"Actual Loops": 3,"Sort Key": ["nation.n_name"],"Sort Method": "quicksort","Sort Space Used": 291,"Sort Space Type": "Memory","Workers": [{"Worker Number": 0,"Sort Method": "quicksort","Sort Space Used": 281,"Sort Space Type": "Memory"},{"Worker Number": 1,"Sort Method": "quicksort","Sort Space Used": 294,"Sort Space Type": "Memory"}],"Plans": [{"Node Type": "Hash Join","Parent Relationship": "Outer","Parallel Aware": false,"Async Capable": false,"Join Type": "Inner","Startup Cost": 475.27,"Total Cost": 20522.15,"Plan Rows": 608,"Plan Width": 116,"Actual Startup Time": 9.963,"Actual Total Time": 802.770,"Actual Rows": 2459,"Actual Loops": 3,"Inner Unique": true,"Hash Cond": "((lineitem.l_suppkey = supplier.s_suppkey) AND (customer.c_nationkey = supplier.s_nationkey))","Workers": [],"Plans": [{"Node Type": "Nested Loop","Parent Relationship": "Outer","Parallel Aware": false,"Async Capable": false,"Join Type": "Inner","Startup Cost": 3.27,"Total Cost": 19970.29,"Plan Rows": 15211,"Plan Width": 128,"Actual Startup Time": 0.726,"Actual Total Time": 761.226,"Actual Rows": 61195,"Actual Loops": 3,"Inner Unique": false,"Workers": [],"Plans": [{"Node Type": "Nested Loop","Parent Relationship": "Outer","Parallel Aware": false,"Async Capable": false,"Join Type": "Inner","Startup Cost": 2.84,"Total Cost": 8414.26,"Plan Rows": 3802,"Plan Width": 116,"Actual Startup Time": 0.590,"Actual Total Time": 455.580,"Actual Rows": 15244,"Actual Loops": 3,"Inner Unique": false,"Workers": [],"Plans": [{"Node Type": "Hash Join","Parent Relationship": "Outer","Parallel Aware": false,"Async Capable": false,"Join Type": "Inner","Startup Cost": 2.41,"Total Cost": 4471.79,"Plan Rows": 2500,"Plan Width": 116,"Actual Startup Time": 0.294,"Actual Total Time": 55.676,"Actual Rows": 10061,"Actual Loops": 3,"Inner Unique": false,"Hash Cond": "(customer.c_nationkey = nation.n_nationkey)","Workers": [],"Plans": [{"Node Type": "Seq Scan","Parent Relationship": "Outer","Parallel Aware": true,"Async Capable": false,"Relation Name": "customer","Alias": "customer","Startup Cost": 0.00,"Total Cost": 4210.00,"Plan Rows": 62500,"Plan Width": 8,"Actual Startup Time": 0.018,"Actual Total Time": 9.635,"Actual Rows": 50000,"Actual Loops": 3,"Workers": []},{"Node Type": "Hash","Parent Relationship": "Inner","Parallel Aware": false,"Async Capable": false,"Startup Cost": 2.40,"Total Cost": 2.40,"Plan Rows": 1,"Plan Width": 108,"Actual Startup Time": 0.169,"Actual Total Time": 0.188,"Actual Rows": 5,"Actual Loops": 3,"Hash Buckets": 1024,"Original Hash Buckets": 1024,"Hash Batches": 1,"Original Hash Batches": 1,"Peak Memory Usage": 9,"Workers": [],"Plans": [{"Node Type": "Hash Join","Parent Relationship": "Outer","Parallel Aware": false,"Async Capable": false,"Join Type": "Inner","Startup Cost": 1.07,"Total Cost": 2.40,"Plan Rows": 1,"Plan Width": 108,"Actual Startup Time": 0.153,"Actual Total Time": 0.175,"Actual Rows": 5,"Actual Loops": 3,"Inner Unique": true,"Hash Cond": "(nation.n_regionkey = region.r_regionkey)","Workers": [],"Plans": [{"Node Type": "Seq Scan","Parent Relationship": "Outer","Parallel Aware": false,"Async Capable": false,"Relation Name": "nation","Alias": "nation","Startup Cost": 0.00,"Total Cost": 1.25,"Plan Rows": 25,"Plan Width": 112,"Actual Startup Time": 0.049,"Actual Total Time": 0.052,"Actual Rows": 25,"Actual Loops": 3,"Workers": []},{"Node Type": "Hash","Parent Relationship": "Inner","Parallel Aware": false,"Async Capable": false,"Startup Cost": 1.06,"Total Cost": 1.06,"Plan Rows": 1,"Plan Width": 4,"Actual Startup Time": 0.069,"Actual Total Time": 0.076,"Actual Rows": 1,"Actual Loops": 3,"Hash Buckets": 1024,"Original Hash Buckets": 1024,"Hash Batches": 1,"Original Hash Batches": 1,"Peak Memory Usage": 9,"Workers": [],"Plans": [{"Node Type": "Seq Scan","Parent Relationship": "Outer","Parallel Aware": false,"Async Capable": false,"Relation Name": "region","Alias": "region","Startup Cost": 0.00,"Total Cost": 1.06,"Plan Rows": 1,"Plan Width": 4,"Actual Startup Time": 0.054,"Actual Total Time": 0.057,"Actual Rows": 1,"Actual Loops": 3,"Filter": "(r_name = 'ASIA'::bpchar)","Rows Removed by Filter": 4,"Workers": []}]}]}]}]},{"Node Type": "Index Scan","Parent Relationship": "Inner","Parallel Aware": false,"Async Capable": false,"Scan Direction": "Forward","Index Name": "idx_orders_custkey","Relation Name": "orders","Alias": "orders","Startup Cost": 0.43,"Total Cost": 1.55,"Plan Rows": 3,"Plan Width": 8,"Actual Startup Time": 0.017,"Actual Total Time": 0.039,"Actual Rows": 2,"Actual Loops": 30183,"Index Cond": "(o_custkey = customer.c_custkey)","Rows Removed by Index Recheck": 0,"Filter": "((o_orderdate >= '1995-01-01'::date) AND (o_orderdate < '1996-01-01 00:00:00'::timestamp without time zone))","Rows Removed by Filter": 8,"Workers": []}]},{"Node Type": "Index Scan","Parent Relationship": "Inner","Parallel Aware": false,"Async Capable": false,"Scan Direction": "Forward","Index Name": "idx_lineitem_orderkey","Relation Name": "lineitem","Alias": "lineitem","Startup Cost": 0.43,"Total Cost": 2.87,"Plan Rows": 17,"Plan Width": 20,"Actual Startup Time": 0.017,"Actual Total Time": 0.019,"Actual Rows": 4,"Actual Loops": 45731,"Index Cond": "(l_orderkey = orders.o_orderkey)","Rows Removed by Index Recheck": 0,"Workers": []}]},{"Node Type": "Hash","Parent Relationship": "Inner","Parallel Aware": false,"Async Capable": false,"Startup Cost": 322.00,"Total Cost": 322.00,"Plan Rows": 10000,"Plan Width": 8,"Actual Startup Time": 8.662,"Actual Total Time": 8.670,"Actual Rows": 10000,"Actual Loops": 3,"Hash Buckets": 16384,"Original Hash Buckets": 16384,"Hash Batches": 1,"Original Hash Batches": 1,"Peak Memory Usage": 519,"Workers": [],"Plans": [{"Node Type": "Seq Scan","Parent Relationship": "Outer","Parallel Aware": false,"Async Capable": false,"Relation Name": "supplier","Alias": "supplier","Startup Cost": 0.00,"Total Cost": 322.00,"Plan Rows": 10000,"Plan Width": 8,"Actual Startup Time": 0.038,"Actual Total Time": 6.811,"Actual Rows": 10000,"Actual Loops": 3,"Workers": []}]}]}]}]}]}]}]},"Planning Time": 10.579,"Triggers": [],"Execution Time": 845.911}]
[{"Plan": {"Node Type": "Sort","Parallel Aware": false,"Async Capable": false,"Startup Cost": 21565.81,"Total Cost": 21565.87,"Plan Rows": 25,"Plan Width": 136,"Actual Startup Time": 826.666,"Actual Total Time": 858.678,"Actual Rows": 5,"Actual Loops": 1,"Sort Key": ["(sum((lineitem.l_extendedprice * ('1'::numeric - lineitem.l_discount)))) DESC"],"Sort Method": "quicksort","Sort Space Used": 25,"Sort Space Type": "Memory","Plans": [{"Node Type": "Aggregate","Strategy": "Sorted","Partial Mode": "Finalize","Parent Relationship": "Outer","Parallel Aware": false,"Async Capable": false,"Startup Cost": 21550.86,"Total Cost": 21565.23,"Plan Rows": 25,"Plan Width": 136,"Actual Startup Time": 825.974,"Actual Total Time": 858.621,"Actual Rows": 5,"Actual Loops": 1,"Group Key": ["nation.n_name"],"Plans": [{"Node Type": "Gather Merge","Parent Relationship": "Outer","Parallel Aware": false,"Async Capable": false,"Startup Cost": 21550.86,"Total Cost": 21564.54,"Plan Rows": 50,"Plan Width": 136,"Actual Startup Time": 825.726,"Actual Total Time": 858.579,"Actual Rows": 15,"Actual Loops": 1,"Workers Planned": 2,"Workers Launched": 2,"Plans": [{"Node Type": "Aggregate","Strategy": "Sorted","Partial Mode": "Partial","Parent Relationship": "Outer","Parallel Aware": false,"Async Capable": false,"Startup Cost": 20550.84,"Total Cost": 20558.75,"Plan Rows": 25,"Plan Width": 136,"Actual Startup Time": 818.223,"Actual Total Time": 818.980,"Actual Rows": 5,"Actual Loops": 3,"Group Key": ["nation.n_name"],"Workers": [],"Plans": [{"Node Type": "Sort","Parent Relationship": "Outer","Parallel Aware": false,"Async Capable": false,"Startup Cost": 20550.84,"Total Cost": 20552.36,"Plan Rows": 608,"Plan Width": 116,"Actual Startup Time": 818.011,"Actual Total Time": 818.145,"Actual Rows": 2489,"Actual Loops": 3,"Sort Key": ["nation.n_name"],"Sort Method": "quicksort","Sort Space Used": 294,"Sort Space Type": "Memory","Workers": [{"Worker Number": 0,"Sort Method": "quicksort","Sort Space Used": 286,"Sort Space Type": "Memory"},{"Worker Number": 1,"Sort Method": "quicksort","Sort Space Used": 292,"Sort Space Type": "Memory"}],"Plans": [{"Node Type": "Hash Join","Parent Relationship": "Outer","Parallel Aware": false,"Async Capable": false,"Join Type": "Inner","Startup Cost": 475.27,"Total Cost": 20522.72,"Plan Rows": 608,"Plan Width": 116,"Actual Startup Time": 11.840,"Actual Total Time": 816.555,"Actual Rows": 2489,"Actual Loops": 3,"Inner Unique": true,"Hash Cond": "((lineitem.l_suppkey = supplier.s_suppkey) AND (customer.c_nationkey = supplier.s_nationkey))","Workers": [],"Plans": [{"Node Type": "Nested Loop","Parent Relationship": "Outer","Parallel Aware": false,"Async Capable": false,"Join Type": "Inner","Startup Cost": 3.27,"Total Cost": 19970.84,"Plan Rows": 15215,"Plan Width": 128,"Actual Startup Time": 0.591,"Actual Total Time": 771.834,"Actual Rows": 60959,"Actual Loops": 3,"Inner Unique": false,"Workers": [],"Plans": [{"Node Type": "Nested Loop","Parent Relationship": "Outer","Parallel Aware": false,"Async Capable": false,"Join Type": "Inner","Startup Cost": 2.84,"Total Cost": 8414.26,"Plan Rows": 3803,"Plan Width": 116,"Actual Startup Time": 0.474,"Actual Total Time": 463.395,"Actual Rows": 15225,"Actual Loops": 3,"Inner Unique": false,"Workers": [],"Plans": [{"Node Type": "Hash Join","Parent Relationship": "Outer","Parallel Aware": false,"Async Capable": false,"Join Type": "Inner","Startup Cost": 2.41,"Total Cost": 4471.79,"Plan Rows": 2500,"Plan Width": 116,"Actual Startup Time": 0.230,"Actual Total Time": 58.477,"Actual Rows": 9984,"Actual Loops": 3,"Inner Unique": false,"Hash Cond": "(customer.c_nationkey = nation.n_nationkey)","Workers": [],"Plans": [{"Node Type": "Seq Scan","Parent Relationship": "Outer","Parallel Aware": true,"Async Capable": false,"Relation Name": "customer","Alias": "customer","Startup Cost": 0.00,"Total Cost": 4210.00,"Plan Rows": 62500,"Plan Width": 8,"Actual Startup Time": 0.016,"Actual Total Time": 10.057,"Actual Rows": 50000,"Actual Loops": 3,"Workers": []},{"Node Type": "Hash","Parent Relationship": "Inner","Parallel Aware": false,"Async Capable": false,"Startup Cost": 2.40,"Total Cost": 2.40,"Plan Rows": 1,"Plan Width": 108,"Actual Startup Time": 0.130,"Actual Total Time": 0.146,"Actual Rows": 5,"Actual Loops": 3,"Hash Buckets": 1024,"Original Hash Buckets": 1024,"Hash Batches": 1,"Original Hash Batches": 1,"Peak Memory Usage": 9,"Workers": [],"Plans": [{"Node Type": "Hash Join","Parent Relationship": "Outer","Parallel Aware": false,"Async Capable": false,"Join Type": "Inner","Startup Cost": 1.07,"Total Cost": 2.40,"Plan Rows": 1,"Plan Width": 108,"Actual Startup Time": 0.116,"Actual Total Time": 0.137,"Actual Rows": 5,"Actual Loops": 3,"Inner Unique": true,"Hash Cond": "(nation.n_regionkey = region.r_regionkey)","Workers": [],"Plans": [{"Node Type": "Seq Scan","Parent Relationship": "Outer","Parallel Aware": false,"Async Capable": false,"Relation Name": "nation","Alias": "nation","Startup Cost": 0.00,"Total Cost": 1.25,"Plan Rows": 25,"Plan Width": 112,"Actual Startup Time": 0.042,"Actual Total Time": 0.045,"Actual Rows": 25,"Actual Loops": 3,"Workers": []},{"Node Type": "Hash","Parent Relationship": "Inner","Parallel Aware": false,"Async Capable": false,"Startup Cost": 1.06,"Total Cost": 1.06,"Plan Rows": 1,"Plan Width": 4,"Actual Startup Time": 0.050,"Actual Total Time": 0.056,"Actual Rows": 1,"Actual Loops": 3,"Hash Buckets": 1024,"Original Hash Buckets": 1024,"Hash Batches": 1,"Original Hash Batches": 1,"Peak Memory Usage": 9,"Workers": [],"Plans": [{"Node Type": "Seq Scan","Parent Relationship": "Outer","Parallel Aware": false,"Async Capable": false,"Relation Name": "region","Alias": "region","Startup Cost": 0.00,"Total Cost": 1.06,"Plan Rows": 1,"Plan Width": 4,"Actual Startup Time": 0.038,"Actual Total Time": 0.040,"Actual Rows": 1,"Actual Loops": 3,"Filter": "(r_name = 'AMERICA'::bpchar)","Rows Removed by Filter": 4,"Workers": []}]}]}]}]},{"Node Type": "Index Scan","Parent Relationship": "Inner","Parallel Aware": false,"Async Capable": false,"Scan Direction": "Forward","Index Name": "idx_orders_custkey","Relation Name": "orders","Alias": "orders","Startup Cost": 0.43,"Total Cost": 1.55,"Plan Rows": 3,"Plan Width": 8,"Actual Startup Time": 0.017,"Actual Total Time": 0.040,"Actual Rows": 2,"Actual Loops": 29952,"Index Cond": "(o_custkey = customer.c_custkey)","Rows Removed by Index Recheck": 0,"Filter": "((o_orderdate >= '1997-01-01'::date) AND (o_orderdate < '1998-01-01 00:00:00'::timestamp without time zone))","Rows Removed by Filter": 8,"Workers": []}]},{"Node Type": "Index Scan","Parent Relationship": "Inner","Parallel Aware": false,"Async Capable": false,"Scan Direction": "Forward","Index Name": "idx_lineitem_orderkey","Relation Name": "lineitem","Alias": "lineitem","Startup Cost": 0.43,"Total Cost": 2.87,"Plan Rows": 17,"Plan Width": 20,"Actual Startup Time": 0.017,"Actual Total Time": 0.020,"Actual Rows": 4,"Actual Loops": 45676,"Index Cond": "(l_orderkey = orders.o_orderkey)","Rows Removed by Index Recheck": 0,"Workers": []}]},{"Node Type": "Hash","Parent Relationship": "Inner","Parallel Aware": false,"Async Capable": false,"Startup Cost": 322.00,"Total Cost": 322.00,"Plan Rows": 10000,"Plan Width": 8,"Actual Startup Time": 10.524,"Actual Total Time": 10.525,"Actual Rows": 10000,"Actual Loops": 3,"Hash Buckets": 16384,"Original Hash Buckets": 16384,"Hash Batches": 1,"Original Hash Batches": 1,"Peak Memory Usage": 519,"Workers": [],"Plans": [{"Node Type": "Seq Scan","Parent Relationship": "Outer","Parallel Aware": false,"Async Capable": false,"Relation Name": "supplier","Alias": "supplier","Startup Cost": 0.00,"Total Cost": 322.00,"Plan Rows": 10000,"Plan Width": 8,"Actual Startup Time": 0.042,"Actual Total Time": 8.814,"Actual Rows": 10000,"Actual Loops": 3,"Workers": []}]}]}]}]}]}]}]},"Planning Time": 10.085,"Triggers": [],"Execution Time": 859.237}]
[{"Plan": {"Node Type": "Sort","Parallel Aware": false,"Async Capable": false,"Startup Cost": 21565.24,"Total Cost": 21565.30,"Plan Rows": 25,"Plan Width": 136,"Actual Startup Time": 829.883,"Actual Total Time": 862.581,"Actual Rows": 5,"Actual Loops": 1,"Sort Key": ["(sum((lineitem.l_extendedprice * ('1'::numeric - lineitem.l_discount)))) DESC"],"Sort Method": "quicksort","Sort Space Used": 25,"Sort Space Type": "Memory","Plans": [{"Node Type": "Aggregate","Strategy": "Sorted","Partial Mode": "Finalize","Parent Relationship": "Outer","Parallel Aware": false,"Async Capable": false,"Startup Cost": 21550.29,"Total Cost": 21564.66,"Plan Rows": 25,"Plan Width": 136,"Actual Startup Time": 829.271,"Actual Total Time": 862.532,"Actual Rows": 5,"Actual Loops": 1,"Group Key": ["nation.n_name"],"Plans": [{"Node Type": "Gather Merge","Parent Relationship": "Outer","Parallel Aware": false,"Async Capable": false,"Startup Cost": 21550.29,"Total Cost": 21563.97,"Plan Rows": 50,"Plan Width": 136,"Actual Startup Time": 829.074,"Actual Total Time": 862.478,"Actual Rows": 15,"Actual Loops": 1,"Workers Planned": 2,"Workers Launched": 2,"Plans": [{"Node Type": "Aggregate","Strategy": "Sorted","Partial Mode": "Partial","Parent Relationship": "Outer","Parallel Aware": false,"Async Capable": false,"Startup Cost": 20550.26,"Total Cost": 20558.18,"Plan Rows": 25,"Plan Width": 136,"Actual Startup Time": 821.816,"Actual Total Time": 822.538,"Actual Rows": 5,"Actual Loops": 3,"Group Key": ["nation.n_name"],"Workers": [],"Plans": [{"Node Type": "Sort","Parent Relationship": "Outer","Parallel Aware": false,"Async Capable": false,"Startup Cost": 20550.26,"Total Cost": 20551.78,"Plan Rows": 608,"Plan Width": 116,"Actual Startup Time": 821.604,"Actual Total Time": 821.730,"Actual Rows": 2468,"Actual Loops": 3,"Sort Key": ["nation.n_name"],"Sort Method": "quicksort","Sort Space Used": 285,"Sort Space Type": "Memory","Workers": [{"Worker Number": 0,"Sort Method": "quicksort","Sort Space Used": 293,"Sort Space Type": "Memory"},{"Worker Number": 1,"Sort Method": "quicksort","Sort Space Used": 290,"Sort Space Type": "Memory"}],"Plans": [{"Node Type": "Hash Join","Parent Relationship": "Outer","Parallel Aware": false,"Async Capable": false,"Join Type": "Inner","Startup Cost": 475.27,"Total Cost": 20522.15,"Plan Rows": 608,"Plan Width": 116,"Actual Startup Time": 10.349,"Actual Total Time": 819.988,"Actual Rows": 2468,"Actual Loops": 3,"Inner Unique": true,"Hash Cond": "((lineitem.l_suppkey = supplier.s_suppkey) AND (customer.c_nationkey = supplier.s_nationkey))","Workers": [],"Plans": [{"Node Type": "Nested Loop","Parent Relationship": "Outer","Parallel Aware": false,"Async Capable": false,"Join Type": "Inner","Startup Cost": 3.27,"Total Cost": 19970.29,"Plan Rows": 15211,"Plan Width": 128,"Actual Startup Time": 0.787,"Actual Total Time": 773.951,"Actual Rows": 61461,"Actual Loops": 3,"Inner Unique": false,"Workers": [],"Plans": [{"Node Type": "Nested Loop","Parent Relationship": "Outer","Parallel Aware": false,"Async Capable": false,"Join Type": "Inner","Startup Cost": 2.84,"Total Cost": 8414.26,"Plan Rows": 3802,"Plan Width": 116,"Actual Startup Time": 0.651,"Actual Total Time": 459.932,"Actual Rows": 15399,"Actual Loops": 3,"Inner Unique": false,"Workers": [],"Plans": [{"Node Type": "Hash Join","Parent Relationship": "Outer","Parallel Aware": false,"Async Capable": false,"Join Type": "Inner","Startup Cost": 2.41,"Total Cost": 4471.79,"Plan Rows": 2500,"Plan Width": 116,"Actual Startup Time": 0.245,"Actual Total Time": 55.063,"Actual Rows": 10066,"Actual Loops": 3,"Inner Unique": false,"Hash Cond": "(customer.c_nationkey = nation.n_nationkey)","Workers": [],"Plans": [{"Node Type": "Seq Scan","Parent Relationship": "Outer","Parallel Aware": true,"Async Capable": false,"Relation Name": "customer","Alias": "customer","Startup Cost": 0.00,"Total Cost": 4210.00,"Plan Rows": 62500,"Plan Width": 8,"Actual Startup Time": 0.014,"Actual Total Time": 9.571,"Actual Rows": 50000,"Actual Loops": 3,"Workers": []},{"Node Type": "Hash","Parent Relationship": "Inner","Parallel Aware": false,"Async Capable": false,"Startup Cost": 2.40,"Total Cost": 2.40,"Plan Rows": 1,"Plan Width": 108,"Actual Startup Time": 0.139,"Actual Total Time": 0.155,"Actual Rows": 5,"Actual Loops": 3,"Hash Buckets": 1024,"Original Hash Buckets": 1024,"Hash Batches": 1,"Original Hash Batches": 1,"Peak Memory Usage": 9,"Workers": [],"Plans": [{"Node Type": "Hash Join","Parent Relationship": "Outer","Parallel Aware": false,"Async Capable": false,"Join Type": "Inner","Startup Cost": 1.07,"Total Cost": 2.40,"Plan Rows": 1,"Plan Width": 108,"Actual Startup Time": 0.126,"Actual Total Time": 0.145,"Actual Rows": 5,"Actual Loops": 3,"Inner Unique": true,"Hash Cond": "(nation.n_regionkey = region.r_regionkey)","Workers": [],"Plans": [{"Node Type": "Seq Scan","Parent Relationship": "Outer","Parallel Aware": false,"Async Capable": false,"Relation Name": "nation","Alias": "nation","Startup Cost": 0.00,"Total Cost": 1.25,"Plan Rows": 25,"Plan Width": 112,"Actual Startup Time": 0.043,"Actual Total Time": 0.047,"Actual Rows": 25,"Actual Loops": 3,"Workers": []},{"Node Type": "Hash","Parent Relationship": "Inner","Parallel Aware": false,"Async Capable": false,"Startup Cost": 1.06,"Total Cost": 1.06,"Plan Rows": 1,"Plan Width": 4,"Actual Startup Time": 0.051,"Actual Total Time": 0.056,"Actual Rows": 1,"Actual Loops": 3,"Hash Buckets": 1024,"Original Hash Buckets": 1024,"Hash Batches": 1,"Original Hash Batches": 1,"Peak Memory Usage": 9,"Workers": [],"Plans": [{"Node Type": "Seq Scan","Parent Relationship": "Outer","Parallel Aware": false,"Async Capable": false,"Relation Name": "region","Alias": "region","Startup Cost": 0.00,"Total Cost": 1.06,"Plan Rows": 1,"Plan Width": 4,"Actual Startup Time": 0.037,"Actual Total Time": 0.039,"Actual Rows": 1,"Actual Loops": 3,"Filter": "(r_name = 'EUROPE'::bpchar)","Rows Removed by Filter": 4,"Workers": []}]}]}]}]},{"Node Type": "Index Scan","Parent Relationship": "Inner","Parallel Aware": false,"Async Capable": false,"Scan Direction": "Forward","Index Name": "idx_orders_custkey","Relation Name": "orders","Alias": "orders","Startup Cost": 0.43,"Total Cost": 1.55,"Plan Rows": 3,"Plan Width": 8,"Actual Startup Time": 0.017,"Actual Total Time": 0.040,"Actual Rows": 2,"Actual Loops": 30197,"Index Cond": "(o_custkey = customer.c_custkey)","Rows Removed by Index Recheck": 0,"Filter": "((o_orderdate >= '1995-01-01'::date) AND (o_orderdate < '1996-01-01 00:00:00'::timestamp without time zone))","Rows Removed by Filter": 9,"Workers": []}]},{"Node Type": "Index Scan","Parent Relationship": "Inner","Parallel Aware": false,"Async Capable": false,"Scan Direction": "Forward","Index Name": "idx_lineitem_orderkey","Relation Name": "lineitem","Alias": "lineitem","Startup Cost": 0.43,"Total Cost": 2.87,"Plan Rows": 17,"Plan Width": 20,"Actual Startup Time": 0.017,"Actual Total Time": 0.020,"Actual Rows": 4,"Actual Loops": 46197,"Index Cond": "(l_orderkey = orders.o_orderkey)","Rows Removed by Index Recheck": 0,"Workers": []}]},{"Node Type": "Hash","Parent Relationship": "Inner","Parallel Aware": false,"Async Capable": false,"Startup Cost": 322.00,"Total Cost": 322.00,"Plan Rows": 10000,"Plan Width": 8,"Actual Startup Time": 8.644,"Actual Total Time": 8.648,"Actual Rows": 10000,"Actual Loops": 3,"Hash Buckets": 16384,"Original Hash Buckets": 16384,"Hash Batches": 1,"Original Hash Batches": 1,"Peak Memory Usage": 519,"Workers": [],"Plans": [{"Node Type": "Seq Scan","Parent Relationship": "Outer","Parallel Aware": false,"Async Capable": false,"Relation Name": "supplier","Alias": "supplier","Startup Cost": 0.00,"Total Cost": 322.00,"Plan Rows": 10000,"Plan Width": 8,"Actual Startup Time": 0.045,"Actual Total Time": 6.681,"Actual Rows": 10000,"Actual Loops": 3,"Workers": []}]}]}]}]}]}]}]},"Planning Time": 10.340,"Triggers": [],"Execution Time": 863.182}]
[{"Plan": {"Node Type": "Sort","Parallel Aware": false,"Async Capable": false,"Startup Cost": 21565.81,"Total Cost": 21565.87,"Plan Rows": 25,"Plan Width": 136,"Actual Startup Time": 826.666,"Actual Total Time": 858.678,"Actual Rows": 5,"Actual Loops": 1,"Sort Key": ["(sum((lineitem.l_extendedprice * ('1'::numeric - lineitem.l_discount)))) DESC"],"Sort Method": "quicksort","Sort Space Used": 25,"Sort Space Type": "Memory","Plans": [{"Node Type": "Aggregate","Strategy": "Sorted","Partial Mode": "Finalize","Parent Relationship": "Outer","Parallel Aware": false,"Async Capable": false,"Startup Cost": 21550.86,"Total Cost": 21565.23,"Plan Rows": 25,"Plan Width": 136,"Actual Startup Time": 825.974,"Actual Total Time": 858.621,"Actual Rows": 5,"Actual Loops": 1,"Group Key": ["nation.n_name"],"Plans": [{"Node Type": "Gather Merge","Parent Relationship": "Outer","Parallel Aware": false,"Async Capable": false,"Startup Cost": 21550.86,"Total Cost": 21564.54,"Plan Rows": 50,"Plan Width": 136,"Actual Startup Time": 825.726,"Actual Total Time": 858.579,"Actual Rows": 15,"Actual Loops": 1,"Workers Planned": 2,"Workers Launched": 2,"Plans": [{"Node Type": "Aggregate","Strategy": "Sorted","Partial Mode": "Partial","Parent Relationship": "Outer","Parallel Aware": false,"Async Capable": false,"Startup Cost": 20550.84,"Total Cost": 20558.75,"Plan Rows": 25,"Plan Width": 136,"Actual Startup Time": 818.223,"Actual Total Time": 818.980,"Actual Rows": 5,"Actual Loops": 3,"Group Key": ["nation.n_name"],"Workers": [],"Plans": [{"Node Type": "Sort","Parent Relationship": "Outer","Parallel Aware": false,"Async Capable": false,"Startup Cost": 20550.84,"Total Cost": 20552.36,"Plan Rows": 608,"Plan Width": 116,"Actual Startup Time": 818.011,"Actual Total Time": 818.145,"Actual Rows": 2489,"Actual Loops": 3,"Sort Key": ["nation.n_name"],"Sort Method": "quicksort","Sort Space Used": 294,"Sort Space Type": "Memory","Workers": [{"Worker Number": 0,"Sort Method": "quicksort","Sort Space Used": 286,"Sort Space Type": "Memory"},{"Worker Number": 1,"Sort Method": "quicksort","Sort Space Used": 292,"Sort Space Type": "Memory"}],"Plans": [{"Node Type": "Hash Join","Parent Relationship": "Outer","Parallel Aware": false,"Async Capable": false,"Join Type": "Inner","Startup Cost": 475.27,"Total Cost": 20522.72,"Plan Rows": 608,"Plan Width": 116,"Actual Startup Time": 11.840,"Actual Total Time": 816.555,"Actual Rows": 2489,"Actual Loops": 3,"Inner Unique": true,"Hash Cond": "((lineitem.l_suppkey = supplier.s_suppkey) AND (customer.c_nationkey = supplier.s_nationkey))","Workers": [],"Plans": [{"Node Type": "Nested Loop","Parent Relationship": "Outer","Parallel Aware": false,"Async Capable": false,"Join Type": "Inner","Startup Cost": 3.27,"Total Cost": 19970.84,"Plan Rows": 15215,"Plan Width": 128,"Actual Startup Time": 0.591,"Actual Total Time": 771.834,"Actual Rows": 60959,"Actual Loops": 3,"Inner Unique": false,"Workers": [],"Plans": [{"Node Type": "Nested Loop","Parent Relationship": "Outer","Parallel Aware": false,"Async Capable": false,"Join Type": "Inner","Startup Cost": 2.84,"Total Cost": 8414.26,"Plan Rows": 3803,"Plan Width": 116,"Actual Startup Time": 0.474,"Actual Total Time": 463.395,"Actual Rows": 15225,"Actual Loops": 3,"Inner Unique": false,"Workers": [],"Plans": [{"Node Type": "Hash Join","Parent Relationship": "Outer","Parallel Aware": false,"Async Capable": false,"Join Type": "Inner","Startup Cost": 2.41,"Total Cost": 4471.79,"Plan Rows": 2500,"Plan Width": 116,"Actual Startup Time": 0.230,"Actual Total Time": 58.477,"Actual Rows": 9984,"Actual Loops": 3,"Inner Unique": false,"Hash Cond": "(customer.c_nationkey = nation.n_nationkey)","Workers": [],"Plans": [{"Node Type": "Seq Scan","Parent Relationship": "Outer","Parallel Aware": true,"Async Capable": false,"Relation Name": "customer","Alias": "customer","Startup Cost": 0.00,"Total Cost": 4210.00,"Plan Rows": 62500,"Plan Width": 8,"Actual Startup Time": 0.016,"Actual Total Time": 10.057,"Actual Rows": 50000,"Actual Loops": 3,"Workers": []},{"Node Type": "Hash","Parent Relationship": "Inner","Parallel Aware": false,"Async Capable": false,"Startup Cost": 2.40,"Total Cost": 2.40,"Plan Rows": 1,"Plan Width": 108,"Actual Startup Time": 0.130,"Actual Total Time": 0.146,"Actual Rows": 5,"Actual Loops": 3,"Hash Buckets": 1024,"Original Hash Buckets": 1024,"Hash Batches": 1,"Original Hash Batches": 1,"Peak Memory Usage": 9,"Workers": [],"Plans": [{"Node Type": "Hash Join","Parent Relationship": "Outer","Parallel Aware": false,"Async Capable": false,"Join Type": "Inner","Startup Cost": 1.07,"Total Cost": 2.40,"Plan Rows": 1,"Plan Width": 108,"Actual Startup Time": 0.116,"Actual Total Time": 0.137,"Actual Rows": 5,"Actual Loops": 3,"Inner Unique": true,"Hash Cond": "(nation.n_regionkey = region.r_regionkey)","Workers": [],"Plans": [{"Node Type": "Seq Scan","Parent Relationship": "Outer","Parallel Aware": false,"Async Capable": false,"Relation Name": "nation","Alias": "nation","Startup Cost": 0.00,"Total Cost": 1.25,"Plan Rows": 25,"Plan Width": 112,"Actual Startup Time": 0.042,"Actual Total Time": 0.045,"Actual Rows": 25,"Actual Loops": 3,"Workers": []},{"Node Type": "Hash","Parent Relationship": "Inner","Parallel Aware": false,"Async Capable": false,"Startup Cost": 1.06,"Total Cost": 1.06,"Plan Rows": 1,"Plan Width": 4,"Actual Startup Time": 0.050,"Actual Total Time": 0.056,"Actual Rows": 1,"Actual Loops": 3,"Hash Buckets": 1024,"Original Hash Buckets": 1024,"Hash Batches": 1,"Original Hash Batches": 1,"Peak Memory Usage": 9,"Workers": [],"Plans": [{"Node Type": "Seq Scan","Parent Relationship": "Outer","Parallel Aware": false,"Async Capable": false,"Relation Name": "region","Alias": "region","Startup Cost": 0.00,"Total Cost": 1.06,"Plan Rows": 1,"Plan Width": 4,"Actual Startup Time": 0.038,"Actual Total Time": 0.040,"Actual Rows": 1,"Actual Loops": 3,"Filter": "(r_name = 'AMERICA'::bpchar)","Rows Removed by Filter": 4,"Workers": []}]}]}]}]},{"Node Type": "Index Scan","Parent Relationship": "Inner","Parallel Aware": false,"Async Capable": false,"Scan Direction": "Forward","Index Name": "idx_orders_custkey","Relation Name": "orders","Alias": "orders","Startup Cost": 0.43,"Total Cost": 1.55,"Plan Rows": 3,"Plan Width": 8,"Actual Startup Time": 0.017,"Actual Total Time": 0.040,"Actual Rows": 2,"Actual Loops": 29952,"Index Cond": "(o_custkey = customer.c_custkey)","Rows Removed by Index Recheck": 0,"Filter": "((o_orderdate >= '1997-01-01'::date) AND (o_orderdate < '1998-01-01 00:00:00'::timestamp without time zone))","Rows Removed by Filter": 8,"Workers": []}]},{"Node Type": "Index Scan","Parent Relationship": "Inner","Parallel Aware": false,"Async Capable": false,"Scan Direction": "Forward","Index Name": "idx_lineitem_orderkey","Relation Name": "lineitem","Alias": "lineitem","Startup Cost": 0.43,"Total Cost": 2.87,"Plan Rows": 17,"Plan Width": 20,"Actual Startup Time": 0.017,"Actual Total Time": 0.020,"Actual Rows": 4,"Actual Loops": 45676,"Index Cond": "(l_orderkey = orders.o_orderkey)","Rows Removed by Index Recheck": 0,"Workers": []}]},{"Node Type": "Hash","Parent Relationship": "Inner","Parallel Aware": false,"Async Capable": false,"Startup Cost": 322.00,"Total Cost": 322.00,"Plan Rows": 10000,"Plan Width": 8,"Actual Startup Time": 10.524,"Actual Total Time": 10.525,"Actual Rows": 10000,"Actual Loops": 3,"Hash Buckets": 16384,"Original Hash Buckets": 16384,"Hash Batches": 1,"Original Hash Batches": 1,"Peak Memory Usage": 519,"Workers": [],"Plans": [{"Node Type": "Seq Scan","Parent Relationship": "Outer","Parallel Aware": false,"Async Capable": false,"Relation Name": "supplier","Alias": "supplier","Startup Cost": 0.00,"Total Cost": 322.00,"Plan Rows": 10000,"Plan Width": 8,"Actual Startup Time": 0.042,"Actual Total Time": 8.814,"Actual Rows": 10000,"Actual Loops": 3,"Workers": []}]}]}]}]}]}]}]},"Planning Time": 10.085,"Triggers": [],"Execution Time": 859.237}]
[{"Plan": {"Node Type": "Sort","Parallel Aware": false,"Async Capable": false,"Startup Cost": 21522.30,"Total Cost": 21522.36,"Plan Rows": 25,"Plan Width": 136,"Actual Startup Time": 815.371,"Actual Total Time": 846.364,"Actual Rows": 5,"Actual Loops": 1,"Sort Key": ["(sum((lineitem.l_extendedprice * ('1'::numeric - lineitem.l_discount)))) DESC"],"Sort Method": "quicksort","Sort Space Used": 25,"Sort Space Type": "Memory","Plans": [{"Node Type": "Aggregate","Strategy": "Sorted","Partial Mode": "Finalize","Parent Relationship": "Outer","Parallel Aware": false,"Async Capable": false,"Startup Cost": 21507.43,"Total Cost": 21521.72,"Plan Rows": 25,"Plan Width": 136,"Actual Startup Time": 814.708,"Actual Total Time": 846.319,"Actual Rows": 5,"Actual Loops": 1,"Group Key": ["nation.n_name"],"Plans": [{"Node Type": "Gather Merge","Parent Relationship": "Outer","Parallel Aware": false,"Async Capable": false,"Startup Cost": 21507.43,"Total Cost": 21521.03,"Plan Rows": 50,"Plan Width": 136,"Actual Startup Time": 814.181,"Actual Total Time": 846.266,"Actual Rows": 15,"Actual Loops": 1,"Workers Planned": 2,"Workers Launched": 2,"Plans": [{"Node Type": "Aggregate","Strategy": "Sorted","Partial Mode": "Partial","Parent Relationship": "Outer","Parallel Aware": false,"Async Capable": false,"Startup Cost": 20507.41,"Total Cost": 20515.23,"Plan Rows": 25,"Plan Width": 136,"Actual Startup Time": 806.060,"Actual Total Time": 806.902,"Actual Rows": 5,"Actual Loops": 3,"Group Key": ["nation.n_name"],"Workers": [],"Plans": [{"Node Type": "Sort","Parent Relationship": "Outer","Parallel Aware": false,"Async Capable": false,"Startup Cost": 20507.41,"Total Cost": 20508.91,"Plan Rows": 601,"Plan Width": 116,"Actual Startup Time": 805.845,"Actual Total Time": 805.988,"Actual Rows": 2405,"Actual Loops": 3,"Sort Key": ["nation.n_name"],"Sort Method": "quicksort","Sort Space Used": 288,"Sort Space Type": "Memory","Workers": [{"Worker Number": 0,"Sort Method": "quicksort","Sort Space Used": 282,"Sort Space Type": "Memory"},{"Worker Number": 1,"Sort Method": "quicksort","Sort Space Used": 284,"Sort Space Type": "Memory"}],"Plans": [{"Node Type": "Hash Join","Parent Relationship": "Outer","Parallel Aware": false,"Async Capable": false,"Join Type": "Inner","Startup Cost": 475.27,"Total Cost": 20479.67,"Plan Rows": 601,"Plan Width": 116,"Actual Startup Time": 14.857,"Actual Total Time": 804.339,"Actual Rows": 2405,"Actual Loops": 3,"Inner Unique": true,"Hash Cond": "((lineitem.l_suppkey = supplier.s_suppkey) AND (customer.c_nationkey = supplier.s_nationkey))","Workers": [],"Plans": [{"Node Type": "Nested Loop","Parent Relationship": "Outer","Parallel Aware": false,"Async Capable": false,"Join Type": "Inner","Startup Cost": 3.27,"Total Cost": 19928.78,"Plan Rows": 15027,"Plan Width": 128,"Actual Startup Time": 0.928,"Actual Total Time": 758.714,"Actual Rows": 60519,"Actual Loops": 3,"Inner Unique": false,"Workers": [],"Plans": [{"Node Type": "Nested Loop","Parent Relationship": "Outer","Parallel Aware": false,"Async Capable": false,"Join Type": "Inner","Startup Cost": 2.84,"Total Cost": 8414.26,"Plan Rows": 3756,"Plan Width": 116,"Actual Startup Time": 0.799,"Actual Total Time": 454.413,"Actual Rows": 15151,"Actual Loops": 3,"Inner Unique": false,"Workers": [],"Plans": [{"Node Type": "Hash Join","Parent Relationship": "Outer","Parallel Aware": false,"Async Capable": false,"Join Type": "Inner","Startup Cost": 2.41,"Total Cost": 4471.79,"Plan Rows": 2500,"Plan Width": 116,"Actual Startup Time": 0.321,"Actual Total Time": 54.810,"Actual Rows": 10061,"Actual Loops": 3,"Inner Unique": false,"Hash Cond": "(customer.c_nationkey = nation.n_nationkey)","Workers": [],"Plans": [{"Node Type": "Seq Scan","Parent Relationship": "Outer","Parallel Aware": true,"Async Capable": false,"Relation Name": "customer","Alias": "customer","Startup Cost": 0.00,"Total Cost": 4210.00,"Plan Rows": 62500,"Plan Width": 8,"Actual Startup Time": 0.016,"Actual Total Time": 9.647,"Actual Rows": 50000,"Actual Loops": 3,"Workers": []},{"Node Type": "Hash","Parent Relationship": "Inner","Parallel Aware": false,"Async Capable": false,"Startup Cost": 2.40,"Total Cost": 2.40,"Plan Rows": 1,"Plan Width": 108,"Actual Startup Time": 0.190,"Actual Total Time": 0.209,"Actual Rows": 5,"Actual Loops": 3,"Hash Buckets": 1024,"Original Hash Buckets": 1024,"Hash Batches": 1,"Original Hash Batches": 1,"Peak Memory Usage": 9,"Workers": [],"Plans": [{"Node Type": "Hash Join","Parent Relationship": "Outer","Parallel Aware": false,"Async Capable": false,"Join Type": "Inner","Startup Cost": 1.07,"Total Cost": 2.40,"Plan Rows": 1,"Plan Width": 108,"Actual Startup Time": 0.173,"Actual Total Time": 0.196,"Actual Rows": 5,"Actual Loops": 3,"Inner Unique": true,"Hash Cond": "(nation.n_regionkey = region.r_regionkey)","Workers": [],"Plans": [{"Node Type": "Seq Scan","Parent Relationship": "Outer","Parallel Aware": false,"Async Capable": false,"Relation Name": "nation","Alias": "nation","Startup Cost": 0.00,"Total Cost": 1.25,"Plan Rows": 25,"Plan Width": 112,"Actual Startup Time": 0.080,"Actual Total Time": 0.084,"Actual Rows": 25,"Actual Loops": 3,"Workers": []},{"Node Type": "Hash","Parent Relationship": "Inner","Parallel Aware": false,"Async Capable": false,"Startup Cost": 1.06,"Total Cost": 1.06,"Plan Rows": 1,"Plan Width": 4,"Actual Startup Time": 0.060,"Actual Total Time": 0.067,"Actual Rows": 1,"Actual Loops": 3,"Hash Buckets": 1024,"Original Hash Buckets": 1024,"Hash Batches": 1,"Original Hash Batches": 1,"Peak Memory Usage": 9,"Workers": [],"Plans": [{"Node Type": "Seq Scan","Parent Relationship": "Outer","Parallel Aware": false,"Async Capable": false,"Relation Name": "region","Alias": "region","Startup Cost": 0.00,"Total Cost": 1.06,"Plan Rows": 1,"Plan Width": 4,"Actual Startup Time": 0.046,"Actual Total Time": 0.049,"Actual Rows": 1,"Actual Loops": 3,"Filter": "(r_name = 'ASIA'::bpchar)","Rows Removed by Filter": 4,"Workers": []}]}]}]}]},{"Node Type": "Index Scan","Parent Relationship": "Inner","Parallel Aware": false,"Async Capable": false,"Scan Direction": "Forward","Index Name": "idx_orders_custkey","Relation Name": "orders","Alias": "orders","Startup Cost": 0.43,"Total Cost": 1.55,"Plan Rows": 3,"Plan Width": 8,"Actual Startup Time": 0.017,"Actual Total Time": 0.039,"Actual Rows": 2,"Actual Loops": 30183,"Index Cond": "(o_custkey = customer.c_custkey)","Rows Removed by Index Recheck": 0,"Filter": "((o_orderdate >= '1993-01-01'::date) AND (o_orderdate < '1994-01-01 00:00:00'::timestamp without time zone))","Rows Removed by Filter": 8,"Workers": []}]},{"Node Type": "Index Scan","Parent Relationship": "Inner","Parallel Aware": false,"Async Capable": false,"Scan Direction": "Forward","Index Name": "idx_lineitem_orderkey","Relation Name": "lineitem","Alias": "lineitem","Startup Cost": 0.43,"Total Cost": 2.90,"Plan Rows": 17,"Plan Width": 20,"Actual Startup Time": 0.017,"Actual Total Time": 0.019,"Actual Rows": 4,"Actual Loops": 45452,"Index Cond": "(l_orderkey = orders.o_orderkey)","Rows Removed by Index Recheck": 0,"Workers": []}]},{"Node Type": "Hash","Parent Relationship": "Inner","Parallel Aware": false,"Async Capable": false,"Startup Cost": 322.00,"Total Cost": 322.00,"Plan Rows": 10000,"Plan Width": 8,"Actual Startup Time": 13.249,"Actual Total Time": 13.253,"Actual Rows": 10000,"Actual Loops": 3,"Hash Buckets": 16384,"Original Hash Buckets": 16384,"Hash Batches": 1,"Original Hash Batches": 1,"Peak Memory Usage": 519,"Workers": [],"Plans": [{"Node Type": "Seq Scan","Parent Relationship": "Outer","Parallel Aware": false,"Async Capable": false,"Relation Name": "supplier","Alias": "supplier","Startup Cost": 0.00,"Total Cost": 322.00,"Plan Rows": 10000,"Plan Width": 8,"Actual Startup Time": 0.061,"Actual Total Time": 11.553,"Actual Rows": 10000,"Actual Loops": 3,"Workers": []}]}]}]}]}]}]}]},"Planning Time": 10.259,"Triggers": [],"Execution Time": 846.817}]
[{"Plan": {"Node Type": "Sort","Parallel Aware": false,"Async Capable": false,"Startup Cost": 21612.43,"Total Cost": 21612.50,"Plan Rows": 25,"Plan Width": 136,"Actual Startup Time": 812.208,"Actual Total Time": 844.906,"Actual Rows": 5,"Actual Loops": 1,"Sort Key": ["(sum((lineitem.l_extendedprice * ('1'::numeric - lineitem.l_discount)))) DESC"],"Sort Method": "quicksort","Sort Space Used": 25,"Sort Space Type": "Memory","Plans": [{"Node Type": "Aggregate","Strategy": "Sorted","Partial Mode": "Finalize","Parent Relationship": "Outer","Parallel Aware": false,"Async Capable": false,"Startup Cost": 21597.38,"Total Cost": 21611.85,"Plan Rows": 25,"Plan Width": 136,"Actual Startup Time": 811.577,"Actual Total Time": 844.848,"Actual Rows": 5,"Actual Loops": 1,"Group Key": ["nation.n_name"],"Plans": [{"Node Type": "Gather Merge","Parent Relationship": "Outer","Parallel Aware": false,"Async Capable": false,"Startup Cost": 21597.38,"Total Cost": 21611.17,"Plan Rows": 50,"Plan Width": 136,"Actual Startup Time": 811.381,"Actual Total Time": 844.798,"Actual Rows": 15,"Actual Loops": 1,"Workers Planned": 2,"Workers Launched": 2,"Plans": [{"Node Type": "Aggregate","Strategy": "Sorted","Partial Mode": "Partial","Parent Relationship": "Outer","Parallel Aware": false,"Async Capable": false,"Startup Cost": 20597.36,"Total Cost": 20605.37,"Plan Rows": 25,"Plan Width": 136,"Actual Startup Time": 803.972,"Actual Total Time": 804.698,"Actual Rows": 5,"Actual Loops": 3,"Group Key": ["nation.n_name"],"Workers": [],"Plans": [{"Node Type": "Sort","Parent Relationship": "Outer","Parallel Aware": false,"Async Capable": false,"Startup Cost": 20597.36,"Total Cost": 20598.90,"Plan Rows": 616,"Plan Width": 116,"Actual Startup Time": 803.767,"Actual Total Time": 803.896,"Actual Rows": 2458,"Actual Loops": 3,"Sort Key": ["nation.n_name"],"Sort Method": "quicksort","Sort Space Used": 292,"Sort Space Type": "Memory","Workers": [{"Worker Number": 0,"Sort Method": "quicksort","Sort Space Used": 287,"Sort Space Type": "Memory"},{"Worker Number": 1,"Sort Method": "quicksort","Sort Space Used": 286,"Sort Space Type": "Memory"}],"Plans": [{"Node Type": "Hash Join","Parent Relationship": "Outer","Parallel Aware": false,"Async Capable": false,"Join Type": "Inner","Startup Cost": 475.27,"Total Cost": 20568.82,"Plan Rows": 616,"Plan Width": 116,"Actual Startup Time": 9.755,"Actual Total Time": 802.240,"Actual Rows": 2458,"Actual Loops": 3,"Inner Unique": true,"Hash Cond": "((lineitem.l_suppkey = supplier.s_suppkey) AND (customer.c_nationkey = supplier.s_nationkey))","Workers": [],"Plans": [{"Node Type": "Nested Loop","Parent Relationship": "Outer","Parallel Aware": false,"Async Capable": false,"Join Type": "Inner","Startup Cost": 3.27,"Total Cost": 20015.89,"Plan Rows": 15415,"Plan Width": 128,"Actual Startup Time": 0.708,"Actual Total Time": 760.379,"Actual Rows": 60417,"Actual Loops": 3,"Inner Unique": false,"Workers": [],"Plans": [{"Node Type": "Nested Loop","Parent Relationship": "Outer","Parallel Aware": false,"Async Capable": false,"Join Type": "Inner","Startup Cost": 2.84,"Total Cost": 8414.26,"Plan Rows": 3853,"Plan Width": 116,"Actual Startup Time": 0.563,"Actual Total Time": 454.038,"Actual Rows": 15112,"Actual Loops": 3,"Inner Unique": false,"Workers": [],"Plans": [{"Node Type": "Hash Join","Parent Relationship": "Outer","Parallel Aware": false,"Async Capable": false,"Join Type": "Inner","Startup Cost": 2.41,"Total Cost": 4471.79,"Plan Rows": 2500,"Plan Width": 116,"Actual Startup Time": 0.264,"Actual Total Time": 54.641,"Actual Rows": 9984,"Actual Loops": 3,"Inner Unique": false,"Hash Cond": "(customer.c_nationkey = nation.n_nationkey)","Workers": [],"Plans": [{"Node Type": "Seq Scan","Parent Relationship": "Outer","Parallel Aware": true,"Async Capable": false,"Relation Name": "customer","Alias": "customer","Startup Cost": 0.00,"Total Cost": 4210.00,"Plan Rows": 62500,"Plan Width": 8,"Actual Startup Time": 0.019,"Actual Total Time": 9.602,"Actual Rows": 50000,"Actual Loops": 3,"Workers": []},{"Node Type": "Hash","Parent Relationship": "Inner","Parallel Aware": false,"Async Capable": false,"Startup Cost": 2.40,"Total Cost": 2.40,"Plan Rows": 1,"Plan Width": 108,"Actual Startup Time": 0.143,"Actual Total Time": 0.163,"Actual Rows": 5,"Actual Loops": 3,"Hash Buckets": 1024,"Original Hash Buckets": 1024,"Hash Batches": 1,"Original Hash Batches": 1,"Peak Memory Usage": 9,"Workers": [],"Plans": [{"Node Type": "Hash Join","Parent Relationship": "Outer","Parallel Aware": false,"Async Capable": false,"Join Type": "Inner","Startup Cost": 1.07,"Total Cost": 2.40,"Plan Rows": 1,"Plan Width": 108,"Actual Startup Time": 0.129,"Actual Total Time": 0.153,"Actual Rows": 5,"Actual Loops": 3,"Inner Unique": true,"Hash Cond": "(nation.n_regionkey = region.r_regionkey)","Workers": [],"Plans": [{"Node Type": "Seq Scan","Parent Relationship": "Outer","Parallel Aware": false,"Async Capable": false,"Relation Name": "nation","Alias": "nation","Startup Cost": 0.00,"Total Cost": 1.25,"Plan Rows": 25,"Plan Width": 112,"Actual Startup Time": 0.046,"Actual Total Time": 0.051,"Actual Rows": 25,"Actual Loops": 3,"Workers": []},{"Node Type": "Hash","Parent Relationship": "Inner","Parallel Aware": false,"Async Capable": false,"Startup Cost": 1.06,"Total Cost": 1.06,"Plan Rows": 1,"Plan Width": 4,"Actual Startup Time": 0.053,"Actual Total Time": 0.059,"Actual Rows": 1,"Actual Loops": 3,"Hash Buckets": 1024,"Original Hash Buckets": 1024,"Hash Batches": 1,"Original Hash Batches": 1,"Peak Memory Usage": 9,"Workers": [],"Plans": [{"Node Type": "Seq Scan","Parent Relationship": "Outer","Parallel Aware": false,"Async Capable": false,"Relation Name": "region","Alias": "region","Startup Cost": 0.00,"Total Cost": 1.06,"Plan Rows": 1,"Plan Width": 4,"Actual Startup Time": 0.038,"Actual Total Time": 0.040,"Actual Rows": 1,"Actual Loops": 3,"Filter": "(r_name = 'AMERICA'::bpchar)","Rows Removed by Filter": 4,"Workers": []}]}]}]}]},{"Node Type": "Index Scan","Parent Relationship": "Inner","Parallel Aware": false,"Async Capable": false,"Scan Direction": "Forward","Index Name": "idx_orders_custkey","Relation Name": "orders","Alias": "orders","Startup Cost": 0.43,"Total Cost": 1.55,"Plan Rows": 3,"Plan Width": 8,"Actual Startup Time": 0.017,"Actual Total Time": 0.040,"Actual Rows": 2,"Actual Loops": 29952,"Index Cond": "(o_custkey = customer.c_custkey)","Rows Removed by Index Recheck": 0,"Filter": "((o_orderdate >= '1994-01-01'::date) AND (o_orderdate < '1995-01-01 00:00:00'::timestamp without time zone))","Rows Removed by Filter": 8,"Workers": []}]},{"Node Type": "Index Scan","Parent Relationship": "Inner","Parallel Aware": false,"Async Capable": false,"Scan Direction": "Forward","Index Name": "idx_lineitem_orderkey","Relation Name": "lineitem","Alias": "lineitem","Startup Cost": 0.43,"Total Cost": 2.84,"Plan Rows": 17,"Plan Width": 20,"Actual Startup Time": 0.017,"Actual Total Time": 0.020,"Actual Rows": 4,"Actual Loops": 45335,"Index Cond": "(l_orderkey = orders.o_orderkey)","Rows Removed by Index Recheck": 0,"Workers": []}]},{"Node Type": "Hash","Parent Relationship": "Inner","Parallel Aware": false,"Async Capable": false,"Startup Cost": 322.00,"Total Cost": 322.00,"Plan Rows": 10000,"Plan Width": 8,"Actual Startup Time": 8.509,"Actual Total Time": 8.512,"Actual Rows": 10000,"Actual Loops": 3,"Hash Buckets": 16384,"Original Hash Buckets": 16384,"Hash Batches": 1,"Original Hash Batches": 1,"Peak Memory Usage": 519,"Workers": [],"Plans": [{"Node Type": "Seq Scan","Parent Relationship": "Outer","Parallel Aware": false,"Async Capable": false,"Relation Name": "supplier","Alias": "supplier","Startup Cost": 0.00,"Total Cost": 322.00,"Plan Rows": 10000,"Plan Width": 8,"Actual Startup Time": 0.036,"Actual Total Time": 6.673,"Actual Rows": 10000,"Actual Loops": 3,"Workers": []}]}]}]}]}]}]}]},"Planning Time": 10.649,"Triggers": [],"Execution Time": 845.482}]
[{"Plan": {"Node Type": "Sort","Parallel Aware": false,"Async Capable": false,"Startup Cost": 21616.39,"Total Cost": 21616.45,"Plan Rows": 25,"Plan Width": 136,"Actual Startup Time": 802.725,"Actual Total Time": 834.940,"Actual Rows": 5,"Actual Loops": 1,"Sort Key": ["(sum((lineitem.l_extendedprice * ('1'::numeric - lineitem.l_discount)))) DESC"],"Sort Method": "quicksort","Sort Space Used": 25,"Sort Space Type": "Memory","Plans": [{"Node Type": "Aggregate","Strategy": "Sorted","Partial Mode": "Finalize","Parent Relationship": "Outer","Parallel Aware": false,"Async Capable": false,"Startup Cost": 21601.33,"Total Cost": 21615.81,"Plan Rows": 25,"Plan Width": 136,"Actual Startup Time": 802.089,"Actual Total Time": 834.889,"Actual Rows": 5,"Actual Loops": 1,"Group Key": ["nation.n_name"],"Plans": [{"Node Type": "Gather Merge","Parent Relationship": "Outer","Parallel Aware": false,"Async Capable": false,"Startup Cost": 21601.33,"Total Cost": 21615.12,"Plan Rows": 50,"Plan Width": 136,"Actual Startup Time": 801.869,"Actual Total Time": 834.838,"Actual Rows": 15,"Actual Loops": 1,"Workers Planned": 2,"Workers Launched": 2,"Plans": [{"Node Type": "Aggregate","Strategy": "Sorted","Partial Mode": "Partial","Parent Relationship": "Outer","Parallel Aware": false,"Async Capable": false,"Startup Cost": 20601.30,"Total Cost": 20609.33,"Plan Rows": 25,"Plan Width": 136,"Actual Startup Time": 794.218,"Actual Total Time": 794.940,"Actual Rows": 5,"Actual Loops": 3,"Group Key": ["nation.n_name"],"Workers": [],"Plans": [{"Node Type": "Sort","Parent Relationship": "Outer","Parallel Aware": false,"Async Capable": false,"Startup Cost": 20601.30,"Total Cost": 20602.85,"Plan Rows": 617,"Plan Width": 116,"Actual Startup Time": 793.996,"Actual Total Time": 794.120,"Actual Rows": 2469,"Actual Loops": 3,"Sort Key": ["nation.n_name"],"Sort Method": "quicksort","Sort Space Used": 296,"Sort Space Type": "Memory","Workers": [{"Worker Number": 0,"Sort Method": "quicksort","Sort Space Used": 284,"Sort Space Type": "Memory"},{"Worker Number": 1,"Sort Method": "quicksort","Sort Space Used": 288,"Sort Space Type": "Memory"}],"Plans": [{"Node Type": "Hash Join","Parent Relationship": "Outer","Parallel Aware": false,"Async Capable": false,"Join Type": "Inner","Startup Cost": 475.27,"Total Cost": 20572.71,"Plan Rows": 617,"Plan Width": 116,"Actual Startup Time": 14.848,"Actual Total Time": 792.432,"Actual Rows": 2469,"Actual Loops": 3,"Inner Unique": true,"Hash Cond": "((lineitem.l_suppkey = supplier.s_suppkey) AND (customer.c_nationkey = supplier.s_nationkey))","Workers": [],"Plans": [{"Node Type": "Nested Loop","Parent Relationship": "Outer","Parallel Aware": false,"Async Capable": false,"Join Type": "Inner","Startup Cost": 3.27,"Total Cost": 20019.70,"Plan Rows": 15431,"Plan Width": 128,"Actual Startup Time": 0.724,"Actual Total Time": 746.203,"Actual Rows": 60646,"Actual Loops": 3,"Inner Unique": false,"Workers": [],"Plans": [{"Node Type": "Nested Loop","Parent Relationship": "Outer","Parallel Aware": false,"Async Capable": false,"Join Type": "Inner","Startup Cost": 2.84,"Total Cost": 8414.26,"Plan Rows": 3857,"Plan Width": 116,"Actual Startup Time": 0.603,"Actual Total Time": 446.704,"Actual Rows": 15077,"Actual Loops": 3,"Inner Unique": false,"Workers": [],"Plans": [{"Node Type": "Hash Join","Parent Relationship": "Outer","Parallel Aware": false,"Async Capable": false,"Join Type": "Inner","Startup Cost": 2.41,"Total Cost": 4471.79,"Plan Rows": 2500,"Plan Width": 116,"Actual Startup Time": 0.232,"Actual Total Time": 54.148,"Actual Rows": 9968,"Actual Loops": 3,"Inner Unique": false,"Hash Cond": "(customer.c_nationkey = nation.n_nationkey)","Workers": [],"Plans": [{"Node Type": "Seq Scan","Parent Relationship": "Outer","Parallel Aware": true,"Async Capable": false,"Relation Name": "customer","Alias": "customer","Startup Cost": 0.00,"Total Cost": 4210.00,"Plan Rows": 62500,"Plan Width": 8,"Actual Startup Time": 0.016,"Actual Total Time": 9.432,"Actual Rows": 50000,"Actual Loops": 3,"Workers": []},{"Node Type": "Hash","Parent Relationship": "Inner","Parallel Aware": false,"Async Capable": false,"Startup Cost": 2.40,"Total Cost": 2.40,"Plan Rows": 1,"Plan Width": 108,"Actual Startup Time": 0.135,"Actual Total Time": 0.148,"Actual Rows": 5,"Actual Loops": 3,"Hash Buckets": 1024,"Original Hash Buckets": 1024,"Hash Batches": 1,"Original Hash Batches": 1,"Peak Memory Usage": 9,"Workers": [],"Plans": [{"Node Type": "Hash Join","Parent Relationship": "Outer","Parallel Aware": false,"Async Capable": false,"Join Type": "Inner","Startup Cost": 1.07,"Total Cost": 2.40,"Plan Rows": 1,"Plan Width": 108,"Actual Startup Time": 0.120,"Actual Total Time": 0.140,"Actual Rows": 5,"Actual Loops": 3,"Inner Unique": true,"Hash Cond": "(nation.n_regionkey = region.r_regionkey)","Workers": [],"Plans": [{"Node Type": "Seq Scan","Parent Relationship": "Outer","Parallel Aware": false,"Async Capable": false,"Relation Name": "nation","Alias": "nation","Startup Cost": 0.00,"Total Cost": 1.25,"Plan Rows": 25,"Plan Width": 112,"Actual Startup Time": 0.048,"Actual Total Time": 0.052,"Actual Rows": 25,"Actual Loops": 3,"Workers": []},{"Node Type": "Hash","Parent Relationship": "Inner","Parallel Aware": false,"Async Capable": false,"Startup Cost": 1.06,"Total Cost": 1.06,"Plan Rows": 1,"Plan Width": 4,"Actual Startup Time": 0.046,"Actual Total Time": 0.050,"Actual Rows": 1,"Actual Loops": 3,"Hash Buckets": 1024,"Original Hash Buckets": 1024,"Hash Batches": 1,"Original Hash Batches": 1,"Peak Memory Usage": 9,"Workers": [],"Plans": [{"Node Type": "Seq Scan","Parent Relationship": "Outer","Parallel Aware": false,"Async Capable": false,"Relation Name": "region","Alias": "region","Startup Cost": 0.00,"Total Cost": 1.06,"Plan Rows": 1,"Plan Width": 4,"Actual Startup Time": 0.033,"Actual Total Time": 0.035,"Actual Rows": 1,"Actual Loops": 3,"Filter": "(r_name = 'MIDDLE EAST'::bpchar)","Rows Removed by Filter": 4,"Workers": []}]}]}]}]},{"Node Type": "Index Scan","Parent Relationship": "Inner","Parallel Aware": false,"Async Capable": false,"Scan Direction": "Forward","Index Name": "idx_orders_custkey","Relation Name": "orders","Alias": "orders","Startup Cost": 0.43,"Total Cost": 1.55,"Plan Rows": 3,"Plan Width": 8,"Actual Startup Time": 0.017,"Actual Total Time": 0.039,"Actual Rows": 2,"Actual Loops": 29904,"Index Cond": "(o_custkey = customer.c_custkey)","Rows Removed by Index Recheck": 0,"Filter": "((o_orderdate >= '1996-01-01'::date) AND (o_orderdate < '1997-01-01 00:00:00'::timestamp without time zone))","Rows Removed by Filter": 8,"Workers": []}]},{"Node Type": "Index Scan","Parent Relationship": "Inner","Parallel Aware": false,"Async Capable": false,"Scan Direction": "Forward","Index Name": "idx_lineitem_orderkey","Relation Name": "lineitem","Alias": "lineitem","Startup Cost": 0.43,"Total Cost": 2.84,"Plan Rows": 17,"Plan Width": 20,"Actual Startup Time": 0.016,"Actual Total Time": 0.019,"Actual Rows": 4,"Actual Loops": 45231,"Index Cond": "(l_orderkey = orders.o_orderkey)","Rows Removed by Index Recheck": 0,"Workers": []}]},{"Node Type": "Hash","Parent Relationship": "Inner","Parallel Aware": false,"Async Capable": false,"Startup Cost": 322.00,"Total Cost": 322.00,"Plan Rows": 10000,"Plan Width": 8,"Actual Startup Time": 13.111,"Actual Total Time": 13.116,"Actual Rows": 10000,"Actual Loops": 3,"Hash Buckets": 16384,"Original Hash Buckets": 16384,"Hash Batches": 1,"Original Hash Batches": 1,"Peak Memory Usage": 519,"Workers": [],"Plans": [{"Node Type": "Seq Scan","Parent Relationship": "Outer","Parallel Aware": false,"Async Capable": false,"Relation Name": "supplier","Alias": "supplier","Startup Cost": 0.00,"Total Cost": 322.00,"Plan Rows": 10000,"Plan Width": 8,"Actual Startup Time": 0.041,"Actual Total Time": 11.446,"Actual Rows": 10000,"Actual Loops": 3,"Workers": []}]}]}]}]}]}]}]},"Planning Time": 10.334,"Triggers": [],"Execution Time": 835.373}]
[{"Plan": {"Node Type": "Sort","Parallel Aware": false,"Async Capable": false,"Startup Cost": 21565.24,"Total Cost": 21565.30,"Plan Rows": 25,"Plan Width": 136,"Actual Startup Time": 803.148,"Actual Total Time": 837.225,"Actual Rows": 5,"Actual Loops": 1,"Sort Key": ["(sum((lineitem.l_extendedprice * ('1'::numeric - lineitem.l_discount)))) DESC"],"Sort Method": "quicksort","Sort Space Used": 25,"Sort Space Type": "Memory","Plans": [{"Node Type": "Aggregate","Strategy": "Sorted","Partial Mode": "Finalize","Parent Relationship": "Outer","Parallel Aware": false,"Async Capable": false,"Startup Cost": 21550.29,"Total Cost": 21564.66,"Plan Rows": 25,"Plan Width": 136,"Actual Startup Time": 802.551,"Actual Total Time": 837.165,"Actual Rows": 5,"Actual Loops": 1,"Group Key": ["nation.n_name"],"Plans": [{"Node Type": "Gather Merge","Parent Relationship": "Outer","Parallel Aware": false,"Async Capable": false,"Startup Cost": 21550.29,"Total Cost": 21563.97,"Plan Rows": 50,"Plan Width": 136,"Actual Startup Time": 802.343,"Actual Total Time": 837.116,"Actual Rows": 15,"Actual Loops": 1,"Workers Planned": 2,"Workers Launched": 2,"Plans": [{"Node Type": "Aggregate","Strategy": "Sorted","Partial Mode": "Partial","Parent Relationship": "Outer","Parallel Aware": false,"Async Capable": false,"Startup Cost": 20550.26,"Total Cost": 20558.18,"Plan Rows": 25,"Plan Width": 136,"Actual Startup Time": 794.724,"Actual Total Time": 795.426,"Actual Rows": 5,"Actual Loops": 3,"Group Key": ["nation.n_name"],"Workers": [],"Plans": [{"Node Type": "Sort","Parent Relationship": "Outer","Parallel Aware": false,"Async Capable": false,"Startup Cost": 20550.26,"Total Cost": 20551.78,"Plan Rows": 608,"Plan Width": 116,"Actual Startup Time": 794.492,"Actual Total Time": 794.616,"Actual Rows": 2402,"Actual Loops": 3,"Sort Key": ["nation.n_name"],"Sort Method": "quicksort","Sort Space Used": 284,"Sort Space Type": "Memory","Workers": [{"Worker Number": 0,"Sort Method": "quicksort","Sort Space Used": 278,"Sort Space Type": "Memory"},{"Worker Number": 1,"Sort Method": "quicksort","Sort Space Used": 290,"Sort Space Type": "Memory"}],"Plans": [{"Node Type": "Hash Join","Parent Relationship": "Outer","Parallel Aware": false,"Async Capable": false,"Join Type": "Inner","Startup Cost": 475.27,"Total Cost": 20522.15,"Plan Rows": 608,"Plan Width": 116,"Actual Startup Time": 9.804,"Actual Total Time": 792.945,"Actual Rows": 2402,"Actual Loops": 3,"Inner Unique": true,"Hash Cond": "((lineitem.l_suppkey = supplier.s_suppkey) AND (customer.c_nationkey = supplier.s_nationkey))","Workers": [],"Plans": [{"Node Type": "Nested Loop","Parent Relationship": "Outer","Parallel Aware": false,"Async Capable": false,"Join Type": "Inner","Startup Cost": 3.27,"Total Cost": 19970.29,"Plan Rows": 15211,"Plan Width": 128,"Actual Startup Time": 0.739,"Actual Total Time": 751.905,"Actual Rows": 60896,"Actual Loops": 3,"Inner Unique": false,"Workers": [],"Plans": [{"Node Type": "Nested Loop","Parent Relationship": "Outer","Parallel Aware": false,"Async Capable": false,"Join Type": "Inner","Startup Cost": 2.84,"Total Cost": 8414.26,"Plan Rows": 3802,"Plan Width": 116,"Actual Startup Time": 0.610,"Actual Total Time": 448.155,"Actual Rows": 15274,"Actual Loops": 3,"Inner Unique": false,"Workers": [],"Plans": [{"Node Type": "Hash Join","Parent Relationship": "Outer","Parallel Aware": false,"Async Capable": false,"Join Type": "Inner","Startup Cost": 2.41,"Total Cost": 4471.79,"Plan Rows": 2500,"Plan Width": 116,"Actual Startup Time": 0.268,"Actual Total Time": 53.804,"Actual Rows": 9921,"Actual Loops": 3,"Inner Unique": false,"Hash Cond": "(customer.c_nationkey = nation.n_nationkey)","Workers": [],"Plans": [{"Node Type": "Seq Scan","Parent Relationship": "Outer","Parallel Aware": true,"Async Capable": false,"Relation Name": "customer","Alias": "customer","Startup Cost": 0.00,"Total Cost": 4210.00,"Plan Rows": 62500,"Plan Width": 8,"Actual Startup Time": 0.020,"Actual Total Time": 9.563,"Actual Rows": 50000,"Actual Loops": 3,"Workers": []},{"Node Type": "Hash","Parent Relationship": "Inner","Parallel Aware": false,"Async Capable": false,"Startup Cost": 2.40,"Total Cost": 2.40,"Plan Rows": 1,"Plan Width": 108,"Actual Startup Time": 0.161,"Actual Total Time": 0.176,"Actual Rows": 5,"Actual Loops": 3,"Hash Buckets": 1024,"Original Hash Buckets": 1024,"Hash Batches": 1,"Original Hash Batches": 1,"Peak Memory Usage": 9,"Workers": [],"Plans": [{"Node Type": "Hash Join","Parent Relationship": "Outer","Parallel Aware": false,"Async Capable": false,"Join Type": "Inner","Startup Cost": 1.07,"Total Cost": 2.40,"Plan Rows": 1,"Plan Width": 108,"Actual Startup Time": 0.143,"Actual Total Time": 0.167,"Actual Rows": 5,"Actual Loops": 3,"Inner Unique": true,"Hash Cond": "(nation.n_regionkey = region.r_regionkey)","Workers": [],"Plans": [{"Node Type": "Seq Scan","Parent Relationship": "Outer","Parallel Aware": false,"Async Capable": false,"Relation Name": "nation","Alias": "nation","Startup Cost": 0.00,"Total Cost": 1.25,"Plan Rows": 25,"Plan Width": 112,"Actual Startup Time": 0.052,"Actual Total Time": 0.056,"Actual Rows": 25,"Actual Loops": 3,"Workers": []},{"Node Type": "Hash","Parent Relationship": "Inner","Parallel Aware": false,"Async Capable": false,"Startup Cost": 1.06,"Total Cost": 1.06,"Plan Rows": 1,"Plan Width": 4,"Actual Startup Time": 0.061,"Actual Total Time": 0.066,"Actual Rows": 1,"Actual Loops": 3,"Hash Buckets": 1024,"Original Hash Buckets": 1024,"Hash Batches": 1,"Original Hash Batches": 1,"Peak Memory Usage": 9,"Workers": [],"Plans": [{"Node Type": "Seq Scan","Parent Relationship": "Outer","Parallel Aware": false,"Async Capable": false,"Relation Name": "region","Alias": "region","Startup Cost": 0.00,"Total Cost": 1.06,"Plan Rows": 1,"Plan Width": 4,"Actual Startup Time": 0.046,"Actual Total Time": 0.049,"Actual Rows": 1,"Actual Loops": 3,"Filter": "(r_name = 'AFRICA'::bpchar)","Rows Removed by Filter": 4,"Workers": []}]}]}]}]},{"Node Type": "Index Scan","Parent Relationship": "Inner","Parallel Aware": false,"Async Capable": false,"Scan Direction": "Forward","Index Name": "idx_orders_custkey","Relation Name": "orders","Alias": "orders","Startup Cost": 0.43,"Total Cost": 1.55,"Plan Rows": 3,"Plan Width": 8,"Actual Startup Time": 0.017,"Actual Total Time": 0.039,"Actual Rows": 2,"Actual Loops": 29764,"Index Cond": "(o_custkey = customer.c_custkey)","Rows Removed by Index Recheck": 0,"Filter": "((o_orderdate >= '1995-01-01'::date) AND (o_orderdate < '1996-01-01 00:00:00'::timestamp without time zone))","Rows Removed by Filter": 9,"Workers": []}]},{"Node Type": "Index Scan","Parent Relationship": "Inner","Parallel Aware": false,"Async Capable": false,"Scan Direction": "Forward","Index Name": "idx_lineitem_orderkey","Relation Name": "lineitem","Alias": "lineitem","Startup Cost": 0.43,"Total Cost": 2.87,"Plan Rows": 17,"Plan Width": 20,"Actual Startup Time": 0.017,"Actual Total Time": 0.019,"Actual Rows": 4,"Actual Loops": 45822,"Index Cond": "(l_orderkey = orders.o_orderkey)","Rows Removed by Index Recheck": 0,"Workers": []}]},{"Node Type": "Hash","Parent Relationship": "Inner","Parallel Aware": false,"Async Capable": false,"Startup Cost": 322.00,"Total Cost": 322.00,"Plan Rows": 10000,"Plan Width": 8,"Actual Startup Time": 8.249,"Actual Total Time": 8.253,"Actual Rows": 10000,"Actual Loops": 3,"Hash Buckets": 16384,"Original Hash Buckets": 16384,"Hash Batches": 1,"Original Hash Batches": 1,"Peak Memory Usage": 519,"Workers": [],"Plans": [{"Node Type": "Seq Scan","Parent Relationship": "Outer","Parallel Aware": false,"Async Capable": false,"Relation Name": "supplier","Alias": "supplier","Startup Cost": 0.00,"Total Cost": 322.00,"Plan Rows": 10000,"Plan Width": 8,"Actual Startup Time": 0.043,"Actual Total Time": 6.388,"Actual Rows": 10000,"Actual Loops": 3,"Workers": []}]}]}]}]}]}]}]},"Planning Time": 10.225,"Triggers": [],"Execution Time": 837.854}]
[{"Plan": {"Node Type": "Sort","Parallel Aware": false,"Async Capable": false,"Startup Cost": 21616.39,"Total Cost": 21616.45,"Plan Rows": 25,"Plan Width": 136,"Actual Startup Time": 817.171,"Actual Total Time": 848.557,"Actual Rows": 5,"Actual Loops": 1,"Sort Key": ["(sum((lineitem.l_extendedprice * ('1'::numeric - lineitem.l_discount)))) DESC"],"Sort Method": "quicksort","Sort Space Used": 25,"Sort Space Type": "Memory","Plans": [{"Node Type": "Aggregate","Strategy": "Sorted","Partial Mode": "Finalize","Parent Relationship": "Outer","Parallel Aware": false,"Async Capable": false,"Startup Cost": 21601.33,"Total Cost": 21615.81,"Plan Rows": 25,"Plan Width": 136,"Actual Startup Time": 816.250,"Actual Total Time": 848.503,"Actual Rows": 5,"Actual Loops": 1,"Group Key": ["nation.n_name"],"Plans": [{"Node Type": "Gather Merge","Parent Relationship": "Outer","Parallel Aware": false,"Async Capable": false,"Startup Cost": 21601.33,"Total Cost": 21615.12,"Plan Rows": 50,"Plan Width": 136,"Actual Startup Time": 815.620,"Actual Total Time": 848.441,"Actual Rows": 15,"Actual Loops": 1,"Workers Planned": 2,"Workers Launched": 2,"Plans": [{"Node Type": "Aggregate","Strategy": "Sorted","Partial Mode": "Partial","Parent Relationship": "Outer","Parallel Aware": false,"Async Capable": false,"Startup Cost": 20601.30,"Total Cost": 20609.33,"Plan Rows": 25,"Plan Width": 136,"Actual Startup Time": 807.499,"Actual Total Time": 808.444,"Actual Rows": 5,"Actual Loops": 3,"Group Key": ["nation.n_name"],"Workers": [],"Plans": [{"Node Type": "Sort","Parent Relationship": "Outer","Parallel Aware": false,"Async Capable": false,"Startup Cost": 20601.30,"Total Cost": 20602.85,"Plan Rows": 617,"Plan Width": 116,"Actual Startup Time": 807.276,"Actual Total Time": 807.432,"Actual Rows": 2427,"Actual Loops": 3,"Sort Key": ["nation.n_name"],"Sort Method": "quicksort","Sort Space Used": 295,"Sort Space Type": "Memory","Workers": [{"Worker Number": 0,"Sort Method": "quicksort","Sort Space Used": 285,"Sort Space Type": "Memory"},{"Worker Number": 1,"Sort Method": "quicksort","Sort Space Used": 279,"Sort Space Type": "Memory"}],"Plans": [{"Node Type": "Hash Join","Parent Relationship": "Outer","Parallel Aware": false,"Async Capable": false,"Join Type": "Inner","Startup Cost": 475.27,"Total Cost": 20572.71,"Plan Rows": 617,"Plan Width": 116,"Actual Startup Time": 13.659,"Actual Total Time": 805.763,"Actual Rows": 2427,"Actual Loops": 3,"Inner Unique": true,"Hash Cond": "((lineitem.l_suppkey = supplier.s_suppkey) AND (customer.c_nationkey = supplier.s_nationkey))","Workers": [],"Plans": [{"Node Type": "Nested Loop","Parent Relationship": "Outer","Parallel Aware": false,"Async Capable": false,"Join Type": "Inner","Startup Cost": 3.27,"Total Cost": 20019.70,"Plan Rows": 15431,"Plan Width": 128,"Actual Startup Time": 0.940,"Actual Total Time": 760.394,"Actual Rows": 61187,"Actual Loops": 3,"Inner Unique": false,"Workers": [],"Plans": [{"Node Type": "Nested Loop","Parent Relationship": "Outer","Parallel Aware": false,"Async Capable": false,"Join Type": "Inner","Startup Cost": 2.84,"Total Cost": 8414.26,"Plan Rows": 3857,"Plan Width": 116,"Actual Startup Time": 0.804,"Actual Total Time": 453.891,"Actual Rows": 15325,"Actual Loops": 3,"Inner Unique": false,"Workers": [],"Plans": [{"Node Type": "Hash Join","Parent Relationship": "Outer","Parallel Aware": false,"Async Capable": false,"Join Type": "Inner","Startup Cost": 2.41,"Total Cost": 4471.79,"Plan Rows": 2500,"Plan Width": 116,"Actual Startup Time": 0.319,"Actual Total Time": 55.842,"Actual Rows": 10061,"Actual Loops": 3,"Inner Unique": false,"Hash Cond": "(customer.c_nationkey = nation.n_nationkey)","Workers": [],"Plans": [{"Node Type": "Seq Scan","Parent Relationship": "Outer","Parallel Aware": true,"Async Capable": false,"Relation Name": "customer","Alias": "customer","Startup Cost": 0.00,"Total Cost": 4210.00,"Plan Rows": 62500,"Plan Width": 8,"Actual Startup Time": 0.026,"Actual Total Time": 9.689,"Actual Rows": 50000,"Actual Loops": 3,"Workers": []},{"Node Type": "Hash","Parent Relationship": "Inner","Parallel Aware": false,"Async Capable": false,"Startup Cost": 2.40,"Total Cost": 2.40,"Plan Rows": 1,"Plan Width": 108,"Actual Startup Time": 0.180,"Actual Total Time": 0.198,"Actual Rows": 5,"Actual Loops": 3,"Hash Buckets": 1024,"Original Hash Buckets": 1024,"Hash Batches": 1,"Original Hash Batches": 1,"Peak Memory Usage": 9,"Workers": [],"Plans": [{"Node Type": "Hash Join","Parent Relationship": "Outer","Parallel Aware": false,"Async Capable": false,"Join Type": "Inner","Startup Cost": 1.07,"Total Cost": 2.40,"Plan Rows": 1,"Plan Width": 108,"Actual Startup Time": 0.166,"Actual Total Time": 0.188,"Actual Rows": 5,"Actual Loops": 3,"Inner Unique": true,"Hash Cond": "(nation.n_regionkey = region.r_regionkey)","Workers": [],"Plans": [{"Node Type": "Seq Scan","Parent Relationship": "Outer","Parallel Aware": false,"Async Capable": false,"Relation Name": "nation","Alias": "nation","Startup Cost": 0.00,"Total Cost": 1.25,"Plan Rows": 25,"Plan Width": 112,"Actual Startup Time": 0.055,"Actual Total Time": 0.060,"Actual Rows": 25,"Actual Loops": 3,"Workers": []},{"Node Type": "Hash","Parent Relationship": "Inner","Parallel Aware": false,"Async Capable": false,"Startup Cost": 1.06,"Total Cost": 1.06,"Plan Rows": 1,"Plan Width": 4,"Actual Startup Time": 0.079,"Actual Total Time": 0.084,"Actual Rows": 1,"Actual Loops": 3,"Hash Buckets": 1024,"Original Hash Buckets": 1024,"Hash Batches": 1,"Original Hash Batches": 1,"Peak Memory Usage": 9,"Workers": [],"Plans": [{"Node Type": "Seq Scan","Parent Relationship": "Outer","Parallel Aware": false,"Async Capable": false,"Relation Name": "region","Alias": "region","Startup Cost": 0.00,"Total Cost": 1.06,"Plan Rows": 1,"Plan Width": 4,"Actual Startup Time": 0.058,"Actual Total Time": 0.061,"Actual Rows": 1,"Actual Loops": 3,"Filter": "(r_name = 'ASIA'::bpchar)","Rows Removed by Filter": 4,"Workers": []}]}]}]}]},{"Node Type": "Index Scan","Parent Relationship": "Inner","Parallel Aware": false,"Async Capable": false,"Scan Direction": "Forward","Index Name": "idx_orders_custkey","Relation Name": "orders","Alias": "orders","Startup Cost": 0.43,"Total Cost": 1.55,"Plan Rows": 3,"Plan Width": 8,"Actual Startup Time": 0.017,"Actual Total Time": 0.039,"Actual Rows": 2,"Actual Loops": 30183,"Index Cond": "(o_custkey = customer.c_custkey)","Rows Removed by Index Recheck": 0,"Filter": "((o_orderdate >= '1996-01-01'::date) AND (o_orderdate < '1997-01-01 00:00:00'::timestamp without time zone))","Rows Removed by Filter": 8,"Workers": []}]},{"Node Type": "Index Scan","Parent Relationship": "Inner","Parallel Aware": false,"Async Capable": false,"Scan Direction": "Forward","Index Name": "idx_lineitem_orderkey","Relation Name": "lineitem","Alias": "lineitem","Startup Cost": 0.43,"Total Cost": 2.84,"Plan Rows": 17,"Plan Width": 20,"Actual Startup Time": 0.017,"Actual Total Time": 0.019,"Actual Rows": 4,"Actual Loops": 45976,"Index Cond": "(l_orderkey = orders.o_orderkey)","Rows Removed by Index Recheck": 0,"Workers": []}]},{"Node Type": "Hash","Parent Relationship": "Inner","Parallel Aware": false,"Async Capable": false,"Startup Cost": 322.00,"Total Cost": 322.00,"Plan Rows": 10000,"Plan Width": 8,"Actual Startup Time": 12.172,"Actual Total Time": 12.179,"Actual Rows": 10000,"Actual Loops": 3,"Hash Buckets": 16384,"Original Hash Buckets": 16384,"Hash Batches": 1,"Original Hash Batches": 1,"Peak Memory Usage": 519,"Workers": [],"Plans": [{"Node Type": "Seq Scan","Parent Relationship": "Outer","Parallel Aware": false,"Async Capable": false,"Relation Name": "supplier","Alias": "supplier","Startup Cost": 0.00,"Total Cost": 322.00,"Plan Rows": 10000,"Plan Width": 8,"Actual Startup Time": 0.048,"Actual Total Time": 10.623,"Actual Rows": 10000,"Actual Loops": 3,"Workers": []}]}]}]}]}]}]}]},"Planning Time": 10.688,"Triggers": [],"Execution Time": 848.991}]
[{"Plan": {"Node Type": "Sort","Parallel Aware": false,"Async Capable": false,"Startup Cost": 21612.43,"Total Cost": 21612.50,"Plan Rows": 25,"Plan Width": 136,"Actual Startup Time": 812.208,"Actual Total Time": 844.906,"Actual Rows": 5,"Actual Loops": 1,"Sort Key": ["(sum((lineitem.l_extendedprice * ('1'::numeric - lineitem.l_discount)))) DESC"],"Sort Method": "quicksort","Sort Space Used": 25,"Sort Space Type": "Memory","Plans": [{"Node Type": "Aggregate","Strategy": "Sorted","Partial Mode": "Finalize","Parent Relationship": "Outer","Parallel Aware": false,"Async Capable": false,"Startup Cost": 21597.38,"Total Cost": 21611.85,"Plan Rows": 25,"Plan Width": 136,"Actual Startup Time": 811.577,"Actual Total Time": 844.848,"Actual Rows": 5,"Actual Loops": 1,"Group Key": ["nation.n_name"],"Plans": [{"Node Type": "Gather Merge","Parent Relationship": "Outer","Parallel Aware": false,"Async Capable": false,"Startup Cost": 21597.38,"Total Cost": 21611.17,"Plan Rows": 50,"Plan Width": 136,"Actual Startup Time": 811.381,"Actual Total Time": 844.798,"Actual Rows": 15,"Actual Loops": 1,"Workers Planned": 2,"Workers Launched": 2,"Plans": [{"Node Type": "Aggregate","Strategy": "Sorted","Partial Mode": "Partial","Parent Relationship": "Outer","Parallel Aware": false,"Async Capable": false,"Startup Cost": 20597.36,"Total Cost": 20605.37,"Plan Rows": 25,"Plan Width": 136,"Actual Startup Time": 803.972,"Actual Total Time": 804.698,"Actual Rows": 5,"Actual Loops": 3,"Group Key": ["nation.n_name"],"Workers": [],"Plans": [{"Node Type": "Sort","Parent Relationship": "Outer","Parallel Aware": false,"Async Capable": false,"Startup Cost": 20597.36,"Total Cost": 20598.90,"Plan Rows": 616,"Plan Width": 116,"Actual Startup Time": 803.767,"Actual Total Time": 803.896,"Actual Rows": 2458,"Actual Loops": 3,"Sort Key": ["nation.n_name"],"Sort Method": "quicksort","Sort Space Used": 292,"Sort Space Type": "Memory","Workers": [{"Worker Number": 0,"Sort Method": "quicksort","Sort Space Used": 287,"Sort Space Type": "Memory"},{"Worker Number": 1,"Sort Method": "quicksort","Sort Space Used": 286,"Sort Space Type": "Memory"}],"Plans": [{"Node Type": "Hash Join","Parent Relationship": "Outer","Parallel Aware": false,"Async Capable": false,"Join Type": "Inner","Startup Cost": 475.27,"Total Cost": 20568.82,"Plan Rows": 616,"Plan Width": 116,"Actual Startup Time": 9.755,"Actual Total Time": 802.240,"Actual Rows": 2458,"Actual Loops": 3,"Inner Unique": true,"Hash Cond": "((lineitem.l_suppkey = supplier.s_suppkey) AND (customer.c_nationkey = supplier.s_nationkey))","Workers": [],"Plans": [{"Node Type": "Nested Loop","Parent Relationship": "Outer","Parallel Aware": false,"Async Capable": false,"Join Type": "Inner","Startup Cost": 3.27,"Total Cost": 20015.89,"Plan Rows": 15415,"Plan Width": 128,"Actual Startup Time": 0.708,"Actual Total Time": 760.379,"Actual Rows": 60417,"Actual Loops": 3,"Inner Unique": false,"Workers": [],"Plans": [{"Node Type": "Nested Loop","Parent Relationship": "Outer","Parallel Aware": false,"Async Capable": false,"Join Type": "Inner","Startup Cost": 2.84,"Total Cost": 8414.26,"Plan Rows": 3853,"Plan Width": 116,"Actual Startup Time": 0.563,"Actual Total Time": 454.038,"Actual Rows": 15112,"Actual Loops": 3,"Inner Unique": false,"Workers": [],"Plans": [{"Node Type": "Hash Join","Parent Relationship": "Outer","Parallel Aware": false,"Async Capable": false,"Join Type": "Inner","Startup Cost": 2.41,"Total Cost": 4471.79,"Plan Rows": 2500,"Plan Width": 116,"Actual Startup Time": 0.264,"Actual Total Time": 54.641,"Actual Rows": 9984,"Actual Loops": 3,"Inner Unique": false,"Hash Cond": "(customer.c_nationkey = nation.n_nationkey)","Workers": [],"Plans": [{"Node Type": "Seq Scan","Parent Relationship": "Outer","Parallel Aware": true,"Async Capable": false,"Relation Name": "customer","Alias": "customer","Startup Cost": 0.00,"Total Cost": 4210.00,"Plan Rows": 62500,"Plan Width": 8,"Actual Startup Time": 0.019,"Actual Total Time": 9.602,"Actual Rows": 50000,"Actual Loops": 3,"Workers": []},{"Node Type": "Hash","Parent Relationship": "Inner","Parallel Aware": false,"Async Capable": false,"Startup Cost": 2.40,"Total Cost": 2.40,"Plan Rows": 1,"Plan Width": 108,"Actual Startup Time": 0.143,"Actual Total Time": 0.163,"Actual Rows": 5,"Actual Loops": 3,"Hash Buckets": 1024,"Original Hash Buckets": 1024,"Hash Batches": 1,"Original Hash Batches": 1,"Peak Memory Usage": 9,"Workers": [],"Plans": [{"Node Type": "Hash Join","Parent Relationship": "Outer","Parallel Aware": false,"Async Capable": false,"Join Type": "Inner","Startup Cost": 1.07,"Total Cost": 2.40,"Plan Rows": 1,"Plan Width": 108,"Actual Startup Time": 0.129,"Actual Total Time": 0.153,"Actual Rows": 5,"Actual Loops": 3,"Inner Unique": true,"Hash Cond": "(nation.n_regionkey = region.r_regionkey)","Workers": [],"Plans": [{"Node Type": "Seq Scan","Parent Relationship": "Outer","Parallel Aware": false,"Async Capable": false,"Relation Name": "nation","Alias": "nation","Startup Cost": 0.00,"Total Cost": 1.25,"Plan Rows": 25,"Plan Width": 112,"Actual Startup Time": 0.046,"Actual Total Time": 0.051,"Actual Rows": 25,"Actual Loops": 3,"Workers": []},{"Node Type": "Hash","Parent Relationship": "Inner","Parallel Aware": false,"Async Capable": false,"Startup Cost": 1.06,"Total Cost": 1.06,"Plan Rows": 1,"Plan Width": 4,"Actual Startup Time": 0.053,"Actual Total Time": 0.059,"Actual Rows": 1,"Actual Loops": 3,"Hash Buckets": 1024,"Original Hash Buckets": 1024,"Hash Batches": 1,"Original Hash Batches": 1,"Peak Memory Usage": 9,"Workers": [],"Plans": [{"Node Type": "Seq Scan","Parent Relationship": "Outer","Parallel Aware": false,"Async Capable": false,"Relation Name": "region","Alias": "region","Startup Cost": 0.00,"Total Cost": 1.06,"Plan Rows": 1,"Plan Width": 4,"Actual Startup Time": 0.038,"Actual Total Time": 0.040,"Actual Rows": 1,"Actual Loops": 3,"Filter": "(r_name = 'AMERICA'::bpchar)","Rows Removed by Filter": 4,"Workers": []}]}]}]}]},{"Node Type": "Index Scan","Parent Relationship": "Inner","Parallel Aware": false,"Async Capable": false,"Scan Direction": "Forward","Index Name": "idx_orders_custkey","Relation Name": "orders","Alias": "orders","Startup Cost": 0.43,"Total Cost": 1.55,"Plan Rows": 3,"Plan Width": 8,"Actual Startup Time": 0.017,"Actual Total Time": 0.040,"Actual Rows": 2,"Actual Loops": 29952,"Index Cond": "(o_custkey = customer.c_custkey)","Rows Removed by Index Recheck": 0,"Filter": "((o_orderdate >= '1994-01-01'::date) AND (o_orderdate < '1995-01-01 00:00:00'::timestamp without time zone))","Rows Removed by Filter": 8,"Workers": []}]},{"Node Type": "Index Scan","Parent Relationship": "Inner","Parallel Aware": false,"Async Capable": false,"Scan Direction": "Forward","Index Name": "idx_lineitem_orderkey","Relation Name": "lineitem","Alias": "lineitem","Startup Cost": 0.43,"Total Cost": 2.84,"Plan Rows": 17,"Plan Width": 20,"Actual Startup Time": 0.017,"Actual Total Time": 0.020,"Actual Rows": 4,"Actual Loops": 45335,"Index Cond": "(l_orderkey = orders.o_orderkey)","Rows Removed by Index Recheck": 0,"Workers": []}]},{"Node Type": "Hash","Parent Relationship": "Inner","Parallel Aware": false,"Async Capable": false,"Startup Cost": 322.00,"Total Cost": 322.00,"Plan Rows": 10000,"Plan Width": 8,"Actual Startup Time": 8.509,"Actual Total Time": 8.512,"Actual Rows": 10000,"Actual Loops": 3,"Hash Buckets": 16384,"Original Hash Buckets": 16384,"Hash Batches": 1,"Original Hash Batches": 1,"Peak Memory Usage": 519,"Workers": [],"Plans": [{"Node Type": "Seq Scan","Parent Relationship": "Outer","Parallel Aware": false,"Async Capable": false,"Relation Name": "supplier","Alias": "supplier","Startup Cost": 0.00,"Total Cost": 322.00,"Plan Rows": 10000,"Plan Width": 8,"Actual Startup Time": 0.036,"Actual Total Time": 6.673,"Actual Rows": 10000,"Actual Loops": 3,"Workers": []}]}]}]}]}]}]}]},"Planning Time": 10.649,"Triggers": [],"Execution Time": 845.482}]
[{"Plan": {"Node Type": "Sort","Parallel Aware": false,"Async Capable": false,"Startup Cost": 21612.43,"Total Cost": 21612.50,"Plan Rows": 25,"Plan Width": 136,"Actual Startup Time": 835.932,"Actual Total Time": 867.365,"Actual Rows": 5,"Actual Loops": 1,"Sort Key": ["(sum((lineitem.l_extendedprice * ('1'::numeric - lineitem.l_discount)))) DESC"],"Sort Method": "quicksort","Sort Space Used": 25,"Sort Space Type": "Memory","Plans": [{"Node Type": "Aggregate","Strategy": "Sorted","Partial Mode": "Finalize","Parent Relationship": "Outer","Parallel Aware": false,"Async Capable": false,"Startup Cost": 21597.38,"Total Cost": 21611.85,"Plan Rows": 25,"Plan Width": 136,"Actual Startup Time": 835.364,"Actual Total Time": 867.318,"Actual Rows": 5,"Actual Loops": 1,"Group Key": ["nation.n_name"],"Plans": [{"Node Type": "Gather Merge","Parent Relationship": "Outer","Parallel Aware": false,"Async Capable": false,"Startup Cost": 21597.38,"Total Cost": 21611.17,"Plan Rows": 50,"Plan Width": 136,"Actual Startup Time": 835.179,"Actual Total Time": 867.277,"Actual Rows": 15,"Actual Loops": 1,"Workers Planned": 2,"Workers Launched": 2,"Plans": [{"Node Type": "Aggregate","Strategy": "Sorted","Partial Mode": "Partial","Parent Relationship": "Outer","Parallel Aware": false,"Async Capable": false,"Startup Cost": 20597.36,"Total Cost": 20605.37,"Plan Rows": 25,"Plan Width": 136,"Actual Startup Time": 826.891,"Actual Total Time": 827.596,"Actual Rows": 5,"Actual Loops": 3,"Group Key": ["nation.n_name"],"Workers": [],"Plans": [{"Node Type": "Sort","Parent Relationship": "Outer","Parallel Aware": false,"Async Capable": false,"Startup Cost": 20597.36,"Total Cost": 20598.90,"Plan Rows": 616,"Plan Width": 116,"Actual Startup Time": 826.692,"Actual Total Time": 826.817,"Actual Rows": 2422,"Actual Loops": 3,"Sort Key": ["nation.n_name"],"Sort Method": "quicksort","Sort Space Used": 284,"Sort Space Type": "Memory","Workers": [{"Worker Number": 0,"Sort Method": "quicksort","Sort Space Used": 289,"Sort Space Type": "Memory"},{"Worker Number": 1,"Sort Method": "quicksort","Sort Space Used": 285,"Sort Space Type": "Memory"}],"Plans": [{"Node Type": "Hash Join","Parent Relationship": "Outer","Parallel Aware": false,"Async Capable": false,"Join Type": "Inner","Startup Cost": 475.27,"Total Cost": 20568.82,"Plan Rows": 616,"Plan Width": 116,"Actual Startup Time": 12.416,"Actual Total Time": 825.180,"Actual Rows": 2422,"Actual Loops": 3,"Inner Unique": true,"Hash Cond": "((lineitem.l_suppkey = supplier.s_suppkey) AND (customer.c_nationkey = supplier.s_nationkey))","Workers": [],"Plans": [{"Node Type": "Nested Loop","Parent Relationship": "Outer","Parallel Aware": false,"Async Capable": false,"Join Type": "Inner","Startup Cost": 3.27,"Total Cost": 20015.89,"Plan Rows": 15415,"Plan Width": 128,"Actual Startup Time": 0.717,"Actual Total Time": 776.964,"Actual Rows": 61524,"Actual Loops": 3,"Inner Unique": false,"Workers": [],"Plans": [{"Node Type": "Nested Loop","Parent Relationship": "Outer","Parallel Aware": false,"Async Capable": false,"Join Type": "Inner","Startup Cost": 2.84,"Total Cost": 8414.26,"Plan Rows": 3853,"Plan Width": 116,"Actual Startup Time": 0.594,"Actual Total Time": 468.318,"Actual Rows": 15364,"Actual Loops": 3,"Inner Unique": false,"Workers": [],"Plans": [{"Node Type": "Hash Join","Parent Relationship": "Outer","Parallel Aware": false,"Async Capable": false,"Join Type": "Inner","Startup Cost": 2.41,"Total Cost": 4471.79,"Plan Rows": 2500,"Plan Width": 116,"Actual Startup Time": 0.257,"Actual Total Time": 59.024,"Actual Rows": 10066,"Actual Loops": 3,"Inner Unique": false,"Hash Cond": "(customer.c_nationkey = nation.n_nationkey)","Workers": [],"Plans": [{"Node Type": "Seq Scan","Parent Relationship": "Outer","Parallel Aware": true,"Async Capable": false,"Relation Name": "customer","Alias": "customer","Startup Cost": 0.00,"Total Cost": 4210.00,"Plan Rows": 62500,"Plan Width": 8,"Actual Startup Time": 0.018,"Actual Total Time": 10.025,"Actual Rows": 50000,"Actual Loops": 3,"Workers": []},{"Node Type": "Hash","Parent Relationship": "Inner","Parallel Aware": false,"Async Capable": false,"Startup Cost": 2.40,"Total Cost": 2.40,"Plan Rows": 1,"Plan Width": 108,"Actual Startup Time": 0.151,"Actual Total Time": 0.168,"Actual Rows": 5,"Actual Loops": 3,"Hash Buckets": 1024,"Original Hash Buckets": 1024,"Hash Batches": 1,"Original Hash Batches": 1,"Peak Memory Usage": 9,"Workers": [],"Plans": [{"Node Type": "Hash Join","Parent Relationship": "Outer","Parallel Aware": false,"Async Capable": false,"Join Type": "Inner","Startup Cost": 1.07,"Total Cost": 2.40,"Plan Rows": 1,"Plan Width": 108,"Actual Startup Time": 0.138,"Actual Total Time": 0.159,"Actual Rows": 5,"Actual Loops": 3,"Inner Unique": true,"Hash Cond": "(nation.n_regionkey = region.r_regionkey)","Workers": [],"Plans": [{"Node Type": "Seq Scan","Parent Relationship": "Outer","Parallel Aware": false,"Async Capable": false,"Relation Name": "nation","Alias": "nation","Startup Cost": 0.00,"Total Cost": 1.25,"Plan Rows": 25,"Plan Width": 112,"Actual Startup Time": 0.050,"Actual Total Time": 0.055,"Actual Rows": 25,"Actual Loops": 3,"Workers": []},{"Node Type": "Hash","Parent Relationship": "Inner","Parallel Aware": false,"Async Capable": false,"Startup Cost": 1.06,"Total Cost": 1.06,"Plan Rows": 1,"Plan Width": 4,"Actual Startup Time": 0.059,"Actual Total Time": 0.064,"Actual Rows": 1,"Actual Loops": 3,"Hash Buckets": 1024,"Original Hash Buckets": 1024,"Hash Batches": 1,"Original Hash Batches": 1,"Peak Memory Usage": 9,"Workers": [],"Plans": [{"Node Type": "Seq Scan","Parent Relationship": "Outer","Parallel Aware": false,"Async Capable": false,"Relation Name": "region","Alias": "region","Startup Cost": 0.00,"Total Cost": 1.06,"Plan Rows": 1,"Plan Width": 4,"Actual Startup Time": 0.043,"Actual Total Time": 0.045,"Actual Rows": 1,"Actual Loops": 3,"Filter": "(r_name = 'EUROPE'::bpchar)","Rows Removed by Filter": 4,"Workers": []}]}]}]}]},{"Node Type": "Index Scan","Parent Relationship": "Inner","Parallel Aware": false,"Async Capable": false,"Scan Direction": "Forward","Index Name": "idx_orders_custkey","Relation Name": "orders","Alias": "orders","Startup Cost": 0.43,"Total Cost": 1.55,"Plan Rows": 3,"Plan Width": 8,"Actual Startup Time": 0.017,"Actual Total Time": 0.040,"Actual Rows": 2,"Actual Loops": 30197,"Index Cond": "(o_custkey = customer.c_custkey)","Rows Removed by Index Recheck": 0,"Filter": "((o_orderdate >= '1994-01-01'::date) AND (o_orderdate < '1995-01-01 00:00:00'::timestamp without time zone))","Rows Removed by Filter": 9,"Workers": []}]},{"Node Type": "Index Scan","Parent Relationship": "Inner","Parallel Aware": false,"Async Capable": false,"Scan Direction": "Forward","Index Name": "idx_lineitem_orderkey","Relation Name": "lineitem","Alias": "lineitem","Startup Cost": 0.43,"Total Cost": 2.84,"Plan Rows": 17,"Plan Width": 20,"Actual Startup Time": 0.017,"Actual Total Time": 0.019,"Actual Rows": 4,"Actual Loops": 46093,"Index Cond": "(l_orderkey = orders.o_orderkey)","Rows Removed by Index Recheck": 0,"Workers": []}]},{"Node Type": "Hash","Parent Relationship": "Inner","Parallel Aware": false,"Async Capable": false,"Startup Cost": 322.00,"Total Cost": 322.00,"Plan Rows": 10000,"Plan Width": 8,"Actual Startup Time": 10.479,"Actual Total Time": 10.484,"Actual Rows": 10000,"Actual Loops": 3,"Hash Buckets": 16384,"Original Hash Buckets": 16384,"Hash Batches": 1,"Original Hash Batches": 1,"Peak Memory Usage": 519,"Workers": [],"Plans": [{"Node Type": "Seq Scan","Parent Relationship": "Outer","Parallel Aware": false,"Async Capable": false,"Relation Name": "supplier","Alias": "supplier","Startup Cost": 0.00,"Total Cost": 322.00,"Plan Rows": 10000,"Plan Width": 8,"Actual Startup Time": 0.042,"Actual Total Time": 8.711,"Actual Rows": 10000,"Actual Loops": 3,"Workers": []}]}]}]}]}]}]}]},"Planning Time": 9.647,"Triggers": [],"Execution Time": 867.883}]
[{"Plan": {"Node Type": "Sort","Parallel Aware": false,"Async Capable": false,"Startup Cost": 21612.43,"Total Cost": 21612.50,"Plan Rows": 25,"Plan Width": 136,"Actual Startup Time": 832.616,"Actual Total Time": 862.680,"Actual Rows": 5,"Actual Loops": 1,"Sort Key": ["(sum((lineitem.l_extendedprice * ('1'::numeric - lineitem.l_discount)))) DESC"],"Sort Method": "quicksort","Sort Space Used": 25,"Sort Space Type": "Memory","Plans": [{"Node Type": "Aggregate","Strategy": "Sorted","Partial Mode": "Finalize","Parent Relationship": "Outer","Parallel Aware": false,"Async Capable": false,"Startup Cost": 21597.38,"Total Cost": 21611.85,"Plan Rows": 25,"Plan Width": 136,"Actual Startup Time": 832.009,"Actual Total Time": 862.637,"Actual Rows": 5,"Actual Loops": 1,"Group Key": ["nation.n_name"],"Plans": [{"Node Type": "Gather Merge","Parent Relationship": "Outer","Parallel Aware": false,"Async Capable": false,"Startup Cost": 21597.38,"Total Cost": 21611.17,"Plan Rows": 50,"Plan Width": 136,"Actual Startup Time": 831.804,"Actual Total Time": 862.590,"Actual Rows": 15,"Actual Loops": 1,"Workers Planned": 2,"Workers Launched": 2,"Plans": [{"Node Type": "Aggregate","Strategy": "Sorted","Partial Mode": "Partial","Parent Relationship": "Outer","Parallel Aware": false,"Async Capable": false,"Startup Cost": 20597.36,"Total Cost": 20605.37,"Plan Rows": 25,"Plan Width": 136,"Actual Startup Time": 824.333,"Actual Total Time": 825.038,"Actual Rows": 5,"Actual Loops": 3,"Group Key": ["nation.n_name"],"Workers": [],"Plans": [{"Node Type": "Sort","Parent Relationship": "Outer","Parallel Aware": false,"Async Capable": false,"Startup Cost": 20597.36,"Total Cost": 20598.90,"Plan Rows": 616,"Plan Width": 116,"Actual Startup Time": 824.137,"Actual Total Time": 824.256,"Actual Rows": 2417,"Actual Loops": 3,"Sort Key": ["nation.n_name"],"Sort Method": "quicksort","Sort Space Used": 288,"Sort Space Type": "Memory","Workers": [{"Worker Number": 0,"Sort Method": "quicksort","Sort Space Used": 280,"Sort Space Type": "Memory"},{"Worker Number": 1,"Sort Method": "quicksort","Sort Space Used": 288,"Sort Space Type": "Memory"}],"Plans": [{"Node Type": "Hash Join","Parent Relationship": "Outer","Parallel Aware": false,"Async Capable": false,"Join Type": "Inner","Startup Cost": 475.27,"Total Cost": 20568.82,"Plan Rows": 616,"Plan Width": 116,"Actual Startup Time": 12.703,"Actual Total Time": 822.671,"Actual Rows": 2417,"Actual Loops": 3,"Inner Unique": true,"Hash Cond": "((lineitem.l_suppkey = supplier.s_suppkey) AND (customer.c_nationkey = supplier.s_nationkey))","Workers": [],"Plans": [{"Node Type": "Nested Loop","Parent Relationship": "Outer","Parallel Aware": false,"Async Capable": false,"Join Type": "Inner","Startup Cost": 3.27,"Total Cost": 20015.89,"Plan Rows": 15415,"Plan Width": 128,"Actual Startup Time": 0.571,"Actual Total Time": 776.984,"Actual Rows": 59997,"Actual Loops": 3,"Inner Unique": false,"Workers": [],"Plans": [{"Node Type": "Nested Loop","Parent Relationship": "Outer","Parallel Aware": false,"Async Capable": false,"Join Type": "Inner","Startup Cost": 2.84,"Total Cost": 8414.26,"Plan Rows": 3853,"Plan Width": 116,"Actual Startup Time": 0.454,"Actual Total Time": 470.088,"Actual Rows": 15003,"Actual Loops": 3,"Inner Unique": false,"Workers": [],"Plans": [{"Node Type": "Hash Join","Parent Relationship": "Outer","Parallel Aware": false,"Async Capable": false,"Join Type": "Inner","Startup Cost": 2.41,"Total Cost": 4471.79,"Plan Rows": 2500,"Plan Width": 116,"Actual Startup Time": 0.227,"Actual Total Time": 60.370,"Actual Rows": 9968,"Actual Loops": 3,"Inner Unique": false,"Hash Cond": "(customer.c_nationkey = nation.n_nationkey)","Workers": [],"Plans": [{"Node Type": "Seq Scan","Parent Relationship": "Outer","Parallel Aware": true,"Async Capable": false,"Relation Name": "customer","Alias": "customer","Startup Cost": 0.00,"Total Cost": 4210.00,"Plan Rows": 62500,"Plan Width": 8,"Actual Startup Time": 0.013,"Actual Total Time": 10.099,"Actual Rows": 50000,"Actual Loops": 3,"Workers": []},{"Node Type": "Hash","Parent Relationship": "Inner","Parallel Aware": false,"Async Capable": false,"Startup Cost": 2.40,"Total Cost": 2.40,"Plan Rows": 1,"Plan Width": 108,"Actual Startup Time": 0.138,"Actual Total Time": 0.150,"Actual Rows": 5,"Actual Loops": 3,"Hash Buckets": 1024,"Original Hash Buckets": 1024,"Hash Batches": 1,"Original Hash Batches": 1,"Peak Memory Usage": 9,"Workers": [],"Plans": [{"Node Type": "Hash Join","Parent Relationship": "Outer","Parallel Aware": false,"Async Capable": false,"Join Type": "Inner","Startup Cost": 1.07,"Total Cost": 2.40,"Plan Rows": 1,"Plan Width": 108,"Actual Startup Time": 0.125,"Actual Total Time": 0.142,"Actual Rows": 5,"Actual Loops": 3,"Inner Unique": true,"Hash Cond": "(nation.n_regionkey = region.r_regionkey)","Workers": [],"Plans": [{"Node Type": "Seq Scan","Parent Relationship": "Outer","Parallel Aware": false,"Async Capable": false,"Relation Name": "nation","Alias": "nation","Startup Cost": 0.00,"Total Cost": 1.25,"Plan Rows": 25,"Plan Width": 112,"Actual Startup Time": 0.044,"Actual Total Time": 0.047,"Actual Rows": 25,"Actual Loops": 3,"Workers": []},{"Node Type": "Hash","Parent Relationship": "Inner","Parallel Aware": false,"Async Capable": false,"Startup Cost": 1.06,"Total Cost": 1.06,"Plan Rows": 1,"Plan Width": 4,"Actual Startup Time": 0.054,"Actual Total Time": 0.057,"Actual Rows": 1,"Actual Loops": 3,"Hash Buckets": 1024,"Original Hash Buckets": 1024,"Hash Batches": 1,"Original Hash Batches": 1,"Peak Memory Usage": 9,"Workers": [],"Plans": [{"Node Type": "Seq Scan","Parent Relationship": "Outer","Parallel Aware": false,"Async Capable": false,"Relation Name": "region","Alias": "region","Startup Cost": 0.00,"Total Cost": 1.06,"Plan Rows": 1,"Plan Width": 4,"Actual Startup Time": 0.039,"Actual Total Time": 0.040,"Actual Rows": 1,"Actual Loops": 3,"Filter": "(r_name = 'MIDDLE EAST'::bpchar)","Rows Removed by Filter": 4,"Workers": []}]}]}]}]},{"Node Type": "Index Scan","Parent Relationship": "Inner","Parallel Aware": false,"Async Capable": false,"Scan Direction": "Forward","Index Name": "idx_orders_custkey","Relation Name": "orders","Alias": "orders","Startup Cost": 0.43,"Total Cost": 1.55,"Plan Rows": 3,"Plan Width": 8,"Actual Startup Time": 0.017,"Actual Total Time": 0.041,"Actual Rows": 2,"Actual Loops": 29904,"Index Cond": "(o_custkey = customer.c_custkey)","Rows Removed by Index Recheck": 0,"Filter": "((o_orderdate >= '1994-01-01'::date) AND (o_orderdate < '1995-01-01 00:00:00'::timestamp without time zone))","Rows Removed by Filter": 8,"Workers": []}]},{"Node Type": "Index Scan","Parent Relationship": "Inner","Parallel Aware": false,"Async Capable": false,"Scan Direction": "Forward","Index Name": "idx_lineitem_orderkey","Relation Name": "lineitem","Alias": "lineitem","Startup Cost": 0.43,"Total Cost": 2.84,"Plan Rows": 17,"Plan Width": 20,"Actual Startup Time": 0.017,"Actual Total Time": 0.020,"Actual Rows": 4,"Actual Loops": 45009,"Index Cond": "(l_orderkey = orders.o_orderkey)","Rows Removed by Index Recheck": 0,"Workers": []}]},{"Node Type": "Hash","Parent Relationship": "Inner","Parallel Aware": false,"Async Capable": false,"Startup Cost": 322.00,"Total Cost": 322.00,"Plan Rows": 10000,"Plan Width": 8,"Actual Startup Time": 11.133,"Actual Total Time": 11.135,"Actual Rows": 10000,"Actual Loops": 3,"Hash Buckets": 16384,"Original Hash Buckets": 16384,"Hash Batches": 1,"Original Hash Batches": 1,"Peak Memory Usage": 519,"Workers": [],"Plans": [{"Node Type": "Seq Scan","Parent Relationship": "Outer","Parallel Aware": false,"Async Capable": false,"Relation Name": "supplier","Alias": "supplier","Startup Cost": 0.00,"Total Cost": 322.00,"Plan Rows": 10000,"Plan Width": 8,"Actual Startup Time": 0.042,"Actual Total Time": 9.282,"Actual Rows": 10000,"Actual Loops": 3,"Workers": []}]}]}]}]}]}]}]},"Planning Time": 10.906,"Triggers": [],"Execution Time": 863.139}]
[{"Plan": {"Node Type": "Sort","Parallel Aware": false,"Async Capable": false,"Startup Cost": 21565.81,"Total Cost": 21565.87,"Plan Rows": 25,"Plan Width": 136,"Actual Startup Time": 823.071,"Actual Total Time": 855.607,"Actual Rows": 5,"Actual Loops": 1,"Sort Key": ["(sum((lineitem.l_extendedprice * ('1'::numeric - lineitem.l_discount)))) DESC"],"Sort Method": "quicksort","Sort Space Used": 25,"Sort Space Type": "Memory","Plans": [{"Node Type": "Aggregate","Strategy": "Sorted","Partial Mode": "Finalize","Parent Relationship": "Outer","Parallel Aware": false,"Async Capable": false,"Startup Cost": 21550.86,"Total Cost": 21565.23,"Plan Rows": 25,"Plan Width": 136,"Actual Startup Time": 822.468,"Actual Total Time": 855.547,"Actual Rows": 5,"Actual Loops": 1,"Group Key": ["nation.n_name"],"Plans": [{"Node Type": "Gather Merge","Parent Relationship": "Outer","Parallel Aware": false,"Async Capable": false,"Startup Cost": 21550.86,"Total Cost": 21564.54,"Plan Rows": 50,"Plan Width": 136,"Actual Startup Time": 822.203,"Actual Total Time": 855.489,"Actual Rows": 15,"Actual Loops": 1,"Workers Planned": 2,"Workers Launched": 2,"Plans": [{"Node Type": "Aggregate","Strategy": "Sorted","Partial Mode": "Partial","Parent Relationship": "Outer","Parallel Aware": false,"Async Capable": false,"Startup Cost": 20550.84,"Total Cost": 20558.75,"Plan Rows": 25,"Plan Width": 136,"Actual Startup Time": 814.240,"Actual Total Time": 814.959,"Actual Rows": 5,"Actual Loops": 3,"Group Key": ["nation.n_name"],"Workers": [],"Plans": [{"Node Type": "Sort","Parent Relationship": "Outer","Parallel Aware": false,"Async Capable": false,"Startup Cost": 20550.84,"Total Cost": 20552.36,"Plan Rows": 608,"Plan Width": 116,"Actual Startup Time": 814.029,"Actual Total Time": 814.149,"Actual Rows": 2473,"Actual Loops": 3,"Sort Key": ["nation.n_name"],"Sort Method": "quicksort","Sort Space Used": 297,"Sort Space Type": "Memory","Workers": [{"Worker Number": 0,"Sort Method": "quicksort","Sort Space Used": 287,"Sort Space Type": "Memory"},{"Worker Number": 1,"Sort Method": "quicksort","Sort Space Used": 284,"Sort Space Type": "Memory"}],"Plans": [{"Node Type": "Hash Join","Parent Relationship": "Outer","Parallel Aware": false,"Async Capable": false,"Join Type": "Inner","Startup Cost": 475.27,"Total Cost": 20522.72,"Plan Rows": 608,"Plan Width": 116,"Actual Startup Time": 11.318,"Actual Total Time": 812.483,"Actual Rows": 2473,"Actual Loops": 3,"Inner Unique": true,"Hash Cond": "((lineitem.l_suppkey = supplier.s_suppkey) AND (customer.c_nationkey = supplier.s_nationkey))","Workers": [],"Plans": [{"Node Type": "Nested Loop","Parent Relationship": "Outer","Parallel Aware": false,"Async Capable": false,"Join Type": "Inner","Startup Cost": 3.27,"Total Cost": 19970.84,"Plan Rows": 15215,"Plan Width": 128,"Actual Startup Time": 0.595,"Actual Total Time": 768.935,"Actual Rows": 60276,"Actual Loops": 3,"Inner Unique": false,"Workers": [],"Plans": [{"Node Type": "Nested Loop","Parent Relationship": "Outer","Parallel Aware": false,"Async Capable": false,"Join Type": "Inner","Startup Cost": 2.84,"Total Cost": 8414.26,"Plan Rows": 3803,"Plan Width": 116,"Actual Startup Time": 0.466,"Actual Total Time": 464.532,"Actual Rows": 15032,"Actual Loops": 3,"Inner Unique": false,"Workers": [],"Plans": [{"Node Type": "Hash Join","Parent Relationship": "Outer","Parallel Aware": false,"Async Capable": false,"Join Type": "Inner","Startup Cost": 2.41,"Total Cost": 4471.79,"Plan Rows": 2500,"Plan Width": 116,"Actual Startup Time": 0.243,"Actual Total Time": 60.744,"Actual Rows": 9968,"Actual Loops": 3,"Inner Unique": false,"Hash Cond": "(customer.c_nationkey = nation.n_nationkey)","Workers": [],"Plans": [{"Node Type": "Seq Scan","Parent Relationship": "Outer","Parallel Aware": true,"Async Capable": false,"Relation Name": "customer","Alias": "customer","Startup Cost": 0.00,"Total Cost": 4210.00,"Plan Rows": 62500,"Plan Width": 8,"Actual Startup Time": 0.012,"Actual Total Time": 10.205,"Actual Rows": 50000,"Actual Loops": 3,"Workers": []},{"Node Type": "Hash","Parent Relationship": "Inner","Parallel Aware": false,"Async Capable": false,"Startup Cost": 2.40,"Total Cost": 2.40,"Plan Rows": 1,"Plan Width": 108,"Actual Startup Time": 0.142,"Actual Total Time": 0.157,"Actual Rows": 5,"Actual Loops": 3,"Hash Buckets": 1024,"Original Hash Buckets": 1024,"Hash Batches": 1,"Original Hash Batches": 1,"Peak Memory Usage": 9,"Workers": [],"Plans": [{"Node Type": "Hash Join","Parent Relationship": "Outer","Parallel Aware": false,"Async Capable": false,"Join Type": "Inner","Startup Cost": 1.07,"Total Cost": 2.40,"Plan Rows": 1,"Plan Width": 108,"Actual Startup Time": 0.130,"Actual Total Time": 0.149,"Actual Rows": 5,"Actual Loops": 3,"Inner Unique": true,"Hash Cond": "(nation.n_regionkey = region.r_regionkey)","Workers": [],"Plans": [{"Node Type": "Seq Scan","Parent Relationship": "Outer","Parallel Aware": false,"Async Capable": false,"Relation Name": "nation","Alias": "nation","Startup Cost": 0.00,"Total Cost": 1.25,"Plan Rows": 25,"Plan Width": 112,"Actual Startup Time": 0.040,"Actual Total Time": 0.044,"Actual Rows": 25,"Actual Loops": 3,"Workers": []},{"Node Type": "Hash","Parent Relationship": "Inner","Parallel Aware": false,"Async Capable": false,"Startup Cost": 1.06,"Total Cost": 1.06,"Plan Rows": 1,"Plan Width": 4,"Actual Startup Time": 0.063,"Actual Total Time": 0.068,"Actual Rows": 1,"Actual Loops": 3,"Hash Buckets": 1024,"Original Hash Buckets": 1024,"Hash Batches": 1,"Original Hash Batches": 1,"Peak Memory Usage": 9,"Workers": [],"Plans": [{"Node Type": "Seq Scan","Parent Relationship": "Outer","Parallel Aware": false,"Async Capable": false,"Relation Name": "region","Alias": "region","Startup Cost": 0.00,"Total Cost": 1.06,"Plan Rows": 1,"Plan Width": 4,"Actual Startup Time": 0.045,"Actual Total Time": 0.047,"Actual Rows": 1,"Actual Loops": 3,"Filter": "(r_name = 'MIDDLE EAST'::bpchar)","Rows Removed by Filter": 4,"Workers": []}]}]}]}]},{"Node Type": "Index Scan","Parent Relationship": "Inner","Parallel Aware": false,"Async Capable": false,"Scan Direction": "Forward","Index Name": "idx_orders_custkey","Relation Name": "orders","Alias": "orders","Startup Cost": 0.43,"Total Cost": 1.55,"Plan Rows": 3,"Plan Width": 8,"Actual Startup Time": 0.017,"Actual Total Time": 0.040,"Actual Rows": 2,"Actual Loops": 29904,"Index Cond": "(o_custkey = customer.c_custkey)","Rows Removed by Index Recheck": 0,"Filter": "((o_orderdate >= '1997-01-01'::date) AND (o_orderdate < '1998-01-01 00:00:00'::timestamp without time zone))","Rows Removed by Filter": 8,"Workers": []}]},{"Node Type": "Index Scan","Parent Relationship": "Inner","Parallel Aware": false,"Async Capable": false,"Scan Direction": "Forward","Index Name": "idx_lineitem_orderkey","Relation Name": "lineitem","Alias": "lineitem","Startup Cost": 0.43,"Total Cost": 2.87,"Plan Rows": 17,"Plan Width": 20,"Actual Startup Time": 0.017,"Actual Total Time": 0.019,"Actual Rows": 4,"Actual Loops": 45096,"Index Cond": "(l_orderkey = orders.o_orderkey)","Rows Removed by Index Recheck": 0,"Workers": []}]},{"Node Type": "Hash","Parent Relationship": "Inner","Parallel Aware": false,"Async Capable": false,"Startup Cost": 322.00,"Total Cost": 322.00,"Plan Rows": 10000,"Plan Width": 8,"Actual Startup Time": 9.890,"Actual Total Time": 9.894,"Actual Rows": 10000,"Actual Loops": 3,"Hash Buckets": 16384,"Original Hash Buckets": 16384,"Hash Batches": 1,"Original Hash Batches": 1,"Peak Memory Usage": 519,"Workers": [],"Plans": [{"Node Type": "Seq Scan","Parent Relationship": "Outer","Parallel Aware": false,"Async Capable": false,"Relation Name": "supplier","Alias": "supplier","Startup Cost": 0.00,"Total Cost": 322.00,"Plan Rows": 10000,"Plan Width": 8,"Actual Startup Time": 0.039,"Actual Total Time": 7.896,"Actual Rows": 10000,"Actual Loops": 3,"Workers": []}]}]}]}]}]}]}]},"Planning Time": 11.619,"Triggers": [],"Execution Time": 856.108}]
[{"Plan": {"Node Type": "Sort","Parallel Aware": false,"Async Capable": false,"Startup Cost": 21565.24,"Total Cost": 21565.30,"Plan Rows": 25,"Plan Width": 136,"Actual Startup Time": 812.920,"Actual Total Time": 845.337,"Actual Rows": 5,"Actual Loops": 1,"Sort Key": ["(sum((lineitem.l_extendedprice * ('1'::numeric - lineitem.l_discount)))) DESC"],"Sort Method": "quicksort","Sort Space Used": 25,"Sort Space Type": "Memory","Plans": [{"Node Type": "Aggregate","Strategy": "Sorted","Partial Mode": "Finalize","Parent Relationship": "Outer","Parallel Aware": false,"Async Capable": false,"Startup Cost": 21550.29,"Total Cost": 21564.66,"Plan Rows": 25,"Plan Width": 136,"Actual Startup Time": 812.284,"Actual Total Time": 845.271,"Actual Rows": 5,"Actual Loops": 1,"Group Key": ["nation.n_name"],"Plans": [{"Node Type": "Gather Merge","Parent Relationship": "Outer","Parallel Aware": false,"Async Capable": false,"Startup Cost": 21550.29,"Total Cost": 21563.97,"Plan Rows": 50,"Plan Width": 136,"Actual Startup Time": 812.043,"Actual Total Time": 845.216,"Actual Rows": 15,"Actual Loops": 1,"Workers Planned": 2,"Workers Launched": 2,"Plans": [{"Node Type": "Aggregate","Strategy": "Sorted","Partial Mode": "Partial","Parent Relationship": "Outer","Parallel Aware": false,"Async Capable": false,"Startup Cost": 20550.26,"Total Cost": 20558.18,"Plan Rows": 25,"Plan Width": 136,"Actual Startup Time": 804.529,"Actual Total Time": 805.274,"Actual Rows": 5,"Actual Loops": 3,"Group Key": ["nation.n_name"],"Workers": [],"Plans": [{"Node Type": "Sort","Parent Relationship": "Outer","Parallel Aware": false,"Async Capable": false,"Startup Cost": 20550.26,"Total Cost": 20551.78,"Plan Rows": 608,"Plan Width": 116,"Actual Startup Time": 804.312,"Actual Total Time": 804.451,"Actual Rows": 2459,"Actual Loops": 3,"Sort Key": ["nation.n_name"],"Sort Method": "quicksort","Sort Space Used": 291,"Sort Space Type": "Memory","Workers": [{"Worker Number": 0,"Sort Method": "quicksort","Sort Space Used": 281,"Sort Space Type": "Memory"},{"Worker Number": 1,"Sort Method": "quicksort","Sort Space Used": 294,"Sort Space Type": "Memory"}],"Plans": [{"Node Type": "Hash Join","Parent Relationship": "Outer","Parallel Aware": false,"Async Capable": false,"Join Type": "Inner","Startup Cost": 475.27,"Total Cost": 20522.15,"Plan Rows": 608,"Plan Width": 116,"Actual Startup Time": 9.963,"Actual Total Time": 802.770,"Actual Rows": 2459,"Actual Loops": 3,"Inner Unique": true,"Hash Cond": "((lineitem.l_suppkey = supplier.s_suppkey) AND (customer.c_nationkey = supplier.s_nationkey))","Workers": [],"Plans": [{"Node Type": "Nested Loop","Parent Relationship": "Outer","Parallel Aware": false,"Async Capable": false,"Join Type": "Inner","Startup Cost": 3.27,"Total Cost": 19970.29,"Plan Rows": 15211,"Plan Width": 128,"Actual Startup Time": 0.726,"Actual Total Time": 761.226,"Actual Rows": 61195,"Actual Loops": 3,"Inner Unique": false,"Workers": [],"Plans": [{"Node Type": "Nested Loop","Parent Relationship": "Outer","Parallel Aware": false,"Async Capable": false,"Join Type": "Inner","Startup Cost": 2.84,"Total Cost": 8414.26,"Plan Rows": 3802,"Plan Width": 116,"Actual Startup Time": 0.590,"Actual Total Time": 455.580,"Actual Rows": 15244,"Actual Loops": 3,"Inner Unique": false,"Workers": [],"Plans": [{"Node Type": "Hash Join","Parent Relationship": "Outer","Parallel Aware": false,"Async Capable": false,"Join Type": "Inner","Startup Cost": 2.41,"Total Cost": 4471.79,"Plan Rows": 2500,"Plan Width": 116,"Actual Startup Time": 0.294,"Actual Total Time": 55.676,"Actual Rows": 10061,"Actual Loops": 3,"Inner Unique": false,"Hash Cond": "(customer.c_nationkey = nation.n_nationkey)","Workers": [],"Plans": [{"Node Type": "Seq Scan","Parent Relationship": "Outer","Parallel Aware": true,"Async Capable": false,"Relation Name": "customer","Alias": "customer","Startup Cost": 0.00,"Total Cost": 4210.00,"Plan Rows": 62500,"Plan Width": 8,"Actual Startup Time": 0.018,"Actual Total Time": 9.635,"Actual Rows": 50000,"Actual Loops": 3,"Workers": []},{"Node Type": "Hash","Parent Relationship": "Inner","Parallel Aware": false,"Async Capable": false,"Startup Cost": 2.40,"Total Cost": 2.40,"Plan Rows": 1,"Plan Width": 108,"Actual Startup Time": 0.169,"Actual Total Time": 0.188,"Actual Rows": 5,"Actual Loops": 3,"Hash Buckets": 1024,"Original Hash Buckets": 1024,"Hash Batches": 1,"Original Hash Batches": 1,"Peak Memory Usage": 9,"Workers": [],"Plans": [{"Node Type": "Hash Join","Parent Relationship": "Outer","Parallel Aware": false,"Async Capable": false,"Join Type": "Inner","Startup Cost": 1.07,"Total Cost": 2.40,"Plan Rows": 1,"Plan Width": 108,"Actual Startup Time": 0.153,"Actual Total Time": 0.175,"Actual Rows": 5,"Actual Loops": 3,"Inner Unique": true,"Hash Cond": "(nation.n_regionkey = region.r_regionkey)","Workers": [],"Plans": [{"Node Type": "Seq Scan","Parent Relationship": "Outer","Parallel Aware": false,"Async Capable": false,"Relation Name": "nation","Alias": "nation","Startup Cost": 0.00,"Total Cost": 1.25,"Plan Rows": 25,"Plan Width": 112,"Actual Startup Time": 0.049,"Actual Total Time": 0.052,"Actual Rows": 25,"Actual Loops": 3,"Workers": []},{"Node Type": "Hash","Parent Relationship": "Inner","Parallel Aware": false,"Async Capable": false,"Startup Cost": 1.06,"Total Cost": 1.06,"Plan Rows": 1,"Plan Width": 4,"Actual Startup Time": 0.069,"Actual Total Time": 0.076,"Actual Rows": 1,"Actual Loops": 3,"Hash Buckets": 1024,"Original Hash Buckets": 1024,"Hash Batches": 1,"Original Hash Batches": 1,"Peak Memory Usage": 9,"Workers": [],"Plans": [{"Node Type": "Seq Scan","Parent Relationship": "Outer","Parallel Aware": false,"Async Capable": false,"Relation Name": "region","Alias": "region","Startup Cost": 0.00,"Total Cost": 1.06,"Plan Rows": 1,"Plan Width": 4,"Actual Startup Time": 0.054,"Actual Total Time": 0.057,"Actual Rows": 1,"Actual Loops": 3,"Filter": "(r_name = 'ASIA'::bpchar)","Rows Removed by Filter": 4,"Workers": []}]}]}]}]},{"Node Type": "Index Scan","Parent Relationship": "Inner","Parallel Aware": false,"Async Capable": false,"Scan Direction": "Forward","Index Name": "idx_orders_custkey","Relation Name": "orders","Alias": "orders","Startup Cost": 0.43,"Total Cost": 1.55,"Plan Rows": 3,"Plan Width": 8,"Actual Startup Time": 0.017,"Actual Total Time": 0.039,"Actual Rows": 2,"Actual Loops": 30183,"Index Cond": "(o_custkey = customer.c_custkey)","Rows Removed by Index Recheck": 0,"Filter": "((o_orderdate >= '1995-01-01'::date) AND (o_orderdate < '1996-01-01 00:00:00'::timestamp without time zone))","Rows Removed by Filter": 8,"Workers": []}]},{"Node Type": "Index Scan","Parent Relationship": "Inner","Parallel Aware": false,"Async Capable": false,"Scan Direction": "Forward","Index Name": "idx_lineitem_orderkey","Relation Name": "lineitem","Alias": "lineitem","Startup Cost": 0.43,"Total Cost": 2.87,"Plan Rows": 17,"Plan Width": 20,"Actual Startup Time": 0.017,"Actual Total Time": 0.019,"Actual Rows": 4,"Actual Loops": 45731,"Index Cond": "(l_orderkey = orders.o_orderkey)","Rows Removed by Index Recheck": 0,"Workers": []}]},{"Node Type": "Hash","Parent Relationship": "Inner","Parallel Aware": false,"Async Capable": false,"Startup Cost": 322.00,"Total Cost": 322.00,"Plan Rows": 10000,"Plan Width": 8,"Actual Startup Time": 8.662,"Actual Total Time": 8.670,"Actual Rows": 10000,"Actual Loops": 3,"Hash Buckets": 16384,"Original Hash Buckets": 16384,"Hash Batches": 1,"Original Hash Batches": 1,"Peak Memory Usage": 519,"Workers": [],"Plans": [{"Node Type": "Seq Scan","Parent Relationship": "Outer","Parallel Aware": false,"Async Capable": false,"Relation Name": "supplier","Alias": "supplier","Startup Cost": 0.00,"Total Cost": 322.00,"Plan Rows": 10000,"Plan Width": 8,"Actual Startup Time": 0.038,"Actual Total Time": 6.811,"Actual Rows": 10000,"Actual Loops": 3,"Workers": []}]}]}]}]}]}]}]},"Planning Time": 10.579,"Triggers": [],"Execution Time": 845.911}]
[{"Plan": {"Node Type": "Sort","Parallel Aware": false,"Async Capable": false,"Startup Cost": 21612.43,"Total Cost": 21612.50,"Plan Rows": 25,"Plan Width": 136,"Actual Startup Time": 812.208,"Actual Total Time": 844.906,"Actual Rows": 5,"Actual Loops": 1,"Sort Key": ["(sum((lineitem.l_extendedprice * ('1'::numeric - lineitem.l_discount)))) DESC"],"Sort Method": "quicksort","Sort Space Used": 25,"Sort Space Type": "Memory","Plans": [{"Node Type": "Aggregate","Strategy": "Sorted","Partial Mode": "Finalize","Parent Relationship": "Outer","Parallel Aware": false,"Async Capable": false,"Startup Cost": 21597.38,"Total Cost": 21611.85,"Plan Rows": 25,"Plan Width": 136,"Actual Startup Time": 811.577,"Actual Total Time": 844.848,"Actual Rows": 5,"Actual Loops": 1,"Group Key": ["nation.n_name"],"Plans": [{"Node Type": "Gather Merge","Parent Relationship": "Outer","Parallel Aware": false,"Async Capable": false,"Startup Cost": 21597.38,"Total Cost": 21611.17,"Plan Rows": 50,"Plan Width": 136,"Actual Startup Time": 811.381,"Actual Total Time": 844.798,"Actual Rows": 15,"Actual Loops": 1,"Workers Planned": 2,"Workers Launched": 2,"Plans": [{"Node Type": "Aggregate","Strategy": "Sorted","Partial Mode": "Partial","Parent Relationship": "Outer","Parallel Aware": false,"Async Capable": false,"Startup Cost": 20597.36,"Total Cost": 20605.37,"Plan Rows": 25,"Plan Width": 136,"Actual Startup Time": 803.972,"Actual Total Time": 804.698,"Actual Rows": 5,"Actual Loops": 3,"Group Key": ["nation.n_name"],"Workers": [],"Plans": [{"Node Type": "Sort","Parent Relationship": "Outer","Parallel Aware": false,"Async Capable": false,"Startup Cost": 20597.36,"Total Cost": 20598.90,"Plan Rows": 616,"Plan Width": 116,"Actual Startup Time": 803.767,"Actual Total Time": 803.896,"Actual Rows": 2458,"Actual Loops": 3,"Sort Key": ["nation.n_name"],"Sort Method": "quicksort","Sort Space Used": 292,"Sort Space Type": "Memory","Workers": [{"Worker Number": 0,"Sort Method": "quicksort","Sort Space Used": 287,"Sort Space Type": "Memory"},{"Worker Number": 1,"Sort Method": "quicksort","Sort Space Used": 286,"Sort Space Type": "Memory"}],"Plans": [{"Node Type": "Hash Join","Parent Relationship": "Outer","Parallel Aware": false,"Async Capable": false,"Join Type": "Inner","Startup Cost": 475.27,"Total Cost": 20568.82,"Plan Rows": 616,"Plan Width": 116,"Actual Startup Time": 9.755,"Actual Total Time": 802.240,"Actual Rows": 2458,"Actual Loops": 3,"Inner Unique": true,"Hash Cond": "((lineitem.l_suppkey = supplier.s_suppkey) AND (customer.c_nationkey = supplier.s_nationkey))","Workers": [],"Plans": [{"Node Type": "Nested Loop","Parent Relationship": "Outer","Parallel Aware": false,"Async Capable": false,"Join Type": "Inner","Startup Cost": 3.27,"Total Cost": 20015.89,"Plan Rows": 15415,"Plan Width": 128,"Actual Startup Time": 0.708,"Actual Total Time": 760.379,"Actual Rows": 60417,"Actual Loops": 3,"Inner Unique": false,"Workers": [],"Plans": [{"Node Type": "Nested Loop","Parent Relationship": "Outer","Parallel Aware": false,"Async Capable": false,"Join Type": "Inner","Startup Cost": 2.84,"Total Cost": 8414.26,"Plan Rows": 3853,"Plan Width": 116,"Actual Startup Time": 0.563,"Actual Total Time": 454.038,"Actual Rows": 15112,"Actual Loops": 3,"Inner Unique": false,"Workers": [],"Plans": [{"Node Type": "Hash Join","Parent Relationship": "Outer","Parallel Aware": false,"Async Capable": false,"Join Type": "Inner","Startup Cost": 2.41,"Total Cost": 4471.79,"Plan Rows": 2500,"Plan Width": 116,"Actual Startup Time": 0.264,"Actual Total Time": 54.641,"Actual Rows": 9984,"Actual Loops": 3,"Inner Unique": false,"Hash Cond": "(customer.c_nationkey = nation.n_nationkey)","Workers": [],"Plans": [{"Node Type": "Seq Scan","Parent Relationship": "Outer","Parallel Aware": true,"Async Capable": false,"Relation Name": "customer","Alias": "customer","Startup Cost": 0.00,"Total Cost": 4210.00,"Plan Rows": 62500,"Plan Width": 8,"Actual Startup Time": 0.019,"Actual Total Time": 9.602,"Actual Rows": 50000,"Actual Loops": 3,"Workers": []},{"Node Type": "Hash","Parent Relationship": "Inner","Parallel Aware": false,"Async Capable": false,"Startup Cost": 2.40,"Total Cost": 2.40,"Plan Rows": 1,"Plan Width": 108,"Actual Startup Time": 0.143,"Actual Total Time": 0.163,"Actual Rows": 5,"Actual Loops": 3,"Hash Buckets": 1024,"Original Hash Buckets": 1024,"Hash Batches": 1,"Original Hash Batches": 1,"Peak Memory Usage": 9,"Workers": [],"Plans": [{"Node Type": "Hash Join","Parent Relationship": "Outer","Parallel Aware": false,"Async Capable": false,"Join Type": "Inner","Startup Cost": 1.07,"Total Cost": 2.40,"Plan Rows": 1,"Plan Width": 108,"Actual Startup Time": 0.129,"Actual Total Time": 0.153,"Actual Rows": 5,"Actual Loops": 3,"Inner Unique": true,"Hash Cond": "(nation.n_regionkey = region.r_regionkey)","Workers": [],"Plans": [{"Node Type": "Seq Scan","Parent Relationship": "Outer","Parallel Aware": false,"Async Capable": false,"Relation Name": "nation","Alias": "nation","Startup Cost": 0.00,"Total Cost": 1.25,"Plan Rows": 25,"Plan Width": 112,"Actual Startup Time": 0.046,"Actual Total Time": 0.051,"Actual Rows": 25,"Actual Loops": 3,"Workers": []},{"Node Type": "Hash","Parent Relationship": "Inner","Parallel Aware": false,"Async Capable": false,"Startup Cost": 1.06,"Total Cost": 1.06,"Plan Rows": 1,"Plan Width": 4,"Actual Startup Time": 0.053,"Actual Total Time": 0.059,"Actual Rows": 1,"Actual Loops": 3,"Hash Buckets": 1024,"Original Hash Buckets": 1024,"Hash Batches": 1,"Original Hash Batches": 1,"Peak Memory Usage": 9,"Workers": [],"Plans": [{"Node Type": "Seq Scan","Parent Relationship": "Outer","Parallel Aware": false,"Async Capable": false,"Relation Name": "region","Alias": "region","Startup Cost": 0.00,"Total Cost": 1.06,"Plan Rows": 1,"Plan Width": 4,"Actual Startup Time": 0.038,"Actual Total Time": 0.040,"Actual Rows": 1,"Actual Loops": 3,"Filter": "(r_name = 'AMERICA'::bpchar)","Rows Removed by Filter": 4,"Workers": []}]}]}]}]},{"Node Type": "Index Scan","Parent Relationship": "Inner","Parallel Aware": false,"Async Capable": false,"Scan Direction": "Forward","Index Name": "idx_orders_custkey","Relation Name": "orders","Alias": "orders","Startup Cost": 0.43,"Total Cost": 1.55,"Plan Rows": 3,"Plan Width": 8,"Actual Startup Time": 0.017,"Actual Total Time": 0.040,"Actual Rows": 2,"Actual Loops": 29952,"Index Cond": "(o_custkey = customer.c_custkey)","Rows Removed by Index Recheck": 0,"Filter": "((o_orderdate >= '1994-01-01'::date) AND (o_orderdate < '1995-01-01 00:00:00'::timestamp without time zone))","Rows Removed by Filter": 8,"Workers": []}]},{"Node Type": "Index Scan","Parent Relationship": "Inner","Parallel Aware": false,"Async Capable": false,"Scan Direction": "Forward","Index Name": "idx_lineitem_orderkey","Relation Name": "lineitem","Alias": "lineitem","Startup Cost": 0.43,"Total Cost": 2.84,"Plan Rows": 17,"Plan Width": 20,"Actual Startup Time": 0.017,"Actual Total Time": 0.020,"Actual Rows": 4,"Actual Loops": 45335,"Index Cond": "(l_orderkey = orders.o_orderkey)","Rows Removed by Index Recheck": 0,"Workers": []}]},{"Node Type": "Hash","Parent Relationship": "Inner","Parallel Aware": false,"Async Capable": false,"Startup Cost": 322.00,"Total Cost": 322.00,"Plan Rows": 10000,"Plan Width": 8,"Actual Startup Time": 8.509,"Actual Total Time": 8.512,"Actual Rows": 10000,"Actual Loops": 3,"Hash Buckets": 16384,"Original Hash Buckets": 16384,"Hash Batches": 1,"Original Hash Batches": 1,"Peak Memory Usage": 519,"Workers": [],"Plans": [{"Node Type": "Seq Scan","Parent Relationship": "Outer","Parallel Aware": false,"Async Capable": false,"Relation Name": "supplier","Alias": "supplier","Startup Cost": 0.00,"Total Cost": 322.00,"Plan Rows": 10000,"Plan Width": 8,"Actual Startup Time": 0.036,"Actual Total Time": 6.673,"Actual Rows": 10000,"Actual Loops": 3,"Workers": []}]}]}]}]}]}]}]},"Planning Time": 10.649,"Triggers": [],"Execution Time": 845.482}]
[{"Plan": {"Node Type": "Sort","Parallel Aware": false,"Async Capable": false,"Startup Cost": 21522.30,"Total Cost": 21522.36,"Plan Rows": 25,"Plan Width": 136,"Actual Startup Time": 801.786,"Actual Total Time": 833.013,"Actual Rows": 5,"Actual Loops": 1,"Sort Key": ["(sum((lineitem.l_extendedprice * ('1'::numeric - lineitem.l_discount)))) DESC"],"Sort Method": "quicksort","Sort Space Used": 25,"Sort Space Type": "Memory","Plans": [{"Node Type": "Aggregate","Strategy": "Sorted","Partial Mode": "Finalize","Parent Relationship": "Outer","Parallel Aware": false,"Async Capable": false,"Startup Cost": 21507.43,"Total Cost": 21521.72,"Plan Rows": 25,"Plan Width": 136,"Actual Startup Time": 801.172,"Actual Total Time": 832.958,"Actual Rows": 5,"Actual Loops": 1,"Group Key": ["nation.n_name"],"Plans": [{"Node Type": "Gather Merge","Parent Relationship": "Outer","Parallel Aware": false,"Async Capable": false,"Startup Cost": 21507.43,"Total Cost": 21521.03,"Plan Rows": 50,"Plan Width": 136,"Actual Startup Time": 800.500,"Actual Total Time": 832.892,"Actual Rows": 15,"Actual Loops": 1,"Workers Planned": 2,"Workers Launched": 2,"Plans": [{"Node Type": "Aggregate","Strategy": "Sorted","Partial Mode": "Partial","Parent Relationship": "Outer","Parallel Aware": false,"Async Capable": false,"Startup Cost": 20507.41,"Total Cost": 20515.23,"Plan Rows": 25,"Plan Width": 136,"Actual Startup Time": 792.564,"Actual Total Time": 793.457,"Actual Rows": 5,"Actual Loops": 3,"Group Key": ["nation.n_name"],"Workers": [],"Plans": [{"Node Type": "Sort","Parent Relationship": "Outer","Parallel Aware": false,"Async Capable": false,"Startup Cost": 20507.41,"Total Cost": 20508.91,"Plan Rows": 601,"Plan Width": 116,"Actual Startup Time": 792.353,"Actual Total Time": 792.502,"Actual Rows": 2513,"Actual Loops": 3,"Sort Key": ["nation.n_name"],"Sort Method": "quicksort","Sort Space Used": 296,"Sort Space Type": "Memory","Workers": [{"Worker Number": 0,"Sort Method": "quicksort","Sort Space Used": 291,"Sort Space Type": "Memory"},{"Worker Number": 1,"Sort Method": "quicksort","Sort Space Used": 292,"Sort Space Type": "Memory"}],"Plans": [{"Node Type": "Hash Join","Parent Relationship": "Outer","Parallel Aware": false,"Async Capable": false,"Join Type": "Inner","Startup Cost": 475.27,"Total Cost": 20479.67,"Plan Rows": 601,"Plan Width": 116,"Actual Startup Time": 14.275,"Actual Total Time": 790.899,"Actual Rows": 2513,"Actual Loops": 3,"Inner Unique": true,"Hash Cond": "((lineitem.l_suppkey = supplier.s_suppkey) AND (customer.c_nationkey = supplier.s_nationkey))","Workers": [],"Plans": [{"Node Type": "Nested Loop","Parent Relationship": "Outer","Parallel Aware": false,"Async Capable": false,"Join Type": "Inner","Startup Cost": 3.27,"Total Cost": 19928.78,"Plan Rows": 15027,"Plan Width": 128,"Actual Startup Time": 0.573,"Actual Total Time": 745.935,"Actual Rows": 60812,"Actual Loops": 3,"Inner Unique": false,"Workers": [],"Plans": [{"Node Type": "Nested Loop","Parent Relationship": "Outer","Parallel Aware": false,"Async Capable": false,"Join Type": "Inner","Startup Cost": 2.84,"Total Cost": 8414.26,"Plan Rows": 3756,"Plan Width": 116,"Actual Startup Time": 0.447,"Actual Total Time": 445.574,"Actual Rows": 15099,"Actual Loops": 3,"Inner Unique": false,"Workers": [],"Plans": [{"Node Type": "Hash Join","Parent Relationship": "Outer","Parallel Aware": false,"Async Capable": false,"Join Type": "Inner","Startup Cost": 2.41,"Total Cost": 4471.79,"Plan Rows": 2500,"Plan Width": 116,"Actual Startup Time": 0.261,"Actual Total Time": 54.435,"Actual Rows": 9984,"Actual Loops": 3,"Inner Unique": false,"Hash Cond": "(customer.c_nationkey = nation.n_nationkey)","Workers": [],"Plans": [{"Node Type": "Seq Scan","Parent Relationship": "Outer","Parallel Aware": true,"Async Capable": false,"Relation Name": "customer","Alias": "customer","Startup Cost": 0.00,"Total Cost": 4210.00,"Plan Rows": 62500,"Plan Width": 8,"Actual Startup Time": 0.020,"Actual Total Time": 9.427,"Actual Rows": 50000,"Actual Loops": 3,"Workers": []},{"Node Type": "Hash","Parent Relationship": "Inner","Parallel Aware": false,"Async Capable": false,"Startup Cost": 2.40,"Total Cost": 2.40,"Plan Rows": 1,"Plan Width": 108,"Actual Startup Time": 0.147,"Actual Total Time": 0.168,"Actual Rows": 5,"Actual Loops": 3,"Hash Buckets": 1024,"Original Hash Buckets": 1024,"Hash Batches": 1,"Original Hash Batches": 1,"Peak Memory Usage": 9,"Workers": [],"Plans": [{"Node Type": "Hash Join","Parent Relationship": "Outer","Parallel Aware": false,"Async Capable": false,"Join Type": "Inner","Startup Cost": 1.07,"Total Cost": 2.40,"Plan Rows": 1,"Plan Width": 108,"Actual Startup Time": 0.132,"Actual Total Time": 0.158,"Actual Rows": 5,"Actual Loops": 3,"Inner Unique": true,"Hash Cond": "(nation.n_regionkey = region.r_regionkey)","Workers": [],"Plans": [{"Node Type": "Seq Scan","Parent Relationship": "Outer","Parallel Aware": false,"Async Capable": false,"Relation Name": "nation","Alias": "nation","Startup Cost": 0.00,"Total Cost": 1.25,"Plan Rows": 25,"Plan Width": 112,"Actual Startup Time": 0.053,"Actual Total Time": 0.057,"Actual Rows": 25,"Actual Loops": 3,"Workers": []},{"Node Type": "Hash","Parent Relationship": "Inner","Parallel Aware": false,"Async Capable": false,"Startup Cost": 1.06,"Total Cost": 1.06,"Plan Rows": 1,"Plan Width": 4,"Actual Startup Time": 0.054,"Actual Total Time": 0.061,"Actual Rows": 1,"Actual Loops": 3,"Hash Buckets": 1024,"Original Hash Buckets": 1024,"Hash Batches": 1,"Original Hash Batches": 1,"Peak Memory Usage": 9,"Workers": [],"Plans": [{"Node Type": "Seq Scan","Parent Relationship": "Outer","Parallel Aware": false,"Async Capable": false,"Relation Name": "region","Alias": "region","Startup Cost": 0.00,"Total Cost": 1.06,"Plan Rows": 1,"Plan Width": 4,"Actual Startup Time": 0.037,"Actual Total Time": 0.039,"Actual Rows": 1,"Actual Loops": 3,"Filter": "(r_name = 'AMERICA'::bpchar)","Rows Removed by Filter": 4,"Workers": []}]}]}]}]},{"Node Type": "Index Scan","Parent Relationship": "Inner","Parallel Aware": false,"Async Capable": false,"Scan Direction": "Forward","Index Name": "idx_orders_custkey","Relation Name": "orders","Alias": "orders","Startup Cost": 0.43,"Total Cost": 1.55,"Plan Rows": 3,"Plan Width": 8,"Actual Startup Time": 0.016,"Actual Total Time": 0.039,"Actual Rows": 2,"Actual Loops": 29952,"Index Cond": "(o_custkey = customer.c_custkey)","Rows Removed by Index Recheck": 0,"Filter": "((o_orderdate >= '1993-01-01'::date) AND (o_orderdate < '1994-01-01 00:00:00'::timestamp without time zone))","Rows Removed by Filter": 8,"Workers": []}]},{"Node Type": "Index Scan","Parent Relationship": "Inner","Parallel Aware": false,"Async Capable": false,"Scan Direction": "Forward","Index Name": "idx_lineitem_orderkey","Relation Name": "lineitem","Alias": "lineitem","Startup Cost": 0.43,"Total Cost": 2.90,"Plan Rows": 17,"Plan Width": 20,"Actual Startup Time": 0.017,"Actual Total Time": 0.019,"Actual Rows": 4,"Actual Loops": 45297,"Index Cond": "(l_orderkey = orders.o_orderkey)","Rows Removed by Index Recheck": 0,"Workers": []}]},{"Node Type": "Hash","Parent Relationship": "Inner","Parallel Aware": false,"Async Capable": false,"Startup Cost": 322.00,"Total Cost": 322.00,"Plan Rows": 10000,"Plan Width": 8,"Actual Startup Time": 12.653,"Actual Total Time": 12.656,"Actual Rows": 10000,"Actual Loops": 3,"Hash Buckets": 16384,"Original Hash Buckets": 16384,"Hash Batches": 1,"Original Hash Batches": 1,"Peak Memory Usage": 519,"Workers": [],"Plans": [{"Node Type": "Seq Scan","Parent Relationship": "Outer","Parallel Aware": false,"Async Capable": false,"Relation Name": "supplier","Alias": "supplier","Startup Cost": 0.00,"Total Cost": 322.00,"Plan Rows": 10000,"Plan Width": 8,"Actual Startup Time": 0.038,"Actual Total Time": 10.961,"Actual Rows": 10000,"Actual Loops": 3,"Workers": []}]}]}]}]}]}]}]},"Planning Time": 9.512,"Triggers": [],"Execution Time": 833.531}]
[{"Plan": {"Node Type": "Sort","Parallel Aware": false,"Async Capable": false,"Startup Cost": 21612.43,"Total Cost": 21612.50,"Plan Rows": 25,"Plan Width": 136,"Actual Startup Time": 812.208,"Actual Total Time": 844.906,"Actual Rows": 5,"Actual Loops": 1,"Sort Key": ["(sum((lineitem.l_extendedprice * ('1'::numeric - lineitem.l_discount)))) DESC"],"Sort Method": "quicksort","Sort Space Used": 25,"Sort Space Type": "Memory","Plans": [{"Node Type": "Aggregate","Strategy": "Sorted","Partial Mode": "Finalize","Parent Relationship": "Outer","Parallel Aware": false,"Async Capable": false,"Startup Cost": 21597.38,"Total Cost": 21611.85,"Plan Rows": 25,"Plan Width": 136,"Actual Startup Time": 811.577,"Actual Total Time": 844.848,"Actual Rows": 5,"Actual Loops": 1,"Group Key": ["nation.n_name"],"Plans": [{"Node Type": "Gather Merge","Parent Relationship": "Outer","Parallel Aware": false,"Async Capable": false,"Startup Cost": 21597.38,"Total Cost": 21611.17,"Plan Rows": 50,"Plan Width": 136,"Actual Startup Time": 811.381,"Actual Total Time": 844.798,"Actual Rows": 15,"Actual Loops": 1,"Workers Planned": 2,"Workers Launched": 2,"Plans": [{"Node Type": "Aggregate","Strategy": "Sorted","Partial Mode": "Partial","Parent Relationship": "Outer","Parallel Aware": false,"Async Capable": false,"Startup Cost": 20597.36,"Total Cost": 20605.37,"Plan Rows": 25,"Plan Width": 136,"Actual Startup Time": 803.972,"Actual Total Time": 804.698,"Actual Rows": 5,"Actual Loops": 3,"Group Key": ["nation.n_name"],"Workers": [],"Plans": [{"Node Type": "Sort","Parent Relationship": "Outer","Parallel Aware": false,"Async Capable": false,"Startup Cost": 20597.36,"Total Cost": 20598.90,"Plan Rows": 616,"Plan Width": 116,"Actual Startup Time": 803.767,"Actual Total Time": 803.896,"Actual Rows": 2458,"Actual Loops": 3,"Sort Key": ["nation.n_name"],"Sort Method": "quicksort","Sort Space Used": 292,"Sort Space Type": "Memory","Workers": [{"Worker Number": 0,"Sort Method": "quicksort","Sort Space Used": 287,"Sort Space Type": "Memory"},{"Worker Number": 1,"Sort Method": "quicksort","Sort Space Used": 286,"Sort Space Type": "Memory"}],"Plans": [{"Node Type": "Hash Join","Parent Relationship": "Outer","Parallel Aware": false,"Async Capable": false,"Join Type": "Inner","Startup Cost": 475.27,"Total Cost": 20568.82,"Plan Rows": 616,"Plan Width": 116,"Actual Startup Time": 9.755,"Actual Total Time": 802.240,"Actual Rows": 2458,"Actual Loops": 3,"Inner Unique": true,"Hash Cond": "((lineitem.l_suppkey = supplier.s_suppkey) AND (customer.c_nationkey = supplier.s_nationkey))","Workers": [],"Plans": [{"Node Type": "Nested Loop","Parent Relationship": "Outer","Parallel Aware": false,"Async Capable": false,"Join Type": "Inner","Startup Cost": 3.27,"Total Cost": 20015.89,"Plan Rows": 15415,"Plan Width": 128,"Actual Startup Time": 0.708,"Actual Total Time": 760.379,"Actual Rows": 60417,"Actual Loops": 3,"Inner Unique": false,"Workers": [],"Plans": [{"Node Type": "Nested Loop","Parent Relationship": "Outer","Parallel Aware": false,"Async Capable": false,"Join Type": "Inner","Startup Cost": 2.84,"Total Cost": 8414.26,"Plan Rows": 3853,"Plan Width": 116,"Actual Startup Time": 0.563,"Actual Total Time": 454.038,"Actual Rows": 15112,"Actual Loops": 3,"Inner Unique": false,"Workers": [],"Plans": [{"Node Type": "Hash Join","Parent Relationship": "Outer","Parallel Aware": false,"Async Capable": false,"Join Type": "Inner","Startup Cost": 2.41,"Total Cost": 4471.79,"Plan Rows": 2500,"Plan Width": 116,"Actual Startup Time": 0.264,"Actual Total Time": 54.641,"Actual Rows": 9984,"Actual Loops": 3,"Inner Unique": false,"Hash Cond": "(customer.c_nationkey = nation.n_nationkey)","Workers": [],"Plans": [{"Node Type": "Seq Scan","Parent Relationship": "Outer","Parallel Aware": true,"Async Capable": false,"Relation Name": "customer","Alias": "customer","Startup Cost": 0.00,"Total Cost": 4210.00,"Plan Rows": 62500,"Plan Width": 8,"Actual Startup Time": 0.019,"Actual Total Time": 9.602,"Actual Rows": 50000,"Actual Loops": 3,"Workers": []},{"Node Type": "Hash","Parent Relationship": "Inner","Parallel Aware": false,"Async Capable": false,"Startup Cost": 2.40,"Total Cost": 2.40,"Plan Rows": 1,"Plan Width": 108,"Actual Startup Time": 0.143,"Actual Total Time": 0.163,"Actual Rows": 5,"Actual Loops": 3,"Hash Buckets": 1024,"Original Hash Buckets": 1024,"Hash Batches": 1,"Original Hash Batches": 1,"Peak Memory Usage": 9,"Workers": [],"Plans": [{"Node Type": "Hash Join","Parent Relationship": "Outer","Parallel Aware": false,"Async Capable": false,"Join Type": "Inner","Startup Cost": 1.07,"Total Cost": 2.40,"Plan Rows": 1,"Plan Width": 108,"Actual Startup Time": 0.129,"Actual Total Time": 0.153,"Actual Rows": 5,"Actual Loops": 3,"Inner Unique": true,"Hash Cond": "(nation.n_regionkey = region.r_regionkey)","Workers": [],"Plans": [{"Node Type": "Seq Scan","Parent Relationship": "Outer","Parallel Aware": false,"Async Capable": false,"Relation Name": "nation","Alias": "nation","Startup Cost": 0.00,"Total Cost": 1.25,"Plan Rows": 25,"Plan Width": 112,"Actual Startup Time": 0.046,"Actual Total Time": 0.051,"Actual Rows": 25,"Actual Loops": 3,"Workers": []},{"Node Type": "Hash","Parent Relationship": "Inner","Parallel Aware": false,"Async Capable": false,"Startup Cost": 1.06,"Total Cost": 1.06,"Plan Rows": 1,"Plan Width": 4,"Actual Startup Time": 0.053,"Actual Total Time": 0.059,"Actual Rows": 1,"Actual Loops": 3,"Hash Buckets": 1024,"Original Hash Buckets": 1024,"Hash Batches": 1,"Original Hash Batches": 1,"Peak Memory Usage": 9,"Workers": [],"Plans": [{"Node Type": "Seq Scan","Parent Relationship": "Outer","Parallel Aware": false,"Async Capable": false,"Relation Name": "region","Alias": "region","Startup Cost": 0.00,"Total Cost": 1.06,"Plan Rows": 1,"Plan Width": 4,"Actual Startup Time": 0.038,"Actual Total Time": 0.040,"Actual Rows": 1,"Actual Loops": 3,"Filter": "(r_name = 'AMERICA'::bpchar)","Rows Removed by Filter": 4,"Workers": []}]}]}]}]},{"Node Type": "Index Scan","Parent Relationship": "Inner","Parallel Aware": false,"Async Capable": false,"Scan Direction": "Forward","Index Name": "idx_orders_custkey","Relation Name": "orders","Alias": "orders","Startup Cost": 0.43,"Total Cost": 1.55,"Plan Rows": 3,"Plan Width": 8,"Actual Startup Time": 0.017,"Actual Total Time": 0.040,"Actual Rows": 2,"Actual Loops": 29952,"Index Cond": "(o_custkey = customer.c_custkey)","Rows Removed by Index Recheck": 0,"Filter": "((o_orderdate >= '1994-01-01'::date) AND (o_orderdate < '1995-01-01 00:00:00'::timestamp without time zone))","Rows Removed by Filter": 8,"Workers": []}]},{"Node Type": "Index Scan","Parent Relationship": "Inner","Parallel Aware": false,"Async Capable": false,"Scan Direction": "Forward","Index Name": "idx_lineitem_orderkey","Relation Name": "lineitem","Alias": "lineitem","Startup Cost": 0.43,"Total Cost": 2.84,"Plan Rows": 17,"Plan Width": 20,"Actual Startup Time": 0.017,"Actual Total Time": 0.020,"Actual Rows": 4,"Actual Loops": 45335,"Index Cond": "(l_orderkey = orders.o_orderkey)","Rows Removed by Index Recheck": 0,"Workers": []}]},{"Node Type": "Hash","Parent Relationship": "Inner","Parallel Aware": false,"Async Capable": false,"Startup Cost": 322.00,"Total Cost": 322.00,"Plan Rows": 10000,"Plan Width": 8,"Actual Startup Time": 8.509,"Actual Total Time": 8.512,"Actual Rows": 10000,"Actual Loops": 3,"Hash Buckets": 16384,"Original Hash Buckets": 16384,"Hash Batches": 1,"Original Hash Batches": 1,"Peak Memory Usage": 519,"Workers": [],"Plans": [{"Node Type": "Seq Scan","Parent Relationship": "Outer","Parallel Aware": false,"Async Capable": false,"Relation Name": "supplier","Alias": "supplier","Startup Cost": 0.00,"Total Cost": 322.00,"Plan Rows": 10000,"Plan Width": 8,"Actual Startup Time": 0.036,"Actual Total Time": 6.673,"Actual Rows": 10000,"Actual Loops": 3,"Workers": []}]}]}]}]}]}]}]},"Planning Time": 10.649,"Triggers": [],"Execution Time": 845.482}]
[{"Plan": {"Node Type": "Sort","Parallel Aware": false,"Async Capable": false,"Startup Cost": 21522.30,"Total Cost": 21522.36,"Plan Rows": 25,"Plan Width": 136,"Actual Startup Time": 815.371,"Actual Total Time": 846.364,"Actual Rows": 5,"Actual Loops": 1,"Sort Key": ["(sum((lineitem.l_extendedprice * ('1'::numeric - lineitem.l_discount)))) DESC"],"Sort Method": "quicksort","Sort Space Used": 25,"Sort Space Type": "Memory","Plans": [{"Node Type": "Aggregate","Strategy": "Sorted","Partial Mode": "Finalize","Parent Relationship": "Outer","Parallel Aware": false,"Async Capable": false,"Startup Cost": 21507.43,"Total Cost": 21521.72,"Plan Rows": 25,"Plan Width": 136,"Actual Startup Time": 814.708,"Actual Total Time": 846.319,"Actual Rows": 5,"Actual Loops": 1,"Group Key": ["nation.n_name"],"Plans": [{"Node Type": "Gather Merge","Parent Relationship": "Outer","Parallel Aware": false,"Async Capable": false,"Startup Cost": 21507.43,"Total Cost": 21521.03,"Plan Rows": 50,"Plan Width": 136,"Actual Startup Time": 814.181,"Actual Total Time": 846.266,"Actual Rows": 15,"Actual Loops": 1,"Workers Planned": 2,"Workers Launched": 2,"Plans": [{"Node Type": "Aggregate","Strategy": "Sorted","Partial Mode": "Partial","Parent Relationship": "Outer","Parallel Aware": false,"Async Capable": false,"Startup Cost": 20507.41,"Total Cost": 20515.23,"Plan Rows": 25,"Plan Width": 136,"Actual Startup Time": 806.060,"Actual Total Time": 806.902,"Actual Rows": 5,"Actual Loops": 3,"Group Key": ["nation.n_name"],"Workers": [],"Plans": [{"Node Type": "Sort","Parent Relationship": "Outer","Parallel Aware": false,"Async Capable": false,"Startup Cost": 20507.41,"Total Cost": 20508.91,"Plan Rows": 601,"Plan Width": 116,"Actual Startup Time": 805.845,"Actual Total Time": 805.988,"Actual Rows": 2405,"Actual Loops": 3,"Sort Key": ["nation.n_name"],"Sort Method": "quicksort","Sort Space Used": 288,"Sort Space Type": "Memory","Workers": [{"Worker Number": 0,"Sort Method": "quicksort","Sort Space Used": 282,"Sort Space Type": "Memory"},{"Worker Number": 1,"Sort Method": "quicksort","Sort Space Used": 284,"Sort Space Type": "Memory"}],"Plans": [{"Node Type": "Hash Join","Parent Relationship": "Outer","Parallel Aware": false,"Async Capable": false,"Join Type": "Inner","Startup Cost": 475.27,"Total Cost": 20479.67,"Plan Rows": 601,"Plan Width": 116,"Actual Startup Time": 14.857,"Actual Total Time": 804.339,"Actual Rows": 2405,"Actual Loops": 3,"Inner Unique": true,"Hash Cond": "((lineitem.l_suppkey = supplier.s_suppkey) AND (customer.c_nationkey = supplier.s_nationkey))","Workers": [],"Plans": [{"Node Type": "Nested Loop","Parent Relationship": "Outer","Parallel Aware": false,"Async Capable": false,"Join Type": "Inner","Startup Cost": 3.27,"Total Cost": 19928.78,"Plan Rows": 15027,"Plan Width": 128,"Actual Startup Time": 0.928,"Actual Total Time": 758.714,"Actual Rows": 60519,"Actual Loops": 3,"Inner Unique": false,"Workers": [],"Plans": [{"Node Type": "Nested Loop","Parent Relationship": "Outer","Parallel Aware": false,"Async Capable": false,"Join Type": "Inner","Startup Cost": 2.84,"Total Cost": 8414.26,"Plan Rows": 3756,"Plan Width": 116,"Actual Startup Time": 0.799,"Actual Total Time": 454.413,"Actual Rows": 15151,"Actual Loops": 3,"Inner Unique": false,"Workers": [],"Plans": [{"Node Type": "Hash Join","Parent Relationship": "Outer","Parallel Aware": false,"Async Capable": false,"Join Type": "Inner","Startup Cost": 2.41,"Total Cost": 4471.79,"Plan Rows": 2500,"Plan Width": 116,"Actual Startup Time": 0.321,"Actual Total Time": 54.810,"Actual Rows": 10061,"Actual Loops": 3,"Inner Unique": false,"Hash Cond": "(customer.c_nationkey = nation.n_nationkey)","Workers": [],"Plans": [{"Node Type": "Seq Scan","Parent Relationship": "Outer","Parallel Aware": true,"Async Capable": false,"Relation Name": "customer","Alias": "customer","Startup Cost": 0.00,"Total Cost": 4210.00,"Plan Rows": 62500,"Plan Width": 8,"Actual Startup Time": 0.016,"Actual Total Time": 9.647,"Actual Rows": 50000,"Actual Loops": 3,"Workers": []},{"Node Type": "Hash","Parent Relationship": "Inner","Parallel Aware": false,"Async Capable": false,"Startup Cost": 2.40,"Total Cost": 2.40,"Plan Rows": 1,"Plan Width": 108,"Actual Startup Time": 0.190,"Actual Total Time": 0.209,"Actual Rows": 5,"Actual Loops": 3,"Hash Buckets": 1024,"Original Hash Buckets": 1024,"Hash Batches": 1,"Original Hash Batches": 1,"Peak Memory Usage": 9,"Workers": [],"Plans": [{"Node Type": "Hash Join","Parent Relationship": "Outer","Parallel Aware": false,"Async Capable": false,"Join Type": "Inner","Startup Cost": 1.07,"Total Cost": 2.40,"Plan Rows": 1,"Plan Width": 108,"Actual Startup Time": 0.173,"Actual Total Time": 0.196,"Actual Rows": 5,"Actual Loops": 3,"Inner Unique": true,"Hash Cond": "(nation.n_regionkey = region.r_regionkey)","Workers": [],"Plans": [{"Node Type": "Seq Scan","Parent Relationship": "Outer","Parallel Aware": false,"Async Capable": false,"Relation Name": "nation","Alias": "nation","Startup Cost": 0.00,"Total Cost": 1.25,"Plan Rows": 25,"Plan Width": 112,"Actual Startup Time": 0.080,"Actual Total Time": 0.084,"Actual Rows": 25,"Actual Loops": 3,"Workers": []},{"Node Type": "Hash","Parent Relationship": "Inner","Parallel Aware": false,"Async Capable": false,"Startup Cost": 1.06,"Total Cost": 1.06,"Plan Rows": 1,"Plan Width": 4,"Actual Startup Time": 0.060,"Actual Total Time": 0.067,"Actual Rows": 1,"Actual Loops": 3,"Hash Buckets": 1024,"Original Hash Buckets": 1024,"Hash Batches": 1,"Original Hash Batches": 1,"Peak Memory Usage": 9,"Workers": [],"Plans": [{"Node Type": "Seq Scan","Parent Relationship": "Outer","Parallel Aware": false,"Async Capable": false,"Relation Name": "region","Alias": "region","Startup Cost": 0.00,"Total Cost": 1.06,"Plan Rows": 1,"Plan Width": 4,"Actual Startup Time": 0.046,"Actual Total Time": 0.049,"Actual Rows": 1,"Actual Loops": 3,"Filter": "(r_name = 'ASIA'::bpchar)","Rows Removed by Filter": 4,"Workers": []}]}]}]}]},{"Node Type": "Index Scan","Parent Relationship": "Inner","Parallel Aware": false,"Async Capable": false,"Scan Direction": "Forward","Index Name": "idx_orders_custkey","Relation Name": "orders","Alias": "orders","Startup Cost": 0.43,"Total Cost": 1.55,"Plan Rows": 3,"Plan Width": 8,"Actual Startup Time": 0.017,"Actual Total Time": 0.039,"Actual Rows": 2,"Actual Loops": 30183,"Index Cond": "(o_custkey = customer.c_custkey)","Rows Removed by Index Recheck": 0,"Filter": "((o_orderdate >= '1993-01-01'::date) AND (o_orderdate < '1994-01-01 00:00:00'::timestamp without time zone))","Rows Removed by Filter": 8,"Workers": []}]},{"Node Type": "Index Scan","Parent Relationship": "Inner","Parallel Aware": false,"Async Capable": false,"Scan Direction": "Forward","Index Name": "idx_lineitem_orderkey","Relation Name": "lineitem","Alias": "lineitem","Startup Cost": 0.43,"Total Cost": 2.90,"Plan Rows": 17,"Plan Width": 20,"Actual Startup Time": 0.017,"Actual Total Time": 0.019,"Actual Rows": 4,"Actual Loops": 45452,"Index Cond": "(l_orderkey = orders.o_orderkey)","Rows Removed by Index Recheck": 0,"Workers": []}]},{"Node Type": "Hash","Parent Relationship": "Inner","Parallel Aware": false,"Async Capable": false,"Startup Cost": 322.00,"Total Cost": 322.00,"Plan Rows": 10000,"Plan Width": 8,"Actual Startup Time": 13.249,"Actual Total Time": 13.253,"Actual Rows": 10000,"Actual Loops": 3,"Hash Buckets": 16384,"Original Hash Buckets": 16384,"Hash Batches": 1,"Original Hash Batches": 1,"Peak Memory Usage": 519,"Workers": [],"Plans": [{"Node Type": "Seq Scan","Parent Relationship": "Outer","Parallel Aware": false,"Async Capable": false,"Relation Name": "supplier","Alias": "supplier","Startup Cost": 0.00,"Total Cost": 322.00,"Plan Rows": 10000,"Plan Width": 8,"Actual Startup Time": 0.061,"Actual Total Time": 11.553,"Actual Rows": 10000,"Actual Loops": 3,"Workers": []}]}]}]}]}]}]}]},"Planning Time": 10.259,"Triggers": [],"Execution Time": 846.817}]
[{"Plan": {"Node Type": "Sort","Parallel Aware": false,"Async Capable": false,"Startup Cost": 21565.81,"Total Cost": 21565.87,"Plan Rows": 25,"Plan Width": 136,"Actual Startup Time": 831.835,"Actual Total Time": 873.525,"Actual Rows": 5,"Actual Loops": 1,"Sort Key": ["(sum((lineitem.l_extendedprice * ('1'::numeric - lineitem.l_discount)))) DESC"],"Sort Method": "quicksort","Sort Space Used": 25,"Sort Space Type": "Memory","Plans": [{"Node Type": "Aggregate","Strategy": "Sorted","Partial Mode": "Finalize","Parent Relationship": "Outer","Parallel Aware": false,"Async Capable": false,"Startup Cost": 21550.86,"Total Cost": 21565.23,"Plan Rows": 25,"Plan Width": 136,"Actual Startup Time": 831.274,"Actual Total Time": 873.480,"Actual Rows": 5,"Actual Loops": 1,"Group Key": ["nation.n_name"],"Plans": [{"Node Type": "Gather Merge","Parent Relationship": "Outer","Parallel Aware": false,"Async Capable": false,"Startup Cost": 21550.86,"Total Cost": 21564.54,"Plan Rows": 50,"Plan Width": 136,"Actual Startup Time": 830.694,"Actual Total Time": 873.427,"Actual Rows": 15,"Actual Loops": 1,"Workers Planned": 2,"Workers Launched": 2,"Plans": [{"Node Type": "Aggregate","Strategy": "Sorted","Partial Mode": "Partial","Parent Relationship": "Outer","Parallel Aware": false,"Async Capable": false,"Startup Cost": 20550.84,"Total Cost": 20558.75,"Plan Rows": 25,"Plan Width": 136,"Actual Startup Time": 822.251,"Actual Total Time": 823.046,"Actual Rows": 5,"Actual Loops": 3,"Group Key": ["nation.n_name"],"Workers": [],"Plans": [{"Node Type": "Sort","Parent Relationship": "Outer","Parallel Aware": false,"Async Capable": false,"Startup Cost": 20550.84,"Total Cost": 20552.36,"Plan Rows": 608,"Plan Width": 116,"Actual Startup Time": 822.034,"Actual Total Time": 822.187,"Actual Rows": 2330,"Actual Loops": 3,"Sort Key": ["nation.n_name"],"Sort Method": "quicksort","Sort Space Used": 287,"Sort Space Type": "Memory","Workers": [{"Worker Number": 0,"Sort Method": "quicksort","Sort Space Used": 271,"Sort Space Type": "Memory"},{"Worker Number": 1,"Sort Method": "quicksort","Sort Space Used": 278,"Sort Space Type": "Memory"}],"Plans": [{"Node Type": "Hash Join","Parent Relationship": "Outer","Parallel Aware": false,"Async Capable": false,"Join Type": "Inner","Startup Cost": 475.27,"Total Cost": 20522.72,"Plan Rows": 608,"Plan Width": 116,"Actual Startup Time": 11.715,"Actual Total Time": 820.536,"Actual Rows": 2330,"Actual Loops": 3,"Inner Unique": true,"Hash Cond": "((lineitem.l_suppkey = supplier.s_suppkey) AND (customer.c_nationkey = supplier.s_nationkey))","Workers": [],"Plans": [{"Node Type": "Nested Loop","Parent Relationship": "Outer","Parallel Aware": false,"Async Capable": false,"Join Type": "Inner","Startup Cost": 3.27,"Total Cost": 19970.84,"Plan Rows": 15215,"Plan Width": 128,"Actual Startup Time": 0.848,"Actual Total Time": 777.711,"Actual Rows": 60416,"Actual Loops": 3,"Inner Unique": false,"Workers": [],"Plans": [{"Node Type": "Nested Loop","Parent Relationship": "Outer","Parallel Aware": false,"Async Capable": false,"Join Type": "Inner","Startup Cost": 2.84,"Total Cost": 8414.26,"Plan Rows": 3803,"Plan Width": 116,"Actual Startup Time": 0.710,"Actual Total Time": 470.008,"Actual Rows": 15150,"Actual Loops": 3,"Inner Unique": false,"Workers": [],"Plans": [{"Node Type": "Hash Join","Parent Relationship": "Outer","Parallel Aware": false,"Async Capable": false,"Join Type": "Inner","Startup Cost": 2.41,"Total Cost": 4471.79,"Plan Rows": 2500,"Plan Width": 116,"Actual Startup Time": 0.302,"Actual Total Time": 60.810,"Actual Rows": 9921,"Actual Loops": 3,"Inner Unique": false,"Hash Cond": "(customer.c_nationkey = nation.n_nationkey)","Workers": [],"Plans": [{"Node Type": "Seq Scan","Parent Relationship": "Outer","Parallel Aware": true,"Async Capable": false,"Relation Name": "customer","Alias": "customer","Startup Cost": 0.00,"Total Cost": 4210.00,"Plan Rows": 62500,"Plan Width": 8,"Actual Startup Time": 0.020,"Actual Total Time": 10.219,"Actual Rows": 50000,"Actual Loops": 3,"Workers": []},{"Node Type": "Hash","Parent Relationship": "Inner","Parallel Aware": false,"Async Capable": false,"Startup Cost": 2.40,"Total Cost": 2.40,"Plan Rows": 1,"Plan Width": 108,"Actual Startup Time": 0.183,"Actual Total Time": 0.205,"Actual Rows": 5,"Actual Loops": 3,"Hash Buckets": 1024,"Original Hash Buckets": 1024,"Hash Batches": 1,"Original Hash Batches": 1,"Peak Memory Usage": 9,"Workers": [],"Plans": [{"Node Type": "Hash Join","Parent Relationship": "Outer","Parallel Aware": false,"Async Capable": false,"Join Type": "Inner","Startup Cost": 1.07,"Total Cost": 2.40,"Plan Rows": 1,"Plan Width": 108,"Actual Startup Time": 0.167,"Actual Total Time": 0.195,"Actual Rows": 5,"Actual Loops": 3,"Inner Unique": true,"Hash Cond": "(nation.n_regionkey = region.r_regionkey)","Workers": [],"Plans": [{"Node Type": "Seq Scan","Parent Relationship": "Outer","Parallel Aware": false,"Async Capable": false,"Relation Name": "nation","Alias": "nation","Startup Cost": 0.00,"Total Cost": 1.25,"Plan Rows": 25,"Plan Width": 112,"Actual Startup Time": 0.065,"Actual Total Time": 0.070,"Actual Rows": 25,"Actual Loops": 3,"Workers": []},{"Node Type": "Hash","Parent Relationship": "Inner","Parallel Aware": false,"Async Capable": false,"Startup Cost": 1.06,"Total Cost": 1.06,"Plan Rows": 1,"Plan Width": 4,"Actual Startup Time": 0.074,"Actual Total Time": 0.079,"Actual Rows": 1,"Actual Loops": 3,"Hash Buckets": 1024,"Original Hash Buckets": 1024,"Hash Batches": 1,"Original Hash Batches": 1,"Peak Memory Usage": 9,"Workers": [],"Plans": [{"Node Type": "Seq Scan","Parent Relationship": "Outer","Parallel Aware": false,"Async Capable": false,"Relation Name": "region","Alias": "region","Startup Cost": 0.00,"Total Cost": 1.06,"Plan Rows": 1,"Plan Width": 4,"Actual Startup Time": 0.049,"Actual Total Time": 0.053,"Actual Rows": 1,"Actual Loops": 3,"Filter": "(r_name = 'AFRICA'::bpchar)","Rows Removed by Filter": 4,"Workers": []}]}]}]}]},{"Node Type": "Index Scan","Parent Relationship": "Inner","Parallel Aware": false,"Async Capable": false,"Scan Direction": "Forward","Index Name": "idx_orders_custkey","Relation Name": "orders","Alias": "orders","Startup Cost": 0.43,"Total Cost": 1.55,"Plan Rows": 3,"Plan Width": 8,"Actual Startup Time": 0.018,"Actual Total Time": 0.041,"Actual Rows": 2,"Actual Loops": 29764,"Index Cond": "(o_custkey = customer.c_custkey)","Rows Removed by Index Recheck": 0,"Filter": "((o_orderdate >= '1997-01-01'::date) AND (o_orderdate < '1998-01-01 00:00:00'::timestamp without time zone))","Rows Removed by Filter": 9,"Workers": []}]},{"Node Type": "Index Scan","Parent Relationship": "Inner","Parallel Aware": false,"Async Capable": false,"Scan Direction": "Forward","Index Name": "idx_lineitem_orderkey","Relation Name": "lineitem","Alias": "lineitem","Startup Cost": 0.43,"Total Cost": 2.87,"Plan Rows": 17,"Plan Width": 20,"Actual Startup Time": 0.017,"Actual Total Time": 0.020,"Actual Rows": 4,"Actual Loops": 45450,"Index Cond": "(l_orderkey = orders.o_orderkey)","Rows Removed by Index Recheck": 0,"Workers": []}]},{"Node Type": "Hash","Parent Relationship": "Inner","Parallel Aware": false,"Async Capable": false,"Startup Cost": 322.00,"Total Cost": 322.00,"Plan Rows": 10000,"Plan Width": 8,"Actual Startup Time": 8.425,"Actual Total Time": 8.430,"Actual Rows": 10000,"Actual Loops": 3,"Hash Buckets": 16384,"Original Hash Buckets": 16384,"Hash Batches": 1,"Original Hash Batches": 1,"Peak Memory Usage": 519,"Workers": [],"Plans": [{"Node Type": "Seq Scan","Parent Relationship": "Outer","Parallel Aware": false,"Async Capable": false,"Relation Name": "supplier","Alias": "supplier","Startup Cost": 0.00,"Total Cost": 322.00,"Plan Rows": 10000,"Plan Width": 8,"Actual Startup Time": 0.044,"Actual Total Time": 6.920,"Actual Rows": 10000,"Actual Loops": 3,"Workers": []}]}]}]}]}]}]}]},"Planning Time": 9.220,"Triggers": [],"Execution Time": 874.104}]
[{"Plan": {"Node Type": "Sort","Parallel Aware": false,"Async Capable": false,"Startup Cost": 21565.24,"Total Cost": 21565.30,"Plan Rows": 25,"Plan Width": 136,"Actual Startup Time": 809.309,"Actual Total Time": 841.501,"Actual Rows": 5,"Actual Loops": 1,"Sort Key": ["(sum((lineitem.l_extendedprice * ('1'::numeric - lineitem.l_discount)))) DESC"],"Sort Method": "quicksort","Sort Space Used": 25,"Sort Space Type": "Memory","Plans": [{"Node Type": "Aggregate","Strategy": "Sorted","Partial Mode": "Finalize","Parent Relationship": "Outer","Parallel Aware": false,"Async Capable": false,"Startup Cost": 21550.29,"Total Cost": 21564.66,"Plan Rows": 25,"Plan Width": 136,"Actual Startup Time": 808.678,"Actual Total Time": 841.457,"Actual Rows": 5,"Actual Loops": 1,"Group Key": ["nation.n_name"],"Plans": [{"Node Type": "Gather Merge","Parent Relationship": "Outer","Parallel Aware": false,"Async Capable": false,"Startup Cost": 21550.29,"Total Cost": 21563.97,"Plan Rows": 50,"Plan Width": 136,"Actual Startup Time": 808.243,"Actual Total Time": 841.406,"Actual Rows": 15,"Actual Loops": 1,"Workers Planned": 2,"Workers Launched": 2,"Plans": [{"Node Type": "Aggregate","Strategy": "Sorted","Partial Mode": "Partial","Parent Relationship": "Outer","Parallel Aware": false,"Async Capable": false,"Startup Cost": 20550.26,"Total Cost": 20558.18,"Plan Rows": 25,"Plan Width": 136,"Actual Startup Time": 800.586,"Actual Total Time": 801.383,"Actual Rows": 5,"Actual Loops": 3,"Group Key": ["nation.n_name"],"Workers": [],"Plans": [{"Node Type": "Sort","Parent Relationship": "Outer","Parallel Aware": false,"Async Capable": false,"Startup Cost": 20550.26,"Total Cost": 20551.78,"Plan Rows": 608,"Plan Width": 116,"Actual Startup Time": 800.370,"Actual Total Time": 800.511,"Actual Rows": 2409,"Actual Loops": 3,"Sort Key": ["nation.n_name"],"Sort Method": "quicksort","Sort Space Used": 290,"Sort Space Type": "Memory","Workers": [{"Worker Number": 0,"Sort Method": "quicksort","Sort Space Used": 281,"Sort Space Type": "Memory"},{"Worker Number": 1,"Sort Method": "quicksort","Sort Space Used": 283,"Sort Space Type": "Memory"}],"Plans": [{"Node Type": "Hash Join","Parent Relationship": "Outer","Parallel Aware": false,"Async Capable": false,"Join Type": "Inner","Startup Cost": 475.27,"Total Cost": 20522.15,"Plan Rows": 608,"Plan Width": 116,"Actual Startup Time": 14.807,"Actual Total Time": 798.884,"Actual Rows": 2409,"Actual Loops": 3,"Inner Unique": true,"Hash Cond": "((lineitem.l_suppkey = supplier.s_suppkey) AND (customer.c_nationkey = supplier.s_nationkey))","Workers": [],"Plans": [{"Node Type": "Nested Loop","Parent Relationship": "Outer","Parallel Aware": false,"Async Capable": false,"Join Type": "Inner","Startup Cost": 3.27,"Total Cost": 19970.29,"Plan Rows": 15211,"Plan Width": 128,"Actual Startup Time": 0.571,"Actual Total Time": 753.021,"Actual Rows": 60135,"Actual Loops": 3,"Inner Unique": false,"Workers": [],"Plans": [{"Node Type": "Nested Loop","Parent Relationship": "Outer","Parallel Aware": false,"Async Capable": false,"Join Type": "Inner","Startup Cost": 2.84,"Total Cost": 8414.26,"Plan Rows": 3802,"Plan Width": 116,"Actual Startup Time": 0.432,"Actual Total Time": 448.470,"Actual Rows": 15086,"Actual Loops": 3,"Inner Unique": false,"Workers": [],"Plans": [{"Node Type": "Hash Join","Parent Relationship": "Outer","Parallel Aware": false,"Async Capable": false,"Join Type": "Inner","Startup Cost": 2.41,"Total Cost": 4471.79,"Plan Rows": 2500,"Plan Width": 116,"Actual Startup Time": 0.234,"Actual Total Time": 55.967,"Actual Rows": 9968,"Actual Loops": 3,"Inner Unique": false,"Hash Cond": "(customer.c_nationkey = nation.n_nationkey)","Workers": [],"Plans": [{"Node Type": "Seq Scan","Parent Relationship": "Outer","Parallel Aware": true,"Async Capable": false,"Relation Name": "customer","Alias": "customer","Startup Cost": 0.00,"Total Cost": 4210.00,"Plan Rows": 62500,"Plan Width": 8,"Actual Startup Time": 0.014,"Actual Total Time": 9.575,"Actual Rows": 50000,"Actual Loops": 3,"Workers": []},{"Node Type": "Hash","Parent Relationship": "Inner","Parallel Aware": false,"Async Capable": false,"Startup Cost": 2.40,"Total Cost": 2.40,"Plan Rows": 1,"Plan Width": 108,"Actual Startup Time": 0.143,"Actual Total Time": 0.166,"Actual Rows": 5,"Actual Loops": 3,"Hash Buckets": 1024,"Original Hash Buckets": 1024,"Hash Batches": 1,"Original Hash Batches": 1,"Peak Memory Usage": 9,"Workers": [],"Plans": [{"Node Type": "Hash Join","Parent Relationship": "Outer","Parallel Aware": false,"Async Capable": false,"Join Type": "Inner","Startup Cost": 1.07,"Total Cost": 2.40,"Plan Rows": 1,"Plan Width": 108,"Actual Startup Time": 0.129,"Actual Total Time": 0.155,"Actual Rows": 5,"Actual Loops": 3,"Inner Unique": true,"Hash Cond": "(nation.n_regionkey = region.r_regionkey)","Workers": [],"Plans": [{"Node Type": "Seq Scan","Parent Relationship": "Outer","Parallel Aware": false,"Async Capable": false,"Relation Name": "nation","Alias": "nation","Startup Cost": 0.00,"Total Cost": 1.25,"Plan Rows": 25,"Plan Width": 112,"Actual Startup Time": 0.047,"Actual Total Time": 0.051,"Actual Rows": 25,"Actual Loops": 3,"Workers": []},{"Node Type": "Hash","Parent Relationship": "Inner","Parallel Aware": false,"Async Capable": false,"Startup Cost": 1.06,"Total Cost": 1.06,"Plan Rows": 1,"Plan Width": 4,"Actual Startup Time": 0.054,"Actual Total Time": 0.064,"Actual Rows": 1,"Actual Loops": 3,"Hash Buckets": 1024,"Original Hash Buckets": 1024,"Hash Batches": 1,"Original Hash Batches": 1,"Peak Memory Usage": 9,"Workers": [],"Plans": [{"Node Type": "Seq Scan","Parent Relationship": "Outer","Parallel Aware": false,"Async Capable": false,"Relation Name": "region","Alias": "region","Startup Cost": 0.00,"Total Cost": 1.06,"Plan Rows": 1,"Plan Width": 4,"Actual Startup Time": 0.039,"Actual Total Time": 0.041,"Actual Rows": 1,"Actual Loops": 3,"Filter": "(r_name = 'MIDDLE EAST'::bpchar)","Rows Removed by Filter": 4,"Workers": []}]}]}]}]},{"Node Type": "Index Scan","Parent Relationship": "Inner","Parallel Aware": false,"Async Capable": false,"Scan Direction": "Forward","Index Name": "idx_orders_custkey","Relation Name": "orders","Alias": "orders","Startup Cost": 0.43,"Total Cost": 1.55,"Plan Rows": 3,"Plan Width": 8,"Actual Startup Time": 0.017,"Actual Total Time": 0.039,"Actual Rows": 2,"Actual Loops": 29904,"Index Cond": "(o_custkey = customer.c_custkey)","Rows Removed by Index Recheck": 0,"Filter": "((o_orderdate >= '1995-01-01'::date) AND (o_orderdate < '1996-01-01 00:00:00'::timestamp without time zone))","Rows Removed by Filter": 8,"Workers": []}]},{"Node Type": "Index Scan","Parent Relationship": "Inner","Parallel Aware": false,"Async Capable": false,"Scan Direction": "Forward","Index Name": "idx_lineitem_orderkey","Relation Name": "lineitem","Alias": "lineitem","Startup Cost": 0.43,"Total Cost": 2.87,"Plan Rows": 17,"Plan Width": 20,"Actual Startup Time": 0.017,"Actual Total Time": 0.019,"Actual Rows": 4,"Actual Loops": 45257,"Index Cond": "(l_orderkey = orders.o_orderkey)","Rows Removed by Index Recheck": 0,"Workers": []}]},{"Node Type": "Hash","Parent Relationship": "Inner","Parallel Aware": false,"Async Capable": false,"Startup Cost": 322.00,"Total Cost": 322.00,"Plan Rows": 10000,"Plan Width": 8,"Actual Startup Time": 12.822,"Actual Total Time": 12.826,"Actual Rows": 10000,"Actual Loops": 3,"Hash Buckets": 16384,"Original Hash Buckets": 16384,"Hash Batches": 1,"Original Hash Batches": 1,"Peak Memory Usage": 519,"Workers": [],"Plans": [{"Node Type": "Seq Scan","Parent Relationship": "Outer","Parallel Aware": false,"Async Capable": false,"Relation Name": "supplier","Alias": "supplier","Startup Cost": 0.00,"Total Cost": 322.00,"Plan Rows": 10000,"Plan Width": 8,"Actual Startup Time": 0.044,"Actual Total Time": 11.057,"Actual Rows": 10000,"Actual Loops": 3,"Workers": []}]}]}]}]}]}]}]},"Planning Time": 10.537,"Triggers": [],"Execution Time": 841.938}]
[{"Plan": {"Node Type": "Sort","Parallel Aware": false,"Async Capable": false,"Startup Cost": 21522.30,"Total Cost": 21522.36,"Plan Rows": 25,"Plan Width": 136,"Actual Startup Time": 803.252,"Actual Total Time": 834.286,"Actual Rows": 5,"Actual Loops": 1,"Sort Key": ["(sum((lineitem.l_extendedprice * ('1'::numeric - lineitem.l_discount)))) DESC"],"Sort Method": "quicksort","Sort Space Used": 25,"Sort Space Type": "Memory","Plans": [{"Node Type": "Aggregate","Strategy": "Sorted","Partial Mode": "Finalize","Parent Relationship": "Outer","Parallel Aware": false,"Async Capable": false,"Startup Cost": 21507.43,"Total Cost": 21521.72,"Plan Rows": 25,"Plan Width": 136,"Actual Startup Time": 802.651,"Actual Total Time": 834.228,"Actual Rows": 5,"Actual Loops": 1,"Group Key": ["nation.n_name"],"Plans": [{"Node Type": "Gather Merge","Parent Relationship": "Outer","Parallel Aware": false,"Async Capable": false,"Startup Cost": 21507.43,"Total Cost": 21521.03,"Plan Rows": 50,"Plan Width": 136,"Actual Startup Time": 802.434,"Actual Total Time": 834.170,"Actual Rows": 15,"Actual Loops": 1,"Workers Planned": 2,"Workers Launched": 2,"Plans": [{"Node Type": "Aggregate","Strategy": "Sorted","Partial Mode": "Partial","Parent Relationship": "Outer","Parallel Aware": false,"Async Capable": false,"Startup Cost": 20507.41,"Total Cost": 20515.23,"Plan Rows": 25,"Plan Width": 136,"Actual Startup Time": 794.928,"Actual Total Time": 795.651,"Actual Rows": 5,"Actual Loops": 3,"Group Key": ["nation.n_name"],"Workers": [],"Plans": [{"Node Type": "Sort","Parent Relationship": "Outer","Parallel Aware": false,"Async Capable": false,"Startup Cost": 20507.41,"Total Cost": 20508.91,"Plan Rows": 601,"Plan Width": 116,"Actual Startup Time": 794.703,"Actual Total Time": 794.843,"Actual Rows": 2409,"Actual Loops": 3,"Sort Key": ["nation.n_name"],"Sort Method": "quicksort","Sort Space Used": 286,"Sort Space Type": "Memory","Workers": [{"Worker Number": 0,"Sort Method": "quicksort","Sort Space Used": 276,"Sort Space Type": "Memory"},{"Worker Number": 1,"Sort Method": "quicksort","Sort Space Used": 293,"Sort Space Type": "Memory"}],"Plans": [{"Node Type": "Hash Join","Parent Relationship": "Outer","Parallel Aware": false,"Async Capable": false,"Join Type": "Inner","Startup Cost": 475.27,"Total Cost": 20479.67,"Plan Rows": 601,"Plan Width": 116,"Actual Startup Time": 9.777,"Actual Total Time": 793.218,"Actual Rows": 2409,"Actual Loops": 3,"Inner Unique": true,"Hash Cond": "((lineitem.l_suppkey = supplier.s_suppkey) AND (customer.c_nationkey = supplier.s_nationkey))","Workers": [],"Plans": [{"Node Type": "Nested Loop","Parent Relationship": "Outer","Parallel Aware": false,"Async Capable": false,"Join Type": "Inner","Startup Cost": 3.27,"Total Cost": 19928.78,"Plan Rows": 15027,"Plan Width": 128,"Actual Startup Time": 0.619,"Actual Total Time": 753.080,"Actual Rows": 60488,"Actual Loops": 3,"Inner Unique": false,"Workers": [],"Plans": [{"Node Type": "Nested Loop","Parent Relationship": "Outer","Parallel Aware": false,"Async Capable": false,"Join Type": "Inner","Startup Cost": 2.84,"Total Cost": 8414.26,"Plan Rows": 3756,"Plan Width": 116,"Actual Startup Time": 0.516,"Actual Total Time": 449.946,"Actual Rows": 15093,"Actual Loops": 3,"Inner Unique": false,"Workers": [],"Plans": [{"Node Type": "Hash Join","Parent Relationship": "Outer","Parallel Aware": false,"Async Capable": false,"Join Type": "Inner","Startup Cost": 2.41,"Total Cost": 4471.79,"Plan Rows": 2500,"Plan Width": 116,"Actual Startup Time": 0.243,"Actual Total Time": 55.930,"Actual Rows": 9921,"Actual Loops": 3,"Inner Unique": false,"Hash Cond": "(customer.c_nationkey = nation.n_nationkey)","Workers": [],"Plans": [{"Node Type": "Seq Scan","Parent Relationship": "Outer","Parallel Aware": true,"Async Capable": false,"Relation Name": "customer","Alias": "customer","Startup Cost": 0.00,"Total Cost": 4210.00,"Plan Rows": 62500,"Plan Width": 8,"Actual Startup Time": 0.017,"Actual Total Time": 9.588,"Actual Rows": 50000,"Actual Loops": 3,"Workers": []},{"Node Type": "Hash","Parent Relationship": "Inner","Parallel Aware": false,"Async Capable": false,"Startup Cost": 2.40,"Total Cost": 2.40,"Plan Rows": 1,"Plan Width": 108,"Actual Startup Time": 0.143,"Actual Total Time": 0.169,"Actual Rows": 5,"Actual Loops": 3,"Hash Buckets": 1024,"Original Hash Buckets": 1024,"Hash Batches": 1,"Original Hash Batches": 1,"Peak Memory Usage": 9,"Workers": [],"Plans": [{"Node Type": "Hash Join","Parent Relationship": "Outer","Parallel Aware": false,"Async Capable": false,"Join Type": "Inner","Startup Cost": 1.07,"Total Cost": 2.40,"Plan Rows": 1,"Plan Width": 108,"Actual Startup Time": 0.126,"Actual Total Time": 0.159,"Actual Rows": 5,"Actual Loops": 3,"Inner Unique": true,"Hash Cond": "(nation.n_regionkey = region.r_regionkey)","Workers": [],"Plans": [{"Node Type": "Seq Scan","Parent Relationship": "Outer","Parallel Aware": false,"Async Capable": false,"Relation Name": "nation","Alias": "nation","Startup Cost": 0.00,"Total Cost": 1.25,"Plan Rows": 25,"Plan Width": 112,"Actual Startup Time": 0.045,"Actual Total Time": 0.050,"Actual Rows": 25,"Actual Loops": 3,"Workers": []},{"Node Type": "Hash","Parent Relationship": "Inner","Parallel Aware": false,"Async Capable": false,"Startup Cost": 1.06,"Total Cost": 1.06,"Plan Rows": 1,"Plan Width": 4,"Actual Startup Time": 0.052,"Actual Total Time": 0.063,"Actual Rows": 1,"Actual Loops": 3,"Hash Buckets": 1024,"Original Hash Buckets": 1024,"Hash Batches": 1,"Original Hash Batches": 1,"Peak Memory Usage": 9,"Workers": [],"Plans": [{"Node Type": "Seq Scan","Parent Relationship": "Outer","Parallel Aware": false,"Async Capable": false,"Relation Name": "region","Alias": "region","Startup Cost": 0.00,"Total Cost": 1.06,"Plan Rows": 1,"Plan Width": 4,"Actual Startup Time": 0.036,"Actual Total Time": 0.041,"Actual Rows": 1,"Actual Loops": 3,"Filter": "(r_name = 'AFRICA'::bpchar)","Rows Removed by Filter": 4,"Workers": []}]}]}]}]},{"Node Type": "Index Scan","Parent Relationship": "Inner","Parallel Aware": false,"Async Capable": false,"Scan Direction": "Forward","Index Name": "idx_orders_custkey","Relation Name": "orders","Alias": "orders","Startup Cost": 0.43,"Total Cost": 1.55,"Plan Rows": 3,"Plan Width": 8,"Actual Startup Time": 0.017,"Actual Total Time": 0.039,"Actual Rows": 2,"Actual Loops": 29764,"Index Cond": "(o_custkey = customer.c_custkey)","Rows Removed by Index Recheck": 0,"Filter": "((o_orderdate >= '1993-01-01'::date) AND (o_orderdate < '1994-01-01 00:00:00'::timestamp without time zone))","Rows Removed by Filter": 9,"Workers": []}]},{"Node Type": "Index Scan","Parent Relationship": "Inner","Parallel Aware": false,"Async Capable": false,"Scan Direction": "Forward","Index Name": "idx_lineitem_orderkey","Relation Name": "lineitem","Alias": "lineitem","Startup Cost": 0.43,"Total Cost": 2.90,"Plan Rows": 17,"Plan Width": 20,"Actual Startup Time": 0.017,"Actual Total Time": 0.019,"Actual Rows": 4,"Actual Loops": 45280,"Index Cond": "(l_orderkey = orders.o_orderkey)","Rows Removed by Index Recheck": 0,"Workers": []}]},{"Node Type": "Hash","Parent Relationship": "Inner","Parallel Aware": false,"Async Capable": false,"Startup Cost": 322.00,"Total Cost": 322.00,"Plan Rows": 10000,"Plan Width": 8,"Actual Startup Time": 8.121,"Actual Total Time": 8.126,"Actual Rows": 10000,"Actual Loops": 3,"Hash Buckets": 16384,"Original Hash Buckets": 16384,"Hash Batches": 1,"Original Hash Batches": 1,"Peak Memory Usage": 519,"Workers": [],"Plans": [{"Node Type": "Seq Scan","Parent Relationship": "Outer","Parallel Aware": false,"Async Capable": false,"Relation Name": "supplier","Alias": "supplier","Startup Cost": 0.00,"Total Cost": 322.00,"Plan Rows": 10000,"Plan Width": 8,"Actual Startup Time": 0.036,"Actual Total Time": 6.327,"Actual Rows": 10000,"Actual Loops": 3,"Workers": []}]}]}]}]}]}]}]},"Planning Time": 9.902,"Triggers": [],"Execution Time": 834.900}]
[{"Plan": {"Node Type": "Sort","Parallel Aware": false,"Async Capable": false,"Startup Cost": 21616.39,"Total Cost": 21616.45,"Plan Rows": 25,"Plan Width": 136,"Actual Startup Time": 800.578,"Actual Total Time": 832.005,"Actual Rows": 5,"Actual Loops": 1,"Sort Key": ["(sum((lineitem.l_extendedprice * ('1'::numeric - lineitem.l_discount)))) DESC"],"Sort Method": "quicksort","Sort Space Used": 25,"Sort Space Type": "Memory","Plans": [{"Node Type": "Aggregate","Strategy": "Sorted","Partial Mode": "Finalize","Parent Relationship": "Outer","Parallel Aware": false,"Async Capable": false,"Startup Cost": 21601.33,"Total Cost": 21615.81,"Plan Rows": 25,"Plan Width": 136,"Actual Startup Time": 800.055,"Actual Total Time": 831.951,"Actual Rows": 5,"Actual Loops": 1,"Group Key": ["nation.n_name"],"Plans": [{"Node Type": "Gather Merge","Parent Relationship": "Outer","Parallel Aware": false,"Async Capable": false,"Startup Cost": 21601.33,"Total Cost": 21615.12,"Plan Rows": 50,"Plan Width": 136,"Actual Startup Time": 799.526,"Actual Total Time": 831.902,"Actual Rows": 15,"Actual Loops": 1,"Workers Planned": 2,"Workers Launched": 2,"Plans": [{"Node Type": "Aggregate","Strategy": "Sorted","Partial Mode": "Partial","Parent Relationship": "Outer","Parallel Aware": false,"Async Capable": false,"Startup Cost": 20601.30,"Total Cost": 20609.33,"Plan Rows": 25,"Plan Width": 136,"Actual Startup Time": 791.250,"Actual Total Time": 792.033,"Actual Rows": 5,"Actual Loops": 3,"Group Key": ["nation.n_name"],"Workers": [],"Plans": [{"Node Type": "Sort","Parent Relationship": "Outer","Parallel Aware": false,"Async Capable": false,"Startup Cost": 20601.30,"Total Cost": 20602.85,"Plan Rows": 617,"Plan Width": 116,"Actual Startup Time": 791.028,"Actual Total Time": 791.162,"Actual Rows": 2347,"Actual Loops": 3,"Sort Key": ["nation.n_name"],"Sort Method": "quicksort","Sort Space Used": 275,"Sort Space Type": "Memory","Workers": [{"Worker Number": 0,"Sort Method": "quicksort","Sort Space Used": 280,"Sort Space Type": "Memory"},{"Worker Number": 1,"Sort Method": "quicksort","Sort Space Used": 284,"Sort Space Type": "Memory"}],"Plans": [{"Node Type": "Hash Join","Parent Relationship": "Outer","Parallel Aware": false,"Async Capable": false,"Join Type": "Inner","Startup Cost": 475.27,"Total Cost": 20572.71,"Plan Rows": 617,"Plan Width": 116,"Actual Startup Time": 14.089,"Actual Total Time": 789.451,"Actual Rows": 2347,"Actual Loops": 3,"Inner Unique": true,"Hash Cond": "((lineitem.l_suppkey = supplier.s_suppkey) AND (customer.c_nationkey = supplier.s_nationkey))","Workers": [],"Plans": [{"Node Type": "Nested Loop","Parent Relationship": "Outer","Parallel Aware": false,"Async Capable": false,"Join Type": "Inner","Startup Cost": 3.27,"Total Cost": 20019.70,"Plan Rows": 15431,"Plan Width": 128,"Actual Startup Time": 0.813,"Actual Total Time": 745.242,"Actual Rows": 60682,"Actual Loops": 3,"Inner Unique": false,"Workers": [],"Plans": [{"Node Type": "Nested Loop","Parent Relationship": "Outer","Parallel Aware": false,"Async Capable": false,"Join Type": "Inner","Startup Cost": 2.84,"Total Cost": 8414.26,"Plan Rows": 3857,"Plan Width": 116,"Actual Startup Time": 0.648,"Actual Total Time": 445.539,"Actual Rows": 15117,"Actual Loops": 3,"Inner Unique": false,"Workers": [],"Plans": [{"Node Type": "Hash Join","Parent Relationship": "Outer","Parallel Aware": false,"Async Capable": false,"Join Type": "Inner","Startup Cost": 2.41,"Total Cost": 4471.79,"Plan Rows": 2500,"Plan Width": 116,"Actual Startup Time": 0.286,"Actual Total Time": 54.286,"Actual Rows": 9921,"Actual Loops": 3,"Inner Unique": false,"Hash Cond": "(customer.c_nationkey = nation.n_nationkey)","Workers": [],"Plans": [{"Node Type": "Seq Scan","Parent Relationship": "Outer","Parallel Aware": true,"Async Capable": false,"Relation Name": "customer","Alias": "customer","Startup Cost": 0.00,"Total Cost": 4210.00,"Plan Rows": 62500,"Plan Width": 8,"Actual Startup Time": 0.020,"Actual Total Time": 9.492,"Actual Rows": 50000,"Actual Loops": 3,"Workers": []},{"Node Type": "Hash","Parent Relationship": "Inner","Parallel Aware": false,"Async Capable": false,"Startup Cost": 2.40,"Total Cost": 2.40,"Plan Rows": 1,"Plan Width": 108,"Actual Startup Time": 0.159,"Actual Total Time": 0.178,"Actual Rows": 5,"Actual Loops": 3,"Hash Buckets": 1024,"Original Hash Buckets": 1024,"Hash Batches": 1,"Original Hash Batches": 1,"Peak Memory Usage": 9,"Workers": [],"Plans": [{"Node Type": "Hash Join","Parent Relationship": "Outer","Parallel Aware": false,"Async Capable": false,"Join Type": "Inner","Startup Cost": 1.07,"Total Cost": 2.40,"Plan Rows": 1,"Plan Width": 108,"Actual Startup Time": 0.141,"Actual Total Time": 0.166,"Actual Rows": 5,"Actual Loops": 3,"Inner Unique": true,"Hash Cond": "(nation.n_regionkey = region.r_regionkey)","Workers": [],"Plans": [{"Node Type": "Seq Scan","Parent Relationship": "Outer","Parallel Aware": false,"Async Capable": false,"Relation Name": "nation","Alias": "nation","Startup Cost": 0.00,"Total Cost": 1.25,"Plan Rows": 25,"Plan Width": 112,"Actual Startup Time": 0.054,"Actual Total Time": 0.058,"Actual Rows": 25,"Actual Loops": 3,"Workers": []},{"Node Type": "Hash","Parent Relationship": "Inner","Parallel Aware": false,"Async Capable": false,"Startup Cost": 1.06,"Total Cost": 1.06,"Plan Rows": 1,"Plan Width": 4,"Actual Startup Time": 0.057,"Actual Total Time": 0.062,"Actual Rows": 1,"Actual Loops": 3,"Hash Buckets": 1024,"Original Hash Buckets": 1024,"Hash Batches": 1,"Original Hash Batches": 1,"Peak Memory Usage": 9,"Workers": [],"Plans": [{"Node Type": "Seq Scan","Parent Relationship": "Outer","Parallel Aware": false,"Async Capable": false,"Relation Name": "region","Alias": "region","Startup Cost": 0.00,"Total Cost": 1.06,"Plan Rows": 1,"Plan Width": 4,"Actual Startup Time": 0.040,"Actual Total Time": 0.042,"Actual Rows": 1,"Actual Loops": 3,"Filter": "(r_name = 'AFRICA'::bpchar)","Rows Removed by Filter": 4,"Workers": []}]}]}]}]},{"Node Type": "Index Scan","Parent Relationship": "Inner","Parallel Aware": false,"Async Capable": false,"Scan Direction": "Forward","Index Name": "idx_orders_custkey","Relation Name": "orders","Alias": "orders","Startup Cost": 0.43,"Total Cost": 1.55,"Plan Rows": 3,"Plan Width": 8,"Actual Startup Time": 0.017,"Actual Total Time": 0.039,"Actual Rows": 2,"Actual Loops": 29764,"Index Cond": "(o_custkey = customer.c_custkey)","Rows Removed by Index Recheck": 0,"Filter": "((o_orderdate >= '1996-01-01'::date) AND (o_orderdate < '1997-01-01 00:00:00'::timestamp without time zone))","Rows Removed by Filter": 9,"Workers": []}]},{"Node Type": "Index Scan","Parent Relationship": "Inner","Parallel Aware": false,"Async Capable": false,"Scan Direction": "Forward","Index Name": "idx_lineitem_orderkey","Relation Name": "lineitem","Alias": "lineitem","Startup Cost": 0.43,"Total Cost": 2.84,"Plan Rows": 17,"Plan Width": 20,"Actual Startup Time": 0.016,"Actual Total Time": 0.019,"Actual Rows": 4,"Actual Loops": 45352,"Index Cond": "(l_orderkey = orders.o_orderkey)","Rows Removed by Index Recheck": 0,"Workers": []}]},{"Node Type": "Hash","Parent Relationship": "Inner","Parallel Aware": false,"Async Capable": false,"Startup Cost": 322.00,"Total Cost": 322.00,"Plan Rows": 10000,"Plan Width": 8,"Actual Startup Time": 12.144,"Actual Total Time": 12.150,"Actual Rows": 10000,"Actual Loops": 3,"Hash Buckets": 16384,"Original Hash Buckets": 16384,"Hash Batches": 1,"Original Hash Batches": 1,"Peak Memory Usage": 519,"Workers": [],"Plans": [{"Node Type": "Seq Scan","Parent Relationship": "Outer","Parallel Aware": false,"Async Capable": false,"Relation Name": "supplier","Alias": "supplier","Startup Cost": 0.00,"Total Cost": 322.00,"Plan Rows": 10000,"Plan Width": 8,"Actual Startup Time": 0.040,"Actual Total Time": 10.535,"Actual Rows": 10000,"Actual Loops": 3,"Workers": []}]}]}]}]}]}]}]},"Planning Time": 10.511,"Triggers": [],"Execution Time": 832.422}]
[{"Plan": {"Node Type": "Sort","Parallel Aware": false,"Async Capable": false,"Startup Cost": 21522.30,"Total Cost": 21522.36,"Plan Rows": 25,"Plan Width": 136,"Actual Startup Time": 815.371,"Actual Total Time": 846.364,"Actual Rows": 5,"Actual Loops": 1,"Sort Key": ["(sum((lineitem.l_extendedprice * ('1'::numeric - lineitem.l_discount)))) DESC"],"Sort Method": "quicksort","Sort Space Used": 25,"Sort Space Type": "Memory","Plans": [{"Node Type": "Aggregate","Strategy": "Sorted","Partial Mode": "Finalize","Parent Relationship": "Outer","Parallel Aware": false,"Async Capable": false,"Startup Cost": 21507.43,"Total Cost": 21521.72,"Plan Rows": 25,"Plan Width": 136,"Actual Startup Time": 814.708,"Actual Total Time": 846.319,"Actual Rows": 5,"Actual Loops": 1,"Group Key": ["nation.n_name"],"Plans": [{"Node Type": "Gather Merge","Parent Relationship": "Outer","Parallel Aware": false,"Async Capable": false,"Startup Cost": 21507.43,"Total Cost": 21521.03,"Plan Rows": 50,"Plan Width": 136,"Actual Startup Time": 814.181,"Actual Total Time": 846.266,"Actual Rows": 15,"Actual Loops": 1,"Workers Planned": 2,"Workers Launched": 2,"Plans": [{"Node Type": "Aggregate","Strategy": "Sorted","Partial Mode": "Partial","Parent Relationship": "Outer","Parallel Aware": false,"Async Capable": false,"Startup Cost": 20507.41,"Total Cost": 20515.23,"Plan Rows": 25,"Plan Width": 136,"Actual Startup Time": 806.060,"Actual Total Time": 806.902,"Actual Rows": 5,"Actual Loops": 3,"Group Key": ["nation.n_name"],"Workers": [],"Plans": [{"Node Type": "Sort","Parent Relationship": "Outer","Parallel Aware": false,"Async Capable": false,"Startup Cost": 20507.41,"Total Cost": 20508.91,"Plan Rows": 601,"Plan Width": 116,"Actual Startup Time": 805.845,"Actual Total Time": 805.988,"Actual Rows": 2405,"Actual Loops": 3,"Sort Key": ["nation.n_name"],"Sort Method": "quicksort","Sort Space Used": 288,"Sort Space Type": "Memory","Workers": [{"Worker Number": 0,"Sort Method": "quicksort","Sort Space Used": 282,"Sort Space Type": "Memory"},{"Worker Number": 1,"Sort Method": "quicksort","Sort Space Used": 284,"Sort Space Type": "Memory"}],"Plans": [{"Node Type": "Hash Join","Parent Relationship": "Outer","Parallel Aware": false,"Async Capable": false,"Join Type": "Inner","Startup Cost": 475.27,"Total Cost": 20479.67,"Plan Rows": 601,"Plan Width": 116,"Actual Startup Time": 14.857,"Actual Total Time": 804.339,"Actual Rows": 2405,"Actual Loops": 3,"Inner Unique": true,"Hash Cond": "((lineitem.l_suppkey = supplier.s_suppkey) AND (customer.c_nationkey = supplier.s_nationkey))","Workers": [],"Plans": [{"Node Type": "Nested Loop","Parent Relationship": "Outer","Parallel Aware": false,"Async Capable": false,"Join Type": "Inner","Startup Cost": 3.27,"Total Cost": 19928.78,"Plan Rows": 15027,"Plan Width": 128,"Actual Startup Time": 0.928,"Actual Total Time": 758.714,"Actual Rows": 60519,"Actual Loops": 3,"Inner Unique": false,"Workers": [],"Plans": [{"Node Type": "Nested Loop","Parent Relationship": "Outer","Parallel Aware": false,"Async Capable": false,"Join Type": "Inner","Startup Cost": 2.84,"Total Cost": 8414.26,"Plan Rows": 3756,"Plan Width": 116,"Actual Startup Time": 0.799,"Actual Total Time": 454.413,"Actual Rows": 15151,"Actual Loops": 3,"Inner Unique": false,"Workers": [],"Plans": [{"Node Type": "Hash Join","Parent Relationship": "Outer","Parallel Aware": false,"Async Capable": false,"Join Type": "Inner","Startup Cost": 2.41,"Total Cost": 4471.79,"Plan Rows": 2500,"Plan Width": 116,"Actual Startup Time": 0.321,"Actual Total Time": 54.810,"Actual Rows": 10061,"Actual Loops": 3,"Inner Unique": false,"Hash Cond": "(customer.c_nationkey = nation.n_nationkey)","Workers": [],"Plans": [{"Node Type": "Seq Scan","Parent Relationship": "Outer","Parallel Aware": true,"Async Capable": false,"Relation Name": "customer","Alias": "customer","Startup Cost": 0.00,"Total Cost": 4210.00,"Plan Rows": 62500,"Plan Width": 8,"Actual Startup Time": 0.016,"Actual Total Time": 9.647,"Actual Rows": 50000,"Actual Loops": 3,"Workers": []},{"Node Type": "Hash","Parent Relationship": "Inner","Parallel Aware": false,"Async Capable": false,"Startup Cost": 2.40,"Total Cost": 2.40,"Plan Rows": 1,"Plan Width": 108,"Actual Startup Time": 0.190,"Actual Total Time": 0.209,"Actual Rows": 5,"Actual Loops": 3,"Hash Buckets": 1024,"Original Hash Buckets": 1024,"Hash Batches": 1,"Original Hash Batches": 1,"Peak Memory Usage": 9,"Workers": [],"Plans": [{"Node Type": "Hash Join","Parent Relationship": "Outer","Parallel Aware": false,"Async Capable": false,"Join Type": "Inner","Startup Cost": 1.07,"Total Cost": 2.40,"Plan Rows": 1,"Plan Width": 108,"Actual Startup Time": 0.173,"Actual Total Time": 0.196,"Actual Rows": 5,"Actual Loops": 3,"Inner Unique": true,"Hash Cond": "(nation.n_regionkey = region.r_regionkey)","Workers": [],"Plans": [{"Node Type": "Seq Scan","Parent Relationship": "Outer","Parallel Aware": false,"Async Capable": false,"Relation Name": "nation","Alias": "nation","Startup Cost": 0.00,"Total Cost": 1.25,"Plan Rows": 25,"Plan Width": 112,"Actual Startup Time": 0.080,"Actual Total Time": 0.084,"Actual Rows": 25,"Actual Loops": 3,"Workers": []},{"Node Type": "Hash","Parent Relationship": "Inner","Parallel Aware": false,"Async Capable": false,"Startup Cost": 1.06,"Total Cost": 1.06,"Plan Rows": 1,"Plan Width": 4,"Actual Startup Time": 0.060,"Actual Total Time": 0.067,"Actual Rows": 1,"Actual Loops": 3,"Hash Buckets": 1024,"Original Hash Buckets": 1024,"Hash Batches": 1,"Original Hash Batches": 1,"Peak Memory Usage": 9,"Workers": [],"Plans": [{"Node Type": "Seq Scan","Parent Relationship": "Outer","Parallel Aware": false,"Async Capable": false,"Relation Name": "region","Alias": "region","Startup Cost": 0.00,"Total Cost": 1.06,"Plan Rows": 1,"Plan Width": 4,"Actual Startup Time": 0.046,"Actual Total Time": 0.049,"Actual Rows": 1,"Actual Loops": 3,"Filter": "(r_name = 'ASIA'::bpchar)","Rows Removed by Filter": 4,"Workers": []}]}]}]}]},{"Node Type": "Index Scan","Parent Relationship": "Inner","Parallel Aware": false,"Async Capable": false,"Scan Direction": "Forward","Index Name": "idx_orders_custkey","Relation Name": "orders","Alias": "orders","Startup Cost": 0.43,"Total Cost": 1.55,"Plan Rows": 3,"Plan Width": 8,"Actual Startup Time": 0.017,"Actual Total Time": 0.039,"Actual Rows": 2,"Actual Loops": 30183,"Index Cond": "(o_custkey = customer.c_custkey)","Rows Removed by Index Recheck": 0,"Filter": "((o_orderdate >= '1993-01-01'::date) AND (o_orderdate < '1994-01-01 00:00:00'::timestamp without time zone))","Rows Removed by Filter": 8,"Workers": []}]},{"Node Type": "Index Scan","Parent Relationship": "Inner","Parallel Aware": false,"Async Capable": false,"Scan Direction": "Forward","Index Name": "idx_lineitem_orderkey","Relation Name": "lineitem","Alias": "lineitem","Startup Cost": 0.43,"Total Cost": 2.90,"Plan Rows": 17,"Plan Width": 20,"Actual Startup Time": 0.017,"Actual Total Time": 0.019,"Actual Rows": 4,"Actual Loops": 45452,"Index Cond": "(l_orderkey = orders.o_orderkey)","Rows Removed by Index Recheck": 0,"Workers": []}]},{"Node Type": "Hash","Parent Relationship": "Inner","Parallel Aware": false,"Async Capable": false,"Startup Cost": 322.00,"Total Cost": 322.00,"Plan Rows": 10000,"Plan Width": 8,"Actual Startup Time": 13.249,"Actual Total Time": 13.253,"Actual Rows": 10000,"Actual Loops": 3,"Hash Buckets": 16384,"Original Hash Buckets": 16384,"Hash Batches": 1,"Original Hash Batches": 1,"Peak Memory Usage": 519,"Workers": [],"Plans": [{"Node Type": "Seq Scan","Parent Relationship": "Outer","Parallel Aware": false,"Async Capable": false,"Relation Name": "supplier","Alias": "supplier","Startup Cost": 0.00,"Total Cost": 322.00,"Plan Rows": 10000,"Plan Width": 8,"Actual Startup Time": 0.061,"Actual Total Time": 11.553,"Actual Rows": 10000,"Actual Loops": 3,"Workers": []}]}]}]}]}]}]}]},"Planning Time": 10.259,"Triggers": [],"Execution Time": 846.817}]
[{"Plan": {"Node Type": "Sort","Parallel Aware": false,"Async Capable": false,"Startup Cost": 21612.43,"Total Cost": 21612.50,"Plan Rows": 25,"Plan Width": 136,"Actual Startup Time": 812.208,"Actual Total Time": 844.906,"Actual Rows": 5,"Actual Loops": 1,"Sort Key": ["(sum((lineitem.l_extendedprice * ('1'::numeric - lineitem.l_discount)))) DESC"],"Sort Method": "quicksort","Sort Space Used": 25,"Sort Space Type": "Memory","Plans": [{"Node Type": "Aggregate","Strategy": "Sorted","Partial Mode": "Finalize","Parent Relationship": "Outer","Parallel Aware": false,"Async Capable": false,"Startup Cost": 21597.38,"Total Cost": 21611.85,"Plan Rows": 25,"Plan Width": 136,"Actual Startup Time": 811.577,"Actual Total Time": 844.848,"Actual Rows": 5,"Actual Loops": 1,"Group Key": ["nation.n_name"],"Plans": [{"Node Type": "Gather Merge","Parent Relationship": "Outer","Parallel Aware": false,"Async Capable": false,"Startup Cost": 21597.38,"Total Cost": 21611.17,"Plan Rows": 50,"Plan Width": 136,"Actual Startup Time": 811.381,"Actual Total Time": 844.798,"Actual Rows": 15,"Actual Loops": 1,"Workers Planned": 2,"Workers Launched": 2,"Plans": [{"Node Type": "Aggregate","Strategy": "Sorted","Partial Mode": "Partial","Parent Relationship": "Outer","Parallel Aware": false,"Async Capable": false,"Startup Cost": 20597.36,"Total Cost": 20605.37,"Plan Rows": 25,"Plan Width": 136,"Actual Startup Time": 803.972,"Actual Total Time": 804.698,"Actual Rows": 5,"Actual Loops": 3,"Group Key": ["nation.n_name"],"Workers": [],"Plans": [{"Node Type": "Sort","Parent Relationship": "Outer","Parallel Aware": false,"Async Capable": false,"Startup Cost": 20597.36,"Total Cost": 20598.90,"Plan Rows": 616,"Plan Width": 116,"Actual Startup Time": 803.767,"Actual Total Time": 803.896,"Actual Rows": 2458,"Actual Loops": 3,"Sort Key": ["nation.n_name"],"Sort Method": "quicksort","Sort Space Used": 292,"Sort Space Type": "Memory","Workers": [{"Worker Number": 0,"Sort Method": "quicksort","Sort Space Used": 287,"Sort Space Type": "Memory"},{"Worker Number": 1,"Sort Method": "quicksort","Sort Space Used": 286,"Sort Space Type": "Memory"}],"Plans": [{"Node Type": "Hash Join","Parent Relationship": "Outer","Parallel Aware": false,"Async Capable": false,"Join Type": "Inner","Startup Cost": 475.27,"Total Cost": 20568.82,"Plan Rows": 616,"Plan Width": 116,"Actual Startup Time": 9.755,"Actual Total Time": 802.240,"Actual Rows": 2458,"Actual Loops": 3,"Inner Unique": true,"Hash Cond": "((lineitem.l_suppkey = supplier.s_suppkey) AND (customer.c_nationkey = supplier.s_nationkey))","Workers": [],"Plans": [{"Node Type": "Nested Loop","Parent Relationship": "Outer","Parallel Aware": false,"Async Capable": false,"Join Type": "Inner","Startup Cost": 3.27,"Total Cost": 20015.89,"Plan Rows": 15415,"Plan Width": 128,"Actual Startup Time": 0.708,"Actual Total Time": 760.379,"Actual Rows": 60417,"Actual Loops": 3,"Inner Unique": false,"Workers": [],"Plans": [{"Node Type": "Nested Loop","Parent Relationship": "Outer","Parallel Aware": false,"Async Capable": false,"Join Type": "Inner","Startup Cost": 2.84,"Total Cost": 8414.26,"Plan Rows": 3853,"Plan Width": 116,"Actual Startup Time": 0.563,"Actual Total Time": 454.038,"Actual Rows": 15112,"Actual Loops": 3,"Inner Unique": false,"Workers": [],"Plans": [{"Node Type": "Hash Join","Parent Relationship": "Outer","Parallel Aware": false,"Async Capable": false,"Join Type": "Inner","Startup Cost": 2.41,"Total Cost": 4471.79,"Plan Rows": 2500,"Plan Width": 116,"Actual Startup Time": 0.264,"Actual Total Time": 54.641,"Actual Rows": 9984,"Actual Loops": 3,"Inner Unique": false,"Hash Cond": "(customer.c_nationkey = nation.n_nationkey)","Workers": [],"Plans": [{"Node Type": "Seq Scan","Parent Relationship": "Outer","Parallel Aware": true,"Async Capable": false,"Relation Name": "customer","Alias": "customer","Startup Cost": 0.00,"Total Cost": 4210.00,"Plan Rows": 62500,"Plan Width": 8,"Actual Startup Time": 0.019,"Actual Total Time": 9.602,"Actual Rows": 50000,"Actual Loops": 3,"Workers": []},{"Node Type": "Hash","Parent Relationship": "Inner","Parallel Aware": false,"Async Capable": false,"Startup Cost": 2.40,"Total Cost": 2.40,"Plan Rows": 1,"Plan Width": 108,"Actual Startup Time": 0.143,"Actual Total Time": 0.163,"Actual Rows": 5,"Actual Loops": 3,"Hash Buckets": 1024,"Original Hash Buckets": 1024,"Hash Batches": 1,"Original Hash Batches": 1,"Peak Memory Usage": 9,"Workers": [],"Plans": [{"Node Type": "Hash Join","Parent Relationship": "Outer","Parallel Aware": false,"Async Capable": false,"Join Type": "Inner","Startup Cost": 1.07,"Total Cost": 2.40,"Plan Rows": 1,"Plan Width": 108,"Actual Startup Time": 0.129,"Actual Total Time": 0.153,"Actual Rows": 5,"Actual Loops": 3,"Inner Unique": true,"Hash Cond": "(nation.n_regionkey = region.r_regionkey)","Workers": [],"Plans": [{"Node Type": "Seq Scan","Parent Relationship": "Outer","Parallel Aware": false,"Async Capable": false,"Relation Name": "nation","Alias": "nation","Startup Cost": 0.00,"Total Cost": 1.25,"Plan Rows": 25,"Plan Width": 112,"Actual Startup Time": 0.046,"Actual Total Time": 0.051,"Actual Rows": 25,"Actual Loops": 3,"Workers": []},{"Node Type": "Hash","Parent Relationship": "Inner","Parallel Aware": false,"Async Capable": false,"Startup Cost": 1.06,"Total Cost": 1.06,"Plan Rows": 1,"Plan Width": 4,"Actual Startup Time": 0.053,"Actual Total Time": 0.059,"Actual Rows": 1,"Actual Loops": 3,"Hash Buckets": 1024,"Original Hash Buckets": 1024,"Hash Batches": 1,"Original Hash Batches": 1,"Peak Memory Usage": 9,"Workers": [],"Plans": [{"Node Type": "Seq Scan","Parent Relationship": "Outer","Parallel Aware": false,"Async Capable": false,"Relation Name": "region","Alias": "region","Startup Cost": 0.00,"Total Cost": 1.06,"Plan Rows": 1,"Plan Width": 4,"Actual Startup Time": 0.038,"Actual Total Time": 0.040,"Actual Rows": 1,"Actual Loops": 3,"Filter": "(r_name = 'AMERICA'::bpchar)","Rows Removed by Filter": 4,"Workers": []}]}]}]}]},{"Node Type": "Index Scan","Parent Relationship": "Inner","Parallel Aware": false,"Async Capable": false,"Scan Direction": "Forward","Index Name": "idx_orders_custkey","Relation Name": "orders","Alias": "orders","Startup Cost": 0.43,"Total Cost": 1.55,"Plan Rows": 3,"Plan Width": 8,"Actual Startup Time": 0.017,"Actual Total Time": 0.040,"Actual Rows": 2,"Actual Loops": 29952,"Index Cond": "(o_custkey = customer.c_custkey)","Rows Removed by Index Recheck": 0,"Filter": "((o_orderdate >= '1994-01-01'::date) AND (o_orderdate < '1995-01-01 00:00:00'::timestamp without time zone))","Rows Removed by Filter": 8,"Workers": []}]},{"Node Type": "Index Scan","Parent Relationship": "Inner","Parallel Aware": false,"Async Capable": false,"Scan Direction": "Forward","Index Name": "idx_lineitem_orderkey","Relation Name": "lineitem","Alias": "lineitem","Startup Cost": 0.43,"Total Cost": 2.84,"Plan Rows": 17,"Plan Width": 20,"Actual Startup Time": 0.017,"Actual Total Time": 0.020,"Actual Rows": 4,"Actual Loops": 45335,"Index Cond": "(l_orderkey = orders.o_orderkey)","Rows Removed by Index Recheck": 0,"Workers": []}]},{"Node Type": "Hash","Parent Relationship": "Inner","Parallel Aware": false,"Async Capable": false,"Startup Cost": 322.00,"Total Cost": 322.00,"Plan Rows": 10000,"Plan Width": 8,"Actual Startup Time": 8.509,"Actual Total Time": 8.512,"Actual Rows": 10000,"Actual Loops": 3,"Hash Buckets": 16384,"Original Hash Buckets": 16384,"Hash Batches": 1,"Original Hash Batches": 1,"Peak Memory Usage": 519,"Workers": [],"Plans": [{"Node Type": "Seq Scan","Parent Relationship": "Outer","Parallel Aware": false,"Async Capable": false,"Relation Name": "supplier","Alias": "supplier","Startup Cost": 0.00,"Total Cost": 322.00,"Plan Rows": 10000,"Plan Width": 8,"Actual Startup Time": 0.036,"Actual Total Time": 6.673,"Actual Rows": 10000,"Actual Loops": 3,"Workers": []}]}]}]}]}]}]}]},"Planning Time": 10.649,"Triggers": [],"Execution Time": 845.482}]
[{"Plan": {"Node Type": "Sort","Parallel Aware": false,"Async Capable": false,"Startup Cost": 21565.24,"Total Cost": 21565.30,"Plan Rows": 25,"Plan Width": 136,"Actual Startup Time": 809.309,"Actual Total Time": 841.501,"Actual Rows": 5,"Actual Loops": 1,"Sort Key": ["(sum((lineitem.l_extendedprice * ('1'::numeric - lineitem.l_discount)))) DESC"],"Sort Method": "quicksort","Sort Space Used": 25,"Sort Space Type": "Memory","Plans": [{"Node Type": "Aggregate","Strategy": "Sorted","Partial Mode": "Finalize","Parent Relationship": "Outer","Parallel Aware": false,"Async Capable": false,"Startup Cost": 21550.29,"Total Cost": 21564.66,"Plan Rows": 25,"Plan Width": 136,"Actual Startup Time": 808.678,"Actual Total Time": 841.457,"Actual Rows": 5,"Actual Loops": 1,"Group Key": ["nation.n_name"],"Plans": [{"Node Type": "Gather Merge","Parent Relationship": "Outer","Parallel Aware": false,"Async Capable": false,"Startup Cost": 21550.29,"Total Cost": 21563.97,"Plan Rows": 50,"Plan Width": 136,"Actual Startup Time": 808.243,"Actual Total Time": 841.406,"Actual Rows": 15,"Actual Loops": 1,"Workers Planned": 2,"Workers Launched": 2,"Plans": [{"Node Type": "Aggregate","Strategy": "Sorted","Partial Mode": "Partial","Parent Relationship": "Outer","Parallel Aware": false,"Async Capable": false,"Startup Cost": 20550.26,"Total Cost": 20558.18,"Plan Rows": 25,"Plan Width": 136,"Actual Startup Time": 800.586,"Actual Total Time": 801.383,"Actual Rows": 5,"Actual Loops": 3,"Group Key": ["nation.n_name"],"Workers": [],"Plans": [{"Node Type": "Sort","Parent Relationship": "Outer","Parallel Aware": false,"Async Capable": false,"Startup Cost": 20550.26,"Total Cost": 20551.78,"Plan Rows": 608,"Plan Width": 116,"Actual Startup Time": 800.370,"Actual Total Time": 800.511,"Actual Rows": 2409,"Actual Loops": 3,"Sort Key": ["nation.n_name"],"Sort Method": "quicksort","Sort Space Used": 290,"Sort Space Type": "Memory","Workers": [{"Worker Number": 0,"Sort Method": "quicksort","Sort Space Used": 281,"Sort Space Type": "Memory"},{"Worker Number": 1,"Sort Method": "quicksort","Sort Space Used": 283,"Sort Space Type": "Memory"}],"Plans": [{"Node Type": "Hash Join","Parent Relationship": "Outer","Parallel Aware": false,"Async Capable": false,"Join Type": "Inner","Startup Cost": 475.27,"Total Cost": 20522.15,"Plan Rows": 608,"Plan Width": 116,"Actual Startup Time": 14.807,"Actual Total Time": 798.884,"Actual Rows": 2409,"Actual Loops": 3,"Inner Unique": true,"Hash Cond": "((lineitem.l_suppkey = supplier.s_suppkey) AND (customer.c_nationkey = supplier.s_nationkey))","Workers": [],"Plans": [{"Node Type": "Nested Loop","Parent Relationship": "Outer","Parallel Aware": false,"Async Capable": false,"Join Type": "Inner","Startup Cost": 3.27,"Total Cost": 19970.29,"Plan Rows": 15211,"Plan Width": 128,"Actual Startup Time": 0.571,"Actual Total Time": 753.021,"Actual Rows": 60135,"Actual Loops": 3,"Inner Unique": false,"Workers": [],"Plans": [{"Node Type": "Nested Loop","Parent Relationship": "Outer","Parallel Aware": false,"Async Capable": false,"Join Type": "Inner","Startup Cost": 2.84,"Total Cost": 8414.26,"Plan Rows": 3802,"Plan Width": 116,"Actual Startup Time": 0.432,"Actual Total Time": 448.470,"Actual Rows": 15086,"Actual Loops": 3,"Inner Unique": false,"Workers": [],"Plans": [{"Node Type": "Hash Join","Parent Relationship": "Outer","Parallel Aware": false,"Async Capable": false,"Join Type": "Inner","Startup Cost": 2.41,"Total Cost": 4471.79,"Plan Rows": 2500,"Plan Width": 116,"Actual Startup Time": 0.234,"Actual Total Time": 55.967,"Actual Rows": 9968,"Actual Loops": 3,"Inner Unique": false,"Hash Cond": "(customer.c_nationkey = nation.n_nationkey)","Workers": [],"Plans": [{"Node Type": "Seq Scan","Parent Relationship": "Outer","Parallel Aware": true,"Async Capable": false,"Relation Name": "customer","Alias": "customer","Startup Cost": 0.00,"Total Cost": 4210.00,"Plan Rows": 62500,"Plan Width": 8,"Actual Startup Time": 0.014,"Actual Total Time": 9.575,"Actual Rows": 50000,"Actual Loops": 3,"Workers": []},{"Node Type": "Hash","Parent Relationship": "Inner","Parallel Aware": false,"Async Capable": false,"Startup Cost": 2.40,"Total Cost": 2.40,"Plan Rows": 1,"Plan Width": 108,"Actual Startup Time": 0.143,"Actual Total Time": 0.166,"Actual Rows": 5,"Actual Loops": 3,"Hash Buckets": 1024,"Original Hash Buckets": 1024,"Hash Batches": 1,"Original Hash Batches": 1,"Peak Memory Usage": 9,"Workers": [],"Plans": [{"Node Type": "Hash Join","Parent Relationship": "Outer","Parallel Aware": false,"Async Capable": false,"Join Type": "Inner","Startup Cost": 1.07,"Total Cost": 2.40,"Plan Rows": 1,"Plan Width": 108,"Actual Startup Time": 0.129,"Actual Total Time": 0.155,"Actual Rows": 5,"Actual Loops": 3,"Inner Unique": true,"Hash Cond": "(nation.n_regionkey = region.r_regionkey)","Workers": [],"Plans": [{"Node Type": "Seq Scan","Parent Relationship": "Outer","Parallel Aware": false,"Async Capable": false,"Relation Name": "nation","Alias": "nation","Startup Cost": 0.00,"Total Cost": 1.25,"Plan Rows": 25,"Plan Width": 112,"Actual Startup Time": 0.047,"Actual Total Time": 0.051,"Actual Rows": 25,"Actual Loops": 3,"Workers": []},{"Node Type": "Hash","Parent Relationship": "Inner","Parallel Aware": false,"Async Capable": false,"Startup Cost": 1.06,"Total Cost": 1.06,"Plan Rows": 1,"Plan Width": 4,"Actual Startup Time": 0.054,"Actual Total Time": 0.064,"Actual Rows": 1,"Actual Loops": 3,"Hash Buckets": 1024,"Original Hash Buckets": 1024,"Hash Batches": 1,"Original Hash Batches": 1,"Peak Memory Usage": 9,"Workers": [],"Plans": [{"Node Type": "Seq Scan","Parent Relationship": "Outer","Parallel Aware": false,"Async Capable": false,"Relation Name": "region","Alias": "region","Startup Cost": 0.00,"Total Cost": 1.06,"Plan Rows": 1,"Plan Width": 4,"Actual Startup Time": 0.039,"Actual Total Time": 0.041,"Actual Rows": 1,"Actual Loops": 3,"Filter": "(r_name = 'MIDDLE EAST'::bpchar)","Rows Removed by Filter": 4,"Workers": []}]}]}]}]},{"Node Type": "Index Scan","Parent Relationship": "Inner","Parallel Aware": false,"Async Capable": false,"Scan Direction": "Forward","Index Name": "idx_orders_custkey","Relation Name": "orders","Alias": "orders","Startup Cost": 0.43,"Total Cost": 1.55,"Plan Rows": 3,"Plan Width": 8,"Actual Startup Time": 0.017,"Actual Total Time": 0.039,"Actual Rows": 2,"Actual Loops": 29904,"Index Cond": "(o_custkey = customer.c_custkey)","Rows Removed by Index Recheck": 0,"Filter": "((o_orderdate >= '1995-01-01'::date) AND (o_orderdate < '1996-01-01 00:00:00'::timestamp without time zone))","Rows Removed by Filter": 8,"Workers": []}]},{"Node Type": "Index Scan","Parent Relationship": "Inner","Parallel Aware": false,"Async Capable": false,"Scan Direction": "Forward","Index Name": "idx_lineitem_orderkey","Relation Name": "lineitem","Alias": "lineitem","Startup Cost": 0.43,"Total Cost": 2.87,"Plan Rows": 17,"Plan Width": 20,"Actual Startup Time": 0.017,"Actual Total Time": 0.019,"Actual Rows": 4,"Actual Loops": 45257,"Index Cond": "(l_orderkey = orders.o_orderkey)","Rows Removed by Index Recheck": 0,"Workers": []}]},{"Node Type": "Hash","Parent Relationship": "Inner","Parallel Aware": false,"Async Capable": false,"Startup Cost": 322.00,"Total Cost": 322.00,"Plan Rows": 10000,"Plan Width": 8,"Actual Startup Time": 12.822,"Actual Total Time": 12.826,"Actual Rows": 10000,"Actual Loops": 3,"Hash Buckets": 16384,"Original Hash Buckets": 16384,"Hash Batches": 1,"Original Hash Batches": 1,"Peak Memory Usage": 519,"Workers": [],"Plans": [{"Node Type": "Seq Scan","Parent Relationship": "Outer","Parallel Aware": false,"Async Capable": false,"Relation Name": "supplier","Alias": "supplier","Startup Cost": 0.00,"Total Cost": 322.00,"Plan Rows": 10000,"Plan Width": 8,"Actual Startup Time": 0.044,"Actual Total Time": 11.057,"Actual Rows": 10000,"Actual Loops": 3,"Workers": []}]}]}]}]}]}]}]},"Planning Time": 10.537,"Triggers": [],"Execution Time": 841.938}]
[{"Plan": {"Node Type": "Sort","Parallel Aware": false,"Async Capable": false,"Startup Cost": 21565.81,"Total Cost": 21565.87,"Plan Rows": 25,"Plan Width": 136,"Actual Startup Time": 831.835,"Actual Total Time": 873.525,"Actual Rows": 5,"Actual Loops": 1,"Sort Key": ["(sum((lineitem.l_extendedprice * ('1'::numeric - lineitem.l_discount)))) DESC"],"Sort Method": "quicksort","Sort Space Used": 25,"Sort Space Type": "Memory","Plans": [{"Node Type": "Aggregate","Strategy": "Sorted","Partial Mode": "Finalize","Parent Relationship": "Outer","Parallel Aware": false,"Async Capable": false,"Startup Cost": 21550.86,"Total Cost": 21565.23,"Plan Rows": 25,"Plan Width": 136,"Actual Startup Time": 831.274,"Actual Total Time": 873.480,"Actual Rows": 5,"Actual Loops": 1,"Group Key": ["nation.n_name"],"Plans": [{"Node Type": "Gather Merge","Parent Relationship": "Outer","Parallel Aware": false,"Async Capable": false,"Startup Cost": 21550.86,"Total Cost": 21564.54,"Plan Rows": 50,"Plan Width": 136,"Actual Startup Time": 830.694,"Actual Total Time": 873.427,"Actual Rows": 15,"Actual Loops": 1,"Workers Planned": 2,"Workers Launched": 2,"Plans": [{"Node Type": "Aggregate","Strategy": "Sorted","Partial Mode": "Partial","Parent Relationship": "Outer","Parallel Aware": false,"Async Capable": false,"Startup Cost": 20550.84,"Total Cost": 20558.75,"Plan Rows": 25,"Plan Width": 136,"Actual Startup Time": 822.251,"Actual Total Time": 823.046,"Actual Rows": 5,"Actual Loops": 3,"Group Key": ["nation.n_name"],"Workers": [],"Plans": [{"Node Type": "Sort","Parent Relationship": "Outer","Parallel Aware": false,"Async Capable": false,"Startup Cost": 20550.84,"Total Cost": 20552.36,"Plan Rows": 608,"Plan Width": 116,"Actual Startup Time": 822.034,"Actual Total Time": 822.187,"Actual Rows": 2330,"Actual Loops": 3,"Sort Key": ["nation.n_name"],"Sort Method": "quicksort","Sort Space Used": 287,"Sort Space Type": "Memory","Workers": [{"Worker Number": 0,"Sort Method": "quicksort","Sort Space Used": 271,"Sort Space Type": "Memory"},{"Worker Number": 1,"Sort Method": "quicksort","Sort Space Used": 278,"Sort Space Type": "Memory"}],"Plans": [{"Node Type": "Hash Join","Parent Relationship": "Outer","Parallel Aware": false,"Async Capable": false,"Join Type": "Inner","Startup Cost": 475.27,"Total Cost": 20522.72,"Plan Rows": 608,"Plan Width": 116,"Actual Startup Time": 11.715,"Actual Total Time": 820.536,"Actual Rows": 2330,"Actual Loops": 3,"Inner Unique": true,"Hash Cond": "((lineitem.l_suppkey = supplier.s_suppkey) AND (customer.c_nationkey = supplier.s_nationkey))","Workers": [],"Plans": [{"Node Type": "Nested Loop","Parent Relationship": "Outer","Parallel Aware": false,"Async Capable": false,"Join Type": "Inner","Startup Cost": 3.27,"Total Cost": 19970.84,"Plan Rows": 15215,"Plan Width": 128,"Actual Startup Time": 0.848,"Actual Total Time": 777.711,"Actual Rows": 60416,"Actual Loops": 3,"Inner Unique": false,"Workers": [],"Plans": [{"Node Type": "Nested Loop","Parent Relationship": "Outer","Parallel Aware": false,"Async Capable": false,"Join Type": "Inner","Startup Cost": 2.84,"Total Cost": 8414.26,"Plan Rows": 3803,"Plan Width": 116,"Actual Startup Time": 0.710,"Actual Total Time": 470.008,"Actual Rows": 15150,"Actual Loops": 3,"Inner Unique": false,"Workers": [],"Plans": [{"Node Type": "Hash Join","Parent Relationship": "Outer","Parallel Aware": false,"Async Capable": false,"Join Type": "Inner","Startup Cost": 2.41,"Total Cost": 4471.79,"Plan Rows": 2500,"Plan Width": 116,"Actual Startup Time": 0.302,"Actual Total Time": 60.810,"Actual Rows": 9921,"Actual Loops": 3,"Inner Unique": false,"Hash Cond": "(customer.c_nationkey = nation.n_nationkey)","Workers": [],"Plans": [{"Node Type": "Seq Scan","Parent Relationship": "Outer","Parallel Aware": true,"Async Capable": false,"Relation Name": "customer","Alias": "customer","Startup Cost": 0.00,"Total Cost": 4210.00,"Plan Rows": 62500,"Plan Width": 8,"Actual Startup Time": 0.020,"Actual Total Time": 10.219,"Actual Rows": 50000,"Actual Loops": 3,"Workers": []},{"Node Type": "Hash","Parent Relationship": "Inner","Parallel Aware": false,"Async Capable": false,"Startup Cost": 2.40,"Total Cost": 2.40,"Plan Rows": 1,"Plan Width": 108,"Actual Startup Time": 0.183,"Actual Total Time": 0.205,"Actual Rows": 5,"Actual Loops": 3,"Hash Buckets": 1024,"Original Hash Buckets": 1024,"Hash Batches": 1,"Original Hash Batches": 1,"Peak Memory Usage": 9,"Workers": [],"Plans": [{"Node Type": "Hash Join","Parent Relationship": "Outer","Parallel Aware": false,"Async Capable": false,"Join Type": "Inner","Startup Cost": 1.07,"Total Cost": 2.40,"Plan Rows": 1,"Plan Width": 108,"Actual Startup Time": 0.167,"Actual Total Time": 0.195,"Actual Rows": 5,"Actual Loops": 3,"Inner Unique": true,"Hash Cond": "(nation.n_regionkey = region.r_regionkey)","Workers": [],"Plans": [{"Node Type": "Seq Scan","Parent Relationship": "Outer","Parallel Aware": false,"Async Capable": false,"Relation Name": "nation","Alias": "nation","Startup Cost": 0.00,"Total Cost": 1.25,"Plan Rows": 25,"Plan Width": 112,"Actual Startup Time": 0.065,"Actual Total Time": 0.070,"Actual Rows": 25,"Actual Loops": 3,"Workers": []},{"Node Type": "Hash","Parent Relationship": "Inner","Parallel Aware": false,"Async Capable": false,"Startup Cost": 1.06,"Total Cost": 1.06,"Plan Rows": 1,"Plan Width": 4,"Actual Startup Time": 0.074,"Actual Total Time": 0.079,"Actual Rows": 1,"Actual Loops": 3,"Hash Buckets": 1024,"Original Hash Buckets": 1024,"Hash Batches": 1,"Original Hash Batches": 1,"Peak Memory Usage": 9,"Workers": [],"Plans": [{"Node Type": "Seq Scan","Parent Relationship": "Outer","Parallel Aware": false,"Async Capable": false,"Relation Name": "region","Alias": "region","Startup Cost": 0.00,"Total Cost": 1.06,"Plan Rows": 1,"Plan Width": 4,"Actual Startup Time": 0.049,"Actual Total Time": 0.053,"Actual Rows": 1,"Actual Loops": 3,"Filter": "(r_name = 'AFRICA'::bpchar)","Rows Removed by Filter": 4,"Workers": []}]}]}]}]},{"Node Type": "Index Scan","Parent Relationship": "Inner","Parallel Aware": false,"Async Capable": false,"Scan Direction": "Forward","Index Name": "idx_orders_custkey","Relation Name": "orders","Alias": "orders","Startup Cost": 0.43,"Total Cost": 1.55,"Plan Rows": 3,"Plan Width": 8,"Actual Startup Time": 0.018,"Actual Total Time": 0.041,"Actual Rows": 2,"Actual Loops": 29764,"Index Cond": "(o_custkey = customer.c_custkey)","Rows Removed by Index Recheck": 0,"Filter": "((o_orderdate >= '1997-01-01'::date) AND (o_orderdate < '1998-01-01 00:00:00'::timestamp without time zone))","Rows Removed by Filter": 9,"Workers": []}]},{"Node Type": "Index Scan","Parent Relationship": "Inner","Parallel Aware": false,"Async Capable": false,"Scan Direction": "Forward","Index Name": "idx_lineitem_orderkey","Relation Name": "lineitem","Alias": "lineitem","Startup Cost": 0.43,"Total Cost": 2.87,"Plan Rows": 17,"Plan Width": 20,"Actual Startup Time": 0.017,"Actual Total Time": 0.020,"Actual Rows": 4,"Actual Loops": 45450,"Index Cond": "(l_orderkey = orders.o_orderkey)","Rows Removed by Index Recheck": 0,"Workers": []}]},{"Node Type": "Hash","Parent Relationship": "Inner","Parallel Aware": false,"Async Capable": false,"Startup Cost": 322.00,"Total Cost": 322.00,"Plan Rows": 10000,"Plan Width": 8,"Actual Startup Time": 8.425,"Actual Total Time": 8.430,"Actual Rows": 10000,"Actual Loops": 3,"Hash Buckets": 16384,"Original Hash Buckets": 16384,"Hash Batches": 1,"Original Hash Batches": 1,"Peak Memory Usage": 519,"Workers": [],"Plans": [{"Node Type": "Seq Scan","Parent Relationship": "Outer","Parallel Aware": false,"Async Capable": false,"Relation Name": "supplier","Alias": "supplier","Startup Cost": 0.00,"Total Cost": 322.00,"Plan Rows": 10000,"Plan Width": 8,"Actual Startup Time": 0.044,"Actual Total Time": 6.920,"Actual Rows": 10000,"Actual Loops": 3,"Workers": []}]}]}]}]}]}]}]},"Planning Time": 9.220,"Triggers": [],"Execution Time": 874.104}]
[{"Plan": {"Node Type": "Sort","Parallel Aware": false,"Async Capable": false,"Startup Cost": 21612.43,"Total Cost": 21612.50,"Plan Rows": 25,"Plan Width": 136,"Actual Startup Time": 812.208,"Actual Total Time": 844.906,"Actual Rows": 5,"Actual Loops": 1,"Sort Key": ["(sum((lineitem.l_extendedprice * ('1'::numeric - lineitem.l_discount)))) DESC"],"Sort Method": "quicksort","Sort Space Used": 25,"Sort Space Type": "Memory","Plans": [{"Node Type": "Aggregate","Strategy": "Sorted","Partial Mode": "Finalize","Parent Relationship": "Outer","Parallel Aware": false,"Async Capable": false,"Startup Cost": 21597.38,"Total Cost": 21611.85,"Plan Rows": 25,"Plan Width": 136,"Actual Startup Time": 811.577,"Actual Total Time": 844.848,"Actual Rows": 5,"Actual Loops": 1,"Group Key": ["nation.n_name"],"Plans": [{"Node Type": "Gather Merge","Parent Relationship": "Outer","Parallel Aware": false,"Async Capable": false,"Startup Cost": 21597.38,"Total Cost": 21611.17,"Plan Rows": 50,"Plan Width": 136,"Actual Startup Time": 811.381,"Actual Total Time": 844.798,"Actual Rows": 15,"Actual Loops": 1,"Workers Planned": 2,"Workers Launched": 2,"Plans": [{"Node Type": "Aggregate","Strategy": "Sorted","Partial Mode": "Partial","Parent Relationship": "Outer","Parallel Aware": false,"Async Capable": false,"Startup Cost": 20597.36,"Total Cost": 20605.37,"Plan Rows": 25,"Plan Width": 136,"Actual Startup Time": 803.972,"Actual Total Time": 804.698,"Actual Rows": 5,"Actual Loops": 3,"Group Key": ["nation.n_name"],"Workers": [],"Plans": [{"Node Type": "Sort","Parent Relationship": "Outer","Parallel Aware": false,"Async Capable": false,"Startup Cost": 20597.36,"Total Cost": 20598.90,"Plan Rows": 616,"Plan Width": 116,"Actual Startup Time": 803.767,"Actual Total Time": 803.896,"Actual Rows": 2458,"Actual Loops": 3,"Sort Key": ["nation.n_name"],"Sort Method": "quicksort","Sort Space Used": 292,"Sort Space Type": "Memory","Workers": [{"Worker Number": 0,"Sort Method": "quicksort","Sort Space Used": 287,"Sort Space Type": "Memory"},{"Worker Number": 1,"Sort Method": "quicksort","Sort Space Used": 286,"Sort Space Type": "Memory"}],"Plans": [{"Node Type": "Hash Join","Parent Relationship": "Outer","Parallel Aware": false,"Async Capable": false,"Join Type": "Inner","Startup Cost": 475.27,"Total Cost": 20568.82,"Plan Rows": 616,"Plan Width": 116,"Actual Startup Time": 9.755,"Actual Total Time": 802.240,"Actual Rows": 2458,"Actual Loops": 3,"Inner Unique": true,"Hash Cond": "((lineitem.l_suppkey = supplier.s_suppkey) AND (customer.c_nationkey = supplier.s_nationkey))","Workers": [],"Plans": [{"Node Type": "Nested Loop","Parent Relationship": "Outer","Parallel Aware": false,"Async Capable": false,"Join Type": "Inner","Startup Cost": 3.27,"Total Cost": 20015.89,"Plan Rows": 15415,"Plan Width": 128,"Actual Startup Time": 0.708,"Actual Total Time": 760.379,"Actual Rows": 60417,"Actual Loops": 3,"Inner Unique": false,"Workers": [],"Plans": [{"Node Type": "Nested Loop","Parent Relationship": "Outer","Parallel Aware": false,"Async Capable": false,"Join Type": "Inner","Startup Cost": 2.84,"Total Cost": 8414.26,"Plan Rows": 3853,"Plan Width": 116,"Actual Startup Time": 0.563,"Actual Total Time": 454.038,"Actual Rows": 15112,"Actual Loops": 3,"Inner Unique": false,"Workers": [],"Plans": [{"Node Type": "Hash Join","Parent Relationship": "Outer","Parallel Aware": false,"Async Capable": false,"Join Type": "Inner","Startup Cost": 2.41,"Total Cost": 4471.79,"Plan Rows": 2500,"Plan Width": 116,"Actual Startup Time": 0.264,"Actual Total Time": 54.641,"Actual Rows": 9984,"Actual Loops": 3,"Inner Unique": false,"Hash Cond": "(customer.c_nationkey = nation.n_nationkey)","Workers": [],"Plans": [{"Node Type": "Seq Scan","Parent Relationship": "Outer","Parallel Aware": true,"Async Capable": false,"Relation Name": "customer","Alias": "customer","Startup Cost": 0.00,"Total Cost": 4210.00,"Plan Rows": 62500,"Plan Width": 8,"Actual Startup Time": 0.019,"Actual Total Time": 9.602,"Actual Rows": 50000,"Actual Loops": 3,"Workers": []},{"Node Type": "Hash","Parent Relationship": "Inner","Parallel Aware": false,"Async Capable": false,"Startup Cost": 2.40,"Total Cost": 2.40,"Plan Rows": 1,"Plan Width": 108,"Actual Startup Time": 0.143,"Actual Total Time": 0.163,"Actual Rows": 5,"Actual Loops": 3,"Hash Buckets": 1024,"Original Hash Buckets": 1024,"Hash Batches": 1,"Original Hash Batches": 1,"Peak Memory Usage": 9,"Workers": [],"Plans": [{"Node Type": "Hash Join","Parent Relationship": "Outer","Parallel Aware": false,"Async Capable": false,"Join Type": "Inner","Startup Cost": 1.07,"Total Cost": 2.40,"Plan Rows": 1,"Plan Width": 108,"Actual Startup Time": 0.129,"Actual Total Time": 0.153,"Actual Rows": 5,"Actual Loops": 3,"Inner Unique": true,"Hash Cond": "(nation.n_regionkey = region.r_regionkey)","Workers": [],"Plans": [{"Node Type": "Seq Scan","Parent Relationship": "Outer","Parallel Aware": false,"Async Capable": false,"Relation Name": "nation","Alias": "nation","Startup Cost": 0.00,"Total Cost": 1.25,"Plan Rows": 25,"Plan Width": 112,"Actual Startup Time": 0.046,"Actual Total Time": 0.051,"Actual Rows": 25,"Actual Loops": 3,"Workers": []},{"Node Type": "Hash","Parent Relationship": "Inner","Parallel Aware": false,"Async Capable": false,"Startup Cost": 1.06,"Total Cost": 1.06,"Plan Rows": 1,"Plan Width": 4,"Actual Startup Time": 0.053,"Actual Total Time": 0.059,"Actual Rows": 1,"Actual Loops": 3,"Hash Buckets": 1024,"Original Hash Buckets": 1024,"Hash Batches": 1,"Original Hash Batches": 1,"Peak Memory Usage": 9,"Workers": [],"Plans": [{"Node Type": "Seq Scan","Parent Relationship": "Outer","Parallel Aware": false,"Async Capable": false,"Relation Name": "region","Alias": "region","Startup Cost": 0.00,"Total Cost": 1.06,"Plan Rows": 1,"Plan Width": 4,"Actual Startup Time": 0.038,"Actual Total Time": 0.040,"Actual Rows": 1,"Actual Loops": 3,"Filter": "(r_name = 'AMERICA'::bpchar)","Rows Removed by Filter": 4,"Workers": []}]}]}]}]},{"Node Type": "Index Scan","Parent Relationship": "Inner","Parallel Aware": false,"Async Capable": false,"Scan Direction": "Forward","Index Name": "idx_orders_custkey","Relation Name": "orders","Alias": "orders","Startup Cost": 0.43,"Total Cost": 1.55,"Plan Rows": 3,"Plan Width": 8,"Actual Startup Time": 0.017,"Actual Total Time": 0.040,"Actual Rows": 2,"Actual Loops": 29952,"Index Cond": "(o_custkey = customer.c_custkey)","Rows Removed by Index Recheck": 0,"Filter": "((o_orderdate >= '1994-01-01'::date) AND (o_orderdate < '1995-01-01 00:00:00'::timestamp without time zone))","Rows Removed by Filter": 8,"Workers": []}]},{"Node Type": "Index Scan","Parent Relationship": "Inner","Parallel Aware": false,"Async Capable": false,"Scan Direction": "Forward","Index Name": "idx_lineitem_orderkey","Relation Name": "lineitem","Alias": "lineitem","Startup Cost": 0.43,"Total Cost": 2.84,"Plan Rows": 17,"Plan Width": 20,"Actual Startup Time": 0.017,"Actual Total Time": 0.020,"Actual Rows": 4,"Actual Loops": 45335,"Index Cond": "(l_orderkey = orders.o_orderkey)","Rows Removed by Index Recheck": 0,"Workers": []}]},{"Node Type": "Hash","Parent Relationship": "Inner","Parallel Aware": false,"Async Capable": false,"Startup Cost": 322.00,"Total Cost": 322.00,"Plan Rows": 10000,"Plan Width": 8,"Actual Startup Time": 8.509,"Actual Total Time": 8.512,"Actual Rows": 10000,"Actual Loops": 3,"Hash Buckets": 16384,"Original Hash Buckets": 16384,"Hash Batches": 1,"Original Hash Batches": 1,"Peak Memory Usage": 519,"Workers": [],"Plans": [{"Node Type": "Seq Scan","Parent Relationship": "Outer","Parallel Aware": false,"Async Capable": false,"Relation Name": "supplier","Alias": "supplier","Startup Cost": 0.00,"Total Cost": 322.00,"Plan Rows": 10000,"Plan Width": 8,"Actual Startup Time": 0.036,"Actual Total Time": 6.673,"Actual Rows": 10000,"Actual Loops": 3,"Workers": []}]}]}]}]}]}]}]},"Planning Time": 10.649,"Triggers": [],"Execution Time": 845.482}]
[{"Plan": {"Node Type": "Sort","Parallel Aware": false,"Async Capable": false,"Startup Cost": 21565.24,"Total Cost": 21565.30,"Plan Rows": 25,"Plan Width": 136,"Actual Startup Time": 812.920,"Actual Total Time": 845.337,"Actual Rows": 5,"Actual Loops": 1,"Sort Key": ["(sum((lineitem.l_extendedprice * ('1'::numeric - lineitem.l_discount)))) DESC"],"Sort Method": "quicksort","Sort Space Used": 25,"Sort Space Type": "Memory","Plans": [{"Node Type": "Aggregate","Strategy": "Sorted","Partial Mode": "Finalize","Parent Relationship": "Outer","Parallel Aware": false,"Async Capable": false,"Startup Cost": 21550.29,"Total Cost": 21564.66,"Plan Rows": 25,"Plan Width": 136,"Actual Startup Time": 812.284,"Actual Total Time": 845.271,"Actual Rows": 5,"Actual Loops": 1,"Group Key": ["nation.n_name"],"Plans": [{"Node Type": "Gather Merge","Parent Relationship": "Outer","Parallel Aware": false,"Async Capable": false,"Startup Cost": 21550.29,"Total Cost": 21563.97,"Plan Rows": 50,"Plan Width": 136,"Actual Startup Time": 812.043,"Actual Total Time": 845.216,"Actual Rows": 15,"Actual Loops": 1,"Workers Planned": 2,"Workers Launched": 2,"Plans": [{"Node Type": "Aggregate","Strategy": "Sorted","Partial Mode": "Partial","Parent Relationship": "Outer","Parallel Aware": false,"Async Capable": false,"Startup Cost": 20550.26,"Total Cost": 20558.18,"Plan Rows": 25,"Plan Width": 136,"Actual Startup Time": 804.529,"Actual Total Time": 805.274,"Actual Rows": 5,"Actual Loops": 3,"Group Key": ["nation.n_name"],"Workers": [],"Plans": [{"Node Type": "Sort","Parent Relationship": "Outer","Parallel Aware": false,"Async Capable": false,"Startup Cost": 20550.26,"Total Cost": 20551.78,"Plan Rows": 608,"Plan Width": 116,"Actual Startup Time": 804.312,"Actual Total Time": 804.451,"Actual Rows": 2459,"Actual Loops": 3,"Sort Key": ["nation.n_name"],"Sort Method": "quicksort","Sort Space Used": 291,"Sort Space Type": "Memory","Workers": [{"Worker Number": 0,"Sort Method": "quicksort","Sort Space Used": 281,"Sort Space Type": "Memory"},{"Worker Number": 1,"Sort Method": "quicksort","Sort Space Used": 294,"Sort Space Type": "Memory"}],"Plans": [{"Node Type": "Hash Join","Parent Relationship": "Outer","Parallel Aware": false,"Async Capable": false,"Join Type": "Inner","Startup Cost": 475.27,"Total Cost": 20522.15,"Plan Rows": 608,"Plan Width": 116,"Actual Startup Time": 9.963,"Actual Total Time": 802.770,"Actual Rows": 2459,"Actual Loops": 3,"Inner Unique": true,"Hash Cond": "((lineitem.l_suppkey = supplier.s_suppkey) AND (customer.c_nationkey = supplier.s_nationkey))","Workers": [],"Plans": [{"Node Type": "Nested Loop","Parent Relationship": "Outer","Parallel Aware": false,"Async Capable": false,"Join Type": "Inner","Startup Cost": 3.27,"Total Cost": 19970.29,"Plan Rows": 15211,"Plan Width": 128,"Actual Startup Time": 0.726,"Actual Total Time": 761.226,"Actual Rows": 61195,"Actual Loops": 3,"Inner Unique": false,"Workers": [],"Plans": [{"Node Type": "Nested Loop","Parent Relationship": "Outer","Parallel Aware": false,"Async Capable": false,"Join Type": "Inner","Startup Cost": 2.84,"Total Cost": 8414.26,"Plan Rows": 3802,"Plan Width": 116,"Actual Startup Time": 0.590,"Actual Total Time": 455.580,"Actual Rows": 15244,"Actual Loops": 3,"Inner Unique": false,"Workers": [],"Plans": [{"Node Type": "Hash Join","Parent Relationship": "Outer","Parallel Aware": false,"Async Capable": false,"Join Type": "Inner","Startup Cost": 2.41,"Total Cost": 4471.79,"Plan Rows": 2500,"Plan Width": 116,"Actual Startup Time": 0.294,"Actual Total Time": 55.676,"Actual Rows": 10061,"Actual Loops": 3,"Inner Unique": false,"Hash Cond": "(customer.c_nationkey = nation.n_nationkey)","Workers": [],"Plans": [{"Node Type": "Seq Scan","Parent Relationship": "Outer","Parallel Aware": true,"Async Capable": false,"Relation Name": "customer","Alias": "customer","Startup Cost": 0.00,"Total Cost": 4210.00,"Plan Rows": 62500,"Plan Width": 8,"Actual Startup Time": 0.018,"Actual Total Time": 9.635,"Actual Rows": 50000,"Actual Loops": 3,"Workers": []},{"Node Type": "Hash","Parent Relationship": "Inner","Parallel Aware": false,"Async Capable": false,"Startup Cost": 2.40,"Total Cost": 2.40,"Plan Rows": 1,"Plan Width": 108,"Actual Startup Time": 0.169,"Actual Total Time": 0.188,"Actual Rows": 5,"Actual Loops": 3,"Hash Buckets": 1024,"Original Hash Buckets": 1024,"Hash Batches": 1,"Original Hash Batches": 1,"Peak Memory Usage": 9,"Workers": [],"Plans": [{"Node Type": "Hash Join","Parent Relationship": "Outer","Parallel Aware": false,"Async Capable": false,"Join Type": "Inner","Startup Cost": 1.07,"Total Cost": 2.40,"Plan Rows": 1,"Plan Width": 108,"Actual Startup Time": 0.153,"Actual Total Time": 0.175,"Actual Rows": 5,"Actual Loops": 3,"Inner Unique": true,"Hash Cond": "(nation.n_regionkey = region.r_regionkey)","Workers": [],"Plans": [{"Node Type": "Seq Scan","Parent Relationship": "Outer","Parallel Aware": false,"Async Capable": false,"Relation Name": "nation","Alias": "nation","Startup Cost": 0.00,"Total Cost": 1.25,"Plan Rows": 25,"Plan Width": 112,"Actual Startup Time": 0.049,"Actual Total Time": 0.052,"Actual Rows": 25,"Actual Loops": 3,"Workers": []},{"Node Type": "Hash","Parent Relationship": "Inner","Parallel Aware": false,"Async Capable": false,"Startup Cost": 1.06,"Total Cost": 1.06,"Plan Rows": 1,"Plan Width": 4,"Actual Startup Time": 0.069,"Actual Total Time": 0.076,"Actual Rows": 1,"Actual Loops": 3,"Hash Buckets": 1024,"Original Hash Buckets": 1024,"Hash Batches": 1,"Original Hash Batches": 1,"Peak Memory Usage": 9,"Workers": [],"Plans": [{"Node Type": "Seq Scan","Parent Relationship": "Outer","Parallel Aware": false,"Async Capable": false,"Relation Name": "region","Alias": "region","Startup Cost": 0.00,"Total Cost": 1.06,"Plan Rows": 1,"Plan Width": 4,"Actual Startup Time": 0.054,"Actual Total Time": 0.057,"Actual Rows": 1,"Actual Loops": 3,"Filter": "(r_name = 'ASIA'::bpchar)","Rows Removed by Filter": 4,"Workers": []}]}]}]}]},{"Node Type": "Index Scan","Parent Relationship": "Inner","Parallel Aware": false,"Async Capable": false,"Scan Direction": "Forward","Index Name": "idx_orders_custkey","Relation Name": "orders","Alias": "orders","Startup Cost": 0.43,"Total Cost": 1.55,"Plan Rows": 3,"Plan Width": 8,"Actual Startup Time": 0.017,"Actual Total Time": 0.039,"Actual Rows": 2,"Actual Loops": 30183,"Index Cond": "(o_custkey = customer.c_custkey)","Rows Removed by Index Recheck": 0,"Filter": "((o_orderdate >= '1995-01-01'::date) AND (o_orderdate < '1996-01-01 00:00:00'::timestamp without time zone))","Rows Removed by Filter": 8,"Workers": []}]},{"Node Type": "Index Scan","Parent Relationship": "Inner","Parallel Aware": false,"Async Capable": false,"Scan Direction": "Forward","Index Name": "idx_lineitem_orderkey","Relation Name": "lineitem","Alias": "lineitem","Startup Cost": 0.43,"Total Cost": 2.87,"Plan Rows": 17,"Plan Width": 20,"Actual Startup Time": 0.017,"Actual Total Time": 0.019,"Actual Rows": 4,"Actual Loops": 45731,"Index Cond": "(l_orderkey = orders.o_orderkey)","Rows Removed by Index Recheck": 0,"Workers": []}]},{"Node Type": "Hash","Parent Relationship": "Inner","Parallel Aware": false,"Async Capable": false,"Startup Cost": 322.00,"Total Cost": 322.00,"Plan Rows": 10000,"Plan Width": 8,"Actual Startup Time": 8.662,"Actual Total Time": 8.670,"Actual Rows": 10000,"Actual Loops": 3,"Hash Buckets": 16384,"Original Hash Buckets": 16384,"Hash Batches": 1,"Original Hash Batches": 1,"Peak Memory Usage": 519,"Workers": [],"Plans": [{"Node Type": "Seq Scan","Parent Relationship": "Outer","Parallel Aware": false,"Async Capable": false,"Relation Name": "supplier","Alias": "supplier","Startup Cost": 0.00,"Total Cost": 322.00,"Plan Rows": 10000,"Plan Width": 8,"Actual Startup Time": 0.038,"Actual Total Time": 6.811,"Actual Rows": 10000,"Actual Loops": 3,"Workers": []}]}]}]}]}]}]}]},"Planning Time": 10.579,"Triggers": [],"Execution Time": 845.911}]
[{"Plan": {"Node Type": "Sort","Parallel Aware": false,"Async Capable": false,"Startup Cost": 21565.24,"Total Cost": 21565.30,"Plan Rows": 25,"Plan Width": 136,"Actual Startup Time": 803.148,"Actual Total Time": 837.225,"Actual Rows": 5,"Actual Loops": 1,"Sort Key": ["(sum((lineitem.l_extendedprice * ('1'::numeric - lineitem.l_discount)))) DESC"],"Sort Method": "quicksort","Sort Space Used": 25,"Sort Space Type": "Memory","Plans": [{"Node Type": "Aggregate","Strategy": "Sorted","Partial Mode": "Finalize","Parent Relationship": "Outer","Parallel Aware": false,"Async Capable": false,"Startup Cost": 21550.29,"Total Cost": 21564.66,"Plan Rows": 25,"Plan Width": 136,"Actual Startup Time": 802.551,"Actual Total Time": 837.165,"Actual Rows": 5,"Actual Loops": 1,"Group Key": ["nation.n_name"],"Plans": [{"Node Type": "Gather Merge","Parent Relationship": "Outer","Parallel Aware": false,"Async Capable": false,"Startup Cost": 21550.29,"Total Cost": 21563.97,"Plan Rows": 50,"Plan Width": 136,"Actual Startup Time": 802.343,"Actual Total Time": 837.116,"Actual Rows": 15,"Actual Loops": 1,"Workers Planned": 2,"Workers Launched": 2,"Plans": [{"Node Type": "Aggregate","Strategy": "Sorted","Partial Mode": "Partial","Parent Relationship": "Outer","Parallel Aware": false,"Async Capable": false,"Startup Cost": 20550.26,"Total Cost": 20558.18,"Plan Rows": 25,"Plan Width": 136,"Actual Startup Time": 794.724,"Actual Total Time": 795.426,"Actual Rows": 5,"Actual Loops": 3,"Group Key": ["nation.n_name"],"Workers": [],"Plans": [{"Node Type": "Sort","Parent Relationship": "Outer","Parallel Aware": false,"Async Capable": false,"Startup Cost": 20550.26,"Total Cost": 20551.78,"Plan Rows": 608,"Plan Width": 116,"Actual Startup Time": 794.492,"Actual Total Time": 794.616,"Actual Rows": 2402,"Actual Loops": 3,"Sort Key": ["nation.n_name"],"Sort Method": "quicksort","Sort Space Used": 284,"Sort Space Type": "Memory","Workers": [{"Worker Number": 0,"Sort Method": "quicksort","Sort Space Used": 278,"Sort Space Type": "Memory"},{"Worker Number": 1,"Sort Method": "quicksort","Sort Space Used": 290,"Sort Space Type": "Memory"}],"Plans": [{"Node Type": "Hash Join","Parent Relationship": "Outer","Parallel Aware": false,"Async Capable": false,"Join Type": "Inner","Startup Cost": 475.27,"Total Cost": 20522.15,"Plan Rows": 608,"Plan Width": 116,"Actual Startup Time": 9.804,"Actual Total Time": 792.945,"Actual Rows": 2402,"Actual Loops": 3,"Inner Unique": true,"Hash Cond": "((lineitem.l_suppkey = supplier.s_suppkey) AND (customer.c_nationkey = supplier.s_nationkey))","Workers": [],"Plans": [{"Node Type": "Nested Loop","Parent Relationship": "Outer","Parallel Aware": false,"Async Capable": false,"Join Type": "Inner","Startup Cost": 3.27,"Total Cost": 19970.29,"Plan Rows": 15211,"Plan Width": 128,"Actual Startup Time": 0.739,"Actual Total Time": 751.905,"Actual Rows": 60896,"Actual Loops": 3,"Inner Unique": false,"Workers": [],"Plans": [{"Node Type": "Nested Loop","Parent Relationship": "Outer","Parallel Aware": false,"Async Capable": false,"Join Type": "Inner","Startup Cost": 2.84,"Total Cost": 8414.26,"Plan Rows": 3802,"Plan Width": 116,"Actual Startup Time": 0.610,"Actual Total Time": 448.155,"Actual Rows": 15274,"Actual Loops": 3,"Inner Unique": false,"Workers": [],"Plans": [{"Node Type": "Hash Join","Parent Relationship": "Outer","Parallel Aware": false,"Async Capable": false,"Join Type": "Inner","Startup Cost": 2.41,"Total Cost": 4471.79,"Plan Rows": 2500,"Plan Width": 116,"Actual Startup Time": 0.268,"Actual Total Time": 53.804,"Actual Rows": 9921,"Actual Loops": 3,"Inner Unique": false,"Hash Cond": "(customer.c_nationkey = nation.n_nationkey)","Workers": [],"Plans": [{"Node Type": "Seq Scan","Parent Relationship": "Outer","Parallel Aware": true,"Async Capable": false,"Relation Name": "customer","Alias": "customer","Startup Cost": 0.00,"Total Cost": 4210.00,"Plan Rows": 62500,"Plan Width": 8,"Actual Startup Time": 0.020,"Actual Total Time": 9.563,"Actual Rows": 50000,"Actual Loops": 3,"Workers": []},{"Node Type": "Hash","Parent Relationship": "Inner","Parallel Aware": false,"Async Capable": false,"Startup Cost": 2.40,"Total Cost": 2.40,"Plan Rows": 1,"Plan Width": 108,"Actual Startup Time": 0.161,"Actual Total Time": 0.176,"Actual Rows": 5,"Actual Loops": 3,"Hash Buckets": 1024,"Original Hash Buckets": 1024,"Hash Batches": 1,"Original Hash Batches": 1,"Peak Memory Usage": 9,"Workers": [],"Plans": [{"Node Type": "Hash Join","Parent Relationship": "Outer","Parallel Aware": false,"Async Capable": false,"Join Type": "Inner","Startup Cost": 1.07,"Total Cost": 2.40,"Plan Rows": 1,"Plan Width": 108,"Actual Startup Time": 0.143,"Actual Total Time": 0.167,"Actual Rows": 5,"Actual Loops": 3,"Inner Unique": true,"Hash Cond": "(nation.n_regionkey = region.r_regionkey)","Workers": [],"Plans": [{"Node Type": "Seq Scan","Parent Relationship": "Outer","Parallel Aware": false,"Async Capable": false,"Relation Name": "nation","Alias": "nation","Startup Cost": 0.00,"Total Cost": 1.25,"Plan Rows": 25,"Plan Width": 112,"Actual Startup Time": 0.052,"Actual Total Time": 0.056,"Actual Rows": 25,"Actual Loops": 3,"Workers": []},{"Node Type": "Hash","Parent Relationship": "Inner","Parallel Aware": false,"Async Capable": false,"Startup Cost": 1.06,"Total Cost": 1.06,"Plan Rows": 1,"Plan Width": 4,"Actual Startup Time": 0.061,"Actual Total Time": 0.066,"Actual Rows": 1,"Actual Loops": 3,"Hash Buckets": 1024,"Original Hash Buckets": 1024,"Hash Batches": 1,"Original Hash Batches": 1,"Peak Memory Usage": 9,"Workers": [],"Plans": [{"Node Type": "Seq Scan","Parent Relationship": "Outer","Parallel Aware": false,"Async Capable": false,"Relation Name": "region","Alias": "region","Startup Cost": 0.00,"Total Cost": 1.06,"Plan Rows": 1,"Plan Width": 4,"Actual Startup Time": 0.046,"Actual Total Time": 0.049,"Actual Rows": 1,"Actual Loops": 3,"Filter": "(r_name = 'AFRICA'::bpchar)","Rows Removed by Filter": 4,"Workers": []}]}]}]}]},{"Node Type": "Index Scan","Parent Relationship": "Inner","Parallel Aware": false,"Async Capable": false,"Scan Direction": "Forward","Index Name": "idx_orders_custkey","Relation Name": "orders","Alias": "orders","Startup Cost": 0.43,"Total Cost": 1.55,"Plan Rows": 3,"Plan Width": 8,"Actual Startup Time": 0.017,"Actual Total Time": 0.039,"Actual Rows": 2,"Actual Loops": 29764,"Index Cond": "(o_custkey = customer.c_custkey)","Rows Removed by Index Recheck": 0,"Filter": "((o_orderdate >= '1995-01-01'::date) AND (o_orderdate < '1996-01-01 00:00:00'::timestamp without time zone))","Rows Removed by Filter": 9,"Workers": []}]},{"Node Type": "Index Scan","Parent Relationship": "Inner","Parallel Aware": false,"Async Capable": false,"Scan Direction": "Forward","Index Name": "idx_lineitem_orderkey","Relation Name": "lineitem","Alias": "lineitem","Startup Cost": 0.43,"Total Cost": 2.87,"Plan Rows": 17,"Plan Width": 20,"Actual Startup Time": 0.017,"Actual Total Time": 0.019,"Actual Rows": 4,"Actual Loops": 45822,"Index Cond": "(l_orderkey = orders.o_orderkey)","Rows Removed by Index Recheck": 0,"Workers": []}]},{"Node Type": "Hash","Parent Relationship": "Inner","Parallel Aware": false,"Async Capable": false,"Startup Cost": 322.00,"Total Cost": 322.00,"Plan Rows": 10000,"Plan Width": 8,"Actual Startup Time": 8.249,"Actual Total Time": 8.253,"Actual Rows": 10000,"Actual Loops": 3,"Hash Buckets": 16384,"Original Hash Buckets": 16384,"Hash Batches": 1,"Original Hash Batches": 1,"Peak Memory Usage": 519,"Workers": [],"Plans": [{"Node Type": "Seq Scan","Parent Relationship": "Outer","Parallel Aware": false,"Async Capable": false,"Relation Name": "supplier","Alias": "supplier","Startup Cost": 0.00,"Total Cost": 322.00,"Plan Rows": 10000,"Plan Width": 8,"Actual Startup Time": 0.043,"Actual Total Time": 6.388,"Actual Rows": 10000,"Actual Loops": 3,"Workers": []}]}]}]}]}]}]}]},"Planning Time": 10.225,"Triggers": [],"Execution Time": 837.854}]
[{"Plan": {"Node Type": "Sort","Parallel Aware": false,"Async Capable": false,"Startup Cost": 21565.24,"Total Cost": 21565.30,"Plan Rows": 25,"Plan Width": 136,"Actual Startup Time": 812.920,"Actual Total Time": 845.337,"Actual Rows": 5,"Actual Loops": 1,"Sort Key": ["(sum((lineitem.l_extendedprice * ('1'::numeric - lineitem.l_discount)))) DESC"],"Sort Method": "quicksort","Sort Space Used": 25,"Sort Space Type": "Memory","Plans": [{"Node Type": "Aggregate","Strategy": "Sorted","Partial Mode": "Finalize","Parent Relationship": "Outer","Parallel Aware": false,"Async Capable": false,"Startup Cost": 21550.29,"Total Cost": 21564.66,"Plan Rows": 25,"Plan Width": 136,"Actual Startup Time": 812.284,"Actual Total Time": 845.271,"Actual Rows": 5,"Actual Loops": 1,"Group Key": ["nation.n_name"],"Plans": [{"Node Type": "Gather Merge","Parent Relationship": "Outer","Parallel Aware": false,"Async Capable": false,"Startup Cost": 21550.29,"Total Cost": 21563.97,"Plan Rows": 50,"Plan Width": 136,"Actual Startup Time": 812.043,"Actual Total Time": 845.216,"Actual Rows": 15,"Actual Loops": 1,"Workers Planned": 2,"Workers Launched": 2,"Plans": [{"Node Type": "Aggregate","Strategy": "Sorted","Partial Mode": "Partial","Parent Relationship": "Outer","Parallel Aware": false,"Async Capable": false,"Startup Cost": 20550.26,"Total Cost": 20558.18,"Plan Rows": 25,"Plan Width": 136,"Actual Startup Time": 804.529,"Actual Total Time": 805.274,"Actual Rows": 5,"Actual Loops": 3,"Group Key": ["nation.n_name"],"Workers": [],"Plans": [{"Node Type": "Sort","Parent Relationship": "Outer","Parallel Aware": false,"Async Capable": false,"Startup Cost": 20550.26,"Total Cost": 20551.78,"Plan Rows": 608,"Plan Width": 116,"Actual Startup Time": 804.312,"Actual Total Time": 804.451,"Actual Rows": 2459,"Actual Loops": 3,"Sort Key": ["nation.n_name"],"Sort Method": "quicksort","Sort Space Used": 291,"Sort Space Type": "Memory","Workers": [{"Worker Number": 0,"Sort Method": "quicksort","Sort Space Used": 281,"Sort Space Type": "Memory"},{"Worker Number": 1,"Sort Method": "quicksort","Sort Space Used": 294,"Sort Space Type": "Memory"}],"Plans": [{"Node Type": "Hash Join","Parent Relationship": "Outer","Parallel Aware": false,"Async Capable": false,"Join Type": "Inner","Startup Cost": 475.27,"Total Cost": 20522.15,"Plan Rows": 608,"Plan Width": 116,"Actual Startup Time": 9.963,"Actual Total Time": 802.770,"Actual Rows": 2459,"Actual Loops": 3,"Inner Unique": true,"Hash Cond": "((lineitem.l_suppkey = supplier.s_suppkey) AND (customer.c_nationkey = supplier.s_nationkey))","Workers": [],"Plans": [{"Node Type": "Nested Loop","Parent Relationship": "Outer","Parallel Aware": false,"Async Capable": false,"Join Type": "Inner","Startup Cost": 3.27,"Total Cost": 19970.29,"Plan Rows": 15211,"Plan Width": 128,"Actual Startup Time": 0.726,"Actual Total Time": 761.226,"Actual Rows": 61195,"Actual Loops": 3,"Inner Unique": false,"Workers": [],"Plans": [{"Node Type": "Nested Loop","Parent Relationship": "Outer","Parallel Aware": false,"Async Capable": false,"Join Type": "Inner","Startup Cost": 2.84,"Total Cost": 8414.26,"Plan Rows": 3802,"Plan Width": 116,"Actual Startup Time": 0.590,"Actual Total Time": 455.580,"Actual Rows": 15244,"Actual Loops": 3,"Inner Unique": false,"Workers": [],"Plans": [{"Node Type": "Hash Join","Parent Relationship": "Outer","Parallel Aware": false,"Async Capable": false,"Join Type": "Inner","Startup Cost": 2.41,"Total Cost": 4471.79,"Plan Rows": 2500,"Plan Width": 116,"Actual Startup Time": 0.294,"Actual Total Time": 55.676,"Actual Rows": 10061,"Actual Loops": 3,"Inner Unique": false,"Hash Cond": "(customer.c_nationkey = nation.n_nationkey)","Workers": [],"Plans": [{"Node Type": "Seq Scan","Parent Relationship": "Outer","Parallel Aware": true,"Async Capable": false,"Relation Name": "customer","Alias": "customer","Startup Cost": 0.00,"Total Cost": 4210.00,"Plan Rows": 62500,"Plan Width": 8,"Actual Startup Time": 0.018,"Actual Total Time": 9.635,"Actual Rows": 50000,"Actual Loops": 3,"Workers": []},{"Node Type": "Hash","Parent Relationship": "Inner","Parallel Aware": false,"Async Capable": false,"Startup Cost": 2.40,"Total Cost": 2.40,"Plan Rows": 1,"Plan Width": 108,"Actual Startup Time": 0.169,"Actual Total Time": 0.188,"Actual Rows": 5,"Actual Loops": 3,"Hash Buckets": 1024,"Original Hash Buckets": 1024,"Hash Batches": 1,"Original Hash Batches": 1,"Peak Memory Usage": 9,"Workers": [],"Plans": [{"Node Type": "Hash Join","Parent Relationship": "Outer","Parallel Aware": false,"Async Capable": false,"Join Type": "Inner","Startup Cost": 1.07,"Total Cost": 2.40,"Plan Rows": 1,"Plan Width": 108,"Actual Startup Time": 0.153,"Actual Total Time": 0.175,"Actual Rows": 5,"Actual Loops": 3,"Inner Unique": true,"Hash Cond": "(nation.n_regionkey = region.r_regionkey)","Workers": [],"Plans": [{"Node Type": "Seq Scan","Parent Relationship": "Outer","Parallel Aware": false,"Async Capable": false,"Relation Name": "nation","Alias": "nation","Startup Cost": 0.00,"Total Cost": 1.25,"Plan Rows": 25,"Plan Width": 112,"Actual Startup Time": 0.049,"Actual Total Time": 0.052,"Actual Rows": 25,"Actual Loops": 3,"Workers": []},{"Node Type": "Hash","Parent Relationship": "Inner","Parallel Aware": false,"Async Capable": false,"Startup Cost": 1.06,"Total Cost": 1.06,"Plan Rows": 1,"Plan Width": 4,"Actual Startup Time": 0.069,"Actual Total Time": 0.076,"Actual Rows": 1,"Actual Loops": 3,"Hash Buckets": 1024,"Original Hash Buckets": 1024,"Hash Batches": 1,"Original Hash Batches": 1,"Peak Memory Usage": 9,"Workers": [],"Plans": [{"Node Type": "Seq Scan","Parent Relationship": "Outer","Parallel Aware": false,"Async Capable": false,"Relation Name": "region","Alias": "region","Startup Cost": 0.00,"Total Cost": 1.06,"Plan Rows": 1,"Plan Width": 4,"Actual Startup Time": 0.054,"Actual Total Time": 0.057,"Actual Rows": 1,"Actual Loops": 3,"Filter": "(r_name = 'ASIA'::bpchar)","Rows Removed by Filter": 4,"Workers": []}]}]}]}]},{"Node Type": "Index Scan","Parent Relationship": "Inner","Parallel Aware": false,"Async Capable": false,"Scan Direction": "Forward","Index Name": "idx_orders_custkey","Relation Name": "orders","Alias": "orders","Startup Cost": 0.43,"Total Cost": 1.55,"Plan Rows": 3,"Plan Width": 8,"Actual Startup Time": 0.017,"Actual Total Time": 0.039,"Actual Rows": 2,"Actual Loops": 30183,"Index Cond": "(o_custkey = customer.c_custkey)","Rows Removed by Index Recheck": 0,"Filter": "((o_orderdate >= '1995-01-01'::date) AND (o_orderdate < '1996-01-01 00:00:00'::timestamp without time zone))","Rows Removed by Filter": 8,"Workers": []}]},{"Node Type": "Index Scan","Parent Relationship": "Inner","Parallel Aware": false,"Async Capable": false,"Scan Direction": "Forward","Index Name": "idx_lineitem_orderkey","Relation Name": "lineitem","Alias": "lineitem","Startup Cost": 0.43,"Total Cost": 2.87,"Plan Rows": 17,"Plan Width": 20,"Actual Startup Time": 0.017,"Actual Total Time": 0.019,"Actual Rows": 4,"Actual Loops": 45731,"Index Cond": "(l_orderkey = orders.o_orderkey)","Rows Removed by Index Recheck": 0,"Workers": []}]},{"Node Type": "Hash","Parent Relationship": "Inner","Parallel Aware": false,"Async Capable": false,"Startup Cost": 322.00,"Total Cost": 322.00,"Plan Rows": 10000,"Plan Width": 8,"Actual Startup Time": 8.662,"Actual Total Time": 8.670,"Actual Rows": 10000,"Actual Loops": 3,"Hash Buckets": 16384,"Original Hash Buckets": 16384,"Hash Batches": 1,"Original Hash Batches": 1,"Peak Memory Usage": 519,"Workers": [],"Plans": [{"Node Type": "Seq Scan","Parent Relationship": "Outer","Parallel Aware": false,"Async Capable": false,"Relation Name": "supplier","Alias": "supplier","Startup Cost": 0.00,"Total Cost": 322.00,"Plan Rows": 10000,"Plan Width": 8,"Actual Startup Time": 0.038,"Actual Total Time": 6.811,"Actual Rows": 10000,"Actual Loops": 3,"Workers": []}]}]}]}]}]}]}]},"Planning Time": 10.579,"Triggers": [],"Execution Time": 845.911}]
[{"Plan": {"Node Type": "Sort","Parallel Aware": false,"Async Capable": false,"Startup Cost": 21565.24,"Total Cost": 21565.30,"Plan Rows": 25,"Plan Width": 136,"Actual Startup Time": 829.883,"Actual Total Time": 862.581,"Actual Rows": 5,"Actual Loops": 1,"Sort Key": ["(sum((lineitem.l_extendedprice * ('1'::numeric - lineitem.l_discount)))) DESC"],"Sort Method": "quicksort","Sort Space Used": 25,"Sort Space Type": "Memory","Plans": [{"Node Type": "Aggregate","Strategy": "Sorted","Partial Mode": "Finalize","Parent Relationship": "Outer","Parallel Aware": false,"Async Capable": false,"Startup Cost": 21550.29,"Total Cost": 21564.66,"Plan Rows": 25,"Plan Width": 136,"Actual Startup Time": 829.271,"Actual Total Time": 862.532,"Actual Rows": 5,"Actual Loops": 1,"Group Key": ["nation.n_name"],"Plans": [{"Node Type": "Gather Merge","Parent Relationship": "Outer","Parallel Aware": false,"Async Capable": false,"Startup Cost": 21550.29,"Total Cost": 21563.97,"Plan Rows": 50,"Plan Width": 136,"Actual Startup Time": 829.074,"Actual Total Time": 862.478,"Actual Rows": 15,"Actual Loops": 1,"Workers Planned": 2,"Workers Launched": 2,"Plans": [{"Node Type": "Aggregate","Strategy": "Sorted","Partial Mode": "Partial","Parent Relationship": "Outer","Parallel Aware": false,"Async Capable": false,"Startup Cost": 20550.26,"Total Cost": 20558.18,"Plan Rows": 25,"Plan Width": 136,"Actual Startup Time": 821.816,"Actual Total Time": 822.538,"Actual Rows": 5,"Actual Loops": 3,"Group Key": ["nation.n_name"],"Workers": [],"Plans": [{"Node Type": "Sort","Parent Relationship": "Outer","Parallel Aware": false,"Async Capable": false,"Startup Cost": 20550.26,"Total Cost": 20551.78,"Plan Rows": 608,"Plan Width": 116,"Actual Startup Time": 821.604,"Actual Total Time": 821.730,"Actual Rows": 2468,"Actual Loops": 3,"Sort Key": ["nation.n_name"],"Sort Method": "quicksort","Sort Space Used": 285,"Sort Space Type": "Memory","Workers": [{"Worker Number": 0,"Sort Method": "quicksort","Sort Space Used": 293,"Sort Space Type": "Memory"},{"Worker Number": 1,"Sort Method": "quicksort","Sort Space Used": 290,"Sort Space Type": "Memory"}],"Plans": [{"Node Type": "Hash Join","Parent Relationship": "Outer","Parallel Aware": false,"Async Capable": false,"Join Type": "Inner","Startup Cost": 475.27,"Total Cost": 20522.15,"Plan Rows": 608,"Plan Width": 116,"Actual Startup Time": 10.349,"Actual Total Time": 819.988,"Actual Rows": 2468,"Actual Loops": 3,"Inner Unique": true,"Hash Cond": "((lineitem.l_suppkey = supplier.s_suppkey) AND (customer.c_nationkey = supplier.s_nationkey))","Workers": [],"Plans": [{"Node Type": "Nested Loop","Parent Relationship": "Outer","Parallel Aware": false,"Async Capable": false,"Join Type": "Inner","Startup Cost": 3.27,"Total Cost": 19970.29,"Plan Rows": 15211,"Plan Width": 128,"Actual Startup Time": 0.787,"Actual Total Time": 773.951,"Actual Rows": 61461,"Actual Loops": 3,"Inner Unique": false,"Workers": [],"Plans": [{"Node Type": "Nested Loop","Parent Relationship": "Outer","Parallel Aware": false,"Async Capable": false,"Join Type": "Inner","Startup Cost": 2.84,"Total Cost": 8414.26,"Plan Rows": 3802,"Plan Width": 116,"Actual Startup Time": 0.651,"Actual Total Time": 459.932,"Actual Rows": 15399,"Actual Loops": 3,"Inner Unique": false,"Workers": [],"Plans": [{"Node Type": "Hash Join","Parent Relationship": "Outer","Parallel Aware": false,"Async Capable": false,"Join Type": "Inner","Startup Cost": 2.41,"Total Cost": 4471.79,"Plan Rows": 2500,"Plan Width": 116,"Actual Startup Time": 0.245,"Actual Total Time": 55.063,"Actual Rows": 10066,"Actual Loops": 3,"Inner Unique": false,"Hash Cond": "(customer.c_nationkey = nation.n_nationkey)","Workers": [],"Plans": [{"Node Type": "Seq Scan","Parent Relationship": "Outer","Parallel Aware": true,"Async Capable": false,"Relation Name": "customer","Alias": "customer","Startup Cost": 0.00,"Total Cost": 4210.00,"Plan Rows": 62500,"Plan Width": 8,"Actual Startup Time": 0.014,"Actual Total Time": 9.571,"Actual Rows": 50000,"Actual Loops": 3,"Workers": []},{"Node Type": "Hash","Parent Relationship": "Inner","Parallel Aware": false,"Async Capable": false,"Startup Cost": 2.40,"Total Cost": 2.40,"Plan Rows": 1,"Plan Width": 108,"Actual Startup Time": 0.139,"Actual Total Time": 0.155,"Actual Rows": 5,"Actual Loops": 3,"Hash Buckets": 1024,"Original Hash Buckets": 1024,"Hash Batches": 1,"Original Hash Batches": 1,"Peak Memory Usage": 9,"Workers": [],"Plans": [{"Node Type": "Hash Join","Parent Relationship": "Outer","Parallel Aware": false,"Async Capable": false,"Join Type": "Inner","Startup Cost": 1.07,"Total Cost": 2.40,"Plan Rows": 1,"Plan Width": 108,"Actual Startup Time": 0.126,"Actual Total Time": 0.145,"Actual Rows": 5,"Actual Loops": 3,"Inner Unique": true,"Hash Cond": "(nation.n_regionkey = region.r_regionkey)","Workers": [],"Plans": [{"Node Type": "Seq Scan","Parent Relationship": "Outer","Parallel Aware": false,"Async Capable": false,"Relation Name": "nation","Alias": "nation","Startup Cost": 0.00,"Total Cost": 1.25,"Plan Rows": 25,"Plan Width": 112,"Actual Startup Time": 0.043,"Actual Total Time": 0.047,"Actual Rows": 25,"Actual Loops": 3,"Workers": []},{"Node Type": "Hash","Parent Relationship": "Inner","Parallel Aware": false,"Async Capable": false,"Startup Cost": 1.06,"Total Cost": 1.06,"Plan Rows": 1,"Plan Width": 4,"Actual Startup Time": 0.051,"Actual Total Time": 0.056,"Actual Rows": 1,"Actual Loops": 3,"Hash Buckets": 1024,"Original Hash Buckets": 1024,"Hash Batches": 1,"Original Hash Batches": 1,"Peak Memory Usage": 9,"Workers": [],"Plans": [{"Node Type": "Seq Scan","Parent Relationship": "Outer","Parallel Aware": false,"Async Capable": false,"Relation Name": "region","Alias": "region","Startup Cost": 0.00,"Total Cost": 1.06,"Plan Rows": 1,"Plan Width": 4,"Actual Startup Time": 0.037,"Actual Total Time": 0.039,"Actual Rows": 1,"Actual Loops": 3,"Filter": "(r_name = 'EUROPE'::bpchar)","Rows Removed by Filter": 4,"Workers": []}]}]}]}]},{"Node Type": "Index Scan","Parent Relationship": "Inner","Parallel Aware": false,"Async Capable": false,"Scan Direction": "Forward","Index Name": "idx_orders_custkey","Relation Name": "orders","Alias": "orders","Startup Cost": 0.43,"Total Cost": 1.55,"Plan Rows": 3,"Plan Width": 8,"Actual Startup Time": 0.017,"Actual Total Time": 0.040,"Actual Rows": 2,"Actual Loops": 30197,"Index Cond": "(o_custkey = customer.c_custkey)","Rows Removed by Index Recheck": 0,"Filter": "((o_orderdate >= '1995-01-01'::date) AND (o_orderdate < '1996-01-01 00:00:00'::timestamp without time zone))","Rows Removed by Filter": 9,"Workers": []}]},{"Node Type": "Index Scan","Parent Relationship": "Inner","Parallel Aware": false,"Async Capable": false,"Scan Direction": "Forward","Index Name": "idx_lineitem_orderkey","Relation Name": "lineitem","Alias": "lineitem","Startup Cost": 0.43,"Total Cost": 2.87,"Plan Rows": 17,"Plan Width": 20,"Actual Startup Time": 0.017,"Actual Total Time": 0.020,"Actual Rows": 4,"Actual Loops": 46197,"Index Cond": "(l_orderkey = orders.o_orderkey)","Rows Removed by Index Recheck": 0,"Workers": []}]},{"Node Type": "Hash","Parent Relationship": "Inner","Parallel Aware": false,"Async Capable": false,"Startup Cost": 322.00,"Total Cost": 322.00,"Plan Rows": 10000,"Plan Width": 8,"Actual Startup Time": 8.644,"Actual Total Time": 8.648,"Actual Rows": 10000,"Actual Loops": 3,"Hash Buckets": 16384,"Original Hash Buckets": 16384,"Hash Batches": 1,"Original Hash Batches": 1,"Peak Memory Usage": 519,"Workers": [],"Plans": [{"Node Type": "Seq Scan","Parent Relationship": "Outer","Parallel Aware": false,"Async Capable": false,"Relation Name": "supplier","Alias": "supplier","Startup Cost": 0.00,"Total Cost": 322.00,"Plan Rows": 10000,"Plan Width": 8,"Actual Startup Time": 0.045,"Actual Total Time": 6.681,"Actual Rows": 10000,"Actual Loops": 3,"Workers": []}]}]}]}]}]}]}]},"Planning Time": 10.340,"Triggers": [],"Execution Time": 863.182}]
[{"Plan": {"Node Type": "Sort","Parallel Aware": false,"Async Capable": false,"Startup Cost": 21565.81,"Total Cost": 21565.87,"Plan Rows": 25,"Plan Width": 136,"Actual Startup Time": 833.811,"Actual Total Time": 865.523,"Actual Rows": 5,"Actual Loops": 1,"Sort Key": ["(sum((lineitem.l_extendedprice * ('1'::numeric - lineitem.l_discount)))) DESC"],"Sort Method": "quicksort","Sort Space Used": 25,"Sort Space Type": "Memory","Plans": [{"Node Type": "Aggregate","Strategy": "Sorted","Partial Mode": "Finalize","Parent Relationship": "Outer","Parallel Aware": false,"Async Capable": false,"Startup Cost": 21550.86,"Total Cost": 21565.23,"Plan Rows": 25,"Plan Width": 136,"Actual Startup Time": 833.271,"Actual Total Time": 865.478,"Actual Rows": 5,"Actual Loops": 1,"Group Key": ["nation.n_name"],"Plans": [{"Node Type": "Gather Merge","Parent Relationship": "Outer","Parallel Aware": false,"Async Capable": false,"Startup Cost": 21550.86,"Total Cost": 21564.54,"Plan Rows": 50,"Plan Width": 136,"Actual Startup Time": 833.025,"Actual Total Time": 865.435,"Actual Rows": 15,"Actual Loops": 1,"Workers Planned": 2,"Workers Launched": 2,"Plans": [{"Node Type": "Aggregate","Strategy": "Sorted","Partial Mode": "Partial","Parent Relationship": "Outer","Parallel Aware": false,"Async Capable": false,"Startup Cost": 20550.84,"Total Cost": 20558.75,"Plan Rows": 25,"Plan Width": 136,"Actual Startup Time": 825.546,"Actual Total Time": 826.255,"Actual Rows": 5,"Actual Loops": 3,"Group Key": ["nation.n_name"],"Workers": [],"Plans": [{"Node Type": "Sort","Parent Relationship": "Outer","Parallel Aware": false,"Async Capable": false,"Startup Cost": 20550.84,"Total Cost": 20552.36,"Plan Rows": 608,"Plan Width": 116,"Actual Startup Time": 825.323,"Actual Total Time": 825.450,"Actual Rows": 2415,"Actual Loops": 3,"Sort Key": ["nation.n_name"],"Sort Method": "quicksort","Sort Space Used": 281,"Sort Space Type": "Memory","Workers": [{"Worker Number": 0,"Sort Method": "quicksort","Sort Space Used": 286,"Sort Space Type": "Memory"},{"Worker Number": 1,"Sort Method": "quicksort","Sort Space Used": 289,"Sort Space Type": "Memory"}],"Plans": [{"Node Type": "Hash Join","Parent Relationship": "Outer","Parallel Aware": false,"Async Capable": false,"Join Type": "Inner","Startup Cost": 475.27,"Total Cost": 20522.72,"Plan Rows": 608,"Plan Width": 116,"Actual Startup Time": 12.893,"Actual Total Time": 823.841,"Actual Rows": 2415,"Actual Loops": 3,"Inner Unique": true,"Hash Cond": "((lineitem.l_suppkey = supplier.s_suppkey) AND (customer.c_nationkey = supplier.s_nationkey))","Workers": [],"Plans": [{"Node Type": "Nested Loop","Parent Relationship": "Outer","Parallel Aware": false,"Async Capable": false,"Join Type": "Inner","Startup Cost": 3.27,"Total Cost": 19970.84,"Plan Rows": 15215,"Plan Width": 128,"Actual Startup Time": 0.809,"Actual Total Time": 777.035,"Actual Rows": 60714,"Actual Loops": 3,"Inner Unique": false,"Workers": [],"Plans": [{"Node Type": "Nested Loop","Parent Relationship": "Outer","Parallel Aware": false,"Async Capable": false,"Join Type": "Inner","Startup Cost": 2.84,"Total Cost": 8414.26,"Plan Rows": 3803,"Plan Width": 116,"Actual Startup Time": 0.660,"Actual Total Time": 471.667,"Actual Rows": 15226,"Actual Loops": 3,"Inner Unique": false,"Workers": [],"Plans": [{"Node Type": "Hash Join","Parent Relationship": "Outer","Parallel Aware": false,"Async Capable": false,"Join Type": "Inner","Startup Cost": 2.41,"Total Cost": 4471.79,"Plan Rows": 2500,"Plan Width": 116,"Actual Startup Time": 0.276,"Actual Total Time": 59.829,"Actual Rows": 10066,"Actual Loops": 3,"Inner Unique": false,"Hash Cond": "(customer.c_nationkey = nation.n_nationkey)","Workers": [],"Plans": [{"Node Type": "Seq Scan","Parent Relationship": "Outer","Parallel Aware": true,"Async Capable": false,"Relation Name": "customer","Alias": "customer","Startup Cost": 0.00,"Total Cost": 4210.00,"Plan Rows": 62500,"Plan Width": 8,"Actual Startup Time": 0.021,"Actual Total Time": 10.083,"Actual Rows": 50000,"Actual Loops": 3,"Workers": []},{"Node Type": "Hash","Parent Relationship": "Inner","Parallel Aware": false,"Async Capable": false,"Startup Cost": 2.40,"Total Cost": 2.40,"Plan Rows": 1,"Plan Width": 108,"Actual Startup Time": 0.154,"Actual Total Time": 0.171,"Actual Rows": 5,"Actual Loops": 3,"Hash Buckets": 1024,"Original Hash Buckets": 1024,"Hash Batches": 1,"Original Hash Batches": 1,"Peak Memory Usage": 9,"Workers": [],"Plans": [{"Node Type": "Hash Join","Parent Relationship": "Outer","Parallel Aware": false,"Async Capable": false,"Join Type": "Inner","Startup Cost": 1.07,"Total Cost": 2.40,"Plan Rows": 1,"Plan Width": 108,"Actual Startup Time": 0.139,"Actual Total Time": 0.162,"Actual Rows": 5,"Actual Loops": 3,"Inner Unique": true,"Hash Cond": "(nation.n_regionkey = region.r_regionkey)","Workers": [],"Plans": [{"Node Type": "Seq Scan","Parent Relationship": "Outer","Parallel Aware": false,"Async Capable": false,"Relation Name": "nation","Alias": "nation","Startup Cost": 0.00,"Total Cost": 1.25,"Plan Rows": 25,"Plan Width": 112,"Actual Startup Time": 0.051,"Actual Total Time": 0.055,"Actual Rows": 25,"Actual Loops": 3,"Workers": []},{"Node Type": "Hash","Parent Relationship": "Inner","Parallel Aware": false,"Async Capable": false,"Startup Cost": 1.06,"Total Cost": 1.06,"Plan Rows": 1,"Plan Width": 4,"Actual Startup Time": 0.057,"Actual Total Time": 0.063,"Actual Rows": 1,"Actual Loops": 3,"Hash Buckets": 1024,"Original Hash Buckets": 1024,"Hash Batches": 1,"Original Hash Batches": 1,"Peak Memory Usage": 9,"Workers": [],"Plans": [{"Node Type": "Seq Scan","Parent Relationship": "Outer","Parallel Aware": false,"Async Capable": false,"Relation Name": "region","Alias": "region","Startup Cost": 0.00,"Total Cost": 1.06,"Plan Rows": 1,"Plan Width": 4,"Actual Startup Time": 0.043,"Actual Total Time": 0.045,"Actual Rows": 1,"Actual Loops": 3,"Filter": "(r_name = 'EUROPE'::bpchar)","Rows Removed by Filter": 4,"Workers": []}]}]}]}]},{"Node Type": "Index Scan","Parent Relationship": "Inner","Parallel Aware": false,"Async Capable": false,"Scan Direction": "Forward","Index Name": "idx_orders_custkey","Relation Name": "orders","Alias": "orders","Startup Cost": 0.43,"Total Cost": 1.55,"Plan Rows": 3,"Plan Width": 8,"Actual Startup Time": 0.017,"Actual Total Time": 0.041,"Actual Rows": 2,"Actual Loops": 30197,"Index Cond": "(o_custkey = customer.c_custkey)","Rows Removed by Index Recheck": 0,"Filter": "((o_orderdate >= '1997-01-01'::date) AND (o_orderdate < '1998-01-01 00:00:00'::timestamp without time zone))","Rows Removed by Filter": 9,"Workers": []}]},{"Node Type": "Index Scan","Parent Relationship": "Inner","Parallel Aware": false,"Async Capable": false,"Scan Direction": "Forward","Index Name": "idx_lineitem_orderkey","Relation Name": "lineitem","Alias": "lineitem","Startup Cost": 0.43,"Total Cost": 2.87,"Plan Rows": 17,"Plan Width": 20,"Actual Startup Time": 0.017,"Actual Total Time": 0.019,"Actual Rows": 4,"Actual Loops": 45677,"Index Cond": "(l_orderkey = orders.o_orderkey)","Rows Removed by Index Recheck": 0,"Workers": []}]},{"Node Type": "Hash","Parent Relationship": "Inner","Parallel Aware": false,"Async Capable": false,"Startup Cost": 322.00,"Total Cost": 322.00,"Plan Rows": 10000,"Plan Width": 8,"Actual Startup Time": 11.560,"Actual Total Time": 11.566,"Actual Rows": 10000,"Actual Loops": 3,"Hash Buckets": 16384,"Original Hash Buckets": 16384,"Hash Batches": 1,"Original Hash Batches": 1,"Peak Memory Usage": 519,"Workers": [],"Plans": [{"Node Type": "Seq Scan","Parent Relationship": "Outer","Parallel Aware": false,"Async Capable": false,"Relation Name": "supplier","Alias": "supplier","Startup Cost": 0.00,"Total Cost": 322.00,"Plan Rows": 10000,"Plan Width": 8,"Actual Startup Time": 0.053,"Actual Total Time": 9.758,"Actual Rows": 10000,"Actual Loops": 3,"Workers": []}]}]}]}]}]}]}]},"Planning Time": 11.054,"Triggers": [],"Execution Time": 866.075}]
[{"Plan": {"Node Type": "Sort","Parallel Aware": false,"Async Capable": false,"Startup Cost": 21565.81,"Total Cost": 21565.87,"Plan Rows": 25,"Plan Width": 136,"Actual Startup Time": 831.835,"Actual Total Time": 873.525,"Actual Rows": 5,"Actual Loops": 1,"Sort Key": ["(sum((lineitem.l_extendedprice * ('1'::numeric - lineitem.l_discount)))) DESC"],"Sort Method": "quicksort","Sort Space Used": 25,"Sort Space Type": "Memory","Plans": [{"Node Type": "Aggregate","Strategy": "Sorted","Partial Mode": "Finalize","Parent Relationship": "Outer","Parallel Aware": false,"Async Capable": false,"Startup Cost": 21550.86,"Total Cost": 21565.23,"Plan Rows": 25,"Plan Width": 136,"Actual Startup Time": 831.274,"Actual Total Time": 873.480,"Actual Rows": 5,"Actual Loops": 1,"Group Key": ["nation.n_name"],"Plans": [{"Node Type": "Gather Merge","Parent Relationship": "Outer","Parallel Aware": false,"Async Capable": false,"Startup Cost": 21550.86,"Total Cost": 21564.54,"Plan Rows": 50,"Plan Width": 136,"Actual Startup Time": 830.694,"Actual Total Time": 873.427,"Actual Rows": 15,"Actual Loops": 1,"Workers Planned": 2,"Workers Launched": 2,"Plans": [{"Node Type": "Aggregate","Strategy": "Sorted","Partial Mode": "Partial","Parent Relationship": "Outer","Parallel Aware": false,"Async Capable": false,"Startup Cost": 20550.84,"Total Cost": 20558.75,"Plan Rows": 25,"Plan Width": 136,"Actual Startup Time": 822.251,"Actual Total Time": 823.046,"Actual Rows": 5,"Actual Loops": 3,"Group Key": ["nation.n_name"],"Workers": [],"Plans": [{"Node Type": "Sort","Parent Relationship": "Outer","Parallel Aware": false,"Async Capable": false,"Startup Cost": 20550.84,"Total Cost": 20552.36,"Plan Rows": 608,"Plan Width": 116,"Actual Startup Time": 822.034,"Actual Total Time": 822.187,"Actual Rows": 2330,"Actual Loops": 3,"Sort Key": ["nation.n_name"],"Sort Method": "quicksort","Sort Space Used": 287,"Sort Space Type": "Memory","Workers": [{"Worker Number": 0,"Sort Method": "quicksort","Sort Space Used": 271,"Sort Space Type": "Memory"},{"Worker Number": 1,"Sort Method": "quicksort","Sort Space Used": 278,"Sort Space Type": "Memory"}],"Plans": [{"Node Type": "Hash Join","Parent Relationship": "Outer","Parallel Aware": false,"Async Capable": false,"Join Type": "Inner","Startup Cost": 475.27,"Total Cost": 20522.72,"Plan Rows": 608,"Plan Width": 116,"Actual Startup Time": 11.715,"Actual Total Time": 820.536,"Actual Rows": 2330,"Actual Loops": 3,"Inner Unique": true,"Hash Cond": "((lineitem.l_suppkey = supplier.s_suppkey) AND (customer.c_nationkey = supplier.s_nationkey))","Workers": [],"Plans": [{"Node Type": "Nested Loop","Parent Relationship": "Outer","Parallel Aware": false,"Async Capable": false,"Join Type": "Inner","Startup Cost": 3.27,"Total Cost": 19970.84,"Plan Rows": 15215,"Plan Width": 128,"Actual Startup Time": 0.848,"Actual Total Time": 777.711,"Actual Rows": 60416,"Actual Loops": 3,"Inner Unique": false,"Workers": [],"Plans": [{"Node Type": "Nested Loop","Parent Relationship": "Outer","Parallel Aware": false,"Async Capable": false,"Join Type": "Inner","Startup Cost": 2.84,"Total Cost": 8414.26,"Plan Rows": 3803,"Plan Width": 116,"Actual Startup Time": 0.710,"Actual Total Time": 470.008,"Actual Rows": 15150,"Actual Loops": 3,"Inner Unique": false,"Workers": [],"Plans": [{"Node Type": "Hash Join","Parent Relationship": "Outer","Parallel Aware": false,"Async Capable": false,"Join Type": "Inner","Startup Cost": 2.41,"Total Cost": 4471.79,"Plan Rows": 2500,"Plan Width": 116,"Actual Startup Time": 0.302,"Actual Total Time": 60.810,"Actual Rows": 9921,"Actual Loops": 3,"Inner Unique": false,"Hash Cond": "(customer.c_nationkey = nation.n_nationkey)","Workers": [],"Plans": [{"Node Type": "Seq Scan","Parent Relationship": "Outer","Parallel Aware": true,"Async Capable": false,"Relation Name": "customer","Alias": "customer","Startup Cost": 0.00,"Total Cost": 4210.00,"Plan Rows": 62500,"Plan Width": 8,"Actual Startup Time": 0.020,"Actual Total Time": 10.219,"Actual Rows": 50000,"Actual Loops": 3,"Workers": []},{"Node Type": "Hash","Parent Relationship": "Inner","Parallel Aware": false,"Async Capable": false,"Startup Cost": 2.40,"Total Cost": 2.40,"Plan Rows": 1,"Plan Width": 108,"Actual Startup Time": 0.183,"Actual Total Time": 0.205,"Actual Rows": 5,"Actual Loops": 3,"Hash Buckets": 1024,"Original Hash Buckets": 1024,"Hash Batches": 1,"Original Hash Batches": 1,"Peak Memory Usage": 9,"Workers": [],"Plans": [{"Node Type": "Hash Join","Parent Relationship": "Outer","Parallel Aware": false,"Async Capable": false,"Join Type": "Inner","Startup Cost": 1.07,"Total Cost": 2.40,"Plan Rows": 1,"Plan Width": 108,"Actual Startup Time": 0.167,"Actual Total Time": 0.195,"Actual Rows": 5,"Actual Loops": 3,"Inner Unique": true,"Hash Cond": "(nation.n_regionkey = region.r_regionkey)","Workers": [],"Plans": [{"Node Type": "Seq Scan","Parent Relationship": "Outer","Parallel Aware": false,"Async Capable": false,"Relation Name": "nation","Alias": "nation","Startup Cost": 0.00,"Total Cost": 1.25,"Plan Rows": 25,"Plan Width": 112,"Actual Startup Time": 0.065,"Actual Total Time": 0.070,"Actual Rows": 25,"Actual Loops": 3,"Workers": []},{"Node Type": "Hash","Parent Relationship": "Inner","Parallel Aware": false,"Async Capable": false,"Startup Cost": 1.06,"Total Cost": 1.06,"Plan Rows": 1,"Plan Width": 4,"Actual Startup Time": 0.074,"Actual Total Time": 0.079,"Actual Rows": 1,"Actual Loops": 3,"Hash Buckets": 1024,"Original Hash Buckets": 1024,"Hash Batches": 1,"Original Hash Batches": 1,"Peak Memory Usage": 9,"Workers": [],"Plans": [{"Node Type": "Seq Scan","Parent Relationship": "Outer","Parallel Aware": false,"Async Capable": false,"Relation Name": "region","Alias": "region","Startup Cost": 0.00,"Total Cost": 1.06,"Plan Rows": 1,"Plan Width": 4,"Actual Startup Time": 0.049,"Actual Total Time": 0.053,"Actual Rows": 1,"Actual Loops": 3,"Filter": "(r_name = 'AFRICA'::bpchar)","Rows Removed by Filter": 4,"Workers": []}]}]}]}]},{"Node Type": "Index Scan","Parent Relationship": "Inner","Parallel Aware": false,"Async Capable": false,"Scan Direction": "Forward","Index Name": "idx_orders_custkey","Relation Name": "orders","Alias": "orders","Startup Cost": 0.43,"Total Cost": 1.55,"Plan Rows": 3,"Plan Width": 8,"Actual Startup Time": 0.018,"Actual Total Time": 0.041,"Actual Rows": 2,"Actual Loops": 29764,"Index Cond": "(o_custkey = customer.c_custkey)","Rows Removed by Index Recheck": 0,"Filter": "((o_orderdate >= '1997-01-01'::date) AND (o_orderdate < '1998-01-01 00:00:00'::timestamp without time zone))","Rows Removed by Filter": 9,"Workers": []}]},{"Node Type": "Index Scan","Parent Relationship": "Inner","Parallel Aware": false,"Async Capable": false,"Scan Direction": "Forward","Index Name": "idx_lineitem_orderkey","Relation Name": "lineitem","Alias": "lineitem","Startup Cost": 0.43,"Total Cost": 2.87,"Plan Rows": 17,"Plan Width": 20,"Actual Startup Time": 0.017,"Actual Total Time": 0.020,"Actual Rows": 4,"Actual Loops": 45450,"Index Cond": "(l_orderkey = orders.o_orderkey)","Rows Removed by Index Recheck": 0,"Workers": []}]},{"Node Type": "Hash","Parent Relationship": "Inner","Parallel Aware": false,"Async Capable": false,"Startup Cost": 322.00,"Total Cost": 322.00,"Plan Rows": 10000,"Plan Width": 8,"Actual Startup Time": 8.425,"Actual Total Time": 8.430,"Actual Rows": 10000,"Actual Loops": 3,"Hash Buckets": 16384,"Original Hash Buckets": 16384,"Hash Batches": 1,"Original Hash Batches": 1,"Peak Memory Usage": 519,"Workers": [],"Plans": [{"Node Type": "Seq Scan","Parent Relationship": "Outer","Parallel Aware": false,"Async Capable": false,"Relation Name": "supplier","Alias": "supplier","Startup Cost": 0.00,"Total Cost": 322.00,"Plan Rows": 10000,"Plan Width": 8,"Actual Startup Time": 0.044,"Actual Total Time": 6.920,"Actual Rows": 10000,"Actual Loops": 3,"Workers": []}]}]}]}]}]}]}]},"Planning Time": 9.220,"Triggers": [],"Execution Time": 874.104}]
[{"Plan": {"Node Type": "Sort","Parallel Aware": false,"Async Capable": false,"Startup Cost": 21565.24,"Total Cost": 21565.30,"Plan Rows": 25,"Plan Width": 136,"Actual Startup Time": 812.920,"Actual Total Time": 845.337,"Actual Rows": 5,"Actual Loops": 1,"Sort Key": ["(sum((lineitem.l_extendedprice * ('1'::numeric - lineitem.l_discount)))) DESC"],"Sort Method": "quicksort","Sort Space Used": 25,"Sort Space Type": "Memory","Plans": [{"Node Type": "Aggregate","Strategy": "Sorted","Partial Mode": "Finalize","Parent Relationship": "Outer","Parallel Aware": false,"Async Capable": false,"Startup Cost": 21550.29,"Total Cost": 21564.66,"Plan Rows": 25,"Plan Width": 136,"Actual Startup Time": 812.284,"Actual Total Time": 845.271,"Actual Rows": 5,"Actual Loops": 1,"Group Key": ["nation.n_name"],"Plans": [{"Node Type": "Gather Merge","Parent Relationship": "Outer","Parallel Aware": false,"Async Capable": false,"Startup Cost": 21550.29,"Total Cost": 21563.97,"Plan Rows": 50,"Plan Width": 136,"Actual Startup Time": 812.043,"Actual Total Time": 845.216,"Actual Rows": 15,"Actual Loops": 1,"Workers Planned": 2,"Workers Launched": 2,"Plans": [{"Node Type": "Aggregate","Strategy": "Sorted","Partial Mode": "Partial","Parent Relationship": "Outer","Parallel Aware": false,"Async Capable": false,"Startup Cost": 20550.26,"Total Cost": 20558.18,"Plan Rows": 25,"Plan Width": 136,"Actual Startup Time": 804.529,"Actual Total Time": 805.274,"Actual Rows": 5,"Actual Loops": 3,"Group Key": ["nation.n_name"],"Workers": [],"Plans": [{"Node Type": "Sort","Parent Relationship": "Outer","Parallel Aware": false,"Async Capable": false,"Startup Cost": 20550.26,"Total Cost": 20551.78,"Plan Rows": 608,"Plan Width": 116,"Actual Startup Time": 804.312,"Actual Total Time": 804.451,"Actual Rows": 2459,"Actual Loops": 3,"Sort Key": ["nation.n_name"],"Sort Method": "quicksort","Sort Space Used": 291,"Sort Space Type": "Memory","Workers": [{"Worker Number": 0,"Sort Method": "quicksort","Sort Space Used": 281,"Sort Space Type": "Memory"},{"Worker Number": 1,"Sort Method": "quicksort","Sort Space Used": 294,"Sort Space Type": "Memory"}],"Plans": [{"Node Type": "Hash Join","Parent Relationship": "Outer","Parallel Aware": false,"Async Capable": false,"Join Type": "Inner","Startup Cost": 475.27,"Total Cost": 20522.15,"Plan Rows": 608,"Plan Width": 116,"Actual Startup Time": 9.963,"Actual Total Time": 802.770,"Actual Rows": 2459,"Actual Loops": 3,"Inner Unique": true,"Hash Cond": "((lineitem.l_suppkey = supplier.s_suppkey) AND (customer.c_nationkey = supplier.s_nationkey))","Workers": [],"Plans": [{"Node Type": "Nested Loop","Parent Relationship": "Outer","Parallel Aware": false,"Async Capable": false,"Join Type": "Inner","Startup Cost": 3.27,"Total Cost": 19970.29,"Plan Rows": 15211,"Plan Width": 128,"Actual Startup Time": 0.726,"Actual Total Time": 761.226,"Actual Rows": 61195,"Actual Loops": 3,"Inner Unique": false,"Workers": [],"Plans": [{"Node Type": "Nested Loop","Parent Relationship": "Outer","Parallel Aware": false,"Async Capable": false,"Join Type": "Inner","Startup Cost": 2.84,"Total Cost": 8414.26,"Plan Rows": 3802,"Plan Width": 116,"Actual Startup Time": 0.590,"Actual Total Time": 455.580,"Actual Rows": 15244,"Actual Loops": 3,"Inner Unique": false,"Workers": [],"Plans": [{"Node Type": "Hash Join","Parent Relationship": "Outer","Parallel Aware": false,"Async Capable": false,"Join Type": "Inner","Startup Cost": 2.41,"Total Cost": 4471.79,"Plan Rows": 2500,"Plan Width": 116,"Actual Startup Time": 0.294,"Actual Total Time": 55.676,"Actual Rows": 10061,"Actual Loops": 3,"Inner Unique": false,"Hash Cond": "(customer.c_nationkey = nation.n_nationkey)","Workers": [],"Plans": [{"Node Type": "Seq Scan","Parent Relationship": "Outer","Parallel Aware": true,"Async Capable": false,"Relation Name": "customer","Alias": "customer","Startup Cost": 0.00,"Total Cost": 4210.00,"Plan Rows": 62500,"Plan Width": 8,"Actual Startup Time": 0.018,"Actual Total Time": 9.635,"Actual Rows": 50000,"Actual Loops": 3,"Workers": []},{"Node Type": "Hash","Parent Relationship": "Inner","Parallel Aware": false,"Async Capable": false,"Startup Cost": 2.40,"Total Cost": 2.40,"Plan Rows": 1,"Plan Width": 108,"Actual Startup Time": 0.169,"Actual Total Time": 0.188,"Actual Rows": 5,"Actual Loops": 3,"Hash Buckets": 1024,"Original Hash Buckets": 1024,"Hash Batches": 1,"Original Hash Batches": 1,"Peak Memory Usage": 9,"Workers": [],"Plans": [{"Node Type": "Hash Join","Parent Relationship": "Outer","Parallel Aware": false,"Async Capable": false,"Join Type": "Inner","Startup Cost": 1.07,"Total Cost": 2.40,"Plan Rows": 1,"Plan Width": 108,"Actual Startup Time": 0.153,"Actual Total Time": 0.175,"Actual Rows": 5,"Actual Loops": 3,"Inner Unique": true,"Hash Cond": "(nation.n_regionkey = region.r_regionkey)","Workers": [],"Plans": [{"Node Type": "Seq Scan","Parent Relationship": "Outer","Parallel Aware": false,"Async Capable": false,"Relation Name": "nation","Alias": "nation","Startup Cost": 0.00,"Total Cost": 1.25,"Plan Rows": 25,"Plan Width": 112,"Actual Startup Time": 0.049,"Actual Total Time": 0.052,"Actual Rows": 25,"Actual Loops": 3,"Workers": []},{"Node Type": "Hash","Parent Relationship": "Inner","Parallel Aware": false,"Async Capable": false,"Startup Cost": 1.06,"Total Cost": 1.06,"Plan Rows": 1,"Plan Width": 4,"Actual Startup Time": 0.069,"Actual Total Time": 0.076,"Actual Rows": 1,"Actual Loops": 3,"Hash Buckets": 1024,"Original Hash Buckets": 1024,"Hash Batches": 1,"Original Hash Batches": 1,"Peak Memory Usage": 9,"Workers": [],"Plans": [{"Node Type": "Seq Scan","Parent Relationship": "Outer","Parallel Aware": false,"Async Capable": false,"Relation Name": "region","Alias": "region","Startup Cost": 0.00,"Total Cost": 1.06,"Plan Rows": 1,"Plan Width": 4,"Actual Startup Time": 0.054,"Actual Total Time": 0.057,"Actual Rows": 1,"Actual Loops": 3,"Filter": "(r_name = 'ASIA'::bpchar)","Rows Removed by Filter": 4,"Workers": []}]}]}]}]},{"Node Type": "Index Scan","Parent Relationship": "Inner","Parallel Aware": false,"Async Capable": false,"Scan Direction": "Forward","Index Name": "idx_orders_custkey","Relation Name": "orders","Alias": "orders","Startup Cost": 0.43,"Total Cost": 1.55,"Plan Rows": 3,"Plan Width": 8,"Actual Startup Time": 0.017,"Actual Total Time": 0.039,"Actual Rows": 2,"Actual Loops": 30183,"Index Cond": "(o_custkey = customer.c_custkey)","Rows Removed by Index Recheck": 0,"Filter": "((o_orderdate >= '1995-01-01'::date) AND (o_orderdate < '1996-01-01 00:00:00'::timestamp without time zone))","Rows Removed by Filter": 8,"Workers": []}]},{"Node Type": "Index Scan","Parent Relationship": "Inner","Parallel Aware": false,"Async Capable": false,"Scan Direction": "Forward","Index Name": "idx_lineitem_orderkey","Relation Name": "lineitem","Alias": "lineitem","Startup Cost": 0.43,"Total Cost": 2.87,"Plan Rows": 17,"Plan Width": 20,"Actual Startup Time": 0.017,"Actual Total Time": 0.019,"Actual Rows": 4,"Actual Loops": 45731,"Index Cond": "(l_orderkey = orders.o_orderkey)","Rows Removed by Index Recheck": 0,"Workers": []}]},{"Node Type": "Hash","Parent Relationship": "Inner","Parallel Aware": false,"Async Capable": false,"Startup Cost": 322.00,"Total Cost": 322.00,"Plan Rows": 10000,"Plan Width": 8,"Actual Startup Time": 8.662,"Actual Total Time": 8.670,"Actual Rows": 10000,"Actual Loops": 3,"Hash Buckets": 16384,"Original Hash Buckets": 16384,"Hash Batches": 1,"Original Hash Batches": 1,"Peak Memory Usage": 519,"Workers": [],"Plans": [{"Node Type": "Seq Scan","Parent Relationship": "Outer","Parallel Aware": false,"Async Capable": false,"Relation Name": "supplier","Alias": "supplier","Startup Cost": 0.00,"Total Cost": 322.00,"Plan Rows": 10000,"Plan Width": 8,"Actual Startup Time": 0.038,"Actual Total Time": 6.811,"Actual Rows": 10000,"Actual Loops": 3,"Workers": []}]}]}]}]}]}]}]},"Planning Time": 10.579,"Triggers": [],"Execution Time": 845.911}]
[{"Plan": {"Node Type": "Sort","Parallel Aware": false,"Async Capable": false,"Startup Cost": 21612.43,"Total Cost": 21612.50,"Plan Rows": 25,"Plan Width": 136,"Actual Startup Time": 827.834,"Actual Total Time": 858.973,"Actual Rows": 5,"Actual Loops": 1,"Sort Key": ["(sum((lineitem.l_extendedprice * ('1'::numeric - lineitem.l_discount)))) DESC"],"Sort Method": "quicksort","Sort Space Used": 25,"Sort Space Type": "Memory","Plans": [{"Node Type": "Aggregate","Strategy": "Sorted","Partial Mode": "Finalize","Parent Relationship": "Outer","Parallel Aware": false,"Async Capable": false,"Startup Cost": 21597.38,"Total Cost": 21611.85,"Plan Rows": 25,"Plan Width": 136,"Actual Startup Time": 827.274,"Actual Total Time": 858.918,"Actual Rows": 5,"Actual Loops": 1,"Group Key": ["nation.n_name"],"Plans": [{"Node Type": "Gather Merge","Parent Relationship": "Outer","Parallel Aware": false,"Async Capable": false,"Startup Cost": 21597.38,"Total Cost": 21611.17,"Plan Rows": 50,"Plan Width": 136,"Actual Startup Time": 827.088,"Actual Total Time": 858.883,"Actual Rows": 15,"Actual Loops": 1,"Workers Planned": 2,"Workers Launched": 2,"Plans": [{"Node Type": "Aggregate","Strategy": "Sorted","Partial Mode": "Partial","Parent Relationship": "Outer","Parallel Aware": false,"Async Capable": false,"Startup Cost": 20597.36,"Total Cost": 20605.37,"Plan Rows": 25,"Plan Width": 136,"Actual Startup Time": 818.981,"Actual Total Time": 819.657,"Actual Rows": 5,"Actual Loops": 3,"Group Key": ["nation.n_name"],"Workers": [],"Plans": [{"Node Type": "Sort","Parent Relationship": "Outer","Parallel Aware": false,"Async Capable": false,"Startup Cost": 20597.36,"Total Cost": 20598.90,"Plan Rows": 616,"Plan Width": 116,"Actual Startup Time": 818.754,"Actual Total Time": 818.877,"Actual Rows": 2367,"Actual Loops": 3,"Sort Key": ["nation.n_name"],"Sort Method": "quicksort","Sort Space Used": 283,"Sort Space Type": "Memory","Workers": [{"Worker Number": 0,"Sort Method": "quicksort","Sort Space Used": 277,"Sort Space Type": "Memory"},{"Worker Number": 1,"Sort Method": "quicksort","Sort Space Used": 284,"Sort Space Type": "Memory"}],"Plans": [{"Node Type": "Hash Join","Parent Relationship": "Outer","Parallel Aware": false,"Async Capable": false,"Join Type": "Inner","Startup Cost": 475.27,"Total Cost": 20568.82,"Plan Rows": 616,"Plan Width": 116,"Actual Startup Time": 13.272,"Actual Total Time": 817.265,"Actual Rows": 2367,"Actual Loops": 3,"Inner Unique": true,"Hash Cond": "((lineitem.l_suppkey = supplier.s_suppkey) AND (customer.c_nationkey = supplier.s_nationkey))","Workers": [],"Plans": [{"Node Type": "Nested Loop","Parent Relationship": "Outer","Parallel Aware": false,"Async Capable": false,"Join Type": "Inner","Startup Cost": 3.27,"Total Cost": 20015.89,"Plan Rows": 15415,"Plan Width": 128,"Actual Startup Time": 0.973,"Actual Total Time": 770.169,"Actual Rows": 60208,"Actual Loops": 3,"Inner Unique": false,"Workers": [],"Plans": [{"Node Type": "Nested Loop","Parent Relationship": "Outer","Parallel Aware": false,"Async Capable": false,"Join Type": "Inner","Startup Cost": 2.84,"Total Cost": 8414.26,"Plan Rows": 3853,"Plan Width": 116,"Actual Startup Time": 0.870,"Actual Total Time": 466.623,"Actual Rows": 15051,"Actual Loops": 3,"Inner Unique": false,"Workers": [],"Plans": [{"Node Type": "Hash Join","Parent Relationship": "Outer","Parallel Aware": false,"Async Capable": false,"Join Type": "Inner","Startup Cost": 2.41,"Total Cost": 4471.79,"Plan Rows": 2500,"Plan Width": 116,"Actual Startup Time": 0.250,"Actual Total Time": 58.358,"Actual Rows": 9921,"Actual Loops": 3,"Inner Unique": false,"Hash Cond": "(customer.c_nationkey = nation.n_nationkey)","Workers": [],"Plans": [{"Node Type": "Seq Scan","Parent Relationship": "Outer","Parallel Aware": true,"Async Capable": false,"Relation Name": "customer","Alias": "customer","Startup Cost": 0.00,"Total Cost": 4210.00,"Plan Rows": 62500,"Plan Width": 8,"Actual Startup Time": 0.013,"Actual Total Time": 10.073,"Actual Rows": 50000,"Actual Loops": 3,"Workers": []},{"Node Type": "Hash","Parent Relationship": "Inner","Parallel Aware": false,"Async Capable": false,"Startup Cost": 2.40,"Total Cost": 2.40,"Plan Rows": 1,"Plan Width": 108,"Actual Startup Time": 0.153,"Actual Total Time": 0.173,"Actual Rows": 5,"Actual Loops": 3,"Hash Buckets": 1024,"Original Hash Buckets": 1024,"Hash Batches": 1,"Original Hash Batches": 1,"Peak Memory Usage": 9,"Workers": [],"Plans": [{"Node Type": "Hash Join","Parent Relationship": "Outer","Parallel Aware": false,"Async Capable": false,"Join Type": "Inner","Startup Cost": 1.07,"Total Cost": 2.40,"Plan Rows": 1,"Plan Width": 108,"Actual Startup Time": 0.137,"Actual Total Time": 0.162,"Actual Rows": 5,"Actual Loops": 3,"Inner Unique": true,"Hash Cond": "(nation.n_regionkey = region.r_regionkey)","Workers": [],"Plans": [{"Node Type": "Seq Scan","Parent Relationship": "Outer","Parallel Aware": false,"Async Capable": false,"Relation Name": "nation","Alias": "nation","Startup Cost": 0.00,"Total Cost": 1.25,"Plan Rows": 25,"Plan Width": 112,"Actual Startup Time": 0.055,"Actual Total Time": 0.059,"Actual Rows": 25,"Actual Loops": 3,"Workers": []},{"Node Type": "Hash","Parent Relationship": "Inner","Parallel Aware": false,"Async Capable": false,"Startup Cost": 1.06,"Total Cost": 1.06,"Plan Rows": 1,"Plan Width": 4,"Actual Startup Time": 0.058,"Actual Total Time": 0.065,"Actual Rows": 1,"Actual Loops": 3,"Hash Buckets": 1024,"Original Hash Buckets": 1024,"Hash Batches": 1,"Original Hash Batches": 1,"Peak Memory Usage": 9,"Workers": [],"Plans": [{"Node Type": "Seq Scan","Parent Relationship": "Outer","Parallel Aware": false,"Async Capable": false,"Relation Name": "region","Alias": "region","Startup Cost": 0.00,"Total Cost": 1.06,"Plan Rows": 1,"Plan Width": 4,"Actual Startup Time": 0.044,"Actual Total Time": 0.048,"Actual Rows": 1,"Actual Loops": 3,"Filter": "(r_name = 'AFRICA'::bpchar)","Rows Removed by Filter": 4,"Workers": []}]}]}]}]},{"Node Type": "Index Scan","Parent Relationship": "Inner","Parallel Aware": false,"Async Capable": false,"Scan Direction": "Forward","Index Name": "idx_orders_custkey","Relation Name": "orders","Alias": "orders","Startup Cost": 0.43,"Total Cost": 1.55,"Plan Rows": 3,"Plan Width": 8,"Actual Startup Time": 0.018,"Actual Total Time": 0.041,"Actual Rows": 2,"Actual Loops": 29764,"Index Cond": "(o_custkey = customer.c_custkey)","Rows Removed by Index Recheck": 0,"Filter": "((o_orderdate >= '1994-01-01'::date) AND (o_orderdate < '1995-01-01 00:00:00'::timestamp without time zone))","Rows Removed by Filter": 9,"Workers": []}]},{"Node Type": "Index Scan","Parent Relationship": "Inner","Parallel Aware": false,"Async Capable": false,"Scan Direction": "Forward","Index Name": "idx_lineitem_orderkey","Relation Name": "lineitem","Alias": "lineitem","Startup Cost": 0.43,"Total Cost": 2.84,"Plan Rows": 17,"Plan Width": 20,"Actual Startup Time": 0.017,"Actual Total Time": 0.019,"Actual Rows": 4,"Actual Loops": 45152,"Index Cond": "(l_orderkey = orders.o_orderkey)","Rows Removed by Index Recheck": 0,"Workers": []}]},{"Node Type": "Hash","Parent Relationship": "Inner","Parallel Aware": false,"Async Capable": false,"Startup Cost": 322.00,"Total Cost": 322.00,"Plan Rows": 10000,"Plan Width": 8,"Actual Startup Time": 11.376,"Actual Total Time": 11.381,"Actual Rows": 10000,"Actual Loops": 3,"Hash Buckets": 16384,"Original Hash Buckets": 16384,"Hash Batches": 1,"Original Hash Batches": 1,"Peak Memory Usage": 519,"Workers": [],"Plans": [{"Node Type": "Seq Scan","Parent Relationship": "Outer","Parallel Aware": false,"Async Capable": false,"Relation Name": "supplier","Alias": "supplier","Startup Cost": 0.00,"Total Cost": 322.00,"Plan Rows": 10000,"Plan Width": 8,"Actual Startup Time": 0.042,"Actual Total Time": 9.565,"Actual Rows": 10000,"Actual Loops": 3,"Workers": []}]}]}]}]}]}]}]},"Planning Time": 10.751,"Triggers": [],"Execution Time": 859.508}]
[{"Plan": {"Node Type": "Sort","Parallel Aware": false,"Async Capable": false,"Startup Cost": 21565.81,"Total Cost": 21565.87,"Plan Rows": 25,"Plan Width": 136,"Actual Startup Time": 833.811,"Actual Total Time": 865.523,"Actual Rows": 5,"Actual Loops": 1,"Sort Key": ["(sum((lineitem.l_extendedprice * ('1'::numeric - lineitem.l_discount)))) DESC"],"Sort Method": "quicksort","Sort Space Used": 25,"Sort Space Type": "Memory","Plans": [{"Node Type": "Aggregate","Strategy": "Sorted","Partial Mode": "Finalize","Parent Relationship": "Outer","Parallel Aware": false,"Async Capable": false,"Startup Cost": 21550.86,"Total Cost": 21565.23,"Plan Rows": 25,"Plan Width": 136,"Actual Startup Time": 833.271,"Actual Total Time": 865.478,"Actual Rows": 5,"Actual Loops": 1,"Group Key": ["nation.n_name"],"Plans": [{"Node Type": "Gather Merge","Parent Relationship": "Outer","Parallel Aware": false,"Async Capable": false,"Startup Cost": 21550.86,"Total Cost": 21564.54,"Plan Rows": 50,"Plan Width": 136,"Actual Startup Time": 833.025,"Actual Total Time": 865.435,"Actual Rows": 15,"Actual Loops": 1,"Workers Planned": 2,"Workers Launched": 2,"Plans": [{"Node Type": "Aggregate","Strategy": "Sorted","Partial Mode": "Partial","Parent Relationship": "Outer","Parallel Aware": false,"Async Capable": false,"Startup Cost": 20550.84,"Total Cost": 20558.75,"Plan Rows": 25,"Plan Width": 136,"Actual Startup Time": 825.546,"Actual Total Time": 826.255,"Actual Rows": 5,"Actual Loops": 3,"Group Key": ["nation.n_name"],"Workers": [],"Plans": [{"Node Type": "Sort","Parent Relationship": "Outer","Parallel Aware": false,"Async Capable": false,"Startup Cost": 20550.84,"Total Cost": 20552.36,"Plan Rows": 608,"Plan Width": 116,"Actual Startup Time": 825.323,"Actual Total Time": 825.450,"Actual Rows": 2415,"Actual Loops": 3,"Sort Key": ["nation.n_name"],"Sort Method": "quicksort","Sort Space Used": 281,"Sort Space Type": "Memory","Workers": [{"Worker Number": 0,"Sort Method": "quicksort","Sort Space Used": 286,"Sort Space Type": "Memory"},{"Worker Number": 1,"Sort Method": "quicksort","Sort Space Used": 289,"Sort Space Type": "Memory"}],"Plans": [{"Node Type": "Hash Join","Parent Relationship": "Outer","Parallel Aware": false,"Async Capable": false,"Join Type": "Inner","Startup Cost": 475.27,"Total Cost": 20522.72,"Plan Rows": 608,"Plan Width": 116,"Actual Startup Time": 12.893,"Actual Total Time": 823.841,"Actual Rows": 2415,"Actual Loops": 3,"Inner Unique": true,"Hash Cond": "((lineitem.l_suppkey = supplier.s_suppkey) AND (customer.c_nationkey = supplier.s_nationkey))","Workers": [],"Plans": [{"Node Type": "Nested Loop","Parent Relationship": "Outer","Parallel Aware": false,"Async Capable": false,"Join Type": "Inner","Startup Cost": 3.27,"Total Cost": 19970.84,"Plan Rows": 15215,"Plan Width": 128,"Actual Startup Time": 0.809,"Actual Total Time": 777.035,"Actual Rows": 60714,"Actual Loops": 3,"Inner Unique": false,"Workers": [],"Plans": [{"Node Type": "Nested Loop","Parent Relationship": "Outer","Parallel Aware": false,"Async Capable": false,"Join Type": "Inner","Startup Cost": 2.84,"Total Cost": 8414.26,"Plan Rows": 3803,"Plan Width": 116,"Actual Startup Time": 0.660,"Actual Total Time": 471.667,"Actual Rows": 15226,"Actual Loops": 3,"Inner Unique": false,"Workers": [],"Plans": [{"Node Type": "Hash Join","Parent Relationship": "Outer","Parallel Aware": false,"Async Capable": false,"Join Type": "Inner","Startup Cost": 2.41,"Total Cost": 4471.79,"Plan Rows": 2500,"Plan Width": 116,"Actual Startup Time": 0.276,"Actual Total Time": 59.829,"Actual Rows": 10066,"Actual Loops": 3,"Inner Unique": false,"Hash Cond": "(customer.c_nationkey = nation.n_nationkey)","Workers": [],"Plans": [{"Node Type": "Seq Scan","Parent Relationship": "Outer","Parallel Aware": true,"Async Capable": false,"Relation Name": "customer","Alias": "customer","Startup Cost": 0.00,"Total Cost": 4210.00,"Plan Rows": 62500,"Plan Width": 8,"Actual Startup Time": 0.021,"Actual Total Time": 10.083,"Actual Rows": 50000,"Actual Loops": 3,"Workers": []},{"Node Type": "Hash","Parent Relationship": "Inner","Parallel Aware": false,"Async Capable": false,"Startup Cost": 2.40,"Total Cost": 2.40,"Plan Rows": 1,"Plan Width": 108,"Actual Startup Time": 0.154,"Actual Total Time": 0.171,"Actual Rows": 5,"Actual Loops": 3,"Hash Buckets": 1024,"Original Hash Buckets": 1024,"Hash Batches": 1,"Original Hash Batches": 1,"Peak Memory Usage": 9,"Workers": [],"Plans": [{"Node Type": "Hash Join","Parent Relationship": "Outer","Parallel Aware": false,"Async Capable": false,"Join Type": "Inner","Startup Cost": 1.07,"Total Cost": 2.40,"Plan Rows": 1,"Plan Width": 108,"Actual Startup Time": 0.139,"Actual Total Time": 0.162,"Actual Rows": 5,"Actual Loops": 3,"Inner Unique": true,"Hash Cond": "(nation.n_regionkey = region.r_regionkey)","Workers": [],"Plans": [{"Node Type": "Seq Scan","Parent Relationship": "Outer","Parallel Aware": false,"Async Capable": false,"Relation Name": "nation","Alias": "nation","Startup Cost": 0.00,"Total Cost": 1.25,"Plan Rows": 25,"Plan Width": 112,"Actual Startup Time": 0.051,"Actual Total Time": 0.055,"Actual Rows": 25,"Actual Loops": 3,"Workers": []},{"Node Type": "Hash","Parent Relationship": "Inner","Parallel Aware": false,"Async Capable": false,"Startup Cost": 1.06,"Total Cost": 1.06,"Plan Rows": 1,"Plan Width": 4,"Actual Startup Time": 0.057,"Actual Total Time": 0.063,"Actual Rows": 1,"Actual Loops": 3,"Hash Buckets": 1024,"Original Hash Buckets": 1024,"Hash Batches": 1,"Original Hash Batches": 1,"Peak Memory Usage": 9,"Workers": [],"Plans": [{"Node Type": "Seq Scan","Parent Relationship": "Outer","Parallel Aware": false,"Async Capable": false,"Relation Name": "region","Alias": "region","Startup Cost": 0.00,"Total Cost": 1.06,"Plan Rows": 1,"Plan Width": 4,"Actual Startup Time": 0.043,"Actual Total Time": 0.045,"Actual Rows": 1,"Actual Loops": 3,"Filter": "(r_name = 'EUROPE'::bpchar)","Rows Removed by Filter": 4,"Workers": []}]}]}]}]},{"Node Type": "Index Scan","Parent Relationship": "Inner","Parallel Aware": false,"Async Capable": false,"Scan Direction": "Forward","Index Name": "idx_orders_custkey","Relation Name": "orders","Alias": "orders","Startup Cost": 0.43,"Total Cost": 1.55,"Plan Rows": 3,"Plan Width": 8,"Actual Startup Time": 0.017,"Actual Total Time": 0.041,"Actual Rows": 2,"Actual Loops": 30197,"Index Cond": "(o_custkey = customer.c_custkey)","Rows Removed by Index Recheck": 0,"Filter": "((o_orderdate >= '1997-01-01'::date) AND (o_orderdate < '1998-01-01 00:00:00'::timestamp without time zone))","Rows Removed by Filter": 9,"Workers": []}]},{"Node Type": "Index Scan","Parent Relationship": "Inner","Parallel Aware": false,"Async Capable": false,"Scan Direction": "Forward","Index Name": "idx_lineitem_orderkey","Relation Name": "lineitem","Alias": "lineitem","Startup Cost": 0.43,"Total Cost": 2.87,"Plan Rows": 17,"Plan Width": 20,"Actual Startup Time": 0.017,"Actual Total Time": 0.019,"Actual Rows": 4,"Actual Loops": 45677,"Index Cond": "(l_orderkey = orders.o_orderkey)","Rows Removed by Index Recheck": 0,"Workers": []}]},{"Node Type": "Hash","Parent Relationship": "Inner","Parallel Aware": false,"Async Capable": false,"Startup Cost": 322.00,"Total Cost": 322.00,"Plan Rows": 10000,"Plan Width": 8,"Actual Startup Time": 11.560,"Actual Total Time": 11.566,"Actual Rows": 10000,"Actual Loops": 3,"Hash Buckets": 16384,"Original Hash Buckets": 16384,"Hash Batches": 1,"Original Hash Batches": 1,"Peak Memory Usage": 519,"Workers": [],"Plans": [{"Node Type": "Seq Scan","Parent Relationship": "Outer","Parallel Aware": false,"Async Capable": false,"Relation Name": "supplier","Alias": "supplier","Startup Cost": 0.00,"Total Cost": 322.00,"Plan Rows": 10000,"Plan Width": 8,"Actual Startup Time": 0.053,"Actual Total Time": 9.758,"Actual Rows": 10000,"Actual Loops": 3,"Workers": []}]}]}]}]}]}]}]},"Planning Time": 11.054,"Triggers": [],"Execution Time": 866.075}]
[{"Plan": {"Node Type": "Sort","Parallel Aware": false,"Async Capable": false,"Startup Cost": 21565.81,"Total Cost": 21565.87,"Plan Rows": 25,"Plan Width": 136,"Actual Startup Time": 823.071,"Actual Total Time": 855.607,"Actual Rows": 5,"Actual Loops": 1,"Sort Key": ["(sum((lineitem.l_extendedprice * ('1'::numeric - lineitem.l_discount)))) DESC"],"Sort Method": "quicksort","Sort Space Used": 25,"Sort Space Type": "Memory","Plans": [{"Node Type": "Aggregate","Strategy": "Sorted","Partial Mode": "Finalize","Parent Relationship": "Outer","Parallel Aware": false,"Async Capable": false,"Startup Cost": 21550.86,"Total Cost": 21565.23,"Plan Rows": 25,"Plan Width": 136,"Actual Startup Time": 822.468,"Actual Total Time": 855.547,"Actual Rows": 5,"Actual Loops": 1,"Group Key": ["nation.n_name"],"Plans": [{"Node Type": "Gather Merge","Parent Relationship": "Outer","Parallel Aware": false,"Async Capable": false,"Startup Cost": 21550.86,"Total Cost": 21564.54,"Plan Rows": 50,"Plan Width": 136,"Actual Startup Time": 822.203,"Actual Total Time": 855.489,"Actual Rows": 15,"Actual Loops": 1,"Workers Planned": 2,"Workers Launched": 2,"Plans": [{"Node Type": "Aggregate","Strategy": "Sorted","Partial Mode": "Partial","Parent Relationship": "Outer","Parallel Aware": false,"Async Capable": false,"Startup Cost": 20550.84,"Total Cost": 20558.75,"Plan Rows": 25,"Plan Width": 136,"Actual Startup Time": 814.240,"Actual Total Time": 814.959,"Actual Rows": 5,"Actual Loops": 3,"Group Key": ["nation.n_name"],"Workers": [],"Plans": [{"Node Type": "Sort","Parent Relationship": "Outer","Parallel Aware": false,"Async Capable": false,"Startup Cost": 20550.84,"Total Cost": 20552.36,"Plan Rows": 608,"Plan Width": 116,"Actual Startup Time": 814.029,"Actual Total Time": 814.149,"Actual Rows": 2473,"Actual Loops": 3,"Sort Key": ["nation.n_name"],"Sort Method": "quicksort","Sort Space Used": 297,"Sort Space Type": "Memory","Workers": [{"Worker Number": 0,"Sort Method": "quicksort","Sort Space Used": 287,"Sort Space Type": "Memory"},{"Worker Number": 1,"Sort Method": "quicksort","Sort Space Used": 284,"Sort Space Type": "Memory"}],"Plans": [{"Node Type": "Hash Join","Parent Relationship": "Outer","Parallel Aware": false,"Async Capable": false,"Join Type": "Inner","Startup Cost": 475.27,"Total Cost": 20522.72,"Plan Rows": 608,"Plan Width": 116,"Actual Startup Time": 11.318,"Actual Total Time": 812.483,"Actual Rows": 2473,"Actual Loops": 3,"Inner Unique": true,"Hash Cond": "((lineitem.l_suppkey = supplier.s_suppkey) AND (customer.c_nationkey = supplier.s_nationkey))","Workers": [],"Plans": [{"Node Type": "Nested Loop","Parent Relationship": "Outer","Parallel Aware": false,"Async Capable": false,"Join Type": "Inner","Startup Cost": 3.27,"Total Cost": 19970.84,"Plan Rows": 15215,"Plan Width": 128,"Actual Startup Time": 0.595,"Actual Total Time": 768.935,"Actual Rows": 60276,"Actual Loops": 3,"Inner Unique": false,"Workers": [],"Plans": [{"Node Type": "Nested Loop","Parent Relationship": "Outer","Parallel Aware": false,"Async Capable": false,"Join Type": "Inner","Startup Cost": 2.84,"Total Cost": 8414.26,"Plan Rows": 3803,"Plan Width": 116,"Actual Startup Time": 0.466,"Actual Total Time": 464.532,"Actual Rows": 15032,"Actual Loops": 3,"Inner Unique": false,"Workers": [],"Plans": [{"Node Type": "Hash Join","Parent Relationship": "Outer","Parallel Aware": false,"Async Capable": false,"Join Type": "Inner","Startup Cost": 2.41,"Total Cost": 4471.79,"Plan Rows": 2500,"Plan Width": 116,"Actual Startup Time": 0.243,"Actual Total Time": 60.744,"Actual Rows": 9968,"Actual Loops": 3,"Inner Unique": false,"Hash Cond": "(customer.c_nationkey = nation.n_nationkey)","Workers": [],"Plans": [{"Node Type": "Seq Scan","Parent Relationship": "Outer","Parallel Aware": true,"Async Capable": false,"Relation Name": "customer","Alias": "customer","Startup Cost": 0.00,"Total Cost": 4210.00,"Plan Rows": 62500,"Plan Width": 8,"Actual Startup Time": 0.012,"Actual Total Time": 10.205,"Actual Rows": 50000,"Actual Loops": 3,"Workers": []},{"Node Type": "Hash","Parent Relationship": "Inner","Parallel Aware": false,"Async Capable": false,"Startup Cost": 2.40,"Total Cost": 2.40,"Plan Rows": 1,"Plan Width": 108,"Actual Startup Time": 0.142,"Actual Total Time": 0.157,"Actual Rows": 5,"Actual Loops": 3,"Hash Buckets": 1024,"Original Hash Buckets": 1024,"Hash Batches": 1,"Original Hash Batches": 1,"Peak Memory Usage": 9,"Workers": [],"Plans": [{"Node Type": "Hash Join","Parent Relationship": "Outer","Parallel Aware": false,"Async Capable": false,"Join Type": "Inner","Startup Cost": 1.07,"Total Cost": 2.40,"Plan Rows": 1,"Plan Width": 108,"Actual Startup Time": 0.130,"Actual Total Time": 0.149,"Actual Rows": 5,"Actual Loops": 3,"Inner Unique": true,"Hash Cond": "(nation.n_regionkey = region.r_regionkey)","Workers": [],"Plans": [{"Node Type": "Seq Scan","Parent Relationship": "Outer","Parallel Aware": false,"Async Capable": false,"Relation Name": "nation","Alias": "nation","Startup Cost": 0.00,"Total Cost": 1.25,"Plan Rows": 25,"Plan Width": 112,"Actual Startup Time": 0.040,"Actual Total Time": 0.044,"Actual Rows": 25,"Actual Loops": 3,"Workers": []},{"Node Type": "Hash","Parent Relationship": "Inner","Parallel Aware": false,"Async Capable": false,"Startup Cost": 1.06,"Total Cost": 1.06,"Plan Rows": 1,"Plan Width": 4,"Actual Startup Time": 0.063,"Actual Total Time": 0.068,"Actual Rows": 1,"Actual Loops": 3,"Hash Buckets": 1024,"Original Hash Buckets": 1024,"Hash Batches": 1,"Original Hash Batches": 1,"Peak Memory Usage": 9,"Workers": [],"Plans": [{"Node Type": "Seq Scan","Parent Relationship": "Outer","Parallel Aware": false,"Async Capable": false,"Relation Name": "region","Alias": "region","Startup Cost": 0.00,"Total Cost": 1.06,"Plan Rows": 1,"Plan Width": 4,"Actual Startup Time": 0.045,"Actual Total Time": 0.047,"Actual Rows": 1,"Actual Loops": 3,"Filter": "(r_name = 'MIDDLE EAST'::bpchar)","Rows Removed by Filter": 4,"Workers": []}]}]}]}]},{"Node Type": "Index Scan","Parent Relationship": "Inner","Parallel Aware": false,"Async Capable": false,"Scan Direction": "Forward","Index Name": "idx_orders_custkey","Relation Name": "orders","Alias": "orders","Startup Cost": 0.43,"Total Cost": 1.55,"Plan Rows": 3,"Plan Width": 8,"Actual Startup Time": 0.017,"Actual Total Time": 0.040,"Actual Rows": 2,"Actual Loops": 29904,"Index Cond": "(o_custkey = customer.c_custkey)","Rows Removed by Index Recheck": 0,"Filter": "((o_orderdate >= '1997-01-01'::date) AND (o_orderdate < '1998-01-01 00:00:00'::timestamp without time zone))","Rows Removed by Filter": 8,"Workers": []}]},{"Node Type": "Index Scan","Parent Relationship": "Inner","Parallel Aware": false,"Async Capable": false,"Scan Direction": "Forward","Index Name": "idx_lineitem_orderkey","Relation Name": "lineitem","Alias": "lineitem","Startup Cost": 0.43,"Total Cost": 2.87,"Plan Rows": 17,"Plan Width": 20,"Actual Startup Time": 0.017,"Actual Total Time": 0.019,"Actual Rows": 4,"Actual Loops": 45096,"Index Cond": "(l_orderkey = orders.o_orderkey)","Rows Removed by Index Recheck": 0,"Workers": []}]},{"Node Type": "Hash","Parent Relationship": "Inner","Parallel Aware": false,"Async Capable": false,"Startup Cost": 322.00,"Total Cost": 322.00,"Plan Rows": 10000,"Plan Width": 8,"Actual Startup Time": 9.890,"Actual Total Time": 9.894,"Actual Rows": 10000,"Actual Loops": 3,"Hash Buckets": 16384,"Original Hash Buckets": 16384,"Hash Batches": 1,"Original Hash Batches": 1,"Peak Memory Usage": 519,"Workers": [],"Plans": [{"Node Type": "Seq Scan","Parent Relationship": "Outer","Parallel Aware": false,"Async Capable": false,"Relation Name": "supplier","Alias": "supplier","Startup Cost": 0.00,"Total Cost": 322.00,"Plan Rows": 10000,"Plan Width": 8,"Actual Startup Time": 0.039,"Actual Total Time": 7.896,"Actual Rows": 10000,"Actual Loops": 3,"Workers": []}]}]}]}]}]}]}]},"Planning Time": 11.619,"Triggers": [],"Execution Time": 856.108}]
[{"Plan": {"Node Type": "Sort","Parallel Aware": false,"Async Capable": false,"Startup Cost": 21565.81,"Total Cost": 21565.87,"Plan Rows": 25,"Plan Width": 136,"Actual Startup Time": 823.071,"Actual Total Time": 855.607,"Actual Rows": 5,"Actual Loops": 1,"Sort Key": ["(sum((lineitem.l_extendedprice * ('1'::numeric - lineitem.l_discount)))) DESC"],"Sort Method": "quicksort","Sort Space Used": 25,"Sort Space Type": "Memory","Plans": [{"Node Type": "Aggregate","Strategy": "Sorted","Partial Mode": "Finalize","Parent Relationship": "Outer","Parallel Aware": false,"Async Capable": false,"Startup Cost": 21550.86,"Total Cost": 21565.23,"Plan Rows": 25,"Plan Width": 136,"Actual Startup Time": 822.468,"Actual Total Time": 855.547,"Actual Rows": 5,"Actual Loops": 1,"Group Key": ["nation.n_name"],"Plans": [{"Node Type": "Gather Merge","Parent Relationship": "Outer","Parallel Aware": false,"Async Capable": false,"Startup Cost": 21550.86,"Total Cost": 21564.54,"Plan Rows": 50,"Plan Width": 136,"Actual Startup Time": 822.203,"Actual Total Time": 855.489,"Actual Rows": 15,"Actual Loops": 1,"Workers Planned": 2,"Workers Launched": 2,"Plans": [{"Node Type": "Aggregate","Strategy": "Sorted","Partial Mode": "Partial","Parent Relationship": "Outer","Parallel Aware": false,"Async Capable": false,"Startup Cost": 20550.84,"Total Cost": 20558.75,"Plan Rows": 25,"Plan Width": 136,"Actual Startup Time": 814.240,"Actual Total Time": 814.959,"Actual Rows": 5,"Actual Loops": 3,"Group Key": ["nation.n_name"],"Workers": [],"Plans": [{"Node Type": "Sort","Parent Relationship": "Outer","Parallel Aware": false,"Async Capable": false,"Startup Cost": 20550.84,"Total Cost": 20552.36,"Plan Rows": 608,"Plan Width": 116,"Actual Startup Time": 814.029,"Actual Total Time": 814.149,"Actual Rows": 2473,"Actual Loops": 3,"Sort Key": ["nation.n_name"],"Sort Method": "quicksort","Sort Space Used": 297,"Sort Space Type": "Memory","Workers": [{"Worker Number": 0,"Sort Method": "quicksort","Sort Space Used": 287,"Sort Space Type": "Memory"},{"Worker Number": 1,"Sort Method": "quicksort","Sort Space Used": 284,"Sort Space Type": "Memory"}],"Plans": [{"Node Type": "Hash Join","Parent Relationship": "Outer","Parallel Aware": false,"Async Capable": false,"Join Type": "Inner","Startup Cost": 475.27,"Total Cost": 20522.72,"Plan Rows": 608,"Plan Width": 116,"Actual Startup Time": 11.318,"Actual Total Time": 812.483,"Actual Rows": 2473,"Actual Loops": 3,"Inner Unique": true,"Hash Cond": "((lineitem.l_suppkey = supplier.s_suppkey) AND (customer.c_nationkey = supplier.s_nationkey))","Workers": [],"Plans": [{"Node Type": "Nested Loop","Parent Relationship": "Outer","Parallel Aware": false,"Async Capable": false,"Join Type": "Inner","Startup Cost": 3.27,"Total Cost": 19970.84,"Plan Rows": 15215,"Plan Width": 128,"Actual Startup Time": 0.595,"Actual Total Time": 768.935,"Actual Rows": 60276,"Actual Loops": 3,"Inner Unique": false,"Workers": [],"Plans": [{"Node Type": "Nested Loop","Parent Relationship": "Outer","Parallel Aware": false,"Async Capable": false,"Join Type": "Inner","Startup Cost": 2.84,"Total Cost": 8414.26,"Plan Rows": 3803,"Plan Width": 116,"Actual Startup Time": 0.466,"Actual Total Time": 464.532,"Actual Rows": 15032,"Actual Loops": 3,"Inner Unique": false,"Workers": [],"Plans": [{"Node Type": "Hash Join","Parent Relationship": "Outer","Parallel Aware": false,"Async Capable": false,"Join Type": "Inner","Startup Cost": 2.41,"Total Cost": 4471.79,"Plan Rows": 2500,"Plan Width": 116,"Actual Startup Time": 0.243,"Actual Total Time": 60.744,"Actual Rows": 9968,"Actual Loops": 3,"Inner Unique": false,"Hash Cond": "(customer.c_nationkey = nation.n_nationkey)","Workers": [],"Plans": [{"Node Type": "Seq Scan","Parent Relationship": "Outer","Parallel Aware": true,"Async Capable": false,"Relation Name": "customer","Alias": "customer","Startup Cost": 0.00,"Total Cost": 4210.00,"Plan Rows": 62500,"Plan Width": 8,"Actual Startup Time": 0.012,"Actual Total Time": 10.205,"Actual Rows": 50000,"Actual Loops": 3,"Workers": []},{"Node Type": "Hash","Parent Relationship": "Inner","Parallel Aware": false,"Async Capable": false,"Startup Cost": 2.40,"Total Cost": 2.40,"Plan Rows": 1,"Plan Width": 108,"Actual Startup Time": 0.142,"Actual Total Time": 0.157,"Actual Rows": 5,"Actual Loops": 3,"Hash Buckets": 1024,"Original Hash Buckets": 1024,"Hash Batches": 1,"Original Hash Batches": 1,"Peak Memory Usage": 9,"Workers": [],"Plans": [{"Node Type": "Hash Join","Parent Relationship": "Outer","Parallel Aware": false,"Async Capable": false,"Join Type": "Inner","Startup Cost": 1.07,"Total Cost": 2.40,"Plan Rows": 1,"Plan Width": 108,"Actual Startup Time": 0.130,"Actual Total Time": 0.149,"Actual Rows": 5,"Actual Loops": 3,"Inner Unique": true,"Hash Cond": "(nation.n_regionkey = region.r_regionkey)","Workers": [],"Plans": [{"Node Type": "Seq Scan","Parent Relationship": "Outer","Parallel Aware": false,"Async Capable": false,"Relation Name": "nation","Alias": "nation","Startup Cost": 0.00,"Total Cost": 1.25,"Plan Rows": 25,"Plan Width": 112,"Actual Startup Time": 0.040,"Actual Total Time": 0.044,"Actual Rows": 25,"Actual Loops": 3,"Workers": []},{"Node Type": "Hash","Parent Relationship": "Inner","Parallel Aware": false,"Async Capable": false,"Startup Cost": 1.06,"Total Cost": 1.06,"Plan Rows": 1,"Plan Width": 4,"Actual Startup Time": 0.063,"Actual Total Time": 0.068,"Actual Rows": 1,"Actual Loops": 3,"Hash Buckets": 1024,"Original Hash Buckets": 1024,"Hash Batches": 1,"Original Hash Batches": 1,"Peak Memory Usage": 9,"Workers": [],"Plans": [{"Node Type": "Seq Scan","Parent Relationship": "Outer","Parallel Aware": false,"Async Capable": false,"Relation Name": "region","Alias": "region","Startup Cost": 0.00,"Total Cost": 1.06,"Plan Rows": 1,"Plan Width": 4,"Actual Startup Time": 0.045,"Actual Total Time": 0.047,"Actual Rows": 1,"Actual Loops": 3,"Filter": "(r_name = 'MIDDLE EAST'::bpchar)","Rows Removed by Filter": 4,"Workers": []}]}]}]}]},{"Node Type": "Index Scan","Parent Relationship": "Inner","Parallel Aware": false,"Async Capable": false,"Scan Direction": "Forward","Index Name": "idx_orders_custkey","Relation Name": "orders","Alias": "orders","Startup Cost": 0.43,"Total Cost": 1.55,"Plan Rows": 3,"Plan Width": 8,"Actual Startup Time": 0.017,"Actual Total Time": 0.040,"Actual Rows": 2,"Actual Loops": 29904,"Index Cond": "(o_custkey = customer.c_custkey)","Rows Removed by Index Recheck": 0,"Filter": "((o_orderdate >= '1997-01-01'::date) AND (o_orderdate < '1998-01-01 00:00:00'::timestamp without time zone))","Rows Removed by Filter": 8,"Workers": []}]},{"Node Type": "Index Scan","Parent Relationship": "Inner","Parallel Aware": false,"Async Capable": false,"Scan Direction": "Forward","Index Name": "idx_lineitem_orderkey","Relation Name": "lineitem","Alias": "lineitem","Startup Cost": 0.43,"Total Cost": 2.87,"Plan Rows": 17,"Plan Width": 20,"Actual Startup Time": 0.017,"Actual Total Time": 0.019,"Actual Rows": 4,"Actual Loops": 45096,"Index Cond": "(l_orderkey = orders.o_orderkey)","Rows Removed by Index Recheck": 0,"Workers": []}]},{"Node Type": "Hash","Parent Relationship": "Inner","Parallel Aware": false,"Async Capable": false,"Startup Cost": 322.00,"Total Cost": 322.00,"Plan Rows": 10000,"Plan Width": 8,"Actual Startup Time": 9.890,"Actual Total Time": 9.894,"Actual Rows": 10000,"Actual Loops": 3,"Hash Buckets": 16384,"Original Hash Buckets": 16384,"Hash Batches": 1,"Original Hash Batches": 1,"Peak Memory Usage": 519,"Workers": [],"Plans": [{"Node Type": "Seq Scan","Parent Relationship": "Outer","Parallel Aware": false,"Async Capable": false,"Relation Name": "supplier","Alias": "supplier","Startup Cost": 0.00,"Total Cost": 322.00,"Plan Rows": 10000,"Plan Width": 8,"Actual Startup Time": 0.039,"Actual Total Time": 7.896,"Actual Rows": 10000,"Actual Loops": 3,"Workers": []}]}]}]}]}]}]}]},"Planning Time": 11.619,"Triggers": [],"Execution Time": 856.108}]
[{"Plan": {"Node Type": "Sort","Parallel Aware": false,"Async Capable": false,"Startup Cost": 21565.24,"Total Cost": 21565.30,"Plan Rows": 25,"Plan Width": 136,"Actual Startup Time": 803.148,"Actual Total Time": 837.225,"Actual Rows": 5,"Actual Loops": 1,"Sort Key": ["(sum((lineitem.l_extendedprice * ('1'::numeric - lineitem.l_discount)))) DESC"],"Sort Method": "quicksort","Sort Space Used": 25,"Sort Space Type": "Memory","Plans": [{"Node Type": "Aggregate","Strategy": "Sorted","Partial Mode": "Finalize","Parent Relationship": "Outer","Parallel Aware": false,"Async Capable": false,"Startup Cost": 21550.29,"Total Cost": 21564.66,"Plan Rows": 25,"Plan Width": 136,"Actual Startup Time": 802.551,"Actual Total Time": 837.165,"Actual Rows": 5,"Actual Loops": 1,"Group Key": ["nation.n_name"],"Plans": [{"Node Type": "Gather Merge","Parent Relationship": "Outer","Parallel Aware": false,"Async Capable": false,"Startup Cost": 21550.29,"Total Cost": 21563.97,"Plan Rows": 50,"Plan Width": 136,"Actual Startup Time": 802.343,"Actual Total Time": 837.116,"Actual Rows": 15,"Actual Loops": 1,"Workers Planned": 2,"Workers Launched": 2,"Plans": [{"Node Type": "Aggregate","Strategy": "Sorted","Partial Mode": "Partial","Parent Relationship": "Outer","Parallel Aware": false,"Async Capable": false,"Startup Cost": 20550.26,"Total Cost": 20558.18,"Plan Rows": 25,"Plan Width": 136,"Actual Startup Time": 794.724,"Actual Total Time": 795.426,"Actual Rows": 5,"Actual Loops": 3,"Group Key": ["nation.n_name"],"Workers": [],"Plans": [{"Node Type": "Sort","Parent Relationship": "Outer","Parallel Aware": false,"Async Capable": false,"Startup Cost": 20550.26,"Total Cost": 20551.78,"Plan Rows": 608,"Plan Width": 116,"Actual Startup Time": 794.492,"Actual Total Time": 794.616,"Actual Rows": 2402,"Actual Loops": 3,"Sort Key": ["nation.n_name"],"Sort Method": "quicksort","Sort Space Used": 284,"Sort Space Type": "Memory","Workers": [{"Worker Number": 0,"Sort Method": "quicksort","Sort Space Used": 278,"Sort Space Type": "Memory"},{"Worker Number": 1,"Sort Method": "quicksort","Sort Space Used": 290,"Sort Space Type": "Memory"}],"Plans": [{"Node Type": "Hash Join","Parent Relationship": "Outer","Parallel Aware": false,"Async Capable": false,"Join Type": "Inner","Startup Cost": 475.27,"Total Cost": 20522.15,"Plan Rows": 608,"Plan Width": 116,"Actual Startup Time": 9.804,"Actual Total Time": 792.945,"Actual Rows": 2402,"Actual Loops": 3,"Inner Unique": true,"Hash Cond": "((lineitem.l_suppkey = supplier.s_suppkey) AND (customer.c_nationkey = supplier.s_nationkey))","Workers": [],"Plans": [{"Node Type": "Nested Loop","Parent Relationship": "Outer","Parallel Aware": false,"Async Capable": false,"Join Type": "Inner","Startup Cost": 3.27,"Total Cost": 19970.29,"Plan Rows": 15211,"Plan Width": 128,"Actual Startup Time": 0.739,"Actual Total Time": 751.905,"Actual Rows": 60896,"Actual Loops": 3,"Inner Unique": false,"Workers": [],"Plans": [{"Node Type": "Nested Loop","Parent Relationship": "Outer","Parallel Aware": false,"Async Capable": false,"Join Type": "Inner","Startup Cost": 2.84,"Total Cost": 8414.26,"Plan Rows": 3802,"Plan Width": 116,"Actual Startup Time": 0.610,"Actual Total Time": 448.155,"Actual Rows": 15274,"Actual Loops": 3,"Inner Unique": false,"Workers": [],"Plans": [{"Node Type": "Hash Join","Parent Relationship": "Outer","Parallel Aware": false,"Async Capable": false,"Join Type": "Inner","Startup Cost": 2.41,"Total Cost": 4471.79,"Plan Rows": 2500,"Plan Width": 116,"Actual Startup Time": 0.268,"Actual Total Time": 53.804,"Actual Rows": 9921,"Actual Loops": 3,"Inner Unique": false,"Hash Cond": "(customer.c_nationkey = nation.n_nationkey)","Workers": [],"Plans": [{"Node Type": "Seq Scan","Parent Relationship": "Outer","Parallel Aware": true,"Async Capable": false,"Relation Name": "customer","Alias": "customer","Startup Cost": 0.00,"Total Cost": 4210.00,"Plan Rows": 62500,"Plan Width": 8,"Actual Startup Time": 0.020,"Actual Total Time": 9.563,"Actual Rows": 50000,"Actual Loops": 3,"Workers": []},{"Node Type": "Hash","Parent Relationship": "Inner","Parallel Aware": false,"Async Capable": false,"Startup Cost": 2.40,"Total Cost": 2.40,"Plan Rows": 1,"Plan Width": 108,"Actual Startup Time": 0.161,"Actual Total Time": 0.176,"Actual Rows": 5,"Actual Loops": 3,"Hash Buckets": 1024,"Original Hash Buckets": 1024,"Hash Batches": 1,"Original Hash Batches": 1,"Peak Memory Usage": 9,"Workers": [],"Plans": [{"Node Type": "Hash Join","Parent Relationship": "Outer","Parallel Aware": false,"Async Capable": false,"Join Type": "Inner","Startup Cost": 1.07,"Total Cost": 2.40,"Plan Rows": 1,"Plan Width": 108,"Actual Startup Time": 0.143,"Actual Total Time": 0.167,"Actual Rows": 5,"Actual Loops": 3,"Inner Unique": true,"Hash Cond": "(nation.n_regionkey = region.r_regionkey)","Workers": [],"Plans": [{"Node Type": "Seq Scan","Parent Relationship": "Outer","Parallel Aware": false,"Async Capable": false,"Relation Name": "nation","Alias": "nation","Startup Cost": 0.00,"Total Cost": 1.25,"Plan Rows": 25,"Plan Width": 112,"Actual Startup Time": 0.052,"Actual Total Time": 0.056,"Actual Rows": 25,"Actual Loops": 3,"Workers": []},{"Node Type": "Hash","Parent Relationship": "Inner","Parallel Aware": false,"Async Capable": false,"Startup Cost": 1.06,"Total Cost": 1.06,"Plan Rows": 1,"Plan Width": 4,"Actual Startup Time": 0.061,"Actual Total Time": 0.066,"Actual Rows": 1,"Actual Loops": 3,"Hash Buckets": 1024,"Original Hash Buckets": 1024,"Hash Batches": 1,"Original Hash Batches": 1,"Peak Memory Usage": 9,"Workers": [],"Plans": [{"Node Type": "Seq Scan","Parent Relationship": "Outer","Parallel Aware": false,"Async Capable": false,"Relation Name": "region","Alias": "region","Startup Cost": 0.00,"Total Cost": 1.06,"Plan Rows": 1,"Plan Width": 4,"Actual Startup Time": 0.046,"Actual Total Time": 0.049,"Actual Rows": 1,"Actual Loops": 3,"Filter": "(r_name = 'AFRICA'::bpchar)","Rows Removed by Filter": 4,"Workers": []}]}]}]}]},{"Node Type": "Index Scan","Parent Relationship": "Inner","Parallel Aware": false,"Async Capable": false,"Scan Direction": "Forward","Index Name": "idx_orders_custkey","Relation Name": "orders","Alias": "orders","Startup Cost": 0.43,"Total Cost": 1.55,"Plan Rows": 3,"Plan Width": 8,"Actual Startup Time": 0.017,"Actual Total Time": 0.039,"Actual Rows": 2,"Actual Loops": 29764,"Index Cond": "(o_custkey = customer.c_custkey)","Rows Removed by Index Recheck": 0,"Filter": "((o_orderdate >= '1995-01-01'::date) AND (o_orderdate < '1996-01-01 00:00:00'::timestamp without time zone))","Rows Removed by Filter": 9,"Workers": []}]},{"Node Type": "Index Scan","Parent Relationship": "Inner","Parallel Aware": false,"Async Capable": false,"Scan Direction": "Forward","Index Name": "idx_lineitem_orderkey","Relation Name": "lineitem","Alias": "lineitem","Startup Cost": 0.43,"Total Cost": 2.87,"Plan Rows": 17,"Plan Width": 20,"Actual Startup Time": 0.017,"Actual Total Time": 0.019,"Actual Rows": 4,"Actual Loops": 45822,"Index Cond": "(l_orderkey = orders.o_orderkey)","Rows Removed by Index Recheck": 0,"Workers": []}]},{"Node Type": "Hash","Parent Relationship": "Inner","Parallel Aware": false,"Async Capable": false,"Startup Cost": 322.00,"Total Cost": 322.00,"Plan Rows": 10000,"Plan Width": 8,"Actual Startup Time": 8.249,"Actual Total Time": 8.253,"Actual Rows": 10000,"Actual Loops": 3,"Hash Buckets": 16384,"Original Hash Buckets": 16384,"Hash Batches": 1,"Original Hash Batches": 1,"Peak Memory Usage": 519,"Workers": [],"Plans": [{"Node Type": "Seq Scan","Parent Relationship": "Outer","Parallel Aware": false,"Async Capable": false,"Relation Name": "supplier","Alias": "supplier","Startup Cost": 0.00,"Total Cost": 322.00,"Plan Rows": 10000,"Plan Width": 8,"Actual Startup Time": 0.043,"Actual Total Time": 6.388,"Actual Rows": 10000,"Actual Loops": 3,"Workers": []}]}]}]}]}]}]}]},"Planning Time": 10.225,"Triggers": [],"Execution Time": 837.854}]
[{"Plan": {"Node Type": "Sort","Parallel Aware": false,"Async Capable": false,"Startup Cost": 21616.39,"Total Cost": 21616.45,"Plan Rows": 25,"Plan Width": 136,"Actual Startup Time": 848.991,"Actual Total Time": 881.316,"Actual Rows": 5,"Actual Loops": 1,"Sort Key": ["(sum((lineitem.l_extendedprice * ('1'::numeric - lineitem.l_discount)))) DESC"],"Sort Method": "quicksort","Sort Space Used": 25,"Sort Space Type": "Memory","Plans": [{"Node Type": "Aggregate","Strategy": "Sorted","Partial Mode": "Finalize","Parent Relationship": "Outer","Parallel Aware": false,"Async Capable": false,"Startup Cost": 21601.33,"Total Cost": 21615.81,"Plan Rows": 25,"Plan Width": 136,"Actual Startup Time": 848.402,"Actual Total Time": 881.262,"Actual Rows": 5,"Actual Loops": 1,"Group Key": ["nation.n_name"],"Plans": [{"Node Type": "Gather Merge","Parent Relationship": "Outer","Parallel Aware": false,"Async Capable": false,"Startup Cost": 21601.33,"Total Cost": 21615.12,"Plan Rows": 50,"Plan Width": 136,"Actual Startup Time": 848.176,"Actual Total Time": 881.211,"Actual Rows": 15,"Actual Loops": 1,"Workers Planned": 2,"Workers Launched": 2,"Plans": [{"Node Type": "Aggregate","Strategy": "Sorted","Partial Mode": "Partial","Parent Relationship": "Outer","Parallel Aware": false,"Async Capable": false,"Startup Cost": 20601.30,"Total Cost": 20609.33,"Plan Rows": 25,"Plan Width": 136,"Actual Startup Time": 841.096,"Actual Total Time": 841.805,"Actual Rows": 5,"Actual Loops": 3,"Group Key": ["nation.n_name"],"Workers": [],"Plans": [{"Node Type": "Sort","Parent Relationship": "Outer","Parallel Aware": false,"Async Capable": false,"Startup Cost": 20601.30,"Total Cost": 20602.85,"Plan Rows": 617,"Plan Width": 116,"Actual Startup Time": 840.878,"Actual Total Time": 841.005,"Actual Rows": 2453,"Actual Loops": 3,"Sort Key": ["nation.n_name"],"Sort Method": "quicksort","Sort Space Used": 289,"Sort Space Type": "Memory","Workers": [{"Worker Number": 0,"Sort Method": "quicksort","Sort Space Used": 295,"Sort Space Type": "Memory"},{"Worker Number": 1,"Sort Method": "quicksort","Sort Space Used": 281,"Sort Space Type": "Memory"}],"Plans": [{"Node Type": "Hash Join","Parent Relationship": "Outer","Parallel Aware": false,"Async Capable": false,"Join Type": "Inner","Startup Cost": 475.27,"Total Cost": 20572.71,"Plan Rows": 617,"Plan Width": 116,"Actual Startup Time": 10.379,"Actual Total Time": 839.260,"Actual Rows": 2453,"Actual Loops": 3,"Inner Unique": true,"Hash Cond": "((lineitem.l_suppkey = supplier.s_suppkey) AND (customer.c_nationkey = supplier.s_nationkey))","Workers": [],"Plans": [{"Node Type": "Nested Loop","Parent Relationship": "Outer","Parallel Aware": false,"Async Capable": false,"Join Type": "Inner","Startup Cost": 3.27,"Total Cost": 20019.70,"Plan Rows": 15431,"Plan Width": 128,"Actual Startup Time": 0.539,"Actual Total Time": 793.839,"Actual Rows": 61906,"Actual Loops": 3,"Inner Unique": false,"Workers": [],"Plans": [{"Node Type": "Nested Loop","Parent Relationship": "Outer","Parallel Aware": false,"Async Capable": false,"Join Type": "Inner","Startup Cost": 2.84,"Total Cost": 8414.26,"Plan Rows": 3857,"Plan Width": 116,"Actual Startup Time": 0.431,"Actual Total Time": 473.927,"Actual Rows": 15506,"Actual Loops": 3,"Inner Unique": false,"Workers": [],"Plans": [{"Node Type": "Hash Join","Parent Relationship": "Outer","Parallel Aware": false,"Async Capable": false,"Join Type": "Inner","Startup Cost": 2.41,"Total Cost": 4471.79,"Plan Rows": 2500,"Plan Width": 116,"Actual Startup Time": 0.234,"Actual Total Time": 55.451,"Actual Rows": 10066,"Actual Loops": 3,"Inner Unique": false,"Hash Cond": "(customer.c_nationkey = nation.n_nationkey)","Workers": [],"Plans": [{"Node Type": "Seq Scan","Parent Relationship": "Outer","Parallel Aware": true,"Async Capable": false,"Relation Name": "customer","Alias": "customer","Startup Cost": 0.00,"Total Cost": 4210.00,"Plan Rows": 62500,"Plan Width": 8,"Actual Startup Time": 0.019,"Actual Total Time": 9.720,"Actual Rows": 50000,"Actual Loops": 3,"Workers": []},{"Node Type": "Hash","Parent Relationship": "Inner","Parallel Aware": false,"Async Capable": false,"Startup Cost": 2.40,"Total Cost": 2.40,"Plan Rows": 1,"Plan Width": 108,"Actual Startup Time": 0.128,"Actual Total Time": 0.148,"Actual Rows": 5,"Actual Loops": 3,"Hash Buckets": 1024,"Original Hash Buckets": 1024,"Hash Batches": 1,"Original Hash Batches": 1,"Peak Memory Usage": 9,"Workers": [],"Plans": [{"Node Type": "Hash Join","Parent Relationship": "Outer","Parallel Aware": false,"Async Capable": false,"Join Type": "Inner","Startup Cost": 1.07,"Total Cost": 2.40,"Plan Rows": 1,"Plan Width": 108,"Actual Startup Time": 0.115,"Actual Total Time": 0.137,"Actual Rows": 5,"Actual Loops": 3,"Inner Unique": true,"Hash Cond": "(nation.n_regionkey = region.r_regionkey)","Workers": [],"Plans": [{"Node Type": "Seq Scan","Parent Relationship": "Outer","Parallel Aware": false,"Async Capable": false,"Relation Name": "nation","Alias": "nation","Startup Cost": 0.00,"Total Cost": 1.25,"Plan Rows": 25,"Plan Width": 112,"Actual Startup Time": 0.040,"Actual Total Time": 0.044,"Actual Rows": 25,"Actual Loops": 3,"Workers": []},{"Node Type": "Hash","Parent Relationship": "Inner","Parallel Aware": false,"Async Capable": false,"Startup Cost": 1.06,"Total Cost": 1.06,"Plan Rows": 1,"Plan Width": 4,"Actual Startup Time": 0.046,"Actual Total Time": 0.051,"Actual Rows": 1,"Actual Loops": 3,"Hash Buckets": 1024,"Original Hash Buckets": 1024,"Hash Batches": 1,"Original Hash Batches": 1,"Peak Memory Usage": 9,"Workers": [],"Plans": [{"Node Type": "Seq Scan","Parent Relationship": "Outer","Parallel Aware": false,"Async Capable": false,"Relation Name": "region","Alias": "region","Startup Cost": 0.00,"Total Cost": 1.06,"Plan Rows": 1,"Plan Width": 4,"Actual Startup Time": 0.033,"Actual Total Time": 0.034,"Actual Rows": 1,"Actual Loops": 3,"Filter": "(r_name = 'EUROPE'::bpchar)","Rows Removed by Filter": 4,"Workers": []}]}]}]}]},{"Node Type": "Index Scan","Parent Relationship": "Inner","Parallel Aware": false,"Async Capable": false,"Scan Direction": "Forward","Index Name": "idx_orders_custkey","Relation Name": "orders","Alias": "orders","Startup Cost": 0.43,"Total Cost": 1.55,"Plan Rows": 3,"Plan Width": 8,"Actual Startup Time": 0.017,"Actual Total Time": 0.041,"Actual Rows": 2,"Actual Loops": 30197,"Index Cond": "(o_custkey = customer.c_custkey)","Rows Removed by Index Recheck": 0,"Filter": "((o_orderdate >= '1996-01-01'::date) AND (o_orderdate < '1997-01-01 00:00:00'::timestamp without time zone))","Rows Removed by Filter": 9,"Workers": []}]},{"Node Type": "Index Scan","Parent Relationship": "Inner","Parallel Aware": false,"Async Capable": false,"Scan Direction": "Forward","Index Name": "idx_lineitem_orderkey","Relation Name": "lineitem","Alias": "lineitem","Startup Cost": 0.43,"Total Cost": 2.84,"Plan Rows": 17,"Plan Width": 20,"Actual Startup Time": 0.017,"Actual Total Time": 0.020,"Actual Rows": 4,"Actual Loops": 46518,"Index Cond": "(l_orderkey = orders.o_orderkey)","Rows Removed by Index Recheck": 0,"Workers": []}]},{"Node Type": "Hash","Parent Relationship": "Inner","Parallel Aware": false,"Async Capable": false,"Startup Cost": 322.00,"Total Cost": 322.00,"Plan Rows": 10000,"Plan Width": 8,"Actual Startup Time": 8.337,"Actual Total Time": 8.340,"Actual Rows": 10000,"Actual Loops": 3,"Hash Buckets": 16384,"Original Hash Buckets": 16384,"Hash Batches": 1,"Original Hash Batches": 1,"Peak Memory Usage": 519,"Workers": [],"Plans": [{"Node Type": "Seq Scan","Parent Relationship": "Outer","Parallel Aware": false,"Async Capable": false,"Relation Name": "supplier","Alias": "supplier","Startup Cost": 0.00,"Total Cost": 322.00,"Plan Rows": 10000,"Plan Width": 8,"Actual Startup Time": 0.039,"Actual Total Time": 6.479,"Actual Rows": 10000,"Actual Loops": 3,"Workers": []}]}]}]}]}]}]}]},"Planning Time": 9.377,"Triggers": [],"Execution Time": 881.912}]
[{"Plan": {"Node Type": "Sort","Parallel Aware": false,"Async Capable": false,"Startup Cost": 21616.39,"Total Cost": 21616.45,"Plan Rows": 25,"Plan Width": 136,"Actual Startup Time": 804.800,"Actual Total Time": 836.793,"Actual Rows": 5,"Actual Loops": 1,"Sort Key": ["(sum((lineitem.l_extendedprice * ('1'::numeric - lineitem.l_discount)))) DESC"],"Sort Method": "quicksort","Sort Space Used": 25,"Sort Space Type": "Memory","Plans": [{"Node Type": "Aggregate","Strategy": "Sorted","Partial Mode": "Finalize","Parent Relationship": "Outer","Parallel Aware": false,"Async Capable": false,"Startup Cost": 21601.33,"Total Cost": 21615.81,"Plan Rows": 25,"Plan Width": 136,"Actual Startup Time": 804.196,"Actual Total Time": 836.738,"Actual Rows": 5,"Actual Loops": 1,"Group Key": ["nation.n_name"],"Plans": [{"Node Type": "Gather Merge","Parent Relationship": "Outer","Parallel Aware": false,"Async Capable": false,"Startup Cost": 21601.33,"Total Cost": 21615.12,"Plan Rows": 50,"Plan Width": 136,"Actual Startup Time": 803.537,"Actual Total Time": 836.675,"Actual Rows": 15,"Actual Loops": 1,"Workers Planned": 2,"Workers Launched": 2,"Plans": [{"Node Type": "Aggregate","Strategy": "Sorted","Partial Mode": "Partial","Parent Relationship": "Outer","Parallel Aware": false,"Async Capable": false,"Startup Cost": 20601.30,"Total Cost": 20609.33,"Plan Rows": 25,"Plan Width": 136,"Actual Startup Time": 795.499,"Actual Total Time": 796.369,"Actual Rows": 5,"Actual Loops": 3,"Group Key": ["nation.n_name"],"Workers": [],"Plans": [{"Node Type": "Sort","Parent Relationship": "Outer","Parallel Aware": false,"Async Capable": false,"Startup Cost": 20601.30,"Total Cost": 20602.85,"Plan Rows": 617,"Plan Width": 116,"Actual Startup Time": 795.285,"Actual Total Time": 795.436,"Actual Rows": 2498,"Actual Loops": 3,"Sort Key": ["nation.n_name"],"Sort Method": "quicksort","Sort Space Used": 299,"Sort Space Type": "Memory","Workers": [{"Worker Number": 0,"Sort Method": "quicksort","Sort Space Used": 291,"Sort Space Type": "Memory"},{"Worker Number": 1,"Sort Method": "quicksort","Sort Space Used": 284,"Sort Space Type": "Memory"}],"Plans": [{"Node Type": "Hash Join","Parent Relationship": "Outer","Parallel Aware": false,"Async Capable": false,"Join Type": "Inner","Startup Cost": 475.27,"Total Cost": 20572.71,"Plan Rows": 617,"Plan Width": 116,"Actual Startup Time": 14.014,"Actual Total Time": 793.817,"Actual Rows": 2498,"Actual Loops": 3,"Inner Unique": true,"Hash Cond": "((lineitem.l_suppkey = supplier.s_suppkey) AND (customer.c_nationkey = supplier.s_nationkey))","Workers": [],"Plans": [{"Node Type": "Nested Loop","Parent Relationship": "Outer","Parallel Aware": false,"Async Capable": false,"Join Type": "Inner","Startup Cost": 3.27,"Total Cost": 20019.70,"Plan Rows": 15431,"Plan Width": 128,"Actual Startup Time": 0.837,"Actual Total Time": 749.002,"Actual Rows": 60742,"Actual Loops": 3,"Inner Unique": false,"Workers": [],"Plans": [{"Node Type": "Nested Loop","Parent Relationship": "Outer","Parallel Aware": false,"Async Capable": false,"Join Type": "Inner","Startup Cost": 2.84,"Total Cost": 8414.26,"Plan Rows": 3857,"Plan Width": 116,"Actual Startup Time": 0.706,"Actual Total Time": 447.815,"Actual Rows": 15183,"Actual Loops": 3,"Inner Unique": false,"Workers": [],"Plans": [{"Node Type": "Hash Join","Parent Relationship": "Outer","Parallel Aware": false,"Async Capable": false,"Join Type": "Inner","Startup Cost": 2.41,"Total Cost": 4471.79,"Plan Rows": 2500,"Plan Width": 116,"Actual Startup Time": 0.258,"Actual Total Time": 55.848,"Actual Rows": 9984,"Actual Loops": 3,"Inner Unique": false,"Hash Cond": "(customer.c_nationkey = nation.n_nationkey)","Workers": [],"Plans": [{"Node Type": "Seq Scan","Parent Relationship": "Outer","Parallel Aware": true,"Async Capable": false,"Relation Name": "customer","Alias": "customer","Startup Cost": 0.00,"Total Cost": 4210.00,"Plan Rows": 62500,"Plan Width": 8,"Actual Startup Time": 0.017,"Actual Total Time": 9.503,"Actual Rows": 50000,"Actual Loops": 3,"Workers": []},{"Node Type": "Hash","Parent Relationship": "Inner","Parallel Aware": false,"Async Capable": false,"Startup Cost": 2.40,"Total Cost": 2.40,"Plan Rows": 1,"Plan Width": 108,"Actual Startup Time": 0.153,"Actual Total Time": 0.178,"Actual Rows": 5,"Actual Loops": 3,"Hash Buckets": 1024,"Original Hash Buckets": 1024,"Hash Batches": 1,"Original Hash Batches": 1,"Peak Memory Usage": 9,"Workers": [],"Plans": [{"Node Type": "Hash Join","Parent Relationship": "Outer","Parallel Aware": false,"Async Capable": false,"Join Type": "Inner","Startup Cost": 1.07,"Total Cost": 2.40,"Plan Rows": 1,"Plan Width": 108,"Actual Startup Time": 0.136,"Actual Total Time": 0.167,"Actual Rows": 5,"Actual Loops": 3,"Inner Unique": true,"Hash Cond": "(nation.n_regionkey = region.r_regionkey)","Workers": [],"Plans": [{"Node Type": "Seq Scan","Parent Relationship": "Outer","Parallel Aware": false,"Async Capable": false,"Relation Name": "nation","Alias": "nation","Startup Cost": 0.00,"Total Cost": 1.25,"Plan Rows": 25,"Plan Width": 112,"Actual Startup Time": 0.055,"Actual Total Time": 0.059,"Actual Rows": 25,"Actual Loops": 3,"Workers": []},{"Node Type": "Hash","Parent Relationship": "Inner","Parallel Aware": false,"Async Capable": false,"Startup Cost": 1.06,"Total Cost": 1.06,"Plan Rows": 1,"Plan Width": 4,"Actual Startup Time": 0.050,"Actual Total Time": 0.057,"Actual Rows": 1,"Actual Loops": 3,"Hash Buckets": 1024,"Original Hash Buckets": 1024,"Hash Batches": 1,"Original Hash Batches": 1,"Peak Memory Usage": 9,"Workers": [],"Plans": [{"Node Type": "Seq Scan","Parent Relationship": "Outer","Parallel Aware": false,"Async Capable": false,"Relation Name": "region","Alias": "region","Startup Cost": 0.00,"Total Cost": 1.06,"Plan Rows": 1,"Plan Width": 4,"Actual Startup Time": 0.036,"Actual Total Time": 0.039,"Actual Rows": 1,"Actual Loops": 3,"Filter": "(r_name = 'AMERICA'::bpchar)","Rows Removed by Filter": 4,"Workers": []}]}]}]}]},{"Node Type": "Index Scan","Parent Relationship": "Inner","Parallel Aware": false,"Async Capable": false,"Scan Direction": "Forward","Index Name": "idx_orders_custkey","Relation Name": "orders","Alias": "orders","Startup Cost": 0.43,"Total Cost": 1.55,"Plan Rows": 3,"Plan Width": 8,"Actual Startup Time": 0.017,"Actual Total Time": 0.039,"Actual Rows": 2,"Actual Loops": 29952,"Index Cond": "(o_custkey = customer.c_custkey)","Rows Removed by Index Recheck": 0,"Filter": "((o_orderdate >= '1996-01-01'::date) AND (o_orderdate < '1997-01-01 00:00:00'::timestamp without time zone))","Rows Removed by Filter": 8,"Workers": []}]},{"Node Type": "Index Scan","Parent Relationship": "Inner","Parallel Aware": false,"Async Capable": false,"Scan Direction": "Forward","Index Name": "idx_lineitem_orderkey","Relation Name": "lineitem","Alias": "lineitem","Startup Cost": 0.43,"Total Cost": 2.84,"Plan Rows": 17,"Plan Width": 20,"Actual Startup Time": 0.016,"Actual Total Time": 0.019,"Actual Rows": 4,"Actual Loops": 45549,"Index Cond": "(l_orderkey = orders.o_orderkey)","Rows Removed by Index Recheck": 0,"Workers": []}]},{"Node Type": "Hash","Parent Relationship": "Inner","Parallel Aware": false,"Async Capable": false,"Startup Cost": 322.00,"Total Cost": 322.00,"Plan Rows": 10000,"Plan Width": 8,"Actual Startup Time": 12.297,"Actual Total Time": 12.301,"Actual Rows": 10000,"Actual Loops": 3,"Hash Buckets": 16384,"Original Hash Buckets": 16384,"Hash Batches": 1,"Original Hash Batches": 1,"Peak Memory Usage": 519,"Workers": [],"Plans": [{"Node Type": "Seq Scan","Parent Relationship": "Outer","Parallel Aware": false,"Async Capable": false,"Relation Name": "supplier","Alias": "supplier","Startup Cost": 0.00,"Total Cost": 322.00,"Plan Rows": 10000,"Plan Width": 8,"Actual Startup Time": 0.045,"Actual Total Time": 10.666,"Actual Rows": 10000,"Actual Loops": 3,"Workers": []}]}]}]}]}]}]}]},"Planning Time": 9.455,"Triggers": [],"Execution Time": 837.268}]
[{"Plan": {"Node Type": "Sort","Parallel Aware": false,"Async Capable": false,"Startup Cost": 21522.30,"Total Cost": 21522.36,"Plan Rows": 25,"Plan Width": 136,"Actual Startup Time": 808.723,"Actual Total Time": 839.996,"Actual Rows": 5,"Actual Loops": 1,"Sort Key": ["(sum((lineitem.l_extendedprice * ('1'::numeric - lineitem.l_discount)))) DESC"],"Sort Method": "quicksort","Sort Space Used": 25,"Sort Space Type": "Memory","Plans": [{"Node Type": "Aggregate","Strategy": "Sorted","Partial Mode": "Finalize","Parent Relationship": "Outer","Parallel Aware": false,"Async Capable": false,"Startup Cost": 21507.43,"Total Cost": 21521.72,"Plan Rows": 25,"Plan Width": 136,"Actual Startup Time": 808.168,"Actual Total Time": 839.947,"Actual Rows": 5,"Actual Loops": 1,"Group Key": ["nation.n_name"],"Plans": [{"Node Type": "Gather Merge","Parent Relationship": "Outer","Parallel Aware": false,"Async Capable": false,"Startup Cost": 21507.43,"Total Cost": 21521.03,"Plan Rows": 50,"Plan Width": 136,"Actual Startup Time": 807.495,"Actual Total Time": 839.892,"Actual Rows": 15,"Actual Loops": 1,"Workers Planned": 2,"Workers Launched": 2,"Plans": [{"Node Type": "Aggregate","Strategy": "Sorted","Partial Mode": "Partial","Parent Relationship": "Outer","Parallel Aware": false,"Async Capable": false,"Startup Cost": 20507.41,"Total Cost": 20515.23,"Plan Rows": 25,"Plan Width": 136,"Actual Startup Time": 799.534,"Actual Total Time": 800.383,"Actual Rows": 5,"Actual Loops": 3,"Group Key": ["nation.n_name"],"Workers": [],"Plans": [{"Node Type": "Sort","Parent Relationship": "Outer","Parallel Aware": false,"Async Capable": false,"Startup Cost": 20507.41,"Total Cost": 20508.91,"Plan Rows": 601,"Plan Width": 116,"Actual Startup Time": 799.319,"Actual Total Time": 799.466,"Actual Rows": 2431,"Actual Loops": 3,"Sort Key": ["nation.n_name"],"Sort Method": "quicksort","Sort Space Used": 290,"Sort Space Type": "Memory","Workers": [{"Worker Number": 0,"Sort Method": "quicksort","Sort Space Used": 286,"Sort Space Type": "Memory"},{"Worker Number": 1,"Sort Method": "quicksort","Sort Space Used": 283,"Sort Space Type": "Memory"}],"Plans": [{"Node Type": "Hash Join","Parent Relationship": "Outer","Parallel Aware": false,"Async Capable": false,"Join Type": "Inner","Startup Cost": 475.27,"Total Cost": 20479.67,"Plan Rows": 601,"Plan Width": 116,"Actual Startup Time": 15.141,"Actual Total Time": 797.817,"Actual Rows": 2431,"Actual Loops": 3,"Inner Unique": true,"Hash Cond": "((lineitem.l_suppkey = supplier.s_suppkey) AND (customer.c_nationkey = supplier.s_nationkey))","Workers": [],"Plans": [{"Node Type": "Nested Loop","Parent Relationship": "Outer","Parallel Aware": false,"Async Capable": false,"Join Type": "Inner","Startup Cost": 3.27,"Total Cost": 19928.78,"Plan Rows": 15027,"Plan Width": 128,"Actual Startup Time": 0.731,"Actual Total Time": 752.135,"Actual Rows": 59947,"Actual Loops": 3,"Inner Unique": false,"Workers": [],"Plans": [{"Node Type": "Nested Loop","Parent Relationship": "Outer","Parallel Aware": false,"Async Capable": false,"Join Type": "Inner","Startup Cost": 2.84,"Total Cost": 8414.26,"Plan Rows": 3756,"Plan Width": 116,"Actual Startup Time": 0.592,"Actual Total Time": 450.459,"Actual Rows": 14972,"Actual Loops": 3,"Inner Unique": false,"Workers": [],"Plans": [{"Node Type": "Hash Join","Parent Relationship": "Outer","Parallel Aware": false,"Async Capable": false,"Join Type": "Inner","Startup Cost": 2.41,"Total Cost": 4471.79,"Plan Rows": 2500,"Plan Width": 116,"Actual Startup Time": 0.291,"Actual Total Time": 55.680,"Actual Rows": 9968,"Actual Loops": 3,"Inner Unique": false,"Hash Cond": "(customer.c_nationkey = nation.n_nationkey)","Workers": [],"Plans": [{"Node Type": "Seq Scan","Parent Relationship": "Outer","Parallel Aware": true,"Async Capable": false,"Relation Name": "customer","Alias": "customer","Startup Cost": 0.00,"Total Cost": 4210.00,"Plan Rows": 62500,"Plan Width": 8,"Actual Startup Time": 0.021,"Actual Total Time": 9.583,"Actual Rows": 50000,"Actual Loops": 3,"Workers": []},{"Node Type": "Hash","Parent Relationship": "Inner","Parallel Aware": false,"Async Capable": false,"Startup Cost": 2.40,"Total Cost": 2.40,"Plan Rows": 1,"Plan Width": 108,"Actual Startup Time": 0.165,"Actual Total Time": 0.187,"Actual Rows": 5,"Actual Loops": 3,"Hash Buckets": 1024,"Original Hash Buckets": 1024,"Hash Batches": 1,"Original Hash Batches": 1,"Peak Memory Usage": 9,"Workers": [],"Plans": [{"Node Type": "Hash Join","Parent Relationship": "Outer","Parallel Aware": false,"Async Capable": false,"Join Type": "Inner","Startup Cost": 1.07,"Total Cost": 2.40,"Plan Rows": 1,"Plan Width": 108,"Actual Startup Time": 0.151,"Actual Total Time": 0.177,"Actual Rows": 5,"Actual Loops": 3,"Inner Unique": true,"Hash Cond": "(nation.n_regionkey = region.r_regionkey)","Workers": [],"Plans": [{"Node Type": "Seq Scan","Parent Relationship": "Outer","Parallel Aware": false,"Async Capable": false,"Relation Name": "nation","Alias": "nation","Startup Cost": 0.00,"Total Cost": 1.25,"Plan Rows": 25,"Plan Width": 112,"Actual Startup Time": 0.067,"Actual Total Time": 0.072,"Actual Rows": 25,"Actual Loops": 3,"Workers": []},{"Node Type": "Hash","Parent Relationship": "Inner","Parallel Aware": false,"Async Capable": false,"Startup Cost": 1.06,"Total Cost": 1.06,"Plan Rows": 1,"Plan Width": 4,"Actual Startup Time": 0.055,"Actual Total Time": 0.063,"Actual Rows": 1,"Actual Loops": 3,"Hash Buckets": 1024,"Original Hash Buckets": 1024,"Hash Batches": 1,"Original Hash Batches": 1,"Peak Memory Usage": 9,"Workers": [],"Plans": [{"Node Type": "Seq Scan","Parent Relationship": "Outer","Parallel Aware": false,"Async Capable": false,"Relation Name": "region","Alias": "region","Startup Cost": 0.00,"Total Cost": 1.06,"Plan Rows": 1,"Plan Width": 4,"Actual Startup Time": 0.042,"Actual Total Time": 0.044,"Actual Rows": 1,"Actual Loops": 3,"Filter": "(r_name = 'MIDDLE EAST'::bpchar)","Rows Removed by Filter": 4,"Workers": []}]}]}]}]},{"Node Type": "Index Scan","Parent Relationship": "Inner","Parallel Aware": false,"Async Capable": false,"Scan Direction": "Forward","Index Name": "idx_orders_custkey","Relation Name": "orders","Alias": "orders","Startup Cost": 0.43,"Total Cost": 1.55,"Plan Rows": 3,"Plan Width": 8,"Actual Startup Time": 0.017,"Actual Total Time": 0.039,"Actual Rows": 2,"Actual Loops": 29904,"Index Cond": "(o_custkey = customer.c_custkey)","Rows Removed by Index Recheck": 0,"Filter": "((o_orderdate >= '1993-01-01'::date) AND (o_orderdate < '1994-01-01 00:00:00'::timestamp without time zone))","Rows Removed by Filter": 8,"Workers": []}]},{"Node Type": "Index Scan","Parent Relationship": "Inner","Parallel Aware": false,"Async Capable": false,"Scan Direction": "Forward","Index Name": "idx_lineitem_orderkey","Relation Name": "lineitem","Alias": "lineitem","Startup Cost": 0.43,"Total Cost": 2.90,"Plan Rows": 17,"Plan Width": 20,"Actual Startup Time": 0.017,"Actual Total Time": 0.019,"Actual Rows": 4,"Actual Loops": 44917,"Index Cond": "(l_orderkey = orders.o_orderkey)","Rows Removed by Index Recheck": 0,"Workers": []}]},{"Node Type": "Hash","Parent Relationship": "Inner","Parallel Aware": false,"Async Capable": false,"Startup Cost": 322.00,"Total Cost": 322.00,"Plan Rows": 10000,"Plan Width": 8,"Actual Startup Time": 13.351,"Actual Total Time": 13.355,"Actual Rows": 10000,"Actual Loops": 3,"Hash Buckets": 16384,"Original Hash Buckets": 16384,"Hash Batches": 1,"Original Hash Batches": 1,"Peak Memory Usage": 519,"Workers": [],"Plans": [{"Node Type": "Seq Scan","Parent Relationship": "Outer","Parallel Aware": false,"Async Capable": false,"Relation Name": "supplier","Alias": "supplier","Startup Cost": 0.00,"Total Cost": 322.00,"Plan Rows": 10000,"Plan Width": 8,"Actual Startup Time": 0.056,"Actual Total Time": 11.541,"Actual Rows": 10000,"Actual Loops": 3,"Workers": []}]}]}]}]}]}]}]},"Planning Time": 9.915,"Triggers": [],"Execution Time": 840.541}]
[{"Plan": {"Node Type": "Sort","Parallel Aware": false,"Async Capable": false,"Startup Cost": 21565.24,"Total Cost": 21565.30,"Plan Rows": 25,"Plan Width": 136,"Actual Startup Time": 829.883,"Actual Total Time": 862.581,"Actual Rows": 5,"Actual Loops": 1,"Sort Key": ["(sum((lineitem.l_extendedprice * ('1'::numeric - lineitem.l_discount)))) DESC"],"Sort Method": "quicksort","Sort Space Used": 25,"Sort Space Type": "Memory","Plans": [{"Node Type": "Aggregate","Strategy": "Sorted","Partial Mode": "Finalize","Parent Relationship": "Outer","Parallel Aware": false,"Async Capable": false,"Startup Cost": 21550.29,"Total Cost": 21564.66,"Plan Rows": 25,"Plan Width": 136,"Actual Startup Time": 829.271,"Actual Total Time": 862.532,"Actual Rows": 5,"Actual Loops": 1,"Group Key": ["nation.n_name"],"Plans": [{"Node Type": "Gather Merge","Parent Relationship": "Outer","Parallel Aware": false,"Async Capable": false,"Startup Cost": 21550.29,"Total Cost": 21563.97,"Plan Rows": 50,"Plan Width": 136,"Actual Startup Time": 829.074,"Actual Total Time": 862.478,"Actual Rows": 15,"Actual Loops": 1,"Workers Planned": 2,"Workers Launched": 2,"Plans": [{"Node Type": "Aggregate","Strategy": "Sorted","Partial Mode": "Partial","Parent Relationship": "Outer","Parallel Aware": false,"Async Capable": false,"Startup Cost": 20550.26,"Total Cost": 20558.18,"Plan Rows": 25,"Plan Width": 136,"Actual Startup Time": 821.816,"Actual Total Time": 822.538,"Actual Rows": 5,"Actual Loops": 3,"Group Key": ["nation.n_name"],"Workers": [],"Plans": [{"Node Type": "Sort","Parent Relationship": "Outer","Parallel Aware": false,"Async Capable": false,"Startup Cost": 20550.26,"Total Cost": 20551.78,"Plan Rows": 608,"Plan Width": 116,"Actual Startup Time": 821.604,"Actual Total Time": 821.730,"Actual Rows": 2468,"Actual Loops": 3,"Sort Key": ["nation.n_name"],"Sort Method": "quicksort","Sort Space Used": 285,"Sort Space Type": "Memory","Workers": [{"Worker Number": 0,"Sort Method": "quicksort","Sort Space Used": 293,"Sort Space Type": "Memory"},{"Worker Number": 1,"Sort Method": "quicksort","Sort Space Used": 290,"Sort Space Type": "Memory"}],"Plans": [{"Node Type": "Hash Join","Parent Relationship": "Outer","Parallel Aware": false,"Async Capable": false,"Join Type": "Inner","Startup Cost": 475.27,"Total Cost": 20522.15,"Plan Rows": 608,"Plan Width": 116,"Actual Startup Time": 10.349,"Actual Total Time": 819.988,"Actual Rows": 2468,"Actual Loops": 3,"Inner Unique": true,"Hash Cond": "((lineitem.l_suppkey = supplier.s_suppkey) AND (customer.c_nationkey = supplier.s_nationkey))","Workers": [],"Plans": [{"Node Type": "Nested Loop","Parent Relationship": "Outer","Parallel Aware": false,"Async Capable": false,"Join Type": "Inner","Startup Cost": 3.27,"Total Cost": 19970.29,"Plan Rows": 15211,"Plan Width": 128,"Actual Startup Time": 0.787,"Actual Total Time": 773.951,"Actual Rows": 61461,"Actual Loops": 3,"Inner Unique": false,"Workers": [],"Plans": [{"Node Type": "Nested Loop","Parent Relationship": "Outer","Parallel Aware": false,"Async Capable": false,"Join Type": "Inner","Startup Cost": 2.84,"Total Cost": 8414.26,"Plan Rows": 3802,"Plan Width": 116,"Actual Startup Time": 0.651,"Actual Total Time": 459.932,"Actual Rows": 15399,"Actual Loops": 3,"Inner Unique": false,"Workers": [],"Plans": [{"Node Type": "Hash Join","Parent Relationship": "Outer","Parallel Aware": false,"Async Capable": false,"Join Type": "Inner","Startup Cost": 2.41,"Total Cost": 4471.79,"Plan Rows": 2500,"Plan Width": 116,"Actual Startup Time": 0.245,"Actual Total Time": 55.063,"Actual Rows": 10066,"Actual Loops": 3,"Inner Unique": false,"Hash Cond": "(customer.c_nationkey = nation.n_nationkey)","Workers": [],"Plans": [{"Node Type": "Seq Scan","Parent Relationship": "Outer","Parallel Aware": true,"Async Capable": false,"Relation Name": "customer","Alias": "customer","Startup Cost": 0.00,"Total Cost": 4210.00,"Plan Rows": 62500,"Plan Width": 8,"Actual Startup Time": 0.014,"Actual Total Time": 9.571,"Actual Rows": 50000,"Actual Loops": 3,"Workers": []},{"Node Type": "Hash","Parent Relationship": "Inner","Parallel Aware": false,"Async Capable": false,"Startup Cost": 2.40,"Total Cost": 2.40,"Plan Rows": 1,"Plan Width": 108,"Actual Startup Time": 0.139,"Actual Total Time": 0.155,"Actual Rows": 5,"Actual Loops": 3,"Hash Buckets": 1024,"Original Hash Buckets": 1024,"Hash Batches": 1,"Original Hash Batches": 1,"Peak Memory Usage": 9,"Workers": [],"Plans": [{"Node Type": "Hash Join","Parent Relationship": "Outer","Parallel Aware": false,"Async Capable": false,"Join Type": "Inner","Startup Cost": 1.07,"Total Cost": 2.40,"Plan Rows": 1,"Plan Width": 108,"Actual Startup Time": 0.126,"Actual Total Time": 0.145,"Actual Rows": 5,"Actual Loops": 3,"Inner Unique": true,"Hash Cond": "(nation.n_regionkey = region.r_regionkey)","Workers": [],"Plans": [{"Node Type": "Seq Scan","Parent Relationship": "Outer","Parallel Aware": false,"Async Capable": false,"Relation Name": "nation","Alias": "nation","Startup Cost": 0.00,"Total Cost": 1.25,"Plan Rows": 25,"Plan Width": 112,"Actual Startup Time": 0.043,"Actual Total Time": 0.047,"Actual Rows": 25,"Actual Loops": 3,"Workers": []},{"Node Type": "Hash","Parent Relationship": "Inner","Parallel Aware": false,"Async Capable": false,"Startup Cost": 1.06,"Total Cost": 1.06,"Plan Rows": 1,"Plan Width": 4,"Actual Startup Time": 0.051,"Actual Total Time": 0.056,"Actual Rows": 1,"Actual Loops": 3,"Hash Buckets": 1024,"Original Hash Buckets": 1024,"Hash Batches": 1,"Original Hash Batches": 1,"Peak Memory Usage": 9,"Workers": [],"Plans": [{"Node Type": "Seq Scan","Parent Relationship": "Outer","Parallel Aware": false,"Async Capable": false,"Relation Name": "region","Alias": "region","Startup Cost": 0.00,"Total Cost": 1.06,"Plan Rows": 1,"Plan Width": 4,"Actual Startup Time": 0.037,"Actual Total Time": 0.039,"Actual Rows": 1,"Actual Loops": 3,"Filter": "(r_name = 'EUROPE'::bpchar)","Rows Removed by Filter": 4,"Workers": []}]}]}]}]},{"Node Type": "Index Scan","Parent Relationship": "Inner","Parallel Aware": false,"Async Capable": false,"Scan Direction": "Forward","Index Name": "idx_orders_custkey","Relation Name": "orders","Alias": "orders","Startup Cost": 0.43,"Total Cost": 1.55,"Plan Rows": 3,"Plan Width": 8,"Actual Startup Time": 0.017,"Actual Total Time": 0.040,"Actual Rows": 2,"Actual Loops": 30197,"Index Cond": "(o_custkey = customer.c_custkey)","Rows Removed by Index Recheck": 0,"Filter": "((o_orderdate >= '1995-01-01'::date) AND (o_orderdate < '1996-01-01 00:00:00'::timestamp without time zone))","Rows Removed by Filter": 9,"Workers": []}]},{"Node Type": "Index Scan","Parent Relationship": "Inner","Parallel Aware": false,"Async Capable": false,"Scan Direction": "Forward","Index Name": "idx_lineitem_orderkey","Relation Name": "lineitem","Alias": "lineitem","Startup Cost": 0.43,"Total Cost": 2.87,"Plan Rows": 17,"Plan Width": 20,"Actual Startup Time": 0.017,"Actual Total Time": 0.020,"Actual Rows": 4,"Actual Loops": 46197,"Index Cond": "(l_orderkey = orders.o_orderkey)","Rows Removed by Index Recheck": 0,"Workers": []}]},{"Node Type": "Hash","Parent Relationship": "Inner","Parallel Aware": false,"Async Capable": false,"Startup Cost": 322.00,"Total Cost": 322.00,"Plan Rows": 10000,"Plan Width": 8,"Actual Startup Time": 8.644,"Actual Total Time": 8.648,"Actual Rows": 10000,"Actual Loops": 3,"Hash Buckets": 16384,"Original Hash Buckets": 16384,"Hash Batches": 1,"Original Hash Batches": 1,"Peak Memory Usage": 519,"Workers": [],"Plans": [{"Node Type": "Seq Scan","Parent Relationship": "Outer","Parallel Aware": false,"Async Capable": false,"Relation Name": "supplier","Alias": "supplier","Startup Cost": 0.00,"Total Cost": 322.00,"Plan Rows": 10000,"Plan Width": 8,"Actual Startup Time": 0.045,"Actual Total Time": 6.681,"Actual Rows": 10000,"Actual Loops": 3,"Workers": []}]}]}]}]}]}]}]},"Planning Time": 10.340,"Triggers": [],"Execution Time": 863.182}]
[{"Plan": {"Node Type": "Sort","Parallel Aware": false,"Async Capable": false,"Startup Cost": 21522.30,"Total Cost": 21522.36,"Plan Rows": 25,"Plan Width": 136,"Actual Startup Time": 815.371,"Actual Total Time": 846.364,"Actual Rows": 5,"Actual Loops": 1,"Sort Key": ["(sum((lineitem.l_extendedprice * ('1'::numeric - lineitem.l_discount)))) DESC"],"Sort Method": "quicksort","Sort Space Used": 25,"Sort Space Type": "Memory","Plans": [{"Node Type": "Aggregate","Strategy": "Sorted","Partial Mode": "Finalize","Parent Relationship": "Outer","Parallel Aware": false,"Async Capable": false,"Startup Cost": 21507.43,"Total Cost": 21521.72,"Plan Rows": 25,"Plan Width": 136,"Actual Startup Time": 814.708,"Actual Total Time": 846.319,"Actual Rows": 5,"Actual Loops": 1,"Group Key": ["nation.n_name"],"Plans": [{"Node Type": "Gather Merge","Parent Relationship": "Outer","Parallel Aware": false,"Async Capable": false,"Startup Cost": 21507.43,"Total Cost": 21521.03,"Plan Rows": 50,"Plan Width": 136,"Actual Startup Time": 814.181,"Actual Total Time": 846.266,"Actual Rows": 15,"Actual Loops": 1,"Workers Planned": 2,"Workers Launched": 2,"Plans": [{"Node Type": "Aggregate","Strategy": "Sorted","Partial Mode": "Partial","Parent Relationship": "Outer","Parallel Aware": false,"Async Capable": false,"Startup Cost": 20507.41,"Total Cost": 20515.23,"Plan Rows": 25,"Plan Width": 136,"Actual Startup Time": 806.060,"Actual Total Time": 806.902,"Actual Rows": 5,"Actual Loops": 3,"Group Key": ["nation.n_name"],"Workers": [],"Plans": [{"Node Type": "Sort","Parent Relationship": "Outer","Parallel Aware": false,"Async Capable": false,"Startup Cost": 20507.41,"Total Cost": 20508.91,"Plan Rows": 601,"Plan Width": 116,"Actual Startup Time": 805.845,"Actual Total Time": 805.988,"Actual Rows": 2405,"Actual Loops": 3,"Sort Key": ["nation.n_name"],"Sort Method": "quicksort","Sort Space Used": 288,"Sort Space Type": "Memory","Workers": [{"Worker Number": 0,"Sort Method": "quicksort","Sort Space Used": 282,"Sort Space Type": "Memory"},{"Worker Number": 1,"Sort Method": "quicksort","Sort Space Used": 284,"Sort Space Type": "Memory"}],"Plans": [{"Node Type": "Hash Join","Parent Relationship": "Outer","Parallel Aware": false,"Async Capable": false,"Join Type": "Inner","Startup Cost": 475.27,"Total Cost": 20479.67,"Plan Rows": 601,"Plan Width": 116,"Actual Startup Time": 14.857,"Actual Total Time": 804.339,"Actual Rows": 2405,"Actual Loops": 3,"Inner Unique": true,"Hash Cond": "((lineitem.l_suppkey = supplier.s_suppkey) AND (customer.c_nationkey = supplier.s_nationkey))","Workers": [],"Plans": [{"Node Type": "Nested Loop","Parent Relationship": "Outer","Parallel Aware": false,"Async Capable": false,"Join Type": "Inner","Startup Cost": 3.27,"Total Cost": 19928.78,"Plan Rows": 15027,"Plan Width": 128,"Actual Startup Time": 0.928,"Actual Total Time": 758.714,"Actual Rows": 60519,"Actual Loops": 3,"Inner Unique": false,"Workers": [],"Plans": [{"Node Type": "Nested Loop","Parent Relationship": "Outer","Parallel Aware": false,"Async Capable": false,"Join Type": "Inner","Startup Cost": 2.84,"Total Cost": 8414.26,"Plan Rows": 3756,"Plan Width": 116,"Actual Startup Time": 0.799,"Actual Total Time": 454.413,"Actual Rows": 15151,"Actual Loops": 3,"Inner Unique": false,"Workers": [],"Plans": [{"Node Type": "Hash Join","Parent Relationship": "Outer","Parallel Aware": false,"Async Capable": false,"Join Type": "Inner","Startup Cost": 2.41,"Total Cost": 4471.79,"Plan Rows": 2500,"Plan Width": 116,"Actual Startup Time": 0.321,"Actual Total Time": 54.810,"Actual Rows": 10061,"Actual Loops": 3,"Inner Unique": false,"Hash Cond": "(customer.c_nationkey = nation.n_nationkey)","Workers": [],"Plans": [{"Node Type": "Seq Scan","Parent Relationship": "Outer","Parallel Aware": true,"Async Capable": false,"Relation Name": "customer","Alias": "customer","Startup Cost": 0.00,"Total Cost": 4210.00,"Plan Rows": 62500,"Plan Width": 8,"Actual Startup Time": 0.016,"Actual Total Time": 9.647,"Actual Rows": 50000,"Actual Loops": 3,"Workers": []},{"Node Type": "Hash","Parent Relationship": "Inner","Parallel Aware": false,"Async Capable": false,"Startup Cost": 2.40,"Total Cost": 2.40,"Plan Rows": 1,"Plan Width": 108,"Actual Startup Time": 0.190,"Actual Total Time": 0.209,"Actual Rows": 5,"Actual Loops": 3,"Hash Buckets": 1024,"Original Hash Buckets": 1024,"Hash Batches": 1,"Original Hash Batches": 1,"Peak Memory Usage": 9,"Workers": [],"Plans": [{"Node Type": "Hash Join","Parent Relationship": "Outer","Parallel Aware": false,"Async Capable": false,"Join Type": "Inner","Startup Cost": 1.07,"Total Cost": 2.40,"Plan Rows": 1,"Plan Width": 108,"Actual Startup Time": 0.173,"Actual Total Time": 0.196,"Actual Rows": 5,"Actual Loops": 3,"Inner Unique": true,"Hash Cond": "(nation.n_regionkey = region.r_regionkey)","Workers": [],"Plans": [{"Node Type": "Seq Scan","Parent Relationship": "Outer","Parallel Aware": false,"Async Capable": false,"Relation Name": "nation","Alias": "nation","Startup Cost": 0.00,"Total Cost": 1.25,"Plan Rows": 25,"Plan Width": 112,"Actual Startup Time": 0.080,"Actual Total Time": 0.084,"Actual Rows": 25,"Actual Loops": 3,"Workers": []},{"Node Type": "Hash","Parent Relationship": "Inner","Parallel Aware": false,"Async Capable": false,"Startup Cost": 1.06,"Total Cost": 1.06,"Plan Rows": 1,"Plan Width": 4,"Actual Startup Time": 0.060,"Actual Total Time": 0.067,"Actual Rows": 1,"Actual Loops": 3,"Hash Buckets": 1024,"Original Hash Buckets": 1024,"Hash Batches": 1,"Original Hash Batches": 1,"Peak Memory Usage": 9,"Workers": [],"Plans": [{"Node Type": "Seq Scan","Parent Relationship": "Outer","Parallel Aware": false,"Async Capable": false,"Relation Name": "region","Alias": "region","Startup Cost": 0.00,"Total Cost": 1.06,"Plan Rows": 1,"Plan Width": 4,"Actual Startup Time": 0.046,"Actual Total Time": 0.049,"Actual Rows": 1,"Actual Loops": 3,"Filter": "(r_name = 'ASIA'::bpchar)","Rows Removed by Filter": 4,"Workers": []}]}]}]}]},{"Node Type": "Index Scan","Parent Relationship": "Inner","Parallel Aware": false,"Async Capable": false,"Scan Direction": "Forward","Index Name": "idx_orders_custkey","Relation Name": "orders","Alias": "orders","Startup Cost": 0.43,"Total Cost": 1.55,"Plan Rows": 3,"Plan Width": 8,"Actual Startup Time": 0.017,"Actual Total Time": 0.039,"Actual Rows": 2,"Actual Loops": 30183,"Index Cond": "(o_custkey = customer.c_custkey)","Rows Removed by Index Recheck": 0,"Filter": "((o_orderdate >= '1993-01-01'::date) AND (o_orderdate < '1994-01-01 00:00:00'::timestamp without time zone))","Rows Removed by Filter": 8,"Workers": []}]},{"Node Type": "Index Scan","Parent Relationship": "Inner","Parallel Aware": false,"Async Capable": false,"Scan Direction": "Forward","Index Name": "idx_lineitem_orderkey","Relation Name": "lineitem","Alias": "lineitem","Startup Cost": 0.43,"Total Cost": 2.90,"Plan Rows": 17,"Plan Width": 20,"Actual Startup Time": 0.017,"Actual Total Time": 0.019,"Actual Rows": 4,"Actual Loops": 45452,"Index Cond": "(l_orderkey = orders.o_orderkey)","Rows Removed by Index Recheck": 0,"Workers": []}]},{"Node Type": "Hash","Parent Relationship": "Inner","Parallel Aware": false,"Async Capable": false,"Startup Cost": 322.00,"Total Cost": 322.00,"Plan Rows": 10000,"Plan Width": 8,"Actual Startup Time": 13.249,"Actual Total Time": 13.253,"Actual Rows": 10000,"Actual Loops": 3,"Hash Buckets": 16384,"Original Hash Buckets": 16384,"Hash Batches": 1,"Original Hash Batches": 1,"Peak Memory Usage": 519,"Workers": [],"Plans": [{"Node Type": "Seq Scan","Parent Relationship": "Outer","Parallel Aware": false,"Async Capable": false,"Relation Name": "supplier","Alias": "supplier","Startup Cost": 0.00,"Total Cost": 322.00,"Plan Rows": 10000,"Plan Width": 8,"Actual Startup Time": 0.061,"Actual Total Time": 11.553,"Actual Rows": 10000,"Actual Loops": 3,"Workers": []}]}]}]}]}]}]}]},"Planning Time": 10.259,"Triggers": [],"Execution Time": 846.817}]
[{"Plan": {"Node Type": "Sort","Parallel Aware": false,"Async Capable": false,"Startup Cost": 21522.30,"Total Cost": 21522.36,"Plan Rows": 25,"Plan Width": 136,"Actual Startup Time": 808.715,"Actual Total Time": 841.103,"Actual Rows": 5,"Actual Loops": 1,"Sort Key": ["(sum((lineitem.l_extendedprice * ('1'::numeric - lineitem.l_discount)))) DESC"],"Sort Method": "quicksort","Sort Space Used": 25,"Sort Space Type": "Memory","Plans": [{"Node Type": "Aggregate","Strategy": "Sorted","Partial Mode": "Finalize","Parent Relationship": "Outer","Parallel Aware": false,"Async Capable": false,"Startup Cost": 21507.43,"Total Cost": 21521.72,"Plan Rows": 25,"Plan Width": 136,"Actual Startup Time": 808.132,"Actual Total Time": 841.051,"Actual Rows": 5,"Actual Loops": 1,"Group Key": ["nation.n_name"],"Plans": [{"Node Type": "Gather Merge","Parent Relationship": "Outer","Parallel Aware": false,"Async Capable": false,"Startup Cost": 21507.43,"Total Cost": 21521.03,"Plan Rows": 50,"Plan Width": 136,"Actual Startup Time": 807.865,"Actual Total Time": 840.993,"Actual Rows": 15,"Actual Loops": 1,"Workers Planned": 2,"Workers Launched": 2,"Plans": [{"Node Type": "Aggregate","Strategy": "Sorted","Partial Mode": "Partial","Parent Relationship": "Outer","Parallel Aware": false,"Async Capable": false,"Startup Cost": 20507.41,"Total Cost": 20515.23,"Plan Rows": 25,"Plan Width": 136,"Actual Startup Time": 800.148,"Actual Total Time": 800.877,"Actual Rows": 5,"Actual Loops": 3,"Group Key": ["nation.n_name"],"Workers": [],"Plans": [{"Node Type": "Sort","Parent Relationship": "Outer","Parallel Aware": false,"Async Capable": false,"Startup Cost": 20507.41,"Total Cost": 20508.91,"Plan Rows": 601,"Plan Width": 116,"Actual Startup Time": 799.927,"Actual Total Time": 800.057,"Actual Rows": 2459,"Actual Loops": 3,"Sort Key": ["nation.n_name"],"Sort Method": "quicksort","Sort Space Used": 287,"Sort Space Type": "Memory","Workers": [{"Worker Number": 0,"Sort Method": "quicksort","Sort Space Used": 292,"Sort Space Type": "Memory"},{"Worker Number": 1,"Sort Method": "quicksort","Sort Space Used": 287,"Sort Space Type": "Memory"}],"Plans": [{"Node Type": "Hash Join","Parent Relationship": "Outer","Parallel Aware": false,"Async Capable": false,"Join Type": "Inner","Startup Cost": 475.27,"Total Cost": 20479.67,"Plan Rows": 601,"Plan Width": 116,"Actual Startup Time": 9.851,"Actual Total Time": 798.461,"Actual Rows": 2459,"Actual Loops": 3,"Inner Unique": true,"Hash Cond": "((lineitem.l_suppkey = supplier.s_suppkey) AND (customer.c_nationkey = supplier.s_nationkey))","Workers": [],"Plans": [{"Node Type": "Nested Loop","Parent Relationship": "Outer","Parallel Aware": false,"Async Capable": false,"Join Type": "Inner","Startup Cost": 3.27,"Total Cost": 19928.78,"Plan Rows": 15027,"Plan Width": 128,"Actual Startup Time": 0.691,"Actual Total Time": 757.487,"Actual Rows": 60981,"Actual Loops": 3,"Inner Unique": false,"Workers": [],"Plans": [{"Node Type": "Nested Loop","Parent Relationship": "Outer","Parallel Aware": false,"Async Capable": false,"Join Type": "Inner","Startup Cost": 2.84,"Total Cost": 8414.26,"Plan Rows": 3756,"Plan Width": 116,"Actual Startup Time": 0.574,"Actual Total Time": 453.285,"Actual Rows": 15233,"Actual Loops": 3,"Inner Unique": false,"Workers": [],"Plans": [{"Node Type": "Hash Join","Parent Relationship": "Outer","Parallel Aware": false,"Async Capable": false,"Join Type": "Inner","Startup Cost": 2.41,"Total Cost": 4471.79,"Plan Rows": 2500,"Plan Width": 116,"Actual Startup Time": 0.259,"Actual Total Time": 55.622,"Actual Rows": 10066,"Actual Loops": 3,"Inner Unique": false,"Hash Cond": "(customer.c_nationkey = nation.n_nationkey)","Workers": [],"Plans": [{"Node Type": "Seq Scan","Parent Relationship": "Outer","Parallel Aware": true,"Async Capable": false,"Relation Name": "customer","Alias": "customer","Startup Cost": 0.00,"Total Cost": 4210.00,"Plan Rows": 62500,"Plan Width": 8,"Actual Startup Time": 0.020,"Actual Total Time": 9.402,"Actual Rows": 50000,"Actual Loops": 3,"Workers": []},{"Node Type": "Hash","Parent Relationship": "Inner","Parallel Aware": false,"Async Capable": false,"Startup Cost": 2.40,"Total Cost": 2.40,"Plan Rows": 1,"Plan Width": 108,"Actual Startup Time": 0.150,"Actual Total Time": 0.167,"Actual Rows": 5,"Actual Loops": 3,"Hash Buckets": 1024,"Original Hash Buckets": 1024,"Hash Batches": 1,"Original Hash Batches": 1,"Peak Memory Usage": 9,"Workers": [],"Plans": [{"Node Type": "Hash Join","Parent Relationship": "Outer","Parallel Aware": false,"Async Capable": false,"Join Type": "Inner","Startup Cost": 1.07,"Total Cost": 2.40,"Plan Rows": 1,"Plan Width": 108,"Actual Startup Time": 0.135,"Actual Total Time": 0.156,"Actual Rows": 5,"Actual Loops": 3,"Inner Unique": true,"Hash Cond": "(nation.n_regionkey = region.r_regionkey)","Workers": [],"Plans": [{"Node Type": "Seq Scan","Parent Relationship": "Outer","Parallel Aware": false,"Async Capable": false,"Relation Name": "nation","Alias": "nation","Startup Cost": 0.00,"Total Cost": 1.25,"Plan Rows": 25,"Plan Width": 112,"Actual Startup Time": 0.049,"Actual Total Time": 0.053,"Actual Rows": 25,"Actual Loops": 3,"Workers": []},{"Node Type": "Hash","Parent Relationship": "Inner","Parallel Aware": false,"Async Capable": false,"Startup Cost": 1.06,"Total Cost": 1.06,"Plan Rows": 1,"Plan Width": 4,"Actual Startup Time": 0.056,"Actual Total Time": 0.064,"Actual Rows": 1,"Actual Loops": 3,"Hash Buckets": 1024,"Original Hash Buckets": 1024,"Hash Batches": 1,"Original Hash Batches": 1,"Peak Memory Usage": 9,"Workers": [],"Plans": [{"Node Type": "Seq Scan","Parent Relationship": "Outer","Parallel Aware": false,"Async Capable": false,"Relation Name": "region","Alias": "region","Startup Cost": 0.00,"Total Cost": 1.06,"Plan Rows": 1,"Plan Width": 4,"Actual Startup Time": 0.041,"Actual Total Time": 0.043,"Actual Rows": 1,"Actual Loops": 3,"Filter": "(r_name = 'EUROPE'::bpchar)","Rows Removed by Filter": 4,"Workers": []}]}]}]}]},{"Node Type": "Index Scan","Parent Relationship": "Inner","Parallel Aware": false,"Async Capable": false,"Scan Direction": "Forward","Index Name": "idx_orders_custkey","Relation Name": "orders","Alias": "orders","Startup Cost": 0.43,"Total Cost": 1.55,"Plan Rows": 3,"Plan Width": 8,"Actual Startup Time": 0.017,"Actual Total Time": 0.039,"Actual Rows": 2,"Actual Loops": 30197,"Index Cond": "(o_custkey = customer.c_custkey)","Rows Removed by Index Recheck": 0,"Filter": "((o_orderdate >= '1993-01-01'::date) AND (o_orderdate < '1994-01-01 00:00:00'::timestamp without time zone))","Rows Removed by Filter": 9,"Workers": []}]},{"Node Type": "Index Scan","Parent Relationship": "Inner","Parallel Aware": false,"Async Capable": false,"Scan Direction": "Forward","Index Name": "idx_lineitem_orderkey","Relation Name": "lineitem","Alias": "lineitem","Startup Cost": 0.43,"Total Cost": 2.90,"Plan Rows": 17,"Plan Width": 20,"Actual Startup Time": 0.017,"Actual Total Time": 0.019,"Actual Rows": 4,"Actual Loops": 45699,"Index Cond": "(l_orderkey = orders.o_orderkey)","Rows Removed by Index Recheck": 0,"Workers": []}]},{"Node Type": "Hash","Parent Relationship": "Inner","Parallel Aware": false,"Async Capable": false,"Startup Cost": 322.00,"Total Cost": 322.00,"Plan Rows": 10000,"Plan Width": 8,"Actual Startup Time": 8.538,"Actual Total Time": 8.541,"Actual Rows": 10000,"Actual Loops": 3,"Hash Buckets": 16384,"Original Hash Buckets": 16384,"Hash Batches": 1,"Original Hash Batches": 1,"Peak Memory Usage": 519,"Workers": [],"Plans": [{"Node Type": "Seq Scan","Parent Relationship": "Outer","Parallel Aware": false,"Async Capable": false,"Relation Name": "supplier","Alias": "supplier","Startup Cost": 0.00,"Total Cost": 322.00,"Plan Rows": 10000,"Plan Width": 8,"Actual Startup Time": 0.046,"Actual Total Time": 6.635,"Actual Rows": 10000,"Actual Loops": 3,"Workers": []}]}]}]}]}]}]}]},"Planning Time": 10.957,"Triggers": [],"Execution Time": 841.799}]
[{"Plan": {"Node Type": "Sort","Parallel Aware": false,"Async Capable": false,"Startup Cost": 21616.39,"Total Cost": 21616.45,"Plan Rows": 25,"Plan Width": 136,"Actual Startup Time": 802.725,"Actual Total Time": 834.940,"Actual Rows": 5,"Actual Loops": 1,"Sort Key": ["(sum((lineitem.l_extendedprice * ('1'::numeric - lineitem.l_discount)))) DESC"],"Sort Method": "quicksort","Sort Space Used": 25,"Sort Space Type": "Memory","Plans": [{"Node Type": "Aggregate","Strategy": "Sorted","Partial Mode": "Finalize","Parent Relationship": "Outer","Parallel Aware": false,"Async Capable": false,"Startup Cost": 21601.33,"Total Cost": 21615.81,"Plan Rows": 25,"Plan Width": 136,"Actual Startup Time": 802.089,"Actual Total Time": 834.889,"Actual Rows": 5,"Actual Loops": 1,"Group Key": ["nation.n_name"],"Plans": [{"Node Type": "Gather Merge","Parent Relationship": "Outer","Parallel Aware": false,"Async Capable": false,"Startup Cost": 21601.33,"Total Cost": 21615.12,"Plan Rows": 50,"Plan Width": 136,"Actual Startup Time": 801.869,"Actual Total Time": 834.838,"Actual Rows": 15,"Actual Loops": 1,"Workers Planned": 2,"Workers Launched": 2,"Plans": [{"Node Type": "Aggregate","Strategy": "Sorted","Partial Mode": "Partial","Parent Relationship": "Outer","Parallel Aware": false,"Async Capable": false,"Startup Cost": 20601.30,"Total Cost": 20609.33,"Plan Rows": 25,"Plan Width": 136,"Actual Startup Time": 794.218,"Actual Total Time": 794.940,"Actual Rows": 5,"Actual Loops": 3,"Group Key": ["nation.n_name"],"Workers": [],"Plans": [{"Node Type": "Sort","Parent Relationship": "Outer","Parallel Aware": false,"Async Capable": false,"Startup Cost": 20601.30,"Total Cost": 20602.85,"Plan Rows": 617,"Plan Width": 116,"Actual Startup Time": 793.996,"Actual Total Time": 794.120,"Actual Rows": 2469,"Actual Loops": 3,"Sort Key": ["nation.n_name"],"Sort Method": "quicksort","Sort Space Used": 296,"Sort Space Type": "Memory","Workers": [{"Worker Number": 0,"Sort Method": "quicksort","Sort Space Used": 284,"Sort Space Type": "Memory"},{"Worker Number": 1,"Sort Method": "quicksort","Sort Space Used": 288,"Sort Space Type": "Memory"}],"Plans": [{"Node Type": "Hash Join","Parent Relationship": "Outer","Parallel Aware": false,"Async Capable": false,"Join Type": "Inner","Startup Cost": 475.27,"Total Cost": 20572.71,"Plan Rows": 617,"Plan Width": 116,"Actual Startup Time": 14.848,"Actual Total Time": 792.432,"Actual Rows": 2469,"Actual Loops": 3,"Inner Unique": true,"Hash Cond": "((lineitem.l_suppkey = supplier.s_suppkey) AND (customer.c_nationkey = supplier.s_nationkey))","Workers": [],"Plans": [{"Node Type": "Nested Loop","Parent Relationship": "Outer","Parallel Aware": false,"Async Capable": false,"Join Type": "Inner","Startup Cost": 3.27,"Total Cost": 20019.70,"Plan Rows": 15431,"Plan Width": 128,"Actual Startup Time": 0.724,"Actual Total Time": 746.203,"Actual Rows": 60646,"Actual Loops": 3,"Inner Unique": false,"Workers": [],"Plans": [{"Node Type": "Nested Loop","Parent Relationship": "Outer","Parallel Aware": false,"Async Capable": false,"Join Type": "Inner","Startup Cost": 2.84,"Total Cost": 8414.26,"Plan Rows": 3857,"Plan Width": 116,"Actual Startup Time": 0.603,"Actual Total Time": 446.704,"Actual Rows": 15077,"Actual Loops": 3,"Inner Unique": false,"Workers": [],"Plans": [{"Node Type": "Hash Join","Parent Relationship": "Outer","Parallel Aware": false,"Async Capable": false,"Join Type": "Inner","Startup Cost": 2.41,"Total Cost": 4471.79,"Plan Rows": 2500,"Plan Width": 116,"Actual Startup Time": 0.232,"Actual Total Time": 54.148,"Actual Rows": 9968,"Actual Loops": 3,"Inner Unique": false,"Hash Cond": "(customer.c_nationkey = nation.n_nationkey)","Workers": [],"Plans": [{"Node Type": "Seq Scan","Parent Relationship": "Outer","Parallel Aware": true,"Async Capable": false,"Relation Name": "customer","Alias": "customer","Startup Cost": 0.00,"Total Cost": 4210.00,"Plan Rows": 62500,"Plan Width": 8,"Actual Startup Time": 0.016,"Actual Total Time": 9.432,"Actual Rows": 50000,"Actual Loops": 3,"Workers": []},{"Node Type": "Hash","Parent Relationship": "Inner","Parallel Aware": false,"Async Capable": false,"Startup Cost": 2.40,"Total Cost": 2.40,"Plan Rows": 1,"Plan Width": 108,"Actual Startup Time": 0.135,"Actual Total Time": 0.148,"Actual Rows": 5,"Actual Loops": 3,"Hash Buckets": 1024,"Original Hash Buckets": 1024,"Hash Batches": 1,"Original Hash Batches": 1,"Peak Memory Usage": 9,"Workers": [],"Plans": [{"Node Type": "Hash Join","Parent Relationship": "Outer","Parallel Aware": false,"Async Capable": false,"Join Type": "Inner","Startup Cost": 1.07,"Total Cost": 2.40,"Plan Rows": 1,"Plan Width": 108,"Actual Startup Time": 0.120,"Actual Total Time": 0.140,"Actual Rows": 5,"Actual Loops": 3,"Inner Unique": true,"Hash Cond": "(nation.n_regionkey = region.r_regionkey)","Workers": [],"Plans": [{"Node Type": "Seq Scan","Parent Relationship": "Outer","Parallel Aware": false,"Async Capable": false,"Relation Name": "nation","Alias": "nation","Startup Cost": 0.00,"Total Cost": 1.25,"Plan Rows": 25,"Plan Width": 112,"Actual Startup Time": 0.048,"Actual Total Time": 0.052,"Actual Rows": 25,"Actual Loops": 3,"Workers": []},{"Node Type": "Hash","Parent Relationship": "Inner","Parallel Aware": false,"Async Capable": false,"Startup Cost": 1.06,"Total Cost": 1.06,"Plan Rows": 1,"Plan Width": 4,"Actual Startup Time": 0.046,"Actual Total Time": 0.050,"Actual Rows": 1,"Actual Loops": 3,"Hash Buckets": 1024,"Original Hash Buckets": 1024,"Hash Batches": 1,"Original Hash Batches": 1,"Peak Memory Usage": 9,"Workers": [],"Plans": [{"Node Type": "Seq Scan","Parent Relationship": "Outer","Parallel Aware": false,"Async Capable": false,"Relation Name": "region","Alias": "region","Startup Cost": 0.00,"Total Cost": 1.06,"Plan Rows": 1,"Plan Width": 4,"Actual Startup Time": 0.033,"Actual Total Time": 0.035,"Actual Rows": 1,"Actual Loops": 3,"Filter": "(r_name = 'MIDDLE EAST'::bpchar)","Rows Removed by Filter": 4,"Workers": []}]}]}]}]},{"Node Type": "Index Scan","Parent Relationship": "Inner","Parallel Aware": false,"Async Capable": false,"Scan Direction": "Forward","Index Name": "idx_orders_custkey","Relation Name": "orders","Alias": "orders","Startup Cost": 0.43,"Total Cost": 1.55,"Plan Rows": 3,"Plan Width": 8,"Actual Startup Time": 0.017,"Actual Total Time": 0.039,"Actual Rows": 2,"Actual Loops": 29904,"Index Cond": "(o_custkey = customer.c_custkey)","Rows Removed by Index Recheck": 0,"Filter": "((o_orderdate >= '1996-01-01'::date) AND (o_orderdate < '1997-01-01 00:00:00'::timestamp without time zone))","Rows Removed by Filter": 8,"Workers": []}]},{"Node Type": "Index Scan","Parent Relationship": "Inner","Parallel Aware": false,"Async Capable": false,"Scan Direction": "Forward","Index Name": "idx_lineitem_orderkey","Relation Name": "lineitem","Alias": "lineitem","Startup Cost": 0.43,"Total Cost": 2.84,"Plan Rows": 17,"Plan Width": 20,"Actual Startup Time": 0.016,"Actual Total Time": 0.019,"Actual Rows": 4,"Actual Loops": 45231,"Index Cond": "(l_orderkey = orders.o_orderkey)","Rows Removed by Index Recheck": 0,"Workers": []}]},{"Node Type": "Hash","Parent Relationship": "Inner","Parallel Aware": false,"Async Capable": false,"Startup Cost": 322.00,"Total Cost": 322.00,"Plan Rows": 10000,"Plan Width": 8,"Actual Startup Time": 13.111,"Actual Total Time": 13.116,"Actual Rows": 10000,"Actual Loops": 3,"Hash Buckets": 16384,"Original Hash Buckets": 16384,"Hash Batches": 1,"Original Hash Batches": 1,"Peak Memory Usage": 519,"Workers": [],"Plans": [{"Node Type": "Seq Scan","Parent Relationship": "Outer","Parallel Aware": false,"Async Capable": false,"Relation Name": "supplier","Alias": "supplier","Startup Cost": 0.00,"Total Cost": 322.00,"Plan Rows": 10000,"Plan Width": 8,"Actual Startup Time": 0.041,"Actual Total Time": 11.446,"Actual Rows": 10000,"Actual Loops": 3,"Workers": []}]}]}]}]}]}]}]},"Planning Time": 10.334,"Triggers": [],"Execution Time": 835.373}]
[{"Plan": {"Node Type": "Sort","Parallel Aware": false,"Async Capable": false,"Startup Cost": 21522.30,"Total Cost": 21522.36,"Plan Rows": 25,"Plan Width": 136,"Actual Startup Time": 808.715,"Actual Total Time": 841.103,"Actual Rows": 5,"Actual Loops": 1,"Sort Key": ["(sum((lineitem.l_extendedprice * ('1'::numeric - lineitem.l_discount)))) DESC"],"Sort Method": "quicksort","Sort Space Used": 25,"Sort Space Type": "Memory","Plans": [{"Node Type": "Aggregate","Strategy": "Sorted","Partial Mode": "Finalize","Parent Relationship": "Outer","Parallel Aware": false,"Async Capable": false,"Startup Cost": 21507.43,"Total Cost": 21521.72,"Plan Rows": 25,"Plan Width": 136,"Actual Startup Time": 808.132,"Actual Total Time": 841.051,"Actual Rows": 5,"Actual Loops": 1,"Group Key": ["nation.n_name"],"Plans": [{"Node Type": "Gather Merge","Parent Relationship": "Outer","Parallel Aware": false,"Async Capable": false,"Startup Cost": 21507.43,"Total Cost": 21521.03,"Plan Rows": 50,"Plan Width": 136,"Actual Startup Time": 807.865,"Actual Total Time": 840.993,"Actual Rows": 15,"Actual Loops": 1,"Workers Planned": 2,"Workers Launched": 2,"Plans": [{"Node Type": "Aggregate","Strategy": "Sorted","Partial Mode": "Partial","Parent Relationship": "Outer","Parallel Aware": false,"Async Capable": false,"Startup Cost": 20507.41,"Total Cost": 20515.23,"Plan Rows": 25,"Plan Width": 136,"Actual Startup Time": 800.148,"Actual Total Time": 800.877,"Actual Rows": 5,"Actual Loops": 3,"Group Key": ["nation.n_name"],"Workers": [],"Plans": [{"Node Type": "Sort","Parent Relationship": "Outer","Parallel Aware": false,"Async Capable": false,"Startup Cost": 20507.41,"Total Cost": 20508.91,"Plan Rows": 601,"Plan Width": 116,"Actual Startup Time": 799.927,"Actual Total Time": 800.057,"Actual Rows": 2459,"Actual Loops": 3,"Sort Key": ["nation.n_name"],"Sort Method": "quicksort","Sort Space Used": 287,"Sort Space Type": "Memory","Workers": [{"Worker Number": 0,"Sort Method": "quicksort","Sort Space Used": 292,"Sort Space Type": "Memory"},{"Worker Number": 1,"Sort Method": "quicksort","Sort Space Used": 287,"Sort Space Type": "Memory"}],"Plans": [{"Node Type": "Hash Join","Parent Relationship": "Outer","Parallel Aware": false,"Async Capable": false,"Join Type": "Inner","Startup Cost": 475.27,"Total Cost": 20479.67,"Plan Rows": 601,"Plan Width": 116,"Actual Startup Time": 9.851,"Actual Total Time": 798.461,"Actual Rows": 2459,"Actual Loops": 3,"Inner Unique": true,"Hash Cond": "((lineitem.l_suppkey = supplier.s_suppkey) AND (customer.c_nationkey = supplier.s_nationkey))","Workers": [],"Plans": [{"Node Type": "Nested Loop","Parent Relationship": "Outer","Parallel Aware": false,"Async Capable": false,"Join Type": "Inner","Startup Cost": 3.27,"Total Cost": 19928.78,"Plan Rows": 15027,"Plan Width": 128,"Actual Startup Time": 0.691,"Actual Total Time": 757.487,"Actual Rows": 60981,"Actual Loops": 3,"Inner Unique": false,"Workers": [],"Plans": [{"Node Type": "Nested Loop","Parent Relationship": "Outer","Parallel Aware": false,"Async Capable": false,"Join Type": "Inner","Startup Cost": 2.84,"Total Cost": 8414.26,"Plan Rows": 3756,"Plan Width": 116,"Actual Startup Time": 0.574,"Actual Total Time": 453.285,"Actual Rows": 15233,"Actual Loops": 3,"Inner Unique": false,"Workers": [],"Plans": [{"Node Type": "Hash Join","Parent Relationship": "Outer","Parallel Aware": false,"Async Capable": false,"Join Type": "Inner","Startup Cost": 2.41,"Total Cost": 4471.79,"Plan Rows": 2500,"Plan Width": 116,"Actual Startup Time": 0.259,"Actual Total Time": 55.622,"Actual Rows": 10066,"Actual Loops": 3,"Inner Unique": false,"Hash Cond": "(customer.c_nationkey = nation.n_nationkey)","Workers": [],"Plans": [{"Node Type": "Seq Scan","Parent Relationship": "Outer","Parallel Aware": true,"Async Capable": false,"Relation Name": "customer","Alias": "customer","Startup Cost": 0.00,"Total Cost": 4210.00,"Plan Rows": 62500,"Plan Width": 8,"Actual Startup Time": 0.020,"Actual Total Time": 9.402,"Actual Rows": 50000,"Actual Loops": 3,"Workers": []},{"Node Type": "Hash","Parent Relationship": "Inner","Parallel Aware": false,"Async Capable": false,"Startup Cost": 2.40,"Total Cost": 2.40,"Plan Rows": 1,"Plan Width": 108,"Actual Startup Time": 0.150,"Actual Total Time": 0.167,"Actual Rows": 5,"Actual Loops": 3,"Hash Buckets": 1024,"Original Hash Buckets": 1024,"Hash Batches": 1,"Original Hash Batches": 1,"Peak Memory Usage": 9,"Workers": [],"Plans": [{"Node Type": "Hash Join","Parent Relationship": "Outer","Parallel Aware": false,"Async Capable": false,"Join Type": "Inner","Startup Cost": 1.07,"Total Cost": 2.40,"Plan Rows": 1,"Plan Width": 108,"Actual Startup Time": 0.135,"Actual Total Time": 0.156,"Actual Rows": 5,"Actual Loops": 3,"Inner Unique": true,"Hash Cond": "(nation.n_regionkey = region.r_regionkey)","Workers": [],"Plans": [{"Node Type": "Seq Scan","Parent Relationship": "Outer","Parallel Aware": false,"Async Capable": false,"Relation Name": "nation","Alias": "nation","Startup Cost": 0.00,"Total Cost": 1.25,"Plan Rows": 25,"Plan Width": 112,"Actual Startup Time": 0.049,"Actual Total Time": 0.053,"Actual Rows": 25,"Actual Loops": 3,"Workers": []},{"Node Type": "Hash","Parent Relationship": "Inner","Parallel Aware": false,"Async Capable": false,"Startup Cost": 1.06,"Total Cost": 1.06,"Plan Rows": 1,"Plan Width": 4,"Actual Startup Time": 0.056,"Actual Total Time": 0.064,"Actual Rows": 1,"Actual Loops": 3,"Hash Buckets": 1024,"Original Hash Buckets": 1024,"Hash Batches": 1,"Original Hash Batches": 1,"Peak Memory Usage": 9,"Workers": [],"Plans": [{"Node Type": "Seq Scan","Parent Relationship": "Outer","Parallel Aware": false,"Async Capable": false,"Relation Name": "region","Alias": "region","Startup Cost": 0.00,"Total Cost": 1.06,"Plan Rows": 1,"Plan Width": 4,"Actual Startup Time": 0.041,"Actual Total Time": 0.043,"Actual Rows": 1,"Actual Loops": 3,"Filter": "(r_name = 'EUROPE'::bpchar)","Rows Removed by Filter": 4,"Workers": []}]}]}]}]},{"Node Type": "Index Scan","Parent Relationship": "Inner","Parallel Aware": false,"Async Capable": false,"Scan Direction": "Forward","Index Name": "idx_orders_custkey","Relation Name": "orders","Alias": "orders","Startup Cost": 0.43,"Total Cost": 1.55,"Plan Rows": 3,"Plan Width": 8,"Actual Startup Time": 0.017,"Actual Total Time": 0.039,"Actual Rows": 2,"Actual Loops": 30197,"Index Cond": "(o_custkey = customer.c_custkey)","Rows Removed by Index Recheck": 0,"Filter": "((o_orderdate >= '1993-01-01'::date) AND (o_orderdate < '1994-01-01 00:00:00'::timestamp without time zone))","Rows Removed by Filter": 9,"Workers": []}]},{"Node Type": "Index Scan","Parent Relationship": "Inner","Parallel Aware": false,"Async Capable": false,"Scan Direction": "Forward","Index Name": "idx_lineitem_orderkey","Relation Name": "lineitem","Alias": "lineitem","Startup Cost": 0.43,"Total Cost": 2.90,"Plan Rows": 17,"Plan Width": 20,"Actual Startup Time": 0.017,"Actual Total Time": 0.019,"Actual Rows": 4,"Actual Loops": 45699,"Index Cond": "(l_orderkey = orders.o_orderkey)","Rows Removed by Index Recheck": 0,"Workers": []}]},{"Node Type": "Hash","Parent Relationship": "Inner","Parallel Aware": false,"Async Capable": false,"Startup Cost": 322.00,"Total Cost": 322.00,"Plan Rows": 10000,"Plan Width": 8,"Actual Startup Time": 8.538,"Actual Total Time": 8.541,"Actual Rows": 10000,"Actual Loops": 3,"Hash Buckets": 16384,"Original Hash Buckets": 16384,"Hash Batches": 1,"Original Hash Batches": 1,"Peak Memory Usage": 519,"Workers": [],"Plans": [{"Node Type": "Seq Scan","Parent Relationship": "Outer","Parallel Aware": false,"Async Capable": false,"Relation Name": "supplier","Alias": "supplier","Startup Cost": 0.00,"Total Cost": 322.00,"Plan Rows": 10000,"Plan Width": 8,"Actual Startup Time": 0.046,"Actual Total Time": 6.635,"Actual Rows": 10000,"Actual Loops": 3,"Workers": []}]}]}]}]}]}]}]},"Planning Time": 10.957,"Triggers": [],"Execution Time": 841.799}]
[{"Plan": {"Node Type": "Sort","Parallel Aware": false,"Async Capable": false,"Startup Cost": 21612.43,"Total Cost": 21612.50,"Plan Rows": 25,"Plan Width": 136,"Actual Startup Time": 832.616,"Actual Total Time": 862.680,"Actual Rows": 5,"Actual Loops": 1,"Sort Key": ["(sum((lineitem.l_extendedprice * ('1'::numeric - lineitem.l_discount)))) DESC"],"Sort Method": "quicksort","Sort Space Used": 25,"Sort Space Type": "Memory","Plans": [{"Node Type": "Aggregate","Strategy": "Sorted","Partial Mode": "Finalize","Parent Relationship": "Outer","Parallel Aware": false,"Async Capable": false,"Startup Cost": 21597.38,"Total Cost": 21611.85,"Plan Rows": 25,"Plan Width": 136,"Actual Startup Time": 832.009,"Actual Total Time": 862.637,"Actual Rows": 5,"Actual Loops": 1,"Group Key": ["nation.n_name"],"Plans": [{"Node Type": "Gather Merge","Parent Relationship": "Outer","Parallel Aware": false,"Async Capable": false,"Startup Cost": 21597.38,"Total Cost": 21611.17,"Plan Rows": 50,"Plan Width": 136,"Actual Startup Time": 831.804,"Actual Total Time": 862.590,"Actual Rows": 15,"Actual Loops": 1,"Workers Planned": 2,"Workers Launched": 2,"Plans": [{"Node Type": "Aggregate","Strategy": "Sorted","Partial Mode": "Partial","Parent Relationship": "Outer","Parallel Aware": false,"Async Capable": false,"Startup Cost": 20597.36,"Total Cost": 20605.37,"Plan Rows": 25,"Plan Width": 136,"Actual Startup Time": 824.333,"Actual Total Time": 825.038,"Actual Rows": 5,"Actual Loops": 3,"Group Key": ["nation.n_name"],"Workers": [],"Plans": [{"Node Type": "Sort","Parent Relationship": "Outer","Parallel Aware": false,"Async Capable": false,"Startup Cost": 20597.36,"Total Cost": 20598.90,"Plan Rows": 616,"Plan Width": 116,"Actual Startup Time": 824.137,"Actual Total Time": 824.256,"Actual Rows": 2417,"Actual Loops": 3,"Sort Key": ["nation.n_name"],"Sort Method": "quicksort","Sort Space Used": 288,"Sort Space Type": "Memory","Workers": [{"Worker Number": 0,"Sort Method": "quicksort","Sort Space Used": 280,"Sort Space Type": "Memory"},{"Worker Number": 1,"Sort Method": "quicksort","Sort Space Used": 288,"Sort Space Type": "Memory"}],"Plans": [{"Node Type": "Hash Join","Parent Relationship": "Outer","Parallel Aware": false,"Async Capable": false,"Join Type": "Inner","Startup Cost": 475.27,"Total Cost": 20568.82,"Plan Rows": 616,"Plan Width": 116,"Actual Startup Time": 12.703,"Actual Total Time": 822.671,"Actual Rows": 2417,"Actual Loops": 3,"Inner Unique": true,"Hash Cond": "((lineitem.l_suppkey = supplier.s_suppkey) AND (customer.c_nationkey = supplier.s_nationkey))","Workers": [],"Plans": [{"Node Type": "Nested Loop","Parent Relationship": "Outer","Parallel Aware": false,"Async Capable": false,"Join Type": "Inner","Startup Cost": 3.27,"Total Cost": 20015.89,"Plan Rows": 15415,"Plan Width": 128,"Actual Startup Time": 0.571,"Actual Total Time": 776.984,"Actual Rows": 59997,"Actual Loops": 3,"Inner Unique": false,"Workers": [],"Plans": [{"Node Type": "Nested Loop","Parent Relationship": "Outer","Parallel Aware": false,"Async Capable": false,"Join Type": "Inner","Startup Cost": 2.84,"Total Cost": 8414.26,"Plan Rows": 3853,"Plan Width": 116,"Actual Startup Time": 0.454,"Actual Total Time": 470.088,"Actual Rows": 15003,"Actual Loops": 3,"Inner Unique": false,"Workers": [],"Plans": [{"Node Type": "Hash Join","Parent Relationship": "Outer","Parallel Aware": false,"Async Capable": false,"Join Type": "Inner","Startup Cost": 2.41,"Total Cost": 4471.79,"Plan Rows": 2500,"Plan Width": 116,"Actual Startup Time": 0.227,"Actual Total Time": 60.370,"Actual Rows": 9968,"Actual Loops": 3,"Inner Unique": false,"Hash Cond": "(customer.c_nationkey = nation.n_nationkey)","Workers": [],"Plans": [{"Node Type": "Seq Scan","Parent Relationship": "Outer","Parallel Aware": true,"Async Capable": false,"Relation Name": "customer","Alias": "customer","Startup Cost": 0.00,"Total Cost": 4210.00,"Plan Rows": 62500,"Plan Width": 8,"Actual Startup Time": 0.013,"Actual Total Time": 10.099,"Actual Rows": 50000,"Actual Loops": 3,"Workers": []},{"Node Type": "Hash","Parent Relationship": "Inner","Parallel Aware": false,"Async Capable": false,"Startup Cost": 2.40,"Total Cost": 2.40,"Plan Rows": 1,"Plan Width": 108,"Actual Startup Time": 0.138,"Actual Total Time": 0.150,"Actual Rows": 5,"Actual Loops": 3,"Hash Buckets": 1024,"Original Hash Buckets": 1024,"Hash Batches": 1,"Original Hash Batches": 1,"Peak Memory Usage": 9,"Workers": [],"Plans": [{"Node Type": "Hash Join","Parent Relationship": "Outer","Parallel Aware": false,"Async Capable": false,"Join Type": "Inner","Startup Cost": 1.07,"Total Cost": 2.40,"Plan Rows": 1,"Plan Width": 108,"Actual Startup Time": 0.125,"Actual Total Time": 0.142,"Actual Rows": 5,"Actual Loops": 3,"Inner Unique": true,"Hash Cond": "(nation.n_regionkey = region.r_regionkey)","Workers": [],"Plans": [{"Node Type": "Seq Scan","Parent Relationship": "Outer","Parallel Aware": false,"Async Capable": false,"Relation Name": "nation","Alias": "nation","Startup Cost": 0.00,"Total Cost": 1.25,"Plan Rows": 25,"Plan Width": 112,"Actual Startup Time": 0.044,"Actual Total Time": 0.047,"Actual Rows": 25,"Actual Loops": 3,"Workers": []},{"Node Type": "Hash","Parent Relationship": "Inner","Parallel Aware": false,"Async Capable": false,"Startup Cost": 1.06,"Total Cost": 1.06,"Plan Rows": 1,"Plan Width": 4,"Actual Startup Time": 0.054,"Actual Total Time": 0.057,"Actual Rows": 1,"Actual Loops": 3,"Hash Buckets": 1024,"Original Hash Buckets": 1024,"Hash Batches": 1,"Original Hash Batches": 1,"Peak Memory Usage": 9,"Workers": [],"Plans": [{"Node Type": "Seq Scan","Parent Relationship": "Outer","Parallel Aware": false,"Async Capable": false,"Relation Name": "region","Alias": "region","Startup Cost": 0.00,"Total Cost": 1.06,"Plan Rows": 1,"Plan Width": 4,"Actual Startup Time": 0.039,"Actual Total Time": 0.040,"Actual Rows": 1,"Actual Loops": 3,"Filter": "(r_name = 'MIDDLE EAST'::bpchar)","Rows Removed by Filter": 4,"Workers": []}]}]}]}]},{"Node Type": "Index Scan","Parent Relationship": "Inner","Parallel Aware": false,"Async Capable": false,"Scan Direction": "Forward","Index Name": "idx_orders_custkey","Relation Name": "orders","Alias": "orders","Startup Cost": 0.43,"Total Cost": 1.55,"Plan Rows": 3,"Plan Width": 8,"Actual Startup Time": 0.017,"Actual Total Time": 0.041,"Actual Rows": 2,"Actual Loops": 29904,"Index Cond": "(o_custkey = customer.c_custkey)","Rows Removed by Index Recheck": 0,"Filter": "((o_orderdate >= '1994-01-01'::date) AND (o_orderdate < '1995-01-01 00:00:00'::timestamp without time zone))","Rows Removed by Filter": 8,"Workers": []}]},{"Node Type": "Index Scan","Parent Relationship": "Inner","Parallel Aware": false,"Async Capable": false,"Scan Direction": "Forward","Index Name": "idx_lineitem_orderkey","Relation Name": "lineitem","Alias": "lineitem","Startup Cost": 0.43,"Total Cost": 2.84,"Plan Rows": 17,"Plan Width": 20,"Actual Startup Time": 0.017,"Actual Total Time": 0.020,"Actual Rows": 4,"Actual Loops": 45009,"Index Cond": "(l_orderkey = orders.o_orderkey)","Rows Removed by Index Recheck": 0,"Workers": []}]},{"Node Type": "Hash","Parent Relationship": "Inner","Parallel Aware": false,"Async Capable": false,"Startup Cost": 322.00,"Total Cost": 322.00,"Plan Rows": 10000,"Plan Width": 8,"Actual Startup Time": 11.133,"Actual Total Time": 11.135,"Actual Rows": 10000,"Actual Loops": 3,"Hash Buckets": 16384,"Original Hash Buckets": 16384,"Hash Batches": 1,"Original Hash Batches": 1,"Peak Memory Usage": 519,"Workers": [],"Plans": [{"Node Type": "Seq Scan","Parent Relationship": "Outer","Parallel Aware": false,"Async Capable": false,"Relation Name": "supplier","Alias": "supplier","Startup Cost": 0.00,"Total Cost": 322.00,"Plan Rows": 10000,"Plan Width": 8,"Actual Startup Time": 0.042,"Actual Total Time": 9.282,"Actual Rows": 10000,"Actual Loops": 3,"Workers": []}]}]}]}]}]}]}]},"Planning Time": 10.906,"Triggers": [],"Execution Time": 863.139}]
[{"Plan": {"Node Type": "Sort","Parallel Aware": false,"Async Capable": false,"Startup Cost": 21565.24,"Total Cost": 21565.30,"Plan Rows": 25,"Plan Width": 136,"Actual Startup Time": 809.309,"Actual Total Time": 841.501,"Actual Rows": 5,"Actual Loops": 1,"Sort Key": ["(sum((lineitem.l_extendedprice * ('1'::numeric - lineitem.l_discount)))) DESC"],"Sort Method": "quicksort","Sort Space Used": 25,"Sort Space Type": "Memory","Plans": [{"Node Type": "Aggregate","Strategy": "Sorted","Partial Mode": "Finalize","Parent Relationship": "Outer","Parallel Aware": false,"Async Capable": false,"Startup Cost": 21550.29,"Total Cost": 21564.66,"Plan Rows": 25,"Plan Width": 136,"Actual Startup Time": 808.678,"Actual Total Time": 841.457,"Actual Rows": 5,"Actual Loops": 1,"Group Key": ["nation.n_name"],"Plans": [{"Node Type": "Gather Merge","Parent Relationship": "Outer","Parallel Aware": false,"Async Capable": false,"Startup Cost": 21550.29,"Total Cost": 21563.97,"Plan Rows": 50,"Plan Width": 136,"Actual Startup Time": 808.243,"Actual Total Time": 841.406,"Actual Rows": 15,"Actual Loops": 1,"Workers Planned": 2,"Workers Launched": 2,"Plans": [{"Node Type": "Aggregate","Strategy": "Sorted","Partial Mode": "Partial","Parent Relationship": "Outer","Parallel Aware": false,"Async Capable": false,"Startup Cost": 20550.26,"Total Cost": 20558.18,"Plan Rows": 25,"Plan Width": 136,"Actual Startup Time": 800.586,"Actual Total Time": 801.383,"Actual Rows": 5,"Actual Loops": 3,"Group Key": ["nation.n_name"],"Workers": [],"Plans": [{"Node Type": "Sort","Parent Relationship": "Outer","Parallel Aware": false,"Async Capable": false,"Startup Cost": 20550.26,"Total Cost": 20551.78,"Plan Rows": 608,"Plan Width": 116,"Actual Startup Time": 800.370,"Actual Total Time": 800.511,"Actual Rows": 2409,"Actual Loops": 3,"Sort Key": ["nation.n_name"],"Sort Method": "quicksort","Sort Space Used": 290,"Sort Space Type": "Memory","Workers": [{"Worker Number": 0,"Sort Method": "quicksort","Sort Space Used": 281,"Sort Space Type": "Memory"},{"Worker Number": 1,"Sort Method": "quicksort","Sort Space Used": 283,"Sort Space Type": "Memory"}],"Plans": [{"Node Type": "Hash Join","Parent Relationship": "Outer","Parallel Aware": false,"Async Capable": false,"Join Type": "Inner","Startup Cost": 475.27,"Total Cost": 20522.15,"Plan Rows": 608,"Plan Width": 116,"Actual Startup Time": 14.807,"Actual Total Time": 798.884,"Actual Rows": 2409,"Actual Loops": 3,"Inner Unique": true,"Hash Cond": "((lineitem.l_suppkey = supplier.s_suppkey) AND (customer.c_nationkey = supplier.s_nationkey))","Workers": [],"Plans": [{"Node Type": "Nested Loop","Parent Relationship": "Outer","Parallel Aware": false,"Async Capable": false,"Join Type": "Inner","Startup Cost": 3.27,"Total Cost": 19970.29,"Plan Rows": 15211,"Plan Width": 128,"Actual Startup Time": 0.571,"Actual Total Time": 753.021,"Actual Rows": 60135,"Actual Loops": 3,"Inner Unique": false,"Workers": [],"Plans": [{"Node Type": "Nested Loop","Parent Relationship": "Outer","Parallel Aware": false,"Async Capable": false,"Join Type": "Inner","Startup Cost": 2.84,"Total Cost": 8414.26,"Plan Rows": 3802,"Plan Width": 116,"Actual Startup Time": 0.432,"Actual Total Time": 448.470,"Actual Rows": 15086,"Actual Loops": 3,"Inner Unique": false,"Workers": [],"Plans": [{"Node Type": "Hash Join","Parent Relationship": "Outer","Parallel Aware": false,"Async Capable": false,"Join Type": "Inner","Startup Cost": 2.41,"Total Cost": 4471.79,"Plan Rows": 2500,"Plan Width": 116,"Actual Startup Time": 0.234,"Actual Total Time": 55.967,"Actual Rows": 9968,"Actual Loops": 3,"Inner Unique": false,"Hash Cond": "(customer.c_nationkey = nation.n_nationkey)","Workers": [],"Plans": [{"Node Type": "Seq Scan","Parent Relationship": "Outer","Parallel Aware": true,"Async Capable": false,"Relation Name": "customer","Alias": "customer","Startup Cost": 0.00,"Total Cost": 4210.00,"Plan Rows": 62500,"Plan Width": 8,"Actual Startup Time": 0.014,"Actual Total Time": 9.575,"Actual Rows": 50000,"Actual Loops": 3,"Workers": []},{"Node Type": "Hash","Parent Relationship": "Inner","Parallel Aware": false,"Async Capable": false,"Startup Cost": 2.40,"Total Cost": 2.40,"Plan Rows": 1,"Plan Width": 108,"Actual Startup Time": 0.143,"Actual Total Time": 0.166,"Actual Rows": 5,"Actual Loops": 3,"Hash Buckets": 1024,"Original Hash Buckets": 1024,"Hash Batches": 1,"Original Hash Batches": 1,"Peak Memory Usage": 9,"Workers": [],"Plans": [{"Node Type": "Hash Join","Parent Relationship": "Outer","Parallel Aware": false,"Async Capable": false,"Join Type": "Inner","Startup Cost": 1.07,"Total Cost": 2.40,"Plan Rows": 1,"Plan Width": 108,"Actual Startup Time": 0.129,"Actual Total Time": 0.155,"Actual Rows": 5,"Actual Loops": 3,"Inner Unique": true,"Hash Cond": "(nation.n_regionkey = region.r_regionkey)","Workers": [],"Plans": [{"Node Type": "Seq Scan","Parent Relationship": "Outer","Parallel Aware": false,"Async Capable": false,"Relation Name": "nation","Alias": "nation","Startup Cost": 0.00,"Total Cost": 1.25,"Plan Rows": 25,"Plan Width": 112,"Actual Startup Time": 0.047,"Actual Total Time": 0.051,"Actual Rows": 25,"Actual Loops": 3,"Workers": []},{"Node Type": "Hash","Parent Relationship": "Inner","Parallel Aware": false,"Async Capable": false,"Startup Cost": 1.06,"Total Cost": 1.06,"Plan Rows": 1,"Plan Width": 4,"Actual Startup Time": 0.054,"Actual Total Time": 0.064,"Actual Rows": 1,"Actual Loops": 3,"Hash Buckets": 1024,"Original Hash Buckets": 1024,"Hash Batches": 1,"Original Hash Batches": 1,"Peak Memory Usage": 9,"Workers": [],"Plans": [{"Node Type": "Seq Scan","Parent Relationship": "Outer","Parallel Aware": false,"Async Capable": false,"Relation Name": "region","Alias": "region","Startup Cost": 0.00,"Total Cost": 1.06,"Plan Rows": 1,"Plan Width": 4,"Actual Startup Time": 0.039,"Actual Total Time": 0.041,"Actual Rows": 1,"Actual Loops": 3,"Filter": "(r_name = 'MIDDLE EAST'::bpchar)","Rows Removed by Filter": 4,"Workers": []}]}]}]}]},{"Node Type": "Index Scan","Parent Relationship": "Inner","Parallel Aware": false,"Async Capable": false,"Scan Direction": "Forward","Index Name": "idx_orders_custkey","Relation Name": "orders","Alias": "orders","Startup Cost": 0.43,"Total Cost": 1.55,"Plan Rows": 3,"Plan Width": 8,"Actual Startup Time": 0.017,"Actual Total Time": 0.039,"Actual Rows": 2,"Actual Loops": 29904,"Index Cond": "(o_custkey = customer.c_custkey)","Rows Removed by Index Recheck": 0,"Filter": "((o_orderdate >= '1995-01-01'::date) AND (o_orderdate < '1996-01-01 00:00:00'::timestamp without time zone))","Rows Removed by Filter": 8,"Workers": []}]},{"Node Type": "Index Scan","Parent Relationship": "Inner","Parallel Aware": false,"Async Capable": false,"Scan Direction": "Forward","Index Name": "idx_lineitem_orderkey","Relation Name": "lineitem","Alias": "lineitem","Startup Cost": 0.43,"Total Cost": 2.87,"Plan Rows": 17,"Plan Width": 20,"Actual Startup Time": 0.017,"Actual Total Time": 0.019,"Actual Rows": 4,"Actual Loops": 45257,"Index Cond": "(l_orderkey = orders.o_orderkey)","Rows Removed by Index Recheck": 0,"Workers": []}]},{"Node Type": "Hash","Parent Relationship": "Inner","Parallel Aware": false,"Async Capable": false,"Startup Cost": 322.00,"Total Cost": 322.00,"Plan Rows": 10000,"Plan Width": 8,"Actual Startup Time": 12.822,"Actual Total Time": 12.826,"Actual Rows": 10000,"Actual Loops": 3,"Hash Buckets": 16384,"Original Hash Buckets": 16384,"Hash Batches": 1,"Original Hash Batches": 1,"Peak Memory Usage": 519,"Workers": [],"Plans": [{"Node Type": "Seq Scan","Parent Relationship": "Outer","Parallel Aware": false,"Async Capable": false,"Relation Name": "supplier","Alias": "supplier","Startup Cost": 0.00,"Total Cost": 322.00,"Plan Rows": 10000,"Plan Width": 8,"Actual Startup Time": 0.044,"Actual Total Time": 11.057,"Actual Rows": 10000,"Actual Loops": 3,"Workers": []}]}]}]}]}]}]}]},"Planning Time": 10.537,"Triggers": [],"Execution Time": 841.938}]
[{"Plan": {"Node Type": "Sort","Parallel Aware": false,"Async Capable": false,"Startup Cost": 21616.39,"Total Cost": 21616.45,"Plan Rows": 25,"Plan Width": 136,"Actual Startup Time": 802.725,"Actual Total Time": 834.940,"Actual Rows": 5,"Actual Loops": 1,"Sort Key": ["(sum((lineitem.l_extendedprice * ('1'::numeric - lineitem.l_discount)))) DESC"],"Sort Method": "quicksort","Sort Space Used": 25,"Sort Space Type": "Memory","Plans": [{"Node Type": "Aggregate","Strategy": "Sorted","Partial Mode": "Finalize","Parent Relationship": "Outer","Parallel Aware": false,"Async Capable": false,"Startup Cost": 21601.33,"Total Cost": 21615.81,"Plan Rows": 25,"Plan Width": 136,"Actual Startup Time": 802.089,"Actual Total Time": 834.889,"Actual Rows": 5,"Actual Loops": 1,"Group Key": ["nation.n_name"],"Plans": [{"Node Type": "Gather Merge","Parent Relationship": "Outer","Parallel Aware": false,"Async Capable": false,"Startup Cost": 21601.33,"Total Cost": 21615.12,"Plan Rows": 50,"Plan Width": 136,"Actual Startup Time": 801.869,"Actual Total Time": 834.838,"Actual Rows": 15,"Actual Loops": 1,"Workers Planned": 2,"Workers Launched": 2,"Plans": [{"Node Type": "Aggregate","Strategy": "Sorted","Partial Mode": "Partial","Parent Relationship": "Outer","Parallel Aware": false,"Async Capable": false,"Startup Cost": 20601.30,"Total Cost": 20609.33,"Plan Rows": 25,"Plan Width": 136,"Actual Startup Time": 794.218,"Actual Total Time": 794.940,"Actual Rows": 5,"Actual Loops": 3,"Group Key": ["nation.n_name"],"Workers": [],"Plans": [{"Node Type": "Sort","Parent Relationship": "Outer","Parallel Aware": false,"Async Capable": false,"Startup Cost": 20601.30,"Total Cost": 20602.85,"Plan Rows": 617,"Plan Width": 116,"Actual Startup Time": 793.996,"Actual Total Time": 794.120,"Actual Rows": 2469,"Actual Loops": 3,"Sort Key": ["nation.n_name"],"Sort Method": "quicksort","Sort Space Used": 296,"Sort Space Type": "Memory","Workers": [{"Worker Number": 0,"Sort Method": "quicksort","Sort Space Used": 284,"Sort Space Type": "Memory"},{"Worker Number": 1,"Sort Method": "quicksort","Sort Space Used": 288,"Sort Space Type": "Memory"}],"Plans": [{"Node Type": "Hash Join","Parent Relationship": "Outer","Parallel Aware": false,"Async Capable": false,"Join Type": "Inner","Startup Cost": 475.27,"Total Cost": 20572.71,"Plan Rows": 617,"Plan Width": 116,"Actual Startup Time": 14.848,"Actual Total Time": 792.432,"Actual Rows": 2469,"Actual Loops": 3,"Inner Unique": true,"Hash Cond": "((lineitem.l_suppkey = supplier.s_suppkey) AND (customer.c_nationkey = supplier.s_nationkey))","Workers": [],"Plans": [{"Node Type": "Nested Loop","Parent Relationship": "Outer","Parallel Aware": false,"Async Capable": false,"Join Type": "Inner","Startup Cost": 3.27,"Total Cost": 20019.70,"Plan Rows": 15431,"Plan Width": 128,"Actual Startup Time": 0.724,"Actual Total Time": 746.203,"Actual Rows": 60646,"Actual Loops": 3,"Inner Unique": false,"Workers": [],"Plans": [{"Node Type": "Nested Loop","Parent Relationship": "Outer","Parallel Aware": false,"Async Capable": false,"Join Type": "Inner","Startup Cost": 2.84,"Total Cost": 8414.26,"Plan Rows": 3857,"Plan Width": 116,"Actual Startup Time": 0.603,"Actual Total Time": 446.704,"Actual Rows": 15077,"Actual Loops": 3,"Inner Unique": false,"Workers": [],"Plans": [{"Node Type": "Hash Join","Parent Relationship": "Outer","Parallel Aware": false,"Async Capable": false,"Join Type": "Inner","Startup Cost": 2.41,"Total Cost": 4471.79,"Plan Rows": 2500,"Plan Width": 116,"Actual Startup Time": 0.232,"Actual Total Time": 54.148,"Actual Rows": 9968,"Actual Loops": 3,"Inner Unique": false,"Hash Cond": "(customer.c_nationkey = nation.n_nationkey)","Workers": [],"Plans": [{"Node Type": "Seq Scan","Parent Relationship": "Outer","Parallel Aware": true,"Async Capable": false,"Relation Name": "customer","Alias": "customer","Startup Cost": 0.00,"Total Cost": 4210.00,"Plan Rows": 62500,"Plan Width": 8,"Actual Startup Time": 0.016,"Actual Total Time": 9.432,"Actual Rows": 50000,"Actual Loops": 3,"Workers": []},{"Node Type": "Hash","Parent Relationship": "Inner","Parallel Aware": false,"Async Capable": false,"Startup Cost": 2.40,"Total Cost": 2.40,"Plan Rows": 1,"Plan Width": 108,"Actual Startup Time": 0.135,"Actual Total Time": 0.148,"Actual Rows": 5,"Actual Loops": 3,"Hash Buckets": 1024,"Original Hash Buckets": 1024,"Hash Batches": 1,"Original Hash Batches": 1,"Peak Memory Usage": 9,"Workers": [],"Plans": [{"Node Type": "Hash Join","Parent Relationship": "Outer","Parallel Aware": false,"Async Capable": false,"Join Type": "Inner","Startup Cost": 1.07,"Total Cost": 2.40,"Plan Rows": 1,"Plan Width": 108,"Actual Startup Time": 0.120,"Actual Total Time": 0.140,"Actual Rows": 5,"Actual Loops": 3,"Inner Unique": true,"Hash Cond": "(nation.n_regionkey = region.r_regionkey)","Workers": [],"Plans": [{"Node Type": "Seq Scan","Parent Relationship": "Outer","Parallel Aware": false,"Async Capable": false,"Relation Name": "nation","Alias": "nation","Startup Cost": 0.00,"Total Cost": 1.25,"Plan Rows": 25,"Plan Width": 112,"Actual Startup Time": 0.048,"Actual Total Time": 0.052,"Actual Rows": 25,"Actual Loops": 3,"Workers": []},{"Node Type": "Hash","Parent Relationship": "Inner","Parallel Aware": false,"Async Capable": false,"Startup Cost": 1.06,"Total Cost": 1.06,"Plan Rows": 1,"Plan Width": 4,"Actual Startup Time": 0.046,"Actual Total Time": 0.050,"Actual Rows": 1,"Actual Loops": 3,"Hash Buckets": 1024,"Original Hash Buckets": 1024,"Hash Batches": 1,"Original Hash Batches": 1,"Peak Memory Usage": 9,"Workers": [],"Plans": [{"Node Type": "Seq Scan","Parent Relationship": "Outer","Parallel Aware": false,"Async Capable": false,"Relation Name": "region","Alias": "region","Startup Cost": 0.00,"Total Cost": 1.06,"Plan Rows": 1,"Plan Width": 4,"Actual Startup Time": 0.033,"Actual Total Time": 0.035,"Actual Rows": 1,"Actual Loops": 3,"Filter": "(r_name = 'MIDDLE EAST'::bpchar)","Rows Removed by Filter": 4,"Workers": []}]}]}]}]},{"Node Type": "Index Scan","Parent Relationship": "Inner","Parallel Aware": false,"Async Capable": false,"Scan Direction": "Forward","Index Name": "idx_orders_custkey","Relation Name": "orders","Alias": "orders","Startup Cost": 0.43,"Total Cost": 1.55,"Plan Rows": 3,"Plan Width": 8,"Actual Startup Time": 0.017,"Actual Total Time": 0.039,"Actual Rows": 2,"Actual Loops": 29904,"Index Cond": "(o_custkey = customer.c_custkey)","Rows Removed by Index Recheck": 0,"Filter": "((o_orderdate >= '1996-01-01'::date) AND (o_orderdate < '1997-01-01 00:00:00'::timestamp without time zone))","Rows Removed by Filter": 8,"Workers": []}]},{"Node Type": "Index Scan","Parent Relationship": "Inner","Parallel Aware": false,"Async Capable": false,"Scan Direction": "Forward","Index Name": "idx_lineitem_orderkey","Relation Name": "lineitem","Alias": "lineitem","Startup Cost": 0.43,"Total Cost": 2.84,"Plan Rows": 17,"Plan Width": 20,"Actual Startup Time": 0.016,"Actual Total Time": 0.019,"Actual Rows": 4,"Actual Loops": 45231,"Index Cond": "(l_orderkey = orders.o_orderkey)","Rows Removed by Index Recheck": 0,"Workers": []}]},{"Node Type": "Hash","Parent Relationship": "Inner","Parallel Aware": false,"Async Capable": false,"Startup Cost": 322.00,"Total Cost": 322.00,"Plan Rows": 10000,"Plan Width": 8,"Actual Startup Time": 13.111,"Actual Total Time": 13.116,"Actual Rows": 10000,"Actual Loops": 3,"Hash Buckets": 16384,"Original Hash Buckets": 16384,"Hash Batches": 1,"Original Hash Batches": 1,"Peak Memory Usage": 519,"Workers": [],"Plans": [{"Node Type": "Seq Scan","Parent Relationship": "Outer","Parallel Aware": false,"Async Capable": false,"Relation Name": "supplier","Alias": "supplier","Startup Cost": 0.00,"Total Cost": 322.00,"Plan Rows": 10000,"Plan Width": 8,"Actual Startup Time": 0.041,"Actual Total Time": 11.446,"Actual Rows": 10000,"Actual Loops": 3,"Workers": []}]}]}]}]}]}]}]},"Planning Time": 10.334,"Triggers": [],"Execution Time": 835.373}]
[{"Plan": {"Node Type": "Sort","Parallel Aware": false,"Async Capable": false,"Startup Cost": 21565.81,"Total Cost": 21565.87,"Plan Rows": 25,"Plan Width": 136,"Actual Startup Time": 823.071,"Actual Total Time": 855.607,"Actual Rows": 5,"Actual Loops": 1,"Sort Key": ["(sum((lineitem.l_extendedprice * ('1'::numeric - lineitem.l_discount)))) DESC"],"Sort Method": "quicksort","Sort Space Used": 25,"Sort Space Type": "Memory","Plans": [{"Node Type": "Aggregate","Strategy": "Sorted","Partial Mode": "Finalize","Parent Relationship": "Outer","Parallel Aware": false,"Async Capable": false,"Startup Cost": 21550.86,"Total Cost": 21565.23,"Plan Rows": 25,"Plan Width": 136,"Actual Startup Time": 822.468,"Actual Total Time": 855.547,"Actual Rows": 5,"Actual Loops": 1,"Group Key": ["nation.n_name"],"Plans": [{"Node Type": "Gather Merge","Parent Relationship": "Outer","Parallel Aware": false,"Async Capable": false,"Startup Cost": 21550.86,"Total Cost": 21564.54,"Plan Rows": 50,"Plan Width": 136,"Actual Startup Time": 822.203,"Actual Total Time": 855.489,"Actual Rows": 15,"Actual Loops": 1,"Workers Planned": 2,"Workers Launched": 2,"Plans": [{"Node Type": "Aggregate","Strategy": "Sorted","Partial Mode": "Partial","Parent Relationship": "Outer","Parallel Aware": false,"Async Capable": false,"Startup Cost": 20550.84,"Total Cost": 20558.75,"Plan Rows": 25,"Plan Width": 136,"Actual Startup Time": 814.240,"Actual Total Time": 814.959,"Actual Rows": 5,"Actual Loops": 3,"Group Key": ["nation.n_name"],"Workers": [],"Plans": [{"Node Type": "Sort","Parent Relationship": "Outer","Parallel Aware": false,"Async Capable": false,"Startup Cost": 20550.84,"Total Cost": 20552.36,"Plan Rows": 608,"Plan Width": 116,"Actual Startup Time": 814.029,"Actual Total Time": 814.149,"Actual Rows": 2473,"Actual Loops": 3,"Sort Key": ["nation.n_name"],"Sort Method": "quicksort","Sort Space Used": 297,"Sort Space Type": "Memory","Workers": [{"Worker Number": 0,"Sort Method": "quicksort","Sort Space Used": 287,"Sort Space Type": "Memory"},{"Worker Number": 1,"Sort Method": "quicksort","Sort Space Used": 284,"Sort Space Type": "Memory"}],"Plans": [{"Node Type": "Hash Join","Parent Relationship": "Outer","Parallel Aware": false,"Async Capable": false,"Join Type": "Inner","Startup Cost": 475.27,"Total Cost": 20522.72,"Plan Rows": 608,"Plan Width": 116,"Actual Startup Time": 11.318,"Actual Total Time": 812.483,"Actual Rows": 2473,"Actual Loops": 3,"Inner Unique": true,"Hash Cond": "((lineitem.l_suppkey = supplier.s_suppkey) AND (customer.c_nationkey = supplier.s_nationkey))","Workers": [],"Plans": [{"Node Type": "Nested Loop","Parent Relationship": "Outer","Parallel Aware": false,"Async Capable": false,"Join Type": "Inner","Startup Cost": 3.27,"Total Cost": 19970.84,"Plan Rows": 15215,"Plan Width": 128,"Actual Startup Time": 0.595,"Actual Total Time": 768.935,"Actual Rows": 60276,"Actual Loops": 3,"Inner Unique": false,"Workers": [],"Plans": [{"Node Type": "Nested Loop","Parent Relationship": "Outer","Parallel Aware": false,"Async Capable": false,"Join Type": "Inner","Startup Cost": 2.84,"Total Cost": 8414.26,"Plan Rows": 3803,"Plan Width": 116,"Actual Startup Time": 0.466,"Actual Total Time": 464.532,"Actual Rows": 15032,"Actual Loops": 3,"Inner Unique": false,"Workers": [],"Plans": [{"Node Type": "Hash Join","Parent Relationship": "Outer","Parallel Aware": false,"Async Capable": false,"Join Type": "Inner","Startup Cost": 2.41,"Total Cost": 4471.79,"Plan Rows": 2500,"Plan Width": 116,"Actual Startup Time": 0.243,"Actual Total Time": 60.744,"Actual Rows": 9968,"Actual Loops": 3,"Inner Unique": false,"Hash Cond": "(customer.c_nationkey = nation.n_nationkey)","Workers": [],"Plans": [{"Node Type": "Seq Scan","Parent Relationship": "Outer","Parallel Aware": true,"Async Capable": false,"Relation Name": "customer","Alias": "customer","Startup Cost": 0.00,"Total Cost": 4210.00,"Plan Rows": 62500,"Plan Width": 8,"Actual Startup Time": 0.012,"Actual Total Time": 10.205,"Actual Rows": 50000,"Actual Loops": 3,"Workers": []},{"Node Type": "Hash","Parent Relationship": "Inner","Parallel Aware": false,"Async Capable": false,"Startup Cost": 2.40,"Total Cost": 2.40,"Plan Rows": 1,"Plan Width": 108,"Actual Startup Time": 0.142,"Actual Total Time": 0.157,"Actual Rows": 5,"Actual Loops": 3,"Hash Buckets": 1024,"Original Hash Buckets": 1024,"Hash Batches": 1,"Original Hash Batches": 1,"Peak Memory Usage": 9,"Workers": [],"Plans": [{"Node Type": "Hash Join","Parent Relationship": "Outer","Parallel Aware": false,"Async Capable": false,"Join Type": "Inner","Startup Cost": 1.07,"Total Cost": 2.40,"Plan Rows": 1,"Plan Width": 108,"Actual Startup Time": 0.130,"Actual Total Time": 0.149,"Actual Rows": 5,"Actual Loops": 3,"Inner Unique": true,"Hash Cond": "(nation.n_regionkey = region.r_regionkey)","Workers": [],"Plans": [{"Node Type": "Seq Scan","Parent Relationship": "Outer","Parallel Aware": false,"Async Capable": false,"Relation Name": "nation","Alias": "nation","Startup Cost": 0.00,"Total Cost": 1.25,"Plan Rows": 25,"Plan Width": 112,"Actual Startup Time": 0.040,"Actual Total Time": 0.044,"Actual Rows": 25,"Actual Loops": 3,"Workers": []},{"Node Type": "Hash","Parent Relationship": "Inner","Parallel Aware": false,"Async Capable": false,"Startup Cost": 1.06,"Total Cost": 1.06,"Plan Rows": 1,"Plan Width": 4,"Actual Startup Time": 0.063,"Actual Total Time": 0.068,"Actual Rows": 1,"Actual Loops": 3,"Hash Buckets": 1024,"Original Hash Buckets": 1024,"Hash Batches": 1,"Original Hash Batches": 1,"Peak Memory Usage": 9,"Workers": [],"Plans": [{"Node Type": "Seq Scan","Parent Relationship": "Outer","Parallel Aware": false,"Async Capable": false,"Relation Name": "region","Alias": "region","Startup Cost": 0.00,"Total Cost": 1.06,"Plan Rows": 1,"Plan Width": 4,"Actual Startup Time": 0.045,"Actual Total Time": 0.047,"Actual Rows": 1,"Actual Loops": 3,"Filter": "(r_name = 'MIDDLE EAST'::bpchar)","Rows Removed by Filter": 4,"Workers": []}]}]}]}]},{"Node Type": "Index Scan","Parent Relationship": "Inner","Parallel Aware": false,"Async Capable": false,"Scan Direction": "Forward","Index Name": "idx_orders_custkey","Relation Name": "orders","Alias": "orders","Startup Cost": 0.43,"Total Cost": 1.55,"Plan Rows": 3,"Plan Width": 8,"Actual Startup Time": 0.017,"Actual Total Time": 0.040,"Actual Rows": 2,"Actual Loops": 29904,"Index Cond": "(o_custkey = customer.c_custkey)","Rows Removed by Index Recheck": 0,"Filter": "((o_orderdate >= '1997-01-01'::date) AND (o_orderdate < '1998-01-01 00:00:00'::timestamp without time zone))","Rows Removed by Filter": 8,"Workers": []}]},{"Node Type": "Index Scan","Parent Relationship": "Inner","Parallel Aware": false,"Async Capable": false,"Scan Direction": "Forward","Index Name": "idx_lineitem_orderkey","Relation Name": "lineitem","Alias": "lineitem","Startup Cost": 0.43,"Total Cost": 2.87,"Plan Rows": 17,"Plan Width": 20,"Actual Startup Time": 0.017,"Actual Total Time": 0.019,"Actual Rows": 4,"Actual Loops": 45096,"Index Cond": "(l_orderkey = orders.o_orderkey)","Rows Removed by Index Recheck": 0,"Workers": []}]},{"Node Type": "Hash","Parent Relationship": "Inner","Parallel Aware": false,"Async Capable": false,"Startup Cost": 322.00,"Total Cost": 322.00,"Plan Rows": 10000,"Plan Width": 8,"Actual Startup Time": 9.890,"Actual Total Time": 9.894,"Actual Rows": 10000,"Actual Loops": 3,"Hash Buckets": 16384,"Original Hash Buckets": 16384,"Hash Batches": 1,"Original Hash Batches": 1,"Peak Memory Usage": 519,"Workers": [],"Plans": [{"Node Type": "Seq Scan","Parent Relationship": "Outer","Parallel Aware": false,"Async Capable": false,"Relation Name": "supplier","Alias": "supplier","Startup Cost": 0.00,"Total Cost": 322.00,"Plan Rows": 10000,"Plan Width": 8,"Actual Startup Time": 0.039,"Actual Total Time": 7.896,"Actual Rows": 10000,"Actual Loops": 3,"Workers": []}]}]}]}]}]}]}]},"Planning Time": 11.619,"Triggers": [],"Execution Time": 856.108}]
[{"Plan": {"Node Type": "Sort","Parallel Aware": false,"Async Capable": false,"Startup Cost": 21565.24,"Total Cost": 21565.30,"Plan Rows": 25,"Plan Width": 136,"Actual Startup Time": 803.148,"Actual Total Time": 837.225,"Actual Rows": 5,"Actual Loops": 1,"Sort Key": ["(sum((lineitem.l_extendedprice * ('1'::numeric - lineitem.l_discount)))) DESC"],"Sort Method": "quicksort","Sort Space Used": 25,"Sort Space Type": "Memory","Plans": [{"Node Type": "Aggregate","Strategy": "Sorted","Partial Mode": "Finalize","Parent Relationship": "Outer","Parallel Aware": false,"Async Capable": false,"Startup Cost": 21550.29,"Total Cost": 21564.66,"Plan Rows": 25,"Plan Width": 136,"Actual Startup Time": 802.551,"Actual Total Time": 837.165,"Actual Rows": 5,"Actual Loops": 1,"Group Key": ["nation.n_name"],"Plans": [{"Node Type": "Gather Merge","Parent Relationship": "Outer","Parallel Aware": false,"Async Capable": false,"Startup Cost": 21550.29,"Total Cost": 21563.97,"Plan Rows": 50,"Plan Width": 136,"Actual Startup Time": 802.343,"Actual Total Time": 837.116,"Actual Rows": 15,"Actual Loops": 1,"Workers Planned": 2,"Workers Launched": 2,"Plans": [{"Node Type": "Aggregate","Strategy": "Sorted","Partial Mode": "Partial","Parent Relationship": "Outer","Parallel Aware": false,"Async Capable": false,"Startup Cost": 20550.26,"Total Cost": 20558.18,"Plan Rows": 25,"Plan Width": 136,"Actual Startup Time": 794.724,"Actual Total Time": 795.426,"Actual Rows": 5,"Actual Loops": 3,"Group Key": ["nation.n_name"],"Workers": [],"Plans": [{"Node Type": "Sort","Parent Relationship": "Outer","Parallel Aware": false,"Async Capable": false,"Startup Cost": 20550.26,"Total Cost": 20551.78,"Plan Rows": 608,"Plan Width": 116,"Actual Startup Time": 794.492,"Actual Total Time": 794.616,"Actual Rows": 2402,"Actual Loops": 3,"Sort Key": ["nation.n_name"],"Sort Method": "quicksort","Sort Space Used": 284,"Sort Space Type": "Memory","Workers": [{"Worker Number": 0,"Sort Method": "quicksort","Sort Space Used": 278,"Sort Space Type": "Memory"},{"Worker Number": 1,"Sort Method": "quicksort","Sort Space Used": 290,"Sort Space Type": "Memory"}],"Plans": [{"Node Type": "Hash Join","Parent Relationship": "Outer","Parallel Aware": false,"Async Capable": false,"Join Type": "Inner","Startup Cost": 475.27,"Total Cost": 20522.15,"Plan Rows": 608,"Plan Width": 116,"Actual Startup Time": 9.804,"Actual Total Time": 792.945,"Actual Rows": 2402,"Actual Loops": 3,"Inner Unique": true,"Hash Cond": "((lineitem.l_suppkey = supplier.s_suppkey) AND (customer.c_nationkey = supplier.s_nationkey))","Workers": [],"Plans": [{"Node Type": "Nested Loop","Parent Relationship": "Outer","Parallel Aware": false,"Async Capable": false,"Join Type": "Inner","Startup Cost": 3.27,"Total Cost": 19970.29,"Plan Rows": 15211,"Plan Width": 128,"Actual Startup Time": 0.739,"Actual Total Time": 751.905,"Actual Rows": 60896,"Actual Loops": 3,"Inner Unique": false,"Workers": [],"Plans": [{"Node Type": "Nested Loop","Parent Relationship": "Outer","Parallel Aware": false,"Async Capable": false,"Join Type": "Inner","Startup Cost": 2.84,"Total Cost": 8414.26,"Plan Rows": 3802,"Plan Width": 116,"Actual Startup Time": 0.610,"Actual Total Time": 448.155,"Actual Rows": 15274,"Actual Loops": 3,"Inner Unique": false,"Workers": [],"Plans": [{"Node Type": "Hash Join","Parent Relationship": "Outer","Parallel Aware": false,"Async Capable": false,"Join Type": "Inner","Startup Cost": 2.41,"Total Cost": 4471.79,"Plan Rows": 2500,"Plan Width": 116,"Actual Startup Time": 0.268,"Actual Total Time": 53.804,"Actual Rows": 9921,"Actual Loops": 3,"Inner Unique": false,"Hash Cond": "(customer.c_nationkey = nation.n_nationkey)","Workers": [],"Plans": [{"Node Type": "Seq Scan","Parent Relationship": "Outer","Parallel Aware": true,"Async Capable": false,"Relation Name": "customer","Alias": "customer","Startup Cost": 0.00,"Total Cost": 4210.00,"Plan Rows": 62500,"Plan Width": 8,"Actual Startup Time": 0.020,"Actual Total Time": 9.563,"Actual Rows": 50000,"Actual Loops": 3,"Workers": []},{"Node Type": "Hash","Parent Relationship": "Inner","Parallel Aware": false,"Async Capable": false,"Startup Cost": 2.40,"Total Cost": 2.40,"Plan Rows": 1,"Plan Width": 108,"Actual Startup Time": 0.161,"Actual Total Time": 0.176,"Actual Rows": 5,"Actual Loops": 3,"Hash Buckets": 1024,"Original Hash Buckets": 1024,"Hash Batches": 1,"Original Hash Batches": 1,"Peak Memory Usage": 9,"Workers": [],"Plans": [{"Node Type": "Hash Join","Parent Relationship": "Outer","Parallel Aware": false,"Async Capable": false,"Join Type": "Inner","Startup Cost": 1.07,"Total Cost": 2.40,"Plan Rows": 1,"Plan Width": 108,"Actual Startup Time": 0.143,"Actual Total Time": 0.167,"Actual Rows": 5,"Actual Loops": 3,"Inner Unique": true,"Hash Cond": "(nation.n_regionkey = region.r_regionkey)","Workers": [],"Plans": [{"Node Type": "Seq Scan","Parent Relationship": "Outer","Parallel Aware": false,"Async Capable": false,"Relation Name": "nation","Alias": "nation","Startup Cost": 0.00,"Total Cost": 1.25,"Plan Rows": 25,"Plan Width": 112,"Actual Startup Time": 0.052,"Actual Total Time": 0.056,"Actual Rows": 25,"Actual Loops": 3,"Workers": []},{"Node Type": "Hash","Parent Relationship": "Inner","Parallel Aware": false,"Async Capable": false,"Startup Cost": 1.06,"Total Cost": 1.06,"Plan Rows": 1,"Plan Width": 4,"Actual Startup Time": 0.061,"Actual Total Time": 0.066,"Actual Rows": 1,"Actual Loops": 3,"Hash Buckets": 1024,"Original Hash Buckets": 1024,"Hash Batches": 1,"Original Hash Batches": 1,"Peak Memory Usage": 9,"Workers": [],"Plans": [{"Node Type": "Seq Scan","Parent Relationship": "Outer","Parallel Aware": false,"Async Capable": false,"Relation Name": "region","Alias": "region","Startup Cost": 0.00,"Total Cost": 1.06,"Plan Rows": 1,"Plan Width": 4,"Actual Startup Time": 0.046,"Actual Total Time": 0.049,"Actual Rows": 1,"Actual Loops": 3,"Filter": "(r_name = 'AFRICA'::bpchar)","Rows Removed by Filter": 4,"Workers": []}]}]}]}]},{"Node Type": "Index Scan","Parent Relationship": "Inner","Parallel Aware": false,"Async Capable": false,"Scan Direction": "Forward","Index Name": "idx_orders_custkey","Relation Name": "orders","Alias": "orders","Startup Cost": 0.43,"Total Cost": 1.55,"Plan Rows": 3,"Plan Width": 8,"Actual Startup Time": 0.017,"Actual Total Time": 0.039,"Actual Rows": 2,"Actual Loops": 29764,"Index Cond": "(o_custkey = customer.c_custkey)","Rows Removed by Index Recheck": 0,"Filter": "((o_orderdate >= '1995-01-01'::date) AND (o_orderdate < '1996-01-01 00:00:00'::timestamp without time zone))","Rows Removed by Filter": 9,"Workers": []}]},{"Node Type": "Index Scan","Parent Relationship": "Inner","Parallel Aware": false,"Async Capable": false,"Scan Direction": "Forward","Index Name": "idx_lineitem_orderkey","Relation Name": "lineitem","Alias": "lineitem","Startup Cost": 0.43,"Total Cost": 2.87,"Plan Rows": 17,"Plan Width": 20,"Actual Startup Time": 0.017,"Actual Total Time": 0.019,"Actual Rows": 4,"Actual Loops": 45822,"Index Cond": "(l_orderkey = orders.o_orderkey)","Rows Removed by Index Recheck": 0,"Workers": []}]},{"Node Type": "Hash","Parent Relationship": "Inner","Parallel Aware": false,"Async Capable": false,"Startup Cost": 322.00,"Total Cost": 322.00,"Plan Rows": 10000,"Plan Width": 8,"Actual Startup Time": 8.249,"Actual Total Time": 8.253,"Actual Rows": 10000,"Actual Loops": 3,"Hash Buckets": 16384,"Original Hash Buckets": 16384,"Hash Batches": 1,"Original Hash Batches": 1,"Peak Memory Usage": 519,"Workers": [],"Plans": [{"Node Type": "Seq Scan","Parent Relationship": "Outer","Parallel Aware": false,"Async Capable": false,"Relation Name": "supplier","Alias": "supplier","Startup Cost": 0.00,"Total Cost": 322.00,"Plan Rows": 10000,"Plan Width": 8,"Actual Startup Time": 0.043,"Actual Total Time": 6.388,"Actual Rows": 10000,"Actual Loops": 3,"Workers": []}]}]}]}]}]}]}]},"Planning Time": 10.225,"Triggers": [],"Execution Time": 837.854}]
[{"Plan": {"Node Type": "Sort","Parallel Aware": false,"Async Capable": false,"Startup Cost": 21565.24,"Total Cost": 21565.30,"Plan Rows": 25,"Plan Width": 136,"Actual Startup Time": 809.309,"Actual Total Time": 841.501,"Actual Rows": 5,"Actual Loops": 1,"Sort Key": ["(sum((lineitem.l_extendedprice * ('1'::numeric - lineitem.l_discount)))) DESC"],"Sort Method": "quicksort","Sort Space Used": 25,"Sort Space Type": "Memory","Plans": [{"Node Type": "Aggregate","Strategy": "Sorted","Partial Mode": "Finalize","Parent Relationship": "Outer","Parallel Aware": false,"Async Capable": false,"Startup Cost": 21550.29,"Total Cost": 21564.66,"Plan Rows": 25,"Plan Width": 136,"Actual Startup Time": 808.678,"Actual Total Time": 841.457,"Actual Rows": 5,"Actual Loops": 1,"Group Key": ["nation.n_name"],"Plans": [{"Node Type": "Gather Merge","Parent Relationship": "Outer","Parallel Aware": false,"Async Capable": false,"Startup Cost": 21550.29,"Total Cost": 21563.97,"Plan Rows": 50,"Plan Width": 136,"Actual Startup Time": 808.243,"Actual Total Time": 841.406,"Actual Rows": 15,"Actual Loops": 1,"Workers Planned": 2,"Workers Launched": 2,"Plans": [{"Node Type": "Aggregate","Strategy": "Sorted","Partial Mode": "Partial","Parent Relationship": "Outer","Parallel Aware": false,"Async Capable": false,"Startup Cost": 20550.26,"Total Cost": 20558.18,"Plan Rows": 25,"Plan Width": 136,"Actual Startup Time": 800.586,"Actual Total Time": 801.383,"Actual Rows": 5,"Actual Loops": 3,"Group Key": ["nation.n_name"],"Workers": [],"Plans": [{"Node Type": "Sort","Parent Relationship": "Outer","Parallel Aware": false,"Async Capable": false,"Startup Cost": 20550.26,"Total Cost": 20551.78,"Plan Rows": 608,"Plan Width": 116,"Actual Startup Time": 800.370,"Actual Total Time": 800.511,"Actual Rows": 2409,"Actual Loops": 3,"Sort Key": ["nation.n_name"],"Sort Method": "quicksort","Sort Space Used": 290,"Sort Space Type": "Memory","Workers": [{"Worker Number": 0,"Sort Method": "quicksort","Sort Space Used": 281,"Sort Space Type": "Memory"},{"Worker Number": 1,"Sort Method": "quicksort","Sort Space Used": 283,"Sort Space Type": "Memory"}],"Plans": [{"Node Type": "Hash Join","Parent Relationship": "Outer","Parallel Aware": false,"Async Capable": false,"Join Type": "Inner","Startup Cost": 475.27,"Total Cost": 20522.15,"Plan Rows": 608,"Plan Width": 116,"Actual Startup Time": 14.807,"Actual Total Time": 798.884,"Actual Rows": 2409,"Actual Loops": 3,"Inner Unique": true,"Hash Cond": "((lineitem.l_suppkey = supplier.s_suppkey) AND (customer.c_nationkey = supplier.s_nationkey))","Workers": [],"Plans": [{"Node Type": "Nested Loop","Parent Relationship": "Outer","Parallel Aware": false,"Async Capable": false,"Join Type": "Inner","Startup Cost": 3.27,"Total Cost": 19970.29,"Plan Rows": 15211,"Plan Width": 128,"Actual Startup Time": 0.571,"Actual Total Time": 753.021,"Actual Rows": 60135,"Actual Loops": 3,"Inner Unique": false,"Workers": [],"Plans": [{"Node Type": "Nested Loop","Parent Relationship": "Outer","Parallel Aware": false,"Async Capable": false,"Join Type": "Inner","Startup Cost": 2.84,"Total Cost": 8414.26,"Plan Rows": 3802,"Plan Width": 116,"Actual Startup Time": 0.432,"Actual Total Time": 448.470,"Actual Rows": 15086,"Actual Loops": 3,"Inner Unique": false,"Workers": [],"Plans": [{"Node Type": "Hash Join","Parent Relationship": "Outer","Parallel Aware": false,"Async Capable": false,"Join Type": "Inner","Startup Cost": 2.41,"Total Cost": 4471.79,"Plan Rows": 2500,"Plan Width": 116,"Actual Startup Time": 0.234,"Actual Total Time": 55.967,"Actual Rows": 9968,"Actual Loops": 3,"Inner Unique": false,"Hash Cond": "(customer.c_nationkey = nation.n_nationkey)","Workers": [],"Plans": [{"Node Type": "Seq Scan","Parent Relationship": "Outer","Parallel Aware": true,"Async Capable": false,"Relation Name": "customer","Alias": "customer","Startup Cost": 0.00,"Total Cost": 4210.00,"Plan Rows": 62500,"Plan Width": 8,"Actual Startup Time": 0.014,"Actual Total Time": 9.575,"Actual Rows": 50000,"Actual Loops": 3,"Workers": []},{"Node Type": "Hash","Parent Relationship": "Inner","Parallel Aware": false,"Async Capable": false,"Startup Cost": 2.40,"Total Cost": 2.40,"Plan Rows": 1,"Plan Width": 108,"Actual Startup Time": 0.143,"Actual Total Time": 0.166,"Actual Rows": 5,"Actual Loops": 3,"Hash Buckets": 1024,"Original Hash Buckets": 1024,"Hash Batches": 1,"Original Hash Batches": 1,"Peak Memory Usage": 9,"Workers": [],"Plans": [{"Node Type": "Hash Join","Parent Relationship": "Outer","Parallel Aware": false,"Async Capable": false,"Join Type": "Inner","Startup Cost": 1.07,"Total Cost": 2.40,"Plan Rows": 1,"Plan Width": 108,"Actual Startup Time": 0.129,"Actual Total Time": 0.155,"Actual Rows": 5,"Actual Loops": 3,"Inner Unique": true,"Hash Cond": "(nation.n_regionkey = region.r_regionkey)","Workers": [],"Plans": [{"Node Type": "Seq Scan","Parent Relationship": "Outer","Parallel Aware": false,"Async Capable": false,"Relation Name": "nation","Alias": "nation","Startup Cost": 0.00,"Total Cost": 1.25,"Plan Rows": 25,"Plan Width": 112,"Actual Startup Time": 0.047,"Actual Total Time": 0.051,"Actual Rows": 25,"Actual Loops": 3,"Workers": []},{"Node Type": "Hash","Parent Relationship": "Inner","Parallel Aware": false,"Async Capable": false,"Startup Cost": 1.06,"Total Cost": 1.06,"Plan Rows": 1,"Plan Width": 4,"Actual Startup Time": 0.054,"Actual Total Time": 0.064,"Actual Rows": 1,"Actual Loops": 3,"Hash Buckets": 1024,"Original Hash Buckets": 1024,"Hash Batches": 1,"Original Hash Batches": 1,"Peak Memory Usage": 9,"Workers": [],"Plans": [{"Node Type": "Seq Scan","Parent Relationship": "Outer","Parallel Aware": false,"Async Capable": false,"Relation Name": "region","Alias": "region","Startup Cost": 0.00,"Total Cost": 1.06,"Plan Rows": 1,"Plan Width": 4,"Actual Startup Time": 0.039,"Actual Total Time": 0.041,"Actual Rows": 1,"Actual Loops": 3,"Filter": "(r_name = 'MIDDLE EAST'::bpchar)","Rows Removed by Filter": 4,"Workers": []}]}]}]}]},{"Node Type": "Index Scan","Parent Relationship": "Inner","Parallel Aware": false,"Async Capable": false,"Scan Direction": "Forward","Index Name": "idx_orders_custkey","Relation Name": "orders","Alias": "orders","Startup Cost": 0.43,"Total Cost": 1.55,"Plan Rows": 3,"Plan Width": 8,"Actual Startup Time": 0.017,"Actual Total Time": 0.039,"Actual Rows": 2,"Actual Loops": 29904,"Index Cond": "(o_custkey = customer.c_custkey)","Rows Removed by Index Recheck": 0,"Filter": "((o_orderdate >= '1995-01-01'::date) AND (o_orderdate < '1996-01-01 00:00:00'::timestamp without time zone))","Rows Removed by Filter": 8,"Workers": []}]},{"Node Type": "Index Scan","Parent Relationship": "Inner","Parallel Aware": false,"Async Capable": false,"Scan Direction": "Forward","Index Name": "idx_lineitem_orderkey","Relation Name": "lineitem","Alias": "lineitem","Startup Cost": 0.43,"Total Cost": 2.87,"Plan Rows": 17,"Plan Width": 20,"Actual Startup Time": 0.017,"Actual Total Time": 0.019,"Actual Rows": 4,"Actual Loops": 45257,"Index Cond": "(l_orderkey = orders.o_orderkey)","Rows Removed by Index Recheck": 0,"Workers": []}]},{"Node Type": "Hash","Parent Relationship": "Inner","Parallel Aware": false,"Async Capable": false,"Startup Cost": 322.00,"Total Cost": 322.00,"Plan Rows": 10000,"Plan Width": 8,"Actual Startup Time": 12.822,"Actual Total Time": 12.826,"Actual Rows": 10000,"Actual Loops": 3,"Hash Buckets": 16384,"Original Hash Buckets": 16384,"Hash Batches": 1,"Original Hash Batches": 1,"Peak Memory Usage": 519,"Workers": [],"Plans": [{"Node Type": "Seq Scan","Parent Relationship": "Outer","Parallel Aware": false,"Async Capable": false,"Relation Name": "supplier","Alias": "supplier","Startup Cost": 0.00,"Total Cost": 322.00,"Plan Rows": 10000,"Plan Width": 8,"Actual Startup Time": 0.044,"Actual Total Time": 11.057,"Actual Rows": 10000,"Actual Loops": 3,"Workers": []}]}]}]}]}]}]}]},"Planning Time": 10.537,"Triggers": [],"Execution Time": 841.938}]
[{"Plan": {"Node Type": "Sort","Parallel Aware": false,"Async Capable": false,"Startup Cost": 21565.24,"Total Cost": 21565.30,"Plan Rows": 25,"Plan Width": 136,"Actual Startup Time": 809.309,"Actual Total Time": 841.501,"Actual Rows": 5,"Actual Loops": 1,"Sort Key": ["(sum((lineitem.l_extendedprice * ('1'::numeric - lineitem.l_discount)))) DESC"],"Sort Method": "quicksort","Sort Space Used": 25,"Sort Space Type": "Memory","Plans": [{"Node Type": "Aggregate","Strategy": "Sorted","Partial Mode": "Finalize","Parent Relationship": "Outer","Parallel Aware": false,"Async Capable": false,"Startup Cost": 21550.29,"Total Cost": 21564.66,"Plan Rows": 25,"Plan Width": 136,"Actual Startup Time": 808.678,"Actual Total Time": 841.457,"Actual Rows": 5,"Actual Loops": 1,"Group Key": ["nation.n_name"],"Plans": [{"Node Type": "Gather Merge","Parent Relationship": "Outer","Parallel Aware": false,"Async Capable": false,"Startup Cost": 21550.29,"Total Cost": 21563.97,"Plan Rows": 50,"Plan Width": 136,"Actual Startup Time": 808.243,"Actual Total Time": 841.406,"Actual Rows": 15,"Actual Loops": 1,"Workers Planned": 2,"Workers Launched": 2,"Plans": [{"Node Type": "Aggregate","Strategy": "Sorted","Partial Mode": "Partial","Parent Relationship": "Outer","Parallel Aware": false,"Async Capable": false,"Startup Cost": 20550.26,"Total Cost": 20558.18,"Plan Rows": 25,"Plan Width": 136,"Actual Startup Time": 800.586,"Actual Total Time": 801.383,"Actual Rows": 5,"Actual Loops": 3,"Group Key": ["nation.n_name"],"Workers": [],"Plans": [{"Node Type": "Sort","Parent Relationship": "Outer","Parallel Aware": false,"Async Capable": false,"Startup Cost": 20550.26,"Total Cost": 20551.78,"Plan Rows": 608,"Plan Width": 116,"Actual Startup Time": 800.370,"Actual Total Time": 800.511,"Actual Rows": 2409,"Actual Loops": 3,"Sort Key": ["nation.n_name"],"Sort Method": "quicksort","Sort Space Used": 290,"Sort Space Type": "Memory","Workers": [{"Worker Number": 0,"Sort Method": "quicksort","Sort Space Used": 281,"Sort Space Type": "Memory"},{"Worker Number": 1,"Sort Method": "quicksort","Sort Space Used": 283,"Sort Space Type": "Memory"}],"Plans": [{"Node Type": "Hash Join","Parent Relationship": "Outer","Parallel Aware": false,"Async Capable": false,"Join Type": "Inner","Startup Cost": 475.27,"Total Cost": 20522.15,"Plan Rows": 608,"Plan Width": 116,"Actual Startup Time": 14.807,"Actual Total Time": 798.884,"Actual Rows": 2409,"Actual Loops": 3,"Inner Unique": true,"Hash Cond": "((lineitem.l_suppkey = supplier.s_suppkey) AND (customer.c_nationkey = supplier.s_nationkey))","Workers": [],"Plans": [{"Node Type": "Nested Loop","Parent Relationship": "Outer","Parallel Aware": false,"Async Capable": false,"Join Type": "Inner","Startup Cost": 3.27,"Total Cost": 19970.29,"Plan Rows": 15211,"Plan Width": 128,"Actual Startup Time": 0.571,"Actual Total Time": 753.021,"Actual Rows": 60135,"Actual Loops": 3,"Inner Unique": false,"Workers": [],"Plans": [{"Node Type": "Nested Loop","Parent Relationship": "Outer","Parallel Aware": false,"Async Capable": false,"Join Type": "Inner","Startup Cost": 2.84,"Total Cost": 8414.26,"Plan Rows": 3802,"Plan Width": 116,"Actual Startup Time": 0.432,"Actual Total Time": 448.470,"Actual Rows": 15086,"Actual Loops": 3,"Inner Unique": false,"Workers": [],"Plans": [{"Node Type": "Hash Join","Parent Relationship": "Outer","Parallel Aware": false,"Async Capable": false,"Join Type": "Inner","Startup Cost": 2.41,"Total Cost": 4471.79,"Plan Rows": 2500,"Plan Width": 116,"Actual Startup Time": 0.234,"Actual Total Time": 55.967,"Actual Rows": 9968,"Actual Loops": 3,"Inner Unique": false,"Hash Cond": "(customer.c_nationkey = nation.n_nationkey)","Workers": [],"Plans": [{"Node Type": "Seq Scan","Parent Relationship": "Outer","Parallel Aware": true,"Async Capable": false,"Relation Name": "customer","Alias": "customer","Startup Cost": 0.00,"Total Cost": 4210.00,"Plan Rows": 62500,"Plan Width": 8,"Actual Startup Time": 0.014,"Actual Total Time": 9.575,"Actual Rows": 50000,"Actual Loops": 3,"Workers": []},{"Node Type": "Hash","Parent Relationship": "Inner","Parallel Aware": false,"Async Capable": false,"Startup Cost": 2.40,"Total Cost": 2.40,"Plan Rows": 1,"Plan Width": 108,"Actual Startup Time": 0.143,"Actual Total Time": 0.166,"Actual Rows": 5,"Actual Loops": 3,"Hash Buckets": 1024,"Original Hash Buckets": 1024,"Hash Batches": 1,"Original Hash Batches": 1,"Peak Memory Usage": 9,"Workers": [],"Plans": [{"Node Type": "Hash Join","Parent Relationship": "Outer","Parallel Aware": false,"Async Capable": false,"Join Type": "Inner","Startup Cost": 1.07,"Total Cost": 2.40,"Plan Rows": 1,"Plan Width": 108,"Actual Startup Time": 0.129,"Actual Total Time": 0.155,"Actual Rows": 5,"Actual Loops": 3,"Inner Unique": true,"Hash Cond": "(nation.n_regionkey = region.r_regionkey)","Workers": [],"Plans": [{"Node Type": "Seq Scan","Parent Relationship": "Outer","Parallel Aware": false,"Async Capable": false,"Relation Name": "nation","Alias": "nation","Startup Cost": 0.00,"Total Cost": 1.25,"Plan Rows": 25,"Plan Width": 112,"Actual Startup Time": 0.047,"Actual Total Time": 0.051,"Actual Rows": 25,"Actual Loops": 3,"Workers": []},{"Node Type": "Hash","Parent Relationship": "Inner","Parallel Aware": false,"Async Capable": false,"Startup Cost": 1.06,"Total Cost": 1.06,"Plan Rows": 1,"Plan Width": 4,"Actual Startup Time": 0.054,"Actual Total Time": 0.064,"Actual Rows": 1,"Actual Loops": 3,"Hash Buckets": 1024,"Original Hash Buckets": 1024,"Hash Batches": 1,"Original Hash Batches": 1,"Peak Memory Usage": 9,"Workers": [],"Plans": [{"Node Type": "Seq Scan","Parent Relationship": "Outer","Parallel Aware": false,"Async Capable": false,"Relation Name": "region","Alias": "region","Startup Cost": 0.00,"Total Cost": 1.06,"Plan Rows": 1,"Plan Width": 4,"Actual Startup Time": 0.039,"Actual Total Time": 0.041,"Actual Rows": 1,"Actual Loops": 3,"Filter": "(r_name = 'MIDDLE EAST'::bpchar)","Rows Removed by Filter": 4,"Workers": []}]}]}]}]},{"Node Type": "Index Scan","Parent Relationship": "Inner","Parallel Aware": false,"Async Capable": false,"Scan Direction": "Forward","Index Name": "idx_orders_custkey","Relation Name": "orders","Alias": "orders","Startup Cost": 0.43,"Total Cost": 1.55,"Plan Rows": 3,"Plan Width": 8,"Actual Startup Time": 0.017,"Actual Total Time": 0.039,"Actual Rows": 2,"Actual Loops": 29904,"Index Cond": "(o_custkey = customer.c_custkey)","Rows Removed by Index Recheck": 0,"Filter": "((o_orderdate >= '1995-01-01'::date) AND (o_orderdate < '1996-01-01 00:00:00'::timestamp without time zone))","Rows Removed by Filter": 8,"Workers": []}]},{"Node Type": "Index Scan","Parent Relationship": "Inner","Parallel Aware": false,"Async Capable": false,"Scan Direction": "Forward","Index Name": "idx_lineitem_orderkey","Relation Name": "lineitem","Alias": "lineitem","Startup Cost": 0.43,"Total Cost": 2.87,"Plan Rows": 17,"Plan Width": 20,"Actual Startup Time": 0.017,"Actual Total Time": 0.019,"Actual Rows": 4,"Actual Loops": 45257,"Index Cond": "(l_orderkey = orders.o_orderkey)","Rows Removed by Index Recheck": 0,"Workers": []}]},{"Node Type": "Hash","Parent Relationship": "Inner","Parallel Aware": false,"Async Capable": false,"Startup Cost": 322.00,"Total Cost": 322.00,"Plan Rows": 10000,"Plan Width": 8,"Actual Startup Time": 12.822,"Actual Total Time": 12.826,"Actual Rows": 10000,"Actual Loops": 3,"Hash Buckets": 16384,"Original Hash Buckets": 16384,"Hash Batches": 1,"Original Hash Batches": 1,"Peak Memory Usage": 519,"Workers": [],"Plans": [{"Node Type": "Seq Scan","Parent Relationship": "Outer","Parallel Aware": false,"Async Capable": false,"Relation Name": "supplier","Alias": "supplier","Startup Cost": 0.00,"Total Cost": 322.00,"Plan Rows": 10000,"Plan Width": 8,"Actual Startup Time": 0.044,"Actual Total Time": 11.057,"Actual Rows": 10000,"Actual Loops": 3,"Workers": []}]}]}]}]}]}]}]},"Planning Time": 10.537,"Triggers": [],"Execution Time": 841.938}]
[{"Plan": {"Node Type": "Sort","Parallel Aware": false,"Async Capable": false,"Startup Cost": 21612.43,"Total Cost": 21612.50,"Plan Rows": 25,"Plan Width": 136,"Actual Startup Time": 869.393,"Actual Total Time": 902.560,"Actual Rows": 5,"Actual Loops": 1,"Sort Key": ["(sum((lineitem.l_extendedprice * ('1'::numeric - lineitem.l_discount)))) DESC"],"Sort Method": "quicksort","Sort Space Used": 25,"Sort Space Type": "Memory","Plans": [{"Node Type": "Aggregate","Strategy": "Sorted","Partial Mode": "Finalize","Parent Relationship": "Outer","Parallel Aware": false,"Async Capable": false,"Startup Cost": 21597.38,"Total Cost": 21611.85,"Plan Rows": 25,"Plan Width": 136,"Actual Startup Time": 868.803,"Actual Total Time": 902.507,"Actual Rows": 5,"Actual Loops": 1,"Group Key": ["nation.n_name"],"Plans": [{"Node Type": "Gather Merge","Parent Relationship": "Outer","Parallel Aware": false,"Async Capable": false,"Startup Cost": 21597.38,"Total Cost": 21611.17,"Plan Rows": 50,"Plan Width": 136,"Actual Startup Time": 868.587,"Actual Total Time": 902.449,"Actual Rows": 15,"Actual Loops": 1,"Workers Planned": 2,"Workers Launched": 2,"Plans": [{"Node Type": "Aggregate","Strategy": "Sorted","Partial Mode": "Partial","Parent Relationship": "Outer","Parallel Aware": false,"Async Capable": false,"Startup Cost": 20597.36,"Total Cost": 20605.37,"Plan Rows": 25,"Plan Width": 136,"Actual Startup Time": 861.245,"Actual Total Time": 861.945,"Actual Rows": 5,"Actual Loops": 3,"Group Key": ["nation.n_name"],"Workers": [],"Plans": [{"Node Type": "Sort","Parent Relationship": "Outer","Parallel Aware": false,"Async Capable": false,"Startup Cost": 20597.36,"Total Cost": 20598.90,"Plan Rows": 616,"Plan Width": 116,"Actual Startup Time": 861.036,"Actual Total Time": 861.162,"Actual Rows": 2414,"Actual Loops": 3,"Sort Key": ["nation.n_name"],"Sort Method": "quicksort","Sort Space Used": 290,"Sort Space Type": "Memory","Workers": [{"Worker Number": 0,"Sort Method": "quicksort","Sort Space Used": 286,"Sort Space Type": "Memory"},{"Worker Number": 1,"Sort Method": "quicksort","Sort Space Used": 280,"Sort Space Type": "Memory"}],"Plans": [{"Node Type": "Hash Join","Parent Relationship": "Outer","Parallel Aware": false,"Async Capable": false,"Join Type": "Inner","Startup Cost": 475.27,"Total Cost": 20568.82,"Plan Rows": 616,"Plan Width": 116,"Actual Startup Time": 8.997,"Actual Total Time": 859.532,"Actual Rows": 2414,"Actual Loops": 3,"Inner Unique": true,"Hash Cond": "((lineitem.l_suppkey = supplier.s_suppkey) AND (customer.c_nationkey = supplier.s_nationkey))","Workers": [],"Plans": [{"Node Type": "Nested Loop","Parent Relationship": "Outer","Parallel Aware": false,"Async Capable": false,"Join Type": "Inner","Startup Cost": 3.27,"Total Cost": 20015.89,"Plan Rows": 15415,"Plan Width": 128,"Actual Startup Time": 0.541,"Actual Total Time": 809.441,"Actual Rows": 61361,"Actual Loops": 3,"Inner Unique": false,"Workers": [],"Plans": [{"Node Type": "Nested Loop","Parent Relationship": "Outer","Parallel Aware": false,"Async Capable": false,"Join Type": "Inner","Startup Cost": 2.84,"Total Cost": 8414.26,"Plan Rows": 3853,"Plan Width": 116,"Actual Startup Time": 0.418,"Actual Total Time": 486.368,"Actual Rows": 15336,"Actual Loops": 3,"Inner Unique": false,"Workers": [],"Plans": [{"Node Type": "Hash Join","Parent Relationship": "Outer","Parallel Aware": false,"Async Capable": false,"Join Type": "Inner","Startup Cost": 2.41,"Total Cost": 4471.79,"Plan Rows": 2500,"Plan Width": 116,"Actual Startup Time": 0.218,"Actual Total Time": 58.257,"Actual Rows": 10061,"Actual Loops": 3,"Inner Unique": false,"Hash Cond": "(customer.c_nationkey = nation.n_nationkey)","Workers": [],"Plans": [{"Node Type": "Seq Scan","Parent Relationship": "Outer","Parallel Aware": true,"Async Capable": false,"Relation Name": "customer","Alias": "customer","Startup Cost": 0.00,"Total Cost": 4210.00,"Plan Rows": 62500,"Plan Width": 8,"Actual Startup Time": 0.013,"Actual Total Time": 9.753,"Actual Rows": 50000,"Actual Loops": 3,"Workers": []},{"Node Type": "Hash","Parent Relationship": "Inner","Parallel Aware": false,"Async Capable": false,"Startup Cost": 2.40,"Total Cost": 2.40,"Plan Rows": 1,"Plan Width": 108,"Actual Startup Time": 0.117,"Actual Total Time": 0.137,"Actual Rows": 5,"Actual Loops": 3,"Hash Buckets": 1024,"Original Hash Buckets": 1024,"Hash Batches": 1,"Original Hash Batches": 1,"Peak Memory Usage": 9,"Workers": [],"Plans": [{"Node Type": "Hash Join","Parent Relationship": "Outer","Parallel Aware": false,"Async Capable": false,"Join Type": "Inner","Startup Cost": 1.07,"Total Cost": 2.40,"Plan Rows": 1,"Plan Width": 108,"Actual Startup Time": 0.106,"Actual Total Time": 0.128,"Actual Rows": 5,"Actual Loops": 3,"Inner Unique": true,"Hash Cond": "(nation.n_regionkey = region.r_regionkey)","Workers": [],"Plans": [{"Node Type": "Seq Scan","Parent Relationship": "Outer","Parallel Aware": false,"Async Capable": false,"Relation Name": "nation","Alias": "nation","Startup Cost": 0.00,"Total Cost": 1.25,"Plan Rows": 25,"Plan Width": 112,"Actual Startup Time": 0.035,"Actual Total Time": 0.039,"Actual Rows": 25,"Actual Loops": 3,"Workers": []},{"Node Type": "Hash","Parent Relationship": "Inner","Parallel Aware": false,"Async Capable": false,"Startup Cost": 1.06,"Total Cost": 1.06,"Plan Rows": 1,"Plan Width": 4,"Actual Startup Time": 0.043,"Actual Total Time": 0.050,"Actual Rows": 1,"Actual Loops": 3,"Hash Buckets": 1024,"Original Hash Buckets": 1024,"Hash Batches": 1,"Original Hash Batches": 1,"Peak Memory Usage": 9,"Workers": [],"Plans": [{"Node Type": "Seq Scan","Parent Relationship": "Outer","Parallel Aware": false,"Async Capable": false,"Relation Name": "region","Alias": "region","Startup Cost": 0.00,"Total Cost": 1.06,"Plan Rows": 1,"Plan Width": 4,"Actual Startup Time": 0.031,"Actual Total Time": 0.033,"Actual Rows": 1,"Actual Loops": 3,"Filter": "(r_name = 'ASIA'::bpchar)","Rows Removed by Filter": 4,"Workers": []}]}]}]}]},{"Node Type": "Index Scan","Parent Relationship": "Inner","Parallel Aware": false,"Async Capable": false,"Scan Direction": "Forward","Index Name": "idx_orders_custkey","Relation Name": "orders","Alias": "orders","Startup Cost": 0.43,"Total Cost": 1.55,"Plan Rows": 3,"Plan Width": 8,"Actual Startup Time": 0.018,"Actual Total Time": 0.042,"Actual Rows": 2,"Actual Loops": 30183,"Index Cond": "(o_custkey = customer.c_custkey)","Rows Removed by Index Recheck": 0,"Filter": "((o_orderdate >= '1994-01-01'::date) AND (o_orderdate < '1995-01-01 00:00:00'::timestamp without time zone))","Rows Removed by Filter": 8,"Workers": []}]},{"Node Type": "Index Scan","Parent Relationship": "Inner","Parallel Aware": false,"Async Capable": false,"Scan Direction": "Forward","Index Name": "idx_lineitem_orderkey","Relation Name": "lineitem","Alias": "lineitem","Startup Cost": 0.43,"Total Cost": 2.84,"Plan Rows": 17,"Plan Width": 20,"Actual Startup Time": 0.017,"Actual Total Time": 0.020,"Actual Rows": 4,"Actual Loops": 46008,"Index Cond": "(l_orderkey = orders.o_orderkey)","Rows Removed by Index Recheck": 0,"Workers": []}]},{"Node Type": "Hash","Parent Relationship": "Inner","Parallel Aware": false,"Async Capable": false,"Startup Cost": 322.00,"Total Cost": 322.00,"Plan Rows": 10000,"Plan Width": 8,"Actual Startup Time": 7.849,"Actual Total Time": 7.853,"Actual Rows": 10000,"Actual Loops": 3,"Hash Buckets": 16384,"Original Hash Buckets": 16384,"Hash Batches": 1,"Original Hash Batches": 1,"Peak Memory Usage": 519,"Workers": [],"Plans": [{"Node Type": "Seq Scan","Parent Relationship": "Outer","Parallel Aware": false,"Async Capable": false,"Relation Name": "supplier","Alias": "supplier","Startup Cost": 0.00,"Total Cost": 322.00,"Plan Rows": 10000,"Plan Width": 8,"Actual Startup Time": 0.047,"Actual Total Time": 6.106,"Actual Rows": 10000,"Actual Loops": 3,"Workers": []}]}]}]}]}]}]}]},"Planning Time": 10.218,"Triggers": [],"Execution Time": 903.179}]
[{"Plan": {"Node Type": "Sort","Parallel Aware": false,"Async Capable": false,"Startup Cost": 21565.81,"Total Cost": 21565.87,"Plan Rows": 25,"Plan Width": 136,"Actual Startup Time": 833.811,"Actual Total Time": 865.523,"Actual Rows": 5,"Actual Loops": 1,"Sort Key": ["(sum((lineitem.l_extendedprice * ('1'::numeric - lineitem.l_discount)))) DESC"],"Sort Method": "quicksort","Sort Space Used": 25,"Sort Space Type": "Memory","Plans": [{"Node Type": "Aggregate","Strategy": "Sorted","Partial Mode": "Finalize","Parent Relationship": "Outer","Parallel Aware": false,"Async Capable": false,"Startup Cost": 21550.86,"Total Cost": 21565.23,"Plan Rows": 25,"Plan Width": 136,"Actual Startup Time": 833.271,"Actual Total Time": 865.478,"Actual Rows": 5,"Actual Loops": 1,"Group Key": ["nation.n_name"],"Plans": [{"Node Type": "Gather Merge","Parent Relationship": "Outer","Parallel Aware": false,"Async Capable": false,"Startup Cost": 21550.86,"Total Cost": 21564.54,"Plan Rows": 50,"Plan Width": 136,"Actual Startup Time": 833.025,"Actual Total Time": 865.435,"Actual Rows": 15,"Actual Loops": 1,"Workers Planned": 2,"Workers Launched": 2,"Plans": [{"Node Type": "Aggregate","Strategy": "Sorted","Partial Mode": "Partial","Parent Relationship": "Outer","Parallel Aware": false,"Async Capable": false,"Startup Cost": 20550.84,"Total Cost": 20558.75,"Plan Rows": 25,"Plan Width": 136,"Actual Startup Time": 825.546,"Actual Total Time": 826.255,"Actual Rows": 5,"Actual Loops": 3,"Group Key": ["nation.n_name"],"Workers": [],"Plans": [{"Node Type": "Sort","Parent Relationship": "Outer","Parallel Aware": false,"Async Capable": false,"Startup Cost": 20550.84,"Total Cost": 20552.36,"Plan Rows": 608,"Plan Width": 116,"Actual Startup Time": 825.323,"Actual Total Time": 825.450,"Actual Rows": 2415,"Actual Loops": 3,"Sort Key": ["nation.n_name"],"Sort Method": "quicksort","Sort Space Used": 281,"Sort Space Type": "Memory","Workers": [{"Worker Number": 0,"Sort Method": "quicksort","Sort Space Used": 286,"Sort Space Type": "Memory"},{"Worker Number": 1,"Sort Method": "quicksort","Sort Space Used": 289,"Sort Space Type": "Memory"}],"Plans": [{"Node Type": "Hash Join","Parent Relationship": "Outer","Parallel Aware": false,"Async Capable": false,"Join Type": "Inner","Startup Cost": 475.27,"Total Cost": 20522.72,"Plan Rows": 608,"Plan Width": 116,"Actual Startup Time": 12.893,"Actual Total Time": 823.841,"Actual Rows": 2415,"Actual Loops": 3,"Inner Unique": true,"Hash Cond": "((lineitem.l_suppkey = supplier.s_suppkey) AND (customer.c_nationkey = supplier.s_nationkey))","Workers": [],"Plans": [{"Node Type": "Nested Loop","Parent Relationship": "Outer","Parallel Aware": false,"Async Capable": false,"Join Type": "Inner","Startup Cost": 3.27,"Total Cost": 19970.84,"Plan Rows": 15215,"Plan Width": 128,"Actual Startup Time": 0.809,"Actual Total Time": 777.035,"Actual Rows": 60714,"Actual Loops": 3,"Inner Unique": false,"Workers": [],"Plans": [{"Node Type": "Nested Loop","Parent Relationship": "Outer","Parallel Aware": false,"Async Capable": false,"Join Type": "Inner","Startup Cost": 2.84,"Total Cost": 8414.26,"Plan Rows": 3803,"Plan Width": 116,"Actual Startup Time": 0.660,"Actual Total Time": 471.667,"Actual Rows": 15226,"Actual Loops": 3,"Inner Unique": false,"Workers": [],"Plans": [{"Node Type": "Hash Join","Parent Relationship": "Outer","Parallel Aware": false,"Async Capable": false,"Join Type": "Inner","Startup Cost": 2.41,"Total Cost": 4471.79,"Plan Rows": 2500,"Plan Width": 116,"Actual Startup Time": 0.276,"Actual Total Time": 59.829,"Actual Rows": 10066,"Actual Loops": 3,"Inner Unique": false,"Hash Cond": "(customer.c_nationkey = nation.n_nationkey)","Workers": [],"Plans": [{"Node Type": "Seq Scan","Parent Relationship": "Outer","Parallel Aware": true,"Async Capable": false,"Relation Name": "customer","Alias": "customer","Startup Cost": 0.00,"Total Cost": 4210.00,"Plan Rows": 62500,"Plan Width": 8,"Actual Startup Time": 0.021,"Actual Total Time": 10.083,"Actual Rows": 50000,"Actual Loops": 3,"Workers": []},{"Node Type": "Hash","Parent Relationship": "Inner","Parallel Aware": false,"Async Capable": false,"Startup Cost": 2.40,"Total Cost": 2.40,"Plan Rows": 1,"Plan Width": 108,"Actual Startup Time": 0.154,"Actual Total Time": 0.171,"Actual Rows": 5,"Actual Loops": 3,"Hash Buckets": 1024,"Original Hash Buckets": 1024,"Hash Batches": 1,"Original Hash Batches": 1,"Peak Memory Usage": 9,"Workers": [],"Plans": [{"Node Type": "Hash Join","Parent Relationship": "Outer","Parallel Aware": false,"Async Capable": false,"Join Type": "Inner","Startup Cost": 1.07,"Total Cost": 2.40,"Plan Rows": 1,"Plan Width": 108,"Actual Startup Time": 0.139,"Actual Total Time": 0.162,"Actual Rows": 5,"Actual Loops": 3,"Inner Unique": true,"Hash Cond": "(nation.n_regionkey = region.r_regionkey)","Workers": [],"Plans": [{"Node Type": "Seq Scan","Parent Relationship": "Outer","Parallel Aware": false,"Async Capable": false,"Relation Name": "nation","Alias": "nation","Startup Cost": 0.00,"Total Cost": 1.25,"Plan Rows": 25,"Plan Width": 112,"Actual Startup Time": 0.051,"Actual Total Time": 0.055,"Actual Rows": 25,"Actual Loops": 3,"Workers": []},{"Node Type": "Hash","Parent Relationship": "Inner","Parallel Aware": false,"Async Capable": false,"Startup Cost": 1.06,"Total Cost": 1.06,"Plan Rows": 1,"Plan Width": 4,"Actual Startup Time": 0.057,"Actual Total Time": 0.063,"Actual Rows": 1,"Actual Loops": 3,"Hash Buckets": 1024,"Original Hash Buckets": 1024,"Hash Batches": 1,"Original Hash Batches": 1,"Peak Memory Usage": 9,"Workers": [],"Plans": [{"Node Type": "Seq Scan","Parent Relationship": "Outer","Parallel Aware": false,"Async Capable": false,"Relation Name": "region","Alias": "region","Startup Cost": 0.00,"Total Cost": 1.06,"Plan Rows": 1,"Plan Width": 4,"Actual Startup Time": 0.043,"Actual Total Time": 0.045,"Actual Rows": 1,"Actual Loops": 3,"Filter": "(r_name = 'EUROPE'::bpchar)","Rows Removed by Filter": 4,"Workers": []}]}]}]}]},{"Node Type": "Index Scan","Parent Relationship": "Inner","Parallel Aware": false,"Async Capable": false,"Scan Direction": "Forward","Index Name": "idx_orders_custkey","Relation Name": "orders","Alias": "orders","Startup Cost": 0.43,"Total Cost": 1.55,"Plan Rows": 3,"Plan Width": 8,"Actual Startup Time": 0.017,"Actual Total Time": 0.041,"Actual Rows": 2,"Actual Loops": 30197,"Index Cond": "(o_custkey = customer.c_custkey)","Rows Removed by Index Recheck": 0,"Filter": "((o_orderdate >= '1997-01-01'::date) AND (o_orderdate < '1998-01-01 00:00:00'::timestamp without time zone))","Rows Removed by Filter": 9,"Workers": []}]},{"Node Type": "Index Scan","Parent Relationship": "Inner","Parallel Aware": false,"Async Capable": false,"Scan Direction": "Forward","Index Name": "idx_lineitem_orderkey","Relation Name": "lineitem","Alias": "lineitem","Startup Cost": 0.43,"Total Cost": 2.87,"Plan Rows": 17,"Plan Width": 20,"Actual Startup Time": 0.017,"Actual Total Time": 0.019,"Actual Rows": 4,"Actual Loops": 45677,"Index Cond": "(l_orderkey = orders.o_orderkey)","Rows Removed by Index Recheck": 0,"Workers": []}]},{"Node Type": "Hash","Parent Relationship": "Inner","Parallel Aware": false,"Async Capable": false,"Startup Cost": 322.00,"Total Cost": 322.00,"Plan Rows": 10000,"Plan Width": 8,"Actual Startup Time": 11.560,"Actual Total Time": 11.566,"Actual Rows": 10000,"Actual Loops": 3,"Hash Buckets": 16384,"Original Hash Buckets": 16384,"Hash Batches": 1,"Original Hash Batches": 1,"Peak Memory Usage": 519,"Workers": [],"Plans": [{"Node Type": "Seq Scan","Parent Relationship": "Outer","Parallel Aware": false,"Async Capable": false,"Relation Name": "supplier","Alias": "supplier","Startup Cost": 0.00,"Total Cost": 322.00,"Plan Rows": 10000,"Plan Width": 8,"Actual Startup Time": 0.053,"Actual Total Time": 9.758,"Actual Rows": 10000,"Actual Loops": 3,"Workers": []}]}]}]}]}]}]}]},"Planning Time": 11.054,"Triggers": [],"Execution Time": 866.075}]
[{"Plan": {"Node Type": "Sort","Parallel Aware": false,"Async Capable": false,"Startup Cost": 21565.81,"Total Cost": 21565.87,"Plan Rows": 25,"Plan Width": 136,"Actual Startup Time": 831.835,"Actual Total Time": 873.525,"Actual Rows": 5,"Actual Loops": 1,"Sort Key": ["(sum((lineitem.l_extendedprice * ('1'::numeric - lineitem.l_discount)))) DESC"],"Sort Method": "quicksort","Sort Space Used": 25,"Sort Space Type": "Memory","Plans": [{"Node Type": "Aggregate","Strategy": "Sorted","Partial Mode": "Finalize","Parent Relationship": "Outer","Parallel Aware": false,"Async Capable": false,"Startup Cost": 21550.86,"Total Cost": 21565.23,"Plan Rows": 25,"Plan Width": 136,"Actual Startup Time": 831.274,"Actual Total Time": 873.480,"Actual Rows": 5,"Actual Loops": 1,"Group Key": ["nation.n_name"],"Plans": [{"Node Type": "Gather Merge","Parent Relationship": "Outer","Parallel Aware": false,"Async Capable": false,"Startup Cost": 21550.86,"Total Cost": 21564.54,"Plan Rows": 50,"Plan Width": 136,"Actual Startup Time": 830.694,"Actual Total Time": 873.427,"Actual Rows": 15,"Actual Loops": 1,"Workers Planned": 2,"Workers Launched": 2,"Plans": [{"Node Type": "Aggregate","Strategy": "Sorted","Partial Mode": "Partial","Parent Relationship": "Outer","Parallel Aware": false,"Async Capable": false,"Startup Cost": 20550.84,"Total Cost": 20558.75,"Plan Rows": 25,"Plan Width": 136,"Actual Startup Time": 822.251,"Actual Total Time": 823.046,"Actual Rows": 5,"Actual Loops": 3,"Group Key": ["nation.n_name"],"Workers": [],"Plans": [{"Node Type": "Sort","Parent Relationship": "Outer","Parallel Aware": false,"Async Capable": false,"Startup Cost": 20550.84,"Total Cost": 20552.36,"Plan Rows": 608,"Plan Width": 116,"Actual Startup Time": 822.034,"Actual Total Time": 822.187,"Actual Rows": 2330,"Actual Loops": 3,"Sort Key": ["nation.n_name"],"Sort Method": "quicksort","Sort Space Used": 287,"Sort Space Type": "Memory","Workers": [{"Worker Number": 0,"Sort Method": "quicksort","Sort Space Used": 271,"Sort Space Type": "Memory"},{"Worker Number": 1,"Sort Method": "quicksort","Sort Space Used": 278,"Sort Space Type": "Memory"}],"Plans": [{"Node Type": "Hash Join","Parent Relationship": "Outer","Parallel Aware": false,"Async Capable": false,"Join Type": "Inner","Startup Cost": 475.27,"Total Cost": 20522.72,"Plan Rows": 608,"Plan Width": 116,"Actual Startup Time": 11.715,"Actual Total Time": 820.536,"Actual Rows": 2330,"Actual Loops": 3,"Inner Unique": true,"Hash Cond": "((lineitem.l_suppkey = supplier.s_suppkey) AND (customer.c_nationkey = supplier.s_nationkey))","Workers": [],"Plans": [{"Node Type": "Nested Loop","Parent Relationship": "Outer","Parallel Aware": false,"Async Capable": false,"Join Type": "Inner","Startup Cost": 3.27,"Total Cost": 19970.84,"Plan Rows": 15215,"Plan Width": 128,"Actual Startup Time": 0.848,"Actual Total Time": 777.711,"Actual Rows": 60416,"Actual Loops": 3,"Inner Unique": false,"Workers": [],"Plans": [{"Node Type": "Nested Loop","Parent Relationship": "Outer","Parallel Aware": false,"Async Capable": false,"Join Type": "Inner","Startup Cost": 2.84,"Total Cost": 8414.26,"Plan Rows": 3803,"Plan Width": 116,"Actual Startup Time": 0.710,"Actual Total Time": 470.008,"Actual Rows": 15150,"Actual Loops": 3,"Inner Unique": false,"Workers": [],"Plans": [{"Node Type": "Hash Join","Parent Relationship": "Outer","Parallel Aware": false,"Async Capable": false,"Join Type": "Inner","Startup Cost": 2.41,"Total Cost": 4471.79,"Plan Rows": 2500,"Plan Width": 116,"Actual Startup Time": 0.302,"Actual Total Time": 60.810,"Actual Rows": 9921,"Actual Loops": 3,"Inner Unique": false,"Hash Cond": "(customer.c_nationkey = nation.n_nationkey)","Workers": [],"Plans": [{"Node Type": "Seq Scan","Parent Relationship": "Outer","Parallel Aware": true,"Async Capable": false,"Relation Name": "customer","Alias": "customer","Startup Cost": 0.00,"Total Cost": 4210.00,"Plan Rows": 62500,"Plan Width": 8,"Actual Startup Time": 0.020,"Actual Total Time": 10.219,"Actual Rows": 50000,"Actual Loops": 3,"Workers": []},{"Node Type": "Hash","Parent Relationship": "Inner","Parallel Aware": false,"Async Capable": false,"Startup Cost": 2.40,"Total Cost": 2.40,"Plan Rows": 1,"Plan Width": 108,"Actual Startup Time": 0.183,"Actual Total Time": 0.205,"Actual Rows": 5,"Actual Loops": 3,"Hash Buckets": 1024,"Original Hash Buckets": 1024,"Hash Batches": 1,"Original Hash Batches": 1,"Peak Memory Usage": 9,"Workers": [],"Plans": [{"Node Type": "Hash Join","Parent Relationship": "Outer","Parallel Aware": false,"Async Capable": false,"Join Type": "Inner","Startup Cost": 1.07,"Total Cost": 2.40,"Plan Rows": 1,"Plan Width": 108,"Actual Startup Time": 0.167,"Actual Total Time": 0.195,"Actual Rows": 5,"Actual Loops": 3,"Inner Unique": true,"Hash Cond": "(nation.n_regionkey = region.r_regionkey)","Workers": [],"Plans": [{"Node Type": "Seq Scan","Parent Relationship": "Outer","Parallel Aware": false,"Async Capable": false,"Relation Name": "nation","Alias": "nation","Startup Cost": 0.00,"Total Cost": 1.25,"Plan Rows": 25,"Plan Width": 112,"Actual Startup Time": 0.065,"Actual Total Time": 0.070,"Actual Rows": 25,"Actual Loops": 3,"Workers": []},{"Node Type": "Hash","Parent Relationship": "Inner","Parallel Aware": false,"Async Capable": false,"Startup Cost": 1.06,"Total Cost": 1.06,"Plan Rows": 1,"Plan Width": 4,"Actual Startup Time": 0.074,"Actual Total Time": 0.079,"Actual Rows": 1,"Actual Loops": 3,"Hash Buckets": 1024,"Original Hash Buckets": 1024,"Hash Batches": 1,"Original Hash Batches": 1,"Peak Memory Usage": 9,"Workers": [],"Plans": [{"Node Type": "Seq Scan","Parent Relationship": "Outer","Parallel Aware": false,"Async Capable": false,"Relation Name": "region","Alias": "region","Startup Cost": 0.00,"Total Cost": 1.06,"Plan Rows": 1,"Plan Width": 4,"Actual Startup Time": 0.049,"Actual Total Time": 0.053,"Actual Rows": 1,"Actual Loops": 3,"Filter": "(r_name = 'AFRICA'::bpchar)","Rows Removed by Filter": 4,"Workers": []}]}]}]}]},{"Node Type": "Index Scan","Parent Relationship": "Inner","Parallel Aware": false,"Async Capable": false,"Scan Direction": "Forward","Index Name": "idx_orders_custkey","Relation Name": "orders","Alias": "orders","Startup Cost": 0.43,"Total Cost": 1.55,"Plan Rows": 3,"Plan Width": 8,"Actual Startup Time": 0.018,"Actual Total Time": 0.041,"Actual Rows": 2,"Actual Loops": 29764,"Index Cond": "(o_custkey = customer.c_custkey)","Rows Removed by Index Recheck": 0,"Filter": "((o_orderdate >= '1997-01-01'::date) AND (o_orderdate < '1998-01-01 00:00:00'::timestamp without time zone))","Rows Removed by Filter": 9,"Workers": []}]},{"Node Type": "Index Scan","Parent Relationship": "Inner","Parallel Aware": false,"Async Capable": false,"Scan Direction": "Forward","Index Name": "idx_lineitem_orderkey","Relation Name": "lineitem","Alias": "lineitem","Startup Cost": 0.43,"Total Cost": 2.87,"Plan Rows": 17,"Plan Width": 20,"Actual Startup Time": 0.017,"Actual Total Time": 0.020,"Actual Rows": 4,"Actual Loops": 45450,"Index Cond": "(l_orderkey = orders.o_orderkey)","Rows Removed by Index Recheck": 0,"Workers": []}]},{"Node Type": "Hash","Parent Relationship": "Inner","Parallel Aware": false,"Async Capable": false,"Startup Cost": 322.00,"Total Cost": 322.00,"Plan Rows": 10000,"Plan Width": 8,"Actual Startup Time": 8.425,"Actual Total Time": 8.430,"Actual Rows": 10000,"Actual Loops": 3,"Hash Buckets": 16384,"Original Hash Buckets": 16384,"Hash Batches": 1,"Original Hash Batches": 1,"Peak Memory Usage": 519,"Workers": [],"Plans": [{"Node Type": "Seq Scan","Parent Relationship": "Outer","Parallel Aware": false,"Async Capable": false,"Relation Name": "supplier","Alias": "supplier","Startup Cost": 0.00,"Total Cost": 322.00,"Plan Rows": 10000,"Plan Width": 8,"Actual Startup Time": 0.044,"Actual Total Time": 6.920,"Actual Rows": 10000,"Actual Loops": 3,"Workers": []}]}]}]}]}]}]}]},"Planning Time": 9.220,"Triggers": [],"Execution Time": 874.104}]
[{"Plan": {"Node Type": "Sort","Parallel Aware": false,"Async Capable": false,"Startup Cost": 21565.81,"Total Cost": 21565.87,"Plan Rows": 25,"Plan Width": 136,"Actual Startup Time": 823.071,"Actual Total Time": 855.607,"Actual Rows": 5,"Actual Loops": 1,"Sort Key": ["(sum((lineitem.l_extendedprice * ('1'::numeric - lineitem.l_discount)))) DESC"],"Sort Method": "quicksort","Sort Space Used": 25,"Sort Space Type": "Memory","Plans": [{"Node Type": "Aggregate","Strategy": "Sorted","Partial Mode": "Finalize","Parent Relationship": "Outer","Parallel Aware": false,"Async Capable": false,"Startup Cost": 21550.86,"Total Cost": 21565.23,"Plan Rows": 25,"Plan Width": 136,"Actual Startup Time": 822.468,"Actual Total Time": 855.547,"Actual Rows": 5,"Actual Loops": 1,"Group Key": ["nation.n_name"],"Plans": [{"Node Type": "Gather Merge","Parent Relationship": "Outer","Parallel Aware": false,"Async Capable": false,"Startup Cost": 21550.86,"Total Cost": 21564.54,"Plan Rows": 50,"Plan Width": 136,"Actual Startup Time": 822.203,"Actual Total Time": 855.489,"Actual Rows": 15,"Actual Loops": 1,"Workers Planned": 2,"Workers Launched": 2,"Plans": [{"Node Type": "Aggregate","Strategy": "Sorted","Partial Mode": "Partial","Parent Relationship": "Outer","Parallel Aware": false,"Async Capable": false,"Startup Cost": 20550.84,"Total Cost": 20558.75,"Plan Rows": 25,"Plan Width": 136,"Actual Startup Time": 814.240,"Actual Total Time": 814.959,"Actual Rows": 5,"Actual Loops": 3,"Group Key": ["nation.n_name"],"Workers": [],"Plans": [{"Node Type": "Sort","Parent Relationship": "Outer","Parallel Aware": false,"Async Capable": false,"Startup Cost": 20550.84,"Total Cost": 20552.36,"Plan Rows": 608,"Plan Width": 116,"Actual Startup Time": 814.029,"Actual Total Time": 814.149,"Actual Rows": 2473,"Actual Loops": 3,"Sort Key": ["nation.n_name"],"Sort Method": "quicksort","Sort Space Used": 297,"Sort Space Type": "Memory","Workers": [{"Worker Number": 0,"Sort Method": "quicksort","Sort Space Used": 287,"Sort Space Type": "Memory"},{"Worker Number": 1,"Sort Method": "quicksort","Sort Space Used": 284,"Sort Space Type": "Memory"}],"Plans": [{"Node Type": "Hash Join","Parent Relationship": "Outer","Parallel Aware": false,"Async Capable": false,"Join Type": "Inner","Startup Cost": 475.27,"Total Cost": 20522.72,"Plan Rows": 608,"Plan Width": 116,"Actual Startup Time": 11.318,"Actual Total Time": 812.483,"Actual Rows": 2473,"Actual Loops": 3,"Inner Unique": true,"Hash Cond": "((lineitem.l_suppkey = supplier.s_suppkey) AND (customer.c_nationkey = supplier.s_nationkey))","Workers": [],"Plans": [{"Node Type": "Nested Loop","Parent Relationship": "Outer","Parallel Aware": false,"Async Capable": false,"Join Type": "Inner","Startup Cost": 3.27,"Total Cost": 19970.84,"Plan Rows": 15215,"Plan Width": 128,"Actual Startup Time": 0.595,"Actual Total Time": 768.935,"Actual Rows": 60276,"Actual Loops": 3,"Inner Unique": false,"Workers": [],"Plans": [{"Node Type": "Nested Loop","Parent Relationship": "Outer","Parallel Aware": false,"Async Capable": false,"Join Type": "Inner","Startup Cost": 2.84,"Total Cost": 8414.26,"Plan Rows": 3803,"Plan Width": 116,"Actual Startup Time": 0.466,"Actual Total Time": 464.532,"Actual Rows": 15032,"Actual Loops": 3,"Inner Unique": false,"Workers": [],"Plans": [{"Node Type": "Hash Join","Parent Relationship": "Outer","Parallel Aware": false,"Async Capable": false,"Join Type": "Inner","Startup Cost": 2.41,"Total Cost": 4471.79,"Plan Rows": 2500,"Plan Width": 116,"Actual Startup Time": 0.243,"Actual Total Time": 60.744,"Actual Rows": 9968,"Actual Loops": 3,"Inner Unique": false,"Hash Cond": "(customer.c_nationkey = nation.n_nationkey)","Workers": [],"Plans": [{"Node Type": "Seq Scan","Parent Relationship": "Outer","Parallel Aware": true,"Async Capable": false,"Relation Name": "customer","Alias": "customer","Startup Cost": 0.00,"Total Cost": 4210.00,"Plan Rows": 62500,"Plan Width": 8,"Actual Startup Time": 0.012,"Actual Total Time": 10.205,"Actual Rows": 50000,"Actual Loops": 3,"Workers": []},{"Node Type": "Hash","Parent Relationship": "Inner","Parallel Aware": false,"Async Capable": false,"Startup Cost": 2.40,"Total Cost": 2.40,"Plan Rows": 1,"Plan Width": 108,"Actual Startup Time": 0.142,"Actual Total Time": 0.157,"Actual Rows": 5,"Actual Loops": 3,"Hash Buckets": 1024,"Original Hash Buckets": 1024,"Hash Batches": 1,"Original Hash Batches": 1,"Peak Memory Usage": 9,"Workers": [],"Plans": [{"Node Type": "Hash Join","Parent Relationship": "Outer","Parallel Aware": false,"Async Capable": false,"Join Type": "Inner","Startup Cost": 1.07,"Total Cost": 2.40,"Plan Rows": 1,"Plan Width": 108,"Actual Startup Time": 0.130,"Actual Total Time": 0.149,"Actual Rows": 5,"Actual Loops": 3,"Inner Unique": true,"Hash Cond": "(nation.n_regionkey = region.r_regionkey)","Workers": [],"Plans": [{"Node Type": "Seq Scan","Parent Relationship": "Outer","Parallel Aware": false,"Async Capable": false,"Relation Name": "nation","Alias": "nation","Startup Cost": 0.00,"Total Cost": 1.25,"Plan Rows": 25,"Plan Width": 112,"Actual Startup Time": 0.040,"Actual Total Time": 0.044,"Actual Rows": 25,"Actual Loops": 3,"Workers": []},{"Node Type": "Hash","Parent Relationship": "Inner","Parallel Aware": false,"Async Capable": false,"Startup Cost": 1.06,"Total Cost": 1.06,"Plan Rows": 1,"Plan Width": 4,"Actual Startup Time": 0.063,"Actual Total Time": 0.068,"Actual Rows": 1,"Actual Loops": 3,"Hash Buckets": 1024,"Original Hash Buckets": 1024,"Hash Batches": 1,"Original Hash Batches": 1,"Peak Memory Usage": 9,"Workers": [],"Plans": [{"Node Type": "Seq Scan","Parent Relationship": "Outer","Parallel Aware": false,"Async Capable": false,"Relation Name": "region","Alias": "region","Startup Cost": 0.00,"Total Cost": 1.06,"Plan Rows": 1,"Plan Width": 4,"Actual Startup Time": 0.045,"Actual Total Time": 0.047,"Actual Rows": 1,"Actual Loops": 3,"Filter": "(r_name = 'MIDDLE EAST'::bpchar)","Rows Removed by Filter": 4,"Workers": []}]}]}]}]},{"Node Type": "Index Scan","Parent Relationship": "Inner","Parallel Aware": false,"Async Capable": false,"Scan Direction": "Forward","Index Name": "idx_orders_custkey","Relation Name": "orders","Alias": "orders","Startup Cost": 0.43,"Total Cost": 1.55,"Plan Rows": 3,"Plan Width": 8,"Actual Startup Time": 0.017,"Actual Total Time": 0.040,"Actual Rows": 2,"Actual Loops": 29904,"Index Cond": "(o_custkey = customer.c_custkey)","Rows Removed by Index Recheck": 0,"Filter": "((o_orderdate >= '1997-01-01'::date) AND (o_orderdate < '1998-01-01 00:00:00'::timestamp without time zone))","Rows Removed by Filter": 8,"Workers": []}]},{"Node Type": "Index Scan","Parent Relationship": "Inner","Parallel Aware": false,"Async Capable": false,"Scan Direction": "Forward","Index Name": "idx_lineitem_orderkey","Relation Name": "lineitem","Alias": "lineitem","Startup Cost": 0.43,"Total Cost": 2.87,"Plan Rows": 17,"Plan Width": 20,"Actual Startup Time": 0.017,"Actual Total Time": 0.019,"Actual Rows": 4,"Actual Loops": 45096,"Index Cond": "(l_orderkey = orders.o_orderkey)","Rows Removed by Index Recheck": 0,"Workers": []}]},{"Node Type": "Hash","Parent Relationship": "Inner","Parallel Aware": false,"Async Capable": false,"Startup Cost": 322.00,"Total Cost": 322.00,"Plan Rows": 10000,"Plan Width": 8,"Actual Startup Time": 9.890,"Actual Total Time": 9.894,"Actual Rows": 10000,"Actual Loops": 3,"Hash Buckets": 16384,"Original Hash Buckets": 16384,"Hash Batches": 1,"Original Hash Batches": 1,"Peak Memory Usage": 519,"Workers": [],"Plans": [{"Node Type": "Seq Scan","Parent Relationship": "Outer","Parallel Aware": false,"Async Capable": false,"Relation Name": "supplier","Alias": "supplier","Startup Cost": 0.00,"Total Cost": 322.00,"Plan Rows": 10000,"Plan Width": 8,"Actual Startup Time": 0.039,"Actual Total Time": 7.896,"Actual Rows": 10000,"Actual Loops": 3,"Workers": []}]}]}]}]}]}]}]},"Planning Time": 11.619,"Triggers": [],"Execution Time": 856.108}]
[{"Plan": {"Node Type": "Sort","Parallel Aware": false,"Async Capable": false,"Startup Cost": 21612.43,"Total Cost": 21612.50,"Plan Rows": 25,"Plan Width": 136,"Actual Startup Time": 812.208,"Actual Total Time": 844.906,"Actual Rows": 5,"Actual Loops": 1,"Sort Key": ["(sum((lineitem.l_extendedprice * ('1'::numeric - lineitem.l_discount)))) DESC"],"Sort Method": "quicksort","Sort Space Used": 25,"Sort Space Type": "Memory","Plans": [{"Node Type": "Aggregate","Strategy": "Sorted","Partial Mode": "Finalize","Parent Relationship": "Outer","Parallel Aware": false,"Async Capable": false,"Startup Cost": 21597.38,"Total Cost": 21611.85,"Plan Rows": 25,"Plan Width": 136,"Actual Startup Time": 811.577,"Actual Total Time": 844.848,"Actual Rows": 5,"Actual Loops": 1,"Group Key": ["nation.n_name"],"Plans": [{"Node Type": "Gather Merge","Parent Relationship": "Outer","Parallel Aware": false,"Async Capable": false,"Startup Cost": 21597.38,"Total Cost": 21611.17,"Plan Rows": 50,"Plan Width": 136,"Actual Startup Time": 811.381,"Actual Total Time": 844.798,"Actual Rows": 15,"Actual Loops": 1,"Workers Planned": 2,"Workers Launched": 2,"Plans": [{"Node Type": "Aggregate","Strategy": "Sorted","Partial Mode": "Partial","Parent Relationship": "Outer","Parallel Aware": false,"Async Capable": false,"Startup Cost": 20597.36,"Total Cost": 20605.37,"Plan Rows": 25,"Plan Width": 136,"Actual Startup Time": 803.972,"Actual Total Time": 804.698,"Actual Rows": 5,"Actual Loops": 3,"Group Key": ["nation.n_name"],"Workers": [],"Plans": [{"Node Type": "Sort","Parent Relationship": "Outer","Parallel Aware": false,"Async Capable": false,"Startup Cost": 20597.36,"Total Cost": 20598.90,"Plan Rows": 616,"Plan Width": 116,"Actual Startup Time": 803.767,"Actual Total Time": 803.896,"Actual Rows": 2458,"Actual Loops": 3,"Sort Key": ["nation.n_name"],"Sort Method": "quicksort","Sort Space Used": 292,"Sort Space Type": "Memory","Workers": [{"Worker Number": 0,"Sort Method": "quicksort","Sort Space Used": 287,"Sort Space Type": "Memory"},{"Worker Number": 1,"Sort Method": "quicksort","Sort Space Used": 286,"Sort Space Type": "Memory"}],"Plans": [{"Node Type": "Hash Join","Parent Relationship": "Outer","Parallel Aware": false,"Async Capable": false,"Join Type": "Inner","Startup Cost": 475.27,"Total Cost": 20568.82,"Plan Rows": 616,"Plan Width": 116,"Actual Startup Time": 9.755,"Actual Total Time": 802.240,"Actual Rows": 2458,"Actual Loops": 3,"Inner Unique": true,"Hash Cond": "((lineitem.l_suppkey = supplier.s_suppkey) AND (customer.c_nationkey = supplier.s_nationkey))","Workers": [],"Plans": [{"Node Type": "Nested Loop","Parent Relationship": "Outer","Parallel Aware": false,"Async Capable": false,"Join Type": "Inner","Startup Cost": 3.27,"Total Cost": 20015.89,"Plan Rows": 15415,"Plan Width": 128,"Actual Startup Time": 0.708,"Actual Total Time": 760.379,"Actual Rows": 60417,"Actual Loops": 3,"Inner Unique": false,"Workers": [],"Plans": [{"Node Type": "Nested Loop","Parent Relationship": "Outer","Parallel Aware": false,"Async Capable": false,"Join Type": "Inner","Startup Cost": 2.84,"Total Cost": 8414.26,"Plan Rows": 3853,"Plan Width": 116,"Actual Startup Time": 0.563,"Actual Total Time": 454.038,"Actual Rows": 15112,"Actual Loops": 3,"Inner Unique": false,"Workers": [],"Plans": [{"Node Type": "Hash Join","Parent Relationship": "Outer","Parallel Aware": false,"Async Capable": false,"Join Type": "Inner","Startup Cost": 2.41,"Total Cost": 4471.79,"Plan Rows": 2500,"Plan Width": 116,"Actual Startup Time": 0.264,"Actual Total Time": 54.641,"Actual Rows": 9984,"Actual Loops": 3,"Inner Unique": false,"Hash Cond": "(customer.c_nationkey = nation.n_nationkey)","Workers": [],"Plans": [{"Node Type": "Seq Scan","Parent Relationship": "Outer","Parallel Aware": true,"Async Capable": false,"Relation Name": "customer","Alias": "customer","Startup Cost": 0.00,"Total Cost": 4210.00,"Plan Rows": 62500,"Plan Width": 8,"Actual Startup Time": 0.019,"Actual Total Time": 9.602,"Actual Rows": 50000,"Actual Loops": 3,"Workers": []},{"Node Type": "Hash","Parent Relationship": "Inner","Parallel Aware": false,"Async Capable": false,"Startup Cost": 2.40,"Total Cost": 2.40,"Plan Rows": 1,"Plan Width": 108,"Actual Startup Time": 0.143,"Actual Total Time": 0.163,"Actual Rows": 5,"Actual Loops": 3,"Hash Buckets": 1024,"Original Hash Buckets": 1024,"Hash Batches": 1,"Original Hash Batches": 1,"Peak Memory Usage": 9,"Workers": [],"Plans": [{"Node Type": "Hash Join","Parent Relationship": "Outer","Parallel Aware": false,"Async Capable": false,"Join Type": "Inner","Startup Cost": 1.07,"Total Cost": 2.40,"Plan Rows": 1,"Plan Width": 108,"Actual Startup Time": 0.129,"Actual Total Time": 0.153,"Actual Rows": 5,"Actual Loops": 3,"Inner Unique": true,"Hash Cond": "(nation.n_regionkey = region.r_regionkey)","Workers": [],"Plans": [{"Node Type": "Seq Scan","Parent Relationship": "Outer","Parallel Aware": false,"Async Capable": false,"Relation Name": "nation","Alias": "nation","Startup Cost": 0.00,"Total Cost": 1.25,"Plan Rows": 25,"Plan Width": 112,"Actual Startup Time": 0.046,"Actual Total Time": 0.051,"Actual Rows": 25,"Actual Loops": 3,"Workers": []},{"Node Type": "Hash","Parent Relationship": "Inner","Parallel Aware": false,"Async Capable": false,"Startup Cost": 1.06,"Total Cost": 1.06,"Plan Rows": 1,"Plan Width": 4,"Actual Startup Time": 0.053,"Actual Total Time": 0.059,"Actual Rows": 1,"Actual Loops": 3,"Hash Buckets": 1024,"Original Hash Buckets": 1024,"Hash Batches": 1,"Original Hash Batches": 1,"Peak Memory Usage": 9,"Workers": [],"Plans": [{"Node Type": "Seq Scan","Parent Relationship": "Outer","Parallel Aware": false,"Async Capable": false,"Relation Name": "region","Alias": "region","Startup Cost": 0.00,"Total Cost": 1.06,"Plan Rows": 1,"Plan Width": 4,"Actual Startup Time": 0.038,"Actual Total Time": 0.040,"Actual Rows": 1,"Actual Loops": 3,"Filter": "(r_name = 'AMERICA'::bpchar)","Rows Removed by Filter": 4,"Workers": []}]}]}]}]},{"Node Type": "Index Scan","Parent Relationship": "Inner","Parallel Aware": false,"Async Capable": false,"Scan Direction": "Forward","Index Name": "idx_orders_custkey","Relation Name": "orders","Alias": "orders","Startup Cost": 0.43,"Total Cost": 1.55,"Plan Rows": 3,"Plan Width": 8,"Actual Startup Time": 0.017,"Actual Total Time": 0.040,"Actual Rows": 2,"Actual Loops": 29952,"Index Cond": "(o_custkey = customer.c_custkey)","Rows Removed by Index Recheck": 0,"Filter": "((o_orderdate >= '1994-01-01'::date) AND (o_orderdate < '1995-01-01 00:00:00'::timestamp without time zone))","Rows Removed by Filter": 8,"Workers": []}]},{"Node Type": "Index Scan","Parent Relationship": "Inner","Parallel Aware": false,"Async Capable": false,"Scan Direction": "Forward","Index Name": "idx_lineitem_orderkey","Relation Name": "lineitem","Alias": "lineitem","Startup Cost": 0.43,"Total Cost": 2.84,"Plan Rows": 17,"Plan Width": 20,"Actual Startup Time": 0.017,"Actual Total Time": 0.020,"Actual Rows": 4,"Actual Loops": 45335,"Index Cond": "(l_orderkey = orders.o_orderkey)","Rows Removed by Index Recheck": 0,"Workers": []}]},{"Node Type": "Hash","Parent Relationship": "Inner","Parallel Aware": false,"Async Capable": false,"Startup Cost": 322.00,"Total Cost": 322.00,"Plan Rows": 10000,"Plan Width": 8,"Actual Startup Time": 8.509,"Actual Total Time": 8.512,"Actual Rows": 10000,"Actual Loops": 3,"Hash Buckets": 16384,"Original Hash Buckets": 16384,"Hash Batches": 1,"Original Hash Batches": 1,"Peak Memory Usage": 519,"Workers": [],"Plans": [{"Node Type": "Seq Scan","Parent Relationship": "Outer","Parallel Aware": false,"Async Capable": false,"Relation Name": "supplier","Alias": "supplier","Startup Cost": 0.00,"Total Cost": 322.00,"Plan Rows": 10000,"Plan Width": 8,"Actual Startup Time": 0.036,"Actual Total Time": 6.673,"Actual Rows": 10000,"Actual Loops": 3,"Workers": []}]}]}]}]}]}]}]},"Planning Time": 10.649,"Triggers": [],"Execution Time": 845.482}]
[{"Plan": {"Node Type": "Sort","Parallel Aware": false,"Async Capable": false,"Startup Cost": 21612.43,"Total Cost": 21612.50,"Plan Rows": 25,"Plan Width": 136,"Actual Startup Time": 827.834,"Actual Total Time": 858.973,"Actual Rows": 5,"Actual Loops": 1,"Sort Key": ["(sum((lineitem.l_extendedprice * ('1'::numeric - lineitem.l_discount)))) DESC"],"Sort Method": "quicksort","Sort Space Used": 25,"Sort Space Type": "Memory","Plans": [{"Node Type": "Aggregate","Strategy": "Sorted","Partial Mode": "Finalize","Parent Relationship": "Outer","Parallel Aware": false,"Async Capable": false,"Startup Cost": 21597.38,"Total Cost": 21611.85,"Plan Rows": 25,"Plan Width": 136,"Actual Startup Time": 827.274,"Actual Total Time": 858.918,"Actual Rows": 5,"Actual Loops": 1,"Group Key": ["nation.n_name"],"Plans": [{"Node Type": "Gather Merge","Parent Relationship": "Outer","Parallel Aware": false,"Async Capable": false,"Startup Cost": 21597.38,"Total Cost": 21611.17,"Plan Rows": 50,"Plan Width": 136,"Actual Startup Time": 827.088,"Actual Total Time": 858.883,"Actual Rows": 15,"Actual Loops": 1,"Workers Planned": 2,"Workers Launched": 2,"Plans": [{"Node Type": "Aggregate","Strategy": "Sorted","Partial Mode": "Partial","Parent Relationship": "Outer","Parallel Aware": false,"Async Capable": false,"Startup Cost": 20597.36,"Total Cost": 20605.37,"Plan Rows": 25,"Plan Width": 136,"Actual Startup Time": 818.981,"Actual Total Time": 819.657,"Actual Rows": 5,"Actual Loops": 3,"Group Key": ["nation.n_name"],"Workers": [],"Plans": [{"Node Type": "Sort","Parent Relationship": "Outer","Parallel Aware": false,"Async Capable": false,"Startup Cost": 20597.36,"Total Cost": 20598.90,"Plan Rows": 616,"Plan Width": 116,"Actual Startup Time": 818.754,"Actual Total Time": 818.877,"Actual Rows": 2367,"Actual Loops": 3,"Sort Key": ["nation.n_name"],"Sort Method": "quicksort","Sort Space Used": 283,"Sort Space Type": "Memory","Workers": [{"Worker Number": 0,"Sort Method": "quicksort","Sort Space Used": 277,"Sort Space Type": "Memory"},{"Worker Number": 1,"Sort Method": "quicksort","Sort Space Used": 284,"Sort Space Type": "Memory"}],"Plans": [{"Node Type": "Hash Join","Parent Relationship": "Outer","Parallel Aware": false,"Async Capable": false,"Join Type": "Inner","Startup Cost": 475.27,"Total Cost": 20568.82,"Plan Rows": 616,"Plan Width": 116,"Actual Startup Time": 13.272,"Actual Total Time": 817.265,"Actual Rows": 2367,"Actual Loops": 3,"Inner Unique": true,"Hash Cond": "((lineitem.l_suppkey = supplier.s_suppkey) AND (customer.c_nationkey = supplier.s_nationkey))","Workers": [],"Plans": [{"Node Type": "Nested Loop","Parent Relationship": "Outer","Parallel Aware": false,"Async Capable": false,"Join Type": "Inner","Startup Cost": 3.27,"Total Cost": 20015.89,"Plan Rows": 15415,"Plan Width": 128,"Actual Startup Time": 0.973,"Actual Total Time": 770.169,"Actual Rows": 60208,"Actual Loops": 3,"Inner Unique": false,"Workers": [],"Plans": [{"Node Type": "Nested Loop","Parent Relationship": "Outer","Parallel Aware": false,"Async Capable": false,"Join Type": "Inner","Startup Cost": 2.84,"Total Cost": 8414.26,"Plan Rows": 3853,"Plan Width": 116,"Actual Startup Time": 0.870,"Actual Total Time": 466.623,"Actual Rows": 15051,"Actual Loops": 3,"Inner Unique": false,"Workers": [],"Plans": [{"Node Type": "Hash Join","Parent Relationship": "Outer","Parallel Aware": false,"Async Capable": false,"Join Type": "Inner","Startup Cost": 2.41,"Total Cost": 4471.79,"Plan Rows": 2500,"Plan Width": 116,"Actual Startup Time": 0.250,"Actual Total Time": 58.358,"Actual Rows": 9921,"Actual Loops": 3,"Inner Unique": false,"Hash Cond": "(customer.c_nationkey = nation.n_nationkey)","Workers": [],"Plans": [{"Node Type": "Seq Scan","Parent Relationship": "Outer","Parallel Aware": true,"Async Capable": false,"Relation Name": "customer","Alias": "customer","Startup Cost": 0.00,"Total Cost": 4210.00,"Plan Rows": 62500,"Plan Width": 8,"Actual Startup Time": 0.013,"Actual Total Time": 10.073,"Actual Rows": 50000,"Actual Loops": 3,"Workers": []},{"Node Type": "Hash","Parent Relationship": "Inner","Parallel Aware": false,"Async Capable": false,"Startup Cost": 2.40,"Total Cost": 2.40,"Plan Rows": 1,"Plan Width": 108,"Actual Startup Time": 0.153,"Actual Total Time": 0.173,"Actual Rows": 5,"Actual Loops": 3,"Hash Buckets": 1024,"Original Hash Buckets": 1024,"Hash Batches": 1,"Original Hash Batches": 1,"Peak Memory Usage": 9,"Workers": [],"Plans": [{"Node Type": "Hash Join","Parent Relationship": "Outer","Parallel Aware": false,"Async Capable": false,"Join Type": "Inner","Startup Cost": 1.07,"Total Cost": 2.40,"Plan Rows": 1,"Plan Width": 108,"Actual Startup Time": 0.137,"Actual Total Time": 0.162,"Actual Rows": 5,"Actual Loops": 3,"Inner Unique": true,"Hash Cond": "(nation.n_regionkey = region.r_regionkey)","Workers": [],"Plans": [{"Node Type": "Seq Scan","Parent Relationship": "Outer","Parallel Aware": false,"Async Capable": false,"Relation Name": "nation","Alias": "nation","Startup Cost": 0.00,"Total Cost": 1.25,"Plan Rows": 25,"Plan Width": 112,"Actual Startup Time": 0.055,"Actual Total Time": 0.059,"Actual Rows": 25,"Actual Loops": 3,"Workers": []},{"Node Type": "Hash","Parent Relationship": "Inner","Parallel Aware": false,"Async Capable": false,"Startup Cost": 1.06,"Total Cost": 1.06,"Plan Rows": 1,"Plan Width": 4,"Actual Startup Time": 0.058,"Actual Total Time": 0.065,"Actual Rows": 1,"Actual Loops": 3,"Hash Buckets": 1024,"Original Hash Buckets": 1024,"Hash Batches": 1,"Original Hash Batches": 1,"Peak Memory Usage": 9,"Workers": [],"Plans": [{"Node Type": "Seq Scan","Parent Relationship": "Outer","Parallel Aware": false,"Async Capable": false,"Relation Name": "region","Alias": "region","Startup Cost": 0.00,"Total Cost": 1.06,"Plan Rows": 1,"Plan Width": 4,"Actual Startup Time": 0.044,"Actual Total Time": 0.048,"Actual Rows": 1,"Actual Loops": 3,"Filter": "(r_name = 'AFRICA'::bpchar)","Rows Removed by Filter": 4,"Workers": []}]}]}]}]},{"Node Type": "Index Scan","Parent Relationship": "Inner","Parallel Aware": false,"Async Capable": false,"Scan Direction": "Forward","Index Name": "idx_orders_custkey","Relation Name": "orders","Alias": "orders","Startup Cost": 0.43,"Total Cost": 1.55,"Plan Rows": 3,"Plan Width": 8,"Actual Startup Time": 0.018,"Actual Total Time": 0.041,"Actual Rows": 2,"Actual Loops": 29764,"Index Cond": "(o_custkey = customer.c_custkey)","Rows Removed by Index Recheck": 0,"Filter": "((o_orderdate >= '1994-01-01'::date) AND (o_orderdate < '1995-01-01 00:00:00'::timestamp without time zone))","Rows Removed by Filter": 9,"Workers": []}]},{"Node Type": "Index Scan","Parent Relationship": "Inner","Parallel Aware": false,"Async Capable": false,"Scan Direction": "Forward","Index Name": "idx_lineitem_orderkey","Relation Name": "lineitem","Alias": "lineitem","Startup Cost": 0.43,"Total Cost": 2.84,"Plan Rows": 17,"Plan Width": 20,"Actual Startup Time": 0.017,"Actual Total Time": 0.019,"Actual Rows": 4,"Actual Loops": 45152,"Index Cond": "(l_orderkey = orders.o_orderkey)","Rows Removed by Index Recheck": 0,"Workers": []}]},{"Node Type": "Hash","Parent Relationship": "Inner","Parallel Aware": false,"Async Capable": false,"Startup Cost": 322.00,"Total Cost": 322.00,"Plan Rows": 10000,"Plan Width": 8,"Actual Startup Time": 11.376,"Actual Total Time": 11.381,"Actual Rows": 10000,"Actual Loops": 3,"Hash Buckets": 16384,"Original Hash Buckets": 16384,"Hash Batches": 1,"Original Hash Batches": 1,"Peak Memory Usage": 519,"Workers": [],"Plans": [{"Node Type": "Seq Scan","Parent Relationship": "Outer","Parallel Aware": false,"Async Capable": false,"Relation Name": "supplier","Alias": "supplier","Startup Cost": 0.00,"Total Cost": 322.00,"Plan Rows": 10000,"Plan Width": 8,"Actual Startup Time": 0.042,"Actual Total Time": 9.565,"Actual Rows": 10000,"Actual Loops": 3,"Workers": []}]}]}]}]}]}]}]},"Planning Time": 10.751,"Triggers": [],"Execution Time": 859.508}]
[{"Plan": {"Node Type": "Sort","Parallel Aware": false,"Async Capable": false,"Startup Cost": 21565.81,"Total Cost": 21565.87,"Plan Rows": 25,"Plan Width": 136,"Actual Startup Time": 833.811,"Actual Total Time": 865.523,"Actual Rows": 5,"Actual Loops": 1,"Sort Key": ["(sum((lineitem.l_extendedprice * ('1'::numeric - lineitem.l_discount)))) DESC"],"Sort Method": "quicksort","Sort Space Used": 25,"Sort Space Type": "Memory","Plans": [{"Node Type": "Aggregate","Strategy": "Sorted","Partial Mode": "Finalize","Parent Relationship": "Outer","Parallel Aware": false,"Async Capable": false,"Startup Cost": 21550.86,"Total Cost": 21565.23,"Plan Rows": 25,"Plan Width": 136,"Actual Startup Time": 833.271,"Actual Total Time": 865.478,"Actual Rows": 5,"Actual Loops": 1,"Group Key": ["nation.n_name"],"Plans": [{"Node Type": "Gather Merge","Parent Relationship": "Outer","Parallel Aware": false,"Async Capable": false,"Startup Cost": 21550.86,"Total Cost": 21564.54,"Plan Rows": 50,"Plan Width": 136,"Actual Startup Time": 833.025,"Actual Total Time": 865.435,"Actual Rows": 15,"Actual Loops": 1,"Workers Planned": 2,"Workers Launched": 2,"Plans": [{"Node Type": "Aggregate","Strategy": "Sorted","Partial Mode": "Partial","Parent Relationship": "Outer","Parallel Aware": false,"Async Capable": false,"Startup Cost": 20550.84,"Total Cost": 20558.75,"Plan Rows": 25,"Plan Width": 136,"Actual Startup Time": 825.546,"Actual Total Time": 826.255,"Actual Rows": 5,"Actual Loops": 3,"Group Key": ["nation.n_name"],"Workers": [],"Plans": [{"Node Type": "Sort","Parent Relationship": "Outer","Parallel Aware": false,"Async Capable": false,"Startup Cost": 20550.84,"Total Cost": 20552.36,"Plan Rows": 608,"Plan Width": 116,"Actual Startup Time": 825.323,"Actual Total Time": 825.450,"Actual Rows": 2415,"Actual Loops": 3,"Sort Key": ["nation.n_name"],"Sort Method": "quicksort","Sort Space Used": 281,"Sort Space Type": "Memory","Workers": [{"Worker Number": 0,"Sort Method": "quicksort","Sort Space Used": 286,"Sort Space Type": "Memory"},{"Worker Number": 1,"Sort Method": "quicksort","Sort Space Used": 289,"Sort Space Type": "Memory"}],"Plans": [{"Node Type": "Hash Join","Parent Relationship": "Outer","Parallel Aware": false,"Async Capable": false,"Join Type": "Inner","Startup Cost": 475.27,"Total Cost": 20522.72,"Plan Rows": 608,"Plan Width": 116,"Actual Startup Time": 12.893,"Actual Total Time": 823.841,"Actual Rows": 2415,"Actual Loops": 3,"Inner Unique": true,"Hash Cond": "((lineitem.l_suppkey = supplier.s_suppkey) AND (customer.c_nationkey = supplier.s_nationkey))","Workers": [],"Plans": [{"Node Type": "Nested Loop","Parent Relationship": "Outer","Parallel Aware": false,"Async Capable": false,"Join Type": "Inner","Startup Cost": 3.27,"Total Cost": 19970.84,"Plan Rows": 15215,"Plan Width": 128,"Actual Startup Time": 0.809,"Actual Total Time": 777.035,"Actual Rows": 60714,"Actual Loops": 3,"Inner Unique": false,"Workers": [],"Plans": [{"Node Type": "Nested Loop","Parent Relationship": "Outer","Parallel Aware": false,"Async Capable": false,"Join Type": "Inner","Startup Cost": 2.84,"Total Cost": 8414.26,"Plan Rows": 3803,"Plan Width": 116,"Actual Startup Time": 0.660,"Actual Total Time": 471.667,"Actual Rows": 15226,"Actual Loops": 3,"Inner Unique": false,"Workers": [],"Plans": [{"Node Type": "Hash Join","Parent Relationship": "Outer","Parallel Aware": false,"Async Capable": false,"Join Type": "Inner","Startup Cost": 2.41,"Total Cost": 4471.79,"Plan Rows": 2500,"Plan Width": 116,"Actual Startup Time": 0.276,"Actual Total Time": 59.829,"Actual Rows": 10066,"Actual Loops": 3,"Inner Unique": false,"Hash Cond": "(customer.c_nationkey = nation.n_nationkey)","Workers": [],"Plans": [{"Node Type": "Seq Scan","Parent Relationship": "Outer","Parallel Aware": true,"Async Capable": false,"Relation Name": "customer","Alias": "customer","Startup Cost": 0.00,"Total Cost": 4210.00,"Plan Rows": 62500,"Plan Width": 8,"Actual Startup Time": 0.021,"Actual Total Time": 10.083,"Actual Rows": 50000,"Actual Loops": 3,"Workers": []},{"Node Type": "Hash","Parent Relationship": "Inner","Parallel Aware": false,"Async Capable": false,"Startup Cost": 2.40,"Total Cost": 2.40,"Plan Rows": 1,"Plan Width": 108,"Actual Startup Time": 0.154,"Actual Total Time": 0.171,"Actual Rows": 5,"Actual Loops": 3,"Hash Buckets": 1024,"Original Hash Buckets": 1024,"Hash Batches": 1,"Original Hash Batches": 1,"Peak Memory Usage": 9,"Workers": [],"Plans": [{"Node Type": "Hash Join","Parent Relationship": "Outer","Parallel Aware": false,"Async Capable": false,"Join Type": "Inner","Startup Cost": 1.07,"Total Cost": 2.40,"Plan Rows": 1,"Plan Width": 108,"Actual Startup Time": 0.139,"Actual Total Time": 0.162,"Actual Rows": 5,"Actual Loops": 3,"Inner Unique": true,"Hash Cond": "(nation.n_regionkey = region.r_regionkey)","Workers": [],"Plans": [{"Node Type": "Seq Scan","Parent Relationship": "Outer","Parallel Aware": false,"Async Capable": false,"Relation Name": "nation","Alias": "nation","Startup Cost": 0.00,"Total Cost": 1.25,"Plan Rows": 25,"Plan Width": 112,"Actual Startup Time": 0.051,"Actual Total Time": 0.055,"Actual Rows": 25,"Actual Loops": 3,"Workers": []},{"Node Type": "Hash","Parent Relationship": "Inner","Parallel Aware": false,"Async Capable": false,"Startup Cost": 1.06,"Total Cost": 1.06,"Plan Rows": 1,"Plan Width": 4,"Actual Startup Time": 0.057,"Actual Total Time": 0.063,"Actual Rows": 1,"Actual Loops": 3,"Hash Buckets": 1024,"Original Hash Buckets": 1024,"Hash Batches": 1,"Original Hash Batches": 1,"Peak Memory Usage": 9,"Workers": [],"Plans": [{"Node Type": "Seq Scan","Parent Relationship": "Outer","Parallel Aware": false,"Async Capable": false,"Relation Name": "region","Alias": "region","Startup Cost": 0.00,"Total Cost": 1.06,"Plan Rows": 1,"Plan Width": 4,"Actual Startup Time": 0.043,"Actual Total Time": 0.045,"Actual Rows": 1,"Actual Loops": 3,"Filter": "(r_name = 'EUROPE'::bpchar)","Rows Removed by Filter": 4,"Workers": []}]}]}]}]},{"Node Type": "Index Scan","Parent Relationship": "Inner","Parallel Aware": false,"Async Capable": false,"Scan Direction": "Forward","Index Name": "idx_orders_custkey","Relation Name": "orders","Alias": "orders","Startup Cost": 0.43,"Total Cost": 1.55,"Plan Rows": 3,"Plan Width": 8,"Actual Startup Time": 0.017,"Actual Total Time": 0.041,"Actual Rows": 2,"Actual Loops": 30197,"Index Cond": "(o_custkey = customer.c_custkey)","Rows Removed by Index Recheck": 0,"Filter": "((o_orderdate >= '1997-01-01'::date) AND (o_orderdate < '1998-01-01 00:00:00'::timestamp without time zone))","Rows Removed by Filter": 9,"Workers": []}]},{"Node Type": "Index Scan","Parent Relationship": "Inner","Parallel Aware": false,"Async Capable": false,"Scan Direction": "Forward","Index Name": "idx_lineitem_orderkey","Relation Name": "lineitem","Alias": "lineitem","Startup Cost": 0.43,"Total Cost": 2.87,"Plan Rows": 17,"Plan Width": 20,"Actual Startup Time": 0.017,"Actual Total Time": 0.019,"Actual Rows": 4,"Actual Loops": 45677,"Index Cond": "(l_orderkey = orders.o_orderkey)","Rows Removed by Index Recheck": 0,"Workers": []}]},{"Node Type": "Hash","Parent Relationship": "Inner","Parallel Aware": false,"Async Capable": false,"Startup Cost": 322.00,"Total Cost": 322.00,"Plan Rows": 10000,"Plan Width": 8,"Actual Startup Time": 11.560,"Actual Total Time": 11.566,"Actual Rows": 10000,"Actual Loops": 3,"Hash Buckets": 16384,"Original Hash Buckets": 16384,"Hash Batches": 1,"Original Hash Batches": 1,"Peak Memory Usage": 519,"Workers": [],"Plans": [{"Node Type": "Seq Scan","Parent Relationship": "Outer","Parallel Aware": false,"Async Capable": false,"Relation Name": "supplier","Alias": "supplier","Startup Cost": 0.00,"Total Cost": 322.00,"Plan Rows": 10000,"Plan Width": 8,"Actual Startup Time": 0.053,"Actual Total Time": 9.758,"Actual Rows": 10000,"Actual Loops": 3,"Workers": []}]}]}]}]}]}]}]},"Planning Time": 11.054,"Triggers": [],"Execution Time": 866.075}]
[{"Plan": {"Node Type": "Sort","Parallel Aware": false,"Async Capable": false,"Startup Cost": 21612.43,"Total Cost": 21612.50,"Plan Rows": 25,"Plan Width": 136,"Actual Startup Time": 827.834,"Actual Total Time": 858.973,"Actual Rows": 5,"Actual Loops": 1,"Sort Key": ["(sum((lineitem.l_extendedprice * ('1'::numeric - lineitem.l_discount)))) DESC"],"Sort Method": "quicksort","Sort Space Used": 25,"Sort Space Type": "Memory","Plans": [{"Node Type": "Aggregate","Strategy": "Sorted","Partial Mode": "Finalize","Parent Relationship": "Outer","Parallel Aware": false,"Async Capable": false,"Startup Cost": 21597.38,"Total Cost": 21611.85,"Plan Rows": 25,"Plan Width": 136,"Actual Startup Time": 827.274,"Actual Total Time": 858.918,"Actual Rows": 5,"Actual Loops": 1,"Group Key": ["nation.n_name"],"Plans": [{"Node Type": "Gather Merge","Parent Relationship": "Outer","Parallel Aware": false,"Async Capable": false,"Startup Cost": 21597.38,"Total Cost": 21611.17,"Plan Rows": 50,"Plan Width": 136,"Actual Startup Time": 827.088,"Actual Total Time": 858.883,"Actual Rows": 15,"Actual Loops": 1,"Workers Planned": 2,"Workers Launched": 2,"Plans": [{"Node Type": "Aggregate","Strategy": "Sorted","Partial Mode": "Partial","Parent Relationship": "Outer","Parallel Aware": false,"Async Capable": false,"Startup Cost": 20597.36,"Total Cost": 20605.37,"Plan Rows": 25,"Plan Width": 136,"Actual Startup Time": 818.981,"Actual Total Time": 819.657,"Actual Rows": 5,"Actual Loops": 3,"Group Key": ["nation.n_name"],"Workers": [],"Plans": [{"Node Type": "Sort","Parent Relationship": "Outer","Parallel Aware": false,"Async Capable": false,"Startup Cost": 20597.36,"Total Cost": 20598.90,"Plan Rows": 616,"Plan Width": 116,"Actual Startup Time": 818.754,"Actual Total Time": 818.877,"Actual Rows": 2367,"Actual Loops": 3,"Sort Key": ["nation.n_name"],"Sort Method": "quicksort","Sort Space Used": 283,"Sort Space Type": "Memory","Workers": [{"Worker Number": 0,"Sort Method": "quicksort","Sort Space Used": 277,"Sort Space Type": "Memory"},{"Worker Number": 1,"Sort Method": "quicksort","Sort Space Used": 284,"Sort Space Type": "Memory"}],"Plans": [{"Node Type": "Hash Join","Parent Relationship": "Outer","Parallel Aware": false,"Async Capable": false,"Join Type": "Inner","Startup Cost": 475.27,"Total Cost": 20568.82,"Plan Rows": 616,"Plan Width": 116,"Actual Startup Time": 13.272,"Actual Total Time": 817.265,"Actual Rows": 2367,"Actual Loops": 3,"Inner Unique": true,"Hash Cond": "((lineitem.l_suppkey = supplier.s_suppkey) AND (customer.c_nationkey = supplier.s_nationkey))","Workers": [],"Plans": [{"Node Type": "Nested Loop","Parent Relationship": "Outer","Parallel Aware": false,"Async Capable": false,"Join Type": "Inner","Startup Cost": 3.27,"Total Cost": 20015.89,"Plan Rows": 15415,"Plan Width": 128,"Actual Startup Time": 0.973,"Actual Total Time": 770.169,"Actual Rows": 60208,"Actual Loops": 3,"Inner Unique": false,"Workers": [],"Plans": [{"Node Type": "Nested Loop","Parent Relationship": "Outer","Parallel Aware": false,"Async Capable": false,"Join Type": "Inner","Startup Cost": 2.84,"Total Cost": 8414.26,"Plan Rows": 3853,"Plan Width": 116,"Actual Startup Time": 0.870,"Actual Total Time": 466.623,"Actual Rows": 15051,"Actual Loops": 3,"Inner Unique": false,"Workers": [],"Plans": [{"Node Type": "Hash Join","Parent Relationship": "Outer","Parallel Aware": false,"Async Capable": false,"Join Type": "Inner","Startup Cost": 2.41,"Total Cost": 4471.79,"Plan Rows": 2500,"Plan Width": 116,"Actual Startup Time": 0.250,"Actual Total Time": 58.358,"Actual Rows": 9921,"Actual Loops": 3,"Inner Unique": false,"Hash Cond": "(customer.c_nationkey = nation.n_nationkey)","Workers": [],"Plans": [{"Node Type": "Seq Scan","Parent Relationship": "Outer","Parallel Aware": true,"Async Capable": false,"Relation Name": "customer","Alias": "customer","Startup Cost": 0.00,"Total Cost": 4210.00,"Plan Rows": 62500,"Plan Width": 8,"Actual Startup Time": 0.013,"Actual Total Time": 10.073,"Actual Rows": 50000,"Actual Loops": 3,"Workers": []},{"Node Type": "Hash","Parent Relationship": "Inner","Parallel Aware": false,"Async Capable": false,"Startup Cost": 2.40,"Total Cost": 2.40,"Plan Rows": 1,"Plan Width": 108,"Actual Startup Time": 0.153,"Actual Total Time": 0.173,"Actual Rows": 5,"Actual Loops": 3,"Hash Buckets": 1024,"Original Hash Buckets": 1024,"Hash Batches": 1,"Original Hash Batches": 1,"Peak Memory Usage": 9,"Workers": [],"Plans": [{"Node Type": "Hash Join","Parent Relationship": "Outer","Parallel Aware": false,"Async Capable": false,"Join Type": "Inner","Startup Cost": 1.07,"Total Cost": 2.40,"Plan Rows": 1,"Plan Width": 108,"Actual Startup Time": 0.137,"Actual Total Time": 0.162,"Actual Rows": 5,"Actual Loops": 3,"Inner Unique": true,"Hash Cond": "(nation.n_regionkey = region.r_regionkey)","Workers": [],"Plans": [{"Node Type": "Seq Scan","Parent Relationship": "Outer","Parallel Aware": false,"Async Capable": false,"Relation Name": "nation","Alias": "nation","Startup Cost": 0.00,"Total Cost": 1.25,"Plan Rows": 25,"Plan Width": 112,"Actual Startup Time": 0.055,"Actual Total Time": 0.059,"Actual Rows": 25,"Actual Loops": 3,"Workers": []},{"Node Type": "Hash","Parent Relationship": "Inner","Parallel Aware": false,"Async Capable": false,"Startup Cost": 1.06,"Total Cost": 1.06,"Plan Rows": 1,"Plan Width": 4,"Actual Startup Time": 0.058,"Actual Total Time": 0.065,"Actual Rows": 1,"Actual Loops": 3,"Hash Buckets": 1024,"Original Hash Buckets": 1024,"Hash Batches": 1,"Original Hash Batches": 1,"Peak Memory Usage": 9,"Workers": [],"Plans": [{"Node Type": "Seq Scan","Parent Relationship": "Outer","Parallel Aware": false,"Async Capable": false,"Relation Name": "region","Alias": "region","Startup Cost": 0.00,"Total Cost": 1.06,"Plan Rows": 1,"Plan Width": 4,"Actual Startup Time": 0.044,"Actual Total Time": 0.048,"Actual Rows": 1,"Actual Loops": 3,"Filter": "(r_name = 'AFRICA'::bpchar)","Rows Removed by Filter": 4,"Workers": []}]}]}]}]},{"Node Type": "Index Scan","Parent Relationship": "Inner","Parallel Aware": false,"Async Capable": false,"Scan Direction": "Forward","Index Name": "idx_orders_custkey","Relation Name": "orders","Alias": "orders","Startup Cost": 0.43,"Total Cost": 1.55,"Plan Rows": 3,"Plan Width": 8,"Actual Startup Time": 0.018,"Actual Total Time": 0.041,"Actual Rows": 2,"Actual Loops": 29764,"Index Cond": "(o_custkey = customer.c_custkey)","Rows Removed by Index Recheck": 0,"Filter": "((o_orderdate >= '1994-01-01'::date) AND (o_orderdate < '1995-01-01 00:00:00'::timestamp without time zone))","Rows Removed by Filter": 9,"Workers": []}]},{"Node Type": "Index Scan","Parent Relationship": "Inner","Parallel Aware": false,"Async Capable": false,"Scan Direction": "Forward","Index Name": "idx_lineitem_orderkey","Relation Name": "lineitem","Alias": "lineitem","Startup Cost": 0.43,"Total Cost": 2.84,"Plan Rows": 17,"Plan Width": 20,"Actual Startup Time": 0.017,"Actual Total Time": 0.019,"Actual Rows": 4,"Actual Loops": 45152,"Index Cond": "(l_orderkey = orders.o_orderkey)","Rows Removed by Index Recheck": 0,"Workers": []}]},{"Node Type": "Hash","Parent Relationship": "Inner","Parallel Aware": false,"Async Capable": false,"Startup Cost": 322.00,"Total Cost": 322.00,"Plan Rows": 10000,"Plan Width": 8,"Actual Startup Time": 11.376,"Actual Total Time": 11.381,"Actual Rows": 10000,"Actual Loops": 3,"Hash Buckets": 16384,"Original Hash Buckets": 16384,"Hash Batches": 1,"Original Hash Batches": 1,"Peak Memory Usage": 519,"Workers": [],"Plans": [{"Node Type": "Seq Scan","Parent Relationship": "Outer","Parallel Aware": false,"Async Capable": false,"Relation Name": "supplier","Alias": "supplier","Startup Cost": 0.00,"Total Cost": 322.00,"Plan Rows": 10000,"Plan Width": 8,"Actual Startup Time": 0.042,"Actual Total Time": 9.565,"Actual Rows": 10000,"Actual Loops": 3,"Workers": []}]}]}]}]}]}]}]},"Planning Time": 10.751,"Triggers": [],"Execution Time": 859.508}]
[{"Plan": {"Node Type": "Sort","Parallel Aware": false,"Async Capable": false,"Startup Cost": 21612.43,"Total Cost": 21612.50,"Plan Rows": 25,"Plan Width": 136,"Actual Startup Time": 832.616,"Actual Total Time": 862.680,"Actual Rows": 5,"Actual Loops": 1,"Sort Key": ["(sum((lineitem.l_extendedprice * ('1'::numeric - lineitem.l_discount)))) DESC"],"Sort Method": "quicksort","Sort Space Used": 25,"Sort Space Type": "Memory","Plans": [{"Node Type": "Aggregate","Strategy": "Sorted","Partial Mode": "Finalize","Parent Relationship": "Outer","Parallel Aware": false,"Async Capable": false,"Startup Cost": 21597.38,"Total Cost": 21611.85,"Plan Rows": 25,"Plan Width": 136,"Actual Startup Time": 832.009,"Actual Total Time": 862.637,"Actual Rows": 5,"Actual Loops": 1,"Group Key": ["nation.n_name"],"Plans": [{"Node Type": "Gather Merge","Parent Relationship": "Outer","Parallel Aware": false,"Async Capable": false,"Startup Cost": 21597.38,"Total Cost": 21611.17,"Plan Rows": 50,"Plan Width": 136,"Actual Startup Time": 831.804,"Actual Total Time": 862.590,"Actual Rows": 15,"Actual Loops": 1,"Workers Planned": 2,"Workers Launched": 2,"Plans": [{"Node Type": "Aggregate","Strategy": "Sorted","Partial Mode": "Partial","Parent Relationship": "Outer","Parallel Aware": false,"Async Capable": false,"Startup Cost": 20597.36,"Total Cost": 20605.37,"Plan Rows": 25,"Plan Width": 136,"Actual Startup Time": 824.333,"Actual Total Time": 825.038,"Actual Rows": 5,"Actual Loops": 3,"Group Key": ["nation.n_name"],"Workers": [],"Plans": [{"Node Type": "Sort","Parent Relationship": "Outer","Parallel Aware": false,"Async Capable": false,"Startup Cost": 20597.36,"Total Cost": 20598.90,"Plan Rows": 616,"Plan Width": 116,"Actual Startup Time": 824.137,"Actual Total Time": 824.256,"Actual Rows": 2417,"Actual Loops": 3,"Sort Key": ["nation.n_name"],"Sort Method": "quicksort","Sort Space Used": 288,"Sort Space Type": "Memory","Workers": [{"Worker Number": 0,"Sort Method": "quicksort","Sort Space Used": 280,"Sort Space Type": "Memory"},{"Worker Number": 1,"Sort Method": "quicksort","Sort Space Used": 288,"Sort Space Type": "Memory"}],"Plans": [{"Node Type": "Hash Join","Parent Relationship": "Outer","Parallel Aware": false,"Async Capable": false,"Join Type": "Inner","Startup Cost": 475.27,"Total Cost": 20568.82,"Plan Rows": 616,"Plan Width": 116,"Actual Startup Time": 12.703,"Actual Total Time": 822.671,"Actual Rows": 2417,"Actual Loops": 3,"Inner Unique": true,"Hash Cond": "((lineitem.l_suppkey = supplier.s_suppkey) AND (customer.c_nationkey = supplier.s_nationkey))","Workers": [],"Plans": [{"Node Type": "Nested Loop","Parent Relationship": "Outer","Parallel Aware": false,"Async Capable": false,"Join Type": "Inner","Startup Cost": 3.27,"Total Cost": 20015.89,"Plan Rows": 15415,"Plan Width": 128,"Actual Startup Time": 0.571,"Actual Total Time": 776.984,"Actual Rows": 59997,"Actual Loops": 3,"Inner Unique": false,"Workers": [],"Plans": [{"Node Type": "Nested Loop","Parent Relationship": "Outer","Parallel Aware": false,"Async Capable": false,"Join Type": "Inner","Startup Cost": 2.84,"Total Cost": 8414.26,"Plan Rows": 3853,"Plan Width": 116,"Actual Startup Time": 0.454,"Actual Total Time": 470.088,"Actual Rows": 15003,"Actual Loops": 3,"Inner Unique": false,"Workers": [],"Plans": [{"Node Type": "Hash Join","Parent Relationship": "Outer","Parallel Aware": false,"Async Capable": false,"Join Type": "Inner","Startup Cost": 2.41,"Total Cost": 4471.79,"Plan Rows": 2500,"Plan Width": 116,"Actual Startup Time": 0.227,"Actual Total Time": 60.370,"Actual Rows": 9968,"Actual Loops": 3,"Inner Unique": false,"Hash Cond": "(customer.c_nationkey = nation.n_nationkey)","Workers": [],"Plans": [{"Node Type": "Seq Scan","Parent Relationship": "Outer","Parallel Aware": true,"Async Capable": false,"Relation Name": "customer","Alias": "customer","Startup Cost": 0.00,"Total Cost": 4210.00,"Plan Rows": 62500,"Plan Width": 8,"Actual Startup Time": 0.013,"Actual Total Time": 10.099,"Actual Rows": 50000,"Actual Loops": 3,"Workers": []},{"Node Type": "Hash","Parent Relationship": "Inner","Parallel Aware": false,"Async Capable": false,"Startup Cost": 2.40,"Total Cost": 2.40,"Plan Rows": 1,"Plan Width": 108,"Actual Startup Time": 0.138,"Actual Total Time": 0.150,"Actual Rows": 5,"Actual Loops": 3,"Hash Buckets": 1024,"Original Hash Buckets": 1024,"Hash Batches": 1,"Original Hash Batches": 1,"Peak Memory Usage": 9,"Workers": [],"Plans": [{"Node Type": "Hash Join","Parent Relationship": "Outer","Parallel Aware": false,"Async Capable": false,"Join Type": "Inner","Startup Cost": 1.07,"Total Cost": 2.40,"Plan Rows": 1,"Plan Width": 108,"Actual Startup Time": 0.125,"Actual Total Time": 0.142,"Actual Rows": 5,"Actual Loops": 3,"Inner Unique": true,"Hash Cond": "(nation.n_regionkey = region.r_regionkey)","Workers": [],"Plans": [{"Node Type": "Seq Scan","Parent Relationship": "Outer","Parallel Aware": false,"Async Capable": false,"Relation Name": "nation","Alias": "nation","Startup Cost": 0.00,"Total Cost": 1.25,"Plan Rows": 25,"Plan Width": 112,"Actual Startup Time": 0.044,"Actual Total Time": 0.047,"Actual Rows": 25,"Actual Loops": 3,"Workers": []},{"Node Type": "Hash","Parent Relationship": "Inner","Parallel Aware": false,"Async Capable": false,"Startup Cost": 1.06,"Total Cost": 1.06,"Plan Rows": 1,"Plan Width": 4,"Actual Startup Time": 0.054,"Actual Total Time": 0.057,"Actual Rows": 1,"Actual Loops": 3,"Hash Buckets": 1024,"Original Hash Buckets": 1024,"Hash Batches": 1,"Original Hash Batches": 1,"Peak Memory Usage": 9,"Workers": [],"Plans": [{"Node Type": "Seq Scan","Parent Relationship": "Outer","Parallel Aware": false,"Async Capable": false,"Relation Name": "region","Alias": "region","Startup Cost": 0.00,"Total Cost": 1.06,"Plan Rows": 1,"Plan Width": 4,"Actual Startup Time": 0.039,"Actual Total Time": 0.040,"Actual Rows": 1,"Actual Loops": 3,"Filter": "(r_name = 'MIDDLE EAST'::bpchar)","Rows Removed by Filter": 4,"Workers": []}]}]}]}]},{"Node Type": "Index Scan","Parent Relationship": "Inner","Parallel Aware": false,"Async Capable": false,"Scan Direction": "Forward","Index Name": "idx_orders_custkey","Relation Name": "orders","Alias": "orders","Startup Cost": 0.43,"Total Cost": 1.55,"Plan Rows": 3,"Plan Width": 8,"Actual Startup Time": 0.017,"Actual Total Time": 0.041,"Actual Rows": 2,"Actual Loops": 29904,"Index Cond": "(o_custkey = customer.c_custkey)","Rows Removed by Index Recheck": 0,"Filter": "((o_orderdate >= '1994-01-01'::date) AND (o_orderdate < '1995-01-01 00:00:00'::timestamp without time zone))","Rows Removed by Filter": 8,"Workers": []}]},{"Node Type": "Index Scan","Parent Relationship": "Inner","Parallel Aware": false,"Async Capable": false,"Scan Direction": "Forward","Index Name": "idx_lineitem_orderkey","Relation Name": "lineitem","Alias": "lineitem","Startup Cost": 0.43,"Total Cost": 2.84,"Plan Rows": 17,"Plan Width": 20,"Actual Startup Time": 0.017,"Actual Total Time": 0.020,"Actual Rows": 4,"Actual Loops": 45009,"Index Cond": "(l_orderkey = orders.o_orderkey)","Rows Removed by Index Recheck": 0,"Workers": []}]},{"Node Type": "Hash","Parent Relationship": "Inner","Parallel Aware": false,"Async Capable": false,"Startup Cost": 322.00,"Total Cost": 322.00,"Plan Rows": 10000,"Plan Width": 8,"Actual Startup Time": 11.133,"Actual Total Time": 11.135,"Actual Rows": 10000,"Actual Loops": 3,"Hash Buckets": 16384,"Original Hash Buckets": 16384,"Hash Batches": 1,"Original Hash Batches": 1,"Peak Memory Usage": 519,"Workers": [],"Plans": [{"Node Type": "Seq Scan","Parent Relationship": "Outer","Parallel Aware": false,"Async Capable": false,"Relation Name": "supplier","Alias": "supplier","Startup Cost": 0.00,"Total Cost": 322.00,"Plan Rows": 10000,"Plan Width": 8,"Actual Startup Time": 0.042,"Actual Total Time": 9.282,"Actual Rows": 10000,"Actual Loops": 3,"Workers": []}]}]}]}]}]}]}]},"Planning Time": 10.906,"Triggers": [],"Execution Time": 863.139}]
[{"Plan": {"Node Type": "Sort","Parallel Aware": false,"Async Capable": false,"Startup Cost": 21616.39,"Total Cost": 21616.45,"Plan Rows": 25,"Plan Width": 136,"Actual Startup Time": 802.725,"Actual Total Time": 834.940,"Actual Rows": 5,"Actual Loops": 1,"Sort Key": ["(sum((lineitem.l_extendedprice * ('1'::numeric - lineitem.l_discount)))) DESC"],"Sort Method": "quicksort","Sort Space Used": 25,"Sort Space Type": "Memory","Plans": [{"Node Type": "Aggregate","Strategy": "Sorted","Partial Mode": "Finalize","Parent Relationship": "Outer","Parallel Aware": false,"Async Capable": false,"Startup Cost": 21601.33,"Total Cost": 21615.81,"Plan Rows": 25,"Plan Width": 136,"Actual Startup Time": 802.089,"Actual Total Time": 834.889,"Actual Rows": 5,"Actual Loops": 1,"Group Key": ["nation.n_name"],"Plans": [{"Node Type": "Gather Merge","Parent Relationship": "Outer","Parallel Aware": false,"Async Capable": false,"Startup Cost": 21601.33,"Total Cost": 21615.12,"Plan Rows": 50,"Plan Width": 136,"Actual Startup Time": 801.869,"Actual Total Time": 834.838,"Actual Rows": 15,"Actual Loops": 1,"Workers Planned": 2,"Workers Launched": 2,"Plans": [{"Node Type": "Aggregate","Strategy": "Sorted","Partial Mode": "Partial","Parent Relationship": "Outer","Parallel Aware": false,"Async Capable": false,"Startup Cost": 20601.30,"Total Cost": 20609.33,"Plan Rows": 25,"Plan Width": 136,"Actual Startup Time": 794.218,"Actual Total Time": 794.940,"Actual Rows": 5,"Actual Loops": 3,"Group Key": ["nation.n_name"],"Workers": [],"Plans": [{"Node Type": "Sort","Parent Relationship": "Outer","Parallel Aware": false,"Async Capable": false,"Startup Cost": 20601.30,"Total Cost": 20602.85,"Plan Rows": 617,"Plan Width": 116,"Actual Startup Time": 793.996,"Actual Total Time": 794.120,"Actual Rows": 2469,"Actual Loops": 3,"Sort Key": ["nation.n_name"],"Sort Method": "quicksort","Sort Space Used": 296,"Sort Space Type": "Memory","Workers": [{"Worker Number": 0,"Sort Method": "quicksort","Sort Space Used": 284,"Sort Space Type": "Memory"},{"Worker Number": 1,"Sort Method": "quicksort","Sort Space Used": 288,"Sort Space Type": "Memory"}],"Plans": [{"Node Type": "Hash Join","Parent Relationship": "Outer","Parallel Aware": false,"Async Capable": false,"Join Type": "Inner","Startup Cost": 475.27,"Total Cost": 20572.71,"Plan Rows": 617,"Plan Width": 116,"Actual Startup Time": 14.848,"Actual Total Time": 792.432,"Actual Rows": 2469,"Actual Loops": 3,"Inner Unique": true,"Hash Cond": "((lineitem.l_suppkey = supplier.s_suppkey) AND (customer.c_nationkey = supplier.s_nationkey))","Workers": [],"Plans": [{"Node Type": "Nested Loop","Parent Relationship": "Outer","Parallel Aware": false,"Async Capable": false,"Join Type": "Inner","Startup Cost": 3.27,"Total Cost": 20019.70,"Plan Rows": 15431,"Plan Width": 128,"Actual Startup Time": 0.724,"Actual Total Time": 746.203,"Actual Rows": 60646,"Actual Loops": 3,"Inner Unique": false,"Workers": [],"Plans": [{"Node Type": "Nested Loop","Parent Relationship": "Outer","Parallel Aware": false,"Async Capable": false,"Join Type": "Inner","Startup Cost": 2.84,"Total Cost": 8414.26,"Plan Rows": 3857,"Plan Width": 116,"Actual Startup Time": 0.603,"Actual Total Time": 446.704,"Actual Rows": 15077,"Actual Loops": 3,"Inner Unique": false,"Workers": [],"Plans": [{"Node Type": "Hash Join","Parent Relationship": "Outer","Parallel Aware": false,"Async Capable": false,"Join Type": "Inner","Startup Cost": 2.41,"Total Cost": 4471.79,"Plan Rows": 2500,"Plan Width": 116,"Actual Startup Time": 0.232,"Actual Total Time": 54.148,"Actual Rows": 9968,"Actual Loops": 3,"Inner Unique": false,"Hash Cond": "(customer.c_nationkey = nation.n_nationkey)","Workers": [],"Plans": [{"Node Type": "Seq Scan","Parent Relationship": "Outer","Parallel Aware": true,"Async Capable": false,"Relation Name": "customer","Alias": "customer","Startup Cost": 0.00,"Total Cost": 4210.00,"Plan Rows": 62500,"Plan Width": 8,"Actual Startup Time": 0.016,"Actual Total Time": 9.432,"Actual Rows": 50000,"Actual Loops": 3,"Workers": []},{"Node Type": "Hash","Parent Relationship": "Inner","Parallel Aware": false,"Async Capable": false,"Startup Cost": 2.40,"Total Cost": 2.40,"Plan Rows": 1,"Plan Width": 108,"Actual Startup Time": 0.135,"Actual Total Time": 0.148,"Actual Rows": 5,"Actual Loops": 3,"Hash Buckets": 1024,"Original Hash Buckets": 1024,"Hash Batches": 1,"Original Hash Batches": 1,"Peak Memory Usage": 9,"Workers": [],"Plans": [{"Node Type": "Hash Join","Parent Relationship": "Outer","Parallel Aware": false,"Async Capable": false,"Join Type": "Inner","Startup Cost": 1.07,"Total Cost": 2.40,"Plan Rows": 1,"Plan Width": 108,"Actual Startup Time": 0.120,"Actual Total Time": 0.140,"Actual Rows": 5,"Actual Loops": 3,"Inner Unique": true,"Hash Cond": "(nation.n_regionkey = region.r_regionkey)","Workers": [],"Plans": [{"Node Type": "Seq Scan","Parent Relationship": "Outer","Parallel Aware": false,"Async Capable": false,"Relation Name": "nation","Alias": "nation","Startup Cost": 0.00,"Total Cost": 1.25,"Plan Rows": 25,"Plan Width": 112,"Actual Startup Time": 0.048,"Actual Total Time": 0.052,"Actual Rows": 25,"Actual Loops": 3,"Workers": []},{"Node Type": "Hash","Parent Relationship": "Inner","Parallel Aware": false,"Async Capable": false,"Startup Cost": 1.06,"Total Cost": 1.06,"Plan Rows": 1,"Plan Width": 4,"Actual Startup Time": 0.046,"Actual Total Time": 0.050,"Actual Rows": 1,"Actual Loops": 3,"Hash Buckets": 1024,"Original Hash Buckets": 1024,"Hash Batches": 1,"Original Hash Batches": 1,"Peak Memory Usage": 9,"Workers": [],"Plans": [{"Node Type": "Seq Scan","Parent Relationship": "Outer","Parallel Aware": false,"Async Capable": false,"Relation Name": "region","Alias": "region","Startup Cost": 0.00,"Total Cost": 1.06,"Plan Rows": 1,"Plan Width": 4,"Actual Startup Time": 0.033,"Actual Total Time": 0.035,"Actual Rows": 1,"Actual Loops": 3,"Filter": "(r_name = 'MIDDLE EAST'::bpchar)","Rows Removed by Filter": 4,"Workers": []}]}]}]}]},{"Node Type": "Index Scan","Parent Relationship": "Inner","Parallel Aware": false,"Async Capable": false,"Scan Direction": "Forward","Index Name": "idx_orders_custkey","Relation Name": "orders","Alias": "orders","Startup Cost": 0.43,"Total Cost": 1.55,"Plan Rows": 3,"Plan Width": 8,"Actual Startup Time": 0.017,"Actual Total Time": 0.039,"Actual Rows": 2,"Actual Loops": 29904,"Index Cond": "(o_custkey = customer.c_custkey)","Rows Removed by Index Recheck": 0,"Filter": "((o_orderdate >= '1996-01-01'::date) AND (o_orderdate < '1997-01-01 00:00:00'::timestamp without time zone))","Rows Removed by Filter": 8,"Workers": []}]},{"Node Type": "Index Scan","Parent Relationship": "Inner","Parallel Aware": false,"Async Capable": false,"Scan Direction": "Forward","Index Name": "idx_lineitem_orderkey","Relation Name": "lineitem","Alias": "lineitem","Startup Cost": 0.43,"Total Cost": 2.84,"Plan Rows": 17,"Plan Width": 20,"Actual Startup Time": 0.016,"Actual Total Time": 0.019,"Actual Rows": 4,"Actual Loops": 45231,"Index Cond": "(l_orderkey = orders.o_orderkey)","Rows Removed by Index Recheck": 0,"Workers": []}]},{"Node Type": "Hash","Parent Relationship": "Inner","Parallel Aware": false,"Async Capable": false,"Startup Cost": 322.00,"Total Cost": 322.00,"Plan Rows": 10000,"Plan Width": 8,"Actual Startup Time": 13.111,"Actual Total Time": 13.116,"Actual Rows": 10000,"Actual Loops": 3,"Hash Buckets": 16384,"Original Hash Buckets": 16384,"Hash Batches": 1,"Original Hash Batches": 1,"Peak Memory Usage": 519,"Workers": [],"Plans": [{"Node Type": "Seq Scan","Parent Relationship": "Outer","Parallel Aware": false,"Async Capable": false,"Relation Name": "supplier","Alias": "supplier","Startup Cost": 0.00,"Total Cost": 322.00,"Plan Rows": 10000,"Plan Width": 8,"Actual Startup Time": 0.041,"Actual Total Time": 11.446,"Actual Rows": 10000,"Actual Loops": 3,"Workers": []}]}]}]}]}]}]}]},"Planning Time": 10.334,"Triggers": [],"Execution Time": 835.373}]
[{"Plan": {"Node Type": "Sort","Parallel Aware": false,"Async Capable": false,"Startup Cost": 21565.81,"Total Cost": 21565.87,"Plan Rows": 25,"Plan Width": 136,"Actual Startup Time": 823.071,"Actual Total Time": 855.607,"Actual Rows": 5,"Actual Loops": 1,"Sort Key": ["(sum((lineitem.l_extendedprice * ('1'::numeric - lineitem.l_discount)))) DESC"],"Sort Method": "quicksort","Sort Space Used": 25,"Sort Space Type": "Memory","Plans": [{"Node Type": "Aggregate","Strategy": "Sorted","Partial Mode": "Finalize","Parent Relationship": "Outer","Parallel Aware": false,"Async Capable": false,"Startup Cost": 21550.86,"Total Cost": 21565.23,"Plan Rows": 25,"Plan Width": 136,"Actual Startup Time": 822.468,"Actual Total Time": 855.547,"Actual Rows": 5,"Actual Loops": 1,"Group Key": ["nation.n_name"],"Plans": [{"Node Type": "Gather Merge","Parent Relationship": "Outer","Parallel Aware": false,"Async Capable": false,"Startup Cost": 21550.86,"Total Cost": 21564.54,"Plan Rows": 50,"Plan Width": 136,"Actual Startup Time": 822.203,"Actual Total Time": 855.489,"Actual Rows": 15,"Actual Loops": 1,"Workers Planned": 2,"Workers Launched": 2,"Plans": [{"Node Type": "Aggregate","Strategy": "Sorted","Partial Mode": "Partial","Parent Relationship": "Outer","Parallel Aware": false,"Async Capable": false,"Startup Cost": 20550.84,"Total Cost": 20558.75,"Plan Rows": 25,"Plan Width": 136,"Actual Startup Time": 814.240,"Actual Total Time": 814.959,"Actual Rows": 5,"Actual Loops": 3,"Group Key": ["nation.n_name"],"Workers": [],"Plans": [{"Node Type": "Sort","Parent Relationship": "Outer","Parallel Aware": false,"Async Capable": false,"Startup Cost": 20550.84,"Total Cost": 20552.36,"Plan Rows": 608,"Plan Width": 116,"Actual Startup Time": 814.029,"Actual Total Time": 814.149,"Actual Rows": 2473,"Actual Loops": 3,"Sort Key": ["nation.n_name"],"Sort Method": "quicksort","Sort Space Used": 297,"Sort Space Type": "Memory","Workers": [{"Worker Number": 0,"Sort Method": "quicksort","Sort Space Used": 287,"Sort Space Type": "Memory"},{"Worker Number": 1,"Sort Method": "quicksort","Sort Space Used": 284,"Sort Space Type": "Memory"}],"Plans": [{"Node Type": "Hash Join","Parent Relationship": "Outer","Parallel Aware": false,"Async Capable": false,"Join Type": "Inner","Startup Cost": 475.27,"Total Cost": 20522.72,"Plan Rows": 608,"Plan Width": 116,"Actual Startup Time": 11.318,"Actual Total Time": 812.483,"Actual Rows": 2473,"Actual Loops": 3,"Inner Unique": true,"Hash Cond": "((lineitem.l_suppkey = supplier.s_suppkey) AND (customer.c_nationkey = supplier.s_nationkey))","Workers": [],"Plans": [{"Node Type": "Nested Loop","Parent Relationship": "Outer","Parallel Aware": false,"Async Capable": false,"Join Type": "Inner","Startup Cost": 3.27,"Total Cost": 19970.84,"Plan Rows": 15215,"Plan Width": 128,"Actual Startup Time": 0.595,"Actual Total Time": 768.935,"Actual Rows": 60276,"Actual Loops": 3,"Inner Unique": false,"Workers": [],"Plans": [{"Node Type": "Nested Loop","Parent Relationship": "Outer","Parallel Aware": false,"Async Capable": false,"Join Type": "Inner","Startup Cost": 2.84,"Total Cost": 8414.26,"Plan Rows": 3803,"Plan Width": 116,"Actual Startup Time": 0.466,"Actual Total Time": 464.532,"Actual Rows": 15032,"Actual Loops": 3,"Inner Unique": false,"Workers": [],"Plans": [{"Node Type": "Hash Join","Parent Relationship": "Outer","Parallel Aware": false,"Async Capable": false,"Join Type": "Inner","Startup Cost": 2.41,"Total Cost": 4471.79,"Plan Rows": 2500,"Plan Width": 116,"Actual Startup Time": 0.243,"Actual Total Time": 60.744,"Actual Rows": 9968,"Actual Loops": 3,"Inner Unique": false,"Hash Cond": "(customer.c_nationkey = nation.n_nationkey)","Workers": [],"Plans": [{"Node Type": "Seq Scan","Parent Relationship": "Outer","Parallel Aware": true,"Async Capable": false,"Relation Name": "customer","Alias": "customer","Startup Cost": 0.00,"Total Cost": 4210.00,"Plan Rows": 62500,"Plan Width": 8,"Actual Startup Time": 0.012,"Actual Total Time": 10.205,"Actual Rows": 50000,"Actual Loops": 3,"Workers": []},{"Node Type": "Hash","Parent Relationship": "Inner","Parallel Aware": false,"Async Capable": false,"Startup Cost": 2.40,"Total Cost": 2.40,"Plan Rows": 1,"Plan Width": 108,"Actual Startup Time": 0.142,"Actual Total Time": 0.157,"Actual Rows": 5,"Actual Loops": 3,"Hash Buckets": 1024,"Original Hash Buckets": 1024,"Hash Batches": 1,"Original Hash Batches": 1,"Peak Memory Usage": 9,"Workers": [],"Plans": [{"Node Type": "Hash Join","Parent Relationship": "Outer","Parallel Aware": false,"Async Capable": false,"Join Type": "Inner","Startup Cost": 1.07,"Total Cost": 2.40,"Plan Rows": 1,"Plan Width": 108,"Actual Startup Time": 0.130,"Actual Total Time": 0.149,"Actual Rows": 5,"Actual Loops": 3,"Inner Unique": true,"Hash Cond": "(nation.n_regionkey = region.r_regionkey)","Workers": [],"Plans": [{"Node Type": "Seq Scan","Parent Relationship": "Outer","Parallel Aware": false,"Async Capable": false,"Relation Name": "nation","Alias": "nation","Startup Cost": 0.00,"Total Cost": 1.25,"Plan Rows": 25,"Plan Width": 112,"Actual Startup Time": 0.040,"Actual Total Time": 0.044,"Actual Rows": 25,"Actual Loops": 3,"Workers": []},{"Node Type": "Hash","Parent Relationship": "Inner","Parallel Aware": false,"Async Capable": false,"Startup Cost": 1.06,"Total Cost": 1.06,"Plan Rows": 1,"Plan Width": 4,"Actual Startup Time": 0.063,"Actual Total Time": 0.068,"Actual Rows": 1,"Actual Loops": 3,"Hash Buckets": 1024,"Original Hash Buckets": 1024,"Hash Batches": 1,"Original Hash Batches": 1,"Peak Memory Usage": 9,"Workers": [],"Plans": [{"Node Type": "Seq Scan","Parent Relationship": "Outer","Parallel Aware": false,"Async Capable": false,"Relation Name": "region","Alias": "region","Startup Cost": 0.00,"Total Cost": 1.06,"Plan Rows": 1,"Plan Width": 4,"Actual Startup Time": 0.045,"Actual Total Time": 0.047,"Actual Rows": 1,"Actual Loops": 3,"Filter": "(r_name = 'MIDDLE EAST'::bpchar)","Rows Removed by Filter": 4,"Workers": []}]}]}]}]},{"Node Type": "Index Scan","Parent Relationship": "Inner","Parallel Aware": false,"Async Capable": false,"Scan Direction": "Forward","Index Name": "idx_orders_custkey","Relation Name": "orders","Alias": "orders","Startup Cost": 0.43,"Total Cost": 1.55,"Plan Rows": 3,"Plan Width": 8,"Actual Startup Time": 0.017,"Actual Total Time": 0.040,"Actual Rows": 2,"Actual Loops": 29904,"Index Cond": "(o_custkey = customer.c_custkey)","Rows Removed by Index Recheck": 0,"Filter": "((o_orderdate >= '1997-01-01'::date) AND (o_orderdate < '1998-01-01 00:00:00'::timestamp without time zone))","Rows Removed by Filter": 8,"Workers": []}]},{"Node Type": "Index Scan","Parent Relationship": "Inner","Parallel Aware": false,"Async Capable": false,"Scan Direction": "Forward","Index Name": "idx_lineitem_orderkey","Relation Name": "lineitem","Alias": "lineitem","Startup Cost": 0.43,"Total Cost": 2.87,"Plan Rows": 17,"Plan Width": 20,"Actual Startup Time": 0.017,"Actual Total Time": 0.019,"Actual Rows": 4,"Actual Loops": 45096,"Index Cond": "(l_orderkey = orders.o_orderkey)","Rows Removed by Index Recheck": 0,"Workers": []}]},{"Node Type": "Hash","Parent Relationship": "Inner","Parallel Aware": false,"Async Capable": false,"Startup Cost": 322.00,"Total Cost": 322.00,"Plan Rows": 10000,"Plan Width": 8,"Actual Startup Time": 9.890,"Actual Total Time": 9.894,"Actual Rows": 10000,"Actual Loops": 3,"Hash Buckets": 16384,"Original Hash Buckets": 16384,"Hash Batches": 1,"Original Hash Batches": 1,"Peak Memory Usage": 519,"Workers": [],"Plans": [{"Node Type": "Seq Scan","Parent Relationship": "Outer","Parallel Aware": false,"Async Capable": false,"Relation Name": "supplier","Alias": "supplier","Startup Cost": 0.00,"Total Cost": 322.00,"Plan Rows": 10000,"Plan Width": 8,"Actual Startup Time": 0.039,"Actual Total Time": 7.896,"Actual Rows": 10000,"Actual Loops": 3,"Workers": []}]}]}]}]}]}]}]},"Planning Time": 11.619,"Triggers": [],"Execution Time": 856.108}]
[{"Plan": {"Node Type": "Sort","Parallel Aware": false,"Async Capable": false,"Startup Cost": 21565.81,"Total Cost": 21565.87,"Plan Rows": 25,"Plan Width": 136,"Actual Startup Time": 831.835,"Actual Total Time": 873.525,"Actual Rows": 5,"Actual Loops": 1,"Sort Key": ["(sum((lineitem.l_extendedprice * ('1'::numeric - lineitem.l_discount)))) DESC"],"Sort Method": "quicksort","Sort Space Used": 25,"Sort Space Type": "Memory","Plans": [{"Node Type": "Aggregate","Strategy": "Sorted","Partial Mode": "Finalize","Parent Relationship": "Outer","Parallel Aware": false,"Async Capable": false,"Startup Cost": 21550.86,"Total Cost": 21565.23,"Plan Rows": 25,"Plan Width": 136,"Actual Startup Time": 831.274,"Actual Total Time": 873.480,"Actual Rows": 5,"Actual Loops": 1,"Group Key": ["nation.n_name"],"Plans": [{"Node Type": "Gather Merge","Parent Relationship": "Outer","Parallel Aware": false,"Async Capable": false,"Startup Cost": 21550.86,"Total Cost": 21564.54,"Plan Rows": 50,"Plan Width": 136,"Actual Startup Time": 830.694,"Actual Total Time": 873.427,"Actual Rows": 15,"Actual Loops": 1,"Workers Planned": 2,"Workers Launched": 2,"Plans": [{"Node Type": "Aggregate","Strategy": "Sorted","Partial Mode": "Partial","Parent Relationship": "Outer","Parallel Aware": false,"Async Capable": false,"Startup Cost": 20550.84,"Total Cost": 20558.75,"Plan Rows": 25,"Plan Width": 136,"Actual Startup Time": 822.251,"Actual Total Time": 823.046,"Actual Rows": 5,"Actual Loops": 3,"Group Key": ["nation.n_name"],"Workers": [],"Plans": [{"Node Type": "Sort","Parent Relationship": "Outer","Parallel Aware": false,"Async Capable": false,"Startup Cost": 20550.84,"Total Cost": 20552.36,"Plan Rows": 608,"Plan Width": 116,"Actual Startup Time": 822.034,"Actual Total Time": 822.187,"Actual Rows": 2330,"Actual Loops": 3,"Sort Key": ["nation.n_name"],"Sort Method": "quicksort","Sort Space Used": 287,"Sort Space Type": "Memory","Workers": [{"Worker Number": 0,"Sort Method": "quicksort","Sort Space Used": 271,"Sort Space Type": "Memory"},{"Worker Number": 1,"Sort Method": "quicksort","Sort Space Used": 278,"Sort Space Type": "Memory"}],"Plans": [{"Node Type": "Hash Join","Parent Relationship": "Outer","Parallel Aware": false,"Async Capable": false,"Join Type": "Inner","Startup Cost": 475.27,"Total Cost": 20522.72,"Plan Rows": 608,"Plan Width": 116,"Actual Startup Time": 11.715,"Actual Total Time": 820.536,"Actual Rows": 2330,"Actual Loops": 3,"Inner Unique": true,"Hash Cond": "((lineitem.l_suppkey = supplier.s_suppkey) AND (customer.c_nationkey = supplier.s_nationkey))","Workers": [],"Plans": [{"Node Type": "Nested Loop","Parent Relationship": "Outer","Parallel Aware": false,"Async Capable": false,"Join Type": "Inner","Startup Cost": 3.27,"Total Cost": 19970.84,"Plan Rows": 15215,"Plan Width": 128,"Actual Startup Time": 0.848,"Actual Total Time": 777.711,"Actual Rows": 60416,"Actual Loops": 3,"Inner Unique": false,"Workers": [],"Plans": [{"Node Type": "Nested Loop","Parent Relationship": "Outer","Parallel Aware": false,"Async Capable": false,"Join Type": "Inner","Startup Cost": 2.84,"Total Cost": 8414.26,"Plan Rows": 3803,"Plan Width": 116,"Actual Startup Time": 0.710,"Actual Total Time": 470.008,"Actual Rows": 15150,"Actual Loops": 3,"Inner Unique": false,"Workers": [],"Plans": [{"Node Type": "Hash Join","Parent Relationship": "Outer","Parallel Aware": false,"Async Capable": false,"Join Type": "Inner","Startup Cost": 2.41,"Total Cost": 4471.79,"Plan Rows": 2500,"Plan Width": 116,"Actual Startup Time": 0.302,"Actual Total Time": 60.810,"Actual Rows": 9921,"Actual Loops": 3,"Inner Unique": false,"Hash Cond": "(customer.c_nationkey = nation.n_nationkey)","Workers": [],"Plans": [{"Node Type": "Seq Scan","Parent Relationship": "Outer","Parallel Aware": true,"Async Capable": false,"Relation Name": "customer","Alias": "customer","Startup Cost": 0.00,"Total Cost": 4210.00,"Plan Rows": 62500,"Plan Width": 8,"Actual Startup Time": 0.020,"Actual Total Time": 10.219,"Actual Rows": 50000,"Actual Loops": 3,"Workers": []},{"Node Type": "Hash","Parent Relationship": "Inner","Parallel Aware": false,"Async Capable": false,"Startup Cost": 2.40,"Total Cost": 2.40,"Plan Rows": 1,"Plan Width": 108,"Actual Startup Time": 0.183,"Actual Total Time": 0.205,"Actual Rows": 5,"Actual Loops": 3,"Hash Buckets": 1024,"Original Hash Buckets": 1024,"Hash Batches": 1,"Original Hash Batches": 1,"Peak Memory Usage": 9,"Workers": [],"Plans": [{"Node Type": "Hash Join","Parent Relationship": "Outer","Parallel Aware": false,"Async Capable": false,"Join Type": "Inner","Startup Cost": 1.07,"Total Cost": 2.40,"Plan Rows": 1,"Plan Width": 108,"Actual Startup Time": 0.167,"Actual Total Time": 0.195,"Actual Rows": 5,"Actual Loops": 3,"Inner Unique": true,"Hash Cond": "(nation.n_regionkey = region.r_regionkey)","Workers": [],"Plans": [{"Node Type": "Seq Scan","Parent Relationship": "Outer","Parallel Aware": false,"Async Capable": false,"Relation Name": "nation","Alias": "nation","Startup Cost": 0.00,"Total Cost": 1.25,"Plan Rows": 25,"Plan Width": 112,"Actual Startup Time": 0.065,"Actual Total Time": 0.070,"Actual Rows": 25,"Actual Loops": 3,"Workers": []},{"Node Type": "Hash","Parent Relationship": "Inner","Parallel Aware": false,"Async Capable": false,"Startup Cost": 1.06,"Total Cost": 1.06,"Plan Rows": 1,"Plan Width": 4,"Actual Startup Time": 0.074,"Actual Total Time": 0.079,"Actual Rows": 1,"Actual Loops": 3,"Hash Buckets": 1024,"Original Hash Buckets": 1024,"Hash Batches": 1,"Original Hash Batches": 1,"Peak Memory Usage": 9,"Workers": [],"Plans": [{"Node Type": "Seq Scan","Parent Relationship": "Outer","Parallel Aware": false,"Async Capable": false,"Relation Name": "region","Alias": "region","Startup Cost": 0.00,"Total Cost": 1.06,"Plan Rows": 1,"Plan Width": 4,"Actual Startup Time": 0.049,"Actual Total Time": 0.053,"Actual Rows": 1,"Actual Loops": 3,"Filter": "(r_name = 'AFRICA'::bpchar)","Rows Removed by Filter": 4,"Workers": []}]}]}]}]},{"Node Type": "Index Scan","Parent Relationship": "Inner","Parallel Aware": false,"Async Capable": false,"Scan Direction": "Forward","Index Name": "idx_orders_custkey","Relation Name": "orders","Alias": "orders","Startup Cost": 0.43,"Total Cost": 1.55,"Plan Rows": 3,"Plan Width": 8,"Actual Startup Time": 0.018,"Actual Total Time": 0.041,"Actual Rows": 2,"Actual Loops": 29764,"Index Cond": "(o_custkey = customer.c_custkey)","Rows Removed by Index Recheck": 0,"Filter": "((o_orderdate >= '1997-01-01'::date) AND (o_orderdate < '1998-01-01 00:00:00'::timestamp without time zone))","Rows Removed by Filter": 9,"Workers": []}]},{"Node Type": "Index Scan","Parent Relationship": "Inner","Parallel Aware": false,"Async Capable": false,"Scan Direction": "Forward","Index Name": "idx_lineitem_orderkey","Relation Name": "lineitem","Alias": "lineitem","Startup Cost": 0.43,"Total Cost": 2.87,"Plan Rows": 17,"Plan Width": 20,"Actual Startup Time": 0.017,"Actual Total Time": 0.020,"Actual Rows": 4,"Actual Loops": 45450,"Index Cond": "(l_orderkey = orders.o_orderkey)","Rows Removed by Index Recheck": 0,"Workers": []}]},{"Node Type": "Hash","Parent Relationship": "Inner","Parallel Aware": false,"Async Capable": false,"Startup Cost": 322.00,"Total Cost": 322.00,"Plan Rows": 10000,"Plan Width": 8,"Actual Startup Time": 8.425,"Actual Total Time": 8.430,"Actual Rows": 10000,"Actual Loops": 3,"Hash Buckets": 16384,"Original Hash Buckets": 16384,"Hash Batches": 1,"Original Hash Batches": 1,"Peak Memory Usage": 519,"Workers": [],"Plans": [{"Node Type": "Seq Scan","Parent Relationship": "Outer","Parallel Aware": false,"Async Capable": false,"Relation Name": "supplier","Alias": "supplier","Startup Cost": 0.00,"Total Cost": 322.00,"Plan Rows": 10000,"Plan Width": 8,"Actual Startup Time": 0.044,"Actual Total Time": 6.920,"Actual Rows": 10000,"Actual Loops": 3,"Workers": []}]}]}]}]}]}]}]},"Planning Time": 9.220,"Triggers": [],"Execution Time": 874.104}]
[{"Plan": {"Node Type": "Sort","Parallel Aware": false,"Async Capable": false,"Startup Cost": 21522.30,"Total Cost": 21522.36,"Plan Rows": 25,"Plan Width": 136,"Actual Startup Time": 808.723,"Actual Total Time": 839.996,"Actual Rows": 5,"Actual Loops": 1,"Sort Key": ["(sum((lineitem.l_extendedprice * ('1'::numeric - lineitem.l_discount)))) DESC"],"Sort Method": "quicksort","Sort Space Used": 25,"Sort Space Type": "Memory","Plans": [{"Node Type": "Aggregate","Strategy": "Sorted","Partial Mode": "Finalize","Parent Relationship": "Outer","Parallel Aware": false,"Async Capable": false,"Startup Cost": 21507.43,"Total Cost": 21521.72,"Plan Rows": 25,"Plan Width": 136,"Actual Startup Time": 808.168,"Actual Total Time": 839.947,"Actual Rows": 5,"Actual Loops": 1,"Group Key": ["nation.n_name"],"Plans": [{"Node Type": "Gather Merge","Parent Relationship": "Outer","Parallel Aware": false,"Async Capable": false,"Startup Cost": 21507.43,"Total Cost": 21521.03,"Plan Rows": 50,"Plan Width": 136,"Actual Startup Time": 807.495,"Actual Total Time": 839.892,"Actual Rows": 15,"Actual Loops": 1,"Workers Planned": 2,"Workers Launched": 2,"Plans": [{"Node Type": "Aggregate","Strategy": "Sorted","Partial Mode": "Partial","Parent Relationship": "Outer","Parallel Aware": false,"Async Capable": false,"Startup Cost": 20507.41,"Total Cost": 20515.23,"Plan Rows": 25,"Plan Width": 136,"Actual Startup Time": 799.534,"Actual Total Time": 800.383,"Actual Rows": 5,"Actual Loops": 3,"Group Key": ["nation.n_name"],"Workers": [],"Plans": [{"Node Type": "Sort","Parent Relationship": "Outer","Parallel Aware": false,"Async Capable": false,"Startup Cost": 20507.41,"Total Cost": 20508.91,"Plan Rows": 601,"Plan Width": 116,"Actual Startup Time": 799.319,"Actual Total Time": 799.466,"Actual Rows": 2431,"Actual Loops": 3,"Sort Key": ["nation.n_name"],"Sort Method": "quicksort","Sort Space Used": 290,"Sort Space Type": "Memory","Workers": [{"Worker Number": 0,"Sort Method": "quicksort","Sort Space Used": 286,"Sort Space Type": "Memory"},{"Worker Number": 1,"Sort Method": "quicksort","Sort Space Used": 283,"Sort Space Type": "Memory"}],"Plans": [{"Node Type": "Hash Join","Parent Relationship": "Outer","Parallel Aware": false,"Async Capable": false,"Join Type": "Inner","Startup Cost": 475.27,"Total Cost": 20479.67,"Plan Rows": 601,"Plan Width": 116,"Actual Startup Time": 15.141,"Actual Total Time": 797.817,"Actual Rows": 2431,"Actual Loops": 3,"Inner Unique": true,"Hash Cond": "((lineitem.l_suppkey = supplier.s_suppkey) AND (customer.c_nationkey = supplier.s_nationkey))","Workers": [],"Plans": [{"Node Type": "Nested Loop","Parent Relationship": "Outer","Parallel Aware": false,"Async Capable": false,"Join Type": "Inner","Startup Cost": 3.27,"Total Cost": 19928.78,"Plan Rows": 15027,"Plan Width": 128,"Actual Startup Time": 0.731,"Actual Total Time": 752.135,"Actual Rows": 59947,"Actual Loops": 3,"Inner Unique": false,"Workers": [],"Plans": [{"Node Type": "Nested Loop","Parent Relationship": "Outer","Parallel Aware": false,"Async Capable": false,"Join Type": "Inner","Startup Cost": 2.84,"Total Cost": 8414.26,"Plan Rows": 3756,"Plan Width": 116,"Actual Startup Time": 0.592,"Actual Total Time": 450.459,"Actual Rows": 14972,"Actual Loops": 3,"Inner Unique": false,"Workers": [],"Plans": [{"Node Type": "Hash Join","Parent Relationship": "Outer","Parallel Aware": false,"Async Capable": false,"Join Type": "Inner","Startup Cost": 2.41,"Total Cost": 4471.79,"Plan Rows": 2500,"Plan Width": 116,"Actual Startup Time": 0.291,"Actual Total Time": 55.680,"Actual Rows": 9968,"Actual Loops": 3,"Inner Unique": false,"Hash Cond": "(customer.c_nationkey = nation.n_nationkey)","Workers": [],"Plans": [{"Node Type": "Seq Scan","Parent Relationship": "Outer","Parallel Aware": true,"Async Capable": false,"Relation Name": "customer","Alias": "customer","Startup Cost": 0.00,"Total Cost": 4210.00,"Plan Rows": 62500,"Plan Width": 8,"Actual Startup Time": 0.021,"Actual Total Time": 9.583,"Actual Rows": 50000,"Actual Loops": 3,"Workers": []},{"Node Type": "Hash","Parent Relationship": "Inner","Parallel Aware": false,"Async Capable": false,"Startup Cost": 2.40,"Total Cost": 2.40,"Plan Rows": 1,"Plan Width": 108,"Actual Startup Time": 0.165,"Actual Total Time": 0.187,"Actual Rows": 5,"Actual Loops": 3,"Hash Buckets": 1024,"Original Hash Buckets": 1024,"Hash Batches": 1,"Original Hash Batches": 1,"Peak Memory Usage": 9,"Workers": [],"Plans": [{"Node Type": "Hash Join","Parent Relationship": "Outer","Parallel Aware": false,"Async Capable": false,"Join Type": "Inner","Startup Cost": 1.07,"Total Cost": 2.40,"Plan Rows": 1,"Plan Width": 108,"Actual Startup Time": 0.151,"Actual Total Time": 0.177,"Actual Rows": 5,"Actual Loops": 3,"Inner Unique": true,"Hash Cond": "(nation.n_regionkey = region.r_regionkey)","Workers": [],"Plans": [{"Node Type": "Seq Scan","Parent Relationship": "Outer","Parallel Aware": false,"Async Capable": false,"Relation Name": "nation","Alias": "nation","Startup Cost": 0.00,"Total Cost": 1.25,"Plan Rows": 25,"Plan Width": 112,"Actual Startup Time": 0.067,"Actual Total Time": 0.072,"Actual Rows": 25,"Actual Loops": 3,"Workers": []},{"Node Type": "Hash","Parent Relationship": "Inner","Parallel Aware": false,"Async Capable": false,"Startup Cost": 1.06,"Total Cost": 1.06,"Plan Rows": 1,"Plan Width": 4,"Actual Startup Time": 0.055,"Actual Total Time": 0.063,"Actual Rows": 1,"Actual Loops": 3,"Hash Buckets": 1024,"Original Hash Buckets": 1024,"Hash Batches": 1,"Original Hash Batches": 1,"Peak Memory Usage": 9,"Workers": [],"Plans": [{"Node Type": "Seq Scan","Parent Relationship": "Outer","Parallel Aware": false,"Async Capable": false,"Relation Name": "region","Alias": "region","Startup Cost": 0.00,"Total Cost": 1.06,"Plan Rows": 1,"Plan Width": 4,"Actual Startup Time": 0.042,"Actual Total Time": 0.044,"Actual Rows": 1,"Actual Loops": 3,"Filter": "(r_name = 'MIDDLE EAST'::bpchar)","Rows Removed by Filter": 4,"Workers": []}]}]}]}]},{"Node Type": "Index Scan","Parent Relationship": "Inner","Parallel Aware": false,"Async Capable": false,"Scan Direction": "Forward","Index Name": "idx_orders_custkey","Relation Name": "orders","Alias": "orders","Startup Cost": 0.43,"Total Cost": 1.55,"Plan Rows": 3,"Plan Width": 8,"Actual Startup Time": 0.017,"Actual Total Time": 0.039,"Actual Rows": 2,"Actual Loops": 29904,"Index Cond": "(o_custkey = customer.c_custkey)","Rows Removed by Index Recheck": 0,"Filter": "((o_orderdate >= '1993-01-01'::date) AND (o_orderdate < '1994-01-01 00:00:00'::timestamp without time zone))","Rows Removed by Filter": 8,"Workers": []}]},{"Node Type": "Index Scan","Parent Relationship": "Inner","Parallel Aware": false,"Async Capable": false,"Scan Direction": "Forward","Index Name": "idx_lineitem_orderkey","Relation Name": "lineitem","Alias": "lineitem","Startup Cost": 0.43,"Total Cost": 2.90,"Plan Rows": 17,"Plan Width": 20,"Actual Startup Time": 0.017,"Actual Total Time": 0.019,"Actual Rows": 4,"Actual Loops": 44917,"Index Cond": "(l_orderkey = orders.o_orderkey)","Rows Removed by Index Recheck": 0,"Workers": []}]},{"Node Type": "Hash","Parent Relationship": "Inner","Parallel Aware": false,"Async Capable": false,"Startup Cost": 322.00,"Total Cost": 322.00,"Plan Rows": 10000,"Plan Width": 8,"Actual Startup Time": 13.351,"Actual Total Time": 13.355,"Actual Rows": 10000,"Actual Loops": 3,"Hash Buckets": 16384,"Original Hash Buckets": 16384,"Hash Batches": 1,"Original Hash Batches": 1,"Peak Memory Usage": 519,"Workers": [],"Plans": [{"Node Type": "Seq Scan","Parent Relationship": "Outer","Parallel Aware": false,"Async Capable": false,"Relation Name": "supplier","Alias": "supplier","Startup Cost": 0.00,"Total Cost": 322.00,"Plan Rows": 10000,"Plan Width": 8,"Actual Startup Time": 0.056,"Actual Total Time": 11.541,"Actual Rows": 10000,"Actual Loops": 3,"Workers": []}]}]}]}]}]}]}]},"Planning Time": 9.915,"Triggers": [],"Execution Time": 840.541}]
[{"Plan": {"Node Type": "Sort","Parallel Aware": false,"Async Capable": false,"Startup Cost": 21612.43,"Total Cost": 21612.50,"Plan Rows": 25,"Plan Width": 136,"Actual Startup Time": 827.834,"Actual Total Time": 858.973,"Actual Rows": 5,"Actual Loops": 1,"Sort Key": ["(sum((lineitem.l_extendedprice * ('1'::numeric - lineitem.l_discount)))) DESC"],"Sort Method": "quicksort","Sort Space Used": 25,"Sort Space Type": "Memory","Plans": [{"Node Type": "Aggregate","Strategy": "Sorted","Partial Mode": "Finalize","Parent Relationship": "Outer","Parallel Aware": false,"Async Capable": false,"Startup Cost": 21597.38,"Total Cost": 21611.85,"Plan Rows": 25,"Plan Width": 136,"Actual Startup Time": 827.274,"Actual Total Time": 858.918,"Actual Rows": 5,"Actual Loops": 1,"Group Key": ["nation.n_name"],"Plans": [{"Node Type": "Gather Merge","Parent Relationship": "Outer","Parallel Aware": false,"Async Capable": false,"Startup Cost": 21597.38,"Total Cost": 21611.17,"Plan Rows": 50,"Plan Width": 136,"Actual Startup Time": 827.088,"Actual Total Time": 858.883,"Actual Rows": 15,"Actual Loops": 1,"Workers Planned": 2,"Workers Launched": 2,"Plans": [{"Node Type": "Aggregate","Strategy": "Sorted","Partial Mode": "Partial","Parent Relationship": "Outer","Parallel Aware": false,"Async Capable": false,"Startup Cost": 20597.36,"Total Cost": 20605.37,"Plan Rows": 25,"Plan Width": 136,"Actual Startup Time": 818.981,"Actual Total Time": 819.657,"Actual Rows": 5,"Actual Loops": 3,"Group Key": ["nation.n_name"],"Workers": [],"Plans": [{"Node Type": "Sort","Parent Relationship": "Outer","Parallel Aware": false,"Async Capable": false,"Startup Cost": 20597.36,"Total Cost": 20598.90,"Plan Rows": 616,"Plan Width": 116,"Actual Startup Time": 818.754,"Actual Total Time": 818.877,"Actual Rows": 2367,"Actual Loops": 3,"Sort Key": ["nation.n_name"],"Sort Method": "quicksort","Sort Space Used": 283,"Sort Space Type": "Memory","Workers": [{"Worker Number": 0,"Sort Method": "quicksort","Sort Space Used": 277,"Sort Space Type": "Memory"},{"Worker Number": 1,"Sort Method": "quicksort","Sort Space Used": 284,"Sort Space Type": "Memory"}],"Plans": [{"Node Type": "Hash Join","Parent Relationship": "Outer","Parallel Aware": false,"Async Capable": false,"Join Type": "Inner","Startup Cost": 475.27,"Total Cost": 20568.82,"Plan Rows": 616,"Plan Width": 116,"Actual Startup Time": 13.272,"Actual Total Time": 817.265,"Actual Rows": 2367,"Actual Loops": 3,"Inner Unique": true,"Hash Cond": "((lineitem.l_suppkey = supplier.s_suppkey) AND (customer.c_nationkey = supplier.s_nationkey))","Workers": [],"Plans": [{"Node Type": "Nested Loop","Parent Relationship": "Outer","Parallel Aware": false,"Async Capable": false,"Join Type": "Inner","Startup Cost": 3.27,"Total Cost": 20015.89,"Plan Rows": 15415,"Plan Width": 128,"Actual Startup Time": 0.973,"Actual Total Time": 770.169,"Actual Rows": 60208,"Actual Loops": 3,"Inner Unique": false,"Workers": [],"Plans": [{"Node Type": "Nested Loop","Parent Relationship": "Outer","Parallel Aware": false,"Async Capable": false,"Join Type": "Inner","Startup Cost": 2.84,"Total Cost": 8414.26,"Plan Rows": 3853,"Plan Width": 116,"Actual Startup Time": 0.870,"Actual Total Time": 466.623,"Actual Rows": 15051,"Actual Loops": 3,"Inner Unique": false,"Workers": [],"Plans": [{"Node Type": "Hash Join","Parent Relationship": "Outer","Parallel Aware": false,"Async Capable": false,"Join Type": "Inner","Startup Cost": 2.41,"Total Cost": 4471.79,"Plan Rows": 2500,"Plan Width": 116,"Actual Startup Time": 0.250,"Actual Total Time": 58.358,"Actual Rows": 9921,"Actual Loops": 3,"Inner Unique": false,"Hash Cond": "(customer.c_nationkey = nation.n_nationkey)","Workers": [],"Plans": [{"Node Type": "Seq Scan","Parent Relationship": "Outer","Parallel Aware": true,"Async Capable": false,"Relation Name": "customer","Alias": "customer","Startup Cost": 0.00,"Total Cost": 4210.00,"Plan Rows": 62500,"Plan Width": 8,"Actual Startup Time": 0.013,"Actual Total Time": 10.073,"Actual Rows": 50000,"Actual Loops": 3,"Workers": []},{"Node Type": "Hash","Parent Relationship": "Inner","Parallel Aware": false,"Async Capable": false,"Startup Cost": 2.40,"Total Cost": 2.40,"Plan Rows": 1,"Plan Width": 108,"Actual Startup Time": 0.153,"Actual Total Time": 0.173,"Actual Rows": 5,"Actual Loops": 3,"Hash Buckets": 1024,"Original Hash Buckets": 1024,"Hash Batches": 1,"Original Hash Batches": 1,"Peak Memory Usage": 9,"Workers": [],"Plans": [{"Node Type": "Hash Join","Parent Relationship": "Outer","Parallel Aware": false,"Async Capable": false,"Join Type": "Inner","Startup Cost": 1.07,"Total Cost": 2.40,"Plan Rows": 1,"Plan Width": 108,"Actual Startup Time": 0.137,"Actual Total Time": 0.162,"Actual Rows": 5,"Actual Loops": 3,"Inner Unique": true,"Hash Cond": "(nation.n_regionkey = region.r_regionkey)","Workers": [],"Plans": [{"Node Type": "Seq Scan","Parent Relationship": "Outer","Parallel Aware": false,"Async Capable": false,"Relation Name": "nation","Alias": "nation","Startup Cost": 0.00,"Total Cost": 1.25,"Plan Rows": 25,"Plan Width": 112,"Actual Startup Time": 0.055,"Actual Total Time": 0.059,"Actual Rows": 25,"Actual Loops": 3,"Workers": []},{"Node Type": "Hash","Parent Relationship": "Inner","Parallel Aware": false,"Async Capable": false,"Startup Cost": 1.06,"Total Cost": 1.06,"Plan Rows": 1,"Plan Width": 4,"Actual Startup Time": 0.058,"Actual Total Time": 0.065,"Actual Rows": 1,"Actual Loops": 3,"Hash Buckets": 1024,"Original Hash Buckets": 1024,"Hash Batches": 1,"Original Hash Batches": 1,"Peak Memory Usage": 9,"Workers": [],"Plans": [{"Node Type": "Seq Scan","Parent Relationship": "Outer","Parallel Aware": false,"Async Capable": false,"Relation Name": "region","Alias": "region","Startup Cost": 0.00,"Total Cost": 1.06,"Plan Rows": 1,"Plan Width": 4,"Actual Startup Time": 0.044,"Actual Total Time": 0.048,"Actual Rows": 1,"Actual Loops": 3,"Filter": "(r_name = 'AFRICA'::bpchar)","Rows Removed by Filter": 4,"Workers": []}]}]}]}]},{"Node Type": "Index Scan","Parent Relationship": "Inner","Parallel Aware": false,"Async Capable": false,"Scan Direction": "Forward","Index Name": "idx_orders_custkey","Relation Name": "orders","Alias": "orders","Startup Cost": 0.43,"Total Cost": 1.55,"Plan Rows": 3,"Plan Width": 8,"Actual Startup Time": 0.018,"Actual Total Time": 0.041,"Actual Rows": 2,"Actual Loops": 29764,"Index Cond": "(o_custkey = customer.c_custkey)","Rows Removed by Index Recheck": 0,"Filter": "((o_orderdate >= '1994-01-01'::date) AND (o_orderdate < '1995-01-01 00:00:00'::timestamp without time zone))","Rows Removed by Filter": 9,"Workers": []}]},{"Node Type": "Index Scan","Parent Relationship": "Inner","Parallel Aware": false,"Async Capable": false,"Scan Direction": "Forward","Index Name": "idx_lineitem_orderkey","Relation Name": "lineitem","Alias": "lineitem","Startup Cost": 0.43,"Total Cost": 2.84,"Plan Rows": 17,"Plan Width": 20,"Actual Startup Time": 0.017,"Actual Total Time": 0.019,"Actual Rows": 4,"Actual Loops": 45152,"Index Cond": "(l_orderkey = orders.o_orderkey)","Rows Removed by Index Recheck": 0,"Workers": []}]},{"Node Type": "Hash","Parent Relationship": "Inner","Parallel Aware": false,"Async Capable": false,"Startup Cost": 322.00,"Total Cost": 322.00,"Plan Rows": 10000,"Plan Width": 8,"Actual Startup Time": 11.376,"Actual Total Time": 11.381,"Actual Rows": 10000,"Actual Loops": 3,"Hash Buckets": 16384,"Original Hash Buckets": 16384,"Hash Batches": 1,"Original Hash Batches": 1,"Peak Memory Usage": 519,"Workers": [],"Plans": [{"Node Type": "Seq Scan","Parent Relationship": "Outer","Parallel Aware": false,"Async Capable": false,"Relation Name": "supplier","Alias": "supplier","Startup Cost": 0.00,"Total Cost": 322.00,"Plan Rows": 10000,"Plan Width": 8,"Actual Startup Time": 0.042,"Actual Total Time": 9.565,"Actual Rows": 10000,"Actual Loops": 3,"Workers": []}]}]}]}]}]}]}]},"Planning Time": 10.751,"Triggers": [],"Execution Time": 859.508}]
[{"Plan": {"Node Type": "Sort","Parallel Aware": false,"Async Capable": false,"Startup Cost": 21565.81,"Total Cost": 21565.87,"Plan Rows": 25,"Plan Width": 136,"Actual Startup Time": 823.071,"Actual Total Time": 855.607,"Actual Rows": 5,"Actual Loops": 1,"Sort Key": ["(sum((lineitem.l_extendedprice * ('1'::numeric - lineitem.l_discount)))) DESC"],"Sort Method": "quicksort","Sort Space Used": 25,"Sort Space Type": "Memory","Plans": [{"Node Type": "Aggregate","Strategy": "Sorted","Partial Mode": "Finalize","Parent Relationship": "Outer","Parallel Aware": false,"Async Capable": false,"Startup Cost": 21550.86,"Total Cost": 21565.23,"Plan Rows": 25,"Plan Width": 136,"Actual Startup Time": 822.468,"Actual Total Time": 855.547,"Actual Rows": 5,"Actual Loops": 1,"Group Key": ["nation.n_name"],"Plans": [{"Node Type": "Gather Merge","Parent Relationship": "Outer","Parallel Aware": false,"Async Capable": false,"Startup Cost": 21550.86,"Total Cost": 21564.54,"Plan Rows": 50,"Plan Width": 136,"Actual Startup Time": 822.203,"Actual Total Time": 855.489,"Actual Rows": 15,"Actual Loops": 1,"Workers Planned": 2,"Workers Launched": 2,"Plans": [{"Node Type": "Aggregate","Strategy": "Sorted","Partial Mode": "Partial","Parent Relationship": "Outer","Parallel Aware": false,"Async Capable": false,"Startup Cost": 20550.84,"Total Cost": 20558.75,"Plan Rows": 25,"Plan Width": 136,"Actual Startup Time": 814.240,"Actual Total Time": 814.959,"Actual Rows": 5,"Actual Loops": 3,"Group Key": ["nation.n_name"],"Workers": [],"Plans": [{"Node Type": "Sort","Parent Relationship": "Outer","Parallel Aware": false,"Async Capable": false,"Startup Cost": 20550.84,"Total Cost": 20552.36,"Plan Rows": 608,"Plan Width": 116,"Actual Startup Time": 814.029,"Actual Total Time": 814.149,"Actual Rows": 2473,"Actual Loops": 3,"Sort Key": ["nation.n_name"],"Sort Method": "quicksort","Sort Space Used": 297,"Sort Space Type": "Memory","Workers": [{"Worker Number": 0,"Sort Method": "quicksort","Sort Space Used": 287,"Sort Space Type": "Memory"},{"Worker Number": 1,"Sort Method": "quicksort","Sort Space Used": 284,"Sort Space Type": "Memory"}],"Plans": [{"Node Type": "Hash Join","Parent Relationship": "Outer","Parallel Aware": false,"Async Capable": false,"Join Type": "Inner","Startup Cost": 475.27,"Total Cost": 20522.72,"Plan Rows": 608,"Plan Width": 116,"Actual Startup Time": 11.318,"Actual Total Time": 812.483,"Actual Rows": 2473,"Actual Loops": 3,"Inner Unique": true,"Hash Cond": "((lineitem.l_suppkey = supplier.s_suppkey) AND (customer.c_nationkey = supplier.s_nationkey))","Workers": [],"Plans": [{"Node Type": "Nested Loop","Parent Relationship": "Outer","Parallel Aware": false,"Async Capable": false,"Join Type": "Inner","Startup Cost": 3.27,"Total Cost": 19970.84,"Plan Rows": 15215,"Plan Width": 128,"Actual Startup Time": 0.595,"Actual Total Time": 768.935,"Actual Rows": 60276,"Actual Loops": 3,"Inner Unique": false,"Workers": [],"Plans": [{"Node Type": "Nested Loop","Parent Relationship": "Outer","Parallel Aware": false,"Async Capable": false,"Join Type": "Inner","Startup Cost": 2.84,"Total Cost": 8414.26,"Plan Rows": 3803,"Plan Width": 116,"Actual Startup Time": 0.466,"Actual Total Time": 464.532,"Actual Rows": 15032,"Actual Loops": 3,"Inner Unique": false,"Workers": [],"Plans": [{"Node Type": "Hash Join","Parent Relationship": "Outer","Parallel Aware": false,"Async Capable": false,"Join Type": "Inner","Startup Cost": 2.41,"Total Cost": 4471.79,"Plan Rows": 2500,"Plan Width": 116,"Actual Startup Time": 0.243,"Actual Total Time": 60.744,"Actual Rows": 9968,"Actual Loops": 3,"Inner Unique": false,"Hash Cond": "(customer.c_nationkey = nation.n_nationkey)","Workers": [],"Plans": [{"Node Type": "Seq Scan","Parent Relationship": "Outer","Parallel Aware": true,"Async Capable": false,"Relation Name": "customer","Alias": "customer","Startup Cost": 0.00,"Total Cost": 4210.00,"Plan Rows": 62500,"Plan Width": 8,"Actual Startup Time": 0.012,"Actual Total Time": 10.205,"Actual Rows": 50000,"Actual Loops": 3,"Workers": []},{"Node Type": "Hash","Parent Relationship": "Inner","Parallel Aware": false,"Async Capable": false,"Startup Cost": 2.40,"Total Cost": 2.40,"Plan Rows": 1,"Plan Width": 108,"Actual Startup Time": 0.142,"Actual Total Time": 0.157,"Actual Rows": 5,"Actual Loops": 3,"Hash Buckets": 1024,"Original Hash Buckets": 1024,"Hash Batches": 1,"Original Hash Batches": 1,"Peak Memory Usage": 9,"Workers": [],"Plans": [{"Node Type": "Hash Join","Parent Relationship": "Outer","Parallel Aware": false,"Async Capable": false,"Join Type": "Inner","Startup Cost": 1.07,"Total Cost": 2.40,"Plan Rows": 1,"Plan Width": 108,"Actual Startup Time": 0.130,"Actual Total Time": 0.149,"Actual Rows": 5,"Actual Loops": 3,"Inner Unique": true,"Hash Cond": "(nation.n_regionkey = region.r_regionkey)","Workers": [],"Plans": [{"Node Type": "Seq Scan","Parent Relationship": "Outer","Parallel Aware": false,"Async Capable": false,"Relation Name": "nation","Alias": "nation","Startup Cost": 0.00,"Total Cost": 1.25,"Plan Rows": 25,"Plan Width": 112,"Actual Startup Time": 0.040,"Actual Total Time": 0.044,"Actual Rows": 25,"Actual Loops": 3,"Workers": []},{"Node Type": "Hash","Parent Relationship": "Inner","Parallel Aware": false,"Async Capable": false,"Startup Cost": 1.06,"Total Cost": 1.06,"Plan Rows": 1,"Plan Width": 4,"Actual Startup Time": 0.063,"Actual Total Time": 0.068,"Actual Rows": 1,"Actual Loops": 3,"Hash Buckets": 1024,"Original Hash Buckets": 1024,"Hash Batches": 1,"Original Hash Batches": 1,"Peak Memory Usage": 9,"Workers": [],"Plans": [{"Node Type": "Seq Scan","Parent Relationship": "Outer","Parallel Aware": false,"Async Capable": false,"Relation Name": "region","Alias": "region","Startup Cost": 0.00,"Total Cost": 1.06,"Plan Rows": 1,"Plan Width": 4,"Actual Startup Time": 0.045,"Actual Total Time": 0.047,"Actual Rows": 1,"Actual Loops": 3,"Filter": "(r_name = 'MIDDLE EAST'::bpchar)","Rows Removed by Filter": 4,"Workers": []}]}]}]}]},{"Node Type": "Index Scan","Parent Relationship": "Inner","Parallel Aware": false,"Async Capable": false,"Scan Direction": "Forward","Index Name": "idx_orders_custkey","Relation Name": "orders","Alias": "orders","Startup Cost": 0.43,"Total Cost": 1.55,"Plan Rows": 3,"Plan Width": 8,"Actual Startup Time": 0.017,"Actual Total Time": 0.040,"Actual Rows": 2,"Actual Loops": 29904,"Index Cond": "(o_custkey = customer.c_custkey)","Rows Removed by Index Recheck": 0,"Filter": "((o_orderdate >= '1997-01-01'::date) AND (o_orderdate < '1998-01-01 00:00:00'::timestamp without time zone))","Rows Removed by Filter": 8,"Workers": []}]},{"Node Type": "Index Scan","Parent Relationship": "Inner","Parallel Aware": false,"Async Capable": false,"Scan Direction": "Forward","Index Name": "idx_lineitem_orderkey","Relation Name": "lineitem","Alias": "lineitem","Startup Cost": 0.43,"Total Cost": 2.87,"Plan Rows": 17,"Plan Width": 20,"Actual Startup Time": 0.017,"Actual Total Time": 0.019,"Actual Rows": 4,"Actual Loops": 45096,"Index Cond": "(l_orderkey = orders.o_orderkey)","Rows Removed by Index Recheck": 0,"Workers": []}]},{"Node Type": "Hash","Parent Relationship": "Inner","Parallel Aware": false,"Async Capable": false,"Startup Cost": 322.00,"Total Cost": 322.00,"Plan Rows": 10000,"Plan Width": 8,"Actual Startup Time": 9.890,"Actual Total Time": 9.894,"Actual Rows": 10000,"Actual Loops": 3,"Hash Buckets": 16384,"Original Hash Buckets": 16384,"Hash Batches": 1,"Original Hash Batches": 1,"Peak Memory Usage": 519,"Workers": [],"Plans": [{"Node Type": "Seq Scan","Parent Relationship": "Outer","Parallel Aware": false,"Async Capable": false,"Relation Name": "supplier","Alias": "supplier","Startup Cost": 0.00,"Total Cost": 322.00,"Plan Rows": 10000,"Plan Width": 8,"Actual Startup Time": 0.039,"Actual Total Time": 7.896,"Actual Rows": 10000,"Actual Loops": 3,"Workers": []}]}]}]}]}]}]}]},"Planning Time": 11.619,"Triggers": [],"Execution Time": 856.108}]
[{"Plan": {"Node Type": "Sort","Parallel Aware": false,"Async Capable": false,"Startup Cost": 21522.30,"Total Cost": 21522.36,"Plan Rows": 25,"Plan Width": 136,"Actual Startup Time": 801.786,"Actual Total Time": 833.013,"Actual Rows": 5,"Actual Loops": 1,"Sort Key": ["(sum((lineitem.l_extendedprice * ('1'::numeric - lineitem.l_discount)))) DESC"],"Sort Method": "quicksort","Sort Space Used": 25,"Sort Space Type": "Memory","Plans": [{"Node Type": "Aggregate","Strategy": "Sorted","Partial Mode": "Finalize","Parent Relationship": "Outer","Parallel Aware": false,"Async Capable": false,"Startup Cost": 21507.43,"Total Cost": 21521.72,"Plan Rows": 25,"Plan Width": 136,"Actual Startup Time": 801.172,"Actual Total Time": 832.958,"Actual Rows": 5,"Actual Loops": 1,"Group Key": ["nation.n_name"],"Plans": [{"Node Type": "Gather Merge","Parent Relationship": "Outer","Parallel Aware": false,"Async Capable": false,"Startup Cost": 21507.43,"Total Cost": 21521.03,"Plan Rows": 50,"Plan Width": 136,"Actual Startup Time": 800.500,"Actual Total Time": 832.892,"Actual Rows": 15,"Actual Loops": 1,"Workers Planned": 2,"Workers Launched": 2,"Plans": [{"Node Type": "Aggregate","Strategy": "Sorted","Partial Mode": "Partial","Parent Relationship": "Outer","Parallel Aware": false,"Async Capable": false,"Startup Cost": 20507.41,"Total Cost": 20515.23,"Plan Rows": 25,"Plan Width": 136,"Actual Startup Time": 792.564,"Actual Total Time": 793.457,"Actual Rows": 5,"Actual Loops": 3,"Group Key": ["nation.n_name"],"Workers": [],"Plans": [{"Node Type": "Sort","Parent Relationship": "Outer","Parallel Aware": false,"Async Capable": false,"Startup Cost": 20507.41,"Total Cost": 20508.91,"Plan Rows": 601,"Plan Width": 116,"Actual Startup Time": 792.353,"Actual Total Time": 792.502,"Actual Rows": 2513,"Actual Loops": 3,"Sort Key": ["nation.n_name"],"Sort Method": "quicksort","Sort Space Used": 296,"Sort Space Type": "Memory","Workers": [{"Worker Number": 0,"Sort Method": "quicksort","Sort Space Used": 291,"Sort Space Type": "Memory"},{"Worker Number": 1,"Sort Method": "quicksort","Sort Space Used": 292,"Sort Space Type": "Memory"}],"Plans": [{"Node Type": "Hash Join","Parent Relationship": "Outer","Parallel Aware": false,"Async Capable": false,"Join Type": "Inner","Startup Cost": 475.27,"Total Cost": 20479.67,"Plan Rows": 601,"Plan Width": 116,"Actual Startup Time": 14.275,"Actual Total Time": 790.899,"Actual Rows": 2513,"Actual Loops": 3,"Inner Unique": true,"Hash Cond": "((lineitem.l_suppkey = supplier.s_suppkey) AND (customer.c_nationkey = supplier.s_nationkey))","Workers": [],"Plans": [{"Node Type": "Nested Loop","Parent Relationship": "Outer","Parallel Aware": false,"Async Capable": false,"Join Type": "Inner","Startup Cost": 3.27,"Total Cost": 19928.78,"Plan Rows": 15027,"Plan Width": 128,"Actual Startup Time": 0.573,"Actual Total Time": 745.935,"Actual Rows": 60812,"Actual Loops": 3,"Inner Unique": false,"Workers": [],"Plans": [{"Node Type": "Nested Loop","Parent Relationship": "Outer","Parallel Aware": false,"Async Capable": false,"Join Type": "Inner","Startup Cost": 2.84,"Total Cost": 8414.26,"Plan Rows": 3756,"Plan Width": 116,"Actual Startup Time": 0.447,"Actual Total Time": 445.574,"Actual Rows": 15099,"Actual Loops": 3,"Inner Unique": false,"Workers": [],"Plans": [{"Node Type": "Hash Join","Parent Relationship": "Outer","Parallel Aware": false,"Async Capable": false,"Join Type": "Inner","Startup Cost": 2.41,"Total Cost": 4471.79,"Plan Rows": 2500,"Plan Width": 116,"Actual Startup Time": 0.261,"Actual Total Time": 54.435,"Actual Rows": 9984,"Actual Loops": 3,"Inner Unique": false,"Hash Cond": "(customer.c_nationkey = nation.n_nationkey)","Workers": [],"Plans": [{"Node Type": "Seq Scan","Parent Relationship": "Outer","Parallel Aware": true,"Async Capable": false,"Relation Name": "customer","Alias": "customer","Startup Cost": 0.00,"Total Cost": 4210.00,"Plan Rows": 62500,"Plan Width": 8,"Actual Startup Time": 0.020,"Actual Total Time": 9.427,"Actual Rows": 50000,"Actual Loops": 3,"Workers": []},{"Node Type": "Hash","Parent Relationship": "Inner","Parallel Aware": false,"Async Capable": false,"Startup Cost": 2.40,"Total Cost": 2.40,"Plan Rows": 1,"Plan Width": 108,"Actual Startup Time": 0.147,"Actual Total Time": 0.168,"Actual Rows": 5,"Actual Loops": 3,"Hash Buckets": 1024,"Original Hash Buckets": 1024,"Hash Batches": 1,"Original Hash Batches": 1,"Peak Memory Usage": 9,"Workers": [],"Plans": [{"Node Type": "Hash Join","Parent Relationship": "Outer","Parallel Aware": false,"Async Capable": false,"Join Type": "Inner","Startup Cost": 1.07,"Total Cost": 2.40,"Plan Rows": 1,"Plan Width": 108,"Actual Startup Time": 0.132,"Actual Total Time": 0.158,"Actual Rows": 5,"Actual Loops": 3,"Inner Unique": true,"Hash Cond": "(nation.n_regionkey = region.r_regionkey)","Workers": [],"Plans": [{"Node Type": "Seq Scan","Parent Relationship": "Outer","Parallel Aware": false,"Async Capable": false,"Relation Name": "nation","Alias": "nation","Startup Cost": 0.00,"Total Cost": 1.25,"Plan Rows": 25,"Plan Width": 112,"Actual Startup Time": 0.053,"Actual Total Time": 0.057,"Actual Rows": 25,"Actual Loops": 3,"Workers": []},{"Node Type": "Hash","Parent Relationship": "Inner","Parallel Aware": false,"Async Capable": false,"Startup Cost": 1.06,"Total Cost": 1.06,"Plan Rows": 1,"Plan Width": 4,"Actual Startup Time": 0.054,"Actual Total Time": 0.061,"Actual Rows": 1,"Actual Loops": 3,"Hash Buckets": 1024,"Original Hash Buckets": 1024,"Hash Batches": 1,"Original Hash Batches": 1,"Peak Memory Usage": 9,"Workers": [],"Plans": [{"Node Type": "Seq Scan","Parent Relationship": "Outer","Parallel Aware": false,"Async Capable": false,"Relation Name": "region","Alias": "region","Startup Cost": 0.00,"Total Cost": 1.06,"Plan Rows": 1,"Plan Width": 4,"Actual Startup Time": 0.037,"Actual Total Time": 0.039,"Actual Rows": 1,"Actual Loops": 3,"Filter": "(r_name = 'AMERICA'::bpchar)","Rows Removed by Filter": 4,"Workers": []}]}]}]}]},{"Node Type": "Index Scan","Parent Relationship": "Inner","Parallel Aware": false,"Async Capable": false,"Scan Direction": "Forward","Index Name": "idx_orders_custkey","Relation Name": "orders","Alias": "orders","Startup Cost": 0.43,"Total Cost": 1.55,"Plan Rows": 3,"Plan Width": 8,"Actual Startup Time": 0.016,"Actual Total Time": 0.039,"Actual Rows": 2,"Actual Loops": 29952,"Index Cond": "(o_custkey = customer.c_custkey)","Rows Removed by Index Recheck": 0,"Filter": "((o_orderdate >= '1993-01-01'::date) AND (o_orderdate < '1994-01-01 00:00:00'::timestamp without time zone))","Rows Removed by Filter": 8,"Workers": []}]},{"Node Type": "Index Scan","Parent Relationship": "Inner","Parallel Aware": false,"Async Capable": false,"Scan Direction": "Forward","Index Name": "idx_lineitem_orderkey","Relation Name": "lineitem","Alias": "lineitem","Startup Cost": 0.43,"Total Cost": 2.90,"Plan Rows": 17,"Plan Width": 20,"Actual Startup Time": 0.017,"Actual Total Time": 0.019,"Actual Rows": 4,"Actual Loops": 45297,"Index Cond": "(l_orderkey = orders.o_orderkey)","Rows Removed by Index Recheck": 0,"Workers": []}]},{"Node Type": "Hash","Parent Relationship": "Inner","Parallel Aware": false,"Async Capable": false,"Startup Cost": 322.00,"Total Cost": 322.00,"Plan Rows": 10000,"Plan Width": 8,"Actual Startup Time": 12.653,"Actual Total Time": 12.656,"Actual Rows": 10000,"Actual Loops": 3,"Hash Buckets": 16384,"Original Hash Buckets": 16384,"Hash Batches": 1,"Original Hash Batches": 1,"Peak Memory Usage": 519,"Workers": [],"Plans": [{"Node Type": "Seq Scan","Parent Relationship": "Outer","Parallel Aware": false,"Async Capable": false,"Relation Name": "supplier","Alias": "supplier","Startup Cost": 0.00,"Total Cost": 322.00,"Plan Rows": 10000,"Plan Width": 8,"Actual Startup Time": 0.038,"Actual Total Time": 10.961,"Actual Rows": 10000,"Actual Loops": 3,"Workers": []}]}]}]}]}]}]}]},"Planning Time": 9.512,"Triggers": [],"Execution Time": 833.531}]
[{"Plan": {"Node Type": "Sort","Parallel Aware": false,"Async Capable": false,"Startup Cost": 21565.81,"Total Cost": 21565.87,"Plan Rows": 25,"Plan Width": 136,"Actual Startup Time": 833.811,"Actual Total Time": 865.523,"Actual Rows": 5,"Actual Loops": 1,"Sort Key": ["(sum((lineitem.l_extendedprice * ('1'::numeric - lineitem.l_discount)))) DESC"],"Sort Method": "quicksort","Sort Space Used": 25,"Sort Space Type": "Memory","Plans": [{"Node Type": "Aggregate","Strategy": "Sorted","Partial Mode": "Finalize","Parent Relationship": "Outer","Parallel Aware": false,"Async Capable": false,"Startup Cost": 21550.86,"Total Cost": 21565.23,"Plan Rows": 25,"Plan Width": 136,"Actual Startup Time": 833.271,"Actual Total Time": 865.478,"Actual Rows": 5,"Actual Loops": 1,"Group Key": ["nation.n_name"],"Plans": [{"Node Type": "Gather Merge","Parent Relationship": "Outer","Parallel Aware": false,"Async Capable": false,"Startup Cost": 21550.86,"Total Cost": 21564.54,"Plan Rows": 50,"Plan Width": 136,"Actual Startup Time": 833.025,"Actual Total Time": 865.435,"Actual Rows": 15,"Actual Loops": 1,"Workers Planned": 2,"Workers Launched": 2,"Plans": [{"Node Type": "Aggregate","Strategy": "Sorted","Partial Mode": "Partial","Parent Relationship": "Outer","Parallel Aware": false,"Async Capable": false,"Startup Cost": 20550.84,"Total Cost": 20558.75,"Plan Rows": 25,"Plan Width": 136,"Actual Startup Time": 825.546,"Actual Total Time": 826.255,"Actual Rows": 5,"Actual Loops": 3,"Group Key": ["nation.n_name"],"Workers": [],"Plans": [{"Node Type": "Sort","Parent Relationship": "Outer","Parallel Aware": false,"Async Capable": false,"Startup Cost": 20550.84,"Total Cost": 20552.36,"Plan Rows": 608,"Plan Width": 116,"Actual Startup Time": 825.323,"Actual Total Time": 825.450,"Actual Rows": 2415,"Actual Loops": 3,"Sort Key": ["nation.n_name"],"Sort Method": "quicksort","Sort Space Used": 281,"Sort Space Type": "Memory","Workers": [{"Worker Number": 0,"Sort Method": "quicksort","Sort Space Used": 286,"Sort Space Type": "Memory"},{"Worker Number": 1,"Sort Method": "quicksort","Sort Space Used": 289,"Sort Space Type": "Memory"}],"Plans": [{"Node Type": "Hash Join","Parent Relationship": "Outer","Parallel Aware": false,"Async Capable": false,"Join Type": "Inner","Startup Cost": 475.27,"Total Cost": 20522.72,"Plan Rows": 608,"Plan Width": 116,"Actual Startup Time": 12.893,"Actual Total Time": 823.841,"Actual Rows": 2415,"Actual Loops": 3,"Inner Unique": true,"Hash Cond": "((lineitem.l_suppkey = supplier.s_suppkey) AND (customer.c_nationkey = supplier.s_nationkey))","Workers": [],"Plans": [{"Node Type": "Nested Loop","Parent Relationship": "Outer","Parallel Aware": false,"Async Capable": false,"Join Type": "Inner","Startup Cost": 3.27,"Total Cost": 19970.84,"Plan Rows": 15215,"Plan Width": 128,"Actual Startup Time": 0.809,"Actual Total Time": 777.035,"Actual Rows": 60714,"Actual Loops": 3,"Inner Unique": false,"Workers": [],"Plans": [{"Node Type": "Nested Loop","Parent Relationship": "Outer","Parallel Aware": false,"Async Capable": false,"Join Type": "Inner","Startup Cost": 2.84,"Total Cost": 8414.26,"Plan Rows": 3803,"Plan Width": 116,"Actual Startup Time": 0.660,"Actual Total Time": 471.667,"Actual Rows": 15226,"Actual Loops": 3,"Inner Unique": false,"Workers": [],"Plans": [{"Node Type": "Hash Join","Parent Relationship": "Outer","Parallel Aware": false,"Async Capable": false,"Join Type": "Inner","Startup Cost": 2.41,"Total Cost": 4471.79,"Plan Rows": 2500,"Plan Width": 116,"Actual Startup Time": 0.276,"Actual Total Time": 59.829,"Actual Rows": 10066,"Actual Loops": 3,"Inner Unique": false,"Hash Cond": "(customer.c_nationkey = nation.n_nationkey)","Workers": [],"Plans": [{"Node Type": "Seq Scan","Parent Relationship": "Outer","Parallel Aware": true,"Async Capable": false,"Relation Name": "customer","Alias": "customer","Startup Cost": 0.00,"Total Cost": 4210.00,"Plan Rows": 62500,"Plan Width": 8,"Actual Startup Time": 0.021,"Actual Total Time": 10.083,"Actual Rows": 50000,"Actual Loops": 3,"Workers": []},{"Node Type": "Hash","Parent Relationship": "Inner","Parallel Aware": false,"Async Capable": false,"Startup Cost": 2.40,"Total Cost": 2.40,"Plan Rows": 1,"Plan Width": 108,"Actual Startup Time": 0.154,"Actual Total Time": 0.171,"Actual Rows": 5,"Actual Loops": 3,"Hash Buckets": 1024,"Original Hash Buckets": 1024,"Hash Batches": 1,"Original Hash Batches": 1,"Peak Memory Usage": 9,"Workers": [],"Plans": [{"Node Type": "Hash Join","Parent Relationship": "Outer","Parallel Aware": false,"Async Capable": false,"Join Type": "Inner","Startup Cost": 1.07,"Total Cost": 2.40,"Plan Rows": 1,"Plan Width": 108,"Actual Startup Time": 0.139,"Actual Total Time": 0.162,"Actual Rows": 5,"Actual Loops": 3,"Inner Unique": true,"Hash Cond": "(nation.n_regionkey = region.r_regionkey)","Workers": [],"Plans": [{"Node Type": "Seq Scan","Parent Relationship": "Outer","Parallel Aware": false,"Async Capable": false,"Relation Name": "nation","Alias": "nation","Startup Cost": 0.00,"Total Cost": 1.25,"Plan Rows": 25,"Plan Width": 112,"Actual Startup Time": 0.051,"Actual Total Time": 0.055,"Actual Rows": 25,"Actual Loops": 3,"Workers": []},{"Node Type": "Hash","Parent Relationship": "Inner","Parallel Aware": false,"Async Capable": false,"Startup Cost": 1.06,"Total Cost": 1.06,"Plan Rows": 1,"Plan Width": 4,"Actual Startup Time": 0.057,"Actual Total Time": 0.063,"Actual Rows": 1,"Actual Loops": 3,"Hash Buckets": 1024,"Original Hash Buckets": 1024,"Hash Batches": 1,"Original Hash Batches": 1,"Peak Memory Usage": 9,"Workers": [],"Plans": [{"Node Type": "Seq Scan","Parent Relationship": "Outer","Parallel Aware": false,"Async Capable": false,"Relation Name": "region","Alias": "region","Startup Cost": 0.00,"Total Cost": 1.06,"Plan Rows": 1,"Plan Width": 4,"Actual Startup Time": 0.043,"Actual Total Time": 0.045,"Actual Rows": 1,"Actual Loops": 3,"Filter": "(r_name = 'EUROPE'::bpchar)","Rows Removed by Filter": 4,"Workers": []}]}]}]}]},{"Node Type": "Index Scan","Parent Relationship": "Inner","Parallel Aware": false,"Async Capable": false,"Scan Direction": "Forward","Index Name": "idx_orders_custkey","Relation Name": "orders","Alias": "orders","Startup Cost": 0.43,"Total Cost": 1.55,"Plan Rows": 3,"Plan Width": 8,"Actual Startup Time": 0.017,"Actual Total Time": 0.041,"Actual Rows": 2,"Actual Loops": 30197,"Index Cond": "(o_custkey = customer.c_custkey)","Rows Removed by Index Recheck": 0,"Filter": "((o_orderdate >= '1997-01-01'::date) AND (o_orderdate < '1998-01-01 00:00:00'::timestamp without time zone))","Rows Removed by Filter": 9,"Workers": []}]},{"Node Type": "Index Scan","Parent Relationship": "Inner","Parallel Aware": false,"Async Capable": false,"Scan Direction": "Forward","Index Name": "idx_lineitem_orderkey","Relation Name": "lineitem","Alias": "lineitem","Startup Cost": 0.43,"Total Cost": 2.87,"Plan Rows": 17,"Plan Width": 20,"Actual Startup Time": 0.017,"Actual Total Time": 0.019,"Actual Rows": 4,"Actual Loops": 45677,"Index Cond": "(l_orderkey = orders.o_orderkey)","Rows Removed by Index Recheck": 0,"Workers": []}]},{"Node Type": "Hash","Parent Relationship": "Inner","Parallel Aware": false,"Async Capable": false,"Startup Cost": 322.00,"Total Cost": 322.00,"Plan Rows": 10000,"Plan Width": 8,"Actual Startup Time": 11.560,"Actual Total Time": 11.566,"Actual Rows": 10000,"Actual Loops": 3,"Hash Buckets": 16384,"Original Hash Buckets": 16384,"Hash Batches": 1,"Original Hash Batches": 1,"Peak Memory Usage": 519,"Workers": [],"Plans": [{"Node Type": "Seq Scan","Parent Relationship": "Outer","Parallel Aware": false,"Async Capable": false,"Relation Name": "supplier","Alias": "supplier","Startup Cost": 0.00,"Total Cost": 322.00,"Plan Rows": 10000,"Plan Width": 8,"Actual Startup Time": 0.053,"Actual Total Time": 9.758,"Actual Rows": 10000,"Actual Loops": 3,"Workers": []}]}]}]}]}]}]}]},"Planning Time": 11.054,"Triggers": [],"Execution Time": 866.075}]
[{"Plan": {"Node Type": "Sort","Parallel Aware": false,"Async Capable": false,"Startup Cost": 21565.81,"Total Cost": 21565.87,"Plan Rows": 25,"Plan Width": 136,"Actual Startup Time": 812.189,"Actual Total Time": 842.359,"Actual Rows": 5,"Actual Loops": 1,"Sort Key": ["(sum((lineitem.l_extendedprice * ('1'::numeric - lineitem.l_discount)))) DESC"],"Sort Method": "quicksort","Sort Space Used": 25,"Sort Space Type": "Memory","Plans": [{"Node Type": "Aggregate","Strategy": "Sorted","Partial Mode": "Finalize","Parent Relationship": "Outer","Parallel Aware": false,"Async Capable": false,"Startup Cost": 21550.86,"Total Cost": 21565.23,"Plan Rows": 25,"Plan Width": 136,"Actual Startup Time": 811.599,"Actual Total Time": 842.311,"Actual Rows": 5,"Actual Loops": 1,"Group Key": ["nation.n_name"],"Plans": [{"Node Type": "Gather Merge","Parent Relationship": "Outer","Parallel Aware": false,"Async Capable": false,"Startup Cost": 21550.86,"Total Cost": 21564.54,"Plan Rows": 50,"Plan Width": 136,"Actual Startup Time": 811.323,"Actual Total Time": 842.254,"Actual Rows": 15,"Actual Loops": 1,"Workers Planned": 2,"Workers Launched": 2,"Plans": [{"Node Type": "Aggregate","Strategy": "Sorted","Partial Mode": "Partial","Parent Relationship": "Outer","Parallel Aware": false,"Async Capable": false,"Startup Cost": 20550.84,"Total Cost": 20558.75,"Plan Rows": 25,"Plan Width": 136,"Actual Startup Time": 803.769,"Actual Total Time": 804.515,"Actual Rows": 5,"Actual Loops": 3,"Group Key": ["nation.n_name"],"Workers": [],"Plans": [{"Node Type": "Sort","Parent Relationship": "Outer","Parallel Aware": false,"Async Capable": false,"Startup Cost": 20550.84,"Total Cost": 20552.36,"Plan Rows": 608,"Plan Width": 116,"Actual Startup Time": 803.552,"Actual Total Time": 803.687,"Actual Rows": 2453,"Actual Loops": 3,"Sort Key": ["nation.n_name"],"Sort Method": "quicksort","Sort Space Used": 291,"Sort Space Type": "Memory","Workers": [{"Worker Number": 0,"Sort Method": "quicksort","Sort Space Used": 289,"Sort Space Type": "Memory"},{"Worker Number": 1,"Sort Method": "quicksort","Sort Space Used": 285,"Sort Space Type": "Memory"}],"Plans": [{"Node Type": "Hash Join","Parent Relationship": "Outer","Parallel Aware": false,"Async Capable": false,"Join Type": "Inner","Startup Cost": 475.27,"Total Cost": 20522.72,"Plan Rows": 608,"Plan Width": 116,"Actual Startup Time": 16.360,"Actual Total Time": 802.078,"Actual Rows": 2453,"Actual Loops": 3,"Inner Unique": true,"Hash Cond": "((lineitem.l_suppkey = supplier.s_suppkey) AND (customer.c_nationkey = supplier.s_nationkey))","Workers": [],"Plans": [{"Node Type": "Nested Loop","Parent Relationship": "Outer","Parallel Aware": false,"Async Capable": false,"Join Type": "Inner","Startup Cost": 3.27,"Total Cost": 19970.84,"Plan Rows": 15215,"Plan Width": 128,"Actual Startup Time": 0.560,"Actual Total Time": 757.067,"Actual Rows": 60975,"Actual Loops": 3,"Inner Unique": false,"Workers": [],"Plans": [{"Node Type": "Nested Loop","Parent Relationship": "Outer","Parallel Aware": false,"Async Capable": false,"Join Type": "Inner","Startup Cost": 2.84,"Total Cost": 8414.26,"Plan Rows": 3803,"Plan Width": 116,"Actual Startup Time": 0.451,"Actual Total Time": 451.841,"Actual Rows": 15295,"Actual Loops": 3,"Inner Unique": false,"Workers": [],"Plans": [{"Node Type": "Hash Join","Parent Relationship": "Outer","Parallel Aware": false,"Async Capable": false,"Join Type": "Inner","Startup Cost": 2.41,"Total Cost": 4471.79,"Plan Rows": 2500,"Plan Width": 116,"Actual Startup Time": 0.247,"Actual Total Time": 55.129,"Actual Rows": 10061,"Actual Loops": 3,"Inner Unique": false,"Hash Cond": "(customer.c_nationkey = nation.n_nationkey)","Workers": [],"Plans": [{"Node Type": "Seq Scan","Parent Relationship": "Outer","Parallel Aware": true,"Async Capable": false,"Relation Name": "customer","Alias": "customer","Startup Cost": 0.00,"Total Cost": 4210.00,"Plan Rows": 62500,"Plan Width": 8,"Actual Startup Time": 0.010,"Actual Total Time": 9.469,"Actual Rows": 50000,"Actual Loops": 3,"Workers": []},{"Node Type": "Hash","Parent Relationship": "Inner","Parallel Aware": false,"Async Capable": false,"Startup Cost": 2.40,"Total Cost": 2.40,"Plan Rows": 1,"Plan Width": 108,"Actual Startup Time": 0.154,"Actual Total Time": 0.175,"Actual Rows": 5,"Actual Loops": 3,"Hash Buckets": 1024,"Original Hash Buckets": 1024,"Hash Batches": 1,"Original Hash Batches": 1,"Peak Memory Usage": 9,"Workers": [],"Plans": [{"Node Type": "Hash Join","Parent Relationship": "Outer","Parallel Aware": false,"Async Capable": false,"Join Type": "Inner","Startup Cost": 1.07,"Total Cost": 2.40,"Plan Rows": 1,"Plan Width": 108,"Actual Startup Time": 0.142,"Actual Total Time": 0.165,"Actual Rows": 5,"Actual Loops": 3,"Inner Unique": true,"Hash Cond": "(nation.n_regionkey = region.r_regionkey)","Workers": [],"Plans": [{"Node Type": "Seq Scan","Parent Relationship": "Outer","Parallel Aware": false,"Async Capable": false,"Relation Name": "nation","Alias": "nation","Startup Cost": 0.00,"Total Cost": 1.25,"Plan Rows": 25,"Plan Width": 112,"Actual Startup Time": 0.058,"Actual Total Time": 0.062,"Actual Rows": 25,"Actual Loops": 3,"Workers": []},{"Node Type": "Hash","Parent Relationship": "Inner","Parallel Aware": false,"Async Capable": false,"Startup Cost": 1.06,"Total Cost": 1.06,"Plan Rows": 1,"Plan Width": 4,"Actual Startup Time": 0.056,"Actual Total Time": 0.065,"Actual Rows": 1,"Actual Loops": 3,"Hash Buckets": 1024,"Original Hash Buckets": 1024,"Hash Batches": 1,"Original Hash Batches": 1,"Peak Memory Usage": 9,"Workers": [],"Plans": [{"Node Type": "Seq Scan","Parent Relationship": "Outer","Parallel Aware": false,"Async Capable": false,"Relation Name": "region","Alias": "region","Startup Cost": 0.00,"Total Cost": 1.06,"Plan Rows": 1,"Plan Width": 4,"Actual Startup Time": 0.045,"Actual Total Time": 0.048,"Actual Rows": 1,"Actual Loops": 3,"Filter": "(r_name = 'ASIA'::bpchar)","Rows Removed by Filter": 4,"Workers": []}]}]}]}]},{"Node Type": "Index Scan","Parent Relationship": "Inner","Parallel Aware": false,"Async Capable": false,"Scan Direction": "Forward","Index Name": "idx_orders_custkey","Relation Name": "orders","Alias": "orders","Startup Cost": 0.43,"Total Cost": 1.55,"Plan Rows": 3,"Plan Width": 8,"Actual Startup Time": 0.017,"Actual Total Time": 0.039,"Actual Rows": 2,"Actual Loops": 30183,"Index Cond": "(o_custkey = customer.c_custkey)","Rows Removed by Index Recheck": 0,"Filter": "((o_orderdate >= '1997-01-01'::date) AND (o_orderdate < '1998-01-01 00:00:00'::timestamp without time zone))","Rows Removed by Filter": 8,"Workers": []}]},{"Node Type": "Index Scan","Parent Relationship": "Inner","Parallel Aware": false,"Async Capable": false,"Scan Direction": "Forward","Index Name": "idx_lineitem_orderkey","Relation Name": "lineitem","Alias": "lineitem","Startup Cost": 0.43,"Total Cost": 2.87,"Plan Rows": 17,"Plan Width": 20,"Actual Startup Time": 0.017,"Actual Total Time": 0.019,"Actual Rows": 4,"Actual Loops": 45884,"Index Cond": "(l_orderkey = orders.o_orderkey)","Rows Removed by Index Recheck": 0,"Workers": []}]},{"Node Type": "Hash","Parent Relationship": "Inner","Parallel Aware": false,"Async Capable": false,"Startup Cost": 322.00,"Total Cost": 322.00,"Plan Rows": 10000,"Plan Width": 8,"Actual Startup Time": 13.288,"Actual Total Time": 13.293,"Actual Rows": 10000,"Actual Loops": 3,"Hash Buckets": 16384,"Original Hash Buckets": 16384,"Hash Batches": 1,"Original Hash Batches": 1,"Peak Memory Usage": 519,"Workers": [],"Plans": [{"Node Type": "Seq Scan","Parent Relationship": "Outer","Parallel Aware": false,"Async Capable": false,"Relation Name": "supplier","Alias": "supplier","Startup Cost": 0.00,"Total Cost": 322.00,"Plan Rows": 10000,"Plan Width": 8,"Actual Startup Time": 0.036,"Actual Total Time": 11.595,"Actual Rows": 10000,"Actual Loops": 3,"Workers": []}]}]}]}]}]}]}]},"Planning Time": 10.446,"Triggers": [],"Execution Time": 842.801}]
[{"Plan": {"Node Type": "Sort","Parallel Aware": false,"Async Capable": false,"Startup Cost": 21612.43,"Total Cost": 21612.50,"Plan Rows": 25,"Plan Width": 136,"Actual Startup Time": 827.834,"Actual Total Time": 858.973,"Actual Rows": 5,"Actual Loops": 1,"Sort Key": ["(sum((lineitem.l_extendedprice * ('1'::numeric - lineitem.l_discount)))) DESC"],"Sort Method": "quicksort","Sort Space Used": 25,"Sort Space Type": "Memory","Plans": [{"Node Type": "Aggregate","Strategy": "Sorted","Partial Mode": "Finalize","Parent Relationship": "Outer","Parallel Aware": false,"Async Capable": false,"Startup Cost": 21597.38,"Total Cost": 21611.85,"Plan Rows": 25,"Plan Width": 136,"Actual Startup Time": 827.274,"Actual Total Time": 858.918,"Actual Rows": 5,"Actual Loops": 1,"Group Key": ["nation.n_name"],"Plans": [{"Node Type": "Gather Merge","Parent Relationship": "Outer","Parallel Aware": false,"Async Capable": false,"Startup Cost": 21597.38,"Total Cost": 21611.17,"Plan Rows": 50,"Plan Width": 136,"Actual Startup Time": 827.088,"Actual Total Time": 858.883,"Actual Rows": 15,"Actual Loops": 1,"Workers Planned": 2,"Workers Launched": 2,"Plans": [{"Node Type": "Aggregate","Strategy": "Sorted","Partial Mode": "Partial","Parent Relationship": "Outer","Parallel Aware": false,"Async Capable": false,"Startup Cost": 20597.36,"Total Cost": 20605.37,"Plan Rows": 25,"Plan Width": 136,"Actual Startup Time": 818.981,"Actual Total Time": 819.657,"Actual Rows": 5,"Actual Loops": 3,"Group Key": ["nation.n_name"],"Workers": [],"Plans": [{"Node Type": "Sort","Parent Relationship": "Outer","Parallel Aware": false,"Async Capable": false,"Startup Cost": 20597.36,"Total Cost": 20598.90,"Plan Rows": 616,"Plan Width": 116,"Actual Startup Time": 818.754,"Actual Total Time": 818.877,"Actual Rows": 2367,"Actual Loops": 3,"Sort Key": ["nation.n_name"],"Sort Method": "quicksort","Sort Space Used": 283,"Sort Space Type": "Memory","Workers": [{"Worker Number": 0,"Sort Method": "quicksort","Sort Space Used": 277,"Sort Space Type": "Memory"},{"Worker Number": 1,"Sort Method": "quicksort","Sort Space Used": 284,"Sort Space Type": "Memory"}],"Plans": [{"Node Type": "Hash Join","Parent Relationship": "Outer","Parallel Aware": false,"Async Capable": false,"Join Type": "Inner","Startup Cost": 475.27,"Total Cost": 20568.82,"Plan Rows": 616,"Plan Width": 116,"Actual Startup Time": 13.272,"Actual Total Time": 817.265,"Actual Rows": 2367,"Actual Loops": 3,"Inner Unique": true,"Hash Cond": "((lineitem.l_suppkey = supplier.s_suppkey) AND (customer.c_nationkey = supplier.s_nationkey))","Workers": [],"Plans": [{"Node Type": "Nested Loop","Parent Relationship": "Outer","Parallel Aware": false,"Async Capable": false,"Join Type": "Inner","Startup Cost": 3.27,"Total Cost": 20015.89,"Plan Rows": 15415,"Plan Width": 128,"Actual Startup Time": 0.973,"Actual Total Time": 770.169,"Actual Rows": 60208,"Actual Loops": 3,"Inner Unique": false,"Workers": [],"Plans": [{"Node Type": "Nested Loop","Parent Relationship": "Outer","Parallel Aware": false,"Async Capable": false,"Join Type": "Inner","Startup Cost": 2.84,"Total Cost": 8414.26,"Plan Rows": 3853,"Plan Width": 116,"Actual Startup Time": 0.870,"Actual Total Time": 466.623,"Actual Rows": 15051,"Actual Loops": 3,"Inner Unique": false,"Workers": [],"Plans": [{"Node Type": "Hash Join","Parent Relationship": "Outer","Parallel Aware": false,"Async Capable": false,"Join Type": "Inner","Startup Cost": 2.41,"Total Cost": 4471.79,"Plan Rows": 2500,"Plan Width": 116,"Actual Startup Time": 0.250,"Actual Total Time": 58.358,"Actual Rows": 9921,"Actual Loops": 3,"Inner Unique": false,"Hash Cond": "(customer.c_nationkey = nation.n_nationkey)","Workers": [],"Plans": [{"Node Type": "Seq Scan","Parent Relationship": "Outer","Parallel Aware": true,"Async Capable": false,"Relation Name": "customer","Alias": "customer","Startup Cost": 0.00,"Total Cost": 4210.00,"Plan Rows": 62500,"Plan Width": 8,"Actual Startup Time": 0.013,"Actual Total Time": 10.073,"Actual Rows": 50000,"Actual Loops": 3,"Workers": []},{"Node Type": "Hash","Parent Relationship": "Inner","Parallel Aware": false,"Async Capable": false,"Startup Cost": 2.40,"Total Cost": 2.40,"Plan Rows": 1,"Plan Width": 108,"Actual Startup Time": 0.153,"Actual Total Time": 0.173,"Actual Rows": 5,"Actual Loops": 3,"Hash Buckets": 1024,"Original Hash Buckets": 1024,"Hash Batches": 1,"Original Hash Batches": 1,"Peak Memory Usage": 9,"Workers": [],"Plans": [{"Node Type": "Hash Join","Parent Relationship": "Outer","Parallel Aware": false,"Async Capable": false,"Join Type": "Inner","Startup Cost": 1.07,"Total Cost": 2.40,"Plan Rows": 1,"Plan Width": 108,"Actual Startup Time": 0.137,"Actual Total Time": 0.162,"Actual Rows": 5,"Actual Loops": 3,"Inner Unique": true,"Hash Cond": "(nation.n_regionkey = region.r_regionkey)","Workers": [],"Plans": [{"Node Type": "Seq Scan","Parent Relationship": "Outer","Parallel Aware": false,"Async Capable": false,"Relation Name": "nation","Alias": "nation","Startup Cost": 0.00,"Total Cost": 1.25,"Plan Rows": 25,"Plan Width": 112,"Actual Startup Time": 0.055,"Actual Total Time": 0.059,"Actual Rows": 25,"Actual Loops": 3,"Workers": []},{"Node Type": "Hash","Parent Relationship": "Inner","Parallel Aware": false,"Async Capable": false,"Startup Cost": 1.06,"Total Cost": 1.06,"Plan Rows": 1,"Plan Width": 4,"Actual Startup Time": 0.058,"Actual Total Time": 0.065,"Actual Rows": 1,"Actual Loops": 3,"Hash Buckets": 1024,"Original Hash Buckets": 1024,"Hash Batches": 1,"Original Hash Batches": 1,"Peak Memory Usage": 9,"Workers": [],"Plans": [{"Node Type": "Seq Scan","Parent Relationship": "Outer","Parallel Aware": false,"Async Capable": false,"Relation Name": "region","Alias": "region","Startup Cost": 0.00,"Total Cost": 1.06,"Plan Rows": 1,"Plan Width": 4,"Actual Startup Time": 0.044,"Actual Total Time": 0.048,"Actual Rows": 1,"Actual Loops": 3,"Filter": "(r_name = 'AFRICA'::bpchar)","Rows Removed by Filter": 4,"Workers": []}]}]}]}]},{"Node Type": "Index Scan","Parent Relationship": "Inner","Parallel Aware": false,"Async Capable": false,"Scan Direction": "Forward","Index Name": "idx_orders_custkey","Relation Name": "orders","Alias": "orders","Startup Cost": 0.43,"Total Cost": 1.55,"Plan Rows": 3,"Plan Width": 8,"Actual Startup Time": 0.018,"Actual Total Time": 0.041,"Actual Rows": 2,"Actual Loops": 29764,"Index Cond": "(o_custkey = customer.c_custkey)","Rows Removed by Index Recheck": 0,"Filter": "((o_orderdate >= '1994-01-01'::date) AND (o_orderdate < '1995-01-01 00:00:00'::timestamp without time zone))","Rows Removed by Filter": 9,"Workers": []}]},{"Node Type": "Index Scan","Parent Relationship": "Inner","Parallel Aware": false,"Async Capable": false,"Scan Direction": "Forward","Index Name": "idx_lineitem_orderkey","Relation Name": "lineitem","Alias": "lineitem","Startup Cost": 0.43,"Total Cost": 2.84,"Plan Rows": 17,"Plan Width": 20,"Actual Startup Time": 0.017,"Actual Total Time": 0.019,"Actual Rows": 4,"Actual Loops": 45152,"Index Cond": "(l_orderkey = orders.o_orderkey)","Rows Removed by Index Recheck": 0,"Workers": []}]},{"Node Type": "Hash","Parent Relationship": "Inner","Parallel Aware": false,"Async Capable": false,"Startup Cost": 322.00,"Total Cost": 322.00,"Plan Rows": 10000,"Plan Width": 8,"Actual Startup Time": 11.376,"Actual Total Time": 11.381,"Actual Rows": 10000,"Actual Loops": 3,"Hash Buckets": 16384,"Original Hash Buckets": 16384,"Hash Batches": 1,"Original Hash Batches": 1,"Peak Memory Usage": 519,"Workers": [],"Plans": [{"Node Type": "Seq Scan","Parent Relationship": "Outer","Parallel Aware": false,"Async Capable": false,"Relation Name": "supplier","Alias": "supplier","Startup Cost": 0.00,"Total Cost": 322.00,"Plan Rows": 10000,"Plan Width": 8,"Actual Startup Time": 0.042,"Actual Total Time": 9.565,"Actual Rows": 10000,"Actual Loops": 3,"Workers": []}]}]}]}]}]}]}]},"Planning Time": 10.751,"Triggers": [],"Execution Time": 859.508}]
[{"Plan": {"Node Type": "Sort","Parallel Aware": false,"Async Capable": false,"Startup Cost": 21565.81,"Total Cost": 21565.87,"Plan Rows": 25,"Plan Width": 136,"Actual Startup Time": 812.189,"Actual Total Time": 842.359,"Actual Rows": 5,"Actual Loops": 1,"Sort Key": ["(sum((lineitem.l_extendedprice * ('1'::numeric - lineitem.l_discount)))) DESC"],"Sort Method": "quicksort","Sort Space Used": 25,"Sort Space Type": "Memory","Plans": [{"Node Type": "Aggregate","Strategy": "Sorted","Partial Mode": "Finalize","Parent Relationship": "Outer","Parallel Aware": false,"Async Capable": false,"Startup Cost": 21550.86,"Total Cost": 21565.23,"Plan Rows": 25,"Plan Width": 136,"Actual Startup Time": 811.599,"Actual Total Time": 842.311,"Actual Rows": 5,"Actual Loops": 1,"Group Key": ["nation.n_name"],"Plans": [{"Node Type": "Gather Merge","Parent Relationship": "Outer","Parallel Aware": false,"Async Capable": false,"Startup Cost": 21550.86,"Total Cost": 21564.54,"Plan Rows": 50,"Plan Width": 136,"Actual Startup Time": 811.323,"Actual Total Time": 842.254,"Actual Rows": 15,"Actual Loops": 1,"Workers Planned": 2,"Workers Launched": 2,"Plans": [{"Node Type": "Aggregate","Strategy": "Sorted","Partial Mode": "Partial","Parent Relationship": "Outer","Parallel Aware": false,"Async Capable": false,"Startup Cost": 20550.84,"Total Cost": 20558.75,"Plan Rows": 25,"Plan Width": 136,"Actual Startup Time": 803.769,"Actual Total Time": 804.515,"Actual Rows": 5,"Actual Loops": 3,"Group Key": ["nation.n_name"],"Workers": [],"Plans": [{"Node Type": "Sort","Parent Relationship": "Outer","Parallel Aware": false,"Async Capable": false,"Startup Cost": 20550.84,"Total Cost": 20552.36,"Plan Rows": 608,"Plan Width": 116,"Actual Startup Time": 803.552,"Actual Total Time": 803.687,"Actual Rows": 2453,"Actual Loops": 3,"Sort Key": ["nation.n_name"],"Sort Method": "quicksort","Sort Space Used": 291,"Sort Space Type": "Memory","Workers": [{"Worker Number": 0,"Sort Method": "quicksort","Sort Space Used": 289,"Sort Space Type": "Memory"},{"Worker Number": 1,"Sort Method": "quicksort","Sort Space Used": 285,"Sort Space Type": "Memory"}],"Plans": [{"Node Type": "Hash Join","Parent Relationship": "Outer","Parallel Aware": false,"Async Capable": false,"Join Type": "Inner","Startup Cost": 475.27,"Total Cost": 20522.72,"Plan Rows": 608,"Plan Width": 116,"Actual Startup Time": 16.360,"Actual Total Time": 802.078,"Actual Rows": 2453,"Actual Loops": 3,"Inner Unique": true,"Hash Cond": "((lineitem.l_suppkey = supplier.s_suppkey) AND (customer.c_nationkey = supplier.s_nationkey))","Workers": [],"Plans": [{"Node Type": "Nested Loop","Parent Relationship": "Outer","Parallel Aware": false,"Async Capable": false,"Join Type": "Inner","Startup Cost": 3.27,"Total Cost": 19970.84,"Plan Rows": 15215,"Plan Width": 128,"Actual Startup Time": 0.560,"Actual Total Time": 757.067,"Actual Rows": 60975,"Actual Loops": 3,"Inner Unique": false,"Workers": [],"Plans": [{"Node Type": "Nested Loop","Parent Relationship": "Outer","Parallel Aware": false,"Async Capable": false,"Join Type": "Inner","Startup Cost": 2.84,"Total Cost": 8414.26,"Plan Rows": 3803,"Plan Width": 116,"Actual Startup Time": 0.451,"Actual Total Time": 451.841,"Actual Rows": 15295,"Actual Loops": 3,"Inner Unique": false,"Workers": [],"Plans": [{"Node Type": "Hash Join","Parent Relationship": "Outer","Parallel Aware": false,"Async Capable": false,"Join Type": "Inner","Startup Cost": 2.41,"Total Cost": 4471.79,"Plan Rows": 2500,"Plan Width": 116,"Actual Startup Time": 0.247,"Actual Total Time": 55.129,"Actual Rows": 10061,"Actual Loops": 3,"Inner Unique": false,"Hash Cond": "(customer.c_nationkey = nation.n_nationkey)","Workers": [],"Plans": [{"Node Type": "Seq Scan","Parent Relationship": "Outer","Parallel Aware": true,"Async Capable": false,"Relation Name": "customer","Alias": "customer","Startup Cost": 0.00,"Total Cost": 4210.00,"Plan Rows": 62500,"Plan Width": 8,"Actual Startup Time": 0.010,"Actual Total Time": 9.469,"Actual Rows": 50000,"Actual Loops": 3,"Workers": []},{"Node Type": "Hash","Parent Relationship": "Inner","Parallel Aware": false,"Async Capable": false,"Startup Cost": 2.40,"Total Cost": 2.40,"Plan Rows": 1,"Plan Width": 108,"Actual Startup Time": 0.154,"Actual Total Time": 0.175,"Actual Rows": 5,"Actual Loops": 3,"Hash Buckets": 1024,"Original Hash Buckets": 1024,"Hash Batches": 1,"Original Hash Batches": 1,"Peak Memory Usage": 9,"Workers": [],"Plans": [{"Node Type": "Hash Join","Parent Relationship": "Outer","Parallel Aware": false,"Async Capable": false,"Join Type": "Inner","Startup Cost": 1.07,"Total Cost": 2.40,"Plan Rows": 1,"Plan Width": 108,"Actual Startup Time": 0.142,"Actual Total Time": 0.165,"Actual Rows": 5,"Actual Loops": 3,"Inner Unique": true,"Hash Cond": "(nation.n_regionkey = region.r_regionkey)","Workers": [],"Plans": [{"Node Type": "Seq Scan","Parent Relationship": "Outer","Parallel Aware": false,"Async Capable": false,"Relation Name": "nation","Alias": "nation","Startup Cost": 0.00,"Total Cost": 1.25,"Plan Rows": 25,"Plan Width": 112,"Actual Startup Time": 0.058,"Actual Total Time": 0.062,"Actual Rows": 25,"Actual Loops": 3,"Workers": []},{"Node Type": "Hash","Parent Relationship": "Inner","Parallel Aware": false,"Async Capable": false,"Startup Cost": 1.06,"Total Cost": 1.06,"Plan Rows": 1,"Plan Width": 4,"Actual Startup Time": 0.056,"Actual Total Time": 0.065,"Actual Rows": 1,"Actual Loops": 3,"Hash Buckets": 1024,"Original Hash Buckets": 1024,"Hash Batches": 1,"Original Hash Batches": 1,"Peak Memory Usage": 9,"Workers": [],"Plans": [{"Node Type": "Seq Scan","Parent Relationship": "Outer","Parallel Aware": false,"Async Capable": false,"Relation Name": "region","Alias": "region","Startup Cost": 0.00,"Total Cost": 1.06,"Plan Rows": 1,"Plan Width": 4,"Actual Startup Time": 0.045,"Actual Total Time": 0.048,"Actual Rows": 1,"Actual Loops": 3,"Filter": "(r_name = 'ASIA'::bpchar)","Rows Removed by Filter": 4,"Workers": []}]}]}]}]},{"Node Type": "Index Scan","Parent Relationship": "Inner","Parallel Aware": false,"Async Capable": false,"Scan Direction": "Forward","Index Name": "idx_orders_custkey","Relation Name": "orders","Alias": "orders","Startup Cost": 0.43,"Total Cost": 1.55,"Plan Rows": 3,"Plan Width": 8,"Actual Startup Time": 0.017,"Actual Total Time": 0.039,"Actual Rows": 2,"Actual Loops": 30183,"Index Cond": "(o_custkey = customer.c_custkey)","Rows Removed by Index Recheck": 0,"Filter": "((o_orderdate >= '1997-01-01'::date) AND (o_orderdate < '1998-01-01 00:00:00'::timestamp without time zone))","Rows Removed by Filter": 8,"Workers": []}]},{"Node Type": "Index Scan","Parent Relationship": "Inner","Parallel Aware": false,"Async Capable": false,"Scan Direction": "Forward","Index Name": "idx_lineitem_orderkey","Relation Name": "lineitem","Alias": "lineitem","Startup Cost": 0.43,"Total Cost": 2.87,"Plan Rows": 17,"Plan Width": 20,"Actual Startup Time": 0.017,"Actual Total Time": 0.019,"Actual Rows": 4,"Actual Loops": 45884,"Index Cond": "(l_orderkey = orders.o_orderkey)","Rows Removed by Index Recheck": 0,"Workers": []}]},{"Node Type": "Hash","Parent Relationship": "Inner","Parallel Aware": false,"Async Capable": false,"Startup Cost": 322.00,"Total Cost": 322.00,"Plan Rows": 10000,"Plan Width": 8,"Actual Startup Time": 13.288,"Actual Total Time": 13.293,"Actual Rows": 10000,"Actual Loops": 3,"Hash Buckets": 16384,"Original Hash Buckets": 16384,"Hash Batches": 1,"Original Hash Batches": 1,"Peak Memory Usage": 519,"Workers": [],"Plans": [{"Node Type": "Seq Scan","Parent Relationship": "Outer","Parallel Aware": false,"Async Capable": false,"Relation Name": "supplier","Alias": "supplier","Startup Cost": 0.00,"Total Cost": 322.00,"Plan Rows": 10000,"Plan Width": 8,"Actual Startup Time": 0.036,"Actual Total Time": 11.595,"Actual Rows": 10000,"Actual Loops": 3,"Workers": []}]}]}]}]}]}]}]},"Planning Time": 10.446,"Triggers": [],"Execution Time": 842.801}]
[{"Plan": {"Node Type": "Sort","Parallel Aware": false,"Async Capable": false,"Startup Cost": 21565.81,"Total Cost": 21565.87,"Plan Rows": 25,"Plan Width": 136,"Actual Startup Time": 823.071,"Actual Total Time": 855.607,"Actual Rows": 5,"Actual Loops": 1,"Sort Key": ["(sum((lineitem.l_extendedprice * ('1'::numeric - lineitem.l_discount)))) DESC"],"Sort Method": "quicksort","Sort Space Used": 25,"Sort Space Type": "Memory","Plans": [{"Node Type": "Aggregate","Strategy": "Sorted","Partial Mode": "Finalize","Parent Relationship": "Outer","Parallel Aware": false,"Async Capable": false,"Startup Cost": 21550.86,"Total Cost": 21565.23,"Plan Rows": 25,"Plan Width": 136,"Actual Startup Time": 822.468,"Actual Total Time": 855.547,"Actual Rows": 5,"Actual Loops": 1,"Group Key": ["nation.n_name"],"Plans": [{"Node Type": "Gather Merge","Parent Relationship": "Outer","Parallel Aware": false,"Async Capable": false,"Startup Cost": 21550.86,"Total Cost": 21564.54,"Plan Rows": 50,"Plan Width": 136,"Actual Startup Time": 822.203,"Actual Total Time": 855.489,"Actual Rows": 15,"Actual Loops": 1,"Workers Planned": 2,"Workers Launched": 2,"Plans": [{"Node Type": "Aggregate","Strategy": "Sorted","Partial Mode": "Partial","Parent Relationship": "Outer","Parallel Aware": false,"Async Capable": false,"Startup Cost": 20550.84,"Total Cost": 20558.75,"Plan Rows": 25,"Plan Width": 136,"Actual Startup Time": 814.240,"Actual Total Time": 814.959,"Actual Rows": 5,"Actual Loops": 3,"Group Key": ["nation.n_name"],"Workers": [],"Plans": [{"Node Type": "Sort","Parent Relationship": "Outer","Parallel Aware": false,"Async Capable": false,"Startup Cost": 20550.84,"Total Cost": 20552.36,"Plan Rows": 608,"Plan Width": 116,"Actual Startup Time": 814.029,"Actual Total Time": 814.149,"Actual Rows": 2473,"Actual Loops": 3,"Sort Key": ["nation.n_name"],"Sort Method": "quicksort","Sort Space Used": 297,"Sort Space Type": "Memory","Workers": [{"Worker Number": 0,"Sort Method": "quicksort","Sort Space Used": 287,"Sort Space Type": "Memory"},{"Worker Number": 1,"Sort Method": "quicksort","Sort Space Used": 284,"Sort Space Type": "Memory"}],"Plans": [{"Node Type": "Hash Join","Parent Relationship": "Outer","Parallel Aware": false,"Async Capable": false,"Join Type": "Inner","Startup Cost": 475.27,"Total Cost": 20522.72,"Plan Rows": 608,"Plan Width": 116,"Actual Startup Time": 11.318,"Actual Total Time": 812.483,"Actual Rows": 2473,"Actual Loops": 3,"Inner Unique": true,"Hash Cond": "((lineitem.l_suppkey = supplier.s_suppkey) AND (customer.c_nationkey = supplier.s_nationkey))","Workers": [],"Plans": [{"Node Type": "Nested Loop","Parent Relationship": "Outer","Parallel Aware": false,"Async Capable": false,"Join Type": "Inner","Startup Cost": 3.27,"Total Cost": 19970.84,"Plan Rows": 15215,"Plan Width": 128,"Actual Startup Time": 0.595,"Actual Total Time": 768.935,"Actual Rows": 60276,"Actual Loops": 3,"Inner Unique": false,"Workers": [],"Plans": [{"Node Type": "Nested Loop","Parent Relationship": "Outer","Parallel Aware": false,"Async Capable": false,"Join Type": "Inner","Startup Cost": 2.84,"Total Cost": 8414.26,"Plan Rows": 3803,"Plan Width": 116,"Actual Startup Time": 0.466,"Actual Total Time": 464.532,"Actual Rows": 15032,"Actual Loops": 3,"Inner Unique": false,"Workers": [],"Plans": [{"Node Type": "Hash Join","Parent Relationship": "Outer","Parallel Aware": false,"Async Capable": false,"Join Type": "Inner","Startup Cost": 2.41,"Total Cost": 4471.79,"Plan Rows": 2500,"Plan Width": 116,"Actual Startup Time": 0.243,"Actual Total Time": 60.744,"Actual Rows": 9968,"Actual Loops": 3,"Inner Unique": false,"Hash Cond": "(customer.c_nationkey = nation.n_nationkey)","Workers": [],"Plans": [{"Node Type": "Seq Scan","Parent Relationship": "Outer","Parallel Aware": true,"Async Capable": false,"Relation Name": "customer","Alias": "customer","Startup Cost": 0.00,"Total Cost": 4210.00,"Plan Rows": 62500,"Plan Width": 8,"Actual Startup Time": 0.012,"Actual Total Time": 10.205,"Actual Rows": 50000,"Actual Loops": 3,"Workers": []},{"Node Type": "Hash","Parent Relationship": "Inner","Parallel Aware": false,"Async Capable": false,"Startup Cost": 2.40,"Total Cost": 2.40,"Plan Rows": 1,"Plan Width": 108,"Actual Startup Time": 0.142,"Actual Total Time": 0.157,"Actual Rows": 5,"Actual Loops": 3,"Hash Buckets": 1024,"Original Hash Buckets": 1024,"Hash Batches": 1,"Original Hash Batches": 1,"Peak Memory Usage": 9,"Workers": [],"Plans": [{"Node Type": "Hash Join","Parent Relationship": "Outer","Parallel Aware": false,"Async Capable": false,"Join Type": "Inner","Startup Cost": 1.07,"Total Cost": 2.40,"Plan Rows": 1,"Plan Width": 108,"Actual Startup Time": 0.130,"Actual Total Time": 0.149,"Actual Rows": 5,"Actual Loops": 3,"Inner Unique": true,"Hash Cond": "(nation.n_regionkey = region.r_regionkey)","Workers": [],"Plans": [{"Node Type": "Seq Scan","Parent Relationship": "Outer","Parallel Aware": false,"Async Capable": false,"Relation Name": "nation","Alias": "nation","Startup Cost": 0.00,"Total Cost": 1.25,"Plan Rows": 25,"Plan Width": 112,"Actual Startup Time": 0.040,"Actual Total Time": 0.044,"Actual Rows": 25,"Actual Loops": 3,"Workers": []},{"Node Type": "Hash","Parent Relationship": "Inner","Parallel Aware": false,"Async Capable": false,"Startup Cost": 1.06,"Total Cost": 1.06,"Plan Rows": 1,"Plan Width": 4,"Actual Startup Time": 0.063,"Actual Total Time": 0.068,"Actual Rows": 1,"Actual Loops": 3,"Hash Buckets": 1024,"Original Hash Buckets": 1024,"Hash Batches": 1,"Original Hash Batches": 1,"Peak Memory Usage": 9,"Workers": [],"Plans": [{"Node Type": "Seq Scan","Parent Relationship": "Outer","Parallel Aware": false,"Async Capable": false,"Relation Name": "region","Alias": "region","Startup Cost": 0.00,"Total Cost": 1.06,"Plan Rows": 1,"Plan Width": 4,"Actual Startup Time": 0.045,"Actual Total Time": 0.047,"Actual Rows": 1,"Actual Loops": 3,"Filter": "(r_name = 'MIDDLE EAST'::bpchar)","Rows Removed by Filter": 4,"Workers": []}]}]}]}]},{"Node Type": "Index Scan","Parent Relationship": "Inner","Parallel Aware": false,"Async Capable": false,"Scan Direction": "Forward","Index Name": "idx_orders_custkey","Relation Name": "orders","Alias": "orders","Startup Cost": 0.43,"Total Cost": 1.55,"Plan Rows": 3,"Plan Width": 8,"Actual Startup Time": 0.017,"Actual Total Time": 0.040,"Actual Rows": 2,"Actual Loops": 29904,"Index Cond": "(o_custkey = customer.c_custkey)","Rows Removed by Index Recheck": 0,"Filter": "((o_orderdate >= '1997-01-01'::date) AND (o_orderdate < '1998-01-01 00:00:00'::timestamp without time zone))","Rows Removed by Filter": 8,"Workers": []}]},{"Node Type": "Index Scan","Parent Relationship": "Inner","Parallel Aware": false,"Async Capable": false,"Scan Direction": "Forward","Index Name": "idx_lineitem_orderkey","Relation Name": "lineitem","Alias": "lineitem","Startup Cost": 0.43,"Total Cost": 2.87,"Plan Rows": 17,"Plan Width": 20,"Actual Startup Time": 0.017,"Actual Total Time": 0.019,"Actual Rows": 4,"Actual Loops": 45096,"Index Cond": "(l_orderkey = orders.o_orderkey)","Rows Removed by Index Recheck": 0,"Workers": []}]},{"Node Type": "Hash","Parent Relationship": "Inner","Parallel Aware": false,"Async Capable": false,"Startup Cost": 322.00,"Total Cost": 322.00,"Plan Rows": 10000,"Plan Width": 8,"Actual Startup Time": 9.890,"Actual Total Time": 9.894,"Actual Rows": 10000,"Actual Loops": 3,"Hash Buckets": 16384,"Original Hash Buckets": 16384,"Hash Batches": 1,"Original Hash Batches": 1,"Peak Memory Usage": 519,"Workers": [],"Plans": [{"Node Type": "Seq Scan","Parent Relationship": "Outer","Parallel Aware": false,"Async Capable": false,"Relation Name": "supplier","Alias": "supplier","Startup Cost": 0.00,"Total Cost": 322.00,"Plan Rows": 10000,"Plan Width": 8,"Actual Startup Time": 0.039,"Actual Total Time": 7.896,"Actual Rows": 10000,"Actual Loops": 3,"Workers": []}]}]}]}]}]}]}]},"Planning Time": 11.619,"Triggers": [],"Execution Time": 856.108}]
[{"Plan": {"Node Type": "Sort","Parallel Aware": false,"Async Capable": false,"Startup Cost": 21612.43,"Total Cost": 21612.50,"Plan Rows": 25,"Plan Width": 136,"Actual Startup Time": 835.932,"Actual Total Time": 867.365,"Actual Rows": 5,"Actual Loops": 1,"Sort Key": ["(sum((lineitem.l_extendedprice * ('1'::numeric - lineitem.l_discount)))) DESC"],"Sort Method": "quicksort","Sort Space Used": 25,"Sort Space Type": "Memory","Plans": [{"Node Type": "Aggregate","Strategy": "Sorted","Partial Mode": "Finalize","Parent Relationship": "Outer","Parallel Aware": false,"Async Capable": false,"Startup Cost": 21597.38,"Total Cost": 21611.85,"Plan Rows": 25,"Plan Width": 136,"Actual Startup Time": 835.364,"Actual Total Time": 867.318,"Actual Rows": 5,"Actual Loops": 1,"Group Key": ["nation.n_name"],"Plans": [{"Node Type": "Gather Merge","Parent Relationship": "Outer","Parallel Aware": false,"Async Capable": false,"Startup Cost": 21597.38,"Total Cost": 21611.17,"Plan Rows": 50,"Plan Width": 136,"Actual Startup Time": 835.179,"Actual Total Time": 867.277,"Actual Rows": 15,"Actual Loops": 1,"Workers Planned": 2,"Workers Launched": 2,"Plans": [{"Node Type": "Aggregate","Strategy": "Sorted","Partial Mode": "Partial","Parent Relationship": "Outer","Parallel Aware": false,"Async Capable": false,"Startup Cost": 20597.36,"Total Cost": 20605.37,"Plan Rows": 25,"Plan Width": 136,"Actual Startup Time": 826.891,"Actual Total Time": 827.596,"Actual Rows": 5,"Actual Loops": 3,"Group Key": ["nation.n_name"],"Workers": [],"Plans": [{"Node Type": "Sort","Parent Relationship": "Outer","Parallel Aware": false,"Async Capable": false,"Startup Cost": 20597.36,"Total Cost": 20598.90,"Plan Rows": 616,"Plan Width": 116,"Actual Startup Time": 826.692,"Actual Total Time": 826.817,"Actual Rows": 2422,"Actual Loops": 3,"Sort Key": ["nation.n_name"],"Sort Method": "quicksort","Sort Space Used": 284,"Sort Space Type": "Memory","Workers": [{"Worker Number": 0,"Sort Method": "quicksort","Sort Space Used": 289,"Sort Space Type": "Memory"},{"Worker Number": 1,"Sort Method": "quicksort","Sort Space Used": 285,"Sort Space Type": "Memory"}],"Plans": [{"Node Type": "Hash Join","Parent Relationship": "Outer","Parallel Aware": false,"Async Capable": false,"Join Type": "Inner","Startup Cost": 475.27,"Total Cost": 20568.82,"Plan Rows": 616,"Plan Width": 116,"Actual Startup Time": 12.416,"Actual Total Time": 825.180,"Actual Rows": 2422,"Actual Loops": 3,"Inner Unique": true,"Hash Cond": "((lineitem.l_suppkey = supplier.s_suppkey) AND (customer.c_nationkey = supplier.s_nationkey))","Workers": [],"Plans": [{"Node Type": "Nested Loop","Parent Relationship": "Outer","Parallel Aware": false,"Async Capable": false,"Join Type": "Inner","Startup Cost": 3.27,"Total Cost": 20015.89,"Plan Rows": 15415,"Plan Width": 128,"Actual Startup Time": 0.717,"Actual Total Time": 776.964,"Actual Rows": 61524,"Actual Loops": 3,"Inner Unique": false,"Workers": [],"Plans": [{"Node Type": "Nested Loop","Parent Relationship": "Outer","Parallel Aware": false,"Async Capable": false,"Join Type": "Inner","Startup Cost": 2.84,"Total Cost": 8414.26,"Plan Rows": 3853,"Plan Width": 116,"Actual Startup Time": 0.594,"Actual Total Time": 468.318,"Actual Rows": 15364,"Actual Loops": 3,"Inner Unique": false,"Workers": [],"Plans": [{"Node Type": "Hash Join","Parent Relationship": "Outer","Parallel Aware": false,"Async Capable": false,"Join Type": "Inner","Startup Cost": 2.41,"Total Cost": 4471.79,"Plan Rows": 2500,"Plan Width": 116,"Actual Startup Time": 0.257,"Actual Total Time": 59.024,"Actual Rows": 10066,"Actual Loops": 3,"Inner Unique": false,"Hash Cond": "(customer.c_nationkey = nation.n_nationkey)","Workers": [],"Plans": [{"Node Type": "Seq Scan","Parent Relationship": "Outer","Parallel Aware": true,"Async Capable": false,"Relation Name": "customer","Alias": "customer","Startup Cost": 0.00,"Total Cost": 4210.00,"Plan Rows": 62500,"Plan Width": 8,"Actual Startup Time": 0.018,"Actual Total Time": 10.025,"Actual Rows": 50000,"Actual Loops": 3,"Workers": []},{"Node Type": "Hash","Parent Relationship": "Inner","Parallel Aware": false,"Async Capable": false,"Startup Cost": 2.40,"Total Cost": 2.40,"Plan Rows": 1,"Plan Width": 108,"Actual Startup Time": 0.151,"Actual Total Time": 0.168,"Actual Rows": 5,"Actual Loops": 3,"Hash Buckets": 1024,"Original Hash Buckets": 1024,"Hash Batches": 1,"Original Hash Batches": 1,"Peak Memory Usage": 9,"Workers": [],"Plans": [{"Node Type": "Hash Join","Parent Relationship": "Outer","Parallel Aware": false,"Async Capable": false,"Join Type": "Inner","Startup Cost": 1.07,"Total Cost": 2.40,"Plan Rows": 1,"Plan Width": 108,"Actual Startup Time": 0.138,"Actual Total Time": 0.159,"Actual Rows": 5,"Actual Loops": 3,"Inner Unique": true,"Hash Cond": "(nation.n_regionkey = region.r_regionkey)","Workers": [],"Plans": [{"Node Type": "Seq Scan","Parent Relationship": "Outer","Parallel Aware": false,"Async Capable": false,"Relation Name": "nation","Alias": "nation","Startup Cost": 0.00,"Total Cost": 1.25,"Plan Rows": 25,"Plan Width": 112,"Actual Startup Time": 0.050,"Actual Total Time": 0.055,"Actual Rows": 25,"Actual Loops": 3,"Workers": []},{"Node Type": "Hash","Parent Relationship": "Inner","Parallel Aware": false,"Async Capable": false,"Startup Cost": 1.06,"Total Cost": 1.06,"Plan Rows": 1,"Plan Width": 4,"Actual Startup Time": 0.059,"Actual Total Time": 0.064,"Actual Rows": 1,"Actual Loops": 3,"Hash Buckets": 1024,"Original Hash Buckets": 1024,"Hash Batches": 1,"Original Hash Batches": 1,"Peak Memory Usage": 9,"Workers": [],"Plans": [{"Node Type": "Seq Scan","Parent Relationship": "Outer","Parallel Aware": false,"Async Capable": false,"Relation Name": "region","Alias": "region","Startup Cost": 0.00,"Total Cost": 1.06,"Plan Rows": 1,"Plan Width": 4,"Actual Startup Time": 0.043,"Actual Total Time": 0.045,"Actual Rows": 1,"Actual Loops": 3,"Filter": "(r_name = 'EUROPE'::bpchar)","Rows Removed by Filter": 4,"Workers": []}]}]}]}]},{"Node Type": "Index Scan","Parent Relationship": "Inner","Parallel Aware": false,"Async Capable": false,"Scan Direction": "Forward","Index Name": "idx_orders_custkey","Relation Name": "orders","Alias": "orders","Startup Cost": 0.43,"Total Cost": 1.55,"Plan Rows": 3,"Plan Width": 8,"Actual Startup Time": 0.017,"Actual Total Time": 0.040,"Actual Rows": 2,"Actual Loops": 30197,"Index Cond": "(o_custkey = customer.c_custkey)","Rows Removed by Index Recheck": 0,"Filter": "((o_orderdate >= '1994-01-01'::date) AND (o_orderdate < '1995-01-01 00:00:00'::timestamp without time zone))","Rows Removed by Filter": 9,"Workers": []}]},{"Node Type": "Index Scan","Parent Relationship": "Inner","Parallel Aware": false,"Async Capable": false,"Scan Direction": "Forward","Index Name": "idx_lineitem_orderkey","Relation Name": "lineitem","Alias": "lineitem","Startup Cost": 0.43,"Total Cost": 2.84,"Plan Rows": 17,"Plan Width": 20,"Actual Startup Time": 0.017,"Actual Total Time": 0.019,"Actual Rows": 4,"Actual Loops": 46093,"Index Cond": "(l_orderkey = orders.o_orderkey)","Rows Removed by Index Recheck": 0,"Workers": []}]},{"Node Type": "Hash","Parent Relationship": "Inner","Parallel Aware": false,"Async Capable": false,"Startup Cost": 322.00,"Total Cost": 322.00,"Plan Rows": 10000,"Plan Width": 8,"Actual Startup Time": 10.479,"Actual Total Time": 10.484,"Actual Rows": 10000,"Actual Loops": 3,"Hash Buckets": 16384,"Original Hash Buckets": 16384,"Hash Batches": 1,"Original Hash Batches": 1,"Peak Memory Usage": 519,"Workers": [],"Plans": [{"Node Type": "Seq Scan","Parent Relationship": "Outer","Parallel Aware": false,"Async Capable": false,"Relation Name": "supplier","Alias": "supplier","Startup Cost": 0.00,"Total Cost": 322.00,"Plan Rows": 10000,"Plan Width": 8,"Actual Startup Time": 0.042,"Actual Total Time": 8.711,"Actual Rows": 10000,"Actual Loops": 3,"Workers": []}]}]}]}]}]}]}]},"Planning Time": 9.647,"Triggers": [],"Execution Time": 867.883}]
[{"Plan": {"Node Type": "Sort","Parallel Aware": false,"Async Capable": false,"Startup Cost": 21616.39,"Total Cost": 21616.45,"Plan Rows": 25,"Plan Width": 136,"Actual Startup Time": 848.991,"Actual Total Time": 881.316,"Actual Rows": 5,"Actual Loops": 1,"Sort Key": ["(sum((lineitem.l_extendedprice * ('1'::numeric - lineitem.l_discount)))) DESC"],"Sort Method": "quicksort","Sort Space Used": 25,"Sort Space Type": "Memory","Plans": [{"Node Type": "Aggregate","Strategy": "Sorted","Partial Mode": "Finalize","Parent Relationship": "Outer","Parallel Aware": false,"Async Capable": false,"Startup Cost": 21601.33,"Total Cost": 21615.81,"Plan Rows": 25,"Plan Width": 136,"Actual Startup Time": 848.402,"Actual Total Time": 881.262,"Actual Rows": 5,"Actual Loops": 1,"Group Key": ["nation.n_name"],"Plans": [{"Node Type": "Gather Merge","Parent Relationship": "Outer","Parallel Aware": false,"Async Capable": false,"Startup Cost": 21601.33,"Total Cost": 21615.12,"Plan Rows": 50,"Plan Width": 136,"Actual Startup Time": 848.176,"Actual Total Time": 881.211,"Actual Rows": 15,"Actual Loops": 1,"Workers Planned": 2,"Workers Launched": 2,"Plans": [{"Node Type": "Aggregate","Strategy": "Sorted","Partial Mode": "Partial","Parent Relationship": "Outer","Parallel Aware": false,"Async Capable": false,"Startup Cost": 20601.30,"Total Cost": 20609.33,"Plan Rows": 25,"Plan Width": 136,"Actual Startup Time": 841.096,"Actual Total Time": 841.805,"Actual Rows": 5,"Actual Loops": 3,"Group Key": ["nation.n_name"],"Workers": [],"Plans": [{"Node Type": "Sort","Parent Relationship": "Outer","Parallel Aware": false,"Async Capable": false,"Startup Cost": 20601.30,"Total Cost": 20602.85,"Plan Rows": 617,"Plan Width": 116,"Actual Startup Time": 840.878,"Actual Total Time": 841.005,"Actual Rows": 2453,"Actual Loops": 3,"Sort Key": ["nation.n_name"],"Sort Method": "quicksort","Sort Space Used": 289,"Sort Space Type": "Memory","Workers": [{"Worker Number": 0,"Sort Method": "quicksort","Sort Space Used": 295,"Sort Space Type": "Memory"},{"Worker Number": 1,"Sort Method": "quicksort","Sort Space Used": 281,"Sort Space Type": "Memory"}],"Plans": [{"Node Type": "Hash Join","Parent Relationship": "Outer","Parallel Aware": false,"Async Capable": false,"Join Type": "Inner","Startup Cost": 475.27,"Total Cost": 20572.71,"Plan Rows": 617,"Plan Width": 116,"Actual Startup Time": 10.379,"Actual Total Time": 839.260,"Actual Rows": 2453,"Actual Loops": 3,"Inner Unique": true,"Hash Cond": "((lineitem.l_suppkey = supplier.s_suppkey) AND (customer.c_nationkey = supplier.s_nationkey))","Workers": [],"Plans": [{"Node Type": "Nested Loop","Parent Relationship": "Outer","Parallel Aware": false,"Async Capable": false,"Join Type": "Inner","Startup Cost": 3.27,"Total Cost": 20019.70,"Plan Rows": 15431,"Plan Width": 128,"Actual Startup Time": 0.539,"Actual Total Time": 793.839,"Actual Rows": 61906,"Actual Loops": 3,"Inner Unique": false,"Workers": [],"Plans": [{"Node Type": "Nested Loop","Parent Relationship": "Outer","Parallel Aware": false,"Async Capable": false,"Join Type": "Inner","Startup Cost": 2.84,"Total Cost": 8414.26,"Plan Rows": 3857,"Plan Width": 116,"Actual Startup Time": 0.431,"Actual Total Time": 473.927,"Actual Rows": 15506,"Actual Loops": 3,"Inner Unique": false,"Workers": [],"Plans": [{"Node Type": "Hash Join","Parent Relationship": "Outer","Parallel Aware": false,"Async Capable": false,"Join Type": "Inner","Startup Cost": 2.41,"Total Cost": 4471.79,"Plan Rows": 2500,"Plan Width": 116,"Actual Startup Time": 0.234,"Actual Total Time": 55.451,"Actual Rows": 10066,"Actual Loops": 3,"Inner Unique": false,"Hash Cond": "(customer.c_nationkey = nation.n_nationkey)","Workers": [],"Plans": [{"Node Type": "Seq Scan","Parent Relationship": "Outer","Parallel Aware": true,"Async Capable": false,"Relation Name": "customer","Alias": "customer","Startup Cost": 0.00,"Total Cost": 4210.00,"Plan Rows": 62500,"Plan Width": 8,"Actual Startup Time": 0.019,"Actual Total Time": 9.720,"Actual Rows": 50000,"Actual Loops": 3,"Workers": []},{"Node Type": "Hash","Parent Relationship": "Inner","Parallel Aware": false,"Async Capable": false,"Startup Cost": 2.40,"Total Cost": 2.40,"Plan Rows": 1,"Plan Width": 108,"Actual Startup Time": 0.128,"Actual Total Time": 0.148,"Actual Rows": 5,"Actual Loops": 3,"Hash Buckets": 1024,"Original Hash Buckets": 1024,"Hash Batches": 1,"Original Hash Batches": 1,"Peak Memory Usage": 9,"Workers": [],"Plans": [{"Node Type": "Hash Join","Parent Relationship": "Outer","Parallel Aware": false,"Async Capable": false,"Join Type": "Inner","Startup Cost": 1.07,"Total Cost": 2.40,"Plan Rows": 1,"Plan Width": 108,"Actual Startup Time": 0.115,"Actual Total Time": 0.137,"Actual Rows": 5,"Actual Loops": 3,"Inner Unique": true,"Hash Cond": "(nation.n_regionkey = region.r_regionkey)","Workers": [],"Plans": [{"Node Type": "Seq Scan","Parent Relationship": "Outer","Parallel Aware": false,"Async Capable": false,"Relation Name": "nation","Alias": "nation","Startup Cost": 0.00,"Total Cost": 1.25,"Plan Rows": 25,"Plan Width": 112,"Actual Startup Time": 0.040,"Actual Total Time": 0.044,"Actual Rows": 25,"Actual Loops": 3,"Workers": []},{"Node Type": "Hash","Parent Relationship": "Inner","Parallel Aware": false,"Async Capable": false,"Startup Cost": 1.06,"Total Cost": 1.06,"Plan Rows": 1,"Plan Width": 4,"Actual Startup Time": 0.046,"Actual Total Time": 0.051,"Actual Rows": 1,"Actual Loops": 3,"Hash Buckets": 1024,"Original Hash Buckets": 1024,"Hash Batches": 1,"Original Hash Batches": 1,"Peak Memory Usage": 9,"Workers": [],"Plans": [{"Node Type": "Seq Scan","Parent Relationship": "Outer","Parallel Aware": false,"Async Capable": false,"Relation Name": "region","Alias": "region","Startup Cost": 0.00,"Total Cost": 1.06,"Plan Rows": 1,"Plan Width": 4,"Actual Startup Time": 0.033,"Actual Total Time": 0.034,"Actual Rows": 1,"Actual Loops": 3,"Filter": "(r_name = 'EUROPE'::bpchar)","Rows Removed by Filter": 4,"Workers": []}]}]}]}]},{"Node Type": "Index Scan","Parent Relationship": "Inner","Parallel Aware": false,"Async Capable": false,"Scan Direction": "Forward","Index Name": "idx_orders_custkey","Relation Name": "orders","Alias": "orders","Startup Cost": 0.43,"Total Cost": 1.55,"Plan Rows": 3,"Plan Width": 8,"Actual Startup Time": 0.017,"Actual Total Time": 0.041,"Actual Rows": 2,"Actual Loops": 30197,"Index Cond": "(o_custkey = customer.c_custkey)","Rows Removed by Index Recheck": 0,"Filter": "((o_orderdate >= '1996-01-01'::date) AND (o_orderdate < '1997-01-01 00:00:00'::timestamp without time zone))","Rows Removed by Filter": 9,"Workers": []}]},{"Node Type": "Index Scan","Parent Relationship": "Inner","Parallel Aware": false,"Async Capable": false,"Scan Direction": "Forward","Index Name": "idx_lineitem_orderkey","Relation Name": "lineitem","Alias": "lineitem","Startup Cost": 0.43,"Total Cost": 2.84,"Plan Rows": 17,"Plan Width": 20,"Actual Startup Time": 0.017,"Actual Total Time": 0.020,"Actual Rows": 4,"Actual Loops": 46518,"Index Cond": "(l_orderkey = orders.o_orderkey)","Rows Removed by Index Recheck": 0,"Workers": []}]},{"Node Type": "Hash","Parent Relationship": "Inner","Parallel Aware": false,"Async Capable": false,"Startup Cost": 322.00,"Total Cost": 322.00,"Plan Rows": 10000,"Plan Width": 8,"Actual Startup Time": 8.337,"Actual Total Time": 8.340,"Actual Rows": 10000,"Actual Loops": 3,"Hash Buckets": 16384,"Original Hash Buckets": 16384,"Hash Batches": 1,"Original Hash Batches": 1,"Peak Memory Usage": 519,"Workers": [],"Plans": [{"Node Type": "Seq Scan","Parent Relationship": "Outer","Parallel Aware": false,"Async Capable": false,"Relation Name": "supplier","Alias": "supplier","Startup Cost": 0.00,"Total Cost": 322.00,"Plan Rows": 10000,"Plan Width": 8,"Actual Startup Time": 0.039,"Actual Total Time": 6.479,"Actual Rows": 10000,"Actual Loops": 3,"Workers": []}]}]}]}]}]}]}]},"Planning Time": 9.377,"Triggers": [],"Execution Time": 881.912}]
[{"Plan": {"Node Type": "Sort","Parallel Aware": false,"Async Capable": false,"Startup Cost": 21565.24,"Total Cost": 21565.30,"Plan Rows": 25,"Plan Width": 136,"Actual Startup Time": 829.883,"Actual Total Time": 862.581,"Actual Rows": 5,"Actual Loops": 1,"Sort Key": ["(sum((lineitem.l_extendedprice * ('1'::numeric - lineitem.l_discount)))) DESC"],"Sort Method": "quicksort","Sort Space Used": 25,"Sort Space Type": "Memory","Plans": [{"Node Type": "Aggregate","Strategy": "Sorted","Partial Mode": "Finalize","Parent Relationship": "Outer","Parallel Aware": false,"Async Capable": false,"Startup Cost": 21550.29,"Total Cost": 21564.66,"Plan Rows": 25,"Plan Width": 136,"Actual Startup Time": 829.271,"Actual Total Time": 862.532,"Actual Rows": 5,"Actual Loops": 1,"Group Key": ["nation.n_name"],"Plans": [{"Node Type": "Gather Merge","Parent Relationship": "Outer","Parallel Aware": false,"Async Capable": false,"Startup Cost": 21550.29,"Total Cost": 21563.97,"Plan Rows": 50,"Plan Width": 136,"Actual Startup Time": 829.074,"Actual Total Time": 862.478,"Actual Rows": 15,"Actual Loops": 1,"Workers Planned": 2,"Workers Launched": 2,"Plans": [{"Node Type": "Aggregate","Strategy": "Sorted","Partial Mode": "Partial","Parent Relationship": "Outer","Parallel Aware": false,"Async Capable": false,"Startup Cost": 20550.26,"Total Cost": 20558.18,"Plan Rows": 25,"Plan Width": 136,"Actual Startup Time": 821.816,"Actual Total Time": 822.538,"Actual Rows": 5,"Actual Loops": 3,"Group Key": ["nation.n_name"],"Workers": [],"Plans": [{"Node Type": "Sort","Parent Relationship": "Outer","Parallel Aware": false,"Async Capable": false,"Startup Cost": 20550.26,"Total Cost": 20551.78,"Plan Rows": 608,"Plan Width": 116,"Actual Startup Time": 821.604,"Actual Total Time": 821.730,"Actual Rows": 2468,"Actual Loops": 3,"Sort Key": ["nation.n_name"],"Sort Method": "quicksort","Sort Space Used": 285,"Sort Space Type": "Memory","Workers": [{"Worker Number": 0,"Sort Method": "quicksort","Sort Space Used": 293,"Sort Space Type": "Memory"},{"Worker Number": 1,"Sort Method": "quicksort","Sort Space Used": 290,"Sort Space Type": "Memory"}],"Plans": [{"Node Type": "Hash Join","Parent Relationship": "Outer","Parallel Aware": false,"Async Capable": false,"Join Type": "Inner","Startup Cost": 475.27,"Total Cost": 20522.15,"Plan Rows": 608,"Plan Width": 116,"Actual Startup Time": 10.349,"Actual Total Time": 819.988,"Actual Rows": 2468,"Actual Loops": 3,"Inner Unique": true,"Hash Cond": "((lineitem.l_suppkey = supplier.s_suppkey) AND (customer.c_nationkey = supplier.s_nationkey))","Workers": [],"Plans": [{"Node Type": "Nested Loop","Parent Relationship": "Outer","Parallel Aware": false,"Async Capable": false,"Join Type": "Inner","Startup Cost": 3.27,"Total Cost": 19970.29,"Plan Rows": 15211,"Plan Width": 128,"Actual Startup Time": 0.787,"Actual Total Time": 773.951,"Actual Rows": 61461,"Actual Loops": 3,"Inner Unique": false,"Workers": [],"Plans": [{"Node Type": "Nested Loop","Parent Relationship": "Outer","Parallel Aware": false,"Async Capable": false,"Join Type": "Inner","Startup Cost": 2.84,"Total Cost": 8414.26,"Plan Rows": 3802,"Plan Width": 116,"Actual Startup Time": 0.651,"Actual Total Time": 459.932,"Actual Rows": 15399,"Actual Loops": 3,"Inner Unique": false,"Workers": [],"Plans": [{"Node Type": "Hash Join","Parent Relationship": "Outer","Parallel Aware": false,"Async Capable": false,"Join Type": "Inner","Startup Cost": 2.41,"Total Cost": 4471.79,"Plan Rows": 2500,"Plan Width": 116,"Actual Startup Time": 0.245,"Actual Total Time": 55.063,"Actual Rows": 10066,"Actual Loops": 3,"Inner Unique": false,"Hash Cond": "(customer.c_nationkey = nation.n_nationkey)","Workers": [],"Plans": [{"Node Type": "Seq Scan","Parent Relationship": "Outer","Parallel Aware": true,"Async Capable": false,"Relation Name": "customer","Alias": "customer","Startup Cost": 0.00,"Total Cost": 4210.00,"Plan Rows": 62500,"Plan Width": 8,"Actual Startup Time": 0.014,"Actual Total Time": 9.571,"Actual Rows": 50000,"Actual Loops": 3,"Workers": []},{"Node Type": "Hash","Parent Relationship": "Inner","Parallel Aware": false,"Async Capable": false,"Startup Cost": 2.40,"Total Cost": 2.40,"Plan Rows": 1,"Plan Width": 108,"Actual Startup Time": 0.139,"Actual Total Time": 0.155,"Actual Rows": 5,"Actual Loops": 3,"Hash Buckets": 1024,"Original Hash Buckets": 1024,"Hash Batches": 1,"Original Hash Batches": 1,"Peak Memory Usage": 9,"Workers": [],"Plans": [{"Node Type": "Hash Join","Parent Relationship": "Outer","Parallel Aware": false,"Async Capable": false,"Join Type": "Inner","Startup Cost": 1.07,"Total Cost": 2.40,"Plan Rows": 1,"Plan Width": 108,"Actual Startup Time": 0.126,"Actual Total Time": 0.145,"Actual Rows": 5,"Actual Loops": 3,"Inner Unique": true,"Hash Cond": "(nation.n_regionkey = region.r_regionkey)","Workers": [],"Plans": [{"Node Type": "Seq Scan","Parent Relationship": "Outer","Parallel Aware": false,"Async Capable": false,"Relation Name": "nation","Alias": "nation","Startup Cost": 0.00,"Total Cost": 1.25,"Plan Rows": 25,"Plan Width": 112,"Actual Startup Time": 0.043,"Actual Total Time": 0.047,"Actual Rows": 25,"Actual Loops": 3,"Workers": []},{"Node Type": "Hash","Parent Relationship": "Inner","Parallel Aware": false,"Async Capable": false,"Startup Cost": 1.06,"Total Cost": 1.06,"Plan Rows": 1,"Plan Width": 4,"Actual Startup Time": 0.051,"Actual Total Time": 0.056,"Actual Rows": 1,"Actual Loops": 3,"Hash Buckets": 1024,"Original Hash Buckets": 1024,"Hash Batches": 1,"Original Hash Batches": 1,"Peak Memory Usage": 9,"Workers": [],"Plans": [{"Node Type": "Seq Scan","Parent Relationship": "Outer","Parallel Aware": false,"Async Capable": false,"Relation Name": "region","Alias": "region","Startup Cost": 0.00,"Total Cost": 1.06,"Plan Rows": 1,"Plan Width": 4,"Actual Startup Time": 0.037,"Actual Total Time": 0.039,"Actual Rows": 1,"Actual Loops": 3,"Filter": "(r_name = 'EUROPE'::bpchar)","Rows Removed by Filter": 4,"Workers": []}]}]}]}]},{"Node Type": "Index Scan","Parent Relationship": "Inner","Parallel Aware": false,"Async Capable": false,"Scan Direction": "Forward","Index Name": "idx_orders_custkey","Relation Name": "orders","Alias": "orders","Startup Cost": 0.43,"Total Cost": 1.55,"Plan Rows": 3,"Plan Width": 8,"Actual Startup Time": 0.017,"Actual Total Time": 0.040,"Actual Rows": 2,"Actual Loops": 30197,"Index Cond": "(o_custkey = customer.c_custkey)","Rows Removed by Index Recheck": 0,"Filter": "((o_orderdate >= '1995-01-01'::date) AND (o_orderdate < '1996-01-01 00:00:00'::timestamp without time zone))","Rows Removed by Filter": 9,"Workers": []}]},{"Node Type": "Index Scan","Parent Relationship": "Inner","Parallel Aware": false,"Async Capable": false,"Scan Direction": "Forward","Index Name": "idx_lineitem_orderkey","Relation Name": "lineitem","Alias": "lineitem","Startup Cost": 0.43,"Total Cost": 2.87,"Plan Rows": 17,"Plan Width": 20,"Actual Startup Time": 0.017,"Actual Total Time": 0.020,"Actual Rows": 4,"Actual Loops": 46197,"Index Cond": "(l_orderkey = orders.o_orderkey)","Rows Removed by Index Recheck": 0,"Workers": []}]},{"Node Type": "Hash","Parent Relationship": "Inner","Parallel Aware": false,"Async Capable": false,"Startup Cost": 322.00,"Total Cost": 322.00,"Plan Rows": 10000,"Plan Width": 8,"Actual Startup Time": 8.644,"Actual Total Time": 8.648,"Actual Rows": 10000,"Actual Loops": 3,"Hash Buckets": 16384,"Original Hash Buckets": 16384,"Hash Batches": 1,"Original Hash Batches": 1,"Peak Memory Usage": 519,"Workers": [],"Plans": [{"Node Type": "Seq Scan","Parent Relationship": "Outer","Parallel Aware": false,"Async Capable": false,"Relation Name": "supplier","Alias": "supplier","Startup Cost": 0.00,"Total Cost": 322.00,"Plan Rows": 10000,"Plan Width": 8,"Actual Startup Time": 0.045,"Actual Total Time": 6.681,"Actual Rows": 10000,"Actual Loops": 3,"Workers": []}]}]}]}]}]}]}]},"Planning Time": 10.340,"Triggers": [],"Execution Time": 863.182}]
[{"Plan": {"Node Type": "Sort","Parallel Aware": false,"Async Capable": false,"Startup Cost": 21565.24,"Total Cost": 21565.30,"Plan Rows": 25,"Plan Width": 136,"Actual Startup Time": 829.883,"Actual Total Time": 862.581,"Actual Rows": 5,"Actual Loops": 1,"Sort Key": ["(sum((lineitem.l_extendedprice * ('1'::numeric - lineitem.l_discount)))) DESC"],"Sort Method": "quicksort","Sort Space Used": 25,"Sort Space Type": "Memory","Plans": [{"Node Type": "Aggregate","Strategy": "Sorted","Partial Mode": "Finalize","Parent Relationship": "Outer","Parallel Aware": false,"Async Capable": false,"Startup Cost": 21550.29,"Total Cost": 21564.66,"Plan Rows": 25,"Plan Width": 136,"Actual Startup Time": 829.271,"Actual Total Time": 862.532,"Actual Rows": 5,"Actual Loops": 1,"Group Key": ["nation.n_name"],"Plans": [{"Node Type": "Gather Merge","Parent Relationship": "Outer","Parallel Aware": false,"Async Capable": false,"Startup Cost": 21550.29,"Total Cost": 21563.97,"Plan Rows": 50,"Plan Width": 136,"Actual Startup Time": 829.074,"Actual Total Time": 862.478,"Actual Rows": 15,"Actual Loops": 1,"Workers Planned": 2,"Workers Launched": 2,"Plans": [{"Node Type": "Aggregate","Strategy": "Sorted","Partial Mode": "Partial","Parent Relationship": "Outer","Parallel Aware": false,"Async Capable": false,"Startup Cost": 20550.26,"Total Cost": 20558.18,"Plan Rows": 25,"Plan Width": 136,"Actual Startup Time": 821.816,"Actual Total Time": 822.538,"Actual Rows": 5,"Actual Loops": 3,"Group Key": ["nation.n_name"],"Workers": [],"Plans": [{"Node Type": "Sort","Parent Relationship": "Outer","Parallel Aware": false,"Async Capable": false,"Startup Cost": 20550.26,"Total Cost": 20551.78,"Plan Rows": 608,"Plan Width": 116,"Actual Startup Time": 821.604,"Actual Total Time": 821.730,"Actual Rows": 2468,"Actual Loops": 3,"Sort Key": ["nation.n_name"],"Sort Method": "quicksort","Sort Space Used": 285,"Sort Space Type": "Memory","Workers": [{"Worker Number": 0,"Sort Method": "quicksort","Sort Space Used": 293,"Sort Space Type": "Memory"},{"Worker Number": 1,"Sort Method": "quicksort","Sort Space Used": 290,"Sort Space Type": "Memory"}],"Plans": [{"Node Type": "Hash Join","Parent Relationship": "Outer","Parallel Aware": false,"Async Capable": false,"Join Type": "Inner","Startup Cost": 475.27,"Total Cost": 20522.15,"Plan Rows": 608,"Plan Width": 116,"Actual Startup Time": 10.349,"Actual Total Time": 819.988,"Actual Rows": 2468,"Actual Loops": 3,"Inner Unique": true,"Hash Cond": "((lineitem.l_suppkey = supplier.s_suppkey) AND (customer.c_nationkey = supplier.s_nationkey))","Workers": [],"Plans": [{"Node Type": "Nested Loop","Parent Relationship": "Outer","Parallel Aware": false,"Async Capable": false,"Join Type": "Inner","Startup Cost": 3.27,"Total Cost": 19970.29,"Plan Rows": 15211,"Plan Width": 128,"Actual Startup Time": 0.787,"Actual Total Time": 773.951,"Actual Rows": 61461,"Actual Loops": 3,"Inner Unique": false,"Workers": [],"Plans": [{"Node Type": "Nested Loop","Parent Relationship": "Outer","Parallel Aware": false,"Async Capable": false,"Join Type": "Inner","Startup Cost": 2.84,"Total Cost": 8414.26,"Plan Rows": 3802,"Plan Width": 116,"Actual Startup Time": 0.651,"Actual Total Time": 459.932,"Actual Rows": 15399,"Actual Loops": 3,"Inner Unique": false,"Workers": [],"Plans": [{"Node Type": "Hash Join","Parent Relationship": "Outer","Parallel Aware": false,"Async Capable": false,"Join Type": "Inner","Startup Cost": 2.41,"Total Cost": 4471.79,"Plan Rows": 2500,"Plan Width": 116,"Actual Startup Time": 0.245,"Actual Total Time": 55.063,"Actual Rows": 10066,"Actual Loops": 3,"Inner Unique": false,"Hash Cond": "(customer.c_nationkey = nation.n_nationkey)","Workers": [],"Plans": [{"Node Type": "Seq Scan","Parent Relationship": "Outer","Parallel Aware": true,"Async Capable": false,"Relation Name": "customer","Alias": "customer","Startup Cost": 0.00,"Total Cost": 4210.00,"Plan Rows": 62500,"Plan Width": 8,"Actual Startup Time": 0.014,"Actual Total Time": 9.571,"Actual Rows": 50000,"Actual Loops": 3,"Workers": []},{"Node Type": "Hash","Parent Relationship": "Inner","Parallel Aware": false,"Async Capable": false,"Startup Cost": 2.40,"Total Cost": 2.40,"Plan Rows": 1,"Plan Width": 108,"Actual Startup Time": 0.139,"Actual Total Time": 0.155,"Actual Rows": 5,"Actual Loops": 3,"Hash Buckets": 1024,"Original Hash Buckets": 1024,"Hash Batches": 1,"Original Hash Batches": 1,"Peak Memory Usage": 9,"Workers": [],"Plans": [{"Node Type": "Hash Join","Parent Relationship": "Outer","Parallel Aware": false,"Async Capable": false,"Join Type": "Inner","Startup Cost": 1.07,"Total Cost": 2.40,"Plan Rows": 1,"Plan Width": 108,"Actual Startup Time": 0.126,"Actual Total Time": 0.145,"Actual Rows": 5,"Actual Loops": 3,"Inner Unique": true,"Hash Cond": "(nation.n_regionkey = region.r_regionkey)","Workers": [],"Plans": [{"Node Type": "Seq Scan","Parent Relationship": "Outer","Parallel Aware": false,"Async Capable": false,"Relation Name": "nation","Alias": "nation","Startup Cost": 0.00,"Total Cost": 1.25,"Plan Rows": 25,"Plan Width": 112,"Actual Startup Time": 0.043,"Actual Total Time": 0.047,"Actual Rows": 25,"Actual Loops": 3,"Workers": []},{"Node Type": "Hash","Parent Relationship": "Inner","Parallel Aware": false,"Async Capable": false,"Startup Cost": 1.06,"Total Cost": 1.06,"Plan Rows": 1,"Plan Width": 4,"Actual Startup Time": 0.051,"Actual Total Time": 0.056,"Actual Rows": 1,"Actual Loops": 3,"Hash Buckets": 1024,"Original Hash Buckets": 1024,"Hash Batches": 1,"Original Hash Batches": 1,"Peak Memory Usage": 9,"Workers": [],"Plans": [{"Node Type": "Seq Scan","Parent Relationship": "Outer","Parallel Aware": false,"Async Capable": false,"Relation Name": "region","Alias": "region","Startup Cost": 0.00,"Total Cost": 1.06,"Plan Rows": 1,"Plan Width": 4,"Actual Startup Time": 0.037,"Actual Total Time": 0.039,"Actual Rows": 1,"Actual Loops": 3,"Filter": "(r_name = 'EUROPE'::bpchar)","Rows Removed by Filter": 4,"Workers": []}]}]}]}]},{"Node Type": "Index Scan","Parent Relationship": "Inner","Parallel Aware": false,"Async Capable": false,"Scan Direction": "Forward","Index Name": "idx_orders_custkey","Relation Name": "orders","Alias": "orders","Startup Cost": 0.43,"Total Cost": 1.55,"Plan Rows": 3,"Plan Width": 8,"Actual Startup Time": 0.017,"Actual Total Time": 0.040,"Actual Rows": 2,"Actual Loops": 30197,"Index Cond": "(o_custkey = customer.c_custkey)","Rows Removed by Index Recheck": 0,"Filter": "((o_orderdate >= '1995-01-01'::date) AND (o_orderdate < '1996-01-01 00:00:00'::timestamp without time zone))","Rows Removed by Filter": 9,"Workers": []}]},{"Node Type": "Index Scan","Parent Relationship": "Inner","Parallel Aware": false,"Async Capable": false,"Scan Direction": "Forward","Index Name": "idx_lineitem_orderkey","Relation Name": "lineitem","Alias": "lineitem","Startup Cost": 0.43,"Total Cost": 2.87,"Plan Rows": 17,"Plan Width": 20,"Actual Startup Time": 0.017,"Actual Total Time": 0.020,"Actual Rows": 4,"Actual Loops": 46197,"Index Cond": "(l_orderkey = orders.o_orderkey)","Rows Removed by Index Recheck": 0,"Workers": []}]},{"Node Type": "Hash","Parent Relationship": "Inner","Parallel Aware": false,"Async Capable": false,"Startup Cost": 322.00,"Total Cost": 322.00,"Plan Rows": 10000,"Plan Width": 8,"Actual Startup Time": 8.644,"Actual Total Time": 8.648,"Actual Rows": 10000,"Actual Loops": 3,"Hash Buckets": 16384,"Original Hash Buckets": 16384,"Hash Batches": 1,"Original Hash Batches": 1,"Peak Memory Usage": 519,"Workers": [],"Plans": [{"Node Type": "Seq Scan","Parent Relationship": "Outer","Parallel Aware": false,"Async Capable": false,"Relation Name": "supplier","Alias": "supplier","Startup Cost": 0.00,"Total Cost": 322.00,"Plan Rows": 10000,"Plan Width": 8,"Actual Startup Time": 0.045,"Actual Total Time": 6.681,"Actual Rows": 10000,"Actual Loops": 3,"Workers": []}]}]}]}]}]}]}]},"Planning Time": 10.340,"Triggers": [],"Execution Time": 863.182}]
[{"Plan": {"Node Type": "Sort","Parallel Aware": false,"Async Capable": false,"Startup Cost": 21522.30,"Total Cost": 21522.36,"Plan Rows": 25,"Plan Width": 136,"Actual Startup Time": 808.715,"Actual Total Time": 841.103,"Actual Rows": 5,"Actual Loops": 1,"Sort Key": ["(sum((lineitem.l_extendedprice * ('1'::numeric - lineitem.l_discount)))) DESC"],"Sort Method": "quicksort","Sort Space Used": 25,"Sort Space Type": "Memory","Plans": [{"Node Type": "Aggregate","Strategy": "Sorted","Partial Mode": "Finalize","Parent Relationship": "Outer","Parallel Aware": false,"Async Capable": false,"Startup Cost": 21507.43,"Total Cost": 21521.72,"Plan Rows": 25,"Plan Width": 136,"Actual Startup Time": 808.132,"Actual Total Time": 841.051,"Actual Rows": 5,"Actual Loops": 1,"Group Key": ["nation.n_name"],"Plans": [{"Node Type": "Gather Merge","Parent Relationship": "Outer","Parallel Aware": false,"Async Capable": false,"Startup Cost": 21507.43,"Total Cost": 21521.03,"Plan Rows": 50,"Plan Width": 136,"Actual Startup Time": 807.865,"Actual Total Time": 840.993,"Actual Rows": 15,"Actual Loops": 1,"Workers Planned": 2,"Workers Launched": 2,"Plans": [{"Node Type": "Aggregate","Strategy": "Sorted","Partial Mode": "Partial","Parent Relationship": "Outer","Parallel Aware": false,"Async Capable": false,"Startup Cost": 20507.41,"Total Cost": 20515.23,"Plan Rows": 25,"Plan Width": 136,"Actual Startup Time": 800.148,"Actual Total Time": 800.877,"Actual Rows": 5,"Actual Loops": 3,"Group Key": ["nation.n_name"],"Workers": [],"Plans": [{"Node Type": "Sort","Parent Relationship": "Outer","Parallel Aware": false,"Async Capable": false,"Startup Cost": 20507.41,"Total Cost": 20508.91,"Plan Rows": 601,"Plan Width": 116,"Actual Startup Time": 799.927,"Actual Total Time": 800.057,"Actual Rows": 2459,"Actual Loops": 3,"Sort Key": ["nation.n_name"],"Sort Method": "quicksort","Sort Space Used": 287,"Sort Space Type": "Memory","Workers": [{"Worker Number": 0,"Sort Method": "quicksort","Sort Space Used": 292,"Sort Space Type": "Memory"},{"Worker Number": 1,"Sort Method": "quicksort","Sort Space Used": 287,"Sort Space Type": "Memory"}],"Plans": [{"Node Type": "Hash Join","Parent Relationship": "Outer","Parallel Aware": false,"Async Capable": false,"Join Type": "Inner","Startup Cost": 475.27,"Total Cost": 20479.67,"Plan Rows": 601,"Plan Width": 116,"Actual Startup Time": 9.851,"Actual Total Time": 798.461,"Actual Rows": 2459,"Actual Loops": 3,"Inner Unique": true,"Hash Cond": "((lineitem.l_suppkey = supplier.s_suppkey) AND (customer.c_nationkey = supplier.s_nationkey))","Workers": [],"Plans": [{"Node Type": "Nested Loop","Parent Relationship": "Outer","Parallel Aware": false,"Async Capable": false,"Join Type": "Inner","Startup Cost": 3.27,"Total Cost": 19928.78,"Plan Rows": 15027,"Plan Width": 128,"Actual Startup Time": 0.691,"Actual Total Time": 757.487,"Actual Rows": 60981,"Actual Loops": 3,"Inner Unique": false,"Workers": [],"Plans": [{"Node Type": "Nested Loop","Parent Relationship": "Outer","Parallel Aware": false,"Async Capable": false,"Join Type": "Inner","Startup Cost": 2.84,"Total Cost": 8414.26,"Plan Rows": 3756,"Plan Width": 116,"Actual Startup Time": 0.574,"Actual Total Time": 453.285,"Actual Rows": 15233,"Actual Loops": 3,"Inner Unique": false,"Workers": [],"Plans": [{"Node Type": "Hash Join","Parent Relationship": "Outer","Parallel Aware": false,"Async Capable": false,"Join Type": "Inner","Startup Cost": 2.41,"Total Cost": 4471.79,"Plan Rows": 2500,"Plan Width": 116,"Actual Startup Time": 0.259,"Actual Total Time": 55.622,"Actual Rows": 10066,"Actual Loops": 3,"Inner Unique": false,"Hash Cond": "(customer.c_nationkey = nation.n_nationkey)","Workers": [],"Plans": [{"Node Type": "Seq Scan","Parent Relationship": "Outer","Parallel Aware": true,"Async Capable": false,"Relation Name": "customer","Alias": "customer","Startup Cost": 0.00,"Total Cost": 4210.00,"Plan Rows": 62500,"Plan Width": 8,"Actual Startup Time": 0.020,"Actual Total Time": 9.402,"Actual Rows": 50000,"Actual Loops": 3,"Workers": []},{"Node Type": "Hash","Parent Relationship": "Inner","Parallel Aware": false,"Async Capable": false,"Startup Cost": 2.40,"Total Cost": 2.40,"Plan Rows": 1,"Plan Width": 108,"Actual Startup Time": 0.150,"Actual Total Time": 0.167,"Actual Rows": 5,"Actual Loops": 3,"Hash Buckets": 1024,"Original Hash Buckets": 1024,"Hash Batches": 1,"Original Hash Batches": 1,"Peak Memory Usage": 9,"Workers": [],"Plans": [{"Node Type": "Hash Join","Parent Relationship": "Outer","Parallel Aware": false,"Async Capable": false,"Join Type": "Inner","Startup Cost": 1.07,"Total Cost": 2.40,"Plan Rows": 1,"Plan Width": 108,"Actual Startup Time": 0.135,"Actual Total Time": 0.156,"Actual Rows": 5,"Actual Loops": 3,"Inner Unique": true,"Hash Cond": "(nation.n_regionkey = region.r_regionkey)","Workers": [],"Plans": [{"Node Type": "Seq Scan","Parent Relationship": "Outer","Parallel Aware": false,"Async Capable": false,"Relation Name": "nation","Alias": "nation","Startup Cost": 0.00,"Total Cost": 1.25,"Plan Rows": 25,"Plan Width": 112,"Actual Startup Time": 0.049,"Actual Total Time": 0.053,"Actual Rows": 25,"Actual Loops": 3,"Workers": []},{"Node Type": "Hash","Parent Relationship": "Inner","Parallel Aware": false,"Async Capable": false,"Startup Cost": 1.06,"Total Cost": 1.06,"Plan Rows": 1,"Plan Width": 4,"Actual Startup Time": 0.056,"Actual Total Time": 0.064,"Actual Rows": 1,"Actual Loops": 3,"Hash Buckets": 1024,"Original Hash Buckets": 1024,"Hash Batches": 1,"Original Hash Batches": 1,"Peak Memory Usage": 9,"Workers": [],"Plans": [{"Node Type": "Seq Scan","Parent Relationship": "Outer","Parallel Aware": false,"Async Capable": false,"Relation Name": "region","Alias": "region","Startup Cost": 0.00,"Total Cost": 1.06,"Plan Rows": 1,"Plan Width": 4,"Actual Startup Time": 0.041,"Actual Total Time": 0.043,"Actual Rows": 1,"Actual Loops": 3,"Filter": "(r_name = 'EUROPE'::bpchar)","Rows Removed by Filter": 4,"Workers": []}]}]}]}]},{"Node Type": "Index Scan","Parent Relationship": "Inner","Parallel Aware": false,"Async Capable": false,"Scan Direction": "Forward","Index Name": "idx_orders_custkey","Relation Name": "orders","Alias": "orders","Startup Cost": 0.43,"Total Cost": 1.55,"Plan Rows": 3,"Plan Width": 8,"Actual Startup Time": 0.017,"Actual Total Time": 0.039,"Actual Rows": 2,"Actual Loops": 30197,"Index Cond": "(o_custkey = customer.c_custkey)","Rows Removed by Index Recheck": 0,"Filter": "((o_orderdate >= '1993-01-01'::date) AND (o_orderdate < '1994-01-01 00:00:00'::timestamp without time zone))","Rows Removed by Filter": 9,"Workers": []}]},{"Node Type": "Index Scan","Parent Relationship": "Inner","Parallel Aware": false,"Async Capable": false,"Scan Direction": "Forward","Index Name": "idx_lineitem_orderkey","Relation Name": "lineitem","Alias": "lineitem","Startup Cost": 0.43,"Total Cost": 2.90,"Plan Rows": 17,"Plan Width": 20,"Actual Startup Time": 0.017,"Actual Total Time": 0.019,"Actual Rows": 4,"Actual Loops": 45699,"Index Cond": "(l_orderkey = orders.o_orderkey)","Rows Removed by Index Recheck": 0,"Workers": []}]},{"Node Type": "Hash","Parent Relationship": "Inner","Parallel Aware": false,"Async Capable": false,"Startup Cost": 322.00,"Total Cost": 322.00,"Plan Rows": 10000,"Plan Width": 8,"Actual Startup Time": 8.538,"Actual Total Time": 8.541,"Actual Rows": 10000,"Actual Loops": 3,"Hash Buckets": 16384,"Original Hash Buckets": 16384,"Hash Batches": 1,"Original Hash Batches": 1,"Peak Memory Usage": 519,"Workers": [],"Plans": [{"Node Type": "Seq Scan","Parent Relationship": "Outer","Parallel Aware": false,"Async Capable": false,"Relation Name": "supplier","Alias": "supplier","Startup Cost": 0.00,"Total Cost": 322.00,"Plan Rows": 10000,"Plan Width": 8,"Actual Startup Time": 0.046,"Actual Total Time": 6.635,"Actual Rows": 10000,"Actual Loops": 3,"Workers": []}]}]}]}]}]}]}]},"Planning Time": 10.957,"Triggers": [],"Execution Time": 841.799}]
[{"Plan": {"Node Type": "Sort","Parallel Aware": false,"Async Capable": false,"Startup Cost": 21612.43,"Total Cost": 21612.50,"Plan Rows": 25,"Plan Width": 136,"Actual Startup Time": 835.932,"Actual Total Time": 867.365,"Actual Rows": 5,"Actual Loops": 1,"Sort Key": ["(sum((lineitem.l_extendedprice * ('1'::numeric - lineitem.l_discount)))) DESC"],"Sort Method": "quicksort","Sort Space Used": 25,"Sort Space Type": "Memory","Plans": [{"Node Type": "Aggregate","Strategy": "Sorted","Partial Mode": "Finalize","Parent Relationship": "Outer","Parallel Aware": false,"Async Capable": false,"Startup Cost": 21597.38,"Total Cost": 21611.85,"Plan Rows": 25,"Plan Width": 136,"Actual Startup Time": 835.364,"Actual Total Time": 867.318,"Actual Rows": 5,"Actual Loops": 1,"Group Key": ["nation.n_name"],"Plans": [{"Node Type": "Gather Merge","Parent Relationship": "Outer","Parallel Aware": false,"Async Capable": false,"Startup Cost": 21597.38,"Total Cost": 21611.17,"Plan Rows": 50,"Plan Width": 136,"Actual Startup Time": 835.179,"Actual Total Time": 867.277,"Actual Rows": 15,"Actual Loops": 1,"Workers Planned": 2,"Workers Launched": 2,"Plans": [{"Node Type": "Aggregate","Strategy": "Sorted","Partial Mode": "Partial","Parent Relationship": "Outer","Parallel Aware": false,"Async Capable": false,"Startup Cost": 20597.36,"Total Cost": 20605.37,"Plan Rows": 25,"Plan Width": 136,"Actual Startup Time": 826.891,"Actual Total Time": 827.596,"Actual Rows": 5,"Actual Loops": 3,"Group Key": ["nation.n_name"],"Workers": [],"Plans": [{"Node Type": "Sort","Parent Relationship": "Outer","Parallel Aware": false,"Async Capable": false,"Startup Cost": 20597.36,"Total Cost": 20598.90,"Plan Rows": 616,"Plan Width": 116,"Actual Startup Time": 826.692,"Actual Total Time": 826.817,"Actual Rows": 2422,"Actual Loops": 3,"Sort Key": ["nation.n_name"],"Sort Method": "quicksort","Sort Space Used": 284,"Sort Space Type": "Memory","Workers": [{"Worker Number": 0,"Sort Method": "quicksort","Sort Space Used": 289,"Sort Space Type": "Memory"},{"Worker Number": 1,"Sort Method": "quicksort","Sort Space Used": 285,"Sort Space Type": "Memory"}],"Plans": [{"Node Type": "Hash Join","Parent Relationship": "Outer","Parallel Aware": false,"Async Capable": false,"Join Type": "Inner","Startup Cost": 475.27,"Total Cost": 20568.82,"Plan Rows": 616,"Plan Width": 116,"Actual Startup Time": 12.416,"Actual Total Time": 825.180,"Actual Rows": 2422,"Actual Loops": 3,"Inner Unique": true,"Hash Cond": "((lineitem.l_suppkey = supplier.s_suppkey) AND (customer.c_nationkey = supplier.s_nationkey))","Workers": [],"Plans": [{"Node Type": "Nested Loop","Parent Relationship": "Outer","Parallel Aware": false,"Async Capable": false,"Join Type": "Inner","Startup Cost": 3.27,"Total Cost": 20015.89,"Plan Rows": 15415,"Plan Width": 128,"Actual Startup Time": 0.717,"Actual Total Time": 776.964,"Actual Rows": 61524,"Actual Loops": 3,"Inner Unique": false,"Workers": [],"Plans": [{"Node Type": "Nested Loop","Parent Relationship": "Outer","Parallel Aware": false,"Async Capable": false,"Join Type": "Inner","Startup Cost": 2.84,"Total Cost": 8414.26,"Plan Rows": 3853,"Plan Width": 116,"Actual Startup Time": 0.594,"Actual Total Time": 468.318,"Actual Rows": 15364,"Actual Loops": 3,"Inner Unique": false,"Workers": [],"Plans": [{"Node Type": "Hash Join","Parent Relationship": "Outer","Parallel Aware": false,"Async Capable": false,"Join Type": "Inner","Startup Cost": 2.41,"Total Cost": 4471.79,"Plan Rows": 2500,"Plan Width": 116,"Actual Startup Time": 0.257,"Actual Total Time": 59.024,"Actual Rows": 10066,"Actual Loops": 3,"Inner Unique": false,"Hash Cond": "(customer.c_nationkey = nation.n_nationkey)","Workers": [],"Plans": [{"Node Type": "Seq Scan","Parent Relationship": "Outer","Parallel Aware": true,"Async Capable": false,"Relation Name": "customer","Alias": "customer","Startup Cost": 0.00,"Total Cost": 4210.00,"Plan Rows": 62500,"Plan Width": 8,"Actual Startup Time": 0.018,"Actual Total Time": 10.025,"Actual Rows": 50000,"Actual Loops": 3,"Workers": []},{"Node Type": "Hash","Parent Relationship": "Inner","Parallel Aware": false,"Async Capable": false,"Startup Cost": 2.40,"Total Cost": 2.40,"Plan Rows": 1,"Plan Width": 108,"Actual Startup Time": 0.151,"Actual Total Time": 0.168,"Actual Rows": 5,"Actual Loops": 3,"Hash Buckets": 1024,"Original Hash Buckets": 1024,"Hash Batches": 1,"Original Hash Batches": 1,"Peak Memory Usage": 9,"Workers": [],"Plans": [{"Node Type": "Hash Join","Parent Relationship": "Outer","Parallel Aware": false,"Async Capable": false,"Join Type": "Inner","Startup Cost": 1.07,"Total Cost": 2.40,"Plan Rows": 1,"Plan Width": 108,"Actual Startup Time": 0.138,"Actual Total Time": 0.159,"Actual Rows": 5,"Actual Loops": 3,"Inner Unique": true,"Hash Cond": "(nation.n_regionkey = region.r_regionkey)","Workers": [],"Plans": [{"Node Type": "Seq Scan","Parent Relationship": "Outer","Parallel Aware": false,"Async Capable": false,"Relation Name": "nation","Alias": "nation","Startup Cost": 0.00,"Total Cost": 1.25,"Plan Rows": 25,"Plan Width": 112,"Actual Startup Time": 0.050,"Actual Total Time": 0.055,"Actual Rows": 25,"Actual Loops": 3,"Workers": []},{"Node Type": "Hash","Parent Relationship": "Inner","Parallel Aware": false,"Async Capable": false,"Startup Cost": 1.06,"Total Cost": 1.06,"Plan Rows": 1,"Plan Width": 4,"Actual Startup Time": 0.059,"Actual Total Time": 0.064,"Actual Rows": 1,"Actual Loops": 3,"Hash Buckets": 1024,"Original Hash Buckets": 1024,"Hash Batches": 1,"Original Hash Batches": 1,"Peak Memory Usage": 9,"Workers": [],"Plans": [{"Node Type": "Seq Scan","Parent Relationship": "Outer","Parallel Aware": false,"Async Capable": false,"Relation Name": "region","Alias": "region","Startup Cost": 0.00,"Total Cost": 1.06,"Plan Rows": 1,"Plan Width": 4,"Actual Startup Time": 0.043,"Actual Total Time": 0.045,"Actual Rows": 1,"Actual Loops": 3,"Filter": "(r_name = 'EUROPE'::bpchar)","Rows Removed by Filter": 4,"Workers": []}]}]}]}]},{"Node Type": "Index Scan","Parent Relationship": "Inner","Parallel Aware": false,"Async Capable": false,"Scan Direction": "Forward","Index Name": "idx_orders_custkey","Relation Name": "orders","Alias": "orders","Startup Cost": 0.43,"Total Cost": 1.55,"Plan Rows": 3,"Plan Width": 8,"Actual Startup Time": 0.017,"Actual Total Time": 0.040,"Actual Rows": 2,"Actual Loops": 30197,"Index Cond": "(o_custkey = customer.c_custkey)","Rows Removed by Index Recheck": 0,"Filter": "((o_orderdate >= '1994-01-01'::date) AND (o_orderdate < '1995-01-01 00:00:00'::timestamp without time zone))","Rows Removed by Filter": 9,"Workers": []}]},{"Node Type": "Index Scan","Parent Relationship": "Inner","Parallel Aware": false,"Async Capable": false,"Scan Direction": "Forward","Index Name": "idx_lineitem_orderkey","Relation Name": "lineitem","Alias": "lineitem","Startup Cost": 0.43,"Total Cost": 2.84,"Plan Rows": 17,"Plan Width": 20,"Actual Startup Time": 0.017,"Actual Total Time": 0.019,"Actual Rows": 4,"Actual Loops": 46093,"Index Cond": "(l_orderkey = orders.o_orderkey)","Rows Removed by Index Recheck": 0,"Workers": []}]},{"Node Type": "Hash","Parent Relationship": "Inner","Parallel Aware": false,"Async Capable": false,"Startup Cost": 322.00,"Total Cost": 322.00,"Plan Rows": 10000,"Plan Width": 8,"Actual Startup Time": 10.479,"Actual Total Time": 10.484,"Actual Rows": 10000,"Actual Loops": 3,"Hash Buckets": 16384,"Original Hash Buckets": 16384,"Hash Batches": 1,"Original Hash Batches": 1,"Peak Memory Usage": 519,"Workers": [],"Plans": [{"Node Type": "Seq Scan","Parent Relationship": "Outer","Parallel Aware": false,"Async Capable": false,"Relation Name": "supplier","Alias": "supplier","Startup Cost": 0.00,"Total Cost": 322.00,"Plan Rows": 10000,"Plan Width": 8,"Actual Startup Time": 0.042,"Actual Total Time": 8.711,"Actual Rows": 10000,"Actual Loops": 3,"Workers": []}]}]}]}]}]}]}]},"Planning Time": 9.647,"Triggers": [],"Execution Time": 867.883}]
[{"Plan": {"Node Type": "Sort","Parallel Aware": false,"Async Capable": false,"Startup Cost": 21565.81,"Total Cost": 21565.87,"Plan Rows": 25,"Plan Width": 136,"Actual Startup Time": 831.835,"Actual Total Time": 873.525,"Actual Rows": 5,"Actual Loops": 1,"Sort Key": ["(sum((lineitem.l_extendedprice * ('1'::numeric - lineitem.l_discount)))) DESC"],"Sort Method": "quicksort","Sort Space Used": 25,"Sort Space Type": "Memory","Plans": [{"Node Type": "Aggregate","Strategy": "Sorted","Partial Mode": "Finalize","Parent Relationship": "Outer","Parallel Aware": false,"Async Capable": false,"Startup Cost": 21550.86,"Total Cost": 21565.23,"Plan Rows": 25,"Plan Width": 136,"Actual Startup Time": 831.274,"Actual Total Time": 873.480,"Actual Rows": 5,"Actual Loops": 1,"Group Key": ["nation.n_name"],"Plans": [{"Node Type": "Gather Merge","Parent Relationship": "Outer","Parallel Aware": false,"Async Capable": false,"Startup Cost": 21550.86,"Total Cost": 21564.54,"Plan Rows": 50,"Plan Width": 136,"Actual Startup Time": 830.694,"Actual Total Time": 873.427,"Actual Rows": 15,"Actual Loops": 1,"Workers Planned": 2,"Workers Launched": 2,"Plans": [{"Node Type": "Aggregate","Strategy": "Sorted","Partial Mode": "Partial","Parent Relationship": "Outer","Parallel Aware": false,"Async Capable": false,"Startup Cost": 20550.84,"Total Cost": 20558.75,"Plan Rows": 25,"Plan Width": 136,"Actual Startup Time": 822.251,"Actual Total Time": 823.046,"Actual Rows": 5,"Actual Loops": 3,"Group Key": ["nation.n_name"],"Workers": [],"Plans": [{"Node Type": "Sort","Parent Relationship": "Outer","Parallel Aware": false,"Async Capable": false,"Startup Cost": 20550.84,"Total Cost": 20552.36,"Plan Rows": 608,"Plan Width": 116,"Actual Startup Time": 822.034,"Actual Total Time": 822.187,"Actual Rows": 2330,"Actual Loops": 3,"Sort Key": ["nation.n_name"],"Sort Method": "quicksort","Sort Space Used": 287,"Sort Space Type": "Memory","Workers": [{"Worker Number": 0,"Sort Method": "quicksort","Sort Space Used": 271,"Sort Space Type": "Memory"},{"Worker Number": 1,"Sort Method": "quicksort","Sort Space Used": 278,"Sort Space Type": "Memory"}],"Plans": [{"Node Type": "Hash Join","Parent Relationship": "Outer","Parallel Aware": false,"Async Capable": false,"Join Type": "Inner","Startup Cost": 475.27,"Total Cost": 20522.72,"Plan Rows": 608,"Plan Width": 116,"Actual Startup Time": 11.715,"Actual Total Time": 820.536,"Actual Rows": 2330,"Actual Loops": 3,"Inner Unique": true,"Hash Cond": "((lineitem.l_suppkey = supplier.s_suppkey) AND (customer.c_nationkey = supplier.s_nationkey))","Workers": [],"Plans": [{"Node Type": "Nested Loop","Parent Relationship": "Outer","Parallel Aware": false,"Async Capable": false,"Join Type": "Inner","Startup Cost": 3.27,"Total Cost": 19970.84,"Plan Rows": 15215,"Plan Width": 128,"Actual Startup Time": 0.848,"Actual Total Time": 777.711,"Actual Rows": 60416,"Actual Loops": 3,"Inner Unique": false,"Workers": [],"Plans": [{"Node Type": "Nested Loop","Parent Relationship": "Outer","Parallel Aware": false,"Async Capable": false,"Join Type": "Inner","Startup Cost": 2.84,"Total Cost": 8414.26,"Plan Rows": 3803,"Plan Width": 116,"Actual Startup Time": 0.710,"Actual Total Time": 470.008,"Actual Rows": 15150,"Actual Loops": 3,"Inner Unique": false,"Workers": [],"Plans": [{"Node Type": "Hash Join","Parent Relationship": "Outer","Parallel Aware": false,"Async Capable": false,"Join Type": "Inner","Startup Cost": 2.41,"Total Cost": 4471.79,"Plan Rows": 2500,"Plan Width": 116,"Actual Startup Time": 0.302,"Actual Total Time": 60.810,"Actual Rows": 9921,"Actual Loops": 3,"Inner Unique": false,"Hash Cond": "(customer.c_nationkey = nation.n_nationkey)","Workers": [],"Plans": [{"Node Type": "Seq Scan","Parent Relationship": "Outer","Parallel Aware": true,"Async Capable": false,"Relation Name": "customer","Alias": "customer","Startup Cost": 0.00,"Total Cost": 4210.00,"Plan Rows": 62500,"Plan Width": 8,"Actual Startup Time": 0.020,"Actual Total Time": 10.219,"Actual Rows": 50000,"Actual Loops": 3,"Workers": []},{"Node Type": "Hash","Parent Relationship": "Inner","Parallel Aware": false,"Async Capable": false,"Startup Cost": 2.40,"Total Cost": 2.40,"Plan Rows": 1,"Plan Width": 108,"Actual Startup Time": 0.183,"Actual Total Time": 0.205,"Actual Rows": 5,"Actual Loops": 3,"Hash Buckets": 1024,"Original Hash Buckets": 1024,"Hash Batches": 1,"Original Hash Batches": 1,"Peak Memory Usage": 9,"Workers": [],"Plans": [{"Node Type": "Hash Join","Parent Relationship": "Outer","Parallel Aware": false,"Async Capable": false,"Join Type": "Inner","Startup Cost": 1.07,"Total Cost": 2.40,"Plan Rows": 1,"Plan Width": 108,"Actual Startup Time": 0.167,"Actual Total Time": 0.195,"Actual Rows": 5,"Actual Loops": 3,"Inner Unique": true,"Hash Cond": "(nation.n_regionkey = region.r_regionkey)","Workers": [],"Plans": [{"Node Type": "Seq Scan","Parent Relationship": "Outer","Parallel Aware": false,"Async Capable": false,"Relation Name": "nation","Alias": "nation","Startup Cost": 0.00,"Total Cost": 1.25,"Plan Rows": 25,"Plan Width": 112,"Actual Startup Time": 0.065,"Actual Total Time": 0.070,"Actual Rows": 25,"Actual Loops": 3,"Workers": []},{"Node Type": "Hash","Parent Relationship": "Inner","Parallel Aware": false,"Async Capable": false,"Startup Cost": 1.06,"Total Cost": 1.06,"Plan Rows": 1,"Plan Width": 4,"Actual Startup Time": 0.074,"Actual Total Time": 0.079,"Actual Rows": 1,"Actual Loops": 3,"Hash Buckets": 1024,"Original Hash Buckets": 1024,"Hash Batches": 1,"Original Hash Batches": 1,"Peak Memory Usage": 9,"Workers": [],"Plans": [{"Node Type": "Seq Scan","Parent Relationship": "Outer","Parallel Aware": false,"Async Capable": false,"Relation Name": "region","Alias": "region","Startup Cost": 0.00,"Total Cost": 1.06,"Plan Rows": 1,"Plan Width": 4,"Actual Startup Time": 0.049,"Actual Total Time": 0.053,"Actual Rows": 1,"Actual Loops": 3,"Filter": "(r_name = 'AFRICA'::bpchar)","Rows Removed by Filter": 4,"Workers": []}]}]}]}]},{"Node Type": "Index Scan","Parent Relationship": "Inner","Parallel Aware": false,"Async Capable": false,"Scan Direction": "Forward","Index Name": "idx_orders_custkey","Relation Name": "orders","Alias": "orders","Startup Cost": 0.43,"Total Cost": 1.55,"Plan Rows": 3,"Plan Width": 8,"Actual Startup Time": 0.018,"Actual Total Time": 0.041,"Actual Rows": 2,"Actual Loops": 29764,"Index Cond": "(o_custkey = customer.c_custkey)","Rows Removed by Index Recheck": 0,"Filter": "((o_orderdate >= '1997-01-01'::date) AND (o_orderdate < '1998-01-01 00:00:00'::timestamp without time zone))","Rows Removed by Filter": 9,"Workers": []}]},{"Node Type": "Index Scan","Parent Relationship": "Inner","Parallel Aware": false,"Async Capable": false,"Scan Direction": "Forward","Index Name": "idx_lineitem_orderkey","Relation Name": "lineitem","Alias": "lineitem","Startup Cost": 0.43,"Total Cost": 2.87,"Plan Rows": 17,"Plan Width": 20,"Actual Startup Time": 0.017,"Actual Total Time": 0.020,"Actual Rows": 4,"Actual Loops": 45450,"Index Cond": "(l_orderkey = orders.o_orderkey)","Rows Removed by Index Recheck": 0,"Workers": []}]},{"Node Type": "Hash","Parent Relationship": "Inner","Parallel Aware": false,"Async Capable": false,"Startup Cost": 322.00,"Total Cost": 322.00,"Plan Rows": 10000,"Plan Width": 8,"Actual Startup Time": 8.425,"Actual Total Time": 8.430,"Actual Rows": 10000,"Actual Loops": 3,"Hash Buckets": 16384,"Original Hash Buckets": 16384,"Hash Batches": 1,"Original Hash Batches": 1,"Peak Memory Usage": 519,"Workers": [],"Plans": [{"Node Type": "Seq Scan","Parent Relationship": "Outer","Parallel Aware": false,"Async Capable": false,"Relation Name": "supplier","Alias": "supplier","Startup Cost": 0.00,"Total Cost": 322.00,"Plan Rows": 10000,"Plan Width": 8,"Actual Startup Time": 0.044,"Actual Total Time": 6.920,"Actual Rows": 10000,"Actual Loops": 3,"Workers": []}]}]}]}]}]}]}]},"Planning Time": 9.220,"Triggers": [],"Execution Time": 874.104}]
[{"Plan": {"Node Type": "Sort","Parallel Aware": false,"Async Capable": false,"Startup Cost": 21522.30,"Total Cost": 21522.36,"Plan Rows": 25,"Plan Width": 136,"Actual Startup Time": 808.723,"Actual Total Time": 839.996,"Actual Rows": 5,"Actual Loops": 1,"Sort Key": ["(sum((lineitem.l_extendedprice * ('1'::numeric - lineitem.l_discount)))) DESC"],"Sort Method": "quicksort","Sort Space Used": 25,"Sort Space Type": "Memory","Plans": [{"Node Type": "Aggregate","Strategy": "Sorted","Partial Mode": "Finalize","Parent Relationship": "Outer","Parallel Aware": false,"Async Capable": false,"Startup Cost": 21507.43,"Total Cost": 21521.72,"Plan Rows": 25,"Plan Width": 136,"Actual Startup Time": 808.168,"Actual Total Time": 839.947,"Actual Rows": 5,"Actual Loops": 1,"Group Key": ["nation.n_name"],"Plans": [{"Node Type": "Gather Merge","Parent Relationship": "Outer","Parallel Aware": false,"Async Capable": false,"Startup Cost": 21507.43,"Total Cost": 21521.03,"Plan Rows": 50,"Plan Width": 136,"Actual Startup Time": 807.495,"Actual Total Time": 839.892,"Actual Rows": 15,"Actual Loops": 1,"Workers Planned": 2,"Workers Launched": 2,"Plans": [{"Node Type": "Aggregate","Strategy": "Sorted","Partial Mode": "Partial","Parent Relationship": "Outer","Parallel Aware": false,"Async Capable": false,"Startup Cost": 20507.41,"Total Cost": 20515.23,"Plan Rows": 25,"Plan Width": 136,"Actual Startup Time": 799.534,"Actual Total Time": 800.383,"Actual Rows": 5,"Actual Loops": 3,"Group Key": ["nation.n_name"],"Workers": [],"Plans": [{"Node Type": "Sort","Parent Relationship": "Outer","Parallel Aware": false,"Async Capable": false,"Startup Cost": 20507.41,"Total Cost": 20508.91,"Plan Rows": 601,"Plan Width": 116,"Actual Startup Time": 799.319,"Actual Total Time": 799.466,"Actual Rows": 2431,"Actual Loops": 3,"Sort Key": ["nation.n_name"],"Sort Method": "quicksort","Sort Space Used": 290,"Sort Space Type": "Memory","Workers": [{"Worker Number": 0,"Sort Method": "quicksort","Sort Space Used": 286,"Sort Space Type": "Memory"},{"Worker Number": 1,"Sort Method": "quicksort","Sort Space Used": 283,"Sort Space Type": "Memory"}],"Plans": [{"Node Type": "Hash Join","Parent Relationship": "Outer","Parallel Aware": false,"Async Capable": false,"Join Type": "Inner","Startup Cost": 475.27,"Total Cost": 20479.67,"Plan Rows": 601,"Plan Width": 116,"Actual Startup Time": 15.141,"Actual Total Time": 797.817,"Actual Rows": 2431,"Actual Loops": 3,"Inner Unique": true,"Hash Cond": "((lineitem.l_suppkey = supplier.s_suppkey) AND (customer.c_nationkey = supplier.s_nationkey))","Workers": [],"Plans": [{"Node Type": "Nested Loop","Parent Relationship": "Outer","Parallel Aware": false,"Async Capable": false,"Join Type": "Inner","Startup Cost": 3.27,"Total Cost": 19928.78,"Plan Rows": 15027,"Plan Width": 128,"Actual Startup Time": 0.731,"Actual Total Time": 752.135,"Actual Rows": 59947,"Actual Loops": 3,"Inner Unique": false,"Workers": [],"Plans": [{"Node Type": "Nested Loop","Parent Relationship": "Outer","Parallel Aware": false,"Async Capable": false,"Join Type": "Inner","Startup Cost": 2.84,"Total Cost": 8414.26,"Plan Rows": 3756,"Plan Width": 116,"Actual Startup Time": 0.592,"Actual Total Time": 450.459,"Actual Rows": 14972,"Actual Loops": 3,"Inner Unique": false,"Workers": [],"Plans": [{"Node Type": "Hash Join","Parent Relationship": "Outer","Parallel Aware": false,"Async Capable": false,"Join Type": "Inner","Startup Cost": 2.41,"Total Cost": 4471.79,"Plan Rows": 2500,"Plan Width": 116,"Actual Startup Time": 0.291,"Actual Total Time": 55.680,"Actual Rows": 9968,"Actual Loops": 3,"Inner Unique": false,"Hash Cond": "(customer.c_nationkey = nation.n_nationkey)","Workers": [],"Plans": [{"Node Type": "Seq Scan","Parent Relationship": "Outer","Parallel Aware": true,"Async Capable": false,"Relation Name": "customer","Alias": "customer","Startup Cost": 0.00,"Total Cost": 4210.00,"Plan Rows": 62500,"Plan Width": 8,"Actual Startup Time": 0.021,"Actual Total Time": 9.583,"Actual Rows": 50000,"Actual Loops": 3,"Workers": []},{"Node Type": "Hash","Parent Relationship": "Inner","Parallel Aware": false,"Async Capable": false,"Startup Cost": 2.40,"Total Cost": 2.40,"Plan Rows": 1,"Plan Width": 108,"Actual Startup Time": 0.165,"Actual Total Time": 0.187,"Actual Rows": 5,"Actual Loops": 3,"Hash Buckets": 1024,"Original Hash Buckets": 1024,"Hash Batches": 1,"Original Hash Batches": 1,"Peak Memory Usage": 9,"Workers": [],"Plans": [{"Node Type": "Hash Join","Parent Relationship": "Outer","Parallel Aware": false,"Async Capable": false,"Join Type": "Inner","Startup Cost": 1.07,"Total Cost": 2.40,"Plan Rows": 1,"Plan Width": 108,"Actual Startup Time": 0.151,"Actual Total Time": 0.177,"Actual Rows": 5,"Actual Loops": 3,"Inner Unique": true,"Hash Cond": "(nation.n_regionkey = region.r_regionkey)","Workers": [],"Plans": [{"Node Type": "Seq Scan","Parent Relationship": "Outer","Parallel Aware": false,"Async Capable": false,"Relation Name": "nation","Alias": "nation","Startup Cost": 0.00,"Total Cost": 1.25,"Plan Rows": 25,"Plan Width": 112,"Actual Startup Time": 0.067,"Actual Total Time": 0.072,"Actual Rows": 25,"Actual Loops": 3,"Workers": []},{"Node Type": "Hash","Parent Relationship": "Inner","Parallel Aware": false,"Async Capable": false,"Startup Cost": 1.06,"Total Cost": 1.06,"Plan Rows": 1,"Plan Width": 4,"Actual Startup Time": 0.055,"Actual Total Time": 0.063,"Actual Rows": 1,"Actual Loops": 3,"Hash Buckets": 1024,"Original Hash Buckets": 1024,"Hash Batches": 1,"Original Hash Batches": 1,"Peak Memory Usage": 9,"Workers": [],"Plans": [{"Node Type": "Seq Scan","Parent Relationship": "Outer","Parallel Aware": false,"Async Capable": false,"Relation Name": "region","Alias": "region","Startup Cost": 0.00,"Total Cost": 1.06,"Plan Rows": 1,"Plan Width": 4,"Actual Startup Time": 0.042,"Actual Total Time": 0.044,"Actual Rows": 1,"Actual Loops": 3,"Filter": "(r_name = 'MIDDLE EAST'::bpchar)","Rows Removed by Filter": 4,"Workers": []}]}]}]}]},{"Node Type": "Index Scan","Parent Relationship": "Inner","Parallel Aware": false,"Async Capable": false,"Scan Direction": "Forward","Index Name": "idx_orders_custkey","Relation Name": "orders","Alias": "orders","Startup Cost": 0.43,"Total Cost": 1.55,"Plan Rows": 3,"Plan Width": 8,"Actual Startup Time": 0.017,"Actual Total Time": 0.039,"Actual Rows": 2,"Actual Loops": 29904,"Index Cond": "(o_custkey = customer.c_custkey)","Rows Removed by Index Recheck": 0,"Filter": "((o_orderdate >= '1993-01-01'::date) AND (o_orderdate < '1994-01-01 00:00:00'::timestamp without time zone))","Rows Removed by Filter": 8,"Workers": []}]},{"Node Type": "Index Scan","Parent Relationship": "Inner","Parallel Aware": false,"Async Capable": false,"Scan Direction": "Forward","Index Name": "idx_lineitem_orderkey","Relation Name": "lineitem","Alias": "lineitem","Startup Cost": 0.43,"Total Cost": 2.90,"Plan Rows": 17,"Plan Width": 20,"Actual Startup Time": 0.017,"Actual Total Time": 0.019,"Actual Rows": 4,"Actual Loops": 44917,"Index Cond": "(l_orderkey = orders.o_orderkey)","Rows Removed by Index Recheck": 0,"Workers": []}]},{"Node Type": "Hash","Parent Relationship": "Inner","Parallel Aware": false,"Async Capable": false,"Startup Cost": 322.00,"Total Cost": 322.00,"Plan Rows": 10000,"Plan Width": 8,"Actual Startup Time": 13.351,"Actual Total Time": 13.355,"Actual Rows": 10000,"Actual Loops": 3,"Hash Buckets": 16384,"Original Hash Buckets": 16384,"Hash Batches": 1,"Original Hash Batches": 1,"Peak Memory Usage": 519,"Workers": [],"Plans": [{"Node Type": "Seq Scan","Parent Relationship": "Outer","Parallel Aware": false,"Async Capable": false,"Relation Name": "supplier","Alias": "supplier","Startup Cost": 0.00,"Total Cost": 322.00,"Plan Rows": 10000,"Plan Width": 8,"Actual Startup Time": 0.056,"Actual Total Time": 11.541,"Actual Rows": 10000,"Actual Loops": 3,"Workers": []}]}]}]}]}]}]}]},"Planning Time": 9.915,"Triggers": [],"Execution Time": 840.541}]
[{"Plan": {"Node Type": "Sort","Parallel Aware": false,"Async Capable": false,"Startup Cost": 21616.39,"Total Cost": 21616.45,"Plan Rows": 25,"Plan Width": 136,"Actual Startup Time": 848.991,"Actual Total Time": 881.316,"Actual Rows": 5,"Actual Loops": 1,"Sort Key": ["(sum((lineitem.l_extendedprice * ('1'::numeric - lineitem.l_discount)))) DESC"],"Sort Method": "quicksort","Sort Space Used": 25,"Sort Space Type": "Memory","Plans": [{"Node Type": "Aggregate","Strategy": "Sorted","Partial Mode": "Finalize","Parent Relationship": "Outer","Parallel Aware": false,"Async Capable": false,"Startup Cost": 21601.33,"Total Cost": 21615.81,"Plan Rows": 25,"Plan Width": 136,"Actual Startup Time": 848.402,"Actual Total Time": 881.262,"Actual Rows": 5,"Actual Loops": 1,"Group Key": ["nation.n_name"],"Plans": [{"Node Type": "Gather Merge","Parent Relationship": "Outer","Parallel Aware": false,"Async Capable": false,"Startup Cost": 21601.33,"Total Cost": 21615.12,"Plan Rows": 50,"Plan Width": 136,"Actual Startup Time": 848.176,"Actual Total Time": 881.211,"Actual Rows": 15,"Actual Loops": 1,"Workers Planned": 2,"Workers Launched": 2,"Plans": [{"Node Type": "Aggregate","Strategy": "Sorted","Partial Mode": "Partial","Parent Relationship": "Outer","Parallel Aware": false,"Async Capable": false,"Startup Cost": 20601.30,"Total Cost": 20609.33,"Plan Rows": 25,"Plan Width": 136,"Actual Startup Time": 841.096,"Actual Total Time": 841.805,"Actual Rows": 5,"Actual Loops": 3,"Group Key": ["nation.n_name"],"Workers": [],"Plans": [{"Node Type": "Sort","Parent Relationship": "Outer","Parallel Aware": false,"Async Capable": false,"Startup Cost": 20601.30,"Total Cost": 20602.85,"Plan Rows": 617,"Plan Width": 116,"Actual Startup Time": 840.878,"Actual Total Time": 841.005,"Actual Rows": 2453,"Actual Loops": 3,"Sort Key": ["nation.n_name"],"Sort Method": "quicksort","Sort Space Used": 289,"Sort Space Type": "Memory","Workers": [{"Worker Number": 0,"Sort Method": "quicksort","Sort Space Used": 295,"Sort Space Type": "Memory"},{"Worker Number": 1,"Sort Method": "quicksort","Sort Space Used": 281,"Sort Space Type": "Memory"}],"Plans": [{"Node Type": "Hash Join","Parent Relationship": "Outer","Parallel Aware": false,"Async Capable": false,"Join Type": "Inner","Startup Cost": 475.27,"Total Cost": 20572.71,"Plan Rows": 617,"Plan Width": 116,"Actual Startup Time": 10.379,"Actual Total Time": 839.260,"Actual Rows": 2453,"Actual Loops": 3,"Inner Unique": true,"Hash Cond": "((lineitem.l_suppkey = supplier.s_suppkey) AND (customer.c_nationkey = supplier.s_nationkey))","Workers": [],"Plans": [{"Node Type": "Nested Loop","Parent Relationship": "Outer","Parallel Aware": false,"Async Capable": false,"Join Type": "Inner","Startup Cost": 3.27,"Total Cost": 20019.70,"Plan Rows": 15431,"Plan Width": 128,"Actual Startup Time": 0.539,"Actual Total Time": 793.839,"Actual Rows": 61906,"Actual Loops": 3,"Inner Unique": false,"Workers": [],"Plans": [{"Node Type": "Nested Loop","Parent Relationship": "Outer","Parallel Aware": false,"Async Capable": false,"Join Type": "Inner","Startup Cost": 2.84,"Total Cost": 8414.26,"Plan Rows": 3857,"Plan Width": 116,"Actual Startup Time": 0.431,"Actual Total Time": 473.927,"Actual Rows": 15506,"Actual Loops": 3,"Inner Unique": false,"Workers": [],"Plans": [{"Node Type": "Hash Join","Parent Relationship": "Outer","Parallel Aware": false,"Async Capable": false,"Join Type": "Inner","Startup Cost": 2.41,"Total Cost": 4471.79,"Plan Rows": 2500,"Plan Width": 116,"Actual Startup Time": 0.234,"Actual Total Time": 55.451,"Actual Rows": 10066,"Actual Loops": 3,"Inner Unique": false,"Hash Cond": "(customer.c_nationkey = nation.n_nationkey)","Workers": [],"Plans": [{"Node Type": "Seq Scan","Parent Relationship": "Outer","Parallel Aware": true,"Async Capable": false,"Relation Name": "customer","Alias": "customer","Startup Cost": 0.00,"Total Cost": 4210.00,"Plan Rows": 62500,"Plan Width": 8,"Actual Startup Time": 0.019,"Actual Total Time": 9.720,"Actual Rows": 50000,"Actual Loops": 3,"Workers": []},{"Node Type": "Hash","Parent Relationship": "Inner","Parallel Aware": false,"Async Capable": false,"Startup Cost": 2.40,"Total Cost": 2.40,"Plan Rows": 1,"Plan Width": 108,"Actual Startup Time": 0.128,"Actual Total Time": 0.148,"Actual Rows": 5,"Actual Loops": 3,"Hash Buckets": 1024,"Original Hash Buckets": 1024,"Hash Batches": 1,"Original Hash Batches": 1,"Peak Memory Usage": 9,"Workers": [],"Plans": [{"Node Type": "Hash Join","Parent Relationship": "Outer","Parallel Aware": false,"Async Capable": false,"Join Type": "Inner","Startup Cost": 1.07,"Total Cost": 2.40,"Plan Rows": 1,"Plan Width": 108,"Actual Startup Time": 0.115,"Actual Total Time": 0.137,"Actual Rows": 5,"Actual Loops": 3,"Inner Unique": true,"Hash Cond": "(nation.n_regionkey = region.r_regionkey)","Workers": [],"Plans": [{"Node Type": "Seq Scan","Parent Relationship": "Outer","Parallel Aware": false,"Async Capable": false,"Relation Name": "nation","Alias": "nation","Startup Cost": 0.00,"Total Cost": 1.25,"Plan Rows": 25,"Plan Width": 112,"Actual Startup Time": 0.040,"Actual Total Time": 0.044,"Actual Rows": 25,"Actual Loops": 3,"Workers": []},{"Node Type": "Hash","Parent Relationship": "Inner","Parallel Aware": false,"Async Capable": false,"Startup Cost": 1.06,"Total Cost": 1.06,"Plan Rows": 1,"Plan Width": 4,"Actual Startup Time": 0.046,"Actual Total Time": 0.051,"Actual Rows": 1,"Actual Loops": 3,"Hash Buckets": 1024,"Original Hash Buckets": 1024,"Hash Batches": 1,"Original Hash Batches": 1,"Peak Memory Usage": 9,"Workers": [],"Plans": [{"Node Type": "Seq Scan","Parent Relationship": "Outer","Parallel Aware": false,"Async Capable": false,"Relation Name": "region","Alias": "region","Startup Cost": 0.00,"Total Cost": 1.06,"Plan Rows": 1,"Plan Width": 4,"Actual Startup Time": 0.033,"Actual Total Time": 0.034,"Actual Rows": 1,"Actual Loops": 3,"Filter": "(r_name = 'EUROPE'::bpchar)","Rows Removed by Filter": 4,"Workers": []}]}]}]}]},{"Node Type": "Index Scan","Parent Relationship": "Inner","Parallel Aware": false,"Async Capable": false,"Scan Direction": "Forward","Index Name": "idx_orders_custkey","Relation Name": "orders","Alias": "orders","Startup Cost": 0.43,"Total Cost": 1.55,"Plan Rows": 3,"Plan Width": 8,"Actual Startup Time": 0.017,"Actual Total Time": 0.041,"Actual Rows": 2,"Actual Loops": 30197,"Index Cond": "(o_custkey = customer.c_custkey)","Rows Removed by Index Recheck": 0,"Filter": "((o_orderdate >= '1996-01-01'::date) AND (o_orderdate < '1997-01-01 00:00:00'::timestamp without time zone))","Rows Removed by Filter": 9,"Workers": []}]},{"Node Type": "Index Scan","Parent Relationship": "Inner","Parallel Aware": false,"Async Capable": false,"Scan Direction": "Forward","Index Name": "idx_lineitem_orderkey","Relation Name": "lineitem","Alias": "lineitem","Startup Cost": 0.43,"Total Cost": 2.84,"Plan Rows": 17,"Plan Width": 20,"Actual Startup Time": 0.017,"Actual Total Time": 0.020,"Actual Rows": 4,"Actual Loops": 46518,"Index Cond": "(l_orderkey = orders.o_orderkey)","Rows Removed by Index Recheck": 0,"Workers": []}]},{"Node Type": "Hash","Parent Relationship": "Inner","Parallel Aware": false,"Async Capable": false,"Startup Cost": 322.00,"Total Cost": 322.00,"Plan Rows": 10000,"Plan Width": 8,"Actual Startup Time": 8.337,"Actual Total Time": 8.340,"Actual Rows": 10000,"Actual Loops": 3,"Hash Buckets": 16384,"Original Hash Buckets": 16384,"Hash Batches": 1,"Original Hash Batches": 1,"Peak Memory Usage": 519,"Workers": [],"Plans": [{"Node Type": "Seq Scan","Parent Relationship": "Outer","Parallel Aware": false,"Async Capable": false,"Relation Name": "supplier","Alias": "supplier","Startup Cost": 0.00,"Total Cost": 322.00,"Plan Rows": 10000,"Plan Width": 8,"Actual Startup Time": 0.039,"Actual Total Time": 6.479,"Actual Rows": 10000,"Actual Loops": 3,"Workers": []}]}]}]}]}]}]}]},"Planning Time": 9.377,"Triggers": [],"Execution Time": 881.912}]
[{"Plan": {"Node Type": "Sort","Parallel Aware": false,"Async Capable": false,"Startup Cost": 21612.43,"Total Cost": 21612.50,"Plan Rows": 25,"Plan Width": 136,"Actual Startup Time": 832.616,"Actual Total Time": 862.680,"Actual Rows": 5,"Actual Loops": 1,"Sort Key": ["(sum((lineitem.l_extendedprice * ('1'::numeric - lineitem.l_discount)))) DESC"],"Sort Method": "quicksort","Sort Space Used": 25,"Sort Space Type": "Memory","Plans": [{"Node Type": "Aggregate","Strategy": "Sorted","Partial Mode": "Finalize","Parent Relationship": "Outer","Parallel Aware": false,"Async Capable": false,"Startup Cost": 21597.38,"Total Cost": 21611.85,"Plan Rows": 25,"Plan Width": 136,"Actual Startup Time": 832.009,"Actual Total Time": 862.637,"Actual Rows": 5,"Actual Loops": 1,"Group Key": ["nation.n_name"],"Plans": [{"Node Type": "Gather Merge","Parent Relationship": "Outer","Parallel Aware": false,"Async Capable": false,"Startup Cost": 21597.38,"Total Cost": 21611.17,"Plan Rows": 50,"Plan Width": 136,"Actual Startup Time": 831.804,"Actual Total Time": 862.590,"Actual Rows": 15,"Actual Loops": 1,"Workers Planned": 2,"Workers Launched": 2,"Plans": [{"Node Type": "Aggregate","Strategy": "Sorted","Partial Mode": "Partial","Parent Relationship": "Outer","Parallel Aware": false,"Async Capable": false,"Startup Cost": 20597.36,"Total Cost": 20605.37,"Plan Rows": 25,"Plan Width": 136,"Actual Startup Time": 824.333,"Actual Total Time": 825.038,"Actual Rows": 5,"Actual Loops": 3,"Group Key": ["nation.n_name"],"Workers": [],"Plans": [{"Node Type": "Sort","Parent Relationship": "Outer","Parallel Aware": false,"Async Capable": false,"Startup Cost": 20597.36,"Total Cost": 20598.90,"Plan Rows": 616,"Plan Width": 116,"Actual Startup Time": 824.137,"Actual Total Time": 824.256,"Actual Rows": 2417,"Actual Loops": 3,"Sort Key": ["nation.n_name"],"Sort Method": "quicksort","Sort Space Used": 288,"Sort Space Type": "Memory","Workers": [{"Worker Number": 0,"Sort Method": "quicksort","Sort Space Used": 280,"Sort Space Type": "Memory"},{"Worker Number": 1,"Sort Method": "quicksort","Sort Space Used": 288,"Sort Space Type": "Memory"}],"Plans": [{"Node Type": "Hash Join","Parent Relationship": "Outer","Parallel Aware": false,"Async Capable": false,"Join Type": "Inner","Startup Cost": 475.27,"Total Cost": 20568.82,"Plan Rows": 616,"Plan Width": 116,"Actual Startup Time": 12.703,"Actual Total Time": 822.671,"Actual Rows": 2417,"Actual Loops": 3,"Inner Unique": true,"Hash Cond": "((lineitem.l_suppkey = supplier.s_suppkey) AND (customer.c_nationkey = supplier.s_nationkey))","Workers": [],"Plans": [{"Node Type": "Nested Loop","Parent Relationship": "Outer","Parallel Aware": false,"Async Capable": false,"Join Type": "Inner","Startup Cost": 3.27,"Total Cost": 20015.89,"Plan Rows": 15415,"Plan Width": 128,"Actual Startup Time": 0.571,"Actual Total Time": 776.984,"Actual Rows": 59997,"Actual Loops": 3,"Inner Unique": false,"Workers": [],"Plans": [{"Node Type": "Nested Loop","Parent Relationship": "Outer","Parallel Aware": false,"Async Capable": false,"Join Type": "Inner","Startup Cost": 2.84,"Total Cost": 8414.26,"Plan Rows": 3853,"Plan Width": 116,"Actual Startup Time": 0.454,"Actual Total Time": 470.088,"Actual Rows": 15003,"Actual Loops": 3,"Inner Unique": false,"Workers": [],"Plans": [{"Node Type": "Hash Join","Parent Relationship": "Outer","Parallel Aware": false,"Async Capable": false,"Join Type": "Inner","Startup Cost": 2.41,"Total Cost": 4471.79,"Plan Rows": 2500,"Plan Width": 116,"Actual Startup Time": 0.227,"Actual Total Time": 60.370,"Actual Rows": 9968,"Actual Loops": 3,"Inner Unique": false,"Hash Cond": "(customer.c_nationkey = nation.n_nationkey)","Workers": [],"Plans": [{"Node Type": "Seq Scan","Parent Relationship": "Outer","Parallel Aware": true,"Async Capable": false,"Relation Name": "customer","Alias": "customer","Startup Cost": 0.00,"Total Cost": 4210.00,"Plan Rows": 62500,"Plan Width": 8,"Actual Startup Time": 0.013,"Actual Total Time": 10.099,"Actual Rows": 50000,"Actual Loops": 3,"Workers": []},{"Node Type": "Hash","Parent Relationship": "Inner","Parallel Aware": false,"Async Capable": false,"Startup Cost": 2.40,"Total Cost": 2.40,"Plan Rows": 1,"Plan Width": 108,"Actual Startup Time": 0.138,"Actual Total Time": 0.150,"Actual Rows": 5,"Actual Loops": 3,"Hash Buckets": 1024,"Original Hash Buckets": 1024,"Hash Batches": 1,"Original Hash Batches": 1,"Peak Memory Usage": 9,"Workers": [],"Plans": [{"Node Type": "Hash Join","Parent Relationship": "Outer","Parallel Aware": false,"Async Capable": false,"Join Type": "Inner","Startup Cost": 1.07,"Total Cost": 2.40,"Plan Rows": 1,"Plan Width": 108,"Actual Startup Time": 0.125,"Actual Total Time": 0.142,"Actual Rows": 5,"Actual Loops": 3,"Inner Unique": true,"Hash Cond": "(nation.n_regionkey = region.r_regionkey)","Workers": [],"Plans": [{"Node Type": "Seq Scan","Parent Relationship": "Outer","Parallel Aware": false,"Async Capable": false,"Relation Name": "nation","Alias": "nation","Startup Cost": 0.00,"Total Cost": 1.25,"Plan Rows": 25,"Plan Width": 112,"Actual Startup Time": 0.044,"Actual Total Time": 0.047,"Actual Rows": 25,"Actual Loops": 3,"Workers": []},{"Node Type": "Hash","Parent Relationship": "Inner","Parallel Aware": false,"Async Capable": false,"Startup Cost": 1.06,"Total Cost": 1.06,"Plan Rows": 1,"Plan Width": 4,"Actual Startup Time": 0.054,"Actual Total Time": 0.057,"Actual Rows": 1,"Actual Loops": 3,"Hash Buckets": 1024,"Original Hash Buckets": 1024,"Hash Batches": 1,"Original Hash Batches": 1,"Peak Memory Usage": 9,"Workers": [],"Plans": [{"Node Type": "Seq Scan","Parent Relationship": "Outer","Parallel Aware": false,"Async Capable": false,"Relation Name": "region","Alias": "region","Startup Cost": 0.00,"Total Cost": 1.06,"Plan Rows": 1,"Plan Width": 4,"Actual Startup Time": 0.039,"Actual Total Time": 0.040,"Actual Rows": 1,"Actual Loops": 3,"Filter": "(r_name = 'MIDDLE EAST'::bpchar)","Rows Removed by Filter": 4,"Workers": []}]}]}]}]},{"Node Type": "Index Scan","Parent Relationship": "Inner","Parallel Aware": false,"Async Capable": false,"Scan Direction": "Forward","Index Name": "idx_orders_custkey","Relation Name": "orders","Alias": "orders","Startup Cost": 0.43,"Total Cost": 1.55,"Plan Rows": 3,"Plan Width": 8,"Actual Startup Time": 0.017,"Actual Total Time": 0.041,"Actual Rows": 2,"Actual Loops": 29904,"Index Cond": "(o_custkey = customer.c_custkey)","Rows Removed by Index Recheck": 0,"Filter": "((o_orderdate >= '1994-01-01'::date) AND (o_orderdate < '1995-01-01 00:00:00'::timestamp without time zone))","Rows Removed by Filter": 8,"Workers": []}]},{"Node Type": "Index Scan","Parent Relationship": "Inner","Parallel Aware": false,"Async Capable": false,"Scan Direction": "Forward","Index Name": "idx_lineitem_orderkey","Relation Name": "lineitem","Alias": "lineitem","Startup Cost": 0.43,"Total Cost": 2.84,"Plan Rows": 17,"Plan Width": 20,"Actual Startup Time": 0.017,"Actual Total Time": 0.020,"Actual Rows": 4,"Actual Loops": 45009,"Index Cond": "(l_orderkey = orders.o_orderkey)","Rows Removed by Index Recheck": 0,"Workers": []}]},{"Node Type": "Hash","Parent Relationship": "Inner","Parallel Aware": false,"Async Capable": false,"Startup Cost": 322.00,"Total Cost": 322.00,"Plan Rows": 10000,"Plan Width": 8,"Actual Startup Time": 11.133,"Actual Total Time": 11.135,"Actual Rows": 10000,"Actual Loops": 3,"Hash Buckets": 16384,"Original Hash Buckets": 16384,"Hash Batches": 1,"Original Hash Batches": 1,"Peak Memory Usage": 519,"Workers": [],"Plans": [{"Node Type": "Seq Scan","Parent Relationship": "Outer","Parallel Aware": false,"Async Capable": false,"Relation Name": "supplier","Alias": "supplier","Startup Cost": 0.00,"Total Cost": 322.00,"Plan Rows": 10000,"Plan Width": 8,"Actual Startup Time": 0.042,"Actual Total Time": 9.282,"Actual Rows": 10000,"Actual Loops": 3,"Workers": []}]}]}]}]}]}]}]},"Planning Time": 10.906,"Triggers": [],"Execution Time": 863.139}]
[{"Plan": {"Node Type": "Sort","Parallel Aware": false,"Async Capable": false,"Startup Cost": 21616.39,"Total Cost": 21616.45,"Plan Rows": 25,"Plan Width": 136,"Actual Startup Time": 848.991,"Actual Total Time": 881.316,"Actual Rows": 5,"Actual Loops": 1,"Sort Key": ["(sum((lineitem.l_extendedprice * ('1'::numeric - lineitem.l_discount)))) DESC"],"Sort Method": "quicksort","Sort Space Used": 25,"Sort Space Type": "Memory","Plans": [{"Node Type": "Aggregate","Strategy": "Sorted","Partial Mode": "Finalize","Parent Relationship": "Outer","Parallel Aware": false,"Async Capable": false,"Startup Cost": 21601.33,"Total Cost": 21615.81,"Plan Rows": 25,"Plan Width": 136,"Actual Startup Time": 848.402,"Actual Total Time": 881.262,"Actual Rows": 5,"Actual Loops": 1,"Group Key": ["nation.n_name"],"Plans": [{"Node Type": "Gather Merge","Parent Relationship": "Outer","Parallel Aware": false,"Async Capable": false,"Startup Cost": 21601.33,"Total Cost": 21615.12,"Plan Rows": 50,"Plan Width": 136,"Actual Startup Time": 848.176,"Actual Total Time": 881.211,"Actual Rows": 15,"Actual Loops": 1,"Workers Planned": 2,"Workers Launched": 2,"Plans": [{"Node Type": "Aggregate","Strategy": "Sorted","Partial Mode": "Partial","Parent Relationship": "Outer","Parallel Aware": false,"Async Capable": false,"Startup Cost": 20601.30,"Total Cost": 20609.33,"Plan Rows": 25,"Plan Width": 136,"Actual Startup Time": 841.096,"Actual Total Time": 841.805,"Actual Rows": 5,"Actual Loops": 3,"Group Key": ["nation.n_name"],"Workers": [],"Plans": [{"Node Type": "Sort","Parent Relationship": "Outer","Parallel Aware": false,"Async Capable": false,"Startup Cost": 20601.30,"Total Cost": 20602.85,"Plan Rows": 617,"Plan Width": 116,"Actual Startup Time": 840.878,"Actual Total Time": 841.005,"Actual Rows": 2453,"Actual Loops": 3,"Sort Key": ["nation.n_name"],"Sort Method": "quicksort","Sort Space Used": 289,"Sort Space Type": "Memory","Workers": [{"Worker Number": 0,"Sort Method": "quicksort","Sort Space Used": 295,"Sort Space Type": "Memory"},{"Worker Number": 1,"Sort Method": "quicksort","Sort Space Used": 281,"Sort Space Type": "Memory"}],"Plans": [{"Node Type": "Hash Join","Parent Relationship": "Outer","Parallel Aware": false,"Async Capable": false,"Join Type": "Inner","Startup Cost": 475.27,"Total Cost": 20572.71,"Plan Rows": 617,"Plan Width": 116,"Actual Startup Time": 10.379,"Actual Total Time": 839.260,"Actual Rows": 2453,"Actual Loops": 3,"Inner Unique": true,"Hash Cond": "((lineitem.l_suppkey = supplier.s_suppkey) AND (customer.c_nationkey = supplier.s_nationkey))","Workers": [],"Plans": [{"Node Type": "Nested Loop","Parent Relationship": "Outer","Parallel Aware": false,"Async Capable": false,"Join Type": "Inner","Startup Cost": 3.27,"Total Cost": 20019.70,"Plan Rows": 15431,"Plan Width": 128,"Actual Startup Time": 0.539,"Actual Total Time": 793.839,"Actual Rows": 61906,"Actual Loops": 3,"Inner Unique": false,"Workers": [],"Plans": [{"Node Type": "Nested Loop","Parent Relationship": "Outer","Parallel Aware": false,"Async Capable": false,"Join Type": "Inner","Startup Cost": 2.84,"Total Cost": 8414.26,"Plan Rows": 3857,"Plan Width": 116,"Actual Startup Time": 0.431,"Actual Total Time": 473.927,"Actual Rows": 15506,"Actual Loops": 3,"Inner Unique": false,"Workers": [],"Plans": [{"Node Type": "Hash Join","Parent Relationship": "Outer","Parallel Aware": false,"Async Capable": false,"Join Type": "Inner","Startup Cost": 2.41,"Total Cost": 4471.79,"Plan Rows": 2500,"Plan Width": 116,"Actual Startup Time": 0.234,"Actual Total Time": 55.451,"Actual Rows": 10066,"Actual Loops": 3,"Inner Unique": false,"Hash Cond": "(customer.c_nationkey = nation.n_nationkey)","Workers": [],"Plans": [{"Node Type": "Seq Scan","Parent Relationship": "Outer","Parallel Aware": true,"Async Capable": false,"Relation Name": "customer","Alias": "customer","Startup Cost": 0.00,"Total Cost": 4210.00,"Plan Rows": 62500,"Plan Width": 8,"Actual Startup Time": 0.019,"Actual Total Time": 9.720,"Actual Rows": 50000,"Actual Loops": 3,"Workers": []},{"Node Type": "Hash","Parent Relationship": "Inner","Parallel Aware": false,"Async Capable": false,"Startup Cost": 2.40,"Total Cost": 2.40,"Plan Rows": 1,"Plan Width": 108,"Actual Startup Time": 0.128,"Actual Total Time": 0.148,"Actual Rows": 5,"Actual Loops": 3,"Hash Buckets": 1024,"Original Hash Buckets": 1024,"Hash Batches": 1,"Original Hash Batches": 1,"Peak Memory Usage": 9,"Workers": [],"Plans": [{"Node Type": "Hash Join","Parent Relationship": "Outer","Parallel Aware": false,"Async Capable": false,"Join Type": "Inner","Startup Cost": 1.07,"Total Cost": 2.40,"Plan Rows": 1,"Plan Width": 108,"Actual Startup Time": 0.115,"Actual Total Time": 0.137,"Actual Rows": 5,"Actual Loops": 3,"Inner Unique": true,"Hash Cond": "(nation.n_regionkey = region.r_regionkey)","Workers": [],"Plans": [{"Node Type": "Seq Scan","Parent Relationship": "Outer","Parallel Aware": false,"Async Capable": false,"Relation Name": "nation","Alias": "nation","Startup Cost": 0.00,"Total Cost": 1.25,"Plan Rows": 25,"Plan Width": 112,"Actual Startup Time": 0.040,"Actual Total Time": 0.044,"Actual Rows": 25,"Actual Loops": 3,"Workers": []},{"Node Type": "Hash","Parent Relationship": "Inner","Parallel Aware": false,"Async Capable": false,"Startup Cost": 1.06,"Total Cost": 1.06,"Plan Rows": 1,"Plan Width": 4,"Actual Startup Time": 0.046,"Actual Total Time": 0.051,"Actual Rows": 1,"Actual Loops": 3,"Hash Buckets": 1024,"Original Hash Buckets": 1024,"Hash Batches": 1,"Original Hash Batches": 1,"Peak Memory Usage": 9,"Workers": [],"Plans": [{"Node Type": "Seq Scan","Parent Relationship": "Outer","Parallel Aware": false,"Async Capable": false,"Relation Name": "region","Alias": "region","Startup Cost": 0.00,"Total Cost": 1.06,"Plan Rows": 1,"Plan Width": 4,"Actual Startup Time": 0.033,"Actual Total Time": 0.034,"Actual Rows": 1,"Actual Loops": 3,"Filter": "(r_name = 'EUROPE'::bpchar)","Rows Removed by Filter": 4,"Workers": []}]}]}]}]},{"Node Type": "Index Scan","Parent Relationship": "Inner","Parallel Aware": false,"Async Capable": false,"Scan Direction": "Forward","Index Name": "idx_orders_custkey","Relation Name": "orders","Alias": "orders","Startup Cost": 0.43,"Total Cost": 1.55,"Plan Rows": 3,"Plan Width": 8,"Actual Startup Time": 0.017,"Actual Total Time": 0.041,"Actual Rows": 2,"Actual Loops": 30197,"Index Cond": "(o_custkey = customer.c_custkey)","Rows Removed by Index Recheck": 0,"Filter": "((o_orderdate >= '1996-01-01'::date) AND (o_orderdate < '1997-01-01 00:00:00'::timestamp without time zone))","Rows Removed by Filter": 9,"Workers": []}]},{"Node Type": "Index Scan","Parent Relationship": "Inner","Parallel Aware": false,"Async Capable": false,"Scan Direction": "Forward","Index Name": "idx_lineitem_orderkey","Relation Name": "lineitem","Alias": "lineitem","Startup Cost": 0.43,"Total Cost": 2.84,"Plan Rows": 17,"Plan Width": 20,"Actual Startup Time": 0.017,"Actual Total Time": 0.020,"Actual Rows": 4,"Actual Loops": 46518,"Index Cond": "(l_orderkey = orders.o_orderkey)","Rows Removed by Index Recheck": 0,"Workers": []}]},{"Node Type": "Hash","Parent Relationship": "Inner","Parallel Aware": false,"Async Capable": false,"Startup Cost": 322.00,"Total Cost": 322.00,"Plan Rows": 10000,"Plan Width": 8,"Actual Startup Time": 8.337,"Actual Total Time": 8.340,"Actual Rows": 10000,"Actual Loops": 3,"Hash Buckets": 16384,"Original Hash Buckets": 16384,"Hash Batches": 1,"Original Hash Batches": 1,"Peak Memory Usage": 519,"Workers": [],"Plans": [{"Node Type": "Seq Scan","Parent Relationship": "Outer","Parallel Aware": false,"Async Capable": false,"Relation Name": "supplier","Alias": "supplier","Startup Cost": 0.00,"Total Cost": 322.00,"Plan Rows": 10000,"Plan Width": 8,"Actual Startup Time": 0.039,"Actual Total Time": 6.479,"Actual Rows": 10000,"Actual Loops": 3,"Workers": []}]}]}]}]}]}]}]},"Planning Time": 9.377,"Triggers": [],"Execution Time": 881.912}]
[{"Plan": {"Node Type": "Sort","Parallel Aware": false,"Async Capable": false,"Startup Cost": 21616.39,"Total Cost": 21616.45,"Plan Rows": 25,"Plan Width": 136,"Actual Startup Time": 848.991,"Actual Total Time": 881.316,"Actual Rows": 5,"Actual Loops": 1,"Sort Key": ["(sum((lineitem.l_extendedprice * ('1'::numeric - lineitem.l_discount)))) DESC"],"Sort Method": "quicksort","Sort Space Used": 25,"Sort Space Type": "Memory","Plans": [{"Node Type": "Aggregate","Strategy": "Sorted","Partial Mode": "Finalize","Parent Relationship": "Outer","Parallel Aware": false,"Async Capable": false,"Startup Cost": 21601.33,"Total Cost": 21615.81,"Plan Rows": 25,"Plan Width": 136,"Actual Startup Time": 848.402,"Actual Total Time": 881.262,"Actual Rows": 5,"Actual Loops": 1,"Group Key": ["nation.n_name"],"Plans": [{"Node Type": "Gather Merge","Parent Relationship": "Outer","Parallel Aware": false,"Async Capable": false,"Startup Cost": 21601.33,"Total Cost": 21615.12,"Plan Rows": 50,"Plan Width": 136,"Actual Startup Time": 848.176,"Actual Total Time": 881.211,"Actual Rows": 15,"Actual Loops": 1,"Workers Planned": 2,"Workers Launched": 2,"Plans": [{"Node Type": "Aggregate","Strategy": "Sorted","Partial Mode": "Partial","Parent Relationship": "Outer","Parallel Aware": false,"Async Capable": false,"Startup Cost": 20601.30,"Total Cost": 20609.33,"Plan Rows": 25,"Plan Width": 136,"Actual Startup Time": 841.096,"Actual Total Time": 841.805,"Actual Rows": 5,"Actual Loops": 3,"Group Key": ["nation.n_name"],"Workers": [],"Plans": [{"Node Type": "Sort","Parent Relationship": "Outer","Parallel Aware": false,"Async Capable": false,"Startup Cost": 20601.30,"Total Cost": 20602.85,"Plan Rows": 617,"Plan Width": 116,"Actual Startup Time": 840.878,"Actual Total Time": 841.005,"Actual Rows": 2453,"Actual Loops": 3,"Sort Key": ["nation.n_name"],"Sort Method": "quicksort","Sort Space Used": 289,"Sort Space Type": "Memory","Workers": [{"Worker Number": 0,"Sort Method": "quicksort","Sort Space Used": 295,"Sort Space Type": "Memory"},{"Worker Number": 1,"Sort Method": "quicksort","Sort Space Used": 281,"Sort Space Type": "Memory"}],"Plans": [{"Node Type": "Hash Join","Parent Relationship": "Outer","Parallel Aware": false,"Async Capable": false,"Join Type": "Inner","Startup Cost": 475.27,"Total Cost": 20572.71,"Plan Rows": 617,"Plan Width": 116,"Actual Startup Time": 10.379,"Actual Total Time": 839.260,"Actual Rows": 2453,"Actual Loops": 3,"Inner Unique": true,"Hash Cond": "((lineitem.l_suppkey = supplier.s_suppkey) AND (customer.c_nationkey = supplier.s_nationkey))","Workers": [],"Plans": [{"Node Type": "Nested Loop","Parent Relationship": "Outer","Parallel Aware": false,"Async Capable": false,"Join Type": "Inner","Startup Cost": 3.27,"Total Cost": 20019.70,"Plan Rows": 15431,"Plan Width": 128,"Actual Startup Time": 0.539,"Actual Total Time": 793.839,"Actual Rows": 61906,"Actual Loops": 3,"Inner Unique": false,"Workers": [],"Plans": [{"Node Type": "Nested Loop","Parent Relationship": "Outer","Parallel Aware": false,"Async Capable": false,"Join Type": "Inner","Startup Cost": 2.84,"Total Cost": 8414.26,"Plan Rows": 3857,"Plan Width": 116,"Actual Startup Time": 0.431,"Actual Total Time": 473.927,"Actual Rows": 15506,"Actual Loops": 3,"Inner Unique": false,"Workers": [],"Plans": [{"Node Type": "Hash Join","Parent Relationship": "Outer","Parallel Aware": false,"Async Capable": false,"Join Type": "Inner","Startup Cost": 2.41,"Total Cost": 4471.79,"Plan Rows": 2500,"Plan Width": 116,"Actual Startup Time": 0.234,"Actual Total Time": 55.451,"Actual Rows": 10066,"Actual Loops": 3,"Inner Unique": false,"Hash Cond": "(customer.c_nationkey = nation.n_nationkey)","Workers": [],"Plans": [{"Node Type": "Seq Scan","Parent Relationship": "Outer","Parallel Aware": true,"Async Capable": false,"Relation Name": "customer","Alias": "customer","Startup Cost": 0.00,"Total Cost": 4210.00,"Plan Rows": 62500,"Plan Width": 8,"Actual Startup Time": 0.019,"Actual Total Time": 9.720,"Actual Rows": 50000,"Actual Loops": 3,"Workers": []},{"Node Type": "Hash","Parent Relationship": "Inner","Parallel Aware": false,"Async Capable": false,"Startup Cost": 2.40,"Total Cost": 2.40,"Plan Rows": 1,"Plan Width": 108,"Actual Startup Time": 0.128,"Actual Total Time": 0.148,"Actual Rows": 5,"Actual Loops": 3,"Hash Buckets": 1024,"Original Hash Buckets": 1024,"Hash Batches": 1,"Original Hash Batches": 1,"Peak Memory Usage": 9,"Workers": [],"Plans": [{"Node Type": "Hash Join","Parent Relationship": "Outer","Parallel Aware": false,"Async Capable": false,"Join Type": "Inner","Startup Cost": 1.07,"Total Cost": 2.40,"Plan Rows": 1,"Plan Width": 108,"Actual Startup Time": 0.115,"Actual Total Time": 0.137,"Actual Rows": 5,"Actual Loops": 3,"Inner Unique": true,"Hash Cond": "(nation.n_regionkey = region.r_regionkey)","Workers": [],"Plans": [{"Node Type": "Seq Scan","Parent Relationship": "Outer","Parallel Aware": false,"Async Capable": false,"Relation Name": "nation","Alias": "nation","Startup Cost": 0.00,"Total Cost": 1.25,"Plan Rows": 25,"Plan Width": 112,"Actual Startup Time": 0.040,"Actual Total Time": 0.044,"Actual Rows": 25,"Actual Loops": 3,"Workers": []},{"Node Type": "Hash","Parent Relationship": "Inner","Parallel Aware": false,"Async Capable": false,"Startup Cost": 1.06,"Total Cost": 1.06,"Plan Rows": 1,"Plan Width": 4,"Actual Startup Time": 0.046,"Actual Total Time": 0.051,"Actual Rows": 1,"Actual Loops": 3,"Hash Buckets": 1024,"Original Hash Buckets": 1024,"Hash Batches": 1,"Original Hash Batches": 1,"Peak Memory Usage": 9,"Workers": [],"Plans": [{"Node Type": "Seq Scan","Parent Relationship": "Outer","Parallel Aware": false,"Async Capable": false,"Relation Name": "region","Alias": "region","Startup Cost": 0.00,"Total Cost": 1.06,"Plan Rows": 1,"Plan Width": 4,"Actual Startup Time": 0.033,"Actual Total Time": 0.034,"Actual Rows": 1,"Actual Loops": 3,"Filter": "(r_name = 'EUROPE'::bpchar)","Rows Removed by Filter": 4,"Workers": []}]}]}]}]},{"Node Type": "Index Scan","Parent Relationship": "Inner","Parallel Aware": false,"Async Capable": false,"Scan Direction": "Forward","Index Name": "idx_orders_custkey","Relation Name": "orders","Alias": "orders","Startup Cost": 0.43,"Total Cost": 1.55,"Plan Rows": 3,"Plan Width": 8,"Actual Startup Time": 0.017,"Actual Total Time": 0.041,"Actual Rows": 2,"Actual Loops": 30197,"Index Cond": "(o_custkey = customer.c_custkey)","Rows Removed by Index Recheck": 0,"Filter": "((o_orderdate >= '1996-01-01'::date) AND (o_orderdate < '1997-01-01 00:00:00'::timestamp without time zone))","Rows Removed by Filter": 9,"Workers": []}]},{"Node Type": "Index Scan","Parent Relationship": "Inner","Parallel Aware": false,"Async Capable": false,"Scan Direction": "Forward","Index Name": "idx_lineitem_orderkey","Relation Name": "lineitem","Alias": "lineitem","Startup Cost": 0.43,"Total Cost": 2.84,"Plan Rows": 17,"Plan Width": 20,"Actual Startup Time": 0.017,"Actual Total Time": 0.020,"Actual Rows": 4,"Actual Loops": 46518,"Index Cond": "(l_orderkey = orders.o_orderkey)","Rows Removed by Index Recheck": 0,"Workers": []}]},{"Node Type": "Hash","Parent Relationship": "Inner","Parallel Aware": false,"Async Capable": false,"Startup Cost": 322.00,"Total Cost": 322.00,"Plan Rows": 10000,"Plan Width": 8,"Actual Startup Time": 8.337,"Actual Total Time": 8.340,"Actual Rows": 10000,"Actual Loops": 3,"Hash Buckets": 16384,"Original Hash Buckets": 16384,"Hash Batches": 1,"Original Hash Batches": 1,"Peak Memory Usage": 519,"Workers": [],"Plans": [{"Node Type": "Seq Scan","Parent Relationship": "Outer","Parallel Aware": false,"Async Capable": false,"Relation Name": "supplier","Alias": "supplier","Startup Cost": 0.00,"Total Cost": 322.00,"Plan Rows": 10000,"Plan Width": 8,"Actual Startup Time": 0.039,"Actual Total Time": 6.479,"Actual Rows": 10000,"Actual Loops": 3,"Workers": []}]}]}]}]}]}]}]},"Planning Time": 9.377,"Triggers": [],"Execution Time": 881.912}]
[{"Plan": {"Node Type": "Sort","Parallel Aware": false,"Async Capable": false,"Startup Cost": 21616.39,"Total Cost": 21616.45,"Plan Rows": 25,"Plan Width": 136,"Actual Startup Time": 800.578,"Actual Total Time": 832.005,"Actual Rows": 5,"Actual Loops": 1,"Sort Key": ["(sum((lineitem.l_extendedprice * ('1'::numeric - lineitem.l_discount)))) DESC"],"Sort Method": "quicksort","Sort Space Used": 25,"Sort Space Type": "Memory","Plans": [{"Node Type": "Aggregate","Strategy": "Sorted","Partial Mode": "Finalize","Parent Relationship": "Outer","Parallel Aware": false,"Async Capable": false,"Startup Cost": 21601.33,"Total Cost": 21615.81,"Plan Rows": 25,"Plan Width": 136,"Actual Startup Time": 800.055,"Actual Total Time": 831.951,"Actual Rows": 5,"Actual Loops": 1,"Group Key": ["nation.n_name"],"Plans": [{"Node Type": "Gather Merge","Parent Relationship": "Outer","Parallel Aware": false,"Async Capable": false,"Startup Cost": 21601.33,"Total Cost": 21615.12,"Plan Rows": 50,"Plan Width": 136,"Actual Startup Time": 799.526,"Actual Total Time": 831.902,"Actual Rows": 15,"Actual Loops": 1,"Workers Planned": 2,"Workers Launched": 2,"Plans": [{"Node Type": "Aggregate","Strategy": "Sorted","Partial Mode": "Partial","Parent Relationship": "Outer","Parallel Aware": false,"Async Capable": false,"Startup Cost": 20601.30,"Total Cost": 20609.33,"Plan Rows": 25,"Plan Width": 136,"Actual Startup Time": 791.250,"Actual Total Time": 792.033,"Actual Rows": 5,"Actual Loops": 3,"Group Key": ["nation.n_name"],"Workers": [],"Plans": [{"Node Type": "Sort","Parent Relationship": "Outer","Parallel Aware": false,"Async Capable": false,"Startup Cost": 20601.30,"Total Cost": 20602.85,"Plan Rows": 617,"Plan Width": 116,"Actual Startup Time": 791.028,"Actual Total Time": 791.162,"Actual Rows": 2347,"Actual Loops": 3,"Sort Key": ["nation.n_name"],"Sort Method": "quicksort","Sort Space Used": 275,"Sort Space Type": "Memory","Workers": [{"Worker Number": 0,"Sort Method": "quicksort","Sort Space Used": 280,"Sort Space Type": "Memory"},{"Worker Number": 1,"Sort Method": "quicksort","Sort Space Used": 284,"Sort Space Type": "Memory"}],"Plans": [{"Node Type": "Hash Join","Parent Relationship": "Outer","Parallel Aware": false,"Async Capable": false,"Join Type": "Inner","Startup Cost": 475.27,"Total Cost": 20572.71,"Plan Rows": 617,"Plan Width": 116,"Actual Startup Time": 14.089,"Actual Total Time": 789.451,"Actual Rows": 2347,"Actual Loops": 3,"Inner Unique": true,"Hash Cond": "((lineitem.l_suppkey = supplier.s_suppkey) AND (customer.c_nationkey = supplier.s_nationkey))","Workers": [],"Plans": [{"Node Type": "Nested Loop","Parent Relationship": "Outer","Parallel Aware": false,"Async Capable": false,"Join Type": "Inner","Startup Cost": 3.27,"Total Cost": 20019.70,"Plan Rows": 15431,"Plan Width": 128,"Actual Startup Time": 0.813,"Actual Total Time": 745.242,"Actual Rows": 60682,"Actual Loops": 3,"Inner Unique": false,"Workers": [],"Plans": [{"Node Type": "Nested Loop","Parent Relationship": "Outer","Parallel Aware": false,"Async Capable": false,"Join Type": "Inner","Startup Cost": 2.84,"Total Cost": 8414.26,"Plan Rows": 3857,"Plan Width": 116,"Actual Startup Time": 0.648,"Actual Total Time": 445.539,"Actual Rows": 15117,"Actual Loops": 3,"Inner Unique": false,"Workers": [],"Plans": [{"Node Type": "Hash Join","Parent Relationship": "Outer","Parallel Aware": false,"Async Capable": false,"Join Type": "Inner","Startup Cost": 2.41,"Total Cost": 4471.79,"Plan Rows": 2500,"Plan Width": 116,"Actual Startup Time": 0.286,"Actual Total Time": 54.286,"Actual Rows": 9921,"Actual Loops": 3,"Inner Unique": false,"Hash Cond": "(customer.c_nationkey = nation.n_nationkey)","Workers": [],"Plans": [{"Node Type": "Seq Scan","Parent Relationship": "Outer","Parallel Aware": true,"Async Capable": false,"Relation Name": "customer","Alias": "customer","Startup Cost": 0.00,"Total Cost": 4210.00,"Plan Rows": 62500,"Plan Width": 8,"Actual Startup Time": 0.020,"Actual Total Time": 9.492,"Actual Rows": 50000,"Actual Loops": 3,"Workers": []},{"Node Type": "Hash","Parent Relationship": "Inner","Parallel Aware": false,"Async Capable": false,"Startup Cost": 2.40,"Total Cost": 2.40,"Plan Rows": 1,"Plan Width": 108,"Actual Startup Time": 0.159,"Actual Total Time": 0.178,"Actual Rows": 5,"Actual Loops": 3,"Hash Buckets": 1024,"Original Hash Buckets": 1024,"Hash Batches": 1,"Original Hash Batches": 1,"Peak Memory Usage": 9,"Workers": [],"Plans": [{"Node Type": "Hash Join","Parent Relationship": "Outer","Parallel Aware": false,"Async Capable": false,"Join Type": "Inner","Startup Cost": 1.07,"Total Cost": 2.40,"Plan Rows": 1,"Plan Width": 108,"Actual Startup Time": 0.141,"Actual Total Time": 0.166,"Actual Rows": 5,"Actual Loops": 3,"Inner Unique": true,"Hash Cond": "(nation.n_regionkey = region.r_regionkey)","Workers": [],"Plans": [{"Node Type": "Seq Scan","Parent Relationship": "Outer","Parallel Aware": false,"Async Capable": false,"Relation Name": "nation","Alias": "nation","Startup Cost": 0.00,"Total Cost": 1.25,"Plan Rows": 25,"Plan Width": 112,"Actual Startup Time": 0.054,"Actual Total Time": 0.058,"Actual Rows": 25,"Actual Loops": 3,"Workers": []},{"Node Type": "Hash","Parent Relationship": "Inner","Parallel Aware": false,"Async Capable": false,"Startup Cost": 1.06,"Total Cost": 1.06,"Plan Rows": 1,"Plan Width": 4,"Actual Startup Time": 0.057,"Actual Total Time": 0.062,"Actual Rows": 1,"Actual Loops": 3,"Hash Buckets": 1024,"Original Hash Buckets": 1024,"Hash Batches": 1,"Original Hash Batches": 1,"Peak Memory Usage": 9,"Workers": [],"Plans": [{"Node Type": "Seq Scan","Parent Relationship": "Outer","Parallel Aware": false,"Async Capable": false,"Relation Name": "region","Alias": "region","Startup Cost": 0.00,"Total Cost": 1.06,"Plan Rows": 1,"Plan Width": 4,"Actual Startup Time": 0.040,"Actual Total Time": 0.042,"Actual Rows": 1,"Actual Loops": 3,"Filter": "(r_name = 'AFRICA'::bpchar)","Rows Removed by Filter": 4,"Workers": []}]}]}]}]},{"Node Type": "Index Scan","Parent Relationship": "Inner","Parallel Aware": false,"Async Capable": false,"Scan Direction": "Forward","Index Name": "idx_orders_custkey","Relation Name": "orders","Alias": "orders","Startup Cost": 0.43,"Total Cost": 1.55,"Plan Rows": 3,"Plan Width": 8,"Actual Startup Time": 0.017,"Actual Total Time": 0.039,"Actual Rows": 2,"Actual Loops": 29764,"Index Cond": "(o_custkey = customer.c_custkey)","Rows Removed by Index Recheck": 0,"Filter": "((o_orderdate >= '1996-01-01'::date) AND (o_orderdate < '1997-01-01 00:00:00'::timestamp without time zone))","Rows Removed by Filter": 9,"Workers": []}]},{"Node Type": "Index Scan","Parent Relationship": "Inner","Parallel Aware": false,"Async Capable": false,"Scan Direction": "Forward","Index Name": "idx_lineitem_orderkey","Relation Name": "lineitem","Alias": "lineitem","Startup Cost": 0.43,"Total Cost": 2.84,"Plan Rows": 17,"Plan Width": 20,"Actual Startup Time": 0.016,"Actual Total Time": 0.019,"Actual Rows": 4,"Actual Loops": 45352,"Index Cond": "(l_orderkey = orders.o_orderkey)","Rows Removed by Index Recheck": 0,"Workers": []}]},{"Node Type": "Hash","Parent Relationship": "Inner","Parallel Aware": false,"Async Capable": false,"Startup Cost": 322.00,"Total Cost": 322.00,"Plan Rows": 10000,"Plan Width": 8,"Actual Startup Time": 12.144,"Actual Total Time": 12.150,"Actual Rows": 10000,"Actual Loops": 3,"Hash Buckets": 16384,"Original Hash Buckets": 16384,"Hash Batches": 1,"Original Hash Batches": 1,"Peak Memory Usage": 519,"Workers": [],"Plans": [{"Node Type": "Seq Scan","Parent Relationship": "Outer","Parallel Aware": false,"Async Capable": false,"Relation Name": "supplier","Alias": "supplier","Startup Cost": 0.00,"Total Cost": 322.00,"Plan Rows": 10000,"Plan Width": 8,"Actual Startup Time": 0.040,"Actual Total Time": 10.535,"Actual Rows": 10000,"Actual Loops": 3,"Workers": []}]}]}]}]}]}]}]},"Planning Time": 10.511,"Triggers": [],"Execution Time": 832.422}]
[{"Plan": {"Node Type": "Sort","Parallel Aware": false,"Async Capable": false,"Startup Cost": 21522.30,"Total Cost": 21522.36,"Plan Rows": 25,"Plan Width": 136,"Actual Startup Time": 808.723,"Actual Total Time": 839.996,"Actual Rows": 5,"Actual Loops": 1,"Sort Key": ["(sum((lineitem.l_extendedprice * ('1'::numeric - lineitem.l_discount)))) DESC"],"Sort Method": "quicksort","Sort Space Used": 25,"Sort Space Type": "Memory","Plans": [{"Node Type": "Aggregate","Strategy": "Sorted","Partial Mode": "Finalize","Parent Relationship": "Outer","Parallel Aware": false,"Async Capable": false,"Startup Cost": 21507.43,"Total Cost": 21521.72,"Plan Rows": 25,"Plan Width": 136,"Actual Startup Time": 808.168,"Actual Total Time": 839.947,"Actual Rows": 5,"Actual Loops": 1,"Group Key": ["nation.n_name"],"Plans": [{"Node Type": "Gather Merge","Parent Relationship": "Outer","Parallel Aware": false,"Async Capable": false,"Startup Cost": 21507.43,"Total Cost": 21521.03,"Plan Rows": 50,"Plan Width": 136,"Actual Startup Time": 807.495,"Actual Total Time": 839.892,"Actual Rows": 15,"Actual Loops": 1,"Workers Planned": 2,"Workers Launched": 2,"Plans": [{"Node Type": "Aggregate","Strategy": "Sorted","Partial Mode": "Partial","Parent Relationship": "Outer","Parallel Aware": false,"Async Capable": false,"Startup Cost": 20507.41,"Total Cost": 20515.23,"Plan Rows": 25,"Plan Width": 136,"Actual Startup Time": 799.534,"Actual Total Time": 800.383,"Actual Rows": 5,"Actual Loops": 3,"Group Key": ["nation.n_name"],"Workers": [],"Plans": [{"Node Type": "Sort","Parent Relationship": "Outer","Parallel Aware": false,"Async Capable": false,"Startup Cost": 20507.41,"Total Cost": 20508.91,"Plan Rows": 601,"Plan Width": 116,"Actual Startup Time": 799.319,"Actual Total Time": 799.466,"Actual Rows": 2431,"Actual Loops": 3,"Sort Key": ["nation.n_name"],"Sort Method": "quicksort","Sort Space Used": 290,"Sort Space Type": "Memory","Workers": [{"Worker Number": 0,"Sort Method": "quicksort","Sort Space Used": 286,"Sort Space Type": "Memory"},{"Worker Number": 1,"Sort Method": "quicksort","Sort Space Used": 283,"Sort Space Type": "Memory"}],"Plans": [{"Node Type": "Hash Join","Parent Relationship": "Outer","Parallel Aware": false,"Async Capable": false,"Join Type": "Inner","Startup Cost": 475.27,"Total Cost": 20479.67,"Plan Rows": 601,"Plan Width": 116,"Actual Startup Time": 15.141,"Actual Total Time": 797.817,"Actual Rows": 2431,"Actual Loops": 3,"Inner Unique": true,"Hash Cond": "((lineitem.l_suppkey = supplier.s_suppkey) AND (customer.c_nationkey = supplier.s_nationkey))","Workers": [],"Plans": [{"Node Type": "Nested Loop","Parent Relationship": "Outer","Parallel Aware": false,"Async Capable": false,"Join Type": "Inner","Startup Cost": 3.27,"Total Cost": 19928.78,"Plan Rows": 15027,"Plan Width": 128,"Actual Startup Time": 0.731,"Actual Total Time": 752.135,"Actual Rows": 59947,"Actual Loops": 3,"Inner Unique": false,"Workers": [],"Plans": [{"Node Type": "Nested Loop","Parent Relationship": "Outer","Parallel Aware": false,"Async Capable": false,"Join Type": "Inner","Startup Cost": 2.84,"Total Cost": 8414.26,"Plan Rows": 3756,"Plan Width": 116,"Actual Startup Time": 0.592,"Actual Total Time": 450.459,"Actual Rows": 14972,"Actual Loops": 3,"Inner Unique": false,"Workers": [],"Plans": [{"Node Type": "Hash Join","Parent Relationship": "Outer","Parallel Aware": false,"Async Capable": false,"Join Type": "Inner","Startup Cost": 2.41,"Total Cost": 4471.79,"Plan Rows": 2500,"Plan Width": 116,"Actual Startup Time": 0.291,"Actual Total Time": 55.680,"Actual Rows": 9968,"Actual Loops": 3,"Inner Unique": false,"Hash Cond": "(customer.c_nationkey = nation.n_nationkey)","Workers": [],"Plans": [{"Node Type": "Seq Scan","Parent Relationship": "Outer","Parallel Aware": true,"Async Capable": false,"Relation Name": "customer","Alias": "customer","Startup Cost": 0.00,"Total Cost": 4210.00,"Plan Rows": 62500,"Plan Width": 8,"Actual Startup Time": 0.021,"Actual Total Time": 9.583,"Actual Rows": 50000,"Actual Loops": 3,"Workers": []},{"Node Type": "Hash","Parent Relationship": "Inner","Parallel Aware": false,"Async Capable": false,"Startup Cost": 2.40,"Total Cost": 2.40,"Plan Rows": 1,"Plan Width": 108,"Actual Startup Time": 0.165,"Actual Total Time": 0.187,"Actual Rows": 5,"Actual Loops": 3,"Hash Buckets": 1024,"Original Hash Buckets": 1024,"Hash Batches": 1,"Original Hash Batches": 1,"Peak Memory Usage": 9,"Workers": [],"Plans": [{"Node Type": "Hash Join","Parent Relationship": "Outer","Parallel Aware": false,"Async Capable": false,"Join Type": "Inner","Startup Cost": 1.07,"Total Cost": 2.40,"Plan Rows": 1,"Plan Width": 108,"Actual Startup Time": 0.151,"Actual Total Time": 0.177,"Actual Rows": 5,"Actual Loops": 3,"Inner Unique": true,"Hash Cond": "(nation.n_regionkey = region.r_regionkey)","Workers": [],"Plans": [{"Node Type": "Seq Scan","Parent Relationship": "Outer","Parallel Aware": false,"Async Capable": false,"Relation Name": "nation","Alias": "nation","Startup Cost": 0.00,"Total Cost": 1.25,"Plan Rows": 25,"Plan Width": 112,"Actual Startup Time": 0.067,"Actual Total Time": 0.072,"Actual Rows": 25,"Actual Loops": 3,"Workers": []},{"Node Type": "Hash","Parent Relationship": "Inner","Parallel Aware": false,"Async Capable": false,"Startup Cost": 1.06,"Total Cost": 1.06,"Plan Rows": 1,"Plan Width": 4,"Actual Startup Time": 0.055,"Actual Total Time": 0.063,"Actual Rows": 1,"Actual Loops": 3,"Hash Buckets": 1024,"Original Hash Buckets": 1024,"Hash Batches": 1,"Original Hash Batches": 1,"Peak Memory Usage": 9,"Workers": [],"Plans": [{"Node Type": "Seq Scan","Parent Relationship": "Outer","Parallel Aware": false,"Async Capable": false,"Relation Name": "region","Alias": "region","Startup Cost": 0.00,"Total Cost": 1.06,"Plan Rows": 1,"Plan Width": 4,"Actual Startup Time": 0.042,"Actual Total Time": 0.044,"Actual Rows": 1,"Actual Loops": 3,"Filter": "(r_name = 'MIDDLE EAST'::bpchar)","Rows Removed by Filter": 4,"Workers": []}]}]}]}]},{"Node Type": "Index Scan","Parent Relationship": "Inner","Parallel Aware": false,"Async Capable": false,"Scan Direction": "Forward","Index Name": "idx_orders_custkey","Relation Name": "orders","Alias": "orders","Startup Cost": 0.43,"Total Cost": 1.55,"Plan Rows": 3,"Plan Width": 8,"Actual Startup Time": 0.017,"Actual Total Time": 0.039,"Actual Rows": 2,"Actual Loops": 29904,"Index Cond": "(o_custkey = customer.c_custkey)","Rows Removed by Index Recheck": 0,"Filter": "((o_orderdate >= '1993-01-01'::date) AND (o_orderdate < '1994-01-01 00:00:00'::timestamp without time zone))","Rows Removed by Filter": 8,"Workers": []}]},{"Node Type": "Index Scan","Parent Relationship": "Inner","Parallel Aware": false,"Async Capable": false,"Scan Direction": "Forward","Index Name": "idx_lineitem_orderkey","Relation Name": "lineitem","Alias": "lineitem","Startup Cost": 0.43,"Total Cost": 2.90,"Plan Rows": 17,"Plan Width": 20,"Actual Startup Time": 0.017,"Actual Total Time": 0.019,"Actual Rows": 4,"Actual Loops": 44917,"Index Cond": "(l_orderkey = orders.o_orderkey)","Rows Removed by Index Recheck": 0,"Workers": []}]},{"Node Type": "Hash","Parent Relationship": "Inner","Parallel Aware": false,"Async Capable": false,"Startup Cost": 322.00,"Total Cost": 322.00,"Plan Rows": 10000,"Plan Width": 8,"Actual Startup Time": 13.351,"Actual Total Time": 13.355,"Actual Rows": 10000,"Actual Loops": 3,"Hash Buckets": 16384,"Original Hash Buckets": 16384,"Hash Batches": 1,"Original Hash Batches": 1,"Peak Memory Usage": 519,"Workers": [],"Plans": [{"Node Type": "Seq Scan","Parent Relationship": "Outer","Parallel Aware": false,"Async Capable": false,"Relation Name": "supplier","Alias": "supplier","Startup Cost": 0.00,"Total Cost": 322.00,"Plan Rows": 10000,"Plan Width": 8,"Actual Startup Time": 0.056,"Actual Total Time": 11.541,"Actual Rows": 10000,"Actual Loops": 3,"Workers": []}]}]}]}]}]}]}]},"Planning Time": 9.915,"Triggers": [],"Execution Time": 840.541}]
[{"Plan": {"Node Type": "Sort","Parallel Aware": false,"Async Capable": false,"Startup Cost": 21565.24,"Total Cost": 21565.30,"Plan Rows": 25,"Plan Width": 136,"Actual Startup Time": 803.148,"Actual Total Time": 837.225,"Actual Rows": 5,"Actual Loops": 1,"Sort Key": ["(sum((lineitem.l_extendedprice * ('1'::numeric - lineitem.l_discount)))) DESC"],"Sort Method": "quicksort","Sort Space Used": 25,"Sort Space Type": "Memory","Plans": [{"Node Type": "Aggregate","Strategy": "Sorted","Partial Mode": "Finalize","Parent Relationship": "Outer","Parallel Aware": false,"Async Capable": false,"Startup Cost": 21550.29,"Total Cost": 21564.66,"Plan Rows": 25,"Plan Width": 136,"Actual Startup Time": 802.551,"Actual Total Time": 837.165,"Actual Rows": 5,"Actual Loops": 1,"Group Key": ["nation.n_name"],"Plans": [{"Node Type": "Gather Merge","Parent Relationship": "Outer","Parallel Aware": false,"Async Capable": false,"Startup Cost": 21550.29,"Total Cost": 21563.97,"Plan Rows": 50,"Plan Width": 136,"Actual Startup Time": 802.343,"Actual Total Time": 837.116,"Actual Rows": 15,"Actual Loops": 1,"Workers Planned": 2,"Workers Launched": 2,"Plans": [{"Node Type": "Aggregate","Strategy": "Sorted","Partial Mode": "Partial","Parent Relationship": "Outer","Parallel Aware": false,"Async Capable": false,"Startup Cost": 20550.26,"Total Cost": 20558.18,"Plan Rows": 25,"Plan Width": 136,"Actual Startup Time": 794.724,"Actual Total Time": 795.426,"Actual Rows": 5,"Actual Loops": 3,"Group Key": ["nation.n_name"],"Workers": [],"Plans": [{"Node Type": "Sort","Parent Relationship": "Outer","Parallel Aware": false,"Async Capable": false,"Startup Cost": 20550.26,"Total Cost": 20551.78,"Plan Rows": 608,"Plan Width": 116,"Actual Startup Time": 794.492,"Actual Total Time": 794.616,"Actual Rows": 2402,"Actual Loops": 3,"Sort Key": ["nation.n_name"],"Sort Method": "quicksort","Sort Space Used": 284,"Sort Space Type": "Memory","Workers": [{"Worker Number": 0,"Sort Method": "quicksort","Sort Space Used": 278,"Sort Space Type": "Memory"},{"Worker Number": 1,"Sort Method": "quicksort","Sort Space Used": 290,"Sort Space Type": "Memory"}],"Plans": [{"Node Type": "Hash Join","Parent Relationship": "Outer","Parallel Aware": false,"Async Capable": false,"Join Type": "Inner","Startup Cost": 475.27,"Total Cost": 20522.15,"Plan Rows": 608,"Plan Width": 116,"Actual Startup Time": 9.804,"Actual Total Time": 792.945,"Actual Rows": 2402,"Actual Loops": 3,"Inner Unique": true,"Hash Cond": "((lineitem.l_suppkey = supplier.s_suppkey) AND (customer.c_nationkey = supplier.s_nationkey))","Workers": [],"Plans": [{"Node Type": "Nested Loop","Parent Relationship": "Outer","Parallel Aware": false,"Async Capable": false,"Join Type": "Inner","Startup Cost": 3.27,"Total Cost": 19970.29,"Plan Rows": 15211,"Plan Width": 128,"Actual Startup Time": 0.739,"Actual Total Time": 751.905,"Actual Rows": 60896,"Actual Loops": 3,"Inner Unique": false,"Workers": [],"Plans": [{"Node Type": "Nested Loop","Parent Relationship": "Outer","Parallel Aware": false,"Async Capable": false,"Join Type": "Inner","Startup Cost": 2.84,"Total Cost": 8414.26,"Plan Rows": 3802,"Plan Width": 116,"Actual Startup Time": 0.610,"Actual Total Time": 448.155,"Actual Rows": 15274,"Actual Loops": 3,"Inner Unique": false,"Workers": [],"Plans": [{"Node Type": "Hash Join","Parent Relationship": "Outer","Parallel Aware": false,"Async Capable": false,"Join Type": "Inner","Startup Cost": 2.41,"Total Cost": 4471.79,"Plan Rows": 2500,"Plan Width": 116,"Actual Startup Time": 0.268,"Actual Total Time": 53.804,"Actual Rows": 9921,"Actual Loops": 3,"Inner Unique": false,"Hash Cond": "(customer.c_nationkey = nation.n_nationkey)","Workers": [],"Plans": [{"Node Type": "Seq Scan","Parent Relationship": "Outer","Parallel Aware": true,"Async Capable": false,"Relation Name": "customer","Alias": "customer","Startup Cost": 0.00,"Total Cost": 4210.00,"Plan Rows": 62500,"Plan Width": 8,"Actual Startup Time": 0.020,"Actual Total Time": 9.563,"Actual Rows": 50000,"Actual Loops": 3,"Workers": []},{"Node Type": "Hash","Parent Relationship": "Inner","Parallel Aware": false,"Async Capable": false,"Startup Cost": 2.40,"Total Cost": 2.40,"Plan Rows": 1,"Plan Width": 108,"Actual Startup Time": 0.161,"Actual Total Time": 0.176,"Actual Rows": 5,"Actual Loops": 3,"Hash Buckets": 1024,"Original Hash Buckets": 1024,"Hash Batches": 1,"Original Hash Batches": 1,"Peak Memory Usage": 9,"Workers": [],"Plans": [{"Node Type": "Hash Join","Parent Relationship": "Outer","Parallel Aware": false,"Async Capable": false,"Join Type": "Inner","Startup Cost": 1.07,"Total Cost": 2.40,"Plan Rows": 1,"Plan Width": 108,"Actual Startup Time": 0.143,"Actual Total Time": 0.167,"Actual Rows": 5,"Actual Loops": 3,"Inner Unique": true,"Hash Cond": "(nation.n_regionkey = region.r_regionkey)","Workers": [],"Plans": [{"Node Type": "Seq Scan","Parent Relationship": "Outer","Parallel Aware": false,"Async Capable": false,"Relation Name": "nation","Alias": "nation","Startup Cost": 0.00,"Total Cost": 1.25,"Plan Rows": 25,"Plan Width": 112,"Actual Startup Time": 0.052,"Actual Total Time": 0.056,"Actual Rows": 25,"Actual Loops": 3,"Workers": []},{"Node Type": "Hash","Parent Relationship": "Inner","Parallel Aware": false,"Async Capable": false,"Startup Cost": 1.06,"Total Cost": 1.06,"Plan Rows": 1,"Plan Width": 4,"Actual Startup Time": 0.061,"Actual Total Time": 0.066,"Actual Rows": 1,"Actual Loops": 3,"Hash Buckets": 1024,"Original Hash Buckets": 1024,"Hash Batches": 1,"Original Hash Batches": 1,"Peak Memory Usage": 9,"Workers": [],"Plans": [{"Node Type": "Seq Scan","Parent Relationship": "Outer","Parallel Aware": false,"Async Capable": false,"Relation Name": "region","Alias": "region","Startup Cost": 0.00,"Total Cost": 1.06,"Plan Rows": 1,"Plan Width": 4,"Actual Startup Time": 0.046,"Actual Total Time": 0.049,"Actual Rows": 1,"Actual Loops": 3,"Filter": "(r_name = 'AFRICA'::bpchar)","Rows Removed by Filter": 4,"Workers": []}]}]}]}]},{"Node Type": "Index Scan","Parent Relationship": "Inner","Parallel Aware": false,"Async Capable": false,"Scan Direction": "Forward","Index Name": "idx_orders_custkey","Relation Name": "orders","Alias": "orders","Startup Cost": 0.43,"Total Cost": 1.55,"Plan Rows": 3,"Plan Width": 8,"Actual Startup Time": 0.017,"Actual Total Time": 0.039,"Actual Rows": 2,"Actual Loops": 29764,"Index Cond": "(o_custkey = customer.c_custkey)","Rows Removed by Index Recheck": 0,"Filter": "((o_orderdate >= '1995-01-01'::date) AND (o_orderdate < '1996-01-01 00:00:00'::timestamp without time zone))","Rows Removed by Filter": 9,"Workers": []}]},{"Node Type": "Index Scan","Parent Relationship": "Inner","Parallel Aware": false,"Async Capable": false,"Scan Direction": "Forward","Index Name": "idx_lineitem_orderkey","Relation Name": "lineitem","Alias": "lineitem","Startup Cost": 0.43,"Total Cost": 2.87,"Plan Rows": 17,"Plan Width": 20,"Actual Startup Time": 0.017,"Actual Total Time": 0.019,"Actual Rows": 4,"Actual Loops": 45822,"Index Cond": "(l_orderkey = orders.o_orderkey)","Rows Removed by Index Recheck": 0,"Workers": []}]},{"Node Type": "Hash","Parent Relationship": "Inner","Parallel Aware": false,"Async Capable": false,"Startup Cost": 322.00,"Total Cost": 322.00,"Plan Rows": 10000,"Plan Width": 8,"Actual Startup Time": 8.249,"Actual Total Time": 8.253,"Actual Rows": 10000,"Actual Loops": 3,"Hash Buckets": 16384,"Original Hash Buckets": 16384,"Hash Batches": 1,"Original Hash Batches": 1,"Peak Memory Usage": 519,"Workers": [],"Plans": [{"Node Type": "Seq Scan","Parent Relationship": "Outer","Parallel Aware": false,"Async Capable": false,"Relation Name": "supplier","Alias": "supplier","Startup Cost": 0.00,"Total Cost": 322.00,"Plan Rows": 10000,"Plan Width": 8,"Actual Startup Time": 0.043,"Actual Total Time": 6.388,"Actual Rows": 10000,"Actual Loops": 3,"Workers": []}]}]}]}]}]}]}]},"Planning Time": 10.225,"Triggers": [],"Execution Time": 837.854}]
[{"Plan": {"Node Type": "Sort","Parallel Aware": false,"Async Capable": false,"Startup Cost": 21522.30,"Total Cost": 21522.36,"Plan Rows": 25,"Plan Width": 136,"Actual Startup Time": 801.786,"Actual Total Time": 833.013,"Actual Rows": 5,"Actual Loops": 1,"Sort Key": ["(sum((lineitem.l_extendedprice * ('1'::numeric - lineitem.l_discount)))) DESC"],"Sort Method": "quicksort","Sort Space Used": 25,"Sort Space Type": "Memory","Plans": [{"Node Type": "Aggregate","Strategy": "Sorted","Partial Mode": "Finalize","Parent Relationship": "Outer","Parallel Aware": false,"Async Capable": false,"Startup Cost": 21507.43,"Total Cost": 21521.72,"Plan Rows": 25,"Plan Width": 136,"Actual Startup Time": 801.172,"Actual Total Time": 832.958,"Actual Rows": 5,"Actual Loops": 1,"Group Key": ["nation.n_name"],"Plans": [{"Node Type": "Gather Merge","Parent Relationship": "Outer","Parallel Aware": false,"Async Capable": false,"Startup Cost": 21507.43,"Total Cost": 21521.03,"Plan Rows": 50,"Plan Width": 136,"Actual Startup Time": 800.500,"Actual Total Time": 832.892,"Actual Rows": 15,"Actual Loops": 1,"Workers Planned": 2,"Workers Launched": 2,"Plans": [{"Node Type": "Aggregate","Strategy": "Sorted","Partial Mode": "Partial","Parent Relationship": "Outer","Parallel Aware": false,"Async Capable": false,"Startup Cost": 20507.41,"Total Cost": 20515.23,"Plan Rows": 25,"Plan Width": 136,"Actual Startup Time": 792.564,"Actual Total Time": 793.457,"Actual Rows": 5,"Actual Loops": 3,"Group Key": ["nation.n_name"],"Workers": [],"Plans": [{"Node Type": "Sort","Parent Relationship": "Outer","Parallel Aware": false,"Async Capable": false,"Startup Cost": 20507.41,"Total Cost": 20508.91,"Plan Rows": 601,"Plan Width": 116,"Actual Startup Time": 792.353,"Actual Total Time": 792.502,"Actual Rows": 2513,"Actual Loops": 3,"Sort Key": ["nation.n_name"],"Sort Method": "quicksort","Sort Space Used": 296,"Sort Space Type": "Memory","Workers": [{"Worker Number": 0,"Sort Method": "quicksort","Sort Space Used": 291,"Sort Space Type": "Memory"},{"Worker Number": 1,"Sort Method": "quicksort","Sort Space Used": 292,"Sort Space Type": "Memory"}],"Plans": [{"Node Type": "Hash Join","Parent Relationship": "Outer","Parallel Aware": false,"Async Capable": false,"Join Type": "Inner","Startup Cost": 475.27,"Total Cost": 20479.67,"Plan Rows": 601,"Plan Width": 116,"Actual Startup Time": 14.275,"Actual Total Time": 790.899,"Actual Rows": 2513,"Actual Loops": 3,"Inner Unique": true,"Hash Cond": "((lineitem.l_suppkey = supplier.s_suppkey) AND (customer.c_nationkey = supplier.s_nationkey))","Workers": [],"Plans": [{"Node Type": "Nested Loop","Parent Relationship": "Outer","Parallel Aware": false,"Async Capable": false,"Join Type": "Inner","Startup Cost": 3.27,"Total Cost": 19928.78,"Plan Rows": 15027,"Plan Width": 128,"Actual Startup Time": 0.573,"Actual Total Time": 745.935,"Actual Rows": 60812,"Actual Loops": 3,"Inner Unique": false,"Workers": [],"Plans": [{"Node Type": "Nested Loop","Parent Relationship": "Outer","Parallel Aware": false,"Async Capable": false,"Join Type": "Inner","Startup Cost": 2.84,"Total Cost": 8414.26,"Plan Rows": 3756,"Plan Width": 116,"Actual Startup Time": 0.447,"Actual Total Time": 445.574,"Actual Rows": 15099,"Actual Loops": 3,"Inner Unique": false,"Workers": [],"Plans": [{"Node Type": "Hash Join","Parent Relationship": "Outer","Parallel Aware": false,"Async Capable": false,"Join Type": "Inner","Startup Cost": 2.41,"Total Cost": 4471.79,"Plan Rows": 2500,"Plan Width": 116,"Actual Startup Time": 0.261,"Actual Total Time": 54.435,"Actual Rows": 9984,"Actual Loops": 3,"Inner Unique": false,"Hash Cond": "(customer.c_nationkey = nation.n_nationkey)","Workers": [],"Plans": [{"Node Type": "Seq Scan","Parent Relationship": "Outer","Parallel Aware": true,"Async Capable": false,"Relation Name": "customer","Alias": "customer","Startup Cost": 0.00,"Total Cost": 4210.00,"Plan Rows": 62500,"Plan Width": 8,"Actual Startup Time": 0.020,"Actual Total Time": 9.427,"Actual Rows": 50000,"Actual Loops": 3,"Workers": []},{"Node Type": "Hash","Parent Relationship": "Inner","Parallel Aware": false,"Async Capable": false,"Startup Cost": 2.40,"Total Cost": 2.40,"Plan Rows": 1,"Plan Width": 108,"Actual Startup Time": 0.147,"Actual Total Time": 0.168,"Actual Rows": 5,"Actual Loops": 3,"Hash Buckets": 1024,"Original Hash Buckets": 1024,"Hash Batches": 1,"Original Hash Batches": 1,"Peak Memory Usage": 9,"Workers": [],"Plans": [{"Node Type": "Hash Join","Parent Relationship": "Outer","Parallel Aware": false,"Async Capable": false,"Join Type": "Inner","Startup Cost": 1.07,"Total Cost": 2.40,"Plan Rows": 1,"Plan Width": 108,"Actual Startup Time": 0.132,"Actual Total Time": 0.158,"Actual Rows": 5,"Actual Loops": 3,"Inner Unique": true,"Hash Cond": "(nation.n_regionkey = region.r_regionkey)","Workers": [],"Plans": [{"Node Type": "Seq Scan","Parent Relationship": "Outer","Parallel Aware": false,"Async Capable": false,"Relation Name": "nation","Alias": "nation","Startup Cost": 0.00,"Total Cost": 1.25,"Plan Rows": 25,"Plan Width": 112,"Actual Startup Time": 0.053,"Actual Total Time": 0.057,"Actual Rows": 25,"Actual Loops": 3,"Workers": []},{"Node Type": "Hash","Parent Relationship": "Inner","Parallel Aware": false,"Async Capable": false,"Startup Cost": 1.06,"Total Cost": 1.06,"Plan Rows": 1,"Plan Width": 4,"Actual Startup Time": 0.054,"Actual Total Time": 0.061,"Actual Rows": 1,"Actual Loops": 3,"Hash Buckets": 1024,"Original Hash Buckets": 1024,"Hash Batches": 1,"Original Hash Batches": 1,"Peak Memory Usage": 9,"Workers": [],"Plans": [{"Node Type": "Seq Scan","Parent Relationship": "Outer","Parallel Aware": false,"Async Capable": false,"Relation Name": "region","Alias": "region","Startup Cost": 0.00,"Total Cost": 1.06,"Plan Rows": 1,"Plan Width": 4,"Actual Startup Time": 0.037,"Actual Total Time": 0.039,"Actual Rows": 1,"Actual Loops": 3,"Filter": "(r_name = 'AMERICA'::bpchar)","Rows Removed by Filter": 4,"Workers": []}]}]}]}]},{"Node Type": "Index Scan","Parent Relationship": "Inner","Parallel Aware": false,"Async Capable": false,"Scan Direction": "Forward","Index Name": "idx_orders_custkey","Relation Name": "orders","Alias": "orders","Startup Cost": 0.43,"Total Cost": 1.55,"Plan Rows": 3,"Plan Width": 8,"Actual Startup Time": 0.016,"Actual Total Time": 0.039,"Actual Rows": 2,"Actual Loops": 29952,"Index Cond": "(o_custkey = customer.c_custkey)","Rows Removed by Index Recheck": 0,"Filter": "((o_orderdate >= '1993-01-01'::date) AND (o_orderdate < '1994-01-01 00:00:00'::timestamp without time zone))","Rows Removed by Filter": 8,"Workers": []}]},{"Node Type": "Index Scan","Parent Relationship": "Inner","Parallel Aware": false,"Async Capable": false,"Scan Direction": "Forward","Index Name": "idx_lineitem_orderkey","Relation Name": "lineitem","Alias": "lineitem","Startup Cost": 0.43,"Total Cost": 2.90,"Plan Rows": 17,"Plan Width": 20,"Actual Startup Time": 0.017,"Actual Total Time": 0.019,"Actual Rows": 4,"Actual Loops": 45297,"Index Cond": "(l_orderkey = orders.o_orderkey)","Rows Removed by Index Recheck": 0,"Workers": []}]},{"Node Type": "Hash","Parent Relationship": "Inner","Parallel Aware": false,"Async Capable": false,"Startup Cost": 322.00,"Total Cost": 322.00,"Plan Rows": 10000,"Plan Width": 8,"Actual Startup Time": 12.653,"Actual Total Time": 12.656,"Actual Rows": 10000,"Actual Loops": 3,"Hash Buckets": 16384,"Original Hash Buckets": 16384,"Hash Batches": 1,"Original Hash Batches": 1,"Peak Memory Usage": 519,"Workers": [],"Plans": [{"Node Type": "Seq Scan","Parent Relationship": "Outer","Parallel Aware": false,"Async Capable": false,"Relation Name": "supplier","Alias": "supplier","Startup Cost": 0.00,"Total Cost": 322.00,"Plan Rows": 10000,"Plan Width": 8,"Actual Startup Time": 0.038,"Actual Total Time": 10.961,"Actual Rows": 10000,"Actual Loops": 3,"Workers": []}]}]}]}]}]}]}]},"Planning Time": 9.512,"Triggers": [],"Execution Time": 833.531}]
[{"Plan": {"Node Type": "Sort","Parallel Aware": false,"Async Capable": false,"Startup Cost": 21522.30,"Total Cost": 21522.36,"Plan Rows": 25,"Plan Width": 136,"Actual Startup Time": 808.715,"Actual Total Time": 841.103,"Actual Rows": 5,"Actual Loops": 1,"Sort Key": ["(sum((lineitem.l_extendedprice * ('1'::numeric - lineitem.l_discount)))) DESC"],"Sort Method": "quicksort","Sort Space Used": 25,"Sort Space Type": "Memory","Plans": [{"Node Type": "Aggregate","Strategy": "Sorted","Partial Mode": "Finalize","Parent Relationship": "Outer","Parallel Aware": false,"Async Capable": false,"Startup Cost": 21507.43,"Total Cost": 21521.72,"Plan Rows": 25,"Plan Width": 136,"Actual Startup Time": 808.132,"Actual Total Time": 841.051,"Actual Rows": 5,"Actual Loops": 1,"Group Key": ["nation.n_name"],"Plans": [{"Node Type": "Gather Merge","Parent Relationship": "Outer","Parallel Aware": false,"Async Capable": false,"Startup Cost": 21507.43,"Total Cost": 21521.03,"Plan Rows": 50,"Plan Width": 136,"Actual Startup Time": 807.865,"Actual Total Time": 840.993,"Actual Rows": 15,"Actual Loops": 1,"Workers Planned": 2,"Workers Launched": 2,"Plans": [{"Node Type": "Aggregate","Strategy": "Sorted","Partial Mode": "Partial","Parent Relationship": "Outer","Parallel Aware": false,"Async Capable": false,"Startup Cost": 20507.41,"Total Cost": 20515.23,"Plan Rows": 25,"Plan Width": 136,"Actual Startup Time": 800.148,"Actual Total Time": 800.877,"Actual Rows": 5,"Actual Loops": 3,"Group Key": ["nation.n_name"],"Workers": [],"Plans": [{"Node Type": "Sort","Parent Relationship": "Outer","Parallel Aware": false,"Async Capable": false,"Startup Cost": 20507.41,"Total Cost": 20508.91,"Plan Rows": 601,"Plan Width": 116,"Actual Startup Time": 799.927,"Actual Total Time": 800.057,"Actual Rows": 2459,"Actual Loops": 3,"Sort Key": ["nation.n_name"],"Sort Method": "quicksort","Sort Space Used": 287,"Sort Space Type": "Memory","Workers": [{"Worker Number": 0,"Sort Method": "quicksort","Sort Space Used": 292,"Sort Space Type": "Memory"},{"Worker Number": 1,"Sort Method": "quicksort","Sort Space Used": 287,"Sort Space Type": "Memory"}],"Plans": [{"Node Type": "Hash Join","Parent Relationship": "Outer","Parallel Aware": false,"Async Capable": false,"Join Type": "Inner","Startup Cost": 475.27,"Total Cost": 20479.67,"Plan Rows": 601,"Plan Width": 116,"Actual Startup Time": 9.851,"Actual Total Time": 798.461,"Actual Rows": 2459,"Actual Loops": 3,"Inner Unique": true,"Hash Cond": "((lineitem.l_suppkey = supplier.s_suppkey) AND (customer.c_nationkey = supplier.s_nationkey))","Workers": [],"Plans": [{"Node Type": "Nested Loop","Parent Relationship": "Outer","Parallel Aware": false,"Async Capable": false,"Join Type": "Inner","Startup Cost": 3.27,"Total Cost": 19928.78,"Plan Rows": 15027,"Plan Width": 128,"Actual Startup Time": 0.691,"Actual Total Time": 757.487,"Actual Rows": 60981,"Actual Loops": 3,"Inner Unique": false,"Workers": [],"Plans": [{"Node Type": "Nested Loop","Parent Relationship": "Outer","Parallel Aware": false,"Async Capable": false,"Join Type": "Inner","Startup Cost": 2.84,"Total Cost": 8414.26,"Plan Rows": 3756,"Plan Width": 116,"Actual Startup Time": 0.574,"Actual Total Time": 453.285,"Actual Rows": 15233,"Actual Loops": 3,"Inner Unique": false,"Workers": [],"Plans": [{"Node Type": "Hash Join","Parent Relationship": "Outer","Parallel Aware": false,"Async Capable": false,"Join Type": "Inner","Startup Cost": 2.41,"Total Cost": 4471.79,"Plan Rows": 2500,"Plan Width": 116,"Actual Startup Time": 0.259,"Actual Total Time": 55.622,"Actual Rows": 10066,"Actual Loops": 3,"Inner Unique": false,"Hash Cond": "(customer.c_nationkey = nation.n_nationkey)","Workers": [],"Plans": [{"Node Type": "Seq Scan","Parent Relationship": "Outer","Parallel Aware": true,"Async Capable": false,"Relation Name": "customer","Alias": "customer","Startup Cost": 0.00,"Total Cost": 4210.00,"Plan Rows": 62500,"Plan Width": 8,"Actual Startup Time": 0.020,"Actual Total Time": 9.402,"Actual Rows": 50000,"Actual Loops": 3,"Workers": []},{"Node Type": "Hash","Parent Relationship": "Inner","Parallel Aware": false,"Async Capable": false,"Startup Cost": 2.40,"Total Cost": 2.40,"Plan Rows": 1,"Plan Width": 108,"Actual Startup Time": 0.150,"Actual Total Time": 0.167,"Actual Rows": 5,"Actual Loops": 3,"Hash Buckets": 1024,"Original Hash Buckets": 1024,"Hash Batches": 1,"Original Hash Batches": 1,"Peak Memory Usage": 9,"Workers": [],"Plans": [{"Node Type": "Hash Join","Parent Relationship": "Outer","Parallel Aware": false,"Async Capable": false,"Join Type": "Inner","Startup Cost": 1.07,"Total Cost": 2.40,"Plan Rows": 1,"Plan Width": 108,"Actual Startup Time": 0.135,"Actual Total Time": 0.156,"Actual Rows": 5,"Actual Loops": 3,"Inner Unique": true,"Hash Cond": "(nation.n_regionkey = region.r_regionkey)","Workers": [],"Plans": [{"Node Type": "Seq Scan","Parent Relationship": "Outer","Parallel Aware": false,"Async Capable": false,"Relation Name": "nation","Alias": "nation","Startup Cost": 0.00,"Total Cost": 1.25,"Plan Rows": 25,"Plan Width": 112,"Actual Startup Time": 0.049,"Actual Total Time": 0.053,"Actual Rows": 25,"Actual Loops": 3,"Workers": []},{"Node Type": "Hash","Parent Relationship": "Inner","Parallel Aware": false,"Async Capable": false,"Startup Cost": 1.06,"Total Cost": 1.06,"Plan Rows": 1,"Plan Width": 4,"Actual Startup Time": 0.056,"Actual Total Time": 0.064,"Actual Rows": 1,"Actual Loops": 3,"Hash Buckets": 1024,"Original Hash Buckets": 1024,"Hash Batches": 1,"Original Hash Batches": 1,"Peak Memory Usage": 9,"Workers": [],"Plans": [{"Node Type": "Seq Scan","Parent Relationship": "Outer","Parallel Aware": false,"Async Capable": false,"Relation Name": "region","Alias": "region","Startup Cost": 0.00,"Total Cost": 1.06,"Plan Rows": 1,"Plan Width": 4,"Actual Startup Time": 0.041,"Actual Total Time": 0.043,"Actual Rows": 1,"Actual Loops": 3,"Filter": "(r_name = 'EUROPE'::bpchar)","Rows Removed by Filter": 4,"Workers": []}]}]}]}]},{"Node Type": "Index Scan","Parent Relationship": "Inner","Parallel Aware": false,"Async Capable": false,"Scan Direction": "Forward","Index Name": "idx_orders_custkey","Relation Name": "orders","Alias": "orders","Startup Cost": 0.43,"Total Cost": 1.55,"Plan Rows": 3,"Plan Width": 8,"Actual Startup Time": 0.017,"Actual Total Time": 0.039,"Actual Rows": 2,"Actual Loops": 30197,"Index Cond": "(o_custkey = customer.c_custkey)","Rows Removed by Index Recheck": 0,"Filter": "((o_orderdate >= '1993-01-01'::date) AND (o_orderdate < '1994-01-01 00:00:00'::timestamp without time zone))","Rows Removed by Filter": 9,"Workers": []}]},{"Node Type": "Index Scan","Parent Relationship": "Inner","Parallel Aware": false,"Async Capable": false,"Scan Direction": "Forward","Index Name": "idx_lineitem_orderkey","Relation Name": "lineitem","Alias": "lineitem","Startup Cost": 0.43,"Total Cost": 2.90,"Plan Rows": 17,"Plan Width": 20,"Actual Startup Time": 0.017,"Actual Total Time": 0.019,"Actual Rows": 4,"Actual Loops": 45699,"Index Cond": "(l_orderkey = orders.o_orderkey)","Rows Removed by Index Recheck": 0,"Workers": []}]},{"Node Type": "Hash","Parent Relationship": "Inner","Parallel Aware": false,"Async Capable": false,"Startup Cost": 322.00,"Total Cost": 322.00,"Plan Rows": 10000,"Plan Width": 8,"Actual Startup Time": 8.538,"Actual Total Time": 8.541,"Actual Rows": 10000,"Actual Loops": 3,"Hash Buckets": 16384,"Original Hash Buckets": 16384,"Hash Batches": 1,"Original Hash Batches": 1,"Peak Memory Usage": 519,"Workers": [],"Plans": [{"Node Type": "Seq Scan","Parent Relationship": "Outer","Parallel Aware": false,"Async Capable": false,"Relation Name": "supplier","Alias": "supplier","Startup Cost": 0.00,"Total Cost": 322.00,"Plan Rows": 10000,"Plan Width": 8,"Actual Startup Time": 0.046,"Actual Total Time": 6.635,"Actual Rows": 10000,"Actual Loops": 3,"Workers": []}]}]}]}]}]}]}]},"Planning Time": 10.957,"Triggers": [],"Execution Time": 841.799}]
[{"Plan": {"Node Type": "Sort","Parallel Aware": false,"Async Capable": false,"Startup Cost": 21612.43,"Total Cost": 21612.50,"Plan Rows": 25,"Plan Width": 136,"Actual Startup Time": 835.932,"Actual Total Time": 867.365,"Actual Rows": 5,"Actual Loops": 1,"Sort Key": ["(sum((lineitem.l_extendedprice * ('1'::numeric - lineitem.l_discount)))) DESC"],"Sort Method": "quicksort","Sort Space Used": 25,"Sort Space Type": "Memory","Plans": [{"Node Type": "Aggregate","Strategy": "Sorted","Partial Mode": "Finalize","Parent Relationship": "Outer","Parallel Aware": false,"Async Capable": false,"Startup Cost": 21597.38,"Total Cost": 21611.85,"Plan Rows": 25,"Plan Width": 136,"Actual Startup Time": 835.364,"Actual Total Time": 867.318,"Actual Rows": 5,"Actual Loops": 1,"Group Key": ["nation.n_name"],"Plans": [{"Node Type": "Gather Merge","Parent Relationship": "Outer","Parallel Aware": false,"Async Capable": false,"Startup Cost": 21597.38,"Total Cost": 21611.17,"Plan Rows": 50,"Plan Width": 136,"Actual Startup Time": 835.179,"Actual Total Time": 867.277,"Actual Rows": 15,"Actual Loops": 1,"Workers Planned": 2,"Workers Launched": 2,"Plans": [{"Node Type": "Aggregate","Strategy": "Sorted","Partial Mode": "Partial","Parent Relationship": "Outer","Parallel Aware": false,"Async Capable": false,"Startup Cost": 20597.36,"Total Cost": 20605.37,"Plan Rows": 25,"Plan Width": 136,"Actual Startup Time": 826.891,"Actual Total Time": 827.596,"Actual Rows": 5,"Actual Loops": 3,"Group Key": ["nation.n_name"],"Workers": [],"Plans": [{"Node Type": "Sort","Parent Relationship": "Outer","Parallel Aware": false,"Async Capable": false,"Startup Cost": 20597.36,"Total Cost": 20598.90,"Plan Rows": 616,"Plan Width": 116,"Actual Startup Time": 826.692,"Actual Total Time": 826.817,"Actual Rows": 2422,"Actual Loops": 3,"Sort Key": ["nation.n_name"],"Sort Method": "quicksort","Sort Space Used": 284,"Sort Space Type": "Memory","Workers": [{"Worker Number": 0,"Sort Method": "quicksort","Sort Space Used": 289,"Sort Space Type": "Memory"},{"Worker Number": 1,"Sort Method": "quicksort","Sort Space Used": 285,"Sort Space Type": "Memory"}],"Plans": [{"Node Type": "Hash Join","Parent Relationship": "Outer","Parallel Aware": false,"Async Capable": false,"Join Type": "Inner","Startup Cost": 475.27,"Total Cost": 20568.82,"Plan Rows": 616,"Plan Width": 116,"Actual Startup Time": 12.416,"Actual Total Time": 825.180,"Actual Rows": 2422,"Actual Loops": 3,"Inner Unique": true,"Hash Cond": "((lineitem.l_suppkey = supplier.s_suppkey) AND (customer.c_nationkey = supplier.s_nationkey))","Workers": [],"Plans": [{"Node Type": "Nested Loop","Parent Relationship": "Outer","Parallel Aware": false,"Async Capable": false,"Join Type": "Inner","Startup Cost": 3.27,"Total Cost": 20015.89,"Plan Rows": 15415,"Plan Width": 128,"Actual Startup Time": 0.717,"Actual Total Time": 776.964,"Actual Rows": 61524,"Actual Loops": 3,"Inner Unique": false,"Workers": [],"Plans": [{"Node Type": "Nested Loop","Parent Relationship": "Outer","Parallel Aware": false,"Async Capable": false,"Join Type": "Inner","Startup Cost": 2.84,"Total Cost": 8414.26,"Plan Rows": 3853,"Plan Width": 116,"Actual Startup Time": 0.594,"Actual Total Time": 468.318,"Actual Rows": 15364,"Actual Loops": 3,"Inner Unique": false,"Workers": [],"Plans": [{"Node Type": "Hash Join","Parent Relationship": "Outer","Parallel Aware": false,"Async Capable": false,"Join Type": "Inner","Startup Cost": 2.41,"Total Cost": 4471.79,"Plan Rows": 2500,"Plan Width": 116,"Actual Startup Time": 0.257,"Actual Total Time": 59.024,"Actual Rows": 10066,"Actual Loops": 3,"Inner Unique": false,"Hash Cond": "(customer.c_nationkey = nation.n_nationkey)","Workers": [],"Plans": [{"Node Type": "Seq Scan","Parent Relationship": "Outer","Parallel Aware": true,"Async Capable": false,"Relation Name": "customer","Alias": "customer","Startup Cost": 0.00,"Total Cost": 4210.00,"Plan Rows": 62500,"Plan Width": 8,"Actual Startup Time": 0.018,"Actual Total Time": 10.025,"Actual Rows": 50000,"Actual Loops": 3,"Workers": []},{"Node Type": "Hash","Parent Relationship": "Inner","Parallel Aware": false,"Async Capable": false,"Startup Cost": 2.40,"Total Cost": 2.40,"Plan Rows": 1,"Plan Width": 108,"Actual Startup Time": 0.151,"Actual Total Time": 0.168,"Actual Rows": 5,"Actual Loops": 3,"Hash Buckets": 1024,"Original Hash Buckets": 1024,"Hash Batches": 1,"Original Hash Batches": 1,"Peak Memory Usage": 9,"Workers": [],"Plans": [{"Node Type": "Hash Join","Parent Relationship": "Outer","Parallel Aware": false,"Async Capable": false,"Join Type": "Inner","Startup Cost": 1.07,"Total Cost": 2.40,"Plan Rows": 1,"Plan Width": 108,"Actual Startup Time": 0.138,"Actual Total Time": 0.159,"Actual Rows": 5,"Actual Loops": 3,"Inner Unique": true,"Hash Cond": "(nation.n_regionkey = region.r_regionkey)","Workers": [],"Plans": [{"Node Type": "Seq Scan","Parent Relationship": "Outer","Parallel Aware": false,"Async Capable": false,"Relation Name": "nation","Alias": "nation","Startup Cost": 0.00,"Total Cost": 1.25,"Plan Rows": 25,"Plan Width": 112,"Actual Startup Time": 0.050,"Actual Total Time": 0.055,"Actual Rows": 25,"Actual Loops": 3,"Workers": []},{"Node Type": "Hash","Parent Relationship": "Inner","Parallel Aware": false,"Async Capable": false,"Startup Cost": 1.06,"Total Cost": 1.06,"Plan Rows": 1,"Plan Width": 4,"Actual Startup Time": 0.059,"Actual Total Time": 0.064,"Actual Rows": 1,"Actual Loops": 3,"Hash Buckets": 1024,"Original Hash Buckets": 1024,"Hash Batches": 1,"Original Hash Batches": 1,"Peak Memory Usage": 9,"Workers": [],"Plans": [{"Node Type": "Seq Scan","Parent Relationship": "Outer","Parallel Aware": false,"Async Capable": false,"Relation Name": "region","Alias": "region","Startup Cost": 0.00,"Total Cost": 1.06,"Plan Rows": 1,"Plan Width": 4,"Actual Startup Time": 0.043,"Actual Total Time": 0.045,"Actual Rows": 1,"Actual Loops": 3,"Filter": "(r_name = 'EUROPE'::bpchar)","Rows Removed by Filter": 4,"Workers": []}]}]}]}]},{"Node Type": "Index Scan","Parent Relationship": "Inner","Parallel Aware": false,"Async Capable": false,"Scan Direction": "Forward","Index Name": "idx_orders_custkey","Relation Name": "orders","Alias": "orders","Startup Cost": 0.43,"Total Cost": 1.55,"Plan Rows": 3,"Plan Width": 8,"Actual Startup Time": 0.017,"Actual Total Time": 0.040,"Actual Rows": 2,"Actual Loops": 30197,"Index Cond": "(o_custkey = customer.c_custkey)","Rows Removed by Index Recheck": 0,"Filter": "((o_orderdate >= '1994-01-01'::date) AND (o_orderdate < '1995-01-01 00:00:00'::timestamp without time zone))","Rows Removed by Filter": 9,"Workers": []}]},{"Node Type": "Index Scan","Parent Relationship": "Inner","Parallel Aware": false,"Async Capable": false,"Scan Direction": "Forward","Index Name": "idx_lineitem_orderkey","Relation Name": "lineitem","Alias": "lineitem","Startup Cost": 0.43,"Total Cost": 2.84,"Plan Rows": 17,"Plan Width": 20,"Actual Startup Time": 0.017,"Actual Total Time": 0.019,"Actual Rows": 4,"Actual Loops": 46093,"Index Cond": "(l_orderkey = orders.o_orderkey)","Rows Removed by Index Recheck": 0,"Workers": []}]},{"Node Type": "Hash","Parent Relationship": "Inner","Parallel Aware": false,"Async Capable": false,"Startup Cost": 322.00,"Total Cost": 322.00,"Plan Rows": 10000,"Plan Width": 8,"Actual Startup Time": 10.479,"Actual Total Time": 10.484,"Actual Rows": 10000,"Actual Loops": 3,"Hash Buckets": 16384,"Original Hash Buckets": 16384,"Hash Batches": 1,"Original Hash Batches": 1,"Peak Memory Usage": 519,"Workers": [],"Plans": [{"Node Type": "Seq Scan","Parent Relationship": "Outer","Parallel Aware": false,"Async Capable": false,"Relation Name": "supplier","Alias": "supplier","Startup Cost": 0.00,"Total Cost": 322.00,"Plan Rows": 10000,"Plan Width": 8,"Actual Startup Time": 0.042,"Actual Total Time": 8.711,"Actual Rows": 10000,"Actual Loops": 3,"Workers": []}]}]}]}]}]}]}]},"Planning Time": 9.647,"Triggers": [],"Execution Time": 867.883}]
[{"Plan": {"Node Type": "Sort","Parallel Aware": false,"Async Capable": false,"Startup Cost": 21565.81,"Total Cost": 21565.87,"Plan Rows": 25,"Plan Width": 136,"Actual Startup Time": 812.189,"Actual Total Time": 842.359,"Actual Rows": 5,"Actual Loops": 1,"Sort Key": ["(sum((lineitem.l_extendedprice * ('1'::numeric - lineitem.l_discount)))) DESC"],"Sort Method": "quicksort","Sort Space Used": 25,"Sort Space Type": "Memory","Plans": [{"Node Type": "Aggregate","Strategy": "Sorted","Partial Mode": "Finalize","Parent Relationship": "Outer","Parallel Aware": false,"Async Capable": false,"Startup Cost": 21550.86,"Total Cost": 21565.23,"Plan Rows": 25,"Plan Width": 136,"Actual Startup Time": 811.599,"Actual Total Time": 842.311,"Actual Rows": 5,"Actual Loops": 1,"Group Key": ["nation.n_name"],"Plans": [{"Node Type": "Gather Merge","Parent Relationship": "Outer","Parallel Aware": false,"Async Capable": false,"Startup Cost": 21550.86,"Total Cost": 21564.54,"Plan Rows": 50,"Plan Width": 136,"Actual Startup Time": 811.323,"Actual Total Time": 842.254,"Actual Rows": 15,"Actual Loops": 1,"Workers Planned": 2,"Workers Launched": 2,"Plans": [{"Node Type": "Aggregate","Strategy": "Sorted","Partial Mode": "Partial","Parent Relationship": "Outer","Parallel Aware": false,"Async Capable": false,"Startup Cost": 20550.84,"Total Cost": 20558.75,"Plan Rows": 25,"Plan Width": 136,"Actual Startup Time": 803.769,"Actual Total Time": 804.515,"Actual Rows": 5,"Actual Loops": 3,"Group Key": ["nation.n_name"],"Workers": [],"Plans": [{"Node Type": "Sort","Parent Relationship": "Outer","Parallel Aware": false,"Async Capable": false,"Startup Cost": 20550.84,"Total Cost": 20552.36,"Plan Rows": 608,"Plan Width": 116,"Actual Startup Time": 803.552,"Actual Total Time": 803.687,"Actual Rows": 2453,"Actual Loops": 3,"Sort Key": ["nation.n_name"],"Sort Method": "quicksort","Sort Space Used": 291,"Sort Space Type": "Memory","Workers": [{"Worker Number": 0,"Sort Method": "quicksort","Sort Space Used": 289,"Sort Space Type": "Memory"},{"Worker Number": 1,"Sort Method": "quicksort","Sort Space Used": 285,"Sort Space Type": "Memory"}],"Plans": [{"Node Type": "Hash Join","Parent Relationship": "Outer","Parallel Aware": false,"Async Capable": false,"Join Type": "Inner","Startup Cost": 475.27,"Total Cost": 20522.72,"Plan Rows": 608,"Plan Width": 116,"Actual Startup Time": 16.360,"Actual Total Time": 802.078,"Actual Rows": 2453,"Actual Loops": 3,"Inner Unique": true,"Hash Cond": "((lineitem.l_suppkey = supplier.s_suppkey) AND (customer.c_nationkey = supplier.s_nationkey))","Workers": [],"Plans": [{"Node Type": "Nested Loop","Parent Relationship": "Outer","Parallel Aware": false,"Async Capable": false,"Join Type": "Inner","Startup Cost": 3.27,"Total Cost": 19970.84,"Plan Rows": 15215,"Plan Width": 128,"Actual Startup Time": 0.560,"Actual Total Time": 757.067,"Actual Rows": 60975,"Actual Loops": 3,"Inner Unique": false,"Workers": [],"Plans": [{"Node Type": "Nested Loop","Parent Relationship": "Outer","Parallel Aware": false,"Async Capable": false,"Join Type": "Inner","Startup Cost": 2.84,"Total Cost": 8414.26,"Plan Rows": 3803,"Plan Width": 116,"Actual Startup Time": 0.451,"Actual Total Time": 451.841,"Actual Rows": 15295,"Actual Loops": 3,"Inner Unique": false,"Workers": [],"Plans": [{"Node Type": "Hash Join","Parent Relationship": "Outer","Parallel Aware": false,"Async Capable": false,"Join Type": "Inner","Startup Cost": 2.41,"Total Cost": 4471.79,"Plan Rows": 2500,"Plan Width": 116,"Actual Startup Time": 0.247,"Actual Total Time": 55.129,"Actual Rows": 10061,"Actual Loops": 3,"Inner Unique": false,"Hash Cond": "(customer.c_nationkey = nation.n_nationkey)","Workers": [],"Plans": [{"Node Type": "Seq Scan","Parent Relationship": "Outer","Parallel Aware": true,"Async Capable": false,"Relation Name": "customer","Alias": "customer","Startup Cost": 0.00,"Total Cost": 4210.00,"Plan Rows": 62500,"Plan Width": 8,"Actual Startup Time": 0.010,"Actual Total Time": 9.469,"Actual Rows": 50000,"Actual Loops": 3,"Workers": []},{"Node Type": "Hash","Parent Relationship": "Inner","Parallel Aware": false,"Async Capable": false,"Startup Cost": 2.40,"Total Cost": 2.40,"Plan Rows": 1,"Plan Width": 108,"Actual Startup Time": 0.154,"Actual Total Time": 0.175,"Actual Rows": 5,"Actual Loops": 3,"Hash Buckets": 1024,"Original Hash Buckets": 1024,"Hash Batches": 1,"Original Hash Batches": 1,"Peak Memory Usage": 9,"Workers": [],"Plans": [{"Node Type": "Hash Join","Parent Relationship": "Outer","Parallel Aware": false,"Async Capable": false,"Join Type": "Inner","Startup Cost": 1.07,"Total Cost": 2.40,"Plan Rows": 1,"Plan Width": 108,"Actual Startup Time": 0.142,"Actual Total Time": 0.165,"Actual Rows": 5,"Actual Loops": 3,"Inner Unique": true,"Hash Cond": "(nation.n_regionkey = region.r_regionkey)","Workers": [],"Plans": [{"Node Type": "Seq Scan","Parent Relationship": "Outer","Parallel Aware": false,"Async Capable": false,"Relation Name": "nation","Alias": "nation","Startup Cost": 0.00,"Total Cost": 1.25,"Plan Rows": 25,"Plan Width": 112,"Actual Startup Time": 0.058,"Actual Total Time": 0.062,"Actual Rows": 25,"Actual Loops": 3,"Workers": []},{"Node Type": "Hash","Parent Relationship": "Inner","Parallel Aware": false,"Async Capable": false,"Startup Cost": 1.06,"Total Cost": 1.06,"Plan Rows": 1,"Plan Width": 4,"Actual Startup Time": 0.056,"Actual Total Time": 0.065,"Actual Rows": 1,"Actual Loops": 3,"Hash Buckets": 1024,"Original Hash Buckets": 1024,"Hash Batches": 1,"Original Hash Batches": 1,"Peak Memory Usage": 9,"Workers": [],"Plans": [{"Node Type": "Seq Scan","Parent Relationship": "Outer","Parallel Aware": false,"Async Capable": false,"Relation Name": "region","Alias": "region","Startup Cost": 0.00,"Total Cost": 1.06,"Plan Rows": 1,"Plan Width": 4,"Actual Startup Time": 0.045,"Actual Total Time": 0.048,"Actual Rows": 1,"Actual Loops": 3,"Filter": "(r_name = 'ASIA'::bpchar)","Rows Removed by Filter": 4,"Workers": []}]}]}]}]},{"Node Type": "Index Scan","Parent Relationship": "Inner","Parallel Aware": false,"Async Capable": false,"Scan Direction": "Forward","Index Name": "idx_orders_custkey","Relation Name": "orders","Alias": "orders","Startup Cost": 0.43,"Total Cost": 1.55,"Plan Rows": 3,"Plan Width": 8,"Actual Startup Time": 0.017,"Actual Total Time": 0.039,"Actual Rows": 2,"Actual Loops": 30183,"Index Cond": "(o_custkey = customer.c_custkey)","Rows Removed by Index Recheck": 0,"Filter": "((o_orderdate >= '1997-01-01'::date) AND (o_orderdate < '1998-01-01 00:00:00'::timestamp without time zone))","Rows Removed by Filter": 8,"Workers": []}]},{"Node Type": "Index Scan","Parent Relationship": "Inner","Parallel Aware": false,"Async Capable": false,"Scan Direction": "Forward","Index Name": "idx_lineitem_orderkey","Relation Name": "lineitem","Alias": "lineitem","Startup Cost": 0.43,"Total Cost": 2.87,"Plan Rows": 17,"Plan Width": 20,"Actual Startup Time": 0.017,"Actual Total Time": 0.019,"Actual Rows": 4,"Actual Loops": 45884,"Index Cond": "(l_orderkey = orders.o_orderkey)","Rows Removed by Index Recheck": 0,"Workers": []}]},{"Node Type": "Hash","Parent Relationship": "Inner","Parallel Aware": false,"Async Capable": false,"Startup Cost": 322.00,"Total Cost": 322.00,"Plan Rows": 10000,"Plan Width": 8,"Actual Startup Time": 13.288,"Actual Total Time": 13.293,"Actual Rows": 10000,"Actual Loops": 3,"Hash Buckets": 16384,"Original Hash Buckets": 16384,"Hash Batches": 1,"Original Hash Batches": 1,"Peak Memory Usage": 519,"Workers": [],"Plans": [{"Node Type": "Seq Scan","Parent Relationship": "Outer","Parallel Aware": false,"Async Capable": false,"Relation Name": "supplier","Alias": "supplier","Startup Cost": 0.00,"Total Cost": 322.00,"Plan Rows": 10000,"Plan Width": 8,"Actual Startup Time": 0.036,"Actual Total Time": 11.595,"Actual Rows": 10000,"Actual Loops": 3,"Workers": []}]}]}]}]}]}]}]},"Planning Time": 10.446,"Triggers": [],"Execution Time": 842.801}]
[{"Plan": {"Node Type": "Sort","Parallel Aware": false,"Async Capable": false,"Startup Cost": 21612.43,"Total Cost": 21612.50,"Plan Rows": 25,"Plan Width": 136,"Actual Startup Time": 835.932,"Actual Total Time": 867.365,"Actual Rows": 5,"Actual Loops": 1,"Sort Key": ["(sum((lineitem.l_extendedprice * ('1'::numeric - lineitem.l_discount)))) DESC"],"Sort Method": "quicksort","Sort Space Used": 25,"Sort Space Type": "Memory","Plans": [{"Node Type": "Aggregate","Strategy": "Sorted","Partial Mode": "Finalize","Parent Relationship": "Outer","Parallel Aware": false,"Async Capable": false,"Startup Cost": 21597.38,"Total Cost": 21611.85,"Plan Rows": 25,"Plan Width": 136,"Actual Startup Time": 835.364,"Actual Total Time": 867.318,"Actual Rows": 5,"Actual Loops": 1,"Group Key": ["nation.n_name"],"Plans": [{"Node Type": "Gather Merge","Parent Relationship": "Outer","Parallel Aware": false,"Async Capable": false,"Startup Cost": 21597.38,"Total Cost": 21611.17,"Plan Rows": 50,"Plan Width": 136,"Actual Startup Time": 835.179,"Actual Total Time": 867.277,"Actual Rows": 15,"Actual Loops": 1,"Workers Planned": 2,"Workers Launched": 2,"Plans": [{"Node Type": "Aggregate","Strategy": "Sorted","Partial Mode": "Partial","Parent Relationship": "Outer","Parallel Aware": false,"Async Capable": false,"Startup Cost": 20597.36,"Total Cost": 20605.37,"Plan Rows": 25,"Plan Width": 136,"Actual Startup Time": 826.891,"Actual Total Time": 827.596,"Actual Rows": 5,"Actual Loops": 3,"Group Key": ["nation.n_name"],"Workers": [],"Plans": [{"Node Type": "Sort","Parent Relationship": "Outer","Parallel Aware": false,"Async Capable": false,"Startup Cost": 20597.36,"Total Cost": 20598.90,"Plan Rows": 616,"Plan Width": 116,"Actual Startup Time": 826.692,"Actual Total Time": 826.817,"Actual Rows": 2422,"Actual Loops": 3,"Sort Key": ["nation.n_name"],"Sort Method": "quicksort","Sort Space Used": 284,"Sort Space Type": "Memory","Workers": [{"Worker Number": 0,"Sort Method": "quicksort","Sort Space Used": 289,"Sort Space Type": "Memory"},{"Worker Number": 1,"Sort Method": "quicksort","Sort Space Used": 285,"Sort Space Type": "Memory"}],"Plans": [{"Node Type": "Hash Join","Parent Relationship": "Outer","Parallel Aware": false,"Async Capable": false,"Join Type": "Inner","Startup Cost": 475.27,"Total Cost": 20568.82,"Plan Rows": 616,"Plan Width": 116,"Actual Startup Time": 12.416,"Actual Total Time": 825.180,"Actual Rows": 2422,"Actual Loops": 3,"Inner Unique": true,"Hash Cond": "((lineitem.l_suppkey = supplier.s_suppkey) AND (customer.c_nationkey = supplier.s_nationkey))","Workers": [],"Plans": [{"Node Type": "Nested Loop","Parent Relationship": "Outer","Parallel Aware": false,"Async Capable": false,"Join Type": "Inner","Startup Cost": 3.27,"Total Cost": 20015.89,"Plan Rows": 15415,"Plan Width": 128,"Actual Startup Time": 0.717,"Actual Total Time": 776.964,"Actual Rows": 61524,"Actual Loops": 3,"Inner Unique": false,"Workers": [],"Plans": [{"Node Type": "Nested Loop","Parent Relationship": "Outer","Parallel Aware": false,"Async Capable": false,"Join Type": "Inner","Startup Cost": 2.84,"Total Cost": 8414.26,"Plan Rows": 3853,"Plan Width": 116,"Actual Startup Time": 0.594,"Actual Total Time": 468.318,"Actual Rows": 15364,"Actual Loops": 3,"Inner Unique": false,"Workers": [],"Plans": [{"Node Type": "Hash Join","Parent Relationship": "Outer","Parallel Aware": false,"Async Capable": false,"Join Type": "Inner","Startup Cost": 2.41,"Total Cost": 4471.79,"Plan Rows": 2500,"Plan Width": 116,"Actual Startup Time": 0.257,"Actual Total Time": 59.024,"Actual Rows": 10066,"Actual Loops": 3,"Inner Unique": false,"Hash Cond": "(customer.c_nationkey = nation.n_nationkey)","Workers": [],"Plans": [{"Node Type": "Seq Scan","Parent Relationship": "Outer","Parallel Aware": true,"Async Capable": false,"Relation Name": "customer","Alias": "customer","Startup Cost": 0.00,"Total Cost": 4210.00,"Plan Rows": 62500,"Plan Width": 8,"Actual Startup Time": 0.018,"Actual Total Time": 10.025,"Actual Rows": 50000,"Actual Loops": 3,"Workers": []},{"Node Type": "Hash","Parent Relationship": "Inner","Parallel Aware": false,"Async Capable": false,"Startup Cost": 2.40,"Total Cost": 2.40,"Plan Rows": 1,"Plan Width": 108,"Actual Startup Time": 0.151,"Actual Total Time": 0.168,"Actual Rows": 5,"Actual Loops": 3,"Hash Buckets": 1024,"Original Hash Buckets": 1024,"Hash Batches": 1,"Original Hash Batches": 1,"Peak Memory Usage": 9,"Workers": [],"Plans": [{"Node Type": "Hash Join","Parent Relationship": "Outer","Parallel Aware": false,"Async Capable": false,"Join Type": "Inner","Startup Cost": 1.07,"Total Cost": 2.40,"Plan Rows": 1,"Plan Width": 108,"Actual Startup Time": 0.138,"Actual Total Time": 0.159,"Actual Rows": 5,"Actual Loops": 3,"Inner Unique": true,"Hash Cond": "(nation.n_regionkey = region.r_regionkey)","Workers": [],"Plans": [{"Node Type": "Seq Scan","Parent Relationship": "Outer","Parallel Aware": false,"Async Capable": false,"Relation Name": "nation","Alias": "nation","Startup Cost": 0.00,"Total Cost": 1.25,"Plan Rows": 25,"Plan Width": 112,"Actual Startup Time": 0.050,"Actual Total Time": 0.055,"Actual Rows": 25,"Actual Loops": 3,"Workers": []},{"Node Type": "Hash","Parent Relationship": "Inner","Parallel Aware": false,"Async Capable": false,"Startup Cost": 1.06,"Total Cost": 1.06,"Plan Rows": 1,"Plan Width": 4,"Actual Startup Time": 0.059,"Actual Total Time": 0.064,"Actual Rows": 1,"Actual Loops": 3,"Hash Buckets": 1024,"Original Hash Buckets": 1024,"Hash Batches": 1,"Original Hash Batches": 1,"Peak Memory Usage": 9,"Workers": [],"Plans": [{"Node Type": "Seq Scan","Parent Relationship": "Outer","Parallel Aware": false,"Async Capable": false,"Relation Name": "region","Alias": "region","Startup Cost": 0.00,"Total Cost": 1.06,"Plan Rows": 1,"Plan Width": 4,"Actual Startup Time": 0.043,"Actual Total Time": 0.045,"Actual Rows": 1,"Actual Loops": 3,"Filter": "(r_name = 'EUROPE'::bpchar)","Rows Removed by Filter": 4,"Workers": []}]}]}]}]},{"Node Type": "Index Scan","Parent Relationship": "Inner","Parallel Aware": false,"Async Capable": false,"Scan Direction": "Forward","Index Name": "idx_orders_custkey","Relation Name": "orders","Alias": "orders","Startup Cost": 0.43,"Total Cost": 1.55,"Plan Rows": 3,"Plan Width": 8,"Actual Startup Time": 0.017,"Actual Total Time": 0.040,"Actual Rows": 2,"Actual Loops": 30197,"Index Cond": "(o_custkey = customer.c_custkey)","Rows Removed by Index Recheck": 0,"Filter": "((o_orderdate >= '1994-01-01'::date) AND (o_orderdate < '1995-01-01 00:00:00'::timestamp without time zone))","Rows Removed by Filter": 9,"Workers": []}]},{"Node Type": "Index Scan","Parent Relationship": "Inner","Parallel Aware": false,"Async Capable": false,"Scan Direction": "Forward","Index Name": "idx_lineitem_orderkey","Relation Name": "lineitem","Alias": "lineitem","Startup Cost": 0.43,"Total Cost": 2.84,"Plan Rows": 17,"Plan Width": 20,"Actual Startup Time": 0.017,"Actual Total Time": 0.019,"Actual Rows": 4,"Actual Loops": 46093,"Index Cond": "(l_orderkey = orders.o_orderkey)","Rows Removed by Index Recheck": 0,"Workers": []}]},{"Node Type": "Hash","Parent Relationship": "Inner","Parallel Aware": false,"Async Capable": false,"Startup Cost": 322.00,"Total Cost": 322.00,"Plan Rows": 10000,"Plan Width": 8,"Actual Startup Time": 10.479,"Actual Total Time": 10.484,"Actual Rows": 10000,"Actual Loops": 3,"Hash Buckets": 16384,"Original Hash Buckets": 16384,"Hash Batches": 1,"Original Hash Batches": 1,"Peak Memory Usage": 519,"Workers": [],"Plans": [{"Node Type": "Seq Scan","Parent Relationship": "Outer","Parallel Aware": false,"Async Capable": false,"Relation Name": "supplier","Alias": "supplier","Startup Cost": 0.00,"Total Cost": 322.00,"Plan Rows": 10000,"Plan Width": 8,"Actual Startup Time": 0.042,"Actual Total Time": 8.711,"Actual Rows": 10000,"Actual Loops": 3,"Workers": []}]}]}]}]}]}]}]},"Planning Time": 9.647,"Triggers": [],"Execution Time": 867.883}]
[{"Plan": {"Node Type": "Sort","Parallel Aware": false,"Async Capable": false,"Startup Cost": 21565.24,"Total Cost": 21565.30,"Plan Rows": 25,"Plan Width": 136,"Actual Startup Time": 829.883,"Actual Total Time": 862.581,"Actual Rows": 5,"Actual Loops": 1,"Sort Key": ["(sum((lineitem.l_extendedprice * ('1'::numeric - lineitem.l_discount)))) DESC"],"Sort Method": "quicksort","Sort Space Used": 25,"Sort Space Type": "Memory","Plans": [{"Node Type": "Aggregate","Strategy": "Sorted","Partial Mode": "Finalize","Parent Relationship": "Outer","Parallel Aware": false,"Async Capable": false,"Startup Cost": 21550.29,"Total Cost": 21564.66,"Plan Rows": 25,"Plan Width": 136,"Actual Startup Time": 829.271,"Actual Total Time": 862.532,"Actual Rows": 5,"Actual Loops": 1,"Group Key": ["nation.n_name"],"Plans": [{"Node Type": "Gather Merge","Parent Relationship": "Outer","Parallel Aware": false,"Async Capable": false,"Startup Cost": 21550.29,"Total Cost": 21563.97,"Plan Rows": 50,"Plan Width": 136,"Actual Startup Time": 829.074,"Actual Total Time": 862.478,"Actual Rows": 15,"Actual Loops": 1,"Workers Planned": 2,"Workers Launched": 2,"Plans": [{"Node Type": "Aggregate","Strategy": "Sorted","Partial Mode": "Partial","Parent Relationship": "Outer","Parallel Aware": false,"Async Capable": false,"Startup Cost": 20550.26,"Total Cost": 20558.18,"Plan Rows": 25,"Plan Width": 136,"Actual Startup Time": 821.816,"Actual Total Time": 822.538,"Actual Rows": 5,"Actual Loops": 3,"Group Key": ["nation.n_name"],"Workers": [],"Plans": [{"Node Type": "Sort","Parent Relationship": "Outer","Parallel Aware": false,"Async Capable": false,"Startup Cost": 20550.26,"Total Cost": 20551.78,"Plan Rows": 608,"Plan Width": 116,"Actual Startup Time": 821.604,"Actual Total Time": 821.730,"Actual Rows": 2468,"Actual Loops": 3,"Sort Key": ["nation.n_name"],"Sort Method": "quicksort","Sort Space Used": 285,"Sort Space Type": "Memory","Workers": [{"Worker Number": 0,"Sort Method": "quicksort","Sort Space Used": 293,"Sort Space Type": "Memory"},{"Worker Number": 1,"Sort Method": "quicksort","Sort Space Used": 290,"Sort Space Type": "Memory"}],"Plans": [{"Node Type": "Hash Join","Parent Relationship": "Outer","Parallel Aware": false,"Async Capable": false,"Join Type": "Inner","Startup Cost": 475.27,"Total Cost": 20522.15,"Plan Rows": 608,"Plan Width": 116,"Actual Startup Time": 10.349,"Actual Total Time": 819.988,"Actual Rows": 2468,"Actual Loops": 3,"Inner Unique": true,"Hash Cond": "((lineitem.l_suppkey = supplier.s_suppkey) AND (customer.c_nationkey = supplier.s_nationkey))","Workers": [],"Plans": [{"Node Type": "Nested Loop","Parent Relationship": "Outer","Parallel Aware": false,"Async Capable": false,"Join Type": "Inner","Startup Cost": 3.27,"Total Cost": 19970.29,"Plan Rows": 15211,"Plan Width": 128,"Actual Startup Time": 0.787,"Actual Total Time": 773.951,"Actual Rows": 61461,"Actual Loops": 3,"Inner Unique": false,"Workers": [],"Plans": [{"Node Type": "Nested Loop","Parent Relationship": "Outer","Parallel Aware": false,"Async Capable": false,"Join Type": "Inner","Startup Cost": 2.84,"Total Cost": 8414.26,"Plan Rows": 3802,"Plan Width": 116,"Actual Startup Time": 0.651,"Actual Total Time": 459.932,"Actual Rows": 15399,"Actual Loops": 3,"Inner Unique": false,"Workers": [],"Plans": [{"Node Type": "Hash Join","Parent Relationship": "Outer","Parallel Aware": false,"Async Capable": false,"Join Type": "Inner","Startup Cost": 2.41,"Total Cost": 4471.79,"Plan Rows": 2500,"Plan Width": 116,"Actual Startup Time": 0.245,"Actual Total Time": 55.063,"Actual Rows": 10066,"Actual Loops": 3,"Inner Unique": false,"Hash Cond": "(customer.c_nationkey = nation.n_nationkey)","Workers": [],"Plans": [{"Node Type": "Seq Scan","Parent Relationship": "Outer","Parallel Aware": true,"Async Capable": false,"Relation Name": "customer","Alias": "customer","Startup Cost": 0.00,"Total Cost": 4210.00,"Plan Rows": 62500,"Plan Width": 8,"Actual Startup Time": 0.014,"Actual Total Time": 9.571,"Actual Rows": 50000,"Actual Loops": 3,"Workers": []},{"Node Type": "Hash","Parent Relationship": "Inner","Parallel Aware": false,"Async Capable": false,"Startup Cost": 2.40,"Total Cost": 2.40,"Plan Rows": 1,"Plan Width": 108,"Actual Startup Time": 0.139,"Actual Total Time": 0.155,"Actual Rows": 5,"Actual Loops": 3,"Hash Buckets": 1024,"Original Hash Buckets": 1024,"Hash Batches": 1,"Original Hash Batches": 1,"Peak Memory Usage": 9,"Workers": [],"Plans": [{"Node Type": "Hash Join","Parent Relationship": "Outer","Parallel Aware": false,"Async Capable": false,"Join Type": "Inner","Startup Cost": 1.07,"Total Cost": 2.40,"Plan Rows": 1,"Plan Width": 108,"Actual Startup Time": 0.126,"Actual Total Time": 0.145,"Actual Rows": 5,"Actual Loops": 3,"Inner Unique": true,"Hash Cond": "(nation.n_regionkey = region.r_regionkey)","Workers": [],"Plans": [{"Node Type": "Seq Scan","Parent Relationship": "Outer","Parallel Aware": false,"Async Capable": false,"Relation Name": "nation","Alias": "nation","Startup Cost": 0.00,"Total Cost": 1.25,"Plan Rows": 25,"Plan Width": 112,"Actual Startup Time": 0.043,"Actual Total Time": 0.047,"Actual Rows": 25,"Actual Loops": 3,"Workers": []},{"Node Type": "Hash","Parent Relationship": "Inner","Parallel Aware": false,"Async Capable": false,"Startup Cost": 1.06,"Total Cost": 1.06,"Plan Rows": 1,"Plan Width": 4,"Actual Startup Time": 0.051,"Actual Total Time": 0.056,"Actual Rows": 1,"Actual Loops": 3,"Hash Buckets": 1024,"Original Hash Buckets": 1024,"Hash Batches": 1,"Original Hash Batches": 1,"Peak Memory Usage": 9,"Workers": [],"Plans": [{"Node Type": "Seq Scan","Parent Relationship": "Outer","Parallel Aware": false,"Async Capable": false,"Relation Name": "region","Alias": "region","Startup Cost": 0.00,"Total Cost": 1.06,"Plan Rows": 1,"Plan Width": 4,"Actual Startup Time": 0.037,"Actual Total Time": 0.039,"Actual Rows": 1,"Actual Loops": 3,"Filter": "(r_name = 'EUROPE'::bpchar)","Rows Removed by Filter": 4,"Workers": []}]}]}]}]},{"Node Type": "Index Scan","Parent Relationship": "Inner","Parallel Aware": false,"Async Capable": false,"Scan Direction": "Forward","Index Name": "idx_orders_custkey","Relation Name": "orders","Alias": "orders","Startup Cost": 0.43,"Total Cost": 1.55,"Plan Rows": 3,"Plan Width": 8,"Actual Startup Time": 0.017,"Actual Total Time": 0.040,"Actual Rows": 2,"Actual Loops": 30197,"Index Cond": "(o_custkey = customer.c_custkey)","Rows Removed by Index Recheck": 0,"Filter": "((o_orderdate >= '1995-01-01'::date) AND (o_orderdate < '1996-01-01 00:00:00'::timestamp without time zone))","Rows Removed by Filter": 9,"Workers": []}]},{"Node Type": "Index Scan","Parent Relationship": "Inner","Parallel Aware": false,"Async Capable": false,"Scan Direction": "Forward","Index Name": "idx_lineitem_orderkey","Relation Name": "lineitem","Alias": "lineitem","Startup Cost": 0.43,"Total Cost": 2.87,"Plan Rows": 17,"Plan Width": 20,"Actual Startup Time": 0.017,"Actual Total Time": 0.020,"Actual Rows": 4,"Actual Loops": 46197,"Index Cond": "(l_orderkey = orders.o_orderkey)","Rows Removed by Index Recheck": 0,"Workers": []}]},{"Node Type": "Hash","Parent Relationship": "Inner","Parallel Aware": false,"Async Capable": false,"Startup Cost": 322.00,"Total Cost": 322.00,"Plan Rows": 10000,"Plan Width": 8,"Actual Startup Time": 8.644,"Actual Total Time": 8.648,"Actual Rows": 10000,"Actual Loops": 3,"Hash Buckets": 16384,"Original Hash Buckets": 16384,"Hash Batches": 1,"Original Hash Batches": 1,"Peak Memory Usage": 519,"Workers": [],"Plans": [{"Node Type": "Seq Scan","Parent Relationship": "Outer","Parallel Aware": false,"Async Capable": false,"Relation Name": "supplier","Alias": "supplier","Startup Cost": 0.00,"Total Cost": 322.00,"Plan Rows": 10000,"Plan Width": 8,"Actual Startup Time": 0.045,"Actual Total Time": 6.681,"Actual Rows": 10000,"Actual Loops": 3,"Workers": []}]}]}]}]}]}]}]},"Planning Time": 10.340,"Triggers": [],"Execution Time": 863.182}]
[{"Plan": {"Node Type": "Sort","Parallel Aware": false,"Async Capable": false,"Startup Cost": 21565.81,"Total Cost": 21565.87,"Plan Rows": 25,"Plan Width": 136,"Actual Startup Time": 812.189,"Actual Total Time": 842.359,"Actual Rows": 5,"Actual Loops": 1,"Sort Key": ["(sum((lineitem.l_extendedprice * ('1'::numeric - lineitem.l_discount)))) DESC"],"Sort Method": "quicksort","Sort Space Used": 25,"Sort Space Type": "Memory","Plans": [{"Node Type": "Aggregate","Strategy": "Sorted","Partial Mode": "Finalize","Parent Relationship": "Outer","Parallel Aware": false,"Async Capable": false,"Startup Cost": 21550.86,"Total Cost": 21565.23,"Plan Rows": 25,"Plan Width": 136,"Actual Startup Time": 811.599,"Actual Total Time": 842.311,"Actual Rows": 5,"Actual Loops": 1,"Group Key": ["nation.n_name"],"Plans": [{"Node Type": "Gather Merge","Parent Relationship": "Outer","Parallel Aware": false,"Async Capable": false,"Startup Cost": 21550.86,"Total Cost": 21564.54,"Plan Rows": 50,"Plan Width": 136,"Actual Startup Time": 811.323,"Actual Total Time": 842.254,"Actual Rows": 15,"Actual Loops": 1,"Workers Planned": 2,"Workers Launched": 2,"Plans": [{"Node Type": "Aggregate","Strategy": "Sorted","Partial Mode": "Partial","Parent Relationship": "Outer","Parallel Aware": false,"Async Capable": false,"Startup Cost": 20550.84,"Total Cost": 20558.75,"Plan Rows": 25,"Plan Width": 136,"Actual Startup Time": 803.769,"Actual Total Time": 804.515,"Actual Rows": 5,"Actual Loops": 3,"Group Key": ["nation.n_name"],"Workers": [],"Plans": [{"Node Type": "Sort","Parent Relationship": "Outer","Parallel Aware": false,"Async Capable": false,"Startup Cost": 20550.84,"Total Cost": 20552.36,"Plan Rows": 608,"Plan Width": 116,"Actual Startup Time": 803.552,"Actual Total Time": 803.687,"Actual Rows": 2453,"Actual Loops": 3,"Sort Key": ["nation.n_name"],"Sort Method": "quicksort","Sort Space Used": 291,"Sort Space Type": "Memory","Workers": [{"Worker Number": 0,"Sort Method": "quicksort","Sort Space Used": 289,"Sort Space Type": "Memory"},{"Worker Number": 1,"Sort Method": "quicksort","Sort Space Used": 285,"Sort Space Type": "Memory"}],"Plans": [{"Node Type": "Hash Join","Parent Relationship": "Outer","Parallel Aware": false,"Async Capable": false,"Join Type": "Inner","Startup Cost": 475.27,"Total Cost": 20522.72,"Plan Rows": 608,"Plan Width": 116,"Actual Startup Time": 16.360,"Actual Total Time": 802.078,"Actual Rows": 2453,"Actual Loops": 3,"Inner Unique": true,"Hash Cond": "((lineitem.l_suppkey = supplier.s_suppkey) AND (customer.c_nationkey = supplier.s_nationkey))","Workers": [],"Plans": [{"Node Type": "Nested Loop","Parent Relationship": "Outer","Parallel Aware": false,"Async Capable": false,"Join Type": "Inner","Startup Cost": 3.27,"Total Cost": 19970.84,"Plan Rows": 15215,"Plan Width": 128,"Actual Startup Time": 0.560,"Actual Total Time": 757.067,"Actual Rows": 60975,"Actual Loops": 3,"Inner Unique": false,"Workers": [],"Plans": [{"Node Type": "Nested Loop","Parent Relationship": "Outer","Parallel Aware": false,"Async Capable": false,"Join Type": "Inner","Startup Cost": 2.84,"Total Cost": 8414.26,"Plan Rows": 3803,"Plan Width": 116,"Actual Startup Time": 0.451,"Actual Total Time": 451.841,"Actual Rows": 15295,"Actual Loops": 3,"Inner Unique": false,"Workers": [],"Plans": [{"Node Type": "Hash Join","Parent Relationship": "Outer","Parallel Aware": false,"Async Capable": false,"Join Type": "Inner","Startup Cost": 2.41,"Total Cost": 4471.79,"Plan Rows": 2500,"Plan Width": 116,"Actual Startup Time": 0.247,"Actual Total Time": 55.129,"Actual Rows": 10061,"Actual Loops": 3,"Inner Unique": false,"Hash Cond": "(customer.c_nationkey = nation.n_nationkey)","Workers": [],"Plans": [{"Node Type": "Seq Scan","Parent Relationship": "Outer","Parallel Aware": true,"Async Capable": false,"Relation Name": "customer","Alias": "customer","Startup Cost": 0.00,"Total Cost": 4210.00,"Plan Rows": 62500,"Plan Width": 8,"Actual Startup Time": 0.010,"Actual Total Time": 9.469,"Actual Rows": 50000,"Actual Loops": 3,"Workers": []},{"Node Type": "Hash","Parent Relationship": "Inner","Parallel Aware": false,"Async Capable": false,"Startup Cost": 2.40,"Total Cost": 2.40,"Plan Rows": 1,"Plan Width": 108,"Actual Startup Time": 0.154,"Actual Total Time": 0.175,"Actual Rows": 5,"Actual Loops": 3,"Hash Buckets": 1024,"Original Hash Buckets": 1024,"Hash Batches": 1,"Original Hash Batches": 1,"Peak Memory Usage": 9,"Workers": [],"Plans": [{"Node Type": "Hash Join","Parent Relationship": "Outer","Parallel Aware": false,"Async Capable": false,"Join Type": "Inner","Startup Cost": 1.07,"Total Cost": 2.40,"Plan Rows": 1,"Plan Width": 108,"Actual Startup Time": 0.142,"Actual Total Time": 0.165,"Actual Rows": 5,"Actual Loops": 3,"Inner Unique": true,"Hash Cond": "(nation.n_regionkey = region.r_regionkey)","Workers": [],"Plans": [{"Node Type": "Seq Scan","Parent Relationship": "Outer","Parallel Aware": false,"Async Capable": false,"Relation Name": "nation","Alias": "nation","Startup Cost": 0.00,"Total Cost": 1.25,"Plan Rows": 25,"Plan Width": 112,"Actual Startup Time": 0.058,"Actual Total Time": 0.062,"Actual Rows": 25,"Actual Loops": 3,"Workers": []},{"Node Type": "Hash","Parent Relationship": "Inner","Parallel Aware": false,"Async Capable": false,"Startup Cost": 1.06,"Total Cost": 1.06,"Plan Rows": 1,"Plan Width": 4,"Actual Startup Time": 0.056,"Actual Total Time": 0.065,"Actual Rows": 1,"Actual Loops": 3,"Hash Buckets": 1024,"Original Hash Buckets": 1024,"Hash Batches": 1,"Original Hash Batches": 1,"Peak Memory Usage": 9,"Workers": [],"Plans": [{"Node Type": "Seq Scan","Parent Relationship": "Outer","Parallel Aware": false,"Async Capable": false,"Relation Name": "region","Alias": "region","Startup Cost": 0.00,"Total Cost": 1.06,"Plan Rows": 1,"Plan Width": 4,"Actual Startup Time": 0.045,"Actual Total Time": 0.048,"Actual Rows": 1,"Actual Loops": 3,"Filter": "(r_name = 'ASIA'::bpchar)","Rows Removed by Filter": 4,"Workers": []}]}]}]}]},{"Node Type": "Index Scan","Parent Relationship": "Inner","Parallel Aware": false,"Async Capable": false,"Scan Direction": "Forward","Index Name": "idx_orders_custkey","Relation Name": "orders","Alias": "orders","Startup Cost": 0.43,"Total Cost": 1.55,"Plan Rows": 3,"Plan Width": 8,"Actual Startup Time": 0.017,"Actual Total Time": 0.039,"Actual Rows": 2,"Actual Loops": 30183,"Index Cond": "(o_custkey = customer.c_custkey)","Rows Removed by Index Recheck": 0,"Filter": "((o_orderdate >= '1997-01-01'::date) AND (o_orderdate < '1998-01-01 00:00:00'::timestamp without time zone))","Rows Removed by Filter": 8,"Workers": []}]},{"Node Type": "Index Scan","Parent Relationship": "Inner","Parallel Aware": false,"Async Capable": false,"Scan Direction": "Forward","Index Name": "idx_lineitem_orderkey","Relation Name": "lineitem","Alias": "lineitem","Startup Cost": 0.43,"Total Cost": 2.87,"Plan Rows": 17,"Plan Width": 20,"Actual Startup Time": 0.017,"Actual Total Time": 0.019,"Actual Rows": 4,"Actual Loops": 45884,"Index Cond": "(l_orderkey = orders.o_orderkey)","Rows Removed by Index Recheck": 0,"Workers": []}]},{"Node Type": "Hash","Parent Relationship": "Inner","Parallel Aware": false,"Async Capable": false,"Startup Cost": 322.00,"Total Cost": 322.00,"Plan Rows": 10000,"Plan Width": 8,"Actual Startup Time": 13.288,"Actual Total Time": 13.293,"Actual Rows": 10000,"Actual Loops": 3,"Hash Buckets": 16384,"Original Hash Buckets": 16384,"Hash Batches": 1,"Original Hash Batches": 1,"Peak Memory Usage": 519,"Workers": [],"Plans": [{"Node Type": "Seq Scan","Parent Relationship": "Outer","Parallel Aware": false,"Async Capable": false,"Relation Name": "supplier","Alias": "supplier","Startup Cost": 0.00,"Total Cost": 322.00,"Plan Rows": 10000,"Plan Width": 8,"Actual Startup Time": 0.036,"Actual Total Time": 11.595,"Actual Rows": 10000,"Actual Loops": 3,"Workers": []}]}]}]}]}]}]}]},"Planning Time": 10.446,"Triggers": [],"Execution Time": 842.801}]
[{"Plan": {"Node Type": "Sort","Parallel Aware": false,"Async Capable": false,"Startup Cost": 21612.43,"Total Cost": 21612.50,"Plan Rows": 25,"Plan Width": 136,"Actual Startup Time": 835.932,"Actual Total Time": 867.365,"Actual Rows": 5,"Actual Loops": 1,"Sort Key": ["(sum((lineitem.l_extendedprice * ('1'::numeric - lineitem.l_discount)))) DESC"],"Sort Method": "quicksort","Sort Space Used": 25,"Sort Space Type": "Memory","Plans": [{"Node Type": "Aggregate","Strategy": "Sorted","Partial Mode": "Finalize","Parent Relationship": "Outer","Parallel Aware": false,"Async Capable": false,"Startup Cost": 21597.38,"Total Cost": 21611.85,"Plan Rows": 25,"Plan Width": 136,"Actual Startup Time": 835.364,"Actual Total Time": 867.318,"Actual Rows": 5,"Actual Loops": 1,"Group Key": ["nation.n_name"],"Plans": [{"Node Type": "Gather Merge","Parent Relationship": "Outer","Parallel Aware": false,"Async Capable": false,"Startup Cost": 21597.38,"Total Cost": 21611.17,"Plan Rows": 50,"Plan Width": 136,"Actual Startup Time": 835.179,"Actual Total Time": 867.277,"Actual Rows": 15,"Actual Loops": 1,"Workers Planned": 2,"Workers Launched": 2,"Plans": [{"Node Type": "Aggregate","Strategy": "Sorted","Partial Mode": "Partial","Parent Relationship": "Outer","Parallel Aware": false,"Async Capable": false,"Startup Cost": 20597.36,"Total Cost": 20605.37,"Plan Rows": 25,"Plan Width": 136,"Actual Startup Time": 826.891,"Actual Total Time": 827.596,"Actual Rows": 5,"Actual Loops": 3,"Group Key": ["nation.n_name"],"Workers": [],"Plans": [{"Node Type": "Sort","Parent Relationship": "Outer","Parallel Aware": false,"Async Capable": false,"Startup Cost": 20597.36,"Total Cost": 20598.90,"Plan Rows": 616,"Plan Width": 116,"Actual Startup Time": 826.692,"Actual Total Time": 826.817,"Actual Rows": 2422,"Actual Loops": 3,"Sort Key": ["nation.n_name"],"Sort Method": "quicksort","Sort Space Used": 284,"Sort Space Type": "Memory","Workers": [{"Worker Number": 0,"Sort Method": "quicksort","Sort Space Used": 289,"Sort Space Type": "Memory"},{"Worker Number": 1,"Sort Method": "quicksort","Sort Space Used": 285,"Sort Space Type": "Memory"}],"Plans": [{"Node Type": "Hash Join","Parent Relationship": "Outer","Parallel Aware": false,"Async Capable": false,"Join Type": "Inner","Startup Cost": 475.27,"Total Cost": 20568.82,"Plan Rows": 616,"Plan Width": 116,"Actual Startup Time": 12.416,"Actual Total Time": 825.180,"Actual Rows": 2422,"Actual Loops": 3,"Inner Unique": true,"Hash Cond": "((lineitem.l_suppkey = supplier.s_suppkey) AND (customer.c_nationkey = supplier.s_nationkey))","Workers": [],"Plans": [{"Node Type": "Nested Loop","Parent Relationship": "Outer","Parallel Aware": false,"Async Capable": false,"Join Type": "Inner","Startup Cost": 3.27,"Total Cost": 20015.89,"Plan Rows": 15415,"Plan Width": 128,"Actual Startup Time": 0.717,"Actual Total Time": 776.964,"Actual Rows": 61524,"Actual Loops": 3,"Inner Unique": false,"Workers": [],"Plans": [{"Node Type": "Nested Loop","Parent Relationship": "Outer","Parallel Aware": false,"Async Capable": false,"Join Type": "Inner","Startup Cost": 2.84,"Total Cost": 8414.26,"Plan Rows": 3853,"Plan Width": 116,"Actual Startup Time": 0.594,"Actual Total Time": 468.318,"Actual Rows": 15364,"Actual Loops": 3,"Inner Unique": false,"Workers": [],"Plans": [{"Node Type": "Hash Join","Parent Relationship": "Outer","Parallel Aware": false,"Async Capable": false,"Join Type": "Inner","Startup Cost": 2.41,"Total Cost": 4471.79,"Plan Rows": 2500,"Plan Width": 116,"Actual Startup Time": 0.257,"Actual Total Time": 59.024,"Actual Rows": 10066,"Actual Loops": 3,"Inner Unique": false,"Hash Cond": "(customer.c_nationkey = nation.n_nationkey)","Workers": [],"Plans": [{"Node Type": "Seq Scan","Parent Relationship": "Outer","Parallel Aware": true,"Async Capable": false,"Relation Name": "customer","Alias": "customer","Startup Cost": 0.00,"Total Cost": 4210.00,"Plan Rows": 62500,"Plan Width": 8,"Actual Startup Time": 0.018,"Actual Total Time": 10.025,"Actual Rows": 50000,"Actual Loops": 3,"Workers": []},{"Node Type": "Hash","Parent Relationship": "Inner","Parallel Aware": false,"Async Capable": false,"Startup Cost": 2.40,"Total Cost": 2.40,"Plan Rows": 1,"Plan Width": 108,"Actual Startup Time": 0.151,"Actual Total Time": 0.168,"Actual Rows": 5,"Actual Loops": 3,"Hash Buckets": 1024,"Original Hash Buckets": 1024,"Hash Batches": 1,"Original Hash Batches": 1,"Peak Memory Usage": 9,"Workers": [],"Plans": [{"Node Type": "Hash Join","Parent Relationship": "Outer","Parallel Aware": false,"Async Capable": false,"Join Type": "Inner","Startup Cost": 1.07,"Total Cost": 2.40,"Plan Rows": 1,"Plan Width": 108,"Actual Startup Time": 0.138,"Actual Total Time": 0.159,"Actual Rows": 5,"Actual Loops": 3,"Inner Unique": true,"Hash Cond": "(nation.n_regionkey = region.r_regionkey)","Workers": [],"Plans": [{"Node Type": "Seq Scan","Parent Relationship": "Outer","Parallel Aware": false,"Async Capable": false,"Relation Name": "nation","Alias": "nation","Startup Cost": 0.00,"Total Cost": 1.25,"Plan Rows": 25,"Plan Width": 112,"Actual Startup Time": 0.050,"Actual Total Time": 0.055,"Actual Rows": 25,"Actual Loops": 3,"Workers": []},{"Node Type": "Hash","Parent Relationship": "Inner","Parallel Aware": false,"Async Capable": false,"Startup Cost": 1.06,"Total Cost": 1.06,"Plan Rows": 1,"Plan Width": 4,"Actual Startup Time": 0.059,"Actual Total Time": 0.064,"Actual Rows": 1,"Actual Loops": 3,"Hash Buckets": 1024,"Original Hash Buckets": 1024,"Hash Batches": 1,"Original Hash Batches": 1,"Peak Memory Usage": 9,"Workers": [],"Plans": [{"Node Type": "Seq Scan","Parent Relationship": "Outer","Parallel Aware": false,"Async Capable": false,"Relation Name": "region","Alias": "region","Startup Cost": 0.00,"Total Cost": 1.06,"Plan Rows": 1,"Plan Width": 4,"Actual Startup Time": 0.043,"Actual Total Time": 0.045,"Actual Rows": 1,"Actual Loops": 3,"Filter": "(r_name = 'EUROPE'::bpchar)","Rows Removed by Filter": 4,"Workers": []}]}]}]}]},{"Node Type": "Index Scan","Parent Relationship": "Inner","Parallel Aware": false,"Async Capable": false,"Scan Direction": "Forward","Index Name": "idx_orders_custkey","Relation Name": "orders","Alias": "orders","Startup Cost": 0.43,"Total Cost": 1.55,"Plan Rows": 3,"Plan Width": 8,"Actual Startup Time": 0.017,"Actual Total Time": 0.040,"Actual Rows": 2,"Actual Loops": 30197,"Index Cond": "(o_custkey = customer.c_custkey)","Rows Removed by Index Recheck": 0,"Filter": "((o_orderdate >= '1994-01-01'::date) AND (o_orderdate < '1995-01-01 00:00:00'::timestamp without time zone))","Rows Removed by Filter": 9,"Workers": []}]},{"Node Type": "Index Scan","Parent Relationship": "Inner","Parallel Aware": false,"Async Capable": false,"Scan Direction": "Forward","Index Name": "idx_lineitem_orderkey","Relation Name": "lineitem","Alias": "lineitem","Startup Cost": 0.43,"Total Cost": 2.84,"Plan Rows": 17,"Plan Width": 20,"Actual Startup Time": 0.017,"Actual Total Time": 0.019,"Actual Rows": 4,"Actual Loops": 46093,"Index Cond": "(l_orderkey = orders.o_orderkey)","Rows Removed by Index Recheck": 0,"Workers": []}]},{"Node Type": "Hash","Parent Relationship": "Inner","Parallel Aware": false,"Async Capable": false,"Startup Cost": 322.00,"Total Cost": 322.00,"Plan Rows": 10000,"Plan Width": 8,"Actual Startup Time": 10.479,"Actual Total Time": 10.484,"Actual Rows": 10000,"Actual Loops": 3,"Hash Buckets": 16384,"Original Hash Buckets": 16384,"Hash Batches": 1,"Original Hash Batches": 1,"Peak Memory Usage": 519,"Workers": [],"Plans": [{"Node Type": "Seq Scan","Parent Relationship": "Outer","Parallel Aware": false,"Async Capable": false,"Relation Name": "supplier","Alias": "supplier","Startup Cost": 0.00,"Total Cost": 322.00,"Plan Rows": 10000,"Plan Width": 8,"Actual Startup Time": 0.042,"Actual Total Time": 8.711,"Actual Rows": 10000,"Actual Loops": 3,"Workers": []}]}]}]}]}]}]}]},"Planning Time": 9.647,"Triggers": [],"Execution Time": 867.883}]
[{"Plan": {"Node Type": "Sort","Parallel Aware": false,"Async Capable": false,"Startup Cost": 21616.39,"Total Cost": 21616.45,"Plan Rows": 25,"Plan Width": 136,"Actual Startup Time": 848.991,"Actual Total Time": 881.316,"Actual Rows": 5,"Actual Loops": 1,"Sort Key": ["(sum((lineitem.l_extendedprice * ('1'::numeric - lineitem.l_discount)))) DESC"],"Sort Method": "quicksort","Sort Space Used": 25,"Sort Space Type": "Memory","Plans": [{"Node Type": "Aggregate","Strategy": "Sorted","Partial Mode": "Finalize","Parent Relationship": "Outer","Parallel Aware": false,"Async Capable": false,"Startup Cost": 21601.33,"Total Cost": 21615.81,"Plan Rows": 25,"Plan Width": 136,"Actual Startup Time": 848.402,"Actual Total Time": 881.262,"Actual Rows": 5,"Actual Loops": 1,"Group Key": ["nation.n_name"],"Plans": [{"Node Type": "Gather Merge","Parent Relationship": "Outer","Parallel Aware": false,"Async Capable": false,"Startup Cost": 21601.33,"Total Cost": 21615.12,"Plan Rows": 50,"Plan Width": 136,"Actual Startup Time": 848.176,"Actual Total Time": 881.211,"Actual Rows": 15,"Actual Loops": 1,"Workers Planned": 2,"Workers Launched": 2,"Plans": [{"Node Type": "Aggregate","Strategy": "Sorted","Partial Mode": "Partial","Parent Relationship": "Outer","Parallel Aware": false,"Async Capable": false,"Startup Cost": 20601.30,"Total Cost": 20609.33,"Plan Rows": 25,"Plan Width": 136,"Actual Startup Time": 841.096,"Actual Total Time": 841.805,"Actual Rows": 5,"Actual Loops": 3,"Group Key": ["nation.n_name"],"Workers": [],"Plans": [{"Node Type": "Sort","Parent Relationship": "Outer","Parallel Aware": false,"Async Capable": false,"Startup Cost": 20601.30,"Total Cost": 20602.85,"Plan Rows": 617,"Plan Width": 116,"Actual Startup Time": 840.878,"Actual Total Time": 841.005,"Actual Rows": 2453,"Actual Loops": 3,"Sort Key": ["nation.n_name"],"Sort Method": "quicksort","Sort Space Used": 289,"Sort Space Type": "Memory","Workers": [{"Worker Number": 0,"Sort Method": "quicksort","Sort Space Used": 295,"Sort Space Type": "Memory"},{"Worker Number": 1,"Sort Method": "quicksort","Sort Space Used": 281,"Sort Space Type": "Memory"}],"Plans": [{"Node Type": "Hash Join","Parent Relationship": "Outer","Parallel Aware": false,"Async Capable": false,"Join Type": "Inner","Startup Cost": 475.27,"Total Cost": 20572.71,"Plan Rows": 617,"Plan Width": 116,"Actual Startup Time": 10.379,"Actual Total Time": 839.260,"Actual Rows": 2453,"Actual Loops": 3,"Inner Unique": true,"Hash Cond": "((lineitem.l_suppkey = supplier.s_suppkey) AND (customer.c_nationkey = supplier.s_nationkey))","Workers": [],"Plans": [{"Node Type": "Nested Loop","Parent Relationship": "Outer","Parallel Aware": false,"Async Capable": false,"Join Type": "Inner","Startup Cost": 3.27,"Total Cost": 20019.70,"Plan Rows": 15431,"Plan Width": 128,"Actual Startup Time": 0.539,"Actual Total Time": 793.839,"Actual Rows": 61906,"Actual Loops": 3,"Inner Unique": false,"Workers": [],"Plans": [{"Node Type": "Nested Loop","Parent Relationship": "Outer","Parallel Aware": false,"Async Capable": false,"Join Type": "Inner","Startup Cost": 2.84,"Total Cost": 8414.26,"Plan Rows": 3857,"Plan Width": 116,"Actual Startup Time": 0.431,"Actual Total Time": 473.927,"Actual Rows": 15506,"Actual Loops": 3,"Inner Unique": false,"Workers": [],"Plans": [{"Node Type": "Hash Join","Parent Relationship": "Outer","Parallel Aware": false,"Async Capable": false,"Join Type": "Inner","Startup Cost": 2.41,"Total Cost": 4471.79,"Plan Rows": 2500,"Plan Width": 116,"Actual Startup Time": 0.234,"Actual Total Time": 55.451,"Actual Rows": 10066,"Actual Loops": 3,"Inner Unique": false,"Hash Cond": "(customer.c_nationkey = nation.n_nationkey)","Workers": [],"Plans": [{"Node Type": "Seq Scan","Parent Relationship": "Outer","Parallel Aware": true,"Async Capable": false,"Relation Name": "customer","Alias": "customer","Startup Cost": 0.00,"Total Cost": 4210.00,"Plan Rows": 62500,"Plan Width": 8,"Actual Startup Time": 0.019,"Actual Total Time": 9.720,"Actual Rows": 50000,"Actual Loops": 3,"Workers": []},{"Node Type": "Hash","Parent Relationship": "Inner","Parallel Aware": false,"Async Capable": false,"Startup Cost": 2.40,"Total Cost": 2.40,"Plan Rows": 1,"Plan Width": 108,"Actual Startup Time": 0.128,"Actual Total Time": 0.148,"Actual Rows": 5,"Actual Loops": 3,"Hash Buckets": 1024,"Original Hash Buckets": 1024,"Hash Batches": 1,"Original Hash Batches": 1,"Peak Memory Usage": 9,"Workers": [],"Plans": [{"Node Type": "Hash Join","Parent Relationship": "Outer","Parallel Aware": false,"Async Capable": false,"Join Type": "Inner","Startup Cost": 1.07,"Total Cost": 2.40,"Plan Rows": 1,"Plan Width": 108,"Actual Startup Time": 0.115,"Actual Total Time": 0.137,"Actual Rows": 5,"Actual Loops": 3,"Inner Unique": true,"Hash Cond": "(nation.n_regionkey = region.r_regionkey)","Workers": [],"Plans": [{"Node Type": "Seq Scan","Parent Relationship": "Outer","Parallel Aware": false,"Async Capable": false,"Relation Name": "nation","Alias": "nation","Startup Cost": 0.00,"Total Cost": 1.25,"Plan Rows": 25,"Plan Width": 112,"Actual Startup Time": 0.040,"Actual Total Time": 0.044,"Actual Rows": 25,"Actual Loops": 3,"Workers": []},{"Node Type": "Hash","Parent Relationship": "Inner","Parallel Aware": false,"Async Capable": false,"Startup Cost": 1.06,"Total Cost": 1.06,"Plan Rows": 1,"Plan Width": 4,"Actual Startup Time": 0.046,"Actual Total Time": 0.051,"Actual Rows": 1,"Actual Loops": 3,"Hash Buckets": 1024,"Original Hash Buckets": 1024,"Hash Batches": 1,"Original Hash Batches": 1,"Peak Memory Usage": 9,"Workers": [],"Plans": [{"Node Type": "Seq Scan","Parent Relationship": "Outer","Parallel Aware": false,"Async Capable": false,"Relation Name": "region","Alias": "region","Startup Cost": 0.00,"Total Cost": 1.06,"Plan Rows": 1,"Plan Width": 4,"Actual Startup Time": 0.033,"Actual Total Time": 0.034,"Actual Rows": 1,"Actual Loops": 3,"Filter": "(r_name = 'EUROPE'::bpchar)","Rows Removed by Filter": 4,"Workers": []}]}]}]}]},{"Node Type": "Index Scan","Parent Relationship": "Inner","Parallel Aware": false,"Async Capable": false,"Scan Direction": "Forward","Index Name": "idx_orders_custkey","Relation Name": "orders","Alias": "orders","Startup Cost": 0.43,"Total Cost": 1.55,"Plan Rows": 3,"Plan Width": 8,"Actual Startup Time": 0.017,"Actual Total Time": 0.041,"Actual Rows": 2,"Actual Loops": 30197,"Index Cond": "(o_custkey = customer.c_custkey)","Rows Removed by Index Recheck": 0,"Filter": "((o_orderdate >= '1996-01-01'::date) AND (o_orderdate < '1997-01-01 00:00:00'::timestamp without time zone))","Rows Removed by Filter": 9,"Workers": []}]},{"Node Type": "Index Scan","Parent Relationship": "Inner","Parallel Aware": false,"Async Capable": false,"Scan Direction": "Forward","Index Name": "idx_lineitem_orderkey","Relation Name": "lineitem","Alias": "lineitem","Startup Cost": 0.43,"Total Cost": 2.84,"Plan Rows": 17,"Plan Width": 20,"Actual Startup Time": 0.017,"Actual Total Time": 0.020,"Actual Rows": 4,"Actual Loops": 46518,"Index Cond": "(l_orderkey = orders.o_orderkey)","Rows Removed by Index Recheck": 0,"Workers": []}]},{"Node Type": "Hash","Parent Relationship": "Inner","Parallel Aware": false,"Async Capable": false,"Startup Cost": 322.00,"Total Cost": 322.00,"Plan Rows": 10000,"Plan Width": 8,"Actual Startup Time": 8.337,"Actual Total Time": 8.340,"Actual Rows": 10000,"Actual Loops": 3,"Hash Buckets": 16384,"Original Hash Buckets": 16384,"Hash Batches": 1,"Original Hash Batches": 1,"Peak Memory Usage": 519,"Workers": [],"Plans": [{"Node Type": "Seq Scan","Parent Relationship": "Outer","Parallel Aware": false,"Async Capable": false,"Relation Name": "supplier","Alias": "supplier","Startup Cost": 0.00,"Total Cost": 322.00,"Plan Rows": 10000,"Plan Width": 8,"Actual Startup Time": 0.039,"Actual Total Time": 6.479,"Actual Rows": 10000,"Actual Loops": 3,"Workers": []}]}]}]}]}]}]}]},"Planning Time": 9.377,"Triggers": [],"Execution Time": 881.912}]
[{"Plan": {"Node Type": "Sort","Parallel Aware": false,"Async Capable": false,"Startup Cost": 21616.39,"Total Cost": 21616.45,"Plan Rows": 25,"Plan Width": 136,"Actual Startup Time": 817.171,"Actual Total Time": 848.557,"Actual Rows": 5,"Actual Loops": 1,"Sort Key": ["(sum((lineitem.l_extendedprice * ('1'::numeric - lineitem.l_discount)))) DESC"],"Sort Method": "quicksort","Sort Space Used": 25,"Sort Space Type": "Memory","Plans": [{"Node Type": "Aggregate","Strategy": "Sorted","Partial Mode": "Finalize","Parent Relationship": "Outer","Parallel Aware": false,"Async Capable": false,"Startup Cost": 21601.33,"Total Cost": 21615.81,"Plan Rows": 25,"Plan Width": 136,"Actual Startup Time": 816.250,"Actual Total Time": 848.503,"Actual Rows": 5,"Actual Loops": 1,"Group Key": ["nation.n_name"],"Plans": [{"Node Type": "Gather Merge","Parent Relationship": "Outer","Parallel Aware": false,"Async Capable": false,"Startup Cost": 21601.33,"Total Cost": 21615.12,"Plan Rows": 50,"Plan Width": 136,"Actual Startup Time": 815.620,"Actual Total Time": 848.441,"Actual Rows": 15,"Actual Loops": 1,"Workers Planned": 2,"Workers Launched": 2,"Plans": [{"Node Type": "Aggregate","Strategy": "Sorted","Partial Mode": "Partial","Parent Relationship": "Outer","Parallel Aware": false,"Async Capable": false,"Startup Cost": 20601.30,"Total Cost": 20609.33,"Plan Rows": 25,"Plan Width": 136,"Actual Startup Time": 807.499,"Actual Total Time": 808.444,"Actual Rows": 5,"Actual Loops": 3,"Group Key": ["nation.n_name"],"Workers": [],"Plans": [{"Node Type": "Sort","Parent Relationship": "Outer","Parallel Aware": false,"Async Capable": false,"Startup Cost": 20601.30,"Total Cost": 20602.85,"Plan Rows": 617,"Plan Width": 116,"Actual Startup Time": 807.276,"Actual Total Time": 807.432,"Actual Rows": 2427,"Actual Loops": 3,"Sort Key": ["nation.n_name"],"Sort Method": "quicksort","Sort Space Used": 295,"Sort Space Type": "Memory","Workers": [{"Worker Number": 0,"Sort Method": "quicksort","Sort Space Used": 285,"Sort Space Type": "Memory"},{"Worker Number": 1,"Sort Method": "quicksort","Sort Space Used": 279,"Sort Space Type": "Memory"}],"Plans": [{"Node Type": "Hash Join","Parent Relationship": "Outer","Parallel Aware": false,"Async Capable": false,"Join Type": "Inner","Startup Cost": 475.27,"Total Cost": 20572.71,"Plan Rows": 617,"Plan Width": 116,"Actual Startup Time": 13.659,"Actual Total Time": 805.763,"Actual Rows": 2427,"Actual Loops": 3,"Inner Unique": true,"Hash Cond": "((lineitem.l_suppkey = supplier.s_suppkey) AND (customer.c_nationkey = supplier.s_nationkey))","Workers": [],"Plans": [{"Node Type": "Nested Loop","Parent Relationship": "Outer","Parallel Aware": false,"Async Capable": false,"Join Type": "Inner","Startup Cost": 3.27,"Total Cost": 20019.70,"Plan Rows": 15431,"Plan Width": 128,"Actual Startup Time": 0.940,"Actual Total Time": 760.394,"Actual Rows": 61187,"Actual Loops": 3,"Inner Unique": false,"Workers": [],"Plans": [{"Node Type": "Nested Loop","Parent Relationship": "Outer","Parallel Aware": false,"Async Capable": false,"Join Type": "Inner","Startup Cost": 2.84,"Total Cost": 8414.26,"Plan Rows": 3857,"Plan Width": 116,"Actual Startup Time": 0.804,"Actual Total Time": 453.891,"Actual Rows": 15325,"Actual Loops": 3,"Inner Unique": false,"Workers": [],"Plans": [{"Node Type": "Hash Join","Parent Relationship": "Outer","Parallel Aware": false,"Async Capable": false,"Join Type": "Inner","Startup Cost": 2.41,"Total Cost": 4471.79,"Plan Rows": 2500,"Plan Width": 116,"Actual Startup Time": 0.319,"Actual Total Time": 55.842,"Actual Rows": 10061,"Actual Loops": 3,"Inner Unique": false,"Hash Cond": "(customer.c_nationkey = nation.n_nationkey)","Workers": [],"Plans": [{"Node Type": "Seq Scan","Parent Relationship": "Outer","Parallel Aware": true,"Async Capable": false,"Relation Name": "customer","Alias": "customer","Startup Cost": 0.00,"Total Cost": 4210.00,"Plan Rows": 62500,"Plan Width": 8,"Actual Startup Time": 0.026,"Actual Total Time": 9.689,"Actual Rows": 50000,"Actual Loops": 3,"Workers": []},{"Node Type": "Hash","Parent Relationship": "Inner","Parallel Aware": false,"Async Capable": false,"Startup Cost": 2.40,"Total Cost": 2.40,"Plan Rows": 1,"Plan Width": 108,"Actual Startup Time": 0.180,"Actual Total Time": 0.198,"Actual Rows": 5,"Actual Loops": 3,"Hash Buckets": 1024,"Original Hash Buckets": 1024,"Hash Batches": 1,"Original Hash Batches": 1,"Peak Memory Usage": 9,"Workers": [],"Plans": [{"Node Type": "Hash Join","Parent Relationship": "Outer","Parallel Aware": false,"Async Capable": false,"Join Type": "Inner","Startup Cost": 1.07,"Total Cost": 2.40,"Plan Rows": 1,"Plan Width": 108,"Actual Startup Time": 0.166,"Actual Total Time": 0.188,"Actual Rows": 5,"Actual Loops": 3,"Inner Unique": true,"Hash Cond": "(nation.n_regionkey = region.r_regionkey)","Workers": [],"Plans": [{"Node Type": "Seq Scan","Parent Relationship": "Outer","Parallel Aware": false,"Async Capable": false,"Relation Name": "nation","Alias": "nation","Startup Cost": 0.00,"Total Cost": 1.25,"Plan Rows": 25,"Plan Width": 112,"Actual Startup Time": 0.055,"Actual Total Time": 0.060,"Actual Rows": 25,"Actual Loops": 3,"Workers": []},{"Node Type": "Hash","Parent Relationship": "Inner","Parallel Aware": false,"Async Capable": false,"Startup Cost": 1.06,"Total Cost": 1.06,"Plan Rows": 1,"Plan Width": 4,"Actual Startup Time": 0.079,"Actual Total Time": 0.084,"Actual Rows": 1,"Actual Loops": 3,"Hash Buckets": 1024,"Original Hash Buckets": 1024,"Hash Batches": 1,"Original Hash Batches": 1,"Peak Memory Usage": 9,"Workers": [],"Plans": [{"Node Type": "Seq Scan","Parent Relationship": "Outer","Parallel Aware": false,"Async Capable": false,"Relation Name": "region","Alias": "region","Startup Cost": 0.00,"Total Cost": 1.06,"Plan Rows": 1,"Plan Width": 4,"Actual Startup Time": 0.058,"Actual Total Time": 0.061,"Actual Rows": 1,"Actual Loops": 3,"Filter": "(r_name = 'ASIA'::bpchar)","Rows Removed by Filter": 4,"Workers": []}]}]}]}]},{"Node Type": "Index Scan","Parent Relationship": "Inner","Parallel Aware": false,"Async Capable": false,"Scan Direction": "Forward","Index Name": "idx_orders_custkey","Relation Name": "orders","Alias": "orders","Startup Cost": 0.43,"Total Cost": 1.55,"Plan Rows": 3,"Plan Width": 8,"Actual Startup Time": 0.017,"Actual Total Time": 0.039,"Actual Rows": 2,"Actual Loops": 30183,"Index Cond": "(o_custkey = customer.c_custkey)","Rows Removed by Index Recheck": 0,"Filter": "((o_orderdate >= '1996-01-01'::date) AND (o_orderdate < '1997-01-01 00:00:00'::timestamp without time zone))","Rows Removed by Filter": 8,"Workers": []}]},{"Node Type": "Index Scan","Parent Relationship": "Inner","Parallel Aware": false,"Async Capable": false,"Scan Direction": "Forward","Index Name": "idx_lineitem_orderkey","Relation Name": "lineitem","Alias": "lineitem","Startup Cost": 0.43,"Total Cost": 2.84,"Plan Rows": 17,"Plan Width": 20,"Actual Startup Time": 0.017,"Actual Total Time": 0.019,"Actual Rows": 4,"Actual Loops": 45976,"Index Cond": "(l_orderkey = orders.o_orderkey)","Rows Removed by Index Recheck": 0,"Workers": []}]},{"Node Type": "Hash","Parent Relationship": "Inner","Parallel Aware": false,"Async Capable": false,"Startup Cost": 322.00,"Total Cost": 322.00,"Plan Rows": 10000,"Plan Width": 8,"Actual Startup Time": 12.172,"Actual Total Time": 12.179,"Actual Rows": 10000,"Actual Loops": 3,"Hash Buckets": 16384,"Original Hash Buckets": 16384,"Hash Batches": 1,"Original Hash Batches": 1,"Peak Memory Usage": 519,"Workers": [],"Plans": [{"Node Type": "Seq Scan","Parent Relationship": "Outer","Parallel Aware": false,"Async Capable": false,"Relation Name": "supplier","Alias": "supplier","Startup Cost": 0.00,"Total Cost": 322.00,"Plan Rows": 10000,"Plan Width": 8,"Actual Startup Time": 0.048,"Actual Total Time": 10.623,"Actual Rows": 10000,"Actual Loops": 3,"Workers": []}]}]}]}]}]}]}]},"Planning Time": 10.688,"Triggers": [],"Execution Time": 848.991}]
[{"Plan": {"Node Type": "Sort","Parallel Aware": false,"Async Capable": false,"Startup Cost": 21565.24,"Total Cost": 21565.30,"Plan Rows": 25,"Plan Width": 136,"Actual Startup Time": 809.309,"Actual Total Time": 841.501,"Actual Rows": 5,"Actual Loops": 1,"Sort Key": ["(sum((lineitem.l_extendedprice * ('1'::numeric - lineitem.l_discount)))) DESC"],"Sort Method": "quicksort","Sort Space Used": 25,"Sort Space Type": "Memory","Plans": [{"Node Type": "Aggregate","Strategy": "Sorted","Partial Mode": "Finalize","Parent Relationship": "Outer","Parallel Aware": false,"Async Capable": false,"Startup Cost": 21550.29,"Total Cost": 21564.66,"Plan Rows": 25,"Plan Width": 136,"Actual Startup Time": 808.678,"Actual Total Time": 841.457,"Actual Rows": 5,"Actual Loops": 1,"Group Key": ["nation.n_name"],"Plans": [{"Node Type": "Gather Merge","Parent Relationship": "Outer","Parallel Aware": false,"Async Capable": false,"Startup Cost": 21550.29,"Total Cost": 21563.97,"Plan Rows": 50,"Plan Width": 136,"Actual Startup Time": 808.243,"Actual Total Time": 841.406,"Actual Rows": 15,"Actual Loops": 1,"Workers Planned": 2,"Workers Launched": 2,"Plans": [{"Node Type": "Aggregate","Strategy": "Sorted","Partial Mode": "Partial","Parent Relationship": "Outer","Parallel Aware": false,"Async Capable": false,"Startup Cost": 20550.26,"Total Cost": 20558.18,"Plan Rows": 25,"Plan Width": 136,"Actual Startup Time": 800.586,"Actual Total Time": 801.383,"Actual Rows": 5,"Actual Loops": 3,"Group Key": ["nation.n_name"],"Workers": [],"Plans": [{"Node Type": "Sort","Parent Relationship": "Outer","Parallel Aware": false,"Async Capable": false,"Startup Cost": 20550.26,"Total Cost": 20551.78,"Plan Rows": 608,"Plan Width": 116,"Actual Startup Time": 800.370,"Actual Total Time": 800.511,"Actual Rows": 2409,"Actual Loops": 3,"Sort Key": ["nation.n_name"],"Sort Method": "quicksort","Sort Space Used": 290,"Sort Space Type": "Memory","Workers": [{"Worker Number": 0,"Sort Method": "quicksort","Sort Space Used": 281,"Sort Space Type": "Memory"},{"Worker Number": 1,"Sort Method": "quicksort","Sort Space Used": 283,"Sort Space Type": "Memory"}],"Plans": [{"Node Type": "Hash Join","Parent Relationship": "Outer","Parallel Aware": false,"Async Capable": false,"Join Type": "Inner","Startup Cost": 475.27,"Total Cost": 20522.15,"Plan Rows": 608,"Plan Width": 116,"Actual Startup Time": 14.807,"Actual Total Time": 798.884,"Actual Rows": 2409,"Actual Loops": 3,"Inner Unique": true,"Hash Cond": "((lineitem.l_suppkey = supplier.s_suppkey) AND (customer.c_nationkey = supplier.s_nationkey))","Workers": [],"Plans": [{"Node Type": "Nested Loop","Parent Relationship": "Outer","Parallel Aware": false,"Async Capable": false,"Join Type": "Inner","Startup Cost": 3.27,"Total Cost": 19970.29,"Plan Rows": 15211,"Plan Width": 128,"Actual Startup Time": 0.571,"Actual Total Time": 753.021,"Actual Rows": 60135,"Actual Loops": 3,"Inner Unique": false,"Workers": [],"Plans": [{"Node Type": "Nested Loop","Parent Relationship": "Outer","Parallel Aware": false,"Async Capable": false,"Join Type": "Inner","Startup Cost": 2.84,"Total Cost": 8414.26,"Plan Rows": 3802,"Plan Width": 116,"Actual Startup Time": 0.432,"Actual Total Time": 448.470,"Actual Rows": 15086,"Actual Loops": 3,"Inner Unique": false,"Workers": [],"Plans": [{"Node Type": "Hash Join","Parent Relationship": "Outer","Parallel Aware": false,"Async Capable": false,"Join Type": "Inner","Startup Cost": 2.41,"Total Cost": 4471.79,"Plan Rows": 2500,"Plan Width": 116,"Actual Startup Time": 0.234,"Actual Total Time": 55.967,"Actual Rows": 9968,"Actual Loops": 3,"Inner Unique": false,"Hash Cond": "(customer.c_nationkey = nation.n_nationkey)","Workers": [],"Plans": [{"Node Type": "Seq Scan","Parent Relationship": "Outer","Parallel Aware": true,"Async Capable": false,"Relation Name": "customer","Alias": "customer","Startup Cost": 0.00,"Total Cost": 4210.00,"Plan Rows": 62500,"Plan Width": 8,"Actual Startup Time": 0.014,"Actual Total Time": 9.575,"Actual Rows": 50000,"Actual Loops": 3,"Workers": []},{"Node Type": "Hash","Parent Relationship": "Inner","Parallel Aware": false,"Async Capable": false,"Startup Cost": 2.40,"Total Cost": 2.40,"Plan Rows": 1,"Plan Width": 108,"Actual Startup Time": 0.143,"Actual Total Time": 0.166,"Actual Rows": 5,"Actual Loops": 3,"Hash Buckets": 1024,"Original Hash Buckets": 1024,"Hash Batches": 1,"Original Hash Batches": 1,"Peak Memory Usage": 9,"Workers": [],"Plans": [{"Node Type": "Hash Join","Parent Relationship": "Outer","Parallel Aware": false,"Async Capable": false,"Join Type": "Inner","Startup Cost": 1.07,"Total Cost": 2.40,"Plan Rows": 1,"Plan Width": 108,"Actual Startup Time": 0.129,"Actual Total Time": 0.155,"Actual Rows": 5,"Actual Loops": 3,"Inner Unique": true,"Hash Cond": "(nation.n_regionkey = region.r_regionkey)","Workers": [],"Plans": [{"Node Type": "Seq Scan","Parent Relationship": "Outer","Parallel Aware": false,"Async Capable": false,"Relation Name": "nation","Alias": "nation","Startup Cost": 0.00,"Total Cost": 1.25,"Plan Rows": 25,"Plan Width": 112,"Actual Startup Time": 0.047,"Actual Total Time": 0.051,"Actual Rows": 25,"Actual Loops": 3,"Workers": []},{"Node Type": "Hash","Parent Relationship": "Inner","Parallel Aware": false,"Async Capable": false,"Startup Cost": 1.06,"Total Cost": 1.06,"Plan Rows": 1,"Plan Width": 4,"Actual Startup Time": 0.054,"Actual Total Time": 0.064,"Actual Rows": 1,"Actual Loops": 3,"Hash Buckets": 1024,"Original Hash Buckets": 1024,"Hash Batches": 1,"Original Hash Batches": 1,"Peak Memory Usage": 9,"Workers": [],"Plans": [{"Node Type": "Seq Scan","Parent Relationship": "Outer","Parallel Aware": false,"Async Capable": false,"Relation Name": "region","Alias": "region","Startup Cost": 0.00,"Total Cost": 1.06,"Plan Rows": 1,"Plan Width": 4,"Actual Startup Time": 0.039,"Actual Total Time": 0.041,"Actual Rows": 1,"Actual Loops": 3,"Filter": "(r_name = 'MIDDLE EAST'::bpchar)","Rows Removed by Filter": 4,"Workers": []}]}]}]}]},{"Node Type": "Index Scan","Parent Relationship": "Inner","Parallel Aware": false,"Async Capable": false,"Scan Direction": "Forward","Index Name": "idx_orders_custkey","Relation Name": "orders","Alias": "orders","Startup Cost": 0.43,"Total Cost": 1.55,"Plan Rows": 3,"Plan Width": 8,"Actual Startup Time": 0.017,"Actual Total Time": 0.039,"Actual Rows": 2,"Actual Loops": 29904,"Index Cond": "(o_custkey = customer.c_custkey)","Rows Removed by Index Recheck": 0,"Filter": "((o_orderdate >= '1995-01-01'::date) AND (o_orderdate < '1996-01-01 00:00:00'::timestamp without time zone))","Rows Removed by Filter": 8,"Workers": []}]},{"Node Type": "Index Scan","Parent Relationship": "Inner","Parallel Aware": false,"Async Capable": false,"Scan Direction": "Forward","Index Name": "idx_lineitem_orderkey","Relation Name": "lineitem","Alias": "lineitem","Startup Cost": 0.43,"Total Cost": 2.87,"Plan Rows": 17,"Plan Width": 20,"Actual Startup Time": 0.017,"Actual Total Time": 0.019,"Actual Rows": 4,"Actual Loops": 45257,"Index Cond": "(l_orderkey = orders.o_orderkey)","Rows Removed by Index Recheck": 0,"Workers": []}]},{"Node Type": "Hash","Parent Relationship": "Inner","Parallel Aware": false,"Async Capable": false,"Startup Cost": 322.00,"Total Cost": 322.00,"Plan Rows": 10000,"Plan Width": 8,"Actual Startup Time": 12.822,"Actual Total Time": 12.826,"Actual Rows": 10000,"Actual Loops": 3,"Hash Buckets": 16384,"Original Hash Buckets": 16384,"Hash Batches": 1,"Original Hash Batches": 1,"Peak Memory Usage": 519,"Workers": [],"Plans": [{"Node Type": "Seq Scan","Parent Relationship": "Outer","Parallel Aware": false,"Async Capable": false,"Relation Name": "supplier","Alias": "supplier","Startup Cost": 0.00,"Total Cost": 322.00,"Plan Rows": 10000,"Plan Width": 8,"Actual Startup Time": 0.044,"Actual Total Time": 11.057,"Actual Rows": 10000,"Actual Loops": 3,"Workers": []}]}]}]}]}]}]}]},"Planning Time": 10.537,"Triggers": [],"Execution Time": 841.938}]
[{"Plan": {"Node Type": "Sort","Parallel Aware": false,"Async Capable": false,"Startup Cost": 21522.30,"Total Cost": 21522.36,"Plan Rows": 25,"Plan Width": 136,"Actual Startup Time": 808.715,"Actual Total Time": 841.103,"Actual Rows": 5,"Actual Loops": 1,"Sort Key": ["(sum((lineitem.l_extendedprice * ('1'::numeric - lineitem.l_discount)))) DESC"],"Sort Method": "quicksort","Sort Space Used": 25,"Sort Space Type": "Memory","Plans": [{"Node Type": "Aggregate","Strategy": "Sorted","Partial Mode": "Finalize","Parent Relationship": "Outer","Parallel Aware": false,"Async Capable": false,"Startup Cost": 21507.43,"Total Cost": 21521.72,"Plan Rows": 25,"Plan Width": 136,"Actual Startup Time": 808.132,"Actual Total Time": 841.051,"Actual Rows": 5,"Actual Loops": 1,"Group Key": ["nation.n_name"],"Plans": [{"Node Type": "Gather Merge","Parent Relationship": "Outer","Parallel Aware": false,"Async Capable": false,"Startup Cost": 21507.43,"Total Cost": 21521.03,"Plan Rows": 50,"Plan Width": 136,"Actual Startup Time": 807.865,"Actual Total Time": 840.993,"Actual Rows": 15,"Actual Loops": 1,"Workers Planned": 2,"Workers Launched": 2,"Plans": [{"Node Type": "Aggregate","Strategy": "Sorted","Partial Mode": "Partial","Parent Relationship": "Outer","Parallel Aware": false,"Async Capable": false,"Startup Cost": 20507.41,"Total Cost": 20515.23,"Plan Rows": 25,"Plan Width": 136,"Actual Startup Time": 800.148,"Actual Total Time": 800.877,"Actual Rows": 5,"Actual Loops": 3,"Group Key": ["nation.n_name"],"Workers": [],"Plans": [{"Node Type": "Sort","Parent Relationship": "Outer","Parallel Aware": false,"Async Capable": false,"Startup Cost": 20507.41,"Total Cost": 20508.91,"Plan Rows": 601,"Plan Width": 116,"Actual Startup Time": 799.927,"Actual Total Time": 800.057,"Actual Rows": 2459,"Actual Loops": 3,"Sort Key": ["nation.n_name"],"Sort Method": "quicksort","Sort Space Used": 287,"Sort Space Type": "Memory","Workers": [{"Worker Number": 0,"Sort Method": "quicksort","Sort Space Used": 292,"Sort Space Type": "Memory"},{"Worker Number": 1,"Sort Method": "quicksort","Sort Space Used": 287,"Sort Space Type": "Memory"}],"Plans": [{"Node Type": "Hash Join","Parent Relationship": "Outer","Parallel Aware": false,"Async Capable": false,"Join Type": "Inner","Startup Cost": 475.27,"Total Cost": 20479.67,"Plan Rows": 601,"Plan Width": 116,"Actual Startup Time": 9.851,"Actual Total Time": 798.461,"Actual Rows": 2459,"Actual Loops": 3,"Inner Unique": true,"Hash Cond": "((lineitem.l_suppkey = supplier.s_suppkey) AND (customer.c_nationkey = supplier.s_nationkey))","Workers": [],"Plans": [{"Node Type": "Nested Loop","Parent Relationship": "Outer","Parallel Aware": false,"Async Capable": false,"Join Type": "Inner","Startup Cost": 3.27,"Total Cost": 19928.78,"Plan Rows": 15027,"Plan Width": 128,"Actual Startup Time": 0.691,"Actual Total Time": 757.487,"Actual Rows": 60981,"Actual Loops": 3,"Inner Unique": false,"Workers": [],"Plans": [{"Node Type": "Nested Loop","Parent Relationship": "Outer","Parallel Aware": false,"Async Capable": false,"Join Type": "Inner","Startup Cost": 2.84,"Total Cost": 8414.26,"Plan Rows": 3756,"Plan Width": 116,"Actual Startup Time": 0.574,"Actual Total Time": 453.285,"Actual Rows": 15233,"Actual Loops": 3,"Inner Unique": false,"Workers": [],"Plans": [{"Node Type": "Hash Join","Parent Relationship": "Outer","Parallel Aware": false,"Async Capable": false,"Join Type": "Inner","Startup Cost": 2.41,"Total Cost": 4471.79,"Plan Rows": 2500,"Plan Width": 116,"Actual Startup Time": 0.259,"Actual Total Time": 55.622,"Actual Rows": 10066,"Actual Loops": 3,"Inner Unique": false,"Hash Cond": "(customer.c_nationkey = nation.n_nationkey)","Workers": [],"Plans": [{"Node Type": "Seq Scan","Parent Relationship": "Outer","Parallel Aware": true,"Async Capable": false,"Relation Name": "customer","Alias": "customer","Startup Cost": 0.00,"Total Cost": 4210.00,"Plan Rows": 62500,"Plan Width": 8,"Actual Startup Time": 0.020,"Actual Total Time": 9.402,"Actual Rows": 50000,"Actual Loops": 3,"Workers": []},{"Node Type": "Hash","Parent Relationship": "Inner","Parallel Aware": false,"Async Capable": false,"Startup Cost": 2.40,"Total Cost": 2.40,"Plan Rows": 1,"Plan Width": 108,"Actual Startup Time": 0.150,"Actual Total Time": 0.167,"Actual Rows": 5,"Actual Loops": 3,"Hash Buckets": 1024,"Original Hash Buckets": 1024,"Hash Batches": 1,"Original Hash Batches": 1,"Peak Memory Usage": 9,"Workers": [],"Plans": [{"Node Type": "Hash Join","Parent Relationship": "Outer","Parallel Aware": false,"Async Capable": false,"Join Type": "Inner","Startup Cost": 1.07,"Total Cost": 2.40,"Plan Rows": 1,"Plan Width": 108,"Actual Startup Time": 0.135,"Actual Total Time": 0.156,"Actual Rows": 5,"Actual Loops": 3,"Inner Unique": true,"Hash Cond": "(nation.n_regionkey = region.r_regionkey)","Workers": [],"Plans": [{"Node Type": "Seq Scan","Parent Relationship": "Outer","Parallel Aware": false,"Async Capable": false,"Relation Name": "nation","Alias": "nation","Startup Cost": 0.00,"Total Cost": 1.25,"Plan Rows": 25,"Plan Width": 112,"Actual Startup Time": 0.049,"Actual Total Time": 0.053,"Actual Rows": 25,"Actual Loops": 3,"Workers": []},{"Node Type": "Hash","Parent Relationship": "Inner","Parallel Aware": false,"Async Capable": false,"Startup Cost": 1.06,"Total Cost": 1.06,"Plan Rows": 1,"Plan Width": 4,"Actual Startup Time": 0.056,"Actual Total Time": 0.064,"Actual Rows": 1,"Actual Loops": 3,"Hash Buckets": 1024,"Original Hash Buckets": 1024,"Hash Batches": 1,"Original Hash Batches": 1,"Peak Memory Usage": 9,"Workers": [],"Plans": [{"Node Type": "Seq Scan","Parent Relationship": "Outer","Parallel Aware": false,"Async Capable": false,"Relation Name": "region","Alias": "region","Startup Cost": 0.00,"Total Cost": 1.06,"Plan Rows": 1,"Plan Width": 4,"Actual Startup Time": 0.041,"Actual Total Time": 0.043,"Actual Rows": 1,"Actual Loops": 3,"Filter": "(r_name = 'EUROPE'::bpchar)","Rows Removed by Filter": 4,"Workers": []}]}]}]}]},{"Node Type": "Index Scan","Parent Relationship": "Inner","Parallel Aware": false,"Async Capable": false,"Scan Direction": "Forward","Index Name": "idx_orders_custkey","Relation Name": "orders","Alias": "orders","Startup Cost": 0.43,"Total Cost": 1.55,"Plan Rows": 3,"Plan Width": 8,"Actual Startup Time": 0.017,"Actual Total Time": 0.039,"Actual Rows": 2,"Actual Loops": 30197,"Index Cond": "(o_custkey = customer.c_custkey)","Rows Removed by Index Recheck": 0,"Filter": "((o_orderdate >= '1993-01-01'::date) AND (o_orderdate < '1994-01-01 00:00:00'::timestamp without time zone))","Rows Removed by Filter": 9,"Workers": []}]},{"Node Type": "Index Scan","Parent Relationship": "Inner","Parallel Aware": false,"Async Capable": false,"Scan Direction": "Forward","Index Name": "idx_lineitem_orderkey","Relation Name": "lineitem","Alias": "lineitem","Startup Cost": 0.43,"Total Cost": 2.90,"Plan Rows": 17,"Plan Width": 20,"Actual Startup Time": 0.017,"Actual Total Time": 0.019,"Actual Rows": 4,"Actual Loops": 45699,"Index Cond": "(l_orderkey = orders.o_orderkey)","Rows Removed by Index Recheck": 0,"Workers": []}]},{"Node Type": "Hash","Parent Relationship": "Inner","Parallel Aware": false,"Async Capable": false,"Startup Cost": 322.00,"Total Cost": 322.00,"Plan Rows": 10000,"Plan Width": 8,"Actual Startup Time": 8.538,"Actual Total Time": 8.541,"Actual Rows": 10000,"Actual Loops": 3,"Hash Buckets": 16384,"Original Hash Buckets": 16384,"Hash Batches": 1,"Original Hash Batches": 1,"Peak Memory Usage": 519,"Workers": [],"Plans": [{"Node Type": "Seq Scan","Parent Relationship": "Outer","Parallel Aware": false,"Async Capable": false,"Relation Name": "supplier","Alias": "supplier","Startup Cost": 0.00,"Total Cost": 322.00,"Plan Rows": 10000,"Plan Width": 8,"Actual Startup Time": 0.046,"Actual Total Time": 6.635,"Actual Rows": 10000,"Actual Loops": 3,"Workers": []}]}]}]}]}]}]}]},"Planning Time": 10.957,"Triggers": [],"Execution Time": 841.799}]
[{"Plan": {"Node Type": "Sort","Parallel Aware": false,"Async Capable": false,"Startup Cost": 21616.39,"Total Cost": 21616.45,"Plan Rows": 25,"Plan Width": 136,"Actual Startup Time": 800.578,"Actual Total Time": 832.005,"Actual Rows": 5,"Actual Loops": 1,"Sort Key": ["(sum((lineitem.l_extendedprice * ('1'::numeric - lineitem.l_discount)))) DESC"],"Sort Method": "quicksort","Sort Space Used": 25,"Sort Space Type": "Memory","Plans": [{"Node Type": "Aggregate","Strategy": "Sorted","Partial Mode": "Finalize","Parent Relationship": "Outer","Parallel Aware": false,"Async Capable": false,"Startup Cost": 21601.33,"Total Cost": 21615.81,"Plan Rows": 25,"Plan Width": 136,"Actual Startup Time": 800.055,"Actual Total Time": 831.951,"Actual Rows": 5,"Actual Loops": 1,"Group Key": ["nation.n_name"],"Plans": [{"Node Type": "Gather Merge","Parent Relationship": "Outer","Parallel Aware": false,"Async Capable": false,"Startup Cost": 21601.33,"Total Cost": 21615.12,"Plan Rows": 50,"Plan Width": 136,"Actual Startup Time": 799.526,"Actual Total Time": 831.902,"Actual Rows": 15,"Actual Loops": 1,"Workers Planned": 2,"Workers Launched": 2,"Plans": [{"Node Type": "Aggregate","Strategy": "Sorted","Partial Mode": "Partial","Parent Relationship": "Outer","Parallel Aware": false,"Async Capable": false,"Startup Cost": 20601.30,"Total Cost": 20609.33,"Plan Rows": 25,"Plan Width": 136,"Actual Startup Time": 791.250,"Actual Total Time": 792.033,"Actual Rows": 5,"Actual Loops": 3,"Group Key": ["nation.n_name"],"Workers": [],"Plans": [{"Node Type": "Sort","Parent Relationship": "Outer","Parallel Aware": false,"Async Capable": false,"Startup Cost": 20601.30,"Total Cost": 20602.85,"Plan Rows": 617,"Plan Width": 116,"Actual Startup Time": 791.028,"Actual Total Time": 791.162,"Actual Rows": 2347,"Actual Loops": 3,"Sort Key": ["nation.n_name"],"Sort Method": "quicksort","Sort Space Used": 275,"Sort Space Type": "Memory","Workers": [{"Worker Number": 0,"Sort Method": "quicksort","Sort Space Used": 280,"Sort Space Type": "Memory"},{"Worker Number": 1,"Sort Method": "quicksort","Sort Space Used": 284,"Sort Space Type": "Memory"}],"Plans": [{"Node Type": "Hash Join","Parent Relationship": "Outer","Parallel Aware": false,"Async Capable": false,"Join Type": "Inner","Startup Cost": 475.27,"Total Cost": 20572.71,"Plan Rows": 617,"Plan Width": 116,"Actual Startup Time": 14.089,"Actual Total Time": 789.451,"Actual Rows": 2347,"Actual Loops": 3,"Inner Unique": true,"Hash Cond": "((lineitem.l_suppkey = supplier.s_suppkey) AND (customer.c_nationkey = supplier.s_nationkey))","Workers": [],"Plans": [{"Node Type": "Nested Loop","Parent Relationship": "Outer","Parallel Aware": false,"Async Capable": false,"Join Type": "Inner","Startup Cost": 3.27,"Total Cost": 20019.70,"Plan Rows": 15431,"Plan Width": 128,"Actual Startup Time": 0.813,"Actual Total Time": 745.242,"Actual Rows": 60682,"Actual Loops": 3,"Inner Unique": false,"Workers": [],"Plans": [{"Node Type": "Nested Loop","Parent Relationship": "Outer","Parallel Aware": false,"Async Capable": false,"Join Type": "Inner","Startup Cost": 2.84,"Total Cost": 8414.26,"Plan Rows": 3857,"Plan Width": 116,"Actual Startup Time": 0.648,"Actual Total Time": 445.539,"Actual Rows": 15117,"Actual Loops": 3,"Inner Unique": false,"Workers": [],"Plans": [{"Node Type": "Hash Join","Parent Relationship": "Outer","Parallel Aware": false,"Async Capable": false,"Join Type": "Inner","Startup Cost": 2.41,"Total Cost": 4471.79,"Plan Rows": 2500,"Plan Width": 116,"Actual Startup Time": 0.286,"Actual Total Time": 54.286,"Actual Rows": 9921,"Actual Loops": 3,"Inner Unique": false,"Hash Cond": "(customer.c_nationkey = nation.n_nationkey)","Workers": [],"Plans": [{"Node Type": "Seq Scan","Parent Relationship": "Outer","Parallel Aware": true,"Async Capable": false,"Relation Name": "customer","Alias": "customer","Startup Cost": 0.00,"Total Cost": 4210.00,"Plan Rows": 62500,"Plan Width": 8,"Actual Startup Time": 0.020,"Actual Total Time": 9.492,"Actual Rows": 50000,"Actual Loops": 3,"Workers": []},{"Node Type": "Hash","Parent Relationship": "Inner","Parallel Aware": false,"Async Capable": false,"Startup Cost": 2.40,"Total Cost": 2.40,"Plan Rows": 1,"Plan Width": 108,"Actual Startup Time": 0.159,"Actual Total Time": 0.178,"Actual Rows": 5,"Actual Loops": 3,"Hash Buckets": 1024,"Original Hash Buckets": 1024,"Hash Batches": 1,"Original Hash Batches": 1,"Peak Memory Usage": 9,"Workers": [],"Plans": [{"Node Type": "Hash Join","Parent Relationship": "Outer","Parallel Aware": false,"Async Capable": false,"Join Type": "Inner","Startup Cost": 1.07,"Total Cost": 2.40,"Plan Rows": 1,"Plan Width": 108,"Actual Startup Time": 0.141,"Actual Total Time": 0.166,"Actual Rows": 5,"Actual Loops": 3,"Inner Unique": true,"Hash Cond": "(nation.n_regionkey = region.r_regionkey)","Workers": [],"Plans": [{"Node Type": "Seq Scan","Parent Relationship": "Outer","Parallel Aware": false,"Async Capable": false,"Relation Name": "nation","Alias": "nation","Startup Cost": 0.00,"Total Cost": 1.25,"Plan Rows": 25,"Plan Width": 112,"Actual Startup Time": 0.054,"Actual Total Time": 0.058,"Actual Rows": 25,"Actual Loops": 3,"Workers": []},{"Node Type": "Hash","Parent Relationship": "Inner","Parallel Aware": false,"Async Capable": false,"Startup Cost": 1.06,"Total Cost": 1.06,"Plan Rows": 1,"Plan Width": 4,"Actual Startup Time": 0.057,"Actual Total Time": 0.062,"Actual Rows": 1,"Actual Loops": 3,"Hash Buckets": 1024,"Original Hash Buckets": 1024,"Hash Batches": 1,"Original Hash Batches": 1,"Peak Memory Usage": 9,"Workers": [],"Plans": [{"Node Type": "Seq Scan","Parent Relationship": "Outer","Parallel Aware": false,"Async Capable": false,"Relation Name": "region","Alias": "region","Startup Cost": 0.00,"Total Cost": 1.06,"Plan Rows": 1,"Plan Width": 4,"Actual Startup Time": 0.040,"Actual Total Time": 0.042,"Actual Rows": 1,"Actual Loops": 3,"Filter": "(r_name = 'AFRICA'::bpchar)","Rows Removed by Filter": 4,"Workers": []}]}]}]}]},{"Node Type": "Index Scan","Parent Relationship": "Inner","Parallel Aware": false,"Async Capable": false,"Scan Direction": "Forward","Index Name": "idx_orders_custkey","Relation Name": "orders","Alias": "orders","Startup Cost": 0.43,"Total Cost": 1.55,"Plan Rows": 3,"Plan Width": 8,"Actual Startup Time": 0.017,"Actual Total Time": 0.039,"Actual Rows": 2,"Actual Loops": 29764,"Index Cond": "(o_custkey = customer.c_custkey)","Rows Removed by Index Recheck": 0,"Filter": "((o_orderdate >= '1996-01-01'::date) AND (o_orderdate < '1997-01-01 00:00:00'::timestamp without time zone))","Rows Removed by Filter": 9,"Workers": []}]},{"Node Type": "Index Scan","Parent Relationship": "Inner","Parallel Aware": false,"Async Capable": false,"Scan Direction": "Forward","Index Name": "idx_lineitem_orderkey","Relation Name": "lineitem","Alias": "lineitem","Startup Cost": 0.43,"Total Cost": 2.84,"Plan Rows": 17,"Plan Width": 20,"Actual Startup Time": 0.016,"Actual Total Time": 0.019,"Actual Rows": 4,"Actual Loops": 45352,"Index Cond": "(l_orderkey = orders.o_orderkey)","Rows Removed by Index Recheck": 0,"Workers": []}]},{"Node Type": "Hash","Parent Relationship": "Inner","Parallel Aware": false,"Async Capable": false,"Startup Cost": 322.00,"Total Cost": 322.00,"Plan Rows": 10000,"Plan Width": 8,"Actual Startup Time": 12.144,"Actual Total Time": 12.150,"Actual Rows": 10000,"Actual Loops": 3,"Hash Buckets": 16384,"Original Hash Buckets": 16384,"Hash Batches": 1,"Original Hash Batches": 1,"Peak Memory Usage": 519,"Workers": [],"Plans": [{"Node Type": "Seq Scan","Parent Relationship": "Outer","Parallel Aware": false,"Async Capable": false,"Relation Name": "supplier","Alias": "supplier","Startup Cost": 0.00,"Total Cost": 322.00,"Plan Rows": 10000,"Plan Width": 8,"Actual Startup Time": 0.040,"Actual Total Time": 10.535,"Actual Rows": 10000,"Actual Loops": 3,"Workers": []}]}]}]}]}]}]}]},"Planning Time": 10.511,"Triggers": [],"Execution Time": 832.422}]
[{"Plan": {"Node Type": "Sort","Parallel Aware": false,"Async Capable": false,"Startup Cost": 21522.30,"Total Cost": 21522.36,"Plan Rows": 25,"Plan Width": 136,"Actual Startup Time": 803.252,"Actual Total Time": 834.286,"Actual Rows": 5,"Actual Loops": 1,"Sort Key": ["(sum((lineitem.l_extendedprice * ('1'::numeric - lineitem.l_discount)))) DESC"],"Sort Method": "quicksort","Sort Space Used": 25,"Sort Space Type": "Memory","Plans": [{"Node Type": "Aggregate","Strategy": "Sorted","Partial Mode": "Finalize","Parent Relationship": "Outer","Parallel Aware": false,"Async Capable": false,"Startup Cost": 21507.43,"Total Cost": 21521.72,"Plan Rows": 25,"Plan Width": 136,"Actual Startup Time": 802.651,"Actual Total Time": 834.228,"Actual Rows": 5,"Actual Loops": 1,"Group Key": ["nation.n_name"],"Plans": [{"Node Type": "Gather Merge","Parent Relationship": "Outer","Parallel Aware": false,"Async Capable": false,"Startup Cost": 21507.43,"Total Cost": 21521.03,"Plan Rows": 50,"Plan Width": 136,"Actual Startup Time": 802.434,"Actual Total Time": 834.170,"Actual Rows": 15,"Actual Loops": 1,"Workers Planned": 2,"Workers Launched": 2,"Plans": [{"Node Type": "Aggregate","Strategy": "Sorted","Partial Mode": "Partial","Parent Relationship": "Outer","Parallel Aware": false,"Async Capable": false,"Startup Cost": 20507.41,"Total Cost": 20515.23,"Plan Rows": 25,"Plan Width": 136,"Actual Startup Time": 794.928,"Actual Total Time": 795.651,"Actual Rows": 5,"Actual Loops": 3,"Group Key": ["nation.n_name"],"Workers": [],"Plans": [{"Node Type": "Sort","Parent Relationship": "Outer","Parallel Aware": false,"Async Capable": false,"Startup Cost": 20507.41,"Total Cost": 20508.91,"Plan Rows": 601,"Plan Width": 116,"Actual Startup Time": 794.703,"Actual Total Time": 794.843,"Actual Rows": 2409,"Actual Loops": 3,"Sort Key": ["nation.n_name"],"Sort Method": "quicksort","Sort Space Used": 286,"Sort Space Type": "Memory","Workers": [{"Worker Number": 0,"Sort Method": "quicksort","Sort Space Used": 276,"Sort Space Type": "Memory"},{"Worker Number": 1,"Sort Method": "quicksort","Sort Space Used": 293,"Sort Space Type": "Memory"}],"Plans": [{"Node Type": "Hash Join","Parent Relationship": "Outer","Parallel Aware": false,"Async Capable": false,"Join Type": "Inner","Startup Cost": 475.27,"Total Cost": 20479.67,"Plan Rows": 601,"Plan Width": 116,"Actual Startup Time": 9.777,"Actual Total Time": 793.218,"Actual Rows": 2409,"Actual Loops": 3,"Inner Unique": true,"Hash Cond": "((lineitem.l_suppkey = supplier.s_suppkey) AND (customer.c_nationkey = supplier.s_nationkey))","Workers": [],"Plans": [{"Node Type": "Nested Loop","Parent Relationship": "Outer","Parallel Aware": false,"Async Capable": false,"Join Type": "Inner","Startup Cost": 3.27,"Total Cost": 19928.78,"Plan Rows": 15027,"Plan Width": 128,"Actual Startup Time": 0.619,"Actual Total Time": 753.080,"Actual Rows": 60488,"Actual Loops": 3,"Inner Unique": false,"Workers": [],"Plans": [{"Node Type": "Nested Loop","Parent Relationship": "Outer","Parallel Aware": false,"Async Capable": false,"Join Type": "Inner","Startup Cost": 2.84,"Total Cost": 8414.26,"Plan Rows": 3756,"Plan Width": 116,"Actual Startup Time": 0.516,"Actual Total Time": 449.946,"Actual Rows": 15093,"Actual Loops": 3,"Inner Unique": false,"Workers": [],"Plans": [{"Node Type": "Hash Join","Parent Relationship": "Outer","Parallel Aware": false,"Async Capable": false,"Join Type": "Inner","Startup Cost": 2.41,"Total Cost": 4471.79,"Plan Rows": 2500,"Plan Width": 116,"Actual Startup Time": 0.243,"Actual Total Time": 55.930,"Actual Rows": 9921,"Actual Loops": 3,"Inner Unique": false,"Hash Cond": "(customer.c_nationkey = nation.n_nationkey)","Workers": [],"Plans": [{"Node Type": "Seq Scan","Parent Relationship": "Outer","Parallel Aware": true,"Async Capable": false,"Relation Name": "customer","Alias": "customer","Startup Cost": 0.00,"Total Cost": 4210.00,"Plan Rows": 62500,"Plan Width": 8,"Actual Startup Time": 0.017,"Actual Total Time": 9.588,"Actual Rows": 50000,"Actual Loops": 3,"Workers": []},{"Node Type": "Hash","Parent Relationship": "Inner","Parallel Aware": false,"Async Capable": false,"Startup Cost": 2.40,"Total Cost": 2.40,"Plan Rows": 1,"Plan Width": 108,"Actual Startup Time": 0.143,"Actual Total Time": 0.169,"Actual Rows": 5,"Actual Loops": 3,"Hash Buckets": 1024,"Original Hash Buckets": 1024,"Hash Batches": 1,"Original Hash Batches": 1,"Peak Memory Usage": 9,"Workers": [],"Plans": [{"Node Type": "Hash Join","Parent Relationship": "Outer","Parallel Aware": false,"Async Capable": false,"Join Type": "Inner","Startup Cost": 1.07,"Total Cost": 2.40,"Plan Rows": 1,"Plan Width": 108,"Actual Startup Time": 0.126,"Actual Total Time": 0.159,"Actual Rows": 5,"Actual Loops": 3,"Inner Unique": true,"Hash Cond": "(nation.n_regionkey = region.r_regionkey)","Workers": [],"Plans": [{"Node Type": "Seq Scan","Parent Relationship": "Outer","Parallel Aware": false,"Async Capable": false,"Relation Name": "nation","Alias": "nation","Startup Cost": 0.00,"Total Cost": 1.25,"Plan Rows": 25,"Plan Width": 112,"Actual Startup Time": 0.045,"Actual Total Time": 0.050,"Actual Rows": 25,"Actual Loops": 3,"Workers": []},{"Node Type": "Hash","Parent Relationship": "Inner","Parallel Aware": false,"Async Capable": false,"Startup Cost": 1.06,"Total Cost": 1.06,"Plan Rows": 1,"Plan Width": 4,"Actual Startup Time": 0.052,"Actual Total Time": 0.063,"Actual Rows": 1,"Actual Loops": 3,"Hash Buckets": 1024,"Original Hash Buckets": 1024,"Hash Batches": 1,"Original Hash Batches": 1,"Peak Memory Usage": 9,"Workers": [],"Plans": [{"Node Type": "Seq Scan","Parent Relationship": "Outer","Parallel Aware": false,"Async Capable": false,"Relation Name": "region","Alias": "region","Startup Cost": 0.00,"Total Cost": 1.06,"Plan Rows": 1,"Plan Width": 4,"Actual Startup Time": 0.036,"Actual Total Time": 0.041,"Actual Rows": 1,"Actual Loops": 3,"Filter": "(r_name = 'AFRICA'::bpchar)","Rows Removed by Filter": 4,"Workers": []}]}]}]}]},{"Node Type": "Index Scan","Parent Relationship": "Inner","Parallel Aware": false,"Async Capable": false,"Scan Direction": "Forward","Index Name": "idx_orders_custkey","Relation Name": "orders","Alias": "orders","Startup Cost": 0.43,"Total Cost": 1.55,"Plan Rows": 3,"Plan Width": 8,"Actual Startup Time": 0.017,"Actual Total Time": 0.039,"Actual Rows": 2,"Actual Loops": 29764,"Index Cond": "(o_custkey = customer.c_custkey)","Rows Removed by Index Recheck": 0,"Filter": "((o_orderdate >= '1993-01-01'::date) AND (o_orderdate < '1994-01-01 00:00:00'::timestamp without time zone))","Rows Removed by Filter": 9,"Workers": []}]},{"Node Type": "Index Scan","Parent Relationship": "Inner","Parallel Aware": false,"Async Capable": false,"Scan Direction": "Forward","Index Name": "idx_lineitem_orderkey","Relation Name": "lineitem","Alias": "lineitem","Startup Cost": 0.43,"Total Cost": 2.90,"Plan Rows": 17,"Plan Width": 20,"Actual Startup Time": 0.017,"Actual Total Time": 0.019,"Actual Rows": 4,"Actual Loops": 45280,"Index Cond": "(l_orderkey = orders.o_orderkey)","Rows Removed by Index Recheck": 0,"Workers": []}]},{"Node Type": "Hash","Parent Relationship": "Inner","Parallel Aware": false,"Async Capable": false,"Startup Cost": 322.00,"Total Cost": 322.00,"Plan Rows": 10000,"Plan Width": 8,"Actual Startup Time": 8.121,"Actual Total Time": 8.126,"Actual Rows": 10000,"Actual Loops": 3,"Hash Buckets": 16384,"Original Hash Buckets": 16384,"Hash Batches": 1,"Original Hash Batches": 1,"Peak Memory Usage": 519,"Workers": [],"Plans": [{"Node Type": "Seq Scan","Parent Relationship": "Outer","Parallel Aware": false,"Async Capable": false,"Relation Name": "supplier","Alias": "supplier","Startup Cost": 0.00,"Total Cost": 322.00,"Plan Rows": 10000,"Plan Width": 8,"Actual Startup Time": 0.036,"Actual Total Time": 6.327,"Actual Rows": 10000,"Actual Loops": 3,"Workers": []}]}]}]}]}]}]}]},"Planning Time": 9.902,"Triggers": [],"Execution Time": 834.900}]
[{"Plan": {"Node Type": "Sort","Parallel Aware": false,"Async Capable": false,"Startup Cost": 21565.24,"Total Cost": 21565.30,"Plan Rows": 25,"Plan Width": 136,"Actual Startup Time": 812.920,"Actual Total Time": 845.337,"Actual Rows": 5,"Actual Loops": 1,"Sort Key": ["(sum((lineitem.l_extendedprice * ('1'::numeric - lineitem.l_discount)))) DESC"],"Sort Method": "quicksort","Sort Space Used": 25,"Sort Space Type": "Memory","Plans": [{"Node Type": "Aggregate","Strategy": "Sorted","Partial Mode": "Finalize","Parent Relationship": "Outer","Parallel Aware": false,"Async Capable": false,"Startup Cost": 21550.29,"Total Cost": 21564.66,"Plan Rows": 25,"Plan Width": 136,"Actual Startup Time": 812.284,"Actual Total Time": 845.271,"Actual Rows": 5,"Actual Loops": 1,"Group Key": ["nation.n_name"],"Plans": [{"Node Type": "Gather Merge","Parent Relationship": "Outer","Parallel Aware": false,"Async Capable": false,"Startup Cost": 21550.29,"Total Cost": 21563.97,"Plan Rows": 50,"Plan Width": 136,"Actual Startup Time": 812.043,"Actual Total Time": 845.216,"Actual Rows": 15,"Actual Loops": 1,"Workers Planned": 2,"Workers Launched": 2,"Plans": [{"Node Type": "Aggregate","Strategy": "Sorted","Partial Mode": "Partial","Parent Relationship": "Outer","Parallel Aware": false,"Async Capable": false,"Startup Cost": 20550.26,"Total Cost": 20558.18,"Plan Rows": 25,"Plan Width": 136,"Actual Startup Time": 804.529,"Actual Total Time": 805.274,"Actual Rows": 5,"Actual Loops": 3,"Group Key": ["nation.n_name"],"Workers": [],"Plans": [{"Node Type": "Sort","Parent Relationship": "Outer","Parallel Aware": false,"Async Capable": false,"Startup Cost": 20550.26,"Total Cost": 20551.78,"Plan Rows": 608,"Plan Width": 116,"Actual Startup Time": 804.312,"Actual Total Time": 804.451,"Actual Rows": 2459,"Actual Loops": 3,"Sort Key": ["nation.n_name"],"Sort Method": "quicksort","Sort Space Used": 291,"Sort Space Type": "Memory","Workers": [{"Worker Number": 0,"Sort Method": "quicksort","Sort Space Used": 281,"Sort Space Type": "Memory"},{"Worker Number": 1,"Sort Method": "quicksort","Sort Space Used": 294,"Sort Space Type": "Memory"}],"Plans": [{"Node Type": "Hash Join","Parent Relationship": "Outer","Parallel Aware": false,"Async Capable": false,"Join Type": "Inner","Startup Cost": 475.27,"Total Cost": 20522.15,"Plan Rows": 608,"Plan Width": 116,"Actual Startup Time": 9.963,"Actual Total Time": 802.770,"Actual Rows": 2459,"Actual Loops": 3,"Inner Unique": true,"Hash Cond": "((lineitem.l_suppkey = supplier.s_suppkey) AND (customer.c_nationkey = supplier.s_nationkey))","Workers": [],"Plans": [{"Node Type": "Nested Loop","Parent Relationship": "Outer","Parallel Aware": false,"Async Capable": false,"Join Type": "Inner","Startup Cost": 3.27,"Total Cost": 19970.29,"Plan Rows": 15211,"Plan Width": 128,"Actual Startup Time": 0.726,"Actual Total Time": 761.226,"Actual Rows": 61195,"Actual Loops": 3,"Inner Unique": false,"Workers": [],"Plans": [{"Node Type": "Nested Loop","Parent Relationship": "Outer","Parallel Aware": false,"Async Capable": false,"Join Type": "Inner","Startup Cost": 2.84,"Total Cost": 8414.26,"Plan Rows": 3802,"Plan Width": 116,"Actual Startup Time": 0.590,"Actual Total Time": 455.580,"Actual Rows": 15244,"Actual Loops": 3,"Inner Unique": false,"Workers": [],"Plans": [{"Node Type": "Hash Join","Parent Relationship": "Outer","Parallel Aware": false,"Async Capable": false,"Join Type": "Inner","Startup Cost": 2.41,"Total Cost": 4471.79,"Plan Rows": 2500,"Plan Width": 116,"Actual Startup Time": 0.294,"Actual Total Time": 55.676,"Actual Rows": 10061,"Actual Loops": 3,"Inner Unique": false,"Hash Cond": "(customer.c_nationkey = nation.n_nationkey)","Workers": [],"Plans": [{"Node Type": "Seq Scan","Parent Relationship": "Outer","Parallel Aware": true,"Async Capable": false,"Relation Name": "customer","Alias": "customer","Startup Cost": 0.00,"Total Cost": 4210.00,"Plan Rows": 62500,"Plan Width": 8,"Actual Startup Time": 0.018,"Actual Total Time": 9.635,"Actual Rows": 50000,"Actual Loops": 3,"Workers": []},{"Node Type": "Hash","Parent Relationship": "Inner","Parallel Aware": false,"Async Capable": false,"Startup Cost": 2.40,"Total Cost": 2.40,"Plan Rows": 1,"Plan Width": 108,"Actual Startup Time": 0.169,"Actual Total Time": 0.188,"Actual Rows": 5,"Actual Loops": 3,"Hash Buckets": 1024,"Original Hash Buckets": 1024,"Hash Batches": 1,"Original Hash Batches": 1,"Peak Memory Usage": 9,"Workers": [],"Plans": [{"Node Type": "Hash Join","Parent Relationship": "Outer","Parallel Aware": false,"Async Capable": false,"Join Type": "Inner","Startup Cost": 1.07,"Total Cost": 2.40,"Plan Rows": 1,"Plan Width": 108,"Actual Startup Time": 0.153,"Actual Total Time": 0.175,"Actual Rows": 5,"Actual Loops": 3,"Inner Unique": true,"Hash Cond": "(nation.n_regionkey = region.r_regionkey)","Workers": [],"Plans": [{"Node Type": "Seq Scan","Parent Relationship": "Outer","Parallel Aware": false,"Async Capable": false,"Relation Name": "nation","Alias": "nation","Startup Cost": 0.00,"Total Cost": 1.25,"Plan Rows": 25,"Plan Width": 112,"Actual Startup Time": 0.049,"Actual Total Time": 0.052,"Actual Rows": 25,"Actual Loops": 3,"Workers": []},{"Node Type": "Hash","Parent Relationship": "Inner","Parallel Aware": false,"Async Capable": false,"Startup Cost": 1.06,"Total Cost": 1.06,"Plan Rows": 1,"Plan Width": 4,"Actual Startup Time": 0.069,"Actual Total Time": 0.076,"Actual Rows": 1,"Actual Loops": 3,"Hash Buckets": 1024,"Original Hash Buckets": 1024,"Hash Batches": 1,"Original Hash Batches": 1,"Peak Memory Usage": 9,"Workers": [],"Plans": [{"Node Type": "Seq Scan","Parent Relationship": "Outer","Parallel Aware": false,"Async Capable": false,"Relation Name": "region","Alias": "region","Startup Cost": 0.00,"Total Cost": 1.06,"Plan Rows": 1,"Plan Width": 4,"Actual Startup Time": 0.054,"Actual Total Time": 0.057,"Actual Rows": 1,"Actual Loops": 3,"Filter": "(r_name = 'ASIA'::bpchar)","Rows Removed by Filter": 4,"Workers": []}]}]}]}]},{"Node Type": "Index Scan","Parent Relationship": "Inner","Parallel Aware": false,"Async Capable": false,"Scan Direction": "Forward","Index Name": "idx_orders_custkey","Relation Name": "orders","Alias": "orders","Startup Cost": 0.43,"Total Cost": 1.55,"Plan Rows": 3,"Plan Width": 8,"Actual Startup Time": 0.017,"Actual Total Time": 0.039,"Actual Rows": 2,"Actual Loops": 30183,"Index Cond": "(o_custkey = customer.c_custkey)","Rows Removed by Index Recheck": 0,"Filter": "((o_orderdate >= '1995-01-01'::date) AND (o_orderdate < '1996-01-01 00:00:00'::timestamp without time zone))","Rows Removed by Filter": 8,"Workers": []}]},{"Node Type": "Index Scan","Parent Relationship": "Inner","Parallel Aware": false,"Async Capable": false,"Scan Direction": "Forward","Index Name": "idx_lineitem_orderkey","Relation Name": "lineitem","Alias": "lineitem","Startup Cost": 0.43,"Total Cost": 2.87,"Plan Rows": 17,"Plan Width": 20,"Actual Startup Time": 0.017,"Actual Total Time": 0.019,"Actual Rows": 4,"Actual Loops": 45731,"Index Cond": "(l_orderkey = orders.o_orderkey)","Rows Removed by Index Recheck": 0,"Workers": []}]},{"Node Type": "Hash","Parent Relationship": "Inner","Parallel Aware": false,"Async Capable": false,"Startup Cost": 322.00,"Total Cost": 322.00,"Plan Rows": 10000,"Plan Width": 8,"Actual Startup Time": 8.662,"Actual Total Time": 8.670,"Actual Rows": 10000,"Actual Loops": 3,"Hash Buckets": 16384,"Original Hash Buckets": 16384,"Hash Batches": 1,"Original Hash Batches": 1,"Peak Memory Usage": 519,"Workers": [],"Plans": [{"Node Type": "Seq Scan","Parent Relationship": "Outer","Parallel Aware": false,"Async Capable": false,"Relation Name": "supplier","Alias": "supplier","Startup Cost": 0.00,"Total Cost": 322.00,"Plan Rows": 10000,"Plan Width": 8,"Actual Startup Time": 0.038,"Actual Total Time": 6.811,"Actual Rows": 10000,"Actual Loops": 3,"Workers": []}]}]}]}]}]}]}]},"Planning Time": 10.579,"Triggers": [],"Execution Time": 845.911}]
[{"Plan": {"Node Type": "Sort","Parallel Aware": false,"Async Capable": false,"Startup Cost": 21522.30,"Total Cost": 21522.36,"Plan Rows": 25,"Plan Width": 136,"Actual Startup Time": 801.786,"Actual Total Time": 833.013,"Actual Rows": 5,"Actual Loops": 1,"Sort Key": ["(sum((lineitem.l_extendedprice * ('1'::numeric - lineitem.l_discount)))) DESC"],"Sort Method": "quicksort","Sort Space Used": 25,"Sort Space Type": "Memory","Plans": [{"Node Type": "Aggregate","Strategy": "Sorted","Partial Mode": "Finalize","Parent Relationship": "Outer","Parallel Aware": false,"Async Capable": false,"Startup Cost": 21507.43,"Total Cost": 21521.72,"Plan Rows": 25,"Plan Width": 136,"Actual Startup Time": 801.172,"Actual Total Time": 832.958,"Actual Rows": 5,"Actual Loops": 1,"Group Key": ["nation.n_name"],"Plans": [{"Node Type": "Gather Merge","Parent Relationship": "Outer","Parallel Aware": false,"Async Capable": false,"Startup Cost": 21507.43,"Total Cost": 21521.03,"Plan Rows": 50,"Plan Width": 136,"Actual Startup Time": 800.500,"Actual Total Time": 832.892,"Actual Rows": 15,"Actual Loops": 1,"Workers Planned": 2,"Workers Launched": 2,"Plans": [{"Node Type": "Aggregate","Strategy": "Sorted","Partial Mode": "Partial","Parent Relationship": "Outer","Parallel Aware": false,"Async Capable": false,"Startup Cost": 20507.41,"Total Cost": 20515.23,"Plan Rows": 25,"Plan Width": 136,"Actual Startup Time": 792.564,"Actual Total Time": 793.457,"Actual Rows": 5,"Actual Loops": 3,"Group Key": ["nation.n_name"],"Workers": [],"Plans": [{"Node Type": "Sort","Parent Relationship": "Outer","Parallel Aware": false,"Async Capable": false,"Startup Cost": 20507.41,"Total Cost": 20508.91,"Plan Rows": 601,"Plan Width": 116,"Actual Startup Time": 792.353,"Actual Total Time": 792.502,"Actual Rows": 2513,"Actual Loops": 3,"Sort Key": ["nation.n_name"],"Sort Method": "quicksort","Sort Space Used": 296,"Sort Space Type": "Memory","Workers": [{"Worker Number": 0,"Sort Method": "quicksort","Sort Space Used": 291,"Sort Space Type": "Memory"},{"Worker Number": 1,"Sort Method": "quicksort","Sort Space Used": 292,"Sort Space Type": "Memory"}],"Plans": [{"Node Type": "Hash Join","Parent Relationship": "Outer","Parallel Aware": false,"Async Capable": false,"Join Type": "Inner","Startup Cost": 475.27,"Total Cost": 20479.67,"Plan Rows": 601,"Plan Width": 116,"Actual Startup Time": 14.275,"Actual Total Time": 790.899,"Actual Rows": 2513,"Actual Loops": 3,"Inner Unique": true,"Hash Cond": "((lineitem.l_suppkey = supplier.s_suppkey) AND (customer.c_nationkey = supplier.s_nationkey))","Workers": [],"Plans": [{"Node Type": "Nested Loop","Parent Relationship": "Outer","Parallel Aware": false,"Async Capable": false,"Join Type": "Inner","Startup Cost": 3.27,"Total Cost": 19928.78,"Plan Rows": 15027,"Plan Width": 128,"Actual Startup Time": 0.573,"Actual Total Time": 745.935,"Actual Rows": 60812,"Actual Loops": 3,"Inner Unique": false,"Workers": [],"Plans": [{"Node Type": "Nested Loop","Parent Relationship": "Outer","Parallel Aware": false,"Async Capable": false,"Join Type": "Inner","Startup Cost": 2.84,"Total Cost": 8414.26,"Plan Rows": 3756,"Plan Width": 116,"Actual Startup Time": 0.447,"Actual Total Time": 445.574,"Actual Rows": 15099,"Actual Loops": 3,"Inner Unique": false,"Workers": [],"Plans": [{"Node Type": "Hash Join","Parent Relationship": "Outer","Parallel Aware": false,"Async Capable": false,"Join Type": "Inner","Startup Cost": 2.41,"Total Cost": 4471.79,"Plan Rows": 2500,"Plan Width": 116,"Actual Startup Time": 0.261,"Actual Total Time": 54.435,"Actual Rows": 9984,"Actual Loops": 3,"Inner Unique": false,"Hash Cond": "(customer.c_nationkey = nation.n_nationkey)","Workers": [],"Plans": [{"Node Type": "Seq Scan","Parent Relationship": "Outer","Parallel Aware": true,"Async Capable": false,"Relation Name": "customer","Alias": "customer","Startup Cost": 0.00,"Total Cost": 4210.00,"Plan Rows": 62500,"Plan Width": 8,"Actual Startup Time": 0.020,"Actual Total Time": 9.427,"Actual Rows": 50000,"Actual Loops": 3,"Workers": []},{"Node Type": "Hash","Parent Relationship": "Inner","Parallel Aware": false,"Async Capable": false,"Startup Cost": 2.40,"Total Cost": 2.40,"Plan Rows": 1,"Plan Width": 108,"Actual Startup Time": 0.147,"Actual Total Time": 0.168,"Actual Rows": 5,"Actual Loops": 3,"Hash Buckets": 1024,"Original Hash Buckets": 1024,"Hash Batches": 1,"Original Hash Batches": 1,"Peak Memory Usage": 9,"Workers": [],"Plans": [{"Node Type": "Hash Join","Parent Relationship": "Outer","Parallel Aware": false,"Async Capable": false,"Join Type": "Inner","Startup Cost": 1.07,"Total Cost": 2.40,"Plan Rows": 1,"Plan Width": 108,"Actual Startup Time": 0.132,"Actual Total Time": 0.158,"Actual Rows": 5,"Actual Loops": 3,"Inner Unique": true,"Hash Cond": "(nation.n_regionkey = region.r_regionkey)","Workers": [],"Plans": [{"Node Type": "Seq Scan","Parent Relationship": "Outer","Parallel Aware": false,"Async Capable": false,"Relation Name": "nation","Alias": "nation","Startup Cost": 0.00,"Total Cost": 1.25,"Plan Rows": 25,"Plan Width": 112,"Actual Startup Time": 0.053,"Actual Total Time": 0.057,"Actual Rows": 25,"Actual Loops": 3,"Workers": []},{"Node Type": "Hash","Parent Relationship": "Inner","Parallel Aware": false,"Async Capable": false,"Startup Cost": 1.06,"Total Cost": 1.06,"Plan Rows": 1,"Plan Width": 4,"Actual Startup Time": 0.054,"Actual Total Time": 0.061,"Actual Rows": 1,"Actual Loops": 3,"Hash Buckets": 1024,"Original Hash Buckets": 1024,"Hash Batches": 1,"Original Hash Batches": 1,"Peak Memory Usage": 9,"Workers": [],"Plans": [{"Node Type": "Seq Scan","Parent Relationship": "Outer","Parallel Aware": false,"Async Capable": false,"Relation Name": "region","Alias": "region","Startup Cost": 0.00,"Total Cost": 1.06,"Plan Rows": 1,"Plan Width": 4,"Actual Startup Time": 0.037,"Actual Total Time": 0.039,"Actual Rows": 1,"Actual Loops": 3,"Filter": "(r_name = 'AMERICA'::bpchar)","Rows Removed by Filter": 4,"Workers": []}]}]}]}]},{"Node Type": "Index Scan","Parent Relationship": "Inner","Parallel Aware": false,"Async Capable": false,"Scan Direction": "Forward","Index Name": "idx_orders_custkey","Relation Name": "orders","Alias": "orders","Startup Cost": 0.43,"Total Cost": 1.55,"Plan Rows": 3,"Plan Width": 8,"Actual Startup Time": 0.016,"Actual Total Time": 0.039,"Actual Rows": 2,"Actual Loops": 29952,"Index Cond": "(o_custkey = customer.c_custkey)","Rows Removed by Index Recheck": 0,"Filter": "((o_orderdate >= '1993-01-01'::date) AND (o_orderdate < '1994-01-01 00:00:00'::timestamp without time zone))","Rows Removed by Filter": 8,"Workers": []}]},{"Node Type": "Index Scan","Parent Relationship": "Inner","Parallel Aware": false,"Async Capable": false,"Scan Direction": "Forward","Index Name": "idx_lineitem_orderkey","Relation Name": "lineitem","Alias": "lineitem","Startup Cost": 0.43,"Total Cost": 2.90,"Plan Rows": 17,"Plan Width": 20,"Actual Startup Time": 0.017,"Actual Total Time": 0.019,"Actual Rows": 4,"Actual Loops": 45297,"Index Cond": "(l_orderkey = orders.o_orderkey)","Rows Removed by Index Recheck": 0,"Workers": []}]},{"Node Type": "Hash","Parent Relationship": "Inner","Parallel Aware": false,"Async Capable": false,"Startup Cost": 322.00,"Total Cost": 322.00,"Plan Rows": 10000,"Plan Width": 8,"Actual Startup Time": 12.653,"Actual Total Time": 12.656,"Actual Rows": 10000,"Actual Loops": 3,"Hash Buckets": 16384,"Original Hash Buckets": 16384,"Hash Batches": 1,"Original Hash Batches": 1,"Peak Memory Usage": 519,"Workers": [],"Plans": [{"Node Type": "Seq Scan","Parent Relationship": "Outer","Parallel Aware": false,"Async Capable": false,"Relation Name": "supplier","Alias": "supplier","Startup Cost": 0.00,"Total Cost": 322.00,"Plan Rows": 10000,"Plan Width": 8,"Actual Startup Time": 0.038,"Actual Total Time": 10.961,"Actual Rows": 10000,"Actual Loops": 3,"Workers": []}]}]}]}]}]}]}]},"Planning Time": 9.512,"Triggers": [],"Execution Time": 833.531}]
[{"Plan": {"Node Type": "Sort","Parallel Aware": false,"Async Capable": false,"Startup Cost": 21565.24,"Total Cost": 21565.30,"Plan Rows": 25,"Plan Width": 136,"Actual Startup Time": 809.309,"Actual Total Time": 841.501,"Actual Rows": 5,"Actual Loops": 1,"Sort Key": ["(sum((lineitem.l_extendedprice * ('1'::numeric - lineitem.l_discount)))) DESC"],"Sort Method": "quicksort","Sort Space Used": 25,"Sort Space Type": "Memory","Plans": [{"Node Type": "Aggregate","Strategy": "Sorted","Partial Mode": "Finalize","Parent Relationship": "Outer","Parallel Aware": false,"Async Capable": false,"Startup Cost": 21550.29,"Total Cost": 21564.66,"Plan Rows": 25,"Plan Width": 136,"Actual Startup Time": 808.678,"Actual Total Time": 841.457,"Actual Rows": 5,"Actual Loops": 1,"Group Key": ["nation.n_name"],"Plans": [{"Node Type": "Gather Merge","Parent Relationship": "Outer","Parallel Aware": false,"Async Capable": false,"Startup Cost": 21550.29,"Total Cost": 21563.97,"Plan Rows": 50,"Plan Width": 136,"Actual Startup Time": 808.243,"Actual Total Time": 841.406,"Actual Rows": 15,"Actual Loops": 1,"Workers Planned": 2,"Workers Launched": 2,"Plans": [{"Node Type": "Aggregate","Strategy": "Sorted","Partial Mode": "Partial","Parent Relationship": "Outer","Parallel Aware": false,"Async Capable": false,"Startup Cost": 20550.26,"Total Cost": 20558.18,"Plan Rows": 25,"Plan Width": 136,"Actual Startup Time": 800.586,"Actual Total Time": 801.383,"Actual Rows": 5,"Actual Loops": 3,"Group Key": ["nation.n_name"],"Workers": [],"Plans": [{"Node Type": "Sort","Parent Relationship": "Outer","Parallel Aware": false,"Async Capable": false,"Startup Cost": 20550.26,"Total Cost": 20551.78,"Plan Rows": 608,"Plan Width": 116,"Actual Startup Time": 800.370,"Actual Total Time": 800.511,"Actual Rows": 2409,"Actual Loops": 3,"Sort Key": ["nation.n_name"],"Sort Method": "quicksort","Sort Space Used": 290,"Sort Space Type": "Memory","Workers": [{"Worker Number": 0,"Sort Method": "quicksort","Sort Space Used": 281,"Sort Space Type": "Memory"},{"Worker Number": 1,"Sort Method": "quicksort","Sort Space Used": 283,"Sort Space Type": "Memory"}],"Plans": [{"Node Type": "Hash Join","Parent Relationship": "Outer","Parallel Aware": false,"Async Capable": false,"Join Type": "Inner","Startup Cost": 475.27,"Total Cost": 20522.15,"Plan Rows": 608,"Plan Width": 116,"Actual Startup Time": 14.807,"Actual Total Time": 798.884,"Actual Rows": 2409,"Actual Loops": 3,"Inner Unique": true,"Hash Cond": "((lineitem.l_suppkey = supplier.s_suppkey) AND (customer.c_nationkey = supplier.s_nationkey))","Workers": [],"Plans": [{"Node Type": "Nested Loop","Parent Relationship": "Outer","Parallel Aware": false,"Async Capable": false,"Join Type": "Inner","Startup Cost": 3.27,"Total Cost": 19970.29,"Plan Rows": 15211,"Plan Width": 128,"Actual Startup Time": 0.571,"Actual Total Time": 753.021,"Actual Rows": 60135,"Actual Loops": 3,"Inner Unique": false,"Workers": [],"Plans": [{"Node Type": "Nested Loop","Parent Relationship": "Outer","Parallel Aware": false,"Async Capable": false,"Join Type": "Inner","Startup Cost": 2.84,"Total Cost": 8414.26,"Plan Rows": 3802,"Plan Width": 116,"Actual Startup Time": 0.432,"Actual Total Time": 448.470,"Actual Rows": 15086,"Actual Loops": 3,"Inner Unique": false,"Workers": [],"Plans": [{"Node Type": "Hash Join","Parent Relationship": "Outer","Parallel Aware": false,"Async Capable": false,"Join Type": "Inner","Startup Cost": 2.41,"Total Cost": 4471.79,"Plan Rows": 2500,"Plan Width": 116,"Actual Startup Time": 0.234,"Actual Total Time": 55.967,"Actual Rows": 9968,"Actual Loops": 3,"Inner Unique": false,"Hash Cond": "(customer.c_nationkey = nation.n_nationkey)","Workers": [],"Plans": [{"Node Type": "Seq Scan","Parent Relationship": "Outer","Parallel Aware": true,"Async Capable": false,"Relation Name": "customer","Alias": "customer","Startup Cost": 0.00,"Total Cost": 4210.00,"Plan Rows": 62500,"Plan Width": 8,"Actual Startup Time": 0.014,"Actual Total Time": 9.575,"Actual Rows": 50000,"Actual Loops": 3,"Workers": []},{"Node Type": "Hash","Parent Relationship": "Inner","Parallel Aware": false,"Async Capable": false,"Startup Cost": 2.40,"Total Cost": 2.40,"Plan Rows": 1,"Plan Width": 108,"Actual Startup Time": 0.143,"Actual Total Time": 0.166,"Actual Rows": 5,"Actual Loops": 3,"Hash Buckets": 1024,"Original Hash Buckets": 1024,"Hash Batches": 1,"Original Hash Batches": 1,"Peak Memory Usage": 9,"Workers": [],"Plans": [{"Node Type": "Hash Join","Parent Relationship": "Outer","Parallel Aware": false,"Async Capable": false,"Join Type": "Inner","Startup Cost": 1.07,"Total Cost": 2.40,"Plan Rows": 1,"Plan Width": 108,"Actual Startup Time": 0.129,"Actual Total Time": 0.155,"Actual Rows": 5,"Actual Loops": 3,"Inner Unique": true,"Hash Cond": "(nation.n_regionkey = region.r_regionkey)","Workers": [],"Plans": [{"Node Type": "Seq Scan","Parent Relationship": "Outer","Parallel Aware": false,"Async Capable": false,"Relation Name": "nation","Alias": "nation","Startup Cost": 0.00,"Total Cost": 1.25,"Plan Rows": 25,"Plan Width": 112,"Actual Startup Time": 0.047,"Actual Total Time": 0.051,"Actual Rows": 25,"Actual Loops": 3,"Workers": []},{"Node Type": "Hash","Parent Relationship": "Inner","Parallel Aware": false,"Async Capable": false,"Startup Cost": 1.06,"Total Cost": 1.06,"Plan Rows": 1,"Plan Width": 4,"Actual Startup Time": 0.054,"Actual Total Time": 0.064,"Actual Rows": 1,"Actual Loops": 3,"Hash Buckets": 1024,"Original Hash Buckets": 1024,"Hash Batches": 1,"Original Hash Batches": 1,"Peak Memory Usage": 9,"Workers": [],"Plans": [{"Node Type": "Seq Scan","Parent Relationship": "Outer","Parallel Aware": false,"Async Capable": false,"Relation Name": "region","Alias": "region","Startup Cost": 0.00,"Total Cost": 1.06,"Plan Rows": 1,"Plan Width": 4,"Actual Startup Time": 0.039,"Actual Total Time": 0.041,"Actual Rows": 1,"Actual Loops": 3,"Filter": "(r_name = 'MIDDLE EAST'::bpchar)","Rows Removed by Filter": 4,"Workers": []}]}]}]}]},{"Node Type": "Index Scan","Parent Relationship": "Inner","Parallel Aware": false,"Async Capable": false,"Scan Direction": "Forward","Index Name": "idx_orders_custkey","Relation Name": "orders","Alias": "orders","Startup Cost": 0.43,"Total Cost": 1.55,"Plan Rows": 3,"Plan Width": 8,"Actual Startup Time": 0.017,"Actual Total Time": 0.039,"Actual Rows": 2,"Actual Loops": 29904,"Index Cond": "(o_custkey = customer.c_custkey)","Rows Removed by Index Recheck": 0,"Filter": "((o_orderdate >= '1995-01-01'::date) AND (o_orderdate < '1996-01-01 00:00:00'::timestamp without time zone))","Rows Removed by Filter": 8,"Workers": []}]},{"Node Type": "Index Scan","Parent Relationship": "Inner","Parallel Aware": false,"Async Capable": false,"Scan Direction": "Forward","Index Name": "idx_lineitem_orderkey","Relation Name": "lineitem","Alias": "lineitem","Startup Cost": 0.43,"Total Cost": 2.87,"Plan Rows": 17,"Plan Width": 20,"Actual Startup Time": 0.017,"Actual Total Time": 0.019,"Actual Rows": 4,"Actual Loops": 45257,"Index Cond": "(l_orderkey = orders.o_orderkey)","Rows Removed by Index Recheck": 0,"Workers": []}]},{"Node Type": "Hash","Parent Relationship": "Inner","Parallel Aware": false,"Async Capable": false,"Startup Cost": 322.00,"Total Cost": 322.00,"Plan Rows": 10000,"Plan Width": 8,"Actual Startup Time": 12.822,"Actual Total Time": 12.826,"Actual Rows": 10000,"Actual Loops": 3,"Hash Buckets": 16384,"Original Hash Buckets": 16384,"Hash Batches": 1,"Original Hash Batches": 1,"Peak Memory Usage": 519,"Workers": [],"Plans": [{"Node Type": "Seq Scan","Parent Relationship": "Outer","Parallel Aware": false,"Async Capable": false,"Relation Name": "supplier","Alias": "supplier","Startup Cost": 0.00,"Total Cost": 322.00,"Plan Rows": 10000,"Plan Width": 8,"Actual Startup Time": 0.044,"Actual Total Time": 11.057,"Actual Rows": 10000,"Actual Loops": 3,"Workers": []}]}]}]}]}]}]}]},"Planning Time": 10.537,"Triggers": [],"Execution Time": 841.938}]
[{"Plan": {"Node Type": "Sort","Parallel Aware": false,"Async Capable": false,"Startup Cost": 21522.30,"Total Cost": 21522.36,"Plan Rows": 25,"Plan Width": 136,"Actual Startup Time": 803.252,"Actual Total Time": 834.286,"Actual Rows": 5,"Actual Loops": 1,"Sort Key": ["(sum((lineitem.l_extendedprice * ('1'::numeric - lineitem.l_discount)))) DESC"],"Sort Method": "quicksort","Sort Space Used": 25,"Sort Space Type": "Memory","Plans": [{"Node Type": "Aggregate","Strategy": "Sorted","Partial Mode": "Finalize","Parent Relationship": "Outer","Parallel Aware": false,"Async Capable": false,"Startup Cost": 21507.43,"Total Cost": 21521.72,"Plan Rows": 25,"Plan Width": 136,"Actual Startup Time": 802.651,"Actual Total Time": 834.228,"Actual Rows": 5,"Actual Loops": 1,"Group Key": ["nation.n_name"],"Plans": [{"Node Type": "Gather Merge","Parent Relationship": "Outer","Parallel Aware": false,"Async Capable": false,"Startup Cost": 21507.43,"Total Cost": 21521.03,"Plan Rows": 50,"Plan Width": 136,"Actual Startup Time": 802.434,"Actual Total Time": 834.170,"Actual Rows": 15,"Actual Loops": 1,"Workers Planned": 2,"Workers Launched": 2,"Plans": [{"Node Type": "Aggregate","Strategy": "Sorted","Partial Mode": "Partial","Parent Relationship": "Outer","Parallel Aware": false,"Async Capable": false,"Startup Cost": 20507.41,"Total Cost": 20515.23,"Plan Rows": 25,"Plan Width": 136,"Actual Startup Time": 794.928,"Actual Total Time": 795.651,"Actual Rows": 5,"Actual Loops": 3,"Group Key": ["nation.n_name"],"Workers": [],"Plans": [{"Node Type": "Sort","Parent Relationship": "Outer","Parallel Aware": false,"Async Capable": false,"Startup Cost": 20507.41,"Total Cost": 20508.91,"Plan Rows": 601,"Plan Width": 116,"Actual Startup Time": 794.703,"Actual Total Time": 794.843,"Actual Rows": 2409,"Actual Loops": 3,"Sort Key": ["nation.n_name"],"Sort Method": "quicksort","Sort Space Used": 286,"Sort Space Type": "Memory","Workers": [{"Worker Number": 0,"Sort Method": "quicksort","Sort Space Used": 276,"Sort Space Type": "Memory"},{"Worker Number": 1,"Sort Method": "quicksort","Sort Space Used": 293,"Sort Space Type": "Memory"}],"Plans": [{"Node Type": "Hash Join","Parent Relationship": "Outer","Parallel Aware": false,"Async Capable": false,"Join Type": "Inner","Startup Cost": 475.27,"Total Cost": 20479.67,"Plan Rows": 601,"Plan Width": 116,"Actual Startup Time": 9.777,"Actual Total Time": 793.218,"Actual Rows": 2409,"Actual Loops": 3,"Inner Unique": true,"Hash Cond": "((lineitem.l_suppkey = supplier.s_suppkey) AND (customer.c_nationkey = supplier.s_nationkey))","Workers": [],"Plans": [{"Node Type": "Nested Loop","Parent Relationship": "Outer","Parallel Aware": false,"Async Capable": false,"Join Type": "Inner","Startup Cost": 3.27,"Total Cost": 19928.78,"Plan Rows": 15027,"Plan Width": 128,"Actual Startup Time": 0.619,"Actual Total Time": 753.080,"Actual Rows": 60488,"Actual Loops": 3,"Inner Unique": false,"Workers": [],"Plans": [{"Node Type": "Nested Loop","Parent Relationship": "Outer","Parallel Aware": false,"Async Capable": false,"Join Type": "Inner","Startup Cost": 2.84,"Total Cost": 8414.26,"Plan Rows": 3756,"Plan Width": 116,"Actual Startup Time": 0.516,"Actual Total Time": 449.946,"Actual Rows": 15093,"Actual Loops": 3,"Inner Unique": false,"Workers": [],"Plans": [{"Node Type": "Hash Join","Parent Relationship": "Outer","Parallel Aware": false,"Async Capable": false,"Join Type": "Inner","Startup Cost": 2.41,"Total Cost": 4471.79,"Plan Rows": 2500,"Plan Width": 116,"Actual Startup Time": 0.243,"Actual Total Time": 55.930,"Actual Rows": 9921,"Actual Loops": 3,"Inner Unique": false,"Hash Cond": "(customer.c_nationkey = nation.n_nationkey)","Workers": [],"Plans": [{"Node Type": "Seq Scan","Parent Relationship": "Outer","Parallel Aware": true,"Async Capable": false,"Relation Name": "customer","Alias": "customer","Startup Cost": 0.00,"Total Cost": 4210.00,"Plan Rows": 62500,"Plan Width": 8,"Actual Startup Time": 0.017,"Actual Total Time": 9.588,"Actual Rows": 50000,"Actual Loops": 3,"Workers": []},{"Node Type": "Hash","Parent Relationship": "Inner","Parallel Aware": false,"Async Capable": false,"Startup Cost": 2.40,"Total Cost": 2.40,"Plan Rows": 1,"Plan Width": 108,"Actual Startup Time": 0.143,"Actual Total Time": 0.169,"Actual Rows": 5,"Actual Loops": 3,"Hash Buckets": 1024,"Original Hash Buckets": 1024,"Hash Batches": 1,"Original Hash Batches": 1,"Peak Memory Usage": 9,"Workers": [],"Plans": [{"Node Type": "Hash Join","Parent Relationship": "Outer","Parallel Aware": false,"Async Capable": false,"Join Type": "Inner","Startup Cost": 1.07,"Total Cost": 2.40,"Plan Rows": 1,"Plan Width": 108,"Actual Startup Time": 0.126,"Actual Total Time": 0.159,"Actual Rows": 5,"Actual Loops": 3,"Inner Unique": true,"Hash Cond": "(nation.n_regionkey = region.r_regionkey)","Workers": [],"Plans": [{"Node Type": "Seq Scan","Parent Relationship": "Outer","Parallel Aware": false,"Async Capable": false,"Relation Name": "nation","Alias": "nation","Startup Cost": 0.00,"Total Cost": 1.25,"Plan Rows": 25,"Plan Width": 112,"Actual Startup Time": 0.045,"Actual Total Time": 0.050,"Actual Rows": 25,"Actual Loops": 3,"Workers": []},{"Node Type": "Hash","Parent Relationship": "Inner","Parallel Aware": false,"Async Capable": false,"Startup Cost": 1.06,"Total Cost": 1.06,"Plan Rows": 1,"Plan Width": 4,"Actual Startup Time": 0.052,"Actual Total Time": 0.063,"Actual Rows": 1,"Actual Loops": 3,"Hash Buckets": 1024,"Original Hash Buckets": 1024,"Hash Batches": 1,"Original Hash Batches": 1,"Peak Memory Usage": 9,"Workers": [],"Plans": [{"Node Type": "Seq Scan","Parent Relationship": "Outer","Parallel Aware": false,"Async Capable": false,"Relation Name": "region","Alias": "region","Startup Cost": 0.00,"Total Cost": 1.06,"Plan Rows": 1,"Plan Width": 4,"Actual Startup Time": 0.036,"Actual Total Time": 0.041,"Actual Rows": 1,"Actual Loops": 3,"Filter": "(r_name = 'AFRICA'::bpchar)","Rows Removed by Filter": 4,"Workers": []}]}]}]}]},{"Node Type": "Index Scan","Parent Relationship": "Inner","Parallel Aware": false,"Async Capable": false,"Scan Direction": "Forward","Index Name": "idx_orders_custkey","Relation Name": "orders","Alias": "orders","Startup Cost": 0.43,"Total Cost": 1.55,"Plan Rows": 3,"Plan Width": 8,"Actual Startup Time": 0.017,"Actual Total Time": 0.039,"Actual Rows": 2,"Actual Loops": 29764,"Index Cond": "(o_custkey = customer.c_custkey)","Rows Removed by Index Recheck": 0,"Filter": "((o_orderdate >= '1993-01-01'::date) AND (o_orderdate < '1994-01-01 00:00:00'::timestamp without time zone))","Rows Removed by Filter": 9,"Workers": []}]},{"Node Type": "Index Scan","Parent Relationship": "Inner","Parallel Aware": false,"Async Capable": false,"Scan Direction": "Forward","Index Name": "idx_lineitem_orderkey","Relation Name": "lineitem","Alias": "lineitem","Startup Cost": 0.43,"Total Cost": 2.90,"Plan Rows": 17,"Plan Width": 20,"Actual Startup Time": 0.017,"Actual Total Time": 0.019,"Actual Rows": 4,"Actual Loops": 45280,"Index Cond": "(l_orderkey = orders.o_orderkey)","Rows Removed by Index Recheck": 0,"Workers": []}]},{"Node Type": "Hash","Parent Relationship": "Inner","Parallel Aware": false,"Async Capable": false,"Startup Cost": 322.00,"Total Cost": 322.00,"Plan Rows": 10000,"Plan Width": 8,"Actual Startup Time": 8.121,"Actual Total Time": 8.126,"Actual Rows": 10000,"Actual Loops": 3,"Hash Buckets": 16384,"Original Hash Buckets": 16384,"Hash Batches": 1,"Original Hash Batches": 1,"Peak Memory Usage": 519,"Workers": [],"Plans": [{"Node Type": "Seq Scan","Parent Relationship": "Outer","Parallel Aware": false,"Async Capable": false,"Relation Name": "supplier","Alias": "supplier","Startup Cost": 0.00,"Total Cost": 322.00,"Plan Rows": 10000,"Plan Width": 8,"Actual Startup Time": 0.036,"Actual Total Time": 6.327,"Actual Rows": 10000,"Actual Loops": 3,"Workers": []}]}]}]}]}]}]}]},"Planning Time": 9.902,"Triggers": [],"Execution Time": 834.900}]
[{"Plan": {"Node Type": "Sort","Parallel Aware": false,"Async Capable": false,"Startup Cost": 21616.39,"Total Cost": 21616.45,"Plan Rows": 25,"Plan Width": 136,"Actual Startup Time": 800.578,"Actual Total Time": 832.005,"Actual Rows": 5,"Actual Loops": 1,"Sort Key": ["(sum((lineitem.l_extendedprice * ('1'::numeric - lineitem.l_discount)))) DESC"],"Sort Method": "quicksort","Sort Space Used": 25,"Sort Space Type": "Memory","Plans": [{"Node Type": "Aggregate","Strategy": "Sorted","Partial Mode": "Finalize","Parent Relationship": "Outer","Parallel Aware": false,"Async Capable": false,"Startup Cost": 21601.33,"Total Cost": 21615.81,"Plan Rows": 25,"Plan Width": 136,"Actual Startup Time": 800.055,"Actual Total Time": 831.951,"Actual Rows": 5,"Actual Loops": 1,"Group Key": ["nation.n_name"],"Plans": [{"Node Type": "Gather Merge","Parent Relationship": "Outer","Parallel Aware": false,"Async Capable": false,"Startup Cost": 21601.33,"Total Cost": 21615.12,"Plan Rows": 50,"Plan Width": 136,"Actual Startup Time": 799.526,"Actual Total Time": 831.902,"Actual Rows": 15,"Actual Loops": 1,"Workers Planned": 2,"Workers Launched": 2,"Plans": [{"Node Type": "Aggregate","Strategy": "Sorted","Partial Mode": "Partial","Parent Relationship": "Outer","Parallel Aware": false,"Async Capable": false,"Startup Cost": 20601.30,"Total Cost": 20609.33,"Plan Rows": 25,"Plan Width": 136,"Actual Startup Time": 791.250,"Actual Total Time": 792.033,"Actual Rows": 5,"Actual Loops": 3,"Group Key": ["nation.n_name"],"Workers": [],"Plans": [{"Node Type": "Sort","Parent Relationship": "Outer","Parallel Aware": false,"Async Capable": false,"Startup Cost": 20601.30,"Total Cost": 20602.85,"Plan Rows": 617,"Plan Width": 116,"Actual Startup Time": 791.028,"Actual Total Time": 791.162,"Actual Rows": 2347,"Actual Loops": 3,"Sort Key": ["nation.n_name"],"Sort Method": "quicksort","Sort Space Used": 275,"Sort Space Type": "Memory","Workers": [{"Worker Number": 0,"Sort Method": "quicksort","Sort Space Used": 280,"Sort Space Type": "Memory"},{"Worker Number": 1,"Sort Method": "quicksort","Sort Space Used": 284,"Sort Space Type": "Memory"}],"Plans": [{"Node Type": "Hash Join","Parent Relationship": "Outer","Parallel Aware": false,"Async Capable": false,"Join Type": "Inner","Startup Cost": 475.27,"Total Cost": 20572.71,"Plan Rows": 617,"Plan Width": 116,"Actual Startup Time": 14.089,"Actual Total Time": 789.451,"Actual Rows": 2347,"Actual Loops": 3,"Inner Unique": true,"Hash Cond": "((lineitem.l_suppkey = supplier.s_suppkey) AND (customer.c_nationkey = supplier.s_nationkey))","Workers": [],"Plans": [{"Node Type": "Nested Loop","Parent Relationship": "Outer","Parallel Aware": false,"Async Capable": false,"Join Type": "Inner","Startup Cost": 3.27,"Total Cost": 20019.70,"Plan Rows": 15431,"Plan Width": 128,"Actual Startup Time": 0.813,"Actual Total Time": 745.242,"Actual Rows": 60682,"Actual Loops": 3,"Inner Unique": false,"Workers": [],"Plans": [{"Node Type": "Nested Loop","Parent Relationship": "Outer","Parallel Aware": false,"Async Capable": false,"Join Type": "Inner","Startup Cost": 2.84,"Total Cost": 8414.26,"Plan Rows": 3857,"Plan Width": 116,"Actual Startup Time": 0.648,"Actual Total Time": 445.539,"Actual Rows": 15117,"Actual Loops": 3,"Inner Unique": false,"Workers": [],"Plans": [{"Node Type": "Hash Join","Parent Relationship": "Outer","Parallel Aware": false,"Async Capable": false,"Join Type": "Inner","Startup Cost": 2.41,"Total Cost": 4471.79,"Plan Rows": 2500,"Plan Width": 116,"Actual Startup Time": 0.286,"Actual Total Time": 54.286,"Actual Rows": 9921,"Actual Loops": 3,"Inner Unique": false,"Hash Cond": "(customer.c_nationkey = nation.n_nationkey)","Workers": [],"Plans": [{"Node Type": "Seq Scan","Parent Relationship": "Outer","Parallel Aware": true,"Async Capable": false,"Relation Name": "customer","Alias": "customer","Startup Cost": 0.00,"Total Cost": 4210.00,"Plan Rows": 62500,"Plan Width": 8,"Actual Startup Time": 0.020,"Actual Total Time": 9.492,"Actual Rows": 50000,"Actual Loops": 3,"Workers": []},{"Node Type": "Hash","Parent Relationship": "Inner","Parallel Aware": false,"Async Capable": false,"Startup Cost": 2.40,"Total Cost": 2.40,"Plan Rows": 1,"Plan Width": 108,"Actual Startup Time": 0.159,"Actual Total Time": 0.178,"Actual Rows": 5,"Actual Loops": 3,"Hash Buckets": 1024,"Original Hash Buckets": 1024,"Hash Batches": 1,"Original Hash Batches": 1,"Peak Memory Usage": 9,"Workers": [],"Plans": [{"Node Type": "Hash Join","Parent Relationship": "Outer","Parallel Aware": false,"Async Capable": false,"Join Type": "Inner","Startup Cost": 1.07,"Total Cost": 2.40,"Plan Rows": 1,"Plan Width": 108,"Actual Startup Time": 0.141,"Actual Total Time": 0.166,"Actual Rows": 5,"Actual Loops": 3,"Inner Unique": true,"Hash Cond": "(nation.n_regionkey = region.r_regionkey)","Workers": [],"Plans": [{"Node Type": "Seq Scan","Parent Relationship": "Outer","Parallel Aware": false,"Async Capable": false,"Relation Name": "nation","Alias": "nation","Startup Cost": 0.00,"Total Cost": 1.25,"Plan Rows": 25,"Plan Width": 112,"Actual Startup Time": 0.054,"Actual Total Time": 0.058,"Actual Rows": 25,"Actual Loops": 3,"Workers": []},{"Node Type": "Hash","Parent Relationship": "Inner","Parallel Aware": false,"Async Capable": false,"Startup Cost": 1.06,"Total Cost": 1.06,"Plan Rows": 1,"Plan Width": 4,"Actual Startup Time": 0.057,"Actual Total Time": 0.062,"Actual Rows": 1,"Actual Loops": 3,"Hash Buckets": 1024,"Original Hash Buckets": 1024,"Hash Batches": 1,"Original Hash Batches": 1,"Peak Memory Usage": 9,"Workers": [],"Plans": [{"Node Type": "Seq Scan","Parent Relationship": "Outer","Parallel Aware": false,"Async Capable": false,"Relation Name": "region","Alias": "region","Startup Cost": 0.00,"Total Cost": 1.06,"Plan Rows": 1,"Plan Width": 4,"Actual Startup Time": 0.040,"Actual Total Time": 0.042,"Actual Rows": 1,"Actual Loops": 3,"Filter": "(r_name = 'AFRICA'::bpchar)","Rows Removed by Filter": 4,"Workers": []}]}]}]}]},{"Node Type": "Index Scan","Parent Relationship": "Inner","Parallel Aware": false,"Async Capable": false,"Scan Direction": "Forward","Index Name": "idx_orders_custkey","Relation Name": "orders","Alias": "orders","Startup Cost": 0.43,"Total Cost": 1.55,"Plan Rows": 3,"Plan Width": 8,"Actual Startup Time": 0.017,"Actual Total Time": 0.039,"Actual Rows": 2,"Actual Loops": 29764,"Index Cond": "(o_custkey = customer.c_custkey)","Rows Removed by Index Recheck": 0,"Filter": "((o_orderdate >= '1996-01-01'::date) AND (o_orderdate < '1997-01-01 00:00:00'::timestamp without time zone))","Rows Removed by Filter": 9,"Workers": []}]},{"Node Type": "Index Scan","Parent Relationship": "Inner","Parallel Aware": false,"Async Capable": false,"Scan Direction": "Forward","Index Name": "idx_lineitem_orderkey","Relation Name": "lineitem","Alias": "lineitem","Startup Cost": 0.43,"Total Cost": 2.84,"Plan Rows": 17,"Plan Width": 20,"Actual Startup Time": 0.016,"Actual Total Time": 0.019,"Actual Rows": 4,"Actual Loops": 45352,"Index Cond": "(l_orderkey = orders.o_orderkey)","Rows Removed by Index Recheck": 0,"Workers": []}]},{"Node Type": "Hash","Parent Relationship": "Inner","Parallel Aware": false,"Async Capable": false,"Startup Cost": 322.00,"Total Cost": 322.00,"Plan Rows": 10000,"Plan Width": 8,"Actual Startup Time": 12.144,"Actual Total Time": 12.150,"Actual Rows": 10000,"Actual Loops": 3,"Hash Buckets": 16384,"Original Hash Buckets": 16384,"Hash Batches": 1,"Original Hash Batches": 1,"Peak Memory Usage": 519,"Workers": [],"Plans": [{"Node Type": "Seq Scan","Parent Relationship": "Outer","Parallel Aware": false,"Async Capable": false,"Relation Name": "supplier","Alias": "supplier","Startup Cost": 0.00,"Total Cost": 322.00,"Plan Rows": 10000,"Plan Width": 8,"Actual Startup Time": 0.040,"Actual Total Time": 10.535,"Actual Rows": 10000,"Actual Loops": 3,"Workers": []}]}]}]}]}]}]}]},"Planning Time": 10.511,"Triggers": [],"Execution Time": 832.422}]
[{"Plan": {"Node Type": "Sort","Parallel Aware": false,"Async Capable": false,"Startup Cost": 21565.24,"Total Cost": 21565.30,"Plan Rows": 25,"Plan Width": 136,"Actual Startup Time": 803.148,"Actual Total Time": 837.225,"Actual Rows": 5,"Actual Loops": 1,"Sort Key": ["(sum((lineitem.l_extendedprice * ('1'::numeric - lineitem.l_discount)))) DESC"],"Sort Method": "quicksort","Sort Space Used": 25,"Sort Space Type": "Memory","Plans": [{"Node Type": "Aggregate","Strategy": "Sorted","Partial Mode": "Finalize","Parent Relationship": "Outer","Parallel Aware": false,"Async Capable": false,"Startup Cost": 21550.29,"Total Cost": 21564.66,"Plan Rows": 25,"Plan Width": 136,"Actual Startup Time": 802.551,"Actual Total Time": 837.165,"Actual Rows": 5,"Actual Loops": 1,"Group Key": ["nation.n_name"],"Plans": [{"Node Type": "Gather Merge","Parent Relationship": "Outer","Parallel Aware": false,"Async Capable": false,"Startup Cost": 21550.29,"Total Cost": 21563.97,"Plan Rows": 50,"Plan Width": 136,"Actual Startup Time": 802.343,"Actual Total Time": 837.116,"Actual Rows": 15,"Actual Loops": 1,"Workers Planned": 2,"Workers Launched": 2,"Plans": [{"Node Type": "Aggregate","Strategy": "Sorted","Partial Mode": "Partial","Parent Relationship": "Outer","Parallel Aware": false,"Async Capable": false,"Startup Cost": 20550.26,"Total Cost": 20558.18,"Plan Rows": 25,"Plan Width": 136,"Actual Startup Time": 794.724,"Actual Total Time": 795.426,"Actual Rows": 5,"Actual Loops": 3,"Group Key": ["nation.n_name"],"Workers": [],"Plans": [{"Node Type": "Sort","Parent Relationship": "Outer","Parallel Aware": false,"Async Capable": false,"Startup Cost": 20550.26,"Total Cost": 20551.78,"Plan Rows": 608,"Plan Width": 116,"Actual Startup Time": 794.492,"Actual Total Time": 794.616,"Actual Rows": 2402,"Actual Loops": 3,"Sort Key": ["nation.n_name"],"Sort Method": "quicksort","Sort Space Used": 284,"Sort Space Type": "Memory","Workers": [{"Worker Number": 0,"Sort Method": "quicksort","Sort Space Used": 278,"Sort Space Type": "Memory"},{"Worker Number": 1,"Sort Method": "quicksort","Sort Space Used": 290,"Sort Space Type": "Memory"}],"Plans": [{"Node Type": "Hash Join","Parent Relationship": "Outer","Parallel Aware": false,"Async Capable": false,"Join Type": "Inner","Startup Cost": 475.27,"Total Cost": 20522.15,"Plan Rows": 608,"Plan Width": 116,"Actual Startup Time": 9.804,"Actual Total Time": 792.945,"Actual Rows": 2402,"Actual Loops": 3,"Inner Unique": true,"Hash Cond": "((lineitem.l_suppkey = supplier.s_suppkey) AND (customer.c_nationkey = supplier.s_nationkey))","Workers": [],"Plans": [{"Node Type": "Nested Loop","Parent Relationship": "Outer","Parallel Aware": false,"Async Capable": false,"Join Type": "Inner","Startup Cost": 3.27,"Total Cost": 19970.29,"Plan Rows": 15211,"Plan Width": 128,"Actual Startup Time": 0.739,"Actual Total Time": 751.905,"Actual Rows": 60896,"Actual Loops": 3,"Inner Unique": false,"Workers": [],"Plans": [{"Node Type": "Nested Loop","Parent Relationship": "Outer","Parallel Aware": false,"Async Capable": false,"Join Type": "Inner","Startup Cost": 2.84,"Total Cost": 8414.26,"Plan Rows": 3802,"Plan Width": 116,"Actual Startup Time": 0.610,"Actual Total Time": 448.155,"Actual Rows": 15274,"Actual Loops": 3,"Inner Unique": false,"Workers": [],"Plans": [{"Node Type": "Hash Join","Parent Relationship": "Outer","Parallel Aware": false,"Async Capable": false,"Join Type": "Inner","Startup Cost": 2.41,"Total Cost": 4471.79,"Plan Rows": 2500,"Plan Width": 116,"Actual Startup Time": 0.268,"Actual Total Time": 53.804,"Actual Rows": 9921,"Actual Loops": 3,"Inner Unique": false,"Hash Cond": "(customer.c_nationkey = nation.n_nationkey)","Workers": [],"Plans": [{"Node Type": "Seq Scan","Parent Relationship": "Outer","Parallel Aware": true,"Async Capable": false,"Relation Name": "customer","Alias": "customer","Startup Cost": 0.00,"Total Cost": 4210.00,"Plan Rows": 62500,"Plan Width": 8,"Actual Startup Time": 0.020,"Actual Total Time": 9.563,"Actual Rows": 50000,"Actual Loops": 3,"Workers": []},{"Node Type": "Hash","Parent Relationship": "Inner","Parallel Aware": false,"Async Capable": false,"Startup Cost": 2.40,"Total Cost": 2.40,"Plan Rows": 1,"Plan Width": 108,"Actual Startup Time": 0.161,"Actual Total Time": 0.176,"Actual Rows": 5,"Actual Loops": 3,"Hash Buckets": 1024,"Original Hash Buckets": 1024,"Hash Batches": 1,"Original Hash Batches": 1,"Peak Memory Usage": 9,"Workers": [],"Plans": [{"Node Type": "Hash Join","Parent Relationship": "Outer","Parallel Aware": false,"Async Capable": false,"Join Type": "Inner","Startup Cost": 1.07,"Total Cost": 2.40,"Plan Rows": 1,"Plan Width": 108,"Actual Startup Time": 0.143,"Actual Total Time": 0.167,"Actual Rows": 5,"Actual Loops": 3,"Inner Unique": true,"Hash Cond": "(nation.n_regionkey = region.r_regionkey)","Workers": [],"Plans": [{"Node Type": "Seq Scan","Parent Relationship": "Outer","Parallel Aware": false,"Async Capable": false,"Relation Name": "nation","Alias": "nation","Startup Cost": 0.00,"Total Cost": 1.25,"Plan Rows": 25,"Plan Width": 112,"Actual Startup Time": 0.052,"Actual Total Time": 0.056,"Actual Rows": 25,"Actual Loops": 3,"Workers": []},{"Node Type": "Hash","Parent Relationship": "Inner","Parallel Aware": false,"Async Capable": false,"Startup Cost": 1.06,"Total Cost": 1.06,"Plan Rows": 1,"Plan Width": 4,"Actual Startup Time": 0.061,"Actual Total Time": 0.066,"Actual Rows": 1,"Actual Loops": 3,"Hash Buckets": 1024,"Original Hash Buckets": 1024,"Hash Batches": 1,"Original Hash Batches": 1,"Peak Memory Usage": 9,"Workers": [],"Plans": [{"Node Type": "Seq Scan","Parent Relationship": "Outer","Parallel Aware": false,"Async Capable": false,"Relation Name": "region","Alias": "region","Startup Cost": 0.00,"Total Cost": 1.06,"Plan Rows": 1,"Plan Width": 4,"Actual Startup Time": 0.046,"Actual Total Time": 0.049,"Actual Rows": 1,"Actual Loops": 3,"Filter": "(r_name = 'AFRICA'::bpchar)","Rows Removed by Filter": 4,"Workers": []}]}]}]}]},{"Node Type": "Index Scan","Parent Relationship": "Inner","Parallel Aware": false,"Async Capable": false,"Scan Direction": "Forward","Index Name": "idx_orders_custkey","Relation Name": "orders","Alias": "orders","Startup Cost": 0.43,"Total Cost": 1.55,"Plan Rows": 3,"Plan Width": 8,"Actual Startup Time": 0.017,"Actual Total Time": 0.039,"Actual Rows": 2,"Actual Loops": 29764,"Index Cond": "(o_custkey = customer.c_custkey)","Rows Removed by Index Recheck": 0,"Filter": "((o_orderdate >= '1995-01-01'::date) AND (o_orderdate < '1996-01-01 00:00:00'::timestamp without time zone))","Rows Removed by Filter": 9,"Workers": []}]},{"Node Type": "Index Scan","Parent Relationship": "Inner","Parallel Aware": false,"Async Capable": false,"Scan Direction": "Forward","Index Name": "idx_lineitem_orderkey","Relation Name": "lineitem","Alias": "lineitem","Startup Cost": 0.43,"Total Cost": 2.87,"Plan Rows": 17,"Plan Width": 20,"Actual Startup Time": 0.017,"Actual Total Time": 0.019,"Actual Rows": 4,"Actual Loops": 45822,"Index Cond": "(l_orderkey = orders.o_orderkey)","Rows Removed by Index Recheck": 0,"Workers": []}]},{"Node Type": "Hash","Parent Relationship": "Inner","Parallel Aware": false,"Async Capable": false,"Startup Cost": 322.00,"Total Cost": 322.00,"Plan Rows": 10000,"Plan Width": 8,"Actual Startup Time": 8.249,"Actual Total Time": 8.253,"Actual Rows": 10000,"Actual Loops": 3,"Hash Buckets": 16384,"Original Hash Buckets": 16384,"Hash Batches": 1,"Original Hash Batches": 1,"Peak Memory Usage": 519,"Workers": [],"Plans": [{"Node Type": "Seq Scan","Parent Relationship": "Outer","Parallel Aware": false,"Async Capable": false,"Relation Name": "supplier","Alias": "supplier","Startup Cost": 0.00,"Total Cost": 322.00,"Plan Rows": 10000,"Plan Width": 8,"Actual Startup Time": 0.043,"Actual Total Time": 6.388,"Actual Rows": 10000,"Actual Loops": 3,"Workers": []}]}]}]}]}]}]}]},"Planning Time": 10.225,"Triggers": [],"Execution Time": 837.854}]
[{"Plan": {"Node Type": "Sort","Parallel Aware": false,"Async Capable": false,"Startup Cost": 21616.39,"Total Cost": 21616.45,"Plan Rows": 25,"Plan Width": 136,"Actual Startup Time": 802.725,"Actual Total Time": 834.940,"Actual Rows": 5,"Actual Loops": 1,"Sort Key": ["(sum((lineitem.l_extendedprice * ('1'::numeric - lineitem.l_discount)))) DESC"],"Sort Method": "quicksort","Sort Space Used": 25,"Sort Space Type": "Memory","Plans": [{"Node Type": "Aggregate","Strategy": "Sorted","Partial Mode": "Finalize","Parent Relationship": "Outer","Parallel Aware": false,"Async Capable": false,"Startup Cost": 21601.33,"Total Cost": 21615.81,"Plan Rows": 25,"Plan Width": 136,"Actual Startup Time": 802.089,"Actual Total Time": 834.889,"Actual Rows": 5,"Actual Loops": 1,"Group Key": ["nation.n_name"],"Plans": [{"Node Type": "Gather Merge","Parent Relationship": "Outer","Parallel Aware": false,"Async Capable": false,"Startup Cost": 21601.33,"Total Cost": 21615.12,"Plan Rows": 50,"Plan Width": 136,"Actual Startup Time": 801.869,"Actual Total Time": 834.838,"Actual Rows": 15,"Actual Loops": 1,"Workers Planned": 2,"Workers Launched": 2,"Plans": [{"Node Type": "Aggregate","Strategy": "Sorted","Partial Mode": "Partial","Parent Relationship": "Outer","Parallel Aware": false,"Async Capable": false,"Startup Cost": 20601.30,"Total Cost": 20609.33,"Plan Rows": 25,"Plan Width": 136,"Actual Startup Time": 794.218,"Actual Total Time": 794.940,"Actual Rows": 5,"Actual Loops": 3,"Group Key": ["nation.n_name"],"Workers": [],"Plans": [{"Node Type": "Sort","Parent Relationship": "Outer","Parallel Aware": false,"Async Capable": false,"Startup Cost": 20601.30,"Total Cost": 20602.85,"Plan Rows": 617,"Plan Width": 116,"Actual Startup Time": 793.996,"Actual Total Time": 794.120,"Actual Rows": 2469,"Actual Loops": 3,"Sort Key": ["nation.n_name"],"Sort Method": "quicksort","Sort Space Used": 296,"Sort Space Type": "Memory","Workers": [{"Worker Number": 0,"Sort Method": "quicksort","Sort Space Used": 284,"Sort Space Type": "Memory"},{"Worker Number": 1,"Sort Method": "quicksort","Sort Space Used": 288,"Sort Space Type": "Memory"}],"Plans": [{"Node Type": "Hash Join","Parent Relationship": "Outer","Parallel Aware": false,"Async Capable": false,"Join Type": "Inner","Startup Cost": 475.27,"Total Cost": 20572.71,"Plan Rows": 617,"Plan Width": 116,"Actual Startup Time": 14.848,"Actual Total Time": 792.432,"Actual Rows": 2469,"Actual Loops": 3,"Inner Unique": true,"Hash Cond": "((lineitem.l_suppkey = supplier.s_suppkey) AND (customer.c_nationkey = supplier.s_nationkey))","Workers": [],"Plans": [{"Node Type": "Nested Loop","Parent Relationship": "Outer","Parallel Aware": false,"Async Capable": false,"Join Type": "Inner","Startup Cost": 3.27,"Total Cost": 20019.70,"Plan Rows": 15431,"Plan Width": 128,"Actual Startup Time": 0.724,"Actual Total Time": 746.203,"Actual Rows": 60646,"Actual Loops": 3,"Inner Unique": false,"Workers": [],"Plans": [{"Node Type": "Nested Loop","Parent Relationship": "Outer","Parallel Aware": false,"Async Capable": false,"Join Type": "Inner","Startup Cost": 2.84,"Total Cost": 8414.26,"Plan Rows": 3857,"Plan Width": 116,"Actual Startup Time": 0.603,"Actual Total Time": 446.704,"Actual Rows": 15077,"Actual Loops": 3,"Inner Unique": false,"Workers": [],"Plans": [{"Node Type": "Hash Join","Parent Relationship": "Outer","Parallel Aware": false,"Async Capable": false,"Join Type": "Inner","Startup Cost": 2.41,"Total Cost": 4471.79,"Plan Rows": 2500,"Plan Width": 116,"Actual Startup Time": 0.232,"Actual Total Time": 54.148,"Actual Rows": 9968,"Actual Loops": 3,"Inner Unique": false,"Hash Cond": "(customer.c_nationkey = nation.n_nationkey)","Workers": [],"Plans": [{"Node Type": "Seq Scan","Parent Relationship": "Outer","Parallel Aware": true,"Async Capable": false,"Relation Name": "customer","Alias": "customer","Startup Cost": 0.00,"Total Cost": 4210.00,"Plan Rows": 62500,"Plan Width": 8,"Actual Startup Time": 0.016,"Actual Total Time": 9.432,"Actual Rows": 50000,"Actual Loops": 3,"Workers": []},{"Node Type": "Hash","Parent Relationship": "Inner","Parallel Aware": false,"Async Capable": false,"Startup Cost": 2.40,"Total Cost": 2.40,"Plan Rows": 1,"Plan Width": 108,"Actual Startup Time": 0.135,"Actual Total Time": 0.148,"Actual Rows": 5,"Actual Loops": 3,"Hash Buckets": 1024,"Original Hash Buckets": 1024,"Hash Batches": 1,"Original Hash Batches": 1,"Peak Memory Usage": 9,"Workers": [],"Plans": [{"Node Type": "Hash Join","Parent Relationship": "Outer","Parallel Aware": false,"Async Capable": false,"Join Type": "Inner","Startup Cost": 1.07,"Total Cost": 2.40,"Plan Rows": 1,"Plan Width": 108,"Actual Startup Time": 0.120,"Actual Total Time": 0.140,"Actual Rows": 5,"Actual Loops": 3,"Inner Unique": true,"Hash Cond": "(nation.n_regionkey = region.r_regionkey)","Workers": [],"Plans": [{"Node Type": "Seq Scan","Parent Relationship": "Outer","Parallel Aware": false,"Async Capable": false,"Relation Name": "nation","Alias": "nation","Startup Cost": 0.00,"Total Cost": 1.25,"Plan Rows": 25,"Plan Width": 112,"Actual Startup Time": 0.048,"Actual Total Time": 0.052,"Actual Rows": 25,"Actual Loops": 3,"Workers": []},{"Node Type": "Hash","Parent Relationship": "Inner","Parallel Aware": false,"Async Capable": false,"Startup Cost": 1.06,"Total Cost": 1.06,"Plan Rows": 1,"Plan Width": 4,"Actual Startup Time": 0.046,"Actual Total Time": 0.050,"Actual Rows": 1,"Actual Loops": 3,"Hash Buckets": 1024,"Original Hash Buckets": 1024,"Hash Batches": 1,"Original Hash Batches": 1,"Peak Memory Usage": 9,"Workers": [],"Plans": [{"Node Type": "Seq Scan","Parent Relationship": "Outer","Parallel Aware": false,"Async Capable": false,"Relation Name": "region","Alias": "region","Startup Cost": 0.00,"Total Cost": 1.06,"Plan Rows": 1,"Plan Width": 4,"Actual Startup Time": 0.033,"Actual Total Time": 0.035,"Actual Rows": 1,"Actual Loops": 3,"Filter": "(r_name = 'MIDDLE EAST'::bpchar)","Rows Removed by Filter": 4,"Workers": []}]}]}]}]},{"Node Type": "Index Scan","Parent Relationship": "Inner","Parallel Aware": false,"Async Capable": false,"Scan Direction": "Forward","Index Name": "idx_orders_custkey","Relation Name": "orders","Alias": "orders","Startup Cost": 0.43,"Total Cost": 1.55,"Plan Rows": 3,"Plan Width": 8,"Actual Startup Time": 0.017,"Actual Total Time": 0.039,"Actual Rows": 2,"Actual Loops": 29904,"Index Cond": "(o_custkey = customer.c_custkey)","Rows Removed by Index Recheck": 0,"Filter": "((o_orderdate >= '1996-01-01'::date) AND (o_orderdate < '1997-01-01 00:00:00'::timestamp without time zone))","Rows Removed by Filter": 8,"Workers": []}]},{"Node Type": "Index Scan","Parent Relationship": "Inner","Parallel Aware": false,"Async Capable": false,"Scan Direction": "Forward","Index Name": "idx_lineitem_orderkey","Relation Name": "lineitem","Alias": "lineitem","Startup Cost": 0.43,"Total Cost": 2.84,"Plan Rows": 17,"Plan Width": 20,"Actual Startup Time": 0.016,"Actual Total Time": 0.019,"Actual Rows": 4,"Actual Loops": 45231,"Index Cond": "(l_orderkey = orders.o_orderkey)","Rows Removed by Index Recheck": 0,"Workers": []}]},{"Node Type": "Hash","Parent Relationship": "Inner","Parallel Aware": false,"Async Capable": false,"Startup Cost": 322.00,"Total Cost": 322.00,"Plan Rows": 10000,"Plan Width": 8,"Actual Startup Time": 13.111,"Actual Total Time": 13.116,"Actual Rows": 10000,"Actual Loops": 3,"Hash Buckets": 16384,"Original Hash Buckets": 16384,"Hash Batches": 1,"Original Hash Batches": 1,"Peak Memory Usage": 519,"Workers": [],"Plans": [{"Node Type": "Seq Scan","Parent Relationship": "Outer","Parallel Aware": false,"Async Capable": false,"Relation Name": "supplier","Alias": "supplier","Startup Cost": 0.00,"Total Cost": 322.00,"Plan Rows": 10000,"Plan Width": 8,"Actual Startup Time": 0.041,"Actual Total Time": 11.446,"Actual Rows": 10000,"Actual Loops": 3,"Workers": []}]}]}]}]}]}]}]},"Planning Time": 10.334,"Triggers": [],"Execution Time": 835.373}]
[{"Plan": {"Node Type": "Sort","Parallel Aware": false,"Async Capable": false,"Startup Cost": 21565.81,"Total Cost": 21565.87,"Plan Rows": 25,"Plan Width": 136,"Actual Startup Time": 823.071,"Actual Total Time": 855.607,"Actual Rows": 5,"Actual Loops": 1,"Sort Key": ["(sum((lineitem.l_extendedprice * ('1'::numeric - lineitem.l_discount)))) DESC"],"Sort Method": "quicksort","Sort Space Used": 25,"Sort Space Type": "Memory","Plans": [{"Node Type": "Aggregate","Strategy": "Sorted","Partial Mode": "Finalize","Parent Relationship": "Outer","Parallel Aware": false,"Async Capable": false,"Startup Cost": 21550.86,"Total Cost": 21565.23,"Plan Rows": 25,"Plan Width": 136,"Actual Startup Time": 822.468,"Actual Total Time": 855.547,"Actual Rows": 5,"Actual Loops": 1,"Group Key": ["nation.n_name"],"Plans": [{"Node Type": "Gather Merge","Parent Relationship": "Outer","Parallel Aware": false,"Async Capable": false,"Startup Cost": 21550.86,"Total Cost": 21564.54,"Plan Rows": 50,"Plan Width": 136,"Actual Startup Time": 822.203,"Actual Total Time": 855.489,"Actual Rows": 15,"Actual Loops": 1,"Workers Planned": 2,"Workers Launched": 2,"Plans": [{"Node Type": "Aggregate","Strategy": "Sorted","Partial Mode": "Partial","Parent Relationship": "Outer","Parallel Aware": false,"Async Capable": false,"Startup Cost": 20550.84,"Total Cost": 20558.75,"Plan Rows": 25,"Plan Width": 136,"Actual Startup Time": 814.240,"Actual Total Time": 814.959,"Actual Rows": 5,"Actual Loops": 3,"Group Key": ["nation.n_name"],"Workers": [],"Plans": [{"Node Type": "Sort","Parent Relationship": "Outer","Parallel Aware": false,"Async Capable": false,"Startup Cost": 20550.84,"Total Cost": 20552.36,"Plan Rows": 608,"Plan Width": 116,"Actual Startup Time": 814.029,"Actual Total Time": 814.149,"Actual Rows": 2473,"Actual Loops": 3,"Sort Key": ["nation.n_name"],"Sort Method": "quicksort","Sort Space Used": 297,"Sort Space Type": "Memory","Workers": [{"Worker Number": 0,"Sort Method": "quicksort","Sort Space Used": 287,"Sort Space Type": "Memory"},{"Worker Number": 1,"Sort Method": "quicksort","Sort Space Used": 284,"Sort Space Type": "Memory"}],"Plans": [{"Node Type": "Hash Join","Parent Relationship": "Outer","Parallel Aware": false,"Async Capable": false,"Join Type": "Inner","Startup Cost": 475.27,"Total Cost": 20522.72,"Plan Rows": 608,"Plan Width": 116,"Actual Startup Time": 11.318,"Actual Total Time": 812.483,"Actual Rows": 2473,"Actual Loops": 3,"Inner Unique": true,"Hash Cond": "((lineitem.l_suppkey = supplier.s_suppkey) AND (customer.c_nationkey = supplier.s_nationkey))","Workers": [],"Plans": [{"Node Type": "Nested Loop","Parent Relationship": "Outer","Parallel Aware": false,"Async Capable": false,"Join Type": "Inner","Startup Cost": 3.27,"Total Cost": 19970.84,"Plan Rows": 15215,"Plan Width": 128,"Actual Startup Time": 0.595,"Actual Total Time": 768.935,"Actual Rows": 60276,"Actual Loops": 3,"Inner Unique": false,"Workers": [],"Plans": [{"Node Type": "Nested Loop","Parent Relationship": "Outer","Parallel Aware": false,"Async Capable": false,"Join Type": "Inner","Startup Cost": 2.84,"Total Cost": 8414.26,"Plan Rows": 3803,"Plan Width": 116,"Actual Startup Time": 0.466,"Actual Total Time": 464.532,"Actual Rows": 15032,"Actual Loops": 3,"Inner Unique": false,"Workers": [],"Plans": [{"Node Type": "Hash Join","Parent Relationship": "Outer","Parallel Aware": false,"Async Capable": false,"Join Type": "Inner","Startup Cost": 2.41,"Total Cost": 4471.79,"Plan Rows": 2500,"Plan Width": 116,"Actual Startup Time": 0.243,"Actual Total Time": 60.744,"Actual Rows": 9968,"Actual Loops": 3,"Inner Unique": false,"Hash Cond": "(customer.c_nationkey = nation.n_nationkey)","Workers": [],"Plans": [{"Node Type": "Seq Scan","Parent Relationship": "Outer","Parallel Aware": true,"Async Capable": false,"Relation Name": "customer","Alias": "customer","Startup Cost": 0.00,"Total Cost": 4210.00,"Plan Rows": 62500,"Plan Width": 8,"Actual Startup Time": 0.012,"Actual Total Time": 10.205,"Actual Rows": 50000,"Actual Loops": 3,"Workers": []},{"Node Type": "Hash","Parent Relationship": "Inner","Parallel Aware": false,"Async Capable": false,"Startup Cost": 2.40,"Total Cost": 2.40,"Plan Rows": 1,"Plan Width": 108,"Actual Startup Time": 0.142,"Actual Total Time": 0.157,"Actual Rows": 5,"Actual Loops": 3,"Hash Buckets": 1024,"Original Hash Buckets": 1024,"Hash Batches": 1,"Original Hash Batches": 1,"Peak Memory Usage": 9,"Workers": [],"Plans": [{"Node Type": "Hash Join","Parent Relationship": "Outer","Parallel Aware": false,"Async Capable": false,"Join Type": "Inner","Startup Cost": 1.07,"Total Cost": 2.40,"Plan Rows": 1,"Plan Width": 108,"Actual Startup Time": 0.130,"Actual Total Time": 0.149,"Actual Rows": 5,"Actual Loops": 3,"Inner Unique": true,"Hash Cond": "(nation.n_regionkey = region.r_regionkey)","Workers": [],"Plans": [{"Node Type": "Seq Scan","Parent Relationship": "Outer","Parallel Aware": false,"Async Capable": false,"Relation Name": "nation","Alias": "nation","Startup Cost": 0.00,"Total Cost": 1.25,"Plan Rows": 25,"Plan Width": 112,"Actual Startup Time": 0.040,"Actual Total Time": 0.044,"Actual Rows": 25,"Actual Loops": 3,"Workers": []},{"Node Type": "Hash","Parent Relationship": "Inner","Parallel Aware": false,"Async Capable": false,"Startup Cost": 1.06,"Total Cost": 1.06,"Plan Rows": 1,"Plan Width": 4,"Actual Startup Time": 0.063,"Actual Total Time": 0.068,"Actual Rows": 1,"Actual Loops": 3,"Hash Buckets": 1024,"Original Hash Buckets": 1024,"Hash Batches": 1,"Original Hash Batches": 1,"Peak Memory Usage": 9,"Workers": [],"Plans": [{"Node Type": "Seq Scan","Parent Relationship": "Outer","Parallel Aware": false,"Async Capable": false,"Relation Name": "region","Alias": "region","Startup Cost": 0.00,"Total Cost": 1.06,"Plan Rows": 1,"Plan Width": 4,"Actual Startup Time": 0.045,"Actual Total Time": 0.047,"Actual Rows": 1,"Actual Loops": 3,"Filter": "(r_name = 'MIDDLE EAST'::bpchar)","Rows Removed by Filter": 4,"Workers": []}]}]}]}]},{"Node Type": "Index Scan","Parent Relationship": "Inner","Parallel Aware": false,"Async Capable": false,"Scan Direction": "Forward","Index Name": "idx_orders_custkey","Relation Name": "orders","Alias": "orders","Startup Cost": 0.43,"Total Cost": 1.55,"Plan Rows": 3,"Plan Width": 8,"Actual Startup Time": 0.017,"Actual Total Time": 0.040,"Actual Rows": 2,"Actual Loops": 29904,"Index Cond": "(o_custkey = customer.c_custkey)","Rows Removed by Index Recheck": 0,"Filter": "((o_orderdate >= '1997-01-01'::date) AND (o_orderdate < '1998-01-01 00:00:00'::timestamp without time zone))","Rows Removed by Filter": 8,"Workers": []}]},{"Node Type": "Index Scan","Parent Relationship": "Inner","Parallel Aware": false,"Async Capable": false,"Scan Direction": "Forward","Index Name": "idx_lineitem_orderkey","Relation Name": "lineitem","Alias": "lineitem","Startup Cost": 0.43,"Total Cost": 2.87,"Plan Rows": 17,"Plan Width": 20,"Actual Startup Time": 0.017,"Actual Total Time": 0.019,"Actual Rows": 4,"Actual Loops": 45096,"Index Cond": "(l_orderkey = orders.o_orderkey)","Rows Removed by Index Recheck": 0,"Workers": []}]},{"Node Type": "Hash","Parent Relationship": "Inner","Parallel Aware": false,"Async Capable": false,"Startup Cost": 322.00,"Total Cost": 322.00,"Plan Rows": 10000,"Plan Width": 8,"Actual Startup Time": 9.890,"Actual Total Time": 9.894,"Actual Rows": 10000,"Actual Loops": 3,"Hash Buckets": 16384,"Original Hash Buckets": 16384,"Hash Batches": 1,"Original Hash Batches": 1,"Peak Memory Usage": 519,"Workers": [],"Plans": [{"Node Type": "Seq Scan","Parent Relationship": "Outer","Parallel Aware": false,"Async Capable": false,"Relation Name": "supplier","Alias": "supplier","Startup Cost": 0.00,"Total Cost": 322.00,"Plan Rows": 10000,"Plan Width": 8,"Actual Startup Time": 0.039,"Actual Total Time": 7.896,"Actual Rows": 10000,"Actual Loops": 3,"Workers": []}]}]}]}]}]}]}]},"Planning Time": 11.619,"Triggers": [],"Execution Time": 856.108}]
[{"Plan": {"Node Type": "Sort","Parallel Aware": false,"Async Capable": false,"Startup Cost": 21565.81,"Total Cost": 21565.87,"Plan Rows": 25,"Plan Width": 136,"Actual Startup Time": 826.666,"Actual Total Time": 858.678,"Actual Rows": 5,"Actual Loops": 1,"Sort Key": ["(sum((lineitem.l_extendedprice * ('1'::numeric - lineitem.l_discount)))) DESC"],"Sort Method": "quicksort","Sort Space Used": 25,"Sort Space Type": "Memory","Plans": [{"Node Type": "Aggregate","Strategy": "Sorted","Partial Mode": "Finalize","Parent Relationship": "Outer","Parallel Aware": false,"Async Capable": false,"Startup Cost": 21550.86,"Total Cost": 21565.23,"Plan Rows": 25,"Plan Width": 136,"Actual Startup Time": 825.974,"Actual Total Time": 858.621,"Actual Rows": 5,"Actual Loops": 1,"Group Key": ["nation.n_name"],"Plans": [{"Node Type": "Gather Merge","Parent Relationship": "Outer","Parallel Aware": false,"Async Capable": false,"Startup Cost": 21550.86,"Total Cost": 21564.54,"Plan Rows": 50,"Plan Width": 136,"Actual Startup Time": 825.726,"Actual Total Time": 858.579,"Actual Rows": 15,"Actual Loops": 1,"Workers Planned": 2,"Workers Launched": 2,"Plans": [{"Node Type": "Aggregate","Strategy": "Sorted","Partial Mode": "Partial","Parent Relationship": "Outer","Parallel Aware": false,"Async Capable": false,"Startup Cost": 20550.84,"Total Cost": 20558.75,"Plan Rows": 25,"Plan Width": 136,"Actual Startup Time": 818.223,"Actual Total Time": 818.980,"Actual Rows": 5,"Actual Loops": 3,"Group Key": ["nation.n_name"],"Workers": [],"Plans": [{"Node Type": "Sort","Parent Relationship": "Outer","Parallel Aware": false,"Async Capable": false,"Startup Cost": 20550.84,"Total Cost": 20552.36,"Plan Rows": 608,"Plan Width": 116,"Actual Startup Time": 818.011,"Actual Total Time": 818.145,"Actual Rows": 2489,"Actual Loops": 3,"Sort Key": ["nation.n_name"],"Sort Method": "quicksort","Sort Space Used": 294,"Sort Space Type": "Memory","Workers": [{"Worker Number": 0,"Sort Method": "quicksort","Sort Space Used": 286,"Sort Space Type": "Memory"},{"Worker Number": 1,"Sort Method": "quicksort","Sort Space Used": 292,"Sort Space Type": "Memory"}],"Plans": [{"Node Type": "Hash Join","Parent Relationship": "Outer","Parallel Aware": false,"Async Capable": false,"Join Type": "Inner","Startup Cost": 475.27,"Total Cost": 20522.72,"Plan Rows": 608,"Plan Width": 116,"Actual Startup Time": 11.840,"Actual Total Time": 816.555,"Actual Rows": 2489,"Actual Loops": 3,"Inner Unique": true,"Hash Cond": "((lineitem.l_suppkey = supplier.s_suppkey) AND (customer.c_nationkey = supplier.s_nationkey))","Workers": [],"Plans": [{"Node Type": "Nested Loop","Parent Relationship": "Outer","Parallel Aware": false,"Async Capable": false,"Join Type": "Inner","Startup Cost": 3.27,"Total Cost": 19970.84,"Plan Rows": 15215,"Plan Width": 128,"Actual Startup Time": 0.591,"Actual Total Time": 771.834,"Actual Rows": 60959,"Actual Loops": 3,"Inner Unique": false,"Workers": [],"Plans": [{"Node Type": "Nested Loop","Parent Relationship": "Outer","Parallel Aware": false,"Async Capable": false,"Join Type": "Inner","Startup Cost": 2.84,"Total Cost": 8414.26,"Plan Rows": 3803,"Plan Width": 116,"Actual Startup Time": 0.474,"Actual Total Time": 463.395,"Actual Rows": 15225,"Actual Loops": 3,"Inner Unique": false,"Workers": [],"Plans": [{"Node Type": "Hash Join","Parent Relationship": "Outer","Parallel Aware": false,"Async Capable": false,"Join Type": "Inner","Startup Cost": 2.41,"Total Cost": 4471.79,"Plan Rows": 2500,"Plan Width": 116,"Actual Startup Time": 0.230,"Actual Total Time": 58.477,"Actual Rows": 9984,"Actual Loops": 3,"Inner Unique": false,"Hash Cond": "(customer.c_nationkey = nation.n_nationkey)","Workers": [],"Plans": [{"Node Type": "Seq Scan","Parent Relationship": "Outer","Parallel Aware": true,"Async Capable": false,"Relation Name": "customer","Alias": "customer","Startup Cost": 0.00,"Total Cost": 4210.00,"Plan Rows": 62500,"Plan Width": 8,"Actual Startup Time": 0.016,"Actual Total Time": 10.057,"Actual Rows": 50000,"Actual Loops": 3,"Workers": []},{"Node Type": "Hash","Parent Relationship": "Inner","Parallel Aware": false,"Async Capable": false,"Startup Cost": 2.40,"Total Cost": 2.40,"Plan Rows": 1,"Plan Width": 108,"Actual Startup Time": 0.130,"Actual Total Time": 0.146,"Actual Rows": 5,"Actual Loops": 3,"Hash Buckets": 1024,"Original Hash Buckets": 1024,"Hash Batches": 1,"Original Hash Batches": 1,"Peak Memory Usage": 9,"Workers": [],"Plans": [{"Node Type": "Hash Join","Parent Relationship": "Outer","Parallel Aware": false,"Async Capable": false,"Join Type": "Inner","Startup Cost": 1.07,"Total Cost": 2.40,"Plan Rows": 1,"Plan Width": 108,"Actual Startup Time": 0.116,"Actual Total Time": 0.137,"Actual Rows": 5,"Actual Loops": 3,"Inner Unique": true,"Hash Cond": "(nation.n_regionkey = region.r_regionkey)","Workers": [],"Plans": [{"Node Type": "Seq Scan","Parent Relationship": "Outer","Parallel Aware": false,"Async Capable": false,"Relation Name": "nation","Alias": "nation","Startup Cost": 0.00,"Total Cost": 1.25,"Plan Rows": 25,"Plan Width": 112,"Actual Startup Time": 0.042,"Actual Total Time": 0.045,"Actual Rows": 25,"Actual Loops": 3,"Workers": []},{"Node Type": "Hash","Parent Relationship": "Inner","Parallel Aware": false,"Async Capable": false,"Startup Cost": 1.06,"Total Cost": 1.06,"Plan Rows": 1,"Plan Width": 4,"Actual Startup Time": 0.050,"Actual Total Time": 0.056,"Actual Rows": 1,"Actual Loops": 3,"Hash Buckets": 1024,"Original Hash Buckets": 1024,"Hash Batches": 1,"Original Hash Batches": 1,"Peak Memory Usage": 9,"Workers": [],"Plans": [{"Node Type": "Seq Scan","Parent Relationship": "Outer","Parallel Aware": false,"Async Capable": false,"Relation Name": "region","Alias": "region","Startup Cost": 0.00,"Total Cost": 1.06,"Plan Rows": 1,"Plan Width": 4,"Actual Startup Time": 0.038,"Actual Total Time": 0.040,"Actual Rows": 1,"Actual Loops": 3,"Filter": "(r_name = 'AMERICA'::bpchar)","Rows Removed by Filter": 4,"Workers": []}]}]}]}]},{"Node Type": "Index Scan","Parent Relationship": "Inner","Parallel Aware": false,"Async Capable": false,"Scan Direction": "Forward","Index Name": "idx_orders_custkey","Relation Name": "orders","Alias": "orders","Startup Cost": 0.43,"Total Cost": 1.55,"Plan Rows": 3,"Plan Width": 8,"Actual Startup Time": 0.017,"Actual Total Time": 0.040,"Actual Rows": 2,"Actual Loops": 29952,"Index Cond": "(o_custkey = customer.c_custkey)","Rows Removed by Index Recheck": 0,"Filter": "((o_orderdate >= '1997-01-01'::date) AND (o_orderdate < '1998-01-01 00:00:00'::timestamp without time zone))","Rows Removed by Filter": 8,"Workers": []}]},{"Node Type": "Index Scan","Parent Relationship": "Inner","Parallel Aware": false,"Async Capable": false,"Scan Direction": "Forward","Index Name": "idx_lineitem_orderkey","Relation Name": "lineitem","Alias": "lineitem","Startup Cost": 0.43,"Total Cost": 2.87,"Plan Rows": 17,"Plan Width": 20,"Actual Startup Time": 0.017,"Actual Total Time": 0.020,"Actual Rows": 4,"Actual Loops": 45676,"Index Cond": "(l_orderkey = orders.o_orderkey)","Rows Removed by Index Recheck": 0,"Workers": []}]},{"Node Type": "Hash","Parent Relationship": "Inner","Parallel Aware": false,"Async Capable": false,"Startup Cost": 322.00,"Total Cost": 322.00,"Plan Rows": 10000,"Plan Width": 8,"Actual Startup Time": 10.524,"Actual Total Time": 10.525,"Actual Rows": 10000,"Actual Loops": 3,"Hash Buckets": 16384,"Original Hash Buckets": 16384,"Hash Batches": 1,"Original Hash Batches": 1,"Peak Memory Usage": 519,"Workers": [],"Plans": [{"Node Type": "Seq Scan","Parent Relationship": "Outer","Parallel Aware": false,"Async Capable": false,"Relation Name": "supplier","Alias": "supplier","Startup Cost": 0.00,"Total Cost": 322.00,"Plan Rows": 10000,"Plan Width": 8,"Actual Startup Time": 0.042,"Actual Total Time": 8.814,"Actual Rows": 10000,"Actual Loops": 3,"Workers": []}]}]}]}]}]}]}]},"Planning Time": 10.085,"Triggers": [],"Execution Time": 859.237}]
[{"Plan": {"Node Type": "Sort","Parallel Aware": false,"Async Capable": false,"Startup Cost": 21522.30,"Total Cost": 21522.36,"Plan Rows": 25,"Plan Width": 136,"Actual Startup Time": 803.252,"Actual Total Time": 834.286,"Actual Rows": 5,"Actual Loops": 1,"Sort Key": ["(sum((lineitem.l_extendedprice * ('1'::numeric - lineitem.l_discount)))) DESC"],"Sort Method": "quicksort","Sort Space Used": 25,"Sort Space Type": "Memory","Plans": [{"Node Type": "Aggregate","Strategy": "Sorted","Partial Mode": "Finalize","Parent Relationship": "Outer","Parallel Aware": false,"Async Capable": false,"Startup Cost": 21507.43,"Total Cost": 21521.72,"Plan Rows": 25,"Plan Width": 136,"Actual Startup Time": 802.651,"Actual Total Time": 834.228,"Actual Rows": 5,"Actual Loops": 1,"Group Key": ["nation.n_name"],"Plans": [{"Node Type": "Gather Merge","Parent Relationship": "Outer","Parallel Aware": false,"Async Capable": false,"Startup Cost": 21507.43,"Total Cost": 21521.03,"Plan Rows": 50,"Plan Width": 136,"Actual Startup Time": 802.434,"Actual Total Time": 834.170,"Actual Rows": 15,"Actual Loops": 1,"Workers Planned": 2,"Workers Launched": 2,"Plans": [{"Node Type": "Aggregate","Strategy": "Sorted","Partial Mode": "Partial","Parent Relationship": "Outer","Parallel Aware": false,"Async Capable": false,"Startup Cost": 20507.41,"Total Cost": 20515.23,"Plan Rows": 25,"Plan Width": 136,"Actual Startup Time": 794.928,"Actual Total Time": 795.651,"Actual Rows": 5,"Actual Loops": 3,"Group Key": ["nation.n_name"],"Workers": [],"Plans": [{"Node Type": "Sort","Parent Relationship": "Outer","Parallel Aware": false,"Async Capable": false,"Startup Cost": 20507.41,"Total Cost": 20508.91,"Plan Rows": 601,"Plan Width": 116,"Actual Startup Time": 794.703,"Actual Total Time": 794.843,"Actual Rows": 2409,"Actual Loops": 3,"Sort Key": ["nation.n_name"],"Sort Method": "quicksort","Sort Space Used": 286,"Sort Space Type": "Memory","Workers": [{"Worker Number": 0,"Sort Method": "quicksort","Sort Space Used": 276,"Sort Space Type": "Memory"},{"Worker Number": 1,"Sort Method": "quicksort","Sort Space Used": 293,"Sort Space Type": "Memory"}],"Plans": [{"Node Type": "Hash Join","Parent Relationship": "Outer","Parallel Aware": false,"Async Capable": false,"Join Type": "Inner","Startup Cost": 475.27,"Total Cost": 20479.67,"Plan Rows": 601,"Plan Width": 116,"Actual Startup Time": 9.777,"Actual Total Time": 793.218,"Actual Rows": 2409,"Actual Loops": 3,"Inner Unique": true,"Hash Cond": "((lineitem.l_suppkey = supplier.s_suppkey) AND (customer.c_nationkey = supplier.s_nationkey))","Workers": [],"Plans": [{"Node Type": "Nested Loop","Parent Relationship": "Outer","Parallel Aware": false,"Async Capable": false,"Join Type": "Inner","Startup Cost": 3.27,"Total Cost": 19928.78,"Plan Rows": 15027,"Plan Width": 128,"Actual Startup Time": 0.619,"Actual Total Time": 753.080,"Actual Rows": 60488,"Actual Loops": 3,"Inner Unique": false,"Workers": [],"Plans": [{"Node Type": "Nested Loop","Parent Relationship": "Outer","Parallel Aware": false,"Async Capable": false,"Join Type": "Inner","Startup Cost": 2.84,"Total Cost": 8414.26,"Plan Rows": 3756,"Plan Width": 116,"Actual Startup Time": 0.516,"Actual Total Time": 449.946,"Actual Rows": 15093,"Actual Loops": 3,"Inner Unique": false,"Workers": [],"Plans": [{"Node Type": "Hash Join","Parent Relationship": "Outer","Parallel Aware": false,"Async Capable": false,"Join Type": "Inner","Startup Cost": 2.41,"Total Cost": 4471.79,"Plan Rows": 2500,"Plan Width": 116,"Actual Startup Time": 0.243,"Actual Total Time": 55.930,"Actual Rows": 9921,"Actual Loops": 3,"Inner Unique": false,"Hash Cond": "(customer.c_nationkey = nation.n_nationkey)","Workers": [],"Plans": [{"Node Type": "Seq Scan","Parent Relationship": "Outer","Parallel Aware": true,"Async Capable": false,"Relation Name": "customer","Alias": "customer","Startup Cost": 0.00,"Total Cost": 4210.00,"Plan Rows": 62500,"Plan Width": 8,"Actual Startup Time": 0.017,"Actual Total Time": 9.588,"Actual Rows": 50000,"Actual Loops": 3,"Workers": []},{"Node Type": "Hash","Parent Relationship": "Inner","Parallel Aware": false,"Async Capable": false,"Startup Cost": 2.40,"Total Cost": 2.40,"Plan Rows": 1,"Plan Width": 108,"Actual Startup Time": 0.143,"Actual Total Time": 0.169,"Actual Rows": 5,"Actual Loops": 3,"Hash Buckets": 1024,"Original Hash Buckets": 1024,"Hash Batches": 1,"Original Hash Batches": 1,"Peak Memory Usage": 9,"Workers": [],"Plans": [{"Node Type": "Hash Join","Parent Relationship": "Outer","Parallel Aware": false,"Async Capable": false,"Join Type": "Inner","Startup Cost": 1.07,"Total Cost": 2.40,"Plan Rows": 1,"Plan Width": 108,"Actual Startup Time": 0.126,"Actual Total Time": 0.159,"Actual Rows": 5,"Actual Loops": 3,"Inner Unique": true,"Hash Cond": "(nation.n_regionkey = region.r_regionkey)","Workers": [],"Plans": [{"Node Type": "Seq Scan","Parent Relationship": "Outer","Parallel Aware": false,"Async Capable": false,"Relation Name": "nation","Alias": "nation","Startup Cost": 0.00,"Total Cost": 1.25,"Plan Rows": 25,"Plan Width": 112,"Actual Startup Time": 0.045,"Actual Total Time": 0.050,"Actual Rows": 25,"Actual Loops": 3,"Workers": []},{"Node Type": "Hash","Parent Relationship": "Inner","Parallel Aware": false,"Async Capable": false,"Startup Cost": 1.06,"Total Cost": 1.06,"Plan Rows": 1,"Plan Width": 4,"Actual Startup Time": 0.052,"Actual Total Time": 0.063,"Actual Rows": 1,"Actual Loops": 3,"Hash Buckets": 1024,"Original Hash Buckets": 1024,"Hash Batches": 1,"Original Hash Batches": 1,"Peak Memory Usage": 9,"Workers": [],"Plans": [{"Node Type": "Seq Scan","Parent Relationship": "Outer","Parallel Aware": false,"Async Capable": false,"Relation Name": "region","Alias": "region","Startup Cost": 0.00,"Total Cost": 1.06,"Plan Rows": 1,"Plan Width": 4,"Actual Startup Time": 0.036,"Actual Total Time": 0.041,"Actual Rows": 1,"Actual Loops": 3,"Filter": "(r_name = 'AFRICA'::bpchar)","Rows Removed by Filter": 4,"Workers": []}]}]}]}]},{"Node Type": "Index Scan","Parent Relationship": "Inner","Parallel Aware": false,"Async Capable": false,"Scan Direction": "Forward","Index Name": "idx_orders_custkey","Relation Name": "orders","Alias": "orders","Startup Cost": 0.43,"Total Cost": 1.55,"Plan Rows": 3,"Plan Width": 8,"Actual Startup Time": 0.017,"Actual Total Time": 0.039,"Actual Rows": 2,"Actual Loops": 29764,"Index Cond": "(o_custkey = customer.c_custkey)","Rows Removed by Index Recheck": 0,"Filter": "((o_orderdate >= '1993-01-01'::date) AND (o_orderdate < '1994-01-01 00:00:00'::timestamp without time zone))","Rows Removed by Filter": 9,"Workers": []}]},{"Node Type": "Index Scan","Parent Relationship": "Inner","Parallel Aware": false,"Async Capable": false,"Scan Direction": "Forward","Index Name": "idx_lineitem_orderkey","Relation Name": "lineitem","Alias": "lineitem","Startup Cost": 0.43,"Total Cost": 2.90,"Plan Rows": 17,"Plan Width": 20,"Actual Startup Time": 0.017,"Actual Total Time": 0.019,"Actual Rows": 4,"Actual Loops": 45280,"Index Cond": "(l_orderkey = orders.o_orderkey)","Rows Removed by Index Recheck": 0,"Workers": []}]},{"Node Type": "Hash","Parent Relationship": "Inner","Parallel Aware": false,"Async Capable": false,"Startup Cost": 322.00,"Total Cost": 322.00,"Plan Rows": 10000,"Plan Width": 8,"Actual Startup Time": 8.121,"Actual Total Time": 8.126,"Actual Rows": 10000,"Actual Loops": 3,"Hash Buckets": 16384,"Original Hash Buckets": 16384,"Hash Batches": 1,"Original Hash Batches": 1,"Peak Memory Usage": 519,"Workers": [],"Plans": [{"Node Type": "Seq Scan","Parent Relationship": "Outer","Parallel Aware": false,"Async Capable": false,"Relation Name": "supplier","Alias": "supplier","Startup Cost": 0.00,"Total Cost": 322.00,"Plan Rows": 10000,"Plan Width": 8,"Actual Startup Time": 0.036,"Actual Total Time": 6.327,"Actual Rows": 10000,"Actual Loops": 3,"Workers": []}]}]}]}]}]}]}]},"Planning Time": 9.902,"Triggers": [],"Execution Time": 834.900}]
[{"Plan": {"Node Type": "Sort","Parallel Aware": false,"Async Capable": false,"Startup Cost": 21616.39,"Total Cost": 21616.45,"Plan Rows": 25,"Plan Width": 136,"Actual Startup Time": 848.991,"Actual Total Time": 881.316,"Actual Rows": 5,"Actual Loops": 1,"Sort Key": ["(sum((lineitem.l_extendedprice * ('1'::numeric - lineitem.l_discount)))) DESC"],"Sort Method": "quicksort","Sort Space Used": 25,"Sort Space Type": "Memory","Plans": [{"Node Type": "Aggregate","Strategy": "Sorted","Partial Mode": "Finalize","Parent Relationship": "Outer","Parallel Aware": false,"Async Capable": false,"Startup Cost": 21601.33,"Total Cost": 21615.81,"Plan Rows": 25,"Plan Width": 136,"Actual Startup Time": 848.402,"Actual Total Time": 881.262,"Actual Rows": 5,"Actual Loops": 1,"Group Key": ["nation.n_name"],"Plans": [{"Node Type": "Gather Merge","Parent Relationship": "Outer","Parallel Aware": false,"Async Capable": false,"Startup Cost": 21601.33,"Total Cost": 21615.12,"Plan Rows": 50,"Plan Width": 136,"Actual Startup Time": 848.176,"Actual Total Time": 881.211,"Actual Rows": 15,"Actual Loops": 1,"Workers Planned": 2,"Workers Launched": 2,"Plans": [{"Node Type": "Aggregate","Strategy": "Sorted","Partial Mode": "Partial","Parent Relationship": "Outer","Parallel Aware": false,"Async Capable": false,"Startup Cost": 20601.30,"Total Cost": 20609.33,"Plan Rows": 25,"Plan Width": 136,"Actual Startup Time": 841.096,"Actual Total Time": 841.805,"Actual Rows": 5,"Actual Loops": 3,"Group Key": ["nation.n_name"],"Workers": [],"Plans": [{"Node Type": "Sort","Parent Relationship": "Outer","Parallel Aware": false,"Async Capable": false,"Startup Cost": 20601.30,"Total Cost": 20602.85,"Plan Rows": 617,"Plan Width": 116,"Actual Startup Time": 840.878,"Actual Total Time": 841.005,"Actual Rows": 2453,"Actual Loops": 3,"Sort Key": ["nation.n_name"],"Sort Method": "quicksort","Sort Space Used": 289,"Sort Space Type": "Memory","Workers": [{"Worker Number": 0,"Sort Method": "quicksort","Sort Space Used": 295,"Sort Space Type": "Memory"},{"Worker Number": 1,"Sort Method": "quicksort","Sort Space Used": 281,"Sort Space Type": "Memory"}],"Plans": [{"Node Type": "Hash Join","Parent Relationship": "Outer","Parallel Aware": false,"Async Capable": false,"Join Type": "Inner","Startup Cost": 475.27,"Total Cost": 20572.71,"Plan Rows": 617,"Plan Width": 116,"Actual Startup Time": 10.379,"Actual Total Time": 839.260,"Actual Rows": 2453,"Actual Loops": 3,"Inner Unique": true,"Hash Cond": "((lineitem.l_suppkey = supplier.s_suppkey) AND (customer.c_nationkey = supplier.s_nationkey))","Workers": [],"Plans": [{"Node Type": "Nested Loop","Parent Relationship": "Outer","Parallel Aware": false,"Async Capable": false,"Join Type": "Inner","Startup Cost": 3.27,"Total Cost": 20019.70,"Plan Rows": 15431,"Plan Width": 128,"Actual Startup Time": 0.539,"Actual Total Time": 793.839,"Actual Rows": 61906,"Actual Loops": 3,"Inner Unique": false,"Workers": [],"Plans": [{"Node Type": "Nested Loop","Parent Relationship": "Outer","Parallel Aware": false,"Async Capable": false,"Join Type": "Inner","Startup Cost": 2.84,"Total Cost": 8414.26,"Plan Rows": 3857,"Plan Width": 116,"Actual Startup Time": 0.431,"Actual Total Time": 473.927,"Actual Rows": 15506,"Actual Loops": 3,"Inner Unique": false,"Workers": [],"Plans": [{"Node Type": "Hash Join","Parent Relationship": "Outer","Parallel Aware": false,"Async Capable": false,"Join Type": "Inner","Startup Cost": 2.41,"Total Cost": 4471.79,"Plan Rows": 2500,"Plan Width": 116,"Actual Startup Time": 0.234,"Actual Total Time": 55.451,"Actual Rows": 10066,"Actual Loops": 3,"Inner Unique": false,"Hash Cond": "(customer.c_nationkey = nation.n_nationkey)","Workers": [],"Plans": [{"Node Type": "Seq Scan","Parent Relationship": "Outer","Parallel Aware": true,"Async Capable": false,"Relation Name": "customer","Alias": "customer","Startup Cost": 0.00,"Total Cost": 4210.00,"Plan Rows": 62500,"Plan Width": 8,"Actual Startup Time": 0.019,"Actual Total Time": 9.720,"Actual Rows": 50000,"Actual Loops": 3,"Workers": []},{"Node Type": "Hash","Parent Relationship": "Inner","Parallel Aware": false,"Async Capable": false,"Startup Cost": 2.40,"Total Cost": 2.40,"Plan Rows": 1,"Plan Width": 108,"Actual Startup Time": 0.128,"Actual Total Time": 0.148,"Actual Rows": 5,"Actual Loops": 3,"Hash Buckets": 1024,"Original Hash Buckets": 1024,"Hash Batches": 1,"Original Hash Batches": 1,"Peak Memory Usage": 9,"Workers": [],"Plans": [{"Node Type": "Hash Join","Parent Relationship": "Outer","Parallel Aware": false,"Async Capable": false,"Join Type": "Inner","Startup Cost": 1.07,"Total Cost": 2.40,"Plan Rows": 1,"Plan Width": 108,"Actual Startup Time": 0.115,"Actual Total Time": 0.137,"Actual Rows": 5,"Actual Loops": 3,"Inner Unique": true,"Hash Cond": "(nation.n_regionkey = region.r_regionkey)","Workers": [],"Plans": [{"Node Type": "Seq Scan","Parent Relationship": "Outer","Parallel Aware": false,"Async Capable": false,"Relation Name": "nation","Alias": "nation","Startup Cost": 0.00,"Total Cost": 1.25,"Plan Rows": 25,"Plan Width": 112,"Actual Startup Time": 0.040,"Actual Total Time": 0.044,"Actual Rows": 25,"Actual Loops": 3,"Workers": []},{"Node Type": "Hash","Parent Relationship": "Inner","Parallel Aware": false,"Async Capable": false,"Startup Cost": 1.06,"Total Cost": 1.06,"Plan Rows": 1,"Plan Width": 4,"Actual Startup Time": 0.046,"Actual Total Time": 0.051,"Actual Rows": 1,"Actual Loops": 3,"Hash Buckets": 1024,"Original Hash Buckets": 1024,"Hash Batches": 1,"Original Hash Batches": 1,"Peak Memory Usage": 9,"Workers": [],"Plans": [{"Node Type": "Seq Scan","Parent Relationship": "Outer","Parallel Aware": false,"Async Capable": false,"Relation Name": "region","Alias": "region","Startup Cost": 0.00,"Total Cost": 1.06,"Plan Rows": 1,"Plan Width": 4,"Actual Startup Time": 0.033,"Actual Total Time": 0.034,"Actual Rows": 1,"Actual Loops": 3,"Filter": "(r_name = 'EUROPE'::bpchar)","Rows Removed by Filter": 4,"Workers": []}]}]}]}]},{"Node Type": "Index Scan","Parent Relationship": "Inner","Parallel Aware": false,"Async Capable": false,"Scan Direction": "Forward","Index Name": "idx_orders_custkey","Relation Name": "orders","Alias": "orders","Startup Cost": 0.43,"Total Cost": 1.55,"Plan Rows": 3,"Plan Width": 8,"Actual Startup Time": 0.017,"Actual Total Time": 0.041,"Actual Rows": 2,"Actual Loops": 30197,"Index Cond": "(o_custkey = customer.c_custkey)","Rows Removed by Index Recheck": 0,"Filter": "((o_orderdate >= '1996-01-01'::date) AND (o_orderdate < '1997-01-01 00:00:00'::timestamp without time zone))","Rows Removed by Filter": 9,"Workers": []}]},{"Node Type": "Index Scan","Parent Relationship": "Inner","Parallel Aware": false,"Async Capable": false,"Scan Direction": "Forward","Index Name": "idx_lineitem_orderkey","Relation Name": "lineitem","Alias": "lineitem","Startup Cost": 0.43,"Total Cost": 2.84,"Plan Rows": 17,"Plan Width": 20,"Actual Startup Time": 0.017,"Actual Total Time": 0.020,"Actual Rows": 4,"Actual Loops": 46518,"Index Cond": "(l_orderkey = orders.o_orderkey)","Rows Removed by Index Recheck": 0,"Workers": []}]},{"Node Type": "Hash","Parent Relationship": "Inner","Parallel Aware": false,"Async Capable": false,"Startup Cost": 322.00,"Total Cost": 322.00,"Plan Rows": 10000,"Plan Width": 8,"Actual Startup Time": 8.337,"Actual Total Time": 8.340,"Actual Rows": 10000,"Actual Loops": 3,"Hash Buckets": 16384,"Original Hash Buckets": 16384,"Hash Batches": 1,"Original Hash Batches": 1,"Peak Memory Usage": 519,"Workers": [],"Plans": [{"Node Type": "Seq Scan","Parent Relationship": "Outer","Parallel Aware": false,"Async Capable": false,"Relation Name": "supplier","Alias": "supplier","Startup Cost": 0.00,"Total Cost": 322.00,"Plan Rows": 10000,"Plan Width": 8,"Actual Startup Time": 0.039,"Actual Total Time": 6.479,"Actual Rows": 10000,"Actual Loops": 3,"Workers": []}]}]}]}]}]}]}]},"Planning Time": 9.377,"Triggers": [],"Execution Time": 881.912}]
[{"Plan": {"Node Type": "Sort","Parallel Aware": false,"Async Capable": false,"Startup Cost": 21616.39,"Total Cost": 21616.45,"Plan Rows": 25,"Plan Width": 136,"Actual Startup Time": 804.800,"Actual Total Time": 836.793,"Actual Rows": 5,"Actual Loops": 1,"Sort Key": ["(sum((lineitem.l_extendedprice * ('1'::numeric - lineitem.l_discount)))) DESC"],"Sort Method": "quicksort","Sort Space Used": 25,"Sort Space Type": "Memory","Plans": [{"Node Type": "Aggregate","Strategy": "Sorted","Partial Mode": "Finalize","Parent Relationship": "Outer","Parallel Aware": false,"Async Capable": false,"Startup Cost": 21601.33,"Total Cost": 21615.81,"Plan Rows": 25,"Plan Width": 136,"Actual Startup Time": 804.196,"Actual Total Time": 836.738,"Actual Rows": 5,"Actual Loops": 1,"Group Key": ["nation.n_name"],"Plans": [{"Node Type": "Gather Merge","Parent Relationship": "Outer","Parallel Aware": false,"Async Capable": false,"Startup Cost": 21601.33,"Total Cost": 21615.12,"Plan Rows": 50,"Plan Width": 136,"Actual Startup Time": 803.537,"Actual Total Time": 836.675,"Actual Rows": 15,"Actual Loops": 1,"Workers Planned": 2,"Workers Launched": 2,"Plans": [{"Node Type": "Aggregate","Strategy": "Sorted","Partial Mode": "Partial","Parent Relationship": "Outer","Parallel Aware": false,"Async Capable": false,"Startup Cost": 20601.30,"Total Cost": 20609.33,"Plan Rows": 25,"Plan Width": 136,"Actual Startup Time": 795.499,"Actual Total Time": 796.369,"Actual Rows": 5,"Actual Loops": 3,"Group Key": ["nation.n_name"],"Workers": [],"Plans": [{"Node Type": "Sort","Parent Relationship": "Outer","Parallel Aware": false,"Async Capable": false,"Startup Cost": 20601.30,"Total Cost": 20602.85,"Plan Rows": 617,"Plan Width": 116,"Actual Startup Time": 795.285,"Actual Total Time": 795.436,"Actual Rows": 2498,"Actual Loops": 3,"Sort Key": ["nation.n_name"],"Sort Method": "quicksort","Sort Space Used": 299,"Sort Space Type": "Memory","Workers": [{"Worker Number": 0,"Sort Method": "quicksort","Sort Space Used": 291,"Sort Space Type": "Memory"},{"Worker Number": 1,"Sort Method": "quicksort","Sort Space Used": 284,"Sort Space Type": "Memory"}],"Plans": [{"Node Type": "Hash Join","Parent Relationship": "Outer","Parallel Aware": false,"Async Capable": false,"Join Type": "Inner","Startup Cost": 475.27,"Total Cost": 20572.71,"Plan Rows": 617,"Plan Width": 116,"Actual Startup Time": 14.014,"Actual Total Time": 793.817,"Actual Rows": 2498,"Actual Loops": 3,"Inner Unique": true,"Hash Cond": "((lineitem.l_suppkey = supplier.s_suppkey) AND (customer.c_nationkey = supplier.s_nationkey))","Workers": [],"Plans": [{"Node Type": "Nested Loop","Parent Relationship": "Outer","Parallel Aware": false,"Async Capable": false,"Join Type": "Inner","Startup Cost": 3.27,"Total Cost": 20019.70,"Plan Rows": 15431,"Plan Width": 128,"Actual Startup Time": 0.837,"Actual Total Time": 749.002,"Actual Rows": 60742,"Actual Loops": 3,"Inner Unique": false,"Workers": [],"Plans": [{"Node Type": "Nested Loop","Parent Relationship": "Outer","Parallel Aware": false,"Async Capable": false,"Join Type": "Inner","Startup Cost": 2.84,"Total Cost": 8414.26,"Plan Rows": 3857,"Plan Width": 116,"Actual Startup Time": 0.706,"Actual Total Time": 447.815,"Actual Rows": 15183,"Actual Loops": 3,"Inner Unique": false,"Workers": [],"Plans": [{"Node Type": "Hash Join","Parent Relationship": "Outer","Parallel Aware": false,"Async Capable": false,"Join Type": "Inner","Startup Cost": 2.41,"Total Cost": 4471.79,"Plan Rows": 2500,"Plan Width": 116,"Actual Startup Time": 0.258,"Actual Total Time": 55.848,"Actual Rows": 9984,"Actual Loops": 3,"Inner Unique": false,"Hash Cond": "(customer.c_nationkey = nation.n_nationkey)","Workers": [],"Plans": [{"Node Type": "Seq Scan","Parent Relationship": "Outer","Parallel Aware": true,"Async Capable": false,"Relation Name": "customer","Alias": "customer","Startup Cost": 0.00,"Total Cost": 4210.00,"Plan Rows": 62500,"Plan Width": 8,"Actual Startup Time": 0.017,"Actual Total Time": 9.503,"Actual Rows": 50000,"Actual Loops": 3,"Workers": []},{"Node Type": "Hash","Parent Relationship": "Inner","Parallel Aware": false,"Async Capable": false,"Startup Cost": 2.40,"Total Cost": 2.40,"Plan Rows": 1,"Plan Width": 108,"Actual Startup Time": 0.153,"Actual Total Time": 0.178,"Actual Rows": 5,"Actual Loops": 3,"Hash Buckets": 1024,"Original Hash Buckets": 1024,"Hash Batches": 1,"Original Hash Batches": 1,"Peak Memory Usage": 9,"Workers": [],"Plans": [{"Node Type": "Hash Join","Parent Relationship": "Outer","Parallel Aware": false,"Async Capable": false,"Join Type": "Inner","Startup Cost": 1.07,"Total Cost": 2.40,"Plan Rows": 1,"Plan Width": 108,"Actual Startup Time": 0.136,"Actual Total Time": 0.167,"Actual Rows": 5,"Actual Loops": 3,"Inner Unique": true,"Hash Cond": "(nation.n_regionkey = region.r_regionkey)","Workers": [],"Plans": [{"Node Type": "Seq Scan","Parent Relationship": "Outer","Parallel Aware": false,"Async Capable": false,"Relation Name": "nation","Alias": "nation","Startup Cost": 0.00,"Total Cost": 1.25,"Plan Rows": 25,"Plan Width": 112,"Actual Startup Time": 0.055,"Actual Total Time": 0.059,"Actual Rows": 25,"Actual Loops": 3,"Workers": []},{"Node Type": "Hash","Parent Relationship": "Inner","Parallel Aware": false,"Async Capable": false,"Startup Cost": 1.06,"Total Cost": 1.06,"Plan Rows": 1,"Plan Width": 4,"Actual Startup Time": 0.050,"Actual Total Time": 0.057,"Actual Rows": 1,"Actual Loops": 3,"Hash Buckets": 1024,"Original Hash Buckets": 1024,"Hash Batches": 1,"Original Hash Batches": 1,"Peak Memory Usage": 9,"Workers": [],"Plans": [{"Node Type": "Seq Scan","Parent Relationship": "Outer","Parallel Aware": false,"Async Capable": false,"Relation Name": "region","Alias": "region","Startup Cost": 0.00,"Total Cost": 1.06,"Plan Rows": 1,"Plan Width": 4,"Actual Startup Time": 0.036,"Actual Total Time": 0.039,"Actual Rows": 1,"Actual Loops": 3,"Filter": "(r_name = 'AMERICA'::bpchar)","Rows Removed by Filter": 4,"Workers": []}]}]}]}]},{"Node Type": "Index Scan","Parent Relationship": "Inner","Parallel Aware": false,"Async Capable": false,"Scan Direction": "Forward","Index Name": "idx_orders_custkey","Relation Name": "orders","Alias": "orders","Startup Cost": 0.43,"Total Cost": 1.55,"Plan Rows": 3,"Plan Width": 8,"Actual Startup Time": 0.017,"Actual Total Time": 0.039,"Actual Rows": 2,"Actual Loops": 29952,"Index Cond": "(o_custkey = customer.c_custkey)","Rows Removed by Index Recheck": 0,"Filter": "((o_orderdate >= '1996-01-01'::date) AND (o_orderdate < '1997-01-01 00:00:00'::timestamp without time zone))","Rows Removed by Filter": 8,"Workers": []}]},{"Node Type": "Index Scan","Parent Relationship": "Inner","Parallel Aware": false,"Async Capable": false,"Scan Direction": "Forward","Index Name": "idx_lineitem_orderkey","Relation Name": "lineitem","Alias": "lineitem","Startup Cost": 0.43,"Total Cost": 2.84,"Plan Rows": 17,"Plan Width": 20,"Actual Startup Time": 0.016,"Actual Total Time": 0.019,"Actual Rows": 4,"Actual Loops": 45549,"Index Cond": "(l_orderkey = orders.o_orderkey)","Rows Removed by Index Recheck": 0,"Workers": []}]},{"Node Type": "Hash","Parent Relationship": "Inner","Parallel Aware": false,"Async Capable": false,"Startup Cost": 322.00,"Total Cost": 322.00,"Plan Rows": 10000,"Plan Width": 8,"Actual Startup Time": 12.297,"Actual Total Time": 12.301,"Actual Rows": 10000,"Actual Loops": 3,"Hash Buckets": 16384,"Original Hash Buckets": 16384,"Hash Batches": 1,"Original Hash Batches": 1,"Peak Memory Usage": 519,"Workers": [],"Plans": [{"Node Type": "Seq Scan","Parent Relationship": "Outer","Parallel Aware": false,"Async Capable": false,"Relation Name": "supplier","Alias": "supplier","Startup Cost": 0.00,"Total Cost": 322.00,"Plan Rows": 10000,"Plan Width": 8,"Actual Startup Time": 0.045,"Actual Total Time": 10.666,"Actual Rows": 10000,"Actual Loops": 3,"Workers": []}]}]}]}]}]}]}]},"Planning Time": 9.455,"Triggers": [],"Execution Time": 837.268}]
[{"Plan": {"Node Type": "Sort","Parallel Aware": false,"Async Capable": false,"Startup Cost": 21612.43,"Total Cost": 21612.50,"Plan Rows": 25,"Plan Width": 136,"Actual Startup Time": 827.834,"Actual Total Time": 858.973,"Actual Rows": 5,"Actual Loops": 1,"Sort Key": ["(sum((lineitem.l_extendedprice * ('1'::numeric - lineitem.l_discount)))) DESC"],"Sort Method": "quicksort","Sort Space Used": 25,"Sort Space Type": "Memory","Plans": [{"Node Type": "Aggregate","Strategy": "Sorted","Partial Mode": "Finalize","Parent Relationship": "Outer","Parallel Aware": false,"Async Capable": false,"Startup Cost": 21597.38,"Total Cost": 21611.85,"Plan Rows": 25,"Plan Width": 136,"Actual Startup Time": 827.274,"Actual Total Time": 858.918,"Actual Rows": 5,"Actual Loops": 1,"Group Key": ["nation.n_name"],"Plans": [{"Node Type": "Gather Merge","Parent Relationship": "Outer","Parallel Aware": false,"Async Capable": false,"Startup Cost": 21597.38,"Total Cost": 21611.17,"Plan Rows": 50,"Plan Width": 136,"Actual Startup Time": 827.088,"Actual Total Time": 858.883,"Actual Rows": 15,"Actual Loops": 1,"Workers Planned": 2,"Workers Launched": 2,"Plans": [{"Node Type": "Aggregate","Strategy": "Sorted","Partial Mode": "Partial","Parent Relationship": "Outer","Parallel Aware": false,"Async Capable": false,"Startup Cost": 20597.36,"Total Cost": 20605.37,"Plan Rows": 25,"Plan Width": 136,"Actual Startup Time": 818.981,"Actual Total Time": 819.657,"Actual Rows": 5,"Actual Loops": 3,"Group Key": ["nation.n_name"],"Workers": [],"Plans": [{"Node Type": "Sort","Parent Relationship": "Outer","Parallel Aware": false,"Async Capable": false,"Startup Cost": 20597.36,"Total Cost": 20598.90,"Plan Rows": 616,"Plan Width": 116,"Actual Startup Time": 818.754,"Actual Total Time": 818.877,"Actual Rows": 2367,"Actual Loops": 3,"Sort Key": ["nation.n_name"],"Sort Method": "quicksort","Sort Space Used": 283,"Sort Space Type": "Memory","Workers": [{"Worker Number": 0,"Sort Method": "quicksort","Sort Space Used": 277,"Sort Space Type": "Memory"},{"Worker Number": 1,"Sort Method": "quicksort","Sort Space Used": 284,"Sort Space Type": "Memory"}],"Plans": [{"Node Type": "Hash Join","Parent Relationship": "Outer","Parallel Aware": false,"Async Capable": false,"Join Type": "Inner","Startup Cost": 475.27,"Total Cost": 20568.82,"Plan Rows": 616,"Plan Width": 116,"Actual Startup Time": 13.272,"Actual Total Time": 817.265,"Actual Rows": 2367,"Actual Loops": 3,"Inner Unique": true,"Hash Cond": "((lineitem.l_suppkey = supplier.s_suppkey) AND (customer.c_nationkey = supplier.s_nationkey))","Workers": [],"Plans": [{"Node Type": "Nested Loop","Parent Relationship": "Outer","Parallel Aware": false,"Async Capable": false,"Join Type": "Inner","Startup Cost": 3.27,"Total Cost": 20015.89,"Plan Rows": 15415,"Plan Width": 128,"Actual Startup Time": 0.973,"Actual Total Time": 770.169,"Actual Rows": 60208,"Actual Loops": 3,"Inner Unique": false,"Workers": [],"Plans": [{"Node Type": "Nested Loop","Parent Relationship": "Outer","Parallel Aware": false,"Async Capable": false,"Join Type": "Inner","Startup Cost": 2.84,"Total Cost": 8414.26,"Plan Rows": 3853,"Plan Width": 116,"Actual Startup Time": 0.870,"Actual Total Time": 466.623,"Actual Rows": 15051,"Actual Loops": 3,"Inner Unique": false,"Workers": [],"Plans": [{"Node Type": "Hash Join","Parent Relationship": "Outer","Parallel Aware": false,"Async Capable": false,"Join Type": "Inner","Startup Cost": 2.41,"Total Cost": 4471.79,"Plan Rows": 2500,"Plan Width": 116,"Actual Startup Time": 0.250,"Actual Total Time": 58.358,"Actual Rows": 9921,"Actual Loops": 3,"Inner Unique": false,"Hash Cond": "(customer.c_nationkey = nation.n_nationkey)","Workers": [],"Plans": [{"Node Type": "Seq Scan","Parent Relationship": "Outer","Parallel Aware": true,"Async Capable": false,"Relation Name": "customer","Alias": "customer","Startup Cost": 0.00,"Total Cost": 4210.00,"Plan Rows": 62500,"Plan Width": 8,"Actual Startup Time": 0.013,"Actual Total Time": 10.073,"Actual Rows": 50000,"Actual Loops": 3,"Workers": []},{"Node Type": "Hash","Parent Relationship": "Inner","Parallel Aware": false,"Async Capable": false,"Startup Cost": 2.40,"Total Cost": 2.40,"Plan Rows": 1,"Plan Width": 108,"Actual Startup Time": 0.153,"Actual Total Time": 0.173,"Actual Rows": 5,"Actual Loops": 3,"Hash Buckets": 1024,"Original Hash Buckets": 1024,"Hash Batches": 1,"Original Hash Batches": 1,"Peak Memory Usage": 9,"Workers": [],"Plans": [{"Node Type": "Hash Join","Parent Relationship": "Outer","Parallel Aware": false,"Async Capable": false,"Join Type": "Inner","Startup Cost": 1.07,"Total Cost": 2.40,"Plan Rows": 1,"Plan Width": 108,"Actual Startup Time": 0.137,"Actual Total Time": 0.162,"Actual Rows": 5,"Actual Loops": 3,"Inner Unique": true,"Hash Cond": "(nation.n_regionkey = region.r_regionkey)","Workers": [],"Plans": [{"Node Type": "Seq Scan","Parent Relationship": "Outer","Parallel Aware": false,"Async Capable": false,"Relation Name": "nation","Alias": "nation","Startup Cost": 0.00,"Total Cost": 1.25,"Plan Rows": 25,"Plan Width": 112,"Actual Startup Time": 0.055,"Actual Total Time": 0.059,"Actual Rows": 25,"Actual Loops": 3,"Workers": []},{"Node Type": "Hash","Parent Relationship": "Inner","Parallel Aware": false,"Async Capable": false,"Startup Cost": 1.06,"Total Cost": 1.06,"Plan Rows": 1,"Plan Width": 4,"Actual Startup Time": 0.058,"Actual Total Time": 0.065,"Actual Rows": 1,"Actual Loops": 3,"Hash Buckets": 1024,"Original Hash Buckets": 1024,"Hash Batches": 1,"Original Hash Batches": 1,"Peak Memory Usage": 9,"Workers": [],"Plans": [{"Node Type": "Seq Scan","Parent Relationship": "Outer","Parallel Aware": false,"Async Capable": false,"Relation Name": "region","Alias": "region","Startup Cost": 0.00,"Total Cost": 1.06,"Plan Rows": 1,"Plan Width": 4,"Actual Startup Time": 0.044,"Actual Total Time": 0.048,"Actual Rows": 1,"Actual Loops": 3,"Filter": "(r_name = 'AFRICA'::bpchar)","Rows Removed by Filter": 4,"Workers": []}]}]}]}]},{"Node Type": "Index Scan","Parent Relationship": "Inner","Parallel Aware": false,"Async Capable": false,"Scan Direction": "Forward","Index Name": "idx_orders_custkey","Relation Name": "orders","Alias": "orders","Startup Cost": 0.43,"Total Cost": 1.55,"Plan Rows": 3,"Plan Width": 8,"Actual Startup Time": 0.018,"Actual Total Time": 0.041,"Actual Rows": 2,"Actual Loops": 29764,"Index Cond": "(o_custkey = customer.c_custkey)","Rows Removed by Index Recheck": 0,"Filter": "((o_orderdate >= '1994-01-01'::date) AND (o_orderdate < '1995-01-01 00:00:00'::timestamp without time zone))","Rows Removed by Filter": 9,"Workers": []}]},{"Node Type": "Index Scan","Parent Relationship": "Inner","Parallel Aware": false,"Async Capable": false,"Scan Direction": "Forward","Index Name": "idx_lineitem_orderkey","Relation Name": "lineitem","Alias": "lineitem","Startup Cost": 0.43,"Total Cost": 2.84,"Plan Rows": 17,"Plan Width": 20,"Actual Startup Time": 0.017,"Actual Total Time": 0.019,"Actual Rows": 4,"Actual Loops": 45152,"Index Cond": "(l_orderkey = orders.o_orderkey)","Rows Removed by Index Recheck": 0,"Workers": []}]},{"Node Type": "Hash","Parent Relationship": "Inner","Parallel Aware": false,"Async Capable": false,"Startup Cost": 322.00,"Total Cost": 322.00,"Plan Rows": 10000,"Plan Width": 8,"Actual Startup Time": 11.376,"Actual Total Time": 11.381,"Actual Rows": 10000,"Actual Loops": 3,"Hash Buckets": 16384,"Original Hash Buckets": 16384,"Hash Batches": 1,"Original Hash Batches": 1,"Peak Memory Usage": 519,"Workers": [],"Plans": [{"Node Type": "Seq Scan","Parent Relationship": "Outer","Parallel Aware": false,"Async Capable": false,"Relation Name": "supplier","Alias": "supplier","Startup Cost": 0.00,"Total Cost": 322.00,"Plan Rows": 10000,"Plan Width": 8,"Actual Startup Time": 0.042,"Actual Total Time": 9.565,"Actual Rows": 10000,"Actual Loops": 3,"Workers": []}]}]}]}]}]}]}]},"Planning Time": 10.751,"Triggers": [],"Execution Time": 859.508}]
[{"Plan": {"Node Type": "Sort","Parallel Aware": false,"Async Capable": false,"Startup Cost": 21616.39,"Total Cost": 21616.45,"Plan Rows": 25,"Plan Width": 136,"Actual Startup Time": 817.171,"Actual Total Time": 848.557,"Actual Rows": 5,"Actual Loops": 1,"Sort Key": ["(sum((lineitem.l_extendedprice * ('1'::numeric - lineitem.l_discount)))) DESC"],"Sort Method": "quicksort","Sort Space Used": 25,"Sort Space Type": "Memory","Plans": [{"Node Type": "Aggregate","Strategy": "Sorted","Partial Mode": "Finalize","Parent Relationship": "Outer","Parallel Aware": false,"Async Capable": false,"Startup Cost": 21601.33,"Total Cost": 21615.81,"Plan Rows": 25,"Plan Width": 136,"Actual Startup Time": 816.250,"Actual Total Time": 848.503,"Actual Rows": 5,"Actual Loops": 1,"Group Key": ["nation.n_name"],"Plans": [{"Node Type": "Gather Merge","Parent Relationship": "Outer","Parallel Aware": false,"Async Capable": false,"Startup Cost": 21601.33,"Total Cost": 21615.12,"Plan Rows": 50,"Plan Width": 136,"Actual Startup Time": 815.620,"Actual Total Time": 848.441,"Actual Rows": 15,"Actual Loops": 1,"Workers Planned": 2,"Workers Launched": 2,"Plans": [{"Node Type": "Aggregate","Strategy": "Sorted","Partial Mode": "Partial","Parent Relationship": "Outer","Parallel Aware": false,"Async Capable": false,"Startup Cost": 20601.30,"Total Cost": 20609.33,"Plan Rows": 25,"Plan Width": 136,"Actual Startup Time": 807.499,"Actual Total Time": 808.444,"Actual Rows": 5,"Actual Loops": 3,"Group Key": ["nation.n_name"],"Workers": [],"Plans": [{"Node Type": "Sort","Parent Relationship": "Outer","Parallel Aware": false,"Async Capable": false,"Startup Cost": 20601.30,"Total Cost": 20602.85,"Plan Rows": 617,"Plan Width": 116,"Actual Startup Time": 807.276,"Actual Total Time": 807.432,"Actual Rows": 2427,"Actual Loops": 3,"Sort Key": ["nation.n_name"],"Sort Method": "quicksort","Sort Space Used": 295,"Sort Space Type": "Memory","Workers": [{"Worker Number": 0,"Sort Method": "quicksort","Sort Space Used": 285,"Sort Space Type": "Memory"},{"Worker Number": 1,"Sort Method": "quicksort","Sort Space Used": 279,"Sort Space Type": "Memory"}],"Plans": [{"Node Type": "Hash Join","Parent Relationship": "Outer","Parallel Aware": false,"Async Capable": false,"Join Type": "Inner","Startup Cost": 475.27,"Total Cost": 20572.71,"Plan Rows": 617,"Plan Width": 116,"Actual Startup Time": 13.659,"Actual Total Time": 805.763,"Actual Rows": 2427,"Actual Loops": 3,"Inner Unique": true,"Hash Cond": "((lineitem.l_suppkey = supplier.s_suppkey) AND (customer.c_nationkey = supplier.s_nationkey))","Workers": [],"Plans": [{"Node Type": "Nested Loop","Parent Relationship": "Outer","Parallel Aware": false,"Async Capable": false,"Join Type": "Inner","Startup Cost": 3.27,"Total Cost": 20019.70,"Plan Rows": 15431,"Plan Width": 128,"Actual Startup Time": 0.940,"Actual Total Time": 760.394,"Actual Rows": 61187,"Actual Loops": 3,"Inner Unique": false,"Workers": [],"Plans": [{"Node Type": "Nested Loop","Parent Relationship": "Outer","Parallel Aware": false,"Async Capable": false,"Join Type": "Inner","Startup Cost": 2.84,"Total Cost": 8414.26,"Plan Rows": 3857,"Plan Width": 116,"Actual Startup Time": 0.804,"Actual Total Time": 453.891,"Actual Rows": 15325,"Actual Loops": 3,"Inner Unique": false,"Workers": [],"Plans": [{"Node Type": "Hash Join","Parent Relationship": "Outer","Parallel Aware": false,"Async Capable": false,"Join Type": "Inner","Startup Cost": 2.41,"Total Cost": 4471.79,"Plan Rows": 2500,"Plan Width": 116,"Actual Startup Time": 0.319,"Actual Total Time": 55.842,"Actual Rows": 10061,"Actual Loops": 3,"Inner Unique": false,"Hash Cond": "(customer.c_nationkey = nation.n_nationkey)","Workers": [],"Plans": [{"Node Type": "Seq Scan","Parent Relationship": "Outer","Parallel Aware": true,"Async Capable": false,"Relation Name": "customer","Alias": "customer","Startup Cost": 0.00,"Total Cost": 4210.00,"Plan Rows": 62500,"Plan Width": 8,"Actual Startup Time": 0.026,"Actual Total Time": 9.689,"Actual Rows": 50000,"Actual Loops": 3,"Workers": []},{"Node Type": "Hash","Parent Relationship": "Inner","Parallel Aware": false,"Async Capable": false,"Startup Cost": 2.40,"Total Cost": 2.40,"Plan Rows": 1,"Plan Width": 108,"Actual Startup Time": 0.180,"Actual Total Time": 0.198,"Actual Rows": 5,"Actual Loops": 3,"Hash Buckets": 1024,"Original Hash Buckets": 1024,"Hash Batches": 1,"Original Hash Batches": 1,"Peak Memory Usage": 9,"Workers": [],"Plans": [{"Node Type": "Hash Join","Parent Relationship": "Outer","Parallel Aware": false,"Async Capable": false,"Join Type": "Inner","Startup Cost": 1.07,"Total Cost": 2.40,"Plan Rows": 1,"Plan Width": 108,"Actual Startup Time": 0.166,"Actual Total Time": 0.188,"Actual Rows": 5,"Actual Loops": 3,"Inner Unique": true,"Hash Cond": "(nation.n_regionkey = region.r_regionkey)","Workers": [],"Plans": [{"Node Type": "Seq Scan","Parent Relationship": "Outer","Parallel Aware": false,"Async Capable": false,"Relation Name": "nation","Alias": "nation","Startup Cost": 0.00,"Total Cost": 1.25,"Plan Rows": 25,"Plan Width": 112,"Actual Startup Time": 0.055,"Actual Total Time": 0.060,"Actual Rows": 25,"Actual Loops": 3,"Workers": []},{"Node Type": "Hash","Parent Relationship": "Inner","Parallel Aware": false,"Async Capable": false,"Startup Cost": 1.06,"Total Cost": 1.06,"Plan Rows": 1,"Plan Width": 4,"Actual Startup Time": 0.079,"Actual Total Time": 0.084,"Actual Rows": 1,"Actual Loops": 3,"Hash Buckets": 1024,"Original Hash Buckets": 1024,"Hash Batches": 1,"Original Hash Batches": 1,"Peak Memory Usage": 9,"Workers": [],"Plans": [{"Node Type": "Seq Scan","Parent Relationship": "Outer","Parallel Aware": false,"Async Capable": false,"Relation Name": "region","Alias": "region","Startup Cost": 0.00,"Total Cost": 1.06,"Plan Rows": 1,"Plan Width": 4,"Actual Startup Time": 0.058,"Actual Total Time": 0.061,"Actual Rows": 1,"Actual Loops": 3,"Filter": "(r_name = 'ASIA'::bpchar)","Rows Removed by Filter": 4,"Workers": []}]}]}]}]},{"Node Type": "Index Scan","Parent Relationship": "Inner","Parallel Aware": false,"Async Capable": false,"Scan Direction": "Forward","Index Name": "idx_orders_custkey","Relation Name": "orders","Alias": "orders","Startup Cost": 0.43,"Total Cost": 1.55,"Plan Rows": 3,"Plan Width": 8,"Actual Startup Time": 0.017,"Actual Total Time": 0.039,"Actual Rows": 2,"Actual Loops": 30183,"Index Cond": "(o_custkey = customer.c_custkey)","Rows Removed by Index Recheck": 0,"Filter": "((o_orderdate >= '1996-01-01'::date) AND (o_orderdate < '1997-01-01 00:00:00'::timestamp without time zone))","Rows Removed by Filter": 8,"Workers": []}]},{"Node Type": "Index Scan","Parent Relationship": "Inner","Parallel Aware": false,"Async Capable": false,"Scan Direction": "Forward","Index Name": "idx_lineitem_orderkey","Relation Name": "lineitem","Alias": "lineitem","Startup Cost": 0.43,"Total Cost": 2.84,"Plan Rows": 17,"Plan Width": 20,"Actual Startup Time": 0.017,"Actual Total Time": 0.019,"Actual Rows": 4,"Actual Loops": 45976,"Index Cond": "(l_orderkey = orders.o_orderkey)","Rows Removed by Index Recheck": 0,"Workers": []}]},{"Node Type": "Hash","Parent Relationship": "Inner","Parallel Aware": false,"Async Capable": false,"Startup Cost": 322.00,"Total Cost": 322.00,"Plan Rows": 10000,"Plan Width": 8,"Actual Startup Time": 12.172,"Actual Total Time": 12.179,"Actual Rows": 10000,"Actual Loops": 3,"Hash Buckets": 16384,"Original Hash Buckets": 16384,"Hash Batches": 1,"Original Hash Batches": 1,"Peak Memory Usage": 519,"Workers": [],"Plans": [{"Node Type": "Seq Scan","Parent Relationship": "Outer","Parallel Aware": false,"Async Capable": false,"Relation Name": "supplier","Alias": "supplier","Startup Cost": 0.00,"Total Cost": 322.00,"Plan Rows": 10000,"Plan Width": 8,"Actual Startup Time": 0.048,"Actual Total Time": 10.623,"Actual Rows": 10000,"Actual Loops": 3,"Workers": []}]}]}]}]}]}]}]},"Planning Time": 10.688,"Triggers": [],"Execution Time": 848.991}]
[{"Plan": {"Node Type": "Sort","Parallel Aware": false,"Async Capable": false,"Startup Cost": 21565.24,"Total Cost": 21565.30,"Plan Rows": 25,"Plan Width": 136,"Actual Startup Time": 812.920,"Actual Total Time": 845.337,"Actual Rows": 5,"Actual Loops": 1,"Sort Key": ["(sum((lineitem.l_extendedprice * ('1'::numeric - lineitem.l_discount)))) DESC"],"Sort Method": "quicksort","Sort Space Used": 25,"Sort Space Type": "Memory","Plans": [{"Node Type": "Aggregate","Strategy": "Sorted","Partial Mode": "Finalize","Parent Relationship": "Outer","Parallel Aware": false,"Async Capable": false,"Startup Cost": 21550.29,"Total Cost": 21564.66,"Plan Rows": 25,"Plan Width": 136,"Actual Startup Time": 812.284,"Actual Total Time": 845.271,"Actual Rows": 5,"Actual Loops": 1,"Group Key": ["nation.n_name"],"Plans": [{"Node Type": "Gather Merge","Parent Relationship": "Outer","Parallel Aware": false,"Async Capable": false,"Startup Cost": 21550.29,"Total Cost": 21563.97,"Plan Rows": 50,"Plan Width": 136,"Actual Startup Time": 812.043,"Actual Total Time": 845.216,"Actual Rows": 15,"Actual Loops": 1,"Workers Planned": 2,"Workers Launched": 2,"Plans": [{"Node Type": "Aggregate","Strategy": "Sorted","Partial Mode": "Partial","Parent Relationship": "Outer","Parallel Aware": false,"Async Capable": false,"Startup Cost": 20550.26,"Total Cost": 20558.18,"Plan Rows": 25,"Plan Width": 136,"Actual Startup Time": 804.529,"Actual Total Time": 805.274,"Actual Rows": 5,"Actual Loops": 3,"Group Key": ["nation.n_name"],"Workers": [],"Plans": [{"Node Type": "Sort","Parent Relationship": "Outer","Parallel Aware": false,"Async Capable": false,"Startup Cost": 20550.26,"Total Cost": 20551.78,"Plan Rows": 608,"Plan Width": 116,"Actual Startup Time": 804.312,"Actual Total Time": 804.451,"Actual Rows": 2459,"Actual Loops": 3,"Sort Key": ["nation.n_name"],"Sort Method": "quicksort","Sort Space Used": 291,"Sort Space Type": "Memory","Workers": [{"Worker Number": 0,"Sort Method": "quicksort","Sort Space Used": 281,"Sort Space Type": "Memory"},{"Worker Number": 1,"Sort Method": "quicksort","Sort Space Used": 294,"Sort Space Type": "Memory"}],"Plans": [{"Node Type": "Hash Join","Parent Relationship": "Outer","Parallel Aware": false,"Async Capable": false,"Join Type": "Inner","Startup Cost": 475.27,"Total Cost": 20522.15,"Plan Rows": 608,"Plan Width": 116,"Actual Startup Time": 9.963,"Actual Total Time": 802.770,"Actual Rows": 2459,"Actual Loops": 3,"Inner Unique": true,"Hash Cond": "((lineitem.l_suppkey = supplier.s_suppkey) AND (customer.c_nationkey = supplier.s_nationkey))","Workers": [],"Plans": [{"Node Type": "Nested Loop","Parent Relationship": "Outer","Parallel Aware": false,"Async Capable": false,"Join Type": "Inner","Startup Cost": 3.27,"Total Cost": 19970.29,"Plan Rows": 15211,"Plan Width": 128,"Actual Startup Time": 0.726,"Actual Total Time": 761.226,"Actual Rows": 61195,"Actual Loops": 3,"Inner Unique": false,"Workers": [],"Plans": [{"Node Type": "Nested Loop","Parent Relationship": "Outer","Parallel Aware": false,"Async Capable": false,"Join Type": "Inner","Startup Cost": 2.84,"Total Cost": 8414.26,"Plan Rows": 3802,"Plan Width": 116,"Actual Startup Time": 0.590,"Actual Total Time": 455.580,"Actual Rows": 15244,"Actual Loops": 3,"Inner Unique": false,"Workers": [],"Plans": [{"Node Type": "Hash Join","Parent Relationship": "Outer","Parallel Aware": false,"Async Capable": false,"Join Type": "Inner","Startup Cost": 2.41,"Total Cost": 4471.79,"Plan Rows": 2500,"Plan Width": 116,"Actual Startup Time": 0.294,"Actual Total Time": 55.676,"Actual Rows": 10061,"Actual Loops": 3,"Inner Unique": false,"Hash Cond": "(customer.c_nationkey = nation.n_nationkey)","Workers": [],"Plans": [{"Node Type": "Seq Scan","Parent Relationship": "Outer","Parallel Aware": true,"Async Capable": false,"Relation Name": "customer","Alias": "customer","Startup Cost": 0.00,"Total Cost": 4210.00,"Plan Rows": 62500,"Plan Width": 8,"Actual Startup Time": 0.018,"Actual Total Time": 9.635,"Actual Rows": 50000,"Actual Loops": 3,"Workers": []},{"Node Type": "Hash","Parent Relationship": "Inner","Parallel Aware": false,"Async Capable": false,"Startup Cost": 2.40,"Total Cost": 2.40,"Plan Rows": 1,"Plan Width": 108,"Actual Startup Time": 0.169,"Actual Total Time": 0.188,"Actual Rows": 5,"Actual Loops": 3,"Hash Buckets": 1024,"Original Hash Buckets": 1024,"Hash Batches": 1,"Original Hash Batches": 1,"Peak Memory Usage": 9,"Workers": [],"Plans": [{"Node Type": "Hash Join","Parent Relationship": "Outer","Parallel Aware": false,"Async Capable": false,"Join Type": "Inner","Startup Cost": 1.07,"Total Cost": 2.40,"Plan Rows": 1,"Plan Width": 108,"Actual Startup Time": 0.153,"Actual Total Time": 0.175,"Actual Rows": 5,"Actual Loops": 3,"Inner Unique": true,"Hash Cond": "(nation.n_regionkey = region.r_regionkey)","Workers": [],"Plans": [{"Node Type": "Seq Scan","Parent Relationship": "Outer","Parallel Aware": false,"Async Capable": false,"Relation Name": "nation","Alias": "nation","Startup Cost": 0.00,"Total Cost": 1.25,"Plan Rows": 25,"Plan Width": 112,"Actual Startup Time": 0.049,"Actual Total Time": 0.052,"Actual Rows": 25,"Actual Loops": 3,"Workers": []},{"Node Type": "Hash","Parent Relationship": "Inner","Parallel Aware": false,"Async Capable": false,"Startup Cost": 1.06,"Total Cost": 1.06,"Plan Rows": 1,"Plan Width": 4,"Actual Startup Time": 0.069,"Actual Total Time": 0.076,"Actual Rows": 1,"Actual Loops": 3,"Hash Buckets": 1024,"Original Hash Buckets": 1024,"Hash Batches": 1,"Original Hash Batches": 1,"Peak Memory Usage": 9,"Workers": [],"Plans": [{"Node Type": "Seq Scan","Parent Relationship": "Outer","Parallel Aware": false,"Async Capable": false,"Relation Name": "region","Alias": "region","Startup Cost": 0.00,"Total Cost": 1.06,"Plan Rows": 1,"Plan Width": 4,"Actual Startup Time": 0.054,"Actual Total Time": 0.057,"Actual Rows": 1,"Actual Loops": 3,"Filter": "(r_name = 'ASIA'::bpchar)","Rows Removed by Filter": 4,"Workers": []}]}]}]}]},{"Node Type": "Index Scan","Parent Relationship": "Inner","Parallel Aware": false,"Async Capable": false,"Scan Direction": "Forward","Index Name": "idx_orders_custkey","Relation Name": "orders","Alias": "orders","Startup Cost": 0.43,"Total Cost": 1.55,"Plan Rows": 3,"Plan Width": 8,"Actual Startup Time": 0.017,"Actual Total Time": 0.039,"Actual Rows": 2,"Actual Loops": 30183,"Index Cond": "(o_custkey = customer.c_custkey)","Rows Removed by Index Recheck": 0,"Filter": "((o_orderdate >= '1995-01-01'::date) AND (o_orderdate < '1996-01-01 00:00:00'::timestamp without time zone))","Rows Removed by Filter": 8,"Workers": []}]},{"Node Type": "Index Scan","Parent Relationship": "Inner","Parallel Aware": false,"Async Capable": false,"Scan Direction": "Forward","Index Name": "idx_lineitem_orderkey","Relation Name": "lineitem","Alias": "lineitem","Startup Cost": 0.43,"Total Cost": 2.87,"Plan Rows": 17,"Plan Width": 20,"Actual Startup Time": 0.017,"Actual Total Time": 0.019,"Actual Rows": 4,"Actual Loops": 45731,"Index Cond": "(l_orderkey = orders.o_orderkey)","Rows Removed by Index Recheck": 0,"Workers": []}]},{"Node Type": "Hash","Parent Relationship": "Inner","Parallel Aware": false,"Async Capable": false,"Startup Cost": 322.00,"Total Cost": 322.00,"Plan Rows": 10000,"Plan Width": 8,"Actual Startup Time": 8.662,"Actual Total Time": 8.670,"Actual Rows": 10000,"Actual Loops": 3,"Hash Buckets": 16384,"Original Hash Buckets": 16384,"Hash Batches": 1,"Original Hash Batches": 1,"Peak Memory Usage": 519,"Workers": [],"Plans": [{"Node Type": "Seq Scan","Parent Relationship": "Outer","Parallel Aware": false,"Async Capable": false,"Relation Name": "supplier","Alias": "supplier","Startup Cost": 0.00,"Total Cost": 322.00,"Plan Rows": 10000,"Plan Width": 8,"Actual Startup Time": 0.038,"Actual Total Time": 6.811,"Actual Rows": 10000,"Actual Loops": 3,"Workers": []}]}]}]}]}]}]}]},"Planning Time": 10.579,"Triggers": [],"Execution Time": 845.911}]
[{"Plan": {"Node Type": "Sort","Parallel Aware": false,"Async Capable": false,"Startup Cost": 21565.24,"Total Cost": 21565.30,"Plan Rows": 25,"Plan Width": 136,"Actual Startup Time": 809.309,"Actual Total Time": 841.501,"Actual Rows": 5,"Actual Loops": 1,"Sort Key": ["(sum((lineitem.l_extendedprice * ('1'::numeric - lineitem.l_discount)))) DESC"],"Sort Method": "quicksort","Sort Space Used": 25,"Sort Space Type": "Memory","Plans": [{"Node Type": "Aggregate","Strategy": "Sorted","Partial Mode": "Finalize","Parent Relationship": "Outer","Parallel Aware": false,"Async Capable": false,"Startup Cost": 21550.29,"Total Cost": 21564.66,"Plan Rows": 25,"Plan Width": 136,"Actual Startup Time": 808.678,"Actual Total Time": 841.457,"Actual Rows": 5,"Actual Loops": 1,"Group Key": ["nation.n_name"],"Plans": [{"Node Type": "Gather Merge","Parent Relationship": "Outer","Parallel Aware": false,"Async Capable": false,"Startup Cost": 21550.29,"Total Cost": 21563.97,"Plan Rows": 50,"Plan Width": 136,"Actual Startup Time": 808.243,"Actual Total Time": 841.406,"Actual Rows": 15,"Actual Loops": 1,"Workers Planned": 2,"Workers Launched": 2,"Plans": [{"Node Type": "Aggregate","Strategy": "Sorted","Partial Mode": "Partial","Parent Relationship": "Outer","Parallel Aware": false,"Async Capable": false,"Startup Cost": 20550.26,"Total Cost": 20558.18,"Plan Rows": 25,"Plan Width": 136,"Actual Startup Time": 800.586,"Actual Total Time": 801.383,"Actual Rows": 5,"Actual Loops": 3,"Group Key": ["nation.n_name"],"Workers": [],"Plans": [{"Node Type": "Sort","Parent Relationship": "Outer","Parallel Aware": false,"Async Capable": false,"Startup Cost": 20550.26,"Total Cost": 20551.78,"Plan Rows": 608,"Plan Width": 116,"Actual Startup Time": 800.370,"Actual Total Time": 800.511,"Actual Rows": 2409,"Actual Loops": 3,"Sort Key": ["nation.n_name"],"Sort Method": "quicksort","Sort Space Used": 290,"Sort Space Type": "Memory","Workers": [{"Worker Number": 0,"Sort Method": "quicksort","Sort Space Used": 281,"Sort Space Type": "Memory"},{"Worker Number": 1,"Sort Method": "quicksort","Sort Space Used": 283,"Sort Space Type": "Memory"}],"Plans": [{"Node Type": "Hash Join","Parent Relationship": "Outer","Parallel Aware": false,"Async Capable": false,"Join Type": "Inner","Startup Cost": 475.27,"Total Cost": 20522.15,"Plan Rows": 608,"Plan Width": 116,"Actual Startup Time": 14.807,"Actual Total Time": 798.884,"Actual Rows": 2409,"Actual Loops": 3,"Inner Unique": true,"Hash Cond": "((lineitem.l_suppkey = supplier.s_suppkey) AND (customer.c_nationkey = supplier.s_nationkey))","Workers": [],"Plans": [{"Node Type": "Nested Loop","Parent Relationship": "Outer","Parallel Aware": false,"Async Capable": false,"Join Type": "Inner","Startup Cost": 3.27,"Total Cost": 19970.29,"Plan Rows": 15211,"Plan Width": 128,"Actual Startup Time": 0.571,"Actual Total Time": 753.021,"Actual Rows": 60135,"Actual Loops": 3,"Inner Unique": false,"Workers": [],"Plans": [{"Node Type": "Nested Loop","Parent Relationship": "Outer","Parallel Aware": false,"Async Capable": false,"Join Type": "Inner","Startup Cost": 2.84,"Total Cost": 8414.26,"Plan Rows": 3802,"Plan Width": 116,"Actual Startup Time": 0.432,"Actual Total Time": 448.470,"Actual Rows": 15086,"Actual Loops": 3,"Inner Unique": false,"Workers": [],"Plans": [{"Node Type": "Hash Join","Parent Relationship": "Outer","Parallel Aware": false,"Async Capable": false,"Join Type": "Inner","Startup Cost": 2.41,"Total Cost": 4471.79,"Plan Rows": 2500,"Plan Width": 116,"Actual Startup Time": 0.234,"Actual Total Time": 55.967,"Actual Rows": 9968,"Actual Loops": 3,"Inner Unique": false,"Hash Cond": "(customer.c_nationkey = nation.n_nationkey)","Workers": [],"Plans": [{"Node Type": "Seq Scan","Parent Relationship": "Outer","Parallel Aware": true,"Async Capable": false,"Relation Name": "customer","Alias": "customer","Startup Cost": 0.00,"Total Cost": 4210.00,"Plan Rows": 62500,"Plan Width": 8,"Actual Startup Time": 0.014,"Actual Total Time": 9.575,"Actual Rows": 50000,"Actual Loops": 3,"Workers": []},{"Node Type": "Hash","Parent Relationship": "Inner","Parallel Aware": false,"Async Capable": false,"Startup Cost": 2.40,"Total Cost": 2.40,"Plan Rows": 1,"Plan Width": 108,"Actual Startup Time": 0.143,"Actual Total Time": 0.166,"Actual Rows": 5,"Actual Loops": 3,"Hash Buckets": 1024,"Original Hash Buckets": 1024,"Hash Batches": 1,"Original Hash Batches": 1,"Peak Memory Usage": 9,"Workers": [],"Plans": [{"Node Type": "Hash Join","Parent Relationship": "Outer","Parallel Aware": false,"Async Capable": false,"Join Type": "Inner","Startup Cost": 1.07,"Total Cost": 2.40,"Plan Rows": 1,"Plan Width": 108,"Actual Startup Time": 0.129,"Actual Total Time": 0.155,"Actual Rows": 5,"Actual Loops": 3,"Inner Unique": true,"Hash Cond": "(nation.n_regionkey = region.r_regionkey)","Workers": [],"Plans": [{"Node Type": "Seq Scan","Parent Relationship": "Outer","Parallel Aware": false,"Async Capable": false,"Relation Name": "nation","Alias": "nation","Startup Cost": 0.00,"Total Cost": 1.25,"Plan Rows": 25,"Plan Width": 112,"Actual Startup Time": 0.047,"Actual Total Time": 0.051,"Actual Rows": 25,"Actual Loops": 3,"Workers": []},{"Node Type": "Hash","Parent Relationship": "Inner","Parallel Aware": false,"Async Capable": false,"Startup Cost": 1.06,"Total Cost": 1.06,"Plan Rows": 1,"Plan Width": 4,"Actual Startup Time": 0.054,"Actual Total Time": 0.064,"Actual Rows": 1,"Actual Loops": 3,"Hash Buckets": 1024,"Original Hash Buckets": 1024,"Hash Batches": 1,"Original Hash Batches": 1,"Peak Memory Usage": 9,"Workers": [],"Plans": [{"Node Type": "Seq Scan","Parent Relationship": "Outer","Parallel Aware": false,"Async Capable": false,"Relation Name": "region","Alias": "region","Startup Cost": 0.00,"Total Cost": 1.06,"Plan Rows": 1,"Plan Width": 4,"Actual Startup Time": 0.039,"Actual Total Time": 0.041,"Actual Rows": 1,"Actual Loops": 3,"Filter": "(r_name = 'MIDDLE EAST'::bpchar)","Rows Removed by Filter": 4,"Workers": []}]}]}]}]},{"Node Type": "Index Scan","Parent Relationship": "Inner","Parallel Aware": false,"Async Capable": false,"Scan Direction": "Forward","Index Name": "idx_orders_custkey","Relation Name": "orders","Alias": "orders","Startup Cost": 0.43,"Total Cost": 1.55,"Plan Rows": 3,"Plan Width": 8,"Actual Startup Time": 0.017,"Actual Total Time": 0.039,"Actual Rows": 2,"Actual Loops": 29904,"Index Cond": "(o_custkey = customer.c_custkey)","Rows Removed by Index Recheck": 0,"Filter": "((o_orderdate >= '1995-01-01'::date) AND (o_orderdate < '1996-01-01 00:00:00'::timestamp without time zone))","Rows Removed by Filter": 8,"Workers": []}]},{"Node Type": "Index Scan","Parent Relationship": "Inner","Parallel Aware": false,"Async Capable": false,"Scan Direction": "Forward","Index Name": "idx_lineitem_orderkey","Relation Name": "lineitem","Alias": "lineitem","Startup Cost": 0.43,"Total Cost": 2.87,"Plan Rows": 17,"Plan Width": 20,"Actual Startup Time": 0.017,"Actual Total Time": 0.019,"Actual Rows": 4,"Actual Loops": 45257,"Index Cond": "(l_orderkey = orders.o_orderkey)","Rows Removed by Index Recheck": 0,"Workers": []}]},{"Node Type": "Hash","Parent Relationship": "Inner","Parallel Aware": false,"Async Capable": false,"Startup Cost": 322.00,"Total Cost": 322.00,"Plan Rows": 10000,"Plan Width": 8,"Actual Startup Time": 12.822,"Actual Total Time": 12.826,"Actual Rows": 10000,"Actual Loops": 3,"Hash Buckets": 16384,"Original Hash Buckets": 16384,"Hash Batches": 1,"Original Hash Batches": 1,"Peak Memory Usage": 519,"Workers": [],"Plans": [{"Node Type": "Seq Scan","Parent Relationship": "Outer","Parallel Aware": false,"Async Capable": false,"Relation Name": "supplier","Alias": "supplier","Startup Cost": 0.00,"Total Cost": 322.00,"Plan Rows": 10000,"Plan Width": 8,"Actual Startup Time": 0.044,"Actual Total Time": 11.057,"Actual Rows": 10000,"Actual Loops": 3,"Workers": []}]}]}]}]}]}]}]},"Planning Time": 10.537,"Triggers": [],"Execution Time": 841.938}]
[{"Plan": {"Node Type": "Sort","Parallel Aware": false,"Async Capable": false,"Startup Cost": 21522.30,"Total Cost": 21522.36,"Plan Rows": 25,"Plan Width": 136,"Actual Startup Time": 808.715,"Actual Total Time": 841.103,"Actual Rows": 5,"Actual Loops": 1,"Sort Key": ["(sum((lineitem.l_extendedprice * ('1'::numeric - lineitem.l_discount)))) DESC"],"Sort Method": "quicksort","Sort Space Used": 25,"Sort Space Type": "Memory","Plans": [{"Node Type": "Aggregate","Strategy": "Sorted","Partial Mode": "Finalize","Parent Relationship": "Outer","Parallel Aware": false,"Async Capable": false,"Startup Cost": 21507.43,"Total Cost": 21521.72,"Plan Rows": 25,"Plan Width": 136,"Actual Startup Time": 808.132,"Actual Total Time": 841.051,"Actual Rows": 5,"Actual Loops": 1,"Group Key": ["nation.n_name"],"Plans": [{"Node Type": "Gather Merge","Parent Relationship": "Outer","Parallel Aware": false,"Async Capable": false,"Startup Cost": 21507.43,"Total Cost": 21521.03,"Plan Rows": 50,"Plan Width": 136,"Actual Startup Time": 807.865,"Actual Total Time": 840.993,"Actual Rows": 15,"Actual Loops": 1,"Workers Planned": 2,"Workers Launched": 2,"Plans": [{"Node Type": "Aggregate","Strategy": "Sorted","Partial Mode": "Partial","Parent Relationship": "Outer","Parallel Aware": false,"Async Capable": false,"Startup Cost": 20507.41,"Total Cost": 20515.23,"Plan Rows": 25,"Plan Width": 136,"Actual Startup Time": 800.148,"Actual Total Time": 800.877,"Actual Rows": 5,"Actual Loops": 3,"Group Key": ["nation.n_name"],"Workers": [],"Plans": [{"Node Type": "Sort","Parent Relationship": "Outer","Parallel Aware": false,"Async Capable": false,"Startup Cost": 20507.41,"Total Cost": 20508.91,"Plan Rows": 601,"Plan Width": 116,"Actual Startup Time": 799.927,"Actual Total Time": 800.057,"Actual Rows": 2459,"Actual Loops": 3,"Sort Key": ["nation.n_name"],"Sort Method": "quicksort","Sort Space Used": 287,"Sort Space Type": "Memory","Workers": [{"Worker Number": 0,"Sort Method": "quicksort","Sort Space Used": 292,"Sort Space Type": "Memory"},{"Worker Number": 1,"Sort Method": "quicksort","Sort Space Used": 287,"Sort Space Type": "Memory"}],"Plans": [{"Node Type": "Hash Join","Parent Relationship": "Outer","Parallel Aware": false,"Async Capable": false,"Join Type": "Inner","Startup Cost": 475.27,"Total Cost": 20479.67,"Plan Rows": 601,"Plan Width": 116,"Actual Startup Time": 9.851,"Actual Total Time": 798.461,"Actual Rows": 2459,"Actual Loops": 3,"Inner Unique": true,"Hash Cond": "((lineitem.l_suppkey = supplier.s_suppkey) AND (customer.c_nationkey = supplier.s_nationkey))","Workers": [],"Plans": [{"Node Type": "Nested Loop","Parent Relationship": "Outer","Parallel Aware": false,"Async Capable": false,"Join Type": "Inner","Startup Cost": 3.27,"Total Cost": 19928.78,"Plan Rows": 15027,"Plan Width": 128,"Actual Startup Time": 0.691,"Actual Total Time": 757.487,"Actual Rows": 60981,"Actual Loops": 3,"Inner Unique": false,"Workers": [],"Plans": [{"Node Type": "Nested Loop","Parent Relationship": "Outer","Parallel Aware": false,"Async Capable": false,"Join Type": "Inner","Startup Cost": 2.84,"Total Cost": 8414.26,"Plan Rows": 3756,"Plan Width": 116,"Actual Startup Time": 0.574,"Actual Total Time": 453.285,"Actual Rows": 15233,"Actual Loops": 3,"Inner Unique": false,"Workers": [],"Plans": [{"Node Type": "Hash Join","Parent Relationship": "Outer","Parallel Aware": false,"Async Capable": false,"Join Type": "Inner","Startup Cost": 2.41,"Total Cost": 4471.79,"Plan Rows": 2500,"Plan Width": 116,"Actual Startup Time": 0.259,"Actual Total Time": 55.622,"Actual Rows": 10066,"Actual Loops": 3,"Inner Unique": false,"Hash Cond": "(customer.c_nationkey = nation.n_nationkey)","Workers": [],"Plans": [{"Node Type": "Seq Scan","Parent Relationship": "Outer","Parallel Aware": true,"Async Capable": false,"Relation Name": "customer","Alias": "customer","Startup Cost": 0.00,"Total Cost": 4210.00,"Plan Rows": 62500,"Plan Width": 8,"Actual Startup Time": 0.020,"Actual Total Time": 9.402,"Actual Rows": 50000,"Actual Loops": 3,"Workers": []},{"Node Type": "Hash","Parent Relationship": "Inner","Parallel Aware": false,"Async Capable": false,"Startup Cost": 2.40,"Total Cost": 2.40,"Plan Rows": 1,"Plan Width": 108,"Actual Startup Time": 0.150,"Actual Total Time": 0.167,"Actual Rows": 5,"Actual Loops": 3,"Hash Buckets": 1024,"Original Hash Buckets": 1024,"Hash Batches": 1,"Original Hash Batches": 1,"Peak Memory Usage": 9,"Workers": [],"Plans": [{"Node Type": "Hash Join","Parent Relationship": "Outer","Parallel Aware": false,"Async Capable": false,"Join Type": "Inner","Startup Cost": 1.07,"Total Cost": 2.40,"Plan Rows": 1,"Plan Width": 108,"Actual Startup Time": 0.135,"Actual Total Time": 0.156,"Actual Rows": 5,"Actual Loops": 3,"Inner Unique": true,"Hash Cond": "(nation.n_regionkey = region.r_regionkey)","Workers": [],"Plans": [{"Node Type": "Seq Scan","Parent Relationship": "Outer","Parallel Aware": false,"Async Capable": false,"Relation Name": "nation","Alias": "nation","Startup Cost": 0.00,"Total Cost": 1.25,"Plan Rows": 25,"Plan Width": 112,"Actual Startup Time": 0.049,"Actual Total Time": 0.053,"Actual Rows": 25,"Actual Loops": 3,"Workers": []},{"Node Type": "Hash","Parent Relationship": "Inner","Parallel Aware": false,"Async Capable": false,"Startup Cost": 1.06,"Total Cost": 1.06,"Plan Rows": 1,"Plan Width": 4,"Actual Startup Time": 0.056,"Actual Total Time": 0.064,"Actual Rows": 1,"Actual Loops": 3,"Hash Buckets": 1024,"Original Hash Buckets": 1024,"Hash Batches": 1,"Original Hash Batches": 1,"Peak Memory Usage": 9,"Workers": [],"Plans": [{"Node Type": "Seq Scan","Parent Relationship": "Outer","Parallel Aware": false,"Async Capable": false,"Relation Name": "region","Alias": "region","Startup Cost": 0.00,"Total Cost": 1.06,"Plan Rows": 1,"Plan Width": 4,"Actual Startup Time": 0.041,"Actual Total Time": 0.043,"Actual Rows": 1,"Actual Loops": 3,"Filter": "(r_name = 'EUROPE'::bpchar)","Rows Removed by Filter": 4,"Workers": []}]}]}]}]},{"Node Type": "Index Scan","Parent Relationship": "Inner","Parallel Aware": false,"Async Capable": false,"Scan Direction": "Forward","Index Name": "idx_orders_custkey","Relation Name": "orders","Alias": "orders","Startup Cost": 0.43,"Total Cost": 1.55,"Plan Rows": 3,"Plan Width": 8,"Actual Startup Time": 0.017,"Actual Total Time": 0.039,"Actual Rows": 2,"Actual Loops": 30197,"Index Cond": "(o_custkey = customer.c_custkey)","Rows Removed by Index Recheck": 0,"Filter": "((o_orderdate >= '1993-01-01'::date) AND (o_orderdate < '1994-01-01 00:00:00'::timestamp without time zone))","Rows Removed by Filter": 9,"Workers": []}]},{"Node Type": "Index Scan","Parent Relationship": "Inner","Parallel Aware": false,"Async Capable": false,"Scan Direction": "Forward","Index Name": "idx_lineitem_orderkey","Relation Name": "lineitem","Alias": "lineitem","Startup Cost": 0.43,"Total Cost": 2.90,"Plan Rows": 17,"Plan Width": 20,"Actual Startup Time": 0.017,"Actual Total Time": 0.019,"Actual Rows": 4,"Actual Loops": 45699,"Index Cond": "(l_orderkey = orders.o_orderkey)","Rows Removed by Index Recheck": 0,"Workers": []}]},{"Node Type": "Hash","Parent Relationship": "Inner","Parallel Aware": false,"Async Capable": false,"Startup Cost": 322.00,"Total Cost": 322.00,"Plan Rows": 10000,"Plan Width": 8,"Actual Startup Time": 8.538,"Actual Total Time": 8.541,"Actual Rows": 10000,"Actual Loops": 3,"Hash Buckets": 16384,"Original Hash Buckets": 16384,"Hash Batches": 1,"Original Hash Batches": 1,"Peak Memory Usage": 519,"Workers": [],"Plans": [{"Node Type": "Seq Scan","Parent Relationship": "Outer","Parallel Aware": false,"Async Capable": false,"Relation Name": "supplier","Alias": "supplier","Startup Cost": 0.00,"Total Cost": 322.00,"Plan Rows": 10000,"Plan Width": 8,"Actual Startup Time": 0.046,"Actual Total Time": 6.635,"Actual Rows": 10000,"Actual Loops": 3,"Workers": []}]}]}]}]}]}]}]},"Planning Time": 10.957,"Triggers": [],"Execution Time": 841.799}]
[{"Plan": {"Node Type": "Sort","Parallel Aware": false,"Async Capable": false,"Startup Cost": 21565.24,"Total Cost": 21565.30,"Plan Rows": 25,"Plan Width": 136,"Actual Startup Time": 829.883,"Actual Total Time": 862.581,"Actual Rows": 5,"Actual Loops": 1,"Sort Key": ["(sum((lineitem.l_extendedprice * ('1'::numeric - lineitem.l_discount)))) DESC"],"Sort Method": "quicksort","Sort Space Used": 25,"Sort Space Type": "Memory","Plans": [{"Node Type": "Aggregate","Strategy": "Sorted","Partial Mode": "Finalize","Parent Relationship": "Outer","Parallel Aware": false,"Async Capable": false,"Startup Cost": 21550.29,"Total Cost": 21564.66,"Plan Rows": 25,"Plan Width": 136,"Actual Startup Time": 829.271,"Actual Total Time": 862.532,"Actual Rows": 5,"Actual Loops": 1,"Group Key": ["nation.n_name"],"Plans": [{"Node Type": "Gather Merge","Parent Relationship": "Outer","Parallel Aware": false,"Async Capable": false,"Startup Cost": 21550.29,"Total Cost": 21563.97,"Plan Rows": 50,"Plan Width": 136,"Actual Startup Time": 829.074,"Actual Total Time": 862.478,"Actual Rows": 15,"Actual Loops": 1,"Workers Planned": 2,"Workers Launched": 2,"Plans": [{"Node Type": "Aggregate","Strategy": "Sorted","Partial Mode": "Partial","Parent Relationship": "Outer","Parallel Aware": false,"Async Capable": false,"Startup Cost": 20550.26,"Total Cost": 20558.18,"Plan Rows": 25,"Plan Width": 136,"Actual Startup Time": 821.816,"Actual Total Time": 822.538,"Actual Rows": 5,"Actual Loops": 3,"Group Key": ["nation.n_name"],"Workers": [],"Plans": [{"Node Type": "Sort","Parent Relationship": "Outer","Parallel Aware": false,"Async Capable": false,"Startup Cost": 20550.26,"Total Cost": 20551.78,"Plan Rows": 608,"Plan Width": 116,"Actual Startup Time": 821.604,"Actual Total Time": 821.730,"Actual Rows": 2468,"Actual Loops": 3,"Sort Key": ["nation.n_name"],"Sort Method": "quicksort","Sort Space Used": 285,"Sort Space Type": "Memory","Workers": [{"Worker Number": 0,"Sort Method": "quicksort","Sort Space Used": 293,"Sort Space Type": "Memory"},{"Worker Number": 1,"Sort Method": "quicksort","Sort Space Used": 290,"Sort Space Type": "Memory"}],"Plans": [{"Node Type": "Hash Join","Parent Relationship": "Outer","Parallel Aware": false,"Async Capable": false,"Join Type": "Inner","Startup Cost": 475.27,"Total Cost": 20522.15,"Plan Rows": 608,"Plan Width": 116,"Actual Startup Time": 10.349,"Actual Total Time": 819.988,"Actual Rows": 2468,"Actual Loops": 3,"Inner Unique": true,"Hash Cond": "((lineitem.l_suppkey = supplier.s_suppkey) AND (customer.c_nationkey = supplier.s_nationkey))","Workers": [],"Plans": [{"Node Type": "Nested Loop","Parent Relationship": "Outer","Parallel Aware": false,"Async Capable": false,"Join Type": "Inner","Startup Cost": 3.27,"Total Cost": 19970.29,"Plan Rows": 15211,"Plan Width": 128,"Actual Startup Time": 0.787,"Actual Total Time": 773.951,"Actual Rows": 61461,"Actual Loops": 3,"Inner Unique": false,"Workers": [],"Plans": [{"Node Type": "Nested Loop","Parent Relationship": "Outer","Parallel Aware": false,"Async Capable": false,"Join Type": "Inner","Startup Cost": 2.84,"Total Cost": 8414.26,"Plan Rows": 3802,"Plan Width": 116,"Actual Startup Time": 0.651,"Actual Total Time": 459.932,"Actual Rows": 15399,"Actual Loops": 3,"Inner Unique": false,"Workers": [],"Plans": [{"Node Type": "Hash Join","Parent Relationship": "Outer","Parallel Aware": false,"Async Capable": false,"Join Type": "Inner","Startup Cost": 2.41,"Total Cost": 4471.79,"Plan Rows": 2500,"Plan Width": 116,"Actual Startup Time": 0.245,"Actual Total Time": 55.063,"Actual Rows": 10066,"Actual Loops": 3,"Inner Unique": false,"Hash Cond": "(customer.c_nationkey = nation.n_nationkey)","Workers": [],"Plans": [{"Node Type": "Seq Scan","Parent Relationship": "Outer","Parallel Aware": true,"Async Capable": false,"Relation Name": "customer","Alias": "customer","Startup Cost": 0.00,"Total Cost": 4210.00,"Plan Rows": 62500,"Plan Width": 8,"Actual Startup Time": 0.014,"Actual Total Time": 9.571,"Actual Rows": 50000,"Actual Loops": 3,"Workers": []},{"Node Type": "Hash","Parent Relationship": "Inner","Parallel Aware": false,"Async Capable": false,"Startup Cost": 2.40,"Total Cost": 2.40,"Plan Rows": 1,"Plan Width": 108,"Actual Startup Time": 0.139,"Actual Total Time": 0.155,"Actual Rows": 5,"Actual Loops": 3,"Hash Buckets": 1024,"Original Hash Buckets": 1024,"Hash Batches": 1,"Original Hash Batches": 1,"Peak Memory Usage": 9,"Workers": [],"Plans": [{"Node Type": "Hash Join","Parent Relationship": "Outer","Parallel Aware": false,"Async Capable": false,"Join Type": "Inner","Startup Cost": 1.07,"Total Cost": 2.40,"Plan Rows": 1,"Plan Width": 108,"Actual Startup Time": 0.126,"Actual Total Time": 0.145,"Actual Rows": 5,"Actual Loops": 3,"Inner Unique": true,"Hash Cond": "(nation.n_regionkey = region.r_regionkey)","Workers": [],"Plans": [{"Node Type": "Seq Scan","Parent Relationship": "Outer","Parallel Aware": false,"Async Capable": false,"Relation Name": "nation","Alias": "nation","Startup Cost": 0.00,"Total Cost": 1.25,"Plan Rows": 25,"Plan Width": 112,"Actual Startup Time": 0.043,"Actual Total Time": 0.047,"Actual Rows": 25,"Actual Loops": 3,"Workers": []},{"Node Type": "Hash","Parent Relationship": "Inner","Parallel Aware": false,"Async Capable": false,"Startup Cost": 1.06,"Total Cost": 1.06,"Plan Rows": 1,"Plan Width": 4,"Actual Startup Time": 0.051,"Actual Total Time": 0.056,"Actual Rows": 1,"Actual Loops": 3,"Hash Buckets": 1024,"Original Hash Buckets": 1024,"Hash Batches": 1,"Original Hash Batches": 1,"Peak Memory Usage": 9,"Workers": [],"Plans": [{"Node Type": "Seq Scan","Parent Relationship": "Outer","Parallel Aware": false,"Async Capable": false,"Relation Name": "region","Alias": "region","Startup Cost": 0.00,"Total Cost": 1.06,"Plan Rows": 1,"Plan Width": 4,"Actual Startup Time": 0.037,"Actual Total Time": 0.039,"Actual Rows": 1,"Actual Loops": 3,"Filter": "(r_name = 'EUROPE'::bpchar)","Rows Removed by Filter": 4,"Workers": []}]}]}]}]},{"Node Type": "Index Scan","Parent Relationship": "Inner","Parallel Aware": false,"Async Capable": false,"Scan Direction": "Forward","Index Name": "idx_orders_custkey","Relation Name": "orders","Alias": "orders","Startup Cost": 0.43,"Total Cost": 1.55,"Plan Rows": 3,"Plan Width": 8,"Actual Startup Time": 0.017,"Actual Total Time": 0.040,"Actual Rows": 2,"Actual Loops": 30197,"Index Cond": "(o_custkey = customer.c_custkey)","Rows Removed by Index Recheck": 0,"Filter": "((o_orderdate >= '1995-01-01'::date) AND (o_orderdate < '1996-01-01 00:00:00'::timestamp without time zone))","Rows Removed by Filter": 9,"Workers": []}]},{"Node Type": "Index Scan","Parent Relationship": "Inner","Parallel Aware": false,"Async Capable": false,"Scan Direction": "Forward","Index Name": "idx_lineitem_orderkey","Relation Name": "lineitem","Alias": "lineitem","Startup Cost": 0.43,"Total Cost": 2.87,"Plan Rows": 17,"Plan Width": 20,"Actual Startup Time": 0.017,"Actual Total Time": 0.020,"Actual Rows": 4,"Actual Loops": 46197,"Index Cond": "(l_orderkey = orders.o_orderkey)","Rows Removed by Index Recheck": 0,"Workers": []}]},{"Node Type": "Hash","Parent Relationship": "Inner","Parallel Aware": false,"Async Capable": false,"Startup Cost": 322.00,"Total Cost": 322.00,"Plan Rows": 10000,"Plan Width": 8,"Actual Startup Time": 8.644,"Actual Total Time": 8.648,"Actual Rows": 10000,"Actual Loops": 3,"Hash Buckets": 16384,"Original Hash Buckets": 16384,"Hash Batches": 1,"Original Hash Batches": 1,"Peak Memory Usage": 519,"Workers": [],"Plans": [{"Node Type": "Seq Scan","Parent Relationship": "Outer","Parallel Aware": false,"Async Capable": false,"Relation Name": "supplier","Alias": "supplier","Startup Cost": 0.00,"Total Cost": 322.00,"Plan Rows": 10000,"Plan Width": 8,"Actual Startup Time": 0.045,"Actual Total Time": 6.681,"Actual Rows": 10000,"Actual Loops": 3,"Workers": []}]}]}]}]}]}]}]},"Planning Time": 10.340,"Triggers": [],"Execution Time": 863.182}]
[{"Plan": {"Node Type": "Sort","Parallel Aware": false,"Async Capable": false,"Startup Cost": 21565.24,"Total Cost": 21565.30,"Plan Rows": 25,"Plan Width": 136,"Actual Startup Time": 812.920,"Actual Total Time": 845.337,"Actual Rows": 5,"Actual Loops": 1,"Sort Key": ["(sum((lineitem.l_extendedprice * ('1'::numeric - lineitem.l_discount)))) DESC"],"Sort Method": "quicksort","Sort Space Used": 25,"Sort Space Type": "Memory","Plans": [{"Node Type": "Aggregate","Strategy": "Sorted","Partial Mode": "Finalize","Parent Relationship": "Outer","Parallel Aware": false,"Async Capable": false,"Startup Cost": 21550.29,"Total Cost": 21564.66,"Plan Rows": 25,"Plan Width": 136,"Actual Startup Time": 812.284,"Actual Total Time": 845.271,"Actual Rows": 5,"Actual Loops": 1,"Group Key": ["nation.n_name"],"Plans": [{"Node Type": "Gather Merge","Parent Relationship": "Outer","Parallel Aware": false,"Async Capable": false,"Startup Cost": 21550.29,"Total Cost": 21563.97,"Plan Rows": 50,"Plan Width": 136,"Actual Startup Time": 812.043,"Actual Total Time": 845.216,"Actual Rows": 15,"Actual Loops": 1,"Workers Planned": 2,"Workers Launched": 2,"Plans": [{"Node Type": "Aggregate","Strategy": "Sorted","Partial Mode": "Partial","Parent Relationship": "Outer","Parallel Aware": false,"Async Capable": false,"Startup Cost": 20550.26,"Total Cost": 20558.18,"Plan Rows": 25,"Plan Width": 136,"Actual Startup Time": 804.529,"Actual Total Time": 805.274,"Actual Rows": 5,"Actual Loops": 3,"Group Key": ["nation.n_name"],"Workers": [],"Plans": [{"Node Type": "Sort","Parent Relationship": "Outer","Parallel Aware": false,"Async Capable": false,"Startup Cost": 20550.26,"Total Cost": 20551.78,"Plan Rows": 608,"Plan Width": 116,"Actual Startup Time": 804.312,"Actual Total Time": 804.451,"Actual Rows": 2459,"Actual Loops": 3,"Sort Key": ["nation.n_name"],"Sort Method": "quicksort","Sort Space Used": 291,"Sort Space Type": "Memory","Workers": [{"Worker Number": 0,"Sort Method": "quicksort","Sort Space Used": 281,"Sort Space Type": "Memory"},{"Worker Number": 1,"Sort Method": "quicksort","Sort Space Used": 294,"Sort Space Type": "Memory"}],"Plans": [{"Node Type": "Hash Join","Parent Relationship": "Outer","Parallel Aware": false,"Async Capable": false,"Join Type": "Inner","Startup Cost": 475.27,"Total Cost": 20522.15,"Plan Rows": 608,"Plan Width": 116,"Actual Startup Time": 9.963,"Actual Total Time": 802.770,"Actual Rows": 2459,"Actual Loops": 3,"Inner Unique": true,"Hash Cond": "((lineitem.l_suppkey = supplier.s_suppkey) AND (customer.c_nationkey = supplier.s_nationkey))","Workers": [],"Plans": [{"Node Type": "Nested Loop","Parent Relationship": "Outer","Parallel Aware": false,"Async Capable": false,"Join Type": "Inner","Startup Cost": 3.27,"Total Cost": 19970.29,"Plan Rows": 15211,"Plan Width": 128,"Actual Startup Time": 0.726,"Actual Total Time": 761.226,"Actual Rows": 61195,"Actual Loops": 3,"Inner Unique": false,"Workers": [],"Plans": [{"Node Type": "Nested Loop","Parent Relationship": "Outer","Parallel Aware": false,"Async Capable": false,"Join Type": "Inner","Startup Cost": 2.84,"Total Cost": 8414.26,"Plan Rows": 3802,"Plan Width": 116,"Actual Startup Time": 0.590,"Actual Total Time": 455.580,"Actual Rows": 15244,"Actual Loops": 3,"Inner Unique": false,"Workers": [],"Plans": [{"Node Type": "Hash Join","Parent Relationship": "Outer","Parallel Aware": false,"Async Capable": false,"Join Type": "Inner","Startup Cost": 2.41,"Total Cost": 4471.79,"Plan Rows": 2500,"Plan Width": 116,"Actual Startup Time": 0.294,"Actual Total Time": 55.676,"Actual Rows": 10061,"Actual Loops": 3,"Inner Unique": false,"Hash Cond": "(customer.c_nationkey = nation.n_nationkey)","Workers": [],"Plans": [{"Node Type": "Seq Scan","Parent Relationship": "Outer","Parallel Aware": true,"Async Capable": false,"Relation Name": "customer","Alias": "customer","Startup Cost": 0.00,"Total Cost": 4210.00,"Plan Rows": 62500,"Plan Width": 8,"Actual Startup Time": 0.018,"Actual Total Time": 9.635,"Actual Rows": 50000,"Actual Loops": 3,"Workers": []},{"Node Type": "Hash","Parent Relationship": "Inner","Parallel Aware": false,"Async Capable": false,"Startup Cost": 2.40,"Total Cost": 2.40,"Plan Rows": 1,"Plan Width": 108,"Actual Startup Time": 0.169,"Actual Total Time": 0.188,"Actual Rows": 5,"Actual Loops": 3,"Hash Buckets": 1024,"Original Hash Buckets": 1024,"Hash Batches": 1,"Original Hash Batches": 1,"Peak Memory Usage": 9,"Workers": [],"Plans": [{"Node Type": "Hash Join","Parent Relationship": "Outer","Parallel Aware": false,"Async Capable": false,"Join Type": "Inner","Startup Cost": 1.07,"Total Cost": 2.40,"Plan Rows": 1,"Plan Width": 108,"Actual Startup Time": 0.153,"Actual Total Time": 0.175,"Actual Rows": 5,"Actual Loops": 3,"Inner Unique": true,"Hash Cond": "(nation.n_regionkey = region.r_regionkey)","Workers": [],"Plans": [{"Node Type": "Seq Scan","Parent Relationship": "Outer","Parallel Aware": false,"Async Capable": false,"Relation Name": "nation","Alias": "nation","Startup Cost": 0.00,"Total Cost": 1.25,"Plan Rows": 25,"Plan Width": 112,"Actual Startup Time": 0.049,"Actual Total Time": 0.052,"Actual Rows": 25,"Actual Loops": 3,"Workers": []},{"Node Type": "Hash","Parent Relationship": "Inner","Parallel Aware": false,"Async Capable": false,"Startup Cost": 1.06,"Total Cost": 1.06,"Plan Rows": 1,"Plan Width": 4,"Actual Startup Time": 0.069,"Actual Total Time": 0.076,"Actual Rows": 1,"Actual Loops": 3,"Hash Buckets": 1024,"Original Hash Buckets": 1024,"Hash Batches": 1,"Original Hash Batches": 1,"Peak Memory Usage": 9,"Workers": [],"Plans": [{"Node Type": "Seq Scan","Parent Relationship": "Outer","Parallel Aware": false,"Async Capable": false,"Relation Name": "region","Alias": "region","Startup Cost": 0.00,"Total Cost": 1.06,"Plan Rows": 1,"Plan Width": 4,"Actual Startup Time": 0.054,"Actual Total Time": 0.057,"Actual Rows": 1,"Actual Loops": 3,"Filter": "(r_name = 'ASIA'::bpchar)","Rows Removed by Filter": 4,"Workers": []}]}]}]}]},{"Node Type": "Index Scan","Parent Relationship": "Inner","Parallel Aware": false,"Async Capable": false,"Scan Direction": "Forward","Index Name": "idx_orders_custkey","Relation Name": "orders","Alias": "orders","Startup Cost": 0.43,"Total Cost": 1.55,"Plan Rows": 3,"Plan Width": 8,"Actual Startup Time": 0.017,"Actual Total Time": 0.039,"Actual Rows": 2,"Actual Loops": 30183,"Index Cond": "(o_custkey = customer.c_custkey)","Rows Removed by Index Recheck": 0,"Filter": "((o_orderdate >= '1995-01-01'::date) AND (o_orderdate < '1996-01-01 00:00:00'::timestamp without time zone))","Rows Removed by Filter": 8,"Workers": []}]},{"Node Type": "Index Scan","Parent Relationship": "Inner","Parallel Aware": false,"Async Capable": false,"Scan Direction": "Forward","Index Name": "idx_lineitem_orderkey","Relation Name": "lineitem","Alias": "lineitem","Startup Cost": 0.43,"Total Cost": 2.87,"Plan Rows": 17,"Plan Width": 20,"Actual Startup Time": 0.017,"Actual Total Time": 0.019,"Actual Rows": 4,"Actual Loops": 45731,"Index Cond": "(l_orderkey = orders.o_orderkey)","Rows Removed by Index Recheck": 0,"Workers": []}]},{"Node Type": "Hash","Parent Relationship": "Inner","Parallel Aware": false,"Async Capable": false,"Startup Cost": 322.00,"Total Cost": 322.00,"Plan Rows": 10000,"Plan Width": 8,"Actual Startup Time": 8.662,"Actual Total Time": 8.670,"Actual Rows": 10000,"Actual Loops": 3,"Hash Buckets": 16384,"Original Hash Buckets": 16384,"Hash Batches": 1,"Original Hash Batches": 1,"Peak Memory Usage": 519,"Workers": [],"Plans": [{"Node Type": "Seq Scan","Parent Relationship": "Outer","Parallel Aware": false,"Async Capable": false,"Relation Name": "supplier","Alias": "supplier","Startup Cost": 0.00,"Total Cost": 322.00,"Plan Rows": 10000,"Plan Width": 8,"Actual Startup Time": 0.038,"Actual Total Time": 6.811,"Actual Rows": 10000,"Actual Loops": 3,"Workers": []}]}]}]}]}]}]}]},"Planning Time": 10.579,"Triggers": [],"Execution Time": 845.911}]
[{"Plan": {"Node Type": "Sort","Parallel Aware": false,"Async Capable": false,"Startup Cost": 21616.39,"Total Cost": 21616.45,"Plan Rows": 25,"Plan Width": 136,"Actual Startup Time": 817.171,"Actual Total Time": 848.557,"Actual Rows": 5,"Actual Loops": 1,"Sort Key": ["(sum((lineitem.l_extendedprice * ('1'::numeric - lineitem.l_discount)))) DESC"],"Sort Method": "quicksort","Sort Space Used": 25,"Sort Space Type": "Memory","Plans": [{"Node Type": "Aggregate","Strategy": "Sorted","Partial Mode": "Finalize","Parent Relationship": "Outer","Parallel Aware": false,"Async Capable": false,"Startup Cost": 21601.33,"Total Cost": 21615.81,"Plan Rows": 25,"Plan Width": 136,"Actual Startup Time": 816.250,"Actual Total Time": 848.503,"Actual Rows": 5,"Actual Loops": 1,"Group Key": ["nation.n_name"],"Plans": [{"Node Type": "Gather Merge","Parent Relationship": "Outer","Parallel Aware": false,"Async Capable": false,"Startup Cost": 21601.33,"Total Cost": 21615.12,"Plan Rows": 50,"Plan Width": 136,"Actual Startup Time": 815.620,"Actual Total Time": 848.441,"Actual Rows": 15,"Actual Loops": 1,"Workers Planned": 2,"Workers Launched": 2,"Plans": [{"Node Type": "Aggregate","Strategy": "Sorted","Partial Mode": "Partial","Parent Relationship": "Outer","Parallel Aware": false,"Async Capable": false,"Startup Cost": 20601.30,"Total Cost": 20609.33,"Plan Rows": 25,"Plan Width": 136,"Actual Startup Time": 807.499,"Actual Total Time": 808.444,"Actual Rows": 5,"Actual Loops": 3,"Group Key": ["nation.n_name"],"Workers": [],"Plans": [{"Node Type": "Sort","Parent Relationship": "Outer","Parallel Aware": false,"Async Capable": false,"Startup Cost": 20601.30,"Total Cost": 20602.85,"Plan Rows": 617,"Plan Width": 116,"Actual Startup Time": 807.276,"Actual Total Time": 807.432,"Actual Rows": 2427,"Actual Loops": 3,"Sort Key": ["nation.n_name"],"Sort Method": "quicksort","Sort Space Used": 295,"Sort Space Type": "Memory","Workers": [{"Worker Number": 0,"Sort Method": "quicksort","Sort Space Used": 285,"Sort Space Type": "Memory"},{"Worker Number": 1,"Sort Method": "quicksort","Sort Space Used": 279,"Sort Space Type": "Memory"}],"Plans": [{"Node Type": "Hash Join","Parent Relationship": "Outer","Parallel Aware": false,"Async Capable": false,"Join Type": "Inner","Startup Cost": 475.27,"Total Cost": 20572.71,"Plan Rows": 617,"Plan Width": 116,"Actual Startup Time": 13.659,"Actual Total Time": 805.763,"Actual Rows": 2427,"Actual Loops": 3,"Inner Unique": true,"Hash Cond": "((lineitem.l_suppkey = supplier.s_suppkey) AND (customer.c_nationkey = supplier.s_nationkey))","Workers": [],"Plans": [{"Node Type": "Nested Loop","Parent Relationship": "Outer","Parallel Aware": false,"Async Capable": false,"Join Type": "Inner","Startup Cost": 3.27,"Total Cost": 20019.70,"Plan Rows": 15431,"Plan Width": 128,"Actual Startup Time": 0.940,"Actual Total Time": 760.394,"Actual Rows": 61187,"Actual Loops": 3,"Inner Unique": false,"Workers": [],"Plans": [{"Node Type": "Nested Loop","Parent Relationship": "Outer","Parallel Aware": false,"Async Capable": false,"Join Type": "Inner","Startup Cost": 2.84,"Total Cost": 8414.26,"Plan Rows": 3857,"Plan Width": 116,"Actual Startup Time": 0.804,"Actual Total Time": 453.891,"Actual Rows": 15325,"Actual Loops": 3,"Inner Unique": false,"Workers": [],"Plans": [{"Node Type": "Hash Join","Parent Relationship": "Outer","Parallel Aware": false,"Async Capable": false,"Join Type": "Inner","Startup Cost": 2.41,"Total Cost": 4471.79,"Plan Rows": 2500,"Plan Width": 116,"Actual Startup Time": 0.319,"Actual Total Time": 55.842,"Actual Rows": 10061,"Actual Loops": 3,"Inner Unique": false,"Hash Cond": "(customer.c_nationkey = nation.n_nationkey)","Workers": [],"Plans": [{"Node Type": "Seq Scan","Parent Relationship": "Outer","Parallel Aware": true,"Async Capable": false,"Relation Name": "customer","Alias": "customer","Startup Cost": 0.00,"Total Cost": 4210.00,"Plan Rows": 62500,"Plan Width": 8,"Actual Startup Time": 0.026,"Actual Total Time": 9.689,"Actual Rows": 50000,"Actual Loops": 3,"Workers": []},{"Node Type": "Hash","Parent Relationship": "Inner","Parallel Aware": false,"Async Capable": false,"Startup Cost": 2.40,"Total Cost": 2.40,"Plan Rows": 1,"Plan Width": 108,"Actual Startup Time": 0.180,"Actual Total Time": 0.198,"Actual Rows": 5,"Actual Loops": 3,"Hash Buckets": 1024,"Original Hash Buckets": 1024,"Hash Batches": 1,"Original Hash Batches": 1,"Peak Memory Usage": 9,"Workers": [],"Plans": [{"Node Type": "Hash Join","Parent Relationship": "Outer","Parallel Aware": false,"Async Capable": false,"Join Type": "Inner","Startup Cost": 1.07,"Total Cost": 2.40,"Plan Rows": 1,"Plan Width": 108,"Actual Startup Time": 0.166,"Actual Total Time": 0.188,"Actual Rows": 5,"Actual Loops": 3,"Inner Unique": true,"Hash Cond": "(nation.n_regionkey = region.r_regionkey)","Workers": [],"Plans": [{"Node Type": "Seq Scan","Parent Relationship": "Outer","Parallel Aware": false,"Async Capable": false,"Relation Name": "nation","Alias": "nation","Startup Cost": 0.00,"Total Cost": 1.25,"Plan Rows": 25,"Plan Width": 112,"Actual Startup Time": 0.055,"Actual Total Time": 0.060,"Actual Rows": 25,"Actual Loops": 3,"Workers": []},{"Node Type": "Hash","Parent Relationship": "Inner","Parallel Aware": false,"Async Capable": false,"Startup Cost": 1.06,"Total Cost": 1.06,"Plan Rows": 1,"Plan Width": 4,"Actual Startup Time": 0.079,"Actual Total Time": 0.084,"Actual Rows": 1,"Actual Loops": 3,"Hash Buckets": 1024,"Original Hash Buckets": 1024,"Hash Batches": 1,"Original Hash Batches": 1,"Peak Memory Usage": 9,"Workers": [],"Plans": [{"Node Type": "Seq Scan","Parent Relationship": "Outer","Parallel Aware": false,"Async Capable": false,"Relation Name": "region","Alias": "region","Startup Cost": 0.00,"Total Cost": 1.06,"Plan Rows": 1,"Plan Width": 4,"Actual Startup Time": 0.058,"Actual Total Time": 0.061,"Actual Rows": 1,"Actual Loops": 3,"Filter": "(r_name = 'ASIA'::bpchar)","Rows Removed by Filter": 4,"Workers": []}]}]}]}]},{"Node Type": "Index Scan","Parent Relationship": "Inner","Parallel Aware": false,"Async Capable": false,"Scan Direction": "Forward","Index Name": "idx_orders_custkey","Relation Name": "orders","Alias": "orders","Startup Cost": 0.43,"Total Cost": 1.55,"Plan Rows": 3,"Plan Width": 8,"Actual Startup Time": 0.017,"Actual Total Time": 0.039,"Actual Rows": 2,"Actual Loops": 30183,"Index Cond": "(o_custkey = customer.c_custkey)","Rows Removed by Index Recheck": 0,"Filter": "((o_orderdate >= '1996-01-01'::date) AND (o_orderdate < '1997-01-01 00:00:00'::timestamp without time zone))","Rows Removed by Filter": 8,"Workers": []}]},{"Node Type": "Index Scan","Parent Relationship": "Inner","Parallel Aware": false,"Async Capable": false,"Scan Direction": "Forward","Index Name": "idx_lineitem_orderkey","Relation Name": "lineitem","Alias": "lineitem","Startup Cost": 0.43,"Total Cost": 2.84,"Plan Rows": 17,"Plan Width": 20,"Actual Startup Time": 0.017,"Actual Total Time": 0.019,"Actual Rows": 4,"Actual Loops": 45976,"Index Cond": "(l_orderkey = orders.o_orderkey)","Rows Removed by Index Recheck": 0,"Workers": []}]},{"Node Type": "Hash","Parent Relationship": "Inner","Parallel Aware": false,"Async Capable": false,"Startup Cost": 322.00,"Total Cost": 322.00,"Plan Rows": 10000,"Plan Width": 8,"Actual Startup Time": 12.172,"Actual Total Time": 12.179,"Actual Rows": 10000,"Actual Loops": 3,"Hash Buckets": 16384,"Original Hash Buckets": 16384,"Hash Batches": 1,"Original Hash Batches": 1,"Peak Memory Usage": 519,"Workers": [],"Plans": [{"Node Type": "Seq Scan","Parent Relationship": "Outer","Parallel Aware": false,"Async Capable": false,"Relation Name": "supplier","Alias": "supplier","Startup Cost": 0.00,"Total Cost": 322.00,"Plan Rows": 10000,"Plan Width": 8,"Actual Startup Time": 0.048,"Actual Total Time": 10.623,"Actual Rows": 10000,"Actual Loops": 3,"Workers": []}]}]}]}]}]}]}]},"Planning Time": 10.688,"Triggers": [],"Execution Time": 848.991}]
[{"Plan": {"Node Type": "Sort","Parallel Aware": false,"Async Capable": false,"Startup Cost": 21565.24,"Total Cost": 21565.30,"Plan Rows": 25,"Plan Width": 136,"Actual Startup Time": 803.148,"Actual Total Time": 837.225,"Actual Rows": 5,"Actual Loops": 1,"Sort Key": ["(sum((lineitem.l_extendedprice * ('1'::numeric - lineitem.l_discount)))) DESC"],"Sort Method": "quicksort","Sort Space Used": 25,"Sort Space Type": "Memory","Plans": [{"Node Type": "Aggregate","Strategy": "Sorted","Partial Mode": "Finalize","Parent Relationship": "Outer","Parallel Aware": false,"Async Capable": false,"Startup Cost": 21550.29,"Total Cost": 21564.66,"Plan Rows": 25,"Plan Width": 136,"Actual Startup Time": 802.551,"Actual Total Time": 837.165,"Actual Rows": 5,"Actual Loops": 1,"Group Key": ["nation.n_name"],"Plans": [{"Node Type": "Gather Merge","Parent Relationship": "Outer","Parallel Aware": false,"Async Capable": false,"Startup Cost": 21550.29,"Total Cost": 21563.97,"Plan Rows": 50,"Plan Width": 136,"Actual Startup Time": 802.343,"Actual Total Time": 837.116,"Actual Rows": 15,"Actual Loops": 1,"Workers Planned": 2,"Workers Launched": 2,"Plans": [{"Node Type": "Aggregate","Strategy": "Sorted","Partial Mode": "Partial","Parent Relationship": "Outer","Parallel Aware": false,"Async Capable": false,"Startup Cost": 20550.26,"Total Cost": 20558.18,"Plan Rows": 25,"Plan Width": 136,"Actual Startup Time": 794.724,"Actual Total Time": 795.426,"Actual Rows": 5,"Actual Loops": 3,"Group Key": ["nation.n_name"],"Workers": [],"Plans": [{"Node Type": "Sort","Parent Relationship": "Outer","Parallel Aware": false,"Async Capable": false,"Startup Cost": 20550.26,"Total Cost": 20551.78,"Plan Rows": 608,"Plan Width": 116,"Actual Startup Time": 794.492,"Actual Total Time": 794.616,"Actual Rows": 2402,"Actual Loops": 3,"Sort Key": ["nation.n_name"],"Sort Method": "quicksort","Sort Space Used": 284,"Sort Space Type": "Memory","Workers": [{"Worker Number": 0,"Sort Method": "quicksort","Sort Space Used": 278,"Sort Space Type": "Memory"},{"Worker Number": 1,"Sort Method": "quicksort","Sort Space Used": 290,"Sort Space Type": "Memory"}],"Plans": [{"Node Type": "Hash Join","Parent Relationship": "Outer","Parallel Aware": false,"Async Capable": false,"Join Type": "Inner","Startup Cost": 475.27,"Total Cost": 20522.15,"Plan Rows": 608,"Plan Width": 116,"Actual Startup Time": 9.804,"Actual Total Time": 792.945,"Actual Rows": 2402,"Actual Loops": 3,"Inner Unique": true,"Hash Cond": "((lineitem.l_suppkey = supplier.s_suppkey) AND (customer.c_nationkey = supplier.s_nationkey))","Workers": [],"Plans": [{"Node Type": "Nested Loop","Parent Relationship": "Outer","Parallel Aware": false,"Async Capable": false,"Join Type": "Inner","Startup Cost": 3.27,"Total Cost": 19970.29,"Plan Rows": 15211,"Plan Width": 128,"Actual Startup Time": 0.739,"Actual Total Time": 751.905,"Actual Rows": 60896,"Actual Loops": 3,"Inner Unique": false,"Workers": [],"Plans": [{"Node Type": "Nested Loop","Parent Relationship": "Outer","Parallel Aware": false,"Async Capable": false,"Join Type": "Inner","Startup Cost": 2.84,"Total Cost": 8414.26,"Plan Rows": 3802,"Plan Width": 116,"Actual Startup Time": 0.610,"Actual Total Time": 448.155,"Actual Rows": 15274,"Actual Loops": 3,"Inner Unique": false,"Workers": [],"Plans": [{"Node Type": "Hash Join","Parent Relationship": "Outer","Parallel Aware": false,"Async Capable": false,"Join Type": "Inner","Startup Cost": 2.41,"Total Cost": 4471.79,"Plan Rows": 2500,"Plan Width": 116,"Actual Startup Time": 0.268,"Actual Total Time": 53.804,"Actual Rows": 9921,"Actual Loops": 3,"Inner Unique": false,"Hash Cond": "(customer.c_nationkey = nation.n_nationkey)","Workers": [],"Plans": [{"Node Type": "Seq Scan","Parent Relationship": "Outer","Parallel Aware": true,"Async Capable": false,"Relation Name": "customer","Alias": "customer","Startup Cost": 0.00,"Total Cost": 4210.00,"Plan Rows": 62500,"Plan Width": 8,"Actual Startup Time": 0.020,"Actual Total Time": 9.563,"Actual Rows": 50000,"Actual Loops": 3,"Workers": []},{"Node Type": "Hash","Parent Relationship": "Inner","Parallel Aware": false,"Async Capable": false,"Startup Cost": 2.40,"Total Cost": 2.40,"Plan Rows": 1,"Plan Width": 108,"Actual Startup Time": 0.161,"Actual Total Time": 0.176,"Actual Rows": 5,"Actual Loops": 3,"Hash Buckets": 1024,"Original Hash Buckets": 1024,"Hash Batches": 1,"Original Hash Batches": 1,"Peak Memory Usage": 9,"Workers": [],"Plans": [{"Node Type": "Hash Join","Parent Relationship": "Outer","Parallel Aware": false,"Async Capable": false,"Join Type": "Inner","Startup Cost": 1.07,"Total Cost": 2.40,"Plan Rows": 1,"Plan Width": 108,"Actual Startup Time": 0.143,"Actual Total Time": 0.167,"Actual Rows": 5,"Actual Loops": 3,"Inner Unique": true,"Hash Cond": "(nation.n_regionkey = region.r_regionkey)","Workers": [],"Plans": [{"Node Type": "Seq Scan","Parent Relationship": "Outer","Parallel Aware": false,"Async Capable": false,"Relation Name": "nation","Alias": "nation","Startup Cost": 0.00,"Total Cost": 1.25,"Plan Rows": 25,"Plan Width": 112,"Actual Startup Time": 0.052,"Actual Total Time": 0.056,"Actual Rows": 25,"Actual Loops": 3,"Workers": []},{"Node Type": "Hash","Parent Relationship": "Inner","Parallel Aware": false,"Async Capable": false,"Startup Cost": 1.06,"Total Cost": 1.06,"Plan Rows": 1,"Plan Width": 4,"Actual Startup Time": 0.061,"Actual Total Time": 0.066,"Actual Rows": 1,"Actual Loops": 3,"Hash Buckets": 1024,"Original Hash Buckets": 1024,"Hash Batches": 1,"Original Hash Batches": 1,"Peak Memory Usage": 9,"Workers": [],"Plans": [{"Node Type": "Seq Scan","Parent Relationship": "Outer","Parallel Aware": false,"Async Capable": false,"Relation Name": "region","Alias": "region","Startup Cost": 0.00,"Total Cost": 1.06,"Plan Rows": 1,"Plan Width": 4,"Actual Startup Time": 0.046,"Actual Total Time": 0.049,"Actual Rows": 1,"Actual Loops": 3,"Filter": "(r_name = 'AFRICA'::bpchar)","Rows Removed by Filter": 4,"Workers": []}]}]}]}]},{"Node Type": "Index Scan","Parent Relationship": "Inner","Parallel Aware": false,"Async Capable": false,"Scan Direction": "Forward","Index Name": "idx_orders_custkey","Relation Name": "orders","Alias": "orders","Startup Cost": 0.43,"Total Cost": 1.55,"Plan Rows": 3,"Plan Width": 8,"Actual Startup Time": 0.017,"Actual Total Time": 0.039,"Actual Rows": 2,"Actual Loops": 29764,"Index Cond": "(o_custkey = customer.c_custkey)","Rows Removed by Index Recheck": 0,"Filter": "((o_orderdate >= '1995-01-01'::date) AND (o_orderdate < '1996-01-01 00:00:00'::timestamp without time zone))","Rows Removed by Filter": 9,"Workers": []}]},{"Node Type": "Index Scan","Parent Relationship": "Inner","Parallel Aware": false,"Async Capable": false,"Scan Direction": "Forward","Index Name": "idx_lineitem_orderkey","Relation Name": "lineitem","Alias": "lineitem","Startup Cost": 0.43,"Total Cost": 2.87,"Plan Rows": 17,"Plan Width": 20,"Actual Startup Time": 0.017,"Actual Total Time": 0.019,"Actual Rows": 4,"Actual Loops": 45822,"Index Cond": "(l_orderkey = orders.o_orderkey)","Rows Removed by Index Recheck": 0,"Workers": []}]},{"Node Type": "Hash","Parent Relationship": "Inner","Parallel Aware": false,"Async Capable": false,"Startup Cost": 322.00,"Total Cost": 322.00,"Plan Rows": 10000,"Plan Width": 8,"Actual Startup Time": 8.249,"Actual Total Time": 8.253,"Actual Rows": 10000,"Actual Loops": 3,"Hash Buckets": 16384,"Original Hash Buckets": 16384,"Hash Batches": 1,"Original Hash Batches": 1,"Peak Memory Usage": 519,"Workers": [],"Plans": [{"Node Type": "Seq Scan","Parent Relationship": "Outer","Parallel Aware": false,"Async Capable": false,"Relation Name": "supplier","Alias": "supplier","Startup Cost": 0.00,"Total Cost": 322.00,"Plan Rows": 10000,"Plan Width": 8,"Actual Startup Time": 0.043,"Actual Total Time": 6.388,"Actual Rows": 10000,"Actual Loops": 3,"Workers": []}]}]}]}]}]}]}]},"Planning Time": 10.225,"Triggers": [],"Execution Time": 837.854}]
[{"Plan": {"Node Type": "Sort","Parallel Aware": false,"Async Capable": false,"Startup Cost": 21612.43,"Total Cost": 21612.50,"Plan Rows": 25,"Plan Width": 136,"Actual Startup Time": 835.932,"Actual Total Time": 867.365,"Actual Rows": 5,"Actual Loops": 1,"Sort Key": ["(sum((lineitem.l_extendedprice * ('1'::numeric - lineitem.l_discount)))) DESC"],"Sort Method": "quicksort","Sort Space Used": 25,"Sort Space Type": "Memory","Plans": [{"Node Type": "Aggregate","Strategy": "Sorted","Partial Mode": "Finalize","Parent Relationship": "Outer","Parallel Aware": false,"Async Capable": false,"Startup Cost": 21597.38,"Total Cost": 21611.85,"Plan Rows": 25,"Plan Width": 136,"Actual Startup Time": 835.364,"Actual Total Time": 867.318,"Actual Rows": 5,"Actual Loops": 1,"Group Key": ["nation.n_name"],"Plans": [{"Node Type": "Gather Merge","Parent Relationship": "Outer","Parallel Aware": false,"Async Capable": false,"Startup Cost": 21597.38,"Total Cost": 21611.17,"Plan Rows": 50,"Plan Width": 136,"Actual Startup Time": 835.179,"Actual Total Time": 867.277,"Actual Rows": 15,"Actual Loops": 1,"Workers Planned": 2,"Workers Launched": 2,"Plans": [{"Node Type": "Aggregate","Strategy": "Sorted","Partial Mode": "Partial","Parent Relationship": "Outer","Parallel Aware": false,"Async Capable": false,"Startup Cost": 20597.36,"Total Cost": 20605.37,"Plan Rows": 25,"Plan Width": 136,"Actual Startup Time": 826.891,"Actual Total Time": 827.596,"Actual Rows": 5,"Actual Loops": 3,"Group Key": ["nation.n_name"],"Workers": [],"Plans": [{"Node Type": "Sort","Parent Relationship": "Outer","Parallel Aware": false,"Async Capable": false,"Startup Cost": 20597.36,"Total Cost": 20598.90,"Plan Rows": 616,"Plan Width": 116,"Actual Startup Time": 826.692,"Actual Total Time": 826.817,"Actual Rows": 2422,"Actual Loops": 3,"Sort Key": ["nation.n_name"],"Sort Method": "quicksort","Sort Space Used": 284,"Sort Space Type": "Memory","Workers": [{"Worker Number": 0,"Sort Method": "quicksort","Sort Space Used": 289,"Sort Space Type": "Memory"},{"Worker Number": 1,"Sort Method": "quicksort","Sort Space Used": 285,"Sort Space Type": "Memory"}],"Plans": [{"Node Type": "Hash Join","Parent Relationship": "Outer","Parallel Aware": false,"Async Capable": false,"Join Type": "Inner","Startup Cost": 475.27,"Total Cost": 20568.82,"Plan Rows": 616,"Plan Width": 116,"Actual Startup Time": 12.416,"Actual Total Time": 825.180,"Actual Rows": 2422,"Actual Loops": 3,"Inner Unique": true,"Hash Cond": "((lineitem.l_suppkey = supplier.s_suppkey) AND (customer.c_nationkey = supplier.s_nationkey))","Workers": [],"Plans": [{"Node Type": "Nested Loop","Parent Relationship": "Outer","Parallel Aware": false,"Async Capable": false,"Join Type": "Inner","Startup Cost": 3.27,"Total Cost": 20015.89,"Plan Rows": 15415,"Plan Width": 128,"Actual Startup Time": 0.717,"Actual Total Time": 776.964,"Actual Rows": 61524,"Actual Loops": 3,"Inner Unique": false,"Workers": [],"Plans": [{"Node Type": "Nested Loop","Parent Relationship": "Outer","Parallel Aware": false,"Async Capable": false,"Join Type": "Inner","Startup Cost": 2.84,"Total Cost": 8414.26,"Plan Rows": 3853,"Plan Width": 116,"Actual Startup Time": 0.594,"Actual Total Time": 468.318,"Actual Rows": 15364,"Actual Loops": 3,"Inner Unique": false,"Workers": [],"Plans": [{"Node Type": "Hash Join","Parent Relationship": "Outer","Parallel Aware": false,"Async Capable": false,"Join Type": "Inner","Startup Cost": 2.41,"Total Cost": 4471.79,"Plan Rows": 2500,"Plan Width": 116,"Actual Startup Time": 0.257,"Actual Total Time": 59.024,"Actual Rows": 10066,"Actual Loops": 3,"Inner Unique": false,"Hash Cond": "(customer.c_nationkey = nation.n_nationkey)","Workers": [],"Plans": [{"Node Type": "Seq Scan","Parent Relationship": "Outer","Parallel Aware": true,"Async Capable": false,"Relation Name": "customer","Alias": "customer","Startup Cost": 0.00,"Total Cost": 4210.00,"Plan Rows": 62500,"Plan Width": 8,"Actual Startup Time": 0.018,"Actual Total Time": 10.025,"Actual Rows": 50000,"Actual Loops": 3,"Workers": []},{"Node Type": "Hash","Parent Relationship": "Inner","Parallel Aware": false,"Async Capable": false,"Startup Cost": 2.40,"Total Cost": 2.40,"Plan Rows": 1,"Plan Width": 108,"Actual Startup Time": 0.151,"Actual Total Time": 0.168,"Actual Rows": 5,"Actual Loops": 3,"Hash Buckets": 1024,"Original Hash Buckets": 1024,"Hash Batches": 1,"Original Hash Batches": 1,"Peak Memory Usage": 9,"Workers": [],"Plans": [{"Node Type": "Hash Join","Parent Relationship": "Outer","Parallel Aware": false,"Async Capable": false,"Join Type": "Inner","Startup Cost": 1.07,"Total Cost": 2.40,"Plan Rows": 1,"Plan Width": 108,"Actual Startup Time": 0.138,"Actual Total Time": 0.159,"Actual Rows": 5,"Actual Loops": 3,"Inner Unique": true,"Hash Cond": "(nation.n_regionkey = region.r_regionkey)","Workers": [],"Plans": [{"Node Type": "Seq Scan","Parent Relationship": "Outer","Parallel Aware": false,"Async Capable": false,"Relation Name": "nation","Alias": "nation","Startup Cost": 0.00,"Total Cost": 1.25,"Plan Rows": 25,"Plan Width": 112,"Actual Startup Time": 0.050,"Actual Total Time": 0.055,"Actual Rows": 25,"Actual Loops": 3,"Workers": []},{"Node Type": "Hash","Parent Relationship": "Inner","Parallel Aware": false,"Async Capable": false,"Startup Cost": 1.06,"Total Cost": 1.06,"Plan Rows": 1,"Plan Width": 4,"Actual Startup Time": 0.059,"Actual Total Time": 0.064,"Actual Rows": 1,"Actual Loops": 3,"Hash Buckets": 1024,"Original Hash Buckets": 1024,"Hash Batches": 1,"Original Hash Batches": 1,"Peak Memory Usage": 9,"Workers": [],"Plans": [{"Node Type": "Seq Scan","Parent Relationship": "Outer","Parallel Aware": false,"Async Capable": false,"Relation Name": "region","Alias": "region","Startup Cost": 0.00,"Total Cost": 1.06,"Plan Rows": 1,"Plan Width": 4,"Actual Startup Time": 0.043,"Actual Total Time": 0.045,"Actual Rows": 1,"Actual Loops": 3,"Filter": "(r_name = 'EUROPE'::bpchar)","Rows Removed by Filter": 4,"Workers": []}]}]}]}]},{"Node Type": "Index Scan","Parent Relationship": "Inner","Parallel Aware": false,"Async Capable": false,"Scan Direction": "Forward","Index Name": "idx_orders_custkey","Relation Name": "orders","Alias": "orders","Startup Cost": 0.43,"Total Cost": 1.55,"Plan Rows": 3,"Plan Width": 8,"Actual Startup Time": 0.017,"Actual Total Time": 0.040,"Actual Rows": 2,"Actual Loops": 30197,"Index Cond": "(o_custkey = customer.c_custkey)","Rows Removed by Index Recheck": 0,"Filter": "((o_orderdate >= '1994-01-01'::date) AND (o_orderdate < '1995-01-01 00:00:00'::timestamp without time zone))","Rows Removed by Filter": 9,"Workers": []}]},{"Node Type": "Index Scan","Parent Relationship": "Inner","Parallel Aware": false,"Async Capable": false,"Scan Direction": "Forward","Index Name": "idx_lineitem_orderkey","Relation Name": "lineitem","Alias": "lineitem","Startup Cost": 0.43,"Total Cost": 2.84,"Plan Rows": 17,"Plan Width": 20,"Actual Startup Time": 0.017,"Actual Total Time": 0.019,"Actual Rows": 4,"Actual Loops": 46093,"Index Cond": "(l_orderkey = orders.o_orderkey)","Rows Removed by Index Recheck": 0,"Workers": []}]},{"Node Type": "Hash","Parent Relationship": "Inner","Parallel Aware": false,"Async Capable": false,"Startup Cost": 322.00,"Total Cost": 322.00,"Plan Rows": 10000,"Plan Width": 8,"Actual Startup Time": 10.479,"Actual Total Time": 10.484,"Actual Rows": 10000,"Actual Loops": 3,"Hash Buckets": 16384,"Original Hash Buckets": 16384,"Hash Batches": 1,"Original Hash Batches": 1,"Peak Memory Usage": 519,"Workers": [],"Plans": [{"Node Type": "Seq Scan","Parent Relationship": "Outer","Parallel Aware": false,"Async Capable": false,"Relation Name": "supplier","Alias": "supplier","Startup Cost": 0.00,"Total Cost": 322.00,"Plan Rows": 10000,"Plan Width": 8,"Actual Startup Time": 0.042,"Actual Total Time": 8.711,"Actual Rows": 10000,"Actual Loops": 3,"Workers": []}]}]}]}]}]}]}]},"Planning Time": 9.647,"Triggers": [],"Execution Time": 867.883}]
[{"Plan": {"Node Type": "Sort","Parallel Aware": false,"Async Capable": false,"Startup Cost": 21616.39,"Total Cost": 21616.45,"Plan Rows": 25,"Plan Width": 136,"Actual Startup Time": 804.800,"Actual Total Time": 836.793,"Actual Rows": 5,"Actual Loops": 1,"Sort Key": ["(sum((lineitem.l_extendedprice * ('1'::numeric - lineitem.l_discount)))) DESC"],"Sort Method": "quicksort","Sort Space Used": 25,"Sort Space Type": "Memory","Plans": [{"Node Type": "Aggregate","Strategy": "Sorted","Partial Mode": "Finalize","Parent Relationship": "Outer","Parallel Aware": false,"Async Capable": false,"Startup Cost": 21601.33,"Total Cost": 21615.81,"Plan Rows": 25,"Plan Width": 136,"Actual Startup Time": 804.196,"Actual Total Time": 836.738,"Actual Rows": 5,"Actual Loops": 1,"Group Key": ["nation.n_name"],"Plans": [{"Node Type": "Gather Merge","Parent Relationship": "Outer","Parallel Aware": false,"Async Capable": false,"Startup Cost": 21601.33,"Total Cost": 21615.12,"Plan Rows": 50,"Plan Width": 136,"Actual Startup Time": 803.537,"Actual Total Time": 836.675,"Actual Rows": 15,"Actual Loops": 1,"Workers Planned": 2,"Workers Launched": 2,"Plans": [{"Node Type": "Aggregate","Strategy": "Sorted","Partial Mode": "Partial","Parent Relationship": "Outer","Parallel Aware": false,"Async Capable": false,"Startup Cost": 20601.30,"Total Cost": 20609.33,"Plan Rows": 25,"Plan Width": 136,"Actual Startup Time": 795.499,"Actual Total Time": 796.369,"Actual Rows": 5,"Actual Loops": 3,"Group Key": ["nation.n_name"],"Workers": [],"Plans": [{"Node Type": "Sort","Parent Relationship": "Outer","Parallel Aware": false,"Async Capable": false,"Startup Cost": 20601.30,"Total Cost": 20602.85,"Plan Rows": 617,"Plan Width": 116,"Actual Startup Time": 795.285,"Actual Total Time": 795.436,"Actual Rows": 2498,"Actual Loops": 3,"Sort Key": ["nation.n_name"],"Sort Method": "quicksort","Sort Space Used": 299,"Sort Space Type": "Memory","Workers": [{"Worker Number": 0,"Sort Method": "quicksort","Sort Space Used": 291,"Sort Space Type": "Memory"},{"Worker Number": 1,"Sort Method": "quicksort","Sort Space Used": 284,"Sort Space Type": "Memory"}],"Plans": [{"Node Type": "Hash Join","Parent Relationship": "Outer","Parallel Aware": false,"Async Capable": false,"Join Type": "Inner","Startup Cost": 475.27,"Total Cost": 20572.71,"Plan Rows": 617,"Plan Width": 116,"Actual Startup Time": 14.014,"Actual Total Time": 793.817,"Actual Rows": 2498,"Actual Loops": 3,"Inner Unique": true,"Hash Cond": "((lineitem.l_suppkey = supplier.s_suppkey) AND (customer.c_nationkey = supplier.s_nationkey))","Workers": [],"Plans": [{"Node Type": "Nested Loop","Parent Relationship": "Outer","Parallel Aware": false,"Async Capable": false,"Join Type": "Inner","Startup Cost": 3.27,"Total Cost": 20019.70,"Plan Rows": 15431,"Plan Width": 128,"Actual Startup Time": 0.837,"Actual Total Time": 749.002,"Actual Rows": 60742,"Actual Loops": 3,"Inner Unique": false,"Workers": [],"Plans": [{"Node Type": "Nested Loop","Parent Relationship": "Outer","Parallel Aware": false,"Async Capable": false,"Join Type": "Inner","Startup Cost": 2.84,"Total Cost": 8414.26,"Plan Rows": 3857,"Plan Width": 116,"Actual Startup Time": 0.706,"Actual Total Time": 447.815,"Actual Rows": 15183,"Actual Loops": 3,"Inner Unique": false,"Workers": [],"Plans": [{"Node Type": "Hash Join","Parent Relationship": "Outer","Parallel Aware": false,"Async Capable": false,"Join Type": "Inner","Startup Cost": 2.41,"Total Cost": 4471.79,"Plan Rows": 2500,"Plan Width": 116,"Actual Startup Time": 0.258,"Actual Total Time": 55.848,"Actual Rows": 9984,"Actual Loops": 3,"Inner Unique": false,"Hash Cond": "(customer.c_nationkey = nation.n_nationkey)","Workers": [],"Plans": [{"Node Type": "Seq Scan","Parent Relationship": "Outer","Parallel Aware": true,"Async Capable": false,"Relation Name": "customer","Alias": "customer","Startup Cost": 0.00,"Total Cost": 4210.00,"Plan Rows": 62500,"Plan Width": 8,"Actual Startup Time": 0.017,"Actual Total Time": 9.503,"Actual Rows": 50000,"Actual Loops": 3,"Workers": []},{"Node Type": "Hash","Parent Relationship": "Inner","Parallel Aware": false,"Async Capable": false,"Startup Cost": 2.40,"Total Cost": 2.40,"Plan Rows": 1,"Plan Width": 108,"Actual Startup Time": 0.153,"Actual Total Time": 0.178,"Actual Rows": 5,"Actual Loops": 3,"Hash Buckets": 1024,"Original Hash Buckets": 1024,"Hash Batches": 1,"Original Hash Batches": 1,"Peak Memory Usage": 9,"Workers": [],"Plans": [{"Node Type": "Hash Join","Parent Relationship": "Outer","Parallel Aware": false,"Async Capable": false,"Join Type": "Inner","Startup Cost": 1.07,"Total Cost": 2.40,"Plan Rows": 1,"Plan Width": 108,"Actual Startup Time": 0.136,"Actual Total Time": 0.167,"Actual Rows": 5,"Actual Loops": 3,"Inner Unique": true,"Hash Cond": "(nation.n_regionkey = region.r_regionkey)","Workers": [],"Plans": [{"Node Type": "Seq Scan","Parent Relationship": "Outer","Parallel Aware": false,"Async Capable": false,"Relation Name": "nation","Alias": "nation","Startup Cost": 0.00,"Total Cost": 1.25,"Plan Rows": 25,"Plan Width": 112,"Actual Startup Time": 0.055,"Actual Total Time": 0.059,"Actual Rows": 25,"Actual Loops": 3,"Workers": []},{"Node Type": "Hash","Parent Relationship": "Inner","Parallel Aware": false,"Async Capable": false,"Startup Cost": 1.06,"Total Cost": 1.06,"Plan Rows": 1,"Plan Width": 4,"Actual Startup Time": 0.050,"Actual Total Time": 0.057,"Actual Rows": 1,"Actual Loops": 3,"Hash Buckets": 1024,"Original Hash Buckets": 1024,"Hash Batches": 1,"Original Hash Batches": 1,"Peak Memory Usage": 9,"Workers": [],"Plans": [{"Node Type": "Seq Scan","Parent Relationship": "Outer","Parallel Aware": false,"Async Capable": false,"Relation Name": "region","Alias": "region","Startup Cost": 0.00,"Total Cost": 1.06,"Plan Rows": 1,"Plan Width": 4,"Actual Startup Time": 0.036,"Actual Total Time": 0.039,"Actual Rows": 1,"Actual Loops": 3,"Filter": "(r_name = 'AMERICA'::bpchar)","Rows Removed by Filter": 4,"Workers": []}]}]}]}]},{"Node Type": "Index Scan","Parent Relationship": "Inner","Parallel Aware": false,"Async Capable": false,"Scan Direction": "Forward","Index Name": "idx_orders_custkey","Relation Name": "orders","Alias": "orders","Startup Cost": 0.43,"Total Cost": 1.55,"Plan Rows": 3,"Plan Width": 8,"Actual Startup Time": 0.017,"Actual Total Time": 0.039,"Actual Rows": 2,"Actual Loops": 29952,"Index Cond": "(o_custkey = customer.c_custkey)","Rows Removed by Index Recheck": 0,"Filter": "((o_orderdate >= '1996-01-01'::date) AND (o_orderdate < '1997-01-01 00:00:00'::timestamp without time zone))","Rows Removed by Filter": 8,"Workers": []}]},{"Node Type": "Index Scan","Parent Relationship": "Inner","Parallel Aware": false,"Async Capable": false,"Scan Direction": "Forward","Index Name": "idx_lineitem_orderkey","Relation Name": "lineitem","Alias": "lineitem","Startup Cost": 0.43,"Total Cost": 2.84,"Plan Rows": 17,"Plan Width": 20,"Actual Startup Time": 0.016,"Actual Total Time": 0.019,"Actual Rows": 4,"Actual Loops": 45549,"Index Cond": "(l_orderkey = orders.o_orderkey)","Rows Removed by Index Recheck": 0,"Workers": []}]},{"Node Type": "Hash","Parent Relationship": "Inner","Parallel Aware": false,"Async Capable": false,"Startup Cost": 322.00,"Total Cost": 322.00,"Plan Rows": 10000,"Plan Width": 8,"Actual Startup Time": 12.297,"Actual Total Time": 12.301,"Actual Rows": 10000,"Actual Loops": 3,"Hash Buckets": 16384,"Original Hash Buckets": 16384,"Hash Batches": 1,"Original Hash Batches": 1,"Peak Memory Usage": 519,"Workers": [],"Plans": [{"Node Type": "Seq Scan","Parent Relationship": "Outer","Parallel Aware": false,"Async Capable": false,"Relation Name": "supplier","Alias": "supplier","Startup Cost": 0.00,"Total Cost": 322.00,"Plan Rows": 10000,"Plan Width": 8,"Actual Startup Time": 0.045,"Actual Total Time": 10.666,"Actual Rows": 10000,"Actual Loops": 3,"Workers": []}]}]}]}]}]}]}]},"Planning Time": 9.455,"Triggers": [],"Execution Time": 837.268}]
[{"Plan": {"Node Type": "Sort","Parallel Aware": false,"Async Capable": false,"Startup Cost": 21612.43,"Total Cost": 21612.50,"Plan Rows": 25,"Plan Width": 136,"Actual Startup Time": 835.932,"Actual Total Time": 867.365,"Actual Rows": 5,"Actual Loops": 1,"Sort Key": ["(sum((lineitem.l_extendedprice * ('1'::numeric - lineitem.l_discount)))) DESC"],"Sort Method": "quicksort","Sort Space Used": 25,"Sort Space Type": "Memory","Plans": [{"Node Type": "Aggregate","Strategy": "Sorted","Partial Mode": "Finalize","Parent Relationship": "Outer","Parallel Aware": false,"Async Capable": false,"Startup Cost": 21597.38,"Total Cost": 21611.85,"Plan Rows": 25,"Plan Width": 136,"Actual Startup Time": 835.364,"Actual Total Time": 867.318,"Actual Rows": 5,"Actual Loops": 1,"Group Key": ["nation.n_name"],"Plans": [{"Node Type": "Gather Merge","Parent Relationship": "Outer","Parallel Aware": false,"Async Capable": false,"Startup Cost": 21597.38,"Total Cost": 21611.17,"Plan Rows": 50,"Plan Width": 136,"Actual Startup Time": 835.179,"Actual Total Time": 867.277,"Actual Rows": 15,"Actual Loops": 1,"Workers Planned": 2,"Workers Launched": 2,"Plans": [{"Node Type": "Aggregate","Strategy": "Sorted","Partial Mode": "Partial","Parent Relationship": "Outer","Parallel Aware": false,"Async Capable": false,"Startup Cost": 20597.36,"Total Cost": 20605.37,"Plan Rows": 25,"Plan Width": 136,"Actual Startup Time": 826.891,"Actual Total Time": 827.596,"Actual Rows": 5,"Actual Loops": 3,"Group Key": ["nation.n_name"],"Workers": [],"Plans": [{"Node Type": "Sort","Parent Relationship": "Outer","Parallel Aware": false,"Async Capable": false,"Startup Cost": 20597.36,"Total Cost": 20598.90,"Plan Rows": 616,"Plan Width": 116,"Actual Startup Time": 826.692,"Actual Total Time": 826.817,"Actual Rows": 2422,"Actual Loops": 3,"Sort Key": ["nation.n_name"],"Sort Method": "quicksort","Sort Space Used": 284,"Sort Space Type": "Memory","Workers": [{"Worker Number": 0,"Sort Method": "quicksort","Sort Space Used": 289,"Sort Space Type": "Memory"},{"Worker Number": 1,"Sort Method": "quicksort","Sort Space Used": 285,"Sort Space Type": "Memory"}],"Plans": [{"Node Type": "Hash Join","Parent Relationship": "Outer","Parallel Aware": false,"Async Capable": false,"Join Type": "Inner","Startup Cost": 475.27,"Total Cost": 20568.82,"Plan Rows": 616,"Plan Width": 116,"Actual Startup Time": 12.416,"Actual Total Time": 825.180,"Actual Rows": 2422,"Actual Loops": 3,"Inner Unique": true,"Hash Cond": "((lineitem.l_suppkey = supplier.s_suppkey) AND (customer.c_nationkey = supplier.s_nationkey))","Workers": [],"Plans": [{"Node Type": "Nested Loop","Parent Relationship": "Outer","Parallel Aware": false,"Async Capable": false,"Join Type": "Inner","Startup Cost": 3.27,"Total Cost": 20015.89,"Plan Rows": 15415,"Plan Width": 128,"Actual Startup Time": 0.717,"Actual Total Time": 776.964,"Actual Rows": 61524,"Actual Loops": 3,"Inner Unique": false,"Workers": [],"Plans": [{"Node Type": "Nested Loop","Parent Relationship": "Outer","Parallel Aware": false,"Async Capable": false,"Join Type": "Inner","Startup Cost": 2.84,"Total Cost": 8414.26,"Plan Rows": 3853,"Plan Width": 116,"Actual Startup Time": 0.594,"Actual Total Time": 468.318,"Actual Rows": 15364,"Actual Loops": 3,"Inner Unique": false,"Workers": [],"Plans": [{"Node Type": "Hash Join","Parent Relationship": "Outer","Parallel Aware": false,"Async Capable": false,"Join Type": "Inner","Startup Cost": 2.41,"Total Cost": 4471.79,"Plan Rows": 2500,"Plan Width": 116,"Actual Startup Time": 0.257,"Actual Total Time": 59.024,"Actual Rows": 10066,"Actual Loops": 3,"Inner Unique": false,"Hash Cond": "(customer.c_nationkey = nation.n_nationkey)","Workers": [],"Plans": [{"Node Type": "Seq Scan","Parent Relationship": "Outer","Parallel Aware": true,"Async Capable": false,"Relation Name": "customer","Alias": "customer","Startup Cost": 0.00,"Total Cost": 4210.00,"Plan Rows": 62500,"Plan Width": 8,"Actual Startup Time": 0.018,"Actual Total Time": 10.025,"Actual Rows": 50000,"Actual Loops": 3,"Workers": []},{"Node Type": "Hash","Parent Relationship": "Inner","Parallel Aware": false,"Async Capable": false,"Startup Cost": 2.40,"Total Cost": 2.40,"Plan Rows": 1,"Plan Width": 108,"Actual Startup Time": 0.151,"Actual Total Time": 0.168,"Actual Rows": 5,"Actual Loops": 3,"Hash Buckets": 1024,"Original Hash Buckets": 1024,"Hash Batches": 1,"Original Hash Batches": 1,"Peak Memory Usage": 9,"Workers": [],"Plans": [{"Node Type": "Hash Join","Parent Relationship": "Outer","Parallel Aware": false,"Async Capable": false,"Join Type": "Inner","Startup Cost": 1.07,"Total Cost": 2.40,"Plan Rows": 1,"Plan Width": 108,"Actual Startup Time": 0.138,"Actual Total Time": 0.159,"Actual Rows": 5,"Actual Loops": 3,"Inner Unique": true,"Hash Cond": "(nation.n_regionkey = region.r_regionkey)","Workers": [],"Plans": [{"Node Type": "Seq Scan","Parent Relationship": "Outer","Parallel Aware": false,"Async Capable": false,"Relation Name": "nation","Alias": "nation","Startup Cost": 0.00,"Total Cost": 1.25,"Plan Rows": 25,"Plan Width": 112,"Actual Startup Time": 0.050,"Actual Total Time": 0.055,"Actual Rows": 25,"Actual Loops": 3,"Workers": []},{"Node Type": "Hash","Parent Relationship": "Inner","Parallel Aware": false,"Async Capable": false,"Startup Cost": 1.06,"Total Cost": 1.06,"Plan Rows": 1,"Plan Width": 4,"Actual Startup Time": 0.059,"Actual Total Time": 0.064,"Actual Rows": 1,"Actual Loops": 3,"Hash Buckets": 1024,"Original Hash Buckets": 1024,"Hash Batches": 1,"Original Hash Batches": 1,"Peak Memory Usage": 9,"Workers": [],"Plans": [{"Node Type": "Seq Scan","Parent Relationship": "Outer","Parallel Aware": false,"Async Capable": false,"Relation Name": "region","Alias": "region","Startup Cost": 0.00,"Total Cost": 1.06,"Plan Rows": 1,"Plan Width": 4,"Actual Startup Time": 0.043,"Actual Total Time": 0.045,"Actual Rows": 1,"Actual Loops": 3,"Filter": "(r_name = 'EUROPE'::bpchar)","Rows Removed by Filter": 4,"Workers": []}]}]}]}]},{"Node Type": "Index Scan","Parent Relationship": "Inner","Parallel Aware": false,"Async Capable": false,"Scan Direction": "Forward","Index Name": "idx_orders_custkey","Relation Name": "orders","Alias": "orders","Startup Cost": 0.43,"Total Cost": 1.55,"Plan Rows": 3,"Plan Width": 8,"Actual Startup Time": 0.017,"Actual Total Time": 0.040,"Actual Rows": 2,"Actual Loops": 30197,"Index Cond": "(o_custkey = customer.c_custkey)","Rows Removed by Index Recheck": 0,"Filter": "((o_orderdate >= '1994-01-01'::date) AND (o_orderdate < '1995-01-01 00:00:00'::timestamp without time zone))","Rows Removed by Filter": 9,"Workers": []}]},{"Node Type": "Index Scan","Parent Relationship": "Inner","Parallel Aware": false,"Async Capable": false,"Scan Direction": "Forward","Index Name": "idx_lineitem_orderkey","Relation Name": "lineitem","Alias": "lineitem","Startup Cost": 0.43,"Total Cost": 2.84,"Plan Rows": 17,"Plan Width": 20,"Actual Startup Time": 0.017,"Actual Total Time": 0.019,"Actual Rows": 4,"Actual Loops": 46093,"Index Cond": "(l_orderkey = orders.o_orderkey)","Rows Removed by Index Recheck": 0,"Workers": []}]},{"Node Type": "Hash","Parent Relationship": "Inner","Parallel Aware": false,"Async Capable": false,"Startup Cost": 322.00,"Total Cost": 322.00,"Plan Rows": 10000,"Plan Width": 8,"Actual Startup Time": 10.479,"Actual Total Time": 10.484,"Actual Rows": 10000,"Actual Loops": 3,"Hash Buckets": 16384,"Original Hash Buckets": 16384,"Hash Batches": 1,"Original Hash Batches": 1,"Peak Memory Usage": 519,"Workers": [],"Plans": [{"Node Type": "Seq Scan","Parent Relationship": "Outer","Parallel Aware": false,"Async Capable": false,"Relation Name": "supplier","Alias": "supplier","Startup Cost": 0.00,"Total Cost": 322.00,"Plan Rows": 10000,"Plan Width": 8,"Actual Startup Time": 0.042,"Actual Total Time": 8.711,"Actual Rows": 10000,"Actual Loops": 3,"Workers": []}]}]}]}]}]}]}]},"Planning Time": 9.647,"Triggers": [],"Execution Time": 867.883}]
[{"Plan": {"Node Type": "Sort","Parallel Aware": false,"Async Capable": false,"Startup Cost": 21616.39,"Total Cost": 21616.45,"Plan Rows": 25,"Plan Width": 136,"Actual Startup Time": 804.800,"Actual Total Time": 836.793,"Actual Rows": 5,"Actual Loops": 1,"Sort Key": ["(sum((lineitem.l_extendedprice * ('1'::numeric - lineitem.l_discount)))) DESC"],"Sort Method": "quicksort","Sort Space Used": 25,"Sort Space Type": "Memory","Plans": [{"Node Type": "Aggregate","Strategy": "Sorted","Partial Mode": "Finalize","Parent Relationship": "Outer","Parallel Aware": false,"Async Capable": false,"Startup Cost": 21601.33,"Total Cost": 21615.81,"Plan Rows": 25,"Plan Width": 136,"Actual Startup Time": 804.196,"Actual Total Time": 836.738,"Actual Rows": 5,"Actual Loops": 1,"Group Key": ["nation.n_name"],"Plans": [{"Node Type": "Gather Merge","Parent Relationship": "Outer","Parallel Aware": false,"Async Capable": false,"Startup Cost": 21601.33,"Total Cost": 21615.12,"Plan Rows": 50,"Plan Width": 136,"Actual Startup Time": 803.537,"Actual Total Time": 836.675,"Actual Rows": 15,"Actual Loops": 1,"Workers Planned": 2,"Workers Launched": 2,"Plans": [{"Node Type": "Aggregate","Strategy": "Sorted","Partial Mode": "Partial","Parent Relationship": "Outer","Parallel Aware": false,"Async Capable": false,"Startup Cost": 20601.30,"Total Cost": 20609.33,"Plan Rows": 25,"Plan Width": 136,"Actual Startup Time": 795.499,"Actual Total Time": 796.369,"Actual Rows": 5,"Actual Loops": 3,"Group Key": ["nation.n_name"],"Workers": [],"Plans": [{"Node Type": "Sort","Parent Relationship": "Outer","Parallel Aware": false,"Async Capable": false,"Startup Cost": 20601.30,"Total Cost": 20602.85,"Plan Rows": 617,"Plan Width": 116,"Actual Startup Time": 795.285,"Actual Total Time": 795.436,"Actual Rows": 2498,"Actual Loops": 3,"Sort Key": ["nation.n_name"],"Sort Method": "quicksort","Sort Space Used": 299,"Sort Space Type": "Memory","Workers": [{"Worker Number": 0,"Sort Method": "quicksort","Sort Space Used": 291,"Sort Space Type": "Memory"},{"Worker Number": 1,"Sort Method": "quicksort","Sort Space Used": 284,"Sort Space Type": "Memory"}],"Plans": [{"Node Type": "Hash Join","Parent Relationship": "Outer","Parallel Aware": false,"Async Capable": false,"Join Type": "Inner","Startup Cost": 475.27,"Total Cost": 20572.71,"Plan Rows": 617,"Plan Width": 116,"Actual Startup Time": 14.014,"Actual Total Time": 793.817,"Actual Rows": 2498,"Actual Loops": 3,"Inner Unique": true,"Hash Cond": "((lineitem.l_suppkey = supplier.s_suppkey) AND (customer.c_nationkey = supplier.s_nationkey))","Workers": [],"Plans": [{"Node Type": "Nested Loop","Parent Relationship": "Outer","Parallel Aware": false,"Async Capable": false,"Join Type": "Inner","Startup Cost": 3.27,"Total Cost": 20019.70,"Plan Rows": 15431,"Plan Width": 128,"Actual Startup Time": 0.837,"Actual Total Time": 749.002,"Actual Rows": 60742,"Actual Loops": 3,"Inner Unique": false,"Workers": [],"Plans": [{"Node Type": "Nested Loop","Parent Relationship": "Outer","Parallel Aware": false,"Async Capable": false,"Join Type": "Inner","Startup Cost": 2.84,"Total Cost": 8414.26,"Plan Rows": 3857,"Plan Width": 116,"Actual Startup Time": 0.706,"Actual Total Time": 447.815,"Actual Rows": 15183,"Actual Loops": 3,"Inner Unique": false,"Workers": [],"Plans": [{"Node Type": "Hash Join","Parent Relationship": "Outer","Parallel Aware": false,"Async Capable": false,"Join Type": "Inner","Startup Cost": 2.41,"Total Cost": 4471.79,"Plan Rows": 2500,"Plan Width": 116,"Actual Startup Time": 0.258,"Actual Total Time": 55.848,"Actual Rows": 9984,"Actual Loops": 3,"Inner Unique": false,"Hash Cond": "(customer.c_nationkey = nation.n_nationkey)","Workers": [],"Plans": [{"Node Type": "Seq Scan","Parent Relationship": "Outer","Parallel Aware": true,"Async Capable": false,"Relation Name": "customer","Alias": "customer","Startup Cost": 0.00,"Total Cost": 4210.00,"Plan Rows": 62500,"Plan Width": 8,"Actual Startup Time": 0.017,"Actual Total Time": 9.503,"Actual Rows": 50000,"Actual Loops": 3,"Workers": []},{"Node Type": "Hash","Parent Relationship": "Inner","Parallel Aware": false,"Async Capable": false,"Startup Cost": 2.40,"Total Cost": 2.40,"Plan Rows": 1,"Plan Width": 108,"Actual Startup Time": 0.153,"Actual Total Time": 0.178,"Actual Rows": 5,"Actual Loops": 3,"Hash Buckets": 1024,"Original Hash Buckets": 1024,"Hash Batches": 1,"Original Hash Batches": 1,"Peak Memory Usage": 9,"Workers": [],"Plans": [{"Node Type": "Hash Join","Parent Relationship": "Outer","Parallel Aware": false,"Async Capable": false,"Join Type": "Inner","Startup Cost": 1.07,"Total Cost": 2.40,"Plan Rows": 1,"Plan Width": 108,"Actual Startup Time": 0.136,"Actual Total Time": 0.167,"Actual Rows": 5,"Actual Loops": 3,"Inner Unique": true,"Hash Cond": "(nation.n_regionkey = region.r_regionkey)","Workers": [],"Plans": [{"Node Type": "Seq Scan","Parent Relationship": "Outer","Parallel Aware": false,"Async Capable": false,"Relation Name": "nation","Alias": "nation","Startup Cost": 0.00,"Total Cost": 1.25,"Plan Rows": 25,"Plan Width": 112,"Actual Startup Time": 0.055,"Actual Total Time": 0.059,"Actual Rows": 25,"Actual Loops": 3,"Workers": []},{"Node Type": "Hash","Parent Relationship": "Inner","Parallel Aware": false,"Async Capable": false,"Startup Cost": 1.06,"Total Cost": 1.06,"Plan Rows": 1,"Plan Width": 4,"Actual Startup Time": 0.050,"Actual Total Time": 0.057,"Actual Rows": 1,"Actual Loops": 3,"Hash Buckets": 1024,"Original Hash Buckets": 1024,"Hash Batches": 1,"Original Hash Batches": 1,"Peak Memory Usage": 9,"Workers": [],"Plans": [{"Node Type": "Seq Scan","Parent Relationship": "Outer","Parallel Aware": false,"Async Capable": false,"Relation Name": "region","Alias": "region","Startup Cost": 0.00,"Total Cost": 1.06,"Plan Rows": 1,"Plan Width": 4,"Actual Startup Time": 0.036,"Actual Total Time": 0.039,"Actual Rows": 1,"Actual Loops": 3,"Filter": "(r_name = 'AMERICA'::bpchar)","Rows Removed by Filter": 4,"Workers": []}]}]}]}]},{"Node Type": "Index Scan","Parent Relationship": "Inner","Parallel Aware": false,"Async Capable": false,"Scan Direction": "Forward","Index Name": "idx_orders_custkey","Relation Name": "orders","Alias": "orders","Startup Cost": 0.43,"Total Cost": 1.55,"Plan Rows": 3,"Plan Width": 8,"Actual Startup Time": 0.017,"Actual Total Time": 0.039,"Actual Rows": 2,"Actual Loops": 29952,"Index Cond": "(o_custkey = customer.c_custkey)","Rows Removed by Index Recheck": 0,"Filter": "((o_orderdate >= '1996-01-01'::date) AND (o_orderdate < '1997-01-01 00:00:00'::timestamp without time zone))","Rows Removed by Filter": 8,"Workers": []}]},{"Node Type": "Index Scan","Parent Relationship": "Inner","Parallel Aware": false,"Async Capable": false,"Scan Direction": "Forward","Index Name": "idx_lineitem_orderkey","Relation Name": "lineitem","Alias": "lineitem","Startup Cost": 0.43,"Total Cost": 2.84,"Plan Rows": 17,"Plan Width": 20,"Actual Startup Time": 0.016,"Actual Total Time": 0.019,"Actual Rows": 4,"Actual Loops": 45549,"Index Cond": "(l_orderkey = orders.o_orderkey)","Rows Removed by Index Recheck": 0,"Workers": []}]},{"Node Type": "Hash","Parent Relationship": "Inner","Parallel Aware": false,"Async Capable": false,"Startup Cost": 322.00,"Total Cost": 322.00,"Plan Rows": 10000,"Plan Width": 8,"Actual Startup Time": 12.297,"Actual Total Time": 12.301,"Actual Rows": 10000,"Actual Loops": 3,"Hash Buckets": 16384,"Original Hash Buckets": 16384,"Hash Batches": 1,"Original Hash Batches": 1,"Peak Memory Usage": 519,"Workers": [],"Plans": [{"Node Type": "Seq Scan","Parent Relationship": "Outer","Parallel Aware": false,"Async Capable": false,"Relation Name": "supplier","Alias": "supplier","Startup Cost": 0.00,"Total Cost": 322.00,"Plan Rows": 10000,"Plan Width": 8,"Actual Startup Time": 0.045,"Actual Total Time": 10.666,"Actual Rows": 10000,"Actual Loops": 3,"Workers": []}]}]}]}]}]}]}]},"Planning Time": 9.455,"Triggers": [],"Execution Time": 837.268}]
[{"Plan": {"Node Type": "Sort","Parallel Aware": false,"Async Capable": false,"Startup Cost": 21522.30,"Total Cost": 21522.36,"Plan Rows": 25,"Plan Width": 136,"Actual Startup Time": 801.786,"Actual Total Time": 833.013,"Actual Rows": 5,"Actual Loops": 1,"Sort Key": ["(sum((lineitem.l_extendedprice * ('1'::numeric - lineitem.l_discount)))) DESC"],"Sort Method": "quicksort","Sort Space Used": 25,"Sort Space Type": "Memory","Plans": [{"Node Type": "Aggregate","Strategy": "Sorted","Partial Mode": "Finalize","Parent Relationship": "Outer","Parallel Aware": false,"Async Capable": false,"Startup Cost": 21507.43,"Total Cost": 21521.72,"Plan Rows": 25,"Plan Width": 136,"Actual Startup Time": 801.172,"Actual Total Time": 832.958,"Actual Rows": 5,"Actual Loops": 1,"Group Key": ["nation.n_name"],"Plans": [{"Node Type": "Gather Merge","Parent Relationship": "Outer","Parallel Aware": false,"Async Capable": false,"Startup Cost": 21507.43,"Total Cost": 21521.03,"Plan Rows": 50,"Plan Width": 136,"Actual Startup Time": 800.500,"Actual Total Time": 832.892,"Actual Rows": 15,"Actual Loops": 1,"Workers Planned": 2,"Workers Launched": 2,"Plans": [{"Node Type": "Aggregate","Strategy": "Sorted","Partial Mode": "Partial","Parent Relationship": "Outer","Parallel Aware": false,"Async Capable": false,"Startup Cost": 20507.41,"Total Cost": 20515.23,"Plan Rows": 25,"Plan Width": 136,"Actual Startup Time": 792.564,"Actual Total Time": 793.457,"Actual Rows": 5,"Actual Loops": 3,"Group Key": ["nation.n_name"],"Workers": [],"Plans": [{"Node Type": "Sort","Parent Relationship": "Outer","Parallel Aware": false,"Async Capable": false,"Startup Cost": 20507.41,"Total Cost": 20508.91,"Plan Rows": 601,"Plan Width": 116,"Actual Startup Time": 792.353,"Actual Total Time": 792.502,"Actual Rows": 2513,"Actual Loops": 3,"Sort Key": ["nation.n_name"],"Sort Method": "quicksort","Sort Space Used": 296,"Sort Space Type": "Memory","Workers": [{"Worker Number": 0,"Sort Method": "quicksort","Sort Space Used": 291,"Sort Space Type": "Memory"},{"Worker Number": 1,"Sort Method": "quicksort","Sort Space Used": 292,"Sort Space Type": "Memory"}],"Plans": [{"Node Type": "Hash Join","Parent Relationship": "Outer","Parallel Aware": false,"Async Capable": false,"Join Type": "Inner","Startup Cost": 475.27,"Total Cost": 20479.67,"Plan Rows": 601,"Plan Width": 116,"Actual Startup Time": 14.275,"Actual Total Time": 790.899,"Actual Rows": 2513,"Actual Loops": 3,"Inner Unique": true,"Hash Cond": "((lineitem.l_suppkey = supplier.s_suppkey) AND (customer.c_nationkey = supplier.s_nationkey))","Workers": [],"Plans": [{"Node Type": "Nested Loop","Parent Relationship": "Outer","Parallel Aware": false,"Async Capable": false,"Join Type": "Inner","Startup Cost": 3.27,"Total Cost": 19928.78,"Plan Rows": 15027,"Plan Width": 128,"Actual Startup Time": 0.573,"Actual Total Time": 745.935,"Actual Rows": 60812,"Actual Loops": 3,"Inner Unique": false,"Workers": [],"Plans": [{"Node Type": "Nested Loop","Parent Relationship": "Outer","Parallel Aware": false,"Async Capable": false,"Join Type": "Inner","Startup Cost": 2.84,"Total Cost": 8414.26,"Plan Rows": 3756,"Plan Width": 116,"Actual Startup Time": 0.447,"Actual Total Time": 445.574,"Actual Rows": 15099,"Actual Loops": 3,"Inner Unique": false,"Workers": [],"Plans": [{"Node Type": "Hash Join","Parent Relationship": "Outer","Parallel Aware": false,"Async Capable": false,"Join Type": "Inner","Startup Cost": 2.41,"Total Cost": 4471.79,"Plan Rows": 2500,"Plan Width": 116,"Actual Startup Time": 0.261,"Actual Total Time": 54.435,"Actual Rows": 9984,"Actual Loops": 3,"Inner Unique": false,"Hash Cond": "(customer.c_nationkey = nation.n_nationkey)","Workers": [],"Plans": [{"Node Type": "Seq Scan","Parent Relationship": "Outer","Parallel Aware": true,"Async Capable": false,"Relation Name": "customer","Alias": "customer","Startup Cost": 0.00,"Total Cost": 4210.00,"Plan Rows": 62500,"Plan Width": 8,"Actual Startup Time": 0.020,"Actual Total Time": 9.427,"Actual Rows": 50000,"Actual Loops": 3,"Workers": []},{"Node Type": "Hash","Parent Relationship": "Inner","Parallel Aware": false,"Async Capable": false,"Startup Cost": 2.40,"Total Cost": 2.40,"Plan Rows": 1,"Plan Width": 108,"Actual Startup Time": 0.147,"Actual Total Time": 0.168,"Actual Rows": 5,"Actual Loops": 3,"Hash Buckets": 1024,"Original Hash Buckets": 1024,"Hash Batches": 1,"Original Hash Batches": 1,"Peak Memory Usage": 9,"Workers": [],"Plans": [{"Node Type": "Hash Join","Parent Relationship": "Outer","Parallel Aware": false,"Async Capable": false,"Join Type": "Inner","Startup Cost": 1.07,"Total Cost": 2.40,"Plan Rows": 1,"Plan Width": 108,"Actual Startup Time": 0.132,"Actual Total Time": 0.158,"Actual Rows": 5,"Actual Loops": 3,"Inner Unique": true,"Hash Cond": "(nation.n_regionkey = region.r_regionkey)","Workers": [],"Plans": [{"Node Type": "Seq Scan","Parent Relationship": "Outer","Parallel Aware": false,"Async Capable": false,"Relation Name": "nation","Alias": "nation","Startup Cost": 0.00,"Total Cost": 1.25,"Plan Rows": 25,"Plan Width": 112,"Actual Startup Time": 0.053,"Actual Total Time": 0.057,"Actual Rows": 25,"Actual Loops": 3,"Workers": []},{"Node Type": "Hash","Parent Relationship": "Inner","Parallel Aware": false,"Async Capable": false,"Startup Cost": 1.06,"Total Cost": 1.06,"Plan Rows": 1,"Plan Width": 4,"Actual Startup Time": 0.054,"Actual Total Time": 0.061,"Actual Rows": 1,"Actual Loops": 3,"Hash Buckets": 1024,"Original Hash Buckets": 1024,"Hash Batches": 1,"Original Hash Batches": 1,"Peak Memory Usage": 9,"Workers": [],"Plans": [{"Node Type": "Seq Scan","Parent Relationship": "Outer","Parallel Aware": false,"Async Capable": false,"Relation Name": "region","Alias": "region","Startup Cost": 0.00,"Total Cost": 1.06,"Plan Rows": 1,"Plan Width": 4,"Actual Startup Time": 0.037,"Actual Total Time": 0.039,"Actual Rows": 1,"Actual Loops": 3,"Filter": "(r_name = 'AMERICA'::bpchar)","Rows Removed by Filter": 4,"Workers": []}]}]}]}]},{"Node Type": "Index Scan","Parent Relationship": "Inner","Parallel Aware": false,"Async Capable": false,"Scan Direction": "Forward","Index Name": "idx_orders_custkey","Relation Name": "orders","Alias": "orders","Startup Cost": 0.43,"Total Cost": 1.55,"Plan Rows": 3,"Plan Width": 8,"Actual Startup Time": 0.016,"Actual Total Time": 0.039,"Actual Rows": 2,"Actual Loops": 29952,"Index Cond": "(o_custkey = customer.c_custkey)","Rows Removed by Index Recheck": 0,"Filter": "((o_orderdate >= '1993-01-01'::date) AND (o_orderdate < '1994-01-01 00:00:00'::timestamp without time zone))","Rows Removed by Filter": 8,"Workers": []}]},{"Node Type": "Index Scan","Parent Relationship": "Inner","Parallel Aware": false,"Async Capable": false,"Scan Direction": "Forward","Index Name": "idx_lineitem_orderkey","Relation Name": "lineitem","Alias": "lineitem","Startup Cost": 0.43,"Total Cost": 2.90,"Plan Rows": 17,"Plan Width": 20,"Actual Startup Time": 0.017,"Actual Total Time": 0.019,"Actual Rows": 4,"Actual Loops": 45297,"Index Cond": "(l_orderkey = orders.o_orderkey)","Rows Removed by Index Recheck": 0,"Workers": []}]},{"Node Type": "Hash","Parent Relationship": "Inner","Parallel Aware": false,"Async Capable": false,"Startup Cost": 322.00,"Total Cost": 322.00,"Plan Rows": 10000,"Plan Width": 8,"Actual Startup Time": 12.653,"Actual Total Time": 12.656,"Actual Rows": 10000,"Actual Loops": 3,"Hash Buckets": 16384,"Original Hash Buckets": 16384,"Hash Batches": 1,"Original Hash Batches": 1,"Peak Memory Usage": 519,"Workers": [],"Plans": [{"Node Type": "Seq Scan","Parent Relationship": "Outer","Parallel Aware": false,"Async Capable": false,"Relation Name": "supplier","Alias": "supplier","Startup Cost": 0.00,"Total Cost": 322.00,"Plan Rows": 10000,"Plan Width": 8,"Actual Startup Time": 0.038,"Actual Total Time": 10.961,"Actual Rows": 10000,"Actual Loops": 3,"Workers": []}]}]}]}]}]}]}]},"Planning Time": 9.512,"Triggers": [],"Execution Time": 833.531}]
[{"Plan": {"Node Type": "Sort","Parallel Aware": false,"Async Capable": false,"Startup Cost": 21565.24,"Total Cost": 21565.30,"Plan Rows": 25,"Plan Width": 136,"Actual Startup Time": 812.920,"Actual Total Time": 845.337,"Actual Rows": 5,"Actual Loops": 1,"Sort Key": ["(sum((lineitem.l_extendedprice * ('1'::numeric - lineitem.l_discount)))) DESC"],"Sort Method": "quicksort","Sort Space Used": 25,"Sort Space Type": "Memory","Plans": [{"Node Type": "Aggregate","Strategy": "Sorted","Partial Mode": "Finalize","Parent Relationship": "Outer","Parallel Aware": false,"Async Capable": false,"Startup Cost": 21550.29,"Total Cost": 21564.66,"Plan Rows": 25,"Plan Width": 136,"Actual Startup Time": 812.284,"Actual Total Time": 845.271,"Actual Rows": 5,"Actual Loops": 1,"Group Key": ["nation.n_name"],"Plans": [{"Node Type": "Gather Merge","Parent Relationship": "Outer","Parallel Aware": false,"Async Capable": false,"Startup Cost": 21550.29,"Total Cost": 21563.97,"Plan Rows": 50,"Plan Width": 136,"Actual Startup Time": 812.043,"Actual Total Time": 845.216,"Actual Rows": 15,"Actual Loops": 1,"Workers Planned": 2,"Workers Launched": 2,"Plans": [{"Node Type": "Aggregate","Strategy": "Sorted","Partial Mode": "Partial","Parent Relationship": "Outer","Parallel Aware": false,"Async Capable": false,"Startup Cost": 20550.26,"Total Cost": 20558.18,"Plan Rows": 25,"Plan Width": 136,"Actual Startup Time": 804.529,"Actual Total Time": 805.274,"Actual Rows": 5,"Actual Loops": 3,"Group Key": ["nation.n_name"],"Workers": [],"Plans": [{"Node Type": "Sort","Parent Relationship": "Outer","Parallel Aware": false,"Async Capable": false,"Startup Cost": 20550.26,"Total Cost": 20551.78,"Plan Rows": 608,"Plan Width": 116,"Actual Startup Time": 804.312,"Actual Total Time": 804.451,"Actual Rows": 2459,"Actual Loops": 3,"Sort Key": ["nation.n_name"],"Sort Method": "quicksort","Sort Space Used": 291,"Sort Space Type": "Memory","Workers": [{"Worker Number": 0,"Sort Method": "quicksort","Sort Space Used": 281,"Sort Space Type": "Memory"},{"Worker Number": 1,"Sort Method": "quicksort","Sort Space Used": 294,"Sort Space Type": "Memory"}],"Plans": [{"Node Type": "Hash Join","Parent Relationship": "Outer","Parallel Aware": false,"Async Capable": false,"Join Type": "Inner","Startup Cost": 475.27,"Total Cost": 20522.15,"Plan Rows": 608,"Plan Width": 116,"Actual Startup Time": 9.963,"Actual Total Time": 802.770,"Actual Rows": 2459,"Actual Loops": 3,"Inner Unique": true,"Hash Cond": "((lineitem.l_suppkey = supplier.s_suppkey) AND (customer.c_nationkey = supplier.s_nationkey))","Workers": [],"Plans": [{"Node Type": "Nested Loop","Parent Relationship": "Outer","Parallel Aware": false,"Async Capable": false,"Join Type": "Inner","Startup Cost": 3.27,"Total Cost": 19970.29,"Plan Rows": 15211,"Plan Width": 128,"Actual Startup Time": 0.726,"Actual Total Time": 761.226,"Actual Rows": 61195,"Actual Loops": 3,"Inner Unique": false,"Workers": [],"Plans": [{"Node Type": "Nested Loop","Parent Relationship": "Outer","Parallel Aware": false,"Async Capable": false,"Join Type": "Inner","Startup Cost": 2.84,"Total Cost": 8414.26,"Plan Rows": 3802,"Plan Width": 116,"Actual Startup Time": 0.590,"Actual Total Time": 455.580,"Actual Rows": 15244,"Actual Loops": 3,"Inner Unique": false,"Workers": [],"Plans": [{"Node Type": "Hash Join","Parent Relationship": "Outer","Parallel Aware": false,"Async Capable": false,"Join Type": "Inner","Startup Cost": 2.41,"Total Cost": 4471.79,"Plan Rows": 2500,"Plan Width": 116,"Actual Startup Time": 0.294,"Actual Total Time": 55.676,"Actual Rows": 10061,"Actual Loops": 3,"Inner Unique": false,"Hash Cond": "(customer.c_nationkey = nation.n_nationkey)","Workers": [],"Plans": [{"Node Type": "Seq Scan","Parent Relationship": "Outer","Parallel Aware": true,"Async Capable": false,"Relation Name": "customer","Alias": "customer","Startup Cost": 0.00,"Total Cost": 4210.00,"Plan Rows": 62500,"Plan Width": 8,"Actual Startup Time": 0.018,"Actual Total Time": 9.635,"Actual Rows": 50000,"Actual Loops": 3,"Workers": []},{"Node Type": "Hash","Parent Relationship": "Inner","Parallel Aware": false,"Async Capable": false,"Startup Cost": 2.40,"Total Cost": 2.40,"Plan Rows": 1,"Plan Width": 108,"Actual Startup Time": 0.169,"Actual Total Time": 0.188,"Actual Rows": 5,"Actual Loops": 3,"Hash Buckets": 1024,"Original Hash Buckets": 1024,"Hash Batches": 1,"Original Hash Batches": 1,"Peak Memory Usage": 9,"Workers": [],"Plans": [{"Node Type": "Hash Join","Parent Relationship": "Outer","Parallel Aware": false,"Async Capable": false,"Join Type": "Inner","Startup Cost": 1.07,"Total Cost": 2.40,"Plan Rows": 1,"Plan Width": 108,"Actual Startup Time": 0.153,"Actual Total Time": 0.175,"Actual Rows": 5,"Actual Loops": 3,"Inner Unique": true,"Hash Cond": "(nation.n_regionkey = region.r_regionkey)","Workers": [],"Plans": [{"Node Type": "Seq Scan","Parent Relationship": "Outer","Parallel Aware": false,"Async Capable": false,"Relation Name": "nation","Alias": "nation","Startup Cost": 0.00,"Total Cost": 1.25,"Plan Rows": 25,"Plan Width": 112,"Actual Startup Time": 0.049,"Actual Total Time": 0.052,"Actual Rows": 25,"Actual Loops": 3,"Workers": []},{"Node Type": "Hash","Parent Relationship": "Inner","Parallel Aware": false,"Async Capable": false,"Startup Cost": 1.06,"Total Cost": 1.06,"Plan Rows": 1,"Plan Width": 4,"Actual Startup Time": 0.069,"Actual Total Time": 0.076,"Actual Rows": 1,"Actual Loops": 3,"Hash Buckets": 1024,"Original Hash Buckets": 1024,"Hash Batches": 1,"Original Hash Batches": 1,"Peak Memory Usage": 9,"Workers": [],"Plans": [{"Node Type": "Seq Scan","Parent Relationship": "Outer","Parallel Aware": false,"Async Capable": false,"Relation Name": "region","Alias": "region","Startup Cost": 0.00,"Total Cost": 1.06,"Plan Rows": 1,"Plan Width": 4,"Actual Startup Time": 0.054,"Actual Total Time": 0.057,"Actual Rows": 1,"Actual Loops": 3,"Filter": "(r_name = 'ASIA'::bpchar)","Rows Removed by Filter": 4,"Workers": []}]}]}]}]},{"Node Type": "Index Scan","Parent Relationship": "Inner","Parallel Aware": false,"Async Capable": false,"Scan Direction": "Forward","Index Name": "idx_orders_custkey","Relation Name": "orders","Alias": "orders","Startup Cost": 0.43,"Total Cost": 1.55,"Plan Rows": 3,"Plan Width": 8,"Actual Startup Time": 0.017,"Actual Total Time": 0.039,"Actual Rows": 2,"Actual Loops": 30183,"Index Cond": "(o_custkey = customer.c_custkey)","Rows Removed by Index Recheck": 0,"Filter": "((o_orderdate >= '1995-01-01'::date) AND (o_orderdate < '1996-01-01 00:00:00'::timestamp without time zone))","Rows Removed by Filter": 8,"Workers": []}]},{"Node Type": "Index Scan","Parent Relationship": "Inner","Parallel Aware": false,"Async Capable": false,"Scan Direction": "Forward","Index Name": "idx_lineitem_orderkey","Relation Name": "lineitem","Alias": "lineitem","Startup Cost": 0.43,"Total Cost": 2.87,"Plan Rows": 17,"Plan Width": 20,"Actual Startup Time": 0.017,"Actual Total Time": 0.019,"Actual Rows": 4,"Actual Loops": 45731,"Index Cond": "(l_orderkey = orders.o_orderkey)","Rows Removed by Index Recheck": 0,"Workers": []}]},{"Node Type": "Hash","Parent Relationship": "Inner","Parallel Aware": false,"Async Capable": false,"Startup Cost": 322.00,"Total Cost": 322.00,"Plan Rows": 10000,"Plan Width": 8,"Actual Startup Time": 8.662,"Actual Total Time": 8.670,"Actual Rows": 10000,"Actual Loops": 3,"Hash Buckets": 16384,"Original Hash Buckets": 16384,"Hash Batches": 1,"Original Hash Batches": 1,"Peak Memory Usage": 519,"Workers": [],"Plans": [{"Node Type": "Seq Scan","Parent Relationship": "Outer","Parallel Aware": false,"Async Capable": false,"Relation Name": "supplier","Alias": "supplier","Startup Cost": 0.00,"Total Cost": 322.00,"Plan Rows": 10000,"Plan Width": 8,"Actual Startup Time": 0.038,"Actual Total Time": 6.811,"Actual Rows": 10000,"Actual Loops": 3,"Workers": []}]}]}]}]}]}]}]},"Planning Time": 10.579,"Triggers": [],"Execution Time": 845.911}]
[{"Plan": {"Node Type": "Sort","Parallel Aware": false,"Async Capable": false,"Startup Cost": 21616.39,"Total Cost": 21616.45,"Plan Rows": 25,"Plan Width": 136,"Actual Startup Time": 817.171,"Actual Total Time": 848.557,"Actual Rows": 5,"Actual Loops": 1,"Sort Key": ["(sum((lineitem.l_extendedprice * ('1'::numeric - lineitem.l_discount)))) DESC"],"Sort Method": "quicksort","Sort Space Used": 25,"Sort Space Type": "Memory","Plans": [{"Node Type": "Aggregate","Strategy": "Sorted","Partial Mode": "Finalize","Parent Relationship": "Outer","Parallel Aware": false,"Async Capable": false,"Startup Cost": 21601.33,"Total Cost": 21615.81,"Plan Rows": 25,"Plan Width": 136,"Actual Startup Time": 816.250,"Actual Total Time": 848.503,"Actual Rows": 5,"Actual Loops": 1,"Group Key": ["nation.n_name"],"Plans": [{"Node Type": "Gather Merge","Parent Relationship": "Outer","Parallel Aware": false,"Async Capable": false,"Startup Cost": 21601.33,"Total Cost": 21615.12,"Plan Rows": 50,"Plan Width": 136,"Actual Startup Time": 815.620,"Actual Total Time": 848.441,"Actual Rows": 15,"Actual Loops": 1,"Workers Planned": 2,"Workers Launched": 2,"Plans": [{"Node Type": "Aggregate","Strategy": "Sorted","Partial Mode": "Partial","Parent Relationship": "Outer","Parallel Aware": false,"Async Capable": false,"Startup Cost": 20601.30,"Total Cost": 20609.33,"Plan Rows": 25,"Plan Width": 136,"Actual Startup Time": 807.499,"Actual Total Time": 808.444,"Actual Rows": 5,"Actual Loops": 3,"Group Key": ["nation.n_name"],"Workers": [],"Plans": [{"Node Type": "Sort","Parent Relationship": "Outer","Parallel Aware": false,"Async Capable": false,"Startup Cost": 20601.30,"Total Cost": 20602.85,"Plan Rows": 617,"Plan Width": 116,"Actual Startup Time": 807.276,"Actual Total Time": 807.432,"Actual Rows": 2427,"Actual Loops": 3,"Sort Key": ["nation.n_name"],"Sort Method": "quicksort","Sort Space Used": 295,"Sort Space Type": "Memory","Workers": [{"Worker Number": 0,"Sort Method": "quicksort","Sort Space Used": 285,"Sort Space Type": "Memory"},{"Worker Number": 1,"Sort Method": "quicksort","Sort Space Used": 279,"Sort Space Type": "Memory"}],"Plans": [{"Node Type": "Hash Join","Parent Relationship": "Outer","Parallel Aware": false,"Async Capable": false,"Join Type": "Inner","Startup Cost": 475.27,"Total Cost": 20572.71,"Plan Rows": 617,"Plan Width": 116,"Actual Startup Time": 13.659,"Actual Total Time": 805.763,"Actual Rows": 2427,"Actual Loops": 3,"Inner Unique": true,"Hash Cond": "((lineitem.l_suppkey = supplier.s_suppkey) AND (customer.c_nationkey = supplier.s_nationkey))","Workers": [],"Plans": [{"Node Type": "Nested Loop","Parent Relationship": "Outer","Parallel Aware": false,"Async Capable": false,"Join Type": "Inner","Startup Cost": 3.27,"Total Cost": 20019.70,"Plan Rows": 15431,"Plan Width": 128,"Actual Startup Time": 0.940,"Actual Total Time": 760.394,"Actual Rows": 61187,"Actual Loops": 3,"Inner Unique": false,"Workers": [],"Plans": [{"Node Type": "Nested Loop","Parent Relationship": "Outer","Parallel Aware": false,"Async Capable": false,"Join Type": "Inner","Startup Cost": 2.84,"Total Cost": 8414.26,"Plan Rows": 3857,"Plan Width": 116,"Actual Startup Time": 0.804,"Actual Total Time": 453.891,"Actual Rows": 15325,"Actual Loops": 3,"Inner Unique": false,"Workers": [],"Plans": [{"Node Type": "Hash Join","Parent Relationship": "Outer","Parallel Aware": false,"Async Capable": false,"Join Type": "Inner","Startup Cost": 2.41,"Total Cost": 4471.79,"Plan Rows": 2500,"Plan Width": 116,"Actual Startup Time": 0.319,"Actual Total Time": 55.842,"Actual Rows": 10061,"Actual Loops": 3,"Inner Unique": false,"Hash Cond": "(customer.c_nationkey = nation.n_nationkey)","Workers": [],"Plans": [{"Node Type": "Seq Scan","Parent Relationship": "Outer","Parallel Aware": true,"Async Capable": false,"Relation Name": "customer","Alias": "customer","Startup Cost": 0.00,"Total Cost": 4210.00,"Plan Rows": 62500,"Plan Width": 8,"Actual Startup Time": 0.026,"Actual Total Time": 9.689,"Actual Rows": 50000,"Actual Loops": 3,"Workers": []},{"Node Type": "Hash","Parent Relationship": "Inner","Parallel Aware": false,"Async Capable": false,"Startup Cost": 2.40,"Total Cost": 2.40,"Plan Rows": 1,"Plan Width": 108,"Actual Startup Time": 0.180,"Actual Total Time": 0.198,"Actual Rows": 5,"Actual Loops": 3,"Hash Buckets": 1024,"Original Hash Buckets": 1024,"Hash Batches": 1,"Original Hash Batches": 1,"Peak Memory Usage": 9,"Workers": [],"Plans": [{"Node Type": "Hash Join","Parent Relationship": "Outer","Parallel Aware": false,"Async Capable": false,"Join Type": "Inner","Startup Cost": 1.07,"Total Cost": 2.40,"Plan Rows": 1,"Plan Width": 108,"Actual Startup Time": 0.166,"Actual Total Time": 0.188,"Actual Rows": 5,"Actual Loops": 3,"Inner Unique": true,"Hash Cond": "(nation.n_regionkey = region.r_regionkey)","Workers": [],"Plans": [{"Node Type": "Seq Scan","Parent Relationship": "Outer","Parallel Aware": false,"Async Capable": false,"Relation Name": "nation","Alias": "nation","Startup Cost": 0.00,"Total Cost": 1.25,"Plan Rows": 25,"Plan Width": 112,"Actual Startup Time": 0.055,"Actual Total Time": 0.060,"Actual Rows": 25,"Actual Loops": 3,"Workers": []},{"Node Type": "Hash","Parent Relationship": "Inner","Parallel Aware": false,"Async Capable": false,"Startup Cost": 1.06,"Total Cost": 1.06,"Plan Rows": 1,"Plan Width": 4,"Actual Startup Time": 0.079,"Actual Total Time": 0.084,"Actual Rows": 1,"Actual Loops": 3,"Hash Buckets": 1024,"Original Hash Buckets": 1024,"Hash Batches": 1,"Original Hash Batches": 1,"Peak Memory Usage": 9,"Workers": [],"Plans": [{"Node Type": "Seq Scan","Parent Relationship": "Outer","Parallel Aware": false,"Async Capable": false,"Relation Name": "region","Alias": "region","Startup Cost": 0.00,"Total Cost": 1.06,"Plan Rows": 1,"Plan Width": 4,"Actual Startup Time": 0.058,"Actual Total Time": 0.061,"Actual Rows": 1,"Actual Loops": 3,"Filter": "(r_name = 'ASIA'::bpchar)","Rows Removed by Filter": 4,"Workers": []}]}]}]}]},{"Node Type": "Index Scan","Parent Relationship": "Inner","Parallel Aware": false,"Async Capable": false,"Scan Direction": "Forward","Index Name": "idx_orders_custkey","Relation Name": "orders","Alias": "orders","Startup Cost": 0.43,"Total Cost": 1.55,"Plan Rows": 3,"Plan Width": 8,"Actual Startup Time": 0.017,"Actual Total Time": 0.039,"Actual Rows": 2,"Actual Loops": 30183,"Index Cond": "(o_custkey = customer.c_custkey)","Rows Removed by Index Recheck": 0,"Filter": "((o_orderdate >= '1996-01-01'::date) AND (o_orderdate < '1997-01-01 00:00:00'::timestamp without time zone))","Rows Removed by Filter": 8,"Workers": []}]},{"Node Type": "Index Scan","Parent Relationship": "Inner","Parallel Aware": false,"Async Capable": false,"Scan Direction": "Forward","Index Name": "idx_lineitem_orderkey","Relation Name": "lineitem","Alias": "lineitem","Startup Cost": 0.43,"Total Cost": 2.84,"Plan Rows": 17,"Plan Width": 20,"Actual Startup Time": 0.017,"Actual Total Time": 0.019,"Actual Rows": 4,"Actual Loops": 45976,"Index Cond": "(l_orderkey = orders.o_orderkey)","Rows Removed by Index Recheck": 0,"Workers": []}]},{"Node Type": "Hash","Parent Relationship": "Inner","Parallel Aware": false,"Async Capable": false,"Startup Cost": 322.00,"Total Cost": 322.00,"Plan Rows": 10000,"Plan Width": 8,"Actual Startup Time": 12.172,"Actual Total Time": 12.179,"Actual Rows": 10000,"Actual Loops": 3,"Hash Buckets": 16384,"Original Hash Buckets": 16384,"Hash Batches": 1,"Original Hash Batches": 1,"Peak Memory Usage": 519,"Workers": [],"Plans": [{"Node Type": "Seq Scan","Parent Relationship": "Outer","Parallel Aware": false,"Async Capable": false,"Relation Name": "supplier","Alias": "supplier","Startup Cost": 0.00,"Total Cost": 322.00,"Plan Rows": 10000,"Plan Width": 8,"Actual Startup Time": 0.048,"Actual Total Time": 10.623,"Actual Rows": 10000,"Actual Loops": 3,"Workers": []}]}]}]}]}]}]}]},"Planning Time": 10.688,"Triggers": [],"Execution Time": 848.991}]
[{"Plan": {"Node Type": "Sort","Parallel Aware": false,"Async Capable": false,"Startup Cost": 21612.43,"Total Cost": 21612.50,"Plan Rows": 25,"Plan Width": 136,"Actual Startup Time": 827.834,"Actual Total Time": 858.973,"Actual Rows": 5,"Actual Loops": 1,"Sort Key": ["(sum((lineitem.l_extendedprice * ('1'::numeric - lineitem.l_discount)))) DESC"],"Sort Method": "quicksort","Sort Space Used": 25,"Sort Space Type": "Memory","Plans": [{"Node Type": "Aggregate","Strategy": "Sorted","Partial Mode": "Finalize","Parent Relationship": "Outer","Parallel Aware": false,"Async Capable": false,"Startup Cost": 21597.38,"Total Cost": 21611.85,"Plan Rows": 25,"Plan Width": 136,"Actual Startup Time": 827.274,"Actual Total Time": 858.918,"Actual Rows": 5,"Actual Loops": 1,"Group Key": ["nation.n_name"],"Plans": [{"Node Type": "Gather Merge","Parent Relationship": "Outer","Parallel Aware": false,"Async Capable": false,"Startup Cost": 21597.38,"Total Cost": 21611.17,"Plan Rows": 50,"Plan Width": 136,"Actual Startup Time": 827.088,"Actual Total Time": 858.883,"Actual Rows": 15,"Actual Loops": 1,"Workers Planned": 2,"Workers Launched": 2,"Plans": [{"Node Type": "Aggregate","Strategy": "Sorted","Partial Mode": "Partial","Parent Relationship": "Outer","Parallel Aware": false,"Async Capable": false,"Startup Cost": 20597.36,"Total Cost": 20605.37,"Plan Rows": 25,"Plan Width": 136,"Actual Startup Time": 818.981,"Actual Total Time": 819.657,"Actual Rows": 5,"Actual Loops": 3,"Group Key": ["nation.n_name"],"Workers": [],"Plans": [{"Node Type": "Sort","Parent Relationship": "Outer","Parallel Aware": false,"Async Capable": false,"Startup Cost": 20597.36,"Total Cost": 20598.90,"Plan Rows": 616,"Plan Width": 116,"Actual Startup Time": 818.754,"Actual Total Time": 818.877,"Actual Rows": 2367,"Actual Loops": 3,"Sort Key": ["nation.n_name"],"Sort Method": "quicksort","Sort Space Used": 283,"Sort Space Type": "Memory","Workers": [{"Worker Number": 0,"Sort Method": "quicksort","Sort Space Used": 277,"Sort Space Type": "Memory"},{"Worker Number": 1,"Sort Method": "quicksort","Sort Space Used": 284,"Sort Space Type": "Memory"}],"Plans": [{"Node Type": "Hash Join","Parent Relationship": "Outer","Parallel Aware": false,"Async Capable": false,"Join Type": "Inner","Startup Cost": 475.27,"Total Cost": 20568.82,"Plan Rows": 616,"Plan Width": 116,"Actual Startup Time": 13.272,"Actual Total Time": 817.265,"Actual Rows": 2367,"Actual Loops": 3,"Inner Unique": true,"Hash Cond": "((lineitem.l_suppkey = supplier.s_suppkey) AND (customer.c_nationkey = supplier.s_nationkey))","Workers": [],"Plans": [{"Node Type": "Nested Loop","Parent Relationship": "Outer","Parallel Aware": false,"Async Capable": false,"Join Type": "Inner","Startup Cost": 3.27,"Total Cost": 20015.89,"Plan Rows": 15415,"Plan Width": 128,"Actual Startup Time": 0.973,"Actual Total Time": 770.169,"Actual Rows": 60208,"Actual Loops": 3,"Inner Unique": false,"Workers": [],"Plans": [{"Node Type": "Nested Loop","Parent Relationship": "Outer","Parallel Aware": false,"Async Capable": false,"Join Type": "Inner","Startup Cost": 2.84,"Total Cost": 8414.26,"Plan Rows": 3853,"Plan Width": 116,"Actual Startup Time": 0.870,"Actual Total Time": 466.623,"Actual Rows": 15051,"Actual Loops": 3,"Inner Unique": false,"Workers": [],"Plans": [{"Node Type": "Hash Join","Parent Relationship": "Outer","Parallel Aware": false,"Async Capable": false,"Join Type": "Inner","Startup Cost": 2.41,"Total Cost": 4471.79,"Plan Rows": 2500,"Plan Width": 116,"Actual Startup Time": 0.250,"Actual Total Time": 58.358,"Actual Rows": 9921,"Actual Loops": 3,"Inner Unique": false,"Hash Cond": "(customer.c_nationkey = nation.n_nationkey)","Workers": [],"Plans": [{"Node Type": "Seq Scan","Parent Relationship": "Outer","Parallel Aware": true,"Async Capable": false,"Relation Name": "customer","Alias": "customer","Startup Cost": 0.00,"Total Cost": 4210.00,"Plan Rows": 62500,"Plan Width": 8,"Actual Startup Time": 0.013,"Actual Total Time": 10.073,"Actual Rows": 50000,"Actual Loops": 3,"Workers": []},{"Node Type": "Hash","Parent Relationship": "Inner","Parallel Aware": false,"Async Capable": false,"Startup Cost": 2.40,"Total Cost": 2.40,"Plan Rows": 1,"Plan Width": 108,"Actual Startup Time": 0.153,"Actual Total Time": 0.173,"Actual Rows": 5,"Actual Loops": 3,"Hash Buckets": 1024,"Original Hash Buckets": 1024,"Hash Batches": 1,"Original Hash Batches": 1,"Peak Memory Usage": 9,"Workers": [],"Plans": [{"Node Type": "Hash Join","Parent Relationship": "Outer","Parallel Aware": false,"Async Capable": false,"Join Type": "Inner","Startup Cost": 1.07,"Total Cost": 2.40,"Plan Rows": 1,"Plan Width": 108,"Actual Startup Time": 0.137,"Actual Total Time": 0.162,"Actual Rows": 5,"Actual Loops": 3,"Inner Unique": true,"Hash Cond": "(nation.n_regionkey = region.r_regionkey)","Workers": [],"Plans": [{"Node Type": "Seq Scan","Parent Relationship": "Outer","Parallel Aware": false,"Async Capable": false,"Relation Name": "nation","Alias": "nation","Startup Cost": 0.00,"Total Cost": 1.25,"Plan Rows": 25,"Plan Width": 112,"Actual Startup Time": 0.055,"Actual Total Time": 0.059,"Actual Rows": 25,"Actual Loops": 3,"Workers": []},{"Node Type": "Hash","Parent Relationship": "Inner","Parallel Aware": false,"Async Capable": false,"Startup Cost": 1.06,"Total Cost": 1.06,"Plan Rows": 1,"Plan Width": 4,"Actual Startup Time": 0.058,"Actual Total Time": 0.065,"Actual Rows": 1,"Actual Loops": 3,"Hash Buckets": 1024,"Original Hash Buckets": 1024,"Hash Batches": 1,"Original Hash Batches": 1,"Peak Memory Usage": 9,"Workers": [],"Plans": [{"Node Type": "Seq Scan","Parent Relationship": "Outer","Parallel Aware": false,"Async Capable": false,"Relation Name": "region","Alias": "region","Startup Cost": 0.00,"Total Cost": 1.06,"Plan Rows": 1,"Plan Width": 4,"Actual Startup Time": 0.044,"Actual Total Time": 0.048,"Actual Rows": 1,"Actual Loops": 3,"Filter": "(r_name = 'AFRICA'::bpchar)","Rows Removed by Filter": 4,"Workers": []}]}]}]}]},{"Node Type": "Index Scan","Parent Relationship": "Inner","Parallel Aware": false,"Async Capable": false,"Scan Direction": "Forward","Index Name": "idx_orders_custkey","Relation Name": "orders","Alias": "orders","Startup Cost": 0.43,"Total Cost": 1.55,"Plan Rows": 3,"Plan Width": 8,"Actual Startup Time": 0.018,"Actual Total Time": 0.041,"Actual Rows": 2,"Actual Loops": 29764,"Index Cond": "(o_custkey = customer.c_custkey)","Rows Removed by Index Recheck": 0,"Filter": "((o_orderdate >= '1994-01-01'::date) AND (o_orderdate < '1995-01-01 00:00:00'::timestamp without time zone))","Rows Removed by Filter": 9,"Workers": []}]},{"Node Type": "Index Scan","Parent Relationship": "Inner","Parallel Aware": false,"Async Capable": false,"Scan Direction": "Forward","Index Name": "idx_lineitem_orderkey","Relation Name": "lineitem","Alias": "lineitem","Startup Cost": 0.43,"Total Cost": 2.84,"Plan Rows": 17,"Plan Width": 20,"Actual Startup Time": 0.017,"Actual Total Time": 0.019,"Actual Rows": 4,"Actual Loops": 45152,"Index Cond": "(l_orderkey = orders.o_orderkey)","Rows Removed by Index Recheck": 0,"Workers": []}]},{"Node Type": "Hash","Parent Relationship": "Inner","Parallel Aware": false,"Async Capable": false,"Startup Cost": 322.00,"Total Cost": 322.00,"Plan Rows": 10000,"Plan Width": 8,"Actual Startup Time": 11.376,"Actual Total Time": 11.381,"Actual Rows": 10000,"Actual Loops": 3,"Hash Buckets": 16384,"Original Hash Buckets": 16384,"Hash Batches": 1,"Original Hash Batches": 1,"Peak Memory Usage": 519,"Workers": [],"Plans": [{"Node Type": "Seq Scan","Parent Relationship": "Outer","Parallel Aware": false,"Async Capable": false,"Relation Name": "supplier","Alias": "supplier","Startup Cost": 0.00,"Total Cost": 322.00,"Plan Rows": 10000,"Plan Width": 8,"Actual Startup Time": 0.042,"Actual Total Time": 9.565,"Actual Rows": 10000,"Actual Loops": 3,"Workers": []}]}]}]}]}]}]}]},"Planning Time": 10.751,"Triggers": [],"Execution Time": 859.508}]
[{"Plan": {"Node Type": "Sort","Parallel Aware": false,"Async Capable": false,"Startup Cost": 21616.39,"Total Cost": 21616.45,"Plan Rows": 25,"Plan Width": 136,"Actual Startup Time": 848.991,"Actual Total Time": 881.316,"Actual Rows": 5,"Actual Loops": 1,"Sort Key": ["(sum((lineitem.l_extendedprice * ('1'::numeric - lineitem.l_discount)))) DESC"],"Sort Method": "quicksort","Sort Space Used": 25,"Sort Space Type": "Memory","Plans": [{"Node Type": "Aggregate","Strategy": "Sorted","Partial Mode": "Finalize","Parent Relationship": "Outer","Parallel Aware": false,"Async Capable": false,"Startup Cost": 21601.33,"Total Cost": 21615.81,"Plan Rows": 25,"Plan Width": 136,"Actual Startup Time": 848.402,"Actual Total Time": 881.262,"Actual Rows": 5,"Actual Loops": 1,"Group Key": ["nation.n_name"],"Plans": [{"Node Type": "Gather Merge","Parent Relationship": "Outer","Parallel Aware": false,"Async Capable": false,"Startup Cost": 21601.33,"Total Cost": 21615.12,"Plan Rows": 50,"Plan Width": 136,"Actual Startup Time": 848.176,"Actual Total Time": 881.211,"Actual Rows": 15,"Actual Loops": 1,"Workers Planned": 2,"Workers Launched": 2,"Plans": [{"Node Type": "Aggregate","Strategy": "Sorted","Partial Mode": "Partial","Parent Relationship": "Outer","Parallel Aware": false,"Async Capable": false,"Startup Cost": 20601.30,"Total Cost": 20609.33,"Plan Rows": 25,"Plan Width": 136,"Actual Startup Time": 841.096,"Actual Total Time": 841.805,"Actual Rows": 5,"Actual Loops": 3,"Group Key": ["nation.n_name"],"Workers": [],"Plans": [{"Node Type": "Sort","Parent Relationship": "Outer","Parallel Aware": false,"Async Capable": false,"Startup Cost": 20601.30,"Total Cost": 20602.85,"Plan Rows": 617,"Plan Width": 116,"Actual Startup Time": 840.878,"Actual Total Time": 841.005,"Actual Rows": 2453,"Actual Loops": 3,"Sort Key": ["nation.n_name"],"Sort Method": "quicksort","Sort Space Used": 289,"Sort Space Type": "Memory","Workers": [{"Worker Number": 0,"Sort Method": "quicksort","Sort Space Used": 295,"Sort Space Type": "Memory"},{"Worker Number": 1,"Sort Method": "quicksort","Sort Space Used": 281,"Sort Space Type": "Memory"}],"Plans": [{"Node Type": "Hash Join","Parent Relationship": "Outer","Parallel Aware": false,"Async Capable": false,"Join Type": "Inner","Startup Cost": 475.27,"Total Cost": 20572.71,"Plan Rows": 617,"Plan Width": 116,"Actual Startup Time": 10.379,"Actual Total Time": 839.260,"Actual Rows": 2453,"Actual Loops": 3,"Inner Unique": true,"Hash Cond": "((lineitem.l_suppkey = supplier.s_suppkey) AND (customer.c_nationkey = supplier.s_nationkey))","Workers": [],"Plans": [{"Node Type": "Nested Loop","Parent Relationship": "Outer","Parallel Aware": false,"Async Capable": false,"Join Type": "Inner","Startup Cost": 3.27,"Total Cost": 20019.70,"Plan Rows": 15431,"Plan Width": 128,"Actual Startup Time": 0.539,"Actual Total Time": 793.839,"Actual Rows": 61906,"Actual Loops": 3,"Inner Unique": false,"Workers": [],"Plans": [{"Node Type": "Nested Loop","Parent Relationship": "Outer","Parallel Aware": false,"Async Capable": false,"Join Type": "Inner","Startup Cost": 2.84,"Total Cost": 8414.26,"Plan Rows": 3857,"Plan Width": 116,"Actual Startup Time": 0.431,"Actual Total Time": 473.927,"Actual Rows": 15506,"Actual Loops": 3,"Inner Unique": false,"Workers": [],"Plans": [{"Node Type": "Hash Join","Parent Relationship": "Outer","Parallel Aware": false,"Async Capable": false,"Join Type": "Inner","Startup Cost": 2.41,"Total Cost": 4471.79,"Plan Rows": 2500,"Plan Width": 116,"Actual Startup Time": 0.234,"Actual Total Time": 55.451,"Actual Rows": 10066,"Actual Loops": 3,"Inner Unique": false,"Hash Cond": "(customer.c_nationkey = nation.n_nationkey)","Workers": [],"Plans": [{"Node Type": "Seq Scan","Parent Relationship": "Outer","Parallel Aware": true,"Async Capable": false,"Relation Name": "customer","Alias": "customer","Startup Cost": 0.00,"Total Cost": 4210.00,"Plan Rows": 62500,"Plan Width": 8,"Actual Startup Time": 0.019,"Actual Total Time": 9.720,"Actual Rows": 50000,"Actual Loops": 3,"Workers": []},{"Node Type": "Hash","Parent Relationship": "Inner","Parallel Aware": false,"Async Capable": false,"Startup Cost": 2.40,"Total Cost": 2.40,"Plan Rows": 1,"Plan Width": 108,"Actual Startup Time": 0.128,"Actual Total Time": 0.148,"Actual Rows": 5,"Actual Loops": 3,"Hash Buckets": 1024,"Original Hash Buckets": 1024,"Hash Batches": 1,"Original Hash Batches": 1,"Peak Memory Usage": 9,"Workers": [],"Plans": [{"Node Type": "Hash Join","Parent Relationship": "Outer","Parallel Aware": false,"Async Capable": false,"Join Type": "Inner","Startup Cost": 1.07,"Total Cost": 2.40,"Plan Rows": 1,"Plan Width": 108,"Actual Startup Time": 0.115,"Actual Total Time": 0.137,"Actual Rows": 5,"Actual Loops": 3,"Inner Unique": true,"Hash Cond": "(nation.n_regionkey = region.r_regionkey)","Workers": [],"Plans": [{"Node Type": "Seq Scan","Parent Relationship": "Outer","Parallel Aware": false,"Async Capable": false,"Relation Name": "nation","Alias": "nation","Startup Cost": 0.00,"Total Cost": 1.25,"Plan Rows": 25,"Plan Width": 112,"Actual Startup Time": 0.040,"Actual Total Time": 0.044,"Actual Rows": 25,"Actual Loops": 3,"Workers": []},{"Node Type": "Hash","Parent Relationship": "Inner","Parallel Aware": false,"Async Capable": false,"Startup Cost": 1.06,"Total Cost": 1.06,"Plan Rows": 1,"Plan Width": 4,"Actual Startup Time": 0.046,"Actual Total Time": 0.051,"Actual Rows": 1,"Actual Loops": 3,"Hash Buckets": 1024,"Original Hash Buckets": 1024,"Hash Batches": 1,"Original Hash Batches": 1,"Peak Memory Usage": 9,"Workers": [],"Plans": [{"Node Type": "Seq Scan","Parent Relationship": "Outer","Parallel Aware": false,"Async Capable": false,"Relation Name": "region","Alias": "region","Startup Cost": 0.00,"Total Cost": 1.06,"Plan Rows": 1,"Plan Width": 4,"Actual Startup Time": 0.033,"Actual Total Time": 0.034,"Actual Rows": 1,"Actual Loops": 3,"Filter": "(r_name = 'EUROPE'::bpchar)","Rows Removed by Filter": 4,"Workers": []}]}]}]}]},{"Node Type": "Index Scan","Parent Relationship": "Inner","Parallel Aware": false,"Async Capable": false,"Scan Direction": "Forward","Index Name": "idx_orders_custkey","Relation Name": "orders","Alias": "orders","Startup Cost": 0.43,"Total Cost": 1.55,"Plan Rows": 3,"Plan Width": 8,"Actual Startup Time": 0.017,"Actual Total Time": 0.041,"Actual Rows": 2,"Actual Loops": 30197,"Index Cond": "(o_custkey = customer.c_custkey)","Rows Removed by Index Recheck": 0,"Filter": "((o_orderdate >= '1996-01-01'::date) AND (o_orderdate < '1997-01-01 00:00:00'::timestamp without time zone))","Rows Removed by Filter": 9,"Workers": []}]},{"Node Type": "Index Scan","Parent Relationship": "Inner","Parallel Aware": false,"Async Capable": false,"Scan Direction": "Forward","Index Name": "idx_lineitem_orderkey","Relation Name": "lineitem","Alias": "lineitem","Startup Cost": 0.43,"Total Cost": 2.84,"Plan Rows": 17,"Plan Width": 20,"Actual Startup Time": 0.017,"Actual Total Time": 0.020,"Actual Rows": 4,"Actual Loops": 46518,"Index Cond": "(l_orderkey = orders.o_orderkey)","Rows Removed by Index Recheck": 0,"Workers": []}]},{"Node Type": "Hash","Parent Relationship": "Inner","Parallel Aware": false,"Async Capable": false,"Startup Cost": 322.00,"Total Cost": 322.00,"Plan Rows": 10000,"Plan Width": 8,"Actual Startup Time": 8.337,"Actual Total Time": 8.340,"Actual Rows": 10000,"Actual Loops": 3,"Hash Buckets": 16384,"Original Hash Buckets": 16384,"Hash Batches": 1,"Original Hash Batches": 1,"Peak Memory Usage": 519,"Workers": [],"Plans": [{"Node Type": "Seq Scan","Parent Relationship": "Outer","Parallel Aware": false,"Async Capable": false,"Relation Name": "supplier","Alias": "supplier","Startup Cost": 0.00,"Total Cost": 322.00,"Plan Rows": 10000,"Plan Width": 8,"Actual Startup Time": 0.039,"Actual Total Time": 6.479,"Actual Rows": 10000,"Actual Loops": 3,"Workers": []}]}]}]}]}]}]}]},"Planning Time": 9.377,"Triggers": [],"Execution Time": 881.912}]
[{"Plan": {"Node Type": "Sort","Parallel Aware": false,"Async Capable": false,"Startup Cost": 21565.81,"Total Cost": 21565.87,"Plan Rows": 25,"Plan Width": 136,"Actual Startup Time": 833.811,"Actual Total Time": 865.523,"Actual Rows": 5,"Actual Loops": 1,"Sort Key": ["(sum((lineitem.l_extendedprice * ('1'::numeric - lineitem.l_discount)))) DESC"],"Sort Method": "quicksort","Sort Space Used": 25,"Sort Space Type": "Memory","Plans": [{"Node Type": "Aggregate","Strategy": "Sorted","Partial Mode": "Finalize","Parent Relationship": "Outer","Parallel Aware": false,"Async Capable": false,"Startup Cost": 21550.86,"Total Cost": 21565.23,"Plan Rows": 25,"Plan Width": 136,"Actual Startup Time": 833.271,"Actual Total Time": 865.478,"Actual Rows": 5,"Actual Loops": 1,"Group Key": ["nation.n_name"],"Plans": [{"Node Type": "Gather Merge","Parent Relationship": "Outer","Parallel Aware": false,"Async Capable": false,"Startup Cost": 21550.86,"Total Cost": 21564.54,"Plan Rows": 50,"Plan Width": 136,"Actual Startup Time": 833.025,"Actual Total Time": 865.435,"Actual Rows": 15,"Actual Loops": 1,"Workers Planned": 2,"Workers Launched": 2,"Plans": [{"Node Type": "Aggregate","Strategy": "Sorted","Partial Mode": "Partial","Parent Relationship": "Outer","Parallel Aware": false,"Async Capable": false,"Startup Cost": 20550.84,"Total Cost": 20558.75,"Plan Rows": 25,"Plan Width": 136,"Actual Startup Time": 825.546,"Actual Total Time": 826.255,"Actual Rows": 5,"Actual Loops": 3,"Group Key": ["nation.n_name"],"Workers": [],"Plans": [{"Node Type": "Sort","Parent Relationship": "Outer","Parallel Aware": false,"Async Capable": false,"Startup Cost": 20550.84,"Total Cost": 20552.36,"Plan Rows": 608,"Plan Width": 116,"Actual Startup Time": 825.323,"Actual Total Time": 825.450,"Actual Rows": 2415,"Actual Loops": 3,"Sort Key": ["nation.n_name"],"Sort Method": "quicksort","Sort Space Used": 281,"Sort Space Type": "Memory","Workers": [{"Worker Number": 0,"Sort Method": "quicksort","Sort Space Used": 286,"Sort Space Type": "Memory"},{"Worker Number": 1,"Sort Method": "quicksort","Sort Space Used": 289,"Sort Space Type": "Memory"}],"Plans": [{"Node Type": "Hash Join","Parent Relationship": "Outer","Parallel Aware": false,"Async Capable": false,"Join Type": "Inner","Startup Cost": 475.27,"Total Cost": 20522.72,"Plan Rows": 608,"Plan Width": 116,"Actual Startup Time": 12.893,"Actual Total Time": 823.841,"Actual Rows": 2415,"Actual Loops": 3,"Inner Unique": true,"Hash Cond": "((lineitem.l_suppkey = supplier.s_suppkey) AND (customer.c_nationkey = supplier.s_nationkey))","Workers": [],"Plans": [{"Node Type": "Nested Loop","Parent Relationship": "Outer","Parallel Aware": false,"Async Capable": false,"Join Type": "Inner","Startup Cost": 3.27,"Total Cost": 19970.84,"Plan Rows": 15215,"Plan Width": 128,"Actual Startup Time": 0.809,"Actual Total Time": 777.035,"Actual Rows": 60714,"Actual Loops": 3,"Inner Unique": false,"Workers": [],"Plans": [{"Node Type": "Nested Loop","Parent Relationship": "Outer","Parallel Aware": false,"Async Capable": false,"Join Type": "Inner","Startup Cost": 2.84,"Total Cost": 8414.26,"Plan Rows": 3803,"Plan Width": 116,"Actual Startup Time": 0.660,"Actual Total Time": 471.667,"Actual Rows": 15226,"Actual Loops": 3,"Inner Unique": false,"Workers": [],"Plans": [{"Node Type": "Hash Join","Parent Relationship": "Outer","Parallel Aware": false,"Async Capable": false,"Join Type": "Inner","Startup Cost": 2.41,"Total Cost": 4471.79,"Plan Rows": 2500,"Plan Width": 116,"Actual Startup Time": 0.276,"Actual Total Time": 59.829,"Actual Rows": 10066,"Actual Loops": 3,"Inner Unique": false,"Hash Cond": "(customer.c_nationkey = nation.n_nationkey)","Workers": [],"Plans": [{"Node Type": "Seq Scan","Parent Relationship": "Outer","Parallel Aware": true,"Async Capable": false,"Relation Name": "customer","Alias": "customer","Startup Cost": 0.00,"Total Cost": 4210.00,"Plan Rows": 62500,"Plan Width": 8,"Actual Startup Time": 0.021,"Actual Total Time": 10.083,"Actual Rows": 50000,"Actual Loops": 3,"Workers": []},{"Node Type": "Hash","Parent Relationship": "Inner","Parallel Aware": false,"Async Capable": false,"Startup Cost": 2.40,"Total Cost": 2.40,"Plan Rows": 1,"Plan Width": 108,"Actual Startup Time": 0.154,"Actual Total Time": 0.171,"Actual Rows": 5,"Actual Loops": 3,"Hash Buckets": 1024,"Original Hash Buckets": 1024,"Hash Batches": 1,"Original Hash Batches": 1,"Peak Memory Usage": 9,"Workers": [],"Plans": [{"Node Type": "Hash Join","Parent Relationship": "Outer","Parallel Aware": false,"Async Capable": false,"Join Type": "Inner","Startup Cost": 1.07,"Total Cost": 2.40,"Plan Rows": 1,"Plan Width": 108,"Actual Startup Time": 0.139,"Actual Total Time": 0.162,"Actual Rows": 5,"Actual Loops": 3,"Inner Unique": true,"Hash Cond": "(nation.n_regionkey = region.r_regionkey)","Workers": [],"Plans": [{"Node Type": "Seq Scan","Parent Relationship": "Outer","Parallel Aware": false,"Async Capable": false,"Relation Name": "nation","Alias": "nation","Startup Cost": 0.00,"Total Cost": 1.25,"Plan Rows": 25,"Plan Width": 112,"Actual Startup Time": 0.051,"Actual Total Time": 0.055,"Actual Rows": 25,"Actual Loops": 3,"Workers": []},{"Node Type": "Hash","Parent Relationship": "Inner","Parallel Aware": false,"Async Capable": false,"Startup Cost": 1.06,"Total Cost": 1.06,"Plan Rows": 1,"Plan Width": 4,"Actual Startup Time": 0.057,"Actual Total Time": 0.063,"Actual Rows": 1,"Actual Loops": 3,"Hash Buckets": 1024,"Original Hash Buckets": 1024,"Hash Batches": 1,"Original Hash Batches": 1,"Peak Memory Usage": 9,"Workers": [],"Plans": [{"Node Type": "Seq Scan","Parent Relationship": "Outer","Parallel Aware": false,"Async Capable": false,"Relation Name": "region","Alias": "region","Startup Cost": 0.00,"Total Cost": 1.06,"Plan Rows": 1,"Plan Width": 4,"Actual Startup Time": 0.043,"Actual Total Time": 0.045,"Actual Rows": 1,"Actual Loops": 3,"Filter": "(r_name = 'EUROPE'::bpchar)","Rows Removed by Filter": 4,"Workers": []}]}]}]}]},{"Node Type": "Index Scan","Parent Relationship": "Inner","Parallel Aware": false,"Async Capable": false,"Scan Direction": "Forward","Index Name": "idx_orders_custkey","Relation Name": "orders","Alias": "orders","Startup Cost": 0.43,"Total Cost": 1.55,"Plan Rows": 3,"Plan Width": 8,"Actual Startup Time": 0.017,"Actual Total Time": 0.041,"Actual Rows": 2,"Actual Loops": 30197,"Index Cond": "(o_custkey = customer.c_custkey)","Rows Removed by Index Recheck": 0,"Filter": "((o_orderdate >= '1997-01-01'::date) AND (o_orderdate < '1998-01-01 00:00:00'::timestamp without time zone))","Rows Removed by Filter": 9,"Workers": []}]},{"Node Type": "Index Scan","Parent Relationship": "Inner","Parallel Aware": false,"Async Capable": false,"Scan Direction": "Forward","Index Name": "idx_lineitem_orderkey","Relation Name": "lineitem","Alias": "lineitem","Startup Cost": 0.43,"Total Cost": 2.87,"Plan Rows": 17,"Plan Width": 20,"Actual Startup Time": 0.017,"Actual Total Time": 0.019,"Actual Rows": 4,"Actual Loops": 45677,"Index Cond": "(l_orderkey = orders.o_orderkey)","Rows Removed by Index Recheck": 0,"Workers": []}]},{"Node Type": "Hash","Parent Relationship": "Inner","Parallel Aware": false,"Async Capable": false,"Startup Cost": 322.00,"Total Cost": 322.00,"Plan Rows": 10000,"Plan Width": 8,"Actual Startup Time": 11.560,"Actual Total Time": 11.566,"Actual Rows": 10000,"Actual Loops": 3,"Hash Buckets": 16384,"Original Hash Buckets": 16384,"Hash Batches": 1,"Original Hash Batches": 1,"Peak Memory Usage": 519,"Workers": [],"Plans": [{"Node Type": "Seq Scan","Parent Relationship": "Outer","Parallel Aware": false,"Async Capable": false,"Relation Name": "supplier","Alias": "supplier","Startup Cost": 0.00,"Total Cost": 322.00,"Plan Rows": 10000,"Plan Width": 8,"Actual Startup Time": 0.053,"Actual Total Time": 9.758,"Actual Rows": 10000,"Actual Loops": 3,"Workers": []}]}]}]}]}]}]}]},"Planning Time": 11.054,"Triggers": [],"Execution Time": 866.075}]
[{"Plan": {"Node Type": "Sort","Parallel Aware": false,"Async Capable": false,"Startup Cost": 21616.39,"Total Cost": 21616.45,"Plan Rows": 25,"Plan Width": 136,"Actual Startup Time": 817.171,"Actual Total Time": 848.557,"Actual Rows": 5,"Actual Loops": 1,"Sort Key": ["(sum((lineitem.l_extendedprice * ('1'::numeric - lineitem.l_discount)))) DESC"],"Sort Method": "quicksort","Sort Space Used": 25,"Sort Space Type": "Memory","Plans": [{"Node Type": "Aggregate","Strategy": "Sorted","Partial Mode": "Finalize","Parent Relationship": "Outer","Parallel Aware": false,"Async Capable": false,"Startup Cost": 21601.33,"Total Cost": 21615.81,"Plan Rows": 25,"Plan Width": 136,"Actual Startup Time": 816.250,"Actual Total Time": 848.503,"Actual Rows": 5,"Actual Loops": 1,"Group Key": ["nation.n_name"],"Plans": [{"Node Type": "Gather Merge","Parent Relationship": "Outer","Parallel Aware": false,"Async Capable": false,"Startup Cost": 21601.33,"Total Cost": 21615.12,"Plan Rows": 50,"Plan Width": 136,"Actual Startup Time": 815.620,"Actual Total Time": 848.441,"Actual Rows": 15,"Actual Loops": 1,"Workers Planned": 2,"Workers Launched": 2,"Plans": [{"Node Type": "Aggregate","Strategy": "Sorted","Partial Mode": "Partial","Parent Relationship": "Outer","Parallel Aware": false,"Async Capable": false,"Startup Cost": 20601.30,"Total Cost": 20609.33,"Plan Rows": 25,"Plan Width": 136,"Actual Startup Time": 807.499,"Actual Total Time": 808.444,"Actual Rows": 5,"Actual Loops": 3,"Group Key": ["nation.n_name"],"Workers": [],"Plans": [{"Node Type": "Sort","Parent Relationship": "Outer","Parallel Aware": false,"Async Capable": false,"Startup Cost": 20601.30,"Total Cost": 20602.85,"Plan Rows": 617,"Plan Width": 116,"Actual Startup Time": 807.276,"Actual Total Time": 807.432,"Actual Rows": 2427,"Actual Loops": 3,"Sort Key": ["nation.n_name"],"Sort Method": "quicksort","Sort Space Used": 295,"Sort Space Type": "Memory","Workers": [{"Worker Number": 0,"Sort Method": "quicksort","Sort Space Used": 285,"Sort Space Type": "Memory"},{"Worker Number": 1,"Sort Method": "quicksort","Sort Space Used": 279,"Sort Space Type": "Memory"}],"Plans": [{"Node Type": "Hash Join","Parent Relationship": "Outer","Parallel Aware": false,"Async Capable": false,"Join Type": "Inner","Startup Cost": 475.27,"Total Cost": 20572.71,"Plan Rows": 617,"Plan Width": 116,"Actual Startup Time": 13.659,"Actual Total Time": 805.763,"Actual Rows": 2427,"Actual Loops": 3,"Inner Unique": true,"Hash Cond": "((lineitem.l_suppkey = supplier.s_suppkey) AND (customer.c_nationkey = supplier.s_nationkey))","Workers": [],"Plans": [{"Node Type": "Nested Loop","Parent Relationship": "Outer","Parallel Aware": false,"Async Capable": false,"Join Type": "Inner","Startup Cost": 3.27,"Total Cost": 20019.70,"Plan Rows": 15431,"Plan Width": 128,"Actual Startup Time": 0.940,"Actual Total Time": 760.394,"Actual Rows": 61187,"Actual Loops": 3,"Inner Unique": false,"Workers": [],"Plans": [{"Node Type": "Nested Loop","Parent Relationship": "Outer","Parallel Aware": false,"Async Capable": false,"Join Type": "Inner","Startup Cost": 2.84,"Total Cost": 8414.26,"Plan Rows": 3857,"Plan Width": 116,"Actual Startup Time": 0.804,"Actual Total Time": 453.891,"Actual Rows": 15325,"Actual Loops": 3,"Inner Unique": false,"Workers": [],"Plans": [{"Node Type": "Hash Join","Parent Relationship": "Outer","Parallel Aware": false,"Async Capable": false,"Join Type": "Inner","Startup Cost": 2.41,"Total Cost": 4471.79,"Plan Rows": 2500,"Plan Width": 116,"Actual Startup Time": 0.319,"Actual Total Time": 55.842,"Actual Rows": 10061,"Actual Loops": 3,"Inner Unique": false,"Hash Cond": "(customer.c_nationkey = nation.n_nationkey)","Workers": [],"Plans": [{"Node Type": "Seq Scan","Parent Relationship": "Outer","Parallel Aware": true,"Async Capable": false,"Relation Name": "customer","Alias": "customer","Startup Cost": 0.00,"Total Cost": 4210.00,"Plan Rows": 62500,"Plan Width": 8,"Actual Startup Time": 0.026,"Actual Total Time": 9.689,"Actual Rows": 50000,"Actual Loops": 3,"Workers": []},{"Node Type": "Hash","Parent Relationship": "Inner","Parallel Aware": false,"Async Capable": false,"Startup Cost": 2.40,"Total Cost": 2.40,"Plan Rows": 1,"Plan Width": 108,"Actual Startup Time": 0.180,"Actual Total Time": 0.198,"Actual Rows": 5,"Actual Loops": 3,"Hash Buckets": 1024,"Original Hash Buckets": 1024,"Hash Batches": 1,"Original Hash Batches": 1,"Peak Memory Usage": 9,"Workers": [],"Plans": [{"Node Type": "Hash Join","Parent Relationship": "Outer","Parallel Aware": false,"Async Capable": false,"Join Type": "Inner","Startup Cost": 1.07,"Total Cost": 2.40,"Plan Rows": 1,"Plan Width": 108,"Actual Startup Time": 0.166,"Actual Total Time": 0.188,"Actual Rows": 5,"Actual Loops": 3,"Inner Unique": true,"Hash Cond": "(nation.n_regionkey = region.r_regionkey)","Workers": [],"Plans": [{"Node Type": "Seq Scan","Parent Relationship": "Outer","Parallel Aware": false,"Async Capable": false,"Relation Name": "nation","Alias": "nation","Startup Cost": 0.00,"Total Cost": 1.25,"Plan Rows": 25,"Plan Width": 112,"Actual Startup Time": 0.055,"Actual Total Time": 0.060,"Actual Rows": 25,"Actual Loops": 3,"Workers": []},{"Node Type": "Hash","Parent Relationship": "Inner","Parallel Aware": false,"Async Capable": false,"Startup Cost": 1.06,"Total Cost": 1.06,"Plan Rows": 1,"Plan Width": 4,"Actual Startup Time": 0.079,"Actual Total Time": 0.084,"Actual Rows": 1,"Actual Loops": 3,"Hash Buckets": 1024,"Original Hash Buckets": 1024,"Hash Batches": 1,"Original Hash Batches": 1,"Peak Memory Usage": 9,"Workers": [],"Plans": [{"Node Type": "Seq Scan","Parent Relationship": "Outer","Parallel Aware": false,"Async Capable": false,"Relation Name": "region","Alias": "region","Startup Cost": 0.00,"Total Cost": 1.06,"Plan Rows": 1,"Plan Width": 4,"Actual Startup Time": 0.058,"Actual Total Time": 0.061,"Actual Rows": 1,"Actual Loops": 3,"Filter": "(r_name = 'ASIA'::bpchar)","Rows Removed by Filter": 4,"Workers": []}]}]}]}]},{"Node Type": "Index Scan","Parent Relationship": "Inner","Parallel Aware": false,"Async Capable": false,"Scan Direction": "Forward","Index Name": "idx_orders_custkey","Relation Name": "orders","Alias": "orders","Startup Cost": 0.43,"Total Cost": 1.55,"Plan Rows": 3,"Plan Width": 8,"Actual Startup Time": 0.017,"Actual Total Time": 0.039,"Actual Rows": 2,"Actual Loops": 30183,"Index Cond": "(o_custkey = customer.c_custkey)","Rows Removed by Index Recheck": 0,"Filter": "((o_orderdate >= '1996-01-01'::date) AND (o_orderdate < '1997-01-01 00:00:00'::timestamp without time zone))","Rows Removed by Filter": 8,"Workers": []}]},{"Node Type": "Index Scan","Parent Relationship": "Inner","Parallel Aware": false,"Async Capable": false,"Scan Direction": "Forward","Index Name": "idx_lineitem_orderkey","Relation Name": "lineitem","Alias": "lineitem","Startup Cost": 0.43,"Total Cost": 2.84,"Plan Rows": 17,"Plan Width": 20,"Actual Startup Time": 0.017,"Actual Total Time": 0.019,"Actual Rows": 4,"Actual Loops": 45976,"Index Cond": "(l_orderkey = orders.o_orderkey)","Rows Removed by Index Recheck": 0,"Workers": []}]},{"Node Type": "Hash","Parent Relationship": "Inner","Parallel Aware": false,"Async Capable": false,"Startup Cost": 322.00,"Total Cost": 322.00,"Plan Rows": 10000,"Plan Width": 8,"Actual Startup Time": 12.172,"Actual Total Time": 12.179,"Actual Rows": 10000,"Actual Loops": 3,"Hash Buckets": 16384,"Original Hash Buckets": 16384,"Hash Batches": 1,"Original Hash Batches": 1,"Peak Memory Usage": 519,"Workers": [],"Plans": [{"Node Type": "Seq Scan","Parent Relationship": "Outer","Parallel Aware": false,"Async Capable": false,"Relation Name": "supplier","Alias": "supplier","Startup Cost": 0.00,"Total Cost": 322.00,"Plan Rows": 10000,"Plan Width": 8,"Actual Startup Time": 0.048,"Actual Total Time": 10.623,"Actual Rows": 10000,"Actual Loops": 3,"Workers": []}]}]}]}]}]}]}]},"Planning Time": 10.688,"Triggers": [],"Execution Time": 848.991}]
[{"Plan": {"Node Type": "Sort","Parallel Aware": false,"Async Capable": false,"Startup Cost": 21616.39,"Total Cost": 21616.45,"Plan Rows": 25,"Plan Width": 136,"Actual Startup Time": 800.578,"Actual Total Time": 832.005,"Actual Rows": 5,"Actual Loops": 1,"Sort Key": ["(sum((lineitem.l_extendedprice * ('1'::numeric - lineitem.l_discount)))) DESC"],"Sort Method": "quicksort","Sort Space Used": 25,"Sort Space Type": "Memory","Plans": [{"Node Type": "Aggregate","Strategy": "Sorted","Partial Mode": "Finalize","Parent Relationship": "Outer","Parallel Aware": false,"Async Capable": false,"Startup Cost": 21601.33,"Total Cost": 21615.81,"Plan Rows": 25,"Plan Width": 136,"Actual Startup Time": 800.055,"Actual Total Time": 831.951,"Actual Rows": 5,"Actual Loops": 1,"Group Key": ["nation.n_name"],"Plans": [{"Node Type": "Gather Merge","Parent Relationship": "Outer","Parallel Aware": false,"Async Capable": false,"Startup Cost": 21601.33,"Total Cost": 21615.12,"Plan Rows": 50,"Plan Width": 136,"Actual Startup Time": 799.526,"Actual Total Time": 831.902,"Actual Rows": 15,"Actual Loops": 1,"Workers Planned": 2,"Workers Launched": 2,"Plans": [{"Node Type": "Aggregate","Strategy": "Sorted","Partial Mode": "Partial","Parent Relationship": "Outer","Parallel Aware": false,"Async Capable": false,"Startup Cost": 20601.30,"Total Cost": 20609.33,"Plan Rows": 25,"Plan Width": 136,"Actual Startup Time": 791.250,"Actual Total Time": 792.033,"Actual Rows": 5,"Actual Loops": 3,"Group Key": ["nation.n_name"],"Workers": [],"Plans": [{"Node Type": "Sort","Parent Relationship": "Outer","Parallel Aware": false,"Async Capable": false,"Startup Cost": 20601.30,"Total Cost": 20602.85,"Plan Rows": 617,"Plan Width": 116,"Actual Startup Time": 791.028,"Actual Total Time": 791.162,"Actual Rows": 2347,"Actual Loops": 3,"Sort Key": ["nation.n_name"],"Sort Method": "quicksort","Sort Space Used": 275,"Sort Space Type": "Memory","Workers": [{"Worker Number": 0,"Sort Method": "quicksort","Sort Space Used": 280,"Sort Space Type": "Memory"},{"Worker Number": 1,"Sort Method": "quicksort","Sort Space Used": 284,"Sort Space Type": "Memory"}],"Plans": [{"Node Type": "Hash Join","Parent Relationship": "Outer","Parallel Aware": false,"Async Capable": false,"Join Type": "Inner","Startup Cost": 475.27,"Total Cost": 20572.71,"Plan Rows": 617,"Plan Width": 116,"Actual Startup Time": 14.089,"Actual Total Time": 789.451,"Actual Rows": 2347,"Actual Loops": 3,"Inner Unique": true,"Hash Cond": "((lineitem.l_suppkey = supplier.s_suppkey) AND (customer.c_nationkey = supplier.s_nationkey))","Workers": [],"Plans": [{"Node Type": "Nested Loop","Parent Relationship": "Outer","Parallel Aware": false,"Async Capable": false,"Join Type": "Inner","Startup Cost": 3.27,"Total Cost": 20019.70,"Plan Rows": 15431,"Plan Width": 128,"Actual Startup Time": 0.813,"Actual Total Time": 745.242,"Actual Rows": 60682,"Actual Loops": 3,"Inner Unique": false,"Workers": [],"Plans": [{"Node Type": "Nested Loop","Parent Relationship": "Outer","Parallel Aware": false,"Async Capable": false,"Join Type": "Inner","Startup Cost": 2.84,"Total Cost": 8414.26,"Plan Rows": 3857,"Plan Width": 116,"Actual Startup Time": 0.648,"Actual Total Time": 445.539,"Actual Rows": 15117,"Actual Loops": 3,"Inner Unique": false,"Workers": [],"Plans": [{"Node Type": "Hash Join","Parent Relationship": "Outer","Parallel Aware": false,"Async Capable": false,"Join Type": "Inner","Startup Cost": 2.41,"Total Cost": 4471.79,"Plan Rows": 2500,"Plan Width": 116,"Actual Startup Time": 0.286,"Actual Total Time": 54.286,"Actual Rows": 9921,"Actual Loops": 3,"Inner Unique": false,"Hash Cond": "(customer.c_nationkey = nation.n_nationkey)","Workers": [],"Plans": [{"Node Type": "Seq Scan","Parent Relationship": "Outer","Parallel Aware": true,"Async Capable": false,"Relation Name": "customer","Alias": "customer","Startup Cost": 0.00,"Total Cost": 4210.00,"Plan Rows": 62500,"Plan Width": 8,"Actual Startup Time": 0.020,"Actual Total Time": 9.492,"Actual Rows": 50000,"Actual Loops": 3,"Workers": []},{"Node Type": "Hash","Parent Relationship": "Inner","Parallel Aware": false,"Async Capable": false,"Startup Cost": 2.40,"Total Cost": 2.40,"Plan Rows": 1,"Plan Width": 108,"Actual Startup Time": 0.159,"Actual Total Time": 0.178,"Actual Rows": 5,"Actual Loops": 3,"Hash Buckets": 1024,"Original Hash Buckets": 1024,"Hash Batches": 1,"Original Hash Batches": 1,"Peak Memory Usage": 9,"Workers": [],"Plans": [{"Node Type": "Hash Join","Parent Relationship": "Outer","Parallel Aware": false,"Async Capable": false,"Join Type": "Inner","Startup Cost": 1.07,"Total Cost": 2.40,"Plan Rows": 1,"Plan Width": 108,"Actual Startup Time": 0.141,"Actual Total Time": 0.166,"Actual Rows": 5,"Actual Loops": 3,"Inner Unique": true,"Hash Cond": "(nation.n_regionkey = region.r_regionkey)","Workers": [],"Plans": [{"Node Type": "Seq Scan","Parent Relationship": "Outer","Parallel Aware": false,"Async Capable": false,"Relation Name": "nation","Alias": "nation","Startup Cost": 0.00,"Total Cost": 1.25,"Plan Rows": 25,"Plan Width": 112,"Actual Startup Time": 0.054,"Actual Total Time": 0.058,"Actual Rows": 25,"Actual Loops": 3,"Workers": []},{"Node Type": "Hash","Parent Relationship": "Inner","Parallel Aware": false,"Async Capable": false,"Startup Cost": 1.06,"Total Cost": 1.06,"Plan Rows": 1,"Plan Width": 4,"Actual Startup Time": 0.057,"Actual Total Time": 0.062,"Actual Rows": 1,"Actual Loops": 3,"Hash Buckets": 1024,"Original Hash Buckets": 1024,"Hash Batches": 1,"Original Hash Batches": 1,"Peak Memory Usage": 9,"Workers": [],"Plans": [{"Node Type": "Seq Scan","Parent Relationship": "Outer","Parallel Aware": false,"Async Capable": false,"Relation Name": "region","Alias": "region","Startup Cost": 0.00,"Total Cost": 1.06,"Plan Rows": 1,"Plan Width": 4,"Actual Startup Time": 0.040,"Actual Total Time": 0.042,"Actual Rows": 1,"Actual Loops": 3,"Filter": "(r_name = 'AFRICA'::bpchar)","Rows Removed by Filter": 4,"Workers": []}]}]}]}]},{"Node Type": "Index Scan","Parent Relationship": "Inner","Parallel Aware": false,"Async Capable": false,"Scan Direction": "Forward","Index Name": "idx_orders_custkey","Relation Name": "orders","Alias": "orders","Startup Cost": 0.43,"Total Cost": 1.55,"Plan Rows": 3,"Plan Width": 8,"Actual Startup Time": 0.017,"Actual Total Time": 0.039,"Actual Rows": 2,"Actual Loops": 29764,"Index Cond": "(o_custkey = customer.c_custkey)","Rows Removed by Index Recheck": 0,"Filter": "((o_orderdate >= '1996-01-01'::date) AND (o_orderdate < '1997-01-01 00:00:00'::timestamp without time zone))","Rows Removed by Filter": 9,"Workers": []}]},{"Node Type": "Index Scan","Parent Relationship": "Inner","Parallel Aware": false,"Async Capable": false,"Scan Direction": "Forward","Index Name": "idx_lineitem_orderkey","Relation Name": "lineitem","Alias": "lineitem","Startup Cost": 0.43,"Total Cost": 2.84,"Plan Rows": 17,"Plan Width": 20,"Actual Startup Time": 0.016,"Actual Total Time": 0.019,"Actual Rows": 4,"Actual Loops": 45352,"Index Cond": "(l_orderkey = orders.o_orderkey)","Rows Removed by Index Recheck": 0,"Workers": []}]},{"Node Type": "Hash","Parent Relationship": "Inner","Parallel Aware": false,"Async Capable": false,"Startup Cost": 322.00,"Total Cost": 322.00,"Plan Rows": 10000,"Plan Width": 8,"Actual Startup Time": 12.144,"Actual Total Time": 12.150,"Actual Rows": 10000,"Actual Loops": 3,"Hash Buckets": 16384,"Original Hash Buckets": 16384,"Hash Batches": 1,"Original Hash Batches": 1,"Peak Memory Usage": 519,"Workers": [],"Plans": [{"Node Type": "Seq Scan","Parent Relationship": "Outer","Parallel Aware": false,"Async Capable": false,"Relation Name": "supplier","Alias": "supplier","Startup Cost": 0.00,"Total Cost": 322.00,"Plan Rows": 10000,"Plan Width": 8,"Actual Startup Time": 0.040,"Actual Total Time": 10.535,"Actual Rows": 10000,"Actual Loops": 3,"Workers": []}]}]}]}]}]}]}]},"Planning Time": 10.511,"Triggers": [],"Execution Time": 832.422}]
[{"Plan": {"Node Type": "Sort","Parallel Aware": false,"Async Capable": false,"Startup Cost": 21616.39,"Total Cost": 21616.45,"Plan Rows": 25,"Plan Width": 136,"Actual Startup Time": 802.725,"Actual Total Time": 834.940,"Actual Rows": 5,"Actual Loops": 1,"Sort Key": ["(sum((lineitem.l_extendedprice * ('1'::numeric - lineitem.l_discount)))) DESC"],"Sort Method": "quicksort","Sort Space Used": 25,"Sort Space Type": "Memory","Plans": [{"Node Type": "Aggregate","Strategy": "Sorted","Partial Mode": "Finalize","Parent Relationship": "Outer","Parallel Aware": false,"Async Capable": false,"Startup Cost": 21601.33,"Total Cost": 21615.81,"Plan Rows": 25,"Plan Width": 136,"Actual Startup Time": 802.089,"Actual Total Time": 834.889,"Actual Rows": 5,"Actual Loops": 1,"Group Key": ["nation.n_name"],"Plans": [{"Node Type": "Gather Merge","Parent Relationship": "Outer","Parallel Aware": false,"Async Capable": false,"Startup Cost": 21601.33,"Total Cost": 21615.12,"Plan Rows": 50,"Plan Width": 136,"Actual Startup Time": 801.869,"Actual Total Time": 834.838,"Actual Rows": 15,"Actual Loops": 1,"Workers Planned": 2,"Workers Launched": 2,"Plans": [{"Node Type": "Aggregate","Strategy": "Sorted","Partial Mode": "Partial","Parent Relationship": "Outer","Parallel Aware": false,"Async Capable": false,"Startup Cost": 20601.30,"Total Cost": 20609.33,"Plan Rows": 25,"Plan Width": 136,"Actual Startup Time": 794.218,"Actual Total Time": 794.940,"Actual Rows": 5,"Actual Loops": 3,"Group Key": ["nation.n_name"],"Workers": [],"Plans": [{"Node Type": "Sort","Parent Relationship": "Outer","Parallel Aware": false,"Async Capable": false,"Startup Cost": 20601.30,"Total Cost": 20602.85,"Plan Rows": 617,"Plan Width": 116,"Actual Startup Time": 793.996,"Actual Total Time": 794.120,"Actual Rows": 2469,"Actual Loops": 3,"Sort Key": ["nation.n_name"],"Sort Method": "quicksort","Sort Space Used": 296,"Sort Space Type": "Memory","Workers": [{"Worker Number": 0,"Sort Method": "quicksort","Sort Space Used": 284,"Sort Space Type": "Memory"},{"Worker Number": 1,"Sort Method": "quicksort","Sort Space Used": 288,"Sort Space Type": "Memory"}],"Plans": [{"Node Type": "Hash Join","Parent Relationship": "Outer","Parallel Aware": false,"Async Capable": false,"Join Type": "Inner","Startup Cost": 475.27,"Total Cost": 20572.71,"Plan Rows": 617,"Plan Width": 116,"Actual Startup Time": 14.848,"Actual Total Time": 792.432,"Actual Rows": 2469,"Actual Loops": 3,"Inner Unique": true,"Hash Cond": "((lineitem.l_suppkey = supplier.s_suppkey) AND (customer.c_nationkey = supplier.s_nationkey))","Workers": [],"Plans": [{"Node Type": "Nested Loop","Parent Relationship": "Outer","Parallel Aware": false,"Async Capable": false,"Join Type": "Inner","Startup Cost": 3.27,"Total Cost": 20019.70,"Plan Rows": 15431,"Plan Width": 128,"Actual Startup Time": 0.724,"Actual Total Time": 746.203,"Actual Rows": 60646,"Actual Loops": 3,"Inner Unique": false,"Workers": [],"Plans": [{"Node Type": "Nested Loop","Parent Relationship": "Outer","Parallel Aware": false,"Async Capable": false,"Join Type": "Inner","Startup Cost": 2.84,"Total Cost": 8414.26,"Plan Rows": 3857,"Plan Width": 116,"Actual Startup Time": 0.603,"Actual Total Time": 446.704,"Actual Rows": 15077,"Actual Loops": 3,"Inner Unique": false,"Workers": [],"Plans": [{"Node Type": "Hash Join","Parent Relationship": "Outer","Parallel Aware": false,"Async Capable": false,"Join Type": "Inner","Startup Cost": 2.41,"Total Cost": 4471.79,"Plan Rows": 2500,"Plan Width": 116,"Actual Startup Time": 0.232,"Actual Total Time": 54.148,"Actual Rows": 9968,"Actual Loops": 3,"Inner Unique": false,"Hash Cond": "(customer.c_nationkey = nation.n_nationkey)","Workers": [],"Plans": [{"Node Type": "Seq Scan","Parent Relationship": "Outer","Parallel Aware": true,"Async Capable": false,"Relation Name": "customer","Alias": "customer","Startup Cost": 0.00,"Total Cost": 4210.00,"Plan Rows": 62500,"Plan Width": 8,"Actual Startup Time": 0.016,"Actual Total Time": 9.432,"Actual Rows": 50000,"Actual Loops": 3,"Workers": []},{"Node Type": "Hash","Parent Relationship": "Inner","Parallel Aware": false,"Async Capable": false,"Startup Cost": 2.40,"Total Cost": 2.40,"Plan Rows": 1,"Plan Width": 108,"Actual Startup Time": 0.135,"Actual Total Time": 0.148,"Actual Rows": 5,"Actual Loops": 3,"Hash Buckets": 1024,"Original Hash Buckets": 1024,"Hash Batches": 1,"Original Hash Batches": 1,"Peak Memory Usage": 9,"Workers": [],"Plans": [{"Node Type": "Hash Join","Parent Relationship": "Outer","Parallel Aware": false,"Async Capable": false,"Join Type": "Inner","Startup Cost": 1.07,"Total Cost": 2.40,"Plan Rows": 1,"Plan Width": 108,"Actual Startup Time": 0.120,"Actual Total Time": 0.140,"Actual Rows": 5,"Actual Loops": 3,"Inner Unique": true,"Hash Cond": "(nation.n_regionkey = region.r_regionkey)","Workers": [],"Plans": [{"Node Type": "Seq Scan","Parent Relationship": "Outer","Parallel Aware": false,"Async Capable": false,"Relation Name": "nation","Alias": "nation","Startup Cost": 0.00,"Total Cost": 1.25,"Plan Rows": 25,"Plan Width": 112,"Actual Startup Time": 0.048,"Actual Total Time": 0.052,"Actual Rows": 25,"Actual Loops": 3,"Workers": []},{"Node Type": "Hash","Parent Relationship": "Inner","Parallel Aware": false,"Async Capable": false,"Startup Cost": 1.06,"Total Cost": 1.06,"Plan Rows": 1,"Plan Width": 4,"Actual Startup Time": 0.046,"Actual Total Time": 0.050,"Actual Rows": 1,"Actual Loops": 3,"Hash Buckets": 1024,"Original Hash Buckets": 1024,"Hash Batches": 1,"Original Hash Batches": 1,"Peak Memory Usage": 9,"Workers": [],"Plans": [{"Node Type": "Seq Scan","Parent Relationship": "Outer","Parallel Aware": false,"Async Capable": false,"Relation Name": "region","Alias": "region","Startup Cost": 0.00,"Total Cost": 1.06,"Plan Rows": 1,"Plan Width": 4,"Actual Startup Time": 0.033,"Actual Total Time": 0.035,"Actual Rows": 1,"Actual Loops": 3,"Filter": "(r_name = 'MIDDLE EAST'::bpchar)","Rows Removed by Filter": 4,"Workers": []}]}]}]}]},{"Node Type": "Index Scan","Parent Relationship": "Inner","Parallel Aware": false,"Async Capable": false,"Scan Direction": "Forward","Index Name": "idx_orders_custkey","Relation Name": "orders","Alias": "orders","Startup Cost": 0.43,"Total Cost": 1.55,"Plan Rows": 3,"Plan Width": 8,"Actual Startup Time": 0.017,"Actual Total Time": 0.039,"Actual Rows": 2,"Actual Loops": 29904,"Index Cond": "(o_custkey = customer.c_custkey)","Rows Removed by Index Recheck": 0,"Filter": "((o_orderdate >= '1996-01-01'::date) AND (o_orderdate < '1997-01-01 00:00:00'::timestamp without time zone))","Rows Removed by Filter": 8,"Workers": []}]},{"Node Type": "Index Scan","Parent Relationship": "Inner","Parallel Aware": false,"Async Capable": false,"Scan Direction": "Forward","Index Name": "idx_lineitem_orderkey","Relation Name": "lineitem","Alias": "lineitem","Startup Cost": 0.43,"Total Cost": 2.84,"Plan Rows": 17,"Plan Width": 20,"Actual Startup Time": 0.016,"Actual Total Time": 0.019,"Actual Rows": 4,"Actual Loops": 45231,"Index Cond": "(l_orderkey = orders.o_orderkey)","Rows Removed by Index Recheck": 0,"Workers": []}]},{"Node Type": "Hash","Parent Relationship": "Inner","Parallel Aware": false,"Async Capable": false,"Startup Cost": 322.00,"Total Cost": 322.00,"Plan Rows": 10000,"Plan Width": 8,"Actual Startup Time": 13.111,"Actual Total Time": 13.116,"Actual Rows": 10000,"Actual Loops": 3,"Hash Buckets": 16384,"Original Hash Buckets": 16384,"Hash Batches": 1,"Original Hash Batches": 1,"Peak Memory Usage": 519,"Workers": [],"Plans": [{"Node Type": "Seq Scan","Parent Relationship": "Outer","Parallel Aware": false,"Async Capable": false,"Relation Name": "supplier","Alias": "supplier","Startup Cost": 0.00,"Total Cost": 322.00,"Plan Rows": 10000,"Plan Width": 8,"Actual Startup Time": 0.041,"Actual Total Time": 11.446,"Actual Rows": 10000,"Actual Loops": 3,"Workers": []}]}]}]}]}]}]}]},"Planning Time": 10.334,"Triggers": [],"Execution Time": 835.373}]
[{"Plan": {"Node Type": "Sort","Parallel Aware": false,"Async Capable": false,"Startup Cost": 21612.43,"Total Cost": 21612.50,"Plan Rows": 25,"Plan Width": 136,"Actual Startup Time": 827.834,"Actual Total Time": 858.973,"Actual Rows": 5,"Actual Loops": 1,"Sort Key": ["(sum((lineitem.l_extendedprice * ('1'::numeric - lineitem.l_discount)))) DESC"],"Sort Method": "quicksort","Sort Space Used": 25,"Sort Space Type": "Memory","Plans": [{"Node Type": "Aggregate","Strategy": "Sorted","Partial Mode": "Finalize","Parent Relationship": "Outer","Parallel Aware": false,"Async Capable": false,"Startup Cost": 21597.38,"Total Cost": 21611.85,"Plan Rows": 25,"Plan Width": 136,"Actual Startup Time": 827.274,"Actual Total Time": 858.918,"Actual Rows": 5,"Actual Loops": 1,"Group Key": ["nation.n_name"],"Plans": [{"Node Type": "Gather Merge","Parent Relationship": "Outer","Parallel Aware": false,"Async Capable": false,"Startup Cost": 21597.38,"Total Cost": 21611.17,"Plan Rows": 50,"Plan Width": 136,"Actual Startup Time": 827.088,"Actual Total Time": 858.883,"Actual Rows": 15,"Actual Loops": 1,"Workers Planned": 2,"Workers Launched": 2,"Plans": [{"Node Type": "Aggregate","Strategy": "Sorted","Partial Mode": "Partial","Parent Relationship": "Outer","Parallel Aware": false,"Async Capable": false,"Startup Cost": 20597.36,"Total Cost": 20605.37,"Plan Rows": 25,"Plan Width": 136,"Actual Startup Time": 818.981,"Actual Total Time": 819.657,"Actual Rows": 5,"Actual Loops": 3,"Group Key": ["nation.n_name"],"Workers": [],"Plans": [{"Node Type": "Sort","Parent Relationship": "Outer","Parallel Aware": false,"Async Capable": false,"Startup Cost": 20597.36,"Total Cost": 20598.90,"Plan Rows": 616,"Plan Width": 116,"Actual Startup Time": 818.754,"Actual Total Time": 818.877,"Actual Rows": 2367,"Actual Loops": 3,"Sort Key": ["nation.n_name"],"Sort Method": "quicksort","Sort Space Used": 283,"Sort Space Type": "Memory","Workers": [{"Worker Number": 0,"Sort Method": "quicksort","Sort Space Used": 277,"Sort Space Type": "Memory"},{"Worker Number": 1,"Sort Method": "quicksort","Sort Space Used": 284,"Sort Space Type": "Memory"}],"Plans": [{"Node Type": "Hash Join","Parent Relationship": "Outer","Parallel Aware": false,"Async Capable": false,"Join Type": "Inner","Startup Cost": 475.27,"Total Cost": 20568.82,"Plan Rows": 616,"Plan Width": 116,"Actual Startup Time": 13.272,"Actual Total Time": 817.265,"Actual Rows": 2367,"Actual Loops": 3,"Inner Unique": true,"Hash Cond": "((lineitem.l_suppkey = supplier.s_suppkey) AND (customer.c_nationkey = supplier.s_nationkey))","Workers": [],"Plans": [{"Node Type": "Nested Loop","Parent Relationship": "Outer","Parallel Aware": false,"Async Capable": false,"Join Type": "Inner","Startup Cost": 3.27,"Total Cost": 20015.89,"Plan Rows": 15415,"Plan Width": 128,"Actual Startup Time": 0.973,"Actual Total Time": 770.169,"Actual Rows": 60208,"Actual Loops": 3,"Inner Unique": false,"Workers": [],"Plans": [{"Node Type": "Nested Loop","Parent Relationship": "Outer","Parallel Aware": false,"Async Capable": false,"Join Type": "Inner","Startup Cost": 2.84,"Total Cost": 8414.26,"Plan Rows": 3853,"Plan Width": 116,"Actual Startup Time": 0.870,"Actual Total Time": 466.623,"Actual Rows": 15051,"Actual Loops": 3,"Inner Unique": false,"Workers": [],"Plans": [{"Node Type": "Hash Join","Parent Relationship": "Outer","Parallel Aware": false,"Async Capable": false,"Join Type": "Inner","Startup Cost": 2.41,"Total Cost": 4471.79,"Plan Rows": 2500,"Plan Width": 116,"Actual Startup Time": 0.250,"Actual Total Time": 58.358,"Actual Rows": 9921,"Actual Loops": 3,"Inner Unique": false,"Hash Cond": "(customer.c_nationkey = nation.n_nationkey)","Workers": [],"Plans": [{"Node Type": "Seq Scan","Parent Relationship": "Outer","Parallel Aware": true,"Async Capable": false,"Relation Name": "customer","Alias": "customer","Startup Cost": 0.00,"Total Cost": 4210.00,"Plan Rows": 62500,"Plan Width": 8,"Actual Startup Time": 0.013,"Actual Total Time": 10.073,"Actual Rows": 50000,"Actual Loops": 3,"Workers": []},{"Node Type": "Hash","Parent Relationship": "Inner","Parallel Aware": false,"Async Capable": false,"Startup Cost": 2.40,"Total Cost": 2.40,"Plan Rows": 1,"Plan Width": 108,"Actual Startup Time": 0.153,"Actual Total Time": 0.173,"Actual Rows": 5,"Actual Loops": 3,"Hash Buckets": 1024,"Original Hash Buckets": 1024,"Hash Batches": 1,"Original Hash Batches": 1,"Peak Memory Usage": 9,"Workers": [],"Plans": [{"Node Type": "Hash Join","Parent Relationship": "Outer","Parallel Aware": false,"Async Capable": false,"Join Type": "Inner","Startup Cost": 1.07,"Total Cost": 2.40,"Plan Rows": 1,"Plan Width": 108,"Actual Startup Time": 0.137,"Actual Total Time": 0.162,"Actual Rows": 5,"Actual Loops": 3,"Inner Unique": true,"Hash Cond": "(nation.n_regionkey = region.r_regionkey)","Workers": [],"Plans": [{"Node Type": "Seq Scan","Parent Relationship": "Outer","Parallel Aware": false,"Async Capable": false,"Relation Name": "nation","Alias": "nation","Startup Cost": 0.00,"Total Cost": 1.25,"Plan Rows": 25,"Plan Width": 112,"Actual Startup Time": 0.055,"Actual Total Time": 0.059,"Actual Rows": 25,"Actual Loops": 3,"Workers": []},{"Node Type": "Hash","Parent Relationship": "Inner","Parallel Aware": false,"Async Capable": false,"Startup Cost": 1.06,"Total Cost": 1.06,"Plan Rows": 1,"Plan Width": 4,"Actual Startup Time": 0.058,"Actual Total Time": 0.065,"Actual Rows": 1,"Actual Loops": 3,"Hash Buckets": 1024,"Original Hash Buckets": 1024,"Hash Batches": 1,"Original Hash Batches": 1,"Peak Memory Usage": 9,"Workers": [],"Plans": [{"Node Type": "Seq Scan","Parent Relationship": "Outer","Parallel Aware": false,"Async Capable": false,"Relation Name": "region","Alias": "region","Startup Cost": 0.00,"Total Cost": 1.06,"Plan Rows": 1,"Plan Width": 4,"Actual Startup Time": 0.044,"Actual Total Time": 0.048,"Actual Rows": 1,"Actual Loops": 3,"Filter": "(r_name = 'AFRICA'::bpchar)","Rows Removed by Filter": 4,"Workers": []}]}]}]}]},{"Node Type": "Index Scan","Parent Relationship": "Inner","Parallel Aware": false,"Async Capable": false,"Scan Direction": "Forward","Index Name": "idx_orders_custkey","Relation Name": "orders","Alias": "orders","Startup Cost": 0.43,"Total Cost": 1.55,"Plan Rows": 3,"Plan Width": 8,"Actual Startup Time": 0.018,"Actual Total Time": 0.041,"Actual Rows": 2,"Actual Loops": 29764,"Index Cond": "(o_custkey = customer.c_custkey)","Rows Removed by Index Recheck": 0,"Filter": "((o_orderdate >= '1994-01-01'::date) AND (o_orderdate < '1995-01-01 00:00:00'::timestamp without time zone))","Rows Removed by Filter": 9,"Workers": []}]},{"Node Type": "Index Scan","Parent Relationship": "Inner","Parallel Aware": false,"Async Capable": false,"Scan Direction": "Forward","Index Name": "idx_lineitem_orderkey","Relation Name": "lineitem","Alias": "lineitem","Startup Cost": 0.43,"Total Cost": 2.84,"Plan Rows": 17,"Plan Width": 20,"Actual Startup Time": 0.017,"Actual Total Time": 0.019,"Actual Rows": 4,"Actual Loops": 45152,"Index Cond": "(l_orderkey = orders.o_orderkey)","Rows Removed by Index Recheck": 0,"Workers": []}]},{"Node Type": "Hash","Parent Relationship": "Inner","Parallel Aware": false,"Async Capable": false,"Startup Cost": 322.00,"Total Cost": 322.00,"Plan Rows": 10000,"Plan Width": 8,"Actual Startup Time": 11.376,"Actual Total Time": 11.381,"Actual Rows": 10000,"Actual Loops": 3,"Hash Buckets": 16384,"Original Hash Buckets": 16384,"Hash Batches": 1,"Original Hash Batches": 1,"Peak Memory Usage": 519,"Workers": [],"Plans": [{"Node Type": "Seq Scan","Parent Relationship": "Outer","Parallel Aware": false,"Async Capable": false,"Relation Name": "supplier","Alias": "supplier","Startup Cost": 0.00,"Total Cost": 322.00,"Plan Rows": 10000,"Plan Width": 8,"Actual Startup Time": 0.042,"Actual Total Time": 9.565,"Actual Rows": 10000,"Actual Loops": 3,"Workers": []}]}]}]}]}]}]}]},"Planning Time": 10.751,"Triggers": [],"Execution Time": 859.508}]
[{"Plan": {"Node Type": "Sort","Parallel Aware": false,"Async Capable": false,"Startup Cost": 21565.24,"Total Cost": 21565.30,"Plan Rows": 25,"Plan Width": 136,"Actual Startup Time": 797.386,"Actual Total Time": 830.222,"Actual Rows": 5,"Actual Loops": 1,"Sort Key": ["(sum((lineitem.l_extendedprice * ('1'::numeric - lineitem.l_discount)))) DESC"],"Sort Method": "quicksort","Sort Space Used": 25,"Sort Space Type": "Memory","Plans": [{"Node Type": "Aggregate","Strategy": "Sorted","Partial Mode": "Finalize","Parent Relationship": "Outer","Parallel Aware": false,"Async Capable": false,"Startup Cost": 21550.29,"Total Cost": 21564.66,"Plan Rows": 25,"Plan Width": 136,"Actual Startup Time": 796.761,"Actual Total Time": 830.172,"Actual Rows": 5,"Actual Loops": 1,"Group Key": ["nation.n_name"],"Plans": [{"Node Type": "Gather Merge","Parent Relationship": "Outer","Parallel Aware": false,"Async Capable": false,"Startup Cost": 21550.29,"Total Cost": 21563.97,"Plan Rows": 50,"Plan Width": 136,"Actual Startup Time": 796.547,"Actual Total Time": 830.110,"Actual Rows": 15,"Actual Loops": 1,"Workers Planned": 2,"Workers Launched": 2,"Plans": [{"Node Type": "Aggregate","Strategy": "Sorted","Partial Mode": "Partial","Parent Relationship": "Outer","Parallel Aware": false,"Async Capable": false,"Startup Cost": 20550.26,"Total Cost": 20558.18,"Plan Rows": 25,"Plan Width": 136,"Actual Startup Time": 788.895,"Actual Total Time": 789.783,"Actual Rows": 5,"Actual Loops": 3,"Group Key": ["nation.n_name"],"Workers": [],"Plans": [{"Node Type": "Sort","Parent Relationship": "Outer","Parallel Aware": false,"Async Capable": false,"Startup Cost": 20550.26,"Total Cost": 20551.78,"Plan Rows": 608,"Plan Width": 116,"Actual Startup Time": 788.664,"Actual Total Time": 788.842,"Actual Rows": 2456,"Actual Loops": 3,"Sort Key": ["nation.n_name"],"Sort Method": "quicksort","Sort Space Used": 291,"Sort Space Type": "Memory","Workers": [{"Worker Number": 0,"Sort Method": "quicksort","Sort Space Used": 279,"Sort Space Type": "Memory"},{"Worker Number": 1,"Sort Method": "quicksort","Sort Space Used": 295,"Sort Space Type": "Memory"}],"Plans": [{"Node Type": "Hash Join","Parent Relationship": "Outer","Parallel Aware": false,"Async Capable": false,"Join Type": "Inner","Startup Cost": 475.27,"Total Cost": 20522.15,"Plan Rows": 608,"Plan Width": 116,"Actual Startup Time": 10.168,"Actual Total Time": 787.209,"Actual Rows": 2456,"Actual Loops": 3,"Inner Unique": true,"Hash Cond": "((lineitem.l_suppkey = supplier.s_suppkey) AND (customer.c_nationkey = supplier.s_nationkey))","Workers": [],"Plans": [{"Node Type": "Nested Loop","Parent Relationship": "Outer","Parallel Aware": false,"Async Capable": false,"Join Type": "Inner","Startup Cost": 3.27,"Total Cost": 19970.29,"Plan Rows": 15211,"Plan Width": 128,"Actual Startup Time": 0.661,"Actual Total Time": 744.432,"Actual Rows": 60955,"Actual Loops": 3,"Inner Unique": false,"Workers": [],"Plans": [{"Node Type": "Nested Loop","Parent Relationship": "Outer","Parallel Aware": false,"Async Capable": false,"Join Type": "Inner","Startup Cost": 2.84,"Total Cost": 8414.26,"Plan Rows": 3802,"Plan Width": 116,"Actual Startup Time": 0.532,"Actual Total Time": 444.261,"Actual Rows": 15210,"Actual Loops": 3,"Inner Unique": false,"Workers": [],"Plans": [{"Node Type": "Hash Join","Parent Relationship": "Outer","Parallel Aware": false,"Async Capable": false,"Join Type": "Inner","Startup Cost": 2.41,"Total Cost": 4471.79,"Plan Rows": 2500,"Plan Width": 116,"Actual Startup Time": 0.249,"Actual Total Time": 53.241,"Actual Rows": 9984,"Actual Loops": 3,"Inner Unique": false,"Hash Cond": "(customer.c_nationkey = nation.n_nationkey)","Workers": [],"Plans": [{"Node Type": "Seq Scan","Parent Relationship": "Outer","Parallel Aware": true,"Async Capable": false,"Relation Name": "customer","Alias": "customer","Startup Cost": 0.00,"Total Cost": 4210.00,"Plan Rows": 62500,"Plan Width": 8,"Actual Startup Time": 0.015,"Actual Total Time": 9.455,"Actual Rows": 50000,"Actual Loops": 3,"Workers": []},{"Node Type": "Hash","Parent Relationship": "Inner","Parallel Aware": false,"Async Capable": false,"Startup Cost": 2.40,"Total Cost": 2.40,"Plan Rows": 1,"Plan Width": 108,"Actual Startup Time": 0.141,"Actual Total Time": 0.157,"Actual Rows": 5,"Actual Loops": 3,"Hash Buckets": 1024,"Original Hash Buckets": 1024,"Hash Batches": 1,"Original Hash Batches": 1,"Peak Memory Usage": 9,"Workers": [],"Plans": [{"Node Type": "Hash Join","Parent Relationship": "Outer","Parallel Aware": false,"Async Capable": false,"Join Type": "Inner","Startup Cost": 1.07,"Total Cost": 2.40,"Plan Rows": 1,"Plan Width": 108,"Actual Startup Time": 0.126,"Actual Total Time": 0.148,"Actual Rows": 5,"Actual Loops": 3,"Inner Unique": true,"Hash Cond": "(nation.n_regionkey = region.r_regionkey)","Workers": [],"Plans": [{"Node Type": "Seq Scan","Parent Relationship": "Outer","Parallel Aware": false,"Async Capable": false,"Relation Name": "nation","Alias": "nation","Startup Cost": 0.00,"Total Cost": 1.25,"Plan Rows": 25,"Plan Width": 112,"Actual Startup Time": 0.048,"Actual Total Time": 0.053,"Actual Rows": 25,"Actual Loops": 3,"Workers": []},{"Node Type": "Hash","Parent Relationship": "Inner","Parallel Aware": false,"Async Capable": false,"Startup Cost": 1.06,"Total Cost": 1.06,"Plan Rows": 1,"Plan Width": 4,"Actual Startup Time": 0.049,"Actual Total Time": 0.055,"Actual Rows": 1,"Actual Loops": 3,"Hash Buckets": 1024,"Original Hash Buckets": 1024,"Hash Batches": 1,"Original Hash Batches": 1,"Peak Memory Usage": 9,"Workers": [],"Plans": [{"Node Type": "Seq Scan","Parent Relationship": "Outer","Parallel Aware": false,"Async Capable": false,"Relation Name": "region","Alias": "region","Startup Cost": 0.00,"Total Cost": 1.06,"Plan Rows": 1,"Plan Width": 4,"Actual Startup Time": 0.036,"Actual Total Time": 0.040,"Actual Rows": 1,"Actual Loops": 3,"Filter": "(r_name = 'AMERICA'::bpchar)","Rows Removed by Filter": 4,"Workers": []}]}]}]}]},{"Node Type": "Index Scan","Parent Relationship": "Inner","Parallel Aware": false,"Async Capable": false,"Scan Direction": "Forward","Index Name": "idx_orders_custkey","Relation Name": "orders","Alias": "orders","Startup Cost": 0.43,"Total Cost": 1.55,"Plan Rows": 3,"Plan Width": 8,"Actual Startup Time": 0.016,"Actual Total Time": 0.039,"Actual Rows": 2,"Actual Loops": 29952,"Index Cond": "(o_custkey = customer.c_custkey)","Rows Removed by Index Recheck": 0,"Filter": "((o_orderdate >= '1995-01-01'::date) AND (o_orderdate < '1996-01-01 00:00:00'::timestamp without time zone))","Rows Removed by Filter": 8,"Workers": []}]},{"Node Type": "Index Scan","Parent Relationship": "Inner","Parallel Aware": false,"Async Capable": false,"Scan Direction": "Forward","Index Name": "idx_lineitem_orderkey","Relation Name": "lineitem","Alias": "lineitem","Startup Cost": 0.43,"Total Cost": 2.87,"Plan Rows": 17,"Plan Width": 20,"Actual Startup Time": 0.016,"Actual Total Time": 0.019,"Actual Rows": 4,"Actual Loops": 45630,"Index Cond": "(l_orderkey = orders.o_orderkey)","Rows Removed by Index Recheck": 0,"Workers": []}]},{"Node Type": "Hash","Parent Relationship": "Inner","Parallel Aware": false,"Async Capable": false,"Startup Cost": 322.00,"Total Cost": 322.00,"Plan Rows": 10000,"Plan Width": 8,"Actual Startup Time": 8.645,"Actual Total Time": 8.649,"Actual Rows": 10000,"Actual Loops": 3,"Hash Buckets": 16384,"Original Hash Buckets": 16384,"Hash Batches": 1,"Original Hash Batches": 1,"Peak Memory Usage": 519,"Workers": [],"Plans": [{"Node Type": "Seq Scan","Parent Relationship": "Outer","Parallel Aware": false,"Async Capable": false,"Relation Name": "supplier","Alias": "supplier","Startup Cost": 0.00,"Total Cost": 322.00,"Plan Rows": 10000,"Plan Width": 8,"Actual Startup Time": 0.041,"Actual Total Time": 6.699,"Actual Rows": 10000,"Actual Loops": 3,"Workers": []}]}]}]}]}]}]}]},"Planning Time": 10.274,"Triggers": [],"Execution Time": 830.793}]
[{"Plan": {"Node Type": "Sort","Parallel Aware": false,"Async Capable": false,"Startup Cost": 21612.43,"Total Cost": 21612.50,"Plan Rows": 25,"Plan Width": 136,"Actual Startup Time": 827.834,"Actual Total Time": 858.973,"Actual Rows": 5,"Actual Loops": 1,"Sort Key": ["(sum((lineitem.l_extendedprice * ('1'::numeric - lineitem.l_discount)))) DESC"],"Sort Method": "quicksort","Sort Space Used": 25,"Sort Space Type": "Memory","Plans": [{"Node Type": "Aggregate","Strategy": "Sorted","Partial Mode": "Finalize","Parent Relationship": "Outer","Parallel Aware": false,"Async Capable": false,"Startup Cost": 21597.38,"Total Cost": 21611.85,"Plan Rows": 25,"Plan Width": 136,"Actual Startup Time": 827.274,"Actual Total Time": 858.918,"Actual Rows": 5,"Actual Loops": 1,"Group Key": ["nation.n_name"],"Plans": [{"Node Type": "Gather Merge","Parent Relationship": "Outer","Parallel Aware": false,"Async Capable": false,"Startup Cost": 21597.38,"Total Cost": 21611.17,"Plan Rows": 50,"Plan Width": 136,"Actual Startup Time": 827.088,"Actual Total Time": 858.883,"Actual Rows": 15,"Actual Loops": 1,"Workers Planned": 2,"Workers Launched": 2,"Plans": [{"Node Type": "Aggregate","Strategy": "Sorted","Partial Mode": "Partial","Parent Relationship": "Outer","Parallel Aware": false,"Async Capable": false,"Startup Cost": 20597.36,"Total Cost": 20605.37,"Plan Rows": 25,"Plan Width": 136,"Actual Startup Time": 818.981,"Actual Total Time": 819.657,"Actual Rows": 5,"Actual Loops": 3,"Group Key": ["nation.n_name"],"Workers": [],"Plans": [{"Node Type": "Sort","Parent Relationship": "Outer","Parallel Aware": false,"Async Capable": false,"Startup Cost": 20597.36,"Total Cost": 20598.90,"Plan Rows": 616,"Plan Width": 116,"Actual Startup Time": 818.754,"Actual Total Time": 818.877,"Actual Rows": 2367,"Actual Loops": 3,"Sort Key": ["nation.n_name"],"Sort Method": "quicksort","Sort Space Used": 283,"Sort Space Type": "Memory","Workers": [{"Worker Number": 0,"Sort Method": "quicksort","Sort Space Used": 277,"Sort Space Type": "Memory"},{"Worker Number": 1,"Sort Method": "quicksort","Sort Space Used": 284,"Sort Space Type": "Memory"}],"Plans": [{"Node Type": "Hash Join","Parent Relationship": "Outer","Parallel Aware": false,"Async Capable": false,"Join Type": "Inner","Startup Cost": 475.27,"Total Cost": 20568.82,"Plan Rows": 616,"Plan Width": 116,"Actual Startup Time": 13.272,"Actual Total Time": 817.265,"Actual Rows": 2367,"Actual Loops": 3,"Inner Unique": true,"Hash Cond": "((lineitem.l_suppkey = supplier.s_suppkey) AND (customer.c_nationkey = supplier.s_nationkey))","Workers": [],"Plans": [{"Node Type": "Nested Loop","Parent Relationship": "Outer","Parallel Aware": false,"Async Capable": false,"Join Type": "Inner","Startup Cost": 3.27,"Total Cost": 20015.89,"Plan Rows": 15415,"Plan Width": 128,"Actual Startup Time": 0.973,"Actual Total Time": 770.169,"Actual Rows": 60208,"Actual Loops": 3,"Inner Unique": false,"Workers": [],"Plans": [{"Node Type": "Nested Loop","Parent Relationship": "Outer","Parallel Aware": false,"Async Capable": false,"Join Type": "Inner","Startup Cost": 2.84,"Total Cost": 8414.26,"Plan Rows": 3853,"Plan Width": 116,"Actual Startup Time": 0.870,"Actual Total Time": 466.623,"Actual Rows": 15051,"Actual Loops": 3,"Inner Unique": false,"Workers": [],"Plans": [{"Node Type": "Hash Join","Parent Relationship": "Outer","Parallel Aware": false,"Async Capable": false,"Join Type": "Inner","Startup Cost": 2.41,"Total Cost": 4471.79,"Plan Rows": 2500,"Plan Width": 116,"Actual Startup Time": 0.250,"Actual Total Time": 58.358,"Actual Rows": 9921,"Actual Loops": 3,"Inner Unique": false,"Hash Cond": "(customer.c_nationkey = nation.n_nationkey)","Workers": [],"Plans": [{"Node Type": "Seq Scan","Parent Relationship": "Outer","Parallel Aware": true,"Async Capable": false,"Relation Name": "customer","Alias": "customer","Startup Cost": 0.00,"Total Cost": 4210.00,"Plan Rows": 62500,"Plan Width": 8,"Actual Startup Time": 0.013,"Actual Total Time": 10.073,"Actual Rows": 50000,"Actual Loops": 3,"Workers": []},{"Node Type": "Hash","Parent Relationship": "Inner","Parallel Aware": false,"Async Capable": false,"Startup Cost": 2.40,"Total Cost": 2.40,"Plan Rows": 1,"Plan Width": 108,"Actual Startup Time": 0.153,"Actual Total Time": 0.173,"Actual Rows": 5,"Actual Loops": 3,"Hash Buckets": 1024,"Original Hash Buckets": 1024,"Hash Batches": 1,"Original Hash Batches": 1,"Peak Memory Usage": 9,"Workers": [],"Plans": [{"Node Type": "Hash Join","Parent Relationship": "Outer","Parallel Aware": false,"Async Capable": false,"Join Type": "Inner","Startup Cost": 1.07,"Total Cost": 2.40,"Plan Rows": 1,"Plan Width": 108,"Actual Startup Time": 0.137,"Actual Total Time": 0.162,"Actual Rows": 5,"Actual Loops": 3,"Inner Unique": true,"Hash Cond": "(nation.n_regionkey = region.r_regionkey)","Workers": [],"Plans": [{"Node Type": "Seq Scan","Parent Relationship": "Outer","Parallel Aware": false,"Async Capable": false,"Relation Name": "nation","Alias": "nation","Startup Cost": 0.00,"Total Cost": 1.25,"Plan Rows": 25,"Plan Width": 112,"Actual Startup Time": 0.055,"Actual Total Time": 0.059,"Actual Rows": 25,"Actual Loops": 3,"Workers": []},{"Node Type": "Hash","Parent Relationship": "Inner","Parallel Aware": false,"Async Capable": false,"Startup Cost": 1.06,"Total Cost": 1.06,"Plan Rows": 1,"Plan Width": 4,"Actual Startup Time": 0.058,"Actual Total Time": 0.065,"Actual Rows": 1,"Actual Loops": 3,"Hash Buckets": 1024,"Original Hash Buckets": 1024,"Hash Batches": 1,"Original Hash Batches": 1,"Peak Memory Usage": 9,"Workers": [],"Plans": [{"Node Type": "Seq Scan","Parent Relationship": "Outer","Parallel Aware": false,"Async Capable": false,"Relation Name": "region","Alias": "region","Startup Cost": 0.00,"Total Cost": 1.06,"Plan Rows": 1,"Plan Width": 4,"Actual Startup Time": 0.044,"Actual Total Time": 0.048,"Actual Rows": 1,"Actual Loops": 3,"Filter": "(r_name = 'AFRICA'::bpchar)","Rows Removed by Filter": 4,"Workers": []}]}]}]}]},{"Node Type": "Index Scan","Parent Relationship": "Inner","Parallel Aware": false,"Async Capable": false,"Scan Direction": "Forward","Index Name": "idx_orders_custkey","Relation Name": "orders","Alias": "orders","Startup Cost": 0.43,"Total Cost": 1.55,"Plan Rows": 3,"Plan Width": 8,"Actual Startup Time": 0.018,"Actual Total Time": 0.041,"Actual Rows": 2,"Actual Loops": 29764,"Index Cond": "(o_custkey = customer.c_custkey)","Rows Removed by Index Recheck": 0,"Filter": "((o_orderdate >= '1994-01-01'::date) AND (o_orderdate < '1995-01-01 00:00:00'::timestamp without time zone))","Rows Removed by Filter": 9,"Workers": []}]},{"Node Type": "Index Scan","Parent Relationship": "Inner","Parallel Aware": false,"Async Capable": false,"Scan Direction": "Forward","Index Name": "idx_lineitem_orderkey","Relation Name": "lineitem","Alias": "lineitem","Startup Cost": 0.43,"Total Cost": 2.84,"Plan Rows": 17,"Plan Width": 20,"Actual Startup Time": 0.017,"Actual Total Time": 0.019,"Actual Rows": 4,"Actual Loops": 45152,"Index Cond": "(l_orderkey = orders.o_orderkey)","Rows Removed by Index Recheck": 0,"Workers": []}]},{"Node Type": "Hash","Parent Relationship": "Inner","Parallel Aware": false,"Async Capable": false,"Startup Cost": 322.00,"Total Cost": 322.00,"Plan Rows": 10000,"Plan Width": 8,"Actual Startup Time": 11.376,"Actual Total Time": 11.381,"Actual Rows": 10000,"Actual Loops": 3,"Hash Buckets": 16384,"Original Hash Buckets": 16384,"Hash Batches": 1,"Original Hash Batches": 1,"Peak Memory Usage": 519,"Workers": [],"Plans": [{"Node Type": "Seq Scan","Parent Relationship": "Outer","Parallel Aware": false,"Async Capable": false,"Relation Name": "supplier","Alias": "supplier","Startup Cost": 0.00,"Total Cost": 322.00,"Plan Rows": 10000,"Plan Width": 8,"Actual Startup Time": 0.042,"Actual Total Time": 9.565,"Actual Rows": 10000,"Actual Loops": 3,"Workers": []}]}]}]}]}]}]}]},"Planning Time": 10.751,"Triggers": [],"Execution Time": 859.508}]
[{"Plan": {"Node Type": "Sort","Parallel Aware": false,"Async Capable": false,"Startup Cost": 21612.43,"Total Cost": 21612.50,"Plan Rows": 25,"Plan Width": 136,"Actual Startup Time": 812.208,"Actual Total Time": 844.906,"Actual Rows": 5,"Actual Loops": 1,"Sort Key": ["(sum((lineitem.l_extendedprice * ('1'::numeric - lineitem.l_discount)))) DESC"],"Sort Method": "quicksort","Sort Space Used": 25,"Sort Space Type": "Memory","Plans": [{"Node Type": "Aggregate","Strategy": "Sorted","Partial Mode": "Finalize","Parent Relationship": "Outer","Parallel Aware": false,"Async Capable": false,"Startup Cost": 21597.38,"Total Cost": 21611.85,"Plan Rows": 25,"Plan Width": 136,"Actual Startup Time": 811.577,"Actual Total Time": 844.848,"Actual Rows": 5,"Actual Loops": 1,"Group Key": ["nation.n_name"],"Plans": [{"Node Type": "Gather Merge","Parent Relationship": "Outer","Parallel Aware": false,"Async Capable": false,"Startup Cost": 21597.38,"Total Cost": 21611.17,"Plan Rows": 50,"Plan Width": 136,"Actual Startup Time": 811.381,"Actual Total Time": 844.798,"Actual Rows": 15,"Actual Loops": 1,"Workers Planned": 2,"Workers Launched": 2,"Plans": [{"Node Type": "Aggregate","Strategy": "Sorted","Partial Mode": "Partial","Parent Relationship": "Outer","Parallel Aware": false,"Async Capable": false,"Startup Cost": 20597.36,"Total Cost": 20605.37,"Plan Rows": 25,"Plan Width": 136,"Actual Startup Time": 803.972,"Actual Total Time": 804.698,"Actual Rows": 5,"Actual Loops": 3,"Group Key": ["nation.n_name"],"Workers": [],"Plans": [{"Node Type": "Sort","Parent Relationship": "Outer","Parallel Aware": false,"Async Capable": false,"Startup Cost": 20597.36,"Total Cost": 20598.90,"Plan Rows": 616,"Plan Width": 116,"Actual Startup Time": 803.767,"Actual Total Time": 803.896,"Actual Rows": 2458,"Actual Loops": 3,"Sort Key": ["nation.n_name"],"Sort Method": "quicksort","Sort Space Used": 292,"Sort Space Type": "Memory","Workers": [{"Worker Number": 0,"Sort Method": "quicksort","Sort Space Used": 287,"Sort Space Type": "Memory"},{"Worker Number": 1,"Sort Method": "quicksort","Sort Space Used": 286,"Sort Space Type": "Memory"}],"Plans": [{"Node Type": "Hash Join","Parent Relationship": "Outer","Parallel Aware": false,"Async Capable": false,"Join Type": "Inner","Startup Cost": 475.27,"Total Cost": 20568.82,"Plan Rows": 616,"Plan Width": 116,"Actual Startup Time": 9.755,"Actual Total Time": 802.240,"Actual Rows": 2458,"Actual Loops": 3,"Inner Unique": true,"Hash Cond": "((lineitem.l_suppkey = supplier.s_suppkey) AND (customer.c_nationkey = supplier.s_nationkey))","Workers": [],"Plans": [{"Node Type": "Nested Loop","Parent Relationship": "Outer","Parallel Aware": false,"Async Capable": false,"Join Type": "Inner","Startup Cost": 3.27,"Total Cost": 20015.89,"Plan Rows": 15415,"Plan Width": 128,"Actual Startup Time": 0.708,"Actual Total Time": 760.379,"Actual Rows": 60417,"Actual Loops": 3,"Inner Unique": false,"Workers": [],"Plans": [{"Node Type": "Nested Loop","Parent Relationship": "Outer","Parallel Aware": false,"Async Capable": false,"Join Type": "Inner","Startup Cost": 2.84,"Total Cost": 8414.26,"Plan Rows": 3853,"Plan Width": 116,"Actual Startup Time": 0.563,"Actual Total Time": 454.038,"Actual Rows": 15112,"Actual Loops": 3,"Inner Unique": false,"Workers": [],"Plans": [{"Node Type": "Hash Join","Parent Relationship": "Outer","Parallel Aware": false,"Async Capable": false,"Join Type": "Inner","Startup Cost": 2.41,"Total Cost": 4471.79,"Plan Rows": 2500,"Plan Width": 116,"Actual Startup Time": 0.264,"Actual Total Time": 54.641,"Actual Rows": 9984,"Actual Loops": 3,"Inner Unique": false,"Hash Cond": "(customer.c_nationkey = nation.n_nationkey)","Workers": [],"Plans": [{"Node Type": "Seq Scan","Parent Relationship": "Outer","Parallel Aware": true,"Async Capable": false,"Relation Name": "customer","Alias": "customer","Startup Cost": 0.00,"Total Cost": 4210.00,"Plan Rows": 62500,"Plan Width": 8,"Actual Startup Time": 0.019,"Actual Total Time": 9.602,"Actual Rows": 50000,"Actual Loops": 3,"Workers": []},{"Node Type": "Hash","Parent Relationship": "Inner","Parallel Aware": false,"Async Capable": false,"Startup Cost": 2.40,"Total Cost": 2.40,"Plan Rows": 1,"Plan Width": 108,"Actual Startup Time": 0.143,"Actual Total Time": 0.163,"Actual Rows": 5,"Actual Loops": 3,"Hash Buckets": 1024,"Original Hash Buckets": 1024,"Hash Batches": 1,"Original Hash Batches": 1,"Peak Memory Usage": 9,"Workers": [],"Plans": [{"Node Type": "Hash Join","Parent Relationship": "Outer","Parallel Aware": false,"Async Capable": false,"Join Type": "Inner","Startup Cost": 1.07,"Total Cost": 2.40,"Plan Rows": 1,"Plan Width": 108,"Actual Startup Time": 0.129,"Actual Total Time": 0.153,"Actual Rows": 5,"Actual Loops": 3,"Inner Unique": true,"Hash Cond": "(nation.n_regionkey = region.r_regionkey)","Workers": [],"Plans": [{"Node Type": "Seq Scan","Parent Relationship": "Outer","Parallel Aware": false,"Async Capable": false,"Relation Name": "nation","Alias": "nation","Startup Cost": 0.00,"Total Cost": 1.25,"Plan Rows": 25,"Plan Width": 112,"Actual Startup Time": 0.046,"Actual Total Time": 0.051,"Actual Rows": 25,"Actual Loops": 3,"Workers": []},{"Node Type": "Hash","Parent Relationship": "Inner","Parallel Aware": false,"Async Capable": false,"Startup Cost": 1.06,"Total Cost": 1.06,"Plan Rows": 1,"Plan Width": 4,"Actual Startup Time": 0.053,"Actual Total Time": 0.059,"Actual Rows": 1,"Actual Loops": 3,"Hash Buckets": 1024,"Original Hash Buckets": 1024,"Hash Batches": 1,"Original Hash Batches": 1,"Peak Memory Usage": 9,"Workers": [],"Plans": [{"Node Type": "Seq Scan","Parent Relationship": "Outer","Parallel Aware": false,"Async Capable": false,"Relation Name": "region","Alias": "region","Startup Cost": 0.00,"Total Cost": 1.06,"Plan Rows": 1,"Plan Width": 4,"Actual Startup Time": 0.038,"Actual Total Time": 0.040,"Actual Rows": 1,"Actual Loops": 3,"Filter": "(r_name = 'AMERICA'::bpchar)","Rows Removed by Filter": 4,"Workers": []}]}]}]}]},{"Node Type": "Index Scan","Parent Relationship": "Inner","Parallel Aware": false,"Async Capable": false,"Scan Direction": "Forward","Index Name": "idx_orders_custkey","Relation Name": "orders","Alias": "orders","Startup Cost": 0.43,"Total Cost": 1.55,"Plan Rows": 3,"Plan Width": 8,"Actual Startup Time": 0.017,"Actual Total Time": 0.040,"Actual Rows": 2,"Actual Loops": 29952,"Index Cond": "(o_custkey = customer.c_custkey)","Rows Removed by Index Recheck": 0,"Filter": "((o_orderdate >= '1994-01-01'::date) AND (o_orderdate < '1995-01-01 00:00:00'::timestamp without time zone))","Rows Removed by Filter": 8,"Workers": []}]},{"Node Type": "Index Scan","Parent Relationship": "Inner","Parallel Aware": false,"Async Capable": false,"Scan Direction": "Forward","Index Name": "idx_lineitem_orderkey","Relation Name": "lineitem","Alias": "lineitem","Startup Cost": 0.43,"Total Cost": 2.84,"Plan Rows": 17,"Plan Width": 20,"Actual Startup Time": 0.017,"Actual Total Time": 0.020,"Actual Rows": 4,"Actual Loops": 45335,"Index Cond": "(l_orderkey = orders.o_orderkey)","Rows Removed by Index Recheck": 0,"Workers": []}]},{"Node Type": "Hash","Parent Relationship": "Inner","Parallel Aware": false,"Async Capable": false,"Startup Cost": 322.00,"Total Cost": 322.00,"Plan Rows": 10000,"Plan Width": 8,"Actual Startup Time": 8.509,"Actual Total Time": 8.512,"Actual Rows": 10000,"Actual Loops": 3,"Hash Buckets": 16384,"Original Hash Buckets": 16384,"Hash Batches": 1,"Original Hash Batches": 1,"Peak Memory Usage": 519,"Workers": [],"Plans": [{"Node Type": "Seq Scan","Parent Relationship": "Outer","Parallel Aware": false,"Async Capable": false,"Relation Name": "supplier","Alias": "supplier","Startup Cost": 0.00,"Total Cost": 322.00,"Plan Rows": 10000,"Plan Width": 8,"Actual Startup Time": 0.036,"Actual Total Time": 6.673,"Actual Rows": 10000,"Actual Loops": 3,"Workers": []}]}]}]}]}]}]}]},"Planning Time": 10.649,"Triggers": [],"Execution Time": 845.482}]
[{"Plan": {"Node Type": "Sort","Parallel Aware": false,"Async Capable": false,"Startup Cost": 21565.81,"Total Cost": 21565.87,"Plan Rows": 25,"Plan Width": 136,"Actual Startup Time": 826.666,"Actual Total Time": 858.678,"Actual Rows": 5,"Actual Loops": 1,"Sort Key": ["(sum((lineitem.l_extendedprice * ('1'::numeric - lineitem.l_discount)))) DESC"],"Sort Method": "quicksort","Sort Space Used": 25,"Sort Space Type": "Memory","Plans": [{"Node Type": "Aggregate","Strategy": "Sorted","Partial Mode": "Finalize","Parent Relationship": "Outer","Parallel Aware": false,"Async Capable": false,"Startup Cost": 21550.86,"Total Cost": 21565.23,"Plan Rows": 25,"Plan Width": 136,"Actual Startup Time": 825.974,"Actual Total Time": 858.621,"Actual Rows": 5,"Actual Loops": 1,"Group Key": ["nation.n_name"],"Plans": [{"Node Type": "Gather Merge","Parent Relationship": "Outer","Parallel Aware": false,"Async Capable": false,"Startup Cost": 21550.86,"Total Cost": 21564.54,"Plan Rows": 50,"Plan Width": 136,"Actual Startup Time": 825.726,"Actual Total Time": 858.579,"Actual Rows": 15,"Actual Loops": 1,"Workers Planned": 2,"Workers Launched": 2,"Plans": [{"Node Type": "Aggregate","Strategy": "Sorted","Partial Mode": "Partial","Parent Relationship": "Outer","Parallel Aware": false,"Async Capable": false,"Startup Cost": 20550.84,"Total Cost": 20558.75,"Plan Rows": 25,"Plan Width": 136,"Actual Startup Time": 818.223,"Actual Total Time": 818.980,"Actual Rows": 5,"Actual Loops": 3,"Group Key": ["nation.n_name"],"Workers": [],"Plans": [{"Node Type": "Sort","Parent Relationship": "Outer","Parallel Aware": false,"Async Capable": false,"Startup Cost": 20550.84,"Total Cost": 20552.36,"Plan Rows": 608,"Plan Width": 116,"Actual Startup Time": 818.011,"Actual Total Time": 818.145,"Actual Rows": 2489,"Actual Loops": 3,"Sort Key": ["nation.n_name"],"Sort Method": "quicksort","Sort Space Used": 294,"Sort Space Type": "Memory","Workers": [{"Worker Number": 0,"Sort Method": "quicksort","Sort Space Used": 286,"Sort Space Type": "Memory"},{"Worker Number": 1,"Sort Method": "quicksort","Sort Space Used": 292,"Sort Space Type": "Memory"}],"Plans": [{"Node Type": "Hash Join","Parent Relationship": "Outer","Parallel Aware": false,"Async Capable": false,"Join Type": "Inner","Startup Cost": 475.27,"Total Cost": 20522.72,"Plan Rows": 608,"Plan Width": 116,"Actual Startup Time": 11.840,"Actual Total Time": 816.555,"Actual Rows": 2489,"Actual Loops": 3,"Inner Unique": true,"Hash Cond": "((lineitem.l_suppkey = supplier.s_suppkey) AND (customer.c_nationkey = supplier.s_nationkey))","Workers": [],"Plans": [{"Node Type": "Nested Loop","Parent Relationship": "Outer","Parallel Aware": false,"Async Capable": false,"Join Type": "Inner","Startup Cost": 3.27,"Total Cost": 19970.84,"Plan Rows": 15215,"Plan Width": 128,"Actual Startup Time": 0.591,"Actual Total Time": 771.834,"Actual Rows": 60959,"Actual Loops": 3,"Inner Unique": false,"Workers": [],"Plans": [{"Node Type": "Nested Loop","Parent Relationship": "Outer","Parallel Aware": false,"Async Capable": false,"Join Type": "Inner","Startup Cost": 2.84,"Total Cost": 8414.26,"Plan Rows": 3803,"Plan Width": 116,"Actual Startup Time": 0.474,"Actual Total Time": 463.395,"Actual Rows": 15225,"Actual Loops": 3,"Inner Unique": false,"Workers": [],"Plans": [{"Node Type": "Hash Join","Parent Relationship": "Outer","Parallel Aware": false,"Async Capable": false,"Join Type": "Inner","Startup Cost": 2.41,"Total Cost": 4471.79,"Plan Rows": 2500,"Plan Width": 116,"Actual Startup Time": 0.230,"Actual Total Time": 58.477,"Actual Rows": 9984,"Actual Loops": 3,"Inner Unique": false,"Hash Cond": "(customer.c_nationkey = nation.n_nationkey)","Workers": [],"Plans": [{"Node Type": "Seq Scan","Parent Relationship": "Outer","Parallel Aware": true,"Async Capable": false,"Relation Name": "customer","Alias": "customer","Startup Cost": 0.00,"Total Cost": 4210.00,"Plan Rows": 62500,"Plan Width": 8,"Actual Startup Time": 0.016,"Actual Total Time": 10.057,"Actual Rows": 50000,"Actual Loops": 3,"Workers": []},{"Node Type": "Hash","Parent Relationship": "Inner","Parallel Aware": false,"Async Capable": false,"Startup Cost": 2.40,"Total Cost": 2.40,"Plan Rows": 1,"Plan Width": 108,"Actual Startup Time": 0.130,"Actual Total Time": 0.146,"Actual Rows": 5,"Actual Loops": 3,"Hash Buckets": 1024,"Original Hash Buckets": 1024,"Hash Batches": 1,"Original Hash Batches": 1,"Peak Memory Usage": 9,"Workers": [],"Plans": [{"Node Type": "Hash Join","Parent Relationship": "Outer","Parallel Aware": false,"Async Capable": false,"Join Type": "Inner","Startup Cost": 1.07,"Total Cost": 2.40,"Plan Rows": 1,"Plan Width": 108,"Actual Startup Time": 0.116,"Actual Total Time": 0.137,"Actual Rows": 5,"Actual Loops": 3,"Inner Unique": true,"Hash Cond": "(nation.n_regionkey = region.r_regionkey)","Workers": [],"Plans": [{"Node Type": "Seq Scan","Parent Relationship": "Outer","Parallel Aware": false,"Async Capable": false,"Relation Name": "nation","Alias": "nation","Startup Cost": 0.00,"Total Cost": 1.25,"Plan Rows": 25,"Plan Width": 112,"Actual Startup Time": 0.042,"Actual Total Time": 0.045,"Actual Rows": 25,"Actual Loops": 3,"Workers": []},{"Node Type": "Hash","Parent Relationship": "Inner","Parallel Aware": false,"Async Capable": false,"Startup Cost": 1.06,"Total Cost": 1.06,"Plan Rows": 1,"Plan Width": 4,"Actual Startup Time": 0.050,"Actual Total Time": 0.056,"Actual Rows": 1,"Actual Loops": 3,"Hash Buckets": 1024,"Original Hash Buckets": 1024,"Hash Batches": 1,"Original Hash Batches": 1,"Peak Memory Usage": 9,"Workers": [],"Plans": [{"Node Type": "Seq Scan","Parent Relationship": "Outer","Parallel Aware": false,"Async Capable": false,"Relation Name": "region","Alias": "region","Startup Cost": 0.00,"Total Cost": 1.06,"Plan Rows": 1,"Plan Width": 4,"Actual Startup Time": 0.038,"Actual Total Time": 0.040,"Actual Rows": 1,"Actual Loops": 3,"Filter": "(r_name = 'AMERICA'::bpchar)","Rows Removed by Filter": 4,"Workers": []}]}]}]}]},{"Node Type": "Index Scan","Parent Relationship": "Inner","Parallel Aware": false,"Async Capable": false,"Scan Direction": "Forward","Index Name": "idx_orders_custkey","Relation Name": "orders","Alias": "orders","Startup Cost": 0.43,"Total Cost": 1.55,"Plan Rows": 3,"Plan Width": 8,"Actual Startup Time": 0.017,"Actual Total Time": 0.040,"Actual Rows": 2,"Actual Loops": 29952,"Index Cond": "(o_custkey = customer.c_custkey)","Rows Removed by Index Recheck": 0,"Filter": "((o_orderdate >= '1997-01-01'::date) AND (o_orderdate < '1998-01-01 00:00:00'::timestamp without time zone))","Rows Removed by Filter": 8,"Workers": []}]},{"Node Type": "Index Scan","Parent Relationship": "Inner","Parallel Aware": false,"Async Capable": false,"Scan Direction": "Forward","Index Name": "idx_lineitem_orderkey","Relation Name": "lineitem","Alias": "lineitem","Startup Cost": 0.43,"Total Cost": 2.87,"Plan Rows": 17,"Plan Width": 20,"Actual Startup Time": 0.017,"Actual Total Time": 0.020,"Actual Rows": 4,"Actual Loops": 45676,"Index Cond": "(l_orderkey = orders.o_orderkey)","Rows Removed by Index Recheck": 0,"Workers": []}]},{"Node Type": "Hash","Parent Relationship": "Inner","Parallel Aware": false,"Async Capable": false,"Startup Cost": 322.00,"Total Cost": 322.00,"Plan Rows": 10000,"Plan Width": 8,"Actual Startup Time": 10.524,"Actual Total Time": 10.525,"Actual Rows": 10000,"Actual Loops": 3,"Hash Buckets": 16384,"Original Hash Buckets": 16384,"Hash Batches": 1,"Original Hash Batches": 1,"Peak Memory Usage": 519,"Workers": [],"Plans": [{"Node Type": "Seq Scan","Parent Relationship": "Outer","Parallel Aware": false,"Async Capable": false,"Relation Name": "supplier","Alias": "supplier","Startup Cost": 0.00,"Total Cost": 322.00,"Plan Rows": 10000,"Plan Width": 8,"Actual Startup Time": 0.042,"Actual Total Time": 8.814,"Actual Rows": 10000,"Actual Loops": 3,"Workers": []}]}]}]}]}]}]}]},"Planning Time": 10.085,"Triggers": [],"Execution Time": 859.237}]
[{"Plan": {"Node Type": "Sort","Parallel Aware": false,"Async Capable": false,"Startup Cost": 21565.24,"Total Cost": 21565.30,"Plan Rows": 25,"Plan Width": 136,"Actual Startup Time": 812.920,"Actual Total Time": 845.337,"Actual Rows": 5,"Actual Loops": 1,"Sort Key": ["(sum((lineitem.l_extendedprice * ('1'::numeric - lineitem.l_discount)))) DESC"],"Sort Method": "quicksort","Sort Space Used": 25,"Sort Space Type": "Memory","Plans": [{"Node Type": "Aggregate","Strategy": "Sorted","Partial Mode": "Finalize","Parent Relationship": "Outer","Parallel Aware": false,"Async Capable": false,"Startup Cost": 21550.29,"Total Cost": 21564.66,"Plan Rows": 25,"Plan Width": 136,"Actual Startup Time": 812.284,"Actual Total Time": 845.271,"Actual Rows": 5,"Actual Loops": 1,"Group Key": ["nation.n_name"],"Plans": [{"Node Type": "Gather Merge","Parent Relationship": "Outer","Parallel Aware": false,"Async Capable": false,"Startup Cost": 21550.29,"Total Cost": 21563.97,"Plan Rows": 50,"Plan Width": 136,"Actual Startup Time": 812.043,"Actual Total Time": 845.216,"Actual Rows": 15,"Actual Loops": 1,"Workers Planned": 2,"Workers Launched": 2,"Plans": [{"Node Type": "Aggregate","Strategy": "Sorted","Partial Mode": "Partial","Parent Relationship": "Outer","Parallel Aware": false,"Async Capable": false,"Startup Cost": 20550.26,"Total Cost": 20558.18,"Plan Rows": 25,"Plan Width": 136,"Actual Startup Time": 804.529,"Actual Total Time": 805.274,"Actual Rows": 5,"Actual Loops": 3,"Group Key": ["nation.n_name"],"Workers": [],"Plans": [{"Node Type": "Sort","Parent Relationship": "Outer","Parallel Aware": false,"Async Capable": false,"Startup Cost": 20550.26,"Total Cost": 20551.78,"Plan Rows": 608,"Plan Width": 116,"Actual Startup Time": 804.312,"Actual Total Time": 804.451,"Actual Rows": 2459,"Actual Loops": 3,"Sort Key": ["nation.n_name"],"Sort Method": "quicksort","Sort Space Used": 291,"Sort Space Type": "Memory","Workers": [{"Worker Number": 0,"Sort Method": "quicksort","Sort Space Used": 281,"Sort Space Type": "Memory"},{"Worker Number": 1,"Sort Method": "quicksort","Sort Space Used": 294,"Sort Space Type": "Memory"}],"Plans": [{"Node Type": "Hash Join","Parent Relationship": "Outer","Parallel Aware": false,"Async Capable": false,"Join Type": "Inner","Startup Cost": 475.27,"Total Cost": 20522.15,"Plan Rows": 608,"Plan Width": 116,"Actual Startup Time": 9.963,"Actual Total Time": 802.770,"Actual Rows": 2459,"Actual Loops": 3,"Inner Unique": true,"Hash Cond": "((lineitem.l_suppkey = supplier.s_suppkey) AND (customer.c_nationkey = supplier.s_nationkey))","Workers": [],"Plans": [{"Node Type": "Nested Loop","Parent Relationship": "Outer","Parallel Aware": false,"Async Capable": false,"Join Type": "Inner","Startup Cost": 3.27,"Total Cost": 19970.29,"Plan Rows": 15211,"Plan Width": 128,"Actual Startup Time": 0.726,"Actual Total Time": 761.226,"Actual Rows": 61195,"Actual Loops": 3,"Inner Unique": false,"Workers": [],"Plans": [{"Node Type": "Nested Loop","Parent Relationship": "Outer","Parallel Aware": false,"Async Capable": false,"Join Type": "Inner","Startup Cost": 2.84,"Total Cost": 8414.26,"Plan Rows": 3802,"Plan Width": 116,"Actual Startup Time": 0.590,"Actual Total Time": 455.580,"Actual Rows": 15244,"Actual Loops": 3,"Inner Unique": false,"Workers": [],"Plans": [{"Node Type": "Hash Join","Parent Relationship": "Outer","Parallel Aware": false,"Async Capable": false,"Join Type": "Inner","Startup Cost": 2.41,"Total Cost": 4471.79,"Plan Rows": 2500,"Plan Width": 116,"Actual Startup Time": 0.294,"Actual Total Time": 55.676,"Actual Rows": 10061,"Actual Loops": 3,"Inner Unique": false,"Hash Cond": "(customer.c_nationkey = nation.n_nationkey)","Workers": [],"Plans": [{"Node Type": "Seq Scan","Parent Relationship": "Outer","Parallel Aware": true,"Async Capable": false,"Relation Name": "customer","Alias": "customer","Startup Cost": 0.00,"Total Cost": 4210.00,"Plan Rows": 62500,"Plan Width": 8,"Actual Startup Time": 0.018,"Actual Total Time": 9.635,"Actual Rows": 50000,"Actual Loops": 3,"Workers": []},{"Node Type": "Hash","Parent Relationship": "Inner","Parallel Aware": false,"Async Capable": false,"Startup Cost": 2.40,"Total Cost": 2.40,"Plan Rows": 1,"Plan Width": 108,"Actual Startup Time": 0.169,"Actual Total Time": 0.188,"Actual Rows": 5,"Actual Loops": 3,"Hash Buckets": 1024,"Original Hash Buckets": 1024,"Hash Batches": 1,"Original Hash Batches": 1,"Peak Memory Usage": 9,"Workers": [],"Plans": [{"Node Type": "Hash Join","Parent Relationship": "Outer","Parallel Aware": false,"Async Capable": false,"Join Type": "Inner","Startup Cost": 1.07,"Total Cost": 2.40,"Plan Rows": 1,"Plan Width": 108,"Actual Startup Time": 0.153,"Actual Total Time": 0.175,"Actual Rows": 5,"Actual Loops": 3,"Inner Unique": true,"Hash Cond": "(nation.n_regionkey = region.r_regionkey)","Workers": [],"Plans": [{"Node Type": "Seq Scan","Parent Relationship": "Outer","Parallel Aware": false,"Async Capable": false,"Relation Name": "nation","Alias": "nation","Startup Cost": 0.00,"Total Cost": 1.25,"Plan Rows": 25,"Plan Width": 112,"Actual Startup Time": 0.049,"Actual Total Time": 0.052,"Actual Rows": 25,"Actual Loops": 3,"Workers": []},{"Node Type": "Hash","Parent Relationship": "Inner","Parallel Aware": false,"Async Capable": false,"Startup Cost": 1.06,"Total Cost": 1.06,"Plan Rows": 1,"Plan Width": 4,"Actual Startup Time": 0.069,"Actual Total Time": 0.076,"Actual Rows": 1,"Actual Loops": 3,"Hash Buckets": 1024,"Original Hash Buckets": 1024,"Hash Batches": 1,"Original Hash Batches": 1,"Peak Memory Usage": 9,"Workers": [],"Plans": [{"Node Type": "Seq Scan","Parent Relationship": "Outer","Parallel Aware": false,"Async Capable": false,"Relation Name": "region","Alias": "region","Startup Cost": 0.00,"Total Cost": 1.06,"Plan Rows": 1,"Plan Width": 4,"Actual Startup Time": 0.054,"Actual Total Time": 0.057,"Actual Rows": 1,"Actual Loops": 3,"Filter": "(r_name = 'ASIA'::bpchar)","Rows Removed by Filter": 4,"Workers": []}]}]}]}]},{"Node Type": "Index Scan","Parent Relationship": "Inner","Parallel Aware": false,"Async Capable": false,"Scan Direction": "Forward","Index Name": "idx_orders_custkey","Relation Name": "orders","Alias": "orders","Startup Cost": 0.43,"Total Cost": 1.55,"Plan Rows": 3,"Plan Width": 8,"Actual Startup Time": 0.017,"Actual Total Time": 0.039,"Actual Rows": 2,"Actual Loops": 30183,"Index Cond": "(o_custkey = customer.c_custkey)","Rows Removed by Index Recheck": 0,"Filter": "((o_orderdate >= '1995-01-01'::date) AND (o_orderdate < '1996-01-01 00:00:00'::timestamp without time zone))","Rows Removed by Filter": 8,"Workers": []}]},{"Node Type": "Index Scan","Parent Relationship": "Inner","Parallel Aware": false,"Async Capable": false,"Scan Direction": "Forward","Index Name": "idx_lineitem_orderkey","Relation Name": "lineitem","Alias": "lineitem","Startup Cost": 0.43,"Total Cost": 2.87,"Plan Rows": 17,"Plan Width": 20,"Actual Startup Time": 0.017,"Actual Total Time": 0.019,"Actual Rows": 4,"Actual Loops": 45731,"Index Cond": "(l_orderkey = orders.o_orderkey)","Rows Removed by Index Recheck": 0,"Workers": []}]},{"Node Type": "Hash","Parent Relationship": "Inner","Parallel Aware": false,"Async Capable": false,"Startup Cost": 322.00,"Total Cost": 322.00,"Plan Rows": 10000,"Plan Width": 8,"Actual Startup Time": 8.662,"Actual Total Time": 8.670,"Actual Rows": 10000,"Actual Loops": 3,"Hash Buckets": 16384,"Original Hash Buckets": 16384,"Hash Batches": 1,"Original Hash Batches": 1,"Peak Memory Usage": 519,"Workers": [],"Plans": [{"Node Type": "Seq Scan","Parent Relationship": "Outer","Parallel Aware": false,"Async Capable": false,"Relation Name": "supplier","Alias": "supplier","Startup Cost": 0.00,"Total Cost": 322.00,"Plan Rows": 10000,"Plan Width": 8,"Actual Startup Time": 0.038,"Actual Total Time": 6.811,"Actual Rows": 10000,"Actual Loops": 3,"Workers": []}]}]}]}]}]}]}]},"Planning Time": 10.579,"Triggers": [],"Execution Time": 845.911}]
[{"Plan": {"Node Type": "Sort","Parallel Aware": false,"Async Capable": false,"Startup Cost": 21565.81,"Total Cost": 21565.87,"Plan Rows": 25,"Plan Width": 136,"Actual Startup Time": 833.811,"Actual Total Time": 865.523,"Actual Rows": 5,"Actual Loops": 1,"Sort Key": ["(sum((lineitem.l_extendedprice * ('1'::numeric - lineitem.l_discount)))) DESC"],"Sort Method": "quicksort","Sort Space Used": 25,"Sort Space Type": "Memory","Plans": [{"Node Type": "Aggregate","Strategy": "Sorted","Partial Mode": "Finalize","Parent Relationship": "Outer","Parallel Aware": false,"Async Capable": false,"Startup Cost": 21550.86,"Total Cost": 21565.23,"Plan Rows": 25,"Plan Width": 136,"Actual Startup Time": 833.271,"Actual Total Time": 865.478,"Actual Rows": 5,"Actual Loops": 1,"Group Key": ["nation.n_name"],"Plans": [{"Node Type": "Gather Merge","Parent Relationship": "Outer","Parallel Aware": false,"Async Capable": false,"Startup Cost": 21550.86,"Total Cost": 21564.54,"Plan Rows": 50,"Plan Width": 136,"Actual Startup Time": 833.025,"Actual Total Time": 865.435,"Actual Rows": 15,"Actual Loops": 1,"Workers Planned": 2,"Workers Launched": 2,"Plans": [{"Node Type": "Aggregate","Strategy": "Sorted","Partial Mode": "Partial","Parent Relationship": "Outer","Parallel Aware": false,"Async Capable": false,"Startup Cost": 20550.84,"Total Cost": 20558.75,"Plan Rows": 25,"Plan Width": 136,"Actual Startup Time": 825.546,"Actual Total Time": 826.255,"Actual Rows": 5,"Actual Loops": 3,"Group Key": ["nation.n_name"],"Workers": [],"Plans": [{"Node Type": "Sort","Parent Relationship": "Outer","Parallel Aware": false,"Async Capable": false,"Startup Cost": 20550.84,"Total Cost": 20552.36,"Plan Rows": 608,"Plan Width": 116,"Actual Startup Time": 825.323,"Actual Total Time": 825.450,"Actual Rows": 2415,"Actual Loops": 3,"Sort Key": ["nation.n_name"],"Sort Method": "quicksort","Sort Space Used": 281,"Sort Space Type": "Memory","Workers": [{"Worker Number": 0,"Sort Method": "quicksort","Sort Space Used": 286,"Sort Space Type": "Memory"},{"Worker Number": 1,"Sort Method": "quicksort","Sort Space Used": 289,"Sort Space Type": "Memory"}],"Plans": [{"Node Type": "Hash Join","Parent Relationship": "Outer","Parallel Aware": false,"Async Capable": false,"Join Type": "Inner","Startup Cost": 475.27,"Total Cost": 20522.72,"Plan Rows": 608,"Plan Width": 116,"Actual Startup Time": 12.893,"Actual Total Time": 823.841,"Actual Rows": 2415,"Actual Loops": 3,"Inner Unique": true,"Hash Cond": "((lineitem.l_suppkey = supplier.s_suppkey) AND (customer.c_nationkey = supplier.s_nationkey))","Workers": [],"Plans": [{"Node Type": "Nested Loop","Parent Relationship": "Outer","Parallel Aware": false,"Async Capable": false,"Join Type": "Inner","Startup Cost": 3.27,"Total Cost": 19970.84,"Plan Rows": 15215,"Plan Width": 128,"Actual Startup Time": 0.809,"Actual Total Time": 777.035,"Actual Rows": 60714,"Actual Loops": 3,"Inner Unique": false,"Workers": [],"Plans": [{"Node Type": "Nested Loop","Parent Relationship": "Outer","Parallel Aware": false,"Async Capable": false,"Join Type": "Inner","Startup Cost": 2.84,"Total Cost": 8414.26,"Plan Rows": 3803,"Plan Width": 116,"Actual Startup Time": 0.660,"Actual Total Time": 471.667,"Actual Rows": 15226,"Actual Loops": 3,"Inner Unique": false,"Workers": [],"Plans": [{"Node Type": "Hash Join","Parent Relationship": "Outer","Parallel Aware": false,"Async Capable": false,"Join Type": "Inner","Startup Cost": 2.41,"Total Cost": 4471.79,"Plan Rows": 2500,"Plan Width": 116,"Actual Startup Time": 0.276,"Actual Total Time": 59.829,"Actual Rows": 10066,"Actual Loops": 3,"Inner Unique": false,"Hash Cond": "(customer.c_nationkey = nation.n_nationkey)","Workers": [],"Plans": [{"Node Type": "Seq Scan","Parent Relationship": "Outer","Parallel Aware": true,"Async Capable": false,"Relation Name": "customer","Alias": "customer","Startup Cost": 0.00,"Total Cost": 4210.00,"Plan Rows": 62500,"Plan Width": 8,"Actual Startup Time": 0.021,"Actual Total Time": 10.083,"Actual Rows": 50000,"Actual Loops": 3,"Workers": []},{"Node Type": "Hash","Parent Relationship": "Inner","Parallel Aware": false,"Async Capable": false,"Startup Cost": 2.40,"Total Cost": 2.40,"Plan Rows": 1,"Plan Width": 108,"Actual Startup Time": 0.154,"Actual Total Time": 0.171,"Actual Rows": 5,"Actual Loops": 3,"Hash Buckets": 1024,"Original Hash Buckets": 1024,"Hash Batches": 1,"Original Hash Batches": 1,"Peak Memory Usage": 9,"Workers": [],"Plans": [{"Node Type": "Hash Join","Parent Relationship": "Outer","Parallel Aware": false,"Async Capable": false,"Join Type": "Inner","Startup Cost": 1.07,"Total Cost": 2.40,"Plan Rows": 1,"Plan Width": 108,"Actual Startup Time": 0.139,"Actual Total Time": 0.162,"Actual Rows": 5,"Actual Loops": 3,"Inner Unique": true,"Hash Cond": "(nation.n_regionkey = region.r_regionkey)","Workers": [],"Plans": [{"Node Type": "Seq Scan","Parent Relationship": "Outer","Parallel Aware": false,"Async Capable": false,"Relation Name": "nation","Alias": "nation","Startup Cost": 0.00,"Total Cost": 1.25,"Plan Rows": 25,"Plan Width": 112,"Actual Startup Time": 0.051,"Actual Total Time": 0.055,"Actual Rows": 25,"Actual Loops": 3,"Workers": []},{"Node Type": "Hash","Parent Relationship": "Inner","Parallel Aware": false,"Async Capable": false,"Startup Cost": 1.06,"Total Cost": 1.06,"Plan Rows": 1,"Plan Width": 4,"Actual Startup Time": 0.057,"Actual Total Time": 0.063,"Actual Rows": 1,"Actual Loops": 3,"Hash Buckets": 1024,"Original Hash Buckets": 1024,"Hash Batches": 1,"Original Hash Batches": 1,"Peak Memory Usage": 9,"Workers": [],"Plans": [{"Node Type": "Seq Scan","Parent Relationship": "Outer","Parallel Aware": false,"Async Capable": false,"Relation Name": "region","Alias": "region","Startup Cost": 0.00,"Total Cost": 1.06,"Plan Rows": 1,"Plan Width": 4,"Actual Startup Time": 0.043,"Actual Total Time": 0.045,"Actual Rows": 1,"Actual Loops": 3,"Filter": "(r_name = 'EUROPE'::bpchar)","Rows Removed by Filter": 4,"Workers": []}]}]}]}]},{"Node Type": "Index Scan","Parent Relationship": "Inner","Parallel Aware": false,"Async Capable": false,"Scan Direction": "Forward","Index Name": "idx_orders_custkey","Relation Name": "orders","Alias": "orders","Startup Cost": 0.43,"Total Cost": 1.55,"Plan Rows": 3,"Plan Width": 8,"Actual Startup Time": 0.017,"Actual Total Time": 0.041,"Actual Rows": 2,"Actual Loops": 30197,"Index Cond": "(o_custkey = customer.c_custkey)","Rows Removed by Index Recheck": 0,"Filter": "((o_orderdate >= '1997-01-01'::date) AND (o_orderdate < '1998-01-01 00:00:00'::timestamp without time zone))","Rows Removed by Filter": 9,"Workers": []}]},{"Node Type": "Index Scan","Parent Relationship": "Inner","Parallel Aware": false,"Async Capable": false,"Scan Direction": "Forward","Index Name": "idx_lineitem_orderkey","Relation Name": "lineitem","Alias": "lineitem","Startup Cost": 0.43,"Total Cost": 2.87,"Plan Rows": 17,"Plan Width": 20,"Actual Startup Time": 0.017,"Actual Total Time": 0.019,"Actual Rows": 4,"Actual Loops": 45677,"Index Cond": "(l_orderkey = orders.o_orderkey)","Rows Removed by Index Recheck": 0,"Workers": []}]},{"Node Type": "Hash","Parent Relationship": "Inner","Parallel Aware": false,"Async Capable": false,"Startup Cost": 322.00,"Total Cost": 322.00,"Plan Rows": 10000,"Plan Width": 8,"Actual Startup Time": 11.560,"Actual Total Time": 11.566,"Actual Rows": 10000,"Actual Loops": 3,"Hash Buckets": 16384,"Original Hash Buckets": 16384,"Hash Batches": 1,"Original Hash Batches": 1,"Peak Memory Usage": 519,"Workers": [],"Plans": [{"Node Type": "Seq Scan","Parent Relationship": "Outer","Parallel Aware": false,"Async Capable": false,"Relation Name": "supplier","Alias": "supplier","Startup Cost": 0.00,"Total Cost": 322.00,"Plan Rows": 10000,"Plan Width": 8,"Actual Startup Time": 0.053,"Actual Total Time": 9.758,"Actual Rows": 10000,"Actual Loops": 3,"Workers": []}]}]}]}]}]}]}]},"Planning Time": 11.054,"Triggers": [],"Execution Time": 866.075}]
[{"Plan": {"Node Type": "Sort","Parallel Aware": false,"Async Capable": false,"Startup Cost": 21565.24,"Total Cost": 21565.30,"Plan Rows": 25,"Plan Width": 136,"Actual Startup Time": 803.148,"Actual Total Time": 837.225,"Actual Rows": 5,"Actual Loops": 1,"Sort Key": ["(sum((lineitem.l_extendedprice * ('1'::numeric - lineitem.l_discount)))) DESC"],"Sort Method": "quicksort","Sort Space Used": 25,"Sort Space Type": "Memory","Plans": [{"Node Type": "Aggregate","Strategy": "Sorted","Partial Mode": "Finalize","Parent Relationship": "Outer","Parallel Aware": false,"Async Capable": false,"Startup Cost": 21550.29,"Total Cost": 21564.66,"Plan Rows": 25,"Plan Width": 136,"Actual Startup Time": 802.551,"Actual Total Time": 837.165,"Actual Rows": 5,"Actual Loops": 1,"Group Key": ["nation.n_name"],"Plans": [{"Node Type": "Gather Merge","Parent Relationship": "Outer","Parallel Aware": false,"Async Capable": false,"Startup Cost": 21550.29,"Total Cost": 21563.97,"Plan Rows": 50,"Plan Width": 136,"Actual Startup Time": 802.343,"Actual Total Time": 837.116,"Actual Rows": 15,"Actual Loops": 1,"Workers Planned": 2,"Workers Launched": 2,"Plans": [{"Node Type": "Aggregate","Strategy": "Sorted","Partial Mode": "Partial","Parent Relationship": "Outer","Parallel Aware": false,"Async Capable": false,"Startup Cost": 20550.26,"Total Cost": 20558.18,"Plan Rows": 25,"Plan Width": 136,"Actual Startup Time": 794.724,"Actual Total Time": 795.426,"Actual Rows": 5,"Actual Loops": 3,"Group Key": ["nation.n_name"],"Workers": [],"Plans": [{"Node Type": "Sort","Parent Relationship": "Outer","Parallel Aware": false,"Async Capable": false,"Startup Cost": 20550.26,"Total Cost": 20551.78,"Plan Rows": 608,"Plan Width": 116,"Actual Startup Time": 794.492,"Actual Total Time": 794.616,"Actual Rows": 2402,"Actual Loops": 3,"Sort Key": ["nation.n_name"],"Sort Method": "quicksort","Sort Space Used": 284,"Sort Space Type": "Memory","Workers": [{"Worker Number": 0,"Sort Method": "quicksort","Sort Space Used": 278,"Sort Space Type": "Memory"},{"Worker Number": 1,"Sort Method": "quicksort","Sort Space Used": 290,"Sort Space Type": "Memory"}],"Plans": [{"Node Type": "Hash Join","Parent Relationship": "Outer","Parallel Aware": false,"Async Capable": false,"Join Type": "Inner","Startup Cost": 475.27,"Total Cost": 20522.15,"Plan Rows": 608,"Plan Width": 116,"Actual Startup Time": 9.804,"Actual Total Time": 792.945,"Actual Rows": 2402,"Actual Loops": 3,"Inner Unique": true,"Hash Cond": "((lineitem.l_suppkey = supplier.s_suppkey) AND (customer.c_nationkey = supplier.s_nationkey))","Workers": [],"Plans": [{"Node Type": "Nested Loop","Parent Relationship": "Outer","Parallel Aware": false,"Async Capable": false,"Join Type": "Inner","Startup Cost": 3.27,"Total Cost": 19970.29,"Plan Rows": 15211,"Plan Width": 128,"Actual Startup Time": 0.739,"Actual Total Time": 751.905,"Actual Rows": 60896,"Actual Loops": 3,"Inner Unique": false,"Workers": [],"Plans": [{"Node Type": "Nested Loop","Parent Relationship": "Outer","Parallel Aware": false,"Async Capable": false,"Join Type": "Inner","Startup Cost": 2.84,"Total Cost": 8414.26,"Plan Rows": 3802,"Plan Width": 116,"Actual Startup Time": 0.610,"Actual Total Time": 448.155,"Actual Rows": 15274,"Actual Loops": 3,"Inner Unique": false,"Workers": [],"Plans": [{"Node Type": "Hash Join","Parent Relationship": "Outer","Parallel Aware": false,"Async Capable": false,"Join Type": "Inner","Startup Cost": 2.41,"Total Cost": 4471.79,"Plan Rows": 2500,"Plan Width": 116,"Actual Startup Time": 0.268,"Actual Total Time": 53.804,"Actual Rows": 9921,"Actual Loops": 3,"Inner Unique": false,"Hash Cond": "(customer.c_nationkey = nation.n_nationkey)","Workers": [],"Plans": [{"Node Type": "Seq Scan","Parent Relationship": "Outer","Parallel Aware": true,"Async Capable": false,"Relation Name": "customer","Alias": "customer","Startup Cost": 0.00,"Total Cost": 4210.00,"Plan Rows": 62500,"Plan Width": 8,"Actual Startup Time": 0.020,"Actual Total Time": 9.563,"Actual Rows": 50000,"Actual Loops": 3,"Workers": []},{"Node Type": "Hash","Parent Relationship": "Inner","Parallel Aware": false,"Async Capable": false,"Startup Cost": 2.40,"Total Cost": 2.40,"Plan Rows": 1,"Plan Width": 108,"Actual Startup Time": 0.161,"Actual Total Time": 0.176,"Actual Rows": 5,"Actual Loops": 3,"Hash Buckets": 1024,"Original Hash Buckets": 1024,"Hash Batches": 1,"Original Hash Batches": 1,"Peak Memory Usage": 9,"Workers": [],"Plans": [{"Node Type": "Hash Join","Parent Relationship": "Outer","Parallel Aware": false,"Async Capable": false,"Join Type": "Inner","Startup Cost": 1.07,"Total Cost": 2.40,"Plan Rows": 1,"Plan Width": 108,"Actual Startup Time": 0.143,"Actual Total Time": 0.167,"Actual Rows": 5,"Actual Loops": 3,"Inner Unique": true,"Hash Cond": "(nation.n_regionkey = region.r_regionkey)","Workers": [],"Plans": [{"Node Type": "Seq Scan","Parent Relationship": "Outer","Parallel Aware": false,"Async Capable": false,"Relation Name": "nation","Alias": "nation","Startup Cost": 0.00,"Total Cost": 1.25,"Plan Rows": 25,"Plan Width": 112,"Actual Startup Time": 0.052,"Actual Total Time": 0.056,"Actual Rows": 25,"Actual Loops": 3,"Workers": []},{"Node Type": "Hash","Parent Relationship": "Inner","Parallel Aware": false,"Async Capable": false,"Startup Cost": 1.06,"Total Cost": 1.06,"Plan Rows": 1,"Plan Width": 4,"Actual Startup Time": 0.061,"Actual Total Time": 0.066,"Actual Rows": 1,"Actual Loops": 3,"Hash Buckets": 1024,"Original Hash Buckets": 1024,"Hash Batches": 1,"Original Hash Batches": 1,"Peak Memory Usage": 9,"Workers": [],"Plans": [{"Node Type": "Seq Scan","Parent Relationship": "Outer","Parallel Aware": false,"Async Capable": false,"Relation Name": "region","Alias": "region","Startup Cost": 0.00,"Total Cost": 1.06,"Plan Rows": 1,"Plan Width": 4,"Actual Startup Time": 0.046,"Actual Total Time": 0.049,"Actual Rows": 1,"Actual Loops": 3,"Filter": "(r_name = 'AFRICA'::bpchar)","Rows Removed by Filter": 4,"Workers": []}]}]}]}]},{"Node Type": "Index Scan","Parent Relationship": "Inner","Parallel Aware": false,"Async Capable": false,"Scan Direction": "Forward","Index Name": "idx_orders_custkey","Relation Name": "orders","Alias": "orders","Startup Cost": 0.43,"Total Cost": 1.55,"Plan Rows": 3,"Plan Width": 8,"Actual Startup Time": 0.017,"Actual Total Time": 0.039,"Actual Rows": 2,"Actual Loops": 29764,"Index Cond": "(o_custkey = customer.c_custkey)","Rows Removed by Index Recheck": 0,"Filter": "((o_orderdate >= '1995-01-01'::date) AND (o_orderdate < '1996-01-01 00:00:00'::timestamp without time zone))","Rows Removed by Filter": 9,"Workers": []}]},{"Node Type": "Index Scan","Parent Relationship": "Inner","Parallel Aware": false,"Async Capable": false,"Scan Direction": "Forward","Index Name": "idx_lineitem_orderkey","Relation Name": "lineitem","Alias": "lineitem","Startup Cost": 0.43,"Total Cost": 2.87,"Plan Rows": 17,"Plan Width": 20,"Actual Startup Time": 0.017,"Actual Total Time": 0.019,"Actual Rows": 4,"Actual Loops": 45822,"Index Cond": "(l_orderkey = orders.o_orderkey)","Rows Removed by Index Recheck": 0,"Workers": []}]},{"Node Type": "Hash","Parent Relationship": "Inner","Parallel Aware": false,"Async Capable": false,"Startup Cost": 322.00,"Total Cost": 322.00,"Plan Rows": 10000,"Plan Width": 8,"Actual Startup Time": 8.249,"Actual Total Time": 8.253,"Actual Rows": 10000,"Actual Loops": 3,"Hash Buckets": 16384,"Original Hash Buckets": 16384,"Hash Batches": 1,"Original Hash Batches": 1,"Peak Memory Usage": 519,"Workers": [],"Plans": [{"Node Type": "Seq Scan","Parent Relationship": "Outer","Parallel Aware": false,"Async Capable": false,"Relation Name": "supplier","Alias": "supplier","Startup Cost": 0.00,"Total Cost": 322.00,"Plan Rows": 10000,"Plan Width": 8,"Actual Startup Time": 0.043,"Actual Total Time": 6.388,"Actual Rows": 10000,"Actual Loops": 3,"Workers": []}]}]}]}]}]}]}]},"Planning Time": 10.225,"Triggers": [],"Execution Time": 837.854}]
[{"Plan": {"Node Type": "Sort","Parallel Aware": false,"Async Capable": false,"Startup Cost": 21612.43,"Total Cost": 21612.50,"Plan Rows": 25,"Plan Width": 136,"Actual Startup Time": 832.616,"Actual Total Time": 862.680,"Actual Rows": 5,"Actual Loops": 1,"Sort Key": ["(sum((lineitem.l_extendedprice * ('1'::numeric - lineitem.l_discount)))) DESC"],"Sort Method": "quicksort","Sort Space Used": 25,"Sort Space Type": "Memory","Plans": [{"Node Type": "Aggregate","Strategy": "Sorted","Partial Mode": "Finalize","Parent Relationship": "Outer","Parallel Aware": false,"Async Capable": false,"Startup Cost": 21597.38,"Total Cost": 21611.85,"Plan Rows": 25,"Plan Width": 136,"Actual Startup Time": 832.009,"Actual Total Time": 862.637,"Actual Rows": 5,"Actual Loops": 1,"Group Key": ["nation.n_name"],"Plans": [{"Node Type": "Gather Merge","Parent Relationship": "Outer","Parallel Aware": false,"Async Capable": false,"Startup Cost": 21597.38,"Total Cost": 21611.17,"Plan Rows": 50,"Plan Width": 136,"Actual Startup Time": 831.804,"Actual Total Time": 862.590,"Actual Rows": 15,"Actual Loops": 1,"Workers Planned": 2,"Workers Launched": 2,"Plans": [{"Node Type": "Aggregate","Strategy": "Sorted","Partial Mode": "Partial","Parent Relationship": "Outer","Parallel Aware": false,"Async Capable": false,"Startup Cost": 20597.36,"Total Cost": 20605.37,"Plan Rows": 25,"Plan Width": 136,"Actual Startup Time": 824.333,"Actual Total Time": 825.038,"Actual Rows": 5,"Actual Loops": 3,"Group Key": ["nation.n_name"],"Workers": [],"Plans": [{"Node Type": "Sort","Parent Relationship": "Outer","Parallel Aware": false,"Async Capable": false,"Startup Cost": 20597.36,"Total Cost": 20598.90,"Plan Rows": 616,"Plan Width": 116,"Actual Startup Time": 824.137,"Actual Total Time": 824.256,"Actual Rows": 2417,"Actual Loops": 3,"Sort Key": ["nation.n_name"],"Sort Method": "quicksort","Sort Space Used": 288,"Sort Space Type": "Memory","Workers": [{"Worker Number": 0,"Sort Method": "quicksort","Sort Space Used": 280,"Sort Space Type": "Memory"},{"Worker Number": 1,"Sort Method": "quicksort","Sort Space Used": 288,"Sort Space Type": "Memory"}],"Plans": [{"Node Type": "Hash Join","Parent Relationship": "Outer","Parallel Aware": false,"Async Capable": false,"Join Type": "Inner","Startup Cost": 475.27,"Total Cost": 20568.82,"Plan Rows": 616,"Plan Width": 116,"Actual Startup Time": 12.703,"Actual Total Time": 822.671,"Actual Rows": 2417,"Actual Loops": 3,"Inner Unique": true,"Hash Cond": "((lineitem.l_suppkey = supplier.s_suppkey) AND (customer.c_nationkey = supplier.s_nationkey))","Workers": [],"Plans": [{"Node Type": "Nested Loop","Parent Relationship": "Outer","Parallel Aware": false,"Async Capable": false,"Join Type": "Inner","Startup Cost": 3.27,"Total Cost": 20015.89,"Plan Rows": 15415,"Plan Width": 128,"Actual Startup Time": 0.571,"Actual Total Time": 776.984,"Actual Rows": 59997,"Actual Loops": 3,"Inner Unique": false,"Workers": [],"Plans": [{"Node Type": "Nested Loop","Parent Relationship": "Outer","Parallel Aware": false,"Async Capable": false,"Join Type": "Inner","Startup Cost": 2.84,"Total Cost": 8414.26,"Plan Rows": 3853,"Plan Width": 116,"Actual Startup Time": 0.454,"Actual Total Time": 470.088,"Actual Rows": 15003,"Actual Loops": 3,"Inner Unique": false,"Workers": [],"Plans": [{"Node Type": "Hash Join","Parent Relationship": "Outer","Parallel Aware": false,"Async Capable": false,"Join Type": "Inner","Startup Cost": 2.41,"Total Cost": 4471.79,"Plan Rows": 2500,"Plan Width": 116,"Actual Startup Time": 0.227,"Actual Total Time": 60.370,"Actual Rows": 9968,"Actual Loops": 3,"Inner Unique": false,"Hash Cond": "(customer.c_nationkey = nation.n_nationkey)","Workers": [],"Plans": [{"Node Type": "Seq Scan","Parent Relationship": "Outer","Parallel Aware": true,"Async Capable": false,"Relation Name": "customer","Alias": "customer","Startup Cost": 0.00,"Total Cost": 4210.00,"Plan Rows": 62500,"Plan Width": 8,"Actual Startup Time": 0.013,"Actual Total Time": 10.099,"Actual Rows": 50000,"Actual Loops": 3,"Workers": []},{"Node Type": "Hash","Parent Relationship": "Inner","Parallel Aware": false,"Async Capable": false,"Startup Cost": 2.40,"Total Cost": 2.40,"Plan Rows": 1,"Plan Width": 108,"Actual Startup Time": 0.138,"Actual Total Time": 0.150,"Actual Rows": 5,"Actual Loops": 3,"Hash Buckets": 1024,"Original Hash Buckets": 1024,"Hash Batches": 1,"Original Hash Batches": 1,"Peak Memory Usage": 9,"Workers": [],"Plans": [{"Node Type": "Hash Join","Parent Relationship": "Outer","Parallel Aware": false,"Async Capable": false,"Join Type": "Inner","Startup Cost": 1.07,"Total Cost": 2.40,"Plan Rows": 1,"Plan Width": 108,"Actual Startup Time": 0.125,"Actual Total Time": 0.142,"Actual Rows": 5,"Actual Loops": 3,"Inner Unique": true,"Hash Cond": "(nation.n_regionkey = region.r_regionkey)","Workers": [],"Plans": [{"Node Type": "Seq Scan","Parent Relationship": "Outer","Parallel Aware": false,"Async Capable": false,"Relation Name": "nation","Alias": "nation","Startup Cost": 0.00,"Total Cost": 1.25,"Plan Rows": 25,"Plan Width": 112,"Actual Startup Time": 0.044,"Actual Total Time": 0.047,"Actual Rows": 25,"Actual Loops": 3,"Workers": []},{"Node Type": "Hash","Parent Relationship": "Inner","Parallel Aware": false,"Async Capable": false,"Startup Cost": 1.06,"Total Cost": 1.06,"Plan Rows": 1,"Plan Width": 4,"Actual Startup Time": 0.054,"Actual Total Time": 0.057,"Actual Rows": 1,"Actual Loops": 3,"Hash Buckets": 1024,"Original Hash Buckets": 1024,"Hash Batches": 1,"Original Hash Batches": 1,"Peak Memory Usage": 9,"Workers": [],"Plans": [{"Node Type": "Seq Scan","Parent Relationship": "Outer","Parallel Aware": false,"Async Capable": false,"Relation Name": "region","Alias": "region","Startup Cost": 0.00,"Total Cost": 1.06,"Plan Rows": 1,"Plan Width": 4,"Actual Startup Time": 0.039,"Actual Total Time": 0.040,"Actual Rows": 1,"Actual Loops": 3,"Filter": "(r_name = 'MIDDLE EAST'::bpchar)","Rows Removed by Filter": 4,"Workers": []}]}]}]}]},{"Node Type": "Index Scan","Parent Relationship": "Inner","Parallel Aware": false,"Async Capable": false,"Scan Direction": "Forward","Index Name": "idx_orders_custkey","Relation Name": "orders","Alias": "orders","Startup Cost": 0.43,"Total Cost": 1.55,"Plan Rows": 3,"Plan Width": 8,"Actual Startup Time": 0.017,"Actual Total Time": 0.041,"Actual Rows": 2,"Actual Loops": 29904,"Index Cond": "(o_custkey = customer.c_custkey)","Rows Removed by Index Recheck": 0,"Filter": "((o_orderdate >= '1994-01-01'::date) AND (o_orderdate < '1995-01-01 00:00:00'::timestamp without time zone))","Rows Removed by Filter": 8,"Workers": []}]},{"Node Type": "Index Scan","Parent Relationship": "Inner","Parallel Aware": false,"Async Capable": false,"Scan Direction": "Forward","Index Name": "idx_lineitem_orderkey","Relation Name": "lineitem","Alias": "lineitem","Startup Cost": 0.43,"Total Cost": 2.84,"Plan Rows": 17,"Plan Width": 20,"Actual Startup Time": 0.017,"Actual Total Time": 0.020,"Actual Rows": 4,"Actual Loops": 45009,"Index Cond": "(l_orderkey = orders.o_orderkey)","Rows Removed by Index Recheck": 0,"Workers": []}]},{"Node Type": "Hash","Parent Relationship": "Inner","Parallel Aware": false,"Async Capable": false,"Startup Cost": 322.00,"Total Cost": 322.00,"Plan Rows": 10000,"Plan Width": 8,"Actual Startup Time": 11.133,"Actual Total Time": 11.135,"Actual Rows": 10000,"Actual Loops": 3,"Hash Buckets": 16384,"Original Hash Buckets": 16384,"Hash Batches": 1,"Original Hash Batches": 1,"Peak Memory Usage": 519,"Workers": [],"Plans": [{"Node Type": "Seq Scan","Parent Relationship": "Outer","Parallel Aware": false,"Async Capable": false,"Relation Name": "supplier","Alias": "supplier","Startup Cost": 0.00,"Total Cost": 322.00,"Plan Rows": 10000,"Plan Width": 8,"Actual Startup Time": 0.042,"Actual Total Time": 9.282,"Actual Rows": 10000,"Actual Loops": 3,"Workers": []}]}]}]}]}]}]}]},"Planning Time": 10.906,"Triggers": [],"Execution Time": 863.139}]
[{"Plan": {"Node Type": "Sort","Parallel Aware": false,"Async Capable": false,"Startup Cost": 21612.43,"Total Cost": 21612.50,"Plan Rows": 25,"Plan Width": 136,"Actual Startup Time": 835.932,"Actual Total Time": 867.365,"Actual Rows": 5,"Actual Loops": 1,"Sort Key": ["(sum((lineitem.l_extendedprice * ('1'::numeric - lineitem.l_discount)))) DESC"],"Sort Method": "quicksort","Sort Space Used": 25,"Sort Space Type": "Memory","Plans": [{"Node Type": "Aggregate","Strategy": "Sorted","Partial Mode": "Finalize","Parent Relationship": "Outer","Parallel Aware": false,"Async Capable": false,"Startup Cost": 21597.38,"Total Cost": 21611.85,"Plan Rows": 25,"Plan Width": 136,"Actual Startup Time": 835.364,"Actual Total Time": 867.318,"Actual Rows": 5,"Actual Loops": 1,"Group Key": ["nation.n_name"],"Plans": [{"Node Type": "Gather Merge","Parent Relationship": "Outer","Parallel Aware": false,"Async Capable": false,"Startup Cost": 21597.38,"Total Cost": 21611.17,"Plan Rows": 50,"Plan Width": 136,"Actual Startup Time": 835.179,"Actual Total Time": 867.277,"Actual Rows": 15,"Actual Loops": 1,"Workers Planned": 2,"Workers Launched": 2,"Plans": [{"Node Type": "Aggregate","Strategy": "Sorted","Partial Mode": "Partial","Parent Relationship": "Outer","Parallel Aware": false,"Async Capable": false,"Startup Cost": 20597.36,"Total Cost": 20605.37,"Plan Rows": 25,"Plan Width": 136,"Actual Startup Time": 826.891,"Actual Total Time": 827.596,"Actual Rows": 5,"Actual Loops": 3,"Group Key": ["nation.n_name"],"Workers": [],"Plans": [{"Node Type": "Sort","Parent Relationship": "Outer","Parallel Aware": false,"Async Capable": false,"Startup Cost": 20597.36,"Total Cost": 20598.90,"Plan Rows": 616,"Plan Width": 116,"Actual Startup Time": 826.692,"Actual Total Time": 826.817,"Actual Rows": 2422,"Actual Loops": 3,"Sort Key": ["nation.n_name"],"Sort Method": "quicksort","Sort Space Used": 284,"Sort Space Type": "Memory","Workers": [{"Worker Number": 0,"Sort Method": "quicksort","Sort Space Used": 289,"Sort Space Type": "Memory"},{"Worker Number": 1,"Sort Method": "quicksort","Sort Space Used": 285,"Sort Space Type": "Memory"}],"Plans": [{"Node Type": "Hash Join","Parent Relationship": "Outer","Parallel Aware": false,"Async Capable": false,"Join Type": "Inner","Startup Cost": 475.27,"Total Cost": 20568.82,"Plan Rows": 616,"Plan Width": 116,"Actual Startup Time": 12.416,"Actual Total Time": 825.180,"Actual Rows": 2422,"Actual Loops": 3,"Inner Unique": true,"Hash Cond": "((lineitem.l_suppkey = supplier.s_suppkey) AND (customer.c_nationkey = supplier.s_nationkey))","Workers": [],"Plans": [{"Node Type": "Nested Loop","Parent Relationship": "Outer","Parallel Aware": false,"Async Capable": false,"Join Type": "Inner","Startup Cost": 3.27,"Total Cost": 20015.89,"Plan Rows": 15415,"Plan Width": 128,"Actual Startup Time": 0.717,"Actual Total Time": 776.964,"Actual Rows": 61524,"Actual Loops": 3,"Inner Unique": false,"Workers": [],"Plans": [{"Node Type": "Nested Loop","Parent Relationship": "Outer","Parallel Aware": false,"Async Capable": false,"Join Type": "Inner","Startup Cost": 2.84,"Total Cost": 8414.26,"Plan Rows": 3853,"Plan Width": 116,"Actual Startup Time": 0.594,"Actual Total Time": 468.318,"Actual Rows": 15364,"Actual Loops": 3,"Inner Unique": false,"Workers": [],"Plans": [{"Node Type": "Hash Join","Parent Relationship": "Outer","Parallel Aware": false,"Async Capable": false,"Join Type": "Inner","Startup Cost": 2.41,"Total Cost": 4471.79,"Plan Rows": 2500,"Plan Width": 116,"Actual Startup Time": 0.257,"Actual Total Time": 59.024,"Actual Rows": 10066,"Actual Loops": 3,"Inner Unique": false,"Hash Cond": "(customer.c_nationkey = nation.n_nationkey)","Workers": [],"Plans": [{"Node Type": "Seq Scan","Parent Relationship": "Outer","Parallel Aware": true,"Async Capable": false,"Relation Name": "customer","Alias": "customer","Startup Cost": 0.00,"Total Cost": 4210.00,"Plan Rows": 62500,"Plan Width": 8,"Actual Startup Time": 0.018,"Actual Total Time": 10.025,"Actual Rows": 50000,"Actual Loops": 3,"Workers": []},{"Node Type": "Hash","Parent Relationship": "Inner","Parallel Aware": false,"Async Capable": false,"Startup Cost": 2.40,"Total Cost": 2.40,"Plan Rows": 1,"Plan Width": 108,"Actual Startup Time": 0.151,"Actual Total Time": 0.168,"Actual Rows": 5,"Actual Loops": 3,"Hash Buckets": 1024,"Original Hash Buckets": 1024,"Hash Batches": 1,"Original Hash Batches": 1,"Peak Memory Usage": 9,"Workers": [],"Plans": [{"Node Type": "Hash Join","Parent Relationship": "Outer","Parallel Aware": false,"Async Capable": false,"Join Type": "Inner","Startup Cost": 1.07,"Total Cost": 2.40,"Plan Rows": 1,"Plan Width": 108,"Actual Startup Time": 0.138,"Actual Total Time": 0.159,"Actual Rows": 5,"Actual Loops": 3,"Inner Unique": true,"Hash Cond": "(nation.n_regionkey = region.r_regionkey)","Workers": [],"Plans": [{"Node Type": "Seq Scan","Parent Relationship": "Outer","Parallel Aware": false,"Async Capable": false,"Relation Name": "nation","Alias": "nation","Startup Cost": 0.00,"Total Cost": 1.25,"Plan Rows": 25,"Plan Width": 112,"Actual Startup Time": 0.050,"Actual Total Time": 0.055,"Actual Rows": 25,"Actual Loops": 3,"Workers": []},{"Node Type": "Hash","Parent Relationship": "Inner","Parallel Aware": false,"Async Capable": false,"Startup Cost": 1.06,"Total Cost": 1.06,"Plan Rows": 1,"Plan Width": 4,"Actual Startup Time": 0.059,"Actual Total Time": 0.064,"Actual Rows": 1,"Actual Loops": 3,"Hash Buckets": 1024,"Original Hash Buckets": 1024,"Hash Batches": 1,"Original Hash Batches": 1,"Peak Memory Usage": 9,"Workers": [],"Plans": [{"Node Type": "Seq Scan","Parent Relationship": "Outer","Parallel Aware": false,"Async Capable": false,"Relation Name": "region","Alias": "region","Startup Cost": 0.00,"Total Cost": 1.06,"Plan Rows": 1,"Plan Width": 4,"Actual Startup Time": 0.043,"Actual Total Time": 0.045,"Actual Rows": 1,"Actual Loops": 3,"Filter": "(r_name = 'EUROPE'::bpchar)","Rows Removed by Filter": 4,"Workers": []}]}]}]}]},{"Node Type": "Index Scan","Parent Relationship": "Inner","Parallel Aware": false,"Async Capable": false,"Scan Direction": "Forward","Index Name": "idx_orders_custkey","Relation Name": "orders","Alias": "orders","Startup Cost": 0.43,"Total Cost": 1.55,"Plan Rows": 3,"Plan Width": 8,"Actual Startup Time": 0.017,"Actual Total Time": 0.040,"Actual Rows": 2,"Actual Loops": 30197,"Index Cond": "(o_custkey = customer.c_custkey)","Rows Removed by Index Recheck": 0,"Filter": "((o_orderdate >= '1994-01-01'::date) AND (o_orderdate < '1995-01-01 00:00:00'::timestamp without time zone))","Rows Removed by Filter": 9,"Workers": []}]},{"Node Type": "Index Scan","Parent Relationship": "Inner","Parallel Aware": false,"Async Capable": false,"Scan Direction": "Forward","Index Name": "idx_lineitem_orderkey","Relation Name": "lineitem","Alias": "lineitem","Startup Cost": 0.43,"Total Cost": 2.84,"Plan Rows": 17,"Plan Width": 20,"Actual Startup Time": 0.017,"Actual Total Time": 0.019,"Actual Rows": 4,"Actual Loops": 46093,"Index Cond": "(l_orderkey = orders.o_orderkey)","Rows Removed by Index Recheck": 0,"Workers": []}]},{"Node Type": "Hash","Parent Relationship": "Inner","Parallel Aware": false,"Async Capable": false,"Startup Cost": 322.00,"Total Cost": 322.00,"Plan Rows": 10000,"Plan Width": 8,"Actual Startup Time": 10.479,"Actual Total Time": 10.484,"Actual Rows": 10000,"Actual Loops": 3,"Hash Buckets": 16384,"Original Hash Buckets": 16384,"Hash Batches": 1,"Original Hash Batches": 1,"Peak Memory Usage": 519,"Workers": [],"Plans": [{"Node Type": "Seq Scan","Parent Relationship": "Outer","Parallel Aware": false,"Async Capable": false,"Relation Name": "supplier","Alias": "supplier","Startup Cost": 0.00,"Total Cost": 322.00,"Plan Rows": 10000,"Plan Width": 8,"Actual Startup Time": 0.042,"Actual Total Time": 8.711,"Actual Rows": 10000,"Actual Loops": 3,"Workers": []}]}]}]}]}]}]}]},"Planning Time": 9.647,"Triggers": [],"Execution Time": 867.883}]
[{"Plan": {"Node Type": "Sort","Parallel Aware": false,"Async Capable": false,"Startup Cost": 21612.43,"Total Cost": 21612.50,"Plan Rows": 25,"Plan Width": 136,"Actual Startup Time": 835.932,"Actual Total Time": 867.365,"Actual Rows": 5,"Actual Loops": 1,"Sort Key": ["(sum((lineitem.l_extendedprice * ('1'::numeric - lineitem.l_discount)))) DESC"],"Sort Method": "quicksort","Sort Space Used": 25,"Sort Space Type": "Memory","Plans": [{"Node Type": "Aggregate","Strategy": "Sorted","Partial Mode": "Finalize","Parent Relationship": "Outer","Parallel Aware": false,"Async Capable": false,"Startup Cost": 21597.38,"Total Cost": 21611.85,"Plan Rows": 25,"Plan Width": 136,"Actual Startup Time": 835.364,"Actual Total Time": 867.318,"Actual Rows": 5,"Actual Loops": 1,"Group Key": ["nation.n_name"],"Plans": [{"Node Type": "Gather Merge","Parent Relationship": "Outer","Parallel Aware": false,"Async Capable": false,"Startup Cost": 21597.38,"Total Cost": 21611.17,"Plan Rows": 50,"Plan Width": 136,"Actual Startup Time": 835.179,"Actual Total Time": 867.277,"Actual Rows": 15,"Actual Loops": 1,"Workers Planned": 2,"Workers Launched": 2,"Plans": [{"Node Type": "Aggregate","Strategy": "Sorted","Partial Mode": "Partial","Parent Relationship": "Outer","Parallel Aware": false,"Async Capable": false,"Startup Cost": 20597.36,"Total Cost": 20605.37,"Plan Rows": 25,"Plan Width": 136,"Actual Startup Time": 826.891,"Actual Total Time": 827.596,"Actual Rows": 5,"Actual Loops": 3,"Group Key": ["nation.n_name"],"Workers": [],"Plans": [{"Node Type": "Sort","Parent Relationship": "Outer","Parallel Aware": false,"Async Capable": false,"Startup Cost": 20597.36,"Total Cost": 20598.90,"Plan Rows": 616,"Plan Width": 116,"Actual Startup Time": 826.692,"Actual Total Time": 826.817,"Actual Rows": 2422,"Actual Loops": 3,"Sort Key": ["nation.n_name"],"Sort Method": "quicksort","Sort Space Used": 284,"Sort Space Type": "Memory","Workers": [{"Worker Number": 0,"Sort Method": "quicksort","Sort Space Used": 289,"Sort Space Type": "Memory"},{"Worker Number": 1,"Sort Method": "quicksort","Sort Space Used": 285,"Sort Space Type": "Memory"}],"Plans": [{"Node Type": "Hash Join","Parent Relationship": "Outer","Parallel Aware": false,"Async Capable": false,"Join Type": "Inner","Startup Cost": 475.27,"Total Cost": 20568.82,"Plan Rows": 616,"Plan Width": 116,"Actual Startup Time": 12.416,"Actual Total Time": 825.180,"Actual Rows": 2422,"Actual Loops": 3,"Inner Unique": true,"Hash Cond": "((lineitem.l_suppkey = supplier.s_suppkey) AND (customer.c_nationkey = supplier.s_nationkey))","Workers": [],"Plans": [{"Node Type": "Nested Loop","Parent Relationship": "Outer","Parallel Aware": false,"Async Capable": false,"Join Type": "Inner","Startup Cost": 3.27,"Total Cost": 20015.89,"Plan Rows": 15415,"Plan Width": 128,"Actual Startup Time": 0.717,"Actual Total Time": 776.964,"Actual Rows": 61524,"Actual Loops": 3,"Inner Unique": false,"Workers": [],"Plans": [{"Node Type": "Nested Loop","Parent Relationship": "Outer","Parallel Aware": false,"Async Capable": false,"Join Type": "Inner","Startup Cost": 2.84,"Total Cost": 8414.26,"Plan Rows": 3853,"Plan Width": 116,"Actual Startup Time": 0.594,"Actual Total Time": 468.318,"Actual Rows": 15364,"Actual Loops": 3,"Inner Unique": false,"Workers": [],"Plans": [{"Node Type": "Hash Join","Parent Relationship": "Outer","Parallel Aware": false,"Async Capable": false,"Join Type": "Inner","Startup Cost": 2.41,"Total Cost": 4471.79,"Plan Rows": 2500,"Plan Width": 116,"Actual Startup Time": 0.257,"Actual Total Time": 59.024,"Actual Rows": 10066,"Actual Loops": 3,"Inner Unique": false,"Hash Cond": "(customer.c_nationkey = nation.n_nationkey)","Workers": [],"Plans": [{"Node Type": "Seq Scan","Parent Relationship": "Outer","Parallel Aware": true,"Async Capable": false,"Relation Name": "customer","Alias": "customer","Startup Cost": 0.00,"Total Cost": 4210.00,"Plan Rows": 62500,"Plan Width": 8,"Actual Startup Time": 0.018,"Actual Total Time": 10.025,"Actual Rows": 50000,"Actual Loops": 3,"Workers": []},{"Node Type": "Hash","Parent Relationship": "Inner","Parallel Aware": false,"Async Capable": false,"Startup Cost": 2.40,"Total Cost": 2.40,"Plan Rows": 1,"Plan Width": 108,"Actual Startup Time": 0.151,"Actual Total Time": 0.168,"Actual Rows": 5,"Actual Loops": 3,"Hash Buckets": 1024,"Original Hash Buckets": 1024,"Hash Batches": 1,"Original Hash Batches": 1,"Peak Memory Usage": 9,"Workers": [],"Plans": [{"Node Type": "Hash Join","Parent Relationship": "Outer","Parallel Aware": false,"Async Capable": false,"Join Type": "Inner","Startup Cost": 1.07,"Total Cost": 2.40,"Plan Rows": 1,"Plan Width": 108,"Actual Startup Time": 0.138,"Actual Total Time": 0.159,"Actual Rows": 5,"Actual Loops": 3,"Inner Unique": true,"Hash Cond": "(nation.n_regionkey = region.r_regionkey)","Workers": [],"Plans": [{"Node Type": "Seq Scan","Parent Relationship": "Outer","Parallel Aware": false,"Async Capable": false,"Relation Name": "nation","Alias": "nation","Startup Cost": 0.00,"Total Cost": 1.25,"Plan Rows": 25,"Plan Width": 112,"Actual Startup Time": 0.050,"Actual Total Time": 0.055,"Actual Rows": 25,"Actual Loops": 3,"Workers": []},{"Node Type": "Hash","Parent Relationship": "Inner","Parallel Aware": false,"Async Capable": false,"Startup Cost": 1.06,"Total Cost": 1.06,"Plan Rows": 1,"Plan Width": 4,"Actual Startup Time": 0.059,"Actual Total Time": 0.064,"Actual Rows": 1,"Actual Loops": 3,"Hash Buckets": 1024,"Original Hash Buckets": 1024,"Hash Batches": 1,"Original Hash Batches": 1,"Peak Memory Usage": 9,"Workers": [],"Plans": [{"Node Type": "Seq Scan","Parent Relationship": "Outer","Parallel Aware": false,"Async Capable": false,"Relation Name": "region","Alias": "region","Startup Cost": 0.00,"Total Cost": 1.06,"Plan Rows": 1,"Plan Width": 4,"Actual Startup Time": 0.043,"Actual Total Time": 0.045,"Actual Rows": 1,"Actual Loops": 3,"Filter": "(r_name = 'EUROPE'::bpchar)","Rows Removed by Filter": 4,"Workers": []}]}]}]}]},{"Node Type": "Index Scan","Parent Relationship": "Inner","Parallel Aware": false,"Async Capable": false,"Scan Direction": "Forward","Index Name": "idx_orders_custkey","Relation Name": "orders","Alias": "orders","Startup Cost": 0.43,"Total Cost": 1.55,"Plan Rows": 3,"Plan Width": 8,"Actual Startup Time": 0.017,"Actual Total Time": 0.040,"Actual Rows": 2,"Actual Loops": 30197,"Index Cond": "(o_custkey = customer.c_custkey)","Rows Removed by Index Recheck": 0,"Filter": "((o_orderdate >= '1994-01-01'::date) AND (o_orderdate < '1995-01-01 00:00:00'::timestamp without time zone))","Rows Removed by Filter": 9,"Workers": []}]},{"Node Type": "Index Scan","Parent Relationship": "Inner","Parallel Aware": false,"Async Capable": false,"Scan Direction": "Forward","Index Name": "idx_lineitem_orderkey","Relation Name": "lineitem","Alias": "lineitem","Startup Cost": 0.43,"Total Cost": 2.84,"Plan Rows": 17,"Plan Width": 20,"Actual Startup Time": 0.017,"Actual Total Time": 0.019,"Actual Rows": 4,"Actual Loops": 46093,"Index Cond": "(l_orderkey = orders.o_orderkey)","Rows Removed by Index Recheck": 0,"Workers": []}]},{"Node Type": "Hash","Parent Relationship": "Inner","Parallel Aware": false,"Async Capable": false,"Startup Cost": 322.00,"Total Cost": 322.00,"Plan Rows": 10000,"Plan Width": 8,"Actual Startup Time": 10.479,"Actual Total Time": 10.484,"Actual Rows": 10000,"Actual Loops": 3,"Hash Buckets": 16384,"Original Hash Buckets": 16384,"Hash Batches": 1,"Original Hash Batches": 1,"Peak Memory Usage": 519,"Workers": [],"Plans": [{"Node Type": "Seq Scan","Parent Relationship": "Outer","Parallel Aware": false,"Async Capable": false,"Relation Name": "supplier","Alias": "supplier","Startup Cost": 0.00,"Total Cost": 322.00,"Plan Rows": 10000,"Plan Width": 8,"Actual Startup Time": 0.042,"Actual Total Time": 8.711,"Actual Rows": 10000,"Actual Loops": 3,"Workers": []}]}]}]}]}]}]}]},"Planning Time": 9.647,"Triggers": [],"Execution Time": 867.883}]
[{"Plan": {"Node Type": "Sort","Parallel Aware": false,"Async Capable": false,"Startup Cost": 21616.39,"Total Cost": 21616.45,"Plan Rows": 25,"Plan Width": 136,"Actual Startup Time": 817.171,"Actual Total Time": 848.557,"Actual Rows": 5,"Actual Loops": 1,"Sort Key": ["(sum((lineitem.l_extendedprice * ('1'::numeric - lineitem.l_discount)))) DESC"],"Sort Method": "quicksort","Sort Space Used": 25,"Sort Space Type": "Memory","Plans": [{"Node Type": "Aggregate","Strategy": "Sorted","Partial Mode": "Finalize","Parent Relationship": "Outer","Parallel Aware": false,"Async Capable": false,"Startup Cost": 21601.33,"Total Cost": 21615.81,"Plan Rows": 25,"Plan Width": 136,"Actual Startup Time": 816.250,"Actual Total Time": 848.503,"Actual Rows": 5,"Actual Loops": 1,"Group Key": ["nation.n_name"],"Plans": [{"Node Type": "Gather Merge","Parent Relationship": "Outer","Parallel Aware": false,"Async Capable": false,"Startup Cost": 21601.33,"Total Cost": 21615.12,"Plan Rows": 50,"Plan Width": 136,"Actual Startup Time": 815.620,"Actual Total Time": 848.441,"Actual Rows": 15,"Actual Loops": 1,"Workers Planned": 2,"Workers Launched": 2,"Plans": [{"Node Type": "Aggregate","Strategy": "Sorted","Partial Mode": "Partial","Parent Relationship": "Outer","Parallel Aware": false,"Async Capable": false,"Startup Cost": 20601.30,"Total Cost": 20609.33,"Plan Rows": 25,"Plan Width": 136,"Actual Startup Time": 807.499,"Actual Total Time": 808.444,"Actual Rows": 5,"Actual Loops": 3,"Group Key": ["nation.n_name"],"Workers": [],"Plans": [{"Node Type": "Sort","Parent Relationship": "Outer","Parallel Aware": false,"Async Capable": false,"Startup Cost": 20601.30,"Total Cost": 20602.85,"Plan Rows": 617,"Plan Width": 116,"Actual Startup Time": 807.276,"Actual Total Time": 807.432,"Actual Rows": 2427,"Actual Loops": 3,"Sort Key": ["nation.n_name"],"Sort Method": "quicksort","Sort Space Used": 295,"Sort Space Type": "Memory","Workers": [{"Worker Number": 0,"Sort Method": "quicksort","Sort Space Used": 285,"Sort Space Type": "Memory"},{"Worker Number": 1,"Sort Method": "quicksort","Sort Space Used": 279,"Sort Space Type": "Memory"}],"Plans": [{"Node Type": "Hash Join","Parent Relationship": "Outer","Parallel Aware": false,"Async Capable": false,"Join Type": "Inner","Startup Cost": 475.27,"Total Cost": 20572.71,"Plan Rows": 617,"Plan Width": 116,"Actual Startup Time": 13.659,"Actual Total Time": 805.763,"Actual Rows": 2427,"Actual Loops": 3,"Inner Unique": true,"Hash Cond": "((lineitem.l_suppkey = supplier.s_suppkey) AND (customer.c_nationkey = supplier.s_nationkey))","Workers": [],"Plans": [{"Node Type": "Nested Loop","Parent Relationship": "Outer","Parallel Aware": false,"Async Capable": false,"Join Type": "Inner","Startup Cost": 3.27,"Total Cost": 20019.70,"Plan Rows": 15431,"Plan Width": 128,"Actual Startup Time": 0.940,"Actual Total Time": 760.394,"Actual Rows": 61187,"Actual Loops": 3,"Inner Unique": false,"Workers": [],"Plans": [{"Node Type": "Nested Loop","Parent Relationship": "Outer","Parallel Aware": false,"Async Capable": false,"Join Type": "Inner","Startup Cost": 2.84,"Total Cost": 8414.26,"Plan Rows": 3857,"Plan Width": 116,"Actual Startup Time": 0.804,"Actual Total Time": 453.891,"Actual Rows": 15325,"Actual Loops": 3,"Inner Unique": false,"Workers": [],"Plans": [{"Node Type": "Hash Join","Parent Relationship": "Outer","Parallel Aware": false,"Async Capable": false,"Join Type": "Inner","Startup Cost": 2.41,"Total Cost": 4471.79,"Plan Rows": 2500,"Plan Width": 116,"Actual Startup Time": 0.319,"Actual Total Time": 55.842,"Actual Rows": 10061,"Actual Loops": 3,"Inner Unique": false,"Hash Cond": "(customer.c_nationkey = nation.n_nationkey)","Workers": [],"Plans": [{"Node Type": "Seq Scan","Parent Relationship": "Outer","Parallel Aware": true,"Async Capable": false,"Relation Name": "customer","Alias": "customer","Startup Cost": 0.00,"Total Cost": 4210.00,"Plan Rows": 62500,"Plan Width": 8,"Actual Startup Time": 0.026,"Actual Total Time": 9.689,"Actual Rows": 50000,"Actual Loops": 3,"Workers": []},{"Node Type": "Hash","Parent Relationship": "Inner","Parallel Aware": false,"Async Capable": false,"Startup Cost": 2.40,"Total Cost": 2.40,"Plan Rows": 1,"Plan Width": 108,"Actual Startup Time": 0.180,"Actual Total Time": 0.198,"Actual Rows": 5,"Actual Loops": 3,"Hash Buckets": 1024,"Original Hash Buckets": 1024,"Hash Batches": 1,"Original Hash Batches": 1,"Peak Memory Usage": 9,"Workers": [],"Plans": [{"Node Type": "Hash Join","Parent Relationship": "Outer","Parallel Aware": false,"Async Capable": false,"Join Type": "Inner","Startup Cost": 1.07,"Total Cost": 2.40,"Plan Rows": 1,"Plan Width": 108,"Actual Startup Time": 0.166,"Actual Total Time": 0.188,"Actual Rows": 5,"Actual Loops": 3,"Inner Unique": true,"Hash Cond": "(nation.n_regionkey = region.r_regionkey)","Workers": [],"Plans": [{"Node Type": "Seq Scan","Parent Relationship": "Outer","Parallel Aware": false,"Async Capable": false,"Relation Name": "nation","Alias": "nation","Startup Cost": 0.00,"Total Cost": 1.25,"Plan Rows": 25,"Plan Width": 112,"Actual Startup Time": 0.055,"Actual Total Time": 0.060,"Actual Rows": 25,"Actual Loops": 3,"Workers": []},{"Node Type": "Hash","Parent Relationship": "Inner","Parallel Aware": false,"Async Capable": false,"Startup Cost": 1.06,"Total Cost": 1.06,"Plan Rows": 1,"Plan Width": 4,"Actual Startup Time": 0.079,"Actual Total Time": 0.084,"Actual Rows": 1,"Actual Loops": 3,"Hash Buckets": 1024,"Original Hash Buckets": 1024,"Hash Batches": 1,"Original Hash Batches": 1,"Peak Memory Usage": 9,"Workers": [],"Plans": [{"Node Type": "Seq Scan","Parent Relationship": "Outer","Parallel Aware": false,"Async Capable": false,"Relation Name": "region","Alias": "region","Startup Cost": 0.00,"Total Cost": 1.06,"Plan Rows": 1,"Plan Width": 4,"Actual Startup Time": 0.058,"Actual Total Time": 0.061,"Actual Rows": 1,"Actual Loops": 3,"Filter": "(r_name = 'ASIA'::bpchar)","Rows Removed by Filter": 4,"Workers": []}]}]}]}]},{"Node Type": "Index Scan","Parent Relationship": "Inner","Parallel Aware": false,"Async Capable": false,"Scan Direction": "Forward","Index Name": "idx_orders_custkey","Relation Name": "orders","Alias": "orders","Startup Cost": 0.43,"Total Cost": 1.55,"Plan Rows": 3,"Plan Width": 8,"Actual Startup Time": 0.017,"Actual Total Time": 0.039,"Actual Rows": 2,"Actual Loops": 30183,"Index Cond": "(o_custkey = customer.c_custkey)","Rows Removed by Index Recheck": 0,"Filter": "((o_orderdate >= '1996-01-01'::date) AND (o_orderdate < '1997-01-01 00:00:00'::timestamp without time zone))","Rows Removed by Filter": 8,"Workers": []}]},{"Node Type": "Index Scan","Parent Relationship": "Inner","Parallel Aware": false,"Async Capable": false,"Scan Direction": "Forward","Index Name": "idx_lineitem_orderkey","Relation Name": "lineitem","Alias": "lineitem","Startup Cost": 0.43,"Total Cost": 2.84,"Plan Rows": 17,"Plan Width": 20,"Actual Startup Time": 0.017,"Actual Total Time": 0.019,"Actual Rows": 4,"Actual Loops": 45976,"Index Cond": "(l_orderkey = orders.o_orderkey)","Rows Removed by Index Recheck": 0,"Workers": []}]},{"Node Type": "Hash","Parent Relationship": "Inner","Parallel Aware": false,"Async Capable": false,"Startup Cost": 322.00,"Total Cost": 322.00,"Plan Rows": 10000,"Plan Width": 8,"Actual Startup Time": 12.172,"Actual Total Time": 12.179,"Actual Rows": 10000,"Actual Loops": 3,"Hash Buckets": 16384,"Original Hash Buckets": 16384,"Hash Batches": 1,"Original Hash Batches": 1,"Peak Memory Usage": 519,"Workers": [],"Plans": [{"Node Type": "Seq Scan","Parent Relationship": "Outer","Parallel Aware": false,"Async Capable": false,"Relation Name": "supplier","Alias": "supplier","Startup Cost": 0.00,"Total Cost": 322.00,"Plan Rows": 10000,"Plan Width": 8,"Actual Startup Time": 0.048,"Actual Total Time": 10.623,"Actual Rows": 10000,"Actual Loops": 3,"Workers": []}]}]}]}]}]}]}]},"Planning Time": 10.688,"Triggers": [],"Execution Time": 848.991}]
[{"Plan": {"Node Type": "Sort","Parallel Aware": false,"Async Capable": false,"Startup Cost": 21565.81,"Total Cost": 21565.87,"Plan Rows": 25,"Plan Width": 136,"Actual Startup Time": 833.811,"Actual Total Time": 865.523,"Actual Rows": 5,"Actual Loops": 1,"Sort Key": ["(sum((lineitem.l_extendedprice * ('1'::numeric - lineitem.l_discount)))) DESC"],"Sort Method": "quicksort","Sort Space Used": 25,"Sort Space Type": "Memory","Plans": [{"Node Type": "Aggregate","Strategy": "Sorted","Partial Mode": "Finalize","Parent Relationship": "Outer","Parallel Aware": false,"Async Capable": false,"Startup Cost": 21550.86,"Total Cost": 21565.23,"Plan Rows": 25,"Plan Width": 136,"Actual Startup Time": 833.271,"Actual Total Time": 865.478,"Actual Rows": 5,"Actual Loops": 1,"Group Key": ["nation.n_name"],"Plans": [{"Node Type": "Gather Merge","Parent Relationship": "Outer","Parallel Aware": false,"Async Capable": false,"Startup Cost": 21550.86,"Total Cost": 21564.54,"Plan Rows": 50,"Plan Width": 136,"Actual Startup Time": 833.025,"Actual Total Time": 865.435,"Actual Rows": 15,"Actual Loops": 1,"Workers Planned": 2,"Workers Launched": 2,"Plans": [{"Node Type": "Aggregate","Strategy": "Sorted","Partial Mode": "Partial","Parent Relationship": "Outer","Parallel Aware": false,"Async Capable": false,"Startup Cost": 20550.84,"Total Cost": 20558.75,"Plan Rows": 25,"Plan Width": 136,"Actual Startup Time": 825.546,"Actual Total Time": 826.255,"Actual Rows": 5,"Actual Loops": 3,"Group Key": ["nation.n_name"],"Workers": [],"Plans": [{"Node Type": "Sort","Parent Relationship": "Outer","Parallel Aware": false,"Async Capable": false,"Startup Cost": 20550.84,"Total Cost": 20552.36,"Plan Rows": 608,"Plan Width": 116,"Actual Startup Time": 825.323,"Actual Total Time": 825.450,"Actual Rows": 2415,"Actual Loops": 3,"Sort Key": ["nation.n_name"],"Sort Method": "quicksort","Sort Space Used": 281,"Sort Space Type": "Memory","Workers": [{"Worker Number": 0,"Sort Method": "quicksort","Sort Space Used": 286,"Sort Space Type": "Memory"},{"Worker Number": 1,"Sort Method": "quicksort","Sort Space Used": 289,"Sort Space Type": "Memory"}],"Plans": [{"Node Type": "Hash Join","Parent Relationship": "Outer","Parallel Aware": false,"Async Capable": false,"Join Type": "Inner","Startup Cost": 475.27,"Total Cost": 20522.72,"Plan Rows": 608,"Plan Width": 116,"Actual Startup Time": 12.893,"Actual Total Time": 823.841,"Actual Rows": 2415,"Actual Loops": 3,"Inner Unique": true,"Hash Cond": "((lineitem.l_suppkey = supplier.s_suppkey) AND (customer.c_nationkey = supplier.s_nationkey))","Workers": [],"Plans": [{"Node Type": "Nested Loop","Parent Relationship": "Outer","Parallel Aware": false,"Async Capable": false,"Join Type": "Inner","Startup Cost": 3.27,"Total Cost": 19970.84,"Plan Rows": 15215,"Plan Width": 128,"Actual Startup Time": 0.809,"Actual Total Time": 777.035,"Actual Rows": 60714,"Actual Loops": 3,"Inner Unique": false,"Workers": [],"Plans": [{"Node Type": "Nested Loop","Parent Relationship": "Outer","Parallel Aware": false,"Async Capable": false,"Join Type": "Inner","Startup Cost": 2.84,"Total Cost": 8414.26,"Plan Rows": 3803,"Plan Width": 116,"Actual Startup Time": 0.660,"Actual Total Time": 471.667,"Actual Rows": 15226,"Actual Loops": 3,"Inner Unique": false,"Workers": [],"Plans": [{"Node Type": "Hash Join","Parent Relationship": "Outer","Parallel Aware": false,"Async Capable": false,"Join Type": "Inner","Startup Cost": 2.41,"Total Cost": 4471.79,"Plan Rows": 2500,"Plan Width": 116,"Actual Startup Time": 0.276,"Actual Total Time": 59.829,"Actual Rows": 10066,"Actual Loops": 3,"Inner Unique": false,"Hash Cond": "(customer.c_nationkey = nation.n_nationkey)","Workers": [],"Plans": [{"Node Type": "Seq Scan","Parent Relationship": "Outer","Parallel Aware": true,"Async Capable": false,"Relation Name": "customer","Alias": "customer","Startup Cost": 0.00,"Total Cost": 4210.00,"Plan Rows": 62500,"Plan Width": 8,"Actual Startup Time": 0.021,"Actual Total Time": 10.083,"Actual Rows": 50000,"Actual Loops": 3,"Workers": []},{"Node Type": "Hash","Parent Relationship": "Inner","Parallel Aware": false,"Async Capable": false,"Startup Cost": 2.40,"Total Cost": 2.40,"Plan Rows": 1,"Plan Width": 108,"Actual Startup Time": 0.154,"Actual Total Time": 0.171,"Actual Rows": 5,"Actual Loops": 3,"Hash Buckets": 1024,"Original Hash Buckets": 1024,"Hash Batches": 1,"Original Hash Batches": 1,"Peak Memory Usage": 9,"Workers": [],"Plans": [{"Node Type": "Hash Join","Parent Relationship": "Outer","Parallel Aware": false,"Async Capable": false,"Join Type": "Inner","Startup Cost": 1.07,"Total Cost": 2.40,"Plan Rows": 1,"Plan Width": 108,"Actual Startup Time": 0.139,"Actual Total Time": 0.162,"Actual Rows": 5,"Actual Loops": 3,"Inner Unique": true,"Hash Cond": "(nation.n_regionkey = region.r_regionkey)","Workers": [],"Plans": [{"Node Type": "Seq Scan","Parent Relationship": "Outer","Parallel Aware": false,"Async Capable": false,"Relation Name": "nation","Alias": "nation","Startup Cost": 0.00,"Total Cost": 1.25,"Plan Rows": 25,"Plan Width": 112,"Actual Startup Time": 0.051,"Actual Total Time": 0.055,"Actual Rows": 25,"Actual Loops": 3,"Workers": []},{"Node Type": "Hash","Parent Relationship": "Inner","Parallel Aware": false,"Async Capable": false,"Startup Cost": 1.06,"Total Cost": 1.06,"Plan Rows": 1,"Plan Width": 4,"Actual Startup Time": 0.057,"Actual Total Time": 0.063,"Actual Rows": 1,"Actual Loops": 3,"Hash Buckets": 1024,"Original Hash Buckets": 1024,"Hash Batches": 1,"Original Hash Batches": 1,"Peak Memory Usage": 9,"Workers": [],"Plans": [{"Node Type": "Seq Scan","Parent Relationship": "Outer","Parallel Aware": false,"Async Capable": false,"Relation Name": "region","Alias": "region","Startup Cost": 0.00,"Total Cost": 1.06,"Plan Rows": 1,"Plan Width": 4,"Actual Startup Time": 0.043,"Actual Total Time": 0.045,"Actual Rows": 1,"Actual Loops": 3,"Filter": "(r_name = 'EUROPE'::bpchar)","Rows Removed by Filter": 4,"Workers": []}]}]}]}]},{"Node Type": "Index Scan","Parent Relationship": "Inner","Parallel Aware": false,"Async Capable": false,"Scan Direction": "Forward","Index Name": "idx_orders_custkey","Relation Name": "orders","Alias": "orders","Startup Cost": 0.43,"Total Cost": 1.55,"Plan Rows": 3,"Plan Width": 8,"Actual Startup Time": 0.017,"Actual Total Time": 0.041,"Actual Rows": 2,"Actual Loops": 30197,"Index Cond": "(o_custkey = customer.c_custkey)","Rows Removed by Index Recheck": 0,"Filter": "((o_orderdate >= '1997-01-01'::date) AND (o_orderdate < '1998-01-01 00:00:00'::timestamp without time zone))","Rows Removed by Filter": 9,"Workers": []}]},{"Node Type": "Index Scan","Parent Relationship": "Inner","Parallel Aware": false,"Async Capable": false,"Scan Direction": "Forward","Index Name": "idx_lineitem_orderkey","Relation Name": "lineitem","Alias": "lineitem","Startup Cost": 0.43,"Total Cost": 2.87,"Plan Rows": 17,"Plan Width": 20,"Actual Startup Time": 0.017,"Actual Total Time": 0.019,"Actual Rows": 4,"Actual Loops": 45677,"Index Cond": "(l_orderkey = orders.o_orderkey)","Rows Removed by Index Recheck": 0,"Workers": []}]},{"Node Type": "Hash","Parent Relationship": "Inner","Parallel Aware": false,"Async Capable": false,"Startup Cost": 322.00,"Total Cost": 322.00,"Plan Rows": 10000,"Plan Width": 8,"Actual Startup Time": 11.560,"Actual Total Time": 11.566,"Actual Rows": 10000,"Actual Loops": 3,"Hash Buckets": 16384,"Original Hash Buckets": 16384,"Hash Batches": 1,"Original Hash Batches": 1,"Peak Memory Usage": 519,"Workers": [],"Plans": [{"Node Type": "Seq Scan","Parent Relationship": "Outer","Parallel Aware": false,"Async Capable": false,"Relation Name": "supplier","Alias": "supplier","Startup Cost": 0.00,"Total Cost": 322.00,"Plan Rows": 10000,"Plan Width": 8,"Actual Startup Time": 0.053,"Actual Total Time": 9.758,"Actual Rows": 10000,"Actual Loops": 3,"Workers": []}]}]}]}]}]}]}]},"Planning Time": 11.054,"Triggers": [],"Execution Time": 866.075}]
[{"Plan": {"Node Type": "Sort","Parallel Aware": false,"Async Capable": false,"Startup Cost": 21565.81,"Total Cost": 21565.87,"Plan Rows": 25,"Plan Width": 136,"Actual Startup Time": 833.811,"Actual Total Time": 865.523,"Actual Rows": 5,"Actual Loops": 1,"Sort Key": ["(sum((lineitem.l_extendedprice * ('1'::numeric - lineitem.l_discount)))) DESC"],"Sort Method": "quicksort","Sort Space Used": 25,"Sort Space Type": "Memory","Plans": [{"Node Type": "Aggregate","Strategy": "Sorted","Partial Mode": "Finalize","Parent Relationship": "Outer","Parallel Aware": false,"Async Capable": false,"Startup Cost": 21550.86,"Total Cost": 21565.23,"Plan Rows": 25,"Plan Width": 136,"Actual Startup Time": 833.271,"Actual Total Time": 865.478,"Actual Rows": 5,"Actual Loops": 1,"Group Key": ["nation.n_name"],"Plans": [{"Node Type": "Gather Merge","Parent Relationship": "Outer","Parallel Aware": false,"Async Capable": false,"Startup Cost": 21550.86,"Total Cost": 21564.54,"Plan Rows": 50,"Plan Width": 136,"Actual Startup Time": 833.025,"Actual Total Time": 865.435,"Actual Rows": 15,"Actual Loops": 1,"Workers Planned": 2,"Workers Launched": 2,"Plans": [{"Node Type": "Aggregate","Strategy": "Sorted","Partial Mode": "Partial","Parent Relationship": "Outer","Parallel Aware": false,"Async Capable": false,"Startup Cost": 20550.84,"Total Cost": 20558.75,"Plan Rows": 25,"Plan Width": 136,"Actual Startup Time": 825.546,"Actual Total Time": 826.255,"Actual Rows": 5,"Actual Loops": 3,"Group Key": ["nation.n_name"],"Workers": [],"Plans": [{"Node Type": "Sort","Parent Relationship": "Outer","Parallel Aware": false,"Async Capable": false,"Startup Cost": 20550.84,"Total Cost": 20552.36,"Plan Rows": 608,"Plan Width": 116,"Actual Startup Time": 825.323,"Actual Total Time": 825.450,"Actual Rows": 2415,"Actual Loops": 3,"Sort Key": ["nation.n_name"],"Sort Method": "quicksort","Sort Space Used": 281,"Sort Space Type": "Memory","Workers": [{"Worker Number": 0,"Sort Method": "quicksort","Sort Space Used": 286,"Sort Space Type": "Memory"},{"Worker Number": 1,"Sort Method": "quicksort","Sort Space Used": 289,"Sort Space Type": "Memory"}],"Plans": [{"Node Type": "Hash Join","Parent Relationship": "Outer","Parallel Aware": false,"Async Capable": false,"Join Type": "Inner","Startup Cost": 475.27,"Total Cost": 20522.72,"Plan Rows": 608,"Plan Width": 116,"Actual Startup Time": 12.893,"Actual Total Time": 823.841,"Actual Rows": 2415,"Actual Loops": 3,"Inner Unique": true,"Hash Cond": "((lineitem.l_suppkey = supplier.s_suppkey) AND (customer.c_nationkey = supplier.s_nationkey))","Workers": [],"Plans": [{"Node Type": "Nested Loop","Parent Relationship": "Outer","Parallel Aware": false,"Async Capable": false,"Join Type": "Inner","Startup Cost": 3.27,"Total Cost": 19970.84,"Plan Rows": 15215,"Plan Width": 128,"Actual Startup Time": 0.809,"Actual Total Time": 777.035,"Actual Rows": 60714,"Actual Loops": 3,"Inner Unique": false,"Workers": [],"Plans": [{"Node Type": "Nested Loop","Parent Relationship": "Outer","Parallel Aware": false,"Async Capable": false,"Join Type": "Inner","Startup Cost": 2.84,"Total Cost": 8414.26,"Plan Rows": 3803,"Plan Width": 116,"Actual Startup Time": 0.660,"Actual Total Time": 471.667,"Actual Rows": 15226,"Actual Loops": 3,"Inner Unique": false,"Workers": [],"Plans": [{"Node Type": "Hash Join","Parent Relationship": "Outer","Parallel Aware": false,"Async Capable": false,"Join Type": "Inner","Startup Cost": 2.41,"Total Cost": 4471.79,"Plan Rows": 2500,"Plan Width": 116,"Actual Startup Time": 0.276,"Actual Total Time": 59.829,"Actual Rows": 10066,"Actual Loops": 3,"Inner Unique": false,"Hash Cond": "(customer.c_nationkey = nation.n_nationkey)","Workers": [],"Plans": [{"Node Type": "Seq Scan","Parent Relationship": "Outer","Parallel Aware": true,"Async Capable": false,"Relation Name": "customer","Alias": "customer","Startup Cost": 0.00,"Total Cost": 4210.00,"Plan Rows": 62500,"Plan Width": 8,"Actual Startup Time": 0.021,"Actual Total Time": 10.083,"Actual Rows": 50000,"Actual Loops": 3,"Workers": []},{"Node Type": "Hash","Parent Relationship": "Inner","Parallel Aware": false,"Async Capable": false,"Startup Cost": 2.40,"Total Cost": 2.40,"Plan Rows": 1,"Plan Width": 108,"Actual Startup Time": 0.154,"Actual Total Time": 0.171,"Actual Rows": 5,"Actual Loops": 3,"Hash Buckets": 1024,"Original Hash Buckets": 1024,"Hash Batches": 1,"Original Hash Batches": 1,"Peak Memory Usage": 9,"Workers": [],"Plans": [{"Node Type": "Hash Join","Parent Relationship": "Outer","Parallel Aware": false,"Async Capable": false,"Join Type": "Inner","Startup Cost": 1.07,"Total Cost": 2.40,"Plan Rows": 1,"Plan Width": 108,"Actual Startup Time": 0.139,"Actual Total Time": 0.162,"Actual Rows": 5,"Actual Loops": 3,"Inner Unique": true,"Hash Cond": "(nation.n_regionkey = region.r_regionkey)","Workers": [],"Plans": [{"Node Type": "Seq Scan","Parent Relationship": "Outer","Parallel Aware": false,"Async Capable": false,"Relation Name": "nation","Alias": "nation","Startup Cost": 0.00,"Total Cost": 1.25,"Plan Rows": 25,"Plan Width": 112,"Actual Startup Time": 0.051,"Actual Total Time": 0.055,"Actual Rows": 25,"Actual Loops": 3,"Workers": []},{"Node Type": "Hash","Parent Relationship": "Inner","Parallel Aware": false,"Async Capable": false,"Startup Cost": 1.06,"Total Cost": 1.06,"Plan Rows": 1,"Plan Width": 4,"Actual Startup Time": 0.057,"Actual Total Time": 0.063,"Actual Rows": 1,"Actual Loops": 3,"Hash Buckets": 1024,"Original Hash Buckets": 1024,"Hash Batches": 1,"Original Hash Batches": 1,"Peak Memory Usage": 9,"Workers": [],"Plans": [{"Node Type": "Seq Scan","Parent Relationship": "Outer","Parallel Aware": false,"Async Capable": false,"Relation Name": "region","Alias": "region","Startup Cost": 0.00,"Total Cost": 1.06,"Plan Rows": 1,"Plan Width": 4,"Actual Startup Time": 0.043,"Actual Total Time": 0.045,"Actual Rows": 1,"Actual Loops": 3,"Filter": "(r_name = 'EUROPE'::bpchar)","Rows Removed by Filter": 4,"Workers": []}]}]}]}]},{"Node Type": "Index Scan","Parent Relationship": "Inner","Parallel Aware": false,"Async Capable": false,"Scan Direction": "Forward","Index Name": "idx_orders_custkey","Relation Name": "orders","Alias": "orders","Startup Cost": 0.43,"Total Cost": 1.55,"Plan Rows": 3,"Plan Width": 8,"Actual Startup Time": 0.017,"Actual Total Time": 0.041,"Actual Rows": 2,"Actual Loops": 30197,"Index Cond": "(o_custkey = customer.c_custkey)","Rows Removed by Index Recheck": 0,"Filter": "((o_orderdate >= '1997-01-01'::date) AND (o_orderdate < '1998-01-01 00:00:00'::timestamp without time zone))","Rows Removed by Filter": 9,"Workers": []}]},{"Node Type": "Index Scan","Parent Relationship": "Inner","Parallel Aware": false,"Async Capable": false,"Scan Direction": "Forward","Index Name": "idx_lineitem_orderkey","Relation Name": "lineitem","Alias": "lineitem","Startup Cost": 0.43,"Total Cost": 2.87,"Plan Rows": 17,"Plan Width": 20,"Actual Startup Time": 0.017,"Actual Total Time": 0.019,"Actual Rows": 4,"Actual Loops": 45677,"Index Cond": "(l_orderkey = orders.o_orderkey)","Rows Removed by Index Recheck": 0,"Workers": []}]},{"Node Type": "Hash","Parent Relationship": "Inner","Parallel Aware": false,"Async Capable": false,"Startup Cost": 322.00,"Total Cost": 322.00,"Plan Rows": 10000,"Plan Width": 8,"Actual Startup Time": 11.560,"Actual Total Time": 11.566,"Actual Rows": 10000,"Actual Loops": 3,"Hash Buckets": 16384,"Original Hash Buckets": 16384,"Hash Batches": 1,"Original Hash Batches": 1,"Peak Memory Usage": 519,"Workers": [],"Plans": [{"Node Type": "Seq Scan","Parent Relationship": "Outer","Parallel Aware": false,"Async Capable": false,"Relation Name": "supplier","Alias": "supplier","Startup Cost": 0.00,"Total Cost": 322.00,"Plan Rows": 10000,"Plan Width": 8,"Actual Startup Time": 0.053,"Actual Total Time": 9.758,"Actual Rows": 10000,"Actual Loops": 3,"Workers": []}]}]}]}]}]}]}]},"Planning Time": 11.054,"Triggers": [],"Execution Time": 866.075}]
[{"Plan": {"Node Type": "Sort","Parallel Aware": false,"Async Capable": false,"Startup Cost": 21616.39,"Total Cost": 21616.45,"Plan Rows": 25,"Plan Width": 136,"Actual Startup Time": 804.800,"Actual Total Time": 836.793,"Actual Rows": 5,"Actual Loops": 1,"Sort Key": ["(sum((lineitem.l_extendedprice * ('1'::numeric - lineitem.l_discount)))) DESC"],"Sort Method": "quicksort","Sort Space Used": 25,"Sort Space Type": "Memory","Plans": [{"Node Type": "Aggregate","Strategy": "Sorted","Partial Mode": "Finalize","Parent Relationship": "Outer","Parallel Aware": false,"Async Capable": false,"Startup Cost": 21601.33,"Total Cost": 21615.81,"Plan Rows": 25,"Plan Width": 136,"Actual Startup Time": 804.196,"Actual Total Time": 836.738,"Actual Rows": 5,"Actual Loops": 1,"Group Key": ["nation.n_name"],"Plans": [{"Node Type": "Gather Merge","Parent Relationship": "Outer","Parallel Aware": false,"Async Capable": false,"Startup Cost": 21601.33,"Total Cost": 21615.12,"Plan Rows": 50,"Plan Width": 136,"Actual Startup Time": 803.537,"Actual Total Time": 836.675,"Actual Rows": 15,"Actual Loops": 1,"Workers Planned": 2,"Workers Launched": 2,"Plans": [{"Node Type": "Aggregate","Strategy": "Sorted","Partial Mode": "Partial","Parent Relationship": "Outer","Parallel Aware": false,"Async Capable": false,"Startup Cost": 20601.30,"Total Cost": 20609.33,"Plan Rows": 25,"Plan Width": 136,"Actual Startup Time": 795.499,"Actual Total Time": 796.369,"Actual Rows": 5,"Actual Loops": 3,"Group Key": ["nation.n_name"],"Workers": [],"Plans": [{"Node Type": "Sort","Parent Relationship": "Outer","Parallel Aware": false,"Async Capable": false,"Startup Cost": 20601.30,"Total Cost": 20602.85,"Plan Rows": 617,"Plan Width": 116,"Actual Startup Time": 795.285,"Actual Total Time": 795.436,"Actual Rows": 2498,"Actual Loops": 3,"Sort Key": ["nation.n_name"],"Sort Method": "quicksort","Sort Space Used": 299,"Sort Space Type": "Memory","Workers": [{"Worker Number": 0,"Sort Method": "quicksort","Sort Space Used": 291,"Sort Space Type": "Memory"},{"Worker Number": 1,"Sort Method": "quicksort","Sort Space Used": 284,"Sort Space Type": "Memory"}],"Plans": [{"Node Type": "Hash Join","Parent Relationship": "Outer","Parallel Aware": false,"Async Capable": false,"Join Type": "Inner","Startup Cost": 475.27,"Total Cost": 20572.71,"Plan Rows": 617,"Plan Width": 116,"Actual Startup Time": 14.014,"Actual Total Time": 793.817,"Actual Rows": 2498,"Actual Loops": 3,"Inner Unique": true,"Hash Cond": "((lineitem.l_suppkey = supplier.s_suppkey) AND (customer.c_nationkey = supplier.s_nationkey))","Workers": [],"Plans": [{"Node Type": "Nested Loop","Parent Relationship": "Outer","Parallel Aware": false,"Async Capable": false,"Join Type": "Inner","Startup Cost": 3.27,"Total Cost": 20019.70,"Plan Rows": 15431,"Plan Width": 128,"Actual Startup Time": 0.837,"Actual Total Time": 749.002,"Actual Rows": 60742,"Actual Loops": 3,"Inner Unique": false,"Workers": [],"Plans": [{"Node Type": "Nested Loop","Parent Relationship": "Outer","Parallel Aware": false,"Async Capable": false,"Join Type": "Inner","Startup Cost": 2.84,"Total Cost": 8414.26,"Plan Rows": 3857,"Plan Width": 116,"Actual Startup Time": 0.706,"Actual Total Time": 447.815,"Actual Rows": 15183,"Actual Loops": 3,"Inner Unique": false,"Workers": [],"Plans": [{"Node Type": "Hash Join","Parent Relationship": "Outer","Parallel Aware": false,"Async Capable": false,"Join Type": "Inner","Startup Cost": 2.41,"Total Cost": 4471.79,"Plan Rows": 2500,"Plan Width": 116,"Actual Startup Time": 0.258,"Actual Total Time": 55.848,"Actual Rows": 9984,"Actual Loops": 3,"Inner Unique": false,"Hash Cond": "(customer.c_nationkey = nation.n_nationkey)","Workers": [],"Plans": [{"Node Type": "Seq Scan","Parent Relationship": "Outer","Parallel Aware": true,"Async Capable": false,"Relation Name": "customer","Alias": "customer","Startup Cost": 0.00,"Total Cost": 4210.00,"Plan Rows": 62500,"Plan Width": 8,"Actual Startup Time": 0.017,"Actual Total Time": 9.503,"Actual Rows": 50000,"Actual Loops": 3,"Workers": []},{"Node Type": "Hash","Parent Relationship": "Inner","Parallel Aware": false,"Async Capable": false,"Startup Cost": 2.40,"Total Cost": 2.40,"Plan Rows": 1,"Plan Width": 108,"Actual Startup Time": 0.153,"Actual Total Time": 0.178,"Actual Rows": 5,"Actual Loops": 3,"Hash Buckets": 1024,"Original Hash Buckets": 1024,"Hash Batches": 1,"Original Hash Batches": 1,"Peak Memory Usage": 9,"Workers": [],"Plans": [{"Node Type": "Hash Join","Parent Relationship": "Outer","Parallel Aware": false,"Async Capable": false,"Join Type": "Inner","Startup Cost": 1.07,"Total Cost": 2.40,"Plan Rows": 1,"Plan Width": 108,"Actual Startup Time": 0.136,"Actual Total Time": 0.167,"Actual Rows": 5,"Actual Loops": 3,"Inner Unique": true,"Hash Cond": "(nation.n_regionkey = region.r_regionkey)","Workers": [],"Plans": [{"Node Type": "Seq Scan","Parent Relationship": "Outer","Parallel Aware": false,"Async Capable": false,"Relation Name": "nation","Alias": "nation","Startup Cost": 0.00,"Total Cost": 1.25,"Plan Rows": 25,"Plan Width": 112,"Actual Startup Time": 0.055,"Actual Total Time": 0.059,"Actual Rows": 25,"Actual Loops": 3,"Workers": []},{"Node Type": "Hash","Parent Relationship": "Inner","Parallel Aware": false,"Async Capable": false,"Startup Cost": 1.06,"Total Cost": 1.06,"Plan Rows": 1,"Plan Width": 4,"Actual Startup Time": 0.050,"Actual Total Time": 0.057,"Actual Rows": 1,"Actual Loops": 3,"Hash Buckets": 1024,"Original Hash Buckets": 1024,"Hash Batches": 1,"Original Hash Batches": 1,"Peak Memory Usage": 9,"Workers": [],"Plans": [{"Node Type": "Seq Scan","Parent Relationship": "Outer","Parallel Aware": false,"Async Capable": false,"Relation Name": "region","Alias": "region","Startup Cost": 0.00,"Total Cost": 1.06,"Plan Rows": 1,"Plan Width": 4,"Actual Startup Time": 0.036,"Actual Total Time": 0.039,"Actual Rows": 1,"Actual Loops": 3,"Filter": "(r_name = 'AMERICA'::bpchar)","Rows Removed by Filter": 4,"Workers": []}]}]}]}]},{"Node Type": "Index Scan","Parent Relationship": "Inner","Parallel Aware": false,"Async Capable": false,"Scan Direction": "Forward","Index Name": "idx_orders_custkey","Relation Name": "orders","Alias": "orders","Startup Cost": 0.43,"Total Cost": 1.55,"Plan Rows": 3,"Plan Width": 8,"Actual Startup Time": 0.017,"Actual Total Time": 0.039,"Actual Rows": 2,"Actual Loops": 29952,"Index Cond": "(o_custkey = customer.c_custkey)","Rows Removed by Index Recheck": 0,"Filter": "((o_orderdate >= '1996-01-01'::date) AND (o_orderdate < '1997-01-01 00:00:00'::timestamp without time zone))","Rows Removed by Filter": 8,"Workers": []}]},{"Node Type": "Index Scan","Parent Relationship": "Inner","Parallel Aware": false,"Async Capable": false,"Scan Direction": "Forward","Index Name": "idx_lineitem_orderkey","Relation Name": "lineitem","Alias": "lineitem","Startup Cost": 0.43,"Total Cost": 2.84,"Plan Rows": 17,"Plan Width": 20,"Actual Startup Time": 0.016,"Actual Total Time": 0.019,"Actual Rows": 4,"Actual Loops": 45549,"Index Cond": "(l_orderkey = orders.o_orderkey)","Rows Removed by Index Recheck": 0,"Workers": []}]},{"Node Type": "Hash","Parent Relationship": "Inner","Parallel Aware": false,"Async Capable": false,"Startup Cost": 322.00,"Total Cost": 322.00,"Plan Rows": 10000,"Plan Width": 8,"Actual Startup Time": 12.297,"Actual Total Time": 12.301,"Actual Rows": 10000,"Actual Loops": 3,"Hash Buckets": 16384,"Original Hash Buckets": 16384,"Hash Batches": 1,"Original Hash Batches": 1,"Peak Memory Usage": 519,"Workers": [],"Plans": [{"Node Type": "Seq Scan","Parent Relationship": "Outer","Parallel Aware": false,"Async Capable": false,"Relation Name": "supplier","Alias": "supplier","Startup Cost": 0.00,"Total Cost": 322.00,"Plan Rows": 10000,"Plan Width": 8,"Actual Startup Time": 0.045,"Actual Total Time": 10.666,"Actual Rows": 10000,"Actual Loops": 3,"Workers": []}]}]}]}]}]}]}]},"Planning Time": 9.455,"Triggers": [],"Execution Time": 837.268}]
[{"Plan": {"Node Type": "Sort","Parallel Aware": false,"Async Capable": false,"Startup Cost": 21565.81,"Total Cost": 21565.87,"Plan Rows": 25,"Plan Width": 136,"Actual Startup Time": 812.189,"Actual Total Time": 842.359,"Actual Rows": 5,"Actual Loops": 1,"Sort Key": ["(sum((lineitem.l_extendedprice * ('1'::numeric - lineitem.l_discount)))) DESC"],"Sort Method": "quicksort","Sort Space Used": 25,"Sort Space Type": "Memory","Plans": [{"Node Type": "Aggregate","Strategy": "Sorted","Partial Mode": "Finalize","Parent Relationship": "Outer","Parallel Aware": false,"Async Capable": false,"Startup Cost": 21550.86,"Total Cost": 21565.23,"Plan Rows": 25,"Plan Width": 136,"Actual Startup Time": 811.599,"Actual Total Time": 842.311,"Actual Rows": 5,"Actual Loops": 1,"Group Key": ["nation.n_name"],"Plans": [{"Node Type": "Gather Merge","Parent Relationship": "Outer","Parallel Aware": false,"Async Capable": false,"Startup Cost": 21550.86,"Total Cost": 21564.54,"Plan Rows": 50,"Plan Width": 136,"Actual Startup Time": 811.323,"Actual Total Time": 842.254,"Actual Rows": 15,"Actual Loops": 1,"Workers Planned": 2,"Workers Launched": 2,"Plans": [{"Node Type": "Aggregate","Strategy": "Sorted","Partial Mode": "Partial","Parent Relationship": "Outer","Parallel Aware": false,"Async Capable": false,"Startup Cost": 20550.84,"Total Cost": 20558.75,"Plan Rows": 25,"Plan Width": 136,"Actual Startup Time": 803.769,"Actual Total Time": 804.515,"Actual Rows": 5,"Actual Loops": 3,"Group Key": ["nation.n_name"],"Workers": [],"Plans": [{"Node Type": "Sort","Parent Relationship": "Outer","Parallel Aware": false,"Async Capable": false,"Startup Cost": 20550.84,"Total Cost": 20552.36,"Plan Rows": 608,"Plan Width": 116,"Actual Startup Time": 803.552,"Actual Total Time": 803.687,"Actual Rows": 2453,"Actual Loops": 3,"Sort Key": ["nation.n_name"],"Sort Method": "quicksort","Sort Space Used": 291,"Sort Space Type": "Memory","Workers": [{"Worker Number": 0,"Sort Method": "quicksort","Sort Space Used": 289,"Sort Space Type": "Memory"},{"Worker Number": 1,"Sort Method": "quicksort","Sort Space Used": 285,"Sort Space Type": "Memory"}],"Plans": [{"Node Type": "Hash Join","Parent Relationship": "Outer","Parallel Aware": false,"Async Capable": false,"Join Type": "Inner","Startup Cost": 475.27,"Total Cost": 20522.72,"Plan Rows": 608,"Plan Width": 116,"Actual Startup Time": 16.360,"Actual Total Time": 802.078,"Actual Rows": 2453,"Actual Loops": 3,"Inner Unique": true,"Hash Cond": "((lineitem.l_suppkey = supplier.s_suppkey) AND (customer.c_nationkey = supplier.s_nationkey))","Workers": [],"Plans": [{"Node Type": "Nested Loop","Parent Relationship": "Outer","Parallel Aware": false,"Async Capable": false,"Join Type": "Inner","Startup Cost": 3.27,"Total Cost": 19970.84,"Plan Rows": 15215,"Plan Width": 128,"Actual Startup Time": 0.560,"Actual Total Time": 757.067,"Actual Rows": 60975,"Actual Loops": 3,"Inner Unique": false,"Workers": [],"Plans": [{"Node Type": "Nested Loop","Parent Relationship": "Outer","Parallel Aware": false,"Async Capable": false,"Join Type": "Inner","Startup Cost": 2.84,"Total Cost": 8414.26,"Plan Rows": 3803,"Plan Width": 116,"Actual Startup Time": 0.451,"Actual Total Time": 451.841,"Actual Rows": 15295,"Actual Loops": 3,"Inner Unique": false,"Workers": [],"Plans": [{"Node Type": "Hash Join","Parent Relationship": "Outer","Parallel Aware": false,"Async Capable": false,"Join Type": "Inner","Startup Cost": 2.41,"Total Cost": 4471.79,"Plan Rows": 2500,"Plan Width": 116,"Actual Startup Time": 0.247,"Actual Total Time": 55.129,"Actual Rows": 10061,"Actual Loops": 3,"Inner Unique": false,"Hash Cond": "(customer.c_nationkey = nation.n_nationkey)","Workers": [],"Plans": [{"Node Type": "Seq Scan","Parent Relationship": "Outer","Parallel Aware": true,"Async Capable": false,"Relation Name": "customer","Alias": "customer","Startup Cost": 0.00,"Total Cost": 4210.00,"Plan Rows": 62500,"Plan Width": 8,"Actual Startup Time": 0.010,"Actual Total Time": 9.469,"Actual Rows": 50000,"Actual Loops": 3,"Workers": []},{"Node Type": "Hash","Parent Relationship": "Inner","Parallel Aware": false,"Async Capable": false,"Startup Cost": 2.40,"Total Cost": 2.40,"Plan Rows": 1,"Plan Width": 108,"Actual Startup Time": 0.154,"Actual Total Time": 0.175,"Actual Rows": 5,"Actual Loops": 3,"Hash Buckets": 1024,"Original Hash Buckets": 1024,"Hash Batches": 1,"Original Hash Batches": 1,"Peak Memory Usage": 9,"Workers": [],"Plans": [{"Node Type": "Hash Join","Parent Relationship": "Outer","Parallel Aware": false,"Async Capable": false,"Join Type": "Inner","Startup Cost": 1.07,"Total Cost": 2.40,"Plan Rows": 1,"Plan Width": 108,"Actual Startup Time": 0.142,"Actual Total Time": 0.165,"Actual Rows": 5,"Actual Loops": 3,"Inner Unique": true,"Hash Cond": "(nation.n_regionkey = region.r_regionkey)","Workers": [],"Plans": [{"Node Type": "Seq Scan","Parent Relationship": "Outer","Parallel Aware": false,"Async Capable": false,"Relation Name": "nation","Alias": "nation","Startup Cost": 0.00,"Total Cost": 1.25,"Plan Rows": 25,"Plan Width": 112,"Actual Startup Time": 0.058,"Actual Total Time": 0.062,"Actual Rows": 25,"Actual Loops": 3,"Workers": []},{"Node Type": "Hash","Parent Relationship": "Inner","Parallel Aware": false,"Async Capable": false,"Startup Cost": 1.06,"Total Cost": 1.06,"Plan Rows": 1,"Plan Width": 4,"Actual Startup Time": 0.056,"Actual Total Time": 0.065,"Actual Rows": 1,"Actual Loops": 3,"Hash Buckets": 1024,"Original Hash Buckets": 1024,"Hash Batches": 1,"Original Hash Batches": 1,"Peak Memory Usage": 9,"Workers": [],"Plans": [{"Node Type": "Seq Scan","Parent Relationship": "Outer","Parallel Aware": false,"Async Capable": false,"Relation Name": "region","Alias": "region","Startup Cost": 0.00,"Total Cost": 1.06,"Plan Rows": 1,"Plan Width": 4,"Actual Startup Time": 0.045,"Actual Total Time": 0.048,"Actual Rows": 1,"Actual Loops": 3,"Filter": "(r_name = 'ASIA'::bpchar)","Rows Removed by Filter": 4,"Workers": []}]}]}]}]},{"Node Type": "Index Scan","Parent Relationship": "Inner","Parallel Aware": false,"Async Capable": false,"Scan Direction": "Forward","Index Name": "idx_orders_custkey","Relation Name": "orders","Alias": "orders","Startup Cost": 0.43,"Total Cost": 1.55,"Plan Rows": 3,"Plan Width": 8,"Actual Startup Time": 0.017,"Actual Total Time": 0.039,"Actual Rows": 2,"Actual Loops": 30183,"Index Cond": "(o_custkey = customer.c_custkey)","Rows Removed by Index Recheck": 0,"Filter": "((o_orderdate >= '1997-01-01'::date) AND (o_orderdate < '1998-01-01 00:00:00'::timestamp without time zone))","Rows Removed by Filter": 8,"Workers": []}]},{"Node Type": "Index Scan","Parent Relationship": "Inner","Parallel Aware": false,"Async Capable": false,"Scan Direction": "Forward","Index Name": "idx_lineitem_orderkey","Relation Name": "lineitem","Alias": "lineitem","Startup Cost": 0.43,"Total Cost": 2.87,"Plan Rows": 17,"Plan Width": 20,"Actual Startup Time": 0.017,"Actual Total Time": 0.019,"Actual Rows": 4,"Actual Loops": 45884,"Index Cond": "(l_orderkey = orders.o_orderkey)","Rows Removed by Index Recheck": 0,"Workers": []}]},{"Node Type": "Hash","Parent Relationship": "Inner","Parallel Aware": false,"Async Capable": false,"Startup Cost": 322.00,"Total Cost": 322.00,"Plan Rows": 10000,"Plan Width": 8,"Actual Startup Time": 13.288,"Actual Total Time": 13.293,"Actual Rows": 10000,"Actual Loops": 3,"Hash Buckets": 16384,"Original Hash Buckets": 16384,"Hash Batches": 1,"Original Hash Batches": 1,"Peak Memory Usage": 519,"Workers": [],"Plans": [{"Node Type": "Seq Scan","Parent Relationship": "Outer","Parallel Aware": false,"Async Capable": false,"Relation Name": "supplier","Alias": "supplier","Startup Cost": 0.00,"Total Cost": 322.00,"Plan Rows": 10000,"Plan Width": 8,"Actual Startup Time": 0.036,"Actual Total Time": 11.595,"Actual Rows": 10000,"Actual Loops": 3,"Workers": []}]}]}]}]}]}]}]},"Planning Time": 10.446,"Triggers": [],"Execution Time": 842.801}]
[{"Plan": {"Node Type": "Sort","Parallel Aware": false,"Async Capable": false,"Startup Cost": 21522.30,"Total Cost": 21522.36,"Plan Rows": 25,"Plan Width": 136,"Actual Startup Time": 803.252,"Actual Total Time": 834.286,"Actual Rows": 5,"Actual Loops": 1,"Sort Key": ["(sum((lineitem.l_extendedprice * ('1'::numeric - lineitem.l_discount)))) DESC"],"Sort Method": "quicksort","Sort Space Used": 25,"Sort Space Type": "Memory","Plans": [{"Node Type": "Aggregate","Strategy": "Sorted","Partial Mode": "Finalize","Parent Relationship": "Outer","Parallel Aware": false,"Async Capable": false,"Startup Cost": 21507.43,"Total Cost": 21521.72,"Plan Rows": 25,"Plan Width": 136,"Actual Startup Time": 802.651,"Actual Total Time": 834.228,"Actual Rows": 5,"Actual Loops": 1,"Group Key": ["nation.n_name"],"Plans": [{"Node Type": "Gather Merge","Parent Relationship": "Outer","Parallel Aware": false,"Async Capable": false,"Startup Cost": 21507.43,"Total Cost": 21521.03,"Plan Rows": 50,"Plan Width": 136,"Actual Startup Time": 802.434,"Actual Total Time": 834.170,"Actual Rows": 15,"Actual Loops": 1,"Workers Planned": 2,"Workers Launched": 2,"Plans": [{"Node Type": "Aggregate","Strategy": "Sorted","Partial Mode": "Partial","Parent Relationship": "Outer","Parallel Aware": false,"Async Capable": false,"Startup Cost": 20507.41,"Total Cost": 20515.23,"Plan Rows": 25,"Plan Width": 136,"Actual Startup Time": 794.928,"Actual Total Time": 795.651,"Actual Rows": 5,"Actual Loops": 3,"Group Key": ["nation.n_name"],"Workers": [],"Plans": [{"Node Type": "Sort","Parent Relationship": "Outer","Parallel Aware": false,"Async Capable": false,"Startup Cost": 20507.41,"Total Cost": 20508.91,"Plan Rows": 601,"Plan Width": 116,"Actual Startup Time": 794.703,"Actual Total Time": 794.843,"Actual Rows": 2409,"Actual Loops": 3,"Sort Key": ["nation.n_name"],"Sort Method": "quicksort","Sort Space Used": 286,"Sort Space Type": "Memory","Workers": [{"Worker Number": 0,"Sort Method": "quicksort","Sort Space Used": 276,"Sort Space Type": "Memory"},{"Worker Number": 1,"Sort Method": "quicksort","Sort Space Used": 293,"Sort Space Type": "Memory"}],"Plans": [{"Node Type": "Hash Join","Parent Relationship": "Outer","Parallel Aware": false,"Async Capable": false,"Join Type": "Inner","Startup Cost": 475.27,"Total Cost": 20479.67,"Plan Rows": 601,"Plan Width": 116,"Actual Startup Time": 9.777,"Actual Total Time": 793.218,"Actual Rows": 2409,"Actual Loops": 3,"Inner Unique": true,"Hash Cond": "((lineitem.l_suppkey = supplier.s_suppkey) AND (customer.c_nationkey = supplier.s_nationkey))","Workers": [],"Plans": [{"Node Type": "Nested Loop","Parent Relationship": "Outer","Parallel Aware": false,"Async Capable": false,"Join Type": "Inner","Startup Cost": 3.27,"Total Cost": 19928.78,"Plan Rows": 15027,"Plan Width": 128,"Actual Startup Time": 0.619,"Actual Total Time": 753.080,"Actual Rows": 60488,"Actual Loops": 3,"Inner Unique": false,"Workers": [],"Plans": [{"Node Type": "Nested Loop","Parent Relationship": "Outer","Parallel Aware": false,"Async Capable": false,"Join Type": "Inner","Startup Cost": 2.84,"Total Cost": 8414.26,"Plan Rows": 3756,"Plan Width": 116,"Actual Startup Time": 0.516,"Actual Total Time": 449.946,"Actual Rows": 15093,"Actual Loops": 3,"Inner Unique": false,"Workers": [],"Plans": [{"Node Type": "Hash Join","Parent Relationship": "Outer","Parallel Aware": false,"Async Capable": false,"Join Type": "Inner","Startup Cost": 2.41,"Total Cost": 4471.79,"Plan Rows": 2500,"Plan Width": 116,"Actual Startup Time": 0.243,"Actual Total Time": 55.930,"Actual Rows": 9921,"Actual Loops": 3,"Inner Unique": false,"Hash Cond": "(customer.c_nationkey = nation.n_nationkey)","Workers": [],"Plans": [{"Node Type": "Seq Scan","Parent Relationship": "Outer","Parallel Aware": true,"Async Capable": false,"Relation Name": "customer","Alias": "customer","Startup Cost": 0.00,"Total Cost": 4210.00,"Plan Rows": 62500,"Plan Width": 8,"Actual Startup Time": 0.017,"Actual Total Time": 9.588,"Actual Rows": 50000,"Actual Loops": 3,"Workers": []},{"Node Type": "Hash","Parent Relationship": "Inner","Parallel Aware": false,"Async Capable": false,"Startup Cost": 2.40,"Total Cost": 2.40,"Plan Rows": 1,"Plan Width": 108,"Actual Startup Time": 0.143,"Actual Total Time": 0.169,"Actual Rows": 5,"Actual Loops": 3,"Hash Buckets": 1024,"Original Hash Buckets": 1024,"Hash Batches": 1,"Original Hash Batches": 1,"Peak Memory Usage": 9,"Workers": [],"Plans": [{"Node Type": "Hash Join","Parent Relationship": "Outer","Parallel Aware": false,"Async Capable": false,"Join Type": "Inner","Startup Cost": 1.07,"Total Cost": 2.40,"Plan Rows": 1,"Plan Width": 108,"Actual Startup Time": 0.126,"Actual Total Time": 0.159,"Actual Rows": 5,"Actual Loops": 3,"Inner Unique": true,"Hash Cond": "(nation.n_regionkey = region.r_regionkey)","Workers": [],"Plans": [{"Node Type": "Seq Scan","Parent Relationship": "Outer","Parallel Aware": false,"Async Capable": false,"Relation Name": "nation","Alias": "nation","Startup Cost": 0.00,"Total Cost": 1.25,"Plan Rows": 25,"Plan Width": 112,"Actual Startup Time": 0.045,"Actual Total Time": 0.050,"Actual Rows": 25,"Actual Loops": 3,"Workers": []},{"Node Type": "Hash","Parent Relationship": "Inner","Parallel Aware": false,"Async Capable": false,"Startup Cost": 1.06,"Total Cost": 1.06,"Plan Rows": 1,"Plan Width": 4,"Actual Startup Time": 0.052,"Actual Total Time": 0.063,"Actual Rows": 1,"Actual Loops": 3,"Hash Buckets": 1024,"Original Hash Buckets": 1024,"Hash Batches": 1,"Original Hash Batches": 1,"Peak Memory Usage": 9,"Workers": [],"Plans": [{"Node Type": "Seq Scan","Parent Relationship": "Outer","Parallel Aware": false,"Async Capable": false,"Relation Name": "region","Alias": "region","Startup Cost": 0.00,"Total Cost": 1.06,"Plan Rows": 1,"Plan Width": 4,"Actual Startup Time": 0.036,"Actual Total Time": 0.041,"Actual Rows": 1,"Actual Loops": 3,"Filter": "(r_name = 'AFRICA'::bpchar)","Rows Removed by Filter": 4,"Workers": []}]}]}]}]},{"Node Type": "Index Scan","Parent Relationship": "Inner","Parallel Aware": false,"Async Capable": false,"Scan Direction": "Forward","Index Name": "idx_orders_custkey","Relation Name": "orders","Alias": "orders","Startup Cost": 0.43,"Total Cost": 1.55,"Plan Rows": 3,"Plan Width": 8,"Actual Startup Time": 0.017,"Actual Total Time": 0.039,"Actual Rows": 2,"Actual Loops": 29764,"Index Cond": "(o_custkey = customer.c_custkey)","Rows Removed by Index Recheck": 0,"Filter": "((o_orderdate >= '1993-01-01'::date) AND (o_orderdate < '1994-01-01 00:00:00'::timestamp without time zone))","Rows Removed by Filter": 9,"Workers": []}]},{"Node Type": "Index Scan","Parent Relationship": "Inner","Parallel Aware": false,"Async Capable": false,"Scan Direction": "Forward","Index Name": "idx_lineitem_orderkey","Relation Name": "lineitem","Alias": "lineitem","Startup Cost": 0.43,"Total Cost": 2.90,"Plan Rows": 17,"Plan Width": 20,"Actual Startup Time": 0.017,"Actual Total Time": 0.019,"Actual Rows": 4,"Actual Loops": 45280,"Index Cond": "(l_orderkey = orders.o_orderkey)","Rows Removed by Index Recheck": 0,"Workers": []}]},{"Node Type": "Hash","Parent Relationship": "Inner","Parallel Aware": false,"Async Capable": false,"Startup Cost": 322.00,"Total Cost": 322.00,"Plan Rows": 10000,"Plan Width": 8,"Actual Startup Time": 8.121,"Actual Total Time": 8.126,"Actual Rows": 10000,"Actual Loops": 3,"Hash Buckets": 16384,"Original Hash Buckets": 16384,"Hash Batches": 1,"Original Hash Batches": 1,"Peak Memory Usage": 519,"Workers": [],"Plans": [{"Node Type": "Seq Scan","Parent Relationship": "Outer","Parallel Aware": false,"Async Capable": false,"Relation Name": "supplier","Alias": "supplier","Startup Cost": 0.00,"Total Cost": 322.00,"Plan Rows": 10000,"Plan Width": 8,"Actual Startup Time": 0.036,"Actual Total Time": 6.327,"Actual Rows": 10000,"Actual Loops": 3,"Workers": []}]}]}]}]}]}]}]},"Planning Time": 9.902,"Triggers": [],"Execution Time": 834.900}]
[{"Plan": {"Node Type": "Sort","Parallel Aware": false,"Async Capable": false,"Startup Cost": 21612.43,"Total Cost": 21612.50,"Plan Rows": 25,"Plan Width": 136,"Actual Startup Time": 835.932,"Actual Total Time": 867.365,"Actual Rows": 5,"Actual Loops": 1,"Sort Key": ["(sum((lineitem.l_extendedprice * ('1'::numeric - lineitem.l_discount)))) DESC"],"Sort Method": "quicksort","Sort Space Used": 25,"Sort Space Type": "Memory","Plans": [{"Node Type": "Aggregate","Strategy": "Sorted","Partial Mode": "Finalize","Parent Relationship": "Outer","Parallel Aware": false,"Async Capable": false,"Startup Cost": 21597.38,"Total Cost": 21611.85,"Plan Rows": 25,"Plan Width": 136,"Actual Startup Time": 835.364,"Actual Total Time": 867.318,"Actual Rows": 5,"Actual Loops": 1,"Group Key": ["nation.n_name"],"Plans": [{"Node Type": "Gather Merge","Parent Relationship": "Outer","Parallel Aware": false,"Async Capable": false,"Startup Cost": 21597.38,"Total Cost": 21611.17,"Plan Rows": 50,"Plan Width": 136,"Actual Startup Time": 835.179,"Actual Total Time": 867.277,"Actual Rows": 15,"Actual Loops": 1,"Workers Planned": 2,"Workers Launched": 2,"Plans": [{"Node Type": "Aggregate","Strategy": "Sorted","Partial Mode": "Partial","Parent Relationship": "Outer","Parallel Aware": false,"Async Capable": false,"Startup Cost": 20597.36,"Total Cost": 20605.37,"Plan Rows": 25,"Plan Width": 136,"Actual Startup Time": 826.891,"Actual Total Time": 827.596,"Actual Rows": 5,"Actual Loops": 3,"Group Key": ["nation.n_name"],"Workers": [],"Plans": [{"Node Type": "Sort","Parent Relationship": "Outer","Parallel Aware": false,"Async Capable": false,"Startup Cost": 20597.36,"Total Cost": 20598.90,"Plan Rows": 616,"Plan Width": 116,"Actual Startup Time": 826.692,"Actual Total Time": 826.817,"Actual Rows": 2422,"Actual Loops": 3,"Sort Key": ["nation.n_name"],"Sort Method": "quicksort","Sort Space Used": 284,"Sort Space Type": "Memory","Workers": [{"Worker Number": 0,"Sort Method": "quicksort","Sort Space Used": 289,"Sort Space Type": "Memory"},{"Worker Number": 1,"Sort Method": "quicksort","Sort Space Used": 285,"Sort Space Type": "Memory"}],"Plans": [{"Node Type": "Hash Join","Parent Relationship": "Outer","Parallel Aware": false,"Async Capable": false,"Join Type": "Inner","Startup Cost": 475.27,"Total Cost": 20568.82,"Plan Rows": 616,"Plan Width": 116,"Actual Startup Time": 12.416,"Actual Total Time": 825.180,"Actual Rows": 2422,"Actual Loops": 3,"Inner Unique": true,"Hash Cond": "((lineitem.l_suppkey = supplier.s_suppkey) AND (customer.c_nationkey = supplier.s_nationkey))","Workers": [],"Plans": [{"Node Type": "Nested Loop","Parent Relationship": "Outer","Parallel Aware": false,"Async Capable": false,"Join Type": "Inner","Startup Cost": 3.27,"Total Cost": 20015.89,"Plan Rows": 15415,"Plan Width": 128,"Actual Startup Time": 0.717,"Actual Total Time": 776.964,"Actual Rows": 61524,"Actual Loops": 3,"Inner Unique": false,"Workers": [],"Plans": [{"Node Type": "Nested Loop","Parent Relationship": "Outer","Parallel Aware": false,"Async Capable": false,"Join Type": "Inner","Startup Cost": 2.84,"Total Cost": 8414.26,"Plan Rows": 3853,"Plan Width": 116,"Actual Startup Time": 0.594,"Actual Total Time": 468.318,"Actual Rows": 15364,"Actual Loops": 3,"Inner Unique": false,"Workers": [],"Plans": [{"Node Type": "Hash Join","Parent Relationship": "Outer","Parallel Aware": false,"Async Capable": false,"Join Type": "Inner","Startup Cost": 2.41,"Total Cost": 4471.79,"Plan Rows": 2500,"Plan Width": 116,"Actual Startup Time": 0.257,"Actual Total Time": 59.024,"Actual Rows": 10066,"Actual Loops": 3,"Inner Unique": false,"Hash Cond": "(customer.c_nationkey = nation.n_nationkey)","Workers": [],"Plans": [{"Node Type": "Seq Scan","Parent Relationship": "Outer","Parallel Aware": true,"Async Capable": false,"Relation Name": "customer","Alias": "customer","Startup Cost": 0.00,"Total Cost": 4210.00,"Plan Rows": 62500,"Plan Width": 8,"Actual Startup Time": 0.018,"Actual Total Time": 10.025,"Actual Rows": 50000,"Actual Loops": 3,"Workers": []},{"Node Type": "Hash","Parent Relationship": "Inner","Parallel Aware": false,"Async Capable": false,"Startup Cost": 2.40,"Total Cost": 2.40,"Plan Rows": 1,"Plan Width": 108,"Actual Startup Time": 0.151,"Actual Total Time": 0.168,"Actual Rows": 5,"Actual Loops": 3,"Hash Buckets": 1024,"Original Hash Buckets": 1024,"Hash Batches": 1,"Original Hash Batches": 1,"Peak Memory Usage": 9,"Workers": [],"Plans": [{"Node Type": "Hash Join","Parent Relationship": "Outer","Parallel Aware": false,"Async Capable": false,"Join Type": "Inner","Startup Cost": 1.07,"Total Cost": 2.40,"Plan Rows": 1,"Plan Width": 108,"Actual Startup Time": 0.138,"Actual Total Time": 0.159,"Actual Rows": 5,"Actual Loops": 3,"Inner Unique": true,"Hash Cond": "(nation.n_regionkey = region.r_regionkey)","Workers": [],"Plans": [{"Node Type": "Seq Scan","Parent Relationship": "Outer","Parallel Aware": false,"Async Capable": false,"Relation Name": "nation","Alias": "nation","Startup Cost": 0.00,"Total Cost": 1.25,"Plan Rows": 25,"Plan Width": 112,"Actual Startup Time": 0.050,"Actual Total Time": 0.055,"Actual Rows": 25,"Actual Loops": 3,"Workers": []},{"Node Type": "Hash","Parent Relationship": "Inner","Parallel Aware": false,"Async Capable": false,"Startup Cost": 1.06,"Total Cost": 1.06,"Plan Rows": 1,"Plan Width": 4,"Actual Startup Time": 0.059,"Actual Total Time": 0.064,"Actual Rows": 1,"Actual Loops": 3,"Hash Buckets": 1024,"Original Hash Buckets": 1024,"Hash Batches": 1,"Original Hash Batches": 1,"Peak Memory Usage": 9,"Workers": [],"Plans": [{"Node Type": "Seq Scan","Parent Relationship": "Outer","Parallel Aware": false,"Async Capable": false,"Relation Name": "region","Alias": "region","Startup Cost": 0.00,"Total Cost": 1.06,"Plan Rows": 1,"Plan Width": 4,"Actual Startup Time": 0.043,"Actual Total Time": 0.045,"Actual Rows": 1,"Actual Loops": 3,"Filter": "(r_name = 'EUROPE'::bpchar)","Rows Removed by Filter": 4,"Workers": []}]}]}]}]},{"Node Type": "Index Scan","Parent Relationship": "Inner","Parallel Aware": false,"Async Capable": false,"Scan Direction": "Forward","Index Name": "idx_orders_custkey","Relation Name": "orders","Alias": "orders","Startup Cost": 0.43,"Total Cost": 1.55,"Plan Rows": 3,"Plan Width": 8,"Actual Startup Time": 0.017,"Actual Total Time": 0.040,"Actual Rows": 2,"Actual Loops": 30197,"Index Cond": "(o_custkey = customer.c_custkey)","Rows Removed by Index Recheck": 0,"Filter": "((o_orderdate >= '1994-01-01'::date) AND (o_orderdate < '1995-01-01 00:00:00'::timestamp without time zone))","Rows Removed by Filter": 9,"Workers": []}]},{"Node Type": "Index Scan","Parent Relationship": "Inner","Parallel Aware": false,"Async Capable": false,"Scan Direction": "Forward","Index Name": "idx_lineitem_orderkey","Relation Name": "lineitem","Alias": "lineitem","Startup Cost": 0.43,"Total Cost": 2.84,"Plan Rows": 17,"Plan Width": 20,"Actual Startup Time": 0.017,"Actual Total Time": 0.019,"Actual Rows": 4,"Actual Loops": 46093,"Index Cond": "(l_orderkey = orders.o_orderkey)","Rows Removed by Index Recheck": 0,"Workers": []}]},{"Node Type": "Hash","Parent Relationship": "Inner","Parallel Aware": false,"Async Capable": false,"Startup Cost": 322.00,"Total Cost": 322.00,"Plan Rows": 10000,"Plan Width": 8,"Actual Startup Time": 10.479,"Actual Total Time": 10.484,"Actual Rows": 10000,"Actual Loops": 3,"Hash Buckets": 16384,"Original Hash Buckets": 16384,"Hash Batches": 1,"Original Hash Batches": 1,"Peak Memory Usage": 519,"Workers": [],"Plans": [{"Node Type": "Seq Scan","Parent Relationship": "Outer","Parallel Aware": false,"Async Capable": false,"Relation Name": "supplier","Alias": "supplier","Startup Cost": 0.00,"Total Cost": 322.00,"Plan Rows": 10000,"Plan Width": 8,"Actual Startup Time": 0.042,"Actual Total Time": 8.711,"Actual Rows": 10000,"Actual Loops": 3,"Workers": []}]}]}]}]}]}]}]},"Planning Time": 9.647,"Triggers": [],"Execution Time": 867.883}]
[{"Plan": {"Node Type": "Sort","Parallel Aware": false,"Async Capable": false,"Startup Cost": 21522.30,"Total Cost": 21522.36,"Plan Rows": 25,"Plan Width": 136,"Actual Startup Time": 803.252,"Actual Total Time": 834.286,"Actual Rows": 5,"Actual Loops": 1,"Sort Key": ["(sum((lineitem.l_extendedprice * ('1'::numeric - lineitem.l_discount)))) DESC"],"Sort Method": "quicksort","Sort Space Used": 25,"Sort Space Type": "Memory","Plans": [{"Node Type": "Aggregate","Strategy": "Sorted","Partial Mode": "Finalize","Parent Relationship": "Outer","Parallel Aware": false,"Async Capable": false,"Startup Cost": 21507.43,"Total Cost": 21521.72,"Plan Rows": 25,"Plan Width": 136,"Actual Startup Time": 802.651,"Actual Total Time": 834.228,"Actual Rows": 5,"Actual Loops": 1,"Group Key": ["nation.n_name"],"Plans": [{"Node Type": "Gather Merge","Parent Relationship": "Outer","Parallel Aware": false,"Async Capable": false,"Startup Cost": 21507.43,"Total Cost": 21521.03,"Plan Rows": 50,"Plan Width": 136,"Actual Startup Time": 802.434,"Actual Total Time": 834.170,"Actual Rows": 15,"Actual Loops": 1,"Workers Planned": 2,"Workers Launched": 2,"Plans": [{"Node Type": "Aggregate","Strategy": "Sorted","Partial Mode": "Partial","Parent Relationship": "Outer","Parallel Aware": false,"Async Capable": false,"Startup Cost": 20507.41,"Total Cost": 20515.23,"Plan Rows": 25,"Plan Width": 136,"Actual Startup Time": 794.928,"Actual Total Time": 795.651,"Actual Rows": 5,"Actual Loops": 3,"Group Key": ["nation.n_name"],"Workers": [],"Plans": [{"Node Type": "Sort","Parent Relationship": "Outer","Parallel Aware": false,"Async Capable": false,"Startup Cost": 20507.41,"Total Cost": 20508.91,"Plan Rows": 601,"Plan Width": 116,"Actual Startup Time": 794.703,"Actual Total Time": 794.843,"Actual Rows": 2409,"Actual Loops": 3,"Sort Key": ["nation.n_name"],"Sort Method": "quicksort","Sort Space Used": 286,"Sort Space Type": "Memory","Workers": [{"Worker Number": 0,"Sort Method": "quicksort","Sort Space Used": 276,"Sort Space Type": "Memory"},{"Worker Number": 1,"Sort Method": "quicksort","Sort Space Used": 293,"Sort Space Type": "Memory"}],"Plans": [{"Node Type": "Hash Join","Parent Relationship": "Outer","Parallel Aware": false,"Async Capable": false,"Join Type": "Inner","Startup Cost": 475.27,"Total Cost": 20479.67,"Plan Rows": 601,"Plan Width": 116,"Actual Startup Time": 9.777,"Actual Total Time": 793.218,"Actual Rows": 2409,"Actual Loops": 3,"Inner Unique": true,"Hash Cond": "((lineitem.l_suppkey = supplier.s_suppkey) AND (customer.c_nationkey = supplier.s_nationkey))","Workers": [],"Plans": [{"Node Type": "Nested Loop","Parent Relationship": "Outer","Parallel Aware": false,"Async Capable": false,"Join Type": "Inner","Startup Cost": 3.27,"Total Cost": 19928.78,"Plan Rows": 15027,"Plan Width": 128,"Actual Startup Time": 0.619,"Actual Total Time": 753.080,"Actual Rows": 60488,"Actual Loops": 3,"Inner Unique": false,"Workers": [],"Plans": [{"Node Type": "Nested Loop","Parent Relationship": "Outer","Parallel Aware": false,"Async Capable": false,"Join Type": "Inner","Startup Cost": 2.84,"Total Cost": 8414.26,"Plan Rows": 3756,"Plan Width": 116,"Actual Startup Time": 0.516,"Actual Total Time": 449.946,"Actual Rows": 15093,"Actual Loops": 3,"Inner Unique": false,"Workers": [],"Plans": [{"Node Type": "Hash Join","Parent Relationship": "Outer","Parallel Aware": false,"Async Capable": false,"Join Type": "Inner","Startup Cost": 2.41,"Total Cost": 4471.79,"Plan Rows": 2500,"Plan Width": 116,"Actual Startup Time": 0.243,"Actual Total Time": 55.930,"Actual Rows": 9921,"Actual Loops": 3,"Inner Unique": false,"Hash Cond": "(customer.c_nationkey = nation.n_nationkey)","Workers": [],"Plans": [{"Node Type": "Seq Scan","Parent Relationship": "Outer","Parallel Aware": true,"Async Capable": false,"Relation Name": "customer","Alias": "customer","Startup Cost": 0.00,"Total Cost": 4210.00,"Plan Rows": 62500,"Plan Width": 8,"Actual Startup Time": 0.017,"Actual Total Time": 9.588,"Actual Rows": 50000,"Actual Loops": 3,"Workers": []},{"Node Type": "Hash","Parent Relationship": "Inner","Parallel Aware": false,"Async Capable": false,"Startup Cost": 2.40,"Total Cost": 2.40,"Plan Rows": 1,"Plan Width": 108,"Actual Startup Time": 0.143,"Actual Total Time": 0.169,"Actual Rows": 5,"Actual Loops": 3,"Hash Buckets": 1024,"Original Hash Buckets": 1024,"Hash Batches": 1,"Original Hash Batches": 1,"Peak Memory Usage": 9,"Workers": [],"Plans": [{"Node Type": "Hash Join","Parent Relationship": "Outer","Parallel Aware": false,"Async Capable": false,"Join Type": "Inner","Startup Cost": 1.07,"Total Cost": 2.40,"Plan Rows": 1,"Plan Width": 108,"Actual Startup Time": 0.126,"Actual Total Time": 0.159,"Actual Rows": 5,"Actual Loops": 3,"Inner Unique": true,"Hash Cond": "(nation.n_regionkey = region.r_regionkey)","Workers": [],"Plans": [{"Node Type": "Seq Scan","Parent Relationship": "Outer","Parallel Aware": false,"Async Capable": false,"Relation Name": "nation","Alias": "nation","Startup Cost": 0.00,"Total Cost": 1.25,"Plan Rows": 25,"Plan Width": 112,"Actual Startup Time": 0.045,"Actual Total Time": 0.050,"Actual Rows": 25,"Actual Loops": 3,"Workers": []},{"Node Type": "Hash","Parent Relationship": "Inner","Parallel Aware": false,"Async Capable": false,"Startup Cost": 1.06,"Total Cost": 1.06,"Plan Rows": 1,"Plan Width": 4,"Actual Startup Time": 0.052,"Actual Total Time": 0.063,"Actual Rows": 1,"Actual Loops": 3,"Hash Buckets": 1024,"Original Hash Buckets": 1024,"Hash Batches": 1,"Original Hash Batches": 1,"Peak Memory Usage": 9,"Workers": [],"Plans": [{"Node Type": "Seq Scan","Parent Relationship": "Outer","Parallel Aware": false,"Async Capable": false,"Relation Name": "region","Alias": "region","Startup Cost": 0.00,"Total Cost": 1.06,"Plan Rows": 1,"Plan Width": 4,"Actual Startup Time": 0.036,"Actual Total Time": 0.041,"Actual Rows": 1,"Actual Loops": 3,"Filter": "(r_name = 'AFRICA'::bpchar)","Rows Removed by Filter": 4,"Workers": []}]}]}]}]},{"Node Type": "Index Scan","Parent Relationship": "Inner","Parallel Aware": false,"Async Capable": false,"Scan Direction": "Forward","Index Name": "idx_orders_custkey","Relation Name": "orders","Alias": "orders","Startup Cost": 0.43,"Total Cost": 1.55,"Plan Rows": 3,"Plan Width": 8,"Actual Startup Time": 0.017,"Actual Total Time": 0.039,"Actual Rows": 2,"Actual Loops": 29764,"Index Cond": "(o_custkey = customer.c_custkey)","Rows Removed by Index Recheck": 0,"Filter": "((o_orderdate >= '1993-01-01'::date) AND (o_orderdate < '1994-01-01 00:00:00'::timestamp without time zone))","Rows Removed by Filter": 9,"Workers": []}]},{"Node Type": "Index Scan","Parent Relationship": "Inner","Parallel Aware": false,"Async Capable": false,"Scan Direction": "Forward","Index Name": "idx_lineitem_orderkey","Relation Name": "lineitem","Alias": "lineitem","Startup Cost": 0.43,"Total Cost": 2.90,"Plan Rows": 17,"Plan Width": 20,"Actual Startup Time": 0.017,"Actual Total Time": 0.019,"Actual Rows": 4,"Actual Loops": 45280,"Index Cond": "(l_orderkey = orders.o_orderkey)","Rows Removed by Index Recheck": 0,"Workers": []}]},{"Node Type": "Hash","Parent Relationship": "Inner","Parallel Aware": false,"Async Capable": false,"Startup Cost": 322.00,"Total Cost": 322.00,"Plan Rows": 10000,"Plan Width": 8,"Actual Startup Time": 8.121,"Actual Total Time": 8.126,"Actual Rows": 10000,"Actual Loops": 3,"Hash Buckets": 16384,"Original Hash Buckets": 16384,"Hash Batches": 1,"Original Hash Batches": 1,"Peak Memory Usage": 519,"Workers": [],"Plans": [{"Node Type": "Seq Scan","Parent Relationship": "Outer","Parallel Aware": false,"Async Capable": false,"Relation Name": "supplier","Alias": "supplier","Startup Cost": 0.00,"Total Cost": 322.00,"Plan Rows": 10000,"Plan Width": 8,"Actual Startup Time": 0.036,"Actual Total Time": 6.327,"Actual Rows": 10000,"Actual Loops": 3,"Workers": []}]}]}]}]}]}]}]},"Planning Time": 9.902,"Triggers": [],"Execution Time": 834.900}]
[{"Plan": {"Node Type": "Sort","Parallel Aware": false,"Async Capable": false,"Startup Cost": 21565.81,"Total Cost": 21565.87,"Plan Rows": 25,"Plan Width": 136,"Actual Startup Time": 833.811,"Actual Total Time": 865.523,"Actual Rows": 5,"Actual Loops": 1,"Sort Key": ["(sum((lineitem.l_extendedprice * ('1'::numeric - lineitem.l_discount)))) DESC"],"Sort Method": "quicksort","Sort Space Used": 25,"Sort Space Type": "Memory","Plans": [{"Node Type": "Aggregate","Strategy": "Sorted","Partial Mode": "Finalize","Parent Relationship": "Outer","Parallel Aware": false,"Async Capable": false,"Startup Cost": 21550.86,"Total Cost": 21565.23,"Plan Rows": 25,"Plan Width": 136,"Actual Startup Time": 833.271,"Actual Total Time": 865.478,"Actual Rows": 5,"Actual Loops": 1,"Group Key": ["nation.n_name"],"Plans": [{"Node Type": "Gather Merge","Parent Relationship": "Outer","Parallel Aware": false,"Async Capable": false,"Startup Cost": 21550.86,"Total Cost": 21564.54,"Plan Rows": 50,"Plan Width": 136,"Actual Startup Time": 833.025,"Actual Total Time": 865.435,"Actual Rows": 15,"Actual Loops": 1,"Workers Planned": 2,"Workers Launched": 2,"Plans": [{"Node Type": "Aggregate","Strategy": "Sorted","Partial Mode": "Partial","Parent Relationship": "Outer","Parallel Aware": false,"Async Capable": false,"Startup Cost": 20550.84,"Total Cost": 20558.75,"Plan Rows": 25,"Plan Width": 136,"Actual Startup Time": 825.546,"Actual Total Time": 826.255,"Actual Rows": 5,"Actual Loops": 3,"Group Key": ["nation.n_name"],"Workers": [],"Plans": [{"Node Type": "Sort","Parent Relationship": "Outer","Parallel Aware": false,"Async Capable": false,"Startup Cost": 20550.84,"Total Cost": 20552.36,"Plan Rows": 608,"Plan Width": 116,"Actual Startup Time": 825.323,"Actual Total Time": 825.450,"Actual Rows": 2415,"Actual Loops": 3,"Sort Key": ["nation.n_name"],"Sort Method": "quicksort","Sort Space Used": 281,"Sort Space Type": "Memory","Workers": [{"Worker Number": 0,"Sort Method": "quicksort","Sort Space Used": 286,"Sort Space Type": "Memory"},{"Worker Number": 1,"Sort Method": "quicksort","Sort Space Used": 289,"Sort Space Type": "Memory"}],"Plans": [{"Node Type": "Hash Join","Parent Relationship": "Outer","Parallel Aware": false,"Async Capable": false,"Join Type": "Inner","Startup Cost": 475.27,"Total Cost": 20522.72,"Plan Rows": 608,"Plan Width": 116,"Actual Startup Time": 12.893,"Actual Total Time": 823.841,"Actual Rows": 2415,"Actual Loops": 3,"Inner Unique": true,"Hash Cond": "((lineitem.l_suppkey = supplier.s_suppkey) AND (customer.c_nationkey = supplier.s_nationkey))","Workers": [],"Plans": [{"Node Type": "Nested Loop","Parent Relationship": "Outer","Parallel Aware": false,"Async Capable": false,"Join Type": "Inner","Startup Cost": 3.27,"Total Cost": 19970.84,"Plan Rows": 15215,"Plan Width": 128,"Actual Startup Time": 0.809,"Actual Total Time": 777.035,"Actual Rows": 60714,"Actual Loops": 3,"Inner Unique": false,"Workers": [],"Plans": [{"Node Type": "Nested Loop","Parent Relationship": "Outer","Parallel Aware": false,"Async Capable": false,"Join Type": "Inner","Startup Cost": 2.84,"Total Cost": 8414.26,"Plan Rows": 3803,"Plan Width": 116,"Actual Startup Time": 0.660,"Actual Total Time": 471.667,"Actual Rows": 15226,"Actual Loops": 3,"Inner Unique": false,"Workers": [],"Plans": [{"Node Type": "Hash Join","Parent Relationship": "Outer","Parallel Aware": false,"Async Capable": false,"Join Type": "Inner","Startup Cost": 2.41,"Total Cost": 4471.79,"Plan Rows": 2500,"Plan Width": 116,"Actual Startup Time": 0.276,"Actual Total Time": 59.829,"Actual Rows": 10066,"Actual Loops": 3,"Inner Unique": false,"Hash Cond": "(customer.c_nationkey = nation.n_nationkey)","Workers": [],"Plans": [{"Node Type": "Seq Scan","Parent Relationship": "Outer","Parallel Aware": true,"Async Capable": false,"Relation Name": "customer","Alias": "customer","Startup Cost": 0.00,"Total Cost": 4210.00,"Plan Rows": 62500,"Plan Width": 8,"Actual Startup Time": 0.021,"Actual Total Time": 10.083,"Actual Rows": 50000,"Actual Loops": 3,"Workers": []},{"Node Type": "Hash","Parent Relationship": "Inner","Parallel Aware": false,"Async Capable": false,"Startup Cost": 2.40,"Total Cost": 2.40,"Plan Rows": 1,"Plan Width": 108,"Actual Startup Time": 0.154,"Actual Total Time": 0.171,"Actual Rows": 5,"Actual Loops": 3,"Hash Buckets": 1024,"Original Hash Buckets": 1024,"Hash Batches": 1,"Original Hash Batches": 1,"Peak Memory Usage": 9,"Workers": [],"Plans": [{"Node Type": "Hash Join","Parent Relationship": "Outer","Parallel Aware": false,"Async Capable": false,"Join Type": "Inner","Startup Cost": 1.07,"Total Cost": 2.40,"Plan Rows": 1,"Plan Width": 108,"Actual Startup Time": 0.139,"Actual Total Time": 0.162,"Actual Rows": 5,"Actual Loops": 3,"Inner Unique": true,"Hash Cond": "(nation.n_regionkey = region.r_regionkey)","Workers": [],"Plans": [{"Node Type": "Seq Scan","Parent Relationship": "Outer","Parallel Aware": false,"Async Capable": false,"Relation Name": "nation","Alias": "nation","Startup Cost": 0.00,"Total Cost": 1.25,"Plan Rows": 25,"Plan Width": 112,"Actual Startup Time": 0.051,"Actual Total Time": 0.055,"Actual Rows": 25,"Actual Loops": 3,"Workers": []},{"Node Type": "Hash","Parent Relationship": "Inner","Parallel Aware": false,"Async Capable": false,"Startup Cost": 1.06,"Total Cost": 1.06,"Plan Rows": 1,"Plan Width": 4,"Actual Startup Time": 0.057,"Actual Total Time": 0.063,"Actual Rows": 1,"Actual Loops": 3,"Hash Buckets": 1024,"Original Hash Buckets": 1024,"Hash Batches": 1,"Original Hash Batches": 1,"Peak Memory Usage": 9,"Workers": [],"Plans": [{"Node Type": "Seq Scan","Parent Relationship": "Outer","Parallel Aware": false,"Async Capable": false,"Relation Name": "region","Alias": "region","Startup Cost": 0.00,"Total Cost": 1.06,"Plan Rows": 1,"Plan Width": 4,"Actual Startup Time": 0.043,"Actual Total Time": 0.045,"Actual Rows": 1,"Actual Loops": 3,"Filter": "(r_name = 'EUROPE'::bpchar)","Rows Removed by Filter": 4,"Workers": []}]}]}]}]},{"Node Type": "Index Scan","Parent Relationship": "Inner","Parallel Aware": false,"Async Capable": false,"Scan Direction": "Forward","Index Name": "idx_orders_custkey","Relation Name": "orders","Alias": "orders","Startup Cost": 0.43,"Total Cost": 1.55,"Plan Rows": 3,"Plan Width": 8,"Actual Startup Time": 0.017,"Actual Total Time": 0.041,"Actual Rows": 2,"Actual Loops": 30197,"Index Cond": "(o_custkey = customer.c_custkey)","Rows Removed by Index Recheck": 0,"Filter": "((o_orderdate >= '1997-01-01'::date) AND (o_orderdate < '1998-01-01 00:00:00'::timestamp without time zone))","Rows Removed by Filter": 9,"Workers": []}]},{"Node Type": "Index Scan","Parent Relationship": "Inner","Parallel Aware": false,"Async Capable": false,"Scan Direction": "Forward","Index Name": "idx_lineitem_orderkey","Relation Name": "lineitem","Alias": "lineitem","Startup Cost": 0.43,"Total Cost": 2.87,"Plan Rows": 17,"Plan Width": 20,"Actual Startup Time": 0.017,"Actual Total Time": 0.019,"Actual Rows": 4,"Actual Loops": 45677,"Index Cond": "(l_orderkey = orders.o_orderkey)","Rows Removed by Index Recheck": 0,"Workers": []}]},{"Node Type": "Hash","Parent Relationship": "Inner","Parallel Aware": false,"Async Capable": false,"Startup Cost": 322.00,"Total Cost": 322.00,"Plan Rows": 10000,"Plan Width": 8,"Actual Startup Time": 11.560,"Actual Total Time": 11.566,"Actual Rows": 10000,"Actual Loops": 3,"Hash Buckets": 16384,"Original Hash Buckets": 16384,"Hash Batches": 1,"Original Hash Batches": 1,"Peak Memory Usage": 519,"Workers": [],"Plans": [{"Node Type": "Seq Scan","Parent Relationship": "Outer","Parallel Aware": false,"Async Capable": false,"Relation Name": "supplier","Alias": "supplier","Startup Cost": 0.00,"Total Cost": 322.00,"Plan Rows": 10000,"Plan Width": 8,"Actual Startup Time": 0.053,"Actual Total Time": 9.758,"Actual Rows": 10000,"Actual Loops": 3,"Workers": []}]}]}]}]}]}]}]},"Planning Time": 11.054,"Triggers": [],"Execution Time": 866.075}]
[{"Plan": {"Node Type": "Sort","Parallel Aware": false,"Async Capable": false,"Startup Cost": 21565.81,"Total Cost": 21565.87,"Plan Rows": 25,"Plan Width": 136,"Actual Startup Time": 812.189,"Actual Total Time": 842.359,"Actual Rows": 5,"Actual Loops": 1,"Sort Key": ["(sum((lineitem.l_extendedprice * ('1'::numeric - lineitem.l_discount)))) DESC"],"Sort Method": "quicksort","Sort Space Used": 25,"Sort Space Type": "Memory","Plans": [{"Node Type": "Aggregate","Strategy": "Sorted","Partial Mode": "Finalize","Parent Relationship": "Outer","Parallel Aware": false,"Async Capable": false,"Startup Cost": 21550.86,"Total Cost": 21565.23,"Plan Rows": 25,"Plan Width": 136,"Actual Startup Time": 811.599,"Actual Total Time": 842.311,"Actual Rows": 5,"Actual Loops": 1,"Group Key": ["nation.n_name"],"Plans": [{"Node Type": "Gather Merge","Parent Relationship": "Outer","Parallel Aware": false,"Async Capable": false,"Startup Cost": 21550.86,"Total Cost": 21564.54,"Plan Rows": 50,"Plan Width": 136,"Actual Startup Time": 811.323,"Actual Total Time": 842.254,"Actual Rows": 15,"Actual Loops": 1,"Workers Planned": 2,"Workers Launched": 2,"Plans": [{"Node Type": "Aggregate","Strategy": "Sorted","Partial Mode": "Partial","Parent Relationship": "Outer","Parallel Aware": false,"Async Capable": false,"Startup Cost": 20550.84,"Total Cost": 20558.75,"Plan Rows": 25,"Plan Width": 136,"Actual Startup Time": 803.769,"Actual Total Time": 804.515,"Actual Rows": 5,"Actual Loops": 3,"Group Key": ["nation.n_name"],"Workers": [],"Plans": [{"Node Type": "Sort","Parent Relationship": "Outer","Parallel Aware": false,"Async Capable": false,"Startup Cost": 20550.84,"Total Cost": 20552.36,"Plan Rows": 608,"Plan Width": 116,"Actual Startup Time": 803.552,"Actual Total Time": 803.687,"Actual Rows": 2453,"Actual Loops": 3,"Sort Key": ["nation.n_name"],"Sort Method": "quicksort","Sort Space Used": 291,"Sort Space Type": "Memory","Workers": [{"Worker Number": 0,"Sort Method": "quicksort","Sort Space Used": 289,"Sort Space Type": "Memory"},{"Worker Number": 1,"Sort Method": "quicksort","Sort Space Used": 285,"Sort Space Type": "Memory"}],"Plans": [{"Node Type": "Hash Join","Parent Relationship": "Outer","Parallel Aware": false,"Async Capable": false,"Join Type": "Inner","Startup Cost": 475.27,"Total Cost": 20522.72,"Plan Rows": 608,"Plan Width": 116,"Actual Startup Time": 16.360,"Actual Total Time": 802.078,"Actual Rows": 2453,"Actual Loops": 3,"Inner Unique": true,"Hash Cond": "((lineitem.l_suppkey = supplier.s_suppkey) AND (customer.c_nationkey = supplier.s_nationkey))","Workers": [],"Plans": [{"Node Type": "Nested Loop","Parent Relationship": "Outer","Parallel Aware": false,"Async Capable": false,"Join Type": "Inner","Startup Cost": 3.27,"Total Cost": 19970.84,"Plan Rows": 15215,"Plan Width": 128,"Actual Startup Time": 0.560,"Actual Total Time": 757.067,"Actual Rows": 60975,"Actual Loops": 3,"Inner Unique": false,"Workers": [],"Plans": [{"Node Type": "Nested Loop","Parent Relationship": "Outer","Parallel Aware": false,"Async Capable": false,"Join Type": "Inner","Startup Cost": 2.84,"Total Cost": 8414.26,"Plan Rows": 3803,"Plan Width": 116,"Actual Startup Time": 0.451,"Actual Total Time": 451.841,"Actual Rows": 15295,"Actual Loops": 3,"Inner Unique": false,"Workers": [],"Plans": [{"Node Type": "Hash Join","Parent Relationship": "Outer","Parallel Aware": false,"Async Capable": false,"Join Type": "Inner","Startup Cost": 2.41,"Total Cost": 4471.79,"Plan Rows": 2500,"Plan Width": 116,"Actual Startup Time": 0.247,"Actual Total Time": 55.129,"Actual Rows": 10061,"Actual Loops": 3,"Inner Unique": false,"Hash Cond": "(customer.c_nationkey = nation.n_nationkey)","Workers": [],"Plans": [{"Node Type": "Seq Scan","Parent Relationship": "Outer","Parallel Aware": true,"Async Capable": false,"Relation Name": "customer","Alias": "customer","Startup Cost": 0.00,"Total Cost": 4210.00,"Plan Rows": 62500,"Plan Width": 8,"Actual Startup Time": 0.010,"Actual Total Time": 9.469,"Actual Rows": 50000,"Actual Loops": 3,"Workers": []},{"Node Type": "Hash","Parent Relationship": "Inner","Parallel Aware": false,"Async Capable": false,"Startup Cost": 2.40,"Total Cost": 2.40,"Plan Rows": 1,"Plan Width": 108,"Actual Startup Time": 0.154,"Actual Total Time": 0.175,"Actual Rows": 5,"Actual Loops": 3,"Hash Buckets": 1024,"Original Hash Buckets": 1024,"Hash Batches": 1,"Original Hash Batches": 1,"Peak Memory Usage": 9,"Workers": [],"Plans": [{"Node Type": "Hash Join","Parent Relationship": "Outer","Parallel Aware": false,"Async Capable": false,"Join Type": "Inner","Startup Cost": 1.07,"Total Cost": 2.40,"Plan Rows": 1,"Plan Width": 108,"Actual Startup Time": 0.142,"Actual Total Time": 0.165,"Actual Rows": 5,"Actual Loops": 3,"Inner Unique": true,"Hash Cond": "(nation.n_regionkey = region.r_regionkey)","Workers": [],"Plans": [{"Node Type": "Seq Scan","Parent Relationship": "Outer","Parallel Aware": false,"Async Capable": false,"Relation Name": "nation","Alias": "nation","Startup Cost": 0.00,"Total Cost": 1.25,"Plan Rows": 25,"Plan Width": 112,"Actual Startup Time": 0.058,"Actual Total Time": 0.062,"Actual Rows": 25,"Actual Loops": 3,"Workers": []},{"Node Type": "Hash","Parent Relationship": "Inner","Parallel Aware": false,"Async Capable": false,"Startup Cost": 1.06,"Total Cost": 1.06,"Plan Rows": 1,"Plan Width": 4,"Actual Startup Time": 0.056,"Actual Total Time": 0.065,"Actual Rows": 1,"Actual Loops": 3,"Hash Buckets": 1024,"Original Hash Buckets": 1024,"Hash Batches": 1,"Original Hash Batches": 1,"Peak Memory Usage": 9,"Workers": [],"Plans": [{"Node Type": "Seq Scan","Parent Relationship": "Outer","Parallel Aware": false,"Async Capable": false,"Relation Name": "region","Alias": "region","Startup Cost": 0.00,"Total Cost": 1.06,"Plan Rows": 1,"Plan Width": 4,"Actual Startup Time": 0.045,"Actual Total Time": 0.048,"Actual Rows": 1,"Actual Loops": 3,"Filter": "(r_name = 'ASIA'::bpchar)","Rows Removed by Filter": 4,"Workers": []}]}]}]}]},{"Node Type": "Index Scan","Parent Relationship": "Inner","Parallel Aware": false,"Async Capable": false,"Scan Direction": "Forward","Index Name": "idx_orders_custkey","Relation Name": "orders","Alias": "orders","Startup Cost": 0.43,"Total Cost": 1.55,"Plan Rows": 3,"Plan Width": 8,"Actual Startup Time": 0.017,"Actual Total Time": 0.039,"Actual Rows": 2,"Actual Loops": 30183,"Index Cond": "(o_custkey = customer.c_custkey)","Rows Removed by Index Recheck": 0,"Filter": "((o_orderdate >= '1997-01-01'::date) AND (o_orderdate < '1998-01-01 00:00:00'::timestamp without time zone))","Rows Removed by Filter": 8,"Workers": []}]},{"Node Type": "Index Scan","Parent Relationship": "Inner","Parallel Aware": false,"Async Capable": false,"Scan Direction": "Forward","Index Name": "idx_lineitem_orderkey","Relation Name": "lineitem","Alias": "lineitem","Startup Cost": 0.43,"Total Cost": 2.87,"Plan Rows": 17,"Plan Width": 20,"Actual Startup Time": 0.017,"Actual Total Time": 0.019,"Actual Rows": 4,"Actual Loops": 45884,"Index Cond": "(l_orderkey = orders.o_orderkey)","Rows Removed by Index Recheck": 0,"Workers": []}]},{"Node Type": "Hash","Parent Relationship": "Inner","Parallel Aware": false,"Async Capable": false,"Startup Cost": 322.00,"Total Cost": 322.00,"Plan Rows": 10000,"Plan Width": 8,"Actual Startup Time": 13.288,"Actual Total Time": 13.293,"Actual Rows": 10000,"Actual Loops": 3,"Hash Buckets": 16384,"Original Hash Buckets": 16384,"Hash Batches": 1,"Original Hash Batches": 1,"Peak Memory Usage": 519,"Workers": [],"Plans": [{"Node Type": "Seq Scan","Parent Relationship": "Outer","Parallel Aware": false,"Async Capable": false,"Relation Name": "supplier","Alias": "supplier","Startup Cost": 0.00,"Total Cost": 322.00,"Plan Rows": 10000,"Plan Width": 8,"Actual Startup Time": 0.036,"Actual Total Time": 11.595,"Actual Rows": 10000,"Actual Loops": 3,"Workers": []}]}]}]}]}]}]}]},"Planning Time": 10.446,"Triggers": [],"Execution Time": 842.801}]
[{"Plan": {"Node Type": "Sort","Parallel Aware": false,"Async Capable": false,"Startup Cost": 21612.43,"Total Cost": 21612.50,"Plan Rows": 25,"Plan Width": 136,"Actual Startup Time": 835.932,"Actual Total Time": 867.365,"Actual Rows": 5,"Actual Loops": 1,"Sort Key": ["(sum((lineitem.l_extendedprice * ('1'::numeric - lineitem.l_discount)))) DESC"],"Sort Method": "quicksort","Sort Space Used": 25,"Sort Space Type": "Memory","Plans": [{"Node Type": "Aggregate","Strategy": "Sorted","Partial Mode": "Finalize","Parent Relationship": "Outer","Parallel Aware": false,"Async Capable": false,"Startup Cost": 21597.38,"Total Cost": 21611.85,"Plan Rows": 25,"Plan Width": 136,"Actual Startup Time": 835.364,"Actual Total Time": 867.318,"Actual Rows": 5,"Actual Loops": 1,"Group Key": ["nation.n_name"],"Plans": [{"Node Type": "Gather Merge","Parent Relationship": "Outer","Parallel Aware": false,"Async Capable": false,"Startup Cost": 21597.38,"Total Cost": 21611.17,"Plan Rows": 50,"Plan Width": 136,"Actual Startup Time": 835.179,"Actual Total Time": 867.277,"Actual Rows": 15,"Actual Loops": 1,"Workers Planned": 2,"Workers Launched": 2,"Plans": [{"Node Type": "Aggregate","Strategy": "Sorted","Partial Mode": "Partial","Parent Relationship": "Outer","Parallel Aware": false,"Async Capable": false,"Startup Cost": 20597.36,"Total Cost": 20605.37,"Plan Rows": 25,"Plan Width": 136,"Actual Startup Time": 826.891,"Actual Total Time": 827.596,"Actual Rows": 5,"Actual Loops": 3,"Group Key": ["nation.n_name"],"Workers": [],"Plans": [{"Node Type": "Sort","Parent Relationship": "Outer","Parallel Aware": false,"Async Capable": false,"Startup Cost": 20597.36,"Total Cost": 20598.90,"Plan Rows": 616,"Plan Width": 116,"Actual Startup Time": 826.692,"Actual Total Time": 826.817,"Actual Rows": 2422,"Actual Loops": 3,"Sort Key": ["nation.n_name"],"Sort Method": "quicksort","Sort Space Used": 284,"Sort Space Type": "Memory","Workers": [{"Worker Number": 0,"Sort Method": "quicksort","Sort Space Used": 289,"Sort Space Type": "Memory"},{"Worker Number": 1,"Sort Method": "quicksort","Sort Space Used": 285,"Sort Space Type": "Memory"}],"Plans": [{"Node Type": "Hash Join","Parent Relationship": "Outer","Parallel Aware": false,"Async Capable": false,"Join Type": "Inner","Startup Cost": 475.27,"Total Cost": 20568.82,"Plan Rows": 616,"Plan Width": 116,"Actual Startup Time": 12.416,"Actual Total Time": 825.180,"Actual Rows": 2422,"Actual Loops": 3,"Inner Unique": true,"Hash Cond": "((lineitem.l_suppkey = supplier.s_suppkey) AND (customer.c_nationkey = supplier.s_nationkey))","Workers": [],"Plans": [{"Node Type": "Nested Loop","Parent Relationship": "Outer","Parallel Aware": false,"Async Capable": false,"Join Type": "Inner","Startup Cost": 3.27,"Total Cost": 20015.89,"Plan Rows": 15415,"Plan Width": 128,"Actual Startup Time": 0.717,"Actual Total Time": 776.964,"Actual Rows": 61524,"Actual Loops": 3,"Inner Unique": false,"Workers": [],"Plans": [{"Node Type": "Nested Loop","Parent Relationship": "Outer","Parallel Aware": false,"Async Capable": false,"Join Type": "Inner","Startup Cost": 2.84,"Total Cost": 8414.26,"Plan Rows": 3853,"Plan Width": 116,"Actual Startup Time": 0.594,"Actual Total Time": 468.318,"Actual Rows": 15364,"Actual Loops": 3,"Inner Unique": false,"Workers": [],"Plans": [{"Node Type": "Hash Join","Parent Relationship": "Outer","Parallel Aware": false,"Async Capable": false,"Join Type": "Inner","Startup Cost": 2.41,"Total Cost": 4471.79,"Plan Rows": 2500,"Plan Width": 116,"Actual Startup Time": 0.257,"Actual Total Time": 59.024,"Actual Rows": 10066,"Actual Loops": 3,"Inner Unique": false,"Hash Cond": "(customer.c_nationkey = nation.n_nationkey)","Workers": [],"Plans": [{"Node Type": "Seq Scan","Parent Relationship": "Outer","Parallel Aware": true,"Async Capable": false,"Relation Name": "customer","Alias": "customer","Startup Cost": 0.00,"Total Cost": 4210.00,"Plan Rows": 62500,"Plan Width": 8,"Actual Startup Time": 0.018,"Actual Total Time": 10.025,"Actual Rows": 50000,"Actual Loops": 3,"Workers": []},{"Node Type": "Hash","Parent Relationship": "Inner","Parallel Aware": false,"Async Capable": false,"Startup Cost": 2.40,"Total Cost": 2.40,"Plan Rows": 1,"Plan Width": 108,"Actual Startup Time": 0.151,"Actual Total Time": 0.168,"Actual Rows": 5,"Actual Loops": 3,"Hash Buckets": 1024,"Original Hash Buckets": 1024,"Hash Batches": 1,"Original Hash Batches": 1,"Peak Memory Usage": 9,"Workers": [],"Plans": [{"Node Type": "Hash Join","Parent Relationship": "Outer","Parallel Aware": false,"Async Capable": false,"Join Type": "Inner","Startup Cost": 1.07,"Total Cost": 2.40,"Plan Rows": 1,"Plan Width": 108,"Actual Startup Time": 0.138,"Actual Total Time": 0.159,"Actual Rows": 5,"Actual Loops": 3,"Inner Unique": true,"Hash Cond": "(nation.n_regionkey = region.r_regionkey)","Workers": [],"Plans": [{"Node Type": "Seq Scan","Parent Relationship": "Outer","Parallel Aware": false,"Async Capable": false,"Relation Name": "nation","Alias": "nation","Startup Cost": 0.00,"Total Cost": 1.25,"Plan Rows": 25,"Plan Width": 112,"Actual Startup Time": 0.050,"Actual Total Time": 0.055,"Actual Rows": 25,"Actual Loops": 3,"Workers": []},{"Node Type": "Hash","Parent Relationship": "Inner","Parallel Aware": false,"Async Capable": false,"Startup Cost": 1.06,"Total Cost": 1.06,"Plan Rows": 1,"Plan Width": 4,"Actual Startup Time": 0.059,"Actual Total Time": 0.064,"Actual Rows": 1,"Actual Loops": 3,"Hash Buckets": 1024,"Original Hash Buckets": 1024,"Hash Batches": 1,"Original Hash Batches": 1,"Peak Memory Usage": 9,"Workers": [],"Plans": [{"Node Type": "Seq Scan","Parent Relationship": "Outer","Parallel Aware": false,"Async Capable": false,"Relation Name": "region","Alias": "region","Startup Cost": 0.00,"Total Cost": 1.06,"Plan Rows": 1,"Plan Width": 4,"Actual Startup Time": 0.043,"Actual Total Time": 0.045,"Actual Rows": 1,"Actual Loops": 3,"Filter": "(r_name = 'EUROPE'::bpchar)","Rows Removed by Filter": 4,"Workers": []}]}]}]}]},{"Node Type": "Index Scan","Parent Relationship": "Inner","Parallel Aware": false,"Async Capable": false,"Scan Direction": "Forward","Index Name": "idx_orders_custkey","Relation Name": "orders","Alias": "orders","Startup Cost": 0.43,"Total Cost": 1.55,"Plan Rows": 3,"Plan Width": 8,"Actual Startup Time": 0.017,"Actual Total Time": 0.040,"Actual Rows": 2,"Actual Loops": 30197,"Index Cond": "(o_custkey = customer.c_custkey)","Rows Removed by Index Recheck": 0,"Filter": "((o_orderdate >= '1994-01-01'::date) AND (o_orderdate < '1995-01-01 00:00:00'::timestamp without time zone))","Rows Removed by Filter": 9,"Workers": []}]},{"Node Type": "Index Scan","Parent Relationship": "Inner","Parallel Aware": false,"Async Capable": false,"Scan Direction": "Forward","Index Name": "idx_lineitem_orderkey","Relation Name": "lineitem","Alias": "lineitem","Startup Cost": 0.43,"Total Cost": 2.84,"Plan Rows": 17,"Plan Width": 20,"Actual Startup Time": 0.017,"Actual Total Time": 0.019,"Actual Rows": 4,"Actual Loops": 46093,"Index Cond": "(l_orderkey = orders.o_orderkey)","Rows Removed by Index Recheck": 0,"Workers": []}]},{"Node Type": "Hash","Parent Relationship": "Inner","Parallel Aware": false,"Async Capable": false,"Startup Cost": 322.00,"Total Cost": 322.00,"Plan Rows": 10000,"Plan Width": 8,"Actual Startup Time": 10.479,"Actual Total Time": 10.484,"Actual Rows": 10000,"Actual Loops": 3,"Hash Buckets": 16384,"Original Hash Buckets": 16384,"Hash Batches": 1,"Original Hash Batches": 1,"Peak Memory Usage": 519,"Workers": [],"Plans": [{"Node Type": "Seq Scan","Parent Relationship": "Outer","Parallel Aware": false,"Async Capable": false,"Relation Name": "supplier","Alias": "supplier","Startup Cost": 0.00,"Total Cost": 322.00,"Plan Rows": 10000,"Plan Width": 8,"Actual Startup Time": 0.042,"Actual Total Time": 8.711,"Actual Rows": 10000,"Actual Loops": 3,"Workers": []}]}]}]}]}]}]}]},"Planning Time": 9.647,"Triggers": [],"Execution Time": 867.883}]
[{"Plan": {"Node Type": "Sort","Parallel Aware": false,"Async Capable": false,"Startup Cost": 21522.30,"Total Cost": 21522.36,"Plan Rows": 25,"Plan Width": 136,"Actual Startup Time": 803.252,"Actual Total Time": 834.286,"Actual Rows": 5,"Actual Loops": 1,"Sort Key": ["(sum((lineitem.l_extendedprice * ('1'::numeric - lineitem.l_discount)))) DESC"],"Sort Method": "quicksort","Sort Space Used": 25,"Sort Space Type": "Memory","Plans": [{"Node Type": "Aggregate","Strategy": "Sorted","Partial Mode": "Finalize","Parent Relationship": "Outer","Parallel Aware": false,"Async Capable": false,"Startup Cost": 21507.43,"Total Cost": 21521.72,"Plan Rows": 25,"Plan Width": 136,"Actual Startup Time": 802.651,"Actual Total Time": 834.228,"Actual Rows": 5,"Actual Loops": 1,"Group Key": ["nation.n_name"],"Plans": [{"Node Type": "Gather Merge","Parent Relationship": "Outer","Parallel Aware": false,"Async Capable": false,"Startup Cost": 21507.43,"Total Cost": 21521.03,"Plan Rows": 50,"Plan Width": 136,"Actual Startup Time": 802.434,"Actual Total Time": 834.170,"Actual Rows": 15,"Actual Loops": 1,"Workers Planned": 2,"Workers Launched": 2,"Plans": [{"Node Type": "Aggregate","Strategy": "Sorted","Partial Mode": "Partial","Parent Relationship": "Outer","Parallel Aware": false,"Async Capable": false,"Startup Cost": 20507.41,"Total Cost": 20515.23,"Plan Rows": 25,"Plan Width": 136,"Actual Startup Time": 794.928,"Actual Total Time": 795.651,"Actual Rows": 5,"Actual Loops": 3,"Group Key": ["nation.n_name"],"Workers": [],"Plans": [{"Node Type": "Sort","Parent Relationship": "Outer","Parallel Aware": false,"Async Capable": false,"Startup Cost": 20507.41,"Total Cost": 20508.91,"Plan Rows": 601,"Plan Width": 116,"Actual Startup Time": 794.703,"Actual Total Time": 794.843,"Actual Rows": 2409,"Actual Loops": 3,"Sort Key": ["nation.n_name"],"Sort Method": "quicksort","Sort Space Used": 286,"Sort Space Type": "Memory","Workers": [{"Worker Number": 0,"Sort Method": "quicksort","Sort Space Used": 276,"Sort Space Type": "Memory"},{"Worker Number": 1,"Sort Method": "quicksort","Sort Space Used": 293,"Sort Space Type": "Memory"}],"Plans": [{"Node Type": "Hash Join","Parent Relationship": "Outer","Parallel Aware": false,"Async Capable": false,"Join Type": "Inner","Startup Cost": 475.27,"Total Cost": 20479.67,"Plan Rows": 601,"Plan Width": 116,"Actual Startup Time": 9.777,"Actual Total Time": 793.218,"Actual Rows": 2409,"Actual Loops": 3,"Inner Unique": true,"Hash Cond": "((lineitem.l_suppkey = supplier.s_suppkey) AND (customer.c_nationkey = supplier.s_nationkey))","Workers": [],"Plans": [{"Node Type": "Nested Loop","Parent Relationship": "Outer","Parallel Aware": false,"Async Capable": false,"Join Type": "Inner","Startup Cost": 3.27,"Total Cost": 19928.78,"Plan Rows": 15027,"Plan Width": 128,"Actual Startup Time": 0.619,"Actual Total Time": 753.080,"Actual Rows": 60488,"Actual Loops": 3,"Inner Unique": false,"Workers": [],"Plans": [{"Node Type": "Nested Loop","Parent Relationship": "Outer","Parallel Aware": false,"Async Capable": false,"Join Type": "Inner","Startup Cost": 2.84,"Total Cost": 8414.26,"Plan Rows": 3756,"Plan Width": 116,"Actual Startup Time": 0.516,"Actual Total Time": 449.946,"Actual Rows": 15093,"Actual Loops": 3,"Inner Unique": false,"Workers": [],"Plans": [{"Node Type": "Hash Join","Parent Relationship": "Outer","Parallel Aware": false,"Async Capable": false,"Join Type": "Inner","Startup Cost": 2.41,"Total Cost": 4471.79,"Plan Rows": 2500,"Plan Width": 116,"Actual Startup Time": 0.243,"Actual Total Time": 55.930,"Actual Rows": 9921,"Actual Loops": 3,"Inner Unique": false,"Hash Cond": "(customer.c_nationkey = nation.n_nationkey)","Workers": [],"Plans": [{"Node Type": "Seq Scan","Parent Relationship": "Outer","Parallel Aware": true,"Async Capable": false,"Relation Name": "customer","Alias": "customer","Startup Cost": 0.00,"Total Cost": 4210.00,"Plan Rows": 62500,"Plan Width": 8,"Actual Startup Time": 0.017,"Actual Total Time": 9.588,"Actual Rows": 50000,"Actual Loops": 3,"Workers": []},{"Node Type": "Hash","Parent Relationship": "Inner","Parallel Aware": false,"Async Capable": false,"Startup Cost": 2.40,"Total Cost": 2.40,"Plan Rows": 1,"Plan Width": 108,"Actual Startup Time": 0.143,"Actual Total Time": 0.169,"Actual Rows": 5,"Actual Loops": 3,"Hash Buckets": 1024,"Original Hash Buckets": 1024,"Hash Batches": 1,"Original Hash Batches": 1,"Peak Memory Usage": 9,"Workers": [],"Plans": [{"Node Type": "Hash Join","Parent Relationship": "Outer","Parallel Aware": false,"Async Capable": false,"Join Type": "Inner","Startup Cost": 1.07,"Total Cost": 2.40,"Plan Rows": 1,"Plan Width": 108,"Actual Startup Time": 0.126,"Actual Total Time": 0.159,"Actual Rows": 5,"Actual Loops": 3,"Inner Unique": true,"Hash Cond": "(nation.n_regionkey = region.r_regionkey)","Workers": [],"Plans": [{"Node Type": "Seq Scan","Parent Relationship": "Outer","Parallel Aware": false,"Async Capable": false,"Relation Name": "nation","Alias": "nation","Startup Cost": 0.00,"Total Cost": 1.25,"Plan Rows": 25,"Plan Width": 112,"Actual Startup Time": 0.045,"Actual Total Time": 0.050,"Actual Rows": 25,"Actual Loops": 3,"Workers": []},{"Node Type": "Hash","Parent Relationship": "Inner","Parallel Aware": false,"Async Capable": false,"Startup Cost": 1.06,"Total Cost": 1.06,"Plan Rows": 1,"Plan Width": 4,"Actual Startup Time": 0.052,"Actual Total Time": 0.063,"Actual Rows": 1,"Actual Loops": 3,"Hash Buckets": 1024,"Original Hash Buckets": 1024,"Hash Batches": 1,"Original Hash Batches": 1,"Peak Memory Usage": 9,"Workers": [],"Plans": [{"Node Type": "Seq Scan","Parent Relationship": "Outer","Parallel Aware": false,"Async Capable": false,"Relation Name": "region","Alias": "region","Startup Cost": 0.00,"Total Cost": 1.06,"Plan Rows": 1,"Plan Width": 4,"Actual Startup Time": 0.036,"Actual Total Time": 0.041,"Actual Rows": 1,"Actual Loops": 3,"Filter": "(r_name = 'AFRICA'::bpchar)","Rows Removed by Filter": 4,"Workers": []}]}]}]}]},{"Node Type": "Index Scan","Parent Relationship": "Inner","Parallel Aware": false,"Async Capable": false,"Scan Direction": "Forward","Index Name": "idx_orders_custkey","Relation Name": "orders","Alias": "orders","Startup Cost": 0.43,"Total Cost": 1.55,"Plan Rows": 3,"Plan Width": 8,"Actual Startup Time": 0.017,"Actual Total Time": 0.039,"Actual Rows": 2,"Actual Loops": 29764,"Index Cond": "(o_custkey = customer.c_custkey)","Rows Removed by Index Recheck": 0,"Filter": "((o_orderdate >= '1993-01-01'::date) AND (o_orderdate < '1994-01-01 00:00:00'::timestamp without time zone))","Rows Removed by Filter": 9,"Workers": []}]},{"Node Type": "Index Scan","Parent Relationship": "Inner","Parallel Aware": false,"Async Capable": false,"Scan Direction": "Forward","Index Name": "idx_lineitem_orderkey","Relation Name": "lineitem","Alias": "lineitem","Startup Cost": 0.43,"Total Cost": 2.90,"Plan Rows": 17,"Plan Width": 20,"Actual Startup Time": 0.017,"Actual Total Time": 0.019,"Actual Rows": 4,"Actual Loops": 45280,"Index Cond": "(l_orderkey = orders.o_orderkey)","Rows Removed by Index Recheck": 0,"Workers": []}]},{"Node Type": "Hash","Parent Relationship": "Inner","Parallel Aware": false,"Async Capable": false,"Startup Cost": 322.00,"Total Cost": 322.00,"Plan Rows": 10000,"Plan Width": 8,"Actual Startup Time": 8.121,"Actual Total Time": 8.126,"Actual Rows": 10000,"Actual Loops": 3,"Hash Buckets": 16384,"Original Hash Buckets": 16384,"Hash Batches": 1,"Original Hash Batches": 1,"Peak Memory Usage": 519,"Workers": [],"Plans": [{"Node Type": "Seq Scan","Parent Relationship": "Outer","Parallel Aware": false,"Async Capable": false,"Relation Name": "supplier","Alias": "supplier","Startup Cost": 0.00,"Total Cost": 322.00,"Plan Rows": 10000,"Plan Width": 8,"Actual Startup Time": 0.036,"Actual Total Time": 6.327,"Actual Rows": 10000,"Actual Loops": 3,"Workers": []}]}]}]}]}]}]}]},"Planning Time": 9.902,"Triggers": [],"Execution Time": 834.900}]
[{"Plan": {"Node Type": "Sort","Parallel Aware": false,"Async Capable": false,"Startup Cost": 21565.81,"Total Cost": 21565.87,"Plan Rows": 25,"Plan Width": 136,"Actual Startup Time": 826.666,"Actual Total Time": 858.678,"Actual Rows": 5,"Actual Loops": 1,"Sort Key": ["(sum((lineitem.l_extendedprice * ('1'::numeric - lineitem.l_discount)))) DESC"],"Sort Method": "quicksort","Sort Space Used": 25,"Sort Space Type": "Memory","Plans": [{"Node Type": "Aggregate","Strategy": "Sorted","Partial Mode": "Finalize","Parent Relationship": "Outer","Parallel Aware": false,"Async Capable": false,"Startup Cost": 21550.86,"Total Cost": 21565.23,"Plan Rows": 25,"Plan Width": 136,"Actual Startup Time": 825.974,"Actual Total Time": 858.621,"Actual Rows": 5,"Actual Loops": 1,"Group Key": ["nation.n_name"],"Plans": [{"Node Type": "Gather Merge","Parent Relationship": "Outer","Parallel Aware": false,"Async Capable": false,"Startup Cost": 21550.86,"Total Cost": 21564.54,"Plan Rows": 50,"Plan Width": 136,"Actual Startup Time": 825.726,"Actual Total Time": 858.579,"Actual Rows": 15,"Actual Loops": 1,"Workers Planned": 2,"Workers Launched": 2,"Plans": [{"Node Type": "Aggregate","Strategy": "Sorted","Partial Mode": "Partial","Parent Relationship": "Outer","Parallel Aware": false,"Async Capable": false,"Startup Cost": 20550.84,"Total Cost": 20558.75,"Plan Rows": 25,"Plan Width": 136,"Actual Startup Time": 818.223,"Actual Total Time": 818.980,"Actual Rows": 5,"Actual Loops": 3,"Group Key": ["nation.n_name"],"Workers": [],"Plans": [{"Node Type": "Sort","Parent Relationship": "Outer","Parallel Aware": false,"Async Capable": false,"Startup Cost": 20550.84,"Total Cost": 20552.36,"Plan Rows": 608,"Plan Width": 116,"Actual Startup Time": 818.011,"Actual Total Time": 818.145,"Actual Rows": 2489,"Actual Loops": 3,"Sort Key": ["nation.n_name"],"Sort Method": "quicksort","Sort Space Used": 294,"Sort Space Type": "Memory","Workers": [{"Worker Number": 0,"Sort Method": "quicksort","Sort Space Used": 286,"Sort Space Type": "Memory"},{"Worker Number": 1,"Sort Method": "quicksort","Sort Space Used": 292,"Sort Space Type": "Memory"}],"Plans": [{"Node Type": "Hash Join","Parent Relationship": "Outer","Parallel Aware": false,"Async Capable": false,"Join Type": "Inner","Startup Cost": 475.27,"Total Cost": 20522.72,"Plan Rows": 608,"Plan Width": 116,"Actual Startup Time": 11.840,"Actual Total Time": 816.555,"Actual Rows": 2489,"Actual Loops": 3,"Inner Unique": true,"Hash Cond": "((lineitem.l_suppkey = supplier.s_suppkey) AND (customer.c_nationkey = supplier.s_nationkey))","Workers": [],"Plans": [{"Node Type": "Nested Loop","Parent Relationship": "Outer","Parallel Aware": false,"Async Capable": false,"Join Type": "Inner","Startup Cost": 3.27,"Total Cost": 19970.84,"Plan Rows": 15215,"Plan Width": 128,"Actual Startup Time": 0.591,"Actual Total Time": 771.834,"Actual Rows": 60959,"Actual Loops": 3,"Inner Unique": false,"Workers": [],"Plans": [{"Node Type": "Nested Loop","Parent Relationship": "Outer","Parallel Aware": false,"Async Capable": false,"Join Type": "Inner","Startup Cost": 2.84,"Total Cost": 8414.26,"Plan Rows": 3803,"Plan Width": 116,"Actual Startup Time": 0.474,"Actual Total Time": 463.395,"Actual Rows": 15225,"Actual Loops": 3,"Inner Unique": false,"Workers": [],"Plans": [{"Node Type": "Hash Join","Parent Relationship": "Outer","Parallel Aware": false,"Async Capable": false,"Join Type": "Inner","Startup Cost": 2.41,"Total Cost": 4471.79,"Plan Rows": 2500,"Plan Width": 116,"Actual Startup Time": 0.230,"Actual Total Time": 58.477,"Actual Rows": 9984,"Actual Loops": 3,"Inner Unique": false,"Hash Cond": "(customer.c_nationkey = nation.n_nationkey)","Workers": [],"Plans": [{"Node Type": "Seq Scan","Parent Relationship": "Outer","Parallel Aware": true,"Async Capable": false,"Relation Name": "customer","Alias": "customer","Startup Cost": 0.00,"Total Cost": 4210.00,"Plan Rows": 62500,"Plan Width": 8,"Actual Startup Time": 0.016,"Actual Total Time": 10.057,"Actual Rows": 50000,"Actual Loops": 3,"Workers": []},{"Node Type": "Hash","Parent Relationship": "Inner","Parallel Aware": false,"Async Capable": false,"Startup Cost": 2.40,"Total Cost": 2.40,"Plan Rows": 1,"Plan Width": 108,"Actual Startup Time": 0.130,"Actual Total Time": 0.146,"Actual Rows": 5,"Actual Loops": 3,"Hash Buckets": 1024,"Original Hash Buckets": 1024,"Hash Batches": 1,"Original Hash Batches": 1,"Peak Memory Usage": 9,"Workers": [],"Plans": [{"Node Type": "Hash Join","Parent Relationship": "Outer","Parallel Aware": false,"Async Capable": false,"Join Type": "Inner","Startup Cost": 1.07,"Total Cost": 2.40,"Plan Rows": 1,"Plan Width": 108,"Actual Startup Time": 0.116,"Actual Total Time": 0.137,"Actual Rows": 5,"Actual Loops": 3,"Inner Unique": true,"Hash Cond": "(nation.n_regionkey = region.r_regionkey)","Workers": [],"Plans": [{"Node Type": "Seq Scan","Parent Relationship": "Outer","Parallel Aware": false,"Async Capable": false,"Relation Name": "nation","Alias": "nation","Startup Cost": 0.00,"Total Cost": 1.25,"Plan Rows": 25,"Plan Width": 112,"Actual Startup Time": 0.042,"Actual Total Time": 0.045,"Actual Rows": 25,"Actual Loops": 3,"Workers": []},{"Node Type": "Hash","Parent Relationship": "Inner","Parallel Aware": false,"Async Capable": false,"Startup Cost": 1.06,"Total Cost": 1.06,"Plan Rows": 1,"Plan Width": 4,"Actual Startup Time": 0.050,"Actual Total Time": 0.056,"Actual Rows": 1,"Actual Loops": 3,"Hash Buckets": 1024,"Original Hash Buckets": 1024,"Hash Batches": 1,"Original Hash Batches": 1,"Peak Memory Usage": 9,"Workers": [],"Plans": [{"Node Type": "Seq Scan","Parent Relationship": "Outer","Parallel Aware": false,"Async Capable": false,"Relation Name": "region","Alias": "region","Startup Cost": 0.00,"Total Cost": 1.06,"Plan Rows": 1,"Plan Width": 4,"Actual Startup Time": 0.038,"Actual Total Time": 0.040,"Actual Rows": 1,"Actual Loops": 3,"Filter": "(r_name = 'AMERICA'::bpchar)","Rows Removed by Filter": 4,"Workers": []}]}]}]}]},{"Node Type": "Index Scan","Parent Relationship": "Inner","Parallel Aware": false,"Async Capable": false,"Scan Direction": "Forward","Index Name": "idx_orders_custkey","Relation Name": "orders","Alias": "orders","Startup Cost": 0.43,"Total Cost": 1.55,"Plan Rows": 3,"Plan Width": 8,"Actual Startup Time": 0.017,"Actual Total Time": 0.040,"Actual Rows": 2,"Actual Loops": 29952,"Index Cond": "(o_custkey = customer.c_custkey)","Rows Removed by Index Recheck": 0,"Filter": "((o_orderdate >= '1997-01-01'::date) AND (o_orderdate < '1998-01-01 00:00:00'::timestamp without time zone))","Rows Removed by Filter": 8,"Workers": []}]},{"Node Type": "Index Scan","Parent Relationship": "Inner","Parallel Aware": false,"Async Capable": false,"Scan Direction": "Forward","Index Name": "idx_lineitem_orderkey","Relation Name": "lineitem","Alias": "lineitem","Startup Cost": 0.43,"Total Cost": 2.87,"Plan Rows": 17,"Plan Width": 20,"Actual Startup Time": 0.017,"Actual Total Time": 0.020,"Actual Rows": 4,"Actual Loops": 45676,"Index Cond": "(l_orderkey = orders.o_orderkey)","Rows Removed by Index Recheck": 0,"Workers": []}]},{"Node Type": "Hash","Parent Relationship": "Inner","Parallel Aware": false,"Async Capable": false,"Startup Cost": 322.00,"Total Cost": 322.00,"Plan Rows": 10000,"Plan Width": 8,"Actual Startup Time": 10.524,"Actual Total Time": 10.525,"Actual Rows": 10000,"Actual Loops": 3,"Hash Buckets": 16384,"Original Hash Buckets": 16384,"Hash Batches": 1,"Original Hash Batches": 1,"Peak Memory Usage": 519,"Workers": [],"Plans": [{"Node Type": "Seq Scan","Parent Relationship": "Outer","Parallel Aware": false,"Async Capable": false,"Relation Name": "supplier","Alias": "supplier","Startup Cost": 0.00,"Total Cost": 322.00,"Plan Rows": 10000,"Plan Width": 8,"Actual Startup Time": 0.042,"Actual Total Time": 8.814,"Actual Rows": 10000,"Actual Loops": 3,"Workers": []}]}]}]}]}]}]}]},"Planning Time": 10.085,"Triggers": [],"Execution Time": 859.237}]
[{"Plan": {"Node Type": "Sort","Parallel Aware": false,"Async Capable": false,"Startup Cost": 21565.24,"Total Cost": 21565.30,"Plan Rows": 25,"Plan Width": 136,"Actual Startup Time": 797.386,"Actual Total Time": 830.222,"Actual Rows": 5,"Actual Loops": 1,"Sort Key": ["(sum((lineitem.l_extendedprice * ('1'::numeric - lineitem.l_discount)))) DESC"],"Sort Method": "quicksort","Sort Space Used": 25,"Sort Space Type": "Memory","Plans": [{"Node Type": "Aggregate","Strategy": "Sorted","Partial Mode": "Finalize","Parent Relationship": "Outer","Parallel Aware": false,"Async Capable": false,"Startup Cost": 21550.29,"Total Cost": 21564.66,"Plan Rows": 25,"Plan Width": 136,"Actual Startup Time": 796.761,"Actual Total Time": 830.172,"Actual Rows": 5,"Actual Loops": 1,"Group Key": ["nation.n_name"],"Plans": [{"Node Type": "Gather Merge","Parent Relationship": "Outer","Parallel Aware": false,"Async Capable": false,"Startup Cost": 21550.29,"Total Cost": 21563.97,"Plan Rows": 50,"Plan Width": 136,"Actual Startup Time": 796.547,"Actual Total Time": 830.110,"Actual Rows": 15,"Actual Loops": 1,"Workers Planned": 2,"Workers Launched": 2,"Plans": [{"Node Type": "Aggregate","Strategy": "Sorted","Partial Mode": "Partial","Parent Relationship": "Outer","Parallel Aware": false,"Async Capable": false,"Startup Cost": 20550.26,"Total Cost": 20558.18,"Plan Rows": 25,"Plan Width": 136,"Actual Startup Time": 788.895,"Actual Total Time": 789.783,"Actual Rows": 5,"Actual Loops": 3,"Group Key": ["nation.n_name"],"Workers": [],"Plans": [{"Node Type": "Sort","Parent Relationship": "Outer","Parallel Aware": false,"Async Capable": false,"Startup Cost": 20550.26,"Total Cost": 20551.78,"Plan Rows": 608,"Plan Width": 116,"Actual Startup Time": 788.664,"Actual Total Time": 788.842,"Actual Rows": 2456,"Actual Loops": 3,"Sort Key": ["nation.n_name"],"Sort Method": "quicksort","Sort Space Used": 291,"Sort Space Type": "Memory","Workers": [{"Worker Number": 0,"Sort Method": "quicksort","Sort Space Used": 279,"Sort Space Type": "Memory"},{"Worker Number": 1,"Sort Method": "quicksort","Sort Space Used": 295,"Sort Space Type": "Memory"}],"Plans": [{"Node Type": "Hash Join","Parent Relationship": "Outer","Parallel Aware": false,"Async Capable": false,"Join Type": "Inner","Startup Cost": 475.27,"Total Cost": 20522.15,"Plan Rows": 608,"Plan Width": 116,"Actual Startup Time": 10.168,"Actual Total Time": 787.209,"Actual Rows": 2456,"Actual Loops": 3,"Inner Unique": true,"Hash Cond": "((lineitem.l_suppkey = supplier.s_suppkey) AND (customer.c_nationkey = supplier.s_nationkey))","Workers": [],"Plans": [{"Node Type": "Nested Loop","Parent Relationship": "Outer","Parallel Aware": false,"Async Capable": false,"Join Type": "Inner","Startup Cost": 3.27,"Total Cost": 19970.29,"Plan Rows": 15211,"Plan Width": 128,"Actual Startup Time": 0.661,"Actual Total Time": 744.432,"Actual Rows": 60955,"Actual Loops": 3,"Inner Unique": false,"Workers": [],"Plans": [{"Node Type": "Nested Loop","Parent Relationship": "Outer","Parallel Aware": false,"Async Capable": false,"Join Type": "Inner","Startup Cost": 2.84,"Total Cost": 8414.26,"Plan Rows": 3802,"Plan Width": 116,"Actual Startup Time": 0.532,"Actual Total Time": 444.261,"Actual Rows": 15210,"Actual Loops": 3,"Inner Unique": false,"Workers": [],"Plans": [{"Node Type": "Hash Join","Parent Relationship": "Outer","Parallel Aware": false,"Async Capable": false,"Join Type": "Inner","Startup Cost": 2.41,"Total Cost": 4471.79,"Plan Rows": 2500,"Plan Width": 116,"Actual Startup Time": 0.249,"Actual Total Time": 53.241,"Actual Rows": 9984,"Actual Loops": 3,"Inner Unique": false,"Hash Cond": "(customer.c_nationkey = nation.n_nationkey)","Workers": [],"Plans": [{"Node Type": "Seq Scan","Parent Relationship": "Outer","Parallel Aware": true,"Async Capable": false,"Relation Name": "customer","Alias": "customer","Startup Cost": 0.00,"Total Cost": 4210.00,"Plan Rows": 62500,"Plan Width": 8,"Actual Startup Time": 0.015,"Actual Total Time": 9.455,"Actual Rows": 50000,"Actual Loops": 3,"Workers": []},{"Node Type": "Hash","Parent Relationship": "Inner","Parallel Aware": false,"Async Capable": false,"Startup Cost": 2.40,"Total Cost": 2.40,"Plan Rows": 1,"Plan Width": 108,"Actual Startup Time": 0.141,"Actual Total Time": 0.157,"Actual Rows": 5,"Actual Loops": 3,"Hash Buckets": 1024,"Original Hash Buckets": 1024,"Hash Batches": 1,"Original Hash Batches": 1,"Peak Memory Usage": 9,"Workers": [],"Plans": [{"Node Type": "Hash Join","Parent Relationship": "Outer","Parallel Aware": false,"Async Capable": false,"Join Type": "Inner","Startup Cost": 1.07,"Total Cost": 2.40,"Plan Rows": 1,"Plan Width": 108,"Actual Startup Time": 0.126,"Actual Total Time": 0.148,"Actual Rows": 5,"Actual Loops": 3,"Inner Unique": true,"Hash Cond": "(nation.n_regionkey = region.r_regionkey)","Workers": [],"Plans": [{"Node Type": "Seq Scan","Parent Relationship": "Outer","Parallel Aware": false,"Async Capable": false,"Relation Name": "nation","Alias": "nation","Startup Cost": 0.00,"Total Cost": 1.25,"Plan Rows": 25,"Plan Width": 112,"Actual Startup Time": 0.048,"Actual Total Time": 0.053,"Actual Rows": 25,"Actual Loops": 3,"Workers": []},{"Node Type": "Hash","Parent Relationship": "Inner","Parallel Aware": false,"Async Capable": false,"Startup Cost": 1.06,"Total Cost": 1.06,"Plan Rows": 1,"Plan Width": 4,"Actual Startup Time": 0.049,"Actual Total Time": 0.055,"Actual Rows": 1,"Actual Loops": 3,"Hash Buckets": 1024,"Original Hash Buckets": 1024,"Hash Batches": 1,"Original Hash Batches": 1,"Peak Memory Usage": 9,"Workers": [],"Plans": [{"Node Type": "Seq Scan","Parent Relationship": "Outer","Parallel Aware": false,"Async Capable": false,"Relation Name": "region","Alias": "region","Startup Cost": 0.00,"Total Cost": 1.06,"Plan Rows": 1,"Plan Width": 4,"Actual Startup Time": 0.036,"Actual Total Time": 0.040,"Actual Rows": 1,"Actual Loops": 3,"Filter": "(r_name = 'AMERICA'::bpchar)","Rows Removed by Filter": 4,"Workers": []}]}]}]}]},{"Node Type": "Index Scan","Parent Relationship": "Inner","Parallel Aware": false,"Async Capable": false,"Scan Direction": "Forward","Index Name": "idx_orders_custkey","Relation Name": "orders","Alias": "orders","Startup Cost": 0.43,"Total Cost": 1.55,"Plan Rows": 3,"Plan Width": 8,"Actual Startup Time": 0.016,"Actual Total Time": 0.039,"Actual Rows": 2,"Actual Loops": 29952,"Index Cond": "(o_custkey = customer.c_custkey)","Rows Removed by Index Recheck": 0,"Filter": "((o_orderdate >= '1995-01-01'::date) AND (o_orderdate < '1996-01-01 00:00:00'::timestamp without time zone))","Rows Removed by Filter": 8,"Workers": []}]},{"Node Type": "Index Scan","Parent Relationship": "Inner","Parallel Aware": false,"Async Capable": false,"Scan Direction": "Forward","Index Name": "idx_lineitem_orderkey","Relation Name": "lineitem","Alias": "lineitem","Startup Cost": 0.43,"Total Cost": 2.87,"Plan Rows": 17,"Plan Width": 20,"Actual Startup Time": 0.016,"Actual Total Time": 0.019,"Actual Rows": 4,"Actual Loops": 45630,"Index Cond": "(l_orderkey = orders.o_orderkey)","Rows Removed by Index Recheck": 0,"Workers": []}]},{"Node Type": "Hash","Parent Relationship": "Inner","Parallel Aware": false,"Async Capable": false,"Startup Cost": 322.00,"Total Cost": 322.00,"Plan Rows": 10000,"Plan Width": 8,"Actual Startup Time": 8.645,"Actual Total Time": 8.649,"Actual Rows": 10000,"Actual Loops": 3,"Hash Buckets": 16384,"Original Hash Buckets": 16384,"Hash Batches": 1,"Original Hash Batches": 1,"Peak Memory Usage": 519,"Workers": [],"Plans": [{"Node Type": "Seq Scan","Parent Relationship": "Outer","Parallel Aware": false,"Async Capable": false,"Relation Name": "supplier","Alias": "supplier","Startup Cost": 0.00,"Total Cost": 322.00,"Plan Rows": 10000,"Plan Width": 8,"Actual Startup Time": 0.041,"Actual Total Time": 6.699,"Actual Rows": 10000,"Actual Loops": 3,"Workers": []}]}]}]}]}]}]}]},"Planning Time": 10.274,"Triggers": [],"Execution Time": 830.793}]
[{"Plan": {"Node Type": "Sort","Parallel Aware": false,"Async Capable": false,"Startup Cost": 21616.39,"Total Cost": 21616.45,"Plan Rows": 25,"Plan Width": 136,"Actual Startup Time": 804.800,"Actual Total Time": 836.793,"Actual Rows": 5,"Actual Loops": 1,"Sort Key": ["(sum((lineitem.l_extendedprice * ('1'::numeric - lineitem.l_discount)))) DESC"],"Sort Method": "quicksort","Sort Space Used": 25,"Sort Space Type": "Memory","Plans": [{"Node Type": "Aggregate","Strategy": "Sorted","Partial Mode": "Finalize","Parent Relationship": "Outer","Parallel Aware": false,"Async Capable": false,"Startup Cost": 21601.33,"Total Cost": 21615.81,"Plan Rows": 25,"Plan Width": 136,"Actual Startup Time": 804.196,"Actual Total Time": 836.738,"Actual Rows": 5,"Actual Loops": 1,"Group Key": ["nation.n_name"],"Plans": [{"Node Type": "Gather Merge","Parent Relationship": "Outer","Parallel Aware": false,"Async Capable": false,"Startup Cost": 21601.33,"Total Cost": 21615.12,"Plan Rows": 50,"Plan Width": 136,"Actual Startup Time": 803.537,"Actual Total Time": 836.675,"Actual Rows": 15,"Actual Loops": 1,"Workers Planned": 2,"Workers Launched": 2,"Plans": [{"Node Type": "Aggregate","Strategy": "Sorted","Partial Mode": "Partial","Parent Relationship": "Outer","Parallel Aware": false,"Async Capable": false,"Startup Cost": 20601.30,"Total Cost": 20609.33,"Plan Rows": 25,"Plan Width": 136,"Actual Startup Time": 795.499,"Actual Total Time": 796.369,"Actual Rows": 5,"Actual Loops": 3,"Group Key": ["nation.n_name"],"Workers": [],"Plans": [{"Node Type": "Sort","Parent Relationship": "Outer","Parallel Aware": false,"Async Capable": false,"Startup Cost": 20601.30,"Total Cost": 20602.85,"Plan Rows": 617,"Plan Width": 116,"Actual Startup Time": 795.285,"Actual Total Time": 795.436,"Actual Rows": 2498,"Actual Loops": 3,"Sort Key": ["nation.n_name"],"Sort Method": "quicksort","Sort Space Used": 299,"Sort Space Type": "Memory","Workers": [{"Worker Number": 0,"Sort Method": "quicksort","Sort Space Used": 291,"Sort Space Type": "Memory"},{"Worker Number": 1,"Sort Method": "quicksort","Sort Space Used": 284,"Sort Space Type": "Memory"}],"Plans": [{"Node Type": "Hash Join","Parent Relationship": "Outer","Parallel Aware": false,"Async Capable": false,"Join Type": "Inner","Startup Cost": 475.27,"Total Cost": 20572.71,"Plan Rows": 617,"Plan Width": 116,"Actual Startup Time": 14.014,"Actual Total Time": 793.817,"Actual Rows": 2498,"Actual Loops": 3,"Inner Unique": true,"Hash Cond": "((lineitem.l_suppkey = supplier.s_suppkey) AND (customer.c_nationkey = supplier.s_nationkey))","Workers": [],"Plans": [{"Node Type": "Nested Loop","Parent Relationship": "Outer","Parallel Aware": false,"Async Capable": false,"Join Type": "Inner","Startup Cost": 3.27,"Total Cost": 20019.70,"Plan Rows": 15431,"Plan Width": 128,"Actual Startup Time": 0.837,"Actual Total Time": 749.002,"Actual Rows": 60742,"Actual Loops": 3,"Inner Unique": false,"Workers": [],"Plans": [{"Node Type": "Nested Loop","Parent Relationship": "Outer","Parallel Aware": false,"Async Capable": false,"Join Type": "Inner","Startup Cost": 2.84,"Total Cost": 8414.26,"Plan Rows": 3857,"Plan Width": 116,"Actual Startup Time": 0.706,"Actual Total Time": 447.815,"Actual Rows": 15183,"Actual Loops": 3,"Inner Unique": false,"Workers": [],"Plans": [{"Node Type": "Hash Join","Parent Relationship": "Outer","Parallel Aware": false,"Async Capable": false,"Join Type": "Inner","Startup Cost": 2.41,"Total Cost": 4471.79,"Plan Rows": 2500,"Plan Width": 116,"Actual Startup Time": 0.258,"Actual Total Time": 55.848,"Actual Rows": 9984,"Actual Loops": 3,"Inner Unique": false,"Hash Cond": "(customer.c_nationkey = nation.n_nationkey)","Workers": [],"Plans": [{"Node Type": "Seq Scan","Parent Relationship": "Outer","Parallel Aware": true,"Async Capable": false,"Relation Name": "customer","Alias": "customer","Startup Cost": 0.00,"Total Cost": 4210.00,"Plan Rows": 62500,"Plan Width": 8,"Actual Startup Time": 0.017,"Actual Total Time": 9.503,"Actual Rows": 50000,"Actual Loops": 3,"Workers": []},{"Node Type": "Hash","Parent Relationship": "Inner","Parallel Aware": false,"Async Capable": false,"Startup Cost": 2.40,"Total Cost": 2.40,"Plan Rows": 1,"Plan Width": 108,"Actual Startup Time": 0.153,"Actual Total Time": 0.178,"Actual Rows": 5,"Actual Loops": 3,"Hash Buckets": 1024,"Original Hash Buckets": 1024,"Hash Batches": 1,"Original Hash Batches": 1,"Peak Memory Usage": 9,"Workers": [],"Plans": [{"Node Type": "Hash Join","Parent Relationship": "Outer","Parallel Aware": false,"Async Capable": false,"Join Type": "Inner","Startup Cost": 1.07,"Total Cost": 2.40,"Plan Rows": 1,"Plan Width": 108,"Actual Startup Time": 0.136,"Actual Total Time": 0.167,"Actual Rows": 5,"Actual Loops": 3,"Inner Unique": true,"Hash Cond": "(nation.n_regionkey = region.r_regionkey)","Workers": [],"Plans": [{"Node Type": "Seq Scan","Parent Relationship": "Outer","Parallel Aware": false,"Async Capable": false,"Relation Name": "nation","Alias": "nation","Startup Cost": 0.00,"Total Cost": 1.25,"Plan Rows": 25,"Plan Width": 112,"Actual Startup Time": 0.055,"Actual Total Time": 0.059,"Actual Rows": 25,"Actual Loops": 3,"Workers": []},{"Node Type": "Hash","Parent Relationship": "Inner","Parallel Aware": false,"Async Capable": false,"Startup Cost": 1.06,"Total Cost": 1.06,"Plan Rows": 1,"Plan Width": 4,"Actual Startup Time": 0.050,"Actual Total Time": 0.057,"Actual Rows": 1,"Actual Loops": 3,"Hash Buckets": 1024,"Original Hash Buckets": 1024,"Hash Batches": 1,"Original Hash Batches": 1,"Peak Memory Usage": 9,"Workers": [],"Plans": [{"Node Type": "Seq Scan","Parent Relationship": "Outer","Parallel Aware": false,"Async Capable": false,"Relation Name": "region","Alias": "region","Startup Cost": 0.00,"Total Cost": 1.06,"Plan Rows": 1,"Plan Width": 4,"Actual Startup Time": 0.036,"Actual Total Time": 0.039,"Actual Rows": 1,"Actual Loops": 3,"Filter": "(r_name = 'AMERICA'::bpchar)","Rows Removed by Filter": 4,"Workers": []}]}]}]}]},{"Node Type": "Index Scan","Parent Relationship": "Inner","Parallel Aware": false,"Async Capable": false,"Scan Direction": "Forward","Index Name": "idx_orders_custkey","Relation Name": "orders","Alias": "orders","Startup Cost": 0.43,"Total Cost": 1.55,"Plan Rows": 3,"Plan Width": 8,"Actual Startup Time": 0.017,"Actual Total Time": 0.039,"Actual Rows": 2,"Actual Loops": 29952,"Index Cond": "(o_custkey = customer.c_custkey)","Rows Removed by Index Recheck": 0,"Filter": "((o_orderdate >= '1996-01-01'::date) AND (o_orderdate < '1997-01-01 00:00:00'::timestamp without time zone))","Rows Removed by Filter": 8,"Workers": []}]},{"Node Type": "Index Scan","Parent Relationship": "Inner","Parallel Aware": false,"Async Capable": false,"Scan Direction": "Forward","Index Name": "idx_lineitem_orderkey","Relation Name": "lineitem","Alias": "lineitem","Startup Cost": 0.43,"Total Cost": 2.84,"Plan Rows": 17,"Plan Width": 20,"Actual Startup Time": 0.016,"Actual Total Time": 0.019,"Actual Rows": 4,"Actual Loops": 45549,"Index Cond": "(l_orderkey = orders.o_orderkey)","Rows Removed by Index Recheck": 0,"Workers": []}]},{"Node Type": "Hash","Parent Relationship": "Inner","Parallel Aware": false,"Async Capable": false,"Startup Cost": 322.00,"Total Cost": 322.00,"Plan Rows": 10000,"Plan Width": 8,"Actual Startup Time": 12.297,"Actual Total Time": 12.301,"Actual Rows": 10000,"Actual Loops": 3,"Hash Buckets": 16384,"Original Hash Buckets": 16384,"Hash Batches": 1,"Original Hash Batches": 1,"Peak Memory Usage": 519,"Workers": [],"Plans": [{"Node Type": "Seq Scan","Parent Relationship": "Outer","Parallel Aware": false,"Async Capable": false,"Relation Name": "supplier","Alias": "supplier","Startup Cost": 0.00,"Total Cost": 322.00,"Plan Rows": 10000,"Plan Width": 8,"Actual Startup Time": 0.045,"Actual Total Time": 10.666,"Actual Rows": 10000,"Actual Loops": 3,"Workers": []}]}]}]}]}]}]}]},"Planning Time": 9.455,"Triggers": [],"Execution Time": 837.268}]
[{"Plan": {"Node Type": "Sort","Parallel Aware": false,"Async Capable": false,"Startup Cost": 21565.81,"Total Cost": 21565.87,"Plan Rows": 25,"Plan Width": 136,"Actual Startup Time": 831.835,"Actual Total Time": 873.525,"Actual Rows": 5,"Actual Loops": 1,"Sort Key": ["(sum((lineitem.l_extendedprice * ('1'::numeric - lineitem.l_discount)))) DESC"],"Sort Method": "quicksort","Sort Space Used": 25,"Sort Space Type": "Memory","Plans": [{"Node Type": "Aggregate","Strategy": "Sorted","Partial Mode": "Finalize","Parent Relationship": "Outer","Parallel Aware": false,"Async Capable": false,"Startup Cost": 21550.86,"Total Cost": 21565.23,"Plan Rows": 25,"Plan Width": 136,"Actual Startup Time": 831.274,"Actual Total Time": 873.480,"Actual Rows": 5,"Actual Loops": 1,"Group Key": ["nation.n_name"],"Plans": [{"Node Type": "Gather Merge","Parent Relationship": "Outer","Parallel Aware": false,"Async Capable": false,"Startup Cost": 21550.86,"Total Cost": 21564.54,"Plan Rows": 50,"Plan Width": 136,"Actual Startup Time": 830.694,"Actual Total Time": 873.427,"Actual Rows": 15,"Actual Loops": 1,"Workers Planned": 2,"Workers Launched": 2,"Plans": [{"Node Type": "Aggregate","Strategy": "Sorted","Partial Mode": "Partial","Parent Relationship": "Outer","Parallel Aware": false,"Async Capable": false,"Startup Cost": 20550.84,"Total Cost": 20558.75,"Plan Rows": 25,"Plan Width": 136,"Actual Startup Time": 822.251,"Actual Total Time": 823.046,"Actual Rows": 5,"Actual Loops": 3,"Group Key": ["nation.n_name"],"Workers": [],"Plans": [{"Node Type": "Sort","Parent Relationship": "Outer","Parallel Aware": false,"Async Capable": false,"Startup Cost": 20550.84,"Total Cost": 20552.36,"Plan Rows": 608,"Plan Width": 116,"Actual Startup Time": 822.034,"Actual Total Time": 822.187,"Actual Rows": 2330,"Actual Loops": 3,"Sort Key": ["nation.n_name"],"Sort Method": "quicksort","Sort Space Used": 287,"Sort Space Type": "Memory","Workers": [{"Worker Number": 0,"Sort Method": "quicksort","Sort Space Used": 271,"Sort Space Type": "Memory"},{"Worker Number": 1,"Sort Method": "quicksort","Sort Space Used": 278,"Sort Space Type": "Memory"}],"Plans": [{"Node Type": "Hash Join","Parent Relationship": "Outer","Parallel Aware": false,"Async Capable": false,"Join Type": "Inner","Startup Cost": 475.27,"Total Cost": 20522.72,"Plan Rows": 608,"Plan Width": 116,"Actual Startup Time": 11.715,"Actual Total Time": 820.536,"Actual Rows": 2330,"Actual Loops": 3,"Inner Unique": true,"Hash Cond": "((lineitem.l_suppkey = supplier.s_suppkey) AND (customer.c_nationkey = supplier.s_nationkey))","Workers": [],"Plans": [{"Node Type": "Nested Loop","Parent Relationship": "Outer","Parallel Aware": false,"Async Capable": false,"Join Type": "Inner","Startup Cost": 3.27,"Total Cost": 19970.84,"Plan Rows": 15215,"Plan Width": 128,"Actual Startup Time": 0.848,"Actual Total Time": 777.711,"Actual Rows": 60416,"Actual Loops": 3,"Inner Unique": false,"Workers": [],"Plans": [{"Node Type": "Nested Loop","Parent Relationship": "Outer","Parallel Aware": false,"Async Capable": false,"Join Type": "Inner","Startup Cost": 2.84,"Total Cost": 8414.26,"Plan Rows": 3803,"Plan Width": 116,"Actual Startup Time": 0.710,"Actual Total Time": 470.008,"Actual Rows": 15150,"Actual Loops": 3,"Inner Unique": false,"Workers": [],"Plans": [{"Node Type": "Hash Join","Parent Relationship": "Outer","Parallel Aware": false,"Async Capable": false,"Join Type": "Inner","Startup Cost": 2.41,"Total Cost": 4471.79,"Plan Rows": 2500,"Plan Width": 116,"Actual Startup Time": 0.302,"Actual Total Time": 60.810,"Actual Rows": 9921,"Actual Loops": 3,"Inner Unique": false,"Hash Cond": "(customer.c_nationkey = nation.n_nationkey)","Workers": [],"Plans": [{"Node Type": "Seq Scan","Parent Relationship": "Outer","Parallel Aware": true,"Async Capable": false,"Relation Name": "customer","Alias": "customer","Startup Cost": 0.00,"Total Cost": 4210.00,"Plan Rows": 62500,"Plan Width": 8,"Actual Startup Time": 0.020,"Actual Total Time": 10.219,"Actual Rows": 50000,"Actual Loops": 3,"Workers": []},{"Node Type": "Hash","Parent Relationship": "Inner","Parallel Aware": false,"Async Capable": false,"Startup Cost": 2.40,"Total Cost": 2.40,"Plan Rows": 1,"Plan Width": 108,"Actual Startup Time": 0.183,"Actual Total Time": 0.205,"Actual Rows": 5,"Actual Loops": 3,"Hash Buckets": 1024,"Original Hash Buckets": 1024,"Hash Batches": 1,"Original Hash Batches": 1,"Peak Memory Usage": 9,"Workers": [],"Plans": [{"Node Type": "Hash Join","Parent Relationship": "Outer","Parallel Aware": false,"Async Capable": false,"Join Type": "Inner","Startup Cost": 1.07,"Total Cost": 2.40,"Plan Rows": 1,"Plan Width": 108,"Actual Startup Time": 0.167,"Actual Total Time": 0.195,"Actual Rows": 5,"Actual Loops": 3,"Inner Unique": true,"Hash Cond": "(nation.n_regionkey = region.r_regionkey)","Workers": [],"Plans": [{"Node Type": "Seq Scan","Parent Relationship": "Outer","Parallel Aware": false,"Async Capable": false,"Relation Name": "nation","Alias": "nation","Startup Cost": 0.00,"Total Cost": 1.25,"Plan Rows": 25,"Plan Width": 112,"Actual Startup Time": 0.065,"Actual Total Time": 0.070,"Actual Rows": 25,"Actual Loops": 3,"Workers": []},{"Node Type": "Hash","Parent Relationship": "Inner","Parallel Aware": false,"Async Capable": false,"Startup Cost": 1.06,"Total Cost": 1.06,"Plan Rows": 1,"Plan Width": 4,"Actual Startup Time": 0.074,"Actual Total Time": 0.079,"Actual Rows": 1,"Actual Loops": 3,"Hash Buckets": 1024,"Original Hash Buckets": 1024,"Hash Batches": 1,"Original Hash Batches": 1,"Peak Memory Usage": 9,"Workers": [],"Plans": [{"Node Type": "Seq Scan","Parent Relationship": "Outer","Parallel Aware": false,"Async Capable": false,"Relation Name": "region","Alias": "region","Startup Cost": 0.00,"Total Cost": 1.06,"Plan Rows": 1,"Plan Width": 4,"Actual Startup Time": 0.049,"Actual Total Time": 0.053,"Actual Rows": 1,"Actual Loops": 3,"Filter": "(r_name = 'AFRICA'::bpchar)","Rows Removed by Filter": 4,"Workers": []}]}]}]}]},{"Node Type": "Index Scan","Parent Relationship": "Inner","Parallel Aware": false,"Async Capable": false,"Scan Direction": "Forward","Index Name": "idx_orders_custkey","Relation Name": "orders","Alias": "orders","Startup Cost": 0.43,"Total Cost": 1.55,"Plan Rows": 3,"Plan Width": 8,"Actual Startup Time": 0.018,"Actual Total Time": 0.041,"Actual Rows": 2,"Actual Loops": 29764,"Index Cond": "(o_custkey = customer.c_custkey)","Rows Removed by Index Recheck": 0,"Filter": "((o_orderdate >= '1997-01-01'::date) AND (o_orderdate < '1998-01-01 00:00:00'::timestamp without time zone))","Rows Removed by Filter": 9,"Workers": []}]},{"Node Type": "Index Scan","Parent Relationship": "Inner","Parallel Aware": false,"Async Capable": false,"Scan Direction": "Forward","Index Name": "idx_lineitem_orderkey","Relation Name": "lineitem","Alias": "lineitem","Startup Cost": 0.43,"Total Cost": 2.87,"Plan Rows": 17,"Plan Width": 20,"Actual Startup Time": 0.017,"Actual Total Time": 0.020,"Actual Rows": 4,"Actual Loops": 45450,"Index Cond": "(l_orderkey = orders.o_orderkey)","Rows Removed by Index Recheck": 0,"Workers": []}]},{"Node Type": "Hash","Parent Relationship": "Inner","Parallel Aware": false,"Async Capable": false,"Startup Cost": 322.00,"Total Cost": 322.00,"Plan Rows": 10000,"Plan Width": 8,"Actual Startup Time": 8.425,"Actual Total Time": 8.430,"Actual Rows": 10000,"Actual Loops": 3,"Hash Buckets": 16384,"Original Hash Buckets": 16384,"Hash Batches": 1,"Original Hash Batches": 1,"Peak Memory Usage": 519,"Workers": [],"Plans": [{"Node Type": "Seq Scan","Parent Relationship": "Outer","Parallel Aware": false,"Async Capable": false,"Relation Name": "supplier","Alias": "supplier","Startup Cost": 0.00,"Total Cost": 322.00,"Plan Rows": 10000,"Plan Width": 8,"Actual Startup Time": 0.044,"Actual Total Time": 6.920,"Actual Rows": 10000,"Actual Loops": 3,"Workers": []}]}]}]}]}]}]}]},"Planning Time": 9.220,"Triggers": [],"Execution Time": 874.104}]
[{"Plan": {"Node Type": "Sort","Parallel Aware": false,"Async Capable": false,"Startup Cost": 21612.43,"Total Cost": 21612.50,"Plan Rows": 25,"Plan Width": 136,"Actual Startup Time": 827.834,"Actual Total Time": 858.973,"Actual Rows": 5,"Actual Loops": 1,"Sort Key": ["(sum((lineitem.l_extendedprice * ('1'::numeric - lineitem.l_discount)))) DESC"],"Sort Method": "quicksort","Sort Space Used": 25,"Sort Space Type": "Memory","Plans": [{"Node Type": "Aggregate","Strategy": "Sorted","Partial Mode": "Finalize","Parent Relationship": "Outer","Parallel Aware": false,"Async Capable": false,"Startup Cost": 21597.38,"Total Cost": 21611.85,"Plan Rows": 25,"Plan Width": 136,"Actual Startup Time": 827.274,"Actual Total Time": 858.918,"Actual Rows": 5,"Actual Loops": 1,"Group Key": ["nation.n_name"],"Plans": [{"Node Type": "Gather Merge","Parent Relationship": "Outer","Parallel Aware": false,"Async Capable": false,"Startup Cost": 21597.38,"Total Cost": 21611.17,"Plan Rows": 50,"Plan Width": 136,"Actual Startup Time": 827.088,"Actual Total Time": 858.883,"Actual Rows": 15,"Actual Loops": 1,"Workers Planned": 2,"Workers Launched": 2,"Plans": [{"Node Type": "Aggregate","Strategy": "Sorted","Partial Mode": "Partial","Parent Relationship": "Outer","Parallel Aware": false,"Async Capable": false,"Startup Cost": 20597.36,"Total Cost": 20605.37,"Plan Rows": 25,"Plan Width": 136,"Actual Startup Time": 818.981,"Actual Total Time": 819.657,"Actual Rows": 5,"Actual Loops": 3,"Group Key": ["nation.n_name"],"Workers": [],"Plans": [{"Node Type": "Sort","Parent Relationship": "Outer","Parallel Aware": false,"Async Capable": false,"Startup Cost": 20597.36,"Total Cost": 20598.90,"Plan Rows": 616,"Plan Width": 116,"Actual Startup Time": 818.754,"Actual Total Time": 818.877,"Actual Rows": 2367,"Actual Loops": 3,"Sort Key": ["nation.n_name"],"Sort Method": "quicksort","Sort Space Used": 283,"Sort Space Type": "Memory","Workers": [{"Worker Number": 0,"Sort Method": "quicksort","Sort Space Used": 277,"Sort Space Type": "Memory"},{"Worker Number": 1,"Sort Method": "quicksort","Sort Space Used": 284,"Sort Space Type": "Memory"}],"Plans": [{"Node Type": "Hash Join","Parent Relationship": "Outer","Parallel Aware": false,"Async Capable": false,"Join Type": "Inner","Startup Cost": 475.27,"Total Cost": 20568.82,"Plan Rows": 616,"Plan Width": 116,"Actual Startup Time": 13.272,"Actual Total Time": 817.265,"Actual Rows": 2367,"Actual Loops": 3,"Inner Unique": true,"Hash Cond": "((lineitem.l_suppkey = supplier.s_suppkey) AND (customer.c_nationkey = supplier.s_nationkey))","Workers": [],"Plans": [{"Node Type": "Nested Loop","Parent Relationship": "Outer","Parallel Aware": false,"Async Capable": false,"Join Type": "Inner","Startup Cost": 3.27,"Total Cost": 20015.89,"Plan Rows": 15415,"Plan Width": 128,"Actual Startup Time": 0.973,"Actual Total Time": 770.169,"Actual Rows": 60208,"Actual Loops": 3,"Inner Unique": false,"Workers": [],"Plans": [{"Node Type": "Nested Loop","Parent Relationship": "Outer","Parallel Aware": false,"Async Capable": false,"Join Type": "Inner","Startup Cost": 2.84,"Total Cost": 8414.26,"Plan Rows": 3853,"Plan Width": 116,"Actual Startup Time": 0.870,"Actual Total Time": 466.623,"Actual Rows": 15051,"Actual Loops": 3,"Inner Unique": false,"Workers": [],"Plans": [{"Node Type": "Hash Join","Parent Relationship": "Outer","Parallel Aware": false,"Async Capable": false,"Join Type": "Inner","Startup Cost": 2.41,"Total Cost": 4471.79,"Plan Rows": 2500,"Plan Width": 116,"Actual Startup Time": 0.250,"Actual Total Time": 58.358,"Actual Rows": 9921,"Actual Loops": 3,"Inner Unique": false,"Hash Cond": "(customer.c_nationkey = nation.n_nationkey)","Workers": [],"Plans": [{"Node Type": "Seq Scan","Parent Relationship": "Outer","Parallel Aware": true,"Async Capable": false,"Relation Name": "customer","Alias": "customer","Startup Cost": 0.00,"Total Cost": 4210.00,"Plan Rows": 62500,"Plan Width": 8,"Actual Startup Time": 0.013,"Actual Total Time": 10.073,"Actual Rows": 50000,"Actual Loops": 3,"Workers": []},{"Node Type": "Hash","Parent Relationship": "Inner","Parallel Aware": false,"Async Capable": false,"Startup Cost": 2.40,"Total Cost": 2.40,"Plan Rows": 1,"Plan Width": 108,"Actual Startup Time": 0.153,"Actual Total Time": 0.173,"Actual Rows": 5,"Actual Loops": 3,"Hash Buckets": 1024,"Original Hash Buckets": 1024,"Hash Batches": 1,"Original Hash Batches": 1,"Peak Memory Usage": 9,"Workers": [],"Plans": [{"Node Type": "Hash Join","Parent Relationship": "Outer","Parallel Aware": false,"Async Capable": false,"Join Type": "Inner","Startup Cost": 1.07,"Total Cost": 2.40,"Plan Rows": 1,"Plan Width": 108,"Actual Startup Time": 0.137,"Actual Total Time": 0.162,"Actual Rows": 5,"Actual Loops": 3,"Inner Unique": true,"Hash Cond": "(nation.n_regionkey = region.r_regionkey)","Workers": [],"Plans": [{"Node Type": "Seq Scan","Parent Relationship": "Outer","Parallel Aware": false,"Async Capable": false,"Relation Name": "nation","Alias": "nation","Startup Cost": 0.00,"Total Cost": 1.25,"Plan Rows": 25,"Plan Width": 112,"Actual Startup Time": 0.055,"Actual Total Time": 0.059,"Actual Rows": 25,"Actual Loops": 3,"Workers": []},{"Node Type": "Hash","Parent Relationship": "Inner","Parallel Aware": false,"Async Capable": false,"Startup Cost": 1.06,"Total Cost": 1.06,"Plan Rows": 1,"Plan Width": 4,"Actual Startup Time": 0.058,"Actual Total Time": 0.065,"Actual Rows": 1,"Actual Loops": 3,"Hash Buckets": 1024,"Original Hash Buckets": 1024,"Hash Batches": 1,"Original Hash Batches": 1,"Peak Memory Usage": 9,"Workers": [],"Plans": [{"Node Type": "Seq Scan","Parent Relationship": "Outer","Parallel Aware": false,"Async Capable": false,"Relation Name": "region","Alias": "region","Startup Cost": 0.00,"Total Cost": 1.06,"Plan Rows": 1,"Plan Width": 4,"Actual Startup Time": 0.044,"Actual Total Time": 0.048,"Actual Rows": 1,"Actual Loops": 3,"Filter": "(r_name = 'AFRICA'::bpchar)","Rows Removed by Filter": 4,"Workers": []}]}]}]}]},{"Node Type": "Index Scan","Parent Relationship": "Inner","Parallel Aware": false,"Async Capable": false,"Scan Direction": "Forward","Index Name": "idx_orders_custkey","Relation Name": "orders","Alias": "orders","Startup Cost": 0.43,"Total Cost": 1.55,"Plan Rows": 3,"Plan Width": 8,"Actual Startup Time": 0.018,"Actual Total Time": 0.041,"Actual Rows": 2,"Actual Loops": 29764,"Index Cond": "(o_custkey = customer.c_custkey)","Rows Removed by Index Recheck": 0,"Filter": "((o_orderdate >= '1994-01-01'::date) AND (o_orderdate < '1995-01-01 00:00:00'::timestamp without time zone))","Rows Removed by Filter": 9,"Workers": []}]},{"Node Type": "Index Scan","Parent Relationship": "Inner","Parallel Aware": false,"Async Capable": false,"Scan Direction": "Forward","Index Name": "idx_lineitem_orderkey","Relation Name": "lineitem","Alias": "lineitem","Startup Cost": 0.43,"Total Cost": 2.84,"Plan Rows": 17,"Plan Width": 20,"Actual Startup Time": 0.017,"Actual Total Time": 0.019,"Actual Rows": 4,"Actual Loops": 45152,"Index Cond": "(l_orderkey = orders.o_orderkey)","Rows Removed by Index Recheck": 0,"Workers": []}]},{"Node Type": "Hash","Parent Relationship": "Inner","Parallel Aware": false,"Async Capable": false,"Startup Cost": 322.00,"Total Cost": 322.00,"Plan Rows": 10000,"Plan Width": 8,"Actual Startup Time": 11.376,"Actual Total Time": 11.381,"Actual Rows": 10000,"Actual Loops": 3,"Hash Buckets": 16384,"Original Hash Buckets": 16384,"Hash Batches": 1,"Original Hash Batches": 1,"Peak Memory Usage": 519,"Workers": [],"Plans": [{"Node Type": "Seq Scan","Parent Relationship": "Outer","Parallel Aware": false,"Async Capable": false,"Relation Name": "supplier","Alias": "supplier","Startup Cost": 0.00,"Total Cost": 322.00,"Plan Rows": 10000,"Plan Width": 8,"Actual Startup Time": 0.042,"Actual Total Time": 9.565,"Actual Rows": 10000,"Actual Loops": 3,"Workers": []}]}]}]}]}]}]}]},"Planning Time": 10.751,"Triggers": [],"Execution Time": 859.508}]
[{"Plan": {"Node Type": "Sort","Parallel Aware": false,"Async Capable": false,"Startup Cost": 21616.39,"Total Cost": 21616.45,"Plan Rows": 25,"Plan Width": 136,"Actual Startup Time": 800.578,"Actual Total Time": 832.005,"Actual Rows": 5,"Actual Loops": 1,"Sort Key": ["(sum((lineitem.l_extendedprice * ('1'::numeric - lineitem.l_discount)))) DESC"],"Sort Method": "quicksort","Sort Space Used": 25,"Sort Space Type": "Memory","Plans": [{"Node Type": "Aggregate","Strategy": "Sorted","Partial Mode": "Finalize","Parent Relationship": "Outer","Parallel Aware": false,"Async Capable": false,"Startup Cost": 21601.33,"Total Cost": 21615.81,"Plan Rows": 25,"Plan Width": 136,"Actual Startup Time": 800.055,"Actual Total Time": 831.951,"Actual Rows": 5,"Actual Loops": 1,"Group Key": ["nation.n_name"],"Plans": [{"Node Type": "Gather Merge","Parent Relationship": "Outer","Parallel Aware": false,"Async Capable": false,"Startup Cost": 21601.33,"Total Cost": 21615.12,"Plan Rows": 50,"Plan Width": 136,"Actual Startup Time": 799.526,"Actual Total Time": 831.902,"Actual Rows": 15,"Actual Loops": 1,"Workers Planned": 2,"Workers Launched": 2,"Plans": [{"Node Type": "Aggregate","Strategy": "Sorted","Partial Mode": "Partial","Parent Relationship": "Outer","Parallel Aware": false,"Async Capable": false,"Startup Cost": 20601.30,"Total Cost": 20609.33,"Plan Rows": 25,"Plan Width": 136,"Actual Startup Time": 791.250,"Actual Total Time": 792.033,"Actual Rows": 5,"Actual Loops": 3,"Group Key": ["nation.n_name"],"Workers": [],"Plans": [{"Node Type": "Sort","Parent Relationship": "Outer","Parallel Aware": false,"Async Capable": false,"Startup Cost": 20601.30,"Total Cost": 20602.85,"Plan Rows": 617,"Plan Width": 116,"Actual Startup Time": 791.028,"Actual Total Time": 791.162,"Actual Rows": 2347,"Actual Loops": 3,"Sort Key": ["nation.n_name"],"Sort Method": "quicksort","Sort Space Used": 275,"Sort Space Type": "Memory","Workers": [{"Worker Number": 0,"Sort Method": "quicksort","Sort Space Used": 280,"Sort Space Type": "Memory"},{"Worker Number": 1,"Sort Method": "quicksort","Sort Space Used": 284,"Sort Space Type": "Memory"}],"Plans": [{"Node Type": "Hash Join","Parent Relationship": "Outer","Parallel Aware": false,"Async Capable": false,"Join Type": "Inner","Startup Cost": 475.27,"Total Cost": 20572.71,"Plan Rows": 617,"Plan Width": 116,"Actual Startup Time": 14.089,"Actual Total Time": 789.451,"Actual Rows": 2347,"Actual Loops": 3,"Inner Unique": true,"Hash Cond": "((lineitem.l_suppkey = supplier.s_suppkey) AND (customer.c_nationkey = supplier.s_nationkey))","Workers": [],"Plans": [{"Node Type": "Nested Loop","Parent Relationship": "Outer","Parallel Aware": false,"Async Capable": false,"Join Type": "Inner","Startup Cost": 3.27,"Total Cost": 20019.70,"Plan Rows": 15431,"Plan Width": 128,"Actual Startup Time": 0.813,"Actual Total Time": 745.242,"Actual Rows": 60682,"Actual Loops": 3,"Inner Unique": false,"Workers": [],"Plans": [{"Node Type": "Nested Loop","Parent Relationship": "Outer","Parallel Aware": false,"Async Capable": false,"Join Type": "Inner","Startup Cost": 2.84,"Total Cost": 8414.26,"Plan Rows": 3857,"Plan Width": 116,"Actual Startup Time": 0.648,"Actual Total Time": 445.539,"Actual Rows": 15117,"Actual Loops": 3,"Inner Unique": false,"Workers": [],"Plans": [{"Node Type": "Hash Join","Parent Relationship": "Outer","Parallel Aware": false,"Async Capable": false,"Join Type": "Inner","Startup Cost": 2.41,"Total Cost": 4471.79,"Plan Rows": 2500,"Plan Width": 116,"Actual Startup Time": 0.286,"Actual Total Time": 54.286,"Actual Rows": 9921,"Actual Loops": 3,"Inner Unique": false,"Hash Cond": "(customer.c_nationkey = nation.n_nationkey)","Workers": [],"Plans": [{"Node Type": "Seq Scan","Parent Relationship": "Outer","Parallel Aware": true,"Async Capable": false,"Relation Name": "customer","Alias": "customer","Startup Cost": 0.00,"Total Cost": 4210.00,"Plan Rows": 62500,"Plan Width": 8,"Actual Startup Time": 0.020,"Actual Total Time": 9.492,"Actual Rows": 50000,"Actual Loops": 3,"Workers": []},{"Node Type": "Hash","Parent Relationship": "Inner","Parallel Aware": false,"Async Capable": false,"Startup Cost": 2.40,"Total Cost": 2.40,"Plan Rows": 1,"Plan Width": 108,"Actual Startup Time": 0.159,"Actual Total Time": 0.178,"Actual Rows": 5,"Actual Loops": 3,"Hash Buckets": 1024,"Original Hash Buckets": 1024,"Hash Batches": 1,"Original Hash Batches": 1,"Peak Memory Usage": 9,"Workers": [],"Plans": [{"Node Type": "Hash Join","Parent Relationship": "Outer","Parallel Aware": false,"Async Capable": false,"Join Type": "Inner","Startup Cost": 1.07,"Total Cost": 2.40,"Plan Rows": 1,"Plan Width": 108,"Actual Startup Time": 0.141,"Actual Total Time": 0.166,"Actual Rows": 5,"Actual Loops": 3,"Inner Unique": true,"Hash Cond": "(nation.n_regionkey = region.r_regionkey)","Workers": [],"Plans": [{"Node Type": "Seq Scan","Parent Relationship": "Outer","Parallel Aware": false,"Async Capable": false,"Relation Name": "nation","Alias": "nation","Startup Cost": 0.00,"Total Cost": 1.25,"Plan Rows": 25,"Plan Width": 112,"Actual Startup Time": 0.054,"Actual Total Time": 0.058,"Actual Rows": 25,"Actual Loops": 3,"Workers": []},{"Node Type": "Hash","Parent Relationship": "Inner","Parallel Aware": false,"Async Capable": false,"Startup Cost": 1.06,"Total Cost": 1.06,"Plan Rows": 1,"Plan Width": 4,"Actual Startup Time": 0.057,"Actual Total Time": 0.062,"Actual Rows": 1,"Actual Loops": 3,"Hash Buckets": 1024,"Original Hash Buckets": 1024,"Hash Batches": 1,"Original Hash Batches": 1,"Peak Memory Usage": 9,"Workers": [],"Plans": [{"Node Type": "Seq Scan","Parent Relationship": "Outer","Parallel Aware": false,"Async Capable": false,"Relation Name": "region","Alias": "region","Startup Cost": 0.00,"Total Cost": 1.06,"Plan Rows": 1,"Plan Width": 4,"Actual Startup Time": 0.040,"Actual Total Time": 0.042,"Actual Rows": 1,"Actual Loops": 3,"Filter": "(r_name = 'AFRICA'::bpchar)","Rows Removed by Filter": 4,"Workers": []}]}]}]}]},{"Node Type": "Index Scan","Parent Relationship": "Inner","Parallel Aware": false,"Async Capable": false,"Scan Direction": "Forward","Index Name": "idx_orders_custkey","Relation Name": "orders","Alias": "orders","Startup Cost": 0.43,"Total Cost": 1.55,"Plan Rows": 3,"Plan Width": 8,"Actual Startup Time": 0.017,"Actual Total Time": 0.039,"Actual Rows": 2,"Actual Loops": 29764,"Index Cond": "(o_custkey = customer.c_custkey)","Rows Removed by Index Recheck": 0,"Filter": "((o_orderdate >= '1996-01-01'::date) AND (o_orderdate < '1997-01-01 00:00:00'::timestamp without time zone))","Rows Removed by Filter": 9,"Workers": []}]},{"Node Type": "Index Scan","Parent Relationship": "Inner","Parallel Aware": false,"Async Capable": false,"Scan Direction": "Forward","Index Name": "idx_lineitem_orderkey","Relation Name": "lineitem","Alias": "lineitem","Startup Cost": 0.43,"Total Cost": 2.84,"Plan Rows": 17,"Plan Width": 20,"Actual Startup Time": 0.016,"Actual Total Time": 0.019,"Actual Rows": 4,"Actual Loops": 45352,"Index Cond": "(l_orderkey = orders.o_orderkey)","Rows Removed by Index Recheck": 0,"Workers": []}]},{"Node Type": "Hash","Parent Relationship": "Inner","Parallel Aware": false,"Async Capable": false,"Startup Cost": 322.00,"Total Cost": 322.00,"Plan Rows": 10000,"Plan Width": 8,"Actual Startup Time": 12.144,"Actual Total Time": 12.150,"Actual Rows": 10000,"Actual Loops": 3,"Hash Buckets": 16384,"Original Hash Buckets": 16384,"Hash Batches": 1,"Original Hash Batches": 1,"Peak Memory Usage": 519,"Workers": [],"Plans": [{"Node Type": "Seq Scan","Parent Relationship": "Outer","Parallel Aware": false,"Async Capable": false,"Relation Name": "supplier","Alias": "supplier","Startup Cost": 0.00,"Total Cost": 322.00,"Plan Rows": 10000,"Plan Width": 8,"Actual Startup Time": 0.040,"Actual Total Time": 10.535,"Actual Rows": 10000,"Actual Loops": 3,"Workers": []}]}]}]}]}]}]}]},"Planning Time": 10.511,"Triggers": [],"Execution Time": 832.422}]
[{"Plan": {"Node Type": "Sort","Parallel Aware": false,"Async Capable": false,"Startup Cost": 21565.81,"Total Cost": 21565.87,"Plan Rows": 25,"Plan Width": 136,"Actual Startup Time": 826.666,"Actual Total Time": 858.678,"Actual Rows": 5,"Actual Loops": 1,"Sort Key": ["(sum((lineitem.l_extendedprice * ('1'::numeric - lineitem.l_discount)))) DESC"],"Sort Method": "quicksort","Sort Space Used": 25,"Sort Space Type": "Memory","Plans": [{"Node Type": "Aggregate","Strategy": "Sorted","Partial Mode": "Finalize","Parent Relationship": "Outer","Parallel Aware": false,"Async Capable": false,"Startup Cost": 21550.86,"Total Cost": 21565.23,"Plan Rows": 25,"Plan Width": 136,"Actual Startup Time": 825.974,"Actual Total Time": 858.621,"Actual Rows": 5,"Actual Loops": 1,"Group Key": ["nation.n_name"],"Plans": [{"Node Type": "Gather Merge","Parent Relationship": "Outer","Parallel Aware": false,"Async Capable": false,"Startup Cost": 21550.86,"Total Cost": 21564.54,"Plan Rows": 50,"Plan Width": 136,"Actual Startup Time": 825.726,"Actual Total Time": 858.579,"Actual Rows": 15,"Actual Loops": 1,"Workers Planned": 2,"Workers Launched": 2,"Plans": [{"Node Type": "Aggregate","Strategy": "Sorted","Partial Mode": "Partial","Parent Relationship": "Outer","Parallel Aware": false,"Async Capable": false,"Startup Cost": 20550.84,"Total Cost": 20558.75,"Plan Rows": 25,"Plan Width": 136,"Actual Startup Time": 818.223,"Actual Total Time": 818.980,"Actual Rows": 5,"Actual Loops": 3,"Group Key": ["nation.n_name"],"Workers": [],"Plans": [{"Node Type": "Sort","Parent Relationship": "Outer","Parallel Aware": false,"Async Capable": false,"Startup Cost": 20550.84,"Total Cost": 20552.36,"Plan Rows": 608,"Plan Width": 116,"Actual Startup Time": 818.011,"Actual Total Time": 818.145,"Actual Rows": 2489,"Actual Loops": 3,"Sort Key": ["nation.n_name"],"Sort Method": "quicksort","Sort Space Used": 294,"Sort Space Type": "Memory","Workers": [{"Worker Number": 0,"Sort Method": "quicksort","Sort Space Used": 286,"Sort Space Type": "Memory"},{"Worker Number": 1,"Sort Method": "quicksort","Sort Space Used": 292,"Sort Space Type": "Memory"}],"Plans": [{"Node Type": "Hash Join","Parent Relationship": "Outer","Parallel Aware": false,"Async Capable": false,"Join Type": "Inner","Startup Cost": 475.27,"Total Cost": 20522.72,"Plan Rows": 608,"Plan Width": 116,"Actual Startup Time": 11.840,"Actual Total Time": 816.555,"Actual Rows": 2489,"Actual Loops": 3,"Inner Unique": true,"Hash Cond": "((lineitem.l_suppkey = supplier.s_suppkey) AND (customer.c_nationkey = supplier.s_nationkey))","Workers": [],"Plans": [{"Node Type": "Nested Loop","Parent Relationship": "Outer","Parallel Aware": false,"Async Capable": false,"Join Type": "Inner","Startup Cost": 3.27,"Total Cost": 19970.84,"Plan Rows": 15215,"Plan Width": 128,"Actual Startup Time": 0.591,"Actual Total Time": 771.834,"Actual Rows": 60959,"Actual Loops": 3,"Inner Unique": false,"Workers": [],"Plans": [{"Node Type": "Nested Loop","Parent Relationship": "Outer","Parallel Aware": false,"Async Capable": false,"Join Type": "Inner","Startup Cost": 2.84,"Total Cost": 8414.26,"Plan Rows": 3803,"Plan Width": 116,"Actual Startup Time": 0.474,"Actual Total Time": 463.395,"Actual Rows": 15225,"Actual Loops": 3,"Inner Unique": false,"Workers": [],"Plans": [{"Node Type": "Hash Join","Parent Relationship": "Outer","Parallel Aware": false,"Async Capable": false,"Join Type": "Inner","Startup Cost": 2.41,"Total Cost": 4471.79,"Plan Rows": 2500,"Plan Width": 116,"Actual Startup Time": 0.230,"Actual Total Time": 58.477,"Actual Rows": 9984,"Actual Loops": 3,"Inner Unique": false,"Hash Cond": "(customer.c_nationkey = nation.n_nationkey)","Workers": [],"Plans": [{"Node Type": "Seq Scan","Parent Relationship": "Outer","Parallel Aware": true,"Async Capable": false,"Relation Name": "customer","Alias": "customer","Startup Cost": 0.00,"Total Cost": 4210.00,"Plan Rows": 62500,"Plan Width": 8,"Actual Startup Time": 0.016,"Actual Total Time": 10.057,"Actual Rows": 50000,"Actual Loops": 3,"Workers": []},{"Node Type": "Hash","Parent Relationship": "Inner","Parallel Aware": false,"Async Capable": false,"Startup Cost": 2.40,"Total Cost": 2.40,"Plan Rows": 1,"Plan Width": 108,"Actual Startup Time": 0.130,"Actual Total Time": 0.146,"Actual Rows": 5,"Actual Loops": 3,"Hash Buckets": 1024,"Original Hash Buckets": 1024,"Hash Batches": 1,"Original Hash Batches": 1,"Peak Memory Usage": 9,"Workers": [],"Plans": [{"Node Type": "Hash Join","Parent Relationship": "Outer","Parallel Aware": false,"Async Capable": false,"Join Type": "Inner","Startup Cost": 1.07,"Total Cost": 2.40,"Plan Rows": 1,"Plan Width": 108,"Actual Startup Time": 0.116,"Actual Total Time": 0.137,"Actual Rows": 5,"Actual Loops": 3,"Inner Unique": true,"Hash Cond": "(nation.n_regionkey = region.r_regionkey)","Workers": [],"Plans": [{"Node Type": "Seq Scan","Parent Relationship": "Outer","Parallel Aware": false,"Async Capable": false,"Relation Name": "nation","Alias": "nation","Startup Cost": 0.00,"Total Cost": 1.25,"Plan Rows": 25,"Plan Width": 112,"Actual Startup Time": 0.042,"Actual Total Time": 0.045,"Actual Rows": 25,"Actual Loops": 3,"Workers": []},{"Node Type": "Hash","Parent Relationship": "Inner","Parallel Aware": false,"Async Capable": false,"Startup Cost": 1.06,"Total Cost": 1.06,"Plan Rows": 1,"Plan Width": 4,"Actual Startup Time": 0.050,"Actual Total Time": 0.056,"Actual Rows": 1,"Actual Loops": 3,"Hash Buckets": 1024,"Original Hash Buckets": 1024,"Hash Batches": 1,"Original Hash Batches": 1,"Peak Memory Usage": 9,"Workers": [],"Plans": [{"Node Type": "Seq Scan","Parent Relationship": "Outer","Parallel Aware": false,"Async Capable": false,"Relation Name": "region","Alias": "region","Startup Cost": 0.00,"Total Cost": 1.06,"Plan Rows": 1,"Plan Width": 4,"Actual Startup Time": 0.038,"Actual Total Time": 0.040,"Actual Rows": 1,"Actual Loops": 3,"Filter": "(r_name = 'AMERICA'::bpchar)","Rows Removed by Filter": 4,"Workers": []}]}]}]}]},{"Node Type": "Index Scan","Parent Relationship": "Inner","Parallel Aware": false,"Async Capable": false,"Scan Direction": "Forward","Index Name": "idx_orders_custkey","Relation Name": "orders","Alias": "orders","Startup Cost": 0.43,"Total Cost": 1.55,"Plan Rows": 3,"Plan Width": 8,"Actual Startup Time": 0.017,"Actual Total Time": 0.040,"Actual Rows": 2,"Actual Loops": 29952,"Index Cond": "(o_custkey = customer.c_custkey)","Rows Removed by Index Recheck": 0,"Filter": "((o_orderdate >= '1997-01-01'::date) AND (o_orderdate < '1998-01-01 00:00:00'::timestamp without time zone))","Rows Removed by Filter": 8,"Workers": []}]},{"Node Type": "Index Scan","Parent Relationship": "Inner","Parallel Aware": false,"Async Capable": false,"Scan Direction": "Forward","Index Name": "idx_lineitem_orderkey","Relation Name": "lineitem","Alias": "lineitem","Startup Cost": 0.43,"Total Cost": 2.87,"Plan Rows": 17,"Plan Width": 20,"Actual Startup Time": 0.017,"Actual Total Time": 0.020,"Actual Rows": 4,"Actual Loops": 45676,"Index Cond": "(l_orderkey = orders.o_orderkey)","Rows Removed by Index Recheck": 0,"Workers": []}]},{"Node Type": "Hash","Parent Relationship": "Inner","Parallel Aware": false,"Async Capable": false,"Startup Cost": 322.00,"Total Cost": 322.00,"Plan Rows": 10000,"Plan Width": 8,"Actual Startup Time": 10.524,"Actual Total Time": 10.525,"Actual Rows": 10000,"Actual Loops": 3,"Hash Buckets": 16384,"Original Hash Buckets": 16384,"Hash Batches": 1,"Original Hash Batches": 1,"Peak Memory Usage": 519,"Workers": [],"Plans": [{"Node Type": "Seq Scan","Parent Relationship": "Outer","Parallel Aware": false,"Async Capable": false,"Relation Name": "supplier","Alias": "supplier","Startup Cost": 0.00,"Total Cost": 322.00,"Plan Rows": 10000,"Plan Width": 8,"Actual Startup Time": 0.042,"Actual Total Time": 8.814,"Actual Rows": 10000,"Actual Loops": 3,"Workers": []}]}]}]}]}]}]}]},"Planning Time": 10.085,"Triggers": [],"Execution Time": 859.237}]
[{"Plan": {"Node Type": "Sort","Parallel Aware": false,"Async Capable": false,"Startup Cost": 21565.24,"Total Cost": 21565.30,"Plan Rows": 25,"Plan Width": 136,"Actual Startup Time": 803.148,"Actual Total Time": 837.225,"Actual Rows": 5,"Actual Loops": 1,"Sort Key": ["(sum((lineitem.l_extendedprice * ('1'::numeric - lineitem.l_discount)))) DESC"],"Sort Method": "quicksort","Sort Space Used": 25,"Sort Space Type": "Memory","Plans": [{"Node Type": "Aggregate","Strategy": "Sorted","Partial Mode": "Finalize","Parent Relationship": "Outer","Parallel Aware": false,"Async Capable": false,"Startup Cost": 21550.29,"Total Cost": 21564.66,"Plan Rows": 25,"Plan Width": 136,"Actual Startup Time": 802.551,"Actual Total Time": 837.165,"Actual Rows": 5,"Actual Loops": 1,"Group Key": ["nation.n_name"],"Plans": [{"Node Type": "Gather Merge","Parent Relationship": "Outer","Parallel Aware": false,"Async Capable": false,"Startup Cost": 21550.29,"Total Cost": 21563.97,"Plan Rows": 50,"Plan Width": 136,"Actual Startup Time": 802.343,"Actual Total Time": 837.116,"Actual Rows": 15,"Actual Loops": 1,"Workers Planned": 2,"Workers Launched": 2,"Plans": [{"Node Type": "Aggregate","Strategy": "Sorted","Partial Mode": "Partial","Parent Relationship": "Outer","Parallel Aware": false,"Async Capable": false,"Startup Cost": 20550.26,"Total Cost": 20558.18,"Plan Rows": 25,"Plan Width": 136,"Actual Startup Time": 794.724,"Actual Total Time": 795.426,"Actual Rows": 5,"Actual Loops": 3,"Group Key": ["nation.n_name"],"Workers": [],"Plans": [{"Node Type": "Sort","Parent Relationship": "Outer","Parallel Aware": false,"Async Capable": false,"Startup Cost": 20550.26,"Total Cost": 20551.78,"Plan Rows": 608,"Plan Width": 116,"Actual Startup Time": 794.492,"Actual Total Time": 794.616,"Actual Rows": 2402,"Actual Loops": 3,"Sort Key": ["nation.n_name"],"Sort Method": "quicksort","Sort Space Used": 284,"Sort Space Type": "Memory","Workers": [{"Worker Number": 0,"Sort Method": "quicksort","Sort Space Used": 278,"Sort Space Type": "Memory"},{"Worker Number": 1,"Sort Method": "quicksort","Sort Space Used": 290,"Sort Space Type": "Memory"}],"Plans": [{"Node Type": "Hash Join","Parent Relationship": "Outer","Parallel Aware": false,"Async Capable": false,"Join Type": "Inner","Startup Cost": 475.27,"Total Cost": 20522.15,"Plan Rows": 608,"Plan Width": 116,"Actual Startup Time": 9.804,"Actual Total Time": 792.945,"Actual Rows": 2402,"Actual Loops": 3,"Inner Unique": true,"Hash Cond": "((lineitem.l_suppkey = supplier.s_suppkey) AND (customer.c_nationkey = supplier.s_nationkey))","Workers": [],"Plans": [{"Node Type": "Nested Loop","Parent Relationship": "Outer","Parallel Aware": false,"Async Capable": false,"Join Type": "Inner","Startup Cost": 3.27,"Total Cost": 19970.29,"Plan Rows": 15211,"Plan Width": 128,"Actual Startup Time": 0.739,"Actual Total Time": 751.905,"Actual Rows": 60896,"Actual Loops": 3,"Inner Unique": false,"Workers": [],"Plans": [{"Node Type": "Nested Loop","Parent Relationship": "Outer","Parallel Aware": false,"Async Capable": false,"Join Type": "Inner","Startup Cost": 2.84,"Total Cost": 8414.26,"Plan Rows": 3802,"Plan Width": 116,"Actual Startup Time": 0.610,"Actual Total Time": 448.155,"Actual Rows": 15274,"Actual Loops": 3,"Inner Unique": false,"Workers": [],"Plans": [{"Node Type": "Hash Join","Parent Relationship": "Outer","Parallel Aware": false,"Async Capable": false,"Join Type": "Inner","Startup Cost": 2.41,"Total Cost": 4471.79,"Plan Rows": 2500,"Plan Width": 116,"Actual Startup Time": 0.268,"Actual Total Time": 53.804,"Actual Rows": 9921,"Actual Loops": 3,"Inner Unique": false,"Hash Cond": "(customer.c_nationkey = nation.n_nationkey)","Workers": [],"Plans": [{"Node Type": "Seq Scan","Parent Relationship": "Outer","Parallel Aware": true,"Async Capable": false,"Relation Name": "customer","Alias": "customer","Startup Cost": 0.00,"Total Cost": 4210.00,"Plan Rows": 62500,"Plan Width": 8,"Actual Startup Time": 0.020,"Actual Total Time": 9.563,"Actual Rows": 50000,"Actual Loops": 3,"Workers": []},{"Node Type": "Hash","Parent Relationship": "Inner","Parallel Aware": false,"Async Capable": false,"Startup Cost": 2.40,"Total Cost": 2.40,"Plan Rows": 1,"Plan Width": 108,"Actual Startup Time": 0.161,"Actual Total Time": 0.176,"Actual Rows": 5,"Actual Loops": 3,"Hash Buckets": 1024,"Original Hash Buckets": 1024,"Hash Batches": 1,"Original Hash Batches": 1,"Peak Memory Usage": 9,"Workers": [],"Plans": [{"Node Type": "Hash Join","Parent Relationship": "Outer","Parallel Aware": false,"Async Capable": false,"Join Type": "Inner","Startup Cost": 1.07,"Total Cost": 2.40,"Plan Rows": 1,"Plan Width": 108,"Actual Startup Time": 0.143,"Actual Total Time": 0.167,"Actual Rows": 5,"Actual Loops": 3,"Inner Unique": true,"Hash Cond": "(nation.n_regionkey = region.r_regionkey)","Workers": [],"Plans": [{"Node Type": "Seq Scan","Parent Relationship": "Outer","Parallel Aware": false,"Async Capable": false,"Relation Name": "nation","Alias": "nation","Startup Cost": 0.00,"Total Cost": 1.25,"Plan Rows": 25,"Plan Width": 112,"Actual Startup Time": 0.052,"Actual Total Time": 0.056,"Actual Rows": 25,"Actual Loops": 3,"Workers": []},{"Node Type": "Hash","Parent Relationship": "Inner","Parallel Aware": false,"Async Capable": false,"Startup Cost": 1.06,"Total Cost": 1.06,"Plan Rows": 1,"Plan Width": 4,"Actual Startup Time": 0.061,"Actual Total Time": 0.066,"Actual Rows": 1,"Actual Loops": 3,"Hash Buckets": 1024,"Original Hash Buckets": 1024,"Hash Batches": 1,"Original Hash Batches": 1,"Peak Memory Usage": 9,"Workers": [],"Plans": [{"Node Type": "Seq Scan","Parent Relationship": "Outer","Parallel Aware": false,"Async Capable": false,"Relation Name": "region","Alias": "region","Startup Cost": 0.00,"Total Cost": 1.06,"Plan Rows": 1,"Plan Width": 4,"Actual Startup Time": 0.046,"Actual Total Time": 0.049,"Actual Rows": 1,"Actual Loops": 3,"Filter": "(r_name = 'AFRICA'::bpchar)","Rows Removed by Filter": 4,"Workers": []}]}]}]}]},{"Node Type": "Index Scan","Parent Relationship": "Inner","Parallel Aware": false,"Async Capable": false,"Scan Direction": "Forward","Index Name": "idx_orders_custkey","Relation Name": "orders","Alias": "orders","Startup Cost": 0.43,"Total Cost": 1.55,"Plan Rows": 3,"Plan Width": 8,"Actual Startup Time": 0.017,"Actual Total Time": 0.039,"Actual Rows": 2,"Actual Loops": 29764,"Index Cond": "(o_custkey = customer.c_custkey)","Rows Removed by Index Recheck": 0,"Filter": "((o_orderdate >= '1995-01-01'::date) AND (o_orderdate < '1996-01-01 00:00:00'::timestamp without time zone))","Rows Removed by Filter": 9,"Workers": []}]},{"Node Type": "Index Scan","Parent Relationship": "Inner","Parallel Aware": false,"Async Capable": false,"Scan Direction": "Forward","Index Name": "idx_lineitem_orderkey","Relation Name": "lineitem","Alias": "lineitem","Startup Cost": 0.43,"Total Cost": 2.87,"Plan Rows": 17,"Plan Width": 20,"Actual Startup Time": 0.017,"Actual Total Time": 0.019,"Actual Rows": 4,"Actual Loops": 45822,"Index Cond": "(l_orderkey = orders.o_orderkey)","Rows Removed by Index Recheck": 0,"Workers": []}]},{"Node Type": "Hash","Parent Relationship": "Inner","Parallel Aware": false,"Async Capable": false,"Startup Cost": 322.00,"Total Cost": 322.00,"Plan Rows": 10000,"Plan Width": 8,"Actual Startup Time": 8.249,"Actual Total Time": 8.253,"Actual Rows": 10000,"Actual Loops": 3,"Hash Buckets": 16384,"Original Hash Buckets": 16384,"Hash Batches": 1,"Original Hash Batches": 1,"Peak Memory Usage": 519,"Workers": [],"Plans": [{"Node Type": "Seq Scan","Parent Relationship": "Outer","Parallel Aware": false,"Async Capable": false,"Relation Name": "supplier","Alias": "supplier","Startup Cost": 0.00,"Total Cost": 322.00,"Plan Rows": 10000,"Plan Width": 8,"Actual Startup Time": 0.043,"Actual Total Time": 6.388,"Actual Rows": 10000,"Actual Loops": 3,"Workers": []}]}]}]}]}]}]}]},"Planning Time": 10.225,"Triggers": [],"Execution Time": 837.854}]
[{"Plan": {"Node Type": "Sort","Parallel Aware": false,"Async Capable": false,"Startup Cost": 21565.24,"Total Cost": 21565.30,"Plan Rows": 25,"Plan Width": 136,"Actual Startup Time": 797.386,"Actual Total Time": 830.222,"Actual Rows": 5,"Actual Loops": 1,"Sort Key": ["(sum((lineitem.l_extendedprice * ('1'::numeric - lineitem.l_discount)))) DESC"],"Sort Method": "quicksort","Sort Space Used": 25,"Sort Space Type": "Memory","Plans": [{"Node Type": "Aggregate","Strategy": "Sorted","Partial Mode": "Finalize","Parent Relationship": "Outer","Parallel Aware": false,"Async Capable": false,"Startup Cost": 21550.29,"Total Cost": 21564.66,"Plan Rows": 25,"Plan Width": 136,"Actual Startup Time": 796.761,"Actual Total Time": 830.172,"Actual Rows": 5,"Actual Loops": 1,"Group Key": ["nation.n_name"],"Plans": [{"Node Type": "Gather Merge","Parent Relationship": "Outer","Parallel Aware": false,"Async Capable": false,"Startup Cost": 21550.29,"Total Cost": 21563.97,"Plan Rows": 50,"Plan Width": 136,"Actual Startup Time": 796.547,"Actual Total Time": 830.110,"Actual Rows": 15,"Actual Loops": 1,"Workers Planned": 2,"Workers Launched": 2,"Plans": [{"Node Type": "Aggregate","Strategy": "Sorted","Partial Mode": "Partial","Parent Relationship": "Outer","Parallel Aware": false,"Async Capable": false,"Startup Cost": 20550.26,"Total Cost": 20558.18,"Plan Rows": 25,"Plan Width": 136,"Actual Startup Time": 788.895,"Actual Total Time": 789.783,"Actual Rows": 5,"Actual Loops": 3,"Group Key": ["nation.n_name"],"Workers": [],"Plans": [{"Node Type": "Sort","Parent Relationship": "Outer","Parallel Aware": false,"Async Capable": false,"Startup Cost": 20550.26,"Total Cost": 20551.78,"Plan Rows": 608,"Plan Width": 116,"Actual Startup Time": 788.664,"Actual Total Time": 788.842,"Actual Rows": 2456,"Actual Loops": 3,"Sort Key": ["nation.n_name"],"Sort Method": "quicksort","Sort Space Used": 291,"Sort Space Type": "Memory","Workers": [{"Worker Number": 0,"Sort Method": "quicksort","Sort Space Used": 279,"Sort Space Type": "Memory"},{"Worker Number": 1,"Sort Method": "quicksort","Sort Space Used": 295,"Sort Space Type": "Memory"}],"Plans": [{"Node Type": "Hash Join","Parent Relationship": "Outer","Parallel Aware": false,"Async Capable": false,"Join Type": "Inner","Startup Cost": 475.27,"Total Cost": 20522.15,"Plan Rows": 608,"Plan Width": 116,"Actual Startup Time": 10.168,"Actual Total Time": 787.209,"Actual Rows": 2456,"Actual Loops": 3,"Inner Unique": true,"Hash Cond": "((lineitem.l_suppkey = supplier.s_suppkey) AND (customer.c_nationkey = supplier.s_nationkey))","Workers": [],"Plans": [{"Node Type": "Nested Loop","Parent Relationship": "Outer","Parallel Aware": false,"Async Capable": false,"Join Type": "Inner","Startup Cost": 3.27,"Total Cost": 19970.29,"Plan Rows": 15211,"Plan Width": 128,"Actual Startup Time": 0.661,"Actual Total Time": 744.432,"Actual Rows": 60955,"Actual Loops": 3,"Inner Unique": false,"Workers": [],"Plans": [{"Node Type": "Nested Loop","Parent Relationship": "Outer","Parallel Aware": false,"Async Capable": false,"Join Type": "Inner","Startup Cost": 2.84,"Total Cost": 8414.26,"Plan Rows": 3802,"Plan Width": 116,"Actual Startup Time": 0.532,"Actual Total Time": 444.261,"Actual Rows": 15210,"Actual Loops": 3,"Inner Unique": false,"Workers": [],"Plans": [{"Node Type": "Hash Join","Parent Relationship": "Outer","Parallel Aware": false,"Async Capable": false,"Join Type": "Inner","Startup Cost": 2.41,"Total Cost": 4471.79,"Plan Rows": 2500,"Plan Width": 116,"Actual Startup Time": 0.249,"Actual Total Time": 53.241,"Actual Rows": 9984,"Actual Loops": 3,"Inner Unique": false,"Hash Cond": "(customer.c_nationkey = nation.n_nationkey)","Workers": [],"Plans": [{"Node Type": "Seq Scan","Parent Relationship": "Outer","Parallel Aware": true,"Async Capable": false,"Relation Name": "customer","Alias": "customer","Startup Cost": 0.00,"Total Cost": 4210.00,"Plan Rows": 62500,"Plan Width": 8,"Actual Startup Time": 0.015,"Actual Total Time": 9.455,"Actual Rows": 50000,"Actual Loops": 3,"Workers": []},{"Node Type": "Hash","Parent Relationship": "Inner","Parallel Aware": false,"Async Capable": false,"Startup Cost": 2.40,"Total Cost": 2.40,"Plan Rows": 1,"Plan Width": 108,"Actual Startup Time": 0.141,"Actual Total Time": 0.157,"Actual Rows": 5,"Actual Loops": 3,"Hash Buckets": 1024,"Original Hash Buckets": 1024,"Hash Batches": 1,"Original Hash Batches": 1,"Peak Memory Usage": 9,"Workers": [],"Plans": [{"Node Type": "Hash Join","Parent Relationship": "Outer","Parallel Aware": false,"Async Capable": false,"Join Type": "Inner","Startup Cost": 1.07,"Total Cost": 2.40,"Plan Rows": 1,"Plan Width": 108,"Actual Startup Time": 0.126,"Actual Total Time": 0.148,"Actual Rows": 5,"Actual Loops": 3,"Inner Unique": true,"Hash Cond": "(nation.n_regionkey = region.r_regionkey)","Workers": [],"Plans": [{"Node Type": "Seq Scan","Parent Relationship": "Outer","Parallel Aware": false,"Async Capable": false,"Relation Name": "nation","Alias": "nation","Startup Cost": 0.00,"Total Cost": 1.25,"Plan Rows": 25,"Plan Width": 112,"Actual Startup Time": 0.048,"Actual Total Time": 0.053,"Actual Rows": 25,"Actual Loops": 3,"Workers": []},{"Node Type": "Hash","Parent Relationship": "Inner","Parallel Aware": false,"Async Capable": false,"Startup Cost": 1.06,"Total Cost": 1.06,"Plan Rows": 1,"Plan Width": 4,"Actual Startup Time": 0.049,"Actual Total Time": 0.055,"Actual Rows": 1,"Actual Loops": 3,"Hash Buckets": 1024,"Original Hash Buckets": 1024,"Hash Batches": 1,"Original Hash Batches": 1,"Peak Memory Usage": 9,"Workers": [],"Plans": [{"Node Type": "Seq Scan","Parent Relationship": "Outer","Parallel Aware": false,"Async Capable": false,"Relation Name": "region","Alias": "region","Startup Cost": 0.00,"Total Cost": 1.06,"Plan Rows": 1,"Plan Width": 4,"Actual Startup Time": 0.036,"Actual Total Time": 0.040,"Actual Rows": 1,"Actual Loops": 3,"Filter": "(r_name = 'AMERICA'::bpchar)","Rows Removed by Filter": 4,"Workers": []}]}]}]}]},{"Node Type": "Index Scan","Parent Relationship": "Inner","Parallel Aware": false,"Async Capable": false,"Scan Direction": "Forward","Index Name": "idx_orders_custkey","Relation Name": "orders","Alias": "orders","Startup Cost": 0.43,"Total Cost": 1.55,"Plan Rows": 3,"Plan Width": 8,"Actual Startup Time": 0.016,"Actual Total Time": 0.039,"Actual Rows": 2,"Actual Loops": 29952,"Index Cond": "(o_custkey = customer.c_custkey)","Rows Removed by Index Recheck": 0,"Filter": "((o_orderdate >= '1995-01-01'::date) AND (o_orderdate < '1996-01-01 00:00:00'::timestamp without time zone))","Rows Removed by Filter": 8,"Workers": []}]},{"Node Type": "Index Scan","Parent Relationship": "Inner","Parallel Aware": false,"Async Capable": false,"Scan Direction": "Forward","Index Name": "idx_lineitem_orderkey","Relation Name": "lineitem","Alias": "lineitem","Startup Cost": 0.43,"Total Cost": 2.87,"Plan Rows": 17,"Plan Width": 20,"Actual Startup Time": 0.016,"Actual Total Time": 0.019,"Actual Rows": 4,"Actual Loops": 45630,"Index Cond": "(l_orderkey = orders.o_orderkey)","Rows Removed by Index Recheck": 0,"Workers": []}]},{"Node Type": "Hash","Parent Relationship": "Inner","Parallel Aware": false,"Async Capable": false,"Startup Cost": 322.00,"Total Cost": 322.00,"Plan Rows": 10000,"Plan Width": 8,"Actual Startup Time": 8.645,"Actual Total Time": 8.649,"Actual Rows": 10000,"Actual Loops": 3,"Hash Buckets": 16384,"Original Hash Buckets": 16384,"Hash Batches": 1,"Original Hash Batches": 1,"Peak Memory Usage": 519,"Workers": [],"Plans": [{"Node Type": "Seq Scan","Parent Relationship": "Outer","Parallel Aware": false,"Async Capable": false,"Relation Name": "supplier","Alias": "supplier","Startup Cost": 0.00,"Total Cost": 322.00,"Plan Rows": 10000,"Plan Width": 8,"Actual Startup Time": 0.041,"Actual Total Time": 6.699,"Actual Rows": 10000,"Actual Loops": 3,"Workers": []}]}]}]}]}]}]}]},"Planning Time": 10.274,"Triggers": [],"Execution Time": 830.793}]
[{"Plan": {"Node Type": "Sort","Parallel Aware": false,"Async Capable": false,"Startup Cost": 21616.39,"Total Cost": 21616.45,"Plan Rows": 25,"Plan Width": 136,"Actual Startup Time": 802.725,"Actual Total Time": 834.940,"Actual Rows": 5,"Actual Loops": 1,"Sort Key": ["(sum((lineitem.l_extendedprice * ('1'::numeric - lineitem.l_discount)))) DESC"],"Sort Method": "quicksort","Sort Space Used": 25,"Sort Space Type": "Memory","Plans": [{"Node Type": "Aggregate","Strategy": "Sorted","Partial Mode": "Finalize","Parent Relationship": "Outer","Parallel Aware": false,"Async Capable": false,"Startup Cost": 21601.33,"Total Cost": 21615.81,"Plan Rows": 25,"Plan Width": 136,"Actual Startup Time": 802.089,"Actual Total Time": 834.889,"Actual Rows": 5,"Actual Loops": 1,"Group Key": ["nation.n_name"],"Plans": [{"Node Type": "Gather Merge","Parent Relationship": "Outer","Parallel Aware": false,"Async Capable": false,"Startup Cost": 21601.33,"Total Cost": 21615.12,"Plan Rows": 50,"Plan Width": 136,"Actual Startup Time": 801.869,"Actual Total Time": 834.838,"Actual Rows": 15,"Actual Loops": 1,"Workers Planned": 2,"Workers Launched": 2,"Plans": [{"Node Type": "Aggregate","Strategy": "Sorted","Partial Mode": "Partial","Parent Relationship": "Outer","Parallel Aware": false,"Async Capable": false,"Startup Cost": 20601.30,"Total Cost": 20609.33,"Plan Rows": 25,"Plan Width": 136,"Actual Startup Time": 794.218,"Actual Total Time": 794.940,"Actual Rows": 5,"Actual Loops": 3,"Group Key": ["nation.n_name"],"Workers": [],"Plans": [{"Node Type": "Sort","Parent Relationship": "Outer","Parallel Aware": false,"Async Capable": false,"Startup Cost": 20601.30,"Total Cost": 20602.85,"Plan Rows": 617,"Plan Width": 116,"Actual Startup Time": 793.996,"Actual Total Time": 794.120,"Actual Rows": 2469,"Actual Loops": 3,"Sort Key": ["nation.n_name"],"Sort Method": "quicksort","Sort Space Used": 296,"Sort Space Type": "Memory","Workers": [{"Worker Number": 0,"Sort Method": "quicksort","Sort Space Used": 284,"Sort Space Type": "Memory"},{"Worker Number": 1,"Sort Method": "quicksort","Sort Space Used": 288,"Sort Space Type": "Memory"}],"Plans": [{"Node Type": "Hash Join","Parent Relationship": "Outer","Parallel Aware": false,"Async Capable": false,"Join Type": "Inner","Startup Cost": 475.27,"Total Cost": 20572.71,"Plan Rows": 617,"Plan Width": 116,"Actual Startup Time": 14.848,"Actual Total Time": 792.432,"Actual Rows": 2469,"Actual Loops": 3,"Inner Unique": true,"Hash Cond": "((lineitem.l_suppkey = supplier.s_suppkey) AND (customer.c_nationkey = supplier.s_nationkey))","Workers": [],"Plans": [{"Node Type": "Nested Loop","Parent Relationship": "Outer","Parallel Aware": false,"Async Capable": false,"Join Type": "Inner","Startup Cost": 3.27,"Total Cost": 20019.70,"Plan Rows": 15431,"Plan Width": 128,"Actual Startup Time": 0.724,"Actual Total Time": 746.203,"Actual Rows": 60646,"Actual Loops": 3,"Inner Unique": false,"Workers": [],"Plans": [{"Node Type": "Nested Loop","Parent Relationship": "Outer","Parallel Aware": false,"Async Capable": false,"Join Type": "Inner","Startup Cost": 2.84,"Total Cost": 8414.26,"Plan Rows": 3857,"Plan Width": 116,"Actual Startup Time": 0.603,"Actual Total Time": 446.704,"Actual Rows": 15077,"Actual Loops": 3,"Inner Unique": false,"Workers": [],"Plans": [{"Node Type": "Hash Join","Parent Relationship": "Outer","Parallel Aware": false,"Async Capable": false,"Join Type": "Inner","Startup Cost": 2.41,"Total Cost": 4471.79,"Plan Rows": 2500,"Plan Width": 116,"Actual Startup Time": 0.232,"Actual Total Time": 54.148,"Actual Rows": 9968,"Actual Loops": 3,"Inner Unique": false,"Hash Cond": "(customer.c_nationkey = nation.n_nationkey)","Workers": [],"Plans": [{"Node Type": "Seq Scan","Parent Relationship": "Outer","Parallel Aware": true,"Async Capable": false,"Relation Name": "customer","Alias": "customer","Startup Cost": 0.00,"Total Cost": 4210.00,"Plan Rows": 62500,"Plan Width": 8,"Actual Startup Time": 0.016,"Actual Total Time": 9.432,"Actual Rows": 50000,"Actual Loops": 3,"Workers": []},{"Node Type": "Hash","Parent Relationship": "Inner","Parallel Aware": false,"Async Capable": false,"Startup Cost": 2.40,"Total Cost": 2.40,"Plan Rows": 1,"Plan Width": 108,"Actual Startup Time": 0.135,"Actual Total Time": 0.148,"Actual Rows": 5,"Actual Loops": 3,"Hash Buckets": 1024,"Original Hash Buckets": 1024,"Hash Batches": 1,"Original Hash Batches": 1,"Peak Memory Usage": 9,"Workers": [],"Plans": [{"Node Type": "Hash Join","Parent Relationship": "Outer","Parallel Aware": false,"Async Capable": false,"Join Type": "Inner","Startup Cost": 1.07,"Total Cost": 2.40,"Plan Rows": 1,"Plan Width": 108,"Actual Startup Time": 0.120,"Actual Total Time": 0.140,"Actual Rows": 5,"Actual Loops": 3,"Inner Unique": true,"Hash Cond": "(nation.n_regionkey = region.r_regionkey)","Workers": [],"Plans": [{"Node Type": "Seq Scan","Parent Relationship": "Outer","Parallel Aware": false,"Async Capable": false,"Relation Name": "nation","Alias": "nation","Startup Cost": 0.00,"Total Cost": 1.25,"Plan Rows": 25,"Plan Width": 112,"Actual Startup Time": 0.048,"Actual Total Time": 0.052,"Actual Rows": 25,"Actual Loops": 3,"Workers": []},{"Node Type": "Hash","Parent Relationship": "Inner","Parallel Aware": false,"Async Capable": false,"Startup Cost": 1.06,"Total Cost": 1.06,"Plan Rows": 1,"Plan Width": 4,"Actual Startup Time": 0.046,"Actual Total Time": 0.050,"Actual Rows": 1,"Actual Loops": 3,"Hash Buckets": 1024,"Original Hash Buckets": 1024,"Hash Batches": 1,"Original Hash Batches": 1,"Peak Memory Usage": 9,"Workers": [],"Plans": [{"Node Type": "Seq Scan","Parent Relationship": "Outer","Parallel Aware": false,"Async Capable": false,"Relation Name": "region","Alias": "region","Startup Cost": 0.00,"Total Cost": 1.06,"Plan Rows": 1,"Plan Width": 4,"Actual Startup Time": 0.033,"Actual Total Time": 0.035,"Actual Rows": 1,"Actual Loops": 3,"Filter": "(r_name = 'MIDDLE EAST'::bpchar)","Rows Removed by Filter": 4,"Workers": []}]}]}]}]},{"Node Type": "Index Scan","Parent Relationship": "Inner","Parallel Aware": false,"Async Capable": false,"Scan Direction": "Forward","Index Name": "idx_orders_custkey","Relation Name": "orders","Alias": "orders","Startup Cost": 0.43,"Total Cost": 1.55,"Plan Rows": 3,"Plan Width": 8,"Actual Startup Time": 0.017,"Actual Total Time": 0.039,"Actual Rows": 2,"Actual Loops": 29904,"Index Cond": "(o_custkey = customer.c_custkey)","Rows Removed by Index Recheck": 0,"Filter": "((o_orderdate >= '1996-01-01'::date) AND (o_orderdate < '1997-01-01 00:00:00'::timestamp without time zone))","Rows Removed by Filter": 8,"Workers": []}]},{"Node Type": "Index Scan","Parent Relationship": "Inner","Parallel Aware": false,"Async Capable": false,"Scan Direction": "Forward","Index Name": "idx_lineitem_orderkey","Relation Name": "lineitem","Alias": "lineitem","Startup Cost": 0.43,"Total Cost": 2.84,"Plan Rows": 17,"Plan Width": 20,"Actual Startup Time": 0.016,"Actual Total Time": 0.019,"Actual Rows": 4,"Actual Loops": 45231,"Index Cond": "(l_orderkey = orders.o_orderkey)","Rows Removed by Index Recheck": 0,"Workers": []}]},{"Node Type": "Hash","Parent Relationship": "Inner","Parallel Aware": false,"Async Capable": false,"Startup Cost": 322.00,"Total Cost": 322.00,"Plan Rows": 10000,"Plan Width": 8,"Actual Startup Time": 13.111,"Actual Total Time": 13.116,"Actual Rows": 10000,"Actual Loops": 3,"Hash Buckets": 16384,"Original Hash Buckets": 16384,"Hash Batches": 1,"Original Hash Batches": 1,"Peak Memory Usage": 519,"Workers": [],"Plans": [{"Node Type": "Seq Scan","Parent Relationship": "Outer","Parallel Aware": false,"Async Capable": false,"Relation Name": "supplier","Alias": "supplier","Startup Cost": 0.00,"Total Cost": 322.00,"Plan Rows": 10000,"Plan Width": 8,"Actual Startup Time": 0.041,"Actual Total Time": 11.446,"Actual Rows": 10000,"Actual Loops": 3,"Workers": []}]}]}]}]}]}]}]},"Planning Time": 10.334,"Triggers": [],"Execution Time": 835.373}]
[{"Plan": {"Node Type": "Sort","Parallel Aware": false,"Async Capable": false,"Startup Cost": 21522.30,"Total Cost": 21522.36,"Plan Rows": 25,"Plan Width": 136,"Actual Startup Time": 815.371,"Actual Total Time": 846.364,"Actual Rows": 5,"Actual Loops": 1,"Sort Key": ["(sum((lineitem.l_extendedprice * ('1'::numeric - lineitem.l_discount)))) DESC"],"Sort Method": "quicksort","Sort Space Used": 25,"Sort Space Type": "Memory","Plans": [{"Node Type": "Aggregate","Strategy": "Sorted","Partial Mode": "Finalize","Parent Relationship": "Outer","Parallel Aware": false,"Async Capable": false,"Startup Cost": 21507.43,"Total Cost": 21521.72,"Plan Rows": 25,"Plan Width": 136,"Actual Startup Time": 814.708,"Actual Total Time": 846.319,"Actual Rows": 5,"Actual Loops": 1,"Group Key": ["nation.n_name"],"Plans": [{"Node Type": "Gather Merge","Parent Relationship": "Outer","Parallel Aware": false,"Async Capable": false,"Startup Cost": 21507.43,"Total Cost": 21521.03,"Plan Rows": 50,"Plan Width": 136,"Actual Startup Time": 814.181,"Actual Total Time": 846.266,"Actual Rows": 15,"Actual Loops": 1,"Workers Planned": 2,"Workers Launched": 2,"Plans": [{"Node Type": "Aggregate","Strategy": "Sorted","Partial Mode": "Partial","Parent Relationship": "Outer","Parallel Aware": false,"Async Capable": false,"Startup Cost": 20507.41,"Total Cost": 20515.23,"Plan Rows": 25,"Plan Width": 136,"Actual Startup Time": 806.060,"Actual Total Time": 806.902,"Actual Rows": 5,"Actual Loops": 3,"Group Key": ["nation.n_name"],"Workers": [],"Plans": [{"Node Type": "Sort","Parent Relationship": "Outer","Parallel Aware": false,"Async Capable": false,"Startup Cost": 20507.41,"Total Cost": 20508.91,"Plan Rows": 601,"Plan Width": 116,"Actual Startup Time": 805.845,"Actual Total Time": 805.988,"Actual Rows": 2405,"Actual Loops": 3,"Sort Key": ["nation.n_name"],"Sort Method": "quicksort","Sort Space Used": 288,"Sort Space Type": "Memory","Workers": [{"Worker Number": 0,"Sort Method": "quicksort","Sort Space Used": 282,"Sort Space Type": "Memory"},{"Worker Number": 1,"Sort Method": "quicksort","Sort Space Used": 284,"Sort Space Type": "Memory"}],"Plans": [{"Node Type": "Hash Join","Parent Relationship": "Outer","Parallel Aware": false,"Async Capable": false,"Join Type": "Inner","Startup Cost": 475.27,"Total Cost": 20479.67,"Plan Rows": 601,"Plan Width": 116,"Actual Startup Time": 14.857,"Actual Total Time": 804.339,"Actual Rows": 2405,"Actual Loops": 3,"Inner Unique": true,"Hash Cond": "((lineitem.l_suppkey = supplier.s_suppkey) AND (customer.c_nationkey = supplier.s_nationkey))","Workers": [],"Plans": [{"Node Type": "Nested Loop","Parent Relationship": "Outer","Parallel Aware": false,"Async Capable": false,"Join Type": "Inner","Startup Cost": 3.27,"Total Cost": 19928.78,"Plan Rows": 15027,"Plan Width": 128,"Actual Startup Time": 0.928,"Actual Total Time": 758.714,"Actual Rows": 60519,"Actual Loops": 3,"Inner Unique": false,"Workers": [],"Plans": [{"Node Type": "Nested Loop","Parent Relationship": "Outer","Parallel Aware": false,"Async Capable": false,"Join Type": "Inner","Startup Cost": 2.84,"Total Cost": 8414.26,"Plan Rows": 3756,"Plan Width": 116,"Actual Startup Time": 0.799,"Actual Total Time": 454.413,"Actual Rows": 15151,"Actual Loops": 3,"Inner Unique": false,"Workers": [],"Plans": [{"Node Type": "Hash Join","Parent Relationship": "Outer","Parallel Aware": false,"Async Capable": false,"Join Type": "Inner","Startup Cost": 2.41,"Total Cost": 4471.79,"Plan Rows": 2500,"Plan Width": 116,"Actual Startup Time": 0.321,"Actual Total Time": 54.810,"Actual Rows": 10061,"Actual Loops": 3,"Inner Unique": false,"Hash Cond": "(customer.c_nationkey = nation.n_nationkey)","Workers": [],"Plans": [{"Node Type": "Seq Scan","Parent Relationship": "Outer","Parallel Aware": true,"Async Capable": false,"Relation Name": "customer","Alias": "customer","Startup Cost": 0.00,"Total Cost": 4210.00,"Plan Rows": 62500,"Plan Width": 8,"Actual Startup Time": 0.016,"Actual Total Time": 9.647,"Actual Rows": 50000,"Actual Loops": 3,"Workers": []},{"Node Type": "Hash","Parent Relationship": "Inner","Parallel Aware": false,"Async Capable": false,"Startup Cost": 2.40,"Total Cost": 2.40,"Plan Rows": 1,"Plan Width": 108,"Actual Startup Time": 0.190,"Actual Total Time": 0.209,"Actual Rows": 5,"Actual Loops": 3,"Hash Buckets": 1024,"Original Hash Buckets": 1024,"Hash Batches": 1,"Original Hash Batches": 1,"Peak Memory Usage": 9,"Workers": [],"Plans": [{"Node Type": "Hash Join","Parent Relationship": "Outer","Parallel Aware": false,"Async Capable": false,"Join Type": "Inner","Startup Cost": 1.07,"Total Cost": 2.40,"Plan Rows": 1,"Plan Width": 108,"Actual Startup Time": 0.173,"Actual Total Time": 0.196,"Actual Rows": 5,"Actual Loops": 3,"Inner Unique": true,"Hash Cond": "(nation.n_regionkey = region.r_regionkey)","Workers": [],"Plans": [{"Node Type": "Seq Scan","Parent Relationship": "Outer","Parallel Aware": false,"Async Capable": false,"Relation Name": "nation","Alias": "nation","Startup Cost": 0.00,"Total Cost": 1.25,"Plan Rows": 25,"Plan Width": 112,"Actual Startup Time": 0.080,"Actual Total Time": 0.084,"Actual Rows": 25,"Actual Loops": 3,"Workers": []},{"Node Type": "Hash","Parent Relationship": "Inner","Parallel Aware": false,"Async Capable": false,"Startup Cost": 1.06,"Total Cost": 1.06,"Plan Rows": 1,"Plan Width": 4,"Actual Startup Time": 0.060,"Actual Total Time": 0.067,"Actual Rows": 1,"Actual Loops": 3,"Hash Buckets": 1024,"Original Hash Buckets": 1024,"Hash Batches": 1,"Original Hash Batches": 1,"Peak Memory Usage": 9,"Workers": [],"Plans": [{"Node Type": "Seq Scan","Parent Relationship": "Outer","Parallel Aware": false,"Async Capable": false,"Relation Name": "region","Alias": "region","Startup Cost": 0.00,"Total Cost": 1.06,"Plan Rows": 1,"Plan Width": 4,"Actual Startup Time": 0.046,"Actual Total Time": 0.049,"Actual Rows": 1,"Actual Loops": 3,"Filter": "(r_name = 'ASIA'::bpchar)","Rows Removed by Filter": 4,"Workers": []}]}]}]}]},{"Node Type": "Index Scan","Parent Relationship": "Inner","Parallel Aware": false,"Async Capable": false,"Scan Direction": "Forward","Index Name": "idx_orders_custkey","Relation Name": "orders","Alias": "orders","Startup Cost": 0.43,"Total Cost": 1.55,"Plan Rows": 3,"Plan Width": 8,"Actual Startup Time": 0.017,"Actual Total Time": 0.039,"Actual Rows": 2,"Actual Loops": 30183,"Index Cond": "(o_custkey = customer.c_custkey)","Rows Removed by Index Recheck": 0,"Filter": "((o_orderdate >= '1993-01-01'::date) AND (o_orderdate < '1994-01-01 00:00:00'::timestamp without time zone))","Rows Removed by Filter": 8,"Workers": []}]},{"Node Type": "Index Scan","Parent Relationship": "Inner","Parallel Aware": false,"Async Capable": false,"Scan Direction": "Forward","Index Name": "idx_lineitem_orderkey","Relation Name": "lineitem","Alias": "lineitem","Startup Cost": 0.43,"Total Cost": 2.90,"Plan Rows": 17,"Plan Width": 20,"Actual Startup Time": 0.017,"Actual Total Time": 0.019,"Actual Rows": 4,"Actual Loops": 45452,"Index Cond": "(l_orderkey = orders.o_orderkey)","Rows Removed by Index Recheck": 0,"Workers": []}]},{"Node Type": "Hash","Parent Relationship": "Inner","Parallel Aware": false,"Async Capable": false,"Startup Cost": 322.00,"Total Cost": 322.00,"Plan Rows": 10000,"Plan Width": 8,"Actual Startup Time": 13.249,"Actual Total Time": 13.253,"Actual Rows": 10000,"Actual Loops": 3,"Hash Buckets": 16384,"Original Hash Buckets": 16384,"Hash Batches": 1,"Original Hash Batches": 1,"Peak Memory Usage": 519,"Workers": [],"Plans": [{"Node Type": "Seq Scan","Parent Relationship": "Outer","Parallel Aware": false,"Async Capable": false,"Relation Name": "supplier","Alias": "supplier","Startup Cost": 0.00,"Total Cost": 322.00,"Plan Rows": 10000,"Plan Width": 8,"Actual Startup Time": 0.061,"Actual Total Time": 11.553,"Actual Rows": 10000,"Actual Loops": 3,"Workers": []}]}]}]}]}]}]}]},"Planning Time": 10.259,"Triggers": [],"Execution Time": 846.817}]
[{"Plan": {"Node Type": "Sort","Parallel Aware": false,"Async Capable": false,"Startup Cost": 21565.81,"Total Cost": 21565.87,"Plan Rows": 25,"Plan Width": 136,"Actual Startup Time": 823.071,"Actual Total Time": 855.607,"Actual Rows": 5,"Actual Loops": 1,"Sort Key": ["(sum((lineitem.l_extendedprice * ('1'::numeric - lineitem.l_discount)))) DESC"],"Sort Method": "quicksort","Sort Space Used": 25,"Sort Space Type": "Memory","Plans": [{"Node Type": "Aggregate","Strategy": "Sorted","Partial Mode": "Finalize","Parent Relationship": "Outer","Parallel Aware": false,"Async Capable": false,"Startup Cost": 21550.86,"Total Cost": 21565.23,"Plan Rows": 25,"Plan Width": 136,"Actual Startup Time": 822.468,"Actual Total Time": 855.547,"Actual Rows": 5,"Actual Loops": 1,"Group Key": ["nation.n_name"],"Plans": [{"Node Type": "Gather Merge","Parent Relationship": "Outer","Parallel Aware": false,"Async Capable": false,"Startup Cost": 21550.86,"Total Cost": 21564.54,"Plan Rows": 50,"Plan Width": 136,"Actual Startup Time": 822.203,"Actual Total Time": 855.489,"Actual Rows": 15,"Actual Loops": 1,"Workers Planned": 2,"Workers Launched": 2,"Plans": [{"Node Type": "Aggregate","Strategy": "Sorted","Partial Mode": "Partial","Parent Relationship": "Outer","Parallel Aware": false,"Async Capable": false,"Startup Cost": 20550.84,"Total Cost": 20558.75,"Plan Rows": 25,"Plan Width": 136,"Actual Startup Time": 814.240,"Actual Total Time": 814.959,"Actual Rows": 5,"Actual Loops": 3,"Group Key": ["nation.n_name"],"Workers": [],"Plans": [{"Node Type": "Sort","Parent Relationship": "Outer","Parallel Aware": false,"Async Capable": false,"Startup Cost": 20550.84,"Total Cost": 20552.36,"Plan Rows": 608,"Plan Width": 116,"Actual Startup Time": 814.029,"Actual Total Time": 814.149,"Actual Rows": 2473,"Actual Loops": 3,"Sort Key": ["nation.n_name"],"Sort Method": "quicksort","Sort Space Used": 297,"Sort Space Type": "Memory","Workers": [{"Worker Number": 0,"Sort Method": "quicksort","Sort Space Used": 287,"Sort Space Type": "Memory"},{"Worker Number": 1,"Sort Method": "quicksort","Sort Space Used": 284,"Sort Space Type": "Memory"}],"Plans": [{"Node Type": "Hash Join","Parent Relationship": "Outer","Parallel Aware": false,"Async Capable": false,"Join Type": "Inner","Startup Cost": 475.27,"Total Cost": 20522.72,"Plan Rows": 608,"Plan Width": 116,"Actual Startup Time": 11.318,"Actual Total Time": 812.483,"Actual Rows": 2473,"Actual Loops": 3,"Inner Unique": true,"Hash Cond": "((lineitem.l_suppkey = supplier.s_suppkey) AND (customer.c_nationkey = supplier.s_nationkey))","Workers": [],"Plans": [{"Node Type": "Nested Loop","Parent Relationship": "Outer","Parallel Aware": false,"Async Capable": false,"Join Type": "Inner","Startup Cost": 3.27,"Total Cost": 19970.84,"Plan Rows": 15215,"Plan Width": 128,"Actual Startup Time": 0.595,"Actual Total Time": 768.935,"Actual Rows": 60276,"Actual Loops": 3,"Inner Unique": false,"Workers": [],"Plans": [{"Node Type": "Nested Loop","Parent Relationship": "Outer","Parallel Aware": false,"Async Capable": false,"Join Type": "Inner","Startup Cost": 2.84,"Total Cost": 8414.26,"Plan Rows": 3803,"Plan Width": 116,"Actual Startup Time": 0.466,"Actual Total Time": 464.532,"Actual Rows": 15032,"Actual Loops": 3,"Inner Unique": false,"Workers": [],"Plans": [{"Node Type": "Hash Join","Parent Relationship": "Outer","Parallel Aware": false,"Async Capable": false,"Join Type": "Inner","Startup Cost": 2.41,"Total Cost": 4471.79,"Plan Rows": 2500,"Plan Width": 116,"Actual Startup Time": 0.243,"Actual Total Time": 60.744,"Actual Rows": 9968,"Actual Loops": 3,"Inner Unique": false,"Hash Cond": "(customer.c_nationkey = nation.n_nationkey)","Workers": [],"Plans": [{"Node Type": "Seq Scan","Parent Relationship": "Outer","Parallel Aware": true,"Async Capable": false,"Relation Name": "customer","Alias": "customer","Startup Cost": 0.00,"Total Cost": 4210.00,"Plan Rows": 62500,"Plan Width": 8,"Actual Startup Time": 0.012,"Actual Total Time": 10.205,"Actual Rows": 50000,"Actual Loops": 3,"Workers": []},{"Node Type": "Hash","Parent Relationship": "Inner","Parallel Aware": false,"Async Capable": false,"Startup Cost": 2.40,"Total Cost": 2.40,"Plan Rows": 1,"Plan Width": 108,"Actual Startup Time": 0.142,"Actual Total Time": 0.157,"Actual Rows": 5,"Actual Loops": 3,"Hash Buckets": 1024,"Original Hash Buckets": 1024,"Hash Batches": 1,"Original Hash Batches": 1,"Peak Memory Usage": 9,"Workers": [],"Plans": [{"Node Type": "Hash Join","Parent Relationship": "Outer","Parallel Aware": false,"Async Capable": false,"Join Type": "Inner","Startup Cost": 1.07,"Total Cost": 2.40,"Plan Rows": 1,"Plan Width": 108,"Actual Startup Time": 0.130,"Actual Total Time": 0.149,"Actual Rows": 5,"Actual Loops": 3,"Inner Unique": true,"Hash Cond": "(nation.n_regionkey = region.r_regionkey)","Workers": [],"Plans": [{"Node Type": "Seq Scan","Parent Relationship": "Outer","Parallel Aware": false,"Async Capable": false,"Relation Name": "nation","Alias": "nation","Startup Cost": 0.00,"Total Cost": 1.25,"Plan Rows": 25,"Plan Width": 112,"Actual Startup Time": 0.040,"Actual Total Time": 0.044,"Actual Rows": 25,"Actual Loops": 3,"Workers": []},{"Node Type": "Hash","Parent Relationship": "Inner","Parallel Aware": false,"Async Capable": false,"Startup Cost": 1.06,"Total Cost": 1.06,"Plan Rows": 1,"Plan Width": 4,"Actual Startup Time": 0.063,"Actual Total Time": 0.068,"Actual Rows": 1,"Actual Loops": 3,"Hash Buckets": 1024,"Original Hash Buckets": 1024,"Hash Batches": 1,"Original Hash Batches": 1,"Peak Memory Usage": 9,"Workers": [],"Plans": [{"Node Type": "Seq Scan","Parent Relationship": "Outer","Parallel Aware": false,"Async Capable": false,"Relation Name": "region","Alias": "region","Startup Cost": 0.00,"Total Cost": 1.06,"Plan Rows": 1,"Plan Width": 4,"Actual Startup Time": 0.045,"Actual Total Time": 0.047,"Actual Rows": 1,"Actual Loops": 3,"Filter": "(r_name = 'MIDDLE EAST'::bpchar)","Rows Removed by Filter": 4,"Workers": []}]}]}]}]},{"Node Type": "Index Scan","Parent Relationship": "Inner","Parallel Aware": false,"Async Capable": false,"Scan Direction": "Forward","Index Name": "idx_orders_custkey","Relation Name": "orders","Alias": "orders","Startup Cost": 0.43,"Total Cost": 1.55,"Plan Rows": 3,"Plan Width": 8,"Actual Startup Time": 0.017,"Actual Total Time": 0.040,"Actual Rows": 2,"Actual Loops": 29904,"Index Cond": "(o_custkey = customer.c_custkey)","Rows Removed by Index Recheck": 0,"Filter": "((o_orderdate >= '1997-01-01'::date) AND (o_orderdate < '1998-01-01 00:00:00'::timestamp without time zone))","Rows Removed by Filter": 8,"Workers": []}]},{"Node Type": "Index Scan","Parent Relationship": "Inner","Parallel Aware": false,"Async Capable": false,"Scan Direction": "Forward","Index Name": "idx_lineitem_orderkey","Relation Name": "lineitem","Alias": "lineitem","Startup Cost": 0.43,"Total Cost": 2.87,"Plan Rows": 17,"Plan Width": 20,"Actual Startup Time": 0.017,"Actual Total Time": 0.019,"Actual Rows": 4,"Actual Loops": 45096,"Index Cond": "(l_orderkey = orders.o_orderkey)","Rows Removed by Index Recheck": 0,"Workers": []}]},{"Node Type": "Hash","Parent Relationship": "Inner","Parallel Aware": false,"Async Capable": false,"Startup Cost": 322.00,"Total Cost": 322.00,"Plan Rows": 10000,"Plan Width": 8,"Actual Startup Time": 9.890,"Actual Total Time": 9.894,"Actual Rows": 10000,"Actual Loops": 3,"Hash Buckets": 16384,"Original Hash Buckets": 16384,"Hash Batches": 1,"Original Hash Batches": 1,"Peak Memory Usage": 519,"Workers": [],"Plans": [{"Node Type": "Seq Scan","Parent Relationship": "Outer","Parallel Aware": false,"Async Capable": false,"Relation Name": "supplier","Alias": "supplier","Startup Cost": 0.00,"Total Cost": 322.00,"Plan Rows": 10000,"Plan Width": 8,"Actual Startup Time": 0.039,"Actual Total Time": 7.896,"Actual Rows": 10000,"Actual Loops": 3,"Workers": []}]}]}]}]}]}]}]},"Planning Time": 11.619,"Triggers": [],"Execution Time": 856.108}]
[{"Plan": {"Node Type": "Sort","Parallel Aware": false,"Async Capable": false,"Startup Cost": 21616.39,"Total Cost": 21616.45,"Plan Rows": 25,"Plan Width": 136,"Actual Startup Time": 800.578,"Actual Total Time": 832.005,"Actual Rows": 5,"Actual Loops": 1,"Sort Key": ["(sum((lineitem.l_extendedprice * ('1'::numeric - lineitem.l_discount)))) DESC"],"Sort Method": "quicksort","Sort Space Used": 25,"Sort Space Type": "Memory","Plans": [{"Node Type": "Aggregate","Strategy": "Sorted","Partial Mode": "Finalize","Parent Relationship": "Outer","Parallel Aware": false,"Async Capable": false,"Startup Cost": 21601.33,"Total Cost": 21615.81,"Plan Rows": 25,"Plan Width": 136,"Actual Startup Time": 800.055,"Actual Total Time": 831.951,"Actual Rows": 5,"Actual Loops": 1,"Group Key": ["nation.n_name"],"Plans": [{"Node Type": "Gather Merge","Parent Relationship": "Outer","Parallel Aware": false,"Async Capable": false,"Startup Cost": 21601.33,"Total Cost": 21615.12,"Plan Rows": 50,"Plan Width": 136,"Actual Startup Time": 799.526,"Actual Total Time": 831.902,"Actual Rows": 15,"Actual Loops": 1,"Workers Planned": 2,"Workers Launched": 2,"Plans": [{"Node Type": "Aggregate","Strategy": "Sorted","Partial Mode": "Partial","Parent Relationship": "Outer","Parallel Aware": false,"Async Capable": false,"Startup Cost": 20601.30,"Total Cost": 20609.33,"Plan Rows": 25,"Plan Width": 136,"Actual Startup Time": 791.250,"Actual Total Time": 792.033,"Actual Rows": 5,"Actual Loops": 3,"Group Key": ["nation.n_name"],"Workers": [],"Plans": [{"Node Type": "Sort","Parent Relationship": "Outer","Parallel Aware": false,"Async Capable": false,"Startup Cost": 20601.30,"Total Cost": 20602.85,"Plan Rows": 617,"Plan Width": 116,"Actual Startup Time": 791.028,"Actual Total Time": 791.162,"Actual Rows": 2347,"Actual Loops": 3,"Sort Key": ["nation.n_name"],"Sort Method": "quicksort","Sort Space Used": 275,"Sort Space Type": "Memory","Workers": [{"Worker Number": 0,"Sort Method": "quicksort","Sort Space Used": 280,"Sort Space Type": "Memory"},{"Worker Number": 1,"Sort Method": "quicksort","Sort Space Used": 284,"Sort Space Type": "Memory"}],"Plans": [{"Node Type": "Hash Join","Parent Relationship": "Outer","Parallel Aware": false,"Async Capable": false,"Join Type": "Inner","Startup Cost": 475.27,"Total Cost": 20572.71,"Plan Rows": 617,"Plan Width": 116,"Actual Startup Time": 14.089,"Actual Total Time": 789.451,"Actual Rows": 2347,"Actual Loops": 3,"Inner Unique": true,"Hash Cond": "((lineitem.l_suppkey = supplier.s_suppkey) AND (customer.c_nationkey = supplier.s_nationkey))","Workers": [],"Plans": [{"Node Type": "Nested Loop","Parent Relationship": "Outer","Parallel Aware": false,"Async Capable": false,"Join Type": "Inner","Startup Cost": 3.27,"Total Cost": 20019.70,"Plan Rows": 15431,"Plan Width": 128,"Actual Startup Time": 0.813,"Actual Total Time": 745.242,"Actual Rows": 60682,"Actual Loops": 3,"Inner Unique": false,"Workers": [],"Plans": [{"Node Type": "Nested Loop","Parent Relationship": "Outer","Parallel Aware": false,"Async Capable": false,"Join Type": "Inner","Startup Cost": 2.84,"Total Cost": 8414.26,"Plan Rows": 3857,"Plan Width": 116,"Actual Startup Time": 0.648,"Actual Total Time": 445.539,"Actual Rows": 15117,"Actual Loops": 3,"Inner Unique": false,"Workers": [],"Plans": [{"Node Type": "Hash Join","Parent Relationship": "Outer","Parallel Aware": false,"Async Capable": false,"Join Type": "Inner","Startup Cost": 2.41,"Total Cost": 4471.79,"Plan Rows": 2500,"Plan Width": 116,"Actual Startup Time": 0.286,"Actual Total Time": 54.286,"Actual Rows": 9921,"Actual Loops": 3,"Inner Unique": false,"Hash Cond": "(customer.c_nationkey = nation.n_nationkey)","Workers": [],"Plans": [{"Node Type": "Seq Scan","Parent Relationship": "Outer","Parallel Aware": true,"Async Capable": false,"Relation Name": "customer","Alias": "customer","Startup Cost": 0.00,"Total Cost": 4210.00,"Plan Rows": 62500,"Plan Width": 8,"Actual Startup Time": 0.020,"Actual Total Time": 9.492,"Actual Rows": 50000,"Actual Loops": 3,"Workers": []},{"Node Type": "Hash","Parent Relationship": "Inner","Parallel Aware": false,"Async Capable": false,"Startup Cost": 2.40,"Total Cost": 2.40,"Plan Rows": 1,"Plan Width": 108,"Actual Startup Time": 0.159,"Actual Total Time": 0.178,"Actual Rows": 5,"Actual Loops": 3,"Hash Buckets": 1024,"Original Hash Buckets": 1024,"Hash Batches": 1,"Original Hash Batches": 1,"Peak Memory Usage": 9,"Workers": [],"Plans": [{"Node Type": "Hash Join","Parent Relationship": "Outer","Parallel Aware": false,"Async Capable": false,"Join Type": "Inner","Startup Cost": 1.07,"Total Cost": 2.40,"Plan Rows": 1,"Plan Width": 108,"Actual Startup Time": 0.141,"Actual Total Time": 0.166,"Actual Rows": 5,"Actual Loops": 3,"Inner Unique": true,"Hash Cond": "(nation.n_regionkey = region.r_regionkey)","Workers": [],"Plans": [{"Node Type": "Seq Scan","Parent Relationship": "Outer","Parallel Aware": false,"Async Capable": false,"Relation Name": "nation","Alias": "nation","Startup Cost": 0.00,"Total Cost": 1.25,"Plan Rows": 25,"Plan Width": 112,"Actual Startup Time": 0.054,"Actual Total Time": 0.058,"Actual Rows": 25,"Actual Loops": 3,"Workers": []},{"Node Type": "Hash","Parent Relationship": "Inner","Parallel Aware": false,"Async Capable": false,"Startup Cost": 1.06,"Total Cost": 1.06,"Plan Rows": 1,"Plan Width": 4,"Actual Startup Time": 0.057,"Actual Total Time": 0.062,"Actual Rows": 1,"Actual Loops": 3,"Hash Buckets": 1024,"Original Hash Buckets": 1024,"Hash Batches": 1,"Original Hash Batches": 1,"Peak Memory Usage": 9,"Workers": [],"Plans": [{"Node Type": "Seq Scan","Parent Relationship": "Outer","Parallel Aware": false,"Async Capable": false,"Relation Name": "region","Alias": "region","Startup Cost": 0.00,"Total Cost": 1.06,"Plan Rows": 1,"Plan Width": 4,"Actual Startup Time": 0.040,"Actual Total Time": 0.042,"Actual Rows": 1,"Actual Loops": 3,"Filter": "(r_name = 'AFRICA'::bpchar)","Rows Removed by Filter": 4,"Workers": []}]}]}]}]},{"Node Type": "Index Scan","Parent Relationship": "Inner","Parallel Aware": false,"Async Capable": false,"Scan Direction": "Forward","Index Name": "idx_orders_custkey","Relation Name": "orders","Alias": "orders","Startup Cost": 0.43,"Total Cost": 1.55,"Plan Rows": 3,"Plan Width": 8,"Actual Startup Time": 0.017,"Actual Total Time": 0.039,"Actual Rows": 2,"Actual Loops": 29764,"Index Cond": "(o_custkey = customer.c_custkey)","Rows Removed by Index Recheck": 0,"Filter": "((o_orderdate >= '1996-01-01'::date) AND (o_orderdate < '1997-01-01 00:00:00'::timestamp without time zone))","Rows Removed by Filter": 9,"Workers": []}]},{"Node Type": "Index Scan","Parent Relationship": "Inner","Parallel Aware": false,"Async Capable": false,"Scan Direction": "Forward","Index Name": "idx_lineitem_orderkey","Relation Name": "lineitem","Alias": "lineitem","Startup Cost": 0.43,"Total Cost": 2.84,"Plan Rows": 17,"Plan Width": 20,"Actual Startup Time": 0.016,"Actual Total Time": 0.019,"Actual Rows": 4,"Actual Loops": 45352,"Index Cond": "(l_orderkey = orders.o_orderkey)","Rows Removed by Index Recheck": 0,"Workers": []}]},{"Node Type": "Hash","Parent Relationship": "Inner","Parallel Aware": false,"Async Capable": false,"Startup Cost": 322.00,"Total Cost": 322.00,"Plan Rows": 10000,"Plan Width": 8,"Actual Startup Time": 12.144,"Actual Total Time": 12.150,"Actual Rows": 10000,"Actual Loops": 3,"Hash Buckets": 16384,"Original Hash Buckets": 16384,"Hash Batches": 1,"Original Hash Batches": 1,"Peak Memory Usage": 519,"Workers": [],"Plans": [{"Node Type": "Seq Scan","Parent Relationship": "Outer","Parallel Aware": false,"Async Capable": false,"Relation Name": "supplier","Alias": "supplier","Startup Cost": 0.00,"Total Cost": 322.00,"Plan Rows": 10000,"Plan Width": 8,"Actual Startup Time": 0.040,"Actual Total Time": 10.535,"Actual Rows": 10000,"Actual Loops": 3,"Workers": []}]}]}]}]}]}]}]},"Planning Time": 10.511,"Triggers": [],"Execution Time": 832.422}]
[{"Plan": {"Node Type": "Sort","Parallel Aware": false,"Async Capable": false,"Startup Cost": 21616.39,"Total Cost": 21616.45,"Plan Rows": 25,"Plan Width": 136,"Actual Startup Time": 802.725,"Actual Total Time": 834.940,"Actual Rows": 5,"Actual Loops": 1,"Sort Key": ["(sum((lineitem.l_extendedprice * ('1'::numeric - lineitem.l_discount)))) DESC"],"Sort Method": "quicksort","Sort Space Used": 25,"Sort Space Type": "Memory","Plans": [{"Node Type": "Aggregate","Strategy": "Sorted","Partial Mode": "Finalize","Parent Relationship": "Outer","Parallel Aware": false,"Async Capable": false,"Startup Cost": 21601.33,"Total Cost": 21615.81,"Plan Rows": 25,"Plan Width": 136,"Actual Startup Time": 802.089,"Actual Total Time": 834.889,"Actual Rows": 5,"Actual Loops": 1,"Group Key": ["nation.n_name"],"Plans": [{"Node Type": "Gather Merge","Parent Relationship": "Outer","Parallel Aware": false,"Async Capable": false,"Startup Cost": 21601.33,"Total Cost": 21615.12,"Plan Rows": 50,"Plan Width": 136,"Actual Startup Time": 801.869,"Actual Total Time": 834.838,"Actual Rows": 15,"Actual Loops": 1,"Workers Planned": 2,"Workers Launched": 2,"Plans": [{"Node Type": "Aggregate","Strategy": "Sorted","Partial Mode": "Partial","Parent Relationship": "Outer","Parallel Aware": false,"Async Capable": false,"Startup Cost": 20601.30,"Total Cost": 20609.33,"Plan Rows": 25,"Plan Width": 136,"Actual Startup Time": 794.218,"Actual Total Time": 794.940,"Actual Rows": 5,"Actual Loops": 3,"Group Key": ["nation.n_name"],"Workers": [],"Plans": [{"Node Type": "Sort","Parent Relationship": "Outer","Parallel Aware": false,"Async Capable": false,"Startup Cost": 20601.30,"Total Cost": 20602.85,"Plan Rows": 617,"Plan Width": 116,"Actual Startup Time": 793.996,"Actual Total Time": 794.120,"Actual Rows": 2469,"Actual Loops": 3,"Sort Key": ["nation.n_name"],"Sort Method": "quicksort","Sort Space Used": 296,"Sort Space Type": "Memory","Workers": [{"Worker Number": 0,"Sort Method": "quicksort","Sort Space Used": 284,"Sort Space Type": "Memory"},{"Worker Number": 1,"Sort Method": "quicksort","Sort Space Used": 288,"Sort Space Type": "Memory"}],"Plans": [{"Node Type": "Hash Join","Parent Relationship": "Outer","Parallel Aware": false,"Async Capable": false,"Join Type": "Inner","Startup Cost": 475.27,"Total Cost": 20572.71,"Plan Rows": 617,"Plan Width": 116,"Actual Startup Time": 14.848,"Actual Total Time": 792.432,"Actual Rows": 2469,"Actual Loops": 3,"Inner Unique": true,"Hash Cond": "((lineitem.l_suppkey = supplier.s_suppkey) AND (customer.c_nationkey = supplier.s_nationkey))","Workers": [],"Plans": [{"Node Type": "Nested Loop","Parent Relationship": "Outer","Parallel Aware": false,"Async Capable": false,"Join Type": "Inner","Startup Cost": 3.27,"Total Cost": 20019.70,"Plan Rows": 15431,"Plan Width": 128,"Actual Startup Time": 0.724,"Actual Total Time": 746.203,"Actual Rows": 60646,"Actual Loops": 3,"Inner Unique": false,"Workers": [],"Plans": [{"Node Type": "Nested Loop","Parent Relationship": "Outer","Parallel Aware": false,"Async Capable": false,"Join Type": "Inner","Startup Cost": 2.84,"Total Cost": 8414.26,"Plan Rows": 3857,"Plan Width": 116,"Actual Startup Time": 0.603,"Actual Total Time": 446.704,"Actual Rows": 15077,"Actual Loops": 3,"Inner Unique": false,"Workers": [],"Plans": [{"Node Type": "Hash Join","Parent Relationship": "Outer","Parallel Aware": false,"Async Capable": false,"Join Type": "Inner","Startup Cost": 2.41,"Total Cost": 4471.79,"Plan Rows": 2500,"Plan Width": 116,"Actual Startup Time": 0.232,"Actual Total Time": 54.148,"Actual Rows": 9968,"Actual Loops": 3,"Inner Unique": false,"Hash Cond": "(customer.c_nationkey = nation.n_nationkey)","Workers": [],"Plans": [{"Node Type": "Seq Scan","Parent Relationship": "Outer","Parallel Aware": true,"Async Capable": false,"Relation Name": "customer","Alias": "customer","Startup Cost": 0.00,"Total Cost": 4210.00,"Plan Rows": 62500,"Plan Width": 8,"Actual Startup Time": 0.016,"Actual Total Time": 9.432,"Actual Rows": 50000,"Actual Loops": 3,"Workers": []},{"Node Type": "Hash","Parent Relationship": "Inner","Parallel Aware": false,"Async Capable": false,"Startup Cost": 2.40,"Total Cost": 2.40,"Plan Rows": 1,"Plan Width": 108,"Actual Startup Time": 0.135,"Actual Total Time": 0.148,"Actual Rows": 5,"Actual Loops": 3,"Hash Buckets": 1024,"Original Hash Buckets": 1024,"Hash Batches": 1,"Original Hash Batches": 1,"Peak Memory Usage": 9,"Workers": [],"Plans": [{"Node Type": "Hash Join","Parent Relationship": "Outer","Parallel Aware": false,"Async Capable": false,"Join Type": "Inner","Startup Cost": 1.07,"Total Cost": 2.40,"Plan Rows": 1,"Plan Width": 108,"Actual Startup Time": 0.120,"Actual Total Time": 0.140,"Actual Rows": 5,"Actual Loops": 3,"Inner Unique": true,"Hash Cond": "(nation.n_regionkey = region.r_regionkey)","Workers": [],"Plans": [{"Node Type": "Seq Scan","Parent Relationship": "Outer","Parallel Aware": false,"Async Capable": false,"Relation Name": "nation","Alias": "nation","Startup Cost": 0.00,"Total Cost": 1.25,"Plan Rows": 25,"Plan Width": 112,"Actual Startup Time": 0.048,"Actual Total Time": 0.052,"Actual Rows": 25,"Actual Loops": 3,"Workers": []},{"Node Type": "Hash","Parent Relationship": "Inner","Parallel Aware": false,"Async Capable": false,"Startup Cost": 1.06,"Total Cost": 1.06,"Plan Rows": 1,"Plan Width": 4,"Actual Startup Time": 0.046,"Actual Total Time": 0.050,"Actual Rows": 1,"Actual Loops": 3,"Hash Buckets": 1024,"Original Hash Buckets": 1024,"Hash Batches": 1,"Original Hash Batches": 1,"Peak Memory Usage": 9,"Workers": [],"Plans": [{"Node Type": "Seq Scan","Parent Relationship": "Outer","Parallel Aware": false,"Async Capable": false,"Relation Name": "region","Alias": "region","Startup Cost": 0.00,"Total Cost": 1.06,"Plan Rows": 1,"Plan Width": 4,"Actual Startup Time": 0.033,"Actual Total Time": 0.035,"Actual Rows": 1,"Actual Loops": 3,"Filter": "(r_name = 'MIDDLE EAST'::bpchar)","Rows Removed by Filter": 4,"Workers": []}]}]}]}]},{"Node Type": "Index Scan","Parent Relationship": "Inner","Parallel Aware": false,"Async Capable": false,"Scan Direction": "Forward","Index Name": "idx_orders_custkey","Relation Name": "orders","Alias": "orders","Startup Cost": 0.43,"Total Cost": 1.55,"Plan Rows": 3,"Plan Width": 8,"Actual Startup Time": 0.017,"Actual Total Time": 0.039,"Actual Rows": 2,"Actual Loops": 29904,"Index Cond": "(o_custkey = customer.c_custkey)","Rows Removed by Index Recheck": 0,"Filter": "((o_orderdate >= '1996-01-01'::date) AND (o_orderdate < '1997-01-01 00:00:00'::timestamp without time zone))","Rows Removed by Filter": 8,"Workers": []}]},{"Node Type": "Index Scan","Parent Relationship": "Inner","Parallel Aware": false,"Async Capable": false,"Scan Direction": "Forward","Index Name": "idx_lineitem_orderkey","Relation Name": "lineitem","Alias": "lineitem","Startup Cost": 0.43,"Total Cost": 2.84,"Plan Rows": 17,"Plan Width": 20,"Actual Startup Time": 0.016,"Actual Total Time": 0.019,"Actual Rows": 4,"Actual Loops": 45231,"Index Cond": "(l_orderkey = orders.o_orderkey)","Rows Removed by Index Recheck": 0,"Workers": []}]},{"Node Type": "Hash","Parent Relationship": "Inner","Parallel Aware": false,"Async Capable": false,"Startup Cost": 322.00,"Total Cost": 322.00,"Plan Rows": 10000,"Plan Width": 8,"Actual Startup Time": 13.111,"Actual Total Time": 13.116,"Actual Rows": 10000,"Actual Loops": 3,"Hash Buckets": 16384,"Original Hash Buckets": 16384,"Hash Batches": 1,"Original Hash Batches": 1,"Peak Memory Usage": 519,"Workers": [],"Plans": [{"Node Type": "Seq Scan","Parent Relationship": "Outer","Parallel Aware": false,"Async Capable": false,"Relation Name": "supplier","Alias": "supplier","Startup Cost": 0.00,"Total Cost": 322.00,"Plan Rows": 10000,"Plan Width": 8,"Actual Startup Time": 0.041,"Actual Total Time": 11.446,"Actual Rows": 10000,"Actual Loops": 3,"Workers": []}]}]}]}]}]}]}]},"Planning Time": 10.334,"Triggers": [],"Execution Time": 835.373}]
[{"Plan": {"Node Type": "Sort","Parallel Aware": false,"Async Capable": false,"Startup Cost": 21612.43,"Total Cost": 21612.50,"Plan Rows": 25,"Plan Width": 136,"Actual Startup Time": 835.932,"Actual Total Time": 867.365,"Actual Rows": 5,"Actual Loops": 1,"Sort Key": ["(sum((lineitem.l_extendedprice * ('1'::numeric - lineitem.l_discount)))) DESC"],"Sort Method": "quicksort","Sort Space Used": 25,"Sort Space Type": "Memory","Plans": [{"Node Type": "Aggregate","Strategy": "Sorted","Partial Mode": "Finalize","Parent Relationship": "Outer","Parallel Aware": false,"Async Capable": false,"Startup Cost": 21597.38,"Total Cost": 21611.85,"Plan Rows": 25,"Plan Width": 136,"Actual Startup Time": 835.364,"Actual Total Time": 867.318,"Actual Rows": 5,"Actual Loops": 1,"Group Key": ["nation.n_name"],"Plans": [{"Node Type": "Gather Merge","Parent Relationship": "Outer","Parallel Aware": false,"Async Capable": false,"Startup Cost": 21597.38,"Total Cost": 21611.17,"Plan Rows": 50,"Plan Width": 136,"Actual Startup Time": 835.179,"Actual Total Time": 867.277,"Actual Rows": 15,"Actual Loops": 1,"Workers Planned": 2,"Workers Launched": 2,"Plans": [{"Node Type": "Aggregate","Strategy": "Sorted","Partial Mode": "Partial","Parent Relationship": "Outer","Parallel Aware": false,"Async Capable": false,"Startup Cost": 20597.36,"Total Cost": 20605.37,"Plan Rows": 25,"Plan Width": 136,"Actual Startup Time": 826.891,"Actual Total Time": 827.596,"Actual Rows": 5,"Actual Loops": 3,"Group Key": ["nation.n_name"],"Workers": [],"Plans": [{"Node Type": "Sort","Parent Relationship": "Outer","Parallel Aware": false,"Async Capable": false,"Startup Cost": 20597.36,"Total Cost": 20598.90,"Plan Rows": 616,"Plan Width": 116,"Actual Startup Time": 826.692,"Actual Total Time": 826.817,"Actual Rows": 2422,"Actual Loops": 3,"Sort Key": ["nation.n_name"],"Sort Method": "quicksort","Sort Space Used": 284,"Sort Space Type": "Memory","Workers": [{"Worker Number": 0,"Sort Method": "quicksort","Sort Space Used": 289,"Sort Space Type": "Memory"},{"Worker Number": 1,"Sort Method": "quicksort","Sort Space Used": 285,"Sort Space Type": "Memory"}],"Plans": [{"Node Type": "Hash Join","Parent Relationship": "Outer","Parallel Aware": false,"Async Capable": false,"Join Type": "Inner","Startup Cost": 475.27,"Total Cost": 20568.82,"Plan Rows": 616,"Plan Width": 116,"Actual Startup Time": 12.416,"Actual Total Time": 825.180,"Actual Rows": 2422,"Actual Loops": 3,"Inner Unique": true,"Hash Cond": "((lineitem.l_suppkey = supplier.s_suppkey) AND (customer.c_nationkey = supplier.s_nationkey))","Workers": [],"Plans": [{"Node Type": "Nested Loop","Parent Relationship": "Outer","Parallel Aware": false,"Async Capable": false,"Join Type": "Inner","Startup Cost": 3.27,"Total Cost": 20015.89,"Plan Rows": 15415,"Plan Width": 128,"Actual Startup Time": 0.717,"Actual Total Time": 776.964,"Actual Rows": 61524,"Actual Loops": 3,"Inner Unique": false,"Workers": [],"Plans": [{"Node Type": "Nested Loop","Parent Relationship": "Outer","Parallel Aware": false,"Async Capable": false,"Join Type": "Inner","Startup Cost": 2.84,"Total Cost": 8414.26,"Plan Rows": 3853,"Plan Width": 116,"Actual Startup Time": 0.594,"Actual Total Time": 468.318,"Actual Rows": 15364,"Actual Loops": 3,"Inner Unique": false,"Workers": [],"Plans": [{"Node Type": "Hash Join","Parent Relationship": "Outer","Parallel Aware": false,"Async Capable": false,"Join Type": "Inner","Startup Cost": 2.41,"Total Cost": 4471.79,"Plan Rows": 2500,"Plan Width": 116,"Actual Startup Time": 0.257,"Actual Total Time": 59.024,"Actual Rows": 10066,"Actual Loops": 3,"Inner Unique": false,"Hash Cond": "(customer.c_nationkey = nation.n_nationkey)","Workers": [],"Plans": [{"Node Type": "Seq Scan","Parent Relationship": "Outer","Parallel Aware": true,"Async Capable": false,"Relation Name": "customer","Alias": "customer","Startup Cost": 0.00,"Total Cost": 4210.00,"Plan Rows": 62500,"Plan Width": 8,"Actual Startup Time": 0.018,"Actual Total Time": 10.025,"Actual Rows": 50000,"Actual Loops": 3,"Workers": []},{"Node Type": "Hash","Parent Relationship": "Inner","Parallel Aware": false,"Async Capable": false,"Startup Cost": 2.40,"Total Cost": 2.40,"Plan Rows": 1,"Plan Width": 108,"Actual Startup Time": 0.151,"Actual Total Time": 0.168,"Actual Rows": 5,"Actual Loops": 3,"Hash Buckets": 1024,"Original Hash Buckets": 1024,"Hash Batches": 1,"Original Hash Batches": 1,"Peak Memory Usage": 9,"Workers": [],"Plans": [{"Node Type": "Hash Join","Parent Relationship": "Outer","Parallel Aware": false,"Async Capable": false,"Join Type": "Inner","Startup Cost": 1.07,"Total Cost": 2.40,"Plan Rows": 1,"Plan Width": 108,"Actual Startup Time": 0.138,"Actual Total Time": 0.159,"Actual Rows": 5,"Actual Loops": 3,"Inner Unique": true,"Hash Cond": "(nation.n_regionkey = region.r_regionkey)","Workers": [],"Plans": [{"Node Type": "Seq Scan","Parent Relationship": "Outer","Parallel Aware": false,"Async Capable": false,"Relation Name": "nation","Alias": "nation","Startup Cost": 0.00,"Total Cost": 1.25,"Plan Rows": 25,"Plan Width": 112,"Actual Startup Time": 0.050,"Actual Total Time": 0.055,"Actual Rows": 25,"Actual Loops": 3,"Workers": []},{"Node Type": "Hash","Parent Relationship": "Inner","Parallel Aware": false,"Async Capable": false,"Startup Cost": 1.06,"Total Cost": 1.06,"Plan Rows": 1,"Plan Width": 4,"Actual Startup Time": 0.059,"Actual Total Time": 0.064,"Actual Rows": 1,"Actual Loops": 3,"Hash Buckets": 1024,"Original Hash Buckets": 1024,"Hash Batches": 1,"Original Hash Batches": 1,"Peak Memory Usage": 9,"Workers": [],"Plans": [{"Node Type": "Seq Scan","Parent Relationship": "Outer","Parallel Aware": false,"Async Capable": false,"Relation Name": "region","Alias": "region","Startup Cost": 0.00,"Total Cost": 1.06,"Plan Rows": 1,"Plan Width": 4,"Actual Startup Time": 0.043,"Actual Total Time": 0.045,"Actual Rows": 1,"Actual Loops": 3,"Filter": "(r_name = 'EUROPE'::bpchar)","Rows Removed by Filter": 4,"Workers": []}]}]}]}]},{"Node Type": "Index Scan","Parent Relationship": "Inner","Parallel Aware": false,"Async Capable": false,"Scan Direction": "Forward","Index Name": "idx_orders_custkey","Relation Name": "orders","Alias": "orders","Startup Cost": 0.43,"Total Cost": 1.55,"Plan Rows": 3,"Plan Width": 8,"Actual Startup Time": 0.017,"Actual Total Time": 0.040,"Actual Rows": 2,"Actual Loops": 30197,"Index Cond": "(o_custkey = customer.c_custkey)","Rows Removed by Index Recheck": 0,"Filter": "((o_orderdate >= '1994-01-01'::date) AND (o_orderdate < '1995-01-01 00:00:00'::timestamp without time zone))","Rows Removed by Filter": 9,"Workers": []}]},{"Node Type": "Index Scan","Parent Relationship": "Inner","Parallel Aware": false,"Async Capable": false,"Scan Direction": "Forward","Index Name": "idx_lineitem_orderkey","Relation Name": "lineitem","Alias": "lineitem","Startup Cost": 0.43,"Total Cost": 2.84,"Plan Rows": 17,"Plan Width": 20,"Actual Startup Time": 0.017,"Actual Total Time": 0.019,"Actual Rows": 4,"Actual Loops": 46093,"Index Cond": "(l_orderkey = orders.o_orderkey)","Rows Removed by Index Recheck": 0,"Workers": []}]},{"Node Type": "Hash","Parent Relationship": "Inner","Parallel Aware": false,"Async Capable": false,"Startup Cost": 322.00,"Total Cost": 322.00,"Plan Rows": 10000,"Plan Width": 8,"Actual Startup Time": 10.479,"Actual Total Time": 10.484,"Actual Rows": 10000,"Actual Loops": 3,"Hash Buckets": 16384,"Original Hash Buckets": 16384,"Hash Batches": 1,"Original Hash Batches": 1,"Peak Memory Usage": 519,"Workers": [],"Plans": [{"Node Type": "Seq Scan","Parent Relationship": "Outer","Parallel Aware": false,"Async Capable": false,"Relation Name": "supplier","Alias": "supplier","Startup Cost": 0.00,"Total Cost": 322.00,"Plan Rows": 10000,"Plan Width": 8,"Actual Startup Time": 0.042,"Actual Total Time": 8.711,"Actual Rows": 10000,"Actual Loops": 3,"Workers": []}]}]}]}]}]}]}]},"Planning Time": 9.647,"Triggers": [],"Execution Time": 867.883}]
[{"Plan": {"Node Type": "Sort","Parallel Aware": false,"Async Capable": false,"Startup Cost": 21565.81,"Total Cost": 21565.87,"Plan Rows": 25,"Plan Width": 136,"Actual Startup Time": 833.811,"Actual Total Time": 865.523,"Actual Rows": 5,"Actual Loops": 1,"Sort Key": ["(sum((lineitem.l_extendedprice * ('1'::numeric - lineitem.l_discount)))) DESC"],"Sort Method": "quicksort","Sort Space Used": 25,"Sort Space Type": "Memory","Plans": [{"Node Type": "Aggregate","Strategy": "Sorted","Partial Mode": "Finalize","Parent Relationship": "Outer","Parallel Aware": false,"Async Capable": false,"Startup Cost": 21550.86,"Total Cost": 21565.23,"Plan Rows": 25,"Plan Width": 136,"Actual Startup Time": 833.271,"Actual Total Time": 865.478,"Actual Rows": 5,"Actual Loops": 1,"Group Key": ["nation.n_name"],"Plans": [{"Node Type": "Gather Merge","Parent Relationship": "Outer","Parallel Aware": false,"Async Capable": false,"Startup Cost": 21550.86,"Total Cost": 21564.54,"Plan Rows": 50,"Plan Width": 136,"Actual Startup Time": 833.025,"Actual Total Time": 865.435,"Actual Rows": 15,"Actual Loops": 1,"Workers Planned": 2,"Workers Launched": 2,"Plans": [{"Node Type": "Aggregate","Strategy": "Sorted","Partial Mode": "Partial","Parent Relationship": "Outer","Parallel Aware": false,"Async Capable": false,"Startup Cost": 20550.84,"Total Cost": 20558.75,"Plan Rows": 25,"Plan Width": 136,"Actual Startup Time": 825.546,"Actual Total Time": 826.255,"Actual Rows": 5,"Actual Loops": 3,"Group Key": ["nation.n_name"],"Workers": [],"Plans": [{"Node Type": "Sort","Parent Relationship": "Outer","Parallel Aware": false,"Async Capable": false,"Startup Cost": 20550.84,"Total Cost": 20552.36,"Plan Rows": 608,"Plan Width": 116,"Actual Startup Time": 825.323,"Actual Total Time": 825.450,"Actual Rows": 2415,"Actual Loops": 3,"Sort Key": ["nation.n_name"],"Sort Method": "quicksort","Sort Space Used": 281,"Sort Space Type": "Memory","Workers": [{"Worker Number": 0,"Sort Method": "quicksort","Sort Space Used": 286,"Sort Space Type": "Memory"},{"Worker Number": 1,"Sort Method": "quicksort","Sort Space Used": 289,"Sort Space Type": "Memory"}],"Plans": [{"Node Type": "Hash Join","Parent Relationship": "Outer","Parallel Aware": false,"Async Capable": false,"Join Type": "Inner","Startup Cost": 475.27,"Total Cost": 20522.72,"Plan Rows": 608,"Plan Width": 116,"Actual Startup Time": 12.893,"Actual Total Time": 823.841,"Actual Rows": 2415,"Actual Loops": 3,"Inner Unique": true,"Hash Cond": "((lineitem.l_suppkey = supplier.s_suppkey) AND (customer.c_nationkey = supplier.s_nationkey))","Workers": [],"Plans": [{"Node Type": "Nested Loop","Parent Relationship": "Outer","Parallel Aware": false,"Async Capable": false,"Join Type": "Inner","Startup Cost": 3.27,"Total Cost": 19970.84,"Plan Rows": 15215,"Plan Width": 128,"Actual Startup Time": 0.809,"Actual Total Time": 777.035,"Actual Rows": 60714,"Actual Loops": 3,"Inner Unique": false,"Workers": [],"Plans": [{"Node Type": "Nested Loop","Parent Relationship": "Outer","Parallel Aware": false,"Async Capable": false,"Join Type": "Inner","Startup Cost": 2.84,"Total Cost": 8414.26,"Plan Rows": 3803,"Plan Width": 116,"Actual Startup Time": 0.660,"Actual Total Time": 471.667,"Actual Rows": 15226,"Actual Loops": 3,"Inner Unique": false,"Workers": [],"Plans": [{"Node Type": "Hash Join","Parent Relationship": "Outer","Parallel Aware": false,"Async Capable": false,"Join Type": "Inner","Startup Cost": 2.41,"Total Cost": 4471.79,"Plan Rows": 2500,"Plan Width": 116,"Actual Startup Time": 0.276,"Actual Total Time": 59.829,"Actual Rows": 10066,"Actual Loops": 3,"Inner Unique": false,"Hash Cond": "(customer.c_nationkey = nation.n_nationkey)","Workers": [],"Plans": [{"Node Type": "Seq Scan","Parent Relationship": "Outer","Parallel Aware": true,"Async Capable": false,"Relation Name": "customer","Alias": "customer","Startup Cost": 0.00,"Total Cost": 4210.00,"Plan Rows": 62500,"Plan Width": 8,"Actual Startup Time": 0.021,"Actual Total Time": 10.083,"Actual Rows": 50000,"Actual Loops": 3,"Workers": []},{"Node Type": "Hash","Parent Relationship": "Inner","Parallel Aware": false,"Async Capable": false,"Startup Cost": 2.40,"Total Cost": 2.40,"Plan Rows": 1,"Plan Width": 108,"Actual Startup Time": 0.154,"Actual Total Time": 0.171,"Actual Rows": 5,"Actual Loops": 3,"Hash Buckets": 1024,"Original Hash Buckets": 1024,"Hash Batches": 1,"Original Hash Batches": 1,"Peak Memory Usage": 9,"Workers": [],"Plans": [{"Node Type": "Hash Join","Parent Relationship": "Outer","Parallel Aware": false,"Async Capable": false,"Join Type": "Inner","Startup Cost": 1.07,"Total Cost": 2.40,"Plan Rows": 1,"Plan Width": 108,"Actual Startup Time": 0.139,"Actual Total Time": 0.162,"Actual Rows": 5,"Actual Loops": 3,"Inner Unique": true,"Hash Cond": "(nation.n_regionkey = region.r_regionkey)","Workers": [],"Plans": [{"Node Type": "Seq Scan","Parent Relationship": "Outer","Parallel Aware": false,"Async Capable": false,"Relation Name": "nation","Alias": "nation","Startup Cost": 0.00,"Total Cost": 1.25,"Plan Rows": 25,"Plan Width": 112,"Actual Startup Time": 0.051,"Actual Total Time": 0.055,"Actual Rows": 25,"Actual Loops": 3,"Workers": []},{"Node Type": "Hash","Parent Relationship": "Inner","Parallel Aware": false,"Async Capable": false,"Startup Cost": 1.06,"Total Cost": 1.06,"Plan Rows": 1,"Plan Width": 4,"Actual Startup Time": 0.057,"Actual Total Time": 0.063,"Actual Rows": 1,"Actual Loops": 3,"Hash Buckets": 1024,"Original Hash Buckets": 1024,"Hash Batches": 1,"Original Hash Batches": 1,"Peak Memory Usage": 9,"Workers": [],"Plans": [{"Node Type": "Seq Scan","Parent Relationship": "Outer","Parallel Aware": false,"Async Capable": false,"Relation Name": "region","Alias": "region","Startup Cost": 0.00,"Total Cost": 1.06,"Plan Rows": 1,"Plan Width": 4,"Actual Startup Time": 0.043,"Actual Total Time": 0.045,"Actual Rows": 1,"Actual Loops": 3,"Filter": "(r_name = 'EUROPE'::bpchar)","Rows Removed by Filter": 4,"Workers": []}]}]}]}]},{"Node Type": "Index Scan","Parent Relationship": "Inner","Parallel Aware": false,"Async Capable": false,"Scan Direction": "Forward","Index Name": "idx_orders_custkey","Relation Name": "orders","Alias": "orders","Startup Cost": 0.43,"Total Cost": 1.55,"Plan Rows": 3,"Plan Width": 8,"Actual Startup Time": 0.017,"Actual Total Time": 0.041,"Actual Rows": 2,"Actual Loops": 30197,"Index Cond": "(o_custkey = customer.c_custkey)","Rows Removed by Index Recheck": 0,"Filter": "((o_orderdate >= '1997-01-01'::date) AND (o_orderdate < '1998-01-01 00:00:00'::timestamp without time zone))","Rows Removed by Filter": 9,"Workers": []}]},{"Node Type": "Index Scan","Parent Relationship": "Inner","Parallel Aware": false,"Async Capable": false,"Scan Direction": "Forward","Index Name": "idx_lineitem_orderkey","Relation Name": "lineitem","Alias": "lineitem","Startup Cost": 0.43,"Total Cost": 2.87,"Plan Rows": 17,"Plan Width": 20,"Actual Startup Time": 0.017,"Actual Total Time": 0.019,"Actual Rows": 4,"Actual Loops": 45677,"Index Cond": "(l_orderkey = orders.o_orderkey)","Rows Removed by Index Recheck": 0,"Workers": []}]},{"Node Type": "Hash","Parent Relationship": "Inner","Parallel Aware": false,"Async Capable": false,"Startup Cost": 322.00,"Total Cost": 322.00,"Plan Rows": 10000,"Plan Width": 8,"Actual Startup Time": 11.560,"Actual Total Time": 11.566,"Actual Rows": 10000,"Actual Loops": 3,"Hash Buckets": 16384,"Original Hash Buckets": 16384,"Hash Batches": 1,"Original Hash Batches": 1,"Peak Memory Usage": 519,"Workers": [],"Plans": [{"Node Type": "Seq Scan","Parent Relationship": "Outer","Parallel Aware": false,"Async Capable": false,"Relation Name": "supplier","Alias": "supplier","Startup Cost": 0.00,"Total Cost": 322.00,"Plan Rows": 10000,"Plan Width": 8,"Actual Startup Time": 0.053,"Actual Total Time": 9.758,"Actual Rows": 10000,"Actual Loops": 3,"Workers": []}]}]}]}]}]}]}]},"Planning Time": 11.054,"Triggers": [],"Execution Time": 866.075}]
[{"Plan": {"Node Type": "Sort","Parallel Aware": false,"Async Capable": false,"Startup Cost": 21522.30,"Total Cost": 21522.36,"Plan Rows": 25,"Plan Width": 136,"Actual Startup Time": 808.723,"Actual Total Time": 839.996,"Actual Rows": 5,"Actual Loops": 1,"Sort Key": ["(sum((lineitem.l_extendedprice * ('1'::numeric - lineitem.l_discount)))) DESC"],"Sort Method": "quicksort","Sort Space Used": 25,"Sort Space Type": "Memory","Plans": [{"Node Type": "Aggregate","Strategy": "Sorted","Partial Mode": "Finalize","Parent Relationship": "Outer","Parallel Aware": false,"Async Capable": false,"Startup Cost": 21507.43,"Total Cost": 21521.72,"Plan Rows": 25,"Plan Width": 136,"Actual Startup Time": 808.168,"Actual Total Time": 839.947,"Actual Rows": 5,"Actual Loops": 1,"Group Key": ["nation.n_name"],"Plans": [{"Node Type": "Gather Merge","Parent Relationship": "Outer","Parallel Aware": false,"Async Capable": false,"Startup Cost": 21507.43,"Total Cost": 21521.03,"Plan Rows": 50,"Plan Width": 136,"Actual Startup Time": 807.495,"Actual Total Time": 839.892,"Actual Rows": 15,"Actual Loops": 1,"Workers Planned": 2,"Workers Launched": 2,"Plans": [{"Node Type": "Aggregate","Strategy": "Sorted","Partial Mode": "Partial","Parent Relationship": "Outer","Parallel Aware": false,"Async Capable": false,"Startup Cost": 20507.41,"Total Cost": 20515.23,"Plan Rows": 25,"Plan Width": 136,"Actual Startup Time": 799.534,"Actual Total Time": 800.383,"Actual Rows": 5,"Actual Loops": 3,"Group Key": ["nation.n_name"],"Workers": [],"Plans": [{"Node Type": "Sort","Parent Relationship": "Outer","Parallel Aware": false,"Async Capable": false,"Startup Cost": 20507.41,"Total Cost": 20508.91,"Plan Rows": 601,"Plan Width": 116,"Actual Startup Time": 799.319,"Actual Total Time": 799.466,"Actual Rows": 2431,"Actual Loops": 3,"Sort Key": ["nation.n_name"],"Sort Method": "quicksort","Sort Space Used": 290,"Sort Space Type": "Memory","Workers": [{"Worker Number": 0,"Sort Method": "quicksort","Sort Space Used": 286,"Sort Space Type": "Memory"},{"Worker Number": 1,"Sort Method": "quicksort","Sort Space Used": 283,"Sort Space Type": "Memory"}],"Plans": [{"Node Type": "Hash Join","Parent Relationship": "Outer","Parallel Aware": false,"Async Capable": false,"Join Type": "Inner","Startup Cost": 475.27,"Total Cost": 20479.67,"Plan Rows": 601,"Plan Width": 116,"Actual Startup Time": 15.141,"Actual Total Time": 797.817,"Actual Rows": 2431,"Actual Loops": 3,"Inner Unique": true,"Hash Cond": "((lineitem.l_suppkey = supplier.s_suppkey) AND (customer.c_nationkey = supplier.s_nationkey))","Workers": [],"Plans": [{"Node Type": "Nested Loop","Parent Relationship": "Outer","Parallel Aware": false,"Async Capable": false,"Join Type": "Inner","Startup Cost": 3.27,"Total Cost": 19928.78,"Plan Rows": 15027,"Plan Width": 128,"Actual Startup Time": 0.731,"Actual Total Time": 752.135,"Actual Rows": 59947,"Actual Loops": 3,"Inner Unique": false,"Workers": [],"Plans": [{"Node Type": "Nested Loop","Parent Relationship": "Outer","Parallel Aware": false,"Async Capable": false,"Join Type": "Inner","Startup Cost": 2.84,"Total Cost": 8414.26,"Plan Rows": 3756,"Plan Width": 116,"Actual Startup Time": 0.592,"Actual Total Time": 450.459,"Actual Rows": 14972,"Actual Loops": 3,"Inner Unique": false,"Workers": [],"Plans": [{"Node Type": "Hash Join","Parent Relationship": "Outer","Parallel Aware": false,"Async Capable": false,"Join Type": "Inner","Startup Cost": 2.41,"Total Cost": 4471.79,"Plan Rows": 2500,"Plan Width": 116,"Actual Startup Time": 0.291,"Actual Total Time": 55.680,"Actual Rows": 9968,"Actual Loops": 3,"Inner Unique": false,"Hash Cond": "(customer.c_nationkey = nation.n_nationkey)","Workers": [],"Plans": [{"Node Type": "Seq Scan","Parent Relationship": "Outer","Parallel Aware": true,"Async Capable": false,"Relation Name": "customer","Alias": "customer","Startup Cost": 0.00,"Total Cost": 4210.00,"Plan Rows": 62500,"Plan Width": 8,"Actual Startup Time": 0.021,"Actual Total Time": 9.583,"Actual Rows": 50000,"Actual Loops": 3,"Workers": []},{"Node Type": "Hash","Parent Relationship": "Inner","Parallel Aware": false,"Async Capable": false,"Startup Cost": 2.40,"Total Cost": 2.40,"Plan Rows": 1,"Plan Width": 108,"Actual Startup Time": 0.165,"Actual Total Time": 0.187,"Actual Rows": 5,"Actual Loops": 3,"Hash Buckets": 1024,"Original Hash Buckets": 1024,"Hash Batches": 1,"Original Hash Batches": 1,"Peak Memory Usage": 9,"Workers": [],"Plans": [{"Node Type": "Hash Join","Parent Relationship": "Outer","Parallel Aware": false,"Async Capable": false,"Join Type": "Inner","Startup Cost": 1.07,"Total Cost": 2.40,"Plan Rows": 1,"Plan Width": 108,"Actual Startup Time": 0.151,"Actual Total Time": 0.177,"Actual Rows": 5,"Actual Loops": 3,"Inner Unique": true,"Hash Cond": "(nation.n_regionkey = region.r_regionkey)","Workers": [],"Plans": [{"Node Type": "Seq Scan","Parent Relationship": "Outer","Parallel Aware": false,"Async Capable": false,"Relation Name": "nation","Alias": "nation","Startup Cost": 0.00,"Total Cost": 1.25,"Plan Rows": 25,"Plan Width": 112,"Actual Startup Time": 0.067,"Actual Total Time": 0.072,"Actual Rows": 25,"Actual Loops": 3,"Workers": []},{"Node Type": "Hash","Parent Relationship": "Inner","Parallel Aware": false,"Async Capable": false,"Startup Cost": 1.06,"Total Cost": 1.06,"Plan Rows": 1,"Plan Width": 4,"Actual Startup Time": 0.055,"Actual Total Time": 0.063,"Actual Rows": 1,"Actual Loops": 3,"Hash Buckets": 1024,"Original Hash Buckets": 1024,"Hash Batches": 1,"Original Hash Batches": 1,"Peak Memory Usage": 9,"Workers": [],"Plans": [{"Node Type": "Seq Scan","Parent Relationship": "Outer","Parallel Aware": false,"Async Capable": false,"Relation Name": "region","Alias": "region","Startup Cost": 0.00,"Total Cost": 1.06,"Plan Rows": 1,"Plan Width": 4,"Actual Startup Time": 0.042,"Actual Total Time": 0.044,"Actual Rows": 1,"Actual Loops": 3,"Filter": "(r_name = 'MIDDLE EAST'::bpchar)","Rows Removed by Filter": 4,"Workers": []}]}]}]}]},{"Node Type": "Index Scan","Parent Relationship": "Inner","Parallel Aware": false,"Async Capable": false,"Scan Direction": "Forward","Index Name": "idx_orders_custkey","Relation Name": "orders","Alias": "orders","Startup Cost": 0.43,"Total Cost": 1.55,"Plan Rows": 3,"Plan Width": 8,"Actual Startup Time": 0.017,"Actual Total Time": 0.039,"Actual Rows": 2,"Actual Loops": 29904,"Index Cond": "(o_custkey = customer.c_custkey)","Rows Removed by Index Recheck": 0,"Filter": "((o_orderdate >= '1993-01-01'::date) AND (o_orderdate < '1994-01-01 00:00:00'::timestamp without time zone))","Rows Removed by Filter": 8,"Workers": []}]},{"Node Type": "Index Scan","Parent Relationship": "Inner","Parallel Aware": false,"Async Capable": false,"Scan Direction": "Forward","Index Name": "idx_lineitem_orderkey","Relation Name": "lineitem","Alias": "lineitem","Startup Cost": 0.43,"Total Cost": 2.90,"Plan Rows": 17,"Plan Width": 20,"Actual Startup Time": 0.017,"Actual Total Time": 0.019,"Actual Rows": 4,"Actual Loops": 44917,"Index Cond": "(l_orderkey = orders.o_orderkey)","Rows Removed by Index Recheck": 0,"Workers": []}]},{"Node Type": "Hash","Parent Relationship": "Inner","Parallel Aware": false,"Async Capable": false,"Startup Cost": 322.00,"Total Cost": 322.00,"Plan Rows": 10000,"Plan Width": 8,"Actual Startup Time": 13.351,"Actual Total Time": 13.355,"Actual Rows": 10000,"Actual Loops": 3,"Hash Buckets": 16384,"Original Hash Buckets": 16384,"Hash Batches": 1,"Original Hash Batches": 1,"Peak Memory Usage": 519,"Workers": [],"Plans": [{"Node Type": "Seq Scan","Parent Relationship": "Outer","Parallel Aware": false,"Async Capable": false,"Relation Name": "supplier","Alias": "supplier","Startup Cost": 0.00,"Total Cost": 322.00,"Plan Rows": 10000,"Plan Width": 8,"Actual Startup Time": 0.056,"Actual Total Time": 11.541,"Actual Rows": 10000,"Actual Loops": 3,"Workers": []}]}]}]}]}]}]}]},"Planning Time": 9.915,"Triggers": [],"Execution Time": 840.541}]
[{"Plan": {"Node Type": "Sort","Parallel Aware": false,"Async Capable": false,"Startup Cost": 21565.24,"Total Cost": 21565.30,"Plan Rows": 25,"Plan Width": 136,"Actual Startup Time": 812.920,"Actual Total Time": 845.337,"Actual Rows": 5,"Actual Loops": 1,"Sort Key": ["(sum((lineitem.l_extendedprice * ('1'::numeric - lineitem.l_discount)))) DESC"],"Sort Method": "quicksort","Sort Space Used": 25,"Sort Space Type": "Memory","Plans": [{"Node Type": "Aggregate","Strategy": "Sorted","Partial Mode": "Finalize","Parent Relationship": "Outer","Parallel Aware": false,"Async Capable": false,"Startup Cost": 21550.29,"Total Cost": 21564.66,"Plan Rows": 25,"Plan Width": 136,"Actual Startup Time": 812.284,"Actual Total Time": 845.271,"Actual Rows": 5,"Actual Loops": 1,"Group Key": ["nation.n_name"],"Plans": [{"Node Type": "Gather Merge","Parent Relationship": "Outer","Parallel Aware": false,"Async Capable": false,"Startup Cost": 21550.29,"Total Cost": 21563.97,"Plan Rows": 50,"Plan Width": 136,"Actual Startup Time": 812.043,"Actual Total Time": 845.216,"Actual Rows": 15,"Actual Loops": 1,"Workers Planned": 2,"Workers Launched": 2,"Plans": [{"Node Type": "Aggregate","Strategy": "Sorted","Partial Mode": "Partial","Parent Relationship": "Outer","Parallel Aware": false,"Async Capable": false,"Startup Cost": 20550.26,"Total Cost": 20558.18,"Plan Rows": 25,"Plan Width": 136,"Actual Startup Time": 804.529,"Actual Total Time": 805.274,"Actual Rows": 5,"Actual Loops": 3,"Group Key": ["nation.n_name"],"Workers": [],"Plans": [{"Node Type": "Sort","Parent Relationship": "Outer","Parallel Aware": false,"Async Capable": false,"Startup Cost": 20550.26,"Total Cost": 20551.78,"Plan Rows": 608,"Plan Width": 116,"Actual Startup Time": 804.312,"Actual Total Time": 804.451,"Actual Rows": 2459,"Actual Loops": 3,"Sort Key": ["nation.n_name"],"Sort Method": "quicksort","Sort Space Used": 291,"Sort Space Type": "Memory","Workers": [{"Worker Number": 0,"Sort Method": "quicksort","Sort Space Used": 281,"Sort Space Type": "Memory"},{"Worker Number": 1,"Sort Method": "quicksort","Sort Space Used": 294,"Sort Space Type": "Memory"}],"Plans": [{"Node Type": "Hash Join","Parent Relationship": "Outer","Parallel Aware": false,"Async Capable": false,"Join Type": "Inner","Startup Cost": 475.27,"Total Cost": 20522.15,"Plan Rows": 608,"Plan Width": 116,"Actual Startup Time": 9.963,"Actual Total Time": 802.770,"Actual Rows": 2459,"Actual Loops": 3,"Inner Unique": true,"Hash Cond": "((lineitem.l_suppkey = supplier.s_suppkey) AND (customer.c_nationkey = supplier.s_nationkey))","Workers": [],"Plans": [{"Node Type": "Nested Loop","Parent Relationship": "Outer","Parallel Aware": false,"Async Capable": false,"Join Type": "Inner","Startup Cost": 3.27,"Total Cost": 19970.29,"Plan Rows": 15211,"Plan Width": 128,"Actual Startup Time": 0.726,"Actual Total Time": 761.226,"Actual Rows": 61195,"Actual Loops": 3,"Inner Unique": false,"Workers": [],"Plans": [{"Node Type": "Nested Loop","Parent Relationship": "Outer","Parallel Aware": false,"Async Capable": false,"Join Type": "Inner","Startup Cost": 2.84,"Total Cost": 8414.26,"Plan Rows": 3802,"Plan Width": 116,"Actual Startup Time": 0.590,"Actual Total Time": 455.580,"Actual Rows": 15244,"Actual Loops": 3,"Inner Unique": false,"Workers": [],"Plans": [{"Node Type": "Hash Join","Parent Relationship": "Outer","Parallel Aware": false,"Async Capable": false,"Join Type": "Inner","Startup Cost": 2.41,"Total Cost": 4471.79,"Plan Rows": 2500,"Plan Width": 116,"Actual Startup Time": 0.294,"Actual Total Time": 55.676,"Actual Rows": 10061,"Actual Loops": 3,"Inner Unique": false,"Hash Cond": "(customer.c_nationkey = nation.n_nationkey)","Workers": [],"Plans": [{"Node Type": "Seq Scan","Parent Relationship": "Outer","Parallel Aware": true,"Async Capable": false,"Relation Name": "customer","Alias": "customer","Startup Cost": 0.00,"Total Cost": 4210.00,"Plan Rows": 62500,"Plan Width": 8,"Actual Startup Time": 0.018,"Actual Total Time": 9.635,"Actual Rows": 50000,"Actual Loops": 3,"Workers": []},{"Node Type": "Hash","Parent Relationship": "Inner","Parallel Aware": false,"Async Capable": false,"Startup Cost": 2.40,"Total Cost": 2.40,"Plan Rows": 1,"Plan Width": 108,"Actual Startup Time": 0.169,"Actual Total Time": 0.188,"Actual Rows": 5,"Actual Loops": 3,"Hash Buckets": 1024,"Original Hash Buckets": 1024,"Hash Batches": 1,"Original Hash Batches": 1,"Peak Memory Usage": 9,"Workers": [],"Plans": [{"Node Type": "Hash Join","Parent Relationship": "Outer","Parallel Aware": false,"Async Capable": false,"Join Type": "Inner","Startup Cost": 1.07,"Total Cost": 2.40,"Plan Rows": 1,"Plan Width": 108,"Actual Startup Time": 0.153,"Actual Total Time": 0.175,"Actual Rows": 5,"Actual Loops": 3,"Inner Unique": true,"Hash Cond": "(nation.n_regionkey = region.r_regionkey)","Workers": [],"Plans": [{"Node Type": "Seq Scan","Parent Relationship": "Outer","Parallel Aware": false,"Async Capable": false,"Relation Name": "nation","Alias": "nation","Startup Cost": 0.00,"Total Cost": 1.25,"Plan Rows": 25,"Plan Width": 112,"Actual Startup Time": 0.049,"Actual Total Time": 0.052,"Actual Rows": 25,"Actual Loops": 3,"Workers": []},{"Node Type": "Hash","Parent Relationship": "Inner","Parallel Aware": false,"Async Capable": false,"Startup Cost": 1.06,"Total Cost": 1.06,"Plan Rows": 1,"Plan Width": 4,"Actual Startup Time": 0.069,"Actual Total Time": 0.076,"Actual Rows": 1,"Actual Loops": 3,"Hash Buckets": 1024,"Original Hash Buckets": 1024,"Hash Batches": 1,"Original Hash Batches": 1,"Peak Memory Usage": 9,"Workers": [],"Plans": [{"Node Type": "Seq Scan","Parent Relationship": "Outer","Parallel Aware": false,"Async Capable": false,"Relation Name": "region","Alias": "region","Startup Cost": 0.00,"Total Cost": 1.06,"Plan Rows": 1,"Plan Width": 4,"Actual Startup Time": 0.054,"Actual Total Time": 0.057,"Actual Rows": 1,"Actual Loops": 3,"Filter": "(r_name = 'ASIA'::bpchar)","Rows Removed by Filter": 4,"Workers": []}]}]}]}]},{"Node Type": "Index Scan","Parent Relationship": "Inner","Parallel Aware": false,"Async Capable": false,"Scan Direction": "Forward","Index Name": "idx_orders_custkey","Relation Name": "orders","Alias": "orders","Startup Cost": 0.43,"Total Cost": 1.55,"Plan Rows": 3,"Plan Width": 8,"Actual Startup Time": 0.017,"Actual Total Time": 0.039,"Actual Rows": 2,"Actual Loops": 30183,"Index Cond": "(o_custkey = customer.c_custkey)","Rows Removed by Index Recheck": 0,"Filter": "((o_orderdate >= '1995-01-01'::date) AND (o_orderdate < '1996-01-01 00:00:00'::timestamp without time zone))","Rows Removed by Filter": 8,"Workers": []}]},{"Node Type": "Index Scan","Parent Relationship": "Inner","Parallel Aware": false,"Async Capable": false,"Scan Direction": "Forward","Index Name": "idx_lineitem_orderkey","Relation Name": "lineitem","Alias": "lineitem","Startup Cost": 0.43,"Total Cost": 2.87,"Plan Rows": 17,"Plan Width": 20,"Actual Startup Time": 0.017,"Actual Total Time": 0.019,"Actual Rows": 4,"Actual Loops": 45731,"Index Cond": "(l_orderkey = orders.o_orderkey)","Rows Removed by Index Recheck": 0,"Workers": []}]},{"Node Type": "Hash","Parent Relationship": "Inner","Parallel Aware": false,"Async Capable": false,"Startup Cost": 322.00,"Total Cost": 322.00,"Plan Rows": 10000,"Plan Width": 8,"Actual Startup Time": 8.662,"Actual Total Time": 8.670,"Actual Rows": 10000,"Actual Loops": 3,"Hash Buckets": 16384,"Original Hash Buckets": 16384,"Hash Batches": 1,"Original Hash Batches": 1,"Peak Memory Usage": 519,"Workers": [],"Plans": [{"Node Type": "Seq Scan","Parent Relationship": "Outer","Parallel Aware": false,"Async Capable": false,"Relation Name": "supplier","Alias": "supplier","Startup Cost": 0.00,"Total Cost": 322.00,"Plan Rows": 10000,"Plan Width": 8,"Actual Startup Time": 0.038,"Actual Total Time": 6.811,"Actual Rows": 10000,"Actual Loops": 3,"Workers": []}]}]}]}]}]}]}]},"Planning Time": 10.579,"Triggers": [],"Execution Time": 845.911}]
[{"Plan": {"Node Type": "Sort","Parallel Aware": false,"Async Capable": false,"Startup Cost": 21565.24,"Total Cost": 21565.30,"Plan Rows": 25,"Plan Width": 136,"Actual Startup Time": 797.386,"Actual Total Time": 830.222,"Actual Rows": 5,"Actual Loops": 1,"Sort Key": ["(sum((lineitem.l_extendedprice * ('1'::numeric - lineitem.l_discount)))) DESC"],"Sort Method": "quicksort","Sort Space Used": 25,"Sort Space Type": "Memory","Plans": [{"Node Type": "Aggregate","Strategy": "Sorted","Partial Mode": "Finalize","Parent Relationship": "Outer","Parallel Aware": false,"Async Capable": false,"Startup Cost": 21550.29,"Total Cost": 21564.66,"Plan Rows": 25,"Plan Width": 136,"Actual Startup Time": 796.761,"Actual Total Time": 830.172,"Actual Rows": 5,"Actual Loops": 1,"Group Key": ["nation.n_name"],"Plans": [{"Node Type": "Gather Merge","Parent Relationship": "Outer","Parallel Aware": false,"Async Capable": false,"Startup Cost": 21550.29,"Total Cost": 21563.97,"Plan Rows": 50,"Plan Width": 136,"Actual Startup Time": 796.547,"Actual Total Time": 830.110,"Actual Rows": 15,"Actual Loops": 1,"Workers Planned": 2,"Workers Launched": 2,"Plans": [{"Node Type": "Aggregate","Strategy": "Sorted","Partial Mode": "Partial","Parent Relationship": "Outer","Parallel Aware": false,"Async Capable": false,"Startup Cost": 20550.26,"Total Cost": 20558.18,"Plan Rows": 25,"Plan Width": 136,"Actual Startup Time": 788.895,"Actual Total Time": 789.783,"Actual Rows": 5,"Actual Loops": 3,"Group Key": ["nation.n_name"],"Workers": [],"Plans": [{"Node Type": "Sort","Parent Relationship": "Outer","Parallel Aware": false,"Async Capable": false,"Startup Cost": 20550.26,"Total Cost": 20551.78,"Plan Rows": 608,"Plan Width": 116,"Actual Startup Time": 788.664,"Actual Total Time": 788.842,"Actual Rows": 2456,"Actual Loops": 3,"Sort Key": ["nation.n_name"],"Sort Method": "quicksort","Sort Space Used": 291,"Sort Space Type": "Memory","Workers": [{"Worker Number": 0,"Sort Method": "quicksort","Sort Space Used": 279,"Sort Space Type": "Memory"},{"Worker Number": 1,"Sort Method": "quicksort","Sort Space Used": 295,"Sort Space Type": "Memory"}],"Plans": [{"Node Type": "Hash Join","Parent Relationship": "Outer","Parallel Aware": false,"Async Capable": false,"Join Type": "Inner","Startup Cost": 475.27,"Total Cost": 20522.15,"Plan Rows": 608,"Plan Width": 116,"Actual Startup Time": 10.168,"Actual Total Time": 787.209,"Actual Rows": 2456,"Actual Loops": 3,"Inner Unique": true,"Hash Cond": "((lineitem.l_suppkey = supplier.s_suppkey) AND (customer.c_nationkey = supplier.s_nationkey))","Workers": [],"Plans": [{"Node Type": "Nested Loop","Parent Relationship": "Outer","Parallel Aware": false,"Async Capable": false,"Join Type": "Inner","Startup Cost": 3.27,"Total Cost": 19970.29,"Plan Rows": 15211,"Plan Width": 128,"Actual Startup Time": 0.661,"Actual Total Time": 744.432,"Actual Rows": 60955,"Actual Loops": 3,"Inner Unique": false,"Workers": [],"Plans": [{"Node Type": "Nested Loop","Parent Relationship": "Outer","Parallel Aware": false,"Async Capable": false,"Join Type": "Inner","Startup Cost": 2.84,"Total Cost": 8414.26,"Plan Rows": 3802,"Plan Width": 116,"Actual Startup Time": 0.532,"Actual Total Time": 444.261,"Actual Rows": 15210,"Actual Loops": 3,"Inner Unique": false,"Workers": [],"Plans": [{"Node Type": "Hash Join","Parent Relationship": "Outer","Parallel Aware": false,"Async Capable": false,"Join Type": "Inner","Startup Cost": 2.41,"Total Cost": 4471.79,"Plan Rows": 2500,"Plan Width": 116,"Actual Startup Time": 0.249,"Actual Total Time": 53.241,"Actual Rows": 9984,"Actual Loops": 3,"Inner Unique": false,"Hash Cond": "(customer.c_nationkey = nation.n_nationkey)","Workers": [],"Plans": [{"Node Type": "Seq Scan","Parent Relationship": "Outer","Parallel Aware": true,"Async Capable": false,"Relation Name": "customer","Alias": "customer","Startup Cost": 0.00,"Total Cost": 4210.00,"Plan Rows": 62500,"Plan Width": 8,"Actual Startup Time": 0.015,"Actual Total Time": 9.455,"Actual Rows": 50000,"Actual Loops": 3,"Workers": []},{"Node Type": "Hash","Parent Relationship": "Inner","Parallel Aware": false,"Async Capable": false,"Startup Cost": 2.40,"Total Cost": 2.40,"Plan Rows": 1,"Plan Width": 108,"Actual Startup Time": 0.141,"Actual Total Time": 0.157,"Actual Rows": 5,"Actual Loops": 3,"Hash Buckets": 1024,"Original Hash Buckets": 1024,"Hash Batches": 1,"Original Hash Batches": 1,"Peak Memory Usage": 9,"Workers": [],"Plans": [{"Node Type": "Hash Join","Parent Relationship": "Outer","Parallel Aware": false,"Async Capable": false,"Join Type": "Inner","Startup Cost": 1.07,"Total Cost": 2.40,"Plan Rows": 1,"Plan Width": 108,"Actual Startup Time": 0.126,"Actual Total Time": 0.148,"Actual Rows": 5,"Actual Loops": 3,"Inner Unique": true,"Hash Cond": "(nation.n_regionkey = region.r_regionkey)","Workers": [],"Plans": [{"Node Type": "Seq Scan","Parent Relationship": "Outer","Parallel Aware": false,"Async Capable": false,"Relation Name": "nation","Alias": "nation","Startup Cost": 0.00,"Total Cost": 1.25,"Plan Rows": 25,"Plan Width": 112,"Actual Startup Time": 0.048,"Actual Total Time": 0.053,"Actual Rows": 25,"Actual Loops": 3,"Workers": []},{"Node Type": "Hash","Parent Relationship": "Inner","Parallel Aware": false,"Async Capable": false,"Startup Cost": 1.06,"Total Cost": 1.06,"Plan Rows": 1,"Plan Width": 4,"Actual Startup Time": 0.049,"Actual Total Time": 0.055,"Actual Rows": 1,"Actual Loops": 3,"Hash Buckets": 1024,"Original Hash Buckets": 1024,"Hash Batches": 1,"Original Hash Batches": 1,"Peak Memory Usage": 9,"Workers": [],"Plans": [{"Node Type": "Seq Scan","Parent Relationship": "Outer","Parallel Aware": false,"Async Capable": false,"Relation Name": "region","Alias": "region","Startup Cost": 0.00,"Total Cost": 1.06,"Plan Rows": 1,"Plan Width": 4,"Actual Startup Time": 0.036,"Actual Total Time": 0.040,"Actual Rows": 1,"Actual Loops": 3,"Filter": "(r_name = 'AMERICA'::bpchar)","Rows Removed by Filter": 4,"Workers": []}]}]}]}]},{"Node Type": "Index Scan","Parent Relationship": "Inner","Parallel Aware": false,"Async Capable": false,"Scan Direction": "Forward","Index Name": "idx_orders_custkey","Relation Name": "orders","Alias": "orders","Startup Cost": 0.43,"Total Cost": 1.55,"Plan Rows": 3,"Plan Width": 8,"Actual Startup Time": 0.016,"Actual Total Time": 0.039,"Actual Rows": 2,"Actual Loops": 29952,"Index Cond": "(o_custkey = customer.c_custkey)","Rows Removed by Index Recheck": 0,"Filter": "((o_orderdate >= '1995-01-01'::date) AND (o_orderdate < '1996-01-01 00:00:00'::timestamp without time zone))","Rows Removed by Filter": 8,"Workers": []}]},{"Node Type": "Index Scan","Parent Relationship": "Inner","Parallel Aware": false,"Async Capable": false,"Scan Direction": "Forward","Index Name": "idx_lineitem_orderkey","Relation Name": "lineitem","Alias": "lineitem","Startup Cost": 0.43,"Total Cost": 2.87,"Plan Rows": 17,"Plan Width": 20,"Actual Startup Time": 0.016,"Actual Total Time": 0.019,"Actual Rows": 4,"Actual Loops": 45630,"Index Cond": "(l_orderkey = orders.o_orderkey)","Rows Removed by Index Recheck": 0,"Workers": []}]},{"Node Type": "Hash","Parent Relationship": "Inner","Parallel Aware": false,"Async Capable": false,"Startup Cost": 322.00,"Total Cost": 322.00,"Plan Rows": 10000,"Plan Width": 8,"Actual Startup Time": 8.645,"Actual Total Time": 8.649,"Actual Rows": 10000,"Actual Loops": 3,"Hash Buckets": 16384,"Original Hash Buckets": 16384,"Hash Batches": 1,"Original Hash Batches": 1,"Peak Memory Usage": 519,"Workers": [],"Plans": [{"Node Type": "Seq Scan","Parent Relationship": "Outer","Parallel Aware": false,"Async Capable": false,"Relation Name": "supplier","Alias": "supplier","Startup Cost": 0.00,"Total Cost": 322.00,"Plan Rows": 10000,"Plan Width": 8,"Actual Startup Time": 0.041,"Actual Total Time": 6.699,"Actual Rows": 10000,"Actual Loops": 3,"Workers": []}]}]}]}]}]}]}]},"Planning Time": 10.274,"Triggers": [],"Execution Time": 830.793}]
[{"Plan": {"Node Type": "Sort","Parallel Aware": false,"Async Capable": false,"Startup Cost": 21612.43,"Total Cost": 21612.50,"Plan Rows": 25,"Plan Width": 136,"Actual Startup Time": 869.393,"Actual Total Time": 902.560,"Actual Rows": 5,"Actual Loops": 1,"Sort Key": ["(sum((lineitem.l_extendedprice * ('1'::numeric - lineitem.l_discount)))) DESC"],"Sort Method": "quicksort","Sort Space Used": 25,"Sort Space Type": "Memory","Plans": [{"Node Type": "Aggregate","Strategy": "Sorted","Partial Mode": "Finalize","Parent Relationship": "Outer","Parallel Aware": false,"Async Capable": false,"Startup Cost": 21597.38,"Total Cost": 21611.85,"Plan Rows": 25,"Plan Width": 136,"Actual Startup Time": 868.803,"Actual Total Time": 902.507,"Actual Rows": 5,"Actual Loops": 1,"Group Key": ["nation.n_name"],"Plans": [{"Node Type": "Gather Merge","Parent Relationship": "Outer","Parallel Aware": false,"Async Capable": false,"Startup Cost": 21597.38,"Total Cost": 21611.17,"Plan Rows": 50,"Plan Width": 136,"Actual Startup Time": 868.587,"Actual Total Time": 902.449,"Actual Rows": 15,"Actual Loops": 1,"Workers Planned": 2,"Workers Launched": 2,"Plans": [{"Node Type": "Aggregate","Strategy": "Sorted","Partial Mode": "Partial","Parent Relationship": "Outer","Parallel Aware": false,"Async Capable": false,"Startup Cost": 20597.36,"Total Cost": 20605.37,"Plan Rows": 25,"Plan Width": 136,"Actual Startup Time": 861.245,"Actual Total Time": 861.945,"Actual Rows": 5,"Actual Loops": 3,"Group Key": ["nation.n_name"],"Workers": [],"Plans": [{"Node Type": "Sort","Parent Relationship": "Outer","Parallel Aware": false,"Async Capable": false,"Startup Cost": 20597.36,"Total Cost": 20598.90,"Plan Rows": 616,"Plan Width": 116,"Actual Startup Time": 861.036,"Actual Total Time": 861.162,"Actual Rows": 2414,"Actual Loops": 3,"Sort Key": ["nation.n_name"],"Sort Method": "quicksort","Sort Space Used": 290,"Sort Space Type": "Memory","Workers": [{"Worker Number": 0,"Sort Method": "quicksort","Sort Space Used": 286,"Sort Space Type": "Memory"},{"Worker Number": 1,"Sort Method": "quicksort","Sort Space Used": 280,"Sort Space Type": "Memory"}],"Plans": [{"Node Type": "Hash Join","Parent Relationship": "Outer","Parallel Aware": false,"Async Capable": false,"Join Type": "Inner","Startup Cost": 475.27,"Total Cost": 20568.82,"Plan Rows": 616,"Plan Width": 116,"Actual Startup Time": 8.997,"Actual Total Time": 859.532,"Actual Rows": 2414,"Actual Loops": 3,"Inner Unique": true,"Hash Cond": "((lineitem.l_suppkey = supplier.s_suppkey) AND (customer.c_nationkey = supplier.s_nationkey))","Workers": [],"Plans": [{"Node Type": "Nested Loop","Parent Relationship": "Outer","Parallel Aware": false,"Async Capable": false,"Join Type": "Inner","Startup Cost": 3.27,"Total Cost": 20015.89,"Plan Rows": 15415,"Plan Width": 128,"Actual Startup Time": 0.541,"Actual Total Time": 809.441,"Actual Rows": 61361,"Actual Loops": 3,"Inner Unique": false,"Workers": [],"Plans": [{"Node Type": "Nested Loop","Parent Relationship": "Outer","Parallel Aware": false,"Async Capable": false,"Join Type": "Inner","Startup Cost": 2.84,"Total Cost": 8414.26,"Plan Rows": 3853,"Plan Width": 116,"Actual Startup Time": 0.418,"Actual Total Time": 486.368,"Actual Rows": 15336,"Actual Loops": 3,"Inner Unique": false,"Workers": [],"Plans": [{"Node Type": "Hash Join","Parent Relationship": "Outer","Parallel Aware": false,"Async Capable": false,"Join Type": "Inner","Startup Cost": 2.41,"Total Cost": 4471.79,"Plan Rows": 2500,"Plan Width": 116,"Actual Startup Time": 0.218,"Actual Total Time": 58.257,"Actual Rows": 10061,"Actual Loops": 3,"Inner Unique": false,"Hash Cond": "(customer.c_nationkey = nation.n_nationkey)","Workers": [],"Plans": [{"Node Type": "Seq Scan","Parent Relationship": "Outer","Parallel Aware": true,"Async Capable": false,"Relation Name": "customer","Alias": "customer","Startup Cost": 0.00,"Total Cost": 4210.00,"Plan Rows": 62500,"Plan Width": 8,"Actual Startup Time": 0.013,"Actual Total Time": 9.753,"Actual Rows": 50000,"Actual Loops": 3,"Workers": []},{"Node Type": "Hash","Parent Relationship": "Inner","Parallel Aware": false,"Async Capable": false,"Startup Cost": 2.40,"Total Cost": 2.40,"Plan Rows": 1,"Plan Width": 108,"Actual Startup Time": 0.117,"Actual Total Time": 0.137,"Actual Rows": 5,"Actual Loops": 3,"Hash Buckets": 1024,"Original Hash Buckets": 1024,"Hash Batches": 1,"Original Hash Batches": 1,"Peak Memory Usage": 9,"Workers": [],"Plans": [{"Node Type": "Hash Join","Parent Relationship": "Outer","Parallel Aware": false,"Async Capable": false,"Join Type": "Inner","Startup Cost": 1.07,"Total Cost": 2.40,"Plan Rows": 1,"Plan Width": 108,"Actual Startup Time": 0.106,"Actual Total Time": 0.128,"Actual Rows": 5,"Actual Loops": 3,"Inner Unique": true,"Hash Cond": "(nation.n_regionkey = region.r_regionkey)","Workers": [],"Plans": [{"Node Type": "Seq Scan","Parent Relationship": "Outer","Parallel Aware": false,"Async Capable": false,"Relation Name": "nation","Alias": "nation","Startup Cost": 0.00,"Total Cost": 1.25,"Plan Rows": 25,"Plan Width": 112,"Actual Startup Time": 0.035,"Actual Total Time": 0.039,"Actual Rows": 25,"Actual Loops": 3,"Workers": []},{"Node Type": "Hash","Parent Relationship": "Inner","Parallel Aware": false,"Async Capable": false,"Startup Cost": 1.06,"Total Cost": 1.06,"Plan Rows": 1,"Plan Width": 4,"Actual Startup Time": 0.043,"Actual Total Time": 0.050,"Actual Rows": 1,"Actual Loops": 3,"Hash Buckets": 1024,"Original Hash Buckets": 1024,"Hash Batches": 1,"Original Hash Batches": 1,"Peak Memory Usage": 9,"Workers": [],"Plans": [{"Node Type": "Seq Scan","Parent Relationship": "Outer","Parallel Aware": false,"Async Capable": false,"Relation Name": "region","Alias": "region","Startup Cost": 0.00,"Total Cost": 1.06,"Plan Rows": 1,"Plan Width": 4,"Actual Startup Time": 0.031,"Actual Total Time": 0.033,"Actual Rows": 1,"Actual Loops": 3,"Filter": "(r_name = 'ASIA'::bpchar)","Rows Removed by Filter": 4,"Workers": []}]}]}]}]},{"Node Type": "Index Scan","Parent Relationship": "Inner","Parallel Aware": false,"Async Capable": false,"Scan Direction": "Forward","Index Name": "idx_orders_custkey","Relation Name": "orders","Alias": "orders","Startup Cost": 0.43,"Total Cost": 1.55,"Plan Rows": 3,"Plan Width": 8,"Actual Startup Time": 0.018,"Actual Total Time": 0.042,"Actual Rows": 2,"Actual Loops": 30183,"Index Cond": "(o_custkey = customer.c_custkey)","Rows Removed by Index Recheck": 0,"Filter": "((o_orderdate >= '1994-01-01'::date) AND (o_orderdate < '1995-01-01 00:00:00'::timestamp without time zone))","Rows Removed by Filter": 8,"Workers": []}]},{"Node Type": "Index Scan","Parent Relationship": "Inner","Parallel Aware": false,"Async Capable": false,"Scan Direction": "Forward","Index Name": "idx_lineitem_orderkey","Relation Name": "lineitem","Alias": "lineitem","Startup Cost": 0.43,"Total Cost": 2.84,"Plan Rows": 17,"Plan Width": 20,"Actual Startup Time": 0.017,"Actual Total Time": 0.020,"Actual Rows": 4,"Actual Loops": 46008,"Index Cond": "(l_orderkey = orders.o_orderkey)","Rows Removed by Index Recheck": 0,"Workers": []}]},{"Node Type": "Hash","Parent Relationship": "Inner","Parallel Aware": false,"Async Capable": false,"Startup Cost": 322.00,"Total Cost": 322.00,"Plan Rows": 10000,"Plan Width": 8,"Actual Startup Time": 7.849,"Actual Total Time": 7.853,"Actual Rows": 10000,"Actual Loops": 3,"Hash Buckets": 16384,"Original Hash Buckets": 16384,"Hash Batches": 1,"Original Hash Batches": 1,"Peak Memory Usage": 519,"Workers": [],"Plans": [{"Node Type": "Seq Scan","Parent Relationship": "Outer","Parallel Aware": false,"Async Capable": false,"Relation Name": "supplier","Alias": "supplier","Startup Cost": 0.00,"Total Cost": 322.00,"Plan Rows": 10000,"Plan Width": 8,"Actual Startup Time": 0.047,"Actual Total Time": 6.106,"Actual Rows": 10000,"Actual Loops": 3,"Workers": []}]}]}]}]}]}]}]},"Planning Time": 10.218,"Triggers": [],"Execution Time": 903.179}]
[{"Plan": {"Node Type": "Sort","Parallel Aware": false,"Async Capable": false,"Startup Cost": 21565.81,"Total Cost": 21565.87,"Plan Rows": 25,"Plan Width": 136,"Actual Startup Time": 826.666,"Actual Total Time": 858.678,"Actual Rows": 5,"Actual Loops": 1,"Sort Key": ["(sum((lineitem.l_extendedprice * ('1'::numeric - lineitem.l_discount)))) DESC"],"Sort Method": "quicksort","Sort Space Used": 25,"Sort Space Type": "Memory","Plans": [{"Node Type": "Aggregate","Strategy": "Sorted","Partial Mode": "Finalize","Parent Relationship": "Outer","Parallel Aware": false,"Async Capable": false,"Startup Cost": 21550.86,"Total Cost": 21565.23,"Plan Rows": 25,"Plan Width": 136,"Actual Startup Time": 825.974,"Actual Total Time": 858.621,"Actual Rows": 5,"Actual Loops": 1,"Group Key": ["nation.n_name"],"Plans": [{"Node Type": "Gather Merge","Parent Relationship": "Outer","Parallel Aware": false,"Async Capable": false,"Startup Cost": 21550.86,"Total Cost": 21564.54,"Plan Rows": 50,"Plan Width": 136,"Actual Startup Time": 825.726,"Actual Total Time": 858.579,"Actual Rows": 15,"Actual Loops": 1,"Workers Planned": 2,"Workers Launched": 2,"Plans": [{"Node Type": "Aggregate","Strategy": "Sorted","Partial Mode": "Partial","Parent Relationship": "Outer","Parallel Aware": false,"Async Capable": false,"Startup Cost": 20550.84,"Total Cost": 20558.75,"Plan Rows": 25,"Plan Width": 136,"Actual Startup Time": 818.223,"Actual Total Time": 818.980,"Actual Rows": 5,"Actual Loops": 3,"Group Key": ["nation.n_name"],"Workers": [],"Plans": [{"Node Type": "Sort","Parent Relationship": "Outer","Parallel Aware": false,"Async Capable": false,"Startup Cost": 20550.84,"Total Cost": 20552.36,"Plan Rows": 608,"Plan Width": 116,"Actual Startup Time": 818.011,"Actual Total Time": 818.145,"Actual Rows": 2489,"Actual Loops": 3,"Sort Key": ["nation.n_name"],"Sort Method": "quicksort","Sort Space Used": 294,"Sort Space Type": "Memory","Workers": [{"Worker Number": 0,"Sort Method": "quicksort","Sort Space Used": 286,"Sort Space Type": "Memory"},{"Worker Number": 1,"Sort Method": "quicksort","Sort Space Used": 292,"Sort Space Type": "Memory"}],"Plans": [{"Node Type": "Hash Join","Parent Relationship": "Outer","Parallel Aware": false,"Async Capable": false,"Join Type": "Inner","Startup Cost": 475.27,"Total Cost": 20522.72,"Plan Rows": 608,"Plan Width": 116,"Actual Startup Time": 11.840,"Actual Total Time": 816.555,"Actual Rows": 2489,"Actual Loops": 3,"Inner Unique": true,"Hash Cond": "((lineitem.l_suppkey = supplier.s_suppkey) AND (customer.c_nationkey = supplier.s_nationkey))","Workers": [],"Plans": [{"Node Type": "Nested Loop","Parent Relationship": "Outer","Parallel Aware": false,"Async Capable": false,"Join Type": "Inner","Startup Cost": 3.27,"Total Cost": 19970.84,"Plan Rows": 15215,"Plan Width": 128,"Actual Startup Time": 0.591,"Actual Total Time": 771.834,"Actual Rows": 60959,"Actual Loops": 3,"Inner Unique": false,"Workers": [],"Plans": [{"Node Type": "Nested Loop","Parent Relationship": "Outer","Parallel Aware": false,"Async Capable": false,"Join Type": "Inner","Startup Cost": 2.84,"Total Cost": 8414.26,"Plan Rows": 3803,"Plan Width": 116,"Actual Startup Time": 0.474,"Actual Total Time": 463.395,"Actual Rows": 15225,"Actual Loops": 3,"Inner Unique": false,"Workers": [],"Plans": [{"Node Type": "Hash Join","Parent Relationship": "Outer","Parallel Aware": false,"Async Capable": false,"Join Type": "Inner","Startup Cost": 2.41,"Total Cost": 4471.79,"Plan Rows": 2500,"Plan Width": 116,"Actual Startup Time": 0.230,"Actual Total Time": 58.477,"Actual Rows": 9984,"Actual Loops": 3,"Inner Unique": false,"Hash Cond": "(customer.c_nationkey = nation.n_nationkey)","Workers": [],"Plans": [{"Node Type": "Seq Scan","Parent Relationship": "Outer","Parallel Aware": true,"Async Capable": false,"Relation Name": "customer","Alias": "customer","Startup Cost": 0.00,"Total Cost": 4210.00,"Plan Rows": 62500,"Plan Width": 8,"Actual Startup Time": 0.016,"Actual Total Time": 10.057,"Actual Rows": 50000,"Actual Loops": 3,"Workers": []},{"Node Type": "Hash","Parent Relationship": "Inner","Parallel Aware": false,"Async Capable": false,"Startup Cost": 2.40,"Total Cost": 2.40,"Plan Rows": 1,"Plan Width": 108,"Actual Startup Time": 0.130,"Actual Total Time": 0.146,"Actual Rows": 5,"Actual Loops": 3,"Hash Buckets": 1024,"Original Hash Buckets": 1024,"Hash Batches": 1,"Original Hash Batches": 1,"Peak Memory Usage": 9,"Workers": [],"Plans": [{"Node Type": "Hash Join","Parent Relationship": "Outer","Parallel Aware": false,"Async Capable": false,"Join Type": "Inner","Startup Cost": 1.07,"Total Cost": 2.40,"Plan Rows": 1,"Plan Width": 108,"Actual Startup Time": 0.116,"Actual Total Time": 0.137,"Actual Rows": 5,"Actual Loops": 3,"Inner Unique": true,"Hash Cond": "(nation.n_regionkey = region.r_regionkey)","Workers": [],"Plans": [{"Node Type": "Seq Scan","Parent Relationship": "Outer","Parallel Aware": false,"Async Capable": false,"Relation Name": "nation","Alias": "nation","Startup Cost": 0.00,"Total Cost": 1.25,"Plan Rows": 25,"Plan Width": 112,"Actual Startup Time": 0.042,"Actual Total Time": 0.045,"Actual Rows": 25,"Actual Loops": 3,"Workers": []},{"Node Type": "Hash","Parent Relationship": "Inner","Parallel Aware": false,"Async Capable": false,"Startup Cost": 1.06,"Total Cost": 1.06,"Plan Rows": 1,"Plan Width": 4,"Actual Startup Time": 0.050,"Actual Total Time": 0.056,"Actual Rows": 1,"Actual Loops": 3,"Hash Buckets": 1024,"Original Hash Buckets": 1024,"Hash Batches": 1,"Original Hash Batches": 1,"Peak Memory Usage": 9,"Workers": [],"Plans": [{"Node Type": "Seq Scan","Parent Relationship": "Outer","Parallel Aware": false,"Async Capable": false,"Relation Name": "region","Alias": "region","Startup Cost": 0.00,"Total Cost": 1.06,"Plan Rows": 1,"Plan Width": 4,"Actual Startup Time": 0.038,"Actual Total Time": 0.040,"Actual Rows": 1,"Actual Loops": 3,"Filter": "(r_name = 'AMERICA'::bpchar)","Rows Removed by Filter": 4,"Workers": []}]}]}]}]},{"Node Type": "Index Scan","Parent Relationship": "Inner","Parallel Aware": false,"Async Capable": false,"Scan Direction": "Forward","Index Name": "idx_orders_custkey","Relation Name": "orders","Alias": "orders","Startup Cost": 0.43,"Total Cost": 1.55,"Plan Rows": 3,"Plan Width": 8,"Actual Startup Time": 0.017,"Actual Total Time": 0.040,"Actual Rows": 2,"Actual Loops": 29952,"Index Cond": "(o_custkey = customer.c_custkey)","Rows Removed by Index Recheck": 0,"Filter": "((o_orderdate >= '1997-01-01'::date) AND (o_orderdate < '1998-01-01 00:00:00'::timestamp without time zone))","Rows Removed by Filter": 8,"Workers": []}]},{"Node Type": "Index Scan","Parent Relationship": "Inner","Parallel Aware": false,"Async Capable": false,"Scan Direction": "Forward","Index Name": "idx_lineitem_orderkey","Relation Name": "lineitem","Alias": "lineitem","Startup Cost": 0.43,"Total Cost": 2.87,"Plan Rows": 17,"Plan Width": 20,"Actual Startup Time": 0.017,"Actual Total Time": 0.020,"Actual Rows": 4,"Actual Loops": 45676,"Index Cond": "(l_orderkey = orders.o_orderkey)","Rows Removed by Index Recheck": 0,"Workers": []}]},{"Node Type": "Hash","Parent Relationship": "Inner","Parallel Aware": false,"Async Capable": false,"Startup Cost": 322.00,"Total Cost": 322.00,"Plan Rows": 10000,"Plan Width": 8,"Actual Startup Time": 10.524,"Actual Total Time": 10.525,"Actual Rows": 10000,"Actual Loops": 3,"Hash Buckets": 16384,"Original Hash Buckets": 16384,"Hash Batches": 1,"Original Hash Batches": 1,"Peak Memory Usage": 519,"Workers": [],"Plans": [{"Node Type": "Seq Scan","Parent Relationship": "Outer","Parallel Aware": false,"Async Capable": false,"Relation Name": "supplier","Alias": "supplier","Startup Cost": 0.00,"Total Cost": 322.00,"Plan Rows": 10000,"Plan Width": 8,"Actual Startup Time": 0.042,"Actual Total Time": 8.814,"Actual Rows": 10000,"Actual Loops": 3,"Workers": []}]}]}]}]}]}]}]},"Planning Time": 10.085,"Triggers": [],"Execution Time": 859.237}]
[{"Plan": {"Node Type": "Sort","Parallel Aware": false,"Async Capable": false,"Startup Cost": 21565.81,"Total Cost": 21565.87,"Plan Rows": 25,"Plan Width": 136,"Actual Startup Time": 831.835,"Actual Total Time": 873.525,"Actual Rows": 5,"Actual Loops": 1,"Sort Key": ["(sum((lineitem.l_extendedprice * ('1'::numeric - lineitem.l_discount)))) DESC"],"Sort Method": "quicksort","Sort Space Used": 25,"Sort Space Type": "Memory","Plans": [{"Node Type": "Aggregate","Strategy": "Sorted","Partial Mode": "Finalize","Parent Relationship": "Outer","Parallel Aware": false,"Async Capable": false,"Startup Cost": 21550.86,"Total Cost": 21565.23,"Plan Rows": 25,"Plan Width": 136,"Actual Startup Time": 831.274,"Actual Total Time": 873.480,"Actual Rows": 5,"Actual Loops": 1,"Group Key": ["nation.n_name"],"Plans": [{"Node Type": "Gather Merge","Parent Relationship": "Outer","Parallel Aware": false,"Async Capable": false,"Startup Cost": 21550.86,"Total Cost": 21564.54,"Plan Rows": 50,"Plan Width": 136,"Actual Startup Time": 830.694,"Actual Total Time": 873.427,"Actual Rows": 15,"Actual Loops": 1,"Workers Planned": 2,"Workers Launched": 2,"Plans": [{"Node Type": "Aggregate","Strategy": "Sorted","Partial Mode": "Partial","Parent Relationship": "Outer","Parallel Aware": false,"Async Capable": false,"Startup Cost": 20550.84,"Total Cost": 20558.75,"Plan Rows": 25,"Plan Width": 136,"Actual Startup Time": 822.251,"Actual Total Time": 823.046,"Actual Rows": 5,"Actual Loops": 3,"Group Key": ["nation.n_name"],"Workers": [],"Plans": [{"Node Type": "Sort","Parent Relationship": "Outer","Parallel Aware": false,"Async Capable": false,"Startup Cost": 20550.84,"Total Cost": 20552.36,"Plan Rows": 608,"Plan Width": 116,"Actual Startup Time": 822.034,"Actual Total Time": 822.187,"Actual Rows": 2330,"Actual Loops": 3,"Sort Key": ["nation.n_name"],"Sort Method": "quicksort","Sort Space Used": 287,"Sort Space Type": "Memory","Workers": [{"Worker Number": 0,"Sort Method": "quicksort","Sort Space Used": 271,"Sort Space Type": "Memory"},{"Worker Number": 1,"Sort Method": "quicksort","Sort Space Used": 278,"Sort Space Type": "Memory"}],"Plans": [{"Node Type": "Hash Join","Parent Relationship": "Outer","Parallel Aware": false,"Async Capable": false,"Join Type": "Inner","Startup Cost": 475.27,"Total Cost": 20522.72,"Plan Rows": 608,"Plan Width": 116,"Actual Startup Time": 11.715,"Actual Total Time": 820.536,"Actual Rows": 2330,"Actual Loops": 3,"Inner Unique": true,"Hash Cond": "((lineitem.l_suppkey = supplier.s_suppkey) AND (customer.c_nationkey = supplier.s_nationkey))","Workers": [],"Plans": [{"Node Type": "Nested Loop","Parent Relationship": "Outer","Parallel Aware": false,"Async Capable": false,"Join Type": "Inner","Startup Cost": 3.27,"Total Cost": 19970.84,"Plan Rows": 15215,"Plan Width": 128,"Actual Startup Time": 0.848,"Actual Total Time": 777.711,"Actual Rows": 60416,"Actual Loops": 3,"Inner Unique": false,"Workers": [],"Plans": [{"Node Type": "Nested Loop","Parent Relationship": "Outer","Parallel Aware": false,"Async Capable": false,"Join Type": "Inner","Startup Cost": 2.84,"Total Cost": 8414.26,"Plan Rows": 3803,"Plan Width": 116,"Actual Startup Time": 0.710,"Actual Total Time": 470.008,"Actual Rows": 15150,"Actual Loops": 3,"Inner Unique": false,"Workers": [],"Plans": [{"Node Type": "Hash Join","Parent Relationship": "Outer","Parallel Aware": false,"Async Capable": false,"Join Type": "Inner","Startup Cost": 2.41,"Total Cost": 4471.79,"Plan Rows": 2500,"Plan Width": 116,"Actual Startup Time": 0.302,"Actual Total Time": 60.810,"Actual Rows": 9921,"Actual Loops": 3,"Inner Unique": false,"Hash Cond": "(customer.c_nationkey = nation.n_nationkey)","Workers": [],"Plans": [{"Node Type": "Seq Scan","Parent Relationship": "Outer","Parallel Aware": true,"Async Capable": false,"Relation Name": "customer","Alias": "customer","Startup Cost": 0.00,"Total Cost": 4210.00,"Plan Rows": 62500,"Plan Width": 8,"Actual Startup Time": 0.020,"Actual Total Time": 10.219,"Actual Rows": 50000,"Actual Loops": 3,"Workers": []},{"Node Type": "Hash","Parent Relationship": "Inner","Parallel Aware": false,"Async Capable": false,"Startup Cost": 2.40,"Total Cost": 2.40,"Plan Rows": 1,"Plan Width": 108,"Actual Startup Time": 0.183,"Actual Total Time": 0.205,"Actual Rows": 5,"Actual Loops": 3,"Hash Buckets": 1024,"Original Hash Buckets": 1024,"Hash Batches": 1,"Original Hash Batches": 1,"Peak Memory Usage": 9,"Workers": [],"Plans": [{"Node Type": "Hash Join","Parent Relationship": "Outer","Parallel Aware": false,"Async Capable": false,"Join Type": "Inner","Startup Cost": 1.07,"Total Cost": 2.40,"Plan Rows": 1,"Plan Width": 108,"Actual Startup Time": 0.167,"Actual Total Time": 0.195,"Actual Rows": 5,"Actual Loops": 3,"Inner Unique": true,"Hash Cond": "(nation.n_regionkey = region.r_regionkey)","Workers": [],"Plans": [{"Node Type": "Seq Scan","Parent Relationship": "Outer","Parallel Aware": false,"Async Capable": false,"Relation Name": "nation","Alias": "nation","Startup Cost": 0.00,"Total Cost": 1.25,"Plan Rows": 25,"Plan Width": 112,"Actual Startup Time": 0.065,"Actual Total Time": 0.070,"Actual Rows": 25,"Actual Loops": 3,"Workers": []},{"Node Type": "Hash","Parent Relationship": "Inner","Parallel Aware": false,"Async Capable": false,"Startup Cost": 1.06,"Total Cost": 1.06,"Plan Rows": 1,"Plan Width": 4,"Actual Startup Time": 0.074,"Actual Total Time": 0.079,"Actual Rows": 1,"Actual Loops": 3,"Hash Buckets": 1024,"Original Hash Buckets": 1024,"Hash Batches": 1,"Original Hash Batches": 1,"Peak Memory Usage": 9,"Workers": [],"Plans": [{"Node Type": "Seq Scan","Parent Relationship": "Outer","Parallel Aware": false,"Async Capable": false,"Relation Name": "region","Alias": "region","Startup Cost": 0.00,"Total Cost": 1.06,"Plan Rows": 1,"Plan Width": 4,"Actual Startup Time": 0.049,"Actual Total Time": 0.053,"Actual Rows": 1,"Actual Loops": 3,"Filter": "(r_name = 'AFRICA'::bpchar)","Rows Removed by Filter": 4,"Workers": []}]}]}]}]},{"Node Type": "Index Scan","Parent Relationship": "Inner","Parallel Aware": false,"Async Capable": false,"Scan Direction": "Forward","Index Name": "idx_orders_custkey","Relation Name": "orders","Alias": "orders","Startup Cost": 0.43,"Total Cost": 1.55,"Plan Rows": 3,"Plan Width": 8,"Actual Startup Time": 0.018,"Actual Total Time": 0.041,"Actual Rows": 2,"Actual Loops": 29764,"Index Cond": "(o_custkey = customer.c_custkey)","Rows Removed by Index Recheck": 0,"Filter": "((o_orderdate >= '1997-01-01'::date) AND (o_orderdate < '1998-01-01 00:00:00'::timestamp without time zone))","Rows Removed by Filter": 9,"Workers": []}]},{"Node Type": "Index Scan","Parent Relationship": "Inner","Parallel Aware": false,"Async Capable": false,"Scan Direction": "Forward","Index Name": "idx_lineitem_orderkey","Relation Name": "lineitem","Alias": "lineitem","Startup Cost": 0.43,"Total Cost": 2.87,"Plan Rows": 17,"Plan Width": 20,"Actual Startup Time": 0.017,"Actual Total Time": 0.020,"Actual Rows": 4,"Actual Loops": 45450,"Index Cond": "(l_orderkey = orders.o_orderkey)","Rows Removed by Index Recheck": 0,"Workers": []}]},{"Node Type": "Hash","Parent Relationship": "Inner","Parallel Aware": false,"Async Capable": false,"Startup Cost": 322.00,"Total Cost": 322.00,"Plan Rows": 10000,"Plan Width": 8,"Actual Startup Time": 8.425,"Actual Total Time": 8.430,"Actual Rows": 10000,"Actual Loops": 3,"Hash Buckets": 16384,"Original Hash Buckets": 16384,"Hash Batches": 1,"Original Hash Batches": 1,"Peak Memory Usage": 519,"Workers": [],"Plans": [{"Node Type": "Seq Scan","Parent Relationship": "Outer","Parallel Aware": false,"Async Capable": false,"Relation Name": "supplier","Alias": "supplier","Startup Cost": 0.00,"Total Cost": 322.00,"Plan Rows": 10000,"Plan Width": 8,"Actual Startup Time": 0.044,"Actual Total Time": 6.920,"Actual Rows": 10000,"Actual Loops": 3,"Workers": []}]}]}]}]}]}]}]},"Planning Time": 9.220,"Triggers": [],"Execution Time": 874.104}]
[{"Plan": {"Node Type": "Sort","Parallel Aware": false,"Async Capable": false,"Startup Cost": 21522.30,"Total Cost": 21522.36,"Plan Rows": 25,"Plan Width": 136,"Actual Startup Time": 808.723,"Actual Total Time": 839.996,"Actual Rows": 5,"Actual Loops": 1,"Sort Key": ["(sum((lineitem.l_extendedprice * ('1'::numeric - lineitem.l_discount)))) DESC"],"Sort Method": "quicksort","Sort Space Used": 25,"Sort Space Type": "Memory","Plans": [{"Node Type": "Aggregate","Strategy": "Sorted","Partial Mode": "Finalize","Parent Relationship": "Outer","Parallel Aware": false,"Async Capable": false,"Startup Cost": 21507.43,"Total Cost": 21521.72,"Plan Rows": 25,"Plan Width": 136,"Actual Startup Time": 808.168,"Actual Total Time": 839.947,"Actual Rows": 5,"Actual Loops": 1,"Group Key": ["nation.n_name"],"Plans": [{"Node Type": "Gather Merge","Parent Relationship": "Outer","Parallel Aware": false,"Async Capable": false,"Startup Cost": 21507.43,"Total Cost": 21521.03,"Plan Rows": 50,"Plan Width": 136,"Actual Startup Time": 807.495,"Actual Total Time": 839.892,"Actual Rows": 15,"Actual Loops": 1,"Workers Planned": 2,"Workers Launched": 2,"Plans": [{"Node Type": "Aggregate","Strategy": "Sorted","Partial Mode": "Partial","Parent Relationship": "Outer","Parallel Aware": false,"Async Capable": false,"Startup Cost": 20507.41,"Total Cost": 20515.23,"Plan Rows": 25,"Plan Width": 136,"Actual Startup Time": 799.534,"Actual Total Time": 800.383,"Actual Rows": 5,"Actual Loops": 3,"Group Key": ["nation.n_name"],"Workers": [],"Plans": [{"Node Type": "Sort","Parent Relationship": "Outer","Parallel Aware": false,"Async Capable": false,"Startup Cost": 20507.41,"Total Cost": 20508.91,"Plan Rows": 601,"Plan Width": 116,"Actual Startup Time": 799.319,"Actual Total Time": 799.466,"Actual Rows": 2431,"Actual Loops": 3,"Sort Key": ["nation.n_name"],"Sort Method": "quicksort","Sort Space Used": 290,"Sort Space Type": "Memory","Workers": [{"Worker Number": 0,"Sort Method": "quicksort","Sort Space Used": 286,"Sort Space Type": "Memory"},{"Worker Number": 1,"Sort Method": "quicksort","Sort Space Used": 283,"Sort Space Type": "Memory"}],"Plans": [{"Node Type": "Hash Join","Parent Relationship": "Outer","Parallel Aware": false,"Async Capable": false,"Join Type": "Inner","Startup Cost": 475.27,"Total Cost": 20479.67,"Plan Rows": 601,"Plan Width": 116,"Actual Startup Time": 15.141,"Actual Total Time": 797.817,"Actual Rows": 2431,"Actual Loops": 3,"Inner Unique": true,"Hash Cond": "((lineitem.l_suppkey = supplier.s_suppkey) AND (customer.c_nationkey = supplier.s_nationkey))","Workers": [],"Plans": [{"Node Type": "Nested Loop","Parent Relationship": "Outer","Parallel Aware": false,"Async Capable": false,"Join Type": "Inner","Startup Cost": 3.27,"Total Cost": 19928.78,"Plan Rows": 15027,"Plan Width": 128,"Actual Startup Time": 0.731,"Actual Total Time": 752.135,"Actual Rows": 59947,"Actual Loops": 3,"Inner Unique": false,"Workers": [],"Plans": [{"Node Type": "Nested Loop","Parent Relationship": "Outer","Parallel Aware": false,"Async Capable": false,"Join Type": "Inner","Startup Cost": 2.84,"Total Cost": 8414.26,"Plan Rows": 3756,"Plan Width": 116,"Actual Startup Time": 0.592,"Actual Total Time": 450.459,"Actual Rows": 14972,"Actual Loops": 3,"Inner Unique": false,"Workers": [],"Plans": [{"Node Type": "Hash Join","Parent Relationship": "Outer","Parallel Aware": false,"Async Capable": false,"Join Type": "Inner","Startup Cost": 2.41,"Total Cost": 4471.79,"Plan Rows": 2500,"Plan Width": 116,"Actual Startup Time": 0.291,"Actual Total Time": 55.680,"Actual Rows": 9968,"Actual Loops": 3,"Inner Unique": false,"Hash Cond": "(customer.c_nationkey = nation.n_nationkey)","Workers": [],"Plans": [{"Node Type": "Seq Scan","Parent Relationship": "Outer","Parallel Aware": true,"Async Capable": false,"Relation Name": "customer","Alias": "customer","Startup Cost": 0.00,"Total Cost": 4210.00,"Plan Rows": 62500,"Plan Width": 8,"Actual Startup Time": 0.021,"Actual Total Time": 9.583,"Actual Rows": 50000,"Actual Loops": 3,"Workers": []},{"Node Type": "Hash","Parent Relationship": "Inner","Parallel Aware": false,"Async Capable": false,"Startup Cost": 2.40,"Total Cost": 2.40,"Plan Rows": 1,"Plan Width": 108,"Actual Startup Time": 0.165,"Actual Total Time": 0.187,"Actual Rows": 5,"Actual Loops": 3,"Hash Buckets": 1024,"Original Hash Buckets": 1024,"Hash Batches": 1,"Original Hash Batches": 1,"Peak Memory Usage": 9,"Workers": [],"Plans": [{"Node Type": "Hash Join","Parent Relationship": "Outer","Parallel Aware": false,"Async Capable": false,"Join Type": "Inner","Startup Cost": 1.07,"Total Cost": 2.40,"Plan Rows": 1,"Plan Width": 108,"Actual Startup Time": 0.151,"Actual Total Time": 0.177,"Actual Rows": 5,"Actual Loops": 3,"Inner Unique": true,"Hash Cond": "(nation.n_regionkey = region.r_regionkey)","Workers": [],"Plans": [{"Node Type": "Seq Scan","Parent Relationship": "Outer","Parallel Aware": false,"Async Capable": false,"Relation Name": "nation","Alias": "nation","Startup Cost": 0.00,"Total Cost": 1.25,"Plan Rows": 25,"Plan Width": 112,"Actual Startup Time": 0.067,"Actual Total Time": 0.072,"Actual Rows": 25,"Actual Loops": 3,"Workers": []},{"Node Type": "Hash","Parent Relationship": "Inner","Parallel Aware": false,"Async Capable": false,"Startup Cost": 1.06,"Total Cost": 1.06,"Plan Rows": 1,"Plan Width": 4,"Actual Startup Time": 0.055,"Actual Total Time": 0.063,"Actual Rows": 1,"Actual Loops": 3,"Hash Buckets": 1024,"Original Hash Buckets": 1024,"Hash Batches": 1,"Original Hash Batches": 1,"Peak Memory Usage": 9,"Workers": [],"Plans": [{"Node Type": "Seq Scan","Parent Relationship": "Outer","Parallel Aware": false,"Async Capable": false,"Relation Name": "region","Alias": "region","Startup Cost": 0.00,"Total Cost": 1.06,"Plan Rows": 1,"Plan Width": 4,"Actual Startup Time": 0.042,"Actual Total Time": 0.044,"Actual Rows": 1,"Actual Loops": 3,"Filter": "(r_name = 'MIDDLE EAST'::bpchar)","Rows Removed by Filter": 4,"Workers": []}]}]}]}]},{"Node Type": "Index Scan","Parent Relationship": "Inner","Parallel Aware": false,"Async Capable": false,"Scan Direction": "Forward","Index Name": "idx_orders_custkey","Relation Name": "orders","Alias": "orders","Startup Cost": 0.43,"Total Cost": 1.55,"Plan Rows": 3,"Plan Width": 8,"Actual Startup Time": 0.017,"Actual Total Time": 0.039,"Actual Rows": 2,"Actual Loops": 29904,"Index Cond": "(o_custkey = customer.c_custkey)","Rows Removed by Index Recheck": 0,"Filter": "((o_orderdate >= '1993-01-01'::date) AND (o_orderdate < '1994-01-01 00:00:00'::timestamp without time zone))","Rows Removed by Filter": 8,"Workers": []}]},{"Node Type": "Index Scan","Parent Relationship": "Inner","Parallel Aware": false,"Async Capable": false,"Scan Direction": "Forward","Index Name": "idx_lineitem_orderkey","Relation Name": "lineitem","Alias": "lineitem","Startup Cost": 0.43,"Total Cost": 2.90,"Plan Rows": 17,"Plan Width": 20,"Actual Startup Time": 0.017,"Actual Total Time": 0.019,"Actual Rows": 4,"Actual Loops": 44917,"Index Cond": "(l_orderkey = orders.o_orderkey)","Rows Removed by Index Recheck": 0,"Workers": []}]},{"Node Type": "Hash","Parent Relationship": "Inner","Parallel Aware": false,"Async Capable": false,"Startup Cost": 322.00,"Total Cost": 322.00,"Plan Rows": 10000,"Plan Width": 8,"Actual Startup Time": 13.351,"Actual Total Time": 13.355,"Actual Rows": 10000,"Actual Loops": 3,"Hash Buckets": 16384,"Original Hash Buckets": 16384,"Hash Batches": 1,"Original Hash Batches": 1,"Peak Memory Usage": 519,"Workers": [],"Plans": [{"Node Type": "Seq Scan","Parent Relationship": "Outer","Parallel Aware": false,"Async Capable": false,"Relation Name": "supplier","Alias": "supplier","Startup Cost": 0.00,"Total Cost": 322.00,"Plan Rows": 10000,"Plan Width": 8,"Actual Startup Time": 0.056,"Actual Total Time": 11.541,"Actual Rows": 10000,"Actual Loops": 3,"Workers": []}]}]}]}]}]}]}]},"Planning Time": 9.915,"Triggers": [],"Execution Time": 840.541}]
[{"Plan": {"Node Type": "Sort","Parallel Aware": false,"Async Capable": false,"Startup Cost": 21522.30,"Total Cost": 21522.36,"Plan Rows": 25,"Plan Width": 136,"Actual Startup Time": 808.723,"Actual Total Time": 839.996,"Actual Rows": 5,"Actual Loops": 1,"Sort Key": ["(sum((lineitem.l_extendedprice * ('1'::numeric - lineitem.l_discount)))) DESC"],"Sort Method": "quicksort","Sort Space Used": 25,"Sort Space Type": "Memory","Plans": [{"Node Type": "Aggregate","Strategy": "Sorted","Partial Mode": "Finalize","Parent Relationship": "Outer","Parallel Aware": false,"Async Capable": false,"Startup Cost": 21507.43,"Total Cost": 21521.72,"Plan Rows": 25,"Plan Width": 136,"Actual Startup Time": 808.168,"Actual Total Time": 839.947,"Actual Rows": 5,"Actual Loops": 1,"Group Key": ["nation.n_name"],"Plans": [{"Node Type": "Gather Merge","Parent Relationship": "Outer","Parallel Aware": false,"Async Capable": false,"Startup Cost": 21507.43,"Total Cost": 21521.03,"Plan Rows": 50,"Plan Width": 136,"Actual Startup Time": 807.495,"Actual Total Time": 839.892,"Actual Rows": 15,"Actual Loops": 1,"Workers Planned": 2,"Workers Launched": 2,"Plans": [{"Node Type": "Aggregate","Strategy": "Sorted","Partial Mode": "Partial","Parent Relationship": "Outer","Parallel Aware": false,"Async Capable": false,"Startup Cost": 20507.41,"Total Cost": 20515.23,"Plan Rows": 25,"Plan Width": 136,"Actual Startup Time": 799.534,"Actual Total Time": 800.383,"Actual Rows": 5,"Actual Loops": 3,"Group Key": ["nation.n_name"],"Workers": [],"Plans": [{"Node Type": "Sort","Parent Relationship": "Outer","Parallel Aware": false,"Async Capable": false,"Startup Cost": 20507.41,"Total Cost": 20508.91,"Plan Rows": 601,"Plan Width": 116,"Actual Startup Time": 799.319,"Actual Total Time": 799.466,"Actual Rows": 2431,"Actual Loops": 3,"Sort Key": ["nation.n_name"],"Sort Method": "quicksort","Sort Space Used": 290,"Sort Space Type": "Memory","Workers": [{"Worker Number": 0,"Sort Method": "quicksort","Sort Space Used": 286,"Sort Space Type": "Memory"},{"Worker Number": 1,"Sort Method": "quicksort","Sort Space Used": 283,"Sort Space Type": "Memory"}],"Plans": [{"Node Type": "Hash Join","Parent Relationship": "Outer","Parallel Aware": false,"Async Capable": false,"Join Type": "Inner","Startup Cost": 475.27,"Total Cost": 20479.67,"Plan Rows": 601,"Plan Width": 116,"Actual Startup Time": 15.141,"Actual Total Time": 797.817,"Actual Rows": 2431,"Actual Loops": 3,"Inner Unique": true,"Hash Cond": "((lineitem.l_suppkey = supplier.s_suppkey) AND (customer.c_nationkey = supplier.s_nationkey))","Workers": [],"Plans": [{"Node Type": "Nested Loop","Parent Relationship": "Outer","Parallel Aware": false,"Async Capable": false,"Join Type": "Inner","Startup Cost": 3.27,"Total Cost": 19928.78,"Plan Rows": 15027,"Plan Width": 128,"Actual Startup Time": 0.731,"Actual Total Time": 752.135,"Actual Rows": 59947,"Actual Loops": 3,"Inner Unique": false,"Workers": [],"Plans": [{"Node Type": "Nested Loop","Parent Relationship": "Outer","Parallel Aware": false,"Async Capable": false,"Join Type": "Inner","Startup Cost": 2.84,"Total Cost": 8414.26,"Plan Rows": 3756,"Plan Width": 116,"Actual Startup Time": 0.592,"Actual Total Time": 450.459,"Actual Rows": 14972,"Actual Loops": 3,"Inner Unique": false,"Workers": [],"Plans": [{"Node Type": "Hash Join","Parent Relationship": "Outer","Parallel Aware": false,"Async Capable": false,"Join Type": "Inner","Startup Cost": 2.41,"Total Cost": 4471.79,"Plan Rows": 2500,"Plan Width": 116,"Actual Startup Time": 0.291,"Actual Total Time": 55.680,"Actual Rows": 9968,"Actual Loops": 3,"Inner Unique": false,"Hash Cond": "(customer.c_nationkey = nation.n_nationkey)","Workers": [],"Plans": [{"Node Type": "Seq Scan","Parent Relationship": "Outer","Parallel Aware": true,"Async Capable": false,"Relation Name": "customer","Alias": "customer","Startup Cost": 0.00,"Total Cost": 4210.00,"Plan Rows": 62500,"Plan Width": 8,"Actual Startup Time": 0.021,"Actual Total Time": 9.583,"Actual Rows": 50000,"Actual Loops": 3,"Workers": []},{"Node Type": "Hash","Parent Relationship": "Inner","Parallel Aware": false,"Async Capable": false,"Startup Cost": 2.40,"Total Cost": 2.40,"Plan Rows": 1,"Plan Width": 108,"Actual Startup Time": 0.165,"Actual Total Time": 0.187,"Actual Rows": 5,"Actual Loops": 3,"Hash Buckets": 1024,"Original Hash Buckets": 1024,"Hash Batches": 1,"Original Hash Batches": 1,"Peak Memory Usage": 9,"Workers": [],"Plans": [{"Node Type": "Hash Join","Parent Relationship": "Outer","Parallel Aware": false,"Async Capable": false,"Join Type": "Inner","Startup Cost": 1.07,"Total Cost": 2.40,"Plan Rows": 1,"Plan Width": 108,"Actual Startup Time": 0.151,"Actual Total Time": 0.177,"Actual Rows": 5,"Actual Loops": 3,"Inner Unique": true,"Hash Cond": "(nation.n_regionkey = region.r_regionkey)","Workers": [],"Plans": [{"Node Type": "Seq Scan","Parent Relationship": "Outer","Parallel Aware": false,"Async Capable": false,"Relation Name": "nation","Alias": "nation","Startup Cost": 0.00,"Total Cost": 1.25,"Plan Rows": 25,"Plan Width": 112,"Actual Startup Time": 0.067,"Actual Total Time": 0.072,"Actual Rows": 25,"Actual Loops": 3,"Workers": []},{"Node Type": "Hash","Parent Relationship": "Inner","Parallel Aware": false,"Async Capable": false,"Startup Cost": 1.06,"Total Cost": 1.06,"Plan Rows": 1,"Plan Width": 4,"Actual Startup Time": 0.055,"Actual Total Time": 0.063,"Actual Rows": 1,"Actual Loops": 3,"Hash Buckets": 1024,"Original Hash Buckets": 1024,"Hash Batches": 1,"Original Hash Batches": 1,"Peak Memory Usage": 9,"Workers": [],"Plans": [{"Node Type": "Seq Scan","Parent Relationship": "Outer","Parallel Aware": false,"Async Capable": false,"Relation Name": "region","Alias": "region","Startup Cost": 0.00,"Total Cost": 1.06,"Plan Rows": 1,"Plan Width": 4,"Actual Startup Time": 0.042,"Actual Total Time": 0.044,"Actual Rows": 1,"Actual Loops": 3,"Filter": "(r_name = 'MIDDLE EAST'::bpchar)","Rows Removed by Filter": 4,"Workers": []}]}]}]}]},{"Node Type": "Index Scan","Parent Relationship": "Inner","Parallel Aware": false,"Async Capable": false,"Scan Direction": "Forward","Index Name": "idx_orders_custkey","Relation Name": "orders","Alias": "orders","Startup Cost": 0.43,"Total Cost": 1.55,"Plan Rows": 3,"Plan Width": 8,"Actual Startup Time": 0.017,"Actual Total Time": 0.039,"Actual Rows": 2,"Actual Loops": 29904,"Index Cond": "(o_custkey = customer.c_custkey)","Rows Removed by Index Recheck": 0,"Filter": "((o_orderdate >= '1993-01-01'::date) AND (o_orderdate < '1994-01-01 00:00:00'::timestamp without time zone))","Rows Removed by Filter": 8,"Workers": []}]},{"Node Type": "Index Scan","Parent Relationship": "Inner","Parallel Aware": false,"Async Capable": false,"Scan Direction": "Forward","Index Name": "idx_lineitem_orderkey","Relation Name": "lineitem","Alias": "lineitem","Startup Cost": 0.43,"Total Cost": 2.90,"Plan Rows": 17,"Plan Width": 20,"Actual Startup Time": 0.017,"Actual Total Time": 0.019,"Actual Rows": 4,"Actual Loops": 44917,"Index Cond": "(l_orderkey = orders.o_orderkey)","Rows Removed by Index Recheck": 0,"Workers": []}]},{"Node Type": "Hash","Parent Relationship": "Inner","Parallel Aware": false,"Async Capable": false,"Startup Cost": 322.00,"Total Cost": 322.00,"Plan Rows": 10000,"Plan Width": 8,"Actual Startup Time": 13.351,"Actual Total Time": 13.355,"Actual Rows": 10000,"Actual Loops": 3,"Hash Buckets": 16384,"Original Hash Buckets": 16384,"Hash Batches": 1,"Original Hash Batches": 1,"Peak Memory Usage": 519,"Workers": [],"Plans": [{"Node Type": "Seq Scan","Parent Relationship": "Outer","Parallel Aware": false,"Async Capable": false,"Relation Name": "supplier","Alias": "supplier","Startup Cost": 0.00,"Total Cost": 322.00,"Plan Rows": 10000,"Plan Width": 8,"Actual Startup Time": 0.056,"Actual Total Time": 11.541,"Actual Rows": 10000,"Actual Loops": 3,"Workers": []}]}]}]}]}]}]}]},"Planning Time": 9.915,"Triggers": [],"Execution Time": 840.541}]
[{"Plan": {"Node Type": "Sort","Parallel Aware": false,"Async Capable": false,"Startup Cost": 21522.30,"Total Cost": 21522.36,"Plan Rows": 25,"Plan Width": 136,"Actual Startup Time": 815.371,"Actual Total Time": 846.364,"Actual Rows": 5,"Actual Loops": 1,"Sort Key": ["(sum((lineitem.l_extendedprice * ('1'::numeric - lineitem.l_discount)))) DESC"],"Sort Method": "quicksort","Sort Space Used": 25,"Sort Space Type": "Memory","Plans": [{"Node Type": "Aggregate","Strategy": "Sorted","Partial Mode": "Finalize","Parent Relationship": "Outer","Parallel Aware": false,"Async Capable": false,"Startup Cost": 21507.43,"Total Cost": 21521.72,"Plan Rows": 25,"Plan Width": 136,"Actual Startup Time": 814.708,"Actual Total Time": 846.319,"Actual Rows": 5,"Actual Loops": 1,"Group Key": ["nation.n_name"],"Plans": [{"Node Type": "Gather Merge","Parent Relationship": "Outer","Parallel Aware": false,"Async Capable": false,"Startup Cost": 21507.43,"Total Cost": 21521.03,"Plan Rows": 50,"Plan Width": 136,"Actual Startup Time": 814.181,"Actual Total Time": 846.266,"Actual Rows": 15,"Actual Loops": 1,"Workers Planned": 2,"Workers Launched": 2,"Plans": [{"Node Type": "Aggregate","Strategy": "Sorted","Partial Mode": "Partial","Parent Relationship": "Outer","Parallel Aware": false,"Async Capable": false,"Startup Cost": 20507.41,"Total Cost": 20515.23,"Plan Rows": 25,"Plan Width": 136,"Actual Startup Time": 806.060,"Actual Total Time": 806.902,"Actual Rows": 5,"Actual Loops": 3,"Group Key": ["nation.n_name"],"Workers": [],"Plans": [{"Node Type": "Sort","Parent Relationship": "Outer","Parallel Aware": false,"Async Capable": false,"Startup Cost": 20507.41,"Total Cost": 20508.91,"Plan Rows": 601,"Plan Width": 116,"Actual Startup Time": 805.845,"Actual Total Time": 805.988,"Actual Rows": 2405,"Actual Loops": 3,"Sort Key": ["nation.n_name"],"Sort Method": "quicksort","Sort Space Used": 288,"Sort Space Type": "Memory","Workers": [{"Worker Number": 0,"Sort Method": "quicksort","Sort Space Used": 282,"Sort Space Type": "Memory"},{"Worker Number": 1,"Sort Method": "quicksort","Sort Space Used": 284,"Sort Space Type": "Memory"}],"Plans": [{"Node Type": "Hash Join","Parent Relationship": "Outer","Parallel Aware": false,"Async Capable": false,"Join Type": "Inner","Startup Cost": 475.27,"Total Cost": 20479.67,"Plan Rows": 601,"Plan Width": 116,"Actual Startup Time": 14.857,"Actual Total Time": 804.339,"Actual Rows": 2405,"Actual Loops": 3,"Inner Unique": true,"Hash Cond": "((lineitem.l_suppkey = supplier.s_suppkey) AND (customer.c_nationkey = supplier.s_nationkey))","Workers": [],"Plans": [{"Node Type": "Nested Loop","Parent Relationship": "Outer","Parallel Aware": false,"Async Capable": false,"Join Type": "Inner","Startup Cost": 3.27,"Total Cost": 19928.78,"Plan Rows": 15027,"Plan Width": 128,"Actual Startup Time": 0.928,"Actual Total Time": 758.714,"Actual Rows": 60519,"Actual Loops": 3,"Inner Unique": false,"Workers": [],"Plans": [{"Node Type": "Nested Loop","Parent Relationship": "Outer","Parallel Aware": false,"Async Capable": false,"Join Type": "Inner","Startup Cost": 2.84,"Total Cost": 8414.26,"Plan Rows": 3756,"Plan Width": 116,"Actual Startup Time": 0.799,"Actual Total Time": 454.413,"Actual Rows": 15151,"Actual Loops": 3,"Inner Unique": false,"Workers": [],"Plans": [{"Node Type": "Hash Join","Parent Relationship": "Outer","Parallel Aware": false,"Async Capable": false,"Join Type": "Inner","Startup Cost": 2.41,"Total Cost": 4471.79,"Plan Rows": 2500,"Plan Width": 116,"Actual Startup Time": 0.321,"Actual Total Time": 54.810,"Actual Rows": 10061,"Actual Loops": 3,"Inner Unique": false,"Hash Cond": "(customer.c_nationkey = nation.n_nationkey)","Workers": [],"Plans": [{"Node Type": "Seq Scan","Parent Relationship": "Outer","Parallel Aware": true,"Async Capable": false,"Relation Name": "customer","Alias": "customer","Startup Cost": 0.00,"Total Cost": 4210.00,"Plan Rows": 62500,"Plan Width": 8,"Actual Startup Time": 0.016,"Actual Total Time": 9.647,"Actual Rows": 50000,"Actual Loops": 3,"Workers": []},{"Node Type": "Hash","Parent Relationship": "Inner","Parallel Aware": false,"Async Capable": false,"Startup Cost": 2.40,"Total Cost": 2.40,"Plan Rows": 1,"Plan Width": 108,"Actual Startup Time": 0.190,"Actual Total Time": 0.209,"Actual Rows": 5,"Actual Loops": 3,"Hash Buckets": 1024,"Original Hash Buckets": 1024,"Hash Batches": 1,"Original Hash Batches": 1,"Peak Memory Usage": 9,"Workers": [],"Plans": [{"Node Type": "Hash Join","Parent Relationship": "Outer","Parallel Aware": false,"Async Capable": false,"Join Type": "Inner","Startup Cost": 1.07,"Total Cost": 2.40,"Plan Rows": 1,"Plan Width": 108,"Actual Startup Time": 0.173,"Actual Total Time": 0.196,"Actual Rows": 5,"Actual Loops": 3,"Inner Unique": true,"Hash Cond": "(nation.n_regionkey = region.r_regionkey)","Workers": [],"Plans": [{"Node Type": "Seq Scan","Parent Relationship": "Outer","Parallel Aware": false,"Async Capable": false,"Relation Name": "nation","Alias": "nation","Startup Cost": 0.00,"Total Cost": 1.25,"Plan Rows": 25,"Plan Width": 112,"Actual Startup Time": 0.080,"Actual Total Time": 0.084,"Actual Rows": 25,"Actual Loops": 3,"Workers": []},{"Node Type": "Hash","Parent Relationship": "Inner","Parallel Aware": false,"Async Capable": false,"Startup Cost": 1.06,"Total Cost": 1.06,"Plan Rows": 1,"Plan Width": 4,"Actual Startup Time": 0.060,"Actual Total Time": 0.067,"Actual Rows": 1,"Actual Loops": 3,"Hash Buckets": 1024,"Original Hash Buckets": 1024,"Hash Batches": 1,"Original Hash Batches": 1,"Peak Memory Usage": 9,"Workers": [],"Plans": [{"Node Type": "Seq Scan","Parent Relationship": "Outer","Parallel Aware": false,"Async Capable": false,"Relation Name": "region","Alias": "region","Startup Cost": 0.00,"Total Cost": 1.06,"Plan Rows": 1,"Plan Width": 4,"Actual Startup Time": 0.046,"Actual Total Time": 0.049,"Actual Rows": 1,"Actual Loops": 3,"Filter": "(r_name = 'ASIA'::bpchar)","Rows Removed by Filter": 4,"Workers": []}]}]}]}]},{"Node Type": "Index Scan","Parent Relationship": "Inner","Parallel Aware": false,"Async Capable": false,"Scan Direction": "Forward","Index Name": "idx_orders_custkey","Relation Name": "orders","Alias": "orders","Startup Cost": 0.43,"Total Cost": 1.55,"Plan Rows": 3,"Plan Width": 8,"Actual Startup Time": 0.017,"Actual Total Time": 0.039,"Actual Rows": 2,"Actual Loops": 30183,"Index Cond": "(o_custkey = customer.c_custkey)","Rows Removed by Index Recheck": 0,"Filter": "((o_orderdate >= '1993-01-01'::date) AND (o_orderdate < '1994-01-01 00:00:00'::timestamp without time zone))","Rows Removed by Filter": 8,"Workers": []}]},{"Node Type": "Index Scan","Parent Relationship": "Inner","Parallel Aware": false,"Async Capable": false,"Scan Direction": "Forward","Index Name": "idx_lineitem_orderkey","Relation Name": "lineitem","Alias": "lineitem","Startup Cost": 0.43,"Total Cost": 2.90,"Plan Rows": 17,"Plan Width": 20,"Actual Startup Time": 0.017,"Actual Total Time": 0.019,"Actual Rows": 4,"Actual Loops": 45452,"Index Cond": "(l_orderkey = orders.o_orderkey)","Rows Removed by Index Recheck": 0,"Workers": []}]},{"Node Type": "Hash","Parent Relationship": "Inner","Parallel Aware": false,"Async Capable": false,"Startup Cost": 322.00,"Total Cost": 322.00,"Plan Rows": 10000,"Plan Width": 8,"Actual Startup Time": 13.249,"Actual Total Time": 13.253,"Actual Rows": 10000,"Actual Loops": 3,"Hash Buckets": 16384,"Original Hash Buckets": 16384,"Hash Batches": 1,"Original Hash Batches": 1,"Peak Memory Usage": 519,"Workers": [],"Plans": [{"Node Type": "Seq Scan","Parent Relationship": "Outer","Parallel Aware": false,"Async Capable": false,"Relation Name": "supplier","Alias": "supplier","Startup Cost": 0.00,"Total Cost": 322.00,"Plan Rows": 10000,"Plan Width": 8,"Actual Startup Time": 0.061,"Actual Total Time": 11.553,"Actual Rows": 10000,"Actual Loops": 3,"Workers": []}]}]}]}]}]}]}]},"Planning Time": 10.259,"Triggers": [],"Execution Time": 846.817}]
[{"Plan": {"Node Type": "Sort","Parallel Aware": false,"Async Capable": false,"Startup Cost": 21616.39,"Total Cost": 21616.45,"Plan Rows": 25,"Plan Width": 136,"Actual Startup Time": 848.991,"Actual Total Time": 881.316,"Actual Rows": 5,"Actual Loops": 1,"Sort Key": ["(sum((lineitem.l_extendedprice * ('1'::numeric - lineitem.l_discount)))) DESC"],"Sort Method": "quicksort","Sort Space Used": 25,"Sort Space Type": "Memory","Plans": [{"Node Type": "Aggregate","Strategy": "Sorted","Partial Mode": "Finalize","Parent Relationship": "Outer","Parallel Aware": false,"Async Capable": false,"Startup Cost": 21601.33,"Total Cost": 21615.81,"Plan Rows": 25,"Plan Width": 136,"Actual Startup Time": 848.402,"Actual Total Time": 881.262,"Actual Rows": 5,"Actual Loops": 1,"Group Key": ["nation.n_name"],"Plans": [{"Node Type": "Gather Merge","Parent Relationship": "Outer","Parallel Aware": false,"Async Capable": false,"Startup Cost": 21601.33,"Total Cost": 21615.12,"Plan Rows": 50,"Plan Width": 136,"Actual Startup Time": 848.176,"Actual Total Time": 881.211,"Actual Rows": 15,"Actual Loops": 1,"Workers Planned": 2,"Workers Launched": 2,"Plans": [{"Node Type": "Aggregate","Strategy": "Sorted","Partial Mode": "Partial","Parent Relationship": "Outer","Parallel Aware": false,"Async Capable": false,"Startup Cost": 20601.30,"Total Cost": 20609.33,"Plan Rows": 25,"Plan Width": 136,"Actual Startup Time": 841.096,"Actual Total Time": 841.805,"Actual Rows": 5,"Actual Loops": 3,"Group Key": ["nation.n_name"],"Workers": [],"Plans": [{"Node Type": "Sort","Parent Relationship": "Outer","Parallel Aware": false,"Async Capable": false,"Startup Cost": 20601.30,"Total Cost": 20602.85,"Plan Rows": 617,"Plan Width": 116,"Actual Startup Time": 840.878,"Actual Total Time": 841.005,"Actual Rows": 2453,"Actual Loops": 3,"Sort Key": ["nation.n_name"],"Sort Method": "quicksort","Sort Space Used": 289,"Sort Space Type": "Memory","Workers": [{"Worker Number": 0,"Sort Method": "quicksort","Sort Space Used": 295,"Sort Space Type": "Memory"},{"Worker Number": 1,"Sort Method": "quicksort","Sort Space Used": 281,"Sort Space Type": "Memory"}],"Plans": [{"Node Type": "Hash Join","Parent Relationship": "Outer","Parallel Aware": false,"Async Capable": false,"Join Type": "Inner","Startup Cost": 475.27,"Total Cost": 20572.71,"Plan Rows": 617,"Plan Width": 116,"Actual Startup Time": 10.379,"Actual Total Time": 839.260,"Actual Rows": 2453,"Actual Loops": 3,"Inner Unique": true,"Hash Cond": "((lineitem.l_suppkey = supplier.s_suppkey) AND (customer.c_nationkey = supplier.s_nationkey))","Workers": [],"Plans": [{"Node Type": "Nested Loop","Parent Relationship": "Outer","Parallel Aware": false,"Async Capable": false,"Join Type": "Inner","Startup Cost": 3.27,"Total Cost": 20019.70,"Plan Rows": 15431,"Plan Width": 128,"Actual Startup Time": 0.539,"Actual Total Time": 793.839,"Actual Rows": 61906,"Actual Loops": 3,"Inner Unique": false,"Workers": [],"Plans": [{"Node Type": "Nested Loop","Parent Relationship": "Outer","Parallel Aware": false,"Async Capable": false,"Join Type": "Inner","Startup Cost": 2.84,"Total Cost": 8414.26,"Plan Rows": 3857,"Plan Width": 116,"Actual Startup Time": 0.431,"Actual Total Time": 473.927,"Actual Rows": 15506,"Actual Loops": 3,"Inner Unique": false,"Workers": [],"Plans": [{"Node Type": "Hash Join","Parent Relationship": "Outer","Parallel Aware": false,"Async Capable": false,"Join Type": "Inner","Startup Cost": 2.41,"Total Cost": 4471.79,"Plan Rows": 2500,"Plan Width": 116,"Actual Startup Time": 0.234,"Actual Total Time": 55.451,"Actual Rows": 10066,"Actual Loops": 3,"Inner Unique": false,"Hash Cond": "(customer.c_nationkey = nation.n_nationkey)","Workers": [],"Plans": [{"Node Type": "Seq Scan","Parent Relationship": "Outer","Parallel Aware": true,"Async Capable": false,"Relation Name": "customer","Alias": "customer","Startup Cost": 0.00,"Total Cost": 4210.00,"Plan Rows": 62500,"Plan Width": 8,"Actual Startup Time": 0.019,"Actual Total Time": 9.720,"Actual Rows": 50000,"Actual Loops": 3,"Workers": []},{"Node Type": "Hash","Parent Relationship": "Inner","Parallel Aware": false,"Async Capable": false,"Startup Cost": 2.40,"Total Cost": 2.40,"Plan Rows": 1,"Plan Width": 108,"Actual Startup Time": 0.128,"Actual Total Time": 0.148,"Actual Rows": 5,"Actual Loops": 3,"Hash Buckets": 1024,"Original Hash Buckets": 1024,"Hash Batches": 1,"Original Hash Batches": 1,"Peak Memory Usage": 9,"Workers": [],"Plans": [{"Node Type": "Hash Join","Parent Relationship": "Outer","Parallel Aware": false,"Async Capable": false,"Join Type": "Inner","Startup Cost": 1.07,"Total Cost": 2.40,"Plan Rows": 1,"Plan Width": 108,"Actual Startup Time": 0.115,"Actual Total Time": 0.137,"Actual Rows": 5,"Actual Loops": 3,"Inner Unique": true,"Hash Cond": "(nation.n_regionkey = region.r_regionkey)","Workers": [],"Plans": [{"Node Type": "Seq Scan","Parent Relationship": "Outer","Parallel Aware": false,"Async Capable": false,"Relation Name": "nation","Alias": "nation","Startup Cost": 0.00,"Total Cost": 1.25,"Plan Rows": 25,"Plan Width": 112,"Actual Startup Time": 0.040,"Actual Total Time": 0.044,"Actual Rows": 25,"Actual Loops": 3,"Workers": []},{"Node Type": "Hash","Parent Relationship": "Inner","Parallel Aware": false,"Async Capable": false,"Startup Cost": 1.06,"Total Cost": 1.06,"Plan Rows": 1,"Plan Width": 4,"Actual Startup Time": 0.046,"Actual Total Time": 0.051,"Actual Rows": 1,"Actual Loops": 3,"Hash Buckets": 1024,"Original Hash Buckets": 1024,"Hash Batches": 1,"Original Hash Batches": 1,"Peak Memory Usage": 9,"Workers": [],"Plans": [{"Node Type": "Seq Scan","Parent Relationship": "Outer","Parallel Aware": false,"Async Capable": false,"Relation Name": "region","Alias": "region","Startup Cost": 0.00,"Total Cost": 1.06,"Plan Rows": 1,"Plan Width": 4,"Actual Startup Time": 0.033,"Actual Total Time": 0.034,"Actual Rows": 1,"Actual Loops": 3,"Filter": "(r_name = 'EUROPE'::bpchar)","Rows Removed by Filter": 4,"Workers": []}]}]}]}]},{"Node Type": "Index Scan","Parent Relationship": "Inner","Parallel Aware": false,"Async Capable": false,"Scan Direction": "Forward","Index Name": "idx_orders_custkey","Relation Name": "orders","Alias": "orders","Startup Cost": 0.43,"Total Cost": 1.55,"Plan Rows": 3,"Plan Width": 8,"Actual Startup Time": 0.017,"Actual Total Time": 0.041,"Actual Rows": 2,"Actual Loops": 30197,"Index Cond": "(o_custkey = customer.c_custkey)","Rows Removed by Index Recheck": 0,"Filter": "((o_orderdate >= '1996-01-01'::date) AND (o_orderdate < '1997-01-01 00:00:00'::timestamp without time zone))","Rows Removed by Filter": 9,"Workers": []}]},{"Node Type": "Index Scan","Parent Relationship": "Inner","Parallel Aware": false,"Async Capable": false,"Scan Direction": "Forward","Index Name": "idx_lineitem_orderkey","Relation Name": "lineitem","Alias": "lineitem","Startup Cost": 0.43,"Total Cost": 2.84,"Plan Rows": 17,"Plan Width": 20,"Actual Startup Time": 0.017,"Actual Total Time": 0.020,"Actual Rows": 4,"Actual Loops": 46518,"Index Cond": "(l_orderkey = orders.o_orderkey)","Rows Removed by Index Recheck": 0,"Workers": []}]},{"Node Type": "Hash","Parent Relationship": "Inner","Parallel Aware": false,"Async Capable": false,"Startup Cost": 322.00,"Total Cost": 322.00,"Plan Rows": 10000,"Plan Width": 8,"Actual Startup Time": 8.337,"Actual Total Time": 8.340,"Actual Rows": 10000,"Actual Loops": 3,"Hash Buckets": 16384,"Original Hash Buckets": 16384,"Hash Batches": 1,"Original Hash Batches": 1,"Peak Memory Usage": 519,"Workers": [],"Plans": [{"Node Type": "Seq Scan","Parent Relationship": "Outer","Parallel Aware": false,"Async Capable": false,"Relation Name": "supplier","Alias": "supplier","Startup Cost": 0.00,"Total Cost": 322.00,"Plan Rows": 10000,"Plan Width": 8,"Actual Startup Time": 0.039,"Actual Total Time": 6.479,"Actual Rows": 10000,"Actual Loops": 3,"Workers": []}]}]}]}]}]}]}]},"Planning Time": 9.377,"Triggers": [],"Execution Time": 881.912}]
[{"Plan": {"Node Type": "Sort","Parallel Aware": false,"Async Capable": false,"Startup Cost": 21616.39,"Total Cost": 21616.45,"Plan Rows": 25,"Plan Width": 136,"Actual Startup Time": 804.800,"Actual Total Time": 836.793,"Actual Rows": 5,"Actual Loops": 1,"Sort Key": ["(sum((lineitem.l_extendedprice * ('1'::numeric - lineitem.l_discount)))) DESC"],"Sort Method": "quicksort","Sort Space Used": 25,"Sort Space Type": "Memory","Plans": [{"Node Type": "Aggregate","Strategy": "Sorted","Partial Mode": "Finalize","Parent Relationship": "Outer","Parallel Aware": false,"Async Capable": false,"Startup Cost": 21601.33,"Total Cost": 21615.81,"Plan Rows": 25,"Plan Width": 136,"Actual Startup Time": 804.196,"Actual Total Time": 836.738,"Actual Rows": 5,"Actual Loops": 1,"Group Key": ["nation.n_name"],"Plans": [{"Node Type": "Gather Merge","Parent Relationship": "Outer","Parallel Aware": false,"Async Capable": false,"Startup Cost": 21601.33,"Total Cost": 21615.12,"Plan Rows": 50,"Plan Width": 136,"Actual Startup Time": 803.537,"Actual Total Time": 836.675,"Actual Rows": 15,"Actual Loops": 1,"Workers Planned": 2,"Workers Launched": 2,"Plans": [{"Node Type": "Aggregate","Strategy": "Sorted","Partial Mode": "Partial","Parent Relationship": "Outer","Parallel Aware": false,"Async Capable": false,"Startup Cost": 20601.30,"Total Cost": 20609.33,"Plan Rows": 25,"Plan Width": 136,"Actual Startup Time": 795.499,"Actual Total Time": 796.369,"Actual Rows": 5,"Actual Loops": 3,"Group Key": ["nation.n_name"],"Workers": [],"Plans": [{"Node Type": "Sort","Parent Relationship": "Outer","Parallel Aware": false,"Async Capable": false,"Startup Cost": 20601.30,"Total Cost": 20602.85,"Plan Rows": 617,"Plan Width": 116,"Actual Startup Time": 795.285,"Actual Total Time": 795.436,"Actual Rows": 2498,"Actual Loops": 3,"Sort Key": ["nation.n_name"],"Sort Method": "quicksort","Sort Space Used": 299,"Sort Space Type": "Memory","Workers": [{"Worker Number": 0,"Sort Method": "quicksort","Sort Space Used": 291,"Sort Space Type": "Memory"},{"Worker Number": 1,"Sort Method": "quicksort","Sort Space Used": 284,"Sort Space Type": "Memory"}],"Plans": [{"Node Type": "Hash Join","Parent Relationship": "Outer","Parallel Aware": false,"Async Capable": false,"Join Type": "Inner","Startup Cost": 475.27,"Total Cost": 20572.71,"Plan Rows": 617,"Plan Width": 116,"Actual Startup Time": 14.014,"Actual Total Time": 793.817,"Actual Rows": 2498,"Actual Loops": 3,"Inner Unique": true,"Hash Cond": "((lineitem.l_suppkey = supplier.s_suppkey) AND (customer.c_nationkey = supplier.s_nationkey))","Workers": [],"Plans": [{"Node Type": "Nested Loop","Parent Relationship": "Outer","Parallel Aware": false,"Async Capable": false,"Join Type": "Inner","Startup Cost": 3.27,"Total Cost": 20019.70,"Plan Rows": 15431,"Plan Width": 128,"Actual Startup Time": 0.837,"Actual Total Time": 749.002,"Actual Rows": 60742,"Actual Loops": 3,"Inner Unique": false,"Workers": [],"Plans": [{"Node Type": "Nested Loop","Parent Relationship": "Outer","Parallel Aware": false,"Async Capable": false,"Join Type": "Inner","Startup Cost": 2.84,"Total Cost": 8414.26,"Plan Rows": 3857,"Plan Width": 116,"Actual Startup Time": 0.706,"Actual Total Time": 447.815,"Actual Rows": 15183,"Actual Loops": 3,"Inner Unique": false,"Workers": [],"Plans": [{"Node Type": "Hash Join","Parent Relationship": "Outer","Parallel Aware": false,"Async Capable": false,"Join Type": "Inner","Startup Cost": 2.41,"Total Cost": 4471.79,"Plan Rows": 2500,"Plan Width": 116,"Actual Startup Time": 0.258,"Actual Total Time": 55.848,"Actual Rows": 9984,"Actual Loops": 3,"Inner Unique": false,"Hash Cond": "(customer.c_nationkey = nation.n_nationkey)","Workers": [],"Plans": [{"Node Type": "Seq Scan","Parent Relationship": "Outer","Parallel Aware": true,"Async Capable": false,"Relation Name": "customer","Alias": "customer","Startup Cost": 0.00,"Total Cost": 4210.00,"Plan Rows": 62500,"Plan Width": 8,"Actual Startup Time": 0.017,"Actual Total Time": 9.503,"Actual Rows": 50000,"Actual Loops": 3,"Workers": []},{"Node Type": "Hash","Parent Relationship": "Inner","Parallel Aware": false,"Async Capable": false,"Startup Cost": 2.40,"Total Cost": 2.40,"Plan Rows": 1,"Plan Width": 108,"Actual Startup Time": 0.153,"Actual Total Time": 0.178,"Actual Rows": 5,"Actual Loops": 3,"Hash Buckets": 1024,"Original Hash Buckets": 1024,"Hash Batches": 1,"Original Hash Batches": 1,"Peak Memory Usage": 9,"Workers": [],"Plans": [{"Node Type": "Hash Join","Parent Relationship": "Outer","Parallel Aware": false,"Async Capable": false,"Join Type": "Inner","Startup Cost": 1.07,"Total Cost": 2.40,"Plan Rows": 1,"Plan Width": 108,"Actual Startup Time": 0.136,"Actual Total Time": 0.167,"Actual Rows": 5,"Actual Loops": 3,"Inner Unique": true,"Hash Cond": "(nation.n_regionkey = region.r_regionkey)","Workers": [],"Plans": [{"Node Type": "Seq Scan","Parent Relationship": "Outer","Parallel Aware": false,"Async Capable": false,"Relation Name": "nation","Alias": "nation","Startup Cost": 0.00,"Total Cost": 1.25,"Plan Rows": 25,"Plan Width": 112,"Actual Startup Time": 0.055,"Actual Total Time": 0.059,"Actual Rows": 25,"Actual Loops": 3,"Workers": []},{"Node Type": "Hash","Parent Relationship": "Inner","Parallel Aware": false,"Async Capable": false,"Startup Cost": 1.06,"Total Cost": 1.06,"Plan Rows": 1,"Plan Width": 4,"Actual Startup Time": 0.050,"Actual Total Time": 0.057,"Actual Rows": 1,"Actual Loops": 3,"Hash Buckets": 1024,"Original Hash Buckets": 1024,"Hash Batches": 1,"Original Hash Batches": 1,"Peak Memory Usage": 9,"Workers": [],"Plans": [{"Node Type": "Seq Scan","Parent Relationship": "Outer","Parallel Aware": false,"Async Capable": false,"Relation Name": "region","Alias": "region","Startup Cost": 0.00,"Total Cost": 1.06,"Plan Rows": 1,"Plan Width": 4,"Actual Startup Time": 0.036,"Actual Total Time": 0.039,"Actual Rows": 1,"Actual Loops": 3,"Filter": "(r_name = 'AMERICA'::bpchar)","Rows Removed by Filter": 4,"Workers": []}]}]}]}]},{"Node Type": "Index Scan","Parent Relationship": "Inner","Parallel Aware": false,"Async Capable": false,"Scan Direction": "Forward","Index Name": "idx_orders_custkey","Relation Name": "orders","Alias": "orders","Startup Cost": 0.43,"Total Cost": 1.55,"Plan Rows": 3,"Plan Width": 8,"Actual Startup Time": 0.017,"Actual Total Time": 0.039,"Actual Rows": 2,"Actual Loops": 29952,"Index Cond": "(o_custkey = customer.c_custkey)","Rows Removed by Index Recheck": 0,"Filter": "((o_orderdate >= '1996-01-01'::date) AND (o_orderdate < '1997-01-01 00:00:00'::timestamp without time zone))","Rows Removed by Filter": 8,"Workers": []}]},{"Node Type": "Index Scan","Parent Relationship": "Inner","Parallel Aware": false,"Async Capable": false,"Scan Direction": "Forward","Index Name": "idx_lineitem_orderkey","Relation Name": "lineitem","Alias": "lineitem","Startup Cost": 0.43,"Total Cost": 2.84,"Plan Rows": 17,"Plan Width": 20,"Actual Startup Time": 0.016,"Actual Total Time": 0.019,"Actual Rows": 4,"Actual Loops": 45549,"Index Cond": "(l_orderkey = orders.o_orderkey)","Rows Removed by Index Recheck": 0,"Workers": []}]},{"Node Type": "Hash","Parent Relationship": "Inner","Parallel Aware": false,"Async Capable": false,"Startup Cost": 322.00,"Total Cost": 322.00,"Plan Rows": 10000,"Plan Width": 8,"Actual Startup Time": 12.297,"Actual Total Time": 12.301,"Actual Rows": 10000,"Actual Loops": 3,"Hash Buckets": 16384,"Original Hash Buckets": 16384,"Hash Batches": 1,"Original Hash Batches": 1,"Peak Memory Usage": 519,"Workers": [],"Plans": [{"Node Type": "Seq Scan","Parent Relationship": "Outer","Parallel Aware": false,"Async Capable": false,"Relation Name": "supplier","Alias": "supplier","Startup Cost": 0.00,"Total Cost": 322.00,"Plan Rows": 10000,"Plan Width": 8,"Actual Startup Time": 0.045,"Actual Total Time": 10.666,"Actual Rows": 10000,"Actual Loops": 3,"Workers": []}]}]}]}]}]}]}]},"Planning Time": 9.455,"Triggers": [],"Execution Time": 837.268}]
[{"Plan": {"Node Type": "Sort","Parallel Aware": false,"Async Capable": false,"Startup Cost": 21565.24,"Total Cost": 21565.30,"Plan Rows": 25,"Plan Width": 136,"Actual Startup Time": 797.386,"Actual Total Time": 830.222,"Actual Rows": 5,"Actual Loops": 1,"Sort Key": ["(sum((lineitem.l_extendedprice * ('1'::numeric - lineitem.l_discount)))) DESC"],"Sort Method": "quicksort","Sort Space Used": 25,"Sort Space Type": "Memory","Plans": [{"Node Type": "Aggregate","Strategy": "Sorted","Partial Mode": "Finalize","Parent Relationship": "Outer","Parallel Aware": false,"Async Capable": false,"Startup Cost": 21550.29,"Total Cost": 21564.66,"Plan Rows": 25,"Plan Width": 136,"Actual Startup Time": 796.761,"Actual Total Time": 830.172,"Actual Rows": 5,"Actual Loops": 1,"Group Key": ["nation.n_name"],"Plans": [{"Node Type": "Gather Merge","Parent Relationship": "Outer","Parallel Aware": false,"Async Capable": false,"Startup Cost": 21550.29,"Total Cost": 21563.97,"Plan Rows": 50,"Plan Width": 136,"Actual Startup Time": 796.547,"Actual Total Time": 830.110,"Actual Rows": 15,"Actual Loops": 1,"Workers Planned": 2,"Workers Launched": 2,"Plans": [{"Node Type": "Aggregate","Strategy": "Sorted","Partial Mode": "Partial","Parent Relationship": "Outer","Parallel Aware": false,"Async Capable": false,"Startup Cost": 20550.26,"Total Cost": 20558.18,"Plan Rows": 25,"Plan Width": 136,"Actual Startup Time": 788.895,"Actual Total Time": 789.783,"Actual Rows": 5,"Actual Loops": 3,"Group Key": ["nation.n_name"],"Workers": [],"Plans": [{"Node Type": "Sort","Parent Relationship": "Outer","Parallel Aware": false,"Async Capable": false,"Startup Cost": 20550.26,"Total Cost": 20551.78,"Plan Rows": 608,"Plan Width": 116,"Actual Startup Time": 788.664,"Actual Total Time": 788.842,"Actual Rows": 2456,"Actual Loops": 3,"Sort Key": ["nation.n_name"],"Sort Method": "quicksort","Sort Space Used": 291,"Sort Space Type": "Memory","Workers": [{"Worker Number": 0,"Sort Method": "quicksort","Sort Space Used": 279,"Sort Space Type": "Memory"},{"Worker Number": 1,"Sort Method": "quicksort","Sort Space Used": 295,"Sort Space Type": "Memory"}],"Plans": [{"Node Type": "Hash Join","Parent Relationship": "Outer","Parallel Aware": false,"Async Capable": false,"Join Type": "Inner","Startup Cost": 475.27,"Total Cost": 20522.15,"Plan Rows": 608,"Plan Width": 116,"Actual Startup Time": 10.168,"Actual Total Time": 787.209,"Actual Rows": 2456,"Actual Loops": 3,"Inner Unique": true,"Hash Cond": "((lineitem.l_suppkey = supplier.s_suppkey) AND (customer.c_nationkey = supplier.s_nationkey))","Workers": [],"Plans": [{"Node Type": "Nested Loop","Parent Relationship": "Outer","Parallel Aware": false,"Async Capable": false,"Join Type": "Inner","Startup Cost": 3.27,"Total Cost": 19970.29,"Plan Rows": 15211,"Plan Width": 128,"Actual Startup Time": 0.661,"Actual Total Time": 744.432,"Actual Rows": 60955,"Actual Loops": 3,"Inner Unique": false,"Workers": [],"Plans": [{"Node Type": "Nested Loop","Parent Relationship": "Outer","Parallel Aware": false,"Async Capable": false,"Join Type": "Inner","Startup Cost": 2.84,"Total Cost": 8414.26,"Plan Rows": 3802,"Plan Width": 116,"Actual Startup Time": 0.532,"Actual Total Time": 444.261,"Actual Rows": 15210,"Actual Loops": 3,"Inner Unique": false,"Workers": [],"Plans": [{"Node Type": "Hash Join","Parent Relationship": "Outer","Parallel Aware": false,"Async Capable": false,"Join Type": "Inner","Startup Cost": 2.41,"Total Cost": 4471.79,"Plan Rows": 2500,"Plan Width": 116,"Actual Startup Time": 0.249,"Actual Total Time": 53.241,"Actual Rows": 9984,"Actual Loops": 3,"Inner Unique": false,"Hash Cond": "(customer.c_nationkey = nation.n_nationkey)","Workers": [],"Plans": [{"Node Type": "Seq Scan","Parent Relationship": "Outer","Parallel Aware": true,"Async Capable": false,"Relation Name": "customer","Alias": "customer","Startup Cost": 0.00,"Total Cost": 4210.00,"Plan Rows": 62500,"Plan Width": 8,"Actual Startup Time": 0.015,"Actual Total Time": 9.455,"Actual Rows": 50000,"Actual Loops": 3,"Workers": []},{"Node Type": "Hash","Parent Relationship": "Inner","Parallel Aware": false,"Async Capable": false,"Startup Cost": 2.40,"Total Cost": 2.40,"Plan Rows": 1,"Plan Width": 108,"Actual Startup Time": 0.141,"Actual Total Time": 0.157,"Actual Rows": 5,"Actual Loops": 3,"Hash Buckets": 1024,"Original Hash Buckets": 1024,"Hash Batches": 1,"Original Hash Batches": 1,"Peak Memory Usage": 9,"Workers": [],"Plans": [{"Node Type": "Hash Join","Parent Relationship": "Outer","Parallel Aware": false,"Async Capable": false,"Join Type": "Inner","Startup Cost": 1.07,"Total Cost": 2.40,"Plan Rows": 1,"Plan Width": 108,"Actual Startup Time": 0.126,"Actual Total Time": 0.148,"Actual Rows": 5,"Actual Loops": 3,"Inner Unique": true,"Hash Cond": "(nation.n_regionkey = region.r_regionkey)","Workers": [],"Plans": [{"Node Type": "Seq Scan","Parent Relationship": "Outer","Parallel Aware": false,"Async Capable": false,"Relation Name": "nation","Alias": "nation","Startup Cost": 0.00,"Total Cost": 1.25,"Plan Rows": 25,"Plan Width": 112,"Actual Startup Time": 0.048,"Actual Total Time": 0.053,"Actual Rows": 25,"Actual Loops": 3,"Workers": []},{"Node Type": "Hash","Parent Relationship": "Inner","Parallel Aware": false,"Async Capable": false,"Startup Cost": 1.06,"Total Cost": 1.06,"Plan Rows": 1,"Plan Width": 4,"Actual Startup Time": 0.049,"Actual Total Time": 0.055,"Actual Rows": 1,"Actual Loops": 3,"Hash Buckets": 1024,"Original Hash Buckets": 1024,"Hash Batches": 1,"Original Hash Batches": 1,"Peak Memory Usage": 9,"Workers": [],"Plans": [{"Node Type": "Seq Scan","Parent Relationship": "Outer","Parallel Aware": false,"Async Capable": false,"Relation Name": "region","Alias": "region","Startup Cost": 0.00,"Total Cost": 1.06,"Plan Rows": 1,"Plan Width": 4,"Actual Startup Time": 0.036,"Actual Total Time": 0.040,"Actual Rows": 1,"Actual Loops": 3,"Filter": "(r_name = 'AMERICA'::bpchar)","Rows Removed by Filter": 4,"Workers": []}]}]}]}]},{"Node Type": "Index Scan","Parent Relationship": "Inner","Parallel Aware": false,"Async Capable": false,"Scan Direction": "Forward","Index Name": "idx_orders_custkey","Relation Name": "orders","Alias": "orders","Startup Cost": 0.43,"Total Cost": 1.55,"Plan Rows": 3,"Plan Width": 8,"Actual Startup Time": 0.016,"Actual Total Time": 0.039,"Actual Rows": 2,"Actual Loops": 29952,"Index Cond": "(o_custkey = customer.c_custkey)","Rows Removed by Index Recheck": 0,"Filter": "((o_orderdate >= '1995-01-01'::date) AND (o_orderdate < '1996-01-01 00:00:00'::timestamp without time zone))","Rows Removed by Filter": 8,"Workers": []}]},{"Node Type": "Index Scan","Parent Relationship": "Inner","Parallel Aware": false,"Async Capable": false,"Scan Direction": "Forward","Index Name": "idx_lineitem_orderkey","Relation Name": "lineitem","Alias": "lineitem","Startup Cost": 0.43,"Total Cost": 2.87,"Plan Rows": 17,"Plan Width": 20,"Actual Startup Time": 0.016,"Actual Total Time": 0.019,"Actual Rows": 4,"Actual Loops": 45630,"Index Cond": "(l_orderkey = orders.o_orderkey)","Rows Removed by Index Recheck": 0,"Workers": []}]},{"Node Type": "Hash","Parent Relationship": "Inner","Parallel Aware": false,"Async Capable": false,"Startup Cost": 322.00,"Total Cost": 322.00,"Plan Rows": 10000,"Plan Width": 8,"Actual Startup Time": 8.645,"Actual Total Time": 8.649,"Actual Rows": 10000,"Actual Loops": 3,"Hash Buckets": 16384,"Original Hash Buckets": 16384,"Hash Batches": 1,"Original Hash Batches": 1,"Peak Memory Usage": 519,"Workers": [],"Plans": [{"Node Type": "Seq Scan","Parent Relationship": "Outer","Parallel Aware": false,"Async Capable": false,"Relation Name": "supplier","Alias": "supplier","Startup Cost": 0.00,"Total Cost": 322.00,"Plan Rows": 10000,"Plan Width": 8,"Actual Startup Time": 0.041,"Actual Total Time": 6.699,"Actual Rows": 10000,"Actual Loops": 3,"Workers": []}]}]}]}]}]}]}]},"Planning Time": 10.274,"Triggers": [],"Execution Time": 830.793}]
[{"Plan": {"Node Type": "Sort","Parallel Aware": false,"Async Capable": false,"Startup Cost": 21612.43,"Total Cost": 21612.50,"Plan Rows": 25,"Plan Width": 136,"Actual Startup Time": 869.393,"Actual Total Time": 902.560,"Actual Rows": 5,"Actual Loops": 1,"Sort Key": ["(sum((lineitem.l_extendedprice * ('1'::numeric - lineitem.l_discount)))) DESC"],"Sort Method": "quicksort","Sort Space Used": 25,"Sort Space Type": "Memory","Plans": [{"Node Type": "Aggregate","Strategy": "Sorted","Partial Mode": "Finalize","Parent Relationship": "Outer","Parallel Aware": false,"Async Capable": false,"Startup Cost": 21597.38,"Total Cost": 21611.85,"Plan Rows": 25,"Plan Width": 136,"Actual Startup Time": 868.803,"Actual Total Time": 902.507,"Actual Rows": 5,"Actual Loops": 1,"Group Key": ["nation.n_name"],"Plans": [{"Node Type": "Gather Merge","Parent Relationship": "Outer","Parallel Aware": false,"Async Capable": false,"Startup Cost": 21597.38,"Total Cost": 21611.17,"Plan Rows": 50,"Plan Width": 136,"Actual Startup Time": 868.587,"Actual Total Time": 902.449,"Actual Rows": 15,"Actual Loops": 1,"Workers Planned": 2,"Workers Launched": 2,"Plans": [{"Node Type": "Aggregate","Strategy": "Sorted","Partial Mode": "Partial","Parent Relationship": "Outer","Parallel Aware": false,"Async Capable": false,"Startup Cost": 20597.36,"Total Cost": 20605.37,"Plan Rows": 25,"Plan Width": 136,"Actual Startup Time": 861.245,"Actual Total Time": 861.945,"Actual Rows": 5,"Actual Loops": 3,"Group Key": ["nation.n_name"],"Workers": [],"Plans": [{"Node Type": "Sort","Parent Relationship": "Outer","Parallel Aware": false,"Async Capable": false,"Startup Cost": 20597.36,"Total Cost": 20598.90,"Plan Rows": 616,"Plan Width": 116,"Actual Startup Time": 861.036,"Actual Total Time": 861.162,"Actual Rows": 2414,"Actual Loops": 3,"Sort Key": ["nation.n_name"],"Sort Method": "quicksort","Sort Space Used": 290,"Sort Space Type": "Memory","Workers": [{"Worker Number": 0,"Sort Method": "quicksort","Sort Space Used": 286,"Sort Space Type": "Memory"},{"Worker Number": 1,"Sort Method": "quicksort","Sort Space Used": 280,"Sort Space Type": "Memory"}],"Plans": [{"Node Type": "Hash Join","Parent Relationship": "Outer","Parallel Aware": false,"Async Capable": false,"Join Type": "Inner","Startup Cost": 475.27,"Total Cost": 20568.82,"Plan Rows": 616,"Plan Width": 116,"Actual Startup Time": 8.997,"Actual Total Time": 859.532,"Actual Rows": 2414,"Actual Loops": 3,"Inner Unique": true,"Hash Cond": "((lineitem.l_suppkey = supplier.s_suppkey) AND (customer.c_nationkey = supplier.s_nationkey))","Workers": [],"Plans": [{"Node Type": "Nested Loop","Parent Relationship": "Outer","Parallel Aware": false,"Async Capable": false,"Join Type": "Inner","Startup Cost": 3.27,"Total Cost": 20015.89,"Plan Rows": 15415,"Plan Width": 128,"Actual Startup Time": 0.541,"Actual Total Time": 809.441,"Actual Rows": 61361,"Actual Loops": 3,"Inner Unique": false,"Workers": [],"Plans": [{"Node Type": "Nested Loop","Parent Relationship": "Outer","Parallel Aware": false,"Async Capable": false,"Join Type": "Inner","Startup Cost": 2.84,"Total Cost": 8414.26,"Plan Rows": 3853,"Plan Width": 116,"Actual Startup Time": 0.418,"Actual Total Time": 486.368,"Actual Rows": 15336,"Actual Loops": 3,"Inner Unique": false,"Workers": [],"Plans": [{"Node Type": "Hash Join","Parent Relationship": "Outer","Parallel Aware": false,"Async Capable": false,"Join Type": "Inner","Startup Cost": 2.41,"Total Cost": 4471.79,"Plan Rows": 2500,"Plan Width": 116,"Actual Startup Time": 0.218,"Actual Total Time": 58.257,"Actual Rows": 10061,"Actual Loops": 3,"Inner Unique": false,"Hash Cond": "(customer.c_nationkey = nation.n_nationkey)","Workers": [],"Plans": [{"Node Type": "Seq Scan","Parent Relationship": "Outer","Parallel Aware": true,"Async Capable": false,"Relation Name": "customer","Alias": "customer","Startup Cost": 0.00,"Total Cost": 4210.00,"Plan Rows": 62500,"Plan Width": 8,"Actual Startup Time": 0.013,"Actual Total Time": 9.753,"Actual Rows": 50000,"Actual Loops": 3,"Workers": []},{"Node Type": "Hash","Parent Relationship": "Inner","Parallel Aware": false,"Async Capable": false,"Startup Cost": 2.40,"Total Cost": 2.40,"Plan Rows": 1,"Plan Width": 108,"Actual Startup Time": 0.117,"Actual Total Time": 0.137,"Actual Rows": 5,"Actual Loops": 3,"Hash Buckets": 1024,"Original Hash Buckets": 1024,"Hash Batches": 1,"Original Hash Batches": 1,"Peak Memory Usage": 9,"Workers": [],"Plans": [{"Node Type": "Hash Join","Parent Relationship": "Outer","Parallel Aware": false,"Async Capable": false,"Join Type": "Inner","Startup Cost": 1.07,"Total Cost": 2.40,"Plan Rows": 1,"Plan Width": 108,"Actual Startup Time": 0.106,"Actual Total Time": 0.128,"Actual Rows": 5,"Actual Loops": 3,"Inner Unique": true,"Hash Cond": "(nation.n_regionkey = region.r_regionkey)","Workers": [],"Plans": [{"Node Type": "Seq Scan","Parent Relationship": "Outer","Parallel Aware": false,"Async Capable": false,"Relation Name": "nation","Alias": "nation","Startup Cost": 0.00,"Total Cost": 1.25,"Plan Rows": 25,"Plan Width": 112,"Actual Startup Time": 0.035,"Actual Total Time": 0.039,"Actual Rows": 25,"Actual Loops": 3,"Workers": []},{"Node Type": "Hash","Parent Relationship": "Inner","Parallel Aware": false,"Async Capable": false,"Startup Cost": 1.06,"Total Cost": 1.06,"Plan Rows": 1,"Plan Width": 4,"Actual Startup Time": 0.043,"Actual Total Time": 0.050,"Actual Rows": 1,"Actual Loops": 3,"Hash Buckets": 1024,"Original Hash Buckets": 1024,"Hash Batches": 1,"Original Hash Batches": 1,"Peak Memory Usage": 9,"Workers": [],"Plans": [{"Node Type": "Seq Scan","Parent Relationship": "Outer","Parallel Aware": false,"Async Capable": false,"Relation Name": "region","Alias": "region","Startup Cost": 0.00,"Total Cost": 1.06,"Plan Rows": 1,"Plan Width": 4,"Actual Startup Time": 0.031,"Actual Total Time": 0.033,"Actual Rows": 1,"Actual Loops": 3,"Filter": "(r_name = 'ASIA'::bpchar)","Rows Removed by Filter": 4,"Workers": []}]}]}]}]},{"Node Type": "Index Scan","Parent Relationship": "Inner","Parallel Aware": false,"Async Capable": false,"Scan Direction": "Forward","Index Name": "idx_orders_custkey","Relation Name": "orders","Alias": "orders","Startup Cost": 0.43,"Total Cost": 1.55,"Plan Rows": 3,"Plan Width": 8,"Actual Startup Time": 0.018,"Actual Total Time": 0.042,"Actual Rows": 2,"Actual Loops": 30183,"Index Cond": "(o_custkey = customer.c_custkey)","Rows Removed by Index Recheck": 0,"Filter": "((o_orderdate >= '1994-01-01'::date) AND (o_orderdate < '1995-01-01 00:00:00'::timestamp without time zone))","Rows Removed by Filter": 8,"Workers": []}]},{"Node Type": "Index Scan","Parent Relationship": "Inner","Parallel Aware": false,"Async Capable": false,"Scan Direction": "Forward","Index Name": "idx_lineitem_orderkey","Relation Name": "lineitem","Alias": "lineitem","Startup Cost": 0.43,"Total Cost": 2.84,"Plan Rows": 17,"Plan Width": 20,"Actual Startup Time": 0.017,"Actual Total Time": 0.020,"Actual Rows": 4,"Actual Loops": 46008,"Index Cond": "(l_orderkey = orders.o_orderkey)","Rows Removed by Index Recheck": 0,"Workers": []}]},{"Node Type": "Hash","Parent Relationship": "Inner","Parallel Aware": false,"Async Capable": false,"Startup Cost": 322.00,"Total Cost": 322.00,"Plan Rows": 10000,"Plan Width": 8,"Actual Startup Time": 7.849,"Actual Total Time": 7.853,"Actual Rows": 10000,"Actual Loops": 3,"Hash Buckets": 16384,"Original Hash Buckets": 16384,"Hash Batches": 1,"Original Hash Batches": 1,"Peak Memory Usage": 519,"Workers": [],"Plans": [{"Node Type": "Seq Scan","Parent Relationship": "Outer","Parallel Aware": false,"Async Capable": false,"Relation Name": "supplier","Alias": "supplier","Startup Cost": 0.00,"Total Cost": 322.00,"Plan Rows": 10000,"Plan Width": 8,"Actual Startup Time": 0.047,"Actual Total Time": 6.106,"Actual Rows": 10000,"Actual Loops": 3,"Workers": []}]}]}]}]}]}]}]},"Planning Time": 10.218,"Triggers": [],"Execution Time": 903.179}]
[{"Plan": {"Node Type": "Sort","Parallel Aware": false,"Async Capable": false,"Startup Cost": 21522.30,"Total Cost": 21522.36,"Plan Rows": 25,"Plan Width": 136,"Actual Startup Time": 803.252,"Actual Total Time": 834.286,"Actual Rows": 5,"Actual Loops": 1,"Sort Key": ["(sum((lineitem.l_extendedprice * ('1'::numeric - lineitem.l_discount)))) DESC"],"Sort Method": "quicksort","Sort Space Used": 25,"Sort Space Type": "Memory","Plans": [{"Node Type": "Aggregate","Strategy": "Sorted","Partial Mode": "Finalize","Parent Relationship": "Outer","Parallel Aware": false,"Async Capable": false,"Startup Cost": 21507.43,"Total Cost": 21521.72,"Plan Rows": 25,"Plan Width": 136,"Actual Startup Time": 802.651,"Actual Total Time": 834.228,"Actual Rows": 5,"Actual Loops": 1,"Group Key": ["nation.n_name"],"Plans": [{"Node Type": "Gather Merge","Parent Relationship": "Outer","Parallel Aware": false,"Async Capable": false,"Startup Cost": 21507.43,"Total Cost": 21521.03,"Plan Rows": 50,"Plan Width": 136,"Actual Startup Time": 802.434,"Actual Total Time": 834.170,"Actual Rows": 15,"Actual Loops": 1,"Workers Planned": 2,"Workers Launched": 2,"Plans": [{"Node Type": "Aggregate","Strategy": "Sorted","Partial Mode": "Partial","Parent Relationship": "Outer","Parallel Aware": false,"Async Capable": false,"Startup Cost": 20507.41,"Total Cost": 20515.23,"Plan Rows": 25,"Plan Width": 136,"Actual Startup Time": 794.928,"Actual Total Time": 795.651,"Actual Rows": 5,"Actual Loops": 3,"Group Key": ["nation.n_name"],"Workers": [],"Plans": [{"Node Type": "Sort","Parent Relationship": "Outer","Parallel Aware": false,"Async Capable": false,"Startup Cost": 20507.41,"Total Cost": 20508.91,"Plan Rows": 601,"Plan Width": 116,"Actual Startup Time": 794.703,"Actual Total Time": 794.843,"Actual Rows": 2409,"Actual Loops": 3,"Sort Key": ["nation.n_name"],"Sort Method": "quicksort","Sort Space Used": 286,"Sort Space Type": "Memory","Workers": [{"Worker Number": 0,"Sort Method": "quicksort","Sort Space Used": 276,"Sort Space Type": "Memory"},{"Worker Number": 1,"Sort Method": "quicksort","Sort Space Used": 293,"Sort Space Type": "Memory"}],"Plans": [{"Node Type": "Hash Join","Parent Relationship": "Outer","Parallel Aware": false,"Async Capable": false,"Join Type": "Inner","Startup Cost": 475.27,"Total Cost": 20479.67,"Plan Rows": 601,"Plan Width": 116,"Actual Startup Time": 9.777,"Actual Total Time": 793.218,"Actual Rows": 2409,"Actual Loops": 3,"Inner Unique": true,"Hash Cond": "((lineitem.l_suppkey = supplier.s_suppkey) AND (customer.c_nationkey = supplier.s_nationkey))","Workers": [],"Plans": [{"Node Type": "Nested Loop","Parent Relationship": "Outer","Parallel Aware": false,"Async Capable": false,"Join Type": "Inner","Startup Cost": 3.27,"Total Cost": 19928.78,"Plan Rows": 15027,"Plan Width": 128,"Actual Startup Time": 0.619,"Actual Total Time": 753.080,"Actual Rows": 60488,"Actual Loops": 3,"Inner Unique": false,"Workers": [],"Plans": [{"Node Type": "Nested Loop","Parent Relationship": "Outer","Parallel Aware": false,"Async Capable": false,"Join Type": "Inner","Startup Cost": 2.84,"Total Cost": 8414.26,"Plan Rows": 3756,"Plan Width": 116,"Actual Startup Time": 0.516,"Actual Total Time": 449.946,"Actual Rows": 15093,"Actual Loops": 3,"Inner Unique": false,"Workers": [],"Plans": [{"Node Type": "Hash Join","Parent Relationship": "Outer","Parallel Aware": false,"Async Capable": false,"Join Type": "Inner","Startup Cost": 2.41,"Total Cost": 4471.79,"Plan Rows": 2500,"Plan Width": 116,"Actual Startup Time": 0.243,"Actual Total Time": 55.930,"Actual Rows": 9921,"Actual Loops": 3,"Inner Unique": false,"Hash Cond": "(customer.c_nationkey = nation.n_nationkey)","Workers": [],"Plans": [{"Node Type": "Seq Scan","Parent Relationship": "Outer","Parallel Aware": true,"Async Capable": false,"Relation Name": "customer","Alias": "customer","Startup Cost": 0.00,"Total Cost": 4210.00,"Plan Rows": 62500,"Plan Width": 8,"Actual Startup Time": 0.017,"Actual Total Time": 9.588,"Actual Rows": 50000,"Actual Loops": 3,"Workers": []},{"Node Type": "Hash","Parent Relationship": "Inner","Parallel Aware": false,"Async Capable": false,"Startup Cost": 2.40,"Total Cost": 2.40,"Plan Rows": 1,"Plan Width": 108,"Actual Startup Time": 0.143,"Actual Total Time": 0.169,"Actual Rows": 5,"Actual Loops": 3,"Hash Buckets": 1024,"Original Hash Buckets": 1024,"Hash Batches": 1,"Original Hash Batches": 1,"Peak Memory Usage": 9,"Workers": [],"Plans": [{"Node Type": "Hash Join","Parent Relationship": "Outer","Parallel Aware": false,"Async Capable": false,"Join Type": "Inner","Startup Cost": 1.07,"Total Cost": 2.40,"Plan Rows": 1,"Plan Width": 108,"Actual Startup Time": 0.126,"Actual Total Time": 0.159,"Actual Rows": 5,"Actual Loops": 3,"Inner Unique": true,"Hash Cond": "(nation.n_regionkey = region.r_regionkey)","Workers": [],"Plans": [{"Node Type": "Seq Scan","Parent Relationship": "Outer","Parallel Aware": false,"Async Capable": false,"Relation Name": "nation","Alias": "nation","Startup Cost": 0.00,"Total Cost": 1.25,"Plan Rows": 25,"Plan Width": 112,"Actual Startup Time": 0.045,"Actual Total Time": 0.050,"Actual Rows": 25,"Actual Loops": 3,"Workers": []},{"Node Type": "Hash","Parent Relationship": "Inner","Parallel Aware": false,"Async Capable": false,"Startup Cost": 1.06,"Total Cost": 1.06,"Plan Rows": 1,"Plan Width": 4,"Actual Startup Time": 0.052,"Actual Total Time": 0.063,"Actual Rows": 1,"Actual Loops": 3,"Hash Buckets": 1024,"Original Hash Buckets": 1024,"Hash Batches": 1,"Original Hash Batches": 1,"Peak Memory Usage": 9,"Workers": [],"Plans": [{"Node Type": "Seq Scan","Parent Relationship": "Outer","Parallel Aware": false,"Async Capable": false,"Relation Name": "region","Alias": "region","Startup Cost": 0.00,"Total Cost": 1.06,"Plan Rows": 1,"Plan Width": 4,"Actual Startup Time": 0.036,"Actual Total Time": 0.041,"Actual Rows": 1,"Actual Loops": 3,"Filter": "(r_name = 'AFRICA'::bpchar)","Rows Removed by Filter": 4,"Workers": []}]}]}]}]},{"Node Type": "Index Scan","Parent Relationship": "Inner","Parallel Aware": false,"Async Capable": false,"Scan Direction": "Forward","Index Name": "idx_orders_custkey","Relation Name": "orders","Alias": "orders","Startup Cost": 0.43,"Total Cost": 1.55,"Plan Rows": 3,"Plan Width": 8,"Actual Startup Time": 0.017,"Actual Total Time": 0.039,"Actual Rows": 2,"Actual Loops": 29764,"Index Cond": "(o_custkey = customer.c_custkey)","Rows Removed by Index Recheck": 0,"Filter": "((o_orderdate >= '1993-01-01'::date) AND (o_orderdate < '1994-01-01 00:00:00'::timestamp without time zone))","Rows Removed by Filter": 9,"Workers": []}]},{"Node Type": "Index Scan","Parent Relationship": "Inner","Parallel Aware": false,"Async Capable": false,"Scan Direction": "Forward","Index Name": "idx_lineitem_orderkey","Relation Name": "lineitem","Alias": "lineitem","Startup Cost": 0.43,"Total Cost": 2.90,"Plan Rows": 17,"Plan Width": 20,"Actual Startup Time": 0.017,"Actual Total Time": 0.019,"Actual Rows": 4,"Actual Loops": 45280,"Index Cond": "(l_orderkey = orders.o_orderkey)","Rows Removed by Index Recheck": 0,"Workers": []}]},{"Node Type": "Hash","Parent Relationship": "Inner","Parallel Aware": false,"Async Capable": false,"Startup Cost": 322.00,"Total Cost": 322.00,"Plan Rows": 10000,"Plan Width": 8,"Actual Startup Time": 8.121,"Actual Total Time": 8.126,"Actual Rows": 10000,"Actual Loops": 3,"Hash Buckets": 16384,"Original Hash Buckets": 16384,"Hash Batches": 1,"Original Hash Batches": 1,"Peak Memory Usage": 519,"Workers": [],"Plans": [{"Node Type": "Seq Scan","Parent Relationship": "Outer","Parallel Aware": false,"Async Capable": false,"Relation Name": "supplier","Alias": "supplier","Startup Cost": 0.00,"Total Cost": 322.00,"Plan Rows": 10000,"Plan Width": 8,"Actual Startup Time": 0.036,"Actual Total Time": 6.327,"Actual Rows": 10000,"Actual Loops": 3,"Workers": []}]}]}]}]}]}]}]},"Planning Time": 9.902,"Triggers": [],"Execution Time": 834.900}]
[{"Plan": {"Node Type": "Sort","Parallel Aware": false,"Async Capable": false,"Startup Cost": 21565.24,"Total Cost": 21565.30,"Plan Rows": 25,"Plan Width": 136,"Actual Startup Time": 797.386,"Actual Total Time": 830.222,"Actual Rows": 5,"Actual Loops": 1,"Sort Key": ["(sum((lineitem.l_extendedprice * ('1'::numeric - lineitem.l_discount)))) DESC"],"Sort Method": "quicksort","Sort Space Used": 25,"Sort Space Type": "Memory","Plans": [{"Node Type": "Aggregate","Strategy": "Sorted","Partial Mode": "Finalize","Parent Relationship": "Outer","Parallel Aware": false,"Async Capable": false,"Startup Cost": 21550.29,"Total Cost": 21564.66,"Plan Rows": 25,"Plan Width": 136,"Actual Startup Time": 796.761,"Actual Total Time": 830.172,"Actual Rows": 5,"Actual Loops": 1,"Group Key": ["nation.n_name"],"Plans": [{"Node Type": "Gather Merge","Parent Relationship": "Outer","Parallel Aware": false,"Async Capable": false,"Startup Cost": 21550.29,"Total Cost": 21563.97,"Plan Rows": 50,"Plan Width": 136,"Actual Startup Time": 796.547,"Actual Total Time": 830.110,"Actual Rows": 15,"Actual Loops": 1,"Workers Planned": 2,"Workers Launched": 2,"Plans": [{"Node Type": "Aggregate","Strategy": "Sorted","Partial Mode": "Partial","Parent Relationship": "Outer","Parallel Aware": false,"Async Capable": false,"Startup Cost": 20550.26,"Total Cost": 20558.18,"Plan Rows": 25,"Plan Width": 136,"Actual Startup Time": 788.895,"Actual Total Time": 789.783,"Actual Rows": 5,"Actual Loops": 3,"Group Key": ["nation.n_name"],"Workers": [],"Plans": [{"Node Type": "Sort","Parent Relationship": "Outer","Parallel Aware": false,"Async Capable": false,"Startup Cost": 20550.26,"Total Cost": 20551.78,"Plan Rows": 608,"Plan Width": 116,"Actual Startup Time": 788.664,"Actual Total Time": 788.842,"Actual Rows": 2456,"Actual Loops": 3,"Sort Key": ["nation.n_name"],"Sort Method": "quicksort","Sort Space Used": 291,"Sort Space Type": "Memory","Workers": [{"Worker Number": 0,"Sort Method": "quicksort","Sort Space Used": 279,"Sort Space Type": "Memory"},{"Worker Number": 1,"Sort Method": "quicksort","Sort Space Used": 295,"Sort Space Type": "Memory"}],"Plans": [{"Node Type": "Hash Join","Parent Relationship": "Outer","Parallel Aware": false,"Async Capable": false,"Join Type": "Inner","Startup Cost": 475.27,"Total Cost": 20522.15,"Plan Rows": 608,"Plan Width": 116,"Actual Startup Time": 10.168,"Actual Total Time": 787.209,"Actual Rows": 2456,"Actual Loops": 3,"Inner Unique": true,"Hash Cond": "((lineitem.l_suppkey = supplier.s_suppkey) AND (customer.c_nationkey = supplier.s_nationkey))","Workers": [],"Plans": [{"Node Type": "Nested Loop","Parent Relationship": "Outer","Parallel Aware": false,"Async Capable": false,"Join Type": "Inner","Startup Cost": 3.27,"Total Cost": 19970.29,"Plan Rows": 15211,"Plan Width": 128,"Actual Startup Time": 0.661,"Actual Total Time": 744.432,"Actual Rows": 60955,"Actual Loops": 3,"Inner Unique": false,"Workers": [],"Plans": [{"Node Type": "Nested Loop","Parent Relationship": "Outer","Parallel Aware": false,"Async Capable": false,"Join Type": "Inner","Startup Cost": 2.84,"Total Cost": 8414.26,"Plan Rows": 3802,"Plan Width": 116,"Actual Startup Time": 0.532,"Actual Total Time": 444.261,"Actual Rows": 15210,"Actual Loops": 3,"Inner Unique": false,"Workers": [],"Plans": [{"Node Type": "Hash Join","Parent Relationship": "Outer","Parallel Aware": false,"Async Capable": false,"Join Type": "Inner","Startup Cost": 2.41,"Total Cost": 4471.79,"Plan Rows": 2500,"Plan Width": 116,"Actual Startup Time": 0.249,"Actual Total Time": 53.241,"Actual Rows": 9984,"Actual Loops": 3,"Inner Unique": false,"Hash Cond": "(customer.c_nationkey = nation.n_nationkey)","Workers": [],"Plans": [{"Node Type": "Seq Scan","Parent Relationship": "Outer","Parallel Aware": true,"Async Capable": false,"Relation Name": "customer","Alias": "customer","Startup Cost": 0.00,"Total Cost": 4210.00,"Plan Rows": 62500,"Plan Width": 8,"Actual Startup Time": 0.015,"Actual Total Time": 9.455,"Actual Rows": 50000,"Actual Loops": 3,"Workers": []},{"Node Type": "Hash","Parent Relationship": "Inner","Parallel Aware": false,"Async Capable": false,"Startup Cost": 2.40,"Total Cost": 2.40,"Plan Rows": 1,"Plan Width": 108,"Actual Startup Time": 0.141,"Actual Total Time": 0.157,"Actual Rows": 5,"Actual Loops": 3,"Hash Buckets": 1024,"Original Hash Buckets": 1024,"Hash Batches": 1,"Original Hash Batches": 1,"Peak Memory Usage": 9,"Workers": [],"Plans": [{"Node Type": "Hash Join","Parent Relationship": "Outer","Parallel Aware": false,"Async Capable": false,"Join Type": "Inner","Startup Cost": 1.07,"Total Cost": 2.40,"Plan Rows": 1,"Plan Width": 108,"Actual Startup Time": 0.126,"Actual Total Time": 0.148,"Actual Rows": 5,"Actual Loops": 3,"Inner Unique": true,"Hash Cond": "(nation.n_regionkey = region.r_regionkey)","Workers": [],"Plans": [{"Node Type": "Seq Scan","Parent Relationship": "Outer","Parallel Aware": false,"Async Capable": false,"Relation Name": "nation","Alias": "nation","Startup Cost": 0.00,"Total Cost": 1.25,"Plan Rows": 25,"Plan Width": 112,"Actual Startup Time": 0.048,"Actual Total Time": 0.053,"Actual Rows": 25,"Actual Loops": 3,"Workers": []},{"Node Type": "Hash","Parent Relationship": "Inner","Parallel Aware": false,"Async Capable": false,"Startup Cost": 1.06,"Total Cost": 1.06,"Plan Rows": 1,"Plan Width": 4,"Actual Startup Time": 0.049,"Actual Total Time": 0.055,"Actual Rows": 1,"Actual Loops": 3,"Hash Buckets": 1024,"Original Hash Buckets": 1024,"Hash Batches": 1,"Original Hash Batches": 1,"Peak Memory Usage": 9,"Workers": [],"Plans": [{"Node Type": "Seq Scan","Parent Relationship": "Outer","Parallel Aware": false,"Async Capable": false,"Relation Name": "region","Alias": "region","Startup Cost": 0.00,"Total Cost": 1.06,"Plan Rows": 1,"Plan Width": 4,"Actual Startup Time": 0.036,"Actual Total Time": 0.040,"Actual Rows": 1,"Actual Loops": 3,"Filter": "(r_name = 'AMERICA'::bpchar)","Rows Removed by Filter": 4,"Workers": []}]}]}]}]},{"Node Type": "Index Scan","Parent Relationship": "Inner","Parallel Aware": false,"Async Capable": false,"Scan Direction": "Forward","Index Name": "idx_orders_custkey","Relation Name": "orders","Alias": "orders","Startup Cost": 0.43,"Total Cost": 1.55,"Plan Rows": 3,"Plan Width": 8,"Actual Startup Time": 0.016,"Actual Total Time": 0.039,"Actual Rows": 2,"Actual Loops": 29952,"Index Cond": "(o_custkey = customer.c_custkey)","Rows Removed by Index Recheck": 0,"Filter": "((o_orderdate >= '1995-01-01'::date) AND (o_orderdate < '1996-01-01 00:00:00'::timestamp without time zone))","Rows Removed by Filter": 8,"Workers": []}]},{"Node Type": "Index Scan","Parent Relationship": "Inner","Parallel Aware": false,"Async Capable": false,"Scan Direction": "Forward","Index Name": "idx_lineitem_orderkey","Relation Name": "lineitem","Alias": "lineitem","Startup Cost": 0.43,"Total Cost": 2.87,"Plan Rows": 17,"Plan Width": 20,"Actual Startup Time": 0.016,"Actual Total Time": 0.019,"Actual Rows": 4,"Actual Loops": 45630,"Index Cond": "(l_orderkey = orders.o_orderkey)","Rows Removed by Index Recheck": 0,"Workers": []}]},{"Node Type": "Hash","Parent Relationship": "Inner","Parallel Aware": false,"Async Capable": false,"Startup Cost": 322.00,"Total Cost": 322.00,"Plan Rows": 10000,"Plan Width": 8,"Actual Startup Time": 8.645,"Actual Total Time": 8.649,"Actual Rows": 10000,"Actual Loops": 3,"Hash Buckets": 16384,"Original Hash Buckets": 16384,"Hash Batches": 1,"Original Hash Batches": 1,"Peak Memory Usage": 519,"Workers": [],"Plans": [{"Node Type": "Seq Scan","Parent Relationship": "Outer","Parallel Aware": false,"Async Capable": false,"Relation Name": "supplier","Alias": "supplier","Startup Cost": 0.00,"Total Cost": 322.00,"Plan Rows": 10000,"Plan Width": 8,"Actual Startup Time": 0.041,"Actual Total Time": 6.699,"Actual Rows": 10000,"Actual Loops": 3,"Workers": []}]}]}]}]}]}]}]},"Planning Time": 10.274,"Triggers": [],"Execution Time": 830.793}]
[{"Plan": {"Node Type": "Sort","Parallel Aware": false,"Async Capable": false,"Startup Cost": 21522.30,"Total Cost": 21522.36,"Plan Rows": 25,"Plan Width": 136,"Actual Startup Time": 808.715,"Actual Total Time": 841.103,"Actual Rows": 5,"Actual Loops": 1,"Sort Key": ["(sum((lineitem.l_extendedprice * ('1'::numeric - lineitem.l_discount)))) DESC"],"Sort Method": "quicksort","Sort Space Used": 25,"Sort Space Type": "Memory","Plans": [{"Node Type": "Aggregate","Strategy": "Sorted","Partial Mode": "Finalize","Parent Relationship": "Outer","Parallel Aware": false,"Async Capable": false,"Startup Cost": 21507.43,"Total Cost": 21521.72,"Plan Rows": 25,"Plan Width": 136,"Actual Startup Time": 808.132,"Actual Total Time": 841.051,"Actual Rows": 5,"Actual Loops": 1,"Group Key": ["nation.n_name"],"Plans": [{"Node Type": "Gather Merge","Parent Relationship": "Outer","Parallel Aware": false,"Async Capable": false,"Startup Cost": 21507.43,"Total Cost": 21521.03,"Plan Rows": 50,"Plan Width": 136,"Actual Startup Time": 807.865,"Actual Total Time": 840.993,"Actual Rows": 15,"Actual Loops": 1,"Workers Planned": 2,"Workers Launched": 2,"Plans": [{"Node Type": "Aggregate","Strategy": "Sorted","Partial Mode": "Partial","Parent Relationship": "Outer","Parallel Aware": false,"Async Capable": false,"Startup Cost": 20507.41,"Total Cost": 20515.23,"Plan Rows": 25,"Plan Width": 136,"Actual Startup Time": 800.148,"Actual Total Time": 800.877,"Actual Rows": 5,"Actual Loops": 3,"Group Key": ["nation.n_name"],"Workers": [],"Plans": [{"Node Type": "Sort","Parent Relationship": "Outer","Parallel Aware": false,"Async Capable": false,"Startup Cost": 20507.41,"Total Cost": 20508.91,"Plan Rows": 601,"Plan Width": 116,"Actual Startup Time": 799.927,"Actual Total Time": 800.057,"Actual Rows": 2459,"Actual Loops": 3,"Sort Key": ["nation.n_name"],"Sort Method": "quicksort","Sort Space Used": 287,"Sort Space Type": "Memory","Workers": [{"Worker Number": 0,"Sort Method": "quicksort","Sort Space Used": 292,"Sort Space Type": "Memory"},{"Worker Number": 1,"Sort Method": "quicksort","Sort Space Used": 287,"Sort Space Type": "Memory"}],"Plans": [{"Node Type": "Hash Join","Parent Relationship": "Outer","Parallel Aware": false,"Async Capable": false,"Join Type": "Inner","Startup Cost": 475.27,"Total Cost": 20479.67,"Plan Rows": 601,"Plan Width": 116,"Actual Startup Time": 9.851,"Actual Total Time": 798.461,"Actual Rows": 2459,"Actual Loops": 3,"Inner Unique": true,"Hash Cond": "((lineitem.l_suppkey = supplier.s_suppkey) AND (customer.c_nationkey = supplier.s_nationkey))","Workers": [],"Plans": [{"Node Type": "Nested Loop","Parent Relationship": "Outer","Parallel Aware": false,"Async Capable": false,"Join Type": "Inner","Startup Cost": 3.27,"Total Cost": 19928.78,"Plan Rows": 15027,"Plan Width": 128,"Actual Startup Time": 0.691,"Actual Total Time": 757.487,"Actual Rows": 60981,"Actual Loops": 3,"Inner Unique": false,"Workers": [],"Plans": [{"Node Type": "Nested Loop","Parent Relationship": "Outer","Parallel Aware": false,"Async Capable": false,"Join Type": "Inner","Startup Cost": 2.84,"Total Cost": 8414.26,"Plan Rows": 3756,"Plan Width": 116,"Actual Startup Time": 0.574,"Actual Total Time": 453.285,"Actual Rows": 15233,"Actual Loops": 3,"Inner Unique": false,"Workers": [],"Plans": [{"Node Type": "Hash Join","Parent Relationship": "Outer","Parallel Aware": false,"Async Capable": false,"Join Type": "Inner","Startup Cost": 2.41,"Total Cost": 4471.79,"Plan Rows": 2500,"Plan Width": 116,"Actual Startup Time": 0.259,"Actual Total Time": 55.622,"Actual Rows": 10066,"Actual Loops": 3,"Inner Unique": false,"Hash Cond": "(customer.c_nationkey = nation.n_nationkey)","Workers": [],"Plans": [{"Node Type": "Seq Scan","Parent Relationship": "Outer","Parallel Aware": true,"Async Capable": false,"Relation Name": "customer","Alias": "customer","Startup Cost": 0.00,"Total Cost": 4210.00,"Plan Rows": 62500,"Plan Width": 8,"Actual Startup Time": 0.020,"Actual Total Time": 9.402,"Actual Rows": 50000,"Actual Loops": 3,"Workers": []},{"Node Type": "Hash","Parent Relationship": "Inner","Parallel Aware": false,"Async Capable": false,"Startup Cost": 2.40,"Total Cost": 2.40,"Plan Rows": 1,"Plan Width": 108,"Actual Startup Time": 0.150,"Actual Total Time": 0.167,"Actual Rows": 5,"Actual Loops": 3,"Hash Buckets": 1024,"Original Hash Buckets": 1024,"Hash Batches": 1,"Original Hash Batches": 1,"Peak Memory Usage": 9,"Workers": [],"Plans": [{"Node Type": "Hash Join","Parent Relationship": "Outer","Parallel Aware": false,"Async Capable": false,"Join Type": "Inner","Startup Cost": 1.07,"Total Cost": 2.40,"Plan Rows": 1,"Plan Width": 108,"Actual Startup Time": 0.135,"Actual Total Time": 0.156,"Actual Rows": 5,"Actual Loops": 3,"Inner Unique": true,"Hash Cond": "(nation.n_regionkey = region.r_regionkey)","Workers": [],"Plans": [{"Node Type": "Seq Scan","Parent Relationship": "Outer","Parallel Aware": false,"Async Capable": false,"Relation Name": "nation","Alias": "nation","Startup Cost": 0.00,"Total Cost": 1.25,"Plan Rows": 25,"Plan Width": 112,"Actual Startup Time": 0.049,"Actual Total Time": 0.053,"Actual Rows": 25,"Actual Loops": 3,"Workers": []},{"Node Type": "Hash","Parent Relationship": "Inner","Parallel Aware": false,"Async Capable": false,"Startup Cost": 1.06,"Total Cost": 1.06,"Plan Rows": 1,"Plan Width": 4,"Actual Startup Time": 0.056,"Actual Total Time": 0.064,"Actual Rows": 1,"Actual Loops": 3,"Hash Buckets": 1024,"Original Hash Buckets": 1024,"Hash Batches": 1,"Original Hash Batches": 1,"Peak Memory Usage": 9,"Workers": [],"Plans": [{"Node Type": "Seq Scan","Parent Relationship": "Outer","Parallel Aware": false,"Async Capable": false,"Relation Name": "region","Alias": "region","Startup Cost": 0.00,"Total Cost": 1.06,"Plan Rows": 1,"Plan Width": 4,"Actual Startup Time": 0.041,"Actual Total Time": 0.043,"Actual Rows": 1,"Actual Loops": 3,"Filter": "(r_name = 'EUROPE'::bpchar)","Rows Removed by Filter": 4,"Workers": []}]}]}]}]},{"Node Type": "Index Scan","Parent Relationship": "Inner","Parallel Aware": false,"Async Capable": false,"Scan Direction": "Forward","Index Name": "idx_orders_custkey","Relation Name": "orders","Alias": "orders","Startup Cost": 0.43,"Total Cost": 1.55,"Plan Rows": 3,"Plan Width": 8,"Actual Startup Time": 0.017,"Actual Total Time": 0.039,"Actual Rows": 2,"Actual Loops": 30197,"Index Cond": "(o_custkey = customer.c_custkey)","Rows Removed by Index Recheck": 0,"Filter": "((o_orderdate >= '1993-01-01'::date) AND (o_orderdate < '1994-01-01 00:00:00'::timestamp without time zone))","Rows Removed by Filter": 9,"Workers": []}]},{"Node Type": "Index Scan","Parent Relationship": "Inner","Parallel Aware": false,"Async Capable": false,"Scan Direction": "Forward","Index Name": "idx_lineitem_orderkey","Relation Name": "lineitem","Alias": "lineitem","Startup Cost": 0.43,"Total Cost": 2.90,"Plan Rows": 17,"Plan Width": 20,"Actual Startup Time": 0.017,"Actual Total Time": 0.019,"Actual Rows": 4,"Actual Loops": 45699,"Index Cond": "(l_orderkey = orders.o_orderkey)","Rows Removed by Index Recheck": 0,"Workers": []}]},{"Node Type": "Hash","Parent Relationship": "Inner","Parallel Aware": false,"Async Capable": false,"Startup Cost": 322.00,"Total Cost": 322.00,"Plan Rows": 10000,"Plan Width": 8,"Actual Startup Time": 8.538,"Actual Total Time": 8.541,"Actual Rows": 10000,"Actual Loops": 3,"Hash Buckets": 16384,"Original Hash Buckets": 16384,"Hash Batches": 1,"Original Hash Batches": 1,"Peak Memory Usage": 519,"Workers": [],"Plans": [{"Node Type": "Seq Scan","Parent Relationship": "Outer","Parallel Aware": false,"Async Capable": false,"Relation Name": "supplier","Alias": "supplier","Startup Cost": 0.00,"Total Cost": 322.00,"Plan Rows": 10000,"Plan Width": 8,"Actual Startup Time": 0.046,"Actual Total Time": 6.635,"Actual Rows": 10000,"Actual Loops": 3,"Workers": []}]}]}]}]}]}]}]},"Planning Time": 10.957,"Triggers": [],"Execution Time": 841.799}]
[{"Plan": {"Node Type": "Sort","Parallel Aware": false,"Async Capable": false,"Startup Cost": 21565.81,"Total Cost": 21565.87,"Plan Rows": 25,"Plan Width": 136,"Actual Startup Time": 833.811,"Actual Total Time": 865.523,"Actual Rows": 5,"Actual Loops": 1,"Sort Key": ["(sum((lineitem.l_extendedprice * ('1'::numeric - lineitem.l_discount)))) DESC"],"Sort Method": "quicksort","Sort Space Used": 25,"Sort Space Type": "Memory","Plans": [{"Node Type": "Aggregate","Strategy": "Sorted","Partial Mode": "Finalize","Parent Relationship": "Outer","Parallel Aware": false,"Async Capable": false,"Startup Cost": 21550.86,"Total Cost": 21565.23,"Plan Rows": 25,"Plan Width": 136,"Actual Startup Time": 833.271,"Actual Total Time": 865.478,"Actual Rows": 5,"Actual Loops": 1,"Group Key": ["nation.n_name"],"Plans": [{"Node Type": "Gather Merge","Parent Relationship": "Outer","Parallel Aware": false,"Async Capable": false,"Startup Cost": 21550.86,"Total Cost": 21564.54,"Plan Rows": 50,"Plan Width": 136,"Actual Startup Time": 833.025,"Actual Total Time": 865.435,"Actual Rows": 15,"Actual Loops": 1,"Workers Planned": 2,"Workers Launched": 2,"Plans": [{"Node Type": "Aggregate","Strategy": "Sorted","Partial Mode": "Partial","Parent Relationship": "Outer","Parallel Aware": false,"Async Capable": false,"Startup Cost": 20550.84,"Total Cost": 20558.75,"Plan Rows": 25,"Plan Width": 136,"Actual Startup Time": 825.546,"Actual Total Time": 826.255,"Actual Rows": 5,"Actual Loops": 3,"Group Key": ["nation.n_name"],"Workers": [],"Plans": [{"Node Type": "Sort","Parent Relationship": "Outer","Parallel Aware": false,"Async Capable": false,"Startup Cost": 20550.84,"Total Cost": 20552.36,"Plan Rows": 608,"Plan Width": 116,"Actual Startup Time": 825.323,"Actual Total Time": 825.450,"Actual Rows": 2415,"Actual Loops": 3,"Sort Key": ["nation.n_name"],"Sort Method": "quicksort","Sort Space Used": 281,"Sort Space Type": "Memory","Workers": [{"Worker Number": 0,"Sort Method": "quicksort","Sort Space Used": 286,"Sort Space Type": "Memory"},{"Worker Number": 1,"Sort Method": "quicksort","Sort Space Used": 289,"Sort Space Type": "Memory"}],"Plans": [{"Node Type": "Hash Join","Parent Relationship": "Outer","Parallel Aware": false,"Async Capable": false,"Join Type": "Inner","Startup Cost": 475.27,"Total Cost": 20522.72,"Plan Rows": 608,"Plan Width": 116,"Actual Startup Time": 12.893,"Actual Total Time": 823.841,"Actual Rows": 2415,"Actual Loops": 3,"Inner Unique": true,"Hash Cond": "((lineitem.l_suppkey = supplier.s_suppkey) AND (customer.c_nationkey = supplier.s_nationkey))","Workers": [],"Plans": [{"Node Type": "Nested Loop","Parent Relationship": "Outer","Parallel Aware": false,"Async Capable": false,"Join Type": "Inner","Startup Cost": 3.27,"Total Cost": 19970.84,"Plan Rows": 15215,"Plan Width": 128,"Actual Startup Time": 0.809,"Actual Total Time": 777.035,"Actual Rows": 60714,"Actual Loops": 3,"Inner Unique": false,"Workers": [],"Plans": [{"Node Type": "Nested Loop","Parent Relationship": "Outer","Parallel Aware": false,"Async Capable": false,"Join Type": "Inner","Startup Cost": 2.84,"Total Cost": 8414.26,"Plan Rows": 3803,"Plan Width": 116,"Actual Startup Time": 0.660,"Actual Total Time": 471.667,"Actual Rows": 15226,"Actual Loops": 3,"Inner Unique": false,"Workers": [],"Plans": [{"Node Type": "Hash Join","Parent Relationship": "Outer","Parallel Aware": false,"Async Capable": false,"Join Type": "Inner","Startup Cost": 2.41,"Total Cost": 4471.79,"Plan Rows": 2500,"Plan Width": 116,"Actual Startup Time": 0.276,"Actual Total Time": 59.829,"Actual Rows": 10066,"Actual Loops": 3,"Inner Unique": false,"Hash Cond": "(customer.c_nationkey = nation.n_nationkey)","Workers": [],"Plans": [{"Node Type": "Seq Scan","Parent Relationship": "Outer","Parallel Aware": true,"Async Capable": false,"Relation Name": "customer","Alias": "customer","Startup Cost": 0.00,"Total Cost": 4210.00,"Plan Rows": 62500,"Plan Width": 8,"Actual Startup Time": 0.021,"Actual Total Time": 10.083,"Actual Rows": 50000,"Actual Loops": 3,"Workers": []},{"Node Type": "Hash","Parent Relationship": "Inner","Parallel Aware": false,"Async Capable": false,"Startup Cost": 2.40,"Total Cost": 2.40,"Plan Rows": 1,"Plan Width": 108,"Actual Startup Time": 0.154,"Actual Total Time": 0.171,"Actual Rows": 5,"Actual Loops": 3,"Hash Buckets": 1024,"Original Hash Buckets": 1024,"Hash Batches": 1,"Original Hash Batches": 1,"Peak Memory Usage": 9,"Workers": [],"Plans": [{"Node Type": "Hash Join","Parent Relationship": "Outer","Parallel Aware": false,"Async Capable": false,"Join Type": "Inner","Startup Cost": 1.07,"Total Cost": 2.40,"Plan Rows": 1,"Plan Width": 108,"Actual Startup Time": 0.139,"Actual Total Time": 0.162,"Actual Rows": 5,"Actual Loops": 3,"Inner Unique": true,"Hash Cond": "(nation.n_regionkey = region.r_regionkey)","Workers": [],"Plans": [{"Node Type": "Seq Scan","Parent Relationship": "Outer","Parallel Aware": false,"Async Capable": false,"Relation Name": "nation","Alias": "nation","Startup Cost": 0.00,"Total Cost": 1.25,"Plan Rows": 25,"Plan Width": 112,"Actual Startup Time": 0.051,"Actual Total Time": 0.055,"Actual Rows": 25,"Actual Loops": 3,"Workers": []},{"Node Type": "Hash","Parent Relationship": "Inner","Parallel Aware": false,"Async Capable": false,"Startup Cost": 1.06,"Total Cost": 1.06,"Plan Rows": 1,"Plan Width": 4,"Actual Startup Time": 0.057,"Actual Total Time": 0.063,"Actual Rows": 1,"Actual Loops": 3,"Hash Buckets": 1024,"Original Hash Buckets": 1024,"Hash Batches": 1,"Original Hash Batches": 1,"Peak Memory Usage": 9,"Workers": [],"Plans": [{"Node Type": "Seq Scan","Parent Relationship": "Outer","Parallel Aware": false,"Async Capable": false,"Relation Name": "region","Alias": "region","Startup Cost": 0.00,"Total Cost": 1.06,"Plan Rows": 1,"Plan Width": 4,"Actual Startup Time": 0.043,"Actual Total Time": 0.045,"Actual Rows": 1,"Actual Loops": 3,"Filter": "(r_name = 'EUROPE'::bpchar)","Rows Removed by Filter": 4,"Workers": []}]}]}]}]},{"Node Type": "Index Scan","Parent Relationship": "Inner","Parallel Aware": false,"Async Capable": false,"Scan Direction": "Forward","Index Name": "idx_orders_custkey","Relation Name": "orders","Alias": "orders","Startup Cost": 0.43,"Total Cost": 1.55,"Plan Rows": 3,"Plan Width": 8,"Actual Startup Time": 0.017,"Actual Total Time": 0.041,"Actual Rows": 2,"Actual Loops": 30197,"Index Cond": "(o_custkey = customer.c_custkey)","Rows Removed by Index Recheck": 0,"Filter": "((o_orderdate >= '1997-01-01'::date) AND (o_orderdate < '1998-01-01 00:00:00'::timestamp without time zone))","Rows Removed by Filter": 9,"Workers": []}]},{"Node Type": "Index Scan","Parent Relationship": "Inner","Parallel Aware": false,"Async Capable": false,"Scan Direction": "Forward","Index Name": "idx_lineitem_orderkey","Relation Name": "lineitem","Alias": "lineitem","Startup Cost": 0.43,"Total Cost": 2.87,"Plan Rows": 17,"Plan Width": 20,"Actual Startup Time": 0.017,"Actual Total Time": 0.019,"Actual Rows": 4,"Actual Loops": 45677,"Index Cond": "(l_orderkey = orders.o_orderkey)","Rows Removed by Index Recheck": 0,"Workers": []}]},{"Node Type": "Hash","Parent Relationship": "Inner","Parallel Aware": false,"Async Capable": false,"Startup Cost": 322.00,"Total Cost": 322.00,"Plan Rows": 10000,"Plan Width": 8,"Actual Startup Time": 11.560,"Actual Total Time": 11.566,"Actual Rows": 10000,"Actual Loops": 3,"Hash Buckets": 16384,"Original Hash Buckets": 16384,"Hash Batches": 1,"Original Hash Batches": 1,"Peak Memory Usage": 519,"Workers": [],"Plans": [{"Node Type": "Seq Scan","Parent Relationship": "Outer","Parallel Aware": false,"Async Capable": false,"Relation Name": "supplier","Alias": "supplier","Startup Cost": 0.00,"Total Cost": 322.00,"Plan Rows": 10000,"Plan Width": 8,"Actual Startup Time": 0.053,"Actual Total Time": 9.758,"Actual Rows": 10000,"Actual Loops": 3,"Workers": []}]}]}]}]}]}]}]},"Planning Time": 11.054,"Triggers": [],"Execution Time": 866.075}]
[{"Plan": {"Node Type": "Sort","Parallel Aware": false,"Async Capable": false,"Startup Cost": 21565.24,"Total Cost": 21565.30,"Plan Rows": 25,"Plan Width": 136,"Actual Startup Time": 829.883,"Actual Total Time": 862.581,"Actual Rows": 5,"Actual Loops": 1,"Sort Key": ["(sum((lineitem.l_extendedprice * ('1'::numeric - lineitem.l_discount)))) DESC"],"Sort Method": "quicksort","Sort Space Used": 25,"Sort Space Type": "Memory","Plans": [{"Node Type": "Aggregate","Strategy": "Sorted","Partial Mode": "Finalize","Parent Relationship": "Outer","Parallel Aware": false,"Async Capable": false,"Startup Cost": 21550.29,"Total Cost": 21564.66,"Plan Rows": 25,"Plan Width": 136,"Actual Startup Time": 829.271,"Actual Total Time": 862.532,"Actual Rows": 5,"Actual Loops": 1,"Group Key": ["nation.n_name"],"Plans": [{"Node Type": "Gather Merge","Parent Relationship": "Outer","Parallel Aware": false,"Async Capable": false,"Startup Cost": 21550.29,"Total Cost": 21563.97,"Plan Rows": 50,"Plan Width": 136,"Actual Startup Time": 829.074,"Actual Total Time": 862.478,"Actual Rows": 15,"Actual Loops": 1,"Workers Planned": 2,"Workers Launched": 2,"Plans": [{"Node Type": "Aggregate","Strategy": "Sorted","Partial Mode": "Partial","Parent Relationship": "Outer","Parallel Aware": false,"Async Capable": false,"Startup Cost": 20550.26,"Total Cost": 20558.18,"Plan Rows": 25,"Plan Width": 136,"Actual Startup Time": 821.816,"Actual Total Time": 822.538,"Actual Rows": 5,"Actual Loops": 3,"Group Key": ["nation.n_name"],"Workers": [],"Plans": [{"Node Type": "Sort","Parent Relationship": "Outer","Parallel Aware": false,"Async Capable": false,"Startup Cost": 20550.26,"Total Cost": 20551.78,"Plan Rows": 608,"Plan Width": 116,"Actual Startup Time": 821.604,"Actual Total Time": 821.730,"Actual Rows": 2468,"Actual Loops": 3,"Sort Key": ["nation.n_name"],"Sort Method": "quicksort","Sort Space Used": 285,"Sort Space Type": "Memory","Workers": [{"Worker Number": 0,"Sort Method": "quicksort","Sort Space Used": 293,"Sort Space Type": "Memory"},{"Worker Number": 1,"Sort Method": "quicksort","Sort Space Used": 290,"Sort Space Type": "Memory"}],"Plans": [{"Node Type": "Hash Join","Parent Relationship": "Outer","Parallel Aware": false,"Async Capable": false,"Join Type": "Inner","Startup Cost": 475.27,"Total Cost": 20522.15,"Plan Rows": 608,"Plan Width": 116,"Actual Startup Time": 10.349,"Actual Total Time": 819.988,"Actual Rows": 2468,"Actual Loops": 3,"Inner Unique": true,"Hash Cond": "((lineitem.l_suppkey = supplier.s_suppkey) AND (customer.c_nationkey = supplier.s_nationkey))","Workers": [],"Plans": [{"Node Type": "Nested Loop","Parent Relationship": "Outer","Parallel Aware": false,"Async Capable": false,"Join Type": "Inner","Startup Cost": 3.27,"Total Cost": 19970.29,"Plan Rows": 15211,"Plan Width": 128,"Actual Startup Time": 0.787,"Actual Total Time": 773.951,"Actual Rows": 61461,"Actual Loops": 3,"Inner Unique": false,"Workers": [],"Plans": [{"Node Type": "Nested Loop","Parent Relationship": "Outer","Parallel Aware": false,"Async Capable": false,"Join Type": "Inner","Startup Cost": 2.84,"Total Cost": 8414.26,"Plan Rows": 3802,"Plan Width": 116,"Actual Startup Time": 0.651,"Actual Total Time": 459.932,"Actual Rows": 15399,"Actual Loops": 3,"Inner Unique": false,"Workers": [],"Plans": [{"Node Type": "Hash Join","Parent Relationship": "Outer","Parallel Aware": false,"Async Capable": false,"Join Type": "Inner","Startup Cost": 2.41,"Total Cost": 4471.79,"Plan Rows": 2500,"Plan Width": 116,"Actual Startup Time": 0.245,"Actual Total Time": 55.063,"Actual Rows": 10066,"Actual Loops": 3,"Inner Unique": false,"Hash Cond": "(customer.c_nationkey = nation.n_nationkey)","Workers": [],"Plans": [{"Node Type": "Seq Scan","Parent Relationship": "Outer","Parallel Aware": true,"Async Capable": false,"Relation Name": "customer","Alias": "customer","Startup Cost": 0.00,"Total Cost": 4210.00,"Plan Rows": 62500,"Plan Width": 8,"Actual Startup Time": 0.014,"Actual Total Time": 9.571,"Actual Rows": 50000,"Actual Loops": 3,"Workers": []},{"Node Type": "Hash","Parent Relationship": "Inner","Parallel Aware": false,"Async Capable": false,"Startup Cost": 2.40,"Total Cost": 2.40,"Plan Rows": 1,"Plan Width": 108,"Actual Startup Time": 0.139,"Actual Total Time": 0.155,"Actual Rows": 5,"Actual Loops": 3,"Hash Buckets": 1024,"Original Hash Buckets": 1024,"Hash Batches": 1,"Original Hash Batches": 1,"Peak Memory Usage": 9,"Workers": [],"Plans": [{"Node Type": "Hash Join","Parent Relationship": "Outer","Parallel Aware": false,"Async Capable": false,"Join Type": "Inner","Startup Cost": 1.07,"Total Cost": 2.40,"Plan Rows": 1,"Plan Width": 108,"Actual Startup Time": 0.126,"Actual Total Time": 0.145,"Actual Rows": 5,"Actual Loops": 3,"Inner Unique": true,"Hash Cond": "(nation.n_regionkey = region.r_regionkey)","Workers": [],"Plans": [{"Node Type": "Seq Scan","Parent Relationship": "Outer","Parallel Aware": false,"Async Capable": false,"Relation Name": "nation","Alias": "nation","Startup Cost": 0.00,"Total Cost": 1.25,"Plan Rows": 25,"Plan Width": 112,"Actual Startup Time": 0.043,"Actual Total Time": 0.047,"Actual Rows": 25,"Actual Loops": 3,"Workers": []},{"Node Type": "Hash","Parent Relationship": "Inner","Parallel Aware": false,"Async Capable": false,"Startup Cost": 1.06,"Total Cost": 1.06,"Plan Rows": 1,"Plan Width": 4,"Actual Startup Time": 0.051,"Actual Total Time": 0.056,"Actual Rows": 1,"Actual Loops": 3,"Hash Buckets": 1024,"Original Hash Buckets": 1024,"Hash Batches": 1,"Original Hash Batches": 1,"Peak Memory Usage": 9,"Workers": [],"Plans": [{"Node Type": "Seq Scan","Parent Relationship": "Outer","Parallel Aware": false,"Async Capable": false,"Relation Name": "region","Alias": "region","Startup Cost": 0.00,"Total Cost": 1.06,"Plan Rows": 1,"Plan Width": 4,"Actual Startup Time": 0.037,"Actual Total Time": 0.039,"Actual Rows": 1,"Actual Loops": 3,"Filter": "(r_name = 'EUROPE'::bpchar)","Rows Removed by Filter": 4,"Workers": []}]}]}]}]},{"Node Type": "Index Scan","Parent Relationship": "Inner","Parallel Aware": false,"Async Capable": false,"Scan Direction": "Forward","Index Name": "idx_orders_custkey","Relation Name": "orders","Alias": "orders","Startup Cost": 0.43,"Total Cost": 1.55,"Plan Rows": 3,"Plan Width": 8,"Actual Startup Time": 0.017,"Actual Total Time": 0.040,"Actual Rows": 2,"Actual Loops": 30197,"Index Cond": "(o_custkey = customer.c_custkey)","Rows Removed by Index Recheck": 0,"Filter": "((o_orderdate >= '1995-01-01'::date) AND (o_orderdate < '1996-01-01 00:00:00'::timestamp without time zone))","Rows Removed by Filter": 9,"Workers": []}]},{"Node Type": "Index Scan","Parent Relationship": "Inner","Parallel Aware": false,"Async Capable": false,"Scan Direction": "Forward","Index Name": "idx_lineitem_orderkey","Relation Name": "lineitem","Alias": "lineitem","Startup Cost": 0.43,"Total Cost": 2.87,"Plan Rows": 17,"Plan Width": 20,"Actual Startup Time": 0.017,"Actual Total Time": 0.020,"Actual Rows": 4,"Actual Loops": 46197,"Index Cond": "(l_orderkey = orders.o_orderkey)","Rows Removed by Index Recheck": 0,"Workers": []}]},{"Node Type": "Hash","Parent Relationship": "Inner","Parallel Aware": false,"Async Capable": false,"Startup Cost": 322.00,"Total Cost": 322.00,"Plan Rows": 10000,"Plan Width": 8,"Actual Startup Time": 8.644,"Actual Total Time": 8.648,"Actual Rows": 10000,"Actual Loops": 3,"Hash Buckets": 16384,"Original Hash Buckets": 16384,"Hash Batches": 1,"Original Hash Batches": 1,"Peak Memory Usage": 519,"Workers": [],"Plans": [{"Node Type": "Seq Scan","Parent Relationship": "Outer","Parallel Aware": false,"Async Capable": false,"Relation Name": "supplier","Alias": "supplier","Startup Cost": 0.00,"Total Cost": 322.00,"Plan Rows": 10000,"Plan Width": 8,"Actual Startup Time": 0.045,"Actual Total Time": 6.681,"Actual Rows": 10000,"Actual Loops": 3,"Workers": []}]}]}]}]}]}]}]},"Planning Time": 10.340,"Triggers": [],"Execution Time": 863.182}]
[{"Plan": {"Node Type": "Sort","Parallel Aware": false,"Async Capable": false,"Startup Cost": 21522.30,"Total Cost": 21522.36,"Plan Rows": 25,"Plan Width": 136,"Actual Startup Time": 808.715,"Actual Total Time": 841.103,"Actual Rows": 5,"Actual Loops": 1,"Sort Key": ["(sum((lineitem.l_extendedprice * ('1'::numeric - lineitem.l_discount)))) DESC"],"Sort Method": "quicksort","Sort Space Used": 25,"Sort Space Type": "Memory","Plans": [{"Node Type": "Aggregate","Strategy": "Sorted","Partial Mode": "Finalize","Parent Relationship": "Outer","Parallel Aware": false,"Async Capable": false,"Startup Cost": 21507.43,"Total Cost": 21521.72,"Plan Rows": 25,"Plan Width": 136,"Actual Startup Time": 808.132,"Actual Total Time": 841.051,"Actual Rows": 5,"Actual Loops": 1,"Group Key": ["nation.n_name"],"Plans": [{"Node Type": "Gather Merge","Parent Relationship": "Outer","Parallel Aware": false,"Async Capable": false,"Startup Cost": 21507.43,"Total Cost": 21521.03,"Plan Rows": 50,"Plan Width": 136,"Actual Startup Time": 807.865,"Actual Total Time": 840.993,"Actual Rows": 15,"Actual Loops": 1,"Workers Planned": 2,"Workers Launched": 2,"Plans": [{"Node Type": "Aggregate","Strategy": "Sorted","Partial Mode": "Partial","Parent Relationship": "Outer","Parallel Aware": false,"Async Capable": false,"Startup Cost": 20507.41,"Total Cost": 20515.23,"Plan Rows": 25,"Plan Width": 136,"Actual Startup Time": 800.148,"Actual Total Time": 800.877,"Actual Rows": 5,"Actual Loops": 3,"Group Key": ["nation.n_name"],"Workers": [],"Plans": [{"Node Type": "Sort","Parent Relationship": "Outer","Parallel Aware": false,"Async Capable": false,"Startup Cost": 20507.41,"Total Cost": 20508.91,"Plan Rows": 601,"Plan Width": 116,"Actual Startup Time": 799.927,"Actual Total Time": 800.057,"Actual Rows": 2459,"Actual Loops": 3,"Sort Key": ["nation.n_name"],"Sort Method": "quicksort","Sort Space Used": 287,"Sort Space Type": "Memory","Workers": [{"Worker Number": 0,"Sort Method": "quicksort","Sort Space Used": 292,"Sort Space Type": "Memory"},{"Worker Number": 1,"Sort Method": "quicksort","Sort Space Used": 287,"Sort Space Type": "Memory"}],"Plans": [{"Node Type": "Hash Join","Parent Relationship": "Outer","Parallel Aware": false,"Async Capable": false,"Join Type": "Inner","Startup Cost": 475.27,"Total Cost": 20479.67,"Plan Rows": 601,"Plan Width": 116,"Actual Startup Time": 9.851,"Actual Total Time": 798.461,"Actual Rows": 2459,"Actual Loops": 3,"Inner Unique": true,"Hash Cond": "((lineitem.l_suppkey = supplier.s_suppkey) AND (customer.c_nationkey = supplier.s_nationkey))","Workers": [],"Plans": [{"Node Type": "Nested Loop","Parent Relationship": "Outer","Parallel Aware": false,"Async Capable": false,"Join Type": "Inner","Startup Cost": 3.27,"Total Cost": 19928.78,"Plan Rows": 15027,"Plan Width": 128,"Actual Startup Time": 0.691,"Actual Total Time": 757.487,"Actual Rows": 60981,"Actual Loops": 3,"Inner Unique": false,"Workers": [],"Plans": [{"Node Type": "Nested Loop","Parent Relationship": "Outer","Parallel Aware": false,"Async Capable": false,"Join Type": "Inner","Startup Cost": 2.84,"Total Cost": 8414.26,"Plan Rows": 3756,"Plan Width": 116,"Actual Startup Time": 0.574,"Actual Total Time": 453.285,"Actual Rows": 15233,"Actual Loops": 3,"Inner Unique": false,"Workers": [],"Plans": [{"Node Type": "Hash Join","Parent Relationship": "Outer","Parallel Aware": false,"Async Capable": false,"Join Type": "Inner","Startup Cost": 2.41,"Total Cost": 4471.79,"Plan Rows": 2500,"Plan Width": 116,"Actual Startup Time": 0.259,"Actual Total Time": 55.622,"Actual Rows": 10066,"Actual Loops": 3,"Inner Unique": false,"Hash Cond": "(customer.c_nationkey = nation.n_nationkey)","Workers": [],"Plans": [{"Node Type": "Seq Scan","Parent Relationship": "Outer","Parallel Aware": true,"Async Capable": false,"Relation Name": "customer","Alias": "customer","Startup Cost": 0.00,"Total Cost": 4210.00,"Plan Rows": 62500,"Plan Width": 8,"Actual Startup Time": 0.020,"Actual Total Time": 9.402,"Actual Rows": 50000,"Actual Loops": 3,"Workers": []},{"Node Type": "Hash","Parent Relationship": "Inner","Parallel Aware": false,"Async Capable": false,"Startup Cost": 2.40,"Total Cost": 2.40,"Plan Rows": 1,"Plan Width": 108,"Actual Startup Time": 0.150,"Actual Total Time": 0.167,"Actual Rows": 5,"Actual Loops": 3,"Hash Buckets": 1024,"Original Hash Buckets": 1024,"Hash Batches": 1,"Original Hash Batches": 1,"Peak Memory Usage": 9,"Workers": [],"Plans": [{"Node Type": "Hash Join","Parent Relationship": "Outer","Parallel Aware": false,"Async Capable": false,"Join Type": "Inner","Startup Cost": 1.07,"Total Cost": 2.40,"Plan Rows": 1,"Plan Width": 108,"Actual Startup Time": 0.135,"Actual Total Time": 0.156,"Actual Rows": 5,"Actual Loops": 3,"Inner Unique": true,"Hash Cond": "(nation.n_regionkey = region.r_regionkey)","Workers": [],"Plans": [{"Node Type": "Seq Scan","Parent Relationship": "Outer","Parallel Aware": false,"Async Capable": false,"Relation Name": "nation","Alias": "nation","Startup Cost": 0.00,"Total Cost": 1.25,"Plan Rows": 25,"Plan Width": 112,"Actual Startup Time": 0.049,"Actual Total Time": 0.053,"Actual Rows": 25,"Actual Loops": 3,"Workers": []},{"Node Type": "Hash","Parent Relationship": "Inner","Parallel Aware": false,"Async Capable": false,"Startup Cost": 1.06,"Total Cost": 1.06,"Plan Rows": 1,"Plan Width": 4,"Actual Startup Time": 0.056,"Actual Total Time": 0.064,"Actual Rows": 1,"Actual Loops": 3,"Hash Buckets": 1024,"Original Hash Buckets": 1024,"Hash Batches": 1,"Original Hash Batches": 1,"Peak Memory Usage": 9,"Workers": [],"Plans": [{"Node Type": "Seq Scan","Parent Relationship": "Outer","Parallel Aware": false,"Async Capable": false,"Relation Name": "region","Alias": "region","Startup Cost": 0.00,"Total Cost": 1.06,"Plan Rows": 1,"Plan Width": 4,"Actual Startup Time": 0.041,"Actual Total Time": 0.043,"Actual Rows": 1,"Actual Loops": 3,"Filter": "(r_name = 'EUROPE'::bpchar)","Rows Removed by Filter": 4,"Workers": []}]}]}]}]},{"Node Type": "Index Scan","Parent Relationship": "Inner","Parallel Aware": false,"Async Capable": false,"Scan Direction": "Forward","Index Name": "idx_orders_custkey","Relation Name": "orders","Alias": "orders","Startup Cost": 0.43,"Total Cost": 1.55,"Plan Rows": 3,"Plan Width": 8,"Actual Startup Time": 0.017,"Actual Total Time": 0.039,"Actual Rows": 2,"Actual Loops": 30197,"Index Cond": "(o_custkey = customer.c_custkey)","Rows Removed by Index Recheck": 0,"Filter": "((o_orderdate >= '1993-01-01'::date) AND (o_orderdate < '1994-01-01 00:00:00'::timestamp without time zone))","Rows Removed by Filter": 9,"Workers": []}]},{"Node Type": "Index Scan","Parent Relationship": "Inner","Parallel Aware": false,"Async Capable": false,"Scan Direction": "Forward","Index Name": "idx_lineitem_orderkey","Relation Name": "lineitem","Alias": "lineitem","Startup Cost": 0.43,"Total Cost": 2.90,"Plan Rows": 17,"Plan Width": 20,"Actual Startup Time": 0.017,"Actual Total Time": 0.019,"Actual Rows": 4,"Actual Loops": 45699,"Index Cond": "(l_orderkey = orders.o_orderkey)","Rows Removed by Index Recheck": 0,"Workers": []}]},{"Node Type": "Hash","Parent Relationship": "Inner","Parallel Aware": false,"Async Capable": false,"Startup Cost": 322.00,"Total Cost": 322.00,"Plan Rows": 10000,"Plan Width": 8,"Actual Startup Time": 8.538,"Actual Total Time": 8.541,"Actual Rows": 10000,"Actual Loops": 3,"Hash Buckets": 16384,"Original Hash Buckets": 16384,"Hash Batches": 1,"Original Hash Batches": 1,"Peak Memory Usage": 519,"Workers": [],"Plans": [{"Node Type": "Seq Scan","Parent Relationship": "Outer","Parallel Aware": false,"Async Capable": false,"Relation Name": "supplier","Alias": "supplier","Startup Cost": 0.00,"Total Cost": 322.00,"Plan Rows": 10000,"Plan Width": 8,"Actual Startup Time": 0.046,"Actual Total Time": 6.635,"Actual Rows": 10000,"Actual Loops": 3,"Workers": []}]}]}]}]}]}]}]},"Planning Time": 10.957,"Triggers": [],"Execution Time": 841.799}]
[{"Plan": {"Node Type": "Sort","Parallel Aware": false,"Async Capable": false,"Startup Cost": 21612.43,"Total Cost": 21612.50,"Plan Rows": 25,"Plan Width": 136,"Actual Startup Time": 835.932,"Actual Total Time": 867.365,"Actual Rows": 5,"Actual Loops": 1,"Sort Key": ["(sum((lineitem.l_extendedprice * ('1'::numeric - lineitem.l_discount)))) DESC"],"Sort Method": "quicksort","Sort Space Used": 25,"Sort Space Type": "Memory","Plans": [{"Node Type": "Aggregate","Strategy": "Sorted","Partial Mode": "Finalize","Parent Relationship": "Outer","Parallel Aware": false,"Async Capable": false,"Startup Cost": 21597.38,"Total Cost": 21611.85,"Plan Rows": 25,"Plan Width": 136,"Actual Startup Time": 835.364,"Actual Total Time": 867.318,"Actual Rows": 5,"Actual Loops": 1,"Group Key": ["nation.n_name"],"Plans": [{"Node Type": "Gather Merge","Parent Relationship": "Outer","Parallel Aware": false,"Async Capable": false,"Startup Cost": 21597.38,"Total Cost": 21611.17,"Plan Rows": 50,"Plan Width": 136,"Actual Startup Time": 835.179,"Actual Total Time": 867.277,"Actual Rows": 15,"Actual Loops": 1,"Workers Planned": 2,"Workers Launched": 2,"Plans": [{"Node Type": "Aggregate","Strategy": "Sorted","Partial Mode": "Partial","Parent Relationship": "Outer","Parallel Aware": false,"Async Capable": false,"Startup Cost": 20597.36,"Total Cost": 20605.37,"Plan Rows": 25,"Plan Width": 136,"Actual Startup Time": 826.891,"Actual Total Time": 827.596,"Actual Rows": 5,"Actual Loops": 3,"Group Key": ["nation.n_name"],"Workers": [],"Plans": [{"Node Type": "Sort","Parent Relationship": "Outer","Parallel Aware": false,"Async Capable": false,"Startup Cost": 20597.36,"Total Cost": 20598.90,"Plan Rows": 616,"Plan Width": 116,"Actual Startup Time": 826.692,"Actual Total Time": 826.817,"Actual Rows": 2422,"Actual Loops": 3,"Sort Key": ["nation.n_name"],"Sort Method": "quicksort","Sort Space Used": 284,"Sort Space Type": "Memory","Workers": [{"Worker Number": 0,"Sort Method": "quicksort","Sort Space Used": 289,"Sort Space Type": "Memory"},{"Worker Number": 1,"Sort Method": "quicksort","Sort Space Used": 285,"Sort Space Type": "Memory"}],"Plans": [{"Node Type": "Hash Join","Parent Relationship": "Outer","Parallel Aware": false,"Async Capable": false,"Join Type": "Inner","Startup Cost": 475.27,"Total Cost": 20568.82,"Plan Rows": 616,"Plan Width": 116,"Actual Startup Time": 12.416,"Actual Total Time": 825.180,"Actual Rows": 2422,"Actual Loops": 3,"Inner Unique": true,"Hash Cond": "((lineitem.l_suppkey = supplier.s_suppkey) AND (customer.c_nationkey = supplier.s_nationkey))","Workers": [],"Plans": [{"Node Type": "Nested Loop","Parent Relationship": "Outer","Parallel Aware": false,"Async Capable": false,"Join Type": "Inner","Startup Cost": 3.27,"Total Cost": 20015.89,"Plan Rows": 15415,"Plan Width": 128,"Actual Startup Time": 0.717,"Actual Total Time": 776.964,"Actual Rows": 61524,"Actual Loops": 3,"Inner Unique": false,"Workers": [],"Plans": [{"Node Type": "Nested Loop","Parent Relationship": "Outer","Parallel Aware": false,"Async Capable": false,"Join Type": "Inner","Startup Cost": 2.84,"Total Cost": 8414.26,"Plan Rows": 3853,"Plan Width": 116,"Actual Startup Time": 0.594,"Actual Total Time": 468.318,"Actual Rows": 15364,"Actual Loops": 3,"Inner Unique": false,"Workers": [],"Plans": [{"Node Type": "Hash Join","Parent Relationship": "Outer","Parallel Aware": false,"Async Capable": false,"Join Type": "Inner","Startup Cost": 2.41,"Total Cost": 4471.79,"Plan Rows": 2500,"Plan Width": 116,"Actual Startup Time": 0.257,"Actual Total Time": 59.024,"Actual Rows": 10066,"Actual Loops": 3,"Inner Unique": false,"Hash Cond": "(customer.c_nationkey = nation.n_nationkey)","Workers": [],"Plans": [{"Node Type": "Seq Scan","Parent Relationship": "Outer","Parallel Aware": true,"Async Capable": false,"Relation Name": "customer","Alias": "customer","Startup Cost": 0.00,"Total Cost": 4210.00,"Plan Rows": 62500,"Plan Width": 8,"Actual Startup Time": 0.018,"Actual Total Time": 10.025,"Actual Rows": 50000,"Actual Loops": 3,"Workers": []},{"Node Type": "Hash","Parent Relationship": "Inner","Parallel Aware": false,"Async Capable": false,"Startup Cost": 2.40,"Total Cost": 2.40,"Plan Rows": 1,"Plan Width": 108,"Actual Startup Time": 0.151,"Actual Total Time": 0.168,"Actual Rows": 5,"Actual Loops": 3,"Hash Buckets": 1024,"Original Hash Buckets": 1024,"Hash Batches": 1,"Original Hash Batches": 1,"Peak Memory Usage": 9,"Workers": [],"Plans": [{"Node Type": "Hash Join","Parent Relationship": "Outer","Parallel Aware": false,"Async Capable": false,"Join Type": "Inner","Startup Cost": 1.07,"Total Cost": 2.40,"Plan Rows": 1,"Plan Width": 108,"Actual Startup Time": 0.138,"Actual Total Time": 0.159,"Actual Rows": 5,"Actual Loops": 3,"Inner Unique": true,"Hash Cond": "(nation.n_regionkey = region.r_regionkey)","Workers": [],"Plans": [{"Node Type": "Seq Scan","Parent Relationship": "Outer","Parallel Aware": false,"Async Capable": false,"Relation Name": "nation","Alias": "nation","Startup Cost": 0.00,"Total Cost": 1.25,"Plan Rows": 25,"Plan Width": 112,"Actual Startup Time": 0.050,"Actual Total Time": 0.055,"Actual Rows": 25,"Actual Loops": 3,"Workers": []},{"Node Type": "Hash","Parent Relationship": "Inner","Parallel Aware": false,"Async Capable": false,"Startup Cost": 1.06,"Total Cost": 1.06,"Plan Rows": 1,"Plan Width": 4,"Actual Startup Time": 0.059,"Actual Total Time": 0.064,"Actual Rows": 1,"Actual Loops": 3,"Hash Buckets": 1024,"Original Hash Buckets": 1024,"Hash Batches": 1,"Original Hash Batches": 1,"Peak Memory Usage": 9,"Workers": [],"Plans": [{"Node Type": "Seq Scan","Parent Relationship": "Outer","Parallel Aware": false,"Async Capable": false,"Relation Name": "region","Alias": "region","Startup Cost": 0.00,"Total Cost": 1.06,"Plan Rows": 1,"Plan Width": 4,"Actual Startup Time": 0.043,"Actual Total Time": 0.045,"Actual Rows": 1,"Actual Loops": 3,"Filter": "(r_name = 'EUROPE'::bpchar)","Rows Removed by Filter": 4,"Workers": []}]}]}]}]},{"Node Type": "Index Scan","Parent Relationship": "Inner","Parallel Aware": false,"Async Capable": false,"Scan Direction": "Forward","Index Name": "idx_orders_custkey","Relation Name": "orders","Alias": "orders","Startup Cost": 0.43,"Total Cost": 1.55,"Plan Rows": 3,"Plan Width": 8,"Actual Startup Time": 0.017,"Actual Total Time": 0.040,"Actual Rows": 2,"Actual Loops": 30197,"Index Cond": "(o_custkey = customer.c_custkey)","Rows Removed by Index Recheck": 0,"Filter": "((o_orderdate >= '1994-01-01'::date) AND (o_orderdate < '1995-01-01 00:00:00'::timestamp without time zone))","Rows Removed by Filter": 9,"Workers": []}]},{"Node Type": "Index Scan","Parent Relationship": "Inner","Parallel Aware": false,"Async Capable": false,"Scan Direction": "Forward","Index Name": "idx_lineitem_orderkey","Relation Name": "lineitem","Alias": "lineitem","Startup Cost": 0.43,"Total Cost": 2.84,"Plan Rows": 17,"Plan Width": 20,"Actual Startup Time": 0.017,"Actual Total Time": 0.019,"Actual Rows": 4,"Actual Loops": 46093,"Index Cond": "(l_orderkey = orders.o_orderkey)","Rows Removed by Index Recheck": 0,"Workers": []}]},{"Node Type": "Hash","Parent Relationship": "Inner","Parallel Aware": false,"Async Capable": false,"Startup Cost": 322.00,"Total Cost": 322.00,"Plan Rows": 10000,"Plan Width": 8,"Actual Startup Time": 10.479,"Actual Total Time": 10.484,"Actual Rows": 10000,"Actual Loops": 3,"Hash Buckets": 16384,"Original Hash Buckets": 16384,"Hash Batches": 1,"Original Hash Batches": 1,"Peak Memory Usage": 519,"Workers": [],"Plans": [{"Node Type": "Seq Scan","Parent Relationship": "Outer","Parallel Aware": false,"Async Capable": false,"Relation Name": "supplier","Alias": "supplier","Startup Cost": 0.00,"Total Cost": 322.00,"Plan Rows": 10000,"Plan Width": 8,"Actual Startup Time": 0.042,"Actual Total Time": 8.711,"Actual Rows": 10000,"Actual Loops": 3,"Workers": []}]}]}]}]}]}]}]},"Planning Time": 9.647,"Triggers": [],"Execution Time": 867.883}]
[{"Plan": {"Node Type": "Sort","Parallel Aware": false,"Async Capable": false,"Startup Cost": 21612.43,"Total Cost": 21612.50,"Plan Rows": 25,"Plan Width": 136,"Actual Startup Time": 832.616,"Actual Total Time": 862.680,"Actual Rows": 5,"Actual Loops": 1,"Sort Key": ["(sum((lineitem.l_extendedprice * ('1'::numeric - lineitem.l_discount)))) DESC"],"Sort Method": "quicksort","Sort Space Used": 25,"Sort Space Type": "Memory","Plans": [{"Node Type": "Aggregate","Strategy": "Sorted","Partial Mode": "Finalize","Parent Relationship": "Outer","Parallel Aware": false,"Async Capable": false,"Startup Cost": 21597.38,"Total Cost": 21611.85,"Plan Rows": 25,"Plan Width": 136,"Actual Startup Time": 832.009,"Actual Total Time": 862.637,"Actual Rows": 5,"Actual Loops": 1,"Group Key": ["nation.n_name"],"Plans": [{"Node Type": "Gather Merge","Parent Relationship": "Outer","Parallel Aware": false,"Async Capable": false,"Startup Cost": 21597.38,"Total Cost": 21611.17,"Plan Rows": 50,"Plan Width": 136,"Actual Startup Time": 831.804,"Actual Total Time": 862.590,"Actual Rows": 15,"Actual Loops": 1,"Workers Planned": 2,"Workers Launched": 2,"Plans": [{"Node Type": "Aggregate","Strategy": "Sorted","Partial Mode": "Partial","Parent Relationship": "Outer","Parallel Aware": false,"Async Capable": false,"Startup Cost": 20597.36,"Total Cost": 20605.37,"Plan Rows": 25,"Plan Width": 136,"Actual Startup Time": 824.333,"Actual Total Time": 825.038,"Actual Rows": 5,"Actual Loops": 3,"Group Key": ["nation.n_name"],"Workers": [],"Plans": [{"Node Type": "Sort","Parent Relationship": "Outer","Parallel Aware": false,"Async Capable": false,"Startup Cost": 20597.36,"Total Cost": 20598.90,"Plan Rows": 616,"Plan Width": 116,"Actual Startup Time": 824.137,"Actual Total Time": 824.256,"Actual Rows": 2417,"Actual Loops": 3,"Sort Key": ["nation.n_name"],"Sort Method": "quicksort","Sort Space Used": 288,"Sort Space Type": "Memory","Workers": [{"Worker Number": 0,"Sort Method": "quicksort","Sort Space Used": 280,"Sort Space Type": "Memory"},{"Worker Number": 1,"Sort Method": "quicksort","Sort Space Used": 288,"Sort Space Type": "Memory"}],"Plans": [{"Node Type": "Hash Join","Parent Relationship": "Outer","Parallel Aware": false,"Async Capable": false,"Join Type": "Inner","Startup Cost": 475.27,"Total Cost": 20568.82,"Plan Rows": 616,"Plan Width": 116,"Actual Startup Time": 12.703,"Actual Total Time": 822.671,"Actual Rows": 2417,"Actual Loops": 3,"Inner Unique": true,"Hash Cond": "((lineitem.l_suppkey = supplier.s_suppkey) AND (customer.c_nationkey = supplier.s_nationkey))","Workers": [],"Plans": [{"Node Type": "Nested Loop","Parent Relationship": "Outer","Parallel Aware": false,"Async Capable": false,"Join Type": "Inner","Startup Cost": 3.27,"Total Cost": 20015.89,"Plan Rows": 15415,"Plan Width": 128,"Actual Startup Time": 0.571,"Actual Total Time": 776.984,"Actual Rows": 59997,"Actual Loops": 3,"Inner Unique": false,"Workers": [],"Plans": [{"Node Type": "Nested Loop","Parent Relationship": "Outer","Parallel Aware": false,"Async Capable": false,"Join Type": "Inner","Startup Cost": 2.84,"Total Cost": 8414.26,"Plan Rows": 3853,"Plan Width": 116,"Actual Startup Time": 0.454,"Actual Total Time": 470.088,"Actual Rows": 15003,"Actual Loops": 3,"Inner Unique": false,"Workers": [],"Plans": [{"Node Type": "Hash Join","Parent Relationship": "Outer","Parallel Aware": false,"Async Capable": false,"Join Type": "Inner","Startup Cost": 2.41,"Total Cost": 4471.79,"Plan Rows": 2500,"Plan Width": 116,"Actual Startup Time": 0.227,"Actual Total Time": 60.370,"Actual Rows": 9968,"Actual Loops": 3,"Inner Unique": false,"Hash Cond": "(customer.c_nationkey = nation.n_nationkey)","Workers": [],"Plans": [{"Node Type": "Seq Scan","Parent Relationship": "Outer","Parallel Aware": true,"Async Capable": false,"Relation Name": "customer","Alias": "customer","Startup Cost": 0.00,"Total Cost": 4210.00,"Plan Rows": 62500,"Plan Width": 8,"Actual Startup Time": 0.013,"Actual Total Time": 10.099,"Actual Rows": 50000,"Actual Loops": 3,"Workers": []},{"Node Type": "Hash","Parent Relationship": "Inner","Parallel Aware": false,"Async Capable": false,"Startup Cost": 2.40,"Total Cost": 2.40,"Plan Rows": 1,"Plan Width": 108,"Actual Startup Time": 0.138,"Actual Total Time": 0.150,"Actual Rows": 5,"Actual Loops": 3,"Hash Buckets": 1024,"Original Hash Buckets": 1024,"Hash Batches": 1,"Original Hash Batches": 1,"Peak Memory Usage": 9,"Workers": [],"Plans": [{"Node Type": "Hash Join","Parent Relationship": "Outer","Parallel Aware": false,"Async Capable": false,"Join Type": "Inner","Startup Cost": 1.07,"Total Cost": 2.40,"Plan Rows": 1,"Plan Width": 108,"Actual Startup Time": 0.125,"Actual Total Time": 0.142,"Actual Rows": 5,"Actual Loops": 3,"Inner Unique": true,"Hash Cond": "(nation.n_regionkey = region.r_regionkey)","Workers": [],"Plans": [{"Node Type": "Seq Scan","Parent Relationship": "Outer","Parallel Aware": false,"Async Capable": false,"Relation Name": "nation","Alias": "nation","Startup Cost": 0.00,"Total Cost": 1.25,"Plan Rows": 25,"Plan Width": 112,"Actual Startup Time": 0.044,"Actual Total Time": 0.047,"Actual Rows": 25,"Actual Loops": 3,"Workers": []},{"Node Type": "Hash","Parent Relationship": "Inner","Parallel Aware": false,"Async Capable": false,"Startup Cost": 1.06,"Total Cost": 1.06,"Plan Rows": 1,"Plan Width": 4,"Actual Startup Time": 0.054,"Actual Total Time": 0.057,"Actual Rows": 1,"Actual Loops": 3,"Hash Buckets": 1024,"Original Hash Buckets": 1024,"Hash Batches": 1,"Original Hash Batches": 1,"Peak Memory Usage": 9,"Workers": [],"Plans": [{"Node Type": "Seq Scan","Parent Relationship": "Outer","Parallel Aware": false,"Async Capable": false,"Relation Name": "region","Alias": "region","Startup Cost": 0.00,"Total Cost": 1.06,"Plan Rows": 1,"Plan Width": 4,"Actual Startup Time": 0.039,"Actual Total Time": 0.040,"Actual Rows": 1,"Actual Loops": 3,"Filter": "(r_name = 'MIDDLE EAST'::bpchar)","Rows Removed by Filter": 4,"Workers": []}]}]}]}]},{"Node Type": "Index Scan","Parent Relationship": "Inner","Parallel Aware": false,"Async Capable": false,"Scan Direction": "Forward","Index Name": "idx_orders_custkey","Relation Name": "orders","Alias": "orders","Startup Cost": 0.43,"Total Cost": 1.55,"Plan Rows": 3,"Plan Width": 8,"Actual Startup Time": 0.017,"Actual Total Time": 0.041,"Actual Rows": 2,"Actual Loops": 29904,"Index Cond": "(o_custkey = customer.c_custkey)","Rows Removed by Index Recheck": 0,"Filter": "((o_orderdate >= '1994-01-01'::date) AND (o_orderdate < '1995-01-01 00:00:00'::timestamp without time zone))","Rows Removed by Filter": 8,"Workers": []}]},{"Node Type": "Index Scan","Parent Relationship": "Inner","Parallel Aware": false,"Async Capable": false,"Scan Direction": "Forward","Index Name": "idx_lineitem_orderkey","Relation Name": "lineitem","Alias": "lineitem","Startup Cost": 0.43,"Total Cost": 2.84,"Plan Rows": 17,"Plan Width": 20,"Actual Startup Time": 0.017,"Actual Total Time": 0.020,"Actual Rows": 4,"Actual Loops": 45009,"Index Cond": "(l_orderkey = orders.o_orderkey)","Rows Removed by Index Recheck": 0,"Workers": []}]},{"Node Type": "Hash","Parent Relationship": "Inner","Parallel Aware": false,"Async Capable": false,"Startup Cost": 322.00,"Total Cost": 322.00,"Plan Rows": 10000,"Plan Width": 8,"Actual Startup Time": 11.133,"Actual Total Time": 11.135,"Actual Rows": 10000,"Actual Loops": 3,"Hash Buckets": 16384,"Original Hash Buckets": 16384,"Hash Batches": 1,"Original Hash Batches": 1,"Peak Memory Usage": 519,"Workers": [],"Plans": [{"Node Type": "Seq Scan","Parent Relationship": "Outer","Parallel Aware": false,"Async Capable": false,"Relation Name": "supplier","Alias": "supplier","Startup Cost": 0.00,"Total Cost": 322.00,"Plan Rows": 10000,"Plan Width": 8,"Actual Startup Time": 0.042,"Actual Total Time": 9.282,"Actual Rows": 10000,"Actual Loops": 3,"Workers": []}]}]}]}]}]}]}]},"Planning Time": 10.906,"Triggers": [],"Execution Time": 863.139}]
[{"Plan": {"Node Type": "Sort","Parallel Aware": false,"Async Capable": false,"Startup Cost": 21612.43,"Total Cost": 21612.50,"Plan Rows": 25,"Plan Width": 136,"Actual Startup Time": 812.208,"Actual Total Time": 844.906,"Actual Rows": 5,"Actual Loops": 1,"Sort Key": ["(sum((lineitem.l_extendedprice * ('1'::numeric - lineitem.l_discount)))) DESC"],"Sort Method": "quicksort","Sort Space Used": 25,"Sort Space Type": "Memory","Plans": [{"Node Type": "Aggregate","Strategy": "Sorted","Partial Mode": "Finalize","Parent Relationship": "Outer","Parallel Aware": false,"Async Capable": false,"Startup Cost": 21597.38,"Total Cost": 21611.85,"Plan Rows": 25,"Plan Width": 136,"Actual Startup Time": 811.577,"Actual Total Time": 844.848,"Actual Rows": 5,"Actual Loops": 1,"Group Key": ["nation.n_name"],"Plans": [{"Node Type": "Gather Merge","Parent Relationship": "Outer","Parallel Aware": false,"Async Capable": false,"Startup Cost": 21597.38,"Total Cost": 21611.17,"Plan Rows": 50,"Plan Width": 136,"Actual Startup Time": 811.381,"Actual Total Time": 844.798,"Actual Rows": 15,"Actual Loops": 1,"Workers Planned": 2,"Workers Launched": 2,"Plans": [{"Node Type": "Aggregate","Strategy": "Sorted","Partial Mode": "Partial","Parent Relationship": "Outer","Parallel Aware": false,"Async Capable": false,"Startup Cost": 20597.36,"Total Cost": 20605.37,"Plan Rows": 25,"Plan Width": 136,"Actual Startup Time": 803.972,"Actual Total Time": 804.698,"Actual Rows": 5,"Actual Loops": 3,"Group Key": ["nation.n_name"],"Workers": [],"Plans": [{"Node Type": "Sort","Parent Relationship": "Outer","Parallel Aware": false,"Async Capable": false,"Startup Cost": 20597.36,"Total Cost": 20598.90,"Plan Rows": 616,"Plan Width": 116,"Actual Startup Time": 803.767,"Actual Total Time": 803.896,"Actual Rows": 2458,"Actual Loops": 3,"Sort Key": ["nation.n_name"],"Sort Method": "quicksort","Sort Space Used": 292,"Sort Space Type": "Memory","Workers": [{"Worker Number": 0,"Sort Method": "quicksort","Sort Space Used": 287,"Sort Space Type": "Memory"},{"Worker Number": 1,"Sort Method": "quicksort","Sort Space Used": 286,"Sort Space Type": "Memory"}],"Plans": [{"Node Type": "Hash Join","Parent Relationship": "Outer","Parallel Aware": false,"Async Capable": false,"Join Type": "Inner","Startup Cost": 475.27,"Total Cost": 20568.82,"Plan Rows": 616,"Plan Width": 116,"Actual Startup Time": 9.755,"Actual Total Time": 802.240,"Actual Rows": 2458,"Actual Loops": 3,"Inner Unique": true,"Hash Cond": "((lineitem.l_suppkey = supplier.s_suppkey) AND (customer.c_nationkey = supplier.s_nationkey))","Workers": [],"Plans": [{"Node Type": "Nested Loop","Parent Relationship": "Outer","Parallel Aware": false,"Async Capable": false,"Join Type": "Inner","Startup Cost": 3.27,"Total Cost": 20015.89,"Plan Rows": 15415,"Plan Width": 128,"Actual Startup Time": 0.708,"Actual Total Time": 760.379,"Actual Rows": 60417,"Actual Loops": 3,"Inner Unique": false,"Workers": [],"Plans": [{"Node Type": "Nested Loop","Parent Relationship": "Outer","Parallel Aware": false,"Async Capable": false,"Join Type": "Inner","Startup Cost": 2.84,"Total Cost": 8414.26,"Plan Rows": 3853,"Plan Width": 116,"Actual Startup Time": 0.563,"Actual Total Time": 454.038,"Actual Rows": 15112,"Actual Loops": 3,"Inner Unique": false,"Workers": [],"Plans": [{"Node Type": "Hash Join","Parent Relationship": "Outer","Parallel Aware": false,"Async Capable": false,"Join Type": "Inner","Startup Cost": 2.41,"Total Cost": 4471.79,"Plan Rows": 2500,"Plan Width": 116,"Actual Startup Time": 0.264,"Actual Total Time": 54.641,"Actual Rows": 9984,"Actual Loops": 3,"Inner Unique": false,"Hash Cond": "(customer.c_nationkey = nation.n_nationkey)","Workers": [],"Plans": [{"Node Type": "Seq Scan","Parent Relationship": "Outer","Parallel Aware": true,"Async Capable": false,"Relation Name": "customer","Alias": "customer","Startup Cost": 0.00,"Total Cost": 4210.00,"Plan Rows": 62500,"Plan Width": 8,"Actual Startup Time": 0.019,"Actual Total Time": 9.602,"Actual Rows": 50000,"Actual Loops": 3,"Workers": []},{"Node Type": "Hash","Parent Relationship": "Inner","Parallel Aware": false,"Async Capable": false,"Startup Cost": 2.40,"Total Cost": 2.40,"Plan Rows": 1,"Plan Width": 108,"Actual Startup Time": 0.143,"Actual Total Time": 0.163,"Actual Rows": 5,"Actual Loops": 3,"Hash Buckets": 1024,"Original Hash Buckets": 1024,"Hash Batches": 1,"Original Hash Batches": 1,"Peak Memory Usage": 9,"Workers": [],"Plans": [{"Node Type": "Hash Join","Parent Relationship": "Outer","Parallel Aware": false,"Async Capable": false,"Join Type": "Inner","Startup Cost": 1.07,"Total Cost": 2.40,"Plan Rows": 1,"Plan Width": 108,"Actual Startup Time": 0.129,"Actual Total Time": 0.153,"Actual Rows": 5,"Actual Loops": 3,"Inner Unique": true,"Hash Cond": "(nation.n_regionkey = region.r_regionkey)","Workers": [],"Plans": [{"Node Type": "Seq Scan","Parent Relationship": "Outer","Parallel Aware": false,"Async Capable": false,"Relation Name": "nation","Alias": "nation","Startup Cost": 0.00,"Total Cost": 1.25,"Plan Rows": 25,"Plan Width": 112,"Actual Startup Time": 0.046,"Actual Total Time": 0.051,"Actual Rows": 25,"Actual Loops": 3,"Workers": []},{"Node Type": "Hash","Parent Relationship": "Inner","Parallel Aware": false,"Async Capable": false,"Startup Cost": 1.06,"Total Cost": 1.06,"Plan Rows": 1,"Plan Width": 4,"Actual Startup Time": 0.053,"Actual Total Time": 0.059,"Actual Rows": 1,"Actual Loops": 3,"Hash Buckets": 1024,"Original Hash Buckets": 1024,"Hash Batches": 1,"Original Hash Batches": 1,"Peak Memory Usage": 9,"Workers": [],"Plans": [{"Node Type": "Seq Scan","Parent Relationship": "Outer","Parallel Aware": false,"Async Capable": false,"Relation Name": "region","Alias": "region","Startup Cost": 0.00,"Total Cost": 1.06,"Plan Rows": 1,"Plan Width": 4,"Actual Startup Time": 0.038,"Actual Total Time": 0.040,"Actual Rows": 1,"Actual Loops": 3,"Filter": "(r_name = 'AMERICA'::bpchar)","Rows Removed by Filter": 4,"Workers": []}]}]}]}]},{"Node Type": "Index Scan","Parent Relationship": "Inner","Parallel Aware": false,"Async Capable": false,"Scan Direction": "Forward","Index Name": "idx_orders_custkey","Relation Name": "orders","Alias": "orders","Startup Cost": 0.43,"Total Cost": 1.55,"Plan Rows": 3,"Plan Width": 8,"Actual Startup Time": 0.017,"Actual Total Time": 0.040,"Actual Rows": 2,"Actual Loops": 29952,"Index Cond": "(o_custkey = customer.c_custkey)","Rows Removed by Index Recheck": 0,"Filter": "((o_orderdate >= '1994-01-01'::date) AND (o_orderdate < '1995-01-01 00:00:00'::timestamp without time zone))","Rows Removed by Filter": 8,"Workers": []}]},{"Node Type": "Index Scan","Parent Relationship": "Inner","Parallel Aware": false,"Async Capable": false,"Scan Direction": "Forward","Index Name": "idx_lineitem_orderkey","Relation Name": "lineitem","Alias": "lineitem","Startup Cost": 0.43,"Total Cost": 2.84,"Plan Rows": 17,"Plan Width": 20,"Actual Startup Time": 0.017,"Actual Total Time": 0.020,"Actual Rows": 4,"Actual Loops": 45335,"Index Cond": "(l_orderkey = orders.o_orderkey)","Rows Removed by Index Recheck": 0,"Workers": []}]},{"Node Type": "Hash","Parent Relationship": "Inner","Parallel Aware": false,"Async Capable": false,"Startup Cost": 322.00,"Total Cost": 322.00,"Plan Rows": 10000,"Plan Width": 8,"Actual Startup Time": 8.509,"Actual Total Time": 8.512,"Actual Rows": 10000,"Actual Loops": 3,"Hash Buckets": 16384,"Original Hash Buckets": 16384,"Hash Batches": 1,"Original Hash Batches": 1,"Peak Memory Usage": 519,"Workers": [],"Plans": [{"Node Type": "Seq Scan","Parent Relationship": "Outer","Parallel Aware": false,"Async Capable": false,"Relation Name": "supplier","Alias": "supplier","Startup Cost": 0.00,"Total Cost": 322.00,"Plan Rows": 10000,"Plan Width": 8,"Actual Startup Time": 0.036,"Actual Total Time": 6.673,"Actual Rows": 10000,"Actual Loops": 3,"Workers": []}]}]}]}]}]}]}]},"Planning Time": 10.649,"Triggers": [],"Execution Time": 845.482}]
[{"Plan": {"Node Type": "Sort","Parallel Aware": false,"Async Capable": false,"Startup Cost": 21522.30,"Total Cost": 21522.36,"Plan Rows": 25,"Plan Width": 136,"Actual Startup Time": 801.786,"Actual Total Time": 833.013,"Actual Rows": 5,"Actual Loops": 1,"Sort Key": ["(sum((lineitem.l_extendedprice * ('1'::numeric - lineitem.l_discount)))) DESC"],"Sort Method": "quicksort","Sort Space Used": 25,"Sort Space Type": "Memory","Plans": [{"Node Type": "Aggregate","Strategy": "Sorted","Partial Mode": "Finalize","Parent Relationship": "Outer","Parallel Aware": false,"Async Capable": false,"Startup Cost": 21507.43,"Total Cost": 21521.72,"Plan Rows": 25,"Plan Width": 136,"Actual Startup Time": 801.172,"Actual Total Time": 832.958,"Actual Rows": 5,"Actual Loops": 1,"Group Key": ["nation.n_name"],"Plans": [{"Node Type": "Gather Merge","Parent Relationship": "Outer","Parallel Aware": false,"Async Capable": false,"Startup Cost": 21507.43,"Total Cost": 21521.03,"Plan Rows": 50,"Plan Width": 136,"Actual Startup Time": 800.500,"Actual Total Time": 832.892,"Actual Rows": 15,"Actual Loops": 1,"Workers Planned": 2,"Workers Launched": 2,"Plans": [{"Node Type": "Aggregate","Strategy": "Sorted","Partial Mode": "Partial","Parent Relationship": "Outer","Parallel Aware": false,"Async Capable": false,"Startup Cost": 20507.41,"Total Cost": 20515.23,"Plan Rows": 25,"Plan Width": 136,"Actual Startup Time": 792.564,"Actual Total Time": 793.457,"Actual Rows": 5,"Actual Loops": 3,"Group Key": ["nation.n_name"],"Workers": [],"Plans": [{"Node Type": "Sort","Parent Relationship": "Outer","Parallel Aware": false,"Async Capable": false,"Startup Cost": 20507.41,"Total Cost": 20508.91,"Plan Rows": 601,"Plan Width": 116,"Actual Startup Time": 792.353,"Actual Total Time": 792.502,"Actual Rows": 2513,"Actual Loops": 3,"Sort Key": ["nation.n_name"],"Sort Method": "quicksort","Sort Space Used": 296,"Sort Space Type": "Memory","Workers": [{"Worker Number": 0,"Sort Method": "quicksort","Sort Space Used": 291,"Sort Space Type": "Memory"},{"Worker Number": 1,"Sort Method": "quicksort","Sort Space Used": 292,"Sort Space Type": "Memory"}],"Plans": [{"Node Type": "Hash Join","Parent Relationship": "Outer","Parallel Aware": false,"Async Capable": false,"Join Type": "Inner","Startup Cost": 475.27,"Total Cost": 20479.67,"Plan Rows": 601,"Plan Width": 116,"Actual Startup Time": 14.275,"Actual Total Time": 790.899,"Actual Rows": 2513,"Actual Loops": 3,"Inner Unique": true,"Hash Cond": "((lineitem.l_suppkey = supplier.s_suppkey) AND (customer.c_nationkey = supplier.s_nationkey))","Workers": [],"Plans": [{"Node Type": "Nested Loop","Parent Relationship": "Outer","Parallel Aware": false,"Async Capable": false,"Join Type": "Inner","Startup Cost": 3.27,"Total Cost": 19928.78,"Plan Rows": 15027,"Plan Width": 128,"Actual Startup Time": 0.573,"Actual Total Time": 745.935,"Actual Rows": 60812,"Actual Loops": 3,"Inner Unique": false,"Workers": [],"Plans": [{"Node Type": "Nested Loop","Parent Relationship": "Outer","Parallel Aware": false,"Async Capable": false,"Join Type": "Inner","Startup Cost": 2.84,"Total Cost": 8414.26,"Plan Rows": 3756,"Plan Width": 116,"Actual Startup Time": 0.447,"Actual Total Time": 445.574,"Actual Rows": 15099,"Actual Loops": 3,"Inner Unique": false,"Workers": [],"Plans": [{"Node Type": "Hash Join","Parent Relationship": "Outer","Parallel Aware": false,"Async Capable": false,"Join Type": "Inner","Startup Cost": 2.41,"Total Cost": 4471.79,"Plan Rows": 2500,"Plan Width": 116,"Actual Startup Time": 0.261,"Actual Total Time": 54.435,"Actual Rows": 9984,"Actual Loops": 3,"Inner Unique": false,"Hash Cond": "(customer.c_nationkey = nation.n_nationkey)","Workers": [],"Plans": [{"Node Type": "Seq Scan","Parent Relationship": "Outer","Parallel Aware": true,"Async Capable": false,"Relation Name": "customer","Alias": "customer","Startup Cost": 0.00,"Total Cost": 4210.00,"Plan Rows": 62500,"Plan Width": 8,"Actual Startup Time": 0.020,"Actual Total Time": 9.427,"Actual Rows": 50000,"Actual Loops": 3,"Workers": []},{"Node Type": "Hash","Parent Relationship": "Inner","Parallel Aware": false,"Async Capable": false,"Startup Cost": 2.40,"Total Cost": 2.40,"Plan Rows": 1,"Plan Width": 108,"Actual Startup Time": 0.147,"Actual Total Time": 0.168,"Actual Rows": 5,"Actual Loops": 3,"Hash Buckets": 1024,"Original Hash Buckets": 1024,"Hash Batches": 1,"Original Hash Batches": 1,"Peak Memory Usage": 9,"Workers": [],"Plans": [{"Node Type": "Hash Join","Parent Relationship": "Outer","Parallel Aware": false,"Async Capable": false,"Join Type": "Inner","Startup Cost": 1.07,"Total Cost": 2.40,"Plan Rows": 1,"Plan Width": 108,"Actual Startup Time": 0.132,"Actual Total Time": 0.158,"Actual Rows": 5,"Actual Loops": 3,"Inner Unique": true,"Hash Cond": "(nation.n_regionkey = region.r_regionkey)","Workers": [],"Plans": [{"Node Type": "Seq Scan","Parent Relationship": "Outer","Parallel Aware": false,"Async Capable": false,"Relation Name": "nation","Alias": "nation","Startup Cost": 0.00,"Total Cost": 1.25,"Plan Rows": 25,"Plan Width": 112,"Actual Startup Time": 0.053,"Actual Total Time": 0.057,"Actual Rows": 25,"Actual Loops": 3,"Workers": []},{"Node Type": "Hash","Parent Relationship": "Inner","Parallel Aware": false,"Async Capable": false,"Startup Cost": 1.06,"Total Cost": 1.06,"Plan Rows": 1,"Plan Width": 4,"Actual Startup Time": 0.054,"Actual Total Time": 0.061,"Actual Rows": 1,"Actual Loops": 3,"Hash Buckets": 1024,"Original Hash Buckets": 1024,"Hash Batches": 1,"Original Hash Batches": 1,"Peak Memory Usage": 9,"Workers": [],"Plans": [{"Node Type": "Seq Scan","Parent Relationship": "Outer","Parallel Aware": false,"Async Capable": false,"Relation Name": "region","Alias": "region","Startup Cost": 0.00,"Total Cost": 1.06,"Plan Rows": 1,"Plan Width": 4,"Actual Startup Time": 0.037,"Actual Total Time": 0.039,"Actual Rows": 1,"Actual Loops": 3,"Filter": "(r_name = 'AMERICA'::bpchar)","Rows Removed by Filter": 4,"Workers": []}]}]}]}]},{"Node Type": "Index Scan","Parent Relationship": "Inner","Parallel Aware": false,"Async Capable": false,"Scan Direction": "Forward","Index Name": "idx_orders_custkey","Relation Name": "orders","Alias": "orders","Startup Cost": 0.43,"Total Cost": 1.55,"Plan Rows": 3,"Plan Width": 8,"Actual Startup Time": 0.016,"Actual Total Time": 0.039,"Actual Rows": 2,"Actual Loops": 29952,"Index Cond": "(o_custkey = customer.c_custkey)","Rows Removed by Index Recheck": 0,"Filter": "((o_orderdate >= '1993-01-01'::date) AND (o_orderdate < '1994-01-01 00:00:00'::timestamp without time zone))","Rows Removed by Filter": 8,"Workers": []}]},{"Node Type": "Index Scan","Parent Relationship": "Inner","Parallel Aware": false,"Async Capable": false,"Scan Direction": "Forward","Index Name": "idx_lineitem_orderkey","Relation Name": "lineitem","Alias": "lineitem","Startup Cost": 0.43,"Total Cost": 2.90,"Plan Rows": 17,"Plan Width": 20,"Actual Startup Time": 0.017,"Actual Total Time": 0.019,"Actual Rows": 4,"Actual Loops": 45297,"Index Cond": "(l_orderkey = orders.o_orderkey)","Rows Removed by Index Recheck": 0,"Workers": []}]},{"Node Type": "Hash","Parent Relationship": "Inner","Parallel Aware": false,"Async Capable": false,"Startup Cost": 322.00,"Total Cost": 322.00,"Plan Rows": 10000,"Plan Width": 8,"Actual Startup Time": 12.653,"Actual Total Time": 12.656,"Actual Rows": 10000,"Actual Loops": 3,"Hash Buckets": 16384,"Original Hash Buckets": 16384,"Hash Batches": 1,"Original Hash Batches": 1,"Peak Memory Usage": 519,"Workers": [],"Plans": [{"Node Type": "Seq Scan","Parent Relationship": "Outer","Parallel Aware": false,"Async Capable": false,"Relation Name": "supplier","Alias": "supplier","Startup Cost": 0.00,"Total Cost": 322.00,"Plan Rows": 10000,"Plan Width": 8,"Actual Startup Time": 0.038,"Actual Total Time": 10.961,"Actual Rows": 10000,"Actual Loops": 3,"Workers": []}]}]}]}]}]}]}]},"Planning Time": 9.512,"Triggers": [],"Execution Time": 833.531}]
[{"Plan": {"Node Type": "Sort","Parallel Aware": false,"Async Capable": false,"Startup Cost": 21565.81,"Total Cost": 21565.87,"Plan Rows": 25,"Plan Width": 136,"Actual Startup Time": 812.189,"Actual Total Time": 842.359,"Actual Rows": 5,"Actual Loops": 1,"Sort Key": ["(sum((lineitem.l_extendedprice * ('1'::numeric - lineitem.l_discount)))) DESC"],"Sort Method": "quicksort","Sort Space Used": 25,"Sort Space Type": "Memory","Plans": [{"Node Type": "Aggregate","Strategy": "Sorted","Partial Mode": "Finalize","Parent Relationship": "Outer","Parallel Aware": false,"Async Capable": false,"Startup Cost": 21550.86,"Total Cost": 21565.23,"Plan Rows": 25,"Plan Width": 136,"Actual Startup Time": 811.599,"Actual Total Time": 842.311,"Actual Rows": 5,"Actual Loops": 1,"Group Key": ["nation.n_name"],"Plans": [{"Node Type": "Gather Merge","Parent Relationship": "Outer","Parallel Aware": false,"Async Capable": false,"Startup Cost": 21550.86,"Total Cost": 21564.54,"Plan Rows": 50,"Plan Width": 136,"Actual Startup Time": 811.323,"Actual Total Time": 842.254,"Actual Rows": 15,"Actual Loops": 1,"Workers Planned": 2,"Workers Launched": 2,"Plans": [{"Node Type": "Aggregate","Strategy": "Sorted","Partial Mode": "Partial","Parent Relationship": "Outer","Parallel Aware": false,"Async Capable": false,"Startup Cost": 20550.84,"Total Cost": 20558.75,"Plan Rows": 25,"Plan Width": 136,"Actual Startup Time": 803.769,"Actual Total Time": 804.515,"Actual Rows": 5,"Actual Loops": 3,"Group Key": ["nation.n_name"],"Workers": [],"Plans": [{"Node Type": "Sort","Parent Relationship": "Outer","Parallel Aware": false,"Async Capable": false,"Startup Cost": 20550.84,"Total Cost": 20552.36,"Plan Rows": 608,"Plan Width": 116,"Actual Startup Time": 803.552,"Actual Total Time": 803.687,"Actual Rows": 2453,"Actual Loops": 3,"Sort Key": ["nation.n_name"],"Sort Method": "quicksort","Sort Space Used": 291,"Sort Space Type": "Memory","Workers": [{"Worker Number": 0,"Sort Method": "quicksort","Sort Space Used": 289,"Sort Space Type": "Memory"},{"Worker Number": 1,"Sort Method": "quicksort","Sort Space Used": 285,"Sort Space Type": "Memory"}],"Plans": [{"Node Type": "Hash Join","Parent Relationship": "Outer","Parallel Aware": false,"Async Capable": false,"Join Type": "Inner","Startup Cost": 475.27,"Total Cost": 20522.72,"Plan Rows": 608,"Plan Width": 116,"Actual Startup Time": 16.360,"Actual Total Time": 802.078,"Actual Rows": 2453,"Actual Loops": 3,"Inner Unique": true,"Hash Cond": "((lineitem.l_suppkey = supplier.s_suppkey) AND (customer.c_nationkey = supplier.s_nationkey))","Workers": [],"Plans": [{"Node Type": "Nested Loop","Parent Relationship": "Outer","Parallel Aware": false,"Async Capable": false,"Join Type": "Inner","Startup Cost": 3.27,"Total Cost": 19970.84,"Plan Rows": 15215,"Plan Width": 128,"Actual Startup Time": 0.560,"Actual Total Time": 757.067,"Actual Rows": 60975,"Actual Loops": 3,"Inner Unique": false,"Workers": [],"Plans": [{"Node Type": "Nested Loop","Parent Relationship": "Outer","Parallel Aware": false,"Async Capable": false,"Join Type": "Inner","Startup Cost": 2.84,"Total Cost": 8414.26,"Plan Rows": 3803,"Plan Width": 116,"Actual Startup Time": 0.451,"Actual Total Time": 451.841,"Actual Rows": 15295,"Actual Loops": 3,"Inner Unique": false,"Workers": [],"Plans": [{"Node Type": "Hash Join","Parent Relationship": "Outer","Parallel Aware": false,"Async Capable": false,"Join Type": "Inner","Startup Cost": 2.41,"Total Cost": 4471.79,"Plan Rows": 2500,"Plan Width": 116,"Actual Startup Time": 0.247,"Actual Total Time": 55.129,"Actual Rows": 10061,"Actual Loops": 3,"Inner Unique": false,"Hash Cond": "(customer.c_nationkey = nation.n_nationkey)","Workers": [],"Plans": [{"Node Type": "Seq Scan","Parent Relationship": "Outer","Parallel Aware": true,"Async Capable": false,"Relation Name": "customer","Alias": "customer","Startup Cost": 0.00,"Total Cost": 4210.00,"Plan Rows": 62500,"Plan Width": 8,"Actual Startup Time": 0.010,"Actual Total Time": 9.469,"Actual Rows": 50000,"Actual Loops": 3,"Workers": []},{"Node Type": "Hash","Parent Relationship": "Inner","Parallel Aware": false,"Async Capable": false,"Startup Cost": 2.40,"Total Cost": 2.40,"Plan Rows": 1,"Plan Width": 108,"Actual Startup Time": 0.154,"Actual Total Time": 0.175,"Actual Rows": 5,"Actual Loops": 3,"Hash Buckets": 1024,"Original Hash Buckets": 1024,"Hash Batches": 1,"Original Hash Batches": 1,"Peak Memory Usage": 9,"Workers": [],"Plans": [{"Node Type": "Hash Join","Parent Relationship": "Outer","Parallel Aware": false,"Async Capable": false,"Join Type": "Inner","Startup Cost": 1.07,"Total Cost": 2.40,"Plan Rows": 1,"Plan Width": 108,"Actual Startup Time": 0.142,"Actual Total Time": 0.165,"Actual Rows": 5,"Actual Loops": 3,"Inner Unique": true,"Hash Cond": "(nation.n_regionkey = region.r_regionkey)","Workers": [],"Plans": [{"Node Type": "Seq Scan","Parent Relationship": "Outer","Parallel Aware": false,"Async Capable": false,"Relation Name": "nation","Alias": "nation","Startup Cost": 0.00,"Total Cost": 1.25,"Plan Rows": 25,"Plan Width": 112,"Actual Startup Time": 0.058,"Actual Total Time": 0.062,"Actual Rows": 25,"Actual Loops": 3,"Workers": []},{"Node Type": "Hash","Parent Relationship": "Inner","Parallel Aware": false,"Async Capable": false,"Startup Cost": 1.06,"Total Cost": 1.06,"Plan Rows": 1,"Plan Width": 4,"Actual Startup Time": 0.056,"Actual Total Time": 0.065,"Actual Rows": 1,"Actual Loops": 3,"Hash Buckets": 1024,"Original Hash Buckets": 1024,"Hash Batches": 1,"Original Hash Batches": 1,"Peak Memory Usage": 9,"Workers": [],"Plans": [{"Node Type": "Seq Scan","Parent Relationship": "Outer","Parallel Aware": false,"Async Capable": false,"Relation Name": "region","Alias": "region","Startup Cost": 0.00,"Total Cost": 1.06,"Plan Rows": 1,"Plan Width": 4,"Actual Startup Time": 0.045,"Actual Total Time": 0.048,"Actual Rows": 1,"Actual Loops": 3,"Filter": "(r_name = 'ASIA'::bpchar)","Rows Removed by Filter": 4,"Workers": []}]}]}]}]},{"Node Type": "Index Scan","Parent Relationship": "Inner","Parallel Aware": false,"Async Capable": false,"Scan Direction": "Forward","Index Name": "idx_orders_custkey","Relation Name": "orders","Alias": "orders","Startup Cost": 0.43,"Total Cost": 1.55,"Plan Rows": 3,"Plan Width": 8,"Actual Startup Time": 0.017,"Actual Total Time": 0.039,"Actual Rows": 2,"Actual Loops": 30183,"Index Cond": "(o_custkey = customer.c_custkey)","Rows Removed by Index Recheck": 0,"Filter": "((o_orderdate >= '1997-01-01'::date) AND (o_orderdate < '1998-01-01 00:00:00'::timestamp without time zone))","Rows Removed by Filter": 8,"Workers": []}]},{"Node Type": "Index Scan","Parent Relationship": "Inner","Parallel Aware": false,"Async Capable": false,"Scan Direction": "Forward","Index Name": "idx_lineitem_orderkey","Relation Name": "lineitem","Alias": "lineitem","Startup Cost": 0.43,"Total Cost": 2.87,"Plan Rows": 17,"Plan Width": 20,"Actual Startup Time": 0.017,"Actual Total Time": 0.019,"Actual Rows": 4,"Actual Loops": 45884,"Index Cond": "(l_orderkey = orders.o_orderkey)","Rows Removed by Index Recheck": 0,"Workers": []}]},{"Node Type": "Hash","Parent Relationship": "Inner","Parallel Aware": false,"Async Capable": false,"Startup Cost": 322.00,"Total Cost": 322.00,"Plan Rows": 10000,"Plan Width": 8,"Actual Startup Time": 13.288,"Actual Total Time": 13.293,"Actual Rows": 10000,"Actual Loops": 3,"Hash Buckets": 16384,"Original Hash Buckets": 16384,"Hash Batches": 1,"Original Hash Batches": 1,"Peak Memory Usage": 519,"Workers": [],"Plans": [{"Node Type": "Seq Scan","Parent Relationship": "Outer","Parallel Aware": false,"Async Capable": false,"Relation Name": "supplier","Alias": "supplier","Startup Cost": 0.00,"Total Cost": 322.00,"Plan Rows": 10000,"Plan Width": 8,"Actual Startup Time": 0.036,"Actual Total Time": 11.595,"Actual Rows": 10000,"Actual Loops": 3,"Workers": []}]}]}]}]}]}]}]},"Planning Time": 10.446,"Triggers": [],"Execution Time": 842.801}]
[{"Plan": {"Node Type": "Sort","Parallel Aware": false,"Async Capable": false,"Startup Cost": 21616.39,"Total Cost": 21616.45,"Plan Rows": 25,"Plan Width": 136,"Actual Startup Time": 804.800,"Actual Total Time": 836.793,"Actual Rows": 5,"Actual Loops": 1,"Sort Key": ["(sum((lineitem.l_extendedprice * ('1'::numeric - lineitem.l_discount)))) DESC"],"Sort Method": "quicksort","Sort Space Used": 25,"Sort Space Type": "Memory","Plans": [{"Node Type": "Aggregate","Strategy": "Sorted","Partial Mode": "Finalize","Parent Relationship": "Outer","Parallel Aware": false,"Async Capable": false,"Startup Cost": 21601.33,"Total Cost": 21615.81,"Plan Rows": 25,"Plan Width": 136,"Actual Startup Time": 804.196,"Actual Total Time": 836.738,"Actual Rows": 5,"Actual Loops": 1,"Group Key": ["nation.n_name"],"Plans": [{"Node Type": "Gather Merge","Parent Relationship": "Outer","Parallel Aware": false,"Async Capable": false,"Startup Cost": 21601.33,"Total Cost": 21615.12,"Plan Rows": 50,"Plan Width": 136,"Actual Startup Time": 803.537,"Actual Total Time": 836.675,"Actual Rows": 15,"Actual Loops": 1,"Workers Planned": 2,"Workers Launched": 2,"Plans": [{"Node Type": "Aggregate","Strategy": "Sorted","Partial Mode": "Partial","Parent Relationship": "Outer","Parallel Aware": false,"Async Capable": false,"Startup Cost": 20601.30,"Total Cost": 20609.33,"Plan Rows": 25,"Plan Width": 136,"Actual Startup Time": 795.499,"Actual Total Time": 796.369,"Actual Rows": 5,"Actual Loops": 3,"Group Key": ["nation.n_name"],"Workers": [],"Plans": [{"Node Type": "Sort","Parent Relationship": "Outer","Parallel Aware": false,"Async Capable": false,"Startup Cost": 20601.30,"Total Cost": 20602.85,"Plan Rows": 617,"Plan Width": 116,"Actual Startup Time": 795.285,"Actual Total Time": 795.436,"Actual Rows": 2498,"Actual Loops": 3,"Sort Key": ["nation.n_name"],"Sort Method": "quicksort","Sort Space Used": 299,"Sort Space Type": "Memory","Workers": [{"Worker Number": 0,"Sort Method": "quicksort","Sort Space Used": 291,"Sort Space Type": "Memory"},{"Worker Number": 1,"Sort Method": "quicksort","Sort Space Used": 284,"Sort Space Type": "Memory"}],"Plans": [{"Node Type": "Hash Join","Parent Relationship": "Outer","Parallel Aware": false,"Async Capable": false,"Join Type": "Inner","Startup Cost": 475.27,"Total Cost": 20572.71,"Plan Rows": 617,"Plan Width": 116,"Actual Startup Time": 14.014,"Actual Total Time": 793.817,"Actual Rows": 2498,"Actual Loops": 3,"Inner Unique": true,"Hash Cond": "((lineitem.l_suppkey = supplier.s_suppkey) AND (customer.c_nationkey = supplier.s_nationkey))","Workers": [],"Plans": [{"Node Type": "Nested Loop","Parent Relationship": "Outer","Parallel Aware": false,"Async Capable": false,"Join Type": "Inner","Startup Cost": 3.27,"Total Cost": 20019.70,"Plan Rows": 15431,"Plan Width": 128,"Actual Startup Time": 0.837,"Actual Total Time": 749.002,"Actual Rows": 60742,"Actual Loops": 3,"Inner Unique": false,"Workers": [],"Plans": [{"Node Type": "Nested Loop","Parent Relationship": "Outer","Parallel Aware": false,"Async Capable": false,"Join Type": "Inner","Startup Cost": 2.84,"Total Cost": 8414.26,"Plan Rows": 3857,"Plan Width": 116,"Actual Startup Time": 0.706,"Actual Total Time": 447.815,"Actual Rows": 15183,"Actual Loops": 3,"Inner Unique": false,"Workers": [],"Plans": [{"Node Type": "Hash Join","Parent Relationship": "Outer","Parallel Aware": false,"Async Capable": false,"Join Type": "Inner","Startup Cost": 2.41,"Total Cost": 4471.79,"Plan Rows": 2500,"Plan Width": 116,"Actual Startup Time": 0.258,"Actual Total Time": 55.848,"Actual Rows": 9984,"Actual Loops": 3,"Inner Unique": false,"Hash Cond": "(customer.c_nationkey = nation.n_nationkey)","Workers": [],"Plans": [{"Node Type": "Seq Scan","Parent Relationship": "Outer","Parallel Aware": true,"Async Capable": false,"Relation Name": "customer","Alias": "customer","Startup Cost": 0.00,"Total Cost": 4210.00,"Plan Rows": 62500,"Plan Width": 8,"Actual Startup Time": 0.017,"Actual Total Time": 9.503,"Actual Rows": 50000,"Actual Loops": 3,"Workers": []},{"Node Type": "Hash","Parent Relationship": "Inner","Parallel Aware": false,"Async Capable": false,"Startup Cost": 2.40,"Total Cost": 2.40,"Plan Rows": 1,"Plan Width": 108,"Actual Startup Time": 0.153,"Actual Total Time": 0.178,"Actual Rows": 5,"Actual Loops": 3,"Hash Buckets": 1024,"Original Hash Buckets": 1024,"Hash Batches": 1,"Original Hash Batches": 1,"Peak Memory Usage": 9,"Workers": [],"Plans": [{"Node Type": "Hash Join","Parent Relationship": "Outer","Parallel Aware": false,"Async Capable": false,"Join Type": "Inner","Startup Cost": 1.07,"Total Cost": 2.40,"Plan Rows": 1,"Plan Width": 108,"Actual Startup Time": 0.136,"Actual Total Time": 0.167,"Actual Rows": 5,"Actual Loops": 3,"Inner Unique": true,"Hash Cond": "(nation.n_regionkey = region.r_regionkey)","Workers": [],"Plans": [{"Node Type": "Seq Scan","Parent Relationship": "Outer","Parallel Aware": false,"Async Capable": false,"Relation Name": "nation","Alias": "nation","Startup Cost": 0.00,"Total Cost": 1.25,"Plan Rows": 25,"Plan Width": 112,"Actual Startup Time": 0.055,"Actual Total Time": 0.059,"Actual Rows": 25,"Actual Loops": 3,"Workers": []},{"Node Type": "Hash","Parent Relationship": "Inner","Parallel Aware": false,"Async Capable": false,"Startup Cost": 1.06,"Total Cost": 1.06,"Plan Rows": 1,"Plan Width": 4,"Actual Startup Time": 0.050,"Actual Total Time": 0.057,"Actual Rows": 1,"Actual Loops": 3,"Hash Buckets": 1024,"Original Hash Buckets": 1024,"Hash Batches": 1,"Original Hash Batches": 1,"Peak Memory Usage": 9,"Workers": [],"Plans": [{"Node Type": "Seq Scan","Parent Relationship": "Outer","Parallel Aware": false,"Async Capable": false,"Relation Name": "region","Alias": "region","Startup Cost": 0.00,"Total Cost": 1.06,"Plan Rows": 1,"Plan Width": 4,"Actual Startup Time": 0.036,"Actual Total Time": 0.039,"Actual Rows": 1,"Actual Loops": 3,"Filter": "(r_name = 'AMERICA'::bpchar)","Rows Removed by Filter": 4,"Workers": []}]}]}]}]},{"Node Type": "Index Scan","Parent Relationship": "Inner","Parallel Aware": false,"Async Capable": false,"Scan Direction": "Forward","Index Name": "idx_orders_custkey","Relation Name": "orders","Alias": "orders","Startup Cost": 0.43,"Total Cost": 1.55,"Plan Rows": 3,"Plan Width": 8,"Actual Startup Time": 0.017,"Actual Total Time": 0.039,"Actual Rows": 2,"Actual Loops": 29952,"Index Cond": "(o_custkey = customer.c_custkey)","Rows Removed by Index Recheck": 0,"Filter": "((o_orderdate >= '1996-01-01'::date) AND (o_orderdate < '1997-01-01 00:00:00'::timestamp without time zone))","Rows Removed by Filter": 8,"Workers": []}]},{"Node Type": "Index Scan","Parent Relationship": "Inner","Parallel Aware": false,"Async Capable": false,"Scan Direction": "Forward","Index Name": "idx_lineitem_orderkey","Relation Name": "lineitem","Alias": "lineitem","Startup Cost": 0.43,"Total Cost": 2.84,"Plan Rows": 17,"Plan Width": 20,"Actual Startup Time": 0.016,"Actual Total Time": 0.019,"Actual Rows": 4,"Actual Loops": 45549,"Index Cond": "(l_orderkey = orders.o_orderkey)","Rows Removed by Index Recheck": 0,"Workers": []}]},{"Node Type": "Hash","Parent Relationship": "Inner","Parallel Aware": false,"Async Capable": false,"Startup Cost": 322.00,"Total Cost": 322.00,"Plan Rows": 10000,"Plan Width": 8,"Actual Startup Time": 12.297,"Actual Total Time": 12.301,"Actual Rows": 10000,"Actual Loops": 3,"Hash Buckets": 16384,"Original Hash Buckets": 16384,"Hash Batches": 1,"Original Hash Batches": 1,"Peak Memory Usage": 519,"Workers": [],"Plans": [{"Node Type": "Seq Scan","Parent Relationship": "Outer","Parallel Aware": false,"Async Capable": false,"Relation Name": "supplier","Alias": "supplier","Startup Cost": 0.00,"Total Cost": 322.00,"Plan Rows": 10000,"Plan Width": 8,"Actual Startup Time": 0.045,"Actual Total Time": 10.666,"Actual Rows": 10000,"Actual Loops": 3,"Workers": []}]}]}]}]}]}]}]},"Planning Time": 9.455,"Triggers": [],"Execution Time": 837.268}]
[{"Plan": {"Node Type": "Sort","Parallel Aware": false,"Async Capable": false,"Startup Cost": 21612.43,"Total Cost": 21612.50,"Plan Rows": 25,"Plan Width": 136,"Actual Startup Time": 835.932,"Actual Total Time": 867.365,"Actual Rows": 5,"Actual Loops": 1,"Sort Key": ["(sum((lineitem.l_extendedprice * ('1'::numeric - lineitem.l_discount)))) DESC"],"Sort Method": "quicksort","Sort Space Used": 25,"Sort Space Type": "Memory","Plans": [{"Node Type": "Aggregate","Strategy": "Sorted","Partial Mode": "Finalize","Parent Relationship": "Outer","Parallel Aware": false,"Async Capable": false,"Startup Cost": 21597.38,"Total Cost": 21611.85,"Plan Rows": 25,"Plan Width": 136,"Actual Startup Time": 835.364,"Actual Total Time": 867.318,"Actual Rows": 5,"Actual Loops": 1,"Group Key": ["nation.n_name"],"Plans": [{"Node Type": "Gather Merge","Parent Relationship": "Outer","Parallel Aware": false,"Async Capable": false,"Startup Cost": 21597.38,"Total Cost": 21611.17,"Plan Rows": 50,"Plan Width": 136,"Actual Startup Time": 835.179,"Actual Total Time": 867.277,"Actual Rows": 15,"Actual Loops": 1,"Workers Planned": 2,"Workers Launched": 2,"Plans": [{"Node Type": "Aggregate","Strategy": "Sorted","Partial Mode": "Partial","Parent Relationship": "Outer","Parallel Aware": false,"Async Capable": false,"Startup Cost": 20597.36,"Total Cost": 20605.37,"Plan Rows": 25,"Plan Width": 136,"Actual Startup Time": 826.891,"Actual Total Time": 827.596,"Actual Rows": 5,"Actual Loops": 3,"Group Key": ["nation.n_name"],"Workers": [],"Plans": [{"Node Type": "Sort","Parent Relationship": "Outer","Parallel Aware": false,"Async Capable": false,"Startup Cost": 20597.36,"Total Cost": 20598.90,"Plan Rows": 616,"Plan Width": 116,"Actual Startup Time": 826.692,"Actual Total Time": 826.817,"Actual Rows": 2422,"Actual Loops": 3,"Sort Key": ["nation.n_name"],"Sort Method": "quicksort","Sort Space Used": 284,"Sort Space Type": "Memory","Workers": [{"Worker Number": 0,"Sort Method": "quicksort","Sort Space Used": 289,"Sort Space Type": "Memory"},{"Worker Number": 1,"Sort Method": "quicksort","Sort Space Used": 285,"Sort Space Type": "Memory"}],"Plans": [{"Node Type": "Hash Join","Parent Relationship": "Outer","Parallel Aware": false,"Async Capable": false,"Join Type": "Inner","Startup Cost": 475.27,"Total Cost": 20568.82,"Plan Rows": 616,"Plan Width": 116,"Actual Startup Time": 12.416,"Actual Total Time": 825.180,"Actual Rows": 2422,"Actual Loops": 3,"Inner Unique": true,"Hash Cond": "((lineitem.l_suppkey = supplier.s_suppkey) AND (customer.c_nationkey = supplier.s_nationkey))","Workers": [],"Plans": [{"Node Type": "Nested Loop","Parent Relationship": "Outer","Parallel Aware": false,"Async Capable": false,"Join Type": "Inner","Startup Cost": 3.27,"Total Cost": 20015.89,"Plan Rows": 15415,"Plan Width": 128,"Actual Startup Time": 0.717,"Actual Total Time": 776.964,"Actual Rows": 61524,"Actual Loops": 3,"Inner Unique": false,"Workers": [],"Plans": [{"Node Type": "Nested Loop","Parent Relationship": "Outer","Parallel Aware": false,"Async Capable": false,"Join Type": "Inner","Startup Cost": 2.84,"Total Cost": 8414.26,"Plan Rows": 3853,"Plan Width": 116,"Actual Startup Time": 0.594,"Actual Total Time": 468.318,"Actual Rows": 15364,"Actual Loops": 3,"Inner Unique": false,"Workers": [],"Plans": [{"Node Type": "Hash Join","Parent Relationship": "Outer","Parallel Aware": false,"Async Capable": false,"Join Type": "Inner","Startup Cost": 2.41,"Total Cost": 4471.79,"Plan Rows": 2500,"Plan Width": 116,"Actual Startup Time": 0.257,"Actual Total Time": 59.024,"Actual Rows": 10066,"Actual Loops": 3,"Inner Unique": false,"Hash Cond": "(customer.c_nationkey = nation.n_nationkey)","Workers": [],"Plans": [{"Node Type": "Seq Scan","Parent Relationship": "Outer","Parallel Aware": true,"Async Capable": false,"Relation Name": "customer","Alias": "customer","Startup Cost": 0.00,"Total Cost": 4210.00,"Plan Rows": 62500,"Plan Width": 8,"Actual Startup Time": 0.018,"Actual Total Time": 10.025,"Actual Rows": 50000,"Actual Loops": 3,"Workers": []},{"Node Type": "Hash","Parent Relationship": "Inner","Parallel Aware": false,"Async Capable": false,"Startup Cost": 2.40,"Total Cost": 2.40,"Plan Rows": 1,"Plan Width": 108,"Actual Startup Time": 0.151,"Actual Total Time": 0.168,"Actual Rows": 5,"Actual Loops": 3,"Hash Buckets": 1024,"Original Hash Buckets": 1024,"Hash Batches": 1,"Original Hash Batches": 1,"Peak Memory Usage": 9,"Workers": [],"Plans": [{"Node Type": "Hash Join","Parent Relationship": "Outer","Parallel Aware": false,"Async Capable": false,"Join Type": "Inner","Startup Cost": 1.07,"Total Cost": 2.40,"Plan Rows": 1,"Plan Width": 108,"Actual Startup Time": 0.138,"Actual Total Time": 0.159,"Actual Rows": 5,"Actual Loops": 3,"Inner Unique": true,"Hash Cond": "(nation.n_regionkey = region.r_regionkey)","Workers": [],"Plans": [{"Node Type": "Seq Scan","Parent Relationship": "Outer","Parallel Aware": false,"Async Capable": false,"Relation Name": "nation","Alias": "nation","Startup Cost": 0.00,"Total Cost": 1.25,"Plan Rows": 25,"Plan Width": 112,"Actual Startup Time": 0.050,"Actual Total Time": 0.055,"Actual Rows": 25,"Actual Loops": 3,"Workers": []},{"Node Type": "Hash","Parent Relationship": "Inner","Parallel Aware": false,"Async Capable": false,"Startup Cost": 1.06,"Total Cost": 1.06,"Plan Rows": 1,"Plan Width": 4,"Actual Startup Time": 0.059,"Actual Total Time": 0.064,"Actual Rows": 1,"Actual Loops": 3,"Hash Buckets": 1024,"Original Hash Buckets": 1024,"Hash Batches": 1,"Original Hash Batches": 1,"Peak Memory Usage": 9,"Workers": [],"Plans": [{"Node Type": "Seq Scan","Parent Relationship": "Outer","Parallel Aware": false,"Async Capable": false,"Relation Name": "region","Alias": "region","Startup Cost": 0.00,"Total Cost": 1.06,"Plan Rows": 1,"Plan Width": 4,"Actual Startup Time": 0.043,"Actual Total Time": 0.045,"Actual Rows": 1,"Actual Loops": 3,"Filter": "(r_name = 'EUROPE'::bpchar)","Rows Removed by Filter": 4,"Workers": []}]}]}]}]},{"Node Type": "Index Scan","Parent Relationship": "Inner","Parallel Aware": false,"Async Capable": false,"Scan Direction": "Forward","Index Name": "idx_orders_custkey","Relation Name": "orders","Alias": "orders","Startup Cost": 0.43,"Total Cost": 1.55,"Plan Rows": 3,"Plan Width": 8,"Actual Startup Time": 0.017,"Actual Total Time": 0.040,"Actual Rows": 2,"Actual Loops": 30197,"Index Cond": "(o_custkey = customer.c_custkey)","Rows Removed by Index Recheck": 0,"Filter": "((o_orderdate >= '1994-01-01'::date) AND (o_orderdate < '1995-01-01 00:00:00'::timestamp without time zone))","Rows Removed by Filter": 9,"Workers": []}]},{"Node Type": "Index Scan","Parent Relationship": "Inner","Parallel Aware": false,"Async Capable": false,"Scan Direction": "Forward","Index Name": "idx_lineitem_orderkey","Relation Name": "lineitem","Alias": "lineitem","Startup Cost": 0.43,"Total Cost": 2.84,"Plan Rows": 17,"Plan Width": 20,"Actual Startup Time": 0.017,"Actual Total Time": 0.019,"Actual Rows": 4,"Actual Loops": 46093,"Index Cond": "(l_orderkey = orders.o_orderkey)","Rows Removed by Index Recheck": 0,"Workers": []}]},{"Node Type": "Hash","Parent Relationship": "Inner","Parallel Aware": false,"Async Capable": false,"Startup Cost": 322.00,"Total Cost": 322.00,"Plan Rows": 10000,"Plan Width": 8,"Actual Startup Time": 10.479,"Actual Total Time": 10.484,"Actual Rows": 10000,"Actual Loops": 3,"Hash Buckets": 16384,"Original Hash Buckets": 16384,"Hash Batches": 1,"Original Hash Batches": 1,"Peak Memory Usage": 519,"Workers": [],"Plans": [{"Node Type": "Seq Scan","Parent Relationship": "Outer","Parallel Aware": false,"Async Capable": false,"Relation Name": "supplier","Alias": "supplier","Startup Cost": 0.00,"Total Cost": 322.00,"Plan Rows": 10000,"Plan Width": 8,"Actual Startup Time": 0.042,"Actual Total Time": 8.711,"Actual Rows": 10000,"Actual Loops": 3,"Workers": []}]}]}]}]}]}]}]},"Planning Time": 9.647,"Triggers": [],"Execution Time": 867.883}]
[{"Plan": {"Node Type": "Sort","Parallel Aware": false,"Async Capable": false,"Startup Cost": 21522.30,"Total Cost": 21522.36,"Plan Rows": 25,"Plan Width": 136,"Actual Startup Time": 801.786,"Actual Total Time": 833.013,"Actual Rows": 5,"Actual Loops": 1,"Sort Key": ["(sum((lineitem.l_extendedprice * ('1'::numeric - lineitem.l_discount)))) DESC"],"Sort Method": "quicksort","Sort Space Used": 25,"Sort Space Type": "Memory","Plans": [{"Node Type": "Aggregate","Strategy": "Sorted","Partial Mode": "Finalize","Parent Relationship": "Outer","Parallel Aware": false,"Async Capable": false,"Startup Cost": 21507.43,"Total Cost": 21521.72,"Plan Rows": 25,"Plan Width": 136,"Actual Startup Time": 801.172,"Actual Total Time": 832.958,"Actual Rows": 5,"Actual Loops": 1,"Group Key": ["nation.n_name"],"Plans": [{"Node Type": "Gather Merge","Parent Relationship": "Outer","Parallel Aware": false,"Async Capable": false,"Startup Cost": 21507.43,"Total Cost": 21521.03,"Plan Rows": 50,"Plan Width": 136,"Actual Startup Time": 800.500,"Actual Total Time": 832.892,"Actual Rows": 15,"Actual Loops": 1,"Workers Planned": 2,"Workers Launched": 2,"Plans": [{"Node Type": "Aggregate","Strategy": "Sorted","Partial Mode": "Partial","Parent Relationship": "Outer","Parallel Aware": false,"Async Capable": false,"Startup Cost": 20507.41,"Total Cost": 20515.23,"Plan Rows": 25,"Plan Width": 136,"Actual Startup Time": 792.564,"Actual Total Time": 793.457,"Actual Rows": 5,"Actual Loops": 3,"Group Key": ["nation.n_name"],"Workers": [],"Plans": [{"Node Type": "Sort","Parent Relationship": "Outer","Parallel Aware": false,"Async Capable": false,"Startup Cost": 20507.41,"Total Cost": 20508.91,"Plan Rows": 601,"Plan Width": 116,"Actual Startup Time": 792.353,"Actual Total Time": 792.502,"Actual Rows": 2513,"Actual Loops": 3,"Sort Key": ["nation.n_name"],"Sort Method": "quicksort","Sort Space Used": 296,"Sort Space Type": "Memory","Workers": [{"Worker Number": 0,"Sort Method": "quicksort","Sort Space Used": 291,"Sort Space Type": "Memory"},{"Worker Number": 1,"Sort Method": "quicksort","Sort Space Used": 292,"Sort Space Type": "Memory"}],"Plans": [{"Node Type": "Hash Join","Parent Relationship": "Outer","Parallel Aware": false,"Async Capable": false,"Join Type": "Inner","Startup Cost": 475.27,"Total Cost": 20479.67,"Plan Rows": 601,"Plan Width": 116,"Actual Startup Time": 14.275,"Actual Total Time": 790.899,"Actual Rows": 2513,"Actual Loops": 3,"Inner Unique": true,"Hash Cond": "((lineitem.l_suppkey = supplier.s_suppkey) AND (customer.c_nationkey = supplier.s_nationkey))","Workers": [],"Plans": [{"Node Type": "Nested Loop","Parent Relationship": "Outer","Parallel Aware": false,"Async Capable": false,"Join Type": "Inner","Startup Cost": 3.27,"Total Cost": 19928.78,"Plan Rows": 15027,"Plan Width": 128,"Actual Startup Time": 0.573,"Actual Total Time": 745.935,"Actual Rows": 60812,"Actual Loops": 3,"Inner Unique": false,"Workers": [],"Plans": [{"Node Type": "Nested Loop","Parent Relationship": "Outer","Parallel Aware": false,"Async Capable": false,"Join Type": "Inner","Startup Cost": 2.84,"Total Cost": 8414.26,"Plan Rows": 3756,"Plan Width": 116,"Actual Startup Time": 0.447,"Actual Total Time": 445.574,"Actual Rows": 15099,"Actual Loops": 3,"Inner Unique": false,"Workers": [],"Plans": [{"Node Type": "Hash Join","Parent Relationship": "Outer","Parallel Aware": false,"Async Capable": false,"Join Type": "Inner","Startup Cost": 2.41,"Total Cost": 4471.79,"Plan Rows": 2500,"Plan Width": 116,"Actual Startup Time": 0.261,"Actual Total Time": 54.435,"Actual Rows": 9984,"Actual Loops": 3,"Inner Unique": false,"Hash Cond": "(customer.c_nationkey = nation.n_nationkey)","Workers": [],"Plans": [{"Node Type": "Seq Scan","Parent Relationship": "Outer","Parallel Aware": true,"Async Capable": false,"Relation Name": "customer","Alias": "customer","Startup Cost": 0.00,"Total Cost": 4210.00,"Plan Rows": 62500,"Plan Width": 8,"Actual Startup Time": 0.020,"Actual Total Time": 9.427,"Actual Rows": 50000,"Actual Loops": 3,"Workers": []},{"Node Type": "Hash","Parent Relationship": "Inner","Parallel Aware": false,"Async Capable": false,"Startup Cost": 2.40,"Total Cost": 2.40,"Plan Rows": 1,"Plan Width": 108,"Actual Startup Time": 0.147,"Actual Total Time": 0.168,"Actual Rows": 5,"Actual Loops": 3,"Hash Buckets": 1024,"Original Hash Buckets": 1024,"Hash Batches": 1,"Original Hash Batches": 1,"Peak Memory Usage": 9,"Workers": [],"Plans": [{"Node Type": "Hash Join","Parent Relationship": "Outer","Parallel Aware": false,"Async Capable": false,"Join Type": "Inner","Startup Cost": 1.07,"Total Cost": 2.40,"Plan Rows": 1,"Plan Width": 108,"Actual Startup Time": 0.132,"Actual Total Time": 0.158,"Actual Rows": 5,"Actual Loops": 3,"Inner Unique": true,"Hash Cond": "(nation.n_regionkey = region.r_regionkey)","Workers": [],"Plans": [{"Node Type": "Seq Scan","Parent Relationship": "Outer","Parallel Aware": false,"Async Capable": false,"Relation Name": "nation","Alias": "nation","Startup Cost": 0.00,"Total Cost": 1.25,"Plan Rows": 25,"Plan Width": 112,"Actual Startup Time": 0.053,"Actual Total Time": 0.057,"Actual Rows": 25,"Actual Loops": 3,"Workers": []},{"Node Type": "Hash","Parent Relationship": "Inner","Parallel Aware": false,"Async Capable": false,"Startup Cost": 1.06,"Total Cost": 1.06,"Plan Rows": 1,"Plan Width": 4,"Actual Startup Time": 0.054,"Actual Total Time": 0.061,"Actual Rows": 1,"Actual Loops": 3,"Hash Buckets": 1024,"Original Hash Buckets": 1024,"Hash Batches": 1,"Original Hash Batches": 1,"Peak Memory Usage": 9,"Workers": [],"Plans": [{"Node Type": "Seq Scan","Parent Relationship": "Outer","Parallel Aware": false,"Async Capable": false,"Relation Name": "region","Alias": "region","Startup Cost": 0.00,"Total Cost": 1.06,"Plan Rows": 1,"Plan Width": 4,"Actual Startup Time": 0.037,"Actual Total Time": 0.039,"Actual Rows": 1,"Actual Loops": 3,"Filter": "(r_name = 'AMERICA'::bpchar)","Rows Removed by Filter": 4,"Workers": []}]}]}]}]},{"Node Type": "Index Scan","Parent Relationship": "Inner","Parallel Aware": false,"Async Capable": false,"Scan Direction": "Forward","Index Name": "idx_orders_custkey","Relation Name": "orders","Alias": "orders","Startup Cost": 0.43,"Total Cost": 1.55,"Plan Rows": 3,"Plan Width": 8,"Actual Startup Time": 0.016,"Actual Total Time": 0.039,"Actual Rows": 2,"Actual Loops": 29952,"Index Cond": "(o_custkey = customer.c_custkey)","Rows Removed by Index Recheck": 0,"Filter": "((o_orderdate >= '1993-01-01'::date) AND (o_orderdate < '1994-01-01 00:00:00'::timestamp without time zone))","Rows Removed by Filter": 8,"Workers": []}]},{"Node Type": "Index Scan","Parent Relationship": "Inner","Parallel Aware": false,"Async Capable": false,"Scan Direction": "Forward","Index Name": "idx_lineitem_orderkey","Relation Name": "lineitem","Alias": "lineitem","Startup Cost": 0.43,"Total Cost": 2.90,"Plan Rows": 17,"Plan Width": 20,"Actual Startup Time": 0.017,"Actual Total Time": 0.019,"Actual Rows": 4,"Actual Loops": 45297,"Index Cond": "(l_orderkey = orders.o_orderkey)","Rows Removed by Index Recheck": 0,"Workers": []}]},{"Node Type": "Hash","Parent Relationship": "Inner","Parallel Aware": false,"Async Capable": false,"Startup Cost": 322.00,"Total Cost": 322.00,"Plan Rows": 10000,"Plan Width": 8,"Actual Startup Time": 12.653,"Actual Total Time": 12.656,"Actual Rows": 10000,"Actual Loops": 3,"Hash Buckets": 16384,"Original Hash Buckets": 16384,"Hash Batches": 1,"Original Hash Batches": 1,"Peak Memory Usage": 519,"Workers": [],"Plans": [{"Node Type": "Seq Scan","Parent Relationship": "Outer","Parallel Aware": false,"Async Capable": false,"Relation Name": "supplier","Alias": "supplier","Startup Cost": 0.00,"Total Cost": 322.00,"Plan Rows": 10000,"Plan Width": 8,"Actual Startup Time": 0.038,"Actual Total Time": 10.961,"Actual Rows": 10000,"Actual Loops": 3,"Workers": []}]}]}]}]}]}]}]},"Planning Time": 9.512,"Triggers": [],"Execution Time": 833.531}]
[{"Plan": {"Node Type": "Sort","Parallel Aware": false,"Async Capable": false,"Startup Cost": 21612.43,"Total Cost": 21612.50,"Plan Rows": 25,"Plan Width": 136,"Actual Startup Time": 835.932,"Actual Total Time": 867.365,"Actual Rows": 5,"Actual Loops": 1,"Sort Key": ["(sum((lineitem.l_extendedprice * ('1'::numeric - lineitem.l_discount)))) DESC"],"Sort Method": "quicksort","Sort Space Used": 25,"Sort Space Type": "Memory","Plans": [{"Node Type": "Aggregate","Strategy": "Sorted","Partial Mode": "Finalize","Parent Relationship": "Outer","Parallel Aware": false,"Async Capable": false,"Startup Cost": 21597.38,"Total Cost": 21611.85,"Plan Rows": 25,"Plan Width": 136,"Actual Startup Time": 835.364,"Actual Total Time": 867.318,"Actual Rows": 5,"Actual Loops": 1,"Group Key": ["nation.n_name"],"Plans": [{"Node Type": "Gather Merge","Parent Relationship": "Outer","Parallel Aware": false,"Async Capable": false,"Startup Cost": 21597.38,"Total Cost": 21611.17,"Plan Rows": 50,"Plan Width": 136,"Actual Startup Time": 835.179,"Actual Total Time": 867.277,"Actual Rows": 15,"Actual Loops": 1,"Workers Planned": 2,"Workers Launched": 2,"Plans": [{"Node Type": "Aggregate","Strategy": "Sorted","Partial Mode": "Partial","Parent Relationship": "Outer","Parallel Aware": false,"Async Capable": false,"Startup Cost": 20597.36,"Total Cost": 20605.37,"Plan Rows": 25,"Plan Width": 136,"Actual Startup Time": 826.891,"Actual Total Time": 827.596,"Actual Rows": 5,"Actual Loops": 3,"Group Key": ["nation.n_name"],"Workers": [],"Plans": [{"Node Type": "Sort","Parent Relationship": "Outer","Parallel Aware": false,"Async Capable": false,"Startup Cost": 20597.36,"Total Cost": 20598.90,"Plan Rows": 616,"Plan Width": 116,"Actual Startup Time": 826.692,"Actual Total Time": 826.817,"Actual Rows": 2422,"Actual Loops": 3,"Sort Key": ["nation.n_name"],"Sort Method": "quicksort","Sort Space Used": 284,"Sort Space Type": "Memory","Workers": [{"Worker Number": 0,"Sort Method": "quicksort","Sort Space Used": 289,"Sort Space Type": "Memory"},{"Worker Number": 1,"Sort Method": "quicksort","Sort Space Used": 285,"Sort Space Type": "Memory"}],"Plans": [{"Node Type": "Hash Join","Parent Relationship": "Outer","Parallel Aware": false,"Async Capable": false,"Join Type": "Inner","Startup Cost": 475.27,"Total Cost": 20568.82,"Plan Rows": 616,"Plan Width": 116,"Actual Startup Time": 12.416,"Actual Total Time": 825.180,"Actual Rows": 2422,"Actual Loops": 3,"Inner Unique": true,"Hash Cond": "((lineitem.l_suppkey = supplier.s_suppkey) AND (customer.c_nationkey = supplier.s_nationkey))","Workers": [],"Plans": [{"Node Type": "Nested Loop","Parent Relationship": "Outer","Parallel Aware": false,"Async Capable": false,"Join Type": "Inner","Startup Cost": 3.27,"Total Cost": 20015.89,"Plan Rows": 15415,"Plan Width": 128,"Actual Startup Time": 0.717,"Actual Total Time": 776.964,"Actual Rows": 61524,"Actual Loops": 3,"Inner Unique": false,"Workers": [],"Plans": [{"Node Type": "Nested Loop","Parent Relationship": "Outer","Parallel Aware": false,"Async Capable": false,"Join Type": "Inner","Startup Cost": 2.84,"Total Cost": 8414.26,"Plan Rows": 3853,"Plan Width": 116,"Actual Startup Time": 0.594,"Actual Total Time": 468.318,"Actual Rows": 15364,"Actual Loops": 3,"Inner Unique": false,"Workers": [],"Plans": [{"Node Type": "Hash Join","Parent Relationship": "Outer","Parallel Aware": false,"Async Capable": false,"Join Type": "Inner","Startup Cost": 2.41,"Total Cost": 4471.79,"Plan Rows": 2500,"Plan Width": 116,"Actual Startup Time": 0.257,"Actual Total Time": 59.024,"Actual Rows": 10066,"Actual Loops": 3,"Inner Unique": false,"Hash Cond": "(customer.c_nationkey = nation.n_nationkey)","Workers": [],"Plans": [{"Node Type": "Seq Scan","Parent Relationship": "Outer","Parallel Aware": true,"Async Capable": false,"Relation Name": "customer","Alias": "customer","Startup Cost": 0.00,"Total Cost": 4210.00,"Plan Rows": 62500,"Plan Width": 8,"Actual Startup Time": 0.018,"Actual Total Time": 10.025,"Actual Rows": 50000,"Actual Loops": 3,"Workers": []},{"Node Type": "Hash","Parent Relationship": "Inner","Parallel Aware": false,"Async Capable": false,"Startup Cost": 2.40,"Total Cost": 2.40,"Plan Rows": 1,"Plan Width": 108,"Actual Startup Time": 0.151,"Actual Total Time": 0.168,"Actual Rows": 5,"Actual Loops": 3,"Hash Buckets": 1024,"Original Hash Buckets": 1024,"Hash Batches": 1,"Original Hash Batches": 1,"Peak Memory Usage": 9,"Workers": [],"Plans": [{"Node Type": "Hash Join","Parent Relationship": "Outer","Parallel Aware": false,"Async Capable": false,"Join Type": "Inner","Startup Cost": 1.07,"Total Cost": 2.40,"Plan Rows": 1,"Plan Width": 108,"Actual Startup Time": 0.138,"Actual Total Time": 0.159,"Actual Rows": 5,"Actual Loops": 3,"Inner Unique": true,"Hash Cond": "(nation.n_regionkey = region.r_regionkey)","Workers": [],"Plans": [{"Node Type": "Seq Scan","Parent Relationship": "Outer","Parallel Aware": false,"Async Capable": false,"Relation Name": "nation","Alias": "nation","Startup Cost": 0.00,"Total Cost": 1.25,"Plan Rows": 25,"Plan Width": 112,"Actual Startup Time": 0.050,"Actual Total Time": 0.055,"Actual Rows": 25,"Actual Loops": 3,"Workers": []},{"Node Type": "Hash","Parent Relationship": "Inner","Parallel Aware": false,"Async Capable": false,"Startup Cost": 1.06,"Total Cost": 1.06,"Plan Rows": 1,"Plan Width": 4,"Actual Startup Time": 0.059,"Actual Total Time": 0.064,"Actual Rows": 1,"Actual Loops": 3,"Hash Buckets": 1024,"Original Hash Buckets": 1024,"Hash Batches": 1,"Original Hash Batches": 1,"Peak Memory Usage": 9,"Workers": [],"Plans": [{"Node Type": "Seq Scan","Parent Relationship": "Outer","Parallel Aware": false,"Async Capable": false,"Relation Name": "region","Alias": "region","Startup Cost": 0.00,"Total Cost": 1.06,"Plan Rows": 1,"Plan Width": 4,"Actual Startup Time": 0.043,"Actual Total Time": 0.045,"Actual Rows": 1,"Actual Loops": 3,"Filter": "(r_name = 'EUROPE'::bpchar)","Rows Removed by Filter": 4,"Workers": []}]}]}]}]},{"Node Type": "Index Scan","Parent Relationship": "Inner","Parallel Aware": false,"Async Capable": false,"Scan Direction": "Forward","Index Name": "idx_orders_custkey","Relation Name": "orders","Alias": "orders","Startup Cost": 0.43,"Total Cost": 1.55,"Plan Rows": 3,"Plan Width": 8,"Actual Startup Time": 0.017,"Actual Total Time": 0.040,"Actual Rows": 2,"Actual Loops": 30197,"Index Cond": "(o_custkey = customer.c_custkey)","Rows Removed by Index Recheck": 0,"Filter": "((o_orderdate >= '1994-01-01'::date) AND (o_orderdate < '1995-01-01 00:00:00'::timestamp without time zone))","Rows Removed by Filter": 9,"Workers": []}]},{"Node Type": "Index Scan","Parent Relationship": "Inner","Parallel Aware": false,"Async Capable": false,"Scan Direction": "Forward","Index Name": "idx_lineitem_orderkey","Relation Name": "lineitem","Alias": "lineitem","Startup Cost": 0.43,"Total Cost": 2.84,"Plan Rows": 17,"Plan Width": 20,"Actual Startup Time": 0.017,"Actual Total Time": 0.019,"Actual Rows": 4,"Actual Loops": 46093,"Index Cond": "(l_orderkey = orders.o_orderkey)","Rows Removed by Index Recheck": 0,"Workers": []}]},{"Node Type": "Hash","Parent Relationship": "Inner","Parallel Aware": false,"Async Capable": false,"Startup Cost": 322.00,"Total Cost": 322.00,"Plan Rows": 10000,"Plan Width": 8,"Actual Startup Time": 10.479,"Actual Total Time": 10.484,"Actual Rows": 10000,"Actual Loops": 3,"Hash Buckets": 16384,"Original Hash Buckets": 16384,"Hash Batches": 1,"Original Hash Batches": 1,"Peak Memory Usage": 519,"Workers": [],"Plans": [{"Node Type": "Seq Scan","Parent Relationship": "Outer","Parallel Aware": false,"Async Capable": false,"Relation Name": "supplier","Alias": "supplier","Startup Cost": 0.00,"Total Cost": 322.00,"Plan Rows": 10000,"Plan Width": 8,"Actual Startup Time": 0.042,"Actual Total Time": 8.711,"Actual Rows": 10000,"Actual Loops": 3,"Workers": []}]}]}]}]}]}]}]},"Planning Time": 9.647,"Triggers": [],"Execution Time": 867.883}]
[{"Plan": {"Node Type": "Sort","Parallel Aware": false,"Async Capable": false,"Startup Cost": 21612.43,"Total Cost": 21612.50,"Plan Rows": 25,"Plan Width": 136,"Actual Startup Time": 832.616,"Actual Total Time": 862.680,"Actual Rows": 5,"Actual Loops": 1,"Sort Key": ["(sum((lineitem.l_extendedprice * ('1'::numeric - lineitem.l_discount)))) DESC"],"Sort Method": "quicksort","Sort Space Used": 25,"Sort Space Type": "Memory","Plans": [{"Node Type": "Aggregate","Strategy": "Sorted","Partial Mode": "Finalize","Parent Relationship": "Outer","Parallel Aware": false,"Async Capable": false,"Startup Cost": 21597.38,"Total Cost": 21611.85,"Plan Rows": 25,"Plan Width": 136,"Actual Startup Time": 832.009,"Actual Total Time": 862.637,"Actual Rows": 5,"Actual Loops": 1,"Group Key": ["nation.n_name"],"Plans": [{"Node Type": "Gather Merge","Parent Relationship": "Outer","Parallel Aware": false,"Async Capable": false,"Startup Cost": 21597.38,"Total Cost": 21611.17,"Plan Rows": 50,"Plan Width": 136,"Actual Startup Time": 831.804,"Actual Total Time": 862.590,"Actual Rows": 15,"Actual Loops": 1,"Workers Planned": 2,"Workers Launched": 2,"Plans": [{"Node Type": "Aggregate","Strategy": "Sorted","Partial Mode": "Partial","Parent Relationship": "Outer","Parallel Aware": false,"Async Capable": false,"Startup Cost": 20597.36,"Total Cost": 20605.37,"Plan Rows": 25,"Plan Width": 136,"Actual Startup Time": 824.333,"Actual Total Time": 825.038,"Actual Rows": 5,"Actual Loops": 3,"Group Key": ["nation.n_name"],"Workers": [],"Plans": [{"Node Type": "Sort","Parent Relationship": "Outer","Parallel Aware": false,"Async Capable": false,"Startup Cost": 20597.36,"Total Cost": 20598.90,"Plan Rows": 616,"Plan Width": 116,"Actual Startup Time": 824.137,"Actual Total Time": 824.256,"Actual Rows": 2417,"Actual Loops": 3,"Sort Key": ["nation.n_name"],"Sort Method": "quicksort","Sort Space Used": 288,"Sort Space Type": "Memory","Workers": [{"Worker Number": 0,"Sort Method": "quicksort","Sort Space Used": 280,"Sort Space Type": "Memory"},{"Worker Number": 1,"Sort Method": "quicksort","Sort Space Used": 288,"Sort Space Type": "Memory"}],"Plans": [{"Node Type": "Hash Join","Parent Relationship": "Outer","Parallel Aware": false,"Async Capable": false,"Join Type": "Inner","Startup Cost": 475.27,"Total Cost": 20568.82,"Plan Rows": 616,"Plan Width": 116,"Actual Startup Time": 12.703,"Actual Total Time": 822.671,"Actual Rows": 2417,"Actual Loops": 3,"Inner Unique": true,"Hash Cond": "((lineitem.l_suppkey = supplier.s_suppkey) AND (customer.c_nationkey = supplier.s_nationkey))","Workers": [],"Plans": [{"Node Type": "Nested Loop","Parent Relationship": "Outer","Parallel Aware": false,"Async Capable": false,"Join Type": "Inner","Startup Cost": 3.27,"Total Cost": 20015.89,"Plan Rows": 15415,"Plan Width": 128,"Actual Startup Time": 0.571,"Actual Total Time": 776.984,"Actual Rows": 59997,"Actual Loops": 3,"Inner Unique": false,"Workers": [],"Plans": [{"Node Type": "Nested Loop","Parent Relationship": "Outer","Parallel Aware": false,"Async Capable": false,"Join Type": "Inner","Startup Cost": 2.84,"Total Cost": 8414.26,"Plan Rows": 3853,"Plan Width": 116,"Actual Startup Time": 0.454,"Actual Total Time": 470.088,"Actual Rows": 15003,"Actual Loops": 3,"Inner Unique": false,"Workers": [],"Plans": [{"Node Type": "Hash Join","Parent Relationship": "Outer","Parallel Aware": false,"Async Capable": false,"Join Type": "Inner","Startup Cost": 2.41,"Total Cost": 4471.79,"Plan Rows": 2500,"Plan Width": 116,"Actual Startup Time": 0.227,"Actual Total Time": 60.370,"Actual Rows": 9968,"Actual Loops": 3,"Inner Unique": false,"Hash Cond": "(customer.c_nationkey = nation.n_nationkey)","Workers": [],"Plans": [{"Node Type": "Seq Scan","Parent Relationship": "Outer","Parallel Aware": true,"Async Capable": false,"Relation Name": "customer","Alias": "customer","Startup Cost": 0.00,"Total Cost": 4210.00,"Plan Rows": 62500,"Plan Width": 8,"Actual Startup Time": 0.013,"Actual Total Time": 10.099,"Actual Rows": 50000,"Actual Loops": 3,"Workers": []},{"Node Type": "Hash","Parent Relationship": "Inner","Parallel Aware": false,"Async Capable": false,"Startup Cost": 2.40,"Total Cost": 2.40,"Plan Rows": 1,"Plan Width": 108,"Actual Startup Time": 0.138,"Actual Total Time": 0.150,"Actual Rows": 5,"Actual Loops": 3,"Hash Buckets": 1024,"Original Hash Buckets": 1024,"Hash Batches": 1,"Original Hash Batches": 1,"Peak Memory Usage": 9,"Workers": [],"Plans": [{"Node Type": "Hash Join","Parent Relationship": "Outer","Parallel Aware": false,"Async Capable": false,"Join Type": "Inner","Startup Cost": 1.07,"Total Cost": 2.40,"Plan Rows": 1,"Plan Width": 108,"Actual Startup Time": 0.125,"Actual Total Time": 0.142,"Actual Rows": 5,"Actual Loops": 3,"Inner Unique": true,"Hash Cond": "(nation.n_regionkey = region.r_regionkey)","Workers": [],"Plans": [{"Node Type": "Seq Scan","Parent Relationship": "Outer","Parallel Aware": false,"Async Capable": false,"Relation Name": "nation","Alias": "nation","Startup Cost": 0.00,"Total Cost": 1.25,"Plan Rows": 25,"Plan Width": 112,"Actual Startup Time": 0.044,"Actual Total Time": 0.047,"Actual Rows": 25,"Actual Loops": 3,"Workers": []},{"Node Type": "Hash","Parent Relationship": "Inner","Parallel Aware": false,"Async Capable": false,"Startup Cost": 1.06,"Total Cost": 1.06,"Plan Rows": 1,"Plan Width": 4,"Actual Startup Time": 0.054,"Actual Total Time": 0.057,"Actual Rows": 1,"Actual Loops": 3,"Hash Buckets": 1024,"Original Hash Buckets": 1024,"Hash Batches": 1,"Original Hash Batches": 1,"Peak Memory Usage": 9,"Workers": [],"Plans": [{"Node Type": "Seq Scan","Parent Relationship": "Outer","Parallel Aware": false,"Async Capable": false,"Relation Name": "region","Alias": "region","Startup Cost": 0.00,"Total Cost": 1.06,"Plan Rows": 1,"Plan Width": 4,"Actual Startup Time": 0.039,"Actual Total Time": 0.040,"Actual Rows": 1,"Actual Loops": 3,"Filter": "(r_name = 'MIDDLE EAST'::bpchar)","Rows Removed by Filter": 4,"Workers": []}]}]}]}]},{"Node Type": "Index Scan","Parent Relationship": "Inner","Parallel Aware": false,"Async Capable": false,"Scan Direction": "Forward","Index Name": "idx_orders_custkey","Relation Name": "orders","Alias": "orders","Startup Cost": 0.43,"Total Cost": 1.55,"Plan Rows": 3,"Plan Width": 8,"Actual Startup Time": 0.017,"Actual Total Time": 0.041,"Actual Rows": 2,"Actual Loops": 29904,"Index Cond": "(o_custkey = customer.c_custkey)","Rows Removed by Index Recheck": 0,"Filter": "((o_orderdate >= '1994-01-01'::date) AND (o_orderdate < '1995-01-01 00:00:00'::timestamp without time zone))","Rows Removed by Filter": 8,"Workers": []}]},{"Node Type": "Index Scan","Parent Relationship": "Inner","Parallel Aware": false,"Async Capable": false,"Scan Direction": "Forward","Index Name": "idx_lineitem_orderkey","Relation Name": "lineitem","Alias": "lineitem","Startup Cost": 0.43,"Total Cost": 2.84,"Plan Rows": 17,"Plan Width": 20,"Actual Startup Time": 0.017,"Actual Total Time": 0.020,"Actual Rows": 4,"Actual Loops": 45009,"Index Cond": "(l_orderkey = orders.o_orderkey)","Rows Removed by Index Recheck": 0,"Workers": []}]},{"Node Type": "Hash","Parent Relationship": "Inner","Parallel Aware": false,"Async Capable": false,"Startup Cost": 322.00,"Total Cost": 322.00,"Plan Rows": 10000,"Plan Width": 8,"Actual Startup Time": 11.133,"Actual Total Time": 11.135,"Actual Rows": 10000,"Actual Loops": 3,"Hash Buckets": 16384,"Original Hash Buckets": 16384,"Hash Batches": 1,"Original Hash Batches": 1,"Peak Memory Usage": 519,"Workers": [],"Plans": [{"Node Type": "Seq Scan","Parent Relationship": "Outer","Parallel Aware": false,"Async Capable": false,"Relation Name": "supplier","Alias": "supplier","Startup Cost": 0.00,"Total Cost": 322.00,"Plan Rows": 10000,"Plan Width": 8,"Actual Startup Time": 0.042,"Actual Total Time": 9.282,"Actual Rows": 10000,"Actual Loops": 3,"Workers": []}]}]}]}]}]}]}]},"Planning Time": 10.906,"Triggers": [],"Execution Time": 863.139}]
[{"Plan": {"Node Type": "Sort","Parallel Aware": false,"Async Capable": false,"Startup Cost": 21612.43,"Total Cost": 21612.50,"Plan Rows": 25,"Plan Width": 136,"Actual Startup Time": 827.834,"Actual Total Time": 858.973,"Actual Rows": 5,"Actual Loops": 1,"Sort Key": ["(sum((lineitem.l_extendedprice * ('1'::numeric - lineitem.l_discount)))) DESC"],"Sort Method": "quicksort","Sort Space Used": 25,"Sort Space Type": "Memory","Plans": [{"Node Type": "Aggregate","Strategy": "Sorted","Partial Mode": "Finalize","Parent Relationship": "Outer","Parallel Aware": false,"Async Capable": false,"Startup Cost": 21597.38,"Total Cost": 21611.85,"Plan Rows": 25,"Plan Width": 136,"Actual Startup Time": 827.274,"Actual Total Time": 858.918,"Actual Rows": 5,"Actual Loops": 1,"Group Key": ["nation.n_name"],"Plans": [{"Node Type": "Gather Merge","Parent Relationship": "Outer","Parallel Aware": false,"Async Capable": false,"Startup Cost": 21597.38,"Total Cost": 21611.17,"Plan Rows": 50,"Plan Width": 136,"Actual Startup Time": 827.088,"Actual Total Time": 858.883,"Actual Rows": 15,"Actual Loops": 1,"Workers Planned": 2,"Workers Launched": 2,"Plans": [{"Node Type": "Aggregate","Strategy": "Sorted","Partial Mode": "Partial","Parent Relationship": "Outer","Parallel Aware": false,"Async Capable": false,"Startup Cost": 20597.36,"Total Cost": 20605.37,"Plan Rows": 25,"Plan Width": 136,"Actual Startup Time": 818.981,"Actual Total Time": 819.657,"Actual Rows": 5,"Actual Loops": 3,"Group Key": ["nation.n_name"],"Workers": [],"Plans": [{"Node Type": "Sort","Parent Relationship": "Outer","Parallel Aware": false,"Async Capable": false,"Startup Cost": 20597.36,"Total Cost": 20598.90,"Plan Rows": 616,"Plan Width": 116,"Actual Startup Time": 818.754,"Actual Total Time": 818.877,"Actual Rows": 2367,"Actual Loops": 3,"Sort Key": ["nation.n_name"],"Sort Method": "quicksort","Sort Space Used": 283,"Sort Space Type": "Memory","Workers": [{"Worker Number": 0,"Sort Method": "quicksort","Sort Space Used": 277,"Sort Space Type": "Memory"},{"Worker Number": 1,"Sort Method": "quicksort","Sort Space Used": 284,"Sort Space Type": "Memory"}],"Plans": [{"Node Type": "Hash Join","Parent Relationship": "Outer","Parallel Aware": false,"Async Capable": false,"Join Type": "Inner","Startup Cost": 475.27,"Total Cost": 20568.82,"Plan Rows": 616,"Plan Width": 116,"Actual Startup Time": 13.272,"Actual Total Time": 817.265,"Actual Rows": 2367,"Actual Loops": 3,"Inner Unique": true,"Hash Cond": "((lineitem.l_suppkey = supplier.s_suppkey) AND (customer.c_nationkey = supplier.s_nationkey))","Workers": [],"Plans": [{"Node Type": "Nested Loop","Parent Relationship": "Outer","Parallel Aware": false,"Async Capable": false,"Join Type": "Inner","Startup Cost": 3.27,"Total Cost": 20015.89,"Plan Rows": 15415,"Plan Width": 128,"Actual Startup Time": 0.973,"Actual Total Time": 770.169,"Actual Rows": 60208,"Actual Loops": 3,"Inner Unique": false,"Workers": [],"Plans": [{"Node Type": "Nested Loop","Parent Relationship": "Outer","Parallel Aware": false,"Async Capable": false,"Join Type": "Inner","Startup Cost": 2.84,"Total Cost": 8414.26,"Plan Rows": 3853,"Plan Width": 116,"Actual Startup Time": 0.870,"Actual Total Time": 466.623,"Actual Rows": 15051,"Actual Loops": 3,"Inner Unique": false,"Workers": [],"Plans": [{"Node Type": "Hash Join","Parent Relationship": "Outer","Parallel Aware": false,"Async Capable": false,"Join Type": "Inner","Startup Cost": 2.41,"Total Cost": 4471.79,"Plan Rows": 2500,"Plan Width": 116,"Actual Startup Time": 0.250,"Actual Total Time": 58.358,"Actual Rows": 9921,"Actual Loops": 3,"Inner Unique": false,"Hash Cond": "(customer.c_nationkey = nation.n_nationkey)","Workers": [],"Plans": [{"Node Type": "Seq Scan","Parent Relationship": "Outer","Parallel Aware": true,"Async Capable": false,"Relation Name": "customer","Alias": "customer","Startup Cost": 0.00,"Total Cost": 4210.00,"Plan Rows": 62500,"Plan Width": 8,"Actual Startup Time": 0.013,"Actual Total Time": 10.073,"Actual Rows": 50000,"Actual Loops": 3,"Workers": []},{"Node Type": "Hash","Parent Relationship": "Inner","Parallel Aware": false,"Async Capable": false,"Startup Cost": 2.40,"Total Cost": 2.40,"Plan Rows": 1,"Plan Width": 108,"Actual Startup Time": 0.153,"Actual Total Time": 0.173,"Actual Rows": 5,"Actual Loops": 3,"Hash Buckets": 1024,"Original Hash Buckets": 1024,"Hash Batches": 1,"Original Hash Batches": 1,"Peak Memory Usage": 9,"Workers": [],"Plans": [{"Node Type": "Hash Join","Parent Relationship": "Outer","Parallel Aware": false,"Async Capable": false,"Join Type": "Inner","Startup Cost": 1.07,"Total Cost": 2.40,"Plan Rows": 1,"Plan Width": 108,"Actual Startup Time": 0.137,"Actual Total Time": 0.162,"Actual Rows": 5,"Actual Loops": 3,"Inner Unique": true,"Hash Cond": "(nation.n_regionkey = region.r_regionkey)","Workers": [],"Plans": [{"Node Type": "Seq Scan","Parent Relationship": "Outer","Parallel Aware": false,"Async Capable": false,"Relation Name": "nation","Alias": "nation","Startup Cost": 0.00,"Total Cost": 1.25,"Plan Rows": 25,"Plan Width": 112,"Actual Startup Time": 0.055,"Actual Total Time": 0.059,"Actual Rows": 25,"Actual Loops": 3,"Workers": []},{"Node Type": "Hash","Parent Relationship": "Inner","Parallel Aware": false,"Async Capable": false,"Startup Cost": 1.06,"Total Cost": 1.06,"Plan Rows": 1,"Plan Width": 4,"Actual Startup Time": 0.058,"Actual Total Time": 0.065,"Actual Rows": 1,"Actual Loops": 3,"Hash Buckets": 1024,"Original Hash Buckets": 1024,"Hash Batches": 1,"Original Hash Batches": 1,"Peak Memory Usage": 9,"Workers": [],"Plans": [{"Node Type": "Seq Scan","Parent Relationship": "Outer","Parallel Aware": false,"Async Capable": false,"Relation Name": "region","Alias": "region","Startup Cost": 0.00,"Total Cost": 1.06,"Plan Rows": 1,"Plan Width": 4,"Actual Startup Time": 0.044,"Actual Total Time": 0.048,"Actual Rows": 1,"Actual Loops": 3,"Filter": "(r_name = 'AFRICA'::bpchar)","Rows Removed by Filter": 4,"Workers": []}]}]}]}]},{"Node Type": "Index Scan","Parent Relationship": "Inner","Parallel Aware": false,"Async Capable": false,"Scan Direction": "Forward","Index Name": "idx_orders_custkey","Relation Name": "orders","Alias": "orders","Startup Cost": 0.43,"Total Cost": 1.55,"Plan Rows": 3,"Plan Width": 8,"Actual Startup Time": 0.018,"Actual Total Time": 0.041,"Actual Rows": 2,"Actual Loops": 29764,"Index Cond": "(o_custkey = customer.c_custkey)","Rows Removed by Index Recheck": 0,"Filter": "((o_orderdate >= '1994-01-01'::date) AND (o_orderdate < '1995-01-01 00:00:00'::timestamp without time zone))","Rows Removed by Filter": 9,"Workers": []}]},{"Node Type": "Index Scan","Parent Relationship": "Inner","Parallel Aware": false,"Async Capable": false,"Scan Direction": "Forward","Index Name": "idx_lineitem_orderkey","Relation Name": "lineitem","Alias": "lineitem","Startup Cost": 0.43,"Total Cost": 2.84,"Plan Rows": 17,"Plan Width": 20,"Actual Startup Time": 0.017,"Actual Total Time": 0.019,"Actual Rows": 4,"Actual Loops": 45152,"Index Cond": "(l_orderkey = orders.o_orderkey)","Rows Removed by Index Recheck": 0,"Workers": []}]},{"Node Type": "Hash","Parent Relationship": "Inner","Parallel Aware": false,"Async Capable": false,"Startup Cost": 322.00,"Total Cost": 322.00,"Plan Rows": 10000,"Plan Width": 8,"Actual Startup Time": 11.376,"Actual Total Time": 11.381,"Actual Rows": 10000,"Actual Loops": 3,"Hash Buckets": 16384,"Original Hash Buckets": 16384,"Hash Batches": 1,"Original Hash Batches": 1,"Peak Memory Usage": 519,"Workers": [],"Plans": [{"Node Type": "Seq Scan","Parent Relationship": "Outer","Parallel Aware": false,"Async Capable": false,"Relation Name": "supplier","Alias": "supplier","Startup Cost": 0.00,"Total Cost": 322.00,"Plan Rows": 10000,"Plan Width": 8,"Actual Startup Time": 0.042,"Actual Total Time": 9.565,"Actual Rows": 10000,"Actual Loops": 3,"Workers": []}]}]}]}]}]}]}]},"Planning Time": 10.751,"Triggers": [],"Execution Time": 859.508}]
[{"Plan": {"Node Type": "Sort","Parallel Aware": false,"Async Capable": false,"Startup Cost": 21616.39,"Total Cost": 21616.45,"Plan Rows": 25,"Plan Width": 136,"Actual Startup Time": 817.171,"Actual Total Time": 848.557,"Actual Rows": 5,"Actual Loops": 1,"Sort Key": ["(sum((lineitem.l_extendedprice * ('1'::numeric - lineitem.l_discount)))) DESC"],"Sort Method": "quicksort","Sort Space Used": 25,"Sort Space Type": "Memory","Plans": [{"Node Type": "Aggregate","Strategy": "Sorted","Partial Mode": "Finalize","Parent Relationship": "Outer","Parallel Aware": false,"Async Capable": false,"Startup Cost": 21601.33,"Total Cost": 21615.81,"Plan Rows": 25,"Plan Width": 136,"Actual Startup Time": 816.250,"Actual Total Time": 848.503,"Actual Rows": 5,"Actual Loops": 1,"Group Key": ["nation.n_name"],"Plans": [{"Node Type": "Gather Merge","Parent Relationship": "Outer","Parallel Aware": false,"Async Capable": false,"Startup Cost": 21601.33,"Total Cost": 21615.12,"Plan Rows": 50,"Plan Width": 136,"Actual Startup Time": 815.620,"Actual Total Time": 848.441,"Actual Rows": 15,"Actual Loops": 1,"Workers Planned": 2,"Workers Launched": 2,"Plans": [{"Node Type": "Aggregate","Strategy": "Sorted","Partial Mode": "Partial","Parent Relationship": "Outer","Parallel Aware": false,"Async Capable": false,"Startup Cost": 20601.30,"Total Cost": 20609.33,"Plan Rows": 25,"Plan Width": 136,"Actual Startup Time": 807.499,"Actual Total Time": 808.444,"Actual Rows": 5,"Actual Loops": 3,"Group Key": ["nation.n_name"],"Workers": [],"Plans": [{"Node Type": "Sort","Parent Relationship": "Outer","Parallel Aware": false,"Async Capable": false,"Startup Cost": 20601.30,"Total Cost": 20602.85,"Plan Rows": 617,"Plan Width": 116,"Actual Startup Time": 807.276,"Actual Total Time": 807.432,"Actual Rows": 2427,"Actual Loops": 3,"Sort Key": ["nation.n_name"],"Sort Method": "quicksort","Sort Space Used": 295,"Sort Space Type": "Memory","Workers": [{"Worker Number": 0,"Sort Method": "quicksort","Sort Space Used": 285,"Sort Space Type": "Memory"},{"Worker Number": 1,"Sort Method": "quicksort","Sort Space Used": 279,"Sort Space Type": "Memory"}],"Plans": [{"Node Type": "Hash Join","Parent Relationship": "Outer","Parallel Aware": false,"Async Capable": false,"Join Type": "Inner","Startup Cost": 475.27,"Total Cost": 20572.71,"Plan Rows": 617,"Plan Width": 116,"Actual Startup Time": 13.659,"Actual Total Time": 805.763,"Actual Rows": 2427,"Actual Loops": 3,"Inner Unique": true,"Hash Cond": "((lineitem.l_suppkey = supplier.s_suppkey) AND (customer.c_nationkey = supplier.s_nationkey))","Workers": [],"Plans": [{"Node Type": "Nested Loop","Parent Relationship": "Outer","Parallel Aware": false,"Async Capable": false,"Join Type": "Inner","Startup Cost": 3.27,"Total Cost": 20019.70,"Plan Rows": 15431,"Plan Width": 128,"Actual Startup Time": 0.940,"Actual Total Time": 760.394,"Actual Rows": 61187,"Actual Loops": 3,"Inner Unique": false,"Workers": [],"Plans": [{"Node Type": "Nested Loop","Parent Relationship": "Outer","Parallel Aware": false,"Async Capable": false,"Join Type": "Inner","Startup Cost": 2.84,"Total Cost": 8414.26,"Plan Rows": 3857,"Plan Width": 116,"Actual Startup Time": 0.804,"Actual Total Time": 453.891,"Actual Rows": 15325,"Actual Loops": 3,"Inner Unique": false,"Workers": [],"Plans": [{"Node Type": "Hash Join","Parent Relationship": "Outer","Parallel Aware": false,"Async Capable": false,"Join Type": "Inner","Startup Cost": 2.41,"Total Cost": 4471.79,"Plan Rows": 2500,"Plan Width": 116,"Actual Startup Time": 0.319,"Actual Total Time": 55.842,"Actual Rows": 10061,"Actual Loops": 3,"Inner Unique": false,"Hash Cond": "(customer.c_nationkey = nation.n_nationkey)","Workers": [],"Plans": [{"Node Type": "Seq Scan","Parent Relationship": "Outer","Parallel Aware": true,"Async Capable": false,"Relation Name": "customer","Alias": "customer","Startup Cost": 0.00,"Total Cost": 4210.00,"Plan Rows": 62500,"Plan Width": 8,"Actual Startup Time": 0.026,"Actual Total Time": 9.689,"Actual Rows": 50000,"Actual Loops": 3,"Workers": []},{"Node Type": "Hash","Parent Relationship": "Inner","Parallel Aware": false,"Async Capable": false,"Startup Cost": 2.40,"Total Cost": 2.40,"Plan Rows": 1,"Plan Width": 108,"Actual Startup Time": 0.180,"Actual Total Time": 0.198,"Actual Rows": 5,"Actual Loops": 3,"Hash Buckets": 1024,"Original Hash Buckets": 1024,"Hash Batches": 1,"Original Hash Batches": 1,"Peak Memory Usage": 9,"Workers": [],"Plans": [{"Node Type": "Hash Join","Parent Relationship": "Outer","Parallel Aware": false,"Async Capable": false,"Join Type": "Inner","Startup Cost": 1.07,"Total Cost": 2.40,"Plan Rows": 1,"Plan Width": 108,"Actual Startup Time": 0.166,"Actual Total Time": 0.188,"Actual Rows": 5,"Actual Loops": 3,"Inner Unique": true,"Hash Cond": "(nation.n_regionkey = region.r_regionkey)","Workers": [],"Plans": [{"Node Type": "Seq Scan","Parent Relationship": "Outer","Parallel Aware": false,"Async Capable": false,"Relation Name": "nation","Alias": "nation","Startup Cost": 0.00,"Total Cost": 1.25,"Plan Rows": 25,"Plan Width": 112,"Actual Startup Time": 0.055,"Actual Total Time": 0.060,"Actual Rows": 25,"Actual Loops": 3,"Workers": []},{"Node Type": "Hash","Parent Relationship": "Inner","Parallel Aware": false,"Async Capable": false,"Startup Cost": 1.06,"Total Cost": 1.06,"Plan Rows": 1,"Plan Width": 4,"Actual Startup Time": 0.079,"Actual Total Time": 0.084,"Actual Rows": 1,"Actual Loops": 3,"Hash Buckets": 1024,"Original Hash Buckets": 1024,"Hash Batches": 1,"Original Hash Batches": 1,"Peak Memory Usage": 9,"Workers": [],"Plans": [{"Node Type": "Seq Scan","Parent Relationship": "Outer","Parallel Aware": false,"Async Capable": false,"Relation Name": "region","Alias": "region","Startup Cost": 0.00,"Total Cost": 1.06,"Plan Rows": 1,"Plan Width": 4,"Actual Startup Time": 0.058,"Actual Total Time": 0.061,"Actual Rows": 1,"Actual Loops": 3,"Filter": "(r_name = 'ASIA'::bpchar)","Rows Removed by Filter": 4,"Workers": []}]}]}]}]},{"Node Type": "Index Scan","Parent Relationship": "Inner","Parallel Aware": false,"Async Capable": false,"Scan Direction": "Forward","Index Name": "idx_orders_custkey","Relation Name": "orders","Alias": "orders","Startup Cost": 0.43,"Total Cost": 1.55,"Plan Rows": 3,"Plan Width": 8,"Actual Startup Time": 0.017,"Actual Total Time": 0.039,"Actual Rows": 2,"Actual Loops": 30183,"Index Cond": "(o_custkey = customer.c_custkey)","Rows Removed by Index Recheck": 0,"Filter": "((o_orderdate >= '1996-01-01'::date) AND (o_orderdate < '1997-01-01 00:00:00'::timestamp without time zone))","Rows Removed by Filter": 8,"Workers": []}]},{"Node Type": "Index Scan","Parent Relationship": "Inner","Parallel Aware": false,"Async Capable": false,"Scan Direction": "Forward","Index Name": "idx_lineitem_orderkey","Relation Name": "lineitem","Alias": "lineitem","Startup Cost": 0.43,"Total Cost": 2.84,"Plan Rows": 17,"Plan Width": 20,"Actual Startup Time": 0.017,"Actual Total Time": 0.019,"Actual Rows": 4,"Actual Loops": 45976,"Index Cond": "(l_orderkey = orders.o_orderkey)","Rows Removed by Index Recheck": 0,"Workers": []}]},{"Node Type": "Hash","Parent Relationship": "Inner","Parallel Aware": false,"Async Capable": false,"Startup Cost": 322.00,"Total Cost": 322.00,"Plan Rows": 10000,"Plan Width": 8,"Actual Startup Time": 12.172,"Actual Total Time": 12.179,"Actual Rows": 10000,"Actual Loops": 3,"Hash Buckets": 16384,"Original Hash Buckets": 16384,"Hash Batches": 1,"Original Hash Batches": 1,"Peak Memory Usage": 519,"Workers": [],"Plans": [{"Node Type": "Seq Scan","Parent Relationship": "Outer","Parallel Aware": false,"Async Capable": false,"Relation Name": "supplier","Alias": "supplier","Startup Cost": 0.00,"Total Cost": 322.00,"Plan Rows": 10000,"Plan Width": 8,"Actual Startup Time": 0.048,"Actual Total Time": 10.623,"Actual Rows": 10000,"Actual Loops": 3,"Workers": []}]}]}]}]}]}]}]},"Planning Time": 10.688,"Triggers": [],"Execution Time": 848.991}]
[{"Plan": {"Node Type": "Sort","Parallel Aware": false,"Async Capable": false,"Startup Cost": 21616.39,"Total Cost": 21616.45,"Plan Rows": 25,"Plan Width": 136,"Actual Startup Time": 802.725,"Actual Total Time": 834.940,"Actual Rows": 5,"Actual Loops": 1,"Sort Key": ["(sum((lineitem.l_extendedprice * ('1'::numeric - lineitem.l_discount)))) DESC"],"Sort Method": "quicksort","Sort Space Used": 25,"Sort Space Type": "Memory","Plans": [{"Node Type": "Aggregate","Strategy": "Sorted","Partial Mode": "Finalize","Parent Relationship": "Outer","Parallel Aware": false,"Async Capable": false,"Startup Cost": 21601.33,"Total Cost": 21615.81,"Plan Rows": 25,"Plan Width": 136,"Actual Startup Time": 802.089,"Actual Total Time": 834.889,"Actual Rows": 5,"Actual Loops": 1,"Group Key": ["nation.n_name"],"Plans": [{"Node Type": "Gather Merge","Parent Relationship": "Outer","Parallel Aware": false,"Async Capable": false,"Startup Cost": 21601.33,"Total Cost": 21615.12,"Plan Rows": 50,"Plan Width": 136,"Actual Startup Time": 801.869,"Actual Total Time": 834.838,"Actual Rows": 15,"Actual Loops": 1,"Workers Planned": 2,"Workers Launched": 2,"Plans": [{"Node Type": "Aggregate","Strategy": "Sorted","Partial Mode": "Partial","Parent Relationship": "Outer","Parallel Aware": false,"Async Capable": false,"Startup Cost": 20601.30,"Total Cost": 20609.33,"Plan Rows": 25,"Plan Width": 136,"Actual Startup Time": 794.218,"Actual Total Time": 794.940,"Actual Rows": 5,"Actual Loops": 3,"Group Key": ["nation.n_name"],"Workers": [],"Plans": [{"Node Type": "Sort","Parent Relationship": "Outer","Parallel Aware": false,"Async Capable": false,"Startup Cost": 20601.30,"Total Cost": 20602.85,"Plan Rows": 617,"Plan Width": 116,"Actual Startup Time": 793.996,"Actual Total Time": 794.120,"Actual Rows": 2469,"Actual Loops": 3,"Sort Key": ["nation.n_name"],"Sort Method": "quicksort","Sort Space Used": 296,"Sort Space Type": "Memory","Workers": [{"Worker Number": 0,"Sort Method": "quicksort","Sort Space Used": 284,"Sort Space Type": "Memory"},{"Worker Number": 1,"Sort Method": "quicksort","Sort Space Used": 288,"Sort Space Type": "Memory"}],"Plans": [{"Node Type": "Hash Join","Parent Relationship": "Outer","Parallel Aware": false,"Async Capable": false,"Join Type": "Inner","Startup Cost": 475.27,"Total Cost": 20572.71,"Plan Rows": 617,"Plan Width": 116,"Actual Startup Time": 14.848,"Actual Total Time": 792.432,"Actual Rows": 2469,"Actual Loops": 3,"Inner Unique": true,"Hash Cond": "((lineitem.l_suppkey = supplier.s_suppkey) AND (customer.c_nationkey = supplier.s_nationkey))","Workers": [],"Plans": [{"Node Type": "Nested Loop","Parent Relationship": "Outer","Parallel Aware": false,"Async Capable": false,"Join Type": "Inner","Startup Cost": 3.27,"Total Cost": 20019.70,"Plan Rows": 15431,"Plan Width": 128,"Actual Startup Time": 0.724,"Actual Total Time": 746.203,"Actual Rows": 60646,"Actual Loops": 3,"Inner Unique": false,"Workers": [],"Plans": [{"Node Type": "Nested Loop","Parent Relationship": "Outer","Parallel Aware": false,"Async Capable": false,"Join Type": "Inner","Startup Cost": 2.84,"Total Cost": 8414.26,"Plan Rows": 3857,"Plan Width": 116,"Actual Startup Time": 0.603,"Actual Total Time": 446.704,"Actual Rows": 15077,"Actual Loops": 3,"Inner Unique": false,"Workers": [],"Plans": [{"Node Type": "Hash Join","Parent Relationship": "Outer","Parallel Aware": false,"Async Capable": false,"Join Type": "Inner","Startup Cost": 2.41,"Total Cost": 4471.79,"Plan Rows": 2500,"Plan Width": 116,"Actual Startup Time": 0.232,"Actual Total Time": 54.148,"Actual Rows": 9968,"Actual Loops": 3,"Inner Unique": false,"Hash Cond": "(customer.c_nationkey = nation.n_nationkey)","Workers": [],"Plans": [{"Node Type": "Seq Scan","Parent Relationship": "Outer","Parallel Aware": true,"Async Capable": false,"Relation Name": "customer","Alias": "customer","Startup Cost": 0.00,"Total Cost": 4210.00,"Plan Rows": 62500,"Plan Width": 8,"Actual Startup Time": 0.016,"Actual Total Time": 9.432,"Actual Rows": 50000,"Actual Loops": 3,"Workers": []},{"Node Type": "Hash","Parent Relationship": "Inner","Parallel Aware": false,"Async Capable": false,"Startup Cost": 2.40,"Total Cost": 2.40,"Plan Rows": 1,"Plan Width": 108,"Actual Startup Time": 0.135,"Actual Total Time": 0.148,"Actual Rows": 5,"Actual Loops": 3,"Hash Buckets": 1024,"Original Hash Buckets": 1024,"Hash Batches": 1,"Original Hash Batches": 1,"Peak Memory Usage": 9,"Workers": [],"Plans": [{"Node Type": "Hash Join","Parent Relationship": "Outer","Parallel Aware": false,"Async Capable": false,"Join Type": "Inner","Startup Cost": 1.07,"Total Cost": 2.40,"Plan Rows": 1,"Plan Width": 108,"Actual Startup Time": 0.120,"Actual Total Time": 0.140,"Actual Rows": 5,"Actual Loops": 3,"Inner Unique": true,"Hash Cond": "(nation.n_regionkey = region.r_regionkey)","Workers": [],"Plans": [{"Node Type": "Seq Scan","Parent Relationship": "Outer","Parallel Aware": false,"Async Capable": false,"Relation Name": "nation","Alias": "nation","Startup Cost": 0.00,"Total Cost": 1.25,"Plan Rows": 25,"Plan Width": 112,"Actual Startup Time": 0.048,"Actual Total Time": 0.052,"Actual Rows": 25,"Actual Loops": 3,"Workers": []},{"Node Type": "Hash","Parent Relationship": "Inner","Parallel Aware": false,"Async Capable": false,"Startup Cost": 1.06,"Total Cost": 1.06,"Plan Rows": 1,"Plan Width": 4,"Actual Startup Time": 0.046,"Actual Total Time": 0.050,"Actual Rows": 1,"Actual Loops": 3,"Hash Buckets": 1024,"Original Hash Buckets": 1024,"Hash Batches": 1,"Original Hash Batches": 1,"Peak Memory Usage": 9,"Workers": [],"Plans": [{"Node Type": "Seq Scan","Parent Relationship": "Outer","Parallel Aware": false,"Async Capable": false,"Relation Name": "region","Alias": "region","Startup Cost": 0.00,"Total Cost": 1.06,"Plan Rows": 1,"Plan Width": 4,"Actual Startup Time": 0.033,"Actual Total Time": 0.035,"Actual Rows": 1,"Actual Loops": 3,"Filter": "(r_name = 'MIDDLE EAST'::bpchar)","Rows Removed by Filter": 4,"Workers": []}]}]}]}]},{"Node Type": "Index Scan","Parent Relationship": "Inner","Parallel Aware": false,"Async Capable": false,"Scan Direction": "Forward","Index Name": "idx_orders_custkey","Relation Name": "orders","Alias": "orders","Startup Cost": 0.43,"Total Cost": 1.55,"Plan Rows": 3,"Plan Width": 8,"Actual Startup Time": 0.017,"Actual Total Time": 0.039,"Actual Rows": 2,"Actual Loops": 29904,"Index Cond": "(o_custkey = customer.c_custkey)","Rows Removed by Index Recheck": 0,"Filter": "((o_orderdate >= '1996-01-01'::date) AND (o_orderdate < '1997-01-01 00:00:00'::timestamp without time zone))","Rows Removed by Filter": 8,"Workers": []}]},{"Node Type": "Index Scan","Parent Relationship": "Inner","Parallel Aware": false,"Async Capable": false,"Scan Direction": "Forward","Index Name": "idx_lineitem_orderkey","Relation Name": "lineitem","Alias": "lineitem","Startup Cost": 0.43,"Total Cost": 2.84,"Plan Rows": 17,"Plan Width": 20,"Actual Startup Time": 0.016,"Actual Total Time": 0.019,"Actual Rows": 4,"Actual Loops": 45231,"Index Cond": "(l_orderkey = orders.o_orderkey)","Rows Removed by Index Recheck": 0,"Workers": []}]},{"Node Type": "Hash","Parent Relationship": "Inner","Parallel Aware": false,"Async Capable": false,"Startup Cost": 322.00,"Total Cost": 322.00,"Plan Rows": 10000,"Plan Width": 8,"Actual Startup Time": 13.111,"Actual Total Time": 13.116,"Actual Rows": 10000,"Actual Loops": 3,"Hash Buckets": 16384,"Original Hash Buckets": 16384,"Hash Batches": 1,"Original Hash Batches": 1,"Peak Memory Usage": 519,"Workers": [],"Plans": [{"Node Type": "Seq Scan","Parent Relationship": "Outer","Parallel Aware": false,"Async Capable": false,"Relation Name": "supplier","Alias": "supplier","Startup Cost": 0.00,"Total Cost": 322.00,"Plan Rows": 10000,"Plan Width": 8,"Actual Startup Time": 0.041,"Actual Total Time": 11.446,"Actual Rows": 10000,"Actual Loops": 3,"Workers": []}]}]}]}]}]}]}]},"Planning Time": 10.334,"Triggers": [],"Execution Time": 835.373}]
[{"Plan": {"Node Type": "Sort","Parallel Aware": false,"Async Capable": false,"Startup Cost": 21612.43,"Total Cost": 21612.50,"Plan Rows": 25,"Plan Width": 136,"Actual Startup Time": 835.932,"Actual Total Time": 867.365,"Actual Rows": 5,"Actual Loops": 1,"Sort Key": ["(sum((lineitem.l_extendedprice * ('1'::numeric - lineitem.l_discount)))) DESC"],"Sort Method": "quicksort","Sort Space Used": 25,"Sort Space Type": "Memory","Plans": [{"Node Type": "Aggregate","Strategy": "Sorted","Partial Mode": "Finalize","Parent Relationship": "Outer","Parallel Aware": false,"Async Capable": false,"Startup Cost": 21597.38,"Total Cost": 21611.85,"Plan Rows": 25,"Plan Width": 136,"Actual Startup Time": 835.364,"Actual Total Time": 867.318,"Actual Rows": 5,"Actual Loops": 1,"Group Key": ["nation.n_name"],"Plans": [{"Node Type": "Gather Merge","Parent Relationship": "Outer","Parallel Aware": false,"Async Capable": false,"Startup Cost": 21597.38,"Total Cost": 21611.17,"Plan Rows": 50,"Plan Width": 136,"Actual Startup Time": 835.179,"Actual Total Time": 867.277,"Actual Rows": 15,"Actual Loops": 1,"Workers Planned": 2,"Workers Launched": 2,"Plans": [{"Node Type": "Aggregate","Strategy": "Sorted","Partial Mode": "Partial","Parent Relationship": "Outer","Parallel Aware": false,"Async Capable": false,"Startup Cost": 20597.36,"Total Cost": 20605.37,"Plan Rows": 25,"Plan Width": 136,"Actual Startup Time": 826.891,"Actual Total Time": 827.596,"Actual Rows": 5,"Actual Loops": 3,"Group Key": ["nation.n_name"],"Workers": [],"Plans": [{"Node Type": "Sort","Parent Relationship": "Outer","Parallel Aware": false,"Async Capable": false,"Startup Cost": 20597.36,"Total Cost": 20598.90,"Plan Rows": 616,"Plan Width": 116,"Actual Startup Time": 826.692,"Actual Total Time": 826.817,"Actual Rows": 2422,"Actual Loops": 3,"Sort Key": ["nation.n_name"],"Sort Method": "quicksort","Sort Space Used": 284,"Sort Space Type": "Memory","Workers": [{"Worker Number": 0,"Sort Method": "quicksort","Sort Space Used": 289,"Sort Space Type": "Memory"},{"Worker Number": 1,"Sort Method": "quicksort","Sort Space Used": 285,"Sort Space Type": "Memory"}],"Plans": [{"Node Type": "Hash Join","Parent Relationship": "Outer","Parallel Aware": false,"Async Capable": false,"Join Type": "Inner","Startup Cost": 475.27,"Total Cost": 20568.82,"Plan Rows": 616,"Plan Width": 116,"Actual Startup Time": 12.416,"Actual Total Time": 825.180,"Actual Rows": 2422,"Actual Loops": 3,"Inner Unique": true,"Hash Cond": "((lineitem.l_suppkey = supplier.s_suppkey) AND (customer.c_nationkey = supplier.s_nationkey))","Workers": [],"Plans": [{"Node Type": "Nested Loop","Parent Relationship": "Outer","Parallel Aware": false,"Async Capable": false,"Join Type": "Inner","Startup Cost": 3.27,"Total Cost": 20015.89,"Plan Rows": 15415,"Plan Width": 128,"Actual Startup Time": 0.717,"Actual Total Time": 776.964,"Actual Rows": 61524,"Actual Loops": 3,"Inner Unique": false,"Workers": [],"Plans": [{"Node Type": "Nested Loop","Parent Relationship": "Outer","Parallel Aware": false,"Async Capable": false,"Join Type": "Inner","Startup Cost": 2.84,"Total Cost": 8414.26,"Plan Rows": 3853,"Plan Width": 116,"Actual Startup Time": 0.594,"Actual Total Time": 468.318,"Actual Rows": 15364,"Actual Loops": 3,"Inner Unique": false,"Workers": [],"Plans": [{"Node Type": "Hash Join","Parent Relationship": "Outer","Parallel Aware": false,"Async Capable": false,"Join Type": "Inner","Startup Cost": 2.41,"Total Cost": 4471.79,"Plan Rows": 2500,"Plan Width": 116,"Actual Startup Time": 0.257,"Actual Total Time": 59.024,"Actual Rows": 10066,"Actual Loops": 3,"Inner Unique": false,"Hash Cond": "(customer.c_nationkey = nation.n_nationkey)","Workers": [],"Plans": [{"Node Type": "Seq Scan","Parent Relationship": "Outer","Parallel Aware": true,"Async Capable": false,"Relation Name": "customer","Alias": "customer","Startup Cost": 0.00,"Total Cost": 4210.00,"Plan Rows": 62500,"Plan Width": 8,"Actual Startup Time": 0.018,"Actual Total Time": 10.025,"Actual Rows": 50000,"Actual Loops": 3,"Workers": []},{"Node Type": "Hash","Parent Relationship": "Inner","Parallel Aware": false,"Async Capable": false,"Startup Cost": 2.40,"Total Cost": 2.40,"Plan Rows": 1,"Plan Width": 108,"Actual Startup Time": 0.151,"Actual Total Time": 0.168,"Actual Rows": 5,"Actual Loops": 3,"Hash Buckets": 1024,"Original Hash Buckets": 1024,"Hash Batches": 1,"Original Hash Batches": 1,"Peak Memory Usage": 9,"Workers": [],"Plans": [{"Node Type": "Hash Join","Parent Relationship": "Outer","Parallel Aware": false,"Async Capable": false,"Join Type": "Inner","Startup Cost": 1.07,"Total Cost": 2.40,"Plan Rows": 1,"Plan Width": 108,"Actual Startup Time": 0.138,"Actual Total Time": 0.159,"Actual Rows": 5,"Actual Loops": 3,"Inner Unique": true,"Hash Cond": "(nation.n_regionkey = region.r_regionkey)","Workers": [],"Plans": [{"Node Type": "Seq Scan","Parent Relationship": "Outer","Parallel Aware": false,"Async Capable": false,"Relation Name": "nation","Alias": "nation","Startup Cost": 0.00,"Total Cost": 1.25,"Plan Rows": 25,"Plan Width": 112,"Actual Startup Time": 0.050,"Actual Total Time": 0.055,"Actual Rows": 25,"Actual Loops": 3,"Workers": []},{"Node Type": "Hash","Parent Relationship": "Inner","Parallel Aware": false,"Async Capable": false,"Startup Cost": 1.06,"Total Cost": 1.06,"Plan Rows": 1,"Plan Width": 4,"Actual Startup Time": 0.059,"Actual Total Time": 0.064,"Actual Rows": 1,"Actual Loops": 3,"Hash Buckets": 1024,"Original Hash Buckets": 1024,"Hash Batches": 1,"Original Hash Batches": 1,"Peak Memory Usage": 9,"Workers": [],"Plans": [{"Node Type": "Seq Scan","Parent Relationship": "Outer","Parallel Aware": false,"Async Capable": false,"Relation Name": "region","Alias": "region","Startup Cost": 0.00,"Total Cost": 1.06,"Plan Rows": 1,"Plan Width": 4,"Actual Startup Time": 0.043,"Actual Total Time": 0.045,"Actual Rows": 1,"Actual Loops": 3,"Filter": "(r_name = 'EUROPE'::bpchar)","Rows Removed by Filter": 4,"Workers": []}]}]}]}]},{"Node Type": "Index Scan","Parent Relationship": "Inner","Parallel Aware": false,"Async Capable": false,"Scan Direction": "Forward","Index Name": "idx_orders_custkey","Relation Name": "orders","Alias": "orders","Startup Cost": 0.43,"Total Cost": 1.55,"Plan Rows": 3,"Plan Width": 8,"Actual Startup Time": 0.017,"Actual Total Time": 0.040,"Actual Rows": 2,"Actual Loops": 30197,"Index Cond": "(o_custkey = customer.c_custkey)","Rows Removed by Index Recheck": 0,"Filter": "((o_orderdate >= '1994-01-01'::date) AND (o_orderdate < '1995-01-01 00:00:00'::timestamp without time zone))","Rows Removed by Filter": 9,"Workers": []}]},{"Node Type": "Index Scan","Parent Relationship": "Inner","Parallel Aware": false,"Async Capable": false,"Scan Direction": "Forward","Index Name": "idx_lineitem_orderkey","Relation Name": "lineitem","Alias": "lineitem","Startup Cost": 0.43,"Total Cost": 2.84,"Plan Rows": 17,"Plan Width": 20,"Actual Startup Time": 0.017,"Actual Total Time": 0.019,"Actual Rows": 4,"Actual Loops": 46093,"Index Cond": "(l_orderkey = orders.o_orderkey)","Rows Removed by Index Recheck": 0,"Workers": []}]},{"Node Type": "Hash","Parent Relationship": "Inner","Parallel Aware": false,"Async Capable": false,"Startup Cost": 322.00,"Total Cost": 322.00,"Plan Rows": 10000,"Plan Width": 8,"Actual Startup Time": 10.479,"Actual Total Time": 10.484,"Actual Rows": 10000,"Actual Loops": 3,"Hash Buckets": 16384,"Original Hash Buckets": 16384,"Hash Batches": 1,"Original Hash Batches": 1,"Peak Memory Usage": 519,"Workers": [],"Plans": [{"Node Type": "Seq Scan","Parent Relationship": "Outer","Parallel Aware": false,"Async Capable": false,"Relation Name": "supplier","Alias": "supplier","Startup Cost": 0.00,"Total Cost": 322.00,"Plan Rows": 10000,"Plan Width": 8,"Actual Startup Time": 0.042,"Actual Total Time": 8.711,"Actual Rows": 10000,"Actual Loops": 3,"Workers": []}]}]}]}]}]}]}]},"Planning Time": 9.647,"Triggers": [],"Execution Time": 867.883}]
[{"Plan": {"Node Type": "Sort","Parallel Aware": false,"Async Capable": false,"Startup Cost": 21522.30,"Total Cost": 21522.36,"Plan Rows": 25,"Plan Width": 136,"Actual Startup Time": 808.723,"Actual Total Time": 839.996,"Actual Rows": 5,"Actual Loops": 1,"Sort Key": ["(sum((lineitem.l_extendedprice * ('1'::numeric - lineitem.l_discount)))) DESC"],"Sort Method": "quicksort","Sort Space Used": 25,"Sort Space Type": "Memory","Plans": [{"Node Type": "Aggregate","Strategy": "Sorted","Partial Mode": "Finalize","Parent Relationship": "Outer","Parallel Aware": false,"Async Capable": false,"Startup Cost": 21507.43,"Total Cost": 21521.72,"Plan Rows": 25,"Plan Width": 136,"Actual Startup Time": 808.168,"Actual Total Time": 839.947,"Actual Rows": 5,"Actual Loops": 1,"Group Key": ["nation.n_name"],"Plans": [{"Node Type": "Gather Merge","Parent Relationship": "Outer","Parallel Aware": false,"Async Capable": false,"Startup Cost": 21507.43,"Total Cost": 21521.03,"Plan Rows": 50,"Plan Width": 136,"Actual Startup Time": 807.495,"Actual Total Time": 839.892,"Actual Rows": 15,"Actual Loops": 1,"Workers Planned": 2,"Workers Launched": 2,"Plans": [{"Node Type": "Aggregate","Strategy": "Sorted","Partial Mode": "Partial","Parent Relationship": "Outer","Parallel Aware": false,"Async Capable": false,"Startup Cost": 20507.41,"Total Cost": 20515.23,"Plan Rows": 25,"Plan Width": 136,"Actual Startup Time": 799.534,"Actual Total Time": 800.383,"Actual Rows": 5,"Actual Loops": 3,"Group Key": ["nation.n_name"],"Workers": [],"Plans": [{"Node Type": "Sort","Parent Relationship": "Outer","Parallel Aware": false,"Async Capable": false,"Startup Cost": 20507.41,"Total Cost": 20508.91,"Plan Rows": 601,"Plan Width": 116,"Actual Startup Time": 799.319,"Actual Total Time": 799.466,"Actual Rows": 2431,"Actual Loops": 3,"Sort Key": ["nation.n_name"],"Sort Method": "quicksort","Sort Space Used": 290,"Sort Space Type": "Memory","Workers": [{"Worker Number": 0,"Sort Method": "quicksort","Sort Space Used": 286,"Sort Space Type": "Memory"},{"Worker Number": 1,"Sort Method": "quicksort","Sort Space Used": 283,"Sort Space Type": "Memory"}],"Plans": [{"Node Type": "Hash Join","Parent Relationship": "Outer","Parallel Aware": false,"Async Capable": false,"Join Type": "Inner","Startup Cost": 475.27,"Total Cost": 20479.67,"Plan Rows": 601,"Plan Width": 116,"Actual Startup Time": 15.141,"Actual Total Time": 797.817,"Actual Rows": 2431,"Actual Loops": 3,"Inner Unique": true,"Hash Cond": "((lineitem.l_suppkey = supplier.s_suppkey) AND (customer.c_nationkey = supplier.s_nationkey))","Workers": [],"Plans": [{"Node Type": "Nested Loop","Parent Relationship": "Outer","Parallel Aware": false,"Async Capable": false,"Join Type": "Inner","Startup Cost": 3.27,"Total Cost": 19928.78,"Plan Rows": 15027,"Plan Width": 128,"Actual Startup Time": 0.731,"Actual Total Time": 752.135,"Actual Rows": 59947,"Actual Loops": 3,"Inner Unique": false,"Workers": [],"Plans": [{"Node Type": "Nested Loop","Parent Relationship": "Outer","Parallel Aware": false,"Async Capable": false,"Join Type": "Inner","Startup Cost": 2.84,"Total Cost": 8414.26,"Plan Rows": 3756,"Plan Width": 116,"Actual Startup Time": 0.592,"Actual Total Time": 450.459,"Actual Rows": 14972,"Actual Loops": 3,"Inner Unique": false,"Workers": [],"Plans": [{"Node Type": "Hash Join","Parent Relationship": "Outer","Parallel Aware": false,"Async Capable": false,"Join Type": "Inner","Startup Cost": 2.41,"Total Cost": 4471.79,"Plan Rows": 2500,"Plan Width": 116,"Actual Startup Time": 0.291,"Actual Total Time": 55.680,"Actual Rows": 9968,"Actual Loops": 3,"Inner Unique": false,"Hash Cond": "(customer.c_nationkey = nation.n_nationkey)","Workers": [],"Plans": [{"Node Type": "Seq Scan","Parent Relationship": "Outer","Parallel Aware": true,"Async Capable": false,"Relation Name": "customer","Alias": "customer","Startup Cost": 0.00,"Total Cost": 4210.00,"Plan Rows": 62500,"Plan Width": 8,"Actual Startup Time": 0.021,"Actual Total Time": 9.583,"Actual Rows": 50000,"Actual Loops": 3,"Workers": []},{"Node Type": "Hash","Parent Relationship": "Inner","Parallel Aware": false,"Async Capable": false,"Startup Cost": 2.40,"Total Cost": 2.40,"Plan Rows": 1,"Plan Width": 108,"Actual Startup Time": 0.165,"Actual Total Time": 0.187,"Actual Rows": 5,"Actual Loops": 3,"Hash Buckets": 1024,"Original Hash Buckets": 1024,"Hash Batches": 1,"Original Hash Batches": 1,"Peak Memory Usage": 9,"Workers": [],"Plans": [{"Node Type": "Hash Join","Parent Relationship": "Outer","Parallel Aware": false,"Async Capable": false,"Join Type": "Inner","Startup Cost": 1.07,"Total Cost": 2.40,"Plan Rows": 1,"Plan Width": 108,"Actual Startup Time": 0.151,"Actual Total Time": 0.177,"Actual Rows": 5,"Actual Loops": 3,"Inner Unique": true,"Hash Cond": "(nation.n_regionkey = region.r_regionkey)","Workers": [],"Plans": [{"Node Type": "Seq Scan","Parent Relationship": "Outer","Parallel Aware": false,"Async Capable": false,"Relation Name": "nation","Alias": "nation","Startup Cost": 0.00,"Total Cost": 1.25,"Plan Rows": 25,"Plan Width": 112,"Actual Startup Time": 0.067,"Actual Total Time": 0.072,"Actual Rows": 25,"Actual Loops": 3,"Workers": []},{"Node Type": "Hash","Parent Relationship": "Inner","Parallel Aware": false,"Async Capable": false,"Startup Cost": 1.06,"Total Cost": 1.06,"Plan Rows": 1,"Plan Width": 4,"Actual Startup Time": 0.055,"Actual Total Time": 0.063,"Actual Rows": 1,"Actual Loops": 3,"Hash Buckets": 1024,"Original Hash Buckets": 1024,"Hash Batches": 1,"Original Hash Batches": 1,"Peak Memory Usage": 9,"Workers": [],"Plans": [{"Node Type": "Seq Scan","Parent Relationship": "Outer","Parallel Aware": false,"Async Capable": false,"Relation Name": "region","Alias": "region","Startup Cost": 0.00,"Total Cost": 1.06,"Plan Rows": 1,"Plan Width": 4,"Actual Startup Time": 0.042,"Actual Total Time": 0.044,"Actual Rows": 1,"Actual Loops": 3,"Filter": "(r_name = 'MIDDLE EAST'::bpchar)","Rows Removed by Filter": 4,"Workers": []}]}]}]}]},{"Node Type": "Index Scan","Parent Relationship": "Inner","Parallel Aware": false,"Async Capable": false,"Scan Direction": "Forward","Index Name": "idx_orders_custkey","Relation Name": "orders","Alias": "orders","Startup Cost": 0.43,"Total Cost": 1.55,"Plan Rows": 3,"Plan Width": 8,"Actual Startup Time": 0.017,"Actual Total Time": 0.039,"Actual Rows": 2,"Actual Loops": 29904,"Index Cond": "(o_custkey = customer.c_custkey)","Rows Removed by Index Recheck": 0,"Filter": "((o_orderdate >= '1993-01-01'::date) AND (o_orderdate < '1994-01-01 00:00:00'::timestamp without time zone))","Rows Removed by Filter": 8,"Workers": []}]},{"Node Type": "Index Scan","Parent Relationship": "Inner","Parallel Aware": false,"Async Capable": false,"Scan Direction": "Forward","Index Name": "idx_lineitem_orderkey","Relation Name": "lineitem","Alias": "lineitem","Startup Cost": 0.43,"Total Cost": 2.90,"Plan Rows": 17,"Plan Width": 20,"Actual Startup Time": 0.017,"Actual Total Time": 0.019,"Actual Rows": 4,"Actual Loops": 44917,"Index Cond": "(l_orderkey = orders.o_orderkey)","Rows Removed by Index Recheck": 0,"Workers": []}]},{"Node Type": "Hash","Parent Relationship": "Inner","Parallel Aware": false,"Async Capable": false,"Startup Cost": 322.00,"Total Cost": 322.00,"Plan Rows": 10000,"Plan Width": 8,"Actual Startup Time": 13.351,"Actual Total Time": 13.355,"Actual Rows": 10000,"Actual Loops": 3,"Hash Buckets": 16384,"Original Hash Buckets": 16384,"Hash Batches": 1,"Original Hash Batches": 1,"Peak Memory Usage": 519,"Workers": [],"Plans": [{"Node Type": "Seq Scan","Parent Relationship": "Outer","Parallel Aware": false,"Async Capable": false,"Relation Name": "supplier","Alias": "supplier","Startup Cost": 0.00,"Total Cost": 322.00,"Plan Rows": 10000,"Plan Width": 8,"Actual Startup Time": 0.056,"Actual Total Time": 11.541,"Actual Rows": 10000,"Actual Loops": 3,"Workers": []}]}]}]}]}]}]}]},"Planning Time": 9.915,"Triggers": [],"Execution Time": 840.541}]
[{"Plan": {"Node Type": "Sort","Parallel Aware": false,"Async Capable": false,"Startup Cost": 21522.30,"Total Cost": 21522.36,"Plan Rows": 25,"Plan Width": 136,"Actual Startup Time": 808.715,"Actual Total Time": 841.103,"Actual Rows": 5,"Actual Loops": 1,"Sort Key": ["(sum((lineitem.l_extendedprice * ('1'::numeric - lineitem.l_discount)))) DESC"],"Sort Method": "quicksort","Sort Space Used": 25,"Sort Space Type": "Memory","Plans": [{"Node Type": "Aggregate","Strategy": "Sorted","Partial Mode": "Finalize","Parent Relationship": "Outer","Parallel Aware": false,"Async Capable": false,"Startup Cost": 21507.43,"Total Cost": 21521.72,"Plan Rows": 25,"Plan Width": 136,"Actual Startup Time": 808.132,"Actual Total Time": 841.051,"Actual Rows": 5,"Actual Loops": 1,"Group Key": ["nation.n_name"],"Plans": [{"Node Type": "Gather Merge","Parent Relationship": "Outer","Parallel Aware": false,"Async Capable": false,"Startup Cost": 21507.43,"Total Cost": 21521.03,"Plan Rows": 50,"Plan Width": 136,"Actual Startup Time": 807.865,"Actual Total Time": 840.993,"Actual Rows": 15,"Actual Loops": 1,"Workers Planned": 2,"Workers Launched": 2,"Plans": [{"Node Type": "Aggregate","Strategy": "Sorted","Partial Mode": "Partial","Parent Relationship": "Outer","Parallel Aware": false,"Async Capable": false,"Startup Cost": 20507.41,"Total Cost": 20515.23,"Plan Rows": 25,"Plan Width": 136,"Actual Startup Time": 800.148,"Actual Total Time": 800.877,"Actual Rows": 5,"Actual Loops": 3,"Group Key": ["nation.n_name"],"Workers": [],"Plans": [{"Node Type": "Sort","Parent Relationship": "Outer","Parallel Aware": false,"Async Capable": false,"Startup Cost": 20507.41,"Total Cost": 20508.91,"Plan Rows": 601,"Plan Width": 116,"Actual Startup Time": 799.927,"Actual Total Time": 800.057,"Actual Rows": 2459,"Actual Loops": 3,"Sort Key": ["nation.n_name"],"Sort Method": "quicksort","Sort Space Used": 287,"Sort Space Type": "Memory","Workers": [{"Worker Number": 0,"Sort Method": "quicksort","Sort Space Used": 292,"Sort Space Type": "Memory"},{"Worker Number": 1,"Sort Method": "quicksort","Sort Space Used": 287,"Sort Space Type": "Memory"}],"Plans": [{"Node Type": "Hash Join","Parent Relationship": "Outer","Parallel Aware": false,"Async Capable": false,"Join Type": "Inner","Startup Cost": 475.27,"Total Cost": 20479.67,"Plan Rows": 601,"Plan Width": 116,"Actual Startup Time": 9.851,"Actual Total Time": 798.461,"Actual Rows": 2459,"Actual Loops": 3,"Inner Unique": true,"Hash Cond": "((lineitem.l_suppkey = supplier.s_suppkey) AND (customer.c_nationkey = supplier.s_nationkey))","Workers": [],"Plans": [{"Node Type": "Nested Loop","Parent Relationship": "Outer","Parallel Aware": false,"Async Capable": false,"Join Type": "Inner","Startup Cost": 3.27,"Total Cost": 19928.78,"Plan Rows": 15027,"Plan Width": 128,"Actual Startup Time": 0.691,"Actual Total Time": 757.487,"Actual Rows": 60981,"Actual Loops": 3,"Inner Unique": false,"Workers": [],"Plans": [{"Node Type": "Nested Loop","Parent Relationship": "Outer","Parallel Aware": false,"Async Capable": false,"Join Type": "Inner","Startup Cost": 2.84,"Total Cost": 8414.26,"Plan Rows": 3756,"Plan Width": 116,"Actual Startup Time": 0.574,"Actual Total Time": 453.285,"Actual Rows": 15233,"Actual Loops": 3,"Inner Unique": false,"Workers": [],"Plans": [{"Node Type": "Hash Join","Parent Relationship": "Outer","Parallel Aware": false,"Async Capable": false,"Join Type": "Inner","Startup Cost": 2.41,"Total Cost": 4471.79,"Plan Rows": 2500,"Plan Width": 116,"Actual Startup Time": 0.259,"Actual Total Time": 55.622,"Actual Rows": 10066,"Actual Loops": 3,"Inner Unique": false,"Hash Cond": "(customer.c_nationkey = nation.n_nationkey)","Workers": [],"Plans": [{"Node Type": "Seq Scan","Parent Relationship": "Outer","Parallel Aware": true,"Async Capable": false,"Relation Name": "customer","Alias": "customer","Startup Cost": 0.00,"Total Cost": 4210.00,"Plan Rows": 62500,"Plan Width": 8,"Actual Startup Time": 0.020,"Actual Total Time": 9.402,"Actual Rows": 50000,"Actual Loops": 3,"Workers": []},{"Node Type": "Hash","Parent Relationship": "Inner","Parallel Aware": false,"Async Capable": false,"Startup Cost": 2.40,"Total Cost": 2.40,"Plan Rows": 1,"Plan Width": 108,"Actual Startup Time": 0.150,"Actual Total Time": 0.167,"Actual Rows": 5,"Actual Loops": 3,"Hash Buckets": 1024,"Original Hash Buckets": 1024,"Hash Batches": 1,"Original Hash Batches": 1,"Peak Memory Usage": 9,"Workers": [],"Plans": [{"Node Type": "Hash Join","Parent Relationship": "Outer","Parallel Aware": false,"Async Capable": false,"Join Type": "Inner","Startup Cost": 1.07,"Total Cost": 2.40,"Plan Rows": 1,"Plan Width": 108,"Actual Startup Time": 0.135,"Actual Total Time": 0.156,"Actual Rows": 5,"Actual Loops": 3,"Inner Unique": true,"Hash Cond": "(nation.n_regionkey = region.r_regionkey)","Workers": [],"Plans": [{"Node Type": "Seq Scan","Parent Relationship": "Outer","Parallel Aware": false,"Async Capable": false,"Relation Name": "nation","Alias": "nation","Startup Cost": 0.00,"Total Cost": 1.25,"Plan Rows": 25,"Plan Width": 112,"Actual Startup Time": 0.049,"Actual Total Time": 0.053,"Actual Rows": 25,"Actual Loops": 3,"Workers": []},{"Node Type": "Hash","Parent Relationship": "Inner","Parallel Aware": false,"Async Capable": false,"Startup Cost": 1.06,"Total Cost": 1.06,"Plan Rows": 1,"Plan Width": 4,"Actual Startup Time": 0.056,"Actual Total Time": 0.064,"Actual Rows": 1,"Actual Loops": 3,"Hash Buckets": 1024,"Original Hash Buckets": 1024,"Hash Batches": 1,"Original Hash Batches": 1,"Peak Memory Usage": 9,"Workers": [],"Plans": [{"Node Type": "Seq Scan","Parent Relationship": "Outer","Parallel Aware": false,"Async Capable": false,"Relation Name": "region","Alias": "region","Startup Cost": 0.00,"Total Cost": 1.06,"Plan Rows": 1,"Plan Width": 4,"Actual Startup Time": 0.041,"Actual Total Time": 0.043,"Actual Rows": 1,"Actual Loops": 3,"Filter": "(r_name = 'EUROPE'::bpchar)","Rows Removed by Filter": 4,"Workers": []}]}]}]}]},{"Node Type": "Index Scan","Parent Relationship": "Inner","Parallel Aware": false,"Async Capable": false,"Scan Direction": "Forward","Index Name": "idx_orders_custkey","Relation Name": "orders","Alias": "orders","Startup Cost": 0.43,"Total Cost": 1.55,"Plan Rows": 3,"Plan Width": 8,"Actual Startup Time": 0.017,"Actual Total Time": 0.039,"Actual Rows": 2,"Actual Loops": 30197,"Index Cond": "(o_custkey = customer.c_custkey)","Rows Removed by Index Recheck": 0,"Filter": "((o_orderdate >= '1993-01-01'::date) AND (o_orderdate < '1994-01-01 00:00:00'::timestamp without time zone))","Rows Removed by Filter": 9,"Workers": []}]},{"Node Type": "Index Scan","Parent Relationship": "Inner","Parallel Aware": false,"Async Capable": false,"Scan Direction": "Forward","Index Name": "idx_lineitem_orderkey","Relation Name": "lineitem","Alias": "lineitem","Startup Cost": 0.43,"Total Cost": 2.90,"Plan Rows": 17,"Plan Width": 20,"Actual Startup Time": 0.017,"Actual Total Time": 0.019,"Actual Rows": 4,"Actual Loops": 45699,"Index Cond": "(l_orderkey = orders.o_orderkey)","Rows Removed by Index Recheck": 0,"Workers": []}]},{"Node Type": "Hash","Parent Relationship": "Inner","Parallel Aware": false,"Async Capable": false,"Startup Cost": 322.00,"Total Cost": 322.00,"Plan Rows": 10000,"Plan Width": 8,"Actual Startup Time": 8.538,"Actual Total Time": 8.541,"Actual Rows": 10000,"Actual Loops": 3,"Hash Buckets": 16384,"Original Hash Buckets": 16384,"Hash Batches": 1,"Original Hash Batches": 1,"Peak Memory Usage": 519,"Workers": [],"Plans": [{"Node Type": "Seq Scan","Parent Relationship": "Outer","Parallel Aware": false,"Async Capable": false,"Relation Name": "supplier","Alias": "supplier","Startup Cost": 0.00,"Total Cost": 322.00,"Plan Rows": 10000,"Plan Width": 8,"Actual Startup Time": 0.046,"Actual Total Time": 6.635,"Actual Rows": 10000,"Actual Loops": 3,"Workers": []}]}]}]}]}]}]}]},"Planning Time": 10.957,"Triggers": [],"Execution Time": 841.799}]
[{"Plan": {"Node Type": "Sort","Parallel Aware": false,"Async Capable": false,"Startup Cost": 21616.39,"Total Cost": 21616.45,"Plan Rows": 25,"Plan Width": 136,"Actual Startup Time": 800.578,"Actual Total Time": 832.005,"Actual Rows": 5,"Actual Loops": 1,"Sort Key": ["(sum((lineitem.l_extendedprice * ('1'::numeric - lineitem.l_discount)))) DESC"],"Sort Method": "quicksort","Sort Space Used": 25,"Sort Space Type": "Memory","Plans": [{"Node Type": "Aggregate","Strategy": "Sorted","Partial Mode": "Finalize","Parent Relationship": "Outer","Parallel Aware": false,"Async Capable": false,"Startup Cost": 21601.33,"Total Cost": 21615.81,"Plan Rows": 25,"Plan Width": 136,"Actual Startup Time": 800.055,"Actual Total Time": 831.951,"Actual Rows": 5,"Actual Loops": 1,"Group Key": ["nation.n_name"],"Plans": [{"Node Type": "Gather Merge","Parent Relationship": "Outer","Parallel Aware": false,"Async Capable": false,"Startup Cost": 21601.33,"Total Cost": 21615.12,"Plan Rows": 50,"Plan Width": 136,"Actual Startup Time": 799.526,"Actual Total Time": 831.902,"Actual Rows": 15,"Actual Loops": 1,"Workers Planned": 2,"Workers Launched": 2,"Plans": [{"Node Type": "Aggregate","Strategy": "Sorted","Partial Mode": "Partial","Parent Relationship": "Outer","Parallel Aware": false,"Async Capable": false,"Startup Cost": 20601.30,"Total Cost": 20609.33,"Plan Rows": 25,"Plan Width": 136,"Actual Startup Time": 791.250,"Actual Total Time": 792.033,"Actual Rows": 5,"Actual Loops": 3,"Group Key": ["nation.n_name"],"Workers": [],"Plans": [{"Node Type": "Sort","Parent Relationship": "Outer","Parallel Aware": false,"Async Capable": false,"Startup Cost": 20601.30,"Total Cost": 20602.85,"Plan Rows": 617,"Plan Width": 116,"Actual Startup Time": 791.028,"Actual Total Time": 791.162,"Actual Rows": 2347,"Actual Loops": 3,"Sort Key": ["nation.n_name"],"Sort Method": "quicksort","Sort Space Used": 275,"Sort Space Type": "Memory","Workers": [{"Worker Number": 0,"Sort Method": "quicksort","Sort Space Used": 280,"Sort Space Type": "Memory"},{"Worker Number": 1,"Sort Method": "quicksort","Sort Space Used": 284,"Sort Space Type": "Memory"}],"Plans": [{"Node Type": "Hash Join","Parent Relationship": "Outer","Parallel Aware": false,"Async Capable": false,"Join Type": "Inner","Startup Cost": 475.27,"Total Cost": 20572.71,"Plan Rows": 617,"Plan Width": 116,"Actual Startup Time": 14.089,"Actual Total Time": 789.451,"Actual Rows": 2347,"Actual Loops": 3,"Inner Unique": true,"Hash Cond": "((lineitem.l_suppkey = supplier.s_suppkey) AND (customer.c_nationkey = supplier.s_nationkey))","Workers": [],"Plans": [{"Node Type": "Nested Loop","Parent Relationship": "Outer","Parallel Aware": false,"Async Capable": false,"Join Type": "Inner","Startup Cost": 3.27,"Total Cost": 20019.70,"Plan Rows": 15431,"Plan Width": 128,"Actual Startup Time": 0.813,"Actual Total Time": 745.242,"Actual Rows": 60682,"Actual Loops": 3,"Inner Unique": false,"Workers": [],"Plans": [{"Node Type": "Nested Loop","Parent Relationship": "Outer","Parallel Aware": false,"Async Capable": false,"Join Type": "Inner","Startup Cost": 2.84,"Total Cost": 8414.26,"Plan Rows": 3857,"Plan Width": 116,"Actual Startup Time": 0.648,"Actual Total Time": 445.539,"Actual Rows": 15117,"Actual Loops": 3,"Inner Unique": false,"Workers": [],"Plans": [{"Node Type": "Hash Join","Parent Relationship": "Outer","Parallel Aware": false,"Async Capable": false,"Join Type": "Inner","Startup Cost": 2.41,"Total Cost": 4471.79,"Plan Rows": 2500,"Plan Width": 116,"Actual Startup Time": 0.286,"Actual Total Time": 54.286,"Actual Rows": 9921,"Actual Loops": 3,"Inner Unique": false,"Hash Cond": "(customer.c_nationkey = nation.n_nationkey)","Workers": [],"Plans": [{"Node Type": "Seq Scan","Parent Relationship": "Outer","Parallel Aware": true,"Async Capable": false,"Relation Name": "customer","Alias": "customer","Startup Cost": 0.00,"Total Cost": 4210.00,"Plan Rows": 62500,"Plan Width": 8,"Actual Startup Time": 0.020,"Actual Total Time": 9.492,"Actual Rows": 50000,"Actual Loops": 3,"Workers": []},{"Node Type": "Hash","Parent Relationship": "Inner","Parallel Aware": false,"Async Capable": false,"Startup Cost": 2.40,"Total Cost": 2.40,"Plan Rows": 1,"Plan Width": 108,"Actual Startup Time": 0.159,"Actual Total Time": 0.178,"Actual Rows": 5,"Actual Loops": 3,"Hash Buckets": 1024,"Original Hash Buckets": 1024,"Hash Batches": 1,"Original Hash Batches": 1,"Peak Memory Usage": 9,"Workers": [],"Plans": [{"Node Type": "Hash Join","Parent Relationship": "Outer","Parallel Aware": false,"Async Capable": false,"Join Type": "Inner","Startup Cost": 1.07,"Total Cost": 2.40,"Plan Rows": 1,"Plan Width": 108,"Actual Startup Time": 0.141,"Actual Total Time": 0.166,"Actual Rows": 5,"Actual Loops": 3,"Inner Unique": true,"Hash Cond": "(nation.n_regionkey = region.r_regionkey)","Workers": [],"Plans": [{"Node Type": "Seq Scan","Parent Relationship": "Outer","Parallel Aware": false,"Async Capable": false,"Relation Name": "nation","Alias": "nation","Startup Cost": 0.00,"Total Cost": 1.25,"Plan Rows": 25,"Plan Width": 112,"Actual Startup Time": 0.054,"Actual Total Time": 0.058,"Actual Rows": 25,"Actual Loops": 3,"Workers": []},{"Node Type": "Hash","Parent Relationship": "Inner","Parallel Aware": false,"Async Capable": false,"Startup Cost": 1.06,"Total Cost": 1.06,"Plan Rows": 1,"Plan Width": 4,"Actual Startup Time": 0.057,"Actual Total Time": 0.062,"Actual Rows": 1,"Actual Loops": 3,"Hash Buckets": 1024,"Original Hash Buckets": 1024,"Hash Batches": 1,"Original Hash Batches": 1,"Peak Memory Usage": 9,"Workers": [],"Plans": [{"Node Type": "Seq Scan","Parent Relationship": "Outer","Parallel Aware": false,"Async Capable": false,"Relation Name": "region","Alias": "region","Startup Cost": 0.00,"Total Cost": 1.06,"Plan Rows": 1,"Plan Width": 4,"Actual Startup Time": 0.040,"Actual Total Time": 0.042,"Actual Rows": 1,"Actual Loops": 3,"Filter": "(r_name = 'AFRICA'::bpchar)","Rows Removed by Filter": 4,"Workers": []}]}]}]}]},{"Node Type": "Index Scan","Parent Relationship": "Inner","Parallel Aware": false,"Async Capable": false,"Scan Direction": "Forward","Index Name": "idx_orders_custkey","Relation Name": "orders","Alias": "orders","Startup Cost": 0.43,"Total Cost": 1.55,"Plan Rows": 3,"Plan Width": 8,"Actual Startup Time": 0.017,"Actual Total Time": 0.039,"Actual Rows": 2,"Actual Loops": 29764,"Index Cond": "(o_custkey = customer.c_custkey)","Rows Removed by Index Recheck": 0,"Filter": "((o_orderdate >= '1996-01-01'::date) AND (o_orderdate < '1997-01-01 00:00:00'::timestamp without time zone))","Rows Removed by Filter": 9,"Workers": []}]},{"Node Type": "Index Scan","Parent Relationship": "Inner","Parallel Aware": false,"Async Capable": false,"Scan Direction": "Forward","Index Name": "idx_lineitem_orderkey","Relation Name": "lineitem","Alias": "lineitem","Startup Cost": 0.43,"Total Cost": 2.84,"Plan Rows": 17,"Plan Width": 20,"Actual Startup Time": 0.016,"Actual Total Time": 0.019,"Actual Rows": 4,"Actual Loops": 45352,"Index Cond": "(l_orderkey = orders.o_orderkey)","Rows Removed by Index Recheck": 0,"Workers": []}]},{"Node Type": "Hash","Parent Relationship": "Inner","Parallel Aware": false,"Async Capable": false,"Startup Cost": 322.00,"Total Cost": 322.00,"Plan Rows": 10000,"Plan Width": 8,"Actual Startup Time": 12.144,"Actual Total Time": 12.150,"Actual Rows": 10000,"Actual Loops": 3,"Hash Buckets": 16384,"Original Hash Buckets": 16384,"Hash Batches": 1,"Original Hash Batches": 1,"Peak Memory Usage": 519,"Workers": [],"Plans": [{"Node Type": "Seq Scan","Parent Relationship": "Outer","Parallel Aware": false,"Async Capable": false,"Relation Name": "supplier","Alias": "supplier","Startup Cost": 0.00,"Total Cost": 322.00,"Plan Rows": 10000,"Plan Width": 8,"Actual Startup Time": 0.040,"Actual Total Time": 10.535,"Actual Rows": 10000,"Actual Loops": 3,"Workers": []}]}]}]}]}]}]}]},"Planning Time": 10.511,"Triggers": [],"Execution Time": 832.422}]
[{"Plan": {"Node Type": "Sort","Parallel Aware": false,"Async Capable": false,"Startup Cost": 21522.30,"Total Cost": 21522.36,"Plan Rows": 25,"Plan Width": 136,"Actual Startup Time": 801.786,"Actual Total Time": 833.013,"Actual Rows": 5,"Actual Loops": 1,"Sort Key": ["(sum((lineitem.l_extendedprice * ('1'::numeric - lineitem.l_discount)))) DESC"],"Sort Method": "quicksort","Sort Space Used": 25,"Sort Space Type": "Memory","Plans": [{"Node Type": "Aggregate","Strategy": "Sorted","Partial Mode": "Finalize","Parent Relationship": "Outer","Parallel Aware": false,"Async Capable": false,"Startup Cost": 21507.43,"Total Cost": 21521.72,"Plan Rows": 25,"Plan Width": 136,"Actual Startup Time": 801.172,"Actual Total Time": 832.958,"Actual Rows": 5,"Actual Loops": 1,"Group Key": ["nation.n_name"],"Plans": [{"Node Type": "Gather Merge","Parent Relationship": "Outer","Parallel Aware": false,"Async Capable": false,"Startup Cost": 21507.43,"Total Cost": 21521.03,"Plan Rows": 50,"Plan Width": 136,"Actual Startup Time": 800.500,"Actual Total Time": 832.892,"Actual Rows": 15,"Actual Loops": 1,"Workers Planned": 2,"Workers Launched": 2,"Plans": [{"Node Type": "Aggregate","Strategy": "Sorted","Partial Mode": "Partial","Parent Relationship": "Outer","Parallel Aware": false,"Async Capable": false,"Startup Cost": 20507.41,"Total Cost": 20515.23,"Plan Rows": 25,"Plan Width": 136,"Actual Startup Time": 792.564,"Actual Total Time": 793.457,"Actual Rows": 5,"Actual Loops": 3,"Group Key": ["nation.n_name"],"Workers": [],"Plans": [{"Node Type": "Sort","Parent Relationship": "Outer","Parallel Aware": false,"Async Capable": false,"Startup Cost": 20507.41,"Total Cost": 20508.91,"Plan Rows": 601,"Plan Width": 116,"Actual Startup Time": 792.353,"Actual Total Time": 792.502,"Actual Rows": 2513,"Actual Loops": 3,"Sort Key": ["nation.n_name"],"Sort Method": "quicksort","Sort Space Used": 296,"Sort Space Type": "Memory","Workers": [{"Worker Number": 0,"Sort Method": "quicksort","Sort Space Used": 291,"Sort Space Type": "Memory"},{"Worker Number": 1,"Sort Method": "quicksort","Sort Space Used": 292,"Sort Space Type": "Memory"}],"Plans": [{"Node Type": "Hash Join","Parent Relationship": "Outer","Parallel Aware": false,"Async Capable": false,"Join Type": "Inner","Startup Cost": 475.27,"Total Cost": 20479.67,"Plan Rows": 601,"Plan Width": 116,"Actual Startup Time": 14.275,"Actual Total Time": 790.899,"Actual Rows": 2513,"Actual Loops": 3,"Inner Unique": true,"Hash Cond": "((lineitem.l_suppkey = supplier.s_suppkey) AND (customer.c_nationkey = supplier.s_nationkey))","Workers": [],"Plans": [{"Node Type": "Nested Loop","Parent Relationship": "Outer","Parallel Aware": false,"Async Capable": false,"Join Type": "Inner","Startup Cost": 3.27,"Total Cost": 19928.78,"Plan Rows": 15027,"Plan Width": 128,"Actual Startup Time": 0.573,"Actual Total Time": 745.935,"Actual Rows": 60812,"Actual Loops": 3,"Inner Unique": false,"Workers": [],"Plans": [{"Node Type": "Nested Loop","Parent Relationship": "Outer","Parallel Aware": false,"Async Capable": false,"Join Type": "Inner","Startup Cost": 2.84,"Total Cost": 8414.26,"Plan Rows": 3756,"Plan Width": 116,"Actual Startup Time": 0.447,"Actual Total Time": 445.574,"Actual Rows": 15099,"Actual Loops": 3,"Inner Unique": false,"Workers": [],"Plans": [{"Node Type": "Hash Join","Parent Relationship": "Outer","Parallel Aware": false,"Async Capable": false,"Join Type": "Inner","Startup Cost": 2.41,"Total Cost": 4471.79,"Plan Rows": 2500,"Plan Width": 116,"Actual Startup Time": 0.261,"Actual Total Time": 54.435,"Actual Rows": 9984,"Actual Loops": 3,"Inner Unique": false,"Hash Cond": "(customer.c_nationkey = nation.n_nationkey)","Workers": [],"Plans": [{"Node Type": "Seq Scan","Parent Relationship": "Outer","Parallel Aware": true,"Async Capable": false,"Relation Name": "customer","Alias": "customer","Startup Cost": 0.00,"Total Cost": 4210.00,"Plan Rows": 62500,"Plan Width": 8,"Actual Startup Time": 0.020,"Actual Total Time": 9.427,"Actual Rows": 50000,"Actual Loops": 3,"Workers": []},{"Node Type": "Hash","Parent Relationship": "Inner","Parallel Aware": false,"Async Capable": false,"Startup Cost": 2.40,"Total Cost": 2.40,"Plan Rows": 1,"Plan Width": 108,"Actual Startup Time": 0.147,"Actual Total Time": 0.168,"Actual Rows": 5,"Actual Loops": 3,"Hash Buckets": 1024,"Original Hash Buckets": 1024,"Hash Batches": 1,"Original Hash Batches": 1,"Peak Memory Usage": 9,"Workers": [],"Plans": [{"Node Type": "Hash Join","Parent Relationship": "Outer","Parallel Aware": false,"Async Capable": false,"Join Type": "Inner","Startup Cost": 1.07,"Total Cost": 2.40,"Plan Rows": 1,"Plan Width": 108,"Actual Startup Time": 0.132,"Actual Total Time": 0.158,"Actual Rows": 5,"Actual Loops": 3,"Inner Unique": true,"Hash Cond": "(nation.n_regionkey = region.r_regionkey)","Workers": [],"Plans": [{"Node Type": "Seq Scan","Parent Relationship": "Outer","Parallel Aware": false,"Async Capable": false,"Relation Name": "nation","Alias": "nation","Startup Cost": 0.00,"Total Cost": 1.25,"Plan Rows": 25,"Plan Width": 112,"Actual Startup Time": 0.053,"Actual Total Time": 0.057,"Actual Rows": 25,"Actual Loops": 3,"Workers": []},{"Node Type": "Hash","Parent Relationship": "Inner","Parallel Aware": false,"Async Capable": false,"Startup Cost": 1.06,"Total Cost": 1.06,"Plan Rows": 1,"Plan Width": 4,"Actual Startup Time": 0.054,"Actual Total Time": 0.061,"Actual Rows": 1,"Actual Loops": 3,"Hash Buckets": 1024,"Original Hash Buckets": 1024,"Hash Batches": 1,"Original Hash Batches": 1,"Peak Memory Usage": 9,"Workers": [],"Plans": [{"Node Type": "Seq Scan","Parent Relationship": "Outer","Parallel Aware": false,"Async Capable": false,"Relation Name": "region","Alias": "region","Startup Cost": 0.00,"Total Cost": 1.06,"Plan Rows": 1,"Plan Width": 4,"Actual Startup Time": 0.037,"Actual Total Time": 0.039,"Actual Rows": 1,"Actual Loops": 3,"Filter": "(r_name = 'AMERICA'::bpchar)","Rows Removed by Filter": 4,"Workers": []}]}]}]}]},{"Node Type": "Index Scan","Parent Relationship": "Inner","Parallel Aware": false,"Async Capable": false,"Scan Direction": "Forward","Index Name": "idx_orders_custkey","Relation Name": "orders","Alias": "orders","Startup Cost": 0.43,"Total Cost": 1.55,"Plan Rows": 3,"Plan Width": 8,"Actual Startup Time": 0.016,"Actual Total Time": 0.039,"Actual Rows": 2,"Actual Loops": 29952,"Index Cond": "(o_custkey = customer.c_custkey)","Rows Removed by Index Recheck": 0,"Filter": "((o_orderdate >= '1993-01-01'::date) AND (o_orderdate < '1994-01-01 00:00:00'::timestamp without time zone))","Rows Removed by Filter": 8,"Workers": []}]},{"Node Type": "Index Scan","Parent Relationship": "Inner","Parallel Aware": false,"Async Capable": false,"Scan Direction": "Forward","Index Name": "idx_lineitem_orderkey","Relation Name": "lineitem","Alias": "lineitem","Startup Cost": 0.43,"Total Cost": 2.90,"Plan Rows": 17,"Plan Width": 20,"Actual Startup Time": 0.017,"Actual Total Time": 0.019,"Actual Rows": 4,"Actual Loops": 45297,"Index Cond": "(l_orderkey = orders.o_orderkey)","Rows Removed by Index Recheck": 0,"Workers": []}]},{"Node Type": "Hash","Parent Relationship": "Inner","Parallel Aware": false,"Async Capable": false,"Startup Cost": 322.00,"Total Cost": 322.00,"Plan Rows": 10000,"Plan Width": 8,"Actual Startup Time": 12.653,"Actual Total Time": 12.656,"Actual Rows": 10000,"Actual Loops": 3,"Hash Buckets": 16384,"Original Hash Buckets": 16384,"Hash Batches": 1,"Original Hash Batches": 1,"Peak Memory Usage": 519,"Workers": [],"Plans": [{"Node Type": "Seq Scan","Parent Relationship": "Outer","Parallel Aware": false,"Async Capable": false,"Relation Name": "supplier","Alias": "supplier","Startup Cost": 0.00,"Total Cost": 322.00,"Plan Rows": 10000,"Plan Width": 8,"Actual Startup Time": 0.038,"Actual Total Time": 10.961,"Actual Rows": 10000,"Actual Loops": 3,"Workers": []}]}]}]}]}]}]}]},"Planning Time": 9.512,"Triggers": [],"Execution Time": 833.531}]
[{"Plan": {"Node Type": "Sort","Parallel Aware": false,"Async Capable": false,"Startup Cost": 21612.43,"Total Cost": 21612.50,"Plan Rows": 25,"Plan Width": 136,"Actual Startup Time": 869.393,"Actual Total Time": 902.560,"Actual Rows": 5,"Actual Loops": 1,"Sort Key": ["(sum((lineitem.l_extendedprice * ('1'::numeric - lineitem.l_discount)))) DESC"],"Sort Method": "quicksort","Sort Space Used": 25,"Sort Space Type": "Memory","Plans": [{"Node Type": "Aggregate","Strategy": "Sorted","Partial Mode": "Finalize","Parent Relationship": "Outer","Parallel Aware": false,"Async Capable": false,"Startup Cost": 21597.38,"Total Cost": 21611.85,"Plan Rows": 25,"Plan Width": 136,"Actual Startup Time": 868.803,"Actual Total Time": 902.507,"Actual Rows": 5,"Actual Loops": 1,"Group Key": ["nation.n_name"],"Plans": [{"Node Type": "Gather Merge","Parent Relationship": "Outer","Parallel Aware": false,"Async Capable": false,"Startup Cost": 21597.38,"Total Cost": 21611.17,"Plan Rows": 50,"Plan Width": 136,"Actual Startup Time": 868.587,"Actual Total Time": 902.449,"Actual Rows": 15,"Actual Loops": 1,"Workers Planned": 2,"Workers Launched": 2,"Plans": [{"Node Type": "Aggregate","Strategy": "Sorted","Partial Mode": "Partial","Parent Relationship": "Outer","Parallel Aware": false,"Async Capable": false,"Startup Cost": 20597.36,"Total Cost": 20605.37,"Plan Rows": 25,"Plan Width": 136,"Actual Startup Time": 861.245,"Actual Total Time": 861.945,"Actual Rows": 5,"Actual Loops": 3,"Group Key": ["nation.n_name"],"Workers": [],"Plans": [{"Node Type": "Sort","Parent Relationship": "Outer","Parallel Aware": false,"Async Capable": false,"Startup Cost": 20597.36,"Total Cost": 20598.90,"Plan Rows": 616,"Plan Width": 116,"Actual Startup Time": 861.036,"Actual Total Time": 861.162,"Actual Rows": 2414,"Actual Loops": 3,"Sort Key": ["nation.n_name"],"Sort Method": "quicksort","Sort Space Used": 290,"Sort Space Type": "Memory","Workers": [{"Worker Number": 0,"Sort Method": "quicksort","Sort Space Used": 286,"Sort Space Type": "Memory"},{"Worker Number": 1,"Sort Method": "quicksort","Sort Space Used": 280,"Sort Space Type": "Memory"}],"Plans": [{"Node Type": "Hash Join","Parent Relationship": "Outer","Parallel Aware": false,"Async Capable": false,"Join Type": "Inner","Startup Cost": 475.27,"Total Cost": 20568.82,"Plan Rows": 616,"Plan Width": 116,"Actual Startup Time": 8.997,"Actual Total Time": 859.532,"Actual Rows": 2414,"Actual Loops": 3,"Inner Unique": true,"Hash Cond": "((lineitem.l_suppkey = supplier.s_suppkey) AND (customer.c_nationkey = supplier.s_nationkey))","Workers": [],"Plans": [{"Node Type": "Nested Loop","Parent Relationship": "Outer","Parallel Aware": false,"Async Capable": false,"Join Type": "Inner","Startup Cost": 3.27,"Total Cost": 20015.89,"Plan Rows": 15415,"Plan Width": 128,"Actual Startup Time": 0.541,"Actual Total Time": 809.441,"Actual Rows": 61361,"Actual Loops": 3,"Inner Unique": false,"Workers": [],"Plans": [{"Node Type": "Nested Loop","Parent Relationship": "Outer","Parallel Aware": false,"Async Capable": false,"Join Type": "Inner","Startup Cost": 2.84,"Total Cost": 8414.26,"Plan Rows": 3853,"Plan Width": 116,"Actual Startup Time": 0.418,"Actual Total Time": 486.368,"Actual Rows": 15336,"Actual Loops": 3,"Inner Unique": false,"Workers": [],"Plans": [{"Node Type": "Hash Join","Parent Relationship": "Outer","Parallel Aware": false,"Async Capable": false,"Join Type": "Inner","Startup Cost": 2.41,"Total Cost": 4471.79,"Plan Rows": 2500,"Plan Width": 116,"Actual Startup Time": 0.218,"Actual Total Time": 58.257,"Actual Rows": 10061,"Actual Loops": 3,"Inner Unique": false,"Hash Cond": "(customer.c_nationkey = nation.n_nationkey)","Workers": [],"Plans": [{"Node Type": "Seq Scan","Parent Relationship": "Outer","Parallel Aware": true,"Async Capable": false,"Relation Name": "customer","Alias": "customer","Startup Cost": 0.00,"Total Cost": 4210.00,"Plan Rows": 62500,"Plan Width": 8,"Actual Startup Time": 0.013,"Actual Total Time": 9.753,"Actual Rows": 50000,"Actual Loops": 3,"Workers": []},{"Node Type": "Hash","Parent Relationship": "Inner","Parallel Aware": false,"Async Capable": false,"Startup Cost": 2.40,"Total Cost": 2.40,"Plan Rows": 1,"Plan Width": 108,"Actual Startup Time": 0.117,"Actual Total Time": 0.137,"Actual Rows": 5,"Actual Loops": 3,"Hash Buckets": 1024,"Original Hash Buckets": 1024,"Hash Batches": 1,"Original Hash Batches": 1,"Peak Memory Usage": 9,"Workers": [],"Plans": [{"Node Type": "Hash Join","Parent Relationship": "Outer","Parallel Aware": false,"Async Capable": false,"Join Type": "Inner","Startup Cost": 1.07,"Total Cost": 2.40,"Plan Rows": 1,"Plan Width": 108,"Actual Startup Time": 0.106,"Actual Total Time": 0.128,"Actual Rows": 5,"Actual Loops": 3,"Inner Unique": true,"Hash Cond": "(nation.n_regionkey = region.r_regionkey)","Workers": [],"Plans": [{"Node Type": "Seq Scan","Parent Relationship": "Outer","Parallel Aware": false,"Async Capable": false,"Relation Name": "nation","Alias": "nation","Startup Cost": 0.00,"Total Cost": 1.25,"Plan Rows": 25,"Plan Width": 112,"Actual Startup Time": 0.035,"Actual Total Time": 0.039,"Actual Rows": 25,"Actual Loops": 3,"Workers": []},{"Node Type": "Hash","Parent Relationship": "Inner","Parallel Aware": false,"Async Capable": false,"Startup Cost": 1.06,"Total Cost": 1.06,"Plan Rows": 1,"Plan Width": 4,"Actual Startup Time": 0.043,"Actual Total Time": 0.050,"Actual Rows": 1,"Actual Loops": 3,"Hash Buckets": 1024,"Original Hash Buckets": 1024,"Hash Batches": 1,"Original Hash Batches": 1,"Peak Memory Usage": 9,"Workers": [],"Plans": [{"Node Type": "Seq Scan","Parent Relationship": "Outer","Parallel Aware": false,"Async Capable": false,"Relation Name": "region","Alias": "region","Startup Cost": 0.00,"Total Cost": 1.06,"Plan Rows": 1,"Plan Width": 4,"Actual Startup Time": 0.031,"Actual Total Time": 0.033,"Actual Rows": 1,"Actual Loops": 3,"Filter": "(r_name = 'ASIA'::bpchar)","Rows Removed by Filter": 4,"Workers": []}]}]}]}]},{"Node Type": "Index Scan","Parent Relationship": "Inner","Parallel Aware": false,"Async Capable": false,"Scan Direction": "Forward","Index Name": "idx_orders_custkey","Relation Name": "orders","Alias": "orders","Startup Cost": 0.43,"Total Cost": 1.55,"Plan Rows": 3,"Plan Width": 8,"Actual Startup Time": 0.018,"Actual Total Time": 0.042,"Actual Rows": 2,"Actual Loops": 30183,"Index Cond": "(o_custkey = customer.c_custkey)","Rows Removed by Index Recheck": 0,"Filter": "((o_orderdate >= '1994-01-01'::date) AND (o_orderdate < '1995-01-01 00:00:00'::timestamp without time zone))","Rows Removed by Filter": 8,"Workers": []}]},{"Node Type": "Index Scan","Parent Relationship": "Inner","Parallel Aware": false,"Async Capable": false,"Scan Direction": "Forward","Index Name": "idx_lineitem_orderkey","Relation Name": "lineitem","Alias": "lineitem","Startup Cost": 0.43,"Total Cost": 2.84,"Plan Rows": 17,"Plan Width": 20,"Actual Startup Time": 0.017,"Actual Total Time": 0.020,"Actual Rows": 4,"Actual Loops": 46008,"Index Cond": "(l_orderkey = orders.o_orderkey)","Rows Removed by Index Recheck": 0,"Workers": []}]},{"Node Type": "Hash","Parent Relationship": "Inner","Parallel Aware": false,"Async Capable": false,"Startup Cost": 322.00,"Total Cost": 322.00,"Plan Rows": 10000,"Plan Width": 8,"Actual Startup Time": 7.849,"Actual Total Time": 7.853,"Actual Rows": 10000,"Actual Loops": 3,"Hash Buckets": 16384,"Original Hash Buckets": 16384,"Hash Batches": 1,"Original Hash Batches": 1,"Peak Memory Usage": 519,"Workers": [],"Plans": [{"Node Type": "Seq Scan","Parent Relationship": "Outer","Parallel Aware": false,"Async Capable": false,"Relation Name": "supplier","Alias": "supplier","Startup Cost": 0.00,"Total Cost": 322.00,"Plan Rows": 10000,"Plan Width": 8,"Actual Startup Time": 0.047,"Actual Total Time": 6.106,"Actual Rows": 10000,"Actual Loops": 3,"Workers": []}]}]}]}]}]}]}]},"Planning Time": 10.218,"Triggers": [],"Execution Time": 903.179}]
[{"Plan": {"Node Type": "Sort","Parallel Aware": false,"Async Capable": false,"Startup Cost": 21565.81,"Total Cost": 21565.87,"Plan Rows": 25,"Plan Width": 136,"Actual Startup Time": 826.666,"Actual Total Time": 858.678,"Actual Rows": 5,"Actual Loops": 1,"Sort Key": ["(sum((lineitem.l_extendedprice * ('1'::numeric - lineitem.l_discount)))) DESC"],"Sort Method": "quicksort","Sort Space Used": 25,"Sort Space Type": "Memory","Plans": [{"Node Type": "Aggregate","Strategy": "Sorted","Partial Mode": "Finalize","Parent Relationship": "Outer","Parallel Aware": false,"Async Capable": false,"Startup Cost": 21550.86,"Total Cost": 21565.23,"Plan Rows": 25,"Plan Width": 136,"Actual Startup Time": 825.974,"Actual Total Time": 858.621,"Actual Rows": 5,"Actual Loops": 1,"Group Key": ["nation.n_name"],"Plans": [{"Node Type": "Gather Merge","Parent Relationship": "Outer","Parallel Aware": false,"Async Capable": false,"Startup Cost": 21550.86,"Total Cost": 21564.54,"Plan Rows": 50,"Plan Width": 136,"Actual Startup Time": 825.726,"Actual Total Time": 858.579,"Actual Rows": 15,"Actual Loops": 1,"Workers Planned": 2,"Workers Launched": 2,"Plans": [{"Node Type": "Aggregate","Strategy": "Sorted","Partial Mode": "Partial","Parent Relationship": "Outer","Parallel Aware": false,"Async Capable": false,"Startup Cost": 20550.84,"Total Cost": 20558.75,"Plan Rows": 25,"Plan Width": 136,"Actual Startup Time": 818.223,"Actual Total Time": 818.980,"Actual Rows": 5,"Actual Loops": 3,"Group Key": ["nation.n_name"],"Workers": [],"Plans": [{"Node Type": "Sort","Parent Relationship": "Outer","Parallel Aware": false,"Async Capable": false,"Startup Cost": 20550.84,"Total Cost": 20552.36,"Plan Rows": 608,"Plan Width": 116,"Actual Startup Time": 818.011,"Actual Total Time": 818.145,"Actual Rows": 2489,"Actual Loops": 3,"Sort Key": ["nation.n_name"],"Sort Method": "quicksort","Sort Space Used": 294,"Sort Space Type": "Memory","Workers": [{"Worker Number": 0,"Sort Method": "quicksort","Sort Space Used": 286,"Sort Space Type": "Memory"},{"Worker Number": 1,"Sort Method": "quicksort","Sort Space Used": 292,"Sort Space Type": "Memory"}],"Plans": [{"Node Type": "Hash Join","Parent Relationship": "Outer","Parallel Aware": false,"Async Capable": false,"Join Type": "Inner","Startup Cost": 475.27,"Total Cost": 20522.72,"Plan Rows": 608,"Plan Width": 116,"Actual Startup Time": 11.840,"Actual Total Time": 816.555,"Actual Rows": 2489,"Actual Loops": 3,"Inner Unique": true,"Hash Cond": "((lineitem.l_suppkey = supplier.s_suppkey) AND (customer.c_nationkey = supplier.s_nationkey))","Workers": [],"Plans": [{"Node Type": "Nested Loop","Parent Relationship": "Outer","Parallel Aware": false,"Async Capable": false,"Join Type": "Inner","Startup Cost": 3.27,"Total Cost": 19970.84,"Plan Rows": 15215,"Plan Width": 128,"Actual Startup Time": 0.591,"Actual Total Time": 771.834,"Actual Rows": 60959,"Actual Loops": 3,"Inner Unique": false,"Workers": [],"Plans": [{"Node Type": "Nested Loop","Parent Relationship": "Outer","Parallel Aware": false,"Async Capable": false,"Join Type": "Inner","Startup Cost": 2.84,"Total Cost": 8414.26,"Plan Rows": 3803,"Plan Width": 116,"Actual Startup Time": 0.474,"Actual Total Time": 463.395,"Actual Rows": 15225,"Actual Loops": 3,"Inner Unique": false,"Workers": [],"Plans": [{"Node Type": "Hash Join","Parent Relationship": "Outer","Parallel Aware": false,"Async Capable": false,"Join Type": "Inner","Startup Cost": 2.41,"Total Cost": 4471.79,"Plan Rows": 2500,"Plan Width": 116,"Actual Startup Time": 0.230,"Actual Total Time": 58.477,"Actual Rows": 9984,"Actual Loops": 3,"Inner Unique": false,"Hash Cond": "(customer.c_nationkey = nation.n_nationkey)","Workers": [],"Plans": [{"Node Type": "Seq Scan","Parent Relationship": "Outer","Parallel Aware": true,"Async Capable": false,"Relation Name": "customer","Alias": "customer","Startup Cost": 0.00,"Total Cost": 4210.00,"Plan Rows": 62500,"Plan Width": 8,"Actual Startup Time": 0.016,"Actual Total Time": 10.057,"Actual Rows": 50000,"Actual Loops": 3,"Workers": []},{"Node Type": "Hash","Parent Relationship": "Inner","Parallel Aware": false,"Async Capable": false,"Startup Cost": 2.40,"Total Cost": 2.40,"Plan Rows": 1,"Plan Width": 108,"Actual Startup Time": 0.130,"Actual Total Time": 0.146,"Actual Rows": 5,"Actual Loops": 3,"Hash Buckets": 1024,"Original Hash Buckets": 1024,"Hash Batches": 1,"Original Hash Batches": 1,"Peak Memory Usage": 9,"Workers": [],"Plans": [{"Node Type": "Hash Join","Parent Relationship": "Outer","Parallel Aware": false,"Async Capable": false,"Join Type": "Inner","Startup Cost": 1.07,"Total Cost": 2.40,"Plan Rows": 1,"Plan Width": 108,"Actual Startup Time": 0.116,"Actual Total Time": 0.137,"Actual Rows": 5,"Actual Loops": 3,"Inner Unique": true,"Hash Cond": "(nation.n_regionkey = region.r_regionkey)","Workers": [],"Plans": [{"Node Type": "Seq Scan","Parent Relationship": "Outer","Parallel Aware": false,"Async Capable": false,"Relation Name": "nation","Alias": "nation","Startup Cost": 0.00,"Total Cost": 1.25,"Plan Rows": 25,"Plan Width": 112,"Actual Startup Time": 0.042,"Actual Total Time": 0.045,"Actual Rows": 25,"Actual Loops": 3,"Workers": []},{"Node Type": "Hash","Parent Relationship": "Inner","Parallel Aware": false,"Async Capable": false,"Startup Cost": 1.06,"Total Cost": 1.06,"Plan Rows": 1,"Plan Width": 4,"Actual Startup Time": 0.050,"Actual Total Time": 0.056,"Actual Rows": 1,"Actual Loops": 3,"Hash Buckets": 1024,"Original Hash Buckets": 1024,"Hash Batches": 1,"Original Hash Batches": 1,"Peak Memory Usage": 9,"Workers": [],"Plans": [{"Node Type": "Seq Scan","Parent Relationship": "Outer","Parallel Aware": false,"Async Capable": false,"Relation Name": "region","Alias": "region","Startup Cost": 0.00,"Total Cost": 1.06,"Plan Rows": 1,"Plan Width": 4,"Actual Startup Time": 0.038,"Actual Total Time": 0.040,"Actual Rows": 1,"Actual Loops": 3,"Filter": "(r_name = 'AMERICA'::bpchar)","Rows Removed by Filter": 4,"Workers": []}]}]}]}]},{"Node Type": "Index Scan","Parent Relationship": "Inner","Parallel Aware": false,"Async Capable": false,"Scan Direction": "Forward","Index Name": "idx_orders_custkey","Relation Name": "orders","Alias": "orders","Startup Cost": 0.43,"Total Cost": 1.55,"Plan Rows": 3,"Plan Width": 8,"Actual Startup Time": 0.017,"Actual Total Time": 0.040,"Actual Rows": 2,"Actual Loops": 29952,"Index Cond": "(o_custkey = customer.c_custkey)","Rows Removed by Index Recheck": 0,"Filter": "((o_orderdate >= '1997-01-01'::date) AND (o_orderdate < '1998-01-01 00:00:00'::timestamp without time zone))","Rows Removed by Filter": 8,"Workers": []}]},{"Node Type": "Index Scan","Parent Relationship": "Inner","Parallel Aware": false,"Async Capable": false,"Scan Direction": "Forward","Index Name": "idx_lineitem_orderkey","Relation Name": "lineitem","Alias": "lineitem","Startup Cost": 0.43,"Total Cost": 2.87,"Plan Rows": 17,"Plan Width": 20,"Actual Startup Time": 0.017,"Actual Total Time": 0.020,"Actual Rows": 4,"Actual Loops": 45676,"Index Cond": "(l_orderkey = orders.o_orderkey)","Rows Removed by Index Recheck": 0,"Workers": []}]},{"Node Type": "Hash","Parent Relationship": "Inner","Parallel Aware": false,"Async Capable": false,"Startup Cost": 322.00,"Total Cost": 322.00,"Plan Rows": 10000,"Plan Width": 8,"Actual Startup Time": 10.524,"Actual Total Time": 10.525,"Actual Rows": 10000,"Actual Loops": 3,"Hash Buckets": 16384,"Original Hash Buckets": 16384,"Hash Batches": 1,"Original Hash Batches": 1,"Peak Memory Usage": 519,"Workers": [],"Plans": [{"Node Type": "Seq Scan","Parent Relationship": "Outer","Parallel Aware": false,"Async Capable": false,"Relation Name": "supplier","Alias": "supplier","Startup Cost": 0.00,"Total Cost": 322.00,"Plan Rows": 10000,"Plan Width": 8,"Actual Startup Time": 0.042,"Actual Total Time": 8.814,"Actual Rows": 10000,"Actual Loops": 3,"Workers": []}]}]}]}]}]}]}]},"Planning Time": 10.085,"Triggers": [],"Execution Time": 859.237}]
[{"Plan": {"Node Type": "Sort","Parallel Aware": false,"Async Capable": false,"Startup Cost": 21616.39,"Total Cost": 21616.45,"Plan Rows": 25,"Plan Width": 136,"Actual Startup Time": 802.725,"Actual Total Time": 834.940,"Actual Rows": 5,"Actual Loops": 1,"Sort Key": ["(sum((lineitem.l_extendedprice * ('1'::numeric - lineitem.l_discount)))) DESC"],"Sort Method": "quicksort","Sort Space Used": 25,"Sort Space Type": "Memory","Plans": [{"Node Type": "Aggregate","Strategy": "Sorted","Partial Mode": "Finalize","Parent Relationship": "Outer","Parallel Aware": false,"Async Capable": false,"Startup Cost": 21601.33,"Total Cost": 21615.81,"Plan Rows": 25,"Plan Width": 136,"Actual Startup Time": 802.089,"Actual Total Time": 834.889,"Actual Rows": 5,"Actual Loops": 1,"Group Key": ["nation.n_name"],"Plans": [{"Node Type": "Gather Merge","Parent Relationship": "Outer","Parallel Aware": false,"Async Capable": false,"Startup Cost": 21601.33,"Total Cost": 21615.12,"Plan Rows": 50,"Plan Width": 136,"Actual Startup Time": 801.869,"Actual Total Time": 834.838,"Actual Rows": 15,"Actual Loops": 1,"Workers Planned": 2,"Workers Launched": 2,"Plans": [{"Node Type": "Aggregate","Strategy": "Sorted","Partial Mode": "Partial","Parent Relationship": "Outer","Parallel Aware": false,"Async Capable": false,"Startup Cost": 20601.30,"Total Cost": 20609.33,"Plan Rows": 25,"Plan Width": 136,"Actual Startup Time": 794.218,"Actual Total Time": 794.940,"Actual Rows": 5,"Actual Loops": 3,"Group Key": ["nation.n_name"],"Workers": [],"Plans": [{"Node Type": "Sort","Parent Relationship": "Outer","Parallel Aware": false,"Async Capable": false,"Startup Cost": 20601.30,"Total Cost": 20602.85,"Plan Rows": 617,"Plan Width": 116,"Actual Startup Time": 793.996,"Actual Total Time": 794.120,"Actual Rows": 2469,"Actual Loops": 3,"Sort Key": ["nation.n_name"],"Sort Method": "quicksort","Sort Space Used": 296,"Sort Space Type": "Memory","Workers": [{"Worker Number": 0,"Sort Method": "quicksort","Sort Space Used": 284,"Sort Space Type": "Memory"},{"Worker Number": 1,"Sort Method": "quicksort","Sort Space Used": 288,"Sort Space Type": "Memory"}],"Plans": [{"Node Type": "Hash Join","Parent Relationship": "Outer","Parallel Aware": false,"Async Capable": false,"Join Type": "Inner","Startup Cost": 475.27,"Total Cost": 20572.71,"Plan Rows": 617,"Plan Width": 116,"Actual Startup Time": 14.848,"Actual Total Time": 792.432,"Actual Rows": 2469,"Actual Loops": 3,"Inner Unique": true,"Hash Cond": "((lineitem.l_suppkey = supplier.s_suppkey) AND (customer.c_nationkey = supplier.s_nationkey))","Workers": [],"Plans": [{"Node Type": "Nested Loop","Parent Relationship": "Outer","Parallel Aware": false,"Async Capable": false,"Join Type": "Inner","Startup Cost": 3.27,"Total Cost": 20019.70,"Plan Rows": 15431,"Plan Width": 128,"Actual Startup Time": 0.724,"Actual Total Time": 746.203,"Actual Rows": 60646,"Actual Loops": 3,"Inner Unique": false,"Workers": [],"Plans": [{"Node Type": "Nested Loop","Parent Relationship": "Outer","Parallel Aware": false,"Async Capable": false,"Join Type": "Inner","Startup Cost": 2.84,"Total Cost": 8414.26,"Plan Rows": 3857,"Plan Width": 116,"Actual Startup Time": 0.603,"Actual Total Time": 446.704,"Actual Rows": 15077,"Actual Loops": 3,"Inner Unique": false,"Workers": [],"Plans": [{"Node Type": "Hash Join","Parent Relationship": "Outer","Parallel Aware": false,"Async Capable": false,"Join Type": "Inner","Startup Cost": 2.41,"Total Cost": 4471.79,"Plan Rows": 2500,"Plan Width": 116,"Actual Startup Time": 0.232,"Actual Total Time": 54.148,"Actual Rows": 9968,"Actual Loops": 3,"Inner Unique": false,"Hash Cond": "(customer.c_nationkey = nation.n_nationkey)","Workers": [],"Plans": [{"Node Type": "Seq Scan","Parent Relationship": "Outer","Parallel Aware": true,"Async Capable": false,"Relation Name": "customer","Alias": "customer","Startup Cost": 0.00,"Total Cost": 4210.00,"Plan Rows": 62500,"Plan Width": 8,"Actual Startup Time": 0.016,"Actual Total Time": 9.432,"Actual Rows": 50000,"Actual Loops": 3,"Workers": []},{"Node Type": "Hash","Parent Relationship": "Inner","Parallel Aware": false,"Async Capable": false,"Startup Cost": 2.40,"Total Cost": 2.40,"Plan Rows": 1,"Plan Width": 108,"Actual Startup Time": 0.135,"Actual Total Time": 0.148,"Actual Rows": 5,"Actual Loops": 3,"Hash Buckets": 1024,"Original Hash Buckets": 1024,"Hash Batches": 1,"Original Hash Batches": 1,"Peak Memory Usage": 9,"Workers": [],"Plans": [{"Node Type": "Hash Join","Parent Relationship": "Outer","Parallel Aware": false,"Async Capable": false,"Join Type": "Inner","Startup Cost": 1.07,"Total Cost": 2.40,"Plan Rows": 1,"Plan Width": 108,"Actual Startup Time": 0.120,"Actual Total Time": 0.140,"Actual Rows": 5,"Actual Loops": 3,"Inner Unique": true,"Hash Cond": "(nation.n_regionkey = region.r_regionkey)","Workers": [],"Plans": [{"Node Type": "Seq Scan","Parent Relationship": "Outer","Parallel Aware": false,"Async Capable": false,"Relation Name": "nation","Alias": "nation","Startup Cost": 0.00,"Total Cost": 1.25,"Plan Rows": 25,"Plan Width": 112,"Actual Startup Time": 0.048,"Actual Total Time": 0.052,"Actual Rows": 25,"Actual Loops": 3,"Workers": []},{"Node Type": "Hash","Parent Relationship": "Inner","Parallel Aware": false,"Async Capable": false,"Startup Cost": 1.06,"Total Cost": 1.06,"Plan Rows": 1,"Plan Width": 4,"Actual Startup Time": 0.046,"Actual Total Time": 0.050,"Actual Rows": 1,"Actual Loops": 3,"Hash Buckets": 1024,"Original Hash Buckets": 1024,"Hash Batches": 1,"Original Hash Batches": 1,"Peak Memory Usage": 9,"Workers": [],"Plans": [{"Node Type": "Seq Scan","Parent Relationship": "Outer","Parallel Aware": false,"Async Capable": false,"Relation Name": "region","Alias": "region","Startup Cost": 0.00,"Total Cost": 1.06,"Plan Rows": 1,"Plan Width": 4,"Actual Startup Time": 0.033,"Actual Total Time": 0.035,"Actual Rows": 1,"Actual Loops": 3,"Filter": "(r_name = 'MIDDLE EAST'::bpchar)","Rows Removed by Filter": 4,"Workers": []}]}]}]}]},{"Node Type": "Index Scan","Parent Relationship": "Inner","Parallel Aware": false,"Async Capable": false,"Scan Direction": "Forward","Index Name": "idx_orders_custkey","Relation Name": "orders","Alias": "orders","Startup Cost": 0.43,"Total Cost": 1.55,"Plan Rows": 3,"Plan Width": 8,"Actual Startup Time": 0.017,"Actual Total Time": 0.039,"Actual Rows": 2,"Actual Loops": 29904,"Index Cond": "(o_custkey = customer.c_custkey)","Rows Removed by Index Recheck": 0,"Filter": "((o_orderdate >= '1996-01-01'::date) AND (o_orderdate < '1997-01-01 00:00:00'::timestamp without time zone))","Rows Removed by Filter": 8,"Workers": []}]},{"Node Type": "Index Scan","Parent Relationship": "Inner","Parallel Aware": false,"Async Capable": false,"Scan Direction": "Forward","Index Name": "idx_lineitem_orderkey","Relation Name": "lineitem","Alias": "lineitem","Startup Cost": 0.43,"Total Cost": 2.84,"Plan Rows": 17,"Plan Width": 20,"Actual Startup Time": 0.016,"Actual Total Time": 0.019,"Actual Rows": 4,"Actual Loops": 45231,"Index Cond": "(l_orderkey = orders.o_orderkey)","Rows Removed by Index Recheck": 0,"Workers": []}]},{"Node Type": "Hash","Parent Relationship": "Inner","Parallel Aware": false,"Async Capable": false,"Startup Cost": 322.00,"Total Cost": 322.00,"Plan Rows": 10000,"Plan Width": 8,"Actual Startup Time": 13.111,"Actual Total Time": 13.116,"Actual Rows": 10000,"Actual Loops": 3,"Hash Buckets": 16384,"Original Hash Buckets": 16384,"Hash Batches": 1,"Original Hash Batches": 1,"Peak Memory Usage": 519,"Workers": [],"Plans": [{"Node Type": "Seq Scan","Parent Relationship": "Outer","Parallel Aware": false,"Async Capable": false,"Relation Name": "supplier","Alias": "supplier","Startup Cost": 0.00,"Total Cost": 322.00,"Plan Rows": 10000,"Plan Width": 8,"Actual Startup Time": 0.041,"Actual Total Time": 11.446,"Actual Rows": 10000,"Actual Loops": 3,"Workers": []}]}]}]}]}]}]}]},"Planning Time": 10.334,"Triggers": [],"Execution Time": 835.373}]
[{"Plan": {"Node Type": "Sort","Parallel Aware": false,"Async Capable": false,"Startup Cost": 21522.30,"Total Cost": 21522.36,"Plan Rows": 25,"Plan Width": 136,"Actual Startup Time": 801.786,"Actual Total Time": 833.013,"Actual Rows": 5,"Actual Loops": 1,"Sort Key": ["(sum((lineitem.l_extendedprice * ('1'::numeric - lineitem.l_discount)))) DESC"],"Sort Method": "quicksort","Sort Space Used": 25,"Sort Space Type": "Memory","Plans": [{"Node Type": "Aggregate","Strategy": "Sorted","Partial Mode": "Finalize","Parent Relationship": "Outer","Parallel Aware": false,"Async Capable": false,"Startup Cost": 21507.43,"Total Cost": 21521.72,"Plan Rows": 25,"Plan Width": 136,"Actual Startup Time": 801.172,"Actual Total Time": 832.958,"Actual Rows": 5,"Actual Loops": 1,"Group Key": ["nation.n_name"],"Plans": [{"Node Type": "Gather Merge","Parent Relationship": "Outer","Parallel Aware": false,"Async Capable": false,"Startup Cost": 21507.43,"Total Cost": 21521.03,"Plan Rows": 50,"Plan Width": 136,"Actual Startup Time": 800.500,"Actual Total Time": 832.892,"Actual Rows": 15,"Actual Loops": 1,"Workers Planned": 2,"Workers Launched": 2,"Plans": [{"Node Type": "Aggregate","Strategy": "Sorted","Partial Mode": "Partial","Parent Relationship": "Outer","Parallel Aware": false,"Async Capable": false,"Startup Cost": 20507.41,"Total Cost": 20515.23,"Plan Rows": 25,"Plan Width": 136,"Actual Startup Time": 792.564,"Actual Total Time": 793.457,"Actual Rows": 5,"Actual Loops": 3,"Group Key": ["nation.n_name"],"Workers": [],"Plans": [{"Node Type": "Sort","Parent Relationship": "Outer","Parallel Aware": false,"Async Capable": false,"Startup Cost": 20507.41,"Total Cost": 20508.91,"Plan Rows": 601,"Plan Width": 116,"Actual Startup Time": 792.353,"Actual Total Time": 792.502,"Actual Rows": 2513,"Actual Loops": 3,"Sort Key": ["nation.n_name"],"Sort Method": "quicksort","Sort Space Used": 296,"Sort Space Type": "Memory","Workers": [{"Worker Number": 0,"Sort Method": "quicksort","Sort Space Used": 291,"Sort Space Type": "Memory"},{"Worker Number": 1,"Sort Method": "quicksort","Sort Space Used": 292,"Sort Space Type": "Memory"}],"Plans": [{"Node Type": "Hash Join","Parent Relationship": "Outer","Parallel Aware": false,"Async Capable": false,"Join Type": "Inner","Startup Cost": 475.27,"Total Cost": 20479.67,"Plan Rows": 601,"Plan Width": 116,"Actual Startup Time": 14.275,"Actual Total Time": 790.899,"Actual Rows": 2513,"Actual Loops": 3,"Inner Unique": true,"Hash Cond": "((lineitem.l_suppkey = supplier.s_suppkey) AND (customer.c_nationkey = supplier.s_nationkey))","Workers": [],"Plans": [{"Node Type": "Nested Loop","Parent Relationship": "Outer","Parallel Aware": false,"Async Capable": false,"Join Type": "Inner","Startup Cost": 3.27,"Total Cost": 19928.78,"Plan Rows": 15027,"Plan Width": 128,"Actual Startup Time": 0.573,"Actual Total Time": 745.935,"Actual Rows": 60812,"Actual Loops": 3,"Inner Unique": false,"Workers": [],"Plans": [{"Node Type": "Nested Loop","Parent Relationship": "Outer","Parallel Aware": false,"Async Capable": false,"Join Type": "Inner","Startup Cost": 2.84,"Total Cost": 8414.26,"Plan Rows": 3756,"Plan Width": 116,"Actual Startup Time": 0.447,"Actual Total Time": 445.574,"Actual Rows": 15099,"Actual Loops": 3,"Inner Unique": false,"Workers": [],"Plans": [{"Node Type": "Hash Join","Parent Relationship": "Outer","Parallel Aware": false,"Async Capable": false,"Join Type": "Inner","Startup Cost": 2.41,"Total Cost": 4471.79,"Plan Rows": 2500,"Plan Width": 116,"Actual Startup Time": 0.261,"Actual Total Time": 54.435,"Actual Rows": 9984,"Actual Loops": 3,"Inner Unique": false,"Hash Cond": "(customer.c_nationkey = nation.n_nationkey)","Workers": [],"Plans": [{"Node Type": "Seq Scan","Parent Relationship": "Outer","Parallel Aware": true,"Async Capable": false,"Relation Name": "customer","Alias": "customer","Startup Cost": 0.00,"Total Cost": 4210.00,"Plan Rows": 62500,"Plan Width": 8,"Actual Startup Time": 0.020,"Actual Total Time": 9.427,"Actual Rows": 50000,"Actual Loops": 3,"Workers": []},{"Node Type": "Hash","Parent Relationship": "Inner","Parallel Aware": false,"Async Capable": false,"Startup Cost": 2.40,"Total Cost": 2.40,"Plan Rows": 1,"Plan Width": 108,"Actual Startup Time": 0.147,"Actual Total Time": 0.168,"Actual Rows": 5,"Actual Loops": 3,"Hash Buckets": 1024,"Original Hash Buckets": 1024,"Hash Batches": 1,"Original Hash Batches": 1,"Peak Memory Usage": 9,"Workers": [],"Plans": [{"Node Type": "Hash Join","Parent Relationship": "Outer","Parallel Aware": false,"Async Capable": false,"Join Type": "Inner","Startup Cost": 1.07,"Total Cost": 2.40,"Plan Rows": 1,"Plan Width": 108,"Actual Startup Time": 0.132,"Actual Total Time": 0.158,"Actual Rows": 5,"Actual Loops": 3,"Inner Unique": true,"Hash Cond": "(nation.n_regionkey = region.r_regionkey)","Workers": [],"Plans": [{"Node Type": "Seq Scan","Parent Relationship": "Outer","Parallel Aware": false,"Async Capable": false,"Relation Name": "nation","Alias": "nation","Startup Cost": 0.00,"Total Cost": 1.25,"Plan Rows": 25,"Plan Width": 112,"Actual Startup Time": 0.053,"Actual Total Time": 0.057,"Actual Rows": 25,"Actual Loops": 3,"Workers": []},{"Node Type": "Hash","Parent Relationship": "Inner","Parallel Aware": false,"Async Capable": false,"Startup Cost": 1.06,"Total Cost": 1.06,"Plan Rows": 1,"Plan Width": 4,"Actual Startup Time": 0.054,"Actual Total Time": 0.061,"Actual Rows": 1,"Actual Loops": 3,"Hash Buckets": 1024,"Original Hash Buckets": 1024,"Hash Batches": 1,"Original Hash Batches": 1,"Peak Memory Usage": 9,"Workers": [],"Plans": [{"Node Type": "Seq Scan","Parent Relationship": "Outer","Parallel Aware": false,"Async Capable": false,"Relation Name": "region","Alias": "region","Startup Cost": 0.00,"Total Cost": 1.06,"Plan Rows": 1,"Plan Width": 4,"Actual Startup Time": 0.037,"Actual Total Time": 0.039,"Actual Rows": 1,"Actual Loops": 3,"Filter": "(r_name = 'AMERICA'::bpchar)","Rows Removed by Filter": 4,"Workers": []}]}]}]}]},{"Node Type": "Index Scan","Parent Relationship": "Inner","Parallel Aware": false,"Async Capable": false,"Scan Direction": "Forward","Index Name": "idx_orders_custkey","Relation Name": "orders","Alias": "orders","Startup Cost": 0.43,"Total Cost": 1.55,"Plan Rows": 3,"Plan Width": 8,"Actual Startup Time": 0.016,"Actual Total Time": 0.039,"Actual Rows": 2,"Actual Loops": 29952,"Index Cond": "(o_custkey = customer.c_custkey)","Rows Removed by Index Recheck": 0,"Filter": "((o_orderdate >= '1993-01-01'::date) AND (o_orderdate < '1994-01-01 00:00:00'::timestamp without time zone))","Rows Removed by Filter": 8,"Workers": []}]},{"Node Type": "Index Scan","Parent Relationship": "Inner","Parallel Aware": false,"Async Capable": false,"Scan Direction": "Forward","Index Name": "idx_lineitem_orderkey","Relation Name": "lineitem","Alias": "lineitem","Startup Cost": 0.43,"Total Cost": 2.90,"Plan Rows": 17,"Plan Width": 20,"Actual Startup Time": 0.017,"Actual Total Time": 0.019,"Actual Rows": 4,"Actual Loops": 45297,"Index Cond": "(l_orderkey = orders.o_orderkey)","Rows Removed by Index Recheck": 0,"Workers": []}]},{"Node Type": "Hash","Parent Relationship": "Inner","Parallel Aware": false,"Async Capable": false,"Startup Cost": 322.00,"Total Cost": 322.00,"Plan Rows": 10000,"Plan Width": 8,"Actual Startup Time": 12.653,"Actual Total Time": 12.656,"Actual Rows": 10000,"Actual Loops": 3,"Hash Buckets": 16384,"Original Hash Buckets": 16384,"Hash Batches": 1,"Original Hash Batches": 1,"Peak Memory Usage": 519,"Workers": [],"Plans": [{"Node Type": "Seq Scan","Parent Relationship": "Outer","Parallel Aware": false,"Async Capable": false,"Relation Name": "supplier","Alias": "supplier","Startup Cost": 0.00,"Total Cost": 322.00,"Plan Rows": 10000,"Plan Width": 8,"Actual Startup Time": 0.038,"Actual Total Time": 10.961,"Actual Rows": 10000,"Actual Loops": 3,"Workers": []}]}]}]}]}]}]}]},"Planning Time": 9.512,"Triggers": [],"Execution Time": 833.531}]
[{"Plan": {"Node Type": "Sort","Parallel Aware": false,"Async Capable": false,"Startup Cost": 21616.39,"Total Cost": 21616.45,"Plan Rows": 25,"Plan Width": 136,"Actual Startup Time": 817.171,"Actual Total Time": 848.557,"Actual Rows": 5,"Actual Loops": 1,"Sort Key": ["(sum((lineitem.l_extendedprice * ('1'::numeric - lineitem.l_discount)))) DESC"],"Sort Method": "quicksort","Sort Space Used": 25,"Sort Space Type": "Memory","Plans": [{"Node Type": "Aggregate","Strategy": "Sorted","Partial Mode": "Finalize","Parent Relationship": "Outer","Parallel Aware": false,"Async Capable": false,"Startup Cost": 21601.33,"Total Cost": 21615.81,"Plan Rows": 25,"Plan Width": 136,"Actual Startup Time": 816.250,"Actual Total Time": 848.503,"Actual Rows": 5,"Actual Loops": 1,"Group Key": ["nation.n_name"],"Plans": [{"Node Type": "Gather Merge","Parent Relationship": "Outer","Parallel Aware": false,"Async Capable": false,"Startup Cost": 21601.33,"Total Cost": 21615.12,"Plan Rows": 50,"Plan Width": 136,"Actual Startup Time": 815.620,"Actual Total Time": 848.441,"Actual Rows": 15,"Actual Loops": 1,"Workers Planned": 2,"Workers Launched": 2,"Plans": [{"Node Type": "Aggregate","Strategy": "Sorted","Partial Mode": "Partial","Parent Relationship": "Outer","Parallel Aware": false,"Async Capable": false,"Startup Cost": 20601.30,"Total Cost": 20609.33,"Plan Rows": 25,"Plan Width": 136,"Actual Startup Time": 807.499,"Actual Total Time": 808.444,"Actual Rows": 5,"Actual Loops": 3,"Group Key": ["nation.n_name"],"Workers": [],"Plans": [{"Node Type": "Sort","Parent Relationship": "Outer","Parallel Aware": false,"Async Capable": false,"Startup Cost": 20601.30,"Total Cost": 20602.85,"Plan Rows": 617,"Plan Width": 116,"Actual Startup Time": 807.276,"Actual Total Time": 807.432,"Actual Rows": 2427,"Actual Loops": 3,"Sort Key": ["nation.n_name"],"Sort Method": "quicksort","Sort Space Used": 295,"Sort Space Type": "Memory","Workers": [{"Worker Number": 0,"Sort Method": "quicksort","Sort Space Used": 285,"Sort Space Type": "Memory"},{"Worker Number": 1,"Sort Method": "quicksort","Sort Space Used": 279,"Sort Space Type": "Memory"}],"Plans": [{"Node Type": "Hash Join","Parent Relationship": "Outer","Parallel Aware": false,"Async Capable": false,"Join Type": "Inner","Startup Cost": 475.27,"Total Cost": 20572.71,"Plan Rows": 617,"Plan Width": 116,"Actual Startup Time": 13.659,"Actual Total Time": 805.763,"Actual Rows": 2427,"Actual Loops": 3,"Inner Unique": true,"Hash Cond": "((lineitem.l_suppkey = supplier.s_suppkey) AND (customer.c_nationkey = supplier.s_nationkey))","Workers": [],"Plans": [{"Node Type": "Nested Loop","Parent Relationship": "Outer","Parallel Aware": false,"Async Capable": false,"Join Type": "Inner","Startup Cost": 3.27,"Total Cost": 20019.70,"Plan Rows": 15431,"Plan Width": 128,"Actual Startup Time": 0.940,"Actual Total Time": 760.394,"Actual Rows": 61187,"Actual Loops": 3,"Inner Unique": false,"Workers": [],"Plans": [{"Node Type": "Nested Loop","Parent Relationship": "Outer","Parallel Aware": false,"Async Capable": false,"Join Type": "Inner","Startup Cost": 2.84,"Total Cost": 8414.26,"Plan Rows": 3857,"Plan Width": 116,"Actual Startup Time": 0.804,"Actual Total Time": 453.891,"Actual Rows": 15325,"Actual Loops": 3,"Inner Unique": false,"Workers": [],"Plans": [{"Node Type": "Hash Join","Parent Relationship": "Outer","Parallel Aware": false,"Async Capable": false,"Join Type": "Inner","Startup Cost": 2.41,"Total Cost": 4471.79,"Plan Rows": 2500,"Plan Width": 116,"Actual Startup Time": 0.319,"Actual Total Time": 55.842,"Actual Rows": 10061,"Actual Loops": 3,"Inner Unique": false,"Hash Cond": "(customer.c_nationkey = nation.n_nationkey)","Workers": [],"Plans": [{"Node Type": "Seq Scan","Parent Relationship": "Outer","Parallel Aware": true,"Async Capable": false,"Relation Name": "customer","Alias": "customer","Startup Cost": 0.00,"Total Cost": 4210.00,"Plan Rows": 62500,"Plan Width": 8,"Actual Startup Time": 0.026,"Actual Total Time": 9.689,"Actual Rows": 50000,"Actual Loops": 3,"Workers": []},{"Node Type": "Hash","Parent Relationship": "Inner","Parallel Aware": false,"Async Capable": false,"Startup Cost": 2.40,"Total Cost": 2.40,"Plan Rows": 1,"Plan Width": 108,"Actual Startup Time": 0.180,"Actual Total Time": 0.198,"Actual Rows": 5,"Actual Loops": 3,"Hash Buckets": 1024,"Original Hash Buckets": 1024,"Hash Batches": 1,"Original Hash Batches": 1,"Peak Memory Usage": 9,"Workers": [],"Plans": [{"Node Type": "Hash Join","Parent Relationship": "Outer","Parallel Aware": false,"Async Capable": false,"Join Type": "Inner","Startup Cost": 1.07,"Total Cost": 2.40,"Plan Rows": 1,"Plan Width": 108,"Actual Startup Time": 0.166,"Actual Total Time": 0.188,"Actual Rows": 5,"Actual Loops": 3,"Inner Unique": true,"Hash Cond": "(nation.n_regionkey = region.r_regionkey)","Workers": [],"Plans": [{"Node Type": "Seq Scan","Parent Relationship": "Outer","Parallel Aware": false,"Async Capable": false,"Relation Name": "nation","Alias": "nation","Startup Cost": 0.00,"Total Cost": 1.25,"Plan Rows": 25,"Plan Width": 112,"Actual Startup Time": 0.055,"Actual Total Time": 0.060,"Actual Rows": 25,"Actual Loops": 3,"Workers": []},{"Node Type": "Hash","Parent Relationship": "Inner","Parallel Aware": false,"Async Capable": false,"Startup Cost": 1.06,"Total Cost": 1.06,"Plan Rows": 1,"Plan Width": 4,"Actual Startup Time": 0.079,"Actual Total Time": 0.084,"Actual Rows": 1,"Actual Loops": 3,"Hash Buckets": 1024,"Original Hash Buckets": 1024,"Hash Batches": 1,"Original Hash Batches": 1,"Peak Memory Usage": 9,"Workers": [],"Plans": [{"Node Type": "Seq Scan","Parent Relationship": "Outer","Parallel Aware": false,"Async Capable": false,"Relation Name": "region","Alias": "region","Startup Cost": 0.00,"Total Cost": 1.06,"Plan Rows": 1,"Plan Width": 4,"Actual Startup Time": 0.058,"Actual Total Time": 0.061,"Actual Rows": 1,"Actual Loops": 3,"Filter": "(r_name = 'ASIA'::bpchar)","Rows Removed by Filter": 4,"Workers": []}]}]}]}]},{"Node Type": "Index Scan","Parent Relationship": "Inner","Parallel Aware": false,"Async Capable": false,"Scan Direction": "Forward","Index Name": "idx_orders_custkey","Relation Name": "orders","Alias": "orders","Startup Cost": 0.43,"Total Cost": 1.55,"Plan Rows": 3,"Plan Width": 8,"Actual Startup Time": 0.017,"Actual Total Time": 0.039,"Actual Rows": 2,"Actual Loops": 30183,"Index Cond": "(o_custkey = customer.c_custkey)","Rows Removed by Index Recheck": 0,"Filter": "((o_orderdate >= '1996-01-01'::date) AND (o_orderdate < '1997-01-01 00:00:00'::timestamp without time zone))","Rows Removed by Filter": 8,"Workers": []}]},{"Node Type": "Index Scan","Parent Relationship": "Inner","Parallel Aware": false,"Async Capable": false,"Scan Direction": "Forward","Index Name": "idx_lineitem_orderkey","Relation Name": "lineitem","Alias": "lineitem","Startup Cost": 0.43,"Total Cost": 2.84,"Plan Rows": 17,"Plan Width": 20,"Actual Startup Time": 0.017,"Actual Total Time": 0.019,"Actual Rows": 4,"Actual Loops": 45976,"Index Cond": "(l_orderkey = orders.o_orderkey)","Rows Removed by Index Recheck": 0,"Workers": []}]},{"Node Type": "Hash","Parent Relationship": "Inner","Parallel Aware": false,"Async Capable": false,"Startup Cost": 322.00,"Total Cost": 322.00,"Plan Rows": 10000,"Plan Width": 8,"Actual Startup Time": 12.172,"Actual Total Time": 12.179,"Actual Rows": 10000,"Actual Loops": 3,"Hash Buckets": 16384,"Original Hash Buckets": 16384,"Hash Batches": 1,"Original Hash Batches": 1,"Peak Memory Usage": 519,"Workers": [],"Plans": [{"Node Type": "Seq Scan","Parent Relationship": "Outer","Parallel Aware": false,"Async Capable": false,"Relation Name": "supplier","Alias": "supplier","Startup Cost": 0.00,"Total Cost": 322.00,"Plan Rows": 10000,"Plan Width": 8,"Actual Startup Time": 0.048,"Actual Total Time": 10.623,"Actual Rows": 10000,"Actual Loops": 3,"Workers": []}]}]}]}]}]}]}]},"Planning Time": 10.688,"Triggers": [],"Execution Time": 848.991}]
[{"Plan": {"Node Type": "Sort","Parallel Aware": false,"Async Capable": false,"Startup Cost": 21522.30,"Total Cost": 21522.36,"Plan Rows": 25,"Plan Width": 136,"Actual Startup Time": 801.786,"Actual Total Time": 833.013,"Actual Rows": 5,"Actual Loops": 1,"Sort Key": ["(sum((lineitem.l_extendedprice * ('1'::numeric - lineitem.l_discount)))) DESC"],"Sort Method": "quicksort","Sort Space Used": 25,"Sort Space Type": "Memory","Plans": [{"Node Type": "Aggregate","Strategy": "Sorted","Partial Mode": "Finalize","Parent Relationship": "Outer","Parallel Aware": false,"Async Capable": false,"Startup Cost": 21507.43,"Total Cost": 21521.72,"Plan Rows": 25,"Plan Width": 136,"Actual Startup Time": 801.172,"Actual Total Time": 832.958,"Actual Rows": 5,"Actual Loops": 1,"Group Key": ["nation.n_name"],"Plans": [{"Node Type": "Gather Merge","Parent Relationship": "Outer","Parallel Aware": false,"Async Capable": false,"Startup Cost": 21507.43,"Total Cost": 21521.03,"Plan Rows": 50,"Plan Width": 136,"Actual Startup Time": 800.500,"Actual Total Time": 832.892,"Actual Rows": 15,"Actual Loops": 1,"Workers Planned": 2,"Workers Launched": 2,"Plans": [{"Node Type": "Aggregate","Strategy": "Sorted","Partial Mode": "Partial","Parent Relationship": "Outer","Parallel Aware": false,"Async Capable": false,"Startup Cost": 20507.41,"Total Cost": 20515.23,"Plan Rows": 25,"Plan Width": 136,"Actual Startup Time": 792.564,"Actual Total Time": 793.457,"Actual Rows": 5,"Actual Loops": 3,"Group Key": ["nation.n_name"],"Workers": [],"Plans": [{"Node Type": "Sort","Parent Relationship": "Outer","Parallel Aware": false,"Async Capable": false,"Startup Cost": 20507.41,"Total Cost": 20508.91,"Plan Rows": 601,"Plan Width": 116,"Actual Startup Time": 792.353,"Actual Total Time": 792.502,"Actual Rows": 2513,"Actual Loops": 3,"Sort Key": ["nation.n_name"],"Sort Method": "quicksort","Sort Space Used": 296,"Sort Space Type": "Memory","Workers": [{"Worker Number": 0,"Sort Method": "quicksort","Sort Space Used": 291,"Sort Space Type": "Memory"},{"Worker Number": 1,"Sort Method": "quicksort","Sort Space Used": 292,"Sort Space Type": "Memory"}],"Plans": [{"Node Type": "Hash Join","Parent Relationship": "Outer","Parallel Aware": false,"Async Capable": false,"Join Type": "Inner","Startup Cost": 475.27,"Total Cost": 20479.67,"Plan Rows": 601,"Plan Width": 116,"Actual Startup Time": 14.275,"Actual Total Time": 790.899,"Actual Rows": 2513,"Actual Loops": 3,"Inner Unique": true,"Hash Cond": "((lineitem.l_suppkey = supplier.s_suppkey) AND (customer.c_nationkey = supplier.s_nationkey))","Workers": [],"Plans": [{"Node Type": "Nested Loop","Parent Relationship": "Outer","Parallel Aware": false,"Async Capable": false,"Join Type": "Inner","Startup Cost": 3.27,"Total Cost": 19928.78,"Plan Rows": 15027,"Plan Width": 128,"Actual Startup Time": 0.573,"Actual Total Time": 745.935,"Actual Rows": 60812,"Actual Loops": 3,"Inner Unique": false,"Workers": [],"Plans": [{"Node Type": "Nested Loop","Parent Relationship": "Outer","Parallel Aware": false,"Async Capable": false,"Join Type": "Inner","Startup Cost": 2.84,"Total Cost": 8414.26,"Plan Rows": 3756,"Plan Width": 116,"Actual Startup Time": 0.447,"Actual Total Time": 445.574,"Actual Rows": 15099,"Actual Loops": 3,"Inner Unique": false,"Workers": [],"Plans": [{"Node Type": "Hash Join","Parent Relationship": "Outer","Parallel Aware": false,"Async Capable": false,"Join Type": "Inner","Startup Cost": 2.41,"Total Cost": 4471.79,"Plan Rows": 2500,"Plan Width": 116,"Actual Startup Time": 0.261,"Actual Total Time": 54.435,"Actual Rows": 9984,"Actual Loops": 3,"Inner Unique": false,"Hash Cond": "(customer.c_nationkey = nation.n_nationkey)","Workers": [],"Plans": [{"Node Type": "Seq Scan","Parent Relationship": "Outer","Parallel Aware": true,"Async Capable": false,"Relation Name": "customer","Alias": "customer","Startup Cost": 0.00,"Total Cost": 4210.00,"Plan Rows": 62500,"Plan Width": 8,"Actual Startup Time": 0.020,"Actual Total Time": 9.427,"Actual Rows": 50000,"Actual Loops": 3,"Workers": []},{"Node Type": "Hash","Parent Relationship": "Inner","Parallel Aware": false,"Async Capable": false,"Startup Cost": 2.40,"Total Cost": 2.40,"Plan Rows": 1,"Plan Width": 108,"Actual Startup Time": 0.147,"Actual Total Time": 0.168,"Actual Rows": 5,"Actual Loops": 3,"Hash Buckets": 1024,"Original Hash Buckets": 1024,"Hash Batches": 1,"Original Hash Batches": 1,"Peak Memory Usage": 9,"Workers": [],"Plans": [{"Node Type": "Hash Join","Parent Relationship": "Outer","Parallel Aware": false,"Async Capable": false,"Join Type": "Inner","Startup Cost": 1.07,"Total Cost": 2.40,"Plan Rows": 1,"Plan Width": 108,"Actual Startup Time": 0.132,"Actual Total Time": 0.158,"Actual Rows": 5,"Actual Loops": 3,"Inner Unique": true,"Hash Cond": "(nation.n_regionkey = region.r_regionkey)","Workers": [],"Plans": [{"Node Type": "Seq Scan","Parent Relationship": "Outer","Parallel Aware": false,"Async Capable": false,"Relation Name": "nation","Alias": "nation","Startup Cost": 0.00,"Total Cost": 1.25,"Plan Rows": 25,"Plan Width": 112,"Actual Startup Time": 0.053,"Actual Total Time": 0.057,"Actual Rows": 25,"Actual Loops": 3,"Workers": []},{"Node Type": "Hash","Parent Relationship": "Inner","Parallel Aware": false,"Async Capable": false,"Startup Cost": 1.06,"Total Cost": 1.06,"Plan Rows": 1,"Plan Width": 4,"Actual Startup Time": 0.054,"Actual Total Time": 0.061,"Actual Rows": 1,"Actual Loops": 3,"Hash Buckets": 1024,"Original Hash Buckets": 1024,"Hash Batches": 1,"Original Hash Batches": 1,"Peak Memory Usage": 9,"Workers": [],"Plans": [{"Node Type": "Seq Scan","Parent Relationship": "Outer","Parallel Aware": false,"Async Capable": false,"Relation Name": "region","Alias": "region","Startup Cost": 0.00,"Total Cost": 1.06,"Plan Rows": 1,"Plan Width": 4,"Actual Startup Time": 0.037,"Actual Total Time": 0.039,"Actual Rows": 1,"Actual Loops": 3,"Filter": "(r_name = 'AMERICA'::bpchar)","Rows Removed by Filter": 4,"Workers": []}]}]}]}]},{"Node Type": "Index Scan","Parent Relationship": "Inner","Parallel Aware": false,"Async Capable": false,"Scan Direction": "Forward","Index Name": "idx_orders_custkey","Relation Name": "orders","Alias": "orders","Startup Cost": 0.43,"Total Cost": 1.55,"Plan Rows": 3,"Plan Width": 8,"Actual Startup Time": 0.016,"Actual Total Time": 0.039,"Actual Rows": 2,"Actual Loops": 29952,"Index Cond": "(o_custkey = customer.c_custkey)","Rows Removed by Index Recheck": 0,"Filter": "((o_orderdate >= '1993-01-01'::date) AND (o_orderdate < '1994-01-01 00:00:00'::timestamp without time zone))","Rows Removed by Filter": 8,"Workers": []}]},{"Node Type": "Index Scan","Parent Relationship": "Inner","Parallel Aware": false,"Async Capable": false,"Scan Direction": "Forward","Index Name": "idx_lineitem_orderkey","Relation Name": "lineitem","Alias": "lineitem","Startup Cost": 0.43,"Total Cost": 2.90,"Plan Rows": 17,"Plan Width": 20,"Actual Startup Time": 0.017,"Actual Total Time": 0.019,"Actual Rows": 4,"Actual Loops": 45297,"Index Cond": "(l_orderkey = orders.o_orderkey)","Rows Removed by Index Recheck": 0,"Workers": []}]},{"Node Type": "Hash","Parent Relationship": "Inner","Parallel Aware": false,"Async Capable": false,"Startup Cost": 322.00,"Total Cost": 322.00,"Plan Rows": 10000,"Plan Width": 8,"Actual Startup Time": 12.653,"Actual Total Time": 12.656,"Actual Rows": 10000,"Actual Loops": 3,"Hash Buckets": 16384,"Original Hash Buckets": 16384,"Hash Batches": 1,"Original Hash Batches": 1,"Peak Memory Usage": 519,"Workers": [],"Plans": [{"Node Type": "Seq Scan","Parent Relationship": "Outer","Parallel Aware": false,"Async Capable": false,"Relation Name": "supplier","Alias": "supplier","Startup Cost": 0.00,"Total Cost": 322.00,"Plan Rows": 10000,"Plan Width": 8,"Actual Startup Time": 0.038,"Actual Total Time": 10.961,"Actual Rows": 10000,"Actual Loops": 3,"Workers": []}]}]}]}]}]}]}]},"Planning Time": 9.512,"Triggers": [],"Execution Time": 833.531}]
[{"Plan": {"Node Type": "Sort","Parallel Aware": false,"Async Capable": false,"Startup Cost": 21612.43,"Total Cost": 21612.50,"Plan Rows": 25,"Plan Width": 136,"Actual Startup Time": 835.932,"Actual Total Time": 867.365,"Actual Rows": 5,"Actual Loops": 1,"Sort Key": ["(sum((lineitem.l_extendedprice * ('1'::numeric - lineitem.l_discount)))) DESC"],"Sort Method": "quicksort","Sort Space Used": 25,"Sort Space Type": "Memory","Plans": [{"Node Type": "Aggregate","Strategy": "Sorted","Partial Mode": "Finalize","Parent Relationship": "Outer","Parallel Aware": false,"Async Capable": false,"Startup Cost": 21597.38,"Total Cost": 21611.85,"Plan Rows": 25,"Plan Width": 136,"Actual Startup Time": 835.364,"Actual Total Time": 867.318,"Actual Rows": 5,"Actual Loops": 1,"Group Key": ["nation.n_name"],"Plans": [{"Node Type": "Gather Merge","Parent Relationship": "Outer","Parallel Aware": false,"Async Capable": false,"Startup Cost": 21597.38,"Total Cost": 21611.17,"Plan Rows": 50,"Plan Width": 136,"Actual Startup Time": 835.179,"Actual Total Time": 867.277,"Actual Rows": 15,"Actual Loops": 1,"Workers Planned": 2,"Workers Launched": 2,"Plans": [{"Node Type": "Aggregate","Strategy": "Sorted","Partial Mode": "Partial","Parent Relationship": "Outer","Parallel Aware": false,"Async Capable": false,"Startup Cost": 20597.36,"Total Cost": 20605.37,"Plan Rows": 25,"Plan Width": 136,"Actual Startup Time": 826.891,"Actual Total Time": 827.596,"Actual Rows": 5,"Actual Loops": 3,"Group Key": ["nation.n_name"],"Workers": [],"Plans": [{"Node Type": "Sort","Parent Relationship": "Outer","Parallel Aware": false,"Async Capable": false,"Startup Cost": 20597.36,"Total Cost": 20598.90,"Plan Rows": 616,"Plan Width": 116,"Actual Startup Time": 826.692,"Actual Total Time": 826.817,"Actual Rows": 2422,"Actual Loops": 3,"Sort Key": ["nation.n_name"],"Sort Method": "quicksort","Sort Space Used": 284,"Sort Space Type": "Memory","Workers": [{"Worker Number": 0,"Sort Method": "quicksort","Sort Space Used": 289,"Sort Space Type": "Memory"},{"Worker Number": 1,"Sort Method": "quicksort","Sort Space Used": 285,"Sort Space Type": "Memory"}],"Plans": [{"Node Type": "Hash Join","Parent Relationship": "Outer","Parallel Aware": false,"Async Capable": false,"Join Type": "Inner","Startup Cost": 475.27,"Total Cost": 20568.82,"Plan Rows": 616,"Plan Width": 116,"Actual Startup Time": 12.416,"Actual Total Time": 825.180,"Actual Rows": 2422,"Actual Loops": 3,"Inner Unique": true,"Hash Cond": "((lineitem.l_suppkey = supplier.s_suppkey) AND (customer.c_nationkey = supplier.s_nationkey))","Workers": [],"Plans": [{"Node Type": "Nested Loop","Parent Relationship": "Outer","Parallel Aware": false,"Async Capable": false,"Join Type": "Inner","Startup Cost": 3.27,"Total Cost": 20015.89,"Plan Rows": 15415,"Plan Width": 128,"Actual Startup Time": 0.717,"Actual Total Time": 776.964,"Actual Rows": 61524,"Actual Loops": 3,"Inner Unique": false,"Workers": [],"Plans": [{"Node Type": "Nested Loop","Parent Relationship": "Outer","Parallel Aware": false,"Async Capable": false,"Join Type": "Inner","Startup Cost": 2.84,"Total Cost": 8414.26,"Plan Rows": 3853,"Plan Width": 116,"Actual Startup Time": 0.594,"Actual Total Time": 468.318,"Actual Rows": 15364,"Actual Loops": 3,"Inner Unique": false,"Workers": [],"Plans": [{"Node Type": "Hash Join","Parent Relationship": "Outer","Parallel Aware": false,"Async Capable": false,"Join Type": "Inner","Startup Cost": 2.41,"Total Cost": 4471.79,"Plan Rows": 2500,"Plan Width": 116,"Actual Startup Time": 0.257,"Actual Total Time": 59.024,"Actual Rows": 10066,"Actual Loops": 3,"Inner Unique": false,"Hash Cond": "(customer.c_nationkey = nation.n_nationkey)","Workers": [],"Plans": [{"Node Type": "Seq Scan","Parent Relationship": "Outer","Parallel Aware": true,"Async Capable": false,"Relation Name": "customer","Alias": "customer","Startup Cost": 0.00,"Total Cost": 4210.00,"Plan Rows": 62500,"Plan Width": 8,"Actual Startup Time": 0.018,"Actual Total Time": 10.025,"Actual Rows": 50000,"Actual Loops": 3,"Workers": []},{"Node Type": "Hash","Parent Relationship": "Inner","Parallel Aware": false,"Async Capable": false,"Startup Cost": 2.40,"Total Cost": 2.40,"Plan Rows": 1,"Plan Width": 108,"Actual Startup Time": 0.151,"Actual Total Time": 0.168,"Actual Rows": 5,"Actual Loops": 3,"Hash Buckets": 1024,"Original Hash Buckets": 1024,"Hash Batches": 1,"Original Hash Batches": 1,"Peak Memory Usage": 9,"Workers": [],"Plans": [{"Node Type": "Hash Join","Parent Relationship": "Outer","Parallel Aware": false,"Async Capable": false,"Join Type": "Inner","Startup Cost": 1.07,"Total Cost": 2.40,"Plan Rows": 1,"Plan Width": 108,"Actual Startup Time": 0.138,"Actual Total Time": 0.159,"Actual Rows": 5,"Actual Loops": 3,"Inner Unique": true,"Hash Cond": "(nation.n_regionkey = region.r_regionkey)","Workers": [],"Plans": [{"Node Type": "Seq Scan","Parent Relationship": "Outer","Parallel Aware": false,"Async Capable": false,"Relation Name": "nation","Alias": "nation","Startup Cost": 0.00,"Total Cost": 1.25,"Plan Rows": 25,"Plan Width": 112,"Actual Startup Time": 0.050,"Actual Total Time": 0.055,"Actual Rows": 25,"Actual Loops": 3,"Workers": []},{"Node Type": "Hash","Parent Relationship": "Inner","Parallel Aware": false,"Async Capable": false,"Startup Cost": 1.06,"Total Cost": 1.06,"Plan Rows": 1,"Plan Width": 4,"Actual Startup Time": 0.059,"Actual Total Time": 0.064,"Actual Rows": 1,"Actual Loops": 3,"Hash Buckets": 1024,"Original Hash Buckets": 1024,"Hash Batches": 1,"Original Hash Batches": 1,"Peak Memory Usage": 9,"Workers": [],"Plans": [{"Node Type": "Seq Scan","Parent Relationship": "Outer","Parallel Aware": false,"Async Capable": false,"Relation Name": "region","Alias": "region","Startup Cost": 0.00,"Total Cost": 1.06,"Plan Rows": 1,"Plan Width": 4,"Actual Startup Time": 0.043,"Actual Total Time": 0.045,"Actual Rows": 1,"Actual Loops": 3,"Filter": "(r_name = 'EUROPE'::bpchar)","Rows Removed by Filter": 4,"Workers": []}]}]}]}]},{"Node Type": "Index Scan","Parent Relationship": "Inner","Parallel Aware": false,"Async Capable": false,"Scan Direction": "Forward","Index Name": "idx_orders_custkey","Relation Name": "orders","Alias": "orders","Startup Cost": 0.43,"Total Cost": 1.55,"Plan Rows": 3,"Plan Width": 8,"Actual Startup Time": 0.017,"Actual Total Time": 0.040,"Actual Rows": 2,"Actual Loops": 30197,"Index Cond": "(o_custkey = customer.c_custkey)","Rows Removed by Index Recheck": 0,"Filter": "((o_orderdate >= '1994-01-01'::date) AND (o_orderdate < '1995-01-01 00:00:00'::timestamp without time zone))","Rows Removed by Filter": 9,"Workers": []}]},{"Node Type": "Index Scan","Parent Relationship": "Inner","Parallel Aware": false,"Async Capable": false,"Scan Direction": "Forward","Index Name": "idx_lineitem_orderkey","Relation Name": "lineitem","Alias": "lineitem","Startup Cost": 0.43,"Total Cost": 2.84,"Plan Rows": 17,"Plan Width": 20,"Actual Startup Time": 0.017,"Actual Total Time": 0.019,"Actual Rows": 4,"Actual Loops": 46093,"Index Cond": "(l_orderkey = orders.o_orderkey)","Rows Removed by Index Recheck": 0,"Workers": []}]},{"Node Type": "Hash","Parent Relationship": "Inner","Parallel Aware": false,"Async Capable": false,"Startup Cost": 322.00,"Total Cost": 322.00,"Plan Rows": 10000,"Plan Width": 8,"Actual Startup Time": 10.479,"Actual Total Time": 10.484,"Actual Rows": 10000,"Actual Loops": 3,"Hash Buckets": 16384,"Original Hash Buckets": 16384,"Hash Batches": 1,"Original Hash Batches": 1,"Peak Memory Usage": 519,"Workers": [],"Plans": [{"Node Type": "Seq Scan","Parent Relationship": "Outer","Parallel Aware": false,"Async Capable": false,"Relation Name": "supplier","Alias": "supplier","Startup Cost": 0.00,"Total Cost": 322.00,"Plan Rows": 10000,"Plan Width": 8,"Actual Startup Time": 0.042,"Actual Total Time": 8.711,"Actual Rows": 10000,"Actual Loops": 3,"Workers": []}]}]}]}]}]}]}]},"Planning Time": 9.647,"Triggers": [],"Execution Time": 867.883}]
[{"Plan": {"Node Type": "Sort","Parallel Aware": false,"Async Capable": false,"Startup Cost": 21522.30,"Total Cost": 21522.36,"Plan Rows": 25,"Plan Width": 136,"Actual Startup Time": 808.723,"Actual Total Time": 839.996,"Actual Rows": 5,"Actual Loops": 1,"Sort Key": ["(sum((lineitem.l_extendedprice * ('1'::numeric - lineitem.l_discount)))) DESC"],"Sort Method": "quicksort","Sort Space Used": 25,"Sort Space Type": "Memory","Plans": [{"Node Type": "Aggregate","Strategy": "Sorted","Partial Mode": "Finalize","Parent Relationship": "Outer","Parallel Aware": false,"Async Capable": false,"Startup Cost": 21507.43,"Total Cost": 21521.72,"Plan Rows": 25,"Plan Width": 136,"Actual Startup Time": 808.168,"Actual Total Time": 839.947,"Actual Rows": 5,"Actual Loops": 1,"Group Key": ["nation.n_name"],"Plans": [{"Node Type": "Gather Merge","Parent Relationship": "Outer","Parallel Aware": false,"Async Capable": false,"Startup Cost": 21507.43,"Total Cost": 21521.03,"Plan Rows": 50,"Plan Width": 136,"Actual Startup Time": 807.495,"Actual Total Time": 839.892,"Actual Rows": 15,"Actual Loops": 1,"Workers Planned": 2,"Workers Launched": 2,"Plans": [{"Node Type": "Aggregate","Strategy": "Sorted","Partial Mode": "Partial","Parent Relationship": "Outer","Parallel Aware": false,"Async Capable": false,"Startup Cost": 20507.41,"Total Cost": 20515.23,"Plan Rows": 25,"Plan Width": 136,"Actual Startup Time": 799.534,"Actual Total Time": 800.383,"Actual Rows": 5,"Actual Loops": 3,"Group Key": ["nation.n_name"],"Workers": [],"Plans": [{"Node Type": "Sort","Parent Relationship": "Outer","Parallel Aware": false,"Async Capable": false,"Startup Cost": 20507.41,"Total Cost": 20508.91,"Plan Rows": 601,"Plan Width": 116,"Actual Startup Time": 799.319,"Actual Total Time": 799.466,"Actual Rows": 2431,"Actual Loops": 3,"Sort Key": ["nation.n_name"],"Sort Method": "quicksort","Sort Space Used": 290,"Sort Space Type": "Memory","Workers": [{"Worker Number": 0,"Sort Method": "quicksort","Sort Space Used": 286,"Sort Space Type": "Memory"},{"Worker Number": 1,"Sort Method": "quicksort","Sort Space Used": 283,"Sort Space Type": "Memory"}],"Plans": [{"Node Type": "Hash Join","Parent Relationship": "Outer","Parallel Aware": false,"Async Capable": false,"Join Type": "Inner","Startup Cost": 475.27,"Total Cost": 20479.67,"Plan Rows": 601,"Plan Width": 116,"Actual Startup Time": 15.141,"Actual Total Time": 797.817,"Actual Rows": 2431,"Actual Loops": 3,"Inner Unique": true,"Hash Cond": "((lineitem.l_suppkey = supplier.s_suppkey) AND (customer.c_nationkey = supplier.s_nationkey))","Workers": [],"Plans": [{"Node Type": "Nested Loop","Parent Relationship": "Outer","Parallel Aware": false,"Async Capable": false,"Join Type": "Inner","Startup Cost": 3.27,"Total Cost": 19928.78,"Plan Rows": 15027,"Plan Width": 128,"Actual Startup Time": 0.731,"Actual Total Time": 752.135,"Actual Rows": 59947,"Actual Loops": 3,"Inner Unique": false,"Workers": [],"Plans": [{"Node Type": "Nested Loop","Parent Relationship": "Outer","Parallel Aware": false,"Async Capable": false,"Join Type": "Inner","Startup Cost": 2.84,"Total Cost": 8414.26,"Plan Rows": 3756,"Plan Width": 116,"Actual Startup Time": 0.592,"Actual Total Time": 450.459,"Actual Rows": 14972,"Actual Loops": 3,"Inner Unique": false,"Workers": [],"Plans": [{"Node Type": "Hash Join","Parent Relationship": "Outer","Parallel Aware": false,"Async Capable": false,"Join Type": "Inner","Startup Cost": 2.41,"Total Cost": 4471.79,"Plan Rows": 2500,"Plan Width": 116,"Actual Startup Time": 0.291,"Actual Total Time": 55.680,"Actual Rows": 9968,"Actual Loops": 3,"Inner Unique": false,"Hash Cond": "(customer.c_nationkey = nation.n_nationkey)","Workers": [],"Plans": [{"Node Type": "Seq Scan","Parent Relationship": "Outer","Parallel Aware": true,"Async Capable": false,"Relation Name": "customer","Alias": "customer","Startup Cost": 0.00,"Total Cost": 4210.00,"Plan Rows": 62500,"Plan Width": 8,"Actual Startup Time": 0.021,"Actual Total Time": 9.583,"Actual Rows": 50000,"Actual Loops": 3,"Workers": []},{"Node Type": "Hash","Parent Relationship": "Inner","Parallel Aware": false,"Async Capable": false,"Startup Cost": 2.40,"Total Cost": 2.40,"Plan Rows": 1,"Plan Width": 108,"Actual Startup Time": 0.165,"Actual Total Time": 0.187,"Actual Rows": 5,"Actual Loops": 3,"Hash Buckets": 1024,"Original Hash Buckets": 1024,"Hash Batches": 1,"Original Hash Batches": 1,"Peak Memory Usage": 9,"Workers": [],"Plans": [{"Node Type": "Hash Join","Parent Relationship": "Outer","Parallel Aware": false,"Async Capable": false,"Join Type": "Inner","Startup Cost": 1.07,"Total Cost": 2.40,"Plan Rows": 1,"Plan Width": 108,"Actual Startup Time": 0.151,"Actual Total Time": 0.177,"Actual Rows": 5,"Actual Loops": 3,"Inner Unique": true,"Hash Cond": "(nation.n_regionkey = region.r_regionkey)","Workers": [],"Plans": [{"Node Type": "Seq Scan","Parent Relationship": "Outer","Parallel Aware": false,"Async Capable": false,"Relation Name": "nation","Alias": "nation","Startup Cost": 0.00,"Total Cost": 1.25,"Plan Rows": 25,"Plan Width": 112,"Actual Startup Time": 0.067,"Actual Total Time": 0.072,"Actual Rows": 25,"Actual Loops": 3,"Workers": []},{"Node Type": "Hash","Parent Relationship": "Inner","Parallel Aware": false,"Async Capable": false,"Startup Cost": 1.06,"Total Cost": 1.06,"Plan Rows": 1,"Plan Width": 4,"Actual Startup Time": 0.055,"Actual Total Time": 0.063,"Actual Rows": 1,"Actual Loops": 3,"Hash Buckets": 1024,"Original Hash Buckets": 1024,"Hash Batches": 1,"Original Hash Batches": 1,"Peak Memory Usage": 9,"Workers": [],"Plans": [{"Node Type": "Seq Scan","Parent Relationship": "Outer","Parallel Aware": false,"Async Capable": false,"Relation Name": "region","Alias": "region","Startup Cost": 0.00,"Total Cost": 1.06,"Plan Rows": 1,"Plan Width": 4,"Actual Startup Time": 0.042,"Actual Total Time": 0.044,"Actual Rows": 1,"Actual Loops": 3,"Filter": "(r_name = 'MIDDLE EAST'::bpchar)","Rows Removed by Filter": 4,"Workers": []}]}]}]}]},{"Node Type": "Index Scan","Parent Relationship": "Inner","Parallel Aware": false,"Async Capable": false,"Scan Direction": "Forward","Index Name": "idx_orders_custkey","Relation Name": "orders","Alias": "orders","Startup Cost": 0.43,"Total Cost": 1.55,"Plan Rows": 3,"Plan Width": 8,"Actual Startup Time": 0.017,"Actual Total Time": 0.039,"Actual Rows": 2,"Actual Loops": 29904,"Index Cond": "(o_custkey = customer.c_custkey)","Rows Removed by Index Recheck": 0,"Filter": "((o_orderdate >= '1993-01-01'::date) AND (o_orderdate < '1994-01-01 00:00:00'::timestamp without time zone))","Rows Removed by Filter": 8,"Workers": []}]},{"Node Type": "Index Scan","Parent Relationship": "Inner","Parallel Aware": false,"Async Capable": false,"Scan Direction": "Forward","Index Name": "idx_lineitem_orderkey","Relation Name": "lineitem","Alias": "lineitem","Startup Cost": 0.43,"Total Cost": 2.90,"Plan Rows": 17,"Plan Width": 20,"Actual Startup Time": 0.017,"Actual Total Time": 0.019,"Actual Rows": 4,"Actual Loops": 44917,"Index Cond": "(l_orderkey = orders.o_orderkey)","Rows Removed by Index Recheck": 0,"Workers": []}]},{"Node Type": "Hash","Parent Relationship": "Inner","Parallel Aware": false,"Async Capable": false,"Startup Cost": 322.00,"Total Cost": 322.00,"Plan Rows": 10000,"Plan Width": 8,"Actual Startup Time": 13.351,"Actual Total Time": 13.355,"Actual Rows": 10000,"Actual Loops": 3,"Hash Buckets": 16384,"Original Hash Buckets": 16384,"Hash Batches": 1,"Original Hash Batches": 1,"Peak Memory Usage": 519,"Workers": [],"Plans": [{"Node Type": "Seq Scan","Parent Relationship": "Outer","Parallel Aware": false,"Async Capable": false,"Relation Name": "supplier","Alias": "supplier","Startup Cost": 0.00,"Total Cost": 322.00,"Plan Rows": 10000,"Plan Width": 8,"Actual Startup Time": 0.056,"Actual Total Time": 11.541,"Actual Rows": 10000,"Actual Loops": 3,"Workers": []}]}]}]}]}]}]}]},"Planning Time": 9.915,"Triggers": [],"Execution Time": 840.541}]
[{"Plan": {"Node Type": "Sort","Parallel Aware": false,"Async Capable": false,"Startup Cost": 21565.24,"Total Cost": 21565.30,"Plan Rows": 25,"Plan Width": 136,"Actual Startup Time": 829.883,"Actual Total Time": 862.581,"Actual Rows": 5,"Actual Loops": 1,"Sort Key": ["(sum((lineitem.l_extendedprice * ('1'::numeric - lineitem.l_discount)))) DESC"],"Sort Method": "quicksort","Sort Space Used": 25,"Sort Space Type": "Memory","Plans": [{"Node Type": "Aggregate","Strategy": "Sorted","Partial Mode": "Finalize","Parent Relationship": "Outer","Parallel Aware": false,"Async Capable": false,"Startup Cost": 21550.29,"Total Cost": 21564.66,"Plan Rows": 25,"Plan Width": 136,"Actual Startup Time": 829.271,"Actual Total Time": 862.532,"Actual Rows": 5,"Actual Loops": 1,"Group Key": ["nation.n_name"],"Plans": [{"Node Type": "Gather Merge","Parent Relationship": "Outer","Parallel Aware": false,"Async Capable": false,"Startup Cost": 21550.29,"Total Cost": 21563.97,"Plan Rows": 50,"Plan Width": 136,"Actual Startup Time": 829.074,"Actual Total Time": 862.478,"Actual Rows": 15,"Actual Loops": 1,"Workers Planned": 2,"Workers Launched": 2,"Plans": [{"Node Type": "Aggregate","Strategy": "Sorted","Partial Mode": "Partial","Parent Relationship": "Outer","Parallel Aware": false,"Async Capable": false,"Startup Cost": 20550.26,"Total Cost": 20558.18,"Plan Rows": 25,"Plan Width": 136,"Actual Startup Time": 821.816,"Actual Total Time": 822.538,"Actual Rows": 5,"Actual Loops": 3,"Group Key": ["nation.n_name"],"Workers": [],"Plans": [{"Node Type": "Sort","Parent Relationship": "Outer","Parallel Aware": false,"Async Capable": false,"Startup Cost": 20550.26,"Total Cost": 20551.78,"Plan Rows": 608,"Plan Width": 116,"Actual Startup Time": 821.604,"Actual Total Time": 821.730,"Actual Rows": 2468,"Actual Loops": 3,"Sort Key": ["nation.n_name"],"Sort Method": "quicksort","Sort Space Used": 285,"Sort Space Type": "Memory","Workers": [{"Worker Number": 0,"Sort Method": "quicksort","Sort Space Used": 293,"Sort Space Type": "Memory"},{"Worker Number": 1,"Sort Method": "quicksort","Sort Space Used": 290,"Sort Space Type": "Memory"}],"Plans": [{"Node Type": "Hash Join","Parent Relationship": "Outer","Parallel Aware": false,"Async Capable": false,"Join Type": "Inner","Startup Cost": 475.27,"Total Cost": 20522.15,"Plan Rows": 608,"Plan Width": 116,"Actual Startup Time": 10.349,"Actual Total Time": 819.988,"Actual Rows": 2468,"Actual Loops": 3,"Inner Unique": true,"Hash Cond": "((lineitem.l_suppkey = supplier.s_suppkey) AND (customer.c_nationkey = supplier.s_nationkey))","Workers": [],"Plans": [{"Node Type": "Nested Loop","Parent Relationship": "Outer","Parallel Aware": false,"Async Capable": false,"Join Type": "Inner","Startup Cost": 3.27,"Total Cost": 19970.29,"Plan Rows": 15211,"Plan Width": 128,"Actual Startup Time": 0.787,"Actual Total Time": 773.951,"Actual Rows": 61461,"Actual Loops": 3,"Inner Unique": false,"Workers": [],"Plans": [{"Node Type": "Nested Loop","Parent Relationship": "Outer","Parallel Aware": false,"Async Capable": false,"Join Type": "Inner","Startup Cost": 2.84,"Total Cost": 8414.26,"Plan Rows": 3802,"Plan Width": 116,"Actual Startup Time": 0.651,"Actual Total Time": 459.932,"Actual Rows": 15399,"Actual Loops": 3,"Inner Unique": false,"Workers": [],"Plans": [{"Node Type": "Hash Join","Parent Relationship": "Outer","Parallel Aware": false,"Async Capable": false,"Join Type": "Inner","Startup Cost": 2.41,"Total Cost": 4471.79,"Plan Rows": 2500,"Plan Width": 116,"Actual Startup Time": 0.245,"Actual Total Time": 55.063,"Actual Rows": 10066,"Actual Loops": 3,"Inner Unique": false,"Hash Cond": "(customer.c_nationkey = nation.n_nationkey)","Workers": [],"Plans": [{"Node Type": "Seq Scan","Parent Relationship": "Outer","Parallel Aware": true,"Async Capable": false,"Relation Name": "customer","Alias": "customer","Startup Cost": 0.00,"Total Cost": 4210.00,"Plan Rows": 62500,"Plan Width": 8,"Actual Startup Time": 0.014,"Actual Total Time": 9.571,"Actual Rows": 50000,"Actual Loops": 3,"Workers": []},{"Node Type": "Hash","Parent Relationship": "Inner","Parallel Aware": false,"Async Capable": false,"Startup Cost": 2.40,"Total Cost": 2.40,"Plan Rows": 1,"Plan Width": 108,"Actual Startup Time": 0.139,"Actual Total Time": 0.155,"Actual Rows": 5,"Actual Loops": 3,"Hash Buckets": 1024,"Original Hash Buckets": 1024,"Hash Batches": 1,"Original Hash Batches": 1,"Peak Memory Usage": 9,"Workers": [],"Plans": [{"Node Type": "Hash Join","Parent Relationship": "Outer","Parallel Aware": false,"Async Capable": false,"Join Type": "Inner","Startup Cost": 1.07,"Total Cost": 2.40,"Plan Rows": 1,"Plan Width": 108,"Actual Startup Time": 0.126,"Actual Total Time": 0.145,"Actual Rows": 5,"Actual Loops": 3,"Inner Unique": true,"Hash Cond": "(nation.n_regionkey = region.r_regionkey)","Workers": [],"Plans": [{"Node Type": "Seq Scan","Parent Relationship": "Outer","Parallel Aware": false,"Async Capable": false,"Relation Name": "nation","Alias": "nation","Startup Cost": 0.00,"Total Cost": 1.25,"Plan Rows": 25,"Plan Width": 112,"Actual Startup Time": 0.043,"Actual Total Time": 0.047,"Actual Rows": 25,"Actual Loops": 3,"Workers": []},{"Node Type": "Hash","Parent Relationship": "Inner","Parallel Aware": false,"Async Capable": false,"Startup Cost": 1.06,"Total Cost": 1.06,"Plan Rows": 1,"Plan Width": 4,"Actual Startup Time": 0.051,"Actual Total Time": 0.056,"Actual Rows": 1,"Actual Loops": 3,"Hash Buckets": 1024,"Original Hash Buckets": 1024,"Hash Batches": 1,"Original Hash Batches": 1,"Peak Memory Usage": 9,"Workers": [],"Plans": [{"Node Type": "Seq Scan","Parent Relationship": "Outer","Parallel Aware": false,"Async Capable": false,"Relation Name": "region","Alias": "region","Startup Cost": 0.00,"Total Cost": 1.06,"Plan Rows": 1,"Plan Width": 4,"Actual Startup Time": 0.037,"Actual Total Time": 0.039,"Actual Rows": 1,"Actual Loops": 3,"Filter": "(r_name = 'EUROPE'::bpchar)","Rows Removed by Filter": 4,"Workers": []}]}]}]}]},{"Node Type": "Index Scan","Parent Relationship": "Inner","Parallel Aware": false,"Async Capable": false,"Scan Direction": "Forward","Index Name": "idx_orders_custkey","Relation Name": "orders","Alias": "orders","Startup Cost": 0.43,"Total Cost": 1.55,"Plan Rows": 3,"Plan Width": 8,"Actual Startup Time": 0.017,"Actual Total Time": 0.040,"Actual Rows": 2,"Actual Loops": 30197,"Index Cond": "(o_custkey = customer.c_custkey)","Rows Removed by Index Recheck": 0,"Filter": "((o_orderdate >= '1995-01-01'::date) AND (o_orderdate < '1996-01-01 00:00:00'::timestamp without time zone))","Rows Removed by Filter": 9,"Workers": []}]},{"Node Type": "Index Scan","Parent Relationship": "Inner","Parallel Aware": false,"Async Capable": false,"Scan Direction": "Forward","Index Name": "idx_lineitem_orderkey","Relation Name": "lineitem","Alias": "lineitem","Startup Cost": 0.43,"Total Cost": 2.87,"Plan Rows": 17,"Plan Width": 20,"Actual Startup Time": 0.017,"Actual Total Time": 0.020,"Actual Rows": 4,"Actual Loops": 46197,"Index Cond": "(l_orderkey = orders.o_orderkey)","Rows Removed by Index Recheck": 0,"Workers": []}]},{"Node Type": "Hash","Parent Relationship": "Inner","Parallel Aware": false,"Async Capable": false,"Startup Cost": 322.00,"Total Cost": 322.00,"Plan Rows": 10000,"Plan Width": 8,"Actual Startup Time": 8.644,"Actual Total Time": 8.648,"Actual Rows": 10000,"Actual Loops": 3,"Hash Buckets": 16384,"Original Hash Buckets": 16384,"Hash Batches": 1,"Original Hash Batches": 1,"Peak Memory Usage": 519,"Workers": [],"Plans": [{"Node Type": "Seq Scan","Parent Relationship": "Outer","Parallel Aware": false,"Async Capable": false,"Relation Name": "supplier","Alias": "supplier","Startup Cost": 0.00,"Total Cost": 322.00,"Plan Rows": 10000,"Plan Width": 8,"Actual Startup Time": 0.045,"Actual Total Time": 6.681,"Actual Rows": 10000,"Actual Loops": 3,"Workers": []}]}]}]}]}]}]}]},"Planning Time": 10.340,"Triggers": [],"Execution Time": 863.182}]
[{"Plan": {"Node Type": "Sort","Parallel Aware": false,"Async Capable": false,"Startup Cost": 21565.81,"Total Cost": 21565.87,"Plan Rows": 25,"Plan Width": 136,"Actual Startup Time": 833.811,"Actual Total Time": 865.523,"Actual Rows": 5,"Actual Loops": 1,"Sort Key": ["(sum((lineitem.l_extendedprice * ('1'::numeric - lineitem.l_discount)))) DESC"],"Sort Method": "quicksort","Sort Space Used": 25,"Sort Space Type": "Memory","Plans": [{"Node Type": "Aggregate","Strategy": "Sorted","Partial Mode": "Finalize","Parent Relationship": "Outer","Parallel Aware": false,"Async Capable": false,"Startup Cost": 21550.86,"Total Cost": 21565.23,"Plan Rows": 25,"Plan Width": 136,"Actual Startup Time": 833.271,"Actual Total Time": 865.478,"Actual Rows": 5,"Actual Loops": 1,"Group Key": ["nation.n_name"],"Plans": [{"Node Type": "Gather Merge","Parent Relationship": "Outer","Parallel Aware": false,"Async Capable": false,"Startup Cost": 21550.86,"Total Cost": 21564.54,"Plan Rows": 50,"Plan Width": 136,"Actual Startup Time": 833.025,"Actual Total Time": 865.435,"Actual Rows": 15,"Actual Loops": 1,"Workers Planned": 2,"Workers Launched": 2,"Plans": [{"Node Type": "Aggregate","Strategy": "Sorted","Partial Mode": "Partial","Parent Relationship": "Outer","Parallel Aware": false,"Async Capable": false,"Startup Cost": 20550.84,"Total Cost": 20558.75,"Plan Rows": 25,"Plan Width": 136,"Actual Startup Time": 825.546,"Actual Total Time": 826.255,"Actual Rows": 5,"Actual Loops": 3,"Group Key": ["nation.n_name"],"Workers": [],"Plans": [{"Node Type": "Sort","Parent Relationship": "Outer","Parallel Aware": false,"Async Capable": false,"Startup Cost": 20550.84,"Total Cost": 20552.36,"Plan Rows": 608,"Plan Width": 116,"Actual Startup Time": 825.323,"Actual Total Time": 825.450,"Actual Rows": 2415,"Actual Loops": 3,"Sort Key": ["nation.n_name"],"Sort Method": "quicksort","Sort Space Used": 281,"Sort Space Type": "Memory","Workers": [{"Worker Number": 0,"Sort Method": "quicksort","Sort Space Used": 286,"Sort Space Type": "Memory"},{"Worker Number": 1,"Sort Method": "quicksort","Sort Space Used": 289,"Sort Space Type": "Memory"}],"Plans": [{"Node Type": "Hash Join","Parent Relationship": "Outer","Parallel Aware": false,"Async Capable": false,"Join Type": "Inner","Startup Cost": 475.27,"Total Cost": 20522.72,"Plan Rows": 608,"Plan Width": 116,"Actual Startup Time": 12.893,"Actual Total Time": 823.841,"Actual Rows": 2415,"Actual Loops": 3,"Inner Unique": true,"Hash Cond": "((lineitem.l_suppkey = supplier.s_suppkey) AND (customer.c_nationkey = supplier.s_nationkey))","Workers": [],"Plans": [{"Node Type": "Nested Loop","Parent Relationship": "Outer","Parallel Aware": false,"Async Capable": false,"Join Type": "Inner","Startup Cost": 3.27,"Total Cost": 19970.84,"Plan Rows": 15215,"Plan Width": 128,"Actual Startup Time": 0.809,"Actual Total Time": 777.035,"Actual Rows": 60714,"Actual Loops": 3,"Inner Unique": false,"Workers": [],"Plans": [{"Node Type": "Nested Loop","Parent Relationship": "Outer","Parallel Aware": false,"Async Capable": false,"Join Type": "Inner","Startup Cost": 2.84,"Total Cost": 8414.26,"Plan Rows": 3803,"Plan Width": 116,"Actual Startup Time": 0.660,"Actual Total Time": 471.667,"Actual Rows": 15226,"Actual Loops": 3,"Inner Unique": false,"Workers": [],"Plans": [{"Node Type": "Hash Join","Parent Relationship": "Outer","Parallel Aware": false,"Async Capable": false,"Join Type": "Inner","Startup Cost": 2.41,"Total Cost": 4471.79,"Plan Rows": 2500,"Plan Width": 116,"Actual Startup Time": 0.276,"Actual Total Time": 59.829,"Actual Rows": 10066,"Actual Loops": 3,"Inner Unique": false,"Hash Cond": "(customer.c_nationkey = nation.n_nationkey)","Workers": [],"Plans": [{"Node Type": "Seq Scan","Parent Relationship": "Outer","Parallel Aware": true,"Async Capable": false,"Relation Name": "customer","Alias": "customer","Startup Cost": 0.00,"Total Cost": 4210.00,"Plan Rows": 62500,"Plan Width": 8,"Actual Startup Time": 0.021,"Actual Total Time": 10.083,"Actual Rows": 50000,"Actual Loops": 3,"Workers": []},{"Node Type": "Hash","Parent Relationship": "Inner","Parallel Aware": false,"Async Capable": false,"Startup Cost": 2.40,"Total Cost": 2.40,"Plan Rows": 1,"Plan Width": 108,"Actual Startup Time": 0.154,"Actual Total Time": 0.171,"Actual Rows": 5,"Actual Loops": 3,"Hash Buckets": 1024,"Original Hash Buckets": 1024,"Hash Batches": 1,"Original Hash Batches": 1,"Peak Memory Usage": 9,"Workers": [],"Plans": [{"Node Type": "Hash Join","Parent Relationship": "Outer","Parallel Aware": false,"Async Capable": false,"Join Type": "Inner","Startup Cost": 1.07,"Total Cost": 2.40,"Plan Rows": 1,"Plan Width": 108,"Actual Startup Time": 0.139,"Actual Total Time": 0.162,"Actual Rows": 5,"Actual Loops": 3,"Inner Unique": true,"Hash Cond": "(nation.n_regionkey = region.r_regionkey)","Workers": [],"Plans": [{"Node Type": "Seq Scan","Parent Relationship": "Outer","Parallel Aware": false,"Async Capable": false,"Relation Name": "nation","Alias": "nation","Startup Cost": 0.00,"Total Cost": 1.25,"Plan Rows": 25,"Plan Width": 112,"Actual Startup Time": 0.051,"Actual Total Time": 0.055,"Actual Rows": 25,"Actual Loops": 3,"Workers": []},{"Node Type": "Hash","Parent Relationship": "Inner","Parallel Aware": false,"Async Capable": false,"Startup Cost": 1.06,"Total Cost": 1.06,"Plan Rows": 1,"Plan Width": 4,"Actual Startup Time": 0.057,"Actual Total Time": 0.063,"Actual Rows": 1,"Actual Loops": 3,"Hash Buckets": 1024,"Original Hash Buckets": 1024,"Hash Batches": 1,"Original Hash Batches": 1,"Peak Memory Usage": 9,"Workers": [],"Plans": [{"Node Type": "Seq Scan","Parent Relationship": "Outer","Parallel Aware": false,"Async Capable": false,"Relation Name": "region","Alias": "region","Startup Cost": 0.00,"Total Cost": 1.06,"Plan Rows": 1,"Plan Width": 4,"Actual Startup Time": 0.043,"Actual Total Time": 0.045,"Actual Rows": 1,"Actual Loops": 3,"Filter": "(r_name = 'EUROPE'::bpchar)","Rows Removed by Filter": 4,"Workers": []}]}]}]}]},{"Node Type": "Index Scan","Parent Relationship": "Inner","Parallel Aware": false,"Async Capable": false,"Scan Direction": "Forward","Index Name": "idx_orders_custkey","Relation Name": "orders","Alias": "orders","Startup Cost": 0.43,"Total Cost": 1.55,"Plan Rows": 3,"Plan Width": 8,"Actual Startup Time": 0.017,"Actual Total Time": 0.041,"Actual Rows": 2,"Actual Loops": 30197,"Index Cond": "(o_custkey = customer.c_custkey)","Rows Removed by Index Recheck": 0,"Filter": "((o_orderdate >= '1997-01-01'::date) AND (o_orderdate < '1998-01-01 00:00:00'::timestamp without time zone))","Rows Removed by Filter": 9,"Workers": []}]},{"Node Type": "Index Scan","Parent Relationship": "Inner","Parallel Aware": false,"Async Capable": false,"Scan Direction": "Forward","Index Name": "idx_lineitem_orderkey","Relation Name": "lineitem","Alias": "lineitem","Startup Cost": 0.43,"Total Cost": 2.87,"Plan Rows": 17,"Plan Width": 20,"Actual Startup Time": 0.017,"Actual Total Time": 0.019,"Actual Rows": 4,"Actual Loops": 45677,"Index Cond": "(l_orderkey = orders.o_orderkey)","Rows Removed by Index Recheck": 0,"Workers": []}]},{"Node Type": "Hash","Parent Relationship": "Inner","Parallel Aware": false,"Async Capable": false,"Startup Cost": 322.00,"Total Cost": 322.00,"Plan Rows": 10000,"Plan Width": 8,"Actual Startup Time": 11.560,"Actual Total Time": 11.566,"Actual Rows": 10000,"Actual Loops": 3,"Hash Buckets": 16384,"Original Hash Buckets": 16384,"Hash Batches": 1,"Original Hash Batches": 1,"Peak Memory Usage": 519,"Workers": [],"Plans": [{"Node Type": "Seq Scan","Parent Relationship": "Outer","Parallel Aware": false,"Async Capable": false,"Relation Name": "supplier","Alias": "supplier","Startup Cost": 0.00,"Total Cost": 322.00,"Plan Rows": 10000,"Plan Width": 8,"Actual Startup Time": 0.053,"Actual Total Time": 9.758,"Actual Rows": 10000,"Actual Loops": 3,"Workers": []}]}]}]}]}]}]}]},"Planning Time": 11.054,"Triggers": [],"Execution Time": 866.075}]
[{"Plan": {"Node Type": "Sort","Parallel Aware": false,"Async Capable": false,"Startup Cost": 21522.30,"Total Cost": 21522.36,"Plan Rows": 25,"Plan Width": 136,"Actual Startup Time": 815.371,"Actual Total Time": 846.364,"Actual Rows": 5,"Actual Loops": 1,"Sort Key": ["(sum((lineitem.l_extendedprice * ('1'::numeric - lineitem.l_discount)))) DESC"],"Sort Method": "quicksort","Sort Space Used": 25,"Sort Space Type": "Memory","Plans": [{"Node Type": "Aggregate","Strategy": "Sorted","Partial Mode": "Finalize","Parent Relationship": "Outer","Parallel Aware": false,"Async Capable": false,"Startup Cost": 21507.43,"Total Cost": 21521.72,"Plan Rows": 25,"Plan Width": 136,"Actual Startup Time": 814.708,"Actual Total Time": 846.319,"Actual Rows": 5,"Actual Loops": 1,"Group Key": ["nation.n_name"],"Plans": [{"Node Type": "Gather Merge","Parent Relationship": "Outer","Parallel Aware": false,"Async Capable": false,"Startup Cost": 21507.43,"Total Cost": 21521.03,"Plan Rows": 50,"Plan Width": 136,"Actual Startup Time": 814.181,"Actual Total Time": 846.266,"Actual Rows": 15,"Actual Loops": 1,"Workers Planned": 2,"Workers Launched": 2,"Plans": [{"Node Type": "Aggregate","Strategy": "Sorted","Partial Mode": "Partial","Parent Relationship": "Outer","Parallel Aware": false,"Async Capable": false,"Startup Cost": 20507.41,"Total Cost": 20515.23,"Plan Rows": 25,"Plan Width": 136,"Actual Startup Time": 806.060,"Actual Total Time": 806.902,"Actual Rows": 5,"Actual Loops": 3,"Group Key": ["nation.n_name"],"Workers": [],"Plans": [{"Node Type": "Sort","Parent Relationship": "Outer","Parallel Aware": false,"Async Capable": false,"Startup Cost": 20507.41,"Total Cost": 20508.91,"Plan Rows": 601,"Plan Width": 116,"Actual Startup Time": 805.845,"Actual Total Time": 805.988,"Actual Rows": 2405,"Actual Loops": 3,"Sort Key": ["nation.n_name"],"Sort Method": "quicksort","Sort Space Used": 288,"Sort Space Type": "Memory","Workers": [{"Worker Number": 0,"Sort Method": "quicksort","Sort Space Used": 282,"Sort Space Type": "Memory"},{"Worker Number": 1,"Sort Method": "quicksort","Sort Space Used": 284,"Sort Space Type": "Memory"}],"Plans": [{"Node Type": "Hash Join","Parent Relationship": "Outer","Parallel Aware": false,"Async Capable": false,"Join Type": "Inner","Startup Cost": 475.27,"Total Cost": 20479.67,"Plan Rows": 601,"Plan Width": 116,"Actual Startup Time": 14.857,"Actual Total Time": 804.339,"Actual Rows": 2405,"Actual Loops": 3,"Inner Unique": true,"Hash Cond": "((lineitem.l_suppkey = supplier.s_suppkey) AND (customer.c_nationkey = supplier.s_nationkey))","Workers": [],"Plans": [{"Node Type": "Nested Loop","Parent Relationship": "Outer","Parallel Aware": false,"Async Capable": false,"Join Type": "Inner","Startup Cost": 3.27,"Total Cost": 19928.78,"Plan Rows": 15027,"Plan Width": 128,"Actual Startup Time": 0.928,"Actual Total Time": 758.714,"Actual Rows": 60519,"Actual Loops": 3,"Inner Unique": false,"Workers": [],"Plans": [{"Node Type": "Nested Loop","Parent Relationship": "Outer","Parallel Aware": false,"Async Capable": false,"Join Type": "Inner","Startup Cost": 2.84,"Total Cost": 8414.26,"Plan Rows": 3756,"Plan Width": 116,"Actual Startup Time": 0.799,"Actual Total Time": 454.413,"Actual Rows": 15151,"Actual Loops": 3,"Inner Unique": false,"Workers": [],"Plans": [{"Node Type": "Hash Join","Parent Relationship": "Outer","Parallel Aware": false,"Async Capable": false,"Join Type": "Inner","Startup Cost": 2.41,"Total Cost": 4471.79,"Plan Rows": 2500,"Plan Width": 116,"Actual Startup Time": 0.321,"Actual Total Time": 54.810,"Actual Rows": 10061,"Actual Loops": 3,"Inner Unique": false,"Hash Cond": "(customer.c_nationkey = nation.n_nationkey)","Workers": [],"Plans": [{"Node Type": "Seq Scan","Parent Relationship": "Outer","Parallel Aware": true,"Async Capable": false,"Relation Name": "customer","Alias": "customer","Startup Cost": 0.00,"Total Cost": 4210.00,"Plan Rows": 62500,"Plan Width": 8,"Actual Startup Time": 0.016,"Actual Total Time": 9.647,"Actual Rows": 50000,"Actual Loops": 3,"Workers": []},{"Node Type": "Hash","Parent Relationship": "Inner","Parallel Aware": false,"Async Capable": false,"Startup Cost": 2.40,"Total Cost": 2.40,"Plan Rows": 1,"Plan Width": 108,"Actual Startup Time": 0.190,"Actual Total Time": 0.209,"Actual Rows": 5,"Actual Loops": 3,"Hash Buckets": 1024,"Original Hash Buckets": 1024,"Hash Batches": 1,"Original Hash Batches": 1,"Peak Memory Usage": 9,"Workers": [],"Plans": [{"Node Type": "Hash Join","Parent Relationship": "Outer","Parallel Aware": false,"Async Capable": false,"Join Type": "Inner","Startup Cost": 1.07,"Total Cost": 2.40,"Plan Rows": 1,"Plan Width": 108,"Actual Startup Time": 0.173,"Actual Total Time": 0.196,"Actual Rows": 5,"Actual Loops": 3,"Inner Unique": true,"Hash Cond": "(nation.n_regionkey = region.r_regionkey)","Workers": [],"Plans": [{"Node Type": "Seq Scan","Parent Relationship": "Outer","Parallel Aware": false,"Async Capable": false,"Relation Name": "nation","Alias": "nation","Startup Cost": 0.00,"Total Cost": 1.25,"Plan Rows": 25,"Plan Width": 112,"Actual Startup Time": 0.080,"Actual Total Time": 0.084,"Actual Rows": 25,"Actual Loops": 3,"Workers": []},{"Node Type": "Hash","Parent Relationship": "Inner","Parallel Aware": false,"Async Capable": false,"Startup Cost": 1.06,"Total Cost": 1.06,"Plan Rows": 1,"Plan Width": 4,"Actual Startup Time": 0.060,"Actual Total Time": 0.067,"Actual Rows": 1,"Actual Loops": 3,"Hash Buckets": 1024,"Original Hash Buckets": 1024,"Hash Batches": 1,"Original Hash Batches": 1,"Peak Memory Usage": 9,"Workers": [],"Plans": [{"Node Type": "Seq Scan","Parent Relationship": "Outer","Parallel Aware": false,"Async Capable": false,"Relation Name": "region","Alias": "region","Startup Cost": 0.00,"Total Cost": 1.06,"Plan Rows": 1,"Plan Width": 4,"Actual Startup Time": 0.046,"Actual Total Time": 0.049,"Actual Rows": 1,"Actual Loops": 3,"Filter": "(r_name = 'ASIA'::bpchar)","Rows Removed by Filter": 4,"Workers": []}]}]}]}]},{"Node Type": "Index Scan","Parent Relationship": "Inner","Parallel Aware": false,"Async Capable": false,"Scan Direction": "Forward","Index Name": "idx_orders_custkey","Relation Name": "orders","Alias": "orders","Startup Cost": 0.43,"Total Cost": 1.55,"Plan Rows": 3,"Plan Width": 8,"Actual Startup Time": 0.017,"Actual Total Time": 0.039,"Actual Rows": 2,"Actual Loops": 30183,"Index Cond": "(o_custkey = customer.c_custkey)","Rows Removed by Index Recheck": 0,"Filter": "((o_orderdate >= '1993-01-01'::date) AND (o_orderdate < '1994-01-01 00:00:00'::timestamp without time zone))","Rows Removed by Filter": 8,"Workers": []}]},{"Node Type": "Index Scan","Parent Relationship": "Inner","Parallel Aware": false,"Async Capable": false,"Scan Direction": "Forward","Index Name": "idx_lineitem_orderkey","Relation Name": "lineitem","Alias": "lineitem","Startup Cost": 0.43,"Total Cost": 2.90,"Plan Rows": 17,"Plan Width": 20,"Actual Startup Time": 0.017,"Actual Total Time": 0.019,"Actual Rows": 4,"Actual Loops": 45452,"Index Cond": "(l_orderkey = orders.o_orderkey)","Rows Removed by Index Recheck": 0,"Workers": []}]},{"Node Type": "Hash","Parent Relationship": "Inner","Parallel Aware": false,"Async Capable": false,"Startup Cost": 322.00,"Total Cost": 322.00,"Plan Rows": 10000,"Plan Width": 8,"Actual Startup Time": 13.249,"Actual Total Time": 13.253,"Actual Rows": 10000,"Actual Loops": 3,"Hash Buckets": 16384,"Original Hash Buckets": 16384,"Hash Batches": 1,"Original Hash Batches": 1,"Peak Memory Usage": 519,"Workers": [],"Plans": [{"Node Type": "Seq Scan","Parent Relationship": "Outer","Parallel Aware": false,"Async Capable": false,"Relation Name": "supplier","Alias": "supplier","Startup Cost": 0.00,"Total Cost": 322.00,"Plan Rows": 10000,"Plan Width": 8,"Actual Startup Time": 0.061,"Actual Total Time": 11.553,"Actual Rows": 10000,"Actual Loops": 3,"Workers": []}]}]}]}]}]}]}]},"Planning Time": 10.259,"Triggers": [],"Execution Time": 846.817}]
[{"Plan": {"Node Type": "Sort","Parallel Aware": false,"Async Capable": false,"Startup Cost": 21565.24,"Total Cost": 21565.30,"Plan Rows": 25,"Plan Width": 136,"Actual Startup Time": 812.920,"Actual Total Time": 845.337,"Actual Rows": 5,"Actual Loops": 1,"Sort Key": ["(sum((lineitem.l_extendedprice * ('1'::numeric - lineitem.l_discount)))) DESC"],"Sort Method": "quicksort","Sort Space Used": 25,"Sort Space Type": "Memory","Plans": [{"Node Type": "Aggregate","Strategy": "Sorted","Partial Mode": "Finalize","Parent Relationship": "Outer","Parallel Aware": false,"Async Capable": false,"Startup Cost": 21550.29,"Total Cost": 21564.66,"Plan Rows": 25,"Plan Width": 136,"Actual Startup Time": 812.284,"Actual Total Time": 845.271,"Actual Rows": 5,"Actual Loops": 1,"Group Key": ["nation.n_name"],"Plans": [{"Node Type": "Gather Merge","Parent Relationship": "Outer","Parallel Aware": false,"Async Capable": false,"Startup Cost": 21550.29,"Total Cost": 21563.97,"Plan Rows": 50,"Plan Width": 136,"Actual Startup Time": 812.043,"Actual Total Time": 845.216,"Actual Rows": 15,"Actual Loops": 1,"Workers Planned": 2,"Workers Launched": 2,"Plans": [{"Node Type": "Aggregate","Strategy": "Sorted","Partial Mode": "Partial","Parent Relationship": "Outer","Parallel Aware": false,"Async Capable": false,"Startup Cost": 20550.26,"Total Cost": 20558.18,"Plan Rows": 25,"Plan Width": 136,"Actual Startup Time": 804.529,"Actual Total Time": 805.274,"Actual Rows": 5,"Actual Loops": 3,"Group Key": ["nation.n_name"],"Workers": [],"Plans": [{"Node Type": "Sort","Parent Relationship": "Outer","Parallel Aware": false,"Async Capable": false,"Startup Cost": 20550.26,"Total Cost": 20551.78,"Plan Rows": 608,"Plan Width": 116,"Actual Startup Time": 804.312,"Actual Total Time": 804.451,"Actual Rows": 2459,"Actual Loops": 3,"Sort Key": ["nation.n_name"],"Sort Method": "quicksort","Sort Space Used": 291,"Sort Space Type": "Memory","Workers": [{"Worker Number": 0,"Sort Method": "quicksort","Sort Space Used": 281,"Sort Space Type": "Memory"},{"Worker Number": 1,"Sort Method": "quicksort","Sort Space Used": 294,"Sort Space Type": "Memory"}],"Plans": [{"Node Type": "Hash Join","Parent Relationship": "Outer","Parallel Aware": false,"Async Capable": false,"Join Type": "Inner","Startup Cost": 475.27,"Total Cost": 20522.15,"Plan Rows": 608,"Plan Width": 116,"Actual Startup Time": 9.963,"Actual Total Time": 802.770,"Actual Rows": 2459,"Actual Loops": 3,"Inner Unique": true,"Hash Cond": "((lineitem.l_suppkey = supplier.s_suppkey) AND (customer.c_nationkey = supplier.s_nationkey))","Workers": [],"Plans": [{"Node Type": "Nested Loop","Parent Relationship": "Outer","Parallel Aware": false,"Async Capable": false,"Join Type": "Inner","Startup Cost": 3.27,"Total Cost": 19970.29,"Plan Rows": 15211,"Plan Width": 128,"Actual Startup Time": 0.726,"Actual Total Time": 761.226,"Actual Rows": 61195,"Actual Loops": 3,"Inner Unique": false,"Workers": [],"Plans": [{"Node Type": "Nested Loop","Parent Relationship": "Outer","Parallel Aware": false,"Async Capable": false,"Join Type": "Inner","Startup Cost": 2.84,"Total Cost": 8414.26,"Plan Rows": 3802,"Plan Width": 116,"Actual Startup Time": 0.590,"Actual Total Time": 455.580,"Actual Rows": 15244,"Actual Loops": 3,"Inner Unique": false,"Workers": [],"Plans": [{"Node Type": "Hash Join","Parent Relationship": "Outer","Parallel Aware": false,"Async Capable": false,"Join Type": "Inner","Startup Cost": 2.41,"Total Cost": 4471.79,"Plan Rows": 2500,"Plan Width": 116,"Actual Startup Time": 0.294,"Actual Total Time": 55.676,"Actual Rows": 10061,"Actual Loops": 3,"Inner Unique": false,"Hash Cond": "(customer.c_nationkey = nation.n_nationkey)","Workers": [],"Plans": [{"Node Type": "Seq Scan","Parent Relationship": "Outer","Parallel Aware": true,"Async Capable": false,"Relation Name": "customer","Alias": "customer","Startup Cost": 0.00,"Total Cost": 4210.00,"Plan Rows": 62500,"Plan Width": 8,"Actual Startup Time": 0.018,"Actual Total Time": 9.635,"Actual Rows": 50000,"Actual Loops": 3,"Workers": []},{"Node Type": "Hash","Parent Relationship": "Inner","Parallel Aware": false,"Async Capable": false,"Startup Cost": 2.40,"Total Cost": 2.40,"Plan Rows": 1,"Plan Width": 108,"Actual Startup Time": 0.169,"Actual Total Time": 0.188,"Actual Rows": 5,"Actual Loops": 3,"Hash Buckets": 1024,"Original Hash Buckets": 1024,"Hash Batches": 1,"Original Hash Batches": 1,"Peak Memory Usage": 9,"Workers": [],"Plans": [{"Node Type": "Hash Join","Parent Relationship": "Outer","Parallel Aware": false,"Async Capable": false,"Join Type": "Inner","Startup Cost": 1.07,"Total Cost": 2.40,"Plan Rows": 1,"Plan Width": 108,"Actual Startup Time": 0.153,"Actual Total Time": 0.175,"Actual Rows": 5,"Actual Loops": 3,"Inner Unique": true,"Hash Cond": "(nation.n_regionkey = region.r_regionkey)","Workers": [],"Plans": [{"Node Type": "Seq Scan","Parent Relationship": "Outer","Parallel Aware": false,"Async Capable": false,"Relation Name": "nation","Alias": "nation","Startup Cost": 0.00,"Total Cost": 1.25,"Plan Rows": 25,"Plan Width": 112,"Actual Startup Time": 0.049,"Actual Total Time": 0.052,"Actual Rows": 25,"Actual Loops": 3,"Workers": []},{"Node Type": "Hash","Parent Relationship": "Inner","Parallel Aware": false,"Async Capable": false,"Startup Cost": 1.06,"Total Cost": 1.06,"Plan Rows": 1,"Plan Width": 4,"Actual Startup Time": 0.069,"Actual Total Time": 0.076,"Actual Rows": 1,"Actual Loops": 3,"Hash Buckets": 1024,"Original Hash Buckets": 1024,"Hash Batches": 1,"Original Hash Batches": 1,"Peak Memory Usage": 9,"Workers": [],"Plans": [{"Node Type": "Seq Scan","Parent Relationship": "Outer","Parallel Aware": false,"Async Capable": false,"Relation Name": "region","Alias": "region","Startup Cost": 0.00,"Total Cost": 1.06,"Plan Rows": 1,"Plan Width": 4,"Actual Startup Time": 0.054,"Actual Total Time": 0.057,"Actual Rows": 1,"Actual Loops": 3,"Filter": "(r_name = 'ASIA'::bpchar)","Rows Removed by Filter": 4,"Workers": []}]}]}]}]},{"Node Type": "Index Scan","Parent Relationship": "Inner","Parallel Aware": false,"Async Capable": false,"Scan Direction": "Forward","Index Name": "idx_orders_custkey","Relation Name": "orders","Alias": "orders","Startup Cost": 0.43,"Total Cost": 1.55,"Plan Rows": 3,"Plan Width": 8,"Actual Startup Time": 0.017,"Actual Total Time": 0.039,"Actual Rows": 2,"Actual Loops": 30183,"Index Cond": "(o_custkey = customer.c_custkey)","Rows Removed by Index Recheck": 0,"Filter": "((o_orderdate >= '1995-01-01'::date) AND (o_orderdate < '1996-01-01 00:00:00'::timestamp without time zone))","Rows Removed by Filter": 8,"Workers": []}]},{"Node Type": "Index Scan","Parent Relationship": "Inner","Parallel Aware": false,"Async Capable": false,"Scan Direction": "Forward","Index Name": "idx_lineitem_orderkey","Relation Name": "lineitem","Alias": "lineitem","Startup Cost": 0.43,"Total Cost": 2.87,"Plan Rows": 17,"Plan Width": 20,"Actual Startup Time": 0.017,"Actual Total Time": 0.019,"Actual Rows": 4,"Actual Loops": 45731,"Index Cond": "(l_orderkey = orders.o_orderkey)","Rows Removed by Index Recheck": 0,"Workers": []}]},{"Node Type": "Hash","Parent Relationship": "Inner","Parallel Aware": false,"Async Capable": false,"Startup Cost": 322.00,"Total Cost": 322.00,"Plan Rows": 10000,"Plan Width": 8,"Actual Startup Time": 8.662,"Actual Total Time": 8.670,"Actual Rows": 10000,"Actual Loops": 3,"Hash Buckets": 16384,"Original Hash Buckets": 16384,"Hash Batches": 1,"Original Hash Batches": 1,"Peak Memory Usage": 519,"Workers": [],"Plans": [{"Node Type": "Seq Scan","Parent Relationship": "Outer","Parallel Aware": false,"Async Capable": false,"Relation Name": "supplier","Alias": "supplier","Startup Cost": 0.00,"Total Cost": 322.00,"Plan Rows": 10000,"Plan Width": 8,"Actual Startup Time": 0.038,"Actual Total Time": 6.811,"Actual Rows": 10000,"Actual Loops": 3,"Workers": []}]}]}]}]}]}]}]},"Planning Time": 10.579,"Triggers": [],"Execution Time": 845.911}]
[{"Plan": {"Node Type": "Sort","Parallel Aware": false,"Async Capable": false,"Startup Cost": 21612.43,"Total Cost": 21612.50,"Plan Rows": 25,"Plan Width": 136,"Actual Startup Time": 869.393,"Actual Total Time": 902.560,"Actual Rows": 5,"Actual Loops": 1,"Sort Key": ["(sum((lineitem.l_extendedprice * ('1'::numeric - lineitem.l_discount)))) DESC"],"Sort Method": "quicksort","Sort Space Used": 25,"Sort Space Type": "Memory","Plans": [{"Node Type": "Aggregate","Strategy": "Sorted","Partial Mode": "Finalize","Parent Relationship": "Outer","Parallel Aware": false,"Async Capable": false,"Startup Cost": 21597.38,"Total Cost": 21611.85,"Plan Rows": 25,"Plan Width": 136,"Actual Startup Time": 868.803,"Actual Total Time": 902.507,"Actual Rows": 5,"Actual Loops": 1,"Group Key": ["nation.n_name"],"Plans": [{"Node Type": "Gather Merge","Parent Relationship": "Outer","Parallel Aware": false,"Async Capable": false,"Startup Cost": 21597.38,"Total Cost": 21611.17,"Plan Rows": 50,"Plan Width": 136,"Actual Startup Time": 868.587,"Actual Total Time": 902.449,"Actual Rows": 15,"Actual Loops": 1,"Workers Planned": 2,"Workers Launched": 2,"Plans": [{"Node Type": "Aggregate","Strategy": "Sorted","Partial Mode": "Partial","Parent Relationship": "Outer","Parallel Aware": false,"Async Capable": false,"Startup Cost": 20597.36,"Total Cost": 20605.37,"Plan Rows": 25,"Plan Width": 136,"Actual Startup Time": 861.245,"Actual Total Time": 861.945,"Actual Rows": 5,"Actual Loops": 3,"Group Key": ["nation.n_name"],"Workers": [],"Plans": [{"Node Type": "Sort","Parent Relationship": "Outer","Parallel Aware": false,"Async Capable": false,"Startup Cost": 20597.36,"Total Cost": 20598.90,"Plan Rows": 616,"Plan Width": 116,"Actual Startup Time": 861.036,"Actual Total Time": 861.162,"Actual Rows": 2414,"Actual Loops": 3,"Sort Key": ["nation.n_name"],"Sort Method": "quicksort","Sort Space Used": 290,"Sort Space Type": "Memory","Workers": [{"Worker Number": 0,"Sort Method": "quicksort","Sort Space Used": 286,"Sort Space Type": "Memory"},{"Worker Number": 1,"Sort Method": "quicksort","Sort Space Used": 280,"Sort Space Type": "Memory"}],"Plans": [{"Node Type": "Hash Join","Parent Relationship": "Outer","Parallel Aware": false,"Async Capable": false,"Join Type": "Inner","Startup Cost": 475.27,"Total Cost": 20568.82,"Plan Rows": 616,"Plan Width": 116,"Actual Startup Time": 8.997,"Actual Total Time": 859.532,"Actual Rows": 2414,"Actual Loops": 3,"Inner Unique": true,"Hash Cond": "((lineitem.l_suppkey = supplier.s_suppkey) AND (customer.c_nationkey = supplier.s_nationkey))","Workers": [],"Plans": [{"Node Type": "Nested Loop","Parent Relationship": "Outer","Parallel Aware": false,"Async Capable": false,"Join Type": "Inner","Startup Cost": 3.27,"Total Cost": 20015.89,"Plan Rows": 15415,"Plan Width": 128,"Actual Startup Time": 0.541,"Actual Total Time": 809.441,"Actual Rows": 61361,"Actual Loops": 3,"Inner Unique": false,"Workers": [],"Plans": [{"Node Type": "Nested Loop","Parent Relationship": "Outer","Parallel Aware": false,"Async Capable": false,"Join Type": "Inner","Startup Cost": 2.84,"Total Cost": 8414.26,"Plan Rows": 3853,"Plan Width": 116,"Actual Startup Time": 0.418,"Actual Total Time": 486.368,"Actual Rows": 15336,"Actual Loops": 3,"Inner Unique": false,"Workers": [],"Plans": [{"Node Type": "Hash Join","Parent Relationship": "Outer","Parallel Aware": false,"Async Capable": false,"Join Type": "Inner","Startup Cost": 2.41,"Total Cost": 4471.79,"Plan Rows": 2500,"Plan Width": 116,"Actual Startup Time": 0.218,"Actual Total Time": 58.257,"Actual Rows": 10061,"Actual Loops": 3,"Inner Unique": false,"Hash Cond": "(customer.c_nationkey = nation.n_nationkey)","Workers": [],"Plans": [{"Node Type": "Seq Scan","Parent Relationship": "Outer","Parallel Aware": true,"Async Capable": false,"Relation Name": "customer","Alias": "customer","Startup Cost": 0.00,"Total Cost": 4210.00,"Plan Rows": 62500,"Plan Width": 8,"Actual Startup Time": 0.013,"Actual Total Time": 9.753,"Actual Rows": 50000,"Actual Loops": 3,"Workers": []},{"Node Type": "Hash","Parent Relationship": "Inner","Parallel Aware": false,"Async Capable": false,"Startup Cost": 2.40,"Total Cost": 2.40,"Plan Rows": 1,"Plan Width": 108,"Actual Startup Time": 0.117,"Actual Total Time": 0.137,"Actual Rows": 5,"Actual Loops": 3,"Hash Buckets": 1024,"Original Hash Buckets": 1024,"Hash Batches": 1,"Original Hash Batches": 1,"Peak Memory Usage": 9,"Workers": [],"Plans": [{"Node Type": "Hash Join","Parent Relationship": "Outer","Parallel Aware": false,"Async Capable": false,"Join Type": "Inner","Startup Cost": 1.07,"Total Cost": 2.40,"Plan Rows": 1,"Plan Width": 108,"Actual Startup Time": 0.106,"Actual Total Time": 0.128,"Actual Rows": 5,"Actual Loops": 3,"Inner Unique": true,"Hash Cond": "(nation.n_regionkey = region.r_regionkey)","Workers": [],"Plans": [{"Node Type": "Seq Scan","Parent Relationship": "Outer","Parallel Aware": false,"Async Capable": false,"Relation Name": "nation","Alias": "nation","Startup Cost": 0.00,"Total Cost": 1.25,"Plan Rows": 25,"Plan Width": 112,"Actual Startup Time": 0.035,"Actual Total Time": 0.039,"Actual Rows": 25,"Actual Loops": 3,"Workers": []},{"Node Type": "Hash","Parent Relationship": "Inner","Parallel Aware": false,"Async Capable": false,"Startup Cost": 1.06,"Total Cost": 1.06,"Plan Rows": 1,"Plan Width": 4,"Actual Startup Time": 0.043,"Actual Total Time": 0.050,"Actual Rows": 1,"Actual Loops": 3,"Hash Buckets": 1024,"Original Hash Buckets": 1024,"Hash Batches": 1,"Original Hash Batches": 1,"Peak Memory Usage": 9,"Workers": [],"Plans": [{"Node Type": "Seq Scan","Parent Relationship": "Outer","Parallel Aware": false,"Async Capable": false,"Relation Name": "region","Alias": "region","Startup Cost": 0.00,"Total Cost": 1.06,"Plan Rows": 1,"Plan Width": 4,"Actual Startup Time": 0.031,"Actual Total Time": 0.033,"Actual Rows": 1,"Actual Loops": 3,"Filter": "(r_name = 'ASIA'::bpchar)","Rows Removed by Filter": 4,"Workers": []}]}]}]}]},{"Node Type": "Index Scan","Parent Relationship": "Inner","Parallel Aware": false,"Async Capable": false,"Scan Direction": "Forward","Index Name": "idx_orders_custkey","Relation Name": "orders","Alias": "orders","Startup Cost": 0.43,"Total Cost": 1.55,"Plan Rows": 3,"Plan Width": 8,"Actual Startup Time": 0.018,"Actual Total Time": 0.042,"Actual Rows": 2,"Actual Loops": 30183,"Index Cond": "(o_custkey = customer.c_custkey)","Rows Removed by Index Recheck": 0,"Filter": "((o_orderdate >= '1994-01-01'::date) AND (o_orderdate < '1995-01-01 00:00:00'::timestamp without time zone))","Rows Removed by Filter": 8,"Workers": []}]},{"Node Type": "Index Scan","Parent Relationship": "Inner","Parallel Aware": false,"Async Capable": false,"Scan Direction": "Forward","Index Name": "idx_lineitem_orderkey","Relation Name": "lineitem","Alias": "lineitem","Startup Cost": 0.43,"Total Cost": 2.84,"Plan Rows": 17,"Plan Width": 20,"Actual Startup Time": 0.017,"Actual Total Time": 0.020,"Actual Rows": 4,"Actual Loops": 46008,"Index Cond": "(l_orderkey = orders.o_orderkey)","Rows Removed by Index Recheck": 0,"Workers": []}]},{"Node Type": "Hash","Parent Relationship": "Inner","Parallel Aware": false,"Async Capable": false,"Startup Cost": 322.00,"Total Cost": 322.00,"Plan Rows": 10000,"Plan Width": 8,"Actual Startup Time": 7.849,"Actual Total Time": 7.853,"Actual Rows": 10000,"Actual Loops": 3,"Hash Buckets": 16384,"Original Hash Buckets": 16384,"Hash Batches": 1,"Original Hash Batches": 1,"Peak Memory Usage": 519,"Workers": [],"Plans": [{"Node Type": "Seq Scan","Parent Relationship": "Outer","Parallel Aware": false,"Async Capable": false,"Relation Name": "supplier","Alias": "supplier","Startup Cost": 0.00,"Total Cost": 322.00,"Plan Rows": 10000,"Plan Width": 8,"Actual Startup Time": 0.047,"Actual Total Time": 6.106,"Actual Rows": 10000,"Actual Loops": 3,"Workers": []}]}]}]}]}]}]}]},"Planning Time": 10.218,"Triggers": [],"Execution Time": 903.179}]
[{"Plan": {"Node Type": "Sort","Parallel Aware": false,"Async Capable": false,"Startup Cost": 21616.39,"Total Cost": 21616.45,"Plan Rows": 25,"Plan Width": 136,"Actual Startup Time": 804.800,"Actual Total Time": 836.793,"Actual Rows": 5,"Actual Loops": 1,"Sort Key": ["(sum((lineitem.l_extendedprice * ('1'::numeric - lineitem.l_discount)))) DESC"],"Sort Method": "quicksort","Sort Space Used": 25,"Sort Space Type": "Memory","Plans": [{"Node Type": "Aggregate","Strategy": "Sorted","Partial Mode": "Finalize","Parent Relationship": "Outer","Parallel Aware": false,"Async Capable": false,"Startup Cost": 21601.33,"Total Cost": 21615.81,"Plan Rows": 25,"Plan Width": 136,"Actual Startup Time": 804.196,"Actual Total Time": 836.738,"Actual Rows": 5,"Actual Loops": 1,"Group Key": ["nation.n_name"],"Plans": [{"Node Type": "Gather Merge","Parent Relationship": "Outer","Parallel Aware": false,"Async Capable": false,"Startup Cost": 21601.33,"Total Cost": 21615.12,"Plan Rows": 50,"Plan Width": 136,"Actual Startup Time": 803.537,"Actual Total Time": 836.675,"Actual Rows": 15,"Actual Loops": 1,"Workers Planned": 2,"Workers Launched": 2,"Plans": [{"Node Type": "Aggregate","Strategy": "Sorted","Partial Mode": "Partial","Parent Relationship": "Outer","Parallel Aware": false,"Async Capable": false,"Startup Cost": 20601.30,"Total Cost": 20609.33,"Plan Rows": 25,"Plan Width": 136,"Actual Startup Time": 795.499,"Actual Total Time": 796.369,"Actual Rows": 5,"Actual Loops": 3,"Group Key": ["nation.n_name"],"Workers": [],"Plans": [{"Node Type": "Sort","Parent Relationship": "Outer","Parallel Aware": false,"Async Capable": false,"Startup Cost": 20601.30,"Total Cost": 20602.85,"Plan Rows": 617,"Plan Width": 116,"Actual Startup Time": 795.285,"Actual Total Time": 795.436,"Actual Rows": 2498,"Actual Loops": 3,"Sort Key": ["nation.n_name"],"Sort Method": "quicksort","Sort Space Used": 299,"Sort Space Type": "Memory","Workers": [{"Worker Number": 0,"Sort Method": "quicksort","Sort Space Used": 291,"Sort Space Type": "Memory"},{"Worker Number": 1,"Sort Method": "quicksort","Sort Space Used": 284,"Sort Space Type": "Memory"}],"Plans": [{"Node Type": "Hash Join","Parent Relationship": "Outer","Parallel Aware": false,"Async Capable": false,"Join Type": "Inner","Startup Cost": 475.27,"Total Cost": 20572.71,"Plan Rows": 617,"Plan Width": 116,"Actual Startup Time": 14.014,"Actual Total Time": 793.817,"Actual Rows": 2498,"Actual Loops": 3,"Inner Unique": true,"Hash Cond": "((lineitem.l_suppkey = supplier.s_suppkey) AND (customer.c_nationkey = supplier.s_nationkey))","Workers": [],"Plans": [{"Node Type": "Nested Loop","Parent Relationship": "Outer","Parallel Aware": false,"Async Capable": false,"Join Type": "Inner","Startup Cost": 3.27,"Total Cost": 20019.70,"Plan Rows": 15431,"Plan Width": 128,"Actual Startup Time": 0.837,"Actual Total Time": 749.002,"Actual Rows": 60742,"Actual Loops": 3,"Inner Unique": false,"Workers": [],"Plans": [{"Node Type": "Nested Loop","Parent Relationship": "Outer","Parallel Aware": false,"Async Capable": false,"Join Type": "Inner","Startup Cost": 2.84,"Total Cost": 8414.26,"Plan Rows": 3857,"Plan Width": 116,"Actual Startup Time": 0.706,"Actual Total Time": 447.815,"Actual Rows": 15183,"Actual Loops": 3,"Inner Unique": false,"Workers": [],"Plans": [{"Node Type": "Hash Join","Parent Relationship": "Outer","Parallel Aware": false,"Async Capable": false,"Join Type": "Inner","Startup Cost": 2.41,"Total Cost": 4471.79,"Plan Rows": 2500,"Plan Width": 116,"Actual Startup Time": 0.258,"Actual Total Time": 55.848,"Actual Rows": 9984,"Actual Loops": 3,"Inner Unique": false,"Hash Cond": "(customer.c_nationkey = nation.n_nationkey)","Workers": [],"Plans": [{"Node Type": "Seq Scan","Parent Relationship": "Outer","Parallel Aware": true,"Async Capable": false,"Relation Name": "customer","Alias": "customer","Startup Cost": 0.00,"Total Cost": 4210.00,"Plan Rows": 62500,"Plan Width": 8,"Actual Startup Time": 0.017,"Actual Total Time": 9.503,"Actual Rows": 50000,"Actual Loops": 3,"Workers": []},{"Node Type": "Hash","Parent Relationship": "Inner","Parallel Aware": false,"Async Capable": false,"Startup Cost": 2.40,"Total Cost": 2.40,"Plan Rows": 1,"Plan Width": 108,"Actual Startup Time": 0.153,"Actual Total Time": 0.178,"Actual Rows": 5,"Actual Loops": 3,"Hash Buckets": 1024,"Original Hash Buckets": 1024,"Hash Batches": 1,"Original Hash Batches": 1,"Peak Memory Usage": 9,"Workers": [],"Plans": [{"Node Type": "Hash Join","Parent Relationship": "Outer","Parallel Aware": false,"Async Capable": false,"Join Type": "Inner","Startup Cost": 1.07,"Total Cost": 2.40,"Plan Rows": 1,"Plan Width": 108,"Actual Startup Time": 0.136,"Actual Total Time": 0.167,"Actual Rows": 5,"Actual Loops": 3,"Inner Unique": true,"Hash Cond": "(nation.n_regionkey = region.r_regionkey)","Workers": [],"Plans": [{"Node Type": "Seq Scan","Parent Relationship": "Outer","Parallel Aware": false,"Async Capable": false,"Relation Name": "nation","Alias": "nation","Startup Cost": 0.00,"Total Cost": 1.25,"Plan Rows": 25,"Plan Width": 112,"Actual Startup Time": 0.055,"Actual Total Time": 0.059,"Actual Rows": 25,"Actual Loops": 3,"Workers": []},{"Node Type": "Hash","Parent Relationship": "Inner","Parallel Aware": false,"Async Capable": false,"Startup Cost": 1.06,"Total Cost": 1.06,"Plan Rows": 1,"Plan Width": 4,"Actual Startup Time": 0.050,"Actual Total Time": 0.057,"Actual Rows": 1,"Actual Loops": 3,"Hash Buckets": 1024,"Original Hash Buckets": 1024,"Hash Batches": 1,"Original Hash Batches": 1,"Peak Memory Usage": 9,"Workers": [],"Plans": [{"Node Type": "Seq Scan","Parent Relationship": "Outer","Parallel Aware": false,"Async Capable": false,"Relation Name": "region","Alias": "region","Startup Cost": 0.00,"Total Cost": 1.06,"Plan Rows": 1,"Plan Width": 4,"Actual Startup Time": 0.036,"Actual Total Time": 0.039,"Actual Rows": 1,"Actual Loops": 3,"Filter": "(r_name = 'AMERICA'::bpchar)","Rows Removed by Filter": 4,"Workers": []}]}]}]}]},{"Node Type": "Index Scan","Parent Relationship": "Inner","Parallel Aware": false,"Async Capable": false,"Scan Direction": "Forward","Index Name": "idx_orders_custkey","Relation Name": "orders","Alias": "orders","Startup Cost": 0.43,"Total Cost": 1.55,"Plan Rows": 3,"Plan Width": 8,"Actual Startup Time": 0.017,"Actual Total Time": 0.039,"Actual Rows": 2,"Actual Loops": 29952,"Index Cond": "(o_custkey = customer.c_custkey)","Rows Removed by Index Recheck": 0,"Filter": "((o_orderdate >= '1996-01-01'::date) AND (o_orderdate < '1997-01-01 00:00:00'::timestamp without time zone))","Rows Removed by Filter": 8,"Workers": []}]},{"Node Type": "Index Scan","Parent Relationship": "Inner","Parallel Aware": false,"Async Capable": false,"Scan Direction": "Forward","Index Name": "idx_lineitem_orderkey","Relation Name": "lineitem","Alias": "lineitem","Startup Cost": 0.43,"Total Cost": 2.84,"Plan Rows": 17,"Plan Width": 20,"Actual Startup Time": 0.016,"Actual Total Time": 0.019,"Actual Rows": 4,"Actual Loops": 45549,"Index Cond": "(l_orderkey = orders.o_orderkey)","Rows Removed by Index Recheck": 0,"Workers": []}]},{"Node Type": "Hash","Parent Relationship": "Inner","Parallel Aware": false,"Async Capable": false,"Startup Cost": 322.00,"Total Cost": 322.00,"Plan Rows": 10000,"Plan Width": 8,"Actual Startup Time": 12.297,"Actual Total Time": 12.301,"Actual Rows": 10000,"Actual Loops": 3,"Hash Buckets": 16384,"Original Hash Buckets": 16384,"Hash Batches": 1,"Original Hash Batches": 1,"Peak Memory Usage": 519,"Workers": [],"Plans": [{"Node Type": "Seq Scan","Parent Relationship": "Outer","Parallel Aware": false,"Async Capable": false,"Relation Name": "supplier","Alias": "supplier","Startup Cost": 0.00,"Total Cost": 322.00,"Plan Rows": 10000,"Plan Width": 8,"Actual Startup Time": 0.045,"Actual Total Time": 10.666,"Actual Rows": 10000,"Actual Loops": 3,"Workers": []}]}]}]}]}]}]}]},"Planning Time": 9.455,"Triggers": [],"Execution Time": 837.268}]
[{"Plan": {"Node Type": "Sort","Parallel Aware": false,"Async Capable": false,"Startup Cost": 21565.81,"Total Cost": 21565.87,"Plan Rows": 25,"Plan Width": 136,"Actual Startup Time": 826.666,"Actual Total Time": 858.678,"Actual Rows": 5,"Actual Loops": 1,"Sort Key": ["(sum((lineitem.l_extendedprice * ('1'::numeric - lineitem.l_discount)))) DESC"],"Sort Method": "quicksort","Sort Space Used": 25,"Sort Space Type": "Memory","Plans": [{"Node Type": "Aggregate","Strategy": "Sorted","Partial Mode": "Finalize","Parent Relationship": "Outer","Parallel Aware": false,"Async Capable": false,"Startup Cost": 21550.86,"Total Cost": 21565.23,"Plan Rows": 25,"Plan Width": 136,"Actual Startup Time": 825.974,"Actual Total Time": 858.621,"Actual Rows": 5,"Actual Loops": 1,"Group Key": ["nation.n_name"],"Plans": [{"Node Type": "Gather Merge","Parent Relationship": "Outer","Parallel Aware": false,"Async Capable": false,"Startup Cost": 21550.86,"Total Cost": 21564.54,"Plan Rows": 50,"Plan Width": 136,"Actual Startup Time": 825.726,"Actual Total Time": 858.579,"Actual Rows": 15,"Actual Loops": 1,"Workers Planned": 2,"Workers Launched": 2,"Plans": [{"Node Type": "Aggregate","Strategy": "Sorted","Partial Mode": "Partial","Parent Relationship": "Outer","Parallel Aware": false,"Async Capable": false,"Startup Cost": 20550.84,"Total Cost": 20558.75,"Plan Rows": 25,"Plan Width": 136,"Actual Startup Time": 818.223,"Actual Total Time": 818.980,"Actual Rows": 5,"Actual Loops": 3,"Group Key": ["nation.n_name"],"Workers": [],"Plans": [{"Node Type": "Sort","Parent Relationship": "Outer","Parallel Aware": false,"Async Capable": false,"Startup Cost": 20550.84,"Total Cost": 20552.36,"Plan Rows": 608,"Plan Width": 116,"Actual Startup Time": 818.011,"Actual Total Time": 818.145,"Actual Rows": 2489,"Actual Loops": 3,"Sort Key": ["nation.n_name"],"Sort Method": "quicksort","Sort Space Used": 294,"Sort Space Type": "Memory","Workers": [{"Worker Number": 0,"Sort Method": "quicksort","Sort Space Used": 286,"Sort Space Type": "Memory"},{"Worker Number": 1,"Sort Method": "quicksort","Sort Space Used": 292,"Sort Space Type": "Memory"}],"Plans": [{"Node Type": "Hash Join","Parent Relationship": "Outer","Parallel Aware": false,"Async Capable": false,"Join Type": "Inner","Startup Cost": 475.27,"Total Cost": 20522.72,"Plan Rows": 608,"Plan Width": 116,"Actual Startup Time": 11.840,"Actual Total Time": 816.555,"Actual Rows": 2489,"Actual Loops": 3,"Inner Unique": true,"Hash Cond": "((lineitem.l_suppkey = supplier.s_suppkey) AND (customer.c_nationkey = supplier.s_nationkey))","Workers": [],"Plans": [{"Node Type": "Nested Loop","Parent Relationship": "Outer","Parallel Aware": false,"Async Capable": false,"Join Type": "Inner","Startup Cost": 3.27,"Total Cost": 19970.84,"Plan Rows": 15215,"Plan Width": 128,"Actual Startup Time": 0.591,"Actual Total Time": 771.834,"Actual Rows": 60959,"Actual Loops": 3,"Inner Unique": false,"Workers": [],"Plans": [{"Node Type": "Nested Loop","Parent Relationship": "Outer","Parallel Aware": false,"Async Capable": false,"Join Type": "Inner","Startup Cost": 2.84,"Total Cost": 8414.26,"Plan Rows": 3803,"Plan Width": 116,"Actual Startup Time": 0.474,"Actual Total Time": 463.395,"Actual Rows": 15225,"Actual Loops": 3,"Inner Unique": false,"Workers": [],"Plans": [{"Node Type": "Hash Join","Parent Relationship": "Outer","Parallel Aware": false,"Async Capable": false,"Join Type": "Inner","Startup Cost": 2.41,"Total Cost": 4471.79,"Plan Rows": 2500,"Plan Width": 116,"Actual Startup Time": 0.230,"Actual Total Time": 58.477,"Actual Rows": 9984,"Actual Loops": 3,"Inner Unique": false,"Hash Cond": "(customer.c_nationkey = nation.n_nationkey)","Workers": [],"Plans": [{"Node Type": "Seq Scan","Parent Relationship": "Outer","Parallel Aware": true,"Async Capable": false,"Relation Name": "customer","Alias": "customer","Startup Cost": 0.00,"Total Cost": 4210.00,"Plan Rows": 62500,"Plan Width": 8,"Actual Startup Time": 0.016,"Actual Total Time": 10.057,"Actual Rows": 50000,"Actual Loops": 3,"Workers": []},{"Node Type": "Hash","Parent Relationship": "Inner","Parallel Aware": false,"Async Capable": false,"Startup Cost": 2.40,"Total Cost": 2.40,"Plan Rows": 1,"Plan Width": 108,"Actual Startup Time": 0.130,"Actual Total Time": 0.146,"Actual Rows": 5,"Actual Loops": 3,"Hash Buckets": 1024,"Original Hash Buckets": 1024,"Hash Batches": 1,"Original Hash Batches": 1,"Peak Memory Usage": 9,"Workers": [],"Plans": [{"Node Type": "Hash Join","Parent Relationship": "Outer","Parallel Aware": false,"Async Capable": false,"Join Type": "Inner","Startup Cost": 1.07,"Total Cost": 2.40,"Plan Rows": 1,"Plan Width": 108,"Actual Startup Time": 0.116,"Actual Total Time": 0.137,"Actual Rows": 5,"Actual Loops": 3,"Inner Unique": true,"Hash Cond": "(nation.n_regionkey = region.r_regionkey)","Workers": [],"Plans": [{"Node Type": "Seq Scan","Parent Relationship": "Outer","Parallel Aware": false,"Async Capable": false,"Relation Name": "nation","Alias": "nation","Startup Cost": 0.00,"Total Cost": 1.25,"Plan Rows": 25,"Plan Width": 112,"Actual Startup Time": 0.042,"Actual Total Time": 0.045,"Actual Rows": 25,"Actual Loops": 3,"Workers": []},{"Node Type": "Hash","Parent Relationship": "Inner","Parallel Aware": false,"Async Capable": false,"Startup Cost": 1.06,"Total Cost": 1.06,"Plan Rows": 1,"Plan Width": 4,"Actual Startup Time": 0.050,"Actual Total Time": 0.056,"Actual Rows": 1,"Actual Loops": 3,"Hash Buckets": 1024,"Original Hash Buckets": 1024,"Hash Batches": 1,"Original Hash Batches": 1,"Peak Memory Usage": 9,"Workers": [],"Plans": [{"Node Type": "Seq Scan","Parent Relationship": "Outer","Parallel Aware": false,"Async Capable": false,"Relation Name": "region","Alias": "region","Startup Cost": 0.00,"Total Cost": 1.06,"Plan Rows": 1,"Plan Width": 4,"Actual Startup Time": 0.038,"Actual Total Time": 0.040,"Actual Rows": 1,"Actual Loops": 3,"Filter": "(r_name = 'AMERICA'::bpchar)","Rows Removed by Filter": 4,"Workers": []}]}]}]}]},{"Node Type": "Index Scan","Parent Relationship": "Inner","Parallel Aware": false,"Async Capable": false,"Scan Direction": "Forward","Index Name": "idx_orders_custkey","Relation Name": "orders","Alias": "orders","Startup Cost": 0.43,"Total Cost": 1.55,"Plan Rows": 3,"Plan Width": 8,"Actual Startup Time": 0.017,"Actual Total Time": 0.040,"Actual Rows": 2,"Actual Loops": 29952,"Index Cond": "(o_custkey = customer.c_custkey)","Rows Removed by Index Recheck": 0,"Filter": "((o_orderdate >= '1997-01-01'::date) AND (o_orderdate < '1998-01-01 00:00:00'::timestamp without time zone))","Rows Removed by Filter": 8,"Workers": []}]},{"Node Type": "Index Scan","Parent Relationship": "Inner","Parallel Aware": false,"Async Capable": false,"Scan Direction": "Forward","Index Name": "idx_lineitem_orderkey","Relation Name": "lineitem","Alias": "lineitem","Startup Cost": 0.43,"Total Cost": 2.87,"Plan Rows": 17,"Plan Width": 20,"Actual Startup Time": 0.017,"Actual Total Time": 0.020,"Actual Rows": 4,"Actual Loops": 45676,"Index Cond": "(l_orderkey = orders.o_orderkey)","Rows Removed by Index Recheck": 0,"Workers": []}]},{"Node Type": "Hash","Parent Relationship": "Inner","Parallel Aware": false,"Async Capable": false,"Startup Cost": 322.00,"Total Cost": 322.00,"Plan Rows": 10000,"Plan Width": 8,"Actual Startup Time": 10.524,"Actual Total Time": 10.525,"Actual Rows": 10000,"Actual Loops": 3,"Hash Buckets": 16384,"Original Hash Buckets": 16384,"Hash Batches": 1,"Original Hash Batches": 1,"Peak Memory Usage": 519,"Workers": [],"Plans": [{"Node Type": "Seq Scan","Parent Relationship": "Outer","Parallel Aware": false,"Async Capable": false,"Relation Name": "supplier","Alias": "supplier","Startup Cost": 0.00,"Total Cost": 322.00,"Plan Rows": 10000,"Plan Width": 8,"Actual Startup Time": 0.042,"Actual Total Time": 8.814,"Actual Rows": 10000,"Actual Loops": 3,"Workers": []}]}]}]}]}]}]}]},"Planning Time": 10.085,"Triggers": [],"Execution Time": 859.237}]
[{"Plan": {"Node Type": "Sort","Parallel Aware": false,"Async Capable": false,"Startup Cost": 21612.43,"Total Cost": 21612.50,"Plan Rows": 25,"Plan Width": 136,"Actual Startup Time": 827.834,"Actual Total Time": 858.973,"Actual Rows": 5,"Actual Loops": 1,"Sort Key": ["(sum((lineitem.l_extendedprice * ('1'::numeric - lineitem.l_discount)))) DESC"],"Sort Method": "quicksort","Sort Space Used": 25,"Sort Space Type": "Memory","Plans": [{"Node Type": "Aggregate","Strategy": "Sorted","Partial Mode": "Finalize","Parent Relationship": "Outer","Parallel Aware": false,"Async Capable": false,"Startup Cost": 21597.38,"Total Cost": 21611.85,"Plan Rows": 25,"Plan Width": 136,"Actual Startup Time": 827.274,"Actual Total Time": 858.918,"Actual Rows": 5,"Actual Loops": 1,"Group Key": ["nation.n_name"],"Plans": [{"Node Type": "Gather Merge","Parent Relationship": "Outer","Parallel Aware": false,"Async Capable": false,"Startup Cost": 21597.38,"Total Cost": 21611.17,"Plan Rows": 50,"Plan Width": 136,"Actual Startup Time": 827.088,"Actual Total Time": 858.883,"Actual Rows": 15,"Actual Loops": 1,"Workers Planned": 2,"Workers Launched": 2,"Plans": [{"Node Type": "Aggregate","Strategy": "Sorted","Partial Mode": "Partial","Parent Relationship": "Outer","Parallel Aware": false,"Async Capable": false,"Startup Cost": 20597.36,"Total Cost": 20605.37,"Plan Rows": 25,"Plan Width": 136,"Actual Startup Time": 818.981,"Actual Total Time": 819.657,"Actual Rows": 5,"Actual Loops": 3,"Group Key": ["nation.n_name"],"Workers": [],"Plans": [{"Node Type": "Sort","Parent Relationship": "Outer","Parallel Aware": false,"Async Capable": false,"Startup Cost": 20597.36,"Total Cost": 20598.90,"Plan Rows": 616,"Plan Width": 116,"Actual Startup Time": 818.754,"Actual Total Time": 818.877,"Actual Rows": 2367,"Actual Loops": 3,"Sort Key": ["nation.n_name"],"Sort Method": "quicksort","Sort Space Used": 283,"Sort Space Type": "Memory","Workers": [{"Worker Number": 0,"Sort Method": "quicksort","Sort Space Used": 277,"Sort Space Type": "Memory"},{"Worker Number": 1,"Sort Method": "quicksort","Sort Space Used": 284,"Sort Space Type": "Memory"}],"Plans": [{"Node Type": "Hash Join","Parent Relationship": "Outer","Parallel Aware": false,"Async Capable": false,"Join Type": "Inner","Startup Cost": 475.27,"Total Cost": 20568.82,"Plan Rows": 616,"Plan Width": 116,"Actual Startup Time": 13.272,"Actual Total Time": 817.265,"Actual Rows": 2367,"Actual Loops": 3,"Inner Unique": true,"Hash Cond": "((lineitem.l_suppkey = supplier.s_suppkey) AND (customer.c_nationkey = supplier.s_nationkey))","Workers": [],"Plans": [{"Node Type": "Nested Loop","Parent Relationship": "Outer","Parallel Aware": false,"Async Capable": false,"Join Type": "Inner","Startup Cost": 3.27,"Total Cost": 20015.89,"Plan Rows": 15415,"Plan Width": 128,"Actual Startup Time": 0.973,"Actual Total Time": 770.169,"Actual Rows": 60208,"Actual Loops": 3,"Inner Unique": false,"Workers": [],"Plans": [{"Node Type": "Nested Loop","Parent Relationship": "Outer","Parallel Aware": false,"Async Capable": false,"Join Type": "Inner","Startup Cost": 2.84,"Total Cost": 8414.26,"Plan Rows": 3853,"Plan Width": 116,"Actual Startup Time": 0.870,"Actual Total Time": 466.623,"Actual Rows": 15051,"Actual Loops": 3,"Inner Unique": false,"Workers": [],"Plans": [{"Node Type": "Hash Join","Parent Relationship": "Outer","Parallel Aware": false,"Async Capable": false,"Join Type": "Inner","Startup Cost": 2.41,"Total Cost": 4471.79,"Plan Rows": 2500,"Plan Width": 116,"Actual Startup Time": 0.250,"Actual Total Time": 58.358,"Actual Rows": 9921,"Actual Loops": 3,"Inner Unique": false,"Hash Cond": "(customer.c_nationkey = nation.n_nationkey)","Workers": [],"Plans": [{"Node Type": "Seq Scan","Parent Relationship": "Outer","Parallel Aware": true,"Async Capable": false,"Relation Name": "customer","Alias": "customer","Startup Cost": 0.00,"Total Cost": 4210.00,"Plan Rows": 62500,"Plan Width": 8,"Actual Startup Time": 0.013,"Actual Total Time": 10.073,"Actual Rows": 50000,"Actual Loops": 3,"Workers": []},{"Node Type": "Hash","Parent Relationship": "Inner","Parallel Aware": false,"Async Capable": false,"Startup Cost": 2.40,"Total Cost": 2.40,"Plan Rows": 1,"Plan Width": 108,"Actual Startup Time": 0.153,"Actual Total Time": 0.173,"Actual Rows": 5,"Actual Loops": 3,"Hash Buckets": 1024,"Original Hash Buckets": 1024,"Hash Batches": 1,"Original Hash Batches": 1,"Peak Memory Usage": 9,"Workers": [],"Plans": [{"Node Type": "Hash Join","Parent Relationship": "Outer","Parallel Aware": false,"Async Capable": false,"Join Type": "Inner","Startup Cost": 1.07,"Total Cost": 2.40,"Plan Rows": 1,"Plan Width": 108,"Actual Startup Time": 0.137,"Actual Total Time": 0.162,"Actual Rows": 5,"Actual Loops": 3,"Inner Unique": true,"Hash Cond": "(nation.n_regionkey = region.r_regionkey)","Workers": [],"Plans": [{"Node Type": "Seq Scan","Parent Relationship": "Outer","Parallel Aware": false,"Async Capable": false,"Relation Name": "nation","Alias": "nation","Startup Cost": 0.00,"Total Cost": 1.25,"Plan Rows": 25,"Plan Width": 112,"Actual Startup Time": 0.055,"Actual Total Time": 0.059,"Actual Rows": 25,"Actual Loops": 3,"Workers": []},{"Node Type": "Hash","Parent Relationship": "Inner","Parallel Aware": false,"Async Capable": false,"Startup Cost": 1.06,"Total Cost": 1.06,"Plan Rows": 1,"Plan Width": 4,"Actual Startup Time": 0.058,"Actual Total Time": 0.065,"Actual Rows": 1,"Actual Loops": 3,"Hash Buckets": 1024,"Original Hash Buckets": 1024,"Hash Batches": 1,"Original Hash Batches": 1,"Peak Memory Usage": 9,"Workers": [],"Plans": [{"Node Type": "Seq Scan","Parent Relationship": "Outer","Parallel Aware": false,"Async Capable": false,"Relation Name": "region","Alias": "region","Startup Cost": 0.00,"Total Cost": 1.06,"Plan Rows": 1,"Plan Width": 4,"Actual Startup Time": 0.044,"Actual Total Time": 0.048,"Actual Rows": 1,"Actual Loops": 3,"Filter": "(r_name = 'AFRICA'::bpchar)","Rows Removed by Filter": 4,"Workers": []}]}]}]}]},{"Node Type": "Index Scan","Parent Relationship": "Inner","Parallel Aware": false,"Async Capable": false,"Scan Direction": "Forward","Index Name": "idx_orders_custkey","Relation Name": "orders","Alias": "orders","Startup Cost": 0.43,"Total Cost": 1.55,"Plan Rows": 3,"Plan Width": 8,"Actual Startup Time": 0.018,"Actual Total Time": 0.041,"Actual Rows": 2,"Actual Loops": 29764,"Index Cond": "(o_custkey = customer.c_custkey)","Rows Removed by Index Recheck": 0,"Filter": "((o_orderdate >= '1994-01-01'::date) AND (o_orderdate < '1995-01-01 00:00:00'::timestamp without time zone))","Rows Removed by Filter": 9,"Workers": []}]},{"Node Type": "Index Scan","Parent Relationship": "Inner","Parallel Aware": false,"Async Capable": false,"Scan Direction": "Forward","Index Name": "idx_lineitem_orderkey","Relation Name": "lineitem","Alias": "lineitem","Startup Cost": 0.43,"Total Cost": 2.84,"Plan Rows": 17,"Plan Width": 20,"Actual Startup Time": 0.017,"Actual Total Time": 0.019,"Actual Rows": 4,"Actual Loops": 45152,"Index Cond": "(l_orderkey = orders.o_orderkey)","Rows Removed by Index Recheck": 0,"Workers": []}]},{"Node Type": "Hash","Parent Relationship": "Inner","Parallel Aware": false,"Async Capable": false,"Startup Cost": 322.00,"Total Cost": 322.00,"Plan Rows": 10000,"Plan Width": 8,"Actual Startup Time": 11.376,"Actual Total Time": 11.381,"Actual Rows": 10000,"Actual Loops": 3,"Hash Buckets": 16384,"Original Hash Buckets": 16384,"Hash Batches": 1,"Original Hash Batches": 1,"Peak Memory Usage": 519,"Workers": [],"Plans": [{"Node Type": "Seq Scan","Parent Relationship": "Outer","Parallel Aware": false,"Async Capable": false,"Relation Name": "supplier","Alias": "supplier","Startup Cost": 0.00,"Total Cost": 322.00,"Plan Rows": 10000,"Plan Width": 8,"Actual Startup Time": 0.042,"Actual Total Time": 9.565,"Actual Rows": 10000,"Actual Loops": 3,"Workers": []}]}]}]}]}]}]}]},"Planning Time": 10.751,"Triggers": [],"Execution Time": 859.508}]
[{"Plan": {"Node Type": "Sort","Parallel Aware": false,"Async Capable": false,"Startup Cost": 21565.81,"Total Cost": 21565.87,"Plan Rows": 25,"Plan Width": 136,"Actual Startup Time": 812.189,"Actual Total Time": 842.359,"Actual Rows": 5,"Actual Loops": 1,"Sort Key": ["(sum((lineitem.l_extendedprice * ('1'::numeric - lineitem.l_discount)))) DESC"],"Sort Method": "quicksort","Sort Space Used": 25,"Sort Space Type": "Memory","Plans": [{"Node Type": "Aggregate","Strategy": "Sorted","Partial Mode": "Finalize","Parent Relationship": "Outer","Parallel Aware": false,"Async Capable": false,"Startup Cost": 21550.86,"Total Cost": 21565.23,"Plan Rows": 25,"Plan Width": 136,"Actual Startup Time": 811.599,"Actual Total Time": 842.311,"Actual Rows": 5,"Actual Loops": 1,"Group Key": ["nation.n_name"],"Plans": [{"Node Type": "Gather Merge","Parent Relationship": "Outer","Parallel Aware": false,"Async Capable": false,"Startup Cost": 21550.86,"Total Cost": 21564.54,"Plan Rows": 50,"Plan Width": 136,"Actual Startup Time": 811.323,"Actual Total Time": 842.254,"Actual Rows": 15,"Actual Loops": 1,"Workers Planned": 2,"Workers Launched": 2,"Plans": [{"Node Type": "Aggregate","Strategy": "Sorted","Partial Mode": "Partial","Parent Relationship": "Outer","Parallel Aware": false,"Async Capable": false,"Startup Cost": 20550.84,"Total Cost": 20558.75,"Plan Rows": 25,"Plan Width": 136,"Actual Startup Time": 803.769,"Actual Total Time": 804.515,"Actual Rows": 5,"Actual Loops": 3,"Group Key": ["nation.n_name"],"Workers": [],"Plans": [{"Node Type": "Sort","Parent Relationship": "Outer","Parallel Aware": false,"Async Capable": false,"Startup Cost": 20550.84,"Total Cost": 20552.36,"Plan Rows": 608,"Plan Width": 116,"Actual Startup Time": 803.552,"Actual Total Time": 803.687,"Actual Rows": 2453,"Actual Loops": 3,"Sort Key": ["nation.n_name"],"Sort Method": "quicksort","Sort Space Used": 291,"Sort Space Type": "Memory","Workers": [{"Worker Number": 0,"Sort Method": "quicksort","Sort Space Used": 289,"Sort Space Type": "Memory"},{"Worker Number": 1,"Sort Method": "quicksort","Sort Space Used": 285,"Sort Space Type": "Memory"}],"Plans": [{"Node Type": "Hash Join","Parent Relationship": "Outer","Parallel Aware": false,"Async Capable": false,"Join Type": "Inner","Startup Cost": 475.27,"Total Cost": 20522.72,"Plan Rows": 608,"Plan Width": 116,"Actual Startup Time": 16.360,"Actual Total Time": 802.078,"Actual Rows": 2453,"Actual Loops": 3,"Inner Unique": true,"Hash Cond": "((lineitem.l_suppkey = supplier.s_suppkey) AND (customer.c_nationkey = supplier.s_nationkey))","Workers": [],"Plans": [{"Node Type": "Nested Loop","Parent Relationship": "Outer","Parallel Aware": false,"Async Capable": false,"Join Type": "Inner","Startup Cost": 3.27,"Total Cost": 19970.84,"Plan Rows": 15215,"Plan Width": 128,"Actual Startup Time": 0.560,"Actual Total Time": 757.067,"Actual Rows": 60975,"Actual Loops": 3,"Inner Unique": false,"Workers": [],"Plans": [{"Node Type": "Nested Loop","Parent Relationship": "Outer","Parallel Aware": false,"Async Capable": false,"Join Type": "Inner","Startup Cost": 2.84,"Total Cost": 8414.26,"Plan Rows": 3803,"Plan Width": 116,"Actual Startup Time": 0.451,"Actual Total Time": 451.841,"Actual Rows": 15295,"Actual Loops": 3,"Inner Unique": false,"Workers": [],"Plans": [{"Node Type": "Hash Join","Parent Relationship": "Outer","Parallel Aware": false,"Async Capable": false,"Join Type": "Inner","Startup Cost": 2.41,"Total Cost": 4471.79,"Plan Rows": 2500,"Plan Width": 116,"Actual Startup Time": 0.247,"Actual Total Time": 55.129,"Actual Rows": 10061,"Actual Loops": 3,"Inner Unique": false,"Hash Cond": "(customer.c_nationkey = nation.n_nationkey)","Workers": [],"Plans": [{"Node Type": "Seq Scan","Parent Relationship": "Outer","Parallel Aware": true,"Async Capable": false,"Relation Name": "customer","Alias": "customer","Startup Cost": 0.00,"Total Cost": 4210.00,"Plan Rows": 62500,"Plan Width": 8,"Actual Startup Time": 0.010,"Actual Total Time": 9.469,"Actual Rows": 50000,"Actual Loops": 3,"Workers": []},{"Node Type": "Hash","Parent Relationship": "Inner","Parallel Aware": false,"Async Capable": false,"Startup Cost": 2.40,"Total Cost": 2.40,"Plan Rows": 1,"Plan Width": 108,"Actual Startup Time": 0.154,"Actual Total Time": 0.175,"Actual Rows": 5,"Actual Loops": 3,"Hash Buckets": 1024,"Original Hash Buckets": 1024,"Hash Batches": 1,"Original Hash Batches": 1,"Peak Memory Usage": 9,"Workers": [],"Plans": [{"Node Type": "Hash Join","Parent Relationship": "Outer","Parallel Aware": false,"Async Capable": false,"Join Type": "Inner","Startup Cost": 1.07,"Total Cost": 2.40,"Plan Rows": 1,"Plan Width": 108,"Actual Startup Time": 0.142,"Actual Total Time": 0.165,"Actual Rows": 5,"Actual Loops": 3,"Inner Unique": true,"Hash Cond": "(nation.n_regionkey = region.r_regionkey)","Workers": [],"Plans": [{"Node Type": "Seq Scan","Parent Relationship": "Outer","Parallel Aware": false,"Async Capable": false,"Relation Name": "nation","Alias": "nation","Startup Cost": 0.00,"Total Cost": 1.25,"Plan Rows": 25,"Plan Width": 112,"Actual Startup Time": 0.058,"Actual Total Time": 0.062,"Actual Rows": 25,"Actual Loops": 3,"Workers": []},{"Node Type": "Hash","Parent Relationship": "Inner","Parallel Aware": false,"Async Capable": false,"Startup Cost": 1.06,"Total Cost": 1.06,"Plan Rows": 1,"Plan Width": 4,"Actual Startup Time": 0.056,"Actual Total Time": 0.065,"Actual Rows": 1,"Actual Loops": 3,"Hash Buckets": 1024,"Original Hash Buckets": 1024,"Hash Batches": 1,"Original Hash Batches": 1,"Peak Memory Usage": 9,"Workers": [],"Plans": [{"Node Type": "Seq Scan","Parent Relationship": "Outer","Parallel Aware": false,"Async Capable": false,"Relation Name": "region","Alias": "region","Startup Cost": 0.00,"Total Cost": 1.06,"Plan Rows": 1,"Plan Width": 4,"Actual Startup Time": 0.045,"Actual Total Time": 0.048,"Actual Rows": 1,"Actual Loops": 3,"Filter": "(r_name = 'ASIA'::bpchar)","Rows Removed by Filter": 4,"Workers": []}]}]}]}]},{"Node Type": "Index Scan","Parent Relationship": "Inner","Parallel Aware": false,"Async Capable": false,"Scan Direction": "Forward","Index Name": "idx_orders_custkey","Relation Name": "orders","Alias": "orders","Startup Cost": 0.43,"Total Cost": 1.55,"Plan Rows": 3,"Plan Width": 8,"Actual Startup Time": 0.017,"Actual Total Time": 0.039,"Actual Rows": 2,"Actual Loops": 30183,"Index Cond": "(o_custkey = customer.c_custkey)","Rows Removed by Index Recheck": 0,"Filter": "((o_orderdate >= '1997-01-01'::date) AND (o_orderdate < '1998-01-01 00:00:00'::timestamp without time zone))","Rows Removed by Filter": 8,"Workers": []}]},{"Node Type": "Index Scan","Parent Relationship": "Inner","Parallel Aware": false,"Async Capable": false,"Scan Direction": "Forward","Index Name": "idx_lineitem_orderkey","Relation Name": "lineitem","Alias": "lineitem","Startup Cost": 0.43,"Total Cost": 2.87,"Plan Rows": 17,"Plan Width": 20,"Actual Startup Time": 0.017,"Actual Total Time": 0.019,"Actual Rows": 4,"Actual Loops": 45884,"Index Cond": "(l_orderkey = orders.o_orderkey)","Rows Removed by Index Recheck": 0,"Workers": []}]},{"Node Type": "Hash","Parent Relationship": "Inner","Parallel Aware": false,"Async Capable": false,"Startup Cost": 322.00,"Total Cost": 322.00,"Plan Rows": 10000,"Plan Width": 8,"Actual Startup Time": 13.288,"Actual Total Time": 13.293,"Actual Rows": 10000,"Actual Loops": 3,"Hash Buckets": 16384,"Original Hash Buckets": 16384,"Hash Batches": 1,"Original Hash Batches": 1,"Peak Memory Usage": 519,"Workers": [],"Plans": [{"Node Type": "Seq Scan","Parent Relationship": "Outer","Parallel Aware": false,"Async Capable": false,"Relation Name": "supplier","Alias": "supplier","Startup Cost": 0.00,"Total Cost": 322.00,"Plan Rows": 10000,"Plan Width": 8,"Actual Startup Time": 0.036,"Actual Total Time": 11.595,"Actual Rows": 10000,"Actual Loops": 3,"Workers": []}]}]}]}]}]}]}]},"Planning Time": 10.446,"Triggers": [],"Execution Time": 842.801}]
[{"Plan": {"Node Type": "Sort","Parallel Aware": false,"Async Capable": false,"Startup Cost": 21616.39,"Total Cost": 21616.45,"Plan Rows": 25,"Plan Width": 136,"Actual Startup Time": 848.991,"Actual Total Time": 881.316,"Actual Rows": 5,"Actual Loops": 1,"Sort Key": ["(sum((lineitem.l_extendedprice * ('1'::numeric - lineitem.l_discount)))) DESC"],"Sort Method": "quicksort","Sort Space Used": 25,"Sort Space Type": "Memory","Plans": [{"Node Type": "Aggregate","Strategy": "Sorted","Partial Mode": "Finalize","Parent Relationship": "Outer","Parallel Aware": false,"Async Capable": false,"Startup Cost": 21601.33,"Total Cost": 21615.81,"Plan Rows": 25,"Plan Width": 136,"Actual Startup Time": 848.402,"Actual Total Time": 881.262,"Actual Rows": 5,"Actual Loops": 1,"Group Key": ["nation.n_name"],"Plans": [{"Node Type": "Gather Merge","Parent Relationship": "Outer","Parallel Aware": false,"Async Capable": false,"Startup Cost": 21601.33,"Total Cost": 21615.12,"Plan Rows": 50,"Plan Width": 136,"Actual Startup Time": 848.176,"Actual Total Time": 881.211,"Actual Rows": 15,"Actual Loops": 1,"Workers Planned": 2,"Workers Launched": 2,"Plans": [{"Node Type": "Aggregate","Strategy": "Sorted","Partial Mode": "Partial","Parent Relationship": "Outer","Parallel Aware": false,"Async Capable": false,"Startup Cost": 20601.30,"Total Cost": 20609.33,"Plan Rows": 25,"Plan Width": 136,"Actual Startup Time": 841.096,"Actual Total Time": 841.805,"Actual Rows": 5,"Actual Loops": 3,"Group Key": ["nation.n_name"],"Workers": [],"Plans": [{"Node Type": "Sort","Parent Relationship": "Outer","Parallel Aware": false,"Async Capable": false,"Startup Cost": 20601.30,"Total Cost": 20602.85,"Plan Rows": 617,"Plan Width": 116,"Actual Startup Time": 840.878,"Actual Total Time": 841.005,"Actual Rows": 2453,"Actual Loops": 3,"Sort Key": ["nation.n_name"],"Sort Method": "quicksort","Sort Space Used": 289,"Sort Space Type": "Memory","Workers": [{"Worker Number": 0,"Sort Method": "quicksort","Sort Space Used": 295,"Sort Space Type": "Memory"},{"Worker Number": 1,"Sort Method": "quicksort","Sort Space Used": 281,"Sort Space Type": "Memory"}],"Plans": [{"Node Type": "Hash Join","Parent Relationship": "Outer","Parallel Aware": false,"Async Capable": false,"Join Type": "Inner","Startup Cost": 475.27,"Total Cost": 20572.71,"Plan Rows": 617,"Plan Width": 116,"Actual Startup Time": 10.379,"Actual Total Time": 839.260,"Actual Rows": 2453,"Actual Loops": 3,"Inner Unique": true,"Hash Cond": "((lineitem.l_suppkey = supplier.s_suppkey) AND (customer.c_nationkey = supplier.s_nationkey))","Workers": [],"Plans": [{"Node Type": "Nested Loop","Parent Relationship": "Outer","Parallel Aware": false,"Async Capable": false,"Join Type": "Inner","Startup Cost": 3.27,"Total Cost": 20019.70,"Plan Rows": 15431,"Plan Width": 128,"Actual Startup Time": 0.539,"Actual Total Time": 793.839,"Actual Rows": 61906,"Actual Loops": 3,"Inner Unique": false,"Workers": [],"Plans": [{"Node Type": "Nested Loop","Parent Relationship": "Outer","Parallel Aware": false,"Async Capable": false,"Join Type": "Inner","Startup Cost": 2.84,"Total Cost": 8414.26,"Plan Rows": 3857,"Plan Width": 116,"Actual Startup Time": 0.431,"Actual Total Time": 473.927,"Actual Rows": 15506,"Actual Loops": 3,"Inner Unique": false,"Workers": [],"Plans": [{"Node Type": "Hash Join","Parent Relationship": "Outer","Parallel Aware": false,"Async Capable": false,"Join Type": "Inner","Startup Cost": 2.41,"Total Cost": 4471.79,"Plan Rows": 2500,"Plan Width": 116,"Actual Startup Time": 0.234,"Actual Total Time": 55.451,"Actual Rows": 10066,"Actual Loops": 3,"Inner Unique": false,"Hash Cond": "(customer.c_nationkey = nation.n_nationkey)","Workers": [],"Plans": [{"Node Type": "Seq Scan","Parent Relationship": "Outer","Parallel Aware": true,"Async Capable": false,"Relation Name": "customer","Alias": "customer","Startup Cost": 0.00,"Total Cost": 4210.00,"Plan Rows": 62500,"Plan Width": 8,"Actual Startup Time": 0.019,"Actual Total Time": 9.720,"Actual Rows": 50000,"Actual Loops": 3,"Workers": []},{"Node Type": "Hash","Parent Relationship": "Inner","Parallel Aware": false,"Async Capable": false,"Startup Cost": 2.40,"Total Cost": 2.40,"Plan Rows": 1,"Plan Width": 108,"Actual Startup Time": 0.128,"Actual Total Time": 0.148,"Actual Rows": 5,"Actual Loops": 3,"Hash Buckets": 1024,"Original Hash Buckets": 1024,"Hash Batches": 1,"Original Hash Batches": 1,"Peak Memory Usage": 9,"Workers": [],"Plans": [{"Node Type": "Hash Join","Parent Relationship": "Outer","Parallel Aware": false,"Async Capable": false,"Join Type": "Inner","Startup Cost": 1.07,"Total Cost": 2.40,"Plan Rows": 1,"Plan Width": 108,"Actual Startup Time": 0.115,"Actual Total Time": 0.137,"Actual Rows": 5,"Actual Loops": 3,"Inner Unique": true,"Hash Cond": "(nation.n_regionkey = region.r_regionkey)","Workers": [],"Plans": [{"Node Type": "Seq Scan","Parent Relationship": "Outer","Parallel Aware": false,"Async Capable": false,"Relation Name": "nation","Alias": "nation","Startup Cost": 0.00,"Total Cost": 1.25,"Plan Rows": 25,"Plan Width": 112,"Actual Startup Time": 0.040,"Actual Total Time": 0.044,"Actual Rows": 25,"Actual Loops": 3,"Workers": []},{"Node Type": "Hash","Parent Relationship": "Inner","Parallel Aware": false,"Async Capable": false,"Startup Cost": 1.06,"Total Cost": 1.06,"Plan Rows": 1,"Plan Width": 4,"Actual Startup Time": 0.046,"Actual Total Time": 0.051,"Actual Rows": 1,"Actual Loops": 3,"Hash Buckets": 1024,"Original Hash Buckets": 1024,"Hash Batches": 1,"Original Hash Batches": 1,"Peak Memory Usage": 9,"Workers": [],"Plans": [{"Node Type": "Seq Scan","Parent Relationship": "Outer","Parallel Aware": false,"Async Capable": false,"Relation Name": "region","Alias": "region","Startup Cost": 0.00,"Total Cost": 1.06,"Plan Rows": 1,"Plan Width": 4,"Actual Startup Time": 0.033,"Actual Total Time": 0.034,"Actual Rows": 1,"Actual Loops": 3,"Filter": "(r_name = 'EUROPE'::bpchar)","Rows Removed by Filter": 4,"Workers": []}]}]}]}]},{"Node Type": "Index Scan","Parent Relationship": "Inner","Parallel Aware": false,"Async Capable": false,"Scan Direction": "Forward","Index Name": "idx_orders_custkey","Relation Name": "orders","Alias": "orders","Startup Cost": 0.43,"Total Cost": 1.55,"Plan Rows": 3,"Plan Width": 8,"Actual Startup Time": 0.017,"Actual Total Time": 0.041,"Actual Rows": 2,"Actual Loops": 30197,"Index Cond": "(o_custkey = customer.c_custkey)","Rows Removed by Index Recheck": 0,"Filter": "((o_orderdate >= '1996-01-01'::date) AND (o_orderdate < '1997-01-01 00:00:00'::timestamp without time zone))","Rows Removed by Filter": 9,"Workers": []}]},{"Node Type": "Index Scan","Parent Relationship": "Inner","Parallel Aware": false,"Async Capable": false,"Scan Direction": "Forward","Index Name": "idx_lineitem_orderkey","Relation Name": "lineitem","Alias": "lineitem","Startup Cost": 0.43,"Total Cost": 2.84,"Plan Rows": 17,"Plan Width": 20,"Actual Startup Time": 0.017,"Actual Total Time": 0.020,"Actual Rows": 4,"Actual Loops": 46518,"Index Cond": "(l_orderkey = orders.o_orderkey)","Rows Removed by Index Recheck": 0,"Workers": []}]},{"Node Type": "Hash","Parent Relationship": "Inner","Parallel Aware": false,"Async Capable": false,"Startup Cost": 322.00,"Total Cost": 322.00,"Plan Rows": 10000,"Plan Width": 8,"Actual Startup Time": 8.337,"Actual Total Time": 8.340,"Actual Rows": 10000,"Actual Loops": 3,"Hash Buckets": 16384,"Original Hash Buckets": 16384,"Hash Batches": 1,"Original Hash Batches": 1,"Peak Memory Usage": 519,"Workers": [],"Plans": [{"Node Type": "Seq Scan","Parent Relationship": "Outer","Parallel Aware": false,"Async Capable": false,"Relation Name": "supplier","Alias": "supplier","Startup Cost": 0.00,"Total Cost": 322.00,"Plan Rows": 10000,"Plan Width": 8,"Actual Startup Time": 0.039,"Actual Total Time": 6.479,"Actual Rows": 10000,"Actual Loops": 3,"Workers": []}]}]}]}]}]}]}]},"Planning Time": 9.377,"Triggers": [],"Execution Time": 881.912}]
[{"Plan": {"Node Type": "Sort","Parallel Aware": false,"Async Capable": false,"Startup Cost": 21565.81,"Total Cost": 21565.87,"Plan Rows": 25,"Plan Width": 136,"Actual Startup Time": 812.189,"Actual Total Time": 842.359,"Actual Rows": 5,"Actual Loops": 1,"Sort Key": ["(sum((lineitem.l_extendedprice * ('1'::numeric - lineitem.l_discount)))) DESC"],"Sort Method": "quicksort","Sort Space Used": 25,"Sort Space Type": "Memory","Plans": [{"Node Type": "Aggregate","Strategy": "Sorted","Partial Mode": "Finalize","Parent Relationship": "Outer","Parallel Aware": false,"Async Capable": false,"Startup Cost": 21550.86,"Total Cost": 21565.23,"Plan Rows": 25,"Plan Width": 136,"Actual Startup Time": 811.599,"Actual Total Time": 842.311,"Actual Rows": 5,"Actual Loops": 1,"Group Key": ["nation.n_name"],"Plans": [{"Node Type": "Gather Merge","Parent Relationship": "Outer","Parallel Aware": false,"Async Capable": false,"Startup Cost": 21550.86,"Total Cost": 21564.54,"Plan Rows": 50,"Plan Width": 136,"Actual Startup Time": 811.323,"Actual Total Time": 842.254,"Actual Rows": 15,"Actual Loops": 1,"Workers Planned": 2,"Workers Launched": 2,"Plans": [{"Node Type": "Aggregate","Strategy": "Sorted","Partial Mode": "Partial","Parent Relationship": "Outer","Parallel Aware": false,"Async Capable": false,"Startup Cost": 20550.84,"Total Cost": 20558.75,"Plan Rows": 25,"Plan Width": 136,"Actual Startup Time": 803.769,"Actual Total Time": 804.515,"Actual Rows": 5,"Actual Loops": 3,"Group Key": ["nation.n_name"],"Workers": [],"Plans": [{"Node Type": "Sort","Parent Relationship": "Outer","Parallel Aware": false,"Async Capable": false,"Startup Cost": 20550.84,"Total Cost": 20552.36,"Plan Rows": 608,"Plan Width": 116,"Actual Startup Time": 803.552,"Actual Total Time": 803.687,"Actual Rows": 2453,"Actual Loops": 3,"Sort Key": ["nation.n_name"],"Sort Method": "quicksort","Sort Space Used": 291,"Sort Space Type": "Memory","Workers": [{"Worker Number": 0,"Sort Method": "quicksort","Sort Space Used": 289,"Sort Space Type": "Memory"},{"Worker Number": 1,"Sort Method": "quicksort","Sort Space Used": 285,"Sort Space Type": "Memory"}],"Plans": [{"Node Type": "Hash Join","Parent Relationship": "Outer","Parallel Aware": false,"Async Capable": false,"Join Type": "Inner","Startup Cost": 475.27,"Total Cost": 20522.72,"Plan Rows": 608,"Plan Width": 116,"Actual Startup Time": 16.360,"Actual Total Time": 802.078,"Actual Rows": 2453,"Actual Loops": 3,"Inner Unique": true,"Hash Cond": "((lineitem.l_suppkey = supplier.s_suppkey) AND (customer.c_nationkey = supplier.s_nationkey))","Workers": [],"Plans": [{"Node Type": "Nested Loop","Parent Relationship": "Outer","Parallel Aware": false,"Async Capable": false,"Join Type": "Inner","Startup Cost": 3.27,"Total Cost": 19970.84,"Plan Rows": 15215,"Plan Width": 128,"Actual Startup Time": 0.560,"Actual Total Time": 757.067,"Actual Rows": 60975,"Actual Loops": 3,"Inner Unique": false,"Workers": [],"Plans": [{"Node Type": "Nested Loop","Parent Relationship": "Outer","Parallel Aware": false,"Async Capable": false,"Join Type": "Inner","Startup Cost": 2.84,"Total Cost": 8414.26,"Plan Rows": 3803,"Plan Width": 116,"Actual Startup Time": 0.451,"Actual Total Time": 451.841,"Actual Rows": 15295,"Actual Loops": 3,"Inner Unique": false,"Workers": [],"Plans": [{"Node Type": "Hash Join","Parent Relationship": "Outer","Parallel Aware": false,"Async Capable": false,"Join Type": "Inner","Startup Cost": 2.41,"Total Cost": 4471.79,"Plan Rows": 2500,"Plan Width": 116,"Actual Startup Time": 0.247,"Actual Total Time": 55.129,"Actual Rows": 10061,"Actual Loops": 3,"Inner Unique": false,"Hash Cond": "(customer.c_nationkey = nation.n_nationkey)","Workers": [],"Plans": [{"Node Type": "Seq Scan","Parent Relationship": "Outer","Parallel Aware": true,"Async Capable": false,"Relation Name": "customer","Alias": "customer","Startup Cost": 0.00,"Total Cost": 4210.00,"Plan Rows": 62500,"Plan Width": 8,"Actual Startup Time": 0.010,"Actual Total Time": 9.469,"Actual Rows": 50000,"Actual Loops": 3,"Workers": []},{"Node Type": "Hash","Parent Relationship": "Inner","Parallel Aware": false,"Async Capable": false,"Startup Cost": 2.40,"Total Cost": 2.40,"Plan Rows": 1,"Plan Width": 108,"Actual Startup Time": 0.154,"Actual Total Time": 0.175,"Actual Rows": 5,"Actual Loops": 3,"Hash Buckets": 1024,"Original Hash Buckets": 1024,"Hash Batches": 1,"Original Hash Batches": 1,"Peak Memory Usage": 9,"Workers": [],"Plans": [{"Node Type": "Hash Join","Parent Relationship": "Outer","Parallel Aware": false,"Async Capable": false,"Join Type": "Inner","Startup Cost": 1.07,"Total Cost": 2.40,"Plan Rows": 1,"Plan Width": 108,"Actual Startup Time": 0.142,"Actual Total Time": 0.165,"Actual Rows": 5,"Actual Loops": 3,"Inner Unique": true,"Hash Cond": "(nation.n_regionkey = region.r_regionkey)","Workers": [],"Plans": [{"Node Type": "Seq Scan","Parent Relationship": "Outer","Parallel Aware": false,"Async Capable": false,"Relation Name": "nation","Alias": "nation","Startup Cost": 0.00,"Total Cost": 1.25,"Plan Rows": 25,"Plan Width": 112,"Actual Startup Time": 0.058,"Actual Total Time": 0.062,"Actual Rows": 25,"Actual Loops": 3,"Workers": []},{"Node Type": "Hash","Parent Relationship": "Inner","Parallel Aware": false,"Async Capable": false,"Startup Cost": 1.06,"Total Cost": 1.06,"Plan Rows": 1,"Plan Width": 4,"Actual Startup Time": 0.056,"Actual Total Time": 0.065,"Actual Rows": 1,"Actual Loops": 3,"Hash Buckets": 1024,"Original Hash Buckets": 1024,"Hash Batches": 1,"Original Hash Batches": 1,"Peak Memory Usage": 9,"Workers": [],"Plans": [{"Node Type": "Seq Scan","Parent Relationship": "Outer","Parallel Aware": false,"Async Capable": false,"Relation Name": "region","Alias": "region","Startup Cost": 0.00,"Total Cost": 1.06,"Plan Rows": 1,"Plan Width": 4,"Actual Startup Time": 0.045,"Actual Total Time": 0.048,"Actual Rows": 1,"Actual Loops": 3,"Filter": "(r_name = 'ASIA'::bpchar)","Rows Removed by Filter": 4,"Workers": []}]}]}]}]},{"Node Type": "Index Scan","Parent Relationship": "Inner","Parallel Aware": false,"Async Capable": false,"Scan Direction": "Forward","Index Name": "idx_orders_custkey","Relation Name": "orders","Alias": "orders","Startup Cost": 0.43,"Total Cost": 1.55,"Plan Rows": 3,"Plan Width": 8,"Actual Startup Time": 0.017,"Actual Total Time": 0.039,"Actual Rows": 2,"Actual Loops": 30183,"Index Cond": "(o_custkey = customer.c_custkey)","Rows Removed by Index Recheck": 0,"Filter": "((o_orderdate >= '1997-01-01'::date) AND (o_orderdate < '1998-01-01 00:00:00'::timestamp without time zone))","Rows Removed by Filter": 8,"Workers": []}]},{"Node Type": "Index Scan","Parent Relationship": "Inner","Parallel Aware": false,"Async Capable": false,"Scan Direction": "Forward","Index Name": "idx_lineitem_orderkey","Relation Name": "lineitem","Alias": "lineitem","Startup Cost": 0.43,"Total Cost": 2.87,"Plan Rows": 17,"Plan Width": 20,"Actual Startup Time": 0.017,"Actual Total Time": 0.019,"Actual Rows": 4,"Actual Loops": 45884,"Index Cond": "(l_orderkey = orders.o_orderkey)","Rows Removed by Index Recheck": 0,"Workers": []}]},{"Node Type": "Hash","Parent Relationship": "Inner","Parallel Aware": false,"Async Capable": false,"Startup Cost": 322.00,"Total Cost": 322.00,"Plan Rows": 10000,"Plan Width": 8,"Actual Startup Time": 13.288,"Actual Total Time": 13.293,"Actual Rows": 10000,"Actual Loops": 3,"Hash Buckets": 16384,"Original Hash Buckets": 16384,"Hash Batches": 1,"Original Hash Batches": 1,"Peak Memory Usage": 519,"Workers": [],"Plans": [{"Node Type": "Seq Scan","Parent Relationship": "Outer","Parallel Aware": false,"Async Capable": false,"Relation Name": "supplier","Alias": "supplier","Startup Cost": 0.00,"Total Cost": 322.00,"Plan Rows": 10000,"Plan Width": 8,"Actual Startup Time": 0.036,"Actual Total Time": 11.595,"Actual Rows": 10000,"Actual Loops": 3,"Workers": []}]}]}]}]}]}]}]},"Planning Time": 10.446,"Triggers": [],"Execution Time": 842.801}]
[{"Plan": {"Node Type": "Sort","Parallel Aware": false,"Async Capable": false,"Startup Cost": 21565.81,"Total Cost": 21565.87,"Plan Rows": 25,"Plan Width": 136,"Actual Startup Time": 833.811,"Actual Total Time": 865.523,"Actual Rows": 5,"Actual Loops": 1,"Sort Key": ["(sum((lineitem.l_extendedprice * ('1'::numeric - lineitem.l_discount)))) DESC"],"Sort Method": "quicksort","Sort Space Used": 25,"Sort Space Type": "Memory","Plans": [{"Node Type": "Aggregate","Strategy": "Sorted","Partial Mode": "Finalize","Parent Relationship": "Outer","Parallel Aware": false,"Async Capable": false,"Startup Cost": 21550.86,"Total Cost": 21565.23,"Plan Rows": 25,"Plan Width": 136,"Actual Startup Time": 833.271,"Actual Total Time": 865.478,"Actual Rows": 5,"Actual Loops": 1,"Group Key": ["nation.n_name"],"Plans": [{"Node Type": "Gather Merge","Parent Relationship": "Outer","Parallel Aware": false,"Async Capable": false,"Startup Cost": 21550.86,"Total Cost": 21564.54,"Plan Rows": 50,"Plan Width": 136,"Actual Startup Time": 833.025,"Actual Total Time": 865.435,"Actual Rows": 15,"Actual Loops": 1,"Workers Planned": 2,"Workers Launched": 2,"Plans": [{"Node Type": "Aggregate","Strategy": "Sorted","Partial Mode": "Partial","Parent Relationship": "Outer","Parallel Aware": false,"Async Capable": false,"Startup Cost": 20550.84,"Total Cost": 20558.75,"Plan Rows": 25,"Plan Width": 136,"Actual Startup Time": 825.546,"Actual Total Time": 826.255,"Actual Rows": 5,"Actual Loops": 3,"Group Key": ["nation.n_name"],"Workers": [],"Plans": [{"Node Type": "Sort","Parent Relationship": "Outer","Parallel Aware": false,"Async Capable": false,"Startup Cost": 20550.84,"Total Cost": 20552.36,"Plan Rows": 608,"Plan Width": 116,"Actual Startup Time": 825.323,"Actual Total Time": 825.450,"Actual Rows": 2415,"Actual Loops": 3,"Sort Key": ["nation.n_name"],"Sort Method": "quicksort","Sort Space Used": 281,"Sort Space Type": "Memory","Workers": [{"Worker Number": 0,"Sort Method": "quicksort","Sort Space Used": 286,"Sort Space Type": "Memory"},{"Worker Number": 1,"Sort Method": "quicksort","Sort Space Used": 289,"Sort Space Type": "Memory"}],"Plans": [{"Node Type": "Hash Join","Parent Relationship": "Outer","Parallel Aware": false,"Async Capable": false,"Join Type": "Inner","Startup Cost": 475.27,"Total Cost": 20522.72,"Plan Rows": 608,"Plan Width": 116,"Actual Startup Time": 12.893,"Actual Total Time": 823.841,"Actual Rows": 2415,"Actual Loops": 3,"Inner Unique": true,"Hash Cond": "((lineitem.l_suppkey = supplier.s_suppkey) AND (customer.c_nationkey = supplier.s_nationkey))","Workers": [],"Plans": [{"Node Type": "Nested Loop","Parent Relationship": "Outer","Parallel Aware": false,"Async Capable": false,"Join Type": "Inner","Startup Cost": 3.27,"Total Cost": 19970.84,"Plan Rows": 15215,"Plan Width": 128,"Actual Startup Time": 0.809,"Actual Total Time": 777.035,"Actual Rows": 60714,"Actual Loops": 3,"Inner Unique": false,"Workers": [],"Plans": [{"Node Type": "Nested Loop","Parent Relationship": "Outer","Parallel Aware": false,"Async Capable": false,"Join Type": "Inner","Startup Cost": 2.84,"Total Cost": 8414.26,"Plan Rows": 3803,"Plan Width": 116,"Actual Startup Time": 0.660,"Actual Total Time": 471.667,"Actual Rows": 15226,"Actual Loops": 3,"Inner Unique": false,"Workers": [],"Plans": [{"Node Type": "Hash Join","Parent Relationship": "Outer","Parallel Aware": false,"Async Capable": false,"Join Type": "Inner","Startup Cost": 2.41,"Total Cost": 4471.79,"Plan Rows": 2500,"Plan Width": 116,"Actual Startup Time": 0.276,"Actual Total Time": 59.829,"Actual Rows": 10066,"Actual Loops": 3,"Inner Unique": false,"Hash Cond": "(customer.c_nationkey = nation.n_nationkey)","Workers": [],"Plans": [{"Node Type": "Seq Scan","Parent Relationship": "Outer","Parallel Aware": true,"Async Capable": false,"Relation Name": "customer","Alias": "customer","Startup Cost": 0.00,"Total Cost": 4210.00,"Plan Rows": 62500,"Plan Width": 8,"Actual Startup Time": 0.021,"Actual Total Time": 10.083,"Actual Rows": 50000,"Actual Loops": 3,"Workers": []},{"Node Type": "Hash","Parent Relationship": "Inner","Parallel Aware": false,"Async Capable": false,"Startup Cost": 2.40,"Total Cost": 2.40,"Plan Rows": 1,"Plan Width": 108,"Actual Startup Time": 0.154,"Actual Total Time": 0.171,"Actual Rows": 5,"Actual Loops": 3,"Hash Buckets": 1024,"Original Hash Buckets": 1024,"Hash Batches": 1,"Original Hash Batches": 1,"Peak Memory Usage": 9,"Workers": [],"Plans": [{"Node Type": "Hash Join","Parent Relationship": "Outer","Parallel Aware": false,"Async Capable": false,"Join Type": "Inner","Startup Cost": 1.07,"Total Cost": 2.40,"Plan Rows": 1,"Plan Width": 108,"Actual Startup Time": 0.139,"Actual Total Time": 0.162,"Actual Rows": 5,"Actual Loops": 3,"Inner Unique": true,"Hash Cond": "(nation.n_regionkey = region.r_regionkey)","Workers": [],"Plans": [{"Node Type": "Seq Scan","Parent Relationship": "Outer","Parallel Aware": false,"Async Capable": false,"Relation Name": "nation","Alias": "nation","Startup Cost": 0.00,"Total Cost": 1.25,"Plan Rows": 25,"Plan Width": 112,"Actual Startup Time": 0.051,"Actual Total Time": 0.055,"Actual Rows": 25,"Actual Loops": 3,"Workers": []},{"Node Type": "Hash","Parent Relationship": "Inner","Parallel Aware": false,"Async Capable": false,"Startup Cost": 1.06,"Total Cost": 1.06,"Plan Rows": 1,"Plan Width": 4,"Actual Startup Time": 0.057,"Actual Total Time": 0.063,"Actual Rows": 1,"Actual Loops": 3,"Hash Buckets": 1024,"Original Hash Buckets": 1024,"Hash Batches": 1,"Original Hash Batches": 1,"Peak Memory Usage": 9,"Workers": [],"Plans": [{"Node Type": "Seq Scan","Parent Relationship": "Outer","Parallel Aware": false,"Async Capable": false,"Relation Name": "region","Alias": "region","Startup Cost": 0.00,"Total Cost": 1.06,"Plan Rows": 1,"Plan Width": 4,"Actual Startup Time": 0.043,"Actual Total Time": 0.045,"Actual Rows": 1,"Actual Loops": 3,"Filter": "(r_name = 'EUROPE'::bpchar)","Rows Removed by Filter": 4,"Workers": []}]}]}]}]},{"Node Type": "Index Scan","Parent Relationship": "Inner","Parallel Aware": false,"Async Capable": false,"Scan Direction": "Forward","Index Name": "idx_orders_custkey","Relation Name": "orders","Alias": "orders","Startup Cost": 0.43,"Total Cost": 1.55,"Plan Rows": 3,"Plan Width": 8,"Actual Startup Time": 0.017,"Actual Total Time": 0.041,"Actual Rows": 2,"Actual Loops": 30197,"Index Cond": "(o_custkey = customer.c_custkey)","Rows Removed by Index Recheck": 0,"Filter": "((o_orderdate >= '1997-01-01'::date) AND (o_orderdate < '1998-01-01 00:00:00'::timestamp without time zone))","Rows Removed by Filter": 9,"Workers": []}]},{"Node Type": "Index Scan","Parent Relationship": "Inner","Parallel Aware": false,"Async Capable": false,"Scan Direction": "Forward","Index Name": "idx_lineitem_orderkey","Relation Name": "lineitem","Alias": "lineitem","Startup Cost": 0.43,"Total Cost": 2.87,"Plan Rows": 17,"Plan Width": 20,"Actual Startup Time": 0.017,"Actual Total Time": 0.019,"Actual Rows": 4,"Actual Loops": 45677,"Index Cond": "(l_orderkey = orders.o_orderkey)","Rows Removed by Index Recheck": 0,"Workers": []}]},{"Node Type": "Hash","Parent Relationship": "Inner","Parallel Aware": false,"Async Capable": false,"Startup Cost": 322.00,"Total Cost": 322.00,"Plan Rows": 10000,"Plan Width": 8,"Actual Startup Time": 11.560,"Actual Total Time": 11.566,"Actual Rows": 10000,"Actual Loops": 3,"Hash Buckets": 16384,"Original Hash Buckets": 16384,"Hash Batches": 1,"Original Hash Batches": 1,"Peak Memory Usage": 519,"Workers": [],"Plans": [{"Node Type": "Seq Scan","Parent Relationship": "Outer","Parallel Aware": false,"Async Capable": false,"Relation Name": "supplier","Alias": "supplier","Startup Cost": 0.00,"Total Cost": 322.00,"Plan Rows": 10000,"Plan Width": 8,"Actual Startup Time": 0.053,"Actual Total Time": 9.758,"Actual Rows": 10000,"Actual Loops": 3,"Workers": []}]}]}]}]}]}]}]},"Planning Time": 11.054,"Triggers": [],"Execution Time": 866.075}]
[{"Plan": {"Node Type": "Sort","Parallel Aware": false,"Async Capable": false,"Startup Cost": 21612.43,"Total Cost": 21612.50,"Plan Rows": 25,"Plan Width": 136,"Actual Startup Time": 812.208,"Actual Total Time": 844.906,"Actual Rows": 5,"Actual Loops": 1,"Sort Key": ["(sum((lineitem.l_extendedprice * ('1'::numeric - lineitem.l_discount)))) DESC"],"Sort Method": "quicksort","Sort Space Used": 25,"Sort Space Type": "Memory","Plans": [{"Node Type": "Aggregate","Strategy": "Sorted","Partial Mode": "Finalize","Parent Relationship": "Outer","Parallel Aware": false,"Async Capable": false,"Startup Cost": 21597.38,"Total Cost": 21611.85,"Plan Rows": 25,"Plan Width": 136,"Actual Startup Time": 811.577,"Actual Total Time": 844.848,"Actual Rows": 5,"Actual Loops": 1,"Group Key": ["nation.n_name"],"Plans": [{"Node Type": "Gather Merge","Parent Relationship": "Outer","Parallel Aware": false,"Async Capable": false,"Startup Cost": 21597.38,"Total Cost": 21611.17,"Plan Rows": 50,"Plan Width": 136,"Actual Startup Time": 811.381,"Actual Total Time": 844.798,"Actual Rows": 15,"Actual Loops": 1,"Workers Planned": 2,"Workers Launched": 2,"Plans": [{"Node Type": "Aggregate","Strategy": "Sorted","Partial Mode": "Partial","Parent Relationship": "Outer","Parallel Aware": false,"Async Capable": false,"Startup Cost": 20597.36,"Total Cost": 20605.37,"Plan Rows": 25,"Plan Width": 136,"Actual Startup Time": 803.972,"Actual Total Time": 804.698,"Actual Rows": 5,"Actual Loops": 3,"Group Key": ["nation.n_name"],"Workers": [],"Plans": [{"Node Type": "Sort","Parent Relationship": "Outer","Parallel Aware": false,"Async Capable": false,"Startup Cost": 20597.36,"Total Cost": 20598.90,"Plan Rows": 616,"Plan Width": 116,"Actual Startup Time": 803.767,"Actual Total Time": 803.896,"Actual Rows": 2458,"Actual Loops": 3,"Sort Key": ["nation.n_name"],"Sort Method": "quicksort","Sort Space Used": 292,"Sort Space Type": "Memory","Workers": [{"Worker Number": 0,"Sort Method": "quicksort","Sort Space Used": 287,"Sort Space Type": "Memory"},{"Worker Number": 1,"Sort Method": "quicksort","Sort Space Used": 286,"Sort Space Type": "Memory"}],"Plans": [{"Node Type": "Hash Join","Parent Relationship": "Outer","Parallel Aware": false,"Async Capable": false,"Join Type": "Inner","Startup Cost": 475.27,"Total Cost": 20568.82,"Plan Rows": 616,"Plan Width": 116,"Actual Startup Time": 9.755,"Actual Total Time": 802.240,"Actual Rows": 2458,"Actual Loops": 3,"Inner Unique": true,"Hash Cond": "((lineitem.l_suppkey = supplier.s_suppkey) AND (customer.c_nationkey = supplier.s_nationkey))","Workers": [],"Plans": [{"Node Type": "Nested Loop","Parent Relationship": "Outer","Parallel Aware": false,"Async Capable": false,"Join Type": "Inner","Startup Cost": 3.27,"Total Cost": 20015.89,"Plan Rows": 15415,"Plan Width": 128,"Actual Startup Time": 0.708,"Actual Total Time": 760.379,"Actual Rows": 60417,"Actual Loops": 3,"Inner Unique": false,"Workers": [],"Plans": [{"Node Type": "Nested Loop","Parent Relationship": "Outer","Parallel Aware": false,"Async Capable": false,"Join Type": "Inner","Startup Cost": 2.84,"Total Cost": 8414.26,"Plan Rows": 3853,"Plan Width": 116,"Actual Startup Time": 0.563,"Actual Total Time": 454.038,"Actual Rows": 15112,"Actual Loops": 3,"Inner Unique": false,"Workers": [],"Plans": [{"Node Type": "Hash Join","Parent Relationship": "Outer","Parallel Aware": false,"Async Capable": false,"Join Type": "Inner","Startup Cost": 2.41,"Total Cost": 4471.79,"Plan Rows": 2500,"Plan Width": 116,"Actual Startup Time": 0.264,"Actual Total Time": 54.641,"Actual Rows": 9984,"Actual Loops": 3,"Inner Unique": false,"Hash Cond": "(customer.c_nationkey = nation.n_nationkey)","Workers": [],"Plans": [{"Node Type": "Seq Scan","Parent Relationship": "Outer","Parallel Aware": true,"Async Capable": false,"Relation Name": "customer","Alias": "customer","Startup Cost": 0.00,"Total Cost": 4210.00,"Plan Rows": 62500,"Plan Width": 8,"Actual Startup Time": 0.019,"Actual Total Time": 9.602,"Actual Rows": 50000,"Actual Loops": 3,"Workers": []},{"Node Type": "Hash","Parent Relationship": "Inner","Parallel Aware": false,"Async Capable": false,"Startup Cost": 2.40,"Total Cost": 2.40,"Plan Rows": 1,"Plan Width": 108,"Actual Startup Time": 0.143,"Actual Total Time": 0.163,"Actual Rows": 5,"Actual Loops": 3,"Hash Buckets": 1024,"Original Hash Buckets": 1024,"Hash Batches": 1,"Original Hash Batches": 1,"Peak Memory Usage": 9,"Workers": [],"Plans": [{"Node Type": "Hash Join","Parent Relationship": "Outer","Parallel Aware": false,"Async Capable": false,"Join Type": "Inner","Startup Cost": 1.07,"Total Cost": 2.40,"Plan Rows": 1,"Plan Width": 108,"Actual Startup Time": 0.129,"Actual Total Time": 0.153,"Actual Rows": 5,"Actual Loops": 3,"Inner Unique": true,"Hash Cond": "(nation.n_regionkey = region.r_regionkey)","Workers": [],"Plans": [{"Node Type": "Seq Scan","Parent Relationship": "Outer","Parallel Aware": false,"Async Capable": false,"Relation Name": "nation","Alias": "nation","Startup Cost": 0.00,"Total Cost": 1.25,"Plan Rows": 25,"Plan Width": 112,"Actual Startup Time": 0.046,"Actual Total Time": 0.051,"Actual Rows": 25,"Actual Loops": 3,"Workers": []},{"Node Type": "Hash","Parent Relationship": "Inner","Parallel Aware": false,"Async Capable": false,"Startup Cost": 1.06,"Total Cost": 1.06,"Plan Rows": 1,"Plan Width": 4,"Actual Startup Time": 0.053,"Actual Total Time": 0.059,"Actual Rows": 1,"Actual Loops": 3,"Hash Buckets": 1024,"Original Hash Buckets": 1024,"Hash Batches": 1,"Original Hash Batches": 1,"Peak Memory Usage": 9,"Workers": [],"Plans": [{"Node Type": "Seq Scan","Parent Relationship": "Outer","Parallel Aware": false,"Async Capable": false,"Relation Name": "region","Alias": "region","Startup Cost": 0.00,"Total Cost": 1.06,"Plan Rows": 1,"Plan Width": 4,"Actual Startup Time": 0.038,"Actual Total Time": 0.040,"Actual Rows": 1,"Actual Loops": 3,"Filter": "(r_name = 'AMERICA'::bpchar)","Rows Removed by Filter": 4,"Workers": []}]}]}]}]},{"Node Type": "Index Scan","Parent Relationship": "Inner","Parallel Aware": false,"Async Capable": false,"Scan Direction": "Forward","Index Name": "idx_orders_custkey","Relation Name": "orders","Alias": "orders","Startup Cost": 0.43,"Total Cost": 1.55,"Plan Rows": 3,"Plan Width": 8,"Actual Startup Time": 0.017,"Actual Total Time": 0.040,"Actual Rows": 2,"Actual Loops": 29952,"Index Cond": "(o_custkey = customer.c_custkey)","Rows Removed by Index Recheck": 0,"Filter": "((o_orderdate >= '1994-01-01'::date) AND (o_orderdate < '1995-01-01 00:00:00'::timestamp without time zone))","Rows Removed by Filter": 8,"Workers": []}]},{"Node Type": "Index Scan","Parent Relationship": "Inner","Parallel Aware": false,"Async Capable": false,"Scan Direction": "Forward","Index Name": "idx_lineitem_orderkey","Relation Name": "lineitem","Alias": "lineitem","Startup Cost": 0.43,"Total Cost": 2.84,"Plan Rows": 17,"Plan Width": 20,"Actual Startup Time": 0.017,"Actual Total Time": 0.020,"Actual Rows": 4,"Actual Loops": 45335,"Index Cond": "(l_orderkey = orders.o_orderkey)","Rows Removed by Index Recheck": 0,"Workers": []}]},{"Node Type": "Hash","Parent Relationship": "Inner","Parallel Aware": false,"Async Capable": false,"Startup Cost": 322.00,"Total Cost": 322.00,"Plan Rows": 10000,"Plan Width": 8,"Actual Startup Time": 8.509,"Actual Total Time": 8.512,"Actual Rows": 10000,"Actual Loops": 3,"Hash Buckets": 16384,"Original Hash Buckets": 16384,"Hash Batches": 1,"Original Hash Batches": 1,"Peak Memory Usage": 519,"Workers": [],"Plans": [{"Node Type": "Seq Scan","Parent Relationship": "Outer","Parallel Aware": false,"Async Capable": false,"Relation Name": "supplier","Alias": "supplier","Startup Cost": 0.00,"Total Cost": 322.00,"Plan Rows": 10000,"Plan Width": 8,"Actual Startup Time": 0.036,"Actual Total Time": 6.673,"Actual Rows": 10000,"Actual Loops": 3,"Workers": []}]}]}]}]}]}]}]},"Planning Time": 10.649,"Triggers": [],"Execution Time": 845.482}]
[{"Plan": {"Node Type": "Sort","Parallel Aware": false,"Async Capable": false,"Startup Cost": 21612.43,"Total Cost": 21612.50,"Plan Rows": 25,"Plan Width": 136,"Actual Startup Time": 827.834,"Actual Total Time": 858.973,"Actual Rows": 5,"Actual Loops": 1,"Sort Key": ["(sum((lineitem.l_extendedprice * ('1'::numeric - lineitem.l_discount)))) DESC"],"Sort Method": "quicksort","Sort Space Used": 25,"Sort Space Type": "Memory","Plans": [{"Node Type": "Aggregate","Strategy": "Sorted","Partial Mode": "Finalize","Parent Relationship": "Outer","Parallel Aware": false,"Async Capable": false,"Startup Cost": 21597.38,"Total Cost": 21611.85,"Plan Rows": 25,"Plan Width": 136,"Actual Startup Time": 827.274,"Actual Total Time": 858.918,"Actual Rows": 5,"Actual Loops": 1,"Group Key": ["nation.n_name"],"Plans": [{"Node Type": "Gather Merge","Parent Relationship": "Outer","Parallel Aware": false,"Async Capable": false,"Startup Cost": 21597.38,"Total Cost": 21611.17,"Plan Rows": 50,"Plan Width": 136,"Actual Startup Time": 827.088,"Actual Total Time": 858.883,"Actual Rows": 15,"Actual Loops": 1,"Workers Planned": 2,"Workers Launched": 2,"Plans": [{"Node Type": "Aggregate","Strategy": "Sorted","Partial Mode": "Partial","Parent Relationship": "Outer","Parallel Aware": false,"Async Capable": false,"Startup Cost": 20597.36,"Total Cost": 20605.37,"Plan Rows": 25,"Plan Width": 136,"Actual Startup Time": 818.981,"Actual Total Time": 819.657,"Actual Rows": 5,"Actual Loops": 3,"Group Key": ["nation.n_name"],"Workers": [],"Plans": [{"Node Type": "Sort","Parent Relationship": "Outer","Parallel Aware": false,"Async Capable": false,"Startup Cost": 20597.36,"Total Cost": 20598.90,"Plan Rows": 616,"Plan Width": 116,"Actual Startup Time": 818.754,"Actual Total Time": 818.877,"Actual Rows": 2367,"Actual Loops": 3,"Sort Key": ["nation.n_name"],"Sort Method": "quicksort","Sort Space Used": 283,"Sort Space Type": "Memory","Workers": [{"Worker Number": 0,"Sort Method": "quicksort","Sort Space Used": 277,"Sort Space Type": "Memory"},{"Worker Number": 1,"Sort Method": "quicksort","Sort Space Used": 284,"Sort Space Type": "Memory"}],"Plans": [{"Node Type": "Hash Join","Parent Relationship": "Outer","Parallel Aware": false,"Async Capable": false,"Join Type": "Inner","Startup Cost": 475.27,"Total Cost": 20568.82,"Plan Rows": 616,"Plan Width": 116,"Actual Startup Time": 13.272,"Actual Total Time": 817.265,"Actual Rows": 2367,"Actual Loops": 3,"Inner Unique": true,"Hash Cond": "((lineitem.l_suppkey = supplier.s_suppkey) AND (customer.c_nationkey = supplier.s_nationkey))","Workers": [],"Plans": [{"Node Type": "Nested Loop","Parent Relationship": "Outer","Parallel Aware": false,"Async Capable": false,"Join Type": "Inner","Startup Cost": 3.27,"Total Cost": 20015.89,"Plan Rows": 15415,"Plan Width": 128,"Actual Startup Time": 0.973,"Actual Total Time": 770.169,"Actual Rows": 60208,"Actual Loops": 3,"Inner Unique": false,"Workers": [],"Plans": [{"Node Type": "Nested Loop","Parent Relationship": "Outer","Parallel Aware": false,"Async Capable": false,"Join Type": "Inner","Startup Cost": 2.84,"Total Cost": 8414.26,"Plan Rows": 3853,"Plan Width": 116,"Actual Startup Time": 0.870,"Actual Total Time": 466.623,"Actual Rows": 15051,"Actual Loops": 3,"Inner Unique": false,"Workers": [],"Plans": [{"Node Type": "Hash Join","Parent Relationship": "Outer","Parallel Aware": false,"Async Capable": false,"Join Type": "Inner","Startup Cost": 2.41,"Total Cost": 4471.79,"Plan Rows": 2500,"Plan Width": 116,"Actual Startup Time": 0.250,"Actual Total Time": 58.358,"Actual Rows": 9921,"Actual Loops": 3,"Inner Unique": false,"Hash Cond": "(customer.c_nationkey = nation.n_nationkey)","Workers": [],"Plans": [{"Node Type": "Seq Scan","Parent Relationship": "Outer","Parallel Aware": true,"Async Capable": false,"Relation Name": "customer","Alias": "customer","Startup Cost": 0.00,"Total Cost": 4210.00,"Plan Rows": 62500,"Plan Width": 8,"Actual Startup Time": 0.013,"Actual Total Time": 10.073,"Actual Rows": 50000,"Actual Loops": 3,"Workers": []},{"Node Type": "Hash","Parent Relationship": "Inner","Parallel Aware": false,"Async Capable": false,"Startup Cost": 2.40,"Total Cost": 2.40,"Plan Rows": 1,"Plan Width": 108,"Actual Startup Time": 0.153,"Actual Total Time": 0.173,"Actual Rows": 5,"Actual Loops": 3,"Hash Buckets": 1024,"Original Hash Buckets": 1024,"Hash Batches": 1,"Original Hash Batches": 1,"Peak Memory Usage": 9,"Workers": [],"Plans": [{"Node Type": "Hash Join","Parent Relationship": "Outer","Parallel Aware": false,"Async Capable": false,"Join Type": "Inner","Startup Cost": 1.07,"Total Cost": 2.40,"Plan Rows": 1,"Plan Width": 108,"Actual Startup Time": 0.137,"Actual Total Time": 0.162,"Actual Rows": 5,"Actual Loops": 3,"Inner Unique": true,"Hash Cond": "(nation.n_regionkey = region.r_regionkey)","Workers": [],"Plans": [{"Node Type": "Seq Scan","Parent Relationship": "Outer","Parallel Aware": false,"Async Capable": false,"Relation Name": "nation","Alias": "nation","Startup Cost": 0.00,"Total Cost": 1.25,"Plan Rows": 25,"Plan Width": 112,"Actual Startup Time": 0.055,"Actual Total Time": 0.059,"Actual Rows": 25,"Actual Loops": 3,"Workers": []},{"Node Type": "Hash","Parent Relationship": "Inner","Parallel Aware": false,"Async Capable": false,"Startup Cost": 1.06,"Total Cost": 1.06,"Plan Rows": 1,"Plan Width": 4,"Actual Startup Time": 0.058,"Actual Total Time": 0.065,"Actual Rows": 1,"Actual Loops": 3,"Hash Buckets": 1024,"Original Hash Buckets": 1024,"Hash Batches": 1,"Original Hash Batches": 1,"Peak Memory Usage": 9,"Workers": [],"Plans": [{"Node Type": "Seq Scan","Parent Relationship": "Outer","Parallel Aware": false,"Async Capable": false,"Relation Name": "region","Alias": "region","Startup Cost": 0.00,"Total Cost": 1.06,"Plan Rows": 1,"Plan Width": 4,"Actual Startup Time": 0.044,"Actual Total Time": 0.048,"Actual Rows": 1,"Actual Loops": 3,"Filter": "(r_name = 'AFRICA'::bpchar)","Rows Removed by Filter": 4,"Workers": []}]}]}]}]},{"Node Type": "Index Scan","Parent Relationship": "Inner","Parallel Aware": false,"Async Capable": false,"Scan Direction": "Forward","Index Name": "idx_orders_custkey","Relation Name": "orders","Alias": "orders","Startup Cost": 0.43,"Total Cost": 1.55,"Plan Rows": 3,"Plan Width": 8,"Actual Startup Time": 0.018,"Actual Total Time": 0.041,"Actual Rows": 2,"Actual Loops": 29764,"Index Cond": "(o_custkey = customer.c_custkey)","Rows Removed by Index Recheck": 0,"Filter": "((o_orderdate >= '1994-01-01'::date) AND (o_orderdate < '1995-01-01 00:00:00'::timestamp without time zone))","Rows Removed by Filter": 9,"Workers": []}]},{"Node Type": "Index Scan","Parent Relationship": "Inner","Parallel Aware": false,"Async Capable": false,"Scan Direction": "Forward","Index Name": "idx_lineitem_orderkey","Relation Name": "lineitem","Alias": "lineitem","Startup Cost": 0.43,"Total Cost": 2.84,"Plan Rows": 17,"Plan Width": 20,"Actual Startup Time": 0.017,"Actual Total Time": 0.019,"Actual Rows": 4,"Actual Loops": 45152,"Index Cond": "(l_orderkey = orders.o_orderkey)","Rows Removed by Index Recheck": 0,"Workers": []}]},{"Node Type": "Hash","Parent Relationship": "Inner","Parallel Aware": false,"Async Capable": false,"Startup Cost": 322.00,"Total Cost": 322.00,"Plan Rows": 10000,"Plan Width": 8,"Actual Startup Time": 11.376,"Actual Total Time": 11.381,"Actual Rows": 10000,"Actual Loops": 3,"Hash Buckets": 16384,"Original Hash Buckets": 16384,"Hash Batches": 1,"Original Hash Batches": 1,"Peak Memory Usage": 519,"Workers": [],"Plans": [{"Node Type": "Seq Scan","Parent Relationship": "Outer","Parallel Aware": false,"Async Capable": false,"Relation Name": "supplier","Alias": "supplier","Startup Cost": 0.00,"Total Cost": 322.00,"Plan Rows": 10000,"Plan Width": 8,"Actual Startup Time": 0.042,"Actual Total Time": 9.565,"Actual Rows": 10000,"Actual Loops": 3,"Workers": []}]}]}]}]}]}]}]},"Planning Time": 10.751,"Triggers": [],"Execution Time": 859.508}]
[{"Plan": {"Node Type": "Sort","Parallel Aware": false,"Async Capable": false,"Startup Cost": 21522.30,"Total Cost": 21522.36,"Plan Rows": 25,"Plan Width": 136,"Actual Startup Time": 815.371,"Actual Total Time": 846.364,"Actual Rows": 5,"Actual Loops": 1,"Sort Key": ["(sum((lineitem.l_extendedprice * ('1'::numeric - lineitem.l_discount)))) DESC"],"Sort Method": "quicksort","Sort Space Used": 25,"Sort Space Type": "Memory","Plans": [{"Node Type": "Aggregate","Strategy": "Sorted","Partial Mode": "Finalize","Parent Relationship": "Outer","Parallel Aware": false,"Async Capable": false,"Startup Cost": 21507.43,"Total Cost": 21521.72,"Plan Rows": 25,"Plan Width": 136,"Actual Startup Time": 814.708,"Actual Total Time": 846.319,"Actual Rows": 5,"Actual Loops": 1,"Group Key": ["nation.n_name"],"Plans": [{"Node Type": "Gather Merge","Parent Relationship": "Outer","Parallel Aware": false,"Async Capable": false,"Startup Cost": 21507.43,"Total Cost": 21521.03,"Plan Rows": 50,"Plan Width": 136,"Actual Startup Time": 814.181,"Actual Total Time": 846.266,"Actual Rows": 15,"Actual Loops": 1,"Workers Planned": 2,"Workers Launched": 2,"Plans": [{"Node Type": "Aggregate","Strategy": "Sorted","Partial Mode": "Partial","Parent Relationship": "Outer","Parallel Aware": false,"Async Capable": false,"Startup Cost": 20507.41,"Total Cost": 20515.23,"Plan Rows": 25,"Plan Width": 136,"Actual Startup Time": 806.060,"Actual Total Time": 806.902,"Actual Rows": 5,"Actual Loops": 3,"Group Key": ["nation.n_name"],"Workers": [],"Plans": [{"Node Type": "Sort","Parent Relationship": "Outer","Parallel Aware": false,"Async Capable": false,"Startup Cost": 20507.41,"Total Cost": 20508.91,"Plan Rows": 601,"Plan Width": 116,"Actual Startup Time": 805.845,"Actual Total Time": 805.988,"Actual Rows": 2405,"Actual Loops": 3,"Sort Key": ["nation.n_name"],"Sort Method": "quicksort","Sort Space Used": 288,"Sort Space Type": "Memory","Workers": [{"Worker Number": 0,"Sort Method": "quicksort","Sort Space Used": 282,"Sort Space Type": "Memory"},{"Worker Number": 1,"Sort Method": "quicksort","Sort Space Used": 284,"Sort Space Type": "Memory"}],"Plans": [{"Node Type": "Hash Join","Parent Relationship": "Outer","Parallel Aware": false,"Async Capable": false,"Join Type": "Inner","Startup Cost": 475.27,"Total Cost": 20479.67,"Plan Rows": 601,"Plan Width": 116,"Actual Startup Time": 14.857,"Actual Total Time": 804.339,"Actual Rows": 2405,"Actual Loops": 3,"Inner Unique": true,"Hash Cond": "((lineitem.l_suppkey = supplier.s_suppkey) AND (customer.c_nationkey = supplier.s_nationkey))","Workers": [],"Plans": [{"Node Type": "Nested Loop","Parent Relationship": "Outer","Parallel Aware": false,"Async Capable": false,"Join Type": "Inner","Startup Cost": 3.27,"Total Cost": 19928.78,"Plan Rows": 15027,"Plan Width": 128,"Actual Startup Time": 0.928,"Actual Total Time": 758.714,"Actual Rows": 60519,"Actual Loops": 3,"Inner Unique": false,"Workers": [],"Plans": [{"Node Type": "Nested Loop","Parent Relationship": "Outer","Parallel Aware": false,"Async Capable": false,"Join Type": "Inner","Startup Cost": 2.84,"Total Cost": 8414.26,"Plan Rows": 3756,"Plan Width": 116,"Actual Startup Time": 0.799,"Actual Total Time": 454.413,"Actual Rows": 15151,"Actual Loops": 3,"Inner Unique": false,"Workers": [],"Plans": [{"Node Type": "Hash Join","Parent Relationship": "Outer","Parallel Aware": false,"Async Capable": false,"Join Type": "Inner","Startup Cost": 2.41,"Total Cost": 4471.79,"Plan Rows": 2500,"Plan Width": 116,"Actual Startup Time": 0.321,"Actual Total Time": 54.810,"Actual Rows": 10061,"Actual Loops": 3,"Inner Unique": false,"Hash Cond": "(customer.c_nationkey = nation.n_nationkey)","Workers": [],"Plans": [{"Node Type": "Seq Scan","Parent Relationship": "Outer","Parallel Aware": true,"Async Capable": false,"Relation Name": "customer","Alias": "customer","Startup Cost": 0.00,"Total Cost": 4210.00,"Plan Rows": 62500,"Plan Width": 8,"Actual Startup Time": 0.016,"Actual Total Time": 9.647,"Actual Rows": 50000,"Actual Loops": 3,"Workers": []},{"Node Type": "Hash","Parent Relationship": "Inner","Parallel Aware": false,"Async Capable": false,"Startup Cost": 2.40,"Total Cost": 2.40,"Plan Rows": 1,"Plan Width": 108,"Actual Startup Time": 0.190,"Actual Total Time": 0.209,"Actual Rows": 5,"Actual Loops": 3,"Hash Buckets": 1024,"Original Hash Buckets": 1024,"Hash Batches": 1,"Original Hash Batches": 1,"Peak Memory Usage": 9,"Workers": [],"Plans": [{"Node Type": "Hash Join","Parent Relationship": "Outer","Parallel Aware": false,"Async Capable": false,"Join Type": "Inner","Startup Cost": 1.07,"Total Cost": 2.40,"Plan Rows": 1,"Plan Width": 108,"Actual Startup Time": 0.173,"Actual Total Time": 0.196,"Actual Rows": 5,"Actual Loops": 3,"Inner Unique": true,"Hash Cond": "(nation.n_regionkey = region.r_regionkey)","Workers": [],"Plans": [{"Node Type": "Seq Scan","Parent Relationship": "Outer","Parallel Aware": false,"Async Capable": false,"Relation Name": "nation","Alias": "nation","Startup Cost": 0.00,"Total Cost": 1.25,"Plan Rows": 25,"Plan Width": 112,"Actual Startup Time": 0.080,"Actual Total Time": 0.084,"Actual Rows": 25,"Actual Loops": 3,"Workers": []},{"Node Type": "Hash","Parent Relationship": "Inner","Parallel Aware": false,"Async Capable": false,"Startup Cost": 1.06,"Total Cost": 1.06,"Plan Rows": 1,"Plan Width": 4,"Actual Startup Time": 0.060,"Actual Total Time": 0.067,"Actual Rows": 1,"Actual Loops": 3,"Hash Buckets": 1024,"Original Hash Buckets": 1024,"Hash Batches": 1,"Original Hash Batches": 1,"Peak Memory Usage": 9,"Workers": [],"Plans": [{"Node Type": "Seq Scan","Parent Relationship": "Outer","Parallel Aware": false,"Async Capable": false,"Relation Name": "region","Alias": "region","Startup Cost": 0.00,"Total Cost": 1.06,"Plan Rows": 1,"Plan Width": 4,"Actual Startup Time": 0.046,"Actual Total Time": 0.049,"Actual Rows": 1,"Actual Loops": 3,"Filter": "(r_name = 'ASIA'::bpchar)","Rows Removed by Filter": 4,"Workers": []}]}]}]}]},{"Node Type": "Index Scan","Parent Relationship": "Inner","Parallel Aware": false,"Async Capable": false,"Scan Direction": "Forward","Index Name": "idx_orders_custkey","Relation Name": "orders","Alias": "orders","Startup Cost": 0.43,"Total Cost": 1.55,"Plan Rows": 3,"Plan Width": 8,"Actual Startup Time": 0.017,"Actual Total Time": 0.039,"Actual Rows": 2,"Actual Loops": 30183,"Index Cond": "(o_custkey = customer.c_custkey)","Rows Removed by Index Recheck": 0,"Filter": "((o_orderdate >= '1993-01-01'::date) AND (o_orderdate < '1994-01-01 00:00:00'::timestamp without time zone))","Rows Removed by Filter": 8,"Workers": []}]},{"Node Type": "Index Scan","Parent Relationship": "Inner","Parallel Aware": false,"Async Capable": false,"Scan Direction": "Forward","Index Name": "idx_lineitem_orderkey","Relation Name": "lineitem","Alias": "lineitem","Startup Cost": 0.43,"Total Cost": 2.90,"Plan Rows": 17,"Plan Width": 20,"Actual Startup Time": 0.017,"Actual Total Time": 0.019,"Actual Rows": 4,"Actual Loops": 45452,"Index Cond": "(l_orderkey = orders.o_orderkey)","Rows Removed by Index Recheck": 0,"Workers": []}]},{"Node Type": "Hash","Parent Relationship": "Inner","Parallel Aware": false,"Async Capable": false,"Startup Cost": 322.00,"Total Cost": 322.00,"Plan Rows": 10000,"Plan Width": 8,"Actual Startup Time": 13.249,"Actual Total Time": 13.253,"Actual Rows": 10000,"Actual Loops": 3,"Hash Buckets": 16384,"Original Hash Buckets": 16384,"Hash Batches": 1,"Original Hash Batches": 1,"Peak Memory Usage": 519,"Workers": [],"Plans": [{"Node Type": "Seq Scan","Parent Relationship": "Outer","Parallel Aware": false,"Async Capable": false,"Relation Name": "supplier","Alias": "supplier","Startup Cost": 0.00,"Total Cost": 322.00,"Plan Rows": 10000,"Plan Width": 8,"Actual Startup Time": 0.061,"Actual Total Time": 11.553,"Actual Rows": 10000,"Actual Loops": 3,"Workers": []}]}]}]}]}]}]}]},"Planning Time": 10.259,"Triggers": [],"Execution Time": 846.817}]
[{"Plan": {"Node Type": "Sort","Parallel Aware": false,"Async Capable": false,"Startup Cost": 21616.39,"Total Cost": 21616.45,"Plan Rows": 25,"Plan Width": 136,"Actual Startup Time": 817.171,"Actual Total Time": 848.557,"Actual Rows": 5,"Actual Loops": 1,"Sort Key": ["(sum((lineitem.l_extendedprice * ('1'::numeric - lineitem.l_discount)))) DESC"],"Sort Method": "quicksort","Sort Space Used": 25,"Sort Space Type": "Memory","Plans": [{"Node Type": "Aggregate","Strategy": "Sorted","Partial Mode": "Finalize","Parent Relationship": "Outer","Parallel Aware": false,"Async Capable": false,"Startup Cost": 21601.33,"Total Cost": 21615.81,"Plan Rows": 25,"Plan Width": 136,"Actual Startup Time": 816.250,"Actual Total Time": 848.503,"Actual Rows": 5,"Actual Loops": 1,"Group Key": ["nation.n_name"],"Plans": [{"Node Type": "Gather Merge","Parent Relationship": "Outer","Parallel Aware": false,"Async Capable": false,"Startup Cost": 21601.33,"Total Cost": 21615.12,"Plan Rows": 50,"Plan Width": 136,"Actual Startup Time": 815.620,"Actual Total Time": 848.441,"Actual Rows": 15,"Actual Loops": 1,"Workers Planned": 2,"Workers Launched": 2,"Plans": [{"Node Type": "Aggregate","Strategy": "Sorted","Partial Mode": "Partial","Parent Relationship": "Outer","Parallel Aware": false,"Async Capable": false,"Startup Cost": 20601.30,"Total Cost": 20609.33,"Plan Rows": 25,"Plan Width": 136,"Actual Startup Time": 807.499,"Actual Total Time": 808.444,"Actual Rows": 5,"Actual Loops": 3,"Group Key": ["nation.n_name"],"Workers": [],"Plans": [{"Node Type": "Sort","Parent Relationship": "Outer","Parallel Aware": false,"Async Capable": false,"Startup Cost": 20601.30,"Total Cost": 20602.85,"Plan Rows": 617,"Plan Width": 116,"Actual Startup Time": 807.276,"Actual Total Time": 807.432,"Actual Rows": 2427,"Actual Loops": 3,"Sort Key": ["nation.n_name"],"Sort Method": "quicksort","Sort Space Used": 295,"Sort Space Type": "Memory","Workers": [{"Worker Number": 0,"Sort Method": "quicksort","Sort Space Used": 285,"Sort Space Type": "Memory"},{"Worker Number": 1,"Sort Method": "quicksort","Sort Space Used": 279,"Sort Space Type": "Memory"}],"Plans": [{"Node Type": "Hash Join","Parent Relationship": "Outer","Parallel Aware": false,"Async Capable": false,"Join Type": "Inner","Startup Cost": 475.27,"Total Cost": 20572.71,"Plan Rows": 617,"Plan Width": 116,"Actual Startup Time": 13.659,"Actual Total Time": 805.763,"Actual Rows": 2427,"Actual Loops": 3,"Inner Unique": true,"Hash Cond": "((lineitem.l_suppkey = supplier.s_suppkey) AND (customer.c_nationkey = supplier.s_nationkey))","Workers": [],"Plans": [{"Node Type": "Nested Loop","Parent Relationship": "Outer","Parallel Aware": false,"Async Capable": false,"Join Type": "Inner","Startup Cost": 3.27,"Total Cost": 20019.70,"Plan Rows": 15431,"Plan Width": 128,"Actual Startup Time": 0.940,"Actual Total Time": 760.394,"Actual Rows": 61187,"Actual Loops": 3,"Inner Unique": false,"Workers": [],"Plans": [{"Node Type": "Nested Loop","Parent Relationship": "Outer","Parallel Aware": false,"Async Capable": false,"Join Type": "Inner","Startup Cost": 2.84,"Total Cost": 8414.26,"Plan Rows": 3857,"Plan Width": 116,"Actual Startup Time": 0.804,"Actual Total Time": 453.891,"Actual Rows": 15325,"Actual Loops": 3,"Inner Unique": false,"Workers": [],"Plans": [{"Node Type": "Hash Join","Parent Relationship": "Outer","Parallel Aware": false,"Async Capable": false,"Join Type": "Inner","Startup Cost": 2.41,"Total Cost": 4471.79,"Plan Rows": 2500,"Plan Width": 116,"Actual Startup Time": 0.319,"Actual Total Time": 55.842,"Actual Rows": 10061,"Actual Loops": 3,"Inner Unique": false,"Hash Cond": "(customer.c_nationkey = nation.n_nationkey)","Workers": [],"Plans": [{"Node Type": "Seq Scan","Parent Relationship": "Outer","Parallel Aware": true,"Async Capable": false,"Relation Name": "customer","Alias": "customer","Startup Cost": 0.00,"Total Cost": 4210.00,"Plan Rows": 62500,"Plan Width": 8,"Actual Startup Time": 0.026,"Actual Total Time": 9.689,"Actual Rows": 50000,"Actual Loops": 3,"Workers": []},{"Node Type": "Hash","Parent Relationship": "Inner","Parallel Aware": false,"Async Capable": false,"Startup Cost": 2.40,"Total Cost": 2.40,"Plan Rows": 1,"Plan Width": 108,"Actual Startup Time": 0.180,"Actual Total Time": 0.198,"Actual Rows": 5,"Actual Loops": 3,"Hash Buckets": 1024,"Original Hash Buckets": 1024,"Hash Batches": 1,"Original Hash Batches": 1,"Peak Memory Usage": 9,"Workers": [],"Plans": [{"Node Type": "Hash Join","Parent Relationship": "Outer","Parallel Aware": false,"Async Capable": false,"Join Type": "Inner","Startup Cost": 1.07,"Total Cost": 2.40,"Plan Rows": 1,"Plan Width": 108,"Actual Startup Time": 0.166,"Actual Total Time": 0.188,"Actual Rows": 5,"Actual Loops": 3,"Inner Unique": true,"Hash Cond": "(nation.n_regionkey = region.r_regionkey)","Workers": [],"Plans": [{"Node Type": "Seq Scan","Parent Relationship": "Outer","Parallel Aware": false,"Async Capable": false,"Relation Name": "nation","Alias": "nation","Startup Cost": 0.00,"Total Cost": 1.25,"Plan Rows": 25,"Plan Width": 112,"Actual Startup Time": 0.055,"Actual Total Time": 0.060,"Actual Rows": 25,"Actual Loops": 3,"Workers": []},{"Node Type": "Hash","Parent Relationship": "Inner","Parallel Aware": false,"Async Capable": false,"Startup Cost": 1.06,"Total Cost": 1.06,"Plan Rows": 1,"Plan Width": 4,"Actual Startup Time": 0.079,"Actual Total Time": 0.084,"Actual Rows": 1,"Actual Loops": 3,"Hash Buckets": 1024,"Original Hash Buckets": 1024,"Hash Batches": 1,"Original Hash Batches": 1,"Peak Memory Usage": 9,"Workers": [],"Plans": [{"Node Type": "Seq Scan","Parent Relationship": "Outer","Parallel Aware": false,"Async Capable": false,"Relation Name": "region","Alias": "region","Startup Cost": 0.00,"Total Cost": 1.06,"Plan Rows": 1,"Plan Width": 4,"Actual Startup Time": 0.058,"Actual Total Time": 0.061,"Actual Rows": 1,"Actual Loops": 3,"Filter": "(r_name = 'ASIA'::bpchar)","Rows Removed by Filter": 4,"Workers": []}]}]}]}]},{"Node Type": "Index Scan","Parent Relationship": "Inner","Parallel Aware": false,"Async Capable": false,"Scan Direction": "Forward","Index Name": "idx_orders_custkey","Relation Name": "orders","Alias": "orders","Startup Cost": 0.43,"Total Cost": 1.55,"Plan Rows": 3,"Plan Width": 8,"Actual Startup Time": 0.017,"Actual Total Time": 0.039,"Actual Rows": 2,"Actual Loops": 30183,"Index Cond": "(o_custkey = customer.c_custkey)","Rows Removed by Index Recheck": 0,"Filter": "((o_orderdate >= '1996-01-01'::date) AND (o_orderdate < '1997-01-01 00:00:00'::timestamp without time zone))","Rows Removed by Filter": 8,"Workers": []}]},{"Node Type": "Index Scan","Parent Relationship": "Inner","Parallel Aware": false,"Async Capable": false,"Scan Direction": "Forward","Index Name": "idx_lineitem_orderkey","Relation Name": "lineitem","Alias": "lineitem","Startup Cost": 0.43,"Total Cost": 2.84,"Plan Rows": 17,"Plan Width": 20,"Actual Startup Time": 0.017,"Actual Total Time": 0.019,"Actual Rows": 4,"Actual Loops": 45976,"Index Cond": "(l_orderkey = orders.o_orderkey)","Rows Removed by Index Recheck": 0,"Workers": []}]},{"Node Type": "Hash","Parent Relationship": "Inner","Parallel Aware": false,"Async Capable": false,"Startup Cost": 322.00,"Total Cost": 322.00,"Plan Rows": 10000,"Plan Width": 8,"Actual Startup Time": 12.172,"Actual Total Time": 12.179,"Actual Rows": 10000,"Actual Loops": 3,"Hash Buckets": 16384,"Original Hash Buckets": 16384,"Hash Batches": 1,"Original Hash Batches": 1,"Peak Memory Usage": 519,"Workers": [],"Plans": [{"Node Type": "Seq Scan","Parent Relationship": "Outer","Parallel Aware": false,"Async Capable": false,"Relation Name": "supplier","Alias": "supplier","Startup Cost": 0.00,"Total Cost": 322.00,"Plan Rows": 10000,"Plan Width": 8,"Actual Startup Time": 0.048,"Actual Total Time": 10.623,"Actual Rows": 10000,"Actual Loops": 3,"Workers": []}]}]}]}]}]}]}]},"Planning Time": 10.688,"Triggers": [],"Execution Time": 848.991}]
[{"Plan": {"Node Type": "Sort","Parallel Aware": false,"Async Capable": false,"Startup Cost": 21612.43,"Total Cost": 21612.50,"Plan Rows": 25,"Plan Width": 136,"Actual Startup Time": 835.932,"Actual Total Time": 867.365,"Actual Rows": 5,"Actual Loops": 1,"Sort Key": ["(sum((lineitem.l_extendedprice * ('1'::numeric - lineitem.l_discount)))) DESC"],"Sort Method": "quicksort","Sort Space Used": 25,"Sort Space Type": "Memory","Plans": [{"Node Type": "Aggregate","Strategy": "Sorted","Partial Mode": "Finalize","Parent Relationship": "Outer","Parallel Aware": false,"Async Capable": false,"Startup Cost": 21597.38,"Total Cost": 21611.85,"Plan Rows": 25,"Plan Width": 136,"Actual Startup Time": 835.364,"Actual Total Time": 867.318,"Actual Rows": 5,"Actual Loops": 1,"Group Key": ["nation.n_name"],"Plans": [{"Node Type": "Gather Merge","Parent Relationship": "Outer","Parallel Aware": false,"Async Capable": false,"Startup Cost": 21597.38,"Total Cost": 21611.17,"Plan Rows": 50,"Plan Width": 136,"Actual Startup Time": 835.179,"Actual Total Time": 867.277,"Actual Rows": 15,"Actual Loops": 1,"Workers Planned": 2,"Workers Launched": 2,"Plans": [{"Node Type": "Aggregate","Strategy": "Sorted","Partial Mode": "Partial","Parent Relationship": "Outer","Parallel Aware": false,"Async Capable": false,"Startup Cost": 20597.36,"Total Cost": 20605.37,"Plan Rows": 25,"Plan Width": 136,"Actual Startup Time": 826.891,"Actual Total Time": 827.596,"Actual Rows": 5,"Actual Loops": 3,"Group Key": ["nation.n_name"],"Workers": [],"Plans": [{"Node Type": "Sort","Parent Relationship": "Outer","Parallel Aware": false,"Async Capable": false,"Startup Cost": 20597.36,"Total Cost": 20598.90,"Plan Rows": 616,"Plan Width": 116,"Actual Startup Time": 826.692,"Actual Total Time": 826.817,"Actual Rows": 2422,"Actual Loops": 3,"Sort Key": ["nation.n_name"],"Sort Method": "quicksort","Sort Space Used": 284,"Sort Space Type": "Memory","Workers": [{"Worker Number": 0,"Sort Method": "quicksort","Sort Space Used": 289,"Sort Space Type": "Memory"},{"Worker Number": 1,"Sort Method": "quicksort","Sort Space Used": 285,"Sort Space Type": "Memory"}],"Plans": [{"Node Type": "Hash Join","Parent Relationship": "Outer","Parallel Aware": false,"Async Capable": false,"Join Type": "Inner","Startup Cost": 475.27,"Total Cost": 20568.82,"Plan Rows": 616,"Plan Width": 116,"Actual Startup Time": 12.416,"Actual Total Time": 825.180,"Actual Rows": 2422,"Actual Loops": 3,"Inner Unique": true,"Hash Cond": "((lineitem.l_suppkey = supplier.s_suppkey) AND (customer.c_nationkey = supplier.s_nationkey))","Workers": [],"Plans": [{"Node Type": "Nested Loop","Parent Relationship": "Outer","Parallel Aware": false,"Async Capable": false,"Join Type": "Inner","Startup Cost": 3.27,"Total Cost": 20015.89,"Plan Rows": 15415,"Plan Width": 128,"Actual Startup Time": 0.717,"Actual Total Time": 776.964,"Actual Rows": 61524,"Actual Loops": 3,"Inner Unique": false,"Workers": [],"Plans": [{"Node Type": "Nested Loop","Parent Relationship": "Outer","Parallel Aware": false,"Async Capable": false,"Join Type": "Inner","Startup Cost": 2.84,"Total Cost": 8414.26,"Plan Rows": 3853,"Plan Width": 116,"Actual Startup Time": 0.594,"Actual Total Time": 468.318,"Actual Rows": 15364,"Actual Loops": 3,"Inner Unique": false,"Workers": [],"Plans": [{"Node Type": "Hash Join","Parent Relationship": "Outer","Parallel Aware": false,"Async Capable": false,"Join Type": "Inner","Startup Cost": 2.41,"Total Cost": 4471.79,"Plan Rows": 2500,"Plan Width": 116,"Actual Startup Time": 0.257,"Actual Total Time": 59.024,"Actual Rows": 10066,"Actual Loops": 3,"Inner Unique": false,"Hash Cond": "(customer.c_nationkey = nation.n_nationkey)","Workers": [],"Plans": [{"Node Type": "Seq Scan","Parent Relationship": "Outer","Parallel Aware": true,"Async Capable": false,"Relation Name": "customer","Alias": "customer","Startup Cost": 0.00,"Total Cost": 4210.00,"Plan Rows": 62500,"Plan Width": 8,"Actual Startup Time": 0.018,"Actual Total Time": 10.025,"Actual Rows": 50000,"Actual Loops": 3,"Workers": []},{"Node Type": "Hash","Parent Relationship": "Inner","Parallel Aware": false,"Async Capable": false,"Startup Cost": 2.40,"Total Cost": 2.40,"Plan Rows": 1,"Plan Width": 108,"Actual Startup Time": 0.151,"Actual Total Time": 0.168,"Actual Rows": 5,"Actual Loops": 3,"Hash Buckets": 1024,"Original Hash Buckets": 1024,"Hash Batches": 1,"Original Hash Batches": 1,"Peak Memory Usage": 9,"Workers": [],"Plans": [{"Node Type": "Hash Join","Parent Relationship": "Outer","Parallel Aware": false,"Async Capable": false,"Join Type": "Inner","Startup Cost": 1.07,"Total Cost": 2.40,"Plan Rows": 1,"Plan Width": 108,"Actual Startup Time": 0.138,"Actual Total Time": 0.159,"Actual Rows": 5,"Actual Loops": 3,"Inner Unique": true,"Hash Cond": "(nation.n_regionkey = region.r_regionkey)","Workers": [],"Plans": [{"Node Type": "Seq Scan","Parent Relationship": "Outer","Parallel Aware": false,"Async Capable": false,"Relation Name": "nation","Alias": "nation","Startup Cost": 0.00,"Total Cost": 1.25,"Plan Rows": 25,"Plan Width": 112,"Actual Startup Time": 0.050,"Actual Total Time": 0.055,"Actual Rows": 25,"Actual Loops": 3,"Workers": []},{"Node Type": "Hash","Parent Relationship": "Inner","Parallel Aware": false,"Async Capable": false,"Startup Cost": 1.06,"Total Cost": 1.06,"Plan Rows": 1,"Plan Width": 4,"Actual Startup Time": 0.059,"Actual Total Time": 0.064,"Actual Rows": 1,"Actual Loops": 3,"Hash Buckets": 1024,"Original Hash Buckets": 1024,"Hash Batches": 1,"Original Hash Batches": 1,"Peak Memory Usage": 9,"Workers": [],"Plans": [{"Node Type": "Seq Scan","Parent Relationship": "Outer","Parallel Aware": false,"Async Capable": false,"Relation Name": "region","Alias": "region","Startup Cost": 0.00,"Total Cost": 1.06,"Plan Rows": 1,"Plan Width": 4,"Actual Startup Time": 0.043,"Actual Total Time": 0.045,"Actual Rows": 1,"Actual Loops": 3,"Filter": "(r_name = 'EUROPE'::bpchar)","Rows Removed by Filter": 4,"Workers": []}]}]}]}]},{"Node Type": "Index Scan","Parent Relationship": "Inner","Parallel Aware": false,"Async Capable": false,"Scan Direction": "Forward","Index Name": "idx_orders_custkey","Relation Name": "orders","Alias": "orders","Startup Cost": 0.43,"Total Cost": 1.55,"Plan Rows": 3,"Plan Width": 8,"Actual Startup Time": 0.017,"Actual Total Time": 0.040,"Actual Rows": 2,"Actual Loops": 30197,"Index Cond": "(o_custkey = customer.c_custkey)","Rows Removed by Index Recheck": 0,"Filter": "((o_orderdate >= '1994-01-01'::date) AND (o_orderdate < '1995-01-01 00:00:00'::timestamp without time zone))","Rows Removed by Filter": 9,"Workers": []}]},{"Node Type": "Index Scan","Parent Relationship": "Inner","Parallel Aware": false,"Async Capable": false,"Scan Direction": "Forward","Index Name": "idx_lineitem_orderkey","Relation Name": "lineitem","Alias": "lineitem","Startup Cost": 0.43,"Total Cost": 2.84,"Plan Rows": 17,"Plan Width": 20,"Actual Startup Time": 0.017,"Actual Total Time": 0.019,"Actual Rows": 4,"Actual Loops": 46093,"Index Cond": "(l_orderkey = orders.o_orderkey)","Rows Removed by Index Recheck": 0,"Workers": []}]},{"Node Type": "Hash","Parent Relationship": "Inner","Parallel Aware": false,"Async Capable": false,"Startup Cost": 322.00,"Total Cost": 322.00,"Plan Rows": 10000,"Plan Width": 8,"Actual Startup Time": 10.479,"Actual Total Time": 10.484,"Actual Rows": 10000,"Actual Loops": 3,"Hash Buckets": 16384,"Original Hash Buckets": 16384,"Hash Batches": 1,"Original Hash Batches": 1,"Peak Memory Usage": 519,"Workers": [],"Plans": [{"Node Type": "Seq Scan","Parent Relationship": "Outer","Parallel Aware": false,"Async Capable": false,"Relation Name": "supplier","Alias": "supplier","Startup Cost": 0.00,"Total Cost": 322.00,"Plan Rows": 10000,"Plan Width": 8,"Actual Startup Time": 0.042,"Actual Total Time": 8.711,"Actual Rows": 10000,"Actual Loops": 3,"Workers": []}]}]}]}]}]}]}]},"Planning Time": 9.647,"Triggers": [],"Execution Time": 867.883}]
[{"Plan": {"Node Type": "Sort","Parallel Aware": false,"Async Capable": false,"Startup Cost": 21565.81,"Total Cost": 21565.87,"Plan Rows": 25,"Plan Width": 136,"Actual Startup Time": 812.189,"Actual Total Time": 842.359,"Actual Rows": 5,"Actual Loops": 1,"Sort Key": ["(sum((lineitem.l_extendedprice * ('1'::numeric - lineitem.l_discount)))) DESC"],"Sort Method": "quicksort","Sort Space Used": 25,"Sort Space Type": "Memory","Plans": [{"Node Type": "Aggregate","Strategy": "Sorted","Partial Mode": "Finalize","Parent Relationship": "Outer","Parallel Aware": false,"Async Capable": false,"Startup Cost": 21550.86,"Total Cost": 21565.23,"Plan Rows": 25,"Plan Width": 136,"Actual Startup Time": 811.599,"Actual Total Time": 842.311,"Actual Rows": 5,"Actual Loops": 1,"Group Key": ["nation.n_name"],"Plans": [{"Node Type": "Gather Merge","Parent Relationship": "Outer","Parallel Aware": false,"Async Capable": false,"Startup Cost": 21550.86,"Total Cost": 21564.54,"Plan Rows": 50,"Plan Width": 136,"Actual Startup Time": 811.323,"Actual Total Time": 842.254,"Actual Rows": 15,"Actual Loops": 1,"Workers Planned": 2,"Workers Launched": 2,"Plans": [{"Node Type": "Aggregate","Strategy": "Sorted","Partial Mode": "Partial","Parent Relationship": "Outer","Parallel Aware": false,"Async Capable": false,"Startup Cost": 20550.84,"Total Cost": 20558.75,"Plan Rows": 25,"Plan Width": 136,"Actual Startup Time": 803.769,"Actual Total Time": 804.515,"Actual Rows": 5,"Actual Loops": 3,"Group Key": ["nation.n_name"],"Workers": [],"Plans": [{"Node Type": "Sort","Parent Relationship": "Outer","Parallel Aware": false,"Async Capable": false,"Startup Cost": 20550.84,"Total Cost": 20552.36,"Plan Rows": 608,"Plan Width": 116,"Actual Startup Time": 803.552,"Actual Total Time": 803.687,"Actual Rows": 2453,"Actual Loops": 3,"Sort Key": ["nation.n_name"],"Sort Method": "quicksort","Sort Space Used": 291,"Sort Space Type": "Memory","Workers": [{"Worker Number": 0,"Sort Method": "quicksort","Sort Space Used": 289,"Sort Space Type": "Memory"},{"Worker Number": 1,"Sort Method": "quicksort","Sort Space Used": 285,"Sort Space Type": "Memory"}],"Plans": [{"Node Type": "Hash Join","Parent Relationship": "Outer","Parallel Aware": false,"Async Capable": false,"Join Type": "Inner","Startup Cost": 475.27,"Total Cost": 20522.72,"Plan Rows": 608,"Plan Width": 116,"Actual Startup Time": 16.360,"Actual Total Time": 802.078,"Actual Rows": 2453,"Actual Loops": 3,"Inner Unique": true,"Hash Cond": "((lineitem.l_suppkey = supplier.s_suppkey) AND (customer.c_nationkey = supplier.s_nationkey))","Workers": [],"Plans": [{"Node Type": "Nested Loop","Parent Relationship": "Outer","Parallel Aware": false,"Async Capable": false,"Join Type": "Inner","Startup Cost": 3.27,"Total Cost": 19970.84,"Plan Rows": 15215,"Plan Width": 128,"Actual Startup Time": 0.560,"Actual Total Time": 757.067,"Actual Rows": 60975,"Actual Loops": 3,"Inner Unique": false,"Workers": [],"Plans": [{"Node Type": "Nested Loop","Parent Relationship": "Outer","Parallel Aware": false,"Async Capable": false,"Join Type": "Inner","Startup Cost": 2.84,"Total Cost": 8414.26,"Plan Rows": 3803,"Plan Width": 116,"Actual Startup Time": 0.451,"Actual Total Time": 451.841,"Actual Rows": 15295,"Actual Loops": 3,"Inner Unique": false,"Workers": [],"Plans": [{"Node Type": "Hash Join","Parent Relationship": "Outer","Parallel Aware": false,"Async Capable": false,"Join Type": "Inner","Startup Cost": 2.41,"Total Cost": 4471.79,"Plan Rows": 2500,"Plan Width": 116,"Actual Startup Time": 0.247,"Actual Total Time": 55.129,"Actual Rows": 10061,"Actual Loops": 3,"Inner Unique": false,"Hash Cond": "(customer.c_nationkey = nation.n_nationkey)","Workers": [],"Plans": [{"Node Type": "Seq Scan","Parent Relationship": "Outer","Parallel Aware": true,"Async Capable": false,"Relation Name": "customer","Alias": "customer","Startup Cost": 0.00,"Total Cost": 4210.00,"Plan Rows": 62500,"Plan Width": 8,"Actual Startup Time": 0.010,"Actual Total Time": 9.469,"Actual Rows": 50000,"Actual Loops": 3,"Workers": []},{"Node Type": "Hash","Parent Relationship": "Inner","Parallel Aware": false,"Async Capable": false,"Startup Cost": 2.40,"Total Cost": 2.40,"Plan Rows": 1,"Plan Width": 108,"Actual Startup Time": 0.154,"Actual Total Time": 0.175,"Actual Rows": 5,"Actual Loops": 3,"Hash Buckets": 1024,"Original Hash Buckets": 1024,"Hash Batches": 1,"Original Hash Batches": 1,"Peak Memory Usage": 9,"Workers": [],"Plans": [{"Node Type": "Hash Join","Parent Relationship": "Outer","Parallel Aware": false,"Async Capable": false,"Join Type": "Inner","Startup Cost": 1.07,"Total Cost": 2.40,"Plan Rows": 1,"Plan Width": 108,"Actual Startup Time": 0.142,"Actual Total Time": 0.165,"Actual Rows": 5,"Actual Loops": 3,"Inner Unique": true,"Hash Cond": "(nation.n_regionkey = region.r_regionkey)","Workers": [],"Plans": [{"Node Type": "Seq Scan","Parent Relationship": "Outer","Parallel Aware": false,"Async Capable": false,"Relation Name": "nation","Alias": "nation","Startup Cost": 0.00,"Total Cost": 1.25,"Plan Rows": 25,"Plan Width": 112,"Actual Startup Time": 0.058,"Actual Total Time": 0.062,"Actual Rows": 25,"Actual Loops": 3,"Workers": []},{"Node Type": "Hash","Parent Relationship": "Inner","Parallel Aware": false,"Async Capable": false,"Startup Cost": 1.06,"Total Cost": 1.06,"Plan Rows": 1,"Plan Width": 4,"Actual Startup Time": 0.056,"Actual Total Time": 0.065,"Actual Rows": 1,"Actual Loops": 3,"Hash Buckets": 1024,"Original Hash Buckets": 1024,"Hash Batches": 1,"Original Hash Batches": 1,"Peak Memory Usage": 9,"Workers": [],"Plans": [{"Node Type": "Seq Scan","Parent Relationship": "Outer","Parallel Aware": false,"Async Capable": false,"Relation Name": "region","Alias": "region","Startup Cost": 0.00,"Total Cost": 1.06,"Plan Rows": 1,"Plan Width": 4,"Actual Startup Time": 0.045,"Actual Total Time": 0.048,"Actual Rows": 1,"Actual Loops": 3,"Filter": "(r_name = 'ASIA'::bpchar)","Rows Removed by Filter": 4,"Workers": []}]}]}]}]},{"Node Type": "Index Scan","Parent Relationship": "Inner","Parallel Aware": false,"Async Capable": false,"Scan Direction": "Forward","Index Name": "idx_orders_custkey","Relation Name": "orders","Alias": "orders","Startup Cost": 0.43,"Total Cost": 1.55,"Plan Rows": 3,"Plan Width": 8,"Actual Startup Time": 0.017,"Actual Total Time": 0.039,"Actual Rows": 2,"Actual Loops": 30183,"Index Cond": "(o_custkey = customer.c_custkey)","Rows Removed by Index Recheck": 0,"Filter": "((o_orderdate >= '1997-01-01'::date) AND (o_orderdate < '1998-01-01 00:00:00'::timestamp without time zone))","Rows Removed by Filter": 8,"Workers": []}]},{"Node Type": "Index Scan","Parent Relationship": "Inner","Parallel Aware": false,"Async Capable": false,"Scan Direction": "Forward","Index Name": "idx_lineitem_orderkey","Relation Name": "lineitem","Alias": "lineitem","Startup Cost": 0.43,"Total Cost": 2.87,"Plan Rows": 17,"Plan Width": 20,"Actual Startup Time": 0.017,"Actual Total Time": 0.019,"Actual Rows": 4,"Actual Loops": 45884,"Index Cond": "(l_orderkey = orders.o_orderkey)","Rows Removed by Index Recheck": 0,"Workers": []}]},{"Node Type": "Hash","Parent Relationship": "Inner","Parallel Aware": false,"Async Capable": false,"Startup Cost": 322.00,"Total Cost": 322.00,"Plan Rows": 10000,"Plan Width": 8,"Actual Startup Time": 13.288,"Actual Total Time": 13.293,"Actual Rows": 10000,"Actual Loops": 3,"Hash Buckets": 16384,"Original Hash Buckets": 16384,"Hash Batches": 1,"Original Hash Batches": 1,"Peak Memory Usage": 519,"Workers": [],"Plans": [{"Node Type": "Seq Scan","Parent Relationship": "Outer","Parallel Aware": false,"Async Capable": false,"Relation Name": "supplier","Alias": "supplier","Startup Cost": 0.00,"Total Cost": 322.00,"Plan Rows": 10000,"Plan Width": 8,"Actual Startup Time": 0.036,"Actual Total Time": 11.595,"Actual Rows": 10000,"Actual Loops": 3,"Workers": []}]}]}]}]}]}]}]},"Planning Time": 10.446,"Triggers": [],"Execution Time": 842.801}]
[{"Plan": {"Node Type": "Sort","Parallel Aware": false,"Async Capable": false,"Startup Cost": 21522.30,"Total Cost": 21522.36,"Plan Rows": 25,"Plan Width": 136,"Actual Startup Time": 803.252,"Actual Total Time": 834.286,"Actual Rows": 5,"Actual Loops": 1,"Sort Key": ["(sum((lineitem.l_extendedprice * ('1'::numeric - lineitem.l_discount)))) DESC"],"Sort Method": "quicksort","Sort Space Used": 25,"Sort Space Type": "Memory","Plans": [{"Node Type": "Aggregate","Strategy": "Sorted","Partial Mode": "Finalize","Parent Relationship": "Outer","Parallel Aware": false,"Async Capable": false,"Startup Cost": 21507.43,"Total Cost": 21521.72,"Plan Rows": 25,"Plan Width": 136,"Actual Startup Time": 802.651,"Actual Total Time": 834.228,"Actual Rows": 5,"Actual Loops": 1,"Group Key": ["nation.n_name"],"Plans": [{"Node Type": "Gather Merge","Parent Relationship": "Outer","Parallel Aware": false,"Async Capable": false,"Startup Cost": 21507.43,"Total Cost": 21521.03,"Plan Rows": 50,"Plan Width": 136,"Actual Startup Time": 802.434,"Actual Total Time": 834.170,"Actual Rows": 15,"Actual Loops": 1,"Workers Planned": 2,"Workers Launched": 2,"Plans": [{"Node Type": "Aggregate","Strategy": "Sorted","Partial Mode": "Partial","Parent Relationship": "Outer","Parallel Aware": false,"Async Capable": false,"Startup Cost": 20507.41,"Total Cost": 20515.23,"Plan Rows": 25,"Plan Width": 136,"Actual Startup Time": 794.928,"Actual Total Time": 795.651,"Actual Rows": 5,"Actual Loops": 3,"Group Key": ["nation.n_name"],"Workers": [],"Plans": [{"Node Type": "Sort","Parent Relationship": "Outer","Parallel Aware": false,"Async Capable": false,"Startup Cost": 20507.41,"Total Cost": 20508.91,"Plan Rows": 601,"Plan Width": 116,"Actual Startup Time": 794.703,"Actual Total Time": 794.843,"Actual Rows": 2409,"Actual Loops": 3,"Sort Key": ["nation.n_name"],"Sort Method": "quicksort","Sort Space Used": 286,"Sort Space Type": "Memory","Workers": [{"Worker Number": 0,"Sort Method": "quicksort","Sort Space Used": 276,"Sort Space Type": "Memory"},{"Worker Number": 1,"Sort Method": "quicksort","Sort Space Used": 293,"Sort Space Type": "Memory"}],"Plans": [{"Node Type": "Hash Join","Parent Relationship": "Outer","Parallel Aware": false,"Async Capable": false,"Join Type": "Inner","Startup Cost": 475.27,"Total Cost": 20479.67,"Plan Rows": 601,"Plan Width": 116,"Actual Startup Time": 9.777,"Actual Total Time": 793.218,"Actual Rows": 2409,"Actual Loops": 3,"Inner Unique": true,"Hash Cond": "((lineitem.l_suppkey = supplier.s_suppkey) AND (customer.c_nationkey = supplier.s_nationkey))","Workers": [],"Plans": [{"Node Type": "Nested Loop","Parent Relationship": "Outer","Parallel Aware": false,"Async Capable": false,"Join Type": "Inner","Startup Cost": 3.27,"Total Cost": 19928.78,"Plan Rows": 15027,"Plan Width": 128,"Actual Startup Time": 0.619,"Actual Total Time": 753.080,"Actual Rows": 60488,"Actual Loops": 3,"Inner Unique": false,"Workers": [],"Plans": [{"Node Type": "Nested Loop","Parent Relationship": "Outer","Parallel Aware": false,"Async Capable": false,"Join Type": "Inner","Startup Cost": 2.84,"Total Cost": 8414.26,"Plan Rows": 3756,"Plan Width": 116,"Actual Startup Time": 0.516,"Actual Total Time": 449.946,"Actual Rows": 15093,"Actual Loops": 3,"Inner Unique": false,"Workers": [],"Plans": [{"Node Type": "Hash Join","Parent Relationship": "Outer","Parallel Aware": false,"Async Capable": false,"Join Type": "Inner","Startup Cost": 2.41,"Total Cost": 4471.79,"Plan Rows": 2500,"Plan Width": 116,"Actual Startup Time": 0.243,"Actual Total Time": 55.930,"Actual Rows": 9921,"Actual Loops": 3,"Inner Unique": false,"Hash Cond": "(customer.c_nationkey = nation.n_nationkey)","Workers": [],"Plans": [{"Node Type": "Seq Scan","Parent Relationship": "Outer","Parallel Aware": true,"Async Capable": false,"Relation Name": "customer","Alias": "customer","Startup Cost": 0.00,"Total Cost": 4210.00,"Plan Rows": 62500,"Plan Width": 8,"Actual Startup Time": 0.017,"Actual Total Time": 9.588,"Actual Rows": 50000,"Actual Loops": 3,"Workers": []},{"Node Type": "Hash","Parent Relationship": "Inner","Parallel Aware": false,"Async Capable": false,"Startup Cost": 2.40,"Total Cost": 2.40,"Plan Rows": 1,"Plan Width": 108,"Actual Startup Time": 0.143,"Actual Total Time": 0.169,"Actual Rows": 5,"Actual Loops": 3,"Hash Buckets": 1024,"Original Hash Buckets": 1024,"Hash Batches": 1,"Original Hash Batches": 1,"Peak Memory Usage": 9,"Workers": [],"Plans": [{"Node Type": "Hash Join","Parent Relationship": "Outer","Parallel Aware": false,"Async Capable": false,"Join Type": "Inner","Startup Cost": 1.07,"Total Cost": 2.40,"Plan Rows": 1,"Plan Width": 108,"Actual Startup Time": 0.126,"Actual Total Time": 0.159,"Actual Rows": 5,"Actual Loops": 3,"Inner Unique": true,"Hash Cond": "(nation.n_regionkey = region.r_regionkey)","Workers": [],"Plans": [{"Node Type": "Seq Scan","Parent Relationship": "Outer","Parallel Aware": false,"Async Capable": false,"Relation Name": "nation","Alias": "nation","Startup Cost": 0.00,"Total Cost": 1.25,"Plan Rows": 25,"Plan Width": 112,"Actual Startup Time": 0.045,"Actual Total Time": 0.050,"Actual Rows": 25,"Actual Loops": 3,"Workers": []},{"Node Type": "Hash","Parent Relationship": "Inner","Parallel Aware": false,"Async Capable": false,"Startup Cost": 1.06,"Total Cost": 1.06,"Plan Rows": 1,"Plan Width": 4,"Actual Startup Time": 0.052,"Actual Total Time": 0.063,"Actual Rows": 1,"Actual Loops": 3,"Hash Buckets": 1024,"Original Hash Buckets": 1024,"Hash Batches": 1,"Original Hash Batches": 1,"Peak Memory Usage": 9,"Workers": [],"Plans": [{"Node Type": "Seq Scan","Parent Relationship": "Outer","Parallel Aware": false,"Async Capable": false,"Relation Name": "region","Alias": "region","Startup Cost": 0.00,"Total Cost": 1.06,"Plan Rows": 1,"Plan Width": 4,"Actual Startup Time": 0.036,"Actual Total Time": 0.041,"Actual Rows": 1,"Actual Loops": 3,"Filter": "(r_name = 'AFRICA'::bpchar)","Rows Removed by Filter": 4,"Workers": []}]}]}]}]},{"Node Type": "Index Scan","Parent Relationship": "Inner","Parallel Aware": false,"Async Capable": false,"Scan Direction": "Forward","Index Name": "idx_orders_custkey","Relation Name": "orders","Alias": "orders","Startup Cost": 0.43,"Total Cost": 1.55,"Plan Rows": 3,"Plan Width": 8,"Actual Startup Time": 0.017,"Actual Total Time": 0.039,"Actual Rows": 2,"Actual Loops": 29764,"Index Cond": "(o_custkey = customer.c_custkey)","Rows Removed by Index Recheck": 0,"Filter": "((o_orderdate >= '1993-01-01'::date) AND (o_orderdate < '1994-01-01 00:00:00'::timestamp without time zone))","Rows Removed by Filter": 9,"Workers": []}]},{"Node Type": "Index Scan","Parent Relationship": "Inner","Parallel Aware": false,"Async Capable": false,"Scan Direction": "Forward","Index Name": "idx_lineitem_orderkey","Relation Name": "lineitem","Alias": "lineitem","Startup Cost": 0.43,"Total Cost": 2.90,"Plan Rows": 17,"Plan Width": 20,"Actual Startup Time": 0.017,"Actual Total Time": 0.019,"Actual Rows": 4,"Actual Loops": 45280,"Index Cond": "(l_orderkey = orders.o_orderkey)","Rows Removed by Index Recheck": 0,"Workers": []}]},{"Node Type": "Hash","Parent Relationship": "Inner","Parallel Aware": false,"Async Capable": false,"Startup Cost": 322.00,"Total Cost": 322.00,"Plan Rows": 10000,"Plan Width": 8,"Actual Startup Time": 8.121,"Actual Total Time": 8.126,"Actual Rows": 10000,"Actual Loops": 3,"Hash Buckets": 16384,"Original Hash Buckets": 16384,"Hash Batches": 1,"Original Hash Batches": 1,"Peak Memory Usage": 519,"Workers": [],"Plans": [{"Node Type": "Seq Scan","Parent Relationship": "Outer","Parallel Aware": false,"Async Capable": false,"Relation Name": "supplier","Alias": "supplier","Startup Cost": 0.00,"Total Cost": 322.00,"Plan Rows": 10000,"Plan Width": 8,"Actual Startup Time": 0.036,"Actual Total Time": 6.327,"Actual Rows": 10000,"Actual Loops": 3,"Workers": []}]}]}]}]}]}]}]},"Planning Time": 9.902,"Triggers": [],"Execution Time": 834.900}]
[{"Plan": {"Node Type": "Sort","Parallel Aware": false,"Async Capable": false,"Startup Cost": 21565.24,"Total Cost": 21565.30,"Plan Rows": 25,"Plan Width": 136,"Actual Startup Time": 809.309,"Actual Total Time": 841.501,"Actual Rows": 5,"Actual Loops": 1,"Sort Key": ["(sum((lineitem.l_extendedprice * ('1'::numeric - lineitem.l_discount)))) DESC"],"Sort Method": "quicksort","Sort Space Used": 25,"Sort Space Type": "Memory","Plans": [{"Node Type": "Aggregate","Strategy": "Sorted","Partial Mode": "Finalize","Parent Relationship": "Outer","Parallel Aware": false,"Async Capable": false,"Startup Cost": 21550.29,"Total Cost": 21564.66,"Plan Rows": 25,"Plan Width": 136,"Actual Startup Time": 808.678,"Actual Total Time": 841.457,"Actual Rows": 5,"Actual Loops": 1,"Group Key": ["nation.n_name"],"Plans": [{"Node Type": "Gather Merge","Parent Relationship": "Outer","Parallel Aware": false,"Async Capable": false,"Startup Cost": 21550.29,"Total Cost": 21563.97,"Plan Rows": 50,"Plan Width": 136,"Actual Startup Time": 808.243,"Actual Total Time": 841.406,"Actual Rows": 15,"Actual Loops": 1,"Workers Planned": 2,"Workers Launched": 2,"Plans": [{"Node Type": "Aggregate","Strategy": "Sorted","Partial Mode": "Partial","Parent Relationship": "Outer","Parallel Aware": false,"Async Capable": false,"Startup Cost": 20550.26,"Total Cost": 20558.18,"Plan Rows": 25,"Plan Width": 136,"Actual Startup Time": 800.586,"Actual Total Time": 801.383,"Actual Rows": 5,"Actual Loops": 3,"Group Key": ["nation.n_name"],"Workers": [],"Plans": [{"Node Type": "Sort","Parent Relationship": "Outer","Parallel Aware": false,"Async Capable": false,"Startup Cost": 20550.26,"Total Cost": 20551.78,"Plan Rows": 608,"Plan Width": 116,"Actual Startup Time": 800.370,"Actual Total Time": 800.511,"Actual Rows": 2409,"Actual Loops": 3,"Sort Key": ["nation.n_name"],"Sort Method": "quicksort","Sort Space Used": 290,"Sort Space Type": "Memory","Workers": [{"Worker Number": 0,"Sort Method": "quicksort","Sort Space Used": 281,"Sort Space Type": "Memory"},{"Worker Number": 1,"Sort Method": "quicksort","Sort Space Used": 283,"Sort Space Type": "Memory"}],"Plans": [{"Node Type": "Hash Join","Parent Relationship": "Outer","Parallel Aware": false,"Async Capable": false,"Join Type": "Inner","Startup Cost": 475.27,"Total Cost": 20522.15,"Plan Rows": 608,"Plan Width": 116,"Actual Startup Time": 14.807,"Actual Total Time": 798.884,"Actual Rows": 2409,"Actual Loops": 3,"Inner Unique": true,"Hash Cond": "((lineitem.l_suppkey = supplier.s_suppkey) AND (customer.c_nationkey = supplier.s_nationkey))","Workers": [],"Plans": [{"Node Type": "Nested Loop","Parent Relationship": "Outer","Parallel Aware": false,"Async Capable": false,"Join Type": "Inner","Startup Cost": 3.27,"Total Cost": 19970.29,"Plan Rows": 15211,"Plan Width": 128,"Actual Startup Time": 0.571,"Actual Total Time": 753.021,"Actual Rows": 60135,"Actual Loops": 3,"Inner Unique": false,"Workers": [],"Plans": [{"Node Type": "Nested Loop","Parent Relationship": "Outer","Parallel Aware": false,"Async Capable": false,"Join Type": "Inner","Startup Cost": 2.84,"Total Cost": 8414.26,"Plan Rows": 3802,"Plan Width": 116,"Actual Startup Time": 0.432,"Actual Total Time": 448.470,"Actual Rows": 15086,"Actual Loops": 3,"Inner Unique": false,"Workers": [],"Plans": [{"Node Type": "Hash Join","Parent Relationship": "Outer","Parallel Aware": false,"Async Capable": false,"Join Type": "Inner","Startup Cost": 2.41,"Total Cost": 4471.79,"Plan Rows": 2500,"Plan Width": 116,"Actual Startup Time": 0.234,"Actual Total Time": 55.967,"Actual Rows": 9968,"Actual Loops": 3,"Inner Unique": false,"Hash Cond": "(customer.c_nationkey = nation.n_nationkey)","Workers": [],"Plans": [{"Node Type": "Seq Scan","Parent Relationship": "Outer","Parallel Aware": true,"Async Capable": false,"Relation Name": "customer","Alias": "customer","Startup Cost": 0.00,"Total Cost": 4210.00,"Plan Rows": 62500,"Plan Width": 8,"Actual Startup Time": 0.014,"Actual Total Time": 9.575,"Actual Rows": 50000,"Actual Loops": 3,"Workers": []},{"Node Type": "Hash","Parent Relationship": "Inner","Parallel Aware": false,"Async Capable": false,"Startup Cost": 2.40,"Total Cost": 2.40,"Plan Rows": 1,"Plan Width": 108,"Actual Startup Time": 0.143,"Actual Total Time": 0.166,"Actual Rows": 5,"Actual Loops": 3,"Hash Buckets": 1024,"Original Hash Buckets": 1024,"Hash Batches": 1,"Original Hash Batches": 1,"Peak Memory Usage": 9,"Workers": [],"Plans": [{"Node Type": "Hash Join","Parent Relationship": "Outer","Parallel Aware": false,"Async Capable": false,"Join Type": "Inner","Startup Cost": 1.07,"Total Cost": 2.40,"Plan Rows": 1,"Plan Width": 108,"Actual Startup Time": 0.129,"Actual Total Time": 0.155,"Actual Rows": 5,"Actual Loops": 3,"Inner Unique": true,"Hash Cond": "(nation.n_regionkey = region.r_regionkey)","Workers": [],"Plans": [{"Node Type": "Seq Scan","Parent Relationship": "Outer","Parallel Aware": false,"Async Capable": false,"Relation Name": "nation","Alias": "nation","Startup Cost": 0.00,"Total Cost": 1.25,"Plan Rows": 25,"Plan Width": 112,"Actual Startup Time": 0.047,"Actual Total Time": 0.051,"Actual Rows": 25,"Actual Loops": 3,"Workers": []},{"Node Type": "Hash","Parent Relationship": "Inner","Parallel Aware": false,"Async Capable": false,"Startup Cost": 1.06,"Total Cost": 1.06,"Plan Rows": 1,"Plan Width": 4,"Actual Startup Time": 0.054,"Actual Total Time": 0.064,"Actual Rows": 1,"Actual Loops": 3,"Hash Buckets": 1024,"Original Hash Buckets": 1024,"Hash Batches": 1,"Original Hash Batches": 1,"Peak Memory Usage": 9,"Workers": [],"Plans": [{"Node Type": "Seq Scan","Parent Relationship": "Outer","Parallel Aware": false,"Async Capable": false,"Relation Name": "region","Alias": "region","Startup Cost": 0.00,"Total Cost": 1.06,"Plan Rows": 1,"Plan Width": 4,"Actual Startup Time": 0.039,"Actual Total Time": 0.041,"Actual Rows": 1,"Actual Loops": 3,"Filter": "(r_name = 'MIDDLE EAST'::bpchar)","Rows Removed by Filter": 4,"Workers": []}]}]}]}]},{"Node Type": "Index Scan","Parent Relationship": "Inner","Parallel Aware": false,"Async Capable": false,"Scan Direction": "Forward","Index Name": "idx_orders_custkey","Relation Name": "orders","Alias": "orders","Startup Cost": 0.43,"Total Cost": 1.55,"Plan Rows": 3,"Plan Width": 8,"Actual Startup Time": 0.017,"Actual Total Time": 0.039,"Actual Rows": 2,"Actual Loops": 29904,"Index Cond": "(o_custkey = customer.c_custkey)","Rows Removed by Index Recheck": 0,"Filter": "((o_orderdate >= '1995-01-01'::date) AND (o_orderdate < '1996-01-01 00:00:00'::timestamp without time zone))","Rows Removed by Filter": 8,"Workers": []}]},{"Node Type": "Index Scan","Parent Relationship": "Inner","Parallel Aware": false,"Async Capable": false,"Scan Direction": "Forward","Index Name": "idx_lineitem_orderkey","Relation Name": "lineitem","Alias": "lineitem","Startup Cost": 0.43,"Total Cost": 2.87,"Plan Rows": 17,"Plan Width": 20,"Actual Startup Time": 0.017,"Actual Total Time": 0.019,"Actual Rows": 4,"Actual Loops": 45257,"Index Cond": "(l_orderkey = orders.o_orderkey)","Rows Removed by Index Recheck": 0,"Workers": []}]},{"Node Type": "Hash","Parent Relationship": "Inner","Parallel Aware": false,"Async Capable": false,"Startup Cost": 322.00,"Total Cost": 322.00,"Plan Rows": 10000,"Plan Width": 8,"Actual Startup Time": 12.822,"Actual Total Time": 12.826,"Actual Rows": 10000,"Actual Loops": 3,"Hash Buckets": 16384,"Original Hash Buckets": 16384,"Hash Batches": 1,"Original Hash Batches": 1,"Peak Memory Usage": 519,"Workers": [],"Plans": [{"Node Type": "Seq Scan","Parent Relationship": "Outer","Parallel Aware": false,"Async Capable": false,"Relation Name": "supplier","Alias": "supplier","Startup Cost": 0.00,"Total Cost": 322.00,"Plan Rows": 10000,"Plan Width": 8,"Actual Startup Time": 0.044,"Actual Total Time": 11.057,"Actual Rows": 10000,"Actual Loops": 3,"Workers": []}]}]}]}]}]}]}]},"Planning Time": 10.537,"Triggers": [],"Execution Time": 841.938}]
[{"Plan": {"Node Type": "Sort","Parallel Aware": false,"Async Capable": false,"Startup Cost": 21565.81,"Total Cost": 21565.87,"Plan Rows": 25,"Plan Width": 136,"Actual Startup Time": 831.835,"Actual Total Time": 873.525,"Actual Rows": 5,"Actual Loops": 1,"Sort Key": ["(sum((lineitem.l_extendedprice * ('1'::numeric - lineitem.l_discount)))) DESC"],"Sort Method": "quicksort","Sort Space Used": 25,"Sort Space Type": "Memory","Plans": [{"Node Type": "Aggregate","Strategy": "Sorted","Partial Mode": "Finalize","Parent Relationship": "Outer","Parallel Aware": false,"Async Capable": false,"Startup Cost": 21550.86,"Total Cost": 21565.23,"Plan Rows": 25,"Plan Width": 136,"Actual Startup Time": 831.274,"Actual Total Time": 873.480,"Actual Rows": 5,"Actual Loops": 1,"Group Key": ["nation.n_name"],"Plans": [{"Node Type": "Gather Merge","Parent Relationship": "Outer","Parallel Aware": false,"Async Capable": false,"Startup Cost": 21550.86,"Total Cost": 21564.54,"Plan Rows": 50,"Plan Width": 136,"Actual Startup Time": 830.694,"Actual Total Time": 873.427,"Actual Rows": 15,"Actual Loops": 1,"Workers Planned": 2,"Workers Launched": 2,"Plans": [{"Node Type": "Aggregate","Strategy": "Sorted","Partial Mode": "Partial","Parent Relationship": "Outer","Parallel Aware": false,"Async Capable": false,"Startup Cost": 20550.84,"Total Cost": 20558.75,"Plan Rows": 25,"Plan Width": 136,"Actual Startup Time": 822.251,"Actual Total Time": 823.046,"Actual Rows": 5,"Actual Loops": 3,"Group Key": ["nation.n_name"],"Workers": [],"Plans": [{"Node Type": "Sort","Parent Relationship": "Outer","Parallel Aware": false,"Async Capable": false,"Startup Cost": 20550.84,"Total Cost": 20552.36,"Plan Rows": 608,"Plan Width": 116,"Actual Startup Time": 822.034,"Actual Total Time": 822.187,"Actual Rows": 2330,"Actual Loops": 3,"Sort Key": ["nation.n_name"],"Sort Method": "quicksort","Sort Space Used": 287,"Sort Space Type": "Memory","Workers": [{"Worker Number": 0,"Sort Method": "quicksort","Sort Space Used": 271,"Sort Space Type": "Memory"},{"Worker Number": 1,"Sort Method": "quicksort","Sort Space Used": 278,"Sort Space Type": "Memory"}],"Plans": [{"Node Type": "Hash Join","Parent Relationship": "Outer","Parallel Aware": false,"Async Capable": false,"Join Type": "Inner","Startup Cost": 475.27,"Total Cost": 20522.72,"Plan Rows": 608,"Plan Width": 116,"Actual Startup Time": 11.715,"Actual Total Time": 820.536,"Actual Rows": 2330,"Actual Loops": 3,"Inner Unique": true,"Hash Cond": "((lineitem.l_suppkey = supplier.s_suppkey) AND (customer.c_nationkey = supplier.s_nationkey))","Workers": [],"Plans": [{"Node Type": "Nested Loop","Parent Relationship": "Outer","Parallel Aware": false,"Async Capable": false,"Join Type": "Inner","Startup Cost": 3.27,"Total Cost": 19970.84,"Plan Rows": 15215,"Plan Width": 128,"Actual Startup Time": 0.848,"Actual Total Time": 777.711,"Actual Rows": 60416,"Actual Loops": 3,"Inner Unique": false,"Workers": [],"Plans": [{"Node Type": "Nested Loop","Parent Relationship": "Outer","Parallel Aware": false,"Async Capable": false,"Join Type": "Inner","Startup Cost": 2.84,"Total Cost": 8414.26,"Plan Rows": 3803,"Plan Width": 116,"Actual Startup Time": 0.710,"Actual Total Time": 470.008,"Actual Rows": 15150,"Actual Loops": 3,"Inner Unique": false,"Workers": [],"Plans": [{"Node Type": "Hash Join","Parent Relationship": "Outer","Parallel Aware": false,"Async Capable": false,"Join Type": "Inner","Startup Cost": 2.41,"Total Cost": 4471.79,"Plan Rows": 2500,"Plan Width": 116,"Actual Startup Time": 0.302,"Actual Total Time": 60.810,"Actual Rows": 9921,"Actual Loops": 3,"Inner Unique": false,"Hash Cond": "(customer.c_nationkey = nation.n_nationkey)","Workers": [],"Plans": [{"Node Type": "Seq Scan","Parent Relationship": "Outer","Parallel Aware": true,"Async Capable": false,"Relation Name": "customer","Alias": "customer","Startup Cost": 0.00,"Total Cost": 4210.00,"Plan Rows": 62500,"Plan Width": 8,"Actual Startup Time": 0.020,"Actual Total Time": 10.219,"Actual Rows": 50000,"Actual Loops": 3,"Workers": []},{"Node Type": "Hash","Parent Relationship": "Inner","Parallel Aware": false,"Async Capable": false,"Startup Cost": 2.40,"Total Cost": 2.40,"Plan Rows": 1,"Plan Width": 108,"Actual Startup Time": 0.183,"Actual Total Time": 0.205,"Actual Rows": 5,"Actual Loops": 3,"Hash Buckets": 1024,"Original Hash Buckets": 1024,"Hash Batches": 1,"Original Hash Batches": 1,"Peak Memory Usage": 9,"Workers": [],"Plans": [{"Node Type": "Hash Join","Parent Relationship": "Outer","Parallel Aware": false,"Async Capable": false,"Join Type": "Inner","Startup Cost": 1.07,"Total Cost": 2.40,"Plan Rows": 1,"Plan Width": 108,"Actual Startup Time": 0.167,"Actual Total Time": 0.195,"Actual Rows": 5,"Actual Loops": 3,"Inner Unique": true,"Hash Cond": "(nation.n_regionkey = region.r_regionkey)","Workers": [],"Plans": [{"Node Type": "Seq Scan","Parent Relationship": "Outer","Parallel Aware": false,"Async Capable": false,"Relation Name": "nation","Alias": "nation","Startup Cost": 0.00,"Total Cost": 1.25,"Plan Rows": 25,"Plan Width": 112,"Actual Startup Time": 0.065,"Actual Total Time": 0.070,"Actual Rows": 25,"Actual Loops": 3,"Workers": []},{"Node Type": "Hash","Parent Relationship": "Inner","Parallel Aware": false,"Async Capable": false,"Startup Cost": 1.06,"Total Cost": 1.06,"Plan Rows": 1,"Plan Width": 4,"Actual Startup Time": 0.074,"Actual Total Time": 0.079,"Actual Rows": 1,"Actual Loops": 3,"Hash Buckets": 1024,"Original Hash Buckets": 1024,"Hash Batches": 1,"Original Hash Batches": 1,"Peak Memory Usage": 9,"Workers": [],"Plans": [{"Node Type": "Seq Scan","Parent Relationship": "Outer","Parallel Aware": false,"Async Capable": false,"Relation Name": "region","Alias": "region","Startup Cost": 0.00,"Total Cost": 1.06,"Plan Rows": 1,"Plan Width": 4,"Actual Startup Time": 0.049,"Actual Total Time": 0.053,"Actual Rows": 1,"Actual Loops": 3,"Filter": "(r_name = 'AFRICA'::bpchar)","Rows Removed by Filter": 4,"Workers": []}]}]}]}]},{"Node Type": "Index Scan","Parent Relationship": "Inner","Parallel Aware": false,"Async Capable": false,"Scan Direction": "Forward","Index Name": "idx_orders_custkey","Relation Name": "orders","Alias": "orders","Startup Cost": 0.43,"Total Cost": 1.55,"Plan Rows": 3,"Plan Width": 8,"Actual Startup Time": 0.018,"Actual Total Time": 0.041,"Actual Rows": 2,"Actual Loops": 29764,"Index Cond": "(o_custkey = customer.c_custkey)","Rows Removed by Index Recheck": 0,"Filter": "((o_orderdate >= '1997-01-01'::date) AND (o_orderdate < '1998-01-01 00:00:00'::timestamp without time zone))","Rows Removed by Filter": 9,"Workers": []}]},{"Node Type": "Index Scan","Parent Relationship": "Inner","Parallel Aware": false,"Async Capable": false,"Scan Direction": "Forward","Index Name": "idx_lineitem_orderkey","Relation Name": "lineitem","Alias": "lineitem","Startup Cost": 0.43,"Total Cost": 2.87,"Plan Rows": 17,"Plan Width": 20,"Actual Startup Time": 0.017,"Actual Total Time": 0.020,"Actual Rows": 4,"Actual Loops": 45450,"Index Cond": "(l_orderkey = orders.o_orderkey)","Rows Removed by Index Recheck": 0,"Workers": []}]},{"Node Type": "Hash","Parent Relationship": "Inner","Parallel Aware": false,"Async Capable": false,"Startup Cost": 322.00,"Total Cost": 322.00,"Plan Rows": 10000,"Plan Width": 8,"Actual Startup Time": 8.425,"Actual Total Time": 8.430,"Actual Rows": 10000,"Actual Loops": 3,"Hash Buckets": 16384,"Original Hash Buckets": 16384,"Hash Batches": 1,"Original Hash Batches": 1,"Peak Memory Usage": 519,"Workers": [],"Plans": [{"Node Type": "Seq Scan","Parent Relationship": "Outer","Parallel Aware": false,"Async Capable": false,"Relation Name": "supplier","Alias": "supplier","Startup Cost": 0.00,"Total Cost": 322.00,"Plan Rows": 10000,"Plan Width": 8,"Actual Startup Time": 0.044,"Actual Total Time": 6.920,"Actual Rows": 10000,"Actual Loops": 3,"Workers": []}]}]}]}]}]}]}]},"Planning Time": 9.220,"Triggers": [],"Execution Time": 874.104}]
[{"Plan": {"Node Type": "Sort","Parallel Aware": false,"Async Capable": false,"Startup Cost": 21616.39,"Total Cost": 21616.45,"Plan Rows": 25,"Plan Width": 136,"Actual Startup Time": 817.171,"Actual Total Time": 848.557,"Actual Rows": 5,"Actual Loops": 1,"Sort Key": ["(sum((lineitem.l_extendedprice * ('1'::numeric - lineitem.l_discount)))) DESC"],"Sort Method": "quicksort","Sort Space Used": 25,"Sort Space Type": "Memory","Plans": [{"Node Type": "Aggregate","Strategy": "Sorted","Partial Mode": "Finalize","Parent Relationship": "Outer","Parallel Aware": false,"Async Capable": false,"Startup Cost": 21601.33,"Total Cost": 21615.81,"Plan Rows": 25,"Plan Width": 136,"Actual Startup Time": 816.250,"Actual Total Time": 848.503,"Actual Rows": 5,"Actual Loops": 1,"Group Key": ["nation.n_name"],"Plans": [{"Node Type": "Gather Merge","Parent Relationship": "Outer","Parallel Aware": false,"Async Capable": false,"Startup Cost": 21601.33,"Total Cost": 21615.12,"Plan Rows": 50,"Plan Width": 136,"Actual Startup Time": 815.620,"Actual Total Time": 848.441,"Actual Rows": 15,"Actual Loops": 1,"Workers Planned": 2,"Workers Launched": 2,"Plans": [{"Node Type": "Aggregate","Strategy": "Sorted","Partial Mode": "Partial","Parent Relationship": "Outer","Parallel Aware": false,"Async Capable": false,"Startup Cost": 20601.30,"Total Cost": 20609.33,"Plan Rows": 25,"Plan Width": 136,"Actual Startup Time": 807.499,"Actual Total Time": 808.444,"Actual Rows": 5,"Actual Loops": 3,"Group Key": ["nation.n_name"],"Workers": [],"Plans": [{"Node Type": "Sort","Parent Relationship": "Outer","Parallel Aware": false,"Async Capable": false,"Startup Cost": 20601.30,"Total Cost": 20602.85,"Plan Rows": 617,"Plan Width": 116,"Actual Startup Time": 807.276,"Actual Total Time": 807.432,"Actual Rows": 2427,"Actual Loops": 3,"Sort Key": ["nation.n_name"],"Sort Method": "quicksort","Sort Space Used": 295,"Sort Space Type": "Memory","Workers": [{"Worker Number": 0,"Sort Method": "quicksort","Sort Space Used": 285,"Sort Space Type": "Memory"},{"Worker Number": 1,"Sort Method": "quicksort","Sort Space Used": 279,"Sort Space Type": "Memory"}],"Plans": [{"Node Type": "Hash Join","Parent Relationship": "Outer","Parallel Aware": false,"Async Capable": false,"Join Type": "Inner","Startup Cost": 475.27,"Total Cost": 20572.71,"Plan Rows": 617,"Plan Width": 116,"Actual Startup Time": 13.659,"Actual Total Time": 805.763,"Actual Rows": 2427,"Actual Loops": 3,"Inner Unique": true,"Hash Cond": "((lineitem.l_suppkey = supplier.s_suppkey) AND (customer.c_nationkey = supplier.s_nationkey))","Workers": [],"Plans": [{"Node Type": "Nested Loop","Parent Relationship": "Outer","Parallel Aware": false,"Async Capable": false,"Join Type": "Inner","Startup Cost": 3.27,"Total Cost": 20019.70,"Plan Rows": 15431,"Plan Width": 128,"Actual Startup Time": 0.940,"Actual Total Time": 760.394,"Actual Rows": 61187,"Actual Loops": 3,"Inner Unique": false,"Workers": [],"Plans": [{"Node Type": "Nested Loop","Parent Relationship": "Outer","Parallel Aware": false,"Async Capable": false,"Join Type": "Inner","Startup Cost": 2.84,"Total Cost": 8414.26,"Plan Rows": 3857,"Plan Width": 116,"Actual Startup Time": 0.804,"Actual Total Time": 453.891,"Actual Rows": 15325,"Actual Loops": 3,"Inner Unique": false,"Workers": [],"Plans": [{"Node Type": "Hash Join","Parent Relationship": "Outer","Parallel Aware": false,"Async Capable": false,"Join Type": "Inner","Startup Cost": 2.41,"Total Cost": 4471.79,"Plan Rows": 2500,"Plan Width": 116,"Actual Startup Time": 0.319,"Actual Total Time": 55.842,"Actual Rows": 10061,"Actual Loops": 3,"Inner Unique": false,"Hash Cond": "(customer.c_nationkey = nation.n_nationkey)","Workers": [],"Plans": [{"Node Type": "Seq Scan","Parent Relationship": "Outer","Parallel Aware": true,"Async Capable": false,"Relation Name": "customer","Alias": "customer","Startup Cost": 0.00,"Total Cost": 4210.00,"Plan Rows": 62500,"Plan Width": 8,"Actual Startup Time": 0.026,"Actual Total Time": 9.689,"Actual Rows": 50000,"Actual Loops": 3,"Workers": []},{"Node Type": "Hash","Parent Relationship": "Inner","Parallel Aware": false,"Async Capable": false,"Startup Cost": 2.40,"Total Cost": 2.40,"Plan Rows": 1,"Plan Width": 108,"Actual Startup Time": 0.180,"Actual Total Time": 0.198,"Actual Rows": 5,"Actual Loops": 3,"Hash Buckets": 1024,"Original Hash Buckets": 1024,"Hash Batches": 1,"Original Hash Batches": 1,"Peak Memory Usage": 9,"Workers": [],"Plans": [{"Node Type": "Hash Join","Parent Relationship": "Outer","Parallel Aware": false,"Async Capable": false,"Join Type": "Inner","Startup Cost": 1.07,"Total Cost": 2.40,"Plan Rows": 1,"Plan Width": 108,"Actual Startup Time": 0.166,"Actual Total Time": 0.188,"Actual Rows": 5,"Actual Loops": 3,"Inner Unique": true,"Hash Cond": "(nation.n_regionkey = region.r_regionkey)","Workers": [],"Plans": [{"Node Type": "Seq Scan","Parent Relationship": "Outer","Parallel Aware": false,"Async Capable": false,"Relation Name": "nation","Alias": "nation","Startup Cost": 0.00,"Total Cost": 1.25,"Plan Rows": 25,"Plan Width": 112,"Actual Startup Time": 0.055,"Actual Total Time": 0.060,"Actual Rows": 25,"Actual Loops": 3,"Workers": []},{"Node Type": "Hash","Parent Relationship": "Inner","Parallel Aware": false,"Async Capable": false,"Startup Cost": 1.06,"Total Cost": 1.06,"Plan Rows": 1,"Plan Width": 4,"Actual Startup Time": 0.079,"Actual Total Time": 0.084,"Actual Rows": 1,"Actual Loops": 3,"Hash Buckets": 1024,"Original Hash Buckets": 1024,"Hash Batches": 1,"Original Hash Batches": 1,"Peak Memory Usage": 9,"Workers": [],"Plans": [{"Node Type": "Seq Scan","Parent Relationship": "Outer","Parallel Aware": false,"Async Capable": false,"Relation Name": "region","Alias": "region","Startup Cost": 0.00,"Total Cost": 1.06,"Plan Rows": 1,"Plan Width": 4,"Actual Startup Time": 0.058,"Actual Total Time": 0.061,"Actual Rows": 1,"Actual Loops": 3,"Filter": "(r_name = 'ASIA'::bpchar)","Rows Removed by Filter": 4,"Workers": []}]}]}]}]},{"Node Type": "Index Scan","Parent Relationship": "Inner","Parallel Aware": false,"Async Capable": false,"Scan Direction": "Forward","Index Name": "idx_orders_custkey","Relation Name": "orders","Alias": "orders","Startup Cost": 0.43,"Total Cost": 1.55,"Plan Rows": 3,"Plan Width": 8,"Actual Startup Time": 0.017,"Actual Total Time": 0.039,"Actual Rows": 2,"Actual Loops": 30183,"Index Cond": "(o_custkey = customer.c_custkey)","Rows Removed by Index Recheck": 0,"Filter": "((o_orderdate >= '1996-01-01'::date) AND (o_orderdate < '1997-01-01 00:00:00'::timestamp without time zone))","Rows Removed by Filter": 8,"Workers": []}]},{"Node Type": "Index Scan","Parent Relationship": "Inner","Parallel Aware": false,"Async Capable": false,"Scan Direction": "Forward","Index Name": "idx_lineitem_orderkey","Relation Name": "lineitem","Alias": "lineitem","Startup Cost": 0.43,"Total Cost": 2.84,"Plan Rows": 17,"Plan Width": 20,"Actual Startup Time": 0.017,"Actual Total Time": 0.019,"Actual Rows": 4,"Actual Loops": 45976,"Index Cond": "(l_orderkey = orders.o_orderkey)","Rows Removed by Index Recheck": 0,"Workers": []}]},{"Node Type": "Hash","Parent Relationship": "Inner","Parallel Aware": false,"Async Capable": false,"Startup Cost": 322.00,"Total Cost": 322.00,"Plan Rows": 10000,"Plan Width": 8,"Actual Startup Time": 12.172,"Actual Total Time": 12.179,"Actual Rows": 10000,"Actual Loops": 3,"Hash Buckets": 16384,"Original Hash Buckets": 16384,"Hash Batches": 1,"Original Hash Batches": 1,"Peak Memory Usage": 519,"Workers": [],"Plans": [{"Node Type": "Seq Scan","Parent Relationship": "Outer","Parallel Aware": false,"Async Capable": false,"Relation Name": "supplier","Alias": "supplier","Startup Cost": 0.00,"Total Cost": 322.00,"Plan Rows": 10000,"Plan Width": 8,"Actual Startup Time": 0.048,"Actual Total Time": 10.623,"Actual Rows": 10000,"Actual Loops": 3,"Workers": []}]}]}]}]}]}]}]},"Planning Time": 10.688,"Triggers": [],"Execution Time": 848.991}]
[{"Plan": {"Node Type": "Sort","Parallel Aware": false,"Async Capable": false,"Startup Cost": 21522.30,"Total Cost": 21522.36,"Plan Rows": 25,"Plan Width": 136,"Actual Startup Time": 803.252,"Actual Total Time": 834.286,"Actual Rows": 5,"Actual Loops": 1,"Sort Key": ["(sum((lineitem.l_extendedprice * ('1'::numeric - lineitem.l_discount)))) DESC"],"Sort Method": "quicksort","Sort Space Used": 25,"Sort Space Type": "Memory","Plans": [{"Node Type": "Aggregate","Strategy": "Sorted","Partial Mode": "Finalize","Parent Relationship": "Outer","Parallel Aware": false,"Async Capable": false,"Startup Cost": 21507.43,"Total Cost": 21521.72,"Plan Rows": 25,"Plan Width": 136,"Actual Startup Time": 802.651,"Actual Total Time": 834.228,"Actual Rows": 5,"Actual Loops": 1,"Group Key": ["nation.n_name"],"Plans": [{"Node Type": "Gather Merge","Parent Relationship": "Outer","Parallel Aware": false,"Async Capable": false,"Startup Cost": 21507.43,"Total Cost": 21521.03,"Plan Rows": 50,"Plan Width": 136,"Actual Startup Time": 802.434,"Actual Total Time": 834.170,"Actual Rows": 15,"Actual Loops": 1,"Workers Planned": 2,"Workers Launched": 2,"Plans": [{"Node Type": "Aggregate","Strategy": "Sorted","Partial Mode": "Partial","Parent Relationship": "Outer","Parallel Aware": false,"Async Capable": false,"Startup Cost": 20507.41,"Total Cost": 20515.23,"Plan Rows": 25,"Plan Width": 136,"Actual Startup Time": 794.928,"Actual Total Time": 795.651,"Actual Rows": 5,"Actual Loops": 3,"Group Key": ["nation.n_name"],"Workers": [],"Plans": [{"Node Type": "Sort","Parent Relationship": "Outer","Parallel Aware": false,"Async Capable": false,"Startup Cost": 20507.41,"Total Cost": 20508.91,"Plan Rows": 601,"Plan Width": 116,"Actual Startup Time": 794.703,"Actual Total Time": 794.843,"Actual Rows": 2409,"Actual Loops": 3,"Sort Key": ["nation.n_name"],"Sort Method": "quicksort","Sort Space Used": 286,"Sort Space Type": "Memory","Workers": [{"Worker Number": 0,"Sort Method": "quicksort","Sort Space Used": 276,"Sort Space Type": "Memory"},{"Worker Number": 1,"Sort Method": "quicksort","Sort Space Used": 293,"Sort Space Type": "Memory"}],"Plans": [{"Node Type": "Hash Join","Parent Relationship": "Outer","Parallel Aware": false,"Async Capable": false,"Join Type": "Inner","Startup Cost": 475.27,"Total Cost": 20479.67,"Plan Rows": 601,"Plan Width": 116,"Actual Startup Time": 9.777,"Actual Total Time": 793.218,"Actual Rows": 2409,"Actual Loops": 3,"Inner Unique": true,"Hash Cond": "((lineitem.l_suppkey = supplier.s_suppkey) AND (customer.c_nationkey = supplier.s_nationkey))","Workers": [],"Plans": [{"Node Type": "Nested Loop","Parent Relationship": "Outer","Parallel Aware": false,"Async Capable": false,"Join Type": "Inner","Startup Cost": 3.27,"Total Cost": 19928.78,"Plan Rows": 15027,"Plan Width": 128,"Actual Startup Time": 0.619,"Actual Total Time": 753.080,"Actual Rows": 60488,"Actual Loops": 3,"Inner Unique": false,"Workers": [],"Plans": [{"Node Type": "Nested Loop","Parent Relationship": "Outer","Parallel Aware": false,"Async Capable": false,"Join Type": "Inner","Startup Cost": 2.84,"Total Cost": 8414.26,"Plan Rows": 3756,"Plan Width": 116,"Actual Startup Time": 0.516,"Actual Total Time": 449.946,"Actual Rows": 15093,"Actual Loops": 3,"Inner Unique": false,"Workers": [],"Plans": [{"Node Type": "Hash Join","Parent Relationship": "Outer","Parallel Aware": false,"Async Capable": false,"Join Type": "Inner","Startup Cost": 2.41,"Total Cost": 4471.79,"Plan Rows": 2500,"Plan Width": 116,"Actual Startup Time": 0.243,"Actual Total Time": 55.930,"Actual Rows": 9921,"Actual Loops": 3,"Inner Unique": false,"Hash Cond": "(customer.c_nationkey = nation.n_nationkey)","Workers": [],"Plans": [{"Node Type": "Seq Scan","Parent Relationship": "Outer","Parallel Aware": true,"Async Capable": false,"Relation Name": "customer","Alias": "customer","Startup Cost": 0.00,"Total Cost": 4210.00,"Plan Rows": 62500,"Plan Width": 8,"Actual Startup Time": 0.017,"Actual Total Time": 9.588,"Actual Rows": 50000,"Actual Loops": 3,"Workers": []},{"Node Type": "Hash","Parent Relationship": "Inner","Parallel Aware": false,"Async Capable": false,"Startup Cost": 2.40,"Total Cost": 2.40,"Plan Rows": 1,"Plan Width": 108,"Actual Startup Time": 0.143,"Actual Total Time": 0.169,"Actual Rows": 5,"Actual Loops": 3,"Hash Buckets": 1024,"Original Hash Buckets": 1024,"Hash Batches": 1,"Original Hash Batches": 1,"Peak Memory Usage": 9,"Workers": [],"Plans": [{"Node Type": "Hash Join","Parent Relationship": "Outer","Parallel Aware": false,"Async Capable": false,"Join Type": "Inner","Startup Cost": 1.07,"Total Cost": 2.40,"Plan Rows": 1,"Plan Width": 108,"Actual Startup Time": 0.126,"Actual Total Time": 0.159,"Actual Rows": 5,"Actual Loops": 3,"Inner Unique": true,"Hash Cond": "(nation.n_regionkey = region.r_regionkey)","Workers": [],"Plans": [{"Node Type": "Seq Scan","Parent Relationship": "Outer","Parallel Aware": false,"Async Capable": false,"Relation Name": "nation","Alias": "nation","Startup Cost": 0.00,"Total Cost": 1.25,"Plan Rows": 25,"Plan Width": 112,"Actual Startup Time": 0.045,"Actual Total Time": 0.050,"Actual Rows": 25,"Actual Loops": 3,"Workers": []},{"Node Type": "Hash","Parent Relationship": "Inner","Parallel Aware": false,"Async Capable": false,"Startup Cost": 1.06,"Total Cost": 1.06,"Plan Rows": 1,"Plan Width": 4,"Actual Startup Time": 0.052,"Actual Total Time": 0.063,"Actual Rows": 1,"Actual Loops": 3,"Hash Buckets": 1024,"Original Hash Buckets": 1024,"Hash Batches": 1,"Original Hash Batches": 1,"Peak Memory Usage": 9,"Workers": [],"Plans": [{"Node Type": "Seq Scan","Parent Relationship": "Outer","Parallel Aware": false,"Async Capable": false,"Relation Name": "region","Alias": "region","Startup Cost": 0.00,"Total Cost": 1.06,"Plan Rows": 1,"Plan Width": 4,"Actual Startup Time": 0.036,"Actual Total Time": 0.041,"Actual Rows": 1,"Actual Loops": 3,"Filter": "(r_name = 'AFRICA'::bpchar)","Rows Removed by Filter": 4,"Workers": []}]}]}]}]},{"Node Type": "Index Scan","Parent Relationship": "Inner","Parallel Aware": false,"Async Capable": false,"Scan Direction": "Forward","Index Name": "idx_orders_custkey","Relation Name": "orders","Alias": "orders","Startup Cost": 0.43,"Total Cost": 1.55,"Plan Rows": 3,"Plan Width": 8,"Actual Startup Time": 0.017,"Actual Total Time": 0.039,"Actual Rows": 2,"Actual Loops": 29764,"Index Cond": "(o_custkey = customer.c_custkey)","Rows Removed by Index Recheck": 0,"Filter": "((o_orderdate >= '1993-01-01'::date) AND (o_orderdate < '1994-01-01 00:00:00'::timestamp without time zone))","Rows Removed by Filter": 9,"Workers": []}]},{"Node Type": "Index Scan","Parent Relationship": "Inner","Parallel Aware": false,"Async Capable": false,"Scan Direction": "Forward","Index Name": "idx_lineitem_orderkey","Relation Name": "lineitem","Alias": "lineitem","Startup Cost": 0.43,"Total Cost": 2.90,"Plan Rows": 17,"Plan Width": 20,"Actual Startup Time": 0.017,"Actual Total Time": 0.019,"Actual Rows": 4,"Actual Loops": 45280,"Index Cond": "(l_orderkey = orders.o_orderkey)","Rows Removed by Index Recheck": 0,"Workers": []}]},{"Node Type": "Hash","Parent Relationship": "Inner","Parallel Aware": false,"Async Capable": false,"Startup Cost": 322.00,"Total Cost": 322.00,"Plan Rows": 10000,"Plan Width": 8,"Actual Startup Time": 8.121,"Actual Total Time": 8.126,"Actual Rows": 10000,"Actual Loops": 3,"Hash Buckets": 16384,"Original Hash Buckets": 16384,"Hash Batches": 1,"Original Hash Batches": 1,"Peak Memory Usage": 519,"Workers": [],"Plans": [{"Node Type": "Seq Scan","Parent Relationship": "Outer","Parallel Aware": false,"Async Capable": false,"Relation Name": "supplier","Alias": "supplier","Startup Cost": 0.00,"Total Cost": 322.00,"Plan Rows": 10000,"Plan Width": 8,"Actual Startup Time": 0.036,"Actual Total Time": 6.327,"Actual Rows": 10000,"Actual Loops": 3,"Workers": []}]}]}]}]}]}]}]},"Planning Time": 9.902,"Triggers": [],"Execution Time": 834.900}]
[{"Plan": {"Node Type": "Sort","Parallel Aware": false,"Async Capable": false,"Startup Cost": 21616.39,"Total Cost": 21616.45,"Plan Rows": 25,"Plan Width": 136,"Actual Startup Time": 802.725,"Actual Total Time": 834.940,"Actual Rows": 5,"Actual Loops": 1,"Sort Key": ["(sum((lineitem.l_extendedprice * ('1'::numeric - lineitem.l_discount)))) DESC"],"Sort Method": "quicksort","Sort Space Used": 25,"Sort Space Type": "Memory","Plans": [{"Node Type": "Aggregate","Strategy": "Sorted","Partial Mode": "Finalize","Parent Relationship": "Outer","Parallel Aware": false,"Async Capable": false,"Startup Cost": 21601.33,"Total Cost": 21615.81,"Plan Rows": 25,"Plan Width": 136,"Actual Startup Time": 802.089,"Actual Total Time": 834.889,"Actual Rows": 5,"Actual Loops": 1,"Group Key": ["nation.n_name"],"Plans": [{"Node Type": "Gather Merge","Parent Relationship": "Outer","Parallel Aware": false,"Async Capable": false,"Startup Cost": 21601.33,"Total Cost": 21615.12,"Plan Rows": 50,"Plan Width": 136,"Actual Startup Time": 801.869,"Actual Total Time": 834.838,"Actual Rows": 15,"Actual Loops": 1,"Workers Planned": 2,"Workers Launched": 2,"Plans": [{"Node Type": "Aggregate","Strategy": "Sorted","Partial Mode": "Partial","Parent Relationship": "Outer","Parallel Aware": false,"Async Capable": false,"Startup Cost": 20601.30,"Total Cost": 20609.33,"Plan Rows": 25,"Plan Width": 136,"Actual Startup Time": 794.218,"Actual Total Time": 794.940,"Actual Rows": 5,"Actual Loops": 3,"Group Key": ["nation.n_name"],"Workers": [],"Plans": [{"Node Type": "Sort","Parent Relationship": "Outer","Parallel Aware": false,"Async Capable": false,"Startup Cost": 20601.30,"Total Cost": 20602.85,"Plan Rows": 617,"Plan Width": 116,"Actual Startup Time": 793.996,"Actual Total Time": 794.120,"Actual Rows": 2469,"Actual Loops": 3,"Sort Key": ["nation.n_name"],"Sort Method": "quicksort","Sort Space Used": 296,"Sort Space Type": "Memory","Workers": [{"Worker Number": 0,"Sort Method": "quicksort","Sort Space Used": 284,"Sort Space Type": "Memory"},{"Worker Number": 1,"Sort Method": "quicksort","Sort Space Used": 288,"Sort Space Type": "Memory"}],"Plans": [{"Node Type": "Hash Join","Parent Relationship": "Outer","Parallel Aware": false,"Async Capable": false,"Join Type": "Inner","Startup Cost": 475.27,"Total Cost": 20572.71,"Plan Rows": 617,"Plan Width": 116,"Actual Startup Time": 14.848,"Actual Total Time": 792.432,"Actual Rows": 2469,"Actual Loops": 3,"Inner Unique": true,"Hash Cond": "((lineitem.l_suppkey = supplier.s_suppkey) AND (customer.c_nationkey = supplier.s_nationkey))","Workers": [],"Plans": [{"Node Type": "Nested Loop","Parent Relationship": "Outer","Parallel Aware": false,"Async Capable": false,"Join Type": "Inner","Startup Cost": 3.27,"Total Cost": 20019.70,"Plan Rows": 15431,"Plan Width": 128,"Actual Startup Time": 0.724,"Actual Total Time": 746.203,"Actual Rows": 60646,"Actual Loops": 3,"Inner Unique": false,"Workers": [],"Plans": [{"Node Type": "Nested Loop","Parent Relationship": "Outer","Parallel Aware": false,"Async Capable": false,"Join Type": "Inner","Startup Cost": 2.84,"Total Cost": 8414.26,"Plan Rows": 3857,"Plan Width": 116,"Actual Startup Time": 0.603,"Actual Total Time": 446.704,"Actual Rows": 15077,"Actual Loops": 3,"Inner Unique": false,"Workers": [],"Plans": [{"Node Type": "Hash Join","Parent Relationship": "Outer","Parallel Aware": false,"Async Capable": false,"Join Type": "Inner","Startup Cost": 2.41,"Total Cost": 4471.79,"Plan Rows": 2500,"Plan Width": 116,"Actual Startup Time": 0.232,"Actual Total Time": 54.148,"Actual Rows": 9968,"Actual Loops": 3,"Inner Unique": false,"Hash Cond": "(customer.c_nationkey = nation.n_nationkey)","Workers": [],"Plans": [{"Node Type": "Seq Scan","Parent Relationship": "Outer","Parallel Aware": true,"Async Capable": false,"Relation Name": "customer","Alias": "customer","Startup Cost": 0.00,"Total Cost": 4210.00,"Plan Rows": 62500,"Plan Width": 8,"Actual Startup Time": 0.016,"Actual Total Time": 9.432,"Actual Rows": 50000,"Actual Loops": 3,"Workers": []},{"Node Type": "Hash","Parent Relationship": "Inner","Parallel Aware": false,"Async Capable": false,"Startup Cost": 2.40,"Total Cost": 2.40,"Plan Rows": 1,"Plan Width": 108,"Actual Startup Time": 0.135,"Actual Total Time": 0.148,"Actual Rows": 5,"Actual Loops": 3,"Hash Buckets": 1024,"Original Hash Buckets": 1024,"Hash Batches": 1,"Original Hash Batches": 1,"Peak Memory Usage": 9,"Workers": [],"Plans": [{"Node Type": "Hash Join","Parent Relationship": "Outer","Parallel Aware": false,"Async Capable": false,"Join Type": "Inner","Startup Cost": 1.07,"Total Cost": 2.40,"Plan Rows": 1,"Plan Width": 108,"Actual Startup Time": 0.120,"Actual Total Time": 0.140,"Actual Rows": 5,"Actual Loops": 3,"Inner Unique": true,"Hash Cond": "(nation.n_regionkey = region.r_regionkey)","Workers": [],"Plans": [{"Node Type": "Seq Scan","Parent Relationship": "Outer","Parallel Aware": false,"Async Capable": false,"Relation Name": "nation","Alias": "nation","Startup Cost": 0.00,"Total Cost": 1.25,"Plan Rows": 25,"Plan Width": 112,"Actual Startup Time": 0.048,"Actual Total Time": 0.052,"Actual Rows": 25,"Actual Loops": 3,"Workers": []},{"Node Type": "Hash","Parent Relationship": "Inner","Parallel Aware": false,"Async Capable": false,"Startup Cost": 1.06,"Total Cost": 1.06,"Plan Rows": 1,"Plan Width": 4,"Actual Startup Time": 0.046,"Actual Total Time": 0.050,"Actual Rows": 1,"Actual Loops": 3,"Hash Buckets": 1024,"Original Hash Buckets": 1024,"Hash Batches": 1,"Original Hash Batches": 1,"Peak Memory Usage": 9,"Workers": [],"Plans": [{"Node Type": "Seq Scan","Parent Relationship": "Outer","Parallel Aware": false,"Async Capable": false,"Relation Name": "region","Alias": "region","Startup Cost": 0.00,"Total Cost": 1.06,"Plan Rows": 1,"Plan Width": 4,"Actual Startup Time": 0.033,"Actual Total Time": 0.035,"Actual Rows": 1,"Actual Loops": 3,"Filter": "(r_name = 'MIDDLE EAST'::bpchar)","Rows Removed by Filter": 4,"Workers": []}]}]}]}]},{"Node Type": "Index Scan","Parent Relationship": "Inner","Parallel Aware": false,"Async Capable": false,"Scan Direction": "Forward","Index Name": "idx_orders_custkey","Relation Name": "orders","Alias": "orders","Startup Cost": 0.43,"Total Cost": 1.55,"Plan Rows": 3,"Plan Width": 8,"Actual Startup Time": 0.017,"Actual Total Time": 0.039,"Actual Rows": 2,"Actual Loops": 29904,"Index Cond": "(o_custkey = customer.c_custkey)","Rows Removed by Index Recheck": 0,"Filter": "((o_orderdate >= '1996-01-01'::date) AND (o_orderdate < '1997-01-01 00:00:00'::timestamp without time zone))","Rows Removed by Filter": 8,"Workers": []}]},{"Node Type": "Index Scan","Parent Relationship": "Inner","Parallel Aware": false,"Async Capable": false,"Scan Direction": "Forward","Index Name": "idx_lineitem_orderkey","Relation Name": "lineitem","Alias": "lineitem","Startup Cost": 0.43,"Total Cost": 2.84,"Plan Rows": 17,"Plan Width": 20,"Actual Startup Time": 0.016,"Actual Total Time": 0.019,"Actual Rows": 4,"Actual Loops": 45231,"Index Cond": "(l_orderkey = orders.o_orderkey)","Rows Removed by Index Recheck": 0,"Workers": []}]},{"Node Type": "Hash","Parent Relationship": "Inner","Parallel Aware": false,"Async Capable": false,"Startup Cost": 322.00,"Total Cost": 322.00,"Plan Rows": 10000,"Plan Width": 8,"Actual Startup Time": 13.111,"Actual Total Time": 13.116,"Actual Rows": 10000,"Actual Loops": 3,"Hash Buckets": 16384,"Original Hash Buckets": 16384,"Hash Batches": 1,"Original Hash Batches": 1,"Peak Memory Usage": 519,"Workers": [],"Plans": [{"Node Type": "Seq Scan","Parent Relationship": "Outer","Parallel Aware": false,"Async Capable": false,"Relation Name": "supplier","Alias": "supplier","Startup Cost": 0.00,"Total Cost": 322.00,"Plan Rows": 10000,"Plan Width": 8,"Actual Startup Time": 0.041,"Actual Total Time": 11.446,"Actual Rows": 10000,"Actual Loops": 3,"Workers": []}]}]}]}]}]}]}]},"Planning Time": 10.334,"Triggers": [],"Execution Time": 835.373}]
[{"Plan": {"Node Type": "Sort","Parallel Aware": false,"Async Capable": false,"Startup Cost": 21565.81,"Total Cost": 21565.87,"Plan Rows": 25,"Plan Width": 136,"Actual Startup Time": 823.071,"Actual Total Time": 855.607,"Actual Rows": 5,"Actual Loops": 1,"Sort Key": ["(sum((lineitem.l_extendedprice * ('1'::numeric - lineitem.l_discount)))) DESC"],"Sort Method": "quicksort","Sort Space Used": 25,"Sort Space Type": "Memory","Plans": [{"Node Type": "Aggregate","Strategy": "Sorted","Partial Mode": "Finalize","Parent Relationship": "Outer","Parallel Aware": false,"Async Capable": false,"Startup Cost": 21550.86,"Total Cost": 21565.23,"Plan Rows": 25,"Plan Width": 136,"Actual Startup Time": 822.468,"Actual Total Time": 855.547,"Actual Rows": 5,"Actual Loops": 1,"Group Key": ["nation.n_name"],"Plans": [{"Node Type": "Gather Merge","Parent Relationship": "Outer","Parallel Aware": false,"Async Capable": false,"Startup Cost": 21550.86,"Total Cost": 21564.54,"Plan Rows": 50,"Plan Width": 136,"Actual Startup Time": 822.203,"Actual Total Time": 855.489,"Actual Rows": 15,"Actual Loops": 1,"Workers Planned": 2,"Workers Launched": 2,"Plans": [{"Node Type": "Aggregate","Strategy": "Sorted","Partial Mode": "Partial","Parent Relationship": "Outer","Parallel Aware": false,"Async Capable": false,"Startup Cost": 20550.84,"Total Cost": 20558.75,"Plan Rows": 25,"Plan Width": 136,"Actual Startup Time": 814.240,"Actual Total Time": 814.959,"Actual Rows": 5,"Actual Loops": 3,"Group Key": ["nation.n_name"],"Workers": [],"Plans": [{"Node Type": "Sort","Parent Relationship": "Outer","Parallel Aware": false,"Async Capable": false,"Startup Cost": 20550.84,"Total Cost": 20552.36,"Plan Rows": 608,"Plan Width": 116,"Actual Startup Time": 814.029,"Actual Total Time": 814.149,"Actual Rows": 2473,"Actual Loops": 3,"Sort Key": ["nation.n_name"],"Sort Method": "quicksort","Sort Space Used": 297,"Sort Space Type": "Memory","Workers": [{"Worker Number": 0,"Sort Method": "quicksort","Sort Space Used": 287,"Sort Space Type": "Memory"},{"Worker Number": 1,"Sort Method": "quicksort","Sort Space Used": 284,"Sort Space Type": "Memory"}],"Plans": [{"Node Type": "Hash Join","Parent Relationship": "Outer","Parallel Aware": false,"Async Capable": false,"Join Type": "Inner","Startup Cost": 475.27,"Total Cost": 20522.72,"Plan Rows": 608,"Plan Width": 116,"Actual Startup Time": 11.318,"Actual Total Time": 812.483,"Actual Rows": 2473,"Actual Loops": 3,"Inner Unique": true,"Hash Cond": "((lineitem.l_suppkey = supplier.s_suppkey) AND (customer.c_nationkey = supplier.s_nationkey))","Workers": [],"Plans": [{"Node Type": "Nested Loop","Parent Relationship": "Outer","Parallel Aware": false,"Async Capable": false,"Join Type": "Inner","Startup Cost": 3.27,"Total Cost": 19970.84,"Plan Rows": 15215,"Plan Width": 128,"Actual Startup Time": 0.595,"Actual Total Time": 768.935,"Actual Rows": 60276,"Actual Loops": 3,"Inner Unique": false,"Workers": [],"Plans": [{"Node Type": "Nested Loop","Parent Relationship": "Outer","Parallel Aware": false,"Async Capable": false,"Join Type": "Inner","Startup Cost": 2.84,"Total Cost": 8414.26,"Plan Rows": 3803,"Plan Width": 116,"Actual Startup Time": 0.466,"Actual Total Time": 464.532,"Actual Rows": 15032,"Actual Loops": 3,"Inner Unique": false,"Workers": [],"Plans": [{"Node Type": "Hash Join","Parent Relationship": "Outer","Parallel Aware": false,"Async Capable": false,"Join Type": "Inner","Startup Cost": 2.41,"Total Cost": 4471.79,"Plan Rows": 2500,"Plan Width": 116,"Actual Startup Time": 0.243,"Actual Total Time": 60.744,"Actual Rows": 9968,"Actual Loops": 3,"Inner Unique": false,"Hash Cond": "(customer.c_nationkey = nation.n_nationkey)","Workers": [],"Plans": [{"Node Type": "Seq Scan","Parent Relationship": "Outer","Parallel Aware": true,"Async Capable": false,"Relation Name": "customer","Alias": "customer","Startup Cost": 0.00,"Total Cost": 4210.00,"Plan Rows": 62500,"Plan Width": 8,"Actual Startup Time": 0.012,"Actual Total Time": 10.205,"Actual Rows": 50000,"Actual Loops": 3,"Workers": []},{"Node Type": "Hash","Parent Relationship": "Inner","Parallel Aware": false,"Async Capable": false,"Startup Cost": 2.40,"Total Cost": 2.40,"Plan Rows": 1,"Plan Width": 108,"Actual Startup Time": 0.142,"Actual Total Time": 0.157,"Actual Rows": 5,"Actual Loops": 3,"Hash Buckets": 1024,"Original Hash Buckets": 1024,"Hash Batches": 1,"Original Hash Batches": 1,"Peak Memory Usage": 9,"Workers": [],"Plans": [{"Node Type": "Hash Join","Parent Relationship": "Outer","Parallel Aware": false,"Async Capable": false,"Join Type": "Inner","Startup Cost": 1.07,"Total Cost": 2.40,"Plan Rows": 1,"Plan Width": 108,"Actual Startup Time": 0.130,"Actual Total Time": 0.149,"Actual Rows": 5,"Actual Loops": 3,"Inner Unique": true,"Hash Cond": "(nation.n_regionkey = region.r_regionkey)","Workers": [],"Plans": [{"Node Type": "Seq Scan","Parent Relationship": "Outer","Parallel Aware": false,"Async Capable": false,"Relation Name": "nation","Alias": "nation","Startup Cost": 0.00,"Total Cost": 1.25,"Plan Rows": 25,"Plan Width": 112,"Actual Startup Time": 0.040,"Actual Total Time": 0.044,"Actual Rows": 25,"Actual Loops": 3,"Workers": []},{"Node Type": "Hash","Parent Relationship": "Inner","Parallel Aware": false,"Async Capable": false,"Startup Cost": 1.06,"Total Cost": 1.06,"Plan Rows": 1,"Plan Width": 4,"Actual Startup Time": 0.063,"Actual Total Time": 0.068,"Actual Rows": 1,"Actual Loops": 3,"Hash Buckets": 1024,"Original Hash Buckets": 1024,"Hash Batches": 1,"Original Hash Batches": 1,"Peak Memory Usage": 9,"Workers": [],"Plans": [{"Node Type": "Seq Scan","Parent Relationship": "Outer","Parallel Aware": false,"Async Capable": false,"Relation Name": "region","Alias": "region","Startup Cost": 0.00,"Total Cost": 1.06,"Plan Rows": 1,"Plan Width": 4,"Actual Startup Time": 0.045,"Actual Total Time": 0.047,"Actual Rows": 1,"Actual Loops": 3,"Filter": "(r_name = 'MIDDLE EAST'::bpchar)","Rows Removed by Filter": 4,"Workers": []}]}]}]}]},{"Node Type": "Index Scan","Parent Relationship": "Inner","Parallel Aware": false,"Async Capable": false,"Scan Direction": "Forward","Index Name": "idx_orders_custkey","Relation Name": "orders","Alias": "orders","Startup Cost": 0.43,"Total Cost": 1.55,"Plan Rows": 3,"Plan Width": 8,"Actual Startup Time": 0.017,"Actual Total Time": 0.040,"Actual Rows": 2,"Actual Loops": 29904,"Index Cond": "(o_custkey = customer.c_custkey)","Rows Removed by Index Recheck": 0,"Filter": "((o_orderdate >= '1997-01-01'::date) AND (o_orderdate < '1998-01-01 00:00:00'::timestamp without time zone))","Rows Removed by Filter": 8,"Workers": []}]},{"Node Type": "Index Scan","Parent Relationship": "Inner","Parallel Aware": false,"Async Capable": false,"Scan Direction": "Forward","Index Name": "idx_lineitem_orderkey","Relation Name": "lineitem","Alias": "lineitem","Startup Cost": 0.43,"Total Cost": 2.87,"Plan Rows": 17,"Plan Width": 20,"Actual Startup Time": 0.017,"Actual Total Time": 0.019,"Actual Rows": 4,"Actual Loops": 45096,"Index Cond": "(l_orderkey = orders.o_orderkey)","Rows Removed by Index Recheck": 0,"Workers": []}]},{"Node Type": "Hash","Parent Relationship": "Inner","Parallel Aware": false,"Async Capable": false,"Startup Cost": 322.00,"Total Cost": 322.00,"Plan Rows": 10000,"Plan Width": 8,"Actual Startup Time": 9.890,"Actual Total Time": 9.894,"Actual Rows": 10000,"Actual Loops": 3,"Hash Buckets": 16384,"Original Hash Buckets": 16384,"Hash Batches": 1,"Original Hash Batches": 1,"Peak Memory Usage": 519,"Workers": [],"Plans": [{"Node Type": "Seq Scan","Parent Relationship": "Outer","Parallel Aware": false,"Async Capable": false,"Relation Name": "supplier","Alias": "supplier","Startup Cost": 0.00,"Total Cost": 322.00,"Plan Rows": 10000,"Plan Width": 8,"Actual Startup Time": 0.039,"Actual Total Time": 7.896,"Actual Rows": 10000,"Actual Loops": 3,"Workers": []}]}]}]}]}]}]}]},"Planning Time": 11.619,"Triggers": [],"Execution Time": 856.108}]
[{"Plan": {"Node Type": "Sort","Parallel Aware": false,"Async Capable": false,"Startup Cost": 21616.39,"Total Cost": 21616.45,"Plan Rows": 25,"Plan Width": 136,"Actual Startup Time": 800.578,"Actual Total Time": 832.005,"Actual Rows": 5,"Actual Loops": 1,"Sort Key": ["(sum((lineitem.l_extendedprice * ('1'::numeric - lineitem.l_discount)))) DESC"],"Sort Method": "quicksort","Sort Space Used": 25,"Sort Space Type": "Memory","Plans": [{"Node Type": "Aggregate","Strategy": "Sorted","Partial Mode": "Finalize","Parent Relationship": "Outer","Parallel Aware": false,"Async Capable": false,"Startup Cost": 21601.33,"Total Cost": 21615.81,"Plan Rows": 25,"Plan Width": 136,"Actual Startup Time": 800.055,"Actual Total Time": 831.951,"Actual Rows": 5,"Actual Loops": 1,"Group Key": ["nation.n_name"],"Plans": [{"Node Type": "Gather Merge","Parent Relationship": "Outer","Parallel Aware": false,"Async Capable": false,"Startup Cost": 21601.33,"Total Cost": 21615.12,"Plan Rows": 50,"Plan Width": 136,"Actual Startup Time": 799.526,"Actual Total Time": 831.902,"Actual Rows": 15,"Actual Loops": 1,"Workers Planned": 2,"Workers Launched": 2,"Plans": [{"Node Type": "Aggregate","Strategy": "Sorted","Partial Mode": "Partial","Parent Relationship": "Outer","Parallel Aware": false,"Async Capable": false,"Startup Cost": 20601.30,"Total Cost": 20609.33,"Plan Rows": 25,"Plan Width": 136,"Actual Startup Time": 791.250,"Actual Total Time": 792.033,"Actual Rows": 5,"Actual Loops": 3,"Group Key": ["nation.n_name"],"Workers": [],"Plans": [{"Node Type": "Sort","Parent Relationship": "Outer","Parallel Aware": false,"Async Capable": false,"Startup Cost": 20601.30,"Total Cost": 20602.85,"Plan Rows": 617,"Plan Width": 116,"Actual Startup Time": 791.028,"Actual Total Time": 791.162,"Actual Rows": 2347,"Actual Loops": 3,"Sort Key": ["nation.n_name"],"Sort Method": "quicksort","Sort Space Used": 275,"Sort Space Type": "Memory","Workers": [{"Worker Number": 0,"Sort Method": "quicksort","Sort Space Used": 280,"Sort Space Type": "Memory"},{"Worker Number": 1,"Sort Method": "quicksort","Sort Space Used": 284,"Sort Space Type": "Memory"}],"Plans": [{"Node Type": "Hash Join","Parent Relationship": "Outer","Parallel Aware": false,"Async Capable": false,"Join Type": "Inner","Startup Cost": 475.27,"Total Cost": 20572.71,"Plan Rows": 617,"Plan Width": 116,"Actual Startup Time": 14.089,"Actual Total Time": 789.451,"Actual Rows": 2347,"Actual Loops": 3,"Inner Unique": true,"Hash Cond": "((lineitem.l_suppkey = supplier.s_suppkey) AND (customer.c_nationkey = supplier.s_nationkey))","Workers": [],"Plans": [{"Node Type": "Nested Loop","Parent Relationship": "Outer","Parallel Aware": false,"Async Capable": false,"Join Type": "Inner","Startup Cost": 3.27,"Total Cost": 20019.70,"Plan Rows": 15431,"Plan Width": 128,"Actual Startup Time": 0.813,"Actual Total Time": 745.242,"Actual Rows": 60682,"Actual Loops": 3,"Inner Unique": false,"Workers": [],"Plans": [{"Node Type": "Nested Loop","Parent Relationship": "Outer","Parallel Aware": false,"Async Capable": false,"Join Type": "Inner","Startup Cost": 2.84,"Total Cost": 8414.26,"Plan Rows": 3857,"Plan Width": 116,"Actual Startup Time": 0.648,"Actual Total Time": 445.539,"Actual Rows": 15117,"Actual Loops": 3,"Inner Unique": false,"Workers": [],"Plans": [{"Node Type": "Hash Join","Parent Relationship": "Outer","Parallel Aware": false,"Async Capable": false,"Join Type": "Inner","Startup Cost": 2.41,"Total Cost": 4471.79,"Plan Rows": 2500,"Plan Width": 116,"Actual Startup Time": 0.286,"Actual Total Time": 54.286,"Actual Rows": 9921,"Actual Loops": 3,"Inner Unique": false,"Hash Cond": "(customer.c_nationkey = nation.n_nationkey)","Workers": [],"Plans": [{"Node Type": "Seq Scan","Parent Relationship": "Outer","Parallel Aware": true,"Async Capable": false,"Relation Name": "customer","Alias": "customer","Startup Cost": 0.00,"Total Cost": 4210.00,"Plan Rows": 62500,"Plan Width": 8,"Actual Startup Time": 0.020,"Actual Total Time": 9.492,"Actual Rows": 50000,"Actual Loops": 3,"Workers": []},{"Node Type": "Hash","Parent Relationship": "Inner","Parallel Aware": false,"Async Capable": false,"Startup Cost": 2.40,"Total Cost": 2.40,"Plan Rows": 1,"Plan Width": 108,"Actual Startup Time": 0.159,"Actual Total Time": 0.178,"Actual Rows": 5,"Actual Loops": 3,"Hash Buckets": 1024,"Original Hash Buckets": 1024,"Hash Batches": 1,"Original Hash Batches": 1,"Peak Memory Usage": 9,"Workers": [],"Plans": [{"Node Type": "Hash Join","Parent Relationship": "Outer","Parallel Aware": false,"Async Capable": false,"Join Type": "Inner","Startup Cost": 1.07,"Total Cost": 2.40,"Plan Rows": 1,"Plan Width": 108,"Actual Startup Time": 0.141,"Actual Total Time": 0.166,"Actual Rows": 5,"Actual Loops": 3,"Inner Unique": true,"Hash Cond": "(nation.n_regionkey = region.r_regionkey)","Workers": [],"Plans": [{"Node Type": "Seq Scan","Parent Relationship": "Outer","Parallel Aware": false,"Async Capable": false,"Relation Name": "nation","Alias": "nation","Startup Cost": 0.00,"Total Cost": 1.25,"Plan Rows": 25,"Plan Width": 112,"Actual Startup Time": 0.054,"Actual Total Time": 0.058,"Actual Rows": 25,"Actual Loops": 3,"Workers": []},{"Node Type": "Hash","Parent Relationship": "Inner","Parallel Aware": false,"Async Capable": false,"Startup Cost": 1.06,"Total Cost": 1.06,"Plan Rows": 1,"Plan Width": 4,"Actual Startup Time": 0.057,"Actual Total Time": 0.062,"Actual Rows": 1,"Actual Loops": 3,"Hash Buckets": 1024,"Original Hash Buckets": 1024,"Hash Batches": 1,"Original Hash Batches": 1,"Peak Memory Usage": 9,"Workers": [],"Plans": [{"Node Type": "Seq Scan","Parent Relationship": "Outer","Parallel Aware": false,"Async Capable": false,"Relation Name": "region","Alias": "region","Startup Cost": 0.00,"Total Cost": 1.06,"Plan Rows": 1,"Plan Width": 4,"Actual Startup Time": 0.040,"Actual Total Time": 0.042,"Actual Rows": 1,"Actual Loops": 3,"Filter": "(r_name = 'AFRICA'::bpchar)","Rows Removed by Filter": 4,"Workers": []}]}]}]}]},{"Node Type": "Index Scan","Parent Relationship": "Inner","Parallel Aware": false,"Async Capable": false,"Scan Direction": "Forward","Index Name": "idx_orders_custkey","Relation Name": "orders","Alias": "orders","Startup Cost": 0.43,"Total Cost": 1.55,"Plan Rows": 3,"Plan Width": 8,"Actual Startup Time": 0.017,"Actual Total Time": 0.039,"Actual Rows": 2,"Actual Loops": 29764,"Index Cond": "(o_custkey = customer.c_custkey)","Rows Removed by Index Recheck": 0,"Filter": "((o_orderdate >= '1996-01-01'::date) AND (o_orderdate < '1997-01-01 00:00:00'::timestamp without time zone))","Rows Removed by Filter": 9,"Workers": []}]},{"Node Type": "Index Scan","Parent Relationship": "Inner","Parallel Aware": false,"Async Capable": false,"Scan Direction": "Forward","Index Name": "idx_lineitem_orderkey","Relation Name": "lineitem","Alias": "lineitem","Startup Cost": 0.43,"Total Cost": 2.84,"Plan Rows": 17,"Plan Width": 20,"Actual Startup Time": 0.016,"Actual Total Time": 0.019,"Actual Rows": 4,"Actual Loops": 45352,"Index Cond": "(l_orderkey = orders.o_orderkey)","Rows Removed by Index Recheck": 0,"Workers": []}]},{"Node Type": "Hash","Parent Relationship": "Inner","Parallel Aware": false,"Async Capable": false,"Startup Cost": 322.00,"Total Cost": 322.00,"Plan Rows": 10000,"Plan Width": 8,"Actual Startup Time": 12.144,"Actual Total Time": 12.150,"Actual Rows": 10000,"Actual Loops": 3,"Hash Buckets": 16384,"Original Hash Buckets": 16384,"Hash Batches": 1,"Original Hash Batches": 1,"Peak Memory Usage": 519,"Workers": [],"Plans": [{"Node Type": "Seq Scan","Parent Relationship": "Outer","Parallel Aware": false,"Async Capable": false,"Relation Name": "supplier","Alias": "supplier","Startup Cost": 0.00,"Total Cost": 322.00,"Plan Rows": 10000,"Plan Width": 8,"Actual Startup Time": 0.040,"Actual Total Time": 10.535,"Actual Rows": 10000,"Actual Loops": 3,"Workers": []}]}]}]}]}]}]}]},"Planning Time": 10.511,"Triggers": [],"Execution Time": 832.422}]
[{"Plan": {"Node Type": "Sort","Parallel Aware": false,"Async Capable": false,"Startup Cost": 21522.30,"Total Cost": 21522.36,"Plan Rows": 25,"Plan Width": 136,"Actual Startup Time": 801.786,"Actual Total Time": 833.013,"Actual Rows": 5,"Actual Loops": 1,"Sort Key": ["(sum((lineitem.l_extendedprice * ('1'::numeric - lineitem.l_discount)))) DESC"],"Sort Method": "quicksort","Sort Space Used": 25,"Sort Space Type": "Memory","Plans": [{"Node Type": "Aggregate","Strategy": "Sorted","Partial Mode": "Finalize","Parent Relationship": "Outer","Parallel Aware": false,"Async Capable": false,"Startup Cost": 21507.43,"Total Cost": 21521.72,"Plan Rows": 25,"Plan Width": 136,"Actual Startup Time": 801.172,"Actual Total Time": 832.958,"Actual Rows": 5,"Actual Loops": 1,"Group Key": ["nation.n_name"],"Plans": [{"Node Type": "Gather Merge","Parent Relationship": "Outer","Parallel Aware": false,"Async Capable": false,"Startup Cost": 21507.43,"Total Cost": 21521.03,"Plan Rows": 50,"Plan Width": 136,"Actual Startup Time": 800.500,"Actual Total Time": 832.892,"Actual Rows": 15,"Actual Loops": 1,"Workers Planned": 2,"Workers Launched": 2,"Plans": [{"Node Type": "Aggregate","Strategy": "Sorted","Partial Mode": "Partial","Parent Relationship": "Outer","Parallel Aware": false,"Async Capable": false,"Startup Cost": 20507.41,"Total Cost": 20515.23,"Plan Rows": 25,"Plan Width": 136,"Actual Startup Time": 792.564,"Actual Total Time": 793.457,"Actual Rows": 5,"Actual Loops": 3,"Group Key": ["nation.n_name"],"Workers": [],"Plans": [{"Node Type": "Sort","Parent Relationship": "Outer","Parallel Aware": false,"Async Capable": false,"Startup Cost": 20507.41,"Total Cost": 20508.91,"Plan Rows": 601,"Plan Width": 116,"Actual Startup Time": 792.353,"Actual Total Time": 792.502,"Actual Rows": 2513,"Actual Loops": 3,"Sort Key": ["nation.n_name"],"Sort Method": "quicksort","Sort Space Used": 296,"Sort Space Type": "Memory","Workers": [{"Worker Number": 0,"Sort Method": "quicksort","Sort Space Used": 291,"Sort Space Type": "Memory"},{"Worker Number": 1,"Sort Method": "quicksort","Sort Space Used": 292,"Sort Space Type": "Memory"}],"Plans": [{"Node Type": "Hash Join","Parent Relationship": "Outer","Parallel Aware": false,"Async Capable": false,"Join Type": "Inner","Startup Cost": 475.27,"Total Cost": 20479.67,"Plan Rows": 601,"Plan Width": 116,"Actual Startup Time": 14.275,"Actual Total Time": 790.899,"Actual Rows": 2513,"Actual Loops": 3,"Inner Unique": true,"Hash Cond": "((lineitem.l_suppkey = supplier.s_suppkey) AND (customer.c_nationkey = supplier.s_nationkey))","Workers": [],"Plans": [{"Node Type": "Nested Loop","Parent Relationship": "Outer","Parallel Aware": false,"Async Capable": false,"Join Type": "Inner","Startup Cost": 3.27,"Total Cost": 19928.78,"Plan Rows": 15027,"Plan Width": 128,"Actual Startup Time": 0.573,"Actual Total Time": 745.935,"Actual Rows": 60812,"Actual Loops": 3,"Inner Unique": false,"Workers": [],"Plans": [{"Node Type": "Nested Loop","Parent Relationship": "Outer","Parallel Aware": false,"Async Capable": false,"Join Type": "Inner","Startup Cost": 2.84,"Total Cost": 8414.26,"Plan Rows": 3756,"Plan Width": 116,"Actual Startup Time": 0.447,"Actual Total Time": 445.574,"Actual Rows": 15099,"Actual Loops": 3,"Inner Unique": false,"Workers": [],"Plans": [{"Node Type": "Hash Join","Parent Relationship": "Outer","Parallel Aware": false,"Async Capable": false,"Join Type": "Inner","Startup Cost": 2.41,"Total Cost": 4471.79,"Plan Rows": 2500,"Plan Width": 116,"Actual Startup Time": 0.261,"Actual Total Time": 54.435,"Actual Rows": 9984,"Actual Loops": 3,"Inner Unique": false,"Hash Cond": "(customer.c_nationkey = nation.n_nationkey)","Workers": [],"Plans": [{"Node Type": "Seq Scan","Parent Relationship": "Outer","Parallel Aware": true,"Async Capable": false,"Relation Name": "customer","Alias": "customer","Startup Cost": 0.00,"Total Cost": 4210.00,"Plan Rows": 62500,"Plan Width": 8,"Actual Startup Time": 0.020,"Actual Total Time": 9.427,"Actual Rows": 50000,"Actual Loops": 3,"Workers": []},{"Node Type": "Hash","Parent Relationship": "Inner","Parallel Aware": false,"Async Capable": false,"Startup Cost": 2.40,"Total Cost": 2.40,"Plan Rows": 1,"Plan Width": 108,"Actual Startup Time": 0.147,"Actual Total Time": 0.168,"Actual Rows": 5,"Actual Loops": 3,"Hash Buckets": 1024,"Original Hash Buckets": 1024,"Hash Batches": 1,"Original Hash Batches": 1,"Peak Memory Usage": 9,"Workers": [],"Plans": [{"Node Type": "Hash Join","Parent Relationship": "Outer","Parallel Aware": false,"Async Capable": false,"Join Type": "Inner","Startup Cost": 1.07,"Total Cost": 2.40,"Plan Rows": 1,"Plan Width": 108,"Actual Startup Time": 0.132,"Actual Total Time": 0.158,"Actual Rows": 5,"Actual Loops": 3,"Inner Unique": true,"Hash Cond": "(nation.n_regionkey = region.r_regionkey)","Workers": [],"Plans": [{"Node Type": "Seq Scan","Parent Relationship": "Outer","Parallel Aware": false,"Async Capable": false,"Relation Name": "nation","Alias": "nation","Startup Cost": 0.00,"Total Cost": 1.25,"Plan Rows": 25,"Plan Width": 112,"Actual Startup Time": 0.053,"Actual Total Time": 0.057,"Actual Rows": 25,"Actual Loops": 3,"Workers": []},{"Node Type": "Hash","Parent Relationship": "Inner","Parallel Aware": false,"Async Capable": false,"Startup Cost": 1.06,"Total Cost": 1.06,"Plan Rows": 1,"Plan Width": 4,"Actual Startup Time": 0.054,"Actual Total Time": 0.061,"Actual Rows": 1,"Actual Loops": 3,"Hash Buckets": 1024,"Original Hash Buckets": 1024,"Hash Batches": 1,"Original Hash Batches": 1,"Peak Memory Usage": 9,"Workers": [],"Plans": [{"Node Type": "Seq Scan","Parent Relationship": "Outer","Parallel Aware": false,"Async Capable": false,"Relation Name": "region","Alias": "region","Startup Cost": 0.00,"Total Cost": 1.06,"Plan Rows": 1,"Plan Width": 4,"Actual Startup Time": 0.037,"Actual Total Time": 0.039,"Actual Rows": 1,"Actual Loops": 3,"Filter": "(r_name = 'AMERICA'::bpchar)","Rows Removed by Filter": 4,"Workers": []}]}]}]}]},{"Node Type": "Index Scan","Parent Relationship": "Inner","Parallel Aware": false,"Async Capable": false,"Scan Direction": "Forward","Index Name": "idx_orders_custkey","Relation Name": "orders","Alias": "orders","Startup Cost": 0.43,"Total Cost": 1.55,"Plan Rows": 3,"Plan Width": 8,"Actual Startup Time": 0.016,"Actual Total Time": 0.039,"Actual Rows": 2,"Actual Loops": 29952,"Index Cond": "(o_custkey = customer.c_custkey)","Rows Removed by Index Recheck": 0,"Filter": "((o_orderdate >= '1993-01-01'::date) AND (o_orderdate < '1994-01-01 00:00:00'::timestamp without time zone))","Rows Removed by Filter": 8,"Workers": []}]},{"Node Type": "Index Scan","Parent Relationship": "Inner","Parallel Aware": false,"Async Capable": false,"Scan Direction": "Forward","Index Name": "idx_lineitem_orderkey","Relation Name": "lineitem","Alias": "lineitem","Startup Cost": 0.43,"Total Cost": 2.90,"Plan Rows": 17,"Plan Width": 20,"Actual Startup Time": 0.017,"Actual Total Time": 0.019,"Actual Rows": 4,"Actual Loops": 45297,"Index Cond": "(l_orderkey = orders.o_orderkey)","Rows Removed by Index Recheck": 0,"Workers": []}]},{"Node Type": "Hash","Parent Relationship": "Inner","Parallel Aware": false,"Async Capable": false,"Startup Cost": 322.00,"Total Cost": 322.00,"Plan Rows": 10000,"Plan Width": 8,"Actual Startup Time": 12.653,"Actual Total Time": 12.656,"Actual Rows": 10000,"Actual Loops": 3,"Hash Buckets": 16384,"Original Hash Buckets": 16384,"Hash Batches": 1,"Original Hash Batches": 1,"Peak Memory Usage": 519,"Workers": [],"Plans": [{"Node Type": "Seq Scan","Parent Relationship": "Outer","Parallel Aware": false,"Async Capable": false,"Relation Name": "supplier","Alias": "supplier","Startup Cost": 0.00,"Total Cost": 322.00,"Plan Rows": 10000,"Plan Width": 8,"Actual Startup Time": 0.038,"Actual Total Time": 10.961,"Actual Rows": 10000,"Actual Loops": 3,"Workers": []}]}]}]}]}]}]}]},"Planning Time": 9.512,"Triggers": [],"Execution Time": 833.531}]
[{"Plan": {"Node Type": "Sort","Parallel Aware": false,"Async Capable": false,"Startup Cost": 21565.24,"Total Cost": 21565.30,"Plan Rows": 25,"Plan Width": 136,"Actual Startup Time": 812.920,"Actual Total Time": 845.337,"Actual Rows": 5,"Actual Loops": 1,"Sort Key": ["(sum((lineitem.l_extendedprice * ('1'::numeric - lineitem.l_discount)))) DESC"],"Sort Method": "quicksort","Sort Space Used": 25,"Sort Space Type": "Memory","Plans": [{"Node Type": "Aggregate","Strategy": "Sorted","Partial Mode": "Finalize","Parent Relationship": "Outer","Parallel Aware": false,"Async Capable": false,"Startup Cost": 21550.29,"Total Cost": 21564.66,"Plan Rows": 25,"Plan Width": 136,"Actual Startup Time": 812.284,"Actual Total Time": 845.271,"Actual Rows": 5,"Actual Loops": 1,"Group Key": ["nation.n_name"],"Plans": [{"Node Type": "Gather Merge","Parent Relationship": "Outer","Parallel Aware": false,"Async Capable": false,"Startup Cost": 21550.29,"Total Cost": 21563.97,"Plan Rows": 50,"Plan Width": 136,"Actual Startup Time": 812.043,"Actual Total Time": 845.216,"Actual Rows": 15,"Actual Loops": 1,"Workers Planned": 2,"Workers Launched": 2,"Plans": [{"Node Type": "Aggregate","Strategy": "Sorted","Partial Mode": "Partial","Parent Relationship": "Outer","Parallel Aware": false,"Async Capable": false,"Startup Cost": 20550.26,"Total Cost": 20558.18,"Plan Rows": 25,"Plan Width": 136,"Actual Startup Time": 804.529,"Actual Total Time": 805.274,"Actual Rows": 5,"Actual Loops": 3,"Group Key": ["nation.n_name"],"Workers": [],"Plans": [{"Node Type": "Sort","Parent Relationship": "Outer","Parallel Aware": false,"Async Capable": false,"Startup Cost": 20550.26,"Total Cost": 20551.78,"Plan Rows": 608,"Plan Width": 116,"Actual Startup Time": 804.312,"Actual Total Time": 804.451,"Actual Rows": 2459,"Actual Loops": 3,"Sort Key": ["nation.n_name"],"Sort Method": "quicksort","Sort Space Used": 291,"Sort Space Type": "Memory","Workers": [{"Worker Number": 0,"Sort Method": "quicksort","Sort Space Used": 281,"Sort Space Type": "Memory"},{"Worker Number": 1,"Sort Method": "quicksort","Sort Space Used": 294,"Sort Space Type": "Memory"}],"Plans": [{"Node Type": "Hash Join","Parent Relationship": "Outer","Parallel Aware": false,"Async Capable": false,"Join Type": "Inner","Startup Cost": 475.27,"Total Cost": 20522.15,"Plan Rows": 608,"Plan Width": 116,"Actual Startup Time": 9.963,"Actual Total Time": 802.770,"Actual Rows": 2459,"Actual Loops": 3,"Inner Unique": true,"Hash Cond": "((lineitem.l_suppkey = supplier.s_suppkey) AND (customer.c_nationkey = supplier.s_nationkey))","Workers": [],"Plans": [{"Node Type": "Nested Loop","Parent Relationship": "Outer","Parallel Aware": false,"Async Capable": false,"Join Type": "Inner","Startup Cost": 3.27,"Total Cost": 19970.29,"Plan Rows": 15211,"Plan Width": 128,"Actual Startup Time": 0.726,"Actual Total Time": 761.226,"Actual Rows": 61195,"Actual Loops": 3,"Inner Unique": false,"Workers": [],"Plans": [{"Node Type": "Nested Loop","Parent Relationship": "Outer","Parallel Aware": false,"Async Capable": false,"Join Type": "Inner","Startup Cost": 2.84,"Total Cost": 8414.26,"Plan Rows": 3802,"Plan Width": 116,"Actual Startup Time": 0.590,"Actual Total Time": 455.580,"Actual Rows": 15244,"Actual Loops": 3,"Inner Unique": false,"Workers": [],"Plans": [{"Node Type": "Hash Join","Parent Relationship": "Outer","Parallel Aware": false,"Async Capable": false,"Join Type": "Inner","Startup Cost": 2.41,"Total Cost": 4471.79,"Plan Rows": 2500,"Plan Width": 116,"Actual Startup Time": 0.294,"Actual Total Time": 55.676,"Actual Rows": 10061,"Actual Loops": 3,"Inner Unique": false,"Hash Cond": "(customer.c_nationkey = nation.n_nationkey)","Workers": [],"Plans": [{"Node Type": "Seq Scan","Parent Relationship": "Outer","Parallel Aware": true,"Async Capable": false,"Relation Name": "customer","Alias": "customer","Startup Cost": 0.00,"Total Cost": 4210.00,"Plan Rows": 62500,"Plan Width": 8,"Actual Startup Time": 0.018,"Actual Total Time": 9.635,"Actual Rows": 50000,"Actual Loops": 3,"Workers": []},{"Node Type": "Hash","Parent Relationship": "Inner","Parallel Aware": false,"Async Capable": false,"Startup Cost": 2.40,"Total Cost": 2.40,"Plan Rows": 1,"Plan Width": 108,"Actual Startup Time": 0.169,"Actual Total Time": 0.188,"Actual Rows": 5,"Actual Loops": 3,"Hash Buckets": 1024,"Original Hash Buckets": 1024,"Hash Batches": 1,"Original Hash Batches": 1,"Peak Memory Usage": 9,"Workers": [],"Plans": [{"Node Type": "Hash Join","Parent Relationship": "Outer","Parallel Aware": false,"Async Capable": false,"Join Type": "Inner","Startup Cost": 1.07,"Total Cost": 2.40,"Plan Rows": 1,"Plan Width": 108,"Actual Startup Time": 0.153,"Actual Total Time": 0.175,"Actual Rows": 5,"Actual Loops": 3,"Inner Unique": true,"Hash Cond": "(nation.n_regionkey = region.r_regionkey)","Workers": [],"Plans": [{"Node Type": "Seq Scan","Parent Relationship": "Outer","Parallel Aware": false,"Async Capable": false,"Relation Name": "nation","Alias": "nation","Startup Cost": 0.00,"Total Cost": 1.25,"Plan Rows": 25,"Plan Width": 112,"Actual Startup Time": 0.049,"Actual Total Time": 0.052,"Actual Rows": 25,"Actual Loops": 3,"Workers": []},{"Node Type": "Hash","Parent Relationship": "Inner","Parallel Aware": false,"Async Capable": false,"Startup Cost": 1.06,"Total Cost": 1.06,"Plan Rows": 1,"Plan Width": 4,"Actual Startup Time": 0.069,"Actual Total Time": 0.076,"Actual Rows": 1,"Actual Loops": 3,"Hash Buckets": 1024,"Original Hash Buckets": 1024,"Hash Batches": 1,"Original Hash Batches": 1,"Peak Memory Usage": 9,"Workers": [],"Plans": [{"Node Type": "Seq Scan","Parent Relationship": "Outer","Parallel Aware": false,"Async Capable": false,"Relation Name": "region","Alias": "region","Startup Cost": 0.00,"Total Cost": 1.06,"Plan Rows": 1,"Plan Width": 4,"Actual Startup Time": 0.054,"Actual Total Time": 0.057,"Actual Rows": 1,"Actual Loops": 3,"Filter": "(r_name = 'ASIA'::bpchar)","Rows Removed by Filter": 4,"Workers": []}]}]}]}]},{"Node Type": "Index Scan","Parent Relationship": "Inner","Parallel Aware": false,"Async Capable": false,"Scan Direction": "Forward","Index Name": "idx_orders_custkey","Relation Name": "orders","Alias": "orders","Startup Cost": 0.43,"Total Cost": 1.55,"Plan Rows": 3,"Plan Width": 8,"Actual Startup Time": 0.017,"Actual Total Time": 0.039,"Actual Rows": 2,"Actual Loops": 30183,"Index Cond": "(o_custkey = customer.c_custkey)","Rows Removed by Index Recheck": 0,"Filter": "((o_orderdate >= '1995-01-01'::date) AND (o_orderdate < '1996-01-01 00:00:00'::timestamp without time zone))","Rows Removed by Filter": 8,"Workers": []}]},{"Node Type": "Index Scan","Parent Relationship": "Inner","Parallel Aware": false,"Async Capable": false,"Scan Direction": "Forward","Index Name": "idx_lineitem_orderkey","Relation Name": "lineitem","Alias": "lineitem","Startup Cost": 0.43,"Total Cost": 2.87,"Plan Rows": 17,"Plan Width": 20,"Actual Startup Time": 0.017,"Actual Total Time": 0.019,"Actual Rows": 4,"Actual Loops": 45731,"Index Cond": "(l_orderkey = orders.o_orderkey)","Rows Removed by Index Recheck": 0,"Workers": []}]},{"Node Type": "Hash","Parent Relationship": "Inner","Parallel Aware": false,"Async Capable": false,"Startup Cost": 322.00,"Total Cost": 322.00,"Plan Rows": 10000,"Plan Width": 8,"Actual Startup Time": 8.662,"Actual Total Time": 8.670,"Actual Rows": 10000,"Actual Loops": 3,"Hash Buckets": 16384,"Original Hash Buckets": 16384,"Hash Batches": 1,"Original Hash Batches": 1,"Peak Memory Usage": 519,"Workers": [],"Plans": [{"Node Type": "Seq Scan","Parent Relationship": "Outer","Parallel Aware": false,"Async Capable": false,"Relation Name": "supplier","Alias": "supplier","Startup Cost": 0.00,"Total Cost": 322.00,"Plan Rows": 10000,"Plan Width": 8,"Actual Startup Time": 0.038,"Actual Total Time": 6.811,"Actual Rows": 10000,"Actual Loops": 3,"Workers": []}]}]}]}]}]}]}]},"Planning Time": 10.579,"Triggers": [],"Execution Time": 845.911}]
[{"Plan": {"Node Type": "Sort","Parallel Aware": false,"Async Capable": false,"Startup Cost": 21522.30,"Total Cost": 21522.36,"Plan Rows": 25,"Plan Width": 136,"Actual Startup Time": 815.371,"Actual Total Time": 846.364,"Actual Rows": 5,"Actual Loops": 1,"Sort Key": ["(sum((lineitem.l_extendedprice * ('1'::numeric - lineitem.l_discount)))) DESC"],"Sort Method": "quicksort","Sort Space Used": 25,"Sort Space Type": "Memory","Plans": [{"Node Type": "Aggregate","Strategy": "Sorted","Partial Mode": "Finalize","Parent Relationship": "Outer","Parallel Aware": false,"Async Capable": false,"Startup Cost": 21507.43,"Total Cost": 21521.72,"Plan Rows": 25,"Plan Width": 136,"Actual Startup Time": 814.708,"Actual Total Time": 846.319,"Actual Rows": 5,"Actual Loops": 1,"Group Key": ["nation.n_name"],"Plans": [{"Node Type": "Gather Merge","Parent Relationship": "Outer","Parallel Aware": false,"Async Capable": false,"Startup Cost": 21507.43,"Total Cost": 21521.03,"Plan Rows": 50,"Plan Width": 136,"Actual Startup Time": 814.181,"Actual Total Time": 846.266,"Actual Rows": 15,"Actual Loops": 1,"Workers Planned": 2,"Workers Launched": 2,"Plans": [{"Node Type": "Aggregate","Strategy": "Sorted","Partial Mode": "Partial","Parent Relationship": "Outer","Parallel Aware": false,"Async Capable": false,"Startup Cost": 20507.41,"Total Cost": 20515.23,"Plan Rows": 25,"Plan Width": 136,"Actual Startup Time": 806.060,"Actual Total Time": 806.902,"Actual Rows": 5,"Actual Loops": 3,"Group Key": ["nation.n_name"],"Workers": [],"Plans": [{"Node Type": "Sort","Parent Relationship": "Outer","Parallel Aware": false,"Async Capable": false,"Startup Cost": 20507.41,"Total Cost": 20508.91,"Plan Rows": 601,"Plan Width": 116,"Actual Startup Time": 805.845,"Actual Total Time": 805.988,"Actual Rows": 2405,"Actual Loops": 3,"Sort Key": ["nation.n_name"],"Sort Method": "quicksort","Sort Space Used": 288,"Sort Space Type": "Memory","Workers": [{"Worker Number": 0,"Sort Method": "quicksort","Sort Space Used": 282,"Sort Space Type": "Memory"},{"Worker Number": 1,"Sort Method": "quicksort","Sort Space Used": 284,"Sort Space Type": "Memory"}],"Plans": [{"Node Type": "Hash Join","Parent Relationship": "Outer","Parallel Aware": false,"Async Capable": false,"Join Type": "Inner","Startup Cost": 475.27,"Total Cost": 20479.67,"Plan Rows": 601,"Plan Width": 116,"Actual Startup Time": 14.857,"Actual Total Time": 804.339,"Actual Rows": 2405,"Actual Loops": 3,"Inner Unique": true,"Hash Cond": "((lineitem.l_suppkey = supplier.s_suppkey) AND (customer.c_nationkey = supplier.s_nationkey))","Workers": [],"Plans": [{"Node Type": "Nested Loop","Parent Relationship": "Outer","Parallel Aware": false,"Async Capable": false,"Join Type": "Inner","Startup Cost": 3.27,"Total Cost": 19928.78,"Plan Rows": 15027,"Plan Width": 128,"Actual Startup Time": 0.928,"Actual Total Time": 758.714,"Actual Rows": 60519,"Actual Loops": 3,"Inner Unique": false,"Workers": [],"Plans": [{"Node Type": "Nested Loop","Parent Relationship": "Outer","Parallel Aware": false,"Async Capable": false,"Join Type": "Inner","Startup Cost": 2.84,"Total Cost": 8414.26,"Plan Rows": 3756,"Plan Width": 116,"Actual Startup Time": 0.799,"Actual Total Time": 454.413,"Actual Rows": 15151,"Actual Loops": 3,"Inner Unique": false,"Workers": [],"Plans": [{"Node Type": "Hash Join","Parent Relationship": "Outer","Parallel Aware": false,"Async Capable": false,"Join Type": "Inner","Startup Cost": 2.41,"Total Cost": 4471.79,"Plan Rows": 2500,"Plan Width": 116,"Actual Startup Time": 0.321,"Actual Total Time": 54.810,"Actual Rows": 10061,"Actual Loops": 3,"Inner Unique": false,"Hash Cond": "(customer.c_nationkey = nation.n_nationkey)","Workers": [],"Plans": [{"Node Type": "Seq Scan","Parent Relationship": "Outer","Parallel Aware": true,"Async Capable": false,"Relation Name": "customer","Alias": "customer","Startup Cost": 0.00,"Total Cost": 4210.00,"Plan Rows": 62500,"Plan Width": 8,"Actual Startup Time": 0.016,"Actual Total Time": 9.647,"Actual Rows": 50000,"Actual Loops": 3,"Workers": []},{"Node Type": "Hash","Parent Relationship": "Inner","Parallel Aware": false,"Async Capable": false,"Startup Cost": 2.40,"Total Cost": 2.40,"Plan Rows": 1,"Plan Width": 108,"Actual Startup Time": 0.190,"Actual Total Time": 0.209,"Actual Rows": 5,"Actual Loops": 3,"Hash Buckets": 1024,"Original Hash Buckets": 1024,"Hash Batches": 1,"Original Hash Batches": 1,"Peak Memory Usage": 9,"Workers": [],"Plans": [{"Node Type": "Hash Join","Parent Relationship": "Outer","Parallel Aware": false,"Async Capable": false,"Join Type": "Inner","Startup Cost": 1.07,"Total Cost": 2.40,"Plan Rows": 1,"Plan Width": 108,"Actual Startup Time": 0.173,"Actual Total Time": 0.196,"Actual Rows": 5,"Actual Loops": 3,"Inner Unique": true,"Hash Cond": "(nation.n_regionkey = region.r_regionkey)","Workers": [],"Plans": [{"Node Type": "Seq Scan","Parent Relationship": "Outer","Parallel Aware": false,"Async Capable": false,"Relation Name": "nation","Alias": "nation","Startup Cost": 0.00,"Total Cost": 1.25,"Plan Rows": 25,"Plan Width": 112,"Actual Startup Time": 0.080,"Actual Total Time": 0.084,"Actual Rows": 25,"Actual Loops": 3,"Workers": []},{"Node Type": "Hash","Parent Relationship": "Inner","Parallel Aware": false,"Async Capable": false,"Startup Cost": 1.06,"Total Cost": 1.06,"Plan Rows": 1,"Plan Width": 4,"Actual Startup Time": 0.060,"Actual Total Time": 0.067,"Actual Rows": 1,"Actual Loops": 3,"Hash Buckets": 1024,"Original Hash Buckets": 1024,"Hash Batches": 1,"Original Hash Batches": 1,"Peak Memory Usage": 9,"Workers": [],"Plans": [{"Node Type": "Seq Scan","Parent Relationship": "Outer","Parallel Aware": false,"Async Capable": false,"Relation Name": "region","Alias": "region","Startup Cost": 0.00,"Total Cost": 1.06,"Plan Rows": 1,"Plan Width": 4,"Actual Startup Time": 0.046,"Actual Total Time": 0.049,"Actual Rows": 1,"Actual Loops": 3,"Filter": "(r_name = 'ASIA'::bpchar)","Rows Removed by Filter": 4,"Workers": []}]}]}]}]},{"Node Type": "Index Scan","Parent Relationship": "Inner","Parallel Aware": false,"Async Capable": false,"Scan Direction": "Forward","Index Name": "idx_orders_custkey","Relation Name": "orders","Alias": "orders","Startup Cost": 0.43,"Total Cost": 1.55,"Plan Rows": 3,"Plan Width": 8,"Actual Startup Time": 0.017,"Actual Total Time": 0.039,"Actual Rows": 2,"Actual Loops": 30183,"Index Cond": "(o_custkey = customer.c_custkey)","Rows Removed by Index Recheck": 0,"Filter": "((o_orderdate >= '1993-01-01'::date) AND (o_orderdate < '1994-01-01 00:00:00'::timestamp without time zone))","Rows Removed by Filter": 8,"Workers": []}]},{"Node Type": "Index Scan","Parent Relationship": "Inner","Parallel Aware": false,"Async Capable": false,"Scan Direction": "Forward","Index Name": "idx_lineitem_orderkey","Relation Name": "lineitem","Alias": "lineitem","Startup Cost": 0.43,"Total Cost": 2.90,"Plan Rows": 17,"Plan Width": 20,"Actual Startup Time": 0.017,"Actual Total Time": 0.019,"Actual Rows": 4,"Actual Loops": 45452,"Index Cond": "(l_orderkey = orders.o_orderkey)","Rows Removed by Index Recheck": 0,"Workers": []}]},{"Node Type": "Hash","Parent Relationship": "Inner","Parallel Aware": false,"Async Capable": false,"Startup Cost": 322.00,"Total Cost": 322.00,"Plan Rows": 10000,"Plan Width": 8,"Actual Startup Time": 13.249,"Actual Total Time": 13.253,"Actual Rows": 10000,"Actual Loops": 3,"Hash Buckets": 16384,"Original Hash Buckets": 16384,"Hash Batches": 1,"Original Hash Batches": 1,"Peak Memory Usage": 519,"Workers": [],"Plans": [{"Node Type": "Seq Scan","Parent Relationship": "Outer","Parallel Aware": false,"Async Capable": false,"Relation Name": "supplier","Alias": "supplier","Startup Cost": 0.00,"Total Cost": 322.00,"Plan Rows": 10000,"Plan Width": 8,"Actual Startup Time": 0.061,"Actual Total Time": 11.553,"Actual Rows": 10000,"Actual Loops": 3,"Workers": []}]}]}]}]}]}]}]},"Planning Time": 10.259,"Triggers": [],"Execution Time": 846.817}]
[{"Plan": {"Node Type": "Sort","Parallel Aware": false,"Async Capable": false,"Startup Cost": 21565.24,"Total Cost": 21565.30,"Plan Rows": 25,"Plan Width": 136,"Actual Startup Time": 803.148,"Actual Total Time": 837.225,"Actual Rows": 5,"Actual Loops": 1,"Sort Key": ["(sum((lineitem.l_extendedprice * ('1'::numeric - lineitem.l_discount)))) DESC"],"Sort Method": "quicksort","Sort Space Used": 25,"Sort Space Type": "Memory","Plans": [{"Node Type": "Aggregate","Strategy": "Sorted","Partial Mode": "Finalize","Parent Relationship": "Outer","Parallel Aware": false,"Async Capable": false,"Startup Cost": 21550.29,"Total Cost": 21564.66,"Plan Rows": 25,"Plan Width": 136,"Actual Startup Time": 802.551,"Actual Total Time": 837.165,"Actual Rows": 5,"Actual Loops": 1,"Group Key": ["nation.n_name"],"Plans": [{"Node Type": "Gather Merge","Parent Relationship": "Outer","Parallel Aware": false,"Async Capable": false,"Startup Cost": 21550.29,"Total Cost": 21563.97,"Plan Rows": 50,"Plan Width": 136,"Actual Startup Time": 802.343,"Actual Total Time": 837.116,"Actual Rows": 15,"Actual Loops": 1,"Workers Planned": 2,"Workers Launched": 2,"Plans": [{"Node Type": "Aggregate","Strategy": "Sorted","Partial Mode": "Partial","Parent Relationship": "Outer","Parallel Aware": false,"Async Capable": false,"Startup Cost": 20550.26,"Total Cost": 20558.18,"Plan Rows": 25,"Plan Width": 136,"Actual Startup Time": 794.724,"Actual Total Time": 795.426,"Actual Rows": 5,"Actual Loops": 3,"Group Key": ["nation.n_name"],"Workers": [],"Plans": [{"Node Type": "Sort","Parent Relationship": "Outer","Parallel Aware": false,"Async Capable": false,"Startup Cost": 20550.26,"Total Cost": 20551.78,"Plan Rows": 608,"Plan Width": 116,"Actual Startup Time": 794.492,"Actual Total Time": 794.616,"Actual Rows": 2402,"Actual Loops": 3,"Sort Key": ["nation.n_name"],"Sort Method": "quicksort","Sort Space Used": 284,"Sort Space Type": "Memory","Workers": [{"Worker Number": 0,"Sort Method": "quicksort","Sort Space Used": 278,"Sort Space Type": "Memory"},{"Worker Number": 1,"Sort Method": "quicksort","Sort Space Used": 290,"Sort Space Type": "Memory"}],"Plans": [{"Node Type": "Hash Join","Parent Relationship": "Outer","Parallel Aware": false,"Async Capable": false,"Join Type": "Inner","Startup Cost": 475.27,"Total Cost": 20522.15,"Plan Rows": 608,"Plan Width": 116,"Actual Startup Time": 9.804,"Actual Total Time": 792.945,"Actual Rows": 2402,"Actual Loops": 3,"Inner Unique": true,"Hash Cond": "((lineitem.l_suppkey = supplier.s_suppkey) AND (customer.c_nationkey = supplier.s_nationkey))","Workers": [],"Plans": [{"Node Type": "Nested Loop","Parent Relationship": "Outer","Parallel Aware": false,"Async Capable": false,"Join Type": "Inner","Startup Cost": 3.27,"Total Cost": 19970.29,"Plan Rows": 15211,"Plan Width": 128,"Actual Startup Time": 0.739,"Actual Total Time": 751.905,"Actual Rows": 60896,"Actual Loops": 3,"Inner Unique": false,"Workers": [],"Plans": [{"Node Type": "Nested Loop","Parent Relationship": "Outer","Parallel Aware": false,"Async Capable": false,"Join Type": "Inner","Startup Cost": 2.84,"Total Cost": 8414.26,"Plan Rows": 3802,"Plan Width": 116,"Actual Startup Time": 0.610,"Actual Total Time": 448.155,"Actual Rows": 15274,"Actual Loops": 3,"Inner Unique": false,"Workers": [],"Plans": [{"Node Type": "Hash Join","Parent Relationship": "Outer","Parallel Aware": false,"Async Capable": false,"Join Type": "Inner","Startup Cost": 2.41,"Total Cost": 4471.79,"Plan Rows": 2500,"Plan Width": 116,"Actual Startup Time": 0.268,"Actual Total Time": 53.804,"Actual Rows": 9921,"Actual Loops": 3,"Inner Unique": false,"Hash Cond": "(customer.c_nationkey = nation.n_nationkey)","Workers": [],"Plans": [{"Node Type": "Seq Scan","Parent Relationship": "Outer","Parallel Aware": true,"Async Capable": false,"Relation Name": "customer","Alias": "customer","Startup Cost": 0.00,"Total Cost": 4210.00,"Plan Rows": 62500,"Plan Width": 8,"Actual Startup Time": 0.020,"Actual Total Time": 9.563,"Actual Rows": 50000,"Actual Loops": 3,"Workers": []},{"Node Type": "Hash","Parent Relationship": "Inner","Parallel Aware": false,"Async Capable": false,"Startup Cost": 2.40,"Total Cost": 2.40,"Plan Rows": 1,"Plan Width": 108,"Actual Startup Time": 0.161,"Actual Total Time": 0.176,"Actual Rows": 5,"Actual Loops": 3,"Hash Buckets": 1024,"Original Hash Buckets": 1024,"Hash Batches": 1,"Original Hash Batches": 1,"Peak Memory Usage": 9,"Workers": [],"Plans": [{"Node Type": "Hash Join","Parent Relationship": "Outer","Parallel Aware": false,"Async Capable": false,"Join Type": "Inner","Startup Cost": 1.07,"Total Cost": 2.40,"Plan Rows": 1,"Plan Width": 108,"Actual Startup Time": 0.143,"Actual Total Time": 0.167,"Actual Rows": 5,"Actual Loops": 3,"Inner Unique": true,"Hash Cond": "(nation.n_regionkey = region.r_regionkey)","Workers": [],"Plans": [{"Node Type": "Seq Scan","Parent Relationship": "Outer","Parallel Aware": false,"Async Capable": false,"Relation Name": "nation","Alias": "nation","Startup Cost": 0.00,"Total Cost": 1.25,"Plan Rows": 25,"Plan Width": 112,"Actual Startup Time": 0.052,"Actual Total Time": 0.056,"Actual Rows": 25,"Actual Loops": 3,"Workers": []},{"Node Type": "Hash","Parent Relationship": "Inner","Parallel Aware": false,"Async Capable": false,"Startup Cost": 1.06,"Total Cost": 1.06,"Plan Rows": 1,"Plan Width": 4,"Actual Startup Time": 0.061,"Actual Total Time": 0.066,"Actual Rows": 1,"Actual Loops": 3,"Hash Buckets": 1024,"Original Hash Buckets": 1024,"Hash Batches": 1,"Original Hash Batches": 1,"Peak Memory Usage": 9,"Workers": [],"Plans": [{"Node Type": "Seq Scan","Parent Relationship": "Outer","Parallel Aware": false,"Async Capable": false,"Relation Name": "region","Alias": "region","Startup Cost": 0.00,"Total Cost": 1.06,"Plan Rows": 1,"Plan Width": 4,"Actual Startup Time": 0.046,"Actual Total Time": 0.049,"Actual Rows": 1,"Actual Loops": 3,"Filter": "(r_name = 'AFRICA'::bpchar)","Rows Removed by Filter": 4,"Workers": []}]}]}]}]},{"Node Type": "Index Scan","Parent Relationship": "Inner","Parallel Aware": false,"Async Capable": false,"Scan Direction": "Forward","Index Name": "idx_orders_custkey","Relation Name": "orders","Alias": "orders","Startup Cost": 0.43,"Total Cost": 1.55,"Plan Rows": 3,"Plan Width": 8,"Actual Startup Time": 0.017,"Actual Total Time": 0.039,"Actual Rows": 2,"Actual Loops": 29764,"Index Cond": "(o_custkey = customer.c_custkey)","Rows Removed by Index Recheck": 0,"Filter": "((o_orderdate >= '1995-01-01'::date) AND (o_orderdate < '1996-01-01 00:00:00'::timestamp without time zone))","Rows Removed by Filter": 9,"Workers": []}]},{"Node Type": "Index Scan","Parent Relationship": "Inner","Parallel Aware": false,"Async Capable": false,"Scan Direction": "Forward","Index Name": "idx_lineitem_orderkey","Relation Name": "lineitem","Alias": "lineitem","Startup Cost": 0.43,"Total Cost": 2.87,"Plan Rows": 17,"Plan Width": 20,"Actual Startup Time": 0.017,"Actual Total Time": 0.019,"Actual Rows": 4,"Actual Loops": 45822,"Index Cond": "(l_orderkey = orders.o_orderkey)","Rows Removed by Index Recheck": 0,"Workers": []}]},{"Node Type": "Hash","Parent Relationship": "Inner","Parallel Aware": false,"Async Capable": false,"Startup Cost": 322.00,"Total Cost": 322.00,"Plan Rows": 10000,"Plan Width": 8,"Actual Startup Time": 8.249,"Actual Total Time": 8.253,"Actual Rows": 10000,"Actual Loops": 3,"Hash Buckets": 16384,"Original Hash Buckets": 16384,"Hash Batches": 1,"Original Hash Batches": 1,"Peak Memory Usage": 519,"Workers": [],"Plans": [{"Node Type": "Seq Scan","Parent Relationship": "Outer","Parallel Aware": false,"Async Capable": false,"Relation Name": "supplier","Alias": "supplier","Startup Cost": 0.00,"Total Cost": 322.00,"Plan Rows": 10000,"Plan Width": 8,"Actual Startup Time": 0.043,"Actual Total Time": 6.388,"Actual Rows": 10000,"Actual Loops": 3,"Workers": []}]}]}]}]}]}]}]},"Planning Time": 10.225,"Triggers": [],"Execution Time": 837.854}]
[{"Plan": {"Node Type": "Sort","Parallel Aware": false,"Async Capable": false,"Startup Cost": 21522.30,"Total Cost": 21522.36,"Plan Rows": 25,"Plan Width": 136,"Actual Startup Time": 815.371,"Actual Total Time": 846.364,"Actual Rows": 5,"Actual Loops": 1,"Sort Key": ["(sum((lineitem.l_extendedprice * ('1'::numeric - lineitem.l_discount)))) DESC"],"Sort Method": "quicksort","Sort Space Used": 25,"Sort Space Type": "Memory","Plans": [{"Node Type": "Aggregate","Strategy": "Sorted","Partial Mode": "Finalize","Parent Relationship": "Outer","Parallel Aware": false,"Async Capable": false,"Startup Cost": 21507.43,"Total Cost": 21521.72,"Plan Rows": 25,"Plan Width": 136,"Actual Startup Time": 814.708,"Actual Total Time": 846.319,"Actual Rows": 5,"Actual Loops": 1,"Group Key": ["nation.n_name"],"Plans": [{"Node Type": "Gather Merge","Parent Relationship": "Outer","Parallel Aware": false,"Async Capable": false,"Startup Cost": 21507.43,"Total Cost": 21521.03,"Plan Rows": 50,"Plan Width": 136,"Actual Startup Time": 814.181,"Actual Total Time": 846.266,"Actual Rows": 15,"Actual Loops": 1,"Workers Planned": 2,"Workers Launched": 2,"Plans": [{"Node Type": "Aggregate","Strategy": "Sorted","Partial Mode": "Partial","Parent Relationship": "Outer","Parallel Aware": false,"Async Capable": false,"Startup Cost": 20507.41,"Total Cost": 20515.23,"Plan Rows": 25,"Plan Width": 136,"Actual Startup Time": 806.060,"Actual Total Time": 806.902,"Actual Rows": 5,"Actual Loops": 3,"Group Key": ["nation.n_name"],"Workers": [],"Plans": [{"Node Type": "Sort","Parent Relationship": "Outer","Parallel Aware": false,"Async Capable": false,"Startup Cost": 20507.41,"Total Cost": 20508.91,"Plan Rows": 601,"Plan Width": 116,"Actual Startup Time": 805.845,"Actual Total Time": 805.988,"Actual Rows": 2405,"Actual Loops": 3,"Sort Key": ["nation.n_name"],"Sort Method": "quicksort","Sort Space Used": 288,"Sort Space Type": "Memory","Workers": [{"Worker Number": 0,"Sort Method": "quicksort","Sort Space Used": 282,"Sort Space Type": "Memory"},{"Worker Number": 1,"Sort Method": "quicksort","Sort Space Used": 284,"Sort Space Type": "Memory"}],"Plans": [{"Node Type": "Hash Join","Parent Relationship": "Outer","Parallel Aware": false,"Async Capable": false,"Join Type": "Inner","Startup Cost": 475.27,"Total Cost": 20479.67,"Plan Rows": 601,"Plan Width": 116,"Actual Startup Time": 14.857,"Actual Total Time": 804.339,"Actual Rows": 2405,"Actual Loops": 3,"Inner Unique": true,"Hash Cond": "((lineitem.l_suppkey = supplier.s_suppkey) AND (customer.c_nationkey = supplier.s_nationkey))","Workers": [],"Plans": [{"Node Type": "Nested Loop","Parent Relationship": "Outer","Parallel Aware": false,"Async Capable": false,"Join Type": "Inner","Startup Cost": 3.27,"Total Cost": 19928.78,"Plan Rows": 15027,"Plan Width": 128,"Actual Startup Time": 0.928,"Actual Total Time": 758.714,"Actual Rows": 60519,"Actual Loops": 3,"Inner Unique": false,"Workers": [],"Plans": [{"Node Type": "Nested Loop","Parent Relationship": "Outer","Parallel Aware": false,"Async Capable": false,"Join Type": "Inner","Startup Cost": 2.84,"Total Cost": 8414.26,"Plan Rows": 3756,"Plan Width": 116,"Actual Startup Time": 0.799,"Actual Total Time": 454.413,"Actual Rows": 15151,"Actual Loops": 3,"Inner Unique": false,"Workers": [],"Plans": [{"Node Type": "Hash Join","Parent Relationship": "Outer","Parallel Aware": false,"Async Capable": false,"Join Type": "Inner","Startup Cost": 2.41,"Total Cost": 4471.79,"Plan Rows": 2500,"Plan Width": 116,"Actual Startup Time": 0.321,"Actual Total Time": 54.810,"Actual Rows": 10061,"Actual Loops": 3,"Inner Unique": false,"Hash Cond": "(customer.c_nationkey = nation.n_nationkey)","Workers": [],"Plans": [{"Node Type": "Seq Scan","Parent Relationship": "Outer","Parallel Aware": true,"Async Capable": false,"Relation Name": "customer","Alias": "customer","Startup Cost": 0.00,"Total Cost": 4210.00,"Plan Rows": 62500,"Plan Width": 8,"Actual Startup Time": 0.016,"Actual Total Time": 9.647,"Actual Rows": 50000,"Actual Loops": 3,"Workers": []},{"Node Type": "Hash","Parent Relationship": "Inner","Parallel Aware": false,"Async Capable": false,"Startup Cost": 2.40,"Total Cost": 2.40,"Plan Rows": 1,"Plan Width": 108,"Actual Startup Time": 0.190,"Actual Total Time": 0.209,"Actual Rows": 5,"Actual Loops": 3,"Hash Buckets": 1024,"Original Hash Buckets": 1024,"Hash Batches": 1,"Original Hash Batches": 1,"Peak Memory Usage": 9,"Workers": [],"Plans": [{"Node Type": "Hash Join","Parent Relationship": "Outer","Parallel Aware": false,"Async Capable": false,"Join Type": "Inner","Startup Cost": 1.07,"Total Cost": 2.40,"Plan Rows": 1,"Plan Width": 108,"Actual Startup Time": 0.173,"Actual Total Time": 0.196,"Actual Rows": 5,"Actual Loops": 3,"Inner Unique": true,"Hash Cond": "(nation.n_regionkey = region.r_regionkey)","Workers": [],"Plans": [{"Node Type": "Seq Scan","Parent Relationship": "Outer","Parallel Aware": false,"Async Capable": false,"Relation Name": "nation","Alias": "nation","Startup Cost": 0.00,"Total Cost": 1.25,"Plan Rows": 25,"Plan Width": 112,"Actual Startup Time": 0.080,"Actual Total Time": 0.084,"Actual Rows": 25,"Actual Loops": 3,"Workers": []},{"Node Type": "Hash","Parent Relationship": "Inner","Parallel Aware": false,"Async Capable": false,"Startup Cost": 1.06,"Total Cost": 1.06,"Plan Rows": 1,"Plan Width": 4,"Actual Startup Time": 0.060,"Actual Total Time": 0.067,"Actual Rows": 1,"Actual Loops": 3,"Hash Buckets": 1024,"Original Hash Buckets": 1024,"Hash Batches": 1,"Original Hash Batches": 1,"Peak Memory Usage": 9,"Workers": [],"Plans": [{"Node Type": "Seq Scan","Parent Relationship": "Outer","Parallel Aware": false,"Async Capable": false,"Relation Name": "region","Alias": "region","Startup Cost": 0.00,"Total Cost": 1.06,"Plan Rows": 1,"Plan Width": 4,"Actual Startup Time": 0.046,"Actual Total Time": 0.049,"Actual Rows": 1,"Actual Loops": 3,"Filter": "(r_name = 'ASIA'::bpchar)","Rows Removed by Filter": 4,"Workers": []}]}]}]}]},{"Node Type": "Index Scan","Parent Relationship": "Inner","Parallel Aware": false,"Async Capable": false,"Scan Direction": "Forward","Index Name": "idx_orders_custkey","Relation Name": "orders","Alias": "orders","Startup Cost": 0.43,"Total Cost": 1.55,"Plan Rows": 3,"Plan Width": 8,"Actual Startup Time": 0.017,"Actual Total Time": 0.039,"Actual Rows": 2,"Actual Loops": 30183,"Index Cond": "(o_custkey = customer.c_custkey)","Rows Removed by Index Recheck": 0,"Filter": "((o_orderdate >= '1993-01-01'::date) AND (o_orderdate < '1994-01-01 00:00:00'::timestamp without time zone))","Rows Removed by Filter": 8,"Workers": []}]},{"Node Type": "Index Scan","Parent Relationship": "Inner","Parallel Aware": false,"Async Capable": false,"Scan Direction": "Forward","Index Name": "idx_lineitem_orderkey","Relation Name": "lineitem","Alias": "lineitem","Startup Cost": 0.43,"Total Cost": 2.90,"Plan Rows": 17,"Plan Width": 20,"Actual Startup Time": 0.017,"Actual Total Time": 0.019,"Actual Rows": 4,"Actual Loops": 45452,"Index Cond": "(l_orderkey = orders.o_orderkey)","Rows Removed by Index Recheck": 0,"Workers": []}]},{"Node Type": "Hash","Parent Relationship": "Inner","Parallel Aware": false,"Async Capable": false,"Startup Cost": 322.00,"Total Cost": 322.00,"Plan Rows": 10000,"Plan Width": 8,"Actual Startup Time": 13.249,"Actual Total Time": 13.253,"Actual Rows": 10000,"Actual Loops": 3,"Hash Buckets": 16384,"Original Hash Buckets": 16384,"Hash Batches": 1,"Original Hash Batches": 1,"Peak Memory Usage": 519,"Workers": [],"Plans": [{"Node Type": "Seq Scan","Parent Relationship": "Outer","Parallel Aware": false,"Async Capable": false,"Relation Name": "supplier","Alias": "supplier","Startup Cost": 0.00,"Total Cost": 322.00,"Plan Rows": 10000,"Plan Width": 8,"Actual Startup Time": 0.061,"Actual Total Time": 11.553,"Actual Rows": 10000,"Actual Loops": 3,"Workers": []}]}]}]}]}]}]}]},"Planning Time": 10.259,"Triggers": [],"Execution Time": 846.817}]
[{"Plan": {"Node Type": "Sort","Parallel Aware": false,"Async Capable": false,"Startup Cost": 21522.30,"Total Cost": 21522.36,"Plan Rows": 25,"Plan Width": 136,"Actual Startup Time": 801.786,"Actual Total Time": 833.013,"Actual Rows": 5,"Actual Loops": 1,"Sort Key": ["(sum((lineitem.l_extendedprice * ('1'::numeric - lineitem.l_discount)))) DESC"],"Sort Method": "quicksort","Sort Space Used": 25,"Sort Space Type": "Memory","Plans": [{"Node Type": "Aggregate","Strategy": "Sorted","Partial Mode": "Finalize","Parent Relationship": "Outer","Parallel Aware": false,"Async Capable": false,"Startup Cost": 21507.43,"Total Cost": 21521.72,"Plan Rows": 25,"Plan Width": 136,"Actual Startup Time": 801.172,"Actual Total Time": 832.958,"Actual Rows": 5,"Actual Loops": 1,"Group Key": ["nation.n_name"],"Plans": [{"Node Type": "Gather Merge","Parent Relationship": "Outer","Parallel Aware": false,"Async Capable": false,"Startup Cost": 21507.43,"Total Cost": 21521.03,"Plan Rows": 50,"Plan Width": 136,"Actual Startup Time": 800.500,"Actual Total Time": 832.892,"Actual Rows": 15,"Actual Loops": 1,"Workers Planned": 2,"Workers Launched": 2,"Plans": [{"Node Type": "Aggregate","Strategy": "Sorted","Partial Mode": "Partial","Parent Relationship": "Outer","Parallel Aware": false,"Async Capable": false,"Startup Cost": 20507.41,"Total Cost": 20515.23,"Plan Rows": 25,"Plan Width": 136,"Actual Startup Time": 792.564,"Actual Total Time": 793.457,"Actual Rows": 5,"Actual Loops": 3,"Group Key": ["nation.n_name"],"Workers": [],"Plans": [{"Node Type": "Sort","Parent Relationship": "Outer","Parallel Aware": false,"Async Capable": false,"Startup Cost": 20507.41,"Total Cost": 20508.91,"Plan Rows": 601,"Plan Width": 116,"Actual Startup Time": 792.353,"Actual Total Time": 792.502,"Actual Rows": 2513,"Actual Loops": 3,"Sort Key": ["nation.n_name"],"Sort Method": "quicksort","Sort Space Used": 296,"Sort Space Type": "Memory","Workers": [{"Worker Number": 0,"Sort Method": "quicksort","Sort Space Used": 291,"Sort Space Type": "Memory"},{"Worker Number": 1,"Sort Method": "quicksort","Sort Space Used": 292,"Sort Space Type": "Memory"}],"Plans": [{"Node Type": "Hash Join","Parent Relationship": "Outer","Parallel Aware": false,"Async Capable": false,"Join Type": "Inner","Startup Cost": 475.27,"Total Cost": 20479.67,"Plan Rows": 601,"Plan Width": 116,"Actual Startup Time": 14.275,"Actual Total Time": 790.899,"Actual Rows": 2513,"Actual Loops": 3,"Inner Unique": true,"Hash Cond": "((lineitem.l_suppkey = supplier.s_suppkey) AND (customer.c_nationkey = supplier.s_nationkey))","Workers": [],"Plans": [{"Node Type": "Nested Loop","Parent Relationship": "Outer","Parallel Aware": false,"Async Capable": false,"Join Type": "Inner","Startup Cost": 3.27,"Total Cost": 19928.78,"Plan Rows": 15027,"Plan Width": 128,"Actual Startup Time": 0.573,"Actual Total Time": 745.935,"Actual Rows": 60812,"Actual Loops": 3,"Inner Unique": false,"Workers": [],"Plans": [{"Node Type": "Nested Loop","Parent Relationship": "Outer","Parallel Aware": false,"Async Capable": false,"Join Type": "Inner","Startup Cost": 2.84,"Total Cost": 8414.26,"Plan Rows": 3756,"Plan Width": 116,"Actual Startup Time": 0.447,"Actual Total Time": 445.574,"Actual Rows": 15099,"Actual Loops": 3,"Inner Unique": false,"Workers": [],"Plans": [{"Node Type": "Hash Join","Parent Relationship": "Outer","Parallel Aware": false,"Async Capable": false,"Join Type": "Inner","Startup Cost": 2.41,"Total Cost": 4471.79,"Plan Rows": 2500,"Plan Width": 116,"Actual Startup Time": 0.261,"Actual Total Time": 54.435,"Actual Rows": 9984,"Actual Loops": 3,"Inner Unique": false,"Hash Cond": "(customer.c_nationkey = nation.n_nationkey)","Workers": [],"Plans": [{"Node Type": "Seq Scan","Parent Relationship": "Outer","Parallel Aware": true,"Async Capable": false,"Relation Name": "customer","Alias": "customer","Startup Cost": 0.00,"Total Cost": 4210.00,"Plan Rows": 62500,"Plan Width": 8,"Actual Startup Time": 0.020,"Actual Total Time": 9.427,"Actual Rows": 50000,"Actual Loops": 3,"Workers": []},{"Node Type": "Hash","Parent Relationship": "Inner","Parallel Aware": false,"Async Capable": false,"Startup Cost": 2.40,"Total Cost": 2.40,"Plan Rows": 1,"Plan Width": 108,"Actual Startup Time": 0.147,"Actual Total Time": 0.168,"Actual Rows": 5,"Actual Loops": 3,"Hash Buckets": 1024,"Original Hash Buckets": 1024,"Hash Batches": 1,"Original Hash Batches": 1,"Peak Memory Usage": 9,"Workers": [],"Plans": [{"Node Type": "Hash Join","Parent Relationship": "Outer","Parallel Aware": false,"Async Capable": false,"Join Type": "Inner","Startup Cost": 1.07,"Total Cost": 2.40,"Plan Rows": 1,"Plan Width": 108,"Actual Startup Time": 0.132,"Actual Total Time": 0.158,"Actual Rows": 5,"Actual Loops": 3,"Inner Unique": true,"Hash Cond": "(nation.n_regionkey = region.r_regionkey)","Workers": [],"Plans": [{"Node Type": "Seq Scan","Parent Relationship": "Outer","Parallel Aware": false,"Async Capable": false,"Relation Name": "nation","Alias": "nation","Startup Cost": 0.00,"Total Cost": 1.25,"Plan Rows": 25,"Plan Width": 112,"Actual Startup Time": 0.053,"Actual Total Time": 0.057,"Actual Rows": 25,"Actual Loops": 3,"Workers": []},{"Node Type": "Hash","Parent Relationship": "Inner","Parallel Aware": false,"Async Capable": false,"Startup Cost": 1.06,"Total Cost": 1.06,"Plan Rows": 1,"Plan Width": 4,"Actual Startup Time": 0.054,"Actual Total Time": 0.061,"Actual Rows": 1,"Actual Loops": 3,"Hash Buckets": 1024,"Original Hash Buckets": 1024,"Hash Batches": 1,"Original Hash Batches": 1,"Peak Memory Usage": 9,"Workers": [],"Plans": [{"Node Type": "Seq Scan","Parent Relationship": "Outer","Parallel Aware": false,"Async Capable": false,"Relation Name": "region","Alias": "region","Startup Cost": 0.00,"Total Cost": 1.06,"Plan Rows": 1,"Plan Width": 4,"Actual Startup Time": 0.037,"Actual Total Time": 0.039,"Actual Rows": 1,"Actual Loops": 3,"Filter": "(r_name = 'AMERICA'::bpchar)","Rows Removed by Filter": 4,"Workers": []}]}]}]}]},{"Node Type": "Index Scan","Parent Relationship": "Inner","Parallel Aware": false,"Async Capable": false,"Scan Direction": "Forward","Index Name": "idx_orders_custkey","Relation Name": "orders","Alias": "orders","Startup Cost": 0.43,"Total Cost": 1.55,"Plan Rows": 3,"Plan Width": 8,"Actual Startup Time": 0.016,"Actual Total Time": 0.039,"Actual Rows": 2,"Actual Loops": 29952,"Index Cond": "(o_custkey = customer.c_custkey)","Rows Removed by Index Recheck": 0,"Filter": "((o_orderdate >= '1993-01-01'::date) AND (o_orderdate < '1994-01-01 00:00:00'::timestamp without time zone))","Rows Removed by Filter": 8,"Workers": []}]},{"Node Type": "Index Scan","Parent Relationship": "Inner","Parallel Aware": false,"Async Capable": false,"Scan Direction": "Forward","Index Name": "idx_lineitem_orderkey","Relation Name": "lineitem","Alias": "lineitem","Startup Cost": 0.43,"Total Cost": 2.90,"Plan Rows": 17,"Plan Width": 20,"Actual Startup Time": 0.017,"Actual Total Time": 0.019,"Actual Rows": 4,"Actual Loops": 45297,"Index Cond": "(l_orderkey = orders.o_orderkey)","Rows Removed by Index Recheck": 0,"Workers": []}]},{"Node Type": "Hash","Parent Relationship": "Inner","Parallel Aware": false,"Async Capable": false,"Startup Cost": 322.00,"Total Cost": 322.00,"Plan Rows": 10000,"Plan Width": 8,"Actual Startup Time": 12.653,"Actual Total Time": 12.656,"Actual Rows": 10000,"Actual Loops": 3,"Hash Buckets": 16384,"Original Hash Buckets": 16384,"Hash Batches": 1,"Original Hash Batches": 1,"Peak Memory Usage": 519,"Workers": [],"Plans": [{"Node Type": "Seq Scan","Parent Relationship": "Outer","Parallel Aware": false,"Async Capable": false,"Relation Name": "supplier","Alias": "supplier","Startup Cost": 0.00,"Total Cost": 322.00,"Plan Rows": 10000,"Plan Width": 8,"Actual Startup Time": 0.038,"Actual Total Time": 10.961,"Actual Rows": 10000,"Actual Loops": 3,"Workers": []}]}]}]}]}]}]}]},"Planning Time": 9.512,"Triggers": [],"Execution Time": 833.531}]
[{"Plan": {"Node Type": "Sort","Parallel Aware": false,"Async Capable": false,"Startup Cost": 21616.39,"Total Cost": 21616.45,"Plan Rows": 25,"Plan Width": 136,"Actual Startup Time": 802.725,"Actual Total Time": 834.940,"Actual Rows": 5,"Actual Loops": 1,"Sort Key": ["(sum((lineitem.l_extendedprice * ('1'::numeric - lineitem.l_discount)))) DESC"],"Sort Method": "quicksort","Sort Space Used": 25,"Sort Space Type": "Memory","Plans": [{"Node Type": "Aggregate","Strategy": "Sorted","Partial Mode": "Finalize","Parent Relationship": "Outer","Parallel Aware": false,"Async Capable": false,"Startup Cost": 21601.33,"Total Cost": 21615.81,"Plan Rows": 25,"Plan Width": 136,"Actual Startup Time": 802.089,"Actual Total Time": 834.889,"Actual Rows": 5,"Actual Loops": 1,"Group Key": ["nation.n_name"],"Plans": [{"Node Type": "Gather Merge","Parent Relationship": "Outer","Parallel Aware": false,"Async Capable": false,"Startup Cost": 21601.33,"Total Cost": 21615.12,"Plan Rows": 50,"Plan Width": 136,"Actual Startup Time": 801.869,"Actual Total Time": 834.838,"Actual Rows": 15,"Actual Loops": 1,"Workers Planned": 2,"Workers Launched": 2,"Plans": [{"Node Type": "Aggregate","Strategy": "Sorted","Partial Mode": "Partial","Parent Relationship": "Outer","Parallel Aware": false,"Async Capable": false,"Startup Cost": 20601.30,"Total Cost": 20609.33,"Plan Rows": 25,"Plan Width": 136,"Actual Startup Time": 794.218,"Actual Total Time": 794.940,"Actual Rows": 5,"Actual Loops": 3,"Group Key": ["nation.n_name"],"Workers": [],"Plans": [{"Node Type": "Sort","Parent Relationship": "Outer","Parallel Aware": false,"Async Capable": false,"Startup Cost": 20601.30,"Total Cost": 20602.85,"Plan Rows": 617,"Plan Width": 116,"Actual Startup Time": 793.996,"Actual Total Time": 794.120,"Actual Rows": 2469,"Actual Loops": 3,"Sort Key": ["nation.n_name"],"Sort Method": "quicksort","Sort Space Used": 296,"Sort Space Type": "Memory","Workers": [{"Worker Number": 0,"Sort Method": "quicksort","Sort Space Used": 284,"Sort Space Type": "Memory"},{"Worker Number": 1,"Sort Method": "quicksort","Sort Space Used": 288,"Sort Space Type": "Memory"}],"Plans": [{"Node Type": "Hash Join","Parent Relationship": "Outer","Parallel Aware": false,"Async Capable": false,"Join Type": "Inner","Startup Cost": 475.27,"Total Cost": 20572.71,"Plan Rows": 617,"Plan Width": 116,"Actual Startup Time": 14.848,"Actual Total Time": 792.432,"Actual Rows": 2469,"Actual Loops": 3,"Inner Unique": true,"Hash Cond": "((lineitem.l_suppkey = supplier.s_suppkey) AND (customer.c_nationkey = supplier.s_nationkey))","Workers": [],"Plans": [{"Node Type": "Nested Loop","Parent Relationship": "Outer","Parallel Aware": false,"Async Capable": false,"Join Type": "Inner","Startup Cost": 3.27,"Total Cost": 20019.70,"Plan Rows": 15431,"Plan Width": 128,"Actual Startup Time": 0.724,"Actual Total Time": 746.203,"Actual Rows": 60646,"Actual Loops": 3,"Inner Unique": false,"Workers": [],"Plans": [{"Node Type": "Nested Loop","Parent Relationship": "Outer","Parallel Aware": false,"Async Capable": false,"Join Type": "Inner","Startup Cost": 2.84,"Total Cost": 8414.26,"Plan Rows": 3857,"Plan Width": 116,"Actual Startup Time": 0.603,"Actual Total Time": 446.704,"Actual Rows": 15077,"Actual Loops": 3,"Inner Unique": false,"Workers": [],"Plans": [{"Node Type": "Hash Join","Parent Relationship": "Outer","Parallel Aware": false,"Async Capable": false,"Join Type": "Inner","Startup Cost": 2.41,"Total Cost": 4471.79,"Plan Rows": 2500,"Plan Width": 116,"Actual Startup Time": 0.232,"Actual Total Time": 54.148,"Actual Rows": 9968,"Actual Loops": 3,"Inner Unique": false,"Hash Cond": "(customer.c_nationkey = nation.n_nationkey)","Workers": [],"Plans": [{"Node Type": "Seq Scan","Parent Relationship": "Outer","Parallel Aware": true,"Async Capable": false,"Relation Name": "customer","Alias": "customer","Startup Cost": 0.00,"Total Cost": 4210.00,"Plan Rows": 62500,"Plan Width": 8,"Actual Startup Time": 0.016,"Actual Total Time": 9.432,"Actual Rows": 50000,"Actual Loops": 3,"Workers": []},{"Node Type": "Hash","Parent Relationship": "Inner","Parallel Aware": false,"Async Capable": false,"Startup Cost": 2.40,"Total Cost": 2.40,"Plan Rows": 1,"Plan Width": 108,"Actual Startup Time": 0.135,"Actual Total Time": 0.148,"Actual Rows": 5,"Actual Loops": 3,"Hash Buckets": 1024,"Original Hash Buckets": 1024,"Hash Batches": 1,"Original Hash Batches": 1,"Peak Memory Usage": 9,"Workers": [],"Plans": [{"Node Type": "Hash Join","Parent Relationship": "Outer","Parallel Aware": false,"Async Capable": false,"Join Type": "Inner","Startup Cost": 1.07,"Total Cost": 2.40,"Plan Rows": 1,"Plan Width": 108,"Actual Startup Time": 0.120,"Actual Total Time": 0.140,"Actual Rows": 5,"Actual Loops": 3,"Inner Unique": true,"Hash Cond": "(nation.n_regionkey = region.r_regionkey)","Workers": [],"Plans": [{"Node Type": "Seq Scan","Parent Relationship": "Outer","Parallel Aware": false,"Async Capable": false,"Relation Name": "nation","Alias": "nation","Startup Cost": 0.00,"Total Cost": 1.25,"Plan Rows": 25,"Plan Width": 112,"Actual Startup Time": 0.048,"Actual Total Time": 0.052,"Actual Rows": 25,"Actual Loops": 3,"Workers": []},{"Node Type": "Hash","Parent Relationship": "Inner","Parallel Aware": false,"Async Capable": false,"Startup Cost": 1.06,"Total Cost": 1.06,"Plan Rows": 1,"Plan Width": 4,"Actual Startup Time": 0.046,"Actual Total Time": 0.050,"Actual Rows": 1,"Actual Loops": 3,"Hash Buckets": 1024,"Original Hash Buckets": 1024,"Hash Batches": 1,"Original Hash Batches": 1,"Peak Memory Usage": 9,"Workers": [],"Plans": [{"Node Type": "Seq Scan","Parent Relationship": "Outer","Parallel Aware": false,"Async Capable": false,"Relation Name": "region","Alias": "region","Startup Cost": 0.00,"Total Cost": 1.06,"Plan Rows": 1,"Plan Width": 4,"Actual Startup Time": 0.033,"Actual Total Time": 0.035,"Actual Rows": 1,"Actual Loops": 3,"Filter": "(r_name = 'MIDDLE EAST'::bpchar)","Rows Removed by Filter": 4,"Workers": []}]}]}]}]},{"Node Type": "Index Scan","Parent Relationship": "Inner","Parallel Aware": false,"Async Capable": false,"Scan Direction": "Forward","Index Name": "idx_orders_custkey","Relation Name": "orders","Alias": "orders","Startup Cost": 0.43,"Total Cost": 1.55,"Plan Rows": 3,"Plan Width": 8,"Actual Startup Time": 0.017,"Actual Total Time": 0.039,"Actual Rows": 2,"Actual Loops": 29904,"Index Cond": "(o_custkey = customer.c_custkey)","Rows Removed by Index Recheck": 0,"Filter": "((o_orderdate >= '1996-01-01'::date) AND (o_orderdate < '1997-01-01 00:00:00'::timestamp without time zone))","Rows Removed by Filter": 8,"Workers": []}]},{"Node Type": "Index Scan","Parent Relationship": "Inner","Parallel Aware": false,"Async Capable": false,"Scan Direction": "Forward","Index Name": "idx_lineitem_orderkey","Relation Name": "lineitem","Alias": "lineitem","Startup Cost": 0.43,"Total Cost": 2.84,"Plan Rows": 17,"Plan Width": 20,"Actual Startup Time": 0.016,"Actual Total Time": 0.019,"Actual Rows": 4,"Actual Loops": 45231,"Index Cond": "(l_orderkey = orders.o_orderkey)","Rows Removed by Index Recheck": 0,"Workers": []}]},{"Node Type": "Hash","Parent Relationship": "Inner","Parallel Aware": false,"Async Capable": false,"Startup Cost": 322.00,"Total Cost": 322.00,"Plan Rows": 10000,"Plan Width": 8,"Actual Startup Time": 13.111,"Actual Total Time": 13.116,"Actual Rows": 10000,"Actual Loops": 3,"Hash Buckets": 16384,"Original Hash Buckets": 16384,"Hash Batches": 1,"Original Hash Batches": 1,"Peak Memory Usage": 519,"Workers": [],"Plans": [{"Node Type": "Seq Scan","Parent Relationship": "Outer","Parallel Aware": false,"Async Capable": false,"Relation Name": "supplier","Alias": "supplier","Startup Cost": 0.00,"Total Cost": 322.00,"Plan Rows": 10000,"Plan Width": 8,"Actual Startup Time": 0.041,"Actual Total Time": 11.446,"Actual Rows": 10000,"Actual Loops": 3,"Workers": []}]}]}]}]}]}]}]},"Planning Time": 10.334,"Triggers": [],"Execution Time": 835.373}]
[{"Plan": {"Node Type": "Sort","Parallel Aware": false,"Async Capable": false,"Startup Cost": 21616.39,"Total Cost": 21616.45,"Plan Rows": 25,"Plan Width": 136,"Actual Startup Time": 800.578,"Actual Total Time": 832.005,"Actual Rows": 5,"Actual Loops": 1,"Sort Key": ["(sum((lineitem.l_extendedprice * ('1'::numeric - lineitem.l_discount)))) DESC"],"Sort Method": "quicksort","Sort Space Used": 25,"Sort Space Type": "Memory","Plans": [{"Node Type": "Aggregate","Strategy": "Sorted","Partial Mode": "Finalize","Parent Relationship": "Outer","Parallel Aware": false,"Async Capable": false,"Startup Cost": 21601.33,"Total Cost": 21615.81,"Plan Rows": 25,"Plan Width": 136,"Actual Startup Time": 800.055,"Actual Total Time": 831.951,"Actual Rows": 5,"Actual Loops": 1,"Group Key": ["nation.n_name"],"Plans": [{"Node Type": "Gather Merge","Parent Relationship": "Outer","Parallel Aware": false,"Async Capable": false,"Startup Cost": 21601.33,"Total Cost": 21615.12,"Plan Rows": 50,"Plan Width": 136,"Actual Startup Time": 799.526,"Actual Total Time": 831.902,"Actual Rows": 15,"Actual Loops": 1,"Workers Planned": 2,"Workers Launched": 2,"Plans": [{"Node Type": "Aggregate","Strategy": "Sorted","Partial Mode": "Partial","Parent Relationship": "Outer","Parallel Aware": false,"Async Capable": false,"Startup Cost": 20601.30,"Total Cost": 20609.33,"Plan Rows": 25,"Plan Width": 136,"Actual Startup Time": 791.250,"Actual Total Time": 792.033,"Actual Rows": 5,"Actual Loops": 3,"Group Key": ["nation.n_name"],"Workers": [],"Plans": [{"Node Type": "Sort","Parent Relationship": "Outer","Parallel Aware": false,"Async Capable": false,"Startup Cost": 20601.30,"Total Cost": 20602.85,"Plan Rows": 617,"Plan Width": 116,"Actual Startup Time": 791.028,"Actual Total Time": 791.162,"Actual Rows": 2347,"Actual Loops": 3,"Sort Key": ["nation.n_name"],"Sort Method": "quicksort","Sort Space Used": 275,"Sort Space Type": "Memory","Workers": [{"Worker Number": 0,"Sort Method": "quicksort","Sort Space Used": 280,"Sort Space Type": "Memory"},{"Worker Number": 1,"Sort Method": "quicksort","Sort Space Used": 284,"Sort Space Type": "Memory"}],"Plans": [{"Node Type": "Hash Join","Parent Relationship": "Outer","Parallel Aware": false,"Async Capable": false,"Join Type": "Inner","Startup Cost": 475.27,"Total Cost": 20572.71,"Plan Rows": 617,"Plan Width": 116,"Actual Startup Time": 14.089,"Actual Total Time": 789.451,"Actual Rows": 2347,"Actual Loops": 3,"Inner Unique": true,"Hash Cond": "((lineitem.l_suppkey = supplier.s_suppkey) AND (customer.c_nationkey = supplier.s_nationkey))","Workers": [],"Plans": [{"Node Type": "Nested Loop","Parent Relationship": "Outer","Parallel Aware": false,"Async Capable": false,"Join Type": "Inner","Startup Cost": 3.27,"Total Cost": 20019.70,"Plan Rows": 15431,"Plan Width": 128,"Actual Startup Time": 0.813,"Actual Total Time": 745.242,"Actual Rows": 60682,"Actual Loops": 3,"Inner Unique": false,"Workers": [],"Plans": [{"Node Type": "Nested Loop","Parent Relationship": "Outer","Parallel Aware": false,"Async Capable": false,"Join Type": "Inner","Startup Cost": 2.84,"Total Cost": 8414.26,"Plan Rows": 3857,"Plan Width": 116,"Actual Startup Time": 0.648,"Actual Total Time": 445.539,"Actual Rows": 15117,"Actual Loops": 3,"Inner Unique": false,"Workers": [],"Plans": [{"Node Type": "Hash Join","Parent Relationship": "Outer","Parallel Aware": false,"Async Capable": false,"Join Type": "Inner","Startup Cost": 2.41,"Total Cost": 4471.79,"Plan Rows": 2500,"Plan Width": 116,"Actual Startup Time": 0.286,"Actual Total Time": 54.286,"Actual Rows": 9921,"Actual Loops": 3,"Inner Unique": false,"Hash Cond": "(customer.c_nationkey = nation.n_nationkey)","Workers": [],"Plans": [{"Node Type": "Seq Scan","Parent Relationship": "Outer","Parallel Aware": true,"Async Capable": false,"Relation Name": "customer","Alias": "customer","Startup Cost": 0.00,"Total Cost": 4210.00,"Plan Rows": 62500,"Plan Width": 8,"Actual Startup Time": 0.020,"Actual Total Time": 9.492,"Actual Rows": 50000,"Actual Loops": 3,"Workers": []},{"Node Type": "Hash","Parent Relationship": "Inner","Parallel Aware": false,"Async Capable": false,"Startup Cost": 2.40,"Total Cost": 2.40,"Plan Rows": 1,"Plan Width": 108,"Actual Startup Time": 0.159,"Actual Total Time": 0.178,"Actual Rows": 5,"Actual Loops": 3,"Hash Buckets": 1024,"Original Hash Buckets": 1024,"Hash Batches": 1,"Original Hash Batches": 1,"Peak Memory Usage": 9,"Workers": [],"Plans": [{"Node Type": "Hash Join","Parent Relationship": "Outer","Parallel Aware": false,"Async Capable": false,"Join Type": "Inner","Startup Cost": 1.07,"Total Cost": 2.40,"Plan Rows": 1,"Plan Width": 108,"Actual Startup Time": 0.141,"Actual Total Time": 0.166,"Actual Rows": 5,"Actual Loops": 3,"Inner Unique": true,"Hash Cond": "(nation.n_regionkey = region.r_regionkey)","Workers": [],"Plans": [{"Node Type": "Seq Scan","Parent Relationship": "Outer","Parallel Aware": false,"Async Capable": false,"Relation Name": "nation","Alias": "nation","Startup Cost": 0.00,"Total Cost": 1.25,"Plan Rows": 25,"Plan Width": 112,"Actual Startup Time": 0.054,"Actual Total Time": 0.058,"Actual Rows": 25,"Actual Loops": 3,"Workers": []},{"Node Type": "Hash","Parent Relationship": "Inner","Parallel Aware": false,"Async Capable": false,"Startup Cost": 1.06,"Total Cost": 1.06,"Plan Rows": 1,"Plan Width": 4,"Actual Startup Time": 0.057,"Actual Total Time": 0.062,"Actual Rows": 1,"Actual Loops": 3,"Hash Buckets": 1024,"Original Hash Buckets": 1024,"Hash Batches": 1,"Original Hash Batches": 1,"Peak Memory Usage": 9,"Workers": [],"Plans": [{"Node Type": "Seq Scan","Parent Relationship": "Outer","Parallel Aware": false,"Async Capable": false,"Relation Name": "region","Alias": "region","Startup Cost": 0.00,"Total Cost": 1.06,"Plan Rows": 1,"Plan Width": 4,"Actual Startup Time": 0.040,"Actual Total Time": 0.042,"Actual Rows": 1,"Actual Loops": 3,"Filter": "(r_name = 'AFRICA'::bpchar)","Rows Removed by Filter": 4,"Workers": []}]}]}]}]},{"Node Type": "Index Scan","Parent Relationship": "Inner","Parallel Aware": false,"Async Capable": false,"Scan Direction": "Forward","Index Name": "idx_orders_custkey","Relation Name": "orders","Alias": "orders","Startup Cost": 0.43,"Total Cost": 1.55,"Plan Rows": 3,"Plan Width": 8,"Actual Startup Time": 0.017,"Actual Total Time": 0.039,"Actual Rows": 2,"Actual Loops": 29764,"Index Cond": "(o_custkey = customer.c_custkey)","Rows Removed by Index Recheck": 0,"Filter": "((o_orderdate >= '1996-01-01'::date) AND (o_orderdate < '1997-01-01 00:00:00'::timestamp without time zone))","Rows Removed by Filter": 9,"Workers": []}]},{"Node Type": "Index Scan","Parent Relationship": "Inner","Parallel Aware": false,"Async Capable": false,"Scan Direction": "Forward","Index Name": "idx_lineitem_orderkey","Relation Name": "lineitem","Alias": "lineitem","Startup Cost": 0.43,"Total Cost": 2.84,"Plan Rows": 17,"Plan Width": 20,"Actual Startup Time": 0.016,"Actual Total Time": 0.019,"Actual Rows": 4,"Actual Loops": 45352,"Index Cond": "(l_orderkey = orders.o_orderkey)","Rows Removed by Index Recheck": 0,"Workers": []}]},{"Node Type": "Hash","Parent Relationship": "Inner","Parallel Aware": false,"Async Capable": false,"Startup Cost": 322.00,"Total Cost": 322.00,"Plan Rows": 10000,"Plan Width": 8,"Actual Startup Time": 12.144,"Actual Total Time": 12.150,"Actual Rows": 10000,"Actual Loops": 3,"Hash Buckets": 16384,"Original Hash Buckets": 16384,"Hash Batches": 1,"Original Hash Batches": 1,"Peak Memory Usage": 519,"Workers": [],"Plans": [{"Node Type": "Seq Scan","Parent Relationship": "Outer","Parallel Aware": false,"Async Capable": false,"Relation Name": "supplier","Alias": "supplier","Startup Cost": 0.00,"Total Cost": 322.00,"Plan Rows": 10000,"Plan Width": 8,"Actual Startup Time": 0.040,"Actual Total Time": 10.535,"Actual Rows": 10000,"Actual Loops": 3,"Workers": []}]}]}]}]}]}]}]},"Planning Time": 10.511,"Triggers": [],"Execution Time": 832.422}]
[{"Plan": {"Node Type": "Sort","Parallel Aware": false,"Async Capable": false,"Startup Cost": 21616.39,"Total Cost": 21616.45,"Plan Rows": 25,"Plan Width": 136,"Actual Startup Time": 848.991,"Actual Total Time": 881.316,"Actual Rows": 5,"Actual Loops": 1,"Sort Key": ["(sum((lineitem.l_extendedprice * ('1'::numeric - lineitem.l_discount)))) DESC"],"Sort Method": "quicksort","Sort Space Used": 25,"Sort Space Type": "Memory","Plans": [{"Node Type": "Aggregate","Strategy": "Sorted","Partial Mode": "Finalize","Parent Relationship": "Outer","Parallel Aware": false,"Async Capable": false,"Startup Cost": 21601.33,"Total Cost": 21615.81,"Plan Rows": 25,"Plan Width": 136,"Actual Startup Time": 848.402,"Actual Total Time": 881.262,"Actual Rows": 5,"Actual Loops": 1,"Group Key": ["nation.n_name"],"Plans": [{"Node Type": "Gather Merge","Parent Relationship": "Outer","Parallel Aware": false,"Async Capable": false,"Startup Cost": 21601.33,"Total Cost": 21615.12,"Plan Rows": 50,"Plan Width": 136,"Actual Startup Time": 848.176,"Actual Total Time": 881.211,"Actual Rows": 15,"Actual Loops": 1,"Workers Planned": 2,"Workers Launched": 2,"Plans": [{"Node Type": "Aggregate","Strategy": "Sorted","Partial Mode": "Partial","Parent Relationship": "Outer","Parallel Aware": false,"Async Capable": false,"Startup Cost": 20601.30,"Total Cost": 20609.33,"Plan Rows": 25,"Plan Width": 136,"Actual Startup Time": 841.096,"Actual Total Time": 841.805,"Actual Rows": 5,"Actual Loops": 3,"Group Key": ["nation.n_name"],"Workers": [],"Plans": [{"Node Type": "Sort","Parent Relationship": "Outer","Parallel Aware": false,"Async Capable": false,"Startup Cost": 20601.30,"Total Cost": 20602.85,"Plan Rows": 617,"Plan Width": 116,"Actual Startup Time": 840.878,"Actual Total Time": 841.005,"Actual Rows": 2453,"Actual Loops": 3,"Sort Key": ["nation.n_name"],"Sort Method": "quicksort","Sort Space Used": 289,"Sort Space Type": "Memory","Workers": [{"Worker Number": 0,"Sort Method": "quicksort","Sort Space Used": 295,"Sort Space Type": "Memory"},{"Worker Number": 1,"Sort Method": "quicksort","Sort Space Used": 281,"Sort Space Type": "Memory"}],"Plans": [{"Node Type": "Hash Join","Parent Relationship": "Outer","Parallel Aware": false,"Async Capable": false,"Join Type": "Inner","Startup Cost": 475.27,"Total Cost": 20572.71,"Plan Rows": 617,"Plan Width": 116,"Actual Startup Time": 10.379,"Actual Total Time": 839.260,"Actual Rows": 2453,"Actual Loops": 3,"Inner Unique": true,"Hash Cond": "((lineitem.l_suppkey = supplier.s_suppkey) AND (customer.c_nationkey = supplier.s_nationkey))","Workers": [],"Plans": [{"Node Type": "Nested Loop","Parent Relationship": "Outer","Parallel Aware": false,"Async Capable": false,"Join Type": "Inner","Startup Cost": 3.27,"Total Cost": 20019.70,"Plan Rows": 15431,"Plan Width": 128,"Actual Startup Time": 0.539,"Actual Total Time": 793.839,"Actual Rows": 61906,"Actual Loops": 3,"Inner Unique": false,"Workers": [],"Plans": [{"Node Type": "Nested Loop","Parent Relationship": "Outer","Parallel Aware": false,"Async Capable": false,"Join Type": "Inner","Startup Cost": 2.84,"Total Cost": 8414.26,"Plan Rows": 3857,"Plan Width": 116,"Actual Startup Time": 0.431,"Actual Total Time": 473.927,"Actual Rows": 15506,"Actual Loops": 3,"Inner Unique": false,"Workers": [],"Plans": [{"Node Type": "Hash Join","Parent Relationship": "Outer","Parallel Aware": false,"Async Capable": false,"Join Type": "Inner","Startup Cost": 2.41,"Total Cost": 4471.79,"Plan Rows": 2500,"Plan Width": 116,"Actual Startup Time": 0.234,"Actual Total Time": 55.451,"Actual Rows": 10066,"Actual Loops": 3,"Inner Unique": false,"Hash Cond": "(customer.c_nationkey = nation.n_nationkey)","Workers": [],"Plans": [{"Node Type": "Seq Scan","Parent Relationship": "Outer","Parallel Aware": true,"Async Capable": false,"Relation Name": "customer","Alias": "customer","Startup Cost": 0.00,"Total Cost": 4210.00,"Plan Rows": 62500,"Plan Width": 8,"Actual Startup Time": 0.019,"Actual Total Time": 9.720,"Actual Rows": 50000,"Actual Loops": 3,"Workers": []},{"Node Type": "Hash","Parent Relationship": "Inner","Parallel Aware": false,"Async Capable": false,"Startup Cost": 2.40,"Total Cost": 2.40,"Plan Rows": 1,"Plan Width": 108,"Actual Startup Time": 0.128,"Actual Total Time": 0.148,"Actual Rows": 5,"Actual Loops": 3,"Hash Buckets": 1024,"Original Hash Buckets": 1024,"Hash Batches": 1,"Original Hash Batches": 1,"Peak Memory Usage": 9,"Workers": [],"Plans": [{"Node Type": "Hash Join","Parent Relationship": "Outer","Parallel Aware": false,"Async Capable": false,"Join Type": "Inner","Startup Cost": 1.07,"Total Cost": 2.40,"Plan Rows": 1,"Plan Width": 108,"Actual Startup Time": 0.115,"Actual Total Time": 0.137,"Actual Rows": 5,"Actual Loops": 3,"Inner Unique": true,"Hash Cond": "(nation.n_regionkey = region.r_regionkey)","Workers": [],"Plans": [{"Node Type": "Seq Scan","Parent Relationship": "Outer","Parallel Aware": false,"Async Capable": false,"Relation Name": "nation","Alias": "nation","Startup Cost": 0.00,"Total Cost": 1.25,"Plan Rows": 25,"Plan Width": 112,"Actual Startup Time": 0.040,"Actual Total Time": 0.044,"Actual Rows": 25,"Actual Loops": 3,"Workers": []},{"Node Type": "Hash","Parent Relationship": "Inner","Parallel Aware": false,"Async Capable": false,"Startup Cost": 1.06,"Total Cost": 1.06,"Plan Rows": 1,"Plan Width": 4,"Actual Startup Time": 0.046,"Actual Total Time": 0.051,"Actual Rows": 1,"Actual Loops": 3,"Hash Buckets": 1024,"Original Hash Buckets": 1024,"Hash Batches": 1,"Original Hash Batches": 1,"Peak Memory Usage": 9,"Workers": [],"Plans": [{"Node Type": "Seq Scan","Parent Relationship": "Outer","Parallel Aware": false,"Async Capable": false,"Relation Name": "region","Alias": "region","Startup Cost": 0.00,"Total Cost": 1.06,"Plan Rows": 1,"Plan Width": 4,"Actual Startup Time": 0.033,"Actual Total Time": 0.034,"Actual Rows": 1,"Actual Loops": 3,"Filter": "(r_name = 'EUROPE'::bpchar)","Rows Removed by Filter": 4,"Workers": []}]}]}]}]},{"Node Type": "Index Scan","Parent Relationship": "Inner","Parallel Aware": false,"Async Capable": false,"Scan Direction": "Forward","Index Name": "idx_orders_custkey","Relation Name": "orders","Alias": "orders","Startup Cost": 0.43,"Total Cost": 1.55,"Plan Rows": 3,"Plan Width": 8,"Actual Startup Time": 0.017,"Actual Total Time": 0.041,"Actual Rows": 2,"Actual Loops": 30197,"Index Cond": "(o_custkey = customer.c_custkey)","Rows Removed by Index Recheck": 0,"Filter": "((o_orderdate >= '1996-01-01'::date) AND (o_orderdate < '1997-01-01 00:00:00'::timestamp without time zone))","Rows Removed by Filter": 9,"Workers": []}]},{"Node Type": "Index Scan","Parent Relationship": "Inner","Parallel Aware": false,"Async Capable": false,"Scan Direction": "Forward","Index Name": "idx_lineitem_orderkey","Relation Name": "lineitem","Alias": "lineitem","Startup Cost": 0.43,"Total Cost": 2.84,"Plan Rows": 17,"Plan Width": 20,"Actual Startup Time": 0.017,"Actual Total Time": 0.020,"Actual Rows": 4,"Actual Loops": 46518,"Index Cond": "(l_orderkey = orders.o_orderkey)","Rows Removed by Index Recheck": 0,"Workers": []}]},{"Node Type": "Hash","Parent Relationship": "Inner","Parallel Aware": false,"Async Capable": false,"Startup Cost": 322.00,"Total Cost": 322.00,"Plan Rows": 10000,"Plan Width": 8,"Actual Startup Time": 8.337,"Actual Total Time": 8.340,"Actual Rows": 10000,"Actual Loops": 3,"Hash Buckets": 16384,"Original Hash Buckets": 16384,"Hash Batches": 1,"Original Hash Batches": 1,"Peak Memory Usage": 519,"Workers": [],"Plans": [{"Node Type": "Seq Scan","Parent Relationship": "Outer","Parallel Aware": false,"Async Capable": false,"Relation Name": "supplier","Alias": "supplier","Startup Cost": 0.00,"Total Cost": 322.00,"Plan Rows": 10000,"Plan Width": 8,"Actual Startup Time": 0.039,"Actual Total Time": 6.479,"Actual Rows": 10000,"Actual Loops": 3,"Workers": []}]}]}]}]}]}]}]},"Planning Time": 9.377,"Triggers": [],"Execution Time": 881.912}]
[{"Plan": {"Node Type": "Sort","Parallel Aware": false,"Async Capable": false,"Startup Cost": 21565.24,"Total Cost": 21565.30,"Plan Rows": 25,"Plan Width": 136,"Actual Startup Time": 829.883,"Actual Total Time": 862.581,"Actual Rows": 5,"Actual Loops": 1,"Sort Key": ["(sum((lineitem.l_extendedprice * ('1'::numeric - lineitem.l_discount)))) DESC"],"Sort Method": "quicksort","Sort Space Used": 25,"Sort Space Type": "Memory","Plans": [{"Node Type": "Aggregate","Strategy": "Sorted","Partial Mode": "Finalize","Parent Relationship": "Outer","Parallel Aware": false,"Async Capable": false,"Startup Cost": 21550.29,"Total Cost": 21564.66,"Plan Rows": 25,"Plan Width": 136,"Actual Startup Time": 829.271,"Actual Total Time": 862.532,"Actual Rows": 5,"Actual Loops": 1,"Group Key": ["nation.n_name"],"Plans": [{"Node Type": "Gather Merge","Parent Relationship": "Outer","Parallel Aware": false,"Async Capable": false,"Startup Cost": 21550.29,"Total Cost": 21563.97,"Plan Rows": 50,"Plan Width": 136,"Actual Startup Time": 829.074,"Actual Total Time": 862.478,"Actual Rows": 15,"Actual Loops": 1,"Workers Planned": 2,"Workers Launched": 2,"Plans": [{"Node Type": "Aggregate","Strategy": "Sorted","Partial Mode": "Partial","Parent Relationship": "Outer","Parallel Aware": false,"Async Capable": false,"Startup Cost": 20550.26,"Total Cost": 20558.18,"Plan Rows": 25,"Plan Width": 136,"Actual Startup Time": 821.816,"Actual Total Time": 822.538,"Actual Rows": 5,"Actual Loops": 3,"Group Key": ["nation.n_name"],"Workers": [],"Plans": [{"Node Type": "Sort","Parent Relationship": "Outer","Parallel Aware": false,"Async Capable": false,"Startup Cost": 20550.26,"Total Cost": 20551.78,"Plan Rows": 608,"Plan Width": 116,"Actual Startup Time": 821.604,"Actual Total Time": 821.730,"Actual Rows": 2468,"Actual Loops": 3,"Sort Key": ["nation.n_name"],"Sort Method": "quicksort","Sort Space Used": 285,"Sort Space Type": "Memory","Workers": [{"Worker Number": 0,"Sort Method": "quicksort","Sort Space Used": 293,"Sort Space Type": "Memory"},{"Worker Number": 1,"Sort Method": "quicksort","Sort Space Used": 290,"Sort Space Type": "Memory"}],"Plans": [{"Node Type": "Hash Join","Parent Relationship": "Outer","Parallel Aware": false,"Async Capable": false,"Join Type": "Inner","Startup Cost": 475.27,"Total Cost": 20522.15,"Plan Rows": 608,"Plan Width": 116,"Actual Startup Time": 10.349,"Actual Total Time": 819.988,"Actual Rows": 2468,"Actual Loops": 3,"Inner Unique": true,"Hash Cond": "((lineitem.l_suppkey = supplier.s_suppkey) AND (customer.c_nationkey = supplier.s_nationkey))","Workers": [],"Plans": [{"Node Type": "Nested Loop","Parent Relationship": "Outer","Parallel Aware": false,"Async Capable": false,"Join Type": "Inner","Startup Cost": 3.27,"Total Cost": 19970.29,"Plan Rows": 15211,"Plan Width": 128,"Actual Startup Time": 0.787,"Actual Total Time": 773.951,"Actual Rows": 61461,"Actual Loops": 3,"Inner Unique": false,"Workers": [],"Plans": [{"Node Type": "Nested Loop","Parent Relationship": "Outer","Parallel Aware": false,"Async Capable": false,"Join Type": "Inner","Startup Cost": 2.84,"Total Cost": 8414.26,"Plan Rows": 3802,"Plan Width": 116,"Actual Startup Time": 0.651,"Actual Total Time": 459.932,"Actual Rows": 15399,"Actual Loops": 3,"Inner Unique": false,"Workers": [],"Plans": [{"Node Type": "Hash Join","Parent Relationship": "Outer","Parallel Aware": false,"Async Capable": false,"Join Type": "Inner","Startup Cost": 2.41,"Total Cost": 4471.79,"Plan Rows": 2500,"Plan Width": 116,"Actual Startup Time": 0.245,"Actual Total Time": 55.063,"Actual Rows": 10066,"Actual Loops": 3,"Inner Unique": false,"Hash Cond": "(customer.c_nationkey = nation.n_nationkey)","Workers": [],"Plans": [{"Node Type": "Seq Scan","Parent Relationship": "Outer","Parallel Aware": true,"Async Capable": false,"Relation Name": "customer","Alias": "customer","Startup Cost": 0.00,"Total Cost": 4210.00,"Plan Rows": 62500,"Plan Width": 8,"Actual Startup Time": 0.014,"Actual Total Time": 9.571,"Actual Rows": 50000,"Actual Loops": 3,"Workers": []},{"Node Type": "Hash","Parent Relationship": "Inner","Parallel Aware": false,"Async Capable": false,"Startup Cost": 2.40,"Total Cost": 2.40,"Plan Rows": 1,"Plan Width": 108,"Actual Startup Time": 0.139,"Actual Total Time": 0.155,"Actual Rows": 5,"Actual Loops": 3,"Hash Buckets": 1024,"Original Hash Buckets": 1024,"Hash Batches": 1,"Original Hash Batches": 1,"Peak Memory Usage": 9,"Workers": [],"Plans": [{"Node Type": "Hash Join","Parent Relationship": "Outer","Parallel Aware": false,"Async Capable": false,"Join Type": "Inner","Startup Cost": 1.07,"Total Cost": 2.40,"Plan Rows": 1,"Plan Width": 108,"Actual Startup Time": 0.126,"Actual Total Time": 0.145,"Actual Rows": 5,"Actual Loops": 3,"Inner Unique": true,"Hash Cond": "(nation.n_regionkey = region.r_regionkey)","Workers": [],"Plans": [{"Node Type": "Seq Scan","Parent Relationship": "Outer","Parallel Aware": false,"Async Capable": false,"Relation Name": "nation","Alias": "nation","Startup Cost": 0.00,"Total Cost": 1.25,"Plan Rows": 25,"Plan Width": 112,"Actual Startup Time": 0.043,"Actual Total Time": 0.047,"Actual Rows": 25,"Actual Loops": 3,"Workers": []},{"Node Type": "Hash","Parent Relationship": "Inner","Parallel Aware": false,"Async Capable": false,"Startup Cost": 1.06,"Total Cost": 1.06,"Plan Rows": 1,"Plan Width": 4,"Actual Startup Time": 0.051,"Actual Total Time": 0.056,"Actual Rows": 1,"Actual Loops": 3,"Hash Buckets": 1024,"Original Hash Buckets": 1024,"Hash Batches": 1,"Original Hash Batches": 1,"Peak Memory Usage": 9,"Workers": [],"Plans": [{"Node Type": "Seq Scan","Parent Relationship": "Outer","Parallel Aware": false,"Async Capable": false,"Relation Name": "region","Alias": "region","Startup Cost": 0.00,"Total Cost": 1.06,"Plan Rows": 1,"Plan Width": 4,"Actual Startup Time": 0.037,"Actual Total Time": 0.039,"Actual Rows": 1,"Actual Loops": 3,"Filter": "(r_name = 'EUROPE'::bpchar)","Rows Removed by Filter": 4,"Workers": []}]}]}]}]},{"Node Type": "Index Scan","Parent Relationship": "Inner","Parallel Aware": false,"Async Capable": false,"Scan Direction": "Forward","Index Name": "idx_orders_custkey","Relation Name": "orders","Alias": "orders","Startup Cost": 0.43,"Total Cost": 1.55,"Plan Rows": 3,"Plan Width": 8,"Actual Startup Time": 0.017,"Actual Total Time": 0.040,"Actual Rows": 2,"Actual Loops": 30197,"Index Cond": "(o_custkey = customer.c_custkey)","Rows Removed by Index Recheck": 0,"Filter": "((o_orderdate >= '1995-01-01'::date) AND (o_orderdate < '1996-01-01 00:00:00'::timestamp without time zone))","Rows Removed by Filter": 9,"Workers": []}]},{"Node Type": "Index Scan","Parent Relationship": "Inner","Parallel Aware": false,"Async Capable": false,"Scan Direction": "Forward","Index Name": "idx_lineitem_orderkey","Relation Name": "lineitem","Alias": "lineitem","Startup Cost": 0.43,"Total Cost": 2.87,"Plan Rows": 17,"Plan Width": 20,"Actual Startup Time": 0.017,"Actual Total Time": 0.020,"Actual Rows": 4,"Actual Loops": 46197,"Index Cond": "(l_orderkey = orders.o_orderkey)","Rows Removed by Index Recheck": 0,"Workers": []}]},{"Node Type": "Hash","Parent Relationship": "Inner","Parallel Aware": false,"Async Capable": false,"Startup Cost": 322.00,"Total Cost": 322.00,"Plan Rows": 10000,"Plan Width": 8,"Actual Startup Time": 8.644,"Actual Total Time": 8.648,"Actual Rows": 10000,"Actual Loops": 3,"Hash Buckets": 16384,"Original Hash Buckets": 16384,"Hash Batches": 1,"Original Hash Batches": 1,"Peak Memory Usage": 519,"Workers": [],"Plans": [{"Node Type": "Seq Scan","Parent Relationship": "Outer","Parallel Aware": false,"Async Capable": false,"Relation Name": "supplier","Alias": "supplier","Startup Cost": 0.00,"Total Cost": 322.00,"Plan Rows": 10000,"Plan Width": 8,"Actual Startup Time": 0.045,"Actual Total Time": 6.681,"Actual Rows": 10000,"Actual Loops": 3,"Workers": []}]}]}]}]}]}]}]},"Planning Time": 10.340,"Triggers": [],"Execution Time": 863.182}]
[{"Plan": {"Node Type": "Sort","Parallel Aware": false,"Async Capable": false,"Startup Cost": 21565.81,"Total Cost": 21565.87,"Plan Rows": 25,"Plan Width": 136,"Actual Startup Time": 812.189,"Actual Total Time": 842.359,"Actual Rows": 5,"Actual Loops": 1,"Sort Key": ["(sum((lineitem.l_extendedprice * ('1'::numeric - lineitem.l_discount)))) DESC"],"Sort Method": "quicksort","Sort Space Used": 25,"Sort Space Type": "Memory","Plans": [{"Node Type": "Aggregate","Strategy": "Sorted","Partial Mode": "Finalize","Parent Relationship": "Outer","Parallel Aware": false,"Async Capable": false,"Startup Cost": 21550.86,"Total Cost": 21565.23,"Plan Rows": 25,"Plan Width": 136,"Actual Startup Time": 811.599,"Actual Total Time": 842.311,"Actual Rows": 5,"Actual Loops": 1,"Group Key": ["nation.n_name"],"Plans": [{"Node Type": "Gather Merge","Parent Relationship": "Outer","Parallel Aware": false,"Async Capable": false,"Startup Cost": 21550.86,"Total Cost": 21564.54,"Plan Rows": 50,"Plan Width": 136,"Actual Startup Time": 811.323,"Actual Total Time": 842.254,"Actual Rows": 15,"Actual Loops": 1,"Workers Planned": 2,"Workers Launched": 2,"Plans": [{"Node Type": "Aggregate","Strategy": "Sorted","Partial Mode": "Partial","Parent Relationship": "Outer","Parallel Aware": false,"Async Capable": false,"Startup Cost": 20550.84,"Total Cost": 20558.75,"Plan Rows": 25,"Plan Width": 136,"Actual Startup Time": 803.769,"Actual Total Time": 804.515,"Actual Rows": 5,"Actual Loops": 3,"Group Key": ["nation.n_name"],"Workers": [],"Plans": [{"Node Type": "Sort","Parent Relationship": "Outer","Parallel Aware": false,"Async Capable": false,"Startup Cost": 20550.84,"Total Cost": 20552.36,"Plan Rows": 608,"Plan Width": 116,"Actual Startup Time": 803.552,"Actual Total Time": 803.687,"Actual Rows": 2453,"Actual Loops": 3,"Sort Key": ["nation.n_name"],"Sort Method": "quicksort","Sort Space Used": 291,"Sort Space Type": "Memory","Workers": [{"Worker Number": 0,"Sort Method": "quicksort","Sort Space Used": 289,"Sort Space Type": "Memory"},{"Worker Number": 1,"Sort Method": "quicksort","Sort Space Used": 285,"Sort Space Type": "Memory"}],"Plans": [{"Node Type": "Hash Join","Parent Relationship": "Outer","Parallel Aware": false,"Async Capable": false,"Join Type": "Inner","Startup Cost": 475.27,"Total Cost": 20522.72,"Plan Rows": 608,"Plan Width": 116,"Actual Startup Time": 16.360,"Actual Total Time": 802.078,"Actual Rows": 2453,"Actual Loops": 3,"Inner Unique": true,"Hash Cond": "((lineitem.l_suppkey = supplier.s_suppkey) AND (customer.c_nationkey = supplier.s_nationkey))","Workers": [],"Plans": [{"Node Type": "Nested Loop","Parent Relationship": "Outer","Parallel Aware": false,"Async Capable": false,"Join Type": "Inner","Startup Cost": 3.27,"Total Cost": 19970.84,"Plan Rows": 15215,"Plan Width": 128,"Actual Startup Time": 0.560,"Actual Total Time": 757.067,"Actual Rows": 60975,"Actual Loops": 3,"Inner Unique": false,"Workers": [],"Plans": [{"Node Type": "Nested Loop","Parent Relationship": "Outer","Parallel Aware": false,"Async Capable": false,"Join Type": "Inner","Startup Cost": 2.84,"Total Cost": 8414.26,"Plan Rows": 3803,"Plan Width": 116,"Actual Startup Time": 0.451,"Actual Total Time": 451.841,"Actual Rows": 15295,"Actual Loops": 3,"Inner Unique": false,"Workers": [],"Plans": [{"Node Type": "Hash Join","Parent Relationship": "Outer","Parallel Aware": false,"Async Capable": false,"Join Type": "Inner","Startup Cost": 2.41,"Total Cost": 4471.79,"Plan Rows": 2500,"Plan Width": 116,"Actual Startup Time": 0.247,"Actual Total Time": 55.129,"Actual Rows": 10061,"Actual Loops": 3,"Inner Unique": false,"Hash Cond": "(customer.c_nationkey = nation.n_nationkey)","Workers": [],"Plans": [{"Node Type": "Seq Scan","Parent Relationship": "Outer","Parallel Aware": true,"Async Capable": false,"Relation Name": "customer","Alias": "customer","Startup Cost": 0.00,"Total Cost": 4210.00,"Plan Rows": 62500,"Plan Width": 8,"Actual Startup Time": 0.010,"Actual Total Time": 9.469,"Actual Rows": 50000,"Actual Loops": 3,"Workers": []},{"Node Type": "Hash","Parent Relationship": "Inner","Parallel Aware": false,"Async Capable": false,"Startup Cost": 2.40,"Total Cost": 2.40,"Plan Rows": 1,"Plan Width": 108,"Actual Startup Time": 0.154,"Actual Total Time": 0.175,"Actual Rows": 5,"Actual Loops": 3,"Hash Buckets": 1024,"Original Hash Buckets": 1024,"Hash Batches": 1,"Original Hash Batches": 1,"Peak Memory Usage": 9,"Workers": [],"Plans": [{"Node Type": "Hash Join","Parent Relationship": "Outer","Parallel Aware": false,"Async Capable": false,"Join Type": "Inner","Startup Cost": 1.07,"Total Cost": 2.40,"Plan Rows": 1,"Plan Width": 108,"Actual Startup Time": 0.142,"Actual Total Time": 0.165,"Actual Rows": 5,"Actual Loops": 3,"Inner Unique": true,"Hash Cond": "(nation.n_regionkey = region.r_regionkey)","Workers": [],"Plans": [{"Node Type": "Seq Scan","Parent Relationship": "Outer","Parallel Aware": false,"Async Capable": false,"Relation Name": "nation","Alias": "nation","Startup Cost": 0.00,"Total Cost": 1.25,"Plan Rows": 25,"Plan Width": 112,"Actual Startup Time": 0.058,"Actual Total Time": 0.062,"Actual Rows": 25,"Actual Loops": 3,"Workers": []},{"Node Type": "Hash","Parent Relationship": "Inner","Parallel Aware": false,"Async Capable": false,"Startup Cost": 1.06,"Total Cost": 1.06,"Plan Rows": 1,"Plan Width": 4,"Actual Startup Time": 0.056,"Actual Total Time": 0.065,"Actual Rows": 1,"Actual Loops": 3,"Hash Buckets": 1024,"Original Hash Buckets": 1024,"Hash Batches": 1,"Original Hash Batches": 1,"Peak Memory Usage": 9,"Workers": [],"Plans": [{"Node Type": "Seq Scan","Parent Relationship": "Outer","Parallel Aware": false,"Async Capable": false,"Relation Name": "region","Alias": "region","Startup Cost": 0.00,"Total Cost": 1.06,"Plan Rows": 1,"Plan Width": 4,"Actual Startup Time": 0.045,"Actual Total Time": 0.048,"Actual Rows": 1,"Actual Loops": 3,"Filter": "(r_name = 'ASIA'::bpchar)","Rows Removed by Filter": 4,"Workers": []}]}]}]}]},{"Node Type": "Index Scan","Parent Relationship": "Inner","Parallel Aware": false,"Async Capable": false,"Scan Direction": "Forward","Index Name": "idx_orders_custkey","Relation Name": "orders","Alias": "orders","Startup Cost": 0.43,"Total Cost": 1.55,"Plan Rows": 3,"Plan Width": 8,"Actual Startup Time": 0.017,"Actual Total Time": 0.039,"Actual Rows": 2,"Actual Loops": 30183,"Index Cond": "(o_custkey = customer.c_custkey)","Rows Removed by Index Recheck": 0,"Filter": "((o_orderdate >= '1997-01-01'::date) AND (o_orderdate < '1998-01-01 00:00:00'::timestamp without time zone))","Rows Removed by Filter": 8,"Workers": []}]},{"Node Type": "Index Scan","Parent Relationship": "Inner","Parallel Aware": false,"Async Capable": false,"Scan Direction": "Forward","Index Name": "idx_lineitem_orderkey","Relation Name": "lineitem","Alias": "lineitem","Startup Cost": 0.43,"Total Cost": 2.87,"Plan Rows": 17,"Plan Width": 20,"Actual Startup Time": 0.017,"Actual Total Time": 0.019,"Actual Rows": 4,"Actual Loops": 45884,"Index Cond": "(l_orderkey = orders.o_orderkey)","Rows Removed by Index Recheck": 0,"Workers": []}]},{"Node Type": "Hash","Parent Relationship": "Inner","Parallel Aware": false,"Async Capable": false,"Startup Cost": 322.00,"Total Cost": 322.00,"Plan Rows": 10000,"Plan Width": 8,"Actual Startup Time": 13.288,"Actual Total Time": 13.293,"Actual Rows": 10000,"Actual Loops": 3,"Hash Buckets": 16384,"Original Hash Buckets": 16384,"Hash Batches": 1,"Original Hash Batches": 1,"Peak Memory Usage": 519,"Workers": [],"Plans": [{"Node Type": "Seq Scan","Parent Relationship": "Outer","Parallel Aware": false,"Async Capable": false,"Relation Name": "supplier","Alias": "supplier","Startup Cost": 0.00,"Total Cost": 322.00,"Plan Rows": 10000,"Plan Width": 8,"Actual Startup Time": 0.036,"Actual Total Time": 11.595,"Actual Rows": 10000,"Actual Loops": 3,"Workers": []}]}]}]}]}]}]}]},"Planning Time": 10.446,"Triggers": [],"Execution Time": 842.801}]
[{"Plan": {"Node Type": "Sort","Parallel Aware": false,"Async Capable": false,"Startup Cost": 21616.39,"Total Cost": 21616.45,"Plan Rows": 25,"Plan Width": 136,"Actual Startup Time": 800.578,"Actual Total Time": 832.005,"Actual Rows": 5,"Actual Loops": 1,"Sort Key": ["(sum((lineitem.l_extendedprice * ('1'::numeric - lineitem.l_discount)))) DESC"],"Sort Method": "quicksort","Sort Space Used": 25,"Sort Space Type": "Memory","Plans": [{"Node Type": "Aggregate","Strategy": "Sorted","Partial Mode": "Finalize","Parent Relationship": "Outer","Parallel Aware": false,"Async Capable": false,"Startup Cost": 21601.33,"Total Cost": 21615.81,"Plan Rows": 25,"Plan Width": 136,"Actual Startup Time": 800.055,"Actual Total Time": 831.951,"Actual Rows": 5,"Actual Loops": 1,"Group Key": ["nation.n_name"],"Plans": [{"Node Type": "Gather Merge","Parent Relationship": "Outer","Parallel Aware": false,"Async Capable": false,"Startup Cost": 21601.33,"Total Cost": 21615.12,"Plan Rows": 50,"Plan Width": 136,"Actual Startup Time": 799.526,"Actual Total Time": 831.902,"Actual Rows": 15,"Actual Loops": 1,"Workers Planned": 2,"Workers Launched": 2,"Plans": [{"Node Type": "Aggregate","Strategy": "Sorted","Partial Mode": "Partial","Parent Relationship": "Outer","Parallel Aware": false,"Async Capable": false,"Startup Cost": 20601.30,"Total Cost": 20609.33,"Plan Rows": 25,"Plan Width": 136,"Actual Startup Time": 791.250,"Actual Total Time": 792.033,"Actual Rows": 5,"Actual Loops": 3,"Group Key": ["nation.n_name"],"Workers": [],"Plans": [{"Node Type": "Sort","Parent Relationship": "Outer","Parallel Aware": false,"Async Capable": false,"Startup Cost": 20601.30,"Total Cost": 20602.85,"Plan Rows": 617,"Plan Width": 116,"Actual Startup Time": 791.028,"Actual Total Time": 791.162,"Actual Rows": 2347,"Actual Loops": 3,"Sort Key": ["nation.n_name"],"Sort Method": "quicksort","Sort Space Used": 275,"Sort Space Type": "Memory","Workers": [{"Worker Number": 0,"Sort Method": "quicksort","Sort Space Used": 280,"Sort Space Type": "Memory"},{"Worker Number": 1,"Sort Method": "quicksort","Sort Space Used": 284,"Sort Space Type": "Memory"}],"Plans": [{"Node Type": "Hash Join","Parent Relationship": "Outer","Parallel Aware": false,"Async Capable": false,"Join Type": "Inner","Startup Cost": 475.27,"Total Cost": 20572.71,"Plan Rows": 617,"Plan Width": 116,"Actual Startup Time": 14.089,"Actual Total Time": 789.451,"Actual Rows": 2347,"Actual Loops": 3,"Inner Unique": true,"Hash Cond": "((lineitem.l_suppkey = supplier.s_suppkey) AND (customer.c_nationkey = supplier.s_nationkey))","Workers": [],"Plans": [{"Node Type": "Nested Loop","Parent Relationship": "Outer","Parallel Aware": false,"Async Capable": false,"Join Type": "Inner","Startup Cost": 3.27,"Total Cost": 20019.70,"Plan Rows": 15431,"Plan Width": 128,"Actual Startup Time": 0.813,"Actual Total Time": 745.242,"Actual Rows": 60682,"Actual Loops": 3,"Inner Unique": false,"Workers": [],"Plans": [{"Node Type": "Nested Loop","Parent Relationship": "Outer","Parallel Aware": false,"Async Capable": false,"Join Type": "Inner","Startup Cost": 2.84,"Total Cost": 8414.26,"Plan Rows": 3857,"Plan Width": 116,"Actual Startup Time": 0.648,"Actual Total Time": 445.539,"Actual Rows": 15117,"Actual Loops": 3,"Inner Unique": false,"Workers": [],"Plans": [{"Node Type": "Hash Join","Parent Relationship": "Outer","Parallel Aware": false,"Async Capable": false,"Join Type": "Inner","Startup Cost": 2.41,"Total Cost": 4471.79,"Plan Rows": 2500,"Plan Width": 116,"Actual Startup Time": 0.286,"Actual Total Time": 54.286,"Actual Rows": 9921,"Actual Loops": 3,"Inner Unique": false,"Hash Cond": "(customer.c_nationkey = nation.n_nationkey)","Workers": [],"Plans": [{"Node Type": "Seq Scan","Parent Relationship": "Outer","Parallel Aware": true,"Async Capable": false,"Relation Name": "customer","Alias": "customer","Startup Cost": 0.00,"Total Cost": 4210.00,"Plan Rows": 62500,"Plan Width": 8,"Actual Startup Time": 0.020,"Actual Total Time": 9.492,"Actual Rows": 50000,"Actual Loops": 3,"Workers": []},{"Node Type": "Hash","Parent Relationship": "Inner","Parallel Aware": false,"Async Capable": false,"Startup Cost": 2.40,"Total Cost": 2.40,"Plan Rows": 1,"Plan Width": 108,"Actual Startup Time": 0.159,"Actual Total Time": 0.178,"Actual Rows": 5,"Actual Loops": 3,"Hash Buckets": 1024,"Original Hash Buckets": 1024,"Hash Batches": 1,"Original Hash Batches": 1,"Peak Memory Usage": 9,"Workers": [],"Plans": [{"Node Type": "Hash Join","Parent Relationship": "Outer","Parallel Aware": false,"Async Capable": false,"Join Type": "Inner","Startup Cost": 1.07,"Total Cost": 2.40,"Plan Rows": 1,"Plan Width": 108,"Actual Startup Time": 0.141,"Actual Total Time": 0.166,"Actual Rows": 5,"Actual Loops": 3,"Inner Unique": true,"Hash Cond": "(nation.n_regionkey = region.r_regionkey)","Workers": [],"Plans": [{"Node Type": "Seq Scan","Parent Relationship": "Outer","Parallel Aware": false,"Async Capable": false,"Relation Name": "nation","Alias": "nation","Startup Cost": 0.00,"Total Cost": 1.25,"Plan Rows": 25,"Plan Width": 112,"Actual Startup Time": 0.054,"Actual Total Time": 0.058,"Actual Rows": 25,"Actual Loops": 3,"Workers": []},{"Node Type": "Hash","Parent Relationship": "Inner","Parallel Aware": false,"Async Capable": false,"Startup Cost": 1.06,"Total Cost": 1.06,"Plan Rows": 1,"Plan Width": 4,"Actual Startup Time": 0.057,"Actual Total Time": 0.062,"Actual Rows": 1,"Actual Loops": 3,"Hash Buckets": 1024,"Original Hash Buckets": 1024,"Hash Batches": 1,"Original Hash Batches": 1,"Peak Memory Usage": 9,"Workers": [],"Plans": [{"Node Type": "Seq Scan","Parent Relationship": "Outer","Parallel Aware": false,"Async Capable": false,"Relation Name": "region","Alias": "region","Startup Cost": 0.00,"Total Cost": 1.06,"Plan Rows": 1,"Plan Width": 4,"Actual Startup Time": 0.040,"Actual Total Time": 0.042,"Actual Rows": 1,"Actual Loops": 3,"Filter": "(r_name = 'AFRICA'::bpchar)","Rows Removed by Filter": 4,"Workers": []}]}]}]}]},{"Node Type": "Index Scan","Parent Relationship": "Inner","Parallel Aware": false,"Async Capable": false,"Scan Direction": "Forward","Index Name": "idx_orders_custkey","Relation Name": "orders","Alias": "orders","Startup Cost": 0.43,"Total Cost": 1.55,"Plan Rows": 3,"Plan Width": 8,"Actual Startup Time": 0.017,"Actual Total Time": 0.039,"Actual Rows": 2,"Actual Loops": 29764,"Index Cond": "(o_custkey = customer.c_custkey)","Rows Removed by Index Recheck": 0,"Filter": "((o_orderdate >= '1996-01-01'::date) AND (o_orderdate < '1997-01-01 00:00:00'::timestamp without time zone))","Rows Removed by Filter": 9,"Workers": []}]},{"Node Type": "Index Scan","Parent Relationship": "Inner","Parallel Aware": false,"Async Capable": false,"Scan Direction": "Forward","Index Name": "idx_lineitem_orderkey","Relation Name": "lineitem","Alias": "lineitem","Startup Cost": 0.43,"Total Cost": 2.84,"Plan Rows": 17,"Plan Width": 20,"Actual Startup Time": 0.016,"Actual Total Time": 0.019,"Actual Rows": 4,"Actual Loops": 45352,"Index Cond": "(l_orderkey = orders.o_orderkey)","Rows Removed by Index Recheck": 0,"Workers": []}]},{"Node Type": "Hash","Parent Relationship": "Inner","Parallel Aware": false,"Async Capable": false,"Startup Cost": 322.00,"Total Cost": 322.00,"Plan Rows": 10000,"Plan Width": 8,"Actual Startup Time": 12.144,"Actual Total Time": 12.150,"Actual Rows": 10000,"Actual Loops": 3,"Hash Buckets": 16384,"Original Hash Buckets": 16384,"Hash Batches": 1,"Original Hash Batches": 1,"Peak Memory Usage": 519,"Workers": [],"Plans": [{"Node Type": "Seq Scan","Parent Relationship": "Outer","Parallel Aware": false,"Async Capable": false,"Relation Name": "supplier","Alias": "supplier","Startup Cost": 0.00,"Total Cost": 322.00,"Plan Rows": 10000,"Plan Width": 8,"Actual Startup Time": 0.040,"Actual Total Time": 10.535,"Actual Rows": 10000,"Actual Loops": 3,"Workers": []}]}]}]}]}]}]}]},"Planning Time": 10.511,"Triggers": [],"Execution Time": 832.422}]
[{"Plan": {"Node Type": "Sort","Parallel Aware": false,"Async Capable": false,"Startup Cost": 21616.39,"Total Cost": 21616.45,"Plan Rows": 25,"Plan Width": 136,"Actual Startup Time": 802.725,"Actual Total Time": 834.940,"Actual Rows": 5,"Actual Loops": 1,"Sort Key": ["(sum((lineitem.l_extendedprice * ('1'::numeric - lineitem.l_discount)))) DESC"],"Sort Method": "quicksort","Sort Space Used": 25,"Sort Space Type": "Memory","Plans": [{"Node Type": "Aggregate","Strategy": "Sorted","Partial Mode": "Finalize","Parent Relationship": "Outer","Parallel Aware": false,"Async Capable": false,"Startup Cost": 21601.33,"Total Cost": 21615.81,"Plan Rows": 25,"Plan Width": 136,"Actual Startup Time": 802.089,"Actual Total Time": 834.889,"Actual Rows": 5,"Actual Loops": 1,"Group Key": ["nation.n_name"],"Plans": [{"Node Type": "Gather Merge","Parent Relationship": "Outer","Parallel Aware": false,"Async Capable": false,"Startup Cost": 21601.33,"Total Cost": 21615.12,"Plan Rows": 50,"Plan Width": 136,"Actual Startup Time": 801.869,"Actual Total Time": 834.838,"Actual Rows": 15,"Actual Loops": 1,"Workers Planned": 2,"Workers Launched": 2,"Plans": [{"Node Type": "Aggregate","Strategy": "Sorted","Partial Mode": "Partial","Parent Relationship": "Outer","Parallel Aware": false,"Async Capable": false,"Startup Cost": 20601.30,"Total Cost": 20609.33,"Plan Rows": 25,"Plan Width": 136,"Actual Startup Time": 794.218,"Actual Total Time": 794.940,"Actual Rows": 5,"Actual Loops": 3,"Group Key": ["nation.n_name"],"Workers": [],"Plans": [{"Node Type": "Sort","Parent Relationship": "Outer","Parallel Aware": false,"Async Capable": false,"Startup Cost": 20601.30,"Total Cost": 20602.85,"Plan Rows": 617,"Plan Width": 116,"Actual Startup Time": 793.996,"Actual Total Time": 794.120,"Actual Rows": 2469,"Actual Loops": 3,"Sort Key": ["nation.n_name"],"Sort Method": "quicksort","Sort Space Used": 296,"Sort Space Type": "Memory","Workers": [{"Worker Number": 0,"Sort Method": "quicksort","Sort Space Used": 284,"Sort Space Type": "Memory"},{"Worker Number": 1,"Sort Method": "quicksort","Sort Space Used": 288,"Sort Space Type": "Memory"}],"Plans": [{"Node Type": "Hash Join","Parent Relationship": "Outer","Parallel Aware": false,"Async Capable": false,"Join Type": "Inner","Startup Cost": 475.27,"Total Cost": 20572.71,"Plan Rows": 617,"Plan Width": 116,"Actual Startup Time": 14.848,"Actual Total Time": 792.432,"Actual Rows": 2469,"Actual Loops": 3,"Inner Unique": true,"Hash Cond": "((lineitem.l_suppkey = supplier.s_suppkey) AND (customer.c_nationkey = supplier.s_nationkey))","Workers": [],"Plans": [{"Node Type": "Nested Loop","Parent Relationship": "Outer","Parallel Aware": false,"Async Capable": false,"Join Type": "Inner","Startup Cost": 3.27,"Total Cost": 20019.70,"Plan Rows": 15431,"Plan Width": 128,"Actual Startup Time": 0.724,"Actual Total Time": 746.203,"Actual Rows": 60646,"Actual Loops": 3,"Inner Unique": false,"Workers": [],"Plans": [{"Node Type": "Nested Loop","Parent Relationship": "Outer","Parallel Aware": false,"Async Capable": false,"Join Type": "Inner","Startup Cost": 2.84,"Total Cost": 8414.26,"Plan Rows": 3857,"Plan Width": 116,"Actual Startup Time": 0.603,"Actual Total Time": 446.704,"Actual Rows": 15077,"Actual Loops": 3,"Inner Unique": false,"Workers": [],"Plans": [{"Node Type": "Hash Join","Parent Relationship": "Outer","Parallel Aware": false,"Async Capable": false,"Join Type": "Inner","Startup Cost": 2.41,"Total Cost": 4471.79,"Plan Rows": 2500,"Plan Width": 116,"Actual Startup Time": 0.232,"Actual Total Time": 54.148,"Actual Rows": 9968,"Actual Loops": 3,"Inner Unique": false,"Hash Cond": "(customer.c_nationkey = nation.n_nationkey)","Workers": [],"Plans": [{"Node Type": "Seq Scan","Parent Relationship": "Outer","Parallel Aware": true,"Async Capable": false,"Relation Name": "customer","Alias": "customer","Startup Cost": 0.00,"Total Cost": 4210.00,"Plan Rows": 62500,"Plan Width": 8,"Actual Startup Time": 0.016,"Actual Total Time": 9.432,"Actual Rows": 50000,"Actual Loops": 3,"Workers": []},{"Node Type": "Hash","Parent Relationship": "Inner","Parallel Aware": false,"Async Capable": false,"Startup Cost": 2.40,"Total Cost": 2.40,"Plan Rows": 1,"Plan Width": 108,"Actual Startup Time": 0.135,"Actual Total Time": 0.148,"Actual Rows": 5,"Actual Loops": 3,"Hash Buckets": 1024,"Original Hash Buckets": 1024,"Hash Batches": 1,"Original Hash Batches": 1,"Peak Memory Usage": 9,"Workers": [],"Plans": [{"Node Type": "Hash Join","Parent Relationship": "Outer","Parallel Aware": false,"Async Capable": false,"Join Type": "Inner","Startup Cost": 1.07,"Total Cost": 2.40,"Plan Rows": 1,"Plan Width": 108,"Actual Startup Time": 0.120,"Actual Total Time": 0.140,"Actual Rows": 5,"Actual Loops": 3,"Inner Unique": true,"Hash Cond": "(nation.n_regionkey = region.r_regionkey)","Workers": [],"Plans": [{"Node Type": "Seq Scan","Parent Relationship": "Outer","Parallel Aware": false,"Async Capable": false,"Relation Name": "nation","Alias": "nation","Startup Cost": 0.00,"Total Cost": 1.25,"Plan Rows": 25,"Plan Width": 112,"Actual Startup Time": 0.048,"Actual Total Time": 0.052,"Actual Rows": 25,"Actual Loops": 3,"Workers": []},{"Node Type": "Hash","Parent Relationship": "Inner","Parallel Aware": false,"Async Capable": false,"Startup Cost": 1.06,"Total Cost": 1.06,"Plan Rows": 1,"Plan Width": 4,"Actual Startup Time": 0.046,"Actual Total Time": 0.050,"Actual Rows": 1,"Actual Loops": 3,"Hash Buckets": 1024,"Original Hash Buckets": 1024,"Hash Batches": 1,"Original Hash Batches": 1,"Peak Memory Usage": 9,"Workers": [],"Plans": [{"Node Type": "Seq Scan","Parent Relationship": "Outer","Parallel Aware": false,"Async Capable": false,"Relation Name": "region","Alias": "region","Startup Cost": 0.00,"Total Cost": 1.06,"Plan Rows": 1,"Plan Width": 4,"Actual Startup Time": 0.033,"Actual Total Time": 0.035,"Actual Rows": 1,"Actual Loops": 3,"Filter": "(r_name = 'MIDDLE EAST'::bpchar)","Rows Removed by Filter": 4,"Workers": []}]}]}]}]},{"Node Type": "Index Scan","Parent Relationship": "Inner","Parallel Aware": false,"Async Capable": false,"Scan Direction": "Forward","Index Name": "idx_orders_custkey","Relation Name": "orders","Alias": "orders","Startup Cost": 0.43,"Total Cost": 1.55,"Plan Rows": 3,"Plan Width": 8,"Actual Startup Time": 0.017,"Actual Total Time": 0.039,"Actual Rows": 2,"Actual Loops": 29904,"Index Cond": "(o_custkey = customer.c_custkey)","Rows Removed by Index Recheck": 0,"Filter": "((o_orderdate >= '1996-01-01'::date) AND (o_orderdate < '1997-01-01 00:00:00'::timestamp without time zone))","Rows Removed by Filter": 8,"Workers": []}]},{"Node Type": "Index Scan","Parent Relationship": "Inner","Parallel Aware": false,"Async Capable": false,"Scan Direction": "Forward","Index Name": "idx_lineitem_orderkey","Relation Name": "lineitem","Alias": "lineitem","Startup Cost": 0.43,"Total Cost": 2.84,"Plan Rows": 17,"Plan Width": 20,"Actual Startup Time": 0.016,"Actual Total Time": 0.019,"Actual Rows": 4,"Actual Loops": 45231,"Index Cond": "(l_orderkey = orders.o_orderkey)","Rows Removed by Index Recheck": 0,"Workers": []}]},{"Node Type": "Hash","Parent Relationship": "Inner","Parallel Aware": false,"Async Capable": false,"Startup Cost": 322.00,"Total Cost": 322.00,"Plan Rows": 10000,"Plan Width": 8,"Actual Startup Time": 13.111,"Actual Total Time": 13.116,"Actual Rows": 10000,"Actual Loops": 3,"Hash Buckets": 16384,"Original Hash Buckets": 16384,"Hash Batches": 1,"Original Hash Batches": 1,"Peak Memory Usage": 519,"Workers": [],"Plans": [{"Node Type": "Seq Scan","Parent Relationship": "Outer","Parallel Aware": false,"Async Capable": false,"Relation Name": "supplier","Alias": "supplier","Startup Cost": 0.00,"Total Cost": 322.00,"Plan Rows": 10000,"Plan Width": 8,"Actual Startup Time": 0.041,"Actual Total Time": 11.446,"Actual Rows": 10000,"Actual Loops": 3,"Workers": []}]}]}]}]}]}]}]},"Planning Time": 10.334,"Triggers": [],"Execution Time": 835.373}]
[{"Plan": {"Node Type": "Sort","Parallel Aware": false,"Async Capable": false,"Startup Cost": 21565.24,"Total Cost": 21565.30,"Plan Rows": 25,"Plan Width": 136,"Actual Startup Time": 812.920,"Actual Total Time": 845.337,"Actual Rows": 5,"Actual Loops": 1,"Sort Key": ["(sum((lineitem.l_extendedprice * ('1'::numeric - lineitem.l_discount)))) DESC"],"Sort Method": "quicksort","Sort Space Used": 25,"Sort Space Type": "Memory","Plans": [{"Node Type": "Aggregate","Strategy": "Sorted","Partial Mode": "Finalize","Parent Relationship": "Outer","Parallel Aware": false,"Async Capable": false,"Startup Cost": 21550.29,"Total Cost": 21564.66,"Plan Rows": 25,"Plan Width": 136,"Actual Startup Time": 812.284,"Actual Total Time": 845.271,"Actual Rows": 5,"Actual Loops": 1,"Group Key": ["nation.n_name"],"Plans": [{"Node Type": "Gather Merge","Parent Relationship": "Outer","Parallel Aware": false,"Async Capable": false,"Startup Cost": 21550.29,"Total Cost": 21563.97,"Plan Rows": 50,"Plan Width": 136,"Actual Startup Time": 812.043,"Actual Total Time": 845.216,"Actual Rows": 15,"Actual Loops": 1,"Workers Planned": 2,"Workers Launched": 2,"Plans": [{"Node Type": "Aggregate","Strategy": "Sorted","Partial Mode": "Partial","Parent Relationship": "Outer","Parallel Aware": false,"Async Capable": false,"Startup Cost": 20550.26,"Total Cost": 20558.18,"Plan Rows": 25,"Plan Width": 136,"Actual Startup Time": 804.529,"Actual Total Time": 805.274,"Actual Rows": 5,"Actual Loops": 3,"Group Key": ["nation.n_name"],"Workers": [],"Plans": [{"Node Type": "Sort","Parent Relationship": "Outer","Parallel Aware": false,"Async Capable": false,"Startup Cost": 20550.26,"Total Cost": 20551.78,"Plan Rows": 608,"Plan Width": 116,"Actual Startup Time": 804.312,"Actual Total Time": 804.451,"Actual Rows": 2459,"Actual Loops": 3,"Sort Key": ["nation.n_name"],"Sort Method": "quicksort","Sort Space Used": 291,"Sort Space Type": "Memory","Workers": [{"Worker Number": 0,"Sort Method": "quicksort","Sort Space Used": 281,"Sort Space Type": "Memory"},{"Worker Number": 1,"Sort Method": "quicksort","Sort Space Used": 294,"Sort Space Type": "Memory"}],"Plans": [{"Node Type": "Hash Join","Parent Relationship": "Outer","Parallel Aware": false,"Async Capable": false,"Join Type": "Inner","Startup Cost": 475.27,"Total Cost": 20522.15,"Plan Rows": 608,"Plan Width": 116,"Actual Startup Time": 9.963,"Actual Total Time": 802.770,"Actual Rows": 2459,"Actual Loops": 3,"Inner Unique": true,"Hash Cond": "((lineitem.l_suppkey = supplier.s_suppkey) AND (customer.c_nationkey = supplier.s_nationkey))","Workers": [],"Plans": [{"Node Type": "Nested Loop","Parent Relationship": "Outer","Parallel Aware": false,"Async Capable": false,"Join Type": "Inner","Startup Cost": 3.27,"Total Cost": 19970.29,"Plan Rows": 15211,"Plan Width": 128,"Actual Startup Time": 0.726,"Actual Total Time": 761.226,"Actual Rows": 61195,"Actual Loops": 3,"Inner Unique": false,"Workers": [],"Plans": [{"Node Type": "Nested Loop","Parent Relationship": "Outer","Parallel Aware": false,"Async Capable": false,"Join Type": "Inner","Startup Cost": 2.84,"Total Cost": 8414.26,"Plan Rows": 3802,"Plan Width": 116,"Actual Startup Time": 0.590,"Actual Total Time": 455.580,"Actual Rows": 15244,"Actual Loops": 3,"Inner Unique": false,"Workers": [],"Plans": [{"Node Type": "Hash Join","Parent Relationship": "Outer","Parallel Aware": false,"Async Capable": false,"Join Type": "Inner","Startup Cost": 2.41,"Total Cost": 4471.79,"Plan Rows": 2500,"Plan Width": 116,"Actual Startup Time": 0.294,"Actual Total Time": 55.676,"Actual Rows": 10061,"Actual Loops": 3,"Inner Unique": false,"Hash Cond": "(customer.c_nationkey = nation.n_nationkey)","Workers": [],"Plans": [{"Node Type": "Seq Scan","Parent Relationship": "Outer","Parallel Aware": true,"Async Capable": false,"Relation Name": "customer","Alias": "customer","Startup Cost": 0.00,"Total Cost": 4210.00,"Plan Rows": 62500,"Plan Width": 8,"Actual Startup Time": 0.018,"Actual Total Time": 9.635,"Actual Rows": 50000,"Actual Loops": 3,"Workers": []},{"Node Type": "Hash","Parent Relationship": "Inner","Parallel Aware": false,"Async Capable": false,"Startup Cost": 2.40,"Total Cost": 2.40,"Plan Rows": 1,"Plan Width": 108,"Actual Startup Time": 0.169,"Actual Total Time": 0.188,"Actual Rows": 5,"Actual Loops": 3,"Hash Buckets": 1024,"Original Hash Buckets": 1024,"Hash Batches": 1,"Original Hash Batches": 1,"Peak Memory Usage": 9,"Workers": [],"Plans": [{"Node Type": "Hash Join","Parent Relationship": "Outer","Parallel Aware": false,"Async Capable": false,"Join Type": "Inner","Startup Cost": 1.07,"Total Cost": 2.40,"Plan Rows": 1,"Plan Width": 108,"Actual Startup Time": 0.153,"Actual Total Time": 0.175,"Actual Rows": 5,"Actual Loops": 3,"Inner Unique": true,"Hash Cond": "(nation.n_regionkey = region.r_regionkey)","Workers": [],"Plans": [{"Node Type": "Seq Scan","Parent Relationship": "Outer","Parallel Aware": false,"Async Capable": false,"Relation Name": "nation","Alias": "nation","Startup Cost": 0.00,"Total Cost": 1.25,"Plan Rows": 25,"Plan Width": 112,"Actual Startup Time": 0.049,"Actual Total Time": 0.052,"Actual Rows": 25,"Actual Loops": 3,"Workers": []},{"Node Type": "Hash","Parent Relationship": "Inner","Parallel Aware": false,"Async Capable": false,"Startup Cost": 1.06,"Total Cost": 1.06,"Plan Rows": 1,"Plan Width": 4,"Actual Startup Time": 0.069,"Actual Total Time": 0.076,"Actual Rows": 1,"Actual Loops": 3,"Hash Buckets": 1024,"Original Hash Buckets": 1024,"Hash Batches": 1,"Original Hash Batches": 1,"Peak Memory Usage": 9,"Workers": [],"Plans": [{"Node Type": "Seq Scan","Parent Relationship": "Outer","Parallel Aware": false,"Async Capable": false,"Relation Name": "region","Alias": "region","Startup Cost": 0.00,"Total Cost": 1.06,"Plan Rows": 1,"Plan Width": 4,"Actual Startup Time": 0.054,"Actual Total Time": 0.057,"Actual Rows": 1,"Actual Loops": 3,"Filter": "(r_name = 'ASIA'::bpchar)","Rows Removed by Filter": 4,"Workers": []}]}]}]}]},{"Node Type": "Index Scan","Parent Relationship": "Inner","Parallel Aware": false,"Async Capable": false,"Scan Direction": "Forward","Index Name": "idx_orders_custkey","Relation Name": "orders","Alias": "orders","Startup Cost": 0.43,"Total Cost": 1.55,"Plan Rows": 3,"Plan Width": 8,"Actual Startup Time": 0.017,"Actual Total Time": 0.039,"Actual Rows": 2,"Actual Loops": 30183,"Index Cond": "(o_custkey = customer.c_custkey)","Rows Removed by Index Recheck": 0,"Filter": "((o_orderdate >= '1995-01-01'::date) AND (o_orderdate < '1996-01-01 00:00:00'::timestamp without time zone))","Rows Removed by Filter": 8,"Workers": []}]},{"Node Type": "Index Scan","Parent Relationship": "Inner","Parallel Aware": false,"Async Capable": false,"Scan Direction": "Forward","Index Name": "idx_lineitem_orderkey","Relation Name": "lineitem","Alias": "lineitem","Startup Cost": 0.43,"Total Cost": 2.87,"Plan Rows": 17,"Plan Width": 20,"Actual Startup Time": 0.017,"Actual Total Time": 0.019,"Actual Rows": 4,"Actual Loops": 45731,"Index Cond": "(l_orderkey = orders.o_orderkey)","Rows Removed by Index Recheck": 0,"Workers": []}]},{"Node Type": "Hash","Parent Relationship": "Inner","Parallel Aware": false,"Async Capable": false,"Startup Cost": 322.00,"Total Cost": 322.00,"Plan Rows": 10000,"Plan Width": 8,"Actual Startup Time": 8.662,"Actual Total Time": 8.670,"Actual Rows": 10000,"Actual Loops": 3,"Hash Buckets": 16384,"Original Hash Buckets": 16384,"Hash Batches": 1,"Original Hash Batches": 1,"Peak Memory Usage": 519,"Workers": [],"Plans": [{"Node Type": "Seq Scan","Parent Relationship": "Outer","Parallel Aware": false,"Async Capable": false,"Relation Name": "supplier","Alias": "supplier","Startup Cost": 0.00,"Total Cost": 322.00,"Plan Rows": 10000,"Plan Width": 8,"Actual Startup Time": 0.038,"Actual Total Time": 6.811,"Actual Rows": 10000,"Actual Loops": 3,"Workers": []}]}]}]}]}]}]}]},"Planning Time": 10.579,"Triggers": [],"Execution Time": 845.911}]
[{"Plan": {"Node Type": "Sort","Parallel Aware": false,"Async Capable": false,"Startup Cost": 21565.81,"Total Cost": 21565.87,"Plan Rows": 25,"Plan Width": 136,"Actual Startup Time": 826.666,"Actual Total Time": 858.678,"Actual Rows": 5,"Actual Loops": 1,"Sort Key": ["(sum((lineitem.l_extendedprice * ('1'::numeric - lineitem.l_discount)))) DESC"],"Sort Method": "quicksort","Sort Space Used": 25,"Sort Space Type": "Memory","Plans": [{"Node Type": "Aggregate","Strategy": "Sorted","Partial Mode": "Finalize","Parent Relationship": "Outer","Parallel Aware": false,"Async Capable": false,"Startup Cost": 21550.86,"Total Cost": 21565.23,"Plan Rows": 25,"Plan Width": 136,"Actual Startup Time": 825.974,"Actual Total Time": 858.621,"Actual Rows": 5,"Actual Loops": 1,"Group Key": ["nation.n_name"],"Plans": [{"Node Type": "Gather Merge","Parent Relationship": "Outer","Parallel Aware": false,"Async Capable": false,"Startup Cost": 21550.86,"Total Cost": 21564.54,"Plan Rows": 50,"Plan Width": 136,"Actual Startup Time": 825.726,"Actual Total Time": 858.579,"Actual Rows": 15,"Actual Loops": 1,"Workers Planned": 2,"Workers Launched": 2,"Plans": [{"Node Type": "Aggregate","Strategy": "Sorted","Partial Mode": "Partial","Parent Relationship": "Outer","Parallel Aware": false,"Async Capable": false,"Startup Cost": 20550.84,"Total Cost": 20558.75,"Plan Rows": 25,"Plan Width": 136,"Actual Startup Time": 818.223,"Actual Total Time": 818.980,"Actual Rows": 5,"Actual Loops": 3,"Group Key": ["nation.n_name"],"Workers": [],"Plans": [{"Node Type": "Sort","Parent Relationship": "Outer","Parallel Aware": false,"Async Capable": false,"Startup Cost": 20550.84,"Total Cost": 20552.36,"Plan Rows": 608,"Plan Width": 116,"Actual Startup Time": 818.011,"Actual Total Time": 818.145,"Actual Rows": 2489,"Actual Loops": 3,"Sort Key": ["nation.n_name"],"Sort Method": "quicksort","Sort Space Used": 294,"Sort Space Type": "Memory","Workers": [{"Worker Number": 0,"Sort Method": "quicksort","Sort Space Used": 286,"Sort Space Type": "Memory"},{"Worker Number": 1,"Sort Method": "quicksort","Sort Space Used": 292,"Sort Space Type": "Memory"}],"Plans": [{"Node Type": "Hash Join","Parent Relationship": "Outer","Parallel Aware": false,"Async Capable": false,"Join Type": "Inner","Startup Cost": 475.27,"Total Cost": 20522.72,"Plan Rows": 608,"Plan Width": 116,"Actual Startup Time": 11.840,"Actual Total Time": 816.555,"Actual Rows": 2489,"Actual Loops": 3,"Inner Unique": true,"Hash Cond": "((lineitem.l_suppkey = supplier.s_suppkey) AND (customer.c_nationkey = supplier.s_nationkey))","Workers": [],"Plans": [{"Node Type": "Nested Loop","Parent Relationship": "Outer","Parallel Aware": false,"Async Capable": false,"Join Type": "Inner","Startup Cost": 3.27,"Total Cost": 19970.84,"Plan Rows": 15215,"Plan Width": 128,"Actual Startup Time": 0.591,"Actual Total Time": 771.834,"Actual Rows": 60959,"Actual Loops": 3,"Inner Unique": false,"Workers": [],"Plans": [{"Node Type": "Nested Loop","Parent Relationship": "Outer","Parallel Aware": false,"Async Capable": false,"Join Type": "Inner","Startup Cost": 2.84,"Total Cost": 8414.26,"Plan Rows": 3803,"Plan Width": 116,"Actual Startup Time": 0.474,"Actual Total Time": 463.395,"Actual Rows": 15225,"Actual Loops": 3,"Inner Unique": false,"Workers": [],"Plans": [{"Node Type": "Hash Join","Parent Relationship": "Outer","Parallel Aware": false,"Async Capable": false,"Join Type": "Inner","Startup Cost": 2.41,"Total Cost": 4471.79,"Plan Rows": 2500,"Plan Width": 116,"Actual Startup Time": 0.230,"Actual Total Time": 58.477,"Actual Rows": 9984,"Actual Loops": 3,"Inner Unique": false,"Hash Cond": "(customer.c_nationkey = nation.n_nationkey)","Workers": [],"Plans": [{"Node Type": "Seq Scan","Parent Relationship": "Outer","Parallel Aware": true,"Async Capable": false,"Relation Name": "customer","Alias": "customer","Startup Cost": 0.00,"Total Cost": 4210.00,"Plan Rows": 62500,"Plan Width": 8,"Actual Startup Time": 0.016,"Actual Total Time": 10.057,"Actual Rows": 50000,"Actual Loops": 3,"Workers": []},{"Node Type": "Hash","Parent Relationship": "Inner","Parallel Aware": false,"Async Capable": false,"Startup Cost": 2.40,"Total Cost": 2.40,"Plan Rows": 1,"Plan Width": 108,"Actual Startup Time": 0.130,"Actual Total Time": 0.146,"Actual Rows": 5,"Actual Loops": 3,"Hash Buckets": 1024,"Original Hash Buckets": 1024,"Hash Batches": 1,"Original Hash Batches": 1,"Peak Memory Usage": 9,"Workers": [],"Plans": [{"Node Type": "Hash Join","Parent Relationship": "Outer","Parallel Aware": false,"Async Capable": false,"Join Type": "Inner","Startup Cost": 1.07,"Total Cost": 2.40,"Plan Rows": 1,"Plan Width": 108,"Actual Startup Time": 0.116,"Actual Total Time": 0.137,"Actual Rows": 5,"Actual Loops": 3,"Inner Unique": true,"Hash Cond": "(nation.n_regionkey = region.r_regionkey)","Workers": [],"Plans": [{"Node Type": "Seq Scan","Parent Relationship": "Outer","Parallel Aware": false,"Async Capable": false,"Relation Name": "nation","Alias": "nation","Startup Cost": 0.00,"Total Cost": 1.25,"Plan Rows": 25,"Plan Width": 112,"Actual Startup Time": 0.042,"Actual Total Time": 0.045,"Actual Rows": 25,"Actual Loops": 3,"Workers": []},{"Node Type": "Hash","Parent Relationship": "Inner","Parallel Aware": false,"Async Capable": false,"Startup Cost": 1.06,"Total Cost": 1.06,"Plan Rows": 1,"Plan Width": 4,"Actual Startup Time": 0.050,"Actual Total Time": 0.056,"Actual Rows": 1,"Actual Loops": 3,"Hash Buckets": 1024,"Original Hash Buckets": 1024,"Hash Batches": 1,"Original Hash Batches": 1,"Peak Memory Usage": 9,"Workers": [],"Plans": [{"Node Type": "Seq Scan","Parent Relationship": "Outer","Parallel Aware": false,"Async Capable": false,"Relation Name": "region","Alias": "region","Startup Cost": 0.00,"Total Cost": 1.06,"Plan Rows": 1,"Plan Width": 4,"Actual Startup Time": 0.038,"Actual Total Time": 0.040,"Actual Rows": 1,"Actual Loops": 3,"Filter": "(r_name = 'AMERICA'::bpchar)","Rows Removed by Filter": 4,"Workers": []}]}]}]}]},{"Node Type": "Index Scan","Parent Relationship": "Inner","Parallel Aware": false,"Async Capable": false,"Scan Direction": "Forward","Index Name": "idx_orders_custkey","Relation Name": "orders","Alias": "orders","Startup Cost": 0.43,"Total Cost": 1.55,"Plan Rows": 3,"Plan Width": 8,"Actual Startup Time": 0.017,"Actual Total Time": 0.040,"Actual Rows": 2,"Actual Loops": 29952,"Index Cond": "(o_custkey = customer.c_custkey)","Rows Removed by Index Recheck": 0,"Filter": "((o_orderdate >= '1997-01-01'::date) AND (o_orderdate < '1998-01-01 00:00:00'::timestamp without time zone))","Rows Removed by Filter": 8,"Workers": []}]},{"Node Type": "Index Scan","Parent Relationship": "Inner","Parallel Aware": false,"Async Capable": false,"Scan Direction": "Forward","Index Name": "idx_lineitem_orderkey","Relation Name": "lineitem","Alias": "lineitem","Startup Cost": 0.43,"Total Cost": 2.87,"Plan Rows": 17,"Plan Width": 20,"Actual Startup Time": 0.017,"Actual Total Time": 0.020,"Actual Rows": 4,"Actual Loops": 45676,"Index Cond": "(l_orderkey = orders.o_orderkey)","Rows Removed by Index Recheck": 0,"Workers": []}]},{"Node Type": "Hash","Parent Relationship": "Inner","Parallel Aware": false,"Async Capable": false,"Startup Cost": 322.00,"Total Cost": 322.00,"Plan Rows": 10000,"Plan Width": 8,"Actual Startup Time": 10.524,"Actual Total Time": 10.525,"Actual Rows": 10000,"Actual Loops": 3,"Hash Buckets": 16384,"Original Hash Buckets": 16384,"Hash Batches": 1,"Original Hash Batches": 1,"Peak Memory Usage": 519,"Workers": [],"Plans": [{"Node Type": "Seq Scan","Parent Relationship": "Outer","Parallel Aware": false,"Async Capable": false,"Relation Name": "supplier","Alias": "supplier","Startup Cost": 0.00,"Total Cost": 322.00,"Plan Rows": 10000,"Plan Width": 8,"Actual Startup Time": 0.042,"Actual Total Time": 8.814,"Actual Rows": 10000,"Actual Loops": 3,"Workers": []}]}]}]}]}]}]}]},"Planning Time": 10.085,"Triggers": [],"Execution Time": 859.237}]
[{"Plan": {"Node Type": "Sort","Parallel Aware": false,"Async Capable": false,"Startup Cost": 21565.24,"Total Cost": 21565.30,"Plan Rows": 25,"Plan Width": 136,"Actual Startup Time": 797.386,"Actual Total Time": 830.222,"Actual Rows": 5,"Actual Loops": 1,"Sort Key": ["(sum((lineitem.l_extendedprice * ('1'::numeric - lineitem.l_discount)))) DESC"],"Sort Method": "quicksort","Sort Space Used": 25,"Sort Space Type": "Memory","Plans": [{"Node Type": "Aggregate","Strategy": "Sorted","Partial Mode": "Finalize","Parent Relationship": "Outer","Parallel Aware": false,"Async Capable": false,"Startup Cost": 21550.29,"Total Cost": 21564.66,"Plan Rows": 25,"Plan Width": 136,"Actual Startup Time": 796.761,"Actual Total Time": 830.172,"Actual Rows": 5,"Actual Loops": 1,"Group Key": ["nation.n_name"],"Plans": [{"Node Type": "Gather Merge","Parent Relationship": "Outer","Parallel Aware": false,"Async Capable": false,"Startup Cost": 21550.29,"Total Cost": 21563.97,"Plan Rows": 50,"Plan Width": 136,"Actual Startup Time": 796.547,"Actual Total Time": 830.110,"Actual Rows": 15,"Actual Loops": 1,"Workers Planned": 2,"Workers Launched": 2,"Plans": [{"Node Type": "Aggregate","Strategy": "Sorted","Partial Mode": "Partial","Parent Relationship": "Outer","Parallel Aware": false,"Async Capable": false,"Startup Cost": 20550.26,"Total Cost": 20558.18,"Plan Rows": 25,"Plan Width": 136,"Actual Startup Time": 788.895,"Actual Total Time": 789.783,"Actual Rows": 5,"Actual Loops": 3,"Group Key": ["nation.n_name"],"Workers": [],"Plans": [{"Node Type": "Sort","Parent Relationship": "Outer","Parallel Aware": false,"Async Capable": false,"Startup Cost": 20550.26,"Total Cost": 20551.78,"Plan Rows": 608,"Plan Width": 116,"Actual Startup Time": 788.664,"Actual Total Time": 788.842,"Actual Rows": 2456,"Actual Loops": 3,"Sort Key": ["nation.n_name"],"Sort Method": "quicksort","Sort Space Used": 291,"Sort Space Type": "Memory","Workers": [{"Worker Number": 0,"Sort Method": "quicksort","Sort Space Used": 279,"Sort Space Type": "Memory"},{"Worker Number": 1,"Sort Method": "quicksort","Sort Space Used": 295,"Sort Space Type": "Memory"}],"Plans": [{"Node Type": "Hash Join","Parent Relationship": "Outer","Parallel Aware": false,"Async Capable": false,"Join Type": "Inner","Startup Cost": 475.27,"Total Cost": 20522.15,"Plan Rows": 608,"Plan Width": 116,"Actual Startup Time": 10.168,"Actual Total Time": 787.209,"Actual Rows": 2456,"Actual Loops": 3,"Inner Unique": true,"Hash Cond": "((lineitem.l_suppkey = supplier.s_suppkey) AND (customer.c_nationkey = supplier.s_nationkey))","Workers": [],"Plans": [{"Node Type": "Nested Loop","Parent Relationship": "Outer","Parallel Aware": false,"Async Capable": false,"Join Type": "Inner","Startup Cost": 3.27,"Total Cost": 19970.29,"Plan Rows": 15211,"Plan Width": 128,"Actual Startup Time": 0.661,"Actual Total Time": 744.432,"Actual Rows": 60955,"Actual Loops": 3,"Inner Unique": false,"Workers": [],"Plans": [{"Node Type": "Nested Loop","Parent Relationship": "Outer","Parallel Aware": false,"Async Capable": false,"Join Type": "Inner","Startup Cost": 2.84,"Total Cost": 8414.26,"Plan Rows": 3802,"Plan Width": 116,"Actual Startup Time": 0.532,"Actual Total Time": 444.261,"Actual Rows": 15210,"Actual Loops": 3,"Inner Unique": false,"Workers": [],"Plans": [{"Node Type": "Hash Join","Parent Relationship": "Outer","Parallel Aware": false,"Async Capable": false,"Join Type": "Inner","Startup Cost": 2.41,"Total Cost": 4471.79,"Plan Rows": 2500,"Plan Width": 116,"Actual Startup Time": 0.249,"Actual Total Time": 53.241,"Actual Rows": 9984,"Actual Loops": 3,"Inner Unique": false,"Hash Cond": "(customer.c_nationkey = nation.n_nationkey)","Workers": [],"Plans": [{"Node Type": "Seq Scan","Parent Relationship": "Outer","Parallel Aware": true,"Async Capable": false,"Relation Name": "customer","Alias": "customer","Startup Cost": 0.00,"Total Cost": 4210.00,"Plan Rows": 62500,"Plan Width": 8,"Actual Startup Time": 0.015,"Actual Total Time": 9.455,"Actual Rows": 50000,"Actual Loops": 3,"Workers": []},{"Node Type": "Hash","Parent Relationship": "Inner","Parallel Aware": false,"Async Capable": false,"Startup Cost": 2.40,"Total Cost": 2.40,"Plan Rows": 1,"Plan Width": 108,"Actual Startup Time": 0.141,"Actual Total Time": 0.157,"Actual Rows": 5,"Actual Loops": 3,"Hash Buckets": 1024,"Original Hash Buckets": 1024,"Hash Batches": 1,"Original Hash Batches": 1,"Peak Memory Usage": 9,"Workers": [],"Plans": [{"Node Type": "Hash Join","Parent Relationship": "Outer","Parallel Aware": false,"Async Capable": false,"Join Type": "Inner","Startup Cost": 1.07,"Total Cost": 2.40,"Plan Rows": 1,"Plan Width": 108,"Actual Startup Time": 0.126,"Actual Total Time": 0.148,"Actual Rows": 5,"Actual Loops": 3,"Inner Unique": true,"Hash Cond": "(nation.n_regionkey = region.r_regionkey)","Workers": [],"Plans": [{"Node Type": "Seq Scan","Parent Relationship": "Outer","Parallel Aware": false,"Async Capable": false,"Relation Name": "nation","Alias": "nation","Startup Cost": 0.00,"Total Cost": 1.25,"Plan Rows": 25,"Plan Width": 112,"Actual Startup Time": 0.048,"Actual Total Time": 0.053,"Actual Rows": 25,"Actual Loops": 3,"Workers": []},{"Node Type": "Hash","Parent Relationship": "Inner","Parallel Aware": false,"Async Capable": false,"Startup Cost": 1.06,"Total Cost": 1.06,"Plan Rows": 1,"Plan Width": 4,"Actual Startup Time": 0.049,"Actual Total Time": 0.055,"Actual Rows": 1,"Actual Loops": 3,"Hash Buckets": 1024,"Original Hash Buckets": 1024,"Hash Batches": 1,"Original Hash Batches": 1,"Peak Memory Usage": 9,"Workers": [],"Plans": [{"Node Type": "Seq Scan","Parent Relationship": "Outer","Parallel Aware": false,"Async Capable": false,"Relation Name": "region","Alias": "region","Startup Cost": 0.00,"Total Cost": 1.06,"Plan Rows": 1,"Plan Width": 4,"Actual Startup Time": 0.036,"Actual Total Time": 0.040,"Actual Rows": 1,"Actual Loops": 3,"Filter": "(r_name = 'AMERICA'::bpchar)","Rows Removed by Filter": 4,"Workers": []}]}]}]}]},{"Node Type": "Index Scan","Parent Relationship": "Inner","Parallel Aware": false,"Async Capable": false,"Scan Direction": "Forward","Index Name": "idx_orders_custkey","Relation Name": "orders","Alias": "orders","Startup Cost": 0.43,"Total Cost": 1.55,"Plan Rows": 3,"Plan Width": 8,"Actual Startup Time": 0.016,"Actual Total Time": 0.039,"Actual Rows": 2,"Actual Loops": 29952,"Index Cond": "(o_custkey = customer.c_custkey)","Rows Removed by Index Recheck": 0,"Filter": "((o_orderdate >= '1995-01-01'::date) AND (o_orderdate < '1996-01-01 00:00:00'::timestamp without time zone))","Rows Removed by Filter": 8,"Workers": []}]},{"Node Type": "Index Scan","Parent Relationship": "Inner","Parallel Aware": false,"Async Capable": false,"Scan Direction": "Forward","Index Name": "idx_lineitem_orderkey","Relation Name": "lineitem","Alias": "lineitem","Startup Cost": 0.43,"Total Cost": 2.87,"Plan Rows": 17,"Plan Width": 20,"Actual Startup Time": 0.016,"Actual Total Time": 0.019,"Actual Rows": 4,"Actual Loops": 45630,"Index Cond": "(l_orderkey = orders.o_orderkey)","Rows Removed by Index Recheck": 0,"Workers": []}]},{"Node Type": "Hash","Parent Relationship": "Inner","Parallel Aware": false,"Async Capable": false,"Startup Cost": 322.00,"Total Cost": 322.00,"Plan Rows": 10000,"Plan Width": 8,"Actual Startup Time": 8.645,"Actual Total Time": 8.649,"Actual Rows": 10000,"Actual Loops": 3,"Hash Buckets": 16384,"Original Hash Buckets": 16384,"Hash Batches": 1,"Original Hash Batches": 1,"Peak Memory Usage": 519,"Workers": [],"Plans": [{"Node Type": "Seq Scan","Parent Relationship": "Outer","Parallel Aware": false,"Async Capable": false,"Relation Name": "supplier","Alias": "supplier","Startup Cost": 0.00,"Total Cost": 322.00,"Plan Rows": 10000,"Plan Width": 8,"Actual Startup Time": 0.041,"Actual Total Time": 6.699,"Actual Rows": 10000,"Actual Loops": 3,"Workers": []}]}]}]}]}]}]}]},"Planning Time": 10.274,"Triggers": [],"Execution Time": 830.793}]
[{"Plan": {"Node Type": "Sort","Parallel Aware": false,"Async Capable": false,"Startup Cost": 21612.43,"Total Cost": 21612.50,"Plan Rows": 25,"Plan Width": 136,"Actual Startup Time": 827.834,"Actual Total Time": 858.973,"Actual Rows": 5,"Actual Loops": 1,"Sort Key": ["(sum((lineitem.l_extendedprice * ('1'::numeric - lineitem.l_discount)))) DESC"],"Sort Method": "quicksort","Sort Space Used": 25,"Sort Space Type": "Memory","Plans": [{"Node Type": "Aggregate","Strategy": "Sorted","Partial Mode": "Finalize","Parent Relationship": "Outer","Parallel Aware": false,"Async Capable": false,"Startup Cost": 21597.38,"Total Cost": 21611.85,"Plan Rows": 25,"Plan Width": 136,"Actual Startup Time": 827.274,"Actual Total Time": 858.918,"Actual Rows": 5,"Actual Loops": 1,"Group Key": ["nation.n_name"],"Plans": [{"Node Type": "Gather Merge","Parent Relationship": "Outer","Parallel Aware": false,"Async Capable": false,"Startup Cost": 21597.38,"Total Cost": 21611.17,"Plan Rows": 50,"Plan Width": 136,"Actual Startup Time": 827.088,"Actual Total Time": 858.883,"Actual Rows": 15,"Actual Loops": 1,"Workers Planned": 2,"Workers Launched": 2,"Plans": [{"Node Type": "Aggregate","Strategy": "Sorted","Partial Mode": "Partial","Parent Relationship": "Outer","Parallel Aware": false,"Async Capable": false,"Startup Cost": 20597.36,"Total Cost": 20605.37,"Plan Rows": 25,"Plan Width": 136,"Actual Startup Time": 818.981,"Actual Total Time": 819.657,"Actual Rows": 5,"Actual Loops": 3,"Group Key": ["nation.n_name"],"Workers": [],"Plans": [{"Node Type": "Sort","Parent Relationship": "Outer","Parallel Aware": false,"Async Capable": false,"Startup Cost": 20597.36,"Total Cost": 20598.90,"Plan Rows": 616,"Plan Width": 116,"Actual Startup Time": 818.754,"Actual Total Time": 818.877,"Actual Rows": 2367,"Actual Loops": 3,"Sort Key": ["nation.n_name"],"Sort Method": "quicksort","Sort Space Used": 283,"Sort Space Type": "Memory","Workers": [{"Worker Number": 0,"Sort Method": "quicksort","Sort Space Used": 277,"Sort Space Type": "Memory"},{"Worker Number": 1,"Sort Method": "quicksort","Sort Space Used": 284,"Sort Space Type": "Memory"}],"Plans": [{"Node Type": "Hash Join","Parent Relationship": "Outer","Parallel Aware": false,"Async Capable": false,"Join Type": "Inner","Startup Cost": 475.27,"Total Cost": 20568.82,"Plan Rows": 616,"Plan Width": 116,"Actual Startup Time": 13.272,"Actual Total Time": 817.265,"Actual Rows": 2367,"Actual Loops": 3,"Inner Unique": true,"Hash Cond": "((lineitem.l_suppkey = supplier.s_suppkey) AND (customer.c_nationkey = supplier.s_nationkey))","Workers": [],"Plans": [{"Node Type": "Nested Loop","Parent Relationship": "Outer","Parallel Aware": false,"Async Capable": false,"Join Type": "Inner","Startup Cost": 3.27,"Total Cost": 20015.89,"Plan Rows": 15415,"Plan Width": 128,"Actual Startup Time": 0.973,"Actual Total Time": 770.169,"Actual Rows": 60208,"Actual Loops": 3,"Inner Unique": false,"Workers": [],"Plans": [{"Node Type": "Nested Loop","Parent Relationship": "Outer","Parallel Aware": false,"Async Capable": false,"Join Type": "Inner","Startup Cost": 2.84,"Total Cost": 8414.26,"Plan Rows": 3853,"Plan Width": 116,"Actual Startup Time": 0.870,"Actual Total Time": 466.623,"Actual Rows": 15051,"Actual Loops": 3,"Inner Unique": false,"Workers": [],"Plans": [{"Node Type": "Hash Join","Parent Relationship": "Outer","Parallel Aware": false,"Async Capable": false,"Join Type": "Inner","Startup Cost": 2.41,"Total Cost": 4471.79,"Plan Rows": 2500,"Plan Width": 116,"Actual Startup Time": 0.250,"Actual Total Time": 58.358,"Actual Rows": 9921,"Actual Loops": 3,"Inner Unique": false,"Hash Cond": "(customer.c_nationkey = nation.n_nationkey)","Workers": [],"Plans": [{"Node Type": "Seq Scan","Parent Relationship": "Outer","Parallel Aware": true,"Async Capable": false,"Relation Name": "customer","Alias": "customer","Startup Cost": 0.00,"Total Cost": 4210.00,"Plan Rows": 62500,"Plan Width": 8,"Actual Startup Time": 0.013,"Actual Total Time": 10.073,"Actual Rows": 50000,"Actual Loops": 3,"Workers": []},{"Node Type": "Hash","Parent Relationship": "Inner","Parallel Aware": false,"Async Capable": false,"Startup Cost": 2.40,"Total Cost": 2.40,"Plan Rows": 1,"Plan Width": 108,"Actual Startup Time": 0.153,"Actual Total Time": 0.173,"Actual Rows": 5,"Actual Loops": 3,"Hash Buckets": 1024,"Original Hash Buckets": 1024,"Hash Batches": 1,"Original Hash Batches": 1,"Peak Memory Usage": 9,"Workers": [],"Plans": [{"Node Type": "Hash Join","Parent Relationship": "Outer","Parallel Aware": false,"Async Capable": false,"Join Type": "Inner","Startup Cost": 1.07,"Total Cost": 2.40,"Plan Rows": 1,"Plan Width": 108,"Actual Startup Time": 0.137,"Actual Total Time": 0.162,"Actual Rows": 5,"Actual Loops": 3,"Inner Unique": true,"Hash Cond": "(nation.n_regionkey = region.r_regionkey)","Workers": [],"Plans": [{"Node Type": "Seq Scan","Parent Relationship": "Outer","Parallel Aware": false,"Async Capable": false,"Relation Name": "nation","Alias": "nation","Startup Cost": 0.00,"Total Cost": 1.25,"Plan Rows": 25,"Plan Width": 112,"Actual Startup Time": 0.055,"Actual Total Time": 0.059,"Actual Rows": 25,"Actual Loops": 3,"Workers": []},{"Node Type": "Hash","Parent Relationship": "Inner","Parallel Aware": false,"Async Capable": false,"Startup Cost": 1.06,"Total Cost": 1.06,"Plan Rows": 1,"Plan Width": 4,"Actual Startup Time": 0.058,"Actual Total Time": 0.065,"Actual Rows": 1,"Actual Loops": 3,"Hash Buckets": 1024,"Original Hash Buckets": 1024,"Hash Batches": 1,"Original Hash Batches": 1,"Peak Memory Usage": 9,"Workers": [],"Plans": [{"Node Type": "Seq Scan","Parent Relationship": "Outer","Parallel Aware": false,"Async Capable": false,"Relation Name": "region","Alias": "region","Startup Cost": 0.00,"Total Cost": 1.06,"Plan Rows": 1,"Plan Width": 4,"Actual Startup Time": 0.044,"Actual Total Time": 0.048,"Actual Rows": 1,"Actual Loops": 3,"Filter": "(r_name = 'AFRICA'::bpchar)","Rows Removed by Filter": 4,"Workers": []}]}]}]}]},{"Node Type": "Index Scan","Parent Relationship": "Inner","Parallel Aware": false,"Async Capable": false,"Scan Direction": "Forward","Index Name": "idx_orders_custkey","Relation Name": "orders","Alias": "orders","Startup Cost": 0.43,"Total Cost": 1.55,"Plan Rows": 3,"Plan Width": 8,"Actual Startup Time": 0.018,"Actual Total Time": 0.041,"Actual Rows": 2,"Actual Loops": 29764,"Index Cond": "(o_custkey = customer.c_custkey)","Rows Removed by Index Recheck": 0,"Filter": "((o_orderdate >= '1994-01-01'::date) AND (o_orderdate < '1995-01-01 00:00:00'::timestamp without time zone))","Rows Removed by Filter": 9,"Workers": []}]},{"Node Type": "Index Scan","Parent Relationship": "Inner","Parallel Aware": false,"Async Capable": false,"Scan Direction": "Forward","Index Name": "idx_lineitem_orderkey","Relation Name": "lineitem","Alias": "lineitem","Startup Cost": 0.43,"Total Cost": 2.84,"Plan Rows": 17,"Plan Width": 20,"Actual Startup Time": 0.017,"Actual Total Time": 0.019,"Actual Rows": 4,"Actual Loops": 45152,"Index Cond": "(l_orderkey = orders.o_orderkey)","Rows Removed by Index Recheck": 0,"Workers": []}]},{"Node Type": "Hash","Parent Relationship": "Inner","Parallel Aware": false,"Async Capable": false,"Startup Cost": 322.00,"Total Cost": 322.00,"Plan Rows": 10000,"Plan Width": 8,"Actual Startup Time": 11.376,"Actual Total Time": 11.381,"Actual Rows": 10000,"Actual Loops": 3,"Hash Buckets": 16384,"Original Hash Buckets": 16384,"Hash Batches": 1,"Original Hash Batches": 1,"Peak Memory Usage": 519,"Workers": [],"Plans": [{"Node Type": "Seq Scan","Parent Relationship": "Outer","Parallel Aware": false,"Async Capable": false,"Relation Name": "supplier","Alias": "supplier","Startup Cost": 0.00,"Total Cost": 322.00,"Plan Rows": 10000,"Plan Width": 8,"Actual Startup Time": 0.042,"Actual Total Time": 9.565,"Actual Rows": 10000,"Actual Loops": 3,"Workers": []}]}]}]}]}]}]}]},"Planning Time": 10.751,"Triggers": [],"Execution Time": 859.508}]
[{"Plan": {"Node Type": "Sort","Parallel Aware": false,"Async Capable": false,"Startup Cost": 21612.43,"Total Cost": 21612.50,"Plan Rows": 25,"Plan Width": 136,"Actual Startup Time": 835.932,"Actual Total Time": 867.365,"Actual Rows": 5,"Actual Loops": 1,"Sort Key": ["(sum((lineitem.l_extendedprice * ('1'::numeric - lineitem.l_discount)))) DESC"],"Sort Method": "quicksort","Sort Space Used": 25,"Sort Space Type": "Memory","Plans": [{"Node Type": "Aggregate","Strategy": "Sorted","Partial Mode": "Finalize","Parent Relationship": "Outer","Parallel Aware": false,"Async Capable": false,"Startup Cost": 21597.38,"Total Cost": 21611.85,"Plan Rows": 25,"Plan Width": 136,"Actual Startup Time": 835.364,"Actual Total Time": 867.318,"Actual Rows": 5,"Actual Loops": 1,"Group Key": ["nation.n_name"],"Plans": [{"Node Type": "Gather Merge","Parent Relationship": "Outer","Parallel Aware": false,"Async Capable": false,"Startup Cost": 21597.38,"Total Cost": 21611.17,"Plan Rows": 50,"Plan Width": 136,"Actual Startup Time": 835.179,"Actual Total Time": 867.277,"Actual Rows": 15,"Actual Loops": 1,"Workers Planned": 2,"Workers Launched": 2,"Plans": [{"Node Type": "Aggregate","Strategy": "Sorted","Partial Mode": "Partial","Parent Relationship": "Outer","Parallel Aware": false,"Async Capable": false,"Startup Cost": 20597.36,"Total Cost": 20605.37,"Plan Rows": 25,"Plan Width": 136,"Actual Startup Time": 826.891,"Actual Total Time": 827.596,"Actual Rows": 5,"Actual Loops": 3,"Group Key": ["nation.n_name"],"Workers": [],"Plans": [{"Node Type": "Sort","Parent Relationship": "Outer","Parallel Aware": false,"Async Capable": false,"Startup Cost": 20597.36,"Total Cost": 20598.90,"Plan Rows": 616,"Plan Width": 116,"Actual Startup Time": 826.692,"Actual Total Time": 826.817,"Actual Rows": 2422,"Actual Loops": 3,"Sort Key": ["nation.n_name"],"Sort Method": "quicksort","Sort Space Used": 284,"Sort Space Type": "Memory","Workers": [{"Worker Number": 0,"Sort Method": "quicksort","Sort Space Used": 289,"Sort Space Type": "Memory"},{"Worker Number": 1,"Sort Method": "quicksort","Sort Space Used": 285,"Sort Space Type": "Memory"}],"Plans": [{"Node Type": "Hash Join","Parent Relationship": "Outer","Parallel Aware": false,"Async Capable": false,"Join Type": "Inner","Startup Cost": 475.27,"Total Cost": 20568.82,"Plan Rows": 616,"Plan Width": 116,"Actual Startup Time": 12.416,"Actual Total Time": 825.180,"Actual Rows": 2422,"Actual Loops": 3,"Inner Unique": true,"Hash Cond": "((lineitem.l_suppkey = supplier.s_suppkey) AND (customer.c_nationkey = supplier.s_nationkey))","Workers": [],"Plans": [{"Node Type": "Nested Loop","Parent Relationship": "Outer","Parallel Aware": false,"Async Capable": false,"Join Type": "Inner","Startup Cost": 3.27,"Total Cost": 20015.89,"Plan Rows": 15415,"Plan Width": 128,"Actual Startup Time": 0.717,"Actual Total Time": 776.964,"Actual Rows": 61524,"Actual Loops": 3,"Inner Unique": false,"Workers": [],"Plans": [{"Node Type": "Nested Loop","Parent Relationship": "Outer","Parallel Aware": false,"Async Capable": false,"Join Type": "Inner","Startup Cost": 2.84,"Total Cost": 8414.26,"Plan Rows": 3853,"Plan Width": 116,"Actual Startup Time": 0.594,"Actual Total Time": 468.318,"Actual Rows": 15364,"Actual Loops": 3,"Inner Unique": false,"Workers": [],"Plans": [{"Node Type": "Hash Join","Parent Relationship": "Outer","Parallel Aware": false,"Async Capable": false,"Join Type": "Inner","Startup Cost": 2.41,"Total Cost": 4471.79,"Plan Rows": 2500,"Plan Width": 116,"Actual Startup Time": 0.257,"Actual Total Time": 59.024,"Actual Rows": 10066,"Actual Loops": 3,"Inner Unique": false,"Hash Cond": "(customer.c_nationkey = nation.n_nationkey)","Workers": [],"Plans": [{"Node Type": "Seq Scan","Parent Relationship": "Outer","Parallel Aware": true,"Async Capable": false,"Relation Name": "customer","Alias": "customer","Startup Cost": 0.00,"Total Cost": 4210.00,"Plan Rows": 62500,"Plan Width": 8,"Actual Startup Time": 0.018,"Actual Total Time": 10.025,"Actual Rows": 50000,"Actual Loops": 3,"Workers": []},{"Node Type": "Hash","Parent Relationship": "Inner","Parallel Aware": false,"Async Capable": false,"Startup Cost": 2.40,"Total Cost": 2.40,"Plan Rows": 1,"Plan Width": 108,"Actual Startup Time": 0.151,"Actual Total Time": 0.168,"Actual Rows": 5,"Actual Loops": 3,"Hash Buckets": 1024,"Original Hash Buckets": 1024,"Hash Batches": 1,"Original Hash Batches": 1,"Peak Memory Usage": 9,"Workers": [],"Plans": [{"Node Type": "Hash Join","Parent Relationship": "Outer","Parallel Aware": false,"Async Capable": false,"Join Type": "Inner","Startup Cost": 1.07,"Total Cost": 2.40,"Plan Rows": 1,"Plan Width": 108,"Actual Startup Time": 0.138,"Actual Total Time": 0.159,"Actual Rows": 5,"Actual Loops": 3,"Inner Unique": true,"Hash Cond": "(nation.n_regionkey = region.r_regionkey)","Workers": [],"Plans": [{"Node Type": "Seq Scan","Parent Relationship": "Outer","Parallel Aware": false,"Async Capable": false,"Relation Name": "nation","Alias": "nation","Startup Cost": 0.00,"Total Cost": 1.25,"Plan Rows": 25,"Plan Width": 112,"Actual Startup Time": 0.050,"Actual Total Time": 0.055,"Actual Rows": 25,"Actual Loops": 3,"Workers": []},{"Node Type": "Hash","Parent Relationship": "Inner","Parallel Aware": false,"Async Capable": false,"Startup Cost": 1.06,"Total Cost": 1.06,"Plan Rows": 1,"Plan Width": 4,"Actual Startup Time": 0.059,"Actual Total Time": 0.064,"Actual Rows": 1,"Actual Loops": 3,"Hash Buckets": 1024,"Original Hash Buckets": 1024,"Hash Batches": 1,"Original Hash Batches": 1,"Peak Memory Usage": 9,"Workers": [],"Plans": [{"Node Type": "Seq Scan","Parent Relationship": "Outer","Parallel Aware": false,"Async Capable": false,"Relation Name": "region","Alias": "region","Startup Cost": 0.00,"Total Cost": 1.06,"Plan Rows": 1,"Plan Width": 4,"Actual Startup Time": 0.043,"Actual Total Time": 0.045,"Actual Rows": 1,"Actual Loops": 3,"Filter": "(r_name = 'EUROPE'::bpchar)","Rows Removed by Filter": 4,"Workers": []}]}]}]}]},{"Node Type": "Index Scan","Parent Relationship": "Inner","Parallel Aware": false,"Async Capable": false,"Scan Direction": "Forward","Index Name": "idx_orders_custkey","Relation Name": "orders","Alias": "orders","Startup Cost": 0.43,"Total Cost": 1.55,"Plan Rows": 3,"Plan Width": 8,"Actual Startup Time": 0.017,"Actual Total Time": 0.040,"Actual Rows": 2,"Actual Loops": 30197,"Index Cond": "(o_custkey = customer.c_custkey)","Rows Removed by Index Recheck": 0,"Filter": "((o_orderdate >= '1994-01-01'::date) AND (o_orderdate < '1995-01-01 00:00:00'::timestamp without time zone))","Rows Removed by Filter": 9,"Workers": []}]},{"Node Type": "Index Scan","Parent Relationship": "Inner","Parallel Aware": false,"Async Capable": false,"Scan Direction": "Forward","Index Name": "idx_lineitem_orderkey","Relation Name": "lineitem","Alias": "lineitem","Startup Cost": 0.43,"Total Cost": 2.84,"Plan Rows": 17,"Plan Width": 20,"Actual Startup Time": 0.017,"Actual Total Time": 0.019,"Actual Rows": 4,"Actual Loops": 46093,"Index Cond": "(l_orderkey = orders.o_orderkey)","Rows Removed by Index Recheck": 0,"Workers": []}]},{"Node Type": "Hash","Parent Relationship": "Inner","Parallel Aware": false,"Async Capable": false,"Startup Cost": 322.00,"Total Cost": 322.00,"Plan Rows": 10000,"Plan Width": 8,"Actual Startup Time": 10.479,"Actual Total Time": 10.484,"Actual Rows": 10000,"Actual Loops": 3,"Hash Buckets": 16384,"Original Hash Buckets": 16384,"Hash Batches": 1,"Original Hash Batches": 1,"Peak Memory Usage": 519,"Workers": [],"Plans": [{"Node Type": "Seq Scan","Parent Relationship": "Outer","Parallel Aware": false,"Async Capable": false,"Relation Name": "supplier","Alias": "supplier","Startup Cost": 0.00,"Total Cost": 322.00,"Plan Rows": 10000,"Plan Width": 8,"Actual Startup Time": 0.042,"Actual Total Time": 8.711,"Actual Rows": 10000,"Actual Loops": 3,"Workers": []}]}]}]}]}]}]}]},"Planning Time": 9.647,"Triggers": [],"Execution Time": 867.883}]
[{"Plan": {"Node Type": "Sort","Parallel Aware": false,"Async Capable": false,"Startup Cost": 21612.43,"Total Cost": 21612.50,"Plan Rows": 25,"Plan Width": 136,"Actual Startup Time": 832.616,"Actual Total Time": 862.680,"Actual Rows": 5,"Actual Loops": 1,"Sort Key": ["(sum((lineitem.l_extendedprice * ('1'::numeric - lineitem.l_discount)))) DESC"],"Sort Method": "quicksort","Sort Space Used": 25,"Sort Space Type": "Memory","Plans": [{"Node Type": "Aggregate","Strategy": "Sorted","Partial Mode": "Finalize","Parent Relationship": "Outer","Parallel Aware": false,"Async Capable": false,"Startup Cost": 21597.38,"Total Cost": 21611.85,"Plan Rows": 25,"Plan Width": 136,"Actual Startup Time": 832.009,"Actual Total Time": 862.637,"Actual Rows": 5,"Actual Loops": 1,"Group Key": ["nation.n_name"],"Plans": [{"Node Type": "Gather Merge","Parent Relationship": "Outer","Parallel Aware": false,"Async Capable": false,"Startup Cost": 21597.38,"Total Cost": 21611.17,"Plan Rows": 50,"Plan Width": 136,"Actual Startup Time": 831.804,"Actual Total Time": 862.590,"Actual Rows": 15,"Actual Loops": 1,"Workers Planned": 2,"Workers Launched": 2,"Plans": [{"Node Type": "Aggregate","Strategy": "Sorted","Partial Mode": "Partial","Parent Relationship": "Outer","Parallel Aware": false,"Async Capable": false,"Startup Cost": 20597.36,"Total Cost": 20605.37,"Plan Rows": 25,"Plan Width": 136,"Actual Startup Time": 824.333,"Actual Total Time": 825.038,"Actual Rows": 5,"Actual Loops": 3,"Group Key": ["nation.n_name"],"Workers": [],"Plans": [{"Node Type": "Sort","Parent Relationship": "Outer","Parallel Aware": false,"Async Capable": false,"Startup Cost": 20597.36,"Total Cost": 20598.90,"Plan Rows": 616,"Plan Width": 116,"Actual Startup Time": 824.137,"Actual Total Time": 824.256,"Actual Rows": 2417,"Actual Loops": 3,"Sort Key": ["nation.n_name"],"Sort Method": "quicksort","Sort Space Used": 288,"Sort Space Type": "Memory","Workers": [{"Worker Number": 0,"Sort Method": "quicksort","Sort Space Used": 280,"Sort Space Type": "Memory"},{"Worker Number": 1,"Sort Method": "quicksort","Sort Space Used": 288,"Sort Space Type": "Memory"}],"Plans": [{"Node Type": "Hash Join","Parent Relationship": "Outer","Parallel Aware": false,"Async Capable": false,"Join Type": "Inner","Startup Cost": 475.27,"Total Cost": 20568.82,"Plan Rows": 616,"Plan Width": 116,"Actual Startup Time": 12.703,"Actual Total Time": 822.671,"Actual Rows": 2417,"Actual Loops": 3,"Inner Unique": true,"Hash Cond": "((lineitem.l_suppkey = supplier.s_suppkey) AND (customer.c_nationkey = supplier.s_nationkey))","Workers": [],"Plans": [{"Node Type": "Nested Loop","Parent Relationship": "Outer","Parallel Aware": false,"Async Capable": false,"Join Type": "Inner","Startup Cost": 3.27,"Total Cost": 20015.89,"Plan Rows": 15415,"Plan Width": 128,"Actual Startup Time": 0.571,"Actual Total Time": 776.984,"Actual Rows": 59997,"Actual Loops": 3,"Inner Unique": false,"Workers": [],"Plans": [{"Node Type": "Nested Loop","Parent Relationship": "Outer","Parallel Aware": false,"Async Capable": false,"Join Type": "Inner","Startup Cost": 2.84,"Total Cost": 8414.26,"Plan Rows": 3853,"Plan Width": 116,"Actual Startup Time": 0.454,"Actual Total Time": 470.088,"Actual Rows": 15003,"Actual Loops": 3,"Inner Unique": false,"Workers": [],"Plans": [{"Node Type": "Hash Join","Parent Relationship": "Outer","Parallel Aware": false,"Async Capable": false,"Join Type": "Inner","Startup Cost": 2.41,"Total Cost": 4471.79,"Plan Rows": 2500,"Plan Width": 116,"Actual Startup Time": 0.227,"Actual Total Time": 60.370,"Actual Rows": 9968,"Actual Loops": 3,"Inner Unique": false,"Hash Cond": "(customer.c_nationkey = nation.n_nationkey)","Workers": [],"Plans": [{"Node Type": "Seq Scan","Parent Relationship": "Outer","Parallel Aware": true,"Async Capable": false,"Relation Name": "customer","Alias": "customer","Startup Cost": 0.00,"Total Cost": 4210.00,"Plan Rows": 62500,"Plan Width": 8,"Actual Startup Time": 0.013,"Actual Total Time": 10.099,"Actual Rows": 50000,"Actual Loops": 3,"Workers": []},{"Node Type": "Hash","Parent Relationship": "Inner","Parallel Aware": false,"Async Capable": false,"Startup Cost": 2.40,"Total Cost": 2.40,"Plan Rows": 1,"Plan Width": 108,"Actual Startup Time": 0.138,"Actual Total Time": 0.150,"Actual Rows": 5,"Actual Loops": 3,"Hash Buckets": 1024,"Original Hash Buckets": 1024,"Hash Batches": 1,"Original Hash Batches": 1,"Peak Memory Usage": 9,"Workers": [],"Plans": [{"Node Type": "Hash Join","Parent Relationship": "Outer","Parallel Aware": false,"Async Capable": false,"Join Type": "Inner","Startup Cost": 1.07,"Total Cost": 2.40,"Plan Rows": 1,"Plan Width": 108,"Actual Startup Time": 0.125,"Actual Total Time": 0.142,"Actual Rows": 5,"Actual Loops": 3,"Inner Unique": true,"Hash Cond": "(nation.n_regionkey = region.r_regionkey)","Workers": [],"Plans": [{"Node Type": "Seq Scan","Parent Relationship": "Outer","Parallel Aware": false,"Async Capable": false,"Relation Name": "nation","Alias": "nation","Startup Cost": 0.00,"Total Cost": 1.25,"Plan Rows": 25,"Plan Width": 112,"Actual Startup Time": 0.044,"Actual Total Time": 0.047,"Actual Rows": 25,"Actual Loops": 3,"Workers": []},{"Node Type": "Hash","Parent Relationship": "Inner","Parallel Aware": false,"Async Capable": false,"Startup Cost": 1.06,"Total Cost": 1.06,"Plan Rows": 1,"Plan Width": 4,"Actual Startup Time": 0.054,"Actual Total Time": 0.057,"Actual Rows": 1,"Actual Loops": 3,"Hash Buckets": 1024,"Original Hash Buckets": 1024,"Hash Batches": 1,"Original Hash Batches": 1,"Peak Memory Usage": 9,"Workers": [],"Plans": [{"Node Type": "Seq Scan","Parent Relationship": "Outer","Parallel Aware": false,"Async Capable": false,"Relation Name": "region","Alias": "region","Startup Cost": 0.00,"Total Cost": 1.06,"Plan Rows": 1,"Plan Width": 4,"Actual Startup Time": 0.039,"Actual Total Time": 0.040,"Actual Rows": 1,"Actual Loops": 3,"Filter": "(r_name = 'MIDDLE EAST'::bpchar)","Rows Removed by Filter": 4,"Workers": []}]}]}]}]},{"Node Type": "Index Scan","Parent Relationship": "Inner","Parallel Aware": false,"Async Capable": false,"Scan Direction": "Forward","Index Name": "idx_orders_custkey","Relation Name": "orders","Alias": "orders","Startup Cost": 0.43,"Total Cost": 1.55,"Plan Rows": 3,"Plan Width": 8,"Actual Startup Time": 0.017,"Actual Total Time": 0.041,"Actual Rows": 2,"Actual Loops": 29904,"Index Cond": "(o_custkey = customer.c_custkey)","Rows Removed by Index Recheck": 0,"Filter": "((o_orderdate >= '1994-01-01'::date) AND (o_orderdate < '1995-01-01 00:00:00'::timestamp without time zone))","Rows Removed by Filter": 8,"Workers": []}]},{"Node Type": "Index Scan","Parent Relationship": "Inner","Parallel Aware": false,"Async Capable": false,"Scan Direction": "Forward","Index Name": "idx_lineitem_orderkey","Relation Name": "lineitem","Alias": "lineitem","Startup Cost": 0.43,"Total Cost": 2.84,"Plan Rows": 17,"Plan Width": 20,"Actual Startup Time": 0.017,"Actual Total Time": 0.020,"Actual Rows": 4,"Actual Loops": 45009,"Index Cond": "(l_orderkey = orders.o_orderkey)","Rows Removed by Index Recheck": 0,"Workers": []}]},{"Node Type": "Hash","Parent Relationship": "Inner","Parallel Aware": false,"Async Capable": false,"Startup Cost": 322.00,"Total Cost": 322.00,"Plan Rows": 10000,"Plan Width": 8,"Actual Startup Time": 11.133,"Actual Total Time": 11.135,"Actual Rows": 10000,"Actual Loops": 3,"Hash Buckets": 16384,"Original Hash Buckets": 16384,"Hash Batches": 1,"Original Hash Batches": 1,"Peak Memory Usage": 519,"Workers": [],"Plans": [{"Node Type": "Seq Scan","Parent Relationship": "Outer","Parallel Aware": false,"Async Capable": false,"Relation Name": "supplier","Alias": "supplier","Startup Cost": 0.00,"Total Cost": 322.00,"Plan Rows": 10000,"Plan Width": 8,"Actual Startup Time": 0.042,"Actual Total Time": 9.282,"Actual Rows": 10000,"Actual Loops": 3,"Workers": []}]}]}]}]}]}]}]},"Planning Time": 10.906,"Triggers": [],"Execution Time": 863.139}]
[{"Plan": {"Node Type": "Sort","Parallel Aware": false,"Async Capable": false,"Startup Cost": 21612.43,"Total Cost": 21612.50,"Plan Rows": 25,"Plan Width": 136,"Actual Startup Time": 835.932,"Actual Total Time": 867.365,"Actual Rows": 5,"Actual Loops": 1,"Sort Key": ["(sum((lineitem.l_extendedprice * ('1'::numeric - lineitem.l_discount)))) DESC"],"Sort Method": "quicksort","Sort Space Used": 25,"Sort Space Type": "Memory","Plans": [{"Node Type": "Aggregate","Strategy": "Sorted","Partial Mode": "Finalize","Parent Relationship": "Outer","Parallel Aware": false,"Async Capable": false,"Startup Cost": 21597.38,"Total Cost": 21611.85,"Plan Rows": 25,"Plan Width": 136,"Actual Startup Time": 835.364,"Actual Total Time": 867.318,"Actual Rows": 5,"Actual Loops": 1,"Group Key": ["nation.n_name"],"Plans": [{"Node Type": "Gather Merge","Parent Relationship": "Outer","Parallel Aware": false,"Async Capable": false,"Startup Cost": 21597.38,"Total Cost": 21611.17,"Plan Rows": 50,"Plan Width": 136,"Actual Startup Time": 835.179,"Actual Total Time": 867.277,"Actual Rows": 15,"Actual Loops": 1,"Workers Planned": 2,"Workers Launched": 2,"Plans": [{"Node Type": "Aggregate","Strategy": "Sorted","Partial Mode": "Partial","Parent Relationship": "Outer","Parallel Aware": false,"Async Capable": false,"Startup Cost": 20597.36,"Total Cost": 20605.37,"Plan Rows": 25,"Plan Width": 136,"Actual Startup Time": 826.891,"Actual Total Time": 827.596,"Actual Rows": 5,"Actual Loops": 3,"Group Key": ["nation.n_name"],"Workers": [],"Plans": [{"Node Type": "Sort","Parent Relationship": "Outer","Parallel Aware": false,"Async Capable": false,"Startup Cost": 20597.36,"Total Cost": 20598.90,"Plan Rows": 616,"Plan Width": 116,"Actual Startup Time": 826.692,"Actual Total Time": 826.817,"Actual Rows": 2422,"Actual Loops": 3,"Sort Key": ["nation.n_name"],"Sort Method": "quicksort","Sort Space Used": 284,"Sort Space Type": "Memory","Workers": [{"Worker Number": 0,"Sort Method": "quicksort","Sort Space Used": 289,"Sort Space Type": "Memory"},{"Worker Number": 1,"Sort Method": "quicksort","Sort Space Used": 285,"Sort Space Type": "Memory"}],"Plans": [{"Node Type": "Hash Join","Parent Relationship": "Outer","Parallel Aware": false,"Async Capable": false,"Join Type": "Inner","Startup Cost": 475.27,"Total Cost": 20568.82,"Plan Rows": 616,"Plan Width": 116,"Actual Startup Time": 12.416,"Actual Total Time": 825.180,"Actual Rows": 2422,"Actual Loops": 3,"Inner Unique": true,"Hash Cond": "((lineitem.l_suppkey = supplier.s_suppkey) AND (customer.c_nationkey = supplier.s_nationkey))","Workers": [],"Plans": [{"Node Type": "Nested Loop","Parent Relationship": "Outer","Parallel Aware": false,"Async Capable": false,"Join Type": "Inner","Startup Cost": 3.27,"Total Cost": 20015.89,"Plan Rows": 15415,"Plan Width": 128,"Actual Startup Time": 0.717,"Actual Total Time": 776.964,"Actual Rows": 61524,"Actual Loops": 3,"Inner Unique": false,"Workers": [],"Plans": [{"Node Type": "Nested Loop","Parent Relationship": "Outer","Parallel Aware": false,"Async Capable": false,"Join Type": "Inner","Startup Cost": 2.84,"Total Cost": 8414.26,"Plan Rows": 3853,"Plan Width": 116,"Actual Startup Time": 0.594,"Actual Total Time": 468.318,"Actual Rows": 15364,"Actual Loops": 3,"Inner Unique": false,"Workers": [],"Plans": [{"Node Type": "Hash Join","Parent Relationship": "Outer","Parallel Aware": false,"Async Capable": false,"Join Type": "Inner","Startup Cost": 2.41,"Total Cost": 4471.79,"Plan Rows": 2500,"Plan Width": 116,"Actual Startup Time": 0.257,"Actual Total Time": 59.024,"Actual Rows": 10066,"Actual Loops": 3,"Inner Unique": false,"Hash Cond": "(customer.c_nationkey = nation.n_nationkey)","Workers": [],"Plans": [{"Node Type": "Seq Scan","Parent Relationship": "Outer","Parallel Aware": true,"Async Capable": false,"Relation Name": "customer","Alias": "customer","Startup Cost": 0.00,"Total Cost": 4210.00,"Plan Rows": 62500,"Plan Width": 8,"Actual Startup Time": 0.018,"Actual Total Time": 10.025,"Actual Rows": 50000,"Actual Loops": 3,"Workers": []},{"Node Type": "Hash","Parent Relationship": "Inner","Parallel Aware": false,"Async Capable": false,"Startup Cost": 2.40,"Total Cost": 2.40,"Plan Rows": 1,"Plan Width": 108,"Actual Startup Time": 0.151,"Actual Total Time": 0.168,"Actual Rows": 5,"Actual Loops": 3,"Hash Buckets": 1024,"Original Hash Buckets": 1024,"Hash Batches": 1,"Original Hash Batches": 1,"Peak Memory Usage": 9,"Workers": [],"Plans": [{"Node Type": "Hash Join","Parent Relationship": "Outer","Parallel Aware": false,"Async Capable": false,"Join Type": "Inner","Startup Cost": 1.07,"Total Cost": 2.40,"Plan Rows": 1,"Plan Width": 108,"Actual Startup Time": 0.138,"Actual Total Time": 0.159,"Actual Rows": 5,"Actual Loops": 3,"Inner Unique": true,"Hash Cond": "(nation.n_regionkey = region.r_regionkey)","Workers": [],"Plans": [{"Node Type": "Seq Scan","Parent Relationship": "Outer","Parallel Aware": false,"Async Capable": false,"Relation Name": "nation","Alias": "nation","Startup Cost": 0.00,"Total Cost": 1.25,"Plan Rows": 25,"Plan Width": 112,"Actual Startup Time": 0.050,"Actual Total Time": 0.055,"Actual Rows": 25,"Actual Loops": 3,"Workers": []},{"Node Type": "Hash","Parent Relationship": "Inner","Parallel Aware": false,"Async Capable": false,"Startup Cost": 1.06,"Total Cost": 1.06,"Plan Rows": 1,"Plan Width": 4,"Actual Startup Time": 0.059,"Actual Total Time": 0.064,"Actual Rows": 1,"Actual Loops": 3,"Hash Buckets": 1024,"Original Hash Buckets": 1024,"Hash Batches": 1,"Original Hash Batches": 1,"Peak Memory Usage": 9,"Workers": [],"Plans": [{"Node Type": "Seq Scan","Parent Relationship": "Outer","Parallel Aware": false,"Async Capable": false,"Relation Name": "region","Alias": "region","Startup Cost": 0.00,"Total Cost": 1.06,"Plan Rows": 1,"Plan Width": 4,"Actual Startup Time": 0.043,"Actual Total Time": 0.045,"Actual Rows": 1,"Actual Loops": 3,"Filter": "(r_name = 'EUROPE'::bpchar)","Rows Removed by Filter": 4,"Workers": []}]}]}]}]},{"Node Type": "Index Scan","Parent Relationship": "Inner","Parallel Aware": false,"Async Capable": false,"Scan Direction": "Forward","Index Name": "idx_orders_custkey","Relation Name": "orders","Alias": "orders","Startup Cost": 0.43,"Total Cost": 1.55,"Plan Rows": 3,"Plan Width": 8,"Actual Startup Time": 0.017,"Actual Total Time": 0.040,"Actual Rows": 2,"Actual Loops": 30197,"Index Cond": "(o_custkey = customer.c_custkey)","Rows Removed by Index Recheck": 0,"Filter": "((o_orderdate >= '1994-01-01'::date) AND (o_orderdate < '1995-01-01 00:00:00'::timestamp without time zone))","Rows Removed by Filter": 9,"Workers": []}]},{"Node Type": "Index Scan","Parent Relationship": "Inner","Parallel Aware": false,"Async Capable": false,"Scan Direction": "Forward","Index Name": "idx_lineitem_orderkey","Relation Name": "lineitem","Alias": "lineitem","Startup Cost": 0.43,"Total Cost": 2.84,"Plan Rows": 17,"Plan Width": 20,"Actual Startup Time": 0.017,"Actual Total Time": 0.019,"Actual Rows": 4,"Actual Loops": 46093,"Index Cond": "(l_orderkey = orders.o_orderkey)","Rows Removed by Index Recheck": 0,"Workers": []}]},{"Node Type": "Hash","Parent Relationship": "Inner","Parallel Aware": false,"Async Capable": false,"Startup Cost": 322.00,"Total Cost": 322.00,"Plan Rows": 10000,"Plan Width": 8,"Actual Startup Time": 10.479,"Actual Total Time": 10.484,"Actual Rows": 10000,"Actual Loops": 3,"Hash Buckets": 16384,"Original Hash Buckets": 16384,"Hash Batches": 1,"Original Hash Batches": 1,"Peak Memory Usage": 519,"Workers": [],"Plans": [{"Node Type": "Seq Scan","Parent Relationship": "Outer","Parallel Aware": false,"Async Capable": false,"Relation Name": "supplier","Alias": "supplier","Startup Cost": 0.00,"Total Cost": 322.00,"Plan Rows": 10000,"Plan Width": 8,"Actual Startup Time": 0.042,"Actual Total Time": 8.711,"Actual Rows": 10000,"Actual Loops": 3,"Workers": []}]}]}]}]}]}]}]},"Planning Time": 9.647,"Triggers": [],"Execution Time": 867.883}]
[{"Plan": {"Node Type": "Sort","Parallel Aware": false,"Async Capable": false,"Startup Cost": 21565.81,"Total Cost": 21565.87,"Plan Rows": 25,"Plan Width": 136,"Actual Startup Time": 831.835,"Actual Total Time": 873.525,"Actual Rows": 5,"Actual Loops": 1,"Sort Key": ["(sum((lineitem.l_extendedprice * ('1'::numeric - lineitem.l_discount)))) DESC"],"Sort Method": "quicksort","Sort Space Used": 25,"Sort Space Type": "Memory","Plans": [{"Node Type": "Aggregate","Strategy": "Sorted","Partial Mode": "Finalize","Parent Relationship": "Outer","Parallel Aware": false,"Async Capable": false,"Startup Cost": 21550.86,"Total Cost": 21565.23,"Plan Rows": 25,"Plan Width": 136,"Actual Startup Time": 831.274,"Actual Total Time": 873.480,"Actual Rows": 5,"Actual Loops": 1,"Group Key": ["nation.n_name"],"Plans": [{"Node Type": "Gather Merge","Parent Relationship": "Outer","Parallel Aware": false,"Async Capable": false,"Startup Cost": 21550.86,"Total Cost": 21564.54,"Plan Rows": 50,"Plan Width": 136,"Actual Startup Time": 830.694,"Actual Total Time": 873.427,"Actual Rows": 15,"Actual Loops": 1,"Workers Planned": 2,"Workers Launched": 2,"Plans": [{"Node Type": "Aggregate","Strategy": "Sorted","Partial Mode": "Partial","Parent Relationship": "Outer","Parallel Aware": false,"Async Capable": false,"Startup Cost": 20550.84,"Total Cost": 20558.75,"Plan Rows": 25,"Plan Width": 136,"Actual Startup Time": 822.251,"Actual Total Time": 823.046,"Actual Rows": 5,"Actual Loops": 3,"Group Key": ["nation.n_name"],"Workers": [],"Plans": [{"Node Type": "Sort","Parent Relationship": "Outer","Parallel Aware": false,"Async Capable": false,"Startup Cost": 20550.84,"Total Cost": 20552.36,"Plan Rows": 608,"Plan Width": 116,"Actual Startup Time": 822.034,"Actual Total Time": 822.187,"Actual Rows": 2330,"Actual Loops": 3,"Sort Key": ["nation.n_name"],"Sort Method": "quicksort","Sort Space Used": 287,"Sort Space Type": "Memory","Workers": [{"Worker Number": 0,"Sort Method": "quicksort","Sort Space Used": 271,"Sort Space Type": "Memory"},{"Worker Number": 1,"Sort Method": "quicksort","Sort Space Used": 278,"Sort Space Type": "Memory"}],"Plans": [{"Node Type": "Hash Join","Parent Relationship": "Outer","Parallel Aware": false,"Async Capable": false,"Join Type": "Inner","Startup Cost": 475.27,"Total Cost": 20522.72,"Plan Rows": 608,"Plan Width": 116,"Actual Startup Time": 11.715,"Actual Total Time": 820.536,"Actual Rows": 2330,"Actual Loops": 3,"Inner Unique": true,"Hash Cond": "((lineitem.l_suppkey = supplier.s_suppkey) AND (customer.c_nationkey = supplier.s_nationkey))","Workers": [],"Plans": [{"Node Type": "Nested Loop","Parent Relationship": "Outer","Parallel Aware": false,"Async Capable": false,"Join Type": "Inner","Startup Cost": 3.27,"Total Cost": 19970.84,"Plan Rows": 15215,"Plan Width": 128,"Actual Startup Time": 0.848,"Actual Total Time": 777.711,"Actual Rows": 60416,"Actual Loops": 3,"Inner Unique": false,"Workers": [],"Plans": [{"Node Type": "Nested Loop","Parent Relationship": "Outer","Parallel Aware": false,"Async Capable": false,"Join Type": "Inner","Startup Cost": 2.84,"Total Cost": 8414.26,"Plan Rows": 3803,"Plan Width": 116,"Actual Startup Time": 0.710,"Actual Total Time": 470.008,"Actual Rows": 15150,"Actual Loops": 3,"Inner Unique": false,"Workers": [],"Plans": [{"Node Type": "Hash Join","Parent Relationship": "Outer","Parallel Aware": false,"Async Capable": false,"Join Type": "Inner","Startup Cost": 2.41,"Total Cost": 4471.79,"Plan Rows": 2500,"Plan Width": 116,"Actual Startup Time": 0.302,"Actual Total Time": 60.810,"Actual Rows": 9921,"Actual Loops": 3,"Inner Unique": false,"Hash Cond": "(customer.c_nationkey = nation.n_nationkey)","Workers": [],"Plans": [{"Node Type": "Seq Scan","Parent Relationship": "Outer","Parallel Aware": true,"Async Capable": false,"Relation Name": "customer","Alias": "customer","Startup Cost": 0.00,"Total Cost": 4210.00,"Plan Rows": 62500,"Plan Width": 8,"Actual Startup Time": 0.020,"Actual Total Time": 10.219,"Actual Rows": 50000,"Actual Loops": 3,"Workers": []},{"Node Type": "Hash","Parent Relationship": "Inner","Parallel Aware": false,"Async Capable": false,"Startup Cost": 2.40,"Total Cost": 2.40,"Plan Rows": 1,"Plan Width": 108,"Actual Startup Time": 0.183,"Actual Total Time": 0.205,"Actual Rows": 5,"Actual Loops": 3,"Hash Buckets": 1024,"Original Hash Buckets": 1024,"Hash Batches": 1,"Original Hash Batches": 1,"Peak Memory Usage": 9,"Workers": [],"Plans": [{"Node Type": "Hash Join","Parent Relationship": "Outer","Parallel Aware": false,"Async Capable": false,"Join Type": "Inner","Startup Cost": 1.07,"Total Cost": 2.40,"Plan Rows": 1,"Plan Width": 108,"Actual Startup Time": 0.167,"Actual Total Time": 0.195,"Actual Rows": 5,"Actual Loops": 3,"Inner Unique": true,"Hash Cond": "(nation.n_regionkey = region.r_regionkey)","Workers": [],"Plans": [{"Node Type": "Seq Scan","Parent Relationship": "Outer","Parallel Aware": false,"Async Capable": false,"Relation Name": "nation","Alias": "nation","Startup Cost": 0.00,"Total Cost": 1.25,"Plan Rows": 25,"Plan Width": 112,"Actual Startup Time": 0.065,"Actual Total Time": 0.070,"Actual Rows": 25,"Actual Loops": 3,"Workers": []},{"Node Type": "Hash","Parent Relationship": "Inner","Parallel Aware": false,"Async Capable": false,"Startup Cost": 1.06,"Total Cost": 1.06,"Plan Rows": 1,"Plan Width": 4,"Actual Startup Time": 0.074,"Actual Total Time": 0.079,"Actual Rows": 1,"Actual Loops": 3,"Hash Buckets": 1024,"Original Hash Buckets": 1024,"Hash Batches": 1,"Original Hash Batches": 1,"Peak Memory Usage": 9,"Workers": [],"Plans": [{"Node Type": "Seq Scan","Parent Relationship": "Outer","Parallel Aware": false,"Async Capable": false,"Relation Name": "region","Alias": "region","Startup Cost": 0.00,"Total Cost": 1.06,"Plan Rows": 1,"Plan Width": 4,"Actual Startup Time": 0.049,"Actual Total Time": 0.053,"Actual Rows": 1,"Actual Loops": 3,"Filter": "(r_name = 'AFRICA'::bpchar)","Rows Removed by Filter": 4,"Workers": []}]}]}]}]},{"Node Type": "Index Scan","Parent Relationship": "Inner","Parallel Aware": false,"Async Capable": false,"Scan Direction": "Forward","Index Name": "idx_orders_custkey","Relation Name": "orders","Alias": "orders","Startup Cost": 0.43,"Total Cost": 1.55,"Plan Rows": 3,"Plan Width": 8,"Actual Startup Time": 0.018,"Actual Total Time": 0.041,"Actual Rows": 2,"Actual Loops": 29764,"Index Cond": "(o_custkey = customer.c_custkey)","Rows Removed by Index Recheck": 0,"Filter": "((o_orderdate >= '1997-01-01'::date) AND (o_orderdate < '1998-01-01 00:00:00'::timestamp without time zone))","Rows Removed by Filter": 9,"Workers": []}]},{"Node Type": "Index Scan","Parent Relationship": "Inner","Parallel Aware": false,"Async Capable": false,"Scan Direction": "Forward","Index Name": "idx_lineitem_orderkey","Relation Name": "lineitem","Alias": "lineitem","Startup Cost": 0.43,"Total Cost": 2.87,"Plan Rows": 17,"Plan Width": 20,"Actual Startup Time": 0.017,"Actual Total Time": 0.020,"Actual Rows": 4,"Actual Loops": 45450,"Index Cond": "(l_orderkey = orders.o_orderkey)","Rows Removed by Index Recheck": 0,"Workers": []}]},{"Node Type": "Hash","Parent Relationship": "Inner","Parallel Aware": false,"Async Capable": false,"Startup Cost": 322.00,"Total Cost": 322.00,"Plan Rows": 10000,"Plan Width": 8,"Actual Startup Time": 8.425,"Actual Total Time": 8.430,"Actual Rows": 10000,"Actual Loops": 3,"Hash Buckets": 16384,"Original Hash Buckets": 16384,"Hash Batches": 1,"Original Hash Batches": 1,"Peak Memory Usage": 519,"Workers": [],"Plans": [{"Node Type": "Seq Scan","Parent Relationship": "Outer","Parallel Aware": false,"Async Capable": false,"Relation Name": "supplier","Alias": "supplier","Startup Cost": 0.00,"Total Cost": 322.00,"Plan Rows": 10000,"Plan Width": 8,"Actual Startup Time": 0.044,"Actual Total Time": 6.920,"Actual Rows": 10000,"Actual Loops": 3,"Workers": []}]}]}]}]}]}]}]},"Planning Time": 9.220,"Triggers": [],"Execution Time": 874.104}]
[{"Plan": {"Node Type": "Sort","Parallel Aware": false,"Async Capable": false,"Startup Cost": 21565.24,"Total Cost": 21565.30,"Plan Rows": 25,"Plan Width": 136,"Actual Startup Time": 829.883,"Actual Total Time": 862.581,"Actual Rows": 5,"Actual Loops": 1,"Sort Key": ["(sum((lineitem.l_extendedprice * ('1'::numeric - lineitem.l_discount)))) DESC"],"Sort Method": "quicksort","Sort Space Used": 25,"Sort Space Type": "Memory","Plans": [{"Node Type": "Aggregate","Strategy": "Sorted","Partial Mode": "Finalize","Parent Relationship": "Outer","Parallel Aware": false,"Async Capable": false,"Startup Cost": 21550.29,"Total Cost": 21564.66,"Plan Rows": 25,"Plan Width": 136,"Actual Startup Time": 829.271,"Actual Total Time": 862.532,"Actual Rows": 5,"Actual Loops": 1,"Group Key": ["nation.n_name"],"Plans": [{"Node Type": "Gather Merge","Parent Relationship": "Outer","Parallel Aware": false,"Async Capable": false,"Startup Cost": 21550.29,"Total Cost": 21563.97,"Plan Rows": 50,"Plan Width": 136,"Actual Startup Time": 829.074,"Actual Total Time": 862.478,"Actual Rows": 15,"Actual Loops": 1,"Workers Planned": 2,"Workers Launched": 2,"Plans": [{"Node Type": "Aggregate","Strategy": "Sorted","Partial Mode": "Partial","Parent Relationship": "Outer","Parallel Aware": false,"Async Capable": false,"Startup Cost": 20550.26,"Total Cost": 20558.18,"Plan Rows": 25,"Plan Width": 136,"Actual Startup Time": 821.816,"Actual Total Time": 822.538,"Actual Rows": 5,"Actual Loops": 3,"Group Key": ["nation.n_name"],"Workers": [],"Plans": [{"Node Type": "Sort","Parent Relationship": "Outer","Parallel Aware": false,"Async Capable": false,"Startup Cost": 20550.26,"Total Cost": 20551.78,"Plan Rows": 608,"Plan Width": 116,"Actual Startup Time": 821.604,"Actual Total Time": 821.730,"Actual Rows": 2468,"Actual Loops": 3,"Sort Key": ["nation.n_name"],"Sort Method": "quicksort","Sort Space Used": 285,"Sort Space Type": "Memory","Workers": [{"Worker Number": 0,"Sort Method": "quicksort","Sort Space Used": 293,"Sort Space Type": "Memory"},{"Worker Number": 1,"Sort Method": "quicksort","Sort Space Used": 290,"Sort Space Type": "Memory"}],"Plans": [{"Node Type": "Hash Join","Parent Relationship": "Outer","Parallel Aware": false,"Async Capable": false,"Join Type": "Inner","Startup Cost": 475.27,"Total Cost": 20522.15,"Plan Rows": 608,"Plan Width": 116,"Actual Startup Time": 10.349,"Actual Total Time": 819.988,"Actual Rows": 2468,"Actual Loops": 3,"Inner Unique": true,"Hash Cond": "((lineitem.l_suppkey = supplier.s_suppkey) AND (customer.c_nationkey = supplier.s_nationkey))","Workers": [],"Plans": [{"Node Type": "Nested Loop","Parent Relationship": "Outer","Parallel Aware": false,"Async Capable": false,"Join Type": "Inner","Startup Cost": 3.27,"Total Cost": 19970.29,"Plan Rows": 15211,"Plan Width": 128,"Actual Startup Time": 0.787,"Actual Total Time": 773.951,"Actual Rows": 61461,"Actual Loops": 3,"Inner Unique": false,"Workers": [],"Plans": [{"Node Type": "Nested Loop","Parent Relationship": "Outer","Parallel Aware": false,"Async Capable": false,"Join Type": "Inner","Startup Cost": 2.84,"Total Cost": 8414.26,"Plan Rows": 3802,"Plan Width": 116,"Actual Startup Time": 0.651,"Actual Total Time": 459.932,"Actual Rows": 15399,"Actual Loops": 3,"Inner Unique": false,"Workers": [],"Plans": [{"Node Type": "Hash Join","Parent Relationship": "Outer","Parallel Aware": false,"Async Capable": false,"Join Type": "Inner","Startup Cost": 2.41,"Total Cost": 4471.79,"Plan Rows": 2500,"Plan Width": 116,"Actual Startup Time": 0.245,"Actual Total Time": 55.063,"Actual Rows": 10066,"Actual Loops": 3,"Inner Unique": false,"Hash Cond": "(customer.c_nationkey = nation.n_nationkey)","Workers": [],"Plans": [{"Node Type": "Seq Scan","Parent Relationship": "Outer","Parallel Aware": true,"Async Capable": false,"Relation Name": "customer","Alias": "customer","Startup Cost": 0.00,"Total Cost": 4210.00,"Plan Rows": 62500,"Plan Width": 8,"Actual Startup Time": 0.014,"Actual Total Time": 9.571,"Actual Rows": 50000,"Actual Loops": 3,"Workers": []},{"Node Type": "Hash","Parent Relationship": "Inner","Parallel Aware": false,"Async Capable": false,"Startup Cost": 2.40,"Total Cost": 2.40,"Plan Rows": 1,"Plan Width": 108,"Actual Startup Time": 0.139,"Actual Total Time": 0.155,"Actual Rows": 5,"Actual Loops": 3,"Hash Buckets": 1024,"Original Hash Buckets": 1024,"Hash Batches": 1,"Original Hash Batches": 1,"Peak Memory Usage": 9,"Workers": [],"Plans": [{"Node Type": "Hash Join","Parent Relationship": "Outer","Parallel Aware": false,"Async Capable": false,"Join Type": "Inner","Startup Cost": 1.07,"Total Cost": 2.40,"Plan Rows": 1,"Plan Width": 108,"Actual Startup Time": 0.126,"Actual Total Time": 0.145,"Actual Rows": 5,"Actual Loops": 3,"Inner Unique": true,"Hash Cond": "(nation.n_regionkey = region.r_regionkey)","Workers": [],"Plans": [{"Node Type": "Seq Scan","Parent Relationship": "Outer","Parallel Aware": false,"Async Capable": false,"Relation Name": "nation","Alias": "nation","Startup Cost": 0.00,"Total Cost": 1.25,"Plan Rows": 25,"Plan Width": 112,"Actual Startup Time": 0.043,"Actual Total Time": 0.047,"Actual Rows": 25,"Actual Loops": 3,"Workers": []},{"Node Type": "Hash","Parent Relationship": "Inner","Parallel Aware": false,"Async Capable": false,"Startup Cost": 1.06,"Total Cost": 1.06,"Plan Rows": 1,"Plan Width": 4,"Actual Startup Time": 0.051,"Actual Total Time": 0.056,"Actual Rows": 1,"Actual Loops": 3,"Hash Buckets": 1024,"Original Hash Buckets": 1024,"Hash Batches": 1,"Original Hash Batches": 1,"Peak Memory Usage": 9,"Workers": [],"Plans": [{"Node Type": "Seq Scan","Parent Relationship": "Outer","Parallel Aware": false,"Async Capable": false,"Relation Name": "region","Alias": "region","Startup Cost": 0.00,"Total Cost": 1.06,"Plan Rows": 1,"Plan Width": 4,"Actual Startup Time": 0.037,"Actual Total Time": 0.039,"Actual Rows": 1,"Actual Loops": 3,"Filter": "(r_name = 'EUROPE'::bpchar)","Rows Removed by Filter": 4,"Workers": []}]}]}]}]},{"Node Type": "Index Scan","Parent Relationship": "Inner","Parallel Aware": false,"Async Capable": false,"Scan Direction": "Forward","Index Name": "idx_orders_custkey","Relation Name": "orders","Alias": "orders","Startup Cost": 0.43,"Total Cost": 1.55,"Plan Rows": 3,"Plan Width": 8,"Actual Startup Time": 0.017,"Actual Total Time": 0.040,"Actual Rows": 2,"Actual Loops": 30197,"Index Cond": "(o_custkey = customer.c_custkey)","Rows Removed by Index Recheck": 0,"Filter": "((o_orderdate >= '1995-01-01'::date) AND (o_orderdate < '1996-01-01 00:00:00'::timestamp without time zone))","Rows Removed by Filter": 9,"Workers": []}]},{"Node Type": "Index Scan","Parent Relationship": "Inner","Parallel Aware": false,"Async Capable": false,"Scan Direction": "Forward","Index Name": "idx_lineitem_orderkey","Relation Name": "lineitem","Alias": "lineitem","Startup Cost": 0.43,"Total Cost": 2.87,"Plan Rows": 17,"Plan Width": 20,"Actual Startup Time": 0.017,"Actual Total Time": 0.020,"Actual Rows": 4,"Actual Loops": 46197,"Index Cond": "(l_orderkey = orders.o_orderkey)","Rows Removed by Index Recheck": 0,"Workers": []}]},{"Node Type": "Hash","Parent Relationship": "Inner","Parallel Aware": false,"Async Capable": false,"Startup Cost": 322.00,"Total Cost": 322.00,"Plan Rows": 10000,"Plan Width": 8,"Actual Startup Time": 8.644,"Actual Total Time": 8.648,"Actual Rows": 10000,"Actual Loops": 3,"Hash Buckets": 16384,"Original Hash Buckets": 16384,"Hash Batches": 1,"Original Hash Batches": 1,"Peak Memory Usage": 519,"Workers": [],"Plans": [{"Node Type": "Seq Scan","Parent Relationship": "Outer","Parallel Aware": false,"Async Capable": false,"Relation Name": "supplier","Alias": "supplier","Startup Cost": 0.00,"Total Cost": 322.00,"Plan Rows": 10000,"Plan Width": 8,"Actual Startup Time": 0.045,"Actual Total Time": 6.681,"Actual Rows": 10000,"Actual Loops": 3,"Workers": []}]}]}]}]}]}]}]},"Planning Time": 10.340,"Triggers": [],"Execution Time": 863.182}]
[{"Plan": {"Node Type": "Sort","Parallel Aware": false,"Async Capable": false,"Startup Cost": 21616.39,"Total Cost": 21616.45,"Plan Rows": 25,"Plan Width": 136,"Actual Startup Time": 804.800,"Actual Total Time": 836.793,"Actual Rows": 5,"Actual Loops": 1,"Sort Key": ["(sum((lineitem.l_extendedprice * ('1'::numeric - lineitem.l_discount)))) DESC"],"Sort Method": "quicksort","Sort Space Used": 25,"Sort Space Type": "Memory","Plans": [{"Node Type": "Aggregate","Strategy": "Sorted","Partial Mode": "Finalize","Parent Relationship": "Outer","Parallel Aware": false,"Async Capable": false,"Startup Cost": 21601.33,"Total Cost": 21615.81,"Plan Rows": 25,"Plan Width": 136,"Actual Startup Time": 804.196,"Actual Total Time": 836.738,"Actual Rows": 5,"Actual Loops": 1,"Group Key": ["nation.n_name"],"Plans": [{"Node Type": "Gather Merge","Parent Relationship": "Outer","Parallel Aware": false,"Async Capable": false,"Startup Cost": 21601.33,"Total Cost": 21615.12,"Plan Rows": 50,"Plan Width": 136,"Actual Startup Time": 803.537,"Actual Total Time": 836.675,"Actual Rows": 15,"Actual Loops": 1,"Workers Planned": 2,"Workers Launched": 2,"Plans": [{"Node Type": "Aggregate","Strategy": "Sorted","Partial Mode": "Partial","Parent Relationship": "Outer","Parallel Aware": false,"Async Capable": false,"Startup Cost": 20601.30,"Total Cost": 20609.33,"Plan Rows": 25,"Plan Width": 136,"Actual Startup Time": 795.499,"Actual Total Time": 796.369,"Actual Rows": 5,"Actual Loops": 3,"Group Key": ["nation.n_name"],"Workers": [],"Plans": [{"Node Type": "Sort","Parent Relationship": "Outer","Parallel Aware": false,"Async Capable": false,"Startup Cost": 20601.30,"Total Cost": 20602.85,"Plan Rows": 617,"Plan Width": 116,"Actual Startup Time": 795.285,"Actual Total Time": 795.436,"Actual Rows": 2498,"Actual Loops": 3,"Sort Key": ["nation.n_name"],"Sort Method": "quicksort","Sort Space Used": 299,"Sort Space Type": "Memory","Workers": [{"Worker Number": 0,"Sort Method": "quicksort","Sort Space Used": 291,"Sort Space Type": "Memory"},{"Worker Number": 1,"Sort Method": "quicksort","Sort Space Used": 284,"Sort Space Type": "Memory"}],"Plans": [{"Node Type": "Hash Join","Parent Relationship": "Outer","Parallel Aware": false,"Async Capable": false,"Join Type": "Inner","Startup Cost": 475.27,"Total Cost": 20572.71,"Plan Rows": 617,"Plan Width": 116,"Actual Startup Time": 14.014,"Actual Total Time": 793.817,"Actual Rows": 2498,"Actual Loops": 3,"Inner Unique": true,"Hash Cond": "((lineitem.l_suppkey = supplier.s_suppkey) AND (customer.c_nationkey = supplier.s_nationkey))","Workers": [],"Plans": [{"Node Type": "Nested Loop","Parent Relationship": "Outer","Parallel Aware": false,"Async Capable": false,"Join Type": "Inner","Startup Cost": 3.27,"Total Cost": 20019.70,"Plan Rows": 15431,"Plan Width": 128,"Actual Startup Time": 0.837,"Actual Total Time": 749.002,"Actual Rows": 60742,"Actual Loops": 3,"Inner Unique": false,"Workers": [],"Plans": [{"Node Type": "Nested Loop","Parent Relationship": "Outer","Parallel Aware": false,"Async Capable": false,"Join Type": "Inner","Startup Cost": 2.84,"Total Cost": 8414.26,"Plan Rows": 3857,"Plan Width": 116,"Actual Startup Time": 0.706,"Actual Total Time": 447.815,"Actual Rows": 15183,"Actual Loops": 3,"Inner Unique": false,"Workers": [],"Plans": [{"Node Type": "Hash Join","Parent Relationship": "Outer","Parallel Aware": false,"Async Capable": false,"Join Type": "Inner","Startup Cost": 2.41,"Total Cost": 4471.79,"Plan Rows": 2500,"Plan Width": 116,"Actual Startup Time": 0.258,"Actual Total Time": 55.848,"Actual Rows": 9984,"Actual Loops": 3,"Inner Unique": false,"Hash Cond": "(customer.c_nationkey = nation.n_nationkey)","Workers": [],"Plans": [{"Node Type": "Seq Scan","Parent Relationship": "Outer","Parallel Aware": true,"Async Capable": false,"Relation Name": "customer","Alias": "customer","Startup Cost": 0.00,"Total Cost": 4210.00,"Plan Rows": 62500,"Plan Width": 8,"Actual Startup Time": 0.017,"Actual Total Time": 9.503,"Actual Rows": 50000,"Actual Loops": 3,"Workers": []},{"Node Type": "Hash","Parent Relationship": "Inner","Parallel Aware": false,"Async Capable": false,"Startup Cost": 2.40,"Total Cost": 2.40,"Plan Rows": 1,"Plan Width": 108,"Actual Startup Time": 0.153,"Actual Total Time": 0.178,"Actual Rows": 5,"Actual Loops": 3,"Hash Buckets": 1024,"Original Hash Buckets": 1024,"Hash Batches": 1,"Original Hash Batches": 1,"Peak Memory Usage": 9,"Workers": [],"Plans": [{"Node Type": "Hash Join","Parent Relationship": "Outer","Parallel Aware": false,"Async Capable": false,"Join Type": "Inner","Startup Cost": 1.07,"Total Cost": 2.40,"Plan Rows": 1,"Plan Width": 108,"Actual Startup Time": 0.136,"Actual Total Time": 0.167,"Actual Rows": 5,"Actual Loops": 3,"Inner Unique": true,"Hash Cond": "(nation.n_regionkey = region.r_regionkey)","Workers": [],"Plans": [{"Node Type": "Seq Scan","Parent Relationship": "Outer","Parallel Aware": false,"Async Capable": false,"Relation Name": "nation","Alias": "nation","Startup Cost": 0.00,"Total Cost": 1.25,"Plan Rows": 25,"Plan Width": 112,"Actual Startup Time": 0.055,"Actual Total Time": 0.059,"Actual Rows": 25,"Actual Loops": 3,"Workers": []},{"Node Type": "Hash","Parent Relationship": "Inner","Parallel Aware": false,"Async Capable": false,"Startup Cost": 1.06,"Total Cost": 1.06,"Plan Rows": 1,"Plan Width": 4,"Actual Startup Time": 0.050,"Actual Total Time": 0.057,"Actual Rows": 1,"Actual Loops": 3,"Hash Buckets": 1024,"Original Hash Buckets": 1024,"Hash Batches": 1,"Original Hash Batches": 1,"Peak Memory Usage": 9,"Workers": [],"Plans": [{"Node Type": "Seq Scan","Parent Relationship": "Outer","Parallel Aware": false,"Async Capable": false,"Relation Name": "region","Alias": "region","Startup Cost": 0.00,"Total Cost": 1.06,"Plan Rows": 1,"Plan Width": 4,"Actual Startup Time": 0.036,"Actual Total Time": 0.039,"Actual Rows": 1,"Actual Loops": 3,"Filter": "(r_name = 'AMERICA'::bpchar)","Rows Removed by Filter": 4,"Workers": []}]}]}]}]},{"Node Type": "Index Scan","Parent Relationship": "Inner","Parallel Aware": false,"Async Capable": false,"Scan Direction": "Forward","Index Name": "idx_orders_custkey","Relation Name": "orders","Alias": "orders","Startup Cost": 0.43,"Total Cost": 1.55,"Plan Rows": 3,"Plan Width": 8,"Actual Startup Time": 0.017,"Actual Total Time": 0.039,"Actual Rows": 2,"Actual Loops": 29952,"Index Cond": "(o_custkey = customer.c_custkey)","Rows Removed by Index Recheck": 0,"Filter": "((o_orderdate >= '1996-01-01'::date) AND (o_orderdate < '1997-01-01 00:00:00'::timestamp without time zone))","Rows Removed by Filter": 8,"Workers": []}]},{"Node Type": "Index Scan","Parent Relationship": "Inner","Parallel Aware": false,"Async Capable": false,"Scan Direction": "Forward","Index Name": "idx_lineitem_orderkey","Relation Name": "lineitem","Alias": "lineitem","Startup Cost": 0.43,"Total Cost": 2.84,"Plan Rows": 17,"Plan Width": 20,"Actual Startup Time": 0.016,"Actual Total Time": 0.019,"Actual Rows": 4,"Actual Loops": 45549,"Index Cond": "(l_orderkey = orders.o_orderkey)","Rows Removed by Index Recheck": 0,"Workers": []}]},{"Node Type": "Hash","Parent Relationship": "Inner","Parallel Aware": false,"Async Capable": false,"Startup Cost": 322.00,"Total Cost": 322.00,"Plan Rows": 10000,"Plan Width": 8,"Actual Startup Time": 12.297,"Actual Total Time": 12.301,"Actual Rows": 10000,"Actual Loops": 3,"Hash Buckets": 16384,"Original Hash Buckets": 16384,"Hash Batches": 1,"Original Hash Batches": 1,"Peak Memory Usage": 519,"Workers": [],"Plans": [{"Node Type": "Seq Scan","Parent Relationship": "Outer","Parallel Aware": false,"Async Capable": false,"Relation Name": "supplier","Alias": "supplier","Startup Cost": 0.00,"Total Cost": 322.00,"Plan Rows": 10000,"Plan Width": 8,"Actual Startup Time": 0.045,"Actual Total Time": 10.666,"Actual Rows": 10000,"Actual Loops": 3,"Workers": []}]}]}]}]}]}]}]},"Planning Time": 9.455,"Triggers": [],"Execution Time": 837.268}]
[{"Plan": {"Node Type": "Sort","Parallel Aware": false,"Async Capable": false,"Startup Cost": 21565.24,"Total Cost": 21565.30,"Plan Rows": 25,"Plan Width": 136,"Actual Startup Time": 829.883,"Actual Total Time": 862.581,"Actual Rows": 5,"Actual Loops": 1,"Sort Key": ["(sum((lineitem.l_extendedprice * ('1'::numeric - lineitem.l_discount)))) DESC"],"Sort Method": "quicksort","Sort Space Used": 25,"Sort Space Type": "Memory","Plans": [{"Node Type": "Aggregate","Strategy": "Sorted","Partial Mode": "Finalize","Parent Relationship": "Outer","Parallel Aware": false,"Async Capable": false,"Startup Cost": 21550.29,"Total Cost": 21564.66,"Plan Rows": 25,"Plan Width": 136,"Actual Startup Time": 829.271,"Actual Total Time": 862.532,"Actual Rows": 5,"Actual Loops": 1,"Group Key": ["nation.n_name"],"Plans": [{"Node Type": "Gather Merge","Parent Relationship": "Outer","Parallel Aware": false,"Async Capable": false,"Startup Cost": 21550.29,"Total Cost": 21563.97,"Plan Rows": 50,"Plan Width": 136,"Actual Startup Time": 829.074,"Actual Total Time": 862.478,"Actual Rows": 15,"Actual Loops": 1,"Workers Planned": 2,"Workers Launched": 2,"Plans": [{"Node Type": "Aggregate","Strategy": "Sorted","Partial Mode": "Partial","Parent Relationship": "Outer","Parallel Aware": false,"Async Capable": false,"Startup Cost": 20550.26,"Total Cost": 20558.18,"Plan Rows": 25,"Plan Width": 136,"Actual Startup Time": 821.816,"Actual Total Time": 822.538,"Actual Rows": 5,"Actual Loops": 3,"Group Key": ["nation.n_name"],"Workers": [],"Plans": [{"Node Type": "Sort","Parent Relationship": "Outer","Parallel Aware": false,"Async Capable": false,"Startup Cost": 20550.26,"Total Cost": 20551.78,"Plan Rows": 608,"Plan Width": 116,"Actual Startup Time": 821.604,"Actual Total Time": 821.730,"Actual Rows": 2468,"Actual Loops": 3,"Sort Key": ["nation.n_name"],"Sort Method": "quicksort","Sort Space Used": 285,"Sort Space Type": "Memory","Workers": [{"Worker Number": 0,"Sort Method": "quicksort","Sort Space Used": 293,"Sort Space Type": "Memory"},{"Worker Number": 1,"Sort Method": "quicksort","Sort Space Used": 290,"Sort Space Type": "Memory"}],"Plans": [{"Node Type": "Hash Join","Parent Relationship": "Outer","Parallel Aware": false,"Async Capable": false,"Join Type": "Inner","Startup Cost": 475.27,"Total Cost": 20522.15,"Plan Rows": 608,"Plan Width": 116,"Actual Startup Time": 10.349,"Actual Total Time": 819.988,"Actual Rows": 2468,"Actual Loops": 3,"Inner Unique": true,"Hash Cond": "((lineitem.l_suppkey = supplier.s_suppkey) AND (customer.c_nationkey = supplier.s_nationkey))","Workers": [],"Plans": [{"Node Type": "Nested Loop","Parent Relationship": "Outer","Parallel Aware": false,"Async Capable": false,"Join Type": "Inner","Startup Cost": 3.27,"Total Cost": 19970.29,"Plan Rows": 15211,"Plan Width": 128,"Actual Startup Time": 0.787,"Actual Total Time": 773.951,"Actual Rows": 61461,"Actual Loops": 3,"Inner Unique": false,"Workers": [],"Plans": [{"Node Type": "Nested Loop","Parent Relationship": "Outer","Parallel Aware": false,"Async Capable": false,"Join Type": "Inner","Startup Cost": 2.84,"Total Cost": 8414.26,"Plan Rows": 3802,"Plan Width": 116,"Actual Startup Time": 0.651,"Actual Total Time": 459.932,"Actual Rows": 15399,"Actual Loops": 3,"Inner Unique": false,"Workers": [],"Plans": [{"Node Type": "Hash Join","Parent Relationship": "Outer","Parallel Aware": false,"Async Capable": false,"Join Type": "Inner","Startup Cost": 2.41,"Total Cost": 4471.79,"Plan Rows": 2500,"Plan Width": 116,"Actual Startup Time": 0.245,"Actual Total Time": 55.063,"Actual Rows": 10066,"Actual Loops": 3,"Inner Unique": false,"Hash Cond": "(customer.c_nationkey = nation.n_nationkey)","Workers": [],"Plans": [{"Node Type": "Seq Scan","Parent Relationship": "Outer","Parallel Aware": true,"Async Capable": false,"Relation Name": "customer","Alias": "customer","Startup Cost": 0.00,"Total Cost": 4210.00,"Plan Rows": 62500,"Plan Width": 8,"Actual Startup Time": 0.014,"Actual Total Time": 9.571,"Actual Rows": 50000,"Actual Loops": 3,"Workers": []},{"Node Type": "Hash","Parent Relationship": "Inner","Parallel Aware": false,"Async Capable": false,"Startup Cost": 2.40,"Total Cost": 2.40,"Plan Rows": 1,"Plan Width": 108,"Actual Startup Time": 0.139,"Actual Total Time": 0.155,"Actual Rows": 5,"Actual Loops": 3,"Hash Buckets": 1024,"Original Hash Buckets": 1024,"Hash Batches": 1,"Original Hash Batches": 1,"Peak Memory Usage": 9,"Workers": [],"Plans": [{"Node Type": "Hash Join","Parent Relationship": "Outer","Parallel Aware": false,"Async Capable": false,"Join Type": "Inner","Startup Cost": 1.07,"Total Cost": 2.40,"Plan Rows": 1,"Plan Width": 108,"Actual Startup Time": 0.126,"Actual Total Time": 0.145,"Actual Rows": 5,"Actual Loops": 3,"Inner Unique": true,"Hash Cond": "(nation.n_regionkey = region.r_regionkey)","Workers": [],"Plans": [{"Node Type": "Seq Scan","Parent Relationship": "Outer","Parallel Aware": false,"Async Capable": false,"Relation Name": "nation","Alias": "nation","Startup Cost": 0.00,"Total Cost": 1.25,"Plan Rows": 25,"Plan Width": 112,"Actual Startup Time": 0.043,"Actual Total Time": 0.047,"Actual Rows": 25,"Actual Loops": 3,"Workers": []},{"Node Type": "Hash","Parent Relationship": "Inner","Parallel Aware": false,"Async Capable": false,"Startup Cost": 1.06,"Total Cost": 1.06,"Plan Rows": 1,"Plan Width": 4,"Actual Startup Time": 0.051,"Actual Total Time": 0.056,"Actual Rows": 1,"Actual Loops": 3,"Hash Buckets": 1024,"Original Hash Buckets": 1024,"Hash Batches": 1,"Original Hash Batches": 1,"Peak Memory Usage": 9,"Workers": [],"Plans": [{"Node Type": "Seq Scan","Parent Relationship": "Outer","Parallel Aware": false,"Async Capable": false,"Relation Name": "region","Alias": "region","Startup Cost": 0.00,"Total Cost": 1.06,"Plan Rows": 1,"Plan Width": 4,"Actual Startup Time": 0.037,"Actual Total Time": 0.039,"Actual Rows": 1,"Actual Loops": 3,"Filter": "(r_name = 'EUROPE'::bpchar)","Rows Removed by Filter": 4,"Workers": []}]}]}]}]},{"Node Type": "Index Scan","Parent Relationship": "Inner","Parallel Aware": false,"Async Capable": false,"Scan Direction": "Forward","Index Name": "idx_orders_custkey","Relation Name": "orders","Alias": "orders","Startup Cost": 0.43,"Total Cost": 1.55,"Plan Rows": 3,"Plan Width": 8,"Actual Startup Time": 0.017,"Actual Total Time": 0.040,"Actual Rows": 2,"Actual Loops": 30197,"Index Cond": "(o_custkey = customer.c_custkey)","Rows Removed by Index Recheck": 0,"Filter": "((o_orderdate >= '1995-01-01'::date) AND (o_orderdate < '1996-01-01 00:00:00'::timestamp without time zone))","Rows Removed by Filter": 9,"Workers": []}]},{"Node Type": "Index Scan","Parent Relationship": "Inner","Parallel Aware": false,"Async Capable": false,"Scan Direction": "Forward","Index Name": "idx_lineitem_orderkey","Relation Name": "lineitem","Alias": "lineitem","Startup Cost": 0.43,"Total Cost": 2.87,"Plan Rows": 17,"Plan Width": 20,"Actual Startup Time": 0.017,"Actual Total Time": 0.020,"Actual Rows": 4,"Actual Loops": 46197,"Index Cond": "(l_orderkey = orders.o_orderkey)","Rows Removed by Index Recheck": 0,"Workers": []}]},{"Node Type": "Hash","Parent Relationship": "Inner","Parallel Aware": false,"Async Capable": false,"Startup Cost": 322.00,"Total Cost": 322.00,"Plan Rows": 10000,"Plan Width": 8,"Actual Startup Time": 8.644,"Actual Total Time": 8.648,"Actual Rows": 10000,"Actual Loops": 3,"Hash Buckets": 16384,"Original Hash Buckets": 16384,"Hash Batches": 1,"Original Hash Batches": 1,"Peak Memory Usage": 519,"Workers": [],"Plans": [{"Node Type": "Seq Scan","Parent Relationship": "Outer","Parallel Aware": false,"Async Capable": false,"Relation Name": "supplier","Alias": "supplier","Startup Cost": 0.00,"Total Cost": 322.00,"Plan Rows": 10000,"Plan Width": 8,"Actual Startup Time": 0.045,"Actual Total Time": 6.681,"Actual Rows": 10000,"Actual Loops": 3,"Workers": []}]}]}]}]}]}]}]},"Planning Time": 10.340,"Triggers": [],"Execution Time": 863.182}]
[{"Plan": {"Node Type": "Sort","Parallel Aware": false,"Async Capable": false,"Startup Cost": 21522.30,"Total Cost": 21522.36,"Plan Rows": 25,"Plan Width": 136,"Actual Startup Time": 815.371,"Actual Total Time": 846.364,"Actual Rows": 5,"Actual Loops": 1,"Sort Key": ["(sum((lineitem.l_extendedprice * ('1'::numeric - lineitem.l_discount)))) DESC"],"Sort Method": "quicksort","Sort Space Used": 25,"Sort Space Type": "Memory","Plans": [{"Node Type": "Aggregate","Strategy": "Sorted","Partial Mode": "Finalize","Parent Relationship": "Outer","Parallel Aware": false,"Async Capable": false,"Startup Cost": 21507.43,"Total Cost": 21521.72,"Plan Rows": 25,"Plan Width": 136,"Actual Startup Time": 814.708,"Actual Total Time": 846.319,"Actual Rows": 5,"Actual Loops": 1,"Group Key": ["nation.n_name"],"Plans": [{"Node Type": "Gather Merge","Parent Relationship": "Outer","Parallel Aware": false,"Async Capable": false,"Startup Cost": 21507.43,"Total Cost": 21521.03,"Plan Rows": 50,"Plan Width": 136,"Actual Startup Time": 814.181,"Actual Total Time": 846.266,"Actual Rows": 15,"Actual Loops": 1,"Workers Planned": 2,"Workers Launched": 2,"Plans": [{"Node Type": "Aggregate","Strategy": "Sorted","Partial Mode": "Partial","Parent Relationship": "Outer","Parallel Aware": false,"Async Capable": false,"Startup Cost": 20507.41,"Total Cost": 20515.23,"Plan Rows": 25,"Plan Width": 136,"Actual Startup Time": 806.060,"Actual Total Time": 806.902,"Actual Rows": 5,"Actual Loops": 3,"Group Key": ["nation.n_name"],"Workers": [],"Plans": [{"Node Type": "Sort","Parent Relationship": "Outer","Parallel Aware": false,"Async Capable": false,"Startup Cost": 20507.41,"Total Cost": 20508.91,"Plan Rows": 601,"Plan Width": 116,"Actual Startup Time": 805.845,"Actual Total Time": 805.988,"Actual Rows": 2405,"Actual Loops": 3,"Sort Key": ["nation.n_name"],"Sort Method": "quicksort","Sort Space Used": 288,"Sort Space Type": "Memory","Workers": [{"Worker Number": 0,"Sort Method": "quicksort","Sort Space Used": 282,"Sort Space Type": "Memory"},{"Worker Number": 1,"Sort Method": "quicksort","Sort Space Used": 284,"Sort Space Type": "Memory"}],"Plans": [{"Node Type": "Hash Join","Parent Relationship": "Outer","Parallel Aware": false,"Async Capable": false,"Join Type": "Inner","Startup Cost": 475.27,"Total Cost": 20479.67,"Plan Rows": 601,"Plan Width": 116,"Actual Startup Time": 14.857,"Actual Total Time": 804.339,"Actual Rows": 2405,"Actual Loops": 3,"Inner Unique": true,"Hash Cond": "((lineitem.l_suppkey = supplier.s_suppkey) AND (customer.c_nationkey = supplier.s_nationkey))","Workers": [],"Plans": [{"Node Type": "Nested Loop","Parent Relationship": "Outer","Parallel Aware": false,"Async Capable": false,"Join Type": "Inner","Startup Cost": 3.27,"Total Cost": 19928.78,"Plan Rows": 15027,"Plan Width": 128,"Actual Startup Time": 0.928,"Actual Total Time": 758.714,"Actual Rows": 60519,"Actual Loops": 3,"Inner Unique": false,"Workers": [],"Plans": [{"Node Type": "Nested Loop","Parent Relationship": "Outer","Parallel Aware": false,"Async Capable": false,"Join Type": "Inner","Startup Cost": 2.84,"Total Cost": 8414.26,"Plan Rows": 3756,"Plan Width": 116,"Actual Startup Time": 0.799,"Actual Total Time": 454.413,"Actual Rows": 15151,"Actual Loops": 3,"Inner Unique": false,"Workers": [],"Plans": [{"Node Type": "Hash Join","Parent Relationship": "Outer","Parallel Aware": false,"Async Capable": false,"Join Type": "Inner","Startup Cost": 2.41,"Total Cost": 4471.79,"Plan Rows": 2500,"Plan Width": 116,"Actual Startup Time": 0.321,"Actual Total Time": 54.810,"Actual Rows": 10061,"Actual Loops": 3,"Inner Unique": false,"Hash Cond": "(customer.c_nationkey = nation.n_nationkey)","Workers": [],"Plans": [{"Node Type": "Seq Scan","Parent Relationship": "Outer","Parallel Aware": true,"Async Capable": false,"Relation Name": "customer","Alias": "customer","Startup Cost": 0.00,"Total Cost": 4210.00,"Plan Rows": 62500,"Plan Width": 8,"Actual Startup Time": 0.016,"Actual Total Time": 9.647,"Actual Rows": 50000,"Actual Loops": 3,"Workers": []},{"Node Type": "Hash","Parent Relationship": "Inner","Parallel Aware": false,"Async Capable": false,"Startup Cost": 2.40,"Total Cost": 2.40,"Plan Rows": 1,"Plan Width": 108,"Actual Startup Time": 0.190,"Actual Total Time": 0.209,"Actual Rows": 5,"Actual Loops": 3,"Hash Buckets": 1024,"Original Hash Buckets": 1024,"Hash Batches": 1,"Original Hash Batches": 1,"Peak Memory Usage": 9,"Workers": [],"Plans": [{"Node Type": "Hash Join","Parent Relationship": "Outer","Parallel Aware": false,"Async Capable": false,"Join Type": "Inner","Startup Cost": 1.07,"Total Cost": 2.40,"Plan Rows": 1,"Plan Width": 108,"Actual Startup Time": 0.173,"Actual Total Time": 0.196,"Actual Rows": 5,"Actual Loops": 3,"Inner Unique": true,"Hash Cond": "(nation.n_regionkey = region.r_regionkey)","Workers": [],"Plans": [{"Node Type": "Seq Scan","Parent Relationship": "Outer","Parallel Aware": false,"Async Capable": false,"Relation Name": "nation","Alias": "nation","Startup Cost": 0.00,"Total Cost": 1.25,"Plan Rows": 25,"Plan Width": 112,"Actual Startup Time": 0.080,"Actual Total Time": 0.084,"Actual Rows": 25,"Actual Loops": 3,"Workers": []},{"Node Type": "Hash","Parent Relationship": "Inner","Parallel Aware": false,"Async Capable": false,"Startup Cost": 1.06,"Total Cost": 1.06,"Plan Rows": 1,"Plan Width": 4,"Actual Startup Time": 0.060,"Actual Total Time": 0.067,"Actual Rows": 1,"Actual Loops": 3,"Hash Buckets": 1024,"Original Hash Buckets": 1024,"Hash Batches": 1,"Original Hash Batches": 1,"Peak Memory Usage": 9,"Workers": [],"Plans": [{"Node Type": "Seq Scan","Parent Relationship": "Outer","Parallel Aware": false,"Async Capable": false,"Relation Name": "region","Alias": "region","Startup Cost": 0.00,"Total Cost": 1.06,"Plan Rows": 1,"Plan Width": 4,"Actual Startup Time": 0.046,"Actual Total Time": 0.049,"Actual Rows": 1,"Actual Loops": 3,"Filter": "(r_name = 'ASIA'::bpchar)","Rows Removed by Filter": 4,"Workers": []}]}]}]}]},{"Node Type": "Index Scan","Parent Relationship": "Inner","Parallel Aware": false,"Async Capable": false,"Scan Direction": "Forward","Index Name": "idx_orders_custkey","Relation Name": "orders","Alias": "orders","Startup Cost": 0.43,"Total Cost": 1.55,"Plan Rows": 3,"Plan Width": 8,"Actual Startup Time": 0.017,"Actual Total Time": 0.039,"Actual Rows": 2,"Actual Loops": 30183,"Index Cond": "(o_custkey = customer.c_custkey)","Rows Removed by Index Recheck": 0,"Filter": "((o_orderdate >= '1993-01-01'::date) AND (o_orderdate < '1994-01-01 00:00:00'::timestamp without time zone))","Rows Removed by Filter": 8,"Workers": []}]},{"Node Type": "Index Scan","Parent Relationship": "Inner","Parallel Aware": false,"Async Capable": false,"Scan Direction": "Forward","Index Name": "idx_lineitem_orderkey","Relation Name": "lineitem","Alias": "lineitem","Startup Cost": 0.43,"Total Cost": 2.90,"Plan Rows": 17,"Plan Width": 20,"Actual Startup Time": 0.017,"Actual Total Time": 0.019,"Actual Rows": 4,"Actual Loops": 45452,"Index Cond": "(l_orderkey = orders.o_orderkey)","Rows Removed by Index Recheck": 0,"Workers": []}]},{"Node Type": "Hash","Parent Relationship": "Inner","Parallel Aware": false,"Async Capable": false,"Startup Cost": 322.00,"Total Cost": 322.00,"Plan Rows": 10000,"Plan Width": 8,"Actual Startup Time": 13.249,"Actual Total Time": 13.253,"Actual Rows": 10000,"Actual Loops": 3,"Hash Buckets": 16384,"Original Hash Buckets": 16384,"Hash Batches": 1,"Original Hash Batches": 1,"Peak Memory Usage": 519,"Workers": [],"Plans": [{"Node Type": "Seq Scan","Parent Relationship": "Outer","Parallel Aware": false,"Async Capable": false,"Relation Name": "supplier","Alias": "supplier","Startup Cost": 0.00,"Total Cost": 322.00,"Plan Rows": 10000,"Plan Width": 8,"Actual Startup Time": 0.061,"Actual Total Time": 11.553,"Actual Rows": 10000,"Actual Loops": 3,"Workers": []}]}]}]}]}]}]}]},"Planning Time": 10.259,"Triggers": [],"Execution Time": 846.817}]
[{"Plan": {"Node Type": "Sort","Parallel Aware": false,"Async Capable": false,"Startup Cost": 21522.30,"Total Cost": 21522.36,"Plan Rows": 25,"Plan Width": 136,"Actual Startup Time": 808.715,"Actual Total Time": 841.103,"Actual Rows": 5,"Actual Loops": 1,"Sort Key": ["(sum((lineitem.l_extendedprice * ('1'::numeric - lineitem.l_discount)))) DESC"],"Sort Method": "quicksort","Sort Space Used": 25,"Sort Space Type": "Memory","Plans": [{"Node Type": "Aggregate","Strategy": "Sorted","Partial Mode": "Finalize","Parent Relationship": "Outer","Parallel Aware": false,"Async Capable": false,"Startup Cost": 21507.43,"Total Cost": 21521.72,"Plan Rows": 25,"Plan Width": 136,"Actual Startup Time": 808.132,"Actual Total Time": 841.051,"Actual Rows": 5,"Actual Loops": 1,"Group Key": ["nation.n_name"],"Plans": [{"Node Type": "Gather Merge","Parent Relationship": "Outer","Parallel Aware": false,"Async Capable": false,"Startup Cost": 21507.43,"Total Cost": 21521.03,"Plan Rows": 50,"Plan Width": 136,"Actual Startup Time": 807.865,"Actual Total Time": 840.993,"Actual Rows": 15,"Actual Loops": 1,"Workers Planned": 2,"Workers Launched": 2,"Plans": [{"Node Type": "Aggregate","Strategy": "Sorted","Partial Mode": "Partial","Parent Relationship": "Outer","Parallel Aware": false,"Async Capable": false,"Startup Cost": 20507.41,"Total Cost": 20515.23,"Plan Rows": 25,"Plan Width": 136,"Actual Startup Time": 800.148,"Actual Total Time": 800.877,"Actual Rows": 5,"Actual Loops": 3,"Group Key": ["nation.n_name"],"Workers": [],"Plans": [{"Node Type": "Sort","Parent Relationship": "Outer","Parallel Aware": false,"Async Capable": false,"Startup Cost": 20507.41,"Total Cost": 20508.91,"Plan Rows": 601,"Plan Width": 116,"Actual Startup Time": 799.927,"Actual Total Time": 800.057,"Actual Rows": 2459,"Actual Loops": 3,"Sort Key": ["nation.n_name"],"Sort Method": "quicksort","Sort Space Used": 287,"Sort Space Type": "Memory","Workers": [{"Worker Number": 0,"Sort Method": "quicksort","Sort Space Used": 292,"Sort Space Type": "Memory"},{"Worker Number": 1,"Sort Method": "quicksort","Sort Space Used": 287,"Sort Space Type": "Memory"}],"Plans": [{"Node Type": "Hash Join","Parent Relationship": "Outer","Parallel Aware": false,"Async Capable": false,"Join Type": "Inner","Startup Cost": 475.27,"Total Cost": 20479.67,"Plan Rows": 601,"Plan Width": 116,"Actual Startup Time": 9.851,"Actual Total Time": 798.461,"Actual Rows": 2459,"Actual Loops": 3,"Inner Unique": true,"Hash Cond": "((lineitem.l_suppkey = supplier.s_suppkey) AND (customer.c_nationkey = supplier.s_nationkey))","Workers": [],"Plans": [{"Node Type": "Nested Loop","Parent Relationship": "Outer","Parallel Aware": false,"Async Capable": false,"Join Type": "Inner","Startup Cost": 3.27,"Total Cost": 19928.78,"Plan Rows": 15027,"Plan Width": 128,"Actual Startup Time": 0.691,"Actual Total Time": 757.487,"Actual Rows": 60981,"Actual Loops": 3,"Inner Unique": false,"Workers": [],"Plans": [{"Node Type": "Nested Loop","Parent Relationship": "Outer","Parallel Aware": false,"Async Capable": false,"Join Type": "Inner","Startup Cost": 2.84,"Total Cost": 8414.26,"Plan Rows": 3756,"Plan Width": 116,"Actual Startup Time": 0.574,"Actual Total Time": 453.285,"Actual Rows": 15233,"Actual Loops": 3,"Inner Unique": false,"Workers": [],"Plans": [{"Node Type": "Hash Join","Parent Relationship": "Outer","Parallel Aware": false,"Async Capable": false,"Join Type": "Inner","Startup Cost": 2.41,"Total Cost": 4471.79,"Plan Rows": 2500,"Plan Width": 116,"Actual Startup Time": 0.259,"Actual Total Time": 55.622,"Actual Rows": 10066,"Actual Loops": 3,"Inner Unique": false,"Hash Cond": "(customer.c_nationkey = nation.n_nationkey)","Workers": [],"Plans": [{"Node Type": "Seq Scan","Parent Relationship": "Outer","Parallel Aware": true,"Async Capable": false,"Relation Name": "customer","Alias": "customer","Startup Cost": 0.00,"Total Cost": 4210.00,"Plan Rows": 62500,"Plan Width": 8,"Actual Startup Time": 0.020,"Actual Total Time": 9.402,"Actual Rows": 50000,"Actual Loops": 3,"Workers": []},{"Node Type": "Hash","Parent Relationship": "Inner","Parallel Aware": false,"Async Capable": false,"Startup Cost": 2.40,"Total Cost": 2.40,"Plan Rows": 1,"Plan Width": 108,"Actual Startup Time": 0.150,"Actual Total Time": 0.167,"Actual Rows": 5,"Actual Loops": 3,"Hash Buckets": 1024,"Original Hash Buckets": 1024,"Hash Batches": 1,"Original Hash Batches": 1,"Peak Memory Usage": 9,"Workers": [],"Plans": [{"Node Type": "Hash Join","Parent Relationship": "Outer","Parallel Aware": false,"Async Capable": false,"Join Type": "Inner","Startup Cost": 1.07,"Total Cost": 2.40,"Plan Rows": 1,"Plan Width": 108,"Actual Startup Time": 0.135,"Actual Total Time": 0.156,"Actual Rows": 5,"Actual Loops": 3,"Inner Unique": true,"Hash Cond": "(nation.n_regionkey = region.r_regionkey)","Workers": [],"Plans": [{"Node Type": "Seq Scan","Parent Relationship": "Outer","Parallel Aware": false,"Async Capable": false,"Relation Name": "nation","Alias": "nation","Startup Cost": 0.00,"Total Cost": 1.25,"Plan Rows": 25,"Plan Width": 112,"Actual Startup Time": 0.049,"Actual Total Time": 0.053,"Actual Rows": 25,"Actual Loops": 3,"Workers": []},{"Node Type": "Hash","Parent Relationship": "Inner","Parallel Aware": false,"Async Capable": false,"Startup Cost": 1.06,"Total Cost": 1.06,"Plan Rows": 1,"Plan Width": 4,"Actual Startup Time": 0.056,"Actual Total Time": 0.064,"Actual Rows": 1,"Actual Loops": 3,"Hash Buckets": 1024,"Original Hash Buckets": 1024,"Hash Batches": 1,"Original Hash Batches": 1,"Peak Memory Usage": 9,"Workers": [],"Plans": [{"Node Type": "Seq Scan","Parent Relationship": "Outer","Parallel Aware": false,"Async Capable": false,"Relation Name": "region","Alias": "region","Startup Cost": 0.00,"Total Cost": 1.06,"Plan Rows": 1,"Plan Width": 4,"Actual Startup Time": 0.041,"Actual Total Time": 0.043,"Actual Rows": 1,"Actual Loops": 3,"Filter": "(r_name = 'EUROPE'::bpchar)","Rows Removed by Filter": 4,"Workers": []}]}]}]}]},{"Node Type": "Index Scan","Parent Relationship": "Inner","Parallel Aware": false,"Async Capable": false,"Scan Direction": "Forward","Index Name": "idx_orders_custkey","Relation Name": "orders","Alias": "orders","Startup Cost": 0.43,"Total Cost": 1.55,"Plan Rows": 3,"Plan Width": 8,"Actual Startup Time": 0.017,"Actual Total Time": 0.039,"Actual Rows": 2,"Actual Loops": 30197,"Index Cond": "(o_custkey = customer.c_custkey)","Rows Removed by Index Recheck": 0,"Filter": "((o_orderdate >= '1993-01-01'::date) AND (o_orderdate < '1994-01-01 00:00:00'::timestamp without time zone))","Rows Removed by Filter": 9,"Workers": []}]},{"Node Type": "Index Scan","Parent Relationship": "Inner","Parallel Aware": false,"Async Capable": false,"Scan Direction": "Forward","Index Name": "idx_lineitem_orderkey","Relation Name": "lineitem","Alias": "lineitem","Startup Cost": 0.43,"Total Cost": 2.90,"Plan Rows": 17,"Plan Width": 20,"Actual Startup Time": 0.017,"Actual Total Time": 0.019,"Actual Rows": 4,"Actual Loops": 45699,"Index Cond": "(l_orderkey = orders.o_orderkey)","Rows Removed by Index Recheck": 0,"Workers": []}]},{"Node Type": "Hash","Parent Relationship": "Inner","Parallel Aware": false,"Async Capable": false,"Startup Cost": 322.00,"Total Cost": 322.00,"Plan Rows": 10000,"Plan Width": 8,"Actual Startup Time": 8.538,"Actual Total Time": 8.541,"Actual Rows": 10000,"Actual Loops": 3,"Hash Buckets": 16384,"Original Hash Buckets": 16384,"Hash Batches": 1,"Original Hash Batches": 1,"Peak Memory Usage": 519,"Workers": [],"Plans": [{"Node Type": "Seq Scan","Parent Relationship": "Outer","Parallel Aware": false,"Async Capable": false,"Relation Name": "supplier","Alias": "supplier","Startup Cost": 0.00,"Total Cost": 322.00,"Plan Rows": 10000,"Plan Width": 8,"Actual Startup Time": 0.046,"Actual Total Time": 6.635,"Actual Rows": 10000,"Actual Loops": 3,"Workers": []}]}]}]}]}]}]}]},"Planning Time": 10.957,"Triggers": [],"Execution Time": 841.799}]
[{"Plan": {"Node Type": "Sort","Parallel Aware": false,"Async Capable": false,"Startup Cost": 21616.39,"Total Cost": 21616.45,"Plan Rows": 25,"Plan Width": 136,"Actual Startup Time": 804.800,"Actual Total Time": 836.793,"Actual Rows": 5,"Actual Loops": 1,"Sort Key": ["(sum((lineitem.l_extendedprice * ('1'::numeric - lineitem.l_discount)))) DESC"],"Sort Method": "quicksort","Sort Space Used": 25,"Sort Space Type": "Memory","Plans": [{"Node Type": "Aggregate","Strategy": "Sorted","Partial Mode": "Finalize","Parent Relationship": "Outer","Parallel Aware": false,"Async Capable": false,"Startup Cost": 21601.33,"Total Cost": 21615.81,"Plan Rows": 25,"Plan Width": 136,"Actual Startup Time": 804.196,"Actual Total Time": 836.738,"Actual Rows": 5,"Actual Loops": 1,"Group Key": ["nation.n_name"],"Plans": [{"Node Type": "Gather Merge","Parent Relationship": "Outer","Parallel Aware": false,"Async Capable": false,"Startup Cost": 21601.33,"Total Cost": 21615.12,"Plan Rows": 50,"Plan Width": 136,"Actual Startup Time": 803.537,"Actual Total Time": 836.675,"Actual Rows": 15,"Actual Loops": 1,"Workers Planned": 2,"Workers Launched": 2,"Plans": [{"Node Type": "Aggregate","Strategy": "Sorted","Partial Mode": "Partial","Parent Relationship": "Outer","Parallel Aware": false,"Async Capable": false,"Startup Cost": 20601.30,"Total Cost": 20609.33,"Plan Rows": 25,"Plan Width": 136,"Actual Startup Time": 795.499,"Actual Total Time": 796.369,"Actual Rows": 5,"Actual Loops": 3,"Group Key": ["nation.n_name"],"Workers": [],"Plans": [{"Node Type": "Sort","Parent Relationship": "Outer","Parallel Aware": false,"Async Capable": false,"Startup Cost": 20601.30,"Total Cost": 20602.85,"Plan Rows": 617,"Plan Width": 116,"Actual Startup Time": 795.285,"Actual Total Time": 795.436,"Actual Rows": 2498,"Actual Loops": 3,"Sort Key": ["nation.n_name"],"Sort Method": "quicksort","Sort Space Used": 299,"Sort Space Type": "Memory","Workers": [{"Worker Number": 0,"Sort Method": "quicksort","Sort Space Used": 291,"Sort Space Type": "Memory"},{"Worker Number": 1,"Sort Method": "quicksort","Sort Space Used": 284,"Sort Space Type": "Memory"}],"Plans": [{"Node Type": "Hash Join","Parent Relationship": "Outer","Parallel Aware": false,"Async Capable": false,"Join Type": "Inner","Startup Cost": 475.27,"Total Cost": 20572.71,"Plan Rows": 617,"Plan Width": 116,"Actual Startup Time": 14.014,"Actual Total Time": 793.817,"Actual Rows": 2498,"Actual Loops": 3,"Inner Unique": true,"Hash Cond": "((lineitem.l_suppkey = supplier.s_suppkey) AND (customer.c_nationkey = supplier.s_nationkey))","Workers": [],"Plans": [{"Node Type": "Nested Loop","Parent Relationship": "Outer","Parallel Aware": false,"Async Capable": false,"Join Type": "Inner","Startup Cost": 3.27,"Total Cost": 20019.70,"Plan Rows": 15431,"Plan Width": 128,"Actual Startup Time": 0.837,"Actual Total Time": 749.002,"Actual Rows": 60742,"Actual Loops": 3,"Inner Unique": false,"Workers": [],"Plans": [{"Node Type": "Nested Loop","Parent Relationship": "Outer","Parallel Aware": false,"Async Capable": false,"Join Type": "Inner","Startup Cost": 2.84,"Total Cost": 8414.26,"Plan Rows": 3857,"Plan Width": 116,"Actual Startup Time": 0.706,"Actual Total Time": 447.815,"Actual Rows": 15183,"Actual Loops": 3,"Inner Unique": false,"Workers": [],"Plans": [{"Node Type": "Hash Join","Parent Relationship": "Outer","Parallel Aware": false,"Async Capable": false,"Join Type": "Inner","Startup Cost": 2.41,"Total Cost": 4471.79,"Plan Rows": 2500,"Plan Width": 116,"Actual Startup Time": 0.258,"Actual Total Time": 55.848,"Actual Rows": 9984,"Actual Loops": 3,"Inner Unique": false,"Hash Cond": "(customer.c_nationkey = nation.n_nationkey)","Workers": [],"Plans": [{"Node Type": "Seq Scan","Parent Relationship": "Outer","Parallel Aware": true,"Async Capable": false,"Relation Name": "customer","Alias": "customer","Startup Cost": 0.00,"Total Cost": 4210.00,"Plan Rows": 62500,"Plan Width": 8,"Actual Startup Time": 0.017,"Actual Total Time": 9.503,"Actual Rows": 50000,"Actual Loops": 3,"Workers": []},{"Node Type": "Hash","Parent Relationship": "Inner","Parallel Aware": false,"Async Capable": false,"Startup Cost": 2.40,"Total Cost": 2.40,"Plan Rows": 1,"Plan Width": 108,"Actual Startup Time": 0.153,"Actual Total Time": 0.178,"Actual Rows": 5,"Actual Loops": 3,"Hash Buckets": 1024,"Original Hash Buckets": 1024,"Hash Batches": 1,"Original Hash Batches": 1,"Peak Memory Usage": 9,"Workers": [],"Plans": [{"Node Type": "Hash Join","Parent Relationship": "Outer","Parallel Aware": false,"Async Capable": false,"Join Type": "Inner","Startup Cost": 1.07,"Total Cost": 2.40,"Plan Rows": 1,"Plan Width": 108,"Actual Startup Time": 0.136,"Actual Total Time": 0.167,"Actual Rows": 5,"Actual Loops": 3,"Inner Unique": true,"Hash Cond": "(nation.n_regionkey = region.r_regionkey)","Workers": [],"Plans": [{"Node Type": "Seq Scan","Parent Relationship": "Outer","Parallel Aware": false,"Async Capable": false,"Relation Name": "nation","Alias": "nation","Startup Cost": 0.00,"Total Cost": 1.25,"Plan Rows": 25,"Plan Width": 112,"Actual Startup Time": 0.055,"Actual Total Time": 0.059,"Actual Rows": 25,"Actual Loops": 3,"Workers": []},{"Node Type": "Hash","Parent Relationship": "Inner","Parallel Aware": false,"Async Capable": false,"Startup Cost": 1.06,"Total Cost": 1.06,"Plan Rows": 1,"Plan Width": 4,"Actual Startup Time": 0.050,"Actual Total Time": 0.057,"Actual Rows": 1,"Actual Loops": 3,"Hash Buckets": 1024,"Original Hash Buckets": 1024,"Hash Batches": 1,"Original Hash Batches": 1,"Peak Memory Usage": 9,"Workers": [],"Plans": [{"Node Type": "Seq Scan","Parent Relationship": "Outer","Parallel Aware": false,"Async Capable": false,"Relation Name": "region","Alias": "region","Startup Cost": 0.00,"Total Cost": 1.06,"Plan Rows": 1,"Plan Width": 4,"Actual Startup Time": 0.036,"Actual Total Time": 0.039,"Actual Rows": 1,"Actual Loops": 3,"Filter": "(r_name = 'AMERICA'::bpchar)","Rows Removed by Filter": 4,"Workers": []}]}]}]}]},{"Node Type": "Index Scan","Parent Relationship": "Inner","Parallel Aware": false,"Async Capable": false,"Scan Direction": "Forward","Index Name": "idx_orders_custkey","Relation Name": "orders","Alias": "orders","Startup Cost": 0.43,"Total Cost": 1.55,"Plan Rows": 3,"Plan Width": 8,"Actual Startup Time": 0.017,"Actual Total Time": 0.039,"Actual Rows": 2,"Actual Loops": 29952,"Index Cond": "(o_custkey = customer.c_custkey)","Rows Removed by Index Recheck": 0,"Filter": "((o_orderdate >= '1996-01-01'::date) AND (o_orderdate < '1997-01-01 00:00:00'::timestamp without time zone))","Rows Removed by Filter": 8,"Workers": []}]},{"Node Type": "Index Scan","Parent Relationship": "Inner","Parallel Aware": false,"Async Capable": false,"Scan Direction": "Forward","Index Name": "idx_lineitem_orderkey","Relation Name": "lineitem","Alias": "lineitem","Startup Cost": 0.43,"Total Cost": 2.84,"Plan Rows": 17,"Plan Width": 20,"Actual Startup Time": 0.016,"Actual Total Time": 0.019,"Actual Rows": 4,"Actual Loops": 45549,"Index Cond": "(l_orderkey = orders.o_orderkey)","Rows Removed by Index Recheck": 0,"Workers": []}]},{"Node Type": "Hash","Parent Relationship": "Inner","Parallel Aware": false,"Async Capable": false,"Startup Cost": 322.00,"Total Cost": 322.00,"Plan Rows": 10000,"Plan Width": 8,"Actual Startup Time": 12.297,"Actual Total Time": 12.301,"Actual Rows": 10000,"Actual Loops": 3,"Hash Buckets": 16384,"Original Hash Buckets": 16384,"Hash Batches": 1,"Original Hash Batches": 1,"Peak Memory Usage": 519,"Workers": [],"Plans": [{"Node Type": "Seq Scan","Parent Relationship": "Outer","Parallel Aware": false,"Async Capable": false,"Relation Name": "supplier","Alias": "supplier","Startup Cost": 0.00,"Total Cost": 322.00,"Plan Rows": 10000,"Plan Width": 8,"Actual Startup Time": 0.045,"Actual Total Time": 10.666,"Actual Rows": 10000,"Actual Loops": 3,"Workers": []}]}]}]}]}]}]}]},"Planning Time": 9.455,"Triggers": [],"Execution Time": 837.268}]
[{"Plan": {"Node Type": "Sort","Parallel Aware": false,"Async Capable": false,"Startup Cost": 21565.24,"Total Cost": 21565.30,"Plan Rows": 25,"Plan Width": 136,"Actual Startup Time": 829.883,"Actual Total Time": 862.581,"Actual Rows": 5,"Actual Loops": 1,"Sort Key": ["(sum((lineitem.l_extendedprice * ('1'::numeric - lineitem.l_discount)))) DESC"],"Sort Method": "quicksort","Sort Space Used": 25,"Sort Space Type": "Memory","Plans": [{"Node Type": "Aggregate","Strategy": "Sorted","Partial Mode": "Finalize","Parent Relationship": "Outer","Parallel Aware": false,"Async Capable": false,"Startup Cost": 21550.29,"Total Cost": 21564.66,"Plan Rows": 25,"Plan Width": 136,"Actual Startup Time": 829.271,"Actual Total Time": 862.532,"Actual Rows": 5,"Actual Loops": 1,"Group Key": ["nation.n_name"],"Plans": [{"Node Type": "Gather Merge","Parent Relationship": "Outer","Parallel Aware": false,"Async Capable": false,"Startup Cost": 21550.29,"Total Cost": 21563.97,"Plan Rows": 50,"Plan Width": 136,"Actual Startup Time": 829.074,"Actual Total Time": 862.478,"Actual Rows": 15,"Actual Loops": 1,"Workers Planned": 2,"Workers Launched": 2,"Plans": [{"Node Type": "Aggregate","Strategy": "Sorted","Partial Mode": "Partial","Parent Relationship": "Outer","Parallel Aware": false,"Async Capable": false,"Startup Cost": 20550.26,"Total Cost": 20558.18,"Plan Rows": 25,"Plan Width": 136,"Actual Startup Time": 821.816,"Actual Total Time": 822.538,"Actual Rows": 5,"Actual Loops": 3,"Group Key": ["nation.n_name"],"Workers": [],"Plans": [{"Node Type": "Sort","Parent Relationship": "Outer","Parallel Aware": false,"Async Capable": false,"Startup Cost": 20550.26,"Total Cost": 20551.78,"Plan Rows": 608,"Plan Width": 116,"Actual Startup Time": 821.604,"Actual Total Time": 821.730,"Actual Rows": 2468,"Actual Loops": 3,"Sort Key": ["nation.n_name"],"Sort Method": "quicksort","Sort Space Used": 285,"Sort Space Type": "Memory","Workers": [{"Worker Number": 0,"Sort Method": "quicksort","Sort Space Used": 293,"Sort Space Type": "Memory"},{"Worker Number": 1,"Sort Method": "quicksort","Sort Space Used": 290,"Sort Space Type": "Memory"}],"Plans": [{"Node Type": "Hash Join","Parent Relationship": "Outer","Parallel Aware": false,"Async Capable": false,"Join Type": "Inner","Startup Cost": 475.27,"Total Cost": 20522.15,"Plan Rows": 608,"Plan Width": 116,"Actual Startup Time": 10.349,"Actual Total Time": 819.988,"Actual Rows": 2468,"Actual Loops": 3,"Inner Unique": true,"Hash Cond": "((lineitem.l_suppkey = supplier.s_suppkey) AND (customer.c_nationkey = supplier.s_nationkey))","Workers": [],"Plans": [{"Node Type": "Nested Loop","Parent Relationship": "Outer","Parallel Aware": false,"Async Capable": false,"Join Type": "Inner","Startup Cost": 3.27,"Total Cost": 19970.29,"Plan Rows": 15211,"Plan Width": 128,"Actual Startup Time": 0.787,"Actual Total Time": 773.951,"Actual Rows": 61461,"Actual Loops": 3,"Inner Unique": false,"Workers": [],"Plans": [{"Node Type": "Nested Loop","Parent Relationship": "Outer","Parallel Aware": false,"Async Capable": false,"Join Type": "Inner","Startup Cost": 2.84,"Total Cost": 8414.26,"Plan Rows": 3802,"Plan Width": 116,"Actual Startup Time": 0.651,"Actual Total Time": 459.932,"Actual Rows": 15399,"Actual Loops": 3,"Inner Unique": false,"Workers": [],"Plans": [{"Node Type": "Hash Join","Parent Relationship": "Outer","Parallel Aware": false,"Async Capable": false,"Join Type": "Inner","Startup Cost": 2.41,"Total Cost": 4471.79,"Plan Rows": 2500,"Plan Width": 116,"Actual Startup Time": 0.245,"Actual Total Time": 55.063,"Actual Rows": 10066,"Actual Loops": 3,"Inner Unique": false,"Hash Cond": "(customer.c_nationkey = nation.n_nationkey)","Workers": [],"Plans": [{"Node Type": "Seq Scan","Parent Relationship": "Outer","Parallel Aware": true,"Async Capable": false,"Relation Name": "customer","Alias": "customer","Startup Cost": 0.00,"Total Cost": 4210.00,"Plan Rows": 62500,"Plan Width": 8,"Actual Startup Time": 0.014,"Actual Total Time": 9.571,"Actual Rows": 50000,"Actual Loops": 3,"Workers": []},{"Node Type": "Hash","Parent Relationship": "Inner","Parallel Aware": false,"Async Capable": false,"Startup Cost": 2.40,"Total Cost": 2.40,"Plan Rows": 1,"Plan Width": 108,"Actual Startup Time": 0.139,"Actual Total Time": 0.155,"Actual Rows": 5,"Actual Loops": 3,"Hash Buckets": 1024,"Original Hash Buckets": 1024,"Hash Batches": 1,"Original Hash Batches": 1,"Peak Memory Usage": 9,"Workers": [],"Plans": [{"Node Type": "Hash Join","Parent Relationship": "Outer","Parallel Aware": false,"Async Capable": false,"Join Type": "Inner","Startup Cost": 1.07,"Total Cost": 2.40,"Plan Rows": 1,"Plan Width": 108,"Actual Startup Time": 0.126,"Actual Total Time": 0.145,"Actual Rows": 5,"Actual Loops": 3,"Inner Unique": true,"Hash Cond": "(nation.n_regionkey = region.r_regionkey)","Workers": [],"Plans": [{"Node Type": "Seq Scan","Parent Relationship": "Outer","Parallel Aware": false,"Async Capable": false,"Relation Name": "nation","Alias": "nation","Startup Cost": 0.00,"Total Cost": 1.25,"Plan Rows": 25,"Plan Width": 112,"Actual Startup Time": 0.043,"Actual Total Time": 0.047,"Actual Rows": 25,"Actual Loops": 3,"Workers": []},{"Node Type": "Hash","Parent Relationship": "Inner","Parallel Aware": false,"Async Capable": false,"Startup Cost": 1.06,"Total Cost": 1.06,"Plan Rows": 1,"Plan Width": 4,"Actual Startup Time": 0.051,"Actual Total Time": 0.056,"Actual Rows": 1,"Actual Loops": 3,"Hash Buckets": 1024,"Original Hash Buckets": 1024,"Hash Batches": 1,"Original Hash Batches": 1,"Peak Memory Usage": 9,"Workers": [],"Plans": [{"Node Type": "Seq Scan","Parent Relationship": "Outer","Parallel Aware": false,"Async Capable": false,"Relation Name": "region","Alias": "region","Startup Cost": 0.00,"Total Cost": 1.06,"Plan Rows": 1,"Plan Width": 4,"Actual Startup Time": 0.037,"Actual Total Time": 0.039,"Actual Rows": 1,"Actual Loops": 3,"Filter": "(r_name = 'EUROPE'::bpchar)","Rows Removed by Filter": 4,"Workers": []}]}]}]}]},{"Node Type": "Index Scan","Parent Relationship": "Inner","Parallel Aware": false,"Async Capable": false,"Scan Direction": "Forward","Index Name": "idx_orders_custkey","Relation Name": "orders","Alias": "orders","Startup Cost": 0.43,"Total Cost": 1.55,"Plan Rows": 3,"Plan Width": 8,"Actual Startup Time": 0.017,"Actual Total Time": 0.040,"Actual Rows": 2,"Actual Loops": 30197,"Index Cond": "(o_custkey = customer.c_custkey)","Rows Removed by Index Recheck": 0,"Filter": "((o_orderdate >= '1995-01-01'::date) AND (o_orderdate < '1996-01-01 00:00:00'::timestamp without time zone))","Rows Removed by Filter": 9,"Workers": []}]},{"Node Type": "Index Scan","Parent Relationship": "Inner","Parallel Aware": false,"Async Capable": false,"Scan Direction": "Forward","Index Name": "idx_lineitem_orderkey","Relation Name": "lineitem","Alias": "lineitem","Startup Cost": 0.43,"Total Cost": 2.87,"Plan Rows": 17,"Plan Width": 20,"Actual Startup Time": 0.017,"Actual Total Time": 0.020,"Actual Rows": 4,"Actual Loops": 46197,"Index Cond": "(l_orderkey = orders.o_orderkey)","Rows Removed by Index Recheck": 0,"Workers": []}]},{"Node Type": "Hash","Parent Relationship": "Inner","Parallel Aware": false,"Async Capable": false,"Startup Cost": 322.00,"Total Cost": 322.00,"Plan Rows": 10000,"Plan Width": 8,"Actual Startup Time": 8.644,"Actual Total Time": 8.648,"Actual Rows": 10000,"Actual Loops": 3,"Hash Buckets": 16384,"Original Hash Buckets": 16384,"Hash Batches": 1,"Original Hash Batches": 1,"Peak Memory Usage": 519,"Workers": [],"Plans": [{"Node Type": "Seq Scan","Parent Relationship": "Outer","Parallel Aware": false,"Async Capable": false,"Relation Name": "supplier","Alias": "supplier","Startup Cost": 0.00,"Total Cost": 322.00,"Plan Rows": 10000,"Plan Width": 8,"Actual Startup Time": 0.045,"Actual Total Time": 6.681,"Actual Rows": 10000,"Actual Loops": 3,"Workers": []}]}]}]}]}]}]}]},"Planning Time": 10.340,"Triggers": [],"Execution Time": 863.182}]
[{"Plan": {"Node Type": "Sort","Parallel Aware": false,"Async Capable": false,"Startup Cost": 21616.39,"Total Cost": 21616.45,"Plan Rows": 25,"Plan Width": 136,"Actual Startup Time": 848.991,"Actual Total Time": 881.316,"Actual Rows": 5,"Actual Loops": 1,"Sort Key": ["(sum((lineitem.l_extendedprice * ('1'::numeric - lineitem.l_discount)))) DESC"],"Sort Method": "quicksort","Sort Space Used": 25,"Sort Space Type": "Memory","Plans": [{"Node Type": "Aggregate","Strategy": "Sorted","Partial Mode": "Finalize","Parent Relationship": "Outer","Parallel Aware": false,"Async Capable": false,"Startup Cost": 21601.33,"Total Cost": 21615.81,"Plan Rows": 25,"Plan Width": 136,"Actual Startup Time": 848.402,"Actual Total Time": 881.262,"Actual Rows": 5,"Actual Loops": 1,"Group Key": ["nation.n_name"],"Plans": [{"Node Type": "Gather Merge","Parent Relationship": "Outer","Parallel Aware": false,"Async Capable": false,"Startup Cost": 21601.33,"Total Cost": 21615.12,"Plan Rows": 50,"Plan Width": 136,"Actual Startup Time": 848.176,"Actual Total Time": 881.211,"Actual Rows": 15,"Actual Loops": 1,"Workers Planned": 2,"Workers Launched": 2,"Plans": [{"Node Type": "Aggregate","Strategy": "Sorted","Partial Mode": "Partial","Parent Relationship": "Outer","Parallel Aware": false,"Async Capable": false,"Startup Cost": 20601.30,"Total Cost": 20609.33,"Plan Rows": 25,"Plan Width": 136,"Actual Startup Time": 841.096,"Actual Total Time": 841.805,"Actual Rows": 5,"Actual Loops": 3,"Group Key": ["nation.n_name"],"Workers": [],"Plans": [{"Node Type": "Sort","Parent Relationship": "Outer","Parallel Aware": false,"Async Capable": false,"Startup Cost": 20601.30,"Total Cost": 20602.85,"Plan Rows": 617,"Plan Width": 116,"Actual Startup Time": 840.878,"Actual Total Time": 841.005,"Actual Rows": 2453,"Actual Loops": 3,"Sort Key": ["nation.n_name"],"Sort Method": "quicksort","Sort Space Used": 289,"Sort Space Type": "Memory","Workers": [{"Worker Number": 0,"Sort Method": "quicksort","Sort Space Used": 295,"Sort Space Type": "Memory"},{"Worker Number": 1,"Sort Method": "quicksort","Sort Space Used": 281,"Sort Space Type": "Memory"}],"Plans": [{"Node Type": "Hash Join","Parent Relationship": "Outer","Parallel Aware": false,"Async Capable": false,"Join Type": "Inner","Startup Cost": 475.27,"Total Cost": 20572.71,"Plan Rows": 617,"Plan Width": 116,"Actual Startup Time": 10.379,"Actual Total Time": 839.260,"Actual Rows": 2453,"Actual Loops": 3,"Inner Unique": true,"Hash Cond": "((lineitem.l_suppkey = supplier.s_suppkey) AND (customer.c_nationkey = supplier.s_nationkey))","Workers": [],"Plans": [{"Node Type": "Nested Loop","Parent Relationship": "Outer","Parallel Aware": false,"Async Capable": false,"Join Type": "Inner","Startup Cost": 3.27,"Total Cost": 20019.70,"Plan Rows": 15431,"Plan Width": 128,"Actual Startup Time": 0.539,"Actual Total Time": 793.839,"Actual Rows": 61906,"Actual Loops": 3,"Inner Unique": false,"Workers": [],"Plans": [{"Node Type": "Nested Loop","Parent Relationship": "Outer","Parallel Aware": false,"Async Capable": false,"Join Type": "Inner","Startup Cost": 2.84,"Total Cost": 8414.26,"Plan Rows": 3857,"Plan Width": 116,"Actual Startup Time": 0.431,"Actual Total Time": 473.927,"Actual Rows": 15506,"Actual Loops": 3,"Inner Unique": false,"Workers": [],"Plans": [{"Node Type": "Hash Join","Parent Relationship": "Outer","Parallel Aware": false,"Async Capable": false,"Join Type": "Inner","Startup Cost": 2.41,"Total Cost": 4471.79,"Plan Rows": 2500,"Plan Width": 116,"Actual Startup Time": 0.234,"Actual Total Time": 55.451,"Actual Rows": 10066,"Actual Loops": 3,"Inner Unique": false,"Hash Cond": "(customer.c_nationkey = nation.n_nationkey)","Workers": [],"Plans": [{"Node Type": "Seq Scan","Parent Relationship": "Outer","Parallel Aware": true,"Async Capable": false,"Relation Name": "customer","Alias": "customer","Startup Cost": 0.00,"Total Cost": 4210.00,"Plan Rows": 62500,"Plan Width": 8,"Actual Startup Time": 0.019,"Actual Total Time": 9.720,"Actual Rows": 50000,"Actual Loops": 3,"Workers": []},{"Node Type": "Hash","Parent Relationship": "Inner","Parallel Aware": false,"Async Capable": false,"Startup Cost": 2.40,"Total Cost": 2.40,"Plan Rows": 1,"Plan Width": 108,"Actual Startup Time": 0.128,"Actual Total Time": 0.148,"Actual Rows": 5,"Actual Loops": 3,"Hash Buckets": 1024,"Original Hash Buckets": 1024,"Hash Batches": 1,"Original Hash Batches": 1,"Peak Memory Usage": 9,"Workers": [],"Plans": [{"Node Type": "Hash Join","Parent Relationship": "Outer","Parallel Aware": false,"Async Capable": false,"Join Type": "Inner","Startup Cost": 1.07,"Total Cost": 2.40,"Plan Rows": 1,"Plan Width": 108,"Actual Startup Time": 0.115,"Actual Total Time": 0.137,"Actual Rows": 5,"Actual Loops": 3,"Inner Unique": true,"Hash Cond": "(nation.n_regionkey = region.r_regionkey)","Workers": [],"Plans": [{"Node Type": "Seq Scan","Parent Relationship": "Outer","Parallel Aware": false,"Async Capable": false,"Relation Name": "nation","Alias": "nation","Startup Cost": 0.00,"Total Cost": 1.25,"Plan Rows": 25,"Plan Width": 112,"Actual Startup Time": 0.040,"Actual Total Time": 0.044,"Actual Rows": 25,"Actual Loops": 3,"Workers": []},{"Node Type": "Hash","Parent Relationship": "Inner","Parallel Aware": false,"Async Capable": false,"Startup Cost": 1.06,"Total Cost": 1.06,"Plan Rows": 1,"Plan Width": 4,"Actual Startup Time": 0.046,"Actual Total Time": 0.051,"Actual Rows": 1,"Actual Loops": 3,"Hash Buckets": 1024,"Original Hash Buckets": 1024,"Hash Batches": 1,"Original Hash Batches": 1,"Peak Memory Usage": 9,"Workers": [],"Plans": [{"Node Type": "Seq Scan","Parent Relationship": "Outer","Parallel Aware": false,"Async Capable": false,"Relation Name": "region","Alias": "region","Startup Cost": 0.00,"Total Cost": 1.06,"Plan Rows": 1,"Plan Width": 4,"Actual Startup Time": 0.033,"Actual Total Time": 0.034,"Actual Rows": 1,"Actual Loops": 3,"Filter": "(r_name = 'EUROPE'::bpchar)","Rows Removed by Filter": 4,"Workers": []}]}]}]}]},{"Node Type": "Index Scan","Parent Relationship": "Inner","Parallel Aware": false,"Async Capable": false,"Scan Direction": "Forward","Index Name": "idx_orders_custkey","Relation Name": "orders","Alias": "orders","Startup Cost": 0.43,"Total Cost": 1.55,"Plan Rows": 3,"Plan Width": 8,"Actual Startup Time": 0.017,"Actual Total Time": 0.041,"Actual Rows": 2,"Actual Loops": 30197,"Index Cond": "(o_custkey = customer.c_custkey)","Rows Removed by Index Recheck": 0,"Filter": "((o_orderdate >= '1996-01-01'::date) AND (o_orderdate < '1997-01-01 00:00:00'::timestamp without time zone))","Rows Removed by Filter": 9,"Workers": []}]},{"Node Type": "Index Scan","Parent Relationship": "Inner","Parallel Aware": false,"Async Capable": false,"Scan Direction": "Forward","Index Name": "idx_lineitem_orderkey","Relation Name": "lineitem","Alias": "lineitem","Startup Cost": 0.43,"Total Cost": 2.84,"Plan Rows": 17,"Plan Width": 20,"Actual Startup Time": 0.017,"Actual Total Time": 0.020,"Actual Rows": 4,"Actual Loops": 46518,"Index Cond": "(l_orderkey = orders.o_orderkey)","Rows Removed by Index Recheck": 0,"Workers": []}]},{"Node Type": "Hash","Parent Relationship": "Inner","Parallel Aware": false,"Async Capable": false,"Startup Cost": 322.00,"Total Cost": 322.00,"Plan Rows": 10000,"Plan Width": 8,"Actual Startup Time": 8.337,"Actual Total Time": 8.340,"Actual Rows": 10000,"Actual Loops": 3,"Hash Buckets": 16384,"Original Hash Buckets": 16384,"Hash Batches": 1,"Original Hash Batches": 1,"Peak Memory Usage": 519,"Workers": [],"Plans": [{"Node Type": "Seq Scan","Parent Relationship": "Outer","Parallel Aware": false,"Async Capable": false,"Relation Name": "supplier","Alias": "supplier","Startup Cost": 0.00,"Total Cost": 322.00,"Plan Rows": 10000,"Plan Width": 8,"Actual Startup Time": 0.039,"Actual Total Time": 6.479,"Actual Rows": 10000,"Actual Loops": 3,"Workers": []}]}]}]}]}]}]}]},"Planning Time": 9.377,"Triggers": [],"Execution Time": 881.912}]
[{"Plan": {"Node Type": "Sort","Parallel Aware": false,"Async Capable": false,"Startup Cost": 21616.39,"Total Cost": 21616.45,"Plan Rows": 25,"Plan Width": 136,"Actual Startup Time": 804.800,"Actual Total Time": 836.793,"Actual Rows": 5,"Actual Loops": 1,"Sort Key": ["(sum((lineitem.l_extendedprice * ('1'::numeric - lineitem.l_discount)))) DESC"],"Sort Method": "quicksort","Sort Space Used": 25,"Sort Space Type": "Memory","Plans": [{"Node Type": "Aggregate","Strategy": "Sorted","Partial Mode": "Finalize","Parent Relationship": "Outer","Parallel Aware": false,"Async Capable": false,"Startup Cost": 21601.33,"Total Cost": 21615.81,"Plan Rows": 25,"Plan Width": 136,"Actual Startup Time": 804.196,"Actual Total Time": 836.738,"Actual Rows": 5,"Actual Loops": 1,"Group Key": ["nation.n_name"],"Plans": [{"Node Type": "Gather Merge","Parent Relationship": "Outer","Parallel Aware": false,"Async Capable": false,"Startup Cost": 21601.33,"Total Cost": 21615.12,"Plan Rows": 50,"Plan Width": 136,"Actual Startup Time": 803.537,"Actual Total Time": 836.675,"Actual Rows": 15,"Actual Loops": 1,"Workers Planned": 2,"Workers Launched": 2,"Plans": [{"Node Type": "Aggregate","Strategy": "Sorted","Partial Mode": "Partial","Parent Relationship": "Outer","Parallel Aware": false,"Async Capable": false,"Startup Cost": 20601.30,"Total Cost": 20609.33,"Plan Rows": 25,"Plan Width": 136,"Actual Startup Time": 795.499,"Actual Total Time": 796.369,"Actual Rows": 5,"Actual Loops": 3,"Group Key": ["nation.n_name"],"Workers": [],"Plans": [{"Node Type": "Sort","Parent Relationship": "Outer","Parallel Aware": false,"Async Capable": false,"Startup Cost": 20601.30,"Total Cost": 20602.85,"Plan Rows": 617,"Plan Width": 116,"Actual Startup Time": 795.285,"Actual Total Time": 795.436,"Actual Rows": 2498,"Actual Loops": 3,"Sort Key": ["nation.n_name"],"Sort Method": "quicksort","Sort Space Used": 299,"Sort Space Type": "Memory","Workers": [{"Worker Number": 0,"Sort Method": "quicksort","Sort Space Used": 291,"Sort Space Type": "Memory"},{"Worker Number": 1,"Sort Method": "quicksort","Sort Space Used": 284,"Sort Space Type": "Memory"}],"Plans": [{"Node Type": "Hash Join","Parent Relationship": "Outer","Parallel Aware": false,"Async Capable": false,"Join Type": "Inner","Startup Cost": 475.27,"Total Cost": 20572.71,"Plan Rows": 617,"Plan Width": 116,"Actual Startup Time": 14.014,"Actual Total Time": 793.817,"Actual Rows": 2498,"Actual Loops": 3,"Inner Unique": true,"Hash Cond": "((lineitem.l_suppkey = supplier.s_suppkey) AND (customer.c_nationkey = supplier.s_nationkey))","Workers": [],"Plans": [{"Node Type": "Nested Loop","Parent Relationship": "Outer","Parallel Aware": false,"Async Capable": false,"Join Type": "Inner","Startup Cost": 3.27,"Total Cost": 20019.70,"Plan Rows": 15431,"Plan Width": 128,"Actual Startup Time": 0.837,"Actual Total Time": 749.002,"Actual Rows": 60742,"Actual Loops": 3,"Inner Unique": false,"Workers": [],"Plans": [{"Node Type": "Nested Loop","Parent Relationship": "Outer","Parallel Aware": false,"Async Capable": false,"Join Type": "Inner","Startup Cost": 2.84,"Total Cost": 8414.26,"Plan Rows": 3857,"Plan Width": 116,"Actual Startup Time": 0.706,"Actual Total Time": 447.815,"Actual Rows": 15183,"Actual Loops": 3,"Inner Unique": false,"Workers": [],"Plans": [{"Node Type": "Hash Join","Parent Relationship": "Outer","Parallel Aware": false,"Async Capable": false,"Join Type": "Inner","Startup Cost": 2.41,"Total Cost": 4471.79,"Plan Rows": 2500,"Plan Width": 116,"Actual Startup Time": 0.258,"Actual Total Time": 55.848,"Actual Rows": 9984,"Actual Loops": 3,"Inner Unique": false,"Hash Cond": "(customer.c_nationkey = nation.n_nationkey)","Workers": [],"Plans": [{"Node Type": "Seq Scan","Parent Relationship": "Outer","Parallel Aware": true,"Async Capable": false,"Relation Name": "customer","Alias": "customer","Startup Cost": 0.00,"Total Cost": 4210.00,"Plan Rows": 62500,"Plan Width": 8,"Actual Startup Time": 0.017,"Actual Total Time": 9.503,"Actual Rows": 50000,"Actual Loops": 3,"Workers": []},{"Node Type": "Hash","Parent Relationship": "Inner","Parallel Aware": false,"Async Capable": false,"Startup Cost": 2.40,"Total Cost": 2.40,"Plan Rows": 1,"Plan Width": 108,"Actual Startup Time": 0.153,"Actual Total Time": 0.178,"Actual Rows": 5,"Actual Loops": 3,"Hash Buckets": 1024,"Original Hash Buckets": 1024,"Hash Batches": 1,"Original Hash Batches": 1,"Peak Memory Usage": 9,"Workers": [],"Plans": [{"Node Type": "Hash Join","Parent Relationship": "Outer","Parallel Aware": false,"Async Capable": false,"Join Type": "Inner","Startup Cost": 1.07,"Total Cost": 2.40,"Plan Rows": 1,"Plan Width": 108,"Actual Startup Time": 0.136,"Actual Total Time": 0.167,"Actual Rows": 5,"Actual Loops": 3,"Inner Unique": true,"Hash Cond": "(nation.n_regionkey = region.r_regionkey)","Workers": [],"Plans": [{"Node Type": "Seq Scan","Parent Relationship": "Outer","Parallel Aware": false,"Async Capable": false,"Relation Name": "nation","Alias": "nation","Startup Cost": 0.00,"Total Cost": 1.25,"Plan Rows": 25,"Plan Width": 112,"Actual Startup Time": 0.055,"Actual Total Time": 0.059,"Actual Rows": 25,"Actual Loops": 3,"Workers": []},{"Node Type": "Hash","Parent Relationship": "Inner","Parallel Aware": false,"Async Capable": false,"Startup Cost": 1.06,"Total Cost": 1.06,"Plan Rows": 1,"Plan Width": 4,"Actual Startup Time": 0.050,"Actual Total Time": 0.057,"Actual Rows": 1,"Actual Loops": 3,"Hash Buckets": 1024,"Original Hash Buckets": 1024,"Hash Batches": 1,"Original Hash Batches": 1,"Peak Memory Usage": 9,"Workers": [],"Plans": [{"Node Type": "Seq Scan","Parent Relationship": "Outer","Parallel Aware": false,"Async Capable": false,"Relation Name": "region","Alias": "region","Startup Cost": 0.00,"Total Cost": 1.06,"Plan Rows": 1,"Plan Width": 4,"Actual Startup Time": 0.036,"Actual Total Time": 0.039,"Actual Rows": 1,"Actual Loops": 3,"Filter": "(r_name = 'AMERICA'::bpchar)","Rows Removed by Filter": 4,"Workers": []}]}]}]}]},{"Node Type": "Index Scan","Parent Relationship": "Inner","Parallel Aware": false,"Async Capable": false,"Scan Direction": "Forward","Index Name": "idx_orders_custkey","Relation Name": "orders","Alias": "orders","Startup Cost": 0.43,"Total Cost": 1.55,"Plan Rows": 3,"Plan Width": 8,"Actual Startup Time": 0.017,"Actual Total Time": 0.039,"Actual Rows": 2,"Actual Loops": 29952,"Index Cond": "(o_custkey = customer.c_custkey)","Rows Removed by Index Recheck": 0,"Filter": "((o_orderdate >= '1996-01-01'::date) AND (o_orderdate < '1997-01-01 00:00:00'::timestamp without time zone))","Rows Removed by Filter": 8,"Workers": []}]},{"Node Type": "Index Scan","Parent Relationship": "Inner","Parallel Aware": false,"Async Capable": false,"Scan Direction": "Forward","Index Name": "idx_lineitem_orderkey","Relation Name": "lineitem","Alias": "lineitem","Startup Cost": 0.43,"Total Cost": 2.84,"Plan Rows": 17,"Plan Width": 20,"Actual Startup Time": 0.016,"Actual Total Time": 0.019,"Actual Rows": 4,"Actual Loops": 45549,"Index Cond": "(l_orderkey = orders.o_orderkey)","Rows Removed by Index Recheck": 0,"Workers": []}]},{"Node Type": "Hash","Parent Relationship": "Inner","Parallel Aware": false,"Async Capable": false,"Startup Cost": 322.00,"Total Cost": 322.00,"Plan Rows": 10000,"Plan Width": 8,"Actual Startup Time": 12.297,"Actual Total Time": 12.301,"Actual Rows": 10000,"Actual Loops": 3,"Hash Buckets": 16384,"Original Hash Buckets": 16384,"Hash Batches": 1,"Original Hash Batches": 1,"Peak Memory Usage": 519,"Workers": [],"Plans": [{"Node Type": "Seq Scan","Parent Relationship": "Outer","Parallel Aware": false,"Async Capable": false,"Relation Name": "supplier","Alias": "supplier","Startup Cost": 0.00,"Total Cost": 322.00,"Plan Rows": 10000,"Plan Width": 8,"Actual Startup Time": 0.045,"Actual Total Time": 10.666,"Actual Rows": 10000,"Actual Loops": 3,"Workers": []}]}]}]}]}]}]}]},"Planning Time": 9.455,"Triggers": [],"Execution Time": 837.268}]
[{"Plan": {"Node Type": "Sort","Parallel Aware": false,"Async Capable": false,"Startup Cost": 21616.39,"Total Cost": 21616.45,"Plan Rows": 25,"Plan Width": 136,"Actual Startup Time": 802.725,"Actual Total Time": 834.940,"Actual Rows": 5,"Actual Loops": 1,"Sort Key": ["(sum((lineitem.l_extendedprice * ('1'::numeric - lineitem.l_discount)))) DESC"],"Sort Method": "quicksort","Sort Space Used": 25,"Sort Space Type": "Memory","Plans": [{"Node Type": "Aggregate","Strategy": "Sorted","Partial Mode": "Finalize","Parent Relationship": "Outer","Parallel Aware": false,"Async Capable": false,"Startup Cost": 21601.33,"Total Cost": 21615.81,"Plan Rows": 25,"Plan Width": 136,"Actual Startup Time": 802.089,"Actual Total Time": 834.889,"Actual Rows": 5,"Actual Loops": 1,"Group Key": ["nation.n_name"],"Plans": [{"Node Type": "Gather Merge","Parent Relationship": "Outer","Parallel Aware": false,"Async Capable": false,"Startup Cost": 21601.33,"Total Cost": 21615.12,"Plan Rows": 50,"Plan Width": 136,"Actual Startup Time": 801.869,"Actual Total Time": 834.838,"Actual Rows": 15,"Actual Loops": 1,"Workers Planned": 2,"Workers Launched": 2,"Plans": [{"Node Type": "Aggregate","Strategy": "Sorted","Partial Mode": "Partial","Parent Relationship": "Outer","Parallel Aware": false,"Async Capable": false,"Startup Cost": 20601.30,"Total Cost": 20609.33,"Plan Rows": 25,"Plan Width": 136,"Actual Startup Time": 794.218,"Actual Total Time": 794.940,"Actual Rows": 5,"Actual Loops": 3,"Group Key": ["nation.n_name"],"Workers": [],"Plans": [{"Node Type": "Sort","Parent Relationship": "Outer","Parallel Aware": false,"Async Capable": false,"Startup Cost": 20601.30,"Total Cost": 20602.85,"Plan Rows": 617,"Plan Width": 116,"Actual Startup Time": 793.996,"Actual Total Time": 794.120,"Actual Rows": 2469,"Actual Loops": 3,"Sort Key": ["nation.n_name"],"Sort Method": "quicksort","Sort Space Used": 296,"Sort Space Type": "Memory","Workers": [{"Worker Number": 0,"Sort Method": "quicksort","Sort Space Used": 284,"Sort Space Type": "Memory"},{"Worker Number": 1,"Sort Method": "quicksort","Sort Space Used": 288,"Sort Space Type": "Memory"}],"Plans": [{"Node Type": "Hash Join","Parent Relationship": "Outer","Parallel Aware": false,"Async Capable": false,"Join Type": "Inner","Startup Cost": 475.27,"Total Cost": 20572.71,"Plan Rows": 617,"Plan Width": 116,"Actual Startup Time": 14.848,"Actual Total Time": 792.432,"Actual Rows": 2469,"Actual Loops": 3,"Inner Unique": true,"Hash Cond": "((lineitem.l_suppkey = supplier.s_suppkey) AND (customer.c_nationkey = supplier.s_nationkey))","Workers": [],"Plans": [{"Node Type": "Nested Loop","Parent Relationship": "Outer","Parallel Aware": false,"Async Capable": false,"Join Type": "Inner","Startup Cost": 3.27,"Total Cost": 20019.70,"Plan Rows": 15431,"Plan Width": 128,"Actual Startup Time": 0.724,"Actual Total Time": 746.203,"Actual Rows": 60646,"Actual Loops": 3,"Inner Unique": false,"Workers": [],"Plans": [{"Node Type": "Nested Loop","Parent Relationship": "Outer","Parallel Aware": false,"Async Capable": false,"Join Type": "Inner","Startup Cost": 2.84,"Total Cost": 8414.26,"Plan Rows": 3857,"Plan Width": 116,"Actual Startup Time": 0.603,"Actual Total Time": 446.704,"Actual Rows": 15077,"Actual Loops": 3,"Inner Unique": false,"Workers": [],"Plans": [{"Node Type": "Hash Join","Parent Relationship": "Outer","Parallel Aware": false,"Async Capable": false,"Join Type": "Inner","Startup Cost": 2.41,"Total Cost": 4471.79,"Plan Rows": 2500,"Plan Width": 116,"Actual Startup Time": 0.232,"Actual Total Time": 54.148,"Actual Rows": 9968,"Actual Loops": 3,"Inner Unique": false,"Hash Cond": "(customer.c_nationkey = nation.n_nationkey)","Workers": [],"Plans": [{"Node Type": "Seq Scan","Parent Relationship": "Outer","Parallel Aware": true,"Async Capable": false,"Relation Name": "customer","Alias": "customer","Startup Cost": 0.00,"Total Cost": 4210.00,"Plan Rows": 62500,"Plan Width": 8,"Actual Startup Time": 0.016,"Actual Total Time": 9.432,"Actual Rows": 50000,"Actual Loops": 3,"Workers": []},{"Node Type": "Hash","Parent Relationship": "Inner","Parallel Aware": false,"Async Capable": false,"Startup Cost": 2.40,"Total Cost": 2.40,"Plan Rows": 1,"Plan Width": 108,"Actual Startup Time": 0.135,"Actual Total Time": 0.148,"Actual Rows": 5,"Actual Loops": 3,"Hash Buckets": 1024,"Original Hash Buckets": 1024,"Hash Batches": 1,"Original Hash Batches": 1,"Peak Memory Usage": 9,"Workers": [],"Plans": [{"Node Type": "Hash Join","Parent Relationship": "Outer","Parallel Aware": false,"Async Capable": false,"Join Type": "Inner","Startup Cost": 1.07,"Total Cost": 2.40,"Plan Rows": 1,"Plan Width": 108,"Actual Startup Time": 0.120,"Actual Total Time": 0.140,"Actual Rows": 5,"Actual Loops": 3,"Inner Unique": true,"Hash Cond": "(nation.n_regionkey = region.r_regionkey)","Workers": [],"Plans": [{"Node Type": "Seq Scan","Parent Relationship": "Outer","Parallel Aware": false,"Async Capable": false,"Relation Name": "nation","Alias": "nation","Startup Cost": 0.00,"Total Cost": 1.25,"Plan Rows": 25,"Plan Width": 112,"Actual Startup Time": 0.048,"Actual Total Time": 0.052,"Actual Rows": 25,"Actual Loops": 3,"Workers": []},{"Node Type": "Hash","Parent Relationship": "Inner","Parallel Aware": false,"Async Capable": false,"Startup Cost": 1.06,"Total Cost": 1.06,"Plan Rows": 1,"Plan Width": 4,"Actual Startup Time": 0.046,"Actual Total Time": 0.050,"Actual Rows": 1,"Actual Loops": 3,"Hash Buckets": 1024,"Original Hash Buckets": 1024,"Hash Batches": 1,"Original Hash Batches": 1,"Peak Memory Usage": 9,"Workers": [],"Plans": [{"Node Type": "Seq Scan","Parent Relationship": "Outer","Parallel Aware": false,"Async Capable": false,"Relation Name": "region","Alias": "region","Startup Cost": 0.00,"Total Cost": 1.06,"Plan Rows": 1,"Plan Width": 4,"Actual Startup Time": 0.033,"Actual Total Time": 0.035,"Actual Rows": 1,"Actual Loops": 3,"Filter": "(r_name = 'MIDDLE EAST'::bpchar)","Rows Removed by Filter": 4,"Workers": []}]}]}]}]},{"Node Type": "Index Scan","Parent Relationship": "Inner","Parallel Aware": false,"Async Capable": false,"Scan Direction": "Forward","Index Name": "idx_orders_custkey","Relation Name": "orders","Alias": "orders","Startup Cost": 0.43,"Total Cost": 1.55,"Plan Rows": 3,"Plan Width": 8,"Actual Startup Time": 0.017,"Actual Total Time": 0.039,"Actual Rows": 2,"Actual Loops": 29904,"Index Cond": "(o_custkey = customer.c_custkey)","Rows Removed by Index Recheck": 0,"Filter": "((o_orderdate >= '1996-01-01'::date) AND (o_orderdate < '1997-01-01 00:00:00'::timestamp without time zone))","Rows Removed by Filter": 8,"Workers": []}]},{"Node Type": "Index Scan","Parent Relationship": "Inner","Parallel Aware": false,"Async Capable": false,"Scan Direction": "Forward","Index Name": "idx_lineitem_orderkey","Relation Name": "lineitem","Alias": "lineitem","Startup Cost": 0.43,"Total Cost": 2.84,"Plan Rows": 17,"Plan Width": 20,"Actual Startup Time": 0.016,"Actual Total Time": 0.019,"Actual Rows": 4,"Actual Loops": 45231,"Index Cond": "(l_orderkey = orders.o_orderkey)","Rows Removed by Index Recheck": 0,"Workers": []}]},{"Node Type": "Hash","Parent Relationship": "Inner","Parallel Aware": false,"Async Capable": false,"Startup Cost": 322.00,"Total Cost": 322.00,"Plan Rows": 10000,"Plan Width": 8,"Actual Startup Time": 13.111,"Actual Total Time": 13.116,"Actual Rows": 10000,"Actual Loops": 3,"Hash Buckets": 16384,"Original Hash Buckets": 16384,"Hash Batches": 1,"Original Hash Batches": 1,"Peak Memory Usage": 519,"Workers": [],"Plans": [{"Node Type": "Seq Scan","Parent Relationship": "Outer","Parallel Aware": false,"Async Capable": false,"Relation Name": "supplier","Alias": "supplier","Startup Cost": 0.00,"Total Cost": 322.00,"Plan Rows": 10000,"Plan Width": 8,"Actual Startup Time": 0.041,"Actual Total Time": 11.446,"Actual Rows": 10000,"Actual Loops": 3,"Workers": []}]}]}]}]}]}]}]},"Planning Time": 10.334,"Triggers": [],"Execution Time": 835.373}]
[{"Plan": {"Node Type": "Sort","Parallel Aware": false,"Async Capable": false,"Startup Cost": 21612.43,"Total Cost": 21612.50,"Plan Rows": 25,"Plan Width": 136,"Actual Startup Time": 812.208,"Actual Total Time": 844.906,"Actual Rows": 5,"Actual Loops": 1,"Sort Key": ["(sum((lineitem.l_extendedprice * ('1'::numeric - lineitem.l_discount)))) DESC"],"Sort Method": "quicksort","Sort Space Used": 25,"Sort Space Type": "Memory","Plans": [{"Node Type": "Aggregate","Strategy": "Sorted","Partial Mode": "Finalize","Parent Relationship": "Outer","Parallel Aware": false,"Async Capable": false,"Startup Cost": 21597.38,"Total Cost": 21611.85,"Plan Rows": 25,"Plan Width": 136,"Actual Startup Time": 811.577,"Actual Total Time": 844.848,"Actual Rows": 5,"Actual Loops": 1,"Group Key": ["nation.n_name"],"Plans": [{"Node Type": "Gather Merge","Parent Relationship": "Outer","Parallel Aware": false,"Async Capable": false,"Startup Cost": 21597.38,"Total Cost": 21611.17,"Plan Rows": 50,"Plan Width": 136,"Actual Startup Time": 811.381,"Actual Total Time": 844.798,"Actual Rows": 15,"Actual Loops": 1,"Workers Planned": 2,"Workers Launched": 2,"Plans": [{"Node Type": "Aggregate","Strategy": "Sorted","Partial Mode": "Partial","Parent Relationship": "Outer","Parallel Aware": false,"Async Capable": false,"Startup Cost": 20597.36,"Total Cost": 20605.37,"Plan Rows": 25,"Plan Width": 136,"Actual Startup Time": 803.972,"Actual Total Time": 804.698,"Actual Rows": 5,"Actual Loops": 3,"Group Key": ["nation.n_name"],"Workers": [],"Plans": [{"Node Type": "Sort","Parent Relationship": "Outer","Parallel Aware": false,"Async Capable": false,"Startup Cost": 20597.36,"Total Cost": 20598.90,"Plan Rows": 616,"Plan Width": 116,"Actual Startup Time": 803.767,"Actual Total Time": 803.896,"Actual Rows": 2458,"Actual Loops": 3,"Sort Key": ["nation.n_name"],"Sort Method": "quicksort","Sort Space Used": 292,"Sort Space Type": "Memory","Workers": [{"Worker Number": 0,"Sort Method": "quicksort","Sort Space Used": 287,"Sort Space Type": "Memory"},{"Worker Number": 1,"Sort Method": "quicksort","Sort Space Used": 286,"Sort Space Type": "Memory"}],"Plans": [{"Node Type": "Hash Join","Parent Relationship": "Outer","Parallel Aware": false,"Async Capable": false,"Join Type": "Inner","Startup Cost": 475.27,"Total Cost": 20568.82,"Plan Rows": 616,"Plan Width": 116,"Actual Startup Time": 9.755,"Actual Total Time": 802.240,"Actual Rows": 2458,"Actual Loops": 3,"Inner Unique": true,"Hash Cond": "((lineitem.l_suppkey = supplier.s_suppkey) AND (customer.c_nationkey = supplier.s_nationkey))","Workers": [],"Plans": [{"Node Type": "Nested Loop","Parent Relationship": "Outer","Parallel Aware": false,"Async Capable": false,"Join Type": "Inner","Startup Cost": 3.27,"Total Cost": 20015.89,"Plan Rows": 15415,"Plan Width": 128,"Actual Startup Time": 0.708,"Actual Total Time": 760.379,"Actual Rows": 60417,"Actual Loops": 3,"Inner Unique": false,"Workers": [],"Plans": [{"Node Type": "Nested Loop","Parent Relationship": "Outer","Parallel Aware": false,"Async Capable": false,"Join Type": "Inner","Startup Cost": 2.84,"Total Cost": 8414.26,"Plan Rows": 3853,"Plan Width": 116,"Actual Startup Time": 0.563,"Actual Total Time": 454.038,"Actual Rows": 15112,"Actual Loops": 3,"Inner Unique": false,"Workers": [],"Plans": [{"Node Type": "Hash Join","Parent Relationship": "Outer","Parallel Aware": false,"Async Capable": false,"Join Type": "Inner","Startup Cost": 2.41,"Total Cost": 4471.79,"Plan Rows": 2500,"Plan Width": 116,"Actual Startup Time": 0.264,"Actual Total Time": 54.641,"Actual Rows": 9984,"Actual Loops": 3,"Inner Unique": false,"Hash Cond": "(customer.c_nationkey = nation.n_nationkey)","Workers": [],"Plans": [{"Node Type": "Seq Scan","Parent Relationship": "Outer","Parallel Aware": true,"Async Capable": false,"Relation Name": "customer","Alias": "customer","Startup Cost": 0.00,"Total Cost": 4210.00,"Plan Rows": 62500,"Plan Width": 8,"Actual Startup Time": 0.019,"Actual Total Time": 9.602,"Actual Rows": 50000,"Actual Loops": 3,"Workers": []},{"Node Type": "Hash","Parent Relationship": "Inner","Parallel Aware": false,"Async Capable": false,"Startup Cost": 2.40,"Total Cost": 2.40,"Plan Rows": 1,"Plan Width": 108,"Actual Startup Time": 0.143,"Actual Total Time": 0.163,"Actual Rows": 5,"Actual Loops": 3,"Hash Buckets": 1024,"Original Hash Buckets": 1024,"Hash Batches": 1,"Original Hash Batches": 1,"Peak Memory Usage": 9,"Workers": [],"Plans": [{"Node Type": "Hash Join","Parent Relationship": "Outer","Parallel Aware": false,"Async Capable": false,"Join Type": "Inner","Startup Cost": 1.07,"Total Cost": 2.40,"Plan Rows": 1,"Plan Width": 108,"Actual Startup Time": 0.129,"Actual Total Time": 0.153,"Actual Rows": 5,"Actual Loops": 3,"Inner Unique": true,"Hash Cond": "(nation.n_regionkey = region.r_regionkey)","Workers": [],"Plans": [{"Node Type": "Seq Scan","Parent Relationship": "Outer","Parallel Aware": false,"Async Capable": false,"Relation Name": "nation","Alias": "nation","Startup Cost": 0.00,"Total Cost": 1.25,"Plan Rows": 25,"Plan Width": 112,"Actual Startup Time": 0.046,"Actual Total Time": 0.051,"Actual Rows": 25,"Actual Loops": 3,"Workers": []},{"Node Type": "Hash","Parent Relationship": "Inner","Parallel Aware": false,"Async Capable": false,"Startup Cost": 1.06,"Total Cost": 1.06,"Plan Rows": 1,"Plan Width": 4,"Actual Startup Time": 0.053,"Actual Total Time": 0.059,"Actual Rows": 1,"Actual Loops": 3,"Hash Buckets": 1024,"Original Hash Buckets": 1024,"Hash Batches": 1,"Original Hash Batches": 1,"Peak Memory Usage": 9,"Workers": [],"Plans": [{"Node Type": "Seq Scan","Parent Relationship": "Outer","Parallel Aware": false,"Async Capable": false,"Relation Name": "region","Alias": "region","Startup Cost": 0.00,"Total Cost": 1.06,"Plan Rows": 1,"Plan Width": 4,"Actual Startup Time": 0.038,"Actual Total Time": 0.040,"Actual Rows": 1,"Actual Loops": 3,"Filter": "(r_name = 'AMERICA'::bpchar)","Rows Removed by Filter": 4,"Workers": []}]}]}]}]},{"Node Type": "Index Scan","Parent Relationship": "Inner","Parallel Aware": false,"Async Capable": false,"Scan Direction": "Forward","Index Name": "idx_orders_custkey","Relation Name": "orders","Alias": "orders","Startup Cost": 0.43,"Total Cost": 1.55,"Plan Rows": 3,"Plan Width": 8,"Actual Startup Time": 0.017,"Actual Total Time": 0.040,"Actual Rows": 2,"Actual Loops": 29952,"Index Cond": "(o_custkey = customer.c_custkey)","Rows Removed by Index Recheck": 0,"Filter": "((o_orderdate >= '1994-01-01'::date) AND (o_orderdate < '1995-01-01 00:00:00'::timestamp without time zone))","Rows Removed by Filter": 8,"Workers": []}]},{"Node Type": "Index Scan","Parent Relationship": "Inner","Parallel Aware": false,"Async Capable": false,"Scan Direction": "Forward","Index Name": "idx_lineitem_orderkey","Relation Name": "lineitem","Alias": "lineitem","Startup Cost": 0.43,"Total Cost": 2.84,"Plan Rows": 17,"Plan Width": 20,"Actual Startup Time": 0.017,"Actual Total Time": 0.020,"Actual Rows": 4,"Actual Loops": 45335,"Index Cond": "(l_orderkey = orders.o_orderkey)","Rows Removed by Index Recheck": 0,"Workers": []}]},{"Node Type": "Hash","Parent Relationship": "Inner","Parallel Aware": false,"Async Capable": false,"Startup Cost": 322.00,"Total Cost": 322.00,"Plan Rows": 10000,"Plan Width": 8,"Actual Startup Time": 8.509,"Actual Total Time": 8.512,"Actual Rows": 10000,"Actual Loops": 3,"Hash Buckets": 16384,"Original Hash Buckets": 16384,"Hash Batches": 1,"Original Hash Batches": 1,"Peak Memory Usage": 519,"Workers": [],"Plans": [{"Node Type": "Seq Scan","Parent Relationship": "Outer","Parallel Aware": false,"Async Capable": false,"Relation Name": "supplier","Alias": "supplier","Startup Cost": 0.00,"Total Cost": 322.00,"Plan Rows": 10000,"Plan Width": 8,"Actual Startup Time": 0.036,"Actual Total Time": 6.673,"Actual Rows": 10000,"Actual Loops": 3,"Workers": []}]}]}]}]}]}]}]},"Planning Time": 10.649,"Triggers": [],"Execution Time": 845.482}]
[{"Plan": {"Node Type": "Sort","Parallel Aware": false,"Async Capable": false,"Startup Cost": 21616.39,"Total Cost": 21616.45,"Plan Rows": 25,"Plan Width": 136,"Actual Startup Time": 802.725,"Actual Total Time": 834.940,"Actual Rows": 5,"Actual Loops": 1,"Sort Key": ["(sum((lineitem.l_extendedprice * ('1'::numeric - lineitem.l_discount)))) DESC"],"Sort Method": "quicksort","Sort Space Used": 25,"Sort Space Type": "Memory","Plans": [{"Node Type": "Aggregate","Strategy": "Sorted","Partial Mode": "Finalize","Parent Relationship": "Outer","Parallel Aware": false,"Async Capable": false,"Startup Cost": 21601.33,"Total Cost": 21615.81,"Plan Rows": 25,"Plan Width": 136,"Actual Startup Time": 802.089,"Actual Total Time": 834.889,"Actual Rows": 5,"Actual Loops": 1,"Group Key": ["nation.n_name"],"Plans": [{"Node Type": "Gather Merge","Parent Relationship": "Outer","Parallel Aware": false,"Async Capable": false,"Startup Cost": 21601.33,"Total Cost": 21615.12,"Plan Rows": 50,"Plan Width": 136,"Actual Startup Time": 801.869,"Actual Total Time": 834.838,"Actual Rows": 15,"Actual Loops": 1,"Workers Planned": 2,"Workers Launched": 2,"Plans": [{"Node Type": "Aggregate","Strategy": "Sorted","Partial Mode": "Partial","Parent Relationship": "Outer","Parallel Aware": false,"Async Capable": false,"Startup Cost": 20601.30,"Total Cost": 20609.33,"Plan Rows": 25,"Plan Width": 136,"Actual Startup Time": 794.218,"Actual Total Time": 794.940,"Actual Rows": 5,"Actual Loops": 3,"Group Key": ["nation.n_name"],"Workers": [],"Plans": [{"Node Type": "Sort","Parent Relationship": "Outer","Parallel Aware": false,"Async Capable": false,"Startup Cost": 20601.30,"Total Cost": 20602.85,"Plan Rows": 617,"Plan Width": 116,"Actual Startup Time": 793.996,"Actual Total Time": 794.120,"Actual Rows": 2469,"Actual Loops": 3,"Sort Key": ["nation.n_name"],"Sort Method": "quicksort","Sort Space Used": 296,"Sort Space Type": "Memory","Workers": [{"Worker Number": 0,"Sort Method": "quicksort","Sort Space Used": 284,"Sort Space Type": "Memory"},{"Worker Number": 1,"Sort Method": "quicksort","Sort Space Used": 288,"Sort Space Type": "Memory"}],"Plans": [{"Node Type": "Hash Join","Parent Relationship": "Outer","Parallel Aware": false,"Async Capable": false,"Join Type": "Inner","Startup Cost": 475.27,"Total Cost": 20572.71,"Plan Rows": 617,"Plan Width": 116,"Actual Startup Time": 14.848,"Actual Total Time": 792.432,"Actual Rows": 2469,"Actual Loops": 3,"Inner Unique": true,"Hash Cond": "((lineitem.l_suppkey = supplier.s_suppkey) AND (customer.c_nationkey = supplier.s_nationkey))","Workers": [],"Plans": [{"Node Type": "Nested Loop","Parent Relationship": "Outer","Parallel Aware": false,"Async Capable": false,"Join Type": "Inner","Startup Cost": 3.27,"Total Cost": 20019.70,"Plan Rows": 15431,"Plan Width": 128,"Actual Startup Time": 0.724,"Actual Total Time": 746.203,"Actual Rows": 60646,"Actual Loops": 3,"Inner Unique": false,"Workers": [],"Plans": [{"Node Type": "Nested Loop","Parent Relationship": "Outer","Parallel Aware": false,"Async Capable": false,"Join Type": "Inner","Startup Cost": 2.84,"Total Cost": 8414.26,"Plan Rows": 3857,"Plan Width": 116,"Actual Startup Time": 0.603,"Actual Total Time": 446.704,"Actual Rows": 15077,"Actual Loops": 3,"Inner Unique": false,"Workers": [],"Plans": [{"Node Type": "Hash Join","Parent Relationship": "Outer","Parallel Aware": false,"Async Capable": false,"Join Type": "Inner","Startup Cost": 2.41,"Total Cost": 4471.79,"Plan Rows": 2500,"Plan Width": 116,"Actual Startup Time": 0.232,"Actual Total Time": 54.148,"Actual Rows": 9968,"Actual Loops": 3,"Inner Unique": false,"Hash Cond": "(customer.c_nationkey = nation.n_nationkey)","Workers": [],"Plans": [{"Node Type": "Seq Scan","Parent Relationship": "Outer","Parallel Aware": true,"Async Capable": false,"Relation Name": "customer","Alias": "customer","Startup Cost": 0.00,"Total Cost": 4210.00,"Plan Rows": 62500,"Plan Width": 8,"Actual Startup Time": 0.016,"Actual Total Time": 9.432,"Actual Rows": 50000,"Actual Loops": 3,"Workers": []},{"Node Type": "Hash","Parent Relationship": "Inner","Parallel Aware": false,"Async Capable": false,"Startup Cost": 2.40,"Total Cost": 2.40,"Plan Rows": 1,"Plan Width": 108,"Actual Startup Time": 0.135,"Actual Total Time": 0.148,"Actual Rows": 5,"Actual Loops": 3,"Hash Buckets": 1024,"Original Hash Buckets": 1024,"Hash Batches": 1,"Original Hash Batches": 1,"Peak Memory Usage": 9,"Workers": [],"Plans": [{"Node Type": "Hash Join","Parent Relationship": "Outer","Parallel Aware": false,"Async Capable": false,"Join Type": "Inner","Startup Cost": 1.07,"Total Cost": 2.40,"Plan Rows": 1,"Plan Width": 108,"Actual Startup Time": 0.120,"Actual Total Time": 0.140,"Actual Rows": 5,"Actual Loops": 3,"Inner Unique": true,"Hash Cond": "(nation.n_regionkey = region.r_regionkey)","Workers": [],"Plans": [{"Node Type": "Seq Scan","Parent Relationship": "Outer","Parallel Aware": false,"Async Capable": false,"Relation Name": "nation","Alias": "nation","Startup Cost": 0.00,"Total Cost": 1.25,"Plan Rows": 25,"Plan Width": 112,"Actual Startup Time": 0.048,"Actual Total Time": 0.052,"Actual Rows": 25,"Actual Loops": 3,"Workers": []},{"Node Type": "Hash","Parent Relationship": "Inner","Parallel Aware": false,"Async Capable": false,"Startup Cost": 1.06,"Total Cost": 1.06,"Plan Rows": 1,"Plan Width": 4,"Actual Startup Time": 0.046,"Actual Total Time": 0.050,"Actual Rows": 1,"Actual Loops": 3,"Hash Buckets": 1024,"Original Hash Buckets": 1024,"Hash Batches": 1,"Original Hash Batches": 1,"Peak Memory Usage": 9,"Workers": [],"Plans": [{"Node Type": "Seq Scan","Parent Relationship": "Outer","Parallel Aware": false,"Async Capable": false,"Relation Name": "region","Alias": "region","Startup Cost": 0.00,"Total Cost": 1.06,"Plan Rows": 1,"Plan Width": 4,"Actual Startup Time": 0.033,"Actual Total Time": 0.035,"Actual Rows": 1,"Actual Loops": 3,"Filter": "(r_name = 'MIDDLE EAST'::bpchar)","Rows Removed by Filter": 4,"Workers": []}]}]}]}]},{"Node Type": "Index Scan","Parent Relationship": "Inner","Parallel Aware": false,"Async Capable": false,"Scan Direction": "Forward","Index Name": "idx_orders_custkey","Relation Name": "orders","Alias": "orders","Startup Cost": 0.43,"Total Cost": 1.55,"Plan Rows": 3,"Plan Width": 8,"Actual Startup Time": 0.017,"Actual Total Time": 0.039,"Actual Rows": 2,"Actual Loops": 29904,"Index Cond": "(o_custkey = customer.c_custkey)","Rows Removed by Index Recheck": 0,"Filter": "((o_orderdate >= '1996-01-01'::date) AND (o_orderdate < '1997-01-01 00:00:00'::timestamp without time zone))","Rows Removed by Filter": 8,"Workers": []}]},{"Node Type": "Index Scan","Parent Relationship": "Inner","Parallel Aware": false,"Async Capable": false,"Scan Direction": "Forward","Index Name": "idx_lineitem_orderkey","Relation Name": "lineitem","Alias": "lineitem","Startup Cost": 0.43,"Total Cost": 2.84,"Plan Rows": 17,"Plan Width": 20,"Actual Startup Time": 0.016,"Actual Total Time": 0.019,"Actual Rows": 4,"Actual Loops": 45231,"Index Cond": "(l_orderkey = orders.o_orderkey)","Rows Removed by Index Recheck": 0,"Workers": []}]},{"Node Type": "Hash","Parent Relationship": "Inner","Parallel Aware": false,"Async Capable": false,"Startup Cost": 322.00,"Total Cost": 322.00,"Plan Rows": 10000,"Plan Width": 8,"Actual Startup Time": 13.111,"Actual Total Time": 13.116,"Actual Rows": 10000,"Actual Loops": 3,"Hash Buckets": 16384,"Original Hash Buckets": 16384,"Hash Batches": 1,"Original Hash Batches": 1,"Peak Memory Usage": 519,"Workers": [],"Plans": [{"Node Type": "Seq Scan","Parent Relationship": "Outer","Parallel Aware": false,"Async Capable": false,"Relation Name": "supplier","Alias": "supplier","Startup Cost": 0.00,"Total Cost": 322.00,"Plan Rows": 10000,"Plan Width": 8,"Actual Startup Time": 0.041,"Actual Total Time": 11.446,"Actual Rows": 10000,"Actual Loops": 3,"Workers": []}]}]}]}]}]}]}]},"Planning Time": 10.334,"Triggers": [],"Execution Time": 835.373}]
[{"Plan": {"Node Type": "Sort","Parallel Aware": false,"Async Capable": false,"Startup Cost": 21565.81,"Total Cost": 21565.87,"Plan Rows": 25,"Plan Width": 136,"Actual Startup Time": 812.189,"Actual Total Time": 842.359,"Actual Rows": 5,"Actual Loops": 1,"Sort Key": ["(sum((lineitem.l_extendedprice * ('1'::numeric - lineitem.l_discount)))) DESC"],"Sort Method": "quicksort","Sort Space Used": 25,"Sort Space Type": "Memory","Plans": [{"Node Type": "Aggregate","Strategy": "Sorted","Partial Mode": "Finalize","Parent Relationship": "Outer","Parallel Aware": false,"Async Capable": false,"Startup Cost": 21550.86,"Total Cost": 21565.23,"Plan Rows": 25,"Plan Width": 136,"Actual Startup Time": 811.599,"Actual Total Time": 842.311,"Actual Rows": 5,"Actual Loops": 1,"Group Key": ["nation.n_name"],"Plans": [{"Node Type": "Gather Merge","Parent Relationship": "Outer","Parallel Aware": false,"Async Capable": false,"Startup Cost": 21550.86,"Total Cost": 21564.54,"Plan Rows": 50,"Plan Width": 136,"Actual Startup Time": 811.323,"Actual Total Time": 842.254,"Actual Rows": 15,"Actual Loops": 1,"Workers Planned": 2,"Workers Launched": 2,"Plans": [{"Node Type": "Aggregate","Strategy": "Sorted","Partial Mode": "Partial","Parent Relationship": "Outer","Parallel Aware": false,"Async Capable": false,"Startup Cost": 20550.84,"Total Cost": 20558.75,"Plan Rows": 25,"Plan Width": 136,"Actual Startup Time": 803.769,"Actual Total Time": 804.515,"Actual Rows": 5,"Actual Loops": 3,"Group Key": ["nation.n_name"],"Workers": [],"Plans": [{"Node Type": "Sort","Parent Relationship": "Outer","Parallel Aware": false,"Async Capable": false,"Startup Cost": 20550.84,"Total Cost": 20552.36,"Plan Rows": 608,"Plan Width": 116,"Actual Startup Time": 803.552,"Actual Total Time": 803.687,"Actual Rows": 2453,"Actual Loops": 3,"Sort Key": ["nation.n_name"],"Sort Method": "quicksort","Sort Space Used": 291,"Sort Space Type": "Memory","Workers": [{"Worker Number": 0,"Sort Method": "quicksort","Sort Space Used": 289,"Sort Space Type": "Memory"},{"Worker Number": 1,"Sort Method": "quicksort","Sort Space Used": 285,"Sort Space Type": "Memory"}],"Plans": [{"Node Type": "Hash Join","Parent Relationship": "Outer","Parallel Aware": false,"Async Capable": false,"Join Type": "Inner","Startup Cost": 475.27,"Total Cost": 20522.72,"Plan Rows": 608,"Plan Width": 116,"Actual Startup Time": 16.360,"Actual Total Time": 802.078,"Actual Rows": 2453,"Actual Loops": 3,"Inner Unique": true,"Hash Cond": "((lineitem.l_suppkey = supplier.s_suppkey) AND (customer.c_nationkey = supplier.s_nationkey))","Workers": [],"Plans": [{"Node Type": "Nested Loop","Parent Relationship": "Outer","Parallel Aware": false,"Async Capable": false,"Join Type": "Inner","Startup Cost": 3.27,"Total Cost": 19970.84,"Plan Rows": 15215,"Plan Width": 128,"Actual Startup Time": 0.560,"Actual Total Time": 757.067,"Actual Rows": 60975,"Actual Loops": 3,"Inner Unique": false,"Workers": [],"Plans": [{"Node Type": "Nested Loop","Parent Relationship": "Outer","Parallel Aware": false,"Async Capable": false,"Join Type": "Inner","Startup Cost": 2.84,"Total Cost": 8414.26,"Plan Rows": 3803,"Plan Width": 116,"Actual Startup Time": 0.451,"Actual Total Time": 451.841,"Actual Rows": 15295,"Actual Loops": 3,"Inner Unique": false,"Workers": [],"Plans": [{"Node Type": "Hash Join","Parent Relationship": "Outer","Parallel Aware": false,"Async Capable": false,"Join Type": "Inner","Startup Cost": 2.41,"Total Cost": 4471.79,"Plan Rows": 2500,"Plan Width": 116,"Actual Startup Time": 0.247,"Actual Total Time": 55.129,"Actual Rows": 10061,"Actual Loops": 3,"Inner Unique": false,"Hash Cond": "(customer.c_nationkey = nation.n_nationkey)","Workers": [],"Plans": [{"Node Type": "Seq Scan","Parent Relationship": "Outer","Parallel Aware": true,"Async Capable": false,"Relation Name": "customer","Alias": "customer","Startup Cost": 0.00,"Total Cost": 4210.00,"Plan Rows": 62500,"Plan Width": 8,"Actual Startup Time": 0.010,"Actual Total Time": 9.469,"Actual Rows": 50000,"Actual Loops": 3,"Workers": []},{"Node Type": "Hash","Parent Relationship": "Inner","Parallel Aware": false,"Async Capable": false,"Startup Cost": 2.40,"Total Cost": 2.40,"Plan Rows": 1,"Plan Width": 108,"Actual Startup Time": 0.154,"Actual Total Time": 0.175,"Actual Rows": 5,"Actual Loops": 3,"Hash Buckets": 1024,"Original Hash Buckets": 1024,"Hash Batches": 1,"Original Hash Batches": 1,"Peak Memory Usage": 9,"Workers": [],"Plans": [{"Node Type": "Hash Join","Parent Relationship": "Outer","Parallel Aware": false,"Async Capable": false,"Join Type": "Inner","Startup Cost": 1.07,"Total Cost": 2.40,"Plan Rows": 1,"Plan Width": 108,"Actual Startup Time": 0.142,"Actual Total Time": 0.165,"Actual Rows": 5,"Actual Loops": 3,"Inner Unique": true,"Hash Cond": "(nation.n_regionkey = region.r_regionkey)","Workers": [],"Plans": [{"Node Type": "Seq Scan","Parent Relationship": "Outer","Parallel Aware": false,"Async Capable": false,"Relation Name": "nation","Alias": "nation","Startup Cost": 0.00,"Total Cost": 1.25,"Plan Rows": 25,"Plan Width": 112,"Actual Startup Time": 0.058,"Actual Total Time": 0.062,"Actual Rows": 25,"Actual Loops": 3,"Workers": []},{"Node Type": "Hash","Parent Relationship": "Inner","Parallel Aware": false,"Async Capable": false,"Startup Cost": 1.06,"Total Cost": 1.06,"Plan Rows": 1,"Plan Width": 4,"Actual Startup Time": 0.056,"Actual Total Time": 0.065,"Actual Rows": 1,"Actual Loops": 3,"Hash Buckets": 1024,"Original Hash Buckets": 1024,"Hash Batches": 1,"Original Hash Batches": 1,"Peak Memory Usage": 9,"Workers": [],"Plans": [{"Node Type": "Seq Scan","Parent Relationship": "Outer","Parallel Aware": false,"Async Capable": false,"Relation Name": "region","Alias": "region","Startup Cost": 0.00,"Total Cost": 1.06,"Plan Rows": 1,"Plan Width": 4,"Actual Startup Time": 0.045,"Actual Total Time": 0.048,"Actual Rows": 1,"Actual Loops": 3,"Filter": "(r_name = 'ASIA'::bpchar)","Rows Removed by Filter": 4,"Workers": []}]}]}]}]},{"Node Type": "Index Scan","Parent Relationship": "Inner","Parallel Aware": false,"Async Capable": false,"Scan Direction": "Forward","Index Name": "idx_orders_custkey","Relation Name": "orders","Alias": "orders","Startup Cost": 0.43,"Total Cost": 1.55,"Plan Rows": 3,"Plan Width": 8,"Actual Startup Time": 0.017,"Actual Total Time": 0.039,"Actual Rows": 2,"Actual Loops": 30183,"Index Cond": "(o_custkey = customer.c_custkey)","Rows Removed by Index Recheck": 0,"Filter": "((o_orderdate >= '1997-01-01'::date) AND (o_orderdate < '1998-01-01 00:00:00'::timestamp without time zone))","Rows Removed by Filter": 8,"Workers": []}]},{"Node Type": "Index Scan","Parent Relationship": "Inner","Parallel Aware": false,"Async Capable": false,"Scan Direction": "Forward","Index Name": "idx_lineitem_orderkey","Relation Name": "lineitem","Alias": "lineitem","Startup Cost": 0.43,"Total Cost": 2.87,"Plan Rows": 17,"Plan Width": 20,"Actual Startup Time": 0.017,"Actual Total Time": 0.019,"Actual Rows": 4,"Actual Loops": 45884,"Index Cond": "(l_orderkey = orders.o_orderkey)","Rows Removed by Index Recheck": 0,"Workers": []}]},{"Node Type": "Hash","Parent Relationship": "Inner","Parallel Aware": false,"Async Capable": false,"Startup Cost": 322.00,"Total Cost": 322.00,"Plan Rows": 10000,"Plan Width": 8,"Actual Startup Time": 13.288,"Actual Total Time": 13.293,"Actual Rows": 10000,"Actual Loops": 3,"Hash Buckets": 16384,"Original Hash Buckets": 16384,"Hash Batches": 1,"Original Hash Batches": 1,"Peak Memory Usage": 519,"Workers": [],"Plans": [{"Node Type": "Seq Scan","Parent Relationship": "Outer","Parallel Aware": false,"Async Capable": false,"Relation Name": "supplier","Alias": "supplier","Startup Cost": 0.00,"Total Cost": 322.00,"Plan Rows": 10000,"Plan Width": 8,"Actual Startup Time": 0.036,"Actual Total Time": 11.595,"Actual Rows": 10000,"Actual Loops": 3,"Workers": []}]}]}]}]}]}]}]},"Planning Time": 10.446,"Triggers": [],"Execution Time": 842.801}]
[{"Plan": {"Node Type": "Sort","Parallel Aware": false,"Async Capable": false,"Startup Cost": 21612.43,"Total Cost": 21612.50,"Plan Rows": 25,"Plan Width": 136,"Actual Startup Time": 835.932,"Actual Total Time": 867.365,"Actual Rows": 5,"Actual Loops": 1,"Sort Key": ["(sum((lineitem.l_extendedprice * ('1'::numeric - lineitem.l_discount)))) DESC"],"Sort Method": "quicksort","Sort Space Used": 25,"Sort Space Type": "Memory","Plans": [{"Node Type": "Aggregate","Strategy": "Sorted","Partial Mode": "Finalize","Parent Relationship": "Outer","Parallel Aware": false,"Async Capable": false,"Startup Cost": 21597.38,"Total Cost": 21611.85,"Plan Rows": 25,"Plan Width": 136,"Actual Startup Time": 835.364,"Actual Total Time": 867.318,"Actual Rows": 5,"Actual Loops": 1,"Group Key": ["nation.n_name"],"Plans": [{"Node Type": "Gather Merge","Parent Relationship": "Outer","Parallel Aware": false,"Async Capable": false,"Startup Cost": 21597.38,"Total Cost": 21611.17,"Plan Rows": 50,"Plan Width": 136,"Actual Startup Time": 835.179,"Actual Total Time": 867.277,"Actual Rows": 15,"Actual Loops": 1,"Workers Planned": 2,"Workers Launched": 2,"Plans": [{"Node Type": "Aggregate","Strategy": "Sorted","Partial Mode": "Partial","Parent Relationship": "Outer","Parallel Aware": false,"Async Capable": false,"Startup Cost": 20597.36,"Total Cost": 20605.37,"Plan Rows": 25,"Plan Width": 136,"Actual Startup Time": 826.891,"Actual Total Time": 827.596,"Actual Rows": 5,"Actual Loops": 3,"Group Key": ["nation.n_name"],"Workers": [],"Plans": [{"Node Type": "Sort","Parent Relationship": "Outer","Parallel Aware": false,"Async Capable": false,"Startup Cost": 20597.36,"Total Cost": 20598.90,"Plan Rows": 616,"Plan Width": 116,"Actual Startup Time": 826.692,"Actual Total Time": 826.817,"Actual Rows": 2422,"Actual Loops": 3,"Sort Key": ["nation.n_name"],"Sort Method": "quicksort","Sort Space Used": 284,"Sort Space Type": "Memory","Workers": [{"Worker Number": 0,"Sort Method": "quicksort","Sort Space Used": 289,"Sort Space Type": "Memory"},{"Worker Number": 1,"Sort Method": "quicksort","Sort Space Used": 285,"Sort Space Type": "Memory"}],"Plans": [{"Node Type": "Hash Join","Parent Relationship": "Outer","Parallel Aware": false,"Async Capable": false,"Join Type": "Inner","Startup Cost": 475.27,"Total Cost": 20568.82,"Plan Rows": 616,"Plan Width": 116,"Actual Startup Time": 12.416,"Actual Total Time": 825.180,"Actual Rows": 2422,"Actual Loops": 3,"Inner Unique": true,"Hash Cond": "((lineitem.l_suppkey = supplier.s_suppkey) AND (customer.c_nationkey = supplier.s_nationkey))","Workers": [],"Plans": [{"Node Type": "Nested Loop","Parent Relationship": "Outer","Parallel Aware": false,"Async Capable": false,"Join Type": "Inner","Startup Cost": 3.27,"Total Cost": 20015.89,"Plan Rows": 15415,"Plan Width": 128,"Actual Startup Time": 0.717,"Actual Total Time": 776.964,"Actual Rows": 61524,"Actual Loops": 3,"Inner Unique": false,"Workers": [],"Plans": [{"Node Type": "Nested Loop","Parent Relationship": "Outer","Parallel Aware": false,"Async Capable": false,"Join Type": "Inner","Startup Cost": 2.84,"Total Cost": 8414.26,"Plan Rows": 3853,"Plan Width": 116,"Actual Startup Time": 0.594,"Actual Total Time": 468.318,"Actual Rows": 15364,"Actual Loops": 3,"Inner Unique": false,"Workers": [],"Plans": [{"Node Type": "Hash Join","Parent Relationship": "Outer","Parallel Aware": false,"Async Capable": false,"Join Type": "Inner","Startup Cost": 2.41,"Total Cost": 4471.79,"Plan Rows": 2500,"Plan Width": 116,"Actual Startup Time": 0.257,"Actual Total Time": 59.024,"Actual Rows": 10066,"Actual Loops": 3,"Inner Unique": false,"Hash Cond": "(customer.c_nationkey = nation.n_nationkey)","Workers": [],"Plans": [{"Node Type": "Seq Scan","Parent Relationship": "Outer","Parallel Aware": true,"Async Capable": false,"Relation Name": "customer","Alias": "customer","Startup Cost": 0.00,"Total Cost": 4210.00,"Plan Rows": 62500,"Plan Width": 8,"Actual Startup Time": 0.018,"Actual Total Time": 10.025,"Actual Rows": 50000,"Actual Loops": 3,"Workers": []},{"Node Type": "Hash","Parent Relationship": "Inner","Parallel Aware": false,"Async Capable": false,"Startup Cost": 2.40,"Total Cost": 2.40,"Plan Rows": 1,"Plan Width": 108,"Actual Startup Time": 0.151,"Actual Total Time": 0.168,"Actual Rows": 5,"Actual Loops": 3,"Hash Buckets": 1024,"Original Hash Buckets": 1024,"Hash Batches": 1,"Original Hash Batches": 1,"Peak Memory Usage": 9,"Workers": [],"Plans": [{"Node Type": "Hash Join","Parent Relationship": "Outer","Parallel Aware": false,"Async Capable": false,"Join Type": "Inner","Startup Cost": 1.07,"Total Cost": 2.40,"Plan Rows": 1,"Plan Width": 108,"Actual Startup Time": 0.138,"Actual Total Time": 0.159,"Actual Rows": 5,"Actual Loops": 3,"Inner Unique": true,"Hash Cond": "(nation.n_regionkey = region.r_regionkey)","Workers": [],"Plans": [{"Node Type": "Seq Scan","Parent Relationship": "Outer","Parallel Aware": false,"Async Capable": false,"Relation Name": "nation","Alias": "nation","Startup Cost": 0.00,"Total Cost": 1.25,"Plan Rows": 25,"Plan Width": 112,"Actual Startup Time": 0.050,"Actual Total Time": 0.055,"Actual Rows": 25,"Actual Loops": 3,"Workers": []},{"Node Type": "Hash","Parent Relationship": "Inner","Parallel Aware": false,"Async Capable": false,"Startup Cost": 1.06,"Total Cost": 1.06,"Plan Rows": 1,"Plan Width": 4,"Actual Startup Time": 0.059,"Actual Total Time": 0.064,"Actual Rows": 1,"Actual Loops": 3,"Hash Buckets": 1024,"Original Hash Buckets": 1024,"Hash Batches": 1,"Original Hash Batches": 1,"Peak Memory Usage": 9,"Workers": [],"Plans": [{"Node Type": "Seq Scan","Parent Relationship": "Outer","Parallel Aware": false,"Async Capable": false,"Relation Name": "region","Alias": "region","Startup Cost": 0.00,"Total Cost": 1.06,"Plan Rows": 1,"Plan Width": 4,"Actual Startup Time": 0.043,"Actual Total Time": 0.045,"Actual Rows": 1,"Actual Loops": 3,"Filter": "(r_name = 'EUROPE'::bpchar)","Rows Removed by Filter": 4,"Workers": []}]}]}]}]},{"Node Type": "Index Scan","Parent Relationship": "Inner","Parallel Aware": false,"Async Capable": false,"Scan Direction": "Forward","Index Name": "idx_orders_custkey","Relation Name": "orders","Alias": "orders","Startup Cost": 0.43,"Total Cost": 1.55,"Plan Rows": 3,"Plan Width": 8,"Actual Startup Time": 0.017,"Actual Total Time": 0.040,"Actual Rows": 2,"Actual Loops": 30197,"Index Cond": "(o_custkey = customer.c_custkey)","Rows Removed by Index Recheck": 0,"Filter": "((o_orderdate >= '1994-01-01'::date) AND (o_orderdate < '1995-01-01 00:00:00'::timestamp without time zone))","Rows Removed by Filter": 9,"Workers": []}]},{"Node Type": "Index Scan","Parent Relationship": "Inner","Parallel Aware": false,"Async Capable": false,"Scan Direction": "Forward","Index Name": "idx_lineitem_orderkey","Relation Name": "lineitem","Alias": "lineitem","Startup Cost": 0.43,"Total Cost": 2.84,"Plan Rows": 17,"Plan Width": 20,"Actual Startup Time": 0.017,"Actual Total Time": 0.019,"Actual Rows": 4,"Actual Loops": 46093,"Index Cond": "(l_orderkey = orders.o_orderkey)","Rows Removed by Index Recheck": 0,"Workers": []}]},{"Node Type": "Hash","Parent Relationship": "Inner","Parallel Aware": false,"Async Capable": false,"Startup Cost": 322.00,"Total Cost": 322.00,"Plan Rows": 10000,"Plan Width": 8,"Actual Startup Time": 10.479,"Actual Total Time": 10.484,"Actual Rows": 10000,"Actual Loops": 3,"Hash Buckets": 16384,"Original Hash Buckets": 16384,"Hash Batches": 1,"Original Hash Batches": 1,"Peak Memory Usage": 519,"Workers": [],"Plans": [{"Node Type": "Seq Scan","Parent Relationship": "Outer","Parallel Aware": false,"Async Capable": false,"Relation Name": "supplier","Alias": "supplier","Startup Cost": 0.00,"Total Cost": 322.00,"Plan Rows": 10000,"Plan Width": 8,"Actual Startup Time": 0.042,"Actual Total Time": 8.711,"Actual Rows": 10000,"Actual Loops": 3,"Workers": []}]}]}]}]}]}]}]},"Planning Time": 9.647,"Triggers": [],"Execution Time": 867.883}]
[{"Plan": {"Node Type": "Sort","Parallel Aware": false,"Async Capable": false,"Startup Cost": 21612.43,"Total Cost": 21612.50,"Plan Rows": 25,"Plan Width": 136,"Actual Startup Time": 869.393,"Actual Total Time": 902.560,"Actual Rows": 5,"Actual Loops": 1,"Sort Key": ["(sum((lineitem.l_extendedprice * ('1'::numeric - lineitem.l_discount)))) DESC"],"Sort Method": "quicksort","Sort Space Used": 25,"Sort Space Type": "Memory","Plans": [{"Node Type": "Aggregate","Strategy": "Sorted","Partial Mode": "Finalize","Parent Relationship": "Outer","Parallel Aware": false,"Async Capable": false,"Startup Cost": 21597.38,"Total Cost": 21611.85,"Plan Rows": 25,"Plan Width": 136,"Actual Startup Time": 868.803,"Actual Total Time": 902.507,"Actual Rows": 5,"Actual Loops": 1,"Group Key": ["nation.n_name"],"Plans": [{"Node Type": "Gather Merge","Parent Relationship": "Outer","Parallel Aware": false,"Async Capable": false,"Startup Cost": 21597.38,"Total Cost": 21611.17,"Plan Rows": 50,"Plan Width": 136,"Actual Startup Time": 868.587,"Actual Total Time": 902.449,"Actual Rows": 15,"Actual Loops": 1,"Workers Planned": 2,"Workers Launched": 2,"Plans": [{"Node Type": "Aggregate","Strategy": "Sorted","Partial Mode": "Partial","Parent Relationship": "Outer","Parallel Aware": false,"Async Capable": false,"Startup Cost": 20597.36,"Total Cost": 20605.37,"Plan Rows": 25,"Plan Width": 136,"Actual Startup Time": 861.245,"Actual Total Time": 861.945,"Actual Rows": 5,"Actual Loops": 3,"Group Key": ["nation.n_name"],"Workers": [],"Plans": [{"Node Type": "Sort","Parent Relationship": "Outer","Parallel Aware": false,"Async Capable": false,"Startup Cost": 20597.36,"Total Cost": 20598.90,"Plan Rows": 616,"Plan Width": 116,"Actual Startup Time": 861.036,"Actual Total Time": 861.162,"Actual Rows": 2414,"Actual Loops": 3,"Sort Key": ["nation.n_name"],"Sort Method": "quicksort","Sort Space Used": 290,"Sort Space Type": "Memory","Workers": [{"Worker Number": 0,"Sort Method": "quicksort","Sort Space Used": 286,"Sort Space Type": "Memory"},{"Worker Number": 1,"Sort Method": "quicksort","Sort Space Used": 280,"Sort Space Type": "Memory"}],"Plans": [{"Node Type": "Hash Join","Parent Relationship": "Outer","Parallel Aware": false,"Async Capable": false,"Join Type": "Inner","Startup Cost": 475.27,"Total Cost": 20568.82,"Plan Rows": 616,"Plan Width": 116,"Actual Startup Time": 8.997,"Actual Total Time": 859.532,"Actual Rows": 2414,"Actual Loops": 3,"Inner Unique": true,"Hash Cond": "((lineitem.l_suppkey = supplier.s_suppkey) AND (customer.c_nationkey = supplier.s_nationkey))","Workers": [],"Plans": [{"Node Type": "Nested Loop","Parent Relationship": "Outer","Parallel Aware": false,"Async Capable": false,"Join Type": "Inner","Startup Cost": 3.27,"Total Cost": 20015.89,"Plan Rows": 15415,"Plan Width": 128,"Actual Startup Time": 0.541,"Actual Total Time": 809.441,"Actual Rows": 61361,"Actual Loops": 3,"Inner Unique": false,"Workers": [],"Plans": [{"Node Type": "Nested Loop","Parent Relationship": "Outer","Parallel Aware": false,"Async Capable": false,"Join Type": "Inner","Startup Cost": 2.84,"Total Cost": 8414.26,"Plan Rows": 3853,"Plan Width": 116,"Actual Startup Time": 0.418,"Actual Total Time": 486.368,"Actual Rows": 15336,"Actual Loops": 3,"Inner Unique": false,"Workers": [],"Plans": [{"Node Type": "Hash Join","Parent Relationship": "Outer","Parallel Aware": false,"Async Capable": false,"Join Type": "Inner","Startup Cost": 2.41,"Total Cost": 4471.79,"Plan Rows": 2500,"Plan Width": 116,"Actual Startup Time": 0.218,"Actual Total Time": 58.257,"Actual Rows": 10061,"Actual Loops": 3,"Inner Unique": false,"Hash Cond": "(customer.c_nationkey = nation.n_nationkey)","Workers": [],"Plans": [{"Node Type": "Seq Scan","Parent Relationship": "Outer","Parallel Aware": true,"Async Capable": false,"Relation Name": "customer","Alias": "customer","Startup Cost": 0.00,"Total Cost": 4210.00,"Plan Rows": 62500,"Plan Width": 8,"Actual Startup Time": 0.013,"Actual Total Time": 9.753,"Actual Rows": 50000,"Actual Loops": 3,"Workers": []},{"Node Type": "Hash","Parent Relationship": "Inner","Parallel Aware": false,"Async Capable": false,"Startup Cost": 2.40,"Total Cost": 2.40,"Plan Rows": 1,"Plan Width": 108,"Actual Startup Time": 0.117,"Actual Total Time": 0.137,"Actual Rows": 5,"Actual Loops": 3,"Hash Buckets": 1024,"Original Hash Buckets": 1024,"Hash Batches": 1,"Original Hash Batches": 1,"Peak Memory Usage": 9,"Workers": [],"Plans": [{"Node Type": "Hash Join","Parent Relationship": "Outer","Parallel Aware": false,"Async Capable": false,"Join Type": "Inner","Startup Cost": 1.07,"Total Cost": 2.40,"Plan Rows": 1,"Plan Width": 108,"Actual Startup Time": 0.106,"Actual Total Time": 0.128,"Actual Rows": 5,"Actual Loops": 3,"Inner Unique": true,"Hash Cond": "(nation.n_regionkey = region.r_regionkey)","Workers": [],"Plans": [{"Node Type": "Seq Scan","Parent Relationship": "Outer","Parallel Aware": false,"Async Capable": false,"Relation Name": "nation","Alias": "nation","Startup Cost": 0.00,"Total Cost": 1.25,"Plan Rows": 25,"Plan Width": 112,"Actual Startup Time": 0.035,"Actual Total Time": 0.039,"Actual Rows": 25,"Actual Loops": 3,"Workers": []},{"Node Type": "Hash","Parent Relationship": "Inner","Parallel Aware": false,"Async Capable": false,"Startup Cost": 1.06,"Total Cost": 1.06,"Plan Rows": 1,"Plan Width": 4,"Actual Startup Time": 0.043,"Actual Total Time": 0.050,"Actual Rows": 1,"Actual Loops": 3,"Hash Buckets": 1024,"Original Hash Buckets": 1024,"Hash Batches": 1,"Original Hash Batches": 1,"Peak Memory Usage": 9,"Workers": [],"Plans": [{"Node Type": "Seq Scan","Parent Relationship": "Outer","Parallel Aware": false,"Async Capable": false,"Relation Name": "region","Alias": "region","Startup Cost": 0.00,"Total Cost": 1.06,"Plan Rows": 1,"Plan Width": 4,"Actual Startup Time": 0.031,"Actual Total Time": 0.033,"Actual Rows": 1,"Actual Loops": 3,"Filter": "(r_name = 'ASIA'::bpchar)","Rows Removed by Filter": 4,"Workers": []}]}]}]}]},{"Node Type": "Index Scan","Parent Relationship": "Inner","Parallel Aware": false,"Async Capable": false,"Scan Direction": "Forward","Index Name": "idx_orders_custkey","Relation Name": "orders","Alias": "orders","Startup Cost": 0.43,"Total Cost": 1.55,"Plan Rows": 3,"Plan Width": 8,"Actual Startup Time": 0.018,"Actual Total Time": 0.042,"Actual Rows": 2,"Actual Loops": 30183,"Index Cond": "(o_custkey = customer.c_custkey)","Rows Removed by Index Recheck": 0,"Filter": "((o_orderdate >= '1994-01-01'::date) AND (o_orderdate < '1995-01-01 00:00:00'::timestamp without time zone))","Rows Removed by Filter": 8,"Workers": []}]},{"Node Type": "Index Scan","Parent Relationship": "Inner","Parallel Aware": false,"Async Capable": false,"Scan Direction": "Forward","Index Name": "idx_lineitem_orderkey","Relation Name": "lineitem","Alias": "lineitem","Startup Cost": 0.43,"Total Cost": 2.84,"Plan Rows": 17,"Plan Width": 20,"Actual Startup Time": 0.017,"Actual Total Time": 0.020,"Actual Rows": 4,"Actual Loops": 46008,"Index Cond": "(l_orderkey = orders.o_orderkey)","Rows Removed by Index Recheck": 0,"Workers": []}]},{"Node Type": "Hash","Parent Relationship": "Inner","Parallel Aware": false,"Async Capable": false,"Startup Cost": 322.00,"Total Cost": 322.00,"Plan Rows": 10000,"Plan Width": 8,"Actual Startup Time": 7.849,"Actual Total Time": 7.853,"Actual Rows": 10000,"Actual Loops": 3,"Hash Buckets": 16384,"Original Hash Buckets": 16384,"Hash Batches": 1,"Original Hash Batches": 1,"Peak Memory Usage": 519,"Workers": [],"Plans": [{"Node Type": "Seq Scan","Parent Relationship": "Outer","Parallel Aware": false,"Async Capable": false,"Relation Name": "supplier","Alias": "supplier","Startup Cost": 0.00,"Total Cost": 322.00,"Plan Rows": 10000,"Plan Width": 8,"Actual Startup Time": 0.047,"Actual Total Time": 6.106,"Actual Rows": 10000,"Actual Loops": 3,"Workers": []}]}]}]}]}]}]}]},"Planning Time": 10.218,"Triggers": [],"Execution Time": 903.179}]
[{"Plan": {"Node Type": "Sort","Parallel Aware": false,"Async Capable": false,"Startup Cost": 21565.81,"Total Cost": 21565.87,"Plan Rows": 25,"Plan Width": 136,"Actual Startup Time": 833.811,"Actual Total Time": 865.523,"Actual Rows": 5,"Actual Loops": 1,"Sort Key": ["(sum((lineitem.l_extendedprice * ('1'::numeric - lineitem.l_discount)))) DESC"],"Sort Method": "quicksort","Sort Space Used": 25,"Sort Space Type": "Memory","Plans": [{"Node Type": "Aggregate","Strategy": "Sorted","Partial Mode": "Finalize","Parent Relationship": "Outer","Parallel Aware": false,"Async Capable": false,"Startup Cost": 21550.86,"Total Cost": 21565.23,"Plan Rows": 25,"Plan Width": 136,"Actual Startup Time": 833.271,"Actual Total Time": 865.478,"Actual Rows": 5,"Actual Loops": 1,"Group Key": ["nation.n_name"],"Plans": [{"Node Type": "Gather Merge","Parent Relationship": "Outer","Parallel Aware": false,"Async Capable": false,"Startup Cost": 21550.86,"Total Cost": 21564.54,"Plan Rows": 50,"Plan Width": 136,"Actual Startup Time": 833.025,"Actual Total Time": 865.435,"Actual Rows": 15,"Actual Loops": 1,"Workers Planned": 2,"Workers Launched": 2,"Plans": [{"Node Type": "Aggregate","Strategy": "Sorted","Partial Mode": "Partial","Parent Relationship": "Outer","Parallel Aware": false,"Async Capable": false,"Startup Cost": 20550.84,"Total Cost": 20558.75,"Plan Rows": 25,"Plan Width": 136,"Actual Startup Time": 825.546,"Actual Total Time": 826.255,"Actual Rows": 5,"Actual Loops": 3,"Group Key": ["nation.n_name"],"Workers": [],"Plans": [{"Node Type": "Sort","Parent Relationship": "Outer","Parallel Aware": false,"Async Capable": false,"Startup Cost": 20550.84,"Total Cost": 20552.36,"Plan Rows": 608,"Plan Width": 116,"Actual Startup Time": 825.323,"Actual Total Time": 825.450,"Actual Rows": 2415,"Actual Loops": 3,"Sort Key": ["nation.n_name"],"Sort Method": "quicksort","Sort Space Used": 281,"Sort Space Type": "Memory","Workers": [{"Worker Number": 0,"Sort Method": "quicksort","Sort Space Used": 286,"Sort Space Type": "Memory"},{"Worker Number": 1,"Sort Method": "quicksort","Sort Space Used": 289,"Sort Space Type": "Memory"}],"Plans": [{"Node Type": "Hash Join","Parent Relationship": "Outer","Parallel Aware": false,"Async Capable": false,"Join Type": "Inner","Startup Cost": 475.27,"Total Cost": 20522.72,"Plan Rows": 608,"Plan Width": 116,"Actual Startup Time": 12.893,"Actual Total Time": 823.841,"Actual Rows": 2415,"Actual Loops": 3,"Inner Unique": true,"Hash Cond": "((lineitem.l_suppkey = supplier.s_suppkey) AND (customer.c_nationkey = supplier.s_nationkey))","Workers": [],"Plans": [{"Node Type": "Nested Loop","Parent Relationship": "Outer","Parallel Aware": false,"Async Capable": false,"Join Type": "Inner","Startup Cost": 3.27,"Total Cost": 19970.84,"Plan Rows": 15215,"Plan Width": 128,"Actual Startup Time": 0.809,"Actual Total Time": 777.035,"Actual Rows": 60714,"Actual Loops": 3,"Inner Unique": false,"Workers": [],"Plans": [{"Node Type": "Nested Loop","Parent Relationship": "Outer","Parallel Aware": false,"Async Capable": false,"Join Type": "Inner","Startup Cost": 2.84,"Total Cost": 8414.26,"Plan Rows": 3803,"Plan Width": 116,"Actual Startup Time": 0.660,"Actual Total Time": 471.667,"Actual Rows": 15226,"Actual Loops": 3,"Inner Unique": false,"Workers": [],"Plans": [{"Node Type": "Hash Join","Parent Relationship": "Outer","Parallel Aware": false,"Async Capable": false,"Join Type": "Inner","Startup Cost": 2.41,"Total Cost": 4471.79,"Plan Rows": 2500,"Plan Width": 116,"Actual Startup Time": 0.276,"Actual Total Time": 59.829,"Actual Rows": 10066,"Actual Loops": 3,"Inner Unique": false,"Hash Cond": "(customer.c_nationkey = nation.n_nationkey)","Workers": [],"Plans": [{"Node Type": "Seq Scan","Parent Relationship": "Outer","Parallel Aware": true,"Async Capable": false,"Relation Name": "customer","Alias": "customer","Startup Cost": 0.00,"Total Cost": 4210.00,"Plan Rows": 62500,"Plan Width": 8,"Actual Startup Time": 0.021,"Actual Total Time": 10.083,"Actual Rows": 50000,"Actual Loops": 3,"Workers": []},{"Node Type": "Hash","Parent Relationship": "Inner","Parallel Aware": false,"Async Capable": false,"Startup Cost": 2.40,"Total Cost": 2.40,"Plan Rows": 1,"Plan Width": 108,"Actual Startup Time": 0.154,"Actual Total Time": 0.171,"Actual Rows": 5,"Actual Loops": 3,"Hash Buckets": 1024,"Original Hash Buckets": 1024,"Hash Batches": 1,"Original Hash Batches": 1,"Peak Memory Usage": 9,"Workers": [],"Plans": [{"Node Type": "Hash Join","Parent Relationship": "Outer","Parallel Aware": false,"Async Capable": false,"Join Type": "Inner","Startup Cost": 1.07,"Total Cost": 2.40,"Plan Rows": 1,"Plan Width": 108,"Actual Startup Time": 0.139,"Actual Total Time": 0.162,"Actual Rows": 5,"Actual Loops": 3,"Inner Unique": true,"Hash Cond": "(nation.n_regionkey = region.r_regionkey)","Workers": [],"Plans": [{"Node Type": "Seq Scan","Parent Relationship": "Outer","Parallel Aware": false,"Async Capable": false,"Relation Name": "nation","Alias": "nation","Startup Cost": 0.00,"Total Cost": 1.25,"Plan Rows": 25,"Plan Width": 112,"Actual Startup Time": 0.051,"Actual Total Time": 0.055,"Actual Rows": 25,"Actual Loops": 3,"Workers": []},{"Node Type": "Hash","Parent Relationship": "Inner","Parallel Aware": false,"Async Capable": false,"Startup Cost": 1.06,"Total Cost": 1.06,"Plan Rows": 1,"Plan Width": 4,"Actual Startup Time": 0.057,"Actual Total Time": 0.063,"Actual Rows": 1,"Actual Loops": 3,"Hash Buckets": 1024,"Original Hash Buckets": 1024,"Hash Batches": 1,"Original Hash Batches": 1,"Peak Memory Usage": 9,"Workers": [],"Plans": [{"Node Type": "Seq Scan","Parent Relationship": "Outer","Parallel Aware": false,"Async Capable": false,"Relation Name": "region","Alias": "region","Startup Cost": 0.00,"Total Cost": 1.06,"Plan Rows": 1,"Plan Width": 4,"Actual Startup Time": 0.043,"Actual Total Time": 0.045,"Actual Rows": 1,"Actual Loops": 3,"Filter": "(r_name = 'EUROPE'::bpchar)","Rows Removed by Filter": 4,"Workers": []}]}]}]}]},{"Node Type": "Index Scan","Parent Relationship": "Inner","Parallel Aware": false,"Async Capable": false,"Scan Direction": "Forward","Index Name": "idx_orders_custkey","Relation Name": "orders","Alias": "orders","Startup Cost": 0.43,"Total Cost": 1.55,"Plan Rows": 3,"Plan Width": 8,"Actual Startup Time": 0.017,"Actual Total Time": 0.041,"Actual Rows": 2,"Actual Loops": 30197,"Index Cond": "(o_custkey = customer.c_custkey)","Rows Removed by Index Recheck": 0,"Filter": "((o_orderdate >= '1997-01-01'::date) AND (o_orderdate < '1998-01-01 00:00:00'::timestamp without time zone))","Rows Removed by Filter": 9,"Workers": []}]},{"Node Type": "Index Scan","Parent Relationship": "Inner","Parallel Aware": false,"Async Capable": false,"Scan Direction": "Forward","Index Name": "idx_lineitem_orderkey","Relation Name": "lineitem","Alias": "lineitem","Startup Cost": 0.43,"Total Cost": 2.87,"Plan Rows": 17,"Plan Width": 20,"Actual Startup Time": 0.017,"Actual Total Time": 0.019,"Actual Rows": 4,"Actual Loops": 45677,"Index Cond": "(l_orderkey = orders.o_orderkey)","Rows Removed by Index Recheck": 0,"Workers": []}]},{"Node Type": "Hash","Parent Relationship": "Inner","Parallel Aware": false,"Async Capable": false,"Startup Cost": 322.00,"Total Cost": 322.00,"Plan Rows": 10000,"Plan Width": 8,"Actual Startup Time": 11.560,"Actual Total Time": 11.566,"Actual Rows": 10000,"Actual Loops": 3,"Hash Buckets": 16384,"Original Hash Buckets": 16384,"Hash Batches": 1,"Original Hash Batches": 1,"Peak Memory Usage": 519,"Workers": [],"Plans": [{"Node Type": "Seq Scan","Parent Relationship": "Outer","Parallel Aware": false,"Async Capable": false,"Relation Name": "supplier","Alias": "supplier","Startup Cost": 0.00,"Total Cost": 322.00,"Plan Rows": 10000,"Plan Width": 8,"Actual Startup Time": 0.053,"Actual Total Time": 9.758,"Actual Rows": 10000,"Actual Loops": 3,"Workers": []}]}]}]}]}]}]}]},"Planning Time": 11.054,"Triggers": [],"Execution Time": 866.075}]
[{"Plan": {"Node Type": "Sort","Parallel Aware": false,"Async Capable": false,"Startup Cost": 21565.81,"Total Cost": 21565.87,"Plan Rows": 25,"Plan Width": 136,"Actual Startup Time": 823.071,"Actual Total Time": 855.607,"Actual Rows": 5,"Actual Loops": 1,"Sort Key": ["(sum((lineitem.l_extendedprice * ('1'::numeric - lineitem.l_discount)))) DESC"],"Sort Method": "quicksort","Sort Space Used": 25,"Sort Space Type": "Memory","Plans": [{"Node Type": "Aggregate","Strategy": "Sorted","Partial Mode": "Finalize","Parent Relationship": "Outer","Parallel Aware": false,"Async Capable": false,"Startup Cost": 21550.86,"Total Cost": 21565.23,"Plan Rows": 25,"Plan Width": 136,"Actual Startup Time": 822.468,"Actual Total Time": 855.547,"Actual Rows": 5,"Actual Loops": 1,"Group Key": ["nation.n_name"],"Plans": [{"Node Type": "Gather Merge","Parent Relationship": "Outer","Parallel Aware": false,"Async Capable": false,"Startup Cost": 21550.86,"Total Cost": 21564.54,"Plan Rows": 50,"Plan Width": 136,"Actual Startup Time": 822.203,"Actual Total Time": 855.489,"Actual Rows": 15,"Actual Loops": 1,"Workers Planned": 2,"Workers Launched": 2,"Plans": [{"Node Type": "Aggregate","Strategy": "Sorted","Partial Mode": "Partial","Parent Relationship": "Outer","Parallel Aware": false,"Async Capable": false,"Startup Cost": 20550.84,"Total Cost": 20558.75,"Plan Rows": 25,"Plan Width": 136,"Actual Startup Time": 814.240,"Actual Total Time": 814.959,"Actual Rows": 5,"Actual Loops": 3,"Group Key": ["nation.n_name"],"Workers": [],"Plans": [{"Node Type": "Sort","Parent Relationship": "Outer","Parallel Aware": false,"Async Capable": false,"Startup Cost": 20550.84,"Total Cost": 20552.36,"Plan Rows": 608,"Plan Width": 116,"Actual Startup Time": 814.029,"Actual Total Time": 814.149,"Actual Rows": 2473,"Actual Loops": 3,"Sort Key": ["nation.n_name"],"Sort Method": "quicksort","Sort Space Used": 297,"Sort Space Type": "Memory","Workers": [{"Worker Number": 0,"Sort Method": "quicksort","Sort Space Used": 287,"Sort Space Type": "Memory"},{"Worker Number": 1,"Sort Method": "quicksort","Sort Space Used": 284,"Sort Space Type": "Memory"}],"Plans": [{"Node Type": "Hash Join","Parent Relationship": "Outer","Parallel Aware": false,"Async Capable": false,"Join Type": "Inner","Startup Cost": 475.27,"Total Cost": 20522.72,"Plan Rows": 608,"Plan Width": 116,"Actual Startup Time": 11.318,"Actual Total Time": 812.483,"Actual Rows": 2473,"Actual Loops": 3,"Inner Unique": true,"Hash Cond": "((lineitem.l_suppkey = supplier.s_suppkey) AND (customer.c_nationkey = supplier.s_nationkey))","Workers": [],"Plans": [{"Node Type": "Nested Loop","Parent Relationship": "Outer","Parallel Aware": false,"Async Capable": false,"Join Type": "Inner","Startup Cost": 3.27,"Total Cost": 19970.84,"Plan Rows": 15215,"Plan Width": 128,"Actual Startup Time": 0.595,"Actual Total Time": 768.935,"Actual Rows": 60276,"Actual Loops": 3,"Inner Unique": false,"Workers": [],"Plans": [{"Node Type": "Nested Loop","Parent Relationship": "Outer","Parallel Aware": false,"Async Capable": false,"Join Type": "Inner","Startup Cost": 2.84,"Total Cost": 8414.26,"Plan Rows": 3803,"Plan Width": 116,"Actual Startup Time": 0.466,"Actual Total Time": 464.532,"Actual Rows": 15032,"Actual Loops": 3,"Inner Unique": false,"Workers": [],"Plans": [{"Node Type": "Hash Join","Parent Relationship": "Outer","Parallel Aware": false,"Async Capable": false,"Join Type": "Inner","Startup Cost": 2.41,"Total Cost": 4471.79,"Plan Rows": 2500,"Plan Width": 116,"Actual Startup Time": 0.243,"Actual Total Time": 60.744,"Actual Rows": 9968,"Actual Loops": 3,"Inner Unique": false,"Hash Cond": "(customer.c_nationkey = nation.n_nationkey)","Workers": [],"Plans": [{"Node Type": "Seq Scan","Parent Relationship": "Outer","Parallel Aware": true,"Async Capable": false,"Relation Name": "customer","Alias": "customer","Startup Cost": 0.00,"Total Cost": 4210.00,"Plan Rows": 62500,"Plan Width": 8,"Actual Startup Time": 0.012,"Actual Total Time": 10.205,"Actual Rows": 50000,"Actual Loops": 3,"Workers": []},{"Node Type": "Hash","Parent Relationship": "Inner","Parallel Aware": false,"Async Capable": false,"Startup Cost": 2.40,"Total Cost": 2.40,"Plan Rows": 1,"Plan Width": 108,"Actual Startup Time": 0.142,"Actual Total Time": 0.157,"Actual Rows": 5,"Actual Loops": 3,"Hash Buckets": 1024,"Original Hash Buckets": 1024,"Hash Batches": 1,"Original Hash Batches": 1,"Peak Memory Usage": 9,"Workers": [],"Plans": [{"Node Type": "Hash Join","Parent Relationship": "Outer","Parallel Aware": false,"Async Capable": false,"Join Type": "Inner","Startup Cost": 1.07,"Total Cost": 2.40,"Plan Rows": 1,"Plan Width": 108,"Actual Startup Time": 0.130,"Actual Total Time": 0.149,"Actual Rows": 5,"Actual Loops": 3,"Inner Unique": true,"Hash Cond": "(nation.n_regionkey = region.r_regionkey)","Workers": [],"Plans": [{"Node Type": "Seq Scan","Parent Relationship": "Outer","Parallel Aware": false,"Async Capable": false,"Relation Name": "nation","Alias": "nation","Startup Cost": 0.00,"Total Cost": 1.25,"Plan Rows": 25,"Plan Width": 112,"Actual Startup Time": 0.040,"Actual Total Time": 0.044,"Actual Rows": 25,"Actual Loops": 3,"Workers": []},{"Node Type": "Hash","Parent Relationship": "Inner","Parallel Aware": false,"Async Capable": false,"Startup Cost": 1.06,"Total Cost": 1.06,"Plan Rows": 1,"Plan Width": 4,"Actual Startup Time": 0.063,"Actual Total Time": 0.068,"Actual Rows": 1,"Actual Loops": 3,"Hash Buckets": 1024,"Original Hash Buckets": 1024,"Hash Batches": 1,"Original Hash Batches": 1,"Peak Memory Usage": 9,"Workers": [],"Plans": [{"Node Type": "Seq Scan","Parent Relationship": "Outer","Parallel Aware": false,"Async Capable": false,"Relation Name": "region","Alias": "region","Startup Cost": 0.00,"Total Cost": 1.06,"Plan Rows": 1,"Plan Width": 4,"Actual Startup Time": 0.045,"Actual Total Time": 0.047,"Actual Rows": 1,"Actual Loops": 3,"Filter": "(r_name = 'MIDDLE EAST'::bpchar)","Rows Removed by Filter": 4,"Workers": []}]}]}]}]},{"Node Type": "Index Scan","Parent Relationship": "Inner","Parallel Aware": false,"Async Capable": false,"Scan Direction": "Forward","Index Name": "idx_orders_custkey","Relation Name": "orders","Alias": "orders","Startup Cost": 0.43,"Total Cost": 1.55,"Plan Rows": 3,"Plan Width": 8,"Actual Startup Time": 0.017,"Actual Total Time": 0.040,"Actual Rows": 2,"Actual Loops": 29904,"Index Cond": "(o_custkey = customer.c_custkey)","Rows Removed by Index Recheck": 0,"Filter": "((o_orderdate >= '1997-01-01'::date) AND (o_orderdate < '1998-01-01 00:00:00'::timestamp without time zone))","Rows Removed by Filter": 8,"Workers": []}]},{"Node Type": "Index Scan","Parent Relationship": "Inner","Parallel Aware": false,"Async Capable": false,"Scan Direction": "Forward","Index Name": "idx_lineitem_orderkey","Relation Name": "lineitem","Alias": "lineitem","Startup Cost": 0.43,"Total Cost": 2.87,"Plan Rows": 17,"Plan Width": 20,"Actual Startup Time": 0.017,"Actual Total Time": 0.019,"Actual Rows": 4,"Actual Loops": 45096,"Index Cond": "(l_orderkey = orders.o_orderkey)","Rows Removed by Index Recheck": 0,"Workers": []}]},{"Node Type": "Hash","Parent Relationship": "Inner","Parallel Aware": false,"Async Capable": false,"Startup Cost": 322.00,"Total Cost": 322.00,"Plan Rows": 10000,"Plan Width": 8,"Actual Startup Time": 9.890,"Actual Total Time": 9.894,"Actual Rows": 10000,"Actual Loops": 3,"Hash Buckets": 16384,"Original Hash Buckets": 16384,"Hash Batches": 1,"Original Hash Batches": 1,"Peak Memory Usage": 519,"Workers": [],"Plans": [{"Node Type": "Seq Scan","Parent Relationship": "Outer","Parallel Aware": false,"Async Capable": false,"Relation Name": "supplier","Alias": "supplier","Startup Cost": 0.00,"Total Cost": 322.00,"Plan Rows": 10000,"Plan Width": 8,"Actual Startup Time": 0.039,"Actual Total Time": 7.896,"Actual Rows": 10000,"Actual Loops": 3,"Workers": []}]}]}]}]}]}]}]},"Planning Time": 11.619,"Triggers": [],"Execution Time": 856.108}]
[{"Plan": {"Node Type": "Sort","Parallel Aware": false,"Async Capable": false,"Startup Cost": 21522.30,"Total Cost": 21522.36,"Plan Rows": 25,"Plan Width": 136,"Actual Startup Time": 815.371,"Actual Total Time": 846.364,"Actual Rows": 5,"Actual Loops": 1,"Sort Key": ["(sum((lineitem.l_extendedprice * ('1'::numeric - lineitem.l_discount)))) DESC"],"Sort Method": "quicksort","Sort Space Used": 25,"Sort Space Type": "Memory","Plans": [{"Node Type": "Aggregate","Strategy": "Sorted","Partial Mode": "Finalize","Parent Relationship": "Outer","Parallel Aware": false,"Async Capable": false,"Startup Cost": 21507.43,"Total Cost": 21521.72,"Plan Rows": 25,"Plan Width": 136,"Actual Startup Time": 814.708,"Actual Total Time": 846.319,"Actual Rows": 5,"Actual Loops": 1,"Group Key": ["nation.n_name"],"Plans": [{"Node Type": "Gather Merge","Parent Relationship": "Outer","Parallel Aware": false,"Async Capable": false,"Startup Cost": 21507.43,"Total Cost": 21521.03,"Plan Rows": 50,"Plan Width": 136,"Actual Startup Time": 814.181,"Actual Total Time": 846.266,"Actual Rows": 15,"Actual Loops": 1,"Workers Planned": 2,"Workers Launched": 2,"Plans": [{"Node Type": "Aggregate","Strategy": "Sorted","Partial Mode": "Partial","Parent Relationship": "Outer","Parallel Aware": false,"Async Capable": false,"Startup Cost": 20507.41,"Total Cost": 20515.23,"Plan Rows": 25,"Plan Width": 136,"Actual Startup Time": 806.060,"Actual Total Time": 806.902,"Actual Rows": 5,"Actual Loops": 3,"Group Key": ["nation.n_name"],"Workers": [],"Plans": [{"Node Type": "Sort","Parent Relationship": "Outer","Parallel Aware": false,"Async Capable": false,"Startup Cost": 20507.41,"Total Cost": 20508.91,"Plan Rows": 601,"Plan Width": 116,"Actual Startup Time": 805.845,"Actual Total Time": 805.988,"Actual Rows": 2405,"Actual Loops": 3,"Sort Key": ["nation.n_name"],"Sort Method": "quicksort","Sort Space Used": 288,"Sort Space Type": "Memory","Workers": [{"Worker Number": 0,"Sort Method": "quicksort","Sort Space Used": 282,"Sort Space Type": "Memory"},{"Worker Number": 1,"Sort Method": "quicksort","Sort Space Used": 284,"Sort Space Type": "Memory"}],"Plans": [{"Node Type": "Hash Join","Parent Relationship": "Outer","Parallel Aware": false,"Async Capable": false,"Join Type": "Inner","Startup Cost": 475.27,"Total Cost": 20479.67,"Plan Rows": 601,"Plan Width": 116,"Actual Startup Time": 14.857,"Actual Total Time": 804.339,"Actual Rows": 2405,"Actual Loops": 3,"Inner Unique": true,"Hash Cond": "((lineitem.l_suppkey = supplier.s_suppkey) AND (customer.c_nationkey = supplier.s_nationkey))","Workers": [],"Plans": [{"Node Type": "Nested Loop","Parent Relationship": "Outer","Parallel Aware": false,"Async Capable": false,"Join Type": "Inner","Startup Cost": 3.27,"Total Cost": 19928.78,"Plan Rows": 15027,"Plan Width": 128,"Actual Startup Time": 0.928,"Actual Total Time": 758.714,"Actual Rows": 60519,"Actual Loops": 3,"Inner Unique": false,"Workers": [],"Plans": [{"Node Type": "Nested Loop","Parent Relationship": "Outer","Parallel Aware": false,"Async Capable": false,"Join Type": "Inner","Startup Cost": 2.84,"Total Cost": 8414.26,"Plan Rows": 3756,"Plan Width": 116,"Actual Startup Time": 0.799,"Actual Total Time": 454.413,"Actual Rows": 15151,"Actual Loops": 3,"Inner Unique": false,"Workers": [],"Plans": [{"Node Type": "Hash Join","Parent Relationship": "Outer","Parallel Aware": false,"Async Capable": false,"Join Type": "Inner","Startup Cost": 2.41,"Total Cost": 4471.79,"Plan Rows": 2500,"Plan Width": 116,"Actual Startup Time": 0.321,"Actual Total Time": 54.810,"Actual Rows": 10061,"Actual Loops": 3,"Inner Unique": false,"Hash Cond": "(customer.c_nationkey = nation.n_nationkey)","Workers": [],"Plans": [{"Node Type": "Seq Scan","Parent Relationship": "Outer","Parallel Aware": true,"Async Capable": false,"Relation Name": "customer","Alias": "customer","Startup Cost": 0.00,"Total Cost": 4210.00,"Plan Rows": 62500,"Plan Width": 8,"Actual Startup Time": 0.016,"Actual Total Time": 9.647,"Actual Rows": 50000,"Actual Loops": 3,"Workers": []},{"Node Type": "Hash","Parent Relationship": "Inner","Parallel Aware": false,"Async Capable": false,"Startup Cost": 2.40,"Total Cost": 2.40,"Plan Rows": 1,"Plan Width": 108,"Actual Startup Time": 0.190,"Actual Total Time": 0.209,"Actual Rows": 5,"Actual Loops": 3,"Hash Buckets": 1024,"Original Hash Buckets": 1024,"Hash Batches": 1,"Original Hash Batches": 1,"Peak Memory Usage": 9,"Workers": [],"Plans": [{"Node Type": "Hash Join","Parent Relationship": "Outer","Parallel Aware": false,"Async Capable": false,"Join Type": "Inner","Startup Cost": 1.07,"Total Cost": 2.40,"Plan Rows": 1,"Plan Width": 108,"Actual Startup Time": 0.173,"Actual Total Time": 0.196,"Actual Rows": 5,"Actual Loops": 3,"Inner Unique": true,"Hash Cond": "(nation.n_regionkey = region.r_regionkey)","Workers": [],"Plans": [{"Node Type": "Seq Scan","Parent Relationship": "Outer","Parallel Aware": false,"Async Capable": false,"Relation Name": "nation","Alias": "nation","Startup Cost": 0.00,"Total Cost": 1.25,"Plan Rows": 25,"Plan Width": 112,"Actual Startup Time": 0.080,"Actual Total Time": 0.084,"Actual Rows": 25,"Actual Loops": 3,"Workers": []},{"Node Type": "Hash","Parent Relationship": "Inner","Parallel Aware": false,"Async Capable": false,"Startup Cost": 1.06,"Total Cost": 1.06,"Plan Rows": 1,"Plan Width": 4,"Actual Startup Time": 0.060,"Actual Total Time": 0.067,"Actual Rows": 1,"Actual Loops": 3,"Hash Buckets": 1024,"Original Hash Buckets": 1024,"Hash Batches": 1,"Original Hash Batches": 1,"Peak Memory Usage": 9,"Workers": [],"Plans": [{"Node Type": "Seq Scan","Parent Relationship": "Outer","Parallel Aware": false,"Async Capable": false,"Relation Name": "region","Alias": "region","Startup Cost": 0.00,"Total Cost": 1.06,"Plan Rows": 1,"Plan Width": 4,"Actual Startup Time": 0.046,"Actual Total Time": 0.049,"Actual Rows": 1,"Actual Loops": 3,"Filter": "(r_name = 'ASIA'::bpchar)","Rows Removed by Filter": 4,"Workers": []}]}]}]}]},{"Node Type": "Index Scan","Parent Relationship": "Inner","Parallel Aware": false,"Async Capable": false,"Scan Direction": "Forward","Index Name": "idx_orders_custkey","Relation Name": "orders","Alias": "orders","Startup Cost": 0.43,"Total Cost": 1.55,"Plan Rows": 3,"Plan Width": 8,"Actual Startup Time": 0.017,"Actual Total Time": 0.039,"Actual Rows": 2,"Actual Loops": 30183,"Index Cond": "(o_custkey = customer.c_custkey)","Rows Removed by Index Recheck": 0,"Filter": "((o_orderdate >= '1993-01-01'::date) AND (o_orderdate < '1994-01-01 00:00:00'::timestamp without time zone))","Rows Removed by Filter": 8,"Workers": []}]},{"Node Type": "Index Scan","Parent Relationship": "Inner","Parallel Aware": false,"Async Capable": false,"Scan Direction": "Forward","Index Name": "idx_lineitem_orderkey","Relation Name": "lineitem","Alias": "lineitem","Startup Cost": 0.43,"Total Cost": 2.90,"Plan Rows": 17,"Plan Width": 20,"Actual Startup Time": 0.017,"Actual Total Time": 0.019,"Actual Rows": 4,"Actual Loops": 45452,"Index Cond": "(l_orderkey = orders.o_orderkey)","Rows Removed by Index Recheck": 0,"Workers": []}]},{"Node Type": "Hash","Parent Relationship": "Inner","Parallel Aware": false,"Async Capable": false,"Startup Cost": 322.00,"Total Cost": 322.00,"Plan Rows": 10000,"Plan Width": 8,"Actual Startup Time": 13.249,"Actual Total Time": 13.253,"Actual Rows": 10000,"Actual Loops": 3,"Hash Buckets": 16384,"Original Hash Buckets": 16384,"Hash Batches": 1,"Original Hash Batches": 1,"Peak Memory Usage": 519,"Workers": [],"Plans": [{"Node Type": "Seq Scan","Parent Relationship": "Outer","Parallel Aware": false,"Async Capable": false,"Relation Name": "supplier","Alias": "supplier","Startup Cost": 0.00,"Total Cost": 322.00,"Plan Rows": 10000,"Plan Width": 8,"Actual Startup Time": 0.061,"Actual Total Time": 11.553,"Actual Rows": 10000,"Actual Loops": 3,"Workers": []}]}]}]}]}]}]}]},"Planning Time": 10.259,"Triggers": [],"Execution Time": 846.817}]
[{"Plan": {"Node Type": "Sort","Parallel Aware": false,"Async Capable": false,"Startup Cost": 21616.39,"Total Cost": 21616.45,"Plan Rows": 25,"Plan Width": 136,"Actual Startup Time": 817.171,"Actual Total Time": 848.557,"Actual Rows": 5,"Actual Loops": 1,"Sort Key": ["(sum((lineitem.l_extendedprice * ('1'::numeric - lineitem.l_discount)))) DESC"],"Sort Method": "quicksort","Sort Space Used": 25,"Sort Space Type": "Memory","Plans": [{"Node Type": "Aggregate","Strategy": "Sorted","Partial Mode": "Finalize","Parent Relationship": "Outer","Parallel Aware": false,"Async Capable": false,"Startup Cost": 21601.33,"Total Cost": 21615.81,"Plan Rows": 25,"Plan Width": 136,"Actual Startup Time": 816.250,"Actual Total Time": 848.503,"Actual Rows": 5,"Actual Loops": 1,"Group Key": ["nation.n_name"],"Plans": [{"Node Type": "Gather Merge","Parent Relationship": "Outer","Parallel Aware": false,"Async Capable": false,"Startup Cost": 21601.33,"Total Cost": 21615.12,"Plan Rows": 50,"Plan Width": 136,"Actual Startup Time": 815.620,"Actual Total Time": 848.441,"Actual Rows": 15,"Actual Loops": 1,"Workers Planned": 2,"Workers Launched": 2,"Plans": [{"Node Type": "Aggregate","Strategy": "Sorted","Partial Mode": "Partial","Parent Relationship": "Outer","Parallel Aware": false,"Async Capable": false,"Startup Cost": 20601.30,"Total Cost": 20609.33,"Plan Rows": 25,"Plan Width": 136,"Actual Startup Time": 807.499,"Actual Total Time": 808.444,"Actual Rows": 5,"Actual Loops": 3,"Group Key": ["nation.n_name"],"Workers": [],"Plans": [{"Node Type": "Sort","Parent Relationship": "Outer","Parallel Aware": false,"Async Capable": false,"Startup Cost": 20601.30,"Total Cost": 20602.85,"Plan Rows": 617,"Plan Width": 116,"Actual Startup Time": 807.276,"Actual Total Time": 807.432,"Actual Rows": 2427,"Actual Loops": 3,"Sort Key": ["nation.n_name"],"Sort Method": "quicksort","Sort Space Used": 295,"Sort Space Type": "Memory","Workers": [{"Worker Number": 0,"Sort Method": "quicksort","Sort Space Used": 285,"Sort Space Type": "Memory"},{"Worker Number": 1,"Sort Method": "quicksort","Sort Space Used": 279,"Sort Space Type": "Memory"}],"Plans": [{"Node Type": "Hash Join","Parent Relationship": "Outer","Parallel Aware": false,"Async Capable": false,"Join Type": "Inner","Startup Cost": 475.27,"Total Cost": 20572.71,"Plan Rows": 617,"Plan Width": 116,"Actual Startup Time": 13.659,"Actual Total Time": 805.763,"Actual Rows": 2427,"Actual Loops": 3,"Inner Unique": true,"Hash Cond": "((lineitem.l_suppkey = supplier.s_suppkey) AND (customer.c_nationkey = supplier.s_nationkey))","Workers": [],"Plans": [{"Node Type": "Nested Loop","Parent Relationship": "Outer","Parallel Aware": false,"Async Capable": false,"Join Type": "Inner","Startup Cost": 3.27,"Total Cost": 20019.70,"Plan Rows": 15431,"Plan Width": 128,"Actual Startup Time": 0.940,"Actual Total Time": 760.394,"Actual Rows": 61187,"Actual Loops": 3,"Inner Unique": false,"Workers": [],"Plans": [{"Node Type": "Nested Loop","Parent Relationship": "Outer","Parallel Aware": false,"Async Capable": false,"Join Type": "Inner","Startup Cost": 2.84,"Total Cost": 8414.26,"Plan Rows": 3857,"Plan Width": 116,"Actual Startup Time": 0.804,"Actual Total Time": 453.891,"Actual Rows": 15325,"Actual Loops": 3,"Inner Unique": false,"Workers": [],"Plans": [{"Node Type": "Hash Join","Parent Relationship": "Outer","Parallel Aware": false,"Async Capable": false,"Join Type": "Inner","Startup Cost": 2.41,"Total Cost": 4471.79,"Plan Rows": 2500,"Plan Width": 116,"Actual Startup Time": 0.319,"Actual Total Time": 55.842,"Actual Rows": 10061,"Actual Loops": 3,"Inner Unique": false,"Hash Cond": "(customer.c_nationkey = nation.n_nationkey)","Workers": [],"Plans": [{"Node Type": "Seq Scan","Parent Relationship": "Outer","Parallel Aware": true,"Async Capable": false,"Relation Name": "customer","Alias": "customer","Startup Cost": 0.00,"Total Cost": 4210.00,"Plan Rows": 62500,"Plan Width": 8,"Actual Startup Time": 0.026,"Actual Total Time": 9.689,"Actual Rows": 50000,"Actual Loops": 3,"Workers": []},{"Node Type": "Hash","Parent Relationship": "Inner","Parallel Aware": false,"Async Capable": false,"Startup Cost": 2.40,"Total Cost": 2.40,"Plan Rows": 1,"Plan Width": 108,"Actual Startup Time": 0.180,"Actual Total Time": 0.198,"Actual Rows": 5,"Actual Loops": 3,"Hash Buckets": 1024,"Original Hash Buckets": 1024,"Hash Batches": 1,"Original Hash Batches": 1,"Peak Memory Usage": 9,"Workers": [],"Plans": [{"Node Type": "Hash Join","Parent Relationship": "Outer","Parallel Aware": false,"Async Capable": false,"Join Type": "Inner","Startup Cost": 1.07,"Total Cost": 2.40,"Plan Rows": 1,"Plan Width": 108,"Actual Startup Time": 0.166,"Actual Total Time": 0.188,"Actual Rows": 5,"Actual Loops": 3,"Inner Unique": true,"Hash Cond": "(nation.n_regionkey = region.r_regionkey)","Workers": [],"Plans": [{"Node Type": "Seq Scan","Parent Relationship": "Outer","Parallel Aware": false,"Async Capable": false,"Relation Name": "nation","Alias": "nation","Startup Cost": 0.00,"Total Cost": 1.25,"Plan Rows": 25,"Plan Width": 112,"Actual Startup Time": 0.055,"Actual Total Time": 0.060,"Actual Rows": 25,"Actual Loops": 3,"Workers": []},{"Node Type": "Hash","Parent Relationship": "Inner","Parallel Aware": false,"Async Capable": false,"Startup Cost": 1.06,"Total Cost": 1.06,"Plan Rows": 1,"Plan Width": 4,"Actual Startup Time": 0.079,"Actual Total Time": 0.084,"Actual Rows": 1,"Actual Loops": 3,"Hash Buckets": 1024,"Original Hash Buckets": 1024,"Hash Batches": 1,"Original Hash Batches": 1,"Peak Memory Usage": 9,"Workers": [],"Plans": [{"Node Type": "Seq Scan","Parent Relationship": "Outer","Parallel Aware": false,"Async Capable": false,"Relation Name": "region","Alias": "region","Startup Cost": 0.00,"Total Cost": 1.06,"Plan Rows": 1,"Plan Width": 4,"Actual Startup Time": 0.058,"Actual Total Time": 0.061,"Actual Rows": 1,"Actual Loops": 3,"Filter": "(r_name = 'ASIA'::bpchar)","Rows Removed by Filter": 4,"Workers": []}]}]}]}]},{"Node Type": "Index Scan","Parent Relationship": "Inner","Parallel Aware": false,"Async Capable": false,"Scan Direction": "Forward","Index Name": "idx_orders_custkey","Relation Name": "orders","Alias": "orders","Startup Cost": 0.43,"Total Cost": 1.55,"Plan Rows": 3,"Plan Width": 8,"Actual Startup Time": 0.017,"Actual Total Time": 0.039,"Actual Rows": 2,"Actual Loops": 30183,"Index Cond": "(o_custkey = customer.c_custkey)","Rows Removed by Index Recheck": 0,"Filter": "((o_orderdate >= '1996-01-01'::date) AND (o_orderdate < '1997-01-01 00:00:00'::timestamp without time zone))","Rows Removed by Filter": 8,"Workers": []}]},{"Node Type": "Index Scan","Parent Relationship": "Inner","Parallel Aware": false,"Async Capable": false,"Scan Direction": "Forward","Index Name": "idx_lineitem_orderkey","Relation Name": "lineitem","Alias": "lineitem","Startup Cost": 0.43,"Total Cost": 2.84,"Plan Rows": 17,"Plan Width": 20,"Actual Startup Time": 0.017,"Actual Total Time": 0.019,"Actual Rows": 4,"Actual Loops": 45976,"Index Cond": "(l_orderkey = orders.o_orderkey)","Rows Removed by Index Recheck": 0,"Workers": []}]},{"Node Type": "Hash","Parent Relationship": "Inner","Parallel Aware": false,"Async Capable": false,"Startup Cost": 322.00,"Total Cost": 322.00,"Plan Rows": 10000,"Plan Width": 8,"Actual Startup Time": 12.172,"Actual Total Time": 12.179,"Actual Rows": 10000,"Actual Loops": 3,"Hash Buckets": 16384,"Original Hash Buckets": 16384,"Hash Batches": 1,"Original Hash Batches": 1,"Peak Memory Usage": 519,"Workers": [],"Plans": [{"Node Type": "Seq Scan","Parent Relationship": "Outer","Parallel Aware": false,"Async Capable": false,"Relation Name": "supplier","Alias": "supplier","Startup Cost": 0.00,"Total Cost": 322.00,"Plan Rows": 10000,"Plan Width": 8,"Actual Startup Time": 0.048,"Actual Total Time": 10.623,"Actual Rows": 10000,"Actual Loops": 3,"Workers": []}]}]}]}]}]}]}]},"Planning Time": 10.688,"Triggers": [],"Execution Time": 848.991}]
[{"Plan": {"Node Type": "Sort","Parallel Aware": false,"Async Capable": false,"Startup Cost": 21565.24,"Total Cost": 21565.30,"Plan Rows": 25,"Plan Width": 136,"Actual Startup Time": 829.883,"Actual Total Time": 862.581,"Actual Rows": 5,"Actual Loops": 1,"Sort Key": ["(sum((lineitem.l_extendedprice * ('1'::numeric - lineitem.l_discount)))) DESC"],"Sort Method": "quicksort","Sort Space Used": 25,"Sort Space Type": "Memory","Plans": [{"Node Type": "Aggregate","Strategy": "Sorted","Partial Mode": "Finalize","Parent Relationship": "Outer","Parallel Aware": false,"Async Capable": false,"Startup Cost": 21550.29,"Total Cost": 21564.66,"Plan Rows": 25,"Plan Width": 136,"Actual Startup Time": 829.271,"Actual Total Time": 862.532,"Actual Rows": 5,"Actual Loops": 1,"Group Key": ["nation.n_name"],"Plans": [{"Node Type": "Gather Merge","Parent Relationship": "Outer","Parallel Aware": false,"Async Capable": false,"Startup Cost": 21550.29,"Total Cost": 21563.97,"Plan Rows": 50,"Plan Width": 136,"Actual Startup Time": 829.074,"Actual Total Time": 862.478,"Actual Rows": 15,"Actual Loops": 1,"Workers Planned": 2,"Workers Launched": 2,"Plans": [{"Node Type": "Aggregate","Strategy": "Sorted","Partial Mode": "Partial","Parent Relationship": "Outer","Parallel Aware": false,"Async Capable": false,"Startup Cost": 20550.26,"Total Cost": 20558.18,"Plan Rows": 25,"Plan Width": 136,"Actual Startup Time": 821.816,"Actual Total Time": 822.538,"Actual Rows": 5,"Actual Loops": 3,"Group Key": ["nation.n_name"],"Workers": [],"Plans": [{"Node Type": "Sort","Parent Relationship": "Outer","Parallel Aware": false,"Async Capable": false,"Startup Cost": 20550.26,"Total Cost": 20551.78,"Plan Rows": 608,"Plan Width": 116,"Actual Startup Time": 821.604,"Actual Total Time": 821.730,"Actual Rows": 2468,"Actual Loops": 3,"Sort Key": ["nation.n_name"],"Sort Method": "quicksort","Sort Space Used": 285,"Sort Space Type": "Memory","Workers": [{"Worker Number": 0,"Sort Method": "quicksort","Sort Space Used": 293,"Sort Space Type": "Memory"},{"Worker Number": 1,"Sort Method": "quicksort","Sort Space Used": 290,"Sort Space Type": "Memory"}],"Plans": [{"Node Type": "Hash Join","Parent Relationship": "Outer","Parallel Aware": false,"Async Capable": false,"Join Type": "Inner","Startup Cost": 475.27,"Total Cost": 20522.15,"Plan Rows": 608,"Plan Width": 116,"Actual Startup Time": 10.349,"Actual Total Time": 819.988,"Actual Rows": 2468,"Actual Loops": 3,"Inner Unique": true,"Hash Cond": "((lineitem.l_suppkey = supplier.s_suppkey) AND (customer.c_nationkey = supplier.s_nationkey))","Workers": [],"Plans": [{"Node Type": "Nested Loop","Parent Relationship": "Outer","Parallel Aware": false,"Async Capable": false,"Join Type": "Inner","Startup Cost": 3.27,"Total Cost": 19970.29,"Plan Rows": 15211,"Plan Width": 128,"Actual Startup Time": 0.787,"Actual Total Time": 773.951,"Actual Rows": 61461,"Actual Loops": 3,"Inner Unique": false,"Workers": [],"Plans": [{"Node Type": "Nested Loop","Parent Relationship": "Outer","Parallel Aware": false,"Async Capable": false,"Join Type": "Inner","Startup Cost": 2.84,"Total Cost": 8414.26,"Plan Rows": 3802,"Plan Width": 116,"Actual Startup Time": 0.651,"Actual Total Time": 459.932,"Actual Rows": 15399,"Actual Loops": 3,"Inner Unique": false,"Workers": [],"Plans": [{"Node Type": "Hash Join","Parent Relationship": "Outer","Parallel Aware": false,"Async Capable": false,"Join Type": "Inner","Startup Cost": 2.41,"Total Cost": 4471.79,"Plan Rows": 2500,"Plan Width": 116,"Actual Startup Time": 0.245,"Actual Total Time": 55.063,"Actual Rows": 10066,"Actual Loops": 3,"Inner Unique": false,"Hash Cond": "(customer.c_nationkey = nation.n_nationkey)","Workers": [],"Plans": [{"Node Type": "Seq Scan","Parent Relationship": "Outer","Parallel Aware": true,"Async Capable": false,"Relation Name": "customer","Alias": "customer","Startup Cost": 0.00,"Total Cost": 4210.00,"Plan Rows": 62500,"Plan Width": 8,"Actual Startup Time": 0.014,"Actual Total Time": 9.571,"Actual Rows": 50000,"Actual Loops": 3,"Workers": []},{"Node Type": "Hash","Parent Relationship": "Inner","Parallel Aware": false,"Async Capable": false,"Startup Cost": 2.40,"Total Cost": 2.40,"Plan Rows": 1,"Plan Width": 108,"Actual Startup Time": 0.139,"Actual Total Time": 0.155,"Actual Rows": 5,"Actual Loops": 3,"Hash Buckets": 1024,"Original Hash Buckets": 1024,"Hash Batches": 1,"Original Hash Batches": 1,"Peak Memory Usage": 9,"Workers": [],"Plans": [{"Node Type": "Hash Join","Parent Relationship": "Outer","Parallel Aware": false,"Async Capable": false,"Join Type": "Inner","Startup Cost": 1.07,"Total Cost": 2.40,"Plan Rows": 1,"Plan Width": 108,"Actual Startup Time": 0.126,"Actual Total Time": 0.145,"Actual Rows": 5,"Actual Loops": 3,"Inner Unique": true,"Hash Cond": "(nation.n_regionkey = region.r_regionkey)","Workers": [],"Plans": [{"Node Type": "Seq Scan","Parent Relationship": "Outer","Parallel Aware": false,"Async Capable": false,"Relation Name": "nation","Alias": "nation","Startup Cost": 0.00,"Total Cost": 1.25,"Plan Rows": 25,"Plan Width": 112,"Actual Startup Time": 0.043,"Actual Total Time": 0.047,"Actual Rows": 25,"Actual Loops": 3,"Workers": []},{"Node Type": "Hash","Parent Relationship": "Inner","Parallel Aware": false,"Async Capable": false,"Startup Cost": 1.06,"Total Cost": 1.06,"Plan Rows": 1,"Plan Width": 4,"Actual Startup Time": 0.051,"Actual Total Time": 0.056,"Actual Rows": 1,"Actual Loops": 3,"Hash Buckets": 1024,"Original Hash Buckets": 1024,"Hash Batches": 1,"Original Hash Batches": 1,"Peak Memory Usage": 9,"Workers": [],"Plans": [{"Node Type": "Seq Scan","Parent Relationship": "Outer","Parallel Aware": false,"Async Capable": false,"Relation Name": "region","Alias": "region","Startup Cost": 0.00,"Total Cost": 1.06,"Plan Rows": 1,"Plan Width": 4,"Actual Startup Time": 0.037,"Actual Total Time": 0.039,"Actual Rows": 1,"Actual Loops": 3,"Filter": "(r_name = 'EUROPE'::bpchar)","Rows Removed by Filter": 4,"Workers": []}]}]}]}]},{"Node Type": "Index Scan","Parent Relationship": "Inner","Parallel Aware": false,"Async Capable": false,"Scan Direction": "Forward","Index Name": "idx_orders_custkey","Relation Name": "orders","Alias": "orders","Startup Cost": 0.43,"Total Cost": 1.55,"Plan Rows": 3,"Plan Width": 8,"Actual Startup Time": 0.017,"Actual Total Time": 0.040,"Actual Rows": 2,"Actual Loops": 30197,"Index Cond": "(o_custkey = customer.c_custkey)","Rows Removed by Index Recheck": 0,"Filter": "((o_orderdate >= '1995-01-01'::date) AND (o_orderdate < '1996-01-01 00:00:00'::timestamp without time zone))","Rows Removed by Filter": 9,"Workers": []}]},{"Node Type": "Index Scan","Parent Relationship": "Inner","Parallel Aware": false,"Async Capable": false,"Scan Direction": "Forward","Index Name": "idx_lineitem_orderkey","Relation Name": "lineitem","Alias": "lineitem","Startup Cost": 0.43,"Total Cost": 2.87,"Plan Rows": 17,"Plan Width": 20,"Actual Startup Time": 0.017,"Actual Total Time": 0.020,"Actual Rows": 4,"Actual Loops": 46197,"Index Cond": "(l_orderkey = orders.o_orderkey)","Rows Removed by Index Recheck": 0,"Workers": []}]},{"Node Type": "Hash","Parent Relationship": "Inner","Parallel Aware": false,"Async Capable": false,"Startup Cost": 322.00,"Total Cost": 322.00,"Plan Rows": 10000,"Plan Width": 8,"Actual Startup Time": 8.644,"Actual Total Time": 8.648,"Actual Rows": 10000,"Actual Loops": 3,"Hash Buckets": 16384,"Original Hash Buckets": 16384,"Hash Batches": 1,"Original Hash Batches": 1,"Peak Memory Usage": 519,"Workers": [],"Plans": [{"Node Type": "Seq Scan","Parent Relationship": "Outer","Parallel Aware": false,"Async Capable": false,"Relation Name": "supplier","Alias": "supplier","Startup Cost": 0.00,"Total Cost": 322.00,"Plan Rows": 10000,"Plan Width": 8,"Actual Startup Time": 0.045,"Actual Total Time": 6.681,"Actual Rows": 10000,"Actual Loops": 3,"Workers": []}]}]}]}]}]}]}]},"Planning Time": 10.340,"Triggers": [],"Execution Time": 863.182}]
[{"Plan": {"Node Type": "Sort","Parallel Aware": false,"Async Capable": false,"Startup Cost": 21565.24,"Total Cost": 21565.30,"Plan Rows": 25,"Plan Width": 136,"Actual Startup Time": 803.148,"Actual Total Time": 837.225,"Actual Rows": 5,"Actual Loops": 1,"Sort Key": ["(sum((lineitem.l_extendedprice * ('1'::numeric - lineitem.l_discount)))) DESC"],"Sort Method": "quicksort","Sort Space Used": 25,"Sort Space Type": "Memory","Plans": [{"Node Type": "Aggregate","Strategy": "Sorted","Partial Mode": "Finalize","Parent Relationship": "Outer","Parallel Aware": false,"Async Capable": false,"Startup Cost": 21550.29,"Total Cost": 21564.66,"Plan Rows": 25,"Plan Width": 136,"Actual Startup Time": 802.551,"Actual Total Time": 837.165,"Actual Rows": 5,"Actual Loops": 1,"Group Key": ["nation.n_name"],"Plans": [{"Node Type": "Gather Merge","Parent Relationship": "Outer","Parallel Aware": false,"Async Capable": false,"Startup Cost": 21550.29,"Total Cost": 21563.97,"Plan Rows": 50,"Plan Width": 136,"Actual Startup Time": 802.343,"Actual Total Time": 837.116,"Actual Rows": 15,"Actual Loops": 1,"Workers Planned": 2,"Workers Launched": 2,"Plans": [{"Node Type": "Aggregate","Strategy": "Sorted","Partial Mode": "Partial","Parent Relationship": "Outer","Parallel Aware": false,"Async Capable": false,"Startup Cost": 20550.26,"Total Cost": 20558.18,"Plan Rows": 25,"Plan Width": 136,"Actual Startup Time": 794.724,"Actual Total Time": 795.426,"Actual Rows": 5,"Actual Loops": 3,"Group Key": ["nation.n_name"],"Workers": [],"Plans": [{"Node Type": "Sort","Parent Relationship": "Outer","Parallel Aware": false,"Async Capable": false,"Startup Cost": 20550.26,"Total Cost": 20551.78,"Plan Rows": 608,"Plan Width": 116,"Actual Startup Time": 794.492,"Actual Total Time": 794.616,"Actual Rows": 2402,"Actual Loops": 3,"Sort Key": ["nation.n_name"],"Sort Method": "quicksort","Sort Space Used": 284,"Sort Space Type": "Memory","Workers": [{"Worker Number": 0,"Sort Method": "quicksort","Sort Space Used": 278,"Sort Space Type": "Memory"},{"Worker Number": 1,"Sort Method": "quicksort","Sort Space Used": 290,"Sort Space Type": "Memory"}],"Plans": [{"Node Type": "Hash Join","Parent Relationship": "Outer","Parallel Aware": false,"Async Capable": false,"Join Type": "Inner","Startup Cost": 475.27,"Total Cost": 20522.15,"Plan Rows": 608,"Plan Width": 116,"Actual Startup Time": 9.804,"Actual Total Time": 792.945,"Actual Rows": 2402,"Actual Loops": 3,"Inner Unique": true,"Hash Cond": "((lineitem.l_suppkey = supplier.s_suppkey) AND (customer.c_nationkey = supplier.s_nationkey))","Workers": [],"Plans": [{"Node Type": "Nested Loop","Parent Relationship": "Outer","Parallel Aware": false,"Async Capable": false,"Join Type": "Inner","Startup Cost": 3.27,"Total Cost": 19970.29,"Plan Rows": 15211,"Plan Width": 128,"Actual Startup Time": 0.739,"Actual Total Time": 751.905,"Actual Rows": 60896,"Actual Loops": 3,"Inner Unique": false,"Workers": [],"Plans": [{"Node Type": "Nested Loop","Parent Relationship": "Outer","Parallel Aware": false,"Async Capable": false,"Join Type": "Inner","Startup Cost": 2.84,"Total Cost": 8414.26,"Plan Rows": 3802,"Plan Width": 116,"Actual Startup Time": 0.610,"Actual Total Time": 448.155,"Actual Rows": 15274,"Actual Loops": 3,"Inner Unique": false,"Workers": [],"Plans": [{"Node Type": "Hash Join","Parent Relationship": "Outer","Parallel Aware": false,"Async Capable": false,"Join Type": "Inner","Startup Cost": 2.41,"Total Cost": 4471.79,"Plan Rows": 2500,"Plan Width": 116,"Actual Startup Time": 0.268,"Actual Total Time": 53.804,"Actual Rows": 9921,"Actual Loops": 3,"Inner Unique": false,"Hash Cond": "(customer.c_nationkey = nation.n_nationkey)","Workers": [],"Plans": [{"Node Type": "Seq Scan","Parent Relationship": "Outer","Parallel Aware": true,"Async Capable": false,"Relation Name": "customer","Alias": "customer","Startup Cost": 0.00,"Total Cost": 4210.00,"Plan Rows": 62500,"Plan Width": 8,"Actual Startup Time": 0.020,"Actual Total Time": 9.563,"Actual Rows": 50000,"Actual Loops": 3,"Workers": []},{"Node Type": "Hash","Parent Relationship": "Inner","Parallel Aware": false,"Async Capable": false,"Startup Cost": 2.40,"Total Cost": 2.40,"Plan Rows": 1,"Plan Width": 108,"Actual Startup Time": 0.161,"Actual Total Time": 0.176,"Actual Rows": 5,"Actual Loops": 3,"Hash Buckets": 1024,"Original Hash Buckets": 1024,"Hash Batches": 1,"Original Hash Batches": 1,"Peak Memory Usage": 9,"Workers": [],"Plans": [{"Node Type": "Hash Join","Parent Relationship": "Outer","Parallel Aware": false,"Async Capable": false,"Join Type": "Inner","Startup Cost": 1.07,"Total Cost": 2.40,"Plan Rows": 1,"Plan Width": 108,"Actual Startup Time": 0.143,"Actual Total Time": 0.167,"Actual Rows": 5,"Actual Loops": 3,"Inner Unique": true,"Hash Cond": "(nation.n_regionkey = region.r_regionkey)","Workers": [],"Plans": [{"Node Type": "Seq Scan","Parent Relationship": "Outer","Parallel Aware": false,"Async Capable": false,"Relation Name": "nation","Alias": "nation","Startup Cost": 0.00,"Total Cost": 1.25,"Plan Rows": 25,"Plan Width": 112,"Actual Startup Time": 0.052,"Actual Total Time": 0.056,"Actual Rows": 25,"Actual Loops": 3,"Workers": []},{"Node Type": "Hash","Parent Relationship": "Inner","Parallel Aware": false,"Async Capable": false,"Startup Cost": 1.06,"Total Cost": 1.06,"Plan Rows": 1,"Plan Width": 4,"Actual Startup Time": 0.061,"Actual Total Time": 0.066,"Actual Rows": 1,"Actual Loops": 3,"Hash Buckets": 1024,"Original Hash Buckets": 1024,"Hash Batches": 1,"Original Hash Batches": 1,"Peak Memory Usage": 9,"Workers": [],"Plans": [{"Node Type": "Seq Scan","Parent Relationship": "Outer","Parallel Aware": false,"Async Capable": false,"Relation Name": "region","Alias": "region","Startup Cost": 0.00,"Total Cost": 1.06,"Plan Rows": 1,"Plan Width": 4,"Actual Startup Time": 0.046,"Actual Total Time": 0.049,"Actual Rows": 1,"Actual Loops": 3,"Filter": "(r_name = 'AFRICA'::bpchar)","Rows Removed by Filter": 4,"Workers": []}]}]}]}]},{"Node Type": "Index Scan","Parent Relationship": "Inner","Parallel Aware": false,"Async Capable": false,"Scan Direction": "Forward","Index Name": "idx_orders_custkey","Relation Name": "orders","Alias": "orders","Startup Cost": 0.43,"Total Cost": 1.55,"Plan Rows": 3,"Plan Width": 8,"Actual Startup Time": 0.017,"Actual Total Time": 0.039,"Actual Rows": 2,"Actual Loops": 29764,"Index Cond": "(o_custkey = customer.c_custkey)","Rows Removed by Index Recheck": 0,"Filter": "((o_orderdate >= '1995-01-01'::date) AND (o_orderdate < '1996-01-01 00:00:00'::timestamp without time zone))","Rows Removed by Filter": 9,"Workers": []}]},{"Node Type": "Index Scan","Parent Relationship": "Inner","Parallel Aware": false,"Async Capable": false,"Scan Direction": "Forward","Index Name": "idx_lineitem_orderkey","Relation Name": "lineitem","Alias": "lineitem","Startup Cost": 0.43,"Total Cost": 2.87,"Plan Rows": 17,"Plan Width": 20,"Actual Startup Time": 0.017,"Actual Total Time": 0.019,"Actual Rows": 4,"Actual Loops": 45822,"Index Cond": "(l_orderkey = orders.o_orderkey)","Rows Removed by Index Recheck": 0,"Workers": []}]},{"Node Type": "Hash","Parent Relationship": "Inner","Parallel Aware": false,"Async Capable": false,"Startup Cost": 322.00,"Total Cost": 322.00,"Plan Rows": 10000,"Plan Width": 8,"Actual Startup Time": 8.249,"Actual Total Time": 8.253,"Actual Rows": 10000,"Actual Loops": 3,"Hash Buckets": 16384,"Original Hash Buckets": 16384,"Hash Batches": 1,"Original Hash Batches": 1,"Peak Memory Usage": 519,"Workers": [],"Plans": [{"Node Type": "Seq Scan","Parent Relationship": "Outer","Parallel Aware": false,"Async Capable": false,"Relation Name": "supplier","Alias": "supplier","Startup Cost": 0.00,"Total Cost": 322.00,"Plan Rows": 10000,"Plan Width": 8,"Actual Startup Time": 0.043,"Actual Total Time": 6.388,"Actual Rows": 10000,"Actual Loops": 3,"Workers": []}]}]}]}]}]}]}]},"Planning Time": 10.225,"Triggers": [],"Execution Time": 837.854}]
[{"Plan": {"Node Type": "Sort","Parallel Aware": false,"Async Capable": false,"Startup Cost": 21612.43,"Total Cost": 21612.50,"Plan Rows": 25,"Plan Width": 136,"Actual Startup Time": 832.616,"Actual Total Time": 862.680,"Actual Rows": 5,"Actual Loops": 1,"Sort Key": ["(sum((lineitem.l_extendedprice * ('1'::numeric - lineitem.l_discount)))) DESC"],"Sort Method": "quicksort","Sort Space Used": 25,"Sort Space Type": "Memory","Plans": [{"Node Type": "Aggregate","Strategy": "Sorted","Partial Mode": "Finalize","Parent Relationship": "Outer","Parallel Aware": false,"Async Capable": false,"Startup Cost": 21597.38,"Total Cost": 21611.85,"Plan Rows": 25,"Plan Width": 136,"Actual Startup Time": 832.009,"Actual Total Time": 862.637,"Actual Rows": 5,"Actual Loops": 1,"Group Key": ["nation.n_name"],"Plans": [{"Node Type": "Gather Merge","Parent Relationship": "Outer","Parallel Aware": false,"Async Capable": false,"Startup Cost": 21597.38,"Total Cost": 21611.17,"Plan Rows": 50,"Plan Width": 136,"Actual Startup Time": 831.804,"Actual Total Time": 862.590,"Actual Rows": 15,"Actual Loops": 1,"Workers Planned": 2,"Workers Launched": 2,"Plans": [{"Node Type": "Aggregate","Strategy": "Sorted","Partial Mode": "Partial","Parent Relationship": "Outer","Parallel Aware": false,"Async Capable": false,"Startup Cost": 20597.36,"Total Cost": 20605.37,"Plan Rows": 25,"Plan Width": 136,"Actual Startup Time": 824.333,"Actual Total Time": 825.038,"Actual Rows": 5,"Actual Loops": 3,"Group Key": ["nation.n_name"],"Workers": [],"Plans": [{"Node Type": "Sort","Parent Relationship": "Outer","Parallel Aware": false,"Async Capable": false,"Startup Cost": 20597.36,"Total Cost": 20598.90,"Plan Rows": 616,"Plan Width": 116,"Actual Startup Time": 824.137,"Actual Total Time": 824.256,"Actual Rows": 2417,"Actual Loops": 3,"Sort Key": ["nation.n_name"],"Sort Method": "quicksort","Sort Space Used": 288,"Sort Space Type": "Memory","Workers": [{"Worker Number": 0,"Sort Method": "quicksort","Sort Space Used": 280,"Sort Space Type": "Memory"},{"Worker Number": 1,"Sort Method": "quicksort","Sort Space Used": 288,"Sort Space Type": "Memory"}],"Plans": [{"Node Type": "Hash Join","Parent Relationship": "Outer","Parallel Aware": false,"Async Capable": false,"Join Type": "Inner","Startup Cost": 475.27,"Total Cost": 20568.82,"Plan Rows": 616,"Plan Width": 116,"Actual Startup Time": 12.703,"Actual Total Time": 822.671,"Actual Rows": 2417,"Actual Loops": 3,"Inner Unique": true,"Hash Cond": "((lineitem.l_suppkey = supplier.s_suppkey) AND (customer.c_nationkey = supplier.s_nationkey))","Workers": [],"Plans": [{"Node Type": "Nested Loop","Parent Relationship": "Outer","Parallel Aware": false,"Async Capable": false,"Join Type": "Inner","Startup Cost": 3.27,"Total Cost": 20015.89,"Plan Rows": 15415,"Plan Width": 128,"Actual Startup Time": 0.571,"Actual Total Time": 776.984,"Actual Rows": 59997,"Actual Loops": 3,"Inner Unique": false,"Workers": [],"Plans": [{"Node Type": "Nested Loop","Parent Relationship": "Outer","Parallel Aware": false,"Async Capable": false,"Join Type": "Inner","Startup Cost": 2.84,"Total Cost": 8414.26,"Plan Rows": 3853,"Plan Width": 116,"Actual Startup Time": 0.454,"Actual Total Time": 470.088,"Actual Rows": 15003,"Actual Loops": 3,"Inner Unique": false,"Workers": [],"Plans": [{"Node Type": "Hash Join","Parent Relationship": "Outer","Parallel Aware": false,"Async Capable": false,"Join Type": "Inner","Startup Cost": 2.41,"Total Cost": 4471.79,"Plan Rows": 2500,"Plan Width": 116,"Actual Startup Time": 0.227,"Actual Total Time": 60.370,"Actual Rows": 9968,"Actual Loops": 3,"Inner Unique": false,"Hash Cond": "(customer.c_nationkey = nation.n_nationkey)","Workers": [],"Plans": [{"Node Type": "Seq Scan","Parent Relationship": "Outer","Parallel Aware": true,"Async Capable": false,"Relation Name": "customer","Alias": "customer","Startup Cost": 0.00,"Total Cost": 4210.00,"Plan Rows": 62500,"Plan Width": 8,"Actual Startup Time": 0.013,"Actual Total Time": 10.099,"Actual Rows": 50000,"Actual Loops": 3,"Workers": []},{"Node Type": "Hash","Parent Relationship": "Inner","Parallel Aware": false,"Async Capable": false,"Startup Cost": 2.40,"Total Cost": 2.40,"Plan Rows": 1,"Plan Width": 108,"Actual Startup Time": 0.138,"Actual Total Time": 0.150,"Actual Rows": 5,"Actual Loops": 3,"Hash Buckets": 1024,"Original Hash Buckets": 1024,"Hash Batches": 1,"Original Hash Batches": 1,"Peak Memory Usage": 9,"Workers": [],"Plans": [{"Node Type": "Hash Join","Parent Relationship": "Outer","Parallel Aware": false,"Async Capable": false,"Join Type": "Inner","Startup Cost": 1.07,"Total Cost": 2.40,"Plan Rows": 1,"Plan Width": 108,"Actual Startup Time": 0.125,"Actual Total Time": 0.142,"Actual Rows": 5,"Actual Loops": 3,"Inner Unique": true,"Hash Cond": "(nation.n_regionkey = region.r_regionkey)","Workers": [],"Plans": [{"Node Type": "Seq Scan","Parent Relationship": "Outer","Parallel Aware": false,"Async Capable": false,"Relation Name": "nation","Alias": "nation","Startup Cost": 0.00,"Total Cost": 1.25,"Plan Rows": 25,"Plan Width": 112,"Actual Startup Time": 0.044,"Actual Total Time": 0.047,"Actual Rows": 25,"Actual Loops": 3,"Workers": []},{"Node Type": "Hash","Parent Relationship": "Inner","Parallel Aware": false,"Async Capable": false,"Startup Cost": 1.06,"Total Cost": 1.06,"Plan Rows": 1,"Plan Width": 4,"Actual Startup Time": 0.054,"Actual Total Time": 0.057,"Actual Rows": 1,"Actual Loops": 3,"Hash Buckets": 1024,"Original Hash Buckets": 1024,"Hash Batches": 1,"Original Hash Batches": 1,"Peak Memory Usage": 9,"Workers": [],"Plans": [{"Node Type": "Seq Scan","Parent Relationship": "Outer","Parallel Aware": false,"Async Capable": false,"Relation Name": "region","Alias": "region","Startup Cost": 0.00,"Total Cost": 1.06,"Plan Rows": 1,"Plan Width": 4,"Actual Startup Time": 0.039,"Actual Total Time": 0.040,"Actual Rows": 1,"Actual Loops": 3,"Filter": "(r_name = 'MIDDLE EAST'::bpchar)","Rows Removed by Filter": 4,"Workers": []}]}]}]}]},{"Node Type": "Index Scan","Parent Relationship": "Inner","Parallel Aware": false,"Async Capable": false,"Scan Direction": "Forward","Index Name": "idx_orders_custkey","Relation Name": "orders","Alias": "orders","Startup Cost": 0.43,"Total Cost": 1.55,"Plan Rows": 3,"Plan Width": 8,"Actual Startup Time": 0.017,"Actual Total Time": 0.041,"Actual Rows": 2,"Actual Loops": 29904,"Index Cond": "(o_custkey = customer.c_custkey)","Rows Removed by Index Recheck": 0,"Filter": "((o_orderdate >= '1994-01-01'::date) AND (o_orderdate < '1995-01-01 00:00:00'::timestamp without time zone))","Rows Removed by Filter": 8,"Workers": []}]},{"Node Type": "Index Scan","Parent Relationship": "Inner","Parallel Aware": false,"Async Capable": false,"Scan Direction": "Forward","Index Name": "idx_lineitem_orderkey","Relation Name": "lineitem","Alias": "lineitem","Startup Cost": 0.43,"Total Cost": 2.84,"Plan Rows": 17,"Plan Width": 20,"Actual Startup Time": 0.017,"Actual Total Time": 0.020,"Actual Rows": 4,"Actual Loops": 45009,"Index Cond": "(l_orderkey = orders.o_orderkey)","Rows Removed by Index Recheck": 0,"Workers": []}]},{"Node Type": "Hash","Parent Relationship": "Inner","Parallel Aware": false,"Async Capable": false,"Startup Cost": 322.00,"Total Cost": 322.00,"Plan Rows": 10000,"Plan Width": 8,"Actual Startup Time": 11.133,"Actual Total Time": 11.135,"Actual Rows": 10000,"Actual Loops": 3,"Hash Buckets": 16384,"Original Hash Buckets": 16384,"Hash Batches": 1,"Original Hash Batches": 1,"Peak Memory Usage": 519,"Workers": [],"Plans": [{"Node Type": "Seq Scan","Parent Relationship": "Outer","Parallel Aware": false,"Async Capable": false,"Relation Name": "supplier","Alias": "supplier","Startup Cost": 0.00,"Total Cost": 322.00,"Plan Rows": 10000,"Plan Width": 8,"Actual Startup Time": 0.042,"Actual Total Time": 9.282,"Actual Rows": 10000,"Actual Loops": 3,"Workers": []}]}]}]}]}]}]}]},"Planning Time": 10.906,"Triggers": [],"Execution Time": 863.139}]
[{"Plan": {"Node Type": "Sort","Parallel Aware": false,"Async Capable": false,"Startup Cost": 21612.43,"Total Cost": 21612.50,"Plan Rows": 25,"Plan Width": 136,"Actual Startup Time": 869.393,"Actual Total Time": 902.560,"Actual Rows": 5,"Actual Loops": 1,"Sort Key": ["(sum((lineitem.l_extendedprice * ('1'::numeric - lineitem.l_discount)))) DESC"],"Sort Method": "quicksort","Sort Space Used": 25,"Sort Space Type": "Memory","Plans": [{"Node Type": "Aggregate","Strategy": "Sorted","Partial Mode": "Finalize","Parent Relationship": "Outer","Parallel Aware": false,"Async Capable": false,"Startup Cost": 21597.38,"Total Cost": 21611.85,"Plan Rows": 25,"Plan Width": 136,"Actual Startup Time": 868.803,"Actual Total Time": 902.507,"Actual Rows": 5,"Actual Loops": 1,"Group Key": ["nation.n_name"],"Plans": [{"Node Type": "Gather Merge","Parent Relationship": "Outer","Parallel Aware": false,"Async Capable": false,"Startup Cost": 21597.38,"Total Cost": 21611.17,"Plan Rows": 50,"Plan Width": 136,"Actual Startup Time": 868.587,"Actual Total Time": 902.449,"Actual Rows": 15,"Actual Loops": 1,"Workers Planned": 2,"Workers Launched": 2,"Plans": [{"Node Type": "Aggregate","Strategy": "Sorted","Partial Mode": "Partial","Parent Relationship": "Outer","Parallel Aware": false,"Async Capable": false,"Startup Cost": 20597.36,"Total Cost": 20605.37,"Plan Rows": 25,"Plan Width": 136,"Actual Startup Time": 861.245,"Actual Total Time": 861.945,"Actual Rows": 5,"Actual Loops": 3,"Group Key": ["nation.n_name"],"Workers": [],"Plans": [{"Node Type": "Sort","Parent Relationship": "Outer","Parallel Aware": false,"Async Capable": false,"Startup Cost": 20597.36,"Total Cost": 20598.90,"Plan Rows": 616,"Plan Width": 116,"Actual Startup Time": 861.036,"Actual Total Time": 861.162,"Actual Rows": 2414,"Actual Loops": 3,"Sort Key": ["nation.n_name"],"Sort Method": "quicksort","Sort Space Used": 290,"Sort Space Type": "Memory","Workers": [{"Worker Number": 0,"Sort Method": "quicksort","Sort Space Used": 286,"Sort Space Type": "Memory"},{"Worker Number": 1,"Sort Method": "quicksort","Sort Space Used": 280,"Sort Space Type": "Memory"}],"Plans": [{"Node Type": "Hash Join","Parent Relationship": "Outer","Parallel Aware": false,"Async Capable": false,"Join Type": "Inner","Startup Cost": 475.27,"Total Cost": 20568.82,"Plan Rows": 616,"Plan Width": 116,"Actual Startup Time": 8.997,"Actual Total Time": 859.532,"Actual Rows": 2414,"Actual Loops": 3,"Inner Unique": true,"Hash Cond": "((lineitem.l_suppkey = supplier.s_suppkey) AND (customer.c_nationkey = supplier.s_nationkey))","Workers": [],"Plans": [{"Node Type": "Nested Loop","Parent Relationship": "Outer","Parallel Aware": false,"Async Capable": false,"Join Type": "Inner","Startup Cost": 3.27,"Total Cost": 20015.89,"Plan Rows": 15415,"Plan Width": 128,"Actual Startup Time": 0.541,"Actual Total Time": 809.441,"Actual Rows": 61361,"Actual Loops": 3,"Inner Unique": false,"Workers": [],"Plans": [{"Node Type": "Nested Loop","Parent Relationship": "Outer","Parallel Aware": false,"Async Capable": false,"Join Type": "Inner","Startup Cost": 2.84,"Total Cost": 8414.26,"Plan Rows": 3853,"Plan Width": 116,"Actual Startup Time": 0.418,"Actual Total Time": 486.368,"Actual Rows": 15336,"Actual Loops": 3,"Inner Unique": false,"Workers": [],"Plans": [{"Node Type": "Hash Join","Parent Relationship": "Outer","Parallel Aware": false,"Async Capable": false,"Join Type": "Inner","Startup Cost": 2.41,"Total Cost": 4471.79,"Plan Rows": 2500,"Plan Width": 116,"Actual Startup Time": 0.218,"Actual Total Time": 58.257,"Actual Rows": 10061,"Actual Loops": 3,"Inner Unique": false,"Hash Cond": "(customer.c_nationkey = nation.n_nationkey)","Workers": [],"Plans": [{"Node Type": "Seq Scan","Parent Relationship": "Outer","Parallel Aware": true,"Async Capable": false,"Relation Name": "customer","Alias": "customer","Startup Cost": 0.00,"Total Cost": 4210.00,"Plan Rows": 62500,"Plan Width": 8,"Actual Startup Time": 0.013,"Actual Total Time": 9.753,"Actual Rows": 50000,"Actual Loops": 3,"Workers": []},{"Node Type": "Hash","Parent Relationship": "Inner","Parallel Aware": false,"Async Capable": false,"Startup Cost": 2.40,"Total Cost": 2.40,"Plan Rows": 1,"Plan Width": 108,"Actual Startup Time": 0.117,"Actual Total Time": 0.137,"Actual Rows": 5,"Actual Loops": 3,"Hash Buckets": 1024,"Original Hash Buckets": 1024,"Hash Batches": 1,"Original Hash Batches": 1,"Peak Memory Usage": 9,"Workers": [],"Plans": [{"Node Type": "Hash Join","Parent Relationship": "Outer","Parallel Aware": false,"Async Capable": false,"Join Type": "Inner","Startup Cost": 1.07,"Total Cost": 2.40,"Plan Rows": 1,"Plan Width": 108,"Actual Startup Time": 0.106,"Actual Total Time": 0.128,"Actual Rows": 5,"Actual Loops": 3,"Inner Unique": true,"Hash Cond": "(nation.n_regionkey = region.r_regionkey)","Workers": [],"Plans": [{"Node Type": "Seq Scan","Parent Relationship": "Outer","Parallel Aware": false,"Async Capable": false,"Relation Name": "nation","Alias": "nation","Startup Cost": 0.00,"Total Cost": 1.25,"Plan Rows": 25,"Plan Width": 112,"Actual Startup Time": 0.035,"Actual Total Time": 0.039,"Actual Rows": 25,"Actual Loops": 3,"Workers": []},{"Node Type": "Hash","Parent Relationship": "Inner","Parallel Aware": false,"Async Capable": false,"Startup Cost": 1.06,"Total Cost": 1.06,"Plan Rows": 1,"Plan Width": 4,"Actual Startup Time": 0.043,"Actual Total Time": 0.050,"Actual Rows": 1,"Actual Loops": 3,"Hash Buckets": 1024,"Original Hash Buckets": 1024,"Hash Batches": 1,"Original Hash Batches": 1,"Peak Memory Usage": 9,"Workers": [],"Plans": [{"Node Type": "Seq Scan","Parent Relationship": "Outer","Parallel Aware": false,"Async Capable": false,"Relation Name": "region","Alias": "region","Startup Cost": 0.00,"Total Cost": 1.06,"Plan Rows": 1,"Plan Width": 4,"Actual Startup Time": 0.031,"Actual Total Time": 0.033,"Actual Rows": 1,"Actual Loops": 3,"Filter": "(r_name = 'ASIA'::bpchar)","Rows Removed by Filter": 4,"Workers": []}]}]}]}]},{"Node Type": "Index Scan","Parent Relationship": "Inner","Parallel Aware": false,"Async Capable": false,"Scan Direction": "Forward","Index Name": "idx_orders_custkey","Relation Name": "orders","Alias": "orders","Startup Cost": 0.43,"Total Cost": 1.55,"Plan Rows": 3,"Plan Width": 8,"Actual Startup Time": 0.018,"Actual Total Time": 0.042,"Actual Rows": 2,"Actual Loops": 30183,"Index Cond": "(o_custkey = customer.c_custkey)","Rows Removed by Index Recheck": 0,"Filter": "((o_orderdate >= '1994-01-01'::date) AND (o_orderdate < '1995-01-01 00:00:00'::timestamp without time zone))","Rows Removed by Filter": 8,"Workers": []}]},{"Node Type": "Index Scan","Parent Relationship": "Inner","Parallel Aware": false,"Async Capable": false,"Scan Direction": "Forward","Index Name": "idx_lineitem_orderkey","Relation Name": "lineitem","Alias": "lineitem","Startup Cost": 0.43,"Total Cost": 2.84,"Plan Rows": 17,"Plan Width": 20,"Actual Startup Time": 0.017,"Actual Total Time": 0.020,"Actual Rows": 4,"Actual Loops": 46008,"Index Cond": "(l_orderkey = orders.o_orderkey)","Rows Removed by Index Recheck": 0,"Workers": []}]},{"Node Type": "Hash","Parent Relationship": "Inner","Parallel Aware": false,"Async Capable": false,"Startup Cost": 322.00,"Total Cost": 322.00,"Plan Rows": 10000,"Plan Width": 8,"Actual Startup Time": 7.849,"Actual Total Time": 7.853,"Actual Rows": 10000,"Actual Loops": 3,"Hash Buckets": 16384,"Original Hash Buckets": 16384,"Hash Batches": 1,"Original Hash Batches": 1,"Peak Memory Usage": 519,"Workers": [],"Plans": [{"Node Type": "Seq Scan","Parent Relationship": "Outer","Parallel Aware": false,"Async Capable": false,"Relation Name": "supplier","Alias": "supplier","Startup Cost": 0.00,"Total Cost": 322.00,"Plan Rows": 10000,"Plan Width": 8,"Actual Startup Time": 0.047,"Actual Total Time": 6.106,"Actual Rows": 10000,"Actual Loops": 3,"Workers": []}]}]}]}]}]}]}]},"Planning Time": 10.218,"Triggers": [],"Execution Time": 903.179}]
[{"Plan": {"Node Type": "Sort","Parallel Aware": false,"Async Capable": false,"Startup Cost": 21565.81,"Total Cost": 21565.87,"Plan Rows": 25,"Plan Width": 136,"Actual Startup Time": 812.189,"Actual Total Time": 842.359,"Actual Rows": 5,"Actual Loops": 1,"Sort Key": ["(sum((lineitem.l_extendedprice * ('1'::numeric - lineitem.l_discount)))) DESC"],"Sort Method": "quicksort","Sort Space Used": 25,"Sort Space Type": "Memory","Plans": [{"Node Type": "Aggregate","Strategy": "Sorted","Partial Mode": "Finalize","Parent Relationship": "Outer","Parallel Aware": false,"Async Capable": false,"Startup Cost": 21550.86,"Total Cost": 21565.23,"Plan Rows": 25,"Plan Width": 136,"Actual Startup Time": 811.599,"Actual Total Time": 842.311,"Actual Rows": 5,"Actual Loops": 1,"Group Key": ["nation.n_name"],"Plans": [{"Node Type": "Gather Merge","Parent Relationship": "Outer","Parallel Aware": false,"Async Capable": false,"Startup Cost": 21550.86,"Total Cost": 21564.54,"Plan Rows": 50,"Plan Width": 136,"Actual Startup Time": 811.323,"Actual Total Time": 842.254,"Actual Rows": 15,"Actual Loops": 1,"Workers Planned": 2,"Workers Launched": 2,"Plans": [{"Node Type": "Aggregate","Strategy": "Sorted","Partial Mode": "Partial","Parent Relationship": "Outer","Parallel Aware": false,"Async Capable": false,"Startup Cost": 20550.84,"Total Cost": 20558.75,"Plan Rows": 25,"Plan Width": 136,"Actual Startup Time": 803.769,"Actual Total Time": 804.515,"Actual Rows": 5,"Actual Loops": 3,"Group Key": ["nation.n_name"],"Workers": [],"Plans": [{"Node Type": "Sort","Parent Relationship": "Outer","Parallel Aware": false,"Async Capable": false,"Startup Cost": 20550.84,"Total Cost": 20552.36,"Plan Rows": 608,"Plan Width": 116,"Actual Startup Time": 803.552,"Actual Total Time": 803.687,"Actual Rows": 2453,"Actual Loops": 3,"Sort Key": ["nation.n_name"],"Sort Method": "quicksort","Sort Space Used": 291,"Sort Space Type": "Memory","Workers": [{"Worker Number": 0,"Sort Method": "quicksort","Sort Space Used": 289,"Sort Space Type": "Memory"},{"Worker Number": 1,"Sort Method": "quicksort","Sort Space Used": 285,"Sort Space Type": "Memory"}],"Plans": [{"Node Type": "Hash Join","Parent Relationship": "Outer","Parallel Aware": false,"Async Capable": false,"Join Type": "Inner","Startup Cost": 475.27,"Total Cost": 20522.72,"Plan Rows": 608,"Plan Width": 116,"Actual Startup Time": 16.360,"Actual Total Time": 802.078,"Actual Rows": 2453,"Actual Loops": 3,"Inner Unique": true,"Hash Cond": "((lineitem.l_suppkey = supplier.s_suppkey) AND (customer.c_nationkey = supplier.s_nationkey))","Workers": [],"Plans": [{"Node Type": "Nested Loop","Parent Relationship": "Outer","Parallel Aware": false,"Async Capable": false,"Join Type": "Inner","Startup Cost": 3.27,"Total Cost": 19970.84,"Plan Rows": 15215,"Plan Width": 128,"Actual Startup Time": 0.560,"Actual Total Time": 757.067,"Actual Rows": 60975,"Actual Loops": 3,"Inner Unique": false,"Workers": [],"Plans": [{"Node Type": "Nested Loop","Parent Relationship": "Outer","Parallel Aware": false,"Async Capable": false,"Join Type": "Inner","Startup Cost": 2.84,"Total Cost": 8414.26,"Plan Rows": 3803,"Plan Width": 116,"Actual Startup Time": 0.451,"Actual Total Time": 451.841,"Actual Rows": 15295,"Actual Loops": 3,"Inner Unique": false,"Workers": [],"Plans": [{"Node Type": "Hash Join","Parent Relationship": "Outer","Parallel Aware": false,"Async Capable": false,"Join Type": "Inner","Startup Cost": 2.41,"Total Cost": 4471.79,"Plan Rows": 2500,"Plan Width": 116,"Actual Startup Time": 0.247,"Actual Total Time": 55.129,"Actual Rows": 10061,"Actual Loops": 3,"Inner Unique": false,"Hash Cond": "(customer.c_nationkey = nation.n_nationkey)","Workers": [],"Plans": [{"Node Type": "Seq Scan","Parent Relationship": "Outer","Parallel Aware": true,"Async Capable": false,"Relation Name": "customer","Alias": "customer","Startup Cost": 0.00,"Total Cost": 4210.00,"Plan Rows": 62500,"Plan Width": 8,"Actual Startup Time": 0.010,"Actual Total Time": 9.469,"Actual Rows": 50000,"Actual Loops": 3,"Workers": []},{"Node Type": "Hash","Parent Relationship": "Inner","Parallel Aware": false,"Async Capable": false,"Startup Cost": 2.40,"Total Cost": 2.40,"Plan Rows": 1,"Plan Width": 108,"Actual Startup Time": 0.154,"Actual Total Time": 0.175,"Actual Rows": 5,"Actual Loops": 3,"Hash Buckets": 1024,"Original Hash Buckets": 1024,"Hash Batches": 1,"Original Hash Batches": 1,"Peak Memory Usage": 9,"Workers": [],"Plans": [{"Node Type": "Hash Join","Parent Relationship": "Outer","Parallel Aware": false,"Async Capable": false,"Join Type": "Inner","Startup Cost": 1.07,"Total Cost": 2.40,"Plan Rows": 1,"Plan Width": 108,"Actual Startup Time": 0.142,"Actual Total Time": 0.165,"Actual Rows": 5,"Actual Loops": 3,"Inner Unique": true,"Hash Cond": "(nation.n_regionkey = region.r_regionkey)","Workers": [],"Plans": [{"Node Type": "Seq Scan","Parent Relationship": "Outer","Parallel Aware": false,"Async Capable": false,"Relation Name": "nation","Alias": "nation","Startup Cost": 0.00,"Total Cost": 1.25,"Plan Rows": 25,"Plan Width": 112,"Actual Startup Time": 0.058,"Actual Total Time": 0.062,"Actual Rows": 25,"Actual Loops": 3,"Workers": []},{"Node Type": "Hash","Parent Relationship": "Inner","Parallel Aware": false,"Async Capable": false,"Startup Cost": 1.06,"Total Cost": 1.06,"Plan Rows": 1,"Plan Width": 4,"Actual Startup Time": 0.056,"Actual Total Time": 0.065,"Actual Rows": 1,"Actual Loops": 3,"Hash Buckets": 1024,"Original Hash Buckets": 1024,"Hash Batches": 1,"Original Hash Batches": 1,"Peak Memory Usage": 9,"Workers": [],"Plans": [{"Node Type": "Seq Scan","Parent Relationship": "Outer","Parallel Aware": false,"Async Capable": false,"Relation Name": "region","Alias": "region","Startup Cost": 0.00,"Total Cost": 1.06,"Plan Rows": 1,"Plan Width": 4,"Actual Startup Time": 0.045,"Actual Total Time": 0.048,"Actual Rows": 1,"Actual Loops": 3,"Filter": "(r_name = 'ASIA'::bpchar)","Rows Removed by Filter": 4,"Workers": []}]}]}]}]},{"Node Type": "Index Scan","Parent Relationship": "Inner","Parallel Aware": false,"Async Capable": false,"Scan Direction": "Forward","Index Name": "idx_orders_custkey","Relation Name": "orders","Alias": "orders","Startup Cost": 0.43,"Total Cost": 1.55,"Plan Rows": 3,"Plan Width": 8,"Actual Startup Time": 0.017,"Actual Total Time": 0.039,"Actual Rows": 2,"Actual Loops": 30183,"Index Cond": "(o_custkey = customer.c_custkey)","Rows Removed by Index Recheck": 0,"Filter": "((o_orderdate >= '1997-01-01'::date) AND (o_orderdate < '1998-01-01 00:00:00'::timestamp without time zone))","Rows Removed by Filter": 8,"Workers": []}]},{"Node Type": "Index Scan","Parent Relationship": "Inner","Parallel Aware": false,"Async Capable": false,"Scan Direction": "Forward","Index Name": "idx_lineitem_orderkey","Relation Name": "lineitem","Alias": "lineitem","Startup Cost": 0.43,"Total Cost": 2.87,"Plan Rows": 17,"Plan Width": 20,"Actual Startup Time": 0.017,"Actual Total Time": 0.019,"Actual Rows": 4,"Actual Loops": 45884,"Index Cond": "(l_orderkey = orders.o_orderkey)","Rows Removed by Index Recheck": 0,"Workers": []}]},{"Node Type": "Hash","Parent Relationship": "Inner","Parallel Aware": false,"Async Capable": false,"Startup Cost": 322.00,"Total Cost": 322.00,"Plan Rows": 10000,"Plan Width": 8,"Actual Startup Time": 13.288,"Actual Total Time": 13.293,"Actual Rows": 10000,"Actual Loops": 3,"Hash Buckets": 16384,"Original Hash Buckets": 16384,"Hash Batches": 1,"Original Hash Batches": 1,"Peak Memory Usage": 519,"Workers": [],"Plans": [{"Node Type": "Seq Scan","Parent Relationship": "Outer","Parallel Aware": false,"Async Capable": false,"Relation Name": "supplier","Alias": "supplier","Startup Cost": 0.00,"Total Cost": 322.00,"Plan Rows": 10000,"Plan Width": 8,"Actual Startup Time": 0.036,"Actual Total Time": 11.595,"Actual Rows": 10000,"Actual Loops": 3,"Workers": []}]}]}]}]}]}]}]},"Planning Time": 10.446,"Triggers": [],"Execution Time": 842.801}]
[{"Plan": {"Node Type": "Sort","Parallel Aware": false,"Async Capable": false,"Startup Cost": 21612.43,"Total Cost": 21612.50,"Plan Rows": 25,"Plan Width": 136,"Actual Startup Time": 827.834,"Actual Total Time": 858.973,"Actual Rows": 5,"Actual Loops": 1,"Sort Key": ["(sum((lineitem.l_extendedprice * ('1'::numeric - lineitem.l_discount)))) DESC"],"Sort Method": "quicksort","Sort Space Used": 25,"Sort Space Type": "Memory","Plans": [{"Node Type": "Aggregate","Strategy": "Sorted","Partial Mode": "Finalize","Parent Relationship": "Outer","Parallel Aware": false,"Async Capable": false,"Startup Cost": 21597.38,"Total Cost": 21611.85,"Plan Rows": 25,"Plan Width": 136,"Actual Startup Time": 827.274,"Actual Total Time": 858.918,"Actual Rows": 5,"Actual Loops": 1,"Group Key": ["nation.n_name"],"Plans": [{"Node Type": "Gather Merge","Parent Relationship": "Outer","Parallel Aware": false,"Async Capable": false,"Startup Cost": 21597.38,"Total Cost": 21611.17,"Plan Rows": 50,"Plan Width": 136,"Actual Startup Time": 827.088,"Actual Total Time": 858.883,"Actual Rows": 15,"Actual Loops": 1,"Workers Planned": 2,"Workers Launched": 2,"Plans": [{"Node Type": "Aggregate","Strategy": "Sorted","Partial Mode": "Partial","Parent Relationship": "Outer","Parallel Aware": false,"Async Capable": false,"Startup Cost": 20597.36,"Total Cost": 20605.37,"Plan Rows": 25,"Plan Width": 136,"Actual Startup Time": 818.981,"Actual Total Time": 819.657,"Actual Rows": 5,"Actual Loops": 3,"Group Key": ["nation.n_name"],"Workers": [],"Plans": [{"Node Type": "Sort","Parent Relationship": "Outer","Parallel Aware": false,"Async Capable": false,"Startup Cost": 20597.36,"Total Cost": 20598.90,"Plan Rows": 616,"Plan Width": 116,"Actual Startup Time": 818.754,"Actual Total Time": 818.877,"Actual Rows": 2367,"Actual Loops": 3,"Sort Key": ["nation.n_name"],"Sort Method": "quicksort","Sort Space Used": 283,"Sort Space Type": "Memory","Workers": [{"Worker Number": 0,"Sort Method": "quicksort","Sort Space Used": 277,"Sort Space Type": "Memory"},{"Worker Number": 1,"Sort Method": "quicksort","Sort Space Used": 284,"Sort Space Type": "Memory"}],"Plans": [{"Node Type": "Hash Join","Parent Relationship": "Outer","Parallel Aware": false,"Async Capable": false,"Join Type": "Inner","Startup Cost": 475.27,"Total Cost": 20568.82,"Plan Rows": 616,"Plan Width": 116,"Actual Startup Time": 13.272,"Actual Total Time": 817.265,"Actual Rows": 2367,"Actual Loops": 3,"Inner Unique": true,"Hash Cond": "((lineitem.l_suppkey = supplier.s_suppkey) AND (customer.c_nationkey = supplier.s_nationkey))","Workers": [],"Plans": [{"Node Type": "Nested Loop","Parent Relationship": "Outer","Parallel Aware": false,"Async Capable": false,"Join Type": "Inner","Startup Cost": 3.27,"Total Cost": 20015.89,"Plan Rows": 15415,"Plan Width": 128,"Actual Startup Time": 0.973,"Actual Total Time": 770.169,"Actual Rows": 60208,"Actual Loops": 3,"Inner Unique": false,"Workers": [],"Plans": [{"Node Type": "Nested Loop","Parent Relationship": "Outer","Parallel Aware": false,"Async Capable": false,"Join Type": "Inner","Startup Cost": 2.84,"Total Cost": 8414.26,"Plan Rows": 3853,"Plan Width": 116,"Actual Startup Time": 0.870,"Actual Total Time": 466.623,"Actual Rows": 15051,"Actual Loops": 3,"Inner Unique": false,"Workers": [],"Plans": [{"Node Type": "Hash Join","Parent Relationship": "Outer","Parallel Aware": false,"Async Capable": false,"Join Type": "Inner","Startup Cost": 2.41,"Total Cost": 4471.79,"Plan Rows": 2500,"Plan Width": 116,"Actual Startup Time": 0.250,"Actual Total Time": 58.358,"Actual Rows": 9921,"Actual Loops": 3,"Inner Unique": false,"Hash Cond": "(customer.c_nationkey = nation.n_nationkey)","Workers": [],"Plans": [{"Node Type": "Seq Scan","Parent Relationship": "Outer","Parallel Aware": true,"Async Capable": false,"Relation Name": "customer","Alias": "customer","Startup Cost": 0.00,"Total Cost": 4210.00,"Plan Rows": 62500,"Plan Width": 8,"Actual Startup Time": 0.013,"Actual Total Time": 10.073,"Actual Rows": 50000,"Actual Loops": 3,"Workers": []},{"Node Type": "Hash","Parent Relationship": "Inner","Parallel Aware": false,"Async Capable": false,"Startup Cost": 2.40,"Total Cost": 2.40,"Plan Rows": 1,"Plan Width": 108,"Actual Startup Time": 0.153,"Actual Total Time": 0.173,"Actual Rows": 5,"Actual Loops": 3,"Hash Buckets": 1024,"Original Hash Buckets": 1024,"Hash Batches": 1,"Original Hash Batches": 1,"Peak Memory Usage": 9,"Workers": [],"Plans": [{"Node Type": "Hash Join","Parent Relationship": "Outer","Parallel Aware": false,"Async Capable": false,"Join Type": "Inner","Startup Cost": 1.07,"Total Cost": 2.40,"Plan Rows": 1,"Plan Width": 108,"Actual Startup Time": 0.137,"Actual Total Time": 0.162,"Actual Rows": 5,"Actual Loops": 3,"Inner Unique": true,"Hash Cond": "(nation.n_regionkey = region.r_regionkey)","Workers": [],"Plans": [{"Node Type": "Seq Scan","Parent Relationship": "Outer","Parallel Aware": false,"Async Capable": false,"Relation Name": "nation","Alias": "nation","Startup Cost": 0.00,"Total Cost": 1.25,"Plan Rows": 25,"Plan Width": 112,"Actual Startup Time": 0.055,"Actual Total Time": 0.059,"Actual Rows": 25,"Actual Loops": 3,"Workers": []},{"Node Type": "Hash","Parent Relationship": "Inner","Parallel Aware": false,"Async Capable": false,"Startup Cost": 1.06,"Total Cost": 1.06,"Plan Rows": 1,"Plan Width": 4,"Actual Startup Time": 0.058,"Actual Total Time": 0.065,"Actual Rows": 1,"Actual Loops": 3,"Hash Buckets": 1024,"Original Hash Buckets": 1024,"Hash Batches": 1,"Original Hash Batches": 1,"Peak Memory Usage": 9,"Workers": [],"Plans": [{"Node Type": "Seq Scan","Parent Relationship": "Outer","Parallel Aware": false,"Async Capable": false,"Relation Name": "region","Alias": "region","Startup Cost": 0.00,"Total Cost": 1.06,"Plan Rows": 1,"Plan Width": 4,"Actual Startup Time": 0.044,"Actual Total Time": 0.048,"Actual Rows": 1,"Actual Loops": 3,"Filter": "(r_name = 'AFRICA'::bpchar)","Rows Removed by Filter": 4,"Workers": []}]}]}]}]},{"Node Type": "Index Scan","Parent Relationship": "Inner","Parallel Aware": false,"Async Capable": false,"Scan Direction": "Forward","Index Name": "idx_orders_custkey","Relation Name": "orders","Alias": "orders","Startup Cost": 0.43,"Total Cost": 1.55,"Plan Rows": 3,"Plan Width": 8,"Actual Startup Time": 0.018,"Actual Total Time": 0.041,"Actual Rows": 2,"Actual Loops": 29764,"Index Cond": "(o_custkey = customer.c_custkey)","Rows Removed by Index Recheck": 0,"Filter": "((o_orderdate >= '1994-01-01'::date) AND (o_orderdate < '1995-01-01 00:00:00'::timestamp without time zone))","Rows Removed by Filter": 9,"Workers": []}]},{"Node Type": "Index Scan","Parent Relationship": "Inner","Parallel Aware": false,"Async Capable": false,"Scan Direction": "Forward","Index Name": "idx_lineitem_orderkey","Relation Name": "lineitem","Alias": "lineitem","Startup Cost": 0.43,"Total Cost": 2.84,"Plan Rows": 17,"Plan Width": 20,"Actual Startup Time": 0.017,"Actual Total Time": 0.019,"Actual Rows": 4,"Actual Loops": 45152,"Index Cond": "(l_orderkey = orders.o_orderkey)","Rows Removed by Index Recheck": 0,"Workers": []}]},{"Node Type": "Hash","Parent Relationship": "Inner","Parallel Aware": false,"Async Capable": false,"Startup Cost": 322.00,"Total Cost": 322.00,"Plan Rows": 10000,"Plan Width": 8,"Actual Startup Time": 11.376,"Actual Total Time": 11.381,"Actual Rows": 10000,"Actual Loops": 3,"Hash Buckets": 16384,"Original Hash Buckets": 16384,"Hash Batches": 1,"Original Hash Batches": 1,"Peak Memory Usage": 519,"Workers": [],"Plans": [{"Node Type": "Seq Scan","Parent Relationship": "Outer","Parallel Aware": false,"Async Capable": false,"Relation Name": "supplier","Alias": "supplier","Startup Cost": 0.00,"Total Cost": 322.00,"Plan Rows": 10000,"Plan Width": 8,"Actual Startup Time": 0.042,"Actual Total Time": 9.565,"Actual Rows": 10000,"Actual Loops": 3,"Workers": []}]}]}]}]}]}]}]},"Planning Time": 10.751,"Triggers": [],"Execution Time": 859.508}]
[{"Plan": {"Node Type": "Sort","Parallel Aware": false,"Async Capable": false,"Startup Cost": 21565.81,"Total Cost": 21565.87,"Plan Rows": 25,"Plan Width": 136,"Actual Startup Time": 823.071,"Actual Total Time": 855.607,"Actual Rows": 5,"Actual Loops": 1,"Sort Key": ["(sum((lineitem.l_extendedprice * ('1'::numeric - lineitem.l_discount)))) DESC"],"Sort Method": "quicksort","Sort Space Used": 25,"Sort Space Type": "Memory","Plans": [{"Node Type": "Aggregate","Strategy": "Sorted","Partial Mode": "Finalize","Parent Relationship": "Outer","Parallel Aware": false,"Async Capable": false,"Startup Cost": 21550.86,"Total Cost": 21565.23,"Plan Rows": 25,"Plan Width": 136,"Actual Startup Time": 822.468,"Actual Total Time": 855.547,"Actual Rows": 5,"Actual Loops": 1,"Group Key": ["nation.n_name"],"Plans": [{"Node Type": "Gather Merge","Parent Relationship": "Outer","Parallel Aware": false,"Async Capable": false,"Startup Cost": 21550.86,"Total Cost": 21564.54,"Plan Rows": 50,"Plan Width": 136,"Actual Startup Time": 822.203,"Actual Total Time": 855.489,"Actual Rows": 15,"Actual Loops": 1,"Workers Planned": 2,"Workers Launched": 2,"Plans": [{"Node Type": "Aggregate","Strategy": "Sorted","Partial Mode": "Partial","Parent Relationship": "Outer","Parallel Aware": false,"Async Capable": false,"Startup Cost": 20550.84,"Total Cost": 20558.75,"Plan Rows": 25,"Plan Width": 136,"Actual Startup Time": 814.240,"Actual Total Time": 814.959,"Actual Rows": 5,"Actual Loops": 3,"Group Key": ["nation.n_name"],"Workers": [],"Plans": [{"Node Type": "Sort","Parent Relationship": "Outer","Parallel Aware": false,"Async Capable": false,"Startup Cost": 20550.84,"Total Cost": 20552.36,"Plan Rows": 608,"Plan Width": 116,"Actual Startup Time": 814.029,"Actual Total Time": 814.149,"Actual Rows": 2473,"Actual Loops": 3,"Sort Key": ["nation.n_name"],"Sort Method": "quicksort","Sort Space Used": 297,"Sort Space Type": "Memory","Workers": [{"Worker Number": 0,"Sort Method": "quicksort","Sort Space Used": 287,"Sort Space Type": "Memory"},{"Worker Number": 1,"Sort Method": "quicksort","Sort Space Used": 284,"Sort Space Type": "Memory"}],"Plans": [{"Node Type": "Hash Join","Parent Relationship": "Outer","Parallel Aware": false,"Async Capable": false,"Join Type": "Inner","Startup Cost": 475.27,"Total Cost": 20522.72,"Plan Rows": 608,"Plan Width": 116,"Actual Startup Time": 11.318,"Actual Total Time": 812.483,"Actual Rows": 2473,"Actual Loops": 3,"Inner Unique": true,"Hash Cond": "((lineitem.l_suppkey = supplier.s_suppkey) AND (customer.c_nationkey = supplier.s_nationkey))","Workers": [],"Plans": [{"Node Type": "Nested Loop","Parent Relationship": "Outer","Parallel Aware": false,"Async Capable": false,"Join Type": "Inner","Startup Cost": 3.27,"Total Cost": 19970.84,"Plan Rows": 15215,"Plan Width": 128,"Actual Startup Time": 0.595,"Actual Total Time": 768.935,"Actual Rows": 60276,"Actual Loops": 3,"Inner Unique": false,"Workers": [],"Plans": [{"Node Type": "Nested Loop","Parent Relationship": "Outer","Parallel Aware": false,"Async Capable": false,"Join Type": "Inner","Startup Cost": 2.84,"Total Cost": 8414.26,"Plan Rows": 3803,"Plan Width": 116,"Actual Startup Time": 0.466,"Actual Total Time": 464.532,"Actual Rows": 15032,"Actual Loops": 3,"Inner Unique": false,"Workers": [],"Plans": [{"Node Type": "Hash Join","Parent Relationship": "Outer","Parallel Aware": false,"Async Capable": false,"Join Type": "Inner","Startup Cost": 2.41,"Total Cost": 4471.79,"Plan Rows": 2500,"Plan Width": 116,"Actual Startup Time": 0.243,"Actual Total Time": 60.744,"Actual Rows": 9968,"Actual Loops": 3,"Inner Unique": false,"Hash Cond": "(customer.c_nationkey = nation.n_nationkey)","Workers": [],"Plans": [{"Node Type": "Seq Scan","Parent Relationship": "Outer","Parallel Aware": true,"Async Capable": false,"Relation Name": "customer","Alias": "customer","Startup Cost": 0.00,"Total Cost": 4210.00,"Plan Rows": 62500,"Plan Width": 8,"Actual Startup Time": 0.012,"Actual Total Time": 10.205,"Actual Rows": 50000,"Actual Loops": 3,"Workers": []},{"Node Type": "Hash","Parent Relationship": "Inner","Parallel Aware": false,"Async Capable": false,"Startup Cost": 2.40,"Total Cost": 2.40,"Plan Rows": 1,"Plan Width": 108,"Actual Startup Time": 0.142,"Actual Total Time": 0.157,"Actual Rows": 5,"Actual Loops": 3,"Hash Buckets": 1024,"Original Hash Buckets": 1024,"Hash Batches": 1,"Original Hash Batches": 1,"Peak Memory Usage": 9,"Workers": [],"Plans": [{"Node Type": "Hash Join","Parent Relationship": "Outer","Parallel Aware": false,"Async Capable": false,"Join Type": "Inner","Startup Cost": 1.07,"Total Cost": 2.40,"Plan Rows": 1,"Plan Width": 108,"Actual Startup Time": 0.130,"Actual Total Time": 0.149,"Actual Rows": 5,"Actual Loops": 3,"Inner Unique": true,"Hash Cond": "(nation.n_regionkey = region.r_regionkey)","Workers": [],"Plans": [{"Node Type": "Seq Scan","Parent Relationship": "Outer","Parallel Aware": false,"Async Capable": false,"Relation Name": "nation","Alias": "nation","Startup Cost": 0.00,"Total Cost": 1.25,"Plan Rows": 25,"Plan Width": 112,"Actual Startup Time": 0.040,"Actual Total Time": 0.044,"Actual Rows": 25,"Actual Loops": 3,"Workers": []},{"Node Type": "Hash","Parent Relationship": "Inner","Parallel Aware": false,"Async Capable": false,"Startup Cost": 1.06,"Total Cost": 1.06,"Plan Rows": 1,"Plan Width": 4,"Actual Startup Time": 0.063,"Actual Total Time": 0.068,"Actual Rows": 1,"Actual Loops": 3,"Hash Buckets": 1024,"Original Hash Buckets": 1024,"Hash Batches": 1,"Original Hash Batches": 1,"Peak Memory Usage": 9,"Workers": [],"Plans": [{"Node Type": "Seq Scan","Parent Relationship": "Outer","Parallel Aware": false,"Async Capable": false,"Relation Name": "region","Alias": "region","Startup Cost": 0.00,"Total Cost": 1.06,"Plan Rows": 1,"Plan Width": 4,"Actual Startup Time": 0.045,"Actual Total Time": 0.047,"Actual Rows": 1,"Actual Loops": 3,"Filter": "(r_name = 'MIDDLE EAST'::bpchar)","Rows Removed by Filter": 4,"Workers": []}]}]}]}]},{"Node Type": "Index Scan","Parent Relationship": "Inner","Parallel Aware": false,"Async Capable": false,"Scan Direction": "Forward","Index Name": "idx_orders_custkey","Relation Name": "orders","Alias": "orders","Startup Cost": 0.43,"Total Cost": 1.55,"Plan Rows": 3,"Plan Width": 8,"Actual Startup Time": 0.017,"Actual Total Time": 0.040,"Actual Rows": 2,"Actual Loops": 29904,"Index Cond": "(o_custkey = customer.c_custkey)","Rows Removed by Index Recheck": 0,"Filter": "((o_orderdate >= '1997-01-01'::date) AND (o_orderdate < '1998-01-01 00:00:00'::timestamp without time zone))","Rows Removed by Filter": 8,"Workers": []}]},{"Node Type": "Index Scan","Parent Relationship": "Inner","Parallel Aware": false,"Async Capable": false,"Scan Direction": "Forward","Index Name": "idx_lineitem_orderkey","Relation Name": "lineitem","Alias": "lineitem","Startup Cost": 0.43,"Total Cost": 2.87,"Plan Rows": 17,"Plan Width": 20,"Actual Startup Time": 0.017,"Actual Total Time": 0.019,"Actual Rows": 4,"Actual Loops": 45096,"Index Cond": "(l_orderkey = orders.o_orderkey)","Rows Removed by Index Recheck": 0,"Workers": []}]},{"Node Type": "Hash","Parent Relationship": "Inner","Parallel Aware": false,"Async Capable": false,"Startup Cost": 322.00,"Total Cost": 322.00,"Plan Rows": 10000,"Plan Width": 8,"Actual Startup Time": 9.890,"Actual Total Time": 9.894,"Actual Rows": 10000,"Actual Loops": 3,"Hash Buckets": 16384,"Original Hash Buckets": 16384,"Hash Batches": 1,"Original Hash Batches": 1,"Peak Memory Usage": 519,"Workers": [],"Plans": [{"Node Type": "Seq Scan","Parent Relationship": "Outer","Parallel Aware": false,"Async Capable": false,"Relation Name": "supplier","Alias": "supplier","Startup Cost": 0.00,"Total Cost": 322.00,"Plan Rows": 10000,"Plan Width": 8,"Actual Startup Time": 0.039,"Actual Total Time": 7.896,"Actual Rows": 10000,"Actual Loops": 3,"Workers": []}]}]}]}]}]}]}]},"Planning Time": 11.619,"Triggers": [],"Execution Time": 856.108}]
[{"Plan": {"Node Type": "Sort","Parallel Aware": false,"Async Capable": false,"Startup Cost": 21522.30,"Total Cost": 21522.36,"Plan Rows": 25,"Plan Width": 136,"Actual Startup Time": 808.715,"Actual Total Time": 841.103,"Actual Rows": 5,"Actual Loops": 1,"Sort Key": ["(sum((lineitem.l_extendedprice * ('1'::numeric - lineitem.l_discount)))) DESC"],"Sort Method": "quicksort","Sort Space Used": 25,"Sort Space Type": "Memory","Plans": [{"Node Type": "Aggregate","Strategy": "Sorted","Partial Mode": "Finalize","Parent Relationship": "Outer","Parallel Aware": false,"Async Capable": false,"Startup Cost": 21507.43,"Total Cost": 21521.72,"Plan Rows": 25,"Plan Width": 136,"Actual Startup Time": 808.132,"Actual Total Time": 841.051,"Actual Rows": 5,"Actual Loops": 1,"Group Key": ["nation.n_name"],"Plans": [{"Node Type": "Gather Merge","Parent Relationship": "Outer","Parallel Aware": false,"Async Capable": false,"Startup Cost": 21507.43,"Total Cost": 21521.03,"Plan Rows": 50,"Plan Width": 136,"Actual Startup Time": 807.865,"Actual Total Time": 840.993,"Actual Rows": 15,"Actual Loops": 1,"Workers Planned": 2,"Workers Launched": 2,"Plans": [{"Node Type": "Aggregate","Strategy": "Sorted","Partial Mode": "Partial","Parent Relationship": "Outer","Parallel Aware": false,"Async Capable": false,"Startup Cost": 20507.41,"Total Cost": 20515.23,"Plan Rows": 25,"Plan Width": 136,"Actual Startup Time": 800.148,"Actual Total Time": 800.877,"Actual Rows": 5,"Actual Loops": 3,"Group Key": ["nation.n_name"],"Workers": [],"Plans": [{"Node Type": "Sort","Parent Relationship": "Outer","Parallel Aware": false,"Async Capable": false,"Startup Cost": 20507.41,"Total Cost": 20508.91,"Plan Rows": 601,"Plan Width": 116,"Actual Startup Time": 799.927,"Actual Total Time": 800.057,"Actual Rows": 2459,"Actual Loops": 3,"Sort Key": ["nation.n_name"],"Sort Method": "quicksort","Sort Space Used": 287,"Sort Space Type": "Memory","Workers": [{"Worker Number": 0,"Sort Method": "quicksort","Sort Space Used": 292,"Sort Space Type": "Memory"},{"Worker Number": 1,"Sort Method": "quicksort","Sort Space Used": 287,"Sort Space Type": "Memory"}],"Plans": [{"Node Type": "Hash Join","Parent Relationship": "Outer","Parallel Aware": false,"Async Capable": false,"Join Type": "Inner","Startup Cost": 475.27,"Total Cost": 20479.67,"Plan Rows": 601,"Plan Width": 116,"Actual Startup Time": 9.851,"Actual Total Time": 798.461,"Actual Rows": 2459,"Actual Loops": 3,"Inner Unique": true,"Hash Cond": "((lineitem.l_suppkey = supplier.s_suppkey) AND (customer.c_nationkey = supplier.s_nationkey))","Workers": [],"Plans": [{"Node Type": "Nested Loop","Parent Relationship": "Outer","Parallel Aware": false,"Async Capable": false,"Join Type": "Inner","Startup Cost": 3.27,"Total Cost": 19928.78,"Plan Rows": 15027,"Plan Width": 128,"Actual Startup Time": 0.691,"Actual Total Time": 757.487,"Actual Rows": 60981,"Actual Loops": 3,"Inner Unique": false,"Workers": [],"Plans": [{"Node Type": "Nested Loop","Parent Relationship": "Outer","Parallel Aware": false,"Async Capable": false,"Join Type": "Inner","Startup Cost": 2.84,"Total Cost": 8414.26,"Plan Rows": 3756,"Plan Width": 116,"Actual Startup Time": 0.574,"Actual Total Time": 453.285,"Actual Rows": 15233,"Actual Loops": 3,"Inner Unique": false,"Workers": [],"Plans": [{"Node Type": "Hash Join","Parent Relationship": "Outer","Parallel Aware": false,"Async Capable": false,"Join Type": "Inner","Startup Cost": 2.41,"Total Cost": 4471.79,"Plan Rows": 2500,"Plan Width": 116,"Actual Startup Time": 0.259,"Actual Total Time": 55.622,"Actual Rows": 10066,"Actual Loops": 3,"Inner Unique": false,"Hash Cond": "(customer.c_nationkey = nation.n_nationkey)","Workers": [],"Plans": [{"Node Type": "Seq Scan","Parent Relationship": "Outer","Parallel Aware": true,"Async Capable": false,"Relation Name": "customer","Alias": "customer","Startup Cost": 0.00,"Total Cost": 4210.00,"Plan Rows": 62500,"Plan Width": 8,"Actual Startup Time": 0.020,"Actual Total Time": 9.402,"Actual Rows": 50000,"Actual Loops": 3,"Workers": []},{"Node Type": "Hash","Parent Relationship": "Inner","Parallel Aware": false,"Async Capable": false,"Startup Cost": 2.40,"Total Cost": 2.40,"Plan Rows": 1,"Plan Width": 108,"Actual Startup Time": 0.150,"Actual Total Time": 0.167,"Actual Rows": 5,"Actual Loops": 3,"Hash Buckets": 1024,"Original Hash Buckets": 1024,"Hash Batches": 1,"Original Hash Batches": 1,"Peak Memory Usage": 9,"Workers": [],"Plans": [{"Node Type": "Hash Join","Parent Relationship": "Outer","Parallel Aware": false,"Async Capable": false,"Join Type": "Inner","Startup Cost": 1.07,"Total Cost": 2.40,"Plan Rows": 1,"Plan Width": 108,"Actual Startup Time": 0.135,"Actual Total Time": 0.156,"Actual Rows": 5,"Actual Loops": 3,"Inner Unique": true,"Hash Cond": "(nation.n_regionkey = region.r_regionkey)","Workers": [],"Plans": [{"Node Type": "Seq Scan","Parent Relationship": "Outer","Parallel Aware": false,"Async Capable": false,"Relation Name": "nation","Alias": "nation","Startup Cost": 0.00,"Total Cost": 1.25,"Plan Rows": 25,"Plan Width": 112,"Actual Startup Time": 0.049,"Actual Total Time": 0.053,"Actual Rows": 25,"Actual Loops": 3,"Workers": []},{"Node Type": "Hash","Parent Relationship": "Inner","Parallel Aware": false,"Async Capable": false,"Startup Cost": 1.06,"Total Cost": 1.06,"Plan Rows": 1,"Plan Width": 4,"Actual Startup Time": 0.056,"Actual Total Time": 0.064,"Actual Rows": 1,"Actual Loops": 3,"Hash Buckets": 1024,"Original Hash Buckets": 1024,"Hash Batches": 1,"Original Hash Batches": 1,"Peak Memory Usage": 9,"Workers": [],"Plans": [{"Node Type": "Seq Scan","Parent Relationship": "Outer","Parallel Aware": false,"Async Capable": false,"Relation Name": "region","Alias": "region","Startup Cost": 0.00,"Total Cost": 1.06,"Plan Rows": 1,"Plan Width": 4,"Actual Startup Time": 0.041,"Actual Total Time": 0.043,"Actual Rows": 1,"Actual Loops": 3,"Filter": "(r_name = 'EUROPE'::bpchar)","Rows Removed by Filter": 4,"Workers": []}]}]}]}]},{"Node Type": "Index Scan","Parent Relationship": "Inner","Parallel Aware": false,"Async Capable": false,"Scan Direction": "Forward","Index Name": "idx_orders_custkey","Relation Name": "orders","Alias": "orders","Startup Cost": 0.43,"Total Cost": 1.55,"Plan Rows": 3,"Plan Width": 8,"Actual Startup Time": 0.017,"Actual Total Time": 0.039,"Actual Rows": 2,"Actual Loops": 30197,"Index Cond": "(o_custkey = customer.c_custkey)","Rows Removed by Index Recheck": 0,"Filter": "((o_orderdate >= '1993-01-01'::date) AND (o_orderdate < '1994-01-01 00:00:00'::timestamp without time zone))","Rows Removed by Filter": 9,"Workers": []}]},{"Node Type": "Index Scan","Parent Relationship": "Inner","Parallel Aware": false,"Async Capable": false,"Scan Direction": "Forward","Index Name": "idx_lineitem_orderkey","Relation Name": "lineitem","Alias": "lineitem","Startup Cost": 0.43,"Total Cost": 2.90,"Plan Rows": 17,"Plan Width": 20,"Actual Startup Time": 0.017,"Actual Total Time": 0.019,"Actual Rows": 4,"Actual Loops": 45699,"Index Cond": "(l_orderkey = orders.o_orderkey)","Rows Removed by Index Recheck": 0,"Workers": []}]},{"Node Type": "Hash","Parent Relationship": "Inner","Parallel Aware": false,"Async Capable": false,"Startup Cost": 322.00,"Total Cost": 322.00,"Plan Rows": 10000,"Plan Width": 8,"Actual Startup Time": 8.538,"Actual Total Time": 8.541,"Actual Rows": 10000,"Actual Loops": 3,"Hash Buckets": 16384,"Original Hash Buckets": 16384,"Hash Batches": 1,"Original Hash Batches": 1,"Peak Memory Usage": 519,"Workers": [],"Plans": [{"Node Type": "Seq Scan","Parent Relationship": "Outer","Parallel Aware": false,"Async Capable": false,"Relation Name": "supplier","Alias": "supplier","Startup Cost": 0.00,"Total Cost": 322.00,"Plan Rows": 10000,"Plan Width": 8,"Actual Startup Time": 0.046,"Actual Total Time": 6.635,"Actual Rows": 10000,"Actual Loops": 3,"Workers": []}]}]}]}]}]}]}]},"Planning Time": 10.957,"Triggers": [],"Execution Time": 841.799}]
[{"Plan": {"Node Type": "Sort","Parallel Aware": false,"Async Capable": false,"Startup Cost": 21565.81,"Total Cost": 21565.87,"Plan Rows": 25,"Plan Width": 136,"Actual Startup Time": 823.071,"Actual Total Time": 855.607,"Actual Rows": 5,"Actual Loops": 1,"Sort Key": ["(sum((lineitem.l_extendedprice * ('1'::numeric - lineitem.l_discount)))) DESC"],"Sort Method": "quicksort","Sort Space Used": 25,"Sort Space Type": "Memory","Plans": [{"Node Type": "Aggregate","Strategy": "Sorted","Partial Mode": "Finalize","Parent Relationship": "Outer","Parallel Aware": false,"Async Capable": false,"Startup Cost": 21550.86,"Total Cost": 21565.23,"Plan Rows": 25,"Plan Width": 136,"Actual Startup Time": 822.468,"Actual Total Time": 855.547,"Actual Rows": 5,"Actual Loops": 1,"Group Key": ["nation.n_name"],"Plans": [{"Node Type": "Gather Merge","Parent Relationship": "Outer","Parallel Aware": false,"Async Capable": false,"Startup Cost": 21550.86,"Total Cost": 21564.54,"Plan Rows": 50,"Plan Width": 136,"Actual Startup Time": 822.203,"Actual Total Time": 855.489,"Actual Rows": 15,"Actual Loops": 1,"Workers Planned": 2,"Workers Launched": 2,"Plans": [{"Node Type": "Aggregate","Strategy": "Sorted","Partial Mode": "Partial","Parent Relationship": "Outer","Parallel Aware": false,"Async Capable": false,"Startup Cost": 20550.84,"Total Cost": 20558.75,"Plan Rows": 25,"Plan Width": 136,"Actual Startup Time": 814.240,"Actual Total Time": 814.959,"Actual Rows": 5,"Actual Loops": 3,"Group Key": ["nation.n_name"],"Workers": [],"Plans": [{"Node Type": "Sort","Parent Relationship": "Outer","Parallel Aware": false,"Async Capable": false,"Startup Cost": 20550.84,"Total Cost": 20552.36,"Plan Rows": 608,"Plan Width": 116,"Actual Startup Time": 814.029,"Actual Total Time": 814.149,"Actual Rows": 2473,"Actual Loops": 3,"Sort Key": ["nation.n_name"],"Sort Method": "quicksort","Sort Space Used": 297,"Sort Space Type": "Memory","Workers": [{"Worker Number": 0,"Sort Method": "quicksort","Sort Space Used": 287,"Sort Space Type": "Memory"},{"Worker Number": 1,"Sort Method": "quicksort","Sort Space Used": 284,"Sort Space Type": "Memory"}],"Plans": [{"Node Type": "Hash Join","Parent Relationship": "Outer","Parallel Aware": false,"Async Capable": false,"Join Type": "Inner","Startup Cost": 475.27,"Total Cost": 20522.72,"Plan Rows": 608,"Plan Width": 116,"Actual Startup Time": 11.318,"Actual Total Time": 812.483,"Actual Rows": 2473,"Actual Loops": 3,"Inner Unique": true,"Hash Cond": "((lineitem.l_suppkey = supplier.s_suppkey) AND (customer.c_nationkey = supplier.s_nationkey))","Workers": [],"Plans": [{"Node Type": "Nested Loop","Parent Relationship": "Outer","Parallel Aware": false,"Async Capable": false,"Join Type": "Inner","Startup Cost": 3.27,"Total Cost": 19970.84,"Plan Rows": 15215,"Plan Width": 128,"Actual Startup Time": 0.595,"Actual Total Time": 768.935,"Actual Rows": 60276,"Actual Loops": 3,"Inner Unique": false,"Workers": [],"Plans": [{"Node Type": "Nested Loop","Parent Relationship": "Outer","Parallel Aware": false,"Async Capable": false,"Join Type": "Inner","Startup Cost": 2.84,"Total Cost": 8414.26,"Plan Rows": 3803,"Plan Width": 116,"Actual Startup Time": 0.466,"Actual Total Time": 464.532,"Actual Rows": 15032,"Actual Loops": 3,"Inner Unique": false,"Workers": [],"Plans": [{"Node Type": "Hash Join","Parent Relationship": "Outer","Parallel Aware": false,"Async Capable": false,"Join Type": "Inner","Startup Cost": 2.41,"Total Cost": 4471.79,"Plan Rows": 2500,"Plan Width": 116,"Actual Startup Time": 0.243,"Actual Total Time": 60.744,"Actual Rows": 9968,"Actual Loops": 3,"Inner Unique": false,"Hash Cond": "(customer.c_nationkey = nation.n_nationkey)","Workers": [],"Plans": [{"Node Type": "Seq Scan","Parent Relationship": "Outer","Parallel Aware": true,"Async Capable": false,"Relation Name": "customer","Alias": "customer","Startup Cost": 0.00,"Total Cost": 4210.00,"Plan Rows": 62500,"Plan Width": 8,"Actual Startup Time": 0.012,"Actual Total Time": 10.205,"Actual Rows": 50000,"Actual Loops": 3,"Workers": []},{"Node Type": "Hash","Parent Relationship": "Inner","Parallel Aware": false,"Async Capable": false,"Startup Cost": 2.40,"Total Cost": 2.40,"Plan Rows": 1,"Plan Width": 108,"Actual Startup Time": 0.142,"Actual Total Time": 0.157,"Actual Rows": 5,"Actual Loops": 3,"Hash Buckets": 1024,"Original Hash Buckets": 1024,"Hash Batches": 1,"Original Hash Batches": 1,"Peak Memory Usage": 9,"Workers": [],"Plans": [{"Node Type": "Hash Join","Parent Relationship": "Outer","Parallel Aware": false,"Async Capable": false,"Join Type": "Inner","Startup Cost": 1.07,"Total Cost": 2.40,"Plan Rows": 1,"Plan Width": 108,"Actual Startup Time": 0.130,"Actual Total Time": 0.149,"Actual Rows": 5,"Actual Loops": 3,"Inner Unique": true,"Hash Cond": "(nation.n_regionkey = region.r_regionkey)","Workers": [],"Plans": [{"Node Type": "Seq Scan","Parent Relationship": "Outer","Parallel Aware": false,"Async Capable": false,"Relation Name": "nation","Alias": "nation","Startup Cost": 0.00,"Total Cost": 1.25,"Plan Rows": 25,"Plan Width": 112,"Actual Startup Time": 0.040,"Actual Total Time": 0.044,"Actual Rows": 25,"Actual Loops": 3,"Workers": []},{"Node Type": "Hash","Parent Relationship": "Inner","Parallel Aware": false,"Async Capable": false,"Startup Cost": 1.06,"Total Cost": 1.06,"Plan Rows": 1,"Plan Width": 4,"Actual Startup Time": 0.063,"Actual Total Time": 0.068,"Actual Rows": 1,"Actual Loops": 3,"Hash Buckets": 1024,"Original Hash Buckets": 1024,"Hash Batches": 1,"Original Hash Batches": 1,"Peak Memory Usage": 9,"Workers": [],"Plans": [{"Node Type": "Seq Scan","Parent Relationship": "Outer","Parallel Aware": false,"Async Capable": false,"Relation Name": "region","Alias": "region","Startup Cost": 0.00,"Total Cost": 1.06,"Plan Rows": 1,"Plan Width": 4,"Actual Startup Time": 0.045,"Actual Total Time": 0.047,"Actual Rows": 1,"Actual Loops": 3,"Filter": "(r_name = 'MIDDLE EAST'::bpchar)","Rows Removed by Filter": 4,"Workers": []}]}]}]}]},{"Node Type": "Index Scan","Parent Relationship": "Inner","Parallel Aware": false,"Async Capable": false,"Scan Direction": "Forward","Index Name": "idx_orders_custkey","Relation Name": "orders","Alias": "orders","Startup Cost": 0.43,"Total Cost": 1.55,"Plan Rows": 3,"Plan Width": 8,"Actual Startup Time": 0.017,"Actual Total Time": 0.040,"Actual Rows": 2,"Actual Loops": 29904,"Index Cond": "(o_custkey = customer.c_custkey)","Rows Removed by Index Recheck": 0,"Filter": "((o_orderdate >= '1997-01-01'::date) AND (o_orderdate < '1998-01-01 00:00:00'::timestamp without time zone))","Rows Removed by Filter": 8,"Workers": []}]},{"Node Type": "Index Scan","Parent Relationship": "Inner","Parallel Aware": false,"Async Capable": false,"Scan Direction": "Forward","Index Name": "idx_lineitem_orderkey","Relation Name": "lineitem","Alias": "lineitem","Startup Cost": 0.43,"Total Cost": 2.87,"Plan Rows": 17,"Plan Width": 20,"Actual Startup Time": 0.017,"Actual Total Time": 0.019,"Actual Rows": 4,"Actual Loops": 45096,"Index Cond": "(l_orderkey = orders.o_orderkey)","Rows Removed by Index Recheck": 0,"Workers": []}]},{"Node Type": "Hash","Parent Relationship": "Inner","Parallel Aware": false,"Async Capable": false,"Startup Cost": 322.00,"Total Cost": 322.00,"Plan Rows": 10000,"Plan Width": 8,"Actual Startup Time": 9.890,"Actual Total Time": 9.894,"Actual Rows": 10000,"Actual Loops": 3,"Hash Buckets": 16384,"Original Hash Buckets": 16384,"Hash Batches": 1,"Original Hash Batches": 1,"Peak Memory Usage": 519,"Workers": [],"Plans": [{"Node Type": "Seq Scan","Parent Relationship": "Outer","Parallel Aware": false,"Async Capable": false,"Relation Name": "supplier","Alias": "supplier","Startup Cost": 0.00,"Total Cost": 322.00,"Plan Rows": 10000,"Plan Width": 8,"Actual Startup Time": 0.039,"Actual Total Time": 7.896,"Actual Rows": 10000,"Actual Loops": 3,"Workers": []}]}]}]}]}]}]}]},"Planning Time": 11.619,"Triggers": [],"Execution Time": 856.108}]
[{"Plan": {"Node Type": "Sort","Parallel Aware": false,"Async Capable": false,"Startup Cost": 21522.30,"Total Cost": 21522.36,"Plan Rows": 25,"Plan Width": 136,"Actual Startup Time": 808.723,"Actual Total Time": 839.996,"Actual Rows": 5,"Actual Loops": 1,"Sort Key": ["(sum((lineitem.l_extendedprice * ('1'::numeric - lineitem.l_discount)))) DESC"],"Sort Method": "quicksort","Sort Space Used": 25,"Sort Space Type": "Memory","Plans": [{"Node Type": "Aggregate","Strategy": "Sorted","Partial Mode": "Finalize","Parent Relationship": "Outer","Parallel Aware": false,"Async Capable": false,"Startup Cost": 21507.43,"Total Cost": 21521.72,"Plan Rows": 25,"Plan Width": 136,"Actual Startup Time": 808.168,"Actual Total Time": 839.947,"Actual Rows": 5,"Actual Loops": 1,"Group Key": ["nation.n_name"],"Plans": [{"Node Type": "Gather Merge","Parent Relationship": "Outer","Parallel Aware": false,"Async Capable": false,"Startup Cost": 21507.43,"Total Cost": 21521.03,"Plan Rows": 50,"Plan Width": 136,"Actual Startup Time": 807.495,"Actual Total Time": 839.892,"Actual Rows": 15,"Actual Loops": 1,"Workers Planned": 2,"Workers Launched": 2,"Plans": [{"Node Type": "Aggregate","Strategy": "Sorted","Partial Mode": "Partial","Parent Relationship": "Outer","Parallel Aware": false,"Async Capable": false,"Startup Cost": 20507.41,"Total Cost": 20515.23,"Plan Rows": 25,"Plan Width": 136,"Actual Startup Time": 799.534,"Actual Total Time": 800.383,"Actual Rows": 5,"Actual Loops": 3,"Group Key": ["nation.n_name"],"Workers": [],"Plans": [{"Node Type": "Sort","Parent Relationship": "Outer","Parallel Aware": false,"Async Capable": false,"Startup Cost": 20507.41,"Total Cost": 20508.91,"Plan Rows": 601,"Plan Width": 116,"Actual Startup Time": 799.319,"Actual Total Time": 799.466,"Actual Rows": 2431,"Actual Loops": 3,"Sort Key": ["nation.n_name"],"Sort Method": "quicksort","Sort Space Used": 290,"Sort Space Type": "Memory","Workers": [{"Worker Number": 0,"Sort Method": "quicksort","Sort Space Used": 286,"Sort Space Type": "Memory"},{"Worker Number": 1,"Sort Method": "quicksort","Sort Space Used": 283,"Sort Space Type": "Memory"}],"Plans": [{"Node Type": "Hash Join","Parent Relationship": "Outer","Parallel Aware": false,"Async Capable": false,"Join Type": "Inner","Startup Cost": 475.27,"Total Cost": 20479.67,"Plan Rows": 601,"Plan Width": 116,"Actual Startup Time": 15.141,"Actual Total Time": 797.817,"Actual Rows": 2431,"Actual Loops": 3,"Inner Unique": true,"Hash Cond": "((lineitem.l_suppkey = supplier.s_suppkey) AND (customer.c_nationkey = supplier.s_nationkey))","Workers": [],"Plans": [{"Node Type": "Nested Loop","Parent Relationship": "Outer","Parallel Aware": false,"Async Capable": false,"Join Type": "Inner","Startup Cost": 3.27,"Total Cost": 19928.78,"Plan Rows": 15027,"Plan Width": 128,"Actual Startup Time": 0.731,"Actual Total Time": 752.135,"Actual Rows": 59947,"Actual Loops": 3,"Inner Unique": false,"Workers": [],"Plans": [{"Node Type": "Nested Loop","Parent Relationship": "Outer","Parallel Aware": false,"Async Capable": false,"Join Type": "Inner","Startup Cost": 2.84,"Total Cost": 8414.26,"Plan Rows": 3756,"Plan Width": 116,"Actual Startup Time": 0.592,"Actual Total Time": 450.459,"Actual Rows": 14972,"Actual Loops": 3,"Inner Unique": false,"Workers": [],"Plans": [{"Node Type": "Hash Join","Parent Relationship": "Outer","Parallel Aware": false,"Async Capable": false,"Join Type": "Inner","Startup Cost": 2.41,"Total Cost": 4471.79,"Plan Rows": 2500,"Plan Width": 116,"Actual Startup Time": 0.291,"Actual Total Time": 55.680,"Actual Rows": 9968,"Actual Loops": 3,"Inner Unique": false,"Hash Cond": "(customer.c_nationkey = nation.n_nationkey)","Workers": [],"Plans": [{"Node Type": "Seq Scan","Parent Relationship": "Outer","Parallel Aware": true,"Async Capable": false,"Relation Name": "customer","Alias": "customer","Startup Cost": 0.00,"Total Cost": 4210.00,"Plan Rows": 62500,"Plan Width": 8,"Actual Startup Time": 0.021,"Actual Total Time": 9.583,"Actual Rows": 50000,"Actual Loops": 3,"Workers": []},{"Node Type": "Hash","Parent Relationship": "Inner","Parallel Aware": false,"Async Capable": false,"Startup Cost": 2.40,"Total Cost": 2.40,"Plan Rows": 1,"Plan Width": 108,"Actual Startup Time": 0.165,"Actual Total Time": 0.187,"Actual Rows": 5,"Actual Loops": 3,"Hash Buckets": 1024,"Original Hash Buckets": 1024,"Hash Batches": 1,"Original Hash Batches": 1,"Peak Memory Usage": 9,"Workers": [],"Plans": [{"Node Type": "Hash Join","Parent Relationship": "Outer","Parallel Aware": false,"Async Capable": false,"Join Type": "Inner","Startup Cost": 1.07,"Total Cost": 2.40,"Plan Rows": 1,"Plan Width": 108,"Actual Startup Time": 0.151,"Actual Total Time": 0.177,"Actual Rows": 5,"Actual Loops": 3,"Inner Unique": true,"Hash Cond": "(nation.n_regionkey = region.r_regionkey)","Workers": [],"Plans": [{"Node Type": "Seq Scan","Parent Relationship": "Outer","Parallel Aware": false,"Async Capable": false,"Relation Name": "nation","Alias": "nation","Startup Cost": 0.00,"Total Cost": 1.25,"Plan Rows": 25,"Plan Width": 112,"Actual Startup Time": 0.067,"Actual Total Time": 0.072,"Actual Rows": 25,"Actual Loops": 3,"Workers": []},{"Node Type": "Hash","Parent Relationship": "Inner","Parallel Aware": false,"Async Capable": false,"Startup Cost": 1.06,"Total Cost": 1.06,"Plan Rows": 1,"Plan Width": 4,"Actual Startup Time": 0.055,"Actual Total Time": 0.063,"Actual Rows": 1,"Actual Loops": 3,"Hash Buckets": 1024,"Original Hash Buckets": 1024,"Hash Batches": 1,"Original Hash Batches": 1,"Peak Memory Usage": 9,"Workers": [],"Plans": [{"Node Type": "Seq Scan","Parent Relationship": "Outer","Parallel Aware": false,"Async Capable": false,"Relation Name": "region","Alias": "region","Startup Cost": 0.00,"Total Cost": 1.06,"Plan Rows": 1,"Plan Width": 4,"Actual Startup Time": 0.042,"Actual Total Time": 0.044,"Actual Rows": 1,"Actual Loops": 3,"Filter": "(r_name = 'MIDDLE EAST'::bpchar)","Rows Removed by Filter": 4,"Workers": []}]}]}]}]},{"Node Type": "Index Scan","Parent Relationship": "Inner","Parallel Aware": false,"Async Capable": false,"Scan Direction": "Forward","Index Name": "idx_orders_custkey","Relation Name": "orders","Alias": "orders","Startup Cost": 0.43,"Total Cost": 1.55,"Plan Rows": 3,"Plan Width": 8,"Actual Startup Time": 0.017,"Actual Total Time": 0.039,"Actual Rows": 2,"Actual Loops": 29904,"Index Cond": "(o_custkey = customer.c_custkey)","Rows Removed by Index Recheck": 0,"Filter": "((o_orderdate >= '1993-01-01'::date) AND (o_orderdate < '1994-01-01 00:00:00'::timestamp without time zone))","Rows Removed by Filter": 8,"Workers": []}]},{"Node Type": "Index Scan","Parent Relationship": "Inner","Parallel Aware": false,"Async Capable": false,"Scan Direction": "Forward","Index Name": "idx_lineitem_orderkey","Relation Name": "lineitem","Alias": "lineitem","Startup Cost": 0.43,"Total Cost": 2.90,"Plan Rows": 17,"Plan Width": 20,"Actual Startup Time": 0.017,"Actual Total Time": 0.019,"Actual Rows": 4,"Actual Loops": 44917,"Index Cond": "(l_orderkey = orders.o_orderkey)","Rows Removed by Index Recheck": 0,"Workers": []}]},{"Node Type": "Hash","Parent Relationship": "Inner","Parallel Aware": false,"Async Capable": false,"Startup Cost": 322.00,"Total Cost": 322.00,"Plan Rows": 10000,"Plan Width": 8,"Actual Startup Time": 13.351,"Actual Total Time": 13.355,"Actual Rows": 10000,"Actual Loops": 3,"Hash Buckets": 16384,"Original Hash Buckets": 16384,"Hash Batches": 1,"Original Hash Batches": 1,"Peak Memory Usage": 519,"Workers": [],"Plans": [{"Node Type": "Seq Scan","Parent Relationship": "Outer","Parallel Aware": false,"Async Capable": false,"Relation Name": "supplier","Alias": "supplier","Startup Cost": 0.00,"Total Cost": 322.00,"Plan Rows": 10000,"Plan Width": 8,"Actual Startup Time": 0.056,"Actual Total Time": 11.541,"Actual Rows": 10000,"Actual Loops": 3,"Workers": []}]}]}]}]}]}]}]},"Planning Time": 9.915,"Triggers": [],"Execution Time": 840.541}]
[{"Plan": {"Node Type": "Sort","Parallel Aware": false,"Async Capable": false,"Startup Cost": 21565.81,"Total Cost": 21565.87,"Plan Rows": 25,"Plan Width": 136,"Actual Startup Time": 812.189,"Actual Total Time": 842.359,"Actual Rows": 5,"Actual Loops": 1,"Sort Key": ["(sum((lineitem.l_extendedprice * ('1'::numeric - lineitem.l_discount)))) DESC"],"Sort Method": "quicksort","Sort Space Used": 25,"Sort Space Type": "Memory","Plans": [{"Node Type": "Aggregate","Strategy": "Sorted","Partial Mode": "Finalize","Parent Relationship": "Outer","Parallel Aware": false,"Async Capable": false,"Startup Cost": 21550.86,"Total Cost": 21565.23,"Plan Rows": 25,"Plan Width": 136,"Actual Startup Time": 811.599,"Actual Total Time": 842.311,"Actual Rows": 5,"Actual Loops": 1,"Group Key": ["nation.n_name"],"Plans": [{"Node Type": "Gather Merge","Parent Relationship": "Outer","Parallel Aware": false,"Async Capable": false,"Startup Cost": 21550.86,"Total Cost": 21564.54,"Plan Rows": 50,"Plan Width": 136,"Actual Startup Time": 811.323,"Actual Total Time": 842.254,"Actual Rows": 15,"Actual Loops": 1,"Workers Planned": 2,"Workers Launched": 2,"Plans": [{"Node Type": "Aggregate","Strategy": "Sorted","Partial Mode": "Partial","Parent Relationship": "Outer","Parallel Aware": false,"Async Capable": false,"Startup Cost": 20550.84,"Total Cost": 20558.75,"Plan Rows": 25,"Plan Width": 136,"Actual Startup Time": 803.769,"Actual Total Time": 804.515,"Actual Rows": 5,"Actual Loops": 3,"Group Key": ["nation.n_name"],"Workers": [],"Plans": [{"Node Type": "Sort","Parent Relationship": "Outer","Parallel Aware": false,"Async Capable": false,"Startup Cost": 20550.84,"Total Cost": 20552.36,"Plan Rows": 608,"Plan Width": 116,"Actual Startup Time": 803.552,"Actual Total Time": 803.687,"Actual Rows": 2453,"Actual Loops": 3,"Sort Key": ["nation.n_name"],"Sort Method": "quicksort","Sort Space Used": 291,"Sort Space Type": "Memory","Workers": [{"Worker Number": 0,"Sort Method": "quicksort","Sort Space Used": 289,"Sort Space Type": "Memory"},{"Worker Number": 1,"Sort Method": "quicksort","Sort Space Used": 285,"Sort Space Type": "Memory"}],"Plans": [{"Node Type": "Hash Join","Parent Relationship": "Outer","Parallel Aware": false,"Async Capable": false,"Join Type": "Inner","Startup Cost": 475.27,"Total Cost": 20522.72,"Plan Rows": 608,"Plan Width": 116,"Actual Startup Time": 16.360,"Actual Total Time": 802.078,"Actual Rows": 2453,"Actual Loops": 3,"Inner Unique": true,"Hash Cond": "((lineitem.l_suppkey = supplier.s_suppkey) AND (customer.c_nationkey = supplier.s_nationkey))","Workers": [],"Plans": [{"Node Type": "Nested Loop","Parent Relationship": "Outer","Parallel Aware": false,"Async Capable": false,"Join Type": "Inner","Startup Cost": 3.27,"Total Cost": 19970.84,"Plan Rows": 15215,"Plan Width": 128,"Actual Startup Time": 0.560,"Actual Total Time": 757.067,"Actual Rows": 60975,"Actual Loops": 3,"Inner Unique": false,"Workers": [],"Plans": [{"Node Type": "Nested Loop","Parent Relationship": "Outer","Parallel Aware": false,"Async Capable": false,"Join Type": "Inner","Startup Cost": 2.84,"Total Cost": 8414.26,"Plan Rows": 3803,"Plan Width": 116,"Actual Startup Time": 0.451,"Actual Total Time": 451.841,"Actual Rows": 15295,"Actual Loops": 3,"Inner Unique": false,"Workers": [],"Plans": [{"Node Type": "Hash Join","Parent Relationship": "Outer","Parallel Aware": false,"Async Capable": false,"Join Type": "Inner","Startup Cost": 2.41,"Total Cost": 4471.79,"Plan Rows": 2500,"Plan Width": 116,"Actual Startup Time": 0.247,"Actual Total Time": 55.129,"Actual Rows": 10061,"Actual Loops": 3,"Inner Unique": false,"Hash Cond": "(customer.c_nationkey = nation.n_nationkey)","Workers": [],"Plans": [{"Node Type": "Seq Scan","Parent Relationship": "Outer","Parallel Aware": true,"Async Capable": false,"Relation Name": "customer","Alias": "customer","Startup Cost": 0.00,"Total Cost": 4210.00,"Plan Rows": 62500,"Plan Width": 8,"Actual Startup Time": 0.010,"Actual Total Time": 9.469,"Actual Rows": 50000,"Actual Loops": 3,"Workers": []},{"Node Type": "Hash","Parent Relationship": "Inner","Parallel Aware": false,"Async Capable": false,"Startup Cost": 2.40,"Total Cost": 2.40,"Plan Rows": 1,"Plan Width": 108,"Actual Startup Time": 0.154,"Actual Total Time": 0.175,"Actual Rows": 5,"Actual Loops": 3,"Hash Buckets": 1024,"Original Hash Buckets": 1024,"Hash Batches": 1,"Original Hash Batches": 1,"Peak Memory Usage": 9,"Workers": [],"Plans": [{"Node Type": "Hash Join","Parent Relationship": "Outer","Parallel Aware": false,"Async Capable": false,"Join Type": "Inner","Startup Cost": 1.07,"Total Cost": 2.40,"Plan Rows": 1,"Plan Width": 108,"Actual Startup Time": 0.142,"Actual Total Time": 0.165,"Actual Rows": 5,"Actual Loops": 3,"Inner Unique": true,"Hash Cond": "(nation.n_regionkey = region.r_regionkey)","Workers": [],"Plans": [{"Node Type": "Seq Scan","Parent Relationship": "Outer","Parallel Aware": false,"Async Capable": false,"Relation Name": "nation","Alias": "nation","Startup Cost": 0.00,"Total Cost": 1.25,"Plan Rows": 25,"Plan Width": 112,"Actual Startup Time": 0.058,"Actual Total Time": 0.062,"Actual Rows": 25,"Actual Loops": 3,"Workers": []},{"Node Type": "Hash","Parent Relationship": "Inner","Parallel Aware": false,"Async Capable": false,"Startup Cost": 1.06,"Total Cost": 1.06,"Plan Rows": 1,"Plan Width": 4,"Actual Startup Time": 0.056,"Actual Total Time": 0.065,"Actual Rows": 1,"Actual Loops": 3,"Hash Buckets": 1024,"Original Hash Buckets": 1024,"Hash Batches": 1,"Original Hash Batches": 1,"Peak Memory Usage": 9,"Workers": [],"Plans": [{"Node Type": "Seq Scan","Parent Relationship": "Outer","Parallel Aware": false,"Async Capable": false,"Relation Name": "region","Alias": "region","Startup Cost": 0.00,"Total Cost": 1.06,"Plan Rows": 1,"Plan Width": 4,"Actual Startup Time": 0.045,"Actual Total Time": 0.048,"Actual Rows": 1,"Actual Loops": 3,"Filter": "(r_name = 'ASIA'::bpchar)","Rows Removed by Filter": 4,"Workers": []}]}]}]}]},{"Node Type": "Index Scan","Parent Relationship": "Inner","Parallel Aware": false,"Async Capable": false,"Scan Direction": "Forward","Index Name": "idx_orders_custkey","Relation Name": "orders","Alias": "orders","Startup Cost": 0.43,"Total Cost": 1.55,"Plan Rows": 3,"Plan Width": 8,"Actual Startup Time": 0.017,"Actual Total Time": 0.039,"Actual Rows": 2,"Actual Loops": 30183,"Index Cond": "(o_custkey = customer.c_custkey)","Rows Removed by Index Recheck": 0,"Filter": "((o_orderdate >= '1997-01-01'::date) AND (o_orderdate < '1998-01-01 00:00:00'::timestamp without time zone))","Rows Removed by Filter": 8,"Workers": []}]},{"Node Type": "Index Scan","Parent Relationship": "Inner","Parallel Aware": false,"Async Capable": false,"Scan Direction": "Forward","Index Name": "idx_lineitem_orderkey","Relation Name": "lineitem","Alias": "lineitem","Startup Cost": 0.43,"Total Cost": 2.87,"Plan Rows": 17,"Plan Width": 20,"Actual Startup Time": 0.017,"Actual Total Time": 0.019,"Actual Rows": 4,"Actual Loops": 45884,"Index Cond": "(l_orderkey = orders.o_orderkey)","Rows Removed by Index Recheck": 0,"Workers": []}]},{"Node Type": "Hash","Parent Relationship": "Inner","Parallel Aware": false,"Async Capable": false,"Startup Cost": 322.00,"Total Cost": 322.00,"Plan Rows": 10000,"Plan Width": 8,"Actual Startup Time": 13.288,"Actual Total Time": 13.293,"Actual Rows": 10000,"Actual Loops": 3,"Hash Buckets": 16384,"Original Hash Buckets": 16384,"Hash Batches": 1,"Original Hash Batches": 1,"Peak Memory Usage": 519,"Workers": [],"Plans": [{"Node Type": "Seq Scan","Parent Relationship": "Outer","Parallel Aware": false,"Async Capable": false,"Relation Name": "supplier","Alias": "supplier","Startup Cost": 0.00,"Total Cost": 322.00,"Plan Rows": 10000,"Plan Width": 8,"Actual Startup Time": 0.036,"Actual Total Time": 11.595,"Actual Rows": 10000,"Actual Loops": 3,"Workers": []}]}]}]}]}]}]}]},"Planning Time": 10.446,"Triggers": [],"Execution Time": 842.801}]
[{"Plan": {"Node Type": "Sort","Parallel Aware": false,"Async Capable": false,"Startup Cost": 21565.81,"Total Cost": 21565.87,"Plan Rows": 25,"Plan Width": 136,"Actual Startup Time": 826.666,"Actual Total Time": 858.678,"Actual Rows": 5,"Actual Loops": 1,"Sort Key": ["(sum((lineitem.l_extendedprice * ('1'::numeric - lineitem.l_discount)))) DESC"],"Sort Method": "quicksort","Sort Space Used": 25,"Sort Space Type": "Memory","Plans": [{"Node Type": "Aggregate","Strategy": "Sorted","Partial Mode": "Finalize","Parent Relationship": "Outer","Parallel Aware": false,"Async Capable": false,"Startup Cost": 21550.86,"Total Cost": 21565.23,"Plan Rows": 25,"Plan Width": 136,"Actual Startup Time": 825.974,"Actual Total Time": 858.621,"Actual Rows": 5,"Actual Loops": 1,"Group Key": ["nation.n_name"],"Plans": [{"Node Type": "Gather Merge","Parent Relationship": "Outer","Parallel Aware": false,"Async Capable": false,"Startup Cost": 21550.86,"Total Cost": 21564.54,"Plan Rows": 50,"Plan Width": 136,"Actual Startup Time": 825.726,"Actual Total Time": 858.579,"Actual Rows": 15,"Actual Loops": 1,"Workers Planned": 2,"Workers Launched": 2,"Plans": [{"Node Type": "Aggregate","Strategy": "Sorted","Partial Mode": "Partial","Parent Relationship": "Outer","Parallel Aware": false,"Async Capable": false,"Startup Cost": 20550.84,"Total Cost": 20558.75,"Plan Rows": 25,"Plan Width": 136,"Actual Startup Time": 818.223,"Actual Total Time": 818.980,"Actual Rows": 5,"Actual Loops": 3,"Group Key": ["nation.n_name"],"Workers": [],"Plans": [{"Node Type": "Sort","Parent Relationship": "Outer","Parallel Aware": false,"Async Capable": false,"Startup Cost": 20550.84,"Total Cost": 20552.36,"Plan Rows": 608,"Plan Width": 116,"Actual Startup Time": 818.011,"Actual Total Time": 818.145,"Actual Rows": 2489,"Actual Loops": 3,"Sort Key": ["nation.n_name"],"Sort Method": "quicksort","Sort Space Used": 294,"Sort Space Type": "Memory","Workers": [{"Worker Number": 0,"Sort Method": "quicksort","Sort Space Used": 286,"Sort Space Type": "Memory"},{"Worker Number": 1,"Sort Method": "quicksort","Sort Space Used": 292,"Sort Space Type": "Memory"}],"Plans": [{"Node Type": "Hash Join","Parent Relationship": "Outer","Parallel Aware": false,"Async Capable": false,"Join Type": "Inner","Startup Cost": 475.27,"Total Cost": 20522.72,"Plan Rows": 608,"Plan Width": 116,"Actual Startup Time": 11.840,"Actual Total Time": 816.555,"Actual Rows": 2489,"Actual Loops": 3,"Inner Unique": true,"Hash Cond": "((lineitem.l_suppkey = supplier.s_suppkey) AND (customer.c_nationkey = supplier.s_nationkey))","Workers": [],"Plans": [{"Node Type": "Nested Loop","Parent Relationship": "Outer","Parallel Aware": false,"Async Capable": false,"Join Type": "Inner","Startup Cost": 3.27,"Total Cost": 19970.84,"Plan Rows": 15215,"Plan Width": 128,"Actual Startup Time": 0.591,"Actual Total Time": 771.834,"Actual Rows": 60959,"Actual Loops": 3,"Inner Unique": false,"Workers": [],"Plans": [{"Node Type": "Nested Loop","Parent Relationship": "Outer","Parallel Aware": false,"Async Capable": false,"Join Type": "Inner","Startup Cost": 2.84,"Total Cost": 8414.26,"Plan Rows": 3803,"Plan Width": 116,"Actual Startup Time": 0.474,"Actual Total Time": 463.395,"Actual Rows": 15225,"Actual Loops": 3,"Inner Unique": false,"Workers": [],"Plans": [{"Node Type": "Hash Join","Parent Relationship": "Outer","Parallel Aware": false,"Async Capable": false,"Join Type": "Inner","Startup Cost": 2.41,"Total Cost": 4471.79,"Plan Rows": 2500,"Plan Width": 116,"Actual Startup Time": 0.230,"Actual Total Time": 58.477,"Actual Rows": 9984,"Actual Loops": 3,"Inner Unique": false,"Hash Cond": "(customer.c_nationkey = nation.n_nationkey)","Workers": [],"Plans": [{"Node Type": "Seq Scan","Parent Relationship": "Outer","Parallel Aware": true,"Async Capable": false,"Relation Name": "customer","Alias": "customer","Startup Cost": 0.00,"Total Cost": 4210.00,"Plan Rows": 62500,"Plan Width": 8,"Actual Startup Time": 0.016,"Actual Total Time": 10.057,"Actual Rows": 50000,"Actual Loops": 3,"Workers": []},{"Node Type": "Hash","Parent Relationship": "Inner","Parallel Aware": false,"Async Capable": false,"Startup Cost": 2.40,"Total Cost": 2.40,"Plan Rows": 1,"Plan Width": 108,"Actual Startup Time": 0.130,"Actual Total Time": 0.146,"Actual Rows": 5,"Actual Loops": 3,"Hash Buckets": 1024,"Original Hash Buckets": 1024,"Hash Batches": 1,"Original Hash Batches": 1,"Peak Memory Usage": 9,"Workers": [],"Plans": [{"Node Type": "Hash Join","Parent Relationship": "Outer","Parallel Aware": false,"Async Capable": false,"Join Type": "Inner","Startup Cost": 1.07,"Total Cost": 2.40,"Plan Rows": 1,"Plan Width": 108,"Actual Startup Time": 0.116,"Actual Total Time": 0.137,"Actual Rows": 5,"Actual Loops": 3,"Inner Unique": true,"Hash Cond": "(nation.n_regionkey = region.r_regionkey)","Workers": [],"Plans": [{"Node Type": "Seq Scan","Parent Relationship": "Outer","Parallel Aware": false,"Async Capable": false,"Relation Name": "nation","Alias": "nation","Startup Cost": 0.00,"Total Cost": 1.25,"Plan Rows": 25,"Plan Width": 112,"Actual Startup Time": 0.042,"Actual Total Time": 0.045,"Actual Rows": 25,"Actual Loops": 3,"Workers": []},{"Node Type": "Hash","Parent Relationship": "Inner","Parallel Aware": false,"Async Capable": false,"Startup Cost": 1.06,"Total Cost": 1.06,"Plan Rows": 1,"Plan Width": 4,"Actual Startup Time": 0.050,"Actual Total Time": 0.056,"Actual Rows": 1,"Actual Loops": 3,"Hash Buckets": 1024,"Original Hash Buckets": 1024,"Hash Batches": 1,"Original Hash Batches": 1,"Peak Memory Usage": 9,"Workers": [],"Plans": [{"Node Type": "Seq Scan","Parent Relationship": "Outer","Parallel Aware": false,"Async Capable": false,"Relation Name": "region","Alias": "region","Startup Cost": 0.00,"Total Cost": 1.06,"Plan Rows": 1,"Plan Width": 4,"Actual Startup Time": 0.038,"Actual Total Time": 0.040,"Actual Rows": 1,"Actual Loops": 3,"Filter": "(r_name = 'AMERICA'::bpchar)","Rows Removed by Filter": 4,"Workers": []}]}]}]}]},{"Node Type": "Index Scan","Parent Relationship": "Inner","Parallel Aware": false,"Async Capable": false,"Scan Direction": "Forward","Index Name": "idx_orders_custkey","Relation Name": "orders","Alias": "orders","Startup Cost": 0.43,"Total Cost": 1.55,"Plan Rows": 3,"Plan Width": 8,"Actual Startup Time": 0.017,"Actual Total Time": 0.040,"Actual Rows": 2,"Actual Loops": 29952,"Index Cond": "(o_custkey = customer.c_custkey)","Rows Removed by Index Recheck": 0,"Filter": "((o_orderdate >= '1997-01-01'::date) AND (o_orderdate < '1998-01-01 00:00:00'::timestamp without time zone))","Rows Removed by Filter": 8,"Workers": []}]},{"Node Type": "Index Scan","Parent Relationship": "Inner","Parallel Aware": false,"Async Capable": false,"Scan Direction": "Forward","Index Name": "idx_lineitem_orderkey","Relation Name": "lineitem","Alias": "lineitem","Startup Cost": 0.43,"Total Cost": 2.87,"Plan Rows": 17,"Plan Width": 20,"Actual Startup Time": 0.017,"Actual Total Time": 0.020,"Actual Rows": 4,"Actual Loops": 45676,"Index Cond": "(l_orderkey = orders.o_orderkey)","Rows Removed by Index Recheck": 0,"Workers": []}]},{"Node Type": "Hash","Parent Relationship": "Inner","Parallel Aware": false,"Async Capable": false,"Startup Cost": 322.00,"Total Cost": 322.00,"Plan Rows": 10000,"Plan Width": 8,"Actual Startup Time": 10.524,"Actual Total Time": 10.525,"Actual Rows": 10000,"Actual Loops": 3,"Hash Buckets": 16384,"Original Hash Buckets": 16384,"Hash Batches": 1,"Original Hash Batches": 1,"Peak Memory Usage": 519,"Workers": [],"Plans": [{"Node Type": "Seq Scan","Parent Relationship": "Outer","Parallel Aware": false,"Async Capable": false,"Relation Name": "supplier","Alias": "supplier","Startup Cost": 0.00,"Total Cost": 322.00,"Plan Rows": 10000,"Plan Width": 8,"Actual Startup Time": 0.042,"Actual Total Time": 8.814,"Actual Rows": 10000,"Actual Loops": 3,"Workers": []}]}]}]}]}]}]}]},"Planning Time": 10.085,"Triggers": [],"Execution Time": 859.237}]
[{"Plan": {"Node Type": "Sort","Parallel Aware": false,"Async Capable": false,"Startup Cost": 21612.43,"Total Cost": 21612.50,"Plan Rows": 25,"Plan Width": 136,"Actual Startup Time": 835.932,"Actual Total Time": 867.365,"Actual Rows": 5,"Actual Loops": 1,"Sort Key": ["(sum((lineitem.l_extendedprice * ('1'::numeric - lineitem.l_discount)))) DESC"],"Sort Method": "quicksort","Sort Space Used": 25,"Sort Space Type": "Memory","Plans": [{"Node Type": "Aggregate","Strategy": "Sorted","Partial Mode": "Finalize","Parent Relationship": "Outer","Parallel Aware": false,"Async Capable": false,"Startup Cost": 21597.38,"Total Cost": 21611.85,"Plan Rows": 25,"Plan Width": 136,"Actual Startup Time": 835.364,"Actual Total Time": 867.318,"Actual Rows": 5,"Actual Loops": 1,"Group Key": ["nation.n_name"],"Plans": [{"Node Type": "Gather Merge","Parent Relationship": "Outer","Parallel Aware": false,"Async Capable": false,"Startup Cost": 21597.38,"Total Cost": 21611.17,"Plan Rows": 50,"Plan Width": 136,"Actual Startup Time": 835.179,"Actual Total Time": 867.277,"Actual Rows": 15,"Actual Loops": 1,"Workers Planned": 2,"Workers Launched": 2,"Plans": [{"Node Type": "Aggregate","Strategy": "Sorted","Partial Mode": "Partial","Parent Relationship": "Outer","Parallel Aware": false,"Async Capable": false,"Startup Cost": 20597.36,"Total Cost": 20605.37,"Plan Rows": 25,"Plan Width": 136,"Actual Startup Time": 826.891,"Actual Total Time": 827.596,"Actual Rows": 5,"Actual Loops": 3,"Group Key": ["nation.n_name"],"Workers": [],"Plans": [{"Node Type": "Sort","Parent Relationship": "Outer","Parallel Aware": false,"Async Capable": false,"Startup Cost": 20597.36,"Total Cost": 20598.90,"Plan Rows": 616,"Plan Width": 116,"Actual Startup Time": 826.692,"Actual Total Time": 826.817,"Actual Rows": 2422,"Actual Loops": 3,"Sort Key": ["nation.n_name"],"Sort Method": "quicksort","Sort Space Used": 284,"Sort Space Type": "Memory","Workers": [{"Worker Number": 0,"Sort Method": "quicksort","Sort Space Used": 289,"Sort Space Type": "Memory"},{"Worker Number": 1,"Sort Method": "quicksort","Sort Space Used": 285,"Sort Space Type": "Memory"}],"Plans": [{"Node Type": "Hash Join","Parent Relationship": "Outer","Parallel Aware": false,"Async Capable": false,"Join Type": "Inner","Startup Cost": 475.27,"Total Cost": 20568.82,"Plan Rows": 616,"Plan Width": 116,"Actual Startup Time": 12.416,"Actual Total Time": 825.180,"Actual Rows": 2422,"Actual Loops": 3,"Inner Unique": true,"Hash Cond": "((lineitem.l_suppkey = supplier.s_suppkey) AND (customer.c_nationkey = supplier.s_nationkey))","Workers": [],"Plans": [{"Node Type": "Nested Loop","Parent Relationship": "Outer","Parallel Aware": false,"Async Capable": false,"Join Type": "Inner","Startup Cost": 3.27,"Total Cost": 20015.89,"Plan Rows": 15415,"Plan Width": 128,"Actual Startup Time": 0.717,"Actual Total Time": 776.964,"Actual Rows": 61524,"Actual Loops": 3,"Inner Unique": false,"Workers": [],"Plans": [{"Node Type": "Nested Loop","Parent Relationship": "Outer","Parallel Aware": false,"Async Capable": false,"Join Type": "Inner","Startup Cost": 2.84,"Total Cost": 8414.26,"Plan Rows": 3853,"Plan Width": 116,"Actual Startup Time": 0.594,"Actual Total Time": 468.318,"Actual Rows": 15364,"Actual Loops": 3,"Inner Unique": false,"Workers": [],"Plans": [{"Node Type": "Hash Join","Parent Relationship": "Outer","Parallel Aware": false,"Async Capable": false,"Join Type": "Inner","Startup Cost": 2.41,"Total Cost": 4471.79,"Plan Rows": 2500,"Plan Width": 116,"Actual Startup Time": 0.257,"Actual Total Time": 59.024,"Actual Rows": 10066,"Actual Loops": 3,"Inner Unique": false,"Hash Cond": "(customer.c_nationkey = nation.n_nationkey)","Workers": [],"Plans": [{"Node Type": "Seq Scan","Parent Relationship": "Outer","Parallel Aware": true,"Async Capable": false,"Relation Name": "customer","Alias": "customer","Startup Cost": 0.00,"Total Cost": 4210.00,"Plan Rows": 62500,"Plan Width": 8,"Actual Startup Time": 0.018,"Actual Total Time": 10.025,"Actual Rows": 50000,"Actual Loops": 3,"Workers": []},{"Node Type": "Hash","Parent Relationship": "Inner","Parallel Aware": false,"Async Capable": false,"Startup Cost": 2.40,"Total Cost": 2.40,"Plan Rows": 1,"Plan Width": 108,"Actual Startup Time": 0.151,"Actual Total Time": 0.168,"Actual Rows": 5,"Actual Loops": 3,"Hash Buckets": 1024,"Original Hash Buckets": 1024,"Hash Batches": 1,"Original Hash Batches": 1,"Peak Memory Usage": 9,"Workers": [],"Plans": [{"Node Type": "Hash Join","Parent Relationship": "Outer","Parallel Aware": false,"Async Capable": false,"Join Type": "Inner","Startup Cost": 1.07,"Total Cost": 2.40,"Plan Rows": 1,"Plan Width": 108,"Actual Startup Time": 0.138,"Actual Total Time": 0.159,"Actual Rows": 5,"Actual Loops": 3,"Inner Unique": true,"Hash Cond": "(nation.n_regionkey = region.r_regionkey)","Workers": [],"Plans": [{"Node Type": "Seq Scan","Parent Relationship": "Outer","Parallel Aware": false,"Async Capable": false,"Relation Name": "nation","Alias": "nation","Startup Cost": 0.00,"Total Cost": 1.25,"Plan Rows": 25,"Plan Width": 112,"Actual Startup Time": 0.050,"Actual Total Time": 0.055,"Actual Rows": 25,"Actual Loops": 3,"Workers": []},{"Node Type": "Hash","Parent Relationship": "Inner","Parallel Aware": false,"Async Capable": false,"Startup Cost": 1.06,"Total Cost": 1.06,"Plan Rows": 1,"Plan Width": 4,"Actual Startup Time": 0.059,"Actual Total Time": 0.064,"Actual Rows": 1,"Actual Loops": 3,"Hash Buckets": 1024,"Original Hash Buckets": 1024,"Hash Batches": 1,"Original Hash Batches": 1,"Peak Memory Usage": 9,"Workers": [],"Plans": [{"Node Type": "Seq Scan","Parent Relationship": "Outer","Parallel Aware": false,"Async Capable": false,"Relation Name": "region","Alias": "region","Startup Cost": 0.00,"Total Cost": 1.06,"Plan Rows": 1,"Plan Width": 4,"Actual Startup Time": 0.043,"Actual Total Time": 0.045,"Actual Rows": 1,"Actual Loops": 3,"Filter": "(r_name = 'EUROPE'::bpchar)","Rows Removed by Filter": 4,"Workers": []}]}]}]}]},{"Node Type": "Index Scan","Parent Relationship": "Inner","Parallel Aware": false,"Async Capable": false,"Scan Direction": "Forward","Index Name": "idx_orders_custkey","Relation Name": "orders","Alias": "orders","Startup Cost": 0.43,"Total Cost": 1.55,"Plan Rows": 3,"Plan Width": 8,"Actual Startup Time": 0.017,"Actual Total Time": 0.040,"Actual Rows": 2,"Actual Loops": 30197,"Index Cond": "(o_custkey = customer.c_custkey)","Rows Removed by Index Recheck": 0,"Filter": "((o_orderdate >= '1994-01-01'::date) AND (o_orderdate < '1995-01-01 00:00:00'::timestamp without time zone))","Rows Removed by Filter": 9,"Workers": []}]},{"Node Type": "Index Scan","Parent Relationship": "Inner","Parallel Aware": false,"Async Capable": false,"Scan Direction": "Forward","Index Name": "idx_lineitem_orderkey","Relation Name": "lineitem","Alias": "lineitem","Startup Cost": 0.43,"Total Cost": 2.84,"Plan Rows": 17,"Plan Width": 20,"Actual Startup Time": 0.017,"Actual Total Time": 0.019,"Actual Rows": 4,"Actual Loops": 46093,"Index Cond": "(l_orderkey = orders.o_orderkey)","Rows Removed by Index Recheck": 0,"Workers": []}]},{"Node Type": "Hash","Parent Relationship": "Inner","Parallel Aware": false,"Async Capable": false,"Startup Cost": 322.00,"Total Cost": 322.00,"Plan Rows": 10000,"Plan Width": 8,"Actual Startup Time": 10.479,"Actual Total Time": 10.484,"Actual Rows": 10000,"Actual Loops": 3,"Hash Buckets": 16384,"Original Hash Buckets": 16384,"Hash Batches": 1,"Original Hash Batches": 1,"Peak Memory Usage": 519,"Workers": [],"Plans": [{"Node Type": "Seq Scan","Parent Relationship": "Outer","Parallel Aware": false,"Async Capable": false,"Relation Name": "supplier","Alias": "supplier","Startup Cost": 0.00,"Total Cost": 322.00,"Plan Rows": 10000,"Plan Width": 8,"Actual Startup Time": 0.042,"Actual Total Time": 8.711,"Actual Rows": 10000,"Actual Loops": 3,"Workers": []}]}]}]}]}]}]}]},"Planning Time": 9.647,"Triggers": [],"Execution Time": 867.883}]
[{"Plan": {"Node Type": "Sort","Parallel Aware": false,"Async Capable": false,"Startup Cost": 21616.39,"Total Cost": 21616.45,"Plan Rows": 25,"Plan Width": 136,"Actual Startup Time": 802.725,"Actual Total Time": 834.940,"Actual Rows": 5,"Actual Loops": 1,"Sort Key": ["(sum((lineitem.l_extendedprice * ('1'::numeric - lineitem.l_discount)))) DESC"],"Sort Method": "quicksort","Sort Space Used": 25,"Sort Space Type": "Memory","Plans": [{"Node Type": "Aggregate","Strategy": "Sorted","Partial Mode": "Finalize","Parent Relationship": "Outer","Parallel Aware": false,"Async Capable": false,"Startup Cost": 21601.33,"Total Cost": 21615.81,"Plan Rows": 25,"Plan Width": 136,"Actual Startup Time": 802.089,"Actual Total Time": 834.889,"Actual Rows": 5,"Actual Loops": 1,"Group Key": ["nation.n_name"],"Plans": [{"Node Type": "Gather Merge","Parent Relationship": "Outer","Parallel Aware": false,"Async Capable": false,"Startup Cost": 21601.33,"Total Cost": 21615.12,"Plan Rows": 50,"Plan Width": 136,"Actual Startup Time": 801.869,"Actual Total Time": 834.838,"Actual Rows": 15,"Actual Loops": 1,"Workers Planned": 2,"Workers Launched": 2,"Plans": [{"Node Type": "Aggregate","Strategy": "Sorted","Partial Mode": "Partial","Parent Relationship": "Outer","Parallel Aware": false,"Async Capable": false,"Startup Cost": 20601.30,"Total Cost": 20609.33,"Plan Rows": 25,"Plan Width": 136,"Actual Startup Time": 794.218,"Actual Total Time": 794.940,"Actual Rows": 5,"Actual Loops": 3,"Group Key": ["nation.n_name"],"Workers": [],"Plans": [{"Node Type": "Sort","Parent Relationship": "Outer","Parallel Aware": false,"Async Capable": false,"Startup Cost": 20601.30,"Total Cost": 20602.85,"Plan Rows": 617,"Plan Width": 116,"Actual Startup Time": 793.996,"Actual Total Time": 794.120,"Actual Rows": 2469,"Actual Loops": 3,"Sort Key": ["nation.n_name"],"Sort Method": "quicksort","Sort Space Used": 296,"Sort Space Type": "Memory","Workers": [{"Worker Number": 0,"Sort Method": "quicksort","Sort Space Used": 284,"Sort Space Type": "Memory"},{"Worker Number": 1,"Sort Method": "quicksort","Sort Space Used": 288,"Sort Space Type": "Memory"}],"Plans": [{"Node Type": "Hash Join","Parent Relationship": "Outer","Parallel Aware": false,"Async Capable": false,"Join Type": "Inner","Startup Cost": 475.27,"Total Cost": 20572.71,"Plan Rows": 617,"Plan Width": 116,"Actual Startup Time": 14.848,"Actual Total Time": 792.432,"Actual Rows": 2469,"Actual Loops": 3,"Inner Unique": true,"Hash Cond": "((lineitem.l_suppkey = supplier.s_suppkey) AND (customer.c_nationkey = supplier.s_nationkey))","Workers": [],"Plans": [{"Node Type": "Nested Loop","Parent Relationship": "Outer","Parallel Aware": false,"Async Capable": false,"Join Type": "Inner","Startup Cost": 3.27,"Total Cost": 20019.70,"Plan Rows": 15431,"Plan Width": 128,"Actual Startup Time": 0.724,"Actual Total Time": 746.203,"Actual Rows": 60646,"Actual Loops": 3,"Inner Unique": false,"Workers": [],"Plans": [{"Node Type": "Nested Loop","Parent Relationship": "Outer","Parallel Aware": false,"Async Capable": false,"Join Type": "Inner","Startup Cost": 2.84,"Total Cost": 8414.26,"Plan Rows": 3857,"Plan Width": 116,"Actual Startup Time": 0.603,"Actual Total Time": 446.704,"Actual Rows": 15077,"Actual Loops": 3,"Inner Unique": false,"Workers": [],"Plans": [{"Node Type": "Hash Join","Parent Relationship": "Outer","Parallel Aware": false,"Async Capable": false,"Join Type": "Inner","Startup Cost": 2.41,"Total Cost": 4471.79,"Plan Rows": 2500,"Plan Width": 116,"Actual Startup Time": 0.232,"Actual Total Time": 54.148,"Actual Rows": 9968,"Actual Loops": 3,"Inner Unique": false,"Hash Cond": "(customer.c_nationkey = nation.n_nationkey)","Workers": [],"Plans": [{"Node Type": "Seq Scan","Parent Relationship": "Outer","Parallel Aware": true,"Async Capable": false,"Relation Name": "customer","Alias": "customer","Startup Cost": 0.00,"Total Cost": 4210.00,"Plan Rows": 62500,"Plan Width": 8,"Actual Startup Time": 0.016,"Actual Total Time": 9.432,"Actual Rows": 50000,"Actual Loops": 3,"Workers": []},{"Node Type": "Hash","Parent Relationship": "Inner","Parallel Aware": false,"Async Capable": false,"Startup Cost": 2.40,"Total Cost": 2.40,"Plan Rows": 1,"Plan Width": 108,"Actual Startup Time": 0.135,"Actual Total Time": 0.148,"Actual Rows": 5,"Actual Loops": 3,"Hash Buckets": 1024,"Original Hash Buckets": 1024,"Hash Batches": 1,"Original Hash Batches": 1,"Peak Memory Usage": 9,"Workers": [],"Plans": [{"Node Type": "Hash Join","Parent Relationship": "Outer","Parallel Aware": false,"Async Capable": false,"Join Type": "Inner","Startup Cost": 1.07,"Total Cost": 2.40,"Plan Rows": 1,"Plan Width": 108,"Actual Startup Time": 0.120,"Actual Total Time": 0.140,"Actual Rows": 5,"Actual Loops": 3,"Inner Unique": true,"Hash Cond": "(nation.n_regionkey = region.r_regionkey)","Workers": [],"Plans": [{"Node Type": "Seq Scan","Parent Relationship": "Outer","Parallel Aware": false,"Async Capable": false,"Relation Name": "nation","Alias": "nation","Startup Cost": 0.00,"Total Cost": 1.25,"Plan Rows": 25,"Plan Width": 112,"Actual Startup Time": 0.048,"Actual Total Time": 0.052,"Actual Rows": 25,"Actual Loops": 3,"Workers": []},{"Node Type": "Hash","Parent Relationship": "Inner","Parallel Aware": false,"Async Capable": false,"Startup Cost": 1.06,"Total Cost": 1.06,"Plan Rows": 1,"Plan Width": 4,"Actual Startup Time": 0.046,"Actual Total Time": 0.050,"Actual Rows": 1,"Actual Loops": 3,"Hash Buckets": 1024,"Original Hash Buckets": 1024,"Hash Batches": 1,"Original Hash Batches": 1,"Peak Memory Usage": 9,"Workers": [],"Plans": [{"Node Type": "Seq Scan","Parent Relationship": "Outer","Parallel Aware": false,"Async Capable": false,"Relation Name": "region","Alias": "region","Startup Cost": 0.00,"Total Cost": 1.06,"Plan Rows": 1,"Plan Width": 4,"Actual Startup Time": 0.033,"Actual Total Time": 0.035,"Actual Rows": 1,"Actual Loops": 3,"Filter": "(r_name = 'MIDDLE EAST'::bpchar)","Rows Removed by Filter": 4,"Workers": []}]}]}]}]},{"Node Type": "Index Scan","Parent Relationship": "Inner","Parallel Aware": false,"Async Capable": false,"Scan Direction": "Forward","Index Name": "idx_orders_custkey","Relation Name": "orders","Alias": "orders","Startup Cost": 0.43,"Total Cost": 1.55,"Plan Rows": 3,"Plan Width": 8,"Actual Startup Time": 0.017,"Actual Total Time": 0.039,"Actual Rows": 2,"Actual Loops": 29904,"Index Cond": "(o_custkey = customer.c_custkey)","Rows Removed by Index Recheck": 0,"Filter": "((o_orderdate >= '1996-01-01'::date) AND (o_orderdate < '1997-01-01 00:00:00'::timestamp without time zone))","Rows Removed by Filter": 8,"Workers": []}]},{"Node Type": "Index Scan","Parent Relationship": "Inner","Parallel Aware": false,"Async Capable": false,"Scan Direction": "Forward","Index Name": "idx_lineitem_orderkey","Relation Name": "lineitem","Alias": "lineitem","Startup Cost": 0.43,"Total Cost": 2.84,"Plan Rows": 17,"Plan Width": 20,"Actual Startup Time": 0.016,"Actual Total Time": 0.019,"Actual Rows": 4,"Actual Loops": 45231,"Index Cond": "(l_orderkey = orders.o_orderkey)","Rows Removed by Index Recheck": 0,"Workers": []}]},{"Node Type": "Hash","Parent Relationship": "Inner","Parallel Aware": false,"Async Capable": false,"Startup Cost": 322.00,"Total Cost": 322.00,"Plan Rows": 10000,"Plan Width": 8,"Actual Startup Time": 13.111,"Actual Total Time": 13.116,"Actual Rows": 10000,"Actual Loops": 3,"Hash Buckets": 16384,"Original Hash Buckets": 16384,"Hash Batches": 1,"Original Hash Batches": 1,"Peak Memory Usage": 519,"Workers": [],"Plans": [{"Node Type": "Seq Scan","Parent Relationship": "Outer","Parallel Aware": false,"Async Capable": false,"Relation Name": "supplier","Alias": "supplier","Startup Cost": 0.00,"Total Cost": 322.00,"Plan Rows": 10000,"Plan Width": 8,"Actual Startup Time": 0.041,"Actual Total Time": 11.446,"Actual Rows": 10000,"Actual Loops": 3,"Workers": []}]}]}]}]}]}]}]},"Planning Time": 10.334,"Triggers": [],"Execution Time": 835.373}]
[{"Plan": {"Node Type": "Sort","Parallel Aware": false,"Async Capable": false,"Startup Cost": 21616.39,"Total Cost": 21616.45,"Plan Rows": 25,"Plan Width": 136,"Actual Startup Time": 804.800,"Actual Total Time": 836.793,"Actual Rows": 5,"Actual Loops": 1,"Sort Key": ["(sum((lineitem.l_extendedprice * ('1'::numeric - lineitem.l_discount)))) DESC"],"Sort Method": "quicksort","Sort Space Used": 25,"Sort Space Type": "Memory","Plans": [{"Node Type": "Aggregate","Strategy": "Sorted","Partial Mode": "Finalize","Parent Relationship": "Outer","Parallel Aware": false,"Async Capable": false,"Startup Cost": 21601.33,"Total Cost": 21615.81,"Plan Rows": 25,"Plan Width": 136,"Actual Startup Time": 804.196,"Actual Total Time": 836.738,"Actual Rows": 5,"Actual Loops": 1,"Group Key": ["nation.n_name"],"Plans": [{"Node Type": "Gather Merge","Parent Relationship": "Outer","Parallel Aware": false,"Async Capable": false,"Startup Cost": 21601.33,"Total Cost": 21615.12,"Plan Rows": 50,"Plan Width": 136,"Actual Startup Time": 803.537,"Actual Total Time": 836.675,"Actual Rows": 15,"Actual Loops": 1,"Workers Planned": 2,"Workers Launched": 2,"Plans": [{"Node Type": "Aggregate","Strategy": "Sorted","Partial Mode": "Partial","Parent Relationship": "Outer","Parallel Aware": false,"Async Capable": false,"Startup Cost": 20601.30,"Total Cost": 20609.33,"Plan Rows": 25,"Plan Width": 136,"Actual Startup Time": 795.499,"Actual Total Time": 796.369,"Actual Rows": 5,"Actual Loops": 3,"Group Key": ["nation.n_name"],"Workers": [],"Plans": [{"Node Type": "Sort","Parent Relationship": "Outer","Parallel Aware": false,"Async Capable": false,"Startup Cost": 20601.30,"Total Cost": 20602.85,"Plan Rows": 617,"Plan Width": 116,"Actual Startup Time": 795.285,"Actual Total Time": 795.436,"Actual Rows": 2498,"Actual Loops": 3,"Sort Key": ["nation.n_name"],"Sort Method": "quicksort","Sort Space Used": 299,"Sort Space Type": "Memory","Workers": [{"Worker Number": 0,"Sort Method": "quicksort","Sort Space Used": 291,"Sort Space Type": "Memory"},{"Worker Number": 1,"Sort Method": "quicksort","Sort Space Used": 284,"Sort Space Type": "Memory"}],"Plans": [{"Node Type": "Hash Join","Parent Relationship": "Outer","Parallel Aware": false,"Async Capable": false,"Join Type": "Inner","Startup Cost": 475.27,"Total Cost": 20572.71,"Plan Rows": 617,"Plan Width": 116,"Actual Startup Time": 14.014,"Actual Total Time": 793.817,"Actual Rows": 2498,"Actual Loops": 3,"Inner Unique": true,"Hash Cond": "((lineitem.l_suppkey = supplier.s_suppkey) AND (customer.c_nationkey = supplier.s_nationkey))","Workers": [],"Plans": [{"Node Type": "Nested Loop","Parent Relationship": "Outer","Parallel Aware": false,"Async Capable": false,"Join Type": "Inner","Startup Cost": 3.27,"Total Cost": 20019.70,"Plan Rows": 15431,"Plan Width": 128,"Actual Startup Time": 0.837,"Actual Total Time": 749.002,"Actual Rows": 60742,"Actual Loops": 3,"Inner Unique": false,"Workers": [],"Plans": [{"Node Type": "Nested Loop","Parent Relationship": "Outer","Parallel Aware": false,"Async Capable": false,"Join Type": "Inner","Startup Cost": 2.84,"Total Cost": 8414.26,"Plan Rows": 3857,"Plan Width": 116,"Actual Startup Time": 0.706,"Actual Total Time": 447.815,"Actual Rows": 15183,"Actual Loops": 3,"Inner Unique": false,"Workers": [],"Plans": [{"Node Type": "Hash Join","Parent Relationship": "Outer","Parallel Aware": false,"Async Capable": false,"Join Type": "Inner","Startup Cost": 2.41,"Total Cost": 4471.79,"Plan Rows": 2500,"Plan Width": 116,"Actual Startup Time": 0.258,"Actual Total Time": 55.848,"Actual Rows": 9984,"Actual Loops": 3,"Inner Unique": false,"Hash Cond": "(customer.c_nationkey = nation.n_nationkey)","Workers": [],"Plans": [{"Node Type": "Seq Scan","Parent Relationship": "Outer","Parallel Aware": true,"Async Capable": false,"Relation Name": "customer","Alias": "customer","Startup Cost": 0.00,"Total Cost": 4210.00,"Plan Rows": 62500,"Plan Width": 8,"Actual Startup Time": 0.017,"Actual Total Time": 9.503,"Actual Rows": 50000,"Actual Loops": 3,"Workers": []},{"Node Type": "Hash","Parent Relationship": "Inner","Parallel Aware": false,"Async Capable": false,"Startup Cost": 2.40,"Total Cost": 2.40,"Plan Rows": 1,"Plan Width": 108,"Actual Startup Time": 0.153,"Actual Total Time": 0.178,"Actual Rows": 5,"Actual Loops": 3,"Hash Buckets": 1024,"Original Hash Buckets": 1024,"Hash Batches": 1,"Original Hash Batches": 1,"Peak Memory Usage": 9,"Workers": [],"Plans": [{"Node Type": "Hash Join","Parent Relationship": "Outer","Parallel Aware": false,"Async Capable": false,"Join Type": "Inner","Startup Cost": 1.07,"Total Cost": 2.40,"Plan Rows": 1,"Plan Width": 108,"Actual Startup Time": 0.136,"Actual Total Time": 0.167,"Actual Rows": 5,"Actual Loops": 3,"Inner Unique": true,"Hash Cond": "(nation.n_regionkey = region.r_regionkey)","Workers": [],"Plans": [{"Node Type": "Seq Scan","Parent Relationship": "Outer","Parallel Aware": false,"Async Capable": false,"Relation Name": "nation","Alias": "nation","Startup Cost": 0.00,"Total Cost": 1.25,"Plan Rows": 25,"Plan Width": 112,"Actual Startup Time": 0.055,"Actual Total Time": 0.059,"Actual Rows": 25,"Actual Loops": 3,"Workers": []},{"Node Type": "Hash","Parent Relationship": "Inner","Parallel Aware": false,"Async Capable": false,"Startup Cost": 1.06,"Total Cost": 1.06,"Plan Rows": 1,"Plan Width": 4,"Actual Startup Time": 0.050,"Actual Total Time": 0.057,"Actual Rows": 1,"Actual Loops": 3,"Hash Buckets": 1024,"Original Hash Buckets": 1024,"Hash Batches": 1,"Original Hash Batches": 1,"Peak Memory Usage": 9,"Workers": [],"Plans": [{"Node Type": "Seq Scan","Parent Relationship": "Outer","Parallel Aware": false,"Async Capable": false,"Relation Name": "region","Alias": "region","Startup Cost": 0.00,"Total Cost": 1.06,"Plan Rows": 1,"Plan Width": 4,"Actual Startup Time": 0.036,"Actual Total Time": 0.039,"Actual Rows": 1,"Actual Loops": 3,"Filter": "(r_name = 'AMERICA'::bpchar)","Rows Removed by Filter": 4,"Workers": []}]}]}]}]},{"Node Type": "Index Scan","Parent Relationship": "Inner","Parallel Aware": false,"Async Capable": false,"Scan Direction": "Forward","Index Name": "idx_orders_custkey","Relation Name": "orders","Alias": "orders","Startup Cost": 0.43,"Total Cost": 1.55,"Plan Rows": 3,"Plan Width": 8,"Actual Startup Time": 0.017,"Actual Total Time": 0.039,"Actual Rows": 2,"Actual Loops": 29952,"Index Cond": "(o_custkey = customer.c_custkey)","Rows Removed by Index Recheck": 0,"Filter": "((o_orderdate >= '1996-01-01'::date) AND (o_orderdate < '1997-01-01 00:00:00'::timestamp without time zone))","Rows Removed by Filter": 8,"Workers": []}]},{"Node Type": "Index Scan","Parent Relationship": "Inner","Parallel Aware": false,"Async Capable": false,"Scan Direction": "Forward","Index Name": "idx_lineitem_orderkey","Relation Name": "lineitem","Alias": "lineitem","Startup Cost": 0.43,"Total Cost": 2.84,"Plan Rows": 17,"Plan Width": 20,"Actual Startup Time": 0.016,"Actual Total Time": 0.019,"Actual Rows": 4,"Actual Loops": 45549,"Index Cond": "(l_orderkey = orders.o_orderkey)","Rows Removed by Index Recheck": 0,"Workers": []}]},{"Node Type": "Hash","Parent Relationship": "Inner","Parallel Aware": false,"Async Capable": false,"Startup Cost": 322.00,"Total Cost": 322.00,"Plan Rows": 10000,"Plan Width": 8,"Actual Startup Time": 12.297,"Actual Total Time": 12.301,"Actual Rows": 10000,"Actual Loops": 3,"Hash Buckets": 16384,"Original Hash Buckets": 16384,"Hash Batches": 1,"Original Hash Batches": 1,"Peak Memory Usage": 519,"Workers": [],"Plans": [{"Node Type": "Seq Scan","Parent Relationship": "Outer","Parallel Aware": false,"Async Capable": false,"Relation Name": "supplier","Alias": "supplier","Startup Cost": 0.00,"Total Cost": 322.00,"Plan Rows": 10000,"Plan Width": 8,"Actual Startup Time": 0.045,"Actual Total Time": 10.666,"Actual Rows": 10000,"Actual Loops": 3,"Workers": []}]}]}]}]}]}]}]},"Planning Time": 9.455,"Triggers": [],"Execution Time": 837.268}]
[{"Plan": {"Node Type": "Sort","Parallel Aware": false,"Async Capable": false,"Startup Cost": 21616.39,"Total Cost": 21616.45,"Plan Rows": 25,"Plan Width": 136,"Actual Startup Time": 804.800,"Actual Total Time": 836.793,"Actual Rows": 5,"Actual Loops": 1,"Sort Key": ["(sum((lineitem.l_extendedprice * ('1'::numeric - lineitem.l_discount)))) DESC"],"Sort Method": "quicksort","Sort Space Used": 25,"Sort Space Type": "Memory","Plans": [{"Node Type": "Aggregate","Strategy": "Sorted","Partial Mode": "Finalize","Parent Relationship": "Outer","Parallel Aware": false,"Async Capable": false,"Startup Cost": 21601.33,"Total Cost": 21615.81,"Plan Rows": 25,"Plan Width": 136,"Actual Startup Time": 804.196,"Actual Total Time": 836.738,"Actual Rows": 5,"Actual Loops": 1,"Group Key": ["nation.n_name"],"Plans": [{"Node Type": "Gather Merge","Parent Relationship": "Outer","Parallel Aware": false,"Async Capable": false,"Startup Cost": 21601.33,"Total Cost": 21615.12,"Plan Rows": 50,"Plan Width": 136,"Actual Startup Time": 803.537,"Actual Total Time": 836.675,"Actual Rows": 15,"Actual Loops": 1,"Workers Planned": 2,"Workers Launched": 2,"Plans": [{"Node Type": "Aggregate","Strategy": "Sorted","Partial Mode": "Partial","Parent Relationship": "Outer","Parallel Aware": false,"Async Capable": false,"Startup Cost": 20601.30,"Total Cost": 20609.33,"Plan Rows": 25,"Plan Width": 136,"Actual Startup Time": 795.499,"Actual Total Time": 796.369,"Actual Rows": 5,"Actual Loops": 3,"Group Key": ["nation.n_name"],"Workers": [],"Plans": [{"Node Type": "Sort","Parent Relationship": "Outer","Parallel Aware": false,"Async Capable": false,"Startup Cost": 20601.30,"Total Cost": 20602.85,"Plan Rows": 617,"Plan Width": 116,"Actual Startup Time": 795.285,"Actual Total Time": 795.436,"Actual Rows": 2498,"Actual Loops": 3,"Sort Key": ["nation.n_name"],"Sort Method": "quicksort","Sort Space Used": 299,"Sort Space Type": "Memory","Workers": [{"Worker Number": 0,"Sort Method": "quicksort","Sort Space Used": 291,"Sort Space Type": "Memory"},{"Worker Number": 1,"Sort Method": "quicksort","Sort Space Used": 284,"Sort Space Type": "Memory"}],"Plans": [{"Node Type": "Hash Join","Parent Relationship": "Outer","Parallel Aware": false,"Async Capable": false,"Join Type": "Inner","Startup Cost": 475.27,"Total Cost": 20572.71,"Plan Rows": 617,"Plan Width": 116,"Actual Startup Time": 14.014,"Actual Total Time": 793.817,"Actual Rows": 2498,"Actual Loops": 3,"Inner Unique": true,"Hash Cond": "((lineitem.l_suppkey = supplier.s_suppkey) AND (customer.c_nationkey = supplier.s_nationkey))","Workers": [],"Plans": [{"Node Type": "Nested Loop","Parent Relationship": "Outer","Parallel Aware": false,"Async Capable": false,"Join Type": "Inner","Startup Cost": 3.27,"Total Cost": 20019.70,"Plan Rows": 15431,"Plan Width": 128,"Actual Startup Time": 0.837,"Actual Total Time": 749.002,"Actual Rows": 60742,"Actual Loops": 3,"Inner Unique": false,"Workers": [],"Plans": [{"Node Type": "Nested Loop","Parent Relationship": "Outer","Parallel Aware": false,"Async Capable": false,"Join Type": "Inner","Startup Cost": 2.84,"Total Cost": 8414.26,"Plan Rows": 3857,"Plan Width": 116,"Actual Startup Time": 0.706,"Actual Total Time": 447.815,"Actual Rows": 15183,"Actual Loops": 3,"Inner Unique": false,"Workers": [],"Plans": [{"Node Type": "Hash Join","Parent Relationship": "Outer","Parallel Aware": false,"Async Capable": false,"Join Type": "Inner","Startup Cost": 2.41,"Total Cost": 4471.79,"Plan Rows": 2500,"Plan Width": 116,"Actual Startup Time": 0.258,"Actual Total Time": 55.848,"Actual Rows": 9984,"Actual Loops": 3,"Inner Unique": false,"Hash Cond": "(customer.c_nationkey = nation.n_nationkey)","Workers": [],"Plans": [{"Node Type": "Seq Scan","Parent Relationship": "Outer","Parallel Aware": true,"Async Capable": false,"Relation Name": "customer","Alias": "customer","Startup Cost": 0.00,"Total Cost": 4210.00,"Plan Rows": 62500,"Plan Width": 8,"Actual Startup Time": 0.017,"Actual Total Time": 9.503,"Actual Rows": 50000,"Actual Loops": 3,"Workers": []},{"Node Type": "Hash","Parent Relationship": "Inner","Parallel Aware": false,"Async Capable": false,"Startup Cost": 2.40,"Total Cost": 2.40,"Plan Rows": 1,"Plan Width": 108,"Actual Startup Time": 0.153,"Actual Total Time": 0.178,"Actual Rows": 5,"Actual Loops": 3,"Hash Buckets": 1024,"Original Hash Buckets": 1024,"Hash Batches": 1,"Original Hash Batches": 1,"Peak Memory Usage": 9,"Workers": [],"Plans": [{"Node Type": "Hash Join","Parent Relationship": "Outer","Parallel Aware": false,"Async Capable": false,"Join Type": "Inner","Startup Cost": 1.07,"Total Cost": 2.40,"Plan Rows": 1,"Plan Width": 108,"Actual Startup Time": 0.136,"Actual Total Time": 0.167,"Actual Rows": 5,"Actual Loops": 3,"Inner Unique": true,"Hash Cond": "(nation.n_regionkey = region.r_regionkey)","Workers": [],"Plans": [{"Node Type": "Seq Scan","Parent Relationship": "Outer","Parallel Aware": false,"Async Capable": false,"Relation Name": "nation","Alias": "nation","Startup Cost": 0.00,"Total Cost": 1.25,"Plan Rows": 25,"Plan Width": 112,"Actual Startup Time": 0.055,"Actual Total Time": 0.059,"Actual Rows": 25,"Actual Loops": 3,"Workers": []},{"Node Type": "Hash","Parent Relationship": "Inner","Parallel Aware": false,"Async Capable": false,"Startup Cost": 1.06,"Total Cost": 1.06,"Plan Rows": 1,"Plan Width": 4,"Actual Startup Time": 0.050,"Actual Total Time": 0.057,"Actual Rows": 1,"Actual Loops": 3,"Hash Buckets": 1024,"Original Hash Buckets": 1024,"Hash Batches": 1,"Original Hash Batches": 1,"Peak Memory Usage": 9,"Workers": [],"Plans": [{"Node Type": "Seq Scan","Parent Relationship": "Outer","Parallel Aware": false,"Async Capable": false,"Relation Name": "region","Alias": "region","Startup Cost": 0.00,"Total Cost": 1.06,"Plan Rows": 1,"Plan Width": 4,"Actual Startup Time": 0.036,"Actual Total Time": 0.039,"Actual Rows": 1,"Actual Loops": 3,"Filter": "(r_name = 'AMERICA'::bpchar)","Rows Removed by Filter": 4,"Workers": []}]}]}]}]},{"Node Type": "Index Scan","Parent Relationship": "Inner","Parallel Aware": false,"Async Capable": false,"Scan Direction": "Forward","Index Name": "idx_orders_custkey","Relation Name": "orders","Alias": "orders","Startup Cost": 0.43,"Total Cost": 1.55,"Plan Rows": 3,"Plan Width": 8,"Actual Startup Time": 0.017,"Actual Total Time": 0.039,"Actual Rows": 2,"Actual Loops": 29952,"Index Cond": "(o_custkey = customer.c_custkey)","Rows Removed by Index Recheck": 0,"Filter": "((o_orderdate >= '1996-01-01'::date) AND (o_orderdate < '1997-01-01 00:00:00'::timestamp without time zone))","Rows Removed by Filter": 8,"Workers": []}]},{"Node Type": "Index Scan","Parent Relationship": "Inner","Parallel Aware": false,"Async Capable": false,"Scan Direction": "Forward","Index Name": "idx_lineitem_orderkey","Relation Name": "lineitem","Alias": "lineitem","Startup Cost": 0.43,"Total Cost": 2.84,"Plan Rows": 17,"Plan Width": 20,"Actual Startup Time": 0.016,"Actual Total Time": 0.019,"Actual Rows": 4,"Actual Loops": 45549,"Index Cond": "(l_orderkey = orders.o_orderkey)","Rows Removed by Index Recheck": 0,"Workers": []}]},{"Node Type": "Hash","Parent Relationship": "Inner","Parallel Aware": false,"Async Capable": false,"Startup Cost": 322.00,"Total Cost": 322.00,"Plan Rows": 10000,"Plan Width": 8,"Actual Startup Time": 12.297,"Actual Total Time": 12.301,"Actual Rows": 10000,"Actual Loops": 3,"Hash Buckets": 16384,"Original Hash Buckets": 16384,"Hash Batches": 1,"Original Hash Batches": 1,"Peak Memory Usage": 519,"Workers": [],"Plans": [{"Node Type": "Seq Scan","Parent Relationship": "Outer","Parallel Aware": false,"Async Capable": false,"Relation Name": "supplier","Alias": "supplier","Startup Cost": 0.00,"Total Cost": 322.00,"Plan Rows": 10000,"Plan Width": 8,"Actual Startup Time": 0.045,"Actual Total Time": 10.666,"Actual Rows": 10000,"Actual Loops": 3,"Workers": []}]}]}]}]}]}]}]},"Planning Time": 9.455,"Triggers": [],"Execution Time": 837.268}]
[{"Plan": {"Node Type": "Sort","Parallel Aware": false,"Async Capable": false,"Startup Cost": 21522.30,"Total Cost": 21522.36,"Plan Rows": 25,"Plan Width": 136,"Actual Startup Time": 808.723,"Actual Total Time": 839.996,"Actual Rows": 5,"Actual Loops": 1,"Sort Key": ["(sum((lineitem.l_extendedprice * ('1'::numeric - lineitem.l_discount)))) DESC"],"Sort Method": "quicksort","Sort Space Used": 25,"Sort Space Type": "Memory","Plans": [{"Node Type": "Aggregate","Strategy": "Sorted","Partial Mode": "Finalize","Parent Relationship": "Outer","Parallel Aware": false,"Async Capable": false,"Startup Cost": 21507.43,"Total Cost": 21521.72,"Plan Rows": 25,"Plan Width": 136,"Actual Startup Time": 808.168,"Actual Total Time": 839.947,"Actual Rows": 5,"Actual Loops": 1,"Group Key": ["nation.n_name"],"Plans": [{"Node Type": "Gather Merge","Parent Relationship": "Outer","Parallel Aware": false,"Async Capable": false,"Startup Cost": 21507.43,"Total Cost": 21521.03,"Plan Rows": 50,"Plan Width": 136,"Actual Startup Time": 807.495,"Actual Total Time": 839.892,"Actual Rows": 15,"Actual Loops": 1,"Workers Planned": 2,"Workers Launched": 2,"Plans": [{"Node Type": "Aggregate","Strategy": "Sorted","Partial Mode": "Partial","Parent Relationship": "Outer","Parallel Aware": false,"Async Capable": false,"Startup Cost": 20507.41,"Total Cost": 20515.23,"Plan Rows": 25,"Plan Width": 136,"Actual Startup Time": 799.534,"Actual Total Time": 800.383,"Actual Rows": 5,"Actual Loops": 3,"Group Key": ["nation.n_name"],"Workers": [],"Plans": [{"Node Type": "Sort","Parent Relationship": "Outer","Parallel Aware": false,"Async Capable": false,"Startup Cost": 20507.41,"Total Cost": 20508.91,"Plan Rows": 601,"Plan Width": 116,"Actual Startup Time": 799.319,"Actual Total Time": 799.466,"Actual Rows": 2431,"Actual Loops": 3,"Sort Key": ["nation.n_name"],"Sort Method": "quicksort","Sort Space Used": 290,"Sort Space Type": "Memory","Workers": [{"Worker Number": 0,"Sort Method": "quicksort","Sort Space Used": 286,"Sort Space Type": "Memory"},{"Worker Number": 1,"Sort Method": "quicksort","Sort Space Used": 283,"Sort Space Type": "Memory"}],"Plans": [{"Node Type": "Hash Join","Parent Relationship": "Outer","Parallel Aware": false,"Async Capable": false,"Join Type": "Inner","Startup Cost": 475.27,"Total Cost": 20479.67,"Plan Rows": 601,"Plan Width": 116,"Actual Startup Time": 15.141,"Actual Total Time": 797.817,"Actual Rows": 2431,"Actual Loops": 3,"Inner Unique": true,"Hash Cond": "((lineitem.l_suppkey = supplier.s_suppkey) AND (customer.c_nationkey = supplier.s_nationkey))","Workers": [],"Plans": [{"Node Type": "Nested Loop","Parent Relationship": "Outer","Parallel Aware": false,"Async Capable": false,"Join Type": "Inner","Startup Cost": 3.27,"Total Cost": 19928.78,"Plan Rows": 15027,"Plan Width": 128,"Actual Startup Time": 0.731,"Actual Total Time": 752.135,"Actual Rows": 59947,"Actual Loops": 3,"Inner Unique": false,"Workers": [],"Plans": [{"Node Type": "Nested Loop","Parent Relationship": "Outer","Parallel Aware": false,"Async Capable": false,"Join Type": "Inner","Startup Cost": 2.84,"Total Cost": 8414.26,"Plan Rows": 3756,"Plan Width": 116,"Actual Startup Time": 0.592,"Actual Total Time": 450.459,"Actual Rows": 14972,"Actual Loops": 3,"Inner Unique": false,"Workers": [],"Plans": [{"Node Type": "Hash Join","Parent Relationship": "Outer","Parallel Aware": false,"Async Capable": false,"Join Type": "Inner","Startup Cost": 2.41,"Total Cost": 4471.79,"Plan Rows": 2500,"Plan Width": 116,"Actual Startup Time": 0.291,"Actual Total Time": 55.680,"Actual Rows": 9968,"Actual Loops": 3,"Inner Unique": false,"Hash Cond": "(customer.c_nationkey = nation.n_nationkey)","Workers": [],"Plans": [{"Node Type": "Seq Scan","Parent Relationship": "Outer","Parallel Aware": true,"Async Capable": false,"Relation Name": "customer","Alias": "customer","Startup Cost": 0.00,"Total Cost": 4210.00,"Plan Rows": 62500,"Plan Width": 8,"Actual Startup Time": 0.021,"Actual Total Time": 9.583,"Actual Rows": 50000,"Actual Loops": 3,"Workers": []},{"Node Type": "Hash","Parent Relationship": "Inner","Parallel Aware": false,"Async Capable": false,"Startup Cost": 2.40,"Total Cost": 2.40,"Plan Rows": 1,"Plan Width": 108,"Actual Startup Time": 0.165,"Actual Total Time": 0.187,"Actual Rows": 5,"Actual Loops": 3,"Hash Buckets": 1024,"Original Hash Buckets": 1024,"Hash Batches": 1,"Original Hash Batches": 1,"Peak Memory Usage": 9,"Workers": [],"Plans": [{"Node Type": "Hash Join","Parent Relationship": "Outer","Parallel Aware": false,"Async Capable": false,"Join Type": "Inner","Startup Cost": 1.07,"Total Cost": 2.40,"Plan Rows": 1,"Plan Width": 108,"Actual Startup Time": 0.151,"Actual Total Time": 0.177,"Actual Rows": 5,"Actual Loops": 3,"Inner Unique": true,"Hash Cond": "(nation.n_regionkey = region.r_regionkey)","Workers": [],"Plans": [{"Node Type": "Seq Scan","Parent Relationship": "Outer","Parallel Aware": false,"Async Capable": false,"Relation Name": "nation","Alias": "nation","Startup Cost": 0.00,"Total Cost": 1.25,"Plan Rows": 25,"Plan Width": 112,"Actual Startup Time": 0.067,"Actual Total Time": 0.072,"Actual Rows": 25,"Actual Loops": 3,"Workers": []},{"Node Type": "Hash","Parent Relationship": "Inner","Parallel Aware": false,"Async Capable": false,"Startup Cost": 1.06,"Total Cost": 1.06,"Plan Rows": 1,"Plan Width": 4,"Actual Startup Time": 0.055,"Actual Total Time": 0.063,"Actual Rows": 1,"Actual Loops": 3,"Hash Buckets": 1024,"Original Hash Buckets": 1024,"Hash Batches": 1,"Original Hash Batches": 1,"Peak Memory Usage": 9,"Workers": [],"Plans": [{"Node Type": "Seq Scan","Parent Relationship": "Outer","Parallel Aware": false,"Async Capable": false,"Relation Name": "region","Alias": "region","Startup Cost": 0.00,"Total Cost": 1.06,"Plan Rows": 1,"Plan Width": 4,"Actual Startup Time": 0.042,"Actual Total Time": 0.044,"Actual Rows": 1,"Actual Loops": 3,"Filter": "(r_name = 'MIDDLE EAST'::bpchar)","Rows Removed by Filter": 4,"Workers": []}]}]}]}]},{"Node Type": "Index Scan","Parent Relationship": "Inner","Parallel Aware": false,"Async Capable": false,"Scan Direction": "Forward","Index Name": "idx_orders_custkey","Relation Name": "orders","Alias": "orders","Startup Cost": 0.43,"Total Cost": 1.55,"Plan Rows": 3,"Plan Width": 8,"Actual Startup Time": 0.017,"Actual Total Time": 0.039,"Actual Rows": 2,"Actual Loops": 29904,"Index Cond": "(o_custkey = customer.c_custkey)","Rows Removed by Index Recheck": 0,"Filter": "((o_orderdate >= '1993-01-01'::date) AND (o_orderdate < '1994-01-01 00:00:00'::timestamp without time zone))","Rows Removed by Filter": 8,"Workers": []}]},{"Node Type": "Index Scan","Parent Relationship": "Inner","Parallel Aware": false,"Async Capable": false,"Scan Direction": "Forward","Index Name": "idx_lineitem_orderkey","Relation Name": "lineitem","Alias": "lineitem","Startup Cost": 0.43,"Total Cost": 2.90,"Plan Rows": 17,"Plan Width": 20,"Actual Startup Time": 0.017,"Actual Total Time": 0.019,"Actual Rows": 4,"Actual Loops": 44917,"Index Cond": "(l_orderkey = orders.o_orderkey)","Rows Removed by Index Recheck": 0,"Workers": []}]},{"Node Type": "Hash","Parent Relationship": "Inner","Parallel Aware": false,"Async Capable": false,"Startup Cost": 322.00,"Total Cost": 322.00,"Plan Rows": 10000,"Plan Width": 8,"Actual Startup Time": 13.351,"Actual Total Time": 13.355,"Actual Rows": 10000,"Actual Loops": 3,"Hash Buckets": 16384,"Original Hash Buckets": 16384,"Hash Batches": 1,"Original Hash Batches": 1,"Peak Memory Usage": 519,"Workers": [],"Plans": [{"Node Type": "Seq Scan","Parent Relationship": "Outer","Parallel Aware": false,"Async Capable": false,"Relation Name": "supplier","Alias": "supplier","Startup Cost": 0.00,"Total Cost": 322.00,"Plan Rows": 10000,"Plan Width": 8,"Actual Startup Time": 0.056,"Actual Total Time": 11.541,"Actual Rows": 10000,"Actual Loops": 3,"Workers": []}]}]}]}]}]}]}]},"Planning Time": 9.915,"Triggers": [],"Execution Time": 840.541}]
[{"Plan": {"Node Type": "Sort","Parallel Aware": false,"Async Capable": false,"Startup Cost": 21565.24,"Total Cost": 21565.30,"Plan Rows": 25,"Plan Width": 136,"Actual Startup Time": 829.883,"Actual Total Time": 862.581,"Actual Rows": 5,"Actual Loops": 1,"Sort Key": ["(sum((lineitem.l_extendedprice * ('1'::numeric - lineitem.l_discount)))) DESC"],"Sort Method": "quicksort","Sort Space Used": 25,"Sort Space Type": "Memory","Plans": [{"Node Type": "Aggregate","Strategy": "Sorted","Partial Mode": "Finalize","Parent Relationship": "Outer","Parallel Aware": false,"Async Capable": false,"Startup Cost": 21550.29,"Total Cost": 21564.66,"Plan Rows": 25,"Plan Width": 136,"Actual Startup Time": 829.271,"Actual Total Time": 862.532,"Actual Rows": 5,"Actual Loops": 1,"Group Key": ["nation.n_name"],"Plans": [{"Node Type": "Gather Merge","Parent Relationship": "Outer","Parallel Aware": false,"Async Capable": false,"Startup Cost": 21550.29,"Total Cost": 21563.97,"Plan Rows": 50,"Plan Width": 136,"Actual Startup Time": 829.074,"Actual Total Time": 862.478,"Actual Rows": 15,"Actual Loops": 1,"Workers Planned": 2,"Workers Launched": 2,"Plans": [{"Node Type": "Aggregate","Strategy": "Sorted","Partial Mode": "Partial","Parent Relationship": "Outer","Parallel Aware": false,"Async Capable": false,"Startup Cost": 20550.26,"Total Cost": 20558.18,"Plan Rows": 25,"Plan Width": 136,"Actual Startup Time": 821.816,"Actual Total Time": 822.538,"Actual Rows": 5,"Actual Loops": 3,"Group Key": ["nation.n_name"],"Workers": [],"Plans": [{"Node Type": "Sort","Parent Relationship": "Outer","Parallel Aware": false,"Async Capable": false,"Startup Cost": 20550.26,"Total Cost": 20551.78,"Plan Rows": 608,"Plan Width": 116,"Actual Startup Time": 821.604,"Actual Total Time": 821.730,"Actual Rows": 2468,"Actual Loops": 3,"Sort Key": ["nation.n_name"],"Sort Method": "quicksort","Sort Space Used": 285,"Sort Space Type": "Memory","Workers": [{"Worker Number": 0,"Sort Method": "quicksort","Sort Space Used": 293,"Sort Space Type": "Memory"},{"Worker Number": 1,"Sort Method": "quicksort","Sort Space Used": 290,"Sort Space Type": "Memory"}],"Plans": [{"Node Type": "Hash Join","Parent Relationship": "Outer","Parallel Aware": false,"Async Capable": false,"Join Type": "Inner","Startup Cost": 475.27,"Total Cost": 20522.15,"Plan Rows": 608,"Plan Width": 116,"Actual Startup Time": 10.349,"Actual Total Time": 819.988,"Actual Rows": 2468,"Actual Loops": 3,"Inner Unique": true,"Hash Cond": "((lineitem.l_suppkey = supplier.s_suppkey) AND (customer.c_nationkey = supplier.s_nationkey))","Workers": [],"Plans": [{"Node Type": "Nested Loop","Parent Relationship": "Outer","Parallel Aware": false,"Async Capable": false,"Join Type": "Inner","Startup Cost": 3.27,"Total Cost": 19970.29,"Plan Rows": 15211,"Plan Width": 128,"Actual Startup Time": 0.787,"Actual Total Time": 773.951,"Actual Rows": 61461,"Actual Loops": 3,"Inner Unique": false,"Workers": [],"Plans": [{"Node Type": "Nested Loop","Parent Relationship": "Outer","Parallel Aware": false,"Async Capable": false,"Join Type": "Inner","Startup Cost": 2.84,"Total Cost": 8414.26,"Plan Rows": 3802,"Plan Width": 116,"Actual Startup Time": 0.651,"Actual Total Time": 459.932,"Actual Rows": 15399,"Actual Loops": 3,"Inner Unique": false,"Workers": [],"Plans": [{"Node Type": "Hash Join","Parent Relationship": "Outer","Parallel Aware": false,"Async Capable": false,"Join Type": "Inner","Startup Cost": 2.41,"Total Cost": 4471.79,"Plan Rows": 2500,"Plan Width": 116,"Actual Startup Time": 0.245,"Actual Total Time": 55.063,"Actual Rows": 10066,"Actual Loops": 3,"Inner Unique": false,"Hash Cond": "(customer.c_nationkey = nation.n_nationkey)","Workers": [],"Plans": [{"Node Type": "Seq Scan","Parent Relationship": "Outer","Parallel Aware": true,"Async Capable": false,"Relation Name": "customer","Alias": "customer","Startup Cost": 0.00,"Total Cost": 4210.00,"Plan Rows": 62500,"Plan Width": 8,"Actual Startup Time": 0.014,"Actual Total Time": 9.571,"Actual Rows": 50000,"Actual Loops": 3,"Workers": []},{"Node Type": "Hash","Parent Relationship": "Inner","Parallel Aware": false,"Async Capable": false,"Startup Cost": 2.40,"Total Cost": 2.40,"Plan Rows": 1,"Plan Width": 108,"Actual Startup Time": 0.139,"Actual Total Time": 0.155,"Actual Rows": 5,"Actual Loops": 3,"Hash Buckets": 1024,"Original Hash Buckets": 1024,"Hash Batches": 1,"Original Hash Batches": 1,"Peak Memory Usage": 9,"Workers": [],"Plans": [{"Node Type": "Hash Join","Parent Relationship": "Outer","Parallel Aware": false,"Async Capable": false,"Join Type": "Inner","Startup Cost": 1.07,"Total Cost": 2.40,"Plan Rows": 1,"Plan Width": 108,"Actual Startup Time": 0.126,"Actual Total Time": 0.145,"Actual Rows": 5,"Actual Loops": 3,"Inner Unique": true,"Hash Cond": "(nation.n_regionkey = region.r_regionkey)","Workers": [],"Plans": [{"Node Type": "Seq Scan","Parent Relationship": "Outer","Parallel Aware": false,"Async Capable": false,"Relation Name": "nation","Alias": "nation","Startup Cost": 0.00,"Total Cost": 1.25,"Plan Rows": 25,"Plan Width": 112,"Actual Startup Time": 0.043,"Actual Total Time": 0.047,"Actual Rows": 25,"Actual Loops": 3,"Workers": []},{"Node Type": "Hash","Parent Relationship": "Inner","Parallel Aware": false,"Async Capable": false,"Startup Cost": 1.06,"Total Cost": 1.06,"Plan Rows": 1,"Plan Width": 4,"Actual Startup Time": 0.051,"Actual Total Time": 0.056,"Actual Rows": 1,"Actual Loops": 3,"Hash Buckets": 1024,"Original Hash Buckets": 1024,"Hash Batches": 1,"Original Hash Batches": 1,"Peak Memory Usage": 9,"Workers": [],"Plans": [{"Node Type": "Seq Scan","Parent Relationship": "Outer","Parallel Aware": false,"Async Capable": false,"Relation Name": "region","Alias": "region","Startup Cost": 0.00,"Total Cost": 1.06,"Plan Rows": 1,"Plan Width": 4,"Actual Startup Time": 0.037,"Actual Total Time": 0.039,"Actual Rows": 1,"Actual Loops": 3,"Filter": "(r_name = 'EUROPE'::bpchar)","Rows Removed by Filter": 4,"Workers": []}]}]}]}]},{"Node Type": "Index Scan","Parent Relationship": "Inner","Parallel Aware": false,"Async Capable": false,"Scan Direction": "Forward","Index Name": "idx_orders_custkey","Relation Name": "orders","Alias": "orders","Startup Cost": 0.43,"Total Cost": 1.55,"Plan Rows": 3,"Plan Width": 8,"Actual Startup Time": 0.017,"Actual Total Time": 0.040,"Actual Rows": 2,"Actual Loops": 30197,"Index Cond": "(o_custkey = customer.c_custkey)","Rows Removed by Index Recheck": 0,"Filter": "((o_orderdate >= '1995-01-01'::date) AND (o_orderdate < '1996-01-01 00:00:00'::timestamp without time zone))","Rows Removed by Filter": 9,"Workers": []}]},{"Node Type": "Index Scan","Parent Relationship": "Inner","Parallel Aware": false,"Async Capable": false,"Scan Direction": "Forward","Index Name": "idx_lineitem_orderkey","Relation Name": "lineitem","Alias": "lineitem","Startup Cost": 0.43,"Total Cost": 2.87,"Plan Rows": 17,"Plan Width": 20,"Actual Startup Time": 0.017,"Actual Total Time": 0.020,"Actual Rows": 4,"Actual Loops": 46197,"Index Cond": "(l_orderkey = orders.o_orderkey)","Rows Removed by Index Recheck": 0,"Workers": []}]},{"Node Type": "Hash","Parent Relationship": "Inner","Parallel Aware": false,"Async Capable": false,"Startup Cost": 322.00,"Total Cost": 322.00,"Plan Rows": 10000,"Plan Width": 8,"Actual Startup Time": 8.644,"Actual Total Time": 8.648,"Actual Rows": 10000,"Actual Loops": 3,"Hash Buckets": 16384,"Original Hash Buckets": 16384,"Hash Batches": 1,"Original Hash Batches": 1,"Peak Memory Usage": 519,"Workers": [],"Plans": [{"Node Type": "Seq Scan","Parent Relationship": "Outer","Parallel Aware": false,"Async Capable": false,"Relation Name": "supplier","Alias": "supplier","Startup Cost": 0.00,"Total Cost": 322.00,"Plan Rows": 10000,"Plan Width": 8,"Actual Startup Time": 0.045,"Actual Total Time": 6.681,"Actual Rows": 10000,"Actual Loops": 3,"Workers": []}]}]}]}]}]}]}]},"Planning Time": 10.340,"Triggers": [],"Execution Time": 863.182}]
[{"Plan": {"Node Type": "Sort","Parallel Aware": false,"Async Capable": false,"Startup Cost": 21612.43,"Total Cost": 21612.50,"Plan Rows": 25,"Plan Width": 136,"Actual Startup Time": 812.208,"Actual Total Time": 844.906,"Actual Rows": 5,"Actual Loops": 1,"Sort Key": ["(sum((lineitem.l_extendedprice * ('1'::numeric - lineitem.l_discount)))) DESC"],"Sort Method": "quicksort","Sort Space Used": 25,"Sort Space Type": "Memory","Plans": [{"Node Type": "Aggregate","Strategy": "Sorted","Partial Mode": "Finalize","Parent Relationship": "Outer","Parallel Aware": false,"Async Capable": false,"Startup Cost": 21597.38,"Total Cost": 21611.85,"Plan Rows": 25,"Plan Width": 136,"Actual Startup Time": 811.577,"Actual Total Time": 844.848,"Actual Rows": 5,"Actual Loops": 1,"Group Key": ["nation.n_name"],"Plans": [{"Node Type": "Gather Merge","Parent Relationship": "Outer","Parallel Aware": false,"Async Capable": false,"Startup Cost": 21597.38,"Total Cost": 21611.17,"Plan Rows": 50,"Plan Width": 136,"Actual Startup Time": 811.381,"Actual Total Time": 844.798,"Actual Rows": 15,"Actual Loops": 1,"Workers Planned": 2,"Workers Launched": 2,"Plans": [{"Node Type": "Aggregate","Strategy": "Sorted","Partial Mode": "Partial","Parent Relationship": "Outer","Parallel Aware": false,"Async Capable": false,"Startup Cost": 20597.36,"Total Cost": 20605.37,"Plan Rows": 25,"Plan Width": 136,"Actual Startup Time": 803.972,"Actual Total Time": 804.698,"Actual Rows": 5,"Actual Loops": 3,"Group Key": ["nation.n_name"],"Workers": [],"Plans": [{"Node Type": "Sort","Parent Relationship": "Outer","Parallel Aware": false,"Async Capable": false,"Startup Cost": 20597.36,"Total Cost": 20598.90,"Plan Rows": 616,"Plan Width": 116,"Actual Startup Time": 803.767,"Actual Total Time": 803.896,"Actual Rows": 2458,"Actual Loops": 3,"Sort Key": ["nation.n_name"],"Sort Method": "quicksort","Sort Space Used": 292,"Sort Space Type": "Memory","Workers": [{"Worker Number": 0,"Sort Method": "quicksort","Sort Space Used": 287,"Sort Space Type": "Memory"},{"Worker Number": 1,"Sort Method": "quicksort","Sort Space Used": 286,"Sort Space Type": "Memory"}],"Plans": [{"Node Type": "Hash Join","Parent Relationship": "Outer","Parallel Aware": false,"Async Capable": false,"Join Type": "Inner","Startup Cost": 475.27,"Total Cost": 20568.82,"Plan Rows": 616,"Plan Width": 116,"Actual Startup Time": 9.755,"Actual Total Time": 802.240,"Actual Rows": 2458,"Actual Loops": 3,"Inner Unique": true,"Hash Cond": "((lineitem.l_suppkey = supplier.s_suppkey) AND (customer.c_nationkey = supplier.s_nationkey))","Workers": [],"Plans": [{"Node Type": "Nested Loop","Parent Relationship": "Outer","Parallel Aware": false,"Async Capable": false,"Join Type": "Inner","Startup Cost": 3.27,"Total Cost": 20015.89,"Plan Rows": 15415,"Plan Width": 128,"Actual Startup Time": 0.708,"Actual Total Time": 760.379,"Actual Rows": 60417,"Actual Loops": 3,"Inner Unique": false,"Workers": [],"Plans": [{"Node Type": "Nested Loop","Parent Relationship": "Outer","Parallel Aware": false,"Async Capable": false,"Join Type": "Inner","Startup Cost": 2.84,"Total Cost": 8414.26,"Plan Rows": 3853,"Plan Width": 116,"Actual Startup Time": 0.563,"Actual Total Time": 454.038,"Actual Rows": 15112,"Actual Loops": 3,"Inner Unique": false,"Workers": [],"Plans": [{"Node Type": "Hash Join","Parent Relationship": "Outer","Parallel Aware": false,"Async Capable": false,"Join Type": "Inner","Startup Cost": 2.41,"Total Cost": 4471.79,"Plan Rows": 2500,"Plan Width": 116,"Actual Startup Time": 0.264,"Actual Total Time": 54.641,"Actual Rows": 9984,"Actual Loops": 3,"Inner Unique": false,"Hash Cond": "(customer.c_nationkey = nation.n_nationkey)","Workers": [],"Plans": [{"Node Type": "Seq Scan","Parent Relationship": "Outer","Parallel Aware": true,"Async Capable": false,"Relation Name": "customer","Alias": "customer","Startup Cost": 0.00,"Total Cost": 4210.00,"Plan Rows": 62500,"Plan Width": 8,"Actual Startup Time": 0.019,"Actual Total Time": 9.602,"Actual Rows": 50000,"Actual Loops": 3,"Workers": []},{"Node Type": "Hash","Parent Relationship": "Inner","Parallel Aware": false,"Async Capable": false,"Startup Cost": 2.40,"Total Cost": 2.40,"Plan Rows": 1,"Plan Width": 108,"Actual Startup Time": 0.143,"Actual Total Time": 0.163,"Actual Rows": 5,"Actual Loops": 3,"Hash Buckets": 1024,"Original Hash Buckets": 1024,"Hash Batches": 1,"Original Hash Batches": 1,"Peak Memory Usage": 9,"Workers": [],"Plans": [{"Node Type": "Hash Join","Parent Relationship": "Outer","Parallel Aware": false,"Async Capable": false,"Join Type": "Inner","Startup Cost": 1.07,"Total Cost": 2.40,"Plan Rows": 1,"Plan Width": 108,"Actual Startup Time": 0.129,"Actual Total Time": 0.153,"Actual Rows": 5,"Actual Loops": 3,"Inner Unique": true,"Hash Cond": "(nation.n_regionkey = region.r_regionkey)","Workers": [],"Plans": [{"Node Type": "Seq Scan","Parent Relationship": "Outer","Parallel Aware": false,"Async Capable": false,"Relation Name": "nation","Alias": "nation","Startup Cost": 0.00,"Total Cost": 1.25,"Plan Rows": 25,"Plan Width": 112,"Actual Startup Time": 0.046,"Actual Total Time": 0.051,"Actual Rows": 25,"Actual Loops": 3,"Workers": []},{"Node Type": "Hash","Parent Relationship": "Inner","Parallel Aware": false,"Async Capable": false,"Startup Cost": 1.06,"Total Cost": 1.06,"Plan Rows": 1,"Plan Width": 4,"Actual Startup Time": 0.053,"Actual Total Time": 0.059,"Actual Rows": 1,"Actual Loops": 3,"Hash Buckets": 1024,"Original Hash Buckets": 1024,"Hash Batches": 1,"Original Hash Batches": 1,"Peak Memory Usage": 9,"Workers": [],"Plans": [{"Node Type": "Seq Scan","Parent Relationship": "Outer","Parallel Aware": false,"Async Capable": false,"Relation Name": "region","Alias": "region","Startup Cost": 0.00,"Total Cost": 1.06,"Plan Rows": 1,"Plan Width": 4,"Actual Startup Time": 0.038,"Actual Total Time": 0.040,"Actual Rows": 1,"Actual Loops": 3,"Filter": "(r_name = 'AMERICA'::bpchar)","Rows Removed by Filter": 4,"Workers": []}]}]}]}]},{"Node Type": "Index Scan","Parent Relationship": "Inner","Parallel Aware": false,"Async Capable": false,"Scan Direction": "Forward","Index Name": "idx_orders_custkey","Relation Name": "orders","Alias": "orders","Startup Cost": 0.43,"Total Cost": 1.55,"Plan Rows": 3,"Plan Width": 8,"Actual Startup Time": 0.017,"Actual Total Time": 0.040,"Actual Rows": 2,"Actual Loops": 29952,"Index Cond": "(o_custkey = customer.c_custkey)","Rows Removed by Index Recheck": 0,"Filter": "((o_orderdate >= '1994-01-01'::date) AND (o_orderdate < '1995-01-01 00:00:00'::timestamp without time zone))","Rows Removed by Filter": 8,"Workers": []}]},{"Node Type": "Index Scan","Parent Relationship": "Inner","Parallel Aware": false,"Async Capable": false,"Scan Direction": "Forward","Index Name": "idx_lineitem_orderkey","Relation Name": "lineitem","Alias": "lineitem","Startup Cost": 0.43,"Total Cost": 2.84,"Plan Rows": 17,"Plan Width": 20,"Actual Startup Time": 0.017,"Actual Total Time": 0.020,"Actual Rows": 4,"Actual Loops": 45335,"Index Cond": "(l_orderkey = orders.o_orderkey)","Rows Removed by Index Recheck": 0,"Workers": []}]},{"Node Type": "Hash","Parent Relationship": "Inner","Parallel Aware": false,"Async Capable": false,"Startup Cost": 322.00,"Total Cost": 322.00,"Plan Rows": 10000,"Plan Width": 8,"Actual Startup Time": 8.509,"Actual Total Time": 8.512,"Actual Rows": 10000,"Actual Loops": 3,"Hash Buckets": 16384,"Original Hash Buckets": 16384,"Hash Batches": 1,"Original Hash Batches": 1,"Peak Memory Usage": 519,"Workers": [],"Plans": [{"Node Type": "Seq Scan","Parent Relationship": "Outer","Parallel Aware": false,"Async Capable": false,"Relation Name": "supplier","Alias": "supplier","Startup Cost": 0.00,"Total Cost": 322.00,"Plan Rows": 10000,"Plan Width": 8,"Actual Startup Time": 0.036,"Actual Total Time": 6.673,"Actual Rows": 10000,"Actual Loops": 3,"Workers": []}]}]}]}]}]}]}]},"Planning Time": 10.649,"Triggers": [],"Execution Time": 845.482}]
[{"Plan": {"Node Type": "Sort","Parallel Aware": false,"Async Capable": false,"Startup Cost": 21612.43,"Total Cost": 21612.50,"Plan Rows": 25,"Plan Width": 136,"Actual Startup Time": 835.932,"Actual Total Time": 867.365,"Actual Rows": 5,"Actual Loops": 1,"Sort Key": ["(sum((lineitem.l_extendedprice * ('1'::numeric - lineitem.l_discount)))) DESC"],"Sort Method": "quicksort","Sort Space Used": 25,"Sort Space Type": "Memory","Plans": [{"Node Type": "Aggregate","Strategy": "Sorted","Partial Mode": "Finalize","Parent Relationship": "Outer","Parallel Aware": false,"Async Capable": false,"Startup Cost": 21597.38,"Total Cost": 21611.85,"Plan Rows": 25,"Plan Width": 136,"Actual Startup Time": 835.364,"Actual Total Time": 867.318,"Actual Rows": 5,"Actual Loops": 1,"Group Key": ["nation.n_name"],"Plans": [{"Node Type": "Gather Merge","Parent Relationship": "Outer","Parallel Aware": false,"Async Capable": false,"Startup Cost": 21597.38,"Total Cost": 21611.17,"Plan Rows": 50,"Plan Width": 136,"Actual Startup Time": 835.179,"Actual Total Time": 867.277,"Actual Rows": 15,"Actual Loops": 1,"Workers Planned": 2,"Workers Launched": 2,"Plans": [{"Node Type": "Aggregate","Strategy": "Sorted","Partial Mode": "Partial","Parent Relationship": "Outer","Parallel Aware": false,"Async Capable": false,"Startup Cost": 20597.36,"Total Cost": 20605.37,"Plan Rows": 25,"Plan Width": 136,"Actual Startup Time": 826.891,"Actual Total Time": 827.596,"Actual Rows": 5,"Actual Loops": 3,"Group Key": ["nation.n_name"],"Workers": [],"Plans": [{"Node Type": "Sort","Parent Relationship": "Outer","Parallel Aware": false,"Async Capable": false,"Startup Cost": 20597.36,"Total Cost": 20598.90,"Plan Rows": 616,"Plan Width": 116,"Actual Startup Time": 826.692,"Actual Total Time": 826.817,"Actual Rows": 2422,"Actual Loops": 3,"Sort Key": ["nation.n_name"],"Sort Method": "quicksort","Sort Space Used": 284,"Sort Space Type": "Memory","Workers": [{"Worker Number": 0,"Sort Method": "quicksort","Sort Space Used": 289,"Sort Space Type": "Memory"},{"Worker Number": 1,"Sort Method": "quicksort","Sort Space Used": 285,"Sort Space Type": "Memory"}],"Plans": [{"Node Type": "Hash Join","Parent Relationship": "Outer","Parallel Aware": false,"Async Capable": false,"Join Type": "Inner","Startup Cost": 475.27,"Total Cost": 20568.82,"Plan Rows": 616,"Plan Width": 116,"Actual Startup Time": 12.416,"Actual Total Time": 825.180,"Actual Rows": 2422,"Actual Loops": 3,"Inner Unique": true,"Hash Cond": "((lineitem.l_suppkey = supplier.s_suppkey) AND (customer.c_nationkey = supplier.s_nationkey))","Workers": [],"Plans": [{"Node Type": "Nested Loop","Parent Relationship": "Outer","Parallel Aware": false,"Async Capable": false,"Join Type": "Inner","Startup Cost": 3.27,"Total Cost": 20015.89,"Plan Rows": 15415,"Plan Width": 128,"Actual Startup Time": 0.717,"Actual Total Time": 776.964,"Actual Rows": 61524,"Actual Loops": 3,"Inner Unique": false,"Workers": [],"Plans": [{"Node Type": "Nested Loop","Parent Relationship": "Outer","Parallel Aware": false,"Async Capable": false,"Join Type": "Inner","Startup Cost": 2.84,"Total Cost": 8414.26,"Plan Rows": 3853,"Plan Width": 116,"Actual Startup Time": 0.594,"Actual Total Time": 468.318,"Actual Rows": 15364,"Actual Loops": 3,"Inner Unique": false,"Workers": [],"Plans": [{"Node Type": "Hash Join","Parent Relationship": "Outer","Parallel Aware": false,"Async Capable": false,"Join Type": "Inner","Startup Cost": 2.41,"Total Cost": 4471.79,"Plan Rows": 2500,"Plan Width": 116,"Actual Startup Time": 0.257,"Actual Total Time": 59.024,"Actual Rows": 10066,"Actual Loops": 3,"Inner Unique": false,"Hash Cond": "(customer.c_nationkey = nation.n_nationkey)","Workers": [],"Plans": [{"Node Type": "Seq Scan","Parent Relationship": "Outer","Parallel Aware": true,"Async Capable": false,"Relation Name": "customer","Alias": "customer","Startup Cost": 0.00,"Total Cost": 4210.00,"Plan Rows": 62500,"Plan Width": 8,"Actual Startup Time": 0.018,"Actual Total Time": 10.025,"Actual Rows": 50000,"Actual Loops": 3,"Workers": []},{"Node Type": "Hash","Parent Relationship": "Inner","Parallel Aware": false,"Async Capable": false,"Startup Cost": 2.40,"Total Cost": 2.40,"Plan Rows": 1,"Plan Width": 108,"Actual Startup Time": 0.151,"Actual Total Time": 0.168,"Actual Rows": 5,"Actual Loops": 3,"Hash Buckets": 1024,"Original Hash Buckets": 1024,"Hash Batches": 1,"Original Hash Batches": 1,"Peak Memory Usage": 9,"Workers": [],"Plans": [{"Node Type": "Hash Join","Parent Relationship": "Outer","Parallel Aware": false,"Async Capable": false,"Join Type": "Inner","Startup Cost": 1.07,"Total Cost": 2.40,"Plan Rows": 1,"Plan Width": 108,"Actual Startup Time": 0.138,"Actual Total Time": 0.159,"Actual Rows": 5,"Actual Loops": 3,"Inner Unique": true,"Hash Cond": "(nation.n_regionkey = region.r_regionkey)","Workers": [],"Plans": [{"Node Type": "Seq Scan","Parent Relationship": "Outer","Parallel Aware": false,"Async Capable": false,"Relation Name": "nation","Alias": "nation","Startup Cost": 0.00,"Total Cost": 1.25,"Plan Rows": 25,"Plan Width": 112,"Actual Startup Time": 0.050,"Actual Total Time": 0.055,"Actual Rows": 25,"Actual Loops": 3,"Workers": []},{"Node Type": "Hash","Parent Relationship": "Inner","Parallel Aware": false,"Async Capable": false,"Startup Cost": 1.06,"Total Cost": 1.06,"Plan Rows": 1,"Plan Width": 4,"Actual Startup Time": 0.059,"Actual Total Time": 0.064,"Actual Rows": 1,"Actual Loops": 3,"Hash Buckets": 1024,"Original Hash Buckets": 1024,"Hash Batches": 1,"Original Hash Batches": 1,"Peak Memory Usage": 9,"Workers": [],"Plans": [{"Node Type": "Seq Scan","Parent Relationship": "Outer","Parallel Aware": false,"Async Capable": false,"Relation Name": "region","Alias": "region","Startup Cost": 0.00,"Total Cost": 1.06,"Plan Rows": 1,"Plan Width": 4,"Actual Startup Time": 0.043,"Actual Total Time": 0.045,"Actual Rows": 1,"Actual Loops": 3,"Filter": "(r_name = 'EUROPE'::bpchar)","Rows Removed by Filter": 4,"Workers": []}]}]}]}]},{"Node Type": "Index Scan","Parent Relationship": "Inner","Parallel Aware": false,"Async Capable": false,"Scan Direction": "Forward","Index Name": "idx_orders_custkey","Relation Name": "orders","Alias": "orders","Startup Cost": 0.43,"Total Cost": 1.55,"Plan Rows": 3,"Plan Width": 8,"Actual Startup Time": 0.017,"Actual Total Time": 0.040,"Actual Rows": 2,"Actual Loops": 30197,"Index Cond": "(o_custkey = customer.c_custkey)","Rows Removed by Index Recheck": 0,"Filter": "((o_orderdate >= '1994-01-01'::date) AND (o_orderdate < '1995-01-01 00:00:00'::timestamp without time zone))","Rows Removed by Filter": 9,"Workers": []}]},{"Node Type": "Index Scan","Parent Relationship": "Inner","Parallel Aware": false,"Async Capable": false,"Scan Direction": "Forward","Index Name": "idx_lineitem_orderkey","Relation Name": "lineitem","Alias": "lineitem","Startup Cost": 0.43,"Total Cost": 2.84,"Plan Rows": 17,"Plan Width": 20,"Actual Startup Time": 0.017,"Actual Total Time": 0.019,"Actual Rows": 4,"Actual Loops": 46093,"Index Cond": "(l_orderkey = orders.o_orderkey)","Rows Removed by Index Recheck": 0,"Workers": []}]},{"Node Type": "Hash","Parent Relationship": "Inner","Parallel Aware": false,"Async Capable": false,"Startup Cost": 322.00,"Total Cost": 322.00,"Plan Rows": 10000,"Plan Width": 8,"Actual Startup Time": 10.479,"Actual Total Time": 10.484,"Actual Rows": 10000,"Actual Loops": 3,"Hash Buckets": 16384,"Original Hash Buckets": 16384,"Hash Batches": 1,"Original Hash Batches": 1,"Peak Memory Usage": 519,"Workers": [],"Plans": [{"Node Type": "Seq Scan","Parent Relationship": "Outer","Parallel Aware": false,"Async Capable": false,"Relation Name": "supplier","Alias": "supplier","Startup Cost": 0.00,"Total Cost": 322.00,"Plan Rows": 10000,"Plan Width": 8,"Actual Startup Time": 0.042,"Actual Total Time": 8.711,"Actual Rows": 10000,"Actual Loops": 3,"Workers": []}]}]}]}]}]}]}]},"Planning Time": 9.647,"Triggers": [],"Execution Time": 867.883}]
[{"Plan": {"Node Type": "Sort","Parallel Aware": false,"Async Capable": false,"Startup Cost": 21565.24,"Total Cost": 21565.30,"Plan Rows": 25,"Plan Width": 136,"Actual Startup Time": 803.148,"Actual Total Time": 837.225,"Actual Rows": 5,"Actual Loops": 1,"Sort Key": ["(sum((lineitem.l_extendedprice * ('1'::numeric - lineitem.l_discount)))) DESC"],"Sort Method": "quicksort","Sort Space Used": 25,"Sort Space Type": "Memory","Plans": [{"Node Type": "Aggregate","Strategy": "Sorted","Partial Mode": "Finalize","Parent Relationship": "Outer","Parallel Aware": false,"Async Capable": false,"Startup Cost": 21550.29,"Total Cost": 21564.66,"Plan Rows": 25,"Plan Width": 136,"Actual Startup Time": 802.551,"Actual Total Time": 837.165,"Actual Rows": 5,"Actual Loops": 1,"Group Key": ["nation.n_name"],"Plans": [{"Node Type": "Gather Merge","Parent Relationship": "Outer","Parallel Aware": false,"Async Capable": false,"Startup Cost": 21550.29,"Total Cost": 21563.97,"Plan Rows": 50,"Plan Width": 136,"Actual Startup Time": 802.343,"Actual Total Time": 837.116,"Actual Rows": 15,"Actual Loops": 1,"Workers Planned": 2,"Workers Launched": 2,"Plans": [{"Node Type": "Aggregate","Strategy": "Sorted","Partial Mode": "Partial","Parent Relationship": "Outer","Parallel Aware": false,"Async Capable": false,"Startup Cost": 20550.26,"Total Cost": 20558.18,"Plan Rows": 25,"Plan Width": 136,"Actual Startup Time": 794.724,"Actual Total Time": 795.426,"Actual Rows": 5,"Actual Loops": 3,"Group Key": ["nation.n_name"],"Workers": [],"Plans": [{"Node Type": "Sort","Parent Relationship": "Outer","Parallel Aware": false,"Async Capable": false,"Startup Cost": 20550.26,"Total Cost": 20551.78,"Plan Rows": 608,"Plan Width": 116,"Actual Startup Time": 794.492,"Actual Total Time": 794.616,"Actual Rows": 2402,"Actual Loops": 3,"Sort Key": ["nation.n_name"],"Sort Method": "quicksort","Sort Space Used": 284,"Sort Space Type": "Memory","Workers": [{"Worker Number": 0,"Sort Method": "quicksort","Sort Space Used": 278,"Sort Space Type": "Memory"},{"Worker Number": 1,"Sort Method": "quicksort","Sort Space Used": 290,"Sort Space Type": "Memory"}],"Plans": [{"Node Type": "Hash Join","Parent Relationship": "Outer","Parallel Aware": false,"Async Capable": false,"Join Type": "Inner","Startup Cost": 475.27,"Total Cost": 20522.15,"Plan Rows": 608,"Plan Width": 116,"Actual Startup Time": 9.804,"Actual Total Time": 792.945,"Actual Rows": 2402,"Actual Loops": 3,"Inner Unique": true,"Hash Cond": "((lineitem.l_suppkey = supplier.s_suppkey) AND (customer.c_nationkey = supplier.s_nationkey))","Workers": [],"Plans": [{"Node Type": "Nested Loop","Parent Relationship": "Outer","Parallel Aware": false,"Async Capable": false,"Join Type": "Inner","Startup Cost": 3.27,"Total Cost": 19970.29,"Plan Rows": 15211,"Plan Width": 128,"Actual Startup Time": 0.739,"Actual Total Time": 751.905,"Actual Rows": 60896,"Actual Loops": 3,"Inner Unique": false,"Workers": [],"Plans": [{"Node Type": "Nested Loop","Parent Relationship": "Outer","Parallel Aware": false,"Async Capable": false,"Join Type": "Inner","Startup Cost": 2.84,"Total Cost": 8414.26,"Plan Rows": 3802,"Plan Width": 116,"Actual Startup Time": 0.610,"Actual Total Time": 448.155,"Actual Rows": 15274,"Actual Loops": 3,"Inner Unique": false,"Workers": [],"Plans": [{"Node Type": "Hash Join","Parent Relationship": "Outer","Parallel Aware": false,"Async Capable": false,"Join Type": "Inner","Startup Cost": 2.41,"Total Cost": 4471.79,"Plan Rows": 2500,"Plan Width": 116,"Actual Startup Time": 0.268,"Actual Total Time": 53.804,"Actual Rows": 9921,"Actual Loops": 3,"Inner Unique": false,"Hash Cond": "(customer.c_nationkey = nation.n_nationkey)","Workers": [],"Plans": [{"Node Type": "Seq Scan","Parent Relationship": "Outer","Parallel Aware": true,"Async Capable": false,"Relation Name": "customer","Alias": "customer","Startup Cost": 0.00,"Total Cost": 4210.00,"Plan Rows": 62500,"Plan Width": 8,"Actual Startup Time": 0.020,"Actual Total Time": 9.563,"Actual Rows": 50000,"Actual Loops": 3,"Workers": []},{"Node Type": "Hash","Parent Relationship": "Inner","Parallel Aware": false,"Async Capable": false,"Startup Cost": 2.40,"Total Cost": 2.40,"Plan Rows": 1,"Plan Width": 108,"Actual Startup Time": 0.161,"Actual Total Time": 0.176,"Actual Rows": 5,"Actual Loops": 3,"Hash Buckets": 1024,"Original Hash Buckets": 1024,"Hash Batches": 1,"Original Hash Batches": 1,"Peak Memory Usage": 9,"Workers": [],"Plans": [{"Node Type": "Hash Join","Parent Relationship": "Outer","Parallel Aware": false,"Async Capable": false,"Join Type": "Inner","Startup Cost": 1.07,"Total Cost": 2.40,"Plan Rows": 1,"Plan Width": 108,"Actual Startup Time": 0.143,"Actual Total Time": 0.167,"Actual Rows": 5,"Actual Loops": 3,"Inner Unique": true,"Hash Cond": "(nation.n_regionkey = region.r_regionkey)","Workers": [],"Plans": [{"Node Type": "Seq Scan","Parent Relationship": "Outer","Parallel Aware": false,"Async Capable": false,"Relation Name": "nation","Alias": "nation","Startup Cost": 0.00,"Total Cost": 1.25,"Plan Rows": 25,"Plan Width": 112,"Actual Startup Time": 0.052,"Actual Total Time": 0.056,"Actual Rows": 25,"Actual Loops": 3,"Workers": []},{"Node Type": "Hash","Parent Relationship": "Inner","Parallel Aware": false,"Async Capable": false,"Startup Cost": 1.06,"Total Cost": 1.06,"Plan Rows": 1,"Plan Width": 4,"Actual Startup Time": 0.061,"Actual Total Time": 0.066,"Actual Rows": 1,"Actual Loops": 3,"Hash Buckets": 1024,"Original Hash Buckets": 1024,"Hash Batches": 1,"Original Hash Batches": 1,"Peak Memory Usage": 9,"Workers": [],"Plans": [{"Node Type": "Seq Scan","Parent Relationship": "Outer","Parallel Aware": false,"Async Capable": false,"Relation Name": "region","Alias": "region","Startup Cost": 0.00,"Total Cost": 1.06,"Plan Rows": 1,"Plan Width": 4,"Actual Startup Time": 0.046,"Actual Total Time": 0.049,"Actual Rows": 1,"Actual Loops": 3,"Filter": "(r_name = 'AFRICA'::bpchar)","Rows Removed by Filter": 4,"Workers": []}]}]}]}]},{"Node Type": "Index Scan","Parent Relationship": "Inner","Parallel Aware": false,"Async Capable": false,"Scan Direction": "Forward","Index Name": "idx_orders_custkey","Relation Name": "orders","Alias": "orders","Startup Cost": 0.43,"Total Cost": 1.55,"Plan Rows": 3,"Plan Width": 8,"Actual Startup Time": 0.017,"Actual Total Time": 0.039,"Actual Rows": 2,"Actual Loops": 29764,"Index Cond": "(o_custkey = customer.c_custkey)","Rows Removed by Index Recheck": 0,"Filter": "((o_orderdate >= '1995-01-01'::date) AND (o_orderdate < '1996-01-01 00:00:00'::timestamp without time zone))","Rows Removed by Filter": 9,"Workers": []}]},{"Node Type": "Index Scan","Parent Relationship": "Inner","Parallel Aware": false,"Async Capable": false,"Scan Direction": "Forward","Index Name": "idx_lineitem_orderkey","Relation Name": "lineitem","Alias": "lineitem","Startup Cost": 0.43,"Total Cost": 2.87,"Plan Rows": 17,"Plan Width": 20,"Actual Startup Time": 0.017,"Actual Total Time": 0.019,"Actual Rows": 4,"Actual Loops": 45822,"Index Cond": "(l_orderkey = orders.o_orderkey)","Rows Removed by Index Recheck": 0,"Workers": []}]},{"Node Type": "Hash","Parent Relationship": "Inner","Parallel Aware": false,"Async Capable": false,"Startup Cost": 322.00,"Total Cost": 322.00,"Plan Rows": 10000,"Plan Width": 8,"Actual Startup Time": 8.249,"Actual Total Time": 8.253,"Actual Rows": 10000,"Actual Loops": 3,"Hash Buckets": 16384,"Original Hash Buckets": 16384,"Hash Batches": 1,"Original Hash Batches": 1,"Peak Memory Usage": 519,"Workers": [],"Plans": [{"Node Type": "Seq Scan","Parent Relationship": "Outer","Parallel Aware": false,"Async Capable": false,"Relation Name": "supplier","Alias": "supplier","Startup Cost": 0.00,"Total Cost": 322.00,"Plan Rows": 10000,"Plan Width": 8,"Actual Startup Time": 0.043,"Actual Total Time": 6.388,"Actual Rows": 10000,"Actual Loops": 3,"Workers": []}]}]}]}]}]}]}]},"Planning Time": 10.225,"Triggers": [],"Execution Time": 837.854}]
[{"Plan": {"Node Type": "Sort","Parallel Aware": false,"Async Capable": false,"Startup Cost": 21522.30,"Total Cost": 21522.36,"Plan Rows": 25,"Plan Width": 136,"Actual Startup Time": 801.786,"Actual Total Time": 833.013,"Actual Rows": 5,"Actual Loops": 1,"Sort Key": ["(sum((lineitem.l_extendedprice * ('1'::numeric - lineitem.l_discount)))) DESC"],"Sort Method": "quicksort","Sort Space Used": 25,"Sort Space Type": "Memory","Plans": [{"Node Type": "Aggregate","Strategy": "Sorted","Partial Mode": "Finalize","Parent Relationship": "Outer","Parallel Aware": false,"Async Capable": false,"Startup Cost": 21507.43,"Total Cost": 21521.72,"Plan Rows": 25,"Plan Width": 136,"Actual Startup Time": 801.172,"Actual Total Time": 832.958,"Actual Rows": 5,"Actual Loops": 1,"Group Key": ["nation.n_name"],"Plans": [{"Node Type": "Gather Merge","Parent Relationship": "Outer","Parallel Aware": false,"Async Capable": false,"Startup Cost": 21507.43,"Total Cost": 21521.03,"Plan Rows": 50,"Plan Width": 136,"Actual Startup Time": 800.500,"Actual Total Time": 832.892,"Actual Rows": 15,"Actual Loops": 1,"Workers Planned": 2,"Workers Launched": 2,"Plans": [{"Node Type": "Aggregate","Strategy": "Sorted","Partial Mode": "Partial","Parent Relationship": "Outer","Parallel Aware": false,"Async Capable": false,"Startup Cost": 20507.41,"Total Cost": 20515.23,"Plan Rows": 25,"Plan Width": 136,"Actual Startup Time": 792.564,"Actual Total Time": 793.457,"Actual Rows": 5,"Actual Loops": 3,"Group Key": ["nation.n_name"],"Workers": [],"Plans": [{"Node Type": "Sort","Parent Relationship": "Outer","Parallel Aware": false,"Async Capable": false,"Startup Cost": 20507.41,"Total Cost": 20508.91,"Plan Rows": 601,"Plan Width": 116,"Actual Startup Time": 792.353,"Actual Total Time": 792.502,"Actual Rows": 2513,"Actual Loops": 3,"Sort Key": ["nation.n_name"],"Sort Method": "quicksort","Sort Space Used": 296,"Sort Space Type": "Memory","Workers": [{"Worker Number": 0,"Sort Method": "quicksort","Sort Space Used": 291,"Sort Space Type": "Memory"},{"Worker Number": 1,"Sort Method": "quicksort","Sort Space Used": 292,"Sort Space Type": "Memory"}],"Plans": [{"Node Type": "Hash Join","Parent Relationship": "Outer","Parallel Aware": false,"Async Capable": false,"Join Type": "Inner","Startup Cost": 475.27,"Total Cost": 20479.67,"Plan Rows": 601,"Plan Width": 116,"Actual Startup Time": 14.275,"Actual Total Time": 790.899,"Actual Rows": 2513,"Actual Loops": 3,"Inner Unique": true,"Hash Cond": "((lineitem.l_suppkey = supplier.s_suppkey) AND (customer.c_nationkey = supplier.s_nationkey))","Workers": [],"Plans": [{"Node Type": "Nested Loop","Parent Relationship": "Outer","Parallel Aware": false,"Async Capable": false,"Join Type": "Inner","Startup Cost": 3.27,"Total Cost": 19928.78,"Plan Rows": 15027,"Plan Width": 128,"Actual Startup Time": 0.573,"Actual Total Time": 745.935,"Actual Rows": 60812,"Actual Loops": 3,"Inner Unique": false,"Workers": [],"Plans": [{"Node Type": "Nested Loop","Parent Relationship": "Outer","Parallel Aware": false,"Async Capable": false,"Join Type": "Inner","Startup Cost": 2.84,"Total Cost": 8414.26,"Plan Rows": 3756,"Plan Width": 116,"Actual Startup Time": 0.447,"Actual Total Time": 445.574,"Actual Rows": 15099,"Actual Loops": 3,"Inner Unique": false,"Workers": [],"Plans": [{"Node Type": "Hash Join","Parent Relationship": "Outer","Parallel Aware": false,"Async Capable": false,"Join Type": "Inner","Startup Cost": 2.41,"Total Cost": 4471.79,"Plan Rows": 2500,"Plan Width": 116,"Actual Startup Time": 0.261,"Actual Total Time": 54.435,"Actual Rows": 9984,"Actual Loops": 3,"Inner Unique": false,"Hash Cond": "(customer.c_nationkey = nation.n_nationkey)","Workers": [],"Plans": [{"Node Type": "Seq Scan","Parent Relationship": "Outer","Parallel Aware": true,"Async Capable": false,"Relation Name": "customer","Alias": "customer","Startup Cost": 0.00,"Total Cost": 4210.00,"Plan Rows": 62500,"Plan Width": 8,"Actual Startup Time": 0.020,"Actual Total Time": 9.427,"Actual Rows": 50000,"Actual Loops": 3,"Workers": []},{"Node Type": "Hash","Parent Relationship": "Inner","Parallel Aware": false,"Async Capable": false,"Startup Cost": 2.40,"Total Cost": 2.40,"Plan Rows": 1,"Plan Width": 108,"Actual Startup Time": 0.147,"Actual Total Time": 0.168,"Actual Rows": 5,"Actual Loops": 3,"Hash Buckets": 1024,"Original Hash Buckets": 1024,"Hash Batches": 1,"Original Hash Batches": 1,"Peak Memory Usage": 9,"Workers": [],"Plans": [{"Node Type": "Hash Join","Parent Relationship": "Outer","Parallel Aware": false,"Async Capable": false,"Join Type": "Inner","Startup Cost": 1.07,"Total Cost": 2.40,"Plan Rows": 1,"Plan Width": 108,"Actual Startup Time": 0.132,"Actual Total Time": 0.158,"Actual Rows": 5,"Actual Loops": 3,"Inner Unique": true,"Hash Cond": "(nation.n_regionkey = region.r_regionkey)","Workers": [],"Plans": [{"Node Type": "Seq Scan","Parent Relationship": "Outer","Parallel Aware": false,"Async Capable": false,"Relation Name": "nation","Alias": "nation","Startup Cost": 0.00,"Total Cost": 1.25,"Plan Rows": 25,"Plan Width": 112,"Actual Startup Time": 0.053,"Actual Total Time": 0.057,"Actual Rows": 25,"Actual Loops": 3,"Workers": []},{"Node Type": "Hash","Parent Relationship": "Inner","Parallel Aware": false,"Async Capable": false,"Startup Cost": 1.06,"Total Cost": 1.06,"Plan Rows": 1,"Plan Width": 4,"Actual Startup Time": 0.054,"Actual Total Time": 0.061,"Actual Rows": 1,"Actual Loops": 3,"Hash Buckets": 1024,"Original Hash Buckets": 1024,"Hash Batches": 1,"Original Hash Batches": 1,"Peak Memory Usage": 9,"Workers": [],"Plans": [{"Node Type": "Seq Scan","Parent Relationship": "Outer","Parallel Aware": false,"Async Capable": false,"Relation Name": "region","Alias": "region","Startup Cost": 0.00,"Total Cost": 1.06,"Plan Rows": 1,"Plan Width": 4,"Actual Startup Time": 0.037,"Actual Total Time": 0.039,"Actual Rows": 1,"Actual Loops": 3,"Filter": "(r_name = 'AMERICA'::bpchar)","Rows Removed by Filter": 4,"Workers": []}]}]}]}]},{"Node Type": "Index Scan","Parent Relationship": "Inner","Parallel Aware": false,"Async Capable": false,"Scan Direction": "Forward","Index Name": "idx_orders_custkey","Relation Name": "orders","Alias": "orders","Startup Cost": 0.43,"Total Cost": 1.55,"Plan Rows": 3,"Plan Width": 8,"Actual Startup Time": 0.016,"Actual Total Time": 0.039,"Actual Rows": 2,"Actual Loops": 29952,"Index Cond": "(o_custkey = customer.c_custkey)","Rows Removed by Index Recheck": 0,"Filter": "((o_orderdate >= '1993-01-01'::date) AND (o_orderdate < '1994-01-01 00:00:00'::timestamp without time zone))","Rows Removed by Filter": 8,"Workers": []}]},{"Node Type": "Index Scan","Parent Relationship": "Inner","Parallel Aware": false,"Async Capable": false,"Scan Direction": "Forward","Index Name": "idx_lineitem_orderkey","Relation Name": "lineitem","Alias": "lineitem","Startup Cost": 0.43,"Total Cost": 2.90,"Plan Rows": 17,"Plan Width": 20,"Actual Startup Time": 0.017,"Actual Total Time": 0.019,"Actual Rows": 4,"Actual Loops": 45297,"Index Cond": "(l_orderkey = orders.o_orderkey)","Rows Removed by Index Recheck": 0,"Workers": []}]},{"Node Type": "Hash","Parent Relationship": "Inner","Parallel Aware": false,"Async Capable": false,"Startup Cost": 322.00,"Total Cost": 322.00,"Plan Rows": 10000,"Plan Width": 8,"Actual Startup Time": 12.653,"Actual Total Time": 12.656,"Actual Rows": 10000,"Actual Loops": 3,"Hash Buckets": 16384,"Original Hash Buckets": 16384,"Hash Batches": 1,"Original Hash Batches": 1,"Peak Memory Usage": 519,"Workers": [],"Plans": [{"Node Type": "Seq Scan","Parent Relationship": "Outer","Parallel Aware": false,"Async Capable": false,"Relation Name": "supplier","Alias": "supplier","Startup Cost": 0.00,"Total Cost": 322.00,"Plan Rows": 10000,"Plan Width": 8,"Actual Startup Time": 0.038,"Actual Total Time": 10.961,"Actual Rows": 10000,"Actual Loops": 3,"Workers": []}]}]}]}]}]}]}]},"Planning Time": 9.512,"Triggers": [],"Execution Time": 833.531}]
[{"Plan": {"Node Type": "Sort","Parallel Aware": false,"Async Capable": false,"Startup Cost": 21616.39,"Total Cost": 21616.45,"Plan Rows": 25,"Plan Width": 136,"Actual Startup Time": 800.578,"Actual Total Time": 832.005,"Actual Rows": 5,"Actual Loops": 1,"Sort Key": ["(sum((lineitem.l_extendedprice * ('1'::numeric - lineitem.l_discount)))) DESC"],"Sort Method": "quicksort","Sort Space Used": 25,"Sort Space Type": "Memory","Plans": [{"Node Type": "Aggregate","Strategy": "Sorted","Partial Mode": "Finalize","Parent Relationship": "Outer","Parallel Aware": false,"Async Capable": false,"Startup Cost": 21601.33,"Total Cost": 21615.81,"Plan Rows": 25,"Plan Width": 136,"Actual Startup Time": 800.055,"Actual Total Time": 831.951,"Actual Rows": 5,"Actual Loops": 1,"Group Key": ["nation.n_name"],"Plans": [{"Node Type": "Gather Merge","Parent Relationship": "Outer","Parallel Aware": false,"Async Capable": false,"Startup Cost": 21601.33,"Total Cost": 21615.12,"Plan Rows": 50,"Plan Width": 136,"Actual Startup Time": 799.526,"Actual Total Time": 831.902,"Actual Rows": 15,"Actual Loops": 1,"Workers Planned": 2,"Workers Launched": 2,"Plans": [{"Node Type": "Aggregate","Strategy": "Sorted","Partial Mode": "Partial","Parent Relationship": "Outer","Parallel Aware": false,"Async Capable": false,"Startup Cost": 20601.30,"Total Cost": 20609.33,"Plan Rows": 25,"Plan Width": 136,"Actual Startup Time": 791.250,"Actual Total Time": 792.033,"Actual Rows": 5,"Actual Loops": 3,"Group Key": ["nation.n_name"],"Workers": [],"Plans": [{"Node Type": "Sort","Parent Relationship": "Outer","Parallel Aware": false,"Async Capable": false,"Startup Cost": 20601.30,"Total Cost": 20602.85,"Plan Rows": 617,"Plan Width": 116,"Actual Startup Time": 791.028,"Actual Total Time": 791.162,"Actual Rows": 2347,"Actual Loops": 3,"Sort Key": ["nation.n_name"],"Sort Method": "quicksort","Sort Space Used": 275,"Sort Space Type": "Memory","Workers": [{"Worker Number": 0,"Sort Method": "quicksort","Sort Space Used": 280,"Sort Space Type": "Memory"},{"Worker Number": 1,"Sort Method": "quicksort","Sort Space Used": 284,"Sort Space Type": "Memory"}],"Plans": [{"Node Type": "Hash Join","Parent Relationship": "Outer","Parallel Aware": false,"Async Capable": false,"Join Type": "Inner","Startup Cost": 475.27,"Total Cost": 20572.71,"Plan Rows": 617,"Plan Width": 116,"Actual Startup Time": 14.089,"Actual Total Time": 789.451,"Actual Rows": 2347,"Actual Loops": 3,"Inner Unique": true,"Hash Cond": "((lineitem.l_suppkey = supplier.s_suppkey) AND (customer.c_nationkey = supplier.s_nationkey))","Workers": [],"Plans": [{"Node Type": "Nested Loop","Parent Relationship": "Outer","Parallel Aware": false,"Async Capable": false,"Join Type": "Inner","Startup Cost": 3.27,"Total Cost": 20019.70,"Plan Rows": 15431,"Plan Width": 128,"Actual Startup Time": 0.813,"Actual Total Time": 745.242,"Actual Rows": 60682,"Actual Loops": 3,"Inner Unique": false,"Workers": [],"Plans": [{"Node Type": "Nested Loop","Parent Relationship": "Outer","Parallel Aware": false,"Async Capable": false,"Join Type": "Inner","Startup Cost": 2.84,"Total Cost": 8414.26,"Plan Rows": 3857,"Plan Width": 116,"Actual Startup Time": 0.648,"Actual Total Time": 445.539,"Actual Rows": 15117,"Actual Loops": 3,"Inner Unique": false,"Workers": [],"Plans": [{"Node Type": "Hash Join","Parent Relationship": "Outer","Parallel Aware": false,"Async Capable": false,"Join Type": "Inner","Startup Cost": 2.41,"Total Cost": 4471.79,"Plan Rows": 2500,"Plan Width": 116,"Actual Startup Time": 0.286,"Actual Total Time": 54.286,"Actual Rows": 9921,"Actual Loops": 3,"Inner Unique": false,"Hash Cond": "(customer.c_nationkey = nation.n_nationkey)","Workers": [],"Plans": [{"Node Type": "Seq Scan","Parent Relationship": "Outer","Parallel Aware": true,"Async Capable": false,"Relation Name": "customer","Alias": "customer","Startup Cost": 0.00,"Total Cost": 4210.00,"Plan Rows": 62500,"Plan Width": 8,"Actual Startup Time": 0.020,"Actual Total Time": 9.492,"Actual Rows": 50000,"Actual Loops": 3,"Workers": []},{"Node Type": "Hash","Parent Relationship": "Inner","Parallel Aware": false,"Async Capable": false,"Startup Cost": 2.40,"Total Cost": 2.40,"Plan Rows": 1,"Plan Width": 108,"Actual Startup Time": 0.159,"Actual Total Time": 0.178,"Actual Rows": 5,"Actual Loops": 3,"Hash Buckets": 1024,"Original Hash Buckets": 1024,"Hash Batches": 1,"Original Hash Batches": 1,"Peak Memory Usage": 9,"Workers": [],"Plans": [{"Node Type": "Hash Join","Parent Relationship": "Outer","Parallel Aware": false,"Async Capable": false,"Join Type": "Inner","Startup Cost": 1.07,"Total Cost": 2.40,"Plan Rows": 1,"Plan Width": 108,"Actual Startup Time": 0.141,"Actual Total Time": 0.166,"Actual Rows": 5,"Actual Loops": 3,"Inner Unique": true,"Hash Cond": "(nation.n_regionkey = region.r_regionkey)","Workers": [],"Plans": [{"Node Type": "Seq Scan","Parent Relationship": "Outer","Parallel Aware": false,"Async Capable": false,"Relation Name": "nation","Alias": "nation","Startup Cost": 0.00,"Total Cost": 1.25,"Plan Rows": 25,"Plan Width": 112,"Actual Startup Time": 0.054,"Actual Total Time": 0.058,"Actual Rows": 25,"Actual Loops": 3,"Workers": []},{"Node Type": "Hash","Parent Relationship": "Inner","Parallel Aware": false,"Async Capable": false,"Startup Cost": 1.06,"Total Cost": 1.06,"Plan Rows": 1,"Plan Width": 4,"Actual Startup Time": 0.057,"Actual Total Time": 0.062,"Actual Rows": 1,"Actual Loops": 3,"Hash Buckets": 1024,"Original Hash Buckets": 1024,"Hash Batches": 1,"Original Hash Batches": 1,"Peak Memory Usage": 9,"Workers": [],"Plans": [{"Node Type": "Seq Scan","Parent Relationship": "Outer","Parallel Aware": false,"Async Capable": false,"Relation Name": "region","Alias": "region","Startup Cost": 0.00,"Total Cost": 1.06,"Plan Rows": 1,"Plan Width": 4,"Actual Startup Time": 0.040,"Actual Total Time": 0.042,"Actual Rows": 1,"Actual Loops": 3,"Filter": "(r_name = 'AFRICA'::bpchar)","Rows Removed by Filter": 4,"Workers": []}]}]}]}]},{"Node Type": "Index Scan","Parent Relationship": "Inner","Parallel Aware": false,"Async Capable": false,"Scan Direction": "Forward","Index Name": "idx_orders_custkey","Relation Name": "orders","Alias": "orders","Startup Cost": 0.43,"Total Cost": 1.55,"Plan Rows": 3,"Plan Width": 8,"Actual Startup Time": 0.017,"Actual Total Time": 0.039,"Actual Rows": 2,"Actual Loops": 29764,"Index Cond": "(o_custkey = customer.c_custkey)","Rows Removed by Index Recheck": 0,"Filter": "((o_orderdate >= '1996-01-01'::date) AND (o_orderdate < '1997-01-01 00:00:00'::timestamp without time zone))","Rows Removed by Filter": 9,"Workers": []}]},{"Node Type": "Index Scan","Parent Relationship": "Inner","Parallel Aware": false,"Async Capable": false,"Scan Direction": "Forward","Index Name": "idx_lineitem_orderkey","Relation Name": "lineitem","Alias": "lineitem","Startup Cost": 0.43,"Total Cost": 2.84,"Plan Rows": 17,"Plan Width": 20,"Actual Startup Time": 0.016,"Actual Total Time": 0.019,"Actual Rows": 4,"Actual Loops": 45352,"Index Cond": "(l_orderkey = orders.o_orderkey)","Rows Removed by Index Recheck": 0,"Workers": []}]},{"Node Type": "Hash","Parent Relationship": "Inner","Parallel Aware": false,"Async Capable": false,"Startup Cost": 322.00,"Total Cost": 322.00,"Plan Rows": 10000,"Plan Width": 8,"Actual Startup Time": 12.144,"Actual Total Time": 12.150,"Actual Rows": 10000,"Actual Loops": 3,"Hash Buckets": 16384,"Original Hash Buckets": 16384,"Hash Batches": 1,"Original Hash Batches": 1,"Peak Memory Usage": 519,"Workers": [],"Plans": [{"Node Type": "Seq Scan","Parent Relationship": "Outer","Parallel Aware": false,"Async Capable": false,"Relation Name": "supplier","Alias": "supplier","Startup Cost": 0.00,"Total Cost": 322.00,"Plan Rows": 10000,"Plan Width": 8,"Actual Startup Time": 0.040,"Actual Total Time": 10.535,"Actual Rows": 10000,"Actual Loops": 3,"Workers": []}]}]}]}]}]}]}]},"Planning Time": 10.511,"Triggers": [],"Execution Time": 832.422}]
[{"Plan": {"Node Type": "Sort","Parallel Aware": false,"Async Capable": false,"Startup Cost": 21522.30,"Total Cost": 21522.36,"Plan Rows": 25,"Plan Width": 136,"Actual Startup Time": 808.723,"Actual Total Time": 839.996,"Actual Rows": 5,"Actual Loops": 1,"Sort Key": ["(sum((lineitem.l_extendedprice * ('1'::numeric - lineitem.l_discount)))) DESC"],"Sort Method": "quicksort","Sort Space Used": 25,"Sort Space Type": "Memory","Plans": [{"Node Type": "Aggregate","Strategy": "Sorted","Partial Mode": "Finalize","Parent Relationship": "Outer","Parallel Aware": false,"Async Capable": false,"Startup Cost": 21507.43,"Total Cost": 21521.72,"Plan Rows": 25,"Plan Width": 136,"Actual Startup Time": 808.168,"Actual Total Time": 839.947,"Actual Rows": 5,"Actual Loops": 1,"Group Key": ["nation.n_name"],"Plans": [{"Node Type": "Gather Merge","Parent Relationship": "Outer","Parallel Aware": false,"Async Capable": false,"Startup Cost": 21507.43,"Total Cost": 21521.03,"Plan Rows": 50,"Plan Width": 136,"Actual Startup Time": 807.495,"Actual Total Time": 839.892,"Actual Rows": 15,"Actual Loops": 1,"Workers Planned": 2,"Workers Launched": 2,"Plans": [{"Node Type": "Aggregate","Strategy": "Sorted","Partial Mode": "Partial","Parent Relationship": "Outer","Parallel Aware": false,"Async Capable": false,"Startup Cost": 20507.41,"Total Cost": 20515.23,"Plan Rows": 25,"Plan Width": 136,"Actual Startup Time": 799.534,"Actual Total Time": 800.383,"Actual Rows": 5,"Actual Loops": 3,"Group Key": ["nation.n_name"],"Workers": [],"Plans": [{"Node Type": "Sort","Parent Relationship": "Outer","Parallel Aware": false,"Async Capable": false,"Startup Cost": 20507.41,"Total Cost": 20508.91,"Plan Rows": 601,"Plan Width": 116,"Actual Startup Time": 799.319,"Actual Total Time": 799.466,"Actual Rows": 2431,"Actual Loops": 3,"Sort Key": ["nation.n_name"],"Sort Method": "quicksort","Sort Space Used": 290,"Sort Space Type": "Memory","Workers": [{"Worker Number": 0,"Sort Method": "quicksort","Sort Space Used": 286,"Sort Space Type": "Memory"},{"Worker Number": 1,"Sort Method": "quicksort","Sort Space Used": 283,"Sort Space Type": "Memory"}],"Plans": [{"Node Type": "Hash Join","Parent Relationship": "Outer","Parallel Aware": false,"Async Capable": false,"Join Type": "Inner","Startup Cost": 475.27,"Total Cost": 20479.67,"Plan Rows": 601,"Plan Width": 116,"Actual Startup Time": 15.141,"Actual Total Time": 797.817,"Actual Rows": 2431,"Actual Loops": 3,"Inner Unique": true,"Hash Cond": "((lineitem.l_suppkey = supplier.s_suppkey) AND (customer.c_nationkey = supplier.s_nationkey))","Workers": [],"Plans": [{"Node Type": "Nested Loop","Parent Relationship": "Outer","Parallel Aware": false,"Async Capable": false,"Join Type": "Inner","Startup Cost": 3.27,"Total Cost": 19928.78,"Plan Rows": 15027,"Plan Width": 128,"Actual Startup Time": 0.731,"Actual Total Time": 752.135,"Actual Rows": 59947,"Actual Loops": 3,"Inner Unique": false,"Workers": [],"Plans": [{"Node Type": "Nested Loop","Parent Relationship": "Outer","Parallel Aware": false,"Async Capable": false,"Join Type": "Inner","Startup Cost": 2.84,"Total Cost": 8414.26,"Plan Rows": 3756,"Plan Width": 116,"Actual Startup Time": 0.592,"Actual Total Time": 450.459,"Actual Rows": 14972,"Actual Loops": 3,"Inner Unique": false,"Workers": [],"Plans": [{"Node Type": "Hash Join","Parent Relationship": "Outer","Parallel Aware": false,"Async Capable": false,"Join Type": "Inner","Startup Cost": 2.41,"Total Cost": 4471.79,"Plan Rows": 2500,"Plan Width": 116,"Actual Startup Time": 0.291,"Actual Total Time": 55.680,"Actual Rows": 9968,"Actual Loops": 3,"Inner Unique": false,"Hash Cond": "(customer.c_nationkey = nation.n_nationkey)","Workers": [],"Plans": [{"Node Type": "Seq Scan","Parent Relationship": "Outer","Parallel Aware": true,"Async Capable": false,"Relation Name": "customer","Alias": "customer","Startup Cost": 0.00,"Total Cost": 4210.00,"Plan Rows": 62500,"Plan Width": 8,"Actual Startup Time": 0.021,"Actual Total Time": 9.583,"Actual Rows": 50000,"Actual Loops": 3,"Workers": []},{"Node Type": "Hash","Parent Relationship": "Inner","Parallel Aware": false,"Async Capable": false,"Startup Cost": 2.40,"Total Cost": 2.40,"Plan Rows": 1,"Plan Width": 108,"Actual Startup Time": 0.165,"Actual Total Time": 0.187,"Actual Rows": 5,"Actual Loops": 3,"Hash Buckets": 1024,"Original Hash Buckets": 1024,"Hash Batches": 1,"Original Hash Batches": 1,"Peak Memory Usage": 9,"Workers": [],"Plans": [{"Node Type": "Hash Join","Parent Relationship": "Outer","Parallel Aware": false,"Async Capable": false,"Join Type": "Inner","Startup Cost": 1.07,"Total Cost": 2.40,"Plan Rows": 1,"Plan Width": 108,"Actual Startup Time": 0.151,"Actual Total Time": 0.177,"Actual Rows": 5,"Actual Loops": 3,"Inner Unique": true,"Hash Cond": "(nation.n_regionkey = region.r_regionkey)","Workers": [],"Plans": [{"Node Type": "Seq Scan","Parent Relationship": "Outer","Parallel Aware": false,"Async Capable": false,"Relation Name": "nation","Alias": "nation","Startup Cost": 0.00,"Total Cost": 1.25,"Plan Rows": 25,"Plan Width": 112,"Actual Startup Time": 0.067,"Actual Total Time": 0.072,"Actual Rows": 25,"Actual Loops": 3,"Workers": []},{"Node Type": "Hash","Parent Relationship": "Inner","Parallel Aware": false,"Async Capable": false,"Startup Cost": 1.06,"Total Cost": 1.06,"Plan Rows": 1,"Plan Width": 4,"Actual Startup Time": 0.055,"Actual Total Time": 0.063,"Actual Rows": 1,"Actual Loops": 3,"Hash Buckets": 1024,"Original Hash Buckets": 1024,"Hash Batches": 1,"Original Hash Batches": 1,"Peak Memory Usage": 9,"Workers": [],"Plans": [{"Node Type": "Seq Scan","Parent Relationship": "Outer","Parallel Aware": false,"Async Capable": false,"Relation Name": "region","Alias": "region","Startup Cost": 0.00,"Total Cost": 1.06,"Plan Rows": 1,"Plan Width": 4,"Actual Startup Time": 0.042,"Actual Total Time": 0.044,"Actual Rows": 1,"Actual Loops": 3,"Filter": "(r_name = 'MIDDLE EAST'::bpchar)","Rows Removed by Filter": 4,"Workers": []}]}]}]}]},{"Node Type": "Index Scan","Parent Relationship": "Inner","Parallel Aware": false,"Async Capable": false,"Scan Direction": "Forward","Index Name": "idx_orders_custkey","Relation Name": "orders","Alias": "orders","Startup Cost": 0.43,"Total Cost": 1.55,"Plan Rows": 3,"Plan Width": 8,"Actual Startup Time": 0.017,"Actual Total Time": 0.039,"Actual Rows": 2,"Actual Loops": 29904,"Index Cond": "(o_custkey = customer.c_custkey)","Rows Removed by Index Recheck": 0,"Filter": "((o_orderdate >= '1993-01-01'::date) AND (o_orderdate < '1994-01-01 00:00:00'::timestamp without time zone))","Rows Removed by Filter": 8,"Workers": []}]},{"Node Type": "Index Scan","Parent Relationship": "Inner","Parallel Aware": false,"Async Capable": false,"Scan Direction": "Forward","Index Name": "idx_lineitem_orderkey","Relation Name": "lineitem","Alias": "lineitem","Startup Cost": 0.43,"Total Cost": 2.90,"Plan Rows": 17,"Plan Width": 20,"Actual Startup Time": 0.017,"Actual Total Time": 0.019,"Actual Rows": 4,"Actual Loops": 44917,"Index Cond": "(l_orderkey = orders.o_orderkey)","Rows Removed by Index Recheck": 0,"Workers": []}]},{"Node Type": "Hash","Parent Relationship": "Inner","Parallel Aware": false,"Async Capable": false,"Startup Cost": 322.00,"Total Cost": 322.00,"Plan Rows": 10000,"Plan Width": 8,"Actual Startup Time": 13.351,"Actual Total Time": 13.355,"Actual Rows": 10000,"Actual Loops": 3,"Hash Buckets": 16384,"Original Hash Buckets": 16384,"Hash Batches": 1,"Original Hash Batches": 1,"Peak Memory Usage": 519,"Workers": [],"Plans": [{"Node Type": "Seq Scan","Parent Relationship": "Outer","Parallel Aware": false,"Async Capable": false,"Relation Name": "supplier","Alias": "supplier","Startup Cost": 0.00,"Total Cost": 322.00,"Plan Rows": 10000,"Plan Width": 8,"Actual Startup Time": 0.056,"Actual Total Time": 11.541,"Actual Rows": 10000,"Actual Loops": 3,"Workers": []}]}]}]}]}]}]}]},"Planning Time": 9.915,"Triggers": [],"Execution Time": 840.541}]
[{"Plan": {"Node Type": "Sort","Parallel Aware": false,"Async Capable": false,"Startup Cost": 21565.81,"Total Cost": 21565.87,"Plan Rows": 25,"Plan Width": 136,"Actual Startup Time": 823.071,"Actual Total Time": 855.607,"Actual Rows": 5,"Actual Loops": 1,"Sort Key": ["(sum((lineitem.l_extendedprice * ('1'::numeric - lineitem.l_discount)))) DESC"],"Sort Method": "quicksort","Sort Space Used": 25,"Sort Space Type": "Memory","Plans": [{"Node Type": "Aggregate","Strategy": "Sorted","Partial Mode": "Finalize","Parent Relationship": "Outer","Parallel Aware": false,"Async Capable": false,"Startup Cost": 21550.86,"Total Cost": 21565.23,"Plan Rows": 25,"Plan Width": 136,"Actual Startup Time": 822.468,"Actual Total Time": 855.547,"Actual Rows": 5,"Actual Loops": 1,"Group Key": ["nation.n_name"],"Plans": [{"Node Type": "Gather Merge","Parent Relationship": "Outer","Parallel Aware": false,"Async Capable": false,"Startup Cost": 21550.86,"Total Cost": 21564.54,"Plan Rows": 50,"Plan Width": 136,"Actual Startup Time": 822.203,"Actual Total Time": 855.489,"Actual Rows": 15,"Actual Loops": 1,"Workers Planned": 2,"Workers Launched": 2,"Plans": [{"Node Type": "Aggregate","Strategy": "Sorted","Partial Mode": "Partial","Parent Relationship": "Outer","Parallel Aware": false,"Async Capable": false,"Startup Cost": 20550.84,"Total Cost": 20558.75,"Plan Rows": 25,"Plan Width": 136,"Actual Startup Time": 814.240,"Actual Total Time": 814.959,"Actual Rows": 5,"Actual Loops": 3,"Group Key": ["nation.n_name"],"Workers": [],"Plans": [{"Node Type": "Sort","Parent Relationship": "Outer","Parallel Aware": false,"Async Capable": false,"Startup Cost": 20550.84,"Total Cost": 20552.36,"Plan Rows": 608,"Plan Width": 116,"Actual Startup Time": 814.029,"Actual Total Time": 814.149,"Actual Rows": 2473,"Actual Loops": 3,"Sort Key": ["nation.n_name"],"Sort Method": "quicksort","Sort Space Used": 297,"Sort Space Type": "Memory","Workers": [{"Worker Number": 0,"Sort Method": "quicksort","Sort Space Used": 287,"Sort Space Type": "Memory"},{"Worker Number": 1,"Sort Method": "quicksort","Sort Space Used": 284,"Sort Space Type": "Memory"}],"Plans": [{"Node Type": "Hash Join","Parent Relationship": "Outer","Parallel Aware": false,"Async Capable": false,"Join Type": "Inner","Startup Cost": 475.27,"Total Cost": 20522.72,"Plan Rows": 608,"Plan Width": 116,"Actual Startup Time": 11.318,"Actual Total Time": 812.483,"Actual Rows": 2473,"Actual Loops": 3,"Inner Unique": true,"Hash Cond": "((lineitem.l_suppkey = supplier.s_suppkey) AND (customer.c_nationkey = supplier.s_nationkey))","Workers": [],"Plans": [{"Node Type": "Nested Loop","Parent Relationship": "Outer","Parallel Aware": false,"Async Capable": false,"Join Type": "Inner","Startup Cost": 3.27,"Total Cost": 19970.84,"Plan Rows": 15215,"Plan Width": 128,"Actual Startup Time": 0.595,"Actual Total Time": 768.935,"Actual Rows": 60276,"Actual Loops": 3,"Inner Unique": false,"Workers": [],"Plans": [{"Node Type": "Nested Loop","Parent Relationship": "Outer","Parallel Aware": false,"Async Capable": false,"Join Type": "Inner","Startup Cost": 2.84,"Total Cost": 8414.26,"Plan Rows": 3803,"Plan Width": 116,"Actual Startup Time": 0.466,"Actual Total Time": 464.532,"Actual Rows": 15032,"Actual Loops": 3,"Inner Unique": false,"Workers": [],"Plans": [{"Node Type": "Hash Join","Parent Relationship": "Outer","Parallel Aware": false,"Async Capable": false,"Join Type": "Inner","Startup Cost": 2.41,"Total Cost": 4471.79,"Plan Rows": 2500,"Plan Width": 116,"Actual Startup Time": 0.243,"Actual Total Time": 60.744,"Actual Rows": 9968,"Actual Loops": 3,"Inner Unique": false,"Hash Cond": "(customer.c_nationkey = nation.n_nationkey)","Workers": [],"Plans": [{"Node Type": "Seq Scan","Parent Relationship": "Outer","Parallel Aware": true,"Async Capable": false,"Relation Name": "customer","Alias": "customer","Startup Cost": 0.00,"Total Cost": 4210.00,"Plan Rows": 62500,"Plan Width": 8,"Actual Startup Time": 0.012,"Actual Total Time": 10.205,"Actual Rows": 50000,"Actual Loops": 3,"Workers": []},{"Node Type": "Hash","Parent Relationship": "Inner","Parallel Aware": false,"Async Capable": false,"Startup Cost": 2.40,"Total Cost": 2.40,"Plan Rows": 1,"Plan Width": 108,"Actual Startup Time": 0.142,"Actual Total Time": 0.157,"Actual Rows": 5,"Actual Loops": 3,"Hash Buckets": 1024,"Original Hash Buckets": 1024,"Hash Batches": 1,"Original Hash Batches": 1,"Peak Memory Usage": 9,"Workers": [],"Plans": [{"Node Type": "Hash Join","Parent Relationship": "Outer","Parallel Aware": false,"Async Capable": false,"Join Type": "Inner","Startup Cost": 1.07,"Total Cost": 2.40,"Plan Rows": 1,"Plan Width": 108,"Actual Startup Time": 0.130,"Actual Total Time": 0.149,"Actual Rows": 5,"Actual Loops": 3,"Inner Unique": true,"Hash Cond": "(nation.n_regionkey = region.r_regionkey)","Workers": [],"Plans": [{"Node Type": "Seq Scan","Parent Relationship": "Outer","Parallel Aware": false,"Async Capable": false,"Relation Name": "nation","Alias": "nation","Startup Cost": 0.00,"Total Cost": 1.25,"Plan Rows": 25,"Plan Width": 112,"Actual Startup Time": 0.040,"Actual Total Time": 0.044,"Actual Rows": 25,"Actual Loops": 3,"Workers": []},{"Node Type": "Hash","Parent Relationship": "Inner","Parallel Aware": false,"Async Capable": false,"Startup Cost": 1.06,"Total Cost": 1.06,"Plan Rows": 1,"Plan Width": 4,"Actual Startup Time": 0.063,"Actual Total Time": 0.068,"Actual Rows": 1,"Actual Loops": 3,"Hash Buckets": 1024,"Original Hash Buckets": 1024,"Hash Batches": 1,"Original Hash Batches": 1,"Peak Memory Usage": 9,"Workers": [],"Plans": [{"Node Type": "Seq Scan","Parent Relationship": "Outer","Parallel Aware": false,"Async Capable": false,"Relation Name": "region","Alias": "region","Startup Cost": 0.00,"Total Cost": 1.06,"Plan Rows": 1,"Plan Width": 4,"Actual Startup Time": 0.045,"Actual Total Time": 0.047,"Actual Rows": 1,"Actual Loops": 3,"Filter": "(r_name = 'MIDDLE EAST'::bpchar)","Rows Removed by Filter": 4,"Workers": []}]}]}]}]},{"Node Type": "Index Scan","Parent Relationship": "Inner","Parallel Aware": false,"Async Capable": false,"Scan Direction": "Forward","Index Name": "idx_orders_custkey","Relation Name": "orders","Alias": "orders","Startup Cost": 0.43,"Total Cost": 1.55,"Plan Rows": 3,"Plan Width": 8,"Actual Startup Time": 0.017,"Actual Total Time": 0.040,"Actual Rows": 2,"Actual Loops": 29904,"Index Cond": "(o_custkey = customer.c_custkey)","Rows Removed by Index Recheck": 0,"Filter": "((o_orderdate >= '1997-01-01'::date) AND (o_orderdate < '1998-01-01 00:00:00'::timestamp without time zone))","Rows Removed by Filter": 8,"Workers": []}]},{"Node Type": "Index Scan","Parent Relationship": "Inner","Parallel Aware": false,"Async Capable": false,"Scan Direction": "Forward","Index Name": "idx_lineitem_orderkey","Relation Name": "lineitem","Alias": "lineitem","Startup Cost": 0.43,"Total Cost": 2.87,"Plan Rows": 17,"Plan Width": 20,"Actual Startup Time": 0.017,"Actual Total Time": 0.019,"Actual Rows": 4,"Actual Loops": 45096,"Index Cond": "(l_orderkey = orders.o_orderkey)","Rows Removed by Index Recheck": 0,"Workers": []}]},{"Node Type": "Hash","Parent Relationship": "Inner","Parallel Aware": false,"Async Capable": false,"Startup Cost": 322.00,"Total Cost": 322.00,"Plan Rows": 10000,"Plan Width": 8,"Actual Startup Time": 9.890,"Actual Total Time": 9.894,"Actual Rows": 10000,"Actual Loops": 3,"Hash Buckets": 16384,"Original Hash Buckets": 16384,"Hash Batches": 1,"Original Hash Batches": 1,"Peak Memory Usage": 519,"Workers": [],"Plans": [{"Node Type": "Seq Scan","Parent Relationship": "Outer","Parallel Aware": false,"Async Capable": false,"Relation Name": "supplier","Alias": "supplier","Startup Cost": 0.00,"Total Cost": 322.00,"Plan Rows": 10000,"Plan Width": 8,"Actual Startup Time": 0.039,"Actual Total Time": 7.896,"Actual Rows": 10000,"Actual Loops": 3,"Workers": []}]}]}]}]}]}]}]},"Planning Time": 11.619,"Triggers": [],"Execution Time": 856.108}]
[{"Plan": {"Node Type": "Sort","Parallel Aware": false,"Async Capable": false,"Startup Cost": 21522.30,"Total Cost": 21522.36,"Plan Rows": 25,"Plan Width": 136,"Actual Startup Time": 803.252,"Actual Total Time": 834.286,"Actual Rows": 5,"Actual Loops": 1,"Sort Key": ["(sum((lineitem.l_extendedprice * ('1'::numeric - lineitem.l_discount)))) DESC"],"Sort Method": "quicksort","Sort Space Used": 25,"Sort Space Type": "Memory","Plans": [{"Node Type": "Aggregate","Strategy": "Sorted","Partial Mode": "Finalize","Parent Relationship": "Outer","Parallel Aware": false,"Async Capable": false,"Startup Cost": 21507.43,"Total Cost": 21521.72,"Plan Rows": 25,"Plan Width": 136,"Actual Startup Time": 802.651,"Actual Total Time": 834.228,"Actual Rows": 5,"Actual Loops": 1,"Group Key": ["nation.n_name"],"Plans": [{"Node Type": "Gather Merge","Parent Relationship": "Outer","Parallel Aware": false,"Async Capable": false,"Startup Cost": 21507.43,"Total Cost": 21521.03,"Plan Rows": 50,"Plan Width": 136,"Actual Startup Time": 802.434,"Actual Total Time": 834.170,"Actual Rows": 15,"Actual Loops": 1,"Workers Planned": 2,"Workers Launched": 2,"Plans": [{"Node Type": "Aggregate","Strategy": "Sorted","Partial Mode": "Partial","Parent Relationship": "Outer","Parallel Aware": false,"Async Capable": false,"Startup Cost": 20507.41,"Total Cost": 20515.23,"Plan Rows": 25,"Plan Width": 136,"Actual Startup Time": 794.928,"Actual Total Time": 795.651,"Actual Rows": 5,"Actual Loops": 3,"Group Key": ["nation.n_name"],"Workers": [],"Plans": [{"Node Type": "Sort","Parent Relationship": "Outer","Parallel Aware": false,"Async Capable": false,"Startup Cost": 20507.41,"Total Cost": 20508.91,"Plan Rows": 601,"Plan Width": 116,"Actual Startup Time": 794.703,"Actual Total Time": 794.843,"Actual Rows": 2409,"Actual Loops": 3,"Sort Key": ["nation.n_name"],"Sort Method": "quicksort","Sort Space Used": 286,"Sort Space Type": "Memory","Workers": [{"Worker Number": 0,"Sort Method": "quicksort","Sort Space Used": 276,"Sort Space Type": "Memory"},{"Worker Number": 1,"Sort Method": "quicksort","Sort Space Used": 293,"Sort Space Type": "Memory"}],"Plans": [{"Node Type": "Hash Join","Parent Relationship": "Outer","Parallel Aware": false,"Async Capable": false,"Join Type": "Inner","Startup Cost": 475.27,"Total Cost": 20479.67,"Plan Rows": 601,"Plan Width": 116,"Actual Startup Time": 9.777,"Actual Total Time": 793.218,"Actual Rows": 2409,"Actual Loops": 3,"Inner Unique": true,"Hash Cond": "((lineitem.l_suppkey = supplier.s_suppkey) AND (customer.c_nationkey = supplier.s_nationkey))","Workers": [],"Plans": [{"Node Type": "Nested Loop","Parent Relationship": "Outer","Parallel Aware": false,"Async Capable": false,"Join Type": "Inner","Startup Cost": 3.27,"Total Cost": 19928.78,"Plan Rows": 15027,"Plan Width": 128,"Actual Startup Time": 0.619,"Actual Total Time": 753.080,"Actual Rows": 60488,"Actual Loops": 3,"Inner Unique": false,"Workers": [],"Plans": [{"Node Type": "Nested Loop","Parent Relationship": "Outer","Parallel Aware": false,"Async Capable": false,"Join Type": "Inner","Startup Cost": 2.84,"Total Cost": 8414.26,"Plan Rows": 3756,"Plan Width": 116,"Actual Startup Time": 0.516,"Actual Total Time": 449.946,"Actual Rows": 15093,"Actual Loops": 3,"Inner Unique": false,"Workers": [],"Plans": [{"Node Type": "Hash Join","Parent Relationship": "Outer","Parallel Aware": false,"Async Capable": false,"Join Type": "Inner","Startup Cost": 2.41,"Total Cost": 4471.79,"Plan Rows": 2500,"Plan Width": 116,"Actual Startup Time": 0.243,"Actual Total Time": 55.930,"Actual Rows": 9921,"Actual Loops": 3,"Inner Unique": false,"Hash Cond": "(customer.c_nationkey = nation.n_nationkey)","Workers": [],"Plans": [{"Node Type": "Seq Scan","Parent Relationship": "Outer","Parallel Aware": true,"Async Capable": false,"Relation Name": "customer","Alias": "customer","Startup Cost": 0.00,"Total Cost": 4210.00,"Plan Rows": 62500,"Plan Width": 8,"Actual Startup Time": 0.017,"Actual Total Time": 9.588,"Actual Rows": 50000,"Actual Loops": 3,"Workers": []},{"Node Type": "Hash","Parent Relationship": "Inner","Parallel Aware": false,"Async Capable": false,"Startup Cost": 2.40,"Total Cost": 2.40,"Plan Rows": 1,"Plan Width": 108,"Actual Startup Time": 0.143,"Actual Total Time": 0.169,"Actual Rows": 5,"Actual Loops": 3,"Hash Buckets": 1024,"Original Hash Buckets": 1024,"Hash Batches": 1,"Original Hash Batches": 1,"Peak Memory Usage": 9,"Workers": [],"Plans": [{"Node Type": "Hash Join","Parent Relationship": "Outer","Parallel Aware": false,"Async Capable": false,"Join Type": "Inner","Startup Cost": 1.07,"Total Cost": 2.40,"Plan Rows": 1,"Plan Width": 108,"Actual Startup Time": 0.126,"Actual Total Time": 0.159,"Actual Rows": 5,"Actual Loops": 3,"Inner Unique": true,"Hash Cond": "(nation.n_regionkey = region.r_regionkey)","Workers": [],"Plans": [{"Node Type": "Seq Scan","Parent Relationship": "Outer","Parallel Aware": false,"Async Capable": false,"Relation Name": "nation","Alias": "nation","Startup Cost": 0.00,"Total Cost": 1.25,"Plan Rows": 25,"Plan Width": 112,"Actual Startup Time": 0.045,"Actual Total Time": 0.050,"Actual Rows": 25,"Actual Loops": 3,"Workers": []},{"Node Type": "Hash","Parent Relationship": "Inner","Parallel Aware": false,"Async Capable": false,"Startup Cost": 1.06,"Total Cost": 1.06,"Plan Rows": 1,"Plan Width": 4,"Actual Startup Time": 0.052,"Actual Total Time": 0.063,"Actual Rows": 1,"Actual Loops": 3,"Hash Buckets": 1024,"Original Hash Buckets": 1024,"Hash Batches": 1,"Original Hash Batches": 1,"Peak Memory Usage": 9,"Workers": [],"Plans": [{"Node Type": "Seq Scan","Parent Relationship": "Outer","Parallel Aware": false,"Async Capable": false,"Relation Name": "region","Alias": "region","Startup Cost": 0.00,"Total Cost": 1.06,"Plan Rows": 1,"Plan Width": 4,"Actual Startup Time": 0.036,"Actual Total Time": 0.041,"Actual Rows": 1,"Actual Loops": 3,"Filter": "(r_name = 'AFRICA'::bpchar)","Rows Removed by Filter": 4,"Workers": []}]}]}]}]},{"Node Type": "Index Scan","Parent Relationship": "Inner","Parallel Aware": false,"Async Capable": false,"Scan Direction": "Forward","Index Name": "idx_orders_custkey","Relation Name": "orders","Alias": "orders","Startup Cost": 0.43,"Total Cost": 1.55,"Plan Rows": 3,"Plan Width": 8,"Actual Startup Time": 0.017,"Actual Total Time": 0.039,"Actual Rows": 2,"Actual Loops": 29764,"Index Cond": "(o_custkey = customer.c_custkey)","Rows Removed by Index Recheck": 0,"Filter": "((o_orderdate >= '1993-01-01'::date) AND (o_orderdate < '1994-01-01 00:00:00'::timestamp without time zone))","Rows Removed by Filter": 9,"Workers": []}]},{"Node Type": "Index Scan","Parent Relationship": "Inner","Parallel Aware": false,"Async Capable": false,"Scan Direction": "Forward","Index Name": "idx_lineitem_orderkey","Relation Name": "lineitem","Alias": "lineitem","Startup Cost": 0.43,"Total Cost": 2.90,"Plan Rows": 17,"Plan Width": 20,"Actual Startup Time": 0.017,"Actual Total Time": 0.019,"Actual Rows": 4,"Actual Loops": 45280,"Index Cond": "(l_orderkey = orders.o_orderkey)","Rows Removed by Index Recheck": 0,"Workers": []}]},{"Node Type": "Hash","Parent Relationship": "Inner","Parallel Aware": false,"Async Capable": false,"Startup Cost": 322.00,"Total Cost": 322.00,"Plan Rows": 10000,"Plan Width": 8,"Actual Startup Time": 8.121,"Actual Total Time": 8.126,"Actual Rows": 10000,"Actual Loops": 3,"Hash Buckets": 16384,"Original Hash Buckets": 16384,"Hash Batches": 1,"Original Hash Batches": 1,"Peak Memory Usage": 519,"Workers": [],"Plans": [{"Node Type": "Seq Scan","Parent Relationship": "Outer","Parallel Aware": false,"Async Capable": false,"Relation Name": "supplier","Alias": "supplier","Startup Cost": 0.00,"Total Cost": 322.00,"Plan Rows": 10000,"Plan Width": 8,"Actual Startup Time": 0.036,"Actual Total Time": 6.327,"Actual Rows": 10000,"Actual Loops": 3,"Workers": []}]}]}]}]}]}]}]},"Planning Time": 9.902,"Triggers": [],"Execution Time": 834.900}]
[{"Plan": {"Node Type": "Sort","Parallel Aware": false,"Async Capable": false,"Startup Cost": 21612.43,"Total Cost": 21612.50,"Plan Rows": 25,"Plan Width": 136,"Actual Startup Time": 812.208,"Actual Total Time": 844.906,"Actual Rows": 5,"Actual Loops": 1,"Sort Key": ["(sum((lineitem.l_extendedprice * ('1'::numeric - lineitem.l_discount)))) DESC"],"Sort Method": "quicksort","Sort Space Used": 25,"Sort Space Type": "Memory","Plans": [{"Node Type": "Aggregate","Strategy": "Sorted","Partial Mode": "Finalize","Parent Relationship": "Outer","Parallel Aware": false,"Async Capable": false,"Startup Cost": 21597.38,"Total Cost": 21611.85,"Plan Rows": 25,"Plan Width": 136,"Actual Startup Time": 811.577,"Actual Total Time": 844.848,"Actual Rows": 5,"Actual Loops": 1,"Group Key": ["nation.n_name"],"Plans": [{"Node Type": "Gather Merge","Parent Relationship": "Outer","Parallel Aware": false,"Async Capable": false,"Startup Cost": 21597.38,"Total Cost": 21611.17,"Plan Rows": 50,"Plan Width": 136,"Actual Startup Time": 811.381,"Actual Total Time": 844.798,"Actual Rows": 15,"Actual Loops": 1,"Workers Planned": 2,"Workers Launched": 2,"Plans": [{"Node Type": "Aggregate","Strategy": "Sorted","Partial Mode": "Partial","Parent Relationship": "Outer","Parallel Aware": false,"Async Capable": false,"Startup Cost": 20597.36,"Total Cost": 20605.37,"Plan Rows": 25,"Plan Width": 136,"Actual Startup Time": 803.972,"Actual Total Time": 804.698,"Actual Rows": 5,"Actual Loops": 3,"Group Key": ["nation.n_name"],"Workers": [],"Plans": [{"Node Type": "Sort","Parent Relationship": "Outer","Parallel Aware": false,"Async Capable": false,"Startup Cost": 20597.36,"Total Cost": 20598.90,"Plan Rows": 616,"Plan Width": 116,"Actual Startup Time": 803.767,"Actual Total Time": 803.896,"Actual Rows": 2458,"Actual Loops": 3,"Sort Key": ["nation.n_name"],"Sort Method": "quicksort","Sort Space Used": 292,"Sort Space Type": "Memory","Workers": [{"Worker Number": 0,"Sort Method": "quicksort","Sort Space Used": 287,"Sort Space Type": "Memory"},{"Worker Number": 1,"Sort Method": "quicksort","Sort Space Used": 286,"Sort Space Type": "Memory"}],"Plans": [{"Node Type": "Hash Join","Parent Relationship": "Outer","Parallel Aware": false,"Async Capable": false,"Join Type": "Inner","Startup Cost": 475.27,"Total Cost": 20568.82,"Plan Rows": 616,"Plan Width": 116,"Actual Startup Time": 9.755,"Actual Total Time": 802.240,"Actual Rows": 2458,"Actual Loops": 3,"Inner Unique": true,"Hash Cond": "((lineitem.l_suppkey = supplier.s_suppkey) AND (customer.c_nationkey = supplier.s_nationkey))","Workers": [],"Plans": [{"Node Type": "Nested Loop","Parent Relationship": "Outer","Parallel Aware": false,"Async Capable": false,"Join Type": "Inner","Startup Cost": 3.27,"Total Cost": 20015.89,"Plan Rows": 15415,"Plan Width": 128,"Actual Startup Time": 0.708,"Actual Total Time": 760.379,"Actual Rows": 60417,"Actual Loops": 3,"Inner Unique": false,"Workers": [],"Plans": [{"Node Type": "Nested Loop","Parent Relationship": "Outer","Parallel Aware": false,"Async Capable": false,"Join Type": "Inner","Startup Cost": 2.84,"Total Cost": 8414.26,"Plan Rows": 3853,"Plan Width": 116,"Actual Startup Time": 0.563,"Actual Total Time": 454.038,"Actual Rows": 15112,"Actual Loops": 3,"Inner Unique": false,"Workers": [],"Plans": [{"Node Type": "Hash Join","Parent Relationship": "Outer","Parallel Aware": false,"Async Capable": false,"Join Type": "Inner","Startup Cost": 2.41,"Total Cost": 4471.79,"Plan Rows": 2500,"Plan Width": 116,"Actual Startup Time": 0.264,"Actual Total Time": 54.641,"Actual Rows": 9984,"Actual Loops": 3,"Inner Unique": false,"Hash Cond": "(customer.c_nationkey = nation.n_nationkey)","Workers": [],"Plans": [{"Node Type": "Seq Scan","Parent Relationship": "Outer","Parallel Aware": true,"Async Capable": false,"Relation Name": "customer","Alias": "customer","Startup Cost": 0.00,"Total Cost": 4210.00,"Plan Rows": 62500,"Plan Width": 8,"Actual Startup Time": 0.019,"Actual Total Time": 9.602,"Actual Rows": 50000,"Actual Loops": 3,"Workers": []},{"Node Type": "Hash","Parent Relationship": "Inner","Parallel Aware": false,"Async Capable": false,"Startup Cost": 2.40,"Total Cost": 2.40,"Plan Rows": 1,"Plan Width": 108,"Actual Startup Time": 0.143,"Actual Total Time": 0.163,"Actual Rows": 5,"Actual Loops": 3,"Hash Buckets": 1024,"Original Hash Buckets": 1024,"Hash Batches": 1,"Original Hash Batches": 1,"Peak Memory Usage": 9,"Workers": [],"Plans": [{"Node Type": "Hash Join","Parent Relationship": "Outer","Parallel Aware": false,"Async Capable": false,"Join Type": "Inner","Startup Cost": 1.07,"Total Cost": 2.40,"Plan Rows": 1,"Plan Width": 108,"Actual Startup Time": 0.129,"Actual Total Time": 0.153,"Actual Rows": 5,"Actual Loops": 3,"Inner Unique": true,"Hash Cond": "(nation.n_regionkey = region.r_regionkey)","Workers": [],"Plans": [{"Node Type": "Seq Scan","Parent Relationship": "Outer","Parallel Aware": false,"Async Capable": false,"Relation Name": "nation","Alias": "nation","Startup Cost": 0.00,"Total Cost": 1.25,"Plan Rows": 25,"Plan Width": 112,"Actual Startup Time": 0.046,"Actual Total Time": 0.051,"Actual Rows": 25,"Actual Loops": 3,"Workers": []},{"Node Type": "Hash","Parent Relationship": "Inner","Parallel Aware": false,"Async Capable": false,"Startup Cost": 1.06,"Total Cost": 1.06,"Plan Rows": 1,"Plan Width": 4,"Actual Startup Time": 0.053,"Actual Total Time": 0.059,"Actual Rows": 1,"Actual Loops": 3,"Hash Buckets": 1024,"Original Hash Buckets": 1024,"Hash Batches": 1,"Original Hash Batches": 1,"Peak Memory Usage": 9,"Workers": [],"Plans": [{"Node Type": "Seq Scan","Parent Relationship": "Outer","Parallel Aware": false,"Async Capable": false,"Relation Name": "region","Alias": "region","Startup Cost": 0.00,"Total Cost": 1.06,"Plan Rows": 1,"Plan Width": 4,"Actual Startup Time": 0.038,"Actual Total Time": 0.040,"Actual Rows": 1,"Actual Loops": 3,"Filter": "(r_name = 'AMERICA'::bpchar)","Rows Removed by Filter": 4,"Workers": []}]}]}]}]},{"Node Type": "Index Scan","Parent Relationship": "Inner","Parallel Aware": false,"Async Capable": false,"Scan Direction": "Forward","Index Name": "idx_orders_custkey","Relation Name": "orders","Alias": "orders","Startup Cost": 0.43,"Total Cost": 1.55,"Plan Rows": 3,"Plan Width": 8,"Actual Startup Time": 0.017,"Actual Total Time": 0.040,"Actual Rows": 2,"Actual Loops": 29952,"Index Cond": "(o_custkey = customer.c_custkey)","Rows Removed by Index Recheck": 0,"Filter": "((o_orderdate >= '1994-01-01'::date) AND (o_orderdate < '1995-01-01 00:00:00'::timestamp without time zone))","Rows Removed by Filter": 8,"Workers": []}]},{"Node Type": "Index Scan","Parent Relationship": "Inner","Parallel Aware": false,"Async Capable": false,"Scan Direction": "Forward","Index Name": "idx_lineitem_orderkey","Relation Name": "lineitem","Alias": "lineitem","Startup Cost": 0.43,"Total Cost": 2.84,"Plan Rows": 17,"Plan Width": 20,"Actual Startup Time": 0.017,"Actual Total Time": 0.020,"Actual Rows": 4,"Actual Loops": 45335,"Index Cond": "(l_orderkey = orders.o_orderkey)","Rows Removed by Index Recheck": 0,"Workers": []}]},{"Node Type": "Hash","Parent Relationship": "Inner","Parallel Aware": false,"Async Capable": false,"Startup Cost": 322.00,"Total Cost": 322.00,"Plan Rows": 10000,"Plan Width": 8,"Actual Startup Time": 8.509,"Actual Total Time": 8.512,"Actual Rows": 10000,"Actual Loops": 3,"Hash Buckets": 16384,"Original Hash Buckets": 16384,"Hash Batches": 1,"Original Hash Batches": 1,"Peak Memory Usage": 519,"Workers": [],"Plans": [{"Node Type": "Seq Scan","Parent Relationship": "Outer","Parallel Aware": false,"Async Capable": false,"Relation Name": "supplier","Alias": "supplier","Startup Cost": 0.00,"Total Cost": 322.00,"Plan Rows": 10000,"Plan Width": 8,"Actual Startup Time": 0.036,"Actual Total Time": 6.673,"Actual Rows": 10000,"Actual Loops": 3,"Workers": []}]}]}]}]}]}]}]},"Planning Time": 10.649,"Triggers": [],"Execution Time": 845.482}]
[{"Plan": {"Node Type": "Sort","Parallel Aware": false,"Async Capable": false,"Startup Cost": 21565.81,"Total Cost": 21565.87,"Plan Rows": 25,"Plan Width": 136,"Actual Startup Time": 833.811,"Actual Total Time": 865.523,"Actual Rows": 5,"Actual Loops": 1,"Sort Key": ["(sum((lineitem.l_extendedprice * ('1'::numeric - lineitem.l_discount)))) DESC"],"Sort Method": "quicksort","Sort Space Used": 25,"Sort Space Type": "Memory","Plans": [{"Node Type": "Aggregate","Strategy": "Sorted","Partial Mode": "Finalize","Parent Relationship": "Outer","Parallel Aware": false,"Async Capable": false,"Startup Cost": 21550.86,"Total Cost": 21565.23,"Plan Rows": 25,"Plan Width": 136,"Actual Startup Time": 833.271,"Actual Total Time": 865.478,"Actual Rows": 5,"Actual Loops": 1,"Group Key": ["nation.n_name"],"Plans": [{"Node Type": "Gather Merge","Parent Relationship": "Outer","Parallel Aware": false,"Async Capable": false,"Startup Cost": 21550.86,"Total Cost": 21564.54,"Plan Rows": 50,"Plan Width": 136,"Actual Startup Time": 833.025,"Actual Total Time": 865.435,"Actual Rows": 15,"Actual Loops": 1,"Workers Planned": 2,"Workers Launched": 2,"Plans": [{"Node Type": "Aggregate","Strategy": "Sorted","Partial Mode": "Partial","Parent Relationship": "Outer","Parallel Aware": false,"Async Capable": false,"Startup Cost": 20550.84,"Total Cost": 20558.75,"Plan Rows": 25,"Plan Width": 136,"Actual Startup Time": 825.546,"Actual Total Time": 826.255,"Actual Rows": 5,"Actual Loops": 3,"Group Key": ["nation.n_name"],"Workers": [],"Plans": [{"Node Type": "Sort","Parent Relationship": "Outer","Parallel Aware": false,"Async Capable": false,"Startup Cost": 20550.84,"Total Cost": 20552.36,"Plan Rows": 608,"Plan Width": 116,"Actual Startup Time": 825.323,"Actual Total Time": 825.450,"Actual Rows": 2415,"Actual Loops": 3,"Sort Key": ["nation.n_name"],"Sort Method": "quicksort","Sort Space Used": 281,"Sort Space Type": "Memory","Workers": [{"Worker Number": 0,"Sort Method": "quicksort","Sort Space Used": 286,"Sort Space Type": "Memory"},{"Worker Number": 1,"Sort Method": "quicksort","Sort Space Used": 289,"Sort Space Type": "Memory"}],"Plans": [{"Node Type": "Hash Join","Parent Relationship": "Outer","Parallel Aware": false,"Async Capable": false,"Join Type": "Inner","Startup Cost": 475.27,"Total Cost": 20522.72,"Plan Rows": 608,"Plan Width": 116,"Actual Startup Time": 12.893,"Actual Total Time": 823.841,"Actual Rows": 2415,"Actual Loops": 3,"Inner Unique": true,"Hash Cond": "((lineitem.l_suppkey = supplier.s_suppkey) AND (customer.c_nationkey = supplier.s_nationkey))","Workers": [],"Plans": [{"Node Type": "Nested Loop","Parent Relationship": "Outer","Parallel Aware": false,"Async Capable": false,"Join Type": "Inner","Startup Cost": 3.27,"Total Cost": 19970.84,"Plan Rows": 15215,"Plan Width": 128,"Actual Startup Time": 0.809,"Actual Total Time": 777.035,"Actual Rows": 60714,"Actual Loops": 3,"Inner Unique": false,"Workers": [],"Plans": [{"Node Type": "Nested Loop","Parent Relationship": "Outer","Parallel Aware": false,"Async Capable": false,"Join Type": "Inner","Startup Cost": 2.84,"Total Cost": 8414.26,"Plan Rows": 3803,"Plan Width": 116,"Actual Startup Time": 0.660,"Actual Total Time": 471.667,"Actual Rows": 15226,"Actual Loops": 3,"Inner Unique": false,"Workers": [],"Plans": [{"Node Type": "Hash Join","Parent Relationship": "Outer","Parallel Aware": false,"Async Capable": false,"Join Type": "Inner","Startup Cost": 2.41,"Total Cost": 4471.79,"Plan Rows": 2500,"Plan Width": 116,"Actual Startup Time": 0.276,"Actual Total Time": 59.829,"Actual Rows": 10066,"Actual Loops": 3,"Inner Unique": false,"Hash Cond": "(customer.c_nationkey = nation.n_nationkey)","Workers": [],"Plans": [{"Node Type": "Seq Scan","Parent Relationship": "Outer","Parallel Aware": true,"Async Capable": false,"Relation Name": "customer","Alias": "customer","Startup Cost": 0.00,"Total Cost": 4210.00,"Plan Rows": 62500,"Plan Width": 8,"Actual Startup Time": 0.021,"Actual Total Time": 10.083,"Actual Rows": 50000,"Actual Loops": 3,"Workers": []},{"Node Type": "Hash","Parent Relationship": "Inner","Parallel Aware": false,"Async Capable": false,"Startup Cost": 2.40,"Total Cost": 2.40,"Plan Rows": 1,"Plan Width": 108,"Actual Startup Time": 0.154,"Actual Total Time": 0.171,"Actual Rows": 5,"Actual Loops": 3,"Hash Buckets": 1024,"Original Hash Buckets": 1024,"Hash Batches": 1,"Original Hash Batches": 1,"Peak Memory Usage": 9,"Workers": [],"Plans": [{"Node Type": "Hash Join","Parent Relationship": "Outer","Parallel Aware": false,"Async Capable": false,"Join Type": "Inner","Startup Cost": 1.07,"Total Cost": 2.40,"Plan Rows": 1,"Plan Width": 108,"Actual Startup Time": 0.139,"Actual Total Time": 0.162,"Actual Rows": 5,"Actual Loops": 3,"Inner Unique": true,"Hash Cond": "(nation.n_regionkey = region.r_regionkey)","Workers": [],"Plans": [{"Node Type": "Seq Scan","Parent Relationship": "Outer","Parallel Aware": false,"Async Capable": false,"Relation Name": "nation","Alias": "nation","Startup Cost": 0.00,"Total Cost": 1.25,"Plan Rows": 25,"Plan Width": 112,"Actual Startup Time": 0.051,"Actual Total Time": 0.055,"Actual Rows": 25,"Actual Loops": 3,"Workers": []},{"Node Type": "Hash","Parent Relationship": "Inner","Parallel Aware": false,"Async Capable": false,"Startup Cost": 1.06,"Total Cost": 1.06,"Plan Rows": 1,"Plan Width": 4,"Actual Startup Time": 0.057,"Actual Total Time": 0.063,"Actual Rows": 1,"Actual Loops": 3,"Hash Buckets": 1024,"Original Hash Buckets": 1024,"Hash Batches": 1,"Original Hash Batches": 1,"Peak Memory Usage": 9,"Workers": [],"Plans": [{"Node Type": "Seq Scan","Parent Relationship": "Outer","Parallel Aware": false,"Async Capable": false,"Relation Name": "region","Alias": "region","Startup Cost": 0.00,"Total Cost": 1.06,"Plan Rows": 1,"Plan Width": 4,"Actual Startup Time": 0.043,"Actual Total Time": 0.045,"Actual Rows": 1,"Actual Loops": 3,"Filter": "(r_name = 'EUROPE'::bpchar)","Rows Removed by Filter": 4,"Workers": []}]}]}]}]},{"Node Type": "Index Scan","Parent Relationship": "Inner","Parallel Aware": false,"Async Capable": false,"Scan Direction": "Forward","Index Name": "idx_orders_custkey","Relation Name": "orders","Alias": "orders","Startup Cost": 0.43,"Total Cost": 1.55,"Plan Rows": 3,"Plan Width": 8,"Actual Startup Time": 0.017,"Actual Total Time": 0.041,"Actual Rows": 2,"Actual Loops": 30197,"Index Cond": "(o_custkey = customer.c_custkey)","Rows Removed by Index Recheck": 0,"Filter": "((o_orderdate >= '1997-01-01'::date) AND (o_orderdate < '1998-01-01 00:00:00'::timestamp without time zone))","Rows Removed by Filter": 9,"Workers": []}]},{"Node Type": "Index Scan","Parent Relationship": "Inner","Parallel Aware": false,"Async Capable": false,"Scan Direction": "Forward","Index Name": "idx_lineitem_orderkey","Relation Name": "lineitem","Alias": "lineitem","Startup Cost": 0.43,"Total Cost": 2.87,"Plan Rows": 17,"Plan Width": 20,"Actual Startup Time": 0.017,"Actual Total Time": 0.019,"Actual Rows": 4,"Actual Loops": 45677,"Index Cond": "(l_orderkey = orders.o_orderkey)","Rows Removed by Index Recheck": 0,"Workers": []}]},{"Node Type": "Hash","Parent Relationship": "Inner","Parallel Aware": false,"Async Capable": false,"Startup Cost": 322.00,"Total Cost": 322.00,"Plan Rows": 10000,"Plan Width": 8,"Actual Startup Time": 11.560,"Actual Total Time": 11.566,"Actual Rows": 10000,"Actual Loops": 3,"Hash Buckets": 16384,"Original Hash Buckets": 16384,"Hash Batches": 1,"Original Hash Batches": 1,"Peak Memory Usage": 519,"Workers": [],"Plans": [{"Node Type": "Seq Scan","Parent Relationship": "Outer","Parallel Aware": false,"Async Capable": false,"Relation Name": "supplier","Alias": "supplier","Startup Cost": 0.00,"Total Cost": 322.00,"Plan Rows": 10000,"Plan Width": 8,"Actual Startup Time": 0.053,"Actual Total Time": 9.758,"Actual Rows": 10000,"Actual Loops": 3,"Workers": []}]}]}]}]}]}]}]},"Planning Time": 11.054,"Triggers": [],"Execution Time": 866.075}]
[{"Plan": {"Node Type": "Sort","Parallel Aware": false,"Async Capable": false,"Startup Cost": 21565.24,"Total Cost": 21565.30,"Plan Rows": 25,"Plan Width": 136,"Actual Startup Time": 809.309,"Actual Total Time": 841.501,"Actual Rows": 5,"Actual Loops": 1,"Sort Key": ["(sum((lineitem.l_extendedprice * ('1'::numeric - lineitem.l_discount)))) DESC"],"Sort Method": "quicksort","Sort Space Used": 25,"Sort Space Type": "Memory","Plans": [{"Node Type": "Aggregate","Strategy": "Sorted","Partial Mode": "Finalize","Parent Relationship": "Outer","Parallel Aware": false,"Async Capable": false,"Startup Cost": 21550.29,"Total Cost": 21564.66,"Plan Rows": 25,"Plan Width": 136,"Actual Startup Time": 808.678,"Actual Total Time": 841.457,"Actual Rows": 5,"Actual Loops": 1,"Group Key": ["nation.n_name"],"Plans": [{"Node Type": "Gather Merge","Parent Relationship": "Outer","Parallel Aware": false,"Async Capable": false,"Startup Cost": 21550.29,"Total Cost": 21563.97,"Plan Rows": 50,"Plan Width": 136,"Actual Startup Time": 808.243,"Actual Total Time": 841.406,"Actual Rows": 15,"Actual Loops": 1,"Workers Planned": 2,"Workers Launched": 2,"Plans": [{"Node Type": "Aggregate","Strategy": "Sorted","Partial Mode": "Partial","Parent Relationship": "Outer","Parallel Aware": false,"Async Capable": false,"Startup Cost": 20550.26,"Total Cost": 20558.18,"Plan Rows": 25,"Plan Width": 136,"Actual Startup Time": 800.586,"Actual Total Time": 801.383,"Actual Rows": 5,"Actual Loops": 3,"Group Key": ["nation.n_name"],"Workers": [],"Plans": [{"Node Type": "Sort","Parent Relationship": "Outer","Parallel Aware": false,"Async Capable": false,"Startup Cost": 20550.26,"Total Cost": 20551.78,"Plan Rows": 608,"Plan Width": 116,"Actual Startup Time": 800.370,"Actual Total Time": 800.511,"Actual Rows": 2409,"Actual Loops": 3,"Sort Key": ["nation.n_name"],"Sort Method": "quicksort","Sort Space Used": 290,"Sort Space Type": "Memory","Workers": [{"Worker Number": 0,"Sort Method": "quicksort","Sort Space Used": 281,"Sort Space Type": "Memory"},{"Worker Number": 1,"Sort Method": "quicksort","Sort Space Used": 283,"Sort Space Type": "Memory"}],"Plans": [{"Node Type": "Hash Join","Parent Relationship": "Outer","Parallel Aware": false,"Async Capable": false,"Join Type": "Inner","Startup Cost": 475.27,"Total Cost": 20522.15,"Plan Rows": 608,"Plan Width": 116,"Actual Startup Time": 14.807,"Actual Total Time": 798.884,"Actual Rows": 2409,"Actual Loops": 3,"Inner Unique": true,"Hash Cond": "((lineitem.l_suppkey = supplier.s_suppkey) AND (customer.c_nationkey = supplier.s_nationkey))","Workers": [],"Plans": [{"Node Type": "Nested Loop","Parent Relationship": "Outer","Parallel Aware": false,"Async Capable": false,"Join Type": "Inner","Startup Cost": 3.27,"Total Cost": 19970.29,"Plan Rows": 15211,"Plan Width": 128,"Actual Startup Time": 0.571,"Actual Total Time": 753.021,"Actual Rows": 60135,"Actual Loops": 3,"Inner Unique": false,"Workers": [],"Plans": [{"Node Type": "Nested Loop","Parent Relationship": "Outer","Parallel Aware": false,"Async Capable": false,"Join Type": "Inner","Startup Cost": 2.84,"Total Cost": 8414.26,"Plan Rows": 3802,"Plan Width": 116,"Actual Startup Time": 0.432,"Actual Total Time": 448.470,"Actual Rows": 15086,"Actual Loops": 3,"Inner Unique": false,"Workers": [],"Plans": [{"Node Type": "Hash Join","Parent Relationship": "Outer","Parallel Aware": false,"Async Capable": false,"Join Type": "Inner","Startup Cost": 2.41,"Total Cost": 4471.79,"Plan Rows": 2500,"Plan Width": 116,"Actual Startup Time": 0.234,"Actual Total Time": 55.967,"Actual Rows": 9968,"Actual Loops": 3,"Inner Unique": false,"Hash Cond": "(customer.c_nationkey = nation.n_nationkey)","Workers": [],"Plans": [{"Node Type": "Seq Scan","Parent Relationship": "Outer","Parallel Aware": true,"Async Capable": false,"Relation Name": "customer","Alias": "customer","Startup Cost": 0.00,"Total Cost": 4210.00,"Plan Rows": 62500,"Plan Width": 8,"Actual Startup Time": 0.014,"Actual Total Time": 9.575,"Actual Rows": 50000,"Actual Loops": 3,"Workers": []},{"Node Type": "Hash","Parent Relationship": "Inner","Parallel Aware": false,"Async Capable": false,"Startup Cost": 2.40,"Total Cost": 2.40,"Plan Rows": 1,"Plan Width": 108,"Actual Startup Time": 0.143,"Actual Total Time": 0.166,"Actual Rows": 5,"Actual Loops": 3,"Hash Buckets": 1024,"Original Hash Buckets": 1024,"Hash Batches": 1,"Original Hash Batches": 1,"Peak Memory Usage": 9,"Workers": [],"Plans": [{"Node Type": "Hash Join","Parent Relationship": "Outer","Parallel Aware": false,"Async Capable": false,"Join Type": "Inner","Startup Cost": 1.07,"Total Cost": 2.40,"Plan Rows": 1,"Plan Width": 108,"Actual Startup Time": 0.129,"Actual Total Time": 0.155,"Actual Rows": 5,"Actual Loops": 3,"Inner Unique": true,"Hash Cond": "(nation.n_regionkey = region.r_regionkey)","Workers": [],"Plans": [{"Node Type": "Seq Scan","Parent Relationship": "Outer","Parallel Aware": false,"Async Capable": false,"Relation Name": "nation","Alias": "nation","Startup Cost": 0.00,"Total Cost": 1.25,"Plan Rows": 25,"Plan Width": 112,"Actual Startup Time": 0.047,"Actual Total Time": 0.051,"Actual Rows": 25,"Actual Loops": 3,"Workers": []},{"Node Type": "Hash","Parent Relationship": "Inner","Parallel Aware": false,"Async Capable": false,"Startup Cost": 1.06,"Total Cost": 1.06,"Plan Rows": 1,"Plan Width": 4,"Actual Startup Time": 0.054,"Actual Total Time": 0.064,"Actual Rows": 1,"Actual Loops": 3,"Hash Buckets": 1024,"Original Hash Buckets": 1024,"Hash Batches": 1,"Original Hash Batches": 1,"Peak Memory Usage": 9,"Workers": [],"Plans": [{"Node Type": "Seq Scan","Parent Relationship": "Outer","Parallel Aware": false,"Async Capable": false,"Relation Name": "region","Alias": "region","Startup Cost": 0.00,"Total Cost": 1.06,"Plan Rows": 1,"Plan Width": 4,"Actual Startup Time": 0.039,"Actual Total Time": 0.041,"Actual Rows": 1,"Actual Loops": 3,"Filter": "(r_name = 'MIDDLE EAST'::bpchar)","Rows Removed by Filter": 4,"Workers": []}]}]}]}]},{"Node Type": "Index Scan","Parent Relationship": "Inner","Parallel Aware": false,"Async Capable": false,"Scan Direction": "Forward","Index Name": "idx_orders_custkey","Relation Name": "orders","Alias": "orders","Startup Cost": 0.43,"Total Cost": 1.55,"Plan Rows": 3,"Plan Width": 8,"Actual Startup Time": 0.017,"Actual Total Time": 0.039,"Actual Rows": 2,"Actual Loops": 29904,"Index Cond": "(o_custkey = customer.c_custkey)","Rows Removed by Index Recheck": 0,"Filter": "((o_orderdate >= '1995-01-01'::date) AND (o_orderdate < '1996-01-01 00:00:00'::timestamp without time zone))","Rows Removed by Filter": 8,"Workers": []}]},{"Node Type": "Index Scan","Parent Relationship": "Inner","Parallel Aware": false,"Async Capable": false,"Scan Direction": "Forward","Index Name": "idx_lineitem_orderkey","Relation Name": "lineitem","Alias": "lineitem","Startup Cost": 0.43,"Total Cost": 2.87,"Plan Rows": 17,"Plan Width": 20,"Actual Startup Time": 0.017,"Actual Total Time": 0.019,"Actual Rows": 4,"Actual Loops": 45257,"Index Cond": "(l_orderkey = orders.o_orderkey)","Rows Removed by Index Recheck": 0,"Workers": []}]},{"Node Type": "Hash","Parent Relationship": "Inner","Parallel Aware": false,"Async Capable": false,"Startup Cost": 322.00,"Total Cost": 322.00,"Plan Rows": 10000,"Plan Width": 8,"Actual Startup Time": 12.822,"Actual Total Time": 12.826,"Actual Rows": 10000,"Actual Loops": 3,"Hash Buckets": 16384,"Original Hash Buckets": 16384,"Hash Batches": 1,"Original Hash Batches": 1,"Peak Memory Usage": 519,"Workers": [],"Plans": [{"Node Type": "Seq Scan","Parent Relationship": "Outer","Parallel Aware": false,"Async Capable": false,"Relation Name": "supplier","Alias": "supplier","Startup Cost": 0.00,"Total Cost": 322.00,"Plan Rows": 10000,"Plan Width": 8,"Actual Startup Time": 0.044,"Actual Total Time": 11.057,"Actual Rows": 10000,"Actual Loops": 3,"Workers": []}]}]}]}]}]}]}]},"Planning Time": 10.537,"Triggers": [],"Execution Time": 841.938}]
[{"Plan": {"Node Type": "Sort","Parallel Aware": false,"Async Capable": false,"Startup Cost": 21565.81,"Total Cost": 21565.87,"Plan Rows": 25,"Plan Width": 136,"Actual Startup Time": 823.071,"Actual Total Time": 855.607,"Actual Rows": 5,"Actual Loops": 1,"Sort Key": ["(sum((lineitem.l_extendedprice * ('1'::numeric - lineitem.l_discount)))) DESC"],"Sort Method": "quicksort","Sort Space Used": 25,"Sort Space Type": "Memory","Plans": [{"Node Type": "Aggregate","Strategy": "Sorted","Partial Mode": "Finalize","Parent Relationship": "Outer","Parallel Aware": false,"Async Capable": false,"Startup Cost": 21550.86,"Total Cost": 21565.23,"Plan Rows": 25,"Plan Width": 136,"Actual Startup Time": 822.468,"Actual Total Time": 855.547,"Actual Rows": 5,"Actual Loops": 1,"Group Key": ["nation.n_name"],"Plans": [{"Node Type": "Gather Merge","Parent Relationship": "Outer","Parallel Aware": false,"Async Capable": false,"Startup Cost": 21550.86,"Total Cost": 21564.54,"Plan Rows": 50,"Plan Width": 136,"Actual Startup Time": 822.203,"Actual Total Time": 855.489,"Actual Rows": 15,"Actual Loops": 1,"Workers Planned": 2,"Workers Launched": 2,"Plans": [{"Node Type": "Aggregate","Strategy": "Sorted","Partial Mode": "Partial","Parent Relationship": "Outer","Parallel Aware": false,"Async Capable": false,"Startup Cost": 20550.84,"Total Cost": 20558.75,"Plan Rows": 25,"Plan Width": 136,"Actual Startup Time": 814.240,"Actual Total Time": 814.959,"Actual Rows": 5,"Actual Loops": 3,"Group Key": ["nation.n_name"],"Workers": [],"Plans": [{"Node Type": "Sort","Parent Relationship": "Outer","Parallel Aware": false,"Async Capable": false,"Startup Cost": 20550.84,"Total Cost": 20552.36,"Plan Rows": 608,"Plan Width": 116,"Actual Startup Time": 814.029,"Actual Total Time": 814.149,"Actual Rows": 2473,"Actual Loops": 3,"Sort Key": ["nation.n_name"],"Sort Method": "quicksort","Sort Space Used": 297,"Sort Space Type": "Memory","Workers": [{"Worker Number": 0,"Sort Method": "quicksort","Sort Space Used": 287,"Sort Space Type": "Memory"},{"Worker Number": 1,"Sort Method": "quicksort","Sort Space Used": 284,"Sort Space Type": "Memory"}],"Plans": [{"Node Type": "Hash Join","Parent Relationship": "Outer","Parallel Aware": false,"Async Capable": false,"Join Type": "Inner","Startup Cost": 475.27,"Total Cost": 20522.72,"Plan Rows": 608,"Plan Width": 116,"Actual Startup Time": 11.318,"Actual Total Time": 812.483,"Actual Rows": 2473,"Actual Loops": 3,"Inner Unique": true,"Hash Cond": "((lineitem.l_suppkey = supplier.s_suppkey) AND (customer.c_nationkey = supplier.s_nationkey))","Workers": [],"Plans": [{"Node Type": "Nested Loop","Parent Relationship": "Outer","Parallel Aware": false,"Async Capable": false,"Join Type": "Inner","Startup Cost": 3.27,"Total Cost": 19970.84,"Plan Rows": 15215,"Plan Width": 128,"Actual Startup Time": 0.595,"Actual Total Time": 768.935,"Actual Rows": 60276,"Actual Loops": 3,"Inner Unique": false,"Workers": [],"Plans": [{"Node Type": "Nested Loop","Parent Relationship": "Outer","Parallel Aware": false,"Async Capable": false,"Join Type": "Inner","Startup Cost": 2.84,"Total Cost": 8414.26,"Plan Rows": 3803,"Plan Width": 116,"Actual Startup Time": 0.466,"Actual Total Time": 464.532,"Actual Rows": 15032,"Actual Loops": 3,"Inner Unique": false,"Workers": [],"Plans": [{"Node Type": "Hash Join","Parent Relationship": "Outer","Parallel Aware": false,"Async Capable": false,"Join Type": "Inner","Startup Cost": 2.41,"Total Cost": 4471.79,"Plan Rows": 2500,"Plan Width": 116,"Actual Startup Time": 0.243,"Actual Total Time": 60.744,"Actual Rows": 9968,"Actual Loops": 3,"Inner Unique": false,"Hash Cond": "(customer.c_nationkey = nation.n_nationkey)","Workers": [],"Plans": [{"Node Type": "Seq Scan","Parent Relationship": "Outer","Parallel Aware": true,"Async Capable": false,"Relation Name": "customer","Alias": "customer","Startup Cost": 0.00,"Total Cost": 4210.00,"Plan Rows": 62500,"Plan Width": 8,"Actual Startup Time": 0.012,"Actual Total Time": 10.205,"Actual Rows": 50000,"Actual Loops": 3,"Workers": []},{"Node Type": "Hash","Parent Relationship": "Inner","Parallel Aware": false,"Async Capable": false,"Startup Cost": 2.40,"Total Cost": 2.40,"Plan Rows": 1,"Plan Width": 108,"Actual Startup Time": 0.142,"Actual Total Time": 0.157,"Actual Rows": 5,"Actual Loops": 3,"Hash Buckets": 1024,"Original Hash Buckets": 1024,"Hash Batches": 1,"Original Hash Batches": 1,"Peak Memory Usage": 9,"Workers": [],"Plans": [{"Node Type": "Hash Join","Parent Relationship": "Outer","Parallel Aware": false,"Async Capable": false,"Join Type": "Inner","Startup Cost": 1.07,"Total Cost": 2.40,"Plan Rows": 1,"Plan Width": 108,"Actual Startup Time": 0.130,"Actual Total Time": 0.149,"Actual Rows": 5,"Actual Loops": 3,"Inner Unique": true,"Hash Cond": "(nation.n_regionkey = region.r_regionkey)","Workers": [],"Plans": [{"Node Type": "Seq Scan","Parent Relationship": "Outer","Parallel Aware": false,"Async Capable": false,"Relation Name": "nation","Alias": "nation","Startup Cost": 0.00,"Total Cost": 1.25,"Plan Rows": 25,"Plan Width": 112,"Actual Startup Time": 0.040,"Actual Total Time": 0.044,"Actual Rows": 25,"Actual Loops": 3,"Workers": []},{"Node Type": "Hash","Parent Relationship": "Inner","Parallel Aware": false,"Async Capable": false,"Startup Cost": 1.06,"Total Cost": 1.06,"Plan Rows": 1,"Plan Width": 4,"Actual Startup Time": 0.063,"Actual Total Time": 0.068,"Actual Rows": 1,"Actual Loops": 3,"Hash Buckets": 1024,"Original Hash Buckets": 1024,"Hash Batches": 1,"Original Hash Batches": 1,"Peak Memory Usage": 9,"Workers": [],"Plans": [{"Node Type": "Seq Scan","Parent Relationship": "Outer","Parallel Aware": false,"Async Capable": false,"Relation Name": "region","Alias": "region","Startup Cost": 0.00,"Total Cost": 1.06,"Plan Rows": 1,"Plan Width": 4,"Actual Startup Time": 0.045,"Actual Total Time": 0.047,"Actual Rows": 1,"Actual Loops": 3,"Filter": "(r_name = 'MIDDLE EAST'::bpchar)","Rows Removed by Filter": 4,"Workers": []}]}]}]}]},{"Node Type": "Index Scan","Parent Relationship": "Inner","Parallel Aware": false,"Async Capable": false,"Scan Direction": "Forward","Index Name": "idx_orders_custkey","Relation Name": "orders","Alias": "orders","Startup Cost": 0.43,"Total Cost": 1.55,"Plan Rows": 3,"Plan Width": 8,"Actual Startup Time": 0.017,"Actual Total Time": 0.040,"Actual Rows": 2,"Actual Loops": 29904,"Index Cond": "(o_custkey = customer.c_custkey)","Rows Removed by Index Recheck": 0,"Filter": "((o_orderdate >= '1997-01-01'::date) AND (o_orderdate < '1998-01-01 00:00:00'::timestamp without time zone))","Rows Removed by Filter": 8,"Workers": []}]},{"Node Type": "Index Scan","Parent Relationship": "Inner","Parallel Aware": false,"Async Capable": false,"Scan Direction": "Forward","Index Name": "idx_lineitem_orderkey","Relation Name": "lineitem","Alias": "lineitem","Startup Cost": 0.43,"Total Cost": 2.87,"Plan Rows": 17,"Plan Width": 20,"Actual Startup Time": 0.017,"Actual Total Time": 0.019,"Actual Rows": 4,"Actual Loops": 45096,"Index Cond": "(l_orderkey = orders.o_orderkey)","Rows Removed by Index Recheck": 0,"Workers": []}]},{"Node Type": "Hash","Parent Relationship": "Inner","Parallel Aware": false,"Async Capable": false,"Startup Cost": 322.00,"Total Cost": 322.00,"Plan Rows": 10000,"Plan Width": 8,"Actual Startup Time": 9.890,"Actual Total Time": 9.894,"Actual Rows": 10000,"Actual Loops": 3,"Hash Buckets": 16384,"Original Hash Buckets": 16384,"Hash Batches": 1,"Original Hash Batches": 1,"Peak Memory Usage": 519,"Workers": [],"Plans": [{"Node Type": "Seq Scan","Parent Relationship": "Outer","Parallel Aware": false,"Async Capable": false,"Relation Name": "supplier","Alias": "supplier","Startup Cost": 0.00,"Total Cost": 322.00,"Plan Rows": 10000,"Plan Width": 8,"Actual Startup Time": 0.039,"Actual Total Time": 7.896,"Actual Rows": 10000,"Actual Loops": 3,"Workers": []}]}]}]}]}]}]}]},"Planning Time": 11.619,"Triggers": [],"Execution Time": 856.108}]
[{"Plan": {"Node Type": "Sort","Parallel Aware": false,"Async Capable": false,"Startup Cost": 21565.24,"Total Cost": 21565.30,"Plan Rows": 25,"Plan Width": 136,"Actual Startup Time": 797.386,"Actual Total Time": 830.222,"Actual Rows": 5,"Actual Loops": 1,"Sort Key": ["(sum((lineitem.l_extendedprice * ('1'::numeric - lineitem.l_discount)))) DESC"],"Sort Method": "quicksort","Sort Space Used": 25,"Sort Space Type": "Memory","Plans": [{"Node Type": "Aggregate","Strategy": "Sorted","Partial Mode": "Finalize","Parent Relationship": "Outer","Parallel Aware": false,"Async Capable": false,"Startup Cost": 21550.29,"Total Cost": 21564.66,"Plan Rows": 25,"Plan Width": 136,"Actual Startup Time": 796.761,"Actual Total Time": 830.172,"Actual Rows": 5,"Actual Loops": 1,"Group Key": ["nation.n_name"],"Plans": [{"Node Type": "Gather Merge","Parent Relationship": "Outer","Parallel Aware": false,"Async Capable": false,"Startup Cost": 21550.29,"Total Cost": 21563.97,"Plan Rows": 50,"Plan Width": 136,"Actual Startup Time": 796.547,"Actual Total Time": 830.110,"Actual Rows": 15,"Actual Loops": 1,"Workers Planned": 2,"Workers Launched": 2,"Plans": [{"Node Type": "Aggregate","Strategy": "Sorted","Partial Mode": "Partial","Parent Relationship": "Outer","Parallel Aware": false,"Async Capable": false,"Startup Cost": 20550.26,"Total Cost": 20558.18,"Plan Rows": 25,"Plan Width": 136,"Actual Startup Time": 788.895,"Actual Total Time": 789.783,"Actual Rows": 5,"Actual Loops": 3,"Group Key": ["nation.n_name"],"Workers": [],"Plans": [{"Node Type": "Sort","Parent Relationship": "Outer","Parallel Aware": false,"Async Capable": false,"Startup Cost": 20550.26,"Total Cost": 20551.78,"Plan Rows": 608,"Plan Width": 116,"Actual Startup Time": 788.664,"Actual Total Time": 788.842,"Actual Rows": 2456,"Actual Loops": 3,"Sort Key": ["nation.n_name"],"Sort Method": "quicksort","Sort Space Used": 291,"Sort Space Type": "Memory","Workers": [{"Worker Number": 0,"Sort Method": "quicksort","Sort Space Used": 279,"Sort Space Type": "Memory"},{"Worker Number": 1,"Sort Method": "quicksort","Sort Space Used": 295,"Sort Space Type": "Memory"}],"Plans": [{"Node Type": "Hash Join","Parent Relationship": "Outer","Parallel Aware": false,"Async Capable": false,"Join Type": "Inner","Startup Cost": 475.27,"Total Cost": 20522.15,"Plan Rows": 608,"Plan Width": 116,"Actual Startup Time": 10.168,"Actual Total Time": 787.209,"Actual Rows": 2456,"Actual Loops": 3,"Inner Unique": true,"Hash Cond": "((lineitem.l_suppkey = supplier.s_suppkey) AND (customer.c_nationkey = supplier.s_nationkey))","Workers": [],"Plans": [{"Node Type": "Nested Loop","Parent Relationship": "Outer","Parallel Aware": false,"Async Capable": false,"Join Type": "Inner","Startup Cost": 3.27,"Total Cost": 19970.29,"Plan Rows": 15211,"Plan Width": 128,"Actual Startup Time": 0.661,"Actual Total Time": 744.432,"Actual Rows": 60955,"Actual Loops": 3,"Inner Unique": false,"Workers": [],"Plans": [{"Node Type": "Nested Loop","Parent Relationship": "Outer","Parallel Aware": false,"Async Capable": false,"Join Type": "Inner","Startup Cost": 2.84,"Total Cost": 8414.26,"Plan Rows": 3802,"Plan Width": 116,"Actual Startup Time": 0.532,"Actual Total Time": 444.261,"Actual Rows": 15210,"Actual Loops": 3,"Inner Unique": false,"Workers": [],"Plans": [{"Node Type": "Hash Join","Parent Relationship": "Outer","Parallel Aware": false,"Async Capable": false,"Join Type": "Inner","Startup Cost": 2.41,"Total Cost": 4471.79,"Plan Rows": 2500,"Plan Width": 116,"Actual Startup Time": 0.249,"Actual Total Time": 53.241,"Actual Rows": 9984,"Actual Loops": 3,"Inner Unique": false,"Hash Cond": "(customer.c_nationkey = nation.n_nationkey)","Workers": [],"Plans": [{"Node Type": "Seq Scan","Parent Relationship": "Outer","Parallel Aware": true,"Async Capable": false,"Relation Name": "customer","Alias": "customer","Startup Cost": 0.00,"Total Cost": 4210.00,"Plan Rows": 62500,"Plan Width": 8,"Actual Startup Time": 0.015,"Actual Total Time": 9.455,"Actual Rows": 50000,"Actual Loops": 3,"Workers": []},{"Node Type": "Hash","Parent Relationship": "Inner","Parallel Aware": false,"Async Capable": false,"Startup Cost": 2.40,"Total Cost": 2.40,"Plan Rows": 1,"Plan Width": 108,"Actual Startup Time": 0.141,"Actual Total Time": 0.157,"Actual Rows": 5,"Actual Loops": 3,"Hash Buckets": 1024,"Original Hash Buckets": 1024,"Hash Batches": 1,"Original Hash Batches": 1,"Peak Memory Usage": 9,"Workers": [],"Plans": [{"Node Type": "Hash Join","Parent Relationship": "Outer","Parallel Aware": false,"Async Capable": false,"Join Type": "Inner","Startup Cost": 1.07,"Total Cost": 2.40,"Plan Rows": 1,"Plan Width": 108,"Actual Startup Time": 0.126,"Actual Total Time": 0.148,"Actual Rows": 5,"Actual Loops": 3,"Inner Unique": true,"Hash Cond": "(nation.n_regionkey = region.r_regionkey)","Workers": [],"Plans": [{"Node Type": "Seq Scan","Parent Relationship": "Outer","Parallel Aware": false,"Async Capable": false,"Relation Name": "nation","Alias": "nation","Startup Cost": 0.00,"Total Cost": 1.25,"Plan Rows": 25,"Plan Width": 112,"Actual Startup Time": 0.048,"Actual Total Time": 0.053,"Actual Rows": 25,"Actual Loops": 3,"Workers": []},{"Node Type": "Hash","Parent Relationship": "Inner","Parallel Aware": false,"Async Capable": false,"Startup Cost": 1.06,"Total Cost": 1.06,"Plan Rows": 1,"Plan Width": 4,"Actual Startup Time": 0.049,"Actual Total Time": 0.055,"Actual Rows": 1,"Actual Loops": 3,"Hash Buckets": 1024,"Original Hash Buckets": 1024,"Hash Batches": 1,"Original Hash Batches": 1,"Peak Memory Usage": 9,"Workers": [],"Plans": [{"Node Type": "Seq Scan","Parent Relationship": "Outer","Parallel Aware": false,"Async Capable": false,"Relation Name": "region","Alias": "region","Startup Cost": 0.00,"Total Cost": 1.06,"Plan Rows": 1,"Plan Width": 4,"Actual Startup Time": 0.036,"Actual Total Time": 0.040,"Actual Rows": 1,"Actual Loops": 3,"Filter": "(r_name = 'AMERICA'::bpchar)","Rows Removed by Filter": 4,"Workers": []}]}]}]}]},{"Node Type": "Index Scan","Parent Relationship": "Inner","Parallel Aware": false,"Async Capable": false,"Scan Direction": "Forward","Index Name": "idx_orders_custkey","Relation Name": "orders","Alias": "orders","Startup Cost": 0.43,"Total Cost": 1.55,"Plan Rows": 3,"Plan Width": 8,"Actual Startup Time": 0.016,"Actual Total Time": 0.039,"Actual Rows": 2,"Actual Loops": 29952,"Index Cond": "(o_custkey = customer.c_custkey)","Rows Removed by Index Recheck": 0,"Filter": "((o_orderdate >= '1995-01-01'::date) AND (o_orderdate < '1996-01-01 00:00:00'::timestamp without time zone))","Rows Removed by Filter": 8,"Workers": []}]},{"Node Type": "Index Scan","Parent Relationship": "Inner","Parallel Aware": false,"Async Capable": false,"Scan Direction": "Forward","Index Name": "idx_lineitem_orderkey","Relation Name": "lineitem","Alias": "lineitem","Startup Cost": 0.43,"Total Cost": 2.87,"Plan Rows": 17,"Plan Width": 20,"Actual Startup Time": 0.016,"Actual Total Time": 0.019,"Actual Rows": 4,"Actual Loops": 45630,"Index Cond": "(l_orderkey = orders.o_orderkey)","Rows Removed by Index Recheck": 0,"Workers": []}]},{"Node Type": "Hash","Parent Relationship": "Inner","Parallel Aware": false,"Async Capable": false,"Startup Cost": 322.00,"Total Cost": 322.00,"Plan Rows": 10000,"Plan Width": 8,"Actual Startup Time": 8.645,"Actual Total Time": 8.649,"Actual Rows": 10000,"Actual Loops": 3,"Hash Buckets": 16384,"Original Hash Buckets": 16384,"Hash Batches": 1,"Original Hash Batches": 1,"Peak Memory Usage": 519,"Workers": [],"Plans": [{"Node Type": "Seq Scan","Parent Relationship": "Outer","Parallel Aware": false,"Async Capable": false,"Relation Name": "supplier","Alias": "supplier","Startup Cost": 0.00,"Total Cost": 322.00,"Plan Rows": 10000,"Plan Width": 8,"Actual Startup Time": 0.041,"Actual Total Time": 6.699,"Actual Rows": 10000,"Actual Loops": 3,"Workers": []}]}]}]}]}]}]}]},"Planning Time": 10.274,"Triggers": [],"Execution Time": 830.793}]
[{"Plan": {"Node Type": "Sort","Parallel Aware": false,"Async Capable": false,"Startup Cost": 21565.81,"Total Cost": 21565.87,"Plan Rows": 25,"Plan Width": 136,"Actual Startup Time": 833.811,"Actual Total Time": 865.523,"Actual Rows": 5,"Actual Loops": 1,"Sort Key": ["(sum((lineitem.l_extendedprice * ('1'::numeric - lineitem.l_discount)))) DESC"],"Sort Method": "quicksort","Sort Space Used": 25,"Sort Space Type": "Memory","Plans": [{"Node Type": "Aggregate","Strategy": "Sorted","Partial Mode": "Finalize","Parent Relationship": "Outer","Parallel Aware": false,"Async Capable": false,"Startup Cost": 21550.86,"Total Cost": 21565.23,"Plan Rows": 25,"Plan Width": 136,"Actual Startup Time": 833.271,"Actual Total Time": 865.478,"Actual Rows": 5,"Actual Loops": 1,"Group Key": ["nation.n_name"],"Plans": [{"Node Type": "Gather Merge","Parent Relationship": "Outer","Parallel Aware": false,"Async Capable": false,"Startup Cost": 21550.86,"Total Cost": 21564.54,"Plan Rows": 50,"Plan Width": 136,"Actual Startup Time": 833.025,"Actual Total Time": 865.435,"Actual Rows": 15,"Actual Loops": 1,"Workers Planned": 2,"Workers Launched": 2,"Plans": [{"Node Type": "Aggregate","Strategy": "Sorted","Partial Mode": "Partial","Parent Relationship": "Outer","Parallel Aware": false,"Async Capable": false,"Startup Cost": 20550.84,"Total Cost": 20558.75,"Plan Rows": 25,"Plan Width": 136,"Actual Startup Time": 825.546,"Actual Total Time": 826.255,"Actual Rows": 5,"Actual Loops": 3,"Group Key": ["nation.n_name"],"Workers": [],"Plans": [{"Node Type": "Sort","Parent Relationship": "Outer","Parallel Aware": false,"Async Capable": false,"Startup Cost": 20550.84,"Total Cost": 20552.36,"Plan Rows": 608,"Plan Width": 116,"Actual Startup Time": 825.323,"Actual Total Time": 825.450,"Actual Rows": 2415,"Actual Loops": 3,"Sort Key": ["nation.n_name"],"Sort Method": "quicksort","Sort Space Used": 281,"Sort Space Type": "Memory","Workers": [{"Worker Number": 0,"Sort Method": "quicksort","Sort Space Used": 286,"Sort Space Type": "Memory"},{"Worker Number": 1,"Sort Method": "quicksort","Sort Space Used": 289,"Sort Space Type": "Memory"}],"Plans": [{"Node Type": "Hash Join","Parent Relationship": "Outer","Parallel Aware": false,"Async Capable": false,"Join Type": "Inner","Startup Cost": 475.27,"Total Cost": 20522.72,"Plan Rows": 608,"Plan Width": 116,"Actual Startup Time": 12.893,"Actual Total Time": 823.841,"Actual Rows": 2415,"Actual Loops": 3,"Inner Unique": true,"Hash Cond": "((lineitem.l_suppkey = supplier.s_suppkey) AND (customer.c_nationkey = supplier.s_nationkey))","Workers": [],"Plans": [{"Node Type": "Nested Loop","Parent Relationship": "Outer","Parallel Aware": false,"Async Capable": false,"Join Type": "Inner","Startup Cost": 3.27,"Total Cost": 19970.84,"Plan Rows": 15215,"Plan Width": 128,"Actual Startup Time": 0.809,"Actual Total Time": 777.035,"Actual Rows": 60714,"Actual Loops": 3,"Inner Unique": false,"Workers": [],"Plans": [{"Node Type": "Nested Loop","Parent Relationship": "Outer","Parallel Aware": false,"Async Capable": false,"Join Type": "Inner","Startup Cost": 2.84,"Total Cost": 8414.26,"Plan Rows": 3803,"Plan Width": 116,"Actual Startup Time": 0.660,"Actual Total Time": 471.667,"Actual Rows": 15226,"Actual Loops": 3,"Inner Unique": false,"Workers": [],"Plans": [{"Node Type": "Hash Join","Parent Relationship": "Outer","Parallel Aware": false,"Async Capable": false,"Join Type": "Inner","Startup Cost": 2.41,"Total Cost": 4471.79,"Plan Rows": 2500,"Plan Width": 116,"Actual Startup Time": 0.276,"Actual Total Time": 59.829,"Actual Rows": 10066,"Actual Loops": 3,"Inner Unique": false,"Hash Cond": "(customer.c_nationkey = nation.n_nationkey)","Workers": [],"Plans": [{"Node Type": "Seq Scan","Parent Relationship": "Outer","Parallel Aware": true,"Async Capable": false,"Relation Name": "customer","Alias": "customer","Startup Cost": 0.00,"Total Cost": 4210.00,"Plan Rows": 62500,"Plan Width": 8,"Actual Startup Time": 0.021,"Actual Total Time": 10.083,"Actual Rows": 50000,"Actual Loops": 3,"Workers": []},{"Node Type": "Hash","Parent Relationship": "Inner","Parallel Aware": false,"Async Capable": false,"Startup Cost": 2.40,"Total Cost": 2.40,"Plan Rows": 1,"Plan Width": 108,"Actual Startup Time": 0.154,"Actual Total Time": 0.171,"Actual Rows": 5,"Actual Loops": 3,"Hash Buckets": 1024,"Original Hash Buckets": 1024,"Hash Batches": 1,"Original Hash Batches": 1,"Peak Memory Usage": 9,"Workers": [],"Plans": [{"Node Type": "Hash Join","Parent Relationship": "Outer","Parallel Aware": false,"Async Capable": false,"Join Type": "Inner","Startup Cost": 1.07,"Total Cost": 2.40,"Plan Rows": 1,"Plan Width": 108,"Actual Startup Time": 0.139,"Actual Total Time": 0.162,"Actual Rows": 5,"Actual Loops": 3,"Inner Unique": true,"Hash Cond": "(nation.n_regionkey = region.r_regionkey)","Workers": [],"Plans": [{"Node Type": "Seq Scan","Parent Relationship": "Outer","Parallel Aware": false,"Async Capable": false,"Relation Name": "nation","Alias": "nation","Startup Cost": 0.00,"Total Cost": 1.25,"Plan Rows": 25,"Plan Width": 112,"Actual Startup Time": 0.051,"Actual Total Time": 0.055,"Actual Rows": 25,"Actual Loops": 3,"Workers": []},{"Node Type": "Hash","Parent Relationship": "Inner","Parallel Aware": false,"Async Capable": false,"Startup Cost": 1.06,"Total Cost": 1.06,"Plan Rows": 1,"Plan Width": 4,"Actual Startup Time": 0.057,"Actual Total Time": 0.063,"Actual Rows": 1,"Actual Loops": 3,"Hash Buckets": 1024,"Original Hash Buckets": 1024,"Hash Batches": 1,"Original Hash Batches": 1,"Peak Memory Usage": 9,"Workers": [],"Plans": [{"Node Type": "Seq Scan","Parent Relationship": "Outer","Parallel Aware": false,"Async Capable": false,"Relation Name": "region","Alias": "region","Startup Cost": 0.00,"Total Cost": 1.06,"Plan Rows": 1,"Plan Width": 4,"Actual Startup Time": 0.043,"Actual Total Time": 0.045,"Actual Rows": 1,"Actual Loops": 3,"Filter": "(r_name = 'EUROPE'::bpchar)","Rows Removed by Filter": 4,"Workers": []}]}]}]}]},{"Node Type": "Index Scan","Parent Relationship": "Inner","Parallel Aware": false,"Async Capable": false,"Scan Direction": "Forward","Index Name": "idx_orders_custkey","Relation Name": "orders","Alias": "orders","Startup Cost": 0.43,"Total Cost": 1.55,"Plan Rows": 3,"Plan Width": 8,"Actual Startup Time": 0.017,"Actual Total Time": 0.041,"Actual Rows": 2,"Actual Loops": 30197,"Index Cond": "(o_custkey = customer.c_custkey)","Rows Removed by Index Recheck": 0,"Filter": "((o_orderdate >= '1997-01-01'::date) AND (o_orderdate < '1998-01-01 00:00:00'::timestamp without time zone))","Rows Removed by Filter": 9,"Workers": []}]},{"Node Type": "Index Scan","Parent Relationship": "Inner","Parallel Aware": false,"Async Capable": false,"Scan Direction": "Forward","Index Name": "idx_lineitem_orderkey","Relation Name": "lineitem","Alias": "lineitem","Startup Cost": 0.43,"Total Cost": 2.87,"Plan Rows": 17,"Plan Width": 20,"Actual Startup Time": 0.017,"Actual Total Time": 0.019,"Actual Rows": 4,"Actual Loops": 45677,"Index Cond": "(l_orderkey = orders.o_orderkey)","Rows Removed by Index Recheck": 0,"Workers": []}]},{"Node Type": "Hash","Parent Relationship": "Inner","Parallel Aware": false,"Async Capable": false,"Startup Cost": 322.00,"Total Cost": 322.00,"Plan Rows": 10000,"Plan Width": 8,"Actual Startup Time": 11.560,"Actual Total Time": 11.566,"Actual Rows": 10000,"Actual Loops": 3,"Hash Buckets": 16384,"Original Hash Buckets": 16384,"Hash Batches": 1,"Original Hash Batches": 1,"Peak Memory Usage": 519,"Workers": [],"Plans": [{"Node Type": "Seq Scan","Parent Relationship": "Outer","Parallel Aware": false,"Async Capable": false,"Relation Name": "supplier","Alias": "supplier","Startup Cost": 0.00,"Total Cost": 322.00,"Plan Rows": 10000,"Plan Width": 8,"Actual Startup Time": 0.053,"Actual Total Time": 9.758,"Actual Rows": 10000,"Actual Loops": 3,"Workers": []}]}]}]}]}]}]}]},"Planning Time": 11.054,"Triggers": [],"Execution Time": 866.075}]
[{"Plan": {"Node Type": "Sort","Parallel Aware": false,"Async Capable": false,"Startup Cost": 21612.43,"Total Cost": 21612.50,"Plan Rows": 25,"Plan Width": 136,"Actual Startup Time": 832.616,"Actual Total Time": 862.680,"Actual Rows": 5,"Actual Loops": 1,"Sort Key": ["(sum((lineitem.l_extendedprice * ('1'::numeric - lineitem.l_discount)))) DESC"],"Sort Method": "quicksort","Sort Space Used": 25,"Sort Space Type": "Memory","Plans": [{"Node Type": "Aggregate","Strategy": "Sorted","Partial Mode": "Finalize","Parent Relationship": "Outer","Parallel Aware": false,"Async Capable": false,"Startup Cost": 21597.38,"Total Cost": 21611.85,"Plan Rows": 25,"Plan Width": 136,"Actual Startup Time": 832.009,"Actual Total Time": 862.637,"Actual Rows": 5,"Actual Loops": 1,"Group Key": ["nation.n_name"],"Plans": [{"Node Type": "Gather Merge","Parent Relationship": "Outer","Parallel Aware": false,"Async Capable": false,"Startup Cost": 21597.38,"Total Cost": 21611.17,"Plan Rows": 50,"Plan Width": 136,"Actual Startup Time": 831.804,"Actual Total Time": 862.590,"Actual Rows": 15,"Actual Loops": 1,"Workers Planned": 2,"Workers Launched": 2,"Plans": [{"Node Type": "Aggregate","Strategy": "Sorted","Partial Mode": "Partial","Parent Relationship": "Outer","Parallel Aware": false,"Async Capable": false,"Startup Cost": 20597.36,"Total Cost": 20605.37,"Plan Rows": 25,"Plan Width": 136,"Actual Startup Time": 824.333,"Actual Total Time": 825.038,"Actual Rows": 5,"Actual Loops": 3,"Group Key": ["nation.n_name"],"Workers": [],"Plans": [{"Node Type": "Sort","Parent Relationship": "Outer","Parallel Aware": false,"Async Capable": false,"Startup Cost": 20597.36,"Total Cost": 20598.90,"Plan Rows": 616,"Plan Width": 116,"Actual Startup Time": 824.137,"Actual Total Time": 824.256,"Actual Rows": 2417,"Actual Loops": 3,"Sort Key": ["nation.n_name"],"Sort Method": "quicksort","Sort Space Used": 288,"Sort Space Type": "Memory","Workers": [{"Worker Number": 0,"Sort Method": "quicksort","Sort Space Used": 280,"Sort Space Type": "Memory"},{"Worker Number": 1,"Sort Method": "quicksort","Sort Space Used": 288,"Sort Space Type": "Memory"}],"Plans": [{"Node Type": "Hash Join","Parent Relationship": "Outer","Parallel Aware": false,"Async Capable": false,"Join Type": "Inner","Startup Cost": 475.27,"Total Cost": 20568.82,"Plan Rows": 616,"Plan Width": 116,"Actual Startup Time": 12.703,"Actual Total Time": 822.671,"Actual Rows": 2417,"Actual Loops": 3,"Inner Unique": true,"Hash Cond": "((lineitem.l_suppkey = supplier.s_suppkey) AND (customer.c_nationkey = supplier.s_nationkey))","Workers": [],"Plans": [{"Node Type": "Nested Loop","Parent Relationship": "Outer","Parallel Aware": false,"Async Capable": false,"Join Type": "Inner","Startup Cost": 3.27,"Total Cost": 20015.89,"Plan Rows": 15415,"Plan Width": 128,"Actual Startup Time": 0.571,"Actual Total Time": 776.984,"Actual Rows": 59997,"Actual Loops": 3,"Inner Unique": false,"Workers": [],"Plans": [{"Node Type": "Nested Loop","Parent Relationship": "Outer","Parallel Aware": false,"Async Capable": false,"Join Type": "Inner","Startup Cost": 2.84,"Total Cost": 8414.26,"Plan Rows": 3853,"Plan Width": 116,"Actual Startup Time": 0.454,"Actual Total Time": 470.088,"Actual Rows": 15003,"Actual Loops": 3,"Inner Unique": false,"Workers": [],"Plans": [{"Node Type": "Hash Join","Parent Relationship": "Outer","Parallel Aware": false,"Async Capable": false,"Join Type": "Inner","Startup Cost": 2.41,"Total Cost": 4471.79,"Plan Rows": 2500,"Plan Width": 116,"Actual Startup Time": 0.227,"Actual Total Time": 60.370,"Actual Rows": 9968,"Actual Loops": 3,"Inner Unique": false,"Hash Cond": "(customer.c_nationkey = nation.n_nationkey)","Workers": [],"Plans": [{"Node Type": "Seq Scan","Parent Relationship": "Outer","Parallel Aware": true,"Async Capable": false,"Relation Name": "customer","Alias": "customer","Startup Cost": 0.00,"Total Cost": 4210.00,"Plan Rows": 62500,"Plan Width": 8,"Actual Startup Time": 0.013,"Actual Total Time": 10.099,"Actual Rows": 50000,"Actual Loops": 3,"Workers": []},{"Node Type": "Hash","Parent Relationship": "Inner","Parallel Aware": false,"Async Capable": false,"Startup Cost": 2.40,"Total Cost": 2.40,"Plan Rows": 1,"Plan Width": 108,"Actual Startup Time": 0.138,"Actual Total Time": 0.150,"Actual Rows": 5,"Actual Loops": 3,"Hash Buckets": 1024,"Original Hash Buckets": 1024,"Hash Batches": 1,"Original Hash Batches": 1,"Peak Memory Usage": 9,"Workers": [],"Plans": [{"Node Type": "Hash Join","Parent Relationship": "Outer","Parallel Aware": false,"Async Capable": false,"Join Type": "Inner","Startup Cost": 1.07,"Total Cost": 2.40,"Plan Rows": 1,"Plan Width": 108,"Actual Startup Time": 0.125,"Actual Total Time": 0.142,"Actual Rows": 5,"Actual Loops": 3,"Inner Unique": true,"Hash Cond": "(nation.n_regionkey = region.r_regionkey)","Workers": [],"Plans": [{"Node Type": "Seq Scan","Parent Relationship": "Outer","Parallel Aware": false,"Async Capable": false,"Relation Name": "nation","Alias": "nation","Startup Cost": 0.00,"Total Cost": 1.25,"Plan Rows": 25,"Plan Width": 112,"Actual Startup Time": 0.044,"Actual Total Time": 0.047,"Actual Rows": 25,"Actual Loops": 3,"Workers": []},{"Node Type": "Hash","Parent Relationship": "Inner","Parallel Aware": false,"Async Capable": false,"Startup Cost": 1.06,"Total Cost": 1.06,"Plan Rows": 1,"Plan Width": 4,"Actual Startup Time": 0.054,"Actual Total Time": 0.057,"Actual Rows": 1,"Actual Loops": 3,"Hash Buckets": 1024,"Original Hash Buckets": 1024,"Hash Batches": 1,"Original Hash Batches": 1,"Peak Memory Usage": 9,"Workers": [],"Plans": [{"Node Type": "Seq Scan","Parent Relationship": "Outer","Parallel Aware": false,"Async Capable": false,"Relation Name": "region","Alias": "region","Startup Cost": 0.00,"Total Cost": 1.06,"Plan Rows": 1,"Plan Width": 4,"Actual Startup Time": 0.039,"Actual Total Time": 0.040,"Actual Rows": 1,"Actual Loops": 3,"Filter": "(r_name = 'MIDDLE EAST'::bpchar)","Rows Removed by Filter": 4,"Workers": []}]}]}]}]},{"Node Type": "Index Scan","Parent Relationship": "Inner","Parallel Aware": false,"Async Capable": false,"Scan Direction": "Forward","Index Name": "idx_orders_custkey","Relation Name": "orders","Alias": "orders","Startup Cost": 0.43,"Total Cost": 1.55,"Plan Rows": 3,"Plan Width": 8,"Actual Startup Time": 0.017,"Actual Total Time": 0.041,"Actual Rows": 2,"Actual Loops": 29904,"Index Cond": "(o_custkey = customer.c_custkey)","Rows Removed by Index Recheck": 0,"Filter": "((o_orderdate >= '1994-01-01'::date) AND (o_orderdate < '1995-01-01 00:00:00'::timestamp without time zone))","Rows Removed by Filter": 8,"Workers": []}]},{"Node Type": "Index Scan","Parent Relationship": "Inner","Parallel Aware": false,"Async Capable": false,"Scan Direction": "Forward","Index Name": "idx_lineitem_orderkey","Relation Name": "lineitem","Alias": "lineitem","Startup Cost": 0.43,"Total Cost": 2.84,"Plan Rows": 17,"Plan Width": 20,"Actual Startup Time": 0.017,"Actual Total Time": 0.020,"Actual Rows": 4,"Actual Loops": 45009,"Index Cond": "(l_orderkey = orders.o_orderkey)","Rows Removed by Index Recheck": 0,"Workers": []}]},{"Node Type": "Hash","Parent Relationship": "Inner","Parallel Aware": false,"Async Capable": false,"Startup Cost": 322.00,"Total Cost": 322.00,"Plan Rows": 10000,"Plan Width": 8,"Actual Startup Time": 11.133,"Actual Total Time": 11.135,"Actual Rows": 10000,"Actual Loops": 3,"Hash Buckets": 16384,"Original Hash Buckets": 16384,"Hash Batches": 1,"Original Hash Batches": 1,"Peak Memory Usage": 519,"Workers": [],"Plans": [{"Node Type": "Seq Scan","Parent Relationship": "Outer","Parallel Aware": false,"Async Capable": false,"Relation Name": "supplier","Alias": "supplier","Startup Cost": 0.00,"Total Cost": 322.00,"Plan Rows": 10000,"Plan Width": 8,"Actual Startup Time": 0.042,"Actual Total Time": 9.282,"Actual Rows": 10000,"Actual Loops": 3,"Workers": []}]}]}]}]}]}]}]},"Planning Time": 10.906,"Triggers": [],"Execution Time": 863.139}]
[{"Plan": {"Node Type": "Sort","Parallel Aware": false,"Async Capable": false,"Startup Cost": 21612.43,"Total Cost": 21612.50,"Plan Rows": 25,"Plan Width": 136,"Actual Startup Time": 812.208,"Actual Total Time": 844.906,"Actual Rows": 5,"Actual Loops": 1,"Sort Key": ["(sum((lineitem.l_extendedprice * ('1'::numeric - lineitem.l_discount)))) DESC"],"Sort Method": "quicksort","Sort Space Used": 25,"Sort Space Type": "Memory","Plans": [{"Node Type": "Aggregate","Strategy": "Sorted","Partial Mode": "Finalize","Parent Relationship": "Outer","Parallel Aware": false,"Async Capable": false,"Startup Cost": 21597.38,"Total Cost": 21611.85,"Plan Rows": 25,"Plan Width": 136,"Actual Startup Time": 811.577,"Actual Total Time": 844.848,"Actual Rows": 5,"Actual Loops": 1,"Group Key": ["nation.n_name"],"Plans": [{"Node Type": "Gather Merge","Parent Relationship": "Outer","Parallel Aware": false,"Async Capable": false,"Startup Cost": 21597.38,"Total Cost": 21611.17,"Plan Rows": 50,"Plan Width": 136,"Actual Startup Time": 811.381,"Actual Total Time": 844.798,"Actual Rows": 15,"Actual Loops": 1,"Workers Planned": 2,"Workers Launched": 2,"Plans": [{"Node Type": "Aggregate","Strategy": "Sorted","Partial Mode": "Partial","Parent Relationship": "Outer","Parallel Aware": false,"Async Capable": false,"Startup Cost": 20597.36,"Total Cost": 20605.37,"Plan Rows": 25,"Plan Width": 136,"Actual Startup Time": 803.972,"Actual Total Time": 804.698,"Actual Rows": 5,"Actual Loops": 3,"Group Key": ["nation.n_name"],"Workers": [],"Plans": [{"Node Type": "Sort","Parent Relationship": "Outer","Parallel Aware": false,"Async Capable": false,"Startup Cost": 20597.36,"Total Cost": 20598.90,"Plan Rows": 616,"Plan Width": 116,"Actual Startup Time": 803.767,"Actual Total Time": 803.896,"Actual Rows": 2458,"Actual Loops": 3,"Sort Key": ["nation.n_name"],"Sort Method": "quicksort","Sort Space Used": 292,"Sort Space Type": "Memory","Workers": [{"Worker Number": 0,"Sort Method": "quicksort","Sort Space Used": 287,"Sort Space Type": "Memory"},{"Worker Number": 1,"Sort Method": "quicksort","Sort Space Used": 286,"Sort Space Type": "Memory"}],"Plans": [{"Node Type": "Hash Join","Parent Relationship": "Outer","Parallel Aware": false,"Async Capable": false,"Join Type": "Inner","Startup Cost": 475.27,"Total Cost": 20568.82,"Plan Rows": 616,"Plan Width": 116,"Actual Startup Time": 9.755,"Actual Total Time": 802.240,"Actual Rows": 2458,"Actual Loops": 3,"Inner Unique": true,"Hash Cond": "((lineitem.l_suppkey = supplier.s_suppkey) AND (customer.c_nationkey = supplier.s_nationkey))","Workers": [],"Plans": [{"Node Type": "Nested Loop","Parent Relationship": "Outer","Parallel Aware": false,"Async Capable": false,"Join Type": "Inner","Startup Cost": 3.27,"Total Cost": 20015.89,"Plan Rows": 15415,"Plan Width": 128,"Actual Startup Time": 0.708,"Actual Total Time": 760.379,"Actual Rows": 60417,"Actual Loops": 3,"Inner Unique": false,"Workers": [],"Plans": [{"Node Type": "Nested Loop","Parent Relationship": "Outer","Parallel Aware": false,"Async Capable": false,"Join Type": "Inner","Startup Cost": 2.84,"Total Cost": 8414.26,"Plan Rows": 3853,"Plan Width": 116,"Actual Startup Time": 0.563,"Actual Total Time": 454.038,"Actual Rows": 15112,"Actual Loops": 3,"Inner Unique": false,"Workers": [],"Plans": [{"Node Type": "Hash Join","Parent Relationship": "Outer","Parallel Aware": false,"Async Capable": false,"Join Type": "Inner","Startup Cost": 2.41,"Total Cost": 4471.79,"Plan Rows": 2500,"Plan Width": 116,"Actual Startup Time": 0.264,"Actual Total Time": 54.641,"Actual Rows": 9984,"Actual Loops": 3,"Inner Unique": false,"Hash Cond": "(customer.c_nationkey = nation.n_nationkey)","Workers": [],"Plans": [{"Node Type": "Seq Scan","Parent Relationship": "Outer","Parallel Aware": true,"Async Capable": false,"Relation Name": "customer","Alias": "customer","Startup Cost": 0.00,"Total Cost": 4210.00,"Plan Rows": 62500,"Plan Width": 8,"Actual Startup Time": 0.019,"Actual Total Time": 9.602,"Actual Rows": 50000,"Actual Loops": 3,"Workers": []},{"Node Type": "Hash","Parent Relationship": "Inner","Parallel Aware": false,"Async Capable": false,"Startup Cost": 2.40,"Total Cost": 2.40,"Plan Rows": 1,"Plan Width": 108,"Actual Startup Time": 0.143,"Actual Total Time": 0.163,"Actual Rows": 5,"Actual Loops": 3,"Hash Buckets": 1024,"Original Hash Buckets": 1024,"Hash Batches": 1,"Original Hash Batches": 1,"Peak Memory Usage": 9,"Workers": [],"Plans": [{"Node Type": "Hash Join","Parent Relationship": "Outer","Parallel Aware": false,"Async Capable": false,"Join Type": "Inner","Startup Cost": 1.07,"Total Cost": 2.40,"Plan Rows": 1,"Plan Width": 108,"Actual Startup Time": 0.129,"Actual Total Time": 0.153,"Actual Rows": 5,"Actual Loops": 3,"Inner Unique": true,"Hash Cond": "(nation.n_regionkey = region.r_regionkey)","Workers": [],"Plans": [{"Node Type": "Seq Scan","Parent Relationship": "Outer","Parallel Aware": false,"Async Capable": false,"Relation Name": "nation","Alias": "nation","Startup Cost": 0.00,"Total Cost": 1.25,"Plan Rows": 25,"Plan Width": 112,"Actual Startup Time": 0.046,"Actual Total Time": 0.051,"Actual Rows": 25,"Actual Loops": 3,"Workers": []},{"Node Type": "Hash","Parent Relationship": "Inner","Parallel Aware": false,"Async Capable": false,"Startup Cost": 1.06,"Total Cost": 1.06,"Plan Rows": 1,"Plan Width": 4,"Actual Startup Time": 0.053,"Actual Total Time": 0.059,"Actual Rows": 1,"Actual Loops": 3,"Hash Buckets": 1024,"Original Hash Buckets": 1024,"Hash Batches": 1,"Original Hash Batches": 1,"Peak Memory Usage": 9,"Workers": [],"Plans": [{"Node Type": "Seq Scan","Parent Relationship": "Outer","Parallel Aware": false,"Async Capable": false,"Relation Name": "region","Alias": "region","Startup Cost": 0.00,"Total Cost": 1.06,"Plan Rows": 1,"Plan Width": 4,"Actual Startup Time": 0.038,"Actual Total Time": 0.040,"Actual Rows": 1,"Actual Loops": 3,"Filter": "(r_name = 'AMERICA'::bpchar)","Rows Removed by Filter": 4,"Workers": []}]}]}]}]},{"Node Type": "Index Scan","Parent Relationship": "Inner","Parallel Aware": false,"Async Capable": false,"Scan Direction": "Forward","Index Name": "idx_orders_custkey","Relation Name": "orders","Alias": "orders","Startup Cost": 0.43,"Total Cost": 1.55,"Plan Rows": 3,"Plan Width": 8,"Actual Startup Time": 0.017,"Actual Total Time": 0.040,"Actual Rows": 2,"Actual Loops": 29952,"Index Cond": "(o_custkey = customer.c_custkey)","Rows Removed by Index Recheck": 0,"Filter": "((o_orderdate >= '1994-01-01'::date) AND (o_orderdate < '1995-01-01 00:00:00'::timestamp without time zone))","Rows Removed by Filter": 8,"Workers": []}]},{"Node Type": "Index Scan","Parent Relationship": "Inner","Parallel Aware": false,"Async Capable": false,"Scan Direction": "Forward","Index Name": "idx_lineitem_orderkey","Relation Name": "lineitem","Alias": "lineitem","Startup Cost": 0.43,"Total Cost": 2.84,"Plan Rows": 17,"Plan Width": 20,"Actual Startup Time": 0.017,"Actual Total Time": 0.020,"Actual Rows": 4,"Actual Loops": 45335,"Index Cond": "(l_orderkey = orders.o_orderkey)","Rows Removed by Index Recheck": 0,"Workers": []}]},{"Node Type": "Hash","Parent Relationship": "Inner","Parallel Aware": false,"Async Capable": false,"Startup Cost": 322.00,"Total Cost": 322.00,"Plan Rows": 10000,"Plan Width": 8,"Actual Startup Time": 8.509,"Actual Total Time": 8.512,"Actual Rows": 10000,"Actual Loops": 3,"Hash Buckets": 16384,"Original Hash Buckets": 16384,"Hash Batches": 1,"Original Hash Batches": 1,"Peak Memory Usage": 519,"Workers": [],"Plans": [{"Node Type": "Seq Scan","Parent Relationship": "Outer","Parallel Aware": false,"Async Capable": false,"Relation Name": "supplier","Alias": "supplier","Startup Cost": 0.00,"Total Cost": 322.00,"Plan Rows": 10000,"Plan Width": 8,"Actual Startup Time": 0.036,"Actual Total Time": 6.673,"Actual Rows": 10000,"Actual Loops": 3,"Workers": []}]}]}]}]}]}]}]},"Planning Time": 10.649,"Triggers": [],"Execution Time": 845.482}]
[{"Plan": {"Node Type": "Sort","Parallel Aware": false,"Async Capable": false,"Startup Cost": 21616.39,"Total Cost": 21616.45,"Plan Rows": 25,"Plan Width": 136,"Actual Startup Time": 804.800,"Actual Total Time": 836.793,"Actual Rows": 5,"Actual Loops": 1,"Sort Key": ["(sum((lineitem.l_extendedprice * ('1'::numeric - lineitem.l_discount)))) DESC"],"Sort Method": "quicksort","Sort Space Used": 25,"Sort Space Type": "Memory","Plans": [{"Node Type": "Aggregate","Strategy": "Sorted","Partial Mode": "Finalize","Parent Relationship": "Outer","Parallel Aware": false,"Async Capable": false,"Startup Cost": 21601.33,"Total Cost": 21615.81,"Plan Rows": 25,"Plan Width": 136,"Actual Startup Time": 804.196,"Actual Total Time": 836.738,"Actual Rows": 5,"Actual Loops": 1,"Group Key": ["nation.n_name"],"Plans": [{"Node Type": "Gather Merge","Parent Relationship": "Outer","Parallel Aware": false,"Async Capable": false,"Startup Cost": 21601.33,"Total Cost": 21615.12,"Plan Rows": 50,"Plan Width": 136,"Actual Startup Time": 803.537,"Actual Total Time": 836.675,"Actual Rows": 15,"Actual Loops": 1,"Workers Planned": 2,"Workers Launched": 2,"Plans": [{"Node Type": "Aggregate","Strategy": "Sorted","Partial Mode": "Partial","Parent Relationship": "Outer","Parallel Aware": false,"Async Capable": false,"Startup Cost": 20601.30,"Total Cost": 20609.33,"Plan Rows": 25,"Plan Width": 136,"Actual Startup Time": 795.499,"Actual Total Time": 796.369,"Actual Rows": 5,"Actual Loops": 3,"Group Key": ["nation.n_name"],"Workers": [],"Plans": [{"Node Type": "Sort","Parent Relationship": "Outer","Parallel Aware": false,"Async Capable": false,"Startup Cost": 20601.30,"Total Cost": 20602.85,"Plan Rows": 617,"Plan Width": 116,"Actual Startup Time": 795.285,"Actual Total Time": 795.436,"Actual Rows": 2498,"Actual Loops": 3,"Sort Key": ["nation.n_name"],"Sort Method": "quicksort","Sort Space Used": 299,"Sort Space Type": "Memory","Workers": [{"Worker Number": 0,"Sort Method": "quicksort","Sort Space Used": 291,"Sort Space Type": "Memory"},{"Worker Number": 1,"Sort Method": "quicksort","Sort Space Used": 284,"Sort Space Type": "Memory"}],"Plans": [{"Node Type": "Hash Join","Parent Relationship": "Outer","Parallel Aware": false,"Async Capable": false,"Join Type": "Inner","Startup Cost": 475.27,"Total Cost": 20572.71,"Plan Rows": 617,"Plan Width": 116,"Actual Startup Time": 14.014,"Actual Total Time": 793.817,"Actual Rows": 2498,"Actual Loops": 3,"Inner Unique": true,"Hash Cond": "((lineitem.l_suppkey = supplier.s_suppkey) AND (customer.c_nationkey = supplier.s_nationkey))","Workers": [],"Plans": [{"Node Type": "Nested Loop","Parent Relationship": "Outer","Parallel Aware": false,"Async Capable": false,"Join Type": "Inner","Startup Cost": 3.27,"Total Cost": 20019.70,"Plan Rows": 15431,"Plan Width": 128,"Actual Startup Time": 0.837,"Actual Total Time": 749.002,"Actual Rows": 60742,"Actual Loops": 3,"Inner Unique": false,"Workers": [],"Plans": [{"Node Type": "Nested Loop","Parent Relationship": "Outer","Parallel Aware": false,"Async Capable": false,"Join Type": "Inner","Startup Cost": 2.84,"Total Cost": 8414.26,"Plan Rows": 3857,"Plan Width": 116,"Actual Startup Time": 0.706,"Actual Total Time": 447.815,"Actual Rows": 15183,"Actual Loops": 3,"Inner Unique": false,"Workers": [],"Plans": [{"Node Type": "Hash Join","Parent Relationship": "Outer","Parallel Aware": false,"Async Capable": false,"Join Type": "Inner","Startup Cost": 2.41,"Total Cost": 4471.79,"Plan Rows": 2500,"Plan Width": 116,"Actual Startup Time": 0.258,"Actual Total Time": 55.848,"Actual Rows": 9984,"Actual Loops": 3,"Inner Unique": false,"Hash Cond": "(customer.c_nationkey = nation.n_nationkey)","Workers": [],"Plans": [{"Node Type": "Seq Scan","Parent Relationship": "Outer","Parallel Aware": true,"Async Capable": false,"Relation Name": "customer","Alias": "customer","Startup Cost": 0.00,"Total Cost": 4210.00,"Plan Rows": 62500,"Plan Width": 8,"Actual Startup Time": 0.017,"Actual Total Time": 9.503,"Actual Rows": 50000,"Actual Loops": 3,"Workers": []},{"Node Type": "Hash","Parent Relationship": "Inner","Parallel Aware": false,"Async Capable": false,"Startup Cost": 2.40,"Total Cost": 2.40,"Plan Rows": 1,"Plan Width": 108,"Actual Startup Time": 0.153,"Actual Total Time": 0.178,"Actual Rows": 5,"Actual Loops": 3,"Hash Buckets": 1024,"Original Hash Buckets": 1024,"Hash Batches": 1,"Original Hash Batches": 1,"Peak Memory Usage": 9,"Workers": [],"Plans": [{"Node Type": "Hash Join","Parent Relationship": "Outer","Parallel Aware": false,"Async Capable": false,"Join Type": "Inner","Startup Cost": 1.07,"Total Cost": 2.40,"Plan Rows": 1,"Plan Width": 108,"Actual Startup Time": 0.136,"Actual Total Time": 0.167,"Actual Rows": 5,"Actual Loops": 3,"Inner Unique": true,"Hash Cond": "(nation.n_regionkey = region.r_regionkey)","Workers": [],"Plans": [{"Node Type": "Seq Scan","Parent Relationship": "Outer","Parallel Aware": false,"Async Capable": false,"Relation Name": "nation","Alias": "nation","Startup Cost": 0.00,"Total Cost": 1.25,"Plan Rows": 25,"Plan Width": 112,"Actual Startup Time": 0.055,"Actual Total Time": 0.059,"Actual Rows": 25,"Actual Loops": 3,"Workers": []},{"Node Type": "Hash","Parent Relationship": "Inner","Parallel Aware": false,"Async Capable": false,"Startup Cost": 1.06,"Total Cost": 1.06,"Plan Rows": 1,"Plan Width": 4,"Actual Startup Time": 0.050,"Actual Total Time": 0.057,"Actual Rows": 1,"Actual Loops": 3,"Hash Buckets": 1024,"Original Hash Buckets": 1024,"Hash Batches": 1,"Original Hash Batches": 1,"Peak Memory Usage": 9,"Workers": [],"Plans": [{"Node Type": "Seq Scan","Parent Relationship": "Outer","Parallel Aware": false,"Async Capable": false,"Relation Name": "region","Alias": "region","Startup Cost": 0.00,"Total Cost": 1.06,"Plan Rows": 1,"Plan Width": 4,"Actual Startup Time": 0.036,"Actual Total Time": 0.039,"Actual Rows": 1,"Actual Loops": 3,"Filter": "(r_name = 'AMERICA'::bpchar)","Rows Removed by Filter": 4,"Workers": []}]}]}]}]},{"Node Type": "Index Scan","Parent Relationship": "Inner","Parallel Aware": false,"Async Capable": false,"Scan Direction": "Forward","Index Name": "idx_orders_custkey","Relation Name": "orders","Alias": "orders","Startup Cost": 0.43,"Total Cost": 1.55,"Plan Rows": 3,"Plan Width": 8,"Actual Startup Time": 0.017,"Actual Total Time": 0.039,"Actual Rows": 2,"Actual Loops": 29952,"Index Cond": "(o_custkey = customer.c_custkey)","Rows Removed by Index Recheck": 0,"Filter": "((o_orderdate >= '1996-01-01'::date) AND (o_orderdate < '1997-01-01 00:00:00'::timestamp without time zone))","Rows Removed by Filter": 8,"Workers": []}]},{"Node Type": "Index Scan","Parent Relationship": "Inner","Parallel Aware": false,"Async Capable": false,"Scan Direction": "Forward","Index Name": "idx_lineitem_orderkey","Relation Name": "lineitem","Alias": "lineitem","Startup Cost": 0.43,"Total Cost": 2.84,"Plan Rows": 17,"Plan Width": 20,"Actual Startup Time": 0.016,"Actual Total Time": 0.019,"Actual Rows": 4,"Actual Loops": 45549,"Index Cond": "(l_orderkey = orders.o_orderkey)","Rows Removed by Index Recheck": 0,"Workers": []}]},{"Node Type": "Hash","Parent Relationship": "Inner","Parallel Aware": false,"Async Capable": false,"Startup Cost": 322.00,"Total Cost": 322.00,"Plan Rows": 10000,"Plan Width": 8,"Actual Startup Time": 12.297,"Actual Total Time": 12.301,"Actual Rows": 10000,"Actual Loops": 3,"Hash Buckets": 16384,"Original Hash Buckets": 16384,"Hash Batches": 1,"Original Hash Batches": 1,"Peak Memory Usage": 519,"Workers": [],"Plans": [{"Node Type": "Seq Scan","Parent Relationship": "Outer","Parallel Aware": false,"Async Capable": false,"Relation Name": "supplier","Alias": "supplier","Startup Cost": 0.00,"Total Cost": 322.00,"Plan Rows": 10000,"Plan Width": 8,"Actual Startup Time": 0.045,"Actual Total Time": 10.666,"Actual Rows": 10000,"Actual Loops": 3,"Workers": []}]}]}]}]}]}]}]},"Planning Time": 9.455,"Triggers": [],"Execution Time": 837.268}]
[{"Plan": {"Node Type": "Sort","Parallel Aware": false,"Async Capable": false,"Startup Cost": 21612.43,"Total Cost": 21612.50,"Plan Rows": 25,"Plan Width": 136,"Actual Startup Time": 835.932,"Actual Total Time": 867.365,"Actual Rows": 5,"Actual Loops": 1,"Sort Key": ["(sum((lineitem.l_extendedprice * ('1'::numeric - lineitem.l_discount)))) DESC"],"Sort Method": "quicksort","Sort Space Used": 25,"Sort Space Type": "Memory","Plans": [{"Node Type": "Aggregate","Strategy": "Sorted","Partial Mode": "Finalize","Parent Relationship": "Outer","Parallel Aware": false,"Async Capable": false,"Startup Cost": 21597.38,"Total Cost": 21611.85,"Plan Rows": 25,"Plan Width": 136,"Actual Startup Time": 835.364,"Actual Total Time": 867.318,"Actual Rows": 5,"Actual Loops": 1,"Group Key": ["nation.n_name"],"Plans": [{"Node Type": "Gather Merge","Parent Relationship": "Outer","Parallel Aware": false,"Async Capable": false,"Startup Cost": 21597.38,"Total Cost": 21611.17,"Plan Rows": 50,"Plan Width": 136,"Actual Startup Time": 835.179,"Actual Total Time": 867.277,"Actual Rows": 15,"Actual Loops": 1,"Workers Planned": 2,"Workers Launched": 2,"Plans": [{"Node Type": "Aggregate","Strategy": "Sorted","Partial Mode": "Partial","Parent Relationship": "Outer","Parallel Aware": false,"Async Capable": false,"Startup Cost": 20597.36,"Total Cost": 20605.37,"Plan Rows": 25,"Plan Width": 136,"Actual Startup Time": 826.891,"Actual Total Time": 827.596,"Actual Rows": 5,"Actual Loops": 3,"Group Key": ["nation.n_name"],"Workers": [],"Plans": [{"Node Type": "Sort","Parent Relationship": "Outer","Parallel Aware": false,"Async Capable": false,"Startup Cost": 20597.36,"Total Cost": 20598.90,"Plan Rows": 616,"Plan Width": 116,"Actual Startup Time": 826.692,"Actual Total Time": 826.817,"Actual Rows": 2422,"Actual Loops": 3,"Sort Key": ["nation.n_name"],"Sort Method": "quicksort","Sort Space Used": 284,"Sort Space Type": "Memory","Workers": [{"Worker Number": 0,"Sort Method": "quicksort","Sort Space Used": 289,"Sort Space Type": "Memory"},{"Worker Number": 1,"Sort Method": "quicksort","Sort Space Used": 285,"Sort Space Type": "Memory"}],"Plans": [{"Node Type": "Hash Join","Parent Relationship": "Outer","Parallel Aware": false,"Async Capable": false,"Join Type": "Inner","Startup Cost": 475.27,"Total Cost": 20568.82,"Plan Rows": 616,"Plan Width": 116,"Actual Startup Time": 12.416,"Actual Total Time": 825.180,"Actual Rows": 2422,"Actual Loops": 3,"Inner Unique": true,"Hash Cond": "((lineitem.l_suppkey = supplier.s_suppkey) AND (customer.c_nationkey = supplier.s_nationkey))","Workers": [],"Plans": [{"Node Type": "Nested Loop","Parent Relationship": "Outer","Parallel Aware": false,"Async Capable": false,"Join Type": "Inner","Startup Cost": 3.27,"Total Cost": 20015.89,"Plan Rows": 15415,"Plan Width": 128,"Actual Startup Time": 0.717,"Actual Total Time": 776.964,"Actual Rows": 61524,"Actual Loops": 3,"Inner Unique": false,"Workers": [],"Plans": [{"Node Type": "Nested Loop","Parent Relationship": "Outer","Parallel Aware": false,"Async Capable": false,"Join Type": "Inner","Startup Cost": 2.84,"Total Cost": 8414.26,"Plan Rows": 3853,"Plan Width": 116,"Actual Startup Time": 0.594,"Actual Total Time": 468.318,"Actual Rows": 15364,"Actual Loops": 3,"Inner Unique": false,"Workers": [],"Plans": [{"Node Type": "Hash Join","Parent Relationship": "Outer","Parallel Aware": false,"Async Capable": false,"Join Type": "Inner","Startup Cost": 2.41,"Total Cost": 4471.79,"Plan Rows": 2500,"Plan Width": 116,"Actual Startup Time": 0.257,"Actual Total Time": 59.024,"Actual Rows": 10066,"Actual Loops": 3,"Inner Unique": false,"Hash Cond": "(customer.c_nationkey = nation.n_nationkey)","Workers": [],"Plans": [{"Node Type": "Seq Scan","Parent Relationship": "Outer","Parallel Aware": true,"Async Capable": false,"Relation Name": "customer","Alias": "customer","Startup Cost": 0.00,"Total Cost": 4210.00,"Plan Rows": 62500,"Plan Width": 8,"Actual Startup Time": 0.018,"Actual Total Time": 10.025,"Actual Rows": 50000,"Actual Loops": 3,"Workers": []},{"Node Type": "Hash","Parent Relationship": "Inner","Parallel Aware": false,"Async Capable": false,"Startup Cost": 2.40,"Total Cost": 2.40,"Plan Rows": 1,"Plan Width": 108,"Actual Startup Time": 0.151,"Actual Total Time": 0.168,"Actual Rows": 5,"Actual Loops": 3,"Hash Buckets": 1024,"Original Hash Buckets": 1024,"Hash Batches": 1,"Original Hash Batches": 1,"Peak Memory Usage": 9,"Workers": [],"Plans": [{"Node Type": "Hash Join","Parent Relationship": "Outer","Parallel Aware": false,"Async Capable": false,"Join Type": "Inner","Startup Cost": 1.07,"Total Cost": 2.40,"Plan Rows": 1,"Plan Width": 108,"Actual Startup Time": 0.138,"Actual Total Time": 0.159,"Actual Rows": 5,"Actual Loops": 3,"Inner Unique": true,"Hash Cond": "(nation.n_regionkey = region.r_regionkey)","Workers": [],"Plans": [{"Node Type": "Seq Scan","Parent Relationship": "Outer","Parallel Aware": false,"Async Capable": false,"Relation Name": "nation","Alias": "nation","Startup Cost": 0.00,"Total Cost": 1.25,"Plan Rows": 25,"Plan Width": 112,"Actual Startup Time": 0.050,"Actual Total Time": 0.055,"Actual Rows": 25,"Actual Loops": 3,"Workers": []},{"Node Type": "Hash","Parent Relationship": "Inner","Parallel Aware": false,"Async Capable": false,"Startup Cost": 1.06,"Total Cost": 1.06,"Plan Rows": 1,"Plan Width": 4,"Actual Startup Time": 0.059,"Actual Total Time": 0.064,"Actual Rows": 1,"Actual Loops": 3,"Hash Buckets": 1024,"Original Hash Buckets": 1024,"Hash Batches": 1,"Original Hash Batches": 1,"Peak Memory Usage": 9,"Workers": [],"Plans": [{"Node Type": "Seq Scan","Parent Relationship": "Outer","Parallel Aware": false,"Async Capable": false,"Relation Name": "region","Alias": "region","Startup Cost": 0.00,"Total Cost": 1.06,"Plan Rows": 1,"Plan Width": 4,"Actual Startup Time": 0.043,"Actual Total Time": 0.045,"Actual Rows": 1,"Actual Loops": 3,"Filter": "(r_name = 'EUROPE'::bpchar)","Rows Removed by Filter": 4,"Workers": []}]}]}]}]},{"Node Type": "Index Scan","Parent Relationship": "Inner","Parallel Aware": false,"Async Capable": false,"Scan Direction": "Forward","Index Name": "idx_orders_custkey","Relation Name": "orders","Alias": "orders","Startup Cost": 0.43,"Total Cost": 1.55,"Plan Rows": 3,"Plan Width": 8,"Actual Startup Time": 0.017,"Actual Total Time": 0.040,"Actual Rows": 2,"Actual Loops": 30197,"Index Cond": "(o_custkey = customer.c_custkey)","Rows Removed by Index Recheck": 0,"Filter": "((o_orderdate >= '1994-01-01'::date) AND (o_orderdate < '1995-01-01 00:00:00'::timestamp without time zone))","Rows Removed by Filter": 9,"Workers": []}]},{"Node Type": "Index Scan","Parent Relationship": "Inner","Parallel Aware": false,"Async Capable": false,"Scan Direction": "Forward","Index Name": "idx_lineitem_orderkey","Relation Name": "lineitem","Alias": "lineitem","Startup Cost": 0.43,"Total Cost": 2.84,"Plan Rows": 17,"Plan Width": 20,"Actual Startup Time": 0.017,"Actual Total Time": 0.019,"Actual Rows": 4,"Actual Loops": 46093,"Index Cond": "(l_orderkey = orders.o_orderkey)","Rows Removed by Index Recheck": 0,"Workers": []}]},{"Node Type": "Hash","Parent Relationship": "Inner","Parallel Aware": false,"Async Capable": false,"Startup Cost": 322.00,"Total Cost": 322.00,"Plan Rows": 10000,"Plan Width": 8,"Actual Startup Time": 10.479,"Actual Total Time": 10.484,"Actual Rows": 10000,"Actual Loops": 3,"Hash Buckets": 16384,"Original Hash Buckets": 16384,"Hash Batches": 1,"Original Hash Batches": 1,"Peak Memory Usage": 519,"Workers": [],"Plans": [{"Node Type": "Seq Scan","Parent Relationship": "Outer","Parallel Aware": false,"Async Capable": false,"Relation Name": "supplier","Alias": "supplier","Startup Cost": 0.00,"Total Cost": 322.00,"Plan Rows": 10000,"Plan Width": 8,"Actual Startup Time": 0.042,"Actual Total Time": 8.711,"Actual Rows": 10000,"Actual Loops": 3,"Workers": []}]}]}]}]}]}]}]},"Planning Time": 9.647,"Triggers": [],"Execution Time": 867.883}]
[{"Plan": {"Node Type": "Sort","Parallel Aware": false,"Async Capable": false,"Startup Cost": 21522.30,"Total Cost": 21522.36,"Plan Rows": 25,"Plan Width": 136,"Actual Startup Time": 808.715,"Actual Total Time": 841.103,"Actual Rows": 5,"Actual Loops": 1,"Sort Key": ["(sum((lineitem.l_extendedprice * ('1'::numeric - lineitem.l_discount)))) DESC"],"Sort Method": "quicksort","Sort Space Used": 25,"Sort Space Type": "Memory","Plans": [{"Node Type": "Aggregate","Strategy": "Sorted","Partial Mode": "Finalize","Parent Relationship": "Outer","Parallel Aware": false,"Async Capable": false,"Startup Cost": 21507.43,"Total Cost": 21521.72,"Plan Rows": 25,"Plan Width": 136,"Actual Startup Time": 808.132,"Actual Total Time": 841.051,"Actual Rows": 5,"Actual Loops": 1,"Group Key": ["nation.n_name"],"Plans": [{"Node Type": "Gather Merge","Parent Relationship": "Outer","Parallel Aware": false,"Async Capable": false,"Startup Cost": 21507.43,"Total Cost": 21521.03,"Plan Rows": 50,"Plan Width": 136,"Actual Startup Time": 807.865,"Actual Total Time": 840.993,"Actual Rows": 15,"Actual Loops": 1,"Workers Planned": 2,"Workers Launched": 2,"Plans": [{"Node Type": "Aggregate","Strategy": "Sorted","Partial Mode": "Partial","Parent Relationship": "Outer","Parallel Aware": false,"Async Capable": false,"Startup Cost": 20507.41,"Total Cost": 20515.23,"Plan Rows": 25,"Plan Width": 136,"Actual Startup Time": 800.148,"Actual Total Time": 800.877,"Actual Rows": 5,"Actual Loops": 3,"Group Key": ["nation.n_name"],"Workers": [],"Plans": [{"Node Type": "Sort","Parent Relationship": "Outer","Parallel Aware": false,"Async Capable": false,"Startup Cost": 20507.41,"Total Cost": 20508.91,"Plan Rows": 601,"Plan Width": 116,"Actual Startup Time": 799.927,"Actual Total Time": 800.057,"Actual Rows": 2459,"Actual Loops": 3,"Sort Key": ["nation.n_name"],"Sort Method": "quicksort","Sort Space Used": 287,"Sort Space Type": "Memory","Workers": [{"Worker Number": 0,"Sort Method": "quicksort","Sort Space Used": 292,"Sort Space Type": "Memory"},{"Worker Number": 1,"Sort Method": "quicksort","Sort Space Used": 287,"Sort Space Type": "Memory"}],"Plans": [{"Node Type": "Hash Join","Parent Relationship": "Outer","Parallel Aware": false,"Async Capable": false,"Join Type": "Inner","Startup Cost": 475.27,"Total Cost": 20479.67,"Plan Rows": 601,"Plan Width": 116,"Actual Startup Time": 9.851,"Actual Total Time": 798.461,"Actual Rows": 2459,"Actual Loops": 3,"Inner Unique": true,"Hash Cond": "((lineitem.l_suppkey = supplier.s_suppkey) AND (customer.c_nationkey = supplier.s_nationkey))","Workers": [],"Plans": [{"Node Type": "Nested Loop","Parent Relationship": "Outer","Parallel Aware": false,"Async Capable": false,"Join Type": "Inner","Startup Cost": 3.27,"Total Cost": 19928.78,"Plan Rows": 15027,"Plan Width": 128,"Actual Startup Time": 0.691,"Actual Total Time": 757.487,"Actual Rows": 60981,"Actual Loops": 3,"Inner Unique": false,"Workers": [],"Plans": [{"Node Type": "Nested Loop","Parent Relationship": "Outer","Parallel Aware": false,"Async Capable": false,"Join Type": "Inner","Startup Cost": 2.84,"Total Cost": 8414.26,"Plan Rows": 3756,"Plan Width": 116,"Actual Startup Time": 0.574,"Actual Total Time": 453.285,"Actual Rows": 15233,"Actual Loops": 3,"Inner Unique": false,"Workers": [],"Plans": [{"Node Type": "Hash Join","Parent Relationship": "Outer","Parallel Aware": false,"Async Capable": false,"Join Type": "Inner","Startup Cost": 2.41,"Total Cost": 4471.79,"Plan Rows": 2500,"Plan Width": 116,"Actual Startup Time": 0.259,"Actual Total Time": 55.622,"Actual Rows": 10066,"Actual Loops": 3,"Inner Unique": false,"Hash Cond": "(customer.c_nationkey = nation.n_nationkey)","Workers": [],"Plans": [{"Node Type": "Seq Scan","Parent Relationship": "Outer","Parallel Aware": true,"Async Capable": false,"Relation Name": "customer","Alias": "customer","Startup Cost": 0.00,"Total Cost": 4210.00,"Plan Rows": 62500,"Plan Width": 8,"Actual Startup Time": 0.020,"Actual Total Time": 9.402,"Actual Rows": 50000,"Actual Loops": 3,"Workers": []},{"Node Type": "Hash","Parent Relationship": "Inner","Parallel Aware": false,"Async Capable": false,"Startup Cost": 2.40,"Total Cost": 2.40,"Plan Rows": 1,"Plan Width": 108,"Actual Startup Time": 0.150,"Actual Total Time": 0.167,"Actual Rows": 5,"Actual Loops": 3,"Hash Buckets": 1024,"Original Hash Buckets": 1024,"Hash Batches": 1,"Original Hash Batches": 1,"Peak Memory Usage": 9,"Workers": [],"Plans": [{"Node Type": "Hash Join","Parent Relationship": "Outer","Parallel Aware": false,"Async Capable": false,"Join Type": "Inner","Startup Cost": 1.07,"Total Cost": 2.40,"Plan Rows": 1,"Plan Width": 108,"Actual Startup Time": 0.135,"Actual Total Time": 0.156,"Actual Rows": 5,"Actual Loops": 3,"Inner Unique": true,"Hash Cond": "(nation.n_regionkey = region.r_regionkey)","Workers": [],"Plans": [{"Node Type": "Seq Scan","Parent Relationship": "Outer","Parallel Aware": false,"Async Capable": false,"Relation Name": "nation","Alias": "nation","Startup Cost": 0.00,"Total Cost": 1.25,"Plan Rows": 25,"Plan Width": 112,"Actual Startup Time": 0.049,"Actual Total Time": 0.053,"Actual Rows": 25,"Actual Loops": 3,"Workers": []},{"Node Type": "Hash","Parent Relationship": "Inner","Parallel Aware": false,"Async Capable": false,"Startup Cost": 1.06,"Total Cost": 1.06,"Plan Rows": 1,"Plan Width": 4,"Actual Startup Time": 0.056,"Actual Total Time": 0.064,"Actual Rows": 1,"Actual Loops": 3,"Hash Buckets": 1024,"Original Hash Buckets": 1024,"Hash Batches": 1,"Original Hash Batches": 1,"Peak Memory Usage": 9,"Workers": [],"Plans": [{"Node Type": "Seq Scan","Parent Relationship": "Outer","Parallel Aware": false,"Async Capable": false,"Relation Name": "region","Alias": "region","Startup Cost": 0.00,"Total Cost": 1.06,"Plan Rows": 1,"Plan Width": 4,"Actual Startup Time": 0.041,"Actual Total Time": 0.043,"Actual Rows": 1,"Actual Loops": 3,"Filter": "(r_name = 'EUROPE'::bpchar)","Rows Removed by Filter": 4,"Workers": []}]}]}]}]},{"Node Type": "Index Scan","Parent Relationship": "Inner","Parallel Aware": false,"Async Capable": false,"Scan Direction": "Forward","Index Name": "idx_orders_custkey","Relation Name": "orders","Alias": "orders","Startup Cost": 0.43,"Total Cost": 1.55,"Plan Rows": 3,"Plan Width": 8,"Actual Startup Time": 0.017,"Actual Total Time": 0.039,"Actual Rows": 2,"Actual Loops": 30197,"Index Cond": "(o_custkey = customer.c_custkey)","Rows Removed by Index Recheck": 0,"Filter": "((o_orderdate >= '1993-01-01'::date) AND (o_orderdate < '1994-01-01 00:00:00'::timestamp without time zone))","Rows Removed by Filter": 9,"Workers": []}]},{"Node Type": "Index Scan","Parent Relationship": "Inner","Parallel Aware": false,"Async Capable": false,"Scan Direction": "Forward","Index Name": "idx_lineitem_orderkey","Relation Name": "lineitem","Alias": "lineitem","Startup Cost": 0.43,"Total Cost": 2.90,"Plan Rows": 17,"Plan Width": 20,"Actual Startup Time": 0.017,"Actual Total Time": 0.019,"Actual Rows": 4,"Actual Loops": 45699,"Index Cond": "(l_orderkey = orders.o_orderkey)","Rows Removed by Index Recheck": 0,"Workers": []}]},{"Node Type": "Hash","Parent Relationship": "Inner","Parallel Aware": false,"Async Capable": false,"Startup Cost": 322.00,"Total Cost": 322.00,"Plan Rows": 10000,"Plan Width": 8,"Actual Startup Time": 8.538,"Actual Total Time": 8.541,"Actual Rows": 10000,"Actual Loops": 3,"Hash Buckets": 16384,"Original Hash Buckets": 16384,"Hash Batches": 1,"Original Hash Batches": 1,"Peak Memory Usage": 519,"Workers": [],"Plans": [{"Node Type": "Seq Scan","Parent Relationship": "Outer","Parallel Aware": false,"Async Capable": false,"Relation Name": "supplier","Alias": "supplier","Startup Cost": 0.00,"Total Cost": 322.00,"Plan Rows": 10000,"Plan Width": 8,"Actual Startup Time": 0.046,"Actual Total Time": 6.635,"Actual Rows": 10000,"Actual Loops": 3,"Workers": []}]}]}]}]}]}]}]},"Planning Time": 10.957,"Triggers": [],"Execution Time": 841.799}]
[{"Plan": {"Node Type": "Sort","Parallel Aware": false,"Async Capable": false,"Startup Cost": 21565.81,"Total Cost": 21565.87,"Plan Rows": 25,"Plan Width": 136,"Actual Startup Time": 812.189,"Actual Total Time": 842.359,"Actual Rows": 5,"Actual Loops": 1,"Sort Key": ["(sum((lineitem.l_extendedprice * ('1'::numeric - lineitem.l_discount)))) DESC"],"Sort Method": "quicksort","Sort Space Used": 25,"Sort Space Type": "Memory","Plans": [{"Node Type": "Aggregate","Strategy": "Sorted","Partial Mode": "Finalize","Parent Relationship": "Outer","Parallel Aware": false,"Async Capable": false,"Startup Cost": 21550.86,"Total Cost": 21565.23,"Plan Rows": 25,"Plan Width": 136,"Actual Startup Time": 811.599,"Actual Total Time": 842.311,"Actual Rows": 5,"Actual Loops": 1,"Group Key": ["nation.n_name"],"Plans": [{"Node Type": "Gather Merge","Parent Relationship": "Outer","Parallel Aware": false,"Async Capable": false,"Startup Cost": 21550.86,"Total Cost": 21564.54,"Plan Rows": 50,"Plan Width": 136,"Actual Startup Time": 811.323,"Actual Total Time": 842.254,"Actual Rows": 15,"Actual Loops": 1,"Workers Planned": 2,"Workers Launched": 2,"Plans": [{"Node Type": "Aggregate","Strategy": "Sorted","Partial Mode": "Partial","Parent Relationship": "Outer","Parallel Aware": false,"Async Capable": false,"Startup Cost": 20550.84,"Total Cost": 20558.75,"Plan Rows": 25,"Plan Width": 136,"Actual Startup Time": 803.769,"Actual Total Time": 804.515,"Actual Rows": 5,"Actual Loops": 3,"Group Key": ["nation.n_name"],"Workers": [],"Plans": [{"Node Type": "Sort","Parent Relationship": "Outer","Parallel Aware": false,"Async Capable": false,"Startup Cost": 20550.84,"Total Cost": 20552.36,"Plan Rows": 608,"Plan Width": 116,"Actual Startup Time": 803.552,"Actual Total Time": 803.687,"Actual Rows": 2453,"Actual Loops": 3,"Sort Key": ["nation.n_name"],"Sort Method": "quicksort","Sort Space Used": 291,"Sort Space Type": "Memory","Workers": [{"Worker Number": 0,"Sort Method": "quicksort","Sort Space Used": 289,"Sort Space Type": "Memory"},{"Worker Number": 1,"Sort Method": "quicksort","Sort Space Used": 285,"Sort Space Type": "Memory"}],"Plans": [{"Node Type": "Hash Join","Parent Relationship": "Outer","Parallel Aware": false,"Async Capable": false,"Join Type": "Inner","Startup Cost": 475.27,"Total Cost": 20522.72,"Plan Rows": 608,"Plan Width": 116,"Actual Startup Time": 16.360,"Actual Total Time": 802.078,"Actual Rows": 2453,"Actual Loops": 3,"Inner Unique": true,"Hash Cond": "((lineitem.l_suppkey = supplier.s_suppkey) AND (customer.c_nationkey = supplier.s_nationkey))","Workers": [],"Plans": [{"Node Type": "Nested Loop","Parent Relationship": "Outer","Parallel Aware": false,"Async Capable": false,"Join Type": "Inner","Startup Cost": 3.27,"Total Cost": 19970.84,"Plan Rows": 15215,"Plan Width": 128,"Actual Startup Time": 0.560,"Actual Total Time": 757.067,"Actual Rows": 60975,"Actual Loops": 3,"Inner Unique": false,"Workers": [],"Plans": [{"Node Type": "Nested Loop","Parent Relationship": "Outer","Parallel Aware": false,"Async Capable": false,"Join Type": "Inner","Startup Cost": 2.84,"Total Cost": 8414.26,"Plan Rows": 3803,"Plan Width": 116,"Actual Startup Time": 0.451,"Actual Total Time": 451.841,"Actual Rows": 15295,"Actual Loops": 3,"Inner Unique": false,"Workers": [],"Plans": [{"Node Type": "Hash Join","Parent Relationship": "Outer","Parallel Aware": false,"Async Capable": false,"Join Type": "Inner","Startup Cost": 2.41,"Total Cost": 4471.79,"Plan Rows": 2500,"Plan Width": 116,"Actual Startup Time": 0.247,"Actual Total Time": 55.129,"Actual Rows": 10061,"Actual Loops": 3,"Inner Unique": false,"Hash Cond": "(customer.c_nationkey = nation.n_nationkey)","Workers": [],"Plans": [{"Node Type": "Seq Scan","Parent Relationship": "Outer","Parallel Aware": true,"Async Capable": false,"Relation Name": "customer","Alias": "customer","Startup Cost": 0.00,"Total Cost": 4210.00,"Plan Rows": 62500,"Plan Width": 8,"Actual Startup Time": 0.010,"Actual Total Time": 9.469,"Actual Rows": 50000,"Actual Loops": 3,"Workers": []},{"Node Type": "Hash","Parent Relationship": "Inner","Parallel Aware": false,"Async Capable": false,"Startup Cost": 2.40,"Total Cost": 2.40,"Plan Rows": 1,"Plan Width": 108,"Actual Startup Time": 0.154,"Actual Total Time": 0.175,"Actual Rows": 5,"Actual Loops": 3,"Hash Buckets": 1024,"Original Hash Buckets": 1024,"Hash Batches": 1,"Original Hash Batches": 1,"Peak Memory Usage": 9,"Workers": [],"Plans": [{"Node Type": "Hash Join","Parent Relationship": "Outer","Parallel Aware": false,"Async Capable": false,"Join Type": "Inner","Startup Cost": 1.07,"Total Cost": 2.40,"Plan Rows": 1,"Plan Width": 108,"Actual Startup Time": 0.142,"Actual Total Time": 0.165,"Actual Rows": 5,"Actual Loops": 3,"Inner Unique": true,"Hash Cond": "(nation.n_regionkey = region.r_regionkey)","Workers": [],"Plans": [{"Node Type": "Seq Scan","Parent Relationship": "Outer","Parallel Aware": false,"Async Capable": false,"Relation Name": "nation","Alias": "nation","Startup Cost": 0.00,"Total Cost": 1.25,"Plan Rows": 25,"Plan Width": 112,"Actual Startup Time": 0.058,"Actual Total Time": 0.062,"Actual Rows": 25,"Actual Loops": 3,"Workers": []},{"Node Type": "Hash","Parent Relationship": "Inner","Parallel Aware": false,"Async Capable": false,"Startup Cost": 1.06,"Total Cost": 1.06,"Plan Rows": 1,"Plan Width": 4,"Actual Startup Time": 0.056,"Actual Total Time": 0.065,"Actual Rows": 1,"Actual Loops": 3,"Hash Buckets": 1024,"Original Hash Buckets": 1024,"Hash Batches": 1,"Original Hash Batches": 1,"Peak Memory Usage": 9,"Workers": [],"Plans": [{"Node Type": "Seq Scan","Parent Relationship": "Outer","Parallel Aware": false,"Async Capable": false,"Relation Name": "region","Alias": "region","Startup Cost": 0.00,"Total Cost": 1.06,"Plan Rows": 1,"Plan Width": 4,"Actual Startup Time": 0.045,"Actual Total Time": 0.048,"Actual Rows": 1,"Actual Loops": 3,"Filter": "(r_name = 'ASIA'::bpchar)","Rows Removed by Filter": 4,"Workers": []}]}]}]}]},{"Node Type": "Index Scan","Parent Relationship": "Inner","Parallel Aware": false,"Async Capable": false,"Scan Direction": "Forward","Index Name": "idx_orders_custkey","Relation Name": "orders","Alias": "orders","Startup Cost": 0.43,"Total Cost": 1.55,"Plan Rows": 3,"Plan Width": 8,"Actual Startup Time": 0.017,"Actual Total Time": 0.039,"Actual Rows": 2,"Actual Loops": 30183,"Index Cond": "(o_custkey = customer.c_custkey)","Rows Removed by Index Recheck": 0,"Filter": "((o_orderdate >= '1997-01-01'::date) AND (o_orderdate < '1998-01-01 00:00:00'::timestamp without time zone))","Rows Removed by Filter": 8,"Workers": []}]},{"Node Type": "Index Scan","Parent Relationship": "Inner","Parallel Aware": false,"Async Capable": false,"Scan Direction": "Forward","Index Name": "idx_lineitem_orderkey","Relation Name": "lineitem","Alias": "lineitem","Startup Cost": 0.43,"Total Cost": 2.87,"Plan Rows": 17,"Plan Width": 20,"Actual Startup Time": 0.017,"Actual Total Time": 0.019,"Actual Rows": 4,"Actual Loops": 45884,"Index Cond": "(l_orderkey = orders.o_orderkey)","Rows Removed by Index Recheck": 0,"Workers": []}]},{"Node Type": "Hash","Parent Relationship": "Inner","Parallel Aware": false,"Async Capable": false,"Startup Cost": 322.00,"Total Cost": 322.00,"Plan Rows": 10000,"Plan Width": 8,"Actual Startup Time": 13.288,"Actual Total Time": 13.293,"Actual Rows": 10000,"Actual Loops": 3,"Hash Buckets": 16384,"Original Hash Buckets": 16384,"Hash Batches": 1,"Original Hash Batches": 1,"Peak Memory Usage": 519,"Workers": [],"Plans": [{"Node Type": "Seq Scan","Parent Relationship": "Outer","Parallel Aware": false,"Async Capable": false,"Relation Name": "supplier","Alias": "supplier","Startup Cost": 0.00,"Total Cost": 322.00,"Plan Rows": 10000,"Plan Width": 8,"Actual Startup Time": 0.036,"Actual Total Time": 11.595,"Actual Rows": 10000,"Actual Loops": 3,"Workers": []}]}]}]}]}]}]}]},"Planning Time": 10.446,"Triggers": [],"Execution Time": 842.801}]
[{"Plan": {"Node Type": "Sort","Parallel Aware": false,"Async Capable": false,"Startup Cost": 21565.81,"Total Cost": 21565.87,"Plan Rows": 25,"Plan Width": 136,"Actual Startup Time": 833.811,"Actual Total Time": 865.523,"Actual Rows": 5,"Actual Loops": 1,"Sort Key": ["(sum((lineitem.l_extendedprice * ('1'::numeric - lineitem.l_discount)))) DESC"],"Sort Method": "quicksort","Sort Space Used": 25,"Sort Space Type": "Memory","Plans": [{"Node Type": "Aggregate","Strategy": "Sorted","Partial Mode": "Finalize","Parent Relationship": "Outer","Parallel Aware": false,"Async Capable": false,"Startup Cost": 21550.86,"Total Cost": 21565.23,"Plan Rows": 25,"Plan Width": 136,"Actual Startup Time": 833.271,"Actual Total Time": 865.478,"Actual Rows": 5,"Actual Loops": 1,"Group Key": ["nation.n_name"],"Plans": [{"Node Type": "Gather Merge","Parent Relationship": "Outer","Parallel Aware": false,"Async Capable": false,"Startup Cost": 21550.86,"Total Cost": 21564.54,"Plan Rows": 50,"Plan Width": 136,"Actual Startup Time": 833.025,"Actual Total Time": 865.435,"Actual Rows": 15,"Actual Loops": 1,"Workers Planned": 2,"Workers Launched": 2,"Plans": [{"Node Type": "Aggregate","Strategy": "Sorted","Partial Mode": "Partial","Parent Relationship": "Outer","Parallel Aware": false,"Async Capable": false,"Startup Cost": 20550.84,"Total Cost": 20558.75,"Plan Rows": 25,"Plan Width": 136,"Actual Startup Time": 825.546,"Actual Total Time": 826.255,"Actual Rows": 5,"Actual Loops": 3,"Group Key": ["nation.n_name"],"Workers": [],"Plans": [{"Node Type": "Sort","Parent Relationship": "Outer","Parallel Aware": false,"Async Capable": false,"Startup Cost": 20550.84,"Total Cost": 20552.36,"Plan Rows": 608,"Plan Width": 116,"Actual Startup Time": 825.323,"Actual Total Time": 825.450,"Actual Rows": 2415,"Actual Loops": 3,"Sort Key": ["nation.n_name"],"Sort Method": "quicksort","Sort Space Used": 281,"Sort Space Type": "Memory","Workers": [{"Worker Number": 0,"Sort Method": "quicksort","Sort Space Used": 286,"Sort Space Type": "Memory"},{"Worker Number": 1,"Sort Method": "quicksort","Sort Space Used": 289,"Sort Space Type": "Memory"}],"Plans": [{"Node Type": "Hash Join","Parent Relationship": "Outer","Parallel Aware": false,"Async Capable": false,"Join Type": "Inner","Startup Cost": 475.27,"Total Cost": 20522.72,"Plan Rows": 608,"Plan Width": 116,"Actual Startup Time": 12.893,"Actual Total Time": 823.841,"Actual Rows": 2415,"Actual Loops": 3,"Inner Unique": true,"Hash Cond": "((lineitem.l_suppkey = supplier.s_suppkey) AND (customer.c_nationkey = supplier.s_nationkey))","Workers": [],"Plans": [{"Node Type": "Nested Loop","Parent Relationship": "Outer","Parallel Aware": false,"Async Capable": false,"Join Type": "Inner","Startup Cost": 3.27,"Total Cost": 19970.84,"Plan Rows": 15215,"Plan Width": 128,"Actual Startup Time": 0.809,"Actual Total Time": 777.035,"Actual Rows": 60714,"Actual Loops": 3,"Inner Unique": false,"Workers": [],"Plans": [{"Node Type": "Nested Loop","Parent Relationship": "Outer","Parallel Aware": false,"Async Capable": false,"Join Type": "Inner","Startup Cost": 2.84,"Total Cost": 8414.26,"Plan Rows": 3803,"Plan Width": 116,"Actual Startup Time": 0.660,"Actual Total Time": 471.667,"Actual Rows": 15226,"Actual Loops": 3,"Inner Unique": false,"Workers": [],"Plans": [{"Node Type": "Hash Join","Parent Relationship": "Outer","Parallel Aware": false,"Async Capable": false,"Join Type": "Inner","Startup Cost": 2.41,"Total Cost": 4471.79,"Plan Rows": 2500,"Plan Width": 116,"Actual Startup Time": 0.276,"Actual Total Time": 59.829,"Actual Rows": 10066,"Actual Loops": 3,"Inner Unique": false,"Hash Cond": "(customer.c_nationkey = nation.n_nationkey)","Workers": [],"Plans": [{"Node Type": "Seq Scan","Parent Relationship": "Outer","Parallel Aware": true,"Async Capable": false,"Relation Name": "customer","Alias": "customer","Startup Cost": 0.00,"Total Cost": 4210.00,"Plan Rows": 62500,"Plan Width": 8,"Actual Startup Time": 0.021,"Actual Total Time": 10.083,"Actual Rows": 50000,"Actual Loops": 3,"Workers": []},{"Node Type": "Hash","Parent Relationship": "Inner","Parallel Aware": false,"Async Capable": false,"Startup Cost": 2.40,"Total Cost": 2.40,"Plan Rows": 1,"Plan Width": 108,"Actual Startup Time": 0.154,"Actual Total Time": 0.171,"Actual Rows": 5,"Actual Loops": 3,"Hash Buckets": 1024,"Original Hash Buckets": 1024,"Hash Batches": 1,"Original Hash Batches": 1,"Peak Memory Usage": 9,"Workers": [],"Plans": [{"Node Type": "Hash Join","Parent Relationship": "Outer","Parallel Aware": false,"Async Capable": false,"Join Type": "Inner","Startup Cost": 1.07,"Total Cost": 2.40,"Plan Rows": 1,"Plan Width": 108,"Actual Startup Time": 0.139,"Actual Total Time": 0.162,"Actual Rows": 5,"Actual Loops": 3,"Inner Unique": true,"Hash Cond": "(nation.n_regionkey = region.r_regionkey)","Workers": [],"Plans": [{"Node Type": "Seq Scan","Parent Relationship": "Outer","Parallel Aware": false,"Async Capable": false,"Relation Name": "nation","Alias": "nation","Startup Cost": 0.00,"Total Cost": 1.25,"Plan Rows": 25,"Plan Width": 112,"Actual Startup Time": 0.051,"Actual Total Time": 0.055,"Actual Rows": 25,"Actual Loops": 3,"Workers": []},{"Node Type": "Hash","Parent Relationship": "Inner","Parallel Aware": false,"Async Capable": false,"Startup Cost": 1.06,"Total Cost": 1.06,"Plan Rows": 1,"Plan Width": 4,"Actual Startup Time": 0.057,"Actual Total Time": 0.063,"Actual Rows": 1,"Actual Loops": 3,"Hash Buckets": 1024,"Original Hash Buckets": 1024,"Hash Batches": 1,"Original Hash Batches": 1,"Peak Memory Usage": 9,"Workers": [],"Plans": [{"Node Type": "Seq Scan","Parent Relationship": "Outer","Parallel Aware": false,"Async Capable": false,"Relation Name": "region","Alias": "region","Startup Cost": 0.00,"Total Cost": 1.06,"Plan Rows": 1,"Plan Width": 4,"Actual Startup Time": 0.043,"Actual Total Time": 0.045,"Actual Rows": 1,"Actual Loops": 3,"Filter": "(r_name = 'EUROPE'::bpchar)","Rows Removed by Filter": 4,"Workers": []}]}]}]}]},{"Node Type": "Index Scan","Parent Relationship": "Inner","Parallel Aware": false,"Async Capable": false,"Scan Direction": "Forward","Index Name": "idx_orders_custkey","Relation Name": "orders","Alias": "orders","Startup Cost": 0.43,"Total Cost": 1.55,"Plan Rows": 3,"Plan Width": 8,"Actual Startup Time": 0.017,"Actual Total Time": 0.041,"Actual Rows": 2,"Actual Loops": 30197,"Index Cond": "(o_custkey = customer.c_custkey)","Rows Removed by Index Recheck": 0,"Filter": "((o_orderdate >= '1997-01-01'::date) AND (o_orderdate < '1998-01-01 00:00:00'::timestamp without time zone))","Rows Removed by Filter": 9,"Workers": []}]},{"Node Type": "Index Scan","Parent Relationship": "Inner","Parallel Aware": false,"Async Capable": false,"Scan Direction": "Forward","Index Name": "idx_lineitem_orderkey","Relation Name": "lineitem","Alias": "lineitem","Startup Cost": 0.43,"Total Cost": 2.87,"Plan Rows": 17,"Plan Width": 20,"Actual Startup Time": 0.017,"Actual Total Time": 0.019,"Actual Rows": 4,"Actual Loops": 45677,"Index Cond": "(l_orderkey = orders.o_orderkey)","Rows Removed by Index Recheck": 0,"Workers": []}]},{"Node Type": "Hash","Parent Relationship": "Inner","Parallel Aware": false,"Async Capable": false,"Startup Cost": 322.00,"Total Cost": 322.00,"Plan Rows": 10000,"Plan Width": 8,"Actual Startup Time": 11.560,"Actual Total Time": 11.566,"Actual Rows": 10000,"Actual Loops": 3,"Hash Buckets": 16384,"Original Hash Buckets": 16384,"Hash Batches": 1,"Original Hash Batches": 1,"Peak Memory Usage": 519,"Workers": [],"Plans": [{"Node Type": "Seq Scan","Parent Relationship": "Outer","Parallel Aware": false,"Async Capable": false,"Relation Name": "supplier","Alias": "supplier","Startup Cost": 0.00,"Total Cost": 322.00,"Plan Rows": 10000,"Plan Width": 8,"Actual Startup Time": 0.053,"Actual Total Time": 9.758,"Actual Rows": 10000,"Actual Loops": 3,"Workers": []}]}]}]}]}]}]}]},"Planning Time": 11.054,"Triggers": [],"Execution Time": 866.075}]
[{"Plan": {"Node Type": "Sort","Parallel Aware": false,"Async Capable": false,"Startup Cost": 21565.81,"Total Cost": 21565.87,"Plan Rows": 25,"Plan Width": 136,"Actual Startup Time": 812.189,"Actual Total Time": 842.359,"Actual Rows": 5,"Actual Loops": 1,"Sort Key": ["(sum((lineitem.l_extendedprice * ('1'::numeric - lineitem.l_discount)))) DESC"],"Sort Method": "quicksort","Sort Space Used": 25,"Sort Space Type": "Memory","Plans": [{"Node Type": "Aggregate","Strategy": "Sorted","Partial Mode": "Finalize","Parent Relationship": "Outer","Parallel Aware": false,"Async Capable": false,"Startup Cost": 21550.86,"Total Cost": 21565.23,"Plan Rows": 25,"Plan Width": 136,"Actual Startup Time": 811.599,"Actual Total Time": 842.311,"Actual Rows": 5,"Actual Loops": 1,"Group Key": ["nation.n_name"],"Plans": [{"Node Type": "Gather Merge","Parent Relationship": "Outer","Parallel Aware": false,"Async Capable": false,"Startup Cost": 21550.86,"Total Cost": 21564.54,"Plan Rows": 50,"Plan Width": 136,"Actual Startup Time": 811.323,"Actual Total Time": 842.254,"Actual Rows": 15,"Actual Loops": 1,"Workers Planned": 2,"Workers Launched": 2,"Plans": [{"Node Type": "Aggregate","Strategy": "Sorted","Partial Mode": "Partial","Parent Relationship": "Outer","Parallel Aware": false,"Async Capable": false,"Startup Cost": 20550.84,"Total Cost": 20558.75,"Plan Rows": 25,"Plan Width": 136,"Actual Startup Time": 803.769,"Actual Total Time": 804.515,"Actual Rows": 5,"Actual Loops": 3,"Group Key": ["nation.n_name"],"Workers": [],"Plans": [{"Node Type": "Sort","Parent Relationship": "Outer","Parallel Aware": false,"Async Capable": false,"Startup Cost": 20550.84,"Total Cost": 20552.36,"Plan Rows": 608,"Plan Width": 116,"Actual Startup Time": 803.552,"Actual Total Time": 803.687,"Actual Rows": 2453,"Actual Loops": 3,"Sort Key": ["nation.n_name"],"Sort Method": "quicksort","Sort Space Used": 291,"Sort Space Type": "Memory","Workers": [{"Worker Number": 0,"Sort Method": "quicksort","Sort Space Used": 289,"Sort Space Type": "Memory"},{"Worker Number": 1,"Sort Method": "quicksort","Sort Space Used": 285,"Sort Space Type": "Memory"}],"Plans": [{"Node Type": "Hash Join","Parent Relationship": "Outer","Parallel Aware": false,"Async Capable": false,"Join Type": "Inner","Startup Cost": 475.27,"Total Cost": 20522.72,"Plan Rows": 608,"Plan Width": 116,"Actual Startup Time": 16.360,"Actual Total Time": 802.078,"Actual Rows": 2453,"Actual Loops": 3,"Inner Unique": true,"Hash Cond": "((lineitem.l_suppkey = supplier.s_suppkey) AND (customer.c_nationkey = supplier.s_nationkey))","Workers": [],"Plans": [{"Node Type": "Nested Loop","Parent Relationship": "Outer","Parallel Aware": false,"Async Capable": false,"Join Type": "Inner","Startup Cost": 3.27,"Total Cost": 19970.84,"Plan Rows": 15215,"Plan Width": 128,"Actual Startup Time": 0.560,"Actual Total Time": 757.067,"Actual Rows": 60975,"Actual Loops": 3,"Inner Unique": false,"Workers": [],"Plans": [{"Node Type": "Nested Loop","Parent Relationship": "Outer","Parallel Aware": false,"Async Capable": false,"Join Type": "Inner","Startup Cost": 2.84,"Total Cost": 8414.26,"Plan Rows": 3803,"Plan Width": 116,"Actual Startup Time": 0.451,"Actual Total Time": 451.841,"Actual Rows": 15295,"Actual Loops": 3,"Inner Unique": false,"Workers": [],"Plans": [{"Node Type": "Hash Join","Parent Relationship": "Outer","Parallel Aware": false,"Async Capable": false,"Join Type": "Inner","Startup Cost": 2.41,"Total Cost": 4471.79,"Plan Rows": 2500,"Plan Width": 116,"Actual Startup Time": 0.247,"Actual Total Time": 55.129,"Actual Rows": 10061,"Actual Loops": 3,"Inner Unique": false,"Hash Cond": "(customer.c_nationkey = nation.n_nationkey)","Workers": [],"Plans": [{"Node Type": "Seq Scan","Parent Relationship": "Outer","Parallel Aware": true,"Async Capable": false,"Relation Name": "customer","Alias": "customer","Startup Cost": 0.00,"Total Cost": 4210.00,"Plan Rows": 62500,"Plan Width": 8,"Actual Startup Time": 0.010,"Actual Total Time": 9.469,"Actual Rows": 50000,"Actual Loops": 3,"Workers": []},{"Node Type": "Hash","Parent Relationship": "Inner","Parallel Aware": false,"Async Capable": false,"Startup Cost": 2.40,"Total Cost": 2.40,"Plan Rows": 1,"Plan Width": 108,"Actual Startup Time": 0.154,"Actual Total Time": 0.175,"Actual Rows": 5,"Actual Loops": 3,"Hash Buckets": 1024,"Original Hash Buckets": 1024,"Hash Batches": 1,"Original Hash Batches": 1,"Peak Memory Usage": 9,"Workers": [],"Plans": [{"Node Type": "Hash Join","Parent Relationship": "Outer","Parallel Aware": false,"Async Capable": false,"Join Type": "Inner","Startup Cost": 1.07,"Total Cost": 2.40,"Plan Rows": 1,"Plan Width": 108,"Actual Startup Time": 0.142,"Actual Total Time": 0.165,"Actual Rows": 5,"Actual Loops": 3,"Inner Unique": true,"Hash Cond": "(nation.n_regionkey = region.r_regionkey)","Workers": [],"Plans": [{"Node Type": "Seq Scan","Parent Relationship": "Outer","Parallel Aware": false,"Async Capable": false,"Relation Name": "nation","Alias": "nation","Startup Cost": 0.00,"Total Cost": 1.25,"Plan Rows": 25,"Plan Width": 112,"Actual Startup Time": 0.058,"Actual Total Time": 0.062,"Actual Rows": 25,"Actual Loops": 3,"Workers": []},{"Node Type": "Hash","Parent Relationship": "Inner","Parallel Aware": false,"Async Capable": false,"Startup Cost": 1.06,"Total Cost": 1.06,"Plan Rows": 1,"Plan Width": 4,"Actual Startup Time": 0.056,"Actual Total Time": 0.065,"Actual Rows": 1,"Actual Loops": 3,"Hash Buckets": 1024,"Original Hash Buckets": 1024,"Hash Batches": 1,"Original Hash Batches": 1,"Peak Memory Usage": 9,"Workers": [],"Plans": [{"Node Type": "Seq Scan","Parent Relationship": "Outer","Parallel Aware": false,"Async Capable": false,"Relation Name": "region","Alias": "region","Startup Cost": 0.00,"Total Cost": 1.06,"Plan Rows": 1,"Plan Width": 4,"Actual Startup Time": 0.045,"Actual Total Time": 0.048,"Actual Rows": 1,"Actual Loops": 3,"Filter": "(r_name = 'ASIA'::bpchar)","Rows Removed by Filter": 4,"Workers": []}]}]}]}]},{"Node Type": "Index Scan","Parent Relationship": "Inner","Parallel Aware": false,"Async Capable": false,"Scan Direction": "Forward","Index Name": "idx_orders_custkey","Relation Name": "orders","Alias": "orders","Startup Cost": 0.43,"Total Cost": 1.55,"Plan Rows": 3,"Plan Width": 8,"Actual Startup Time": 0.017,"Actual Total Time": 0.039,"Actual Rows": 2,"Actual Loops": 30183,"Index Cond": "(o_custkey = customer.c_custkey)","Rows Removed by Index Recheck": 0,"Filter": "((o_orderdate >= '1997-01-01'::date) AND (o_orderdate < '1998-01-01 00:00:00'::timestamp without time zone))","Rows Removed by Filter": 8,"Workers": []}]},{"Node Type": "Index Scan","Parent Relationship": "Inner","Parallel Aware": false,"Async Capable": false,"Scan Direction": "Forward","Index Name": "idx_lineitem_orderkey","Relation Name": "lineitem","Alias": "lineitem","Startup Cost": 0.43,"Total Cost": 2.87,"Plan Rows": 17,"Plan Width": 20,"Actual Startup Time": 0.017,"Actual Total Time": 0.019,"Actual Rows": 4,"Actual Loops": 45884,"Index Cond": "(l_orderkey = orders.o_orderkey)","Rows Removed by Index Recheck": 0,"Workers": []}]},{"Node Type": "Hash","Parent Relationship": "Inner","Parallel Aware": false,"Async Capable": false,"Startup Cost": 322.00,"Total Cost": 322.00,"Plan Rows": 10000,"Plan Width": 8,"Actual Startup Time": 13.288,"Actual Total Time": 13.293,"Actual Rows": 10000,"Actual Loops": 3,"Hash Buckets": 16384,"Original Hash Buckets": 16384,"Hash Batches": 1,"Original Hash Batches": 1,"Peak Memory Usage": 519,"Workers": [],"Plans": [{"Node Type": "Seq Scan","Parent Relationship": "Outer","Parallel Aware": false,"Async Capable": false,"Relation Name": "supplier","Alias": "supplier","Startup Cost": 0.00,"Total Cost": 322.00,"Plan Rows": 10000,"Plan Width": 8,"Actual Startup Time": 0.036,"Actual Total Time": 11.595,"Actual Rows": 10000,"Actual Loops": 3,"Workers": []}]}]}]}]}]}]}]},"Planning Time": 10.446,"Triggers": [],"Execution Time": 842.801}]
[{"Plan": {"Node Type": "Sort","Parallel Aware": false,"Async Capable": false,"Startup Cost": 21616.39,"Total Cost": 21616.45,"Plan Rows": 25,"Plan Width": 136,"Actual Startup Time": 817.171,"Actual Total Time": 848.557,"Actual Rows": 5,"Actual Loops": 1,"Sort Key": ["(sum((lineitem.l_extendedprice * ('1'::numeric - lineitem.l_discount)))) DESC"],"Sort Method": "quicksort","Sort Space Used": 25,"Sort Space Type": "Memory","Plans": [{"Node Type": "Aggregate","Strategy": "Sorted","Partial Mode": "Finalize","Parent Relationship": "Outer","Parallel Aware": false,"Async Capable": false,"Startup Cost": 21601.33,"Total Cost": 21615.81,"Plan Rows": 25,"Plan Width": 136,"Actual Startup Time": 816.250,"Actual Total Time": 848.503,"Actual Rows": 5,"Actual Loops": 1,"Group Key": ["nation.n_name"],"Plans": [{"Node Type": "Gather Merge","Parent Relationship": "Outer","Parallel Aware": false,"Async Capable": false,"Startup Cost": 21601.33,"Total Cost": 21615.12,"Plan Rows": 50,"Plan Width": 136,"Actual Startup Time": 815.620,"Actual Total Time": 848.441,"Actual Rows": 15,"Actual Loops": 1,"Workers Planned": 2,"Workers Launched": 2,"Plans": [{"Node Type": "Aggregate","Strategy": "Sorted","Partial Mode": "Partial","Parent Relationship": "Outer","Parallel Aware": false,"Async Capable": false,"Startup Cost": 20601.30,"Total Cost": 20609.33,"Plan Rows": 25,"Plan Width": 136,"Actual Startup Time": 807.499,"Actual Total Time": 808.444,"Actual Rows": 5,"Actual Loops": 3,"Group Key": ["nation.n_name"],"Workers": [],"Plans": [{"Node Type": "Sort","Parent Relationship": "Outer","Parallel Aware": false,"Async Capable": false,"Startup Cost": 20601.30,"Total Cost": 20602.85,"Plan Rows": 617,"Plan Width": 116,"Actual Startup Time": 807.276,"Actual Total Time": 807.432,"Actual Rows": 2427,"Actual Loops": 3,"Sort Key": ["nation.n_name"],"Sort Method": "quicksort","Sort Space Used": 295,"Sort Space Type": "Memory","Workers": [{"Worker Number": 0,"Sort Method": "quicksort","Sort Space Used": 285,"Sort Space Type": "Memory"},{"Worker Number": 1,"Sort Method": "quicksort","Sort Space Used": 279,"Sort Space Type": "Memory"}],"Plans": [{"Node Type": "Hash Join","Parent Relationship": "Outer","Parallel Aware": false,"Async Capable": false,"Join Type": "Inner","Startup Cost": 475.27,"Total Cost": 20572.71,"Plan Rows": 617,"Plan Width": 116,"Actual Startup Time": 13.659,"Actual Total Time": 805.763,"Actual Rows": 2427,"Actual Loops": 3,"Inner Unique": true,"Hash Cond": "((lineitem.l_suppkey = supplier.s_suppkey) AND (customer.c_nationkey = supplier.s_nationkey))","Workers": [],"Plans": [{"Node Type": "Nested Loop","Parent Relationship": "Outer","Parallel Aware": false,"Async Capable": false,"Join Type": "Inner","Startup Cost": 3.27,"Total Cost": 20019.70,"Plan Rows": 15431,"Plan Width": 128,"Actual Startup Time": 0.940,"Actual Total Time": 760.394,"Actual Rows": 61187,"Actual Loops": 3,"Inner Unique": false,"Workers": [],"Plans": [{"Node Type": "Nested Loop","Parent Relationship": "Outer","Parallel Aware": false,"Async Capable": false,"Join Type": "Inner","Startup Cost": 2.84,"Total Cost": 8414.26,"Plan Rows": 3857,"Plan Width": 116,"Actual Startup Time": 0.804,"Actual Total Time": 453.891,"Actual Rows": 15325,"Actual Loops": 3,"Inner Unique": false,"Workers": [],"Plans": [{"Node Type": "Hash Join","Parent Relationship": "Outer","Parallel Aware": false,"Async Capable": false,"Join Type": "Inner","Startup Cost": 2.41,"Total Cost": 4471.79,"Plan Rows": 2500,"Plan Width": 116,"Actual Startup Time": 0.319,"Actual Total Time": 55.842,"Actual Rows": 10061,"Actual Loops": 3,"Inner Unique": false,"Hash Cond": "(customer.c_nationkey = nation.n_nationkey)","Workers": [],"Plans": [{"Node Type": "Seq Scan","Parent Relationship": "Outer","Parallel Aware": true,"Async Capable": false,"Relation Name": "customer","Alias": "customer","Startup Cost": 0.00,"Total Cost": 4210.00,"Plan Rows": 62500,"Plan Width": 8,"Actual Startup Time": 0.026,"Actual Total Time": 9.689,"Actual Rows": 50000,"Actual Loops": 3,"Workers": []},{"Node Type": "Hash","Parent Relationship": "Inner","Parallel Aware": false,"Async Capable": false,"Startup Cost": 2.40,"Total Cost": 2.40,"Plan Rows": 1,"Plan Width": 108,"Actual Startup Time": 0.180,"Actual Total Time": 0.198,"Actual Rows": 5,"Actual Loops": 3,"Hash Buckets": 1024,"Original Hash Buckets": 1024,"Hash Batches": 1,"Original Hash Batches": 1,"Peak Memory Usage": 9,"Workers": [],"Plans": [{"Node Type": "Hash Join","Parent Relationship": "Outer","Parallel Aware": false,"Async Capable": false,"Join Type": "Inner","Startup Cost": 1.07,"Total Cost": 2.40,"Plan Rows": 1,"Plan Width": 108,"Actual Startup Time": 0.166,"Actual Total Time": 0.188,"Actual Rows": 5,"Actual Loops": 3,"Inner Unique": true,"Hash Cond": "(nation.n_regionkey = region.r_regionkey)","Workers": [],"Plans": [{"Node Type": "Seq Scan","Parent Relationship": "Outer","Parallel Aware": false,"Async Capable": false,"Relation Name": "nation","Alias": "nation","Startup Cost": 0.00,"Total Cost": 1.25,"Plan Rows": 25,"Plan Width": 112,"Actual Startup Time": 0.055,"Actual Total Time": 0.060,"Actual Rows": 25,"Actual Loops": 3,"Workers": []},{"Node Type": "Hash","Parent Relationship": "Inner","Parallel Aware": false,"Async Capable": false,"Startup Cost": 1.06,"Total Cost": 1.06,"Plan Rows": 1,"Plan Width": 4,"Actual Startup Time": 0.079,"Actual Total Time": 0.084,"Actual Rows": 1,"Actual Loops": 3,"Hash Buckets": 1024,"Original Hash Buckets": 1024,"Hash Batches": 1,"Original Hash Batches": 1,"Peak Memory Usage": 9,"Workers": [],"Plans": [{"Node Type": "Seq Scan","Parent Relationship": "Outer","Parallel Aware": false,"Async Capable": false,"Relation Name": "region","Alias": "region","Startup Cost": 0.00,"Total Cost": 1.06,"Plan Rows": 1,"Plan Width": 4,"Actual Startup Time": 0.058,"Actual Total Time": 0.061,"Actual Rows": 1,"Actual Loops": 3,"Filter": "(r_name = 'ASIA'::bpchar)","Rows Removed by Filter": 4,"Workers": []}]}]}]}]},{"Node Type": "Index Scan","Parent Relationship": "Inner","Parallel Aware": false,"Async Capable": false,"Scan Direction": "Forward","Index Name": "idx_orders_custkey","Relation Name": "orders","Alias": "orders","Startup Cost": 0.43,"Total Cost": 1.55,"Plan Rows": 3,"Plan Width": 8,"Actual Startup Time": 0.017,"Actual Total Time": 0.039,"Actual Rows": 2,"Actual Loops": 30183,"Index Cond": "(o_custkey = customer.c_custkey)","Rows Removed by Index Recheck": 0,"Filter": "((o_orderdate >= '1996-01-01'::date) AND (o_orderdate < '1997-01-01 00:00:00'::timestamp without time zone))","Rows Removed by Filter": 8,"Workers": []}]},{"Node Type": "Index Scan","Parent Relationship": "Inner","Parallel Aware": false,"Async Capable": false,"Scan Direction": "Forward","Index Name": "idx_lineitem_orderkey","Relation Name": "lineitem","Alias": "lineitem","Startup Cost": 0.43,"Total Cost": 2.84,"Plan Rows": 17,"Plan Width": 20,"Actual Startup Time": 0.017,"Actual Total Time": 0.019,"Actual Rows": 4,"Actual Loops": 45976,"Index Cond": "(l_orderkey = orders.o_orderkey)","Rows Removed by Index Recheck": 0,"Workers": []}]},{"Node Type": "Hash","Parent Relationship": "Inner","Parallel Aware": false,"Async Capable": false,"Startup Cost": 322.00,"Total Cost": 322.00,"Plan Rows": 10000,"Plan Width": 8,"Actual Startup Time": 12.172,"Actual Total Time": 12.179,"Actual Rows": 10000,"Actual Loops": 3,"Hash Buckets": 16384,"Original Hash Buckets": 16384,"Hash Batches": 1,"Original Hash Batches": 1,"Peak Memory Usage": 519,"Workers": [],"Plans": [{"Node Type": "Seq Scan","Parent Relationship": "Outer","Parallel Aware": false,"Async Capable": false,"Relation Name": "supplier","Alias": "supplier","Startup Cost": 0.00,"Total Cost": 322.00,"Plan Rows": 10000,"Plan Width": 8,"Actual Startup Time": 0.048,"Actual Total Time": 10.623,"Actual Rows": 10000,"Actual Loops": 3,"Workers": []}]}]}]}]}]}]}]},"Planning Time": 10.688,"Triggers": [],"Execution Time": 848.991}]
[{"Plan": {"Node Type": "Sort","Parallel Aware": false,"Async Capable": false,"Startup Cost": 21565.81,"Total Cost": 21565.87,"Plan Rows": 25,"Plan Width": 136,"Actual Startup Time": 826.666,"Actual Total Time": 858.678,"Actual Rows": 5,"Actual Loops": 1,"Sort Key": ["(sum((lineitem.l_extendedprice * ('1'::numeric - lineitem.l_discount)))) DESC"],"Sort Method": "quicksort","Sort Space Used": 25,"Sort Space Type": "Memory","Plans": [{"Node Type": "Aggregate","Strategy": "Sorted","Partial Mode": "Finalize","Parent Relationship": "Outer","Parallel Aware": false,"Async Capable": false,"Startup Cost": 21550.86,"Total Cost": 21565.23,"Plan Rows": 25,"Plan Width": 136,"Actual Startup Time": 825.974,"Actual Total Time": 858.621,"Actual Rows": 5,"Actual Loops": 1,"Group Key": ["nation.n_name"],"Plans": [{"Node Type": "Gather Merge","Parent Relationship": "Outer","Parallel Aware": false,"Async Capable": false,"Startup Cost": 21550.86,"Total Cost": 21564.54,"Plan Rows": 50,"Plan Width": 136,"Actual Startup Time": 825.726,"Actual Total Time": 858.579,"Actual Rows": 15,"Actual Loops": 1,"Workers Planned": 2,"Workers Launched": 2,"Plans": [{"Node Type": "Aggregate","Strategy": "Sorted","Partial Mode": "Partial","Parent Relationship": "Outer","Parallel Aware": false,"Async Capable": false,"Startup Cost": 20550.84,"Total Cost": 20558.75,"Plan Rows": 25,"Plan Width": 136,"Actual Startup Time": 818.223,"Actual Total Time": 818.980,"Actual Rows": 5,"Actual Loops": 3,"Group Key": ["nation.n_name"],"Workers": [],"Plans": [{"Node Type": "Sort","Parent Relationship": "Outer","Parallel Aware": false,"Async Capable": false,"Startup Cost": 20550.84,"Total Cost": 20552.36,"Plan Rows": 608,"Plan Width": 116,"Actual Startup Time": 818.011,"Actual Total Time": 818.145,"Actual Rows": 2489,"Actual Loops": 3,"Sort Key": ["nation.n_name"],"Sort Method": "quicksort","Sort Space Used": 294,"Sort Space Type": "Memory","Workers": [{"Worker Number": 0,"Sort Method": "quicksort","Sort Space Used": 286,"Sort Space Type": "Memory"},{"Worker Number": 1,"Sort Method": "quicksort","Sort Space Used": 292,"Sort Space Type": "Memory"}],"Plans": [{"Node Type": "Hash Join","Parent Relationship": "Outer","Parallel Aware": false,"Async Capable": false,"Join Type": "Inner","Startup Cost": 475.27,"Total Cost": 20522.72,"Plan Rows": 608,"Plan Width": 116,"Actual Startup Time": 11.840,"Actual Total Time": 816.555,"Actual Rows": 2489,"Actual Loops": 3,"Inner Unique": true,"Hash Cond": "((lineitem.l_suppkey = supplier.s_suppkey) AND (customer.c_nationkey = supplier.s_nationkey))","Workers": [],"Plans": [{"Node Type": "Nested Loop","Parent Relationship": "Outer","Parallel Aware": false,"Async Capable": false,"Join Type": "Inner","Startup Cost": 3.27,"Total Cost": 19970.84,"Plan Rows": 15215,"Plan Width": 128,"Actual Startup Time": 0.591,"Actual Total Time": 771.834,"Actual Rows": 60959,"Actual Loops": 3,"Inner Unique": false,"Workers": [],"Plans": [{"Node Type": "Nested Loop","Parent Relationship": "Outer","Parallel Aware": false,"Async Capable": false,"Join Type": "Inner","Startup Cost": 2.84,"Total Cost": 8414.26,"Plan Rows": 3803,"Plan Width": 116,"Actual Startup Time": 0.474,"Actual Total Time": 463.395,"Actual Rows": 15225,"Actual Loops": 3,"Inner Unique": false,"Workers": [],"Plans": [{"Node Type": "Hash Join","Parent Relationship": "Outer","Parallel Aware": false,"Async Capable": false,"Join Type": "Inner","Startup Cost": 2.41,"Total Cost": 4471.79,"Plan Rows": 2500,"Plan Width": 116,"Actual Startup Time": 0.230,"Actual Total Time": 58.477,"Actual Rows": 9984,"Actual Loops": 3,"Inner Unique": false,"Hash Cond": "(customer.c_nationkey = nation.n_nationkey)","Workers": [],"Plans": [{"Node Type": "Seq Scan","Parent Relationship": "Outer","Parallel Aware": true,"Async Capable": false,"Relation Name": "customer","Alias": "customer","Startup Cost": 0.00,"Total Cost": 4210.00,"Plan Rows": 62500,"Plan Width": 8,"Actual Startup Time": 0.016,"Actual Total Time": 10.057,"Actual Rows": 50000,"Actual Loops": 3,"Workers": []},{"Node Type": "Hash","Parent Relationship": "Inner","Parallel Aware": false,"Async Capable": false,"Startup Cost": 2.40,"Total Cost": 2.40,"Plan Rows": 1,"Plan Width": 108,"Actual Startup Time": 0.130,"Actual Total Time": 0.146,"Actual Rows": 5,"Actual Loops": 3,"Hash Buckets": 1024,"Original Hash Buckets": 1024,"Hash Batches": 1,"Original Hash Batches": 1,"Peak Memory Usage": 9,"Workers": [],"Plans": [{"Node Type": "Hash Join","Parent Relationship": "Outer","Parallel Aware": false,"Async Capable": false,"Join Type": "Inner","Startup Cost": 1.07,"Total Cost": 2.40,"Plan Rows": 1,"Plan Width": 108,"Actual Startup Time": 0.116,"Actual Total Time": 0.137,"Actual Rows": 5,"Actual Loops": 3,"Inner Unique": true,"Hash Cond": "(nation.n_regionkey = region.r_regionkey)","Workers": [],"Plans": [{"Node Type": "Seq Scan","Parent Relationship": "Outer","Parallel Aware": false,"Async Capable": false,"Relation Name": "nation","Alias": "nation","Startup Cost": 0.00,"Total Cost": 1.25,"Plan Rows": 25,"Plan Width": 112,"Actual Startup Time": 0.042,"Actual Total Time": 0.045,"Actual Rows": 25,"Actual Loops": 3,"Workers": []},{"Node Type": "Hash","Parent Relationship": "Inner","Parallel Aware": false,"Async Capable": false,"Startup Cost": 1.06,"Total Cost": 1.06,"Plan Rows": 1,"Plan Width": 4,"Actual Startup Time": 0.050,"Actual Total Time": 0.056,"Actual Rows": 1,"Actual Loops": 3,"Hash Buckets": 1024,"Original Hash Buckets": 1024,"Hash Batches": 1,"Original Hash Batches": 1,"Peak Memory Usage": 9,"Workers": [],"Plans": [{"Node Type": "Seq Scan","Parent Relationship": "Outer","Parallel Aware": false,"Async Capable": false,"Relation Name": "region","Alias": "region","Startup Cost": 0.00,"Total Cost": 1.06,"Plan Rows": 1,"Plan Width": 4,"Actual Startup Time": 0.038,"Actual Total Time": 0.040,"Actual Rows": 1,"Actual Loops": 3,"Filter": "(r_name = 'AMERICA'::bpchar)","Rows Removed by Filter": 4,"Workers": []}]}]}]}]},{"Node Type": "Index Scan","Parent Relationship": "Inner","Parallel Aware": false,"Async Capable": false,"Scan Direction": "Forward","Index Name": "idx_orders_custkey","Relation Name": "orders","Alias": "orders","Startup Cost": 0.43,"Total Cost": 1.55,"Plan Rows": 3,"Plan Width": 8,"Actual Startup Time": 0.017,"Actual Total Time": 0.040,"Actual Rows": 2,"Actual Loops": 29952,"Index Cond": "(o_custkey = customer.c_custkey)","Rows Removed by Index Recheck": 0,"Filter": "((o_orderdate >= '1997-01-01'::date) AND (o_orderdate < '1998-01-01 00:00:00'::timestamp without time zone))","Rows Removed by Filter": 8,"Workers": []}]},{"Node Type": "Index Scan","Parent Relationship": "Inner","Parallel Aware": false,"Async Capable": false,"Scan Direction": "Forward","Index Name": "idx_lineitem_orderkey","Relation Name": "lineitem","Alias": "lineitem","Startup Cost": 0.43,"Total Cost": 2.87,"Plan Rows": 17,"Plan Width": 20,"Actual Startup Time": 0.017,"Actual Total Time": 0.020,"Actual Rows": 4,"Actual Loops": 45676,"Index Cond": "(l_orderkey = orders.o_orderkey)","Rows Removed by Index Recheck": 0,"Workers": []}]},{"Node Type": "Hash","Parent Relationship": "Inner","Parallel Aware": false,"Async Capable": false,"Startup Cost": 322.00,"Total Cost": 322.00,"Plan Rows": 10000,"Plan Width": 8,"Actual Startup Time": 10.524,"Actual Total Time": 10.525,"Actual Rows": 10000,"Actual Loops": 3,"Hash Buckets": 16384,"Original Hash Buckets": 16384,"Hash Batches": 1,"Original Hash Batches": 1,"Peak Memory Usage": 519,"Workers": [],"Plans": [{"Node Type": "Seq Scan","Parent Relationship": "Outer","Parallel Aware": false,"Async Capable": false,"Relation Name": "supplier","Alias": "supplier","Startup Cost": 0.00,"Total Cost": 322.00,"Plan Rows": 10000,"Plan Width": 8,"Actual Startup Time": 0.042,"Actual Total Time": 8.814,"Actual Rows": 10000,"Actual Loops": 3,"Workers": []}]}]}]}]}]}]}]},"Planning Time": 10.085,"Triggers": [],"Execution Time": 859.237}]
[{"Plan": {"Node Type": "Sort","Parallel Aware": false,"Async Capable": false,"Startup Cost": 21565.81,"Total Cost": 21565.87,"Plan Rows": 25,"Plan Width": 136,"Actual Startup Time": 823.071,"Actual Total Time": 855.607,"Actual Rows": 5,"Actual Loops": 1,"Sort Key": ["(sum((lineitem.l_extendedprice * ('1'::numeric - lineitem.l_discount)))) DESC"],"Sort Method": "quicksort","Sort Space Used": 25,"Sort Space Type": "Memory","Plans": [{"Node Type": "Aggregate","Strategy": "Sorted","Partial Mode": "Finalize","Parent Relationship": "Outer","Parallel Aware": false,"Async Capable": false,"Startup Cost": 21550.86,"Total Cost": 21565.23,"Plan Rows": 25,"Plan Width": 136,"Actual Startup Time": 822.468,"Actual Total Time": 855.547,"Actual Rows": 5,"Actual Loops": 1,"Group Key": ["nation.n_name"],"Plans": [{"Node Type": "Gather Merge","Parent Relationship": "Outer","Parallel Aware": false,"Async Capable": false,"Startup Cost": 21550.86,"Total Cost": 21564.54,"Plan Rows": 50,"Plan Width": 136,"Actual Startup Time": 822.203,"Actual Total Time": 855.489,"Actual Rows": 15,"Actual Loops": 1,"Workers Planned": 2,"Workers Launched": 2,"Plans": [{"Node Type": "Aggregate","Strategy": "Sorted","Partial Mode": "Partial","Parent Relationship": "Outer","Parallel Aware": false,"Async Capable": false,"Startup Cost": 20550.84,"Total Cost": 20558.75,"Plan Rows": 25,"Plan Width": 136,"Actual Startup Time": 814.240,"Actual Total Time": 814.959,"Actual Rows": 5,"Actual Loops": 3,"Group Key": ["nation.n_name"],"Workers": [],"Plans": [{"Node Type": "Sort","Parent Relationship": "Outer","Parallel Aware": false,"Async Capable": false,"Startup Cost": 20550.84,"Total Cost": 20552.36,"Plan Rows": 608,"Plan Width": 116,"Actual Startup Time": 814.029,"Actual Total Time": 814.149,"Actual Rows": 2473,"Actual Loops": 3,"Sort Key": ["nation.n_name"],"Sort Method": "quicksort","Sort Space Used": 297,"Sort Space Type": "Memory","Workers": [{"Worker Number": 0,"Sort Method": "quicksort","Sort Space Used": 287,"Sort Space Type": "Memory"},{"Worker Number": 1,"Sort Method": "quicksort","Sort Space Used": 284,"Sort Space Type": "Memory"}],"Plans": [{"Node Type": "Hash Join","Parent Relationship": "Outer","Parallel Aware": false,"Async Capable": false,"Join Type": "Inner","Startup Cost": 475.27,"Total Cost": 20522.72,"Plan Rows": 608,"Plan Width": 116,"Actual Startup Time": 11.318,"Actual Total Time": 812.483,"Actual Rows": 2473,"Actual Loops": 3,"Inner Unique": true,"Hash Cond": "((lineitem.l_suppkey = supplier.s_suppkey) AND (customer.c_nationkey = supplier.s_nationkey))","Workers": [],"Plans": [{"Node Type": "Nested Loop","Parent Relationship": "Outer","Parallel Aware": false,"Async Capable": false,"Join Type": "Inner","Startup Cost": 3.27,"Total Cost": 19970.84,"Plan Rows": 15215,"Plan Width": 128,"Actual Startup Time": 0.595,"Actual Total Time": 768.935,"Actual Rows": 60276,"Actual Loops": 3,"Inner Unique": false,"Workers": [],"Plans": [{"Node Type": "Nested Loop","Parent Relationship": "Outer","Parallel Aware": false,"Async Capable": false,"Join Type": "Inner","Startup Cost": 2.84,"Total Cost": 8414.26,"Plan Rows": 3803,"Plan Width": 116,"Actual Startup Time": 0.466,"Actual Total Time": 464.532,"Actual Rows": 15032,"Actual Loops": 3,"Inner Unique": false,"Workers": [],"Plans": [{"Node Type": "Hash Join","Parent Relationship": "Outer","Parallel Aware": false,"Async Capable": false,"Join Type": "Inner","Startup Cost": 2.41,"Total Cost": 4471.79,"Plan Rows": 2500,"Plan Width": 116,"Actual Startup Time": 0.243,"Actual Total Time": 60.744,"Actual Rows": 9968,"Actual Loops": 3,"Inner Unique": false,"Hash Cond": "(customer.c_nationkey = nation.n_nationkey)","Workers": [],"Plans": [{"Node Type": "Seq Scan","Parent Relationship": "Outer","Parallel Aware": true,"Async Capable": false,"Relation Name": "customer","Alias": "customer","Startup Cost": 0.00,"Total Cost": 4210.00,"Plan Rows": 62500,"Plan Width": 8,"Actual Startup Time": 0.012,"Actual Total Time": 10.205,"Actual Rows": 50000,"Actual Loops": 3,"Workers": []},{"Node Type": "Hash","Parent Relationship": "Inner","Parallel Aware": false,"Async Capable": false,"Startup Cost": 2.40,"Total Cost": 2.40,"Plan Rows": 1,"Plan Width": 108,"Actual Startup Time": 0.142,"Actual Total Time": 0.157,"Actual Rows": 5,"Actual Loops": 3,"Hash Buckets": 1024,"Original Hash Buckets": 1024,"Hash Batches": 1,"Original Hash Batches": 1,"Peak Memory Usage": 9,"Workers": [],"Plans": [{"Node Type": "Hash Join","Parent Relationship": "Outer","Parallel Aware": false,"Async Capable": false,"Join Type": "Inner","Startup Cost": 1.07,"Total Cost": 2.40,"Plan Rows": 1,"Plan Width": 108,"Actual Startup Time": 0.130,"Actual Total Time": 0.149,"Actual Rows": 5,"Actual Loops": 3,"Inner Unique": true,"Hash Cond": "(nation.n_regionkey = region.r_regionkey)","Workers": [],"Plans": [{"Node Type": "Seq Scan","Parent Relationship": "Outer","Parallel Aware": false,"Async Capable": false,"Relation Name": "nation","Alias": "nation","Startup Cost": 0.00,"Total Cost": 1.25,"Plan Rows": 25,"Plan Width": 112,"Actual Startup Time": 0.040,"Actual Total Time": 0.044,"Actual Rows": 25,"Actual Loops": 3,"Workers": []},{"Node Type": "Hash","Parent Relationship": "Inner","Parallel Aware": false,"Async Capable": false,"Startup Cost": 1.06,"Total Cost": 1.06,"Plan Rows": 1,"Plan Width": 4,"Actual Startup Time": 0.063,"Actual Total Time": 0.068,"Actual Rows": 1,"Actual Loops": 3,"Hash Buckets": 1024,"Original Hash Buckets": 1024,"Hash Batches": 1,"Original Hash Batches": 1,"Peak Memory Usage": 9,"Workers": [],"Plans": [{"Node Type": "Seq Scan","Parent Relationship": "Outer","Parallel Aware": false,"Async Capable": false,"Relation Name": "region","Alias": "region","Startup Cost": 0.00,"Total Cost": 1.06,"Plan Rows": 1,"Plan Width": 4,"Actual Startup Time": 0.045,"Actual Total Time": 0.047,"Actual Rows": 1,"Actual Loops": 3,"Filter": "(r_name = 'MIDDLE EAST'::bpchar)","Rows Removed by Filter": 4,"Workers": []}]}]}]}]},{"Node Type": "Index Scan","Parent Relationship": "Inner","Parallel Aware": false,"Async Capable": false,"Scan Direction": "Forward","Index Name": "idx_orders_custkey","Relation Name": "orders","Alias": "orders","Startup Cost": 0.43,"Total Cost": 1.55,"Plan Rows": 3,"Plan Width": 8,"Actual Startup Time": 0.017,"Actual Total Time": 0.040,"Actual Rows": 2,"Actual Loops": 29904,"Index Cond": "(o_custkey = customer.c_custkey)","Rows Removed by Index Recheck": 0,"Filter": "((o_orderdate >= '1997-01-01'::date) AND (o_orderdate < '1998-01-01 00:00:00'::timestamp without time zone))","Rows Removed by Filter": 8,"Workers": []}]},{"Node Type": "Index Scan","Parent Relationship": "Inner","Parallel Aware": false,"Async Capable": false,"Scan Direction": "Forward","Index Name": "idx_lineitem_orderkey","Relation Name": "lineitem","Alias": "lineitem","Startup Cost": 0.43,"Total Cost": 2.87,"Plan Rows": 17,"Plan Width": 20,"Actual Startup Time": 0.017,"Actual Total Time": 0.019,"Actual Rows": 4,"Actual Loops": 45096,"Index Cond": "(l_orderkey = orders.o_orderkey)","Rows Removed by Index Recheck": 0,"Workers": []}]},{"Node Type": "Hash","Parent Relationship": "Inner","Parallel Aware": false,"Async Capable": false,"Startup Cost": 322.00,"Total Cost": 322.00,"Plan Rows": 10000,"Plan Width": 8,"Actual Startup Time": 9.890,"Actual Total Time": 9.894,"Actual Rows": 10000,"Actual Loops": 3,"Hash Buckets": 16384,"Original Hash Buckets": 16384,"Hash Batches": 1,"Original Hash Batches": 1,"Peak Memory Usage": 519,"Workers": [],"Plans": [{"Node Type": "Seq Scan","Parent Relationship": "Outer","Parallel Aware": false,"Async Capable": false,"Relation Name": "supplier","Alias": "supplier","Startup Cost": 0.00,"Total Cost": 322.00,"Plan Rows": 10000,"Plan Width": 8,"Actual Startup Time": 0.039,"Actual Total Time": 7.896,"Actual Rows": 10000,"Actual Loops": 3,"Workers": []}]}]}]}]}]}]}]},"Planning Time": 11.619,"Triggers": [],"Execution Time": 856.108}]
[{"Plan": {"Node Type": "Sort","Parallel Aware": false,"Async Capable": false,"Startup Cost": 21565.81,"Total Cost": 21565.87,"Plan Rows": 25,"Plan Width": 136,"Actual Startup Time": 826.666,"Actual Total Time": 858.678,"Actual Rows": 5,"Actual Loops": 1,"Sort Key": ["(sum((lineitem.l_extendedprice * ('1'::numeric - lineitem.l_discount)))) DESC"],"Sort Method": "quicksort","Sort Space Used": 25,"Sort Space Type": "Memory","Plans": [{"Node Type": "Aggregate","Strategy": "Sorted","Partial Mode": "Finalize","Parent Relationship": "Outer","Parallel Aware": false,"Async Capable": false,"Startup Cost": 21550.86,"Total Cost": 21565.23,"Plan Rows": 25,"Plan Width": 136,"Actual Startup Time": 825.974,"Actual Total Time": 858.621,"Actual Rows": 5,"Actual Loops": 1,"Group Key": ["nation.n_name"],"Plans": [{"Node Type": "Gather Merge","Parent Relationship": "Outer","Parallel Aware": false,"Async Capable": false,"Startup Cost": 21550.86,"Total Cost": 21564.54,"Plan Rows": 50,"Plan Width": 136,"Actual Startup Time": 825.726,"Actual Total Time": 858.579,"Actual Rows": 15,"Actual Loops": 1,"Workers Planned": 2,"Workers Launched": 2,"Plans": [{"Node Type": "Aggregate","Strategy": "Sorted","Partial Mode": "Partial","Parent Relationship": "Outer","Parallel Aware": false,"Async Capable": false,"Startup Cost": 20550.84,"Total Cost": 20558.75,"Plan Rows": 25,"Plan Width": 136,"Actual Startup Time": 818.223,"Actual Total Time": 818.980,"Actual Rows": 5,"Actual Loops": 3,"Group Key": ["nation.n_name"],"Workers": [],"Plans": [{"Node Type": "Sort","Parent Relationship": "Outer","Parallel Aware": false,"Async Capable": false,"Startup Cost": 20550.84,"Total Cost": 20552.36,"Plan Rows": 608,"Plan Width": 116,"Actual Startup Time": 818.011,"Actual Total Time": 818.145,"Actual Rows": 2489,"Actual Loops": 3,"Sort Key": ["nation.n_name"],"Sort Method": "quicksort","Sort Space Used": 294,"Sort Space Type": "Memory","Workers": [{"Worker Number": 0,"Sort Method": "quicksort","Sort Space Used": 286,"Sort Space Type": "Memory"},{"Worker Number": 1,"Sort Method": "quicksort","Sort Space Used": 292,"Sort Space Type": "Memory"}],"Plans": [{"Node Type": "Hash Join","Parent Relationship": "Outer","Parallel Aware": false,"Async Capable": false,"Join Type": "Inner","Startup Cost": 475.27,"Total Cost": 20522.72,"Plan Rows": 608,"Plan Width": 116,"Actual Startup Time": 11.840,"Actual Total Time": 816.555,"Actual Rows": 2489,"Actual Loops": 3,"Inner Unique": true,"Hash Cond": "((lineitem.l_suppkey = supplier.s_suppkey) AND (customer.c_nationkey = supplier.s_nationkey))","Workers": [],"Plans": [{"Node Type": "Nested Loop","Parent Relationship": "Outer","Parallel Aware": false,"Async Capable": false,"Join Type": "Inner","Startup Cost": 3.27,"Total Cost": 19970.84,"Plan Rows": 15215,"Plan Width": 128,"Actual Startup Time": 0.591,"Actual Total Time": 771.834,"Actual Rows": 60959,"Actual Loops": 3,"Inner Unique": false,"Workers": [],"Plans": [{"Node Type": "Nested Loop","Parent Relationship": "Outer","Parallel Aware": false,"Async Capable": false,"Join Type": "Inner","Startup Cost": 2.84,"Total Cost": 8414.26,"Plan Rows": 3803,"Plan Width": 116,"Actual Startup Time": 0.474,"Actual Total Time": 463.395,"Actual Rows": 15225,"Actual Loops": 3,"Inner Unique": false,"Workers": [],"Plans": [{"Node Type": "Hash Join","Parent Relationship": "Outer","Parallel Aware": false,"Async Capable": false,"Join Type": "Inner","Startup Cost": 2.41,"Total Cost": 4471.79,"Plan Rows": 2500,"Plan Width": 116,"Actual Startup Time": 0.230,"Actual Total Time": 58.477,"Actual Rows": 9984,"Actual Loops": 3,"Inner Unique": false,"Hash Cond": "(customer.c_nationkey = nation.n_nationkey)","Workers": [],"Plans": [{"Node Type": "Seq Scan","Parent Relationship": "Outer","Parallel Aware": true,"Async Capable": false,"Relation Name": "customer","Alias": "customer","Startup Cost": 0.00,"Total Cost": 4210.00,"Plan Rows": 62500,"Plan Width": 8,"Actual Startup Time": 0.016,"Actual Total Time": 10.057,"Actual Rows": 50000,"Actual Loops": 3,"Workers": []},{"Node Type": "Hash","Parent Relationship": "Inner","Parallel Aware": false,"Async Capable": false,"Startup Cost": 2.40,"Total Cost": 2.40,"Plan Rows": 1,"Plan Width": 108,"Actual Startup Time": 0.130,"Actual Total Time": 0.146,"Actual Rows": 5,"Actual Loops": 3,"Hash Buckets": 1024,"Original Hash Buckets": 1024,"Hash Batches": 1,"Original Hash Batches": 1,"Peak Memory Usage": 9,"Workers": [],"Plans": [{"Node Type": "Hash Join","Parent Relationship": "Outer","Parallel Aware": false,"Async Capable": false,"Join Type": "Inner","Startup Cost": 1.07,"Total Cost": 2.40,"Plan Rows": 1,"Plan Width": 108,"Actual Startup Time": 0.116,"Actual Total Time": 0.137,"Actual Rows": 5,"Actual Loops": 3,"Inner Unique": true,"Hash Cond": "(nation.n_regionkey = region.r_regionkey)","Workers": [],"Plans": [{"Node Type": "Seq Scan","Parent Relationship": "Outer","Parallel Aware": false,"Async Capable": false,"Relation Name": "nation","Alias": "nation","Startup Cost": 0.00,"Total Cost": 1.25,"Plan Rows": 25,"Plan Width": 112,"Actual Startup Time": 0.042,"Actual Total Time": 0.045,"Actual Rows": 25,"Actual Loops": 3,"Workers": []},{"Node Type": "Hash","Parent Relationship": "Inner","Parallel Aware": false,"Async Capable": false,"Startup Cost": 1.06,"Total Cost": 1.06,"Plan Rows": 1,"Plan Width": 4,"Actual Startup Time": 0.050,"Actual Total Time": 0.056,"Actual Rows": 1,"Actual Loops": 3,"Hash Buckets": 1024,"Original Hash Buckets": 1024,"Hash Batches": 1,"Original Hash Batches": 1,"Peak Memory Usage": 9,"Workers": [],"Plans": [{"Node Type": "Seq Scan","Parent Relationship": "Outer","Parallel Aware": false,"Async Capable": false,"Relation Name": "region","Alias": "region","Startup Cost": 0.00,"Total Cost": 1.06,"Plan Rows": 1,"Plan Width": 4,"Actual Startup Time": 0.038,"Actual Total Time": 0.040,"Actual Rows": 1,"Actual Loops": 3,"Filter": "(r_name = 'AMERICA'::bpchar)","Rows Removed by Filter": 4,"Workers": []}]}]}]}]},{"Node Type": "Index Scan","Parent Relationship": "Inner","Parallel Aware": false,"Async Capable": false,"Scan Direction": "Forward","Index Name": "idx_orders_custkey","Relation Name": "orders","Alias": "orders","Startup Cost": 0.43,"Total Cost": 1.55,"Plan Rows": 3,"Plan Width": 8,"Actual Startup Time": 0.017,"Actual Total Time": 0.040,"Actual Rows": 2,"Actual Loops": 29952,"Index Cond": "(o_custkey = customer.c_custkey)","Rows Removed by Index Recheck": 0,"Filter": "((o_orderdate >= '1997-01-01'::date) AND (o_orderdate < '1998-01-01 00:00:00'::timestamp without time zone))","Rows Removed by Filter": 8,"Workers": []}]},{"Node Type": "Index Scan","Parent Relationship": "Inner","Parallel Aware": false,"Async Capable": false,"Scan Direction": "Forward","Index Name": "idx_lineitem_orderkey","Relation Name": "lineitem","Alias": "lineitem","Startup Cost": 0.43,"Total Cost": 2.87,"Plan Rows": 17,"Plan Width": 20,"Actual Startup Time": 0.017,"Actual Total Time": 0.020,"Actual Rows": 4,"Actual Loops": 45676,"Index Cond": "(l_orderkey = orders.o_orderkey)","Rows Removed by Index Recheck": 0,"Workers": []}]},{"Node Type": "Hash","Parent Relationship": "Inner","Parallel Aware": false,"Async Capable": false,"Startup Cost": 322.00,"Total Cost": 322.00,"Plan Rows": 10000,"Plan Width": 8,"Actual Startup Time": 10.524,"Actual Total Time": 10.525,"Actual Rows": 10000,"Actual Loops": 3,"Hash Buckets": 16384,"Original Hash Buckets": 16384,"Hash Batches": 1,"Original Hash Batches": 1,"Peak Memory Usage": 519,"Workers": [],"Plans": [{"Node Type": "Seq Scan","Parent Relationship": "Outer","Parallel Aware": false,"Async Capable": false,"Relation Name": "supplier","Alias": "supplier","Startup Cost": 0.00,"Total Cost": 322.00,"Plan Rows": 10000,"Plan Width": 8,"Actual Startup Time": 0.042,"Actual Total Time": 8.814,"Actual Rows": 10000,"Actual Loops": 3,"Workers": []}]}]}]}]}]}]}]},"Planning Time": 10.085,"Triggers": [],"Execution Time": 859.237}]
[{"Plan": {"Node Type": "Sort","Parallel Aware": false,"Async Capable": false,"Startup Cost": 21522.30,"Total Cost": 21522.36,"Plan Rows": 25,"Plan Width": 136,"Actual Startup Time": 815.371,"Actual Total Time": 846.364,"Actual Rows": 5,"Actual Loops": 1,"Sort Key": ["(sum((lineitem.l_extendedprice * ('1'::numeric - lineitem.l_discount)))) DESC"],"Sort Method": "quicksort","Sort Space Used": 25,"Sort Space Type": "Memory","Plans": [{"Node Type": "Aggregate","Strategy": "Sorted","Partial Mode": "Finalize","Parent Relationship": "Outer","Parallel Aware": false,"Async Capable": false,"Startup Cost": 21507.43,"Total Cost": 21521.72,"Plan Rows": 25,"Plan Width": 136,"Actual Startup Time": 814.708,"Actual Total Time": 846.319,"Actual Rows": 5,"Actual Loops": 1,"Group Key": ["nation.n_name"],"Plans": [{"Node Type": "Gather Merge","Parent Relationship": "Outer","Parallel Aware": false,"Async Capable": false,"Startup Cost": 21507.43,"Total Cost": 21521.03,"Plan Rows": 50,"Plan Width": 136,"Actual Startup Time": 814.181,"Actual Total Time": 846.266,"Actual Rows": 15,"Actual Loops": 1,"Workers Planned": 2,"Workers Launched": 2,"Plans": [{"Node Type": "Aggregate","Strategy": "Sorted","Partial Mode": "Partial","Parent Relationship": "Outer","Parallel Aware": false,"Async Capable": false,"Startup Cost": 20507.41,"Total Cost": 20515.23,"Plan Rows": 25,"Plan Width": 136,"Actual Startup Time": 806.060,"Actual Total Time": 806.902,"Actual Rows": 5,"Actual Loops": 3,"Group Key": ["nation.n_name"],"Workers": [],"Plans": [{"Node Type": "Sort","Parent Relationship": "Outer","Parallel Aware": false,"Async Capable": false,"Startup Cost": 20507.41,"Total Cost": 20508.91,"Plan Rows": 601,"Plan Width": 116,"Actual Startup Time": 805.845,"Actual Total Time": 805.988,"Actual Rows": 2405,"Actual Loops": 3,"Sort Key": ["nation.n_name"],"Sort Method": "quicksort","Sort Space Used": 288,"Sort Space Type": "Memory","Workers": [{"Worker Number": 0,"Sort Method": "quicksort","Sort Space Used": 282,"Sort Space Type": "Memory"},{"Worker Number": 1,"Sort Method": "quicksort","Sort Space Used": 284,"Sort Space Type": "Memory"}],"Plans": [{"Node Type": "Hash Join","Parent Relationship": "Outer","Parallel Aware": false,"Async Capable": false,"Join Type": "Inner","Startup Cost": 475.27,"Total Cost": 20479.67,"Plan Rows": 601,"Plan Width": 116,"Actual Startup Time": 14.857,"Actual Total Time": 804.339,"Actual Rows": 2405,"Actual Loops": 3,"Inner Unique": true,"Hash Cond": "((lineitem.l_suppkey = supplier.s_suppkey) AND (customer.c_nationkey = supplier.s_nationkey))","Workers": [],"Plans": [{"Node Type": "Nested Loop","Parent Relationship": "Outer","Parallel Aware": false,"Async Capable": false,"Join Type": "Inner","Startup Cost": 3.27,"Total Cost": 19928.78,"Plan Rows": 15027,"Plan Width": 128,"Actual Startup Time": 0.928,"Actual Total Time": 758.714,"Actual Rows": 60519,"Actual Loops": 3,"Inner Unique": false,"Workers": [],"Plans": [{"Node Type": "Nested Loop","Parent Relationship": "Outer","Parallel Aware": false,"Async Capable": false,"Join Type": "Inner","Startup Cost": 2.84,"Total Cost": 8414.26,"Plan Rows": 3756,"Plan Width": 116,"Actual Startup Time": 0.799,"Actual Total Time": 454.413,"Actual Rows": 15151,"Actual Loops": 3,"Inner Unique": false,"Workers": [],"Plans": [{"Node Type": "Hash Join","Parent Relationship": "Outer","Parallel Aware": false,"Async Capable": false,"Join Type": "Inner","Startup Cost": 2.41,"Total Cost": 4471.79,"Plan Rows": 2500,"Plan Width": 116,"Actual Startup Time": 0.321,"Actual Total Time": 54.810,"Actual Rows": 10061,"Actual Loops": 3,"Inner Unique": false,"Hash Cond": "(customer.c_nationkey = nation.n_nationkey)","Workers": [],"Plans": [{"Node Type": "Seq Scan","Parent Relationship": "Outer","Parallel Aware": true,"Async Capable": false,"Relation Name": "customer","Alias": "customer","Startup Cost": 0.00,"Total Cost": 4210.00,"Plan Rows": 62500,"Plan Width": 8,"Actual Startup Time": 0.016,"Actual Total Time": 9.647,"Actual Rows": 50000,"Actual Loops": 3,"Workers": []},{"Node Type": "Hash","Parent Relationship": "Inner","Parallel Aware": false,"Async Capable": false,"Startup Cost": 2.40,"Total Cost": 2.40,"Plan Rows": 1,"Plan Width": 108,"Actual Startup Time": 0.190,"Actual Total Time": 0.209,"Actual Rows": 5,"Actual Loops": 3,"Hash Buckets": 1024,"Original Hash Buckets": 1024,"Hash Batches": 1,"Original Hash Batches": 1,"Peak Memory Usage": 9,"Workers": [],"Plans": [{"Node Type": "Hash Join","Parent Relationship": "Outer","Parallel Aware": false,"Async Capable": false,"Join Type": "Inner","Startup Cost": 1.07,"Total Cost": 2.40,"Plan Rows": 1,"Plan Width": 108,"Actual Startup Time": 0.173,"Actual Total Time": 0.196,"Actual Rows": 5,"Actual Loops": 3,"Inner Unique": true,"Hash Cond": "(nation.n_regionkey = region.r_regionkey)","Workers": [],"Plans": [{"Node Type": "Seq Scan","Parent Relationship": "Outer","Parallel Aware": false,"Async Capable": false,"Relation Name": "nation","Alias": "nation","Startup Cost": 0.00,"Total Cost": 1.25,"Plan Rows": 25,"Plan Width": 112,"Actual Startup Time": 0.080,"Actual Total Time": 0.084,"Actual Rows": 25,"Actual Loops": 3,"Workers": []},{"Node Type": "Hash","Parent Relationship": "Inner","Parallel Aware": false,"Async Capable": false,"Startup Cost": 1.06,"Total Cost": 1.06,"Plan Rows": 1,"Plan Width": 4,"Actual Startup Time": 0.060,"Actual Total Time": 0.067,"Actual Rows": 1,"Actual Loops": 3,"Hash Buckets": 1024,"Original Hash Buckets": 1024,"Hash Batches": 1,"Original Hash Batches": 1,"Peak Memory Usage": 9,"Workers": [],"Plans": [{"Node Type": "Seq Scan","Parent Relationship": "Outer","Parallel Aware": false,"Async Capable": false,"Relation Name": "region","Alias": "region","Startup Cost": 0.00,"Total Cost": 1.06,"Plan Rows": 1,"Plan Width": 4,"Actual Startup Time": 0.046,"Actual Total Time": 0.049,"Actual Rows": 1,"Actual Loops": 3,"Filter": "(r_name = 'ASIA'::bpchar)","Rows Removed by Filter": 4,"Workers": []}]}]}]}]},{"Node Type": "Index Scan","Parent Relationship": "Inner","Parallel Aware": false,"Async Capable": false,"Scan Direction": "Forward","Index Name": "idx_orders_custkey","Relation Name": "orders","Alias": "orders","Startup Cost": 0.43,"Total Cost": 1.55,"Plan Rows": 3,"Plan Width": 8,"Actual Startup Time": 0.017,"Actual Total Time": 0.039,"Actual Rows": 2,"Actual Loops": 30183,"Index Cond": "(o_custkey = customer.c_custkey)","Rows Removed by Index Recheck": 0,"Filter": "((o_orderdate >= '1993-01-01'::date) AND (o_orderdate < '1994-01-01 00:00:00'::timestamp without time zone))","Rows Removed by Filter": 8,"Workers": []}]},{"Node Type": "Index Scan","Parent Relationship": "Inner","Parallel Aware": false,"Async Capable": false,"Scan Direction": "Forward","Index Name": "idx_lineitem_orderkey","Relation Name": "lineitem","Alias": "lineitem","Startup Cost": 0.43,"Total Cost": 2.90,"Plan Rows": 17,"Plan Width": 20,"Actual Startup Time": 0.017,"Actual Total Time": 0.019,"Actual Rows": 4,"Actual Loops": 45452,"Index Cond": "(l_orderkey = orders.o_orderkey)","Rows Removed by Index Recheck": 0,"Workers": []}]},{"Node Type": "Hash","Parent Relationship": "Inner","Parallel Aware": false,"Async Capable": false,"Startup Cost": 322.00,"Total Cost": 322.00,"Plan Rows": 10000,"Plan Width": 8,"Actual Startup Time": 13.249,"Actual Total Time": 13.253,"Actual Rows": 10000,"Actual Loops": 3,"Hash Buckets": 16384,"Original Hash Buckets": 16384,"Hash Batches": 1,"Original Hash Batches": 1,"Peak Memory Usage": 519,"Workers": [],"Plans": [{"Node Type": "Seq Scan","Parent Relationship": "Outer","Parallel Aware": false,"Async Capable": false,"Relation Name": "supplier","Alias": "supplier","Startup Cost": 0.00,"Total Cost": 322.00,"Plan Rows": 10000,"Plan Width": 8,"Actual Startup Time": 0.061,"Actual Total Time": 11.553,"Actual Rows": 10000,"Actual Loops": 3,"Workers": []}]}]}]}]}]}]}]},"Planning Time": 10.259,"Triggers": [],"Execution Time": 846.817}]
