[{"Plan": {"Node Type": "Aggregate","Strategy": "Sorted","Partial Mode": "Finalize","Parallel Aware": false,"Async Capable": false,"Startup Cost": 50393.04,"Total Cost": 50425.42,"Plan Rows": 5,"Plan Width": 24,"Actual Startup Time": 209.179,"Actual Total Time": 234.092,"Actual Rows": 5,"Actual Loops": 1,"Group Key": ["orders.o_orderpriority"],"Plans": [{"Node Type": "Gather Merge","Parent Relationship": "Outer","Parallel Aware": false,"Async Capable": false,"Startup Cost": 50393.04,"Total Cost": 50425.30,"Plan Rows": 15,"Plan Width": 24,"Actual Startup Time": 208.857,"Actual Total Time": 234.045,"Actual Rows": 20,"Actual Loops": 1,"Workers Planned": 3,"Workers Launched": 3,"Plans": [{"Node Type": "Aggregate","Strategy": "Sorted","Partial Mode": "Partial","Parent Relationship": "Outer","Parallel Aware": false,"Async Capable": false,"Startup Cost": 49393.00,"Total Cost": 49423.49,"Plan Rows": 5,"Plan Width": 24,"Actual Startup Time": 200.343,"Actual Total Time": 201.591,"Actual Rows": 5,"Actual Loops": 4,"Group Key": ["orders.o_orderpriority"],"Workers": [],"Plans": [{"Node Type": "Sort","Parent Relationship": "Outer","Parallel Aware": false,"Async Capable": false,"Startup Cost": 49393.00,"Total Cost": 49403.15,"Plan Rows": 4059,"Plan Width": 16,"Actual Startup Time": 200.015,"Actual Total Time": 200.534,"Actual Rows": 13007,"Actual Loops": 4,"Sort Key": ["orders.o_orderpriority"],"Sort Method": "quicksort","Sort Space Used": 1034,"Sort Space Type": "Memory","Workers": [{"Worker Number": 0,"Sort Method": "quicksort","Sort Space Used": 1128,"Sort Space Type": "Memory"},{"Worker Number": 1,"Sort Method": "quicksort","Sort Space Used": 1096,"Sort Space Type": "Memory"},{"Worker Number": 2,"Sort Method": "quicksort","Sort Space Used": 1126,"Sort Space Type": "Memory"}],"Plans": [{"Node Type": "Nested Loop","Parent Relationship": "Outer","Parallel Aware": false,"Async Capable": false,"Join Type": "Semi","Startup Cost": 731.94,"Total Cost": 49149.73,"Plan Rows": 4059,"Plan Width": 16,"Actual Startup Time": 5.320,"Actual Total Time": 193.882,"Actual Rows": 13007,"Actual Loops": 4,"Inner Unique": false,"Workers": [],"Plans": [{"Node Type": "Bitmap Heap Scan","Parent Relationship": "Outer","Parallel Aware": true,"Async Capable": false,"Relation Name": "orders","Alias": "orders","Startup Cost": 731.50,"Total Cost": 27082.87,"Plan Rows": 17091,"Plan Width": 20,"Actual Startup Time": 5.198,"Actual Total Time": 56.771,"Actual Rows": 14217,"Actual Loops": 4,"Recheck Cond": "((o_orderdate >= '1995-09-01'::date) AND (o_orderdate < '1995-12-01 00:00:00'::timestamp without time zone))","Rows Removed by Index Recheck": 0,"Exact Heap Blocks": 5379,"Lossy Heap Blocks": 0,"Workers": [],"Plans": [{"Node Type": "Bitmap Index Scan","Parent Relationship": "Outer","Parallel Aware": false,"Async Capable": false,"Index Name": "idx_orders_orderdate","Startup Cost": 0.00,"Total Cost": 718.26,"Plan Rows": 52983,"Plan Width": 0,"Actual Startup Time": 8.331,"Actual Total Time": 8.335,"Actual Rows": 56867,"Actual Loops": 1,"Index Cond": "((o_orderdate >= '1995-09-01'::date) AND (o_orderdate < '1995-12-01 00:00:00'::timestamp without time zone))","Workers": []}]},{"Node Type": "Index Scan","Parent Relationship": "Inner","Parallel Aware": false,"Async Capable": false,"Scan Direction": "Forward","Index Name": "idx_lineitem_orderkey","Relation Name": "lineitem","Alias": "lineitem","Startup Cost": 0.43,"Total Cost": 4.73,"Plan Rows": 6,"Plan Width": 4,"Actual Startup Time": 0.009,"Actual Total Time": 0.009,"Actual Rows": 1,"Actual Loops": 56867,"Index Cond": "(l_orderkey = orders.o_orderkey)","Rows Removed by Index Recheck": 0,"Filter": "(l_commitdate < l_receiptdate)","Rows Removed by Filter": 1,"Workers": []}]}]}]}]}]},"Planning Time": 4.551,"Triggers": [],"Execution Time": 234.551}]
[{"Plan": {"Node Type": "Aggregate","Strategy": "Sorted","Partial Mode": "Finalize","Parallel Aware": false,"Async Capable": false,"Startup Cost": 51736.48,"Total Cost": 51771.05,"Plan Rows": 5,"Plan Width": 24,"Actual Startup Time": 206.913,"Actual Total Time": 230.911,"Actual Rows": 5,"Actual Loops": 1,"Group Key": ["orders.o_orderpriority"],"Plans": [{"Node Type": "Gather Merge","Parent Relationship": "Outer","Parallel Aware": false,"Async Capable": false,"Startup Cost": 51736.48,"Total Cost": 51770.93,"Plan Rows": 15,"Plan Width": 24,"Actual Startup Time": 206.571,"Actual Total Time": 230.880,"Actual Rows": 20,"Actual Loops": 1,"Workers Planned": 3,"Workers Launched": 3,"Plans": [{"Node Type": "Aggregate","Strategy": "Sorted","Partial Mode": "Partial","Parent Relationship": "Outer","Parallel Aware": false,"Async Capable": false,"Startup Cost": 50736.44,"Total Cost": 50769.13,"Plan Rows": 5,"Plan Width": 24,"Actual Startup Time": 197.405,"Actual Total Time": 198.632,"Actual Rows": 5,"Actual Loops": 4,"Group Key": ["orders.o_orderpriority"],"Workers": [],"Plans": [{"Node Type": "Sort","Parent Relationship": "Outer","Parallel Aware": false,"Async Capable": false,"Startup Cost": 50736.44,"Total Cost": 50747.32,"Plan Rows": 4351,"Plan Width": 16,"Actual Startup Time": 197.060,"Actual Total Time": 197.567,"Actual Rows": 12986,"Actual Loops": 4,"Sort Key": ["orders.o_orderpriority"],"Sort Method": "quicksort","Sort Space Used": 1055,"Sort Space Type": "Memory","Workers": [{"Worker Number": 0,"Sort Method": "quicksort","Sort Space Used": 1084,"Sort Space Type": "Memory"},{"Worker Number": 1,"Sort Method": "quicksort","Sort Space Used": 1126,"Sort Space Type": "Memory"},{"Worker Number": 2,"Sort Method": "quicksort","Sort Space Used": 1113,"Sort Space Type": "Memory"}],"Plans": [{"Node Type": "Nested Loop","Parent Relationship": "Outer","Parallel Aware": false,"Async Capable": false,"Join Type": "Semi","Startup Cost": 786.91,"Total Cost": 50473.49,"Plan Rows": 4351,"Plan Width": 16,"Actual Startup Time": 5.441,"Actual Total Time": 190.761,"Actual Rows": 12986,"Actual Loops": 4,"Inner Unique": false,"Workers": [],"Plans": [{"Node Type": "Bitmap Heap Scan","Parent Relationship": "Outer","Parallel Aware": true,"Async Capable": false,"Relation Name": "orders","Alias": "orders","Startup Cost": 786.47,"Total Cost": 27156.24,"Plan Rows": 18318,"Plan Width": 20,"Actual Startup Time": 5.289,"Actual Total Time": 56.594,"Actual Rows": 14148,"Actual Loops": 4,"Recheck Cond": "((o_orderdate >= '1993-09-01'::date) AND (o_orderdate < '1993-12-01 00:00:00'::timestamp without time zone))","Rows Removed by Index Recheck": 0,"Exact Heap Blocks": 5541,"Lossy Heap Blocks": 0,"Workers": [],"Plans": [{"Node Type": "Bitmap Index Scan","Parent Relationship": "Outer","Parallel Aware": false,"Async Capable": false,"Index Name": "idx_orders_orderdate","Startup Cost": 0.00,"Total Cost": 772.28,"Plan Rows": 56785,"Plan Width": 0,"Actual Startup Time": 9.025,"Actual Total Time": 9.027,"Actual Rows": 56592,"Actual Loops": 1,"Index Cond": "((o_orderdate >= '1993-09-01'::date) AND (o_orderdate < '1993-12-01 00:00:00'::timestamp without time zone))","Workers": []}]},{"Node Type": "Index Scan","Parent Relationship": "Inner","Parallel Aware": false,"Async Capable": false,"Scan Direction": "Forward","Index Name": "idx_lineitem_orderkey","Relation Name": "lineitem","Alias": "lineitem","Startup Cost": 0.43,"Total Cost": 4.64,"Plan Rows": 6,"Plan Width": 4,"Actual Startup Time": 0.009,"Actual Total Time": 0.009,"Actual Rows": 1,"Actual Loops": 56592,"Index Cond": "(l_orderkey = orders.o_orderkey)","Rows Removed by Index Recheck": 0,"Filter": "(l_commitdate < l_receiptdate)","Rows Removed by Filter": 1,"Workers": []}]}]}]}]}]},"Planning Time": 5.170,"Triggers": [],"Execution Time": 231.369}]
[{"Plan": {"Node Type": "Aggregate","Strategy": "Sorted","Partial Mode": "Finalize","Parallel Aware": false,"Async Capable": false,"Startup Cost": 51461.99,"Total Cost": 51496.11,"Plan Rows": 5,"Plan Width": 24,"Actual Startup Time": 212.454,"Actual Total Time": 236.291,"Actual Rows": 5,"Actual Loops": 1,"Group Key": ["orders.o_orderpriority"],"Plans": [{"Node Type": "Gather Merge","Parent Relationship": "Outer","Parallel Aware": false,"Async Capable": false,"Startup Cost": 51461.99,"Total Cost": 51495.99,"Plan Rows": 15,"Plan Width": 24,"Actual Startup Time": 212.065,"Actual Total Time": 236.271,"Actual Rows": 20,"Actual Loops": 1,"Workers Planned": 3,"Workers Launched": 3,"Plans": [{"Node Type": "Aggregate","Strategy": "Sorted","Partial Mode": "Partial","Parent Relationship": "Outer","Parallel Aware": false,"Async Capable": false,"Startup Cost": 50461.95,"Total Cost": 50494.18,"Plan Rows": 5,"Plan Width": 24,"Actual Startup Time": 202.874,"Actual Total Time": 204.138,"Actual Rows": 5,"Actual Loops": 4,"Group Key": ["orders.o_orderpriority"],"Workers": [],"Plans": [{"Node Type": "Sort","Parent Relationship": "Outer","Parallel Aware": false,"Async Capable": false,"Startup Cost": 50461.95,"Total Cost": 50472.68,"Plan Rows": 4291,"Plan Width": 16,"Actual Startup Time": 202.525,"Actual Total Time": 203.066,"Actual Rows": 13122,"Actual Loops": 4,"Sort Key": ["orders.o_orderpriority"],"Sort Method": "quicksort","Sort Space Used": 1103,"Sort Space Type": "Memory","Workers": [{"Worker Number": 0,"Sort Method": "quicksort","Sort Space Used": 1114,"Sort Space Type": "Memory"},{"Worker Number": 1,"Sort Method": "quicksort","Sort Space Used": 1111,"Sort Space Type": "Memory"},{"Worker Number": 2,"Sort Method": "quicksort","Sort Space Used": 1081,"Sort Space Type": "Memory"}],"Plans": [{"Node Type": "Nested Loop","Parent Relationship": "Outer","Parallel Aware": false,"Async Capable": false,"Join Type": "Semi","Startup Cost": 774.93,"Total Cost": 50203.05,"Plan Rows": 4291,"Plan Width": 16,"Actual Startup Time": 5.310,"Actual Total Time": 196.109,"Actual Rows": 13122,"Actual Loops": 4,"Inner Unique": false,"Workers": [],"Plans": [{"Node Type": "Bitmap Heap Scan","Parent Relationship": "Outer","Parallel Aware": true,"Async Capable": false,"Relation Name": "orders","Alias": "orders","Startup Cost": 774.50,"Total Cost": 27140.50,"Plan Rows": 18067,"Plan Width": 20,"Actual Startup Time": 5.148,"Actual Total Time": 58.382,"Actual Rows": 14320,"Actual Loops": 4,"Recheck Cond": "((o_orderdate >= '1993-06-01'::date) AND (o_orderdate < '1993-09-01 00:00:00'::timestamp without time zone))","Rows Removed by Index Recheck": 0,"Exact Heap Blocks": 5885,"Lossy Heap Blocks": 0,"Workers": [],"Plans": [{"Node Type": "Bitmap Index Scan","Parent Relationship": "Outer","Parallel Aware": false,"Async Capable": false,"Index Name": "idx_orders_orderdate","Startup Cost": 0.00,"Total Cost": 760.50,"Plan Rows": 56007,"Plan Width": 0,"Actual Startup Time": 8.978,"Actual Total Time": 8.982,"Actual Rows": 57280,"Actual Loops": 1,"Index Cond": "((o_orderdate >= '1993-06-01'::date) AND (o_orderdate < '1993-09-01 00:00:00'::timestamp without time zone))","Workers": []}]},{"Node Type": "Index Scan","Parent Relationship": "Inner","Parallel Aware": false,"Async Capable": false,"Scan Direction": "Forward","Index Name": "idx_lineitem_orderkey","Relation Name": "lineitem","Alias": "lineitem","Startup Cost": 0.43,"Total Cost": 4.65,"Plan Rows": 6,"Plan Width": 4,"Actual Startup Time": 0.009,"Actual Total Time": 0.009,"Actual Rows": 1,"Actual Loops": 57280,"Index Cond": "(l_orderkey = orders.o_orderkey)","Rows Removed by Index Recheck": 0,"Filter": "(l_commitdate < l_receiptdate)","Rows Removed by Filter": 1,"Workers": []}]}]}]}]}]},"Planning Time": 4.339,"Triggers": [],"Execution Time": 236.742}]
[{"Plan": {"Node Type": "Aggregate","Strategy": "Sorted","Partial Mode": "Finalize","Parallel Aware": false,"Async Capable": false,"Startup Cost": 52959.57,"Total Cost": 52996.16,"Plan Rows": 5,"Plan Width": 24,"Actual Startup Time": 209.033,"Actual Total Time": 233.672,"Actual Rows": 5,"Actual Loops": 1,"Group Key": ["orders.o_orderpriority"],"Plans": [{"Node Type": "Gather Merge","Parent Relationship": "Outer","Parallel Aware": false,"Async Capable": false,"Startup Cost": 52959.57,"Total Cost": 52996.04,"Plan Rows": 15,"Plan Width": 24,"Actual Startup Time": 208.622,"Actual Total Time": 233.645,"Actual Rows": 20,"Actual Loops": 1,"Workers Planned": 3,"Workers Launched": 3,"Plans": [{"Node Type": "Aggregate","Strategy": "Sorted","Partial Mode": "Partial","Parent Relationship": "Outer","Parallel Aware": false,"Async Capable": false,"Startup Cost": 51959.53,"Total Cost": 51994.23,"Plan Rows": 5,"Plan Width": 24,"Actual Startup Time": 199.783,"Actual Total Time": 201.045,"Actual Rows": 5,"Actual Loops": 4,"Group Key": ["orders.o_orderpriority"],"Workers": [],"Plans": [{"Node Type": "Sort","Parent Relationship": "Outer","Parallel Aware": false,"Async Capable": false,"Startup Cost": 51959.53,"Total Cost": 51971.08,"Plan Rows": 4620,"Plan Width": 16,"Actual Startup Time": 199.445,"Actual Total Time": 199.958,"Actual Rows": 13257,"Actual Loops": 4,"Sort Key": ["orders.o_orderpriority"],"Sort Method": "quicksort","Sort Space Used": 1102,"Sort Space Type": "Memory","Workers": [{"Worker Number": 0,"Sort Method": "quicksort","Sort Space Used": 1125,"Sort Space Type": "Memory"},{"Worker Number": 1,"Sort Method": "quicksort","Sort Space Used": 1082,"Sort Space Type": "Memory"},{"Worker Number": 2,"Sort Method": "quicksort","Sort Space Used": 1129,"Sort Space Type": "Memory"}],"Plans": [{"Node Type": "Nested Loop","Parent Relationship": "Outer","Parallel Aware": false,"Async Capable": false,"Join Type": "Semi","Startup Cost": 834.97,"Total Cost": 51678.32,"Plan Rows": 4620,"Plan Width": 16,"Actual Startup Time": 5.409,"Actual Total Time": 193.022,"Actual Rows": 13257,"Actual Loops": 4,"Inner Unique": false,"Workers": [],"Plans": [{"Node Type": "Bitmap Heap Scan","Parent Relationship": "Outer","Parallel Aware": true,"Async Capable": false,"Relation Name": "orders","Alias": "orders","Startup Cost": 834.53,"Total Cost": 27221.32,"Plan Rows": 19452,"Plan Width": 20,"Actual Startup Time": 5.281,"Actual Total Time": 56.264,"Actual Rows": 14475,"Actual Loops": 4,"Recheck Cond": "((o_orderdate >= '1997-05-01'::date) AND (o_orderdate < '1997-08-01 00:00:00'::timestamp without time zone))","Rows Removed by Index Recheck": 0,"Exact Heap Blocks": 5770,"Lossy Heap Blocks": 0,"Workers": [],"Plans": [{"Node Type": "Bitmap Index Scan","Parent Relationship": "Outer","Parallel Aware": false,"Async Capable": false,"Index Name": "idx_orders_orderdate","Startup Cost": 0.00,"Total Cost": 819.46,"Plan Rows": 60303,"Plan Width": 0,"Actual Startup Time": 8.646,"Actual Total Time": 8.646,"Actual Rows": 57901,"Actual Loops": 1,"Index Cond": "((o_orderdate >= '1997-05-01'::date) AND (o_orderdate < '1997-08-01 00:00:00'::timestamp without time zone))","Workers": []}]},{"Node Type": "Index Scan","Parent Relationship": "Inner","Parallel Aware": false,"Async Capable": false,"Scan Direction": "Forward","Index Name": "idx_lineitem_orderkey","Relation Name": "lineitem","Alias": "lineitem","Startup Cost": 0.43,"Total Cost": 4.56,"Plan Rows": 6,"Plan Width": 4,"Actual Startup Time": 0.009,"Actual Total Time": 0.009,"Actual Rows": 1,"Actual Loops": 57901,"Index Cond": "(l_orderkey = orders.o_orderkey)","Rows Removed by Index Recheck": 0,"Filter": "(l_commitdate < l_receiptdate)","Rows Removed by Filter": 1,"Workers": []}]}]}]}]}]},"Planning Time": 4.687,"Triggers": [],"Execution Time": 234.385}]
[{"Plan": {"Node Type": "Aggregate","Strategy": "Sorted","Partial Mode": "Finalize","Parallel Aware": false,"Async Capable": false,"Startup Cost": 51940.16,"Total Cost": 51975.07,"Plan Rows": 5,"Plan Width": 24,"Actual Startup Time": 211.359,"Actual Total Time": 235.485,"Actual Rows": 5,"Actual Loops": 1,"Group Key": ["orders.o_orderpriority"],"Plans": [{"Node Type": "Gather Merge","Parent Relationship": "Outer","Parallel Aware": false,"Async Capable": false,"Startup Cost": 51940.16,"Total Cost": 51974.94,"Plan Rows": 15,"Plan Width": 24,"Actual Startup Time": 210.977,"Actual Total Time": 235.464,"Actual Rows": 20,"Actual Loops": 1,"Workers Planned": 3,"Workers Launched": 3,"Plans": [{"Node Type": "Aggregate","Strategy": "Sorted","Partial Mode": "Partial","Parent Relationship": "Outer","Parallel Aware": false,"Async Capable": false,"Startup Cost": 50940.12,"Total Cost": 50973.14,"Plan Rows": 5,"Plan Width": 24,"Actual Startup Time": 202.425,"Actual Total Time": 203.673,"Actual Rows": 5,"Actual Loops": 4,"Group Key": ["orders.o_orderpriority"],"Workers": [],"Plans": [{"Node Type": "Sort","Parent Relationship": "Outer","Parallel Aware": false,"Async Capable": false,"Startup Cost": 50940.12,"Total Cost": 50951.11,"Plan Rows": 4396,"Plan Width": 16,"Actual Startup Time": 202.075,"Actual Total Time": 202.609,"Actual Rows": 13093,"Actual Loops": 4,"Sort Key": ["orders.o_orderpriority"],"Sort Method": "quicksort","Sort Space Used": 1113,"Sort Space Type": "Memory","Workers": [{"Worker Number": 0,"Sort Method": "quicksort","Sort Space Used": 1095,"Sort Space Type": "Memory"},{"Worker Number": 1,"Sort Method": "quicksort","Sort Space Used": 1096,"Sort Space Type": "Memory"},{"Worker Number": 2,"Sort Method": "quicksort","Sort Space Used": 1098,"Sort Space Type": "Memory"}],"Plans": [{"Node Type": "Nested Loop","Parent Relationship": "Outer","Parallel Aware": false,"Async Capable": false,"Join Type": "Semi","Startup Cost": 792.95,"Total Cost": 50674.12,"Plan Rows": 4396,"Plan Width": 16,"Actual Startup Time": 5.002,"Actual Total Time": 195.802,"Actual Rows": 13093,"Actual Loops": 4,"Inner Unique": false,"Workers": [],"Plans": [{"Node Type": "Bitmap Heap Scan","Parent Relationship": "Outer","Parallel Aware": true,"Async Capable": false,"Relation Name": "orders","Alias": "orders","Startup Cost": 792.52,"Total Cost": 27165.14,"Plan Rows": 18508,"Plan Width": 20,"Actual Startup Time": 4.882,"Actual Total Time": 58.015,"Actual Rows": 14267,"Actual Loops": 4,"Recheck Cond": "((o_orderdate >= '1993-10-01'::date) AND (o_orderdate < '1994-01-01 00:00:00'::timestamp without time zone))","Rows Removed by Index Recheck": 0,"Exact Heap Blocks": 5856,"Lossy Heap Blocks": 0,"Workers": [],"Plans": [{"Node Type": "Bitmap Index Scan","Parent Relationship": "Outer","Parallel Aware": false,"Async Capable": false,"Index Name": "idx_orders_orderdate","Startup Cost": 0.00,"Total Cost": 778.18,"Plan Rows": 57375,"Plan Width": 0,"Actual Startup Time": 8.440,"Actual Total Time": 8.441,"Actual Rows": 57069,"Actual Loops": 1,"Index Cond": "((o_orderdate >= '1993-10-01'::date) AND (o_orderdate < '1994-01-01 00:00:00'::timestamp without time zone))","Workers": []}]},{"Node Type": "Index Scan","Parent Relationship": "Inner","Parallel Aware": false,"Async Capable": false,"Scan Direction": "Forward","Index Name": "idx_lineitem_orderkey","Relation Name": "lineitem","Alias": "lineitem","Startup Cost": 0.43,"Total Cost": 4.62,"Plan Rows": 6,"Plan Width": 4,"Actual Startup Time": 0.009,"Actual Total Time": 0.009,"Actual Rows": 1,"Actual Loops": 57069,"Index Cond": "(l_orderkey = orders.o_orderkey)","Rows Removed by Index Recheck": 0,"Filter": "(l_commitdate < l_receiptdate)","Rows Removed by Filter": 1,"Workers": []}]}]}]}]}]},"Planning Time": 4.961,"Triggers": [],"Execution Time": 235.930}]
[{"Plan": {"Node Type": "Aggregate","Strategy": "Sorted","Partial Mode": "Finalize","Parallel Aware": false,"Async Capable": false,"Startup Cost": 51461.99,"Total Cost": 51496.11,"Plan Rows": 5,"Plan Width": 24,"Actual Startup Time": 212.454,"Actual Total Time": 236.291,"Actual Rows": 5,"Actual Loops": 1,"Group Key": ["orders.o_orderpriority"],"Plans": [{"Node Type": "Gather Merge","Parent Relationship": "Outer","Parallel Aware": false,"Async Capable": false,"Startup Cost": 51461.99,"Total Cost": 51495.99,"Plan Rows": 15,"Plan Width": 24,"Actual Startup Time": 212.065,"Actual Total Time": 236.271,"Actual Rows": 20,"Actual Loops": 1,"Workers Planned": 3,"Workers Launched": 3,"Plans": [{"Node Type": "Aggregate","Strategy": "Sorted","Partial Mode": "Partial","Parent Relationship": "Outer","Parallel Aware": false,"Async Capable": false,"Startup Cost": 50461.95,"Total Cost": 50494.18,"Plan Rows": 5,"Plan Width": 24,"Actual Startup Time": 202.874,"Actual Total Time": 204.138,"Actual Rows": 5,"Actual Loops": 4,"Group Key": ["orders.o_orderpriority"],"Workers": [],"Plans": [{"Node Type": "Sort","Parent Relationship": "Outer","Parallel Aware": false,"Async Capable": false,"Startup Cost": 50461.95,"Total Cost": 50472.68,"Plan Rows": 4291,"Plan Width": 16,"Actual Startup Time": 202.525,"Actual Total Time": 203.066,"Actual Rows": 13122,"Actual Loops": 4,"Sort Key": ["orders.o_orderpriority"],"Sort Method": "quicksort","Sort Space Used": 1103,"Sort Space Type": "Memory","Workers": [{"Worker Number": 0,"Sort Method": "quicksort","Sort Space Used": 1114,"Sort Space Type": "Memory"},{"Worker Number": 1,"Sort Method": "quicksort","Sort Space Used": 1111,"Sort Space Type": "Memory"},{"Worker Number": 2,"Sort Method": "quicksort","Sort Space Used": 1081,"Sort Space Type": "Memory"}],"Plans": [{"Node Type": "Nested Loop","Parent Relationship": "Outer","Parallel Aware": false,"Async Capable": false,"Join Type": "Semi","Startup Cost": 774.93,"Total Cost": 50203.05,"Plan Rows": 4291,"Plan Width": 16,"Actual Startup Time": 5.310,"Actual Total Time": 196.109,"Actual Rows": 13122,"Actual Loops": 4,"Inner Unique": false,"Workers": [],"Plans": [{"Node Type": "Bitmap Heap Scan","Parent Relationship": "Outer","Parallel Aware": true,"Async Capable": false,"Relation Name": "orders","Alias": "orders","Startup Cost": 774.50,"Total Cost": 27140.50,"Plan Rows": 18067,"Plan Width": 20,"Actual Startup Time": 5.148,"Actual Total Time": 58.382,"Actual Rows": 14320,"Actual Loops": 4,"Recheck Cond": "((o_orderdate >= '1993-06-01'::date) AND (o_orderdate < '1993-09-01 00:00:00'::timestamp without time zone))","Rows Removed by Index Recheck": 0,"Exact Heap Blocks": 5885,"Lossy Heap Blocks": 0,"Workers": [],"Plans": [{"Node Type": "Bitmap Index Scan","Parent Relationship": "Outer","Parallel Aware": false,"Async Capable": false,"Index Name": "idx_orders_orderdate","Startup Cost": 0.00,"Total Cost": 760.50,"Plan Rows": 56007,"Plan Width": 0,"Actual Startup Time": 8.978,"Actual Total Time": 8.982,"Actual Rows": 57280,"Actual Loops": 1,"Index Cond": "((o_orderdate >= '1993-06-01'::date) AND (o_orderdate < '1993-09-01 00:00:00'::timestamp without time zone))","Workers": []}]},{"Node Type": "Index Scan","Parent Relationship": "Inner","Parallel Aware": false,"Async Capable": false,"Scan Direction": "Forward","Index Name": "idx_lineitem_orderkey","Relation Name": "lineitem","Alias": "lineitem","Startup Cost": 0.43,"Total Cost": 4.65,"Plan Rows": 6,"Plan Width": 4,"Actual Startup Time": 0.009,"Actual Total Time": 0.009,"Actual Rows": 1,"Actual Loops": 57280,"Index Cond": "(l_orderkey = orders.o_orderkey)","Rows Removed by Index Recheck": 0,"Filter": "(l_commitdate < l_receiptdate)","Rows Removed by Filter": 1,"Workers": []}]}]}]}]}]},"Planning Time": 4.339,"Triggers": [],"Execution Time": 236.742}]
[{"Plan": {"Node Type": "Aggregate","Strategy": "Sorted","Partial Mode": "Finalize","Parallel Aware": false,"Async Capable": false,"Startup Cost": 51833.80,"Total Cost": 51868.53,"Plan Rows": 5,"Plan Width": 24,"Actual Startup Time": 216.193,"Actual Total Time": 238.969,"Actual Rows": 5,"Actual Loops": 1,"Group Key": ["orders.o_orderpriority"],"Plans": [{"Node Type": "Gather Merge","Parent Relationship": "Outer","Parallel Aware": false,"Async Capable": false,"Startup Cost": 51833.80,"Total Cost": 51868.41,"Plan Rows": 15,"Plan Width": 24,"Actual Startup Time": 215.785,"Actual Total Time": 238.947,"Actual Rows": 20,"Actual Loops": 1,"Workers Planned": 3,"Workers Launched": 3,"Plans": [{"Node Type": "Aggregate","Strategy": "Sorted","Partial Mode": "Partial","Parent Relationship": "Outer","Parallel Aware": false,"Async Capable": false,"Startup Cost": 50833.76,"Total Cost": 50866.60,"Plan Rows": 5,"Plan Width": 24,"Actual Startup Time": 207.585,"Actual Total Time": 208.848,"Actual Rows": 5,"Actual Loops": 4,"Group Key": ["orders.o_orderpriority"],"Workers": [],"Plans": [{"Node Type": "Sort","Parent Relationship": "Outer","Parallel Aware": false,"Async Capable": false,"Startup Cost": 50833.76,"Total Cost": 50844.69,"Plan Rows": 4372,"Plan Width": 16,"Actual Startup Time": 207.234,"Actual Total Time": 207.768,"Actual Rows": 13206,"Actual Loops": 4,"Sort Key": ["orders.o_orderpriority"],"Sort Method": "quicksort","Sort Space Used": 1141,"Sort Space Type": "Memory","Workers": [{"Worker Number": 0,"Sort Method": "quicksort","Sort Space Used": 1092,"Sort Space Type": "Memory"},{"Worker Number": 1,"Sort Method": "quicksort","Sort Space Used": 1066,"Sort Space Type": "Memory"},{"Worker Number": 2,"Sort Method": "quicksort","Sort Space Used": 1127,"Sort Space Type": "Memory"}],"Plans": [{"Node Type": "Nested Loop","Parent Relationship": "Outer","Parallel Aware": false,"Async Capable": false,"Join Type": "Semi","Startup Cost": 789.79,"Total Cost": 50569.39,"Plan Rows": 4372,"Plan Width": 16,"Actual Startup Time": 5.838,"Actual Total Time": 200.574,"Actual Rows": 13206,"Actual Loops": 4,"Inner Unique": false,"Workers": [],"Plans": [{"Node Type": "Bitmap Heap Scan","Parent Relationship": "Outer","Parallel Aware": true,"Async Capable": false,"Relation Name": "orders","Alias": "orders","Startup Cost": 789.35,"Total Cost": 27160.48,"Plan Rows": 18409,"Plan Width": 20,"Actual Startup Time": 5.710,"Actual Total Time": 58.739,"Actual Rows": 14419,"Actual Loops": 4,"Recheck Cond": "((o_orderdate >= '1995-07-01'::date) AND (o_orderdate < '1995-10-01 00:00:00'::timestamp without time zone))","Rows Removed by Index Recheck": 0,"Exact Heap Blocks": 6140,"Lossy Heap Blocks": 0,"Workers": [],"Plans": [{"Node Type": "Bitmap Index Scan","Parent Relationship": "Outer","Parallel Aware": false,"Async Capable": false,"Index Name": "idx_orders_orderdate","Startup Cost": 0.00,"Total Cost": 775.09,"Plan Rows": 57066,"Plan Width": 0,"Actual Startup Time": 8.705,"Actual Total Time": 8.706,"Actual Rows": 57677,"Actual Loops": 1,"Index Cond": "((o_orderdate >= '1995-07-01'::date) AND (o_orderdate < '1995-10-01 00:00:00'::timestamp without time zone))","Workers": []}]},{"Node Type": "Index Scan","Parent Relationship": "Inner","Parallel Aware": false,"Async Capable": false,"Scan Direction": "Forward","Index Name": "idx_lineitem_orderkey","Relation Name": "lineitem","Alias": "lineitem","Startup Cost": 0.43,"Total Cost": 4.63,"Plan Rows": 6,"Plan Width": 4,"Actual Startup Time": 0.010,"Actual Total Time": 0.010,"Actual Rows": 1,"Actual Loops": 57677,"Index Cond": "(l_orderkey = orders.o_orderkey)","Rows Removed by Index Recheck": 0,"Filter": "(l_commitdate < l_receiptdate)","Rows Removed by Filter": 1,"Workers": []}]}]}]}]}]},"Planning Time": 4.165,"Triggers": [],"Execution Time": 239.454}]
[{"Plan": {"Node Type": "Aggregate","Strategy": "Sorted","Partial Mode": "Finalize","Parallel Aware": false,"Async Capable": false,"Startup Cost": 52505.50,"Total Cost": 52541.34,"Plan Rows": 5,"Plan Width": 24,"Actual Startup Time": 212.649,"Actual Total Time": 236.332,"Actual Rows": 5,"Actual Loops": 1,"Group Key": ["orders.o_orderpriority"],"Plans": [{"Node Type": "Gather Merge","Parent Relationship": "Outer","Parallel Aware": false,"Async Capable": false,"Startup Cost": 52505.50,"Total Cost": 52541.21,"Plan Rows": 15,"Plan Width": 24,"Actual Startup Time": 212.241,"Actual Total Time": 236.296,"Actual Rows": 20,"Actual Loops": 1,"Workers Planned": 3,"Workers Launched": 3,"Plans": [{"Node Type": "Aggregate","Strategy": "Sorted","Partial Mode": "Partial","Parent Relationship": "Outer","Parallel Aware": false,"Async Capable": false,"Startup Cost": 51505.46,"Total Cost": 51539.41,"Plan Rows": 5,"Plan Width": 24,"Actual Startup Time": 203.017,"Actual Total Time": 204.284,"Actual Rows": 5,"Actual Loops": 4,"Group Key": ["orders.o_orderpriority"],"Workers": [],"Plans": [{"Node Type": "Sort","Parent Relationship": "Outer","Parallel Aware": false,"Async Capable": false,"Startup Cost": 51505.46,"Total Cost": 51516.76,"Plan Rows": 4520,"Plan Width": 16,"Actual Startup Time": 202.651,"Actual Total Time": 203.197,"Actual Rows": 13152,"Actual Loops": 4,"Sort Key": ["orders.o_orderpriority"],"Sort Method": "quicksort","Sort Space Used": 1103,"Sort Space Type": "Memory","Workers": [{"Worker Number": 0,"Sort Method": "quicksort","Sort Space Used": 1110,"Sort Space Type": "Memory"},{"Worker Number": 1,"Sort Method": "quicksort","Sort Space Used": 1119,"Sort Space Type": "Memory"},{"Worker Number": 2,"Sort Method": "quicksort","Sort Space Used": 1083,"Sort Space Type": "Memory"}],"Plans": [{"Node Type": "Nested Loop","Parent Relationship": "Outer","Parallel Aware": false,"Async Capable": false,"Join Type": "Semi","Startup Cost": 817.51,"Total Cost": 51231.05,"Plan Rows": 4520,"Plan Width": 16,"Actual Startup Time": 4.809,"Actual Total Time": 196.117,"Actual Rows": 13152,"Actual Loops": 4,"Inner Unique": false,"Workers": [],"Plans": [{"Node Type": "Bitmap Heap Scan","Parent Relationship": "Outer","Parallel Aware": true,"Async Capable": false,"Relation Name": "orders","Alias": "orders","Startup Cost": 817.07,"Total Cost": 27197.51,"Plan Rows": 19029,"Plan Width": 20,"Actual Startup Time": 4.654,"Actual Total Time": 58.284,"Actual Rows": 14334,"Actual Loops": 4,"Recheck Cond": "((o_orderdate >= '1997-04-01'::date) AND (o_orderdate < '1997-07-01 00:00:00'::timestamp without time zone))","Rows Removed by Index Recheck": 0,"Exact Heap Blocks": 5837,"Lossy Heap Blocks": 0,"Workers": [],"Plans": [{"Node Type": "Bitmap Index Scan","Parent Relationship": "Outer","Parallel Aware": false,"Async Capable": false,"Index Name": "idx_orders_orderdate","Startup Cost": 0.00,"Total Cost": 802.33,"Plan Rows": 58990,"Plan Width": 0,"Actual Startup Time": 8.382,"Actual Total Time": 8.385,"Actual Rows": 57334,"Actual Loops": 1,"Index Cond": "((o_orderdate >= '1997-04-01'::date) AND (o_orderdate < '1997-07-01 00:00:00'::timestamp without time zone))","Workers": []}]},{"Node Type": "Index Scan","Parent Relationship": "Inner","Parallel Aware": false,"Async Capable": false,"Scan Direction": "Forward","Index Name": "idx_lineitem_orderkey","Relation Name": "lineitem","Alias": "lineitem","Startup Cost": 0.43,"Total Cost": 4.59,"Plan Rows": 6,"Plan Width": 4,"Actual Startup Time": 0.009,"Actual Total Time": 0.009,"Actual Rows": 1,"Actual Loops": 57334,"Index Cond": "(l_orderkey = orders.o_orderkey)","Rows Removed by Index Recheck": 0,"Filter": "(l_commitdate < l_receiptdate)","Rows Removed by Filter": 1,"Workers": []}]}]}]}]}]},"Planning Time": 4.807,"Triggers": [],"Execution Time": 236.832}]
[{"Plan": {"Node Type": "Aggregate","Strategy": "Sorted","Partial Mode": "Finalize","Parallel Aware": false,"Async Capable": false,"Startup Cost": 51563.06,"Total Cost": 51597.36,"Plan Rows": 5,"Plan Width": 24,"Actual Startup Time": 209.353,"Actual Total Time": 233.705,"Actual Rows": 5,"Actual Loops": 1,"Group Key": ["orders.o_orderpriority"],"Plans": [{"Node Type": "Gather Merge","Parent Relationship": "Outer","Parallel Aware": false,"Async Capable": false,"Startup Cost": 51563.06,"Total Cost": 51597.23,"Plan Rows": 15,"Plan Width": 24,"Actual Startup Time": 208.928,"Actual Total Time": 233.674,"Actual Rows": 20,"Actual Loops": 1,"Workers Planned": 3,"Workers Launched": 3,"Plans": [{"Node Type": "Aggregate","Strategy": "Sorted","Partial Mode": "Partial","Parent Relationship": "Outer","Parallel Aware": false,"Async Capable": false,"Startup Cost": 50563.02,"Total Cost": 50595.43,"Plan Rows": 5,"Plan Width": 24,"Actual Startup Time": 200.123,"Actual Total Time": 201.359,"Actual Rows": 5,"Actual Loops": 4,"Group Key": ["orders.o_orderpriority"],"Workers": [],"Plans": [{"Node Type": "Sort","Parent Relationship": "Outer","Parallel Aware": false,"Async Capable": false,"Startup Cost": 50563.02,"Total Cost": 50573.81,"Plan Rows": 4314,"Plan Width": 16,"Actual Startup Time": 199.793,"Actual Total Time": 200.293,"Actual Rows": 12936,"Actual Loops": 4,"Sort Key": ["orders.o_orderpriority"],"Sort Method": "quicksort","Sort Space Used": 1088,"Sort Space Type": "Memory","Workers": [{"Worker Number": 0,"Sort Method": "quicksort","Sort Space Used": 1073,"Sort Space Type": "Memory"},{"Worker Number": 1,"Sort Method": "quicksort","Sort Space Used": 1104,"Sort Space Type": "Memory"},{"Worker Number": 2,"Sort Method": "quicksort","Sort Space Used": 1102,"Sort Space Type": "Memory"}],"Plans": [{"Node Type": "Nested Loop","Parent Relationship": "Outer","Parallel Aware": false,"Async Capable": false,"Join Type": "Semi","Startup Cost": 777.94,"Total Cost": 50302.57,"Plan Rows": 4314,"Plan Width": 16,"Actual Startup Time": 5.390,"Actual Total Time": 193.555,"Actual Rows": 12936,"Actual Loops": 4,"Inner Unique": false,"Workers": [],"Plans": [{"Node Type": "Bitmap Heap Scan","Parent Relationship": "Outer","Parallel Aware": true,"Async Capable": false,"Relation Name": "orders","Alias": "orders","Startup Cost": 777.50,"Total Cost": 27144.92,"Plan Rows": 18161,"Plan Width": 20,"Actual Startup Time": 5.246,"Actual Total Time": 58.249,"Actual Rows": 14114,"Actual Loops": 4,"Recheck Cond": "((o_orderdate >= '1997-09-01'::date) AND (o_orderdate < '1997-12-01 00:00:00'::timestamp without time zone))","Rows Removed by Index Recheck": 0,"Exact Heap Blocks": 5736,"Lossy Heap Blocks": 0,"Workers": [],"Plans": [{"Node Type": "Bitmap Index Scan","Parent Relationship": "Outer","Parallel Aware": false,"Async Capable": false,"Index Name": "idx_orders_orderdate","Startup Cost": 0.00,"Total Cost": 763.43,"Plan Rows": 56300,"Plan Width": 0,"Actual Startup Time": 8.862,"Actual Total Time": 8.862,"Actual Rows": 56454,"Actual Loops": 1,"Index Cond": "((o_orderdate >= '1997-09-01'::date) AND (o_orderdate < '1997-12-01 00:00:00'::timestamp without time zone))","Workers": []}]},{"Node Type": "Index Scan","Parent Relationship": "Inner","Parallel Aware": false,"Async Capable": false,"Scan Direction": "Forward","Index Name": "idx_lineitem_orderkey","Relation Name": "lineitem","Alias": "lineitem","Startup Cost": 0.43,"Total Cost": 4.65,"Plan Rows": 6,"Plan Width": 4,"Actual Startup Time": 0.009,"Actual Total Time": 0.009,"Actual Rows": 1,"Actual Loops": 56454,"Index Cond": "(l_orderkey = orders.o_orderkey)","Rows Removed by Index Recheck": 0,"Filter": "(l_commitdate < l_receiptdate)","Rows Removed by Filter": 1,"Workers": []}]}]}]}]}]},"Planning Time": 5.783,"Triggers": [],"Execution Time": 234.121}]
[{"Plan": {"Node Type": "Aggregate","Strategy": "Sorted","Partial Mode": "Finalize","Parallel Aware": false,"Async Capable": false,"Startup Cost": 52255.71,"Total Cost": 52291.13,"Plan Rows": 5,"Plan Width": 24,"Actual Startup Time": 211.972,"Actual Total Time": 236.561,"Actual Rows": 5,"Actual Loops": 1,"Group Key": ["orders.o_orderpriority"],"Plans": [{"Node Type": "Gather Merge","Parent Relationship": "Outer","Parallel Aware": false,"Async Capable": false,"Startup Cost": 52255.71,"Total Cost": 52291.01,"Plan Rows": 15,"Plan Width": 24,"Actual Startup Time": 211.618,"Actual Total Time": 236.530,"Actual Rows": 20,"Actual Loops": 1,"Workers Planned": 3,"Workers Launched": 3,"Plans": [{"Node Type": "Aggregate","Strategy": "Sorted","Partial Mode": "Partial","Parent Relationship": "Outer","Parallel Aware": false,"Async Capable": false,"Startup Cost": 51255.67,"Total Cost": 51289.20,"Plan Rows": 5,"Plan Width": 24,"Actual Startup Time": 202.468,"Actual Total Time": 203.726,"Actual Rows": 5,"Actual Loops": 4,"Group Key": ["orders.o_orderpriority"],"Workers": [],"Plans": [{"Node Type": "Sort","Parent Relationship": "Outer","Parallel Aware": false,"Async Capable": false,"Startup Cost": 51255.67,"Total Cost": 51266.83,"Plan Rows": 4465,"Plan Width": 16,"Actual Startup Time": 202.127,"Actual Total Time": 202.650,"Actual Rows": 13181,"Actual Loops": 4,"Sort Key": ["orders.o_orderpriority"],"Sort Method": "quicksort","Sort Space Used": 1096,"Sort Space Type": "Memory","Workers": [{"Worker Number": 0,"Sort Method": "quicksort","Sort Space Used": 1118,"Sort Space Type": "Memory"},{"Worker Number": 1,"Sort Method": "quicksort","Sort Space Used": 1123,"Sort Space Type": "Memory"},{"Worker Number": 2,"Sort Method": "quicksort","Sort Space Used": 1084,"Sort Space Type": "Memory"}],"Plans": [{"Node Type": "Nested Loop","Parent Relationship": "Outer","Parallel Aware": false,"Async Capable": false,"Join Type": "Semi","Startup Cost": 806.21,"Total Cost": 50984.99,"Plan Rows": 4465,"Plan Width": 16,"Actual Startup Time": 5.123,"Actual Total Time": 195.709,"Actual Rows": 13181,"Actual Loops": 4,"Inner Unique": false,"Workers": [],"Plans": [{"Node Type": "Bitmap Heap Scan","Parent Relationship": "Outer","Parallel Aware": true,"Async Capable": false,"Relation Name": "orders","Alias": "orders","Startup Cost": 805.78,"Total Cost": 27182.77,"Plan Rows": 18799,"Plan Width": 20,"Actual Startup Time": 5.001,"Actual Total Time": 57.882,"Actual Rows": 14368,"Actual Loops": 4,"Recheck Cond": "((o_orderdate >= '1994-06-01'::date) AND (o_orderdate < '1994-09-01 00:00:00'::timestamp without time zone))","Rows Removed by Index Recheck": 0,"Exact Heap Blocks": 5811,"Lossy Heap Blocks": 0,"Workers": [],"Plans": [{"Node Type": "Bitmap Index Scan","Parent Relationship": "Outer","Parallel Aware": false,"Async Capable": false,"Index Name": "idx_orders_orderdate","Startup Cost": 0.00,"Total Cost": 791.21,"Plan Rows": 58278,"Plan Width": 0,"Actual Startup Time": 8.690,"Actual Total Time": 8.694,"Actual Rows": 57474,"Actual Loops": 1,"Index Cond": "((o_orderdate >= '1994-06-01'::date) AND (o_orderdate < '1994-09-01 00:00:00'::timestamp without time zone))","Workers": []}]},{"Node Type": "Index Scan","Parent Relationship": "Inner","Parallel Aware": false,"Async Capable": false,"Scan Direction": "Forward","Index Name": "idx_lineitem_orderkey","Relation Name": "lineitem","Alias": "lineitem","Startup Cost": 0.43,"Total Cost": 4.60,"Plan Rows": 6,"Plan Width": 4,"Actual Startup Time": 0.009,"Actual Total Time": 0.009,"Actual Rows": 1,"Actual Loops": 57474,"Index Cond": "(l_orderkey = orders.o_orderkey)","Rows Removed by Index Recheck": 0,"Filter": "(l_commitdate < l_receiptdate)","Rows Removed by Filter": 1,"Workers": []}]}]}]}]}]},"Planning Time": 5.449,"Triggers": [],"Execution Time": 237.068}]
[{"Plan": {"Node Type": "Aggregate","Strategy": "Sorted","Partial Mode": "Finalize","Parallel Aware": false,"Async Capable": false,"Startup Cost": 52878.76,"Total Cost": 52915.21,"Plan Rows": 5,"Plan Width": 24,"Actual Startup Time": 206.138,"Actual Total Time": 230.308,"Actual Rows": 5,"Actual Loops": 1,"Group Key": ["orders.o_orderpriority"],"Plans": [{"Node Type": "Gather Merge","Parent Relationship": "Outer","Parallel Aware": false,"Async Capable": false,"Startup Cost": 52878.76,"Total Cost": 52915.09,"Plan Rows": 15,"Plan Width": 24,"Actual Startup Time": 205.742,"Actual Total Time": 230.279,"Actual Rows": 20,"Actual Loops": 1,"Workers Planned": 3,"Workers Launched": 3,"Plans": [{"Node Type": "Aggregate","Strategy": "Sorted","Partial Mode": "Partial","Parent Relationship": "Outer","Parallel Aware": false,"Async Capable": false,"Startup Cost": 51878.72,"Total Cost": 51913.28,"Plan Rows": 5,"Plan Width": 24,"Actual Startup Time": 197.132,"Actual Total Time": 198.393,"Actual Rows": 5,"Actual Loops": 4,"Group Key": ["orders.o_orderpriority"],"Workers": [],"Plans": [{"Node Type": "Sort","Parent Relationship": "Outer","Parallel Aware": false,"Async Capable": false,"Startup Cost": 51878.72,"Total Cost": 51890.22,"Plan Rows": 4602,"Plan Width": 16,"Actual Startup Time": 196.786,"Actual Total Time": 197.332,"Actual Rows": 12987,"Actual Loops": 4,"Sort Key": ["orders.o_orderpriority"],"Sort Method": "quicksort","Sort Space Used": 1094,"Sort Space Type": "Memory","Workers": [{"Worker Number": 0,"Sort Method": "quicksort","Sort Space Used": 1099,"Sort Space Type": "Memory"},{"Worker Number": 1,"Sort Method": "quicksort","Sort Space Used": 1080,"Sort Space Type": "Memory"},{"Worker Number": 2,"Sort Method": "quicksort","Sort Space Used": 1106,"Sort Space Type": "Memory"}],"Plans": [{"Node Type": "Nested Loop","Parent Relationship": "Outer","Parallel Aware": false,"Async Capable": false,"Join Type": "Semi","Startup Cost": 832.55,"Total Cost": 51598.73,"Plan Rows": 4602,"Plan Width": 16,"Actual Startup Time": 5.235,"Actual Total Time": 190.462,"Actual Rows": 12987,"Actual Loops": 4,"Inner Unique": false,"Workers": [],"Plans": [{"Node Type": "Bitmap Heap Scan","Parent Relationship": "Outer","Parallel Aware": true,"Async Capable": false,"Relation Name": "orders","Alias": "orders","Startup Cost": 832.11,"Total Cost": 27217.76,"Plan Rows": 19376,"Plan Width": 20,"Actual Startup Time": 5.080,"Actual Total Time": 55.913,"Actual Rows": 14144,"Actual Loops": 4,"Recheck Cond": "((o_orderdate >= '1994-12-01'::date) AND (o_orderdate < '1995-03-01 00:00:00'::timestamp without time zone))","Rows Removed by Index Recheck": 0,"Exact Heap Blocks": 5787,"Lossy Heap Blocks": 0,"Workers": [],"Plans": [{"Node Type": "Bitmap Index Scan","Parent Relationship": "Outer","Parallel Aware": false,"Async Capable": false,"Index Name": "idx_orders_orderdate","Startup Cost": 0.00,"Total Cost": 817.10,"Plan Rows": 60067,"Plan Width": 0,"Actual Startup Time": 8.297,"Actual Total Time": 8.300,"Actual Rows": 56577,"Actual Loops": 1,"Index Cond": "((o_orderdate >= '1994-12-01'::date) AND (o_orderdate < '1995-03-01 00:00:00'::timestamp without time zone))","Workers": []}]},{"Node Type": "Index Scan","Parent Relationship": "Inner","Parallel Aware": false,"Async Capable": false,"Scan Direction": "Forward","Index Name": "idx_lineitem_orderkey","Relation Name": "lineitem","Alias": "lineitem","Startup Cost": 0.43,"Total Cost": 4.56,"Plan Rows": 6,"Plan Width": 4,"Actual Startup Time": 0.009,"Actual Total Time": 0.009,"Actual Rows": 1,"Actual Loops": 56577,"Index Cond": "(l_orderkey = orders.o_orderkey)","Rows Removed by Index Recheck": 0,"Filter": "(l_commitdate < l_receiptdate)","Rows Removed by Filter": 1,"Workers": []}]}]}]}]}]},"Planning Time": 4.514,"Triggers": [],"Execution Time": 231.040}]
[{"Plan": {"Node Type": "Aggregate","Strategy": "Sorted","Partial Mode": "Finalize","Parallel Aware": false,"Async Capable": false,"Startup Cost": 52009.08,"Total Cost": 52044.09,"Plan Rows": 5,"Plan Width": 24,"Actual Startup Time": 215.869,"Actual Total Time": 240.226,"Actual Rows": 5,"Actual Loops": 1,"Group Key": ["orders.o_orderpriority"],"Plans": [{"Node Type": "Gather Merge","Parent Relationship": "Outer","Parallel Aware": false,"Async Capable": false,"Startup Cost": 52009.08,"Total Cost": 52043.97,"Plan Rows": 15,"Plan Width": 24,"Actual Startup Time": 215.457,"Actual Total Time": 240.206,"Actual Rows": 20,"Actual Loops": 1,"Workers Planned": 3,"Workers Launched": 3,"Plans": [{"Node Type": "Aggregate","Strategy": "Sorted","Partial Mode": "Partial","Parent Relationship": "Outer","Parallel Aware": false,"Async Capable": false,"Startup Cost": 51009.04,"Total Cost": 51042.16,"Plan Rows": 5,"Plan Width": 24,"Actual Startup Time": 207.183,"Actual Total Time": 208.446,"Actual Rows": 5,"Actual Loops": 4,"Group Key": ["orders.o_orderpriority"],"Workers": [],"Plans": [{"Node Type": "Sort","Parent Relationship": "Outer","Parallel Aware": false,"Async Capable": false,"Startup Cost": 51009.04,"Total Cost": 51020.06,"Plan Rows": 4410,"Plan Width": 16,"Actual Startup Time": 206.806,"Actual Total Time": 207.370,"Actual Rows": 13098,"Actual Loops": 4,"Sort Key": ["orders.o_orderpriority"],"Sort Method": "quicksort","Sort Space Used": 1123,"Sort Space Type": "Memory","Workers": [{"Worker Number": 0,"Sort Method": "quicksort","Sort Space Used": 1108,"Sort Space Type": "Memory"},{"Worker Number": 1,"Sort Method": "quicksort","Sort Space Used": 1075,"Sort Space Type": "Memory"},{"Worker Number": 2,"Sort Method": "quicksort","Sort Space Used": 1097,"Sort Space Type": "Memory"}],"Plans": [{"Node Type": "Nested Loop","Parent Relationship": "Outer","Parallel Aware": false,"Async Capable": false,"Join Type": "Semi","Startup Cost": 798.90,"Total Cost": 50742.09,"Plan Rows": 4410,"Plan Width": 16,"Actual Startup Time": 7.655,"Actual Total Time": 200.298,"Actual Rows": 13098,"Actual Loops": 4,"Inner Unique": false,"Workers": [],"Plans": [{"Node Type": "Bitmap Heap Scan","Parent Relationship": "Outer","Parallel Aware": true,"Async Capable": false,"Relation Name": "orders","Alias": "orders","Startup Cost": 798.47,"Total Cost": 27172.01,"Plan Rows": 18569,"Plan Width": 20,"Actual Startup Time": 7.548,"Actual Total Time": 58.251,"Actual Rows": 14284,"Actual Loops": 4,"Recheck Cond": "((o_orderdate >= '1993-08-01'::date) AND (o_orderdate < '1993-11-01 00:00:00'::timestamp without time zone))","Rows Removed by Index Recheck": 0,"Exact Heap Blocks": 5961,"Lossy Heap Blocks": 0,"Workers": [],"Plans": [{"Node Type": "Bitmap Index Scan","Parent Relationship": "Outer","Parallel Aware": false,"Async Capable": false,"Index Name": "idx_orders_orderdate","Startup Cost": 0.00,"Total Cost": 784.08,"Plan Rows": 57565,"Plan Width": 0,"Actual Startup Time": 10.621,"Actual Total Time": 10.624,"Actual Rows": 57138,"Actual Loops": 1,"Index Cond": "((o_orderdate >= '1993-08-01'::date) AND (o_orderdate < '1993-11-01 00:00:00'::timestamp without time zone))","Workers": []}]},{"Node Type": "Index Scan","Parent Relationship": "Inner","Parallel Aware": false,"Async Capable": false,"Scan Direction": "Forward","Index Name": "idx_lineitem_orderkey","Relation Name": "lineitem","Alias": "lineitem","Startup Cost": 0.43,"Total Cost": 4.62,"Plan Rows": 6,"Plan Width": 4,"Actual Startup Time": 0.010,"Actual Total Time": 0.010,"Actual Rows": 1,"Actual Loops": 57138,"Index Cond": "(l_orderkey = orders.o_orderkey)","Rows Removed by Index Recheck": 0,"Filter": "(l_commitdate < l_receiptdate)","Rows Removed by Filter": 1,"Workers": []}]}]}]}]}]},"Planning Time": 4.337,"Triggers": [],"Execution Time": 240.936}]
[{"Plan": {"Node Type": "Aggregate","Strategy": "Sorted","Partial Mode": "Finalize","Parallel Aware": false,"Async Capable": false,"Startup Cost": 52264.46,"Total Cost": 52299.90,"Plan Rows": 5,"Plan Width": 24,"Actual Startup Time": 210.297,"Actual Total Time": 234.648,"Actual Rows": 5,"Actual Loops": 1,"Group Key": ["orders.o_orderpriority"],"Plans": [{"Node Type": "Gather Merge","Parent Relationship": "Outer","Parallel Aware": false,"Async Capable": false,"Startup Cost": 52264.46,"Total Cost": 52299.77,"Plan Rows": 15,"Plan Width": 24,"Actual Startup Time": 209.879,"Actual Total Time": 234.625,"Actual Rows": 20,"Actual Loops": 1,"Workers Planned": 3,"Workers Launched": 3,"Plans": [{"Node Type": "Aggregate","Strategy": "Sorted","Partial Mode": "Partial","Parent Relationship": "Outer","Parallel Aware": false,"Async Capable": false,"Startup Cost": 51264.42,"Total Cost": 51297.97,"Plan Rows": 5,"Plan Width": 24,"Actual Startup Time": 201.395,"Actual Total Time": 202.644,"Actual Rows": 5,"Actual Loops": 4,"Group Key": ["orders.o_orderpriority"],"Workers": [],"Plans": [{"Node Type": "Sort","Parent Relationship": "Outer","Parallel Aware": false,"Async Capable": false,"Startup Cost": 51264.42,"Total Cost": 51275.58,"Plan Rows": 4467,"Plan Width": 16,"Actual Startup Time": 201.050,"Actual Total Time": 201.573,"Actual Rows": 13170,"Actual Loops": 4,"Sort Key": ["orders.o_orderpriority"],"Sort Method": "quicksort","Sort Space Used": 1096,"Sort Space Type": "Memory","Workers": [{"Worker Number": 0,"Sort Method": "quicksort","Sort Space Used": 1115,"Sort Space Type": "Memory"},{"Worker Number": 1,"Sort Method": "quicksort","Sort Space Used": 1087,"Sort Space Type": "Memory"},{"Worker Number": 2,"Sort Method": "quicksort","Sort Space Used": 1121,"Sort Space Type": "Memory"}],"Plans": [{"Node Type": "Nested Loop","Parent Relationship": "Outer","Parallel Aware": false,"Async Capable": false,"Join Type": "Semi","Startup Cost": 806.45,"Total Cost": 50993.60,"Plan Rows": 4467,"Plan Width": 16,"Actual Startup Time": 6.115,"Actual Total Time": 194.584,"Actual Rows": 13170,"Actual Loops": 4,"Inner Unique": false,"Workers": [],"Plans": [{"Node Type": "Bitmap Heap Scan","Parent Relationship": "Outer","Parallel Aware": true,"Async Capable": false,"Relation Name": "orders","Alias": "orders","Startup Cost": 806.01,"Total Cost": 27183.11,"Plan Rows": 18807,"Plan Width": 20,"Actual Startup Time": 5.968,"Actual Total Time": 57.641,"Actual Rows": 14355,"Actual Loops": 4,"Recheck Cond": "((o_orderdate >= '1994-03-01'::date) AND (o_orderdate < '1994-06-01 00:00:00'::timestamp without time zone))","Rows Removed by Index Recheck": 0,"Exact Heap Blocks": 5803,"Lossy Heap Blocks": 0,"Workers": [],"Plans": [{"Node Type": "Bitmap Index Scan","Parent Relationship": "Outer","Parallel Aware": false,"Async Capable": false,"Index Name": "idx_orders_orderdate","Startup Cost": 0.00,"Total Cost": 791.44,"Plan Rows": 58301,"Plan Width": 0,"Actual Startup Time": 8.953,"Actual Total Time": 8.953,"Actual Rows": 57420,"Actual Loops": 1,"Index Cond": "((o_orderdate >= '1994-03-01'::date) AND (o_orderdate < '1994-06-01 00:00:00'::timestamp without time zone))","Workers": []}]},{"Node Type": "Index Scan","Parent Relationship": "Inner","Parallel Aware": false,"Async Capable": false,"Scan Direction": "Forward","Index Name": "idx_lineitem_orderkey","Relation Name": "lineitem","Alias": "lineitem","Startup Cost": 0.43,"Total Cost": 4.60,"Plan Rows": 6,"Plan Width": 4,"Actual Startup Time": 0.009,"Actual Total Time": 0.009,"Actual Rows": 1,"Actual Loops": 57420,"Index Cond": "(l_orderkey = orders.o_orderkey)","Rows Removed by Index Recheck": 0,"Filter": "(l_commitdate < l_receiptdate)","Rows Removed by Filter": 1,"Workers": []}]}]}]}]}]},"Planning Time": 4.194,"Triggers": [],"Execution Time": 235.354}]
[{"Plan": {"Node Type": "Aggregate","Strategy": "Sorted","Partial Mode": "Finalize","Parallel Aware": false,"Async Capable": false,"Startup Cost": 51626.70,"Total Cost": 51661.08,"Plan Rows": 5,"Plan Width": 24,"Actual Startup Time": 210.062,"Actual Total Time": 234.290,"Actual Rows": 5,"Actual Loops": 1,"Group Key": ["orders.o_orderpriority"],"Plans": [{"Node Type": "Gather Merge","Parent Relationship": "Outer","Parallel Aware": false,"Async Capable": false,"Startup Cost": 51626.70,"Total Cost": 51660.96,"Plan Rows": 15,"Plan Width": 24,"Actual Startup Time": 209.701,"Actual Total Time": 234.253,"Actual Rows": 20,"Actual Loops": 1,"Workers Planned": 3,"Workers Launched": 3,"Plans": [{"Node Type": "Aggregate","Strategy": "Sorted","Partial Mode": "Partial","Parent Relationship": "Outer","Parallel Aware": false,"Async Capable": false,"Startup Cost": 50626.66,"Total Cost": 50659.15,"Plan Rows": 5,"Plan Width": 24,"Actual Startup Time": 198.769,"Actual Total Time": 200.147,"Actual Rows": 5,"Actual Loops": 4,"Group Key": ["orders.o_orderpriority"],"Workers": [],"Plans": [{"Node Type": "Sort","Parent Relationship": "Outer","Parallel Aware": false,"Async Capable": false,"Startup Cost": 50626.66,"Total Cost": 50637.47,"Plan Rows": 4326,"Plan Width": 16,"Actual Startup Time": 198.377,"Actual Total Time": 198.979,"Actual Rows": 13139,"Actual Loops": 4,"Sort Key": ["orders.o_orderpriority"],"Sort Method": "quicksort","Sort Space Used": 1065,"Sort Space Type": "Memory","Workers": [{"Worker Number": 0,"Sort Method": "quicksort","Sort Space Used": 1124,"Sort Space Type": "Memory"},{"Worker Number": 1,"Sort Method": "quicksort","Sort Space Used": 1112,"Sort Space Type": "Memory"},{"Worker Number": 2,"Sort Method": "quicksort","Sort Space Used": 1111,"Sort Space Type": "Memory"}],"Plans": [{"Node Type": "Nested Loop","Parent Relationship": "Outer","Parallel Aware": false,"Async Capable": false,"Join Type": "Semi","Startup Cost": 783.69,"Total Cost": 50365.39,"Plan Rows": 4326,"Plan Width": 16,"Actual Startup Time": 5.235,"Actual Total Time": 191.510,"Actual Rows": 13139,"Actual Loops": 4,"Inner Unique": false,"Workers": [],"Plans": [{"Node Type": "Bitmap Heap Scan","Parent Relationship": "Outer","Parallel Aware": true,"Async Capable": false,"Relation Name": "orders","Alias": "orders","Startup Cost": 783.26,"Total Cost": 27151.50,"Plan Rows": 18216,"Plan Width": 20,"Actual Startup Time": 5.108,"Actual Total Time": 56.376,"Actual Rows": 14340,"Actual Loops": 4,"Recheck Cond": "((o_orderdate >= '1997-07-01'::date) AND (o_orderdate < '1997-10-01 00:00:00'::timestamp without time zone))","Rows Removed by Index Recheck": 0,"Exact Heap Blocks": 5541,"Lossy Heap Blocks": 0,"Workers": [],"Plans": [{"Node Type": "Bitmap Index Scan","Parent Relationship": "Outer","Parallel Aware": false,"Async Capable": false,"Index Name": "idx_orders_orderdate","Startup Cost": 0.00,"Total Cost": 769.14,"Plan Rows": 56471,"Plan Width": 0,"Actual Startup Time": 8.934,"Actual Total Time": 8.936,"Actual Rows": 57359,"Actual Loops": 1,"Index Cond": "((o_orderdate >= '1997-07-01'::date) AND (o_orderdate < '1997-10-01 00:00:00'::timestamp without time zone))","Workers": []}]},{"Node Type": "Index Scan","Parent Relationship": "Inner","Parallel Aware": false,"Async Capable": false,"Scan Direction": "Forward","Index Name": "idx_lineitem_orderkey","Relation Name": "lineitem","Alias": "lineitem","Startup Cost": 0.43,"Total Cost": 4.64,"Plan Rows": 6,"Plan Width": 4,"Actual Startup Time": 0.009,"Actual Total Time": 0.009,"Actual Rows": 1,"Actual Loops": 57359,"Index Cond": "(l_orderkey = orders.o_orderkey)","Rows Removed by Index Recheck": 0,"Filter": "(l_commitdate < l_receiptdate)","Rows Removed by Filter": 1,"Workers": []}]}]}]}]}]},"Planning Time": 4.248,"Triggers": [],"Execution Time": 234.757}]
[{"Plan": {"Node Type": "Aggregate","Strategy": "Sorted","Partial Mode": "Finalize","Parallel Aware": false,"Async Capable": false,"Startup Cost": 50907.22,"Total Cost": 50940.43,"Plan Rows": 5,"Plan Width": 24,"Actual Startup Time": 204.875,"Actual Total Time": 229.245,"Actual Rows": 5,"Actual Loops": 1,"Group Key": ["orders.o_orderpriority"],"Plans": [{"Node Type": "Gather Merge","Parent Relationship": "Outer","Parallel Aware": false,"Async Capable": false,"Startup Cost": 50907.22,"Total Cost": 50940.30,"Plan Rows": 15,"Plan Width": 24,"Actual Startup Time": 204.487,"Actual Total Time": 229.210,"Actual Rows": 20,"Actual Loops": 1,"Workers Planned": 3,"Workers Launched": 3,"Plans": [{"Node Type": "Aggregate","Strategy": "Sorted","Partial Mode": "Partial","Parent Relationship": "Outer","Parallel Aware": false,"Async Capable": false,"Startup Cost": 49907.18,"Total Cost": 49938.50,"Plan Rows": 5,"Plan Width": 24,"Actual Startup Time": 195.859,"Actual Total Time": 197.107,"Actual Rows": 5,"Actual Loops": 4,"Group Key": ["orders.o_orderpriority"],"Workers": [],"Plans": [{"Node Type": "Sort","Parent Relationship": "Outer","Parallel Aware": false,"Async Capable": false,"Startup Cost": 49907.18,"Total Cost": 49917.60,"Plan Rows": 4170,"Plan Width": 16,"Actual Startup Time": 195.538,"Actual Total Time": 196.036,"Actual Rows": 13129,"Actual Loops": 4,"Sort Key": ["orders.o_orderpriority"],"Sort Method": "quicksort","Sort Space Used": 1092,"Sort Space Type": "Memory","Workers": [{"Worker Number": 0,"Sort Method": "quicksort","Sort Space Used": 1119,"Sort Space Type": "Memory"},{"Worker Number": 1,"Sort Method": "quicksort","Sort Space Used": 1082,"Sort Space Type": "Memory"},{"Worker Number": 2,"Sort Method": "quicksort","Sort Space Used": 1116,"Sort Space Type": "Memory"}],"Plans": [{"Node Type": "Nested Loop","Parent Relationship": "Outer","Parallel Aware": false,"Async Capable": false,"Join Type": "Semi","Startup Cost": 754.75,"Total Cost": 49656.44,"Plan Rows": 4170,"Plan Width": 16,"Actual Startup Time": 4.769,"Actual Total Time": 189.357,"Actual Rows": 13129,"Actual Loops": 4,"Inner Unique": false,"Workers": [],"Plans": [{"Node Type": "Bitmap Heap Scan","Parent Relationship": "Outer","Parallel Aware": true,"Async Capable": false,"Relation Name": "orders","Alias": "orders","Startup Cost": 754.31,"Total Cost": 27112.68,"Plan Rows": 17557,"Plan Width": 20,"Actual Startup Time": 4.640,"Actual Total Time": 54.547,"Actual Rows": 14334,"Actual Loops": 4,"Recheck Cond": "((o_orderdate >= '1995-10-01'::date) AND (o_orderdate < '1996-01-01 00:00:00'::timestamp without time zone))","Rows Removed by Index Recheck": 0,"Exact Heap Blocks": 5726,"Lossy Heap Blocks": 0,"Workers": [],"Plans": [{"Node Type": "Bitmap Index Scan","Parent Relationship": "Outer","Parallel Aware": false,"Async Capable": false,"Index Name": "idx_orders_orderdate","Startup Cost": 0.00,"Total Cost": 740.71,"Plan Rows": 54428,"Plan Width": 0,"Actual Startup Time": 8.057,"Actual Total Time": 8.058,"Actual Rows": 57337,"Actual Loops": 1,"Index Cond": "((o_orderdate >= '1995-10-01'::date) AND (o_orderdate < '1996-01-01 00:00:00'::timestamp without time zone))","Workers": []}]},{"Node Type": "Index Scan","Parent Relationship": "Inner","Parallel Aware": false,"Async Capable": false,"Scan Direction": "Forward","Index Name": "idx_lineitem_orderkey","Relation Name": "lineitem","Alias": "lineitem","Startup Cost": 0.43,"Total Cost": 4.69,"Plan Rows": 6,"Plan Width": 4,"Actual Startup Time": 0.009,"Actual Total Time": 0.009,"Actual Rows": 1,"Actual Loops": 57337,"Index Cond": "(l_orderkey = orders.o_orderkey)","Rows Removed by Index Recheck": 0,"Filter": "(l_commitdate < l_receiptdate)","Rows Removed by Filter": 1,"Workers": []}]}]}]}]}]},"Planning Time": 4.806,"Triggers": [],"Execution Time": 229.951}]
[{"Plan": {"Node Type": "Aggregate","Strategy": "Sorted","Partial Mode": "Finalize","Parallel Aware": false,"Async Capable": false,"Startup Cost": 52360.14,"Total Cost": 52395.74,"Plan Rows": 5,"Plan Width": 24,"Actual Startup Time": 218.398,"Actual Total Time": 242.149,"Actual Rows": 5,"Actual Loops": 1,"Group Key": ["orders.o_orderpriority"],"Plans": [{"Node Type": "Gather Merge","Parent Relationship": "Outer","Parallel Aware": false,"Async Capable": false,"Startup Cost": 52360.14,"Total Cost": 52395.61,"Plan Rows": 15,"Plan Width": 24,"Actual Startup Time": 217.957,"Actual Total Time": 242.120,"Actual Rows": 20,"Actual Loops": 1,"Workers Planned": 3,"Workers Launched": 3,"Plans": [{"Node Type": "Aggregate","Strategy": "Sorted","Partial Mode": "Partial","Parent Relationship": "Outer","Parallel Aware": false,"Async Capable": false,"Startup Cost": 51360.10,"Total Cost": 51393.81,"Plan Rows": 5,"Plan Width": 24,"Actual Startup Time": 208.723,"Actual Total Time": 209.994,"Actual Rows": 5,"Actual Loops": 4,"Group Key": ["orders.o_orderpriority"],"Workers": [],"Plans": [{"Node Type": "Sort","Parent Relationship": "Outer","Parallel Aware": false,"Async Capable": false,"Startup Cost": 51360.10,"Total Cost": 51371.32,"Plan Rows": 4488,"Plan Width": 16,"Actual Startup Time": 208.373,"Actual Total Time": 208.936,"Actual Rows": 13094,"Actual Loops": 4,"Sort Key": ["orders.o_orderpriority"],"Sort Method": "quicksort","Sort Space Used": 1037,"Sort Space Type": "Memory","Workers": [{"Worker Number": 0,"Sort Method": "quicksort","Sort Space Used": 1148,"Sort Space Type": "Memory"},{"Worker Number": 1,"Sort Method": "quicksort","Sort Space Used": 1153,"Sort Space Type": "Memory"},{"Worker Number": 2,"Sort Method": "quicksort","Sort Space Used": 1064,"Sort Space Type": "Memory"}],"Plans": [{"Node Type": "Nested Loop","Parent Relationship": "Outer","Parallel Aware": false,"Async Capable": false,"Join Type": "Semi","Startup Cost": 809.33,"Total Cost": 51087.86,"Plan Rows": 4488,"Plan Width": 16,"Actual Startup Time": 5.271,"Actual Total Time": 201.756,"Actual Rows": 13094,"Actual Loops": 4,"Inner Unique": false,"Workers": [],"Plans": [{"Node Type": "Bitmap Heap Scan","Parent Relationship": "Outer","Parallel Aware": true,"Async Capable": false,"Relation Name": "orders","Alias": "orders","Startup Cost": 808.89,"Total Cost": 27187.35,"Plan Rows": 18897,"Plan Width": 20,"Actual Startup Time": 5.170,"Actual Total Time": 58.210,"Actual Rows": 14270,"Actual Loops": 4,"Recheck Cond": "((o_orderdate >= '1996-09-01'::date) AND (o_orderdate < '1996-12-01 00:00:00'::timestamp without time zone))","Rows Removed by Index Recheck": 0,"Exact Heap Blocks": 5314,"Lossy Heap Blocks": 0,"Workers": [],"Plans": [{"Node Type": "Bitmap Index Scan","Parent Relationship": "Outer","Parallel Aware": false,"Async Capable": false,"Index Name": "idx_orders_orderdate","Startup Cost": 0.00,"Total Cost": 794.25,"Plan Rows": 58582,"Plan Width": 0,"Actual Startup Time": 8.967,"Actual Total Time": 8.968,"Actual Rows": 57079,"Actual Loops": 1,"Index Cond": "((o_orderdate >= '1996-09-01'::date) AND (o_orderdate < '1996-12-01 00:00:00'::timestamp without time zone))","Workers": []}]},{"Node Type": "Index Scan","Parent Relationship": "Inner","Parallel Aware": false,"Async Capable": false,"Scan Direction": "Forward","Index Name": "idx_lineitem_orderkey","Relation Name": "lineitem","Alias": "lineitem","Startup Cost": 0.43,"Total Cost": 4.60,"Plan Rows": 6,"Plan Width": 4,"Actual Startup Time": 0.010,"Actual Total Time": 0.010,"Actual Rows": 1,"Actual Loops": 57079,"Index Cond": "(l_orderkey = orders.o_orderkey)","Rows Removed by Index Recheck": 0,"Filter": "(l_commitdate < l_receiptdate)","Rows Removed by Filter": 1,"Workers": []}]}]}]}]}]},"Planning Time": 5.626,"Triggers": [],"Execution Time": 242.714}]
[{"Plan": {"Node Type": "Aggregate","Strategy": "Sorted","Partial Mode": "Finalize","Parallel Aware": false,"Async Capable": false,"Startup Cost": 51060.97,"Total Cost": 51094.44,"Plan Rows": 5,"Plan Width": 24,"Actual Startup Time": 208.763,"Actual Total Time": 232.565,"Actual Rows": 5,"Actual Loops": 1,"Group Key": ["orders.o_orderpriority"],"Plans": [{"Node Type": "Gather Merge","Parent Relationship": "Outer","Parallel Aware": false,"Async Capable": false,"Startup Cost": 51060.97,"Total Cost": 51094.31,"Plan Rows": 15,"Plan Width": 24,"Actual Startup Time": 208.330,"Actual Total Time": 232.538,"Actual Rows": 20,"Actual Loops": 1,"Workers Planned": 3,"Workers Launched": 3,"Plans": [{"Node Type": "Aggregate","Strategy": "Sorted","Partial Mode": "Partial","Parent Relationship": "Outer","Parallel Aware": false,"Async Capable": false,"Startup Cost": 50060.93,"Total Cost": 50092.51,"Plan Rows": 5,"Plan Width": 24,"Actual Startup Time": 199.165,"Actual Total Time": 200.386,"Actual Rows": 5,"Actual Loops": 4,"Group Key": ["orders.o_orderpriority"],"Workers": [],"Plans": [{"Node Type": "Sort","Parent Relationship": "Outer","Parallel Aware": false,"Async Capable": false,"Startup Cost": 50060.93,"Total Cost": 50071.44,"Plan Rows": 4204,"Plan Width": 16,"Actual Startup Time": 198.803,"Actual Total Time": 199.328,"Actual Rows": 12782,"Actual Loops": 4,"Sort Key": ["orders.o_orderpriority"],"Sort Method": "quicksort","Sort Space Used": 1045,"Sort Space Type": "Memory","Workers": [{"Worker Number": 0,"Sort Method": "quicksort","Sort Space Used": 1115,"Sort Space Type": "Memory"},{"Worker Number": 1,"Sort Method": "quicksort","Sort Space Used": 1122,"Sort Space Type": "Memory"},{"Worker Number": 2,"Sort Method": "quicksort","Sort Space Used": 1052,"Sort Space Type": "Memory"}],"Plans": [{"Node Type": "Nested Loop","Parent Relationship": "Outer","Parallel Aware": false,"Async Capable": false,"Join Type": "Semi","Startup Cost": 759.26,"Total Cost": 49807.90,"Plan Rows": 4204,"Plan Width": 16,"Actual Startup Time": 4.671,"Actual Total Time": 192.469,"Actual Rows": 12782,"Actual Loops": 4,"Inner Unique": false,"Workers": [],"Plans": [{"Node Type": "Bitmap Heap Scan","Parent Relationship": "Outer","Parallel Aware": true,"Async Capable": false,"Relation Name": "orders","Alias": "orders","Startup Cost": 758.82,"Total Cost": 27119.31,"Plan Rows": 17699,"Plan Width": 20,"Actual Startup Time": 4.522,"Actual Total Time": 56.148,"Actual Rows": 13946,"Actual Loops": 4,"Recheck Cond": "((o_orderdate >= '1997-01-01'::date) AND (o_orderdate < '1997-04-01 00:00:00'::timestamp without time zone))","Rows Removed by Index Recheck": 0,"Exact Heap Blocks": 5517,"Lossy Heap Blocks": 0,"Workers": [],"Plans": [{"Node Type": "Bitmap Index Scan","Parent Relationship": "Outer","Parallel Aware": false,"Async Capable": false,"Index Name": "idx_orders_orderdate","Startup Cost": 0.00,"Total Cost": 745.11,"Plan Rows": 54868,"Plan Width": 0,"Actual Startup Time": 8.317,"Actual Total Time": 8.318,"Actual Rows": 55784,"Actual Loops": 1,"Index Cond": "((o_orderdate >= '1997-01-01'::date) AND (o_orderdate < '1997-04-01 00:00:00'::timestamp without time zone))","Workers": []}]},{"Node Type": "Index Scan","Parent Relationship": "Inner","Parallel Aware": false,"Async Capable": false,"Scan Direction": "Forward","Index Name": "idx_lineitem_orderkey","Relation Name": "lineitem","Alias": "lineitem","Startup Cost": 0.43,"Total Cost": 4.68,"Plan Rows": 6,"Plan Width": 4,"Actual Startup Time": 0.009,"Actual Total Time": 0.009,"Actual Rows": 1,"Actual Loops": 55784,"Index Cond": "(l_orderkey = orders.o_orderkey)","Rows Removed by Index Recheck": 0,"Filter": "(l_commitdate < l_receiptdate)","Rows Removed by Filter": 1,"Workers": []}]}]}]}]}]},"Planning Time": 4.572,"Triggers": [],"Execution Time": 233.189}]
[{"Plan": {"Node Type": "Aggregate","Strategy": "Sorted","Partial Mode": "Finalize","Parallel Aware": false,"Async Capable": false,"Startup Cost": 52037.63,"Total Cost": 52072.69,"Plan Rows": 5,"Plan Width": 24,"Actual Startup Time": 212.830,"Actual Total Time": 236.528,"Actual Rows": 5,"Actual Loops": 1,"Group Key": ["orders.o_orderpriority"],"Plans": [{"Node Type": "Gather Merge","Parent Relationship": "Outer","Parallel Aware": false,"Async Capable": false,"Startup Cost": 52037.63,"Total Cost": 52072.57,"Plan Rows": 15,"Plan Width": 24,"Actual Startup Time": 212.437,"Actual Total Time": 236.500,"Actual Rows": 20,"Actual Loops": 1,"Workers Planned": 3,"Workers Launched": 3,"Plans": [{"Node Type": "Aggregate","Strategy": "Sorted","Partial Mode": "Partial","Parent Relationship": "Outer","Parallel Aware": false,"Async Capable": false,"Startup Cost": 51037.59,"Total Cost": 51070.76,"Plan Rows": 5,"Plan Width": 24,"Actual Startup Time": 203.518,"Actual Total Time": 204.792,"Actual Rows": 5,"Actual Loops": 4,"Group Key": ["orders.o_orderpriority"],"Workers": [],"Plans": [{"Node Type": "Sort","Parent Relationship": "Outer","Parallel Aware": false,"Async Capable": false,"Startup Cost": 51037.59,"Total Cost": 51048.63,"Plan Rows": 4416,"Plan Width": 16,"Actual Startup Time": 203.163,"Actual Total Time": 203.707,"Actual Rows": 13164,"Actual Loops": 4,"Sort Key": ["orders.o_orderpriority"],"Sort Method": "quicksort","Sort Space Used": 1110,"Sort Space Type": "Memory","Workers": [{"Worker Number": 0,"Sort Method": "quicksort","Sort Space Used": 1102,"Sort Space Type": "Memory"},{"Worker Number": 1,"Sort Method": "quicksort","Sort Space Used": 1107,"Sort Space Type": "Memory"},{"Worker Number": 2,"Sort Method": "quicksort","Sort Space Used": 1099,"Sort Space Type": "Memory"}],"Plans": [{"Node Type": "Nested Loop","Parent Relationship": "Outer","Parallel Aware": false,"Async Capable": false,"Join Type": "Semi","Startup Cost": 799.70,"Total Cost": 50770.24,"Plan Rows": 4416,"Plan Width": 16,"Actual Startup Time": 4.932,"Actual Total Time": 196.801,"Actual Rows": 13164,"Actual Loops": 4,"Inner Unique": false,"Workers": [],"Plans": [{"Node Type": "Bitmap Heap Scan","Parent Relationship": "Outer","Parallel Aware": true,"Async Capable": false,"Relation Name": "orders","Alias": "orders","Startup Cost": 799.27,"Total Cost": 27173.19,"Plan Rows": 18595,"Plan Width": 20,"Actual Startup Time": 4.824,"Actual Total Time": 59.298,"Actual Rows": 14333,"Actual Loops": 4,"Recheck Cond": "((o_orderdate >= '1993-11-01'::date) AND (o_orderdate < '1994-02-01 00:00:00'::timestamp without time zone))","Rows Removed by Index Recheck": 0,"Exact Heap Blocks": 5948,"Lossy Heap Blocks": 0,"Workers": [],"Plans": [{"Node Type": "Bitmap Index Scan","Parent Relationship": "Outer","Parallel Aware": false,"Async Capable": false,"Index Name": "idx_orders_orderdate","Startup Cost": 0.00,"Total Cost": 784.86,"Plan Rows": 57643,"Plan Width": 0,"Actual Startup Time": 8.442,"Actual Total Time": 8.444,"Actual Rows": 57332,"Actual Loops": 1,"Index Cond": "((o_orderdate >= '1993-11-01'::date) AND (o_orderdate < '1994-02-01 00:00:00'::timestamp without time zone))","Workers": []}]},{"Node Type": "Index Scan","Parent Relationship": "Inner","Parallel Aware": false,"Async Capable": false,"Scan Direction": "Forward","Index Name": "idx_lineitem_orderkey","Relation Name": "lineitem","Alias": "lineitem","Startup Cost": 0.43,"Total Cost": 4.62,"Plan Rows": 6,"Plan Width": 4,"Actual Startup Time": 0.009,"Actual Total Time": 0.009,"Actual Rows": 1,"Actual Loops": 57332,"Index Cond": "(l_orderkey = orders.o_orderkey)","Rows Removed by Index Recheck": 0,"Filter": "(l_commitdate < l_receiptdate)","Rows Removed by Filter": 1,"Workers": []}]}]}]}]}]},"Planning Time": 5.578,"Triggers": [],"Execution Time": 237.012}]
[{"Plan": {"Node Type": "Aggregate","Strategy": "Sorted","Partial Mode": "Finalize","Parallel Aware": false,"Async Capable": false,"Startup Cost": 51546.43,"Total Cost": 51580.69,"Plan Rows": 5,"Plan Width": 24,"Actual Startup Time": 219.803,"Actual Total Time": 243.288,"Actual Rows": 5,"Actual Loops": 1,"Group Key": ["orders.o_orderpriority"],"Plans": [{"Node Type": "Gather Merge","Parent Relationship": "Outer","Parallel Aware": false,"Async Capable": false,"Startup Cost": 51546.43,"Total Cost": 51580.56,"Plan Rows": 15,"Plan Width": 24,"Actual Startup Time": 219.430,"Actual Total Time": 243.257,"Actual Rows": 20,"Actual Loops": 1,"Workers Planned": 3,"Workers Launched": 3,"Plans": [{"Node Type": "Aggregate","Strategy": "Sorted","Partial Mode": "Partial","Parent Relationship": "Outer","Parallel Aware": false,"Async Capable": false,"Startup Cost": 50546.39,"Total Cost": 50578.76,"Plan Rows": 5,"Plan Width": 24,"Actual Startup Time": 209.874,"Actual Total Time": 211.124,"Actual Rows": 5,"Actual Loops": 4,"Group Key": ["orders.o_orderpriority"],"Workers": [],"Plans": [{"Node Type": "Sort","Parent Relationship": "Outer","Parallel Aware": false,"Async Capable": false,"Startup Cost": 50546.39,"Total Cost": 50557.16,"Plan Rows": 4310,"Plan Width": 16,"Actual Startup Time": 209.522,"Actual Total Time": 210.038,"Actual Rows": 13218,"Actual Loops": 4,"Sort Key": ["orders.o_orderpriority"],"Sort Method": "quicksort","Sort Space Used": 1074,"Sort Space Type": "Memory","Workers": [{"Worker Number": 0,"Sort Method": "quicksort","Sort Space Used": 1069,"Sort Space Type": "Memory"},{"Worker Number": 1,"Sort Method": "quicksort","Sort Space Used": 1138,"Sort Space Type": "Memory"},{"Worker Number": 2,"Sort Method": "quicksort","Sort Space Used": 1148,"Sort Space Type": "Memory"}],"Plans": [{"Node Type": "Nested Loop","Parent Relationship": "Outer","Parallel Aware": false,"Async Capable": false,"Join Type": "Semi","Startup Cost": 777.41,"Total Cost": 50286.20,"Plan Rows": 4310,"Plan Width": 16,"Actual Startup Time": 4.922,"Actual Total Time": 202.949,"Actual Rows": 13218,"Actual Loops": 4,"Inner Unique": false,"Workers": [],"Plans": [{"Node Type": "Bitmap Heap Scan","Parent Relationship": "Outer","Parallel Aware": true,"Async Capable": false,"Relation Name": "orders","Alias": "orders","Startup Cost": 776.98,"Total Cost": 27144.15,"Plan Rows": 18145,"Plan Width": 20,"Actual Startup Time": 4.807,"Actual Total Time": 59.857,"Actual Rows": 14422,"Actual Loops": 4,"Recheck Cond": "((o_orderdate >= '1995-05-01'::date) AND (o_orderdate < '1995-08-01 00:00:00'::timestamp without time zone))","Rows Removed by Index Recheck": 0,"Exact Heap Blocks": 5616,"Lossy Heap Blocks": 0,"Workers": [],"Plans": [{"Node Type": "Bitmap Index Scan","Parent Relationship": "Outer","Parallel Aware": false,"Async Capable": false,"Index Name": "idx_orders_orderdate","Startup Cost": 0.00,"Total Cost": 762.92,"Plan Rows": 56249,"Plan Width": 0,"Actual Startup Time": 8.621,"Actual Total Time": 8.621,"Actual Rows": 57687,"Actual Loops": 1,"Index Cond": "((o_orderdate >= '1995-05-01'::date) AND (o_orderdate < '1995-08-01 00:00:00'::timestamp without time zone))","Workers": []}]},{"Node Type": "Index Scan","Parent Relationship": "Inner","Parallel Aware": false,"Async Capable": false,"Scan Direction": "Forward","Index Name": "idx_lineitem_orderkey","Relation Name": "lineitem","Alias": "lineitem","Startup Cost": 0.43,"Total Cost": 4.65,"Plan Rows": 6,"Plan Width": 4,"Actual Startup Time": 0.010,"Actual Total Time": 0.010,"Actual Rows": 1,"Actual Loops": 57687,"Index Cond": "(l_orderkey = orders.o_orderkey)","Rows Removed by Index Recheck": 0,"Filter": "(l_commitdate < l_receiptdate)","Rows Removed by Filter": 1,"Workers": []}]}]}]}]}]},"Planning Time": 5.478,"Triggers": [],"Execution Time": 243.818}]
[{"Plan": {"Node Type": "Aggregate","Strategy": "Sorted","Partial Mode": "Finalize","Parallel Aware": false,"Async Capable": false,"Startup Cost": 51845.54,"Total Cost": 51880.29,"Plan Rows": 5,"Plan Width": 24,"Actual Startup Time": 207.177,"Actual Total Time": 232.110,"Actual Rows": 5,"Actual Loops": 1,"Group Key": ["orders.o_orderpriority"],"Plans": [{"Node Type": "Gather Merge","Parent Relationship": "Outer","Parallel Aware": false,"Async Capable": false,"Startup Cost": 51845.54,"Total Cost": 51880.17,"Plan Rows": 15,"Plan Width": 24,"Actual Startup Time": 206.778,"Actual Total Time": 232.079,"Actual Rows": 20,"Actual Loops": 1,"Workers Planned": 3,"Workers Launched": 3,"Plans": [{"Node Type": "Aggregate","Strategy": "Sorted","Partial Mode": "Partial","Parent Relationship": "Outer","Parallel Aware": false,"Async Capable": false,"Startup Cost": 50845.50,"Total Cost": 50878.36,"Plan Rows": 5,"Plan Width": 24,"Actual Startup Time": 198.217,"Actual Total Time": 199.466,"Actual Rows": 5,"Actual Loops": 4,"Group Key": ["orders.o_orderpriority"],"Workers": [],"Plans": [{"Node Type": "Sort","Parent Relationship": "Outer","Parallel Aware": false,"Async Capable": false,"Startup Cost": 50845.50,"Total Cost": 50856.44,"Plan Rows": 4375,"Plan Width": 16,"Actual Startup Time": 197.865,"Actual Total Time": 198.399,"Actual Rows": 13003,"Actual Loops": 4,"Sort Key": ["orders.o_orderpriority"],"Sort Method": "quicksort","Sort Space Used": 1088,"Sort Space Type": "Memory","Workers": [{"Worker Number": 0,"Sort Method": "quicksort","Sort Space Used": 1109,"Sort Space Type": "Memory"},{"Worker Number": 1,"Sort Method": "quicksort","Sort Space Used": 1075,"Sort Space Type": "Memory"},{"Worker Number": 2,"Sort Method": "quicksort","Sort Space Used": 1111,"Sort Space Type": "Memory"}],"Plans": [{"Node Type": "Nested Loop","Parent Relationship": "Outer","Parallel Aware": false,"Async Capable": false,"Join Type": "Semi","Startup Cost": 790.17,"Total Cost": 50580.92,"Plan Rows": 4375,"Plan Width": 16,"Actual Startup Time": 5.194,"Actual Total Time": 191.534,"Actual Rows": 13003,"Actual Loops": 4,"Inner Unique": false,"Workers": [],"Plans": [{"Node Type": "Bitmap Heap Scan","Parent Relationship": "Outer","Parallel Aware": true,"Async Capable": false,"Relation Name": "orders","Alias": "orders","Startup Cost": 789.73,"Total Cost": 27161.04,"Plan Rows": 18420,"Plan Width": 20,"Actual Startup Time": 5.066,"Actual Total Time": 56.417,"Actual Rows": 14194,"Actual Loops": 4,"Recheck Cond": "((o_orderdate >= '1996-04-01'::date) AND (o_orderdate < '1996-07-01 00:00:00'::timestamp without time zone))","Rows Removed by Index Recheck": 0,"Exact Heap Blocks": 5706,"Lossy Heap Blocks": 0,"Workers": [],"Plans": [{"Node Type": "Bitmap Index Scan","Parent Relationship": "Outer","Parallel Aware": false,"Async Capable": false,"Index Name": "idx_orders_orderdate","Startup Cost": 0.00,"Total Cost": 775.46,"Plan Rows": 57103,"Plan Width": 0,"Actual Startup Time": 8.398,"Actual Total Time": 8.399,"Actual Rows": 56775,"Actual Loops": 1,"Index Cond": "((o_orderdate >= '1996-04-01'::date) AND (o_orderdate < '1996-07-01 00:00:00'::timestamp without time zone))","Workers": []}]},{"Node Type": "Index Scan","Parent Relationship": "Inner","Parallel Aware": false,"Async Capable": false,"Scan Direction": "Forward","Index Name": "idx_lineitem_orderkey","Relation Name": "lineitem","Alias": "lineitem","Startup Cost": 0.43,"Total Cost": 4.63,"Plan Rows": 6,"Plan Width": 4,"Actual Startup Time": 0.009,"Actual Total Time": 0.009,"Actual Rows": 1,"Actual Loops": 56775,"Index Cond": "(l_orderkey = orders.o_orderkey)","Rows Removed by Index Recheck": 0,"Filter": "(l_commitdate < l_receiptdate)","Rows Removed by Filter": 1,"Workers": []}]}]}]}]}]},"Planning Time": 4.671,"Triggers": [],"Execution Time": 232.791}]
[{"Plan": {"Node Type": "Aggregate","Strategy": "Sorted","Partial Mode": "Finalize","Parallel Aware": false,"Async Capable": false,"Startup Cost": 52151.90,"Total Cost": 52187.16,"Plan Rows": 5,"Plan Width": 24,"Actual Startup Time": 210.638,"Actual Total Time": 234.377,"Actual Rows": 5,"Actual Loops": 1,"Group Key": ["orders.o_orderpriority"],"Plans": [{"Node Type": "Gather Merge","Parent Relationship": "Outer","Parallel Aware": false,"Async Capable": false,"Startup Cost": 52151.90,"Total Cost": 52187.03,"Plan Rows": 15,"Plan Width": 24,"Actual Startup Time": 210.240,"Actual Total Time": 234.359,"Actual Rows": 20,"Actual Loops": 1,"Workers Planned": 3,"Workers Launched": 3,"Plans": [{"Node Type": "Aggregate","Strategy": "Sorted","Partial Mode": "Partial","Parent Relationship": "Outer","Parallel Aware": false,"Async Capable": false,"Startup Cost": 51151.86,"Total Cost": 51185.23,"Plan Rows": 5,"Plan Width": 24,"Actual Startup Time": 201.517,"Actual Total Time": 202.754,"Actual Rows": 5,"Actual Loops": 4,"Group Key": ["orders.o_orderpriority"],"Workers": [],"Plans": [{"Node Type": "Sort","Parent Relationship": "Outer","Parallel Aware": false,"Async Capable": false,"Startup Cost": 51151.86,"Total Cost": 51162.97,"Plan Rows": 4442,"Plan Width": 16,"Actual Startup Time": 201.174,"Actual Total Time": 201.691,"Actual Rows": 12988,"Actual Loops": 4,"Sort Key": ["orders.o_orderpriority"],"Sort Method": "quicksort","Sort Space Used": 1106,"Sort Space Type": "Memory","Workers": [{"Worker Number": 0,"Sort Method": "quicksort","Sort Space Used": 1082,"Sort Space Type": "Memory"},{"Worker Number": 1,"Sort Method": "quicksort","Sort Space Used": 1101,"Sort Space Type": "Memory"},{"Worker Number": 2,"Sort Method": "quicksort","Sort Space Used": 1090,"Sort Space Type": "Memory"}],"Plans": [{"Node Type": "Nested Loop","Parent Relationship": "Outer","Parallel Aware": false,"Async Capable": false,"Join Type": "Semi","Startup Cost": 803.12,"Total Cost": 50882.74,"Plan Rows": 4442,"Plan Width": 16,"Actual Startup Time": 5.439,"Actual Total Time": 194.803,"Actual Rows": 12988,"Actual Loops": 4,"Inner Unique": false,"Workers": [],"Plans": [{"Node Type": "Bitmap Heap Scan","Parent Relationship": "Outer","Parallel Aware": true,"Async Capable": false,"Relation Name": "orders","Alias": "orders","Startup Cost": 802.69,"Total Cost": 27178.23,"Plan Rows": 18702,"Plan Width": 20,"Actual Startup Time": 5.309,"Actual Total Time": 58.612,"Actual Rows": 14170,"Actual Loops": 4,"Recheck Cond": "((o_orderdate >= '1995-12-01'::date) AND (o_orderdate < '1996-03-01 00:00:00'::timestamp without time zone))","Rows Removed by Index Recheck": 0,"Exact Heap Blocks": 5992,"Lossy Heap Blocks": 0,"Workers": [],"Plans": [{"Node Type": "Bitmap Index Scan","Parent Relationship": "Outer","Parallel Aware": false,"Async Capable": false,"Index Name": "idx_orders_orderdate","Startup Cost": 0.00,"Total Cost": 788.20,"Plan Rows": 57977,"Plan Width": 0,"Actual Startup Time": 8.900,"Actual Total Time": 8.902,"Actual Rows": 56682,"Actual Loops": 1,"Index Cond": "((o_orderdate >= '1995-12-01'::date) AND (o_orderdate < '1996-03-01 00:00:00'::timestamp without time zone))","Workers": []}]},{"Node Type": "Index Scan","Parent Relationship": "Inner","Parallel Aware": false,"Async Capable": false,"Scan Direction": "Forward","Index Name": "idx_lineitem_orderkey","Relation Name": "lineitem","Alias": "lineitem","Startup Cost": 0.43,"Total Cost": 4.61,"Plan Rows": 6,"Plan Width": 4,"Actual Startup Time": 0.009,"Actual Total Time": 0.009,"Actual Rows": 1,"Actual Loops": 56682,"Index Cond": "(l_orderkey = orders.o_orderkey)","Rows Removed by Index Recheck": 0,"Filter": "(l_commitdate < l_receiptdate)","Rows Removed by Filter": 1,"Workers": []}]}]}]}]}]},"Planning Time": 4.197,"Triggers": [],"Execution Time": 234.781}]
[{"Plan": {"Node Type": "Aggregate","Strategy": "Sorted","Partial Mode": "Finalize","Parallel Aware": false,"Async Capable": false,"Startup Cost": 52037.63,"Total Cost": 52072.69,"Plan Rows": 5,"Plan Width": 24,"Actual Startup Time": 212.830,"Actual Total Time": 236.528,"Actual Rows": 5,"Actual Loops": 1,"Group Key": ["orders.o_orderpriority"],"Plans": [{"Node Type": "Gather Merge","Parent Relationship": "Outer","Parallel Aware": false,"Async Capable": false,"Startup Cost": 52037.63,"Total Cost": 52072.57,"Plan Rows": 15,"Plan Width": 24,"Actual Startup Time": 212.437,"Actual Total Time": 236.500,"Actual Rows": 20,"Actual Loops": 1,"Workers Planned": 3,"Workers Launched": 3,"Plans": [{"Node Type": "Aggregate","Strategy": "Sorted","Partial Mode": "Partial","Parent Relationship": "Outer","Parallel Aware": false,"Async Capable": false,"Startup Cost": 51037.59,"Total Cost": 51070.76,"Plan Rows": 5,"Plan Width": 24,"Actual Startup Time": 203.518,"Actual Total Time": 204.792,"Actual Rows": 5,"Actual Loops": 4,"Group Key": ["orders.o_orderpriority"],"Workers": [],"Plans": [{"Node Type": "Sort","Parent Relationship": "Outer","Parallel Aware": false,"Async Capable": false,"Startup Cost": 51037.59,"Total Cost": 51048.63,"Plan Rows": 4416,"Plan Width": 16,"Actual Startup Time": 203.163,"Actual Total Time": 203.707,"Actual Rows": 13164,"Actual Loops": 4,"Sort Key": ["orders.o_orderpriority"],"Sort Method": "quicksort","Sort Space Used": 1110,"Sort Space Type": "Memory","Workers": [{"Worker Number": 0,"Sort Method": "quicksort","Sort Space Used": 1102,"Sort Space Type": "Memory"},{"Worker Number": 1,"Sort Method": "quicksort","Sort Space Used": 1107,"Sort Space Type": "Memory"},{"Worker Number": 2,"Sort Method": "quicksort","Sort Space Used": 1099,"Sort Space Type": "Memory"}],"Plans": [{"Node Type": "Nested Loop","Parent Relationship": "Outer","Parallel Aware": false,"Async Capable": false,"Join Type": "Semi","Startup Cost": 799.70,"Total Cost": 50770.24,"Plan Rows": 4416,"Plan Width": 16,"Actual Startup Time": 4.932,"Actual Total Time": 196.801,"Actual Rows": 13164,"Actual Loops": 4,"Inner Unique": false,"Workers": [],"Plans": [{"Node Type": "Bitmap Heap Scan","Parent Relationship": "Outer","Parallel Aware": true,"Async Capable": false,"Relation Name": "orders","Alias": "orders","Startup Cost": 799.27,"Total Cost": 27173.19,"Plan Rows": 18595,"Plan Width": 20,"Actual Startup Time": 4.824,"Actual Total Time": 59.298,"Actual Rows": 14333,"Actual Loops": 4,"Recheck Cond": "((o_orderdate >= '1993-11-01'::date) AND (o_orderdate < '1994-02-01 00:00:00'::timestamp without time zone))","Rows Removed by Index Recheck": 0,"Exact Heap Blocks": 5948,"Lossy Heap Blocks": 0,"Workers": [],"Plans": [{"Node Type": "Bitmap Index Scan","Parent Relationship": "Outer","Parallel Aware": false,"Async Capable": false,"Index Name": "idx_orders_orderdate","Startup Cost": 0.00,"Total Cost": 784.86,"Plan Rows": 57643,"Plan Width": 0,"Actual Startup Time": 8.442,"Actual Total Time": 8.444,"Actual Rows": 57332,"Actual Loops": 1,"Index Cond": "((o_orderdate >= '1993-11-01'::date) AND (o_orderdate < '1994-02-01 00:00:00'::timestamp without time zone))","Workers": []}]},{"Node Type": "Index Scan","Parent Relationship": "Inner","Parallel Aware": false,"Async Capable": false,"Scan Direction": "Forward","Index Name": "idx_lineitem_orderkey","Relation Name": "lineitem","Alias": "lineitem","Startup Cost": 0.43,"Total Cost": 4.62,"Plan Rows": 6,"Plan Width": 4,"Actual Startup Time": 0.009,"Actual Total Time": 0.009,"Actual Rows": 1,"Actual Loops": 57332,"Index Cond": "(l_orderkey = orders.o_orderkey)","Rows Removed by Index Recheck": 0,"Filter": "(l_commitdate < l_receiptdate)","Rows Removed by Filter": 1,"Workers": []}]}]}]}]}]},"Planning Time": 5.578,"Triggers": [],"Execution Time": 237.012}]
[{"Plan": {"Node Type": "Aggregate","Strategy": "Sorted","Partial Mode": "Finalize","Parallel Aware": false,"Async Capable": false,"Startup Cost": 51626.70,"Total Cost": 51661.08,"Plan Rows": 5,"Plan Width": 24,"Actual Startup Time": 210.062,"Actual Total Time": 234.290,"Actual Rows": 5,"Actual Loops": 1,"Group Key": ["orders.o_orderpriority"],"Plans": [{"Node Type": "Gather Merge","Parent Relationship": "Outer","Parallel Aware": false,"Async Capable": false,"Startup Cost": 51626.70,"Total Cost": 51660.96,"Plan Rows": 15,"Plan Width": 24,"Actual Startup Time": 209.701,"Actual Total Time": 234.253,"Actual Rows": 20,"Actual Loops": 1,"Workers Planned": 3,"Workers Launched": 3,"Plans": [{"Node Type": "Aggregate","Strategy": "Sorted","Partial Mode": "Partial","Parent Relationship": "Outer","Parallel Aware": false,"Async Capable": false,"Startup Cost": 50626.66,"Total Cost": 50659.15,"Plan Rows": 5,"Plan Width": 24,"Actual Startup Time": 198.769,"Actual Total Time": 200.147,"Actual Rows": 5,"Actual Loops": 4,"Group Key": ["orders.o_orderpriority"],"Workers": [],"Plans": [{"Node Type": "Sort","Parent Relationship": "Outer","Parallel Aware": false,"Async Capable": false,"Startup Cost": 50626.66,"Total Cost": 50637.47,"Plan Rows": 4326,"Plan Width": 16,"Actual Startup Time": 198.377,"Actual Total Time": 198.979,"Actual Rows": 13139,"Actual Loops": 4,"Sort Key": ["orders.o_orderpriority"],"Sort Method": "quicksort","Sort Space Used": 1065,"Sort Space Type": "Memory","Workers": [{"Worker Number": 0,"Sort Method": "quicksort","Sort Space Used": 1124,"Sort Space Type": "Memory"},{"Worker Number": 1,"Sort Method": "quicksort","Sort Space Used": 1112,"Sort Space Type": "Memory"},{"Worker Number": 2,"Sort Method": "quicksort","Sort Space Used": 1111,"Sort Space Type": "Memory"}],"Plans": [{"Node Type": "Nested Loop","Parent Relationship": "Outer","Parallel Aware": false,"Async Capable": false,"Join Type": "Semi","Startup Cost": 783.69,"Total Cost": 50365.39,"Plan Rows": 4326,"Plan Width": 16,"Actual Startup Time": 5.235,"Actual Total Time": 191.510,"Actual Rows": 13139,"Actual Loops": 4,"Inner Unique": false,"Workers": [],"Plans": [{"Node Type": "Bitmap Heap Scan","Parent Relationship": "Outer","Parallel Aware": true,"Async Capable": false,"Relation Name": "orders","Alias": "orders","Startup Cost": 783.26,"Total Cost": 27151.50,"Plan Rows": 18216,"Plan Width": 20,"Actual Startup Time": 5.108,"Actual Total Time": 56.376,"Actual Rows": 14340,"Actual Loops": 4,"Recheck Cond": "((o_orderdate >= '1997-07-01'::date) AND (o_orderdate < '1997-10-01 00:00:00'::timestamp without time zone))","Rows Removed by Index Recheck": 0,"Exact Heap Blocks": 5541,"Lossy Heap Blocks": 0,"Workers": [],"Plans": [{"Node Type": "Bitmap Index Scan","Parent Relationship": "Outer","Parallel Aware": false,"Async Capable": false,"Index Name": "idx_orders_orderdate","Startup Cost": 0.00,"Total Cost": 769.14,"Plan Rows": 56471,"Plan Width": 0,"Actual Startup Time": 8.934,"Actual Total Time": 8.936,"Actual Rows": 57359,"Actual Loops": 1,"Index Cond": "((o_orderdate >= '1997-07-01'::date) AND (o_orderdate < '1997-10-01 00:00:00'::timestamp without time zone))","Workers": []}]},{"Node Type": "Index Scan","Parent Relationship": "Inner","Parallel Aware": false,"Async Capable": false,"Scan Direction": "Forward","Index Name": "idx_lineitem_orderkey","Relation Name": "lineitem","Alias": "lineitem","Startup Cost": 0.43,"Total Cost": 4.64,"Plan Rows": 6,"Plan Width": 4,"Actual Startup Time": 0.009,"Actual Total Time": 0.009,"Actual Rows": 1,"Actual Loops": 57359,"Index Cond": "(l_orderkey = orders.o_orderkey)","Rows Removed by Index Recheck": 0,"Filter": "(l_commitdate < l_receiptdate)","Rows Removed by Filter": 1,"Workers": []}]}]}]}]}]},"Planning Time": 4.248,"Triggers": [],"Execution Time": 234.757}]
[{"Plan": {"Node Type": "Aggregate","Strategy": "Sorted","Partial Mode": "Finalize","Parallel Aware": false,"Async Capable": false,"Startup Cost": 50393.04,"Total Cost": 50425.42,"Plan Rows": 5,"Plan Width": 24,"Actual Startup Time": 209.179,"Actual Total Time": 234.092,"Actual Rows": 5,"Actual Loops": 1,"Group Key": ["orders.o_orderpriority"],"Plans": [{"Node Type": "Gather Merge","Parent Relationship": "Outer","Parallel Aware": false,"Async Capable": false,"Startup Cost": 50393.04,"Total Cost": 50425.30,"Plan Rows": 15,"Plan Width": 24,"Actual Startup Time": 208.857,"Actual Total Time": 234.045,"Actual Rows": 20,"Actual Loops": 1,"Workers Planned": 3,"Workers Launched": 3,"Plans": [{"Node Type": "Aggregate","Strategy": "Sorted","Partial Mode": "Partial","Parent Relationship": "Outer","Parallel Aware": false,"Async Capable": false,"Startup Cost": 49393.00,"Total Cost": 49423.49,"Plan Rows": 5,"Plan Width": 24,"Actual Startup Time": 200.343,"Actual Total Time": 201.591,"Actual Rows": 5,"Actual Loops": 4,"Group Key": ["orders.o_orderpriority"],"Workers": [],"Plans": [{"Node Type": "Sort","Parent Relationship": "Outer","Parallel Aware": false,"Async Capable": false,"Startup Cost": 49393.00,"Total Cost": 49403.15,"Plan Rows": 4059,"Plan Width": 16,"Actual Startup Time": 200.015,"Actual Total Time": 200.534,"Actual Rows": 13007,"Actual Loops": 4,"Sort Key": ["orders.o_orderpriority"],"Sort Method": "quicksort","Sort Space Used": 1034,"Sort Space Type": "Memory","Workers": [{"Worker Number": 0,"Sort Method": "quicksort","Sort Space Used": 1128,"Sort Space Type": "Memory"},{"Worker Number": 1,"Sort Method": "quicksort","Sort Space Used": 1096,"Sort Space Type": "Memory"},{"Worker Number": 2,"Sort Method": "quicksort","Sort Space Used": 1126,"Sort Space Type": "Memory"}],"Plans": [{"Node Type": "Nested Loop","Parent Relationship": "Outer","Parallel Aware": false,"Async Capable": false,"Join Type": "Semi","Startup Cost": 731.94,"Total Cost": 49149.73,"Plan Rows": 4059,"Plan Width": 16,"Actual Startup Time": 5.320,"Actual Total Time": 193.882,"Actual Rows": 13007,"Actual Loops": 4,"Inner Unique": false,"Workers": [],"Plans": [{"Node Type": "Bitmap Heap Scan","Parent Relationship": "Outer","Parallel Aware": true,"Async Capable": false,"Relation Name": "orders","Alias": "orders","Startup Cost": 731.50,"Total Cost": 27082.87,"Plan Rows": 17091,"Plan Width": 20,"Actual Startup Time": 5.198,"Actual Total Time": 56.771,"Actual Rows": 14217,"Actual Loops": 4,"Recheck Cond": "((o_orderdate >= '1995-09-01'::date) AND (o_orderdate < '1995-12-01 00:00:00'::timestamp without time zone))","Rows Removed by Index Recheck": 0,"Exact Heap Blocks": 5379,"Lossy Heap Blocks": 0,"Workers": [],"Plans": [{"Node Type": "Bitmap Index Scan","Parent Relationship": "Outer","Parallel Aware": false,"Async Capable": false,"Index Name": "idx_orders_orderdate","Startup Cost": 0.00,"Total Cost": 718.26,"Plan Rows": 52983,"Plan Width": 0,"Actual Startup Time": 8.331,"Actual Total Time": 8.335,"Actual Rows": 56867,"Actual Loops": 1,"Index Cond": "((o_orderdate >= '1995-09-01'::date) AND (o_orderdate < '1995-12-01 00:00:00'::timestamp without time zone))","Workers": []}]},{"Node Type": "Index Scan","Parent Relationship": "Inner","Parallel Aware": false,"Async Capable": false,"Scan Direction": "Forward","Index Name": "idx_lineitem_orderkey","Relation Name": "lineitem","Alias": "lineitem","Startup Cost": 0.43,"Total Cost": 4.73,"Plan Rows": 6,"Plan Width": 4,"Actual Startup Time": 0.009,"Actual Total Time": 0.009,"Actual Rows": 1,"Actual Loops": 56867,"Index Cond": "(l_orderkey = orders.o_orderkey)","Rows Removed by Index Recheck": 0,"Filter": "(l_commitdate < l_receiptdate)","Rows Removed by Filter": 1,"Workers": []}]}]}]}]}]},"Planning Time": 4.551,"Triggers": [],"Execution Time": 234.551}]
[{"Plan": {"Node Type": "Aggregate","Strategy": "Sorted","Partial Mode": "Finalize","Parallel Aware": false,"Async Capable": false,"Startup Cost": 50795.59,"Total Cost": 50828.62,"Plan Rows": 5,"Plan Width": 24,"Actual Startup Time": 207.449,"Actual Total Time": 231.624,"Actual Rows": 5,"Actual Loops": 1,"Group Key": ["orders.o_orderpriority"],"Plans": [{"Node Type": "Gather Merge","Parent Relationship": "Outer","Parallel Aware": false,"Async Capable": false,"Startup Cost": 50795.59,"Total Cost": 50828.49,"Plan Rows": 15,"Plan Width": 24,"Actual Startup Time": 207.082,"Actual Total Time": 231.593,"Actual Rows": 20,"Actual Loops": 1,"Workers Planned": 3,"Workers Launched": 3,"Plans": [{"Node Type": "Aggregate","Strategy": "Sorted","Partial Mode": "Partial","Parent Relationship": "Outer","Parallel Aware": false,"Async Capable": false,"Startup Cost": 49795.55,"Total Cost": 49826.69,"Plan Rows": 5,"Plan Width": 24,"Actual Startup Time": 197.121,"Actual Total Time": 198.416,"Actual Rows": 5,"Actual Loops": 4,"Group Key": ["orders.o_orderpriority"],"Workers": [],"Plans": [{"Node Type": "Sort","Parent Relationship": "Outer","Parallel Aware": false,"Async Capable": false,"Startup Cost": 49795.55,"Total Cost": 49805.91,"Plan Rows": 4146,"Plan Width": 16,"Actual Startup Time": 196.751,"Actual Total Time": 197.344,"Actual Rows": 12836,"Actual Loops": 4,"Sort Key": ["orders.o_orderpriority"],"Sort Method": "quicksort","Sort Space Used": 1059,"Sort Space Type": "Memory","Workers": [{"Worker Number": 0,"Sort Method": "quicksort","Sort Space Used": 1115,"Sort Space Type": "Memory"},{"Worker Number": 1,"Sort Method": "quicksort","Sort Space Used": 1058,"Sort Space Type": "Memory"},{"Worker Number": 2,"Sort Method": "quicksort","Sort Space Used": 1115,"Sort Space Type": "Memory"}],"Plans": [{"Node Type": "Nested Loop","Parent Relationship": "Outer","Parallel Aware": false,"Async Capable": false,"Join Type": "Semi","Startup Cost": 747.58,"Total Cost": 49546.42,"Plan Rows": 4146,"Plan Width": 16,"Actual Startup Time": 3.884,"Actual Total Time": 190.408,"Actual Rows": 12836,"Actual Loops": 4,"Inner Unique": false,"Workers": [],"Plans": [{"Node Type": "Bitmap Heap Scan","Parent Relationship": "Outer","Parallel Aware": true,"Async Capable": false,"Relation Name": "orders","Alias": "orders","Startup Cost": 747.15,"Total Cost": 27104.01,"Plan Rows": 17458,"Plan Width": 20,"Actual Startup Time": 3.813,"Actual Total Time": 55.064,"Actual Rows": 14013,"Actual Loops": 4,"Recheck Cond": "((o_orderdate >= '1996-02-01'::date) AND (o_orderdate < '1996-05-01 00:00:00'::timestamp without time zone))","Rows Removed by Index Recheck": 0,"Exact Heap Blocks": 5537,"Lossy Heap Blocks": 0,"Workers": [],"Plans": [{"Node Type": "Bitmap Index Scan","Parent Relationship": "Outer","Parallel Aware": false,"Async Capable": false,"Index Name": "idx_orders_orderdate","Startup Cost": 0.00,"Total Cost": 733.62,"Plan Rows": 54119,"Plan Width": 0,"Actual Startup Time": 7.926,"Actual Total Time": 7.927,"Actual Rows": 56052,"Actual Loops": 1,"Index Cond": "((o_orderdate >= '1996-02-01'::date) AND (o_orderdate < '1996-05-01 00:00:00'::timestamp without time zone))","Workers": []}]},{"Node Type": "Index Scan","Parent Relationship": "Inner","Parallel Aware": false,"Async Capable": false,"Scan Direction": "Forward","Index Name": "idx_lineitem_orderkey","Relation Name": "lineitem","Alias": "lineitem","Startup Cost": 0.43,"Total Cost": 4.70,"Plan Rows": 6,"Plan Width": 4,"Actual Startup Time": 0.009,"Actual Total Time": 0.009,"Actual Rows": 1,"Actual Loops": 56052,"Index Cond": "(l_orderkey = orders.o_orderkey)","Rows Removed by Index Recheck": 0,"Filter": "(l_commitdate < l_receiptdate)","Rows Removed by Filter": 1,"Workers": []}]}]}]}]}]},"Planning Time": 5.293,"Triggers": [],"Execution Time": 232.381}]
[{"Plan": {"Node Type": "Aggregate","Strategy": "Sorted","Partial Mode": "Finalize","Parallel Aware": false,"Async Capable": false,"Startup Cost": 52151.90,"Total Cost": 52187.16,"Plan Rows": 5,"Plan Width": 24,"Actual Startup Time": 210.638,"Actual Total Time": 234.377,"Actual Rows": 5,"Actual Loops": 1,"Group Key": ["orders.o_orderpriority"],"Plans": [{"Node Type": "Gather Merge","Parent Relationship": "Outer","Parallel Aware": false,"Async Capable": false,"Startup Cost": 52151.90,"Total Cost": 52187.03,"Plan Rows": 15,"Plan Width": 24,"Actual Startup Time": 210.240,"Actual Total Time": 234.359,"Actual Rows": 20,"Actual Loops": 1,"Workers Planned": 3,"Workers Launched": 3,"Plans": [{"Node Type": "Aggregate","Strategy": "Sorted","Partial Mode": "Partial","Parent Relationship": "Outer","Parallel Aware": false,"Async Capable": false,"Startup Cost": 51151.86,"Total Cost": 51185.23,"Plan Rows": 5,"Plan Width": 24,"Actual Startup Time": 201.517,"Actual Total Time": 202.754,"Actual Rows": 5,"Actual Loops": 4,"Group Key": ["orders.o_orderpriority"],"Workers": [],"Plans": [{"Node Type": "Sort","Parent Relationship": "Outer","Parallel Aware": false,"Async Capable": false,"Startup Cost": 51151.86,"Total Cost": 51162.97,"Plan Rows": 4442,"Plan Width": 16,"Actual Startup Time": 201.174,"Actual Total Time": 201.691,"Actual Rows": 12988,"Actual Loops": 4,"Sort Key": ["orders.o_orderpriority"],"Sort Method": "quicksort","Sort Space Used": 1106,"Sort Space Type": "Memory","Workers": [{"Worker Number": 0,"Sort Method": "quicksort","Sort Space Used": 1082,"Sort Space Type": "Memory"},{"Worker Number": 1,"Sort Method": "quicksort","Sort Space Used": 1101,"Sort Space Type": "Memory"},{"Worker Number": 2,"Sort Method": "quicksort","Sort Space Used": 1090,"Sort Space Type": "Memory"}],"Plans": [{"Node Type": "Nested Loop","Parent Relationship": "Outer","Parallel Aware": false,"Async Capable": false,"Join Type": "Semi","Startup Cost": 803.12,"Total Cost": 50882.74,"Plan Rows": 4442,"Plan Width": 16,"Actual Startup Time": 5.439,"Actual Total Time": 194.803,"Actual Rows": 12988,"Actual Loops": 4,"Inner Unique": false,"Workers": [],"Plans": [{"Node Type": "Bitmap Heap Scan","Parent Relationship": "Outer","Parallel Aware": true,"Async Capable": false,"Relation Name": "orders","Alias": "orders","Startup Cost": 802.69,"Total Cost": 27178.23,"Plan Rows": 18702,"Plan Width": 20,"Actual Startup Time": 5.309,"Actual Total Time": 58.612,"Actual Rows": 14170,"Actual Loops": 4,"Recheck Cond": "((o_orderdate >= '1995-12-01'::date) AND (o_orderdate < '1996-03-01 00:00:00'::timestamp without time zone))","Rows Removed by Index Recheck": 0,"Exact Heap Blocks": 5992,"Lossy Heap Blocks": 0,"Workers": [],"Plans": [{"Node Type": "Bitmap Index Scan","Parent Relationship": "Outer","Parallel Aware": false,"Async Capable": false,"Index Name": "idx_orders_orderdate","Startup Cost": 0.00,"Total Cost": 788.20,"Plan Rows": 57977,"Plan Width": 0,"Actual Startup Time": 8.900,"Actual Total Time": 8.902,"Actual Rows": 56682,"Actual Loops": 1,"Index Cond": "((o_orderdate >= '1995-12-01'::date) AND (o_orderdate < '1996-03-01 00:00:00'::timestamp without time zone))","Workers": []}]},{"Node Type": "Index Scan","Parent Relationship": "Inner","Parallel Aware": false,"Async Capable": false,"Scan Direction": "Forward","Index Name": "idx_lineitem_orderkey","Relation Name": "lineitem","Alias": "lineitem","Startup Cost": 0.43,"Total Cost": 4.61,"Plan Rows": 6,"Plan Width": 4,"Actual Startup Time": 0.009,"Actual Total Time": 0.009,"Actual Rows": 1,"Actual Loops": 56682,"Index Cond": "(l_orderkey = orders.o_orderkey)","Rows Removed by Index Recheck": 0,"Filter": "(l_commitdate < l_receiptdate)","Rows Removed by Filter": 1,"Workers": []}]}]}]}]}]},"Planning Time": 4.197,"Triggers": [],"Execution Time": 234.781}]
[{"Plan": {"Node Type": "Aggregate","Strategy": "Sorted","Partial Mode": "Finalize","Parallel Aware": false,"Async Capable": false,"Startup Cost": 51461.99,"Total Cost": 51496.11,"Plan Rows": 5,"Plan Width": 24,"Actual Startup Time": 213.186,"Actual Total Time": 237.729,"Actual Rows": 5,"Actual Loops": 1,"Group Key": ["orders.o_orderpriority"],"Plans": [{"Node Type": "Gather Merge","Parent Relationship": "Outer","Parallel Aware": false,"Async Capable": false,"Startup Cost": 51461.99,"Total Cost": 51495.99,"Plan Rows": 15,"Plan Width": 24,"Actual Startup Time": 212.815,"Actual Total Time": 237.699,"Actual Rows": 20,"Actual Loops": 1,"Workers Planned": 3,"Workers Launched": 3,"Plans": [{"Node Type": "Aggregate","Strategy": "Sorted","Partial Mode": "Partial","Parent Relationship": "Outer","Parallel Aware": false,"Async Capable": false,"Startup Cost": 50461.95,"Total Cost": 50494.18,"Plan Rows": 5,"Plan Width": 24,"Actual Startup Time": 204.295,"Actual Total Time": 205.529,"Actual Rows": 5,"Actual Loops": 4,"Group Key": ["orders.o_orderpriority"],"Workers": [],"Plans": [{"Node Type": "Sort","Parent Relationship": "Outer","Parallel Aware": false,"Async Capable": false,"Startup Cost": 50461.95,"Total Cost": 50472.68,"Plan Rows": 4291,"Plan Width": 16,"Actual Startup Time": 203.958,"Actual Total Time": 204.459,"Actual Rows": 13076,"Actual Loops": 4,"Sort Key": ["orders.o_orderpriority"],"Sort Method": "quicksort","Sort Space Used": 1093,"Sort Space Type": "Memory","Workers": [{"Worker Number": 0,"Sort Method": "quicksort","Sort Space Used": 1098,"Sort Space Type": "Memory"},{"Worker Number": 1,"Sort Method": "quicksort","Sort Space Used": 1094,"Sort Space Type": "Memory"},{"Worker Number": 2,"Sort Method": "quicksort","Sort Space Used": 1113,"Sort Space Type": "Memory"}],"Plans": [{"Node Type": "Nested Loop","Parent Relationship": "Outer","Parallel Aware": false,"Async Capable": false,"Join Type": "Semi","Startup Cost": 774.93,"Total Cost": 50203.05,"Plan Rows": 4291,"Plan Width": 16,"Actual Startup Time": 5.106,"Actual Total Time": 197.473,"Actual Rows": 13076,"Actual Loops": 4,"Inner Unique": false,"Workers": [],"Plans": [{"Node Type": "Bitmap Heap Scan","Parent Relationship": "Outer","Parallel Aware": true,"Async Capable": false,"Relation Name": "orders","Alias": "orders","Startup Cost": 774.50,"Total Cost": 27140.50,"Plan Rows": 18067,"Plan Width": 20,"Actual Startup Time": 4.994,"Actual Total Time": 59.359,"Actual Rows": 14279,"Actual Loops": 4,"Recheck Cond": "((o_orderdate >= '1995-04-01'::date) AND (o_orderdate < '1995-07-01 00:00:00'::timestamp without time zone))","Rows Removed by Index Recheck": 0,"Exact Heap Blocks": 5795,"Lossy Heap Blocks": 0,"Workers": [],"Plans": [{"Node Type": "Bitmap Index Scan","Parent Relationship": "Outer","Parallel Aware": false,"Async Capable": false,"Index Name": "idx_orders_orderdate","Startup Cost": 0.00,"Total Cost": 760.50,"Plan Rows": 56007,"Plan Width": 0,"Actual Startup Time": 8.367,"Actual Total Time": 8.369,"Actual Rows": 57117,"Actual Loops": 1,"Index Cond": "((o_orderdate >= '1995-04-01'::date) AND (o_orderdate < '1995-07-01 00:00:00'::timestamp without time zone))","Workers": []}]},{"Node Type": "Index Scan","Parent Relationship": "Inner","Parallel Aware": false,"Async Capable": false,"Scan Direction": "Forward","Index Name": "idx_lineitem_orderkey","Relation Name": "lineitem","Alias": "lineitem","Startup Cost": 0.43,"Total Cost": 4.65,"Plan Rows": 6,"Plan Width": 4,"Actual Startup Time": 0.009,"Actual Total Time": 0.009,"Actual Rows": 1,"Actual Loops": 57117,"Index Cond": "(l_orderkey = orders.o_orderkey)","Rows Removed by Index Recheck": 0,"Filter": "(l_commitdate < l_receiptdate)","Rows Removed by Filter": 1,"Workers": []}]}]}]}]}]},"Planning Time": 5.027,"Triggers": [],"Execution Time": 238.276}]
[{"Plan": {"Node Type": "Aggregate","Strategy": "Sorted","Partial Mode": "Finalize","Parallel Aware": false,"Async Capable": false,"Startup Cost": 50907.22,"Total Cost": 50940.43,"Plan Rows": 5,"Plan Width": 24,"Actual Startup Time": 204.875,"Actual Total Time": 229.245,"Actual Rows": 5,"Actual Loops": 1,"Group Key": ["orders.o_orderpriority"],"Plans": [{"Node Type": "Gather Merge","Parent Relationship": "Outer","Parallel Aware": false,"Async Capable": false,"Startup Cost": 50907.22,"Total Cost": 50940.30,"Plan Rows": 15,"Plan Width": 24,"Actual Startup Time": 204.487,"Actual Total Time": 229.210,"Actual Rows": 20,"Actual Loops": 1,"Workers Planned": 3,"Workers Launched": 3,"Plans": [{"Node Type": "Aggregate","Strategy": "Sorted","Partial Mode": "Partial","Parent Relationship": "Outer","Parallel Aware": false,"Async Capable": false,"Startup Cost": 49907.18,"Total Cost": 49938.50,"Plan Rows": 5,"Plan Width": 24,"Actual Startup Time": 195.859,"Actual Total Time": 197.107,"Actual Rows": 5,"Actual Loops": 4,"Group Key": ["orders.o_orderpriority"],"Workers": [],"Plans": [{"Node Type": "Sort","Parent Relationship": "Outer","Parallel Aware": false,"Async Capable": false,"Startup Cost": 49907.18,"Total Cost": 49917.60,"Plan Rows": 4170,"Plan Width": 16,"Actual Startup Time": 195.538,"Actual Total Time": 196.036,"Actual Rows": 13129,"Actual Loops": 4,"Sort Key": ["orders.o_orderpriority"],"Sort Method": "quicksort","Sort Space Used": 1092,"Sort Space Type": "Memory","Workers": [{"Worker Number": 0,"Sort Method": "quicksort","Sort Space Used": 1119,"Sort Space Type": "Memory"},{"Worker Number": 1,"Sort Method": "quicksort","Sort Space Used": 1082,"Sort Space Type": "Memory"},{"Worker Number": 2,"Sort Method": "quicksort","Sort Space Used": 1116,"Sort Space Type": "Memory"}],"Plans": [{"Node Type": "Nested Loop","Parent Relationship": "Outer","Parallel Aware": false,"Async Capable": false,"Join Type": "Semi","Startup Cost": 754.75,"Total Cost": 49656.44,"Plan Rows": 4170,"Plan Width": 16,"Actual Startup Time": 4.769,"Actual Total Time": 189.357,"Actual Rows": 13129,"Actual Loops": 4,"Inner Unique": false,"Workers": [],"Plans": [{"Node Type": "Bitmap Heap Scan","Parent Relationship": "Outer","Parallel Aware": true,"Async Capable": false,"Relation Name": "orders","Alias": "orders","Startup Cost": 754.31,"Total Cost": 27112.68,"Plan Rows": 17557,"Plan Width": 20,"Actual Startup Time": 4.640,"Actual Total Time": 54.547,"Actual Rows": 14334,"Actual Loops": 4,"Recheck Cond": "((o_orderdate >= '1995-10-01'::date) AND (o_orderdate < '1996-01-01 00:00:00'::timestamp without time zone))","Rows Removed by Index Recheck": 0,"Exact Heap Blocks": 5726,"Lossy Heap Blocks": 0,"Workers": [],"Plans": [{"Node Type": "Bitmap Index Scan","Parent Relationship": "Outer","Parallel Aware": false,"Async Capable": false,"Index Name": "idx_orders_orderdate","Startup Cost": 0.00,"Total Cost": 740.71,"Plan Rows": 54428,"Plan Width": 0,"Actual Startup Time": 8.057,"Actual Total Time": 8.058,"Actual Rows": 57337,"Actual Loops": 1,"Index Cond": "((o_orderdate >= '1995-10-01'::date) AND (o_orderdate < '1996-01-01 00:00:00'::timestamp without time zone))","Workers": []}]},{"Node Type": "Index Scan","Parent Relationship": "Inner","Parallel Aware": false,"Async Capable": false,"Scan Direction": "Forward","Index Name": "idx_lineitem_orderkey","Relation Name": "lineitem","Alias": "lineitem","Startup Cost": 0.43,"Total Cost": 4.69,"Plan Rows": 6,"Plan Width": 4,"Actual Startup Time": 0.009,"Actual Total Time": 0.009,"Actual Rows": 1,"Actual Loops": 57337,"Index Cond": "(l_orderkey = orders.o_orderkey)","Rows Removed by Index Recheck": 0,"Filter": "(l_commitdate < l_receiptdate)","Rows Removed by Filter": 1,"Workers": []}]}]}]}]}]},"Planning Time": 4.806,"Triggers": [],"Execution Time": 229.951}]
[{"Plan": {"Node Type": "Aggregate","Strategy": "Sorted","Partial Mode": "Finalize","Parallel Aware": false,"Async Capable": false,"Startup Cost": 51600.04,"Total Cost": 51634.39,"Plan Rows": 5,"Plan Width": 24,"Actual Startup Time": 209.883,"Actual Total Time": 233.573,"Actual Rows": 5,"Actual Loops": 1,"Group Key": ["orders.o_orderpriority"],"Plans": [{"Node Type": "Gather Merge","Parent Relationship": "Outer","Parallel Aware": false,"Async Capable": false,"Startup Cost": 51600.04,"Total Cost": 51634.27,"Plan Rows": 15,"Plan Width": 24,"Actual Startup Time": 209.491,"Actual Total Time": 233.547,"Actual Rows": 20,"Actual Loops": 1,"Workers Planned": 3,"Workers Launched": 3,"Plans": [{"Node Type": "Aggregate","Strategy": "Sorted","Partial Mode": "Partial","Parent Relationship": "Outer","Parallel Aware": false,"Async Capable": false,"Startup Cost": 50600.00,"Total Cost": 50632.47,"Plan Rows": 5,"Plan Width": 24,"Actual Startup Time": 200.555,"Actual Total Time": 201.777,"Actual Rows": 5,"Actual Loops": 4,"Group Key": ["orders.o_orderpriority"],"Workers": [],"Plans": [{"Node Type": "Sort","Parent Relationship": "Outer","Parallel Aware": false,"Async Capable": false,"Startup Cost": 50600.00,"Total Cost": 50610.81,"Plan Rows": 4322,"Plan Width": 16,"Actual Startup Time": 200.215,"Actual Total Time": 200.732,"Actual Rows": 12804,"Actual Loops": 4,"Sort Key": ["orders.o_orderpriority"],"Sort Method": "quicksort","Sort Space Used": 1105,"Sort Space Type": "Memory","Workers": [{"Worker Number": 0,"Sort Method": "quicksort","Sort Space Used": 1078,"Sort Space Type": "Memory"},{"Worker Number": 1,"Sort Method": "quicksort","Sort Space Used": 1077,"Sort Space Type": "Memory"},{"Worker Number": 2,"Sort Method": "quicksort","Sort Space Used": 1079,"Sort Space Type": "Memory"}],"Plans": [{"Node Type": "Nested Loop","Parent Relationship": "Outer","Parallel Aware": false,"Async Capable": false,"Join Type": "Semi","Startup Cost": 779.02,"Total Cost": 50339.01,"Plan Rows": 4322,"Plan Width": 16,"Actual Startup Time": 5.636,"Actual Total Time": 193.920,"Actual Rows": 12804,"Actual Loops": 4,"Inner Unique": false,"Workers": [],"Plans": [{"Node Type": "Bitmap Heap Scan","Parent Relationship": "Outer","Parallel Aware": true,"Async Capable": false,"Relation Name": "orders","Alias": "orders","Startup Cost": 778.59,"Total Cost": 27146.52,"Plan Rows": 18195,"Plan Width": 20,"Actual Startup Time": 5.497,"Actual Total Time": 58.362,"Actual Rows": 13981,"Actual Loops": 4,"Recheck Cond": "((o_orderdate >= '1993-01-01'::date) AND (o_orderdate < '1993-04-01 00:00:00'::timestamp without time zone))","Rows Removed by Index Recheck": 0,"Exact Heap Blocks": 5903,"Lossy Heap Blocks": 0,"Workers": [],"Plans": [{"Node Type": "Bitmap Index Scan","Parent Relationship": "Outer","Parallel Aware": false,"Async Capable": false,"Index Name": "idx_orders_orderdate","Startup Cost": 0.00,"Total Cost": 764.49,"Plan Rows": 56406,"Plan Width": 0,"Actual Startup Time": 9.185,"Actual Total Time": 9.187,"Actual Rows": 55924,"Actual Loops": 1,"Index Cond": "((o_orderdate >= '1993-01-01'::date) AND (o_orderdate < '1993-04-01 00:00:00'::timestamp without time zone))","Workers": []}]},{"Node Type": "Index Scan","Parent Relationship": "Inner","Parallel Aware": false,"Async Capable": false,"Scan Direction": "Forward","Index Name": "idx_lineitem_orderkey","Relation Name": "lineitem","Alias": "lineitem","Startup Cost": 0.43,"Total Cost": 4.65,"Plan Rows": 6,"Plan Width": 4,"Actual Startup Time": 0.009,"Actual Total Time": 0.009,"Actual Rows": 1,"Actual Loops": 55924,"Index Cond": "(l_orderkey = orders.o_orderkey)","Rows Removed by Index Recheck": 0,"Filter": "(l_commitdate < l_receiptdate)","Rows Removed by Filter": 1,"Workers": []}]}]}]}]}]},"Planning Time": 4.372,"Triggers": [],"Execution Time": 234.017}]
[{"Plan": {"Node Type": "Aggregate","Strategy": "Sorted","Partial Mode": "Finalize","Parallel Aware": false,"Async Capable": false,"Startup Cost": 52231.26,"Total Cost": 52266.64,"Plan Rows": 5,"Plan Width": 24,"Actual Startup Time": 211.731,"Actual Total Time": 236.685,"Actual Rows": 5,"Actual Loops": 1,"Group Key": ["orders.o_orderpriority"],"Plans": [{"Node Type": "Gather Merge","Parent Relationship": "Outer","Parallel Aware": false,"Async Capable": false,"Startup Cost": 52231.26,"Total Cost": 52266.52,"Plan Rows": 15,"Plan Width": 24,"Actual Startup Time": 211.358,"Actual Total Time": 236.644,"Actual Rows": 20,"Actual Loops": 1,"Workers Planned": 3,"Workers Launched": 3,"Plans": [{"Node Type": "Aggregate","Strategy": "Sorted","Partial Mode": "Partial","Parent Relationship": "Outer","Parallel Aware": false,"Async Capable": false,"Startup Cost": 51231.22,"Total Cost": 51264.72,"Plan Rows": 5,"Plan Width": 24,"Actual Startup Time": 202.707,"Actual Total Time": 203.957,"Actual Rows": 5,"Actual Loops": 4,"Group Key": ["orders.o_orderpriority"],"Workers": [],"Plans": [{"Node Type": "Sort","Parent Relationship": "Outer","Parallel Aware": false,"Async Capable": false,"Startup Cost": 51231.22,"Total Cost": 51242.37,"Plan Rows": 4460,"Plan Width": 16,"Actual Startup Time": 202.371,"Actual Total Time": 202.882,"Actual Rows": 13097,"Actual Loops": 4,"Sort Key": ["orders.o_orderpriority"],"Sort Method": "quicksort","Sort Space Used": 1098,"Sort Space Type": "Memory","Workers": [{"Worker Number": 0,"Sort Method": "quicksort","Sort Space Used": 1097,"Sort Space Type": "Memory"},{"Worker Number": 1,"Sort Method": "quicksort","Sort Space Used": 1085,"Sort Space Type": "Memory"},{"Worker Number": 2,"Sort Method": "quicksort","Sort Space Used": 1122,"Sort Space Type": "Memory"}],"Plans": [{"Node Type": "Nested Loop","Parent Relationship": "Outer","Parallel Aware": false,"Async Capable": false,"Join Type": "Semi","Startup Cost": 805.48,"Total Cost": 50960.88,"Plan Rows": 4460,"Plan Width": 16,"Actual Startup Time": 5.489,"Actual Total Time": 195.856,"Actual Rows": 13097,"Actual Loops": 4,"Inner Unique": false,"Workers": [],"Plans": [{"Node Type": "Bitmap Heap Scan","Parent Relationship": "Outer","Parallel Aware": true,"Async Capable": false,"Relation Name": "orders","Alias": "orders","Startup Cost": 805.05,"Total Cost": 27181.70,"Plan Rows": 18776,"Plan Width": 20,"Actual Startup Time": 5.323,"Actual Total Time": 57.749,"Actual Rows": 14305,"Actual Loops": 4,"Recheck Cond": "((o_orderdate >= '1994-10-01'::date) AND (o_orderdate < '1995-01-01 00:00:00'::timestamp without time zone))","Rows Removed by Index Recheck": 0,"Exact Heap Blocks": 5772,"Lossy Heap Blocks": 0,"Workers": [],"Plans": [{"Node Type": "Bitmap Index Scan","Parent Relationship": "Outer","Parallel Aware": false,"Async Capable": false,"Index Name": "idx_orders_orderdate","Startup Cost": 0.00,"Total Cost": 790.50,"Plan Rows": 58207,"Plan Width": 0,"Actual Startup Time": 8.588,"Actual Total Time": 8.590,"Actual Rows": 57219,"Actual Loops": 1,"Index Cond": "((o_orderdate >= '1994-10-01'::date) AND (o_orderdate < '1995-01-01 00:00:00'::timestamp without time zone))","Workers": []}]},{"Node Type": "Index Scan","Parent Relationship": "Inner","Parallel Aware": false,"Async Capable": false,"Scan Direction": "Forward","Index Name": "idx_lineitem_orderkey","Relation Name": "lineitem","Alias": "lineitem","Startup Cost": 0.43,"Total Cost": 4.60,"Plan Rows": 6,"Plan Width": 4,"Actual Startup Time": 0.009,"Actual Total Time": 0.009,"Actual Rows": 1,"Actual Loops": 57219,"Index Cond": "(l_orderkey = orders.o_orderkey)","Rows Removed by Index Recheck": 0,"Filter": "(l_commitdate < l_receiptdate)","Rows Removed by Filter": 1,"Workers": []}]}]}]}]}]},"Planning Time": 4.281,"Triggers": [],"Execution Time": 237.379}]
[{"Plan": {"Node Type": "Aggregate","Strategy": "Sorted","Partial Mode": "Finalize","Parallel Aware": false,"Async Capable": false,"Startup Cost": 51600.04,"Total Cost": 51634.39,"Plan Rows": 5,"Plan Width": 24,"Actual Startup Time": 209.883,"Actual Total Time": 233.573,"Actual Rows": 5,"Actual Loops": 1,"Group Key": ["orders.o_orderpriority"],"Plans": [{"Node Type": "Gather Merge","Parent Relationship": "Outer","Parallel Aware": false,"Async Capable": false,"Startup Cost": 51600.04,"Total Cost": 51634.27,"Plan Rows": 15,"Plan Width": 24,"Actual Startup Time": 209.491,"Actual Total Time": 233.547,"Actual Rows": 20,"Actual Loops": 1,"Workers Planned": 3,"Workers Launched": 3,"Plans": [{"Node Type": "Aggregate","Strategy": "Sorted","Partial Mode": "Partial","Parent Relationship": "Outer","Parallel Aware": false,"Async Capable": false,"Startup Cost": 50600.00,"Total Cost": 50632.47,"Plan Rows": 5,"Plan Width": 24,"Actual Startup Time": 200.555,"Actual Total Time": 201.777,"Actual Rows": 5,"Actual Loops": 4,"Group Key": ["orders.o_orderpriority"],"Workers": [],"Plans": [{"Node Type": "Sort","Parent Relationship": "Outer","Parallel Aware": false,"Async Capable": false,"Startup Cost": 50600.00,"Total Cost": 50610.81,"Plan Rows": 4322,"Plan Width": 16,"Actual Startup Time": 200.215,"Actual Total Time": 200.732,"Actual Rows": 12804,"Actual Loops": 4,"Sort Key": ["orders.o_orderpriority"],"Sort Method": "quicksort","Sort Space Used": 1105,"Sort Space Type": "Memory","Workers": [{"Worker Number": 0,"Sort Method": "quicksort","Sort Space Used": 1078,"Sort Space Type": "Memory"},{"Worker Number": 1,"Sort Method": "quicksort","Sort Space Used": 1077,"Sort Space Type": "Memory"},{"Worker Number": 2,"Sort Method": "quicksort","Sort Space Used": 1079,"Sort Space Type": "Memory"}],"Plans": [{"Node Type": "Nested Loop","Parent Relationship": "Outer","Parallel Aware": false,"Async Capable": false,"Join Type": "Semi","Startup Cost": 779.02,"Total Cost": 50339.01,"Plan Rows": 4322,"Plan Width": 16,"Actual Startup Time": 5.636,"Actual Total Time": 193.920,"Actual Rows": 12804,"Actual Loops": 4,"Inner Unique": false,"Workers": [],"Plans": [{"Node Type": "Bitmap Heap Scan","Parent Relationship": "Outer","Parallel Aware": true,"Async Capable": false,"Relation Name": "orders","Alias": "orders","Startup Cost": 778.59,"Total Cost": 27146.52,"Plan Rows": 18195,"Plan Width": 20,"Actual Startup Time": 5.497,"Actual Total Time": 58.362,"Actual Rows": 13981,"Actual Loops": 4,"Recheck Cond": "((o_orderdate >= '1993-01-01'::date) AND (o_orderdate < '1993-04-01 00:00:00'::timestamp without time zone))","Rows Removed by Index Recheck": 0,"Exact Heap Blocks": 5903,"Lossy Heap Blocks": 0,"Workers": [],"Plans": [{"Node Type": "Bitmap Index Scan","Parent Relationship": "Outer","Parallel Aware": false,"Async Capable": false,"Index Name": "idx_orders_orderdate","Startup Cost": 0.00,"Total Cost": 764.49,"Plan Rows": 56406,"Plan Width": 0,"Actual Startup Time": 9.185,"Actual Total Time": 9.187,"Actual Rows": 55924,"Actual Loops": 1,"Index Cond": "((o_orderdate >= '1993-01-01'::date) AND (o_orderdate < '1993-04-01 00:00:00'::timestamp without time zone))","Workers": []}]},{"Node Type": "Index Scan","Parent Relationship": "Inner","Parallel Aware": false,"Async Capable": false,"Scan Direction": "Forward","Index Name": "idx_lineitem_orderkey","Relation Name": "lineitem","Alias": "lineitem","Startup Cost": 0.43,"Total Cost": 4.65,"Plan Rows": 6,"Plan Width": 4,"Actual Startup Time": 0.009,"Actual Total Time": 0.009,"Actual Rows": 1,"Actual Loops": 55924,"Index Cond": "(l_orderkey = orders.o_orderkey)","Rows Removed by Index Recheck": 0,"Filter": "(l_commitdate < l_receiptdate)","Rows Removed by Filter": 1,"Workers": []}]}]}]}]}]},"Planning Time": 4.372,"Triggers": [],"Execution Time": 234.017}]
[{"Plan": {"Node Type": "Aggregate","Strategy": "Sorted","Partial Mode": "Finalize","Parallel Aware": false,"Async Capable": false,"Startup Cost": 51461.99,"Total Cost": 51496.11,"Plan Rows": 5,"Plan Width": 24,"Actual Startup Time": 212.454,"Actual Total Time": 236.291,"Actual Rows": 5,"Actual Loops": 1,"Group Key": ["orders.o_orderpriority"],"Plans": [{"Node Type": "Gather Merge","Parent Relationship": "Outer","Parallel Aware": false,"Async Capable": false,"Startup Cost": 51461.99,"Total Cost": 51495.99,"Plan Rows": 15,"Plan Width": 24,"Actual Startup Time": 212.065,"Actual Total Time": 236.271,"Actual Rows": 20,"Actual Loops": 1,"Workers Planned": 3,"Workers Launched": 3,"Plans": [{"Node Type": "Aggregate","Strategy": "Sorted","Partial Mode": "Partial","Parent Relationship": "Outer","Parallel Aware": false,"Async Capable": false,"Startup Cost": 50461.95,"Total Cost": 50494.18,"Plan Rows": 5,"Plan Width": 24,"Actual Startup Time": 202.874,"Actual Total Time": 204.138,"Actual Rows": 5,"Actual Loops": 4,"Group Key": ["orders.o_orderpriority"],"Workers": [],"Plans": [{"Node Type": "Sort","Parent Relationship": "Outer","Parallel Aware": false,"Async Capable": false,"Startup Cost": 50461.95,"Total Cost": 50472.68,"Plan Rows": 4291,"Plan Width": 16,"Actual Startup Time": 202.525,"Actual Total Time": 203.066,"Actual Rows": 13122,"Actual Loops": 4,"Sort Key": ["orders.o_orderpriority"],"Sort Method": "quicksort","Sort Space Used": 1103,"Sort Space Type": "Memory","Workers": [{"Worker Number": 0,"Sort Method": "quicksort","Sort Space Used": 1114,"Sort Space Type": "Memory"},{"Worker Number": 1,"Sort Method": "quicksort","Sort Space Used": 1111,"Sort Space Type": "Memory"},{"Worker Number": 2,"Sort Method": "quicksort","Sort Space Used": 1081,"Sort Space Type": "Memory"}],"Plans": [{"Node Type": "Nested Loop","Parent Relationship": "Outer","Parallel Aware": false,"Async Capable": false,"Join Type": "Semi","Startup Cost": 774.93,"Total Cost": 50203.05,"Plan Rows": 4291,"Plan Width": 16,"Actual Startup Time": 5.310,"Actual Total Time": 196.109,"Actual Rows": 13122,"Actual Loops": 4,"Inner Unique": false,"Workers": [],"Plans": [{"Node Type": "Bitmap Heap Scan","Parent Relationship": "Outer","Parallel Aware": true,"Async Capable": false,"Relation Name": "orders","Alias": "orders","Startup Cost": 774.50,"Total Cost": 27140.50,"Plan Rows": 18067,"Plan Width": 20,"Actual Startup Time": 5.148,"Actual Total Time": 58.382,"Actual Rows": 14320,"Actual Loops": 4,"Recheck Cond": "((o_orderdate >= '1993-06-01'::date) AND (o_orderdate < '1993-09-01 00:00:00'::timestamp without time zone))","Rows Removed by Index Recheck": 0,"Exact Heap Blocks": 5885,"Lossy Heap Blocks": 0,"Workers": [],"Plans": [{"Node Type": "Bitmap Index Scan","Parent Relationship": "Outer","Parallel Aware": false,"Async Capable": false,"Index Name": "idx_orders_orderdate","Startup Cost": 0.00,"Total Cost": 760.50,"Plan Rows": 56007,"Plan Width": 0,"Actual Startup Time": 8.978,"Actual Total Time": 8.982,"Actual Rows": 57280,"Actual Loops": 1,"Index Cond": "((o_orderdate >= '1993-06-01'::date) AND (o_orderdate < '1993-09-01 00:00:00'::timestamp without time zone))","Workers": []}]},{"Node Type": "Index Scan","Parent Relationship": "Inner","Parallel Aware": false,"Async Capable": false,"Scan Direction": "Forward","Index Name": "idx_lineitem_orderkey","Relation Name": "lineitem","Alias": "lineitem","Startup Cost": 0.43,"Total Cost": 4.65,"Plan Rows": 6,"Plan Width": 4,"Actual Startup Time": 0.009,"Actual Total Time": 0.009,"Actual Rows": 1,"Actual Loops": 57280,"Index Cond": "(l_orderkey = orders.o_orderkey)","Rows Removed by Index Recheck": 0,"Filter": "(l_commitdate < l_receiptdate)","Rows Removed by Filter": 1,"Workers": []}]}]}]}]}]},"Planning Time": 4.339,"Triggers": [],"Execution Time": 236.742}]
[{"Plan": {"Node Type": "Aggregate","Strategy": "Sorted","Partial Mode": "Finalize","Parallel Aware": false,"Async Capable": false,"Startup Cost": 51806.85,"Total Cost": 51841.53,"Plan Rows": 5,"Plan Width": 24,"Actual Startup Time": 211.634,"Actual Total Time": 235.430,"Actual Rows": 5,"Actual Loops": 1,"Group Key": ["orders.o_orderpriority"],"Plans": [{"Node Type": "Gather Merge","Parent Relationship": "Outer","Parallel Aware": false,"Async Capable": false,"Startup Cost": 51806.85,"Total Cost": 51841.41,"Plan Rows": 15,"Plan Width": 24,"Actual Startup Time": 211.199,"Actual Total Time": 235.391,"Actual Rows": 20,"Actual Loops": 1,"Workers Planned": 3,"Workers Launched": 3,"Plans": [{"Node Type": "Aggregate","Strategy": "Sorted","Partial Mode": "Partial","Parent Relationship": "Outer","Parallel Aware": false,"Async Capable": false,"Startup Cost": 50806.81,"Total Cost": 50839.60,"Plan Rows": 5,"Plan Width": 24,"Actual Startup Time": 202.395,"Actual Total Time": 203.672,"Actual Rows": 5,"Actual Loops": 4,"Group Key": ["orders.o_orderpriority"],"Workers": [],"Plans": [{"Node Type": "Sort","Parent Relationship": "Outer","Parallel Aware": false,"Async Capable": false,"Startup Cost": 50806.81,"Total Cost": 50817.72,"Plan Rows": 4366,"Plan Width": 16,"Actual Startup Time": 202.049,"Actual Total Time": 202.590,"Actual Rows": 13258,"Actual Loops": 4,"Sort Key": ["orders.o_orderpriority"],"Sort Method": "quicksort","Sort Space Used": 1114,"Sort Space Type": "Memory","Workers": [{"Worker Number": 0,"Sort Method": "quicksort","Sort Space Used": 1109,"Sort Space Type": "Memory"},{"Worker Number": 1,"Sort Method": "quicksort","Sort Space Used": 1115,"Sort Space Type": "Memory"},{"Worker Number": 2,"Sort Method": "quicksort","Sort Space Used": 1101,"Sort Space Type": "Memory"}],"Plans": [{"Node Type": "Nested Loop","Parent Relationship": "Outer","Parallel Aware": false,"Async Capable": false,"Join Type": "Semi","Startup Cost": 789.02,"Total Cost": 50542.84,"Plan Rows": 4366,"Plan Width": 16,"Actual Startup Time": 5.557,"Actual Total Time": 195.523,"Actual Rows": 13258,"Actual Loops": 4,"Inner Unique": false,"Workers": [],"Plans": [{"Node Type": "Bitmap Heap Scan","Parent Relationship": "Outer","Parallel Aware": true,"Async Capable": false,"Relation Name": "orders","Alias": "orders","Startup Cost": 788.59,"Total Cost": 27159.35,"Plan Rows": 18384,"Plan Width": 20,"Actual Startup Time": 5.423,"Actual Total Time": 57.919,"Actual Rows": 14451,"Actual Loops": 4,"Recheck Cond": "((o_orderdate >= '1995-06-01'::date) AND (o_orderdate < '1995-09-01 00:00:00'::timestamp without time zone))","Rows Removed by Index Recheck": 0,"Exact Heap Blocks": 5887,"Lossy Heap Blocks": 0,"Workers": [],"Plans": [{"Node Type": "Bitmap Index Scan","Parent Relationship": "Outer","Parallel Aware": false,"Async Capable": false,"Index Name": "idx_orders_orderdate","Startup Cost": 0.00,"Total Cost": 774.34,"Plan Rows": 56991,"Plan Width": 0,"Actual Startup Time": 8.828,"Actual Total Time": 8.830,"Actual Rows": 57805,"Actual Loops": 1,"Index Cond": "((o_orderdate >= '1995-06-01'::date) AND (o_orderdate < '1995-09-01 00:00:00'::timestamp without time zone))","Workers": []}]},{"Node Type": "Index Scan","Parent Relationship": "Inner","Parallel Aware": false,"Async Capable": false,"Scan Direction": "Forward","Index Name": "idx_lineitem_orderkey","Relation Name": "lineitem","Alias": "lineitem","Startup Cost": 0.43,"Total Cost": 4.63,"Plan Rows": 6,"Plan Width": 4,"Actual Startup Time": 0.009,"Actual Total Time": 0.009,"Actual Rows": 1,"Actual Loops": 57805,"Index Cond": "(l_orderkey = orders.o_orderkey)","Rows Removed by Index Recheck": 0,"Filter": "(l_commitdate < l_receiptdate)","Rows Removed by Filter": 1,"Workers": []}]}]}]}]}]},"Planning Time": 5.875,"Triggers": [],"Execution Time": 235.870}]
[{"Plan": {"Node Type": "Aggregate","Strategy": "Sorted","Partial Mode": "Finalize","Parallel Aware": false,"Async Capable": false,"Startup Cost": 51933.44,"Total Cost": 51968.34,"Plan Rows": 5,"Plan Width": 24,"Actual Startup Time": 210.135,"Actual Total Time": 234.741,"Actual Rows": 5,"Actual Loops": 1,"Group Key": ["orders.o_orderpriority"],"Plans": [{"Node Type": "Gather Merge","Parent Relationship": "Outer","Parallel Aware": false,"Async Capable": false,"Startup Cost": 51933.44,"Total Cost": 51968.21,"Plan Rows": 15,"Plan Width": 24,"Actual Startup Time": 209.800,"Actual Total Time": 234.712,"Actual Rows": 20,"Actual Loops": 1,"Workers Planned": 3,"Workers Launched": 3,"Plans": [{"Node Type": "Aggregate","Strategy": "Sorted","Partial Mode": "Partial","Parent Relationship": "Outer","Parallel Aware": false,"Async Capable": false,"Startup Cost": 50933.40,"Total Cost": 50966.41,"Plan Rows": 5,"Plan Width": 24,"Actual Startup Time": 201.015,"Actual Total Time": 202.241,"Actual Rows": 5,"Actual Loops": 4,"Group Key": ["orders.o_orderpriority"],"Workers": [],"Plans": [{"Node Type": "Sort","Parent Relationship": "Outer","Parallel Aware": false,"Async Capable": false,"Startup Cost": 50933.40,"Total Cost": 50944.39,"Plan Rows": 4394,"Plan Width": 16,"Actual Startup Time": 200.667,"Actual Total Time": 201.175,"Actual Rows": 12952,"Actual Loops": 4,"Sort Key": ["orders.o_orderpriority"],"Sort Method": "quicksort","Sort Space Used": 1081,"Sort Space Type": "Memory","Workers": [{"Worker Number": 0,"Sort Method": "quicksort","Sort Space Used": 1073,"Sort Space Type": "Memory"},{"Worker Number": 1,"Sort Method": "quicksort","Sort Space Used": 1106,"Sort Space Type": "Memory"},{"Worker Number": 2,"Sort Method": "quicksort","Sort Space Used": 1111,"Sort Space Type": "Memory"}],"Plans": [{"Node Type": "Nested Loop","Parent Relationship": "Outer","Parallel Aware": false,"Async Capable": false,"Join Type": "Semi","Startup Cost": 792.75,"Total Cost": 50667.54,"Plan Rows": 4394,"Plan Width": 16,"Actual Startup Time": 5.437,"Actual Total Time": 194.283,"Actual Rows": 12952,"Actual Loops": 4,"Inner Unique": false,"Workers": [],"Plans": [{"Node Type": "Bitmap Heap Scan","Parent Relationship": "Outer","Parallel Aware": true,"Async Capable": false,"Relation Name": "orders","Alias": "orders","Startup Cost": 792.32,"Total Cost": 27164.84,"Plan Rows": 18502,"Plan Width": 20,"Actual Startup Time": 5.284,"Actual Total Time": 57.970,"Actual Rows": 14142,"Actual Loops": 4,"Recheck Cond": "((o_orderdate >= '1996-01-01'::date) AND (o_orderdate < '1996-04-01 00:00:00'::timestamp without time zone))","Rows Removed by Index Recheck": 0,"Exact Heap Blocks": 5656,"Lossy Heap Blocks": 0,"Workers": [],"Plans": [{"Node Type": "Bitmap Index Scan","Parent Relationship": "Outer","Parallel Aware": false,"Async Capable": false,"Index Name": "idx_orders_orderdate","Startup Cost": 0.00,"Total Cost": 777.98,"Plan Rows": 57355,"Plan Width": 0,"Actual Startup Time": 8.943,"Actual Total Time": 8.944,"Actual Rows": 56568,"Actual Loops": 1,"Index Cond": "((o_orderdate >= '1996-01-01'::date) AND (o_orderdate < '1996-04-01 00:00:00'::timestamp without time zone))","Workers": []}]},{"Node Type": "Index Scan","Parent Relationship": "Inner","Parallel Aware": false,"Async Capable": false,"Scan Direction": "Forward","Index Name": "idx_lineitem_orderkey","Relation Name": "lineitem","Alias": "lineitem","Startup Cost": 0.43,"Total Cost": 4.62,"Plan Rows": 6,"Plan Width": 4,"Actual Startup Time": 0.009,"Actual Total Time": 0.009,"Actual Rows": 1,"Actual Loops": 56568,"Index Cond": "(l_orderkey = orders.o_orderkey)","Rows Removed by Index Recheck": 0,"Filter": "(l_commitdate < l_receiptdate)","Rows Removed by Filter": 1,"Workers": []}]}]}]}]}]},"Planning Time": 4.607,"Triggers": [],"Execution Time": 235.195}]
[{"Plan": {"Node Type": "Aggregate","Strategy": "Sorted","Partial Mode": "Finalize","Parallel Aware": false,"Async Capable": false,"Startup Cost": 52255.71,"Total Cost": 52291.13,"Plan Rows": 5,"Plan Width": 24,"Actual Startup Time": 211.972,"Actual Total Time": 236.561,"Actual Rows": 5,"Actual Loops": 1,"Group Key": ["orders.o_orderpriority"],"Plans": [{"Node Type": "Gather Merge","Parent Relationship": "Outer","Parallel Aware": false,"Async Capable": false,"Startup Cost": 52255.71,"Total Cost": 52291.01,"Plan Rows": 15,"Plan Width": 24,"Actual Startup Time": 211.618,"Actual Total Time": 236.530,"Actual Rows": 20,"Actual Loops": 1,"Workers Planned": 3,"Workers Launched": 3,"Plans": [{"Node Type": "Aggregate","Strategy": "Sorted","Partial Mode": "Partial","Parent Relationship": "Outer","Parallel Aware": false,"Async Capable": false,"Startup Cost": 51255.67,"Total Cost": 51289.20,"Plan Rows": 5,"Plan Width": 24,"Actual Startup Time": 202.468,"Actual Total Time": 203.726,"Actual Rows": 5,"Actual Loops": 4,"Group Key": ["orders.o_orderpriority"],"Workers": [],"Plans": [{"Node Type": "Sort","Parent Relationship": "Outer","Parallel Aware": false,"Async Capable": false,"Startup Cost": 51255.67,"Total Cost": 51266.83,"Plan Rows": 4465,"Plan Width": 16,"Actual Startup Time": 202.127,"Actual Total Time": 202.650,"Actual Rows": 13181,"Actual Loops": 4,"Sort Key": ["orders.o_orderpriority"],"Sort Method": "quicksort","Sort Space Used": 1096,"Sort Space Type": "Memory","Workers": [{"Worker Number": 0,"Sort Method": "quicksort","Sort Space Used": 1118,"Sort Space Type": "Memory"},{"Worker Number": 1,"Sort Method": "quicksort","Sort Space Used": 1123,"Sort Space Type": "Memory"},{"Worker Number": 2,"Sort Method": "quicksort","Sort Space Used": 1084,"Sort Space Type": "Memory"}],"Plans": [{"Node Type": "Nested Loop","Parent Relationship": "Outer","Parallel Aware": false,"Async Capable": false,"Join Type": "Semi","Startup Cost": 806.21,"Total Cost": 50984.99,"Plan Rows": 4465,"Plan Width": 16,"Actual Startup Time": 5.123,"Actual Total Time": 195.709,"Actual Rows": 13181,"Actual Loops": 4,"Inner Unique": false,"Workers": [],"Plans": [{"Node Type": "Bitmap Heap Scan","Parent Relationship": "Outer","Parallel Aware": true,"Async Capable": false,"Relation Name": "orders","Alias": "orders","Startup Cost": 805.78,"Total Cost": 27182.77,"Plan Rows": 18799,"Plan Width": 20,"Actual Startup Time": 5.001,"Actual Total Time": 57.882,"Actual Rows": 14368,"Actual Loops": 4,"Recheck Cond": "((o_orderdate >= '1994-06-01'::date) AND (o_orderdate < '1994-09-01 00:00:00'::timestamp without time zone))","Rows Removed by Index Recheck": 0,"Exact Heap Blocks": 5811,"Lossy Heap Blocks": 0,"Workers": [],"Plans": [{"Node Type": "Bitmap Index Scan","Parent Relationship": "Outer","Parallel Aware": false,"Async Capable": false,"Index Name": "idx_orders_orderdate","Startup Cost": 0.00,"Total Cost": 791.21,"Plan Rows": 58278,"Plan Width": 0,"Actual Startup Time": 8.690,"Actual Total Time": 8.694,"Actual Rows": 57474,"Actual Loops": 1,"Index Cond": "((o_orderdate >= '1994-06-01'::date) AND (o_orderdate < '1994-09-01 00:00:00'::timestamp without time zone))","Workers": []}]},{"Node Type": "Index Scan","Parent Relationship": "Inner","Parallel Aware": false,"Async Capable": false,"Scan Direction": "Forward","Index Name": "idx_lineitem_orderkey","Relation Name": "lineitem","Alias": "lineitem","Startup Cost": 0.43,"Total Cost": 4.60,"Plan Rows": 6,"Plan Width": 4,"Actual Startup Time": 0.009,"Actual Total Time": 0.009,"Actual Rows": 1,"Actual Loops": 57474,"Index Cond": "(l_orderkey = orders.o_orderkey)","Rows Removed by Index Recheck": 0,"Filter": "(l_commitdate < l_receiptdate)","Rows Removed by Filter": 1,"Workers": []}]}]}]}]}]},"Planning Time": 5.449,"Triggers": [],"Execution Time": 237.068}]
[{"Plan": {"Node Type": "Aggregate","Strategy": "Sorted","Partial Mode": "Finalize","Parallel Aware": false,"Async Capable": false,"Startup Cost": 51940.16,"Total Cost": 51975.07,"Plan Rows": 5,"Plan Width": 24,"Actual Startup Time": 211.263,"Actual Total Time": 234.879,"Actual Rows": 5,"Actual Loops": 1,"Group Key": ["orders.o_orderpriority"],"Plans": [{"Node Type": "Gather Merge","Parent Relationship": "Outer","Parallel Aware": false,"Async Capable": false,"Startup Cost": 51940.16,"Total Cost": 51974.94,"Plan Rows": 15,"Plan Width": 24,"Actual Startup Time": 210.877,"Actual Total Time": 234.864,"Actual Rows": 20,"Actual Loops": 1,"Workers Planned": 3,"Workers Launched": 3,"Plans": [{"Node Type": "Aggregate","Strategy": "Sorted","Partial Mode": "Partial","Parent Relationship": "Outer","Parallel Aware": false,"Async Capable": false,"Startup Cost": 50940.12,"Total Cost": 50973.14,"Plan Rows": 5,"Plan Width": 24,"Actual Startup Time": 202.192,"Actual Total Time": 203.439,"Actual Rows": 5,"Actual Loops": 4,"Group Key": ["orders.o_orderpriority"],"Workers": [],"Plans": [{"Node Type": "Sort","Parent Relationship": "Outer","Parallel Aware": false,"Async Capable": false,"Startup Cost": 50940.12,"Total Cost": 50951.11,"Plan Rows": 4396,"Plan Width": 16,"Actual Startup Time": 201.842,"Actual Total Time": 202.379,"Actual Rows": 12924,"Actual Loops": 4,"Sort Key": ["orders.o_orderpriority"],"Sort Method": "quicksort","Sort Space Used": 1100,"Sort Space Type": "Memory","Workers": [{"Worker Number": 0,"Sort Method": "quicksort","Sort Space Used": 1089,"Sort Space Type": "Memory"},{"Worker Number": 1,"Sort Method": "quicksort","Sort Space Used": 1093,"Sort Space Type": "Memory"},{"Worker Number": 2,"Sort Method": "quicksort","Sort Space Used": 1083,"Sort Space Type": "Memory"}],"Plans": [{"Node Type": "Nested Loop","Parent Relationship": "Outer","Parallel Aware": false,"Async Capable": false,"Join Type": "Semi","Startup Cost": 792.95,"Total Cost": 50674.12,"Plan Rows": 4396,"Plan Width": 16,"Actual Startup Time": 4.945,"Actual Total Time": 195.397,"Actual Rows": 12924,"Actual Loops": 4,"Inner Unique": false,"Workers": [],"Plans": [{"Node Type": "Bitmap Heap Scan","Parent Relationship": "Outer","Parallel Aware": true,"Async Capable": false,"Relation Name": "orders","Alias": "orders","Startup Cost": 792.52,"Total Cost": 27165.14,"Plan Rows": 18508,"Plan Width": 20,"Actual Startup Time": 4.819,"Actual Total Time": 58.917,"Actual Rows": 14087,"Actual Loops": 4,"Recheck Cond": "((o_orderdate >= '1994-01-01'::date) AND (o_orderdate < '1994-04-01 00:00:00'::timestamp without time zone))","Rows Removed by Index Recheck": 0,"Exact Heap Blocks": 5893,"Lossy Heap Blocks": 0,"Workers": [],"Plans": [{"Node Type": "Bitmap Index Scan","Parent Relationship": "Outer","Parallel Aware": false,"Async Capable": false,"Index Name": "idx_orders_orderdate","Startup Cost": 0.00,"Total Cost": 778.18,"Plan Rows": 57375,"Plan Width": 0,"Actual Startup Time": 8.242,"Actual Total Time": 8.244,"Actual Rows": 56349,"Actual Loops": 1,"Index Cond": "((o_orderdate >= '1994-01-01'::date) AND (o_orderdate < '1994-04-01 00:00:00'::timestamp without time zone))","Workers": []}]},{"Node Type": "Index Scan","Parent Relationship": "Inner","Parallel Aware": false,"Async Capable": false,"Scan Direction": "Forward","Index Name": "idx_lineitem_orderkey","Relation Name": "lineitem","Alias": "lineitem","Startup Cost": 0.43,"Total Cost": 4.62,"Plan Rows": 6,"Plan Width": 4,"Actual Startup Time": 0.009,"Actual Total Time": 0.009,"Actual Rows": 1,"Actual Loops": 56349,"Index Cond": "(l_orderkey = orders.o_orderkey)","Rows Removed by Index Recheck": 0,"Filter": "(l_commitdate < l_receiptdate)","Rows Removed by Filter": 1,"Workers": []}]}]}]}]}]},"Planning Time": 4.809,"Triggers": [],"Execution Time": 235.387}]
[{"Plan": {"Node Type": "Aggregate","Strategy": "Sorted","Partial Mode": "Finalize","Parallel Aware": false,"Async Capable": false,"Startup Cost": 52369.77,"Total Cost": 52405.38,"Plan Rows": 5,"Plan Width": 24,"Actual Startup Time": 215.492,"Actual Total Time": 239.622,"Actual Rows": 5,"Actual Loops": 1,"Group Key": ["orders.o_orderpriority"],"Plans": [{"Node Type": "Gather Merge","Parent Relationship": "Outer","Parallel Aware": false,"Async Capable": false,"Startup Cost": 52369.77,"Total Cost": 52405.25,"Plan Rows": 15,"Plan Width": 24,"Actual Startup Time": 215.087,"Actual Total Time": 239.593,"Actual Rows": 20,"Actual Loops": 1,"Workers Planned": 3,"Workers Launched": 3,"Plans": [{"Node Type": "Aggregate","Strategy": "Sorted","Partial Mode": "Partial","Parent Relationship": "Outer","Parallel Aware": false,"Async Capable": false,"Startup Cost": 51369.73,"Total Cost": 51403.45,"Plan Rows": 5,"Plan Width": 24,"Actual Startup Time": 206.356,"Actual Total Time": 207.630,"Actual Rows": 5,"Actual Loops": 4,"Group Key": ["orders.o_orderpriority"],"Workers": [],"Plans": [{"Node Type": "Sort","Parent Relationship": "Outer","Parallel Aware": false,"Async Capable": false,"Startup Cost": 51369.73,"Total Cost": 51380.95,"Plan Rows": 4490,"Plan Width": 16,"Actual Startup Time": 206.011,"Actual Total Time": 206.540,"Actual Rows": 13264,"Actual Loops": 4,"Sort Key": ["orders.o_orderpriority"],"Sort Method": "quicksort","Sort Space Used": 1130,"Sort Space Type": "Memory","Workers": [{"Worker Number": 0,"Sort Method": "quicksort","Sort Space Used": 1100,"Sort Space Type": "Memory"},{"Worker Number": 1,"Sort Method": "quicksort","Sort Space Used": 1108,"Sort Space Type": "Memory"},{"Worker Number": 2,"Sort Method": "quicksort","Sort Space Used": 1102,"Sort Space Type": "Memory"}],"Plans": [{"Node Type": "Nested Loop","Parent Relationship": "Outer","Parallel Aware": false,"Async Capable": false,"Join Type": "Semi","Startup Cost": 809.60,"Total Cost": 51097.35,"Plan Rows": 4490,"Plan Width": 16,"Actual Startup Time": 5.570,"Actual Total Time": 199.495,"Actual Rows": 13264,"Actual Loops": 4,"Inner Unique": false,"Workers": [],"Plans": [{"Node Type": "Bitmap Heap Scan","Parent Relationship": "Outer","Parallel Aware": true,"Async Capable": false,"Relation Name": "orders","Alias": "orders","Startup Cost": 809.17,"Total Cost": 27187.76,"Plan Rows": 18906,"Plan Width": 20,"Actual Startup Time": 5.437,"Actual Total Time": 60.429,"Actual Rows": 14458,"Actual Loops": 4,"Recheck Cond": "((o_orderdate >= '1996-06-01'::date) AND (o_orderdate < '1996-09-01 00:00:00'::timestamp without time zone))","Rows Removed by Index Recheck": 0,"Exact Heap Blocks": 5975,"Lossy Heap Blocks": 0,"Workers": [],"Plans": [{"Node Type": "Bitmap Index Scan","Parent Relationship": "Outer","Parallel Aware": false,"Async Capable": false,"Index Name": "idx_orders_orderdate","Startup Cost": 0.00,"Total Cost": 794.52,"Plan Rows": 58609,"Plan Width": 0,"Actual Startup Time": 8.889,"Actual Total Time": 8.890,"Actual Rows": 57832,"Actual Loops": 1,"Index Cond": "((o_orderdate >= '1996-06-01'::date) AND (o_orderdate < '1996-09-01 00:00:00'::timestamp without time zone))","Workers": []}]},{"Node Type": "Index Scan","Parent Relationship": "Inner","Parallel Aware": false,"Async Capable": false,"Scan Direction": "Forward","Index Name": "idx_lineitem_orderkey","Relation Name": "lineitem","Alias": "lineitem","Startup Cost": 0.43,"Total Cost": 4.59,"Plan Rows": 6,"Plan Width": 4,"Actual Startup Time": 0.009,"Actual Total Time": 0.009,"Actual Rows": 1,"Actual Loops": 57832,"Index Cond": "(l_orderkey = orders.o_orderkey)","Rows Removed by Index Recheck": 0,"Filter": "(l_commitdate < l_receiptdate)","Rows Removed by Filter": 1,"Workers": []}]}]}]}]}]},"Planning Time": 4.853,"Triggers": [],"Execution Time": 240.068}]
[{"Plan": {"Node Type": "Aggregate","Strategy": "Sorted","Partial Mode": "Finalize","Parallel Aware": false,"Async Capable": false,"Startup Cost": 51238.03,"Total Cost": 51271.79,"Plan Rows": 5,"Plan Width": 24,"Actual Startup Time": 206.342,"Actual Total Time": 229.906,"Actual Rows": 5,"Actual Loops": 1,"Group Key": ["orders.o_orderpriority"],"Plans": [{"Node Type": "Gather Merge","Parent Relationship": "Outer","Parallel Aware": false,"Async Capable": false,"Startup Cost": 51238.03,"Total Cost": 51271.66,"Plan Rows": 15,"Plan Width": 24,"Actual Startup Time": 205.980,"Actual Total Time": 229.872,"Actual Rows": 20,"Actual Loops": 1,"Workers Planned": 3,"Workers Launched": 3,"Plans": [{"Node Type": "Aggregate","Strategy": "Sorted","Partial Mode": "Partial","Parent Relationship": "Outer","Parallel Aware": false,"Async Capable": false,"Startup Cost": 50237.99,"Total Cost": 50269.86,"Plan Rows": 5,"Plan Width": 24,"Actual Startup Time": 197.337,"Actual Total Time": 198.545,"Actual Rows": 5,"Actual Loops": 4,"Group Key": ["orders.o_orderpriority"],"Workers": [],"Plans": [{"Node Type": "Sort","Parent Relationship": "Outer","Parallel Aware": false,"Async Capable": false,"Startup Cost": 50237.99,"Total Cost": 50248.60,"Plan Rows": 4242,"Plan Width": 16,"Actual Startup Time": 196.993,"Actual Total Time": 197.500,"Actual Rows": 12841,"Actual Loops": 4,"Sort Key": ["orders.o_orderpriority"],"Sort Method": "quicksort","Sort Space Used": 1096,"Sort Space Type": "Memory","Workers": [{"Worker Number": 0,"Sort Method": "quicksort","Sort Space Used": 1080,"Sort Space Type": "Memory"},{"Worker Number": 1,"Sort Method": "quicksort","Sort Space Used": 1090,"Sort Space Type": "Memory"},{"Worker Number": 2,"Sort Method": "quicksort","Sort Space Used": 1080,"Sort Space Type": "Memory"}],"Plans": [{"Node Type": "Nested Loop","Parent Relationship": "Outer","Parallel Aware": false,"Async Capable": false,"Join Type": "Semi","Startup Cost": 768.33,"Total Cost": 49982.40,"Plan Rows": 4242,"Plan Width": 16,"Actual Startup Time": 4.735,"Actual Total Time": 190.817,"Actual Rows": 12841,"Actual Loops": 4,"Inner Unique": false,"Workers": [],"Plans": [{"Node Type": "Bitmap Heap Scan","Parent Relationship": "Outer","Parallel Aware": true,"Async Capable": false,"Relation Name": "orders","Alias": "orders","Startup Cost": 767.90,"Total Cost": 27130.78,"Plan Rows": 17859,"Plan Width": 20,"Actual Startup Time": 4.625,"Actual Total Time": 56.703,"Actual Rows": 14004,"Actual Loops": 4,"Recheck Cond": "((o_orderdate >= '1996-12-01'::date) AND (o_orderdate < '1997-03-01 00:00:00'::timestamp without time zone))","Rows Removed by Index Recheck": 0,"Exact Heap Blocks": 5899,"Lossy Heap Blocks": 0,"Workers": [],"Plans": [{"Node Type": "Bitmap Index Scan","Parent Relationship": "Outer","Parallel Aware": false,"Async Capable": false,"Index Name": "idx_orders_orderdate","Startup Cost": 0.00,"Total Cost": 754.06,"Plan Rows": 55363,"Plan Width": 0,"Actual Startup Time": 8.139,"Actual Total Time": 8.140,"Actual Rows": 56016,"Actual Loops": 1,"Index Cond": "((o_orderdate >= '1996-12-01'::date) AND (o_orderdate < '1997-03-01 00:00:00'::timestamp without time zone))","Workers": []}]},{"Node Type": "Index Scan","Parent Relationship": "Inner","Parallel Aware": false,"Async Capable": false,"Scan Direction": "Forward","Index Name": "idx_lineitem_orderkey","Relation Name": "lineitem","Alias": "lineitem","Startup Cost": 0.43,"Total Cost": 4.67,"Plan Rows": 6,"Plan Width": 4,"Actual Startup Time": 0.009,"Actual Total Time": 0.009,"Actual Rows": 1,"Actual Loops": 56016,"Index Cond": "(l_orderkey = orders.o_orderkey)","Rows Removed by Index Recheck": 0,"Filter": "(l_commitdate < l_receiptdate)","Rows Removed by Filter": 1,"Workers": []}]}]}]}]}]},"Planning Time": 5.768,"Triggers": [],"Execution Time": 230.293}]
[{"Plan": {"Node Type": "Aggregate","Strategy": "Sorted","Partial Mode": "Finalize","Parallel Aware": false,"Async Capable": false,"Startup Cost": 53209.81,"Total Cost": 53246.81,"Plan Rows": 5,"Plan Width": 24,"Actual Startup Time": 207.732,"Actual Total Time": 232.619,"Actual Rows": 5,"Actual Loops": 1,"Group Key": ["orders.o_orderpriority"],"Plans": [{"Node Type": "Gather Merge","Parent Relationship": "Outer","Parallel Aware": false,"Async Capable": false,"Startup Cost": 53209.81,"Total Cost": 53246.69,"Plan Rows": 15,"Plan Width": 24,"Actual Startup Time": 207.377,"Actual Total Time": 232.588,"Actual Rows": 20,"Actual Loops": 1,"Workers Planned": 3,"Workers Launched": 3,"Plans": [{"Node Type": "Aggregate","Strategy": "Sorted","Partial Mode": "Partial","Parent Relationship": "Outer","Parallel Aware": false,"Async Capable": false,"Startup Cost": 52209.77,"Total Cost": 52244.88,"Plan Rows": 5,"Plan Width": 24,"Actual Startup Time": 198.882,"Actual Total Time": 200.134,"Actual Rows": 5,"Actual Loops": 4,"Group Key": ["orders.o_orderpriority"],"Workers": [],"Plans": [{"Node Type": "Sort","Parent Relationship": "Outer","Parallel Aware": false,"Async Capable": false,"Startup Cost": 52209.77,"Total Cost": 52221.46,"Plan Rows": 4675,"Plan Width": 16,"Actual Startup Time": 198.544,"Actual Total Time": 199.052,"Actual Rows": 13222,"Actual Loops": 4,"Sort Key": ["orders.o_orderpriority"],"Sort Method": "quicksort","Sort Space Used": 1094,"Sort Space Type": "Memory","Workers": [{"Worker Number": 0,"Sort Method": "quicksort","Sort Space Used": 1120,"Sort Space Type": "Memory"},{"Worker Number": 1,"Sort Method": "quicksort","Sort Space Used": 1093,"Sort Space Type": "Memory"},{"Worker Number": 2,"Sort Method": "quicksort","Sort Space Used": 1123,"Sort Space Type": "Memory"}],"Plans": [{"Node Type": "Nested Loop","Parent Relationship": "Outer","Parallel Aware": false,"Async Capable": false,"Join Type": "Semi","Startup Cost": 846.31,"Total Cost": 51924.81,"Plan Rows": 4675,"Plan Width": 16,"Actual Startup Time": 5.243,"Actual Total Time": 192.109,"Actual Rows": 13222,"Actual Loops": 4,"Inner Unique": false,"Workers": [],"Plans": [{"Node Type": "Bitmap Heap Scan","Parent Relationship": "Outer","Parallel Aware": true,"Async Capable": false,"Relation Name": "orders","Alias": "orders","Startup Cost": 845.88,"Total Cost": 27236.14,"Plan Rows": 19684,"Plan Width": 20,"Actual Startup Time": 5.114,"Actual Total Time": 55.968,"Actual Rows": 14421,"Actual Loops": 4,"Recheck Cond": "((o_orderdate >= '1994-11-01'::date) AND (o_orderdate < '1995-02-01 00:00:00'::timestamp without time zone))","Rows Removed by Index Recheck": 0,"Exact Heap Blocks": 5745,"Lossy Heap Blocks": 0,"Workers": [],"Plans": [{"Node Type": "Bitmap Index Scan","Parent Relationship": "Outer","Parallel Aware": false,"Async Capable": false,"Index Name": "idx_orders_orderdate","Startup Cost": 0.00,"Total Cost": 830.63,"Plan Rows": 61020,"Plan Width": 0,"Actual Startup Time": 8.417,"Actual Total Time": 8.421,"Actual Rows": 57683,"Actual Loops": 1,"Index Cond": "((o_orderdate >= '1994-11-01'::date) AND (o_orderdate < '1995-02-01 00:00:00'::timestamp without time zone))","Workers": []}]},{"Node Type": "Index Scan","Parent Relationship": "Inner","Parallel Aware": false,"Async Capable": false,"Scan Direction": "Forward","Index Name": "idx_lineitem_orderkey","Relation Name": "lineitem","Alias": "lineitem","Startup Cost": 0.43,"Total Cost": 4.54,"Plan Rows": 6,"Plan Width": 4,"Actual Startup Time": 0.009,"Actual Total Time": 0.009,"Actual Rows": 1,"Actual Loops": 57683,"Index Cond": "(l_orderkey = orders.o_orderkey)","Rows Removed by Index Recheck": 0,"Filter": "(l_commitdate < l_receiptdate)","Rows Removed by Filter": 1,"Workers": []}]}]}]}]}]},"Planning Time": 5.319,"Triggers": [],"Execution Time": 233.260}]
[{"Plan": {"Node Type": "Aggregate","Strategy": "Sorted","Partial Mode": "Finalize","Parallel Aware": false,"Async Capable": false,"Startup Cost": 51563.06,"Total Cost": 51597.36,"Plan Rows": 5,"Plan Width": 24,"Actual Startup Time": 209.353,"Actual Total Time": 233.705,"Actual Rows": 5,"Actual Loops": 1,"Group Key": ["orders.o_orderpriority"],"Plans": [{"Node Type": "Gather Merge","Parent Relationship": "Outer","Parallel Aware": false,"Async Capable": false,"Startup Cost": 51563.06,"Total Cost": 51597.23,"Plan Rows": 15,"Plan Width": 24,"Actual Startup Time": 208.928,"Actual Total Time": 233.674,"Actual Rows": 20,"Actual Loops": 1,"Workers Planned": 3,"Workers Launched": 3,"Plans": [{"Node Type": "Aggregate","Strategy": "Sorted","Partial Mode": "Partial","Parent Relationship": "Outer","Parallel Aware": false,"Async Capable": false,"Startup Cost": 50563.02,"Total Cost": 50595.43,"Plan Rows": 5,"Plan Width": 24,"Actual Startup Time": 200.123,"Actual Total Time": 201.359,"Actual Rows": 5,"Actual Loops": 4,"Group Key": ["orders.o_orderpriority"],"Workers": [],"Plans": [{"Node Type": "Sort","Parent Relationship": "Outer","Parallel Aware": false,"Async Capable": false,"Startup Cost": 50563.02,"Total Cost": 50573.81,"Plan Rows": 4314,"Plan Width": 16,"Actual Startup Time": 199.793,"Actual Total Time": 200.293,"Actual Rows": 12936,"Actual Loops": 4,"Sort Key": ["orders.o_orderpriority"],"Sort Method": "quicksort","Sort Space Used": 1088,"Sort Space Type": "Memory","Workers": [{"Worker Number": 0,"Sort Method": "quicksort","Sort Space Used": 1073,"Sort Space Type": "Memory"},{"Worker Number": 1,"Sort Method": "quicksort","Sort Space Used": 1104,"Sort Space Type": "Memory"},{"Worker Number": 2,"Sort Method": "quicksort","Sort Space Used": 1102,"Sort Space Type": "Memory"}],"Plans": [{"Node Type": "Nested Loop","Parent Relationship": "Outer","Parallel Aware": false,"Async Capable": false,"Join Type": "Semi","Startup Cost": 777.94,"Total Cost": 50302.57,"Plan Rows": 4314,"Plan Width": 16,"Actual Startup Time": 5.390,"Actual Total Time": 193.555,"Actual Rows": 12936,"Actual Loops": 4,"Inner Unique": false,"Workers": [],"Plans": [{"Node Type": "Bitmap Heap Scan","Parent Relationship": "Outer","Parallel Aware": true,"Async Capable": false,"Relation Name": "orders","Alias": "orders","Startup Cost": 777.50,"Total Cost": 27144.92,"Plan Rows": 18161,"Plan Width": 20,"Actual Startup Time": 5.246,"Actual Total Time": 58.249,"Actual Rows": 14114,"Actual Loops": 4,"Recheck Cond": "((o_orderdate >= '1997-09-01'::date) AND (o_orderdate < '1997-12-01 00:00:00'::timestamp without time zone))","Rows Removed by Index Recheck": 0,"Exact Heap Blocks": 5736,"Lossy Heap Blocks": 0,"Workers": [],"Plans": [{"Node Type": "Bitmap Index Scan","Parent Relationship": "Outer","Parallel Aware": false,"Async Capable": false,"Index Name": "idx_orders_orderdate","Startup Cost": 0.00,"Total Cost": 763.43,"Plan Rows": 56300,"Plan Width": 0,"Actual Startup Time": 8.862,"Actual Total Time": 8.862,"Actual Rows": 56454,"Actual Loops": 1,"Index Cond": "((o_orderdate >= '1997-09-01'::date) AND (o_orderdate < '1997-12-01 00:00:00'::timestamp without time zone))","Workers": []}]},{"Node Type": "Index Scan","Parent Relationship": "Inner","Parallel Aware": false,"Async Capable": false,"Scan Direction": "Forward","Index Name": "idx_lineitem_orderkey","Relation Name": "lineitem","Alias": "lineitem","Startup Cost": 0.43,"Total Cost": 4.65,"Plan Rows": 6,"Plan Width": 4,"Actual Startup Time": 0.009,"Actual Total Time": 0.009,"Actual Rows": 1,"Actual Loops": 56454,"Index Cond": "(l_orderkey = orders.o_orderkey)","Rows Removed by Index Recheck": 0,"Filter": "(l_commitdate < l_receiptdate)","Rows Removed by Filter": 1,"Workers": []}]}]}]}]}]},"Planning Time": 5.783,"Triggers": [],"Execution Time": 234.121}]
[{"Plan": {"Node Type": "Aggregate","Strategy": "Sorted","Partial Mode": "Finalize","Parallel Aware": false,"Async Capable": false,"Startup Cost": 51708.45,"Total Cost": 51742.98,"Plan Rows": 5,"Plan Width": 24,"Actual Startup Time": 207.456,"Actual Total Time": 231.580,"Actual Rows": 5,"Actual Loops": 1,"Group Key": ["orders.o_orderpriority"],"Plans": [{"Node Type": "Gather Merge","Parent Relationship": "Outer","Parallel Aware": false,"Async Capable": false,"Startup Cost": 51708.45,"Total Cost": 51742.85,"Plan Rows": 15,"Plan Width": 24,"Actual Startup Time": 207.053,"Actual Total Time": 231.548,"Actual Rows": 20,"Actual Loops": 1,"Workers Planned": 3,"Workers Launched": 3,"Plans": [{"Node Type": "Aggregate","Strategy": "Sorted","Partial Mode": "Partial","Parent Relationship": "Outer","Parallel Aware": false,"Async Capable": false,"Startup Cost": 50708.41,"Total Cost": 50741.05,"Plan Rows": 5,"Plan Width": 24,"Actual Startup Time": 198.227,"Actual Total Time": 199.494,"Actual Rows": 5,"Actual Loops": 4,"Group Key": ["orders.o_orderpriority"],"Workers": [],"Plans": [{"Node Type": "Sort","Parent Relationship": "Outer","Parallel Aware": false,"Async Capable": false,"Startup Cost": 50708.41,"Total Cost": 50719.27,"Plan Rows": 4345,"Plan Width": 16,"Actual Startup Time": 197.883,"Actual Total Time": 198.422,"Actual Rows": 13041,"Actual Loops": 4,"Sort Key": ["orders.o_orderpriority"],"Sort Method": "quicksort","Sort Space Used": 1092,"Sort Space Type": "Memory","Workers": [{"Worker Number": 0,"Sort Method": "quicksort","Sort Space Used": 1114,"Sort Space Type": "Memory"},{"Worker Number": 1,"Sort Method": "quicksort","Sort Space Used": 1079,"Sort Space Type": "Memory"},{"Worker Number": 2,"Sort Method": "quicksort","Sort Space Used": 1106,"Sort Space Type": "Memory"}],"Plans": [{"Node Type": "Nested Loop","Parent Relationship": "Outer","Parallel Aware": false,"Async Capable": false,"Join Type": "Semi","Startup Cost": 786.10,"Total Cost": 50445.86,"Plan Rows": 4345,"Plan Width": 16,"Actual Startup Time": 5.128,"Actual Total Time": 191.658,"Actual Rows": 13041,"Actual Loops": 4,"Inner Unique": false,"Workers": [],"Plans": [{"Node Type": "Bitmap Heap Scan","Parent Relationship": "Outer","Parallel Aware": true,"Async Capable": false,"Relation Name": "orders","Alias": "orders","Startup Cost": 785.66,"Total Cost": 27155.05,"Plan Rows": 18292,"Plan Width": 20,"Actual Startup Time": 4.978,"Actual Total Time": 56.015,"Actual Rows": 14241,"Actual Loops": 4,"Recheck Cond": "((o_orderdate >= '1996-03-01'::date) AND (o_orderdate < '1996-06-01 00:00:00'::timestamp without time zone))","Rows Removed by Index Recheck": 0,"Exact Heap Blocks": 5804,"Lossy Heap Blocks": 0,"Workers": [],"Plans": [{"Node Type": "Bitmap Index Scan","Parent Relationship": "Outer","Parallel Aware": false,"Async Capable": false,"Index Name": "idx_orders_orderdate","Startup Cost": 0.00,"Total Cost": 771.49,"Plan Rows": 56706,"Plan Width": 0,"Actual Startup Time": 8.540,"Actual Total Time": 8.544,"Actual Rows": 56965,"Actual Loops": 1,"Index Cond": "((o_orderdate >= '1996-03-01'::date) AND (o_orderdate < '1996-06-01 00:00:00'::timestamp without time zone))","Workers": []}]},{"Node Type": "Index Scan","Parent Relationship": "Inner","Parallel Aware": false,"Async Capable": false,"Scan Direction": "Forward","Index Name": "idx_lineitem_orderkey","Relation Name": "lineitem","Alias": "lineitem","Startup Cost": 0.43,"Total Cost": 4.64,"Plan Rows": 6,"Plan Width": 4,"Actual Startup Time": 0.009,"Actual Total Time": 0.009,"Actual Rows": 1,"Actual Loops": 56965,"Index Cond": "(l_orderkey = orders.o_orderkey)","Rows Removed by Index Recheck": 0,"Filter": "(l_commitdate < l_receiptdate)","Rows Removed by Filter": 1,"Workers": []}]}]}]}]}]},"Planning Time": 4.056,"Triggers": [],"Execution Time": 232.269}]
[{"Plan": {"Node Type": "Aggregate","Strategy": "Sorted","Partial Mode": "Finalize","Parallel Aware": false,"Async Capable": false,"Startup Cost": 51165.01,"Total Cost": 51198.65,"Plan Rows": 5,"Plan Width": 24,"Actual Startup Time": 203.769,"Actual Total Time": 228.271,"Actual Rows": 5,"Actual Loops": 1,"Group Key": ["orders.o_orderpriority"],"Plans": [{"Node Type": "Gather Merge","Parent Relationship": "Outer","Parallel Aware": false,"Async Capable": false,"Startup Cost": 51165.01,"Total Cost": 51198.52,"Plan Rows": 15,"Plan Width": 24,"Actual Startup Time": 203.386,"Actual Total Time": 228.243,"Actual Rows": 20,"Actual Loops": 1,"Workers Planned": 3,"Workers Launched": 3,"Plans": [{"Node Type": "Aggregate","Strategy": "Sorted","Partial Mode": "Partial","Parent Relationship": "Outer","Parallel Aware": false,"Async Capable": false,"Startup Cost": 50164.97,"Total Cost": 50196.72,"Plan Rows": 5,"Plan Width": 24,"Actual Startup Time": 194.376,"Actual Total Time": 195.607,"Actual Rows": 5,"Actual Loops": 4,"Group Key": ["orders.o_orderpriority"],"Workers": [],"Plans": [{"Node Type": "Sort","Parent Relationship": "Outer","Parallel Aware": false,"Async Capable": false,"Startup Cost": 50164.97,"Total Cost": 50175.54,"Plan Rows": 4226,"Plan Width": 16,"Actual Startup Time": 194.028,"Actual Total Time": 194.544,"Actual Rows": 12926,"Actual Loops": 4,"Sort Key": ["orders.o_orderpriority"],"Sort Method": "quicksort","Sort Space Used": 1082,"Sort Space Type": "Memory","Workers": [{"Worker Number": 0,"Sort Method": "quicksort","Sort Space Used": 1106,"Sort Space Type": "Memory"},{"Worker Number": 1,"Sort Method": "quicksort","Sort Space Used": 1074,"Sort Space Type": "Memory"},{"Worker Number": 2,"Sort Method": "quicksort","Sort Space Used": 1104,"Sort Space Type": "Memory"}],"Plans": [{"Node Type": "Nested Loop","Parent Relationship": "Outer","Parallel Aware": false,"Async Capable": false,"Join Type": "Semi","Startup Cost": 762.30,"Total Cost": 49910.46,"Plan Rows": 4226,"Plan Width": 16,"Actual Startup Time": 4.653,"Actual Total Time": 187.831,"Actual Rows": 12926,"Actual Loops": 4,"Inner Unique": false,"Workers": [],"Plans": [{"Node Type": "Bitmap Heap Scan","Parent Relationship": "Outer","Parallel Aware": true,"Async Capable": false,"Relation Name": "orders","Alias": "orders","Startup Cost": 761.87,"Total Cost": 27123.80,"Plan Rows": 17795,"Plan Width": 20,"Actual Startup Time": 4.540,"Actual Total Time": 54.726,"Actual Rows": 14108,"Actual Loops": 4,"Recheck Cond": "((o_orderdate >= '1993-04-01'::date) AND (o_orderdate < '1993-07-01 00:00:00'::timestamp without time zone))","Rows Removed by Index Recheck": 0,"Exact Heap Blocks": 5719,"Lossy Heap Blocks": 0,"Workers": [],"Plans": [{"Node Type": "Bitmap Index Scan","Parent Relationship": "Outer","Parallel Aware": false,"Async Capable": false,"Index Name": "idx_orders_orderdate","Startup Cost": 0.00,"Total Cost": 748.08,"Plan Rows": 55165,"Plan Width": 0,"Actual Startup Time": 7.931,"Actual Total Time": 7.932,"Actual Rows": 56434,"Actual Loops": 1,"Index Cond": "((o_orderdate >= '1993-04-01'::date) AND (o_orderdate < '1993-07-01 00:00:00'::timestamp without time zone))","Workers": []}]},{"Node Type": "Index Scan","Parent Relationship": "Inner","Parallel Aware": false,"Async Capable": false,"Scan Direction": "Forward","Index Name": "idx_lineitem_orderkey","Relation Name": "lineitem","Alias": "lineitem","Startup Cost": 0.43,"Total Cost": 4.67,"Plan Rows": 6,"Plan Width": 4,"Actual Startup Time": 0.009,"Actual Total Time": 0.009,"Actual Rows": 1,"Actual Loops": 56434,"Index Cond": "(l_orderkey = orders.o_orderkey)","Rows Removed by Index Recheck": 0,"Filter": "(l_commitdate < l_receiptdate)","Rows Removed by Filter": 1,"Workers": []}]}]}]}]}]},"Planning Time": 5.442,"Triggers": [],"Execution Time": 229.015}]
[{"Plan": {"Node Type": "Aggregate","Strategy": "Sorted","Partial Mode": "Finalize","Parallel Aware": false,"Async Capable": false,"Startup Cost": 51933.44,"Total Cost": 51968.34,"Plan Rows": 5,"Plan Width": 24,"Actual Startup Time": 210.135,"Actual Total Time": 234.741,"Actual Rows": 5,"Actual Loops": 1,"Group Key": ["orders.o_orderpriority"],"Plans": [{"Node Type": "Gather Merge","Parent Relationship": "Outer","Parallel Aware": false,"Async Capable": false,"Startup Cost": 51933.44,"Total Cost": 51968.21,"Plan Rows": 15,"Plan Width": 24,"Actual Startup Time": 209.800,"Actual Total Time": 234.712,"Actual Rows": 20,"Actual Loops": 1,"Workers Planned": 3,"Workers Launched": 3,"Plans": [{"Node Type": "Aggregate","Strategy": "Sorted","Partial Mode": "Partial","Parent Relationship": "Outer","Parallel Aware": false,"Async Capable": false,"Startup Cost": 50933.40,"Total Cost": 50966.41,"Plan Rows": 5,"Plan Width": 24,"Actual Startup Time": 201.015,"Actual Total Time": 202.241,"Actual Rows": 5,"Actual Loops": 4,"Group Key": ["orders.o_orderpriority"],"Workers": [],"Plans": [{"Node Type": "Sort","Parent Relationship": "Outer","Parallel Aware": false,"Async Capable": false,"Startup Cost": 50933.40,"Total Cost": 50944.39,"Plan Rows": 4394,"Plan Width": 16,"Actual Startup Time": 200.667,"Actual Total Time": 201.175,"Actual Rows": 12952,"Actual Loops": 4,"Sort Key": ["orders.o_orderpriority"],"Sort Method": "quicksort","Sort Space Used": 1081,"Sort Space Type": "Memory","Workers": [{"Worker Number": 0,"Sort Method": "quicksort","Sort Space Used": 1073,"Sort Space Type": "Memory"},{"Worker Number": 1,"Sort Method": "quicksort","Sort Space Used": 1106,"Sort Space Type": "Memory"},{"Worker Number": 2,"Sort Method": "quicksort","Sort Space Used": 1111,"Sort Space Type": "Memory"}],"Plans": [{"Node Type": "Nested Loop","Parent Relationship": "Outer","Parallel Aware": false,"Async Capable": false,"Join Type": "Semi","Startup Cost": 792.75,"Total Cost": 50667.54,"Plan Rows": 4394,"Plan Width": 16,"Actual Startup Time": 5.437,"Actual Total Time": 194.283,"Actual Rows": 12952,"Actual Loops": 4,"Inner Unique": false,"Workers": [],"Plans": [{"Node Type": "Bitmap Heap Scan","Parent Relationship": "Outer","Parallel Aware": true,"Async Capable": false,"Relation Name": "orders","Alias": "orders","Startup Cost": 792.32,"Total Cost": 27164.84,"Plan Rows": 18502,"Plan Width": 20,"Actual Startup Time": 5.284,"Actual Total Time": 57.970,"Actual Rows": 14142,"Actual Loops": 4,"Recheck Cond": "((o_orderdate >= '1996-01-01'::date) AND (o_orderdate < '1996-04-01 00:00:00'::timestamp without time zone))","Rows Removed by Index Recheck": 0,"Exact Heap Blocks": 5656,"Lossy Heap Blocks": 0,"Workers": [],"Plans": [{"Node Type": "Bitmap Index Scan","Parent Relationship": "Outer","Parallel Aware": false,"Async Capable": false,"Index Name": "idx_orders_orderdate","Startup Cost": 0.00,"Total Cost": 777.98,"Plan Rows": 57355,"Plan Width": 0,"Actual Startup Time": 8.943,"Actual Total Time": 8.944,"Actual Rows": 56568,"Actual Loops": 1,"Index Cond": "((o_orderdate >= '1996-01-01'::date) AND (o_orderdate < '1996-04-01 00:00:00'::timestamp without time zone))","Workers": []}]},{"Node Type": "Index Scan","Parent Relationship": "Inner","Parallel Aware": false,"Async Capable": false,"Scan Direction": "Forward","Index Name": "idx_lineitem_orderkey","Relation Name": "lineitem","Alias": "lineitem","Startup Cost": 0.43,"Total Cost": 4.62,"Plan Rows": 6,"Plan Width": 4,"Actual Startup Time": 0.009,"Actual Total Time": 0.009,"Actual Rows": 1,"Actual Loops": 56568,"Index Cond": "(l_orderkey = orders.o_orderkey)","Rows Removed by Index Recheck": 0,"Filter": "(l_commitdate < l_receiptdate)","Rows Removed by Filter": 1,"Workers": []}]}]}]}]}]},"Planning Time": 4.607,"Triggers": [],"Execution Time": 235.195}]
[{"Plan": {"Node Type": "Aggregate","Strategy": "Sorted","Partial Mode": "Finalize","Parallel Aware": false,"Async Capable": false,"Startup Cost": 52021.13,"Total Cost": 52056.16,"Plan Rows": 5,"Plan Width": 24,"Actual Startup Time": 203.693,"Actual Total Time": 227.755,"Actual Rows": 5,"Actual Loops": 1,"Group Key": ["orders.o_orderpriority"],"Plans": [{"Node Type": "Gather Merge","Parent Relationship": "Outer","Parallel Aware": false,"Async Capable": false,"Startup Cost": 52021.13,"Total Cost": 52056.04,"Plan Rows": 15,"Plan Width": 24,"Actual Startup Time": 203.285,"Actual Total Time": 227.721,"Actual Rows": 20,"Actual Loops": 1,"Workers Planned": 3,"Workers Launched": 3,"Plans": [{"Node Type": "Aggregate","Strategy": "Sorted","Partial Mode": "Partial","Parent Relationship": "Outer","Parallel Aware": false,"Async Capable": false,"Startup Cost": 51021.09,"Total Cost": 51054.24,"Plan Rows": 5,"Plan Width": 24,"Actual Startup Time": 195.016,"Actual Total Time": 196.267,"Actual Rows": 5,"Actual Loops": 4,"Group Key": ["orders.o_orderpriority"],"Workers": [],"Plans": [{"Node Type": "Sort","Parent Relationship": "Outer","Parallel Aware": false,"Async Capable": false,"Startup Cost": 51021.09,"Total Cost": 51032.12,"Plan Rows": 4413,"Plan Width": 16,"Actual Startup Time": 194.670,"Actual Total Time": 195.213,"Actual Rows": 12850,"Actual Loops": 4,"Sort Key": ["orders.o_orderpriority"],"Sort Method": "quicksort","Sort Space Used": 1082,"Sort Space Type": "Memory","Workers": [{"Worker Number": 0,"Sort Method": "quicksort","Sort Space Used": 1095,"Sort Space Type": "Memory"},{"Worker Number": 1,"Sort Method": "quicksort","Sort Space Used": 1073,"Sort Space Type": "Memory"},{"Worker Number": 2,"Sort Method": "quicksort","Sort Space Used": 1099,"Sort Space Type": "Memory"}],"Plans": [{"Node Type": "Nested Loop","Parent Relationship": "Outer","Parallel Aware": false,"Async Capable": false,"Join Type": "Semi","Startup Cost": 799.26,"Total Cost": 50753.94,"Plan Rows": 4413,"Plan Width": 16,"Actual Startup Time": 4.875,"Actual Total Time": 188.562,"Actual Rows": 12850,"Actual Loops": 4,"Inner Unique": false,"Workers": [],"Plans": [{"Node Type": "Bitmap Heap Scan","Parent Relationship": "Outer","Parallel Aware": true,"Async Capable": false,"Relation Name": "orders","Alias": "orders","Startup Cost": 798.83,"Total Cost": 27172.54,"Plan Rows": 18580,"Plan Width": 20,"Actual Startup Time": 4.743,"Actual Total Time": 55.256,"Actual Rows": 13993,"Actual Loops": 4,"Recheck Cond": "((o_orderdate >= '1993-12-01'::date) AND (o_orderdate < '1994-03-01 00:00:00'::timestamp without time zone))","Rows Removed by Index Recheck": 0,"Exact Heap Blocks": 5712,"Lossy Heap Blocks": 0,"Workers": [],"Plans": [{"Node Type": "Bitmap Index Scan","Parent Relationship": "Outer","Parallel Aware": false,"Async Capable": false,"Index Name": "idx_orders_orderdate","Startup Cost": 0.00,"Total Cost": 784.43,"Plan Rows": 57600,"Plan Width": 0,"Actual Startup Time": 7.826,"Actual Total Time": 7.827,"Actual Rows": 55973,"Actual Loops": 1,"Index Cond": "((o_orderdate >= '1993-12-01'::date) AND (o_orderdate < '1994-03-01 00:00:00'::timestamp without time zone))","Workers": []}]},{"Node Type": "Index Scan","Parent Relationship": "Inner","Parallel Aware": false,"Async Capable": false,"Scan Direction": "Forward","Index Name": "idx_lineitem_orderkey","Relation Name": "lineitem","Alias": "lineitem","Startup Cost": 0.43,"Total Cost": 4.62,"Plan Rows": 6,"Plan Width": 4,"Actual Startup Time": 0.009,"Actual Total Time": 0.009,"Actual Rows": 1,"Actual Loops": 55973,"Index Cond": "(l_orderkey = orders.o_orderkey)","Rows Removed by Index Recheck": 0,"Filter": "(l_commitdate < l_receiptdate)","Rows Removed by Filter": 1,"Workers": []}]}]}]}]}]},"Planning Time": 4.325,"Triggers": [],"Execution Time": 228.374}]
[{"Plan": {"Node Type": "Aggregate","Strategy": "Sorted","Partial Mode": "Finalize","Parallel Aware": false,"Async Capable": false,"Startup Cost": 51600.04,"Total Cost": 51634.39,"Plan Rows": 5,"Plan Width": 24,"Actual Startup Time": 209.883,"Actual Total Time": 233.573,"Actual Rows": 5,"Actual Loops": 1,"Group Key": ["orders.o_orderpriority"],"Plans": [{"Node Type": "Gather Merge","Parent Relationship": "Outer","Parallel Aware": false,"Async Capable": false,"Startup Cost": 51600.04,"Total Cost": 51634.27,"Plan Rows": 15,"Plan Width": 24,"Actual Startup Time": 209.491,"Actual Total Time": 233.547,"Actual Rows": 20,"Actual Loops": 1,"Workers Planned": 3,"Workers Launched": 3,"Plans": [{"Node Type": "Aggregate","Strategy": "Sorted","Partial Mode": "Partial","Parent Relationship": "Outer","Parallel Aware": false,"Async Capable": false,"Startup Cost": 50600.00,"Total Cost": 50632.47,"Plan Rows": 5,"Plan Width": 24,"Actual Startup Time": 200.555,"Actual Total Time": 201.777,"Actual Rows": 5,"Actual Loops": 4,"Group Key": ["orders.o_orderpriority"],"Workers": [],"Plans": [{"Node Type": "Sort","Parent Relationship": "Outer","Parallel Aware": false,"Async Capable": false,"Startup Cost": 50600.00,"Total Cost": 50610.81,"Plan Rows": 4322,"Plan Width": 16,"Actual Startup Time": 200.215,"Actual Total Time": 200.732,"Actual Rows": 12804,"Actual Loops": 4,"Sort Key": ["orders.o_orderpriority"],"Sort Method": "quicksort","Sort Space Used": 1105,"Sort Space Type": "Memory","Workers": [{"Worker Number": 0,"Sort Method": "quicksort","Sort Space Used": 1078,"Sort Space Type": "Memory"},{"Worker Number": 1,"Sort Method": "quicksort","Sort Space Used": 1077,"Sort Space Type": "Memory"},{"Worker Number": 2,"Sort Method": "quicksort","Sort Space Used": 1079,"Sort Space Type": "Memory"}],"Plans": [{"Node Type": "Nested Loop","Parent Relationship": "Outer","Parallel Aware": false,"Async Capable": false,"Join Type": "Semi","Startup Cost": 779.02,"Total Cost": 50339.01,"Plan Rows": 4322,"Plan Width": 16,"Actual Startup Time": 5.636,"Actual Total Time": 193.920,"Actual Rows": 12804,"Actual Loops": 4,"Inner Unique": false,"Workers": [],"Plans": [{"Node Type": "Bitmap Heap Scan","Parent Relationship": "Outer","Parallel Aware": true,"Async Capable": false,"Relation Name": "orders","Alias": "orders","Startup Cost": 778.59,"Total Cost": 27146.52,"Plan Rows": 18195,"Plan Width": 20,"Actual Startup Time": 5.497,"Actual Total Time": 58.362,"Actual Rows": 13981,"Actual Loops": 4,"Recheck Cond": "((o_orderdate >= '1993-01-01'::date) AND (o_orderdate < '1993-04-01 00:00:00'::timestamp without time zone))","Rows Removed by Index Recheck": 0,"Exact Heap Blocks": 5903,"Lossy Heap Blocks": 0,"Workers": [],"Plans": [{"Node Type": "Bitmap Index Scan","Parent Relationship": "Outer","Parallel Aware": false,"Async Capable": false,"Index Name": "idx_orders_orderdate","Startup Cost": 0.00,"Total Cost": 764.49,"Plan Rows": 56406,"Plan Width": 0,"Actual Startup Time": 9.185,"Actual Total Time": 9.187,"Actual Rows": 55924,"Actual Loops": 1,"Index Cond": "((o_orderdate >= '1993-01-01'::date) AND (o_orderdate < '1993-04-01 00:00:00'::timestamp without time zone))","Workers": []}]},{"Node Type": "Index Scan","Parent Relationship": "Inner","Parallel Aware": false,"Async Capable": false,"Scan Direction": "Forward","Index Name": "idx_lineitem_orderkey","Relation Name": "lineitem","Alias": "lineitem","Startup Cost": 0.43,"Total Cost": 4.65,"Plan Rows": 6,"Plan Width": 4,"Actual Startup Time": 0.009,"Actual Total Time": 0.009,"Actual Rows": 1,"Actual Loops": 55924,"Index Cond": "(l_orderkey = orders.o_orderkey)","Rows Removed by Index Recheck": 0,"Filter": "(l_commitdate < l_receiptdate)","Rows Removed by Filter": 1,"Workers": []}]}]}]}]}]},"Planning Time": 4.372,"Triggers": [],"Execution Time": 234.017}]
[{"Plan": {"Node Type": "Aggregate","Strategy": "Sorted","Partial Mode": "Finalize","Parallel Aware": false,"Async Capable": false,"Startup Cost": 51806.85,"Total Cost": 51841.53,"Plan Rows": 5,"Plan Width": 24,"Actual Startup Time": 211.634,"Actual Total Time": 235.430,"Actual Rows": 5,"Actual Loops": 1,"Group Key": ["orders.o_orderpriority"],"Plans": [{"Node Type": "Gather Merge","Parent Relationship": "Outer","Parallel Aware": false,"Async Capable": false,"Startup Cost": 51806.85,"Total Cost": 51841.41,"Plan Rows": 15,"Plan Width": 24,"Actual Startup Time": 211.199,"Actual Total Time": 235.391,"Actual Rows": 20,"Actual Loops": 1,"Workers Planned": 3,"Workers Launched": 3,"Plans": [{"Node Type": "Aggregate","Strategy": "Sorted","Partial Mode": "Partial","Parent Relationship": "Outer","Parallel Aware": false,"Async Capable": false,"Startup Cost": 50806.81,"Total Cost": 50839.60,"Plan Rows": 5,"Plan Width": 24,"Actual Startup Time": 202.395,"Actual Total Time": 203.672,"Actual Rows": 5,"Actual Loops": 4,"Group Key": ["orders.o_orderpriority"],"Workers": [],"Plans": [{"Node Type": "Sort","Parent Relationship": "Outer","Parallel Aware": false,"Async Capable": false,"Startup Cost": 50806.81,"Total Cost": 50817.72,"Plan Rows": 4366,"Plan Width": 16,"Actual Startup Time": 202.049,"Actual Total Time": 202.590,"Actual Rows": 13258,"Actual Loops": 4,"Sort Key": ["orders.o_orderpriority"],"Sort Method": "quicksort","Sort Space Used": 1114,"Sort Space Type": "Memory","Workers": [{"Worker Number": 0,"Sort Method": "quicksort","Sort Space Used": 1109,"Sort Space Type": "Memory"},{"Worker Number": 1,"Sort Method": "quicksort","Sort Space Used": 1115,"Sort Space Type": "Memory"},{"Worker Number": 2,"Sort Method": "quicksort","Sort Space Used": 1101,"Sort Space Type": "Memory"}],"Plans": [{"Node Type": "Nested Loop","Parent Relationship": "Outer","Parallel Aware": false,"Async Capable": false,"Join Type": "Semi","Startup Cost": 789.02,"Total Cost": 50542.84,"Plan Rows": 4366,"Plan Width": 16,"Actual Startup Time": 5.557,"Actual Total Time": 195.523,"Actual Rows": 13258,"Actual Loops": 4,"Inner Unique": false,"Workers": [],"Plans": [{"Node Type": "Bitmap Heap Scan","Parent Relationship": "Outer","Parallel Aware": true,"Async Capable": false,"Relation Name": "orders","Alias": "orders","Startup Cost": 788.59,"Total Cost": 27159.35,"Plan Rows": 18384,"Plan Width": 20,"Actual Startup Time": 5.423,"Actual Total Time": 57.919,"Actual Rows": 14451,"Actual Loops": 4,"Recheck Cond": "((o_orderdate >= '1995-06-01'::date) AND (o_orderdate < '1995-09-01 00:00:00'::timestamp without time zone))","Rows Removed by Index Recheck": 0,"Exact Heap Blocks": 5887,"Lossy Heap Blocks": 0,"Workers": [],"Plans": [{"Node Type": "Bitmap Index Scan","Parent Relationship": "Outer","Parallel Aware": false,"Async Capable": false,"Index Name": "idx_orders_orderdate","Startup Cost": 0.00,"Total Cost": 774.34,"Plan Rows": 56991,"Plan Width": 0,"Actual Startup Time": 8.828,"Actual Total Time": 8.830,"Actual Rows": 57805,"Actual Loops": 1,"Index Cond": "((o_orderdate >= '1995-06-01'::date) AND (o_orderdate < '1995-09-01 00:00:00'::timestamp without time zone))","Workers": []}]},{"Node Type": "Index Scan","Parent Relationship": "Inner","Parallel Aware": false,"Async Capable": false,"Scan Direction": "Forward","Index Name": "idx_lineitem_orderkey","Relation Name": "lineitem","Alias": "lineitem","Startup Cost": 0.43,"Total Cost": 4.63,"Plan Rows": 6,"Plan Width": 4,"Actual Startup Time": 0.009,"Actual Total Time": 0.009,"Actual Rows": 1,"Actual Loops": 57805,"Index Cond": "(l_orderkey = orders.o_orderkey)","Rows Removed by Index Recheck": 0,"Filter": "(l_commitdate < l_receiptdate)","Rows Removed by Filter": 1,"Workers": []}]}]}]}]}]},"Planning Time": 5.875,"Triggers": [],"Execution Time": 235.870}]
[{"Plan": {"Node Type": "Aggregate","Strategy": "Sorted","Partial Mode": "Finalize","Parallel Aware": false,"Async Capable": false,"Startup Cost": 51011.39,"Total Cost": 51044.78,"Plan Rows": 5,"Plan Width": 24,"Actual Startup Time": 210.461,"Actual Total Time": 234.044,"Actual Rows": 5,"Actual Loops": 1,"Group Key": ["orders.o_orderpriority"],"Plans": [{"Node Type": "Gather Merge","Parent Relationship": "Outer","Parallel Aware": false,"Async Capable": false,"Startup Cost": 51011.39,"Total Cost": 51044.65,"Plan Rows": 15,"Plan Width": 24,"Actual Startup Time": 210.096,"Actual Total Time": 234.015,"Actual Rows": 20,"Actual Loops": 1,"Workers Planned": 3,"Workers Launched": 3,"Plans": [{"Node Type": "Aggregate","Strategy": "Sorted","Partial Mode": "Partial","Parent Relationship": "Outer","Parallel Aware": false,"Async Capable": false,"Startup Cost": 50011.35,"Total Cost": 50042.85,"Plan Rows": 5,"Plan Width": 24,"Actual Startup Time": 201.605,"Actual Total Time": 202.848,"Actual Rows": 5,"Actual Loops": 4,"Group Key": ["orders.o_orderpriority"],"Workers": [],"Plans": [{"Node Type": "Sort","Parent Relationship": "Outer","Parallel Aware": false,"Async Capable": false,"Startup Cost": 50011.35,"Total Cost": 50021.83,"Plan Rows": 4193,"Plan Width": 16,"Actual Startup Time": 201.266,"Actual Total Time": 201.779,"Actual Rows": 13126,"Actual Loops": 4,"Sort Key": ["orders.o_orderpriority"],"Sort Method": "quicksort","Sort Space Used": 1111,"Sort Space Type": "Memory","Workers": [{"Worker Number": 0,"Sort Method": "quicksort","Sort Space Used": 1101,"Sort Space Type": "Memory"},{"Worker Number": 1,"Sort Method": "quicksort","Sort Space Used": 1104,"Sort Space Type": "Memory"},{"Worker Number": 2,"Sort Method": "quicksort","Sort Space Used": 1095,"Sort Space Type": "Memory"}],"Plans": [{"Node Type": "Nested Loop","Parent Relationship": "Outer","Parallel Aware": false,"Async Capable": false,"Join Type": "Semi","Startup Cost": 757.77,"Total Cost": 49759.06,"Plan Rows": 4193,"Plan Width": 16,"Actual Startup Time": 5.095,"Actual Total Time": 194.943,"Actual Rows": 13126,"Actual Loops": 4,"Inner Unique": false,"Workers": [],"Plans": [{"Node Type": "Bitmap Heap Scan","Parent Relationship": "Outer","Parallel Aware": true,"Async Capable": false,"Relation Name": "orders","Alias": "orders","Startup Cost": 757.34,"Total Cost": 27117.13,"Plan Rows": 17653,"Plan Width": 20,"Actual Startup Time": 4.968,"Actual Total Time": 58.949,"Actual Rows": 14316,"Actual Loops": 4,"Recheck Cond": "((o_orderdate >= '1997-08-01'::date) AND (o_orderdate < '1997-11-01 00:00:00'::timestamp without time zone))","Rows Removed by Index Recheck": 0,"Exact Heap Blocks": 5880,"Lossy Heap Blocks": 0,"Workers": [],"Plans": [{"Node Type": "Bitmap Index Scan","Parent Relationship": "Outer","Parallel Aware": false,"Async Capable": false,"Index Name": "idx_orders_orderdate","Startup Cost": 0.00,"Total Cost": 743.66,"Plan Rows": 54723,"Plan Width": 0,"Actual Startup Time": 8.219,"Actual Total Time": 8.222,"Actual Rows": 57265,"Actual Loops": 1,"Index Cond": "((o_orderdate >= '1997-08-01'::date) AND (o_orderdate < '1997-11-01 00:00:00'::timestamp without time zone))","Workers": []}]},{"Node Type": "Index Scan","Parent Relationship": "Inner","Parallel Aware": false,"Async Capable": false,"Scan Direction": "Forward","Index Name": "idx_lineitem_orderkey","Relation Name": "lineitem","Alias": "lineitem","Startup Cost": 0.43,"Total Cost": 4.69,"Plan Rows": 6,"Plan Width": 4,"Actual Startup Time": 0.009,"Actual Total Time": 0.009,"Actual Rows": 1,"Actual Loops": 57265,"Index Cond": "(l_orderkey = orders.o_orderkey)","Rows Removed by Index Recheck": 0,"Filter": "(l_commitdate < l_receiptdate)","Rows Removed by Filter": 1,"Workers": []}]}]}]}]}]},"Planning Time": 5.789,"Triggers": [],"Execution Time": 234.434}]
[{"Plan": {"Node Type": "Aggregate","Strategy": "Sorted","Partial Mode": "Finalize","Parallel Aware": false,"Async Capable": false,"Startup Cost": 50972.15,"Total Cost": 51005.47,"Plan Rows": 5,"Plan Width": 24,"Actual Startup Time": 203.120,"Actual Total Time": 227.959,"Actual Rows": 5,"Actual Loops": 1,"Group Key": ["orders.o_orderpriority"],"Plans": [{"Node Type": "Gather Merge","Parent Relationship": "Outer","Parallel Aware": false,"Async Capable": false,"Startup Cost": 50972.15,"Total Cost": 51005.34,"Plan Rows": 15,"Plan Width": 24,"Actual Startup Time": 202.784,"Actual Total Time": 227.929,"Actual Rows": 20,"Actual Loops": 1,"Workers Planned": 3,"Workers Launched": 3,"Plans": [{"Node Type": "Aggregate","Strategy": "Sorted","Partial Mode": "Partial","Parent Relationship": "Outer","Parallel Aware": false,"Async Capable": false,"Startup Cost": 49972.11,"Total Cost": 50003.54,"Plan Rows": 5,"Plan Width": 24,"Actual Startup Time": 194.409,"Actual Total Time": 195.620,"Actual Rows": 5,"Actual Loops": 4,"Group Key": ["orders.o_orderpriority"],"Workers": [],"Plans": [{"Node Type": "Sort","Parent Relationship": "Outer","Parallel Aware": false,"Async Capable": false,"Startup Cost": 49972.11,"Total Cost": 49982.57,"Plan Rows": 4184,"Plan Width": 16,"Actual Startup Time": 194.085,"Actual Total Time": 194.589,"Actual Rows": 12754,"Actual Loops": 4,"Sort Key": ["orders.o_orderpriority"],"Sort Method": "quicksort","Sort Space Used": 1068,"Sort Space Type": "Memory","Workers": [{"Worker Number": 0,"Sort Method": "quicksort","Sort Space Used": 1094,"Sort Space Type": "Memory"},{"Worker Number": 1,"Sort Method": "quicksort","Sort Space Used": 1069,"Sort Space Type": "Memory"},{"Worker Number": 2,"Sort Method": "quicksort","Sort Space Used": 1096,"Sort Space Type": "Memory"}],"Plans": [{"Node Type": "Nested Loop","Parent Relationship": "Outer","Parallel Aware": false,"Async Capable": false,"Join Type": "Semi","Startup Cost": 756.62,"Total Cost": 49720.43,"Plan Rows": 4184,"Plan Width": 16,"Actual Startup Time": 4.954,"Actual Total Time": 187.804,"Actual Rows": 12754,"Actual Loops": 4,"Inner Unique": false,"Workers": [],"Plans": [{"Node Type": "Bitmap Heap Scan","Parent Relationship": "Outer","Parallel Aware": true,"Async Capable": false,"Relation Name": "orders","Alias": "orders","Startup Cost": 756.19,"Total Cost": 27115.44,"Plan Rows": 17617,"Plan Width": 20,"Actual Startup Time": 4.825,"Actual Total Time": 55.378,"Actual Rows": 13875,"Actual Loops": 4,"Recheck Cond": "((o_orderdate >= '1997-02-01'::date) AND (o_orderdate < '1997-05-01 00:00:00'::timestamp without time zone))","Rows Removed by Index Recheck": 0,"Exact Heap Blocks": 5706,"Lossy Heap Blocks": 0,"Workers": [],"Plans": [{"Node Type": "Bitmap Index Scan","Parent Relationship": "Outer","Parallel Aware": false,"Async Capable": false,"Index Name": "idx_orders_orderdate","Startup Cost": 0.00,"Total Cost": 742.54,"Plan Rows": 54611,"Plan Width": 0,"Actual Startup Time": 8.081,"Actual Total Time": 8.083,"Actual Rows": 55500,"Actual Loops": 1,"Index Cond": "((o_orderdate >= '1997-02-01'::date) AND (o_orderdate < '1997-05-01 00:00:00'::timestamp without time zone))","Workers": []}]},{"Node Type": "Index Scan","Parent Relationship": "Inner","Parallel Aware": false,"Async Capable": false,"Scan Direction": "Forward","Index Name": "idx_lineitem_orderkey","Relation Name": "lineitem","Alias": "lineitem","Startup Cost": 0.43,"Total Cost": 4.69,"Plan Rows": 6,"Plan Width": 4,"Actual Startup Time": 0.009,"Actual Total Time": 0.009,"Actual Rows": 1,"Actual Loops": 55500,"Index Cond": "(l_orderkey = orders.o_orderkey)","Rows Removed by Index Recheck": 0,"Filter": "(l_commitdate < l_receiptdate)","Rows Removed by Filter": 1,"Workers": []}]}]}]}]}]},"Planning Time": 5.807,"Triggers": [],"Execution Time": 228.643}]
[{"Plan": {"Node Type": "Aggregate","Strategy": "Sorted","Partial Mode": "Finalize","Parallel Aware": false,"Async Capable": false,"Startup Cost": 51011.39,"Total Cost": 51044.78,"Plan Rows": 5,"Plan Width": 24,"Actual Startup Time": 210.461,"Actual Total Time": 234.044,"Actual Rows": 5,"Actual Loops": 1,"Group Key": ["orders.o_orderpriority"],"Plans": [{"Node Type": "Gather Merge","Parent Relationship": "Outer","Parallel Aware": false,"Async Capable": false,"Startup Cost": 51011.39,"Total Cost": 51044.65,"Plan Rows": 15,"Plan Width": 24,"Actual Startup Time": 210.096,"Actual Total Time": 234.015,"Actual Rows": 20,"Actual Loops": 1,"Workers Planned": 3,"Workers Launched": 3,"Plans": [{"Node Type": "Aggregate","Strategy": "Sorted","Partial Mode": "Partial","Parent Relationship": "Outer","Parallel Aware": false,"Async Capable": false,"Startup Cost": 50011.35,"Total Cost": 50042.85,"Plan Rows": 5,"Plan Width": 24,"Actual Startup Time": 201.605,"Actual Total Time": 202.848,"Actual Rows": 5,"Actual Loops": 4,"Group Key": ["orders.o_orderpriority"],"Workers": [],"Plans": [{"Node Type": "Sort","Parent Relationship": "Outer","Parallel Aware": false,"Async Capable": false,"Startup Cost": 50011.35,"Total Cost": 50021.83,"Plan Rows": 4193,"Plan Width": 16,"Actual Startup Time": 201.266,"Actual Total Time": 201.779,"Actual Rows": 13126,"Actual Loops": 4,"Sort Key": ["orders.o_orderpriority"],"Sort Method": "quicksort","Sort Space Used": 1111,"Sort Space Type": "Memory","Workers": [{"Worker Number": 0,"Sort Method": "quicksort","Sort Space Used": 1101,"Sort Space Type": "Memory"},{"Worker Number": 1,"Sort Method": "quicksort","Sort Space Used": 1104,"Sort Space Type": "Memory"},{"Worker Number": 2,"Sort Method": "quicksort","Sort Space Used": 1095,"Sort Space Type": "Memory"}],"Plans": [{"Node Type": "Nested Loop","Parent Relationship": "Outer","Parallel Aware": false,"Async Capable": false,"Join Type": "Semi","Startup Cost": 757.77,"Total Cost": 49759.06,"Plan Rows": 4193,"Plan Width": 16,"Actual Startup Time": 5.095,"Actual Total Time": 194.943,"Actual Rows": 13126,"Actual Loops": 4,"Inner Unique": false,"Workers": [],"Plans": [{"Node Type": "Bitmap Heap Scan","Parent Relationship": "Outer","Parallel Aware": true,"Async Capable": false,"Relation Name": "orders","Alias": "orders","Startup Cost": 757.34,"Total Cost": 27117.13,"Plan Rows": 17653,"Plan Width": 20,"Actual Startup Time": 4.968,"Actual Total Time": 58.949,"Actual Rows": 14316,"Actual Loops": 4,"Recheck Cond": "((o_orderdate >= '1997-08-01'::date) AND (o_orderdate < '1997-11-01 00:00:00'::timestamp without time zone))","Rows Removed by Index Recheck": 0,"Exact Heap Blocks": 5880,"Lossy Heap Blocks": 0,"Workers": [],"Plans": [{"Node Type": "Bitmap Index Scan","Parent Relationship": "Outer","Parallel Aware": false,"Async Capable": false,"Index Name": "idx_orders_orderdate","Startup Cost": 0.00,"Total Cost": 743.66,"Plan Rows": 54723,"Plan Width": 0,"Actual Startup Time": 8.219,"Actual Total Time": 8.222,"Actual Rows": 57265,"Actual Loops": 1,"Index Cond": "((o_orderdate >= '1997-08-01'::date) AND (o_orderdate < '1997-11-01 00:00:00'::timestamp without time zone))","Workers": []}]},{"Node Type": "Index Scan","Parent Relationship": "Inner","Parallel Aware": false,"Async Capable": false,"Scan Direction": "Forward","Index Name": "idx_lineitem_orderkey","Relation Name": "lineitem","Alias": "lineitem","Startup Cost": 0.43,"Total Cost": 4.69,"Plan Rows": 6,"Plan Width": 4,"Actual Startup Time": 0.009,"Actual Total Time": 0.009,"Actual Rows": 1,"Actual Loops": 57265,"Index Cond": "(l_orderkey = orders.o_orderkey)","Rows Removed by Index Recheck": 0,"Filter": "(l_commitdate < l_receiptdate)","Rows Removed by Filter": 1,"Workers": []}]}]}]}]}]},"Planning Time": 5.789,"Triggers": [],"Execution Time": 234.434}]
[{"Plan": {"Node Type": "Aggregate","Strategy": "Sorted","Partial Mode": "Finalize","Parallel Aware": false,"Async Capable": false,"Startup Cost": 52350.82,"Total Cost": 52386.40,"Plan Rows": 5,"Plan Width": 24,"Actual Startup Time": 210.793,"Actual Total Time": 234.778,"Actual Rows": 5,"Actual Loops": 1,"Group Key": ["orders.o_orderpriority"],"Plans": [{"Node Type": "Gather Merge","Parent Relationship": "Outer","Parallel Aware": false,"Async Capable": false,"Startup Cost": 52350.82,"Total Cost": 52386.28,"Plan Rows": 15,"Plan Width": 24,"Actual Startup Time": 210.399,"Actual Total Time": 234.748,"Actual Rows": 20,"Actual Loops": 1,"Workers Planned": 3,"Workers Launched": 3,"Plans": [{"Node Type": "Aggregate","Strategy": "Sorted","Partial Mode": "Partial","Parent Relationship": "Outer","Parallel Aware": false,"Async Capable": false,"Startup Cost": 51350.78,"Total Cost": 51384.47,"Plan Rows": 5,"Plan Width": 24,"Actual Startup Time": 201.538,"Actual Total Time": 202.786,"Actual Rows": 5,"Actual Loops": 4,"Group Key": ["orders.o_orderpriority"],"Workers": [],"Plans": [{"Node Type": "Sort","Parent Relationship": "Outer","Parallel Aware": false,"Async Capable": false,"Startup Cost": 51350.78,"Total Cost": 51361.99,"Plan Rows": 4486,"Plan Width": 16,"Actual Startup Time": 201.192,"Actual Total Time": 201.702,"Actual Rows": 13259,"Actual Loops": 4,"Sort Key": ["orders.o_orderpriority"],"Sort Method": "quicksort","Sort Space Used": 1126,"Sort Space Type": "Memory","Workers": [{"Worker Number": 0,"Sort Method": "quicksort","Sort Space Used": 1102,"Sort Space Type": "Memory"},{"Worker Number": 1,"Sort Method": "quicksort","Sort Space Used": 1115,"Sort Space Type": "Memory"},{"Worker Number": 2,"Sort Method": "quicksort","Sort Space Used": 1095,"Sort Space Type": "Memory"}],"Plans": [{"Node Type": "Nested Loop","Parent Relationship": "Outer","Parallel Aware": false,"Async Capable": false,"Join Type": "Semi","Startup Cost": 809.03,"Total Cost": 51078.68,"Plan Rows": 4486,"Plan Width": 16,"Actual Startup Time": 4.343,"Actual Total Time": 194.788,"Actual Rows": 13259,"Actual Loops": 4,"Inner Unique": false,"Workers": [],"Plans": [{"Node Type": "Bitmap Heap Scan","Parent Relationship": "Outer","Parallel Aware": true,"Async Capable": false,"Relation Name": "orders","Alias": "orders","Startup Cost": 808.60,"Total Cost": 27186.92,"Plan Rows": 18888,"Plan Width": 20,"Actual Startup Time": 4.218,"Actual Total Time": 57.297,"Actual Rows": 14442,"Actual Loops": 4,"Recheck Cond": "((o_orderdate >= '1996-07-01'::date) AND (o_orderdate < '1996-10-01 00:00:00'::timestamp without time zone))","Rows Removed by Index Recheck": 0,"Exact Heap Blocks": 5957,"Lossy Heap Blocks": 0,"Workers": [],"Plans": [{"Node Type": "Bitmap Index Scan","Parent Relationship": "Outer","Parallel Aware": false,"Async Capable": false,"Index Name": "idx_orders_orderdate","Startup Cost": 0.00,"Total Cost": 793.96,"Plan Rows": 58553,"Plan Width": 0,"Actual Startup Time": 7.813,"Actual Total Time": 7.814,"Actual Rows": 57768,"Actual Loops": 1,"Index Cond": "((o_orderdate >= '1996-07-01'::date) AND (o_orderdate < '1996-10-01 00:00:00'::timestamp without time zone))","Workers": []}]},{"Node Type": "Index Scan","Parent Relationship": "Inner","Parallel Aware": false,"Async Capable": false,"Scan Direction": "Forward","Index Name": "idx_lineitem_orderkey","Relation Name": "lineitem","Alias": "lineitem","Startup Cost": 0.43,"Total Cost": 4.60,"Plan Rows": 6,"Plan Width": 4,"Actual Startup Time": 0.009,"Actual Total Time": 0.009,"Actual Rows": 1,"Actual Loops": 57768,"Index Cond": "(l_orderkey = orders.o_orderkey)","Rows Removed by Index Recheck": 0,"Filter": "(l_commitdate < l_receiptdate)","Rows Removed by Filter": 1,"Workers": []}]}]}]}]}]},"Planning Time": 4.843,"Triggers": [],"Execution Time": 235.203}]
[{"Plan": {"Node Type": "Aggregate","Strategy": "Sorted","Partial Mode": "Finalize","Parallel Aware": false,"Async Capable": false,"Startup Cost": 51238.03,"Total Cost": 51271.79,"Plan Rows": 5,"Plan Width": 24,"Actual Startup Time": 206.342,"Actual Total Time": 229.906,"Actual Rows": 5,"Actual Loops": 1,"Group Key": ["orders.o_orderpriority"],"Plans": [{"Node Type": "Gather Merge","Parent Relationship": "Outer","Parallel Aware": false,"Async Capable": false,"Startup Cost": 51238.03,"Total Cost": 51271.66,"Plan Rows": 15,"Plan Width": 24,"Actual Startup Time": 205.980,"Actual Total Time": 229.872,"Actual Rows": 20,"Actual Loops": 1,"Workers Planned": 3,"Workers Launched": 3,"Plans": [{"Node Type": "Aggregate","Strategy": "Sorted","Partial Mode": "Partial","Parent Relationship": "Outer","Parallel Aware": false,"Async Capable": false,"Startup Cost": 50237.99,"Total Cost": 50269.86,"Plan Rows": 5,"Plan Width": 24,"Actual Startup Time": 197.337,"Actual Total Time": 198.545,"Actual Rows": 5,"Actual Loops": 4,"Group Key": ["orders.o_orderpriority"],"Workers": [],"Plans": [{"Node Type": "Sort","Parent Relationship": "Outer","Parallel Aware": false,"Async Capable": false,"Startup Cost": 50237.99,"Total Cost": 50248.60,"Plan Rows": 4242,"Plan Width": 16,"Actual Startup Time": 196.993,"Actual Total Time": 197.500,"Actual Rows": 12841,"Actual Loops": 4,"Sort Key": ["orders.o_orderpriority"],"Sort Method": "quicksort","Sort Space Used": 1096,"Sort Space Type": "Memory","Workers": [{"Worker Number": 0,"Sort Method": "quicksort","Sort Space Used": 1080,"Sort Space Type": "Memory"},{"Worker Number": 1,"Sort Method": "quicksort","Sort Space Used": 1090,"Sort Space Type": "Memory"},{"Worker Number": 2,"Sort Method": "quicksort","Sort Space Used": 1080,"Sort Space Type": "Memory"}],"Plans": [{"Node Type": "Nested Loop","Parent Relationship": "Outer","Parallel Aware": false,"Async Capable": false,"Join Type": "Semi","Startup Cost": 768.33,"Total Cost": 49982.40,"Plan Rows": 4242,"Plan Width": 16,"Actual Startup Time": 4.735,"Actual Total Time": 190.817,"Actual Rows": 12841,"Actual Loops": 4,"Inner Unique": false,"Workers": [],"Plans": [{"Node Type": "Bitmap Heap Scan","Parent Relationship": "Outer","Parallel Aware": true,"Async Capable": false,"Relation Name": "orders","Alias": "orders","Startup Cost": 767.90,"Total Cost": 27130.78,"Plan Rows": 17859,"Plan Width": 20,"Actual Startup Time": 4.625,"Actual Total Time": 56.703,"Actual Rows": 14004,"Actual Loops": 4,"Recheck Cond": "((o_orderdate >= '1996-12-01'::date) AND (o_orderdate < '1997-03-01 00:00:00'::timestamp without time zone))","Rows Removed by Index Recheck": 0,"Exact Heap Blocks": 5899,"Lossy Heap Blocks": 0,"Workers": [],"Plans": [{"Node Type": "Bitmap Index Scan","Parent Relationship": "Outer","Parallel Aware": false,"Async Capable": false,"Index Name": "idx_orders_orderdate","Startup Cost": 0.00,"Total Cost": 754.06,"Plan Rows": 55363,"Plan Width": 0,"Actual Startup Time": 8.139,"Actual Total Time": 8.140,"Actual Rows": 56016,"Actual Loops": 1,"Index Cond": "((o_orderdate >= '1996-12-01'::date) AND (o_orderdate < '1997-03-01 00:00:00'::timestamp without time zone))","Workers": []}]},{"Node Type": "Index Scan","Parent Relationship": "Inner","Parallel Aware": false,"Async Capable": false,"Scan Direction": "Forward","Index Name": "idx_lineitem_orderkey","Relation Name": "lineitem","Alias": "lineitem","Startup Cost": 0.43,"Total Cost": 4.67,"Plan Rows": 6,"Plan Width": 4,"Actual Startup Time": 0.009,"Actual Total Time": 0.009,"Actual Rows": 1,"Actual Loops": 56016,"Index Cond": "(l_orderkey = orders.o_orderkey)","Rows Removed by Index Recheck": 0,"Filter": "(l_commitdate < l_receiptdate)","Rows Removed by Filter": 1,"Workers": []}]}]}]}]}]},"Planning Time": 5.768,"Triggers": [],"Execution Time": 230.293}]
[{"Plan": {"Node Type": "Aggregate","Strategy": "Sorted","Partial Mode": "Finalize","Parallel Aware": false,"Async Capable": false,"Startup Cost": 50907.22,"Total Cost": 50940.43,"Plan Rows": 5,"Plan Width": 24,"Actual Startup Time": 204.875,"Actual Total Time": 229.245,"Actual Rows": 5,"Actual Loops": 1,"Group Key": ["orders.o_orderpriority"],"Plans": [{"Node Type": "Gather Merge","Parent Relationship": "Outer","Parallel Aware": false,"Async Capable": false,"Startup Cost": 50907.22,"Total Cost": 50940.30,"Plan Rows": 15,"Plan Width": 24,"Actual Startup Time": 204.487,"Actual Total Time": 229.210,"Actual Rows": 20,"Actual Loops": 1,"Workers Planned": 3,"Workers Launched": 3,"Plans": [{"Node Type": "Aggregate","Strategy": "Sorted","Partial Mode": "Partial","Parent Relationship": "Outer","Parallel Aware": false,"Async Capable": false,"Startup Cost": 49907.18,"Total Cost": 49938.50,"Plan Rows": 5,"Plan Width": 24,"Actual Startup Time": 195.859,"Actual Total Time": 197.107,"Actual Rows": 5,"Actual Loops": 4,"Group Key": ["orders.o_orderpriority"],"Workers": [],"Plans": [{"Node Type": "Sort","Parent Relationship": "Outer","Parallel Aware": false,"Async Capable": false,"Startup Cost": 49907.18,"Total Cost": 49917.60,"Plan Rows": 4170,"Plan Width": 16,"Actual Startup Time": 195.538,"Actual Total Time": 196.036,"Actual Rows": 13129,"Actual Loops": 4,"Sort Key": ["orders.o_orderpriority"],"Sort Method": "quicksort","Sort Space Used": 1092,"Sort Space Type": "Memory","Workers": [{"Worker Number": 0,"Sort Method": "quicksort","Sort Space Used": 1119,"Sort Space Type": "Memory"},{"Worker Number": 1,"Sort Method": "quicksort","Sort Space Used": 1082,"Sort Space Type": "Memory"},{"Worker Number": 2,"Sort Method": "quicksort","Sort Space Used": 1116,"Sort Space Type": "Memory"}],"Plans": [{"Node Type": "Nested Loop","Parent Relationship": "Outer","Parallel Aware": false,"Async Capable": false,"Join Type": "Semi","Startup Cost": 754.75,"Total Cost": 49656.44,"Plan Rows": 4170,"Plan Width": 16,"Actual Startup Time": 4.769,"Actual Total Time": 189.357,"Actual Rows": 13129,"Actual Loops": 4,"Inner Unique": false,"Workers": [],"Plans": [{"Node Type": "Bitmap Heap Scan","Parent Relationship": "Outer","Parallel Aware": true,"Async Capable": false,"Relation Name": "orders","Alias": "orders","Startup Cost": 754.31,"Total Cost": 27112.68,"Plan Rows": 17557,"Plan Width": 20,"Actual Startup Time": 4.640,"Actual Total Time": 54.547,"Actual Rows": 14334,"Actual Loops": 4,"Recheck Cond": "((o_orderdate >= '1995-10-01'::date) AND (o_orderdate < '1996-01-01 00:00:00'::timestamp without time zone))","Rows Removed by Index Recheck": 0,"Exact Heap Blocks": 5726,"Lossy Heap Blocks": 0,"Workers": [],"Plans": [{"Node Type": "Bitmap Index Scan","Parent Relationship": "Outer","Parallel Aware": false,"Async Capable": false,"Index Name": "idx_orders_orderdate","Startup Cost": 0.00,"Total Cost": 740.71,"Plan Rows": 54428,"Plan Width": 0,"Actual Startup Time": 8.057,"Actual Total Time": 8.058,"Actual Rows": 57337,"Actual Loops": 1,"Index Cond": "((o_orderdate >= '1995-10-01'::date) AND (o_orderdate < '1996-01-01 00:00:00'::timestamp without time zone))","Workers": []}]},{"Node Type": "Index Scan","Parent Relationship": "Inner","Parallel Aware": false,"Async Capable": false,"Scan Direction": "Forward","Index Name": "idx_lineitem_orderkey","Relation Name": "lineitem","Alias": "lineitem","Startup Cost": 0.43,"Total Cost": 4.69,"Plan Rows": 6,"Plan Width": 4,"Actual Startup Time": 0.009,"Actual Total Time": 0.009,"Actual Rows": 1,"Actual Loops": 57337,"Index Cond": "(l_orderkey = orders.o_orderkey)","Rows Removed by Index Recheck": 0,"Filter": "(l_commitdate < l_receiptdate)","Rows Removed by Filter": 1,"Workers": []}]}]}]}]}]},"Planning Time": 4.806,"Triggers": [],"Execution Time": 229.951}]
[{"Plan": {"Node Type": "Aggregate","Strategy": "Sorted","Partial Mode": "Finalize","Parallel Aware": false,"Async Capable": false,"Startup Cost": 52343.20,"Total Cost": 52378.77,"Plan Rows": 5,"Plan Width": 24,"Actual Startup Time": 215.407,"Actual Total Time": 239.586,"Actual Rows": 5,"Actual Loops": 1,"Group Key": ["orders.o_orderpriority"],"Plans": [{"Node Type": "Gather Merge","Parent Relationship": "Outer","Parallel Aware": false,"Async Capable": false,"Startup Cost": 52343.20,"Total Cost": 52378.65,"Plan Rows": 15,"Plan Width": 24,"Actual Startup Time": 214.978,"Actual Total Time": 239.549,"Actual Rows": 20,"Actual Loops": 1,"Workers Planned": 3,"Workers Launched": 3,"Plans": [{"Node Type": "Aggregate","Strategy": "Sorted","Partial Mode": "Partial","Parent Relationship": "Outer","Parallel Aware": false,"Async Capable": false,"Startup Cost": 51343.16,"Total Cost": 51376.84,"Plan Rows": 5,"Plan Width": 24,"Actual Startup Time": 205.596,"Actual Total Time": 206.879,"Actual Rows": 5,"Actual Loops": 4,"Group Key": ["orders.o_orderpriority"],"Workers": [],"Plans": [{"Node Type": "Sort","Parent Relationship": "Outer","Parallel Aware": false,"Async Capable": false,"Startup Cost": 51343.16,"Total Cost": 51354.37,"Plan Rows": 4485,"Plan Width": 16,"Actual Startup Time": 205.237,"Actual Total Time": 205.803,"Actual Rows": 13167,"Actual Loops": 4,"Sort Key": ["orders.o_orderpriority"],"Sort Method": "quicksort","Sort Space Used": 1102,"Sort Space Type": "Memory","Workers": [{"Worker Number": 0,"Sort Method": "quicksort","Sort Space Used": 1081,"Sort Space Type": "Memory"},{"Worker Number": 1,"Sort Method": "quicksort","Sort Space Used": 1119,"Sort Space Type": "Memory"},{"Worker Number": 2,"Sort Method": "quicksort","Sort Space Used": 1117,"Sort Space Type": "Memory"}],"Plans": [{"Node Type": "Nested Loop","Parent Relationship": "Outer","Parallel Aware": false,"Async Capable": false,"Join Type": "Semi","Startup Cost": 808.80,"Total Cost": 51071.12,"Plan Rows": 4485,"Plan Width": 16,"Actual Startup Time": 4.655,"Actual Total Time": 198.688,"Actual Rows": 13167,"Actual Loops": 4,"Inner Unique": false,"Workers": [],"Plans": [{"Node Type": "Bitmap Heap Scan","Parent Relationship": "Outer","Parallel Aware": true,"Async Capable": false,"Relation Name": "orders","Alias": "orders","Startup Cost": 808.37,"Total Cost": 27186.58,"Plan Rows": 18881,"Plan Width": 20,"Actual Startup Time": 4.532,"Actual Total Time": 59.577,"Actual Rows": 14389,"Actual Loops": 4,"Recheck Cond": "((o_orderdate >= '1995-03-01'::date) AND (o_orderdate < '1995-06-01 00:00:00'::timestamp without time zone))","Rows Removed by Index Recheck": 0,"Exact Heap Blocks": 5772,"Lossy Heap Blocks": 0,"Workers": [],"Plans": [{"Node Type": "Bitmap Index Scan","Parent Relationship": "Outer","Parallel Aware": false,"Async Capable": false,"Index Name": "idx_orders_orderdate","Startup Cost": 0.00,"Total Cost": 793.74,"Plan Rows": 58531,"Plan Width": 0,"Actual Startup Time": 8.319,"Actual Total Time": 8.322,"Actual Rows": 57556,"Actual Loops": 1,"Index Cond": "((o_orderdate >= '1995-03-01'::date) AND (o_orderdate < '1995-06-01 00:00:00'::timestamp without time zone))","Workers": []}]},{"Node Type": "Index Scan","Parent Relationship": "Inner","Parallel Aware": false,"Async Capable": false,"Scan Direction": "Forward","Index Name": "idx_lineitem_orderkey","Relation Name": "lineitem","Alias": "lineitem","Startup Cost": 0.43,"Total Cost": 4.60,"Plan Rows": 6,"Plan Width": 4,"Actual Startup Time": 0.009,"Actual Total Time": 0.009,"Actual Rows": 1,"Actual Loops": 57556,"Index Cond": "(l_orderkey = orders.o_orderkey)","Rows Removed by Index Recheck": 0,"Filter": "(l_commitdate < l_receiptdate)","Rows Removed by Filter": 1,"Workers": []}]}]}]}]}]},"Planning Time": 5.651,"Triggers": [],"Execution Time": 240.072}]
[{"Plan": {"Node Type": "Aggregate","Strategy": "Sorted","Partial Mode": "Finalize","Parallel Aware": false,"Async Capable": false,"Startup Cost": 50907.22,"Total Cost": 50940.43,"Plan Rows": 5,"Plan Width": 24,"Actual Startup Time": 204.875,"Actual Total Time": 229.245,"Actual Rows": 5,"Actual Loops": 1,"Group Key": ["orders.o_orderpriority"],"Plans": [{"Node Type": "Gather Merge","Parent Relationship": "Outer","Parallel Aware": false,"Async Capable": false,"Startup Cost": 50907.22,"Total Cost": 50940.30,"Plan Rows": 15,"Plan Width": 24,"Actual Startup Time": 204.487,"Actual Total Time": 229.210,"Actual Rows": 20,"Actual Loops": 1,"Workers Planned": 3,"Workers Launched": 3,"Plans": [{"Node Type": "Aggregate","Strategy": "Sorted","Partial Mode": "Partial","Parent Relationship": "Outer","Parallel Aware": false,"Async Capable": false,"Startup Cost": 49907.18,"Total Cost": 49938.50,"Plan Rows": 5,"Plan Width": 24,"Actual Startup Time": 195.859,"Actual Total Time": 197.107,"Actual Rows": 5,"Actual Loops": 4,"Group Key": ["orders.o_orderpriority"],"Workers": [],"Plans": [{"Node Type": "Sort","Parent Relationship": "Outer","Parallel Aware": false,"Async Capable": false,"Startup Cost": 49907.18,"Total Cost": 49917.60,"Plan Rows": 4170,"Plan Width": 16,"Actual Startup Time": 195.538,"Actual Total Time": 196.036,"Actual Rows": 13129,"Actual Loops": 4,"Sort Key": ["orders.o_orderpriority"],"Sort Method": "quicksort","Sort Space Used": 1092,"Sort Space Type": "Memory","Workers": [{"Worker Number": 0,"Sort Method": "quicksort","Sort Space Used": 1119,"Sort Space Type": "Memory"},{"Worker Number": 1,"Sort Method": "quicksort","Sort Space Used": 1082,"Sort Space Type": "Memory"},{"Worker Number": 2,"Sort Method": "quicksort","Sort Space Used": 1116,"Sort Space Type": "Memory"}],"Plans": [{"Node Type": "Nested Loop","Parent Relationship": "Outer","Parallel Aware": false,"Async Capable": false,"Join Type": "Semi","Startup Cost": 754.75,"Total Cost": 49656.44,"Plan Rows": 4170,"Plan Width": 16,"Actual Startup Time": 4.769,"Actual Total Time": 189.357,"Actual Rows": 13129,"Actual Loops": 4,"Inner Unique": false,"Workers": [],"Plans": [{"Node Type": "Bitmap Heap Scan","Parent Relationship": "Outer","Parallel Aware": true,"Async Capable": false,"Relation Name": "orders","Alias": "orders","Startup Cost": 754.31,"Total Cost": 27112.68,"Plan Rows": 17557,"Plan Width": 20,"Actual Startup Time": 4.640,"Actual Total Time": 54.547,"Actual Rows": 14334,"Actual Loops": 4,"Recheck Cond": "((o_orderdate >= '1995-10-01'::date) AND (o_orderdate < '1996-01-01 00:00:00'::timestamp without time zone))","Rows Removed by Index Recheck": 0,"Exact Heap Blocks": 5726,"Lossy Heap Blocks": 0,"Workers": [],"Plans": [{"Node Type": "Bitmap Index Scan","Parent Relationship": "Outer","Parallel Aware": false,"Async Capable": false,"Index Name": "idx_orders_orderdate","Startup Cost": 0.00,"Total Cost": 740.71,"Plan Rows": 54428,"Plan Width": 0,"Actual Startup Time": 8.057,"Actual Total Time": 8.058,"Actual Rows": 57337,"Actual Loops": 1,"Index Cond": "((o_orderdate >= '1995-10-01'::date) AND (o_orderdate < '1996-01-01 00:00:00'::timestamp without time zone))","Workers": []}]},{"Node Type": "Index Scan","Parent Relationship": "Inner","Parallel Aware": false,"Async Capable": false,"Scan Direction": "Forward","Index Name": "idx_lineitem_orderkey","Relation Name": "lineitem","Alias": "lineitem","Startup Cost": 0.43,"Total Cost": 4.69,"Plan Rows": 6,"Plan Width": 4,"Actual Startup Time": 0.009,"Actual Total Time": 0.009,"Actual Rows": 1,"Actual Loops": 57337,"Index Cond": "(l_orderkey = orders.o_orderkey)","Rows Removed by Index Recheck": 0,"Filter": "(l_commitdate < l_receiptdate)","Rows Removed by Filter": 1,"Workers": []}]}]}]}]}]},"Planning Time": 4.806,"Triggers": [],"Execution Time": 229.951}]
[{"Plan": {"Node Type": "Aggregate","Strategy": "Sorted","Partial Mode": "Finalize","Parallel Aware": false,"Async Capable": false,"Startup Cost": 52009.08,"Total Cost": 52044.09,"Plan Rows": 5,"Plan Width": 24,"Actual Startup Time": 215.869,"Actual Total Time": 240.226,"Actual Rows": 5,"Actual Loops": 1,"Group Key": ["orders.o_orderpriority"],"Plans": [{"Node Type": "Gather Merge","Parent Relationship": "Outer","Parallel Aware": false,"Async Capable": false,"Startup Cost": 52009.08,"Total Cost": 52043.97,"Plan Rows": 15,"Plan Width": 24,"Actual Startup Time": 215.457,"Actual Total Time": 240.206,"Actual Rows": 20,"Actual Loops": 1,"Workers Planned": 3,"Workers Launched": 3,"Plans": [{"Node Type": "Aggregate","Strategy": "Sorted","Partial Mode": "Partial","Parent Relationship": "Outer","Parallel Aware": false,"Async Capable": false,"Startup Cost": 51009.04,"Total Cost": 51042.16,"Plan Rows": 5,"Plan Width": 24,"Actual Startup Time": 207.183,"Actual Total Time": 208.446,"Actual Rows": 5,"Actual Loops": 4,"Group Key": ["orders.o_orderpriority"],"Workers": [],"Plans": [{"Node Type": "Sort","Parent Relationship": "Outer","Parallel Aware": false,"Async Capable": false,"Startup Cost": 51009.04,"Total Cost": 51020.06,"Plan Rows": 4410,"Plan Width": 16,"Actual Startup Time": 206.806,"Actual Total Time": 207.370,"Actual Rows": 13098,"Actual Loops": 4,"Sort Key": ["orders.o_orderpriority"],"Sort Method": "quicksort","Sort Space Used": 1123,"Sort Space Type": "Memory","Workers": [{"Worker Number": 0,"Sort Method": "quicksort","Sort Space Used": 1108,"Sort Space Type": "Memory"},{"Worker Number": 1,"Sort Method": "quicksort","Sort Space Used": 1075,"Sort Space Type": "Memory"},{"Worker Number": 2,"Sort Method": "quicksort","Sort Space Used": 1097,"Sort Space Type": "Memory"}],"Plans": [{"Node Type": "Nested Loop","Parent Relationship": "Outer","Parallel Aware": false,"Async Capable": false,"Join Type": "Semi","Startup Cost": 798.90,"Total Cost": 50742.09,"Plan Rows": 4410,"Plan Width": 16,"Actual Startup Time": 7.655,"Actual Total Time": 200.298,"Actual Rows": 13098,"Actual Loops": 4,"Inner Unique": false,"Workers": [],"Plans": [{"Node Type": "Bitmap Heap Scan","Parent Relationship": "Outer","Parallel Aware": true,"Async Capable": false,"Relation Name": "orders","Alias": "orders","Startup Cost": 798.47,"Total Cost": 27172.01,"Plan Rows": 18569,"Plan Width": 20,"Actual Startup Time": 7.548,"Actual Total Time": 58.251,"Actual Rows": 14284,"Actual Loops": 4,"Recheck Cond": "((o_orderdate >= '1993-08-01'::date) AND (o_orderdate < '1993-11-01 00:00:00'::timestamp without time zone))","Rows Removed by Index Recheck": 0,"Exact Heap Blocks": 5961,"Lossy Heap Blocks": 0,"Workers": [],"Plans": [{"Node Type": "Bitmap Index Scan","Parent Relationship": "Outer","Parallel Aware": false,"Async Capable": false,"Index Name": "idx_orders_orderdate","Startup Cost": 0.00,"Total Cost": 784.08,"Plan Rows": 57565,"Plan Width": 0,"Actual Startup Time": 10.621,"Actual Total Time": 10.624,"Actual Rows": 57138,"Actual Loops": 1,"Index Cond": "((o_orderdate >= '1993-08-01'::date) AND (o_orderdate < '1993-11-01 00:00:00'::timestamp without time zone))","Workers": []}]},{"Node Type": "Index Scan","Parent Relationship": "Inner","Parallel Aware": false,"Async Capable": false,"Scan Direction": "Forward","Index Name": "idx_lineitem_orderkey","Relation Name": "lineitem","Alias": "lineitem","Startup Cost": 0.43,"Total Cost": 4.62,"Plan Rows": 6,"Plan Width": 4,"Actual Startup Time": 0.010,"Actual Total Time": 0.010,"Actual Rows": 1,"Actual Loops": 57138,"Index Cond": "(l_orderkey = orders.o_orderkey)","Rows Removed by Index Recheck": 0,"Filter": "(l_commitdate < l_receiptdate)","Rows Removed by Filter": 1,"Workers": []}]}]}]}]}]},"Planning Time": 4.337,"Triggers": [],"Execution Time": 240.936}]
[{"Plan": {"Node Type": "Aggregate","Strategy": "Sorted","Partial Mode": "Finalize","Parallel Aware": false,"Async Capable": false,"Startup Cost": 53209.81,"Total Cost": 53246.81,"Plan Rows": 5,"Plan Width": 24,"Actual Startup Time": 207.732,"Actual Total Time": 232.619,"Actual Rows": 5,"Actual Loops": 1,"Group Key": ["orders.o_orderpriority"],"Plans": [{"Node Type": "Gather Merge","Parent Relationship": "Outer","Parallel Aware": false,"Async Capable": false,"Startup Cost": 53209.81,"Total Cost": 53246.69,"Plan Rows": 15,"Plan Width": 24,"Actual Startup Time": 207.377,"Actual Total Time": 232.588,"Actual Rows": 20,"Actual Loops": 1,"Workers Planned": 3,"Workers Launched": 3,"Plans": [{"Node Type": "Aggregate","Strategy": "Sorted","Partial Mode": "Partial","Parent Relationship": "Outer","Parallel Aware": false,"Async Capable": false,"Startup Cost": 52209.77,"Total Cost": 52244.88,"Plan Rows": 5,"Plan Width": 24,"Actual Startup Time": 198.882,"Actual Total Time": 200.134,"Actual Rows": 5,"Actual Loops": 4,"Group Key": ["orders.o_orderpriority"],"Workers": [],"Plans": [{"Node Type": "Sort","Parent Relationship": "Outer","Parallel Aware": false,"Async Capable": false,"Startup Cost": 52209.77,"Total Cost": 52221.46,"Plan Rows": 4675,"Plan Width": 16,"Actual Startup Time": 198.544,"Actual Total Time": 199.052,"Actual Rows": 13222,"Actual Loops": 4,"Sort Key": ["orders.o_orderpriority"],"Sort Method": "quicksort","Sort Space Used": 1094,"Sort Space Type": "Memory","Workers": [{"Worker Number": 0,"Sort Method": "quicksort","Sort Space Used": 1120,"Sort Space Type": "Memory"},{"Worker Number": 1,"Sort Method": "quicksort","Sort Space Used": 1093,"Sort Space Type": "Memory"},{"Worker Number": 2,"Sort Method": "quicksort","Sort Space Used": 1123,"Sort Space Type": "Memory"}],"Plans": [{"Node Type": "Nested Loop","Parent Relationship": "Outer","Parallel Aware": false,"Async Capable": false,"Join Type": "Semi","Startup Cost": 846.31,"Total Cost": 51924.81,"Plan Rows": 4675,"Plan Width": 16,"Actual Startup Time": 5.243,"Actual Total Time": 192.109,"Actual Rows": 13222,"Actual Loops": 4,"Inner Unique": false,"Workers": [],"Plans": [{"Node Type": "Bitmap Heap Scan","Parent Relationship": "Outer","Parallel Aware": true,"Async Capable": false,"Relation Name": "orders","Alias": "orders","Startup Cost": 845.88,"Total Cost": 27236.14,"Plan Rows": 19684,"Plan Width": 20,"Actual Startup Time": 5.114,"Actual Total Time": 55.968,"Actual Rows": 14421,"Actual Loops": 4,"Recheck Cond": "((o_orderdate >= '1994-11-01'::date) AND (o_orderdate < '1995-02-01 00:00:00'::timestamp without time zone))","Rows Removed by Index Recheck": 0,"Exact Heap Blocks": 5745,"Lossy Heap Blocks": 0,"Workers": [],"Plans": [{"Node Type": "Bitmap Index Scan","Parent Relationship": "Outer","Parallel Aware": false,"Async Capable": false,"Index Name": "idx_orders_orderdate","Startup Cost": 0.00,"Total Cost": 830.63,"Plan Rows": 61020,"Plan Width": 0,"Actual Startup Time": 8.417,"Actual Total Time": 8.421,"Actual Rows": 57683,"Actual Loops": 1,"Index Cond": "((o_orderdate >= '1994-11-01'::date) AND (o_orderdate < '1995-02-01 00:00:00'::timestamp without time zone))","Workers": []}]},{"Node Type": "Index Scan","Parent Relationship": "Inner","Parallel Aware": false,"Async Capable": false,"Scan Direction": "Forward","Index Name": "idx_lineitem_orderkey","Relation Name": "lineitem","Alias": "lineitem","Startup Cost": 0.43,"Total Cost": 4.54,"Plan Rows": 6,"Plan Width": 4,"Actual Startup Time": 0.009,"Actual Total Time": 0.009,"Actual Rows": 1,"Actual Loops": 57683,"Index Cond": "(l_orderkey = orders.o_orderkey)","Rows Removed by Index Recheck": 0,"Filter": "(l_commitdate < l_receiptdate)","Rows Removed by Filter": 1,"Workers": []}]}]}]}]}]},"Planning Time": 5.319,"Triggers": [],"Execution Time": 233.260}]
[{"Plan": {"Node Type": "Aggregate","Strategy": "Sorted","Partial Mode": "Finalize","Parallel Aware": false,"Async Capable": false,"Startup Cost": 52037.63,"Total Cost": 52072.69,"Plan Rows": 5,"Plan Width": 24,"Actual Startup Time": 212.830,"Actual Total Time": 236.528,"Actual Rows": 5,"Actual Loops": 1,"Group Key": ["orders.o_orderpriority"],"Plans": [{"Node Type": "Gather Merge","Parent Relationship": "Outer","Parallel Aware": false,"Async Capable": false,"Startup Cost": 52037.63,"Total Cost": 52072.57,"Plan Rows": 15,"Plan Width": 24,"Actual Startup Time": 212.437,"Actual Total Time": 236.500,"Actual Rows": 20,"Actual Loops": 1,"Workers Planned": 3,"Workers Launched": 3,"Plans": [{"Node Type": "Aggregate","Strategy": "Sorted","Partial Mode": "Partial","Parent Relationship": "Outer","Parallel Aware": false,"Async Capable": false,"Startup Cost": 51037.59,"Total Cost": 51070.76,"Plan Rows": 5,"Plan Width": 24,"Actual Startup Time": 203.518,"Actual Total Time": 204.792,"Actual Rows": 5,"Actual Loops": 4,"Group Key": ["orders.o_orderpriority"],"Workers": [],"Plans": [{"Node Type": "Sort","Parent Relationship": "Outer","Parallel Aware": false,"Async Capable": false,"Startup Cost": 51037.59,"Total Cost": 51048.63,"Plan Rows": 4416,"Plan Width": 16,"Actual Startup Time": 203.163,"Actual Total Time": 203.707,"Actual Rows": 13164,"Actual Loops": 4,"Sort Key": ["orders.o_orderpriority"],"Sort Method": "quicksort","Sort Space Used": 1110,"Sort Space Type": "Memory","Workers": [{"Worker Number": 0,"Sort Method": "quicksort","Sort Space Used": 1102,"Sort Space Type": "Memory"},{"Worker Number": 1,"Sort Method": "quicksort","Sort Space Used": 1107,"Sort Space Type": "Memory"},{"Worker Number": 2,"Sort Method": "quicksort","Sort Space Used": 1099,"Sort Space Type": "Memory"}],"Plans": [{"Node Type": "Nested Loop","Parent Relationship": "Outer","Parallel Aware": false,"Async Capable": false,"Join Type": "Semi","Startup Cost": 799.70,"Total Cost": 50770.24,"Plan Rows": 4416,"Plan Width": 16,"Actual Startup Time": 4.932,"Actual Total Time": 196.801,"Actual Rows": 13164,"Actual Loops": 4,"Inner Unique": false,"Workers": [],"Plans": [{"Node Type": "Bitmap Heap Scan","Parent Relationship": "Outer","Parallel Aware": true,"Async Capable": false,"Relation Name": "orders","Alias": "orders","Startup Cost": 799.27,"Total Cost": 27173.19,"Plan Rows": 18595,"Plan Width": 20,"Actual Startup Time": 4.824,"Actual Total Time": 59.298,"Actual Rows": 14333,"Actual Loops": 4,"Recheck Cond": "((o_orderdate >= '1993-11-01'::date) AND (o_orderdate < '1994-02-01 00:00:00'::timestamp without time zone))","Rows Removed by Index Recheck": 0,"Exact Heap Blocks": 5948,"Lossy Heap Blocks": 0,"Workers": [],"Plans": [{"Node Type": "Bitmap Index Scan","Parent Relationship": "Outer","Parallel Aware": false,"Async Capable": false,"Index Name": "idx_orders_orderdate","Startup Cost": 0.00,"Total Cost": 784.86,"Plan Rows": 57643,"Plan Width": 0,"Actual Startup Time": 8.442,"Actual Total Time": 8.444,"Actual Rows": 57332,"Actual Loops": 1,"Index Cond": "((o_orderdate >= '1993-11-01'::date) AND (o_orderdate < '1994-02-01 00:00:00'::timestamp without time zone))","Workers": []}]},{"Node Type": "Index Scan","Parent Relationship": "Inner","Parallel Aware": false,"Async Capable": false,"Scan Direction": "Forward","Index Name": "idx_lineitem_orderkey","Relation Name": "lineitem","Alias": "lineitem","Startup Cost": 0.43,"Total Cost": 4.62,"Plan Rows": 6,"Plan Width": 4,"Actual Startup Time": 0.009,"Actual Total Time": 0.009,"Actual Rows": 1,"Actual Loops": 57332,"Index Cond": "(l_orderkey = orders.o_orderkey)","Rows Removed by Index Recheck": 0,"Filter": "(l_commitdate < l_receiptdate)","Rows Removed by Filter": 1,"Workers": []}]}]}]}]}]},"Planning Time": 5.578,"Triggers": [],"Execution Time": 237.012}]
[{"Plan": {"Node Type": "Aggregate","Strategy": "Sorted","Partial Mode": "Finalize","Parallel Aware": false,"Async Capable": false,"Startup Cost": 52505.50,"Total Cost": 52541.34,"Plan Rows": 5,"Plan Width": 24,"Actual Startup Time": 212.649,"Actual Total Time": 236.332,"Actual Rows": 5,"Actual Loops": 1,"Group Key": ["orders.o_orderpriority"],"Plans": [{"Node Type": "Gather Merge","Parent Relationship": "Outer","Parallel Aware": false,"Async Capable": false,"Startup Cost": 52505.50,"Total Cost": 52541.21,"Plan Rows": 15,"Plan Width": 24,"Actual Startup Time": 212.241,"Actual Total Time": 236.296,"Actual Rows": 20,"Actual Loops": 1,"Workers Planned": 3,"Workers Launched": 3,"Plans": [{"Node Type": "Aggregate","Strategy": "Sorted","Partial Mode": "Partial","Parent Relationship": "Outer","Parallel Aware": false,"Async Capable": false,"Startup Cost": 51505.46,"Total Cost": 51539.41,"Plan Rows": 5,"Plan Width": 24,"Actual Startup Time": 203.017,"Actual Total Time": 204.284,"Actual Rows": 5,"Actual Loops": 4,"Group Key": ["orders.o_orderpriority"],"Workers": [],"Plans": [{"Node Type": "Sort","Parent Relationship": "Outer","Parallel Aware": false,"Async Capable": false,"Startup Cost": 51505.46,"Total Cost": 51516.76,"Plan Rows": 4520,"Plan Width": 16,"Actual Startup Time": 202.651,"Actual Total Time": 203.197,"Actual Rows": 13152,"Actual Loops": 4,"Sort Key": ["orders.o_orderpriority"],"Sort Method": "quicksort","Sort Space Used": 1103,"Sort Space Type": "Memory","Workers": [{"Worker Number": 0,"Sort Method": "quicksort","Sort Space Used": 1110,"Sort Space Type": "Memory"},{"Worker Number": 1,"Sort Method": "quicksort","Sort Space Used": 1119,"Sort Space Type": "Memory"},{"Worker Number": 2,"Sort Method": "quicksort","Sort Space Used": 1083,"Sort Space Type": "Memory"}],"Plans": [{"Node Type": "Nested Loop","Parent Relationship": "Outer","Parallel Aware": false,"Async Capable": false,"Join Type": "Semi","Startup Cost": 817.51,"Total Cost": 51231.05,"Plan Rows": 4520,"Plan Width": 16,"Actual Startup Time": 4.809,"Actual Total Time": 196.117,"Actual Rows": 13152,"Actual Loops": 4,"Inner Unique": false,"Workers": [],"Plans": [{"Node Type": "Bitmap Heap Scan","Parent Relationship": "Outer","Parallel Aware": true,"Async Capable": false,"Relation Name": "orders","Alias": "orders","Startup Cost": 817.07,"Total Cost": 27197.51,"Plan Rows": 19029,"Plan Width": 20,"Actual Startup Time": 4.654,"Actual Total Time": 58.284,"Actual Rows": 14334,"Actual Loops": 4,"Recheck Cond": "((o_orderdate >= '1997-04-01'::date) AND (o_orderdate < '1997-07-01 00:00:00'::timestamp without time zone))","Rows Removed by Index Recheck": 0,"Exact Heap Blocks": 5837,"Lossy Heap Blocks": 0,"Workers": [],"Plans": [{"Node Type": "Bitmap Index Scan","Parent Relationship": "Outer","Parallel Aware": false,"Async Capable": false,"Index Name": "idx_orders_orderdate","Startup Cost": 0.00,"Total Cost": 802.33,"Plan Rows": 58990,"Plan Width": 0,"Actual Startup Time": 8.382,"Actual Total Time": 8.385,"Actual Rows": 57334,"Actual Loops": 1,"Index Cond": "((o_orderdate >= '1997-04-01'::date) AND (o_orderdate < '1997-07-01 00:00:00'::timestamp without time zone))","Workers": []}]},{"Node Type": "Index Scan","Parent Relationship": "Inner","Parallel Aware": false,"Async Capable": false,"Scan Direction": "Forward","Index Name": "idx_lineitem_orderkey","Relation Name": "lineitem","Alias": "lineitem","Startup Cost": 0.43,"Total Cost": 4.59,"Plan Rows": 6,"Plan Width": 4,"Actual Startup Time": 0.009,"Actual Total Time": 0.009,"Actual Rows": 1,"Actual Loops": 57334,"Index Cond": "(l_orderkey = orders.o_orderkey)","Rows Removed by Index Recheck": 0,"Filter": "(l_commitdate < l_receiptdate)","Rows Removed by Filter": 1,"Workers": []}]}]}]}]}]},"Planning Time": 4.807,"Triggers": [],"Execution Time": 236.832}]
[{"Plan": {"Node Type": "Aggregate","Strategy": "Sorted","Partial Mode": "Finalize","Parallel Aware": false,"Async Capable": false,"Startup Cost": 51546.43,"Total Cost": 51580.69,"Plan Rows": 5,"Plan Width": 24,"Actual Startup Time": 219.803,"Actual Total Time": 243.288,"Actual Rows": 5,"Actual Loops": 1,"Group Key": ["orders.o_orderpriority"],"Plans": [{"Node Type": "Gather Merge","Parent Relationship": "Outer","Parallel Aware": false,"Async Capable": false,"Startup Cost": 51546.43,"Total Cost": 51580.56,"Plan Rows": 15,"Plan Width": 24,"Actual Startup Time": 219.430,"Actual Total Time": 243.257,"Actual Rows": 20,"Actual Loops": 1,"Workers Planned": 3,"Workers Launched": 3,"Plans": [{"Node Type": "Aggregate","Strategy": "Sorted","Partial Mode": "Partial","Parent Relationship": "Outer","Parallel Aware": false,"Async Capable": false,"Startup Cost": 50546.39,"Total Cost": 50578.76,"Plan Rows": 5,"Plan Width": 24,"Actual Startup Time": 209.874,"Actual Total Time": 211.124,"Actual Rows": 5,"Actual Loops": 4,"Group Key": ["orders.o_orderpriority"],"Workers": [],"Plans": [{"Node Type": "Sort","Parent Relationship": "Outer","Parallel Aware": false,"Async Capable": false,"Startup Cost": 50546.39,"Total Cost": 50557.16,"Plan Rows": 4310,"Plan Width": 16,"Actual Startup Time": 209.522,"Actual Total Time": 210.038,"Actual Rows": 13218,"Actual Loops": 4,"Sort Key": ["orders.o_orderpriority"],"Sort Method": "quicksort","Sort Space Used": 1074,"Sort Space Type": "Memory","Workers": [{"Worker Number": 0,"Sort Method": "quicksort","Sort Space Used": 1069,"Sort Space Type": "Memory"},{"Worker Number": 1,"Sort Method": "quicksort","Sort Space Used": 1138,"Sort Space Type": "Memory"},{"Worker Number": 2,"Sort Method": "quicksort","Sort Space Used": 1148,"Sort Space Type": "Memory"}],"Plans": [{"Node Type": "Nested Loop","Parent Relationship": "Outer","Parallel Aware": false,"Async Capable": false,"Join Type": "Semi","Startup Cost": 777.41,"Total Cost": 50286.20,"Plan Rows": 4310,"Plan Width": 16,"Actual Startup Time": 4.922,"Actual Total Time": 202.949,"Actual Rows": 13218,"Actual Loops": 4,"Inner Unique": false,"Workers": [],"Plans": [{"Node Type": "Bitmap Heap Scan","Parent Relationship": "Outer","Parallel Aware": true,"Async Capable": false,"Relation Name": "orders","Alias": "orders","Startup Cost": 776.98,"Total Cost": 27144.15,"Plan Rows": 18145,"Plan Width": 20,"Actual Startup Time": 4.807,"Actual Total Time": 59.857,"Actual Rows": 14422,"Actual Loops": 4,"Recheck Cond": "((o_orderdate >= '1995-05-01'::date) AND (o_orderdate < '1995-08-01 00:00:00'::timestamp without time zone))","Rows Removed by Index Recheck": 0,"Exact Heap Blocks": 5616,"Lossy Heap Blocks": 0,"Workers": [],"Plans": [{"Node Type": "Bitmap Index Scan","Parent Relationship": "Outer","Parallel Aware": false,"Async Capable": false,"Index Name": "idx_orders_orderdate","Startup Cost": 0.00,"Total Cost": 762.92,"Plan Rows": 56249,"Plan Width": 0,"Actual Startup Time": 8.621,"Actual Total Time": 8.621,"Actual Rows": 57687,"Actual Loops": 1,"Index Cond": "((o_orderdate >= '1995-05-01'::date) AND (o_orderdate < '1995-08-01 00:00:00'::timestamp without time zone))","Workers": []}]},{"Node Type": "Index Scan","Parent Relationship": "Inner","Parallel Aware": false,"Async Capable": false,"Scan Direction": "Forward","Index Name": "idx_lineitem_orderkey","Relation Name": "lineitem","Alias": "lineitem","Startup Cost": 0.43,"Total Cost": 4.65,"Plan Rows": 6,"Plan Width": 4,"Actual Startup Time": 0.010,"Actual Total Time": 0.010,"Actual Rows": 1,"Actual Loops": 57687,"Index Cond": "(l_orderkey = orders.o_orderkey)","Rows Removed by Index Recheck": 0,"Filter": "(l_commitdate < l_receiptdate)","Rows Removed by Filter": 1,"Workers": []}]}]}]}]}]},"Planning Time": 5.478,"Triggers": [],"Execution Time": 243.818}]
[{"Plan": {"Node Type": "Aggregate","Strategy": "Sorted","Partial Mode": "Finalize","Parallel Aware": false,"Async Capable": false,"Startup Cost": 51600.04,"Total Cost": 51634.39,"Plan Rows": 5,"Plan Width": 24,"Actual Startup Time": 209.883,"Actual Total Time": 233.573,"Actual Rows": 5,"Actual Loops": 1,"Group Key": ["orders.o_orderpriority"],"Plans": [{"Node Type": "Gather Merge","Parent Relationship": "Outer","Parallel Aware": false,"Async Capable": false,"Startup Cost": 51600.04,"Total Cost": 51634.27,"Plan Rows": 15,"Plan Width": 24,"Actual Startup Time": 209.491,"Actual Total Time": 233.547,"Actual Rows": 20,"Actual Loops": 1,"Workers Planned": 3,"Workers Launched": 3,"Plans": [{"Node Type": "Aggregate","Strategy": "Sorted","Partial Mode": "Partial","Parent Relationship": "Outer","Parallel Aware": false,"Async Capable": false,"Startup Cost": 50600.00,"Total Cost": 50632.47,"Plan Rows": 5,"Plan Width": 24,"Actual Startup Time": 200.555,"Actual Total Time": 201.777,"Actual Rows": 5,"Actual Loops": 4,"Group Key": ["orders.o_orderpriority"],"Workers": [],"Plans": [{"Node Type": "Sort","Parent Relationship": "Outer","Parallel Aware": false,"Async Capable": false,"Startup Cost": 50600.00,"Total Cost": 50610.81,"Plan Rows": 4322,"Plan Width": 16,"Actual Startup Time": 200.215,"Actual Total Time": 200.732,"Actual Rows": 12804,"Actual Loops": 4,"Sort Key": ["orders.o_orderpriority"],"Sort Method": "quicksort","Sort Space Used": 1105,"Sort Space Type": "Memory","Workers": [{"Worker Number": 0,"Sort Method": "quicksort","Sort Space Used": 1078,"Sort Space Type": "Memory"},{"Worker Number": 1,"Sort Method": "quicksort","Sort Space Used": 1077,"Sort Space Type": "Memory"},{"Worker Number": 2,"Sort Method": "quicksort","Sort Space Used": 1079,"Sort Space Type": "Memory"}],"Plans": [{"Node Type": "Nested Loop","Parent Relationship": "Outer","Parallel Aware": false,"Async Capable": false,"Join Type": "Semi","Startup Cost": 779.02,"Total Cost": 50339.01,"Plan Rows": 4322,"Plan Width": 16,"Actual Startup Time": 5.636,"Actual Total Time": 193.920,"Actual Rows": 12804,"Actual Loops": 4,"Inner Unique": false,"Workers": [],"Plans": [{"Node Type": "Bitmap Heap Scan","Parent Relationship": "Outer","Parallel Aware": true,"Async Capable": false,"Relation Name": "orders","Alias": "orders","Startup Cost": 778.59,"Total Cost": 27146.52,"Plan Rows": 18195,"Plan Width": 20,"Actual Startup Time": 5.497,"Actual Total Time": 58.362,"Actual Rows": 13981,"Actual Loops": 4,"Recheck Cond": "((o_orderdate >= '1993-01-01'::date) AND (o_orderdate < '1993-04-01 00:00:00'::timestamp without time zone))","Rows Removed by Index Recheck": 0,"Exact Heap Blocks": 5903,"Lossy Heap Blocks": 0,"Workers": [],"Plans": [{"Node Type": "Bitmap Index Scan","Parent Relationship": "Outer","Parallel Aware": false,"Async Capable": false,"Index Name": "idx_orders_orderdate","Startup Cost": 0.00,"Total Cost": 764.49,"Plan Rows": 56406,"Plan Width": 0,"Actual Startup Time": 9.185,"Actual Total Time": 9.187,"Actual Rows": 55924,"Actual Loops": 1,"Index Cond": "((o_orderdate >= '1993-01-01'::date) AND (o_orderdate < '1993-04-01 00:00:00'::timestamp without time zone))","Workers": []}]},{"Node Type": "Index Scan","Parent Relationship": "Inner","Parallel Aware": false,"Async Capable": false,"Scan Direction": "Forward","Index Name": "idx_lineitem_orderkey","Relation Name": "lineitem","Alias": "lineitem","Startup Cost": 0.43,"Total Cost": 4.65,"Plan Rows": 6,"Plan Width": 4,"Actual Startup Time": 0.009,"Actual Total Time": 0.009,"Actual Rows": 1,"Actual Loops": 55924,"Index Cond": "(l_orderkey = orders.o_orderkey)","Rows Removed by Index Recheck": 0,"Filter": "(l_commitdate < l_receiptdate)","Rows Removed by Filter": 1,"Workers": []}]}]}]}]}]},"Planning Time": 4.372,"Triggers": [],"Execution Time": 234.017}]
[{"Plan": {"Node Type": "Aggregate","Strategy": "Sorted","Partial Mode": "Finalize","Parallel Aware": false,"Async Capable": false,"Startup Cost": 52283.40,"Total Cost": 52318.87,"Plan Rows": 5,"Plan Width": 24,"Actual Startup Time": 207.856,"Actual Total Time": 232.061,"Actual Rows": 5,"Actual Loops": 1,"Group Key": ["orders.o_orderpriority"],"Plans": [{"Node Type": "Gather Merge","Parent Relationship": "Outer","Parallel Aware": false,"Async Capable": false,"Startup Cost": 52283.40,"Total Cost": 52318.75,"Plan Rows": 15,"Plan Width": 24,"Actual Startup Time": 207.460,"Actual Total Time": 232.033,"Actual Rows": 20,"Actual Loops": 1,"Workers Planned": 3,"Workers Launched": 3,"Plans": [{"Node Type": "Aggregate","Strategy": "Sorted","Partial Mode": "Partial","Parent Relationship": "Outer","Parallel Aware": false,"Async Capable": false,"Startup Cost": 51283.36,"Total Cost": 51316.95,"Plan Rows": 5,"Plan Width": 24,"Actual Startup Time": 198.383,"Actual Total Time": 199.637,"Actual Rows": 5,"Actual Loops": 4,"Group Key": ["orders.o_orderpriority"],"Workers": [],"Plans": [{"Node Type": "Sort","Parent Relationship": "Outer","Parallel Aware": false,"Async Capable": false,"Startup Cost": 51283.36,"Total Cost": 51294.54,"Plan Rows": 4471,"Plan Width": 16,"Actual Startup Time": 198.029,"Actual Total Time": 198.557,"Actual Rows": 12996,"Actual Loops": 4,"Sort Key": ["orders.o_orderpriority"],"Sort Method": "quicksort","Sort Space Used": 1092,"Sort Space Type": "Memory","Workers": [{"Worker Number": 0,"Sort Method": "quicksort","Sort Space Used": 1114,"Sort Space Type": "Memory"},{"Worker Number": 1,"Sort Method": "quicksort","Sort Space Used": 1076,"Sort Space Type": "Memory"},{"Worker Number": 2,"Sort Method": "quicksort","Sort Space Used": 1099,"Sort Space Type": "Memory"}],"Plans": [{"Node Type": "Nested Loop","Parent Relationship": "Outer","Parallel Aware": false,"Async Capable": false,"Join Type": "Semi","Startup Cost": 807.02,"Total Cost": 51012.28,"Plan Rows": 4471,"Plan Width": 16,"Actual Startup Time": 5.146,"Actual Total Time": 191.580,"Actual Rows": 12996,"Actual Loops": 4,"Inner Unique": false,"Workers": [],"Plans": [{"Node Type": "Bitmap Heap Scan","Parent Relationship": "Outer","Parallel Aware": true,"Async Capable": false,"Relation Name": "orders","Alias": "orders","Startup Cost": 806.59,"Total Cost": 27183.96,"Plan Rows": 18825,"Plan Width": 20,"Actual Startup Time": 5.016,"Actual Total Time": 56.818,"Actual Rows": 14161,"Actual Loops": 4,"Recheck Cond": "((o_orderdate >= '1994-04-01'::date) AND (o_orderdate < '1994-07-01 00:00:00'::timestamp without time zone))","Rows Removed by Index Recheck": 0,"Exact Heap Blocks": 5770,"Lossy Heap Blocks": 0,"Workers": [],"Plans": [{"Node Type": "Bitmap Index Scan","Parent Relationship": "Outer","Parallel Aware": false,"Async Capable": false,"Index Name": "idx_orders_orderdate","Startup Cost": 0.00,"Total Cost": 792.00,"Plan Rows": 58357,"Plan Width": 0,"Actual Startup Time": 8.503,"Actual Total Time": 8.503,"Actual Rows": 56645,"Actual Loops": 1,"Index Cond": "((o_orderdate >= '1994-04-01'::date) AND (o_orderdate < '1994-07-01 00:00:00'::timestamp without time zone))","Workers": []}]},{"Node Type": "Index Scan","Parent Relationship": "Inner","Parallel Aware": false,"Async Capable": false,"Scan Direction": "Forward","Index Name": "idx_lineitem_orderkey","Relation Name": "lineitem","Alias": "lineitem","Startup Cost": 0.43,"Total Cost": 4.60,"Plan Rows": 6,"Plan Width": 4,"Actual Startup Time": 0.009,"Actual Total Time": 0.009,"Actual Rows": 1,"Actual Loops": 56645,"Index Cond": "(l_orderkey = orders.o_orderkey)","Rows Removed by Index Recheck": 0,"Filter": "(l_commitdate < l_receiptdate)","Rows Removed by Filter": 1,"Workers": []}]}]}]}]}]},"Planning Time": 4.301,"Triggers": [],"Execution Time": 232.692}]
[{"Plan": {"Node Type": "Aggregate","Strategy": "Sorted","Partial Mode": "Finalize","Parallel Aware": false,"Async Capable": false,"Startup Cost": 52300.80,"Total Cost": 52336.30,"Plan Rows": 5,"Plan Width": 24,"Actual Startup Time": 211.625,"Actual Total Time": 234.968,"Actual Rows": 5,"Actual Loops": 1,"Group Key": ["orders.o_orderpriority"],"Plans": [{"Node Type": "Gather Merge","Parent Relationship": "Outer","Parallel Aware": false,"Async Capable": false,"Startup Cost": 52300.80,"Total Cost": 52336.17,"Plan Rows": 15,"Plan Width": 24,"Actual Startup Time": 211.243,"Actual Total Time": 234.943,"Actual Rows": 20,"Actual Loops": 1,"Workers Planned": 3,"Workers Launched": 3,"Plans": [{"Node Type": "Aggregate","Strategy": "Sorted","Partial Mode": "Partial","Parent Relationship": "Outer","Parallel Aware": false,"Async Capable": false,"Startup Cost": 51300.76,"Total Cost": 51334.37,"Plan Rows": 5,"Plan Width": 24,"Actual Startup Time": 201.938,"Actual Total Time": 203.221,"Actual Rows": 5,"Actual Loops": 4,"Group Key": ["orders.o_orderpriority"],"Workers": [],"Plans": [{"Node Type": "Sort","Parent Relationship": "Outer","Parallel Aware": false,"Async Capable": false,"Startup Cost": 51300.76,"Total Cost": 51311.94,"Plan Rows": 4475,"Plan Width": 16,"Actual Startup Time": 201.599,"Actual Total Time": 202.136,"Actual Rows": 13200,"Actual Loops": 4,"Sort Key": ["orders.o_orderpriority"],"Sort Method": "quicksort","Sort Space Used": 1121,"Sort Space Type": "Memory","Workers": [{"Worker Number": 0,"Sort Method": "quicksort","Sort Space Used": 1104,"Sort Space Type": "Memory"},{"Worker Number": 1,"Sort Method": "quicksort","Sort Space Used": 1103,"Sort Space Type": "Memory"},{"Worker Number": 2,"Sort Method": "quicksort","Sort Space Used": 1097,"Sort Space Type": "Memory"}],"Plans": [{"Node Type": "Nested Loop","Parent Relationship": "Outer","Parallel Aware": false,"Async Capable": false,"Join Type": "Semi","Startup Cost": 807.53,"Total Cost": 51029.40,"Plan Rows": 4475,"Plan Width": 16,"Actual Startup Time": 4.691,"Actual Total Time": 194.955,"Actual Rows": 13200,"Actual Loops": 4,"Inner Unique": false,"Workers": [],"Plans": [{"Node Type": "Bitmap Heap Scan","Parent Relationship": "Outer","Parallel Aware": true,"Async Capable": false,"Relation Name": "orders","Alias": "orders","Startup Cost": 807.10,"Total Cost": 27184.71,"Plan Rows": 18841,"Plan Width": 20,"Actual Startup Time": 4.548,"Actual Total Time": 57.646,"Actual Rows": 14379,"Actual Loops": 4,"Recheck Cond": "((o_orderdate >= '1996-10-01'::date) AND (o_orderdate < '1997-01-01 00:00:00'::timestamp without time zone))","Rows Removed by Index Recheck": 0,"Exact Heap Blocks": 5956,"Lossy Heap Blocks": 0,"Workers": [],"Plans": [{"Node Type": "Bitmap Index Scan","Parent Relationship": "Outer","Parallel Aware": false,"Async Capable": false,"Index Name": "idx_orders_orderdate","Startup Cost": 0.00,"Total Cost": 792.50,"Plan Rows": 58407,"Plan Width": 0,"Actual Startup Time": 8.165,"Actual Total Time": 8.167,"Actual Rows": 57515,"Actual Loops": 1,"Index Cond": "((o_orderdate >= '1996-10-01'::date) AND (o_orderdate < '1997-01-01 00:00:00'::timestamp without time zone))","Workers": []}]},{"Node Type": "Index Scan","Parent Relationship": "Inner","Parallel Aware": false,"Async Capable": false,"Scan Direction": "Forward","Index Name": "idx_lineitem_orderkey","Relation Name": "lineitem","Alias": "lineitem","Startup Cost": 0.43,"Total Cost": 4.60,"Plan Rows": 6,"Plan Width": 4,"Actual Startup Time": 0.009,"Actual Total Time": 0.009,"Actual Rows": 1,"Actual Loops": 57515,"Index Cond": "(l_orderkey = orders.o_orderkey)","Rows Removed by Index Recheck": 0,"Filter": "(l_commitdate < l_receiptdate)","Rows Removed by Filter": 1,"Workers": []}]}]}]}]}]},"Planning Time": 5.090,"Triggers": [],"Execution Time": 235.437}]
[{"Plan": {"Node Type": "Aggregate","Strategy": "Sorted","Partial Mode": "Finalize","Parallel Aware": false,"Async Capable": false,"Startup Cost": 53209.81,"Total Cost": 53246.81,"Plan Rows": 5,"Plan Width": 24,"Actual Startup Time": 207.732,"Actual Total Time": 232.619,"Actual Rows": 5,"Actual Loops": 1,"Group Key": ["orders.o_orderpriority"],"Plans": [{"Node Type": "Gather Merge","Parent Relationship": "Outer","Parallel Aware": false,"Async Capable": false,"Startup Cost": 53209.81,"Total Cost": 53246.69,"Plan Rows": 15,"Plan Width": 24,"Actual Startup Time": 207.377,"Actual Total Time": 232.588,"Actual Rows": 20,"Actual Loops": 1,"Workers Planned": 3,"Workers Launched": 3,"Plans": [{"Node Type": "Aggregate","Strategy": "Sorted","Partial Mode": "Partial","Parent Relationship": "Outer","Parallel Aware": false,"Async Capable": false,"Startup Cost": 52209.77,"Total Cost": 52244.88,"Plan Rows": 5,"Plan Width": 24,"Actual Startup Time": 198.882,"Actual Total Time": 200.134,"Actual Rows": 5,"Actual Loops": 4,"Group Key": ["orders.o_orderpriority"],"Workers": [],"Plans": [{"Node Type": "Sort","Parent Relationship": "Outer","Parallel Aware": false,"Async Capable": false,"Startup Cost": 52209.77,"Total Cost": 52221.46,"Plan Rows": 4675,"Plan Width": 16,"Actual Startup Time": 198.544,"Actual Total Time": 199.052,"Actual Rows": 13222,"Actual Loops": 4,"Sort Key": ["orders.o_orderpriority"],"Sort Method": "quicksort","Sort Space Used": 1094,"Sort Space Type": "Memory","Workers": [{"Worker Number": 0,"Sort Method": "quicksort","Sort Space Used": 1120,"Sort Space Type": "Memory"},{"Worker Number": 1,"Sort Method": "quicksort","Sort Space Used": 1093,"Sort Space Type": "Memory"},{"Worker Number": 2,"Sort Method": "quicksort","Sort Space Used": 1123,"Sort Space Type": "Memory"}],"Plans": [{"Node Type": "Nested Loop","Parent Relationship": "Outer","Parallel Aware": false,"Async Capable": false,"Join Type": "Semi","Startup Cost": 846.31,"Total Cost": 51924.81,"Plan Rows": 4675,"Plan Width": 16,"Actual Startup Time": 5.243,"Actual Total Time": 192.109,"Actual Rows": 13222,"Actual Loops": 4,"Inner Unique": false,"Workers": [],"Plans": [{"Node Type": "Bitmap Heap Scan","Parent Relationship": "Outer","Parallel Aware": true,"Async Capable": false,"Relation Name": "orders","Alias": "orders","Startup Cost": 845.88,"Total Cost": 27236.14,"Plan Rows": 19684,"Plan Width": 20,"Actual Startup Time": 5.114,"Actual Total Time": 55.968,"Actual Rows": 14421,"Actual Loops": 4,"Recheck Cond": "((o_orderdate >= '1994-11-01'::date) AND (o_orderdate < '1995-02-01 00:00:00'::timestamp without time zone))","Rows Removed by Index Recheck": 0,"Exact Heap Blocks": 5745,"Lossy Heap Blocks": 0,"Workers": [],"Plans": [{"Node Type": "Bitmap Index Scan","Parent Relationship": "Outer","Parallel Aware": false,"Async Capable": false,"Index Name": "idx_orders_orderdate","Startup Cost": 0.00,"Total Cost": 830.63,"Plan Rows": 61020,"Plan Width": 0,"Actual Startup Time": 8.417,"Actual Total Time": 8.421,"Actual Rows": 57683,"Actual Loops": 1,"Index Cond": "((o_orderdate >= '1994-11-01'::date) AND (o_orderdate < '1995-02-01 00:00:00'::timestamp without time zone))","Workers": []}]},{"Node Type": "Index Scan","Parent Relationship": "Inner","Parallel Aware": false,"Async Capable": false,"Scan Direction": "Forward","Index Name": "idx_lineitem_orderkey","Relation Name": "lineitem","Alias": "lineitem","Startup Cost": 0.43,"Total Cost": 4.54,"Plan Rows": 6,"Plan Width": 4,"Actual Startup Time": 0.009,"Actual Total Time": 0.009,"Actual Rows": 1,"Actual Loops": 57683,"Index Cond": "(l_orderkey = orders.o_orderkey)","Rows Removed by Index Recheck": 0,"Filter": "(l_commitdate < l_receiptdate)","Rows Removed by Filter": 1,"Workers": []}]}]}]}]}]},"Planning Time": 5.319,"Triggers": [],"Execution Time": 233.260}]
[{"Plan": {"Node Type": "Aggregate","Strategy": "Sorted","Partial Mode": "Finalize","Parallel Aware": false,"Async Capable": false,"Startup Cost": 52392.16,"Total Cost": 52427.81,"Plan Rows": 5,"Plan Width": 24,"Actual Startup Time": 211.248,"Actual Total Time": 234.990,"Actual Rows": 5,"Actual Loops": 1,"Group Key": ["orders.o_orderpriority"],"Plans": [{"Node Type": "Gather Merge","Parent Relationship": "Outer","Parallel Aware": false,"Async Capable": false,"Startup Cost": 52392.16,"Total Cost": 52427.69,"Plan Rows": 15,"Plan Width": 24,"Actual Startup Time": 210.814,"Actual Total Time": 234.963,"Actual Rows": 20,"Actual Loops": 1,"Workers Planned": 3,"Workers Launched": 3,"Plans": [{"Node Type": "Aggregate","Strategy": "Sorted","Partial Mode": "Partial","Parent Relationship": "Outer","Parallel Aware": false,"Async Capable": false,"Startup Cost": 51392.12,"Total Cost": 51425.88,"Plan Rows": 5,"Plan Width": 24,"Actual Startup Time": 201.683,"Actual Total Time": 202.935,"Actual Rows": 5,"Actual Loops": 4,"Group Key": ["orders.o_orderpriority"],"Workers": [],"Plans": [{"Node Type": "Sort","Parent Relationship": "Outer","Parallel Aware": false,"Async Capable": false,"Startup Cost": 51392.12,"Total Cost": 51403.36,"Plan Rows": 4495,"Plan Width": 16,"Actual Startup Time": 201.346,"Actual Total Time": 201.859,"Actual Rows": 13076,"Actual Loops": 4,"Sort Key": ["orders.o_orderpriority"],"Sort Method": "quicksort","Sort Space Used": 1088,"Sort Space Type": "Memory","Workers": [{"Worker Number": 0,"Sort Method": "quicksort","Sort Space Used": 1117,"Sort Space Type": "Memory"},{"Worker Number": 1,"Sort Method": "quicksort","Sort Space Used": 1079,"Sort Space Type": "Memory"},{"Worker Number": 2,"Sort Method": "quicksort","Sort Space Used": 1114,"Sort Space Type": "Memory"}],"Plans": [{"Node Type": "Nested Loop","Parent Relationship": "Outer","Parallel Aware": false,"Async Capable": false,"Join Type": "Semi","Startup Cost": 810.26,"Total Cost": 51119.41,"Plan Rows": 4495,"Plan Width": 16,"Actual Startup Time": 5.099,"Actual Total Time": 195.041,"Actual Rows": 13076,"Actual Loops": 4,"Inner Unique": false,"Workers": [],"Plans": [{"Node Type": "Bitmap Heap Scan","Parent Relationship": "Outer","Parallel Aware": true,"Async Capable": false,"Relation Name": "orders","Alias": "orders","Startup Cost": 809.83,"Total Cost": 27188.73,"Plan Rows": 18927,"Plan Width": 20,"Actual Startup Time": 4.954,"Actual Total Time": 57.624,"Actual Rows": 14263,"Actual Loops": 4,"Recheck Cond": "((o_orderdate >= '1995-11-01'::date) AND (o_orderdate < '1996-02-01 00:00:00'::timestamp without time zone))","Rows Removed by Index Recheck": 0,"Exact Heap Blocks": 5693,"Lossy Heap Blocks": 0,"Workers": [],"Plans": [{"Node Type": "Bitmap Index Scan","Parent Relationship": "Outer","Parallel Aware": false,"Async Capable": false,"Index Name": "idx_orders_orderdate","Startup Cost": 0.00,"Total Cost": 795.16,"Plan Rows": 58673,"Plan Width": 0,"Actual Startup Time": 8.818,"Actual Total Time": 8.820,"Actual Rows": 57052,"Actual Loops": 1,"Index Cond": "((o_orderdate >= '1995-11-01'::date) AND (o_orderdate < '1996-02-01 00:00:00'::timestamp without time zone))","Workers": []}]},{"Node Type": "Index Scan","Parent Relationship": "Inner","Parallel Aware": false,"Async Capable": false,"Scan Direction": "Forward","Index Name": "idx_lineitem_orderkey","Relation Name": "lineitem","Alias": "lineitem","Startup Cost": 0.43,"Total Cost": 4.59,"Plan Rows": 6,"Plan Width": 4,"Actual Startup Time": 0.009,"Actual Total Time": 0.009,"Actual Rows": 1,"Actual Loops": 57052,"Index Cond": "(l_orderkey = orders.o_orderkey)","Rows Removed by Index Recheck": 0,"Filter": "(l_commitdate < l_receiptdate)","Rows Removed by Filter": 1,"Workers": []}]}]}]}]}]},"Planning Time": 5.327,"Triggers": [],"Execution Time": 235.461}]
[{"Plan": {"Node Type": "Aggregate","Strategy": "Sorted","Partial Mode": "Finalize","Parallel Aware": false,"Async Capable": false,"Startup Cost": 51845.54,"Total Cost": 51880.29,"Plan Rows": 5,"Plan Width": 24,"Actual Startup Time": 207.177,"Actual Total Time": 232.110,"Actual Rows": 5,"Actual Loops": 1,"Group Key": ["orders.o_orderpriority"],"Plans": [{"Node Type": "Gather Merge","Parent Relationship": "Outer","Parallel Aware": false,"Async Capable": false,"Startup Cost": 51845.54,"Total Cost": 51880.17,"Plan Rows": 15,"Plan Width": 24,"Actual Startup Time": 206.778,"Actual Total Time": 232.079,"Actual Rows": 20,"Actual Loops": 1,"Workers Planned": 3,"Workers Launched": 3,"Plans": [{"Node Type": "Aggregate","Strategy": "Sorted","Partial Mode": "Partial","Parent Relationship": "Outer","Parallel Aware": false,"Async Capable": false,"Startup Cost": 50845.50,"Total Cost": 50878.36,"Plan Rows": 5,"Plan Width": 24,"Actual Startup Time": 198.217,"Actual Total Time": 199.466,"Actual Rows": 5,"Actual Loops": 4,"Group Key": ["orders.o_orderpriority"],"Workers": [],"Plans": [{"Node Type": "Sort","Parent Relationship": "Outer","Parallel Aware": false,"Async Capable": false,"Startup Cost": 50845.50,"Total Cost": 50856.44,"Plan Rows": 4375,"Plan Width": 16,"Actual Startup Time": 197.865,"Actual Total Time": 198.399,"Actual Rows": 13003,"Actual Loops": 4,"Sort Key": ["orders.o_orderpriority"],"Sort Method": "quicksort","Sort Space Used": 1088,"Sort Space Type": "Memory","Workers": [{"Worker Number": 0,"Sort Method": "quicksort","Sort Space Used": 1109,"Sort Space Type": "Memory"},{"Worker Number": 1,"Sort Method": "quicksort","Sort Space Used": 1075,"Sort Space Type": "Memory"},{"Worker Number": 2,"Sort Method": "quicksort","Sort Space Used": 1111,"Sort Space Type": "Memory"}],"Plans": [{"Node Type": "Nested Loop","Parent Relationship": "Outer","Parallel Aware": false,"Async Capable": false,"Join Type": "Semi","Startup Cost": 790.17,"Total Cost": 50580.92,"Plan Rows": 4375,"Plan Width": 16,"Actual Startup Time": 5.194,"Actual Total Time": 191.534,"Actual Rows": 13003,"Actual Loops": 4,"Inner Unique": false,"Workers": [],"Plans": [{"Node Type": "Bitmap Heap Scan","Parent Relationship": "Outer","Parallel Aware": true,"Async Capable": false,"Relation Name": "orders","Alias": "orders","Startup Cost": 789.73,"Total Cost": 27161.04,"Plan Rows": 18420,"Plan Width": 20,"Actual Startup Time": 5.066,"Actual Total Time": 56.417,"Actual Rows": 14194,"Actual Loops": 4,"Recheck Cond": "((o_orderdate >= '1996-04-01'::date) AND (o_orderdate < '1996-07-01 00:00:00'::timestamp without time zone))","Rows Removed by Index Recheck": 0,"Exact Heap Blocks": 5706,"Lossy Heap Blocks": 0,"Workers": [],"Plans": [{"Node Type": "Bitmap Index Scan","Parent Relationship": "Outer","Parallel Aware": false,"Async Capable": false,"Index Name": "idx_orders_orderdate","Startup Cost": 0.00,"Total Cost": 775.46,"Plan Rows": 57103,"Plan Width": 0,"Actual Startup Time": 8.398,"Actual Total Time": 8.399,"Actual Rows": 56775,"Actual Loops": 1,"Index Cond": "((o_orderdate >= '1996-04-01'::date) AND (o_orderdate < '1996-07-01 00:00:00'::timestamp without time zone))","Workers": []}]},{"Node Type": "Index Scan","Parent Relationship": "Inner","Parallel Aware": false,"Async Capable": false,"Scan Direction": "Forward","Index Name": "idx_lineitem_orderkey","Relation Name": "lineitem","Alias": "lineitem","Startup Cost": 0.43,"Total Cost": 4.63,"Plan Rows": 6,"Plan Width": 4,"Actual Startup Time": 0.009,"Actual Total Time": 0.009,"Actual Rows": 1,"Actual Loops": 56775,"Index Cond": "(l_orderkey = orders.o_orderkey)","Rows Removed by Index Recheck": 0,"Filter": "(l_commitdate < l_receiptdate)","Rows Removed by Filter": 1,"Workers": []}]}]}]}]}]},"Planning Time": 4.671,"Triggers": [],"Execution Time": 232.791}]
[{"Plan": {"Node Type": "Aggregate","Strategy": "Sorted","Partial Mode": "Finalize","Parallel Aware": false,"Async Capable": false,"Startup Cost": 52586.46,"Total Cost": 52622.43,"Plan Rows": 5,"Plan Width": 24,"Actual Startup Time": 204.940,"Actual Total Time": 235.996,"Actual Rows": 5,"Actual Loops": 1,"Group Key": ["orders.o_orderpriority"],"Plans": [{"Node Type": "Gather Merge","Parent Relationship": "Outer","Parallel Aware": false,"Async Capable": false,"Startup Cost": 52586.46,"Total Cost": 52622.30,"Plan Rows": 15,"Plan Width": 24,"Actual Startup Time": 204.592,"Actual Total Time": 235.964,"Actual Rows": 20,"Actual Loops": 1,"Workers Planned": 3,"Workers Launched": 3,"Plans": [{"Node Type": "Aggregate","Strategy": "Sorted","Partial Mode": "Partial","Parent Relationship": "Outer","Parallel Aware": false,"Async Capable": false,"Startup Cost": 51586.42,"Total Cost": 51620.50,"Plan Rows": 5,"Plan Width": 24,"Actual Startup Time": 195.611,"Actual Total Time": 196.883,"Actual Rows": 5,"Actual Loops": 4,"Group Key": ["orders.o_orderpriority"],"Workers": [],"Plans": [{"Node Type": "Sort","Parent Relationship": "Outer","Parallel Aware": false,"Async Capable": false,"Startup Cost": 51586.42,"Total Cost": 51597.76,"Plan Rows": 4538,"Plan Width": 16,"Actual Startup Time": 195.276,"Actual Total Time": 195.812,"Actual Rows": 13108,"Actual Loops": 4,"Sort Key": ["orders.o_orderpriority"],"Sort Method": "quicksort","Sort Space Used": 1049,"Sort Space Type": "Memory","Workers": [{"Worker Number": 0,"Sort Method": "quicksort","Sort Space Used": 1116,"Sort Space Type": "Memory"},{"Worker Number": 1,"Sort Method": "quicksort","Sort Space Used": 1115,"Sort Space Type": "Memory"},{"Worker Number": 2,"Sort Method": "quicksort","Sort Space Used": 1126,"Sort Space Type": "Memory"}],"Plans": [{"Node Type": "Nested Loop","Parent Relationship": "Outer","Parallel Aware": false,"Async Capable": false,"Join Type": "Semi","Startup Cost": 819.93,"Total Cost": 51310.78,"Plan Rows": 4538,"Plan Width": 16,"Actual Startup Time": 4.752,"Actual Total Time": 189.119,"Actual Rows": 13108,"Actual Loops": 4,"Inner Unique": false,"Workers": [],"Plans": [{"Node Type": "Bitmap Heap Scan","Parent Relationship": "Outer","Parallel Aware": true,"Async Capable": false,"Relation Name": "orders","Alias": "orders","Startup Cost": 819.49,"Total Cost": 27201.07,"Plan Rows": 19105,"Plan Width": 20,"Actual Startup Time": 4.644,"Actual Total Time": 55.500,"Actual Rows": 14318,"Actual Loops": 4,"Recheck Cond": "((o_orderdate >= '1996-05-01'::date) AND (o_orderdate < '1996-08-01 00:00:00'::timestamp without time zone))","Rows Removed by Index Recheck": 0,"Exact Heap Blocks": 5395,"Lossy Heap Blocks": 0,"Workers": [],"Plans": [{"Node Type": "Bitmap Index Scan","Parent Relationship": "Outer","Parallel Aware": false,"Async Capable": false,"Index Name": "idx_orders_orderdate","Startup Cost": 0.00,"Total Cost": 804.69,"Plan Rows": 59226,"Plan Width": 0,"Actual Startup Time": 8.138,"Actual Total Time": 8.141,"Actual Rows": 57270,"Actual Loops": 1,"Index Cond": "((o_orderdate >= '1996-05-01'::date) AND (o_orderdate < '1996-08-01 00:00:00'::timestamp without time zone))","Workers": []}]},{"Node Type": "Index Scan","Parent Relationship": "Inner","Parallel Aware": false,"Async Capable": false,"Scan Direction": "Forward","Index Name": "idx_lineitem_orderkey","Relation Name": "lineitem","Alias": "lineitem","Startup Cost": 0.43,"Total Cost": 4.58,"Plan Rows": 6,"Plan Width": 4,"Actual Startup Time": 0.009,"Actual Total Time": 0.009,"Actual Rows": 1,"Actual Loops": 57270,"Index Cond": "(l_orderkey = orders.o_orderkey)","Rows Removed by Index Recheck": 0,"Filter": "(l_commitdate < l_receiptdate)","Rows Removed by Filter": 1,"Workers": []}]}]}]}]}]},"Planning Time": 4.341,"Triggers": [],"Execution Time": 236.444}]
[{"Plan": {"Node Type": "Aggregate","Strategy": "Sorted","Partial Mode": "Finalize","Parallel Aware": false,"Async Capable": false,"Startup Cost": 51000.15,"Total Cost": 51033.51,"Plan Rows": 5,"Plan Width": 24,"Actual Startup Time": 209.454,"Actual Total Time": 233.083,"Actual Rows": 5,"Actual Loops": 1,"Group Key": ["orders.o_orderpriority"],"Plans": [{"Node Type": "Gather Merge","Parent Relationship": "Outer","Parallel Aware": false,"Async Capable": false,"Startup Cost": 51000.15,"Total Cost": 51033.39,"Plan Rows": 15,"Plan Width": 24,"Actual Startup Time": 209.023,"Actual Total Time": 233.061,"Actual Rows": 20,"Actual Loops": 1,"Workers Planned": 3,"Workers Launched": 3,"Plans": [{"Node Type": "Aggregate","Strategy": "Sorted","Partial Mode": "Partial","Parent Relationship": "Outer","Parallel Aware": false,"Async Capable": false,"Startup Cost": 50000.11,"Total Cost": 50031.58,"Plan Rows": 5,"Plan Width": 24,"Actual Startup Time": 200.427,"Actual Total Time": 201.671,"Actual Rows": 5,"Actual Loops": 4,"Group Key": ["orders.o_orderpriority"],"Workers": [],"Plans": [{"Node Type": "Sort","Parent Relationship": "Outer","Parallel Aware": false,"Async Capable": false,"Startup Cost": 50000.11,"Total Cost": 50010.58,"Plan Rows": 4190,"Plan Width": 16,"Actual Startup Time": 200.064,"Actual Total Time": 200.592,"Actual Rows": 13087,"Actual Loops": 4,"Sort Key": ["orders.o_orderpriority"],"Sort Method": "quicksort","Sort Space Used": 1111,"Sort Space Type": "Memory","Workers": [{"Worker Number": 0,"Sort Method": "quicksort","Sort Space Used": 1092,"Sort Space Type": "Memory"},{"Worker Number": 1,"Sort Method": "quicksort","Sort Space Used": 1104,"Sort Space Type": "Memory"},{"Worker Number": 2,"Sort Method": "quicksort","Sort Space Used": 1093,"Sort Space Type": "Memory"}],"Plans": [{"Node Type": "Nested Loop","Parent Relationship": "Outer","Parallel Aware": false,"Async Capable": false,"Join Type": "Semi","Startup Cost": 757.46,"Total Cost": 49748.02,"Plan Rows": 4190,"Plan Width": 16,"Actual Startup Time": 4.791,"Actual Total Time": 193.653,"Actual Rows": 13087,"Actual Loops": 4,"Inner Unique": false,"Workers": [],"Plans": [{"Node Type": "Bitmap Heap Scan","Parent Relationship": "Outer","Parallel Aware": true,"Async Capable": false,"Relation Name": "orders","Alias": "orders","Startup Cost": 757.03,"Total Cost": 27116.67,"Plan Rows": 17643,"Plan Width": 20,"Actual Startup Time": 4.686,"Actual Total Time": 58.677,"Actual Rows": 14273,"Actual Loops": 4,"Recheck Cond": "((o_orderdate >= '1993-05-01'::date) AND (o_orderdate < '1993-08-01 00:00:00'::timestamp without time zone))","Rows Removed by Index Recheck": 0,"Exact Heap Blocks": 5931,"Lossy Heap Blocks": 0,"Workers": [],"Plans": [{"Node Type": "Bitmap Index Scan","Parent Relationship": "Outer","Parallel Aware": false,"Async Capable": false,"Index Name": "idx_orders_orderdate","Startup Cost": 0.00,"Total Cost": 743.36,"Plan Rows": 54693,"Plan Width": 0,"Actual Startup Time": 8.053,"Actual Total Time": 8.053,"Actual Rows": 57093,"Actual Loops": 1,"Index Cond": "((o_orderdate >= '1993-05-01'::date) AND (o_orderdate < '1993-08-01 00:00:00'::timestamp without time zone))","Workers": []}]},{"Node Type": "Index Scan","Parent Relationship": "Inner","Parallel Aware": false,"Async Capable": false,"Scan Direction": "Forward","Index Name": "idx_lineitem_orderkey","Relation Name": "lineitem","Alias": "lineitem","Startup Cost": 0.43,"Total Cost": 4.69,"Plan Rows": 6,"Plan Width": 4,"Actual Startup Time": 0.009,"Actual Total Time": 0.009,"Actual Rows": 1,"Actual Loops": 57093,"Index Cond": "(l_orderkey = orders.o_orderkey)","Rows Removed by Index Recheck": 0,"Filter": "(l_commitdate < l_receiptdate)","Rows Removed by Filter": 1,"Workers": []}]}]}]}]}]},"Planning Time": 5.279,"Triggers": [],"Execution Time": 233.490}]
[{"Plan": {"Node Type": "Aggregate","Strategy": "Sorted","Partial Mode": "Finalize","Parallel Aware": false,"Async Capable": false,"Startup Cost": 52586.46,"Total Cost": 52622.43,"Plan Rows": 5,"Plan Width": 24,"Actual Startup Time": 204.940,"Actual Total Time": 235.996,"Actual Rows": 5,"Actual Loops": 1,"Group Key": ["orders.o_orderpriority"],"Plans": [{"Node Type": "Gather Merge","Parent Relationship": "Outer","Parallel Aware": false,"Async Capable": false,"Startup Cost": 52586.46,"Total Cost": 52622.30,"Plan Rows": 15,"Plan Width": 24,"Actual Startup Time": 204.592,"Actual Total Time": 235.964,"Actual Rows": 20,"Actual Loops": 1,"Workers Planned": 3,"Workers Launched": 3,"Plans": [{"Node Type": "Aggregate","Strategy": "Sorted","Partial Mode": "Partial","Parent Relationship": "Outer","Parallel Aware": false,"Async Capable": false,"Startup Cost": 51586.42,"Total Cost": 51620.50,"Plan Rows": 5,"Plan Width": 24,"Actual Startup Time": 195.611,"Actual Total Time": 196.883,"Actual Rows": 5,"Actual Loops": 4,"Group Key": ["orders.o_orderpriority"],"Workers": [],"Plans": [{"Node Type": "Sort","Parent Relationship": "Outer","Parallel Aware": false,"Async Capable": false,"Startup Cost": 51586.42,"Total Cost": 51597.76,"Plan Rows": 4538,"Plan Width": 16,"Actual Startup Time": 195.276,"Actual Total Time": 195.812,"Actual Rows": 13108,"Actual Loops": 4,"Sort Key": ["orders.o_orderpriority"],"Sort Method": "quicksort","Sort Space Used": 1049,"Sort Space Type": "Memory","Workers": [{"Worker Number": 0,"Sort Method": "quicksort","Sort Space Used": 1116,"Sort Space Type": "Memory"},{"Worker Number": 1,"Sort Method": "quicksort","Sort Space Used": 1115,"Sort Space Type": "Memory"},{"Worker Number": 2,"Sort Method": "quicksort","Sort Space Used": 1126,"Sort Space Type": "Memory"}],"Plans": [{"Node Type": "Nested Loop","Parent Relationship": "Outer","Parallel Aware": false,"Async Capable": false,"Join Type": "Semi","Startup Cost": 819.93,"Total Cost": 51310.78,"Plan Rows": 4538,"Plan Width": 16,"Actual Startup Time": 4.752,"Actual Total Time": 189.119,"Actual Rows": 13108,"Actual Loops": 4,"Inner Unique": false,"Workers": [],"Plans": [{"Node Type": "Bitmap Heap Scan","Parent Relationship": "Outer","Parallel Aware": true,"Async Capable": false,"Relation Name": "orders","Alias": "orders","Startup Cost": 819.49,"Total Cost": 27201.07,"Plan Rows": 19105,"Plan Width": 20,"Actual Startup Time": 4.644,"Actual Total Time": 55.500,"Actual Rows": 14318,"Actual Loops": 4,"Recheck Cond": "((o_orderdate >= '1996-05-01'::date) AND (o_orderdate < '1996-08-01 00:00:00'::timestamp without time zone))","Rows Removed by Index Recheck": 0,"Exact Heap Blocks": 5395,"Lossy Heap Blocks": 0,"Workers": [],"Plans": [{"Node Type": "Bitmap Index Scan","Parent Relationship": "Outer","Parallel Aware": false,"Async Capable": false,"Index Name": "idx_orders_orderdate","Startup Cost": 0.00,"Total Cost": 804.69,"Plan Rows": 59226,"Plan Width": 0,"Actual Startup Time": 8.138,"Actual Total Time": 8.141,"Actual Rows": 57270,"Actual Loops": 1,"Index Cond": "((o_orderdate >= '1996-05-01'::date) AND (o_orderdate < '1996-08-01 00:00:00'::timestamp without time zone))","Workers": []}]},{"Node Type": "Index Scan","Parent Relationship": "Inner","Parallel Aware": false,"Async Capable": false,"Scan Direction": "Forward","Index Name": "idx_lineitem_orderkey","Relation Name": "lineitem","Alias": "lineitem","Startup Cost": 0.43,"Total Cost": 4.58,"Plan Rows": 6,"Plan Width": 4,"Actual Startup Time": 0.009,"Actual Total Time": 0.009,"Actual Rows": 1,"Actual Loops": 57270,"Index Cond": "(l_orderkey = orders.o_orderkey)","Rows Removed by Index Recheck": 0,"Filter": "(l_commitdate < l_receiptdate)","Rows Removed by Filter": 1,"Workers": []}]}]}]}]}]},"Planning Time": 4.341,"Triggers": [],"Execution Time": 236.444}]
[{"Plan": {"Node Type": "Aggregate","Strategy": "Sorted","Partial Mode": "Finalize","Parallel Aware": false,"Async Capable": false,"Startup Cost": 51912.42,"Total Cost": 51947.28,"Plan Rows": 5,"Plan Width": 24,"Actual Startup Time": 209.106,"Actual Total Time": 232.724,"Actual Rows": 5,"Actual Loops": 1,"Group Key": ["orders.o_orderpriority"],"Plans": [{"Node Type": "Gather Merge","Parent Relationship": "Outer","Parallel Aware": false,"Async Capable": false,"Startup Cost": 51912.42,"Total Cost": 51947.15,"Plan Rows": 15,"Plan Width": 24,"Actual Startup Time": 208.787,"Actual Total Time": 232.700,"Actual Rows": 20,"Actual Loops": 1,"Workers Planned": 3,"Workers Launched": 3,"Plans": [{"Node Type": "Aggregate","Strategy": "Sorted","Partial Mode": "Partial","Parent Relationship": "Outer","Parallel Aware": false,"Async Capable": false,"Startup Cost": 50912.38,"Total Cost": 50945.35,"Plan Rows": 5,"Plan Width": 24,"Actual Startup Time": 198.950,"Actual Total Time": 200.277,"Actual Rows": 5,"Actual Loops": 4,"Group Key": ["orders.o_orderpriority"],"Workers": [],"Plans": [{"Node Type": "Sort","Parent Relationship": "Outer","Parallel Aware": false,"Async Capable": false,"Startup Cost": 50912.38,"Total Cost": 50923.35,"Plan Rows": 4390,"Plan Width": 16,"Actual Startup Time": 198.592,"Actual Total Time": 199.146,"Actual Rows": 13050,"Actual Loops": 4,"Sort Key": ["orders.o_orderpriority"],"Sort Method": "quicksort","Sort Space Used": 1053,"Sort Space Type": "Memory","Workers": [{"Worker Number": 0,"Sort Method": "quicksort","Sort Space Used": 1117,"Sort Space Type": "Memory"},{"Worker Number": 1,"Sort Method": "quicksort","Sort Space Used": 1102,"Sort Space Type": "Memory"},{"Worker Number": 2,"Sort Method": "quicksort","Sort Space Used": 1121,"Sort Space Type": "Memory"}],"Plans": [{"Node Type": "Nested Loop","Parent Relationship": "Outer","Parallel Aware": false,"Async Capable": false,"Join Type": "Semi","Startup Cost": 792.13,"Total Cost": 50646.78,"Plan Rows": 4390,"Plan Width": 16,"Actual Startup Time": 5.115,"Actual Total Time": 192.167,"Actual Rows": 13050,"Actual Loops": 4,"Inner Unique": false,"Workers": [],"Plans": [{"Node Type": "Bitmap Heap Scan","Parent Relationship": "Outer","Parallel Aware": true,"Async Capable": false,"Relation Name": "orders","Alias": "orders","Startup Cost": 791.70,"Total Cost": 27163.94,"Plan Rows": 18482,"Plan Width": 20,"Actual Startup Time": 4.954,"Actual Total Time": 57.279,"Actual Rows": 14234,"Actual Loops": 4,"Recheck Cond": "((o_orderdate >= '1993-03-01'::date) AND (o_orderdate < '1993-06-01 00:00:00'::timestamp without time zone))","Rows Removed by Index Recheck": 0,"Exact Heap Blocks": 5494,"Lossy Heap Blocks": 0,"Workers": [],"Plans": [{"Node Type": "Bitmap Index Scan","Parent Relationship": "Outer","Parallel Aware": false,"Async Capable": false,"Index Name": "idx_orders_orderdate","Startup Cost": 0.00,"Total Cost": 777.38,"Plan Rows": 57295,"Plan Width": 0,"Actual Startup Time": 8.540,"Actual Total Time": 8.541,"Actual Rows": 56934,"Actual Loops": 1,"Index Cond": "((o_orderdate >= '1993-03-01'::date) AND (o_orderdate < '1993-06-01 00:00:00'::timestamp without time zone))","Workers": []}]},{"Node Type": "Index Scan","Parent Relationship": "Inner","Parallel Aware": false,"Async Capable": false,"Scan Direction": "Forward","Index Name": "idx_lineitem_orderkey","Relation Name": "lineitem","Alias": "lineitem","Startup Cost": 0.43,"Total Cost": 4.62,"Plan Rows": 6,"Plan Width": 4,"Actual Startup Time": 0.009,"Actual Total Time": 0.009,"Actual Rows": 1,"Actual Loops": 56934,"Index Cond": "(l_orderkey = orders.o_orderkey)","Rows Removed by Index Recheck": 0,"Filter": "(l_commitdate < l_receiptdate)","Rows Removed by Filter": 1,"Workers": []}]}]}]}]}]},"Planning Time": 5.801,"Triggers": [],"Execution Time": 233.171}]
[{"Plan": {"Node Type": "Aggregate","Strategy": "Sorted","Partial Mode": "Finalize","Parallel Aware": false,"Async Capable": false,"Startup Cost": 51461.99,"Total Cost": 51496.11,"Plan Rows": 5,"Plan Width": 24,"Actual Startup Time": 213.186,"Actual Total Time": 237.729,"Actual Rows": 5,"Actual Loops": 1,"Group Key": ["orders.o_orderpriority"],"Plans": [{"Node Type": "Gather Merge","Parent Relationship": "Outer","Parallel Aware": false,"Async Capable": false,"Startup Cost": 51461.99,"Total Cost": 51495.99,"Plan Rows": 15,"Plan Width": 24,"Actual Startup Time": 212.815,"Actual Total Time": 237.699,"Actual Rows": 20,"Actual Loops": 1,"Workers Planned": 3,"Workers Launched": 3,"Plans": [{"Node Type": "Aggregate","Strategy": "Sorted","Partial Mode": "Partial","Parent Relationship": "Outer","Parallel Aware": false,"Async Capable": false,"Startup Cost": 50461.95,"Total Cost": 50494.18,"Plan Rows": 5,"Plan Width": 24,"Actual Startup Time": 204.295,"Actual Total Time": 205.529,"Actual Rows": 5,"Actual Loops": 4,"Group Key": ["orders.o_orderpriority"],"Workers": [],"Plans": [{"Node Type": "Sort","Parent Relationship": "Outer","Parallel Aware": false,"Async Capable": false,"Startup Cost": 50461.95,"Total Cost": 50472.68,"Plan Rows": 4291,"Plan Width": 16,"Actual Startup Time": 203.958,"Actual Total Time": 204.459,"Actual Rows": 13076,"Actual Loops": 4,"Sort Key": ["orders.o_orderpriority"],"Sort Method": "quicksort","Sort Space Used": 1093,"Sort Space Type": "Memory","Workers": [{"Worker Number": 0,"Sort Method": "quicksort","Sort Space Used": 1098,"Sort Space Type": "Memory"},{"Worker Number": 1,"Sort Method": "quicksort","Sort Space Used": 1094,"Sort Space Type": "Memory"},{"Worker Number": 2,"Sort Method": "quicksort","Sort Space Used": 1113,"Sort Space Type": "Memory"}],"Plans": [{"Node Type": "Nested Loop","Parent Relationship": "Outer","Parallel Aware": false,"Async Capable": false,"Join Type": "Semi","Startup Cost": 774.93,"Total Cost": 50203.05,"Plan Rows": 4291,"Plan Width": 16,"Actual Startup Time": 5.106,"Actual Total Time": 197.473,"Actual Rows": 13076,"Actual Loops": 4,"Inner Unique": false,"Workers": [],"Plans": [{"Node Type": "Bitmap Heap Scan","Parent Relationship": "Outer","Parallel Aware": true,"Async Capable": false,"Relation Name": "orders","Alias": "orders","Startup Cost": 774.50,"Total Cost": 27140.50,"Plan Rows": 18067,"Plan Width": 20,"Actual Startup Time": 4.994,"Actual Total Time": 59.359,"Actual Rows": 14279,"Actual Loops": 4,"Recheck Cond": "((o_orderdate >= '1995-04-01'::date) AND (o_orderdate < '1995-07-01 00:00:00'::timestamp without time zone))","Rows Removed by Index Recheck": 0,"Exact Heap Blocks": 5795,"Lossy Heap Blocks": 0,"Workers": [],"Plans": [{"Node Type": "Bitmap Index Scan","Parent Relationship": "Outer","Parallel Aware": false,"Async Capable": false,"Index Name": "idx_orders_orderdate","Startup Cost": 0.00,"Total Cost": 760.50,"Plan Rows": 56007,"Plan Width": 0,"Actual Startup Time": 8.367,"Actual Total Time": 8.369,"Actual Rows": 57117,"Actual Loops": 1,"Index Cond": "((o_orderdate >= '1995-04-01'::date) AND (o_orderdate < '1995-07-01 00:00:00'::timestamp without time zone))","Workers": []}]},{"Node Type": "Index Scan","Parent Relationship": "Inner","Parallel Aware": false,"Async Capable": false,"Scan Direction": "Forward","Index Name": "idx_lineitem_orderkey","Relation Name": "lineitem","Alias": "lineitem","Startup Cost": 0.43,"Total Cost": 4.65,"Plan Rows": 6,"Plan Width": 4,"Actual Startup Time": 0.009,"Actual Total Time": 0.009,"Actual Rows": 1,"Actual Loops": 57117,"Index Cond": "(l_orderkey = orders.o_orderkey)","Rows Removed by Index Recheck": 0,"Filter": "(l_commitdate < l_receiptdate)","Rows Removed by Filter": 1,"Workers": []}]}]}]}]}]},"Planning Time": 5.027,"Triggers": [],"Execution Time": 238.276}]
[{"Plan": {"Node Type": "Aggregate","Strategy": "Sorted","Partial Mode": "Finalize","Parallel Aware": false,"Async Capable": false,"Startup Cost": 52021.13,"Total Cost": 52056.16,"Plan Rows": 5,"Plan Width": 24,"Actual Startup Time": 203.693,"Actual Total Time": 227.755,"Actual Rows": 5,"Actual Loops": 1,"Group Key": ["orders.o_orderpriority"],"Plans": [{"Node Type": "Gather Merge","Parent Relationship": "Outer","Parallel Aware": false,"Async Capable": false,"Startup Cost": 52021.13,"Total Cost": 52056.04,"Plan Rows": 15,"Plan Width": 24,"Actual Startup Time": 203.285,"Actual Total Time": 227.721,"Actual Rows": 20,"Actual Loops": 1,"Workers Planned": 3,"Workers Launched": 3,"Plans": [{"Node Type": "Aggregate","Strategy": "Sorted","Partial Mode": "Partial","Parent Relationship": "Outer","Parallel Aware": false,"Async Capable": false,"Startup Cost": 51021.09,"Total Cost": 51054.24,"Plan Rows": 5,"Plan Width": 24,"Actual Startup Time": 195.016,"Actual Total Time": 196.267,"Actual Rows": 5,"Actual Loops": 4,"Group Key": ["orders.o_orderpriority"],"Workers": [],"Plans": [{"Node Type": "Sort","Parent Relationship": "Outer","Parallel Aware": false,"Async Capable": false,"Startup Cost": 51021.09,"Total Cost": 51032.12,"Plan Rows": 4413,"Plan Width": 16,"Actual Startup Time": 194.670,"Actual Total Time": 195.213,"Actual Rows": 12850,"Actual Loops": 4,"Sort Key": ["orders.o_orderpriority"],"Sort Method": "quicksort","Sort Space Used": 1082,"Sort Space Type": "Memory","Workers": [{"Worker Number": 0,"Sort Method": "quicksort","Sort Space Used": 1095,"Sort Space Type": "Memory"},{"Worker Number": 1,"Sort Method": "quicksort","Sort Space Used": 1073,"Sort Space Type": "Memory"},{"Worker Number": 2,"Sort Method": "quicksort","Sort Space Used": 1099,"Sort Space Type": "Memory"}],"Plans": [{"Node Type": "Nested Loop","Parent Relationship": "Outer","Parallel Aware": false,"Async Capable": false,"Join Type": "Semi","Startup Cost": 799.26,"Total Cost": 50753.94,"Plan Rows": 4413,"Plan Width": 16,"Actual Startup Time": 4.875,"Actual Total Time": 188.562,"Actual Rows": 12850,"Actual Loops": 4,"Inner Unique": false,"Workers": [],"Plans": [{"Node Type": "Bitmap Heap Scan","Parent Relationship": "Outer","Parallel Aware": true,"Async Capable": false,"Relation Name": "orders","Alias": "orders","Startup Cost": 798.83,"Total Cost": 27172.54,"Plan Rows": 18580,"Plan Width": 20,"Actual Startup Time": 4.743,"Actual Total Time": 55.256,"Actual Rows": 13993,"Actual Loops": 4,"Recheck Cond": "((o_orderdate >= '1993-12-01'::date) AND (o_orderdate < '1994-03-01 00:00:00'::timestamp without time zone))","Rows Removed by Index Recheck": 0,"Exact Heap Blocks": 5712,"Lossy Heap Blocks": 0,"Workers": [],"Plans": [{"Node Type": "Bitmap Index Scan","Parent Relationship": "Outer","Parallel Aware": false,"Async Capable": false,"Index Name": "idx_orders_orderdate","Startup Cost": 0.00,"Total Cost": 784.43,"Plan Rows": 57600,"Plan Width": 0,"Actual Startup Time": 7.826,"Actual Total Time": 7.827,"Actual Rows": 55973,"Actual Loops": 1,"Index Cond": "((o_orderdate >= '1993-12-01'::date) AND (o_orderdate < '1994-03-01 00:00:00'::timestamp without time zone))","Workers": []}]},{"Node Type": "Index Scan","Parent Relationship": "Inner","Parallel Aware": false,"Async Capable": false,"Scan Direction": "Forward","Index Name": "idx_lineitem_orderkey","Relation Name": "lineitem","Alias": "lineitem","Startup Cost": 0.43,"Total Cost": 4.62,"Plan Rows": 6,"Plan Width": 4,"Actual Startup Time": 0.009,"Actual Total Time": 0.009,"Actual Rows": 1,"Actual Loops": 55973,"Index Cond": "(l_orderkey = orders.o_orderkey)","Rows Removed by Index Recheck": 0,"Filter": "(l_commitdate < l_receiptdate)","Rows Removed by Filter": 1,"Workers": []}]}]}]}]}]},"Planning Time": 4.325,"Triggers": [],"Execution Time": 228.374}]
[{"Plan": {"Node Type": "Aggregate","Strategy": "Sorted","Partial Mode": "Finalize","Parallel Aware": false,"Async Capable": false,"Startup Cost": 52110.38,"Total Cost": 52145.56,"Plan Rows": 5,"Plan Width": 24,"Actual Startup Time": 207.799,"Actual Total Time": 232.338,"Actual Rows": 5,"Actual Loops": 1,"Group Key": ["orders.o_orderpriority"],"Plans": [{"Node Type": "Gather Merge","Parent Relationship": "Outer","Parallel Aware": false,"Async Capable": false,"Startup Cost": 52110.38,"Total Cost": 52145.44,"Plan Rows": 15,"Plan Width": 24,"Actual Startup Time": 207.395,"Actual Total Time": 232.308,"Actual Rows": 20,"Actual Loops": 1,"Workers Planned": 3,"Workers Launched": 3,"Plans": [{"Node Type": "Aggregate","Strategy": "Sorted","Partial Mode": "Partial","Parent Relationship": "Outer","Parallel Aware": false,"Async Capable": false,"Startup Cost": 51110.34,"Total Cost": 51143.64,"Plan Rows": 5,"Plan Width": 24,"Actual Startup Time": 198.996,"Actual Total Time": 200.262,"Actual Rows": 5,"Actual Loops": 4,"Group Key": ["orders.o_orderpriority"],"Workers": [],"Plans": [{"Node Type": "Sort","Parent Relationship": "Outer","Parallel Aware": false,"Async Capable": false,"Startup Cost": 51110.34,"Total Cost": 51121.42,"Plan Rows": 4433,"Plan Width": 16,"Actual Startup Time": 198.663,"Actual Total Time": 199.184,"Actual Rows": 13136,"Actual Loops": 4,"Sort Key": ["orders.o_orderpriority"],"Sort Method": "quicksort","Sort Space Used": 1098,"Sort Space Type": "Memory","Workers": [{"Worker Number": 0,"Sort Method": "quicksort","Sort Space Used": 1102,"Sort Space Type": "Memory"},{"Worker Number": 1,"Sort Method": "quicksort","Sort Space Used": 1095,"Sort Space Type": "Memory"},{"Worker Number": 2,"Sort Method": "quicksort","Sort Space Used": 1117,"Sort Space Type": "Memory"}],"Plans": [{"Node Type": "Nested Loop","Parent Relationship": "Outer","Parallel Aware": false,"Async Capable": false,"Join Type": "Semi","Startup Cost": 801.88,"Total Cost": 50841.83,"Plan Rows": 4433,"Plan Width": 16,"Actual Startup Time": 5.393,"Actual Total Time": 192.263,"Actual Rows": 13136,"Actual Loops": 4,"Inner Unique": false,"Workers": [],"Plans": [{"Node Type": "Bitmap Heap Scan","Parent Relationship": "Outer","Parallel Aware": true,"Async Capable": false,"Relation Name": "orders","Alias": "orders","Startup Cost": 801.45,"Total Cost": 27176.40,"Plan Rows": 18663,"Plan Width": 20,"Actual Startup Time": 5.231,"Actual Total Time": 56.374,"Actual Rows": 14326,"Actual Loops": 4,"Recheck Cond": "((o_orderdate >= '1997-10-01'::date) AND (o_orderdate < '1998-01-01 00:00:00'::timestamp without time zone))","Rows Removed by Index Recheck": 0,"Exact Heap Blocks": 5845,"Lossy Heap Blocks": 0,"Workers": [],"Plans": [{"Node Type": "Bitmap Index Scan","Parent Relationship": "Outer","Parallel Aware": false,"Async Capable": false,"Index Name": "idx_orders_orderdate","Startup Cost": 0.00,"Total Cost": 786.99,"Plan Rows": 57856,"Plan Width": 0,"Actual Startup Time": 8.327,"Actual Total Time": 8.329,"Actual Rows": 57306,"Actual Loops": 1,"Index Cond": "((o_orderdate >= '1997-10-01'::date) AND (o_orderdate < '1998-01-01 00:00:00'::timestamp without time zone))","Workers": []}]},{"Node Type": "Index Scan","Parent Relationship": "Inner","Parallel Aware": false,"Async Capable": false,"Scan Direction": "Forward","Index Name": "idx_lineitem_orderkey","Relation Name": "lineitem","Alias": "lineitem","Startup Cost": 0.43,"Total Cost": 4.61,"Plan Rows": 6,"Plan Width": 4,"Actual Startup Time": 0.009,"Actual Total Time": 0.009,"Actual Rows": 1,"Actual Loops": 57306,"Index Cond": "(l_orderkey = orders.o_orderkey)","Rows Removed by Index Recheck": 0,"Filter": "(l_commitdate < l_receiptdate)","Rows Removed by Filter": 1,"Workers": []}]}]}]}]}]},"Planning Time": 4.856,"Triggers": [],"Execution Time": 233.068}]
[{"Plan": {"Node Type": "Aggregate","Strategy": "Sorted","Partial Mode": "Finalize","Parallel Aware": false,"Async Capable": false,"Startup Cost": 51833.80,"Total Cost": 51868.53,"Plan Rows": 5,"Plan Width": 24,"Actual Startup Time": 216.193,"Actual Total Time": 238.969,"Actual Rows": 5,"Actual Loops": 1,"Group Key": ["orders.o_orderpriority"],"Plans": [{"Node Type": "Gather Merge","Parent Relationship": "Outer","Parallel Aware": false,"Async Capable": false,"Startup Cost": 51833.80,"Total Cost": 51868.41,"Plan Rows": 15,"Plan Width": 24,"Actual Startup Time": 215.785,"Actual Total Time": 238.947,"Actual Rows": 20,"Actual Loops": 1,"Workers Planned": 3,"Workers Launched": 3,"Plans": [{"Node Type": "Aggregate","Strategy": "Sorted","Partial Mode": "Partial","Parent Relationship": "Outer","Parallel Aware": false,"Async Capable": false,"Startup Cost": 50833.76,"Total Cost": 50866.60,"Plan Rows": 5,"Plan Width": 24,"Actual Startup Time": 207.585,"Actual Total Time": 208.848,"Actual Rows": 5,"Actual Loops": 4,"Group Key": ["orders.o_orderpriority"],"Workers": [],"Plans": [{"Node Type": "Sort","Parent Relationship": "Outer","Parallel Aware": false,"Async Capable": false,"Startup Cost": 50833.76,"Total Cost": 50844.69,"Plan Rows": 4372,"Plan Width": 16,"Actual Startup Time": 207.234,"Actual Total Time": 207.768,"Actual Rows": 13206,"Actual Loops": 4,"Sort Key": ["orders.o_orderpriority"],"Sort Method": "quicksort","Sort Space Used": 1141,"Sort Space Type": "Memory","Workers": [{"Worker Number": 0,"Sort Method": "quicksort","Sort Space Used": 1092,"Sort Space Type": "Memory"},{"Worker Number": 1,"Sort Method": "quicksort","Sort Space Used": 1066,"Sort Space Type": "Memory"},{"Worker Number": 2,"Sort Method": "quicksort","Sort Space Used": 1127,"Sort Space Type": "Memory"}],"Plans": [{"Node Type": "Nested Loop","Parent Relationship": "Outer","Parallel Aware": false,"Async Capable": false,"Join Type": "Semi","Startup Cost": 789.79,"Total Cost": 50569.39,"Plan Rows": 4372,"Plan Width": 16,"Actual Startup Time": 5.838,"Actual Total Time": 200.574,"Actual Rows": 13206,"Actual Loops": 4,"Inner Unique": false,"Workers": [],"Plans": [{"Node Type": "Bitmap Heap Scan","Parent Relationship": "Outer","Parallel Aware": true,"Async Capable": false,"Relation Name": "orders","Alias": "orders","Startup Cost": 789.35,"Total Cost": 27160.48,"Plan Rows": 18409,"Plan Width": 20,"Actual Startup Time": 5.710,"Actual Total Time": 58.739,"Actual Rows": 14419,"Actual Loops": 4,"Recheck Cond": "((o_orderdate >= '1995-07-01'::date) AND (o_orderdate < '1995-10-01 00:00:00'::timestamp without time zone))","Rows Removed by Index Recheck": 0,"Exact Heap Blocks": 6140,"Lossy Heap Blocks": 0,"Workers": [],"Plans": [{"Node Type": "Bitmap Index Scan","Parent Relationship": "Outer","Parallel Aware": false,"Async Capable": false,"Index Name": "idx_orders_orderdate","Startup Cost": 0.00,"Total Cost": 775.09,"Plan Rows": 57066,"Plan Width": 0,"Actual Startup Time": 8.705,"Actual Total Time": 8.706,"Actual Rows": 57677,"Actual Loops": 1,"Index Cond": "((o_orderdate >= '1995-07-01'::date) AND (o_orderdate < '1995-10-01 00:00:00'::timestamp without time zone))","Workers": []}]},{"Node Type": "Index Scan","Parent Relationship": "Inner","Parallel Aware": false,"Async Capable": false,"Scan Direction": "Forward","Index Name": "idx_lineitem_orderkey","Relation Name": "lineitem","Alias": "lineitem","Startup Cost": 0.43,"Total Cost": 4.63,"Plan Rows": 6,"Plan Width": 4,"Actual Startup Time": 0.010,"Actual Total Time": 0.010,"Actual Rows": 1,"Actual Loops": 57677,"Index Cond": "(l_orderkey = orders.o_orderkey)","Rows Removed by Index Recheck": 0,"Filter": "(l_commitdate < l_receiptdate)","Rows Removed by Filter": 1,"Workers": []}]}]}]}]}]},"Planning Time": 4.165,"Triggers": [],"Execution Time": 239.454}]
[{"Plan": {"Node Type": "Aggregate","Strategy": "Sorted","Partial Mode": "Finalize","Parallel Aware": false,"Async Capable": false,"Startup Cost": 52009.08,"Total Cost": 52044.09,"Plan Rows": 5,"Plan Width": 24,"Actual Startup Time": 215.869,"Actual Total Time": 240.226,"Actual Rows": 5,"Actual Loops": 1,"Group Key": ["orders.o_orderpriority"],"Plans": [{"Node Type": "Gather Merge","Parent Relationship": "Outer","Parallel Aware": false,"Async Capable": false,"Startup Cost": 52009.08,"Total Cost": 52043.97,"Plan Rows": 15,"Plan Width": 24,"Actual Startup Time": 215.457,"Actual Total Time": 240.206,"Actual Rows": 20,"Actual Loops": 1,"Workers Planned": 3,"Workers Launched": 3,"Plans": [{"Node Type": "Aggregate","Strategy": "Sorted","Partial Mode": "Partial","Parent Relationship": "Outer","Parallel Aware": false,"Async Capable": false,"Startup Cost": 51009.04,"Total Cost": 51042.16,"Plan Rows": 5,"Plan Width": 24,"Actual Startup Time": 207.183,"Actual Total Time": 208.446,"Actual Rows": 5,"Actual Loops": 4,"Group Key": ["orders.o_orderpriority"],"Workers": [],"Plans": [{"Node Type": "Sort","Parent Relationship": "Outer","Parallel Aware": false,"Async Capable": false,"Startup Cost": 51009.04,"Total Cost": 51020.06,"Plan Rows": 4410,"Plan Width": 16,"Actual Startup Time": 206.806,"Actual Total Time": 207.370,"Actual Rows": 13098,"Actual Loops": 4,"Sort Key": ["orders.o_orderpriority"],"Sort Method": "quicksort","Sort Space Used": 1123,"Sort Space Type": "Memory","Workers": [{"Worker Number": 0,"Sort Method": "quicksort","Sort Space Used": 1108,"Sort Space Type": "Memory"},{"Worker Number": 1,"Sort Method": "quicksort","Sort Space Used": 1075,"Sort Space Type": "Memory"},{"Worker Number": 2,"Sort Method": "quicksort","Sort Space Used": 1097,"Sort Space Type": "Memory"}],"Plans": [{"Node Type": "Nested Loop","Parent Relationship": "Outer","Parallel Aware": false,"Async Capable": false,"Join Type": "Semi","Startup Cost": 798.90,"Total Cost": 50742.09,"Plan Rows": 4410,"Plan Width": 16,"Actual Startup Time": 7.655,"Actual Total Time": 200.298,"Actual Rows": 13098,"Actual Loops": 4,"Inner Unique": false,"Workers": [],"Plans": [{"Node Type": "Bitmap Heap Scan","Parent Relationship": "Outer","Parallel Aware": true,"Async Capable": false,"Relation Name": "orders","Alias": "orders","Startup Cost": 798.47,"Total Cost": 27172.01,"Plan Rows": 18569,"Plan Width": 20,"Actual Startup Time": 7.548,"Actual Total Time": 58.251,"Actual Rows": 14284,"Actual Loops": 4,"Recheck Cond": "((o_orderdate >= '1993-08-01'::date) AND (o_orderdate < '1993-11-01 00:00:00'::timestamp without time zone))","Rows Removed by Index Recheck": 0,"Exact Heap Blocks": 5961,"Lossy Heap Blocks": 0,"Workers": [],"Plans": [{"Node Type": "Bitmap Index Scan","Parent Relationship": "Outer","Parallel Aware": false,"Async Capable": false,"Index Name": "idx_orders_orderdate","Startup Cost": 0.00,"Total Cost": 784.08,"Plan Rows": 57565,"Plan Width": 0,"Actual Startup Time": 10.621,"Actual Total Time": 10.624,"Actual Rows": 57138,"Actual Loops": 1,"Index Cond": "((o_orderdate >= '1993-08-01'::date) AND (o_orderdate < '1993-11-01 00:00:00'::timestamp without time zone))","Workers": []}]},{"Node Type": "Index Scan","Parent Relationship": "Inner","Parallel Aware": false,"Async Capable": false,"Scan Direction": "Forward","Index Name": "idx_lineitem_orderkey","Relation Name": "lineitem","Alias": "lineitem","Startup Cost": 0.43,"Total Cost": 4.62,"Plan Rows": 6,"Plan Width": 4,"Actual Startup Time": 0.010,"Actual Total Time": 0.010,"Actual Rows": 1,"Actual Loops": 57138,"Index Cond": "(l_orderkey = orders.o_orderkey)","Rows Removed by Index Recheck": 0,"Filter": "(l_commitdate < l_receiptdate)","Rows Removed by Filter": 1,"Workers": []}]}]}]}]}]},"Planning Time": 4.337,"Triggers": [],"Execution Time": 240.936}]
[{"Plan": {"Node Type": "Aggregate","Strategy": "Sorted","Partial Mode": "Finalize","Parallel Aware": false,"Async Capable": false,"Startup Cost": 52021.13,"Total Cost": 52056.16,"Plan Rows": 5,"Plan Width": 24,"Actual Startup Time": 203.693,"Actual Total Time": 227.755,"Actual Rows": 5,"Actual Loops": 1,"Group Key": ["orders.o_orderpriority"],"Plans": [{"Node Type": "Gather Merge","Parent Relationship": "Outer","Parallel Aware": false,"Async Capable": false,"Startup Cost": 52021.13,"Total Cost": 52056.04,"Plan Rows": 15,"Plan Width": 24,"Actual Startup Time": 203.285,"Actual Total Time": 227.721,"Actual Rows": 20,"Actual Loops": 1,"Workers Planned": 3,"Workers Launched": 3,"Plans": [{"Node Type": "Aggregate","Strategy": "Sorted","Partial Mode": "Partial","Parent Relationship": "Outer","Parallel Aware": false,"Async Capable": false,"Startup Cost": 51021.09,"Total Cost": 51054.24,"Plan Rows": 5,"Plan Width": 24,"Actual Startup Time": 195.016,"Actual Total Time": 196.267,"Actual Rows": 5,"Actual Loops": 4,"Group Key": ["orders.o_orderpriority"],"Workers": [],"Plans": [{"Node Type": "Sort","Parent Relationship": "Outer","Parallel Aware": false,"Async Capable": false,"Startup Cost": 51021.09,"Total Cost": 51032.12,"Plan Rows": 4413,"Plan Width": 16,"Actual Startup Time": 194.670,"Actual Total Time": 195.213,"Actual Rows": 12850,"Actual Loops": 4,"Sort Key": ["orders.o_orderpriority"],"Sort Method": "quicksort","Sort Space Used": 1082,"Sort Space Type": "Memory","Workers": [{"Worker Number": 0,"Sort Method": "quicksort","Sort Space Used": 1095,"Sort Space Type": "Memory"},{"Worker Number": 1,"Sort Method": "quicksort","Sort Space Used": 1073,"Sort Space Type": "Memory"},{"Worker Number": 2,"Sort Method": "quicksort","Sort Space Used": 1099,"Sort Space Type": "Memory"}],"Plans": [{"Node Type": "Nested Loop","Parent Relationship": "Outer","Parallel Aware": false,"Async Capable": false,"Join Type": "Semi","Startup Cost": 799.26,"Total Cost": 50753.94,"Plan Rows": 4413,"Plan Width": 16,"Actual Startup Time": 4.875,"Actual Total Time": 188.562,"Actual Rows": 12850,"Actual Loops": 4,"Inner Unique": false,"Workers": [],"Plans": [{"Node Type": "Bitmap Heap Scan","Parent Relationship": "Outer","Parallel Aware": true,"Async Capable": false,"Relation Name": "orders","Alias": "orders","Startup Cost": 798.83,"Total Cost": 27172.54,"Plan Rows": 18580,"Plan Width": 20,"Actual Startup Time": 4.743,"Actual Total Time": 55.256,"Actual Rows": 13993,"Actual Loops": 4,"Recheck Cond": "((o_orderdate >= '1993-12-01'::date) AND (o_orderdate < '1994-03-01 00:00:00'::timestamp without time zone))","Rows Removed by Index Recheck": 0,"Exact Heap Blocks": 5712,"Lossy Heap Blocks": 0,"Workers": [],"Plans": [{"Node Type": "Bitmap Index Scan","Parent Relationship": "Outer","Parallel Aware": false,"Async Capable": false,"Index Name": "idx_orders_orderdate","Startup Cost": 0.00,"Total Cost": 784.43,"Plan Rows": 57600,"Plan Width": 0,"Actual Startup Time": 7.826,"Actual Total Time": 7.827,"Actual Rows": 55973,"Actual Loops": 1,"Index Cond": "((o_orderdate >= '1993-12-01'::date) AND (o_orderdate < '1994-03-01 00:00:00'::timestamp without time zone))","Workers": []}]},{"Node Type": "Index Scan","Parent Relationship": "Inner","Parallel Aware": false,"Async Capable": false,"Scan Direction": "Forward","Index Name": "idx_lineitem_orderkey","Relation Name": "lineitem","Alias": "lineitem","Startup Cost": 0.43,"Total Cost": 4.62,"Plan Rows": 6,"Plan Width": 4,"Actual Startup Time": 0.009,"Actual Total Time": 0.009,"Actual Rows": 1,"Actual Loops": 55973,"Index Cond": "(l_orderkey = orders.o_orderkey)","Rows Removed by Index Recheck": 0,"Filter": "(l_commitdate < l_receiptdate)","Rows Removed by Filter": 1,"Workers": []}]}]}]}]}]},"Planning Time": 4.325,"Triggers": [],"Execution Time": 228.374}]
[{"Plan": {"Node Type": "Aggregate","Strategy": "Sorted","Partial Mode": "Finalize","Parallel Aware": false,"Async Capable": false,"Startup Cost": 51868.32,"Total Cost": 51903.11,"Plan Rows": 5,"Plan Width": 24,"Actual Startup Time": 208.340,"Actual Total Time": 231.447,"Actual Rows": 5,"Actual Loops": 1,"Group Key": ["orders.o_orderpriority"],"Plans": [{"Node Type": "Gather Merge","Parent Relationship": "Outer","Parallel Aware": false,"Async Capable": false,"Startup Cost": 51868.32,"Total Cost": 51902.98,"Plan Rows": 15,"Plan Width": 24,"Actual Startup Time": 207.950,"Actual Total Time": 231.419,"Actual Rows": 20,"Actual Loops": 1,"Workers Planned": 3,"Workers Launched": 3,"Plans": [{"Node Type": "Aggregate","Strategy": "Sorted","Partial Mode": "Partial","Parent Relationship": "Outer","Parallel Aware": false,"Async Capable": false,"Startup Cost": 50868.28,"Total Cost": 50901.18,"Plan Rows": 5,"Plan Width": 24,"Actual Startup Time": 199.059,"Actual Total Time": 200.295,"Actual Rows": 5,"Actual Loops": 4,"Group Key": ["orders.o_orderpriority"],"Workers": [],"Plans": [{"Node Type": "Sort","Parent Relationship": "Outer","Parallel Aware": false,"Async Capable": false,"Startup Cost": 50868.28,"Total Cost": 50879.23,"Plan Rows": 4380,"Plan Width": 16,"Actual Startup Time": 198.738,"Actual Total Time": 199.253,"Actual Rows": 12924,"Actual Loops": 4,"Sort Key": ["orders.o_orderpriority"],"Sort Method": "quicksort","Sort Space Used": 1102,"Sort Space Type": "Memory","Workers": [{"Worker Number": 0,"Sort Method": "quicksort","Sort Space Used": 1084,"Sort Space Type": "Memory"},{"Worker Number": 1,"Sort Method": "quicksort","Sort Space Used": 1092,"Sort Space Type": "Memory"},{"Worker Number": 2,"Sort Method": "quicksort","Sort Space Used": 1087,"Sort Space Type": "Memory"}],"Plans": [{"Node Type": "Nested Loop","Parent Relationship": "Outer","Parallel Aware": false,"Async Capable": false,"Join Type": "Semi","Startup Cost": 790.81,"Total Cost": 50603.36,"Plan Rows": 4380,"Plan Width": 16,"Actual Startup Time": 4.683,"Actual Total Time": 192.330,"Actual Rows": 12924,"Actual Loops": 4,"Inner Unique": false,"Workers": [],"Plans": [{"Node Type": "Bitmap Heap Scan","Parent Relationship": "Outer","Parallel Aware": true,"Async Capable": false,"Relation Name": "orders","Alias": "orders","Startup Cost": 790.38,"Total Cost": 27161.99,"Plan Rows": 18441,"Plan Width": 20,"Actual Startup Time": 4.555,"Actual Total Time": 57.131,"Actual Rows": 14129,"Actual Loops": 4,"Recheck Cond": "((o_orderdate >= '1994-09-01'::date) AND (o_orderdate < '1994-12-01 00:00:00'::timestamp without time zone))","Rows Removed by Index Recheck": 0,"Exact Heap Blocks": 5928,"Lossy Heap Blocks": 0,"Workers": [],"Plans": [{"Node Type": "Bitmap Index Scan","Parent Relationship": "Outer","Parallel Aware": false,"Async Capable": false,"Index Name": "idx_orders_orderdate","Startup Cost": 0.00,"Total Cost": 776.09,"Plan Rows": 57166,"Plan Width": 0,"Actual Startup Time": 8.170,"Actual Total Time": 8.172,"Actual Rows": 56516,"Actual Loops": 1,"Index Cond": "((o_orderdate >= '1994-09-01'::date) AND (o_orderdate < '1994-12-01 00:00:00'::timestamp without time zone))","Workers": []}]},{"Node Type": "Index Scan","Parent Relationship": "Inner","Parallel Aware": false,"Async Capable": false,"Scan Direction": "Forward","Index Name": "idx_lineitem_orderkey","Relation Name": "lineitem","Alias": "lineitem","Startup Cost": 0.43,"Total Cost": 4.63,"Plan Rows": 6,"Plan Width": 4,"Actual Startup Time": 0.009,"Actual Total Time": 0.009,"Actual Rows": 1,"Actual Loops": 56516,"Index Cond": "(l_orderkey = orders.o_orderkey)","Rows Removed by Index Recheck": 0,"Filter": "(l_commitdate < l_receiptdate)","Rows Removed by Filter": 1,"Workers": []}]}]}]}]}]},"Planning Time": 5.289,"Triggers": [],"Execution Time": 231.901}]
[{"Plan": {"Node Type": "Aggregate","Strategy": "Sorted","Partial Mode": "Finalize","Parallel Aware": false,"Async Capable": false,"Startup Cost": 52583.25,"Total Cost": 52619.22,"Plan Rows": 5,"Plan Width": 24,"Actual Startup Time": 212.013,"Actual Total Time": 235.599,"Actual Rows": 5,"Actual Loops": 1,"Group Key": ["orders.o_orderpriority"],"Plans": [{"Node Type": "Gather Merge","Parent Relationship": "Outer","Parallel Aware": false,"Async Capable": false,"Startup Cost": 52583.25,"Total Cost": 52619.09,"Plan Rows": 15,"Plan Width": 24,"Actual Startup Time": 211.620,"Actual Total Time": 235.557,"Actual Rows": 20,"Actual Loops": 1,"Workers Planned": 3,"Workers Launched": 3,"Plans": [{"Node Type": "Aggregate","Strategy": "Sorted","Partial Mode": "Partial","Parent Relationship": "Outer","Parallel Aware": false,"Async Capable": false,"Startup Cost": 51583.21,"Total Cost": 51617.29,"Plan Rows": 5,"Plan Width": 24,"Actual Startup Time": 202.957,"Actual Total Time": 204.233,"Actual Rows": 5,"Actual Loops": 4,"Group Key": ["orders.o_orderpriority"],"Workers": [],"Plans": [{"Node Type": "Sort","Parent Relationship": "Outer","Parallel Aware": false,"Async Capable": false,"Startup Cost": 51583.21,"Total Cost": 51594.56,"Plan Rows": 4537,"Plan Width": 16,"Actual Startup Time": 202.621,"Actual Total Time": 203.133,"Actual Rows": 13216,"Actual Loops": 4,"Sort Key": ["orders.o_orderpriority"],"Sort Method": "quicksort","Sort Space Used": 1116,"Sort Space Type": "Memory","Workers": [{"Worker Number": 0,"Sort Method": "quicksort","Sort Space Used": 1099,"Sort Space Type": "Memory"},{"Worker Number": 1,"Sort Method": "quicksort","Sort Space Used": 1109,"Sort Space Type": "Memory"},{"Worker Number": 2,"Sort Method": "quicksort","Sort Space Used": 1105,"Sort Space Type": "Memory"}],"Plans": [{"Node Type": "Nested Loop","Parent Relationship": "Outer","Parallel Aware": false,"Async Capable": false,"Join Type": "Semi","Startup Cost": 819.82,"Total Cost": 51307.65,"Plan Rows": 4537,"Plan Width": 16,"Actual Startup Time": 5.186,"Actual Total Time": 196.152,"Actual Rows": 13216,"Actual Loops": 4,"Inner Unique": false,"Workers": [],"Plans": [{"Node Type": "Bitmap Heap Scan","Parent Relationship": "Outer","Parallel Aware": true,"Async Capable": false,"Relation Name": "orders","Alias": "orders","Startup Cost": 819.39,"Total Cost": 27200.92,"Plan Rows": 19102,"Plan Width": 20,"Actual Startup Time": 5.072,"Actual Total Time": 58.464,"Actual Rows": 14428,"Actual Loops": 4,"Recheck Cond": "((o_orderdate >= '1997-06-01'::date) AND (o_orderdate < '1997-09-01 00:00:00'::timestamp without time zone))","Rows Removed by Index Recheck": 0,"Exact Heap Blocks": 5918,"Lossy Heap Blocks": 0,"Workers": [],"Plans": [{"Node Type": "Bitmap Index Scan","Parent Relationship": "Outer","Parallel Aware": false,"Async Capable": false,"Index Name": "idx_orders_orderdate","Startup Cost": 0.00,"Total Cost": 804.59,"Plan Rows": 59216,"Plan Width": 0,"Actual Startup Time": 8.389,"Actual Total Time": 8.389,"Actual Rows": 57712,"Actual Loops": 1,"Index Cond": "((o_orderdate >= '1997-06-01'::date) AND (o_orderdate < '1997-09-01 00:00:00'::timestamp without time zone))","Workers": []}]},{"Node Type": "Index Scan","Parent Relationship": "Inner","Parallel Aware": false,"Async Capable": false,"Scan Direction": "Forward","Index Name": "idx_lineitem_orderkey","Relation Name": "lineitem","Alias": "lineitem","Startup Cost": 0.43,"Total Cost": 4.58,"Plan Rows": 6,"Plan Width": 4,"Actual Startup Time": 0.009,"Actual Total Time": 0.009,"Actual Rows": 1,"Actual Loops": 57712,"Index Cond": "(l_orderkey = orders.o_orderkey)","Rows Removed by Index Recheck": 0,"Filter": "(l_commitdate < l_receiptdate)","Rows Removed by Filter": 1,"Workers": []}]}]}]}]}]},"Planning Time": 4.424,"Triggers": [],"Execution Time": 236.000}]
[{"Plan": {"Node Type": "Aggregate","Strategy": "Sorted","Partial Mode": "Finalize","Parallel Aware": false,"Async Capable": false,"Startup Cost": 52586.46,"Total Cost": 52622.43,"Plan Rows": 5,"Plan Width": 24,"Actual Startup Time": 204.940,"Actual Total Time": 235.996,"Actual Rows": 5,"Actual Loops": 1,"Group Key": ["orders.o_orderpriority"],"Plans": [{"Node Type": "Gather Merge","Parent Relationship": "Outer","Parallel Aware": false,"Async Capable": false,"Startup Cost": 52586.46,"Total Cost": 52622.30,"Plan Rows": 15,"Plan Width": 24,"Actual Startup Time": 204.592,"Actual Total Time": 235.964,"Actual Rows": 20,"Actual Loops": 1,"Workers Planned": 3,"Workers Launched": 3,"Plans": [{"Node Type": "Aggregate","Strategy": "Sorted","Partial Mode": "Partial","Parent Relationship": "Outer","Parallel Aware": false,"Async Capable": false,"Startup Cost": 51586.42,"Total Cost": 51620.50,"Plan Rows": 5,"Plan Width": 24,"Actual Startup Time": 195.611,"Actual Total Time": 196.883,"Actual Rows": 5,"Actual Loops": 4,"Group Key": ["orders.o_orderpriority"],"Workers": [],"Plans": [{"Node Type": "Sort","Parent Relationship": "Outer","Parallel Aware": false,"Async Capable": false,"Startup Cost": 51586.42,"Total Cost": 51597.76,"Plan Rows": 4538,"Plan Width": 16,"Actual Startup Time": 195.276,"Actual Total Time": 195.812,"Actual Rows": 13108,"Actual Loops": 4,"Sort Key": ["orders.o_orderpriority"],"Sort Method": "quicksort","Sort Space Used": 1049,"Sort Space Type": "Memory","Workers": [{"Worker Number": 0,"Sort Method": "quicksort","Sort Space Used": 1116,"Sort Space Type": "Memory"},{"Worker Number": 1,"Sort Method": "quicksort","Sort Space Used": 1115,"Sort Space Type": "Memory"},{"Worker Number": 2,"Sort Method": "quicksort","Sort Space Used": 1126,"Sort Space Type": "Memory"}],"Plans": [{"Node Type": "Nested Loop","Parent Relationship": "Outer","Parallel Aware": false,"Async Capable": false,"Join Type": "Semi","Startup Cost": 819.93,"Total Cost": 51310.78,"Plan Rows": 4538,"Plan Width": 16,"Actual Startup Time": 4.752,"Actual Total Time": 189.119,"Actual Rows": 13108,"Actual Loops": 4,"Inner Unique": false,"Workers": [],"Plans": [{"Node Type": "Bitmap Heap Scan","Parent Relationship": "Outer","Parallel Aware": true,"Async Capable": false,"Relation Name": "orders","Alias": "orders","Startup Cost": 819.49,"Total Cost": 27201.07,"Plan Rows": 19105,"Plan Width": 20,"Actual Startup Time": 4.644,"Actual Total Time": 55.500,"Actual Rows": 14318,"Actual Loops": 4,"Recheck Cond": "((o_orderdate >= '1996-05-01'::date) AND (o_orderdate < '1996-08-01 00:00:00'::timestamp without time zone))","Rows Removed by Index Recheck": 0,"Exact Heap Blocks": 5395,"Lossy Heap Blocks": 0,"Workers": [],"Plans": [{"Node Type": "Bitmap Index Scan","Parent Relationship": "Outer","Parallel Aware": false,"Async Capable": false,"Index Name": "idx_orders_orderdate","Startup Cost": 0.00,"Total Cost": 804.69,"Plan Rows": 59226,"Plan Width": 0,"Actual Startup Time": 8.138,"Actual Total Time": 8.141,"Actual Rows": 57270,"Actual Loops": 1,"Index Cond": "((o_orderdate >= '1996-05-01'::date) AND (o_orderdate < '1996-08-01 00:00:00'::timestamp without time zone))","Workers": []}]},{"Node Type": "Index Scan","Parent Relationship": "Inner","Parallel Aware": false,"Async Capable": false,"Scan Direction": "Forward","Index Name": "idx_lineitem_orderkey","Relation Name": "lineitem","Alias": "lineitem","Startup Cost": 0.43,"Total Cost": 4.58,"Plan Rows": 6,"Plan Width": 4,"Actual Startup Time": 0.009,"Actual Total Time": 0.009,"Actual Rows": 1,"Actual Loops": 57270,"Index Cond": "(l_orderkey = orders.o_orderkey)","Rows Removed by Index Recheck": 0,"Filter": "(l_commitdate < l_receiptdate)","Rows Removed by Filter": 1,"Workers": []}]}]}]}]}]},"Planning Time": 4.341,"Triggers": [],"Execution Time": 236.444}]
[{"Plan": {"Node Type": "Aggregate","Strategy": "Sorted","Partial Mode": "Finalize","Parallel Aware": false,"Async Capable": false,"Startup Cost": 51940.16,"Total Cost": 51975.07,"Plan Rows": 5,"Plan Width": 24,"Actual Startup Time": 211.263,"Actual Total Time": 234.879,"Actual Rows": 5,"Actual Loops": 1,"Group Key": ["orders.o_orderpriority"],"Plans": [{"Node Type": "Gather Merge","Parent Relationship": "Outer","Parallel Aware": false,"Async Capable": false,"Startup Cost": 51940.16,"Total Cost": 51974.94,"Plan Rows": 15,"Plan Width": 24,"Actual Startup Time": 210.877,"Actual Total Time": 234.864,"Actual Rows": 20,"Actual Loops": 1,"Workers Planned": 3,"Workers Launched": 3,"Plans": [{"Node Type": "Aggregate","Strategy": "Sorted","Partial Mode": "Partial","Parent Relationship": "Outer","Parallel Aware": false,"Async Capable": false,"Startup Cost": 50940.12,"Total Cost": 50973.14,"Plan Rows": 5,"Plan Width": 24,"Actual Startup Time": 202.192,"Actual Total Time": 203.439,"Actual Rows": 5,"Actual Loops": 4,"Group Key": ["orders.o_orderpriority"],"Workers": [],"Plans": [{"Node Type": "Sort","Parent Relationship": "Outer","Parallel Aware": false,"Async Capable": false,"Startup Cost": 50940.12,"Total Cost": 50951.11,"Plan Rows": 4396,"Plan Width": 16,"Actual Startup Time": 201.842,"Actual Total Time": 202.379,"Actual Rows": 12924,"Actual Loops": 4,"Sort Key": ["orders.o_orderpriority"],"Sort Method": "quicksort","Sort Space Used": 1100,"Sort Space Type": "Memory","Workers": [{"Worker Number": 0,"Sort Method": "quicksort","Sort Space Used": 1089,"Sort Space Type": "Memory"},{"Worker Number": 1,"Sort Method": "quicksort","Sort Space Used": 1093,"Sort Space Type": "Memory"},{"Worker Number": 2,"Sort Method": "quicksort","Sort Space Used": 1083,"Sort Space Type": "Memory"}],"Plans": [{"Node Type": "Nested Loop","Parent Relationship": "Outer","Parallel Aware": false,"Async Capable": false,"Join Type": "Semi","Startup Cost": 792.95,"Total Cost": 50674.12,"Plan Rows": 4396,"Plan Width": 16,"Actual Startup Time": 4.945,"Actual Total Time": 195.397,"Actual Rows": 12924,"Actual Loops": 4,"Inner Unique": false,"Workers": [],"Plans": [{"Node Type": "Bitmap Heap Scan","Parent Relationship": "Outer","Parallel Aware": true,"Async Capable": false,"Relation Name": "orders","Alias": "orders","Startup Cost": 792.52,"Total Cost": 27165.14,"Plan Rows": 18508,"Plan Width": 20,"Actual Startup Time": 4.819,"Actual Total Time": 58.917,"Actual Rows": 14087,"Actual Loops": 4,"Recheck Cond": "((o_orderdate >= '1994-01-01'::date) AND (o_orderdate < '1994-04-01 00:00:00'::timestamp without time zone))","Rows Removed by Index Recheck": 0,"Exact Heap Blocks": 5893,"Lossy Heap Blocks": 0,"Workers": [],"Plans": [{"Node Type": "Bitmap Index Scan","Parent Relationship": "Outer","Parallel Aware": false,"Async Capable": false,"Index Name": "idx_orders_orderdate","Startup Cost": 0.00,"Total Cost": 778.18,"Plan Rows": 57375,"Plan Width": 0,"Actual Startup Time": 8.242,"Actual Total Time": 8.244,"Actual Rows": 56349,"Actual Loops": 1,"Index Cond": "((o_orderdate >= '1994-01-01'::date) AND (o_orderdate < '1994-04-01 00:00:00'::timestamp without time zone))","Workers": []}]},{"Node Type": "Index Scan","Parent Relationship": "Inner","Parallel Aware": false,"Async Capable": false,"Scan Direction": "Forward","Index Name": "idx_lineitem_orderkey","Relation Name": "lineitem","Alias": "lineitem","Startup Cost": 0.43,"Total Cost": 4.62,"Plan Rows": 6,"Plan Width": 4,"Actual Startup Time": 0.009,"Actual Total Time": 0.009,"Actual Rows": 1,"Actual Loops": 56349,"Index Cond": "(l_orderkey = orders.o_orderkey)","Rows Removed by Index Recheck": 0,"Filter": "(l_commitdate < l_receiptdate)","Rows Removed by Filter": 1,"Workers": []}]}]}]}]}]},"Planning Time": 4.809,"Triggers": [],"Execution Time": 235.387}]
[{"Plan": {"Node Type": "Aggregate","Strategy": "Sorted","Partial Mode": "Finalize","Parallel Aware": false,"Async Capable": false,"Startup Cost": 51690.29,"Total Cost": 51724.77,"Plan Rows": 5,"Plan Width": 24,"Actual Startup Time": 213.755,"Actual Total Time": 237.523,"Actual Rows": 5,"Actual Loops": 1,"Group Key": ["orders.o_orderpriority"],"Plans": [{"Node Type": "Gather Merge","Parent Relationship": "Outer","Parallel Aware": false,"Async Capable": false,"Startup Cost": 51690.29,"Total Cost": 51724.65,"Plan Rows": 15,"Plan Width": 24,"Actual Startup Time": 213.373,"Actual Total Time": 237.496,"Actual Rows": 20,"Actual Loops": 1,"Workers Planned": 3,"Workers Launched": 3,"Plans": [{"Node Type": "Aggregate","Strategy": "Sorted","Partial Mode": "Partial","Parent Relationship": "Outer","Parallel Aware": false,"Async Capable": false,"Startup Cost": 50690.25,"Total Cost": 50722.85,"Plan Rows": 5,"Plan Width": 24,"Actual Startup Time": 204.188,"Actual Total Time": 205.448,"Actual Rows": 5,"Actual Loops": 4,"Group Key": ["orders.o_orderpriority"],"Workers": [],"Plans": [{"Node Type": "Sort","Parent Relationship": "Outer","Parallel Aware": false,"Async Capable": false,"Startup Cost": 50690.25,"Total Cost": 50701.10,"Plan Rows": 4340,"Plan Width": 16,"Actual Startup Time": 203.841,"Actual Total Time": 204.370,"Actual Rows": 13184,"Actual Loops": 4,"Sort Key": ["orders.o_orderpriority"],"Sort Method": "quicksort","Sort Space Used": 1104,"Sort Space Type": "Memory","Workers": [{"Worker Number": 0,"Sort Method": "quicksort","Sort Space Used": 1112,"Sort Space Type": "Memory"},{"Worker Number": 1,"Sort Method": "quicksort","Sort Space Used": 1122,"Sort Space Type": "Memory"},{"Worker Number": 2,"Sort Method": "quicksort","Sort Space Used": 1085,"Sort Space Type": "Memory"}],"Plans": [{"Node Type": "Nested Loop","Parent Relationship": "Outer","Parallel Aware": false,"Async Capable": false,"Join Type": "Semi","Startup Cost": 785.53,"Total Cost": 50428.03,"Plan Rows": 4340,"Plan Width": 16,"Actual Startup Time": 4.469,"Actual Total Time": 197.348,"Actual Rows": 13184,"Actual Loops": 4,"Inner Unique": false,"Workers": [],"Plans": [{"Node Type": "Bitmap Heap Scan","Parent Relationship": "Outer","Parallel Aware": true,"Async Capable": false,"Relation Name": "orders","Alias": "orders","Startup Cost": 785.10,"Total Cost": 27154.22,"Plan Rows": 18275,"Plan Width": 20,"Actual Startup Time": 4.327,"Actual Total Time": 58.871,"Actual Rows": 14359,"Actual Loops": 4,"Recheck Cond": "((o_orderdate >= '1997-03-01'::date) AND (o_orderdate < '1997-06-01 00:00:00'::timestamp without time zone))","Rows Removed by Index Recheck": 0,"Exact Heap Blocks": 5861,"Lossy Heap Blocks": 0,"Workers": [],"Plans": [{"Node Type": "Bitmap Index Scan","Parent Relationship": "Outer","Parallel Aware": false,"Async Capable": false,"Index Name": "idx_orders_orderdate","Startup Cost": 0.00,"Total Cost": 770.94,"Plan Rows": 56651,"Plan Width": 0,"Actual Startup Time": 8.124,"Actual Total Time": 8.126,"Actual Rows": 57435,"Actual Loops": 1,"Index Cond": "((o_orderdate >= '1997-03-01'::date) AND (o_orderdate < '1997-06-01 00:00:00'::timestamp without time zone))","Workers": []}]},{"Node Type": "Index Scan","Parent Relationship": "Inner","Parallel Aware": false,"Async Capable": false,"Scan Direction": "Forward","Index Name": "idx_lineitem_orderkey","Relation Name": "lineitem","Alias": "lineitem","Startup Cost": 0.43,"Total Cost": 4.64,"Plan Rows": 6,"Plan Width": 4,"Actual Startup Time": 0.009,"Actual Total Time": 0.009,"Actual Rows": 1,"Actual Loops": 57435,"Index Cond": "(l_orderkey = orders.o_orderkey)","Rows Removed by Index Recheck": 0,"Filter": "(l_commitdate < l_receiptdate)","Rows Removed by Filter": 1,"Workers": []}]}]}]}]}]},"Planning Time": 5.227,"Triggers": [],"Execution Time": 238.107}]
[{"Plan": {"Node Type": "Aggregate","Strategy": "Sorted","Partial Mode": "Finalize","Parallel Aware": false,"Async Capable": false,"Startup Cost": 52369.77,"Total Cost": 52405.38,"Plan Rows": 5,"Plan Width": 24,"Actual Startup Time": 215.492,"Actual Total Time": 239.622,"Actual Rows": 5,"Actual Loops": 1,"Group Key": ["orders.o_orderpriority"],"Plans": [{"Node Type": "Gather Merge","Parent Relationship": "Outer","Parallel Aware": false,"Async Capable": false,"Startup Cost": 52369.77,"Total Cost": 52405.25,"Plan Rows": 15,"Plan Width": 24,"Actual Startup Time": 215.087,"Actual Total Time": 239.593,"Actual Rows": 20,"Actual Loops": 1,"Workers Planned": 3,"Workers Launched": 3,"Plans": [{"Node Type": "Aggregate","Strategy": "Sorted","Partial Mode": "Partial","Parent Relationship": "Outer","Parallel Aware": false,"Async Capable": false,"Startup Cost": 51369.73,"Total Cost": 51403.45,"Plan Rows": 5,"Plan Width": 24,"Actual Startup Time": 206.356,"Actual Total Time": 207.630,"Actual Rows": 5,"Actual Loops": 4,"Group Key": ["orders.o_orderpriority"],"Workers": [],"Plans": [{"Node Type": "Sort","Parent Relationship": "Outer","Parallel Aware": false,"Async Capable": false,"Startup Cost": 51369.73,"Total Cost": 51380.95,"Plan Rows": 4490,"Plan Width": 16,"Actual Startup Time": 206.011,"Actual Total Time": 206.540,"Actual Rows": 13264,"Actual Loops": 4,"Sort Key": ["orders.o_orderpriority"],"Sort Method": "quicksort","Sort Space Used": 1130,"Sort Space Type": "Memory","Workers": [{"Worker Number": 0,"Sort Method": "quicksort","Sort Space Used": 1100,"Sort Space Type": "Memory"},{"Worker Number": 1,"Sort Method": "quicksort","Sort Space Used": 1108,"Sort Space Type": "Memory"},{"Worker Number": 2,"Sort Method": "quicksort","Sort Space Used": 1102,"Sort Space Type": "Memory"}],"Plans": [{"Node Type": "Nested Loop","Parent Relationship": "Outer","Parallel Aware": false,"Async Capable": false,"Join Type": "Semi","Startup Cost": 809.60,"Total Cost": 51097.35,"Plan Rows": 4490,"Plan Width": 16,"Actual Startup Time": 5.570,"Actual Total Time": 199.495,"Actual Rows": 13264,"Actual Loops": 4,"Inner Unique": false,"Workers": [],"Plans": [{"Node Type": "Bitmap Heap Scan","Parent Relationship": "Outer","Parallel Aware": true,"Async Capable": false,"Relation Name": "orders","Alias": "orders","Startup Cost": 809.17,"Total Cost": 27187.76,"Plan Rows": 18906,"Plan Width": 20,"Actual Startup Time": 5.437,"Actual Total Time": 60.429,"Actual Rows": 14458,"Actual Loops": 4,"Recheck Cond": "((o_orderdate >= '1996-06-01'::date) AND (o_orderdate < '1996-09-01 00:00:00'::timestamp without time zone))","Rows Removed by Index Recheck": 0,"Exact Heap Blocks": 5975,"Lossy Heap Blocks": 0,"Workers": [],"Plans": [{"Node Type": "Bitmap Index Scan","Parent Relationship": "Outer","Parallel Aware": false,"Async Capable": false,"Index Name": "idx_orders_orderdate","Startup Cost": 0.00,"Total Cost": 794.52,"Plan Rows": 58609,"Plan Width": 0,"Actual Startup Time": 8.889,"Actual Total Time": 8.890,"Actual Rows": 57832,"Actual Loops": 1,"Index Cond": "((o_orderdate >= '1996-06-01'::date) AND (o_orderdate < '1996-09-01 00:00:00'::timestamp without time zone))","Workers": []}]},{"Node Type": "Index Scan","Parent Relationship": "Inner","Parallel Aware": false,"Async Capable": false,"Scan Direction": "Forward","Index Name": "idx_lineitem_orderkey","Relation Name": "lineitem","Alias": "lineitem","Startup Cost": 0.43,"Total Cost": 4.59,"Plan Rows": 6,"Plan Width": 4,"Actual Startup Time": 0.009,"Actual Total Time": 0.009,"Actual Rows": 1,"Actual Loops": 57832,"Index Cond": "(l_orderkey = orders.o_orderkey)","Rows Removed by Index Recheck": 0,"Filter": "(l_commitdate < l_receiptdate)","Rows Removed by Filter": 1,"Workers": []}]}]}]}]}]},"Planning Time": 4.853,"Triggers": [],"Execution Time": 240.068}]
[{"Plan": {"Node Type": "Aggregate","Strategy": "Sorted","Partial Mode": "Finalize","Parallel Aware": false,"Async Capable": false,"Startup Cost": 50972.15,"Total Cost": 51005.47,"Plan Rows": 5,"Plan Width": 24,"Actual Startup Time": 203.120,"Actual Total Time": 227.959,"Actual Rows": 5,"Actual Loops": 1,"Group Key": ["orders.o_orderpriority"],"Plans": [{"Node Type": "Gather Merge","Parent Relationship": "Outer","Parallel Aware": false,"Async Capable": false,"Startup Cost": 50972.15,"Total Cost": 51005.34,"Plan Rows": 15,"Plan Width": 24,"Actual Startup Time": 202.784,"Actual Total Time": 227.929,"Actual Rows": 20,"Actual Loops": 1,"Workers Planned": 3,"Workers Launched": 3,"Plans": [{"Node Type": "Aggregate","Strategy": "Sorted","Partial Mode": "Partial","Parent Relationship": "Outer","Parallel Aware": false,"Async Capable": false,"Startup Cost": 49972.11,"Total Cost": 50003.54,"Plan Rows": 5,"Plan Width": 24,"Actual Startup Time": 194.409,"Actual Total Time": 195.620,"Actual Rows": 5,"Actual Loops": 4,"Group Key": ["orders.o_orderpriority"],"Workers": [],"Plans": [{"Node Type": "Sort","Parent Relationship": "Outer","Parallel Aware": false,"Async Capable": false,"Startup Cost": 49972.11,"Total Cost": 49982.57,"Plan Rows": 4184,"Plan Width": 16,"Actual Startup Time": 194.085,"Actual Total Time": 194.589,"Actual Rows": 12754,"Actual Loops": 4,"Sort Key": ["orders.o_orderpriority"],"Sort Method": "quicksort","Sort Space Used": 1068,"Sort Space Type": "Memory","Workers": [{"Worker Number": 0,"Sort Method": "quicksort","Sort Space Used": 1094,"Sort Space Type": "Memory"},{"Worker Number": 1,"Sort Method": "quicksort","Sort Space Used": 1069,"Sort Space Type": "Memory"},{"Worker Number": 2,"Sort Method": "quicksort","Sort Space Used": 1096,"Sort Space Type": "Memory"}],"Plans": [{"Node Type": "Nested Loop","Parent Relationship": "Outer","Parallel Aware": false,"Async Capable": false,"Join Type": "Semi","Startup Cost": 756.62,"Total Cost": 49720.43,"Plan Rows": 4184,"Plan Width": 16,"Actual Startup Time": 4.954,"Actual Total Time": 187.804,"Actual Rows": 12754,"Actual Loops": 4,"Inner Unique": false,"Workers": [],"Plans": [{"Node Type": "Bitmap Heap Scan","Parent Relationship": "Outer","Parallel Aware": true,"Async Capable": false,"Relation Name": "orders","Alias": "orders","Startup Cost": 756.19,"Total Cost": 27115.44,"Plan Rows": 17617,"Plan Width": 20,"Actual Startup Time": 4.825,"Actual Total Time": 55.378,"Actual Rows": 13875,"Actual Loops": 4,"Recheck Cond": "((o_orderdate >= '1997-02-01'::date) AND (o_orderdate < '1997-05-01 00:00:00'::timestamp without time zone))","Rows Removed by Index Recheck": 0,"Exact Heap Blocks": 5706,"Lossy Heap Blocks": 0,"Workers": [],"Plans": [{"Node Type": "Bitmap Index Scan","Parent Relationship": "Outer","Parallel Aware": false,"Async Capable": false,"Index Name": "idx_orders_orderdate","Startup Cost": 0.00,"Total Cost": 742.54,"Plan Rows": 54611,"Plan Width": 0,"Actual Startup Time": 8.081,"Actual Total Time": 8.083,"Actual Rows": 55500,"Actual Loops": 1,"Index Cond": "((o_orderdate >= '1997-02-01'::date) AND (o_orderdate < '1997-05-01 00:00:00'::timestamp without time zone))","Workers": []}]},{"Node Type": "Index Scan","Parent Relationship": "Inner","Parallel Aware": false,"Async Capable": false,"Scan Direction": "Forward","Index Name": "idx_lineitem_orderkey","Relation Name": "lineitem","Alias": "lineitem","Startup Cost": 0.43,"Total Cost": 4.69,"Plan Rows": 6,"Plan Width": 4,"Actual Startup Time": 0.009,"Actual Total Time": 0.009,"Actual Rows": 1,"Actual Loops": 55500,"Index Cond": "(l_orderkey = orders.o_orderkey)","Rows Removed by Index Recheck": 0,"Filter": "(l_commitdate < l_receiptdate)","Rows Removed by Filter": 1,"Workers": []}]}]}]}]}]},"Planning Time": 5.807,"Triggers": [],"Execution Time": 228.643}]
[{"Plan": {"Node Type": "Aggregate","Strategy": "Sorted","Partial Mode": "Finalize","Parallel Aware": false,"Async Capable": false,"Startup Cost": 52350.82,"Total Cost": 52386.40,"Plan Rows": 5,"Plan Width": 24,"Actual Startup Time": 210.793,"Actual Total Time": 234.778,"Actual Rows": 5,"Actual Loops": 1,"Group Key": ["orders.o_orderpriority"],"Plans": [{"Node Type": "Gather Merge","Parent Relationship": "Outer","Parallel Aware": false,"Async Capable": false,"Startup Cost": 52350.82,"Total Cost": 52386.28,"Plan Rows": 15,"Plan Width": 24,"Actual Startup Time": 210.399,"Actual Total Time": 234.748,"Actual Rows": 20,"Actual Loops": 1,"Workers Planned": 3,"Workers Launched": 3,"Plans": [{"Node Type": "Aggregate","Strategy": "Sorted","Partial Mode": "Partial","Parent Relationship": "Outer","Parallel Aware": false,"Async Capable": false,"Startup Cost": 51350.78,"Total Cost": 51384.47,"Plan Rows": 5,"Plan Width": 24,"Actual Startup Time": 201.538,"Actual Total Time": 202.786,"Actual Rows": 5,"Actual Loops": 4,"Group Key": ["orders.o_orderpriority"],"Workers": [],"Plans": [{"Node Type": "Sort","Parent Relationship": "Outer","Parallel Aware": false,"Async Capable": false,"Startup Cost": 51350.78,"Total Cost": 51361.99,"Plan Rows": 4486,"Plan Width": 16,"Actual Startup Time": 201.192,"Actual Total Time": 201.702,"Actual Rows": 13259,"Actual Loops": 4,"Sort Key": ["orders.o_orderpriority"],"Sort Method": "quicksort","Sort Space Used": 1126,"Sort Space Type": "Memory","Workers": [{"Worker Number": 0,"Sort Method": "quicksort","Sort Space Used": 1102,"Sort Space Type": "Memory"},{"Worker Number": 1,"Sort Method": "quicksort","Sort Space Used": 1115,"Sort Space Type": "Memory"},{"Worker Number": 2,"Sort Method": "quicksort","Sort Space Used": 1095,"Sort Space Type": "Memory"}],"Plans": [{"Node Type": "Nested Loop","Parent Relationship": "Outer","Parallel Aware": false,"Async Capable": false,"Join Type": "Semi","Startup Cost": 809.03,"Total Cost": 51078.68,"Plan Rows": 4486,"Plan Width": 16,"Actual Startup Time": 4.343,"Actual Total Time": 194.788,"Actual Rows": 13259,"Actual Loops": 4,"Inner Unique": false,"Workers": [],"Plans": [{"Node Type": "Bitmap Heap Scan","Parent Relationship": "Outer","Parallel Aware": true,"Async Capable": false,"Relation Name": "orders","Alias": "orders","Startup Cost": 808.60,"Total Cost": 27186.92,"Plan Rows": 18888,"Plan Width": 20,"Actual Startup Time": 4.218,"Actual Total Time": 57.297,"Actual Rows": 14442,"Actual Loops": 4,"Recheck Cond": "((o_orderdate >= '1996-07-01'::date) AND (o_orderdate < '1996-10-01 00:00:00'::timestamp without time zone))","Rows Removed by Index Recheck": 0,"Exact Heap Blocks": 5957,"Lossy Heap Blocks": 0,"Workers": [],"Plans": [{"Node Type": "Bitmap Index Scan","Parent Relationship": "Outer","Parallel Aware": false,"Async Capable": false,"Index Name": "idx_orders_orderdate","Startup Cost": 0.00,"Total Cost": 793.96,"Plan Rows": 58553,"Plan Width": 0,"Actual Startup Time": 7.813,"Actual Total Time": 7.814,"Actual Rows": 57768,"Actual Loops": 1,"Index Cond": "((o_orderdate >= '1996-07-01'::date) AND (o_orderdate < '1996-10-01 00:00:00'::timestamp without time zone))","Workers": []}]},{"Node Type": "Index Scan","Parent Relationship": "Inner","Parallel Aware": false,"Async Capable": false,"Scan Direction": "Forward","Index Name": "idx_lineitem_orderkey","Relation Name": "lineitem","Alias": "lineitem","Startup Cost": 0.43,"Total Cost": 4.60,"Plan Rows": 6,"Plan Width": 4,"Actual Startup Time": 0.009,"Actual Total Time": 0.009,"Actual Rows": 1,"Actual Loops": 57768,"Index Cond": "(l_orderkey = orders.o_orderkey)","Rows Removed by Index Recheck": 0,"Filter": "(l_commitdate < l_receiptdate)","Rows Removed by Filter": 1,"Workers": []}]}]}]}]}]},"Planning Time": 4.843,"Triggers": [],"Execution Time": 235.203}]
[{"Plan": {"Node Type": "Aggregate","Strategy": "Sorted","Partial Mode": "Finalize","Parallel Aware": false,"Async Capable": false,"Startup Cost": 51940.16,"Total Cost": 51975.07,"Plan Rows": 5,"Plan Width": 24,"Actual Startup Time": 211.359,"Actual Total Time": 235.485,"Actual Rows": 5,"Actual Loops": 1,"Group Key": ["orders.o_orderpriority"],"Plans": [{"Node Type": "Gather Merge","Parent Relationship": "Outer","Parallel Aware": false,"Async Capable": false,"Startup Cost": 51940.16,"Total Cost": 51974.94,"Plan Rows": 15,"Plan Width": 24,"Actual Startup Time": 210.977,"Actual Total Time": 235.464,"Actual Rows": 20,"Actual Loops": 1,"Workers Planned": 3,"Workers Launched": 3,"Plans": [{"Node Type": "Aggregate","Strategy": "Sorted","Partial Mode": "Partial","Parent Relationship": "Outer","Parallel Aware": false,"Async Capable": false,"Startup Cost": 50940.12,"Total Cost": 50973.14,"Plan Rows": 5,"Plan Width": 24,"Actual Startup Time": 202.425,"Actual Total Time": 203.673,"Actual Rows": 5,"Actual Loops": 4,"Group Key": ["orders.o_orderpriority"],"Workers": [],"Plans": [{"Node Type": "Sort","Parent Relationship": "Outer","Parallel Aware": false,"Async Capable": false,"Startup Cost": 50940.12,"Total Cost": 50951.11,"Plan Rows": 4396,"Plan Width": 16,"Actual Startup Time": 202.075,"Actual Total Time": 202.609,"Actual Rows": 13093,"Actual Loops": 4,"Sort Key": ["orders.o_orderpriority"],"Sort Method": "quicksort","Sort Space Used": 1113,"Sort Space Type": "Memory","Workers": [{"Worker Number": 0,"Sort Method": "quicksort","Sort Space Used": 1095,"Sort Space Type": "Memory"},{"Worker Number": 1,"Sort Method": "quicksort","Sort Space Used": 1096,"Sort Space Type": "Memory"},{"Worker Number": 2,"Sort Method": "quicksort","Sort Space Used": 1098,"Sort Space Type": "Memory"}],"Plans": [{"Node Type": "Nested Loop","Parent Relationship": "Outer","Parallel Aware": false,"Async Capable": false,"Join Type": "Semi","Startup Cost": 792.95,"Total Cost": 50674.12,"Plan Rows": 4396,"Plan Width": 16,"Actual Startup Time": 5.002,"Actual Total Time": 195.802,"Actual Rows": 13093,"Actual Loops": 4,"Inner Unique": false,"Workers": [],"Plans": [{"Node Type": "Bitmap Heap Scan","Parent Relationship": "Outer","Parallel Aware": true,"Async Capable": false,"Relation Name": "orders","Alias": "orders","Startup Cost": 792.52,"Total Cost": 27165.14,"Plan Rows": 18508,"Plan Width": 20,"Actual Startup Time": 4.882,"Actual Total Time": 58.015,"Actual Rows": 14267,"Actual Loops": 4,"Recheck Cond": "((o_orderdate >= '1993-10-01'::date) AND (o_orderdate < '1994-01-01 00:00:00'::timestamp without time zone))","Rows Removed by Index Recheck": 0,"Exact Heap Blocks": 5856,"Lossy Heap Blocks": 0,"Workers": [],"Plans": [{"Node Type": "Bitmap Index Scan","Parent Relationship": "Outer","Parallel Aware": false,"Async Capable": false,"Index Name": "idx_orders_orderdate","Startup Cost": 0.00,"Total Cost": 778.18,"Plan Rows": 57375,"Plan Width": 0,"Actual Startup Time": 8.440,"Actual Total Time": 8.441,"Actual Rows": 57069,"Actual Loops": 1,"Index Cond": "((o_orderdate >= '1993-10-01'::date) AND (o_orderdate < '1994-01-01 00:00:00'::timestamp without time zone))","Workers": []}]},{"Node Type": "Index Scan","Parent Relationship": "Inner","Parallel Aware": false,"Async Capable": false,"Scan Direction": "Forward","Index Name": "idx_lineitem_orderkey","Relation Name": "lineitem","Alias": "lineitem","Startup Cost": 0.43,"Total Cost": 4.62,"Plan Rows": 6,"Plan Width": 4,"Actual Startup Time": 0.009,"Actual Total Time": 0.009,"Actual Rows": 1,"Actual Loops": 57069,"Index Cond": "(l_orderkey = orders.o_orderkey)","Rows Removed by Index Recheck": 0,"Filter": "(l_commitdate < l_receiptdate)","Rows Removed by Filter": 1,"Workers": []}]}]}]}]}]},"Planning Time": 4.961,"Triggers": [],"Execution Time": 235.930}]
[{"Plan": {"Node Type": "Aggregate","Strategy": "Sorted","Partial Mode": "Finalize","Parallel Aware": false,"Async Capable": false,"Startup Cost": 53066.80,"Total Cost": 53103.57,"Plan Rows": 5,"Plan Width": 24,"Actual Startup Time": 212.244,"Actual Total Time": 236.326,"Actual Rows": 5,"Actual Loops": 1,"Group Key": ["orders.o_orderpriority"],"Plans": [{"Node Type": "Gather Merge","Parent Relationship": "Outer","Parallel Aware": false,"Async Capable": false,"Startup Cost": 53066.80,"Total Cost": 53103.44,"Plan Rows": 15,"Plan Width": 24,"Actual Startup Time": 211.829,"Actual Total Time": 236.295,"Actual Rows": 20,"Actual Loops": 1,"Workers Planned": 3,"Workers Launched": 3,"Plans": [{"Node Type": "Aggregate","Strategy": "Sorted","Partial Mode": "Partial","Parent Relationship": "Outer","Parallel Aware": false,"Async Capable": false,"Startup Cost": 52066.76,"Total Cost": 52101.64,"Plan Rows": 5,"Plan Width": 24,"Actual Startup Time": 202.767,"Actual Total Time": 204.001,"Actual Rows": 5,"Actual Loops": 4,"Group Key": ["orders.o_orderpriority"],"Workers": [],"Plans": [{"Node Type": "Sort","Parent Relationship": "Outer","Parallel Aware": false,"Async Capable": false,"Startup Cost": 52066.76,"Total Cost": 52078.37,"Plan Rows": 4644,"Plan Width": 16,"Actual Startup Time": 202.424,"Actual Total Time": 202.931,"Actual Rows": 12960,"Actual Loops": 4,"Sort Key": ["orders.o_orderpriority"],"Sort Method": "quicksort","Sort Space Used": 1093,"Sort Space Type": "Memory","Workers": [{"Worker Number": 0,"Sort Method": "quicksort","Sort Space Used": 1075,"Sort Space Type": "Memory"},{"Worker Number": 1,"Sort Method": "quicksort","Sort Space Used": 1099,"Sort Space Type": "Memory"},{"Worker Number": 2,"Sort Method": "quicksort","Sort Space Used": 1106,"Sort Space Type": "Memory"}],"Plans": [{"Node Type": "Nested Loop","Parent Relationship": "Outer","Parallel Aware": false,"Async Capable": false,"Join Type": "Semi","Startup Cost": 838.15,"Total Cost": 51783.92,"Plan Rows": 4644,"Plan Width": 16,"Actual Startup Time": 4.866,"Actual Total Time": 196.038,"Actual Rows": 12960,"Actual Loops": 4,"Inner Unique": false,"Workers": [],"Plans": [{"Node Type": "Bitmap Heap Scan","Parent Relationship": "Outer","Parallel Aware": true,"Async Capable": false,"Relation Name": "orders","Alias": "orders","Startup Cost": 837.72,"Total Cost": 27226.01,"Plan Rows": 19553,"Plan Width": 20,"Actual Startup Time": 4.730,"Actual Total Time": 58.287,"Actual Rows": 14126,"Actual Loops": 4,"Recheck Cond": "((o_orderdate >= '1995-01-01'::date) AND (o_orderdate < '1995-04-01 00:00:00'::timestamp without time zone))","Rows Removed by Index Recheck": 0,"Exact Heap Blocks": 5851,"Lossy Heap Blocks": 0,"Workers": [],"Plans": [{"Node Type": "Bitmap Index Scan","Parent Relationship": "Outer","Parallel Aware": false,"Async Capable": false,"Index Name": "idx_orders_orderdate","Startup Cost": 0.00,"Total Cost": 822.57,"Plan Rows": 60614,"Plan Width": 0,"Actual Startup Time": 8.580,"Actual Total Time": 8.580,"Actual Rows": 56506,"Actual Loops": 1,"Index Cond": "((o_orderdate >= '1995-01-01'::date) AND (o_orderdate < '1995-04-01 00:00:00'::timestamp without time zone))","Workers": []}]},{"Node Type": "Index Scan","Parent Relationship": "Inner","Parallel Aware": false,"Async Capable": false,"Scan Direction": "Forward","Index Name": "idx_lineitem_orderkey","Relation Name": "lineitem","Alias": "lineitem","Startup Cost": 0.43,"Total Cost": 4.55,"Plan Rows": 6,"Plan Width": 4,"Actual Startup Time": 0.009,"Actual Total Time": 0.009,"Actual Rows": 1,"Actual Loops": 56506,"Index Cond": "(l_orderkey = orders.o_orderkey)","Rows Removed by Index Recheck": 0,"Filter": "(l_commitdate < l_receiptdate)","Rows Removed by Filter": 1,"Workers": []}]}]}]}]}]},"Planning Time": 5.921,"Triggers": [],"Execution Time": 236.742}]
[{"Plan": {"Node Type": "Aggregate","Strategy": "Sorted","Partial Mode": "Finalize","Parallel Aware": false,"Async Capable": false,"Startup Cost": 51736.48,"Total Cost": 51771.05,"Plan Rows": 5,"Plan Width": 24,"Actual Startup Time": 206.913,"Actual Total Time": 230.911,"Actual Rows": 5,"Actual Loops": 1,"Group Key": ["orders.o_orderpriority"],"Plans": [{"Node Type": "Gather Merge","Parent Relationship": "Outer","Parallel Aware": false,"Async Capable": false,"Startup Cost": 51736.48,"Total Cost": 51770.93,"Plan Rows": 15,"Plan Width": 24,"Actual Startup Time": 206.571,"Actual Total Time": 230.880,"Actual Rows": 20,"Actual Loops": 1,"Workers Planned": 3,"Workers Launched": 3,"Plans": [{"Node Type": "Aggregate","Strategy": "Sorted","Partial Mode": "Partial","Parent Relationship": "Outer","Parallel Aware": false,"Async Capable": false,"Startup Cost": 50736.44,"Total Cost": 50769.13,"Plan Rows": 5,"Plan Width": 24,"Actual Startup Time": 197.405,"Actual Total Time": 198.632,"Actual Rows": 5,"Actual Loops": 4,"Group Key": ["orders.o_orderpriority"],"Workers": [],"Plans": [{"Node Type": "Sort","Parent Relationship": "Outer","Parallel Aware": false,"Async Capable": false,"Startup Cost": 50736.44,"Total Cost": 50747.32,"Plan Rows": 4351,"Plan Width": 16,"Actual Startup Time": 197.060,"Actual Total Time": 197.567,"Actual Rows": 12986,"Actual Loops": 4,"Sort Key": ["orders.o_orderpriority"],"Sort Method": "quicksort","Sort Space Used": 1055,"Sort Space Type": "Memory","Workers": [{"Worker Number": 0,"Sort Method": "quicksort","Sort Space Used": 1084,"Sort Space Type": "Memory"},{"Worker Number": 1,"Sort Method": "quicksort","Sort Space Used": 1126,"Sort Space Type": "Memory"},{"Worker Number": 2,"Sort Method": "quicksort","Sort Space Used": 1113,"Sort Space Type": "Memory"}],"Plans": [{"Node Type": "Nested Loop","Parent Relationship": "Outer","Parallel Aware": false,"Async Capable": false,"Join Type": "Semi","Startup Cost": 786.91,"Total Cost": 50473.49,"Plan Rows": 4351,"Plan Width": 16,"Actual Startup Time": 5.441,"Actual Total Time": 190.761,"Actual Rows": 12986,"Actual Loops": 4,"Inner Unique": false,"Workers": [],"Plans": [{"Node Type": "Bitmap Heap Scan","Parent Relationship": "Outer","Parallel Aware": true,"Async Capable": false,"Relation Name": "orders","Alias": "orders","Startup Cost": 786.47,"Total Cost": 27156.24,"Plan Rows": 18318,"Plan Width": 20,"Actual Startup Time": 5.289,"Actual Total Time": 56.594,"Actual Rows": 14148,"Actual Loops": 4,"Recheck Cond": "((o_orderdate >= '1993-09-01'::date) AND (o_orderdate < '1993-12-01 00:00:00'::timestamp without time zone))","Rows Removed by Index Recheck": 0,"Exact Heap Blocks": 5541,"Lossy Heap Blocks": 0,"Workers": [],"Plans": [{"Node Type": "Bitmap Index Scan","Parent Relationship": "Outer","Parallel Aware": false,"Async Capable": false,"Index Name": "idx_orders_orderdate","Startup Cost": 0.00,"Total Cost": 772.28,"Plan Rows": 56785,"Plan Width": 0,"Actual Startup Time": 9.025,"Actual Total Time": 9.027,"Actual Rows": 56592,"Actual Loops": 1,"Index Cond": "((o_orderdate >= '1993-09-01'::date) AND (o_orderdate < '1993-12-01 00:00:00'::timestamp without time zone))","Workers": []}]},{"Node Type": "Index Scan","Parent Relationship": "Inner","Parallel Aware": false,"Async Capable": false,"Scan Direction": "Forward","Index Name": "idx_lineitem_orderkey","Relation Name": "lineitem","Alias": "lineitem","Startup Cost": 0.43,"Total Cost": 4.64,"Plan Rows": 6,"Plan Width": 4,"Actual Startup Time": 0.009,"Actual Total Time": 0.009,"Actual Rows": 1,"Actual Loops": 56592,"Index Cond": "(l_orderkey = orders.o_orderkey)","Rows Removed by Index Recheck": 0,"Filter": "(l_commitdate < l_receiptdate)","Rows Removed by Filter": 1,"Workers": []}]}]}]}]}]},"Planning Time": 5.170,"Triggers": [],"Execution Time": 231.369}]
[{"Plan": {"Node Type": "Aggregate","Strategy": "Sorted","Partial Mode": "Finalize","Parallel Aware": false,"Async Capable": false,"Startup Cost": 51868.32,"Total Cost": 51903.11,"Plan Rows": 5,"Plan Width": 24,"Actual Startup Time": 208.340,"Actual Total Time": 231.447,"Actual Rows": 5,"Actual Loops": 1,"Group Key": ["orders.o_orderpriority"],"Plans": [{"Node Type": "Gather Merge","Parent Relationship": "Outer","Parallel Aware": false,"Async Capable": false,"Startup Cost": 51868.32,"Total Cost": 51902.98,"Plan Rows": 15,"Plan Width": 24,"Actual Startup Time": 207.950,"Actual Total Time": 231.419,"Actual Rows": 20,"Actual Loops": 1,"Workers Planned": 3,"Workers Launched": 3,"Plans": [{"Node Type": "Aggregate","Strategy": "Sorted","Partial Mode": "Partial","Parent Relationship": "Outer","Parallel Aware": false,"Async Capable": false,"Startup Cost": 50868.28,"Total Cost": 50901.18,"Plan Rows": 5,"Plan Width": 24,"Actual Startup Time": 199.059,"Actual Total Time": 200.295,"Actual Rows": 5,"Actual Loops": 4,"Group Key": ["orders.o_orderpriority"],"Workers": [],"Plans": [{"Node Type": "Sort","Parent Relationship": "Outer","Parallel Aware": false,"Async Capable": false,"Startup Cost": 50868.28,"Total Cost": 50879.23,"Plan Rows": 4380,"Plan Width": 16,"Actual Startup Time": 198.738,"Actual Total Time": 199.253,"Actual Rows": 12924,"Actual Loops": 4,"Sort Key": ["orders.o_orderpriority"],"Sort Method": "quicksort","Sort Space Used": 1102,"Sort Space Type": "Memory","Workers": [{"Worker Number": 0,"Sort Method": "quicksort","Sort Space Used": 1084,"Sort Space Type": "Memory"},{"Worker Number": 1,"Sort Method": "quicksort","Sort Space Used": 1092,"Sort Space Type": "Memory"},{"Worker Number": 2,"Sort Method": "quicksort","Sort Space Used": 1087,"Sort Space Type": "Memory"}],"Plans": [{"Node Type": "Nested Loop","Parent Relationship": "Outer","Parallel Aware": false,"Async Capable": false,"Join Type": "Semi","Startup Cost": 790.81,"Total Cost": 50603.36,"Plan Rows": 4380,"Plan Width": 16,"Actual Startup Time": 4.683,"Actual Total Time": 192.330,"Actual Rows": 12924,"Actual Loops": 4,"Inner Unique": false,"Workers": [],"Plans": [{"Node Type": "Bitmap Heap Scan","Parent Relationship": "Outer","Parallel Aware": true,"Async Capable": false,"Relation Name": "orders","Alias": "orders","Startup Cost": 790.38,"Total Cost": 27161.99,"Plan Rows": 18441,"Plan Width": 20,"Actual Startup Time": 4.555,"Actual Total Time": 57.131,"Actual Rows": 14129,"Actual Loops": 4,"Recheck Cond": "((o_orderdate >= '1994-09-01'::date) AND (o_orderdate < '1994-12-01 00:00:00'::timestamp without time zone))","Rows Removed by Index Recheck": 0,"Exact Heap Blocks": 5928,"Lossy Heap Blocks": 0,"Workers": [],"Plans": [{"Node Type": "Bitmap Index Scan","Parent Relationship": "Outer","Parallel Aware": false,"Async Capable": false,"Index Name": "idx_orders_orderdate","Startup Cost": 0.00,"Total Cost": 776.09,"Plan Rows": 57166,"Plan Width": 0,"Actual Startup Time": 8.170,"Actual Total Time": 8.172,"Actual Rows": 56516,"Actual Loops": 1,"Index Cond": "((o_orderdate >= '1994-09-01'::date) AND (o_orderdate < '1994-12-01 00:00:00'::timestamp without time zone))","Workers": []}]},{"Node Type": "Index Scan","Parent Relationship": "Inner","Parallel Aware": false,"Async Capable": false,"Scan Direction": "Forward","Index Name": "idx_lineitem_orderkey","Relation Name": "lineitem","Alias": "lineitem","Startup Cost": 0.43,"Total Cost": 4.63,"Plan Rows": 6,"Plan Width": 4,"Actual Startup Time": 0.009,"Actual Total Time": 0.009,"Actual Rows": 1,"Actual Loops": 56516,"Index Cond": "(l_orderkey = orders.o_orderkey)","Rows Removed by Index Recheck": 0,"Filter": "(l_commitdate < l_receiptdate)","Rows Removed by Filter": 1,"Workers": []}]}]}]}]}]},"Planning Time": 5.289,"Triggers": [],"Execution Time": 231.901}]
[{"Plan": {"Node Type": "Aggregate","Strategy": "Sorted","Partial Mode": "Finalize","Parallel Aware": false,"Async Capable": false,"Startup Cost": 52505.50,"Total Cost": 52541.34,"Plan Rows": 5,"Plan Width": 24,"Actual Startup Time": 212.649,"Actual Total Time": 236.332,"Actual Rows": 5,"Actual Loops": 1,"Group Key": ["orders.o_orderpriority"],"Plans": [{"Node Type": "Gather Merge","Parent Relationship": "Outer","Parallel Aware": false,"Async Capable": false,"Startup Cost": 52505.50,"Total Cost": 52541.21,"Plan Rows": 15,"Plan Width": 24,"Actual Startup Time": 212.241,"Actual Total Time": 236.296,"Actual Rows": 20,"Actual Loops": 1,"Workers Planned": 3,"Workers Launched": 3,"Plans": [{"Node Type": "Aggregate","Strategy": "Sorted","Partial Mode": "Partial","Parent Relationship": "Outer","Parallel Aware": false,"Async Capable": false,"Startup Cost": 51505.46,"Total Cost": 51539.41,"Plan Rows": 5,"Plan Width": 24,"Actual Startup Time": 203.017,"Actual Total Time": 204.284,"Actual Rows": 5,"Actual Loops": 4,"Group Key": ["orders.o_orderpriority"],"Workers": [],"Plans": [{"Node Type": "Sort","Parent Relationship": "Outer","Parallel Aware": false,"Async Capable": false,"Startup Cost": 51505.46,"Total Cost": 51516.76,"Plan Rows": 4520,"Plan Width": 16,"Actual Startup Time": 202.651,"Actual Total Time": 203.197,"Actual Rows": 13152,"Actual Loops": 4,"Sort Key": ["orders.o_orderpriority"],"Sort Method": "quicksort","Sort Space Used": 1103,"Sort Space Type": "Memory","Workers": [{"Worker Number": 0,"Sort Method": "quicksort","Sort Space Used": 1110,"Sort Space Type": "Memory"},{"Worker Number": 1,"Sort Method": "quicksort","Sort Space Used": 1119,"Sort Space Type": "Memory"},{"Worker Number": 2,"Sort Method": "quicksort","Sort Space Used": 1083,"Sort Space Type": "Memory"}],"Plans": [{"Node Type": "Nested Loop","Parent Relationship": "Outer","Parallel Aware": false,"Async Capable": false,"Join Type": "Semi","Startup Cost": 817.51,"Total Cost": 51231.05,"Plan Rows": 4520,"Plan Width": 16,"Actual Startup Time": 4.809,"Actual Total Time": 196.117,"Actual Rows": 13152,"Actual Loops": 4,"Inner Unique": false,"Workers": [],"Plans": [{"Node Type": "Bitmap Heap Scan","Parent Relationship": "Outer","Parallel Aware": true,"Async Capable": false,"Relation Name": "orders","Alias": "orders","Startup Cost": 817.07,"Total Cost": 27197.51,"Plan Rows": 19029,"Plan Width": 20,"Actual Startup Time": 4.654,"Actual Total Time": 58.284,"Actual Rows": 14334,"Actual Loops": 4,"Recheck Cond": "((o_orderdate >= '1997-04-01'::date) AND (o_orderdate < '1997-07-01 00:00:00'::timestamp without time zone))","Rows Removed by Index Recheck": 0,"Exact Heap Blocks": 5837,"Lossy Heap Blocks": 0,"Workers": [],"Plans": [{"Node Type": "Bitmap Index Scan","Parent Relationship": "Outer","Parallel Aware": false,"Async Capable": false,"Index Name": "idx_orders_orderdate","Startup Cost": 0.00,"Total Cost": 802.33,"Plan Rows": 58990,"Plan Width": 0,"Actual Startup Time": 8.382,"Actual Total Time": 8.385,"Actual Rows": 57334,"Actual Loops": 1,"Index Cond": "((o_orderdate >= '1997-04-01'::date) AND (o_orderdate < '1997-07-01 00:00:00'::timestamp without time zone))","Workers": []}]},{"Node Type": "Index Scan","Parent Relationship": "Inner","Parallel Aware": false,"Async Capable": false,"Scan Direction": "Forward","Index Name": "idx_lineitem_orderkey","Relation Name": "lineitem","Alias": "lineitem","Startup Cost": 0.43,"Total Cost": 4.59,"Plan Rows": 6,"Plan Width": 4,"Actual Startup Time": 0.009,"Actual Total Time": 0.009,"Actual Rows": 1,"Actual Loops": 57334,"Index Cond": "(l_orderkey = orders.o_orderkey)","Rows Removed by Index Recheck": 0,"Filter": "(l_commitdate < l_receiptdate)","Rows Removed by Filter": 1,"Workers": []}]}]}]}]}]},"Planning Time": 4.807,"Triggers": [],"Execution Time": 236.832}]
[{"Plan": {"Node Type": "Aggregate","Strategy": "Sorted","Partial Mode": "Finalize","Parallel Aware": false,"Async Capable": false,"Startup Cost": 51912.42,"Total Cost": 51947.28,"Plan Rows": 5,"Plan Width": 24,"Actual Startup Time": 209.106,"Actual Total Time": 232.724,"Actual Rows": 5,"Actual Loops": 1,"Group Key": ["orders.o_orderpriority"],"Plans": [{"Node Type": "Gather Merge","Parent Relationship": "Outer","Parallel Aware": false,"Async Capable": false,"Startup Cost": 51912.42,"Total Cost": 51947.15,"Plan Rows": 15,"Plan Width": 24,"Actual Startup Time": 208.787,"Actual Total Time": 232.700,"Actual Rows": 20,"Actual Loops": 1,"Workers Planned": 3,"Workers Launched": 3,"Plans": [{"Node Type": "Aggregate","Strategy": "Sorted","Partial Mode": "Partial","Parent Relationship": "Outer","Parallel Aware": false,"Async Capable": false,"Startup Cost": 50912.38,"Total Cost": 50945.35,"Plan Rows": 5,"Plan Width": 24,"Actual Startup Time": 198.950,"Actual Total Time": 200.277,"Actual Rows": 5,"Actual Loops": 4,"Group Key": ["orders.o_orderpriority"],"Workers": [],"Plans": [{"Node Type": "Sort","Parent Relationship": "Outer","Parallel Aware": false,"Async Capable": false,"Startup Cost": 50912.38,"Total Cost": 50923.35,"Plan Rows": 4390,"Plan Width": 16,"Actual Startup Time": 198.592,"Actual Total Time": 199.146,"Actual Rows": 13050,"Actual Loops": 4,"Sort Key": ["orders.o_orderpriority"],"Sort Method": "quicksort","Sort Space Used": 1053,"Sort Space Type": "Memory","Workers": [{"Worker Number": 0,"Sort Method": "quicksort","Sort Space Used": 1117,"Sort Space Type": "Memory"},{"Worker Number": 1,"Sort Method": "quicksort","Sort Space Used": 1102,"Sort Space Type": "Memory"},{"Worker Number": 2,"Sort Method": "quicksort","Sort Space Used": 1121,"Sort Space Type": "Memory"}],"Plans": [{"Node Type": "Nested Loop","Parent Relationship": "Outer","Parallel Aware": false,"Async Capable": false,"Join Type": "Semi","Startup Cost": 792.13,"Total Cost": 50646.78,"Plan Rows": 4390,"Plan Width": 16,"Actual Startup Time": 5.115,"Actual Total Time": 192.167,"Actual Rows": 13050,"Actual Loops": 4,"Inner Unique": false,"Workers": [],"Plans": [{"Node Type": "Bitmap Heap Scan","Parent Relationship": "Outer","Parallel Aware": true,"Async Capable": false,"Relation Name": "orders","Alias": "orders","Startup Cost": 791.70,"Total Cost": 27163.94,"Plan Rows": 18482,"Plan Width": 20,"Actual Startup Time": 4.954,"Actual Total Time": 57.279,"Actual Rows": 14234,"Actual Loops": 4,"Recheck Cond": "((o_orderdate >= '1993-03-01'::date) AND (o_orderdate < '1993-06-01 00:00:00'::timestamp without time zone))","Rows Removed by Index Recheck": 0,"Exact Heap Blocks": 5494,"Lossy Heap Blocks": 0,"Workers": [],"Plans": [{"Node Type": "Bitmap Index Scan","Parent Relationship": "Outer","Parallel Aware": false,"Async Capable": false,"Index Name": "idx_orders_orderdate","Startup Cost": 0.00,"Total Cost": 777.38,"Plan Rows": 57295,"Plan Width": 0,"Actual Startup Time": 8.540,"Actual Total Time": 8.541,"Actual Rows": 56934,"Actual Loops": 1,"Index Cond": "((o_orderdate >= '1993-03-01'::date) AND (o_orderdate < '1993-06-01 00:00:00'::timestamp without time zone))","Workers": []}]},{"Node Type": "Index Scan","Parent Relationship": "Inner","Parallel Aware": false,"Async Capable": false,"Scan Direction": "Forward","Index Name": "idx_lineitem_orderkey","Relation Name": "lineitem","Alias": "lineitem","Startup Cost": 0.43,"Total Cost": 4.62,"Plan Rows": 6,"Plan Width": 4,"Actual Startup Time": 0.009,"Actual Total Time": 0.009,"Actual Rows": 1,"Actual Loops": 56934,"Index Cond": "(l_orderkey = orders.o_orderkey)","Rows Removed by Index Recheck": 0,"Filter": "(l_commitdate < l_receiptdate)","Rows Removed by Filter": 1,"Workers": []}]}]}]}]}]},"Planning Time": 5.801,"Triggers": [],"Execution Time": 233.171}]
[{"Plan": {"Node Type": "Aggregate","Strategy": "Sorted","Partial Mode": "Finalize","Parallel Aware": false,"Async Capable": false,"Startup Cost": 51736.48,"Total Cost": 51771.05,"Plan Rows": 5,"Plan Width": 24,"Actual Startup Time": 206.913,"Actual Total Time": 230.911,"Actual Rows": 5,"Actual Loops": 1,"Group Key": ["orders.o_orderpriority"],"Plans": [{"Node Type": "Gather Merge","Parent Relationship": "Outer","Parallel Aware": false,"Async Capable": false,"Startup Cost": 51736.48,"Total Cost": 51770.93,"Plan Rows": 15,"Plan Width": 24,"Actual Startup Time": 206.571,"Actual Total Time": 230.880,"Actual Rows": 20,"Actual Loops": 1,"Workers Planned": 3,"Workers Launched": 3,"Plans": [{"Node Type": "Aggregate","Strategy": "Sorted","Partial Mode": "Partial","Parent Relationship": "Outer","Parallel Aware": false,"Async Capable": false,"Startup Cost": 50736.44,"Total Cost": 50769.13,"Plan Rows": 5,"Plan Width": 24,"Actual Startup Time": 197.405,"Actual Total Time": 198.632,"Actual Rows": 5,"Actual Loops": 4,"Group Key": ["orders.o_orderpriority"],"Workers": [],"Plans": [{"Node Type": "Sort","Parent Relationship": "Outer","Parallel Aware": false,"Async Capable": false,"Startup Cost": 50736.44,"Total Cost": 50747.32,"Plan Rows": 4351,"Plan Width": 16,"Actual Startup Time": 197.060,"Actual Total Time": 197.567,"Actual Rows": 12986,"Actual Loops": 4,"Sort Key": ["orders.o_orderpriority"],"Sort Method": "quicksort","Sort Space Used": 1055,"Sort Space Type": "Memory","Workers": [{"Worker Number": 0,"Sort Method": "quicksort","Sort Space Used": 1084,"Sort Space Type": "Memory"},{"Worker Number": 1,"Sort Method": "quicksort","Sort Space Used": 1126,"Sort Space Type": "Memory"},{"Worker Number": 2,"Sort Method": "quicksort","Sort Space Used": 1113,"Sort Space Type": "Memory"}],"Plans": [{"Node Type": "Nested Loop","Parent Relationship": "Outer","Parallel Aware": false,"Async Capable": false,"Join Type": "Semi","Startup Cost": 786.91,"Total Cost": 50473.49,"Plan Rows": 4351,"Plan Width": 16,"Actual Startup Time": 5.441,"Actual Total Time": 190.761,"Actual Rows": 12986,"Actual Loops": 4,"Inner Unique": false,"Workers": [],"Plans": [{"Node Type": "Bitmap Heap Scan","Parent Relationship": "Outer","Parallel Aware": true,"Async Capable": false,"Relation Name": "orders","Alias": "orders","Startup Cost": 786.47,"Total Cost": 27156.24,"Plan Rows": 18318,"Plan Width": 20,"Actual Startup Time": 5.289,"Actual Total Time": 56.594,"Actual Rows": 14148,"Actual Loops": 4,"Recheck Cond": "((o_orderdate >= '1993-09-01'::date) AND (o_orderdate < '1993-12-01 00:00:00'::timestamp without time zone))","Rows Removed by Index Recheck": 0,"Exact Heap Blocks": 5541,"Lossy Heap Blocks": 0,"Workers": [],"Plans": [{"Node Type": "Bitmap Index Scan","Parent Relationship": "Outer","Parallel Aware": false,"Async Capable": false,"Index Name": "idx_orders_orderdate","Startup Cost": 0.00,"Total Cost": 772.28,"Plan Rows": 56785,"Plan Width": 0,"Actual Startup Time": 9.025,"Actual Total Time": 9.027,"Actual Rows": 56592,"Actual Loops": 1,"Index Cond": "((o_orderdate >= '1993-09-01'::date) AND (o_orderdate < '1993-12-01 00:00:00'::timestamp without time zone))","Workers": []}]},{"Node Type": "Index Scan","Parent Relationship": "Inner","Parallel Aware": false,"Async Capable": false,"Scan Direction": "Forward","Index Name": "idx_lineitem_orderkey","Relation Name": "lineitem","Alias": "lineitem","Startup Cost": 0.43,"Total Cost": 4.64,"Plan Rows": 6,"Plan Width": 4,"Actual Startup Time": 0.009,"Actual Total Time": 0.009,"Actual Rows": 1,"Actual Loops": 56592,"Index Cond": "(l_orderkey = orders.o_orderkey)","Rows Removed by Index Recheck": 0,"Filter": "(l_commitdate < l_receiptdate)","Rows Removed by Filter": 1,"Workers": []}]}]}]}]}]},"Planning Time": 5.170,"Triggers": [],"Execution Time": 231.369}]
[{"Plan": {"Node Type": "Aggregate","Strategy": "Sorted","Partial Mode": "Finalize","Parallel Aware": false,"Async Capable": false,"Startup Cost": 52959.57,"Total Cost": 52996.16,"Plan Rows": 5,"Plan Width": 24,"Actual Startup Time": 209.033,"Actual Total Time": 233.672,"Actual Rows": 5,"Actual Loops": 1,"Group Key": ["orders.o_orderpriority"],"Plans": [{"Node Type": "Gather Merge","Parent Relationship": "Outer","Parallel Aware": false,"Async Capable": false,"Startup Cost": 52959.57,"Total Cost": 52996.04,"Plan Rows": 15,"Plan Width": 24,"Actual Startup Time": 208.622,"Actual Total Time": 233.645,"Actual Rows": 20,"Actual Loops": 1,"Workers Planned": 3,"Workers Launched": 3,"Plans": [{"Node Type": "Aggregate","Strategy": "Sorted","Partial Mode": "Partial","Parent Relationship": "Outer","Parallel Aware": false,"Async Capable": false,"Startup Cost": 51959.53,"Total Cost": 51994.23,"Plan Rows": 5,"Plan Width": 24,"Actual Startup Time": 199.783,"Actual Total Time": 201.045,"Actual Rows": 5,"Actual Loops": 4,"Group Key": ["orders.o_orderpriority"],"Workers": [],"Plans": [{"Node Type": "Sort","Parent Relationship": "Outer","Parallel Aware": false,"Async Capable": false,"Startup Cost": 51959.53,"Total Cost": 51971.08,"Plan Rows": 4620,"Plan Width": 16,"Actual Startup Time": 199.445,"Actual Total Time": 199.958,"Actual Rows": 13257,"Actual Loops": 4,"Sort Key": ["orders.o_orderpriority"],"Sort Method": "quicksort","Sort Space Used": 1102,"Sort Space Type": "Memory","Workers": [{"Worker Number": 0,"Sort Method": "quicksort","Sort Space Used": 1125,"Sort Space Type": "Memory"},{"Worker Number": 1,"Sort Method": "quicksort","Sort Space Used": 1082,"Sort Space Type": "Memory"},{"Worker Number": 2,"Sort Method": "quicksort","Sort Space Used": 1129,"Sort Space Type": "Memory"}],"Plans": [{"Node Type": "Nested Loop","Parent Relationship": "Outer","Parallel Aware": false,"Async Capable": false,"Join Type": "Semi","Startup Cost": 834.97,"Total Cost": 51678.32,"Plan Rows": 4620,"Plan Width": 16,"Actual Startup Time": 5.409,"Actual Total Time": 193.022,"Actual Rows": 13257,"Actual Loops": 4,"Inner Unique": false,"Workers": [],"Plans": [{"Node Type": "Bitmap Heap Scan","Parent Relationship": "Outer","Parallel Aware": true,"Async Capable": false,"Relation Name": "orders","Alias": "orders","Startup Cost": 834.53,"Total Cost": 27221.32,"Plan Rows": 19452,"Plan Width": 20,"Actual Startup Time": 5.281,"Actual Total Time": 56.264,"Actual Rows": 14475,"Actual Loops": 4,"Recheck Cond": "((o_orderdate >= '1997-05-01'::date) AND (o_orderdate < '1997-08-01 00:00:00'::timestamp without time zone))","Rows Removed by Index Recheck": 0,"Exact Heap Blocks": 5770,"Lossy Heap Blocks": 0,"Workers": [],"Plans": [{"Node Type": "Bitmap Index Scan","Parent Relationship": "Outer","Parallel Aware": false,"Async Capable": false,"Index Name": "idx_orders_orderdate","Startup Cost": 0.00,"Total Cost": 819.46,"Plan Rows": 60303,"Plan Width": 0,"Actual Startup Time": 8.646,"Actual Total Time": 8.646,"Actual Rows": 57901,"Actual Loops": 1,"Index Cond": "((o_orderdate >= '1997-05-01'::date) AND (o_orderdate < '1997-08-01 00:00:00'::timestamp without time zone))","Workers": []}]},{"Node Type": "Index Scan","Parent Relationship": "Inner","Parallel Aware": false,"Async Capable": false,"Scan Direction": "Forward","Index Name": "idx_lineitem_orderkey","Relation Name": "lineitem","Alias": "lineitem","Startup Cost": 0.43,"Total Cost": 4.56,"Plan Rows": 6,"Plan Width": 4,"Actual Startup Time": 0.009,"Actual Total Time": 0.009,"Actual Rows": 1,"Actual Loops": 57901,"Index Cond": "(l_orderkey = orders.o_orderkey)","Rows Removed by Index Recheck": 0,"Filter": "(l_commitdate < l_receiptdate)","Rows Removed by Filter": 1,"Workers": []}]}]}]}]}]},"Planning Time": 4.687,"Triggers": [],"Execution Time": 234.385}]
[{"Plan": {"Node Type": "Aggregate","Strategy": "Sorted","Partial Mode": "Finalize","Parallel Aware": false,"Async Capable": false,"Startup Cost": 51603.08,"Total Cost": 51637.43,"Plan Rows": 5,"Plan Width": 24,"Actual Startup Time": 206.486,"Actual Total Time": 231.871,"Actual Rows": 5,"Actual Loops": 1,"Group Key": ["orders.o_orderpriority"],"Plans": [{"Node Type": "Gather Merge","Parent Relationship": "Outer","Parallel Aware": false,"Async Capable": false,"Startup Cost": 51603.08,"Total Cost": 51637.31,"Plan Rows": 15,"Plan Width": 24,"Actual Startup Time": 206.081,"Actual Total Time": 231.843,"Actual Rows": 20,"Actual Loops": 1,"Workers Planned": 3,"Workers Launched": 3,"Plans": [{"Node Type": "Aggregate","Strategy": "Sorted","Partial Mode": "Partial","Parent Relationship": "Outer","Parallel Aware": false,"Async Capable": false,"Startup Cost": 50603.04,"Total Cost": 50635.51,"Plan Rows": 5,"Plan Width": 24,"Actual Startup Time": 197.360,"Actual Total Time": 198.642,"Actual Rows": 5,"Actual Loops": 4,"Group Key": ["orders.o_orderpriority"],"Workers": [],"Plans": [{"Node Type": "Sort","Parent Relationship": "Outer","Parallel Aware": false,"Async Capable": false,"Startup Cost": 50603.04,"Total Cost": 50613.85,"Plan Rows": 4322,"Plan Width": 16,"Actual Startup Time": 197.017,"Actual Total Time": 197.567,"Actual Rows": 13131,"Actual Loops": 4,"Sort Key": ["orders.o_orderpriority"],"Sort Method": "quicksort","Sort Space Used": 1089,"Sort Space Type": "Memory","Workers": [{"Worker Number": 0,"Sort Method": "quicksort","Sort Space Used": 1120,"Sort Space Type": "Memory"},{"Worker Number": 1,"Sort Method": "quicksort","Sort Space Used": 1083,"Sort Space Type": "Memory"},{"Worker Number": 2,"Sort Method": "quicksort","Sort Space Used": 1118,"Sort Space Type": "Memory"}],"Plans": [{"Node Type": "Nested Loop","Parent Relationship": "Outer","Parallel Aware": false,"Async Capable": false,"Join Type": "Semi","Startup Cost": 779.09,"Total Cost": 50342.05,"Plan Rows": 4322,"Plan Width": 16,"Actual Startup Time": 4.937,"Actual Total Time": 190.619,"Actual Rows": 13131,"Actual Loops": 4,"Inner Unique": false,"Workers": [],"Plans": [{"Node Type": "Bitmap Heap Scan","Parent Relationship": "Outer","Parallel Aware": true,"Async Capable": false,"Relation Name": "orders","Alias": "orders","Startup Cost": 778.66,"Total Cost": 27146.63,"Plan Rows": 18198,"Plan Width": 20,"Actual Startup Time": 4.811,"Actual Total Time": 55.616,"Actual Rows": 14304,"Actual Loops": 4,"Recheck Cond": "((o_orderdate >= '1993-07-01'::date) AND (o_orderdate < '1993-10-01 00:00:00'::timestamp without time zone))","Rows Removed by Index Recheck": 0,"Exact Heap Blocks": 5709,"Lossy Heap Blocks": 0,"Workers": [],"Plans": [{"Node Type": "Bitmap Index Scan","Parent Relationship": "Outer","Parallel Aware": false,"Async Capable": false,"Index Name": "idx_orders_orderdate","Startup Cost": 0.00,"Total Cost": 764.56,"Plan Rows": 56413,"Plan Width": 0,"Actual Startup Time": 8.166,"Actual Total Time": 8.170,"Actual Rows": 57218,"Actual Loops": 1,"Index Cond": "((o_orderdate >= '1993-07-01'::date) AND (o_orderdate < '1993-10-01 00:00:00'::timestamp without time zone))","Workers": []}]},{"Node Type": "Index Scan","Parent Relationship": "Inner","Parallel Aware": false,"Async Capable": false,"Scan Direction": "Forward","Index Name": "idx_lineitem_orderkey","Relation Name": "lineitem","Alias": "lineitem","Startup Cost": 0.43,"Total Cost": 4.64,"Plan Rows": 6,"Plan Width": 4,"Actual Startup Time": 0.009,"Actual Total Time": 0.009,"Actual Rows": 1,"Actual Loops": 57218,"Index Cond": "(l_orderkey = orders.o_orderkey)","Rows Removed by Index Recheck": 0,"Filter": "(l_commitdate < l_receiptdate)","Rows Removed by Filter": 1,"Workers": []}]}]}]}]}]},"Planning Time": 4.369,"Triggers": [],"Execution Time": 232.584}]
[{"Plan": {"Node Type": "Aggregate","Strategy": "Sorted","Partial Mode": "Finalize","Parallel Aware": false,"Async Capable": false,"Startup Cost": 51940.16,"Total Cost": 51975.07,"Plan Rows": 5,"Plan Width": 24,"Actual Startup Time": 211.263,"Actual Total Time": 234.879,"Actual Rows": 5,"Actual Loops": 1,"Group Key": ["orders.o_orderpriority"],"Plans": [{"Node Type": "Gather Merge","Parent Relationship": "Outer","Parallel Aware": false,"Async Capable": false,"Startup Cost": 51940.16,"Total Cost": 51974.94,"Plan Rows": 15,"Plan Width": 24,"Actual Startup Time": 210.877,"Actual Total Time": 234.864,"Actual Rows": 20,"Actual Loops": 1,"Workers Planned": 3,"Workers Launched": 3,"Plans": [{"Node Type": "Aggregate","Strategy": "Sorted","Partial Mode": "Partial","Parent Relationship": "Outer","Parallel Aware": false,"Async Capable": false,"Startup Cost": 50940.12,"Total Cost": 50973.14,"Plan Rows": 5,"Plan Width": 24,"Actual Startup Time": 202.192,"Actual Total Time": 203.439,"Actual Rows": 5,"Actual Loops": 4,"Group Key": ["orders.o_orderpriority"],"Workers": [],"Plans": [{"Node Type": "Sort","Parent Relationship": "Outer","Parallel Aware": false,"Async Capable": false,"Startup Cost": 50940.12,"Total Cost": 50951.11,"Plan Rows": 4396,"Plan Width": 16,"Actual Startup Time": 201.842,"Actual Total Time": 202.379,"Actual Rows": 12924,"Actual Loops": 4,"Sort Key": ["orders.o_orderpriority"],"Sort Method": "quicksort","Sort Space Used": 1100,"Sort Space Type": "Memory","Workers": [{"Worker Number": 0,"Sort Method": "quicksort","Sort Space Used": 1089,"Sort Space Type": "Memory"},{"Worker Number": 1,"Sort Method": "quicksort","Sort Space Used": 1093,"Sort Space Type": "Memory"},{"Worker Number": 2,"Sort Method": "quicksort","Sort Space Used": 1083,"Sort Space Type": "Memory"}],"Plans": [{"Node Type": "Nested Loop","Parent Relationship": "Outer","Parallel Aware": false,"Async Capable": false,"Join Type": "Semi","Startup Cost": 792.95,"Total Cost": 50674.12,"Plan Rows": 4396,"Plan Width": 16,"Actual Startup Time": 4.945,"Actual Total Time": 195.397,"Actual Rows": 12924,"Actual Loops": 4,"Inner Unique": false,"Workers": [],"Plans": [{"Node Type": "Bitmap Heap Scan","Parent Relationship": "Outer","Parallel Aware": true,"Async Capable": false,"Relation Name": "orders","Alias": "orders","Startup Cost": 792.52,"Total Cost": 27165.14,"Plan Rows": 18508,"Plan Width": 20,"Actual Startup Time": 4.819,"Actual Total Time": 58.917,"Actual Rows": 14087,"Actual Loops": 4,"Recheck Cond": "((o_orderdate >= '1994-01-01'::date) AND (o_orderdate < '1994-04-01 00:00:00'::timestamp without time zone))","Rows Removed by Index Recheck": 0,"Exact Heap Blocks": 5893,"Lossy Heap Blocks": 0,"Workers": [],"Plans": [{"Node Type": "Bitmap Index Scan","Parent Relationship": "Outer","Parallel Aware": false,"Async Capable": false,"Index Name": "idx_orders_orderdate","Startup Cost": 0.00,"Total Cost": 778.18,"Plan Rows": 57375,"Plan Width": 0,"Actual Startup Time": 8.242,"Actual Total Time": 8.244,"Actual Rows": 56349,"Actual Loops": 1,"Index Cond": "((o_orderdate >= '1994-01-01'::date) AND (o_orderdate < '1994-04-01 00:00:00'::timestamp without time zone))","Workers": []}]},{"Node Type": "Index Scan","Parent Relationship": "Inner","Parallel Aware": false,"Async Capable": false,"Scan Direction": "Forward","Index Name": "idx_lineitem_orderkey","Relation Name": "lineitem","Alias": "lineitem","Startup Cost": 0.43,"Total Cost": 4.62,"Plan Rows": 6,"Plan Width": 4,"Actual Startup Time": 0.009,"Actual Total Time": 0.009,"Actual Rows": 1,"Actual Loops": 56349,"Index Cond": "(l_orderkey = orders.o_orderkey)","Rows Removed by Index Recheck": 0,"Filter": "(l_commitdate < l_receiptdate)","Rows Removed by Filter": 1,"Workers": []}]}]}]}]}]},"Planning Time": 4.809,"Triggers": [],"Execution Time": 235.387}]
[{"Plan": {"Node Type": "Aggregate","Strategy": "Sorted","Partial Mode": "Finalize","Parallel Aware": false,"Async Capable": false,"Startup Cost": 52255.71,"Total Cost": 52291.13,"Plan Rows": 5,"Plan Width": 24,"Actual Startup Time": 211.972,"Actual Total Time": 236.561,"Actual Rows": 5,"Actual Loops": 1,"Group Key": ["orders.o_orderpriority"],"Plans": [{"Node Type": "Gather Merge","Parent Relationship": "Outer","Parallel Aware": false,"Async Capable": false,"Startup Cost": 52255.71,"Total Cost": 52291.01,"Plan Rows": 15,"Plan Width": 24,"Actual Startup Time": 211.618,"Actual Total Time": 236.530,"Actual Rows": 20,"Actual Loops": 1,"Workers Planned": 3,"Workers Launched": 3,"Plans": [{"Node Type": "Aggregate","Strategy": "Sorted","Partial Mode": "Partial","Parent Relationship": "Outer","Parallel Aware": false,"Async Capable": false,"Startup Cost": 51255.67,"Total Cost": 51289.20,"Plan Rows": 5,"Plan Width": 24,"Actual Startup Time": 202.468,"Actual Total Time": 203.726,"Actual Rows": 5,"Actual Loops": 4,"Group Key": ["orders.o_orderpriority"],"Workers": [],"Plans": [{"Node Type": "Sort","Parent Relationship": "Outer","Parallel Aware": false,"Async Capable": false,"Startup Cost": 51255.67,"Total Cost": 51266.83,"Plan Rows": 4465,"Plan Width": 16,"Actual Startup Time": 202.127,"Actual Total Time": 202.650,"Actual Rows": 13181,"Actual Loops": 4,"Sort Key": ["orders.o_orderpriority"],"Sort Method": "quicksort","Sort Space Used": 1096,"Sort Space Type": "Memory","Workers": [{"Worker Number": 0,"Sort Method": "quicksort","Sort Space Used": 1118,"Sort Space Type": "Memory"},{"Worker Number": 1,"Sort Method": "quicksort","Sort Space Used": 1123,"Sort Space Type": "Memory"},{"Worker Number": 2,"Sort Method": "quicksort","Sort Space Used": 1084,"Sort Space Type": "Memory"}],"Plans": [{"Node Type": "Nested Loop","Parent Relationship": "Outer","Parallel Aware": false,"Async Capable": false,"Join Type": "Semi","Startup Cost": 806.21,"Total Cost": 50984.99,"Plan Rows": 4465,"Plan Width": 16,"Actual Startup Time": 5.123,"Actual Total Time": 195.709,"Actual Rows": 13181,"Actual Loops": 4,"Inner Unique": false,"Workers": [],"Plans": [{"Node Type": "Bitmap Heap Scan","Parent Relationship": "Outer","Parallel Aware": true,"Async Capable": false,"Relation Name": "orders","Alias": "orders","Startup Cost": 805.78,"Total Cost": 27182.77,"Plan Rows": 18799,"Plan Width": 20,"Actual Startup Time": 5.001,"Actual Total Time": 57.882,"Actual Rows": 14368,"Actual Loops": 4,"Recheck Cond": "((o_orderdate >= '1994-06-01'::date) AND (o_orderdate < '1994-09-01 00:00:00'::timestamp without time zone))","Rows Removed by Index Recheck": 0,"Exact Heap Blocks": 5811,"Lossy Heap Blocks": 0,"Workers": [],"Plans": [{"Node Type": "Bitmap Index Scan","Parent Relationship": "Outer","Parallel Aware": false,"Async Capable": false,"Index Name": "idx_orders_orderdate","Startup Cost": 0.00,"Total Cost": 791.21,"Plan Rows": 58278,"Plan Width": 0,"Actual Startup Time": 8.690,"Actual Total Time": 8.694,"Actual Rows": 57474,"Actual Loops": 1,"Index Cond": "((o_orderdate >= '1994-06-01'::date) AND (o_orderdate < '1994-09-01 00:00:00'::timestamp without time zone))","Workers": []}]},{"Node Type": "Index Scan","Parent Relationship": "Inner","Parallel Aware": false,"Async Capable": false,"Scan Direction": "Forward","Index Name": "idx_lineitem_orderkey","Relation Name": "lineitem","Alias": "lineitem","Startup Cost": 0.43,"Total Cost": 4.60,"Plan Rows": 6,"Plan Width": 4,"Actual Startup Time": 0.009,"Actual Total Time": 0.009,"Actual Rows": 1,"Actual Loops": 57474,"Index Cond": "(l_orderkey = orders.o_orderkey)","Rows Removed by Index Recheck": 0,"Filter": "(l_commitdate < l_receiptdate)","Rows Removed by Filter": 1,"Workers": []}]}]}]}]}]},"Planning Time": 5.449,"Triggers": [],"Execution Time": 237.068}]
[{"Plan": {"Node Type": "Aggregate","Strategy": "Sorted","Partial Mode": "Finalize","Parallel Aware": false,"Async Capable": false,"Startup Cost": 52110.38,"Total Cost": 52145.56,"Plan Rows": 5,"Plan Width": 24,"Actual Startup Time": 207.799,"Actual Total Time": 232.338,"Actual Rows": 5,"Actual Loops": 1,"Group Key": ["orders.o_orderpriority"],"Plans": [{"Node Type": "Gather Merge","Parent Relationship": "Outer","Parallel Aware": false,"Async Capable": false,"Startup Cost": 52110.38,"Total Cost": 52145.44,"Plan Rows": 15,"Plan Width": 24,"Actual Startup Time": 207.395,"Actual Total Time": 232.308,"Actual Rows": 20,"Actual Loops": 1,"Workers Planned": 3,"Workers Launched": 3,"Plans": [{"Node Type": "Aggregate","Strategy": "Sorted","Partial Mode": "Partial","Parent Relationship": "Outer","Parallel Aware": false,"Async Capable": false,"Startup Cost": 51110.34,"Total Cost": 51143.64,"Plan Rows": 5,"Plan Width": 24,"Actual Startup Time": 198.996,"Actual Total Time": 200.262,"Actual Rows": 5,"Actual Loops": 4,"Group Key": ["orders.o_orderpriority"],"Workers": [],"Plans": [{"Node Type": "Sort","Parent Relationship": "Outer","Parallel Aware": false,"Async Capable": false,"Startup Cost": 51110.34,"Total Cost": 51121.42,"Plan Rows": 4433,"Plan Width": 16,"Actual Startup Time": 198.663,"Actual Total Time": 199.184,"Actual Rows": 13136,"Actual Loops": 4,"Sort Key": ["orders.o_orderpriority"],"Sort Method": "quicksort","Sort Space Used": 1098,"Sort Space Type": "Memory","Workers": [{"Worker Number": 0,"Sort Method": "quicksort","Sort Space Used": 1102,"Sort Space Type": "Memory"},{"Worker Number": 1,"Sort Method": "quicksort","Sort Space Used": 1095,"Sort Space Type": "Memory"},{"Worker Number": 2,"Sort Method": "quicksort","Sort Space Used": 1117,"Sort Space Type": "Memory"}],"Plans": [{"Node Type": "Nested Loop","Parent Relationship": "Outer","Parallel Aware": false,"Async Capable": false,"Join Type": "Semi","Startup Cost": 801.88,"Total Cost": 50841.83,"Plan Rows": 4433,"Plan Width": 16,"Actual Startup Time": 5.393,"Actual Total Time": 192.263,"Actual Rows": 13136,"Actual Loops": 4,"Inner Unique": false,"Workers": [],"Plans": [{"Node Type": "Bitmap Heap Scan","Parent Relationship": "Outer","Parallel Aware": true,"Async Capable": false,"Relation Name": "orders","Alias": "orders","Startup Cost": 801.45,"Total Cost": 27176.40,"Plan Rows": 18663,"Plan Width": 20,"Actual Startup Time": 5.231,"Actual Total Time": 56.374,"Actual Rows": 14326,"Actual Loops": 4,"Recheck Cond": "((o_orderdate >= '1997-10-01'::date) AND (o_orderdate < '1998-01-01 00:00:00'::timestamp without time zone))","Rows Removed by Index Recheck": 0,"Exact Heap Blocks": 5845,"Lossy Heap Blocks": 0,"Workers": [],"Plans": [{"Node Type": "Bitmap Index Scan","Parent Relationship": "Outer","Parallel Aware": false,"Async Capable": false,"Index Name": "idx_orders_orderdate","Startup Cost": 0.00,"Total Cost": 786.99,"Plan Rows": 57856,"Plan Width": 0,"Actual Startup Time": 8.327,"Actual Total Time": 8.329,"Actual Rows": 57306,"Actual Loops": 1,"Index Cond": "((o_orderdate >= '1997-10-01'::date) AND (o_orderdate < '1998-01-01 00:00:00'::timestamp without time zone))","Workers": []}]},{"Node Type": "Index Scan","Parent Relationship": "Inner","Parallel Aware": false,"Async Capable": false,"Scan Direction": "Forward","Index Name": "idx_lineitem_orderkey","Relation Name": "lineitem","Alias": "lineitem","Startup Cost": 0.43,"Total Cost": 4.61,"Plan Rows": 6,"Plan Width": 4,"Actual Startup Time": 0.009,"Actual Total Time": 0.009,"Actual Rows": 1,"Actual Loops": 57306,"Index Cond": "(l_orderkey = orders.o_orderkey)","Rows Removed by Index Recheck": 0,"Filter": "(l_commitdate < l_receiptdate)","Rows Removed by Filter": 1,"Workers": []}]}]}]}]}]},"Planning Time": 4.856,"Triggers": [],"Execution Time": 233.068}]
[{"Plan": {"Node Type": "Aggregate","Strategy": "Sorted","Partial Mode": "Finalize","Parallel Aware": false,"Async Capable": false,"Startup Cost": 51864.76,"Total Cost": 51899.54,"Plan Rows": 5,"Plan Width": 24,"Actual Startup Time": 210.561,"Actual Total Time": 233.743,"Actual Rows": 5,"Actual Loops": 1,"Group Key": ["orders.o_orderpriority"],"Plans": [{"Node Type": "Gather Merge","Parent Relationship": "Outer","Parallel Aware": false,"Async Capable": false,"Startup Cost": 51864.76,"Total Cost": 51899.42,"Plan Rows": 15,"Plan Width": 24,"Actual Startup Time": 210.161,"Actual Total Time": 233.716,"Actual Rows": 20,"Actual Loops": 1,"Workers Planned": 3,"Workers Launched": 3,"Plans": [{"Node Type": "Aggregate","Strategy": "Sorted","Partial Mode": "Partial","Parent Relationship": "Outer","Parallel Aware": false,"Async Capable": false,"Startup Cost": 50864.72,"Total Cost": 50897.62,"Plan Rows": 5,"Plan Width": 24,"Actual Startup Time": 201.103,"Actual Total Time": 202.367,"Actual Rows": 5,"Actual Loops": 4,"Group Key": ["orders.o_orderpriority"],"Workers": [],"Plans": [{"Node Type": "Sort","Parent Relationship": "Outer","Parallel Aware": false,"Async Capable": false,"Startup Cost": 50864.72,"Total Cost": 50875.67,"Plan Rows": 4379,"Plan Width": 16,"Actual Startup Time": 200.748,"Actual Total Time": 201.299,"Actual Rows": 12819,"Actual Loops": 4,"Sort Key": ["orders.o_orderpriority"],"Sort Method": "quicksort","Sort Space Used": 1097,"Sort Space Type": "Memory","Workers": [{"Worker Number": 0,"Sort Method": "quicksort","Sort Space Used": 1078,"Sort Space Type": "Memory"},{"Worker Number": 1,"Sort Method": "quicksort","Sort Space Used": 1085,"Sort Space Type": "Memory"},{"Worker Number": 2,"Sort Method": "quicksort","Sort Space Used": 1081,"Sort Space Type": "Memory"}],"Plans": [{"Node Type": "Nested Loop","Parent Relationship": "Outer","Parallel Aware": false,"Async Capable": false,"Join Type": "Semi","Startup Cost": 790.72,"Total Cost": 50599.87,"Plan Rows": 4379,"Plan Width": 16,"Actual Startup Time": 4.801,"Actual Total Time": 194.295,"Actual Rows": 12819,"Actual Loops": 4,"Inner Unique": false,"Workers": [],"Plans": [{"Node Type": "Bitmap Heap Scan","Parent Relationship": "Outer","Parallel Aware": true,"Async Capable": false,"Relation Name": "orders","Alias": "orders","Startup Cost": 790.29,"Total Cost": 27161.85,"Plan Rows": 18438,"Plan Width": 20,"Actual Startup Time": 4.680,"Actual Total Time": 58.556,"Actual Rows": 13984,"Actual Loops": 4,"Recheck Cond": "((o_orderdate >= '1995-02-01'::date) AND (o_orderdate < '1995-05-01 00:00:00'::timestamp without time zone))","Rows Removed by Index Recheck": 0,"Exact Heap Blocks": 5872,"Lossy Heap Blocks": 0,"Workers": [],"Plans": [{"Node Type": "Bitmap Index Scan","Parent Relationship": "Outer","Parallel Aware": false,"Async Capable": false,"Index Name": "idx_orders_orderdate","Startup Cost": 0.00,"Total Cost": 776.00,"Plan Rows": 57157,"Plan Width": 0,"Actual Startup Time": 8.337,"Actual Total Time": 8.338,"Actual Rows": 55935,"Actual Loops": 1,"Index Cond": "((o_orderdate >= '1995-02-01'::date) AND (o_orderdate < '1995-05-01 00:00:00'::timestamp without time zone))","Workers": []}]},{"Node Type": "Index Scan","Parent Relationship": "Inner","Parallel Aware": false,"Async Capable": false,"Scan Direction": "Forward","Index Name": "idx_lineitem_orderkey","Relation Name": "lineitem","Alias": "lineitem","Startup Cost": 0.43,"Total Cost": 4.63,"Plan Rows": 6,"Plan Width": 4,"Actual Startup Time": 0.009,"Actual Total Time": 0.009,"Actual Rows": 1,"Actual Loops": 55935,"Index Cond": "(l_orderkey = orders.o_orderkey)","Rows Removed by Index Recheck": 0,"Filter": "(l_commitdate < l_receiptdate)","Rows Removed by Filter": 1,"Workers": []}]}]}]}]}]},"Planning Time": 5.194,"Triggers": [],"Execution Time": 234.327}]
[{"Plan": {"Node Type": "Aggregate","Strategy": "Sorted","Partial Mode": "Finalize","Parallel Aware": false,"Async Capable": false,"Startup Cost": 51903.92,"Total Cost": 51938.77,"Plan Rows": 5,"Plan Width": 24,"Actual Startup Time": 219.933,"Actual Total Time": 243.587,"Actual Rows": 5,"Actual Loops": 1,"Group Key": ["orders.o_orderpriority"],"Plans": [{"Node Type": "Gather Merge","Parent Relationship": "Outer","Parallel Aware": false,"Async Capable": false,"Startup Cost": 51903.92,"Total Cost": 51938.64,"Plan Rows": 15,"Plan Width": 24,"Actual Startup Time": 219.614,"Actual Total Time": 243.560,"Actual Rows": 20,"Actual Loops": 1,"Workers Planned": 3,"Workers Launched": 3,"Plans": [{"Node Type": "Aggregate","Strategy": "Sorted","Partial Mode": "Partial","Parent Relationship": "Outer","Parallel Aware": false,"Async Capable": false,"Startup Cost": 50903.88,"Total Cost": 50936.84,"Plan Rows": 5,"Plan Width": 24,"Actual Startup Time": 209.332,"Actual Total Time": 210.717,"Actual Rows": 5,"Actual Loops": 4,"Group Key": ["orders.o_orderpriority"],"Workers": [],"Plans": [{"Node Type": "Sort","Parent Relationship": "Outer","Parallel Aware": false,"Async Capable": false,"Startup Cost": 50903.88,"Total Cost": 50914.85,"Plan Rows": 4388,"Plan Width": 16,"Actual Startup Time": 208.936,"Actual Total Time": 209.559,"Actual Rows": 13145,"Actual Loops": 4,"Sort Key": ["orders.o_orderpriority"],"Sort Method": "quicksort","Sort Space Used": 1056,"Sort Space Type": "Memory","Workers": [{"Worker Number": 0,"Sort Method": "quicksort","Sort Space Used": 1143,"Sort Space Type": "Memory"},{"Worker Number": 1,"Sort Method": "quicksort","Sort Space Used": 1078,"Sort Space Type": "Memory"},{"Worker Number": 2,"Sort Method": "quicksort","Sort Space Used": 1136,"Sort Space Type": "Memory"}],"Plans": [{"Node Type": "Nested Loop","Parent Relationship": "Outer","Parallel Aware": false,"Async Capable": false,"Join Type": "Semi","Startup Cost": 791.87,"Total Cost": 50638.42,"Plan Rows": 4388,"Plan Width": 16,"Actual Startup Time": 4.667,"Actual Total Time": 202.314,"Actual Rows": 13145,"Actual Loops": 4,"Inner Unique": false,"Workers": [],"Plans": [{"Node Type": "Bitmap Heap Scan","Parent Relationship": "Outer","Parallel Aware": true,"Async Capable": false,"Relation Name": "orders","Alias": "orders","Startup Cost": 791.43,"Total Cost": 27163.54,"Plan Rows": 18474,"Plan Width": 20,"Actual Startup Time": 4.529,"Actual Total Time": 59.423,"Actual Rows": 14339,"Actual Loops": 4,"Recheck Cond": "((o_orderdate >= '1996-11-01'::date) AND (o_orderdate < '1997-02-01 00:00:00'::timestamp without time zone))","Rows Removed by Index Recheck": 0,"Exact Heap Blocks": 5432,"Lossy Heap Blocks": 0,"Workers": [],"Plans": [{"Node Type": "Bitmap Index Scan","Parent Relationship": "Outer","Parallel Aware": false,"Async Capable": false,"Index Name": "idx_orders_orderdate","Startup Cost": 0.00,"Total Cost": 777.12,"Plan Rows": 57269,"Plan Width": 0,"Actual Startup Time": 8.530,"Actual Total Time": 8.532,"Actual Rows": 57355,"Actual Loops": 1,"Index Cond": "((o_orderdate >= '1996-11-01'::date) AND (o_orderdate < '1997-02-01 00:00:00'::timestamp without time zone))","Workers": []}]},{"Node Type": "Index Scan","Parent Relationship": "Inner","Parallel Aware": false,"Async Capable": false,"Scan Direction": "Forward","Index Name": "idx_lineitem_orderkey","Relation Name": "lineitem","Alias": "lineitem","Startup Cost": 0.43,"Total Cost": 4.63,"Plan Rows": 6,"Plan Width": 4,"Actual Startup Time": 0.010,"Actual Total Time": 0.010,"Actual Rows": 1,"Actual Loops": 57355,"Index Cond": "(l_orderkey = orders.o_orderkey)","Rows Removed by Index Recheck": 0,"Filter": "(l_commitdate < l_receiptdate)","Rows Removed by Filter": 1,"Workers": []}]}]}]}]}]},"Planning Time": 4.997,"Triggers": [],"Execution Time": 244.179}]
[{"Plan": {"Node Type": "Aggregate","Strategy": "Sorted","Partial Mode": "Finalize","Parallel Aware": false,"Async Capable": false,"Startup Cost": 51000.15,"Total Cost": 51033.51,"Plan Rows": 5,"Plan Width": 24,"Actual Startup Time": 209.454,"Actual Total Time": 233.083,"Actual Rows": 5,"Actual Loops": 1,"Group Key": ["orders.o_orderpriority"],"Plans": [{"Node Type": "Gather Merge","Parent Relationship": "Outer","Parallel Aware": false,"Async Capable": false,"Startup Cost": 51000.15,"Total Cost": 51033.39,"Plan Rows": 15,"Plan Width": 24,"Actual Startup Time": 209.023,"Actual Total Time": 233.061,"Actual Rows": 20,"Actual Loops": 1,"Workers Planned": 3,"Workers Launched": 3,"Plans": [{"Node Type": "Aggregate","Strategy": "Sorted","Partial Mode": "Partial","Parent Relationship": "Outer","Parallel Aware": false,"Async Capable": false,"Startup Cost": 50000.11,"Total Cost": 50031.58,"Plan Rows": 5,"Plan Width": 24,"Actual Startup Time": 200.427,"Actual Total Time": 201.671,"Actual Rows": 5,"Actual Loops": 4,"Group Key": ["orders.o_orderpriority"],"Workers": [],"Plans": [{"Node Type": "Sort","Parent Relationship": "Outer","Parallel Aware": false,"Async Capable": false,"Startup Cost": 50000.11,"Total Cost": 50010.58,"Plan Rows": 4190,"Plan Width": 16,"Actual Startup Time": 200.064,"Actual Total Time": 200.592,"Actual Rows": 13087,"Actual Loops": 4,"Sort Key": ["orders.o_orderpriority"],"Sort Method": "quicksort","Sort Space Used": 1111,"Sort Space Type": "Memory","Workers": [{"Worker Number": 0,"Sort Method": "quicksort","Sort Space Used": 1092,"Sort Space Type": "Memory"},{"Worker Number": 1,"Sort Method": "quicksort","Sort Space Used": 1104,"Sort Space Type": "Memory"},{"Worker Number": 2,"Sort Method": "quicksort","Sort Space Used": 1093,"Sort Space Type": "Memory"}],"Plans": [{"Node Type": "Nested Loop","Parent Relationship": "Outer","Parallel Aware": false,"Async Capable": false,"Join Type": "Semi","Startup Cost": 757.46,"Total Cost": 49748.02,"Plan Rows": 4190,"Plan Width": 16,"Actual Startup Time": 4.791,"Actual Total Time": 193.653,"Actual Rows": 13087,"Actual Loops": 4,"Inner Unique": false,"Workers": [],"Plans": [{"Node Type": "Bitmap Heap Scan","Parent Relationship": "Outer","Parallel Aware": true,"Async Capable": false,"Relation Name": "orders","Alias": "orders","Startup Cost": 757.03,"Total Cost": 27116.67,"Plan Rows": 17643,"Plan Width": 20,"Actual Startup Time": 4.686,"Actual Total Time": 58.677,"Actual Rows": 14273,"Actual Loops": 4,"Recheck Cond": "((o_orderdate >= '1993-05-01'::date) AND (o_orderdate < '1993-08-01 00:00:00'::timestamp without time zone))","Rows Removed by Index Recheck": 0,"Exact Heap Blocks": 5931,"Lossy Heap Blocks": 0,"Workers": [],"Plans": [{"Node Type": "Bitmap Index Scan","Parent Relationship": "Outer","Parallel Aware": false,"Async Capable": false,"Index Name": "idx_orders_orderdate","Startup Cost": 0.00,"Total Cost": 743.36,"Plan Rows": 54693,"Plan Width": 0,"Actual Startup Time": 8.053,"Actual Total Time": 8.053,"Actual Rows": 57093,"Actual Loops": 1,"Index Cond": "((o_orderdate >= '1993-05-01'::date) AND (o_orderdate < '1993-08-01 00:00:00'::timestamp without time zone))","Workers": []}]},{"Node Type": "Index Scan","Parent Relationship": "Inner","Parallel Aware": false,"Async Capable": false,"Scan Direction": "Forward","Index Name": "idx_lineitem_orderkey","Relation Name": "lineitem","Alias": "lineitem","Startup Cost": 0.43,"Total Cost": 4.69,"Plan Rows": 6,"Plan Width": 4,"Actual Startup Time": 0.009,"Actual Total Time": 0.009,"Actual Rows": 1,"Actual Loops": 57093,"Index Cond": "(l_orderkey = orders.o_orderkey)","Rows Removed by Index Recheck": 0,"Filter": "(l_commitdate < l_receiptdate)","Rows Removed by Filter": 1,"Workers": []}]}]}]}]}]},"Planning Time": 5.279,"Triggers": [],"Execution Time": 233.490}]
[{"Plan": {"Node Type": "Aggregate","Strategy": "Sorted","Partial Mode": "Finalize","Parallel Aware": false,"Async Capable": false,"Startup Cost": 52009.08,"Total Cost": 52044.09,"Plan Rows": 5,"Plan Width": 24,"Actual Startup Time": 215.869,"Actual Total Time": 240.226,"Actual Rows": 5,"Actual Loops": 1,"Group Key": ["orders.o_orderpriority"],"Plans": [{"Node Type": "Gather Merge","Parent Relationship": "Outer","Parallel Aware": false,"Async Capable": false,"Startup Cost": 52009.08,"Total Cost": 52043.97,"Plan Rows": 15,"Plan Width": 24,"Actual Startup Time": 215.457,"Actual Total Time": 240.206,"Actual Rows": 20,"Actual Loops": 1,"Workers Planned": 3,"Workers Launched": 3,"Plans": [{"Node Type": "Aggregate","Strategy": "Sorted","Partial Mode": "Partial","Parent Relationship": "Outer","Parallel Aware": false,"Async Capable": false,"Startup Cost": 51009.04,"Total Cost": 51042.16,"Plan Rows": 5,"Plan Width": 24,"Actual Startup Time": 207.183,"Actual Total Time": 208.446,"Actual Rows": 5,"Actual Loops": 4,"Group Key": ["orders.o_orderpriority"],"Workers": [],"Plans": [{"Node Type": "Sort","Parent Relationship": "Outer","Parallel Aware": false,"Async Capable": false,"Startup Cost": 51009.04,"Total Cost": 51020.06,"Plan Rows": 4410,"Plan Width": 16,"Actual Startup Time": 206.806,"Actual Total Time": 207.370,"Actual Rows": 13098,"Actual Loops": 4,"Sort Key": ["orders.o_orderpriority"],"Sort Method": "quicksort","Sort Space Used": 1123,"Sort Space Type": "Memory","Workers": [{"Worker Number": 0,"Sort Method": "quicksort","Sort Space Used": 1108,"Sort Space Type": "Memory"},{"Worker Number": 1,"Sort Method": "quicksort","Sort Space Used": 1075,"Sort Space Type": "Memory"},{"Worker Number": 2,"Sort Method": "quicksort","Sort Space Used": 1097,"Sort Space Type": "Memory"}],"Plans": [{"Node Type": "Nested Loop","Parent Relationship": "Outer","Parallel Aware": false,"Async Capable": false,"Join Type": "Semi","Startup Cost": 798.90,"Total Cost": 50742.09,"Plan Rows": 4410,"Plan Width": 16,"Actual Startup Time": 7.655,"Actual Total Time": 200.298,"Actual Rows": 13098,"Actual Loops": 4,"Inner Unique": false,"Workers": [],"Plans": [{"Node Type": "Bitmap Heap Scan","Parent Relationship": "Outer","Parallel Aware": true,"Async Capable": false,"Relation Name": "orders","Alias": "orders","Startup Cost": 798.47,"Total Cost": 27172.01,"Plan Rows": 18569,"Plan Width": 20,"Actual Startup Time": 7.548,"Actual Total Time": 58.251,"Actual Rows": 14284,"Actual Loops": 4,"Recheck Cond": "((o_orderdate >= '1993-08-01'::date) AND (o_orderdate < '1993-11-01 00:00:00'::timestamp without time zone))","Rows Removed by Index Recheck": 0,"Exact Heap Blocks": 5961,"Lossy Heap Blocks": 0,"Workers": [],"Plans": [{"Node Type": "Bitmap Index Scan","Parent Relationship": "Outer","Parallel Aware": false,"Async Capable": false,"Index Name": "idx_orders_orderdate","Startup Cost": 0.00,"Total Cost": 784.08,"Plan Rows": 57565,"Plan Width": 0,"Actual Startup Time": 10.621,"Actual Total Time": 10.624,"Actual Rows": 57138,"Actual Loops": 1,"Index Cond": "((o_orderdate >= '1993-08-01'::date) AND (o_orderdate < '1993-11-01 00:00:00'::timestamp without time zone))","Workers": []}]},{"Node Type": "Index Scan","Parent Relationship": "Inner","Parallel Aware": false,"Async Capable": false,"Scan Direction": "Forward","Index Name": "idx_lineitem_orderkey","Relation Name": "lineitem","Alias": "lineitem","Startup Cost": 0.43,"Total Cost": 4.62,"Plan Rows": 6,"Plan Width": 4,"Actual Startup Time": 0.010,"Actual Total Time": 0.010,"Actual Rows": 1,"Actual Loops": 57138,"Index Cond": "(l_orderkey = orders.o_orderkey)","Rows Removed by Index Recheck": 0,"Filter": "(l_commitdate < l_receiptdate)","Rows Removed by Filter": 1,"Workers": []}]}]}]}]}]},"Planning Time": 4.337,"Triggers": [],"Execution Time": 240.936}]
[{"Plan": {"Node Type": "Aggregate","Strategy": "Sorted","Partial Mode": "Finalize","Parallel Aware": false,"Async Capable": false,"Startup Cost": 50972.15,"Total Cost": 51005.47,"Plan Rows": 5,"Plan Width": 24,"Actual Startup Time": 203.120,"Actual Total Time": 227.959,"Actual Rows": 5,"Actual Loops": 1,"Group Key": ["orders.o_orderpriority"],"Plans": [{"Node Type": "Gather Merge","Parent Relationship": "Outer","Parallel Aware": false,"Async Capable": false,"Startup Cost": 50972.15,"Total Cost": 51005.34,"Plan Rows": 15,"Plan Width": 24,"Actual Startup Time": 202.784,"Actual Total Time": 227.929,"Actual Rows": 20,"Actual Loops": 1,"Workers Planned": 3,"Workers Launched": 3,"Plans": [{"Node Type": "Aggregate","Strategy": "Sorted","Partial Mode": "Partial","Parent Relationship": "Outer","Parallel Aware": false,"Async Capable": false,"Startup Cost": 49972.11,"Total Cost": 50003.54,"Plan Rows": 5,"Plan Width": 24,"Actual Startup Time": 194.409,"Actual Total Time": 195.620,"Actual Rows": 5,"Actual Loops": 4,"Group Key": ["orders.o_orderpriority"],"Workers": [],"Plans": [{"Node Type": "Sort","Parent Relationship": "Outer","Parallel Aware": false,"Async Capable": false,"Startup Cost": 49972.11,"Total Cost": 49982.57,"Plan Rows": 4184,"Plan Width": 16,"Actual Startup Time": 194.085,"Actual Total Time": 194.589,"Actual Rows": 12754,"Actual Loops": 4,"Sort Key": ["orders.o_orderpriority"],"Sort Method": "quicksort","Sort Space Used": 1068,"Sort Space Type": "Memory","Workers": [{"Worker Number": 0,"Sort Method": "quicksort","Sort Space Used": 1094,"Sort Space Type": "Memory"},{"Worker Number": 1,"Sort Method": "quicksort","Sort Space Used": 1069,"Sort Space Type": "Memory"},{"Worker Number": 2,"Sort Method": "quicksort","Sort Space Used": 1096,"Sort Space Type": "Memory"}],"Plans": [{"Node Type": "Nested Loop","Parent Relationship": "Outer","Parallel Aware": false,"Async Capable": false,"Join Type": "Semi","Startup Cost": 756.62,"Total Cost": 49720.43,"Plan Rows": 4184,"Plan Width": 16,"Actual Startup Time": 4.954,"Actual Total Time": 187.804,"Actual Rows": 12754,"Actual Loops": 4,"Inner Unique": false,"Workers": [],"Plans": [{"Node Type": "Bitmap Heap Scan","Parent Relationship": "Outer","Parallel Aware": true,"Async Capable": false,"Relation Name": "orders","Alias": "orders","Startup Cost": 756.19,"Total Cost": 27115.44,"Plan Rows": 17617,"Plan Width": 20,"Actual Startup Time": 4.825,"Actual Total Time": 55.378,"Actual Rows": 13875,"Actual Loops": 4,"Recheck Cond": "((o_orderdate >= '1997-02-01'::date) AND (o_orderdate < '1997-05-01 00:00:00'::timestamp without time zone))","Rows Removed by Index Recheck": 0,"Exact Heap Blocks": 5706,"Lossy Heap Blocks": 0,"Workers": [],"Plans": [{"Node Type": "Bitmap Index Scan","Parent Relationship": "Outer","Parallel Aware": false,"Async Capable": false,"Index Name": "idx_orders_orderdate","Startup Cost": 0.00,"Total Cost": 742.54,"Plan Rows": 54611,"Plan Width": 0,"Actual Startup Time": 8.081,"Actual Total Time": 8.083,"Actual Rows": 55500,"Actual Loops": 1,"Index Cond": "((o_orderdate >= '1997-02-01'::date) AND (o_orderdate < '1997-05-01 00:00:00'::timestamp without time zone))","Workers": []}]},{"Node Type": "Index Scan","Parent Relationship": "Inner","Parallel Aware": false,"Async Capable": false,"Scan Direction": "Forward","Index Name": "idx_lineitem_orderkey","Relation Name": "lineitem","Alias": "lineitem","Startup Cost": 0.43,"Total Cost": 4.69,"Plan Rows": 6,"Plan Width": 4,"Actual Startup Time": 0.009,"Actual Total Time": 0.009,"Actual Rows": 1,"Actual Loops": 55500,"Index Cond": "(l_orderkey = orders.o_orderkey)","Rows Removed by Index Recheck": 0,"Filter": "(l_commitdate < l_receiptdate)","Rows Removed by Filter": 1,"Workers": []}]}]}]}]}]},"Planning Time": 5.807,"Triggers": [],"Execution Time": 228.643}]
[{"Plan": {"Node Type": "Aggregate","Strategy": "Sorted","Partial Mode": "Finalize","Parallel Aware": false,"Async Capable": false,"Startup Cost": 51029.71,"Total Cost": 51063.13,"Plan Rows": 5,"Plan Width": 24,"Actual Startup Time": 219.978,"Actual Total Time": 243.153,"Actual Rows": 5,"Actual Loops": 1,"Group Key": ["orders.o_orderpriority"],"Plans": [{"Node Type": "Gather Merge","Parent Relationship": "Outer","Parallel Aware": false,"Async Capable": false,"Startup Cost": 51029.71,"Total Cost": 51063.00,"Plan Rows": 15,"Plan Width": 24,"Actual Startup Time": 219.617,"Actual Total Time": 243.118,"Actual Rows": 20,"Actual Loops": 1,"Workers Planned": 3,"Workers Launched": 3,"Plans": [{"Node Type": "Aggregate","Strategy": "Sorted","Partial Mode": "Partial","Parent Relationship": "Outer","Parallel Aware": false,"Async Capable": false,"Startup Cost": 50029.67,"Total Cost": 50061.20,"Plan Rows": 5,"Plan Width": 24,"Actual Startup Time": 210.426,"Actual Total Time": 211.687,"Actual Rows": 5,"Actual Loops": 4,"Group Key": ["orders.o_orderpriority"],"Workers": [],"Plans": [{"Node Type": "Sort","Parent Relationship": "Outer","Parallel Aware": false,"Async Capable": false,"Startup Cost": 50029.67,"Total Cost": 50040.17,"Plan Rows": 4197,"Plan Width": 16,"Actual Startup Time": 210.078,"Actual Total Time": 210.591,"Actual Rows": 13199,"Actual Loops": 4,"Sort Key": ["orders.o_orderpriority"],"Sort Method": "quicksort","Sort Space Used": 1082,"Sort Space Type": "Memory","Workers": [{"Worker Number": 0,"Sort Method": "quicksort","Sort Space Used": 1147,"Sort Space Type": "Memory"},{"Worker Number": 1,"Sort Method": "quicksort","Sort Space Used": 1061,"Sort Space Type": "Memory"},{"Worker Number": 2,"Sort Method": "quicksort","Sort Space Used": 1135,"Sort Space Type": "Memory"}],"Plans": [{"Node Type": "Nested Loop","Parent Relationship": "Outer","Parallel Aware": false,"Async Capable": false,"Join Type": "Semi","Startup Cost": 758.30,"Total Cost": 49777.12,"Plan Rows": 4197,"Plan Width": 16,"Actual Startup Time": 4.818,"Actual Total Time": 203.309,"Actual Rows": 13199,"Actual Loops": 4,"Inner Unique": false,"Workers": [],"Plans": [{"Node Type": "Bitmap Heap Scan","Parent Relationship": "Outer","Parallel Aware": true,"Async Capable": false,"Relation Name": "orders","Alias": "orders","Startup Cost": 757.87,"Total Cost": 27117.91,"Plan Rows": 17670,"Plan Width": 20,"Actual Startup Time": 4.687,"Actual Total Time": 60.377,"Actual Rows": 14427,"Actual Loops": 4,"Recheck Cond": "((o_orderdate >= '1995-08-01'::date) AND (o_orderdate < '1995-11-01 00:00:00'::timestamp without time zone))","Rows Removed by Index Recheck": 0,"Exact Heap Blocks": 5595,"Lossy Heap Blocks": 0,"Workers": [],"Plans": [{"Node Type": "Bitmap Index Scan","Parent Relationship": "Outer","Parallel Aware": false,"Async Capable": false,"Index Name": "idx_orders_orderdate","Startup Cost": 0.00,"Total Cost": 744.18,"Plan Rows": 54775,"Plan Width": 0,"Actual Startup Time": 8.832,"Actual Total Time": 8.833,"Actual Rows": 57708,"Actual Loops": 1,"Index Cond": "((o_orderdate >= '1995-08-01'::date) AND (o_orderdate < '1995-11-01 00:00:00'::timestamp without time zone))","Workers": []}]},{"Node Type": "Index Scan","Parent Relationship": "Inner","Parallel Aware": false,"Async Capable": false,"Scan Direction": "Forward","Index Name": "idx_lineitem_orderkey","Relation Name": "lineitem","Alias": "lineitem","Startup Cost": 0.43,"Total Cost": 4.68,"Plan Rows": 6,"Plan Width": 4,"Actual Startup Time": 0.010,"Actual Total Time": 0.010,"Actual Rows": 1,"Actual Loops": 57708,"Index Cond": "(l_orderkey = orders.o_orderkey)","Rows Removed by Index Recheck": 0,"Filter": "(l_commitdate < l_receiptdate)","Rows Removed by Filter": 1,"Workers": []}]}]}]}]}]},"Planning Time": 5.875,"Triggers": [],"Execution Time": 243.590}]
[{"Plan": {"Node Type": "Aggregate","Strategy": "Sorted","Partial Mode": "Finalize","Parallel Aware": false,"Async Capable": false,"Startup Cost": 52151.90,"Total Cost": 52187.16,"Plan Rows": 5,"Plan Width": 24,"Actual Startup Time": 210.638,"Actual Total Time": 234.377,"Actual Rows": 5,"Actual Loops": 1,"Group Key": ["orders.o_orderpriority"],"Plans": [{"Node Type": "Gather Merge","Parent Relationship": "Outer","Parallel Aware": false,"Async Capable": false,"Startup Cost": 52151.90,"Total Cost": 52187.03,"Plan Rows": 15,"Plan Width": 24,"Actual Startup Time": 210.240,"Actual Total Time": 234.359,"Actual Rows": 20,"Actual Loops": 1,"Workers Planned": 3,"Workers Launched": 3,"Plans": [{"Node Type": "Aggregate","Strategy": "Sorted","Partial Mode": "Partial","Parent Relationship": "Outer","Parallel Aware": false,"Async Capable": false,"Startup Cost": 51151.86,"Total Cost": 51185.23,"Plan Rows": 5,"Plan Width": 24,"Actual Startup Time": 201.517,"Actual Total Time": 202.754,"Actual Rows": 5,"Actual Loops": 4,"Group Key": ["orders.o_orderpriority"],"Workers": [],"Plans": [{"Node Type": "Sort","Parent Relationship": "Outer","Parallel Aware": false,"Async Capable": false,"Startup Cost": 51151.86,"Total Cost": 51162.97,"Plan Rows": 4442,"Plan Width": 16,"Actual Startup Time": 201.174,"Actual Total Time": 201.691,"Actual Rows": 12988,"Actual Loops": 4,"Sort Key": ["orders.o_orderpriority"],"Sort Method": "quicksort","Sort Space Used": 1106,"Sort Space Type": "Memory","Workers": [{"Worker Number": 0,"Sort Method": "quicksort","Sort Space Used": 1082,"Sort Space Type": "Memory"},{"Worker Number": 1,"Sort Method": "quicksort","Sort Space Used": 1101,"Sort Space Type": "Memory"},{"Worker Number": 2,"Sort Method": "quicksort","Sort Space Used": 1090,"Sort Space Type": "Memory"}],"Plans": [{"Node Type": "Nested Loop","Parent Relationship": "Outer","Parallel Aware": false,"Async Capable": false,"Join Type": "Semi","Startup Cost": 803.12,"Total Cost": 50882.74,"Plan Rows": 4442,"Plan Width": 16,"Actual Startup Time": 5.439,"Actual Total Time": 194.803,"Actual Rows": 12988,"Actual Loops": 4,"Inner Unique": false,"Workers": [],"Plans": [{"Node Type": "Bitmap Heap Scan","Parent Relationship": "Outer","Parallel Aware": true,"Async Capable": false,"Relation Name": "orders","Alias": "orders","Startup Cost": 802.69,"Total Cost": 27178.23,"Plan Rows": 18702,"Plan Width": 20,"Actual Startup Time": 5.309,"Actual Total Time": 58.612,"Actual Rows": 14170,"Actual Loops": 4,"Recheck Cond": "((o_orderdate >= '1995-12-01'::date) AND (o_orderdate < '1996-03-01 00:00:00'::timestamp without time zone))","Rows Removed by Index Recheck": 0,"Exact Heap Blocks": 5992,"Lossy Heap Blocks": 0,"Workers": [],"Plans": [{"Node Type": "Bitmap Index Scan","Parent Relationship": "Outer","Parallel Aware": false,"Async Capable": false,"Index Name": "idx_orders_orderdate","Startup Cost": 0.00,"Total Cost": 788.20,"Plan Rows": 57977,"Plan Width": 0,"Actual Startup Time": 8.900,"Actual Total Time": 8.902,"Actual Rows": 56682,"Actual Loops": 1,"Index Cond": "((o_orderdate >= '1995-12-01'::date) AND (o_orderdate < '1996-03-01 00:00:00'::timestamp without time zone))","Workers": []}]},{"Node Type": "Index Scan","Parent Relationship": "Inner","Parallel Aware": false,"Async Capable": false,"Scan Direction": "Forward","Index Name": "idx_lineitem_orderkey","Relation Name": "lineitem","Alias": "lineitem","Startup Cost": 0.43,"Total Cost": 4.61,"Plan Rows": 6,"Plan Width": 4,"Actual Startup Time": 0.009,"Actual Total Time": 0.009,"Actual Rows": 1,"Actual Loops": 56682,"Index Cond": "(l_orderkey = orders.o_orderkey)","Rows Removed by Index Recheck": 0,"Filter": "(l_commitdate < l_receiptdate)","Rows Removed by Filter": 1,"Workers": []}]}]}]}]}]},"Planning Time": 4.197,"Triggers": [],"Execution Time": 234.781}]
[{"Plan": {"Node Type": "Aggregate","Strategy": "Sorted","Partial Mode": "Finalize","Parallel Aware": false,"Async Capable": false,"Startup Cost": 51060.97,"Total Cost": 51094.44,"Plan Rows": 5,"Plan Width": 24,"Actual Startup Time": 208.763,"Actual Total Time": 232.565,"Actual Rows": 5,"Actual Loops": 1,"Group Key": ["orders.o_orderpriority"],"Plans": [{"Node Type": "Gather Merge","Parent Relationship": "Outer","Parallel Aware": false,"Async Capable": false,"Startup Cost": 51060.97,"Total Cost": 51094.31,"Plan Rows": 15,"Plan Width": 24,"Actual Startup Time": 208.330,"Actual Total Time": 232.538,"Actual Rows": 20,"Actual Loops": 1,"Workers Planned": 3,"Workers Launched": 3,"Plans": [{"Node Type": "Aggregate","Strategy": "Sorted","Partial Mode": "Partial","Parent Relationship": "Outer","Parallel Aware": false,"Async Capable": false,"Startup Cost": 50060.93,"Total Cost": 50092.51,"Plan Rows": 5,"Plan Width": 24,"Actual Startup Time": 199.165,"Actual Total Time": 200.386,"Actual Rows": 5,"Actual Loops": 4,"Group Key": ["orders.o_orderpriority"],"Workers": [],"Plans": [{"Node Type": "Sort","Parent Relationship": "Outer","Parallel Aware": false,"Async Capable": false,"Startup Cost": 50060.93,"Total Cost": 50071.44,"Plan Rows": 4204,"Plan Width": 16,"Actual Startup Time": 198.803,"Actual Total Time": 199.328,"Actual Rows": 12782,"Actual Loops": 4,"Sort Key": ["orders.o_orderpriority"],"Sort Method": "quicksort","Sort Space Used": 1045,"Sort Space Type": "Memory","Workers": [{"Worker Number": 0,"Sort Method": "quicksort","Sort Space Used": 1115,"Sort Space Type": "Memory"},{"Worker Number": 1,"Sort Method": "quicksort","Sort Space Used": 1122,"Sort Space Type": "Memory"},{"Worker Number": 2,"Sort Method": "quicksort","Sort Space Used": 1052,"Sort Space Type": "Memory"}],"Plans": [{"Node Type": "Nested Loop","Parent Relationship": "Outer","Parallel Aware": false,"Async Capable": false,"Join Type": "Semi","Startup Cost": 759.26,"Total Cost": 49807.90,"Plan Rows": 4204,"Plan Width": 16,"Actual Startup Time": 4.671,"Actual Total Time": 192.469,"Actual Rows": 12782,"Actual Loops": 4,"Inner Unique": false,"Workers": [],"Plans": [{"Node Type": "Bitmap Heap Scan","Parent Relationship": "Outer","Parallel Aware": true,"Async Capable": false,"Relation Name": "orders","Alias": "orders","Startup Cost": 758.82,"Total Cost": 27119.31,"Plan Rows": 17699,"Plan Width": 20,"Actual Startup Time": 4.522,"Actual Total Time": 56.148,"Actual Rows": 13946,"Actual Loops": 4,"Recheck Cond": "((o_orderdate >= '1997-01-01'::date) AND (o_orderdate < '1997-04-01 00:00:00'::timestamp without time zone))","Rows Removed by Index Recheck": 0,"Exact Heap Blocks": 5517,"Lossy Heap Blocks": 0,"Workers": [],"Plans": [{"Node Type": "Bitmap Index Scan","Parent Relationship": "Outer","Parallel Aware": false,"Async Capable": false,"Index Name": "idx_orders_orderdate","Startup Cost": 0.00,"Total Cost": 745.11,"Plan Rows": 54868,"Plan Width": 0,"Actual Startup Time": 8.317,"Actual Total Time": 8.318,"Actual Rows": 55784,"Actual Loops": 1,"Index Cond": "((o_orderdate >= '1997-01-01'::date) AND (o_orderdate < '1997-04-01 00:00:00'::timestamp without time zone))","Workers": []}]},{"Node Type": "Index Scan","Parent Relationship": "Inner","Parallel Aware": false,"Async Capable": false,"Scan Direction": "Forward","Index Name": "idx_lineitem_orderkey","Relation Name": "lineitem","Alias": "lineitem","Startup Cost": 0.43,"Total Cost": 4.68,"Plan Rows": 6,"Plan Width": 4,"Actual Startup Time": 0.009,"Actual Total Time": 0.009,"Actual Rows": 1,"Actual Loops": 55784,"Index Cond": "(l_orderkey = orders.o_orderkey)","Rows Removed by Index Recheck": 0,"Filter": "(l_commitdate < l_receiptdate)","Rows Removed by Filter": 1,"Workers": []}]}]}]}]}]},"Planning Time": 4.572,"Triggers": [],"Execution Time": 233.189}]
[{"Plan": {"Node Type": "Aggregate","Strategy": "Sorted","Partial Mode": "Finalize","Parallel Aware": false,"Async Capable": false,"Startup Cost": 51868.32,"Total Cost": 51903.11,"Plan Rows": 5,"Plan Width": 24,"Actual Startup Time": 208.340,"Actual Total Time": 231.447,"Actual Rows": 5,"Actual Loops": 1,"Group Key": ["orders.o_orderpriority"],"Plans": [{"Node Type": "Gather Merge","Parent Relationship": "Outer","Parallel Aware": false,"Async Capable": false,"Startup Cost": 51868.32,"Total Cost": 51902.98,"Plan Rows": 15,"Plan Width": 24,"Actual Startup Time": 207.950,"Actual Total Time": 231.419,"Actual Rows": 20,"Actual Loops": 1,"Workers Planned": 3,"Workers Launched": 3,"Plans": [{"Node Type": "Aggregate","Strategy": "Sorted","Partial Mode": "Partial","Parent Relationship": "Outer","Parallel Aware": false,"Async Capable": false,"Startup Cost": 50868.28,"Total Cost": 50901.18,"Plan Rows": 5,"Plan Width": 24,"Actual Startup Time": 199.059,"Actual Total Time": 200.295,"Actual Rows": 5,"Actual Loops": 4,"Group Key": ["orders.o_orderpriority"],"Workers": [],"Plans": [{"Node Type": "Sort","Parent Relationship": "Outer","Parallel Aware": false,"Async Capable": false,"Startup Cost": 50868.28,"Total Cost": 50879.23,"Plan Rows": 4380,"Plan Width": 16,"Actual Startup Time": 198.738,"Actual Total Time": 199.253,"Actual Rows": 12924,"Actual Loops": 4,"Sort Key": ["orders.o_orderpriority"],"Sort Method": "quicksort","Sort Space Used": 1102,"Sort Space Type": "Memory","Workers": [{"Worker Number": 0,"Sort Method": "quicksort","Sort Space Used": 1084,"Sort Space Type": "Memory"},{"Worker Number": 1,"Sort Method": "quicksort","Sort Space Used": 1092,"Sort Space Type": "Memory"},{"Worker Number": 2,"Sort Method": "quicksort","Sort Space Used": 1087,"Sort Space Type": "Memory"}],"Plans": [{"Node Type": "Nested Loop","Parent Relationship": "Outer","Parallel Aware": false,"Async Capable": false,"Join Type": "Semi","Startup Cost": 790.81,"Total Cost": 50603.36,"Plan Rows": 4380,"Plan Width": 16,"Actual Startup Time": 4.683,"Actual Total Time": 192.330,"Actual Rows": 12924,"Actual Loops": 4,"Inner Unique": false,"Workers": [],"Plans": [{"Node Type": "Bitmap Heap Scan","Parent Relationship": "Outer","Parallel Aware": true,"Async Capable": false,"Relation Name": "orders","Alias": "orders","Startup Cost": 790.38,"Total Cost": 27161.99,"Plan Rows": 18441,"Plan Width": 20,"Actual Startup Time": 4.555,"Actual Total Time": 57.131,"Actual Rows": 14129,"Actual Loops": 4,"Recheck Cond": "((o_orderdate >= '1994-09-01'::date) AND (o_orderdate < '1994-12-01 00:00:00'::timestamp without time zone))","Rows Removed by Index Recheck": 0,"Exact Heap Blocks": 5928,"Lossy Heap Blocks": 0,"Workers": [],"Plans": [{"Node Type": "Bitmap Index Scan","Parent Relationship": "Outer","Parallel Aware": false,"Async Capable": false,"Index Name": "idx_orders_orderdate","Startup Cost": 0.00,"Total Cost": 776.09,"Plan Rows": 57166,"Plan Width": 0,"Actual Startup Time": 8.170,"Actual Total Time": 8.172,"Actual Rows": 56516,"Actual Loops": 1,"Index Cond": "((o_orderdate >= '1994-09-01'::date) AND (o_orderdate < '1994-12-01 00:00:00'::timestamp without time zone))","Workers": []}]},{"Node Type": "Index Scan","Parent Relationship": "Inner","Parallel Aware": false,"Async Capable": false,"Scan Direction": "Forward","Index Name": "idx_lineitem_orderkey","Relation Name": "lineitem","Alias": "lineitem","Startup Cost": 0.43,"Total Cost": 4.63,"Plan Rows": 6,"Plan Width": 4,"Actual Startup Time": 0.009,"Actual Total Time": 0.009,"Actual Rows": 1,"Actual Loops": 56516,"Index Cond": "(l_orderkey = orders.o_orderkey)","Rows Removed by Index Recheck": 0,"Filter": "(l_commitdate < l_receiptdate)","Rows Removed by Filter": 1,"Workers": []}]}]}]}]}]},"Planning Time": 5.289,"Triggers": [],"Execution Time": 231.901}]
[{"Plan": {"Node Type": "Aggregate","Strategy": "Sorted","Partial Mode": "Finalize","Parallel Aware": false,"Async Capable": false,"Startup Cost": 52350.82,"Total Cost": 52386.40,"Plan Rows": 5,"Plan Width": 24,"Actual Startup Time": 210.793,"Actual Total Time": 234.778,"Actual Rows": 5,"Actual Loops": 1,"Group Key": ["orders.o_orderpriority"],"Plans": [{"Node Type": "Gather Merge","Parent Relationship": "Outer","Parallel Aware": false,"Async Capable": false,"Startup Cost": 52350.82,"Total Cost": 52386.28,"Plan Rows": 15,"Plan Width": 24,"Actual Startup Time": 210.399,"Actual Total Time": 234.748,"Actual Rows": 20,"Actual Loops": 1,"Workers Planned": 3,"Workers Launched": 3,"Plans": [{"Node Type": "Aggregate","Strategy": "Sorted","Partial Mode": "Partial","Parent Relationship": "Outer","Parallel Aware": false,"Async Capable": false,"Startup Cost": 51350.78,"Total Cost": 51384.47,"Plan Rows": 5,"Plan Width": 24,"Actual Startup Time": 201.538,"Actual Total Time": 202.786,"Actual Rows": 5,"Actual Loops": 4,"Group Key": ["orders.o_orderpriority"],"Workers": [],"Plans": [{"Node Type": "Sort","Parent Relationship": "Outer","Parallel Aware": false,"Async Capable": false,"Startup Cost": 51350.78,"Total Cost": 51361.99,"Plan Rows": 4486,"Plan Width": 16,"Actual Startup Time": 201.192,"Actual Total Time": 201.702,"Actual Rows": 13259,"Actual Loops": 4,"Sort Key": ["orders.o_orderpriority"],"Sort Method": "quicksort","Sort Space Used": 1126,"Sort Space Type": "Memory","Workers": [{"Worker Number": 0,"Sort Method": "quicksort","Sort Space Used": 1102,"Sort Space Type": "Memory"},{"Worker Number": 1,"Sort Method": "quicksort","Sort Space Used": 1115,"Sort Space Type": "Memory"},{"Worker Number": 2,"Sort Method": "quicksort","Sort Space Used": 1095,"Sort Space Type": "Memory"}],"Plans": [{"Node Type": "Nested Loop","Parent Relationship": "Outer","Parallel Aware": false,"Async Capable": false,"Join Type": "Semi","Startup Cost": 809.03,"Total Cost": 51078.68,"Plan Rows": 4486,"Plan Width": 16,"Actual Startup Time": 4.343,"Actual Total Time": 194.788,"Actual Rows": 13259,"Actual Loops": 4,"Inner Unique": false,"Workers": [],"Plans": [{"Node Type": "Bitmap Heap Scan","Parent Relationship": "Outer","Parallel Aware": true,"Async Capable": false,"Relation Name": "orders","Alias": "orders","Startup Cost": 808.60,"Total Cost": 27186.92,"Plan Rows": 18888,"Plan Width": 20,"Actual Startup Time": 4.218,"Actual Total Time": 57.297,"Actual Rows": 14442,"Actual Loops": 4,"Recheck Cond": "((o_orderdate >= '1996-07-01'::date) AND (o_orderdate < '1996-10-01 00:00:00'::timestamp without time zone))","Rows Removed by Index Recheck": 0,"Exact Heap Blocks": 5957,"Lossy Heap Blocks": 0,"Workers": [],"Plans": [{"Node Type": "Bitmap Index Scan","Parent Relationship": "Outer","Parallel Aware": false,"Async Capable": false,"Index Name": "idx_orders_orderdate","Startup Cost": 0.00,"Total Cost": 793.96,"Plan Rows": 58553,"Plan Width": 0,"Actual Startup Time": 7.813,"Actual Total Time": 7.814,"Actual Rows": 57768,"Actual Loops": 1,"Index Cond": "((o_orderdate >= '1996-07-01'::date) AND (o_orderdate < '1996-10-01 00:00:00'::timestamp without time zone))","Workers": []}]},{"Node Type": "Index Scan","Parent Relationship": "Inner","Parallel Aware": false,"Async Capable": false,"Scan Direction": "Forward","Index Name": "idx_lineitem_orderkey","Relation Name": "lineitem","Alias": "lineitem","Startup Cost": 0.43,"Total Cost": 4.60,"Plan Rows": 6,"Plan Width": 4,"Actual Startup Time": 0.009,"Actual Total Time": 0.009,"Actual Rows": 1,"Actual Loops": 57768,"Index Cond": "(l_orderkey = orders.o_orderkey)","Rows Removed by Index Recheck": 0,"Filter": "(l_commitdate < l_receiptdate)","Rows Removed by Filter": 1,"Workers": []}]}]}]}]}]},"Planning Time": 4.843,"Triggers": [],"Execution Time": 235.203}]
[{"Plan": {"Node Type": "Aggregate","Strategy": "Sorted","Partial Mode": "Finalize","Parallel Aware": false,"Async Capable": false,"Startup Cost": 51895.02,"Total Cost": 51929.86,"Plan Rows": 5,"Plan Width": 24,"Actual Startup Time": 216.936,"Actual Total Time": 240.849,"Actual Rows": 5,"Actual Loops": 1,"Group Key": ["orders.o_orderpriority"],"Plans": [{"Node Type": "Gather Merge","Parent Relationship": "Outer","Parallel Aware": false,"Async Capable": false,"Startup Cost": 51895.02,"Total Cost": 51929.73,"Plan Rows": 15,"Plan Width": 24,"Actual Startup Time": 216.564,"Actual Total Time": 240.814,"Actual Rows": 20,"Actual Loops": 1,"Workers Planned": 3,"Workers Launched": 3,"Plans": [{"Node Type": "Aggregate","Strategy": "Sorted","Partial Mode": "Partial","Parent Relationship": "Outer","Parallel Aware": false,"Async Capable": false,"Startup Cost": 50894.98,"Total Cost": 50927.93,"Plan Rows": 5,"Plan Width": 24,"Actual Startup Time": 207.210,"Actual Total Time": 208.520,"Actual Rows": 5,"Actual Loops": 4,"Group Key": ["orders.o_orderpriority"],"Workers": [],"Plans": [{"Node Type": "Sort","Parent Relationship": "Outer","Parallel Aware": false,"Async Capable": false,"Startup Cost": 50894.98,"Total Cost": 50905.95,"Plan Rows": 4386,"Plan Width": 16,"Actual Startup Time": 206.842,"Actual Total Time": 207.438,"Actual Rows": 13154,"Actual Loops": 4,"Sort Key": ["orders.o_orderpriority"],"Sort Method": "quicksort","Sort Space Used": 1056,"Sort Space Type": "Memory","Workers": [{"Worker Number": 0,"Sort Method": "quicksort","Sort Space Used": 1144,"Sort Space Type": "Memory"},{"Worker Number": 1,"Sort Method": "quicksort","Sort Space Used": 1079,"Sort Space Type": "Memory"},{"Worker Number": 2,"Sort Method": "quicksort","Sort Space Used": 1137,"Sort Space Type": "Memory"}],"Plans": [{"Node Type": "Nested Loop","Parent Relationship": "Outer","Parallel Aware": false,"Async Capable": false,"Join Type": "Semi","Startup Cost": 791.62,"Total Cost": 50629.66,"Plan Rows": 4386,"Plan Width": 16,"Actual Startup Time": 4.998,"Actual Total Time": 200.365,"Actual Rows": 13154,"Actual Loops": 4,"Inner Unique": false,"Workers": [],"Plans": [{"Node Type": "Bitmap Heap Scan","Parent Relationship": "Outer","Parallel Aware": true,"Async Capable": false,"Relation Name": "orders","Alias": "orders","Startup Cost": 791.19,"Total Cost": 27163.18,"Plan Rows": 18466,"Plan Width": 20,"Actual Startup Time": 4.854,"Actual Total Time": 59.077,"Actual Rows": 14346,"Actual Loops": 4,"Recheck Cond": "((o_orderdate >= '1994-07-01'::date) AND (o_orderdate < '1994-10-01 00:00:00'::timestamp without time zone))","Rows Removed by Index Recheck": 0,"Exact Heap Blocks": 5381,"Lossy Heap Blocks": 0,"Workers": [],"Plans": [{"Node Type": "Bitmap Index Scan","Parent Relationship": "Outer","Parallel Aware": false,"Async Capable": false,"Index Name": "idx_orders_orderdate","Startup Cost": 0.00,"Total Cost": 776.88,"Plan Rows": 57245,"Plan Width": 0,"Actual Startup Time": 8.661,"Actual Total Time": 8.664,"Actual Rows": 57384,"Actual Loops": 1,"Index Cond": "((o_orderdate >= '1994-07-01'::date) AND (o_orderdate < '1994-10-01 00:00:00'::timestamp without time zone))","Workers": []}]},{"Node Type": "Index Scan","Parent Relationship": "Inner","Parallel Aware": false,"Async Capable": false,"Scan Direction": "Forward","Index Name": "idx_lineitem_orderkey","Relation Name": "lineitem","Alias": "lineitem","Startup Cost": 0.43,"Total Cost": 4.63,"Plan Rows": 6,"Plan Width": 4,"Actual Startup Time": 0.010,"Actual Total Time": 0.010,"Actual Rows": 1,"Actual Loops": 57384,"Index Cond": "(l_orderkey = orders.o_orderkey)","Rows Removed by Index Recheck": 0,"Filter": "(l_commitdate < l_receiptdate)","Rows Removed by Filter": 1,"Workers": []}]}]}]}]}]},"Planning Time": 4.847,"Triggers": [],"Execution Time": 241.394}]
[{"Plan": {"Node Type": "Aggregate","Strategy": "Sorted","Partial Mode": "Finalize","Parallel Aware": false,"Async Capable": false,"Startup Cost": 52369.77,"Total Cost": 52405.38,"Plan Rows": 5,"Plan Width": 24,"Actual Startup Time": 215.492,"Actual Total Time": 239.622,"Actual Rows": 5,"Actual Loops": 1,"Group Key": ["orders.o_orderpriority"],"Plans": [{"Node Type": "Gather Merge","Parent Relationship": "Outer","Parallel Aware": false,"Async Capable": false,"Startup Cost": 52369.77,"Total Cost": 52405.25,"Plan Rows": 15,"Plan Width": 24,"Actual Startup Time": 215.087,"Actual Total Time": 239.593,"Actual Rows": 20,"Actual Loops": 1,"Workers Planned": 3,"Workers Launched": 3,"Plans": [{"Node Type": "Aggregate","Strategy": "Sorted","Partial Mode": "Partial","Parent Relationship": "Outer","Parallel Aware": false,"Async Capable": false,"Startup Cost": 51369.73,"Total Cost": 51403.45,"Plan Rows": 5,"Plan Width": 24,"Actual Startup Time": 206.356,"Actual Total Time": 207.630,"Actual Rows": 5,"Actual Loops": 4,"Group Key": ["orders.o_orderpriority"],"Workers": [],"Plans": [{"Node Type": "Sort","Parent Relationship": "Outer","Parallel Aware": false,"Async Capable": false,"Startup Cost": 51369.73,"Total Cost": 51380.95,"Plan Rows": 4490,"Plan Width": 16,"Actual Startup Time": 206.011,"Actual Total Time": 206.540,"Actual Rows": 13264,"Actual Loops": 4,"Sort Key": ["orders.o_orderpriority"],"Sort Method": "quicksort","Sort Space Used": 1130,"Sort Space Type": "Memory","Workers": [{"Worker Number": 0,"Sort Method": "quicksort","Sort Space Used": 1100,"Sort Space Type": "Memory"},{"Worker Number": 1,"Sort Method": "quicksort","Sort Space Used": 1108,"Sort Space Type": "Memory"},{"Worker Number": 2,"Sort Method": "quicksort","Sort Space Used": 1102,"Sort Space Type": "Memory"}],"Plans": [{"Node Type": "Nested Loop","Parent Relationship": "Outer","Parallel Aware": false,"Async Capable": false,"Join Type": "Semi","Startup Cost": 809.60,"Total Cost": 51097.35,"Plan Rows": 4490,"Plan Width": 16,"Actual Startup Time": 5.570,"Actual Total Time": 199.495,"Actual Rows": 13264,"Actual Loops": 4,"Inner Unique": false,"Workers": [],"Plans": [{"Node Type": "Bitmap Heap Scan","Parent Relationship": "Outer","Parallel Aware": true,"Async Capable": false,"Relation Name": "orders","Alias": "orders","Startup Cost": 809.17,"Total Cost": 27187.76,"Plan Rows": 18906,"Plan Width": 20,"Actual Startup Time": 5.437,"Actual Total Time": 60.429,"Actual Rows": 14458,"Actual Loops": 4,"Recheck Cond": "((o_orderdate >= '1996-06-01'::date) AND (o_orderdate < '1996-09-01 00:00:00'::timestamp without time zone))","Rows Removed by Index Recheck": 0,"Exact Heap Blocks": 5975,"Lossy Heap Blocks": 0,"Workers": [],"Plans": [{"Node Type": "Bitmap Index Scan","Parent Relationship": "Outer","Parallel Aware": false,"Async Capable": false,"Index Name": "idx_orders_orderdate","Startup Cost": 0.00,"Total Cost": 794.52,"Plan Rows": 58609,"Plan Width": 0,"Actual Startup Time": 8.889,"Actual Total Time": 8.890,"Actual Rows": 57832,"Actual Loops": 1,"Index Cond": "((o_orderdate >= '1996-06-01'::date) AND (o_orderdate < '1996-09-01 00:00:00'::timestamp without time zone))","Workers": []}]},{"Node Type": "Index Scan","Parent Relationship": "Inner","Parallel Aware": false,"Async Capable": false,"Scan Direction": "Forward","Index Name": "idx_lineitem_orderkey","Relation Name": "lineitem","Alias": "lineitem","Startup Cost": 0.43,"Total Cost": 4.59,"Plan Rows": 6,"Plan Width": 4,"Actual Startup Time": 0.009,"Actual Total Time": 0.009,"Actual Rows": 1,"Actual Loops": 57832,"Index Cond": "(l_orderkey = orders.o_orderkey)","Rows Removed by Index Recheck": 0,"Filter": "(l_commitdate < l_receiptdate)","Rows Removed by Filter": 1,"Workers": []}]}]}]}]}]},"Planning Time": 4.853,"Triggers": [],"Execution Time": 240.068}]
[{"Plan": {"Node Type": "Aggregate","Strategy": "Sorted","Partial Mode": "Finalize","Parallel Aware": false,"Async Capable": false,"Startup Cost": 50795.59,"Total Cost": 50828.62,"Plan Rows": 5,"Plan Width": 24,"Actual Startup Time": 207.449,"Actual Total Time": 231.624,"Actual Rows": 5,"Actual Loops": 1,"Group Key": ["orders.o_orderpriority"],"Plans": [{"Node Type": "Gather Merge","Parent Relationship": "Outer","Parallel Aware": false,"Async Capable": false,"Startup Cost": 50795.59,"Total Cost": 50828.49,"Plan Rows": 15,"Plan Width": 24,"Actual Startup Time": 207.082,"Actual Total Time": 231.593,"Actual Rows": 20,"Actual Loops": 1,"Workers Planned": 3,"Workers Launched": 3,"Plans": [{"Node Type": "Aggregate","Strategy": "Sorted","Partial Mode": "Partial","Parent Relationship": "Outer","Parallel Aware": false,"Async Capable": false,"Startup Cost": 49795.55,"Total Cost": 49826.69,"Plan Rows": 5,"Plan Width": 24,"Actual Startup Time": 197.121,"Actual Total Time": 198.416,"Actual Rows": 5,"Actual Loops": 4,"Group Key": ["orders.o_orderpriority"],"Workers": [],"Plans": [{"Node Type": "Sort","Parent Relationship": "Outer","Parallel Aware": false,"Async Capable": false,"Startup Cost": 49795.55,"Total Cost": 49805.91,"Plan Rows": 4146,"Plan Width": 16,"Actual Startup Time": 196.751,"Actual Total Time": 197.344,"Actual Rows": 12836,"Actual Loops": 4,"Sort Key": ["orders.o_orderpriority"],"Sort Method": "quicksort","Sort Space Used": 1059,"Sort Space Type": "Memory","Workers": [{"Worker Number": 0,"Sort Method": "quicksort","Sort Space Used": 1115,"Sort Space Type": "Memory"},{"Worker Number": 1,"Sort Method": "quicksort","Sort Space Used": 1058,"Sort Space Type": "Memory"},{"Worker Number": 2,"Sort Method": "quicksort","Sort Space Used": 1115,"Sort Space Type": "Memory"}],"Plans": [{"Node Type": "Nested Loop","Parent Relationship": "Outer","Parallel Aware": false,"Async Capable": false,"Join Type": "Semi","Startup Cost": 747.58,"Total Cost": 49546.42,"Plan Rows": 4146,"Plan Width": 16,"Actual Startup Time": 3.884,"Actual Total Time": 190.408,"Actual Rows": 12836,"Actual Loops": 4,"Inner Unique": false,"Workers": [],"Plans": [{"Node Type": "Bitmap Heap Scan","Parent Relationship": "Outer","Parallel Aware": true,"Async Capable": false,"Relation Name": "orders","Alias": "orders","Startup Cost": 747.15,"Total Cost": 27104.01,"Plan Rows": 17458,"Plan Width": 20,"Actual Startup Time": 3.813,"Actual Total Time": 55.064,"Actual Rows": 14013,"Actual Loops": 4,"Recheck Cond": "((o_orderdate >= '1996-02-01'::date) AND (o_orderdate < '1996-05-01 00:00:00'::timestamp without time zone))","Rows Removed by Index Recheck": 0,"Exact Heap Blocks": 5537,"Lossy Heap Blocks": 0,"Workers": [],"Plans": [{"Node Type": "Bitmap Index Scan","Parent Relationship": "Outer","Parallel Aware": false,"Async Capable": false,"Index Name": "idx_orders_orderdate","Startup Cost": 0.00,"Total Cost": 733.62,"Plan Rows": 54119,"Plan Width": 0,"Actual Startup Time": 7.926,"Actual Total Time": 7.927,"Actual Rows": 56052,"Actual Loops": 1,"Index Cond": "((o_orderdate >= '1996-02-01'::date) AND (o_orderdate < '1996-05-01 00:00:00'::timestamp without time zone))","Workers": []}]},{"Node Type": "Index Scan","Parent Relationship": "Inner","Parallel Aware": false,"Async Capable": false,"Scan Direction": "Forward","Index Name": "idx_lineitem_orderkey","Relation Name": "lineitem","Alias": "lineitem","Startup Cost": 0.43,"Total Cost": 4.70,"Plan Rows": 6,"Plan Width": 4,"Actual Startup Time": 0.009,"Actual Total Time": 0.009,"Actual Rows": 1,"Actual Loops": 56052,"Index Cond": "(l_orderkey = orders.o_orderkey)","Rows Removed by Index Recheck": 0,"Filter": "(l_commitdate < l_receiptdate)","Rows Removed by Filter": 1,"Workers": []}]}]}]}]}]},"Planning Time": 5.293,"Triggers": [],"Execution Time": 232.381}]
[{"Plan": {"Node Type": "Aggregate","Strategy": "Sorted","Partial Mode": "Finalize","Parallel Aware": false,"Async Capable": false,"Startup Cost": 51600.04,"Total Cost": 51634.39,"Plan Rows": 5,"Plan Width": 24,"Actual Startup Time": 209.883,"Actual Total Time": 233.573,"Actual Rows": 5,"Actual Loops": 1,"Group Key": ["orders.o_orderpriority"],"Plans": [{"Node Type": "Gather Merge","Parent Relationship": "Outer","Parallel Aware": false,"Async Capable": false,"Startup Cost": 51600.04,"Total Cost": 51634.27,"Plan Rows": 15,"Plan Width": 24,"Actual Startup Time": 209.491,"Actual Total Time": 233.547,"Actual Rows": 20,"Actual Loops": 1,"Workers Planned": 3,"Workers Launched": 3,"Plans": [{"Node Type": "Aggregate","Strategy": "Sorted","Partial Mode": "Partial","Parent Relationship": "Outer","Parallel Aware": false,"Async Capable": false,"Startup Cost": 50600.00,"Total Cost": 50632.47,"Plan Rows": 5,"Plan Width": 24,"Actual Startup Time": 200.555,"Actual Total Time": 201.777,"Actual Rows": 5,"Actual Loops": 4,"Group Key": ["orders.o_orderpriority"],"Workers": [],"Plans": [{"Node Type": "Sort","Parent Relationship": "Outer","Parallel Aware": false,"Async Capable": false,"Startup Cost": 50600.00,"Total Cost": 50610.81,"Plan Rows": 4322,"Plan Width": 16,"Actual Startup Time": 200.215,"Actual Total Time": 200.732,"Actual Rows": 12804,"Actual Loops": 4,"Sort Key": ["orders.o_orderpriority"],"Sort Method": "quicksort","Sort Space Used": 1105,"Sort Space Type": "Memory","Workers": [{"Worker Number": 0,"Sort Method": "quicksort","Sort Space Used": 1078,"Sort Space Type": "Memory"},{"Worker Number": 1,"Sort Method": "quicksort","Sort Space Used": 1077,"Sort Space Type": "Memory"},{"Worker Number": 2,"Sort Method": "quicksort","Sort Space Used": 1079,"Sort Space Type": "Memory"}],"Plans": [{"Node Type": "Nested Loop","Parent Relationship": "Outer","Parallel Aware": false,"Async Capable": false,"Join Type": "Semi","Startup Cost": 779.02,"Total Cost": 50339.01,"Plan Rows": 4322,"Plan Width": 16,"Actual Startup Time": 5.636,"Actual Total Time": 193.920,"Actual Rows": 12804,"Actual Loops": 4,"Inner Unique": false,"Workers": [],"Plans": [{"Node Type": "Bitmap Heap Scan","Parent Relationship": "Outer","Parallel Aware": true,"Async Capable": false,"Relation Name": "orders","Alias": "orders","Startup Cost": 778.59,"Total Cost": 27146.52,"Plan Rows": 18195,"Plan Width": 20,"Actual Startup Time": 5.497,"Actual Total Time": 58.362,"Actual Rows": 13981,"Actual Loops": 4,"Recheck Cond": "((o_orderdate >= '1993-01-01'::date) AND (o_orderdate < '1993-04-01 00:00:00'::timestamp without time zone))","Rows Removed by Index Recheck": 0,"Exact Heap Blocks": 5903,"Lossy Heap Blocks": 0,"Workers": [],"Plans": [{"Node Type": "Bitmap Index Scan","Parent Relationship": "Outer","Parallel Aware": false,"Async Capable": false,"Index Name": "idx_orders_orderdate","Startup Cost": 0.00,"Total Cost": 764.49,"Plan Rows": 56406,"Plan Width": 0,"Actual Startup Time": 9.185,"Actual Total Time": 9.187,"Actual Rows": 55924,"Actual Loops": 1,"Index Cond": "((o_orderdate >= '1993-01-01'::date) AND (o_orderdate < '1993-04-01 00:00:00'::timestamp without time zone))","Workers": []}]},{"Node Type": "Index Scan","Parent Relationship": "Inner","Parallel Aware": false,"Async Capable": false,"Scan Direction": "Forward","Index Name": "idx_lineitem_orderkey","Relation Name": "lineitem","Alias": "lineitem","Startup Cost": 0.43,"Total Cost": 4.65,"Plan Rows": 6,"Plan Width": 4,"Actual Startup Time": 0.009,"Actual Total Time": 0.009,"Actual Rows": 1,"Actual Loops": 55924,"Index Cond": "(l_orderkey = orders.o_orderkey)","Rows Removed by Index Recheck": 0,"Filter": "(l_commitdate < l_receiptdate)","Rows Removed by Filter": 1,"Workers": []}]}]}]}]}]},"Planning Time": 4.372,"Triggers": [],"Execution Time": 234.017}]
[{"Plan": {"Node Type": "Aggregate","Strategy": "Sorted","Partial Mode": "Finalize","Parallel Aware": false,"Async Capable": false,"Startup Cost": 52360.14,"Total Cost": 52395.74,"Plan Rows": 5,"Plan Width": 24,"Actual Startup Time": 212.297,"Actual Total Time": 236.425,"Actual Rows": 5,"Actual Loops": 1,"Group Key": ["orders.o_orderpriority"],"Plans": [{"Node Type": "Gather Merge","Parent Relationship": "Outer","Parallel Aware": false,"Async Capable": false,"Startup Cost": 52360.14,"Total Cost": 52395.61,"Plan Rows": 15,"Plan Width": 24,"Actual Startup Time": 211.946,"Actual Total Time": 236.394,"Actual Rows": 20,"Actual Loops": 1,"Workers Planned": 3,"Workers Launched": 3,"Plans": [{"Node Type": "Aggregate","Strategy": "Sorted","Partial Mode": "Partial","Parent Relationship": "Outer","Parallel Aware": false,"Async Capable": false,"Startup Cost": 51360.10,"Total Cost": 51393.81,"Plan Rows": 5,"Plan Width": 24,"Actual Startup Time": 203.132,"Actual Total Time": 204.381,"Actual Rows": 5,"Actual Loops": 4,"Group Key": ["orders.o_orderpriority"],"Workers": [],"Plans": [{"Node Type": "Sort","Parent Relationship": "Outer","Parallel Aware": false,"Async Capable": false,"Startup Cost": 51360.10,"Total Cost": 51371.32,"Plan Rows": 4488,"Plan Width": 16,"Actual Startup Time": 202.800,"Actual Total Time": 203.297,"Actual Rows": 13290,"Actual Loops": 4,"Sort Key": ["orders.o_orderpriority"],"Sort Method": "quicksort","Sort Space Used": 1098,"Sort Space Type": "Memory","Workers": [{"Worker Number": 0,"Sort Method": "quicksort","Sort Space Used": 1124,"Sort Space Type": "Memory"},{"Worker Number": 1,"Sort Method": "quicksort","Sort Space Used": 1137,"Sort Space Type": "Memory"},{"Worker Number": 2,"Sort Method": "quicksort","Sort Space Used": 1087,"Sort Space Type": "Memory"}],"Plans": [{"Node Type": "Nested Loop","Parent Relationship": "Outer","Parallel Aware": false,"Async Capable": false,"Join Type": "Semi","Startup Cost": 809.33,"Total Cost": 51087.86,"Plan Rows": 4488,"Plan Width": 16,"Actual Startup Time": 5.403,"Actual Total Time": 196.470,"Actual Rows": 13290,"Actual Loops": 4,"Inner Unique": false,"Workers": [],"Plans": [{"Node Type": "Bitmap Heap Scan","Parent Relationship": "Outer","Parallel Aware": true,"Async Capable": false,"Relation Name": "orders","Alias": "orders","Startup Cost": 808.89,"Total Cost": 27187.35,"Plan Rows": 18897,"Plan Width": 20,"Actual Startup Time": 5.275,"Actual Total Time": 58.082,"Actual Rows": 14470,"Actual Loops": 4,"Recheck Cond": "((o_orderdate >= '1996-08-01'::date) AND (o_orderdate < '1996-11-01 00:00:00'::timestamp without time zone))","Rows Removed by Index Recheck": 0,"Exact Heap Blocks": 5695,"Lossy Heap Blocks": 0,"Workers": [],"Plans": [{"Node Type": "Bitmap Index Scan","Parent Relationship": "Outer","Parallel Aware": false,"Async Capable": false,"Index Name": "idx_orders_orderdate","Startup Cost": 0.00,"Total Cost": 794.25,"Plan Rows": 58582,"Plan Width": 0,"Actual Startup Time": 8.974,"Actual Total Time": 8.976,"Actual Rows": 57880,"Actual Loops": 1,"Index Cond": "((o_orderdate >= '1996-08-01'::date) AND (o_orderdate < '1996-11-01 00:00:00'::timestamp without time zone))","Workers": []}]},{"Node Type": "Index Scan","Parent Relationship": "Inner","Parallel Aware": false,"Async Capable": false,"Scan Direction": "Forward","Index Name": "idx_lineitem_orderkey","Relation Name": "lineitem","Alias": "lineitem","Startup Cost": 0.43,"Total Cost": 4.60,"Plan Rows": 6,"Plan Width": 4,"Actual Startup Time": 0.009,"Actual Total Time": 0.009,"Actual Rows": 1,"Actual Loops": 57880,"Index Cond": "(l_orderkey = orders.o_orderkey)","Rows Removed by Index Recheck": 0,"Filter": "(l_commitdate < l_receiptdate)","Rows Removed by Filter": 1,"Workers": []}]}]}]}]}]},"Planning Time": 4.460,"Triggers": [],"Execution Time": 236.855}]
[{"Plan": {"Node Type": "Aggregate","Strategy": "Sorted","Partial Mode": "Finalize","Parallel Aware": false,"Async Capable": false,"Startup Cost": 51238.03,"Total Cost": 51271.79,"Plan Rows": 5,"Plan Width": 24,"Actual Startup Time": 206.342,"Actual Total Time": 229.906,"Actual Rows": 5,"Actual Loops": 1,"Group Key": ["orders.o_orderpriority"],"Plans": [{"Node Type": "Gather Merge","Parent Relationship": "Outer","Parallel Aware": false,"Async Capable": false,"Startup Cost": 51238.03,"Total Cost": 51271.66,"Plan Rows": 15,"Plan Width": 24,"Actual Startup Time": 205.980,"Actual Total Time": 229.872,"Actual Rows": 20,"Actual Loops": 1,"Workers Planned": 3,"Workers Launched": 3,"Plans": [{"Node Type": "Aggregate","Strategy": "Sorted","Partial Mode": "Partial","Parent Relationship": "Outer","Parallel Aware": false,"Async Capable": false,"Startup Cost": 50237.99,"Total Cost": 50269.86,"Plan Rows": 5,"Plan Width": 24,"Actual Startup Time": 197.337,"Actual Total Time": 198.545,"Actual Rows": 5,"Actual Loops": 4,"Group Key": ["orders.o_orderpriority"],"Workers": [],"Plans": [{"Node Type": "Sort","Parent Relationship": "Outer","Parallel Aware": false,"Async Capable": false,"Startup Cost": 50237.99,"Total Cost": 50248.60,"Plan Rows": 4242,"Plan Width": 16,"Actual Startup Time": 196.993,"Actual Total Time": 197.500,"Actual Rows": 12841,"Actual Loops": 4,"Sort Key": ["orders.o_orderpriority"],"Sort Method": "quicksort","Sort Space Used": 1096,"Sort Space Type": "Memory","Workers": [{"Worker Number": 0,"Sort Method": "quicksort","Sort Space Used": 1080,"Sort Space Type": "Memory"},{"Worker Number": 1,"Sort Method": "quicksort","Sort Space Used": 1090,"Sort Space Type": "Memory"},{"Worker Number": 2,"Sort Method": "quicksort","Sort Space Used": 1080,"Sort Space Type": "Memory"}],"Plans": [{"Node Type": "Nested Loop","Parent Relationship": "Outer","Parallel Aware": false,"Async Capable": false,"Join Type": "Semi","Startup Cost": 768.33,"Total Cost": 49982.40,"Plan Rows": 4242,"Plan Width": 16,"Actual Startup Time": 4.735,"Actual Total Time": 190.817,"Actual Rows": 12841,"Actual Loops": 4,"Inner Unique": false,"Workers": [],"Plans": [{"Node Type": "Bitmap Heap Scan","Parent Relationship": "Outer","Parallel Aware": true,"Async Capable": false,"Relation Name": "orders","Alias": "orders","Startup Cost": 767.90,"Total Cost": 27130.78,"Plan Rows": 17859,"Plan Width": 20,"Actual Startup Time": 4.625,"Actual Total Time": 56.703,"Actual Rows": 14004,"Actual Loops": 4,"Recheck Cond": "((o_orderdate >= '1996-12-01'::date) AND (o_orderdate < '1997-03-01 00:00:00'::timestamp without time zone))","Rows Removed by Index Recheck": 0,"Exact Heap Blocks": 5899,"Lossy Heap Blocks": 0,"Workers": [],"Plans": [{"Node Type": "Bitmap Index Scan","Parent Relationship": "Outer","Parallel Aware": false,"Async Capable": false,"Index Name": "idx_orders_orderdate","Startup Cost": 0.00,"Total Cost": 754.06,"Plan Rows": 55363,"Plan Width": 0,"Actual Startup Time": 8.139,"Actual Total Time": 8.140,"Actual Rows": 56016,"Actual Loops": 1,"Index Cond": "((o_orderdate >= '1996-12-01'::date) AND (o_orderdate < '1997-03-01 00:00:00'::timestamp without time zone))","Workers": []}]},{"Node Type": "Index Scan","Parent Relationship": "Inner","Parallel Aware": false,"Async Capable": false,"Scan Direction": "Forward","Index Name": "idx_lineitem_orderkey","Relation Name": "lineitem","Alias": "lineitem","Startup Cost": 0.43,"Total Cost": 4.67,"Plan Rows": 6,"Plan Width": 4,"Actual Startup Time": 0.009,"Actual Total Time": 0.009,"Actual Rows": 1,"Actual Loops": 56016,"Index Cond": "(l_orderkey = orders.o_orderkey)","Rows Removed by Index Recheck": 0,"Filter": "(l_commitdate < l_receiptdate)","Rows Removed by Filter": 1,"Workers": []}]}]}]}]}]},"Planning Time": 5.768,"Triggers": [],"Execution Time": 230.293}]
[{"Plan": {"Node Type": "Aggregate","Strategy": "Sorted","Partial Mode": "Finalize","Parallel Aware": false,"Async Capable": false,"Startup Cost": 52283.40,"Total Cost": 52318.87,"Plan Rows": 5,"Plan Width": 24,"Actual Startup Time": 207.856,"Actual Total Time": 232.061,"Actual Rows": 5,"Actual Loops": 1,"Group Key": ["orders.o_orderpriority"],"Plans": [{"Node Type": "Gather Merge","Parent Relationship": "Outer","Parallel Aware": false,"Async Capable": false,"Startup Cost": 52283.40,"Total Cost": 52318.75,"Plan Rows": 15,"Plan Width": 24,"Actual Startup Time": 207.460,"Actual Total Time": 232.033,"Actual Rows": 20,"Actual Loops": 1,"Workers Planned": 3,"Workers Launched": 3,"Plans": [{"Node Type": "Aggregate","Strategy": "Sorted","Partial Mode": "Partial","Parent Relationship": "Outer","Parallel Aware": false,"Async Capable": false,"Startup Cost": 51283.36,"Total Cost": 51316.95,"Plan Rows": 5,"Plan Width": 24,"Actual Startup Time": 198.383,"Actual Total Time": 199.637,"Actual Rows": 5,"Actual Loops": 4,"Group Key": ["orders.o_orderpriority"],"Workers": [],"Plans": [{"Node Type": "Sort","Parent Relationship": "Outer","Parallel Aware": false,"Async Capable": false,"Startup Cost": 51283.36,"Total Cost": 51294.54,"Plan Rows": 4471,"Plan Width": 16,"Actual Startup Time": 198.029,"Actual Total Time": 198.557,"Actual Rows": 12996,"Actual Loops": 4,"Sort Key": ["orders.o_orderpriority"],"Sort Method": "quicksort","Sort Space Used": 1092,"Sort Space Type": "Memory","Workers": [{"Worker Number": 0,"Sort Method": "quicksort","Sort Space Used": 1114,"Sort Space Type": "Memory"},{"Worker Number": 1,"Sort Method": "quicksort","Sort Space Used": 1076,"Sort Space Type": "Memory"},{"Worker Number": 2,"Sort Method": "quicksort","Sort Space Used": 1099,"Sort Space Type": "Memory"}],"Plans": [{"Node Type": "Nested Loop","Parent Relationship": "Outer","Parallel Aware": false,"Async Capable": false,"Join Type": "Semi","Startup Cost": 807.02,"Total Cost": 51012.28,"Plan Rows": 4471,"Plan Width": 16,"Actual Startup Time": 5.146,"Actual Total Time": 191.580,"Actual Rows": 12996,"Actual Loops": 4,"Inner Unique": false,"Workers": [],"Plans": [{"Node Type": "Bitmap Heap Scan","Parent Relationship": "Outer","Parallel Aware": true,"Async Capable": false,"Relation Name": "orders","Alias": "orders","Startup Cost": 806.59,"Total Cost": 27183.96,"Plan Rows": 18825,"Plan Width": 20,"Actual Startup Time": 5.016,"Actual Total Time": 56.818,"Actual Rows": 14161,"Actual Loops": 4,"Recheck Cond": "((o_orderdate >= '1994-04-01'::date) AND (o_orderdate < '1994-07-01 00:00:00'::timestamp without time zone))","Rows Removed by Index Recheck": 0,"Exact Heap Blocks": 5770,"Lossy Heap Blocks": 0,"Workers": [],"Plans": [{"Node Type": "Bitmap Index Scan","Parent Relationship": "Outer","Parallel Aware": false,"Async Capable": false,"Index Name": "idx_orders_orderdate","Startup Cost": 0.00,"Total Cost": 792.00,"Plan Rows": 58357,"Plan Width": 0,"Actual Startup Time": 8.503,"Actual Total Time": 8.503,"Actual Rows": 56645,"Actual Loops": 1,"Index Cond": "((o_orderdate >= '1994-04-01'::date) AND (o_orderdate < '1994-07-01 00:00:00'::timestamp without time zone))","Workers": []}]},{"Node Type": "Index Scan","Parent Relationship": "Inner","Parallel Aware": false,"Async Capable": false,"Scan Direction": "Forward","Index Name": "idx_lineitem_orderkey","Relation Name": "lineitem","Alias": "lineitem","Startup Cost": 0.43,"Total Cost": 4.60,"Plan Rows": 6,"Plan Width": 4,"Actual Startup Time": 0.009,"Actual Total Time": 0.009,"Actual Rows": 1,"Actual Loops": 56645,"Index Cond": "(l_orderkey = orders.o_orderkey)","Rows Removed by Index Recheck": 0,"Filter": "(l_commitdate < l_receiptdate)","Rows Removed by Filter": 1,"Workers": []}]}]}]}]}]},"Planning Time": 4.301,"Triggers": [],"Execution Time": 232.692}]
[{"Plan": {"Node Type": "Aggregate","Strategy": "Sorted","Partial Mode": "Finalize","Parallel Aware": false,"Async Capable": false,"Startup Cost": 52392.16,"Total Cost": 52427.81,"Plan Rows": 5,"Plan Width": 24,"Actual Startup Time": 211.248,"Actual Total Time": 234.990,"Actual Rows": 5,"Actual Loops": 1,"Group Key": ["orders.o_orderpriority"],"Plans": [{"Node Type": "Gather Merge","Parent Relationship": "Outer","Parallel Aware": false,"Async Capable": false,"Startup Cost": 52392.16,"Total Cost": 52427.69,"Plan Rows": 15,"Plan Width": 24,"Actual Startup Time": 210.814,"Actual Total Time": 234.963,"Actual Rows": 20,"Actual Loops": 1,"Workers Planned": 3,"Workers Launched": 3,"Plans": [{"Node Type": "Aggregate","Strategy": "Sorted","Partial Mode": "Partial","Parent Relationship": "Outer","Parallel Aware": false,"Async Capable": false,"Startup Cost": 51392.12,"Total Cost": 51425.88,"Plan Rows": 5,"Plan Width": 24,"Actual Startup Time": 201.683,"Actual Total Time": 202.935,"Actual Rows": 5,"Actual Loops": 4,"Group Key": ["orders.o_orderpriority"],"Workers": [],"Plans": [{"Node Type": "Sort","Parent Relationship": "Outer","Parallel Aware": false,"Async Capable": false,"Startup Cost": 51392.12,"Total Cost": 51403.36,"Plan Rows": 4495,"Plan Width": 16,"Actual Startup Time": 201.346,"Actual Total Time": 201.859,"Actual Rows": 13076,"Actual Loops": 4,"Sort Key": ["orders.o_orderpriority"],"Sort Method": "quicksort","Sort Space Used": 1088,"Sort Space Type": "Memory","Workers": [{"Worker Number": 0,"Sort Method": "quicksort","Sort Space Used": 1117,"Sort Space Type": "Memory"},{"Worker Number": 1,"Sort Method": "quicksort","Sort Space Used": 1079,"Sort Space Type": "Memory"},{"Worker Number": 2,"Sort Method": "quicksort","Sort Space Used": 1114,"Sort Space Type": "Memory"}],"Plans": [{"Node Type": "Nested Loop","Parent Relationship": "Outer","Parallel Aware": false,"Async Capable": false,"Join Type": "Semi","Startup Cost": 810.26,"Total Cost": 51119.41,"Plan Rows": 4495,"Plan Width": 16,"Actual Startup Time": 5.099,"Actual Total Time": 195.041,"Actual Rows": 13076,"Actual Loops": 4,"Inner Unique": false,"Workers": [],"Plans": [{"Node Type": "Bitmap Heap Scan","Parent Relationship": "Outer","Parallel Aware": true,"Async Capable": false,"Relation Name": "orders","Alias": "orders","Startup Cost": 809.83,"Total Cost": 27188.73,"Plan Rows": 18927,"Plan Width": 20,"Actual Startup Time": 4.954,"Actual Total Time": 57.624,"Actual Rows": 14263,"Actual Loops": 4,"Recheck Cond": "((o_orderdate >= '1995-11-01'::date) AND (o_orderdate < '1996-02-01 00:00:00'::timestamp without time zone))","Rows Removed by Index Recheck": 0,"Exact Heap Blocks": 5693,"Lossy Heap Blocks": 0,"Workers": [],"Plans": [{"Node Type": "Bitmap Index Scan","Parent Relationship": "Outer","Parallel Aware": false,"Async Capable": false,"Index Name": "idx_orders_orderdate","Startup Cost": 0.00,"Total Cost": 795.16,"Plan Rows": 58673,"Plan Width": 0,"Actual Startup Time": 8.818,"Actual Total Time": 8.820,"Actual Rows": 57052,"Actual Loops": 1,"Index Cond": "((o_orderdate >= '1995-11-01'::date) AND (o_orderdate < '1996-02-01 00:00:00'::timestamp without time zone))","Workers": []}]},{"Node Type": "Index Scan","Parent Relationship": "Inner","Parallel Aware": false,"Async Capable": false,"Scan Direction": "Forward","Index Name": "idx_lineitem_orderkey","Relation Name": "lineitem","Alias": "lineitem","Startup Cost": 0.43,"Total Cost": 4.59,"Plan Rows": 6,"Plan Width": 4,"Actual Startup Time": 0.009,"Actual Total Time": 0.009,"Actual Rows": 1,"Actual Loops": 57052,"Index Cond": "(l_orderkey = orders.o_orderkey)","Rows Removed by Index Recheck": 0,"Filter": "(l_commitdate < l_receiptdate)","Rows Removed by Filter": 1,"Workers": []}]}]}]}]}]},"Planning Time": 5.327,"Triggers": [],"Execution Time": 235.461}]
[{"Plan": {"Node Type": "Aggregate","Strategy": "Sorted","Partial Mode": "Finalize","Parallel Aware": false,"Async Capable": false,"Startup Cost": 51029.71,"Total Cost": 51063.13,"Plan Rows": 5,"Plan Width": 24,"Actual Startup Time": 219.978,"Actual Total Time": 243.153,"Actual Rows": 5,"Actual Loops": 1,"Group Key": ["orders.o_orderpriority"],"Plans": [{"Node Type": "Gather Merge","Parent Relationship": "Outer","Parallel Aware": false,"Async Capable": false,"Startup Cost": 51029.71,"Total Cost": 51063.00,"Plan Rows": 15,"Plan Width": 24,"Actual Startup Time": 219.617,"Actual Total Time": 243.118,"Actual Rows": 20,"Actual Loops": 1,"Workers Planned": 3,"Workers Launched": 3,"Plans": [{"Node Type": "Aggregate","Strategy": "Sorted","Partial Mode": "Partial","Parent Relationship": "Outer","Parallel Aware": false,"Async Capable": false,"Startup Cost": 50029.67,"Total Cost": 50061.20,"Plan Rows": 5,"Plan Width": 24,"Actual Startup Time": 210.426,"Actual Total Time": 211.687,"Actual Rows": 5,"Actual Loops": 4,"Group Key": ["orders.o_orderpriority"],"Workers": [],"Plans": [{"Node Type": "Sort","Parent Relationship": "Outer","Parallel Aware": false,"Async Capable": false,"Startup Cost": 50029.67,"Total Cost": 50040.17,"Plan Rows": 4197,"Plan Width": 16,"Actual Startup Time": 210.078,"Actual Total Time": 210.591,"Actual Rows": 13199,"Actual Loops": 4,"Sort Key": ["orders.o_orderpriority"],"Sort Method": "quicksort","Sort Space Used": 1082,"Sort Space Type": "Memory","Workers": [{"Worker Number": 0,"Sort Method": "quicksort","Sort Space Used": 1147,"Sort Space Type": "Memory"},{"Worker Number": 1,"Sort Method": "quicksort","Sort Space Used": 1061,"Sort Space Type": "Memory"},{"Worker Number": 2,"Sort Method": "quicksort","Sort Space Used": 1135,"Sort Space Type": "Memory"}],"Plans": [{"Node Type": "Nested Loop","Parent Relationship": "Outer","Parallel Aware": false,"Async Capable": false,"Join Type": "Semi","Startup Cost": 758.30,"Total Cost": 49777.12,"Plan Rows": 4197,"Plan Width": 16,"Actual Startup Time": 4.818,"Actual Total Time": 203.309,"Actual Rows": 13199,"Actual Loops": 4,"Inner Unique": false,"Workers": [],"Plans": [{"Node Type": "Bitmap Heap Scan","Parent Relationship": "Outer","Parallel Aware": true,"Async Capable": false,"Relation Name": "orders","Alias": "orders","Startup Cost": 757.87,"Total Cost": 27117.91,"Plan Rows": 17670,"Plan Width": 20,"Actual Startup Time": 4.687,"Actual Total Time": 60.377,"Actual Rows": 14427,"Actual Loops": 4,"Recheck Cond": "((o_orderdate >= '1995-08-01'::date) AND (o_orderdate < '1995-11-01 00:00:00'::timestamp without time zone))","Rows Removed by Index Recheck": 0,"Exact Heap Blocks": 5595,"Lossy Heap Blocks": 0,"Workers": [],"Plans": [{"Node Type": "Bitmap Index Scan","Parent Relationship": "Outer","Parallel Aware": false,"Async Capable": false,"Index Name": "idx_orders_orderdate","Startup Cost": 0.00,"Total Cost": 744.18,"Plan Rows": 54775,"Plan Width": 0,"Actual Startup Time": 8.832,"Actual Total Time": 8.833,"Actual Rows": 57708,"Actual Loops": 1,"Index Cond": "((o_orderdate >= '1995-08-01'::date) AND (o_orderdate < '1995-11-01 00:00:00'::timestamp without time zone))","Workers": []}]},{"Node Type": "Index Scan","Parent Relationship": "Inner","Parallel Aware": false,"Async Capable": false,"Scan Direction": "Forward","Index Name": "idx_lineitem_orderkey","Relation Name": "lineitem","Alias": "lineitem","Startup Cost": 0.43,"Total Cost": 4.68,"Plan Rows": 6,"Plan Width": 4,"Actual Startup Time": 0.010,"Actual Total Time": 0.010,"Actual Rows": 1,"Actual Loops": 57708,"Index Cond": "(l_orderkey = orders.o_orderkey)","Rows Removed by Index Recheck": 0,"Filter": "(l_commitdate < l_receiptdate)","Rows Removed by Filter": 1,"Workers": []}]}]}]}]}]},"Planning Time": 5.875,"Triggers": [],"Execution Time": 243.590}]
[{"Plan": {"Node Type": "Aggregate","Strategy": "Sorted","Partial Mode": "Finalize","Parallel Aware": false,"Async Capable": false,"Startup Cost": 52369.77,"Total Cost": 52405.38,"Plan Rows": 5,"Plan Width": 24,"Actual Startup Time": 215.492,"Actual Total Time": 239.622,"Actual Rows": 5,"Actual Loops": 1,"Group Key": ["orders.o_orderpriority"],"Plans": [{"Node Type": "Gather Merge","Parent Relationship": "Outer","Parallel Aware": false,"Async Capable": false,"Startup Cost": 52369.77,"Total Cost": 52405.25,"Plan Rows": 15,"Plan Width": 24,"Actual Startup Time": 215.087,"Actual Total Time": 239.593,"Actual Rows": 20,"Actual Loops": 1,"Workers Planned": 3,"Workers Launched": 3,"Plans": [{"Node Type": "Aggregate","Strategy": "Sorted","Partial Mode": "Partial","Parent Relationship": "Outer","Parallel Aware": false,"Async Capable": false,"Startup Cost": 51369.73,"Total Cost": 51403.45,"Plan Rows": 5,"Plan Width": 24,"Actual Startup Time": 206.356,"Actual Total Time": 207.630,"Actual Rows": 5,"Actual Loops": 4,"Group Key": ["orders.o_orderpriority"],"Workers": [],"Plans": [{"Node Type": "Sort","Parent Relationship": "Outer","Parallel Aware": false,"Async Capable": false,"Startup Cost": 51369.73,"Total Cost": 51380.95,"Plan Rows": 4490,"Plan Width": 16,"Actual Startup Time": 206.011,"Actual Total Time": 206.540,"Actual Rows": 13264,"Actual Loops": 4,"Sort Key": ["orders.o_orderpriority"],"Sort Method": "quicksort","Sort Space Used": 1130,"Sort Space Type": "Memory","Workers": [{"Worker Number": 0,"Sort Method": "quicksort","Sort Space Used": 1100,"Sort Space Type": "Memory"},{"Worker Number": 1,"Sort Method": "quicksort","Sort Space Used": 1108,"Sort Space Type": "Memory"},{"Worker Number": 2,"Sort Method": "quicksort","Sort Space Used": 1102,"Sort Space Type": "Memory"}],"Plans": [{"Node Type": "Nested Loop","Parent Relationship": "Outer","Parallel Aware": false,"Async Capable": false,"Join Type": "Semi","Startup Cost": 809.60,"Total Cost": 51097.35,"Plan Rows": 4490,"Plan Width": 16,"Actual Startup Time": 5.570,"Actual Total Time": 199.495,"Actual Rows": 13264,"Actual Loops": 4,"Inner Unique": false,"Workers": [],"Plans": [{"Node Type": "Bitmap Heap Scan","Parent Relationship": "Outer","Parallel Aware": true,"Async Capable": false,"Relation Name": "orders","Alias": "orders","Startup Cost": 809.17,"Total Cost": 27187.76,"Plan Rows": 18906,"Plan Width": 20,"Actual Startup Time": 5.437,"Actual Total Time": 60.429,"Actual Rows": 14458,"Actual Loops": 4,"Recheck Cond": "((o_orderdate >= '1996-06-01'::date) AND (o_orderdate < '1996-09-01 00:00:00'::timestamp without time zone))","Rows Removed by Index Recheck": 0,"Exact Heap Blocks": 5975,"Lossy Heap Blocks": 0,"Workers": [],"Plans": [{"Node Type": "Bitmap Index Scan","Parent Relationship": "Outer","Parallel Aware": false,"Async Capable": false,"Index Name": "idx_orders_orderdate","Startup Cost": 0.00,"Total Cost": 794.52,"Plan Rows": 58609,"Plan Width": 0,"Actual Startup Time": 8.889,"Actual Total Time": 8.890,"Actual Rows": 57832,"Actual Loops": 1,"Index Cond": "((o_orderdate >= '1996-06-01'::date) AND (o_orderdate < '1996-09-01 00:00:00'::timestamp without time zone))","Workers": []}]},{"Node Type": "Index Scan","Parent Relationship": "Inner","Parallel Aware": false,"Async Capable": false,"Scan Direction": "Forward","Index Name": "idx_lineitem_orderkey","Relation Name": "lineitem","Alias": "lineitem","Startup Cost": 0.43,"Total Cost": 4.59,"Plan Rows": 6,"Plan Width": 4,"Actual Startup Time": 0.009,"Actual Total Time": 0.009,"Actual Rows": 1,"Actual Loops": 57832,"Index Cond": "(l_orderkey = orders.o_orderkey)","Rows Removed by Index Recheck": 0,"Filter": "(l_commitdate < l_receiptdate)","Rows Removed by Filter": 1,"Workers": []}]}]}]}]}]},"Planning Time": 4.853,"Triggers": [],"Execution Time": 240.068}]
[{"Plan": {"Node Type": "Aggregate","Strategy": "Sorted","Partial Mode": "Finalize","Parallel Aware": false,"Async Capable": false,"Startup Cost": 52255.71,"Total Cost": 52291.13,"Plan Rows": 5,"Plan Width": 24,"Actual Startup Time": 211.972,"Actual Total Time": 236.561,"Actual Rows": 5,"Actual Loops": 1,"Group Key": ["orders.o_orderpriority"],"Plans": [{"Node Type": "Gather Merge","Parent Relationship": "Outer","Parallel Aware": false,"Async Capable": false,"Startup Cost": 52255.71,"Total Cost": 52291.01,"Plan Rows": 15,"Plan Width": 24,"Actual Startup Time": 211.618,"Actual Total Time": 236.530,"Actual Rows": 20,"Actual Loops": 1,"Workers Planned": 3,"Workers Launched": 3,"Plans": [{"Node Type": "Aggregate","Strategy": "Sorted","Partial Mode": "Partial","Parent Relationship": "Outer","Parallel Aware": false,"Async Capable": false,"Startup Cost": 51255.67,"Total Cost": 51289.20,"Plan Rows": 5,"Plan Width": 24,"Actual Startup Time": 202.468,"Actual Total Time": 203.726,"Actual Rows": 5,"Actual Loops": 4,"Group Key": ["orders.o_orderpriority"],"Workers": [],"Plans": [{"Node Type": "Sort","Parent Relationship": "Outer","Parallel Aware": false,"Async Capable": false,"Startup Cost": 51255.67,"Total Cost": 51266.83,"Plan Rows": 4465,"Plan Width": 16,"Actual Startup Time": 202.127,"Actual Total Time": 202.650,"Actual Rows": 13181,"Actual Loops": 4,"Sort Key": ["orders.o_orderpriority"],"Sort Method": "quicksort","Sort Space Used": 1096,"Sort Space Type": "Memory","Workers": [{"Worker Number": 0,"Sort Method": "quicksort","Sort Space Used": 1118,"Sort Space Type": "Memory"},{"Worker Number": 1,"Sort Method": "quicksort","Sort Space Used": 1123,"Sort Space Type": "Memory"},{"Worker Number": 2,"Sort Method": "quicksort","Sort Space Used": 1084,"Sort Space Type": "Memory"}],"Plans": [{"Node Type": "Nested Loop","Parent Relationship": "Outer","Parallel Aware": false,"Async Capable": false,"Join Type": "Semi","Startup Cost": 806.21,"Total Cost": 50984.99,"Plan Rows": 4465,"Plan Width": 16,"Actual Startup Time": 5.123,"Actual Total Time": 195.709,"Actual Rows": 13181,"Actual Loops": 4,"Inner Unique": false,"Workers": [],"Plans": [{"Node Type": "Bitmap Heap Scan","Parent Relationship": "Outer","Parallel Aware": true,"Async Capable": false,"Relation Name": "orders","Alias": "orders","Startup Cost": 805.78,"Total Cost": 27182.77,"Plan Rows": 18799,"Plan Width": 20,"Actual Startup Time": 5.001,"Actual Total Time": 57.882,"Actual Rows": 14368,"Actual Loops": 4,"Recheck Cond": "((o_orderdate >= '1994-06-01'::date) AND (o_orderdate < '1994-09-01 00:00:00'::timestamp without time zone))","Rows Removed by Index Recheck": 0,"Exact Heap Blocks": 5811,"Lossy Heap Blocks": 0,"Workers": [],"Plans": [{"Node Type": "Bitmap Index Scan","Parent Relationship": "Outer","Parallel Aware": false,"Async Capable": false,"Index Name": "idx_orders_orderdate","Startup Cost": 0.00,"Total Cost": 791.21,"Plan Rows": 58278,"Plan Width": 0,"Actual Startup Time": 8.690,"Actual Total Time": 8.694,"Actual Rows": 57474,"Actual Loops": 1,"Index Cond": "((o_orderdate >= '1994-06-01'::date) AND (o_orderdate < '1994-09-01 00:00:00'::timestamp without time zone))","Workers": []}]},{"Node Type": "Index Scan","Parent Relationship": "Inner","Parallel Aware": false,"Async Capable": false,"Scan Direction": "Forward","Index Name": "idx_lineitem_orderkey","Relation Name": "lineitem","Alias": "lineitem","Startup Cost": 0.43,"Total Cost": 4.60,"Plan Rows": 6,"Plan Width": 4,"Actual Startup Time": 0.009,"Actual Total Time": 0.009,"Actual Rows": 1,"Actual Loops": 57474,"Index Cond": "(l_orderkey = orders.o_orderkey)","Rows Removed by Index Recheck": 0,"Filter": "(l_commitdate < l_receiptdate)","Rows Removed by Filter": 1,"Workers": []}]}]}]}]}]},"Planning Time": 5.449,"Triggers": [],"Execution Time": 237.068}]
[{"Plan": {"Node Type": "Aggregate","Strategy": "Sorted","Partial Mode": "Finalize","Parallel Aware": false,"Async Capable": false,"Startup Cost": 52110.38,"Total Cost": 52145.56,"Plan Rows": 5,"Plan Width": 24,"Actual Startup Time": 207.799,"Actual Total Time": 232.338,"Actual Rows": 5,"Actual Loops": 1,"Group Key": ["orders.o_orderpriority"],"Plans": [{"Node Type": "Gather Merge","Parent Relationship": "Outer","Parallel Aware": false,"Async Capable": false,"Startup Cost": 52110.38,"Total Cost": 52145.44,"Plan Rows": 15,"Plan Width": 24,"Actual Startup Time": 207.395,"Actual Total Time": 232.308,"Actual Rows": 20,"Actual Loops": 1,"Workers Planned": 3,"Workers Launched": 3,"Plans": [{"Node Type": "Aggregate","Strategy": "Sorted","Partial Mode": "Partial","Parent Relationship": "Outer","Parallel Aware": false,"Async Capable": false,"Startup Cost": 51110.34,"Total Cost": 51143.64,"Plan Rows": 5,"Plan Width": 24,"Actual Startup Time": 198.996,"Actual Total Time": 200.262,"Actual Rows": 5,"Actual Loops": 4,"Group Key": ["orders.o_orderpriority"],"Workers": [],"Plans": [{"Node Type": "Sort","Parent Relationship": "Outer","Parallel Aware": false,"Async Capable": false,"Startup Cost": 51110.34,"Total Cost": 51121.42,"Plan Rows": 4433,"Plan Width": 16,"Actual Startup Time": 198.663,"Actual Total Time": 199.184,"Actual Rows": 13136,"Actual Loops": 4,"Sort Key": ["orders.o_orderpriority"],"Sort Method": "quicksort","Sort Space Used": 1098,"Sort Space Type": "Memory","Workers": [{"Worker Number": 0,"Sort Method": "quicksort","Sort Space Used": 1102,"Sort Space Type": "Memory"},{"Worker Number": 1,"Sort Method": "quicksort","Sort Space Used": 1095,"Sort Space Type": "Memory"},{"Worker Number": 2,"Sort Method": "quicksort","Sort Space Used": 1117,"Sort Space Type": "Memory"}],"Plans": [{"Node Type": "Nested Loop","Parent Relationship": "Outer","Parallel Aware": false,"Async Capable": false,"Join Type": "Semi","Startup Cost": 801.88,"Total Cost": 50841.83,"Plan Rows": 4433,"Plan Width": 16,"Actual Startup Time": 5.393,"Actual Total Time": 192.263,"Actual Rows": 13136,"Actual Loops": 4,"Inner Unique": false,"Workers": [],"Plans": [{"Node Type": "Bitmap Heap Scan","Parent Relationship": "Outer","Parallel Aware": true,"Async Capable": false,"Relation Name": "orders","Alias": "orders","Startup Cost": 801.45,"Total Cost": 27176.40,"Plan Rows": 18663,"Plan Width": 20,"Actual Startup Time": 5.231,"Actual Total Time": 56.374,"Actual Rows": 14326,"Actual Loops": 4,"Recheck Cond": "((o_orderdate >= '1997-10-01'::date) AND (o_orderdate < '1998-01-01 00:00:00'::timestamp without time zone))","Rows Removed by Index Recheck": 0,"Exact Heap Blocks": 5845,"Lossy Heap Blocks": 0,"Workers": [],"Plans": [{"Node Type": "Bitmap Index Scan","Parent Relationship": "Outer","Parallel Aware": false,"Async Capable": false,"Index Name": "idx_orders_orderdate","Startup Cost": 0.00,"Total Cost": 786.99,"Plan Rows": 57856,"Plan Width": 0,"Actual Startup Time": 8.327,"Actual Total Time": 8.329,"Actual Rows": 57306,"Actual Loops": 1,"Index Cond": "((o_orderdate >= '1997-10-01'::date) AND (o_orderdate < '1998-01-01 00:00:00'::timestamp without time zone))","Workers": []}]},{"Node Type": "Index Scan","Parent Relationship": "Inner","Parallel Aware": false,"Async Capable": false,"Scan Direction": "Forward","Index Name": "idx_lineitem_orderkey","Relation Name": "lineitem","Alias": "lineitem","Startup Cost": 0.43,"Total Cost": 4.61,"Plan Rows": 6,"Plan Width": 4,"Actual Startup Time": 0.009,"Actual Total Time": 0.009,"Actual Rows": 1,"Actual Loops": 57306,"Index Cond": "(l_orderkey = orders.o_orderkey)","Rows Removed by Index Recheck": 0,"Filter": "(l_commitdate < l_receiptdate)","Rows Removed by Filter": 1,"Workers": []}]}]}]}]}]},"Planning Time": 4.856,"Triggers": [],"Execution Time": 233.068}]
[{"Plan": {"Node Type": "Aggregate","Strategy": "Sorted","Partial Mode": "Finalize","Parallel Aware": false,"Async Capable": false,"Startup Cost": 51868.32,"Total Cost": 51903.11,"Plan Rows": 5,"Plan Width": 24,"Actual Startup Time": 208.340,"Actual Total Time": 231.447,"Actual Rows": 5,"Actual Loops": 1,"Group Key": ["orders.o_orderpriority"],"Plans": [{"Node Type": "Gather Merge","Parent Relationship": "Outer","Parallel Aware": false,"Async Capable": false,"Startup Cost": 51868.32,"Total Cost": 51902.98,"Plan Rows": 15,"Plan Width": 24,"Actual Startup Time": 207.950,"Actual Total Time": 231.419,"Actual Rows": 20,"Actual Loops": 1,"Workers Planned": 3,"Workers Launched": 3,"Plans": [{"Node Type": "Aggregate","Strategy": "Sorted","Partial Mode": "Partial","Parent Relationship": "Outer","Parallel Aware": false,"Async Capable": false,"Startup Cost": 50868.28,"Total Cost": 50901.18,"Plan Rows": 5,"Plan Width": 24,"Actual Startup Time": 199.059,"Actual Total Time": 200.295,"Actual Rows": 5,"Actual Loops": 4,"Group Key": ["orders.o_orderpriority"],"Workers": [],"Plans": [{"Node Type": "Sort","Parent Relationship": "Outer","Parallel Aware": false,"Async Capable": false,"Startup Cost": 50868.28,"Total Cost": 50879.23,"Plan Rows": 4380,"Plan Width": 16,"Actual Startup Time": 198.738,"Actual Total Time": 199.253,"Actual Rows": 12924,"Actual Loops": 4,"Sort Key": ["orders.o_orderpriority"],"Sort Method": "quicksort","Sort Space Used": 1102,"Sort Space Type": "Memory","Workers": [{"Worker Number": 0,"Sort Method": "quicksort","Sort Space Used": 1084,"Sort Space Type": "Memory"},{"Worker Number": 1,"Sort Method": "quicksort","Sort Space Used": 1092,"Sort Space Type": "Memory"},{"Worker Number": 2,"Sort Method": "quicksort","Sort Space Used": 1087,"Sort Space Type": "Memory"}],"Plans": [{"Node Type": "Nested Loop","Parent Relationship": "Outer","Parallel Aware": false,"Async Capable": false,"Join Type": "Semi","Startup Cost": 790.81,"Total Cost": 50603.36,"Plan Rows": 4380,"Plan Width": 16,"Actual Startup Time": 4.683,"Actual Total Time": 192.330,"Actual Rows": 12924,"Actual Loops": 4,"Inner Unique": false,"Workers": [],"Plans": [{"Node Type": "Bitmap Heap Scan","Parent Relationship": "Outer","Parallel Aware": true,"Async Capable": false,"Relation Name": "orders","Alias": "orders","Startup Cost": 790.38,"Total Cost": 27161.99,"Plan Rows": 18441,"Plan Width": 20,"Actual Startup Time": 4.555,"Actual Total Time": 57.131,"Actual Rows": 14129,"Actual Loops": 4,"Recheck Cond": "((o_orderdate >= '1994-09-01'::date) AND (o_orderdate < '1994-12-01 00:00:00'::timestamp without time zone))","Rows Removed by Index Recheck": 0,"Exact Heap Blocks": 5928,"Lossy Heap Blocks": 0,"Workers": [],"Plans": [{"Node Type": "Bitmap Index Scan","Parent Relationship": "Outer","Parallel Aware": false,"Async Capable": false,"Index Name": "idx_orders_orderdate","Startup Cost": 0.00,"Total Cost": 776.09,"Plan Rows": 57166,"Plan Width": 0,"Actual Startup Time": 8.170,"Actual Total Time": 8.172,"Actual Rows": 56516,"Actual Loops": 1,"Index Cond": "((o_orderdate >= '1994-09-01'::date) AND (o_orderdate < '1994-12-01 00:00:00'::timestamp without time zone))","Workers": []}]},{"Node Type": "Index Scan","Parent Relationship": "Inner","Parallel Aware": false,"Async Capable": false,"Scan Direction": "Forward","Index Name": "idx_lineitem_orderkey","Relation Name": "lineitem","Alias": "lineitem","Startup Cost": 0.43,"Total Cost": 4.63,"Plan Rows": 6,"Plan Width": 4,"Actual Startup Time": 0.009,"Actual Total Time": 0.009,"Actual Rows": 1,"Actual Loops": 56516,"Index Cond": "(l_orderkey = orders.o_orderkey)","Rows Removed by Index Recheck": 0,"Filter": "(l_commitdate < l_receiptdate)","Rows Removed by Filter": 1,"Workers": []}]}]}]}]}]},"Planning Time": 5.289,"Triggers": [],"Execution Time": 231.901}]
[{"Plan": {"Node Type": "Aggregate","Strategy": "Sorted","Partial Mode": "Finalize","Parallel Aware": false,"Async Capable": false,"Startup Cost": 52021.13,"Total Cost": 52056.16,"Plan Rows": 5,"Plan Width": 24,"Actual Startup Time": 203.693,"Actual Total Time": 227.755,"Actual Rows": 5,"Actual Loops": 1,"Group Key": ["orders.o_orderpriority"],"Plans": [{"Node Type": "Gather Merge","Parent Relationship": "Outer","Parallel Aware": false,"Async Capable": false,"Startup Cost": 52021.13,"Total Cost": 52056.04,"Plan Rows": 15,"Plan Width": 24,"Actual Startup Time": 203.285,"Actual Total Time": 227.721,"Actual Rows": 20,"Actual Loops": 1,"Workers Planned": 3,"Workers Launched": 3,"Plans": [{"Node Type": "Aggregate","Strategy": "Sorted","Partial Mode": "Partial","Parent Relationship": "Outer","Parallel Aware": false,"Async Capable": false,"Startup Cost": 51021.09,"Total Cost": 51054.24,"Plan Rows": 5,"Plan Width": 24,"Actual Startup Time": 195.016,"Actual Total Time": 196.267,"Actual Rows": 5,"Actual Loops": 4,"Group Key": ["orders.o_orderpriority"],"Workers": [],"Plans": [{"Node Type": "Sort","Parent Relationship": "Outer","Parallel Aware": false,"Async Capable": false,"Startup Cost": 51021.09,"Total Cost": 51032.12,"Plan Rows": 4413,"Plan Width": 16,"Actual Startup Time": 194.670,"Actual Total Time": 195.213,"Actual Rows": 12850,"Actual Loops": 4,"Sort Key": ["orders.o_orderpriority"],"Sort Method": "quicksort","Sort Space Used": 1082,"Sort Space Type": "Memory","Workers": [{"Worker Number": 0,"Sort Method": "quicksort","Sort Space Used": 1095,"Sort Space Type": "Memory"},{"Worker Number": 1,"Sort Method": "quicksort","Sort Space Used": 1073,"Sort Space Type": "Memory"},{"Worker Number": 2,"Sort Method": "quicksort","Sort Space Used": 1099,"Sort Space Type": "Memory"}],"Plans": [{"Node Type": "Nested Loop","Parent Relationship": "Outer","Parallel Aware": false,"Async Capable": false,"Join Type": "Semi","Startup Cost": 799.26,"Total Cost": 50753.94,"Plan Rows": 4413,"Plan Width": 16,"Actual Startup Time": 4.875,"Actual Total Time": 188.562,"Actual Rows": 12850,"Actual Loops": 4,"Inner Unique": false,"Workers": [],"Plans": [{"Node Type": "Bitmap Heap Scan","Parent Relationship": "Outer","Parallel Aware": true,"Async Capable": false,"Relation Name": "orders","Alias": "orders","Startup Cost": 798.83,"Total Cost": 27172.54,"Plan Rows": 18580,"Plan Width": 20,"Actual Startup Time": 4.743,"Actual Total Time": 55.256,"Actual Rows": 13993,"Actual Loops": 4,"Recheck Cond": "((o_orderdate >= '1993-12-01'::date) AND (o_orderdate < '1994-03-01 00:00:00'::timestamp without time zone))","Rows Removed by Index Recheck": 0,"Exact Heap Blocks": 5712,"Lossy Heap Blocks": 0,"Workers": [],"Plans": [{"Node Type": "Bitmap Index Scan","Parent Relationship": "Outer","Parallel Aware": false,"Async Capable": false,"Index Name": "idx_orders_orderdate","Startup Cost": 0.00,"Total Cost": 784.43,"Plan Rows": 57600,"Plan Width": 0,"Actual Startup Time": 7.826,"Actual Total Time": 7.827,"Actual Rows": 55973,"Actual Loops": 1,"Index Cond": "((o_orderdate >= '1993-12-01'::date) AND (o_orderdate < '1994-03-01 00:00:00'::timestamp without time zone))","Workers": []}]},{"Node Type": "Index Scan","Parent Relationship": "Inner","Parallel Aware": false,"Async Capable": false,"Scan Direction": "Forward","Index Name": "idx_lineitem_orderkey","Relation Name": "lineitem","Alias": "lineitem","Startup Cost": 0.43,"Total Cost": 4.62,"Plan Rows": 6,"Plan Width": 4,"Actual Startup Time": 0.009,"Actual Total Time": 0.009,"Actual Rows": 1,"Actual Loops": 55973,"Index Cond": "(l_orderkey = orders.o_orderkey)","Rows Removed by Index Recheck": 0,"Filter": "(l_commitdate < l_receiptdate)","Rows Removed by Filter": 1,"Workers": []}]}]}]}]}]},"Planning Time": 4.325,"Triggers": [],"Execution Time": 228.374}]
[{"Plan": {"Node Type": "Aggregate","Strategy": "Sorted","Partial Mode": "Finalize","Parallel Aware": false,"Async Capable": false,"Startup Cost": 51060.97,"Total Cost": 51094.44,"Plan Rows": 5,"Plan Width": 24,"Actual Startup Time": 208.763,"Actual Total Time": 232.565,"Actual Rows": 5,"Actual Loops": 1,"Group Key": ["orders.o_orderpriority"],"Plans": [{"Node Type": "Gather Merge","Parent Relationship": "Outer","Parallel Aware": false,"Async Capable": false,"Startup Cost": 51060.97,"Total Cost": 51094.31,"Plan Rows": 15,"Plan Width": 24,"Actual Startup Time": 208.330,"Actual Total Time": 232.538,"Actual Rows": 20,"Actual Loops": 1,"Workers Planned": 3,"Workers Launched": 3,"Plans": [{"Node Type": "Aggregate","Strategy": "Sorted","Partial Mode": "Partial","Parent Relationship": "Outer","Parallel Aware": false,"Async Capable": false,"Startup Cost": 50060.93,"Total Cost": 50092.51,"Plan Rows": 5,"Plan Width": 24,"Actual Startup Time": 199.165,"Actual Total Time": 200.386,"Actual Rows": 5,"Actual Loops": 4,"Group Key": ["orders.o_orderpriority"],"Workers": [],"Plans": [{"Node Type": "Sort","Parent Relationship": "Outer","Parallel Aware": false,"Async Capable": false,"Startup Cost": 50060.93,"Total Cost": 50071.44,"Plan Rows": 4204,"Plan Width": 16,"Actual Startup Time": 198.803,"Actual Total Time": 199.328,"Actual Rows": 12782,"Actual Loops": 4,"Sort Key": ["orders.o_orderpriority"],"Sort Method": "quicksort","Sort Space Used": 1045,"Sort Space Type": "Memory","Workers": [{"Worker Number": 0,"Sort Method": "quicksort","Sort Space Used": 1115,"Sort Space Type": "Memory"},{"Worker Number": 1,"Sort Method": "quicksort","Sort Space Used": 1122,"Sort Space Type": "Memory"},{"Worker Number": 2,"Sort Method": "quicksort","Sort Space Used": 1052,"Sort Space Type": "Memory"}],"Plans": [{"Node Type": "Nested Loop","Parent Relationship": "Outer","Parallel Aware": false,"Async Capable": false,"Join Type": "Semi","Startup Cost": 759.26,"Total Cost": 49807.90,"Plan Rows": 4204,"Plan Width": 16,"Actual Startup Time": 4.671,"Actual Total Time": 192.469,"Actual Rows": 12782,"Actual Loops": 4,"Inner Unique": false,"Workers": [],"Plans": [{"Node Type": "Bitmap Heap Scan","Parent Relationship": "Outer","Parallel Aware": true,"Async Capable": false,"Relation Name": "orders","Alias": "orders","Startup Cost": 758.82,"Total Cost": 27119.31,"Plan Rows": 17699,"Plan Width": 20,"Actual Startup Time": 4.522,"Actual Total Time": 56.148,"Actual Rows": 13946,"Actual Loops": 4,"Recheck Cond": "((o_orderdate >= '1997-01-01'::date) AND (o_orderdate < '1997-04-01 00:00:00'::timestamp without time zone))","Rows Removed by Index Recheck": 0,"Exact Heap Blocks": 5517,"Lossy Heap Blocks": 0,"Workers": [],"Plans": [{"Node Type": "Bitmap Index Scan","Parent Relationship": "Outer","Parallel Aware": false,"Async Capable": false,"Index Name": "idx_orders_orderdate","Startup Cost": 0.00,"Total Cost": 745.11,"Plan Rows": 54868,"Plan Width": 0,"Actual Startup Time": 8.317,"Actual Total Time": 8.318,"Actual Rows": 55784,"Actual Loops": 1,"Index Cond": "((o_orderdate >= '1997-01-01'::date) AND (o_orderdate < '1997-04-01 00:00:00'::timestamp without time zone))","Workers": []}]},{"Node Type": "Index Scan","Parent Relationship": "Inner","Parallel Aware": false,"Async Capable": false,"Scan Direction": "Forward","Index Name": "idx_lineitem_orderkey","Relation Name": "lineitem","Alias": "lineitem","Startup Cost": 0.43,"Total Cost": 4.68,"Plan Rows": 6,"Plan Width": 4,"Actual Startup Time": 0.009,"Actual Total Time": 0.009,"Actual Rows": 1,"Actual Loops": 55784,"Index Cond": "(l_orderkey = orders.o_orderkey)","Rows Removed by Index Recheck": 0,"Filter": "(l_commitdate < l_receiptdate)","Rows Removed by Filter": 1,"Workers": []}]}]}]}]}]},"Planning Time": 4.572,"Triggers": [],"Execution Time": 233.189}]
[{"Plan": {"Node Type": "Aggregate","Strategy": "Sorted","Partial Mode": "Finalize","Parallel Aware": false,"Async Capable": false,"Startup Cost": 51546.43,"Total Cost": 51580.69,"Plan Rows": 5,"Plan Width": 24,"Actual Startup Time": 219.803,"Actual Total Time": 243.288,"Actual Rows": 5,"Actual Loops": 1,"Group Key": ["orders.o_orderpriority"],"Plans": [{"Node Type": "Gather Merge","Parent Relationship": "Outer","Parallel Aware": false,"Async Capable": false,"Startup Cost": 51546.43,"Total Cost": 51580.56,"Plan Rows": 15,"Plan Width": 24,"Actual Startup Time": 219.430,"Actual Total Time": 243.257,"Actual Rows": 20,"Actual Loops": 1,"Workers Planned": 3,"Workers Launched": 3,"Plans": [{"Node Type": "Aggregate","Strategy": "Sorted","Partial Mode": "Partial","Parent Relationship": "Outer","Parallel Aware": false,"Async Capable": false,"Startup Cost": 50546.39,"Total Cost": 50578.76,"Plan Rows": 5,"Plan Width": 24,"Actual Startup Time": 209.874,"Actual Total Time": 211.124,"Actual Rows": 5,"Actual Loops": 4,"Group Key": ["orders.o_orderpriority"],"Workers": [],"Plans": [{"Node Type": "Sort","Parent Relationship": "Outer","Parallel Aware": false,"Async Capable": false,"Startup Cost": 50546.39,"Total Cost": 50557.16,"Plan Rows": 4310,"Plan Width": 16,"Actual Startup Time": 209.522,"Actual Total Time": 210.038,"Actual Rows": 13218,"Actual Loops": 4,"Sort Key": ["orders.o_orderpriority"],"Sort Method": "quicksort","Sort Space Used": 1074,"Sort Space Type": "Memory","Workers": [{"Worker Number": 0,"Sort Method": "quicksort","Sort Space Used": 1069,"Sort Space Type": "Memory"},{"Worker Number": 1,"Sort Method": "quicksort","Sort Space Used": 1138,"Sort Space Type": "Memory"},{"Worker Number": 2,"Sort Method": "quicksort","Sort Space Used": 1148,"Sort Space Type": "Memory"}],"Plans": [{"Node Type": "Nested Loop","Parent Relationship": "Outer","Parallel Aware": false,"Async Capable": false,"Join Type": "Semi","Startup Cost": 777.41,"Total Cost": 50286.20,"Plan Rows": 4310,"Plan Width": 16,"Actual Startup Time": 4.922,"Actual Total Time": 202.949,"Actual Rows": 13218,"Actual Loops": 4,"Inner Unique": false,"Workers": [],"Plans": [{"Node Type": "Bitmap Heap Scan","Parent Relationship": "Outer","Parallel Aware": true,"Async Capable": false,"Relation Name": "orders","Alias": "orders","Startup Cost": 776.98,"Total Cost": 27144.15,"Plan Rows": 18145,"Plan Width": 20,"Actual Startup Time": 4.807,"Actual Total Time": 59.857,"Actual Rows": 14422,"Actual Loops": 4,"Recheck Cond": "((o_orderdate >= '1995-05-01'::date) AND (o_orderdate < '1995-08-01 00:00:00'::timestamp without time zone))","Rows Removed by Index Recheck": 0,"Exact Heap Blocks": 5616,"Lossy Heap Blocks": 0,"Workers": [],"Plans": [{"Node Type": "Bitmap Index Scan","Parent Relationship": "Outer","Parallel Aware": false,"Async Capable": false,"Index Name": "idx_orders_orderdate","Startup Cost": 0.00,"Total Cost": 762.92,"Plan Rows": 56249,"Plan Width": 0,"Actual Startup Time": 8.621,"Actual Total Time": 8.621,"Actual Rows": 57687,"Actual Loops": 1,"Index Cond": "((o_orderdate >= '1995-05-01'::date) AND (o_orderdate < '1995-08-01 00:00:00'::timestamp without time zone))","Workers": []}]},{"Node Type": "Index Scan","Parent Relationship": "Inner","Parallel Aware": false,"Async Capable": false,"Scan Direction": "Forward","Index Name": "idx_lineitem_orderkey","Relation Name": "lineitem","Alias": "lineitem","Startup Cost": 0.43,"Total Cost": 4.65,"Plan Rows": 6,"Plan Width": 4,"Actual Startup Time": 0.010,"Actual Total Time": 0.010,"Actual Rows": 1,"Actual Loops": 57687,"Index Cond": "(l_orderkey = orders.o_orderkey)","Rows Removed by Index Recheck": 0,"Filter": "(l_commitdate < l_receiptdate)","Rows Removed by Filter": 1,"Workers": []}]}]}]}]}]},"Planning Time": 5.478,"Triggers": [],"Execution Time": 243.818}]
[{"Plan": {"Node Type": "Aggregate","Strategy": "Sorted","Partial Mode": "Finalize","Parallel Aware": false,"Async Capable": false,"Startup Cost": 51933.44,"Total Cost": 51968.34,"Plan Rows": 5,"Plan Width": 24,"Actual Startup Time": 210.135,"Actual Total Time": 234.741,"Actual Rows": 5,"Actual Loops": 1,"Group Key": ["orders.o_orderpriority"],"Plans": [{"Node Type": "Gather Merge","Parent Relationship": "Outer","Parallel Aware": false,"Async Capable": false,"Startup Cost": 51933.44,"Total Cost": 51968.21,"Plan Rows": 15,"Plan Width": 24,"Actual Startup Time": 209.800,"Actual Total Time": 234.712,"Actual Rows": 20,"Actual Loops": 1,"Workers Planned": 3,"Workers Launched": 3,"Plans": [{"Node Type": "Aggregate","Strategy": "Sorted","Partial Mode": "Partial","Parent Relationship": "Outer","Parallel Aware": false,"Async Capable": false,"Startup Cost": 50933.40,"Total Cost": 50966.41,"Plan Rows": 5,"Plan Width": 24,"Actual Startup Time": 201.015,"Actual Total Time": 202.241,"Actual Rows": 5,"Actual Loops": 4,"Group Key": ["orders.o_orderpriority"],"Workers": [],"Plans": [{"Node Type": "Sort","Parent Relationship": "Outer","Parallel Aware": false,"Async Capable": false,"Startup Cost": 50933.40,"Total Cost": 50944.39,"Plan Rows": 4394,"Plan Width": 16,"Actual Startup Time": 200.667,"Actual Total Time": 201.175,"Actual Rows": 12952,"Actual Loops": 4,"Sort Key": ["orders.o_orderpriority"],"Sort Method": "quicksort","Sort Space Used": 1081,"Sort Space Type": "Memory","Workers": [{"Worker Number": 0,"Sort Method": "quicksort","Sort Space Used": 1073,"Sort Space Type": "Memory"},{"Worker Number": 1,"Sort Method": "quicksort","Sort Space Used": 1106,"Sort Space Type": "Memory"},{"Worker Number": 2,"Sort Method": "quicksort","Sort Space Used": 1111,"Sort Space Type": "Memory"}],"Plans": [{"Node Type": "Nested Loop","Parent Relationship": "Outer","Parallel Aware": false,"Async Capable": false,"Join Type": "Semi","Startup Cost": 792.75,"Total Cost": 50667.54,"Plan Rows": 4394,"Plan Width": 16,"Actual Startup Time": 5.437,"Actual Total Time": 194.283,"Actual Rows": 12952,"Actual Loops": 4,"Inner Unique": false,"Workers": [],"Plans": [{"Node Type": "Bitmap Heap Scan","Parent Relationship": "Outer","Parallel Aware": true,"Async Capable": false,"Relation Name": "orders","Alias": "orders","Startup Cost": 792.32,"Total Cost": 27164.84,"Plan Rows": 18502,"Plan Width": 20,"Actual Startup Time": 5.284,"Actual Total Time": 57.970,"Actual Rows": 14142,"Actual Loops": 4,"Recheck Cond": "((o_orderdate >= '1996-01-01'::date) AND (o_orderdate < '1996-04-01 00:00:00'::timestamp without time zone))","Rows Removed by Index Recheck": 0,"Exact Heap Blocks": 5656,"Lossy Heap Blocks": 0,"Workers": [],"Plans": [{"Node Type": "Bitmap Index Scan","Parent Relationship": "Outer","Parallel Aware": false,"Async Capable": false,"Index Name": "idx_orders_orderdate","Startup Cost": 0.00,"Total Cost": 777.98,"Plan Rows": 57355,"Plan Width": 0,"Actual Startup Time": 8.943,"Actual Total Time": 8.944,"Actual Rows": 56568,"Actual Loops": 1,"Index Cond": "((o_orderdate >= '1996-01-01'::date) AND (o_orderdate < '1996-04-01 00:00:00'::timestamp without time zone))","Workers": []}]},{"Node Type": "Index Scan","Parent Relationship": "Inner","Parallel Aware": false,"Async Capable": false,"Scan Direction": "Forward","Index Name": "idx_lineitem_orderkey","Relation Name": "lineitem","Alias": "lineitem","Startup Cost": 0.43,"Total Cost": 4.62,"Plan Rows": 6,"Plan Width": 4,"Actual Startup Time": 0.009,"Actual Total Time": 0.009,"Actual Rows": 1,"Actual Loops": 56568,"Index Cond": "(l_orderkey = orders.o_orderkey)","Rows Removed by Index Recheck": 0,"Filter": "(l_commitdate < l_receiptdate)","Rows Removed by Filter": 1,"Workers": []}]}]}]}]}]},"Planning Time": 4.607,"Triggers": [],"Execution Time": 235.195}]
[{"Plan": {"Node Type": "Aggregate","Strategy": "Sorted","Partial Mode": "Finalize","Parallel Aware": false,"Async Capable": false,"Startup Cost": 51011.39,"Total Cost": 51044.78,"Plan Rows": 5,"Plan Width": 24,"Actual Startup Time": 210.461,"Actual Total Time": 234.044,"Actual Rows": 5,"Actual Loops": 1,"Group Key": ["orders.o_orderpriority"],"Plans": [{"Node Type": "Gather Merge","Parent Relationship": "Outer","Parallel Aware": false,"Async Capable": false,"Startup Cost": 51011.39,"Total Cost": 51044.65,"Plan Rows": 15,"Plan Width": 24,"Actual Startup Time": 210.096,"Actual Total Time": 234.015,"Actual Rows": 20,"Actual Loops": 1,"Workers Planned": 3,"Workers Launched": 3,"Plans": [{"Node Type": "Aggregate","Strategy": "Sorted","Partial Mode": "Partial","Parent Relationship": "Outer","Parallel Aware": false,"Async Capable": false,"Startup Cost": 50011.35,"Total Cost": 50042.85,"Plan Rows": 5,"Plan Width": 24,"Actual Startup Time": 201.605,"Actual Total Time": 202.848,"Actual Rows": 5,"Actual Loops": 4,"Group Key": ["orders.o_orderpriority"],"Workers": [],"Plans": [{"Node Type": "Sort","Parent Relationship": "Outer","Parallel Aware": false,"Async Capable": false,"Startup Cost": 50011.35,"Total Cost": 50021.83,"Plan Rows": 4193,"Plan Width": 16,"Actual Startup Time": 201.266,"Actual Total Time": 201.779,"Actual Rows": 13126,"Actual Loops": 4,"Sort Key": ["orders.o_orderpriority"],"Sort Method": "quicksort","Sort Space Used": 1111,"Sort Space Type": "Memory","Workers": [{"Worker Number": 0,"Sort Method": "quicksort","Sort Space Used": 1101,"Sort Space Type": "Memory"},{"Worker Number": 1,"Sort Method": "quicksort","Sort Space Used": 1104,"Sort Space Type": "Memory"},{"Worker Number": 2,"Sort Method": "quicksort","Sort Space Used": 1095,"Sort Space Type": "Memory"}],"Plans": [{"Node Type": "Nested Loop","Parent Relationship": "Outer","Parallel Aware": false,"Async Capable": false,"Join Type": "Semi","Startup Cost": 757.77,"Total Cost": 49759.06,"Plan Rows": 4193,"Plan Width": 16,"Actual Startup Time": 5.095,"Actual Total Time": 194.943,"Actual Rows": 13126,"Actual Loops": 4,"Inner Unique": false,"Workers": [],"Plans": [{"Node Type": "Bitmap Heap Scan","Parent Relationship": "Outer","Parallel Aware": true,"Async Capable": false,"Relation Name": "orders","Alias": "orders","Startup Cost": 757.34,"Total Cost": 27117.13,"Plan Rows": 17653,"Plan Width": 20,"Actual Startup Time": 4.968,"Actual Total Time": 58.949,"Actual Rows": 14316,"Actual Loops": 4,"Recheck Cond": "((o_orderdate >= '1997-08-01'::date) AND (o_orderdate < '1997-11-01 00:00:00'::timestamp without time zone))","Rows Removed by Index Recheck": 0,"Exact Heap Blocks": 5880,"Lossy Heap Blocks": 0,"Workers": [],"Plans": [{"Node Type": "Bitmap Index Scan","Parent Relationship": "Outer","Parallel Aware": false,"Async Capable": false,"Index Name": "idx_orders_orderdate","Startup Cost": 0.00,"Total Cost": 743.66,"Plan Rows": 54723,"Plan Width": 0,"Actual Startup Time": 8.219,"Actual Total Time": 8.222,"Actual Rows": 57265,"Actual Loops": 1,"Index Cond": "((o_orderdate >= '1997-08-01'::date) AND (o_orderdate < '1997-11-01 00:00:00'::timestamp without time zone))","Workers": []}]},{"Node Type": "Index Scan","Parent Relationship": "Inner","Parallel Aware": false,"Async Capable": false,"Scan Direction": "Forward","Index Name": "idx_lineitem_orderkey","Relation Name": "lineitem","Alias": "lineitem","Startup Cost": 0.43,"Total Cost": 4.69,"Plan Rows": 6,"Plan Width": 4,"Actual Startup Time": 0.009,"Actual Total Time": 0.009,"Actual Rows": 1,"Actual Loops": 57265,"Index Cond": "(l_orderkey = orders.o_orderkey)","Rows Removed by Index Recheck": 0,"Filter": "(l_commitdate < l_receiptdate)","Rows Removed by Filter": 1,"Workers": []}]}]}]}]}]},"Planning Time": 5.789,"Triggers": [],"Execution Time": 234.434}]
[{"Plan": {"Node Type": "Aggregate","Strategy": "Sorted","Partial Mode": "Finalize","Parallel Aware": false,"Async Capable": false,"Startup Cost": 51787.75,"Total Cost": 51822.40,"Plan Rows": 5,"Plan Width": 24,"Actual Startup Time": 202.957,"Actual Total Time": 226.845,"Actual Rows": 5,"Actual Loops": 1,"Group Key": ["orders.o_orderpriority"],"Plans": [{"Node Type": "Gather Merge","Parent Relationship": "Outer","Parallel Aware": false,"Async Capable": false,"Startup Cost": 51787.75,"Total Cost": 51822.28,"Plan Rows": 15,"Plan Width": 24,"Actual Startup Time": 202.604,"Actual Total Time": 226.817,"Actual Rows": 20,"Actual Loops": 1,"Workers Planned": 3,"Workers Launched": 3,"Plans": [{"Node Type": "Aggregate","Strategy": "Sorted","Partial Mode": "Partial","Parent Relationship": "Outer","Parallel Aware": false,"Async Capable": false,"Startup Cost": 50787.71,"Total Cost": 50820.48,"Plan Rows": 5,"Plan Width": 24,"Actual Startup Time": 194.007,"Actual Total Time": 195.210,"Actual Rows": 5,"Actual Loops": 4,"Group Key": ["orders.o_orderpriority"],"Workers": [],"Plans": [{"Node Type": "Sort","Parent Relationship": "Outer","Parallel Aware": false,"Async Capable": false,"Startup Cost": 50787.71,"Total Cost": 50798.62,"Plan Rows": 4362,"Plan Width": 16,"Actual Startup Time": 193.661,"Actual Total Time": 194.173,"Actual Rows": 12702,"Actual Loops": 4,"Sort Key": ["orders.o_orderpriority"],"Sort Method": "quicksort","Sort Space Used": 1078,"Sort Space Type": "Memory","Workers": [{"Worker Number": 0,"Sort Method": "quicksort","Sort Space Used": 1094,"Sort Space Type": "Memory"},{"Worker Number": 1,"Sort Method": "quicksort","Sort Space Used": 1054,"Sort Space Type": "Memory"},{"Worker Number": 2,"Sort Method": "quicksort","Sort Space Used": 1091,"Sort Space Type": "Memory"}],"Plans": [{"Node Type": "Nested Loop","Parent Relationship": "Outer","Parallel Aware": false,"Async Capable": false,"Join Type": "Semi","Startup Cost": 788.43,"Total Cost": 50524.01,"Plan Rows": 4362,"Plan Width": 16,"Actual Startup Time": 4.762,"Actual Total Time": 187.476,"Actual Rows": 12702,"Actual Loops": 4,"Inner Unique": false,"Workers": [],"Plans": [{"Node Type": "Bitmap Heap Scan","Parent Relationship": "Outer","Parallel Aware": true,"Async Capable": false,"Relation Name": "orders","Alias": "orders","Startup Cost": 788.00,"Total Cost": 27158.49,"Plan Rows": 18366,"Plan Width": 20,"Actual Startup Time": 4.614,"Actual Total Time": 54.707,"Actual Rows": 13866,"Actual Loops": 4,"Recheck Cond": "((o_orderdate >= '1994-02-01'::date) AND (o_orderdate < '1994-05-01 00:00:00'::timestamp without time zone))","Rows Removed by Index Recheck": 0,"Exact Heap Blocks": 5687,"Lossy Heap Blocks": 0,"Workers": [],"Plans": [{"Node Type": "Bitmap Index Scan","Parent Relationship": "Outer","Parallel Aware": false,"Async Capable": false,"Index Name": "idx_orders_orderdate","Startup Cost": 0.00,"Total Cost": 773.77,"Plan Rows": 56934,"Plan Width": 0,"Actual Startup Time": 8.022,"Actual Total Time": 8.027,"Actual Rows": 55462,"Actual Loops": 1,"Index Cond": "((o_orderdate >= '1994-02-01'::date) AND (o_orderdate < '1994-05-01 00:00:00'::timestamp without time zone))","Workers": []}]},{"Node Type": "Index Scan","Parent Relationship": "Inner","Parallel Aware": false,"Async Capable": false,"Scan Direction": "Forward","Index Name": "idx_lineitem_orderkey","Relation Name": "lineitem","Alias": "lineitem","Startup Cost": 0.43,"Total Cost": 4.63,"Plan Rows": 6,"Plan Width": 4,"Actual Startup Time": 0.009,"Actual Total Time": 0.009,"Actual Rows": 1,"Actual Loops": 55462,"Index Cond": "(l_orderkey = orders.o_orderkey)","Rows Removed by Index Recheck": 0,"Filter": "(l_commitdate < l_receiptdate)","Rows Removed by Filter": 1,"Workers": []}]}]}]}]}]},"Planning Time": 4.085,"Triggers": [],"Execution Time": 227.544}]
[{"Plan": {"Node Type": "Aggregate","Strategy": "Sorted","Partial Mode": "Finalize","Parallel Aware": false,"Async Capable": false,"Startup Cost": 52021.13,"Total Cost": 52056.16,"Plan Rows": 5,"Plan Width": 24,"Actual Startup Time": 203.693,"Actual Total Time": 227.755,"Actual Rows": 5,"Actual Loops": 1,"Group Key": ["orders.o_orderpriority"],"Plans": [{"Node Type": "Gather Merge","Parent Relationship": "Outer","Parallel Aware": false,"Async Capable": false,"Startup Cost": 52021.13,"Total Cost": 52056.04,"Plan Rows": 15,"Plan Width": 24,"Actual Startup Time": 203.285,"Actual Total Time": 227.721,"Actual Rows": 20,"Actual Loops": 1,"Workers Planned": 3,"Workers Launched": 3,"Plans": [{"Node Type": "Aggregate","Strategy": "Sorted","Partial Mode": "Partial","Parent Relationship": "Outer","Parallel Aware": false,"Async Capable": false,"Startup Cost": 51021.09,"Total Cost": 51054.24,"Plan Rows": 5,"Plan Width": 24,"Actual Startup Time": 195.016,"Actual Total Time": 196.267,"Actual Rows": 5,"Actual Loops": 4,"Group Key": ["orders.o_orderpriority"],"Workers": [],"Plans": [{"Node Type": "Sort","Parent Relationship": "Outer","Parallel Aware": false,"Async Capable": false,"Startup Cost": 51021.09,"Total Cost": 51032.12,"Plan Rows": 4413,"Plan Width": 16,"Actual Startup Time": 194.670,"Actual Total Time": 195.213,"Actual Rows": 12850,"Actual Loops": 4,"Sort Key": ["orders.o_orderpriority"],"Sort Method": "quicksort","Sort Space Used": 1082,"Sort Space Type": "Memory","Workers": [{"Worker Number": 0,"Sort Method": "quicksort","Sort Space Used": 1095,"Sort Space Type": "Memory"},{"Worker Number": 1,"Sort Method": "quicksort","Sort Space Used": 1073,"Sort Space Type": "Memory"},{"Worker Number": 2,"Sort Method": "quicksort","Sort Space Used": 1099,"Sort Space Type": "Memory"}],"Plans": [{"Node Type": "Nested Loop","Parent Relationship": "Outer","Parallel Aware": false,"Async Capable": false,"Join Type": "Semi","Startup Cost": 799.26,"Total Cost": 50753.94,"Plan Rows": 4413,"Plan Width": 16,"Actual Startup Time": 4.875,"Actual Total Time": 188.562,"Actual Rows": 12850,"Actual Loops": 4,"Inner Unique": false,"Workers": [],"Plans": [{"Node Type": "Bitmap Heap Scan","Parent Relationship": "Outer","Parallel Aware": true,"Async Capable": false,"Relation Name": "orders","Alias": "orders","Startup Cost": 798.83,"Total Cost": 27172.54,"Plan Rows": 18580,"Plan Width": 20,"Actual Startup Time": 4.743,"Actual Total Time": 55.256,"Actual Rows": 13993,"Actual Loops": 4,"Recheck Cond": "((o_orderdate >= '1993-12-01'::date) AND (o_orderdate < '1994-03-01 00:00:00'::timestamp without time zone))","Rows Removed by Index Recheck": 0,"Exact Heap Blocks": 5712,"Lossy Heap Blocks": 0,"Workers": [],"Plans": [{"Node Type": "Bitmap Index Scan","Parent Relationship": "Outer","Parallel Aware": false,"Async Capable": false,"Index Name": "idx_orders_orderdate","Startup Cost": 0.00,"Total Cost": 784.43,"Plan Rows": 57600,"Plan Width": 0,"Actual Startup Time": 7.826,"Actual Total Time": 7.827,"Actual Rows": 55973,"Actual Loops": 1,"Index Cond": "((o_orderdate >= '1993-12-01'::date) AND (o_orderdate < '1994-03-01 00:00:00'::timestamp without time zone))","Workers": []}]},{"Node Type": "Index Scan","Parent Relationship": "Inner","Parallel Aware": false,"Async Capable": false,"Scan Direction": "Forward","Index Name": "idx_lineitem_orderkey","Relation Name": "lineitem","Alias": "lineitem","Startup Cost": 0.43,"Total Cost": 4.62,"Plan Rows": 6,"Plan Width": 4,"Actual Startup Time": 0.009,"Actual Total Time": 0.009,"Actual Rows": 1,"Actual Loops": 55973,"Index Cond": "(l_orderkey = orders.o_orderkey)","Rows Removed by Index Recheck": 0,"Filter": "(l_commitdate < l_receiptdate)","Rows Removed by Filter": 1,"Workers": []}]}]}]}]}]},"Planning Time": 4.325,"Triggers": [],"Execution Time": 228.374}]
[{"Plan": {"Node Type": "Aggregate","Strategy": "Sorted","Partial Mode": "Finalize","Parallel Aware": false,"Async Capable": false,"Startup Cost": 51011.39,"Total Cost": 51044.78,"Plan Rows": 5,"Plan Width": 24,"Actual Startup Time": 210.461,"Actual Total Time": 234.044,"Actual Rows": 5,"Actual Loops": 1,"Group Key": ["orders.o_orderpriority"],"Plans": [{"Node Type": "Gather Merge","Parent Relationship": "Outer","Parallel Aware": false,"Async Capable": false,"Startup Cost": 51011.39,"Total Cost": 51044.65,"Plan Rows": 15,"Plan Width": 24,"Actual Startup Time": 210.096,"Actual Total Time": 234.015,"Actual Rows": 20,"Actual Loops": 1,"Workers Planned": 3,"Workers Launched": 3,"Plans": [{"Node Type": "Aggregate","Strategy": "Sorted","Partial Mode": "Partial","Parent Relationship": "Outer","Parallel Aware": false,"Async Capable": false,"Startup Cost": 50011.35,"Total Cost": 50042.85,"Plan Rows": 5,"Plan Width": 24,"Actual Startup Time": 201.605,"Actual Total Time": 202.848,"Actual Rows": 5,"Actual Loops": 4,"Group Key": ["orders.o_orderpriority"],"Workers": [],"Plans": [{"Node Type": "Sort","Parent Relationship": "Outer","Parallel Aware": false,"Async Capable": false,"Startup Cost": 50011.35,"Total Cost": 50021.83,"Plan Rows": 4193,"Plan Width": 16,"Actual Startup Time": 201.266,"Actual Total Time": 201.779,"Actual Rows": 13126,"Actual Loops": 4,"Sort Key": ["orders.o_orderpriority"],"Sort Method": "quicksort","Sort Space Used": 1111,"Sort Space Type": "Memory","Workers": [{"Worker Number": 0,"Sort Method": "quicksort","Sort Space Used": 1101,"Sort Space Type": "Memory"},{"Worker Number": 1,"Sort Method": "quicksort","Sort Space Used": 1104,"Sort Space Type": "Memory"},{"Worker Number": 2,"Sort Method": "quicksort","Sort Space Used": 1095,"Sort Space Type": "Memory"}],"Plans": [{"Node Type": "Nested Loop","Parent Relationship": "Outer","Parallel Aware": false,"Async Capable": false,"Join Type": "Semi","Startup Cost": 757.77,"Total Cost": 49759.06,"Plan Rows": 4193,"Plan Width": 16,"Actual Startup Time": 5.095,"Actual Total Time": 194.943,"Actual Rows": 13126,"Actual Loops": 4,"Inner Unique": false,"Workers": [],"Plans": [{"Node Type": "Bitmap Heap Scan","Parent Relationship": "Outer","Parallel Aware": true,"Async Capable": false,"Relation Name": "orders","Alias": "orders","Startup Cost": 757.34,"Total Cost": 27117.13,"Plan Rows": 17653,"Plan Width": 20,"Actual Startup Time": 4.968,"Actual Total Time": 58.949,"Actual Rows": 14316,"Actual Loops": 4,"Recheck Cond": "((o_orderdate >= '1997-08-01'::date) AND (o_orderdate < '1997-11-01 00:00:00'::timestamp without time zone))","Rows Removed by Index Recheck": 0,"Exact Heap Blocks": 5880,"Lossy Heap Blocks": 0,"Workers": [],"Plans": [{"Node Type": "Bitmap Index Scan","Parent Relationship": "Outer","Parallel Aware": false,"Async Capable": false,"Index Name": "idx_orders_orderdate","Startup Cost": 0.00,"Total Cost": 743.66,"Plan Rows": 54723,"Plan Width": 0,"Actual Startup Time": 8.219,"Actual Total Time": 8.222,"Actual Rows": 57265,"Actual Loops": 1,"Index Cond": "((o_orderdate >= '1997-08-01'::date) AND (o_orderdate < '1997-11-01 00:00:00'::timestamp without time zone))","Workers": []}]},{"Node Type": "Index Scan","Parent Relationship": "Inner","Parallel Aware": false,"Async Capable": false,"Scan Direction": "Forward","Index Name": "idx_lineitem_orderkey","Relation Name": "lineitem","Alias": "lineitem","Startup Cost": 0.43,"Total Cost": 4.69,"Plan Rows": 6,"Plan Width": 4,"Actual Startup Time": 0.009,"Actual Total Time": 0.009,"Actual Rows": 1,"Actual Loops": 57265,"Index Cond": "(l_orderkey = orders.o_orderkey)","Rows Removed by Index Recheck": 0,"Filter": "(l_commitdate < l_receiptdate)","Rows Removed by Filter": 1,"Workers": []}]}]}]}]}]},"Planning Time": 5.789,"Triggers": [],"Execution Time": 234.434}]
[{"Plan": {"Node Type": "Aggregate","Strategy": "Sorted","Partial Mode": "Finalize","Parallel Aware": false,"Async Capable": false,"Startup Cost": 51845.54,"Total Cost": 51880.29,"Plan Rows": 5,"Plan Width": 24,"Actual Startup Time": 207.177,"Actual Total Time": 232.110,"Actual Rows": 5,"Actual Loops": 1,"Group Key": ["orders.o_orderpriority"],"Plans": [{"Node Type": "Gather Merge","Parent Relationship": "Outer","Parallel Aware": false,"Async Capable": false,"Startup Cost": 51845.54,"Total Cost": 51880.17,"Plan Rows": 15,"Plan Width": 24,"Actual Startup Time": 206.778,"Actual Total Time": 232.079,"Actual Rows": 20,"Actual Loops": 1,"Workers Planned": 3,"Workers Launched": 3,"Plans": [{"Node Type": "Aggregate","Strategy": "Sorted","Partial Mode": "Partial","Parent Relationship": "Outer","Parallel Aware": false,"Async Capable": false,"Startup Cost": 50845.50,"Total Cost": 50878.36,"Plan Rows": 5,"Plan Width": 24,"Actual Startup Time": 198.217,"Actual Total Time": 199.466,"Actual Rows": 5,"Actual Loops": 4,"Group Key": ["orders.o_orderpriority"],"Workers": [],"Plans": [{"Node Type": "Sort","Parent Relationship": "Outer","Parallel Aware": false,"Async Capable": false,"Startup Cost": 50845.50,"Total Cost": 50856.44,"Plan Rows": 4375,"Plan Width": 16,"Actual Startup Time": 197.865,"Actual Total Time": 198.399,"Actual Rows": 13003,"Actual Loops": 4,"Sort Key": ["orders.o_orderpriority"],"Sort Method": "quicksort","Sort Space Used": 1088,"Sort Space Type": "Memory","Workers": [{"Worker Number": 0,"Sort Method": "quicksort","Sort Space Used": 1109,"Sort Space Type": "Memory"},{"Worker Number": 1,"Sort Method": "quicksort","Sort Space Used": 1075,"Sort Space Type": "Memory"},{"Worker Number": 2,"Sort Method": "quicksort","Sort Space Used": 1111,"Sort Space Type": "Memory"}],"Plans": [{"Node Type": "Nested Loop","Parent Relationship": "Outer","Parallel Aware": false,"Async Capable": false,"Join Type": "Semi","Startup Cost": 790.17,"Total Cost": 50580.92,"Plan Rows": 4375,"Plan Width": 16,"Actual Startup Time": 5.194,"Actual Total Time": 191.534,"Actual Rows": 13003,"Actual Loops": 4,"Inner Unique": false,"Workers": [],"Plans": [{"Node Type": "Bitmap Heap Scan","Parent Relationship": "Outer","Parallel Aware": true,"Async Capable": false,"Relation Name": "orders","Alias": "orders","Startup Cost": 789.73,"Total Cost": 27161.04,"Plan Rows": 18420,"Plan Width": 20,"Actual Startup Time": 5.066,"Actual Total Time": 56.417,"Actual Rows": 14194,"Actual Loops": 4,"Recheck Cond": "((o_orderdate >= '1996-04-01'::date) AND (o_orderdate < '1996-07-01 00:00:00'::timestamp without time zone))","Rows Removed by Index Recheck": 0,"Exact Heap Blocks": 5706,"Lossy Heap Blocks": 0,"Workers": [],"Plans": [{"Node Type": "Bitmap Index Scan","Parent Relationship": "Outer","Parallel Aware": false,"Async Capable": false,"Index Name": "idx_orders_orderdate","Startup Cost": 0.00,"Total Cost": 775.46,"Plan Rows": 57103,"Plan Width": 0,"Actual Startup Time": 8.398,"Actual Total Time": 8.399,"Actual Rows": 56775,"Actual Loops": 1,"Index Cond": "((o_orderdate >= '1996-04-01'::date) AND (o_orderdate < '1996-07-01 00:00:00'::timestamp without time zone))","Workers": []}]},{"Node Type": "Index Scan","Parent Relationship": "Inner","Parallel Aware": false,"Async Capable": false,"Scan Direction": "Forward","Index Name": "idx_lineitem_orderkey","Relation Name": "lineitem","Alias": "lineitem","Startup Cost": 0.43,"Total Cost": 4.63,"Plan Rows": 6,"Plan Width": 4,"Actual Startup Time": 0.009,"Actual Total Time": 0.009,"Actual Rows": 1,"Actual Loops": 56775,"Index Cond": "(l_orderkey = orders.o_orderkey)","Rows Removed by Index Recheck": 0,"Filter": "(l_commitdate < l_receiptdate)","Rows Removed by Filter": 1,"Workers": []}]}]}]}]}]},"Planning Time": 4.671,"Triggers": [],"Execution Time": 232.791}]
[{"Plan": {"Node Type": "Aggregate","Strategy": "Sorted","Partial Mode": "Finalize","Parallel Aware": false,"Async Capable": false,"Startup Cost": 51600.04,"Total Cost": 51634.39,"Plan Rows": 5,"Plan Width": 24,"Actual Startup Time": 209.883,"Actual Total Time": 233.573,"Actual Rows": 5,"Actual Loops": 1,"Group Key": ["orders.o_orderpriority"],"Plans": [{"Node Type": "Gather Merge","Parent Relationship": "Outer","Parallel Aware": false,"Async Capable": false,"Startup Cost": 51600.04,"Total Cost": 51634.27,"Plan Rows": 15,"Plan Width": 24,"Actual Startup Time": 209.491,"Actual Total Time": 233.547,"Actual Rows": 20,"Actual Loops": 1,"Workers Planned": 3,"Workers Launched": 3,"Plans": [{"Node Type": "Aggregate","Strategy": "Sorted","Partial Mode": "Partial","Parent Relationship": "Outer","Parallel Aware": false,"Async Capable": false,"Startup Cost": 50600.00,"Total Cost": 50632.47,"Plan Rows": 5,"Plan Width": 24,"Actual Startup Time": 200.555,"Actual Total Time": 201.777,"Actual Rows": 5,"Actual Loops": 4,"Group Key": ["orders.o_orderpriority"],"Workers": [],"Plans": [{"Node Type": "Sort","Parent Relationship": "Outer","Parallel Aware": false,"Async Capable": false,"Startup Cost": 50600.00,"Total Cost": 50610.81,"Plan Rows": 4322,"Plan Width": 16,"Actual Startup Time": 200.215,"Actual Total Time": 200.732,"Actual Rows": 12804,"Actual Loops": 4,"Sort Key": ["orders.o_orderpriority"],"Sort Method": "quicksort","Sort Space Used": 1105,"Sort Space Type": "Memory","Workers": [{"Worker Number": 0,"Sort Method": "quicksort","Sort Space Used": 1078,"Sort Space Type": "Memory"},{"Worker Number": 1,"Sort Method": "quicksort","Sort Space Used": 1077,"Sort Space Type": "Memory"},{"Worker Number": 2,"Sort Method": "quicksort","Sort Space Used": 1079,"Sort Space Type": "Memory"}],"Plans": [{"Node Type": "Nested Loop","Parent Relationship": "Outer","Parallel Aware": false,"Async Capable": false,"Join Type": "Semi","Startup Cost": 779.02,"Total Cost": 50339.01,"Plan Rows": 4322,"Plan Width": 16,"Actual Startup Time": 5.636,"Actual Total Time": 193.920,"Actual Rows": 12804,"Actual Loops": 4,"Inner Unique": false,"Workers": [],"Plans": [{"Node Type": "Bitmap Heap Scan","Parent Relationship": "Outer","Parallel Aware": true,"Async Capable": false,"Relation Name": "orders","Alias": "orders","Startup Cost": 778.59,"Total Cost": 27146.52,"Plan Rows": 18195,"Plan Width": 20,"Actual Startup Time": 5.497,"Actual Total Time": 58.362,"Actual Rows": 13981,"Actual Loops": 4,"Recheck Cond": "((o_orderdate >= '1993-01-01'::date) AND (o_orderdate < '1993-04-01 00:00:00'::timestamp without time zone))","Rows Removed by Index Recheck": 0,"Exact Heap Blocks": 5903,"Lossy Heap Blocks": 0,"Workers": [],"Plans": [{"Node Type": "Bitmap Index Scan","Parent Relationship": "Outer","Parallel Aware": false,"Async Capable": false,"Index Name": "idx_orders_orderdate","Startup Cost": 0.00,"Total Cost": 764.49,"Plan Rows": 56406,"Plan Width": 0,"Actual Startup Time": 9.185,"Actual Total Time": 9.187,"Actual Rows": 55924,"Actual Loops": 1,"Index Cond": "((o_orderdate >= '1993-01-01'::date) AND (o_orderdate < '1993-04-01 00:00:00'::timestamp without time zone))","Workers": []}]},{"Node Type": "Index Scan","Parent Relationship": "Inner","Parallel Aware": false,"Async Capable": false,"Scan Direction": "Forward","Index Name": "idx_lineitem_orderkey","Relation Name": "lineitem","Alias": "lineitem","Startup Cost": 0.43,"Total Cost": 4.65,"Plan Rows": 6,"Plan Width": 4,"Actual Startup Time": 0.009,"Actual Total Time": 0.009,"Actual Rows": 1,"Actual Loops": 55924,"Index Cond": "(l_orderkey = orders.o_orderkey)","Rows Removed by Index Recheck": 0,"Filter": "(l_commitdate < l_receiptdate)","Rows Removed by Filter": 1,"Workers": []}]}]}]}]}]},"Planning Time": 4.372,"Triggers": [],"Execution Time": 234.017}]
[{"Plan": {"Node Type": "Aggregate","Strategy": "Sorted","Partial Mode": "Finalize","Parallel Aware": false,"Async Capable": false,"Startup Cost": 51385.62,"Total Cost": 51419.61,"Plan Rows": 5,"Plan Width": 24,"Actual Startup Time": 204.677,"Actual Total Time": 227.427,"Actual Rows": 5,"Actual Loops": 1,"Group Key": ["orders.o_orderpriority"],"Plans": [{"Node Type": "Gather Merge","Parent Relationship": "Outer","Parallel Aware": false,"Async Capable": false,"Startup Cost": 51385.62,"Total Cost": 51419.48,"Plan Rows": 15,"Plan Width": 24,"Actual Startup Time": 204.256,"Actual Total Time": 227.400,"Actual Rows": 20,"Actual Loops": 1,"Workers Planned": 3,"Workers Launched": 3,"Plans": [{"Node Type": "Aggregate","Strategy": "Sorted","Partial Mode": "Partial","Parent Relationship": "Outer","Parallel Aware": false,"Async Capable": false,"Startup Cost": 50385.58,"Total Cost": 50417.68,"Plan Rows": 5,"Plan Width": 24,"Actual Startup Time": 194.834,"Actual Total Time": 196.154,"Actual Rows": 5,"Actual Loops": 4,"Group Key": ["orders.o_orderpriority"],"Workers": [],"Plans": [{"Node Type": "Sort","Parent Relationship": "Outer","Parallel Aware": false,"Async Capable": false,"Startup Cost": 50385.58,"Total Cost": 50396.26,"Plan Rows": 4274,"Plan Width": 16,"Actual Startup Time": 194.461,"Actual Total Time": 195.077,"Actual Rows": 12672,"Actual Loops": 4,"Sort Key": ["orders.o_orderpriority"],"Sort Method": "quicksort","Sort Space Used": 1091,"Sort Space Type": "Memory","Workers": [{"Worker Number": 0,"Sort Method": "quicksort","Sort Space Used": 1078,"Sort Space Type": "Memory"},{"Worker Number": 1,"Sort Method": "quicksort","Sort Space Used": 1070,"Sort Space Type": "Memory"},{"Worker Number": 2,"Sort Method": "quicksort","Sort Space Used": 1070,"Sort Space Type": "Memory"}],"Plans": [{"Node Type": "Nested Loop","Parent Relationship": "Outer","Parallel Aware": false,"Async Capable": false,"Join Type": "Semi","Startup Cost": 772.67,"Total Cost": 50127.83,"Plan Rows": 4274,"Plan Width": 16,"Actual Startup Time": 5.232,"Actual Total Time": 188.261,"Actual Rows": 12672,"Actual Loops": 4,"Inner Unique": false,"Workers": [],"Plans": [{"Node Type": "Bitmap Heap Scan","Parent Relationship": "Outer","Parallel Aware": true,"Async Capable": false,"Relation Name": "orders","Alias": "orders","Startup Cost": 772.23,"Total Cost": 27137.17,"Plan Rows": 17996,"Plan Width": 20,"Actual Startup Time": 5.082,"Actual Total Time": 55.866,"Actual Rows": 13816,"Actual Loops": 4,"Recheck Cond": "((o_orderdate >= '1993-02-01'::date) AND (o_orderdate < '1993-05-01 00:00:00'::timestamp without time zone))","Rows Removed by Index Recheck": 0,"Exact Heap Blocks": 5921,"Lossy Heap Blocks": 0,"Workers": [],"Plans": [{"Node Type": "Bitmap Index Scan","Parent Relationship": "Outer","Parallel Aware": false,"Async Capable": false,"Index Name": "idx_orders_orderdate","Startup Cost": 0.00,"Total Cost": 758.29,"Plan Rows": 55786,"Plan Width": 0,"Actual Startup Time": 8.614,"Actual Total Time": 8.615,"Actual Rows": 55266,"Actual Loops": 1,"Index Cond": "((o_orderdate >= '1993-02-01'::date) AND (o_orderdate < '1993-05-01 00:00:00'::timestamp without time zone))","Workers": []}]},{"Node Type": "Index Scan","Parent Relationship": "Inner","Parallel Aware": false,"Async Capable": false,"Scan Direction": "Forward","Index Name": "idx_lineitem_orderkey","Relation Name": "lineitem","Alias": "lineitem","Startup Cost": 0.43,"Total Cost": 4.66,"Plan Rows": 6,"Plan Width": 4,"Actual Startup Time": 0.009,"Actual Total Time": 0.009,"Actual Rows": 1,"Actual Loops": 55266,"Index Cond": "(l_orderkey = orders.o_orderkey)","Rows Removed by Index Recheck": 0,"Filter": "(l_commitdate < l_receiptdate)","Rows Removed by Filter": 1,"Workers": []}]}]}]}]}]},"Planning Time": 4.231,"Triggers": [],"Execution Time": 227.850}]
[{"Plan": {"Node Type": "Aggregate","Strategy": "Sorted","Partial Mode": "Finalize","Parallel Aware": false,"Async Capable": false,"Startup Cost": 51000.15,"Total Cost": 51033.51,"Plan Rows": 5,"Plan Width": 24,"Actual Startup Time": 209.454,"Actual Total Time": 233.083,"Actual Rows": 5,"Actual Loops": 1,"Group Key": ["orders.o_orderpriority"],"Plans": [{"Node Type": "Gather Merge","Parent Relationship": "Outer","Parallel Aware": false,"Async Capable": false,"Startup Cost": 51000.15,"Total Cost": 51033.39,"Plan Rows": 15,"Plan Width": 24,"Actual Startup Time": 209.023,"Actual Total Time": 233.061,"Actual Rows": 20,"Actual Loops": 1,"Workers Planned": 3,"Workers Launched": 3,"Plans": [{"Node Type": "Aggregate","Strategy": "Sorted","Partial Mode": "Partial","Parent Relationship": "Outer","Parallel Aware": false,"Async Capable": false,"Startup Cost": 50000.11,"Total Cost": 50031.58,"Plan Rows": 5,"Plan Width": 24,"Actual Startup Time": 200.427,"Actual Total Time": 201.671,"Actual Rows": 5,"Actual Loops": 4,"Group Key": ["orders.o_orderpriority"],"Workers": [],"Plans": [{"Node Type": "Sort","Parent Relationship": "Outer","Parallel Aware": false,"Async Capable": false,"Startup Cost": 50000.11,"Total Cost": 50010.58,"Plan Rows": 4190,"Plan Width": 16,"Actual Startup Time": 200.064,"Actual Total Time": 200.592,"Actual Rows": 13087,"Actual Loops": 4,"Sort Key": ["orders.o_orderpriority"],"Sort Method": "quicksort","Sort Space Used": 1111,"Sort Space Type": "Memory","Workers": [{"Worker Number": 0,"Sort Method": "quicksort","Sort Space Used": 1092,"Sort Space Type": "Memory"},{"Worker Number": 1,"Sort Method": "quicksort","Sort Space Used": 1104,"Sort Space Type": "Memory"},{"Worker Number": 2,"Sort Method": "quicksort","Sort Space Used": 1093,"Sort Space Type": "Memory"}],"Plans": [{"Node Type": "Nested Loop","Parent Relationship": "Outer","Parallel Aware": false,"Async Capable": false,"Join Type": "Semi","Startup Cost": 757.46,"Total Cost": 49748.02,"Plan Rows": 4190,"Plan Width": 16,"Actual Startup Time": 4.791,"Actual Total Time": 193.653,"Actual Rows": 13087,"Actual Loops": 4,"Inner Unique": false,"Workers": [],"Plans": [{"Node Type": "Bitmap Heap Scan","Parent Relationship": "Outer","Parallel Aware": true,"Async Capable": false,"Relation Name": "orders","Alias": "orders","Startup Cost": 757.03,"Total Cost": 27116.67,"Plan Rows": 17643,"Plan Width": 20,"Actual Startup Time": 4.686,"Actual Total Time": 58.677,"Actual Rows": 14273,"Actual Loops": 4,"Recheck Cond": "((o_orderdate >= '1993-05-01'::date) AND (o_orderdate < '1993-08-01 00:00:00'::timestamp without time zone))","Rows Removed by Index Recheck": 0,"Exact Heap Blocks": 5931,"Lossy Heap Blocks": 0,"Workers": [],"Plans": [{"Node Type": "Bitmap Index Scan","Parent Relationship": "Outer","Parallel Aware": false,"Async Capable": false,"Index Name": "idx_orders_orderdate","Startup Cost": 0.00,"Total Cost": 743.36,"Plan Rows": 54693,"Plan Width": 0,"Actual Startup Time": 8.053,"Actual Total Time": 8.053,"Actual Rows": 57093,"Actual Loops": 1,"Index Cond": "((o_orderdate >= '1993-05-01'::date) AND (o_orderdate < '1993-08-01 00:00:00'::timestamp without time zone))","Workers": []}]},{"Node Type": "Index Scan","Parent Relationship": "Inner","Parallel Aware": false,"Async Capable": false,"Scan Direction": "Forward","Index Name": "idx_lineitem_orderkey","Relation Name": "lineitem","Alias": "lineitem","Startup Cost": 0.43,"Total Cost": 4.69,"Plan Rows": 6,"Plan Width": 4,"Actual Startup Time": 0.009,"Actual Total Time": 0.009,"Actual Rows": 1,"Actual Loops": 57093,"Index Cond": "(l_orderkey = orders.o_orderkey)","Rows Removed by Index Recheck": 0,"Filter": "(l_commitdate < l_receiptdate)","Rows Removed by Filter": 1,"Workers": []}]}]}]}]}]},"Planning Time": 5.279,"Triggers": [],"Execution Time": 233.490}]
[{"Plan": {"Node Type": "Aggregate","Strategy": "Sorted","Partial Mode": "Finalize","Parallel Aware": false,"Async Capable": false,"Startup Cost": 52009.08,"Total Cost": 52044.09,"Plan Rows": 5,"Plan Width": 24,"Actual Startup Time": 215.869,"Actual Total Time": 240.226,"Actual Rows": 5,"Actual Loops": 1,"Group Key": ["orders.o_orderpriority"],"Plans": [{"Node Type": "Gather Merge","Parent Relationship": "Outer","Parallel Aware": false,"Async Capable": false,"Startup Cost": 52009.08,"Total Cost": 52043.97,"Plan Rows": 15,"Plan Width": 24,"Actual Startup Time": 215.457,"Actual Total Time": 240.206,"Actual Rows": 20,"Actual Loops": 1,"Workers Planned": 3,"Workers Launched": 3,"Plans": [{"Node Type": "Aggregate","Strategy": "Sorted","Partial Mode": "Partial","Parent Relationship": "Outer","Parallel Aware": false,"Async Capable": false,"Startup Cost": 51009.04,"Total Cost": 51042.16,"Plan Rows": 5,"Plan Width": 24,"Actual Startup Time": 207.183,"Actual Total Time": 208.446,"Actual Rows": 5,"Actual Loops": 4,"Group Key": ["orders.o_orderpriority"],"Workers": [],"Plans": [{"Node Type": "Sort","Parent Relationship": "Outer","Parallel Aware": false,"Async Capable": false,"Startup Cost": 51009.04,"Total Cost": 51020.06,"Plan Rows": 4410,"Plan Width": 16,"Actual Startup Time": 206.806,"Actual Total Time": 207.370,"Actual Rows": 13098,"Actual Loops": 4,"Sort Key": ["orders.o_orderpriority"],"Sort Method": "quicksort","Sort Space Used": 1123,"Sort Space Type": "Memory","Workers": [{"Worker Number": 0,"Sort Method": "quicksort","Sort Space Used": 1108,"Sort Space Type": "Memory"},{"Worker Number": 1,"Sort Method": "quicksort","Sort Space Used": 1075,"Sort Space Type": "Memory"},{"Worker Number": 2,"Sort Method": "quicksort","Sort Space Used": 1097,"Sort Space Type": "Memory"}],"Plans": [{"Node Type": "Nested Loop","Parent Relationship": "Outer","Parallel Aware": false,"Async Capable": false,"Join Type": "Semi","Startup Cost": 798.90,"Total Cost": 50742.09,"Plan Rows": 4410,"Plan Width": 16,"Actual Startup Time": 7.655,"Actual Total Time": 200.298,"Actual Rows": 13098,"Actual Loops": 4,"Inner Unique": false,"Workers": [],"Plans": [{"Node Type": "Bitmap Heap Scan","Parent Relationship": "Outer","Parallel Aware": true,"Async Capable": false,"Relation Name": "orders","Alias": "orders","Startup Cost": 798.47,"Total Cost": 27172.01,"Plan Rows": 18569,"Plan Width": 20,"Actual Startup Time": 7.548,"Actual Total Time": 58.251,"Actual Rows": 14284,"Actual Loops": 4,"Recheck Cond": "((o_orderdate >= '1993-08-01'::date) AND (o_orderdate < '1993-11-01 00:00:00'::timestamp without time zone))","Rows Removed by Index Recheck": 0,"Exact Heap Blocks": 5961,"Lossy Heap Blocks": 0,"Workers": [],"Plans": [{"Node Type": "Bitmap Index Scan","Parent Relationship": "Outer","Parallel Aware": false,"Async Capable": false,"Index Name": "idx_orders_orderdate","Startup Cost": 0.00,"Total Cost": 784.08,"Plan Rows": 57565,"Plan Width": 0,"Actual Startup Time": 10.621,"Actual Total Time": 10.624,"Actual Rows": 57138,"Actual Loops": 1,"Index Cond": "((o_orderdate >= '1993-08-01'::date) AND (o_orderdate < '1993-11-01 00:00:00'::timestamp without time zone))","Workers": []}]},{"Node Type": "Index Scan","Parent Relationship": "Inner","Parallel Aware": false,"Async Capable": false,"Scan Direction": "Forward","Index Name": "idx_lineitem_orderkey","Relation Name": "lineitem","Alias": "lineitem","Startup Cost": 0.43,"Total Cost": 4.62,"Plan Rows": 6,"Plan Width": 4,"Actual Startup Time": 0.010,"Actual Total Time": 0.010,"Actual Rows": 1,"Actual Loops": 57138,"Index Cond": "(l_orderkey = orders.o_orderkey)","Rows Removed by Index Recheck": 0,"Filter": "(l_commitdate < l_receiptdate)","Rows Removed by Filter": 1,"Workers": []}]}]}]}]}]},"Planning Time": 4.337,"Triggers": [],"Execution Time": 240.936}]
[{"Plan": {"Node Type": "Aggregate","Strategy": "Sorted","Partial Mode": "Finalize","Parallel Aware": false,"Async Capable": false,"Startup Cost": 50972.15,"Total Cost": 51005.47,"Plan Rows": 5,"Plan Width": 24,"Actual Startup Time": 203.120,"Actual Total Time": 227.959,"Actual Rows": 5,"Actual Loops": 1,"Group Key": ["orders.o_orderpriority"],"Plans": [{"Node Type": "Gather Merge","Parent Relationship": "Outer","Parallel Aware": false,"Async Capable": false,"Startup Cost": 50972.15,"Total Cost": 51005.34,"Plan Rows": 15,"Plan Width": 24,"Actual Startup Time": 202.784,"Actual Total Time": 227.929,"Actual Rows": 20,"Actual Loops": 1,"Workers Planned": 3,"Workers Launched": 3,"Plans": [{"Node Type": "Aggregate","Strategy": "Sorted","Partial Mode": "Partial","Parent Relationship": "Outer","Parallel Aware": false,"Async Capable": false,"Startup Cost": 49972.11,"Total Cost": 50003.54,"Plan Rows": 5,"Plan Width": 24,"Actual Startup Time": 194.409,"Actual Total Time": 195.620,"Actual Rows": 5,"Actual Loops": 4,"Group Key": ["orders.o_orderpriority"],"Workers": [],"Plans": [{"Node Type": "Sort","Parent Relationship": "Outer","Parallel Aware": false,"Async Capable": false,"Startup Cost": 49972.11,"Total Cost": 49982.57,"Plan Rows": 4184,"Plan Width": 16,"Actual Startup Time": 194.085,"Actual Total Time": 194.589,"Actual Rows": 12754,"Actual Loops": 4,"Sort Key": ["orders.o_orderpriority"],"Sort Method": "quicksort","Sort Space Used": 1068,"Sort Space Type": "Memory","Workers": [{"Worker Number": 0,"Sort Method": "quicksort","Sort Space Used": 1094,"Sort Space Type": "Memory"},{"Worker Number": 1,"Sort Method": "quicksort","Sort Space Used": 1069,"Sort Space Type": "Memory"},{"Worker Number": 2,"Sort Method": "quicksort","Sort Space Used": 1096,"Sort Space Type": "Memory"}],"Plans": [{"Node Type": "Nested Loop","Parent Relationship": "Outer","Parallel Aware": false,"Async Capable": false,"Join Type": "Semi","Startup Cost": 756.62,"Total Cost": 49720.43,"Plan Rows": 4184,"Plan Width": 16,"Actual Startup Time": 4.954,"Actual Total Time": 187.804,"Actual Rows": 12754,"Actual Loops": 4,"Inner Unique": false,"Workers": [],"Plans": [{"Node Type": "Bitmap Heap Scan","Parent Relationship": "Outer","Parallel Aware": true,"Async Capable": false,"Relation Name": "orders","Alias": "orders","Startup Cost": 756.19,"Total Cost": 27115.44,"Plan Rows": 17617,"Plan Width": 20,"Actual Startup Time": 4.825,"Actual Total Time": 55.378,"Actual Rows": 13875,"Actual Loops": 4,"Recheck Cond": "((o_orderdate >= '1997-02-01'::date) AND (o_orderdate < '1997-05-01 00:00:00'::timestamp without time zone))","Rows Removed by Index Recheck": 0,"Exact Heap Blocks": 5706,"Lossy Heap Blocks": 0,"Workers": [],"Plans": [{"Node Type": "Bitmap Index Scan","Parent Relationship": "Outer","Parallel Aware": false,"Async Capable": false,"Index Name": "idx_orders_orderdate","Startup Cost": 0.00,"Total Cost": 742.54,"Plan Rows": 54611,"Plan Width": 0,"Actual Startup Time": 8.081,"Actual Total Time": 8.083,"Actual Rows": 55500,"Actual Loops": 1,"Index Cond": "((o_orderdate >= '1997-02-01'::date) AND (o_orderdate < '1997-05-01 00:00:00'::timestamp without time zone))","Workers": []}]},{"Node Type": "Index Scan","Parent Relationship": "Inner","Parallel Aware": false,"Async Capable": false,"Scan Direction": "Forward","Index Name": "idx_lineitem_orderkey","Relation Name": "lineitem","Alias": "lineitem","Startup Cost": 0.43,"Total Cost": 4.69,"Plan Rows": 6,"Plan Width": 4,"Actual Startup Time": 0.009,"Actual Total Time": 0.009,"Actual Rows": 1,"Actual Loops": 55500,"Index Cond": "(l_orderkey = orders.o_orderkey)","Rows Removed by Index Recheck": 0,"Filter": "(l_commitdate < l_receiptdate)","Rows Removed by Filter": 1,"Workers": []}]}]}]}]}]},"Planning Time": 5.807,"Triggers": [],"Execution Time": 228.643}]
[{"Plan": {"Node Type": "Aggregate","Strategy": "Sorted","Partial Mode": "Finalize","Parallel Aware": false,"Async Capable": false,"Startup Cost": 51787.75,"Total Cost": 51822.40,"Plan Rows": 5,"Plan Width": 24,"Actual Startup Time": 202.957,"Actual Total Time": 226.845,"Actual Rows": 5,"Actual Loops": 1,"Group Key": ["orders.o_orderpriority"],"Plans": [{"Node Type": "Gather Merge","Parent Relationship": "Outer","Parallel Aware": false,"Async Capable": false,"Startup Cost": 51787.75,"Total Cost": 51822.28,"Plan Rows": 15,"Plan Width": 24,"Actual Startup Time": 202.604,"Actual Total Time": 226.817,"Actual Rows": 20,"Actual Loops": 1,"Workers Planned": 3,"Workers Launched": 3,"Plans": [{"Node Type": "Aggregate","Strategy": "Sorted","Partial Mode": "Partial","Parent Relationship": "Outer","Parallel Aware": false,"Async Capable": false,"Startup Cost": 50787.71,"Total Cost": 50820.48,"Plan Rows": 5,"Plan Width": 24,"Actual Startup Time": 194.007,"Actual Total Time": 195.210,"Actual Rows": 5,"Actual Loops": 4,"Group Key": ["orders.o_orderpriority"],"Workers": [],"Plans": [{"Node Type": "Sort","Parent Relationship": "Outer","Parallel Aware": false,"Async Capable": false,"Startup Cost": 50787.71,"Total Cost": 50798.62,"Plan Rows": 4362,"Plan Width": 16,"Actual Startup Time": 193.661,"Actual Total Time": 194.173,"Actual Rows": 12702,"Actual Loops": 4,"Sort Key": ["orders.o_orderpriority"],"Sort Method": "quicksort","Sort Space Used": 1078,"Sort Space Type": "Memory","Workers": [{"Worker Number": 0,"Sort Method": "quicksort","Sort Space Used": 1094,"Sort Space Type": "Memory"},{"Worker Number": 1,"Sort Method": "quicksort","Sort Space Used": 1054,"Sort Space Type": "Memory"},{"Worker Number": 2,"Sort Method": "quicksort","Sort Space Used": 1091,"Sort Space Type": "Memory"}],"Plans": [{"Node Type": "Nested Loop","Parent Relationship": "Outer","Parallel Aware": false,"Async Capable": false,"Join Type": "Semi","Startup Cost": 788.43,"Total Cost": 50524.01,"Plan Rows": 4362,"Plan Width": 16,"Actual Startup Time": 4.762,"Actual Total Time": 187.476,"Actual Rows": 12702,"Actual Loops": 4,"Inner Unique": false,"Workers": [],"Plans": [{"Node Type": "Bitmap Heap Scan","Parent Relationship": "Outer","Parallel Aware": true,"Async Capable": false,"Relation Name": "orders","Alias": "orders","Startup Cost": 788.00,"Total Cost": 27158.49,"Plan Rows": 18366,"Plan Width": 20,"Actual Startup Time": 4.614,"Actual Total Time": 54.707,"Actual Rows": 13866,"Actual Loops": 4,"Recheck Cond": "((o_orderdate >= '1994-02-01'::date) AND (o_orderdate < '1994-05-01 00:00:00'::timestamp without time zone))","Rows Removed by Index Recheck": 0,"Exact Heap Blocks": 5687,"Lossy Heap Blocks": 0,"Workers": [],"Plans": [{"Node Type": "Bitmap Index Scan","Parent Relationship": "Outer","Parallel Aware": false,"Async Capable": false,"Index Name": "idx_orders_orderdate","Startup Cost": 0.00,"Total Cost": 773.77,"Plan Rows": 56934,"Plan Width": 0,"Actual Startup Time": 8.022,"Actual Total Time": 8.027,"Actual Rows": 55462,"Actual Loops": 1,"Index Cond": "((o_orderdate >= '1994-02-01'::date) AND (o_orderdate < '1994-05-01 00:00:00'::timestamp without time zone))","Workers": []}]},{"Node Type": "Index Scan","Parent Relationship": "Inner","Parallel Aware": false,"Async Capable": false,"Scan Direction": "Forward","Index Name": "idx_lineitem_orderkey","Relation Name": "lineitem","Alias": "lineitem","Startup Cost": 0.43,"Total Cost": 4.63,"Plan Rows": 6,"Plan Width": 4,"Actual Startup Time": 0.009,"Actual Total Time": 0.009,"Actual Rows": 1,"Actual Loops": 55462,"Index Cond": "(l_orderkey = orders.o_orderkey)","Rows Removed by Index Recheck": 0,"Filter": "(l_commitdate < l_receiptdate)","Rows Removed by Filter": 1,"Workers": []}]}]}]}]}]},"Planning Time": 4.085,"Triggers": [],"Execution Time": 227.544}]
[{"Plan": {"Node Type": "Aggregate","Strategy": "Sorted","Partial Mode": "Finalize","Parallel Aware": false,"Async Capable": false,"Startup Cost": 51563.06,"Total Cost": 51597.36,"Plan Rows": 5,"Plan Width": 24,"Actual Startup Time": 209.353,"Actual Total Time": 233.705,"Actual Rows": 5,"Actual Loops": 1,"Group Key": ["orders.o_orderpriority"],"Plans": [{"Node Type": "Gather Merge","Parent Relationship": "Outer","Parallel Aware": false,"Async Capable": false,"Startup Cost": 51563.06,"Total Cost": 51597.23,"Plan Rows": 15,"Plan Width": 24,"Actual Startup Time": 208.928,"Actual Total Time": 233.674,"Actual Rows": 20,"Actual Loops": 1,"Workers Planned": 3,"Workers Launched": 3,"Plans": [{"Node Type": "Aggregate","Strategy": "Sorted","Partial Mode": "Partial","Parent Relationship": "Outer","Parallel Aware": false,"Async Capable": false,"Startup Cost": 50563.02,"Total Cost": 50595.43,"Plan Rows": 5,"Plan Width": 24,"Actual Startup Time": 200.123,"Actual Total Time": 201.359,"Actual Rows": 5,"Actual Loops": 4,"Group Key": ["orders.o_orderpriority"],"Workers": [],"Plans": [{"Node Type": "Sort","Parent Relationship": "Outer","Parallel Aware": false,"Async Capable": false,"Startup Cost": 50563.02,"Total Cost": 50573.81,"Plan Rows": 4314,"Plan Width": 16,"Actual Startup Time": 199.793,"Actual Total Time": 200.293,"Actual Rows": 12936,"Actual Loops": 4,"Sort Key": ["orders.o_orderpriority"],"Sort Method": "quicksort","Sort Space Used": 1088,"Sort Space Type": "Memory","Workers": [{"Worker Number": 0,"Sort Method": "quicksort","Sort Space Used": 1073,"Sort Space Type": "Memory"},{"Worker Number": 1,"Sort Method": "quicksort","Sort Space Used": 1104,"Sort Space Type": "Memory"},{"Worker Number": 2,"Sort Method": "quicksort","Sort Space Used": 1102,"Sort Space Type": "Memory"}],"Plans": [{"Node Type": "Nested Loop","Parent Relationship": "Outer","Parallel Aware": false,"Async Capable": false,"Join Type": "Semi","Startup Cost": 777.94,"Total Cost": 50302.57,"Plan Rows": 4314,"Plan Width": 16,"Actual Startup Time": 5.390,"Actual Total Time": 193.555,"Actual Rows": 12936,"Actual Loops": 4,"Inner Unique": false,"Workers": [],"Plans": [{"Node Type": "Bitmap Heap Scan","Parent Relationship": "Outer","Parallel Aware": true,"Async Capable": false,"Relation Name": "orders","Alias": "orders","Startup Cost": 777.50,"Total Cost": 27144.92,"Plan Rows": 18161,"Plan Width": 20,"Actual Startup Time": 5.246,"Actual Total Time": 58.249,"Actual Rows": 14114,"Actual Loops": 4,"Recheck Cond": "((o_orderdate >= '1997-09-01'::date) AND (o_orderdate < '1997-12-01 00:00:00'::timestamp without time zone))","Rows Removed by Index Recheck": 0,"Exact Heap Blocks": 5736,"Lossy Heap Blocks": 0,"Workers": [],"Plans": [{"Node Type": "Bitmap Index Scan","Parent Relationship": "Outer","Parallel Aware": false,"Async Capable": false,"Index Name": "idx_orders_orderdate","Startup Cost": 0.00,"Total Cost": 763.43,"Plan Rows": 56300,"Plan Width": 0,"Actual Startup Time": 8.862,"Actual Total Time": 8.862,"Actual Rows": 56454,"Actual Loops": 1,"Index Cond": "((o_orderdate >= '1997-09-01'::date) AND (o_orderdate < '1997-12-01 00:00:00'::timestamp without time zone))","Workers": []}]},{"Node Type": "Index Scan","Parent Relationship": "Inner","Parallel Aware": false,"Async Capable": false,"Scan Direction": "Forward","Index Name": "idx_lineitem_orderkey","Relation Name": "lineitem","Alias": "lineitem","Startup Cost": 0.43,"Total Cost": 4.65,"Plan Rows": 6,"Plan Width": 4,"Actual Startup Time": 0.009,"Actual Total Time": 0.009,"Actual Rows": 1,"Actual Loops": 56454,"Index Cond": "(l_orderkey = orders.o_orderkey)","Rows Removed by Index Recheck": 0,"Filter": "(l_commitdate < l_receiptdate)","Rows Removed by Filter": 1,"Workers": []}]}]}]}]}]},"Planning Time": 5.783,"Triggers": [],"Execution Time": 234.121}]
[{"Plan": {"Node Type": "Aggregate","Strategy": "Sorted","Partial Mode": "Finalize","Parallel Aware": false,"Async Capable": false,"Startup Cost": 51940.16,"Total Cost": 51975.07,"Plan Rows": 5,"Plan Width": 24,"Actual Startup Time": 211.263,"Actual Total Time": 234.879,"Actual Rows": 5,"Actual Loops": 1,"Group Key": ["orders.o_orderpriority"],"Plans": [{"Node Type": "Gather Merge","Parent Relationship": "Outer","Parallel Aware": false,"Async Capable": false,"Startup Cost": 51940.16,"Total Cost": 51974.94,"Plan Rows": 15,"Plan Width": 24,"Actual Startup Time": 210.877,"Actual Total Time": 234.864,"Actual Rows": 20,"Actual Loops": 1,"Workers Planned": 3,"Workers Launched": 3,"Plans": [{"Node Type": "Aggregate","Strategy": "Sorted","Partial Mode": "Partial","Parent Relationship": "Outer","Parallel Aware": false,"Async Capable": false,"Startup Cost": 50940.12,"Total Cost": 50973.14,"Plan Rows": 5,"Plan Width": 24,"Actual Startup Time": 202.192,"Actual Total Time": 203.439,"Actual Rows": 5,"Actual Loops": 4,"Group Key": ["orders.o_orderpriority"],"Workers": [],"Plans": [{"Node Type": "Sort","Parent Relationship": "Outer","Parallel Aware": false,"Async Capable": false,"Startup Cost": 50940.12,"Total Cost": 50951.11,"Plan Rows": 4396,"Plan Width": 16,"Actual Startup Time": 201.842,"Actual Total Time": 202.379,"Actual Rows": 12924,"Actual Loops": 4,"Sort Key": ["orders.o_orderpriority"],"Sort Method": "quicksort","Sort Space Used": 1100,"Sort Space Type": "Memory","Workers": [{"Worker Number": 0,"Sort Method": "quicksort","Sort Space Used": 1089,"Sort Space Type": "Memory"},{"Worker Number": 1,"Sort Method": "quicksort","Sort Space Used": 1093,"Sort Space Type": "Memory"},{"Worker Number": 2,"Sort Method": "quicksort","Sort Space Used": 1083,"Sort Space Type": "Memory"}],"Plans": [{"Node Type": "Nested Loop","Parent Relationship": "Outer","Parallel Aware": false,"Async Capable": false,"Join Type": "Semi","Startup Cost": 792.95,"Total Cost": 50674.12,"Plan Rows": 4396,"Plan Width": 16,"Actual Startup Time": 4.945,"Actual Total Time": 195.397,"Actual Rows": 12924,"Actual Loops": 4,"Inner Unique": false,"Workers": [],"Plans": [{"Node Type": "Bitmap Heap Scan","Parent Relationship": "Outer","Parallel Aware": true,"Async Capable": false,"Relation Name": "orders","Alias": "orders","Startup Cost": 792.52,"Total Cost": 27165.14,"Plan Rows": 18508,"Plan Width": 20,"Actual Startup Time": 4.819,"Actual Total Time": 58.917,"Actual Rows": 14087,"Actual Loops": 4,"Recheck Cond": "((o_orderdate >= '1994-01-01'::date) AND (o_orderdate < '1994-04-01 00:00:00'::timestamp without time zone))","Rows Removed by Index Recheck": 0,"Exact Heap Blocks": 5893,"Lossy Heap Blocks": 0,"Workers": [],"Plans": [{"Node Type": "Bitmap Index Scan","Parent Relationship": "Outer","Parallel Aware": false,"Async Capable": false,"Index Name": "idx_orders_orderdate","Startup Cost": 0.00,"Total Cost": 778.18,"Plan Rows": 57375,"Plan Width": 0,"Actual Startup Time": 8.242,"Actual Total Time": 8.244,"Actual Rows": 56349,"Actual Loops": 1,"Index Cond": "((o_orderdate >= '1994-01-01'::date) AND (o_orderdate < '1994-04-01 00:00:00'::timestamp without time zone))","Workers": []}]},{"Node Type": "Index Scan","Parent Relationship": "Inner","Parallel Aware": false,"Async Capable": false,"Scan Direction": "Forward","Index Name": "idx_lineitem_orderkey","Relation Name": "lineitem","Alias": "lineitem","Startup Cost": 0.43,"Total Cost": 4.62,"Plan Rows": 6,"Plan Width": 4,"Actual Startup Time": 0.009,"Actual Total Time": 0.009,"Actual Rows": 1,"Actual Loops": 56349,"Index Cond": "(l_orderkey = orders.o_orderkey)","Rows Removed by Index Recheck": 0,"Filter": "(l_commitdate < l_receiptdate)","Rows Removed by Filter": 1,"Workers": []}]}]}]}]}]},"Planning Time": 4.809,"Triggers": [],"Execution Time": 235.387}]
[{"Plan": {"Node Type": "Aggregate","Strategy": "Sorted","Partial Mode": "Finalize","Parallel Aware": false,"Async Capable": false,"Startup Cost": 52264.46,"Total Cost": 52299.90,"Plan Rows": 5,"Plan Width": 24,"Actual Startup Time": 210.297,"Actual Total Time": 234.648,"Actual Rows": 5,"Actual Loops": 1,"Group Key": ["orders.o_orderpriority"],"Plans": [{"Node Type": "Gather Merge","Parent Relationship": "Outer","Parallel Aware": false,"Async Capable": false,"Startup Cost": 52264.46,"Total Cost": 52299.77,"Plan Rows": 15,"Plan Width": 24,"Actual Startup Time": 209.879,"Actual Total Time": 234.625,"Actual Rows": 20,"Actual Loops": 1,"Workers Planned": 3,"Workers Launched": 3,"Plans": [{"Node Type": "Aggregate","Strategy": "Sorted","Partial Mode": "Partial","Parent Relationship": "Outer","Parallel Aware": false,"Async Capable": false,"Startup Cost": 51264.42,"Total Cost": 51297.97,"Plan Rows": 5,"Plan Width": 24,"Actual Startup Time": 201.395,"Actual Total Time": 202.644,"Actual Rows": 5,"Actual Loops": 4,"Group Key": ["orders.o_orderpriority"],"Workers": [],"Plans": [{"Node Type": "Sort","Parent Relationship": "Outer","Parallel Aware": false,"Async Capable": false,"Startup Cost": 51264.42,"Total Cost": 51275.58,"Plan Rows": 4467,"Plan Width": 16,"Actual Startup Time": 201.050,"Actual Total Time": 201.573,"Actual Rows": 13170,"Actual Loops": 4,"Sort Key": ["orders.o_orderpriority"],"Sort Method": "quicksort","Sort Space Used": 1096,"Sort Space Type": "Memory","Workers": [{"Worker Number": 0,"Sort Method": "quicksort","Sort Space Used": 1115,"Sort Space Type": "Memory"},{"Worker Number": 1,"Sort Method": "quicksort","Sort Space Used": 1087,"Sort Space Type": "Memory"},{"Worker Number": 2,"Sort Method": "quicksort","Sort Space Used": 1121,"Sort Space Type": "Memory"}],"Plans": [{"Node Type": "Nested Loop","Parent Relationship": "Outer","Parallel Aware": false,"Async Capable": false,"Join Type": "Semi","Startup Cost": 806.45,"Total Cost": 50993.60,"Plan Rows": 4467,"Plan Width": 16,"Actual Startup Time": 6.115,"Actual Total Time": 194.584,"Actual Rows": 13170,"Actual Loops": 4,"Inner Unique": false,"Workers": [],"Plans": [{"Node Type": "Bitmap Heap Scan","Parent Relationship": "Outer","Parallel Aware": true,"Async Capable": false,"Relation Name": "orders","Alias": "orders","Startup Cost": 806.01,"Total Cost": 27183.11,"Plan Rows": 18807,"Plan Width": 20,"Actual Startup Time": 5.968,"Actual Total Time": 57.641,"Actual Rows": 14355,"Actual Loops": 4,"Recheck Cond": "((o_orderdate >= '1994-03-01'::date) AND (o_orderdate < '1994-06-01 00:00:00'::timestamp without time zone))","Rows Removed by Index Recheck": 0,"Exact Heap Blocks": 5803,"Lossy Heap Blocks": 0,"Workers": [],"Plans": [{"Node Type": "Bitmap Index Scan","Parent Relationship": "Outer","Parallel Aware": false,"Async Capable": false,"Index Name": "idx_orders_orderdate","Startup Cost": 0.00,"Total Cost": 791.44,"Plan Rows": 58301,"Plan Width": 0,"Actual Startup Time": 8.953,"Actual Total Time": 8.953,"Actual Rows": 57420,"Actual Loops": 1,"Index Cond": "((o_orderdate >= '1994-03-01'::date) AND (o_orderdate < '1994-06-01 00:00:00'::timestamp without time zone))","Workers": []}]},{"Node Type": "Index Scan","Parent Relationship": "Inner","Parallel Aware": false,"Async Capable": false,"Scan Direction": "Forward","Index Name": "idx_lineitem_orderkey","Relation Name": "lineitem","Alias": "lineitem","Startup Cost": 0.43,"Total Cost": 4.60,"Plan Rows": 6,"Plan Width": 4,"Actual Startup Time": 0.009,"Actual Total Time": 0.009,"Actual Rows": 1,"Actual Loops": 57420,"Index Cond": "(l_orderkey = orders.o_orderkey)","Rows Removed by Index Recheck": 0,"Filter": "(l_commitdate < l_receiptdate)","Rows Removed by Filter": 1,"Workers": []}]}]}]}]}]},"Planning Time": 4.194,"Triggers": [],"Execution Time": 235.354}]
[{"Plan": {"Node Type": "Aggregate","Strategy": "Sorted","Partial Mode": "Finalize","Parallel Aware": false,"Async Capable": false,"Startup Cost": 51060.97,"Total Cost": 51094.44,"Plan Rows": 5,"Plan Width": 24,"Actual Startup Time": 208.763,"Actual Total Time": 232.565,"Actual Rows": 5,"Actual Loops": 1,"Group Key": ["orders.o_orderpriority"],"Plans": [{"Node Type": "Gather Merge","Parent Relationship": "Outer","Parallel Aware": false,"Async Capable": false,"Startup Cost": 51060.97,"Total Cost": 51094.31,"Plan Rows": 15,"Plan Width": 24,"Actual Startup Time": 208.330,"Actual Total Time": 232.538,"Actual Rows": 20,"Actual Loops": 1,"Workers Planned": 3,"Workers Launched": 3,"Plans": [{"Node Type": "Aggregate","Strategy": "Sorted","Partial Mode": "Partial","Parent Relationship": "Outer","Parallel Aware": false,"Async Capable": false,"Startup Cost": 50060.93,"Total Cost": 50092.51,"Plan Rows": 5,"Plan Width": 24,"Actual Startup Time": 199.165,"Actual Total Time": 200.386,"Actual Rows": 5,"Actual Loops": 4,"Group Key": ["orders.o_orderpriority"],"Workers": [],"Plans": [{"Node Type": "Sort","Parent Relationship": "Outer","Parallel Aware": false,"Async Capable": false,"Startup Cost": 50060.93,"Total Cost": 50071.44,"Plan Rows": 4204,"Plan Width": 16,"Actual Startup Time": 198.803,"Actual Total Time": 199.328,"Actual Rows": 12782,"Actual Loops": 4,"Sort Key": ["orders.o_orderpriority"],"Sort Method": "quicksort","Sort Space Used": 1045,"Sort Space Type": "Memory","Workers": [{"Worker Number": 0,"Sort Method": "quicksort","Sort Space Used": 1115,"Sort Space Type": "Memory"},{"Worker Number": 1,"Sort Method": "quicksort","Sort Space Used": 1122,"Sort Space Type": "Memory"},{"Worker Number": 2,"Sort Method": "quicksort","Sort Space Used": 1052,"Sort Space Type": "Memory"}],"Plans": [{"Node Type": "Nested Loop","Parent Relationship": "Outer","Parallel Aware": false,"Async Capable": false,"Join Type": "Semi","Startup Cost": 759.26,"Total Cost": 49807.90,"Plan Rows": 4204,"Plan Width": 16,"Actual Startup Time": 4.671,"Actual Total Time": 192.469,"Actual Rows": 12782,"Actual Loops": 4,"Inner Unique": false,"Workers": [],"Plans": [{"Node Type": "Bitmap Heap Scan","Parent Relationship": "Outer","Parallel Aware": true,"Async Capable": false,"Relation Name": "orders","Alias": "orders","Startup Cost": 758.82,"Total Cost": 27119.31,"Plan Rows": 17699,"Plan Width": 20,"Actual Startup Time": 4.522,"Actual Total Time": 56.148,"Actual Rows": 13946,"Actual Loops": 4,"Recheck Cond": "((o_orderdate >= '1997-01-01'::date) AND (o_orderdate < '1997-04-01 00:00:00'::timestamp without time zone))","Rows Removed by Index Recheck": 0,"Exact Heap Blocks": 5517,"Lossy Heap Blocks": 0,"Workers": [],"Plans": [{"Node Type": "Bitmap Index Scan","Parent Relationship": "Outer","Parallel Aware": false,"Async Capable": false,"Index Name": "idx_orders_orderdate","Startup Cost": 0.00,"Total Cost": 745.11,"Plan Rows": 54868,"Plan Width": 0,"Actual Startup Time": 8.317,"Actual Total Time": 8.318,"Actual Rows": 55784,"Actual Loops": 1,"Index Cond": "((o_orderdate >= '1997-01-01'::date) AND (o_orderdate < '1997-04-01 00:00:00'::timestamp without time zone))","Workers": []}]},{"Node Type": "Index Scan","Parent Relationship": "Inner","Parallel Aware": false,"Async Capable": false,"Scan Direction": "Forward","Index Name": "idx_lineitem_orderkey","Relation Name": "lineitem","Alias": "lineitem","Startup Cost": 0.43,"Total Cost": 4.68,"Plan Rows": 6,"Plan Width": 4,"Actual Startup Time": 0.009,"Actual Total Time": 0.009,"Actual Rows": 1,"Actual Loops": 55784,"Index Cond": "(l_orderkey = orders.o_orderkey)","Rows Removed by Index Recheck": 0,"Filter": "(l_commitdate < l_receiptdate)","Rows Removed by Filter": 1,"Workers": []}]}]}]}]}]},"Planning Time": 4.572,"Triggers": [],"Execution Time": 233.189}]
[{"Plan": {"Node Type": "Aggregate","Strategy": "Sorted","Partial Mode": "Finalize","Parallel Aware": false,"Async Capable": false,"Startup Cost": 52360.14,"Total Cost": 52395.74,"Plan Rows": 5,"Plan Width": 24,"Actual Startup Time": 212.297,"Actual Total Time": 236.425,"Actual Rows": 5,"Actual Loops": 1,"Group Key": ["orders.o_orderpriority"],"Plans": [{"Node Type": "Gather Merge","Parent Relationship": "Outer","Parallel Aware": false,"Async Capable": false,"Startup Cost": 52360.14,"Total Cost": 52395.61,"Plan Rows": 15,"Plan Width": 24,"Actual Startup Time": 211.946,"Actual Total Time": 236.394,"Actual Rows": 20,"Actual Loops": 1,"Workers Planned": 3,"Workers Launched": 3,"Plans": [{"Node Type": "Aggregate","Strategy": "Sorted","Partial Mode": "Partial","Parent Relationship": "Outer","Parallel Aware": false,"Async Capable": false,"Startup Cost": 51360.10,"Total Cost": 51393.81,"Plan Rows": 5,"Plan Width": 24,"Actual Startup Time": 203.132,"Actual Total Time": 204.381,"Actual Rows": 5,"Actual Loops": 4,"Group Key": ["orders.o_orderpriority"],"Workers": [],"Plans": [{"Node Type": "Sort","Parent Relationship": "Outer","Parallel Aware": false,"Async Capable": false,"Startup Cost": 51360.10,"Total Cost": 51371.32,"Plan Rows": 4488,"Plan Width": 16,"Actual Startup Time": 202.800,"Actual Total Time": 203.297,"Actual Rows": 13290,"Actual Loops": 4,"Sort Key": ["orders.o_orderpriority"],"Sort Method": "quicksort","Sort Space Used": 1098,"Sort Space Type": "Memory","Workers": [{"Worker Number": 0,"Sort Method": "quicksort","Sort Space Used": 1124,"Sort Space Type": "Memory"},{"Worker Number": 1,"Sort Method": "quicksort","Sort Space Used": 1137,"Sort Space Type": "Memory"},{"Worker Number": 2,"Sort Method": "quicksort","Sort Space Used": 1087,"Sort Space Type": "Memory"}],"Plans": [{"Node Type": "Nested Loop","Parent Relationship": "Outer","Parallel Aware": false,"Async Capable": false,"Join Type": "Semi","Startup Cost": 809.33,"Total Cost": 51087.86,"Plan Rows": 4488,"Plan Width": 16,"Actual Startup Time": 5.403,"Actual Total Time": 196.470,"Actual Rows": 13290,"Actual Loops": 4,"Inner Unique": false,"Workers": [],"Plans": [{"Node Type": "Bitmap Heap Scan","Parent Relationship": "Outer","Parallel Aware": true,"Async Capable": false,"Relation Name": "orders","Alias": "orders","Startup Cost": 808.89,"Total Cost": 27187.35,"Plan Rows": 18897,"Plan Width": 20,"Actual Startup Time": 5.275,"Actual Total Time": 58.082,"Actual Rows": 14470,"Actual Loops": 4,"Recheck Cond": "((o_orderdate >= '1996-08-01'::date) AND (o_orderdate < '1996-11-01 00:00:00'::timestamp without time zone))","Rows Removed by Index Recheck": 0,"Exact Heap Blocks": 5695,"Lossy Heap Blocks": 0,"Workers": [],"Plans": [{"Node Type": "Bitmap Index Scan","Parent Relationship": "Outer","Parallel Aware": false,"Async Capable": false,"Index Name": "idx_orders_orderdate","Startup Cost": 0.00,"Total Cost": 794.25,"Plan Rows": 58582,"Plan Width": 0,"Actual Startup Time": 8.974,"Actual Total Time": 8.976,"Actual Rows": 57880,"Actual Loops": 1,"Index Cond": "((o_orderdate >= '1996-08-01'::date) AND (o_orderdate < '1996-11-01 00:00:00'::timestamp without time zone))","Workers": []}]},{"Node Type": "Index Scan","Parent Relationship": "Inner","Parallel Aware": false,"Async Capable": false,"Scan Direction": "Forward","Index Name": "idx_lineitem_orderkey","Relation Name": "lineitem","Alias": "lineitem","Startup Cost": 0.43,"Total Cost": 4.60,"Plan Rows": 6,"Plan Width": 4,"Actual Startup Time": 0.009,"Actual Total Time": 0.009,"Actual Rows": 1,"Actual Loops": 57880,"Index Cond": "(l_orderkey = orders.o_orderkey)","Rows Removed by Index Recheck": 0,"Filter": "(l_commitdate < l_receiptdate)","Rows Removed by Filter": 1,"Workers": []}]}]}]}]}]},"Planning Time": 4.460,"Triggers": [],"Execution Time": 236.855}]
[{"Plan": {"Node Type": "Aggregate","Strategy": "Sorted","Partial Mode": "Finalize","Parallel Aware": false,"Async Capable": false,"Startup Cost": 52369.77,"Total Cost": 52405.38,"Plan Rows": 5,"Plan Width": 24,"Actual Startup Time": 215.492,"Actual Total Time": 239.622,"Actual Rows": 5,"Actual Loops": 1,"Group Key": ["orders.o_orderpriority"],"Plans": [{"Node Type": "Gather Merge","Parent Relationship": "Outer","Parallel Aware": false,"Async Capable": false,"Startup Cost": 52369.77,"Total Cost": 52405.25,"Plan Rows": 15,"Plan Width": 24,"Actual Startup Time": 215.087,"Actual Total Time": 239.593,"Actual Rows": 20,"Actual Loops": 1,"Workers Planned": 3,"Workers Launched": 3,"Plans": [{"Node Type": "Aggregate","Strategy": "Sorted","Partial Mode": "Partial","Parent Relationship": "Outer","Parallel Aware": false,"Async Capable": false,"Startup Cost": 51369.73,"Total Cost": 51403.45,"Plan Rows": 5,"Plan Width": 24,"Actual Startup Time": 206.356,"Actual Total Time": 207.630,"Actual Rows": 5,"Actual Loops": 4,"Group Key": ["orders.o_orderpriority"],"Workers": [],"Plans": [{"Node Type": "Sort","Parent Relationship": "Outer","Parallel Aware": false,"Async Capable": false,"Startup Cost": 51369.73,"Total Cost": 51380.95,"Plan Rows": 4490,"Plan Width": 16,"Actual Startup Time": 206.011,"Actual Total Time": 206.540,"Actual Rows": 13264,"Actual Loops": 4,"Sort Key": ["orders.o_orderpriority"],"Sort Method": "quicksort","Sort Space Used": 1130,"Sort Space Type": "Memory","Workers": [{"Worker Number": 0,"Sort Method": "quicksort","Sort Space Used": 1100,"Sort Space Type": "Memory"},{"Worker Number": 1,"Sort Method": "quicksort","Sort Space Used": 1108,"Sort Space Type": "Memory"},{"Worker Number": 2,"Sort Method": "quicksort","Sort Space Used": 1102,"Sort Space Type": "Memory"}],"Plans": [{"Node Type": "Nested Loop","Parent Relationship": "Outer","Parallel Aware": false,"Async Capable": false,"Join Type": "Semi","Startup Cost": 809.60,"Total Cost": 51097.35,"Plan Rows": 4490,"Plan Width": 16,"Actual Startup Time": 5.570,"Actual Total Time": 199.495,"Actual Rows": 13264,"Actual Loops": 4,"Inner Unique": false,"Workers": [],"Plans": [{"Node Type": "Bitmap Heap Scan","Parent Relationship": "Outer","Parallel Aware": true,"Async Capable": false,"Relation Name": "orders","Alias": "orders","Startup Cost": 809.17,"Total Cost": 27187.76,"Plan Rows": 18906,"Plan Width": 20,"Actual Startup Time": 5.437,"Actual Total Time": 60.429,"Actual Rows": 14458,"Actual Loops": 4,"Recheck Cond": "((o_orderdate >= '1996-06-01'::date) AND (o_orderdate < '1996-09-01 00:00:00'::timestamp without time zone))","Rows Removed by Index Recheck": 0,"Exact Heap Blocks": 5975,"Lossy Heap Blocks": 0,"Workers": [],"Plans": [{"Node Type": "Bitmap Index Scan","Parent Relationship": "Outer","Parallel Aware": false,"Async Capable": false,"Index Name": "idx_orders_orderdate","Startup Cost": 0.00,"Total Cost": 794.52,"Plan Rows": 58609,"Plan Width": 0,"Actual Startup Time": 8.889,"Actual Total Time": 8.890,"Actual Rows": 57832,"Actual Loops": 1,"Index Cond": "((o_orderdate >= '1996-06-01'::date) AND (o_orderdate < '1996-09-01 00:00:00'::timestamp without time zone))","Workers": []}]},{"Node Type": "Index Scan","Parent Relationship": "Inner","Parallel Aware": false,"Async Capable": false,"Scan Direction": "Forward","Index Name": "idx_lineitem_orderkey","Relation Name": "lineitem","Alias": "lineitem","Startup Cost": 0.43,"Total Cost": 4.59,"Plan Rows": 6,"Plan Width": 4,"Actual Startup Time": 0.009,"Actual Total Time": 0.009,"Actual Rows": 1,"Actual Loops": 57832,"Index Cond": "(l_orderkey = orders.o_orderkey)","Rows Removed by Index Recheck": 0,"Filter": "(l_commitdate < l_receiptdate)","Rows Removed by Filter": 1,"Workers": []}]}]}]}]}]},"Planning Time": 4.853,"Triggers": [],"Execution Time": 240.068}]
[{"Plan": {"Node Type": "Aggregate","Strategy": "Sorted","Partial Mode": "Finalize","Parallel Aware": false,"Async Capable": false,"Startup Cost": 52009.08,"Total Cost": 52044.09,"Plan Rows": 5,"Plan Width": 24,"Actual Startup Time": 215.869,"Actual Total Time": 240.226,"Actual Rows": 5,"Actual Loops": 1,"Group Key": ["orders.o_orderpriority"],"Plans": [{"Node Type": "Gather Merge","Parent Relationship": "Outer","Parallel Aware": false,"Async Capable": false,"Startup Cost": 52009.08,"Total Cost": 52043.97,"Plan Rows": 15,"Plan Width": 24,"Actual Startup Time": 215.457,"Actual Total Time": 240.206,"Actual Rows": 20,"Actual Loops": 1,"Workers Planned": 3,"Workers Launched": 3,"Plans": [{"Node Type": "Aggregate","Strategy": "Sorted","Partial Mode": "Partial","Parent Relationship": "Outer","Parallel Aware": false,"Async Capable": false,"Startup Cost": 51009.04,"Total Cost": 51042.16,"Plan Rows": 5,"Plan Width": 24,"Actual Startup Time": 207.183,"Actual Total Time": 208.446,"Actual Rows": 5,"Actual Loops": 4,"Group Key": ["orders.o_orderpriority"],"Workers": [],"Plans": [{"Node Type": "Sort","Parent Relationship": "Outer","Parallel Aware": false,"Async Capable": false,"Startup Cost": 51009.04,"Total Cost": 51020.06,"Plan Rows": 4410,"Plan Width": 16,"Actual Startup Time": 206.806,"Actual Total Time": 207.370,"Actual Rows": 13098,"Actual Loops": 4,"Sort Key": ["orders.o_orderpriority"],"Sort Method": "quicksort","Sort Space Used": 1123,"Sort Space Type": "Memory","Workers": [{"Worker Number": 0,"Sort Method": "quicksort","Sort Space Used": 1108,"Sort Space Type": "Memory"},{"Worker Number": 1,"Sort Method": "quicksort","Sort Space Used": 1075,"Sort Space Type": "Memory"},{"Worker Number": 2,"Sort Method": "quicksort","Sort Space Used": 1097,"Sort Space Type": "Memory"}],"Plans": [{"Node Type": "Nested Loop","Parent Relationship": "Outer","Parallel Aware": false,"Async Capable": false,"Join Type": "Semi","Startup Cost": 798.90,"Total Cost": 50742.09,"Plan Rows": 4410,"Plan Width": 16,"Actual Startup Time": 7.655,"Actual Total Time": 200.298,"Actual Rows": 13098,"Actual Loops": 4,"Inner Unique": false,"Workers": [],"Plans": [{"Node Type": "Bitmap Heap Scan","Parent Relationship": "Outer","Parallel Aware": true,"Async Capable": false,"Relation Name": "orders","Alias": "orders","Startup Cost": 798.47,"Total Cost": 27172.01,"Plan Rows": 18569,"Plan Width": 20,"Actual Startup Time": 7.548,"Actual Total Time": 58.251,"Actual Rows": 14284,"Actual Loops": 4,"Recheck Cond": "((o_orderdate >= '1993-08-01'::date) AND (o_orderdate < '1993-11-01 00:00:00'::timestamp without time zone))","Rows Removed by Index Recheck": 0,"Exact Heap Blocks": 5961,"Lossy Heap Blocks": 0,"Workers": [],"Plans": [{"Node Type": "Bitmap Index Scan","Parent Relationship": "Outer","Parallel Aware": false,"Async Capable": false,"Index Name": "idx_orders_orderdate","Startup Cost": 0.00,"Total Cost": 784.08,"Plan Rows": 57565,"Plan Width": 0,"Actual Startup Time": 10.621,"Actual Total Time": 10.624,"Actual Rows": 57138,"Actual Loops": 1,"Index Cond": "((o_orderdate >= '1993-08-01'::date) AND (o_orderdate < '1993-11-01 00:00:00'::timestamp without time zone))","Workers": []}]},{"Node Type": "Index Scan","Parent Relationship": "Inner","Parallel Aware": false,"Async Capable": false,"Scan Direction": "Forward","Index Name": "idx_lineitem_orderkey","Relation Name": "lineitem","Alias": "lineitem","Startup Cost": 0.43,"Total Cost": 4.62,"Plan Rows": 6,"Plan Width": 4,"Actual Startup Time": 0.010,"Actual Total Time": 0.010,"Actual Rows": 1,"Actual Loops": 57138,"Index Cond": "(l_orderkey = orders.o_orderkey)","Rows Removed by Index Recheck": 0,"Filter": "(l_commitdate < l_receiptdate)","Rows Removed by Filter": 1,"Workers": []}]}]}]}]}]},"Planning Time": 4.337,"Triggers": [],"Execution Time": 240.936}]
[{"Plan": {"Node Type": "Aggregate","Strategy": "Sorted","Partial Mode": "Finalize","Parallel Aware": false,"Async Capable": false,"Startup Cost": 51546.43,"Total Cost": 51580.69,"Plan Rows": 5,"Plan Width": 24,"Actual Startup Time": 219.803,"Actual Total Time": 243.288,"Actual Rows": 5,"Actual Loops": 1,"Group Key": ["orders.o_orderpriority"],"Plans": [{"Node Type": "Gather Merge","Parent Relationship": "Outer","Parallel Aware": false,"Async Capable": false,"Startup Cost": 51546.43,"Total Cost": 51580.56,"Plan Rows": 15,"Plan Width": 24,"Actual Startup Time": 219.430,"Actual Total Time": 243.257,"Actual Rows": 20,"Actual Loops": 1,"Workers Planned": 3,"Workers Launched": 3,"Plans": [{"Node Type": "Aggregate","Strategy": "Sorted","Partial Mode": "Partial","Parent Relationship": "Outer","Parallel Aware": false,"Async Capable": false,"Startup Cost": 50546.39,"Total Cost": 50578.76,"Plan Rows": 5,"Plan Width": 24,"Actual Startup Time": 209.874,"Actual Total Time": 211.124,"Actual Rows": 5,"Actual Loops": 4,"Group Key": ["orders.o_orderpriority"],"Workers": [],"Plans": [{"Node Type": "Sort","Parent Relationship": "Outer","Parallel Aware": false,"Async Capable": false,"Startup Cost": 50546.39,"Total Cost": 50557.16,"Plan Rows": 4310,"Plan Width": 16,"Actual Startup Time": 209.522,"Actual Total Time": 210.038,"Actual Rows": 13218,"Actual Loops": 4,"Sort Key": ["orders.o_orderpriority"],"Sort Method": "quicksort","Sort Space Used": 1074,"Sort Space Type": "Memory","Workers": [{"Worker Number": 0,"Sort Method": "quicksort","Sort Space Used": 1069,"Sort Space Type": "Memory"},{"Worker Number": 1,"Sort Method": "quicksort","Sort Space Used": 1138,"Sort Space Type": "Memory"},{"Worker Number": 2,"Sort Method": "quicksort","Sort Space Used": 1148,"Sort Space Type": "Memory"}],"Plans": [{"Node Type": "Nested Loop","Parent Relationship": "Outer","Parallel Aware": false,"Async Capable": false,"Join Type": "Semi","Startup Cost": 777.41,"Total Cost": 50286.20,"Plan Rows": 4310,"Plan Width": 16,"Actual Startup Time": 4.922,"Actual Total Time": 202.949,"Actual Rows": 13218,"Actual Loops": 4,"Inner Unique": false,"Workers": [],"Plans": [{"Node Type": "Bitmap Heap Scan","Parent Relationship": "Outer","Parallel Aware": true,"Async Capable": false,"Relation Name": "orders","Alias": "orders","Startup Cost": 776.98,"Total Cost": 27144.15,"Plan Rows": 18145,"Plan Width": 20,"Actual Startup Time": 4.807,"Actual Total Time": 59.857,"Actual Rows": 14422,"Actual Loops": 4,"Recheck Cond": "((o_orderdate >= '1995-05-01'::date) AND (o_orderdate < '1995-08-01 00:00:00'::timestamp without time zone))","Rows Removed by Index Recheck": 0,"Exact Heap Blocks": 5616,"Lossy Heap Blocks": 0,"Workers": [],"Plans": [{"Node Type": "Bitmap Index Scan","Parent Relationship": "Outer","Parallel Aware": false,"Async Capable": false,"Index Name": "idx_orders_orderdate","Startup Cost": 0.00,"Total Cost": 762.92,"Plan Rows": 56249,"Plan Width": 0,"Actual Startup Time": 8.621,"Actual Total Time": 8.621,"Actual Rows": 57687,"Actual Loops": 1,"Index Cond": "((o_orderdate >= '1995-05-01'::date) AND (o_orderdate < '1995-08-01 00:00:00'::timestamp without time zone))","Workers": []}]},{"Node Type": "Index Scan","Parent Relationship": "Inner","Parallel Aware": false,"Async Capable": false,"Scan Direction": "Forward","Index Name": "idx_lineitem_orderkey","Relation Name": "lineitem","Alias": "lineitem","Startup Cost": 0.43,"Total Cost": 4.65,"Plan Rows": 6,"Plan Width": 4,"Actual Startup Time": 0.010,"Actual Total Time": 0.010,"Actual Rows": 1,"Actual Loops": 57687,"Index Cond": "(l_orderkey = orders.o_orderkey)","Rows Removed by Index Recheck": 0,"Filter": "(l_commitdate < l_receiptdate)","Rows Removed by Filter": 1,"Workers": []}]}]}]}]}]},"Planning Time": 5.478,"Triggers": [],"Execution Time": 243.818}]
[{"Plan": {"Node Type": "Aggregate","Strategy": "Sorted","Partial Mode": "Finalize","Parallel Aware": false,"Async Capable": false,"Startup Cost": 51833.80,"Total Cost": 51868.53,"Plan Rows": 5,"Plan Width": 24,"Actual Startup Time": 216.193,"Actual Total Time": 238.969,"Actual Rows": 5,"Actual Loops": 1,"Group Key": ["orders.o_orderpriority"],"Plans": [{"Node Type": "Gather Merge","Parent Relationship": "Outer","Parallel Aware": false,"Async Capable": false,"Startup Cost": 51833.80,"Total Cost": 51868.41,"Plan Rows": 15,"Plan Width": 24,"Actual Startup Time": 215.785,"Actual Total Time": 238.947,"Actual Rows": 20,"Actual Loops": 1,"Workers Planned": 3,"Workers Launched": 3,"Plans": [{"Node Type": "Aggregate","Strategy": "Sorted","Partial Mode": "Partial","Parent Relationship": "Outer","Parallel Aware": false,"Async Capable": false,"Startup Cost": 50833.76,"Total Cost": 50866.60,"Plan Rows": 5,"Plan Width": 24,"Actual Startup Time": 207.585,"Actual Total Time": 208.848,"Actual Rows": 5,"Actual Loops": 4,"Group Key": ["orders.o_orderpriority"],"Workers": [],"Plans": [{"Node Type": "Sort","Parent Relationship": "Outer","Parallel Aware": false,"Async Capable": false,"Startup Cost": 50833.76,"Total Cost": 50844.69,"Plan Rows": 4372,"Plan Width": 16,"Actual Startup Time": 207.234,"Actual Total Time": 207.768,"Actual Rows": 13206,"Actual Loops": 4,"Sort Key": ["orders.o_orderpriority"],"Sort Method": "quicksort","Sort Space Used": 1141,"Sort Space Type": "Memory","Workers": [{"Worker Number": 0,"Sort Method": "quicksort","Sort Space Used": 1092,"Sort Space Type": "Memory"},{"Worker Number": 1,"Sort Method": "quicksort","Sort Space Used": 1066,"Sort Space Type": "Memory"},{"Worker Number": 2,"Sort Method": "quicksort","Sort Space Used": 1127,"Sort Space Type": "Memory"}],"Plans": [{"Node Type": "Nested Loop","Parent Relationship": "Outer","Parallel Aware": false,"Async Capable": false,"Join Type": "Semi","Startup Cost": 789.79,"Total Cost": 50569.39,"Plan Rows": 4372,"Plan Width": 16,"Actual Startup Time": 5.838,"Actual Total Time": 200.574,"Actual Rows": 13206,"Actual Loops": 4,"Inner Unique": false,"Workers": [],"Plans": [{"Node Type": "Bitmap Heap Scan","Parent Relationship": "Outer","Parallel Aware": true,"Async Capable": false,"Relation Name": "orders","Alias": "orders","Startup Cost": 789.35,"Total Cost": 27160.48,"Plan Rows": 18409,"Plan Width": 20,"Actual Startup Time": 5.710,"Actual Total Time": 58.739,"Actual Rows": 14419,"Actual Loops": 4,"Recheck Cond": "((o_orderdate >= '1995-07-01'::date) AND (o_orderdate < '1995-10-01 00:00:00'::timestamp without time zone))","Rows Removed by Index Recheck": 0,"Exact Heap Blocks": 6140,"Lossy Heap Blocks": 0,"Workers": [],"Plans": [{"Node Type": "Bitmap Index Scan","Parent Relationship": "Outer","Parallel Aware": false,"Async Capable": false,"Index Name": "idx_orders_orderdate","Startup Cost": 0.00,"Total Cost": 775.09,"Plan Rows": 57066,"Plan Width": 0,"Actual Startup Time": 8.705,"Actual Total Time": 8.706,"Actual Rows": 57677,"Actual Loops": 1,"Index Cond": "((o_orderdate >= '1995-07-01'::date) AND (o_orderdate < '1995-10-01 00:00:00'::timestamp without time zone))","Workers": []}]},{"Node Type": "Index Scan","Parent Relationship": "Inner","Parallel Aware": false,"Async Capable": false,"Scan Direction": "Forward","Index Name": "idx_lineitem_orderkey","Relation Name": "lineitem","Alias": "lineitem","Startup Cost": 0.43,"Total Cost": 4.63,"Plan Rows": 6,"Plan Width": 4,"Actual Startup Time": 0.010,"Actual Total Time": 0.010,"Actual Rows": 1,"Actual Loops": 57677,"Index Cond": "(l_orderkey = orders.o_orderkey)","Rows Removed by Index Recheck": 0,"Filter": "(l_commitdate < l_receiptdate)","Rows Removed by Filter": 1,"Workers": []}]}]}]}]}]},"Planning Time": 4.165,"Triggers": [],"Execution Time": 239.454}]
[{"Plan": {"Node Type": "Aggregate","Strategy": "Sorted","Partial Mode": "Finalize","Parallel Aware": false,"Async Capable": false,"Startup Cost": 51708.45,"Total Cost": 51742.98,"Plan Rows": 5,"Plan Width": 24,"Actual Startup Time": 207.456,"Actual Total Time": 231.580,"Actual Rows": 5,"Actual Loops": 1,"Group Key": ["orders.o_orderpriority"],"Plans": [{"Node Type": "Gather Merge","Parent Relationship": "Outer","Parallel Aware": false,"Async Capable": false,"Startup Cost": 51708.45,"Total Cost": 51742.85,"Plan Rows": 15,"Plan Width": 24,"Actual Startup Time": 207.053,"Actual Total Time": 231.548,"Actual Rows": 20,"Actual Loops": 1,"Workers Planned": 3,"Workers Launched": 3,"Plans": [{"Node Type": "Aggregate","Strategy": "Sorted","Partial Mode": "Partial","Parent Relationship": "Outer","Parallel Aware": false,"Async Capable": false,"Startup Cost": 50708.41,"Total Cost": 50741.05,"Plan Rows": 5,"Plan Width": 24,"Actual Startup Time": 198.227,"Actual Total Time": 199.494,"Actual Rows": 5,"Actual Loops": 4,"Group Key": ["orders.o_orderpriority"],"Workers": [],"Plans": [{"Node Type": "Sort","Parent Relationship": "Outer","Parallel Aware": false,"Async Capable": false,"Startup Cost": 50708.41,"Total Cost": 50719.27,"Plan Rows": 4345,"Plan Width": 16,"Actual Startup Time": 197.883,"Actual Total Time": 198.422,"Actual Rows": 13041,"Actual Loops": 4,"Sort Key": ["orders.o_orderpriority"],"Sort Method": "quicksort","Sort Space Used": 1092,"Sort Space Type": "Memory","Workers": [{"Worker Number": 0,"Sort Method": "quicksort","Sort Space Used": 1114,"Sort Space Type": "Memory"},{"Worker Number": 1,"Sort Method": "quicksort","Sort Space Used": 1079,"Sort Space Type": "Memory"},{"Worker Number": 2,"Sort Method": "quicksort","Sort Space Used": 1106,"Sort Space Type": "Memory"}],"Plans": [{"Node Type": "Nested Loop","Parent Relationship": "Outer","Parallel Aware": false,"Async Capable": false,"Join Type": "Semi","Startup Cost": 786.10,"Total Cost": 50445.86,"Plan Rows": 4345,"Plan Width": 16,"Actual Startup Time": 5.128,"Actual Total Time": 191.658,"Actual Rows": 13041,"Actual Loops": 4,"Inner Unique": false,"Workers": [],"Plans": [{"Node Type": "Bitmap Heap Scan","Parent Relationship": "Outer","Parallel Aware": true,"Async Capable": false,"Relation Name": "orders","Alias": "orders","Startup Cost": 785.66,"Total Cost": 27155.05,"Plan Rows": 18292,"Plan Width": 20,"Actual Startup Time": 4.978,"Actual Total Time": 56.015,"Actual Rows": 14241,"Actual Loops": 4,"Recheck Cond": "((o_orderdate >= '1996-03-01'::date) AND (o_orderdate < '1996-06-01 00:00:00'::timestamp without time zone))","Rows Removed by Index Recheck": 0,"Exact Heap Blocks": 5804,"Lossy Heap Blocks": 0,"Workers": [],"Plans": [{"Node Type": "Bitmap Index Scan","Parent Relationship": "Outer","Parallel Aware": false,"Async Capable": false,"Index Name": "idx_orders_orderdate","Startup Cost": 0.00,"Total Cost": 771.49,"Plan Rows": 56706,"Plan Width": 0,"Actual Startup Time": 8.540,"Actual Total Time": 8.544,"Actual Rows": 56965,"Actual Loops": 1,"Index Cond": "((o_orderdate >= '1996-03-01'::date) AND (o_orderdate < '1996-06-01 00:00:00'::timestamp without time zone))","Workers": []}]},{"Node Type": "Index Scan","Parent Relationship": "Inner","Parallel Aware": false,"Async Capable": false,"Scan Direction": "Forward","Index Name": "idx_lineitem_orderkey","Relation Name": "lineitem","Alias": "lineitem","Startup Cost": 0.43,"Total Cost": 4.64,"Plan Rows": 6,"Plan Width": 4,"Actual Startup Time": 0.009,"Actual Total Time": 0.009,"Actual Rows": 1,"Actual Loops": 56965,"Index Cond": "(l_orderkey = orders.o_orderkey)","Rows Removed by Index Recheck": 0,"Filter": "(l_commitdate < l_receiptdate)","Rows Removed by Filter": 1,"Workers": []}]}]}]}]}]},"Planning Time": 4.056,"Triggers": [],"Execution Time": 232.269}]
[{"Plan": {"Node Type": "Aggregate","Strategy": "Sorted","Partial Mode": "Finalize","Parallel Aware": false,"Async Capable": false,"Startup Cost": 52231.26,"Total Cost": 52266.64,"Plan Rows": 5,"Plan Width": 24,"Actual Startup Time": 211.731,"Actual Total Time": 236.685,"Actual Rows": 5,"Actual Loops": 1,"Group Key": ["orders.o_orderpriority"],"Plans": [{"Node Type": "Gather Merge","Parent Relationship": "Outer","Parallel Aware": false,"Async Capable": false,"Startup Cost": 52231.26,"Total Cost": 52266.52,"Plan Rows": 15,"Plan Width": 24,"Actual Startup Time": 211.358,"Actual Total Time": 236.644,"Actual Rows": 20,"Actual Loops": 1,"Workers Planned": 3,"Workers Launched": 3,"Plans": [{"Node Type": "Aggregate","Strategy": "Sorted","Partial Mode": "Partial","Parent Relationship": "Outer","Parallel Aware": false,"Async Capable": false,"Startup Cost": 51231.22,"Total Cost": 51264.72,"Plan Rows": 5,"Plan Width": 24,"Actual Startup Time": 202.707,"Actual Total Time": 203.957,"Actual Rows": 5,"Actual Loops": 4,"Group Key": ["orders.o_orderpriority"],"Workers": [],"Plans": [{"Node Type": "Sort","Parent Relationship": "Outer","Parallel Aware": false,"Async Capable": false,"Startup Cost": 51231.22,"Total Cost": 51242.37,"Plan Rows": 4460,"Plan Width": 16,"Actual Startup Time": 202.371,"Actual Total Time": 202.882,"Actual Rows": 13097,"Actual Loops": 4,"Sort Key": ["orders.o_orderpriority"],"Sort Method": "quicksort","Sort Space Used": 1098,"Sort Space Type": "Memory","Workers": [{"Worker Number": 0,"Sort Method": "quicksort","Sort Space Used": 1097,"Sort Space Type": "Memory"},{"Worker Number": 1,"Sort Method": "quicksort","Sort Space Used": 1085,"Sort Space Type": "Memory"},{"Worker Number": 2,"Sort Method": "quicksort","Sort Space Used": 1122,"Sort Space Type": "Memory"}],"Plans": [{"Node Type": "Nested Loop","Parent Relationship": "Outer","Parallel Aware": false,"Async Capable": false,"Join Type": "Semi","Startup Cost": 805.48,"Total Cost": 50960.88,"Plan Rows": 4460,"Plan Width": 16,"Actual Startup Time": 5.489,"Actual Total Time": 195.856,"Actual Rows": 13097,"Actual Loops": 4,"Inner Unique": false,"Workers": [],"Plans": [{"Node Type": "Bitmap Heap Scan","Parent Relationship": "Outer","Parallel Aware": true,"Async Capable": false,"Relation Name": "orders","Alias": "orders","Startup Cost": 805.05,"Total Cost": 27181.70,"Plan Rows": 18776,"Plan Width": 20,"Actual Startup Time": 5.323,"Actual Total Time": 57.749,"Actual Rows": 14305,"Actual Loops": 4,"Recheck Cond": "((o_orderdate >= '1994-10-01'::date) AND (o_orderdate < '1995-01-01 00:00:00'::timestamp without time zone))","Rows Removed by Index Recheck": 0,"Exact Heap Blocks": 5772,"Lossy Heap Blocks": 0,"Workers": [],"Plans": [{"Node Type": "Bitmap Index Scan","Parent Relationship": "Outer","Parallel Aware": false,"Async Capable": false,"Index Name": "idx_orders_orderdate","Startup Cost": 0.00,"Total Cost": 790.50,"Plan Rows": 58207,"Plan Width": 0,"Actual Startup Time": 8.588,"Actual Total Time": 8.590,"Actual Rows": 57219,"Actual Loops": 1,"Index Cond": "((o_orderdate >= '1994-10-01'::date) AND (o_orderdate < '1995-01-01 00:00:00'::timestamp without time zone))","Workers": []}]},{"Node Type": "Index Scan","Parent Relationship": "Inner","Parallel Aware": false,"Async Capable": false,"Scan Direction": "Forward","Index Name": "idx_lineitem_orderkey","Relation Name": "lineitem","Alias": "lineitem","Startup Cost": 0.43,"Total Cost": 4.60,"Plan Rows": 6,"Plan Width": 4,"Actual Startup Time": 0.009,"Actual Total Time": 0.009,"Actual Rows": 1,"Actual Loops": 57219,"Index Cond": "(l_orderkey = orders.o_orderkey)","Rows Removed by Index Recheck": 0,"Filter": "(l_commitdate < l_receiptdate)","Rows Removed by Filter": 1,"Workers": []}]}]}]}]}]},"Planning Time": 4.281,"Triggers": [],"Execution Time": 237.379}]
[{"Plan": {"Node Type": "Aggregate","Strategy": "Sorted","Partial Mode": "Finalize","Parallel Aware": false,"Async Capable": false,"Startup Cost": 52959.57,"Total Cost": 52996.16,"Plan Rows": 5,"Plan Width": 24,"Actual Startup Time": 209.033,"Actual Total Time": 233.672,"Actual Rows": 5,"Actual Loops": 1,"Group Key": ["orders.o_orderpriority"],"Plans": [{"Node Type": "Gather Merge","Parent Relationship": "Outer","Parallel Aware": false,"Async Capable": false,"Startup Cost": 52959.57,"Total Cost": 52996.04,"Plan Rows": 15,"Plan Width": 24,"Actual Startup Time": 208.622,"Actual Total Time": 233.645,"Actual Rows": 20,"Actual Loops": 1,"Workers Planned": 3,"Workers Launched": 3,"Plans": [{"Node Type": "Aggregate","Strategy": "Sorted","Partial Mode": "Partial","Parent Relationship": "Outer","Parallel Aware": false,"Async Capable": false,"Startup Cost": 51959.53,"Total Cost": 51994.23,"Plan Rows": 5,"Plan Width": 24,"Actual Startup Time": 199.783,"Actual Total Time": 201.045,"Actual Rows": 5,"Actual Loops": 4,"Group Key": ["orders.o_orderpriority"],"Workers": [],"Plans": [{"Node Type": "Sort","Parent Relationship": "Outer","Parallel Aware": false,"Async Capable": false,"Startup Cost": 51959.53,"Total Cost": 51971.08,"Plan Rows": 4620,"Plan Width": 16,"Actual Startup Time": 199.445,"Actual Total Time": 199.958,"Actual Rows": 13257,"Actual Loops": 4,"Sort Key": ["orders.o_orderpriority"],"Sort Method": "quicksort","Sort Space Used": 1102,"Sort Space Type": "Memory","Workers": [{"Worker Number": 0,"Sort Method": "quicksort","Sort Space Used": 1125,"Sort Space Type": "Memory"},{"Worker Number": 1,"Sort Method": "quicksort","Sort Space Used": 1082,"Sort Space Type": "Memory"},{"Worker Number": 2,"Sort Method": "quicksort","Sort Space Used": 1129,"Sort Space Type": "Memory"}],"Plans": [{"Node Type": "Nested Loop","Parent Relationship": "Outer","Parallel Aware": false,"Async Capable": false,"Join Type": "Semi","Startup Cost": 834.97,"Total Cost": 51678.32,"Plan Rows": 4620,"Plan Width": 16,"Actual Startup Time": 5.409,"Actual Total Time": 193.022,"Actual Rows": 13257,"Actual Loops": 4,"Inner Unique": false,"Workers": [],"Plans": [{"Node Type": "Bitmap Heap Scan","Parent Relationship": "Outer","Parallel Aware": true,"Async Capable": false,"Relation Name": "orders","Alias": "orders","Startup Cost": 834.53,"Total Cost": 27221.32,"Plan Rows": 19452,"Plan Width": 20,"Actual Startup Time": 5.281,"Actual Total Time": 56.264,"Actual Rows": 14475,"Actual Loops": 4,"Recheck Cond": "((o_orderdate >= '1997-05-01'::date) AND (o_orderdate < '1997-08-01 00:00:00'::timestamp without time zone))","Rows Removed by Index Recheck": 0,"Exact Heap Blocks": 5770,"Lossy Heap Blocks": 0,"Workers": [],"Plans": [{"Node Type": "Bitmap Index Scan","Parent Relationship": "Outer","Parallel Aware": false,"Async Capable": false,"Index Name": "idx_orders_orderdate","Startup Cost": 0.00,"Total Cost": 819.46,"Plan Rows": 60303,"Plan Width": 0,"Actual Startup Time": 8.646,"Actual Total Time": 8.646,"Actual Rows": 57901,"Actual Loops": 1,"Index Cond": "((o_orderdate >= '1997-05-01'::date) AND (o_orderdate < '1997-08-01 00:00:00'::timestamp without time zone))","Workers": []}]},{"Node Type": "Index Scan","Parent Relationship": "Inner","Parallel Aware": false,"Async Capable": false,"Scan Direction": "Forward","Index Name": "idx_lineitem_orderkey","Relation Name": "lineitem","Alias": "lineitem","Startup Cost": 0.43,"Total Cost": 4.56,"Plan Rows": 6,"Plan Width": 4,"Actual Startup Time": 0.009,"Actual Total Time": 0.009,"Actual Rows": 1,"Actual Loops": 57901,"Index Cond": "(l_orderkey = orders.o_orderkey)","Rows Removed by Index Recheck": 0,"Filter": "(l_commitdate < l_receiptdate)","Rows Removed by Filter": 1,"Workers": []}]}]}]}]}]},"Planning Time": 4.687,"Triggers": [],"Execution Time": 234.385}]
[{"Plan": {"Node Type": "Aggregate","Strategy": "Sorted","Partial Mode": "Finalize","Parallel Aware": false,"Async Capable": false,"Startup Cost": 52021.13,"Total Cost": 52056.16,"Plan Rows": 5,"Plan Width": 24,"Actual Startup Time": 203.693,"Actual Total Time": 227.755,"Actual Rows": 5,"Actual Loops": 1,"Group Key": ["orders.o_orderpriority"],"Plans": [{"Node Type": "Gather Merge","Parent Relationship": "Outer","Parallel Aware": false,"Async Capable": false,"Startup Cost": 52021.13,"Total Cost": 52056.04,"Plan Rows": 15,"Plan Width": 24,"Actual Startup Time": 203.285,"Actual Total Time": 227.721,"Actual Rows": 20,"Actual Loops": 1,"Workers Planned": 3,"Workers Launched": 3,"Plans": [{"Node Type": "Aggregate","Strategy": "Sorted","Partial Mode": "Partial","Parent Relationship": "Outer","Parallel Aware": false,"Async Capable": false,"Startup Cost": 51021.09,"Total Cost": 51054.24,"Plan Rows": 5,"Plan Width": 24,"Actual Startup Time": 195.016,"Actual Total Time": 196.267,"Actual Rows": 5,"Actual Loops": 4,"Group Key": ["orders.o_orderpriority"],"Workers": [],"Plans": [{"Node Type": "Sort","Parent Relationship": "Outer","Parallel Aware": false,"Async Capable": false,"Startup Cost": 51021.09,"Total Cost": 51032.12,"Plan Rows": 4413,"Plan Width": 16,"Actual Startup Time": 194.670,"Actual Total Time": 195.213,"Actual Rows": 12850,"Actual Loops": 4,"Sort Key": ["orders.o_orderpriority"],"Sort Method": "quicksort","Sort Space Used": 1082,"Sort Space Type": "Memory","Workers": [{"Worker Number": 0,"Sort Method": "quicksort","Sort Space Used": 1095,"Sort Space Type": "Memory"},{"Worker Number": 1,"Sort Method": "quicksort","Sort Space Used": 1073,"Sort Space Type": "Memory"},{"Worker Number": 2,"Sort Method": "quicksort","Sort Space Used": 1099,"Sort Space Type": "Memory"}],"Plans": [{"Node Type": "Nested Loop","Parent Relationship": "Outer","Parallel Aware": false,"Async Capable": false,"Join Type": "Semi","Startup Cost": 799.26,"Total Cost": 50753.94,"Plan Rows": 4413,"Plan Width": 16,"Actual Startup Time": 4.875,"Actual Total Time": 188.562,"Actual Rows": 12850,"Actual Loops": 4,"Inner Unique": false,"Workers": [],"Plans": [{"Node Type": "Bitmap Heap Scan","Parent Relationship": "Outer","Parallel Aware": true,"Async Capable": false,"Relation Name": "orders","Alias": "orders","Startup Cost": 798.83,"Total Cost": 27172.54,"Plan Rows": 18580,"Plan Width": 20,"Actual Startup Time": 4.743,"Actual Total Time": 55.256,"Actual Rows": 13993,"Actual Loops": 4,"Recheck Cond": "((o_orderdate >= '1993-12-01'::date) AND (o_orderdate < '1994-03-01 00:00:00'::timestamp without time zone))","Rows Removed by Index Recheck": 0,"Exact Heap Blocks": 5712,"Lossy Heap Blocks": 0,"Workers": [],"Plans": [{"Node Type": "Bitmap Index Scan","Parent Relationship": "Outer","Parallel Aware": false,"Async Capable": false,"Index Name": "idx_orders_orderdate","Startup Cost": 0.00,"Total Cost": 784.43,"Plan Rows": 57600,"Plan Width": 0,"Actual Startup Time": 7.826,"Actual Total Time": 7.827,"Actual Rows": 55973,"Actual Loops": 1,"Index Cond": "((o_orderdate >= '1993-12-01'::date) AND (o_orderdate < '1994-03-01 00:00:00'::timestamp without time zone))","Workers": []}]},{"Node Type": "Index Scan","Parent Relationship": "Inner","Parallel Aware": false,"Async Capable": false,"Scan Direction": "Forward","Index Name": "idx_lineitem_orderkey","Relation Name": "lineitem","Alias": "lineitem","Startup Cost": 0.43,"Total Cost": 4.62,"Plan Rows": 6,"Plan Width": 4,"Actual Startup Time": 0.009,"Actual Total Time": 0.009,"Actual Rows": 1,"Actual Loops": 55973,"Index Cond": "(l_orderkey = orders.o_orderkey)","Rows Removed by Index Recheck": 0,"Filter": "(l_commitdate < l_receiptdate)","Rows Removed by Filter": 1,"Workers": []}]}]}]}]}]},"Planning Time": 4.325,"Triggers": [],"Execution Time": 228.374}]
[{"Plan": {"Node Type": "Aggregate","Strategy": "Sorted","Partial Mode": "Finalize","Parallel Aware": false,"Async Capable": false,"Startup Cost": 51845.54,"Total Cost": 51880.29,"Plan Rows": 5,"Plan Width": 24,"Actual Startup Time": 207.177,"Actual Total Time": 232.110,"Actual Rows": 5,"Actual Loops": 1,"Group Key": ["orders.o_orderpriority"],"Plans": [{"Node Type": "Gather Merge","Parent Relationship": "Outer","Parallel Aware": false,"Async Capable": false,"Startup Cost": 51845.54,"Total Cost": 51880.17,"Plan Rows": 15,"Plan Width": 24,"Actual Startup Time": 206.778,"Actual Total Time": 232.079,"Actual Rows": 20,"Actual Loops": 1,"Workers Planned": 3,"Workers Launched": 3,"Plans": [{"Node Type": "Aggregate","Strategy": "Sorted","Partial Mode": "Partial","Parent Relationship": "Outer","Parallel Aware": false,"Async Capable": false,"Startup Cost": 50845.50,"Total Cost": 50878.36,"Plan Rows": 5,"Plan Width": 24,"Actual Startup Time": 198.217,"Actual Total Time": 199.466,"Actual Rows": 5,"Actual Loops": 4,"Group Key": ["orders.o_orderpriority"],"Workers": [],"Plans": [{"Node Type": "Sort","Parent Relationship": "Outer","Parallel Aware": false,"Async Capable": false,"Startup Cost": 50845.50,"Total Cost": 50856.44,"Plan Rows": 4375,"Plan Width": 16,"Actual Startup Time": 197.865,"Actual Total Time": 198.399,"Actual Rows": 13003,"Actual Loops": 4,"Sort Key": ["orders.o_orderpriority"],"Sort Method": "quicksort","Sort Space Used": 1088,"Sort Space Type": "Memory","Workers": [{"Worker Number": 0,"Sort Method": "quicksort","Sort Space Used": 1109,"Sort Space Type": "Memory"},{"Worker Number": 1,"Sort Method": "quicksort","Sort Space Used": 1075,"Sort Space Type": "Memory"},{"Worker Number": 2,"Sort Method": "quicksort","Sort Space Used": 1111,"Sort Space Type": "Memory"}],"Plans": [{"Node Type": "Nested Loop","Parent Relationship": "Outer","Parallel Aware": false,"Async Capable": false,"Join Type": "Semi","Startup Cost": 790.17,"Total Cost": 50580.92,"Plan Rows": 4375,"Plan Width": 16,"Actual Startup Time": 5.194,"Actual Total Time": 191.534,"Actual Rows": 13003,"Actual Loops": 4,"Inner Unique": false,"Workers": [],"Plans": [{"Node Type": "Bitmap Heap Scan","Parent Relationship": "Outer","Parallel Aware": true,"Async Capable": false,"Relation Name": "orders","Alias": "orders","Startup Cost": 789.73,"Total Cost": 27161.04,"Plan Rows": 18420,"Plan Width": 20,"Actual Startup Time": 5.066,"Actual Total Time": 56.417,"Actual Rows": 14194,"Actual Loops": 4,"Recheck Cond": "((o_orderdate >= '1996-04-01'::date) AND (o_orderdate < '1996-07-01 00:00:00'::timestamp without time zone))","Rows Removed by Index Recheck": 0,"Exact Heap Blocks": 5706,"Lossy Heap Blocks": 0,"Workers": [],"Plans": [{"Node Type": "Bitmap Index Scan","Parent Relationship": "Outer","Parallel Aware": false,"Async Capable": false,"Index Name": "idx_orders_orderdate","Startup Cost": 0.00,"Total Cost": 775.46,"Plan Rows": 57103,"Plan Width": 0,"Actual Startup Time": 8.398,"Actual Total Time": 8.399,"Actual Rows": 56775,"Actual Loops": 1,"Index Cond": "((o_orderdate >= '1996-04-01'::date) AND (o_orderdate < '1996-07-01 00:00:00'::timestamp without time zone))","Workers": []}]},{"Node Type": "Index Scan","Parent Relationship": "Inner","Parallel Aware": false,"Async Capable": false,"Scan Direction": "Forward","Index Name": "idx_lineitem_orderkey","Relation Name": "lineitem","Alias": "lineitem","Startup Cost": 0.43,"Total Cost": 4.63,"Plan Rows": 6,"Plan Width": 4,"Actual Startup Time": 0.009,"Actual Total Time": 0.009,"Actual Rows": 1,"Actual Loops": 56775,"Index Cond": "(l_orderkey = orders.o_orderkey)","Rows Removed by Index Recheck": 0,"Filter": "(l_commitdate < l_receiptdate)","Rows Removed by Filter": 1,"Workers": []}]}]}]}]}]},"Planning Time": 4.671,"Triggers": [],"Execution Time": 232.791}]
[{"Plan": {"Node Type": "Aggregate","Strategy": "Sorted","Partial Mode": "Finalize","Parallel Aware": false,"Async Capable": false,"Startup Cost": 52505.50,"Total Cost": 52541.34,"Plan Rows": 5,"Plan Width": 24,"Actual Startup Time": 212.649,"Actual Total Time": 236.332,"Actual Rows": 5,"Actual Loops": 1,"Group Key": ["orders.o_orderpriority"],"Plans": [{"Node Type": "Gather Merge","Parent Relationship": "Outer","Parallel Aware": false,"Async Capable": false,"Startup Cost": 52505.50,"Total Cost": 52541.21,"Plan Rows": 15,"Plan Width": 24,"Actual Startup Time": 212.241,"Actual Total Time": 236.296,"Actual Rows": 20,"Actual Loops": 1,"Workers Planned": 3,"Workers Launched": 3,"Plans": [{"Node Type": "Aggregate","Strategy": "Sorted","Partial Mode": "Partial","Parent Relationship": "Outer","Parallel Aware": false,"Async Capable": false,"Startup Cost": 51505.46,"Total Cost": 51539.41,"Plan Rows": 5,"Plan Width": 24,"Actual Startup Time": 203.017,"Actual Total Time": 204.284,"Actual Rows": 5,"Actual Loops": 4,"Group Key": ["orders.o_orderpriority"],"Workers": [],"Plans": [{"Node Type": "Sort","Parent Relationship": "Outer","Parallel Aware": false,"Async Capable": false,"Startup Cost": 51505.46,"Total Cost": 51516.76,"Plan Rows": 4520,"Plan Width": 16,"Actual Startup Time": 202.651,"Actual Total Time": 203.197,"Actual Rows": 13152,"Actual Loops": 4,"Sort Key": ["orders.o_orderpriority"],"Sort Method": "quicksort","Sort Space Used": 1103,"Sort Space Type": "Memory","Workers": [{"Worker Number": 0,"Sort Method": "quicksort","Sort Space Used": 1110,"Sort Space Type": "Memory"},{"Worker Number": 1,"Sort Method": "quicksort","Sort Space Used": 1119,"Sort Space Type": "Memory"},{"Worker Number": 2,"Sort Method": "quicksort","Sort Space Used": 1083,"Sort Space Type": "Memory"}],"Plans": [{"Node Type": "Nested Loop","Parent Relationship": "Outer","Parallel Aware": false,"Async Capable": false,"Join Type": "Semi","Startup Cost": 817.51,"Total Cost": 51231.05,"Plan Rows": 4520,"Plan Width": 16,"Actual Startup Time": 4.809,"Actual Total Time": 196.117,"Actual Rows": 13152,"Actual Loops": 4,"Inner Unique": false,"Workers": [],"Plans": [{"Node Type": "Bitmap Heap Scan","Parent Relationship": "Outer","Parallel Aware": true,"Async Capable": false,"Relation Name": "orders","Alias": "orders","Startup Cost": 817.07,"Total Cost": 27197.51,"Plan Rows": 19029,"Plan Width": 20,"Actual Startup Time": 4.654,"Actual Total Time": 58.284,"Actual Rows": 14334,"Actual Loops": 4,"Recheck Cond": "((o_orderdate >= '1997-04-01'::date) AND (o_orderdate < '1997-07-01 00:00:00'::timestamp without time zone))","Rows Removed by Index Recheck": 0,"Exact Heap Blocks": 5837,"Lossy Heap Blocks": 0,"Workers": [],"Plans": [{"Node Type": "Bitmap Index Scan","Parent Relationship": "Outer","Parallel Aware": false,"Async Capable": false,"Index Name": "idx_orders_orderdate","Startup Cost": 0.00,"Total Cost": 802.33,"Plan Rows": 58990,"Plan Width": 0,"Actual Startup Time": 8.382,"Actual Total Time": 8.385,"Actual Rows": 57334,"Actual Loops": 1,"Index Cond": "((o_orderdate >= '1997-04-01'::date) AND (o_orderdate < '1997-07-01 00:00:00'::timestamp without time zone))","Workers": []}]},{"Node Type": "Index Scan","Parent Relationship": "Inner","Parallel Aware": false,"Async Capable": false,"Scan Direction": "Forward","Index Name": "idx_lineitem_orderkey","Relation Name": "lineitem","Alias": "lineitem","Startup Cost": 0.43,"Total Cost": 4.59,"Plan Rows": 6,"Plan Width": 4,"Actual Startup Time": 0.009,"Actual Total Time": 0.009,"Actual Rows": 1,"Actual Loops": 57334,"Index Cond": "(l_orderkey = orders.o_orderkey)","Rows Removed by Index Recheck": 0,"Filter": "(l_commitdate < l_receiptdate)","Rows Removed by Filter": 1,"Workers": []}]}]}]}]}]},"Planning Time": 4.807,"Triggers": [],"Execution Time": 236.832}]
[{"Plan": {"Node Type": "Aggregate","Strategy": "Sorted","Partial Mode": "Finalize","Parallel Aware": false,"Async Capable": false,"Startup Cost": 51029.71,"Total Cost": 51063.13,"Plan Rows": 5,"Plan Width": 24,"Actual Startup Time": 219.978,"Actual Total Time": 243.153,"Actual Rows": 5,"Actual Loops": 1,"Group Key": ["orders.o_orderpriority"],"Plans": [{"Node Type": "Gather Merge","Parent Relationship": "Outer","Parallel Aware": false,"Async Capable": false,"Startup Cost": 51029.71,"Total Cost": 51063.00,"Plan Rows": 15,"Plan Width": 24,"Actual Startup Time": 219.617,"Actual Total Time": 243.118,"Actual Rows": 20,"Actual Loops": 1,"Workers Planned": 3,"Workers Launched": 3,"Plans": [{"Node Type": "Aggregate","Strategy": "Sorted","Partial Mode": "Partial","Parent Relationship": "Outer","Parallel Aware": false,"Async Capable": false,"Startup Cost": 50029.67,"Total Cost": 50061.20,"Plan Rows": 5,"Plan Width": 24,"Actual Startup Time": 210.426,"Actual Total Time": 211.687,"Actual Rows": 5,"Actual Loops": 4,"Group Key": ["orders.o_orderpriority"],"Workers": [],"Plans": [{"Node Type": "Sort","Parent Relationship": "Outer","Parallel Aware": false,"Async Capable": false,"Startup Cost": 50029.67,"Total Cost": 50040.17,"Plan Rows": 4197,"Plan Width": 16,"Actual Startup Time": 210.078,"Actual Total Time": 210.591,"Actual Rows": 13199,"Actual Loops": 4,"Sort Key": ["orders.o_orderpriority"],"Sort Method": "quicksort","Sort Space Used": 1082,"Sort Space Type": "Memory","Workers": [{"Worker Number": 0,"Sort Method": "quicksort","Sort Space Used": 1147,"Sort Space Type": "Memory"},{"Worker Number": 1,"Sort Method": "quicksort","Sort Space Used": 1061,"Sort Space Type": "Memory"},{"Worker Number": 2,"Sort Method": "quicksort","Sort Space Used": 1135,"Sort Space Type": "Memory"}],"Plans": [{"Node Type": "Nested Loop","Parent Relationship": "Outer","Parallel Aware": false,"Async Capable": false,"Join Type": "Semi","Startup Cost": 758.30,"Total Cost": 49777.12,"Plan Rows": 4197,"Plan Width": 16,"Actual Startup Time": 4.818,"Actual Total Time": 203.309,"Actual Rows": 13199,"Actual Loops": 4,"Inner Unique": false,"Workers": [],"Plans": [{"Node Type": "Bitmap Heap Scan","Parent Relationship": "Outer","Parallel Aware": true,"Async Capable": false,"Relation Name": "orders","Alias": "orders","Startup Cost": 757.87,"Total Cost": 27117.91,"Plan Rows": 17670,"Plan Width": 20,"Actual Startup Time": 4.687,"Actual Total Time": 60.377,"Actual Rows": 14427,"Actual Loops": 4,"Recheck Cond": "((o_orderdate >= '1995-08-01'::date) AND (o_orderdate < '1995-11-01 00:00:00'::timestamp without time zone))","Rows Removed by Index Recheck": 0,"Exact Heap Blocks": 5595,"Lossy Heap Blocks": 0,"Workers": [],"Plans": [{"Node Type": "Bitmap Index Scan","Parent Relationship": "Outer","Parallel Aware": false,"Async Capable": false,"Index Name": "idx_orders_orderdate","Startup Cost": 0.00,"Total Cost": 744.18,"Plan Rows": 54775,"Plan Width": 0,"Actual Startup Time": 8.832,"Actual Total Time": 8.833,"Actual Rows": 57708,"Actual Loops": 1,"Index Cond": "((o_orderdate >= '1995-08-01'::date) AND (o_orderdate < '1995-11-01 00:00:00'::timestamp without time zone))","Workers": []}]},{"Node Type": "Index Scan","Parent Relationship": "Inner","Parallel Aware": false,"Async Capable": false,"Scan Direction": "Forward","Index Name": "idx_lineitem_orderkey","Relation Name": "lineitem","Alias": "lineitem","Startup Cost": 0.43,"Total Cost": 4.68,"Plan Rows": 6,"Plan Width": 4,"Actual Startup Time": 0.010,"Actual Total Time": 0.010,"Actual Rows": 1,"Actual Loops": 57708,"Index Cond": "(l_orderkey = orders.o_orderkey)","Rows Removed by Index Recheck": 0,"Filter": "(l_commitdate < l_receiptdate)","Rows Removed by Filter": 1,"Workers": []}]}]}]}]}]},"Planning Time": 5.875,"Triggers": [],"Execution Time": 243.590}]
[{"Plan": {"Node Type": "Aggregate","Strategy": "Sorted","Partial Mode": "Finalize","Parallel Aware": false,"Async Capable": false,"Startup Cost": 51940.16,"Total Cost": 51975.07,"Plan Rows": 5,"Plan Width": 24,"Actual Startup Time": 211.359,"Actual Total Time": 235.485,"Actual Rows": 5,"Actual Loops": 1,"Group Key": ["orders.o_orderpriority"],"Plans": [{"Node Type": "Gather Merge","Parent Relationship": "Outer","Parallel Aware": false,"Async Capable": false,"Startup Cost": 51940.16,"Total Cost": 51974.94,"Plan Rows": 15,"Plan Width": 24,"Actual Startup Time": 210.977,"Actual Total Time": 235.464,"Actual Rows": 20,"Actual Loops": 1,"Workers Planned": 3,"Workers Launched": 3,"Plans": [{"Node Type": "Aggregate","Strategy": "Sorted","Partial Mode": "Partial","Parent Relationship": "Outer","Parallel Aware": false,"Async Capable": false,"Startup Cost": 50940.12,"Total Cost": 50973.14,"Plan Rows": 5,"Plan Width": 24,"Actual Startup Time": 202.425,"Actual Total Time": 203.673,"Actual Rows": 5,"Actual Loops": 4,"Group Key": ["orders.o_orderpriority"],"Workers": [],"Plans": [{"Node Type": "Sort","Parent Relationship": "Outer","Parallel Aware": false,"Async Capable": false,"Startup Cost": 50940.12,"Total Cost": 50951.11,"Plan Rows": 4396,"Plan Width": 16,"Actual Startup Time": 202.075,"Actual Total Time": 202.609,"Actual Rows": 13093,"Actual Loops": 4,"Sort Key": ["orders.o_orderpriority"],"Sort Method": "quicksort","Sort Space Used": 1113,"Sort Space Type": "Memory","Workers": [{"Worker Number": 0,"Sort Method": "quicksort","Sort Space Used": 1095,"Sort Space Type": "Memory"},{"Worker Number": 1,"Sort Method": "quicksort","Sort Space Used": 1096,"Sort Space Type": "Memory"},{"Worker Number": 2,"Sort Method": "quicksort","Sort Space Used": 1098,"Sort Space Type": "Memory"}],"Plans": [{"Node Type": "Nested Loop","Parent Relationship": "Outer","Parallel Aware": false,"Async Capable": false,"Join Type": "Semi","Startup Cost": 792.95,"Total Cost": 50674.12,"Plan Rows": 4396,"Plan Width": 16,"Actual Startup Time": 5.002,"Actual Total Time": 195.802,"Actual Rows": 13093,"Actual Loops": 4,"Inner Unique": false,"Workers": [],"Plans": [{"Node Type": "Bitmap Heap Scan","Parent Relationship": "Outer","Parallel Aware": true,"Async Capable": false,"Relation Name": "orders","Alias": "orders","Startup Cost": 792.52,"Total Cost": 27165.14,"Plan Rows": 18508,"Plan Width": 20,"Actual Startup Time": 4.882,"Actual Total Time": 58.015,"Actual Rows": 14267,"Actual Loops": 4,"Recheck Cond": "((o_orderdate >= '1993-10-01'::date) AND (o_orderdate < '1994-01-01 00:00:00'::timestamp without time zone))","Rows Removed by Index Recheck": 0,"Exact Heap Blocks": 5856,"Lossy Heap Blocks": 0,"Workers": [],"Plans": [{"Node Type": "Bitmap Index Scan","Parent Relationship": "Outer","Parallel Aware": false,"Async Capable": false,"Index Name": "idx_orders_orderdate","Startup Cost": 0.00,"Total Cost": 778.18,"Plan Rows": 57375,"Plan Width": 0,"Actual Startup Time": 8.440,"Actual Total Time": 8.441,"Actual Rows": 57069,"Actual Loops": 1,"Index Cond": "((o_orderdate >= '1993-10-01'::date) AND (o_orderdate < '1994-01-01 00:00:00'::timestamp without time zone))","Workers": []}]},{"Node Type": "Index Scan","Parent Relationship": "Inner","Parallel Aware": false,"Async Capable": false,"Scan Direction": "Forward","Index Name": "idx_lineitem_orderkey","Relation Name": "lineitem","Alias": "lineitem","Startup Cost": 0.43,"Total Cost": 4.62,"Plan Rows": 6,"Plan Width": 4,"Actual Startup Time": 0.009,"Actual Total Time": 0.009,"Actual Rows": 1,"Actual Loops": 57069,"Index Cond": "(l_orderkey = orders.o_orderkey)","Rows Removed by Index Recheck": 0,"Filter": "(l_commitdate < l_receiptdate)","Rows Removed by Filter": 1,"Workers": []}]}]}]}]}]},"Planning Time": 4.961,"Triggers": [],"Execution Time": 235.930}]
[{"Plan": {"Node Type": "Aggregate","Strategy": "Sorted","Partial Mode": "Finalize","Parallel Aware": false,"Async Capable": false,"Startup Cost": 51600.04,"Total Cost": 51634.39,"Plan Rows": 5,"Plan Width": 24,"Actual Startup Time": 209.883,"Actual Total Time": 233.573,"Actual Rows": 5,"Actual Loops": 1,"Group Key": ["orders.o_orderpriority"],"Plans": [{"Node Type": "Gather Merge","Parent Relationship": "Outer","Parallel Aware": false,"Async Capable": false,"Startup Cost": 51600.04,"Total Cost": 51634.27,"Plan Rows": 15,"Plan Width": 24,"Actual Startup Time": 209.491,"Actual Total Time": 233.547,"Actual Rows": 20,"Actual Loops": 1,"Workers Planned": 3,"Workers Launched": 3,"Plans": [{"Node Type": "Aggregate","Strategy": "Sorted","Partial Mode": "Partial","Parent Relationship": "Outer","Parallel Aware": false,"Async Capable": false,"Startup Cost": 50600.00,"Total Cost": 50632.47,"Plan Rows": 5,"Plan Width": 24,"Actual Startup Time": 200.555,"Actual Total Time": 201.777,"Actual Rows": 5,"Actual Loops": 4,"Group Key": ["orders.o_orderpriority"],"Workers": [],"Plans": [{"Node Type": "Sort","Parent Relationship": "Outer","Parallel Aware": false,"Async Capable": false,"Startup Cost": 50600.00,"Total Cost": 50610.81,"Plan Rows": 4322,"Plan Width": 16,"Actual Startup Time": 200.215,"Actual Total Time": 200.732,"Actual Rows": 12804,"Actual Loops": 4,"Sort Key": ["orders.o_orderpriority"],"Sort Method": "quicksort","Sort Space Used": 1105,"Sort Space Type": "Memory","Workers": [{"Worker Number": 0,"Sort Method": "quicksort","Sort Space Used": 1078,"Sort Space Type": "Memory"},{"Worker Number": 1,"Sort Method": "quicksort","Sort Space Used": 1077,"Sort Space Type": "Memory"},{"Worker Number": 2,"Sort Method": "quicksort","Sort Space Used": 1079,"Sort Space Type": "Memory"}],"Plans": [{"Node Type": "Nested Loop","Parent Relationship": "Outer","Parallel Aware": false,"Async Capable": false,"Join Type": "Semi","Startup Cost": 779.02,"Total Cost": 50339.01,"Plan Rows": 4322,"Plan Width": 16,"Actual Startup Time": 5.636,"Actual Total Time": 193.920,"Actual Rows": 12804,"Actual Loops": 4,"Inner Unique": false,"Workers": [],"Plans": [{"Node Type": "Bitmap Heap Scan","Parent Relationship": "Outer","Parallel Aware": true,"Async Capable": false,"Relation Name": "orders","Alias": "orders","Startup Cost": 778.59,"Total Cost": 27146.52,"Plan Rows": 18195,"Plan Width": 20,"Actual Startup Time": 5.497,"Actual Total Time": 58.362,"Actual Rows": 13981,"Actual Loops": 4,"Recheck Cond": "((o_orderdate >= '1993-01-01'::date) AND (o_orderdate < '1993-04-01 00:00:00'::timestamp without time zone))","Rows Removed by Index Recheck": 0,"Exact Heap Blocks": 5903,"Lossy Heap Blocks": 0,"Workers": [],"Plans": [{"Node Type": "Bitmap Index Scan","Parent Relationship": "Outer","Parallel Aware": false,"Async Capable": false,"Index Name": "idx_orders_orderdate","Startup Cost": 0.00,"Total Cost": 764.49,"Plan Rows": 56406,"Plan Width": 0,"Actual Startup Time": 9.185,"Actual Total Time": 9.187,"Actual Rows": 55924,"Actual Loops": 1,"Index Cond": "((o_orderdate >= '1993-01-01'::date) AND (o_orderdate < '1993-04-01 00:00:00'::timestamp without time zone))","Workers": []}]},{"Node Type": "Index Scan","Parent Relationship": "Inner","Parallel Aware": false,"Async Capable": false,"Scan Direction": "Forward","Index Name": "idx_lineitem_orderkey","Relation Name": "lineitem","Alias": "lineitem","Startup Cost": 0.43,"Total Cost": 4.65,"Plan Rows": 6,"Plan Width": 4,"Actual Startup Time": 0.009,"Actual Total Time": 0.009,"Actual Rows": 1,"Actual Loops": 55924,"Index Cond": "(l_orderkey = orders.o_orderkey)","Rows Removed by Index Recheck": 0,"Filter": "(l_commitdate < l_receiptdate)","Rows Removed by Filter": 1,"Workers": []}]}]}]}]}]},"Planning Time": 4.372,"Triggers": [],"Execution Time": 234.017}]
[{"Plan": {"Node Type": "Aggregate","Strategy": "Sorted","Partial Mode": "Finalize","Parallel Aware": false,"Async Capable": false,"Startup Cost": 50907.22,"Total Cost": 50940.43,"Plan Rows": 5,"Plan Width": 24,"Actual Startup Time": 204.875,"Actual Total Time": 229.245,"Actual Rows": 5,"Actual Loops": 1,"Group Key": ["orders.o_orderpriority"],"Plans": [{"Node Type": "Gather Merge","Parent Relationship": "Outer","Parallel Aware": false,"Async Capable": false,"Startup Cost": 50907.22,"Total Cost": 50940.30,"Plan Rows": 15,"Plan Width": 24,"Actual Startup Time": 204.487,"Actual Total Time": 229.210,"Actual Rows": 20,"Actual Loops": 1,"Workers Planned": 3,"Workers Launched": 3,"Plans": [{"Node Type": "Aggregate","Strategy": "Sorted","Partial Mode": "Partial","Parent Relationship": "Outer","Parallel Aware": false,"Async Capable": false,"Startup Cost": 49907.18,"Total Cost": 49938.50,"Plan Rows": 5,"Plan Width": 24,"Actual Startup Time": 195.859,"Actual Total Time": 197.107,"Actual Rows": 5,"Actual Loops": 4,"Group Key": ["orders.o_orderpriority"],"Workers": [],"Plans": [{"Node Type": "Sort","Parent Relationship": "Outer","Parallel Aware": false,"Async Capable": false,"Startup Cost": 49907.18,"Total Cost": 49917.60,"Plan Rows": 4170,"Plan Width": 16,"Actual Startup Time": 195.538,"Actual Total Time": 196.036,"Actual Rows": 13129,"Actual Loops": 4,"Sort Key": ["orders.o_orderpriority"],"Sort Method": "quicksort","Sort Space Used": 1092,"Sort Space Type": "Memory","Workers": [{"Worker Number": 0,"Sort Method": "quicksort","Sort Space Used": 1119,"Sort Space Type": "Memory"},{"Worker Number": 1,"Sort Method": "quicksort","Sort Space Used": 1082,"Sort Space Type": "Memory"},{"Worker Number": 2,"Sort Method": "quicksort","Sort Space Used": 1116,"Sort Space Type": "Memory"}],"Plans": [{"Node Type": "Nested Loop","Parent Relationship": "Outer","Parallel Aware": false,"Async Capable": false,"Join Type": "Semi","Startup Cost": 754.75,"Total Cost": 49656.44,"Plan Rows": 4170,"Plan Width": 16,"Actual Startup Time": 4.769,"Actual Total Time": 189.357,"Actual Rows": 13129,"Actual Loops": 4,"Inner Unique": false,"Workers": [],"Plans": [{"Node Type": "Bitmap Heap Scan","Parent Relationship": "Outer","Parallel Aware": true,"Async Capable": false,"Relation Name": "orders","Alias": "orders","Startup Cost": 754.31,"Total Cost": 27112.68,"Plan Rows": 17557,"Plan Width": 20,"Actual Startup Time": 4.640,"Actual Total Time": 54.547,"Actual Rows": 14334,"Actual Loops": 4,"Recheck Cond": "((o_orderdate >= '1995-10-01'::date) AND (o_orderdate < '1996-01-01 00:00:00'::timestamp without time zone))","Rows Removed by Index Recheck": 0,"Exact Heap Blocks": 5726,"Lossy Heap Blocks": 0,"Workers": [],"Plans": [{"Node Type": "Bitmap Index Scan","Parent Relationship": "Outer","Parallel Aware": false,"Async Capable": false,"Index Name": "idx_orders_orderdate","Startup Cost": 0.00,"Total Cost": 740.71,"Plan Rows": 54428,"Plan Width": 0,"Actual Startup Time": 8.057,"Actual Total Time": 8.058,"Actual Rows": 57337,"Actual Loops": 1,"Index Cond": "((o_orderdate >= '1995-10-01'::date) AND (o_orderdate < '1996-01-01 00:00:00'::timestamp without time zone))","Workers": []}]},{"Node Type": "Index Scan","Parent Relationship": "Inner","Parallel Aware": false,"Async Capable": false,"Scan Direction": "Forward","Index Name": "idx_lineitem_orderkey","Relation Name": "lineitem","Alias": "lineitem","Startup Cost": 0.43,"Total Cost": 4.69,"Plan Rows": 6,"Plan Width": 4,"Actual Startup Time": 0.009,"Actual Total Time": 0.009,"Actual Rows": 1,"Actual Loops": 57337,"Index Cond": "(l_orderkey = orders.o_orderkey)","Rows Removed by Index Recheck": 0,"Filter": "(l_commitdate < l_receiptdate)","Rows Removed by Filter": 1,"Workers": []}]}]}]}]}]},"Planning Time": 4.806,"Triggers": [],"Execution Time": 229.951}]
[{"Plan": {"Node Type": "Aggregate","Strategy": "Sorted","Partial Mode": "Finalize","Parallel Aware": false,"Async Capable": false,"Startup Cost": 51165.01,"Total Cost": 51198.65,"Plan Rows": 5,"Plan Width": 24,"Actual Startup Time": 203.769,"Actual Total Time": 228.271,"Actual Rows": 5,"Actual Loops": 1,"Group Key": ["orders.o_orderpriority"],"Plans": [{"Node Type": "Gather Merge","Parent Relationship": "Outer","Parallel Aware": false,"Async Capable": false,"Startup Cost": 51165.01,"Total Cost": 51198.52,"Plan Rows": 15,"Plan Width": 24,"Actual Startup Time": 203.386,"Actual Total Time": 228.243,"Actual Rows": 20,"Actual Loops": 1,"Workers Planned": 3,"Workers Launched": 3,"Plans": [{"Node Type": "Aggregate","Strategy": "Sorted","Partial Mode": "Partial","Parent Relationship": "Outer","Parallel Aware": false,"Async Capable": false,"Startup Cost": 50164.97,"Total Cost": 50196.72,"Plan Rows": 5,"Plan Width": 24,"Actual Startup Time": 194.376,"Actual Total Time": 195.607,"Actual Rows": 5,"Actual Loops": 4,"Group Key": ["orders.o_orderpriority"],"Workers": [],"Plans": [{"Node Type": "Sort","Parent Relationship": "Outer","Parallel Aware": false,"Async Capable": false,"Startup Cost": 50164.97,"Total Cost": 50175.54,"Plan Rows": 4226,"Plan Width": 16,"Actual Startup Time": 194.028,"Actual Total Time": 194.544,"Actual Rows": 12926,"Actual Loops": 4,"Sort Key": ["orders.o_orderpriority"],"Sort Method": "quicksort","Sort Space Used": 1082,"Sort Space Type": "Memory","Workers": [{"Worker Number": 0,"Sort Method": "quicksort","Sort Space Used": 1106,"Sort Space Type": "Memory"},{"Worker Number": 1,"Sort Method": "quicksort","Sort Space Used": 1074,"Sort Space Type": "Memory"},{"Worker Number": 2,"Sort Method": "quicksort","Sort Space Used": 1104,"Sort Space Type": "Memory"}],"Plans": [{"Node Type": "Nested Loop","Parent Relationship": "Outer","Parallel Aware": false,"Async Capable": false,"Join Type": "Semi","Startup Cost": 762.30,"Total Cost": 49910.46,"Plan Rows": 4226,"Plan Width": 16,"Actual Startup Time": 4.653,"Actual Total Time": 187.831,"Actual Rows": 12926,"Actual Loops": 4,"Inner Unique": false,"Workers": [],"Plans": [{"Node Type": "Bitmap Heap Scan","Parent Relationship": "Outer","Parallel Aware": true,"Async Capable": false,"Relation Name": "orders","Alias": "orders","Startup Cost": 761.87,"Total Cost": 27123.80,"Plan Rows": 17795,"Plan Width": 20,"Actual Startup Time": 4.540,"Actual Total Time": 54.726,"Actual Rows": 14108,"Actual Loops": 4,"Recheck Cond": "((o_orderdate >= '1993-04-01'::date) AND (o_orderdate < '1993-07-01 00:00:00'::timestamp without time zone))","Rows Removed by Index Recheck": 0,"Exact Heap Blocks": 5719,"Lossy Heap Blocks": 0,"Workers": [],"Plans": [{"Node Type": "Bitmap Index Scan","Parent Relationship": "Outer","Parallel Aware": false,"Async Capable": false,"Index Name": "idx_orders_orderdate","Startup Cost": 0.00,"Total Cost": 748.08,"Plan Rows": 55165,"Plan Width": 0,"Actual Startup Time": 7.931,"Actual Total Time": 7.932,"Actual Rows": 56434,"Actual Loops": 1,"Index Cond": "((o_orderdate >= '1993-04-01'::date) AND (o_orderdate < '1993-07-01 00:00:00'::timestamp without time zone))","Workers": []}]},{"Node Type": "Index Scan","Parent Relationship": "Inner","Parallel Aware": false,"Async Capable": false,"Scan Direction": "Forward","Index Name": "idx_lineitem_orderkey","Relation Name": "lineitem","Alias": "lineitem","Startup Cost": 0.43,"Total Cost": 4.67,"Plan Rows": 6,"Plan Width": 4,"Actual Startup Time": 0.009,"Actual Total Time": 0.009,"Actual Rows": 1,"Actual Loops": 56434,"Index Cond": "(l_orderkey = orders.o_orderkey)","Rows Removed by Index Recheck": 0,"Filter": "(l_commitdate < l_receiptdate)","Rows Removed by Filter": 1,"Workers": []}]}]}]}]}]},"Planning Time": 5.442,"Triggers": [],"Execution Time": 229.015}]
[{"Plan": {"Node Type": "Aggregate","Strategy": "Sorted","Partial Mode": "Finalize","Parallel Aware": false,"Async Capable": false,"Startup Cost": 51563.06,"Total Cost": 51597.36,"Plan Rows": 5,"Plan Width": 24,"Actual Startup Time": 209.353,"Actual Total Time": 233.705,"Actual Rows": 5,"Actual Loops": 1,"Group Key": ["orders.o_orderpriority"],"Plans": [{"Node Type": "Gather Merge","Parent Relationship": "Outer","Parallel Aware": false,"Async Capable": false,"Startup Cost": 51563.06,"Total Cost": 51597.23,"Plan Rows": 15,"Plan Width": 24,"Actual Startup Time": 208.928,"Actual Total Time": 233.674,"Actual Rows": 20,"Actual Loops": 1,"Workers Planned": 3,"Workers Launched": 3,"Plans": [{"Node Type": "Aggregate","Strategy": "Sorted","Partial Mode": "Partial","Parent Relationship": "Outer","Parallel Aware": false,"Async Capable": false,"Startup Cost": 50563.02,"Total Cost": 50595.43,"Plan Rows": 5,"Plan Width": 24,"Actual Startup Time": 200.123,"Actual Total Time": 201.359,"Actual Rows": 5,"Actual Loops": 4,"Group Key": ["orders.o_orderpriority"],"Workers": [],"Plans": [{"Node Type": "Sort","Parent Relationship": "Outer","Parallel Aware": false,"Async Capable": false,"Startup Cost": 50563.02,"Total Cost": 50573.81,"Plan Rows": 4314,"Plan Width": 16,"Actual Startup Time": 199.793,"Actual Total Time": 200.293,"Actual Rows": 12936,"Actual Loops": 4,"Sort Key": ["orders.o_orderpriority"],"Sort Method": "quicksort","Sort Space Used": 1088,"Sort Space Type": "Memory","Workers": [{"Worker Number": 0,"Sort Method": "quicksort","Sort Space Used": 1073,"Sort Space Type": "Memory"},{"Worker Number": 1,"Sort Method": "quicksort","Sort Space Used": 1104,"Sort Space Type": "Memory"},{"Worker Number": 2,"Sort Method": "quicksort","Sort Space Used": 1102,"Sort Space Type": "Memory"}],"Plans": [{"Node Type": "Nested Loop","Parent Relationship": "Outer","Parallel Aware": false,"Async Capable": false,"Join Type": "Semi","Startup Cost": 777.94,"Total Cost": 50302.57,"Plan Rows": 4314,"Plan Width": 16,"Actual Startup Time": 5.390,"Actual Total Time": 193.555,"Actual Rows": 12936,"Actual Loops": 4,"Inner Unique": false,"Workers": [],"Plans": [{"Node Type": "Bitmap Heap Scan","Parent Relationship": "Outer","Parallel Aware": true,"Async Capable": false,"Relation Name": "orders","Alias": "orders","Startup Cost": 777.50,"Total Cost": 27144.92,"Plan Rows": 18161,"Plan Width": 20,"Actual Startup Time": 5.246,"Actual Total Time": 58.249,"Actual Rows": 14114,"Actual Loops": 4,"Recheck Cond": "((o_orderdate >= '1997-09-01'::date) AND (o_orderdate < '1997-12-01 00:00:00'::timestamp without time zone))","Rows Removed by Index Recheck": 0,"Exact Heap Blocks": 5736,"Lossy Heap Blocks": 0,"Workers": [],"Plans": [{"Node Type": "Bitmap Index Scan","Parent Relationship": "Outer","Parallel Aware": false,"Async Capable": false,"Index Name": "idx_orders_orderdate","Startup Cost": 0.00,"Total Cost": 763.43,"Plan Rows": 56300,"Plan Width": 0,"Actual Startup Time": 8.862,"Actual Total Time": 8.862,"Actual Rows": 56454,"Actual Loops": 1,"Index Cond": "((o_orderdate >= '1997-09-01'::date) AND (o_orderdate < '1997-12-01 00:00:00'::timestamp without time zone))","Workers": []}]},{"Node Type": "Index Scan","Parent Relationship": "Inner","Parallel Aware": false,"Async Capable": false,"Scan Direction": "Forward","Index Name": "idx_lineitem_orderkey","Relation Name": "lineitem","Alias": "lineitem","Startup Cost": 0.43,"Total Cost": 4.65,"Plan Rows": 6,"Plan Width": 4,"Actual Startup Time": 0.009,"Actual Total Time": 0.009,"Actual Rows": 1,"Actual Loops": 56454,"Index Cond": "(l_orderkey = orders.o_orderkey)","Rows Removed by Index Recheck": 0,"Filter": "(l_commitdate < l_receiptdate)","Rows Removed by Filter": 1,"Workers": []}]}]}]}]}]},"Planning Time": 5.783,"Triggers": [],"Execution Time": 234.121}]
[{"Plan": {"Node Type": "Aggregate","Strategy": "Sorted","Partial Mode": "Finalize","Parallel Aware": false,"Async Capable": false,"Startup Cost": 51238.03,"Total Cost": 51271.79,"Plan Rows": 5,"Plan Width": 24,"Actual Startup Time": 206.342,"Actual Total Time": 229.906,"Actual Rows": 5,"Actual Loops": 1,"Group Key": ["orders.o_orderpriority"],"Plans": [{"Node Type": "Gather Merge","Parent Relationship": "Outer","Parallel Aware": false,"Async Capable": false,"Startup Cost": 51238.03,"Total Cost": 51271.66,"Plan Rows": 15,"Plan Width": 24,"Actual Startup Time": 205.980,"Actual Total Time": 229.872,"Actual Rows": 20,"Actual Loops": 1,"Workers Planned": 3,"Workers Launched": 3,"Plans": [{"Node Type": "Aggregate","Strategy": "Sorted","Partial Mode": "Partial","Parent Relationship": "Outer","Parallel Aware": false,"Async Capable": false,"Startup Cost": 50237.99,"Total Cost": 50269.86,"Plan Rows": 5,"Plan Width": 24,"Actual Startup Time": 197.337,"Actual Total Time": 198.545,"Actual Rows": 5,"Actual Loops": 4,"Group Key": ["orders.o_orderpriority"],"Workers": [],"Plans": [{"Node Type": "Sort","Parent Relationship": "Outer","Parallel Aware": false,"Async Capable": false,"Startup Cost": 50237.99,"Total Cost": 50248.60,"Plan Rows": 4242,"Plan Width": 16,"Actual Startup Time": 196.993,"Actual Total Time": 197.500,"Actual Rows": 12841,"Actual Loops": 4,"Sort Key": ["orders.o_orderpriority"],"Sort Method": "quicksort","Sort Space Used": 1096,"Sort Space Type": "Memory","Workers": [{"Worker Number": 0,"Sort Method": "quicksort","Sort Space Used": 1080,"Sort Space Type": "Memory"},{"Worker Number": 1,"Sort Method": "quicksort","Sort Space Used": 1090,"Sort Space Type": "Memory"},{"Worker Number": 2,"Sort Method": "quicksort","Sort Space Used": 1080,"Sort Space Type": "Memory"}],"Plans": [{"Node Type": "Nested Loop","Parent Relationship": "Outer","Parallel Aware": false,"Async Capable": false,"Join Type": "Semi","Startup Cost": 768.33,"Total Cost": 49982.40,"Plan Rows": 4242,"Plan Width": 16,"Actual Startup Time": 4.735,"Actual Total Time": 190.817,"Actual Rows": 12841,"Actual Loops": 4,"Inner Unique": false,"Workers": [],"Plans": [{"Node Type": "Bitmap Heap Scan","Parent Relationship": "Outer","Parallel Aware": true,"Async Capable": false,"Relation Name": "orders","Alias": "orders","Startup Cost": 767.90,"Total Cost": 27130.78,"Plan Rows": 17859,"Plan Width": 20,"Actual Startup Time": 4.625,"Actual Total Time": 56.703,"Actual Rows": 14004,"Actual Loops": 4,"Recheck Cond": "((o_orderdate >= '1996-12-01'::date) AND (o_orderdate < '1997-03-01 00:00:00'::timestamp without time zone))","Rows Removed by Index Recheck": 0,"Exact Heap Blocks": 5899,"Lossy Heap Blocks": 0,"Workers": [],"Plans": [{"Node Type": "Bitmap Index Scan","Parent Relationship": "Outer","Parallel Aware": false,"Async Capable": false,"Index Name": "idx_orders_orderdate","Startup Cost": 0.00,"Total Cost": 754.06,"Plan Rows": 55363,"Plan Width": 0,"Actual Startup Time": 8.139,"Actual Total Time": 8.140,"Actual Rows": 56016,"Actual Loops": 1,"Index Cond": "((o_orderdate >= '1996-12-01'::date) AND (o_orderdate < '1997-03-01 00:00:00'::timestamp without time zone))","Workers": []}]},{"Node Type": "Index Scan","Parent Relationship": "Inner","Parallel Aware": false,"Async Capable": false,"Scan Direction": "Forward","Index Name": "idx_lineitem_orderkey","Relation Name": "lineitem","Alias": "lineitem","Startup Cost": 0.43,"Total Cost": 4.67,"Plan Rows": 6,"Plan Width": 4,"Actual Startup Time": 0.009,"Actual Total Time": 0.009,"Actual Rows": 1,"Actual Loops": 56016,"Index Cond": "(l_orderkey = orders.o_orderkey)","Rows Removed by Index Recheck": 0,"Filter": "(l_commitdate < l_receiptdate)","Rows Removed by Filter": 1,"Workers": []}]}]}]}]}]},"Planning Time": 5.768,"Triggers": [],"Execution Time": 230.293}]
[{"Plan": {"Node Type": "Aggregate","Strategy": "Sorted","Partial Mode": "Finalize","Parallel Aware": false,"Async Capable": false,"Startup Cost": 51903.92,"Total Cost": 51938.77,"Plan Rows": 5,"Plan Width": 24,"Actual Startup Time": 219.933,"Actual Total Time": 243.587,"Actual Rows": 5,"Actual Loops": 1,"Group Key": ["orders.o_orderpriority"],"Plans": [{"Node Type": "Gather Merge","Parent Relationship": "Outer","Parallel Aware": false,"Async Capable": false,"Startup Cost": 51903.92,"Total Cost": 51938.64,"Plan Rows": 15,"Plan Width": 24,"Actual Startup Time": 219.614,"Actual Total Time": 243.560,"Actual Rows": 20,"Actual Loops": 1,"Workers Planned": 3,"Workers Launched": 3,"Plans": [{"Node Type": "Aggregate","Strategy": "Sorted","Partial Mode": "Partial","Parent Relationship": "Outer","Parallel Aware": false,"Async Capable": false,"Startup Cost": 50903.88,"Total Cost": 50936.84,"Plan Rows": 5,"Plan Width": 24,"Actual Startup Time": 209.332,"Actual Total Time": 210.717,"Actual Rows": 5,"Actual Loops": 4,"Group Key": ["orders.o_orderpriority"],"Workers": [],"Plans": [{"Node Type": "Sort","Parent Relationship": "Outer","Parallel Aware": false,"Async Capable": false,"Startup Cost": 50903.88,"Total Cost": 50914.85,"Plan Rows": 4388,"Plan Width": 16,"Actual Startup Time": 208.936,"Actual Total Time": 209.559,"Actual Rows": 13145,"Actual Loops": 4,"Sort Key": ["orders.o_orderpriority"],"Sort Method": "quicksort","Sort Space Used": 1056,"Sort Space Type": "Memory","Workers": [{"Worker Number": 0,"Sort Method": "quicksort","Sort Space Used": 1143,"Sort Space Type": "Memory"},{"Worker Number": 1,"Sort Method": "quicksort","Sort Space Used": 1078,"Sort Space Type": "Memory"},{"Worker Number": 2,"Sort Method": "quicksort","Sort Space Used": 1136,"Sort Space Type": "Memory"}],"Plans": [{"Node Type": "Nested Loop","Parent Relationship": "Outer","Parallel Aware": false,"Async Capable": false,"Join Type": "Semi","Startup Cost": 791.87,"Total Cost": 50638.42,"Plan Rows": 4388,"Plan Width": 16,"Actual Startup Time": 4.667,"Actual Total Time": 202.314,"Actual Rows": 13145,"Actual Loops": 4,"Inner Unique": false,"Workers": [],"Plans": [{"Node Type": "Bitmap Heap Scan","Parent Relationship": "Outer","Parallel Aware": true,"Async Capable": false,"Relation Name": "orders","Alias": "orders","Startup Cost": 791.43,"Total Cost": 27163.54,"Plan Rows": 18474,"Plan Width": 20,"Actual Startup Time": 4.529,"Actual Total Time": 59.423,"Actual Rows": 14339,"Actual Loops": 4,"Recheck Cond": "((o_orderdate >= '1996-11-01'::date) AND (o_orderdate < '1997-02-01 00:00:00'::timestamp without time zone))","Rows Removed by Index Recheck": 0,"Exact Heap Blocks": 5432,"Lossy Heap Blocks": 0,"Workers": [],"Plans": [{"Node Type": "Bitmap Index Scan","Parent Relationship": "Outer","Parallel Aware": false,"Async Capable": false,"Index Name": "idx_orders_orderdate","Startup Cost": 0.00,"Total Cost": 777.12,"Plan Rows": 57269,"Plan Width": 0,"Actual Startup Time": 8.530,"Actual Total Time": 8.532,"Actual Rows": 57355,"Actual Loops": 1,"Index Cond": "((o_orderdate >= '1996-11-01'::date) AND (o_orderdate < '1997-02-01 00:00:00'::timestamp without time zone))","Workers": []}]},{"Node Type": "Index Scan","Parent Relationship": "Inner","Parallel Aware": false,"Async Capable": false,"Scan Direction": "Forward","Index Name": "idx_lineitem_orderkey","Relation Name": "lineitem","Alias": "lineitem","Startup Cost": 0.43,"Total Cost": 4.63,"Plan Rows": 6,"Plan Width": 4,"Actual Startup Time": 0.010,"Actual Total Time": 0.010,"Actual Rows": 1,"Actual Loops": 57355,"Index Cond": "(l_orderkey = orders.o_orderkey)","Rows Removed by Index Recheck": 0,"Filter": "(l_commitdate < l_receiptdate)","Rows Removed by Filter": 1,"Workers": []}]}]}]}]}]},"Planning Time": 4.997,"Triggers": [],"Execution Time": 244.179}]
[{"Plan": {"Node Type": "Aggregate","Strategy": "Sorted","Partial Mode": "Finalize","Parallel Aware": false,"Async Capable": false,"Startup Cost": 51940.16,"Total Cost": 51975.07,"Plan Rows": 5,"Plan Width": 24,"Actual Startup Time": 211.263,"Actual Total Time": 234.879,"Actual Rows": 5,"Actual Loops": 1,"Group Key": ["orders.o_orderpriority"],"Plans": [{"Node Type": "Gather Merge","Parent Relationship": "Outer","Parallel Aware": false,"Async Capable": false,"Startup Cost": 51940.16,"Total Cost": 51974.94,"Plan Rows": 15,"Plan Width": 24,"Actual Startup Time": 210.877,"Actual Total Time": 234.864,"Actual Rows": 20,"Actual Loops": 1,"Workers Planned": 3,"Workers Launched": 3,"Plans": [{"Node Type": "Aggregate","Strategy": "Sorted","Partial Mode": "Partial","Parent Relationship": "Outer","Parallel Aware": false,"Async Capable": false,"Startup Cost": 50940.12,"Total Cost": 50973.14,"Plan Rows": 5,"Plan Width": 24,"Actual Startup Time": 202.192,"Actual Total Time": 203.439,"Actual Rows": 5,"Actual Loops": 4,"Group Key": ["orders.o_orderpriority"],"Workers": [],"Plans": [{"Node Type": "Sort","Parent Relationship": "Outer","Parallel Aware": false,"Async Capable": false,"Startup Cost": 50940.12,"Total Cost": 50951.11,"Plan Rows": 4396,"Plan Width": 16,"Actual Startup Time": 201.842,"Actual Total Time": 202.379,"Actual Rows": 12924,"Actual Loops": 4,"Sort Key": ["orders.o_orderpriority"],"Sort Method": "quicksort","Sort Space Used": 1100,"Sort Space Type": "Memory","Workers": [{"Worker Number": 0,"Sort Method": "quicksort","Sort Space Used": 1089,"Sort Space Type": "Memory"},{"Worker Number": 1,"Sort Method": "quicksort","Sort Space Used": 1093,"Sort Space Type": "Memory"},{"Worker Number": 2,"Sort Method": "quicksort","Sort Space Used": 1083,"Sort Space Type": "Memory"}],"Plans": [{"Node Type": "Nested Loop","Parent Relationship": "Outer","Parallel Aware": false,"Async Capable": false,"Join Type": "Semi","Startup Cost": 792.95,"Total Cost": 50674.12,"Plan Rows": 4396,"Plan Width": 16,"Actual Startup Time": 4.945,"Actual Total Time": 195.397,"Actual Rows": 12924,"Actual Loops": 4,"Inner Unique": false,"Workers": [],"Plans": [{"Node Type": "Bitmap Heap Scan","Parent Relationship": "Outer","Parallel Aware": true,"Async Capable": false,"Relation Name": "orders","Alias": "orders","Startup Cost": 792.52,"Total Cost": 27165.14,"Plan Rows": 18508,"Plan Width": 20,"Actual Startup Time": 4.819,"Actual Total Time": 58.917,"Actual Rows": 14087,"Actual Loops": 4,"Recheck Cond": "((o_orderdate >= '1994-01-01'::date) AND (o_orderdate < '1994-04-01 00:00:00'::timestamp without time zone))","Rows Removed by Index Recheck": 0,"Exact Heap Blocks": 5893,"Lossy Heap Blocks": 0,"Workers": [],"Plans": [{"Node Type": "Bitmap Index Scan","Parent Relationship": "Outer","Parallel Aware": false,"Async Capable": false,"Index Name": "idx_orders_orderdate","Startup Cost": 0.00,"Total Cost": 778.18,"Plan Rows": 57375,"Plan Width": 0,"Actual Startup Time": 8.242,"Actual Total Time": 8.244,"Actual Rows": 56349,"Actual Loops": 1,"Index Cond": "((o_orderdate >= '1994-01-01'::date) AND (o_orderdate < '1994-04-01 00:00:00'::timestamp without time zone))","Workers": []}]},{"Node Type": "Index Scan","Parent Relationship": "Inner","Parallel Aware": false,"Async Capable": false,"Scan Direction": "Forward","Index Name": "idx_lineitem_orderkey","Relation Name": "lineitem","Alias": "lineitem","Startup Cost": 0.43,"Total Cost": 4.62,"Plan Rows": 6,"Plan Width": 4,"Actual Startup Time": 0.009,"Actual Total Time": 0.009,"Actual Rows": 1,"Actual Loops": 56349,"Index Cond": "(l_orderkey = orders.o_orderkey)","Rows Removed by Index Recheck": 0,"Filter": "(l_commitdate < l_receiptdate)","Rows Removed by Filter": 1,"Workers": []}]}]}]}]}]},"Planning Time": 4.809,"Triggers": [],"Execution Time": 235.387}]
[{"Plan": {"Node Type": "Aggregate","Strategy": "Sorted","Partial Mode": "Finalize","Parallel Aware": false,"Async Capable": false,"Startup Cost": 52360.14,"Total Cost": 52395.74,"Plan Rows": 5,"Plan Width": 24,"Actual Startup Time": 218.398,"Actual Total Time": 242.149,"Actual Rows": 5,"Actual Loops": 1,"Group Key": ["orders.o_orderpriority"],"Plans": [{"Node Type": "Gather Merge","Parent Relationship": "Outer","Parallel Aware": false,"Async Capable": false,"Startup Cost": 52360.14,"Total Cost": 52395.61,"Plan Rows": 15,"Plan Width": 24,"Actual Startup Time": 217.957,"Actual Total Time": 242.120,"Actual Rows": 20,"Actual Loops": 1,"Workers Planned": 3,"Workers Launched": 3,"Plans": [{"Node Type": "Aggregate","Strategy": "Sorted","Partial Mode": "Partial","Parent Relationship": "Outer","Parallel Aware": false,"Async Capable": false,"Startup Cost": 51360.10,"Total Cost": 51393.81,"Plan Rows": 5,"Plan Width": 24,"Actual Startup Time": 208.723,"Actual Total Time": 209.994,"Actual Rows": 5,"Actual Loops": 4,"Group Key": ["orders.o_orderpriority"],"Workers": [],"Plans": [{"Node Type": "Sort","Parent Relationship": "Outer","Parallel Aware": false,"Async Capable": false,"Startup Cost": 51360.10,"Total Cost": 51371.32,"Plan Rows": 4488,"Plan Width": 16,"Actual Startup Time": 208.373,"Actual Total Time": 208.936,"Actual Rows": 13094,"Actual Loops": 4,"Sort Key": ["orders.o_orderpriority"],"Sort Method": "quicksort","Sort Space Used": 1037,"Sort Space Type": "Memory","Workers": [{"Worker Number": 0,"Sort Method": "quicksort","Sort Space Used": 1148,"Sort Space Type": "Memory"},{"Worker Number": 1,"Sort Method": "quicksort","Sort Space Used": 1153,"Sort Space Type": "Memory"},{"Worker Number": 2,"Sort Method": "quicksort","Sort Space Used": 1064,"Sort Space Type": "Memory"}],"Plans": [{"Node Type": "Nested Loop","Parent Relationship": "Outer","Parallel Aware": false,"Async Capable": false,"Join Type": "Semi","Startup Cost": 809.33,"Total Cost": 51087.86,"Plan Rows": 4488,"Plan Width": 16,"Actual Startup Time": 5.271,"Actual Total Time": 201.756,"Actual Rows": 13094,"Actual Loops": 4,"Inner Unique": false,"Workers": [],"Plans": [{"Node Type": "Bitmap Heap Scan","Parent Relationship": "Outer","Parallel Aware": true,"Async Capable": false,"Relation Name": "orders","Alias": "orders","Startup Cost": 808.89,"Total Cost": 27187.35,"Plan Rows": 18897,"Plan Width": 20,"Actual Startup Time": 5.170,"Actual Total Time": 58.210,"Actual Rows": 14270,"Actual Loops": 4,"Recheck Cond": "((o_orderdate >= '1996-09-01'::date) AND (o_orderdate < '1996-12-01 00:00:00'::timestamp without time zone))","Rows Removed by Index Recheck": 0,"Exact Heap Blocks": 5314,"Lossy Heap Blocks": 0,"Workers": [],"Plans": [{"Node Type": "Bitmap Index Scan","Parent Relationship": "Outer","Parallel Aware": false,"Async Capable": false,"Index Name": "idx_orders_orderdate","Startup Cost": 0.00,"Total Cost": 794.25,"Plan Rows": 58582,"Plan Width": 0,"Actual Startup Time": 8.967,"Actual Total Time": 8.968,"Actual Rows": 57079,"Actual Loops": 1,"Index Cond": "((o_orderdate >= '1996-09-01'::date) AND (o_orderdate < '1996-12-01 00:00:00'::timestamp without time zone))","Workers": []}]},{"Node Type": "Index Scan","Parent Relationship": "Inner","Parallel Aware": false,"Async Capable": false,"Scan Direction": "Forward","Index Name": "idx_lineitem_orderkey","Relation Name": "lineitem","Alias": "lineitem","Startup Cost": 0.43,"Total Cost": 4.60,"Plan Rows": 6,"Plan Width": 4,"Actual Startup Time": 0.010,"Actual Total Time": 0.010,"Actual Rows": 1,"Actual Loops": 57079,"Index Cond": "(l_orderkey = orders.o_orderkey)","Rows Removed by Index Recheck": 0,"Filter": "(l_commitdate < l_receiptdate)","Rows Removed by Filter": 1,"Workers": []}]}]}]}]}]},"Planning Time": 5.626,"Triggers": [],"Execution Time": 242.714}]
[{"Plan": {"Node Type": "Aggregate","Strategy": "Sorted","Partial Mode": "Finalize","Parallel Aware": false,"Async Capable": false,"Startup Cost": 51461.99,"Total Cost": 51496.11,"Plan Rows": 5,"Plan Width": 24,"Actual Startup Time": 212.454,"Actual Total Time": 236.291,"Actual Rows": 5,"Actual Loops": 1,"Group Key": ["orders.o_orderpriority"],"Plans": [{"Node Type": "Gather Merge","Parent Relationship": "Outer","Parallel Aware": false,"Async Capable": false,"Startup Cost": 51461.99,"Total Cost": 51495.99,"Plan Rows": 15,"Plan Width": 24,"Actual Startup Time": 212.065,"Actual Total Time": 236.271,"Actual Rows": 20,"Actual Loops": 1,"Workers Planned": 3,"Workers Launched": 3,"Plans": [{"Node Type": "Aggregate","Strategy": "Sorted","Partial Mode": "Partial","Parent Relationship": "Outer","Parallel Aware": false,"Async Capable": false,"Startup Cost": 50461.95,"Total Cost": 50494.18,"Plan Rows": 5,"Plan Width": 24,"Actual Startup Time": 202.874,"Actual Total Time": 204.138,"Actual Rows": 5,"Actual Loops": 4,"Group Key": ["orders.o_orderpriority"],"Workers": [],"Plans": [{"Node Type": "Sort","Parent Relationship": "Outer","Parallel Aware": false,"Async Capable": false,"Startup Cost": 50461.95,"Total Cost": 50472.68,"Plan Rows": 4291,"Plan Width": 16,"Actual Startup Time": 202.525,"Actual Total Time": 203.066,"Actual Rows": 13122,"Actual Loops": 4,"Sort Key": ["orders.o_orderpriority"],"Sort Method": "quicksort","Sort Space Used": 1103,"Sort Space Type": "Memory","Workers": [{"Worker Number": 0,"Sort Method": "quicksort","Sort Space Used": 1114,"Sort Space Type": "Memory"},{"Worker Number": 1,"Sort Method": "quicksort","Sort Space Used": 1111,"Sort Space Type": "Memory"},{"Worker Number": 2,"Sort Method": "quicksort","Sort Space Used": 1081,"Sort Space Type": "Memory"}],"Plans": [{"Node Type": "Nested Loop","Parent Relationship": "Outer","Parallel Aware": false,"Async Capable": false,"Join Type": "Semi","Startup Cost": 774.93,"Total Cost": 50203.05,"Plan Rows": 4291,"Plan Width": 16,"Actual Startup Time": 5.310,"Actual Total Time": 196.109,"Actual Rows": 13122,"Actual Loops": 4,"Inner Unique": false,"Workers": [],"Plans": [{"Node Type": "Bitmap Heap Scan","Parent Relationship": "Outer","Parallel Aware": true,"Async Capable": false,"Relation Name": "orders","Alias": "orders","Startup Cost": 774.50,"Total Cost": 27140.50,"Plan Rows": 18067,"Plan Width": 20,"Actual Startup Time": 5.148,"Actual Total Time": 58.382,"Actual Rows": 14320,"Actual Loops": 4,"Recheck Cond": "((o_orderdate >= '1993-06-01'::date) AND (o_orderdate < '1993-09-01 00:00:00'::timestamp without time zone))","Rows Removed by Index Recheck": 0,"Exact Heap Blocks": 5885,"Lossy Heap Blocks": 0,"Workers": [],"Plans": [{"Node Type": "Bitmap Index Scan","Parent Relationship": "Outer","Parallel Aware": false,"Async Capable": false,"Index Name": "idx_orders_orderdate","Startup Cost": 0.00,"Total Cost": 760.50,"Plan Rows": 56007,"Plan Width": 0,"Actual Startup Time": 8.978,"Actual Total Time": 8.982,"Actual Rows": 57280,"Actual Loops": 1,"Index Cond": "((o_orderdate >= '1993-06-01'::date) AND (o_orderdate < '1993-09-01 00:00:00'::timestamp without time zone))","Workers": []}]},{"Node Type": "Index Scan","Parent Relationship": "Inner","Parallel Aware": false,"Async Capable": false,"Scan Direction": "Forward","Index Name": "idx_lineitem_orderkey","Relation Name": "lineitem","Alias": "lineitem","Startup Cost": 0.43,"Total Cost": 4.65,"Plan Rows": 6,"Plan Width": 4,"Actual Startup Time": 0.009,"Actual Total Time": 0.009,"Actual Rows": 1,"Actual Loops": 57280,"Index Cond": "(l_orderkey = orders.o_orderkey)","Rows Removed by Index Recheck": 0,"Filter": "(l_commitdate < l_receiptdate)","Rows Removed by Filter": 1,"Workers": []}]}]}]}]}]},"Planning Time": 4.339,"Triggers": [],"Execution Time": 236.742}]
[{"Plan": {"Node Type": "Aggregate","Strategy": "Sorted","Partial Mode": "Finalize","Parallel Aware": false,"Async Capable": false,"Startup Cost": 51833.80,"Total Cost": 51868.53,"Plan Rows": 5,"Plan Width": 24,"Actual Startup Time": 216.193,"Actual Total Time": 238.969,"Actual Rows": 5,"Actual Loops": 1,"Group Key": ["orders.o_orderpriority"],"Plans": [{"Node Type": "Gather Merge","Parent Relationship": "Outer","Parallel Aware": false,"Async Capable": false,"Startup Cost": 51833.80,"Total Cost": 51868.41,"Plan Rows": 15,"Plan Width": 24,"Actual Startup Time": 215.785,"Actual Total Time": 238.947,"Actual Rows": 20,"Actual Loops": 1,"Workers Planned": 3,"Workers Launched": 3,"Plans": [{"Node Type": "Aggregate","Strategy": "Sorted","Partial Mode": "Partial","Parent Relationship": "Outer","Parallel Aware": false,"Async Capable": false,"Startup Cost": 50833.76,"Total Cost": 50866.60,"Plan Rows": 5,"Plan Width": 24,"Actual Startup Time": 207.585,"Actual Total Time": 208.848,"Actual Rows": 5,"Actual Loops": 4,"Group Key": ["orders.o_orderpriority"],"Workers": [],"Plans": [{"Node Type": "Sort","Parent Relationship": "Outer","Parallel Aware": false,"Async Capable": false,"Startup Cost": 50833.76,"Total Cost": 50844.69,"Plan Rows": 4372,"Plan Width": 16,"Actual Startup Time": 207.234,"Actual Total Time": 207.768,"Actual Rows": 13206,"Actual Loops": 4,"Sort Key": ["orders.o_orderpriority"],"Sort Method": "quicksort","Sort Space Used": 1141,"Sort Space Type": "Memory","Workers": [{"Worker Number": 0,"Sort Method": "quicksort","Sort Space Used": 1092,"Sort Space Type": "Memory"},{"Worker Number": 1,"Sort Method": "quicksort","Sort Space Used": 1066,"Sort Space Type": "Memory"},{"Worker Number": 2,"Sort Method": "quicksort","Sort Space Used": 1127,"Sort Space Type": "Memory"}],"Plans": [{"Node Type": "Nested Loop","Parent Relationship": "Outer","Parallel Aware": false,"Async Capable": false,"Join Type": "Semi","Startup Cost": 789.79,"Total Cost": 50569.39,"Plan Rows": 4372,"Plan Width": 16,"Actual Startup Time": 5.838,"Actual Total Time": 200.574,"Actual Rows": 13206,"Actual Loops": 4,"Inner Unique": false,"Workers": [],"Plans": [{"Node Type": "Bitmap Heap Scan","Parent Relationship": "Outer","Parallel Aware": true,"Async Capable": false,"Relation Name": "orders","Alias": "orders","Startup Cost": 789.35,"Total Cost": 27160.48,"Plan Rows": 18409,"Plan Width": 20,"Actual Startup Time": 5.710,"Actual Total Time": 58.739,"Actual Rows": 14419,"Actual Loops": 4,"Recheck Cond": "((o_orderdate >= '1995-07-01'::date) AND (o_orderdate < '1995-10-01 00:00:00'::timestamp without time zone))","Rows Removed by Index Recheck": 0,"Exact Heap Blocks": 6140,"Lossy Heap Blocks": 0,"Workers": [],"Plans": [{"Node Type": "Bitmap Index Scan","Parent Relationship": "Outer","Parallel Aware": false,"Async Capable": false,"Index Name": "idx_orders_orderdate","Startup Cost": 0.00,"Total Cost": 775.09,"Plan Rows": 57066,"Plan Width": 0,"Actual Startup Time": 8.705,"Actual Total Time": 8.706,"Actual Rows": 57677,"Actual Loops": 1,"Index Cond": "((o_orderdate >= '1995-07-01'::date) AND (o_orderdate < '1995-10-01 00:00:00'::timestamp without time zone))","Workers": []}]},{"Node Type": "Index Scan","Parent Relationship": "Inner","Parallel Aware": false,"Async Capable": false,"Scan Direction": "Forward","Index Name": "idx_lineitem_orderkey","Relation Name": "lineitem","Alias": "lineitem","Startup Cost": 0.43,"Total Cost": 4.63,"Plan Rows": 6,"Plan Width": 4,"Actual Startup Time": 0.010,"Actual Total Time": 0.010,"Actual Rows": 1,"Actual Loops": 57677,"Index Cond": "(l_orderkey = orders.o_orderkey)","Rows Removed by Index Recheck": 0,"Filter": "(l_commitdate < l_receiptdate)","Rows Removed by Filter": 1,"Workers": []}]}]}]}]}]},"Planning Time": 4.165,"Triggers": [],"Execution Time": 239.454}]
[{"Plan": {"Node Type": "Aggregate","Strategy": "Sorted","Partial Mode": "Finalize","Parallel Aware": false,"Async Capable": false,"Startup Cost": 50972.15,"Total Cost": 51005.47,"Plan Rows": 5,"Plan Width": 24,"Actual Startup Time": 203.120,"Actual Total Time": 227.959,"Actual Rows": 5,"Actual Loops": 1,"Group Key": ["orders.o_orderpriority"],"Plans": [{"Node Type": "Gather Merge","Parent Relationship": "Outer","Parallel Aware": false,"Async Capable": false,"Startup Cost": 50972.15,"Total Cost": 51005.34,"Plan Rows": 15,"Plan Width": 24,"Actual Startup Time": 202.784,"Actual Total Time": 227.929,"Actual Rows": 20,"Actual Loops": 1,"Workers Planned": 3,"Workers Launched": 3,"Plans": [{"Node Type": "Aggregate","Strategy": "Sorted","Partial Mode": "Partial","Parent Relationship": "Outer","Parallel Aware": false,"Async Capable": false,"Startup Cost": 49972.11,"Total Cost": 50003.54,"Plan Rows": 5,"Plan Width": 24,"Actual Startup Time": 194.409,"Actual Total Time": 195.620,"Actual Rows": 5,"Actual Loops": 4,"Group Key": ["orders.o_orderpriority"],"Workers": [],"Plans": [{"Node Type": "Sort","Parent Relationship": "Outer","Parallel Aware": false,"Async Capable": false,"Startup Cost": 49972.11,"Total Cost": 49982.57,"Plan Rows": 4184,"Plan Width": 16,"Actual Startup Time": 194.085,"Actual Total Time": 194.589,"Actual Rows": 12754,"Actual Loops": 4,"Sort Key": ["orders.o_orderpriority"],"Sort Method": "quicksort","Sort Space Used": 1068,"Sort Space Type": "Memory","Workers": [{"Worker Number": 0,"Sort Method": "quicksort","Sort Space Used": 1094,"Sort Space Type": "Memory"},{"Worker Number": 1,"Sort Method": "quicksort","Sort Space Used": 1069,"Sort Space Type": "Memory"},{"Worker Number": 2,"Sort Method": "quicksort","Sort Space Used": 1096,"Sort Space Type": "Memory"}],"Plans": [{"Node Type": "Nested Loop","Parent Relationship": "Outer","Parallel Aware": false,"Async Capable": false,"Join Type": "Semi","Startup Cost": 756.62,"Total Cost": 49720.43,"Plan Rows": 4184,"Plan Width": 16,"Actual Startup Time": 4.954,"Actual Total Time": 187.804,"Actual Rows": 12754,"Actual Loops": 4,"Inner Unique": false,"Workers": [],"Plans": [{"Node Type": "Bitmap Heap Scan","Parent Relationship": "Outer","Parallel Aware": true,"Async Capable": false,"Relation Name": "orders","Alias": "orders","Startup Cost": 756.19,"Total Cost": 27115.44,"Plan Rows": 17617,"Plan Width": 20,"Actual Startup Time": 4.825,"Actual Total Time": 55.378,"Actual Rows": 13875,"Actual Loops": 4,"Recheck Cond": "((o_orderdate >= '1997-02-01'::date) AND (o_orderdate < '1997-05-01 00:00:00'::timestamp without time zone))","Rows Removed by Index Recheck": 0,"Exact Heap Blocks": 5706,"Lossy Heap Blocks": 0,"Workers": [],"Plans": [{"Node Type": "Bitmap Index Scan","Parent Relationship": "Outer","Parallel Aware": false,"Async Capable": false,"Index Name": "idx_orders_orderdate","Startup Cost": 0.00,"Total Cost": 742.54,"Plan Rows": 54611,"Plan Width": 0,"Actual Startup Time": 8.081,"Actual Total Time": 8.083,"Actual Rows": 55500,"Actual Loops": 1,"Index Cond": "((o_orderdate >= '1997-02-01'::date) AND (o_orderdate < '1997-05-01 00:00:00'::timestamp without time zone))","Workers": []}]},{"Node Type": "Index Scan","Parent Relationship": "Inner","Parallel Aware": false,"Async Capable": false,"Scan Direction": "Forward","Index Name": "idx_lineitem_orderkey","Relation Name": "lineitem","Alias": "lineitem","Startup Cost": 0.43,"Total Cost": 4.69,"Plan Rows": 6,"Plan Width": 4,"Actual Startup Time": 0.009,"Actual Total Time": 0.009,"Actual Rows": 1,"Actual Loops": 55500,"Index Cond": "(l_orderkey = orders.o_orderkey)","Rows Removed by Index Recheck": 0,"Filter": "(l_commitdate < l_receiptdate)","Rows Removed by Filter": 1,"Workers": []}]}]}]}]}]},"Planning Time": 5.807,"Triggers": [],"Execution Time": 228.643}]
[{"Plan": {"Node Type": "Aggregate","Strategy": "Sorted","Partial Mode": "Finalize","Parallel Aware": false,"Async Capable": false,"Startup Cost": 52360.14,"Total Cost": 52395.74,"Plan Rows": 5,"Plan Width": 24,"Actual Startup Time": 218.398,"Actual Total Time": 242.149,"Actual Rows": 5,"Actual Loops": 1,"Group Key": ["orders.o_orderpriority"],"Plans": [{"Node Type": "Gather Merge","Parent Relationship": "Outer","Parallel Aware": false,"Async Capable": false,"Startup Cost": 52360.14,"Total Cost": 52395.61,"Plan Rows": 15,"Plan Width": 24,"Actual Startup Time": 217.957,"Actual Total Time": 242.120,"Actual Rows": 20,"Actual Loops": 1,"Workers Planned": 3,"Workers Launched": 3,"Plans": [{"Node Type": "Aggregate","Strategy": "Sorted","Partial Mode": "Partial","Parent Relationship": "Outer","Parallel Aware": false,"Async Capable": false,"Startup Cost": 51360.10,"Total Cost": 51393.81,"Plan Rows": 5,"Plan Width": 24,"Actual Startup Time": 208.723,"Actual Total Time": 209.994,"Actual Rows": 5,"Actual Loops": 4,"Group Key": ["orders.o_orderpriority"],"Workers": [],"Plans": [{"Node Type": "Sort","Parent Relationship": "Outer","Parallel Aware": false,"Async Capable": false,"Startup Cost": 51360.10,"Total Cost": 51371.32,"Plan Rows": 4488,"Plan Width": 16,"Actual Startup Time": 208.373,"Actual Total Time": 208.936,"Actual Rows": 13094,"Actual Loops": 4,"Sort Key": ["orders.o_orderpriority"],"Sort Method": "quicksort","Sort Space Used": 1037,"Sort Space Type": "Memory","Workers": [{"Worker Number": 0,"Sort Method": "quicksort","Sort Space Used": 1148,"Sort Space Type": "Memory"},{"Worker Number": 1,"Sort Method": "quicksort","Sort Space Used": 1153,"Sort Space Type": "Memory"},{"Worker Number": 2,"Sort Method": "quicksort","Sort Space Used": 1064,"Sort Space Type": "Memory"}],"Plans": [{"Node Type": "Nested Loop","Parent Relationship": "Outer","Parallel Aware": false,"Async Capable": false,"Join Type": "Semi","Startup Cost": 809.33,"Total Cost": 51087.86,"Plan Rows": 4488,"Plan Width": 16,"Actual Startup Time": 5.271,"Actual Total Time": 201.756,"Actual Rows": 13094,"Actual Loops": 4,"Inner Unique": false,"Workers": [],"Plans": [{"Node Type": "Bitmap Heap Scan","Parent Relationship": "Outer","Parallel Aware": true,"Async Capable": false,"Relation Name": "orders","Alias": "orders","Startup Cost": 808.89,"Total Cost": 27187.35,"Plan Rows": 18897,"Plan Width": 20,"Actual Startup Time": 5.170,"Actual Total Time": 58.210,"Actual Rows": 14270,"Actual Loops": 4,"Recheck Cond": "((o_orderdate >= '1996-09-01'::date) AND (o_orderdate < '1996-12-01 00:00:00'::timestamp without time zone))","Rows Removed by Index Recheck": 0,"Exact Heap Blocks": 5314,"Lossy Heap Blocks": 0,"Workers": [],"Plans": [{"Node Type": "Bitmap Index Scan","Parent Relationship": "Outer","Parallel Aware": false,"Async Capable": false,"Index Name": "idx_orders_orderdate","Startup Cost": 0.00,"Total Cost": 794.25,"Plan Rows": 58582,"Plan Width": 0,"Actual Startup Time": 8.967,"Actual Total Time": 8.968,"Actual Rows": 57079,"Actual Loops": 1,"Index Cond": "((o_orderdate >= '1996-09-01'::date) AND (o_orderdate < '1996-12-01 00:00:00'::timestamp without time zone))","Workers": []}]},{"Node Type": "Index Scan","Parent Relationship": "Inner","Parallel Aware": false,"Async Capable": false,"Scan Direction": "Forward","Index Name": "idx_lineitem_orderkey","Relation Name": "lineitem","Alias": "lineitem","Startup Cost": 0.43,"Total Cost": 4.60,"Plan Rows": 6,"Plan Width": 4,"Actual Startup Time": 0.010,"Actual Total Time": 0.010,"Actual Rows": 1,"Actual Loops": 57079,"Index Cond": "(l_orderkey = orders.o_orderkey)","Rows Removed by Index Recheck": 0,"Filter": "(l_commitdate < l_receiptdate)","Rows Removed by Filter": 1,"Workers": []}]}]}]}]}]},"Planning Time": 5.626,"Triggers": [],"Execution Time": 242.714}]
[{"Plan": {"Node Type": "Aggregate","Strategy": "Sorted","Partial Mode": "Finalize","Parallel Aware": false,"Async Capable": false,"Startup Cost": 53209.81,"Total Cost": 53246.81,"Plan Rows": 5,"Plan Width": 24,"Actual Startup Time": 207.732,"Actual Total Time": 232.619,"Actual Rows": 5,"Actual Loops": 1,"Group Key": ["orders.o_orderpriority"],"Plans": [{"Node Type": "Gather Merge","Parent Relationship": "Outer","Parallel Aware": false,"Async Capable": false,"Startup Cost": 53209.81,"Total Cost": 53246.69,"Plan Rows": 15,"Plan Width": 24,"Actual Startup Time": 207.377,"Actual Total Time": 232.588,"Actual Rows": 20,"Actual Loops": 1,"Workers Planned": 3,"Workers Launched": 3,"Plans": [{"Node Type": "Aggregate","Strategy": "Sorted","Partial Mode": "Partial","Parent Relationship": "Outer","Parallel Aware": false,"Async Capable": false,"Startup Cost": 52209.77,"Total Cost": 52244.88,"Plan Rows": 5,"Plan Width": 24,"Actual Startup Time": 198.882,"Actual Total Time": 200.134,"Actual Rows": 5,"Actual Loops": 4,"Group Key": ["orders.o_orderpriority"],"Workers": [],"Plans": [{"Node Type": "Sort","Parent Relationship": "Outer","Parallel Aware": false,"Async Capable": false,"Startup Cost": 52209.77,"Total Cost": 52221.46,"Plan Rows": 4675,"Plan Width": 16,"Actual Startup Time": 198.544,"Actual Total Time": 199.052,"Actual Rows": 13222,"Actual Loops": 4,"Sort Key": ["orders.o_orderpriority"],"Sort Method": "quicksort","Sort Space Used": 1094,"Sort Space Type": "Memory","Workers": [{"Worker Number": 0,"Sort Method": "quicksort","Sort Space Used": 1120,"Sort Space Type": "Memory"},{"Worker Number": 1,"Sort Method": "quicksort","Sort Space Used": 1093,"Sort Space Type": "Memory"},{"Worker Number": 2,"Sort Method": "quicksort","Sort Space Used": 1123,"Sort Space Type": "Memory"}],"Plans": [{"Node Type": "Nested Loop","Parent Relationship": "Outer","Parallel Aware": false,"Async Capable": false,"Join Type": "Semi","Startup Cost": 846.31,"Total Cost": 51924.81,"Plan Rows": 4675,"Plan Width": 16,"Actual Startup Time": 5.243,"Actual Total Time": 192.109,"Actual Rows": 13222,"Actual Loops": 4,"Inner Unique": false,"Workers": [],"Plans": [{"Node Type": "Bitmap Heap Scan","Parent Relationship": "Outer","Parallel Aware": true,"Async Capable": false,"Relation Name": "orders","Alias": "orders","Startup Cost": 845.88,"Total Cost": 27236.14,"Plan Rows": 19684,"Plan Width": 20,"Actual Startup Time": 5.114,"Actual Total Time": 55.968,"Actual Rows": 14421,"Actual Loops": 4,"Recheck Cond": "((o_orderdate >= '1994-11-01'::date) AND (o_orderdate < '1995-02-01 00:00:00'::timestamp without time zone))","Rows Removed by Index Recheck": 0,"Exact Heap Blocks": 5745,"Lossy Heap Blocks": 0,"Workers": [],"Plans": [{"Node Type": "Bitmap Index Scan","Parent Relationship": "Outer","Parallel Aware": false,"Async Capable": false,"Index Name": "idx_orders_orderdate","Startup Cost": 0.00,"Total Cost": 830.63,"Plan Rows": 61020,"Plan Width": 0,"Actual Startup Time": 8.417,"Actual Total Time": 8.421,"Actual Rows": 57683,"Actual Loops": 1,"Index Cond": "((o_orderdate >= '1994-11-01'::date) AND (o_orderdate < '1995-02-01 00:00:00'::timestamp without time zone))","Workers": []}]},{"Node Type": "Index Scan","Parent Relationship": "Inner","Parallel Aware": false,"Async Capable": false,"Scan Direction": "Forward","Index Name": "idx_lineitem_orderkey","Relation Name": "lineitem","Alias": "lineitem","Startup Cost": 0.43,"Total Cost": 4.54,"Plan Rows": 6,"Plan Width": 4,"Actual Startup Time": 0.009,"Actual Total Time": 0.009,"Actual Rows": 1,"Actual Loops": 57683,"Index Cond": "(l_orderkey = orders.o_orderkey)","Rows Removed by Index Recheck": 0,"Filter": "(l_commitdate < l_receiptdate)","Rows Removed by Filter": 1,"Workers": []}]}]}]}]}]},"Planning Time": 5.319,"Triggers": [],"Execution Time": 233.260}]
[{"Plan": {"Node Type": "Aggregate","Strategy": "Sorted","Partial Mode": "Finalize","Parallel Aware": false,"Async Capable": false,"Startup Cost": 52231.26,"Total Cost": 52266.64,"Plan Rows": 5,"Plan Width": 24,"Actual Startup Time": 211.731,"Actual Total Time": 236.685,"Actual Rows": 5,"Actual Loops": 1,"Group Key": ["orders.o_orderpriority"],"Plans": [{"Node Type": "Gather Merge","Parent Relationship": "Outer","Parallel Aware": false,"Async Capable": false,"Startup Cost": 52231.26,"Total Cost": 52266.52,"Plan Rows": 15,"Plan Width": 24,"Actual Startup Time": 211.358,"Actual Total Time": 236.644,"Actual Rows": 20,"Actual Loops": 1,"Workers Planned": 3,"Workers Launched": 3,"Plans": [{"Node Type": "Aggregate","Strategy": "Sorted","Partial Mode": "Partial","Parent Relationship": "Outer","Parallel Aware": false,"Async Capable": false,"Startup Cost": 51231.22,"Total Cost": 51264.72,"Plan Rows": 5,"Plan Width": 24,"Actual Startup Time": 202.707,"Actual Total Time": 203.957,"Actual Rows": 5,"Actual Loops": 4,"Group Key": ["orders.o_orderpriority"],"Workers": [],"Plans": [{"Node Type": "Sort","Parent Relationship": "Outer","Parallel Aware": false,"Async Capable": false,"Startup Cost": 51231.22,"Total Cost": 51242.37,"Plan Rows": 4460,"Plan Width": 16,"Actual Startup Time": 202.371,"Actual Total Time": 202.882,"Actual Rows": 13097,"Actual Loops": 4,"Sort Key": ["orders.o_orderpriority"],"Sort Method": "quicksort","Sort Space Used": 1098,"Sort Space Type": "Memory","Workers": [{"Worker Number": 0,"Sort Method": "quicksort","Sort Space Used": 1097,"Sort Space Type": "Memory"},{"Worker Number": 1,"Sort Method": "quicksort","Sort Space Used": 1085,"Sort Space Type": "Memory"},{"Worker Number": 2,"Sort Method": "quicksort","Sort Space Used": 1122,"Sort Space Type": "Memory"}],"Plans": [{"Node Type": "Nested Loop","Parent Relationship": "Outer","Parallel Aware": false,"Async Capable": false,"Join Type": "Semi","Startup Cost": 805.48,"Total Cost": 50960.88,"Plan Rows": 4460,"Plan Width": 16,"Actual Startup Time": 5.489,"Actual Total Time": 195.856,"Actual Rows": 13097,"Actual Loops": 4,"Inner Unique": false,"Workers": [],"Plans": [{"Node Type": "Bitmap Heap Scan","Parent Relationship": "Outer","Parallel Aware": true,"Async Capable": false,"Relation Name": "orders","Alias": "orders","Startup Cost": 805.05,"Total Cost": 27181.70,"Plan Rows": 18776,"Plan Width": 20,"Actual Startup Time": 5.323,"Actual Total Time": 57.749,"Actual Rows": 14305,"Actual Loops": 4,"Recheck Cond": "((o_orderdate >= '1994-10-01'::date) AND (o_orderdate < '1995-01-01 00:00:00'::timestamp without time zone))","Rows Removed by Index Recheck": 0,"Exact Heap Blocks": 5772,"Lossy Heap Blocks": 0,"Workers": [],"Plans": [{"Node Type": "Bitmap Index Scan","Parent Relationship": "Outer","Parallel Aware": false,"Async Capable": false,"Index Name": "idx_orders_orderdate","Startup Cost": 0.00,"Total Cost": 790.50,"Plan Rows": 58207,"Plan Width": 0,"Actual Startup Time": 8.588,"Actual Total Time": 8.590,"Actual Rows": 57219,"Actual Loops": 1,"Index Cond": "((o_orderdate >= '1994-10-01'::date) AND (o_orderdate < '1995-01-01 00:00:00'::timestamp without time zone))","Workers": []}]},{"Node Type": "Index Scan","Parent Relationship": "Inner","Parallel Aware": false,"Async Capable": false,"Scan Direction": "Forward","Index Name": "idx_lineitem_orderkey","Relation Name": "lineitem","Alias": "lineitem","Startup Cost": 0.43,"Total Cost": 4.60,"Plan Rows": 6,"Plan Width": 4,"Actual Startup Time": 0.009,"Actual Total Time": 0.009,"Actual Rows": 1,"Actual Loops": 57219,"Index Cond": "(l_orderkey = orders.o_orderkey)","Rows Removed by Index Recheck": 0,"Filter": "(l_commitdate < l_receiptdate)","Rows Removed by Filter": 1,"Workers": []}]}]}]}]}]},"Planning Time": 4.281,"Triggers": [],"Execution Time": 237.379}]
[{"Plan": {"Node Type": "Aggregate","Strategy": "Sorted","Partial Mode": "Finalize","Parallel Aware": false,"Async Capable": false,"Startup Cost": 52350.82,"Total Cost": 52386.40,"Plan Rows": 5,"Plan Width": 24,"Actual Startup Time": 210.793,"Actual Total Time": 234.778,"Actual Rows": 5,"Actual Loops": 1,"Group Key": ["orders.o_orderpriority"],"Plans": [{"Node Type": "Gather Merge","Parent Relationship": "Outer","Parallel Aware": false,"Async Capable": false,"Startup Cost": 52350.82,"Total Cost": 52386.28,"Plan Rows": 15,"Plan Width": 24,"Actual Startup Time": 210.399,"Actual Total Time": 234.748,"Actual Rows": 20,"Actual Loops": 1,"Workers Planned": 3,"Workers Launched": 3,"Plans": [{"Node Type": "Aggregate","Strategy": "Sorted","Partial Mode": "Partial","Parent Relationship": "Outer","Parallel Aware": false,"Async Capable": false,"Startup Cost": 51350.78,"Total Cost": 51384.47,"Plan Rows": 5,"Plan Width": 24,"Actual Startup Time": 201.538,"Actual Total Time": 202.786,"Actual Rows": 5,"Actual Loops": 4,"Group Key": ["orders.o_orderpriority"],"Workers": [],"Plans": [{"Node Type": "Sort","Parent Relationship": "Outer","Parallel Aware": false,"Async Capable": false,"Startup Cost": 51350.78,"Total Cost": 51361.99,"Plan Rows": 4486,"Plan Width": 16,"Actual Startup Time": 201.192,"Actual Total Time": 201.702,"Actual Rows": 13259,"Actual Loops": 4,"Sort Key": ["orders.o_orderpriority"],"Sort Method": "quicksort","Sort Space Used": 1126,"Sort Space Type": "Memory","Workers": [{"Worker Number": 0,"Sort Method": "quicksort","Sort Space Used": 1102,"Sort Space Type": "Memory"},{"Worker Number": 1,"Sort Method": "quicksort","Sort Space Used": 1115,"Sort Space Type": "Memory"},{"Worker Number": 2,"Sort Method": "quicksort","Sort Space Used": 1095,"Sort Space Type": "Memory"}],"Plans": [{"Node Type": "Nested Loop","Parent Relationship": "Outer","Parallel Aware": false,"Async Capable": false,"Join Type": "Semi","Startup Cost": 809.03,"Total Cost": 51078.68,"Plan Rows": 4486,"Plan Width": 16,"Actual Startup Time": 4.343,"Actual Total Time": 194.788,"Actual Rows": 13259,"Actual Loops": 4,"Inner Unique": false,"Workers": [],"Plans": [{"Node Type": "Bitmap Heap Scan","Parent Relationship": "Outer","Parallel Aware": true,"Async Capable": false,"Relation Name": "orders","Alias": "orders","Startup Cost": 808.60,"Total Cost": 27186.92,"Plan Rows": 18888,"Plan Width": 20,"Actual Startup Time": 4.218,"Actual Total Time": 57.297,"Actual Rows": 14442,"Actual Loops": 4,"Recheck Cond": "((o_orderdate >= '1996-07-01'::date) AND (o_orderdate < '1996-10-01 00:00:00'::timestamp without time zone))","Rows Removed by Index Recheck": 0,"Exact Heap Blocks": 5957,"Lossy Heap Blocks": 0,"Workers": [],"Plans": [{"Node Type": "Bitmap Index Scan","Parent Relationship": "Outer","Parallel Aware": false,"Async Capable": false,"Index Name": "idx_orders_orderdate","Startup Cost": 0.00,"Total Cost": 793.96,"Plan Rows": 58553,"Plan Width": 0,"Actual Startup Time": 7.813,"Actual Total Time": 7.814,"Actual Rows": 57768,"Actual Loops": 1,"Index Cond": "((o_orderdate >= '1996-07-01'::date) AND (o_orderdate < '1996-10-01 00:00:00'::timestamp without time zone))","Workers": []}]},{"Node Type": "Index Scan","Parent Relationship": "Inner","Parallel Aware": false,"Async Capable": false,"Scan Direction": "Forward","Index Name": "idx_lineitem_orderkey","Relation Name": "lineitem","Alias": "lineitem","Startup Cost": 0.43,"Total Cost": 4.60,"Plan Rows": 6,"Plan Width": 4,"Actual Startup Time": 0.009,"Actual Total Time": 0.009,"Actual Rows": 1,"Actual Loops": 57768,"Index Cond": "(l_orderkey = orders.o_orderkey)","Rows Removed by Index Recheck": 0,"Filter": "(l_commitdate < l_receiptdate)","Rows Removed by Filter": 1,"Workers": []}]}]}]}]}]},"Planning Time": 4.843,"Triggers": [],"Execution Time": 235.203}]
[{"Plan": {"Node Type": "Aggregate","Strategy": "Sorted","Partial Mode": "Finalize","Parallel Aware": false,"Async Capable": false,"Startup Cost": 53066.80,"Total Cost": 53103.57,"Plan Rows": 5,"Plan Width": 24,"Actual Startup Time": 212.244,"Actual Total Time": 236.326,"Actual Rows": 5,"Actual Loops": 1,"Group Key": ["orders.o_orderpriority"],"Plans": [{"Node Type": "Gather Merge","Parent Relationship": "Outer","Parallel Aware": false,"Async Capable": false,"Startup Cost": 53066.80,"Total Cost": 53103.44,"Plan Rows": 15,"Plan Width": 24,"Actual Startup Time": 211.829,"Actual Total Time": 236.295,"Actual Rows": 20,"Actual Loops": 1,"Workers Planned": 3,"Workers Launched": 3,"Plans": [{"Node Type": "Aggregate","Strategy": "Sorted","Partial Mode": "Partial","Parent Relationship": "Outer","Parallel Aware": false,"Async Capable": false,"Startup Cost": 52066.76,"Total Cost": 52101.64,"Plan Rows": 5,"Plan Width": 24,"Actual Startup Time": 202.767,"Actual Total Time": 204.001,"Actual Rows": 5,"Actual Loops": 4,"Group Key": ["orders.o_orderpriority"],"Workers": [],"Plans": [{"Node Type": "Sort","Parent Relationship": "Outer","Parallel Aware": false,"Async Capable": false,"Startup Cost": 52066.76,"Total Cost": 52078.37,"Plan Rows": 4644,"Plan Width": 16,"Actual Startup Time": 202.424,"Actual Total Time": 202.931,"Actual Rows": 12960,"Actual Loops": 4,"Sort Key": ["orders.o_orderpriority"],"Sort Method": "quicksort","Sort Space Used": 1093,"Sort Space Type": "Memory","Workers": [{"Worker Number": 0,"Sort Method": "quicksort","Sort Space Used": 1075,"Sort Space Type": "Memory"},{"Worker Number": 1,"Sort Method": "quicksort","Sort Space Used": 1099,"Sort Space Type": "Memory"},{"Worker Number": 2,"Sort Method": "quicksort","Sort Space Used": 1106,"Sort Space Type": "Memory"}],"Plans": [{"Node Type": "Nested Loop","Parent Relationship": "Outer","Parallel Aware": false,"Async Capable": false,"Join Type": "Semi","Startup Cost": 838.15,"Total Cost": 51783.92,"Plan Rows": 4644,"Plan Width": 16,"Actual Startup Time": 4.866,"Actual Total Time": 196.038,"Actual Rows": 12960,"Actual Loops": 4,"Inner Unique": false,"Workers": [],"Plans": [{"Node Type": "Bitmap Heap Scan","Parent Relationship": "Outer","Parallel Aware": true,"Async Capable": false,"Relation Name": "orders","Alias": "orders","Startup Cost": 837.72,"Total Cost": 27226.01,"Plan Rows": 19553,"Plan Width": 20,"Actual Startup Time": 4.730,"Actual Total Time": 58.287,"Actual Rows": 14126,"Actual Loops": 4,"Recheck Cond": "((o_orderdate >= '1995-01-01'::date) AND (o_orderdate < '1995-04-01 00:00:00'::timestamp without time zone))","Rows Removed by Index Recheck": 0,"Exact Heap Blocks": 5851,"Lossy Heap Blocks": 0,"Workers": [],"Plans": [{"Node Type": "Bitmap Index Scan","Parent Relationship": "Outer","Parallel Aware": false,"Async Capable": false,"Index Name": "idx_orders_orderdate","Startup Cost": 0.00,"Total Cost": 822.57,"Plan Rows": 60614,"Plan Width": 0,"Actual Startup Time": 8.580,"Actual Total Time": 8.580,"Actual Rows": 56506,"Actual Loops": 1,"Index Cond": "((o_orderdate >= '1995-01-01'::date) AND (o_orderdate < '1995-04-01 00:00:00'::timestamp without time zone))","Workers": []}]},{"Node Type": "Index Scan","Parent Relationship": "Inner","Parallel Aware": false,"Async Capable": false,"Scan Direction": "Forward","Index Name": "idx_lineitem_orderkey","Relation Name": "lineitem","Alias": "lineitem","Startup Cost": 0.43,"Total Cost": 4.55,"Plan Rows": 6,"Plan Width": 4,"Actual Startup Time": 0.009,"Actual Total Time": 0.009,"Actual Rows": 1,"Actual Loops": 56506,"Index Cond": "(l_orderkey = orders.o_orderkey)","Rows Removed by Index Recheck": 0,"Filter": "(l_commitdate < l_receiptdate)","Rows Removed by Filter": 1,"Workers": []}]}]}]}]}]},"Planning Time": 5.921,"Triggers": [],"Execution Time": 236.742}]
[{"Plan": {"Node Type": "Aggregate","Strategy": "Sorted","Partial Mode": "Finalize","Parallel Aware": false,"Async Capable": false,"Startup Cost": 51736.48,"Total Cost": 51771.05,"Plan Rows": 5,"Plan Width": 24,"Actual Startup Time": 206.913,"Actual Total Time": 230.911,"Actual Rows": 5,"Actual Loops": 1,"Group Key": ["orders.o_orderpriority"],"Plans": [{"Node Type": "Gather Merge","Parent Relationship": "Outer","Parallel Aware": false,"Async Capable": false,"Startup Cost": 51736.48,"Total Cost": 51770.93,"Plan Rows": 15,"Plan Width": 24,"Actual Startup Time": 206.571,"Actual Total Time": 230.880,"Actual Rows": 20,"Actual Loops": 1,"Workers Planned": 3,"Workers Launched": 3,"Plans": [{"Node Type": "Aggregate","Strategy": "Sorted","Partial Mode": "Partial","Parent Relationship": "Outer","Parallel Aware": false,"Async Capable": false,"Startup Cost": 50736.44,"Total Cost": 50769.13,"Plan Rows": 5,"Plan Width": 24,"Actual Startup Time": 197.405,"Actual Total Time": 198.632,"Actual Rows": 5,"Actual Loops": 4,"Group Key": ["orders.o_orderpriority"],"Workers": [],"Plans": [{"Node Type": "Sort","Parent Relationship": "Outer","Parallel Aware": false,"Async Capable": false,"Startup Cost": 50736.44,"Total Cost": 50747.32,"Plan Rows": 4351,"Plan Width": 16,"Actual Startup Time": 197.060,"Actual Total Time": 197.567,"Actual Rows": 12986,"Actual Loops": 4,"Sort Key": ["orders.o_orderpriority"],"Sort Method": "quicksort","Sort Space Used": 1055,"Sort Space Type": "Memory","Workers": [{"Worker Number": 0,"Sort Method": "quicksort","Sort Space Used": 1084,"Sort Space Type": "Memory"},{"Worker Number": 1,"Sort Method": "quicksort","Sort Space Used": 1126,"Sort Space Type": "Memory"},{"Worker Number": 2,"Sort Method": "quicksort","Sort Space Used": 1113,"Sort Space Type": "Memory"}],"Plans": [{"Node Type": "Nested Loop","Parent Relationship": "Outer","Parallel Aware": false,"Async Capable": false,"Join Type": "Semi","Startup Cost": 786.91,"Total Cost": 50473.49,"Plan Rows": 4351,"Plan Width": 16,"Actual Startup Time": 5.441,"Actual Total Time": 190.761,"Actual Rows": 12986,"Actual Loops": 4,"Inner Unique": false,"Workers": [],"Plans": [{"Node Type": "Bitmap Heap Scan","Parent Relationship": "Outer","Parallel Aware": true,"Async Capable": false,"Relation Name": "orders","Alias": "orders","Startup Cost": 786.47,"Total Cost": 27156.24,"Plan Rows": 18318,"Plan Width": 20,"Actual Startup Time": 5.289,"Actual Total Time": 56.594,"Actual Rows": 14148,"Actual Loops": 4,"Recheck Cond": "((o_orderdate >= '1993-09-01'::date) AND (o_orderdate < '1993-12-01 00:00:00'::timestamp without time zone))","Rows Removed by Index Recheck": 0,"Exact Heap Blocks": 5541,"Lossy Heap Blocks": 0,"Workers": [],"Plans": [{"Node Type": "Bitmap Index Scan","Parent Relationship": "Outer","Parallel Aware": false,"Async Capable": false,"Index Name": "idx_orders_orderdate","Startup Cost": 0.00,"Total Cost": 772.28,"Plan Rows": 56785,"Plan Width": 0,"Actual Startup Time": 9.025,"Actual Total Time": 9.027,"Actual Rows": 56592,"Actual Loops": 1,"Index Cond": "((o_orderdate >= '1993-09-01'::date) AND (o_orderdate < '1993-12-01 00:00:00'::timestamp without time zone))","Workers": []}]},{"Node Type": "Index Scan","Parent Relationship": "Inner","Parallel Aware": false,"Async Capable": false,"Scan Direction": "Forward","Index Name": "idx_lineitem_orderkey","Relation Name": "lineitem","Alias": "lineitem","Startup Cost": 0.43,"Total Cost": 4.64,"Plan Rows": 6,"Plan Width": 4,"Actual Startup Time": 0.009,"Actual Total Time": 0.009,"Actual Rows": 1,"Actual Loops": 56592,"Index Cond": "(l_orderkey = orders.o_orderkey)","Rows Removed by Index Recheck": 0,"Filter": "(l_commitdate < l_receiptdate)","Rows Removed by Filter": 1,"Workers": []}]}]}]}]}]},"Planning Time": 5.170,"Triggers": [],"Execution Time": 231.369}]
[{"Plan": {"Node Type": "Aggregate","Strategy": "Sorted","Partial Mode": "Finalize","Parallel Aware": false,"Async Capable": false,"Startup Cost": 50972.15,"Total Cost": 51005.47,"Plan Rows": 5,"Plan Width": 24,"Actual Startup Time": 203.120,"Actual Total Time": 227.959,"Actual Rows": 5,"Actual Loops": 1,"Group Key": ["orders.o_orderpriority"],"Plans": [{"Node Type": "Gather Merge","Parent Relationship": "Outer","Parallel Aware": false,"Async Capable": false,"Startup Cost": 50972.15,"Total Cost": 51005.34,"Plan Rows": 15,"Plan Width": 24,"Actual Startup Time": 202.784,"Actual Total Time": 227.929,"Actual Rows": 20,"Actual Loops": 1,"Workers Planned": 3,"Workers Launched": 3,"Plans": [{"Node Type": "Aggregate","Strategy": "Sorted","Partial Mode": "Partial","Parent Relationship": "Outer","Parallel Aware": false,"Async Capable": false,"Startup Cost": 49972.11,"Total Cost": 50003.54,"Plan Rows": 5,"Plan Width": 24,"Actual Startup Time": 194.409,"Actual Total Time": 195.620,"Actual Rows": 5,"Actual Loops": 4,"Group Key": ["orders.o_orderpriority"],"Workers": [],"Plans": [{"Node Type": "Sort","Parent Relationship": "Outer","Parallel Aware": false,"Async Capable": false,"Startup Cost": 49972.11,"Total Cost": 49982.57,"Plan Rows": 4184,"Plan Width": 16,"Actual Startup Time": 194.085,"Actual Total Time": 194.589,"Actual Rows": 12754,"Actual Loops": 4,"Sort Key": ["orders.o_orderpriority"],"Sort Method": "quicksort","Sort Space Used": 1068,"Sort Space Type": "Memory","Workers": [{"Worker Number": 0,"Sort Method": "quicksort","Sort Space Used": 1094,"Sort Space Type": "Memory"},{"Worker Number": 1,"Sort Method": "quicksort","Sort Space Used": 1069,"Sort Space Type": "Memory"},{"Worker Number": 2,"Sort Method": "quicksort","Sort Space Used": 1096,"Sort Space Type": "Memory"}],"Plans": [{"Node Type": "Nested Loop","Parent Relationship": "Outer","Parallel Aware": false,"Async Capable": false,"Join Type": "Semi","Startup Cost": 756.62,"Total Cost": 49720.43,"Plan Rows": 4184,"Plan Width": 16,"Actual Startup Time": 4.954,"Actual Total Time": 187.804,"Actual Rows": 12754,"Actual Loops": 4,"Inner Unique": false,"Workers": [],"Plans": [{"Node Type": "Bitmap Heap Scan","Parent Relationship": "Outer","Parallel Aware": true,"Async Capable": false,"Relation Name": "orders","Alias": "orders","Startup Cost": 756.19,"Total Cost": 27115.44,"Plan Rows": 17617,"Plan Width": 20,"Actual Startup Time": 4.825,"Actual Total Time": 55.378,"Actual Rows": 13875,"Actual Loops": 4,"Recheck Cond": "((o_orderdate >= '1997-02-01'::date) AND (o_orderdate < '1997-05-01 00:00:00'::timestamp without time zone))","Rows Removed by Index Recheck": 0,"Exact Heap Blocks": 5706,"Lossy Heap Blocks": 0,"Workers": [],"Plans": [{"Node Type": "Bitmap Index Scan","Parent Relationship": "Outer","Parallel Aware": false,"Async Capable": false,"Index Name": "idx_orders_orderdate","Startup Cost": 0.00,"Total Cost": 742.54,"Plan Rows": 54611,"Plan Width": 0,"Actual Startup Time": 8.081,"Actual Total Time": 8.083,"Actual Rows": 55500,"Actual Loops": 1,"Index Cond": "((o_orderdate >= '1997-02-01'::date) AND (o_orderdate < '1997-05-01 00:00:00'::timestamp without time zone))","Workers": []}]},{"Node Type": "Index Scan","Parent Relationship": "Inner","Parallel Aware": false,"Async Capable": false,"Scan Direction": "Forward","Index Name": "idx_lineitem_orderkey","Relation Name": "lineitem","Alias": "lineitem","Startup Cost": 0.43,"Total Cost": 4.69,"Plan Rows": 6,"Plan Width": 4,"Actual Startup Time": 0.009,"Actual Total Time": 0.009,"Actual Rows": 1,"Actual Loops": 55500,"Index Cond": "(l_orderkey = orders.o_orderkey)","Rows Removed by Index Recheck": 0,"Filter": "(l_commitdate < l_receiptdate)","Rows Removed by Filter": 1,"Workers": []}]}]}]}]}]},"Planning Time": 5.807,"Triggers": [],"Execution Time": 228.643}]
[{"Plan": {"Node Type": "Aggregate","Strategy": "Sorted","Partial Mode": "Finalize","Parallel Aware": false,"Async Capable": false,"Startup Cost": 52343.20,"Total Cost": 52378.77,"Plan Rows": 5,"Plan Width": 24,"Actual Startup Time": 215.407,"Actual Total Time": 239.586,"Actual Rows": 5,"Actual Loops": 1,"Group Key": ["orders.o_orderpriority"],"Plans": [{"Node Type": "Gather Merge","Parent Relationship": "Outer","Parallel Aware": false,"Async Capable": false,"Startup Cost": 52343.20,"Total Cost": 52378.65,"Plan Rows": 15,"Plan Width": 24,"Actual Startup Time": 214.978,"Actual Total Time": 239.549,"Actual Rows": 20,"Actual Loops": 1,"Workers Planned": 3,"Workers Launched": 3,"Plans": [{"Node Type": "Aggregate","Strategy": "Sorted","Partial Mode": "Partial","Parent Relationship": "Outer","Parallel Aware": false,"Async Capable": false,"Startup Cost": 51343.16,"Total Cost": 51376.84,"Plan Rows": 5,"Plan Width": 24,"Actual Startup Time": 205.596,"Actual Total Time": 206.879,"Actual Rows": 5,"Actual Loops": 4,"Group Key": ["orders.o_orderpriority"],"Workers": [],"Plans": [{"Node Type": "Sort","Parent Relationship": "Outer","Parallel Aware": false,"Async Capable": false,"Startup Cost": 51343.16,"Total Cost": 51354.37,"Plan Rows": 4485,"Plan Width": 16,"Actual Startup Time": 205.237,"Actual Total Time": 205.803,"Actual Rows": 13167,"Actual Loops": 4,"Sort Key": ["orders.o_orderpriority"],"Sort Method": "quicksort","Sort Space Used": 1102,"Sort Space Type": "Memory","Workers": [{"Worker Number": 0,"Sort Method": "quicksort","Sort Space Used": 1081,"Sort Space Type": "Memory"},{"Worker Number": 1,"Sort Method": "quicksort","Sort Space Used": 1119,"Sort Space Type": "Memory"},{"Worker Number": 2,"Sort Method": "quicksort","Sort Space Used": 1117,"Sort Space Type": "Memory"}],"Plans": [{"Node Type": "Nested Loop","Parent Relationship": "Outer","Parallel Aware": false,"Async Capable": false,"Join Type": "Semi","Startup Cost": 808.80,"Total Cost": 51071.12,"Plan Rows": 4485,"Plan Width": 16,"Actual Startup Time": 4.655,"Actual Total Time": 198.688,"Actual Rows": 13167,"Actual Loops": 4,"Inner Unique": false,"Workers": [],"Plans": [{"Node Type": "Bitmap Heap Scan","Parent Relationship": "Outer","Parallel Aware": true,"Async Capable": false,"Relation Name": "orders","Alias": "orders","Startup Cost": 808.37,"Total Cost": 27186.58,"Plan Rows": 18881,"Plan Width": 20,"Actual Startup Time": 4.532,"Actual Total Time": 59.577,"Actual Rows": 14389,"Actual Loops": 4,"Recheck Cond": "((o_orderdate >= '1995-03-01'::date) AND (o_orderdate < '1995-06-01 00:00:00'::timestamp without time zone))","Rows Removed by Index Recheck": 0,"Exact Heap Blocks": 5772,"Lossy Heap Blocks": 0,"Workers": [],"Plans": [{"Node Type": "Bitmap Index Scan","Parent Relationship": "Outer","Parallel Aware": false,"Async Capable": false,"Index Name": "idx_orders_orderdate","Startup Cost": 0.00,"Total Cost": 793.74,"Plan Rows": 58531,"Plan Width": 0,"Actual Startup Time": 8.319,"Actual Total Time": 8.322,"Actual Rows": 57556,"Actual Loops": 1,"Index Cond": "((o_orderdate >= '1995-03-01'::date) AND (o_orderdate < '1995-06-01 00:00:00'::timestamp without time zone))","Workers": []}]},{"Node Type": "Index Scan","Parent Relationship": "Inner","Parallel Aware": false,"Async Capable": false,"Scan Direction": "Forward","Index Name": "idx_lineitem_orderkey","Relation Name": "lineitem","Alias": "lineitem","Startup Cost": 0.43,"Total Cost": 4.60,"Plan Rows": 6,"Plan Width": 4,"Actual Startup Time": 0.009,"Actual Total Time": 0.009,"Actual Rows": 1,"Actual Loops": 57556,"Index Cond": "(l_orderkey = orders.o_orderkey)","Rows Removed by Index Recheck": 0,"Filter": "(l_commitdate < l_receiptdate)","Rows Removed by Filter": 1,"Workers": []}]}]}]}]}]},"Planning Time": 5.651,"Triggers": [],"Execution Time": 240.072}]
[{"Plan": {"Node Type": "Aggregate","Strategy": "Sorted","Partial Mode": "Finalize","Parallel Aware": false,"Async Capable": false,"Startup Cost": 51690.29,"Total Cost": 51724.77,"Plan Rows": 5,"Plan Width": 24,"Actual Startup Time": 213.755,"Actual Total Time": 237.523,"Actual Rows": 5,"Actual Loops": 1,"Group Key": ["orders.o_orderpriority"],"Plans": [{"Node Type": "Gather Merge","Parent Relationship": "Outer","Parallel Aware": false,"Async Capable": false,"Startup Cost": 51690.29,"Total Cost": 51724.65,"Plan Rows": 15,"Plan Width": 24,"Actual Startup Time": 213.373,"Actual Total Time": 237.496,"Actual Rows": 20,"Actual Loops": 1,"Workers Planned": 3,"Workers Launched": 3,"Plans": [{"Node Type": "Aggregate","Strategy": "Sorted","Partial Mode": "Partial","Parent Relationship": "Outer","Parallel Aware": false,"Async Capable": false,"Startup Cost": 50690.25,"Total Cost": 50722.85,"Plan Rows": 5,"Plan Width": 24,"Actual Startup Time": 204.188,"Actual Total Time": 205.448,"Actual Rows": 5,"Actual Loops": 4,"Group Key": ["orders.o_orderpriority"],"Workers": [],"Plans": [{"Node Type": "Sort","Parent Relationship": "Outer","Parallel Aware": false,"Async Capable": false,"Startup Cost": 50690.25,"Total Cost": 50701.10,"Plan Rows": 4340,"Plan Width": 16,"Actual Startup Time": 203.841,"Actual Total Time": 204.370,"Actual Rows": 13184,"Actual Loops": 4,"Sort Key": ["orders.o_orderpriority"],"Sort Method": "quicksort","Sort Space Used": 1104,"Sort Space Type": "Memory","Workers": [{"Worker Number": 0,"Sort Method": "quicksort","Sort Space Used": 1112,"Sort Space Type": "Memory"},{"Worker Number": 1,"Sort Method": "quicksort","Sort Space Used": 1122,"Sort Space Type": "Memory"},{"Worker Number": 2,"Sort Method": "quicksort","Sort Space Used": 1085,"Sort Space Type": "Memory"}],"Plans": [{"Node Type": "Nested Loop","Parent Relationship": "Outer","Parallel Aware": false,"Async Capable": false,"Join Type": "Semi","Startup Cost": 785.53,"Total Cost": 50428.03,"Plan Rows": 4340,"Plan Width": 16,"Actual Startup Time": 4.469,"Actual Total Time": 197.348,"Actual Rows": 13184,"Actual Loops": 4,"Inner Unique": false,"Workers": [],"Plans": [{"Node Type": "Bitmap Heap Scan","Parent Relationship": "Outer","Parallel Aware": true,"Async Capable": false,"Relation Name": "orders","Alias": "orders","Startup Cost": 785.10,"Total Cost": 27154.22,"Plan Rows": 18275,"Plan Width": 20,"Actual Startup Time": 4.327,"Actual Total Time": 58.871,"Actual Rows": 14359,"Actual Loops": 4,"Recheck Cond": "((o_orderdate >= '1997-03-01'::date) AND (o_orderdate < '1997-06-01 00:00:00'::timestamp without time zone))","Rows Removed by Index Recheck": 0,"Exact Heap Blocks": 5861,"Lossy Heap Blocks": 0,"Workers": [],"Plans": [{"Node Type": "Bitmap Index Scan","Parent Relationship": "Outer","Parallel Aware": false,"Async Capable": false,"Index Name": "idx_orders_orderdate","Startup Cost": 0.00,"Total Cost": 770.94,"Plan Rows": 56651,"Plan Width": 0,"Actual Startup Time": 8.124,"Actual Total Time": 8.126,"Actual Rows": 57435,"Actual Loops": 1,"Index Cond": "((o_orderdate >= '1997-03-01'::date) AND (o_orderdate < '1997-06-01 00:00:00'::timestamp without time zone))","Workers": []}]},{"Node Type": "Index Scan","Parent Relationship": "Inner","Parallel Aware": false,"Async Capable": false,"Scan Direction": "Forward","Index Name": "idx_lineitem_orderkey","Relation Name": "lineitem","Alias": "lineitem","Startup Cost": 0.43,"Total Cost": 4.64,"Plan Rows": 6,"Plan Width": 4,"Actual Startup Time": 0.009,"Actual Total Time": 0.009,"Actual Rows": 1,"Actual Loops": 57435,"Index Cond": "(l_orderkey = orders.o_orderkey)","Rows Removed by Index Recheck": 0,"Filter": "(l_commitdate < l_receiptdate)","Rows Removed by Filter": 1,"Workers": []}]}]}]}]}]},"Planning Time": 5.227,"Triggers": [],"Execution Time": 238.107}]
[{"Plan": {"Node Type": "Aggregate","Strategy": "Sorted","Partial Mode": "Finalize","Parallel Aware": false,"Async Capable": false,"Startup Cost": 52300.80,"Total Cost": 52336.30,"Plan Rows": 5,"Plan Width": 24,"Actual Startup Time": 211.625,"Actual Total Time": 234.968,"Actual Rows": 5,"Actual Loops": 1,"Group Key": ["orders.o_orderpriority"],"Plans": [{"Node Type": "Gather Merge","Parent Relationship": "Outer","Parallel Aware": false,"Async Capable": false,"Startup Cost": 52300.80,"Total Cost": 52336.17,"Plan Rows": 15,"Plan Width": 24,"Actual Startup Time": 211.243,"Actual Total Time": 234.943,"Actual Rows": 20,"Actual Loops": 1,"Workers Planned": 3,"Workers Launched": 3,"Plans": [{"Node Type": "Aggregate","Strategy": "Sorted","Partial Mode": "Partial","Parent Relationship": "Outer","Parallel Aware": false,"Async Capable": false,"Startup Cost": 51300.76,"Total Cost": 51334.37,"Plan Rows": 5,"Plan Width": 24,"Actual Startup Time": 201.938,"Actual Total Time": 203.221,"Actual Rows": 5,"Actual Loops": 4,"Group Key": ["orders.o_orderpriority"],"Workers": [],"Plans": [{"Node Type": "Sort","Parent Relationship": "Outer","Parallel Aware": false,"Async Capable": false,"Startup Cost": 51300.76,"Total Cost": 51311.94,"Plan Rows": 4475,"Plan Width": 16,"Actual Startup Time": 201.599,"Actual Total Time": 202.136,"Actual Rows": 13200,"Actual Loops": 4,"Sort Key": ["orders.o_orderpriority"],"Sort Method": "quicksort","Sort Space Used": 1121,"Sort Space Type": "Memory","Workers": [{"Worker Number": 0,"Sort Method": "quicksort","Sort Space Used": 1104,"Sort Space Type": "Memory"},{"Worker Number": 1,"Sort Method": "quicksort","Sort Space Used": 1103,"Sort Space Type": "Memory"},{"Worker Number": 2,"Sort Method": "quicksort","Sort Space Used": 1097,"Sort Space Type": "Memory"}],"Plans": [{"Node Type": "Nested Loop","Parent Relationship": "Outer","Parallel Aware": false,"Async Capable": false,"Join Type": "Semi","Startup Cost": 807.53,"Total Cost": 51029.40,"Plan Rows": 4475,"Plan Width": 16,"Actual Startup Time": 4.691,"Actual Total Time": 194.955,"Actual Rows": 13200,"Actual Loops": 4,"Inner Unique": false,"Workers": [],"Plans": [{"Node Type": "Bitmap Heap Scan","Parent Relationship": "Outer","Parallel Aware": true,"Async Capable": false,"Relation Name": "orders","Alias": "orders","Startup Cost": 807.10,"Total Cost": 27184.71,"Plan Rows": 18841,"Plan Width": 20,"Actual Startup Time": 4.548,"Actual Total Time": 57.646,"Actual Rows": 14379,"Actual Loops": 4,"Recheck Cond": "((o_orderdate >= '1996-10-01'::date) AND (o_orderdate < '1997-01-01 00:00:00'::timestamp without time zone))","Rows Removed by Index Recheck": 0,"Exact Heap Blocks": 5956,"Lossy Heap Blocks": 0,"Workers": [],"Plans": [{"Node Type": "Bitmap Index Scan","Parent Relationship": "Outer","Parallel Aware": false,"Async Capable": false,"Index Name": "idx_orders_orderdate","Startup Cost": 0.00,"Total Cost": 792.50,"Plan Rows": 58407,"Plan Width": 0,"Actual Startup Time": 8.165,"Actual Total Time": 8.167,"Actual Rows": 57515,"Actual Loops": 1,"Index Cond": "((o_orderdate >= '1996-10-01'::date) AND (o_orderdate < '1997-01-01 00:00:00'::timestamp without time zone))","Workers": []}]},{"Node Type": "Index Scan","Parent Relationship": "Inner","Parallel Aware": false,"Async Capable": false,"Scan Direction": "Forward","Index Name": "idx_lineitem_orderkey","Relation Name": "lineitem","Alias": "lineitem","Startup Cost": 0.43,"Total Cost": 4.60,"Plan Rows": 6,"Plan Width": 4,"Actual Startup Time": 0.009,"Actual Total Time": 0.009,"Actual Rows": 1,"Actual Loops": 57515,"Index Cond": "(l_orderkey = orders.o_orderkey)","Rows Removed by Index Recheck": 0,"Filter": "(l_commitdate < l_receiptdate)","Rows Removed by Filter": 1,"Workers": []}]}]}]}]}]},"Planning Time": 5.090,"Triggers": [],"Execution Time": 235.437}]
[{"Plan": {"Node Type": "Aggregate","Strategy": "Sorted","Partial Mode": "Finalize","Parallel Aware": false,"Async Capable": false,"Startup Cost": 51787.75,"Total Cost": 51822.40,"Plan Rows": 5,"Plan Width": 24,"Actual Startup Time": 202.957,"Actual Total Time": 226.845,"Actual Rows": 5,"Actual Loops": 1,"Group Key": ["orders.o_orderpriority"],"Plans": [{"Node Type": "Gather Merge","Parent Relationship": "Outer","Parallel Aware": false,"Async Capable": false,"Startup Cost": 51787.75,"Total Cost": 51822.28,"Plan Rows": 15,"Plan Width": 24,"Actual Startup Time": 202.604,"Actual Total Time": 226.817,"Actual Rows": 20,"Actual Loops": 1,"Workers Planned": 3,"Workers Launched": 3,"Plans": [{"Node Type": "Aggregate","Strategy": "Sorted","Partial Mode": "Partial","Parent Relationship": "Outer","Parallel Aware": false,"Async Capable": false,"Startup Cost": 50787.71,"Total Cost": 50820.48,"Plan Rows": 5,"Plan Width": 24,"Actual Startup Time": 194.007,"Actual Total Time": 195.210,"Actual Rows": 5,"Actual Loops": 4,"Group Key": ["orders.o_orderpriority"],"Workers": [],"Plans": [{"Node Type": "Sort","Parent Relationship": "Outer","Parallel Aware": false,"Async Capable": false,"Startup Cost": 50787.71,"Total Cost": 50798.62,"Plan Rows": 4362,"Plan Width": 16,"Actual Startup Time": 193.661,"Actual Total Time": 194.173,"Actual Rows": 12702,"Actual Loops": 4,"Sort Key": ["orders.o_orderpriority"],"Sort Method": "quicksort","Sort Space Used": 1078,"Sort Space Type": "Memory","Workers": [{"Worker Number": 0,"Sort Method": "quicksort","Sort Space Used": 1094,"Sort Space Type": "Memory"},{"Worker Number": 1,"Sort Method": "quicksort","Sort Space Used": 1054,"Sort Space Type": "Memory"},{"Worker Number": 2,"Sort Method": "quicksort","Sort Space Used": 1091,"Sort Space Type": "Memory"}],"Plans": [{"Node Type": "Nested Loop","Parent Relationship": "Outer","Parallel Aware": false,"Async Capable": false,"Join Type": "Semi","Startup Cost": 788.43,"Total Cost": 50524.01,"Plan Rows": 4362,"Plan Width": 16,"Actual Startup Time": 4.762,"Actual Total Time": 187.476,"Actual Rows": 12702,"Actual Loops": 4,"Inner Unique": false,"Workers": [],"Plans": [{"Node Type": "Bitmap Heap Scan","Parent Relationship": "Outer","Parallel Aware": true,"Async Capable": false,"Relation Name": "orders","Alias": "orders","Startup Cost": 788.00,"Total Cost": 27158.49,"Plan Rows": 18366,"Plan Width": 20,"Actual Startup Time": 4.614,"Actual Total Time": 54.707,"Actual Rows": 13866,"Actual Loops": 4,"Recheck Cond": "((o_orderdate >= '1994-02-01'::date) AND (o_orderdate < '1994-05-01 00:00:00'::timestamp without time zone))","Rows Removed by Index Recheck": 0,"Exact Heap Blocks": 5687,"Lossy Heap Blocks": 0,"Workers": [],"Plans": [{"Node Type": "Bitmap Index Scan","Parent Relationship": "Outer","Parallel Aware": false,"Async Capable": false,"Index Name": "idx_orders_orderdate","Startup Cost": 0.00,"Total Cost": 773.77,"Plan Rows": 56934,"Plan Width": 0,"Actual Startup Time": 8.022,"Actual Total Time": 8.027,"Actual Rows": 55462,"Actual Loops": 1,"Index Cond": "((o_orderdate >= '1994-02-01'::date) AND (o_orderdate < '1994-05-01 00:00:00'::timestamp without time zone))","Workers": []}]},{"Node Type": "Index Scan","Parent Relationship": "Inner","Parallel Aware": false,"Async Capable": false,"Scan Direction": "Forward","Index Name": "idx_lineitem_orderkey","Relation Name": "lineitem","Alias": "lineitem","Startup Cost": 0.43,"Total Cost": 4.63,"Plan Rows": 6,"Plan Width": 4,"Actual Startup Time": 0.009,"Actual Total Time": 0.009,"Actual Rows": 1,"Actual Loops": 55462,"Index Cond": "(l_orderkey = orders.o_orderkey)","Rows Removed by Index Recheck": 0,"Filter": "(l_commitdate < l_receiptdate)","Rows Removed by Filter": 1,"Workers": []}]}]}]}]}]},"Planning Time": 4.085,"Triggers": [],"Execution Time": 227.544}]
[{"Plan": {"Node Type": "Aggregate","Strategy": "Sorted","Partial Mode": "Finalize","Parallel Aware": false,"Async Capable": false,"Startup Cost": 51845.54,"Total Cost": 51880.29,"Plan Rows": 5,"Plan Width": 24,"Actual Startup Time": 207.177,"Actual Total Time": 232.110,"Actual Rows": 5,"Actual Loops": 1,"Group Key": ["orders.o_orderpriority"],"Plans": [{"Node Type": "Gather Merge","Parent Relationship": "Outer","Parallel Aware": false,"Async Capable": false,"Startup Cost": 51845.54,"Total Cost": 51880.17,"Plan Rows": 15,"Plan Width": 24,"Actual Startup Time": 206.778,"Actual Total Time": 232.079,"Actual Rows": 20,"Actual Loops": 1,"Workers Planned": 3,"Workers Launched": 3,"Plans": [{"Node Type": "Aggregate","Strategy": "Sorted","Partial Mode": "Partial","Parent Relationship": "Outer","Parallel Aware": false,"Async Capable": false,"Startup Cost": 50845.50,"Total Cost": 50878.36,"Plan Rows": 5,"Plan Width": 24,"Actual Startup Time": 198.217,"Actual Total Time": 199.466,"Actual Rows": 5,"Actual Loops": 4,"Group Key": ["orders.o_orderpriority"],"Workers": [],"Plans": [{"Node Type": "Sort","Parent Relationship": "Outer","Parallel Aware": false,"Async Capable": false,"Startup Cost": 50845.50,"Total Cost": 50856.44,"Plan Rows": 4375,"Plan Width": 16,"Actual Startup Time": 197.865,"Actual Total Time": 198.399,"Actual Rows": 13003,"Actual Loops": 4,"Sort Key": ["orders.o_orderpriority"],"Sort Method": "quicksort","Sort Space Used": 1088,"Sort Space Type": "Memory","Workers": [{"Worker Number": 0,"Sort Method": "quicksort","Sort Space Used": 1109,"Sort Space Type": "Memory"},{"Worker Number": 1,"Sort Method": "quicksort","Sort Space Used": 1075,"Sort Space Type": "Memory"},{"Worker Number": 2,"Sort Method": "quicksort","Sort Space Used": 1111,"Sort Space Type": "Memory"}],"Plans": [{"Node Type": "Nested Loop","Parent Relationship": "Outer","Parallel Aware": false,"Async Capable": false,"Join Type": "Semi","Startup Cost": 790.17,"Total Cost": 50580.92,"Plan Rows": 4375,"Plan Width": 16,"Actual Startup Time": 5.194,"Actual Total Time": 191.534,"Actual Rows": 13003,"Actual Loops": 4,"Inner Unique": false,"Workers": [],"Plans": [{"Node Type": "Bitmap Heap Scan","Parent Relationship": "Outer","Parallel Aware": true,"Async Capable": false,"Relation Name": "orders","Alias": "orders","Startup Cost": 789.73,"Total Cost": 27161.04,"Plan Rows": 18420,"Plan Width": 20,"Actual Startup Time": 5.066,"Actual Total Time": 56.417,"Actual Rows": 14194,"Actual Loops": 4,"Recheck Cond": "((o_orderdate >= '1996-04-01'::date) AND (o_orderdate < '1996-07-01 00:00:00'::timestamp without time zone))","Rows Removed by Index Recheck": 0,"Exact Heap Blocks": 5706,"Lossy Heap Blocks": 0,"Workers": [],"Plans": [{"Node Type": "Bitmap Index Scan","Parent Relationship": "Outer","Parallel Aware": false,"Async Capable": false,"Index Name": "idx_orders_orderdate","Startup Cost": 0.00,"Total Cost": 775.46,"Plan Rows": 57103,"Plan Width": 0,"Actual Startup Time": 8.398,"Actual Total Time": 8.399,"Actual Rows": 56775,"Actual Loops": 1,"Index Cond": "((o_orderdate >= '1996-04-01'::date) AND (o_orderdate < '1996-07-01 00:00:00'::timestamp without time zone))","Workers": []}]},{"Node Type": "Index Scan","Parent Relationship": "Inner","Parallel Aware": false,"Async Capable": false,"Scan Direction": "Forward","Index Name": "idx_lineitem_orderkey","Relation Name": "lineitem","Alias": "lineitem","Startup Cost": 0.43,"Total Cost": 4.63,"Plan Rows": 6,"Plan Width": 4,"Actual Startup Time": 0.009,"Actual Total Time": 0.009,"Actual Rows": 1,"Actual Loops": 56775,"Index Cond": "(l_orderkey = orders.o_orderkey)","Rows Removed by Index Recheck": 0,"Filter": "(l_commitdate < l_receiptdate)","Rows Removed by Filter": 1,"Workers": []}]}]}]}]}]},"Planning Time": 4.671,"Triggers": [],"Execution Time": 232.791}]
[{"Plan": {"Node Type": "Aggregate","Strategy": "Sorted","Partial Mode": "Finalize","Parallel Aware": false,"Async Capable": false,"Startup Cost": 52343.20,"Total Cost": 52378.77,"Plan Rows": 5,"Plan Width": 24,"Actual Startup Time": 215.407,"Actual Total Time": 239.586,"Actual Rows": 5,"Actual Loops": 1,"Group Key": ["orders.o_orderpriority"],"Plans": [{"Node Type": "Gather Merge","Parent Relationship": "Outer","Parallel Aware": false,"Async Capable": false,"Startup Cost": 52343.20,"Total Cost": 52378.65,"Plan Rows": 15,"Plan Width": 24,"Actual Startup Time": 214.978,"Actual Total Time": 239.549,"Actual Rows": 20,"Actual Loops": 1,"Workers Planned": 3,"Workers Launched": 3,"Plans": [{"Node Type": "Aggregate","Strategy": "Sorted","Partial Mode": "Partial","Parent Relationship": "Outer","Parallel Aware": false,"Async Capable": false,"Startup Cost": 51343.16,"Total Cost": 51376.84,"Plan Rows": 5,"Plan Width": 24,"Actual Startup Time": 205.596,"Actual Total Time": 206.879,"Actual Rows": 5,"Actual Loops": 4,"Group Key": ["orders.o_orderpriority"],"Workers": [],"Plans": [{"Node Type": "Sort","Parent Relationship": "Outer","Parallel Aware": false,"Async Capable": false,"Startup Cost": 51343.16,"Total Cost": 51354.37,"Plan Rows": 4485,"Plan Width": 16,"Actual Startup Time": 205.237,"Actual Total Time": 205.803,"Actual Rows": 13167,"Actual Loops": 4,"Sort Key": ["orders.o_orderpriority"],"Sort Method": "quicksort","Sort Space Used": 1102,"Sort Space Type": "Memory","Workers": [{"Worker Number": 0,"Sort Method": "quicksort","Sort Space Used": 1081,"Sort Space Type": "Memory"},{"Worker Number": 1,"Sort Method": "quicksort","Sort Space Used": 1119,"Sort Space Type": "Memory"},{"Worker Number": 2,"Sort Method": "quicksort","Sort Space Used": 1117,"Sort Space Type": "Memory"}],"Plans": [{"Node Type": "Nested Loop","Parent Relationship": "Outer","Parallel Aware": false,"Async Capable": false,"Join Type": "Semi","Startup Cost": 808.80,"Total Cost": 51071.12,"Plan Rows": 4485,"Plan Width": 16,"Actual Startup Time": 4.655,"Actual Total Time": 198.688,"Actual Rows": 13167,"Actual Loops": 4,"Inner Unique": false,"Workers": [],"Plans": [{"Node Type": "Bitmap Heap Scan","Parent Relationship": "Outer","Parallel Aware": true,"Async Capable": false,"Relation Name": "orders","Alias": "orders","Startup Cost": 808.37,"Total Cost": 27186.58,"Plan Rows": 18881,"Plan Width": 20,"Actual Startup Time": 4.532,"Actual Total Time": 59.577,"Actual Rows": 14389,"Actual Loops": 4,"Recheck Cond": "((o_orderdate >= '1995-03-01'::date) AND (o_orderdate < '1995-06-01 00:00:00'::timestamp without time zone))","Rows Removed by Index Recheck": 0,"Exact Heap Blocks": 5772,"Lossy Heap Blocks": 0,"Workers": [],"Plans": [{"Node Type": "Bitmap Index Scan","Parent Relationship": "Outer","Parallel Aware": false,"Async Capable": false,"Index Name": "idx_orders_orderdate","Startup Cost": 0.00,"Total Cost": 793.74,"Plan Rows": 58531,"Plan Width": 0,"Actual Startup Time": 8.319,"Actual Total Time": 8.322,"Actual Rows": 57556,"Actual Loops": 1,"Index Cond": "((o_orderdate >= '1995-03-01'::date) AND (o_orderdate < '1995-06-01 00:00:00'::timestamp without time zone))","Workers": []}]},{"Node Type": "Index Scan","Parent Relationship": "Inner","Parallel Aware": false,"Async Capable": false,"Scan Direction": "Forward","Index Name": "idx_lineitem_orderkey","Relation Name": "lineitem","Alias": "lineitem","Startup Cost": 0.43,"Total Cost": 4.60,"Plan Rows": 6,"Plan Width": 4,"Actual Startup Time": 0.009,"Actual Total Time": 0.009,"Actual Rows": 1,"Actual Loops": 57556,"Index Cond": "(l_orderkey = orders.o_orderkey)","Rows Removed by Index Recheck": 0,"Filter": "(l_commitdate < l_receiptdate)","Rows Removed by Filter": 1,"Workers": []}]}]}]}]}]},"Planning Time": 5.651,"Triggers": [],"Execution Time": 240.072}]
[{"Plan": {"Node Type": "Aggregate","Strategy": "Sorted","Partial Mode": "Finalize","Parallel Aware": false,"Async Capable": false,"Startup Cost": 52392.16,"Total Cost": 52427.81,"Plan Rows": 5,"Plan Width": 24,"Actual Startup Time": 211.248,"Actual Total Time": 234.990,"Actual Rows": 5,"Actual Loops": 1,"Group Key": ["orders.o_orderpriority"],"Plans": [{"Node Type": "Gather Merge","Parent Relationship": "Outer","Parallel Aware": false,"Async Capable": false,"Startup Cost": 52392.16,"Total Cost": 52427.69,"Plan Rows": 15,"Plan Width": 24,"Actual Startup Time": 210.814,"Actual Total Time": 234.963,"Actual Rows": 20,"Actual Loops": 1,"Workers Planned": 3,"Workers Launched": 3,"Plans": [{"Node Type": "Aggregate","Strategy": "Sorted","Partial Mode": "Partial","Parent Relationship": "Outer","Parallel Aware": false,"Async Capable": false,"Startup Cost": 51392.12,"Total Cost": 51425.88,"Plan Rows": 5,"Plan Width": 24,"Actual Startup Time": 201.683,"Actual Total Time": 202.935,"Actual Rows": 5,"Actual Loops": 4,"Group Key": ["orders.o_orderpriority"],"Workers": [],"Plans": [{"Node Type": "Sort","Parent Relationship": "Outer","Parallel Aware": false,"Async Capable": false,"Startup Cost": 51392.12,"Total Cost": 51403.36,"Plan Rows": 4495,"Plan Width": 16,"Actual Startup Time": 201.346,"Actual Total Time": 201.859,"Actual Rows": 13076,"Actual Loops": 4,"Sort Key": ["orders.o_orderpriority"],"Sort Method": "quicksort","Sort Space Used": 1088,"Sort Space Type": "Memory","Workers": [{"Worker Number": 0,"Sort Method": "quicksort","Sort Space Used": 1117,"Sort Space Type": "Memory"},{"Worker Number": 1,"Sort Method": "quicksort","Sort Space Used": 1079,"Sort Space Type": "Memory"},{"Worker Number": 2,"Sort Method": "quicksort","Sort Space Used": 1114,"Sort Space Type": "Memory"}],"Plans": [{"Node Type": "Nested Loop","Parent Relationship": "Outer","Parallel Aware": false,"Async Capable": false,"Join Type": "Semi","Startup Cost": 810.26,"Total Cost": 51119.41,"Plan Rows": 4495,"Plan Width": 16,"Actual Startup Time": 5.099,"Actual Total Time": 195.041,"Actual Rows": 13076,"Actual Loops": 4,"Inner Unique": false,"Workers": [],"Plans": [{"Node Type": "Bitmap Heap Scan","Parent Relationship": "Outer","Parallel Aware": true,"Async Capable": false,"Relation Name": "orders","Alias": "orders","Startup Cost": 809.83,"Total Cost": 27188.73,"Plan Rows": 18927,"Plan Width": 20,"Actual Startup Time": 4.954,"Actual Total Time": 57.624,"Actual Rows": 14263,"Actual Loops": 4,"Recheck Cond": "((o_orderdate >= '1995-11-01'::date) AND (o_orderdate < '1996-02-01 00:00:00'::timestamp without time zone))","Rows Removed by Index Recheck": 0,"Exact Heap Blocks": 5693,"Lossy Heap Blocks": 0,"Workers": [],"Plans": [{"Node Type": "Bitmap Index Scan","Parent Relationship": "Outer","Parallel Aware": false,"Async Capable": false,"Index Name": "idx_orders_orderdate","Startup Cost": 0.00,"Total Cost": 795.16,"Plan Rows": 58673,"Plan Width": 0,"Actual Startup Time": 8.818,"Actual Total Time": 8.820,"Actual Rows": 57052,"Actual Loops": 1,"Index Cond": "((o_orderdate >= '1995-11-01'::date) AND (o_orderdate < '1996-02-01 00:00:00'::timestamp without time zone))","Workers": []}]},{"Node Type": "Index Scan","Parent Relationship": "Inner","Parallel Aware": false,"Async Capable": false,"Scan Direction": "Forward","Index Name": "idx_lineitem_orderkey","Relation Name": "lineitem","Alias": "lineitem","Startup Cost": 0.43,"Total Cost": 4.59,"Plan Rows": 6,"Plan Width": 4,"Actual Startup Time": 0.009,"Actual Total Time": 0.009,"Actual Rows": 1,"Actual Loops": 57052,"Index Cond": "(l_orderkey = orders.o_orderkey)","Rows Removed by Index Recheck": 0,"Filter": "(l_commitdate < l_receiptdate)","Rows Removed by Filter": 1,"Workers": []}]}]}]}]}]},"Planning Time": 5.327,"Triggers": [],"Execution Time": 235.461}]
[{"Plan": {"Node Type": "Aggregate","Strategy": "Sorted","Partial Mode": "Finalize","Parallel Aware": false,"Async Capable": false,"Startup Cost": 50907.22,"Total Cost": 50940.43,"Plan Rows": 5,"Plan Width": 24,"Actual Startup Time": 204.875,"Actual Total Time": 229.245,"Actual Rows": 5,"Actual Loops": 1,"Group Key": ["orders.o_orderpriority"],"Plans": [{"Node Type": "Gather Merge","Parent Relationship": "Outer","Parallel Aware": false,"Async Capable": false,"Startup Cost": 50907.22,"Total Cost": 50940.30,"Plan Rows": 15,"Plan Width": 24,"Actual Startup Time": 204.487,"Actual Total Time": 229.210,"Actual Rows": 20,"Actual Loops": 1,"Workers Planned": 3,"Workers Launched": 3,"Plans": [{"Node Type": "Aggregate","Strategy": "Sorted","Partial Mode": "Partial","Parent Relationship": "Outer","Parallel Aware": false,"Async Capable": false,"Startup Cost": 49907.18,"Total Cost": 49938.50,"Plan Rows": 5,"Plan Width": 24,"Actual Startup Time": 195.859,"Actual Total Time": 197.107,"Actual Rows": 5,"Actual Loops": 4,"Group Key": ["orders.o_orderpriority"],"Workers": [],"Plans": [{"Node Type": "Sort","Parent Relationship": "Outer","Parallel Aware": false,"Async Capable": false,"Startup Cost": 49907.18,"Total Cost": 49917.60,"Plan Rows": 4170,"Plan Width": 16,"Actual Startup Time": 195.538,"Actual Total Time": 196.036,"Actual Rows": 13129,"Actual Loops": 4,"Sort Key": ["orders.o_orderpriority"],"Sort Method": "quicksort","Sort Space Used": 1092,"Sort Space Type": "Memory","Workers": [{"Worker Number": 0,"Sort Method": "quicksort","Sort Space Used": 1119,"Sort Space Type": "Memory"},{"Worker Number": 1,"Sort Method": "quicksort","Sort Space Used": 1082,"Sort Space Type": "Memory"},{"Worker Number": 2,"Sort Method": "quicksort","Sort Space Used": 1116,"Sort Space Type": "Memory"}],"Plans": [{"Node Type": "Nested Loop","Parent Relationship": "Outer","Parallel Aware": false,"Async Capable": false,"Join Type": "Semi","Startup Cost": 754.75,"Total Cost": 49656.44,"Plan Rows": 4170,"Plan Width": 16,"Actual Startup Time": 4.769,"Actual Total Time": 189.357,"Actual Rows": 13129,"Actual Loops": 4,"Inner Unique": false,"Workers": [],"Plans": [{"Node Type": "Bitmap Heap Scan","Parent Relationship": "Outer","Parallel Aware": true,"Async Capable": false,"Relation Name": "orders","Alias": "orders","Startup Cost": 754.31,"Total Cost": 27112.68,"Plan Rows": 17557,"Plan Width": 20,"Actual Startup Time": 4.640,"Actual Total Time": 54.547,"Actual Rows": 14334,"Actual Loops": 4,"Recheck Cond": "((o_orderdate >= '1995-10-01'::date) AND (o_orderdate < '1996-01-01 00:00:00'::timestamp without time zone))","Rows Removed by Index Recheck": 0,"Exact Heap Blocks": 5726,"Lossy Heap Blocks": 0,"Workers": [],"Plans": [{"Node Type": "Bitmap Index Scan","Parent Relationship": "Outer","Parallel Aware": false,"Async Capable": false,"Index Name": "idx_orders_orderdate","Startup Cost": 0.00,"Total Cost": 740.71,"Plan Rows": 54428,"Plan Width": 0,"Actual Startup Time": 8.057,"Actual Total Time": 8.058,"Actual Rows": 57337,"Actual Loops": 1,"Index Cond": "((o_orderdate >= '1995-10-01'::date) AND (o_orderdate < '1996-01-01 00:00:00'::timestamp without time zone))","Workers": []}]},{"Node Type": "Index Scan","Parent Relationship": "Inner","Parallel Aware": false,"Async Capable": false,"Scan Direction": "Forward","Index Name": "idx_lineitem_orderkey","Relation Name": "lineitem","Alias": "lineitem","Startup Cost": 0.43,"Total Cost": 4.69,"Plan Rows": 6,"Plan Width": 4,"Actual Startup Time": 0.009,"Actual Total Time": 0.009,"Actual Rows": 1,"Actual Loops": 57337,"Index Cond": "(l_orderkey = orders.o_orderkey)","Rows Removed by Index Recheck": 0,"Filter": "(l_commitdate < l_receiptdate)","Rows Removed by Filter": 1,"Workers": []}]}]}]}]}]},"Planning Time": 4.806,"Triggers": [],"Execution Time": 229.951}]
[{"Plan": {"Node Type": "Aggregate","Strategy": "Sorted","Partial Mode": "Finalize","Parallel Aware": false,"Async Capable": false,"Startup Cost": 50795.59,"Total Cost": 50828.62,"Plan Rows": 5,"Plan Width": 24,"Actual Startup Time": 207.449,"Actual Total Time": 231.624,"Actual Rows": 5,"Actual Loops": 1,"Group Key": ["orders.o_orderpriority"],"Plans": [{"Node Type": "Gather Merge","Parent Relationship": "Outer","Parallel Aware": false,"Async Capable": false,"Startup Cost": 50795.59,"Total Cost": 50828.49,"Plan Rows": 15,"Plan Width": 24,"Actual Startup Time": 207.082,"Actual Total Time": 231.593,"Actual Rows": 20,"Actual Loops": 1,"Workers Planned": 3,"Workers Launched": 3,"Plans": [{"Node Type": "Aggregate","Strategy": "Sorted","Partial Mode": "Partial","Parent Relationship": "Outer","Parallel Aware": false,"Async Capable": false,"Startup Cost": 49795.55,"Total Cost": 49826.69,"Plan Rows": 5,"Plan Width": 24,"Actual Startup Time": 197.121,"Actual Total Time": 198.416,"Actual Rows": 5,"Actual Loops": 4,"Group Key": ["orders.o_orderpriority"],"Workers": [],"Plans": [{"Node Type": "Sort","Parent Relationship": "Outer","Parallel Aware": false,"Async Capable": false,"Startup Cost": 49795.55,"Total Cost": 49805.91,"Plan Rows": 4146,"Plan Width": 16,"Actual Startup Time": 196.751,"Actual Total Time": 197.344,"Actual Rows": 12836,"Actual Loops": 4,"Sort Key": ["orders.o_orderpriority"],"Sort Method": "quicksort","Sort Space Used": 1059,"Sort Space Type": "Memory","Workers": [{"Worker Number": 0,"Sort Method": "quicksort","Sort Space Used": 1115,"Sort Space Type": "Memory"},{"Worker Number": 1,"Sort Method": "quicksort","Sort Space Used": 1058,"Sort Space Type": "Memory"},{"Worker Number": 2,"Sort Method": "quicksort","Sort Space Used": 1115,"Sort Space Type": "Memory"}],"Plans": [{"Node Type": "Nested Loop","Parent Relationship": "Outer","Parallel Aware": false,"Async Capable": false,"Join Type": "Semi","Startup Cost": 747.58,"Total Cost": 49546.42,"Plan Rows": 4146,"Plan Width": 16,"Actual Startup Time": 3.884,"Actual Total Time": 190.408,"Actual Rows": 12836,"Actual Loops": 4,"Inner Unique": false,"Workers": [],"Plans": [{"Node Type": "Bitmap Heap Scan","Parent Relationship": "Outer","Parallel Aware": true,"Async Capable": false,"Relation Name": "orders","Alias": "orders","Startup Cost": 747.15,"Total Cost": 27104.01,"Plan Rows": 17458,"Plan Width": 20,"Actual Startup Time": 3.813,"Actual Total Time": 55.064,"Actual Rows": 14013,"Actual Loops": 4,"Recheck Cond": "((o_orderdate >= '1996-02-01'::date) AND (o_orderdate < '1996-05-01 00:00:00'::timestamp without time zone))","Rows Removed by Index Recheck": 0,"Exact Heap Blocks": 5537,"Lossy Heap Blocks": 0,"Workers": [],"Plans": [{"Node Type": "Bitmap Index Scan","Parent Relationship": "Outer","Parallel Aware": false,"Async Capable": false,"Index Name": "idx_orders_orderdate","Startup Cost": 0.00,"Total Cost": 733.62,"Plan Rows": 54119,"Plan Width": 0,"Actual Startup Time": 7.926,"Actual Total Time": 7.927,"Actual Rows": 56052,"Actual Loops": 1,"Index Cond": "((o_orderdate >= '1996-02-01'::date) AND (o_orderdate < '1996-05-01 00:00:00'::timestamp without time zone))","Workers": []}]},{"Node Type": "Index Scan","Parent Relationship": "Inner","Parallel Aware": false,"Async Capable": false,"Scan Direction": "Forward","Index Name": "idx_lineitem_orderkey","Relation Name": "lineitem","Alias": "lineitem","Startup Cost": 0.43,"Total Cost": 4.70,"Plan Rows": 6,"Plan Width": 4,"Actual Startup Time": 0.009,"Actual Total Time": 0.009,"Actual Rows": 1,"Actual Loops": 56052,"Index Cond": "(l_orderkey = orders.o_orderkey)","Rows Removed by Index Recheck": 0,"Filter": "(l_commitdate < l_receiptdate)","Rows Removed by Filter": 1,"Workers": []}]}]}]}]}]},"Planning Time": 5.293,"Triggers": [],"Execution Time": 232.381}]
[{"Plan": {"Node Type": "Aggregate","Strategy": "Sorted","Partial Mode": "Finalize","Parallel Aware": false,"Async Capable": false,"Startup Cost": 50393.04,"Total Cost": 50425.42,"Plan Rows": 5,"Plan Width": 24,"Actual Startup Time": 209.179,"Actual Total Time": 234.092,"Actual Rows": 5,"Actual Loops": 1,"Group Key": ["orders.o_orderpriority"],"Plans": [{"Node Type": "Gather Merge","Parent Relationship": "Outer","Parallel Aware": false,"Async Capable": false,"Startup Cost": 50393.04,"Total Cost": 50425.30,"Plan Rows": 15,"Plan Width": 24,"Actual Startup Time": 208.857,"Actual Total Time": 234.045,"Actual Rows": 20,"Actual Loops": 1,"Workers Planned": 3,"Workers Launched": 3,"Plans": [{"Node Type": "Aggregate","Strategy": "Sorted","Partial Mode": "Partial","Parent Relationship": "Outer","Parallel Aware": false,"Async Capable": false,"Startup Cost": 49393.00,"Total Cost": 49423.49,"Plan Rows": 5,"Plan Width": 24,"Actual Startup Time": 200.343,"Actual Total Time": 201.591,"Actual Rows": 5,"Actual Loops": 4,"Group Key": ["orders.o_orderpriority"],"Workers": [],"Plans": [{"Node Type": "Sort","Parent Relationship": "Outer","Parallel Aware": false,"Async Capable": false,"Startup Cost": 49393.00,"Total Cost": 49403.15,"Plan Rows": 4059,"Plan Width": 16,"Actual Startup Time": 200.015,"Actual Total Time": 200.534,"Actual Rows": 13007,"Actual Loops": 4,"Sort Key": ["orders.o_orderpriority"],"Sort Method": "quicksort","Sort Space Used": 1034,"Sort Space Type": "Memory","Workers": [{"Worker Number": 0,"Sort Method": "quicksort","Sort Space Used": 1128,"Sort Space Type": "Memory"},{"Worker Number": 1,"Sort Method": "quicksort","Sort Space Used": 1096,"Sort Space Type": "Memory"},{"Worker Number": 2,"Sort Method": "quicksort","Sort Space Used": 1126,"Sort Space Type": "Memory"}],"Plans": [{"Node Type": "Nested Loop","Parent Relationship": "Outer","Parallel Aware": false,"Async Capable": false,"Join Type": "Semi","Startup Cost": 731.94,"Total Cost": 49149.73,"Plan Rows": 4059,"Plan Width": 16,"Actual Startup Time": 5.320,"Actual Total Time": 193.882,"Actual Rows": 13007,"Actual Loops": 4,"Inner Unique": false,"Workers": [],"Plans": [{"Node Type": "Bitmap Heap Scan","Parent Relationship": "Outer","Parallel Aware": true,"Async Capable": false,"Relation Name": "orders","Alias": "orders","Startup Cost": 731.50,"Total Cost": 27082.87,"Plan Rows": 17091,"Plan Width": 20,"Actual Startup Time": 5.198,"Actual Total Time": 56.771,"Actual Rows": 14217,"Actual Loops": 4,"Recheck Cond": "((o_orderdate >= '1995-09-01'::date) AND (o_orderdate < '1995-12-01 00:00:00'::timestamp without time zone))","Rows Removed by Index Recheck": 0,"Exact Heap Blocks": 5379,"Lossy Heap Blocks": 0,"Workers": [],"Plans": [{"Node Type": "Bitmap Index Scan","Parent Relationship": "Outer","Parallel Aware": false,"Async Capable": false,"Index Name": "idx_orders_orderdate","Startup Cost": 0.00,"Total Cost": 718.26,"Plan Rows": 52983,"Plan Width": 0,"Actual Startup Time": 8.331,"Actual Total Time": 8.335,"Actual Rows": 56867,"Actual Loops": 1,"Index Cond": "((o_orderdate >= '1995-09-01'::date) AND (o_orderdate < '1995-12-01 00:00:00'::timestamp without time zone))","Workers": []}]},{"Node Type": "Index Scan","Parent Relationship": "Inner","Parallel Aware": false,"Async Capable": false,"Scan Direction": "Forward","Index Name": "idx_lineitem_orderkey","Relation Name": "lineitem","Alias": "lineitem","Startup Cost": 0.43,"Total Cost": 4.73,"Plan Rows": 6,"Plan Width": 4,"Actual Startup Time": 0.009,"Actual Total Time": 0.009,"Actual Rows": 1,"Actual Loops": 56867,"Index Cond": "(l_orderkey = orders.o_orderkey)","Rows Removed by Index Recheck": 0,"Filter": "(l_commitdate < l_receiptdate)","Rows Removed by Filter": 1,"Workers": []}]}]}]}]}]},"Planning Time": 4.551,"Triggers": [],"Execution Time": 234.551}]
[{"Plan": {"Node Type": "Aggregate","Strategy": "Sorted","Partial Mode": "Finalize","Parallel Aware": false,"Async Capable": false,"Startup Cost": 52188.36,"Total Cost": 52223.67,"Plan Rows": 5,"Plan Width": 24,"Actual Startup Time": 206.752,"Actual Total Time": 231.361,"Actual Rows": 5,"Actual Loops": 1,"Group Key": ["orders.o_orderpriority"],"Plans": [{"Node Type": "Gather Merge","Parent Relationship": "Outer","Parallel Aware": false,"Async Capable": false,"Startup Cost": 52188.36,"Total Cost": 52223.54,"Plan Rows": 15,"Plan Width": 24,"Actual Startup Time": 206.342,"Actual Total Time": 231.324,"Actual Rows": 20,"Actual Loops": 1,"Workers Planned": 3,"Workers Launched": 3,"Plans": [{"Node Type": "Aggregate","Strategy": "Sorted","Partial Mode": "Partial","Parent Relationship": "Outer","Parallel Aware": false,"Async Capable": false,"Startup Cost": 51188.32,"Total Cost": 51221.74,"Plan Rows": 5,"Plan Width": 24,"Actual Startup Time": 197.592,"Actual Total Time": 198.857,"Actual Rows": 5,"Actual Loops": 4,"Group Key": ["orders.o_orderpriority"],"Workers": [],"Plans": [{"Node Type": "Sort","Parent Relationship": "Outer","Parallel Aware": false,"Async Capable": false,"Startup Cost": 51188.32,"Total Cost": 51199.44,"Plan Rows": 4450,"Plan Width": 16,"Actual Startup Time": 197.254,"Actual Total Time": 197.787,"Actual Rows": 13171,"Actual Loops": 4,"Sort Key": ["orders.o_orderpriority"],"Sort Method": "quicksort","Sort Space Used": 1095,"Sort Space Type": "Memory","Workers": [{"Worker Number": 0,"Sort Method": "quicksort","Sort Space Used": 1116,"Sort Space Type": "Memory"},{"Worker Number": 1,"Sort Method": "quicksort","Sort Space Used": 1089,"Sort Space Type": "Memory"},{"Worker Number": 2,"Sort Method": "quicksort","Sort Space Used": 1119,"Sort Space Type": "Memory"}],"Plans": [{"Node Type": "Nested Loop","Parent Relationship": "Outer","Parallel Aware": false,"Async Capable": false,"Join Type": "Semi","Startup Cost": 804.19,"Total Cost": 50918.66,"Plan Rows": 4450,"Plan Width": 16,"Actual Startup Time": 4.989,"Actual Total Time": 190.898,"Actual Rows": 13171,"Actual Loops": 4,"Inner Unique": false,"Workers": [],"Plans": [{"Node Type": "Bitmap Heap Scan","Parent Relationship": "Outer","Parallel Aware": true,"Async Capable": false,"Relation Name": "orders","Alias": "orders","Startup Cost": 803.76,"Total Cost": 27179.79,"Plan Rows": 18736,"Plan Width": 20,"Actual Startup Time": 4.856,"Actual Total Time": 55.634,"Actual Rows": 14328,"Actual Loops": 4,"Recheck Cond": "((o_orderdate >= '1994-05-01'::date) AND (o_orderdate < '1994-08-01 00:00:00'::timestamp without time zone))","Rows Removed by Index Recheck": 0,"Exact Heap Blocks": 5709,"Lossy Heap Blocks": 0,"Workers": [],"Plans": [{"Node Type": "Bitmap Index Scan","Parent Relationship": "Outer","Parallel Aware": false,"Async Capable": false,"Index Name": "idx_orders_orderdate","Startup Cost": 0.00,"Total Cost": 789.24,"Plan Rows": 58081,"Plan Width": 0,"Actual Startup Time": 8.408,"Actual Total Time": 8.410,"Actual Rows": 57311,"Actual Loops": 1,"Index Cond": "((o_orderdate >= '1994-05-01'::date) AND (o_orderdate < '1994-08-01 00:00:00'::timestamp without time zone))","Workers": []}]},{"Node Type": "Index Scan","Parent Relationship": "Inner","Parallel Aware": false,"Async Capable": false,"Scan Direction": "Forward","Index Name": "idx_lineitem_orderkey","Relation Name": "lineitem","Alias": "lineitem","Startup Cost": 0.43,"Total Cost": 4.61,"Plan Rows": 6,"Plan Width": 4,"Actual Startup Time": 0.009,"Actual Total Time": 0.009,"Actual Rows": 1,"Actual Loops": 57311,"Index Cond": "(l_orderkey = orders.o_orderkey)","Rows Removed by Index Recheck": 0,"Filter": "(l_commitdate < l_receiptdate)","Rows Removed by Filter": 1,"Workers": []}]}]}]}]}]},"Planning Time": 4.567,"Triggers": [],"Execution Time": 232.063}]
[{"Plan": {"Node Type": "Aggregate","Strategy": "Sorted","Partial Mode": "Finalize","Parallel Aware": false,"Async Capable": false,"Startup Cost": 52350.82,"Total Cost": 52386.40,"Plan Rows": 5,"Plan Width": 24,"Actual Startup Time": 210.793,"Actual Total Time": 234.778,"Actual Rows": 5,"Actual Loops": 1,"Group Key": ["orders.o_orderpriority"],"Plans": [{"Node Type": "Gather Merge","Parent Relationship": "Outer","Parallel Aware": false,"Async Capable": false,"Startup Cost": 52350.82,"Total Cost": 52386.28,"Plan Rows": 15,"Plan Width": 24,"Actual Startup Time": 210.399,"Actual Total Time": 234.748,"Actual Rows": 20,"Actual Loops": 1,"Workers Planned": 3,"Workers Launched": 3,"Plans": [{"Node Type": "Aggregate","Strategy": "Sorted","Partial Mode": "Partial","Parent Relationship": "Outer","Parallel Aware": false,"Async Capable": false,"Startup Cost": 51350.78,"Total Cost": 51384.47,"Plan Rows": 5,"Plan Width": 24,"Actual Startup Time": 201.538,"Actual Total Time": 202.786,"Actual Rows": 5,"Actual Loops": 4,"Group Key": ["orders.o_orderpriority"],"Workers": [],"Plans": [{"Node Type": "Sort","Parent Relationship": "Outer","Parallel Aware": false,"Async Capable": false,"Startup Cost": 51350.78,"Total Cost": 51361.99,"Plan Rows": 4486,"Plan Width": 16,"Actual Startup Time": 201.192,"Actual Total Time": 201.702,"Actual Rows": 13259,"Actual Loops": 4,"Sort Key": ["orders.o_orderpriority"],"Sort Method": "quicksort","Sort Space Used": 1126,"Sort Space Type": "Memory","Workers": [{"Worker Number": 0,"Sort Method": "quicksort","Sort Space Used": 1102,"Sort Space Type": "Memory"},{"Worker Number": 1,"Sort Method": "quicksort","Sort Space Used": 1115,"Sort Space Type": "Memory"},{"Worker Number": 2,"Sort Method": "quicksort","Sort Space Used": 1095,"Sort Space Type": "Memory"}],"Plans": [{"Node Type": "Nested Loop","Parent Relationship": "Outer","Parallel Aware": false,"Async Capable": false,"Join Type": "Semi","Startup Cost": 809.03,"Total Cost": 51078.68,"Plan Rows": 4486,"Plan Width": 16,"Actual Startup Time": 4.343,"Actual Total Time": 194.788,"Actual Rows": 13259,"Actual Loops": 4,"Inner Unique": false,"Workers": [],"Plans": [{"Node Type": "Bitmap Heap Scan","Parent Relationship": "Outer","Parallel Aware": true,"Async Capable": false,"Relation Name": "orders","Alias": "orders","Startup Cost": 808.60,"Total Cost": 27186.92,"Plan Rows": 18888,"Plan Width": 20,"Actual Startup Time": 4.218,"Actual Total Time": 57.297,"Actual Rows": 14442,"Actual Loops": 4,"Recheck Cond": "((o_orderdate >= '1996-07-01'::date) AND (o_orderdate < '1996-10-01 00:00:00'::timestamp without time zone))","Rows Removed by Index Recheck": 0,"Exact Heap Blocks": 5957,"Lossy Heap Blocks": 0,"Workers": [],"Plans": [{"Node Type": "Bitmap Index Scan","Parent Relationship": "Outer","Parallel Aware": false,"Async Capable": false,"Index Name": "idx_orders_orderdate","Startup Cost": 0.00,"Total Cost": 793.96,"Plan Rows": 58553,"Plan Width": 0,"Actual Startup Time": 7.813,"Actual Total Time": 7.814,"Actual Rows": 57768,"Actual Loops": 1,"Index Cond": "((o_orderdate >= '1996-07-01'::date) AND (o_orderdate < '1996-10-01 00:00:00'::timestamp without time zone))","Workers": []}]},{"Node Type": "Index Scan","Parent Relationship": "Inner","Parallel Aware": false,"Async Capable": false,"Scan Direction": "Forward","Index Name": "idx_lineitem_orderkey","Relation Name": "lineitem","Alias": "lineitem","Startup Cost": 0.43,"Total Cost": 4.60,"Plan Rows": 6,"Plan Width": 4,"Actual Startup Time": 0.009,"Actual Total Time": 0.009,"Actual Rows": 1,"Actual Loops": 57768,"Index Cond": "(l_orderkey = orders.o_orderkey)","Rows Removed by Index Recheck": 0,"Filter": "(l_commitdate < l_receiptdate)","Rows Removed by Filter": 1,"Workers": []}]}]}]}]}]},"Planning Time": 4.843,"Triggers": [],"Execution Time": 235.203}]
[{"Plan": {"Node Type": "Aggregate","Strategy": "Sorted","Partial Mode": "Finalize","Parallel Aware": false,"Async Capable": false,"Startup Cost": 52369.77,"Total Cost": 52405.38,"Plan Rows": 5,"Plan Width": 24,"Actual Startup Time": 215.492,"Actual Total Time": 239.622,"Actual Rows": 5,"Actual Loops": 1,"Group Key": ["orders.o_orderpriority"],"Plans": [{"Node Type": "Gather Merge","Parent Relationship": "Outer","Parallel Aware": false,"Async Capable": false,"Startup Cost": 52369.77,"Total Cost": 52405.25,"Plan Rows": 15,"Plan Width": 24,"Actual Startup Time": 215.087,"Actual Total Time": 239.593,"Actual Rows": 20,"Actual Loops": 1,"Workers Planned": 3,"Workers Launched": 3,"Plans": [{"Node Type": "Aggregate","Strategy": "Sorted","Partial Mode": "Partial","Parent Relationship": "Outer","Parallel Aware": false,"Async Capable": false,"Startup Cost": 51369.73,"Total Cost": 51403.45,"Plan Rows": 5,"Plan Width": 24,"Actual Startup Time": 206.356,"Actual Total Time": 207.630,"Actual Rows": 5,"Actual Loops": 4,"Group Key": ["orders.o_orderpriority"],"Workers": [],"Plans": [{"Node Type": "Sort","Parent Relationship": "Outer","Parallel Aware": false,"Async Capable": false,"Startup Cost": 51369.73,"Total Cost": 51380.95,"Plan Rows": 4490,"Plan Width": 16,"Actual Startup Time": 206.011,"Actual Total Time": 206.540,"Actual Rows": 13264,"Actual Loops": 4,"Sort Key": ["orders.o_orderpriority"],"Sort Method": "quicksort","Sort Space Used": 1130,"Sort Space Type": "Memory","Workers": [{"Worker Number": 0,"Sort Method": "quicksort","Sort Space Used": 1100,"Sort Space Type": "Memory"},{"Worker Number": 1,"Sort Method": "quicksort","Sort Space Used": 1108,"Sort Space Type": "Memory"},{"Worker Number": 2,"Sort Method": "quicksort","Sort Space Used": 1102,"Sort Space Type": "Memory"}],"Plans": [{"Node Type": "Nested Loop","Parent Relationship": "Outer","Parallel Aware": false,"Async Capable": false,"Join Type": "Semi","Startup Cost": 809.60,"Total Cost": 51097.35,"Plan Rows": 4490,"Plan Width": 16,"Actual Startup Time": 5.570,"Actual Total Time": 199.495,"Actual Rows": 13264,"Actual Loops": 4,"Inner Unique": false,"Workers": [],"Plans": [{"Node Type": "Bitmap Heap Scan","Parent Relationship": "Outer","Parallel Aware": true,"Async Capable": false,"Relation Name": "orders","Alias": "orders","Startup Cost": 809.17,"Total Cost": 27187.76,"Plan Rows": 18906,"Plan Width": 20,"Actual Startup Time": 5.437,"Actual Total Time": 60.429,"Actual Rows": 14458,"Actual Loops": 4,"Recheck Cond": "((o_orderdate >= '1996-06-01'::date) AND (o_orderdate < '1996-09-01 00:00:00'::timestamp without time zone))","Rows Removed by Index Recheck": 0,"Exact Heap Blocks": 5975,"Lossy Heap Blocks": 0,"Workers": [],"Plans": [{"Node Type": "Bitmap Index Scan","Parent Relationship": "Outer","Parallel Aware": false,"Async Capable": false,"Index Name": "idx_orders_orderdate","Startup Cost": 0.00,"Total Cost": 794.52,"Plan Rows": 58609,"Plan Width": 0,"Actual Startup Time": 8.889,"Actual Total Time": 8.890,"Actual Rows": 57832,"Actual Loops": 1,"Index Cond": "((o_orderdate >= '1996-06-01'::date) AND (o_orderdate < '1996-09-01 00:00:00'::timestamp without time zone))","Workers": []}]},{"Node Type": "Index Scan","Parent Relationship": "Inner","Parallel Aware": false,"Async Capable": false,"Scan Direction": "Forward","Index Name": "idx_lineitem_orderkey","Relation Name": "lineitem","Alias": "lineitem","Startup Cost": 0.43,"Total Cost": 4.59,"Plan Rows": 6,"Plan Width": 4,"Actual Startup Time": 0.009,"Actual Total Time": 0.009,"Actual Rows": 1,"Actual Loops": 57832,"Index Cond": "(l_orderkey = orders.o_orderkey)","Rows Removed by Index Recheck": 0,"Filter": "(l_commitdate < l_receiptdate)","Rows Removed by Filter": 1,"Workers": []}]}]}]}]}]},"Planning Time": 4.853,"Triggers": [],"Execution Time": 240.068}]
[{"Plan": {"Node Type": "Aggregate","Strategy": "Sorted","Partial Mode": "Finalize","Parallel Aware": false,"Async Capable": false,"Startup Cost": 52188.36,"Total Cost": 52223.67,"Plan Rows": 5,"Plan Width": 24,"Actual Startup Time": 206.752,"Actual Total Time": 231.361,"Actual Rows": 5,"Actual Loops": 1,"Group Key": ["orders.o_orderpriority"],"Plans": [{"Node Type": "Gather Merge","Parent Relationship": "Outer","Parallel Aware": false,"Async Capable": false,"Startup Cost": 52188.36,"Total Cost": 52223.54,"Plan Rows": 15,"Plan Width": 24,"Actual Startup Time": 206.342,"Actual Total Time": 231.324,"Actual Rows": 20,"Actual Loops": 1,"Workers Planned": 3,"Workers Launched": 3,"Plans": [{"Node Type": "Aggregate","Strategy": "Sorted","Partial Mode": "Partial","Parent Relationship": "Outer","Parallel Aware": false,"Async Capable": false,"Startup Cost": 51188.32,"Total Cost": 51221.74,"Plan Rows": 5,"Plan Width": 24,"Actual Startup Time": 197.592,"Actual Total Time": 198.857,"Actual Rows": 5,"Actual Loops": 4,"Group Key": ["orders.o_orderpriority"],"Workers": [],"Plans": [{"Node Type": "Sort","Parent Relationship": "Outer","Parallel Aware": false,"Async Capable": false,"Startup Cost": 51188.32,"Total Cost": 51199.44,"Plan Rows": 4450,"Plan Width": 16,"Actual Startup Time": 197.254,"Actual Total Time": 197.787,"Actual Rows": 13171,"Actual Loops": 4,"Sort Key": ["orders.o_orderpriority"],"Sort Method": "quicksort","Sort Space Used": 1095,"Sort Space Type": "Memory","Workers": [{"Worker Number": 0,"Sort Method": "quicksort","Sort Space Used": 1116,"Sort Space Type": "Memory"},{"Worker Number": 1,"Sort Method": "quicksort","Sort Space Used": 1089,"Sort Space Type": "Memory"},{"Worker Number": 2,"Sort Method": "quicksort","Sort Space Used": 1119,"Sort Space Type": "Memory"}],"Plans": [{"Node Type": "Nested Loop","Parent Relationship": "Outer","Parallel Aware": false,"Async Capable": false,"Join Type": "Semi","Startup Cost": 804.19,"Total Cost": 50918.66,"Plan Rows": 4450,"Plan Width": 16,"Actual Startup Time": 4.989,"Actual Total Time": 190.898,"Actual Rows": 13171,"Actual Loops": 4,"Inner Unique": false,"Workers": [],"Plans": [{"Node Type": "Bitmap Heap Scan","Parent Relationship": "Outer","Parallel Aware": true,"Async Capable": false,"Relation Name": "orders","Alias": "orders","Startup Cost": 803.76,"Total Cost": 27179.79,"Plan Rows": 18736,"Plan Width": 20,"Actual Startup Time": 4.856,"Actual Total Time": 55.634,"Actual Rows": 14328,"Actual Loops": 4,"Recheck Cond": "((o_orderdate >= '1994-05-01'::date) AND (o_orderdate < '1994-08-01 00:00:00'::timestamp without time zone))","Rows Removed by Index Recheck": 0,"Exact Heap Blocks": 5709,"Lossy Heap Blocks": 0,"Workers": [],"Plans": [{"Node Type": "Bitmap Index Scan","Parent Relationship": "Outer","Parallel Aware": false,"Async Capable": false,"Index Name": "idx_orders_orderdate","Startup Cost": 0.00,"Total Cost": 789.24,"Plan Rows": 58081,"Plan Width": 0,"Actual Startup Time": 8.408,"Actual Total Time": 8.410,"Actual Rows": 57311,"Actual Loops": 1,"Index Cond": "((o_orderdate >= '1994-05-01'::date) AND (o_orderdate < '1994-08-01 00:00:00'::timestamp without time zone))","Workers": []}]},{"Node Type": "Index Scan","Parent Relationship": "Inner","Parallel Aware": false,"Async Capable": false,"Scan Direction": "Forward","Index Name": "idx_lineitem_orderkey","Relation Name": "lineitem","Alias": "lineitem","Startup Cost": 0.43,"Total Cost": 4.61,"Plan Rows": 6,"Plan Width": 4,"Actual Startup Time": 0.009,"Actual Total Time": 0.009,"Actual Rows": 1,"Actual Loops": 57311,"Index Cond": "(l_orderkey = orders.o_orderkey)","Rows Removed by Index Recheck": 0,"Filter": "(l_commitdate < l_receiptdate)","Rows Removed by Filter": 1,"Workers": []}]}]}]}]}]},"Planning Time": 4.567,"Triggers": [],"Execution Time": 232.063}]
[{"Plan": {"Node Type": "Aggregate","Strategy": "Sorted","Partial Mode": "Finalize","Parallel Aware": false,"Async Capable": false,"Startup Cost": 52392.16,"Total Cost": 52427.81,"Plan Rows": 5,"Plan Width": 24,"Actual Startup Time": 211.248,"Actual Total Time": 234.990,"Actual Rows": 5,"Actual Loops": 1,"Group Key": ["orders.o_orderpriority"],"Plans": [{"Node Type": "Gather Merge","Parent Relationship": "Outer","Parallel Aware": false,"Async Capable": false,"Startup Cost": 52392.16,"Total Cost": 52427.69,"Plan Rows": 15,"Plan Width": 24,"Actual Startup Time": 210.814,"Actual Total Time": 234.963,"Actual Rows": 20,"Actual Loops": 1,"Workers Planned": 3,"Workers Launched": 3,"Plans": [{"Node Type": "Aggregate","Strategy": "Sorted","Partial Mode": "Partial","Parent Relationship": "Outer","Parallel Aware": false,"Async Capable": false,"Startup Cost": 51392.12,"Total Cost": 51425.88,"Plan Rows": 5,"Plan Width": 24,"Actual Startup Time": 201.683,"Actual Total Time": 202.935,"Actual Rows": 5,"Actual Loops": 4,"Group Key": ["orders.o_orderpriority"],"Workers": [],"Plans": [{"Node Type": "Sort","Parent Relationship": "Outer","Parallel Aware": false,"Async Capable": false,"Startup Cost": 51392.12,"Total Cost": 51403.36,"Plan Rows": 4495,"Plan Width": 16,"Actual Startup Time": 201.346,"Actual Total Time": 201.859,"Actual Rows": 13076,"Actual Loops": 4,"Sort Key": ["orders.o_orderpriority"],"Sort Method": "quicksort","Sort Space Used": 1088,"Sort Space Type": "Memory","Workers": [{"Worker Number": 0,"Sort Method": "quicksort","Sort Space Used": 1117,"Sort Space Type": "Memory"},{"Worker Number": 1,"Sort Method": "quicksort","Sort Space Used": 1079,"Sort Space Type": "Memory"},{"Worker Number": 2,"Sort Method": "quicksort","Sort Space Used": 1114,"Sort Space Type": "Memory"}],"Plans": [{"Node Type": "Nested Loop","Parent Relationship": "Outer","Parallel Aware": false,"Async Capable": false,"Join Type": "Semi","Startup Cost": 810.26,"Total Cost": 51119.41,"Plan Rows": 4495,"Plan Width": 16,"Actual Startup Time": 5.099,"Actual Total Time": 195.041,"Actual Rows": 13076,"Actual Loops": 4,"Inner Unique": false,"Workers": [],"Plans": [{"Node Type": "Bitmap Heap Scan","Parent Relationship": "Outer","Parallel Aware": true,"Async Capable": false,"Relation Name": "orders","Alias": "orders","Startup Cost": 809.83,"Total Cost": 27188.73,"Plan Rows": 18927,"Plan Width": 20,"Actual Startup Time": 4.954,"Actual Total Time": 57.624,"Actual Rows": 14263,"Actual Loops": 4,"Recheck Cond": "((o_orderdate >= '1995-11-01'::date) AND (o_orderdate < '1996-02-01 00:00:00'::timestamp without time zone))","Rows Removed by Index Recheck": 0,"Exact Heap Blocks": 5693,"Lossy Heap Blocks": 0,"Workers": [],"Plans": [{"Node Type": "Bitmap Index Scan","Parent Relationship": "Outer","Parallel Aware": false,"Async Capable": false,"Index Name": "idx_orders_orderdate","Startup Cost": 0.00,"Total Cost": 795.16,"Plan Rows": 58673,"Plan Width": 0,"Actual Startup Time": 8.818,"Actual Total Time": 8.820,"Actual Rows": 57052,"Actual Loops": 1,"Index Cond": "((o_orderdate >= '1995-11-01'::date) AND (o_orderdate < '1996-02-01 00:00:00'::timestamp without time zone))","Workers": []}]},{"Node Type": "Index Scan","Parent Relationship": "Inner","Parallel Aware": false,"Async Capable": false,"Scan Direction": "Forward","Index Name": "idx_lineitem_orderkey","Relation Name": "lineitem","Alias": "lineitem","Startup Cost": 0.43,"Total Cost": 4.59,"Plan Rows": 6,"Plan Width": 4,"Actual Startup Time": 0.009,"Actual Total Time": 0.009,"Actual Rows": 1,"Actual Loops": 57052,"Index Cond": "(l_orderkey = orders.o_orderkey)","Rows Removed by Index Recheck": 0,"Filter": "(l_commitdate < l_receiptdate)","Rows Removed by Filter": 1,"Workers": []}]}]}]}]}]},"Planning Time": 5.327,"Triggers": [],"Execution Time": 235.461}]
[{"Plan": {"Node Type": "Aggregate","Strategy": "Sorted","Partial Mode": "Finalize","Parallel Aware": false,"Async Capable": false,"Startup Cost": 51895.02,"Total Cost": 51929.86,"Plan Rows": 5,"Plan Width": 24,"Actual Startup Time": 216.936,"Actual Total Time": 240.849,"Actual Rows": 5,"Actual Loops": 1,"Group Key": ["orders.o_orderpriority"],"Plans": [{"Node Type": "Gather Merge","Parent Relationship": "Outer","Parallel Aware": false,"Async Capable": false,"Startup Cost": 51895.02,"Total Cost": 51929.73,"Plan Rows": 15,"Plan Width": 24,"Actual Startup Time": 216.564,"Actual Total Time": 240.814,"Actual Rows": 20,"Actual Loops": 1,"Workers Planned": 3,"Workers Launched": 3,"Plans": [{"Node Type": "Aggregate","Strategy": "Sorted","Partial Mode": "Partial","Parent Relationship": "Outer","Parallel Aware": false,"Async Capable": false,"Startup Cost": 50894.98,"Total Cost": 50927.93,"Plan Rows": 5,"Plan Width": 24,"Actual Startup Time": 207.210,"Actual Total Time": 208.520,"Actual Rows": 5,"Actual Loops": 4,"Group Key": ["orders.o_orderpriority"],"Workers": [],"Plans": [{"Node Type": "Sort","Parent Relationship": "Outer","Parallel Aware": false,"Async Capable": false,"Startup Cost": 50894.98,"Total Cost": 50905.95,"Plan Rows": 4386,"Plan Width": 16,"Actual Startup Time": 206.842,"Actual Total Time": 207.438,"Actual Rows": 13154,"Actual Loops": 4,"Sort Key": ["orders.o_orderpriority"],"Sort Method": "quicksort","Sort Space Used": 1056,"Sort Space Type": "Memory","Workers": [{"Worker Number": 0,"Sort Method": "quicksort","Sort Space Used": 1144,"Sort Space Type": "Memory"},{"Worker Number": 1,"Sort Method": "quicksort","Sort Space Used": 1079,"Sort Space Type": "Memory"},{"Worker Number": 2,"Sort Method": "quicksort","Sort Space Used": 1137,"Sort Space Type": "Memory"}],"Plans": [{"Node Type": "Nested Loop","Parent Relationship": "Outer","Parallel Aware": false,"Async Capable": false,"Join Type": "Semi","Startup Cost": 791.62,"Total Cost": 50629.66,"Plan Rows": 4386,"Plan Width": 16,"Actual Startup Time": 4.998,"Actual Total Time": 200.365,"Actual Rows": 13154,"Actual Loops": 4,"Inner Unique": false,"Workers": [],"Plans": [{"Node Type": "Bitmap Heap Scan","Parent Relationship": "Outer","Parallel Aware": true,"Async Capable": false,"Relation Name": "orders","Alias": "orders","Startup Cost": 791.19,"Total Cost": 27163.18,"Plan Rows": 18466,"Plan Width": 20,"Actual Startup Time": 4.854,"Actual Total Time": 59.077,"Actual Rows": 14346,"Actual Loops": 4,"Recheck Cond": "((o_orderdate >= '1994-07-01'::date) AND (o_orderdate < '1994-10-01 00:00:00'::timestamp without time zone))","Rows Removed by Index Recheck": 0,"Exact Heap Blocks": 5381,"Lossy Heap Blocks": 0,"Workers": [],"Plans": [{"Node Type": "Bitmap Index Scan","Parent Relationship": "Outer","Parallel Aware": false,"Async Capable": false,"Index Name": "idx_orders_orderdate","Startup Cost": 0.00,"Total Cost": 776.88,"Plan Rows": 57245,"Plan Width": 0,"Actual Startup Time": 8.661,"Actual Total Time": 8.664,"Actual Rows": 57384,"Actual Loops": 1,"Index Cond": "((o_orderdate >= '1994-07-01'::date) AND (o_orderdate < '1994-10-01 00:00:00'::timestamp without time zone))","Workers": []}]},{"Node Type": "Index Scan","Parent Relationship": "Inner","Parallel Aware": false,"Async Capable": false,"Scan Direction": "Forward","Index Name": "idx_lineitem_orderkey","Relation Name": "lineitem","Alias": "lineitem","Startup Cost": 0.43,"Total Cost": 4.63,"Plan Rows": 6,"Plan Width": 4,"Actual Startup Time": 0.010,"Actual Total Time": 0.010,"Actual Rows": 1,"Actual Loops": 57384,"Index Cond": "(l_orderkey = orders.o_orderkey)","Rows Removed by Index Recheck": 0,"Filter": "(l_commitdate < l_receiptdate)","Rows Removed by Filter": 1,"Workers": []}]}]}]}]}]},"Planning Time": 4.847,"Triggers": [],"Execution Time": 241.394}]
[{"Plan": {"Node Type": "Aggregate","Strategy": "Sorted","Partial Mode": "Finalize","Parallel Aware": false,"Async Capable": false,"Startup Cost": 51000.15,"Total Cost": 51033.51,"Plan Rows": 5,"Plan Width": 24,"Actual Startup Time": 209.454,"Actual Total Time": 233.083,"Actual Rows": 5,"Actual Loops": 1,"Group Key": ["orders.o_orderpriority"],"Plans": [{"Node Type": "Gather Merge","Parent Relationship": "Outer","Parallel Aware": false,"Async Capable": false,"Startup Cost": 51000.15,"Total Cost": 51033.39,"Plan Rows": 15,"Plan Width": 24,"Actual Startup Time": 209.023,"Actual Total Time": 233.061,"Actual Rows": 20,"Actual Loops": 1,"Workers Planned": 3,"Workers Launched": 3,"Plans": [{"Node Type": "Aggregate","Strategy": "Sorted","Partial Mode": "Partial","Parent Relationship": "Outer","Parallel Aware": false,"Async Capable": false,"Startup Cost": 50000.11,"Total Cost": 50031.58,"Plan Rows": 5,"Plan Width": 24,"Actual Startup Time": 200.427,"Actual Total Time": 201.671,"Actual Rows": 5,"Actual Loops": 4,"Group Key": ["orders.o_orderpriority"],"Workers": [],"Plans": [{"Node Type": "Sort","Parent Relationship": "Outer","Parallel Aware": false,"Async Capable": false,"Startup Cost": 50000.11,"Total Cost": 50010.58,"Plan Rows": 4190,"Plan Width": 16,"Actual Startup Time": 200.064,"Actual Total Time": 200.592,"Actual Rows": 13087,"Actual Loops": 4,"Sort Key": ["orders.o_orderpriority"],"Sort Method": "quicksort","Sort Space Used": 1111,"Sort Space Type": "Memory","Workers": [{"Worker Number": 0,"Sort Method": "quicksort","Sort Space Used": 1092,"Sort Space Type": "Memory"},{"Worker Number": 1,"Sort Method": "quicksort","Sort Space Used": 1104,"Sort Space Type": "Memory"},{"Worker Number": 2,"Sort Method": "quicksort","Sort Space Used": 1093,"Sort Space Type": "Memory"}],"Plans": [{"Node Type": "Nested Loop","Parent Relationship": "Outer","Parallel Aware": false,"Async Capable": false,"Join Type": "Semi","Startup Cost": 757.46,"Total Cost": 49748.02,"Plan Rows": 4190,"Plan Width": 16,"Actual Startup Time": 4.791,"Actual Total Time": 193.653,"Actual Rows": 13087,"Actual Loops": 4,"Inner Unique": false,"Workers": [],"Plans": [{"Node Type": "Bitmap Heap Scan","Parent Relationship": "Outer","Parallel Aware": true,"Async Capable": false,"Relation Name": "orders","Alias": "orders","Startup Cost": 757.03,"Total Cost": 27116.67,"Plan Rows": 17643,"Plan Width": 20,"Actual Startup Time": 4.686,"Actual Total Time": 58.677,"Actual Rows": 14273,"Actual Loops": 4,"Recheck Cond": "((o_orderdate >= '1993-05-01'::date) AND (o_orderdate < '1993-08-01 00:00:00'::timestamp without time zone))","Rows Removed by Index Recheck": 0,"Exact Heap Blocks": 5931,"Lossy Heap Blocks": 0,"Workers": [],"Plans": [{"Node Type": "Bitmap Index Scan","Parent Relationship": "Outer","Parallel Aware": false,"Async Capable": false,"Index Name": "idx_orders_orderdate","Startup Cost": 0.00,"Total Cost": 743.36,"Plan Rows": 54693,"Plan Width": 0,"Actual Startup Time": 8.053,"Actual Total Time": 8.053,"Actual Rows": 57093,"Actual Loops": 1,"Index Cond": "((o_orderdate >= '1993-05-01'::date) AND (o_orderdate < '1993-08-01 00:00:00'::timestamp without time zone))","Workers": []}]},{"Node Type": "Index Scan","Parent Relationship": "Inner","Parallel Aware": false,"Async Capable": false,"Scan Direction": "Forward","Index Name": "idx_lineitem_orderkey","Relation Name": "lineitem","Alias": "lineitem","Startup Cost": 0.43,"Total Cost": 4.69,"Plan Rows": 6,"Plan Width": 4,"Actual Startup Time": 0.009,"Actual Total Time": 0.009,"Actual Rows": 1,"Actual Loops": 57093,"Index Cond": "(l_orderkey = orders.o_orderkey)","Rows Removed by Index Recheck": 0,"Filter": "(l_commitdate < l_receiptdate)","Rows Removed by Filter": 1,"Workers": []}]}]}]}]}]},"Planning Time": 5.279,"Triggers": [],"Execution Time": 233.490}]
[{"Plan": {"Node Type": "Aggregate","Strategy": "Sorted","Partial Mode": "Finalize","Parallel Aware": false,"Async Capable": false,"Startup Cost": 51845.54,"Total Cost": 51880.29,"Plan Rows": 5,"Plan Width": 24,"Actual Startup Time": 207.177,"Actual Total Time": 232.110,"Actual Rows": 5,"Actual Loops": 1,"Group Key": ["orders.o_orderpriority"],"Plans": [{"Node Type": "Gather Merge","Parent Relationship": "Outer","Parallel Aware": false,"Async Capable": false,"Startup Cost": 51845.54,"Total Cost": 51880.17,"Plan Rows": 15,"Plan Width": 24,"Actual Startup Time": 206.778,"Actual Total Time": 232.079,"Actual Rows": 20,"Actual Loops": 1,"Workers Planned": 3,"Workers Launched": 3,"Plans": [{"Node Type": "Aggregate","Strategy": "Sorted","Partial Mode": "Partial","Parent Relationship": "Outer","Parallel Aware": false,"Async Capable": false,"Startup Cost": 50845.50,"Total Cost": 50878.36,"Plan Rows": 5,"Plan Width": 24,"Actual Startup Time": 198.217,"Actual Total Time": 199.466,"Actual Rows": 5,"Actual Loops": 4,"Group Key": ["orders.o_orderpriority"],"Workers": [],"Plans": [{"Node Type": "Sort","Parent Relationship": "Outer","Parallel Aware": false,"Async Capable": false,"Startup Cost": 50845.50,"Total Cost": 50856.44,"Plan Rows": 4375,"Plan Width": 16,"Actual Startup Time": 197.865,"Actual Total Time": 198.399,"Actual Rows": 13003,"Actual Loops": 4,"Sort Key": ["orders.o_orderpriority"],"Sort Method": "quicksort","Sort Space Used": 1088,"Sort Space Type": "Memory","Workers": [{"Worker Number": 0,"Sort Method": "quicksort","Sort Space Used": 1109,"Sort Space Type": "Memory"},{"Worker Number": 1,"Sort Method": "quicksort","Sort Space Used": 1075,"Sort Space Type": "Memory"},{"Worker Number": 2,"Sort Method": "quicksort","Sort Space Used": 1111,"Sort Space Type": "Memory"}],"Plans": [{"Node Type": "Nested Loop","Parent Relationship": "Outer","Parallel Aware": false,"Async Capable": false,"Join Type": "Semi","Startup Cost": 790.17,"Total Cost": 50580.92,"Plan Rows": 4375,"Plan Width": 16,"Actual Startup Time": 5.194,"Actual Total Time": 191.534,"Actual Rows": 13003,"Actual Loops": 4,"Inner Unique": false,"Workers": [],"Plans": [{"Node Type": "Bitmap Heap Scan","Parent Relationship": "Outer","Parallel Aware": true,"Async Capable": false,"Relation Name": "orders","Alias": "orders","Startup Cost": 789.73,"Total Cost": 27161.04,"Plan Rows": 18420,"Plan Width": 20,"Actual Startup Time": 5.066,"Actual Total Time": 56.417,"Actual Rows": 14194,"Actual Loops": 4,"Recheck Cond": "((o_orderdate >= '1996-04-01'::date) AND (o_orderdate < '1996-07-01 00:00:00'::timestamp without time zone))","Rows Removed by Index Recheck": 0,"Exact Heap Blocks": 5706,"Lossy Heap Blocks": 0,"Workers": [],"Plans": [{"Node Type": "Bitmap Index Scan","Parent Relationship": "Outer","Parallel Aware": false,"Async Capable": false,"Index Name": "idx_orders_orderdate","Startup Cost": 0.00,"Total Cost": 775.46,"Plan Rows": 57103,"Plan Width": 0,"Actual Startup Time": 8.398,"Actual Total Time": 8.399,"Actual Rows": 56775,"Actual Loops": 1,"Index Cond": "((o_orderdate >= '1996-04-01'::date) AND (o_orderdate < '1996-07-01 00:00:00'::timestamp without time zone))","Workers": []}]},{"Node Type": "Index Scan","Parent Relationship": "Inner","Parallel Aware": false,"Async Capable": false,"Scan Direction": "Forward","Index Name": "idx_lineitem_orderkey","Relation Name": "lineitem","Alias": "lineitem","Startup Cost": 0.43,"Total Cost": 4.63,"Plan Rows": 6,"Plan Width": 4,"Actual Startup Time": 0.009,"Actual Total Time": 0.009,"Actual Rows": 1,"Actual Loops": 56775,"Index Cond": "(l_orderkey = orders.o_orderkey)","Rows Removed by Index Recheck": 0,"Filter": "(l_commitdate < l_receiptdate)","Rows Removed by Filter": 1,"Workers": []}]}]}]}]}]},"Planning Time": 4.671,"Triggers": [],"Execution Time": 232.791}]
[{"Plan": {"Node Type": "Aggregate","Strategy": "Sorted","Partial Mode": "Finalize","Parallel Aware": false,"Async Capable": false,"Startup Cost": 52878.76,"Total Cost": 52915.21,"Plan Rows": 5,"Plan Width": 24,"Actual Startup Time": 206.138,"Actual Total Time": 230.308,"Actual Rows": 5,"Actual Loops": 1,"Group Key": ["orders.o_orderpriority"],"Plans": [{"Node Type": "Gather Merge","Parent Relationship": "Outer","Parallel Aware": false,"Async Capable": false,"Startup Cost": 52878.76,"Total Cost": 52915.09,"Plan Rows": 15,"Plan Width": 24,"Actual Startup Time": 205.742,"Actual Total Time": 230.279,"Actual Rows": 20,"Actual Loops": 1,"Workers Planned": 3,"Workers Launched": 3,"Plans": [{"Node Type": "Aggregate","Strategy": "Sorted","Partial Mode": "Partial","Parent Relationship": "Outer","Parallel Aware": false,"Async Capable": false,"Startup Cost": 51878.72,"Total Cost": 51913.28,"Plan Rows": 5,"Plan Width": 24,"Actual Startup Time": 197.132,"Actual Total Time": 198.393,"Actual Rows": 5,"Actual Loops": 4,"Group Key": ["orders.o_orderpriority"],"Workers": [],"Plans": [{"Node Type": "Sort","Parent Relationship": "Outer","Parallel Aware": false,"Async Capable": false,"Startup Cost": 51878.72,"Total Cost": 51890.22,"Plan Rows": 4602,"Plan Width": 16,"Actual Startup Time": 196.786,"Actual Total Time": 197.332,"Actual Rows": 12987,"Actual Loops": 4,"Sort Key": ["orders.o_orderpriority"],"Sort Method": "quicksort","Sort Space Used": 1094,"Sort Space Type": "Memory","Workers": [{"Worker Number": 0,"Sort Method": "quicksort","Sort Space Used": 1099,"Sort Space Type": "Memory"},{"Worker Number": 1,"Sort Method": "quicksort","Sort Space Used": 1080,"Sort Space Type": "Memory"},{"Worker Number": 2,"Sort Method": "quicksort","Sort Space Used": 1106,"Sort Space Type": "Memory"}],"Plans": [{"Node Type": "Nested Loop","Parent Relationship": "Outer","Parallel Aware": false,"Async Capable": false,"Join Type": "Semi","Startup Cost": 832.55,"Total Cost": 51598.73,"Plan Rows": 4602,"Plan Width": 16,"Actual Startup Time": 5.235,"Actual Total Time": 190.462,"Actual Rows": 12987,"Actual Loops": 4,"Inner Unique": false,"Workers": [],"Plans": [{"Node Type": "Bitmap Heap Scan","Parent Relationship": "Outer","Parallel Aware": true,"Async Capable": false,"Relation Name": "orders","Alias": "orders","Startup Cost": 832.11,"Total Cost": 27217.76,"Plan Rows": 19376,"Plan Width": 20,"Actual Startup Time": 5.080,"Actual Total Time": 55.913,"Actual Rows": 14144,"Actual Loops": 4,"Recheck Cond": "((o_orderdate >= '1994-12-01'::date) AND (o_orderdate < '1995-03-01 00:00:00'::timestamp without time zone))","Rows Removed by Index Recheck": 0,"Exact Heap Blocks": 5787,"Lossy Heap Blocks": 0,"Workers": [],"Plans": [{"Node Type": "Bitmap Index Scan","Parent Relationship": "Outer","Parallel Aware": false,"Async Capable": false,"Index Name": "idx_orders_orderdate","Startup Cost": 0.00,"Total Cost": 817.10,"Plan Rows": 60067,"Plan Width": 0,"Actual Startup Time": 8.297,"Actual Total Time": 8.300,"Actual Rows": 56577,"Actual Loops": 1,"Index Cond": "((o_orderdate >= '1994-12-01'::date) AND (o_orderdate < '1995-03-01 00:00:00'::timestamp without time zone))","Workers": []}]},{"Node Type": "Index Scan","Parent Relationship": "Inner","Parallel Aware": false,"Async Capable": false,"Scan Direction": "Forward","Index Name": "idx_lineitem_orderkey","Relation Name": "lineitem","Alias": "lineitem","Startup Cost": 0.43,"Total Cost": 4.56,"Plan Rows": 6,"Plan Width": 4,"Actual Startup Time": 0.009,"Actual Total Time": 0.009,"Actual Rows": 1,"Actual Loops": 56577,"Index Cond": "(l_orderkey = orders.o_orderkey)","Rows Removed by Index Recheck": 0,"Filter": "(l_commitdate < l_receiptdate)","Rows Removed by Filter": 1,"Workers": []}]}]}]}]}]},"Planning Time": 4.514,"Triggers": [],"Execution Time": 231.040}]
[{"Plan": {"Node Type": "Aggregate","Strategy": "Sorted","Partial Mode": "Finalize","Parallel Aware": false,"Async Capable": false,"Startup Cost": 50907.22,"Total Cost": 50940.43,"Plan Rows": 5,"Plan Width": 24,"Actual Startup Time": 204.875,"Actual Total Time": 229.245,"Actual Rows": 5,"Actual Loops": 1,"Group Key": ["orders.o_orderpriority"],"Plans": [{"Node Type": "Gather Merge","Parent Relationship": "Outer","Parallel Aware": false,"Async Capable": false,"Startup Cost": 50907.22,"Total Cost": 50940.30,"Plan Rows": 15,"Plan Width": 24,"Actual Startup Time": 204.487,"Actual Total Time": 229.210,"Actual Rows": 20,"Actual Loops": 1,"Workers Planned": 3,"Workers Launched": 3,"Plans": [{"Node Type": "Aggregate","Strategy": "Sorted","Partial Mode": "Partial","Parent Relationship": "Outer","Parallel Aware": false,"Async Capable": false,"Startup Cost": 49907.18,"Total Cost": 49938.50,"Plan Rows": 5,"Plan Width": 24,"Actual Startup Time": 195.859,"Actual Total Time": 197.107,"Actual Rows": 5,"Actual Loops": 4,"Group Key": ["orders.o_orderpriority"],"Workers": [],"Plans": [{"Node Type": "Sort","Parent Relationship": "Outer","Parallel Aware": false,"Async Capable": false,"Startup Cost": 49907.18,"Total Cost": 49917.60,"Plan Rows": 4170,"Plan Width": 16,"Actual Startup Time": 195.538,"Actual Total Time": 196.036,"Actual Rows": 13129,"Actual Loops": 4,"Sort Key": ["orders.o_orderpriority"],"Sort Method": "quicksort","Sort Space Used": 1092,"Sort Space Type": "Memory","Workers": [{"Worker Number": 0,"Sort Method": "quicksort","Sort Space Used": 1119,"Sort Space Type": "Memory"},{"Worker Number": 1,"Sort Method": "quicksort","Sort Space Used": 1082,"Sort Space Type": "Memory"},{"Worker Number": 2,"Sort Method": "quicksort","Sort Space Used": 1116,"Sort Space Type": "Memory"}],"Plans": [{"Node Type": "Nested Loop","Parent Relationship": "Outer","Parallel Aware": false,"Async Capable": false,"Join Type": "Semi","Startup Cost": 754.75,"Total Cost": 49656.44,"Plan Rows": 4170,"Plan Width": 16,"Actual Startup Time": 4.769,"Actual Total Time": 189.357,"Actual Rows": 13129,"Actual Loops": 4,"Inner Unique": false,"Workers": [],"Plans": [{"Node Type": "Bitmap Heap Scan","Parent Relationship": "Outer","Parallel Aware": true,"Async Capable": false,"Relation Name": "orders","Alias": "orders","Startup Cost": 754.31,"Total Cost": 27112.68,"Plan Rows": 17557,"Plan Width": 20,"Actual Startup Time": 4.640,"Actual Total Time": 54.547,"Actual Rows": 14334,"Actual Loops": 4,"Recheck Cond": "((o_orderdate >= '1995-10-01'::date) AND (o_orderdate < '1996-01-01 00:00:00'::timestamp without time zone))","Rows Removed by Index Recheck": 0,"Exact Heap Blocks": 5726,"Lossy Heap Blocks": 0,"Workers": [],"Plans": [{"Node Type": "Bitmap Index Scan","Parent Relationship": "Outer","Parallel Aware": false,"Async Capable": false,"Index Name": "idx_orders_orderdate","Startup Cost": 0.00,"Total Cost": 740.71,"Plan Rows": 54428,"Plan Width": 0,"Actual Startup Time": 8.057,"Actual Total Time": 8.058,"Actual Rows": 57337,"Actual Loops": 1,"Index Cond": "((o_orderdate >= '1995-10-01'::date) AND (o_orderdate < '1996-01-01 00:00:00'::timestamp without time zone))","Workers": []}]},{"Node Type": "Index Scan","Parent Relationship": "Inner","Parallel Aware": false,"Async Capable": false,"Scan Direction": "Forward","Index Name": "idx_lineitem_orderkey","Relation Name": "lineitem","Alias": "lineitem","Startup Cost": 0.43,"Total Cost": 4.69,"Plan Rows": 6,"Plan Width": 4,"Actual Startup Time": 0.009,"Actual Total Time": 0.009,"Actual Rows": 1,"Actual Loops": 57337,"Index Cond": "(l_orderkey = orders.o_orderkey)","Rows Removed by Index Recheck": 0,"Filter": "(l_commitdate < l_receiptdate)","Rows Removed by Filter": 1,"Workers": []}]}]}]}]}]},"Planning Time": 4.806,"Triggers": [],"Execution Time": 229.951}]
[{"Plan": {"Node Type": "Aggregate","Strategy": "Sorted","Partial Mode": "Finalize","Parallel Aware": false,"Async Capable": false,"Startup Cost": 52343.20,"Total Cost": 52378.77,"Plan Rows": 5,"Plan Width": 24,"Actual Startup Time": 215.407,"Actual Total Time": 239.586,"Actual Rows": 5,"Actual Loops": 1,"Group Key": ["orders.o_orderpriority"],"Plans": [{"Node Type": "Gather Merge","Parent Relationship": "Outer","Parallel Aware": false,"Async Capable": false,"Startup Cost": 52343.20,"Total Cost": 52378.65,"Plan Rows": 15,"Plan Width": 24,"Actual Startup Time": 214.978,"Actual Total Time": 239.549,"Actual Rows": 20,"Actual Loops": 1,"Workers Planned": 3,"Workers Launched": 3,"Plans": [{"Node Type": "Aggregate","Strategy": "Sorted","Partial Mode": "Partial","Parent Relationship": "Outer","Parallel Aware": false,"Async Capable": false,"Startup Cost": 51343.16,"Total Cost": 51376.84,"Plan Rows": 5,"Plan Width": 24,"Actual Startup Time": 205.596,"Actual Total Time": 206.879,"Actual Rows": 5,"Actual Loops": 4,"Group Key": ["orders.o_orderpriority"],"Workers": [],"Plans": [{"Node Type": "Sort","Parent Relationship": "Outer","Parallel Aware": false,"Async Capable": false,"Startup Cost": 51343.16,"Total Cost": 51354.37,"Plan Rows": 4485,"Plan Width": 16,"Actual Startup Time": 205.237,"Actual Total Time": 205.803,"Actual Rows": 13167,"Actual Loops": 4,"Sort Key": ["orders.o_orderpriority"],"Sort Method": "quicksort","Sort Space Used": 1102,"Sort Space Type": "Memory","Workers": [{"Worker Number": 0,"Sort Method": "quicksort","Sort Space Used": 1081,"Sort Space Type": "Memory"},{"Worker Number": 1,"Sort Method": "quicksort","Sort Space Used": 1119,"Sort Space Type": "Memory"},{"Worker Number": 2,"Sort Method": "quicksort","Sort Space Used": 1117,"Sort Space Type": "Memory"}],"Plans": [{"Node Type": "Nested Loop","Parent Relationship": "Outer","Parallel Aware": false,"Async Capable": false,"Join Type": "Semi","Startup Cost": 808.80,"Total Cost": 51071.12,"Plan Rows": 4485,"Plan Width": 16,"Actual Startup Time": 4.655,"Actual Total Time": 198.688,"Actual Rows": 13167,"Actual Loops": 4,"Inner Unique": false,"Workers": [],"Plans": [{"Node Type": "Bitmap Heap Scan","Parent Relationship": "Outer","Parallel Aware": true,"Async Capable": false,"Relation Name": "orders","Alias": "orders","Startup Cost": 808.37,"Total Cost": 27186.58,"Plan Rows": 18881,"Plan Width": 20,"Actual Startup Time": 4.532,"Actual Total Time": 59.577,"Actual Rows": 14389,"Actual Loops": 4,"Recheck Cond": "((o_orderdate >= '1995-03-01'::date) AND (o_orderdate < '1995-06-01 00:00:00'::timestamp without time zone))","Rows Removed by Index Recheck": 0,"Exact Heap Blocks": 5772,"Lossy Heap Blocks": 0,"Workers": [],"Plans": [{"Node Type": "Bitmap Index Scan","Parent Relationship": "Outer","Parallel Aware": false,"Async Capable": false,"Index Name": "idx_orders_orderdate","Startup Cost": 0.00,"Total Cost": 793.74,"Plan Rows": 58531,"Plan Width": 0,"Actual Startup Time": 8.319,"Actual Total Time": 8.322,"Actual Rows": 57556,"Actual Loops": 1,"Index Cond": "((o_orderdate >= '1995-03-01'::date) AND (o_orderdate < '1995-06-01 00:00:00'::timestamp without time zone))","Workers": []}]},{"Node Type": "Index Scan","Parent Relationship": "Inner","Parallel Aware": false,"Async Capable": false,"Scan Direction": "Forward","Index Name": "idx_lineitem_orderkey","Relation Name": "lineitem","Alias": "lineitem","Startup Cost": 0.43,"Total Cost": 4.60,"Plan Rows": 6,"Plan Width": 4,"Actual Startup Time": 0.009,"Actual Total Time": 0.009,"Actual Rows": 1,"Actual Loops": 57556,"Index Cond": "(l_orderkey = orders.o_orderkey)","Rows Removed by Index Recheck": 0,"Filter": "(l_commitdate < l_receiptdate)","Rows Removed by Filter": 1,"Workers": []}]}]}]}]}]},"Planning Time": 5.651,"Triggers": [],"Execution Time": 240.072}]
[{"Plan": {"Node Type": "Aggregate","Strategy": "Sorted","Partial Mode": "Finalize","Parallel Aware": false,"Async Capable": false,"Startup Cost": 51806.85,"Total Cost": 51841.53,"Plan Rows": 5,"Plan Width": 24,"Actual Startup Time": 211.634,"Actual Total Time": 235.430,"Actual Rows": 5,"Actual Loops": 1,"Group Key": ["orders.o_orderpriority"],"Plans": [{"Node Type": "Gather Merge","Parent Relationship": "Outer","Parallel Aware": false,"Async Capable": false,"Startup Cost": 51806.85,"Total Cost": 51841.41,"Plan Rows": 15,"Plan Width": 24,"Actual Startup Time": 211.199,"Actual Total Time": 235.391,"Actual Rows": 20,"Actual Loops": 1,"Workers Planned": 3,"Workers Launched": 3,"Plans": [{"Node Type": "Aggregate","Strategy": "Sorted","Partial Mode": "Partial","Parent Relationship": "Outer","Parallel Aware": false,"Async Capable": false,"Startup Cost": 50806.81,"Total Cost": 50839.60,"Plan Rows": 5,"Plan Width": 24,"Actual Startup Time": 202.395,"Actual Total Time": 203.672,"Actual Rows": 5,"Actual Loops": 4,"Group Key": ["orders.o_orderpriority"],"Workers": [],"Plans": [{"Node Type": "Sort","Parent Relationship": "Outer","Parallel Aware": false,"Async Capable": false,"Startup Cost": 50806.81,"Total Cost": 50817.72,"Plan Rows": 4366,"Plan Width": 16,"Actual Startup Time": 202.049,"Actual Total Time": 202.590,"Actual Rows": 13258,"Actual Loops": 4,"Sort Key": ["orders.o_orderpriority"],"Sort Method": "quicksort","Sort Space Used": 1114,"Sort Space Type": "Memory","Workers": [{"Worker Number": 0,"Sort Method": "quicksort","Sort Space Used": 1109,"Sort Space Type": "Memory"},{"Worker Number": 1,"Sort Method": "quicksort","Sort Space Used": 1115,"Sort Space Type": "Memory"},{"Worker Number": 2,"Sort Method": "quicksort","Sort Space Used": 1101,"Sort Space Type": "Memory"}],"Plans": [{"Node Type": "Nested Loop","Parent Relationship": "Outer","Parallel Aware": false,"Async Capable": false,"Join Type": "Semi","Startup Cost": 789.02,"Total Cost": 50542.84,"Plan Rows": 4366,"Plan Width": 16,"Actual Startup Time": 5.557,"Actual Total Time": 195.523,"Actual Rows": 13258,"Actual Loops": 4,"Inner Unique": false,"Workers": [],"Plans": [{"Node Type": "Bitmap Heap Scan","Parent Relationship": "Outer","Parallel Aware": true,"Async Capable": false,"Relation Name": "orders","Alias": "orders","Startup Cost": 788.59,"Total Cost": 27159.35,"Plan Rows": 18384,"Plan Width": 20,"Actual Startup Time": 5.423,"Actual Total Time": 57.919,"Actual Rows": 14451,"Actual Loops": 4,"Recheck Cond": "((o_orderdate >= '1995-06-01'::date) AND (o_orderdate < '1995-09-01 00:00:00'::timestamp without time zone))","Rows Removed by Index Recheck": 0,"Exact Heap Blocks": 5887,"Lossy Heap Blocks": 0,"Workers": [],"Plans": [{"Node Type": "Bitmap Index Scan","Parent Relationship": "Outer","Parallel Aware": false,"Async Capable": false,"Index Name": "idx_orders_orderdate","Startup Cost": 0.00,"Total Cost": 774.34,"Plan Rows": 56991,"Plan Width": 0,"Actual Startup Time": 8.828,"Actual Total Time": 8.830,"Actual Rows": 57805,"Actual Loops": 1,"Index Cond": "((o_orderdate >= '1995-06-01'::date) AND (o_orderdate < '1995-09-01 00:00:00'::timestamp without time zone))","Workers": []}]},{"Node Type": "Index Scan","Parent Relationship": "Inner","Parallel Aware": false,"Async Capable": false,"Scan Direction": "Forward","Index Name": "idx_lineitem_orderkey","Relation Name": "lineitem","Alias": "lineitem","Startup Cost": 0.43,"Total Cost": 4.63,"Plan Rows": 6,"Plan Width": 4,"Actual Startup Time": 0.009,"Actual Total Time": 0.009,"Actual Rows": 1,"Actual Loops": 57805,"Index Cond": "(l_orderkey = orders.o_orderkey)","Rows Removed by Index Recheck": 0,"Filter": "(l_commitdate < l_receiptdate)","Rows Removed by Filter": 1,"Workers": []}]}]}]}]}]},"Planning Time": 5.875,"Triggers": [],"Execution Time": 235.870}]
[{"Plan": {"Node Type": "Aggregate","Strategy": "Sorted","Partial Mode": "Finalize","Parallel Aware": false,"Async Capable": false,"Startup Cost": 51933.44,"Total Cost": 51968.34,"Plan Rows": 5,"Plan Width": 24,"Actual Startup Time": 210.135,"Actual Total Time": 234.741,"Actual Rows": 5,"Actual Loops": 1,"Group Key": ["orders.o_orderpriority"],"Plans": [{"Node Type": "Gather Merge","Parent Relationship": "Outer","Parallel Aware": false,"Async Capable": false,"Startup Cost": 51933.44,"Total Cost": 51968.21,"Plan Rows": 15,"Plan Width": 24,"Actual Startup Time": 209.800,"Actual Total Time": 234.712,"Actual Rows": 20,"Actual Loops": 1,"Workers Planned": 3,"Workers Launched": 3,"Plans": [{"Node Type": "Aggregate","Strategy": "Sorted","Partial Mode": "Partial","Parent Relationship": "Outer","Parallel Aware": false,"Async Capable": false,"Startup Cost": 50933.40,"Total Cost": 50966.41,"Plan Rows": 5,"Plan Width": 24,"Actual Startup Time": 201.015,"Actual Total Time": 202.241,"Actual Rows": 5,"Actual Loops": 4,"Group Key": ["orders.o_orderpriority"],"Workers": [],"Plans": [{"Node Type": "Sort","Parent Relationship": "Outer","Parallel Aware": false,"Async Capable": false,"Startup Cost": 50933.40,"Total Cost": 50944.39,"Plan Rows": 4394,"Plan Width": 16,"Actual Startup Time": 200.667,"Actual Total Time": 201.175,"Actual Rows": 12952,"Actual Loops": 4,"Sort Key": ["orders.o_orderpriority"],"Sort Method": "quicksort","Sort Space Used": 1081,"Sort Space Type": "Memory","Workers": [{"Worker Number": 0,"Sort Method": "quicksort","Sort Space Used": 1073,"Sort Space Type": "Memory"},{"Worker Number": 1,"Sort Method": "quicksort","Sort Space Used": 1106,"Sort Space Type": "Memory"},{"Worker Number": 2,"Sort Method": "quicksort","Sort Space Used": 1111,"Sort Space Type": "Memory"}],"Plans": [{"Node Type": "Nested Loop","Parent Relationship": "Outer","Parallel Aware": false,"Async Capable": false,"Join Type": "Semi","Startup Cost": 792.75,"Total Cost": 50667.54,"Plan Rows": 4394,"Plan Width": 16,"Actual Startup Time": 5.437,"Actual Total Time": 194.283,"Actual Rows": 12952,"Actual Loops": 4,"Inner Unique": false,"Workers": [],"Plans": [{"Node Type": "Bitmap Heap Scan","Parent Relationship": "Outer","Parallel Aware": true,"Async Capable": false,"Relation Name": "orders","Alias": "orders","Startup Cost": 792.32,"Total Cost": 27164.84,"Plan Rows": 18502,"Plan Width": 20,"Actual Startup Time": 5.284,"Actual Total Time": 57.970,"Actual Rows": 14142,"Actual Loops": 4,"Recheck Cond": "((o_orderdate >= '1996-01-01'::date) AND (o_orderdate < '1996-04-01 00:00:00'::timestamp without time zone))","Rows Removed by Index Recheck": 0,"Exact Heap Blocks": 5656,"Lossy Heap Blocks": 0,"Workers": [],"Plans": [{"Node Type": "Bitmap Index Scan","Parent Relationship": "Outer","Parallel Aware": false,"Async Capable": false,"Index Name": "idx_orders_orderdate","Startup Cost": 0.00,"Total Cost": 777.98,"Plan Rows": 57355,"Plan Width": 0,"Actual Startup Time": 8.943,"Actual Total Time": 8.944,"Actual Rows": 56568,"Actual Loops": 1,"Index Cond": "((o_orderdate >= '1996-01-01'::date) AND (o_orderdate < '1996-04-01 00:00:00'::timestamp without time zone))","Workers": []}]},{"Node Type": "Index Scan","Parent Relationship": "Inner","Parallel Aware": false,"Async Capable": false,"Scan Direction": "Forward","Index Name": "idx_lineitem_orderkey","Relation Name": "lineitem","Alias": "lineitem","Startup Cost": 0.43,"Total Cost": 4.62,"Plan Rows": 6,"Plan Width": 4,"Actual Startup Time": 0.009,"Actual Total Time": 0.009,"Actual Rows": 1,"Actual Loops": 56568,"Index Cond": "(l_orderkey = orders.o_orderkey)","Rows Removed by Index Recheck": 0,"Filter": "(l_commitdate < l_receiptdate)","Rows Removed by Filter": 1,"Workers": []}]}]}]}]}]},"Planning Time": 4.607,"Triggers": [],"Execution Time": 235.195}]
[{"Plan": {"Node Type": "Aggregate","Strategy": "Sorted","Partial Mode": "Finalize","Parallel Aware": false,"Async Capable": false,"Startup Cost": 50907.22,"Total Cost": 50940.43,"Plan Rows": 5,"Plan Width": 24,"Actual Startup Time": 204.875,"Actual Total Time": 229.245,"Actual Rows": 5,"Actual Loops": 1,"Group Key": ["orders.o_orderpriority"],"Plans": [{"Node Type": "Gather Merge","Parent Relationship": "Outer","Parallel Aware": false,"Async Capable": false,"Startup Cost": 50907.22,"Total Cost": 50940.30,"Plan Rows": 15,"Plan Width": 24,"Actual Startup Time": 204.487,"Actual Total Time": 229.210,"Actual Rows": 20,"Actual Loops": 1,"Workers Planned": 3,"Workers Launched": 3,"Plans": [{"Node Type": "Aggregate","Strategy": "Sorted","Partial Mode": "Partial","Parent Relationship": "Outer","Parallel Aware": false,"Async Capable": false,"Startup Cost": 49907.18,"Total Cost": 49938.50,"Plan Rows": 5,"Plan Width": 24,"Actual Startup Time": 195.859,"Actual Total Time": 197.107,"Actual Rows": 5,"Actual Loops": 4,"Group Key": ["orders.o_orderpriority"],"Workers": [],"Plans": [{"Node Type": "Sort","Parent Relationship": "Outer","Parallel Aware": false,"Async Capable": false,"Startup Cost": 49907.18,"Total Cost": 49917.60,"Plan Rows": 4170,"Plan Width": 16,"Actual Startup Time": 195.538,"Actual Total Time": 196.036,"Actual Rows": 13129,"Actual Loops": 4,"Sort Key": ["orders.o_orderpriority"],"Sort Method": "quicksort","Sort Space Used": 1092,"Sort Space Type": "Memory","Workers": [{"Worker Number": 0,"Sort Method": "quicksort","Sort Space Used": 1119,"Sort Space Type": "Memory"},{"Worker Number": 1,"Sort Method": "quicksort","Sort Space Used": 1082,"Sort Space Type": "Memory"},{"Worker Number": 2,"Sort Method": "quicksort","Sort Space Used": 1116,"Sort Space Type": "Memory"}],"Plans": [{"Node Type": "Nested Loop","Parent Relationship": "Outer","Parallel Aware": false,"Async Capable": false,"Join Type": "Semi","Startup Cost": 754.75,"Total Cost": 49656.44,"Plan Rows": 4170,"Plan Width": 16,"Actual Startup Time": 4.769,"Actual Total Time": 189.357,"Actual Rows": 13129,"Actual Loops": 4,"Inner Unique": false,"Workers": [],"Plans": [{"Node Type": "Bitmap Heap Scan","Parent Relationship": "Outer","Parallel Aware": true,"Async Capable": false,"Relation Name": "orders","Alias": "orders","Startup Cost": 754.31,"Total Cost": 27112.68,"Plan Rows": 17557,"Plan Width": 20,"Actual Startup Time": 4.640,"Actual Total Time": 54.547,"Actual Rows": 14334,"Actual Loops": 4,"Recheck Cond": "((o_orderdate >= '1995-10-01'::date) AND (o_orderdate < '1996-01-01 00:00:00'::timestamp without time zone))","Rows Removed by Index Recheck": 0,"Exact Heap Blocks": 5726,"Lossy Heap Blocks": 0,"Workers": [],"Plans": [{"Node Type": "Bitmap Index Scan","Parent Relationship": "Outer","Parallel Aware": false,"Async Capable": false,"Index Name": "idx_orders_orderdate","Startup Cost": 0.00,"Total Cost": 740.71,"Plan Rows": 54428,"Plan Width": 0,"Actual Startup Time": 8.057,"Actual Total Time": 8.058,"Actual Rows": 57337,"Actual Loops": 1,"Index Cond": "((o_orderdate >= '1995-10-01'::date) AND (o_orderdate < '1996-01-01 00:00:00'::timestamp without time zone))","Workers": []}]},{"Node Type": "Index Scan","Parent Relationship": "Inner","Parallel Aware": false,"Async Capable": false,"Scan Direction": "Forward","Index Name": "idx_lineitem_orderkey","Relation Name": "lineitem","Alias": "lineitem","Startup Cost": 0.43,"Total Cost": 4.69,"Plan Rows": 6,"Plan Width": 4,"Actual Startup Time": 0.009,"Actual Total Time": 0.009,"Actual Rows": 1,"Actual Loops": 57337,"Index Cond": "(l_orderkey = orders.o_orderkey)","Rows Removed by Index Recheck": 0,"Filter": "(l_commitdate < l_receiptdate)","Rows Removed by Filter": 1,"Workers": []}]}]}]}]}]},"Planning Time": 4.806,"Triggers": [],"Execution Time": 229.951}]
[{"Plan": {"Node Type": "Aggregate","Strategy": "Sorted","Partial Mode": "Finalize","Parallel Aware": false,"Async Capable": false,"Startup Cost": 52283.40,"Total Cost": 52318.87,"Plan Rows": 5,"Plan Width": 24,"Actual Startup Time": 207.856,"Actual Total Time": 232.061,"Actual Rows": 5,"Actual Loops": 1,"Group Key": ["orders.o_orderpriority"],"Plans": [{"Node Type": "Gather Merge","Parent Relationship": "Outer","Parallel Aware": false,"Async Capable": false,"Startup Cost": 52283.40,"Total Cost": 52318.75,"Plan Rows": 15,"Plan Width": 24,"Actual Startup Time": 207.460,"Actual Total Time": 232.033,"Actual Rows": 20,"Actual Loops": 1,"Workers Planned": 3,"Workers Launched": 3,"Plans": [{"Node Type": "Aggregate","Strategy": "Sorted","Partial Mode": "Partial","Parent Relationship": "Outer","Parallel Aware": false,"Async Capable": false,"Startup Cost": 51283.36,"Total Cost": 51316.95,"Plan Rows": 5,"Plan Width": 24,"Actual Startup Time": 198.383,"Actual Total Time": 199.637,"Actual Rows": 5,"Actual Loops": 4,"Group Key": ["orders.o_orderpriority"],"Workers": [],"Plans": [{"Node Type": "Sort","Parent Relationship": "Outer","Parallel Aware": false,"Async Capable": false,"Startup Cost": 51283.36,"Total Cost": 51294.54,"Plan Rows": 4471,"Plan Width": 16,"Actual Startup Time": 198.029,"Actual Total Time": 198.557,"Actual Rows": 12996,"Actual Loops": 4,"Sort Key": ["orders.o_orderpriority"],"Sort Method": "quicksort","Sort Space Used": 1092,"Sort Space Type": "Memory","Workers": [{"Worker Number": 0,"Sort Method": "quicksort","Sort Space Used": 1114,"Sort Space Type": "Memory"},{"Worker Number": 1,"Sort Method": "quicksort","Sort Space Used": 1076,"Sort Space Type": "Memory"},{"Worker Number": 2,"Sort Method": "quicksort","Sort Space Used": 1099,"Sort Space Type": "Memory"}],"Plans": [{"Node Type": "Nested Loop","Parent Relationship": "Outer","Parallel Aware": false,"Async Capable": false,"Join Type": "Semi","Startup Cost": 807.02,"Total Cost": 51012.28,"Plan Rows": 4471,"Plan Width": 16,"Actual Startup Time": 5.146,"Actual Total Time": 191.580,"Actual Rows": 12996,"Actual Loops": 4,"Inner Unique": false,"Workers": [],"Plans": [{"Node Type": "Bitmap Heap Scan","Parent Relationship": "Outer","Parallel Aware": true,"Async Capable": false,"Relation Name": "orders","Alias": "orders","Startup Cost": 806.59,"Total Cost": 27183.96,"Plan Rows": 18825,"Plan Width": 20,"Actual Startup Time": 5.016,"Actual Total Time": 56.818,"Actual Rows": 14161,"Actual Loops": 4,"Recheck Cond": "((o_orderdate >= '1994-04-01'::date) AND (o_orderdate < '1994-07-01 00:00:00'::timestamp without time zone))","Rows Removed by Index Recheck": 0,"Exact Heap Blocks": 5770,"Lossy Heap Blocks": 0,"Workers": [],"Plans": [{"Node Type": "Bitmap Index Scan","Parent Relationship": "Outer","Parallel Aware": false,"Async Capable": false,"Index Name": "idx_orders_orderdate","Startup Cost": 0.00,"Total Cost": 792.00,"Plan Rows": 58357,"Plan Width": 0,"Actual Startup Time": 8.503,"Actual Total Time": 8.503,"Actual Rows": 56645,"Actual Loops": 1,"Index Cond": "((o_orderdate >= '1994-04-01'::date) AND (o_orderdate < '1994-07-01 00:00:00'::timestamp without time zone))","Workers": []}]},{"Node Type": "Index Scan","Parent Relationship": "Inner","Parallel Aware": false,"Async Capable": false,"Scan Direction": "Forward","Index Name": "idx_lineitem_orderkey","Relation Name": "lineitem","Alias": "lineitem","Startup Cost": 0.43,"Total Cost": 4.60,"Plan Rows": 6,"Plan Width": 4,"Actual Startup Time": 0.009,"Actual Total Time": 0.009,"Actual Rows": 1,"Actual Loops": 56645,"Index Cond": "(l_orderkey = orders.o_orderkey)","Rows Removed by Index Recheck": 0,"Filter": "(l_commitdate < l_receiptdate)","Rows Removed by Filter": 1,"Workers": []}]}]}]}]}]},"Planning Time": 4.301,"Triggers": [],"Execution Time": 232.692}]
[{"Plan": {"Node Type": "Aggregate","Strategy": "Sorted","Partial Mode": "Finalize","Parallel Aware": false,"Async Capable": false,"Startup Cost": 52255.71,"Total Cost": 52291.13,"Plan Rows": 5,"Plan Width": 24,"Actual Startup Time": 211.972,"Actual Total Time": 236.561,"Actual Rows": 5,"Actual Loops": 1,"Group Key": ["orders.o_orderpriority"],"Plans": [{"Node Type": "Gather Merge","Parent Relationship": "Outer","Parallel Aware": false,"Async Capable": false,"Startup Cost": 52255.71,"Total Cost": 52291.01,"Plan Rows": 15,"Plan Width": 24,"Actual Startup Time": 211.618,"Actual Total Time": 236.530,"Actual Rows": 20,"Actual Loops": 1,"Workers Planned": 3,"Workers Launched": 3,"Plans": [{"Node Type": "Aggregate","Strategy": "Sorted","Partial Mode": "Partial","Parent Relationship": "Outer","Parallel Aware": false,"Async Capable": false,"Startup Cost": 51255.67,"Total Cost": 51289.20,"Plan Rows": 5,"Plan Width": 24,"Actual Startup Time": 202.468,"Actual Total Time": 203.726,"Actual Rows": 5,"Actual Loops": 4,"Group Key": ["orders.o_orderpriority"],"Workers": [],"Plans": [{"Node Type": "Sort","Parent Relationship": "Outer","Parallel Aware": false,"Async Capable": false,"Startup Cost": 51255.67,"Total Cost": 51266.83,"Plan Rows": 4465,"Plan Width": 16,"Actual Startup Time": 202.127,"Actual Total Time": 202.650,"Actual Rows": 13181,"Actual Loops": 4,"Sort Key": ["orders.o_orderpriority"],"Sort Method": "quicksort","Sort Space Used": 1096,"Sort Space Type": "Memory","Workers": [{"Worker Number": 0,"Sort Method": "quicksort","Sort Space Used": 1118,"Sort Space Type": "Memory"},{"Worker Number": 1,"Sort Method": "quicksort","Sort Space Used": 1123,"Sort Space Type": "Memory"},{"Worker Number": 2,"Sort Method": "quicksort","Sort Space Used": 1084,"Sort Space Type": "Memory"}],"Plans": [{"Node Type": "Nested Loop","Parent Relationship": "Outer","Parallel Aware": false,"Async Capable": false,"Join Type": "Semi","Startup Cost": 806.21,"Total Cost": 50984.99,"Plan Rows": 4465,"Plan Width": 16,"Actual Startup Time": 5.123,"Actual Total Time": 195.709,"Actual Rows": 13181,"Actual Loops": 4,"Inner Unique": false,"Workers": [],"Plans": [{"Node Type": "Bitmap Heap Scan","Parent Relationship": "Outer","Parallel Aware": true,"Async Capable": false,"Relation Name": "orders","Alias": "orders","Startup Cost": 805.78,"Total Cost": 27182.77,"Plan Rows": 18799,"Plan Width": 20,"Actual Startup Time": 5.001,"Actual Total Time": 57.882,"Actual Rows": 14368,"Actual Loops": 4,"Recheck Cond": "((o_orderdate >= '1994-06-01'::date) AND (o_orderdate < '1994-09-01 00:00:00'::timestamp without time zone))","Rows Removed by Index Recheck": 0,"Exact Heap Blocks": 5811,"Lossy Heap Blocks": 0,"Workers": [],"Plans": [{"Node Type": "Bitmap Index Scan","Parent Relationship": "Outer","Parallel Aware": false,"Async Capable": false,"Index Name": "idx_orders_orderdate","Startup Cost": 0.00,"Total Cost": 791.21,"Plan Rows": 58278,"Plan Width": 0,"Actual Startup Time": 8.690,"Actual Total Time": 8.694,"Actual Rows": 57474,"Actual Loops": 1,"Index Cond": "((o_orderdate >= '1994-06-01'::date) AND (o_orderdate < '1994-09-01 00:00:00'::timestamp without time zone))","Workers": []}]},{"Node Type": "Index Scan","Parent Relationship": "Inner","Parallel Aware": false,"Async Capable": false,"Scan Direction": "Forward","Index Name": "idx_lineitem_orderkey","Relation Name": "lineitem","Alias": "lineitem","Startup Cost": 0.43,"Total Cost": 4.60,"Plan Rows": 6,"Plan Width": 4,"Actual Startup Time": 0.009,"Actual Total Time": 0.009,"Actual Rows": 1,"Actual Loops": 57474,"Index Cond": "(l_orderkey = orders.o_orderkey)","Rows Removed by Index Recheck": 0,"Filter": "(l_commitdate < l_receiptdate)","Rows Removed by Filter": 1,"Workers": []}]}]}]}]}]},"Planning Time": 5.449,"Triggers": [],"Execution Time": 237.068}]
[{"Plan": {"Node Type": "Aggregate","Strategy": "Sorted","Partial Mode": "Finalize","Parallel Aware": false,"Async Capable": false,"Startup Cost": 52360.14,"Total Cost": 52395.74,"Plan Rows": 5,"Plan Width": 24,"Actual Startup Time": 218.398,"Actual Total Time": 242.149,"Actual Rows": 5,"Actual Loops": 1,"Group Key": ["orders.o_orderpriority"],"Plans": [{"Node Type": "Gather Merge","Parent Relationship": "Outer","Parallel Aware": false,"Async Capable": false,"Startup Cost": 52360.14,"Total Cost": 52395.61,"Plan Rows": 15,"Plan Width": 24,"Actual Startup Time": 217.957,"Actual Total Time": 242.120,"Actual Rows": 20,"Actual Loops": 1,"Workers Planned": 3,"Workers Launched": 3,"Plans": [{"Node Type": "Aggregate","Strategy": "Sorted","Partial Mode": "Partial","Parent Relationship": "Outer","Parallel Aware": false,"Async Capable": false,"Startup Cost": 51360.10,"Total Cost": 51393.81,"Plan Rows": 5,"Plan Width": 24,"Actual Startup Time": 208.723,"Actual Total Time": 209.994,"Actual Rows": 5,"Actual Loops": 4,"Group Key": ["orders.o_orderpriority"],"Workers": [],"Plans": [{"Node Type": "Sort","Parent Relationship": "Outer","Parallel Aware": false,"Async Capable": false,"Startup Cost": 51360.10,"Total Cost": 51371.32,"Plan Rows": 4488,"Plan Width": 16,"Actual Startup Time": 208.373,"Actual Total Time": 208.936,"Actual Rows": 13094,"Actual Loops": 4,"Sort Key": ["orders.o_orderpriority"],"Sort Method": "quicksort","Sort Space Used": 1037,"Sort Space Type": "Memory","Workers": [{"Worker Number": 0,"Sort Method": "quicksort","Sort Space Used": 1148,"Sort Space Type": "Memory"},{"Worker Number": 1,"Sort Method": "quicksort","Sort Space Used": 1153,"Sort Space Type": "Memory"},{"Worker Number": 2,"Sort Method": "quicksort","Sort Space Used": 1064,"Sort Space Type": "Memory"}],"Plans": [{"Node Type": "Nested Loop","Parent Relationship": "Outer","Parallel Aware": false,"Async Capable": false,"Join Type": "Semi","Startup Cost": 809.33,"Total Cost": 51087.86,"Plan Rows": 4488,"Plan Width": 16,"Actual Startup Time": 5.271,"Actual Total Time": 201.756,"Actual Rows": 13094,"Actual Loops": 4,"Inner Unique": false,"Workers": [],"Plans": [{"Node Type": "Bitmap Heap Scan","Parent Relationship": "Outer","Parallel Aware": true,"Async Capable": false,"Relation Name": "orders","Alias": "orders","Startup Cost": 808.89,"Total Cost": 27187.35,"Plan Rows": 18897,"Plan Width": 20,"Actual Startup Time": 5.170,"Actual Total Time": 58.210,"Actual Rows": 14270,"Actual Loops": 4,"Recheck Cond": "((o_orderdate >= '1996-09-01'::date) AND (o_orderdate < '1996-12-01 00:00:00'::timestamp without time zone))","Rows Removed by Index Recheck": 0,"Exact Heap Blocks": 5314,"Lossy Heap Blocks": 0,"Workers": [],"Plans": [{"Node Type": "Bitmap Index Scan","Parent Relationship": "Outer","Parallel Aware": false,"Async Capable": false,"Index Name": "idx_orders_orderdate","Startup Cost": 0.00,"Total Cost": 794.25,"Plan Rows": 58582,"Plan Width": 0,"Actual Startup Time": 8.967,"Actual Total Time": 8.968,"Actual Rows": 57079,"Actual Loops": 1,"Index Cond": "((o_orderdate >= '1996-09-01'::date) AND (o_orderdate < '1996-12-01 00:00:00'::timestamp without time zone))","Workers": []}]},{"Node Type": "Index Scan","Parent Relationship": "Inner","Parallel Aware": false,"Async Capable": false,"Scan Direction": "Forward","Index Name": "idx_lineitem_orderkey","Relation Name": "lineitem","Alias": "lineitem","Startup Cost": 0.43,"Total Cost": 4.60,"Plan Rows": 6,"Plan Width": 4,"Actual Startup Time": 0.010,"Actual Total Time": 0.010,"Actual Rows": 1,"Actual Loops": 57079,"Index Cond": "(l_orderkey = orders.o_orderkey)","Rows Removed by Index Recheck": 0,"Filter": "(l_commitdate < l_receiptdate)","Rows Removed by Filter": 1,"Workers": []}]}]}]}]}]},"Planning Time": 5.626,"Triggers": [],"Execution Time": 242.714}]
[{"Plan": {"Node Type": "Aggregate","Strategy": "Sorted","Partial Mode": "Finalize","Parallel Aware": false,"Async Capable": false,"Startup Cost": 51238.03,"Total Cost": 51271.79,"Plan Rows": 5,"Plan Width": 24,"Actual Startup Time": 206.342,"Actual Total Time": 229.906,"Actual Rows": 5,"Actual Loops": 1,"Group Key": ["orders.o_orderpriority"],"Plans": [{"Node Type": "Gather Merge","Parent Relationship": "Outer","Parallel Aware": false,"Async Capable": false,"Startup Cost": 51238.03,"Total Cost": 51271.66,"Plan Rows": 15,"Plan Width": 24,"Actual Startup Time": 205.980,"Actual Total Time": 229.872,"Actual Rows": 20,"Actual Loops": 1,"Workers Planned": 3,"Workers Launched": 3,"Plans": [{"Node Type": "Aggregate","Strategy": "Sorted","Partial Mode": "Partial","Parent Relationship": "Outer","Parallel Aware": false,"Async Capable": false,"Startup Cost": 50237.99,"Total Cost": 50269.86,"Plan Rows": 5,"Plan Width": 24,"Actual Startup Time": 197.337,"Actual Total Time": 198.545,"Actual Rows": 5,"Actual Loops": 4,"Group Key": ["orders.o_orderpriority"],"Workers": [],"Plans": [{"Node Type": "Sort","Parent Relationship": "Outer","Parallel Aware": false,"Async Capable": false,"Startup Cost": 50237.99,"Total Cost": 50248.60,"Plan Rows": 4242,"Plan Width": 16,"Actual Startup Time": 196.993,"Actual Total Time": 197.500,"Actual Rows": 12841,"Actual Loops": 4,"Sort Key": ["orders.o_orderpriority"],"Sort Method": "quicksort","Sort Space Used": 1096,"Sort Space Type": "Memory","Workers": [{"Worker Number": 0,"Sort Method": "quicksort","Sort Space Used": 1080,"Sort Space Type": "Memory"},{"Worker Number": 1,"Sort Method": "quicksort","Sort Space Used": 1090,"Sort Space Type": "Memory"},{"Worker Number": 2,"Sort Method": "quicksort","Sort Space Used": 1080,"Sort Space Type": "Memory"}],"Plans": [{"Node Type": "Nested Loop","Parent Relationship": "Outer","Parallel Aware": false,"Async Capable": false,"Join Type": "Semi","Startup Cost": 768.33,"Total Cost": 49982.40,"Plan Rows": 4242,"Plan Width": 16,"Actual Startup Time": 4.735,"Actual Total Time": 190.817,"Actual Rows": 12841,"Actual Loops": 4,"Inner Unique": false,"Workers": [],"Plans": [{"Node Type": "Bitmap Heap Scan","Parent Relationship": "Outer","Parallel Aware": true,"Async Capable": false,"Relation Name": "orders","Alias": "orders","Startup Cost": 767.90,"Total Cost": 27130.78,"Plan Rows": 17859,"Plan Width": 20,"Actual Startup Time": 4.625,"Actual Total Time": 56.703,"Actual Rows": 14004,"Actual Loops": 4,"Recheck Cond": "((o_orderdate >= '1996-12-01'::date) AND (o_orderdate < '1997-03-01 00:00:00'::timestamp without time zone))","Rows Removed by Index Recheck": 0,"Exact Heap Blocks": 5899,"Lossy Heap Blocks": 0,"Workers": [],"Plans": [{"Node Type": "Bitmap Index Scan","Parent Relationship": "Outer","Parallel Aware": false,"Async Capable": false,"Index Name": "idx_orders_orderdate","Startup Cost": 0.00,"Total Cost": 754.06,"Plan Rows": 55363,"Plan Width": 0,"Actual Startup Time": 8.139,"Actual Total Time": 8.140,"Actual Rows": 56016,"Actual Loops": 1,"Index Cond": "((o_orderdate >= '1996-12-01'::date) AND (o_orderdate < '1997-03-01 00:00:00'::timestamp without time zone))","Workers": []}]},{"Node Type": "Index Scan","Parent Relationship": "Inner","Parallel Aware": false,"Async Capable": false,"Scan Direction": "Forward","Index Name": "idx_lineitem_orderkey","Relation Name": "lineitem","Alias": "lineitem","Startup Cost": 0.43,"Total Cost": 4.67,"Plan Rows": 6,"Plan Width": 4,"Actual Startup Time": 0.009,"Actual Total Time": 0.009,"Actual Rows": 1,"Actual Loops": 56016,"Index Cond": "(l_orderkey = orders.o_orderkey)","Rows Removed by Index Recheck": 0,"Filter": "(l_commitdate < l_receiptdate)","Rows Removed by Filter": 1,"Workers": []}]}]}]}]}]},"Planning Time": 5.768,"Triggers": [],"Execution Time": 230.293}]
[{"Plan": {"Node Type": "Aggregate","Strategy": "Sorted","Partial Mode": "Finalize","Parallel Aware": false,"Async Capable": false,"Startup Cost": 51600.04,"Total Cost": 51634.39,"Plan Rows": 5,"Plan Width": 24,"Actual Startup Time": 209.883,"Actual Total Time": 233.573,"Actual Rows": 5,"Actual Loops": 1,"Group Key": ["orders.o_orderpriority"],"Plans": [{"Node Type": "Gather Merge","Parent Relationship": "Outer","Parallel Aware": false,"Async Capable": false,"Startup Cost": 51600.04,"Total Cost": 51634.27,"Plan Rows": 15,"Plan Width": 24,"Actual Startup Time": 209.491,"Actual Total Time": 233.547,"Actual Rows": 20,"Actual Loops": 1,"Workers Planned": 3,"Workers Launched": 3,"Plans": [{"Node Type": "Aggregate","Strategy": "Sorted","Partial Mode": "Partial","Parent Relationship": "Outer","Parallel Aware": false,"Async Capable": false,"Startup Cost": 50600.00,"Total Cost": 50632.47,"Plan Rows": 5,"Plan Width": 24,"Actual Startup Time": 200.555,"Actual Total Time": 201.777,"Actual Rows": 5,"Actual Loops": 4,"Group Key": ["orders.o_orderpriority"],"Workers": [],"Plans": [{"Node Type": "Sort","Parent Relationship": "Outer","Parallel Aware": false,"Async Capable": false,"Startup Cost": 50600.00,"Total Cost": 50610.81,"Plan Rows": 4322,"Plan Width": 16,"Actual Startup Time": 200.215,"Actual Total Time": 200.732,"Actual Rows": 12804,"Actual Loops": 4,"Sort Key": ["orders.o_orderpriority"],"Sort Method": "quicksort","Sort Space Used": 1105,"Sort Space Type": "Memory","Workers": [{"Worker Number": 0,"Sort Method": "quicksort","Sort Space Used": 1078,"Sort Space Type": "Memory"},{"Worker Number": 1,"Sort Method": "quicksort","Sort Space Used": 1077,"Sort Space Type": "Memory"},{"Worker Number": 2,"Sort Method": "quicksort","Sort Space Used": 1079,"Sort Space Type": "Memory"}],"Plans": [{"Node Type": "Nested Loop","Parent Relationship": "Outer","Parallel Aware": false,"Async Capable": false,"Join Type": "Semi","Startup Cost": 779.02,"Total Cost": 50339.01,"Plan Rows": 4322,"Plan Width": 16,"Actual Startup Time": 5.636,"Actual Total Time": 193.920,"Actual Rows": 12804,"Actual Loops": 4,"Inner Unique": false,"Workers": [],"Plans": [{"Node Type": "Bitmap Heap Scan","Parent Relationship": "Outer","Parallel Aware": true,"Async Capable": false,"Relation Name": "orders","Alias": "orders","Startup Cost": 778.59,"Total Cost": 27146.52,"Plan Rows": 18195,"Plan Width": 20,"Actual Startup Time": 5.497,"Actual Total Time": 58.362,"Actual Rows": 13981,"Actual Loops": 4,"Recheck Cond": "((o_orderdate >= '1993-01-01'::date) AND (o_orderdate < '1993-04-01 00:00:00'::timestamp without time zone))","Rows Removed by Index Recheck": 0,"Exact Heap Blocks": 5903,"Lossy Heap Blocks": 0,"Workers": [],"Plans": [{"Node Type": "Bitmap Index Scan","Parent Relationship": "Outer","Parallel Aware": false,"Async Capable": false,"Index Name": "idx_orders_orderdate","Startup Cost": 0.00,"Total Cost": 764.49,"Plan Rows": 56406,"Plan Width": 0,"Actual Startup Time": 9.185,"Actual Total Time": 9.187,"Actual Rows": 55924,"Actual Loops": 1,"Index Cond": "((o_orderdate >= '1993-01-01'::date) AND (o_orderdate < '1993-04-01 00:00:00'::timestamp without time zone))","Workers": []}]},{"Node Type": "Index Scan","Parent Relationship": "Inner","Parallel Aware": false,"Async Capable": false,"Scan Direction": "Forward","Index Name": "idx_lineitem_orderkey","Relation Name": "lineitem","Alias": "lineitem","Startup Cost": 0.43,"Total Cost": 4.65,"Plan Rows": 6,"Plan Width": 4,"Actual Startup Time": 0.009,"Actual Total Time": 0.009,"Actual Rows": 1,"Actual Loops": 55924,"Index Cond": "(l_orderkey = orders.o_orderkey)","Rows Removed by Index Recheck": 0,"Filter": "(l_commitdate < l_receiptdate)","Rows Removed by Filter": 1,"Workers": []}]}]}]}]}]},"Planning Time": 4.372,"Triggers": [],"Execution Time": 234.017}]
[{"Plan": {"Node Type": "Aggregate","Strategy": "Sorted","Partial Mode": "Finalize","Parallel Aware": false,"Async Capable": false,"Startup Cost": 52959.57,"Total Cost": 52996.16,"Plan Rows": 5,"Plan Width": 24,"Actual Startup Time": 209.033,"Actual Total Time": 233.672,"Actual Rows": 5,"Actual Loops": 1,"Group Key": ["orders.o_orderpriority"],"Plans": [{"Node Type": "Gather Merge","Parent Relationship": "Outer","Parallel Aware": false,"Async Capable": false,"Startup Cost": 52959.57,"Total Cost": 52996.04,"Plan Rows": 15,"Plan Width": 24,"Actual Startup Time": 208.622,"Actual Total Time": 233.645,"Actual Rows": 20,"Actual Loops": 1,"Workers Planned": 3,"Workers Launched": 3,"Plans": [{"Node Type": "Aggregate","Strategy": "Sorted","Partial Mode": "Partial","Parent Relationship": "Outer","Parallel Aware": false,"Async Capable": false,"Startup Cost": 51959.53,"Total Cost": 51994.23,"Plan Rows": 5,"Plan Width": 24,"Actual Startup Time": 199.783,"Actual Total Time": 201.045,"Actual Rows": 5,"Actual Loops": 4,"Group Key": ["orders.o_orderpriority"],"Workers": [],"Plans": [{"Node Type": "Sort","Parent Relationship": "Outer","Parallel Aware": false,"Async Capable": false,"Startup Cost": 51959.53,"Total Cost": 51971.08,"Plan Rows": 4620,"Plan Width": 16,"Actual Startup Time": 199.445,"Actual Total Time": 199.958,"Actual Rows": 13257,"Actual Loops": 4,"Sort Key": ["orders.o_orderpriority"],"Sort Method": "quicksort","Sort Space Used": 1102,"Sort Space Type": "Memory","Workers": [{"Worker Number": 0,"Sort Method": "quicksort","Sort Space Used": 1125,"Sort Space Type": "Memory"},{"Worker Number": 1,"Sort Method": "quicksort","Sort Space Used": 1082,"Sort Space Type": "Memory"},{"Worker Number": 2,"Sort Method": "quicksort","Sort Space Used": 1129,"Sort Space Type": "Memory"}],"Plans": [{"Node Type": "Nested Loop","Parent Relationship": "Outer","Parallel Aware": false,"Async Capable": false,"Join Type": "Semi","Startup Cost": 834.97,"Total Cost": 51678.32,"Plan Rows": 4620,"Plan Width": 16,"Actual Startup Time": 5.409,"Actual Total Time": 193.022,"Actual Rows": 13257,"Actual Loops": 4,"Inner Unique": false,"Workers": [],"Plans": [{"Node Type": "Bitmap Heap Scan","Parent Relationship": "Outer","Parallel Aware": true,"Async Capable": false,"Relation Name": "orders","Alias": "orders","Startup Cost": 834.53,"Total Cost": 27221.32,"Plan Rows": 19452,"Plan Width": 20,"Actual Startup Time": 5.281,"Actual Total Time": 56.264,"Actual Rows": 14475,"Actual Loops": 4,"Recheck Cond": "((o_orderdate >= '1997-05-01'::date) AND (o_orderdate < '1997-08-01 00:00:00'::timestamp without time zone))","Rows Removed by Index Recheck": 0,"Exact Heap Blocks": 5770,"Lossy Heap Blocks": 0,"Workers": [],"Plans": [{"Node Type": "Bitmap Index Scan","Parent Relationship": "Outer","Parallel Aware": false,"Async Capable": false,"Index Name": "idx_orders_orderdate","Startup Cost": 0.00,"Total Cost": 819.46,"Plan Rows": 60303,"Plan Width": 0,"Actual Startup Time": 8.646,"Actual Total Time": 8.646,"Actual Rows": 57901,"Actual Loops": 1,"Index Cond": "((o_orderdate >= '1997-05-01'::date) AND (o_orderdate < '1997-08-01 00:00:00'::timestamp without time zone))","Workers": []}]},{"Node Type": "Index Scan","Parent Relationship": "Inner","Parallel Aware": false,"Async Capable": false,"Scan Direction": "Forward","Index Name": "idx_lineitem_orderkey","Relation Name": "lineitem","Alias": "lineitem","Startup Cost": 0.43,"Total Cost": 4.56,"Plan Rows": 6,"Plan Width": 4,"Actual Startup Time": 0.009,"Actual Total Time": 0.009,"Actual Rows": 1,"Actual Loops": 57901,"Index Cond": "(l_orderkey = orders.o_orderkey)","Rows Removed by Index Recheck": 0,"Filter": "(l_commitdate < l_receiptdate)","Rows Removed by Filter": 1,"Workers": []}]}]}]}]}]},"Planning Time": 4.687,"Triggers": [],"Execution Time": 234.385}]
[{"Plan": {"Node Type": "Aggregate","Strategy": "Sorted","Partial Mode": "Finalize","Parallel Aware": false,"Async Capable": false,"Startup Cost": 51011.39,"Total Cost": 51044.78,"Plan Rows": 5,"Plan Width": 24,"Actual Startup Time": 210.461,"Actual Total Time": 234.044,"Actual Rows": 5,"Actual Loops": 1,"Group Key": ["orders.o_orderpriority"],"Plans": [{"Node Type": "Gather Merge","Parent Relationship": "Outer","Parallel Aware": false,"Async Capable": false,"Startup Cost": 51011.39,"Total Cost": 51044.65,"Plan Rows": 15,"Plan Width": 24,"Actual Startup Time": 210.096,"Actual Total Time": 234.015,"Actual Rows": 20,"Actual Loops": 1,"Workers Planned": 3,"Workers Launched": 3,"Plans": [{"Node Type": "Aggregate","Strategy": "Sorted","Partial Mode": "Partial","Parent Relationship": "Outer","Parallel Aware": false,"Async Capable": false,"Startup Cost": 50011.35,"Total Cost": 50042.85,"Plan Rows": 5,"Plan Width": 24,"Actual Startup Time": 201.605,"Actual Total Time": 202.848,"Actual Rows": 5,"Actual Loops": 4,"Group Key": ["orders.o_orderpriority"],"Workers": [],"Plans": [{"Node Type": "Sort","Parent Relationship": "Outer","Parallel Aware": false,"Async Capable": false,"Startup Cost": 50011.35,"Total Cost": 50021.83,"Plan Rows": 4193,"Plan Width": 16,"Actual Startup Time": 201.266,"Actual Total Time": 201.779,"Actual Rows": 13126,"Actual Loops": 4,"Sort Key": ["orders.o_orderpriority"],"Sort Method": "quicksort","Sort Space Used": 1111,"Sort Space Type": "Memory","Workers": [{"Worker Number": 0,"Sort Method": "quicksort","Sort Space Used": 1101,"Sort Space Type": "Memory"},{"Worker Number": 1,"Sort Method": "quicksort","Sort Space Used": 1104,"Sort Space Type": "Memory"},{"Worker Number": 2,"Sort Method": "quicksort","Sort Space Used": 1095,"Sort Space Type": "Memory"}],"Plans": [{"Node Type": "Nested Loop","Parent Relationship": "Outer","Parallel Aware": false,"Async Capable": false,"Join Type": "Semi","Startup Cost": 757.77,"Total Cost": 49759.06,"Plan Rows": 4193,"Plan Width": 16,"Actual Startup Time": 5.095,"Actual Total Time": 194.943,"Actual Rows": 13126,"Actual Loops": 4,"Inner Unique": false,"Workers": [],"Plans": [{"Node Type": "Bitmap Heap Scan","Parent Relationship": "Outer","Parallel Aware": true,"Async Capable": false,"Relation Name": "orders","Alias": "orders","Startup Cost": 757.34,"Total Cost": 27117.13,"Plan Rows": 17653,"Plan Width": 20,"Actual Startup Time": 4.968,"Actual Total Time": 58.949,"Actual Rows": 14316,"Actual Loops": 4,"Recheck Cond": "((o_orderdate >= '1997-08-01'::date) AND (o_orderdate < '1997-11-01 00:00:00'::timestamp without time zone))","Rows Removed by Index Recheck": 0,"Exact Heap Blocks": 5880,"Lossy Heap Blocks": 0,"Workers": [],"Plans": [{"Node Type": "Bitmap Index Scan","Parent Relationship": "Outer","Parallel Aware": false,"Async Capable": false,"Index Name": "idx_orders_orderdate","Startup Cost": 0.00,"Total Cost": 743.66,"Plan Rows": 54723,"Plan Width": 0,"Actual Startup Time": 8.219,"Actual Total Time": 8.222,"Actual Rows": 57265,"Actual Loops": 1,"Index Cond": "((o_orderdate >= '1997-08-01'::date) AND (o_orderdate < '1997-11-01 00:00:00'::timestamp without time zone))","Workers": []}]},{"Node Type": "Index Scan","Parent Relationship": "Inner","Parallel Aware": false,"Async Capable": false,"Scan Direction": "Forward","Index Name": "idx_lineitem_orderkey","Relation Name": "lineitem","Alias": "lineitem","Startup Cost": 0.43,"Total Cost": 4.69,"Plan Rows": 6,"Plan Width": 4,"Actual Startup Time": 0.009,"Actual Total Time": 0.009,"Actual Rows": 1,"Actual Loops": 57265,"Index Cond": "(l_orderkey = orders.o_orderkey)","Rows Removed by Index Recheck": 0,"Filter": "(l_commitdate < l_receiptdate)","Rows Removed by Filter": 1,"Workers": []}]}]}]}]}]},"Planning Time": 5.789,"Triggers": [],"Execution Time": 234.434}]
[{"Plan": {"Node Type": "Aggregate","Strategy": "Sorted","Partial Mode": "Finalize","Parallel Aware": false,"Async Capable": false,"Startup Cost": 52343.20,"Total Cost": 52378.77,"Plan Rows": 5,"Plan Width": 24,"Actual Startup Time": 215.407,"Actual Total Time": 239.586,"Actual Rows": 5,"Actual Loops": 1,"Group Key": ["orders.o_orderpriority"],"Plans": [{"Node Type": "Gather Merge","Parent Relationship": "Outer","Parallel Aware": false,"Async Capable": false,"Startup Cost": 52343.20,"Total Cost": 52378.65,"Plan Rows": 15,"Plan Width": 24,"Actual Startup Time": 214.978,"Actual Total Time": 239.549,"Actual Rows": 20,"Actual Loops": 1,"Workers Planned": 3,"Workers Launched": 3,"Plans": [{"Node Type": "Aggregate","Strategy": "Sorted","Partial Mode": "Partial","Parent Relationship": "Outer","Parallel Aware": false,"Async Capable": false,"Startup Cost": 51343.16,"Total Cost": 51376.84,"Plan Rows": 5,"Plan Width": 24,"Actual Startup Time": 205.596,"Actual Total Time": 206.879,"Actual Rows": 5,"Actual Loops": 4,"Group Key": ["orders.o_orderpriority"],"Workers": [],"Plans": [{"Node Type": "Sort","Parent Relationship": "Outer","Parallel Aware": false,"Async Capable": false,"Startup Cost": 51343.16,"Total Cost": 51354.37,"Plan Rows": 4485,"Plan Width": 16,"Actual Startup Time": 205.237,"Actual Total Time": 205.803,"Actual Rows": 13167,"Actual Loops": 4,"Sort Key": ["orders.o_orderpriority"],"Sort Method": "quicksort","Sort Space Used": 1102,"Sort Space Type": "Memory","Workers": [{"Worker Number": 0,"Sort Method": "quicksort","Sort Space Used": 1081,"Sort Space Type": "Memory"},{"Worker Number": 1,"Sort Method": "quicksort","Sort Space Used": 1119,"Sort Space Type": "Memory"},{"Worker Number": 2,"Sort Method": "quicksort","Sort Space Used": 1117,"Sort Space Type": "Memory"}],"Plans": [{"Node Type": "Nested Loop","Parent Relationship": "Outer","Parallel Aware": false,"Async Capable": false,"Join Type": "Semi","Startup Cost": 808.80,"Total Cost": 51071.12,"Plan Rows": 4485,"Plan Width": 16,"Actual Startup Time": 4.655,"Actual Total Time": 198.688,"Actual Rows": 13167,"Actual Loops": 4,"Inner Unique": false,"Workers": [],"Plans": [{"Node Type": "Bitmap Heap Scan","Parent Relationship": "Outer","Parallel Aware": true,"Async Capable": false,"Relation Name": "orders","Alias": "orders","Startup Cost": 808.37,"Total Cost": 27186.58,"Plan Rows": 18881,"Plan Width": 20,"Actual Startup Time": 4.532,"Actual Total Time": 59.577,"Actual Rows": 14389,"Actual Loops": 4,"Recheck Cond": "((o_orderdate >= '1995-03-01'::date) AND (o_orderdate < '1995-06-01 00:00:00'::timestamp without time zone))","Rows Removed by Index Recheck": 0,"Exact Heap Blocks": 5772,"Lossy Heap Blocks": 0,"Workers": [],"Plans": [{"Node Type": "Bitmap Index Scan","Parent Relationship": "Outer","Parallel Aware": false,"Async Capable": false,"Index Name": "idx_orders_orderdate","Startup Cost": 0.00,"Total Cost": 793.74,"Plan Rows": 58531,"Plan Width": 0,"Actual Startup Time": 8.319,"Actual Total Time": 8.322,"Actual Rows": 57556,"Actual Loops": 1,"Index Cond": "((o_orderdate >= '1995-03-01'::date) AND (o_orderdate < '1995-06-01 00:00:00'::timestamp without time zone))","Workers": []}]},{"Node Type": "Index Scan","Parent Relationship": "Inner","Parallel Aware": false,"Async Capable": false,"Scan Direction": "Forward","Index Name": "idx_lineitem_orderkey","Relation Name": "lineitem","Alias": "lineitem","Startup Cost": 0.43,"Total Cost": 4.60,"Plan Rows": 6,"Plan Width": 4,"Actual Startup Time": 0.009,"Actual Total Time": 0.009,"Actual Rows": 1,"Actual Loops": 57556,"Index Cond": "(l_orderkey = orders.o_orderkey)","Rows Removed by Index Recheck": 0,"Filter": "(l_commitdate < l_receiptdate)","Rows Removed by Filter": 1,"Workers": []}]}]}]}]}]},"Planning Time": 5.651,"Triggers": [],"Execution Time": 240.072}]
[{"Plan": {"Node Type": "Aggregate","Strategy": "Sorted","Partial Mode": "Finalize","Parallel Aware": false,"Async Capable": false,"Startup Cost": 51165.01,"Total Cost": 51198.65,"Plan Rows": 5,"Plan Width": 24,"Actual Startup Time": 203.769,"Actual Total Time": 228.271,"Actual Rows": 5,"Actual Loops": 1,"Group Key": ["orders.o_orderpriority"],"Plans": [{"Node Type": "Gather Merge","Parent Relationship": "Outer","Parallel Aware": false,"Async Capable": false,"Startup Cost": 51165.01,"Total Cost": 51198.52,"Plan Rows": 15,"Plan Width": 24,"Actual Startup Time": 203.386,"Actual Total Time": 228.243,"Actual Rows": 20,"Actual Loops": 1,"Workers Planned": 3,"Workers Launched": 3,"Plans": [{"Node Type": "Aggregate","Strategy": "Sorted","Partial Mode": "Partial","Parent Relationship": "Outer","Parallel Aware": false,"Async Capable": false,"Startup Cost": 50164.97,"Total Cost": 50196.72,"Plan Rows": 5,"Plan Width": 24,"Actual Startup Time": 194.376,"Actual Total Time": 195.607,"Actual Rows": 5,"Actual Loops": 4,"Group Key": ["orders.o_orderpriority"],"Workers": [],"Plans": [{"Node Type": "Sort","Parent Relationship": "Outer","Parallel Aware": false,"Async Capable": false,"Startup Cost": 50164.97,"Total Cost": 50175.54,"Plan Rows": 4226,"Plan Width": 16,"Actual Startup Time": 194.028,"Actual Total Time": 194.544,"Actual Rows": 12926,"Actual Loops": 4,"Sort Key": ["orders.o_orderpriority"],"Sort Method": "quicksort","Sort Space Used": 1082,"Sort Space Type": "Memory","Workers": [{"Worker Number": 0,"Sort Method": "quicksort","Sort Space Used": 1106,"Sort Space Type": "Memory"},{"Worker Number": 1,"Sort Method": "quicksort","Sort Space Used": 1074,"Sort Space Type": "Memory"},{"Worker Number": 2,"Sort Method": "quicksort","Sort Space Used": 1104,"Sort Space Type": "Memory"}],"Plans": [{"Node Type": "Nested Loop","Parent Relationship": "Outer","Parallel Aware": false,"Async Capable": false,"Join Type": "Semi","Startup Cost": 762.30,"Total Cost": 49910.46,"Plan Rows": 4226,"Plan Width": 16,"Actual Startup Time": 4.653,"Actual Total Time": 187.831,"Actual Rows": 12926,"Actual Loops": 4,"Inner Unique": false,"Workers": [],"Plans": [{"Node Type": "Bitmap Heap Scan","Parent Relationship": "Outer","Parallel Aware": true,"Async Capable": false,"Relation Name": "orders","Alias": "orders","Startup Cost": 761.87,"Total Cost": 27123.80,"Plan Rows": 17795,"Plan Width": 20,"Actual Startup Time": 4.540,"Actual Total Time": 54.726,"Actual Rows": 14108,"Actual Loops": 4,"Recheck Cond": "((o_orderdate >= '1993-04-01'::date) AND (o_orderdate < '1993-07-01 00:00:00'::timestamp without time zone))","Rows Removed by Index Recheck": 0,"Exact Heap Blocks": 5719,"Lossy Heap Blocks": 0,"Workers": [],"Plans": [{"Node Type": "Bitmap Index Scan","Parent Relationship": "Outer","Parallel Aware": false,"Async Capable": false,"Index Name": "idx_orders_orderdate","Startup Cost": 0.00,"Total Cost": 748.08,"Plan Rows": 55165,"Plan Width": 0,"Actual Startup Time": 7.931,"Actual Total Time": 7.932,"Actual Rows": 56434,"Actual Loops": 1,"Index Cond": "((o_orderdate >= '1993-04-01'::date) AND (o_orderdate < '1993-07-01 00:00:00'::timestamp without time zone))","Workers": []}]},{"Node Type": "Index Scan","Parent Relationship": "Inner","Parallel Aware": false,"Async Capable": false,"Scan Direction": "Forward","Index Name": "idx_lineitem_orderkey","Relation Name": "lineitem","Alias": "lineitem","Startup Cost": 0.43,"Total Cost": 4.67,"Plan Rows": 6,"Plan Width": 4,"Actual Startup Time": 0.009,"Actual Total Time": 0.009,"Actual Rows": 1,"Actual Loops": 56434,"Index Cond": "(l_orderkey = orders.o_orderkey)","Rows Removed by Index Recheck": 0,"Filter": "(l_commitdate < l_receiptdate)","Rows Removed by Filter": 1,"Workers": []}]}]}]}]}]},"Planning Time": 5.442,"Triggers": [],"Execution Time": 229.015}]
[{"Plan": {"Node Type": "Aggregate","Strategy": "Sorted","Partial Mode": "Finalize","Parallel Aware": false,"Async Capable": false,"Startup Cost": 52360.14,"Total Cost": 52395.74,"Plan Rows": 5,"Plan Width": 24,"Actual Startup Time": 212.297,"Actual Total Time": 236.425,"Actual Rows": 5,"Actual Loops": 1,"Group Key": ["orders.o_orderpriority"],"Plans": [{"Node Type": "Gather Merge","Parent Relationship": "Outer","Parallel Aware": false,"Async Capable": false,"Startup Cost": 52360.14,"Total Cost": 52395.61,"Plan Rows": 15,"Plan Width": 24,"Actual Startup Time": 211.946,"Actual Total Time": 236.394,"Actual Rows": 20,"Actual Loops": 1,"Workers Planned": 3,"Workers Launched": 3,"Plans": [{"Node Type": "Aggregate","Strategy": "Sorted","Partial Mode": "Partial","Parent Relationship": "Outer","Parallel Aware": false,"Async Capable": false,"Startup Cost": 51360.10,"Total Cost": 51393.81,"Plan Rows": 5,"Plan Width": 24,"Actual Startup Time": 203.132,"Actual Total Time": 204.381,"Actual Rows": 5,"Actual Loops": 4,"Group Key": ["orders.o_orderpriority"],"Workers": [],"Plans": [{"Node Type": "Sort","Parent Relationship": "Outer","Parallel Aware": false,"Async Capable": false,"Startup Cost": 51360.10,"Total Cost": 51371.32,"Plan Rows": 4488,"Plan Width": 16,"Actual Startup Time": 202.800,"Actual Total Time": 203.297,"Actual Rows": 13290,"Actual Loops": 4,"Sort Key": ["orders.o_orderpriority"],"Sort Method": "quicksort","Sort Space Used": 1098,"Sort Space Type": "Memory","Workers": [{"Worker Number": 0,"Sort Method": "quicksort","Sort Space Used": 1124,"Sort Space Type": "Memory"},{"Worker Number": 1,"Sort Method": "quicksort","Sort Space Used": 1137,"Sort Space Type": "Memory"},{"Worker Number": 2,"Sort Method": "quicksort","Sort Space Used": 1087,"Sort Space Type": "Memory"}],"Plans": [{"Node Type": "Nested Loop","Parent Relationship": "Outer","Parallel Aware": false,"Async Capable": false,"Join Type": "Semi","Startup Cost": 809.33,"Total Cost": 51087.86,"Plan Rows": 4488,"Plan Width": 16,"Actual Startup Time": 5.403,"Actual Total Time": 196.470,"Actual Rows": 13290,"Actual Loops": 4,"Inner Unique": false,"Workers": [],"Plans": [{"Node Type": "Bitmap Heap Scan","Parent Relationship": "Outer","Parallel Aware": true,"Async Capable": false,"Relation Name": "orders","Alias": "orders","Startup Cost": 808.89,"Total Cost": 27187.35,"Plan Rows": 18897,"Plan Width": 20,"Actual Startup Time": 5.275,"Actual Total Time": 58.082,"Actual Rows": 14470,"Actual Loops": 4,"Recheck Cond": "((o_orderdate >= '1996-08-01'::date) AND (o_orderdate < '1996-11-01 00:00:00'::timestamp without time zone))","Rows Removed by Index Recheck": 0,"Exact Heap Blocks": 5695,"Lossy Heap Blocks": 0,"Workers": [],"Plans": [{"Node Type": "Bitmap Index Scan","Parent Relationship": "Outer","Parallel Aware": false,"Async Capable": false,"Index Name": "idx_orders_orderdate","Startup Cost": 0.00,"Total Cost": 794.25,"Plan Rows": 58582,"Plan Width": 0,"Actual Startup Time": 8.974,"Actual Total Time": 8.976,"Actual Rows": 57880,"Actual Loops": 1,"Index Cond": "((o_orderdate >= '1996-08-01'::date) AND (o_orderdate < '1996-11-01 00:00:00'::timestamp without time zone))","Workers": []}]},{"Node Type": "Index Scan","Parent Relationship": "Inner","Parallel Aware": false,"Async Capable": false,"Scan Direction": "Forward","Index Name": "idx_lineitem_orderkey","Relation Name": "lineitem","Alias": "lineitem","Startup Cost": 0.43,"Total Cost": 4.60,"Plan Rows": 6,"Plan Width": 4,"Actual Startup Time": 0.009,"Actual Total Time": 0.009,"Actual Rows": 1,"Actual Loops": 57880,"Index Cond": "(l_orderkey = orders.o_orderkey)","Rows Removed by Index Recheck": 0,"Filter": "(l_commitdate < l_receiptdate)","Rows Removed by Filter": 1,"Workers": []}]}]}]}]}]},"Planning Time": 4.460,"Triggers": [],"Execution Time": 236.855}]
[{"Plan": {"Node Type": "Aggregate","Strategy": "Sorted","Partial Mode": "Finalize","Parallel Aware": false,"Async Capable": false,"Startup Cost": 51845.54,"Total Cost": 51880.29,"Plan Rows": 5,"Plan Width": 24,"Actual Startup Time": 207.177,"Actual Total Time": 232.110,"Actual Rows": 5,"Actual Loops": 1,"Group Key": ["orders.o_orderpriority"],"Plans": [{"Node Type": "Gather Merge","Parent Relationship": "Outer","Parallel Aware": false,"Async Capable": false,"Startup Cost": 51845.54,"Total Cost": 51880.17,"Plan Rows": 15,"Plan Width": 24,"Actual Startup Time": 206.778,"Actual Total Time": 232.079,"Actual Rows": 20,"Actual Loops": 1,"Workers Planned": 3,"Workers Launched": 3,"Plans": [{"Node Type": "Aggregate","Strategy": "Sorted","Partial Mode": "Partial","Parent Relationship": "Outer","Parallel Aware": false,"Async Capable": false,"Startup Cost": 50845.50,"Total Cost": 50878.36,"Plan Rows": 5,"Plan Width": 24,"Actual Startup Time": 198.217,"Actual Total Time": 199.466,"Actual Rows": 5,"Actual Loops": 4,"Group Key": ["orders.o_orderpriority"],"Workers": [],"Plans": [{"Node Type": "Sort","Parent Relationship": "Outer","Parallel Aware": false,"Async Capable": false,"Startup Cost": 50845.50,"Total Cost": 50856.44,"Plan Rows": 4375,"Plan Width": 16,"Actual Startup Time": 197.865,"Actual Total Time": 198.399,"Actual Rows": 13003,"Actual Loops": 4,"Sort Key": ["orders.o_orderpriority"],"Sort Method": "quicksort","Sort Space Used": 1088,"Sort Space Type": "Memory","Workers": [{"Worker Number": 0,"Sort Method": "quicksort","Sort Space Used": 1109,"Sort Space Type": "Memory"},{"Worker Number": 1,"Sort Method": "quicksort","Sort Space Used": 1075,"Sort Space Type": "Memory"},{"Worker Number": 2,"Sort Method": "quicksort","Sort Space Used": 1111,"Sort Space Type": "Memory"}],"Plans": [{"Node Type": "Nested Loop","Parent Relationship": "Outer","Parallel Aware": false,"Async Capable": false,"Join Type": "Semi","Startup Cost": 790.17,"Total Cost": 50580.92,"Plan Rows": 4375,"Plan Width": 16,"Actual Startup Time": 5.194,"Actual Total Time": 191.534,"Actual Rows": 13003,"Actual Loops": 4,"Inner Unique": false,"Workers": [],"Plans": [{"Node Type": "Bitmap Heap Scan","Parent Relationship": "Outer","Parallel Aware": true,"Async Capable": false,"Relation Name": "orders","Alias": "orders","Startup Cost": 789.73,"Total Cost": 27161.04,"Plan Rows": 18420,"Plan Width": 20,"Actual Startup Time": 5.066,"Actual Total Time": 56.417,"Actual Rows": 14194,"Actual Loops": 4,"Recheck Cond": "((o_orderdate >= '1996-04-01'::date) AND (o_orderdate < '1996-07-01 00:00:00'::timestamp without time zone))","Rows Removed by Index Recheck": 0,"Exact Heap Blocks": 5706,"Lossy Heap Blocks": 0,"Workers": [],"Plans": [{"Node Type": "Bitmap Index Scan","Parent Relationship": "Outer","Parallel Aware": false,"Async Capable": false,"Index Name": "idx_orders_orderdate","Startup Cost": 0.00,"Total Cost": 775.46,"Plan Rows": 57103,"Plan Width": 0,"Actual Startup Time": 8.398,"Actual Total Time": 8.399,"Actual Rows": 56775,"Actual Loops": 1,"Index Cond": "((o_orderdate >= '1996-04-01'::date) AND (o_orderdate < '1996-07-01 00:00:00'::timestamp without time zone))","Workers": []}]},{"Node Type": "Index Scan","Parent Relationship": "Inner","Parallel Aware": false,"Async Capable": false,"Scan Direction": "Forward","Index Name": "idx_lineitem_orderkey","Relation Name": "lineitem","Alias": "lineitem","Startup Cost": 0.43,"Total Cost": 4.63,"Plan Rows": 6,"Plan Width": 4,"Actual Startup Time": 0.009,"Actual Total Time": 0.009,"Actual Rows": 1,"Actual Loops": 56775,"Index Cond": "(l_orderkey = orders.o_orderkey)","Rows Removed by Index Recheck": 0,"Filter": "(l_commitdate < l_receiptdate)","Rows Removed by Filter": 1,"Workers": []}]}]}]}]}]},"Planning Time": 4.671,"Triggers": [],"Execution Time": 232.791}]
[{"Plan": {"Node Type": "Aggregate","Strategy": "Sorted","Partial Mode": "Finalize","Parallel Aware": false,"Async Capable": false,"Startup Cost": 52360.14,"Total Cost": 52395.74,"Plan Rows": 5,"Plan Width": 24,"Actual Startup Time": 212.297,"Actual Total Time": 236.425,"Actual Rows": 5,"Actual Loops": 1,"Group Key": ["orders.o_orderpriority"],"Plans": [{"Node Type": "Gather Merge","Parent Relationship": "Outer","Parallel Aware": false,"Async Capable": false,"Startup Cost": 52360.14,"Total Cost": 52395.61,"Plan Rows": 15,"Plan Width": 24,"Actual Startup Time": 211.946,"Actual Total Time": 236.394,"Actual Rows": 20,"Actual Loops": 1,"Workers Planned": 3,"Workers Launched": 3,"Plans": [{"Node Type": "Aggregate","Strategy": "Sorted","Partial Mode": "Partial","Parent Relationship": "Outer","Parallel Aware": false,"Async Capable": false,"Startup Cost": 51360.10,"Total Cost": 51393.81,"Plan Rows": 5,"Plan Width": 24,"Actual Startup Time": 203.132,"Actual Total Time": 204.381,"Actual Rows": 5,"Actual Loops": 4,"Group Key": ["orders.o_orderpriority"],"Workers": [],"Plans": [{"Node Type": "Sort","Parent Relationship": "Outer","Parallel Aware": false,"Async Capable": false,"Startup Cost": 51360.10,"Total Cost": 51371.32,"Plan Rows": 4488,"Plan Width": 16,"Actual Startup Time": 202.800,"Actual Total Time": 203.297,"Actual Rows": 13290,"Actual Loops": 4,"Sort Key": ["orders.o_orderpriority"],"Sort Method": "quicksort","Sort Space Used": 1098,"Sort Space Type": "Memory","Workers": [{"Worker Number": 0,"Sort Method": "quicksort","Sort Space Used": 1124,"Sort Space Type": "Memory"},{"Worker Number": 1,"Sort Method": "quicksort","Sort Space Used": 1137,"Sort Space Type": "Memory"},{"Worker Number": 2,"Sort Method": "quicksort","Sort Space Used": 1087,"Sort Space Type": "Memory"}],"Plans": [{"Node Type": "Nested Loop","Parent Relationship": "Outer","Parallel Aware": false,"Async Capable": false,"Join Type": "Semi","Startup Cost": 809.33,"Total Cost": 51087.86,"Plan Rows": 4488,"Plan Width": 16,"Actual Startup Time": 5.403,"Actual Total Time": 196.470,"Actual Rows": 13290,"Actual Loops": 4,"Inner Unique": false,"Workers": [],"Plans": [{"Node Type": "Bitmap Heap Scan","Parent Relationship": "Outer","Parallel Aware": true,"Async Capable": false,"Relation Name": "orders","Alias": "orders","Startup Cost": 808.89,"Total Cost": 27187.35,"Plan Rows": 18897,"Plan Width": 20,"Actual Startup Time": 5.275,"Actual Total Time": 58.082,"Actual Rows": 14470,"Actual Loops": 4,"Recheck Cond": "((o_orderdate >= '1996-08-01'::date) AND (o_orderdate < '1996-11-01 00:00:00'::timestamp without time zone))","Rows Removed by Index Recheck": 0,"Exact Heap Blocks": 5695,"Lossy Heap Blocks": 0,"Workers": [],"Plans": [{"Node Type": "Bitmap Index Scan","Parent Relationship": "Outer","Parallel Aware": false,"Async Capable": false,"Index Name": "idx_orders_orderdate","Startup Cost": 0.00,"Total Cost": 794.25,"Plan Rows": 58582,"Plan Width": 0,"Actual Startup Time": 8.974,"Actual Total Time": 8.976,"Actual Rows": 57880,"Actual Loops": 1,"Index Cond": "((o_orderdate >= '1996-08-01'::date) AND (o_orderdate < '1996-11-01 00:00:00'::timestamp without time zone))","Workers": []}]},{"Node Type": "Index Scan","Parent Relationship": "Inner","Parallel Aware": false,"Async Capable": false,"Scan Direction": "Forward","Index Name": "idx_lineitem_orderkey","Relation Name": "lineitem","Alias": "lineitem","Startup Cost": 0.43,"Total Cost": 4.60,"Plan Rows": 6,"Plan Width": 4,"Actual Startup Time": 0.009,"Actual Total Time": 0.009,"Actual Rows": 1,"Actual Loops": 57880,"Index Cond": "(l_orderkey = orders.o_orderkey)","Rows Removed by Index Recheck": 0,"Filter": "(l_commitdate < l_receiptdate)","Rows Removed by Filter": 1,"Workers": []}]}]}]}]}]},"Planning Time": 4.460,"Triggers": [],"Execution Time": 236.855}]
[{"Plan": {"Node Type": "Aggregate","Strategy": "Sorted","Partial Mode": "Finalize","Parallel Aware": false,"Async Capable": false,"Startup Cost": 51385.62,"Total Cost": 51419.61,"Plan Rows": 5,"Plan Width": 24,"Actual Startup Time": 204.677,"Actual Total Time": 227.427,"Actual Rows": 5,"Actual Loops": 1,"Group Key": ["orders.o_orderpriority"],"Plans": [{"Node Type": "Gather Merge","Parent Relationship": "Outer","Parallel Aware": false,"Async Capable": false,"Startup Cost": 51385.62,"Total Cost": 51419.48,"Plan Rows": 15,"Plan Width": 24,"Actual Startup Time": 204.256,"Actual Total Time": 227.400,"Actual Rows": 20,"Actual Loops": 1,"Workers Planned": 3,"Workers Launched": 3,"Plans": [{"Node Type": "Aggregate","Strategy": "Sorted","Partial Mode": "Partial","Parent Relationship": "Outer","Parallel Aware": false,"Async Capable": false,"Startup Cost": 50385.58,"Total Cost": 50417.68,"Plan Rows": 5,"Plan Width": 24,"Actual Startup Time": 194.834,"Actual Total Time": 196.154,"Actual Rows": 5,"Actual Loops": 4,"Group Key": ["orders.o_orderpriority"],"Workers": [],"Plans": [{"Node Type": "Sort","Parent Relationship": "Outer","Parallel Aware": false,"Async Capable": false,"Startup Cost": 50385.58,"Total Cost": 50396.26,"Plan Rows": 4274,"Plan Width": 16,"Actual Startup Time": 194.461,"Actual Total Time": 195.077,"Actual Rows": 12672,"Actual Loops": 4,"Sort Key": ["orders.o_orderpriority"],"Sort Method": "quicksort","Sort Space Used": 1091,"Sort Space Type": "Memory","Workers": [{"Worker Number": 0,"Sort Method": "quicksort","Sort Space Used": 1078,"Sort Space Type": "Memory"},{"Worker Number": 1,"Sort Method": "quicksort","Sort Space Used": 1070,"Sort Space Type": "Memory"},{"Worker Number": 2,"Sort Method": "quicksort","Sort Space Used": 1070,"Sort Space Type": "Memory"}],"Plans": [{"Node Type": "Nested Loop","Parent Relationship": "Outer","Parallel Aware": false,"Async Capable": false,"Join Type": "Semi","Startup Cost": 772.67,"Total Cost": 50127.83,"Plan Rows": 4274,"Plan Width": 16,"Actual Startup Time": 5.232,"Actual Total Time": 188.261,"Actual Rows": 12672,"Actual Loops": 4,"Inner Unique": false,"Workers": [],"Plans": [{"Node Type": "Bitmap Heap Scan","Parent Relationship": "Outer","Parallel Aware": true,"Async Capable": false,"Relation Name": "orders","Alias": "orders","Startup Cost": 772.23,"Total Cost": 27137.17,"Plan Rows": 17996,"Plan Width": 20,"Actual Startup Time": 5.082,"Actual Total Time": 55.866,"Actual Rows": 13816,"Actual Loops": 4,"Recheck Cond": "((o_orderdate >= '1993-02-01'::date) AND (o_orderdate < '1993-05-01 00:00:00'::timestamp without time zone))","Rows Removed by Index Recheck": 0,"Exact Heap Blocks": 5921,"Lossy Heap Blocks": 0,"Workers": [],"Plans": [{"Node Type": "Bitmap Index Scan","Parent Relationship": "Outer","Parallel Aware": false,"Async Capable": false,"Index Name": "idx_orders_orderdate","Startup Cost": 0.00,"Total Cost": 758.29,"Plan Rows": 55786,"Plan Width": 0,"Actual Startup Time": 8.614,"Actual Total Time": 8.615,"Actual Rows": 55266,"Actual Loops": 1,"Index Cond": "((o_orderdate >= '1993-02-01'::date) AND (o_orderdate < '1993-05-01 00:00:00'::timestamp without time zone))","Workers": []}]},{"Node Type": "Index Scan","Parent Relationship": "Inner","Parallel Aware": false,"Async Capable": false,"Scan Direction": "Forward","Index Name": "idx_lineitem_orderkey","Relation Name": "lineitem","Alias": "lineitem","Startup Cost": 0.43,"Total Cost": 4.66,"Plan Rows": 6,"Plan Width": 4,"Actual Startup Time": 0.009,"Actual Total Time": 0.009,"Actual Rows": 1,"Actual Loops": 55266,"Index Cond": "(l_orderkey = orders.o_orderkey)","Rows Removed by Index Recheck": 0,"Filter": "(l_commitdate < l_receiptdate)","Rows Removed by Filter": 1,"Workers": []}]}]}]}]}]},"Planning Time": 4.231,"Triggers": [],"Execution Time": 227.850}]
[{"Plan": {"Node Type": "Aggregate","Strategy": "Sorted","Partial Mode": "Finalize","Parallel Aware": false,"Async Capable": false,"Startup Cost": 50907.22,"Total Cost": 50940.43,"Plan Rows": 5,"Plan Width": 24,"Actual Startup Time": 204.875,"Actual Total Time": 229.245,"Actual Rows": 5,"Actual Loops": 1,"Group Key": ["orders.o_orderpriority"],"Plans": [{"Node Type": "Gather Merge","Parent Relationship": "Outer","Parallel Aware": false,"Async Capable": false,"Startup Cost": 50907.22,"Total Cost": 50940.30,"Plan Rows": 15,"Plan Width": 24,"Actual Startup Time": 204.487,"Actual Total Time": 229.210,"Actual Rows": 20,"Actual Loops": 1,"Workers Planned": 3,"Workers Launched": 3,"Plans": [{"Node Type": "Aggregate","Strategy": "Sorted","Partial Mode": "Partial","Parent Relationship": "Outer","Parallel Aware": false,"Async Capable": false,"Startup Cost": 49907.18,"Total Cost": 49938.50,"Plan Rows": 5,"Plan Width": 24,"Actual Startup Time": 195.859,"Actual Total Time": 197.107,"Actual Rows": 5,"Actual Loops": 4,"Group Key": ["orders.o_orderpriority"],"Workers": [],"Plans": [{"Node Type": "Sort","Parent Relationship": "Outer","Parallel Aware": false,"Async Capable": false,"Startup Cost": 49907.18,"Total Cost": 49917.60,"Plan Rows": 4170,"Plan Width": 16,"Actual Startup Time": 195.538,"Actual Total Time": 196.036,"Actual Rows": 13129,"Actual Loops": 4,"Sort Key": ["orders.o_orderpriority"],"Sort Method": "quicksort","Sort Space Used": 1092,"Sort Space Type": "Memory","Workers": [{"Worker Number": 0,"Sort Method": "quicksort","Sort Space Used": 1119,"Sort Space Type": "Memory"},{"Worker Number": 1,"Sort Method": "quicksort","Sort Space Used": 1082,"Sort Space Type": "Memory"},{"Worker Number": 2,"Sort Method": "quicksort","Sort Space Used": 1116,"Sort Space Type": "Memory"}],"Plans": [{"Node Type": "Nested Loop","Parent Relationship": "Outer","Parallel Aware": false,"Async Capable": false,"Join Type": "Semi","Startup Cost": 754.75,"Total Cost": 49656.44,"Plan Rows": 4170,"Plan Width": 16,"Actual Startup Time": 4.769,"Actual Total Time": 189.357,"Actual Rows": 13129,"Actual Loops": 4,"Inner Unique": false,"Workers": [],"Plans": [{"Node Type": "Bitmap Heap Scan","Parent Relationship": "Outer","Parallel Aware": true,"Async Capable": false,"Relation Name": "orders","Alias": "orders","Startup Cost": 754.31,"Total Cost": 27112.68,"Plan Rows": 17557,"Plan Width": 20,"Actual Startup Time": 4.640,"Actual Total Time": 54.547,"Actual Rows": 14334,"Actual Loops": 4,"Recheck Cond": "((o_orderdate >= '1995-10-01'::date) AND (o_orderdate < '1996-01-01 00:00:00'::timestamp without time zone))","Rows Removed by Index Recheck": 0,"Exact Heap Blocks": 5726,"Lossy Heap Blocks": 0,"Workers": [],"Plans": [{"Node Type": "Bitmap Index Scan","Parent Relationship": "Outer","Parallel Aware": false,"Async Capable": false,"Index Name": "idx_orders_orderdate","Startup Cost": 0.00,"Total Cost": 740.71,"Plan Rows": 54428,"Plan Width": 0,"Actual Startup Time": 8.057,"Actual Total Time": 8.058,"Actual Rows": 57337,"Actual Loops": 1,"Index Cond": "((o_orderdate >= '1995-10-01'::date) AND (o_orderdate < '1996-01-01 00:00:00'::timestamp without time zone))","Workers": []}]},{"Node Type": "Index Scan","Parent Relationship": "Inner","Parallel Aware": false,"Async Capable": false,"Scan Direction": "Forward","Index Name": "idx_lineitem_orderkey","Relation Name": "lineitem","Alias": "lineitem","Startup Cost": 0.43,"Total Cost": 4.69,"Plan Rows": 6,"Plan Width": 4,"Actual Startup Time": 0.009,"Actual Total Time": 0.009,"Actual Rows": 1,"Actual Loops": 57337,"Index Cond": "(l_orderkey = orders.o_orderkey)","Rows Removed by Index Recheck": 0,"Filter": "(l_commitdate < l_receiptdate)","Rows Removed by Filter": 1,"Workers": []}]}]}]}]}]},"Planning Time": 4.806,"Triggers": [],"Execution Time": 229.951}]
[{"Plan": {"Node Type": "Aggregate","Strategy": "Sorted","Partial Mode": "Finalize","Parallel Aware": false,"Async Capable": false,"Startup Cost": 52009.08,"Total Cost": 52044.09,"Plan Rows": 5,"Plan Width": 24,"Actual Startup Time": 215.869,"Actual Total Time": 240.226,"Actual Rows": 5,"Actual Loops": 1,"Group Key": ["orders.o_orderpriority"],"Plans": [{"Node Type": "Gather Merge","Parent Relationship": "Outer","Parallel Aware": false,"Async Capable": false,"Startup Cost": 52009.08,"Total Cost": 52043.97,"Plan Rows": 15,"Plan Width": 24,"Actual Startup Time": 215.457,"Actual Total Time": 240.206,"Actual Rows": 20,"Actual Loops": 1,"Workers Planned": 3,"Workers Launched": 3,"Plans": [{"Node Type": "Aggregate","Strategy": "Sorted","Partial Mode": "Partial","Parent Relationship": "Outer","Parallel Aware": false,"Async Capable": false,"Startup Cost": 51009.04,"Total Cost": 51042.16,"Plan Rows": 5,"Plan Width": 24,"Actual Startup Time": 207.183,"Actual Total Time": 208.446,"Actual Rows": 5,"Actual Loops": 4,"Group Key": ["orders.o_orderpriority"],"Workers": [],"Plans": [{"Node Type": "Sort","Parent Relationship": "Outer","Parallel Aware": false,"Async Capable": false,"Startup Cost": 51009.04,"Total Cost": 51020.06,"Plan Rows": 4410,"Plan Width": 16,"Actual Startup Time": 206.806,"Actual Total Time": 207.370,"Actual Rows": 13098,"Actual Loops": 4,"Sort Key": ["orders.o_orderpriority"],"Sort Method": "quicksort","Sort Space Used": 1123,"Sort Space Type": "Memory","Workers": [{"Worker Number": 0,"Sort Method": "quicksort","Sort Space Used": 1108,"Sort Space Type": "Memory"},{"Worker Number": 1,"Sort Method": "quicksort","Sort Space Used": 1075,"Sort Space Type": "Memory"},{"Worker Number": 2,"Sort Method": "quicksort","Sort Space Used": 1097,"Sort Space Type": "Memory"}],"Plans": [{"Node Type": "Nested Loop","Parent Relationship": "Outer","Parallel Aware": false,"Async Capable": false,"Join Type": "Semi","Startup Cost": 798.90,"Total Cost": 50742.09,"Plan Rows": 4410,"Plan Width": 16,"Actual Startup Time": 7.655,"Actual Total Time": 200.298,"Actual Rows": 13098,"Actual Loops": 4,"Inner Unique": false,"Workers": [],"Plans": [{"Node Type": "Bitmap Heap Scan","Parent Relationship": "Outer","Parallel Aware": true,"Async Capable": false,"Relation Name": "orders","Alias": "orders","Startup Cost": 798.47,"Total Cost": 27172.01,"Plan Rows": 18569,"Plan Width": 20,"Actual Startup Time": 7.548,"Actual Total Time": 58.251,"Actual Rows": 14284,"Actual Loops": 4,"Recheck Cond": "((o_orderdate >= '1993-08-01'::date) AND (o_orderdate < '1993-11-01 00:00:00'::timestamp without time zone))","Rows Removed by Index Recheck": 0,"Exact Heap Blocks": 5961,"Lossy Heap Blocks": 0,"Workers": [],"Plans": [{"Node Type": "Bitmap Index Scan","Parent Relationship": "Outer","Parallel Aware": false,"Async Capable": false,"Index Name": "idx_orders_orderdate","Startup Cost": 0.00,"Total Cost": 784.08,"Plan Rows": 57565,"Plan Width": 0,"Actual Startup Time": 10.621,"Actual Total Time": 10.624,"Actual Rows": 57138,"Actual Loops": 1,"Index Cond": "((o_orderdate >= '1993-08-01'::date) AND (o_orderdate < '1993-11-01 00:00:00'::timestamp without time zone))","Workers": []}]},{"Node Type": "Index Scan","Parent Relationship": "Inner","Parallel Aware": false,"Async Capable": false,"Scan Direction": "Forward","Index Name": "idx_lineitem_orderkey","Relation Name": "lineitem","Alias": "lineitem","Startup Cost": 0.43,"Total Cost": 4.62,"Plan Rows": 6,"Plan Width": 4,"Actual Startup Time": 0.010,"Actual Total Time": 0.010,"Actual Rows": 1,"Actual Loops": 57138,"Index Cond": "(l_orderkey = orders.o_orderkey)","Rows Removed by Index Recheck": 0,"Filter": "(l_commitdate < l_receiptdate)","Rows Removed by Filter": 1,"Workers": []}]}]}]}]}]},"Planning Time": 4.337,"Triggers": [],"Execution Time": 240.936}]
[{"Plan": {"Node Type": "Aggregate","Strategy": "Sorted","Partial Mode": "Finalize","Parallel Aware": false,"Async Capable": false,"Startup Cost": 51011.39,"Total Cost": 51044.78,"Plan Rows": 5,"Plan Width": 24,"Actual Startup Time": 210.461,"Actual Total Time": 234.044,"Actual Rows": 5,"Actual Loops": 1,"Group Key": ["orders.o_orderpriority"],"Plans": [{"Node Type": "Gather Merge","Parent Relationship": "Outer","Parallel Aware": false,"Async Capable": false,"Startup Cost": 51011.39,"Total Cost": 51044.65,"Plan Rows": 15,"Plan Width": 24,"Actual Startup Time": 210.096,"Actual Total Time": 234.015,"Actual Rows": 20,"Actual Loops": 1,"Workers Planned": 3,"Workers Launched": 3,"Plans": [{"Node Type": "Aggregate","Strategy": "Sorted","Partial Mode": "Partial","Parent Relationship": "Outer","Parallel Aware": false,"Async Capable": false,"Startup Cost": 50011.35,"Total Cost": 50042.85,"Plan Rows": 5,"Plan Width": 24,"Actual Startup Time": 201.605,"Actual Total Time": 202.848,"Actual Rows": 5,"Actual Loops": 4,"Group Key": ["orders.o_orderpriority"],"Workers": [],"Plans": [{"Node Type": "Sort","Parent Relationship": "Outer","Parallel Aware": false,"Async Capable": false,"Startup Cost": 50011.35,"Total Cost": 50021.83,"Plan Rows": 4193,"Plan Width": 16,"Actual Startup Time": 201.266,"Actual Total Time": 201.779,"Actual Rows": 13126,"Actual Loops": 4,"Sort Key": ["orders.o_orderpriority"],"Sort Method": "quicksort","Sort Space Used": 1111,"Sort Space Type": "Memory","Workers": [{"Worker Number": 0,"Sort Method": "quicksort","Sort Space Used": 1101,"Sort Space Type": "Memory"},{"Worker Number": 1,"Sort Method": "quicksort","Sort Space Used": 1104,"Sort Space Type": "Memory"},{"Worker Number": 2,"Sort Method": "quicksort","Sort Space Used": 1095,"Sort Space Type": "Memory"}],"Plans": [{"Node Type": "Nested Loop","Parent Relationship": "Outer","Parallel Aware": false,"Async Capable": false,"Join Type": "Semi","Startup Cost": 757.77,"Total Cost": 49759.06,"Plan Rows": 4193,"Plan Width": 16,"Actual Startup Time": 5.095,"Actual Total Time": 194.943,"Actual Rows": 13126,"Actual Loops": 4,"Inner Unique": false,"Workers": [],"Plans": [{"Node Type": "Bitmap Heap Scan","Parent Relationship": "Outer","Parallel Aware": true,"Async Capable": false,"Relation Name": "orders","Alias": "orders","Startup Cost": 757.34,"Total Cost": 27117.13,"Plan Rows": 17653,"Plan Width": 20,"Actual Startup Time": 4.968,"Actual Total Time": 58.949,"Actual Rows": 14316,"Actual Loops": 4,"Recheck Cond": "((o_orderdate >= '1997-08-01'::date) AND (o_orderdate < '1997-11-01 00:00:00'::timestamp without time zone))","Rows Removed by Index Recheck": 0,"Exact Heap Blocks": 5880,"Lossy Heap Blocks": 0,"Workers": [],"Plans": [{"Node Type": "Bitmap Index Scan","Parent Relationship": "Outer","Parallel Aware": false,"Async Capable": false,"Index Name": "idx_orders_orderdate","Startup Cost": 0.00,"Total Cost": 743.66,"Plan Rows": 54723,"Plan Width": 0,"Actual Startup Time": 8.219,"Actual Total Time": 8.222,"Actual Rows": 57265,"Actual Loops": 1,"Index Cond": "((o_orderdate >= '1997-08-01'::date) AND (o_orderdate < '1997-11-01 00:00:00'::timestamp without time zone))","Workers": []}]},{"Node Type": "Index Scan","Parent Relationship": "Inner","Parallel Aware": false,"Async Capable": false,"Scan Direction": "Forward","Index Name": "idx_lineitem_orderkey","Relation Name": "lineitem","Alias": "lineitem","Startup Cost": 0.43,"Total Cost": 4.69,"Plan Rows": 6,"Plan Width": 4,"Actual Startup Time": 0.009,"Actual Total Time": 0.009,"Actual Rows": 1,"Actual Loops": 57265,"Index Cond": "(l_orderkey = orders.o_orderkey)","Rows Removed by Index Recheck": 0,"Filter": "(l_commitdate < l_receiptdate)","Rows Removed by Filter": 1,"Workers": []}]}]}]}]}]},"Planning Time": 5.789,"Triggers": [],"Execution Time": 234.434}]
[{"Plan": {"Node Type": "Aggregate","Strategy": "Sorted","Partial Mode": "Finalize","Parallel Aware": false,"Async Capable": false,"Startup Cost": 51736.48,"Total Cost": 51771.05,"Plan Rows": 5,"Plan Width": 24,"Actual Startup Time": 206.913,"Actual Total Time": 230.911,"Actual Rows": 5,"Actual Loops": 1,"Group Key": ["orders.o_orderpriority"],"Plans": [{"Node Type": "Gather Merge","Parent Relationship": "Outer","Parallel Aware": false,"Async Capable": false,"Startup Cost": 51736.48,"Total Cost": 51770.93,"Plan Rows": 15,"Plan Width": 24,"Actual Startup Time": 206.571,"Actual Total Time": 230.880,"Actual Rows": 20,"Actual Loops": 1,"Workers Planned": 3,"Workers Launched": 3,"Plans": [{"Node Type": "Aggregate","Strategy": "Sorted","Partial Mode": "Partial","Parent Relationship": "Outer","Parallel Aware": false,"Async Capable": false,"Startup Cost": 50736.44,"Total Cost": 50769.13,"Plan Rows": 5,"Plan Width": 24,"Actual Startup Time": 197.405,"Actual Total Time": 198.632,"Actual Rows": 5,"Actual Loops": 4,"Group Key": ["orders.o_orderpriority"],"Workers": [],"Plans": [{"Node Type": "Sort","Parent Relationship": "Outer","Parallel Aware": false,"Async Capable": false,"Startup Cost": 50736.44,"Total Cost": 50747.32,"Plan Rows": 4351,"Plan Width": 16,"Actual Startup Time": 197.060,"Actual Total Time": 197.567,"Actual Rows": 12986,"Actual Loops": 4,"Sort Key": ["orders.o_orderpriority"],"Sort Method": "quicksort","Sort Space Used": 1055,"Sort Space Type": "Memory","Workers": [{"Worker Number": 0,"Sort Method": "quicksort","Sort Space Used": 1084,"Sort Space Type": "Memory"},{"Worker Number": 1,"Sort Method": "quicksort","Sort Space Used": 1126,"Sort Space Type": "Memory"},{"Worker Number": 2,"Sort Method": "quicksort","Sort Space Used": 1113,"Sort Space Type": "Memory"}],"Plans": [{"Node Type": "Nested Loop","Parent Relationship": "Outer","Parallel Aware": false,"Async Capable": false,"Join Type": "Semi","Startup Cost": 786.91,"Total Cost": 50473.49,"Plan Rows": 4351,"Plan Width": 16,"Actual Startup Time": 5.441,"Actual Total Time": 190.761,"Actual Rows": 12986,"Actual Loops": 4,"Inner Unique": false,"Workers": [],"Plans": [{"Node Type": "Bitmap Heap Scan","Parent Relationship": "Outer","Parallel Aware": true,"Async Capable": false,"Relation Name": "orders","Alias": "orders","Startup Cost": 786.47,"Total Cost": 27156.24,"Plan Rows": 18318,"Plan Width": 20,"Actual Startup Time": 5.289,"Actual Total Time": 56.594,"Actual Rows": 14148,"Actual Loops": 4,"Recheck Cond": "((o_orderdate >= '1993-09-01'::date) AND (o_orderdate < '1993-12-01 00:00:00'::timestamp without time zone))","Rows Removed by Index Recheck": 0,"Exact Heap Blocks": 5541,"Lossy Heap Blocks": 0,"Workers": [],"Plans": [{"Node Type": "Bitmap Index Scan","Parent Relationship": "Outer","Parallel Aware": false,"Async Capable": false,"Index Name": "idx_orders_orderdate","Startup Cost": 0.00,"Total Cost": 772.28,"Plan Rows": 56785,"Plan Width": 0,"Actual Startup Time": 9.025,"Actual Total Time": 9.027,"Actual Rows": 56592,"Actual Loops": 1,"Index Cond": "((o_orderdate >= '1993-09-01'::date) AND (o_orderdate < '1993-12-01 00:00:00'::timestamp without time zone))","Workers": []}]},{"Node Type": "Index Scan","Parent Relationship": "Inner","Parallel Aware": false,"Async Capable": false,"Scan Direction": "Forward","Index Name": "idx_lineitem_orderkey","Relation Name": "lineitem","Alias": "lineitem","Startup Cost": 0.43,"Total Cost": 4.64,"Plan Rows": 6,"Plan Width": 4,"Actual Startup Time": 0.009,"Actual Total Time": 0.009,"Actual Rows": 1,"Actual Loops": 56592,"Index Cond": "(l_orderkey = orders.o_orderkey)","Rows Removed by Index Recheck": 0,"Filter": "(l_commitdate < l_receiptdate)","Rows Removed by Filter": 1,"Workers": []}]}]}]}]}]},"Planning Time": 5.170,"Triggers": [],"Execution Time": 231.369}]
[{"Plan": {"Node Type": "Aggregate","Strategy": "Sorted","Partial Mode": "Finalize","Parallel Aware": false,"Async Capable": false,"Startup Cost": 52586.46,"Total Cost": 52622.43,"Plan Rows": 5,"Plan Width": 24,"Actual Startup Time": 204.940,"Actual Total Time": 235.996,"Actual Rows": 5,"Actual Loops": 1,"Group Key": ["orders.o_orderpriority"],"Plans": [{"Node Type": "Gather Merge","Parent Relationship": "Outer","Parallel Aware": false,"Async Capable": false,"Startup Cost": 52586.46,"Total Cost": 52622.30,"Plan Rows": 15,"Plan Width": 24,"Actual Startup Time": 204.592,"Actual Total Time": 235.964,"Actual Rows": 20,"Actual Loops": 1,"Workers Planned": 3,"Workers Launched": 3,"Plans": [{"Node Type": "Aggregate","Strategy": "Sorted","Partial Mode": "Partial","Parent Relationship": "Outer","Parallel Aware": false,"Async Capable": false,"Startup Cost": 51586.42,"Total Cost": 51620.50,"Plan Rows": 5,"Plan Width": 24,"Actual Startup Time": 195.611,"Actual Total Time": 196.883,"Actual Rows": 5,"Actual Loops": 4,"Group Key": ["orders.o_orderpriority"],"Workers": [],"Plans": [{"Node Type": "Sort","Parent Relationship": "Outer","Parallel Aware": false,"Async Capable": false,"Startup Cost": 51586.42,"Total Cost": 51597.76,"Plan Rows": 4538,"Plan Width": 16,"Actual Startup Time": 195.276,"Actual Total Time": 195.812,"Actual Rows": 13108,"Actual Loops": 4,"Sort Key": ["orders.o_orderpriority"],"Sort Method": "quicksort","Sort Space Used": 1049,"Sort Space Type": "Memory","Workers": [{"Worker Number": 0,"Sort Method": "quicksort","Sort Space Used": 1116,"Sort Space Type": "Memory"},{"Worker Number": 1,"Sort Method": "quicksort","Sort Space Used": 1115,"Sort Space Type": "Memory"},{"Worker Number": 2,"Sort Method": "quicksort","Sort Space Used": 1126,"Sort Space Type": "Memory"}],"Plans": [{"Node Type": "Nested Loop","Parent Relationship": "Outer","Parallel Aware": false,"Async Capable": false,"Join Type": "Semi","Startup Cost": 819.93,"Total Cost": 51310.78,"Plan Rows": 4538,"Plan Width": 16,"Actual Startup Time": 4.752,"Actual Total Time": 189.119,"Actual Rows": 13108,"Actual Loops": 4,"Inner Unique": false,"Workers": [],"Plans": [{"Node Type": "Bitmap Heap Scan","Parent Relationship": "Outer","Parallel Aware": true,"Async Capable": false,"Relation Name": "orders","Alias": "orders","Startup Cost": 819.49,"Total Cost": 27201.07,"Plan Rows": 19105,"Plan Width": 20,"Actual Startup Time": 4.644,"Actual Total Time": 55.500,"Actual Rows": 14318,"Actual Loops": 4,"Recheck Cond": "((o_orderdate >= '1996-05-01'::date) AND (o_orderdate < '1996-08-01 00:00:00'::timestamp without time zone))","Rows Removed by Index Recheck": 0,"Exact Heap Blocks": 5395,"Lossy Heap Blocks": 0,"Workers": [],"Plans": [{"Node Type": "Bitmap Index Scan","Parent Relationship": "Outer","Parallel Aware": false,"Async Capable": false,"Index Name": "idx_orders_orderdate","Startup Cost": 0.00,"Total Cost": 804.69,"Plan Rows": 59226,"Plan Width": 0,"Actual Startup Time": 8.138,"Actual Total Time": 8.141,"Actual Rows": 57270,"Actual Loops": 1,"Index Cond": "((o_orderdate >= '1996-05-01'::date) AND (o_orderdate < '1996-08-01 00:00:00'::timestamp without time zone))","Workers": []}]},{"Node Type": "Index Scan","Parent Relationship": "Inner","Parallel Aware": false,"Async Capable": false,"Scan Direction": "Forward","Index Name": "idx_lineitem_orderkey","Relation Name": "lineitem","Alias": "lineitem","Startup Cost": 0.43,"Total Cost": 4.58,"Plan Rows": 6,"Plan Width": 4,"Actual Startup Time": 0.009,"Actual Total Time": 0.009,"Actual Rows": 1,"Actual Loops": 57270,"Index Cond": "(l_orderkey = orders.o_orderkey)","Rows Removed by Index Recheck": 0,"Filter": "(l_commitdate < l_receiptdate)","Rows Removed by Filter": 1,"Workers": []}]}]}]}]}]},"Planning Time": 4.341,"Triggers": [],"Execution Time": 236.444}]
[{"Plan": {"Node Type": "Aggregate","Strategy": "Sorted","Partial Mode": "Finalize","Parallel Aware": false,"Async Capable": false,"Startup Cost": 51563.06,"Total Cost": 51597.36,"Plan Rows": 5,"Plan Width": 24,"Actual Startup Time": 209.353,"Actual Total Time": 233.705,"Actual Rows": 5,"Actual Loops": 1,"Group Key": ["orders.o_orderpriority"],"Plans": [{"Node Type": "Gather Merge","Parent Relationship": "Outer","Parallel Aware": false,"Async Capable": false,"Startup Cost": 51563.06,"Total Cost": 51597.23,"Plan Rows": 15,"Plan Width": 24,"Actual Startup Time": 208.928,"Actual Total Time": 233.674,"Actual Rows": 20,"Actual Loops": 1,"Workers Planned": 3,"Workers Launched": 3,"Plans": [{"Node Type": "Aggregate","Strategy": "Sorted","Partial Mode": "Partial","Parent Relationship": "Outer","Parallel Aware": false,"Async Capable": false,"Startup Cost": 50563.02,"Total Cost": 50595.43,"Plan Rows": 5,"Plan Width": 24,"Actual Startup Time": 200.123,"Actual Total Time": 201.359,"Actual Rows": 5,"Actual Loops": 4,"Group Key": ["orders.o_orderpriority"],"Workers": [],"Plans": [{"Node Type": "Sort","Parent Relationship": "Outer","Parallel Aware": false,"Async Capable": false,"Startup Cost": 50563.02,"Total Cost": 50573.81,"Plan Rows": 4314,"Plan Width": 16,"Actual Startup Time": 199.793,"Actual Total Time": 200.293,"Actual Rows": 12936,"Actual Loops": 4,"Sort Key": ["orders.o_orderpriority"],"Sort Method": "quicksort","Sort Space Used": 1088,"Sort Space Type": "Memory","Workers": [{"Worker Number": 0,"Sort Method": "quicksort","Sort Space Used": 1073,"Sort Space Type": "Memory"},{"Worker Number": 1,"Sort Method": "quicksort","Sort Space Used": 1104,"Sort Space Type": "Memory"},{"Worker Number": 2,"Sort Method": "quicksort","Sort Space Used": 1102,"Sort Space Type": "Memory"}],"Plans": [{"Node Type": "Nested Loop","Parent Relationship": "Outer","Parallel Aware": false,"Async Capable": false,"Join Type": "Semi","Startup Cost": 777.94,"Total Cost": 50302.57,"Plan Rows": 4314,"Plan Width": 16,"Actual Startup Time": 5.390,"Actual Total Time": 193.555,"Actual Rows": 12936,"Actual Loops": 4,"Inner Unique": false,"Workers": [],"Plans": [{"Node Type": "Bitmap Heap Scan","Parent Relationship": "Outer","Parallel Aware": true,"Async Capable": false,"Relation Name": "orders","Alias": "orders","Startup Cost": 777.50,"Total Cost": 27144.92,"Plan Rows": 18161,"Plan Width": 20,"Actual Startup Time": 5.246,"Actual Total Time": 58.249,"Actual Rows": 14114,"Actual Loops": 4,"Recheck Cond": "((o_orderdate >= '1997-09-01'::date) AND (o_orderdate < '1997-12-01 00:00:00'::timestamp without time zone))","Rows Removed by Index Recheck": 0,"Exact Heap Blocks": 5736,"Lossy Heap Blocks": 0,"Workers": [],"Plans": [{"Node Type": "Bitmap Index Scan","Parent Relationship": "Outer","Parallel Aware": false,"Async Capable": false,"Index Name": "idx_orders_orderdate","Startup Cost": 0.00,"Total Cost": 763.43,"Plan Rows": 56300,"Plan Width": 0,"Actual Startup Time": 8.862,"Actual Total Time": 8.862,"Actual Rows": 56454,"Actual Loops": 1,"Index Cond": "((o_orderdate >= '1997-09-01'::date) AND (o_orderdate < '1997-12-01 00:00:00'::timestamp without time zone))","Workers": []}]},{"Node Type": "Index Scan","Parent Relationship": "Inner","Parallel Aware": false,"Async Capable": false,"Scan Direction": "Forward","Index Name": "idx_lineitem_orderkey","Relation Name": "lineitem","Alias": "lineitem","Startup Cost": 0.43,"Total Cost": 4.65,"Plan Rows": 6,"Plan Width": 4,"Actual Startup Time": 0.009,"Actual Total Time": 0.009,"Actual Rows": 1,"Actual Loops": 56454,"Index Cond": "(l_orderkey = orders.o_orderkey)","Rows Removed by Index Recheck": 0,"Filter": "(l_commitdate < l_receiptdate)","Rows Removed by Filter": 1,"Workers": []}]}]}]}]}]},"Planning Time": 5.783,"Triggers": [],"Execution Time": 234.121}]
[{"Plan": {"Node Type": "Aggregate","Strategy": "Sorted","Partial Mode": "Finalize","Parallel Aware": false,"Async Capable": false,"Startup Cost": 51845.54,"Total Cost": 51880.29,"Plan Rows": 5,"Plan Width": 24,"Actual Startup Time": 207.177,"Actual Total Time": 232.110,"Actual Rows": 5,"Actual Loops": 1,"Group Key": ["orders.o_orderpriority"],"Plans": [{"Node Type": "Gather Merge","Parent Relationship": "Outer","Parallel Aware": false,"Async Capable": false,"Startup Cost": 51845.54,"Total Cost": 51880.17,"Plan Rows": 15,"Plan Width": 24,"Actual Startup Time": 206.778,"Actual Total Time": 232.079,"Actual Rows": 20,"Actual Loops": 1,"Workers Planned": 3,"Workers Launched": 3,"Plans": [{"Node Type": "Aggregate","Strategy": "Sorted","Partial Mode": "Partial","Parent Relationship": "Outer","Parallel Aware": false,"Async Capable": false,"Startup Cost": 50845.50,"Total Cost": 50878.36,"Plan Rows": 5,"Plan Width": 24,"Actual Startup Time": 198.217,"Actual Total Time": 199.466,"Actual Rows": 5,"Actual Loops": 4,"Group Key": ["orders.o_orderpriority"],"Workers": [],"Plans": [{"Node Type": "Sort","Parent Relationship": "Outer","Parallel Aware": false,"Async Capable": false,"Startup Cost": 50845.50,"Total Cost": 50856.44,"Plan Rows": 4375,"Plan Width": 16,"Actual Startup Time": 197.865,"Actual Total Time": 198.399,"Actual Rows": 13003,"Actual Loops": 4,"Sort Key": ["orders.o_orderpriority"],"Sort Method": "quicksort","Sort Space Used": 1088,"Sort Space Type": "Memory","Workers": [{"Worker Number": 0,"Sort Method": "quicksort","Sort Space Used": 1109,"Sort Space Type": "Memory"},{"Worker Number": 1,"Sort Method": "quicksort","Sort Space Used": 1075,"Sort Space Type": "Memory"},{"Worker Number": 2,"Sort Method": "quicksort","Sort Space Used": 1111,"Sort Space Type": "Memory"}],"Plans": [{"Node Type": "Nested Loop","Parent Relationship": "Outer","Parallel Aware": false,"Async Capable": false,"Join Type": "Semi","Startup Cost": 790.17,"Total Cost": 50580.92,"Plan Rows": 4375,"Plan Width": 16,"Actual Startup Time": 5.194,"Actual Total Time": 191.534,"Actual Rows": 13003,"Actual Loops": 4,"Inner Unique": false,"Workers": [],"Plans": [{"Node Type": "Bitmap Heap Scan","Parent Relationship": "Outer","Parallel Aware": true,"Async Capable": false,"Relation Name": "orders","Alias": "orders","Startup Cost": 789.73,"Total Cost": 27161.04,"Plan Rows": 18420,"Plan Width": 20,"Actual Startup Time": 5.066,"Actual Total Time": 56.417,"Actual Rows": 14194,"Actual Loops": 4,"Recheck Cond": "((o_orderdate >= '1996-04-01'::date) AND (o_orderdate < '1996-07-01 00:00:00'::timestamp without time zone))","Rows Removed by Index Recheck": 0,"Exact Heap Blocks": 5706,"Lossy Heap Blocks": 0,"Workers": [],"Plans": [{"Node Type": "Bitmap Index Scan","Parent Relationship": "Outer","Parallel Aware": false,"Async Capable": false,"Index Name": "idx_orders_orderdate","Startup Cost": 0.00,"Total Cost": 775.46,"Plan Rows": 57103,"Plan Width": 0,"Actual Startup Time": 8.398,"Actual Total Time": 8.399,"Actual Rows": 56775,"Actual Loops": 1,"Index Cond": "((o_orderdate >= '1996-04-01'::date) AND (o_orderdate < '1996-07-01 00:00:00'::timestamp without time zone))","Workers": []}]},{"Node Type": "Index Scan","Parent Relationship": "Inner","Parallel Aware": false,"Async Capable": false,"Scan Direction": "Forward","Index Name": "idx_lineitem_orderkey","Relation Name": "lineitem","Alias": "lineitem","Startup Cost": 0.43,"Total Cost": 4.63,"Plan Rows": 6,"Plan Width": 4,"Actual Startup Time": 0.009,"Actual Total Time": 0.009,"Actual Rows": 1,"Actual Loops": 56775,"Index Cond": "(l_orderkey = orders.o_orderkey)","Rows Removed by Index Recheck": 0,"Filter": "(l_commitdate < l_receiptdate)","Rows Removed by Filter": 1,"Workers": []}]}]}]}]}]},"Planning Time": 4.671,"Triggers": [],"Execution Time": 232.791}]
[{"Plan": {"Node Type": "Aggregate","Strategy": "Sorted","Partial Mode": "Finalize","Parallel Aware": false,"Async Capable": false,"Startup Cost": 52283.40,"Total Cost": 52318.87,"Plan Rows": 5,"Plan Width": 24,"Actual Startup Time": 207.856,"Actual Total Time": 232.061,"Actual Rows": 5,"Actual Loops": 1,"Group Key": ["orders.o_orderpriority"],"Plans": [{"Node Type": "Gather Merge","Parent Relationship": "Outer","Parallel Aware": false,"Async Capable": false,"Startup Cost": 52283.40,"Total Cost": 52318.75,"Plan Rows": 15,"Plan Width": 24,"Actual Startup Time": 207.460,"Actual Total Time": 232.033,"Actual Rows": 20,"Actual Loops": 1,"Workers Planned": 3,"Workers Launched": 3,"Plans": [{"Node Type": "Aggregate","Strategy": "Sorted","Partial Mode": "Partial","Parent Relationship": "Outer","Parallel Aware": false,"Async Capable": false,"Startup Cost": 51283.36,"Total Cost": 51316.95,"Plan Rows": 5,"Plan Width": 24,"Actual Startup Time": 198.383,"Actual Total Time": 199.637,"Actual Rows": 5,"Actual Loops": 4,"Group Key": ["orders.o_orderpriority"],"Workers": [],"Plans": [{"Node Type": "Sort","Parent Relationship": "Outer","Parallel Aware": false,"Async Capable": false,"Startup Cost": 51283.36,"Total Cost": 51294.54,"Plan Rows": 4471,"Plan Width": 16,"Actual Startup Time": 198.029,"Actual Total Time": 198.557,"Actual Rows": 12996,"Actual Loops": 4,"Sort Key": ["orders.o_orderpriority"],"Sort Method": "quicksort","Sort Space Used": 1092,"Sort Space Type": "Memory","Workers": [{"Worker Number": 0,"Sort Method": "quicksort","Sort Space Used": 1114,"Sort Space Type": "Memory"},{"Worker Number": 1,"Sort Method": "quicksort","Sort Space Used": 1076,"Sort Space Type": "Memory"},{"Worker Number": 2,"Sort Method": "quicksort","Sort Space Used": 1099,"Sort Space Type": "Memory"}],"Plans": [{"Node Type": "Nested Loop","Parent Relationship": "Outer","Parallel Aware": false,"Async Capable": false,"Join Type": "Semi","Startup Cost": 807.02,"Total Cost": 51012.28,"Plan Rows": 4471,"Plan Width": 16,"Actual Startup Time": 5.146,"Actual Total Time": 191.580,"Actual Rows": 12996,"Actual Loops": 4,"Inner Unique": false,"Workers": [],"Plans": [{"Node Type": "Bitmap Heap Scan","Parent Relationship": "Outer","Parallel Aware": true,"Async Capable": false,"Relation Name": "orders","Alias": "orders","Startup Cost": 806.59,"Total Cost": 27183.96,"Plan Rows": 18825,"Plan Width": 20,"Actual Startup Time": 5.016,"Actual Total Time": 56.818,"Actual Rows": 14161,"Actual Loops": 4,"Recheck Cond": "((o_orderdate >= '1994-04-01'::date) AND (o_orderdate < '1994-07-01 00:00:00'::timestamp without time zone))","Rows Removed by Index Recheck": 0,"Exact Heap Blocks": 5770,"Lossy Heap Blocks": 0,"Workers": [],"Plans": [{"Node Type": "Bitmap Index Scan","Parent Relationship": "Outer","Parallel Aware": false,"Async Capable": false,"Index Name": "idx_orders_orderdate","Startup Cost": 0.00,"Total Cost": 792.00,"Plan Rows": 58357,"Plan Width": 0,"Actual Startup Time": 8.503,"Actual Total Time": 8.503,"Actual Rows": 56645,"Actual Loops": 1,"Index Cond": "((o_orderdate >= '1994-04-01'::date) AND (o_orderdate < '1994-07-01 00:00:00'::timestamp without time zone))","Workers": []}]},{"Node Type": "Index Scan","Parent Relationship": "Inner","Parallel Aware": false,"Async Capable": false,"Scan Direction": "Forward","Index Name": "idx_lineitem_orderkey","Relation Name": "lineitem","Alias": "lineitem","Startup Cost": 0.43,"Total Cost": 4.60,"Plan Rows": 6,"Plan Width": 4,"Actual Startup Time": 0.009,"Actual Total Time": 0.009,"Actual Rows": 1,"Actual Loops": 56645,"Index Cond": "(l_orderkey = orders.o_orderkey)","Rows Removed by Index Recheck": 0,"Filter": "(l_commitdate < l_receiptdate)","Rows Removed by Filter": 1,"Workers": []}]}]}]}]}]},"Planning Time": 4.301,"Triggers": [],"Execution Time": 232.692}]
[{"Plan": {"Node Type": "Aggregate","Strategy": "Sorted","Partial Mode": "Finalize","Parallel Aware": false,"Async Capable": false,"Startup Cost": 50393.04,"Total Cost": 50425.42,"Plan Rows": 5,"Plan Width": 24,"Actual Startup Time": 209.179,"Actual Total Time": 234.092,"Actual Rows": 5,"Actual Loops": 1,"Group Key": ["orders.o_orderpriority"],"Plans": [{"Node Type": "Gather Merge","Parent Relationship": "Outer","Parallel Aware": false,"Async Capable": false,"Startup Cost": 50393.04,"Total Cost": 50425.30,"Plan Rows": 15,"Plan Width": 24,"Actual Startup Time": 208.857,"Actual Total Time": 234.045,"Actual Rows": 20,"Actual Loops": 1,"Workers Planned": 3,"Workers Launched": 3,"Plans": [{"Node Type": "Aggregate","Strategy": "Sorted","Partial Mode": "Partial","Parent Relationship": "Outer","Parallel Aware": false,"Async Capable": false,"Startup Cost": 49393.00,"Total Cost": 49423.49,"Plan Rows": 5,"Plan Width": 24,"Actual Startup Time": 200.343,"Actual Total Time": 201.591,"Actual Rows": 5,"Actual Loops": 4,"Group Key": ["orders.o_orderpriority"],"Workers": [],"Plans": [{"Node Type": "Sort","Parent Relationship": "Outer","Parallel Aware": false,"Async Capable": false,"Startup Cost": 49393.00,"Total Cost": 49403.15,"Plan Rows": 4059,"Plan Width": 16,"Actual Startup Time": 200.015,"Actual Total Time": 200.534,"Actual Rows": 13007,"Actual Loops": 4,"Sort Key": ["orders.o_orderpriority"],"Sort Method": "quicksort","Sort Space Used": 1034,"Sort Space Type": "Memory","Workers": [{"Worker Number": 0,"Sort Method": "quicksort","Sort Space Used": 1128,"Sort Space Type": "Memory"},{"Worker Number": 1,"Sort Method": "quicksort","Sort Space Used": 1096,"Sort Space Type": "Memory"},{"Worker Number": 2,"Sort Method": "quicksort","Sort Space Used": 1126,"Sort Space Type": "Memory"}],"Plans": [{"Node Type": "Nested Loop","Parent Relationship": "Outer","Parallel Aware": false,"Async Capable": false,"Join Type": "Semi","Startup Cost": 731.94,"Total Cost": 49149.73,"Plan Rows": 4059,"Plan Width": 16,"Actual Startup Time": 5.320,"Actual Total Time": 193.882,"Actual Rows": 13007,"Actual Loops": 4,"Inner Unique": false,"Workers": [],"Plans": [{"Node Type": "Bitmap Heap Scan","Parent Relationship": "Outer","Parallel Aware": true,"Async Capable": false,"Relation Name": "orders","Alias": "orders","Startup Cost": 731.50,"Total Cost": 27082.87,"Plan Rows": 17091,"Plan Width": 20,"Actual Startup Time": 5.198,"Actual Total Time": 56.771,"Actual Rows": 14217,"Actual Loops": 4,"Recheck Cond": "((o_orderdate >= '1995-09-01'::date) AND (o_orderdate < '1995-12-01 00:00:00'::timestamp without time zone))","Rows Removed by Index Recheck": 0,"Exact Heap Blocks": 5379,"Lossy Heap Blocks": 0,"Workers": [],"Plans": [{"Node Type": "Bitmap Index Scan","Parent Relationship": "Outer","Parallel Aware": false,"Async Capable": false,"Index Name": "idx_orders_orderdate","Startup Cost": 0.00,"Total Cost": 718.26,"Plan Rows": 52983,"Plan Width": 0,"Actual Startup Time": 8.331,"Actual Total Time": 8.335,"Actual Rows": 56867,"Actual Loops": 1,"Index Cond": "((o_orderdate >= '1995-09-01'::date) AND (o_orderdate < '1995-12-01 00:00:00'::timestamp without time zone))","Workers": []}]},{"Node Type": "Index Scan","Parent Relationship": "Inner","Parallel Aware": false,"Async Capable": false,"Scan Direction": "Forward","Index Name": "idx_lineitem_orderkey","Relation Name": "lineitem","Alias": "lineitem","Startup Cost": 0.43,"Total Cost": 4.73,"Plan Rows": 6,"Plan Width": 4,"Actual Startup Time": 0.009,"Actual Total Time": 0.009,"Actual Rows": 1,"Actual Loops": 56867,"Index Cond": "(l_orderkey = orders.o_orderkey)","Rows Removed by Index Recheck": 0,"Filter": "(l_commitdate < l_receiptdate)","Rows Removed by Filter": 1,"Workers": []}]}]}]}]}]},"Planning Time": 4.551,"Triggers": [],"Execution Time": 234.551}]
[{"Plan": {"Node Type": "Aggregate","Strategy": "Sorted","Partial Mode": "Finalize","Parallel Aware": false,"Async Capable": false,"Startup Cost": 52188.36,"Total Cost": 52223.67,"Plan Rows": 5,"Plan Width": 24,"Actual Startup Time": 206.752,"Actual Total Time": 231.361,"Actual Rows": 5,"Actual Loops": 1,"Group Key": ["orders.o_orderpriority"],"Plans": [{"Node Type": "Gather Merge","Parent Relationship": "Outer","Parallel Aware": false,"Async Capable": false,"Startup Cost": 52188.36,"Total Cost": 52223.54,"Plan Rows": 15,"Plan Width": 24,"Actual Startup Time": 206.342,"Actual Total Time": 231.324,"Actual Rows": 20,"Actual Loops": 1,"Workers Planned": 3,"Workers Launched": 3,"Plans": [{"Node Type": "Aggregate","Strategy": "Sorted","Partial Mode": "Partial","Parent Relationship": "Outer","Parallel Aware": false,"Async Capable": false,"Startup Cost": 51188.32,"Total Cost": 51221.74,"Plan Rows": 5,"Plan Width": 24,"Actual Startup Time": 197.592,"Actual Total Time": 198.857,"Actual Rows": 5,"Actual Loops": 4,"Group Key": ["orders.o_orderpriority"],"Workers": [],"Plans": [{"Node Type": "Sort","Parent Relationship": "Outer","Parallel Aware": false,"Async Capable": false,"Startup Cost": 51188.32,"Total Cost": 51199.44,"Plan Rows": 4450,"Plan Width": 16,"Actual Startup Time": 197.254,"Actual Total Time": 197.787,"Actual Rows": 13171,"Actual Loops": 4,"Sort Key": ["orders.o_orderpriority"],"Sort Method": "quicksort","Sort Space Used": 1095,"Sort Space Type": "Memory","Workers": [{"Worker Number": 0,"Sort Method": "quicksort","Sort Space Used": 1116,"Sort Space Type": "Memory"},{"Worker Number": 1,"Sort Method": "quicksort","Sort Space Used": 1089,"Sort Space Type": "Memory"},{"Worker Number": 2,"Sort Method": "quicksort","Sort Space Used": 1119,"Sort Space Type": "Memory"}],"Plans": [{"Node Type": "Nested Loop","Parent Relationship": "Outer","Parallel Aware": false,"Async Capable": false,"Join Type": "Semi","Startup Cost": 804.19,"Total Cost": 50918.66,"Plan Rows": 4450,"Plan Width": 16,"Actual Startup Time": 4.989,"Actual Total Time": 190.898,"Actual Rows": 13171,"Actual Loops": 4,"Inner Unique": false,"Workers": [],"Plans": [{"Node Type": "Bitmap Heap Scan","Parent Relationship": "Outer","Parallel Aware": true,"Async Capable": false,"Relation Name": "orders","Alias": "orders","Startup Cost": 803.76,"Total Cost": 27179.79,"Plan Rows": 18736,"Plan Width": 20,"Actual Startup Time": 4.856,"Actual Total Time": 55.634,"Actual Rows": 14328,"Actual Loops": 4,"Recheck Cond": "((o_orderdate >= '1994-05-01'::date) AND (o_orderdate < '1994-08-01 00:00:00'::timestamp without time zone))","Rows Removed by Index Recheck": 0,"Exact Heap Blocks": 5709,"Lossy Heap Blocks": 0,"Workers": [],"Plans": [{"Node Type": "Bitmap Index Scan","Parent Relationship": "Outer","Parallel Aware": false,"Async Capable": false,"Index Name": "idx_orders_orderdate","Startup Cost": 0.00,"Total Cost": 789.24,"Plan Rows": 58081,"Plan Width": 0,"Actual Startup Time": 8.408,"Actual Total Time": 8.410,"Actual Rows": 57311,"Actual Loops": 1,"Index Cond": "((o_orderdate >= '1994-05-01'::date) AND (o_orderdate < '1994-08-01 00:00:00'::timestamp without time zone))","Workers": []}]},{"Node Type": "Index Scan","Parent Relationship": "Inner","Parallel Aware": false,"Async Capable": false,"Scan Direction": "Forward","Index Name": "idx_lineitem_orderkey","Relation Name": "lineitem","Alias": "lineitem","Startup Cost": 0.43,"Total Cost": 4.61,"Plan Rows": 6,"Plan Width": 4,"Actual Startup Time": 0.009,"Actual Total Time": 0.009,"Actual Rows": 1,"Actual Loops": 57311,"Index Cond": "(l_orderkey = orders.o_orderkey)","Rows Removed by Index Recheck": 0,"Filter": "(l_commitdate < l_receiptdate)","Rows Removed by Filter": 1,"Workers": []}]}]}]}]}]},"Planning Time": 4.567,"Triggers": [],"Execution Time": 232.063}]
[{"Plan": {"Node Type": "Aggregate","Strategy": "Sorted","Partial Mode": "Finalize","Parallel Aware": false,"Async Capable": false,"Startup Cost": 51933.44,"Total Cost": 51968.34,"Plan Rows": 5,"Plan Width": 24,"Actual Startup Time": 210.135,"Actual Total Time": 234.741,"Actual Rows": 5,"Actual Loops": 1,"Group Key": ["orders.o_orderpriority"],"Plans": [{"Node Type": "Gather Merge","Parent Relationship": "Outer","Parallel Aware": false,"Async Capable": false,"Startup Cost": 51933.44,"Total Cost": 51968.21,"Plan Rows": 15,"Plan Width": 24,"Actual Startup Time": 209.800,"Actual Total Time": 234.712,"Actual Rows": 20,"Actual Loops": 1,"Workers Planned": 3,"Workers Launched": 3,"Plans": [{"Node Type": "Aggregate","Strategy": "Sorted","Partial Mode": "Partial","Parent Relationship": "Outer","Parallel Aware": false,"Async Capable": false,"Startup Cost": 50933.40,"Total Cost": 50966.41,"Plan Rows": 5,"Plan Width": 24,"Actual Startup Time": 201.015,"Actual Total Time": 202.241,"Actual Rows": 5,"Actual Loops": 4,"Group Key": ["orders.o_orderpriority"],"Workers": [],"Plans": [{"Node Type": "Sort","Parent Relationship": "Outer","Parallel Aware": false,"Async Capable": false,"Startup Cost": 50933.40,"Total Cost": 50944.39,"Plan Rows": 4394,"Plan Width": 16,"Actual Startup Time": 200.667,"Actual Total Time": 201.175,"Actual Rows": 12952,"Actual Loops": 4,"Sort Key": ["orders.o_orderpriority"],"Sort Method": "quicksort","Sort Space Used": 1081,"Sort Space Type": "Memory","Workers": [{"Worker Number": 0,"Sort Method": "quicksort","Sort Space Used": 1073,"Sort Space Type": "Memory"},{"Worker Number": 1,"Sort Method": "quicksort","Sort Space Used": 1106,"Sort Space Type": "Memory"},{"Worker Number": 2,"Sort Method": "quicksort","Sort Space Used": 1111,"Sort Space Type": "Memory"}],"Plans": [{"Node Type": "Nested Loop","Parent Relationship": "Outer","Parallel Aware": false,"Async Capable": false,"Join Type": "Semi","Startup Cost": 792.75,"Total Cost": 50667.54,"Plan Rows": 4394,"Plan Width": 16,"Actual Startup Time": 5.437,"Actual Total Time": 194.283,"Actual Rows": 12952,"Actual Loops": 4,"Inner Unique": false,"Workers": [],"Plans": [{"Node Type": "Bitmap Heap Scan","Parent Relationship": "Outer","Parallel Aware": true,"Async Capable": false,"Relation Name": "orders","Alias": "orders","Startup Cost": 792.32,"Total Cost": 27164.84,"Plan Rows": 18502,"Plan Width": 20,"Actual Startup Time": 5.284,"Actual Total Time": 57.970,"Actual Rows": 14142,"Actual Loops": 4,"Recheck Cond": "((o_orderdate >= '1996-01-01'::date) AND (o_orderdate < '1996-04-01 00:00:00'::timestamp without time zone))","Rows Removed by Index Recheck": 0,"Exact Heap Blocks": 5656,"Lossy Heap Blocks": 0,"Workers": [],"Plans": [{"Node Type": "Bitmap Index Scan","Parent Relationship": "Outer","Parallel Aware": false,"Async Capable": false,"Index Name": "idx_orders_orderdate","Startup Cost": 0.00,"Total Cost": 777.98,"Plan Rows": 57355,"Plan Width": 0,"Actual Startup Time": 8.943,"Actual Total Time": 8.944,"Actual Rows": 56568,"Actual Loops": 1,"Index Cond": "((o_orderdate >= '1996-01-01'::date) AND (o_orderdate < '1996-04-01 00:00:00'::timestamp without time zone))","Workers": []}]},{"Node Type": "Index Scan","Parent Relationship": "Inner","Parallel Aware": false,"Async Capable": false,"Scan Direction": "Forward","Index Name": "idx_lineitem_orderkey","Relation Name": "lineitem","Alias": "lineitem","Startup Cost": 0.43,"Total Cost": 4.62,"Plan Rows": 6,"Plan Width": 4,"Actual Startup Time": 0.009,"Actual Total Time": 0.009,"Actual Rows": 1,"Actual Loops": 56568,"Index Cond": "(l_orderkey = orders.o_orderkey)","Rows Removed by Index Recheck": 0,"Filter": "(l_commitdate < l_receiptdate)","Rows Removed by Filter": 1,"Workers": []}]}]}]}]}]},"Planning Time": 4.607,"Triggers": [],"Execution Time": 235.195}]
[{"Plan": {"Node Type": "Aggregate","Strategy": "Sorted","Partial Mode": "Finalize","Parallel Aware": false,"Async Capable": false,"Startup Cost": 51833.80,"Total Cost": 51868.53,"Plan Rows": 5,"Plan Width": 24,"Actual Startup Time": 216.193,"Actual Total Time": 238.969,"Actual Rows": 5,"Actual Loops": 1,"Group Key": ["orders.o_orderpriority"],"Plans": [{"Node Type": "Gather Merge","Parent Relationship": "Outer","Parallel Aware": false,"Async Capable": false,"Startup Cost": 51833.80,"Total Cost": 51868.41,"Plan Rows": 15,"Plan Width": 24,"Actual Startup Time": 215.785,"Actual Total Time": 238.947,"Actual Rows": 20,"Actual Loops": 1,"Workers Planned": 3,"Workers Launched": 3,"Plans": [{"Node Type": "Aggregate","Strategy": "Sorted","Partial Mode": "Partial","Parent Relationship": "Outer","Parallel Aware": false,"Async Capable": false,"Startup Cost": 50833.76,"Total Cost": 50866.60,"Plan Rows": 5,"Plan Width": 24,"Actual Startup Time": 207.585,"Actual Total Time": 208.848,"Actual Rows": 5,"Actual Loops": 4,"Group Key": ["orders.o_orderpriority"],"Workers": [],"Plans": [{"Node Type": "Sort","Parent Relationship": "Outer","Parallel Aware": false,"Async Capable": false,"Startup Cost": 50833.76,"Total Cost": 50844.69,"Plan Rows": 4372,"Plan Width": 16,"Actual Startup Time": 207.234,"Actual Total Time": 207.768,"Actual Rows": 13206,"Actual Loops": 4,"Sort Key": ["orders.o_orderpriority"],"Sort Method": "quicksort","Sort Space Used": 1141,"Sort Space Type": "Memory","Workers": [{"Worker Number": 0,"Sort Method": "quicksort","Sort Space Used": 1092,"Sort Space Type": "Memory"},{"Worker Number": 1,"Sort Method": "quicksort","Sort Space Used": 1066,"Sort Space Type": "Memory"},{"Worker Number": 2,"Sort Method": "quicksort","Sort Space Used": 1127,"Sort Space Type": "Memory"}],"Plans": [{"Node Type": "Nested Loop","Parent Relationship": "Outer","Parallel Aware": false,"Async Capable": false,"Join Type": "Semi","Startup Cost": 789.79,"Total Cost": 50569.39,"Plan Rows": 4372,"Plan Width": 16,"Actual Startup Time": 5.838,"Actual Total Time": 200.574,"Actual Rows": 13206,"Actual Loops": 4,"Inner Unique": false,"Workers": [],"Plans": [{"Node Type": "Bitmap Heap Scan","Parent Relationship": "Outer","Parallel Aware": true,"Async Capable": false,"Relation Name": "orders","Alias": "orders","Startup Cost": 789.35,"Total Cost": 27160.48,"Plan Rows": 18409,"Plan Width": 20,"Actual Startup Time": 5.710,"Actual Total Time": 58.739,"Actual Rows": 14419,"Actual Loops": 4,"Recheck Cond": "((o_orderdate >= '1995-07-01'::date) AND (o_orderdate < '1995-10-01 00:00:00'::timestamp without time zone))","Rows Removed by Index Recheck": 0,"Exact Heap Blocks": 6140,"Lossy Heap Blocks": 0,"Workers": [],"Plans": [{"Node Type": "Bitmap Index Scan","Parent Relationship": "Outer","Parallel Aware": false,"Async Capable": false,"Index Name": "idx_orders_orderdate","Startup Cost": 0.00,"Total Cost": 775.09,"Plan Rows": 57066,"Plan Width": 0,"Actual Startup Time": 8.705,"Actual Total Time": 8.706,"Actual Rows": 57677,"Actual Loops": 1,"Index Cond": "((o_orderdate >= '1995-07-01'::date) AND (o_orderdate < '1995-10-01 00:00:00'::timestamp without time zone))","Workers": []}]},{"Node Type": "Index Scan","Parent Relationship": "Inner","Parallel Aware": false,"Async Capable": false,"Scan Direction": "Forward","Index Name": "idx_lineitem_orderkey","Relation Name": "lineitem","Alias": "lineitem","Startup Cost": 0.43,"Total Cost": 4.63,"Plan Rows": 6,"Plan Width": 4,"Actual Startup Time": 0.010,"Actual Total Time": 0.010,"Actual Rows": 1,"Actual Loops": 57677,"Index Cond": "(l_orderkey = orders.o_orderkey)","Rows Removed by Index Recheck": 0,"Filter": "(l_commitdate < l_receiptdate)","Rows Removed by Filter": 1,"Workers": []}]}]}]}]}]},"Planning Time": 4.165,"Triggers": [],"Execution Time": 239.454}]
[{"Plan": {"Node Type": "Aggregate","Strategy": "Sorted","Partial Mode": "Finalize","Parallel Aware": false,"Async Capable": false,"Startup Cost": 51845.54,"Total Cost": 51880.29,"Plan Rows": 5,"Plan Width": 24,"Actual Startup Time": 207.177,"Actual Total Time": 232.110,"Actual Rows": 5,"Actual Loops": 1,"Group Key": ["orders.o_orderpriority"],"Plans": [{"Node Type": "Gather Merge","Parent Relationship": "Outer","Parallel Aware": false,"Async Capable": false,"Startup Cost": 51845.54,"Total Cost": 51880.17,"Plan Rows": 15,"Plan Width": 24,"Actual Startup Time": 206.778,"Actual Total Time": 232.079,"Actual Rows": 20,"Actual Loops": 1,"Workers Planned": 3,"Workers Launched": 3,"Plans": [{"Node Type": "Aggregate","Strategy": "Sorted","Partial Mode": "Partial","Parent Relationship": "Outer","Parallel Aware": false,"Async Capable": false,"Startup Cost": 50845.50,"Total Cost": 50878.36,"Plan Rows": 5,"Plan Width": 24,"Actual Startup Time": 198.217,"Actual Total Time": 199.466,"Actual Rows": 5,"Actual Loops": 4,"Group Key": ["orders.o_orderpriority"],"Workers": [],"Plans": [{"Node Type": "Sort","Parent Relationship": "Outer","Parallel Aware": false,"Async Capable": false,"Startup Cost": 50845.50,"Total Cost": 50856.44,"Plan Rows": 4375,"Plan Width": 16,"Actual Startup Time": 197.865,"Actual Total Time": 198.399,"Actual Rows": 13003,"Actual Loops": 4,"Sort Key": ["orders.o_orderpriority"],"Sort Method": "quicksort","Sort Space Used": 1088,"Sort Space Type": "Memory","Workers": [{"Worker Number": 0,"Sort Method": "quicksort","Sort Space Used": 1109,"Sort Space Type": "Memory"},{"Worker Number": 1,"Sort Method": "quicksort","Sort Space Used": 1075,"Sort Space Type": "Memory"},{"Worker Number": 2,"Sort Method": "quicksort","Sort Space Used": 1111,"Sort Space Type": "Memory"}],"Plans": [{"Node Type": "Nested Loop","Parent Relationship": "Outer","Parallel Aware": false,"Async Capable": false,"Join Type": "Semi","Startup Cost": 790.17,"Total Cost": 50580.92,"Plan Rows": 4375,"Plan Width": 16,"Actual Startup Time": 5.194,"Actual Total Time": 191.534,"Actual Rows": 13003,"Actual Loops": 4,"Inner Unique": false,"Workers": [],"Plans": [{"Node Type": "Bitmap Heap Scan","Parent Relationship": "Outer","Parallel Aware": true,"Async Capable": false,"Relation Name": "orders","Alias": "orders","Startup Cost": 789.73,"Total Cost": 27161.04,"Plan Rows": 18420,"Plan Width": 20,"Actual Startup Time": 5.066,"Actual Total Time": 56.417,"Actual Rows": 14194,"Actual Loops": 4,"Recheck Cond": "((o_orderdate >= '1996-04-01'::date) AND (o_orderdate < '1996-07-01 00:00:00'::timestamp without time zone))","Rows Removed by Index Recheck": 0,"Exact Heap Blocks": 5706,"Lossy Heap Blocks": 0,"Workers": [],"Plans": [{"Node Type": "Bitmap Index Scan","Parent Relationship": "Outer","Parallel Aware": false,"Async Capable": false,"Index Name": "idx_orders_orderdate","Startup Cost": 0.00,"Total Cost": 775.46,"Plan Rows": 57103,"Plan Width": 0,"Actual Startup Time": 8.398,"Actual Total Time": 8.399,"Actual Rows": 56775,"Actual Loops": 1,"Index Cond": "((o_orderdate >= '1996-04-01'::date) AND (o_orderdate < '1996-07-01 00:00:00'::timestamp without time zone))","Workers": []}]},{"Node Type": "Index Scan","Parent Relationship": "Inner","Parallel Aware": false,"Async Capable": false,"Scan Direction": "Forward","Index Name": "idx_lineitem_orderkey","Relation Name": "lineitem","Alias": "lineitem","Startup Cost": 0.43,"Total Cost": 4.63,"Plan Rows": 6,"Plan Width": 4,"Actual Startup Time": 0.009,"Actual Total Time": 0.009,"Actual Rows": 1,"Actual Loops": 56775,"Index Cond": "(l_orderkey = orders.o_orderkey)","Rows Removed by Index Recheck": 0,"Filter": "(l_commitdate < l_receiptdate)","Rows Removed by Filter": 1,"Workers": []}]}]}]}]}]},"Planning Time": 4.671,"Triggers": [],"Execution Time": 232.791}]
[{"Plan": {"Node Type": "Aggregate","Strategy": "Sorted","Partial Mode": "Finalize","Parallel Aware": false,"Async Capable": false,"Startup Cost": 52350.82,"Total Cost": 52386.40,"Plan Rows": 5,"Plan Width": 24,"Actual Startup Time": 210.793,"Actual Total Time": 234.778,"Actual Rows": 5,"Actual Loops": 1,"Group Key": ["orders.o_orderpriority"],"Plans": [{"Node Type": "Gather Merge","Parent Relationship": "Outer","Parallel Aware": false,"Async Capable": false,"Startup Cost": 52350.82,"Total Cost": 52386.28,"Plan Rows": 15,"Plan Width": 24,"Actual Startup Time": 210.399,"Actual Total Time": 234.748,"Actual Rows": 20,"Actual Loops": 1,"Workers Planned": 3,"Workers Launched": 3,"Plans": [{"Node Type": "Aggregate","Strategy": "Sorted","Partial Mode": "Partial","Parent Relationship": "Outer","Parallel Aware": false,"Async Capable": false,"Startup Cost": 51350.78,"Total Cost": 51384.47,"Plan Rows": 5,"Plan Width": 24,"Actual Startup Time": 201.538,"Actual Total Time": 202.786,"Actual Rows": 5,"Actual Loops": 4,"Group Key": ["orders.o_orderpriority"],"Workers": [],"Plans": [{"Node Type": "Sort","Parent Relationship": "Outer","Parallel Aware": false,"Async Capable": false,"Startup Cost": 51350.78,"Total Cost": 51361.99,"Plan Rows": 4486,"Plan Width": 16,"Actual Startup Time": 201.192,"Actual Total Time": 201.702,"Actual Rows": 13259,"Actual Loops": 4,"Sort Key": ["orders.o_orderpriority"],"Sort Method": "quicksort","Sort Space Used": 1126,"Sort Space Type": "Memory","Workers": [{"Worker Number": 0,"Sort Method": "quicksort","Sort Space Used": 1102,"Sort Space Type": "Memory"},{"Worker Number": 1,"Sort Method": "quicksort","Sort Space Used": 1115,"Sort Space Type": "Memory"},{"Worker Number": 2,"Sort Method": "quicksort","Sort Space Used": 1095,"Sort Space Type": "Memory"}],"Plans": [{"Node Type": "Nested Loop","Parent Relationship": "Outer","Parallel Aware": false,"Async Capable": false,"Join Type": "Semi","Startup Cost": 809.03,"Total Cost": 51078.68,"Plan Rows": 4486,"Plan Width": 16,"Actual Startup Time": 4.343,"Actual Total Time": 194.788,"Actual Rows": 13259,"Actual Loops": 4,"Inner Unique": false,"Workers": [],"Plans": [{"Node Type": "Bitmap Heap Scan","Parent Relationship": "Outer","Parallel Aware": true,"Async Capable": false,"Relation Name": "orders","Alias": "orders","Startup Cost": 808.60,"Total Cost": 27186.92,"Plan Rows": 18888,"Plan Width": 20,"Actual Startup Time": 4.218,"Actual Total Time": 57.297,"Actual Rows": 14442,"Actual Loops": 4,"Recheck Cond": "((o_orderdate >= '1996-07-01'::date) AND (o_orderdate < '1996-10-01 00:00:00'::timestamp without time zone))","Rows Removed by Index Recheck": 0,"Exact Heap Blocks": 5957,"Lossy Heap Blocks": 0,"Workers": [],"Plans": [{"Node Type": "Bitmap Index Scan","Parent Relationship": "Outer","Parallel Aware": false,"Async Capable": false,"Index Name": "idx_orders_orderdate","Startup Cost": 0.00,"Total Cost": 793.96,"Plan Rows": 58553,"Plan Width": 0,"Actual Startup Time": 7.813,"Actual Total Time": 7.814,"Actual Rows": 57768,"Actual Loops": 1,"Index Cond": "((o_orderdate >= '1996-07-01'::date) AND (o_orderdate < '1996-10-01 00:00:00'::timestamp without time zone))","Workers": []}]},{"Node Type": "Index Scan","Parent Relationship": "Inner","Parallel Aware": false,"Async Capable": false,"Scan Direction": "Forward","Index Name": "idx_lineitem_orderkey","Relation Name": "lineitem","Alias": "lineitem","Startup Cost": 0.43,"Total Cost": 4.60,"Plan Rows": 6,"Plan Width": 4,"Actual Startup Time": 0.009,"Actual Total Time": 0.009,"Actual Rows": 1,"Actual Loops": 57768,"Index Cond": "(l_orderkey = orders.o_orderkey)","Rows Removed by Index Recheck": 0,"Filter": "(l_commitdate < l_receiptdate)","Rows Removed by Filter": 1,"Workers": []}]}]}]}]}]},"Planning Time": 4.843,"Triggers": [],"Execution Time": 235.203}]
[{"Plan": {"Node Type": "Aggregate","Strategy": "Sorted","Partial Mode": "Finalize","Parallel Aware": false,"Async Capable": false,"Startup Cost": 51563.06,"Total Cost": 51597.36,"Plan Rows": 5,"Plan Width": 24,"Actual Startup Time": 209.353,"Actual Total Time": 233.705,"Actual Rows": 5,"Actual Loops": 1,"Group Key": ["orders.o_orderpriority"],"Plans": [{"Node Type": "Gather Merge","Parent Relationship": "Outer","Parallel Aware": false,"Async Capable": false,"Startup Cost": 51563.06,"Total Cost": 51597.23,"Plan Rows": 15,"Plan Width": 24,"Actual Startup Time": 208.928,"Actual Total Time": 233.674,"Actual Rows": 20,"Actual Loops": 1,"Workers Planned": 3,"Workers Launched": 3,"Plans": [{"Node Type": "Aggregate","Strategy": "Sorted","Partial Mode": "Partial","Parent Relationship": "Outer","Parallel Aware": false,"Async Capable": false,"Startup Cost": 50563.02,"Total Cost": 50595.43,"Plan Rows": 5,"Plan Width": 24,"Actual Startup Time": 200.123,"Actual Total Time": 201.359,"Actual Rows": 5,"Actual Loops": 4,"Group Key": ["orders.o_orderpriority"],"Workers": [],"Plans": [{"Node Type": "Sort","Parent Relationship": "Outer","Parallel Aware": false,"Async Capable": false,"Startup Cost": 50563.02,"Total Cost": 50573.81,"Plan Rows": 4314,"Plan Width": 16,"Actual Startup Time": 199.793,"Actual Total Time": 200.293,"Actual Rows": 12936,"Actual Loops": 4,"Sort Key": ["orders.o_orderpriority"],"Sort Method": "quicksort","Sort Space Used": 1088,"Sort Space Type": "Memory","Workers": [{"Worker Number": 0,"Sort Method": "quicksort","Sort Space Used": 1073,"Sort Space Type": "Memory"},{"Worker Number": 1,"Sort Method": "quicksort","Sort Space Used": 1104,"Sort Space Type": "Memory"},{"Worker Number": 2,"Sort Method": "quicksort","Sort Space Used": 1102,"Sort Space Type": "Memory"}],"Plans": [{"Node Type": "Nested Loop","Parent Relationship": "Outer","Parallel Aware": false,"Async Capable": false,"Join Type": "Semi","Startup Cost": 777.94,"Total Cost": 50302.57,"Plan Rows": 4314,"Plan Width": 16,"Actual Startup Time": 5.390,"Actual Total Time": 193.555,"Actual Rows": 12936,"Actual Loops": 4,"Inner Unique": false,"Workers": [],"Plans": [{"Node Type": "Bitmap Heap Scan","Parent Relationship": "Outer","Parallel Aware": true,"Async Capable": false,"Relation Name": "orders","Alias": "orders","Startup Cost": 777.50,"Total Cost": 27144.92,"Plan Rows": 18161,"Plan Width": 20,"Actual Startup Time": 5.246,"Actual Total Time": 58.249,"Actual Rows": 14114,"Actual Loops": 4,"Recheck Cond": "((o_orderdate >= '1997-09-01'::date) AND (o_orderdate < '1997-12-01 00:00:00'::timestamp without time zone))","Rows Removed by Index Recheck": 0,"Exact Heap Blocks": 5736,"Lossy Heap Blocks": 0,"Workers": [],"Plans": [{"Node Type": "Bitmap Index Scan","Parent Relationship": "Outer","Parallel Aware": false,"Async Capable": false,"Index Name": "idx_orders_orderdate","Startup Cost": 0.00,"Total Cost": 763.43,"Plan Rows": 56300,"Plan Width": 0,"Actual Startup Time": 8.862,"Actual Total Time": 8.862,"Actual Rows": 56454,"Actual Loops": 1,"Index Cond": "((o_orderdate >= '1997-09-01'::date) AND (o_orderdate < '1997-12-01 00:00:00'::timestamp without time zone))","Workers": []}]},{"Node Type": "Index Scan","Parent Relationship": "Inner","Parallel Aware": false,"Async Capable": false,"Scan Direction": "Forward","Index Name": "idx_lineitem_orderkey","Relation Name": "lineitem","Alias": "lineitem","Startup Cost": 0.43,"Total Cost": 4.65,"Plan Rows": 6,"Plan Width": 4,"Actual Startup Time": 0.009,"Actual Total Time": 0.009,"Actual Rows": 1,"Actual Loops": 56454,"Index Cond": "(l_orderkey = orders.o_orderkey)","Rows Removed by Index Recheck": 0,"Filter": "(l_commitdate < l_receiptdate)","Rows Removed by Filter": 1,"Workers": []}]}]}]}]}]},"Planning Time": 5.783,"Triggers": [],"Execution Time": 234.121}]
[{"Plan": {"Node Type": "Aggregate","Strategy": "Sorted","Partial Mode": "Finalize","Parallel Aware": false,"Async Capable": false,"Startup Cost": 51461.99,"Total Cost": 51496.11,"Plan Rows": 5,"Plan Width": 24,"Actual Startup Time": 213.186,"Actual Total Time": 237.729,"Actual Rows": 5,"Actual Loops": 1,"Group Key": ["orders.o_orderpriority"],"Plans": [{"Node Type": "Gather Merge","Parent Relationship": "Outer","Parallel Aware": false,"Async Capable": false,"Startup Cost": 51461.99,"Total Cost": 51495.99,"Plan Rows": 15,"Plan Width": 24,"Actual Startup Time": 212.815,"Actual Total Time": 237.699,"Actual Rows": 20,"Actual Loops": 1,"Workers Planned": 3,"Workers Launched": 3,"Plans": [{"Node Type": "Aggregate","Strategy": "Sorted","Partial Mode": "Partial","Parent Relationship": "Outer","Parallel Aware": false,"Async Capable": false,"Startup Cost": 50461.95,"Total Cost": 50494.18,"Plan Rows": 5,"Plan Width": 24,"Actual Startup Time": 204.295,"Actual Total Time": 205.529,"Actual Rows": 5,"Actual Loops": 4,"Group Key": ["orders.o_orderpriority"],"Workers": [],"Plans": [{"Node Type": "Sort","Parent Relationship": "Outer","Parallel Aware": false,"Async Capable": false,"Startup Cost": 50461.95,"Total Cost": 50472.68,"Plan Rows": 4291,"Plan Width": 16,"Actual Startup Time": 203.958,"Actual Total Time": 204.459,"Actual Rows": 13076,"Actual Loops": 4,"Sort Key": ["orders.o_orderpriority"],"Sort Method": "quicksort","Sort Space Used": 1093,"Sort Space Type": "Memory","Workers": [{"Worker Number": 0,"Sort Method": "quicksort","Sort Space Used": 1098,"Sort Space Type": "Memory"},{"Worker Number": 1,"Sort Method": "quicksort","Sort Space Used": 1094,"Sort Space Type": "Memory"},{"Worker Number": 2,"Sort Method": "quicksort","Sort Space Used": 1113,"Sort Space Type": "Memory"}],"Plans": [{"Node Type": "Nested Loop","Parent Relationship": "Outer","Parallel Aware": false,"Async Capable": false,"Join Type": "Semi","Startup Cost": 774.93,"Total Cost": 50203.05,"Plan Rows": 4291,"Plan Width": 16,"Actual Startup Time": 5.106,"Actual Total Time": 197.473,"Actual Rows": 13076,"Actual Loops": 4,"Inner Unique": false,"Workers": [],"Plans": [{"Node Type": "Bitmap Heap Scan","Parent Relationship": "Outer","Parallel Aware": true,"Async Capable": false,"Relation Name": "orders","Alias": "orders","Startup Cost": 774.50,"Total Cost": 27140.50,"Plan Rows": 18067,"Plan Width": 20,"Actual Startup Time": 4.994,"Actual Total Time": 59.359,"Actual Rows": 14279,"Actual Loops": 4,"Recheck Cond": "((o_orderdate >= '1995-04-01'::date) AND (o_orderdate < '1995-07-01 00:00:00'::timestamp without time zone))","Rows Removed by Index Recheck": 0,"Exact Heap Blocks": 5795,"Lossy Heap Blocks": 0,"Workers": [],"Plans": [{"Node Type": "Bitmap Index Scan","Parent Relationship": "Outer","Parallel Aware": false,"Async Capable": false,"Index Name": "idx_orders_orderdate","Startup Cost": 0.00,"Total Cost": 760.50,"Plan Rows": 56007,"Plan Width": 0,"Actual Startup Time": 8.367,"Actual Total Time": 8.369,"Actual Rows": 57117,"Actual Loops": 1,"Index Cond": "((o_orderdate >= '1995-04-01'::date) AND (o_orderdate < '1995-07-01 00:00:00'::timestamp without time zone))","Workers": []}]},{"Node Type": "Index Scan","Parent Relationship": "Inner","Parallel Aware": false,"Async Capable": false,"Scan Direction": "Forward","Index Name": "idx_lineitem_orderkey","Relation Name": "lineitem","Alias": "lineitem","Startup Cost": 0.43,"Total Cost": 4.65,"Plan Rows": 6,"Plan Width": 4,"Actual Startup Time": 0.009,"Actual Total Time": 0.009,"Actual Rows": 1,"Actual Loops": 57117,"Index Cond": "(l_orderkey = orders.o_orderkey)","Rows Removed by Index Recheck": 0,"Filter": "(l_commitdate < l_receiptdate)","Rows Removed by Filter": 1,"Workers": []}]}]}]}]}]},"Planning Time": 5.027,"Triggers": [],"Execution Time": 238.276}]
[{"Plan": {"Node Type": "Aggregate","Strategy": "Sorted","Partial Mode": "Finalize","Parallel Aware": false,"Async Capable": false,"Startup Cost": 50795.59,"Total Cost": 50828.62,"Plan Rows": 5,"Plan Width": 24,"Actual Startup Time": 207.449,"Actual Total Time": 231.624,"Actual Rows": 5,"Actual Loops": 1,"Group Key": ["orders.o_orderpriority"],"Plans": [{"Node Type": "Gather Merge","Parent Relationship": "Outer","Parallel Aware": false,"Async Capable": false,"Startup Cost": 50795.59,"Total Cost": 50828.49,"Plan Rows": 15,"Plan Width": 24,"Actual Startup Time": 207.082,"Actual Total Time": 231.593,"Actual Rows": 20,"Actual Loops": 1,"Workers Planned": 3,"Workers Launched": 3,"Plans": [{"Node Type": "Aggregate","Strategy": "Sorted","Partial Mode": "Partial","Parent Relationship": "Outer","Parallel Aware": false,"Async Capable": false,"Startup Cost": 49795.55,"Total Cost": 49826.69,"Plan Rows": 5,"Plan Width": 24,"Actual Startup Time": 197.121,"Actual Total Time": 198.416,"Actual Rows": 5,"Actual Loops": 4,"Group Key": ["orders.o_orderpriority"],"Workers": [],"Plans": [{"Node Type": "Sort","Parent Relationship": "Outer","Parallel Aware": false,"Async Capable": false,"Startup Cost": 49795.55,"Total Cost": 49805.91,"Plan Rows": 4146,"Plan Width": 16,"Actual Startup Time": 196.751,"Actual Total Time": 197.344,"Actual Rows": 12836,"Actual Loops": 4,"Sort Key": ["orders.o_orderpriority"],"Sort Method": "quicksort","Sort Space Used": 1059,"Sort Space Type": "Memory","Workers": [{"Worker Number": 0,"Sort Method": "quicksort","Sort Space Used": 1115,"Sort Space Type": "Memory"},{"Worker Number": 1,"Sort Method": "quicksort","Sort Space Used": 1058,"Sort Space Type": "Memory"},{"Worker Number": 2,"Sort Method": "quicksort","Sort Space Used": 1115,"Sort Space Type": "Memory"}],"Plans": [{"Node Type": "Nested Loop","Parent Relationship": "Outer","Parallel Aware": false,"Async Capable": false,"Join Type": "Semi","Startup Cost": 747.58,"Total Cost": 49546.42,"Plan Rows": 4146,"Plan Width": 16,"Actual Startup Time": 3.884,"Actual Total Time": 190.408,"Actual Rows": 12836,"Actual Loops": 4,"Inner Unique": false,"Workers": [],"Plans": [{"Node Type": "Bitmap Heap Scan","Parent Relationship": "Outer","Parallel Aware": true,"Async Capable": false,"Relation Name": "orders","Alias": "orders","Startup Cost": 747.15,"Total Cost": 27104.01,"Plan Rows": 17458,"Plan Width": 20,"Actual Startup Time": 3.813,"Actual Total Time": 55.064,"Actual Rows": 14013,"Actual Loops": 4,"Recheck Cond": "((o_orderdate >= '1996-02-01'::date) AND (o_orderdate < '1996-05-01 00:00:00'::timestamp without time zone))","Rows Removed by Index Recheck": 0,"Exact Heap Blocks": 5537,"Lossy Heap Blocks": 0,"Workers": [],"Plans": [{"Node Type": "Bitmap Index Scan","Parent Relationship": "Outer","Parallel Aware": false,"Async Capable": false,"Index Name": "idx_orders_orderdate","Startup Cost": 0.00,"Total Cost": 733.62,"Plan Rows": 54119,"Plan Width": 0,"Actual Startup Time": 7.926,"Actual Total Time": 7.927,"Actual Rows": 56052,"Actual Loops": 1,"Index Cond": "((o_orderdate >= '1996-02-01'::date) AND (o_orderdate < '1996-05-01 00:00:00'::timestamp without time zone))","Workers": []}]},{"Node Type": "Index Scan","Parent Relationship": "Inner","Parallel Aware": false,"Async Capable": false,"Scan Direction": "Forward","Index Name": "idx_lineitem_orderkey","Relation Name": "lineitem","Alias": "lineitem","Startup Cost": 0.43,"Total Cost": 4.70,"Plan Rows": 6,"Plan Width": 4,"Actual Startup Time": 0.009,"Actual Total Time": 0.009,"Actual Rows": 1,"Actual Loops": 56052,"Index Cond": "(l_orderkey = orders.o_orderkey)","Rows Removed by Index Recheck": 0,"Filter": "(l_commitdate < l_receiptdate)","Rows Removed by Filter": 1,"Workers": []}]}]}]}]}]},"Planning Time": 5.293,"Triggers": [],"Execution Time": 232.381}]
[{"Plan": {"Node Type": "Aggregate","Strategy": "Sorted","Partial Mode": "Finalize","Parallel Aware": false,"Async Capable": false,"Startup Cost": 52231.26,"Total Cost": 52266.64,"Plan Rows": 5,"Plan Width": 24,"Actual Startup Time": 211.731,"Actual Total Time": 236.685,"Actual Rows": 5,"Actual Loops": 1,"Group Key": ["orders.o_orderpriority"],"Plans": [{"Node Type": "Gather Merge","Parent Relationship": "Outer","Parallel Aware": false,"Async Capable": false,"Startup Cost": 52231.26,"Total Cost": 52266.52,"Plan Rows": 15,"Plan Width": 24,"Actual Startup Time": 211.358,"Actual Total Time": 236.644,"Actual Rows": 20,"Actual Loops": 1,"Workers Planned": 3,"Workers Launched": 3,"Plans": [{"Node Type": "Aggregate","Strategy": "Sorted","Partial Mode": "Partial","Parent Relationship": "Outer","Parallel Aware": false,"Async Capable": false,"Startup Cost": 51231.22,"Total Cost": 51264.72,"Plan Rows": 5,"Plan Width": 24,"Actual Startup Time": 202.707,"Actual Total Time": 203.957,"Actual Rows": 5,"Actual Loops": 4,"Group Key": ["orders.o_orderpriority"],"Workers": [],"Plans": [{"Node Type": "Sort","Parent Relationship": "Outer","Parallel Aware": false,"Async Capable": false,"Startup Cost": 51231.22,"Total Cost": 51242.37,"Plan Rows": 4460,"Plan Width": 16,"Actual Startup Time": 202.371,"Actual Total Time": 202.882,"Actual Rows": 13097,"Actual Loops": 4,"Sort Key": ["orders.o_orderpriority"],"Sort Method": "quicksort","Sort Space Used": 1098,"Sort Space Type": "Memory","Workers": [{"Worker Number": 0,"Sort Method": "quicksort","Sort Space Used": 1097,"Sort Space Type": "Memory"},{"Worker Number": 1,"Sort Method": "quicksort","Sort Space Used": 1085,"Sort Space Type": "Memory"},{"Worker Number": 2,"Sort Method": "quicksort","Sort Space Used": 1122,"Sort Space Type": "Memory"}],"Plans": [{"Node Type": "Nested Loop","Parent Relationship": "Outer","Parallel Aware": false,"Async Capable": false,"Join Type": "Semi","Startup Cost": 805.48,"Total Cost": 50960.88,"Plan Rows": 4460,"Plan Width": 16,"Actual Startup Time": 5.489,"Actual Total Time": 195.856,"Actual Rows": 13097,"Actual Loops": 4,"Inner Unique": false,"Workers": [],"Plans": [{"Node Type": "Bitmap Heap Scan","Parent Relationship": "Outer","Parallel Aware": true,"Async Capable": false,"Relation Name": "orders","Alias": "orders","Startup Cost": 805.05,"Total Cost": 27181.70,"Plan Rows": 18776,"Plan Width": 20,"Actual Startup Time": 5.323,"Actual Total Time": 57.749,"Actual Rows": 14305,"Actual Loops": 4,"Recheck Cond": "((o_orderdate >= '1994-10-01'::date) AND (o_orderdate < '1995-01-01 00:00:00'::timestamp without time zone))","Rows Removed by Index Recheck": 0,"Exact Heap Blocks": 5772,"Lossy Heap Blocks": 0,"Workers": [],"Plans": [{"Node Type": "Bitmap Index Scan","Parent Relationship": "Outer","Parallel Aware": false,"Async Capable": false,"Index Name": "idx_orders_orderdate","Startup Cost": 0.00,"Total Cost": 790.50,"Plan Rows": 58207,"Plan Width": 0,"Actual Startup Time": 8.588,"Actual Total Time": 8.590,"Actual Rows": 57219,"Actual Loops": 1,"Index Cond": "((o_orderdate >= '1994-10-01'::date) AND (o_orderdate < '1995-01-01 00:00:00'::timestamp without time zone))","Workers": []}]},{"Node Type": "Index Scan","Parent Relationship": "Inner","Parallel Aware": false,"Async Capable": false,"Scan Direction": "Forward","Index Name": "idx_lineitem_orderkey","Relation Name": "lineitem","Alias": "lineitem","Startup Cost": 0.43,"Total Cost": 4.60,"Plan Rows": 6,"Plan Width": 4,"Actual Startup Time": 0.009,"Actual Total Time": 0.009,"Actual Rows": 1,"Actual Loops": 57219,"Index Cond": "(l_orderkey = orders.o_orderkey)","Rows Removed by Index Recheck": 0,"Filter": "(l_commitdate < l_receiptdate)","Rows Removed by Filter": 1,"Workers": []}]}]}]}]}]},"Planning Time": 4.281,"Triggers": [],"Execution Time": 237.379}]
[{"Plan": {"Node Type": "Aggregate","Strategy": "Sorted","Partial Mode": "Finalize","Parallel Aware": false,"Async Capable": false,"Startup Cost": 52283.40,"Total Cost": 52318.87,"Plan Rows": 5,"Plan Width": 24,"Actual Startup Time": 207.856,"Actual Total Time": 232.061,"Actual Rows": 5,"Actual Loops": 1,"Group Key": ["orders.o_orderpriority"],"Plans": [{"Node Type": "Gather Merge","Parent Relationship": "Outer","Parallel Aware": false,"Async Capable": false,"Startup Cost": 52283.40,"Total Cost": 52318.75,"Plan Rows": 15,"Plan Width": 24,"Actual Startup Time": 207.460,"Actual Total Time": 232.033,"Actual Rows": 20,"Actual Loops": 1,"Workers Planned": 3,"Workers Launched": 3,"Plans": [{"Node Type": "Aggregate","Strategy": "Sorted","Partial Mode": "Partial","Parent Relationship": "Outer","Parallel Aware": false,"Async Capable": false,"Startup Cost": 51283.36,"Total Cost": 51316.95,"Plan Rows": 5,"Plan Width": 24,"Actual Startup Time": 198.383,"Actual Total Time": 199.637,"Actual Rows": 5,"Actual Loops": 4,"Group Key": ["orders.o_orderpriority"],"Workers": [],"Plans": [{"Node Type": "Sort","Parent Relationship": "Outer","Parallel Aware": false,"Async Capable": false,"Startup Cost": 51283.36,"Total Cost": 51294.54,"Plan Rows": 4471,"Plan Width": 16,"Actual Startup Time": 198.029,"Actual Total Time": 198.557,"Actual Rows": 12996,"Actual Loops": 4,"Sort Key": ["orders.o_orderpriority"],"Sort Method": "quicksort","Sort Space Used": 1092,"Sort Space Type": "Memory","Workers": [{"Worker Number": 0,"Sort Method": "quicksort","Sort Space Used": 1114,"Sort Space Type": "Memory"},{"Worker Number": 1,"Sort Method": "quicksort","Sort Space Used": 1076,"Sort Space Type": "Memory"},{"Worker Number": 2,"Sort Method": "quicksort","Sort Space Used": 1099,"Sort Space Type": "Memory"}],"Plans": [{"Node Type": "Nested Loop","Parent Relationship": "Outer","Parallel Aware": false,"Async Capable": false,"Join Type": "Semi","Startup Cost": 807.02,"Total Cost": 51012.28,"Plan Rows": 4471,"Plan Width": 16,"Actual Startup Time": 5.146,"Actual Total Time": 191.580,"Actual Rows": 12996,"Actual Loops": 4,"Inner Unique": false,"Workers": [],"Plans": [{"Node Type": "Bitmap Heap Scan","Parent Relationship": "Outer","Parallel Aware": true,"Async Capable": false,"Relation Name": "orders","Alias": "orders","Startup Cost": 806.59,"Total Cost": 27183.96,"Plan Rows": 18825,"Plan Width": 20,"Actual Startup Time": 5.016,"Actual Total Time": 56.818,"Actual Rows": 14161,"Actual Loops": 4,"Recheck Cond": "((o_orderdate >= '1994-04-01'::date) AND (o_orderdate < '1994-07-01 00:00:00'::timestamp without time zone))","Rows Removed by Index Recheck": 0,"Exact Heap Blocks": 5770,"Lossy Heap Blocks": 0,"Workers": [],"Plans": [{"Node Type": "Bitmap Index Scan","Parent Relationship": "Outer","Parallel Aware": false,"Async Capable": false,"Index Name": "idx_orders_orderdate","Startup Cost": 0.00,"Total Cost": 792.00,"Plan Rows": 58357,"Plan Width": 0,"Actual Startup Time": 8.503,"Actual Total Time": 8.503,"Actual Rows": 56645,"Actual Loops": 1,"Index Cond": "((o_orderdate >= '1994-04-01'::date) AND (o_orderdate < '1994-07-01 00:00:00'::timestamp without time zone))","Workers": []}]},{"Node Type": "Index Scan","Parent Relationship": "Inner","Parallel Aware": false,"Async Capable": false,"Scan Direction": "Forward","Index Name": "idx_lineitem_orderkey","Relation Name": "lineitem","Alias": "lineitem","Startup Cost": 0.43,"Total Cost": 4.60,"Plan Rows": 6,"Plan Width": 4,"Actual Startup Time": 0.009,"Actual Total Time": 0.009,"Actual Rows": 1,"Actual Loops": 56645,"Index Cond": "(l_orderkey = orders.o_orderkey)","Rows Removed by Index Recheck": 0,"Filter": "(l_commitdate < l_receiptdate)","Rows Removed by Filter": 1,"Workers": []}]}]}]}]}]},"Planning Time": 4.301,"Triggers": [],"Execution Time": 232.692}]
[{"Plan": {"Node Type": "Aggregate","Strategy": "Sorted","Partial Mode": "Finalize","Parallel Aware": false,"Async Capable": false,"Startup Cost": 51011.39,"Total Cost": 51044.78,"Plan Rows": 5,"Plan Width": 24,"Actual Startup Time": 210.461,"Actual Total Time": 234.044,"Actual Rows": 5,"Actual Loops": 1,"Group Key": ["orders.o_orderpriority"],"Plans": [{"Node Type": "Gather Merge","Parent Relationship": "Outer","Parallel Aware": false,"Async Capable": false,"Startup Cost": 51011.39,"Total Cost": 51044.65,"Plan Rows": 15,"Plan Width": 24,"Actual Startup Time": 210.096,"Actual Total Time": 234.015,"Actual Rows": 20,"Actual Loops": 1,"Workers Planned": 3,"Workers Launched": 3,"Plans": [{"Node Type": "Aggregate","Strategy": "Sorted","Partial Mode": "Partial","Parent Relationship": "Outer","Parallel Aware": false,"Async Capable": false,"Startup Cost": 50011.35,"Total Cost": 50042.85,"Plan Rows": 5,"Plan Width": 24,"Actual Startup Time": 201.605,"Actual Total Time": 202.848,"Actual Rows": 5,"Actual Loops": 4,"Group Key": ["orders.o_orderpriority"],"Workers": [],"Plans": [{"Node Type": "Sort","Parent Relationship": "Outer","Parallel Aware": false,"Async Capable": false,"Startup Cost": 50011.35,"Total Cost": 50021.83,"Plan Rows": 4193,"Plan Width": 16,"Actual Startup Time": 201.266,"Actual Total Time": 201.779,"Actual Rows": 13126,"Actual Loops": 4,"Sort Key": ["orders.o_orderpriority"],"Sort Method": "quicksort","Sort Space Used": 1111,"Sort Space Type": "Memory","Workers": [{"Worker Number": 0,"Sort Method": "quicksort","Sort Space Used": 1101,"Sort Space Type": "Memory"},{"Worker Number": 1,"Sort Method": "quicksort","Sort Space Used": 1104,"Sort Space Type": "Memory"},{"Worker Number": 2,"Sort Method": "quicksort","Sort Space Used": 1095,"Sort Space Type": "Memory"}],"Plans": [{"Node Type": "Nested Loop","Parent Relationship": "Outer","Parallel Aware": false,"Async Capable": false,"Join Type": "Semi","Startup Cost": 757.77,"Total Cost": 49759.06,"Plan Rows": 4193,"Plan Width": 16,"Actual Startup Time": 5.095,"Actual Total Time": 194.943,"Actual Rows": 13126,"Actual Loops": 4,"Inner Unique": false,"Workers": [],"Plans": [{"Node Type": "Bitmap Heap Scan","Parent Relationship": "Outer","Parallel Aware": true,"Async Capable": false,"Relation Name": "orders","Alias": "orders","Startup Cost": 757.34,"Total Cost": 27117.13,"Plan Rows": 17653,"Plan Width": 20,"Actual Startup Time": 4.968,"Actual Total Time": 58.949,"Actual Rows": 14316,"Actual Loops": 4,"Recheck Cond": "((o_orderdate >= '1997-08-01'::date) AND (o_orderdate < '1997-11-01 00:00:00'::timestamp without time zone))","Rows Removed by Index Recheck": 0,"Exact Heap Blocks": 5880,"Lossy Heap Blocks": 0,"Workers": [],"Plans": [{"Node Type": "Bitmap Index Scan","Parent Relationship": "Outer","Parallel Aware": false,"Async Capable": false,"Index Name": "idx_orders_orderdate","Startup Cost": 0.00,"Total Cost": 743.66,"Plan Rows": 54723,"Plan Width": 0,"Actual Startup Time": 8.219,"Actual Total Time": 8.222,"Actual Rows": 57265,"Actual Loops": 1,"Index Cond": "((o_orderdate >= '1997-08-01'::date) AND (o_orderdate < '1997-11-01 00:00:00'::timestamp without time zone))","Workers": []}]},{"Node Type": "Index Scan","Parent Relationship": "Inner","Parallel Aware": false,"Async Capable": false,"Scan Direction": "Forward","Index Name": "idx_lineitem_orderkey","Relation Name": "lineitem","Alias": "lineitem","Startup Cost": 0.43,"Total Cost": 4.69,"Plan Rows": 6,"Plan Width": 4,"Actual Startup Time": 0.009,"Actual Total Time": 0.009,"Actual Rows": 1,"Actual Loops": 57265,"Index Cond": "(l_orderkey = orders.o_orderkey)","Rows Removed by Index Recheck": 0,"Filter": "(l_commitdate < l_receiptdate)","Rows Removed by Filter": 1,"Workers": []}]}]}]}]}]},"Planning Time": 5.789,"Triggers": [],"Execution Time": 234.434}]
[{"Plan": {"Node Type": "Aggregate","Strategy": "Sorted","Partial Mode": "Finalize","Parallel Aware": false,"Async Capable": false,"Startup Cost": 51736.48,"Total Cost": 51771.05,"Plan Rows": 5,"Plan Width": 24,"Actual Startup Time": 206.913,"Actual Total Time": 230.911,"Actual Rows": 5,"Actual Loops": 1,"Group Key": ["orders.o_orderpriority"],"Plans": [{"Node Type": "Gather Merge","Parent Relationship": "Outer","Parallel Aware": false,"Async Capable": false,"Startup Cost": 51736.48,"Total Cost": 51770.93,"Plan Rows": 15,"Plan Width": 24,"Actual Startup Time": 206.571,"Actual Total Time": 230.880,"Actual Rows": 20,"Actual Loops": 1,"Workers Planned": 3,"Workers Launched": 3,"Plans": [{"Node Type": "Aggregate","Strategy": "Sorted","Partial Mode": "Partial","Parent Relationship": "Outer","Parallel Aware": false,"Async Capable": false,"Startup Cost": 50736.44,"Total Cost": 50769.13,"Plan Rows": 5,"Plan Width": 24,"Actual Startup Time": 197.405,"Actual Total Time": 198.632,"Actual Rows": 5,"Actual Loops": 4,"Group Key": ["orders.o_orderpriority"],"Workers": [],"Plans": [{"Node Type": "Sort","Parent Relationship": "Outer","Parallel Aware": false,"Async Capable": false,"Startup Cost": 50736.44,"Total Cost": 50747.32,"Plan Rows": 4351,"Plan Width": 16,"Actual Startup Time": 197.060,"Actual Total Time": 197.567,"Actual Rows": 12986,"Actual Loops": 4,"Sort Key": ["orders.o_orderpriority"],"Sort Method": "quicksort","Sort Space Used": 1055,"Sort Space Type": "Memory","Workers": [{"Worker Number": 0,"Sort Method": "quicksort","Sort Space Used": 1084,"Sort Space Type": "Memory"},{"Worker Number": 1,"Sort Method": "quicksort","Sort Space Used": 1126,"Sort Space Type": "Memory"},{"Worker Number": 2,"Sort Method": "quicksort","Sort Space Used": 1113,"Sort Space Type": "Memory"}],"Plans": [{"Node Type": "Nested Loop","Parent Relationship": "Outer","Parallel Aware": false,"Async Capable": false,"Join Type": "Semi","Startup Cost": 786.91,"Total Cost": 50473.49,"Plan Rows": 4351,"Plan Width": 16,"Actual Startup Time": 5.441,"Actual Total Time": 190.761,"Actual Rows": 12986,"Actual Loops": 4,"Inner Unique": false,"Workers": [],"Plans": [{"Node Type": "Bitmap Heap Scan","Parent Relationship": "Outer","Parallel Aware": true,"Async Capable": false,"Relation Name": "orders","Alias": "orders","Startup Cost": 786.47,"Total Cost": 27156.24,"Plan Rows": 18318,"Plan Width": 20,"Actual Startup Time": 5.289,"Actual Total Time": 56.594,"Actual Rows": 14148,"Actual Loops": 4,"Recheck Cond": "((o_orderdate >= '1993-09-01'::date) AND (o_orderdate < '1993-12-01 00:00:00'::timestamp without time zone))","Rows Removed by Index Recheck": 0,"Exact Heap Blocks": 5541,"Lossy Heap Blocks": 0,"Workers": [],"Plans": [{"Node Type": "Bitmap Index Scan","Parent Relationship": "Outer","Parallel Aware": false,"Async Capable": false,"Index Name": "idx_orders_orderdate","Startup Cost": 0.00,"Total Cost": 772.28,"Plan Rows": 56785,"Plan Width": 0,"Actual Startup Time": 9.025,"Actual Total Time": 9.027,"Actual Rows": 56592,"Actual Loops": 1,"Index Cond": "((o_orderdate >= '1993-09-01'::date) AND (o_orderdate < '1993-12-01 00:00:00'::timestamp without time zone))","Workers": []}]},{"Node Type": "Index Scan","Parent Relationship": "Inner","Parallel Aware": false,"Async Capable": false,"Scan Direction": "Forward","Index Name": "idx_lineitem_orderkey","Relation Name": "lineitem","Alias": "lineitem","Startup Cost": 0.43,"Total Cost": 4.64,"Plan Rows": 6,"Plan Width": 4,"Actual Startup Time": 0.009,"Actual Total Time": 0.009,"Actual Rows": 1,"Actual Loops": 56592,"Index Cond": "(l_orderkey = orders.o_orderkey)","Rows Removed by Index Recheck": 0,"Filter": "(l_commitdate < l_receiptdate)","Rows Removed by Filter": 1,"Workers": []}]}]}]}]}]},"Planning Time": 5.170,"Triggers": [],"Execution Time": 231.369}]
[{"Plan": {"Node Type": "Aggregate","Strategy": "Sorted","Partial Mode": "Finalize","Parallel Aware": false,"Async Capable": false,"Startup Cost": 52231.26,"Total Cost": 52266.64,"Plan Rows": 5,"Plan Width": 24,"Actual Startup Time": 211.731,"Actual Total Time": 236.685,"Actual Rows": 5,"Actual Loops": 1,"Group Key": ["orders.o_orderpriority"],"Plans": [{"Node Type": "Gather Merge","Parent Relationship": "Outer","Parallel Aware": false,"Async Capable": false,"Startup Cost": 52231.26,"Total Cost": 52266.52,"Plan Rows": 15,"Plan Width": 24,"Actual Startup Time": 211.358,"Actual Total Time": 236.644,"Actual Rows": 20,"Actual Loops": 1,"Workers Planned": 3,"Workers Launched": 3,"Plans": [{"Node Type": "Aggregate","Strategy": "Sorted","Partial Mode": "Partial","Parent Relationship": "Outer","Parallel Aware": false,"Async Capable": false,"Startup Cost": 51231.22,"Total Cost": 51264.72,"Plan Rows": 5,"Plan Width": 24,"Actual Startup Time": 202.707,"Actual Total Time": 203.957,"Actual Rows": 5,"Actual Loops": 4,"Group Key": ["orders.o_orderpriority"],"Workers": [],"Plans": [{"Node Type": "Sort","Parent Relationship": "Outer","Parallel Aware": false,"Async Capable": false,"Startup Cost": 51231.22,"Total Cost": 51242.37,"Plan Rows": 4460,"Plan Width": 16,"Actual Startup Time": 202.371,"Actual Total Time": 202.882,"Actual Rows": 13097,"Actual Loops": 4,"Sort Key": ["orders.o_orderpriority"],"Sort Method": "quicksort","Sort Space Used": 1098,"Sort Space Type": "Memory","Workers": [{"Worker Number": 0,"Sort Method": "quicksort","Sort Space Used": 1097,"Sort Space Type": "Memory"},{"Worker Number": 1,"Sort Method": "quicksort","Sort Space Used": 1085,"Sort Space Type": "Memory"},{"Worker Number": 2,"Sort Method": "quicksort","Sort Space Used": 1122,"Sort Space Type": "Memory"}],"Plans": [{"Node Type": "Nested Loop","Parent Relationship": "Outer","Parallel Aware": false,"Async Capable": false,"Join Type": "Semi","Startup Cost": 805.48,"Total Cost": 50960.88,"Plan Rows": 4460,"Plan Width": 16,"Actual Startup Time": 5.489,"Actual Total Time": 195.856,"Actual Rows": 13097,"Actual Loops": 4,"Inner Unique": false,"Workers": [],"Plans": [{"Node Type": "Bitmap Heap Scan","Parent Relationship": "Outer","Parallel Aware": true,"Async Capable": false,"Relation Name": "orders","Alias": "orders","Startup Cost": 805.05,"Total Cost": 27181.70,"Plan Rows": 18776,"Plan Width": 20,"Actual Startup Time": 5.323,"Actual Total Time": 57.749,"Actual Rows": 14305,"Actual Loops": 4,"Recheck Cond": "((o_orderdate >= '1994-10-01'::date) AND (o_orderdate < '1995-01-01 00:00:00'::timestamp without time zone))","Rows Removed by Index Recheck": 0,"Exact Heap Blocks": 5772,"Lossy Heap Blocks": 0,"Workers": [],"Plans": [{"Node Type": "Bitmap Index Scan","Parent Relationship": "Outer","Parallel Aware": false,"Async Capable": false,"Index Name": "idx_orders_orderdate","Startup Cost": 0.00,"Total Cost": 790.50,"Plan Rows": 58207,"Plan Width": 0,"Actual Startup Time": 8.588,"Actual Total Time": 8.590,"Actual Rows": 57219,"Actual Loops": 1,"Index Cond": "((o_orderdate >= '1994-10-01'::date) AND (o_orderdate < '1995-01-01 00:00:00'::timestamp without time zone))","Workers": []}]},{"Node Type": "Index Scan","Parent Relationship": "Inner","Parallel Aware": false,"Async Capable": false,"Scan Direction": "Forward","Index Name": "idx_lineitem_orderkey","Relation Name": "lineitem","Alias": "lineitem","Startup Cost": 0.43,"Total Cost": 4.60,"Plan Rows": 6,"Plan Width": 4,"Actual Startup Time": 0.009,"Actual Total Time": 0.009,"Actual Rows": 1,"Actual Loops": 57219,"Index Cond": "(l_orderkey = orders.o_orderkey)","Rows Removed by Index Recheck": 0,"Filter": "(l_commitdate < l_receiptdate)","Rows Removed by Filter": 1,"Workers": []}]}]}]}]}]},"Planning Time": 4.281,"Triggers": [],"Execution Time": 237.379}]
[{"Plan": {"Node Type": "Aggregate","Strategy": "Sorted","Partial Mode": "Finalize","Parallel Aware": false,"Async Capable": false,"Startup Cost": 52300.80,"Total Cost": 52336.30,"Plan Rows": 5,"Plan Width": 24,"Actual Startup Time": 211.625,"Actual Total Time": 234.968,"Actual Rows": 5,"Actual Loops": 1,"Group Key": ["orders.o_orderpriority"],"Plans": [{"Node Type": "Gather Merge","Parent Relationship": "Outer","Parallel Aware": false,"Async Capable": false,"Startup Cost": 52300.80,"Total Cost": 52336.17,"Plan Rows": 15,"Plan Width": 24,"Actual Startup Time": 211.243,"Actual Total Time": 234.943,"Actual Rows": 20,"Actual Loops": 1,"Workers Planned": 3,"Workers Launched": 3,"Plans": [{"Node Type": "Aggregate","Strategy": "Sorted","Partial Mode": "Partial","Parent Relationship": "Outer","Parallel Aware": false,"Async Capable": false,"Startup Cost": 51300.76,"Total Cost": 51334.37,"Plan Rows": 5,"Plan Width": 24,"Actual Startup Time": 201.938,"Actual Total Time": 203.221,"Actual Rows": 5,"Actual Loops": 4,"Group Key": ["orders.o_orderpriority"],"Workers": [],"Plans": [{"Node Type": "Sort","Parent Relationship": "Outer","Parallel Aware": false,"Async Capable": false,"Startup Cost": 51300.76,"Total Cost": 51311.94,"Plan Rows": 4475,"Plan Width": 16,"Actual Startup Time": 201.599,"Actual Total Time": 202.136,"Actual Rows": 13200,"Actual Loops": 4,"Sort Key": ["orders.o_orderpriority"],"Sort Method": "quicksort","Sort Space Used": 1121,"Sort Space Type": "Memory","Workers": [{"Worker Number": 0,"Sort Method": "quicksort","Sort Space Used": 1104,"Sort Space Type": "Memory"},{"Worker Number": 1,"Sort Method": "quicksort","Sort Space Used": 1103,"Sort Space Type": "Memory"},{"Worker Number": 2,"Sort Method": "quicksort","Sort Space Used": 1097,"Sort Space Type": "Memory"}],"Plans": [{"Node Type": "Nested Loop","Parent Relationship": "Outer","Parallel Aware": false,"Async Capable": false,"Join Type": "Semi","Startup Cost": 807.53,"Total Cost": 51029.40,"Plan Rows": 4475,"Plan Width": 16,"Actual Startup Time": 4.691,"Actual Total Time": 194.955,"Actual Rows": 13200,"Actual Loops": 4,"Inner Unique": false,"Workers": [],"Plans": [{"Node Type": "Bitmap Heap Scan","Parent Relationship": "Outer","Parallel Aware": true,"Async Capable": false,"Relation Name": "orders","Alias": "orders","Startup Cost": 807.10,"Total Cost": 27184.71,"Plan Rows": 18841,"Plan Width": 20,"Actual Startup Time": 4.548,"Actual Total Time": 57.646,"Actual Rows": 14379,"Actual Loops": 4,"Recheck Cond": "((o_orderdate >= '1996-10-01'::date) AND (o_orderdate < '1997-01-01 00:00:00'::timestamp without time zone))","Rows Removed by Index Recheck": 0,"Exact Heap Blocks": 5956,"Lossy Heap Blocks": 0,"Workers": [],"Plans": [{"Node Type": "Bitmap Index Scan","Parent Relationship": "Outer","Parallel Aware": false,"Async Capable": false,"Index Name": "idx_orders_orderdate","Startup Cost": 0.00,"Total Cost": 792.50,"Plan Rows": 58407,"Plan Width": 0,"Actual Startup Time": 8.165,"Actual Total Time": 8.167,"Actual Rows": 57515,"Actual Loops": 1,"Index Cond": "((o_orderdate >= '1996-10-01'::date) AND (o_orderdate < '1997-01-01 00:00:00'::timestamp without time zone))","Workers": []}]},{"Node Type": "Index Scan","Parent Relationship": "Inner","Parallel Aware": false,"Async Capable": false,"Scan Direction": "Forward","Index Name": "idx_lineitem_orderkey","Relation Name": "lineitem","Alias": "lineitem","Startup Cost": 0.43,"Total Cost": 4.60,"Plan Rows": 6,"Plan Width": 4,"Actual Startup Time": 0.009,"Actual Total Time": 0.009,"Actual Rows": 1,"Actual Loops": 57515,"Index Cond": "(l_orderkey = orders.o_orderkey)","Rows Removed by Index Recheck": 0,"Filter": "(l_commitdate < l_receiptdate)","Rows Removed by Filter": 1,"Workers": []}]}]}]}]}]},"Planning Time": 5.090,"Triggers": [],"Execution Time": 235.437}]
[{"Plan": {"Node Type": "Aggregate","Strategy": "Sorted","Partial Mode": "Finalize","Parallel Aware": false,"Async Capable": false,"Startup Cost": 52341.15,"Total Cost": 52376.72,"Plan Rows": 5,"Plan Width": 24,"Actual Startup Time": 211.523,"Actual Total Time": 235.394,"Actual Rows": 5,"Actual Loops": 1,"Group Key": ["orders.o_orderpriority"],"Plans": [{"Node Type": "Gather Merge","Parent Relationship": "Outer","Parallel Aware": false,"Async Capable": false,"Startup Cost": 52341.15,"Total Cost": 52376.60,"Plan Rows": 15,"Plan Width": 24,"Actual Startup Time": 211.162,"Actual Total Time": 235.331,"Actual Rows": 20,"Actual Loops": 1,"Workers Planned": 3,"Workers Launched": 3,"Plans": [{"Node Type": "Aggregate","Strategy": "Sorted","Partial Mode": "Partial","Parent Relationship": "Outer","Parallel Aware": false,"Async Capable": false,"Startup Cost": 51341.11,"Total Cost": 51374.79,"Plan Rows": 5,"Plan Width": 24,"Actual Startup Time": 201.729,"Actual Total Time": 202.979,"Actual Rows": 5,"Actual Loops": 4,"Group Key": ["orders.o_orderpriority"],"Workers": [],"Plans": [{"Node Type": "Sort","Parent Relationship": "Outer","Parallel Aware": false,"Async Capable": false,"Startup Cost": 51341.11,"Total Cost": 51352.32,"Plan Rows": 4484,"Plan Width": 16,"Actual Startup Time": 201.384,"Actual Total Time": 201.903,"Actual Rows": 13062,"Actual Loops": 4,"Sort Key": ["orders.o_orderpriority"],"Sort Method": "quicksort","Sort Space Used": 1090,"Sort Space Type": "Memory","Workers": [{"Worker Number": 0,"Sort Method": "quicksort","Sort Space Used": 1125,"Sort Space Type": "Memory"},{"Worker Number": 1,"Sort Method": "quicksort","Sort Space Used": 1069,"Sort Space Type": "Memory"},{"Worker Number": 2,"Sort Method": "quicksort","Sort Space Used": 1111,"Sort Space Type": "Memory"}],"Plans": [{"Node Type": "Nested Loop","Parent Relationship": "Outer","Parallel Aware": false,"Async Capable": false,"Join Type": "Semi","Startup Cost": 808.74,"Total Cost": 51069.15,"Plan Rows": 4484,"Plan Width": 16,"Actual Startup Time": 4.879,"Actual Total Time": 195.077,"Actual Rows": 13062,"Actual Loops": 4,"Inner Unique": false,"Workers": [],"Plans": [{"Node Type": "Bitmap Heap Scan","Parent Relationship": "Outer","Parallel Aware": true,"Async Capable": false,"Relation Name": "orders","Alias": "orders","Startup Cost": 808.31,"Total Cost": 27186.49,"Plan Rows": 18879,"Plan Width": 20,"Actual Startup Time": 4.741,"Actual Total Time": 56.847,"Actual Rows": 14278,"Actual Loops": 4,"Recheck Cond": "((o_orderdate >= '1994-08-01'::date) AND (o_orderdate < '1994-11-01 00:00:00'::timestamp without time zone))","Rows Removed by Index Recheck": 0,"Exact Heap Blocks": 5747,"Lossy Heap Blocks": 0,"Workers": [],"Plans": [{"Node Type": "Bitmap Index Scan","Parent Relationship": "Outer","Parallel Aware": false,"Async Capable": false,"Index Name": "idx_orders_orderdate","Startup Cost": 0.00,"Total Cost": 793.68,"Plan Rows": 58525,"Plan Width": 0,"Actual Startup Time": 8.459,"Actual Total Time": 8.461,"Actual Rows": 57111,"Actual Loops": 1,"Index Cond": "((o_orderdate >= '1994-08-01'::date) AND (o_orderdate < '1994-11-01 00:00:00'::timestamp without time zone))","Workers": []}]},{"Node Type": "Index Scan","Parent Relationship": "Inner","Parallel Aware": false,"Async Capable": false,"Scan Direction": "Forward","Index Name": "idx_lineitem_orderkey","Relation Name": "lineitem","Alias": "lineitem","Startup Cost": 0.43,"Total Cost": 4.60,"Plan Rows": 6,"Plan Width": 4,"Actual Startup Time": 0.009,"Actual Total Time": 0.009,"Actual Rows": 1,"Actual Loops": 57111,"Index Cond": "(l_orderkey = orders.o_orderkey)","Rows Removed by Index Recheck": 0,"Filter": "(l_commitdate < l_receiptdate)","Rows Removed by Filter": 1,"Workers": []}]}]}]}]}]},"Planning Time": 5.584,"Triggers": [],"Execution Time": 235.929}]
[{"Plan": {"Node Type": "Aggregate","Strategy": "Sorted","Partial Mode": "Finalize","Parallel Aware": false,"Async Capable": false,"Startup Cost": 51895.02,"Total Cost": 51929.86,"Plan Rows": 5,"Plan Width": 24,"Actual Startup Time": 216.936,"Actual Total Time": 240.849,"Actual Rows": 5,"Actual Loops": 1,"Group Key": ["orders.o_orderpriority"],"Plans": [{"Node Type": "Gather Merge","Parent Relationship": "Outer","Parallel Aware": false,"Async Capable": false,"Startup Cost": 51895.02,"Total Cost": 51929.73,"Plan Rows": 15,"Plan Width": 24,"Actual Startup Time": 216.564,"Actual Total Time": 240.814,"Actual Rows": 20,"Actual Loops": 1,"Workers Planned": 3,"Workers Launched": 3,"Plans": [{"Node Type": "Aggregate","Strategy": "Sorted","Partial Mode": "Partial","Parent Relationship": "Outer","Parallel Aware": false,"Async Capable": false,"Startup Cost": 50894.98,"Total Cost": 50927.93,"Plan Rows": 5,"Plan Width": 24,"Actual Startup Time": 207.210,"Actual Total Time": 208.520,"Actual Rows": 5,"Actual Loops": 4,"Group Key": ["orders.o_orderpriority"],"Workers": [],"Plans": [{"Node Type": "Sort","Parent Relationship": "Outer","Parallel Aware": false,"Async Capable": false,"Startup Cost": 50894.98,"Total Cost": 50905.95,"Plan Rows": 4386,"Plan Width": 16,"Actual Startup Time": 206.842,"Actual Total Time": 207.438,"Actual Rows": 13154,"Actual Loops": 4,"Sort Key": ["orders.o_orderpriority"],"Sort Method": "quicksort","Sort Space Used": 1056,"Sort Space Type": "Memory","Workers": [{"Worker Number": 0,"Sort Method": "quicksort","Sort Space Used": 1144,"Sort Space Type": "Memory"},{"Worker Number": 1,"Sort Method": "quicksort","Sort Space Used": 1079,"Sort Space Type": "Memory"},{"Worker Number": 2,"Sort Method": "quicksort","Sort Space Used": 1137,"Sort Space Type": "Memory"}],"Plans": [{"Node Type": "Nested Loop","Parent Relationship": "Outer","Parallel Aware": false,"Async Capable": false,"Join Type": "Semi","Startup Cost": 791.62,"Total Cost": 50629.66,"Plan Rows": 4386,"Plan Width": 16,"Actual Startup Time": 4.998,"Actual Total Time": 200.365,"Actual Rows": 13154,"Actual Loops": 4,"Inner Unique": false,"Workers": [],"Plans": [{"Node Type": "Bitmap Heap Scan","Parent Relationship": "Outer","Parallel Aware": true,"Async Capable": false,"Relation Name": "orders","Alias": "orders","Startup Cost": 791.19,"Total Cost": 27163.18,"Plan Rows": 18466,"Plan Width": 20,"Actual Startup Time": 4.854,"Actual Total Time": 59.077,"Actual Rows": 14346,"Actual Loops": 4,"Recheck Cond": "((o_orderdate >= '1994-07-01'::date) AND (o_orderdate < '1994-10-01 00:00:00'::timestamp without time zone))","Rows Removed by Index Recheck": 0,"Exact Heap Blocks": 5381,"Lossy Heap Blocks": 0,"Workers": [],"Plans": [{"Node Type": "Bitmap Index Scan","Parent Relationship": "Outer","Parallel Aware": false,"Async Capable": false,"Index Name": "idx_orders_orderdate","Startup Cost": 0.00,"Total Cost": 776.88,"Plan Rows": 57245,"Plan Width": 0,"Actual Startup Time": 8.661,"Actual Total Time": 8.664,"Actual Rows": 57384,"Actual Loops": 1,"Index Cond": "((o_orderdate >= '1994-07-01'::date) AND (o_orderdate < '1994-10-01 00:00:00'::timestamp without time zone))","Workers": []}]},{"Node Type": "Index Scan","Parent Relationship": "Inner","Parallel Aware": false,"Async Capable": false,"Scan Direction": "Forward","Index Name": "idx_lineitem_orderkey","Relation Name": "lineitem","Alias": "lineitem","Startup Cost": 0.43,"Total Cost": 4.63,"Plan Rows": 6,"Plan Width": 4,"Actual Startup Time": 0.010,"Actual Total Time": 0.010,"Actual Rows": 1,"Actual Loops": 57384,"Index Cond": "(l_orderkey = orders.o_orderkey)","Rows Removed by Index Recheck": 0,"Filter": "(l_commitdate < l_receiptdate)","Rows Removed by Filter": 1,"Workers": []}]}]}]}]}]},"Planning Time": 4.847,"Triggers": [],"Execution Time": 241.394}]
[{"Plan": {"Node Type": "Aggregate","Strategy": "Sorted","Partial Mode": "Finalize","Parallel Aware": false,"Async Capable": false,"Startup Cost": 52264.46,"Total Cost": 52299.90,"Plan Rows": 5,"Plan Width": 24,"Actual Startup Time": 210.297,"Actual Total Time": 234.648,"Actual Rows": 5,"Actual Loops": 1,"Group Key": ["orders.o_orderpriority"],"Plans": [{"Node Type": "Gather Merge","Parent Relationship": "Outer","Parallel Aware": false,"Async Capable": false,"Startup Cost": 52264.46,"Total Cost": 52299.77,"Plan Rows": 15,"Plan Width": 24,"Actual Startup Time": 209.879,"Actual Total Time": 234.625,"Actual Rows": 20,"Actual Loops": 1,"Workers Planned": 3,"Workers Launched": 3,"Plans": [{"Node Type": "Aggregate","Strategy": "Sorted","Partial Mode": "Partial","Parent Relationship": "Outer","Parallel Aware": false,"Async Capable": false,"Startup Cost": 51264.42,"Total Cost": 51297.97,"Plan Rows": 5,"Plan Width": 24,"Actual Startup Time": 201.395,"Actual Total Time": 202.644,"Actual Rows": 5,"Actual Loops": 4,"Group Key": ["orders.o_orderpriority"],"Workers": [],"Plans": [{"Node Type": "Sort","Parent Relationship": "Outer","Parallel Aware": false,"Async Capable": false,"Startup Cost": 51264.42,"Total Cost": 51275.58,"Plan Rows": 4467,"Plan Width": 16,"Actual Startup Time": 201.050,"Actual Total Time": 201.573,"Actual Rows": 13170,"Actual Loops": 4,"Sort Key": ["orders.o_orderpriority"],"Sort Method": "quicksort","Sort Space Used": 1096,"Sort Space Type": "Memory","Workers": [{"Worker Number": 0,"Sort Method": "quicksort","Sort Space Used": 1115,"Sort Space Type": "Memory"},{"Worker Number": 1,"Sort Method": "quicksort","Sort Space Used": 1087,"Sort Space Type": "Memory"},{"Worker Number": 2,"Sort Method": "quicksort","Sort Space Used": 1121,"Sort Space Type": "Memory"}],"Plans": [{"Node Type": "Nested Loop","Parent Relationship": "Outer","Parallel Aware": false,"Async Capable": false,"Join Type": "Semi","Startup Cost": 806.45,"Total Cost": 50993.60,"Plan Rows": 4467,"Plan Width": 16,"Actual Startup Time": 6.115,"Actual Total Time": 194.584,"Actual Rows": 13170,"Actual Loops": 4,"Inner Unique": false,"Workers": [],"Plans": [{"Node Type": "Bitmap Heap Scan","Parent Relationship": "Outer","Parallel Aware": true,"Async Capable": false,"Relation Name": "orders","Alias": "orders","Startup Cost": 806.01,"Total Cost": 27183.11,"Plan Rows": 18807,"Plan Width": 20,"Actual Startup Time": 5.968,"Actual Total Time": 57.641,"Actual Rows": 14355,"Actual Loops": 4,"Recheck Cond": "((o_orderdate >= '1994-03-01'::date) AND (o_orderdate < '1994-06-01 00:00:00'::timestamp without time zone))","Rows Removed by Index Recheck": 0,"Exact Heap Blocks": 5803,"Lossy Heap Blocks": 0,"Workers": [],"Plans": [{"Node Type": "Bitmap Index Scan","Parent Relationship": "Outer","Parallel Aware": false,"Async Capable": false,"Index Name": "idx_orders_orderdate","Startup Cost": 0.00,"Total Cost": 791.44,"Plan Rows": 58301,"Plan Width": 0,"Actual Startup Time": 8.953,"Actual Total Time": 8.953,"Actual Rows": 57420,"Actual Loops": 1,"Index Cond": "((o_orderdate >= '1994-03-01'::date) AND (o_orderdate < '1994-06-01 00:00:00'::timestamp without time zone))","Workers": []}]},{"Node Type": "Index Scan","Parent Relationship": "Inner","Parallel Aware": false,"Async Capable": false,"Scan Direction": "Forward","Index Name": "idx_lineitem_orderkey","Relation Name": "lineitem","Alias": "lineitem","Startup Cost": 0.43,"Total Cost": 4.60,"Plan Rows": 6,"Plan Width": 4,"Actual Startup Time": 0.009,"Actual Total Time": 0.009,"Actual Rows": 1,"Actual Loops": 57420,"Index Cond": "(l_orderkey = orders.o_orderkey)","Rows Removed by Index Recheck": 0,"Filter": "(l_commitdate < l_receiptdate)","Rows Removed by Filter": 1,"Workers": []}]}]}]}]}]},"Planning Time": 4.194,"Triggers": [],"Execution Time": 235.354}]
[{"Plan": {"Node Type": "Aggregate","Strategy": "Sorted","Partial Mode": "Finalize","Parallel Aware": false,"Async Capable": false,"Startup Cost": 53209.81,"Total Cost": 53246.81,"Plan Rows": 5,"Plan Width": 24,"Actual Startup Time": 207.732,"Actual Total Time": 232.619,"Actual Rows": 5,"Actual Loops": 1,"Group Key": ["orders.o_orderpriority"],"Plans": [{"Node Type": "Gather Merge","Parent Relationship": "Outer","Parallel Aware": false,"Async Capable": false,"Startup Cost": 53209.81,"Total Cost": 53246.69,"Plan Rows": 15,"Plan Width": 24,"Actual Startup Time": 207.377,"Actual Total Time": 232.588,"Actual Rows": 20,"Actual Loops": 1,"Workers Planned": 3,"Workers Launched": 3,"Plans": [{"Node Type": "Aggregate","Strategy": "Sorted","Partial Mode": "Partial","Parent Relationship": "Outer","Parallel Aware": false,"Async Capable": false,"Startup Cost": 52209.77,"Total Cost": 52244.88,"Plan Rows": 5,"Plan Width": 24,"Actual Startup Time": 198.882,"Actual Total Time": 200.134,"Actual Rows": 5,"Actual Loops": 4,"Group Key": ["orders.o_orderpriority"],"Workers": [],"Plans": [{"Node Type": "Sort","Parent Relationship": "Outer","Parallel Aware": false,"Async Capable": false,"Startup Cost": 52209.77,"Total Cost": 52221.46,"Plan Rows": 4675,"Plan Width": 16,"Actual Startup Time": 198.544,"Actual Total Time": 199.052,"Actual Rows": 13222,"Actual Loops": 4,"Sort Key": ["orders.o_orderpriority"],"Sort Method": "quicksort","Sort Space Used": 1094,"Sort Space Type": "Memory","Workers": [{"Worker Number": 0,"Sort Method": "quicksort","Sort Space Used": 1120,"Sort Space Type": "Memory"},{"Worker Number": 1,"Sort Method": "quicksort","Sort Space Used": 1093,"Sort Space Type": "Memory"},{"Worker Number": 2,"Sort Method": "quicksort","Sort Space Used": 1123,"Sort Space Type": "Memory"}],"Plans": [{"Node Type": "Nested Loop","Parent Relationship": "Outer","Parallel Aware": false,"Async Capable": false,"Join Type": "Semi","Startup Cost": 846.31,"Total Cost": 51924.81,"Plan Rows": 4675,"Plan Width": 16,"Actual Startup Time": 5.243,"Actual Total Time": 192.109,"Actual Rows": 13222,"Actual Loops": 4,"Inner Unique": false,"Workers": [],"Plans": [{"Node Type": "Bitmap Heap Scan","Parent Relationship": "Outer","Parallel Aware": true,"Async Capable": false,"Relation Name": "orders","Alias": "orders","Startup Cost": 845.88,"Total Cost": 27236.14,"Plan Rows": 19684,"Plan Width": 20,"Actual Startup Time": 5.114,"Actual Total Time": 55.968,"Actual Rows": 14421,"Actual Loops": 4,"Recheck Cond": "((o_orderdate >= '1994-11-01'::date) AND (o_orderdate < '1995-02-01 00:00:00'::timestamp without time zone))","Rows Removed by Index Recheck": 0,"Exact Heap Blocks": 5745,"Lossy Heap Blocks": 0,"Workers": [],"Plans": [{"Node Type": "Bitmap Index Scan","Parent Relationship": "Outer","Parallel Aware": false,"Async Capable": false,"Index Name": "idx_orders_orderdate","Startup Cost": 0.00,"Total Cost": 830.63,"Plan Rows": 61020,"Plan Width": 0,"Actual Startup Time": 8.417,"Actual Total Time": 8.421,"Actual Rows": 57683,"Actual Loops": 1,"Index Cond": "((o_orderdate >= '1994-11-01'::date) AND (o_orderdate < '1995-02-01 00:00:00'::timestamp without time zone))","Workers": []}]},{"Node Type": "Index Scan","Parent Relationship": "Inner","Parallel Aware": false,"Async Capable": false,"Scan Direction": "Forward","Index Name": "idx_lineitem_orderkey","Relation Name": "lineitem","Alias": "lineitem","Startup Cost": 0.43,"Total Cost": 4.54,"Plan Rows": 6,"Plan Width": 4,"Actual Startup Time": 0.009,"Actual Total Time": 0.009,"Actual Rows": 1,"Actual Loops": 57683,"Index Cond": "(l_orderkey = orders.o_orderkey)","Rows Removed by Index Recheck": 0,"Filter": "(l_commitdate < l_receiptdate)","Rows Removed by Filter": 1,"Workers": []}]}]}]}]}]},"Planning Time": 5.319,"Triggers": [],"Execution Time": 233.260}]
[{"Plan": {"Node Type": "Aggregate","Strategy": "Sorted","Partial Mode": "Finalize","Parallel Aware": false,"Async Capable": false,"Startup Cost": 52505.50,"Total Cost": 52541.34,"Plan Rows": 5,"Plan Width": 24,"Actual Startup Time": 212.649,"Actual Total Time": 236.332,"Actual Rows": 5,"Actual Loops": 1,"Group Key": ["orders.o_orderpriority"],"Plans": [{"Node Type": "Gather Merge","Parent Relationship": "Outer","Parallel Aware": false,"Async Capable": false,"Startup Cost": 52505.50,"Total Cost": 52541.21,"Plan Rows": 15,"Plan Width": 24,"Actual Startup Time": 212.241,"Actual Total Time": 236.296,"Actual Rows": 20,"Actual Loops": 1,"Workers Planned": 3,"Workers Launched": 3,"Plans": [{"Node Type": "Aggregate","Strategy": "Sorted","Partial Mode": "Partial","Parent Relationship": "Outer","Parallel Aware": false,"Async Capable": false,"Startup Cost": 51505.46,"Total Cost": 51539.41,"Plan Rows": 5,"Plan Width": 24,"Actual Startup Time": 203.017,"Actual Total Time": 204.284,"Actual Rows": 5,"Actual Loops": 4,"Group Key": ["orders.o_orderpriority"],"Workers": [],"Plans": [{"Node Type": "Sort","Parent Relationship": "Outer","Parallel Aware": false,"Async Capable": false,"Startup Cost": 51505.46,"Total Cost": 51516.76,"Plan Rows": 4520,"Plan Width": 16,"Actual Startup Time": 202.651,"Actual Total Time": 203.197,"Actual Rows": 13152,"Actual Loops": 4,"Sort Key": ["orders.o_orderpriority"],"Sort Method": "quicksort","Sort Space Used": 1103,"Sort Space Type": "Memory","Workers": [{"Worker Number": 0,"Sort Method": "quicksort","Sort Space Used": 1110,"Sort Space Type": "Memory"},{"Worker Number": 1,"Sort Method": "quicksort","Sort Space Used": 1119,"Sort Space Type": "Memory"},{"Worker Number": 2,"Sort Method": "quicksort","Sort Space Used": 1083,"Sort Space Type": "Memory"}],"Plans": [{"Node Type": "Nested Loop","Parent Relationship": "Outer","Parallel Aware": false,"Async Capable": false,"Join Type": "Semi","Startup Cost": 817.51,"Total Cost": 51231.05,"Plan Rows": 4520,"Plan Width": 16,"Actual Startup Time": 4.809,"Actual Total Time": 196.117,"Actual Rows": 13152,"Actual Loops": 4,"Inner Unique": false,"Workers": [],"Plans": [{"Node Type": "Bitmap Heap Scan","Parent Relationship": "Outer","Parallel Aware": true,"Async Capable": false,"Relation Name": "orders","Alias": "orders","Startup Cost": 817.07,"Total Cost": 27197.51,"Plan Rows": 19029,"Plan Width": 20,"Actual Startup Time": 4.654,"Actual Total Time": 58.284,"Actual Rows": 14334,"Actual Loops": 4,"Recheck Cond": "((o_orderdate >= '1997-04-01'::date) AND (o_orderdate < '1997-07-01 00:00:00'::timestamp without time zone))","Rows Removed by Index Recheck": 0,"Exact Heap Blocks": 5837,"Lossy Heap Blocks": 0,"Workers": [],"Plans": [{"Node Type": "Bitmap Index Scan","Parent Relationship": "Outer","Parallel Aware": false,"Async Capable": false,"Index Name": "idx_orders_orderdate","Startup Cost": 0.00,"Total Cost": 802.33,"Plan Rows": 58990,"Plan Width": 0,"Actual Startup Time": 8.382,"Actual Total Time": 8.385,"Actual Rows": 57334,"Actual Loops": 1,"Index Cond": "((o_orderdate >= '1997-04-01'::date) AND (o_orderdate < '1997-07-01 00:00:00'::timestamp without time zone))","Workers": []}]},{"Node Type": "Index Scan","Parent Relationship": "Inner","Parallel Aware": false,"Async Capable": false,"Scan Direction": "Forward","Index Name": "idx_lineitem_orderkey","Relation Name": "lineitem","Alias": "lineitem","Startup Cost": 0.43,"Total Cost": 4.59,"Plan Rows": 6,"Plan Width": 4,"Actual Startup Time": 0.009,"Actual Total Time": 0.009,"Actual Rows": 1,"Actual Loops": 57334,"Index Cond": "(l_orderkey = orders.o_orderkey)","Rows Removed by Index Recheck": 0,"Filter": "(l_commitdate < l_receiptdate)","Rows Removed by Filter": 1,"Workers": []}]}]}]}]}]},"Planning Time": 4.807,"Triggers": [],"Execution Time": 236.832}]
[{"Plan": {"Node Type": "Aggregate","Strategy": "Sorted","Partial Mode": "Finalize","Parallel Aware": false,"Async Capable": false,"Startup Cost": 52360.14,"Total Cost": 52395.74,"Plan Rows": 5,"Plan Width": 24,"Actual Startup Time": 212.297,"Actual Total Time": 236.425,"Actual Rows": 5,"Actual Loops": 1,"Group Key": ["orders.o_orderpriority"],"Plans": [{"Node Type": "Gather Merge","Parent Relationship": "Outer","Parallel Aware": false,"Async Capable": false,"Startup Cost": 52360.14,"Total Cost": 52395.61,"Plan Rows": 15,"Plan Width": 24,"Actual Startup Time": 211.946,"Actual Total Time": 236.394,"Actual Rows": 20,"Actual Loops": 1,"Workers Planned": 3,"Workers Launched": 3,"Plans": [{"Node Type": "Aggregate","Strategy": "Sorted","Partial Mode": "Partial","Parent Relationship": "Outer","Parallel Aware": false,"Async Capable": false,"Startup Cost": 51360.10,"Total Cost": 51393.81,"Plan Rows": 5,"Plan Width": 24,"Actual Startup Time": 203.132,"Actual Total Time": 204.381,"Actual Rows": 5,"Actual Loops": 4,"Group Key": ["orders.o_orderpriority"],"Workers": [],"Plans": [{"Node Type": "Sort","Parent Relationship": "Outer","Parallel Aware": false,"Async Capable": false,"Startup Cost": 51360.10,"Total Cost": 51371.32,"Plan Rows": 4488,"Plan Width": 16,"Actual Startup Time": 202.800,"Actual Total Time": 203.297,"Actual Rows": 13290,"Actual Loops": 4,"Sort Key": ["orders.o_orderpriority"],"Sort Method": "quicksort","Sort Space Used": 1098,"Sort Space Type": "Memory","Workers": [{"Worker Number": 0,"Sort Method": "quicksort","Sort Space Used": 1124,"Sort Space Type": "Memory"},{"Worker Number": 1,"Sort Method": "quicksort","Sort Space Used": 1137,"Sort Space Type": "Memory"},{"Worker Number": 2,"Sort Method": "quicksort","Sort Space Used": 1087,"Sort Space Type": "Memory"}],"Plans": [{"Node Type": "Nested Loop","Parent Relationship": "Outer","Parallel Aware": false,"Async Capable": false,"Join Type": "Semi","Startup Cost": 809.33,"Total Cost": 51087.86,"Plan Rows": 4488,"Plan Width": 16,"Actual Startup Time": 5.403,"Actual Total Time": 196.470,"Actual Rows": 13290,"Actual Loops": 4,"Inner Unique": false,"Workers": [],"Plans": [{"Node Type": "Bitmap Heap Scan","Parent Relationship": "Outer","Parallel Aware": true,"Async Capable": false,"Relation Name": "orders","Alias": "orders","Startup Cost": 808.89,"Total Cost": 27187.35,"Plan Rows": 18897,"Plan Width": 20,"Actual Startup Time": 5.275,"Actual Total Time": 58.082,"Actual Rows": 14470,"Actual Loops": 4,"Recheck Cond": "((o_orderdate >= '1996-08-01'::date) AND (o_orderdate < '1996-11-01 00:00:00'::timestamp without time zone))","Rows Removed by Index Recheck": 0,"Exact Heap Blocks": 5695,"Lossy Heap Blocks": 0,"Workers": [],"Plans": [{"Node Type": "Bitmap Index Scan","Parent Relationship": "Outer","Parallel Aware": false,"Async Capable": false,"Index Name": "idx_orders_orderdate","Startup Cost": 0.00,"Total Cost": 794.25,"Plan Rows": 58582,"Plan Width": 0,"Actual Startup Time": 8.974,"Actual Total Time": 8.976,"Actual Rows": 57880,"Actual Loops": 1,"Index Cond": "((o_orderdate >= '1996-08-01'::date) AND (o_orderdate < '1996-11-01 00:00:00'::timestamp without time zone))","Workers": []}]},{"Node Type": "Index Scan","Parent Relationship": "Inner","Parallel Aware": false,"Async Capable": false,"Scan Direction": "Forward","Index Name": "idx_lineitem_orderkey","Relation Name": "lineitem","Alias": "lineitem","Startup Cost": 0.43,"Total Cost": 4.60,"Plan Rows": 6,"Plan Width": 4,"Actual Startup Time": 0.009,"Actual Total Time": 0.009,"Actual Rows": 1,"Actual Loops": 57880,"Index Cond": "(l_orderkey = orders.o_orderkey)","Rows Removed by Index Recheck": 0,"Filter": "(l_commitdate < l_receiptdate)","Rows Removed by Filter": 1,"Workers": []}]}]}]}]}]},"Planning Time": 4.460,"Triggers": [],"Execution Time": 236.855}]
[{"Plan": {"Node Type": "Aggregate","Strategy": "Sorted","Partial Mode": "Finalize","Parallel Aware": false,"Async Capable": false,"Startup Cost": 52009.08,"Total Cost": 52044.09,"Plan Rows": 5,"Plan Width": 24,"Actual Startup Time": 215.869,"Actual Total Time": 240.226,"Actual Rows": 5,"Actual Loops": 1,"Group Key": ["orders.o_orderpriority"],"Plans": [{"Node Type": "Gather Merge","Parent Relationship": "Outer","Parallel Aware": false,"Async Capable": false,"Startup Cost": 52009.08,"Total Cost": 52043.97,"Plan Rows": 15,"Plan Width": 24,"Actual Startup Time": 215.457,"Actual Total Time": 240.206,"Actual Rows": 20,"Actual Loops": 1,"Workers Planned": 3,"Workers Launched": 3,"Plans": [{"Node Type": "Aggregate","Strategy": "Sorted","Partial Mode": "Partial","Parent Relationship": "Outer","Parallel Aware": false,"Async Capable": false,"Startup Cost": 51009.04,"Total Cost": 51042.16,"Plan Rows": 5,"Plan Width": 24,"Actual Startup Time": 207.183,"Actual Total Time": 208.446,"Actual Rows": 5,"Actual Loops": 4,"Group Key": ["orders.o_orderpriority"],"Workers": [],"Plans": [{"Node Type": "Sort","Parent Relationship": "Outer","Parallel Aware": false,"Async Capable": false,"Startup Cost": 51009.04,"Total Cost": 51020.06,"Plan Rows": 4410,"Plan Width": 16,"Actual Startup Time": 206.806,"Actual Total Time": 207.370,"Actual Rows": 13098,"Actual Loops": 4,"Sort Key": ["orders.o_orderpriority"],"Sort Method": "quicksort","Sort Space Used": 1123,"Sort Space Type": "Memory","Workers": [{"Worker Number": 0,"Sort Method": "quicksort","Sort Space Used": 1108,"Sort Space Type": "Memory"},{"Worker Number": 1,"Sort Method": "quicksort","Sort Space Used": 1075,"Sort Space Type": "Memory"},{"Worker Number": 2,"Sort Method": "quicksort","Sort Space Used": 1097,"Sort Space Type": "Memory"}],"Plans": [{"Node Type": "Nested Loop","Parent Relationship": "Outer","Parallel Aware": false,"Async Capable": false,"Join Type": "Semi","Startup Cost": 798.90,"Total Cost": 50742.09,"Plan Rows": 4410,"Plan Width": 16,"Actual Startup Time": 7.655,"Actual Total Time": 200.298,"Actual Rows": 13098,"Actual Loops": 4,"Inner Unique": false,"Workers": [],"Plans": [{"Node Type": "Bitmap Heap Scan","Parent Relationship": "Outer","Parallel Aware": true,"Async Capable": false,"Relation Name": "orders","Alias": "orders","Startup Cost": 798.47,"Total Cost": 27172.01,"Plan Rows": 18569,"Plan Width": 20,"Actual Startup Time": 7.548,"Actual Total Time": 58.251,"Actual Rows": 14284,"Actual Loops": 4,"Recheck Cond": "((o_orderdate >= '1993-08-01'::date) AND (o_orderdate < '1993-11-01 00:00:00'::timestamp without time zone))","Rows Removed by Index Recheck": 0,"Exact Heap Blocks": 5961,"Lossy Heap Blocks": 0,"Workers": [],"Plans": [{"Node Type": "Bitmap Index Scan","Parent Relationship": "Outer","Parallel Aware": false,"Async Capable": false,"Index Name": "idx_orders_orderdate","Startup Cost": 0.00,"Total Cost": 784.08,"Plan Rows": 57565,"Plan Width": 0,"Actual Startup Time": 10.621,"Actual Total Time": 10.624,"Actual Rows": 57138,"Actual Loops": 1,"Index Cond": "((o_orderdate >= '1993-08-01'::date) AND (o_orderdate < '1993-11-01 00:00:00'::timestamp without time zone))","Workers": []}]},{"Node Type": "Index Scan","Parent Relationship": "Inner","Parallel Aware": false,"Async Capable": false,"Scan Direction": "Forward","Index Name": "idx_lineitem_orderkey","Relation Name": "lineitem","Alias": "lineitem","Startup Cost": 0.43,"Total Cost": 4.62,"Plan Rows": 6,"Plan Width": 4,"Actual Startup Time": 0.010,"Actual Total Time": 0.010,"Actual Rows": 1,"Actual Loops": 57138,"Index Cond": "(l_orderkey = orders.o_orderkey)","Rows Removed by Index Recheck": 0,"Filter": "(l_commitdate < l_receiptdate)","Rows Removed by Filter": 1,"Workers": []}]}]}]}]}]},"Planning Time": 4.337,"Triggers": [],"Execution Time": 240.936}]
[{"Plan": {"Node Type": "Aggregate","Strategy": "Sorted","Partial Mode": "Finalize","Parallel Aware": false,"Async Capable": false,"Startup Cost": 52959.57,"Total Cost": 52996.16,"Plan Rows": 5,"Plan Width": 24,"Actual Startup Time": 209.033,"Actual Total Time": 233.672,"Actual Rows": 5,"Actual Loops": 1,"Group Key": ["orders.o_orderpriority"],"Plans": [{"Node Type": "Gather Merge","Parent Relationship": "Outer","Parallel Aware": false,"Async Capable": false,"Startup Cost": 52959.57,"Total Cost": 52996.04,"Plan Rows": 15,"Plan Width": 24,"Actual Startup Time": 208.622,"Actual Total Time": 233.645,"Actual Rows": 20,"Actual Loops": 1,"Workers Planned": 3,"Workers Launched": 3,"Plans": [{"Node Type": "Aggregate","Strategy": "Sorted","Partial Mode": "Partial","Parent Relationship": "Outer","Parallel Aware": false,"Async Capable": false,"Startup Cost": 51959.53,"Total Cost": 51994.23,"Plan Rows": 5,"Plan Width": 24,"Actual Startup Time": 199.783,"Actual Total Time": 201.045,"Actual Rows": 5,"Actual Loops": 4,"Group Key": ["orders.o_orderpriority"],"Workers": [],"Plans": [{"Node Type": "Sort","Parent Relationship": "Outer","Parallel Aware": false,"Async Capable": false,"Startup Cost": 51959.53,"Total Cost": 51971.08,"Plan Rows": 4620,"Plan Width": 16,"Actual Startup Time": 199.445,"Actual Total Time": 199.958,"Actual Rows": 13257,"Actual Loops": 4,"Sort Key": ["orders.o_orderpriority"],"Sort Method": "quicksort","Sort Space Used": 1102,"Sort Space Type": "Memory","Workers": [{"Worker Number": 0,"Sort Method": "quicksort","Sort Space Used": 1125,"Sort Space Type": "Memory"},{"Worker Number": 1,"Sort Method": "quicksort","Sort Space Used": 1082,"Sort Space Type": "Memory"},{"Worker Number": 2,"Sort Method": "quicksort","Sort Space Used": 1129,"Sort Space Type": "Memory"}],"Plans": [{"Node Type": "Nested Loop","Parent Relationship": "Outer","Parallel Aware": false,"Async Capable": false,"Join Type": "Semi","Startup Cost": 834.97,"Total Cost": 51678.32,"Plan Rows": 4620,"Plan Width": 16,"Actual Startup Time": 5.409,"Actual Total Time": 193.022,"Actual Rows": 13257,"Actual Loops": 4,"Inner Unique": false,"Workers": [],"Plans": [{"Node Type": "Bitmap Heap Scan","Parent Relationship": "Outer","Parallel Aware": true,"Async Capable": false,"Relation Name": "orders","Alias": "orders","Startup Cost": 834.53,"Total Cost": 27221.32,"Plan Rows": 19452,"Plan Width": 20,"Actual Startup Time": 5.281,"Actual Total Time": 56.264,"Actual Rows": 14475,"Actual Loops": 4,"Recheck Cond": "((o_orderdate >= '1997-05-01'::date) AND (o_orderdate < '1997-08-01 00:00:00'::timestamp without time zone))","Rows Removed by Index Recheck": 0,"Exact Heap Blocks": 5770,"Lossy Heap Blocks": 0,"Workers": [],"Plans": [{"Node Type": "Bitmap Index Scan","Parent Relationship": "Outer","Parallel Aware": false,"Async Capable": false,"Index Name": "idx_orders_orderdate","Startup Cost": 0.00,"Total Cost": 819.46,"Plan Rows": 60303,"Plan Width": 0,"Actual Startup Time": 8.646,"Actual Total Time": 8.646,"Actual Rows": 57901,"Actual Loops": 1,"Index Cond": "((o_orderdate >= '1997-05-01'::date) AND (o_orderdate < '1997-08-01 00:00:00'::timestamp without time zone))","Workers": []}]},{"Node Type": "Index Scan","Parent Relationship": "Inner","Parallel Aware": false,"Async Capable": false,"Scan Direction": "Forward","Index Name": "idx_lineitem_orderkey","Relation Name": "lineitem","Alias": "lineitem","Startup Cost": 0.43,"Total Cost": 4.56,"Plan Rows": 6,"Plan Width": 4,"Actual Startup Time": 0.009,"Actual Total Time": 0.009,"Actual Rows": 1,"Actual Loops": 57901,"Index Cond": "(l_orderkey = orders.o_orderkey)","Rows Removed by Index Recheck": 0,"Filter": "(l_commitdate < l_receiptdate)","Rows Removed by Filter": 1,"Workers": []}]}]}]}]}]},"Planning Time": 4.687,"Triggers": [],"Execution Time": 234.385}]
[{"Plan": {"Node Type": "Aggregate","Strategy": "Sorted","Partial Mode": "Finalize","Parallel Aware": false,"Async Capable": false,"Startup Cost": 51895.02,"Total Cost": 51929.86,"Plan Rows": 5,"Plan Width": 24,"Actual Startup Time": 216.936,"Actual Total Time": 240.849,"Actual Rows": 5,"Actual Loops": 1,"Group Key": ["orders.o_orderpriority"],"Plans": [{"Node Type": "Gather Merge","Parent Relationship": "Outer","Parallel Aware": false,"Async Capable": false,"Startup Cost": 51895.02,"Total Cost": 51929.73,"Plan Rows": 15,"Plan Width": 24,"Actual Startup Time": 216.564,"Actual Total Time": 240.814,"Actual Rows": 20,"Actual Loops": 1,"Workers Planned": 3,"Workers Launched": 3,"Plans": [{"Node Type": "Aggregate","Strategy": "Sorted","Partial Mode": "Partial","Parent Relationship": "Outer","Parallel Aware": false,"Async Capable": false,"Startup Cost": 50894.98,"Total Cost": 50927.93,"Plan Rows": 5,"Plan Width": 24,"Actual Startup Time": 207.210,"Actual Total Time": 208.520,"Actual Rows": 5,"Actual Loops": 4,"Group Key": ["orders.o_orderpriority"],"Workers": [],"Plans": [{"Node Type": "Sort","Parent Relationship": "Outer","Parallel Aware": false,"Async Capable": false,"Startup Cost": 50894.98,"Total Cost": 50905.95,"Plan Rows": 4386,"Plan Width": 16,"Actual Startup Time": 206.842,"Actual Total Time": 207.438,"Actual Rows": 13154,"Actual Loops": 4,"Sort Key": ["orders.o_orderpriority"],"Sort Method": "quicksort","Sort Space Used": 1056,"Sort Space Type": "Memory","Workers": [{"Worker Number": 0,"Sort Method": "quicksort","Sort Space Used": 1144,"Sort Space Type": "Memory"},{"Worker Number": 1,"Sort Method": "quicksort","Sort Space Used": 1079,"Sort Space Type": "Memory"},{"Worker Number": 2,"Sort Method": "quicksort","Sort Space Used": 1137,"Sort Space Type": "Memory"}],"Plans": [{"Node Type": "Nested Loop","Parent Relationship": "Outer","Parallel Aware": false,"Async Capable": false,"Join Type": "Semi","Startup Cost": 791.62,"Total Cost": 50629.66,"Plan Rows": 4386,"Plan Width": 16,"Actual Startup Time": 4.998,"Actual Total Time": 200.365,"Actual Rows": 13154,"Actual Loops": 4,"Inner Unique": false,"Workers": [],"Plans": [{"Node Type": "Bitmap Heap Scan","Parent Relationship": "Outer","Parallel Aware": true,"Async Capable": false,"Relation Name": "orders","Alias": "orders","Startup Cost": 791.19,"Total Cost": 27163.18,"Plan Rows": 18466,"Plan Width": 20,"Actual Startup Time": 4.854,"Actual Total Time": 59.077,"Actual Rows": 14346,"Actual Loops": 4,"Recheck Cond": "((o_orderdate >= '1994-07-01'::date) AND (o_orderdate < '1994-10-01 00:00:00'::timestamp without time zone))","Rows Removed by Index Recheck": 0,"Exact Heap Blocks": 5381,"Lossy Heap Blocks": 0,"Workers": [],"Plans": [{"Node Type": "Bitmap Index Scan","Parent Relationship": "Outer","Parallel Aware": false,"Async Capable": false,"Index Name": "idx_orders_orderdate","Startup Cost": 0.00,"Total Cost": 776.88,"Plan Rows": 57245,"Plan Width": 0,"Actual Startup Time": 8.661,"Actual Total Time": 8.664,"Actual Rows": 57384,"Actual Loops": 1,"Index Cond": "((o_orderdate >= '1994-07-01'::date) AND (o_orderdate < '1994-10-01 00:00:00'::timestamp without time zone))","Workers": []}]},{"Node Type": "Index Scan","Parent Relationship": "Inner","Parallel Aware": false,"Async Capable": false,"Scan Direction": "Forward","Index Name": "idx_lineitem_orderkey","Relation Name": "lineitem","Alias": "lineitem","Startup Cost": 0.43,"Total Cost": 4.63,"Plan Rows": 6,"Plan Width": 4,"Actual Startup Time": 0.010,"Actual Total Time": 0.010,"Actual Rows": 1,"Actual Loops": 57384,"Index Cond": "(l_orderkey = orders.o_orderkey)","Rows Removed by Index Recheck": 0,"Filter": "(l_commitdate < l_receiptdate)","Rows Removed by Filter": 1,"Workers": []}]}]}]}]}]},"Planning Time": 4.847,"Triggers": [],"Execution Time": 241.394}]
[{"Plan": {"Node Type": "Aggregate","Strategy": "Sorted","Partial Mode": "Finalize","Parallel Aware": false,"Async Capable": false,"Startup Cost": 50393.04,"Total Cost": 50425.42,"Plan Rows": 5,"Plan Width": 24,"Actual Startup Time": 209.179,"Actual Total Time": 234.092,"Actual Rows": 5,"Actual Loops": 1,"Group Key": ["orders.o_orderpriority"],"Plans": [{"Node Type": "Gather Merge","Parent Relationship": "Outer","Parallel Aware": false,"Async Capable": false,"Startup Cost": 50393.04,"Total Cost": 50425.30,"Plan Rows": 15,"Plan Width": 24,"Actual Startup Time": 208.857,"Actual Total Time": 234.045,"Actual Rows": 20,"Actual Loops": 1,"Workers Planned": 3,"Workers Launched": 3,"Plans": [{"Node Type": "Aggregate","Strategy": "Sorted","Partial Mode": "Partial","Parent Relationship": "Outer","Parallel Aware": false,"Async Capable": false,"Startup Cost": 49393.00,"Total Cost": 49423.49,"Plan Rows": 5,"Plan Width": 24,"Actual Startup Time": 200.343,"Actual Total Time": 201.591,"Actual Rows": 5,"Actual Loops": 4,"Group Key": ["orders.o_orderpriority"],"Workers": [],"Plans": [{"Node Type": "Sort","Parent Relationship": "Outer","Parallel Aware": false,"Async Capable": false,"Startup Cost": 49393.00,"Total Cost": 49403.15,"Plan Rows": 4059,"Plan Width": 16,"Actual Startup Time": 200.015,"Actual Total Time": 200.534,"Actual Rows": 13007,"Actual Loops": 4,"Sort Key": ["orders.o_orderpriority"],"Sort Method": "quicksort","Sort Space Used": 1034,"Sort Space Type": "Memory","Workers": [{"Worker Number": 0,"Sort Method": "quicksort","Sort Space Used": 1128,"Sort Space Type": "Memory"},{"Worker Number": 1,"Sort Method": "quicksort","Sort Space Used": 1096,"Sort Space Type": "Memory"},{"Worker Number": 2,"Sort Method": "quicksort","Sort Space Used": 1126,"Sort Space Type": "Memory"}],"Plans": [{"Node Type": "Nested Loop","Parent Relationship": "Outer","Parallel Aware": false,"Async Capable": false,"Join Type": "Semi","Startup Cost": 731.94,"Total Cost": 49149.73,"Plan Rows": 4059,"Plan Width": 16,"Actual Startup Time": 5.320,"Actual Total Time": 193.882,"Actual Rows": 13007,"Actual Loops": 4,"Inner Unique": false,"Workers": [],"Plans": [{"Node Type": "Bitmap Heap Scan","Parent Relationship": "Outer","Parallel Aware": true,"Async Capable": false,"Relation Name": "orders","Alias": "orders","Startup Cost": 731.50,"Total Cost": 27082.87,"Plan Rows": 17091,"Plan Width": 20,"Actual Startup Time": 5.198,"Actual Total Time": 56.771,"Actual Rows": 14217,"Actual Loops": 4,"Recheck Cond": "((o_orderdate >= '1995-09-01'::date) AND (o_orderdate < '1995-12-01 00:00:00'::timestamp without time zone))","Rows Removed by Index Recheck": 0,"Exact Heap Blocks": 5379,"Lossy Heap Blocks": 0,"Workers": [],"Plans": [{"Node Type": "Bitmap Index Scan","Parent Relationship": "Outer","Parallel Aware": false,"Async Capable": false,"Index Name": "idx_orders_orderdate","Startup Cost": 0.00,"Total Cost": 718.26,"Plan Rows": 52983,"Plan Width": 0,"Actual Startup Time": 8.331,"Actual Total Time": 8.335,"Actual Rows": 56867,"Actual Loops": 1,"Index Cond": "((o_orderdate >= '1995-09-01'::date) AND (o_orderdate < '1995-12-01 00:00:00'::timestamp without time zone))","Workers": []}]},{"Node Type": "Index Scan","Parent Relationship": "Inner","Parallel Aware": false,"Async Capable": false,"Scan Direction": "Forward","Index Name": "idx_lineitem_orderkey","Relation Name": "lineitem","Alias": "lineitem","Startup Cost": 0.43,"Total Cost": 4.73,"Plan Rows": 6,"Plan Width": 4,"Actual Startup Time": 0.009,"Actual Total Time": 0.009,"Actual Rows": 1,"Actual Loops": 56867,"Index Cond": "(l_orderkey = orders.o_orderkey)","Rows Removed by Index Recheck": 0,"Filter": "(l_commitdate < l_receiptdate)","Rows Removed by Filter": 1,"Workers": []}]}]}]}]}]},"Planning Time": 4.551,"Triggers": [],"Execution Time": 234.551}]
[{"Plan": {"Node Type": "Aggregate","Strategy": "Sorted","Partial Mode": "Finalize","Parallel Aware": false,"Async Capable": false,"Startup Cost": 50972.15,"Total Cost": 51005.47,"Plan Rows": 5,"Plan Width": 24,"Actual Startup Time": 203.120,"Actual Total Time": 227.959,"Actual Rows": 5,"Actual Loops": 1,"Group Key": ["orders.o_orderpriority"],"Plans": [{"Node Type": "Gather Merge","Parent Relationship": "Outer","Parallel Aware": false,"Async Capable": false,"Startup Cost": 50972.15,"Total Cost": 51005.34,"Plan Rows": 15,"Plan Width": 24,"Actual Startup Time": 202.784,"Actual Total Time": 227.929,"Actual Rows": 20,"Actual Loops": 1,"Workers Planned": 3,"Workers Launched": 3,"Plans": [{"Node Type": "Aggregate","Strategy": "Sorted","Partial Mode": "Partial","Parent Relationship": "Outer","Parallel Aware": false,"Async Capable": false,"Startup Cost": 49972.11,"Total Cost": 50003.54,"Plan Rows": 5,"Plan Width": 24,"Actual Startup Time": 194.409,"Actual Total Time": 195.620,"Actual Rows": 5,"Actual Loops": 4,"Group Key": ["orders.o_orderpriority"],"Workers": [],"Plans": [{"Node Type": "Sort","Parent Relationship": "Outer","Parallel Aware": false,"Async Capable": false,"Startup Cost": 49972.11,"Total Cost": 49982.57,"Plan Rows": 4184,"Plan Width": 16,"Actual Startup Time": 194.085,"Actual Total Time": 194.589,"Actual Rows": 12754,"Actual Loops": 4,"Sort Key": ["orders.o_orderpriority"],"Sort Method": "quicksort","Sort Space Used": 1068,"Sort Space Type": "Memory","Workers": [{"Worker Number": 0,"Sort Method": "quicksort","Sort Space Used": 1094,"Sort Space Type": "Memory"},{"Worker Number": 1,"Sort Method": "quicksort","Sort Space Used": 1069,"Sort Space Type": "Memory"},{"Worker Number": 2,"Sort Method": "quicksort","Sort Space Used": 1096,"Sort Space Type": "Memory"}],"Plans": [{"Node Type": "Nested Loop","Parent Relationship": "Outer","Parallel Aware": false,"Async Capable": false,"Join Type": "Semi","Startup Cost": 756.62,"Total Cost": 49720.43,"Plan Rows": 4184,"Plan Width": 16,"Actual Startup Time": 4.954,"Actual Total Time": 187.804,"Actual Rows": 12754,"Actual Loops": 4,"Inner Unique": false,"Workers": [],"Plans": [{"Node Type": "Bitmap Heap Scan","Parent Relationship": "Outer","Parallel Aware": true,"Async Capable": false,"Relation Name": "orders","Alias": "orders","Startup Cost": 756.19,"Total Cost": 27115.44,"Plan Rows": 17617,"Plan Width": 20,"Actual Startup Time": 4.825,"Actual Total Time": 55.378,"Actual Rows": 13875,"Actual Loops": 4,"Recheck Cond": "((o_orderdate >= '1997-02-01'::date) AND (o_orderdate < '1997-05-01 00:00:00'::timestamp without time zone))","Rows Removed by Index Recheck": 0,"Exact Heap Blocks": 5706,"Lossy Heap Blocks": 0,"Workers": [],"Plans": [{"Node Type": "Bitmap Index Scan","Parent Relationship": "Outer","Parallel Aware": false,"Async Capable": false,"Index Name": "idx_orders_orderdate","Startup Cost": 0.00,"Total Cost": 742.54,"Plan Rows": 54611,"Plan Width": 0,"Actual Startup Time": 8.081,"Actual Total Time": 8.083,"Actual Rows": 55500,"Actual Loops": 1,"Index Cond": "((o_orderdate >= '1997-02-01'::date) AND (o_orderdate < '1997-05-01 00:00:00'::timestamp without time zone))","Workers": []}]},{"Node Type": "Index Scan","Parent Relationship": "Inner","Parallel Aware": false,"Async Capable": false,"Scan Direction": "Forward","Index Name": "idx_lineitem_orderkey","Relation Name": "lineitem","Alias": "lineitem","Startup Cost": 0.43,"Total Cost": 4.69,"Plan Rows": 6,"Plan Width": 4,"Actual Startup Time": 0.009,"Actual Total Time": 0.009,"Actual Rows": 1,"Actual Loops": 55500,"Index Cond": "(l_orderkey = orders.o_orderkey)","Rows Removed by Index Recheck": 0,"Filter": "(l_commitdate < l_receiptdate)","Rows Removed by Filter": 1,"Workers": []}]}]}]}]}]},"Planning Time": 5.807,"Triggers": [],"Execution Time": 228.643}]
[{"Plan": {"Node Type": "Aggregate","Strategy": "Sorted","Partial Mode": "Finalize","Parallel Aware": false,"Async Capable": false,"Startup Cost": 52188.36,"Total Cost": 52223.67,"Plan Rows": 5,"Plan Width": 24,"Actual Startup Time": 206.752,"Actual Total Time": 231.361,"Actual Rows": 5,"Actual Loops": 1,"Group Key": ["orders.o_orderpriority"],"Plans": [{"Node Type": "Gather Merge","Parent Relationship": "Outer","Parallel Aware": false,"Async Capable": false,"Startup Cost": 52188.36,"Total Cost": 52223.54,"Plan Rows": 15,"Plan Width": 24,"Actual Startup Time": 206.342,"Actual Total Time": 231.324,"Actual Rows": 20,"Actual Loops": 1,"Workers Planned": 3,"Workers Launched": 3,"Plans": [{"Node Type": "Aggregate","Strategy": "Sorted","Partial Mode": "Partial","Parent Relationship": "Outer","Parallel Aware": false,"Async Capable": false,"Startup Cost": 51188.32,"Total Cost": 51221.74,"Plan Rows": 5,"Plan Width": 24,"Actual Startup Time": 197.592,"Actual Total Time": 198.857,"Actual Rows": 5,"Actual Loops": 4,"Group Key": ["orders.o_orderpriority"],"Workers": [],"Plans": [{"Node Type": "Sort","Parent Relationship": "Outer","Parallel Aware": false,"Async Capable": false,"Startup Cost": 51188.32,"Total Cost": 51199.44,"Plan Rows": 4450,"Plan Width": 16,"Actual Startup Time": 197.254,"Actual Total Time": 197.787,"Actual Rows": 13171,"Actual Loops": 4,"Sort Key": ["orders.o_orderpriority"],"Sort Method": "quicksort","Sort Space Used": 1095,"Sort Space Type": "Memory","Workers": [{"Worker Number": 0,"Sort Method": "quicksort","Sort Space Used": 1116,"Sort Space Type": "Memory"},{"Worker Number": 1,"Sort Method": "quicksort","Sort Space Used": 1089,"Sort Space Type": "Memory"},{"Worker Number": 2,"Sort Method": "quicksort","Sort Space Used": 1119,"Sort Space Type": "Memory"}],"Plans": [{"Node Type": "Nested Loop","Parent Relationship": "Outer","Parallel Aware": false,"Async Capable": false,"Join Type": "Semi","Startup Cost": 804.19,"Total Cost": 50918.66,"Plan Rows": 4450,"Plan Width": 16,"Actual Startup Time": 4.989,"Actual Total Time": 190.898,"Actual Rows": 13171,"Actual Loops": 4,"Inner Unique": false,"Workers": [],"Plans": [{"Node Type": "Bitmap Heap Scan","Parent Relationship": "Outer","Parallel Aware": true,"Async Capable": false,"Relation Name": "orders","Alias": "orders","Startup Cost": 803.76,"Total Cost": 27179.79,"Plan Rows": 18736,"Plan Width": 20,"Actual Startup Time": 4.856,"Actual Total Time": 55.634,"Actual Rows": 14328,"Actual Loops": 4,"Recheck Cond": "((o_orderdate >= '1994-05-01'::date) AND (o_orderdate < '1994-08-01 00:00:00'::timestamp without time zone))","Rows Removed by Index Recheck": 0,"Exact Heap Blocks": 5709,"Lossy Heap Blocks": 0,"Workers": [],"Plans": [{"Node Type": "Bitmap Index Scan","Parent Relationship": "Outer","Parallel Aware": false,"Async Capable": false,"Index Name": "idx_orders_orderdate","Startup Cost": 0.00,"Total Cost": 789.24,"Plan Rows": 58081,"Plan Width": 0,"Actual Startup Time": 8.408,"Actual Total Time": 8.410,"Actual Rows": 57311,"Actual Loops": 1,"Index Cond": "((o_orderdate >= '1994-05-01'::date) AND (o_orderdate < '1994-08-01 00:00:00'::timestamp without time zone))","Workers": []}]},{"Node Type": "Index Scan","Parent Relationship": "Inner","Parallel Aware": false,"Async Capable": false,"Scan Direction": "Forward","Index Name": "idx_lineitem_orderkey","Relation Name": "lineitem","Alias": "lineitem","Startup Cost": 0.43,"Total Cost": 4.61,"Plan Rows": 6,"Plan Width": 4,"Actual Startup Time": 0.009,"Actual Total Time": 0.009,"Actual Rows": 1,"Actual Loops": 57311,"Index Cond": "(l_orderkey = orders.o_orderkey)","Rows Removed by Index Recheck": 0,"Filter": "(l_commitdate < l_receiptdate)","Rows Removed by Filter": 1,"Workers": []}]}]}]}]}]},"Planning Time": 4.567,"Triggers": [],"Execution Time": 232.063}]
[{"Plan": {"Node Type": "Aggregate","Strategy": "Sorted","Partial Mode": "Finalize","Parallel Aware": false,"Async Capable": false,"Startup Cost": 52264.46,"Total Cost": 52299.90,"Plan Rows": 5,"Plan Width": 24,"Actual Startup Time": 210.297,"Actual Total Time": 234.648,"Actual Rows": 5,"Actual Loops": 1,"Group Key": ["orders.o_orderpriority"],"Plans": [{"Node Type": "Gather Merge","Parent Relationship": "Outer","Parallel Aware": false,"Async Capable": false,"Startup Cost": 52264.46,"Total Cost": 52299.77,"Plan Rows": 15,"Plan Width": 24,"Actual Startup Time": 209.879,"Actual Total Time": 234.625,"Actual Rows": 20,"Actual Loops": 1,"Workers Planned": 3,"Workers Launched": 3,"Plans": [{"Node Type": "Aggregate","Strategy": "Sorted","Partial Mode": "Partial","Parent Relationship": "Outer","Parallel Aware": false,"Async Capable": false,"Startup Cost": 51264.42,"Total Cost": 51297.97,"Plan Rows": 5,"Plan Width": 24,"Actual Startup Time": 201.395,"Actual Total Time": 202.644,"Actual Rows": 5,"Actual Loops": 4,"Group Key": ["orders.o_orderpriority"],"Workers": [],"Plans": [{"Node Type": "Sort","Parent Relationship": "Outer","Parallel Aware": false,"Async Capable": false,"Startup Cost": 51264.42,"Total Cost": 51275.58,"Plan Rows": 4467,"Plan Width": 16,"Actual Startup Time": 201.050,"Actual Total Time": 201.573,"Actual Rows": 13170,"Actual Loops": 4,"Sort Key": ["orders.o_orderpriority"],"Sort Method": "quicksort","Sort Space Used": 1096,"Sort Space Type": "Memory","Workers": [{"Worker Number": 0,"Sort Method": "quicksort","Sort Space Used": 1115,"Sort Space Type": "Memory"},{"Worker Number": 1,"Sort Method": "quicksort","Sort Space Used": 1087,"Sort Space Type": "Memory"},{"Worker Number": 2,"Sort Method": "quicksort","Sort Space Used": 1121,"Sort Space Type": "Memory"}],"Plans": [{"Node Type": "Nested Loop","Parent Relationship": "Outer","Parallel Aware": false,"Async Capable": false,"Join Type": "Semi","Startup Cost": 806.45,"Total Cost": 50993.60,"Plan Rows": 4467,"Plan Width": 16,"Actual Startup Time": 6.115,"Actual Total Time": 194.584,"Actual Rows": 13170,"Actual Loops": 4,"Inner Unique": false,"Workers": [],"Plans": [{"Node Type": "Bitmap Heap Scan","Parent Relationship": "Outer","Parallel Aware": true,"Async Capable": false,"Relation Name": "orders","Alias": "orders","Startup Cost": 806.01,"Total Cost": 27183.11,"Plan Rows": 18807,"Plan Width": 20,"Actual Startup Time": 5.968,"Actual Total Time": 57.641,"Actual Rows": 14355,"Actual Loops": 4,"Recheck Cond": "((o_orderdate >= '1994-03-01'::date) AND (o_orderdate < '1994-06-01 00:00:00'::timestamp without time zone))","Rows Removed by Index Recheck": 0,"Exact Heap Blocks": 5803,"Lossy Heap Blocks": 0,"Workers": [],"Plans": [{"Node Type": "Bitmap Index Scan","Parent Relationship": "Outer","Parallel Aware": false,"Async Capable": false,"Index Name": "idx_orders_orderdate","Startup Cost": 0.00,"Total Cost": 791.44,"Plan Rows": 58301,"Plan Width": 0,"Actual Startup Time": 8.953,"Actual Total Time": 8.953,"Actual Rows": 57420,"Actual Loops": 1,"Index Cond": "((o_orderdate >= '1994-03-01'::date) AND (o_orderdate < '1994-06-01 00:00:00'::timestamp without time zone))","Workers": []}]},{"Node Type": "Index Scan","Parent Relationship": "Inner","Parallel Aware": false,"Async Capable": false,"Scan Direction": "Forward","Index Name": "idx_lineitem_orderkey","Relation Name": "lineitem","Alias": "lineitem","Startup Cost": 0.43,"Total Cost": 4.60,"Plan Rows": 6,"Plan Width": 4,"Actual Startup Time": 0.009,"Actual Total Time": 0.009,"Actual Rows": 1,"Actual Loops": 57420,"Index Cond": "(l_orderkey = orders.o_orderkey)","Rows Removed by Index Recheck": 0,"Filter": "(l_commitdate < l_receiptdate)","Rows Removed by Filter": 1,"Workers": []}]}]}]}]}]},"Planning Time": 4.194,"Triggers": [],"Execution Time": 235.354}]
[{"Plan": {"Node Type": "Aggregate","Strategy": "Sorted","Partial Mode": "Finalize","Parallel Aware": false,"Async Capable": false,"Startup Cost": 52231.26,"Total Cost": 52266.64,"Plan Rows": 5,"Plan Width": 24,"Actual Startup Time": 211.731,"Actual Total Time": 236.685,"Actual Rows": 5,"Actual Loops": 1,"Group Key": ["orders.o_orderpriority"],"Plans": [{"Node Type": "Gather Merge","Parent Relationship": "Outer","Parallel Aware": false,"Async Capable": false,"Startup Cost": 52231.26,"Total Cost": 52266.52,"Plan Rows": 15,"Plan Width": 24,"Actual Startup Time": 211.358,"Actual Total Time": 236.644,"Actual Rows": 20,"Actual Loops": 1,"Workers Planned": 3,"Workers Launched": 3,"Plans": [{"Node Type": "Aggregate","Strategy": "Sorted","Partial Mode": "Partial","Parent Relationship": "Outer","Parallel Aware": false,"Async Capable": false,"Startup Cost": 51231.22,"Total Cost": 51264.72,"Plan Rows": 5,"Plan Width": 24,"Actual Startup Time": 202.707,"Actual Total Time": 203.957,"Actual Rows": 5,"Actual Loops": 4,"Group Key": ["orders.o_orderpriority"],"Workers": [],"Plans": [{"Node Type": "Sort","Parent Relationship": "Outer","Parallel Aware": false,"Async Capable": false,"Startup Cost": 51231.22,"Total Cost": 51242.37,"Plan Rows": 4460,"Plan Width": 16,"Actual Startup Time": 202.371,"Actual Total Time": 202.882,"Actual Rows": 13097,"Actual Loops": 4,"Sort Key": ["orders.o_orderpriority"],"Sort Method": "quicksort","Sort Space Used": 1098,"Sort Space Type": "Memory","Workers": [{"Worker Number": 0,"Sort Method": "quicksort","Sort Space Used": 1097,"Sort Space Type": "Memory"},{"Worker Number": 1,"Sort Method": "quicksort","Sort Space Used": 1085,"Sort Space Type": "Memory"},{"Worker Number": 2,"Sort Method": "quicksort","Sort Space Used": 1122,"Sort Space Type": "Memory"}],"Plans": [{"Node Type": "Nested Loop","Parent Relationship": "Outer","Parallel Aware": false,"Async Capable": false,"Join Type": "Semi","Startup Cost": 805.48,"Total Cost": 50960.88,"Plan Rows": 4460,"Plan Width": 16,"Actual Startup Time": 5.489,"Actual Total Time": 195.856,"Actual Rows": 13097,"Actual Loops": 4,"Inner Unique": false,"Workers": [],"Plans": [{"Node Type": "Bitmap Heap Scan","Parent Relationship": "Outer","Parallel Aware": true,"Async Capable": false,"Relation Name": "orders","Alias": "orders","Startup Cost": 805.05,"Total Cost": 27181.70,"Plan Rows": 18776,"Plan Width": 20,"Actual Startup Time": 5.323,"Actual Total Time": 57.749,"Actual Rows": 14305,"Actual Loops": 4,"Recheck Cond": "((o_orderdate >= '1994-10-01'::date) AND (o_orderdate < '1995-01-01 00:00:00'::timestamp without time zone))","Rows Removed by Index Recheck": 0,"Exact Heap Blocks": 5772,"Lossy Heap Blocks": 0,"Workers": [],"Plans": [{"Node Type": "Bitmap Index Scan","Parent Relationship": "Outer","Parallel Aware": false,"Async Capable": false,"Index Name": "idx_orders_orderdate","Startup Cost": 0.00,"Total Cost": 790.50,"Plan Rows": 58207,"Plan Width": 0,"Actual Startup Time": 8.588,"Actual Total Time": 8.590,"Actual Rows": 57219,"Actual Loops": 1,"Index Cond": "((o_orderdate >= '1994-10-01'::date) AND (o_orderdate < '1995-01-01 00:00:00'::timestamp without time zone))","Workers": []}]},{"Node Type": "Index Scan","Parent Relationship": "Inner","Parallel Aware": false,"Async Capable": false,"Scan Direction": "Forward","Index Name": "idx_lineitem_orderkey","Relation Name": "lineitem","Alias": "lineitem","Startup Cost": 0.43,"Total Cost": 4.60,"Plan Rows": 6,"Plan Width": 4,"Actual Startup Time": 0.009,"Actual Total Time": 0.009,"Actual Rows": 1,"Actual Loops": 57219,"Index Cond": "(l_orderkey = orders.o_orderkey)","Rows Removed by Index Recheck": 0,"Filter": "(l_commitdate < l_receiptdate)","Rows Removed by Filter": 1,"Workers": []}]}]}]}]}]},"Planning Time": 4.281,"Triggers": [],"Execution Time": 237.379}]
[{"Plan": {"Node Type": "Aggregate","Strategy": "Sorted","Partial Mode": "Finalize","Parallel Aware": false,"Async Capable": false,"Startup Cost": 51011.39,"Total Cost": 51044.78,"Plan Rows": 5,"Plan Width": 24,"Actual Startup Time": 210.461,"Actual Total Time": 234.044,"Actual Rows": 5,"Actual Loops": 1,"Group Key": ["orders.o_orderpriority"],"Plans": [{"Node Type": "Gather Merge","Parent Relationship": "Outer","Parallel Aware": false,"Async Capable": false,"Startup Cost": 51011.39,"Total Cost": 51044.65,"Plan Rows": 15,"Plan Width": 24,"Actual Startup Time": 210.096,"Actual Total Time": 234.015,"Actual Rows": 20,"Actual Loops": 1,"Workers Planned": 3,"Workers Launched": 3,"Plans": [{"Node Type": "Aggregate","Strategy": "Sorted","Partial Mode": "Partial","Parent Relationship": "Outer","Parallel Aware": false,"Async Capable": false,"Startup Cost": 50011.35,"Total Cost": 50042.85,"Plan Rows": 5,"Plan Width": 24,"Actual Startup Time": 201.605,"Actual Total Time": 202.848,"Actual Rows": 5,"Actual Loops": 4,"Group Key": ["orders.o_orderpriority"],"Workers": [],"Plans": [{"Node Type": "Sort","Parent Relationship": "Outer","Parallel Aware": false,"Async Capable": false,"Startup Cost": 50011.35,"Total Cost": 50021.83,"Plan Rows": 4193,"Plan Width": 16,"Actual Startup Time": 201.266,"Actual Total Time": 201.779,"Actual Rows": 13126,"Actual Loops": 4,"Sort Key": ["orders.o_orderpriority"],"Sort Method": "quicksort","Sort Space Used": 1111,"Sort Space Type": "Memory","Workers": [{"Worker Number": 0,"Sort Method": "quicksort","Sort Space Used": 1101,"Sort Space Type": "Memory"},{"Worker Number": 1,"Sort Method": "quicksort","Sort Space Used": 1104,"Sort Space Type": "Memory"},{"Worker Number": 2,"Sort Method": "quicksort","Sort Space Used": 1095,"Sort Space Type": "Memory"}],"Plans": [{"Node Type": "Nested Loop","Parent Relationship": "Outer","Parallel Aware": false,"Async Capable": false,"Join Type": "Semi","Startup Cost": 757.77,"Total Cost": 49759.06,"Plan Rows": 4193,"Plan Width": 16,"Actual Startup Time": 5.095,"Actual Total Time": 194.943,"Actual Rows": 13126,"Actual Loops": 4,"Inner Unique": false,"Workers": [],"Plans": [{"Node Type": "Bitmap Heap Scan","Parent Relationship": "Outer","Parallel Aware": true,"Async Capable": false,"Relation Name": "orders","Alias": "orders","Startup Cost": 757.34,"Total Cost": 27117.13,"Plan Rows": 17653,"Plan Width": 20,"Actual Startup Time": 4.968,"Actual Total Time": 58.949,"Actual Rows": 14316,"Actual Loops": 4,"Recheck Cond": "((o_orderdate >= '1997-08-01'::date) AND (o_orderdate < '1997-11-01 00:00:00'::timestamp without time zone))","Rows Removed by Index Recheck": 0,"Exact Heap Blocks": 5880,"Lossy Heap Blocks": 0,"Workers": [],"Plans": [{"Node Type": "Bitmap Index Scan","Parent Relationship": "Outer","Parallel Aware": false,"Async Capable": false,"Index Name": "idx_orders_orderdate","Startup Cost": 0.00,"Total Cost": 743.66,"Plan Rows": 54723,"Plan Width": 0,"Actual Startup Time": 8.219,"Actual Total Time": 8.222,"Actual Rows": 57265,"Actual Loops": 1,"Index Cond": "((o_orderdate >= '1997-08-01'::date) AND (o_orderdate < '1997-11-01 00:00:00'::timestamp without time zone))","Workers": []}]},{"Node Type": "Index Scan","Parent Relationship": "Inner","Parallel Aware": false,"Async Capable": false,"Scan Direction": "Forward","Index Name": "idx_lineitem_orderkey","Relation Name": "lineitem","Alias": "lineitem","Startup Cost": 0.43,"Total Cost": 4.69,"Plan Rows": 6,"Plan Width": 4,"Actual Startup Time": 0.009,"Actual Total Time": 0.009,"Actual Rows": 1,"Actual Loops": 57265,"Index Cond": "(l_orderkey = orders.o_orderkey)","Rows Removed by Index Recheck": 0,"Filter": "(l_commitdate < l_receiptdate)","Rows Removed by Filter": 1,"Workers": []}]}]}]}]}]},"Planning Time": 5.789,"Triggers": [],"Execution Time": 234.434}]
[{"Plan": {"Node Type": "Aggregate","Strategy": "Sorted","Partial Mode": "Finalize","Parallel Aware": false,"Async Capable": false,"Startup Cost": 52341.15,"Total Cost": 52376.72,"Plan Rows": 5,"Plan Width": 24,"Actual Startup Time": 211.523,"Actual Total Time": 235.394,"Actual Rows": 5,"Actual Loops": 1,"Group Key": ["orders.o_orderpriority"],"Plans": [{"Node Type": "Gather Merge","Parent Relationship": "Outer","Parallel Aware": false,"Async Capable": false,"Startup Cost": 52341.15,"Total Cost": 52376.60,"Plan Rows": 15,"Plan Width": 24,"Actual Startup Time": 211.162,"Actual Total Time": 235.331,"Actual Rows": 20,"Actual Loops": 1,"Workers Planned": 3,"Workers Launched": 3,"Plans": [{"Node Type": "Aggregate","Strategy": "Sorted","Partial Mode": "Partial","Parent Relationship": "Outer","Parallel Aware": false,"Async Capable": false,"Startup Cost": 51341.11,"Total Cost": 51374.79,"Plan Rows": 5,"Plan Width": 24,"Actual Startup Time": 201.729,"Actual Total Time": 202.979,"Actual Rows": 5,"Actual Loops": 4,"Group Key": ["orders.o_orderpriority"],"Workers": [],"Plans": [{"Node Type": "Sort","Parent Relationship": "Outer","Parallel Aware": false,"Async Capable": false,"Startup Cost": 51341.11,"Total Cost": 51352.32,"Plan Rows": 4484,"Plan Width": 16,"Actual Startup Time": 201.384,"Actual Total Time": 201.903,"Actual Rows": 13062,"Actual Loops": 4,"Sort Key": ["orders.o_orderpriority"],"Sort Method": "quicksort","Sort Space Used": 1090,"Sort Space Type": "Memory","Workers": [{"Worker Number": 0,"Sort Method": "quicksort","Sort Space Used": 1125,"Sort Space Type": "Memory"},{"Worker Number": 1,"Sort Method": "quicksort","Sort Space Used": 1069,"Sort Space Type": "Memory"},{"Worker Number": 2,"Sort Method": "quicksort","Sort Space Used": 1111,"Sort Space Type": "Memory"}],"Plans": [{"Node Type": "Nested Loop","Parent Relationship": "Outer","Parallel Aware": false,"Async Capable": false,"Join Type": "Semi","Startup Cost": 808.74,"Total Cost": 51069.15,"Plan Rows": 4484,"Plan Width": 16,"Actual Startup Time": 4.879,"Actual Total Time": 195.077,"Actual Rows": 13062,"Actual Loops": 4,"Inner Unique": false,"Workers": [],"Plans": [{"Node Type": "Bitmap Heap Scan","Parent Relationship": "Outer","Parallel Aware": true,"Async Capable": false,"Relation Name": "orders","Alias": "orders","Startup Cost": 808.31,"Total Cost": 27186.49,"Plan Rows": 18879,"Plan Width": 20,"Actual Startup Time": 4.741,"Actual Total Time": 56.847,"Actual Rows": 14278,"Actual Loops": 4,"Recheck Cond": "((o_orderdate >= '1994-08-01'::date) AND (o_orderdate < '1994-11-01 00:00:00'::timestamp without time zone))","Rows Removed by Index Recheck": 0,"Exact Heap Blocks": 5747,"Lossy Heap Blocks": 0,"Workers": [],"Plans": [{"Node Type": "Bitmap Index Scan","Parent Relationship": "Outer","Parallel Aware": false,"Async Capable": false,"Index Name": "idx_orders_orderdate","Startup Cost": 0.00,"Total Cost": 793.68,"Plan Rows": 58525,"Plan Width": 0,"Actual Startup Time": 8.459,"Actual Total Time": 8.461,"Actual Rows": 57111,"Actual Loops": 1,"Index Cond": "((o_orderdate >= '1994-08-01'::date) AND (o_orderdate < '1994-11-01 00:00:00'::timestamp without time zone))","Workers": []}]},{"Node Type": "Index Scan","Parent Relationship": "Inner","Parallel Aware": false,"Async Capable": false,"Scan Direction": "Forward","Index Name": "idx_lineitem_orderkey","Relation Name": "lineitem","Alias": "lineitem","Startup Cost": 0.43,"Total Cost": 4.60,"Plan Rows": 6,"Plan Width": 4,"Actual Startup Time": 0.009,"Actual Total Time": 0.009,"Actual Rows": 1,"Actual Loops": 57111,"Index Cond": "(l_orderkey = orders.o_orderkey)","Rows Removed by Index Recheck": 0,"Filter": "(l_commitdate < l_receiptdate)","Rows Removed by Filter": 1,"Workers": []}]}]}]}]}]},"Planning Time": 5.584,"Triggers": [],"Execution Time": 235.929}]
[{"Plan": {"Node Type": "Aggregate","Strategy": "Sorted","Partial Mode": "Finalize","Parallel Aware": false,"Async Capable": false,"Startup Cost": 52021.13,"Total Cost": 52056.16,"Plan Rows": 5,"Plan Width": 24,"Actual Startup Time": 203.693,"Actual Total Time": 227.755,"Actual Rows": 5,"Actual Loops": 1,"Group Key": ["orders.o_orderpriority"],"Plans": [{"Node Type": "Gather Merge","Parent Relationship": "Outer","Parallel Aware": false,"Async Capable": false,"Startup Cost": 52021.13,"Total Cost": 52056.04,"Plan Rows": 15,"Plan Width": 24,"Actual Startup Time": 203.285,"Actual Total Time": 227.721,"Actual Rows": 20,"Actual Loops": 1,"Workers Planned": 3,"Workers Launched": 3,"Plans": [{"Node Type": "Aggregate","Strategy": "Sorted","Partial Mode": "Partial","Parent Relationship": "Outer","Parallel Aware": false,"Async Capable": false,"Startup Cost": 51021.09,"Total Cost": 51054.24,"Plan Rows": 5,"Plan Width": 24,"Actual Startup Time": 195.016,"Actual Total Time": 196.267,"Actual Rows": 5,"Actual Loops": 4,"Group Key": ["orders.o_orderpriority"],"Workers": [],"Plans": [{"Node Type": "Sort","Parent Relationship": "Outer","Parallel Aware": false,"Async Capable": false,"Startup Cost": 51021.09,"Total Cost": 51032.12,"Plan Rows": 4413,"Plan Width": 16,"Actual Startup Time": 194.670,"Actual Total Time": 195.213,"Actual Rows": 12850,"Actual Loops": 4,"Sort Key": ["orders.o_orderpriority"],"Sort Method": "quicksort","Sort Space Used": 1082,"Sort Space Type": "Memory","Workers": [{"Worker Number": 0,"Sort Method": "quicksort","Sort Space Used": 1095,"Sort Space Type": "Memory"},{"Worker Number": 1,"Sort Method": "quicksort","Sort Space Used": 1073,"Sort Space Type": "Memory"},{"Worker Number": 2,"Sort Method": "quicksort","Sort Space Used": 1099,"Sort Space Type": "Memory"}],"Plans": [{"Node Type": "Nested Loop","Parent Relationship": "Outer","Parallel Aware": false,"Async Capable": false,"Join Type": "Semi","Startup Cost": 799.26,"Total Cost": 50753.94,"Plan Rows": 4413,"Plan Width": 16,"Actual Startup Time": 4.875,"Actual Total Time": 188.562,"Actual Rows": 12850,"Actual Loops": 4,"Inner Unique": false,"Workers": [],"Plans": [{"Node Type": "Bitmap Heap Scan","Parent Relationship": "Outer","Parallel Aware": true,"Async Capable": false,"Relation Name": "orders","Alias": "orders","Startup Cost": 798.83,"Total Cost": 27172.54,"Plan Rows": 18580,"Plan Width": 20,"Actual Startup Time": 4.743,"Actual Total Time": 55.256,"Actual Rows": 13993,"Actual Loops": 4,"Recheck Cond": "((o_orderdate >= '1993-12-01'::date) AND (o_orderdate < '1994-03-01 00:00:00'::timestamp without time zone))","Rows Removed by Index Recheck": 0,"Exact Heap Blocks": 5712,"Lossy Heap Blocks": 0,"Workers": [],"Plans": [{"Node Type": "Bitmap Index Scan","Parent Relationship": "Outer","Parallel Aware": false,"Async Capable": false,"Index Name": "idx_orders_orderdate","Startup Cost": 0.00,"Total Cost": 784.43,"Plan Rows": 57600,"Plan Width": 0,"Actual Startup Time": 7.826,"Actual Total Time": 7.827,"Actual Rows": 55973,"Actual Loops": 1,"Index Cond": "((o_orderdate >= '1993-12-01'::date) AND (o_orderdate < '1994-03-01 00:00:00'::timestamp without time zone))","Workers": []}]},{"Node Type": "Index Scan","Parent Relationship": "Inner","Parallel Aware": false,"Async Capable": false,"Scan Direction": "Forward","Index Name": "idx_lineitem_orderkey","Relation Name": "lineitem","Alias": "lineitem","Startup Cost": 0.43,"Total Cost": 4.62,"Plan Rows": 6,"Plan Width": 4,"Actual Startup Time": 0.009,"Actual Total Time": 0.009,"Actual Rows": 1,"Actual Loops": 55973,"Index Cond": "(l_orderkey = orders.o_orderkey)","Rows Removed by Index Recheck": 0,"Filter": "(l_commitdate < l_receiptdate)","Rows Removed by Filter": 1,"Workers": []}]}]}]}]}]},"Planning Time": 4.325,"Triggers": [],"Execution Time": 228.374}]
[{"Plan": {"Node Type": "Aggregate","Strategy": "Sorted","Partial Mode": "Finalize","Parallel Aware": false,"Async Capable": false,"Startup Cost": 51833.80,"Total Cost": 51868.53,"Plan Rows": 5,"Plan Width": 24,"Actual Startup Time": 216.193,"Actual Total Time": 238.969,"Actual Rows": 5,"Actual Loops": 1,"Group Key": ["orders.o_orderpriority"],"Plans": [{"Node Type": "Gather Merge","Parent Relationship": "Outer","Parallel Aware": false,"Async Capable": false,"Startup Cost": 51833.80,"Total Cost": 51868.41,"Plan Rows": 15,"Plan Width": 24,"Actual Startup Time": 215.785,"Actual Total Time": 238.947,"Actual Rows": 20,"Actual Loops": 1,"Workers Planned": 3,"Workers Launched": 3,"Plans": [{"Node Type": "Aggregate","Strategy": "Sorted","Partial Mode": "Partial","Parent Relationship": "Outer","Parallel Aware": false,"Async Capable": false,"Startup Cost": 50833.76,"Total Cost": 50866.60,"Plan Rows": 5,"Plan Width": 24,"Actual Startup Time": 207.585,"Actual Total Time": 208.848,"Actual Rows": 5,"Actual Loops": 4,"Group Key": ["orders.o_orderpriority"],"Workers": [],"Plans": [{"Node Type": "Sort","Parent Relationship": "Outer","Parallel Aware": false,"Async Capable": false,"Startup Cost": 50833.76,"Total Cost": 50844.69,"Plan Rows": 4372,"Plan Width": 16,"Actual Startup Time": 207.234,"Actual Total Time": 207.768,"Actual Rows": 13206,"Actual Loops": 4,"Sort Key": ["orders.o_orderpriority"],"Sort Method": "quicksort","Sort Space Used": 1141,"Sort Space Type": "Memory","Workers": [{"Worker Number": 0,"Sort Method": "quicksort","Sort Space Used": 1092,"Sort Space Type": "Memory"},{"Worker Number": 1,"Sort Method": "quicksort","Sort Space Used": 1066,"Sort Space Type": "Memory"},{"Worker Number": 2,"Sort Method": "quicksort","Sort Space Used": 1127,"Sort Space Type": "Memory"}],"Plans": [{"Node Type": "Nested Loop","Parent Relationship": "Outer","Parallel Aware": false,"Async Capable": false,"Join Type": "Semi","Startup Cost": 789.79,"Total Cost": 50569.39,"Plan Rows": 4372,"Plan Width": 16,"Actual Startup Time": 5.838,"Actual Total Time": 200.574,"Actual Rows": 13206,"Actual Loops": 4,"Inner Unique": false,"Workers": [],"Plans": [{"Node Type": "Bitmap Heap Scan","Parent Relationship": "Outer","Parallel Aware": true,"Async Capable": false,"Relation Name": "orders","Alias": "orders","Startup Cost": 789.35,"Total Cost": 27160.48,"Plan Rows": 18409,"Plan Width": 20,"Actual Startup Time": 5.710,"Actual Total Time": 58.739,"Actual Rows": 14419,"Actual Loops": 4,"Recheck Cond": "((o_orderdate >= '1995-07-01'::date) AND (o_orderdate < '1995-10-01 00:00:00'::timestamp without time zone))","Rows Removed by Index Recheck": 0,"Exact Heap Blocks": 6140,"Lossy Heap Blocks": 0,"Workers": [],"Plans": [{"Node Type": "Bitmap Index Scan","Parent Relationship": "Outer","Parallel Aware": false,"Async Capable": false,"Index Name": "idx_orders_orderdate","Startup Cost": 0.00,"Total Cost": 775.09,"Plan Rows": 57066,"Plan Width": 0,"Actual Startup Time": 8.705,"Actual Total Time": 8.706,"Actual Rows": 57677,"Actual Loops": 1,"Index Cond": "((o_orderdate >= '1995-07-01'::date) AND (o_orderdate < '1995-10-01 00:00:00'::timestamp without time zone))","Workers": []}]},{"Node Type": "Index Scan","Parent Relationship": "Inner","Parallel Aware": false,"Async Capable": false,"Scan Direction": "Forward","Index Name": "idx_lineitem_orderkey","Relation Name": "lineitem","Alias": "lineitem","Startup Cost": 0.43,"Total Cost": 4.63,"Plan Rows": 6,"Plan Width": 4,"Actual Startup Time": 0.010,"Actual Total Time": 0.010,"Actual Rows": 1,"Actual Loops": 57677,"Index Cond": "(l_orderkey = orders.o_orderkey)","Rows Removed by Index Recheck": 0,"Filter": "(l_commitdate < l_receiptdate)","Rows Removed by Filter": 1,"Workers": []}]}]}]}]}]},"Planning Time": 4.165,"Triggers": [],"Execution Time": 239.454}]
[{"Plan": {"Node Type": "Aggregate","Strategy": "Sorted","Partial Mode": "Finalize","Parallel Aware": false,"Async Capable": false,"Startup Cost": 51011.39,"Total Cost": 51044.78,"Plan Rows": 5,"Plan Width": 24,"Actual Startup Time": 210.461,"Actual Total Time": 234.044,"Actual Rows": 5,"Actual Loops": 1,"Group Key": ["orders.o_orderpriority"],"Plans": [{"Node Type": "Gather Merge","Parent Relationship": "Outer","Parallel Aware": false,"Async Capable": false,"Startup Cost": 51011.39,"Total Cost": 51044.65,"Plan Rows": 15,"Plan Width": 24,"Actual Startup Time": 210.096,"Actual Total Time": 234.015,"Actual Rows": 20,"Actual Loops": 1,"Workers Planned": 3,"Workers Launched": 3,"Plans": [{"Node Type": "Aggregate","Strategy": "Sorted","Partial Mode": "Partial","Parent Relationship": "Outer","Parallel Aware": false,"Async Capable": false,"Startup Cost": 50011.35,"Total Cost": 50042.85,"Plan Rows": 5,"Plan Width": 24,"Actual Startup Time": 201.605,"Actual Total Time": 202.848,"Actual Rows": 5,"Actual Loops": 4,"Group Key": ["orders.o_orderpriority"],"Workers": [],"Plans": [{"Node Type": "Sort","Parent Relationship": "Outer","Parallel Aware": false,"Async Capable": false,"Startup Cost": 50011.35,"Total Cost": 50021.83,"Plan Rows": 4193,"Plan Width": 16,"Actual Startup Time": 201.266,"Actual Total Time": 201.779,"Actual Rows": 13126,"Actual Loops": 4,"Sort Key": ["orders.o_orderpriority"],"Sort Method": "quicksort","Sort Space Used": 1111,"Sort Space Type": "Memory","Workers": [{"Worker Number": 0,"Sort Method": "quicksort","Sort Space Used": 1101,"Sort Space Type": "Memory"},{"Worker Number": 1,"Sort Method": "quicksort","Sort Space Used": 1104,"Sort Space Type": "Memory"},{"Worker Number": 2,"Sort Method": "quicksort","Sort Space Used": 1095,"Sort Space Type": "Memory"}],"Plans": [{"Node Type": "Nested Loop","Parent Relationship": "Outer","Parallel Aware": false,"Async Capable": false,"Join Type": "Semi","Startup Cost": 757.77,"Total Cost": 49759.06,"Plan Rows": 4193,"Plan Width": 16,"Actual Startup Time": 5.095,"Actual Total Time": 194.943,"Actual Rows": 13126,"Actual Loops": 4,"Inner Unique": false,"Workers": [],"Plans": [{"Node Type": "Bitmap Heap Scan","Parent Relationship": "Outer","Parallel Aware": true,"Async Capable": false,"Relation Name": "orders","Alias": "orders","Startup Cost": 757.34,"Total Cost": 27117.13,"Plan Rows": 17653,"Plan Width": 20,"Actual Startup Time": 4.968,"Actual Total Time": 58.949,"Actual Rows": 14316,"Actual Loops": 4,"Recheck Cond": "((o_orderdate >= '1997-08-01'::date) AND (o_orderdate < '1997-11-01 00:00:00'::timestamp without time zone))","Rows Removed by Index Recheck": 0,"Exact Heap Blocks": 5880,"Lossy Heap Blocks": 0,"Workers": [],"Plans": [{"Node Type": "Bitmap Index Scan","Parent Relationship": "Outer","Parallel Aware": false,"Async Capable": false,"Index Name": "idx_orders_orderdate","Startup Cost": 0.00,"Total Cost": 743.66,"Plan Rows": 54723,"Plan Width": 0,"Actual Startup Time": 8.219,"Actual Total Time": 8.222,"Actual Rows": 57265,"Actual Loops": 1,"Index Cond": "((o_orderdate >= '1997-08-01'::date) AND (o_orderdate < '1997-11-01 00:00:00'::timestamp without time zone))","Workers": []}]},{"Node Type": "Index Scan","Parent Relationship": "Inner","Parallel Aware": false,"Async Capable": false,"Scan Direction": "Forward","Index Name": "idx_lineitem_orderkey","Relation Name": "lineitem","Alias": "lineitem","Startup Cost": 0.43,"Total Cost": 4.69,"Plan Rows": 6,"Plan Width": 4,"Actual Startup Time": 0.009,"Actual Total Time": 0.009,"Actual Rows": 1,"Actual Loops": 57265,"Index Cond": "(l_orderkey = orders.o_orderkey)","Rows Removed by Index Recheck": 0,"Filter": "(l_commitdate < l_receiptdate)","Rows Removed by Filter": 1,"Workers": []}]}]}]}]}]},"Planning Time": 5.789,"Triggers": [],"Execution Time": 234.434}]
[{"Plan": {"Node Type": "Aggregate","Strategy": "Sorted","Partial Mode": "Finalize","Parallel Aware": false,"Async Capable": false,"Startup Cost": 52264.46,"Total Cost": 52299.90,"Plan Rows": 5,"Plan Width": 24,"Actual Startup Time": 210.297,"Actual Total Time": 234.648,"Actual Rows": 5,"Actual Loops": 1,"Group Key": ["orders.o_orderpriority"],"Plans": [{"Node Type": "Gather Merge","Parent Relationship": "Outer","Parallel Aware": false,"Async Capable": false,"Startup Cost": 52264.46,"Total Cost": 52299.77,"Plan Rows": 15,"Plan Width": 24,"Actual Startup Time": 209.879,"Actual Total Time": 234.625,"Actual Rows": 20,"Actual Loops": 1,"Workers Planned": 3,"Workers Launched": 3,"Plans": [{"Node Type": "Aggregate","Strategy": "Sorted","Partial Mode": "Partial","Parent Relationship": "Outer","Parallel Aware": false,"Async Capable": false,"Startup Cost": 51264.42,"Total Cost": 51297.97,"Plan Rows": 5,"Plan Width": 24,"Actual Startup Time": 201.395,"Actual Total Time": 202.644,"Actual Rows": 5,"Actual Loops": 4,"Group Key": ["orders.o_orderpriority"],"Workers": [],"Plans": [{"Node Type": "Sort","Parent Relationship": "Outer","Parallel Aware": false,"Async Capable": false,"Startup Cost": 51264.42,"Total Cost": 51275.58,"Plan Rows": 4467,"Plan Width": 16,"Actual Startup Time": 201.050,"Actual Total Time": 201.573,"Actual Rows": 13170,"Actual Loops": 4,"Sort Key": ["orders.o_orderpriority"],"Sort Method": "quicksort","Sort Space Used": 1096,"Sort Space Type": "Memory","Workers": [{"Worker Number": 0,"Sort Method": "quicksort","Sort Space Used": 1115,"Sort Space Type": "Memory"},{"Worker Number": 1,"Sort Method": "quicksort","Sort Space Used": 1087,"Sort Space Type": "Memory"},{"Worker Number": 2,"Sort Method": "quicksort","Sort Space Used": 1121,"Sort Space Type": "Memory"}],"Plans": [{"Node Type": "Nested Loop","Parent Relationship": "Outer","Parallel Aware": false,"Async Capable": false,"Join Type": "Semi","Startup Cost": 806.45,"Total Cost": 50993.60,"Plan Rows": 4467,"Plan Width": 16,"Actual Startup Time": 6.115,"Actual Total Time": 194.584,"Actual Rows": 13170,"Actual Loops": 4,"Inner Unique": false,"Workers": [],"Plans": [{"Node Type": "Bitmap Heap Scan","Parent Relationship": "Outer","Parallel Aware": true,"Async Capable": false,"Relation Name": "orders","Alias": "orders","Startup Cost": 806.01,"Total Cost": 27183.11,"Plan Rows": 18807,"Plan Width": 20,"Actual Startup Time": 5.968,"Actual Total Time": 57.641,"Actual Rows": 14355,"Actual Loops": 4,"Recheck Cond": "((o_orderdate >= '1994-03-01'::date) AND (o_orderdate < '1994-06-01 00:00:00'::timestamp without time zone))","Rows Removed by Index Recheck": 0,"Exact Heap Blocks": 5803,"Lossy Heap Blocks": 0,"Workers": [],"Plans": [{"Node Type": "Bitmap Index Scan","Parent Relationship": "Outer","Parallel Aware": false,"Async Capable": false,"Index Name": "idx_orders_orderdate","Startup Cost": 0.00,"Total Cost": 791.44,"Plan Rows": 58301,"Plan Width": 0,"Actual Startup Time": 8.953,"Actual Total Time": 8.953,"Actual Rows": 57420,"Actual Loops": 1,"Index Cond": "((o_orderdate >= '1994-03-01'::date) AND (o_orderdate < '1994-06-01 00:00:00'::timestamp without time zone))","Workers": []}]},{"Node Type": "Index Scan","Parent Relationship": "Inner","Parallel Aware": false,"Async Capable": false,"Scan Direction": "Forward","Index Name": "idx_lineitem_orderkey","Relation Name": "lineitem","Alias": "lineitem","Startup Cost": 0.43,"Total Cost": 4.60,"Plan Rows": 6,"Plan Width": 4,"Actual Startup Time": 0.009,"Actual Total Time": 0.009,"Actual Rows": 1,"Actual Loops": 57420,"Index Cond": "(l_orderkey = orders.o_orderkey)","Rows Removed by Index Recheck": 0,"Filter": "(l_commitdate < l_receiptdate)","Rows Removed by Filter": 1,"Workers": []}]}]}]}]}]},"Planning Time": 4.194,"Triggers": [],"Execution Time": 235.354}]
[{"Plan": {"Node Type": "Aggregate","Strategy": "Sorted","Partial Mode": "Finalize","Parallel Aware": false,"Async Capable": false,"Startup Cost": 52021.13,"Total Cost": 52056.16,"Plan Rows": 5,"Plan Width": 24,"Actual Startup Time": 203.693,"Actual Total Time": 227.755,"Actual Rows": 5,"Actual Loops": 1,"Group Key": ["orders.o_orderpriority"],"Plans": [{"Node Type": "Gather Merge","Parent Relationship": "Outer","Parallel Aware": false,"Async Capable": false,"Startup Cost": 52021.13,"Total Cost": 52056.04,"Plan Rows": 15,"Plan Width": 24,"Actual Startup Time": 203.285,"Actual Total Time": 227.721,"Actual Rows": 20,"Actual Loops": 1,"Workers Planned": 3,"Workers Launched": 3,"Plans": [{"Node Type": "Aggregate","Strategy": "Sorted","Partial Mode": "Partial","Parent Relationship": "Outer","Parallel Aware": false,"Async Capable": false,"Startup Cost": 51021.09,"Total Cost": 51054.24,"Plan Rows": 5,"Plan Width": 24,"Actual Startup Time": 195.016,"Actual Total Time": 196.267,"Actual Rows": 5,"Actual Loops": 4,"Group Key": ["orders.o_orderpriority"],"Workers": [],"Plans": [{"Node Type": "Sort","Parent Relationship": "Outer","Parallel Aware": false,"Async Capable": false,"Startup Cost": 51021.09,"Total Cost": 51032.12,"Plan Rows": 4413,"Plan Width": 16,"Actual Startup Time": 194.670,"Actual Total Time": 195.213,"Actual Rows": 12850,"Actual Loops": 4,"Sort Key": ["orders.o_orderpriority"],"Sort Method": "quicksort","Sort Space Used": 1082,"Sort Space Type": "Memory","Workers": [{"Worker Number": 0,"Sort Method": "quicksort","Sort Space Used": 1095,"Sort Space Type": "Memory"},{"Worker Number": 1,"Sort Method": "quicksort","Sort Space Used": 1073,"Sort Space Type": "Memory"},{"Worker Number": 2,"Sort Method": "quicksort","Sort Space Used": 1099,"Sort Space Type": "Memory"}],"Plans": [{"Node Type": "Nested Loop","Parent Relationship": "Outer","Parallel Aware": false,"Async Capable": false,"Join Type": "Semi","Startup Cost": 799.26,"Total Cost": 50753.94,"Plan Rows": 4413,"Plan Width": 16,"Actual Startup Time": 4.875,"Actual Total Time": 188.562,"Actual Rows": 12850,"Actual Loops": 4,"Inner Unique": false,"Workers": [],"Plans": [{"Node Type": "Bitmap Heap Scan","Parent Relationship": "Outer","Parallel Aware": true,"Async Capable": false,"Relation Name": "orders","Alias": "orders","Startup Cost": 798.83,"Total Cost": 27172.54,"Plan Rows": 18580,"Plan Width": 20,"Actual Startup Time": 4.743,"Actual Total Time": 55.256,"Actual Rows": 13993,"Actual Loops": 4,"Recheck Cond": "((o_orderdate >= '1993-12-01'::date) AND (o_orderdate < '1994-03-01 00:00:00'::timestamp without time zone))","Rows Removed by Index Recheck": 0,"Exact Heap Blocks": 5712,"Lossy Heap Blocks": 0,"Workers": [],"Plans": [{"Node Type": "Bitmap Index Scan","Parent Relationship": "Outer","Parallel Aware": false,"Async Capable": false,"Index Name": "idx_orders_orderdate","Startup Cost": 0.00,"Total Cost": 784.43,"Plan Rows": 57600,"Plan Width": 0,"Actual Startup Time": 7.826,"Actual Total Time": 7.827,"Actual Rows": 55973,"Actual Loops": 1,"Index Cond": "((o_orderdate >= '1993-12-01'::date) AND (o_orderdate < '1994-03-01 00:00:00'::timestamp without time zone))","Workers": []}]},{"Node Type": "Index Scan","Parent Relationship": "Inner","Parallel Aware": false,"Async Capable": false,"Scan Direction": "Forward","Index Name": "idx_lineitem_orderkey","Relation Name": "lineitem","Alias": "lineitem","Startup Cost": 0.43,"Total Cost": 4.62,"Plan Rows": 6,"Plan Width": 4,"Actual Startup Time": 0.009,"Actual Total Time": 0.009,"Actual Rows": 1,"Actual Loops": 55973,"Index Cond": "(l_orderkey = orders.o_orderkey)","Rows Removed by Index Recheck": 0,"Filter": "(l_commitdate < l_receiptdate)","Rows Removed by Filter": 1,"Workers": []}]}]}]}]}]},"Planning Time": 4.325,"Triggers": [],"Execution Time": 228.374}]
[{"Plan": {"Node Type": "Aggregate","Strategy": "Sorted","Partial Mode": "Finalize","Parallel Aware": false,"Async Capable": false,"Startup Cost": 52586.46,"Total Cost": 52622.43,"Plan Rows": 5,"Plan Width": 24,"Actual Startup Time": 204.940,"Actual Total Time": 235.996,"Actual Rows": 5,"Actual Loops": 1,"Group Key": ["orders.o_orderpriority"],"Plans": [{"Node Type": "Gather Merge","Parent Relationship": "Outer","Parallel Aware": false,"Async Capable": false,"Startup Cost": 52586.46,"Total Cost": 52622.30,"Plan Rows": 15,"Plan Width": 24,"Actual Startup Time": 204.592,"Actual Total Time": 235.964,"Actual Rows": 20,"Actual Loops": 1,"Workers Planned": 3,"Workers Launched": 3,"Plans": [{"Node Type": "Aggregate","Strategy": "Sorted","Partial Mode": "Partial","Parent Relationship": "Outer","Parallel Aware": false,"Async Capable": false,"Startup Cost": 51586.42,"Total Cost": 51620.50,"Plan Rows": 5,"Plan Width": 24,"Actual Startup Time": 195.611,"Actual Total Time": 196.883,"Actual Rows": 5,"Actual Loops": 4,"Group Key": ["orders.o_orderpriority"],"Workers": [],"Plans": [{"Node Type": "Sort","Parent Relationship": "Outer","Parallel Aware": false,"Async Capable": false,"Startup Cost": 51586.42,"Total Cost": 51597.76,"Plan Rows": 4538,"Plan Width": 16,"Actual Startup Time": 195.276,"Actual Total Time": 195.812,"Actual Rows": 13108,"Actual Loops": 4,"Sort Key": ["orders.o_orderpriority"],"Sort Method": "quicksort","Sort Space Used": 1049,"Sort Space Type": "Memory","Workers": [{"Worker Number": 0,"Sort Method": "quicksort","Sort Space Used": 1116,"Sort Space Type": "Memory"},{"Worker Number": 1,"Sort Method": "quicksort","Sort Space Used": 1115,"Sort Space Type": "Memory"},{"Worker Number": 2,"Sort Method": "quicksort","Sort Space Used": 1126,"Sort Space Type": "Memory"}],"Plans": [{"Node Type": "Nested Loop","Parent Relationship": "Outer","Parallel Aware": false,"Async Capable": false,"Join Type": "Semi","Startup Cost": 819.93,"Total Cost": 51310.78,"Plan Rows": 4538,"Plan Width": 16,"Actual Startup Time": 4.752,"Actual Total Time": 189.119,"Actual Rows": 13108,"Actual Loops": 4,"Inner Unique": false,"Workers": [],"Plans": [{"Node Type": "Bitmap Heap Scan","Parent Relationship": "Outer","Parallel Aware": true,"Async Capable": false,"Relation Name": "orders","Alias": "orders","Startup Cost": 819.49,"Total Cost": 27201.07,"Plan Rows": 19105,"Plan Width": 20,"Actual Startup Time": 4.644,"Actual Total Time": 55.500,"Actual Rows": 14318,"Actual Loops": 4,"Recheck Cond": "((o_orderdate >= '1996-05-01'::date) AND (o_orderdate < '1996-08-01 00:00:00'::timestamp without time zone))","Rows Removed by Index Recheck": 0,"Exact Heap Blocks": 5395,"Lossy Heap Blocks": 0,"Workers": [],"Plans": [{"Node Type": "Bitmap Index Scan","Parent Relationship": "Outer","Parallel Aware": false,"Async Capable": false,"Index Name": "idx_orders_orderdate","Startup Cost": 0.00,"Total Cost": 804.69,"Plan Rows": 59226,"Plan Width": 0,"Actual Startup Time": 8.138,"Actual Total Time": 8.141,"Actual Rows": 57270,"Actual Loops": 1,"Index Cond": "((o_orderdate >= '1996-05-01'::date) AND (o_orderdate < '1996-08-01 00:00:00'::timestamp without time zone))","Workers": []}]},{"Node Type": "Index Scan","Parent Relationship": "Inner","Parallel Aware": false,"Async Capable": false,"Scan Direction": "Forward","Index Name": "idx_lineitem_orderkey","Relation Name": "lineitem","Alias": "lineitem","Startup Cost": 0.43,"Total Cost": 4.58,"Plan Rows": 6,"Plan Width": 4,"Actual Startup Time": 0.009,"Actual Total Time": 0.009,"Actual Rows": 1,"Actual Loops": 57270,"Index Cond": "(l_orderkey = orders.o_orderkey)","Rows Removed by Index Recheck": 0,"Filter": "(l_commitdate < l_receiptdate)","Rows Removed by Filter": 1,"Workers": []}]}]}]}]}]},"Planning Time": 4.341,"Triggers": [],"Execution Time": 236.444}]
[{"Plan": {"Node Type": "Aggregate","Strategy": "Sorted","Partial Mode": "Finalize","Parallel Aware": false,"Async Capable": false,"Startup Cost": 51806.85,"Total Cost": 51841.53,"Plan Rows": 5,"Plan Width": 24,"Actual Startup Time": 211.634,"Actual Total Time": 235.430,"Actual Rows": 5,"Actual Loops": 1,"Group Key": ["orders.o_orderpriority"],"Plans": [{"Node Type": "Gather Merge","Parent Relationship": "Outer","Parallel Aware": false,"Async Capable": false,"Startup Cost": 51806.85,"Total Cost": 51841.41,"Plan Rows": 15,"Plan Width": 24,"Actual Startup Time": 211.199,"Actual Total Time": 235.391,"Actual Rows": 20,"Actual Loops": 1,"Workers Planned": 3,"Workers Launched": 3,"Plans": [{"Node Type": "Aggregate","Strategy": "Sorted","Partial Mode": "Partial","Parent Relationship": "Outer","Parallel Aware": false,"Async Capable": false,"Startup Cost": 50806.81,"Total Cost": 50839.60,"Plan Rows": 5,"Plan Width": 24,"Actual Startup Time": 202.395,"Actual Total Time": 203.672,"Actual Rows": 5,"Actual Loops": 4,"Group Key": ["orders.o_orderpriority"],"Workers": [],"Plans": [{"Node Type": "Sort","Parent Relationship": "Outer","Parallel Aware": false,"Async Capable": false,"Startup Cost": 50806.81,"Total Cost": 50817.72,"Plan Rows": 4366,"Plan Width": 16,"Actual Startup Time": 202.049,"Actual Total Time": 202.590,"Actual Rows": 13258,"Actual Loops": 4,"Sort Key": ["orders.o_orderpriority"],"Sort Method": "quicksort","Sort Space Used": 1114,"Sort Space Type": "Memory","Workers": [{"Worker Number": 0,"Sort Method": "quicksort","Sort Space Used": 1109,"Sort Space Type": "Memory"},{"Worker Number": 1,"Sort Method": "quicksort","Sort Space Used": 1115,"Sort Space Type": "Memory"},{"Worker Number": 2,"Sort Method": "quicksort","Sort Space Used": 1101,"Sort Space Type": "Memory"}],"Plans": [{"Node Type": "Nested Loop","Parent Relationship": "Outer","Parallel Aware": false,"Async Capable": false,"Join Type": "Semi","Startup Cost": 789.02,"Total Cost": 50542.84,"Plan Rows": 4366,"Plan Width": 16,"Actual Startup Time": 5.557,"Actual Total Time": 195.523,"Actual Rows": 13258,"Actual Loops": 4,"Inner Unique": false,"Workers": [],"Plans": [{"Node Type": "Bitmap Heap Scan","Parent Relationship": "Outer","Parallel Aware": true,"Async Capable": false,"Relation Name": "orders","Alias": "orders","Startup Cost": 788.59,"Total Cost": 27159.35,"Plan Rows": 18384,"Plan Width": 20,"Actual Startup Time": 5.423,"Actual Total Time": 57.919,"Actual Rows": 14451,"Actual Loops": 4,"Recheck Cond": "((o_orderdate >= '1995-06-01'::date) AND (o_orderdate < '1995-09-01 00:00:00'::timestamp without time zone))","Rows Removed by Index Recheck": 0,"Exact Heap Blocks": 5887,"Lossy Heap Blocks": 0,"Workers": [],"Plans": [{"Node Type": "Bitmap Index Scan","Parent Relationship": "Outer","Parallel Aware": false,"Async Capable": false,"Index Name": "idx_orders_orderdate","Startup Cost": 0.00,"Total Cost": 774.34,"Plan Rows": 56991,"Plan Width": 0,"Actual Startup Time": 8.828,"Actual Total Time": 8.830,"Actual Rows": 57805,"Actual Loops": 1,"Index Cond": "((o_orderdate >= '1995-06-01'::date) AND (o_orderdate < '1995-09-01 00:00:00'::timestamp without time zone))","Workers": []}]},{"Node Type": "Index Scan","Parent Relationship": "Inner","Parallel Aware": false,"Async Capable": false,"Scan Direction": "Forward","Index Name": "idx_lineitem_orderkey","Relation Name": "lineitem","Alias": "lineitem","Startup Cost": 0.43,"Total Cost": 4.63,"Plan Rows": 6,"Plan Width": 4,"Actual Startup Time": 0.009,"Actual Total Time": 0.009,"Actual Rows": 1,"Actual Loops": 57805,"Index Cond": "(l_orderkey = orders.o_orderkey)","Rows Removed by Index Recheck": 0,"Filter": "(l_commitdate < l_receiptdate)","Rows Removed by Filter": 1,"Workers": []}]}]}]}]}]},"Planning Time": 5.875,"Triggers": [],"Execution Time": 235.870}]
[{"Plan": {"Node Type": "Aggregate","Strategy": "Sorted","Partial Mode": "Finalize","Parallel Aware": false,"Async Capable": false,"Startup Cost": 51011.39,"Total Cost": 51044.78,"Plan Rows": 5,"Plan Width": 24,"Actual Startup Time": 210.461,"Actual Total Time": 234.044,"Actual Rows": 5,"Actual Loops": 1,"Group Key": ["orders.o_orderpriority"],"Plans": [{"Node Type": "Gather Merge","Parent Relationship": "Outer","Parallel Aware": false,"Async Capable": false,"Startup Cost": 51011.39,"Total Cost": 51044.65,"Plan Rows": 15,"Plan Width": 24,"Actual Startup Time": 210.096,"Actual Total Time": 234.015,"Actual Rows": 20,"Actual Loops": 1,"Workers Planned": 3,"Workers Launched": 3,"Plans": [{"Node Type": "Aggregate","Strategy": "Sorted","Partial Mode": "Partial","Parent Relationship": "Outer","Parallel Aware": false,"Async Capable": false,"Startup Cost": 50011.35,"Total Cost": 50042.85,"Plan Rows": 5,"Plan Width": 24,"Actual Startup Time": 201.605,"Actual Total Time": 202.848,"Actual Rows": 5,"Actual Loops": 4,"Group Key": ["orders.o_orderpriority"],"Workers": [],"Plans": [{"Node Type": "Sort","Parent Relationship": "Outer","Parallel Aware": false,"Async Capable": false,"Startup Cost": 50011.35,"Total Cost": 50021.83,"Plan Rows": 4193,"Plan Width": 16,"Actual Startup Time": 201.266,"Actual Total Time": 201.779,"Actual Rows": 13126,"Actual Loops": 4,"Sort Key": ["orders.o_orderpriority"],"Sort Method": "quicksort","Sort Space Used": 1111,"Sort Space Type": "Memory","Workers": [{"Worker Number": 0,"Sort Method": "quicksort","Sort Space Used": 1101,"Sort Space Type": "Memory"},{"Worker Number": 1,"Sort Method": "quicksort","Sort Space Used": 1104,"Sort Space Type": "Memory"},{"Worker Number": 2,"Sort Method": "quicksort","Sort Space Used": 1095,"Sort Space Type": "Memory"}],"Plans": [{"Node Type": "Nested Loop","Parent Relationship": "Outer","Parallel Aware": false,"Async Capable": false,"Join Type": "Semi","Startup Cost": 757.77,"Total Cost": 49759.06,"Plan Rows": 4193,"Plan Width": 16,"Actual Startup Time": 5.095,"Actual Total Time": 194.943,"Actual Rows": 13126,"Actual Loops": 4,"Inner Unique": false,"Workers": [],"Plans": [{"Node Type": "Bitmap Heap Scan","Parent Relationship": "Outer","Parallel Aware": true,"Async Capable": false,"Relation Name": "orders","Alias": "orders","Startup Cost": 757.34,"Total Cost": 27117.13,"Plan Rows": 17653,"Plan Width": 20,"Actual Startup Time": 4.968,"Actual Total Time": 58.949,"Actual Rows": 14316,"Actual Loops": 4,"Recheck Cond": "((o_orderdate >= '1997-08-01'::date) AND (o_orderdate < '1997-11-01 00:00:00'::timestamp without time zone))","Rows Removed by Index Recheck": 0,"Exact Heap Blocks": 5880,"Lossy Heap Blocks": 0,"Workers": [],"Plans": [{"Node Type": "Bitmap Index Scan","Parent Relationship": "Outer","Parallel Aware": false,"Async Capable": false,"Index Name": "idx_orders_orderdate","Startup Cost": 0.00,"Total Cost": 743.66,"Plan Rows": 54723,"Plan Width": 0,"Actual Startup Time": 8.219,"Actual Total Time": 8.222,"Actual Rows": 57265,"Actual Loops": 1,"Index Cond": "((o_orderdate >= '1997-08-01'::date) AND (o_orderdate < '1997-11-01 00:00:00'::timestamp without time zone))","Workers": []}]},{"Node Type": "Index Scan","Parent Relationship": "Inner","Parallel Aware": false,"Async Capable": false,"Scan Direction": "Forward","Index Name": "idx_lineitem_orderkey","Relation Name": "lineitem","Alias": "lineitem","Startup Cost": 0.43,"Total Cost": 4.69,"Plan Rows": 6,"Plan Width": 4,"Actual Startup Time": 0.009,"Actual Total Time": 0.009,"Actual Rows": 1,"Actual Loops": 57265,"Index Cond": "(l_orderkey = orders.o_orderkey)","Rows Removed by Index Recheck": 0,"Filter": "(l_commitdate < l_receiptdate)","Rows Removed by Filter": 1,"Workers": []}]}]}]}]}]},"Planning Time": 5.789,"Triggers": [],"Execution Time": 234.434}]
[{"Plan": {"Node Type": "Aggregate","Strategy": "Sorted","Partial Mode": "Finalize","Parallel Aware": false,"Async Capable": false,"Startup Cost": 52341.15,"Total Cost": 52376.72,"Plan Rows": 5,"Plan Width": 24,"Actual Startup Time": 211.523,"Actual Total Time": 235.394,"Actual Rows": 5,"Actual Loops": 1,"Group Key": ["orders.o_orderpriority"],"Plans": [{"Node Type": "Gather Merge","Parent Relationship": "Outer","Parallel Aware": false,"Async Capable": false,"Startup Cost": 52341.15,"Total Cost": 52376.60,"Plan Rows": 15,"Plan Width": 24,"Actual Startup Time": 211.162,"Actual Total Time": 235.331,"Actual Rows": 20,"Actual Loops": 1,"Workers Planned": 3,"Workers Launched": 3,"Plans": [{"Node Type": "Aggregate","Strategy": "Sorted","Partial Mode": "Partial","Parent Relationship": "Outer","Parallel Aware": false,"Async Capable": false,"Startup Cost": 51341.11,"Total Cost": 51374.79,"Plan Rows": 5,"Plan Width": 24,"Actual Startup Time": 201.729,"Actual Total Time": 202.979,"Actual Rows": 5,"Actual Loops": 4,"Group Key": ["orders.o_orderpriority"],"Workers": [],"Plans": [{"Node Type": "Sort","Parent Relationship": "Outer","Parallel Aware": false,"Async Capable": false,"Startup Cost": 51341.11,"Total Cost": 51352.32,"Plan Rows": 4484,"Plan Width": 16,"Actual Startup Time": 201.384,"Actual Total Time": 201.903,"Actual Rows": 13062,"Actual Loops": 4,"Sort Key": ["orders.o_orderpriority"],"Sort Method": "quicksort","Sort Space Used": 1090,"Sort Space Type": "Memory","Workers": [{"Worker Number": 0,"Sort Method": "quicksort","Sort Space Used": 1125,"Sort Space Type": "Memory"},{"Worker Number": 1,"Sort Method": "quicksort","Sort Space Used": 1069,"Sort Space Type": "Memory"},{"Worker Number": 2,"Sort Method": "quicksort","Sort Space Used": 1111,"Sort Space Type": "Memory"}],"Plans": [{"Node Type": "Nested Loop","Parent Relationship": "Outer","Parallel Aware": false,"Async Capable": false,"Join Type": "Semi","Startup Cost": 808.74,"Total Cost": 51069.15,"Plan Rows": 4484,"Plan Width": 16,"Actual Startup Time": 4.879,"Actual Total Time": 195.077,"Actual Rows": 13062,"Actual Loops": 4,"Inner Unique": false,"Workers": [],"Plans": [{"Node Type": "Bitmap Heap Scan","Parent Relationship": "Outer","Parallel Aware": true,"Async Capable": false,"Relation Name": "orders","Alias": "orders","Startup Cost": 808.31,"Total Cost": 27186.49,"Plan Rows": 18879,"Plan Width": 20,"Actual Startup Time": 4.741,"Actual Total Time": 56.847,"Actual Rows": 14278,"Actual Loops": 4,"Recheck Cond": "((o_orderdate >= '1994-08-01'::date) AND (o_orderdate < '1994-11-01 00:00:00'::timestamp without time zone))","Rows Removed by Index Recheck": 0,"Exact Heap Blocks": 5747,"Lossy Heap Blocks": 0,"Workers": [],"Plans": [{"Node Type": "Bitmap Index Scan","Parent Relationship": "Outer","Parallel Aware": false,"Async Capable": false,"Index Name": "idx_orders_orderdate","Startup Cost": 0.00,"Total Cost": 793.68,"Plan Rows": 58525,"Plan Width": 0,"Actual Startup Time": 8.459,"Actual Total Time": 8.461,"Actual Rows": 57111,"Actual Loops": 1,"Index Cond": "((o_orderdate >= '1994-08-01'::date) AND (o_orderdate < '1994-11-01 00:00:00'::timestamp without time zone))","Workers": []}]},{"Node Type": "Index Scan","Parent Relationship": "Inner","Parallel Aware": false,"Async Capable": false,"Scan Direction": "Forward","Index Name": "idx_lineitem_orderkey","Relation Name": "lineitem","Alias": "lineitem","Startup Cost": 0.43,"Total Cost": 4.60,"Plan Rows": 6,"Plan Width": 4,"Actual Startup Time": 0.009,"Actual Total Time": 0.009,"Actual Rows": 1,"Actual Loops": 57111,"Index Cond": "(l_orderkey = orders.o_orderkey)","Rows Removed by Index Recheck": 0,"Filter": "(l_commitdate < l_receiptdate)","Rows Removed by Filter": 1,"Workers": []}]}]}]}]}]},"Planning Time": 5.584,"Triggers": [],"Execution Time": 235.929}]
[{"Plan": {"Node Type": "Aggregate","Strategy": "Sorted","Partial Mode": "Finalize","Parallel Aware": false,"Async Capable": false,"Startup Cost": 52505.50,"Total Cost": 52541.34,"Plan Rows": 5,"Plan Width": 24,"Actual Startup Time": 212.649,"Actual Total Time": 236.332,"Actual Rows": 5,"Actual Loops": 1,"Group Key": ["orders.o_orderpriority"],"Plans": [{"Node Type": "Gather Merge","Parent Relationship": "Outer","Parallel Aware": false,"Async Capable": false,"Startup Cost": 52505.50,"Total Cost": 52541.21,"Plan Rows": 15,"Plan Width": 24,"Actual Startup Time": 212.241,"Actual Total Time": 236.296,"Actual Rows": 20,"Actual Loops": 1,"Workers Planned": 3,"Workers Launched": 3,"Plans": [{"Node Type": "Aggregate","Strategy": "Sorted","Partial Mode": "Partial","Parent Relationship": "Outer","Parallel Aware": false,"Async Capable": false,"Startup Cost": 51505.46,"Total Cost": 51539.41,"Plan Rows": 5,"Plan Width": 24,"Actual Startup Time": 203.017,"Actual Total Time": 204.284,"Actual Rows": 5,"Actual Loops": 4,"Group Key": ["orders.o_orderpriority"],"Workers": [],"Plans": [{"Node Type": "Sort","Parent Relationship": "Outer","Parallel Aware": false,"Async Capable": false,"Startup Cost": 51505.46,"Total Cost": 51516.76,"Plan Rows": 4520,"Plan Width": 16,"Actual Startup Time": 202.651,"Actual Total Time": 203.197,"Actual Rows": 13152,"Actual Loops": 4,"Sort Key": ["orders.o_orderpriority"],"Sort Method": "quicksort","Sort Space Used": 1103,"Sort Space Type": "Memory","Workers": [{"Worker Number": 0,"Sort Method": "quicksort","Sort Space Used": 1110,"Sort Space Type": "Memory"},{"Worker Number": 1,"Sort Method": "quicksort","Sort Space Used": 1119,"Sort Space Type": "Memory"},{"Worker Number": 2,"Sort Method": "quicksort","Sort Space Used": 1083,"Sort Space Type": "Memory"}],"Plans": [{"Node Type": "Nested Loop","Parent Relationship": "Outer","Parallel Aware": false,"Async Capable": false,"Join Type": "Semi","Startup Cost": 817.51,"Total Cost": 51231.05,"Plan Rows": 4520,"Plan Width": 16,"Actual Startup Time": 4.809,"Actual Total Time": 196.117,"Actual Rows": 13152,"Actual Loops": 4,"Inner Unique": false,"Workers": [],"Plans": [{"Node Type": "Bitmap Heap Scan","Parent Relationship": "Outer","Parallel Aware": true,"Async Capable": false,"Relation Name": "orders","Alias": "orders","Startup Cost": 817.07,"Total Cost": 27197.51,"Plan Rows": 19029,"Plan Width": 20,"Actual Startup Time": 4.654,"Actual Total Time": 58.284,"Actual Rows": 14334,"Actual Loops": 4,"Recheck Cond": "((o_orderdate >= '1997-04-01'::date) AND (o_orderdate < '1997-07-01 00:00:00'::timestamp without time zone))","Rows Removed by Index Recheck": 0,"Exact Heap Blocks": 5837,"Lossy Heap Blocks": 0,"Workers": [],"Plans": [{"Node Type": "Bitmap Index Scan","Parent Relationship": "Outer","Parallel Aware": false,"Async Capable": false,"Index Name": "idx_orders_orderdate","Startup Cost": 0.00,"Total Cost": 802.33,"Plan Rows": 58990,"Plan Width": 0,"Actual Startup Time": 8.382,"Actual Total Time": 8.385,"Actual Rows": 57334,"Actual Loops": 1,"Index Cond": "((o_orderdate >= '1997-04-01'::date) AND (o_orderdate < '1997-07-01 00:00:00'::timestamp without time zone))","Workers": []}]},{"Node Type": "Index Scan","Parent Relationship": "Inner","Parallel Aware": false,"Async Capable": false,"Scan Direction": "Forward","Index Name": "idx_lineitem_orderkey","Relation Name": "lineitem","Alias": "lineitem","Startup Cost": 0.43,"Total Cost": 4.59,"Plan Rows": 6,"Plan Width": 4,"Actual Startup Time": 0.009,"Actual Total Time": 0.009,"Actual Rows": 1,"Actual Loops": 57334,"Index Cond": "(l_orderkey = orders.o_orderkey)","Rows Removed by Index Recheck": 0,"Filter": "(l_commitdate < l_receiptdate)","Rows Removed by Filter": 1,"Workers": []}]}]}]}]}]},"Planning Time": 4.807,"Triggers": [],"Execution Time": 236.832}]
[{"Plan": {"Node Type": "Aggregate","Strategy": "Sorted","Partial Mode": "Finalize","Parallel Aware": false,"Async Capable": false,"Startup Cost": 51787.75,"Total Cost": 51822.40,"Plan Rows": 5,"Plan Width": 24,"Actual Startup Time": 202.957,"Actual Total Time": 226.845,"Actual Rows": 5,"Actual Loops": 1,"Group Key": ["orders.o_orderpriority"],"Plans": [{"Node Type": "Gather Merge","Parent Relationship": "Outer","Parallel Aware": false,"Async Capable": false,"Startup Cost": 51787.75,"Total Cost": 51822.28,"Plan Rows": 15,"Plan Width": 24,"Actual Startup Time": 202.604,"Actual Total Time": 226.817,"Actual Rows": 20,"Actual Loops": 1,"Workers Planned": 3,"Workers Launched": 3,"Plans": [{"Node Type": "Aggregate","Strategy": "Sorted","Partial Mode": "Partial","Parent Relationship": "Outer","Parallel Aware": false,"Async Capable": false,"Startup Cost": 50787.71,"Total Cost": 50820.48,"Plan Rows": 5,"Plan Width": 24,"Actual Startup Time": 194.007,"Actual Total Time": 195.210,"Actual Rows": 5,"Actual Loops": 4,"Group Key": ["orders.o_orderpriority"],"Workers": [],"Plans": [{"Node Type": "Sort","Parent Relationship": "Outer","Parallel Aware": false,"Async Capable": false,"Startup Cost": 50787.71,"Total Cost": 50798.62,"Plan Rows": 4362,"Plan Width": 16,"Actual Startup Time": 193.661,"Actual Total Time": 194.173,"Actual Rows": 12702,"Actual Loops": 4,"Sort Key": ["orders.o_orderpriority"],"Sort Method": "quicksort","Sort Space Used": 1078,"Sort Space Type": "Memory","Workers": [{"Worker Number": 0,"Sort Method": "quicksort","Sort Space Used": 1094,"Sort Space Type": "Memory"},{"Worker Number": 1,"Sort Method": "quicksort","Sort Space Used": 1054,"Sort Space Type": "Memory"},{"Worker Number": 2,"Sort Method": "quicksort","Sort Space Used": 1091,"Sort Space Type": "Memory"}],"Plans": [{"Node Type": "Nested Loop","Parent Relationship": "Outer","Parallel Aware": false,"Async Capable": false,"Join Type": "Semi","Startup Cost": 788.43,"Total Cost": 50524.01,"Plan Rows": 4362,"Plan Width": 16,"Actual Startup Time": 4.762,"Actual Total Time": 187.476,"Actual Rows": 12702,"Actual Loops": 4,"Inner Unique": false,"Workers": [],"Plans": [{"Node Type": "Bitmap Heap Scan","Parent Relationship": "Outer","Parallel Aware": true,"Async Capable": false,"Relation Name": "orders","Alias": "orders","Startup Cost": 788.00,"Total Cost": 27158.49,"Plan Rows": 18366,"Plan Width": 20,"Actual Startup Time": 4.614,"Actual Total Time": 54.707,"Actual Rows": 13866,"Actual Loops": 4,"Recheck Cond": "((o_orderdate >= '1994-02-01'::date) AND (o_orderdate < '1994-05-01 00:00:00'::timestamp without time zone))","Rows Removed by Index Recheck": 0,"Exact Heap Blocks": 5687,"Lossy Heap Blocks": 0,"Workers": [],"Plans": [{"Node Type": "Bitmap Index Scan","Parent Relationship": "Outer","Parallel Aware": false,"Async Capable": false,"Index Name": "idx_orders_orderdate","Startup Cost": 0.00,"Total Cost": 773.77,"Plan Rows": 56934,"Plan Width": 0,"Actual Startup Time": 8.022,"Actual Total Time": 8.027,"Actual Rows": 55462,"Actual Loops": 1,"Index Cond": "((o_orderdate >= '1994-02-01'::date) AND (o_orderdate < '1994-05-01 00:00:00'::timestamp without time zone))","Workers": []}]},{"Node Type": "Index Scan","Parent Relationship": "Inner","Parallel Aware": false,"Async Capable": false,"Scan Direction": "Forward","Index Name": "idx_lineitem_orderkey","Relation Name": "lineitem","Alias": "lineitem","Startup Cost": 0.43,"Total Cost": 4.63,"Plan Rows": 6,"Plan Width": 4,"Actual Startup Time": 0.009,"Actual Total Time": 0.009,"Actual Rows": 1,"Actual Loops": 55462,"Index Cond": "(l_orderkey = orders.o_orderkey)","Rows Removed by Index Recheck": 0,"Filter": "(l_commitdate < l_receiptdate)","Rows Removed by Filter": 1,"Workers": []}]}]}]}]}]},"Planning Time": 4.085,"Triggers": [],"Execution Time": 227.544}]
[{"Plan": {"Node Type": "Aggregate","Strategy": "Sorted","Partial Mode": "Finalize","Parallel Aware": false,"Async Capable": false,"Startup Cost": 51603.08,"Total Cost": 51637.43,"Plan Rows": 5,"Plan Width": 24,"Actual Startup Time": 206.486,"Actual Total Time": 231.871,"Actual Rows": 5,"Actual Loops": 1,"Group Key": ["orders.o_orderpriority"],"Plans": [{"Node Type": "Gather Merge","Parent Relationship": "Outer","Parallel Aware": false,"Async Capable": false,"Startup Cost": 51603.08,"Total Cost": 51637.31,"Plan Rows": 15,"Plan Width": 24,"Actual Startup Time": 206.081,"Actual Total Time": 231.843,"Actual Rows": 20,"Actual Loops": 1,"Workers Planned": 3,"Workers Launched": 3,"Plans": [{"Node Type": "Aggregate","Strategy": "Sorted","Partial Mode": "Partial","Parent Relationship": "Outer","Parallel Aware": false,"Async Capable": false,"Startup Cost": 50603.04,"Total Cost": 50635.51,"Plan Rows": 5,"Plan Width": 24,"Actual Startup Time": 197.360,"Actual Total Time": 198.642,"Actual Rows": 5,"Actual Loops": 4,"Group Key": ["orders.o_orderpriority"],"Workers": [],"Plans": [{"Node Type": "Sort","Parent Relationship": "Outer","Parallel Aware": false,"Async Capable": false,"Startup Cost": 50603.04,"Total Cost": 50613.85,"Plan Rows": 4322,"Plan Width": 16,"Actual Startup Time": 197.017,"Actual Total Time": 197.567,"Actual Rows": 13131,"Actual Loops": 4,"Sort Key": ["orders.o_orderpriority"],"Sort Method": "quicksort","Sort Space Used": 1089,"Sort Space Type": "Memory","Workers": [{"Worker Number": 0,"Sort Method": "quicksort","Sort Space Used": 1120,"Sort Space Type": "Memory"},{"Worker Number": 1,"Sort Method": "quicksort","Sort Space Used": 1083,"Sort Space Type": "Memory"},{"Worker Number": 2,"Sort Method": "quicksort","Sort Space Used": 1118,"Sort Space Type": "Memory"}],"Plans": [{"Node Type": "Nested Loop","Parent Relationship": "Outer","Parallel Aware": false,"Async Capable": false,"Join Type": "Semi","Startup Cost": 779.09,"Total Cost": 50342.05,"Plan Rows": 4322,"Plan Width": 16,"Actual Startup Time": 4.937,"Actual Total Time": 190.619,"Actual Rows": 13131,"Actual Loops": 4,"Inner Unique": false,"Workers": [],"Plans": [{"Node Type": "Bitmap Heap Scan","Parent Relationship": "Outer","Parallel Aware": true,"Async Capable": false,"Relation Name": "orders","Alias": "orders","Startup Cost": 778.66,"Total Cost": 27146.63,"Plan Rows": 18198,"Plan Width": 20,"Actual Startup Time": 4.811,"Actual Total Time": 55.616,"Actual Rows": 14304,"Actual Loops": 4,"Recheck Cond": "((o_orderdate >= '1993-07-01'::date) AND (o_orderdate < '1993-10-01 00:00:00'::timestamp without time zone))","Rows Removed by Index Recheck": 0,"Exact Heap Blocks": 5709,"Lossy Heap Blocks": 0,"Workers": [],"Plans": [{"Node Type": "Bitmap Index Scan","Parent Relationship": "Outer","Parallel Aware": false,"Async Capable": false,"Index Name": "idx_orders_orderdate","Startup Cost": 0.00,"Total Cost": 764.56,"Plan Rows": 56413,"Plan Width": 0,"Actual Startup Time": 8.166,"Actual Total Time": 8.170,"Actual Rows": 57218,"Actual Loops": 1,"Index Cond": "((o_orderdate >= '1993-07-01'::date) AND (o_orderdate < '1993-10-01 00:00:00'::timestamp without time zone))","Workers": []}]},{"Node Type": "Index Scan","Parent Relationship": "Inner","Parallel Aware": false,"Async Capable": false,"Scan Direction": "Forward","Index Name": "idx_lineitem_orderkey","Relation Name": "lineitem","Alias": "lineitem","Startup Cost": 0.43,"Total Cost": 4.64,"Plan Rows": 6,"Plan Width": 4,"Actual Startup Time": 0.009,"Actual Total Time": 0.009,"Actual Rows": 1,"Actual Loops": 57218,"Index Cond": "(l_orderkey = orders.o_orderkey)","Rows Removed by Index Recheck": 0,"Filter": "(l_commitdate < l_receiptdate)","Rows Removed by Filter": 1,"Workers": []}]}]}]}]}]},"Planning Time": 4.369,"Triggers": [],"Execution Time": 232.584}]
[{"Plan": {"Node Type": "Aggregate","Strategy": "Sorted","Partial Mode": "Finalize","Parallel Aware": false,"Async Capable": false,"Startup Cost": 51895.02,"Total Cost": 51929.86,"Plan Rows": 5,"Plan Width": 24,"Actual Startup Time": 216.936,"Actual Total Time": 240.849,"Actual Rows": 5,"Actual Loops": 1,"Group Key": ["orders.o_orderpriority"],"Plans": [{"Node Type": "Gather Merge","Parent Relationship": "Outer","Parallel Aware": false,"Async Capable": false,"Startup Cost": 51895.02,"Total Cost": 51929.73,"Plan Rows": 15,"Plan Width": 24,"Actual Startup Time": 216.564,"Actual Total Time": 240.814,"Actual Rows": 20,"Actual Loops": 1,"Workers Planned": 3,"Workers Launched": 3,"Plans": [{"Node Type": "Aggregate","Strategy": "Sorted","Partial Mode": "Partial","Parent Relationship": "Outer","Parallel Aware": false,"Async Capable": false,"Startup Cost": 50894.98,"Total Cost": 50927.93,"Plan Rows": 5,"Plan Width": 24,"Actual Startup Time": 207.210,"Actual Total Time": 208.520,"Actual Rows": 5,"Actual Loops": 4,"Group Key": ["orders.o_orderpriority"],"Workers": [],"Plans": [{"Node Type": "Sort","Parent Relationship": "Outer","Parallel Aware": false,"Async Capable": false,"Startup Cost": 50894.98,"Total Cost": 50905.95,"Plan Rows": 4386,"Plan Width": 16,"Actual Startup Time": 206.842,"Actual Total Time": 207.438,"Actual Rows": 13154,"Actual Loops": 4,"Sort Key": ["orders.o_orderpriority"],"Sort Method": "quicksort","Sort Space Used": 1056,"Sort Space Type": "Memory","Workers": [{"Worker Number": 0,"Sort Method": "quicksort","Sort Space Used": 1144,"Sort Space Type": "Memory"},{"Worker Number": 1,"Sort Method": "quicksort","Sort Space Used": 1079,"Sort Space Type": "Memory"},{"Worker Number": 2,"Sort Method": "quicksort","Sort Space Used": 1137,"Sort Space Type": "Memory"}],"Plans": [{"Node Type": "Nested Loop","Parent Relationship": "Outer","Parallel Aware": false,"Async Capable": false,"Join Type": "Semi","Startup Cost": 791.62,"Total Cost": 50629.66,"Plan Rows": 4386,"Plan Width": 16,"Actual Startup Time": 4.998,"Actual Total Time": 200.365,"Actual Rows": 13154,"Actual Loops": 4,"Inner Unique": false,"Workers": [],"Plans": [{"Node Type": "Bitmap Heap Scan","Parent Relationship": "Outer","Parallel Aware": true,"Async Capable": false,"Relation Name": "orders","Alias": "orders","Startup Cost": 791.19,"Total Cost": 27163.18,"Plan Rows": 18466,"Plan Width": 20,"Actual Startup Time": 4.854,"Actual Total Time": 59.077,"Actual Rows": 14346,"Actual Loops": 4,"Recheck Cond": "((o_orderdate >= '1994-07-01'::date) AND (o_orderdate < '1994-10-01 00:00:00'::timestamp without time zone))","Rows Removed by Index Recheck": 0,"Exact Heap Blocks": 5381,"Lossy Heap Blocks": 0,"Workers": [],"Plans": [{"Node Type": "Bitmap Index Scan","Parent Relationship": "Outer","Parallel Aware": false,"Async Capable": false,"Index Name": "idx_orders_orderdate","Startup Cost": 0.00,"Total Cost": 776.88,"Plan Rows": 57245,"Plan Width": 0,"Actual Startup Time": 8.661,"Actual Total Time": 8.664,"Actual Rows": 57384,"Actual Loops": 1,"Index Cond": "((o_orderdate >= '1994-07-01'::date) AND (o_orderdate < '1994-10-01 00:00:00'::timestamp without time zone))","Workers": []}]},{"Node Type": "Index Scan","Parent Relationship": "Inner","Parallel Aware": false,"Async Capable": false,"Scan Direction": "Forward","Index Name": "idx_lineitem_orderkey","Relation Name": "lineitem","Alias": "lineitem","Startup Cost": 0.43,"Total Cost": 4.63,"Plan Rows": 6,"Plan Width": 4,"Actual Startup Time": 0.010,"Actual Total Time": 0.010,"Actual Rows": 1,"Actual Loops": 57384,"Index Cond": "(l_orderkey = orders.o_orderkey)","Rows Removed by Index Recheck": 0,"Filter": "(l_commitdate < l_receiptdate)","Rows Removed by Filter": 1,"Workers": []}]}]}]}]}]},"Planning Time": 4.847,"Triggers": [],"Execution Time": 241.394}]
[{"Plan": {"Node Type": "Aggregate","Strategy": "Sorted","Partial Mode": "Finalize","Parallel Aware": false,"Async Capable": false,"Startup Cost": 52505.50,"Total Cost": 52541.34,"Plan Rows": 5,"Plan Width": 24,"Actual Startup Time": 212.649,"Actual Total Time": 236.332,"Actual Rows": 5,"Actual Loops": 1,"Group Key": ["orders.o_orderpriority"],"Plans": [{"Node Type": "Gather Merge","Parent Relationship": "Outer","Parallel Aware": false,"Async Capable": false,"Startup Cost": 52505.50,"Total Cost": 52541.21,"Plan Rows": 15,"Plan Width": 24,"Actual Startup Time": 212.241,"Actual Total Time": 236.296,"Actual Rows": 20,"Actual Loops": 1,"Workers Planned": 3,"Workers Launched": 3,"Plans": [{"Node Type": "Aggregate","Strategy": "Sorted","Partial Mode": "Partial","Parent Relationship": "Outer","Parallel Aware": false,"Async Capable": false,"Startup Cost": 51505.46,"Total Cost": 51539.41,"Plan Rows": 5,"Plan Width": 24,"Actual Startup Time": 203.017,"Actual Total Time": 204.284,"Actual Rows": 5,"Actual Loops": 4,"Group Key": ["orders.o_orderpriority"],"Workers": [],"Plans": [{"Node Type": "Sort","Parent Relationship": "Outer","Parallel Aware": false,"Async Capable": false,"Startup Cost": 51505.46,"Total Cost": 51516.76,"Plan Rows": 4520,"Plan Width": 16,"Actual Startup Time": 202.651,"Actual Total Time": 203.197,"Actual Rows": 13152,"Actual Loops": 4,"Sort Key": ["orders.o_orderpriority"],"Sort Method": "quicksort","Sort Space Used": 1103,"Sort Space Type": "Memory","Workers": [{"Worker Number": 0,"Sort Method": "quicksort","Sort Space Used": 1110,"Sort Space Type": "Memory"},{"Worker Number": 1,"Sort Method": "quicksort","Sort Space Used": 1119,"Sort Space Type": "Memory"},{"Worker Number": 2,"Sort Method": "quicksort","Sort Space Used": 1083,"Sort Space Type": "Memory"}],"Plans": [{"Node Type": "Nested Loop","Parent Relationship": "Outer","Parallel Aware": false,"Async Capable": false,"Join Type": "Semi","Startup Cost": 817.51,"Total Cost": 51231.05,"Plan Rows": 4520,"Plan Width": 16,"Actual Startup Time": 4.809,"Actual Total Time": 196.117,"Actual Rows": 13152,"Actual Loops": 4,"Inner Unique": false,"Workers": [],"Plans": [{"Node Type": "Bitmap Heap Scan","Parent Relationship": "Outer","Parallel Aware": true,"Async Capable": false,"Relation Name": "orders","Alias": "orders","Startup Cost": 817.07,"Total Cost": 27197.51,"Plan Rows": 19029,"Plan Width": 20,"Actual Startup Time": 4.654,"Actual Total Time": 58.284,"Actual Rows": 14334,"Actual Loops": 4,"Recheck Cond": "((o_orderdate >= '1997-04-01'::date) AND (o_orderdate < '1997-07-01 00:00:00'::timestamp without time zone))","Rows Removed by Index Recheck": 0,"Exact Heap Blocks": 5837,"Lossy Heap Blocks": 0,"Workers": [],"Plans": [{"Node Type": "Bitmap Index Scan","Parent Relationship": "Outer","Parallel Aware": false,"Async Capable": false,"Index Name": "idx_orders_orderdate","Startup Cost": 0.00,"Total Cost": 802.33,"Plan Rows": 58990,"Plan Width": 0,"Actual Startup Time": 8.382,"Actual Total Time": 8.385,"Actual Rows": 57334,"Actual Loops": 1,"Index Cond": "((o_orderdate >= '1997-04-01'::date) AND (o_orderdate < '1997-07-01 00:00:00'::timestamp without time zone))","Workers": []}]},{"Node Type": "Index Scan","Parent Relationship": "Inner","Parallel Aware": false,"Async Capable": false,"Scan Direction": "Forward","Index Name": "idx_lineitem_orderkey","Relation Name": "lineitem","Alias": "lineitem","Startup Cost": 0.43,"Total Cost": 4.59,"Plan Rows": 6,"Plan Width": 4,"Actual Startup Time": 0.009,"Actual Total Time": 0.009,"Actual Rows": 1,"Actual Loops": 57334,"Index Cond": "(l_orderkey = orders.o_orderkey)","Rows Removed by Index Recheck": 0,"Filter": "(l_commitdate < l_receiptdate)","Rows Removed by Filter": 1,"Workers": []}]}]}]}]}]},"Planning Time": 4.807,"Triggers": [],"Execution Time": 236.832}]
[{"Plan": {"Node Type": "Aggregate","Strategy": "Sorted","Partial Mode": "Finalize","Parallel Aware": false,"Async Capable": false,"Startup Cost": 52959.57,"Total Cost": 52996.16,"Plan Rows": 5,"Plan Width": 24,"Actual Startup Time": 209.033,"Actual Total Time": 233.672,"Actual Rows": 5,"Actual Loops": 1,"Group Key": ["orders.o_orderpriority"],"Plans": [{"Node Type": "Gather Merge","Parent Relationship": "Outer","Parallel Aware": false,"Async Capable": false,"Startup Cost": 52959.57,"Total Cost": 52996.04,"Plan Rows": 15,"Plan Width": 24,"Actual Startup Time": 208.622,"Actual Total Time": 233.645,"Actual Rows": 20,"Actual Loops": 1,"Workers Planned": 3,"Workers Launched": 3,"Plans": [{"Node Type": "Aggregate","Strategy": "Sorted","Partial Mode": "Partial","Parent Relationship": "Outer","Parallel Aware": false,"Async Capable": false,"Startup Cost": 51959.53,"Total Cost": 51994.23,"Plan Rows": 5,"Plan Width": 24,"Actual Startup Time": 199.783,"Actual Total Time": 201.045,"Actual Rows": 5,"Actual Loops": 4,"Group Key": ["orders.o_orderpriority"],"Workers": [],"Plans": [{"Node Type": "Sort","Parent Relationship": "Outer","Parallel Aware": false,"Async Capable": false,"Startup Cost": 51959.53,"Total Cost": 51971.08,"Plan Rows": 4620,"Plan Width": 16,"Actual Startup Time": 199.445,"Actual Total Time": 199.958,"Actual Rows": 13257,"Actual Loops": 4,"Sort Key": ["orders.o_orderpriority"],"Sort Method": "quicksort","Sort Space Used": 1102,"Sort Space Type": "Memory","Workers": [{"Worker Number": 0,"Sort Method": "quicksort","Sort Space Used": 1125,"Sort Space Type": "Memory"},{"Worker Number": 1,"Sort Method": "quicksort","Sort Space Used": 1082,"Sort Space Type": "Memory"},{"Worker Number": 2,"Sort Method": "quicksort","Sort Space Used": 1129,"Sort Space Type": "Memory"}],"Plans": [{"Node Type": "Nested Loop","Parent Relationship": "Outer","Parallel Aware": false,"Async Capable": false,"Join Type": "Semi","Startup Cost": 834.97,"Total Cost": 51678.32,"Plan Rows": 4620,"Plan Width": 16,"Actual Startup Time": 5.409,"Actual Total Time": 193.022,"Actual Rows": 13257,"Actual Loops": 4,"Inner Unique": false,"Workers": [],"Plans": [{"Node Type": "Bitmap Heap Scan","Parent Relationship": "Outer","Parallel Aware": true,"Async Capable": false,"Relation Name": "orders","Alias": "orders","Startup Cost": 834.53,"Total Cost": 27221.32,"Plan Rows": 19452,"Plan Width": 20,"Actual Startup Time": 5.281,"Actual Total Time": 56.264,"Actual Rows": 14475,"Actual Loops": 4,"Recheck Cond": "((o_orderdate >= '1997-05-01'::date) AND (o_orderdate < '1997-08-01 00:00:00'::timestamp without time zone))","Rows Removed by Index Recheck": 0,"Exact Heap Blocks": 5770,"Lossy Heap Blocks": 0,"Workers": [],"Plans": [{"Node Type": "Bitmap Index Scan","Parent Relationship": "Outer","Parallel Aware": false,"Async Capable": false,"Index Name": "idx_orders_orderdate","Startup Cost": 0.00,"Total Cost": 819.46,"Plan Rows": 60303,"Plan Width": 0,"Actual Startup Time": 8.646,"Actual Total Time": 8.646,"Actual Rows": 57901,"Actual Loops": 1,"Index Cond": "((o_orderdate >= '1997-05-01'::date) AND (o_orderdate < '1997-08-01 00:00:00'::timestamp without time zone))","Workers": []}]},{"Node Type": "Index Scan","Parent Relationship": "Inner","Parallel Aware": false,"Async Capable": false,"Scan Direction": "Forward","Index Name": "idx_lineitem_orderkey","Relation Name": "lineitem","Alias": "lineitem","Startup Cost": 0.43,"Total Cost": 4.56,"Plan Rows": 6,"Plan Width": 4,"Actual Startup Time": 0.009,"Actual Total Time": 0.009,"Actual Rows": 1,"Actual Loops": 57901,"Index Cond": "(l_orderkey = orders.o_orderkey)","Rows Removed by Index Recheck": 0,"Filter": "(l_commitdate < l_receiptdate)","Rows Removed by Filter": 1,"Workers": []}]}]}]}]}]},"Planning Time": 4.687,"Triggers": [],"Execution Time": 234.385}]
[{"Plan": {"Node Type": "Aggregate","Strategy": "Sorted","Partial Mode": "Finalize","Parallel Aware": false,"Async Capable": false,"Startup Cost": 50795.59,"Total Cost": 50828.62,"Plan Rows": 5,"Plan Width": 24,"Actual Startup Time": 207.449,"Actual Total Time": 231.624,"Actual Rows": 5,"Actual Loops": 1,"Group Key": ["orders.o_orderpriority"],"Plans": [{"Node Type": "Gather Merge","Parent Relationship": "Outer","Parallel Aware": false,"Async Capable": false,"Startup Cost": 50795.59,"Total Cost": 50828.49,"Plan Rows": 15,"Plan Width": 24,"Actual Startup Time": 207.082,"Actual Total Time": 231.593,"Actual Rows": 20,"Actual Loops": 1,"Workers Planned": 3,"Workers Launched": 3,"Plans": [{"Node Type": "Aggregate","Strategy": "Sorted","Partial Mode": "Partial","Parent Relationship": "Outer","Parallel Aware": false,"Async Capable": false,"Startup Cost": 49795.55,"Total Cost": 49826.69,"Plan Rows": 5,"Plan Width": 24,"Actual Startup Time": 197.121,"Actual Total Time": 198.416,"Actual Rows": 5,"Actual Loops": 4,"Group Key": ["orders.o_orderpriority"],"Workers": [],"Plans": [{"Node Type": "Sort","Parent Relationship": "Outer","Parallel Aware": false,"Async Capable": false,"Startup Cost": 49795.55,"Total Cost": 49805.91,"Plan Rows": 4146,"Plan Width": 16,"Actual Startup Time": 196.751,"Actual Total Time": 197.344,"Actual Rows": 12836,"Actual Loops": 4,"Sort Key": ["orders.o_orderpriority"],"Sort Method": "quicksort","Sort Space Used": 1059,"Sort Space Type": "Memory","Workers": [{"Worker Number": 0,"Sort Method": "quicksort","Sort Space Used": 1115,"Sort Space Type": "Memory"},{"Worker Number": 1,"Sort Method": "quicksort","Sort Space Used": 1058,"Sort Space Type": "Memory"},{"Worker Number": 2,"Sort Method": "quicksort","Sort Space Used": 1115,"Sort Space Type": "Memory"}],"Plans": [{"Node Type": "Nested Loop","Parent Relationship": "Outer","Parallel Aware": false,"Async Capable": false,"Join Type": "Semi","Startup Cost": 747.58,"Total Cost": 49546.42,"Plan Rows": 4146,"Plan Width": 16,"Actual Startup Time": 3.884,"Actual Total Time": 190.408,"Actual Rows": 12836,"Actual Loops": 4,"Inner Unique": false,"Workers": [],"Plans": [{"Node Type": "Bitmap Heap Scan","Parent Relationship": "Outer","Parallel Aware": true,"Async Capable": false,"Relation Name": "orders","Alias": "orders","Startup Cost": 747.15,"Total Cost": 27104.01,"Plan Rows": 17458,"Plan Width": 20,"Actual Startup Time": 3.813,"Actual Total Time": 55.064,"Actual Rows": 14013,"Actual Loops": 4,"Recheck Cond": "((o_orderdate >= '1996-02-01'::date) AND (o_orderdate < '1996-05-01 00:00:00'::timestamp without time zone))","Rows Removed by Index Recheck": 0,"Exact Heap Blocks": 5537,"Lossy Heap Blocks": 0,"Workers": [],"Plans": [{"Node Type": "Bitmap Index Scan","Parent Relationship": "Outer","Parallel Aware": false,"Async Capable": false,"Index Name": "idx_orders_orderdate","Startup Cost": 0.00,"Total Cost": 733.62,"Plan Rows": 54119,"Plan Width": 0,"Actual Startup Time": 7.926,"Actual Total Time": 7.927,"Actual Rows": 56052,"Actual Loops": 1,"Index Cond": "((o_orderdate >= '1996-02-01'::date) AND (o_orderdate < '1996-05-01 00:00:00'::timestamp without time zone))","Workers": []}]},{"Node Type": "Index Scan","Parent Relationship": "Inner","Parallel Aware": false,"Async Capable": false,"Scan Direction": "Forward","Index Name": "idx_lineitem_orderkey","Relation Name": "lineitem","Alias": "lineitem","Startup Cost": 0.43,"Total Cost": 4.70,"Plan Rows": 6,"Plan Width": 4,"Actual Startup Time": 0.009,"Actual Total Time": 0.009,"Actual Rows": 1,"Actual Loops": 56052,"Index Cond": "(l_orderkey = orders.o_orderkey)","Rows Removed by Index Recheck": 0,"Filter": "(l_commitdate < l_receiptdate)","Rows Removed by Filter": 1,"Workers": []}]}]}]}]}]},"Planning Time": 5.293,"Triggers": [],"Execution Time": 232.381}]
[{"Plan": {"Node Type": "Aggregate","Strategy": "Sorted","Partial Mode": "Finalize","Parallel Aware": false,"Async Capable": false,"Startup Cost": 52350.82,"Total Cost": 52386.40,"Plan Rows": 5,"Plan Width": 24,"Actual Startup Time": 210.793,"Actual Total Time": 234.778,"Actual Rows": 5,"Actual Loops": 1,"Group Key": ["orders.o_orderpriority"],"Plans": [{"Node Type": "Gather Merge","Parent Relationship": "Outer","Parallel Aware": false,"Async Capable": false,"Startup Cost": 52350.82,"Total Cost": 52386.28,"Plan Rows": 15,"Plan Width": 24,"Actual Startup Time": 210.399,"Actual Total Time": 234.748,"Actual Rows": 20,"Actual Loops": 1,"Workers Planned": 3,"Workers Launched": 3,"Plans": [{"Node Type": "Aggregate","Strategy": "Sorted","Partial Mode": "Partial","Parent Relationship": "Outer","Parallel Aware": false,"Async Capable": false,"Startup Cost": 51350.78,"Total Cost": 51384.47,"Plan Rows": 5,"Plan Width": 24,"Actual Startup Time": 201.538,"Actual Total Time": 202.786,"Actual Rows": 5,"Actual Loops": 4,"Group Key": ["orders.o_orderpriority"],"Workers": [],"Plans": [{"Node Type": "Sort","Parent Relationship": "Outer","Parallel Aware": false,"Async Capable": false,"Startup Cost": 51350.78,"Total Cost": 51361.99,"Plan Rows": 4486,"Plan Width": 16,"Actual Startup Time": 201.192,"Actual Total Time": 201.702,"Actual Rows": 13259,"Actual Loops": 4,"Sort Key": ["orders.o_orderpriority"],"Sort Method": "quicksort","Sort Space Used": 1126,"Sort Space Type": "Memory","Workers": [{"Worker Number": 0,"Sort Method": "quicksort","Sort Space Used": 1102,"Sort Space Type": "Memory"},{"Worker Number": 1,"Sort Method": "quicksort","Sort Space Used": 1115,"Sort Space Type": "Memory"},{"Worker Number": 2,"Sort Method": "quicksort","Sort Space Used": 1095,"Sort Space Type": "Memory"}],"Plans": [{"Node Type": "Nested Loop","Parent Relationship": "Outer","Parallel Aware": false,"Async Capable": false,"Join Type": "Semi","Startup Cost": 809.03,"Total Cost": 51078.68,"Plan Rows": 4486,"Plan Width": 16,"Actual Startup Time": 4.343,"Actual Total Time": 194.788,"Actual Rows": 13259,"Actual Loops": 4,"Inner Unique": false,"Workers": [],"Plans": [{"Node Type": "Bitmap Heap Scan","Parent Relationship": "Outer","Parallel Aware": true,"Async Capable": false,"Relation Name": "orders","Alias": "orders","Startup Cost": 808.60,"Total Cost": 27186.92,"Plan Rows": 18888,"Plan Width": 20,"Actual Startup Time": 4.218,"Actual Total Time": 57.297,"Actual Rows": 14442,"Actual Loops": 4,"Recheck Cond": "((o_orderdate >= '1996-07-01'::date) AND (o_orderdate < '1996-10-01 00:00:00'::timestamp without time zone))","Rows Removed by Index Recheck": 0,"Exact Heap Blocks": 5957,"Lossy Heap Blocks": 0,"Workers": [],"Plans": [{"Node Type": "Bitmap Index Scan","Parent Relationship": "Outer","Parallel Aware": false,"Async Capable": false,"Index Name": "idx_orders_orderdate","Startup Cost": 0.00,"Total Cost": 793.96,"Plan Rows": 58553,"Plan Width": 0,"Actual Startup Time": 7.813,"Actual Total Time": 7.814,"Actual Rows": 57768,"Actual Loops": 1,"Index Cond": "((o_orderdate >= '1996-07-01'::date) AND (o_orderdate < '1996-10-01 00:00:00'::timestamp without time zone))","Workers": []}]},{"Node Type": "Index Scan","Parent Relationship": "Inner","Parallel Aware": false,"Async Capable": false,"Scan Direction": "Forward","Index Name": "idx_lineitem_orderkey","Relation Name": "lineitem","Alias": "lineitem","Startup Cost": 0.43,"Total Cost": 4.60,"Plan Rows": 6,"Plan Width": 4,"Actual Startup Time": 0.009,"Actual Total Time": 0.009,"Actual Rows": 1,"Actual Loops": 57768,"Index Cond": "(l_orderkey = orders.o_orderkey)","Rows Removed by Index Recheck": 0,"Filter": "(l_commitdate < l_receiptdate)","Rows Removed by Filter": 1,"Workers": []}]}]}]}]}]},"Planning Time": 4.843,"Triggers": [],"Execution Time": 235.203}]
[{"Plan": {"Node Type": "Aggregate","Strategy": "Sorted","Partial Mode": "Finalize","Parallel Aware": false,"Async Capable": false,"Startup Cost": 51736.48,"Total Cost": 51771.05,"Plan Rows": 5,"Plan Width": 24,"Actual Startup Time": 206.913,"Actual Total Time": 230.911,"Actual Rows": 5,"Actual Loops": 1,"Group Key": ["orders.o_orderpriority"],"Plans": [{"Node Type": "Gather Merge","Parent Relationship": "Outer","Parallel Aware": false,"Async Capable": false,"Startup Cost": 51736.48,"Total Cost": 51770.93,"Plan Rows": 15,"Plan Width": 24,"Actual Startup Time": 206.571,"Actual Total Time": 230.880,"Actual Rows": 20,"Actual Loops": 1,"Workers Planned": 3,"Workers Launched": 3,"Plans": [{"Node Type": "Aggregate","Strategy": "Sorted","Partial Mode": "Partial","Parent Relationship": "Outer","Parallel Aware": false,"Async Capable": false,"Startup Cost": 50736.44,"Total Cost": 50769.13,"Plan Rows": 5,"Plan Width": 24,"Actual Startup Time": 197.405,"Actual Total Time": 198.632,"Actual Rows": 5,"Actual Loops": 4,"Group Key": ["orders.o_orderpriority"],"Workers": [],"Plans": [{"Node Type": "Sort","Parent Relationship": "Outer","Parallel Aware": false,"Async Capable": false,"Startup Cost": 50736.44,"Total Cost": 50747.32,"Plan Rows": 4351,"Plan Width": 16,"Actual Startup Time": 197.060,"Actual Total Time": 197.567,"Actual Rows": 12986,"Actual Loops": 4,"Sort Key": ["orders.o_orderpriority"],"Sort Method": "quicksort","Sort Space Used": 1055,"Sort Space Type": "Memory","Workers": [{"Worker Number": 0,"Sort Method": "quicksort","Sort Space Used": 1084,"Sort Space Type": "Memory"},{"Worker Number": 1,"Sort Method": "quicksort","Sort Space Used": 1126,"Sort Space Type": "Memory"},{"Worker Number": 2,"Sort Method": "quicksort","Sort Space Used": 1113,"Sort Space Type": "Memory"}],"Plans": [{"Node Type": "Nested Loop","Parent Relationship": "Outer","Parallel Aware": false,"Async Capable": false,"Join Type": "Semi","Startup Cost": 786.91,"Total Cost": 50473.49,"Plan Rows": 4351,"Plan Width": 16,"Actual Startup Time": 5.441,"Actual Total Time": 190.761,"Actual Rows": 12986,"Actual Loops": 4,"Inner Unique": false,"Workers": [],"Plans": [{"Node Type": "Bitmap Heap Scan","Parent Relationship": "Outer","Parallel Aware": true,"Async Capable": false,"Relation Name": "orders","Alias": "orders","Startup Cost": 786.47,"Total Cost": 27156.24,"Plan Rows": 18318,"Plan Width": 20,"Actual Startup Time": 5.289,"Actual Total Time": 56.594,"Actual Rows": 14148,"Actual Loops": 4,"Recheck Cond": "((o_orderdate >= '1993-09-01'::date) AND (o_orderdate < '1993-12-01 00:00:00'::timestamp without time zone))","Rows Removed by Index Recheck": 0,"Exact Heap Blocks": 5541,"Lossy Heap Blocks": 0,"Workers": [],"Plans": [{"Node Type": "Bitmap Index Scan","Parent Relationship": "Outer","Parallel Aware": false,"Async Capable": false,"Index Name": "idx_orders_orderdate","Startup Cost": 0.00,"Total Cost": 772.28,"Plan Rows": 56785,"Plan Width": 0,"Actual Startup Time": 9.025,"Actual Total Time": 9.027,"Actual Rows": 56592,"Actual Loops": 1,"Index Cond": "((o_orderdate >= '1993-09-01'::date) AND (o_orderdate < '1993-12-01 00:00:00'::timestamp without time zone))","Workers": []}]},{"Node Type": "Index Scan","Parent Relationship": "Inner","Parallel Aware": false,"Async Capable": false,"Scan Direction": "Forward","Index Name": "idx_lineitem_orderkey","Relation Name": "lineitem","Alias": "lineitem","Startup Cost": 0.43,"Total Cost": 4.64,"Plan Rows": 6,"Plan Width": 4,"Actual Startup Time": 0.009,"Actual Total Time": 0.009,"Actual Rows": 1,"Actual Loops": 56592,"Index Cond": "(l_orderkey = orders.o_orderkey)","Rows Removed by Index Recheck": 0,"Filter": "(l_commitdate < l_receiptdate)","Rows Removed by Filter": 1,"Workers": []}]}]}]}]}]},"Planning Time": 5.170,"Triggers": [],"Execution Time": 231.369}]
[{"Plan": {"Node Type": "Aggregate","Strategy": "Sorted","Partial Mode": "Finalize","Parallel Aware": false,"Async Capable": false,"Startup Cost": 51895.02,"Total Cost": 51929.86,"Plan Rows": 5,"Plan Width": 24,"Actual Startup Time": 216.936,"Actual Total Time": 240.849,"Actual Rows": 5,"Actual Loops": 1,"Group Key": ["orders.o_orderpriority"],"Plans": [{"Node Type": "Gather Merge","Parent Relationship": "Outer","Parallel Aware": false,"Async Capable": false,"Startup Cost": 51895.02,"Total Cost": 51929.73,"Plan Rows": 15,"Plan Width": 24,"Actual Startup Time": 216.564,"Actual Total Time": 240.814,"Actual Rows": 20,"Actual Loops": 1,"Workers Planned": 3,"Workers Launched": 3,"Plans": [{"Node Type": "Aggregate","Strategy": "Sorted","Partial Mode": "Partial","Parent Relationship": "Outer","Parallel Aware": false,"Async Capable": false,"Startup Cost": 50894.98,"Total Cost": 50927.93,"Plan Rows": 5,"Plan Width": 24,"Actual Startup Time": 207.210,"Actual Total Time": 208.520,"Actual Rows": 5,"Actual Loops": 4,"Group Key": ["orders.o_orderpriority"],"Workers": [],"Plans": [{"Node Type": "Sort","Parent Relationship": "Outer","Parallel Aware": false,"Async Capable": false,"Startup Cost": 50894.98,"Total Cost": 50905.95,"Plan Rows": 4386,"Plan Width": 16,"Actual Startup Time": 206.842,"Actual Total Time": 207.438,"Actual Rows": 13154,"Actual Loops": 4,"Sort Key": ["orders.o_orderpriority"],"Sort Method": "quicksort","Sort Space Used": 1056,"Sort Space Type": "Memory","Workers": [{"Worker Number": 0,"Sort Method": "quicksort","Sort Space Used": 1144,"Sort Space Type": "Memory"},{"Worker Number": 1,"Sort Method": "quicksort","Sort Space Used": 1079,"Sort Space Type": "Memory"},{"Worker Number": 2,"Sort Method": "quicksort","Sort Space Used": 1137,"Sort Space Type": "Memory"}],"Plans": [{"Node Type": "Nested Loop","Parent Relationship": "Outer","Parallel Aware": false,"Async Capable": false,"Join Type": "Semi","Startup Cost": 791.62,"Total Cost": 50629.66,"Plan Rows": 4386,"Plan Width": 16,"Actual Startup Time": 4.998,"Actual Total Time": 200.365,"Actual Rows": 13154,"Actual Loops": 4,"Inner Unique": false,"Workers": [],"Plans": [{"Node Type": "Bitmap Heap Scan","Parent Relationship": "Outer","Parallel Aware": true,"Async Capable": false,"Relation Name": "orders","Alias": "orders","Startup Cost": 791.19,"Total Cost": 27163.18,"Plan Rows": 18466,"Plan Width": 20,"Actual Startup Time": 4.854,"Actual Total Time": 59.077,"Actual Rows": 14346,"Actual Loops": 4,"Recheck Cond": "((o_orderdate >= '1994-07-01'::date) AND (o_orderdate < '1994-10-01 00:00:00'::timestamp without time zone))","Rows Removed by Index Recheck": 0,"Exact Heap Blocks": 5381,"Lossy Heap Blocks": 0,"Workers": [],"Plans": [{"Node Type": "Bitmap Index Scan","Parent Relationship": "Outer","Parallel Aware": false,"Async Capable": false,"Index Name": "idx_orders_orderdate","Startup Cost": 0.00,"Total Cost": 776.88,"Plan Rows": 57245,"Plan Width": 0,"Actual Startup Time": 8.661,"Actual Total Time": 8.664,"Actual Rows": 57384,"Actual Loops": 1,"Index Cond": "((o_orderdate >= '1994-07-01'::date) AND (o_orderdate < '1994-10-01 00:00:00'::timestamp without time zone))","Workers": []}]},{"Node Type": "Index Scan","Parent Relationship": "Inner","Parallel Aware": false,"Async Capable": false,"Scan Direction": "Forward","Index Name": "idx_lineitem_orderkey","Relation Name": "lineitem","Alias": "lineitem","Startup Cost": 0.43,"Total Cost": 4.63,"Plan Rows": 6,"Plan Width": 4,"Actual Startup Time": 0.010,"Actual Total Time": 0.010,"Actual Rows": 1,"Actual Loops": 57384,"Index Cond": "(l_orderkey = orders.o_orderkey)","Rows Removed by Index Recheck": 0,"Filter": "(l_commitdate < l_receiptdate)","Rows Removed by Filter": 1,"Workers": []}]}]}]}]}]},"Planning Time": 4.847,"Triggers": [],"Execution Time": 241.394}]
[{"Plan": {"Node Type": "Aggregate","Strategy": "Sorted","Partial Mode": "Finalize","Parallel Aware": false,"Async Capable": false,"Startup Cost": 52151.90,"Total Cost": 52187.16,"Plan Rows": 5,"Plan Width": 24,"Actual Startup Time": 210.638,"Actual Total Time": 234.377,"Actual Rows": 5,"Actual Loops": 1,"Group Key": ["orders.o_orderpriority"],"Plans": [{"Node Type": "Gather Merge","Parent Relationship": "Outer","Parallel Aware": false,"Async Capable": false,"Startup Cost": 52151.90,"Total Cost": 52187.03,"Plan Rows": 15,"Plan Width": 24,"Actual Startup Time": 210.240,"Actual Total Time": 234.359,"Actual Rows": 20,"Actual Loops": 1,"Workers Planned": 3,"Workers Launched": 3,"Plans": [{"Node Type": "Aggregate","Strategy": "Sorted","Partial Mode": "Partial","Parent Relationship": "Outer","Parallel Aware": false,"Async Capable": false,"Startup Cost": 51151.86,"Total Cost": 51185.23,"Plan Rows": 5,"Plan Width": 24,"Actual Startup Time": 201.517,"Actual Total Time": 202.754,"Actual Rows": 5,"Actual Loops": 4,"Group Key": ["orders.o_orderpriority"],"Workers": [],"Plans": [{"Node Type": "Sort","Parent Relationship": "Outer","Parallel Aware": false,"Async Capable": false,"Startup Cost": 51151.86,"Total Cost": 51162.97,"Plan Rows": 4442,"Plan Width": 16,"Actual Startup Time": 201.174,"Actual Total Time": 201.691,"Actual Rows": 12988,"Actual Loops": 4,"Sort Key": ["orders.o_orderpriority"],"Sort Method": "quicksort","Sort Space Used": 1106,"Sort Space Type": "Memory","Workers": [{"Worker Number": 0,"Sort Method": "quicksort","Sort Space Used": 1082,"Sort Space Type": "Memory"},{"Worker Number": 1,"Sort Method": "quicksort","Sort Space Used": 1101,"Sort Space Type": "Memory"},{"Worker Number": 2,"Sort Method": "quicksort","Sort Space Used": 1090,"Sort Space Type": "Memory"}],"Plans": [{"Node Type": "Nested Loop","Parent Relationship": "Outer","Parallel Aware": false,"Async Capable": false,"Join Type": "Semi","Startup Cost": 803.12,"Total Cost": 50882.74,"Plan Rows": 4442,"Plan Width": 16,"Actual Startup Time": 5.439,"Actual Total Time": 194.803,"Actual Rows": 12988,"Actual Loops": 4,"Inner Unique": false,"Workers": [],"Plans": [{"Node Type": "Bitmap Heap Scan","Parent Relationship": "Outer","Parallel Aware": true,"Async Capable": false,"Relation Name": "orders","Alias": "orders","Startup Cost": 802.69,"Total Cost": 27178.23,"Plan Rows": 18702,"Plan Width": 20,"Actual Startup Time": 5.309,"Actual Total Time": 58.612,"Actual Rows": 14170,"Actual Loops": 4,"Recheck Cond": "((o_orderdate >= '1995-12-01'::date) AND (o_orderdate < '1996-03-01 00:00:00'::timestamp without time zone))","Rows Removed by Index Recheck": 0,"Exact Heap Blocks": 5992,"Lossy Heap Blocks": 0,"Workers": [],"Plans": [{"Node Type": "Bitmap Index Scan","Parent Relationship": "Outer","Parallel Aware": false,"Async Capable": false,"Index Name": "idx_orders_orderdate","Startup Cost": 0.00,"Total Cost": 788.20,"Plan Rows": 57977,"Plan Width": 0,"Actual Startup Time": 8.900,"Actual Total Time": 8.902,"Actual Rows": 56682,"Actual Loops": 1,"Index Cond": "((o_orderdate >= '1995-12-01'::date) AND (o_orderdate < '1996-03-01 00:00:00'::timestamp without time zone))","Workers": []}]},{"Node Type": "Index Scan","Parent Relationship": "Inner","Parallel Aware": false,"Async Capable": false,"Scan Direction": "Forward","Index Name": "idx_lineitem_orderkey","Relation Name": "lineitem","Alias": "lineitem","Startup Cost": 0.43,"Total Cost": 4.61,"Plan Rows": 6,"Plan Width": 4,"Actual Startup Time": 0.009,"Actual Total Time": 0.009,"Actual Rows": 1,"Actual Loops": 56682,"Index Cond": "(l_orderkey = orders.o_orderkey)","Rows Removed by Index Recheck": 0,"Filter": "(l_commitdate < l_receiptdate)","Rows Removed by Filter": 1,"Workers": []}]}]}]}]}]},"Planning Time": 4.197,"Triggers": [],"Execution Time": 234.781}]
[{"Plan": {"Node Type": "Aggregate","Strategy": "Sorted","Partial Mode": "Finalize","Parallel Aware": false,"Async Capable": false,"Startup Cost": 52959.57,"Total Cost": 52996.16,"Plan Rows": 5,"Plan Width": 24,"Actual Startup Time": 209.033,"Actual Total Time": 233.672,"Actual Rows": 5,"Actual Loops": 1,"Group Key": ["orders.o_orderpriority"],"Plans": [{"Node Type": "Gather Merge","Parent Relationship": "Outer","Parallel Aware": false,"Async Capable": false,"Startup Cost": 52959.57,"Total Cost": 52996.04,"Plan Rows": 15,"Plan Width": 24,"Actual Startup Time": 208.622,"Actual Total Time": 233.645,"Actual Rows": 20,"Actual Loops": 1,"Workers Planned": 3,"Workers Launched": 3,"Plans": [{"Node Type": "Aggregate","Strategy": "Sorted","Partial Mode": "Partial","Parent Relationship": "Outer","Parallel Aware": false,"Async Capable": false,"Startup Cost": 51959.53,"Total Cost": 51994.23,"Plan Rows": 5,"Plan Width": 24,"Actual Startup Time": 199.783,"Actual Total Time": 201.045,"Actual Rows": 5,"Actual Loops": 4,"Group Key": ["orders.o_orderpriority"],"Workers": [],"Plans": [{"Node Type": "Sort","Parent Relationship": "Outer","Parallel Aware": false,"Async Capable": false,"Startup Cost": 51959.53,"Total Cost": 51971.08,"Plan Rows": 4620,"Plan Width": 16,"Actual Startup Time": 199.445,"Actual Total Time": 199.958,"Actual Rows": 13257,"Actual Loops": 4,"Sort Key": ["orders.o_orderpriority"],"Sort Method": "quicksort","Sort Space Used": 1102,"Sort Space Type": "Memory","Workers": [{"Worker Number": 0,"Sort Method": "quicksort","Sort Space Used": 1125,"Sort Space Type": "Memory"},{"Worker Number": 1,"Sort Method": "quicksort","Sort Space Used": 1082,"Sort Space Type": "Memory"},{"Worker Number": 2,"Sort Method": "quicksort","Sort Space Used": 1129,"Sort Space Type": "Memory"}],"Plans": [{"Node Type": "Nested Loop","Parent Relationship": "Outer","Parallel Aware": false,"Async Capable": false,"Join Type": "Semi","Startup Cost": 834.97,"Total Cost": 51678.32,"Plan Rows": 4620,"Plan Width": 16,"Actual Startup Time": 5.409,"Actual Total Time": 193.022,"Actual Rows": 13257,"Actual Loops": 4,"Inner Unique": false,"Workers": [],"Plans": [{"Node Type": "Bitmap Heap Scan","Parent Relationship": "Outer","Parallel Aware": true,"Async Capable": false,"Relation Name": "orders","Alias": "orders","Startup Cost": 834.53,"Total Cost": 27221.32,"Plan Rows": 19452,"Plan Width": 20,"Actual Startup Time": 5.281,"Actual Total Time": 56.264,"Actual Rows": 14475,"Actual Loops": 4,"Recheck Cond": "((o_orderdate >= '1997-05-01'::date) AND (o_orderdate < '1997-08-01 00:00:00'::timestamp without time zone))","Rows Removed by Index Recheck": 0,"Exact Heap Blocks": 5770,"Lossy Heap Blocks": 0,"Workers": [],"Plans": [{"Node Type": "Bitmap Index Scan","Parent Relationship": "Outer","Parallel Aware": false,"Async Capable": false,"Index Name": "idx_orders_orderdate","Startup Cost": 0.00,"Total Cost": 819.46,"Plan Rows": 60303,"Plan Width": 0,"Actual Startup Time": 8.646,"Actual Total Time": 8.646,"Actual Rows": 57901,"Actual Loops": 1,"Index Cond": "((o_orderdate >= '1997-05-01'::date) AND (o_orderdate < '1997-08-01 00:00:00'::timestamp without time zone))","Workers": []}]},{"Node Type": "Index Scan","Parent Relationship": "Inner","Parallel Aware": false,"Async Capable": false,"Scan Direction": "Forward","Index Name": "idx_lineitem_orderkey","Relation Name": "lineitem","Alias": "lineitem","Startup Cost": 0.43,"Total Cost": 4.56,"Plan Rows": 6,"Plan Width": 4,"Actual Startup Time": 0.009,"Actual Total Time": 0.009,"Actual Rows": 1,"Actual Loops": 57901,"Index Cond": "(l_orderkey = orders.o_orderkey)","Rows Removed by Index Recheck": 0,"Filter": "(l_commitdate < l_receiptdate)","Rows Removed by Filter": 1,"Workers": []}]}]}]}]}]},"Planning Time": 4.687,"Triggers": [],"Execution Time": 234.385}]
[{"Plan": {"Node Type": "Aggregate","Strategy": "Sorted","Partial Mode": "Finalize","Parallel Aware": false,"Async Capable": false,"Startup Cost": 52188.36,"Total Cost": 52223.67,"Plan Rows": 5,"Plan Width": 24,"Actual Startup Time": 206.752,"Actual Total Time": 231.361,"Actual Rows": 5,"Actual Loops": 1,"Group Key": ["orders.o_orderpriority"],"Plans": [{"Node Type": "Gather Merge","Parent Relationship": "Outer","Parallel Aware": false,"Async Capable": false,"Startup Cost": 52188.36,"Total Cost": 52223.54,"Plan Rows": 15,"Plan Width": 24,"Actual Startup Time": 206.342,"Actual Total Time": 231.324,"Actual Rows": 20,"Actual Loops": 1,"Workers Planned": 3,"Workers Launched": 3,"Plans": [{"Node Type": "Aggregate","Strategy": "Sorted","Partial Mode": "Partial","Parent Relationship": "Outer","Parallel Aware": false,"Async Capable": false,"Startup Cost": 51188.32,"Total Cost": 51221.74,"Plan Rows": 5,"Plan Width": 24,"Actual Startup Time": 197.592,"Actual Total Time": 198.857,"Actual Rows": 5,"Actual Loops": 4,"Group Key": ["orders.o_orderpriority"],"Workers": [],"Plans": [{"Node Type": "Sort","Parent Relationship": "Outer","Parallel Aware": false,"Async Capable": false,"Startup Cost": 51188.32,"Total Cost": 51199.44,"Plan Rows": 4450,"Plan Width": 16,"Actual Startup Time": 197.254,"Actual Total Time": 197.787,"Actual Rows": 13171,"Actual Loops": 4,"Sort Key": ["orders.o_orderpriority"],"Sort Method": "quicksort","Sort Space Used": 1095,"Sort Space Type": "Memory","Workers": [{"Worker Number": 0,"Sort Method": "quicksort","Sort Space Used": 1116,"Sort Space Type": "Memory"},{"Worker Number": 1,"Sort Method": "quicksort","Sort Space Used": 1089,"Sort Space Type": "Memory"},{"Worker Number": 2,"Sort Method": "quicksort","Sort Space Used": 1119,"Sort Space Type": "Memory"}],"Plans": [{"Node Type": "Nested Loop","Parent Relationship": "Outer","Parallel Aware": false,"Async Capable": false,"Join Type": "Semi","Startup Cost": 804.19,"Total Cost": 50918.66,"Plan Rows": 4450,"Plan Width": 16,"Actual Startup Time": 4.989,"Actual Total Time": 190.898,"Actual Rows": 13171,"Actual Loops": 4,"Inner Unique": false,"Workers": [],"Plans": [{"Node Type": "Bitmap Heap Scan","Parent Relationship": "Outer","Parallel Aware": true,"Async Capable": false,"Relation Name": "orders","Alias": "orders","Startup Cost": 803.76,"Total Cost": 27179.79,"Plan Rows": 18736,"Plan Width": 20,"Actual Startup Time": 4.856,"Actual Total Time": 55.634,"Actual Rows": 14328,"Actual Loops": 4,"Recheck Cond": "((o_orderdate >= '1994-05-01'::date) AND (o_orderdate < '1994-08-01 00:00:00'::timestamp without time zone))","Rows Removed by Index Recheck": 0,"Exact Heap Blocks": 5709,"Lossy Heap Blocks": 0,"Workers": [],"Plans": [{"Node Type": "Bitmap Index Scan","Parent Relationship": "Outer","Parallel Aware": false,"Async Capable": false,"Index Name": "idx_orders_orderdate","Startup Cost": 0.00,"Total Cost": 789.24,"Plan Rows": 58081,"Plan Width": 0,"Actual Startup Time": 8.408,"Actual Total Time": 8.410,"Actual Rows": 57311,"Actual Loops": 1,"Index Cond": "((o_orderdate >= '1994-05-01'::date) AND (o_orderdate < '1994-08-01 00:00:00'::timestamp without time zone))","Workers": []}]},{"Node Type": "Index Scan","Parent Relationship": "Inner","Parallel Aware": false,"Async Capable": false,"Scan Direction": "Forward","Index Name": "idx_lineitem_orderkey","Relation Name": "lineitem","Alias": "lineitem","Startup Cost": 0.43,"Total Cost": 4.61,"Plan Rows": 6,"Plan Width": 4,"Actual Startup Time": 0.009,"Actual Total Time": 0.009,"Actual Rows": 1,"Actual Loops": 57311,"Index Cond": "(l_orderkey = orders.o_orderkey)","Rows Removed by Index Recheck": 0,"Filter": "(l_commitdate < l_receiptdate)","Rows Removed by Filter": 1,"Workers": []}]}]}]}]}]},"Planning Time": 4.567,"Triggers": [],"Execution Time": 232.063}]
[{"Plan": {"Node Type": "Aggregate","Strategy": "Sorted","Partial Mode": "Finalize","Parallel Aware": false,"Async Capable": false,"Startup Cost": 51903.92,"Total Cost": 51938.77,"Plan Rows": 5,"Plan Width": 24,"Actual Startup Time": 219.933,"Actual Total Time": 243.587,"Actual Rows": 5,"Actual Loops": 1,"Group Key": ["orders.o_orderpriority"],"Plans": [{"Node Type": "Gather Merge","Parent Relationship": "Outer","Parallel Aware": false,"Async Capable": false,"Startup Cost": 51903.92,"Total Cost": 51938.64,"Plan Rows": 15,"Plan Width": 24,"Actual Startup Time": 219.614,"Actual Total Time": 243.560,"Actual Rows": 20,"Actual Loops": 1,"Workers Planned": 3,"Workers Launched": 3,"Plans": [{"Node Type": "Aggregate","Strategy": "Sorted","Partial Mode": "Partial","Parent Relationship": "Outer","Parallel Aware": false,"Async Capable": false,"Startup Cost": 50903.88,"Total Cost": 50936.84,"Plan Rows": 5,"Plan Width": 24,"Actual Startup Time": 209.332,"Actual Total Time": 210.717,"Actual Rows": 5,"Actual Loops": 4,"Group Key": ["orders.o_orderpriority"],"Workers": [],"Plans": [{"Node Type": "Sort","Parent Relationship": "Outer","Parallel Aware": false,"Async Capable": false,"Startup Cost": 50903.88,"Total Cost": 50914.85,"Plan Rows": 4388,"Plan Width": 16,"Actual Startup Time": 208.936,"Actual Total Time": 209.559,"Actual Rows": 13145,"Actual Loops": 4,"Sort Key": ["orders.o_orderpriority"],"Sort Method": "quicksort","Sort Space Used": 1056,"Sort Space Type": "Memory","Workers": [{"Worker Number": 0,"Sort Method": "quicksort","Sort Space Used": 1143,"Sort Space Type": "Memory"},{"Worker Number": 1,"Sort Method": "quicksort","Sort Space Used": 1078,"Sort Space Type": "Memory"},{"Worker Number": 2,"Sort Method": "quicksort","Sort Space Used": 1136,"Sort Space Type": "Memory"}],"Plans": [{"Node Type": "Nested Loop","Parent Relationship": "Outer","Parallel Aware": false,"Async Capable": false,"Join Type": "Semi","Startup Cost": 791.87,"Total Cost": 50638.42,"Plan Rows": 4388,"Plan Width": 16,"Actual Startup Time": 4.667,"Actual Total Time": 202.314,"Actual Rows": 13145,"Actual Loops": 4,"Inner Unique": false,"Workers": [],"Plans": [{"Node Type": "Bitmap Heap Scan","Parent Relationship": "Outer","Parallel Aware": true,"Async Capable": false,"Relation Name": "orders","Alias": "orders","Startup Cost": 791.43,"Total Cost": 27163.54,"Plan Rows": 18474,"Plan Width": 20,"Actual Startup Time": 4.529,"Actual Total Time": 59.423,"Actual Rows": 14339,"Actual Loops": 4,"Recheck Cond": "((o_orderdate >= '1996-11-01'::date) AND (o_orderdate < '1997-02-01 00:00:00'::timestamp without time zone))","Rows Removed by Index Recheck": 0,"Exact Heap Blocks": 5432,"Lossy Heap Blocks": 0,"Workers": [],"Plans": [{"Node Type": "Bitmap Index Scan","Parent Relationship": "Outer","Parallel Aware": false,"Async Capable": false,"Index Name": "idx_orders_orderdate","Startup Cost": 0.00,"Total Cost": 777.12,"Plan Rows": 57269,"Plan Width": 0,"Actual Startup Time": 8.530,"Actual Total Time": 8.532,"Actual Rows": 57355,"Actual Loops": 1,"Index Cond": "((o_orderdate >= '1996-11-01'::date) AND (o_orderdate < '1997-02-01 00:00:00'::timestamp without time zone))","Workers": []}]},{"Node Type": "Index Scan","Parent Relationship": "Inner","Parallel Aware": false,"Async Capable": false,"Scan Direction": "Forward","Index Name": "idx_lineitem_orderkey","Relation Name": "lineitem","Alias": "lineitem","Startup Cost": 0.43,"Total Cost": 4.63,"Plan Rows": 6,"Plan Width": 4,"Actual Startup Time": 0.010,"Actual Total Time": 0.010,"Actual Rows": 1,"Actual Loops": 57355,"Index Cond": "(l_orderkey = orders.o_orderkey)","Rows Removed by Index Recheck": 0,"Filter": "(l_commitdate < l_receiptdate)","Rows Removed by Filter": 1,"Workers": []}]}]}]}]}]},"Planning Time": 4.997,"Triggers": [],"Execution Time": 244.179}]
[{"Plan": {"Node Type": "Aggregate","Strategy": "Sorted","Partial Mode": "Finalize","Parallel Aware": false,"Async Capable": false,"Startup Cost": 51912.42,"Total Cost": 51947.28,"Plan Rows": 5,"Plan Width": 24,"Actual Startup Time": 209.106,"Actual Total Time": 232.724,"Actual Rows": 5,"Actual Loops": 1,"Group Key": ["orders.o_orderpriority"],"Plans": [{"Node Type": "Gather Merge","Parent Relationship": "Outer","Parallel Aware": false,"Async Capable": false,"Startup Cost": 51912.42,"Total Cost": 51947.15,"Plan Rows": 15,"Plan Width": 24,"Actual Startup Time": 208.787,"Actual Total Time": 232.700,"Actual Rows": 20,"Actual Loops": 1,"Workers Planned": 3,"Workers Launched": 3,"Plans": [{"Node Type": "Aggregate","Strategy": "Sorted","Partial Mode": "Partial","Parent Relationship": "Outer","Parallel Aware": false,"Async Capable": false,"Startup Cost": 50912.38,"Total Cost": 50945.35,"Plan Rows": 5,"Plan Width": 24,"Actual Startup Time": 198.950,"Actual Total Time": 200.277,"Actual Rows": 5,"Actual Loops": 4,"Group Key": ["orders.o_orderpriority"],"Workers": [],"Plans": [{"Node Type": "Sort","Parent Relationship": "Outer","Parallel Aware": false,"Async Capable": false,"Startup Cost": 50912.38,"Total Cost": 50923.35,"Plan Rows": 4390,"Plan Width": 16,"Actual Startup Time": 198.592,"Actual Total Time": 199.146,"Actual Rows": 13050,"Actual Loops": 4,"Sort Key": ["orders.o_orderpriority"],"Sort Method": "quicksort","Sort Space Used": 1053,"Sort Space Type": "Memory","Workers": [{"Worker Number": 0,"Sort Method": "quicksort","Sort Space Used": 1117,"Sort Space Type": "Memory"},{"Worker Number": 1,"Sort Method": "quicksort","Sort Space Used": 1102,"Sort Space Type": "Memory"},{"Worker Number": 2,"Sort Method": "quicksort","Sort Space Used": 1121,"Sort Space Type": "Memory"}],"Plans": [{"Node Type": "Nested Loop","Parent Relationship": "Outer","Parallel Aware": false,"Async Capable": false,"Join Type": "Semi","Startup Cost": 792.13,"Total Cost": 50646.78,"Plan Rows": 4390,"Plan Width": 16,"Actual Startup Time": 5.115,"Actual Total Time": 192.167,"Actual Rows": 13050,"Actual Loops": 4,"Inner Unique": false,"Workers": [],"Plans": [{"Node Type": "Bitmap Heap Scan","Parent Relationship": "Outer","Parallel Aware": true,"Async Capable": false,"Relation Name": "orders","Alias": "orders","Startup Cost": 791.70,"Total Cost": 27163.94,"Plan Rows": 18482,"Plan Width": 20,"Actual Startup Time": 4.954,"Actual Total Time": 57.279,"Actual Rows": 14234,"Actual Loops": 4,"Recheck Cond": "((o_orderdate >= '1993-03-01'::date) AND (o_orderdate < '1993-06-01 00:00:00'::timestamp without time zone))","Rows Removed by Index Recheck": 0,"Exact Heap Blocks": 5494,"Lossy Heap Blocks": 0,"Workers": [],"Plans": [{"Node Type": "Bitmap Index Scan","Parent Relationship": "Outer","Parallel Aware": false,"Async Capable": false,"Index Name": "idx_orders_orderdate","Startup Cost": 0.00,"Total Cost": 777.38,"Plan Rows": 57295,"Plan Width": 0,"Actual Startup Time": 8.540,"Actual Total Time": 8.541,"Actual Rows": 56934,"Actual Loops": 1,"Index Cond": "((o_orderdate >= '1993-03-01'::date) AND (o_orderdate < '1993-06-01 00:00:00'::timestamp without time zone))","Workers": []}]},{"Node Type": "Index Scan","Parent Relationship": "Inner","Parallel Aware": false,"Async Capable": false,"Scan Direction": "Forward","Index Name": "idx_lineitem_orderkey","Relation Name": "lineitem","Alias": "lineitem","Startup Cost": 0.43,"Total Cost": 4.62,"Plan Rows": 6,"Plan Width": 4,"Actual Startup Time": 0.009,"Actual Total Time": 0.009,"Actual Rows": 1,"Actual Loops": 56934,"Index Cond": "(l_orderkey = orders.o_orderkey)","Rows Removed by Index Recheck": 0,"Filter": "(l_commitdate < l_receiptdate)","Rows Removed by Filter": 1,"Workers": []}]}]}]}]}]},"Planning Time": 5.801,"Triggers": [],"Execution Time": 233.171}]
[{"Plan": {"Node Type": "Aggregate","Strategy": "Sorted","Partial Mode": "Finalize","Parallel Aware": false,"Async Capable": false,"Startup Cost": 51060.97,"Total Cost": 51094.44,"Plan Rows": 5,"Plan Width": 24,"Actual Startup Time": 208.763,"Actual Total Time": 232.565,"Actual Rows": 5,"Actual Loops": 1,"Group Key": ["orders.o_orderpriority"],"Plans": [{"Node Type": "Gather Merge","Parent Relationship": "Outer","Parallel Aware": false,"Async Capable": false,"Startup Cost": 51060.97,"Total Cost": 51094.31,"Plan Rows": 15,"Plan Width": 24,"Actual Startup Time": 208.330,"Actual Total Time": 232.538,"Actual Rows": 20,"Actual Loops": 1,"Workers Planned": 3,"Workers Launched": 3,"Plans": [{"Node Type": "Aggregate","Strategy": "Sorted","Partial Mode": "Partial","Parent Relationship": "Outer","Parallel Aware": false,"Async Capable": false,"Startup Cost": 50060.93,"Total Cost": 50092.51,"Plan Rows": 5,"Plan Width": 24,"Actual Startup Time": 199.165,"Actual Total Time": 200.386,"Actual Rows": 5,"Actual Loops": 4,"Group Key": ["orders.o_orderpriority"],"Workers": [],"Plans": [{"Node Type": "Sort","Parent Relationship": "Outer","Parallel Aware": false,"Async Capable": false,"Startup Cost": 50060.93,"Total Cost": 50071.44,"Plan Rows": 4204,"Plan Width": 16,"Actual Startup Time": 198.803,"Actual Total Time": 199.328,"Actual Rows": 12782,"Actual Loops": 4,"Sort Key": ["orders.o_orderpriority"],"Sort Method": "quicksort","Sort Space Used": 1045,"Sort Space Type": "Memory","Workers": [{"Worker Number": 0,"Sort Method": "quicksort","Sort Space Used": 1115,"Sort Space Type": "Memory"},{"Worker Number": 1,"Sort Method": "quicksort","Sort Space Used": 1122,"Sort Space Type": "Memory"},{"Worker Number": 2,"Sort Method": "quicksort","Sort Space Used": 1052,"Sort Space Type": "Memory"}],"Plans": [{"Node Type": "Nested Loop","Parent Relationship": "Outer","Parallel Aware": false,"Async Capable": false,"Join Type": "Semi","Startup Cost": 759.26,"Total Cost": 49807.90,"Plan Rows": 4204,"Plan Width": 16,"Actual Startup Time": 4.671,"Actual Total Time": 192.469,"Actual Rows": 12782,"Actual Loops": 4,"Inner Unique": false,"Workers": [],"Plans": [{"Node Type": "Bitmap Heap Scan","Parent Relationship": "Outer","Parallel Aware": true,"Async Capable": false,"Relation Name": "orders","Alias": "orders","Startup Cost": 758.82,"Total Cost": 27119.31,"Plan Rows": 17699,"Plan Width": 20,"Actual Startup Time": 4.522,"Actual Total Time": 56.148,"Actual Rows": 13946,"Actual Loops": 4,"Recheck Cond": "((o_orderdate >= '1997-01-01'::date) AND (o_orderdate < '1997-04-01 00:00:00'::timestamp without time zone))","Rows Removed by Index Recheck": 0,"Exact Heap Blocks": 5517,"Lossy Heap Blocks": 0,"Workers": [],"Plans": [{"Node Type": "Bitmap Index Scan","Parent Relationship": "Outer","Parallel Aware": false,"Async Capable": false,"Index Name": "idx_orders_orderdate","Startup Cost": 0.00,"Total Cost": 745.11,"Plan Rows": 54868,"Plan Width": 0,"Actual Startup Time": 8.317,"Actual Total Time": 8.318,"Actual Rows": 55784,"Actual Loops": 1,"Index Cond": "((o_orderdate >= '1997-01-01'::date) AND (o_orderdate < '1997-04-01 00:00:00'::timestamp without time zone))","Workers": []}]},{"Node Type": "Index Scan","Parent Relationship": "Inner","Parallel Aware": false,"Async Capable": false,"Scan Direction": "Forward","Index Name": "idx_lineitem_orderkey","Relation Name": "lineitem","Alias": "lineitem","Startup Cost": 0.43,"Total Cost": 4.68,"Plan Rows": 6,"Plan Width": 4,"Actual Startup Time": 0.009,"Actual Total Time": 0.009,"Actual Rows": 1,"Actual Loops": 55784,"Index Cond": "(l_orderkey = orders.o_orderkey)","Rows Removed by Index Recheck": 0,"Filter": "(l_commitdate < l_receiptdate)","Rows Removed by Filter": 1,"Workers": []}]}]}]}]}]},"Planning Time": 4.572,"Triggers": [],"Execution Time": 233.189}]
[{"Plan": {"Node Type": "Aggregate","Strategy": "Sorted","Partial Mode": "Finalize","Parallel Aware": false,"Async Capable": false,"Startup Cost": 51708.45,"Total Cost": 51742.98,"Plan Rows": 5,"Plan Width": 24,"Actual Startup Time": 207.456,"Actual Total Time": 231.580,"Actual Rows": 5,"Actual Loops": 1,"Group Key": ["orders.o_orderpriority"],"Plans": [{"Node Type": "Gather Merge","Parent Relationship": "Outer","Parallel Aware": false,"Async Capable": false,"Startup Cost": 51708.45,"Total Cost": 51742.85,"Plan Rows": 15,"Plan Width": 24,"Actual Startup Time": 207.053,"Actual Total Time": 231.548,"Actual Rows": 20,"Actual Loops": 1,"Workers Planned": 3,"Workers Launched": 3,"Plans": [{"Node Type": "Aggregate","Strategy": "Sorted","Partial Mode": "Partial","Parent Relationship": "Outer","Parallel Aware": false,"Async Capable": false,"Startup Cost": 50708.41,"Total Cost": 50741.05,"Plan Rows": 5,"Plan Width": 24,"Actual Startup Time": 198.227,"Actual Total Time": 199.494,"Actual Rows": 5,"Actual Loops": 4,"Group Key": ["orders.o_orderpriority"],"Workers": [],"Plans": [{"Node Type": "Sort","Parent Relationship": "Outer","Parallel Aware": false,"Async Capable": false,"Startup Cost": 50708.41,"Total Cost": 50719.27,"Plan Rows": 4345,"Plan Width": 16,"Actual Startup Time": 197.883,"Actual Total Time": 198.422,"Actual Rows": 13041,"Actual Loops": 4,"Sort Key": ["orders.o_orderpriority"],"Sort Method": "quicksort","Sort Space Used": 1092,"Sort Space Type": "Memory","Workers": [{"Worker Number": 0,"Sort Method": "quicksort","Sort Space Used": 1114,"Sort Space Type": "Memory"},{"Worker Number": 1,"Sort Method": "quicksort","Sort Space Used": 1079,"Sort Space Type": "Memory"},{"Worker Number": 2,"Sort Method": "quicksort","Sort Space Used": 1106,"Sort Space Type": "Memory"}],"Plans": [{"Node Type": "Nested Loop","Parent Relationship": "Outer","Parallel Aware": false,"Async Capable": false,"Join Type": "Semi","Startup Cost": 786.10,"Total Cost": 50445.86,"Plan Rows": 4345,"Plan Width": 16,"Actual Startup Time": 5.128,"Actual Total Time": 191.658,"Actual Rows": 13041,"Actual Loops": 4,"Inner Unique": false,"Workers": [],"Plans": [{"Node Type": "Bitmap Heap Scan","Parent Relationship": "Outer","Parallel Aware": true,"Async Capable": false,"Relation Name": "orders","Alias": "orders","Startup Cost": 785.66,"Total Cost": 27155.05,"Plan Rows": 18292,"Plan Width": 20,"Actual Startup Time": 4.978,"Actual Total Time": 56.015,"Actual Rows": 14241,"Actual Loops": 4,"Recheck Cond": "((o_orderdate >= '1996-03-01'::date) AND (o_orderdate < '1996-06-01 00:00:00'::timestamp without time zone))","Rows Removed by Index Recheck": 0,"Exact Heap Blocks": 5804,"Lossy Heap Blocks": 0,"Workers": [],"Plans": [{"Node Type": "Bitmap Index Scan","Parent Relationship": "Outer","Parallel Aware": false,"Async Capable": false,"Index Name": "idx_orders_orderdate","Startup Cost": 0.00,"Total Cost": 771.49,"Plan Rows": 56706,"Plan Width": 0,"Actual Startup Time": 8.540,"Actual Total Time": 8.544,"Actual Rows": 56965,"Actual Loops": 1,"Index Cond": "((o_orderdate >= '1996-03-01'::date) AND (o_orderdate < '1996-06-01 00:00:00'::timestamp without time zone))","Workers": []}]},{"Node Type": "Index Scan","Parent Relationship": "Inner","Parallel Aware": false,"Async Capable": false,"Scan Direction": "Forward","Index Name": "idx_lineitem_orderkey","Relation Name": "lineitem","Alias": "lineitem","Startup Cost": 0.43,"Total Cost": 4.64,"Plan Rows": 6,"Plan Width": 4,"Actual Startup Time": 0.009,"Actual Total Time": 0.009,"Actual Rows": 1,"Actual Loops": 56965,"Index Cond": "(l_orderkey = orders.o_orderkey)","Rows Removed by Index Recheck": 0,"Filter": "(l_commitdate < l_receiptdate)","Rows Removed by Filter": 1,"Workers": []}]}]}]}]}]},"Planning Time": 4.056,"Triggers": [],"Execution Time": 232.269}]
[{"Plan": {"Node Type": "Aggregate","Strategy": "Sorted","Partial Mode": "Finalize","Parallel Aware": false,"Async Capable": false,"Startup Cost": 52341.15,"Total Cost": 52376.72,"Plan Rows": 5,"Plan Width": 24,"Actual Startup Time": 211.523,"Actual Total Time": 235.394,"Actual Rows": 5,"Actual Loops": 1,"Group Key": ["orders.o_orderpriority"],"Plans": [{"Node Type": "Gather Merge","Parent Relationship": "Outer","Parallel Aware": false,"Async Capable": false,"Startup Cost": 52341.15,"Total Cost": 52376.60,"Plan Rows": 15,"Plan Width": 24,"Actual Startup Time": 211.162,"Actual Total Time": 235.331,"Actual Rows": 20,"Actual Loops": 1,"Workers Planned": 3,"Workers Launched": 3,"Plans": [{"Node Type": "Aggregate","Strategy": "Sorted","Partial Mode": "Partial","Parent Relationship": "Outer","Parallel Aware": false,"Async Capable": false,"Startup Cost": 51341.11,"Total Cost": 51374.79,"Plan Rows": 5,"Plan Width": 24,"Actual Startup Time": 201.729,"Actual Total Time": 202.979,"Actual Rows": 5,"Actual Loops": 4,"Group Key": ["orders.o_orderpriority"],"Workers": [],"Plans": [{"Node Type": "Sort","Parent Relationship": "Outer","Parallel Aware": false,"Async Capable": false,"Startup Cost": 51341.11,"Total Cost": 51352.32,"Plan Rows": 4484,"Plan Width": 16,"Actual Startup Time": 201.384,"Actual Total Time": 201.903,"Actual Rows": 13062,"Actual Loops": 4,"Sort Key": ["orders.o_orderpriority"],"Sort Method": "quicksort","Sort Space Used": 1090,"Sort Space Type": "Memory","Workers": [{"Worker Number": 0,"Sort Method": "quicksort","Sort Space Used": 1125,"Sort Space Type": "Memory"},{"Worker Number": 1,"Sort Method": "quicksort","Sort Space Used": 1069,"Sort Space Type": "Memory"},{"Worker Number": 2,"Sort Method": "quicksort","Sort Space Used": 1111,"Sort Space Type": "Memory"}],"Plans": [{"Node Type": "Nested Loop","Parent Relationship": "Outer","Parallel Aware": false,"Async Capable": false,"Join Type": "Semi","Startup Cost": 808.74,"Total Cost": 51069.15,"Plan Rows": 4484,"Plan Width": 16,"Actual Startup Time": 4.879,"Actual Total Time": 195.077,"Actual Rows": 13062,"Actual Loops": 4,"Inner Unique": false,"Workers": [],"Plans": [{"Node Type": "Bitmap Heap Scan","Parent Relationship": "Outer","Parallel Aware": true,"Async Capable": false,"Relation Name": "orders","Alias": "orders","Startup Cost": 808.31,"Total Cost": 27186.49,"Plan Rows": 18879,"Plan Width": 20,"Actual Startup Time": 4.741,"Actual Total Time": 56.847,"Actual Rows": 14278,"Actual Loops": 4,"Recheck Cond": "((o_orderdate >= '1994-08-01'::date) AND (o_orderdate < '1994-11-01 00:00:00'::timestamp without time zone))","Rows Removed by Index Recheck": 0,"Exact Heap Blocks": 5747,"Lossy Heap Blocks": 0,"Workers": [],"Plans": [{"Node Type": "Bitmap Index Scan","Parent Relationship": "Outer","Parallel Aware": false,"Async Capable": false,"Index Name": "idx_orders_orderdate","Startup Cost": 0.00,"Total Cost": 793.68,"Plan Rows": 58525,"Plan Width": 0,"Actual Startup Time": 8.459,"Actual Total Time": 8.461,"Actual Rows": 57111,"Actual Loops": 1,"Index Cond": "((o_orderdate >= '1994-08-01'::date) AND (o_orderdate < '1994-11-01 00:00:00'::timestamp without time zone))","Workers": []}]},{"Node Type": "Index Scan","Parent Relationship": "Inner","Parallel Aware": false,"Async Capable": false,"Scan Direction": "Forward","Index Name": "idx_lineitem_orderkey","Relation Name": "lineitem","Alias": "lineitem","Startup Cost": 0.43,"Total Cost": 4.60,"Plan Rows": 6,"Plan Width": 4,"Actual Startup Time": 0.009,"Actual Total Time": 0.009,"Actual Rows": 1,"Actual Loops": 57111,"Index Cond": "(l_orderkey = orders.o_orderkey)","Rows Removed by Index Recheck": 0,"Filter": "(l_commitdate < l_receiptdate)","Rows Removed by Filter": 1,"Workers": []}]}]}]}]}]},"Planning Time": 5.584,"Triggers": [],"Execution Time": 235.929}]
[{"Plan": {"Node Type": "Aggregate","Strategy": "Sorted","Partial Mode": "Finalize","Parallel Aware": false,"Async Capable": false,"Startup Cost": 52959.57,"Total Cost": 52996.16,"Plan Rows": 5,"Plan Width": 24,"Actual Startup Time": 209.033,"Actual Total Time": 233.672,"Actual Rows": 5,"Actual Loops": 1,"Group Key": ["orders.o_orderpriority"],"Plans": [{"Node Type": "Gather Merge","Parent Relationship": "Outer","Parallel Aware": false,"Async Capable": false,"Startup Cost": 52959.57,"Total Cost": 52996.04,"Plan Rows": 15,"Plan Width": 24,"Actual Startup Time": 208.622,"Actual Total Time": 233.645,"Actual Rows": 20,"Actual Loops": 1,"Workers Planned": 3,"Workers Launched": 3,"Plans": [{"Node Type": "Aggregate","Strategy": "Sorted","Partial Mode": "Partial","Parent Relationship": "Outer","Parallel Aware": false,"Async Capable": false,"Startup Cost": 51959.53,"Total Cost": 51994.23,"Plan Rows": 5,"Plan Width": 24,"Actual Startup Time": 199.783,"Actual Total Time": 201.045,"Actual Rows": 5,"Actual Loops": 4,"Group Key": ["orders.o_orderpriority"],"Workers": [],"Plans": [{"Node Type": "Sort","Parent Relationship": "Outer","Parallel Aware": false,"Async Capable": false,"Startup Cost": 51959.53,"Total Cost": 51971.08,"Plan Rows": 4620,"Plan Width": 16,"Actual Startup Time": 199.445,"Actual Total Time": 199.958,"Actual Rows": 13257,"Actual Loops": 4,"Sort Key": ["orders.o_orderpriority"],"Sort Method": "quicksort","Sort Space Used": 1102,"Sort Space Type": "Memory","Workers": [{"Worker Number": 0,"Sort Method": "quicksort","Sort Space Used": 1125,"Sort Space Type": "Memory"},{"Worker Number": 1,"Sort Method": "quicksort","Sort Space Used": 1082,"Sort Space Type": "Memory"},{"Worker Number": 2,"Sort Method": "quicksort","Sort Space Used": 1129,"Sort Space Type": "Memory"}],"Plans": [{"Node Type": "Nested Loop","Parent Relationship": "Outer","Parallel Aware": false,"Async Capable": false,"Join Type": "Semi","Startup Cost": 834.97,"Total Cost": 51678.32,"Plan Rows": 4620,"Plan Width": 16,"Actual Startup Time": 5.409,"Actual Total Time": 193.022,"Actual Rows": 13257,"Actual Loops": 4,"Inner Unique": false,"Workers": [],"Plans": [{"Node Type": "Bitmap Heap Scan","Parent Relationship": "Outer","Parallel Aware": true,"Async Capable": false,"Relation Name": "orders","Alias": "orders","Startup Cost": 834.53,"Total Cost": 27221.32,"Plan Rows": 19452,"Plan Width": 20,"Actual Startup Time": 5.281,"Actual Total Time": 56.264,"Actual Rows": 14475,"Actual Loops": 4,"Recheck Cond": "((o_orderdate >= '1997-05-01'::date) AND (o_orderdate < '1997-08-01 00:00:00'::timestamp without time zone))","Rows Removed by Index Recheck": 0,"Exact Heap Blocks": 5770,"Lossy Heap Blocks": 0,"Workers": [],"Plans": [{"Node Type": "Bitmap Index Scan","Parent Relationship": "Outer","Parallel Aware": false,"Async Capable": false,"Index Name": "idx_orders_orderdate","Startup Cost": 0.00,"Total Cost": 819.46,"Plan Rows": 60303,"Plan Width": 0,"Actual Startup Time": 8.646,"Actual Total Time": 8.646,"Actual Rows": 57901,"Actual Loops": 1,"Index Cond": "((o_orderdate >= '1997-05-01'::date) AND (o_orderdate < '1997-08-01 00:00:00'::timestamp without time zone))","Workers": []}]},{"Node Type": "Index Scan","Parent Relationship": "Inner","Parallel Aware": false,"Async Capable": false,"Scan Direction": "Forward","Index Name": "idx_lineitem_orderkey","Relation Name": "lineitem","Alias": "lineitem","Startup Cost": 0.43,"Total Cost": 4.56,"Plan Rows": 6,"Plan Width": 4,"Actual Startup Time": 0.009,"Actual Total Time": 0.009,"Actual Rows": 1,"Actual Loops": 57901,"Index Cond": "(l_orderkey = orders.o_orderkey)","Rows Removed by Index Recheck": 0,"Filter": "(l_commitdate < l_receiptdate)","Rows Removed by Filter": 1,"Workers": []}]}]}]}]}]},"Planning Time": 4.687,"Triggers": [],"Execution Time": 234.385}]
[{"Plan": {"Node Type": "Aggregate","Strategy": "Sorted","Partial Mode": "Finalize","Parallel Aware": false,"Async Capable": false,"Startup Cost": 51895.02,"Total Cost": 51929.86,"Plan Rows": 5,"Plan Width": 24,"Actual Startup Time": 216.936,"Actual Total Time": 240.849,"Actual Rows": 5,"Actual Loops": 1,"Group Key": ["orders.o_orderpriority"],"Plans": [{"Node Type": "Gather Merge","Parent Relationship": "Outer","Parallel Aware": false,"Async Capable": false,"Startup Cost": 51895.02,"Total Cost": 51929.73,"Plan Rows": 15,"Plan Width": 24,"Actual Startup Time": 216.564,"Actual Total Time": 240.814,"Actual Rows": 20,"Actual Loops": 1,"Workers Planned": 3,"Workers Launched": 3,"Plans": [{"Node Type": "Aggregate","Strategy": "Sorted","Partial Mode": "Partial","Parent Relationship": "Outer","Parallel Aware": false,"Async Capable": false,"Startup Cost": 50894.98,"Total Cost": 50927.93,"Plan Rows": 5,"Plan Width": 24,"Actual Startup Time": 207.210,"Actual Total Time": 208.520,"Actual Rows": 5,"Actual Loops": 4,"Group Key": ["orders.o_orderpriority"],"Workers": [],"Plans": [{"Node Type": "Sort","Parent Relationship": "Outer","Parallel Aware": false,"Async Capable": false,"Startup Cost": 50894.98,"Total Cost": 50905.95,"Plan Rows": 4386,"Plan Width": 16,"Actual Startup Time": 206.842,"Actual Total Time": 207.438,"Actual Rows": 13154,"Actual Loops": 4,"Sort Key": ["orders.o_orderpriority"],"Sort Method": "quicksort","Sort Space Used": 1056,"Sort Space Type": "Memory","Workers": [{"Worker Number": 0,"Sort Method": "quicksort","Sort Space Used": 1144,"Sort Space Type": "Memory"},{"Worker Number": 1,"Sort Method": "quicksort","Sort Space Used": 1079,"Sort Space Type": "Memory"},{"Worker Number": 2,"Sort Method": "quicksort","Sort Space Used": 1137,"Sort Space Type": "Memory"}],"Plans": [{"Node Type": "Nested Loop","Parent Relationship": "Outer","Parallel Aware": false,"Async Capable": false,"Join Type": "Semi","Startup Cost": 791.62,"Total Cost": 50629.66,"Plan Rows": 4386,"Plan Width": 16,"Actual Startup Time": 4.998,"Actual Total Time": 200.365,"Actual Rows": 13154,"Actual Loops": 4,"Inner Unique": false,"Workers": [],"Plans": [{"Node Type": "Bitmap Heap Scan","Parent Relationship": "Outer","Parallel Aware": true,"Async Capable": false,"Relation Name": "orders","Alias": "orders","Startup Cost": 791.19,"Total Cost": 27163.18,"Plan Rows": 18466,"Plan Width": 20,"Actual Startup Time": 4.854,"Actual Total Time": 59.077,"Actual Rows": 14346,"Actual Loops": 4,"Recheck Cond": "((o_orderdate >= '1994-07-01'::date) AND (o_orderdate < '1994-10-01 00:00:00'::timestamp without time zone))","Rows Removed by Index Recheck": 0,"Exact Heap Blocks": 5381,"Lossy Heap Blocks": 0,"Workers": [],"Plans": [{"Node Type": "Bitmap Index Scan","Parent Relationship": "Outer","Parallel Aware": false,"Async Capable": false,"Index Name": "idx_orders_orderdate","Startup Cost": 0.00,"Total Cost": 776.88,"Plan Rows": 57245,"Plan Width": 0,"Actual Startup Time": 8.661,"Actual Total Time": 8.664,"Actual Rows": 57384,"Actual Loops": 1,"Index Cond": "((o_orderdate >= '1994-07-01'::date) AND (o_orderdate < '1994-10-01 00:00:00'::timestamp without time zone))","Workers": []}]},{"Node Type": "Index Scan","Parent Relationship": "Inner","Parallel Aware": false,"Async Capable": false,"Scan Direction": "Forward","Index Name": "idx_lineitem_orderkey","Relation Name": "lineitem","Alias": "lineitem","Startup Cost": 0.43,"Total Cost": 4.63,"Plan Rows": 6,"Plan Width": 4,"Actual Startup Time": 0.010,"Actual Total Time": 0.010,"Actual Rows": 1,"Actual Loops": 57384,"Index Cond": "(l_orderkey = orders.o_orderkey)","Rows Removed by Index Recheck": 0,"Filter": "(l_commitdate < l_receiptdate)","Rows Removed by Filter": 1,"Workers": []}]}]}]}]}]},"Planning Time": 4.847,"Triggers": [],"Execution Time": 241.394}]
[{"Plan": {"Node Type": "Aggregate","Strategy": "Sorted","Partial Mode": "Finalize","Parallel Aware": false,"Async Capable": false,"Startup Cost": 50907.22,"Total Cost": 50940.43,"Plan Rows": 5,"Plan Width": 24,"Actual Startup Time": 204.875,"Actual Total Time": 229.245,"Actual Rows": 5,"Actual Loops": 1,"Group Key": ["orders.o_orderpriority"],"Plans": [{"Node Type": "Gather Merge","Parent Relationship": "Outer","Parallel Aware": false,"Async Capable": false,"Startup Cost": 50907.22,"Total Cost": 50940.30,"Plan Rows": 15,"Plan Width": 24,"Actual Startup Time": 204.487,"Actual Total Time": 229.210,"Actual Rows": 20,"Actual Loops": 1,"Workers Planned": 3,"Workers Launched": 3,"Plans": [{"Node Type": "Aggregate","Strategy": "Sorted","Partial Mode": "Partial","Parent Relationship": "Outer","Parallel Aware": false,"Async Capable": false,"Startup Cost": 49907.18,"Total Cost": 49938.50,"Plan Rows": 5,"Plan Width": 24,"Actual Startup Time": 195.859,"Actual Total Time": 197.107,"Actual Rows": 5,"Actual Loops": 4,"Group Key": ["orders.o_orderpriority"],"Workers": [],"Plans": [{"Node Type": "Sort","Parent Relationship": "Outer","Parallel Aware": false,"Async Capable": false,"Startup Cost": 49907.18,"Total Cost": 49917.60,"Plan Rows": 4170,"Plan Width": 16,"Actual Startup Time": 195.538,"Actual Total Time": 196.036,"Actual Rows": 13129,"Actual Loops": 4,"Sort Key": ["orders.o_orderpriority"],"Sort Method": "quicksort","Sort Space Used": 1092,"Sort Space Type": "Memory","Workers": [{"Worker Number": 0,"Sort Method": "quicksort","Sort Space Used": 1119,"Sort Space Type": "Memory"},{"Worker Number": 1,"Sort Method": "quicksort","Sort Space Used": 1082,"Sort Space Type": "Memory"},{"Worker Number": 2,"Sort Method": "quicksort","Sort Space Used": 1116,"Sort Space Type": "Memory"}],"Plans": [{"Node Type": "Nested Loop","Parent Relationship": "Outer","Parallel Aware": false,"Async Capable": false,"Join Type": "Semi","Startup Cost": 754.75,"Total Cost": 49656.44,"Plan Rows": 4170,"Plan Width": 16,"Actual Startup Time": 4.769,"Actual Total Time": 189.357,"Actual Rows": 13129,"Actual Loops": 4,"Inner Unique": false,"Workers": [],"Plans": [{"Node Type": "Bitmap Heap Scan","Parent Relationship": "Outer","Parallel Aware": true,"Async Capable": false,"Relation Name": "orders","Alias": "orders","Startup Cost": 754.31,"Total Cost": 27112.68,"Plan Rows": 17557,"Plan Width": 20,"Actual Startup Time": 4.640,"Actual Total Time": 54.547,"Actual Rows": 14334,"Actual Loops": 4,"Recheck Cond": "((o_orderdate >= '1995-10-01'::date) AND (o_orderdate < '1996-01-01 00:00:00'::timestamp without time zone))","Rows Removed by Index Recheck": 0,"Exact Heap Blocks": 5726,"Lossy Heap Blocks": 0,"Workers": [],"Plans": [{"Node Type": "Bitmap Index Scan","Parent Relationship": "Outer","Parallel Aware": false,"Async Capable": false,"Index Name": "idx_orders_orderdate","Startup Cost": 0.00,"Total Cost": 740.71,"Plan Rows": 54428,"Plan Width": 0,"Actual Startup Time": 8.057,"Actual Total Time": 8.058,"Actual Rows": 57337,"Actual Loops": 1,"Index Cond": "((o_orderdate >= '1995-10-01'::date) AND (o_orderdate < '1996-01-01 00:00:00'::timestamp without time zone))","Workers": []}]},{"Node Type": "Index Scan","Parent Relationship": "Inner","Parallel Aware": false,"Async Capable": false,"Scan Direction": "Forward","Index Name": "idx_lineitem_orderkey","Relation Name": "lineitem","Alias": "lineitem","Startup Cost": 0.43,"Total Cost": 4.69,"Plan Rows": 6,"Plan Width": 4,"Actual Startup Time": 0.009,"Actual Total Time": 0.009,"Actual Rows": 1,"Actual Loops": 57337,"Index Cond": "(l_orderkey = orders.o_orderkey)","Rows Removed by Index Recheck": 0,"Filter": "(l_commitdate < l_receiptdate)","Rows Removed by Filter": 1,"Workers": []}]}]}]}]}]},"Planning Time": 4.806,"Triggers": [],"Execution Time": 229.951}]
[{"Plan": {"Node Type": "Aggregate","Strategy": "Sorted","Partial Mode": "Finalize","Parallel Aware": false,"Async Capable": false,"Startup Cost": 51787.75,"Total Cost": 51822.40,"Plan Rows": 5,"Plan Width": 24,"Actual Startup Time": 202.957,"Actual Total Time": 226.845,"Actual Rows": 5,"Actual Loops": 1,"Group Key": ["orders.o_orderpriority"],"Plans": [{"Node Type": "Gather Merge","Parent Relationship": "Outer","Parallel Aware": false,"Async Capable": false,"Startup Cost": 51787.75,"Total Cost": 51822.28,"Plan Rows": 15,"Plan Width": 24,"Actual Startup Time": 202.604,"Actual Total Time": 226.817,"Actual Rows": 20,"Actual Loops": 1,"Workers Planned": 3,"Workers Launched": 3,"Plans": [{"Node Type": "Aggregate","Strategy": "Sorted","Partial Mode": "Partial","Parent Relationship": "Outer","Parallel Aware": false,"Async Capable": false,"Startup Cost": 50787.71,"Total Cost": 50820.48,"Plan Rows": 5,"Plan Width": 24,"Actual Startup Time": 194.007,"Actual Total Time": 195.210,"Actual Rows": 5,"Actual Loops": 4,"Group Key": ["orders.o_orderpriority"],"Workers": [],"Plans": [{"Node Type": "Sort","Parent Relationship": "Outer","Parallel Aware": false,"Async Capable": false,"Startup Cost": 50787.71,"Total Cost": 50798.62,"Plan Rows": 4362,"Plan Width": 16,"Actual Startup Time": 193.661,"Actual Total Time": 194.173,"Actual Rows": 12702,"Actual Loops": 4,"Sort Key": ["orders.o_orderpriority"],"Sort Method": "quicksort","Sort Space Used": 1078,"Sort Space Type": "Memory","Workers": [{"Worker Number": 0,"Sort Method": "quicksort","Sort Space Used": 1094,"Sort Space Type": "Memory"},{"Worker Number": 1,"Sort Method": "quicksort","Sort Space Used": 1054,"Sort Space Type": "Memory"},{"Worker Number": 2,"Sort Method": "quicksort","Sort Space Used": 1091,"Sort Space Type": "Memory"}],"Plans": [{"Node Type": "Nested Loop","Parent Relationship": "Outer","Parallel Aware": false,"Async Capable": false,"Join Type": "Semi","Startup Cost": 788.43,"Total Cost": 50524.01,"Plan Rows": 4362,"Plan Width": 16,"Actual Startup Time": 4.762,"Actual Total Time": 187.476,"Actual Rows": 12702,"Actual Loops": 4,"Inner Unique": false,"Workers": [],"Plans": [{"Node Type": "Bitmap Heap Scan","Parent Relationship": "Outer","Parallel Aware": true,"Async Capable": false,"Relation Name": "orders","Alias": "orders","Startup Cost": 788.00,"Total Cost": 27158.49,"Plan Rows": 18366,"Plan Width": 20,"Actual Startup Time": 4.614,"Actual Total Time": 54.707,"Actual Rows": 13866,"Actual Loops": 4,"Recheck Cond": "((o_orderdate >= '1994-02-01'::date) AND (o_orderdate < '1994-05-01 00:00:00'::timestamp without time zone))","Rows Removed by Index Recheck": 0,"Exact Heap Blocks": 5687,"Lossy Heap Blocks": 0,"Workers": [],"Plans": [{"Node Type": "Bitmap Index Scan","Parent Relationship": "Outer","Parallel Aware": false,"Async Capable": false,"Index Name": "idx_orders_orderdate","Startup Cost": 0.00,"Total Cost": 773.77,"Plan Rows": 56934,"Plan Width": 0,"Actual Startup Time": 8.022,"Actual Total Time": 8.027,"Actual Rows": 55462,"Actual Loops": 1,"Index Cond": "((o_orderdate >= '1994-02-01'::date) AND (o_orderdate < '1994-05-01 00:00:00'::timestamp without time zone))","Workers": []}]},{"Node Type": "Index Scan","Parent Relationship": "Inner","Parallel Aware": false,"Async Capable": false,"Scan Direction": "Forward","Index Name": "idx_lineitem_orderkey","Relation Name": "lineitem","Alias": "lineitem","Startup Cost": 0.43,"Total Cost": 4.63,"Plan Rows": 6,"Plan Width": 4,"Actual Startup Time": 0.009,"Actual Total Time": 0.009,"Actual Rows": 1,"Actual Loops": 55462,"Index Cond": "(l_orderkey = orders.o_orderkey)","Rows Removed by Index Recheck": 0,"Filter": "(l_commitdate < l_receiptdate)","Rows Removed by Filter": 1,"Workers": []}]}]}]}]}]},"Planning Time": 4.085,"Triggers": [],"Execution Time": 227.544}]
[{"Plan": {"Node Type": "Aggregate","Strategy": "Sorted","Partial Mode": "Finalize","Parallel Aware": false,"Async Capable": false,"Startup Cost": 51912.42,"Total Cost": 51947.28,"Plan Rows": 5,"Plan Width": 24,"Actual Startup Time": 209.106,"Actual Total Time": 232.724,"Actual Rows": 5,"Actual Loops": 1,"Group Key": ["orders.o_orderpriority"],"Plans": [{"Node Type": "Gather Merge","Parent Relationship": "Outer","Parallel Aware": false,"Async Capable": false,"Startup Cost": 51912.42,"Total Cost": 51947.15,"Plan Rows": 15,"Plan Width": 24,"Actual Startup Time": 208.787,"Actual Total Time": 232.700,"Actual Rows": 20,"Actual Loops": 1,"Workers Planned": 3,"Workers Launched": 3,"Plans": [{"Node Type": "Aggregate","Strategy": "Sorted","Partial Mode": "Partial","Parent Relationship": "Outer","Parallel Aware": false,"Async Capable": false,"Startup Cost": 50912.38,"Total Cost": 50945.35,"Plan Rows": 5,"Plan Width": 24,"Actual Startup Time": 198.950,"Actual Total Time": 200.277,"Actual Rows": 5,"Actual Loops": 4,"Group Key": ["orders.o_orderpriority"],"Workers": [],"Plans": [{"Node Type": "Sort","Parent Relationship": "Outer","Parallel Aware": false,"Async Capable": false,"Startup Cost": 50912.38,"Total Cost": 50923.35,"Plan Rows": 4390,"Plan Width": 16,"Actual Startup Time": 198.592,"Actual Total Time": 199.146,"Actual Rows": 13050,"Actual Loops": 4,"Sort Key": ["orders.o_orderpriority"],"Sort Method": "quicksort","Sort Space Used": 1053,"Sort Space Type": "Memory","Workers": [{"Worker Number": 0,"Sort Method": "quicksort","Sort Space Used": 1117,"Sort Space Type": "Memory"},{"Worker Number": 1,"Sort Method": "quicksort","Sort Space Used": 1102,"Sort Space Type": "Memory"},{"Worker Number": 2,"Sort Method": "quicksort","Sort Space Used": 1121,"Sort Space Type": "Memory"}],"Plans": [{"Node Type": "Nested Loop","Parent Relationship": "Outer","Parallel Aware": false,"Async Capable": false,"Join Type": "Semi","Startup Cost": 792.13,"Total Cost": 50646.78,"Plan Rows": 4390,"Plan Width": 16,"Actual Startup Time": 5.115,"Actual Total Time": 192.167,"Actual Rows": 13050,"Actual Loops": 4,"Inner Unique": false,"Workers": [],"Plans": [{"Node Type": "Bitmap Heap Scan","Parent Relationship": "Outer","Parallel Aware": true,"Async Capable": false,"Relation Name": "orders","Alias": "orders","Startup Cost": 791.70,"Total Cost": 27163.94,"Plan Rows": 18482,"Plan Width": 20,"Actual Startup Time": 4.954,"Actual Total Time": 57.279,"Actual Rows": 14234,"Actual Loops": 4,"Recheck Cond": "((o_orderdate >= '1993-03-01'::date) AND (o_orderdate < '1993-06-01 00:00:00'::timestamp without time zone))","Rows Removed by Index Recheck": 0,"Exact Heap Blocks": 5494,"Lossy Heap Blocks": 0,"Workers": [],"Plans": [{"Node Type": "Bitmap Index Scan","Parent Relationship": "Outer","Parallel Aware": false,"Async Capable": false,"Index Name": "idx_orders_orderdate","Startup Cost": 0.00,"Total Cost": 777.38,"Plan Rows": 57295,"Plan Width": 0,"Actual Startup Time": 8.540,"Actual Total Time": 8.541,"Actual Rows": 56934,"Actual Loops": 1,"Index Cond": "((o_orderdate >= '1993-03-01'::date) AND (o_orderdate < '1993-06-01 00:00:00'::timestamp without time zone))","Workers": []}]},{"Node Type": "Index Scan","Parent Relationship": "Inner","Parallel Aware": false,"Async Capable": false,"Scan Direction": "Forward","Index Name": "idx_lineitem_orderkey","Relation Name": "lineitem","Alias": "lineitem","Startup Cost": 0.43,"Total Cost": 4.62,"Plan Rows": 6,"Plan Width": 4,"Actual Startup Time": 0.009,"Actual Total Time": 0.009,"Actual Rows": 1,"Actual Loops": 56934,"Index Cond": "(l_orderkey = orders.o_orderkey)","Rows Removed by Index Recheck": 0,"Filter": "(l_commitdate < l_receiptdate)","Rows Removed by Filter": 1,"Workers": []}]}]}]}]}]},"Planning Time": 5.801,"Triggers": [],"Execution Time": 233.171}]
[{"Plan": {"Node Type": "Aggregate","Strategy": "Sorted","Partial Mode": "Finalize","Parallel Aware": false,"Async Capable": false,"Startup Cost": 51461.99,"Total Cost": 51496.11,"Plan Rows": 5,"Plan Width": 24,"Actual Startup Time": 212.454,"Actual Total Time": 236.291,"Actual Rows": 5,"Actual Loops": 1,"Group Key": ["orders.o_orderpriority"],"Plans": [{"Node Type": "Gather Merge","Parent Relationship": "Outer","Parallel Aware": false,"Async Capable": false,"Startup Cost": 51461.99,"Total Cost": 51495.99,"Plan Rows": 15,"Plan Width": 24,"Actual Startup Time": 212.065,"Actual Total Time": 236.271,"Actual Rows": 20,"Actual Loops": 1,"Workers Planned": 3,"Workers Launched": 3,"Plans": [{"Node Type": "Aggregate","Strategy": "Sorted","Partial Mode": "Partial","Parent Relationship": "Outer","Parallel Aware": false,"Async Capable": false,"Startup Cost": 50461.95,"Total Cost": 50494.18,"Plan Rows": 5,"Plan Width": 24,"Actual Startup Time": 202.874,"Actual Total Time": 204.138,"Actual Rows": 5,"Actual Loops": 4,"Group Key": ["orders.o_orderpriority"],"Workers": [],"Plans": [{"Node Type": "Sort","Parent Relationship": "Outer","Parallel Aware": false,"Async Capable": false,"Startup Cost": 50461.95,"Total Cost": 50472.68,"Plan Rows": 4291,"Plan Width": 16,"Actual Startup Time": 202.525,"Actual Total Time": 203.066,"Actual Rows": 13122,"Actual Loops": 4,"Sort Key": ["orders.o_orderpriority"],"Sort Method": "quicksort","Sort Space Used": 1103,"Sort Space Type": "Memory","Workers": [{"Worker Number": 0,"Sort Method": "quicksort","Sort Space Used": 1114,"Sort Space Type": "Memory"},{"Worker Number": 1,"Sort Method": "quicksort","Sort Space Used": 1111,"Sort Space Type": "Memory"},{"Worker Number": 2,"Sort Method": "quicksort","Sort Space Used": 1081,"Sort Space Type": "Memory"}],"Plans": [{"Node Type": "Nested Loop","Parent Relationship": "Outer","Parallel Aware": false,"Async Capable": false,"Join Type": "Semi","Startup Cost": 774.93,"Total Cost": 50203.05,"Plan Rows": 4291,"Plan Width": 16,"Actual Startup Time": 5.310,"Actual Total Time": 196.109,"Actual Rows": 13122,"Actual Loops": 4,"Inner Unique": false,"Workers": [],"Plans": [{"Node Type": "Bitmap Heap Scan","Parent Relationship": "Outer","Parallel Aware": true,"Async Capable": false,"Relation Name": "orders","Alias": "orders","Startup Cost": 774.50,"Total Cost": 27140.50,"Plan Rows": 18067,"Plan Width": 20,"Actual Startup Time": 5.148,"Actual Total Time": 58.382,"Actual Rows": 14320,"Actual Loops": 4,"Recheck Cond": "((o_orderdate >= '1993-06-01'::date) AND (o_orderdate < '1993-09-01 00:00:00'::timestamp without time zone))","Rows Removed by Index Recheck": 0,"Exact Heap Blocks": 5885,"Lossy Heap Blocks": 0,"Workers": [],"Plans": [{"Node Type": "Bitmap Index Scan","Parent Relationship": "Outer","Parallel Aware": false,"Async Capable": false,"Index Name": "idx_orders_orderdate","Startup Cost": 0.00,"Total Cost": 760.50,"Plan Rows": 56007,"Plan Width": 0,"Actual Startup Time": 8.978,"Actual Total Time": 8.982,"Actual Rows": 57280,"Actual Loops": 1,"Index Cond": "((o_orderdate >= '1993-06-01'::date) AND (o_orderdate < '1993-09-01 00:00:00'::timestamp without time zone))","Workers": []}]},{"Node Type": "Index Scan","Parent Relationship": "Inner","Parallel Aware": false,"Async Capable": false,"Scan Direction": "Forward","Index Name": "idx_lineitem_orderkey","Relation Name": "lineitem","Alias": "lineitem","Startup Cost": 0.43,"Total Cost": 4.65,"Plan Rows": 6,"Plan Width": 4,"Actual Startup Time": 0.009,"Actual Total Time": 0.009,"Actual Rows": 1,"Actual Loops": 57280,"Index Cond": "(l_orderkey = orders.o_orderkey)","Rows Removed by Index Recheck": 0,"Filter": "(l_commitdate < l_receiptdate)","Rows Removed by Filter": 1,"Workers": []}]}]}]}]}]},"Planning Time": 4.339,"Triggers": [],"Execution Time": 236.742}]
[{"Plan": {"Node Type": "Aggregate","Strategy": "Sorted","Partial Mode": "Finalize","Parallel Aware": false,"Async Capable": false,"Startup Cost": 52021.13,"Total Cost": 52056.16,"Plan Rows": 5,"Plan Width": 24,"Actual Startup Time": 203.693,"Actual Total Time": 227.755,"Actual Rows": 5,"Actual Loops": 1,"Group Key": ["orders.o_orderpriority"],"Plans": [{"Node Type": "Gather Merge","Parent Relationship": "Outer","Parallel Aware": false,"Async Capable": false,"Startup Cost": 52021.13,"Total Cost": 52056.04,"Plan Rows": 15,"Plan Width": 24,"Actual Startup Time": 203.285,"Actual Total Time": 227.721,"Actual Rows": 20,"Actual Loops": 1,"Workers Planned": 3,"Workers Launched": 3,"Plans": [{"Node Type": "Aggregate","Strategy": "Sorted","Partial Mode": "Partial","Parent Relationship": "Outer","Parallel Aware": false,"Async Capable": false,"Startup Cost": 51021.09,"Total Cost": 51054.24,"Plan Rows": 5,"Plan Width": 24,"Actual Startup Time": 195.016,"Actual Total Time": 196.267,"Actual Rows": 5,"Actual Loops": 4,"Group Key": ["orders.o_orderpriority"],"Workers": [],"Plans": [{"Node Type": "Sort","Parent Relationship": "Outer","Parallel Aware": false,"Async Capable": false,"Startup Cost": 51021.09,"Total Cost": 51032.12,"Plan Rows": 4413,"Plan Width": 16,"Actual Startup Time": 194.670,"Actual Total Time": 195.213,"Actual Rows": 12850,"Actual Loops": 4,"Sort Key": ["orders.o_orderpriority"],"Sort Method": "quicksort","Sort Space Used": 1082,"Sort Space Type": "Memory","Workers": [{"Worker Number": 0,"Sort Method": "quicksort","Sort Space Used": 1095,"Sort Space Type": "Memory"},{"Worker Number": 1,"Sort Method": "quicksort","Sort Space Used": 1073,"Sort Space Type": "Memory"},{"Worker Number": 2,"Sort Method": "quicksort","Sort Space Used": 1099,"Sort Space Type": "Memory"}],"Plans": [{"Node Type": "Nested Loop","Parent Relationship": "Outer","Parallel Aware": false,"Async Capable": false,"Join Type": "Semi","Startup Cost": 799.26,"Total Cost": 50753.94,"Plan Rows": 4413,"Plan Width": 16,"Actual Startup Time": 4.875,"Actual Total Time": 188.562,"Actual Rows": 12850,"Actual Loops": 4,"Inner Unique": false,"Workers": [],"Plans": [{"Node Type": "Bitmap Heap Scan","Parent Relationship": "Outer","Parallel Aware": true,"Async Capable": false,"Relation Name": "orders","Alias": "orders","Startup Cost": 798.83,"Total Cost": 27172.54,"Plan Rows": 18580,"Plan Width": 20,"Actual Startup Time": 4.743,"Actual Total Time": 55.256,"Actual Rows": 13993,"Actual Loops": 4,"Recheck Cond": "((o_orderdate >= '1993-12-01'::date) AND (o_orderdate < '1994-03-01 00:00:00'::timestamp without time zone))","Rows Removed by Index Recheck": 0,"Exact Heap Blocks": 5712,"Lossy Heap Blocks": 0,"Workers": [],"Plans": [{"Node Type": "Bitmap Index Scan","Parent Relationship": "Outer","Parallel Aware": false,"Async Capable": false,"Index Name": "idx_orders_orderdate","Startup Cost": 0.00,"Total Cost": 784.43,"Plan Rows": 57600,"Plan Width": 0,"Actual Startup Time": 7.826,"Actual Total Time": 7.827,"Actual Rows": 55973,"Actual Loops": 1,"Index Cond": "((o_orderdate >= '1993-12-01'::date) AND (o_orderdate < '1994-03-01 00:00:00'::timestamp without time zone))","Workers": []}]},{"Node Type": "Index Scan","Parent Relationship": "Inner","Parallel Aware": false,"Async Capable": false,"Scan Direction": "Forward","Index Name": "idx_lineitem_orderkey","Relation Name": "lineitem","Alias": "lineitem","Startup Cost": 0.43,"Total Cost": 4.62,"Plan Rows": 6,"Plan Width": 4,"Actual Startup Time": 0.009,"Actual Total Time": 0.009,"Actual Rows": 1,"Actual Loops": 55973,"Index Cond": "(l_orderkey = orders.o_orderkey)","Rows Removed by Index Recheck": 0,"Filter": "(l_commitdate < l_receiptdate)","Rows Removed by Filter": 1,"Workers": []}]}]}]}]}]},"Planning Time": 4.325,"Triggers": [],"Execution Time": 228.374}]
[{"Plan": {"Node Type": "Aggregate","Strategy": "Sorted","Partial Mode": "Finalize","Parallel Aware": false,"Async Capable": false,"Startup Cost": 52392.16,"Total Cost": 52427.81,"Plan Rows": 5,"Plan Width": 24,"Actual Startup Time": 211.248,"Actual Total Time": 234.990,"Actual Rows": 5,"Actual Loops": 1,"Group Key": ["orders.o_orderpriority"],"Plans": [{"Node Type": "Gather Merge","Parent Relationship": "Outer","Parallel Aware": false,"Async Capable": false,"Startup Cost": 52392.16,"Total Cost": 52427.69,"Plan Rows": 15,"Plan Width": 24,"Actual Startup Time": 210.814,"Actual Total Time": 234.963,"Actual Rows": 20,"Actual Loops": 1,"Workers Planned": 3,"Workers Launched": 3,"Plans": [{"Node Type": "Aggregate","Strategy": "Sorted","Partial Mode": "Partial","Parent Relationship": "Outer","Parallel Aware": false,"Async Capable": false,"Startup Cost": 51392.12,"Total Cost": 51425.88,"Plan Rows": 5,"Plan Width": 24,"Actual Startup Time": 201.683,"Actual Total Time": 202.935,"Actual Rows": 5,"Actual Loops": 4,"Group Key": ["orders.o_orderpriority"],"Workers": [],"Plans": [{"Node Type": "Sort","Parent Relationship": "Outer","Parallel Aware": false,"Async Capable": false,"Startup Cost": 51392.12,"Total Cost": 51403.36,"Plan Rows": 4495,"Plan Width": 16,"Actual Startup Time": 201.346,"Actual Total Time": 201.859,"Actual Rows": 13076,"Actual Loops": 4,"Sort Key": ["orders.o_orderpriority"],"Sort Method": "quicksort","Sort Space Used": 1088,"Sort Space Type": "Memory","Workers": [{"Worker Number": 0,"Sort Method": "quicksort","Sort Space Used": 1117,"Sort Space Type": "Memory"},{"Worker Number": 1,"Sort Method": "quicksort","Sort Space Used": 1079,"Sort Space Type": "Memory"},{"Worker Number": 2,"Sort Method": "quicksort","Sort Space Used": 1114,"Sort Space Type": "Memory"}],"Plans": [{"Node Type": "Nested Loop","Parent Relationship": "Outer","Parallel Aware": false,"Async Capable": false,"Join Type": "Semi","Startup Cost": 810.26,"Total Cost": 51119.41,"Plan Rows": 4495,"Plan Width": 16,"Actual Startup Time": 5.099,"Actual Total Time": 195.041,"Actual Rows": 13076,"Actual Loops": 4,"Inner Unique": false,"Workers": [],"Plans": [{"Node Type": "Bitmap Heap Scan","Parent Relationship": "Outer","Parallel Aware": true,"Async Capable": false,"Relation Name": "orders","Alias": "orders","Startup Cost": 809.83,"Total Cost": 27188.73,"Plan Rows": 18927,"Plan Width": 20,"Actual Startup Time": 4.954,"Actual Total Time": 57.624,"Actual Rows": 14263,"Actual Loops": 4,"Recheck Cond": "((o_orderdate >= '1995-11-01'::date) AND (o_orderdate < '1996-02-01 00:00:00'::timestamp without time zone))","Rows Removed by Index Recheck": 0,"Exact Heap Blocks": 5693,"Lossy Heap Blocks": 0,"Workers": [],"Plans": [{"Node Type": "Bitmap Index Scan","Parent Relationship": "Outer","Parallel Aware": false,"Async Capable": false,"Index Name": "idx_orders_orderdate","Startup Cost": 0.00,"Total Cost": 795.16,"Plan Rows": 58673,"Plan Width": 0,"Actual Startup Time": 8.818,"Actual Total Time": 8.820,"Actual Rows": 57052,"Actual Loops": 1,"Index Cond": "((o_orderdate >= '1995-11-01'::date) AND (o_orderdate < '1996-02-01 00:00:00'::timestamp without time zone))","Workers": []}]},{"Node Type": "Index Scan","Parent Relationship": "Inner","Parallel Aware": false,"Async Capable": false,"Scan Direction": "Forward","Index Name": "idx_lineitem_orderkey","Relation Name": "lineitem","Alias": "lineitem","Startup Cost": 0.43,"Total Cost": 4.59,"Plan Rows": 6,"Plan Width": 4,"Actual Startup Time": 0.009,"Actual Total Time": 0.009,"Actual Rows": 1,"Actual Loops": 57052,"Index Cond": "(l_orderkey = orders.o_orderkey)","Rows Removed by Index Recheck": 0,"Filter": "(l_commitdate < l_receiptdate)","Rows Removed by Filter": 1,"Workers": []}]}]}]}]}]},"Planning Time": 5.327,"Triggers": [],"Execution Time": 235.461}]
[{"Plan": {"Node Type": "Aggregate","Strategy": "Sorted","Partial Mode": "Finalize","Parallel Aware": false,"Async Capable": false,"Startup Cost": 50907.22,"Total Cost": 50940.43,"Plan Rows": 5,"Plan Width": 24,"Actual Startup Time": 204.875,"Actual Total Time": 229.245,"Actual Rows": 5,"Actual Loops": 1,"Group Key": ["orders.o_orderpriority"],"Plans": [{"Node Type": "Gather Merge","Parent Relationship": "Outer","Parallel Aware": false,"Async Capable": false,"Startup Cost": 50907.22,"Total Cost": 50940.30,"Plan Rows": 15,"Plan Width": 24,"Actual Startup Time": 204.487,"Actual Total Time": 229.210,"Actual Rows": 20,"Actual Loops": 1,"Workers Planned": 3,"Workers Launched": 3,"Plans": [{"Node Type": "Aggregate","Strategy": "Sorted","Partial Mode": "Partial","Parent Relationship": "Outer","Parallel Aware": false,"Async Capable": false,"Startup Cost": 49907.18,"Total Cost": 49938.50,"Plan Rows": 5,"Plan Width": 24,"Actual Startup Time": 195.859,"Actual Total Time": 197.107,"Actual Rows": 5,"Actual Loops": 4,"Group Key": ["orders.o_orderpriority"],"Workers": [],"Plans": [{"Node Type": "Sort","Parent Relationship": "Outer","Parallel Aware": false,"Async Capable": false,"Startup Cost": 49907.18,"Total Cost": 49917.60,"Plan Rows": 4170,"Plan Width": 16,"Actual Startup Time": 195.538,"Actual Total Time": 196.036,"Actual Rows": 13129,"Actual Loops": 4,"Sort Key": ["orders.o_orderpriority"],"Sort Method": "quicksort","Sort Space Used": 1092,"Sort Space Type": "Memory","Workers": [{"Worker Number": 0,"Sort Method": "quicksort","Sort Space Used": 1119,"Sort Space Type": "Memory"},{"Worker Number": 1,"Sort Method": "quicksort","Sort Space Used": 1082,"Sort Space Type": "Memory"},{"Worker Number": 2,"Sort Method": "quicksort","Sort Space Used": 1116,"Sort Space Type": "Memory"}],"Plans": [{"Node Type": "Nested Loop","Parent Relationship": "Outer","Parallel Aware": false,"Async Capable": false,"Join Type": "Semi","Startup Cost": 754.75,"Total Cost": 49656.44,"Plan Rows": 4170,"Plan Width": 16,"Actual Startup Time": 4.769,"Actual Total Time": 189.357,"Actual Rows": 13129,"Actual Loops": 4,"Inner Unique": false,"Workers": [],"Plans": [{"Node Type": "Bitmap Heap Scan","Parent Relationship": "Outer","Parallel Aware": true,"Async Capable": false,"Relation Name": "orders","Alias": "orders","Startup Cost": 754.31,"Total Cost": 27112.68,"Plan Rows": 17557,"Plan Width": 20,"Actual Startup Time": 4.640,"Actual Total Time": 54.547,"Actual Rows": 14334,"Actual Loops": 4,"Recheck Cond": "((o_orderdate >= '1995-10-01'::date) AND (o_orderdate < '1996-01-01 00:00:00'::timestamp without time zone))","Rows Removed by Index Recheck": 0,"Exact Heap Blocks": 5726,"Lossy Heap Blocks": 0,"Workers": [],"Plans": [{"Node Type": "Bitmap Index Scan","Parent Relationship": "Outer","Parallel Aware": false,"Async Capable": false,"Index Name": "idx_orders_orderdate","Startup Cost": 0.00,"Total Cost": 740.71,"Plan Rows": 54428,"Plan Width": 0,"Actual Startup Time": 8.057,"Actual Total Time": 8.058,"Actual Rows": 57337,"Actual Loops": 1,"Index Cond": "((o_orderdate >= '1995-10-01'::date) AND (o_orderdate < '1996-01-01 00:00:00'::timestamp without time zone))","Workers": []}]},{"Node Type": "Index Scan","Parent Relationship": "Inner","Parallel Aware": false,"Async Capable": false,"Scan Direction": "Forward","Index Name": "idx_lineitem_orderkey","Relation Name": "lineitem","Alias": "lineitem","Startup Cost": 0.43,"Total Cost": 4.69,"Plan Rows": 6,"Plan Width": 4,"Actual Startup Time": 0.009,"Actual Total Time": 0.009,"Actual Rows": 1,"Actual Loops": 57337,"Index Cond": "(l_orderkey = orders.o_orderkey)","Rows Removed by Index Recheck": 0,"Filter": "(l_commitdate < l_receiptdate)","Rows Removed by Filter": 1,"Workers": []}]}]}]}]}]},"Planning Time": 4.806,"Triggers": [],"Execution Time": 229.951}]
[{"Plan": {"Node Type": "Aggregate","Strategy": "Sorted","Partial Mode": "Finalize","Parallel Aware": false,"Async Capable": false,"Startup Cost": 53066.80,"Total Cost": 53103.57,"Plan Rows": 5,"Plan Width": 24,"Actual Startup Time": 212.244,"Actual Total Time": 236.326,"Actual Rows": 5,"Actual Loops": 1,"Group Key": ["orders.o_orderpriority"],"Plans": [{"Node Type": "Gather Merge","Parent Relationship": "Outer","Parallel Aware": false,"Async Capable": false,"Startup Cost": 53066.80,"Total Cost": 53103.44,"Plan Rows": 15,"Plan Width": 24,"Actual Startup Time": 211.829,"Actual Total Time": 236.295,"Actual Rows": 20,"Actual Loops": 1,"Workers Planned": 3,"Workers Launched": 3,"Plans": [{"Node Type": "Aggregate","Strategy": "Sorted","Partial Mode": "Partial","Parent Relationship": "Outer","Parallel Aware": false,"Async Capable": false,"Startup Cost": 52066.76,"Total Cost": 52101.64,"Plan Rows": 5,"Plan Width": 24,"Actual Startup Time": 202.767,"Actual Total Time": 204.001,"Actual Rows": 5,"Actual Loops": 4,"Group Key": ["orders.o_orderpriority"],"Workers": [],"Plans": [{"Node Type": "Sort","Parent Relationship": "Outer","Parallel Aware": false,"Async Capable": false,"Startup Cost": 52066.76,"Total Cost": 52078.37,"Plan Rows": 4644,"Plan Width": 16,"Actual Startup Time": 202.424,"Actual Total Time": 202.931,"Actual Rows": 12960,"Actual Loops": 4,"Sort Key": ["orders.o_orderpriority"],"Sort Method": "quicksort","Sort Space Used": 1093,"Sort Space Type": "Memory","Workers": [{"Worker Number": 0,"Sort Method": "quicksort","Sort Space Used": 1075,"Sort Space Type": "Memory"},{"Worker Number": 1,"Sort Method": "quicksort","Sort Space Used": 1099,"Sort Space Type": "Memory"},{"Worker Number": 2,"Sort Method": "quicksort","Sort Space Used": 1106,"Sort Space Type": "Memory"}],"Plans": [{"Node Type": "Nested Loop","Parent Relationship": "Outer","Parallel Aware": false,"Async Capable": false,"Join Type": "Semi","Startup Cost": 838.15,"Total Cost": 51783.92,"Plan Rows": 4644,"Plan Width": 16,"Actual Startup Time": 4.866,"Actual Total Time": 196.038,"Actual Rows": 12960,"Actual Loops": 4,"Inner Unique": false,"Workers": [],"Plans": [{"Node Type": "Bitmap Heap Scan","Parent Relationship": "Outer","Parallel Aware": true,"Async Capable": false,"Relation Name": "orders","Alias": "orders","Startup Cost": 837.72,"Total Cost": 27226.01,"Plan Rows": 19553,"Plan Width": 20,"Actual Startup Time": 4.730,"Actual Total Time": 58.287,"Actual Rows": 14126,"Actual Loops": 4,"Recheck Cond": "((o_orderdate >= '1995-01-01'::date) AND (o_orderdate < '1995-04-01 00:00:00'::timestamp without time zone))","Rows Removed by Index Recheck": 0,"Exact Heap Blocks": 5851,"Lossy Heap Blocks": 0,"Workers": [],"Plans": [{"Node Type": "Bitmap Index Scan","Parent Relationship": "Outer","Parallel Aware": false,"Async Capable": false,"Index Name": "idx_orders_orderdate","Startup Cost": 0.00,"Total Cost": 822.57,"Plan Rows": 60614,"Plan Width": 0,"Actual Startup Time": 8.580,"Actual Total Time": 8.580,"Actual Rows": 56506,"Actual Loops": 1,"Index Cond": "((o_orderdate >= '1995-01-01'::date) AND (o_orderdate < '1995-04-01 00:00:00'::timestamp without time zone))","Workers": []}]},{"Node Type": "Index Scan","Parent Relationship": "Inner","Parallel Aware": false,"Async Capable": false,"Scan Direction": "Forward","Index Name": "idx_lineitem_orderkey","Relation Name": "lineitem","Alias": "lineitem","Startup Cost": 0.43,"Total Cost": 4.55,"Plan Rows": 6,"Plan Width": 4,"Actual Startup Time": 0.009,"Actual Total Time": 0.009,"Actual Rows": 1,"Actual Loops": 56506,"Index Cond": "(l_orderkey = orders.o_orderkey)","Rows Removed by Index Recheck": 0,"Filter": "(l_commitdate < l_receiptdate)","Rows Removed by Filter": 1,"Workers": []}]}]}]}]}]},"Planning Time": 5.921,"Triggers": [],"Execution Time": 236.742}]
[{"Plan": {"Node Type": "Aggregate","Strategy": "Sorted","Partial Mode": "Finalize","Parallel Aware": false,"Async Capable": false,"Startup Cost": 51603.08,"Total Cost": 51637.43,"Plan Rows": 5,"Plan Width": 24,"Actual Startup Time": 206.486,"Actual Total Time": 231.871,"Actual Rows": 5,"Actual Loops": 1,"Group Key": ["orders.o_orderpriority"],"Plans": [{"Node Type": "Gather Merge","Parent Relationship": "Outer","Parallel Aware": false,"Async Capable": false,"Startup Cost": 51603.08,"Total Cost": 51637.31,"Plan Rows": 15,"Plan Width": 24,"Actual Startup Time": 206.081,"Actual Total Time": 231.843,"Actual Rows": 20,"Actual Loops": 1,"Workers Planned": 3,"Workers Launched": 3,"Plans": [{"Node Type": "Aggregate","Strategy": "Sorted","Partial Mode": "Partial","Parent Relationship": "Outer","Parallel Aware": false,"Async Capable": false,"Startup Cost": 50603.04,"Total Cost": 50635.51,"Plan Rows": 5,"Plan Width": 24,"Actual Startup Time": 197.360,"Actual Total Time": 198.642,"Actual Rows": 5,"Actual Loops": 4,"Group Key": ["orders.o_orderpriority"],"Workers": [],"Plans": [{"Node Type": "Sort","Parent Relationship": "Outer","Parallel Aware": false,"Async Capable": false,"Startup Cost": 50603.04,"Total Cost": 50613.85,"Plan Rows": 4322,"Plan Width": 16,"Actual Startup Time": 197.017,"Actual Total Time": 197.567,"Actual Rows": 13131,"Actual Loops": 4,"Sort Key": ["orders.o_orderpriority"],"Sort Method": "quicksort","Sort Space Used": 1089,"Sort Space Type": "Memory","Workers": [{"Worker Number": 0,"Sort Method": "quicksort","Sort Space Used": 1120,"Sort Space Type": "Memory"},{"Worker Number": 1,"Sort Method": "quicksort","Sort Space Used": 1083,"Sort Space Type": "Memory"},{"Worker Number": 2,"Sort Method": "quicksort","Sort Space Used": 1118,"Sort Space Type": "Memory"}],"Plans": [{"Node Type": "Nested Loop","Parent Relationship": "Outer","Parallel Aware": false,"Async Capable": false,"Join Type": "Semi","Startup Cost": 779.09,"Total Cost": 50342.05,"Plan Rows": 4322,"Plan Width": 16,"Actual Startup Time": 4.937,"Actual Total Time": 190.619,"Actual Rows": 13131,"Actual Loops": 4,"Inner Unique": false,"Workers": [],"Plans": [{"Node Type": "Bitmap Heap Scan","Parent Relationship": "Outer","Parallel Aware": true,"Async Capable": false,"Relation Name": "orders","Alias": "orders","Startup Cost": 778.66,"Total Cost": 27146.63,"Plan Rows": 18198,"Plan Width": 20,"Actual Startup Time": 4.811,"Actual Total Time": 55.616,"Actual Rows": 14304,"Actual Loops": 4,"Recheck Cond": "((o_orderdate >= '1993-07-01'::date) AND (o_orderdate < '1993-10-01 00:00:00'::timestamp without time zone))","Rows Removed by Index Recheck": 0,"Exact Heap Blocks": 5709,"Lossy Heap Blocks": 0,"Workers": [],"Plans": [{"Node Type": "Bitmap Index Scan","Parent Relationship": "Outer","Parallel Aware": false,"Async Capable": false,"Index Name": "idx_orders_orderdate","Startup Cost": 0.00,"Total Cost": 764.56,"Plan Rows": 56413,"Plan Width": 0,"Actual Startup Time": 8.166,"Actual Total Time": 8.170,"Actual Rows": 57218,"Actual Loops": 1,"Index Cond": "((o_orderdate >= '1993-07-01'::date) AND (o_orderdate < '1993-10-01 00:00:00'::timestamp without time zone))","Workers": []}]},{"Node Type": "Index Scan","Parent Relationship": "Inner","Parallel Aware": false,"Async Capable": false,"Scan Direction": "Forward","Index Name": "idx_lineitem_orderkey","Relation Name": "lineitem","Alias": "lineitem","Startup Cost": 0.43,"Total Cost": 4.64,"Plan Rows": 6,"Plan Width": 4,"Actual Startup Time": 0.009,"Actual Total Time": 0.009,"Actual Rows": 1,"Actual Loops": 57218,"Index Cond": "(l_orderkey = orders.o_orderkey)","Rows Removed by Index Recheck": 0,"Filter": "(l_commitdate < l_receiptdate)","Rows Removed by Filter": 1,"Workers": []}]}]}]}]}]},"Planning Time": 4.369,"Triggers": [],"Execution Time": 232.584}]
[{"Plan": {"Node Type": "Aggregate","Strategy": "Sorted","Partial Mode": "Finalize","Parallel Aware": false,"Async Capable": false,"Startup Cost": 51029.71,"Total Cost": 51063.13,"Plan Rows": 5,"Plan Width": 24,"Actual Startup Time": 219.978,"Actual Total Time": 243.153,"Actual Rows": 5,"Actual Loops": 1,"Group Key": ["orders.o_orderpriority"],"Plans": [{"Node Type": "Gather Merge","Parent Relationship": "Outer","Parallel Aware": false,"Async Capable": false,"Startup Cost": 51029.71,"Total Cost": 51063.00,"Plan Rows": 15,"Plan Width": 24,"Actual Startup Time": 219.617,"Actual Total Time": 243.118,"Actual Rows": 20,"Actual Loops": 1,"Workers Planned": 3,"Workers Launched": 3,"Plans": [{"Node Type": "Aggregate","Strategy": "Sorted","Partial Mode": "Partial","Parent Relationship": "Outer","Parallel Aware": false,"Async Capable": false,"Startup Cost": 50029.67,"Total Cost": 50061.20,"Plan Rows": 5,"Plan Width": 24,"Actual Startup Time": 210.426,"Actual Total Time": 211.687,"Actual Rows": 5,"Actual Loops": 4,"Group Key": ["orders.o_orderpriority"],"Workers": [],"Plans": [{"Node Type": "Sort","Parent Relationship": "Outer","Parallel Aware": false,"Async Capable": false,"Startup Cost": 50029.67,"Total Cost": 50040.17,"Plan Rows": 4197,"Plan Width": 16,"Actual Startup Time": 210.078,"Actual Total Time": 210.591,"Actual Rows": 13199,"Actual Loops": 4,"Sort Key": ["orders.o_orderpriority"],"Sort Method": "quicksort","Sort Space Used": 1082,"Sort Space Type": "Memory","Workers": [{"Worker Number": 0,"Sort Method": "quicksort","Sort Space Used": 1147,"Sort Space Type": "Memory"},{"Worker Number": 1,"Sort Method": "quicksort","Sort Space Used": 1061,"Sort Space Type": "Memory"},{"Worker Number": 2,"Sort Method": "quicksort","Sort Space Used": 1135,"Sort Space Type": "Memory"}],"Plans": [{"Node Type": "Nested Loop","Parent Relationship": "Outer","Parallel Aware": false,"Async Capable": false,"Join Type": "Semi","Startup Cost": 758.30,"Total Cost": 49777.12,"Plan Rows": 4197,"Plan Width": 16,"Actual Startup Time": 4.818,"Actual Total Time": 203.309,"Actual Rows": 13199,"Actual Loops": 4,"Inner Unique": false,"Workers": [],"Plans": [{"Node Type": "Bitmap Heap Scan","Parent Relationship": "Outer","Parallel Aware": true,"Async Capable": false,"Relation Name": "orders","Alias": "orders","Startup Cost": 757.87,"Total Cost": 27117.91,"Plan Rows": 17670,"Plan Width": 20,"Actual Startup Time": 4.687,"Actual Total Time": 60.377,"Actual Rows": 14427,"Actual Loops": 4,"Recheck Cond": "((o_orderdate >= '1995-08-01'::date) AND (o_orderdate < '1995-11-01 00:00:00'::timestamp without time zone))","Rows Removed by Index Recheck": 0,"Exact Heap Blocks": 5595,"Lossy Heap Blocks": 0,"Workers": [],"Plans": [{"Node Type": "Bitmap Index Scan","Parent Relationship": "Outer","Parallel Aware": false,"Async Capable": false,"Index Name": "idx_orders_orderdate","Startup Cost": 0.00,"Total Cost": 744.18,"Plan Rows": 54775,"Plan Width": 0,"Actual Startup Time": 8.832,"Actual Total Time": 8.833,"Actual Rows": 57708,"Actual Loops": 1,"Index Cond": "((o_orderdate >= '1995-08-01'::date) AND (o_orderdate < '1995-11-01 00:00:00'::timestamp without time zone))","Workers": []}]},{"Node Type": "Index Scan","Parent Relationship": "Inner","Parallel Aware": false,"Async Capable": false,"Scan Direction": "Forward","Index Name": "idx_lineitem_orderkey","Relation Name": "lineitem","Alias": "lineitem","Startup Cost": 0.43,"Total Cost": 4.68,"Plan Rows": 6,"Plan Width": 4,"Actual Startup Time": 0.010,"Actual Total Time": 0.010,"Actual Rows": 1,"Actual Loops": 57708,"Index Cond": "(l_orderkey = orders.o_orderkey)","Rows Removed by Index Recheck": 0,"Filter": "(l_commitdate < l_receiptdate)","Rows Removed by Filter": 1,"Workers": []}]}]}]}]}]},"Planning Time": 5.875,"Triggers": [],"Execution Time": 243.590}]
[{"Plan": {"Node Type": "Aggregate","Strategy": "Sorted","Partial Mode": "Finalize","Parallel Aware": false,"Async Capable": false,"Startup Cost": 51912.42,"Total Cost": 51947.28,"Plan Rows": 5,"Plan Width": 24,"Actual Startup Time": 209.106,"Actual Total Time": 232.724,"Actual Rows": 5,"Actual Loops": 1,"Group Key": ["orders.o_orderpriority"],"Plans": [{"Node Type": "Gather Merge","Parent Relationship": "Outer","Parallel Aware": false,"Async Capable": false,"Startup Cost": 51912.42,"Total Cost": 51947.15,"Plan Rows": 15,"Plan Width": 24,"Actual Startup Time": 208.787,"Actual Total Time": 232.700,"Actual Rows": 20,"Actual Loops": 1,"Workers Planned": 3,"Workers Launched": 3,"Plans": [{"Node Type": "Aggregate","Strategy": "Sorted","Partial Mode": "Partial","Parent Relationship": "Outer","Parallel Aware": false,"Async Capable": false,"Startup Cost": 50912.38,"Total Cost": 50945.35,"Plan Rows": 5,"Plan Width": 24,"Actual Startup Time": 198.950,"Actual Total Time": 200.277,"Actual Rows": 5,"Actual Loops": 4,"Group Key": ["orders.o_orderpriority"],"Workers": [],"Plans": [{"Node Type": "Sort","Parent Relationship": "Outer","Parallel Aware": false,"Async Capable": false,"Startup Cost": 50912.38,"Total Cost": 50923.35,"Plan Rows": 4390,"Plan Width": 16,"Actual Startup Time": 198.592,"Actual Total Time": 199.146,"Actual Rows": 13050,"Actual Loops": 4,"Sort Key": ["orders.o_orderpriority"],"Sort Method": "quicksort","Sort Space Used": 1053,"Sort Space Type": "Memory","Workers": [{"Worker Number": 0,"Sort Method": "quicksort","Sort Space Used": 1117,"Sort Space Type": "Memory"},{"Worker Number": 1,"Sort Method": "quicksort","Sort Space Used": 1102,"Sort Space Type": "Memory"},{"Worker Number": 2,"Sort Method": "quicksort","Sort Space Used": 1121,"Sort Space Type": "Memory"}],"Plans": [{"Node Type": "Nested Loop","Parent Relationship": "Outer","Parallel Aware": false,"Async Capable": false,"Join Type": "Semi","Startup Cost": 792.13,"Total Cost": 50646.78,"Plan Rows": 4390,"Plan Width": 16,"Actual Startup Time": 5.115,"Actual Total Time": 192.167,"Actual Rows": 13050,"Actual Loops": 4,"Inner Unique": false,"Workers": [],"Plans": [{"Node Type": "Bitmap Heap Scan","Parent Relationship": "Outer","Parallel Aware": true,"Async Capable": false,"Relation Name": "orders","Alias": "orders","Startup Cost": 791.70,"Total Cost": 27163.94,"Plan Rows": 18482,"Plan Width": 20,"Actual Startup Time": 4.954,"Actual Total Time": 57.279,"Actual Rows": 14234,"Actual Loops": 4,"Recheck Cond": "((o_orderdate >= '1993-03-01'::date) AND (o_orderdate < '1993-06-01 00:00:00'::timestamp without time zone))","Rows Removed by Index Recheck": 0,"Exact Heap Blocks": 5494,"Lossy Heap Blocks": 0,"Workers": [],"Plans": [{"Node Type": "Bitmap Index Scan","Parent Relationship": "Outer","Parallel Aware": false,"Async Capable": false,"Index Name": "idx_orders_orderdate","Startup Cost": 0.00,"Total Cost": 777.38,"Plan Rows": 57295,"Plan Width": 0,"Actual Startup Time": 8.540,"Actual Total Time": 8.541,"Actual Rows": 56934,"Actual Loops": 1,"Index Cond": "((o_orderdate >= '1993-03-01'::date) AND (o_orderdate < '1993-06-01 00:00:00'::timestamp without time zone))","Workers": []}]},{"Node Type": "Index Scan","Parent Relationship": "Inner","Parallel Aware": false,"Async Capable": false,"Scan Direction": "Forward","Index Name": "idx_lineitem_orderkey","Relation Name": "lineitem","Alias": "lineitem","Startup Cost": 0.43,"Total Cost": 4.62,"Plan Rows": 6,"Plan Width": 4,"Actual Startup Time": 0.009,"Actual Total Time": 0.009,"Actual Rows": 1,"Actual Loops": 56934,"Index Cond": "(l_orderkey = orders.o_orderkey)","Rows Removed by Index Recheck": 0,"Filter": "(l_commitdate < l_receiptdate)","Rows Removed by Filter": 1,"Workers": []}]}]}]}]}]},"Planning Time": 5.801,"Triggers": [],"Execution Time": 233.171}]
[{"Plan": {"Node Type": "Aggregate","Strategy": "Sorted","Partial Mode": "Finalize","Parallel Aware": false,"Async Capable": false,"Startup Cost": 51238.03,"Total Cost": 51271.79,"Plan Rows": 5,"Plan Width": 24,"Actual Startup Time": 206.342,"Actual Total Time": 229.906,"Actual Rows": 5,"Actual Loops": 1,"Group Key": ["orders.o_orderpriority"],"Plans": [{"Node Type": "Gather Merge","Parent Relationship": "Outer","Parallel Aware": false,"Async Capable": false,"Startup Cost": 51238.03,"Total Cost": 51271.66,"Plan Rows": 15,"Plan Width": 24,"Actual Startup Time": 205.980,"Actual Total Time": 229.872,"Actual Rows": 20,"Actual Loops": 1,"Workers Planned": 3,"Workers Launched": 3,"Plans": [{"Node Type": "Aggregate","Strategy": "Sorted","Partial Mode": "Partial","Parent Relationship": "Outer","Parallel Aware": false,"Async Capable": false,"Startup Cost": 50237.99,"Total Cost": 50269.86,"Plan Rows": 5,"Plan Width": 24,"Actual Startup Time": 197.337,"Actual Total Time": 198.545,"Actual Rows": 5,"Actual Loops": 4,"Group Key": ["orders.o_orderpriority"],"Workers": [],"Plans": [{"Node Type": "Sort","Parent Relationship": "Outer","Parallel Aware": false,"Async Capable": false,"Startup Cost": 50237.99,"Total Cost": 50248.60,"Plan Rows": 4242,"Plan Width": 16,"Actual Startup Time": 196.993,"Actual Total Time": 197.500,"Actual Rows": 12841,"Actual Loops": 4,"Sort Key": ["orders.o_orderpriority"],"Sort Method": "quicksort","Sort Space Used": 1096,"Sort Space Type": "Memory","Workers": [{"Worker Number": 0,"Sort Method": "quicksort","Sort Space Used": 1080,"Sort Space Type": "Memory"},{"Worker Number": 1,"Sort Method": "quicksort","Sort Space Used": 1090,"Sort Space Type": "Memory"},{"Worker Number": 2,"Sort Method": "quicksort","Sort Space Used": 1080,"Sort Space Type": "Memory"}],"Plans": [{"Node Type": "Nested Loop","Parent Relationship": "Outer","Parallel Aware": false,"Async Capable": false,"Join Type": "Semi","Startup Cost": 768.33,"Total Cost": 49982.40,"Plan Rows": 4242,"Plan Width": 16,"Actual Startup Time": 4.735,"Actual Total Time": 190.817,"Actual Rows": 12841,"Actual Loops": 4,"Inner Unique": false,"Workers": [],"Plans": [{"Node Type": "Bitmap Heap Scan","Parent Relationship": "Outer","Parallel Aware": true,"Async Capable": false,"Relation Name": "orders","Alias": "orders","Startup Cost": 767.90,"Total Cost": 27130.78,"Plan Rows": 17859,"Plan Width": 20,"Actual Startup Time": 4.625,"Actual Total Time": 56.703,"Actual Rows": 14004,"Actual Loops": 4,"Recheck Cond": "((o_orderdate >= '1996-12-01'::date) AND (o_orderdate < '1997-03-01 00:00:00'::timestamp without time zone))","Rows Removed by Index Recheck": 0,"Exact Heap Blocks": 5899,"Lossy Heap Blocks": 0,"Workers": [],"Plans": [{"Node Type": "Bitmap Index Scan","Parent Relationship": "Outer","Parallel Aware": false,"Async Capable": false,"Index Name": "idx_orders_orderdate","Startup Cost": 0.00,"Total Cost": 754.06,"Plan Rows": 55363,"Plan Width": 0,"Actual Startup Time": 8.139,"Actual Total Time": 8.140,"Actual Rows": 56016,"Actual Loops": 1,"Index Cond": "((o_orderdate >= '1996-12-01'::date) AND (o_orderdate < '1997-03-01 00:00:00'::timestamp without time zone))","Workers": []}]},{"Node Type": "Index Scan","Parent Relationship": "Inner","Parallel Aware": false,"Async Capable": false,"Scan Direction": "Forward","Index Name": "idx_lineitem_orderkey","Relation Name": "lineitem","Alias": "lineitem","Startup Cost": 0.43,"Total Cost": 4.67,"Plan Rows": 6,"Plan Width": 4,"Actual Startup Time": 0.009,"Actual Total Time": 0.009,"Actual Rows": 1,"Actual Loops": 56016,"Index Cond": "(l_orderkey = orders.o_orderkey)","Rows Removed by Index Recheck": 0,"Filter": "(l_commitdate < l_receiptdate)","Rows Removed by Filter": 1,"Workers": []}]}]}]}]}]},"Planning Time": 5.768,"Triggers": [],"Execution Time": 230.293}]
[{"Plan": {"Node Type": "Aggregate","Strategy": "Sorted","Partial Mode": "Finalize","Parallel Aware": false,"Async Capable": false,"Startup Cost": 50907.22,"Total Cost": 50940.43,"Plan Rows": 5,"Plan Width": 24,"Actual Startup Time": 204.875,"Actual Total Time": 229.245,"Actual Rows": 5,"Actual Loops": 1,"Group Key": ["orders.o_orderpriority"],"Plans": [{"Node Type": "Gather Merge","Parent Relationship": "Outer","Parallel Aware": false,"Async Capable": false,"Startup Cost": 50907.22,"Total Cost": 50940.30,"Plan Rows": 15,"Plan Width": 24,"Actual Startup Time": 204.487,"Actual Total Time": 229.210,"Actual Rows": 20,"Actual Loops": 1,"Workers Planned": 3,"Workers Launched": 3,"Plans": [{"Node Type": "Aggregate","Strategy": "Sorted","Partial Mode": "Partial","Parent Relationship": "Outer","Parallel Aware": false,"Async Capable": false,"Startup Cost": 49907.18,"Total Cost": 49938.50,"Plan Rows": 5,"Plan Width": 24,"Actual Startup Time": 195.859,"Actual Total Time": 197.107,"Actual Rows": 5,"Actual Loops": 4,"Group Key": ["orders.o_orderpriority"],"Workers": [],"Plans": [{"Node Type": "Sort","Parent Relationship": "Outer","Parallel Aware": false,"Async Capable": false,"Startup Cost": 49907.18,"Total Cost": 49917.60,"Plan Rows": 4170,"Plan Width": 16,"Actual Startup Time": 195.538,"Actual Total Time": 196.036,"Actual Rows": 13129,"Actual Loops": 4,"Sort Key": ["orders.o_orderpriority"],"Sort Method": "quicksort","Sort Space Used": 1092,"Sort Space Type": "Memory","Workers": [{"Worker Number": 0,"Sort Method": "quicksort","Sort Space Used": 1119,"Sort Space Type": "Memory"},{"Worker Number": 1,"Sort Method": "quicksort","Sort Space Used": 1082,"Sort Space Type": "Memory"},{"Worker Number": 2,"Sort Method": "quicksort","Sort Space Used": 1116,"Sort Space Type": "Memory"}],"Plans": [{"Node Type": "Nested Loop","Parent Relationship": "Outer","Parallel Aware": false,"Async Capable": false,"Join Type": "Semi","Startup Cost": 754.75,"Total Cost": 49656.44,"Plan Rows": 4170,"Plan Width": 16,"Actual Startup Time": 4.769,"Actual Total Time": 189.357,"Actual Rows": 13129,"Actual Loops": 4,"Inner Unique": false,"Workers": [],"Plans": [{"Node Type": "Bitmap Heap Scan","Parent Relationship": "Outer","Parallel Aware": true,"Async Capable": false,"Relation Name": "orders","Alias": "orders","Startup Cost": 754.31,"Total Cost": 27112.68,"Plan Rows": 17557,"Plan Width": 20,"Actual Startup Time": 4.640,"Actual Total Time": 54.547,"Actual Rows": 14334,"Actual Loops": 4,"Recheck Cond": "((o_orderdate >= '1995-10-01'::date) AND (o_orderdate < '1996-01-01 00:00:00'::timestamp without time zone))","Rows Removed by Index Recheck": 0,"Exact Heap Blocks": 5726,"Lossy Heap Blocks": 0,"Workers": [],"Plans": [{"Node Type": "Bitmap Index Scan","Parent Relationship": "Outer","Parallel Aware": false,"Async Capable": false,"Index Name": "idx_orders_orderdate","Startup Cost": 0.00,"Total Cost": 740.71,"Plan Rows": 54428,"Plan Width": 0,"Actual Startup Time": 8.057,"Actual Total Time": 8.058,"Actual Rows": 57337,"Actual Loops": 1,"Index Cond": "((o_orderdate >= '1995-10-01'::date) AND (o_orderdate < '1996-01-01 00:00:00'::timestamp without time zone))","Workers": []}]},{"Node Type": "Index Scan","Parent Relationship": "Inner","Parallel Aware": false,"Async Capable": false,"Scan Direction": "Forward","Index Name": "idx_lineitem_orderkey","Relation Name": "lineitem","Alias": "lineitem","Startup Cost": 0.43,"Total Cost": 4.69,"Plan Rows": 6,"Plan Width": 4,"Actual Startup Time": 0.009,"Actual Total Time": 0.009,"Actual Rows": 1,"Actual Loops": 57337,"Index Cond": "(l_orderkey = orders.o_orderkey)","Rows Removed by Index Recheck": 0,"Filter": "(l_commitdate < l_receiptdate)","Rows Removed by Filter": 1,"Workers": []}]}]}]}]}]},"Planning Time": 4.806,"Triggers": [],"Execution Time": 229.951}]
[{"Plan": {"Node Type": "Aggregate","Strategy": "Sorted","Partial Mode": "Finalize","Parallel Aware": false,"Async Capable": false,"Startup Cost": 51864.76,"Total Cost": 51899.54,"Plan Rows": 5,"Plan Width": 24,"Actual Startup Time": 210.561,"Actual Total Time": 233.743,"Actual Rows": 5,"Actual Loops": 1,"Group Key": ["orders.o_orderpriority"],"Plans": [{"Node Type": "Gather Merge","Parent Relationship": "Outer","Parallel Aware": false,"Async Capable": false,"Startup Cost": 51864.76,"Total Cost": 51899.42,"Plan Rows": 15,"Plan Width": 24,"Actual Startup Time": 210.161,"Actual Total Time": 233.716,"Actual Rows": 20,"Actual Loops": 1,"Workers Planned": 3,"Workers Launched": 3,"Plans": [{"Node Type": "Aggregate","Strategy": "Sorted","Partial Mode": "Partial","Parent Relationship": "Outer","Parallel Aware": false,"Async Capable": false,"Startup Cost": 50864.72,"Total Cost": 50897.62,"Plan Rows": 5,"Plan Width": 24,"Actual Startup Time": 201.103,"Actual Total Time": 202.367,"Actual Rows": 5,"Actual Loops": 4,"Group Key": ["orders.o_orderpriority"],"Workers": [],"Plans": [{"Node Type": "Sort","Parent Relationship": "Outer","Parallel Aware": false,"Async Capable": false,"Startup Cost": 50864.72,"Total Cost": 50875.67,"Plan Rows": 4379,"Plan Width": 16,"Actual Startup Time": 200.748,"Actual Total Time": 201.299,"Actual Rows": 12819,"Actual Loops": 4,"Sort Key": ["orders.o_orderpriority"],"Sort Method": "quicksort","Sort Space Used": 1097,"Sort Space Type": "Memory","Workers": [{"Worker Number": 0,"Sort Method": "quicksort","Sort Space Used": 1078,"Sort Space Type": "Memory"},{"Worker Number": 1,"Sort Method": "quicksort","Sort Space Used": 1085,"Sort Space Type": "Memory"},{"Worker Number": 2,"Sort Method": "quicksort","Sort Space Used": 1081,"Sort Space Type": "Memory"}],"Plans": [{"Node Type": "Nested Loop","Parent Relationship": "Outer","Parallel Aware": false,"Async Capable": false,"Join Type": "Semi","Startup Cost": 790.72,"Total Cost": 50599.87,"Plan Rows": 4379,"Plan Width": 16,"Actual Startup Time": 4.801,"Actual Total Time": 194.295,"Actual Rows": 12819,"Actual Loops": 4,"Inner Unique": false,"Workers": [],"Plans": [{"Node Type": "Bitmap Heap Scan","Parent Relationship": "Outer","Parallel Aware": true,"Async Capable": false,"Relation Name": "orders","Alias": "orders","Startup Cost": 790.29,"Total Cost": 27161.85,"Plan Rows": 18438,"Plan Width": 20,"Actual Startup Time": 4.680,"Actual Total Time": 58.556,"Actual Rows": 13984,"Actual Loops": 4,"Recheck Cond": "((o_orderdate >= '1995-02-01'::date) AND (o_orderdate < '1995-05-01 00:00:00'::timestamp without time zone))","Rows Removed by Index Recheck": 0,"Exact Heap Blocks": 5872,"Lossy Heap Blocks": 0,"Workers": [],"Plans": [{"Node Type": "Bitmap Index Scan","Parent Relationship": "Outer","Parallel Aware": false,"Async Capable": false,"Index Name": "idx_orders_orderdate","Startup Cost": 0.00,"Total Cost": 776.00,"Plan Rows": 57157,"Plan Width": 0,"Actual Startup Time": 8.337,"Actual Total Time": 8.338,"Actual Rows": 55935,"Actual Loops": 1,"Index Cond": "((o_orderdate >= '1995-02-01'::date) AND (o_orderdate < '1995-05-01 00:00:00'::timestamp without time zone))","Workers": []}]},{"Node Type": "Index Scan","Parent Relationship": "Inner","Parallel Aware": false,"Async Capable": false,"Scan Direction": "Forward","Index Name": "idx_lineitem_orderkey","Relation Name": "lineitem","Alias": "lineitem","Startup Cost": 0.43,"Total Cost": 4.63,"Plan Rows": 6,"Plan Width": 4,"Actual Startup Time": 0.009,"Actual Total Time": 0.009,"Actual Rows": 1,"Actual Loops": 55935,"Index Cond": "(l_orderkey = orders.o_orderkey)","Rows Removed by Index Recheck": 0,"Filter": "(l_commitdate < l_receiptdate)","Rows Removed by Filter": 1,"Workers": []}]}]}]}]}]},"Planning Time": 5.194,"Triggers": [],"Execution Time": 234.327}]
[{"Plan": {"Node Type": "Aggregate","Strategy": "Sorted","Partial Mode": "Finalize","Parallel Aware": false,"Async Capable": false,"Startup Cost": 52878.76,"Total Cost": 52915.21,"Plan Rows": 5,"Plan Width": 24,"Actual Startup Time": 206.138,"Actual Total Time": 230.308,"Actual Rows": 5,"Actual Loops": 1,"Group Key": ["orders.o_orderpriority"],"Plans": [{"Node Type": "Gather Merge","Parent Relationship": "Outer","Parallel Aware": false,"Async Capable": false,"Startup Cost": 52878.76,"Total Cost": 52915.09,"Plan Rows": 15,"Plan Width": 24,"Actual Startup Time": 205.742,"Actual Total Time": 230.279,"Actual Rows": 20,"Actual Loops": 1,"Workers Planned": 3,"Workers Launched": 3,"Plans": [{"Node Type": "Aggregate","Strategy": "Sorted","Partial Mode": "Partial","Parent Relationship": "Outer","Parallel Aware": false,"Async Capable": false,"Startup Cost": 51878.72,"Total Cost": 51913.28,"Plan Rows": 5,"Plan Width": 24,"Actual Startup Time": 197.132,"Actual Total Time": 198.393,"Actual Rows": 5,"Actual Loops": 4,"Group Key": ["orders.o_orderpriority"],"Workers": [],"Plans": [{"Node Type": "Sort","Parent Relationship": "Outer","Parallel Aware": false,"Async Capable": false,"Startup Cost": 51878.72,"Total Cost": 51890.22,"Plan Rows": 4602,"Plan Width": 16,"Actual Startup Time": 196.786,"Actual Total Time": 197.332,"Actual Rows": 12987,"Actual Loops": 4,"Sort Key": ["orders.o_orderpriority"],"Sort Method": "quicksort","Sort Space Used": 1094,"Sort Space Type": "Memory","Workers": [{"Worker Number": 0,"Sort Method": "quicksort","Sort Space Used": 1099,"Sort Space Type": "Memory"},{"Worker Number": 1,"Sort Method": "quicksort","Sort Space Used": 1080,"Sort Space Type": "Memory"},{"Worker Number": 2,"Sort Method": "quicksort","Sort Space Used": 1106,"Sort Space Type": "Memory"}],"Plans": [{"Node Type": "Nested Loop","Parent Relationship": "Outer","Parallel Aware": false,"Async Capable": false,"Join Type": "Semi","Startup Cost": 832.55,"Total Cost": 51598.73,"Plan Rows": 4602,"Plan Width": 16,"Actual Startup Time": 5.235,"Actual Total Time": 190.462,"Actual Rows": 12987,"Actual Loops": 4,"Inner Unique": false,"Workers": [],"Plans": [{"Node Type": "Bitmap Heap Scan","Parent Relationship": "Outer","Parallel Aware": true,"Async Capable": false,"Relation Name": "orders","Alias": "orders","Startup Cost": 832.11,"Total Cost": 27217.76,"Plan Rows": 19376,"Plan Width": 20,"Actual Startup Time": 5.080,"Actual Total Time": 55.913,"Actual Rows": 14144,"Actual Loops": 4,"Recheck Cond": "((o_orderdate >= '1994-12-01'::date) AND (o_orderdate < '1995-03-01 00:00:00'::timestamp without time zone))","Rows Removed by Index Recheck": 0,"Exact Heap Blocks": 5787,"Lossy Heap Blocks": 0,"Workers": [],"Plans": [{"Node Type": "Bitmap Index Scan","Parent Relationship": "Outer","Parallel Aware": false,"Async Capable": false,"Index Name": "idx_orders_orderdate","Startup Cost": 0.00,"Total Cost": 817.10,"Plan Rows": 60067,"Plan Width": 0,"Actual Startup Time": 8.297,"Actual Total Time": 8.300,"Actual Rows": 56577,"Actual Loops": 1,"Index Cond": "((o_orderdate >= '1994-12-01'::date) AND (o_orderdate < '1995-03-01 00:00:00'::timestamp without time zone))","Workers": []}]},{"Node Type": "Index Scan","Parent Relationship": "Inner","Parallel Aware": false,"Async Capable": false,"Scan Direction": "Forward","Index Name": "idx_lineitem_orderkey","Relation Name": "lineitem","Alias": "lineitem","Startup Cost": 0.43,"Total Cost": 4.56,"Plan Rows": 6,"Plan Width": 4,"Actual Startup Time": 0.009,"Actual Total Time": 0.009,"Actual Rows": 1,"Actual Loops": 56577,"Index Cond": "(l_orderkey = orders.o_orderkey)","Rows Removed by Index Recheck": 0,"Filter": "(l_commitdate < l_receiptdate)","Rows Removed by Filter": 1,"Workers": []}]}]}]}]}]},"Planning Time": 4.514,"Triggers": [],"Execution Time": 231.040}]
[{"Plan": {"Node Type": "Aggregate","Strategy": "Sorted","Partial Mode": "Finalize","Parallel Aware": false,"Async Capable": false,"Startup Cost": 52360.14,"Total Cost": 52395.74,"Plan Rows": 5,"Plan Width": 24,"Actual Startup Time": 212.297,"Actual Total Time": 236.425,"Actual Rows": 5,"Actual Loops": 1,"Group Key": ["orders.o_orderpriority"],"Plans": [{"Node Type": "Gather Merge","Parent Relationship": "Outer","Parallel Aware": false,"Async Capable": false,"Startup Cost": 52360.14,"Total Cost": 52395.61,"Plan Rows": 15,"Plan Width": 24,"Actual Startup Time": 211.946,"Actual Total Time": 236.394,"Actual Rows": 20,"Actual Loops": 1,"Workers Planned": 3,"Workers Launched": 3,"Plans": [{"Node Type": "Aggregate","Strategy": "Sorted","Partial Mode": "Partial","Parent Relationship": "Outer","Parallel Aware": false,"Async Capable": false,"Startup Cost": 51360.10,"Total Cost": 51393.81,"Plan Rows": 5,"Plan Width": 24,"Actual Startup Time": 203.132,"Actual Total Time": 204.381,"Actual Rows": 5,"Actual Loops": 4,"Group Key": ["orders.o_orderpriority"],"Workers": [],"Plans": [{"Node Type": "Sort","Parent Relationship": "Outer","Parallel Aware": false,"Async Capable": false,"Startup Cost": 51360.10,"Total Cost": 51371.32,"Plan Rows": 4488,"Plan Width": 16,"Actual Startup Time": 202.800,"Actual Total Time": 203.297,"Actual Rows": 13290,"Actual Loops": 4,"Sort Key": ["orders.o_orderpriority"],"Sort Method": "quicksort","Sort Space Used": 1098,"Sort Space Type": "Memory","Workers": [{"Worker Number": 0,"Sort Method": "quicksort","Sort Space Used": 1124,"Sort Space Type": "Memory"},{"Worker Number": 1,"Sort Method": "quicksort","Sort Space Used": 1137,"Sort Space Type": "Memory"},{"Worker Number": 2,"Sort Method": "quicksort","Sort Space Used": 1087,"Sort Space Type": "Memory"}],"Plans": [{"Node Type": "Nested Loop","Parent Relationship": "Outer","Parallel Aware": false,"Async Capable": false,"Join Type": "Semi","Startup Cost": 809.33,"Total Cost": 51087.86,"Plan Rows": 4488,"Plan Width": 16,"Actual Startup Time": 5.403,"Actual Total Time": 196.470,"Actual Rows": 13290,"Actual Loops": 4,"Inner Unique": false,"Workers": [],"Plans": [{"Node Type": "Bitmap Heap Scan","Parent Relationship": "Outer","Parallel Aware": true,"Async Capable": false,"Relation Name": "orders","Alias": "orders","Startup Cost": 808.89,"Total Cost": 27187.35,"Plan Rows": 18897,"Plan Width": 20,"Actual Startup Time": 5.275,"Actual Total Time": 58.082,"Actual Rows": 14470,"Actual Loops": 4,"Recheck Cond": "((o_orderdate >= '1996-08-01'::date) AND (o_orderdate < '1996-11-01 00:00:00'::timestamp without time zone))","Rows Removed by Index Recheck": 0,"Exact Heap Blocks": 5695,"Lossy Heap Blocks": 0,"Workers": [],"Plans": [{"Node Type": "Bitmap Index Scan","Parent Relationship": "Outer","Parallel Aware": false,"Async Capable": false,"Index Name": "idx_orders_orderdate","Startup Cost": 0.00,"Total Cost": 794.25,"Plan Rows": 58582,"Plan Width": 0,"Actual Startup Time": 8.974,"Actual Total Time": 8.976,"Actual Rows": 57880,"Actual Loops": 1,"Index Cond": "((o_orderdate >= '1996-08-01'::date) AND (o_orderdate < '1996-11-01 00:00:00'::timestamp without time zone))","Workers": []}]},{"Node Type": "Index Scan","Parent Relationship": "Inner","Parallel Aware": false,"Async Capable": false,"Scan Direction": "Forward","Index Name": "idx_lineitem_orderkey","Relation Name": "lineitem","Alias": "lineitem","Startup Cost": 0.43,"Total Cost": 4.60,"Plan Rows": 6,"Plan Width": 4,"Actual Startup Time": 0.009,"Actual Total Time": 0.009,"Actual Rows": 1,"Actual Loops": 57880,"Index Cond": "(l_orderkey = orders.o_orderkey)","Rows Removed by Index Recheck": 0,"Filter": "(l_commitdate < l_receiptdate)","Rows Removed by Filter": 1,"Workers": []}]}]}]}]}]},"Planning Time": 4.460,"Triggers": [],"Execution Time": 236.855}]
[{"Plan": {"Node Type": "Aggregate","Strategy": "Sorted","Partial Mode": "Finalize","Parallel Aware": false,"Async Capable": false,"Startup Cost": 51868.32,"Total Cost": 51903.11,"Plan Rows": 5,"Plan Width": 24,"Actual Startup Time": 208.340,"Actual Total Time": 231.447,"Actual Rows": 5,"Actual Loops": 1,"Group Key": ["orders.o_orderpriority"],"Plans": [{"Node Type": "Gather Merge","Parent Relationship": "Outer","Parallel Aware": false,"Async Capable": false,"Startup Cost": 51868.32,"Total Cost": 51902.98,"Plan Rows": 15,"Plan Width": 24,"Actual Startup Time": 207.950,"Actual Total Time": 231.419,"Actual Rows": 20,"Actual Loops": 1,"Workers Planned": 3,"Workers Launched": 3,"Plans": [{"Node Type": "Aggregate","Strategy": "Sorted","Partial Mode": "Partial","Parent Relationship": "Outer","Parallel Aware": false,"Async Capable": false,"Startup Cost": 50868.28,"Total Cost": 50901.18,"Plan Rows": 5,"Plan Width": 24,"Actual Startup Time": 199.059,"Actual Total Time": 200.295,"Actual Rows": 5,"Actual Loops": 4,"Group Key": ["orders.o_orderpriority"],"Workers": [],"Plans": [{"Node Type": "Sort","Parent Relationship": "Outer","Parallel Aware": false,"Async Capable": false,"Startup Cost": 50868.28,"Total Cost": 50879.23,"Plan Rows": 4380,"Plan Width": 16,"Actual Startup Time": 198.738,"Actual Total Time": 199.253,"Actual Rows": 12924,"Actual Loops": 4,"Sort Key": ["orders.o_orderpriority"],"Sort Method": "quicksort","Sort Space Used": 1102,"Sort Space Type": "Memory","Workers": [{"Worker Number": 0,"Sort Method": "quicksort","Sort Space Used": 1084,"Sort Space Type": "Memory"},{"Worker Number": 1,"Sort Method": "quicksort","Sort Space Used": 1092,"Sort Space Type": "Memory"},{"Worker Number": 2,"Sort Method": "quicksort","Sort Space Used": 1087,"Sort Space Type": "Memory"}],"Plans": [{"Node Type": "Nested Loop","Parent Relationship": "Outer","Parallel Aware": false,"Async Capable": false,"Join Type": "Semi","Startup Cost": 790.81,"Total Cost": 50603.36,"Plan Rows": 4380,"Plan Width": 16,"Actual Startup Time": 4.683,"Actual Total Time": 192.330,"Actual Rows": 12924,"Actual Loops": 4,"Inner Unique": false,"Workers": [],"Plans": [{"Node Type": "Bitmap Heap Scan","Parent Relationship": "Outer","Parallel Aware": true,"Async Capable": false,"Relation Name": "orders","Alias": "orders","Startup Cost": 790.38,"Total Cost": 27161.99,"Plan Rows": 18441,"Plan Width": 20,"Actual Startup Time": 4.555,"Actual Total Time": 57.131,"Actual Rows": 14129,"Actual Loops": 4,"Recheck Cond": "((o_orderdate >= '1994-09-01'::date) AND (o_orderdate < '1994-12-01 00:00:00'::timestamp without time zone))","Rows Removed by Index Recheck": 0,"Exact Heap Blocks": 5928,"Lossy Heap Blocks": 0,"Workers": [],"Plans": [{"Node Type": "Bitmap Index Scan","Parent Relationship": "Outer","Parallel Aware": false,"Async Capable": false,"Index Name": "idx_orders_orderdate","Startup Cost": 0.00,"Total Cost": 776.09,"Plan Rows": 57166,"Plan Width": 0,"Actual Startup Time": 8.170,"Actual Total Time": 8.172,"Actual Rows": 56516,"Actual Loops": 1,"Index Cond": "((o_orderdate >= '1994-09-01'::date) AND (o_orderdate < '1994-12-01 00:00:00'::timestamp without time zone))","Workers": []}]},{"Node Type": "Index Scan","Parent Relationship": "Inner","Parallel Aware": false,"Async Capable": false,"Scan Direction": "Forward","Index Name": "idx_lineitem_orderkey","Relation Name": "lineitem","Alias": "lineitem","Startup Cost": 0.43,"Total Cost": 4.63,"Plan Rows": 6,"Plan Width": 4,"Actual Startup Time": 0.009,"Actual Total Time": 0.009,"Actual Rows": 1,"Actual Loops": 56516,"Index Cond": "(l_orderkey = orders.o_orderkey)","Rows Removed by Index Recheck": 0,"Filter": "(l_commitdate < l_receiptdate)","Rows Removed by Filter": 1,"Workers": []}]}]}]}]}]},"Planning Time": 5.289,"Triggers": [],"Execution Time": 231.901}]
[{"Plan": {"Node Type": "Aggregate","Strategy": "Sorted","Partial Mode": "Finalize","Parallel Aware": false,"Async Capable": false,"Startup Cost": 52392.16,"Total Cost": 52427.81,"Plan Rows": 5,"Plan Width": 24,"Actual Startup Time": 211.248,"Actual Total Time": 234.990,"Actual Rows": 5,"Actual Loops": 1,"Group Key": ["orders.o_orderpriority"],"Plans": [{"Node Type": "Gather Merge","Parent Relationship": "Outer","Parallel Aware": false,"Async Capable": false,"Startup Cost": 52392.16,"Total Cost": 52427.69,"Plan Rows": 15,"Plan Width": 24,"Actual Startup Time": 210.814,"Actual Total Time": 234.963,"Actual Rows": 20,"Actual Loops": 1,"Workers Planned": 3,"Workers Launched": 3,"Plans": [{"Node Type": "Aggregate","Strategy": "Sorted","Partial Mode": "Partial","Parent Relationship": "Outer","Parallel Aware": false,"Async Capable": false,"Startup Cost": 51392.12,"Total Cost": 51425.88,"Plan Rows": 5,"Plan Width": 24,"Actual Startup Time": 201.683,"Actual Total Time": 202.935,"Actual Rows": 5,"Actual Loops": 4,"Group Key": ["orders.o_orderpriority"],"Workers": [],"Plans": [{"Node Type": "Sort","Parent Relationship": "Outer","Parallel Aware": false,"Async Capable": false,"Startup Cost": 51392.12,"Total Cost": 51403.36,"Plan Rows": 4495,"Plan Width": 16,"Actual Startup Time": 201.346,"Actual Total Time": 201.859,"Actual Rows": 13076,"Actual Loops": 4,"Sort Key": ["orders.o_orderpriority"],"Sort Method": "quicksort","Sort Space Used": 1088,"Sort Space Type": "Memory","Workers": [{"Worker Number": 0,"Sort Method": "quicksort","Sort Space Used": 1117,"Sort Space Type": "Memory"},{"Worker Number": 1,"Sort Method": "quicksort","Sort Space Used": 1079,"Sort Space Type": "Memory"},{"Worker Number": 2,"Sort Method": "quicksort","Sort Space Used": 1114,"Sort Space Type": "Memory"}],"Plans": [{"Node Type": "Nested Loop","Parent Relationship": "Outer","Parallel Aware": false,"Async Capable": false,"Join Type": "Semi","Startup Cost": 810.26,"Total Cost": 51119.41,"Plan Rows": 4495,"Plan Width": 16,"Actual Startup Time": 5.099,"Actual Total Time": 195.041,"Actual Rows": 13076,"Actual Loops": 4,"Inner Unique": false,"Workers": [],"Plans": [{"Node Type": "Bitmap Heap Scan","Parent Relationship": "Outer","Parallel Aware": true,"Async Capable": false,"Relation Name": "orders","Alias": "orders","Startup Cost": 809.83,"Total Cost": 27188.73,"Plan Rows": 18927,"Plan Width": 20,"Actual Startup Time": 4.954,"Actual Total Time": 57.624,"Actual Rows": 14263,"Actual Loops": 4,"Recheck Cond": "((o_orderdate >= '1995-11-01'::date) AND (o_orderdate < '1996-02-01 00:00:00'::timestamp without time zone))","Rows Removed by Index Recheck": 0,"Exact Heap Blocks": 5693,"Lossy Heap Blocks": 0,"Workers": [],"Plans": [{"Node Type": "Bitmap Index Scan","Parent Relationship": "Outer","Parallel Aware": false,"Async Capable": false,"Index Name": "idx_orders_orderdate","Startup Cost": 0.00,"Total Cost": 795.16,"Plan Rows": 58673,"Plan Width": 0,"Actual Startup Time": 8.818,"Actual Total Time": 8.820,"Actual Rows": 57052,"Actual Loops": 1,"Index Cond": "((o_orderdate >= '1995-11-01'::date) AND (o_orderdate < '1996-02-01 00:00:00'::timestamp without time zone))","Workers": []}]},{"Node Type": "Index Scan","Parent Relationship": "Inner","Parallel Aware": false,"Async Capable": false,"Scan Direction": "Forward","Index Name": "idx_lineitem_orderkey","Relation Name": "lineitem","Alias": "lineitem","Startup Cost": 0.43,"Total Cost": 4.59,"Plan Rows": 6,"Plan Width": 4,"Actual Startup Time": 0.009,"Actual Total Time": 0.009,"Actual Rows": 1,"Actual Loops": 57052,"Index Cond": "(l_orderkey = orders.o_orderkey)","Rows Removed by Index Recheck": 0,"Filter": "(l_commitdate < l_receiptdate)","Rows Removed by Filter": 1,"Workers": []}]}]}]}]}]},"Planning Time": 5.327,"Triggers": [],"Execution Time": 235.461}]
[{"Plan": {"Node Type": "Aggregate","Strategy": "Sorted","Partial Mode": "Finalize","Parallel Aware": false,"Async Capable": false,"Startup Cost": 51461.99,"Total Cost": 51496.11,"Plan Rows": 5,"Plan Width": 24,"Actual Startup Time": 213.186,"Actual Total Time": 237.729,"Actual Rows": 5,"Actual Loops": 1,"Group Key": ["orders.o_orderpriority"],"Plans": [{"Node Type": "Gather Merge","Parent Relationship": "Outer","Parallel Aware": false,"Async Capable": false,"Startup Cost": 51461.99,"Total Cost": 51495.99,"Plan Rows": 15,"Plan Width": 24,"Actual Startup Time": 212.815,"Actual Total Time": 237.699,"Actual Rows": 20,"Actual Loops": 1,"Workers Planned": 3,"Workers Launched": 3,"Plans": [{"Node Type": "Aggregate","Strategy": "Sorted","Partial Mode": "Partial","Parent Relationship": "Outer","Parallel Aware": false,"Async Capable": false,"Startup Cost": 50461.95,"Total Cost": 50494.18,"Plan Rows": 5,"Plan Width": 24,"Actual Startup Time": 204.295,"Actual Total Time": 205.529,"Actual Rows": 5,"Actual Loops": 4,"Group Key": ["orders.o_orderpriority"],"Workers": [],"Plans": [{"Node Type": "Sort","Parent Relationship": "Outer","Parallel Aware": false,"Async Capable": false,"Startup Cost": 50461.95,"Total Cost": 50472.68,"Plan Rows": 4291,"Plan Width": 16,"Actual Startup Time": 203.958,"Actual Total Time": 204.459,"Actual Rows": 13076,"Actual Loops": 4,"Sort Key": ["orders.o_orderpriority"],"Sort Method": "quicksort","Sort Space Used": 1093,"Sort Space Type": "Memory","Workers": [{"Worker Number": 0,"Sort Method": "quicksort","Sort Space Used": 1098,"Sort Space Type": "Memory"},{"Worker Number": 1,"Sort Method": "quicksort","Sort Space Used": 1094,"Sort Space Type": "Memory"},{"Worker Number": 2,"Sort Method": "quicksort","Sort Space Used": 1113,"Sort Space Type": "Memory"}],"Plans": [{"Node Type": "Nested Loop","Parent Relationship": "Outer","Parallel Aware": false,"Async Capable": false,"Join Type": "Semi","Startup Cost": 774.93,"Total Cost": 50203.05,"Plan Rows": 4291,"Plan Width": 16,"Actual Startup Time": 5.106,"Actual Total Time": 197.473,"Actual Rows": 13076,"Actual Loops": 4,"Inner Unique": false,"Workers": [],"Plans": [{"Node Type": "Bitmap Heap Scan","Parent Relationship": "Outer","Parallel Aware": true,"Async Capable": false,"Relation Name": "orders","Alias": "orders","Startup Cost": 774.50,"Total Cost": 27140.50,"Plan Rows": 18067,"Plan Width": 20,"Actual Startup Time": 4.994,"Actual Total Time": 59.359,"Actual Rows": 14279,"Actual Loops": 4,"Recheck Cond": "((o_orderdate >= '1995-04-01'::date) AND (o_orderdate < '1995-07-01 00:00:00'::timestamp without time zone))","Rows Removed by Index Recheck": 0,"Exact Heap Blocks": 5795,"Lossy Heap Blocks": 0,"Workers": [],"Plans": [{"Node Type": "Bitmap Index Scan","Parent Relationship": "Outer","Parallel Aware": false,"Async Capable": false,"Index Name": "idx_orders_orderdate","Startup Cost": 0.00,"Total Cost": 760.50,"Plan Rows": 56007,"Plan Width": 0,"Actual Startup Time": 8.367,"Actual Total Time": 8.369,"Actual Rows": 57117,"Actual Loops": 1,"Index Cond": "((o_orderdate >= '1995-04-01'::date) AND (o_orderdate < '1995-07-01 00:00:00'::timestamp without time zone))","Workers": []}]},{"Node Type": "Index Scan","Parent Relationship": "Inner","Parallel Aware": false,"Async Capable": false,"Scan Direction": "Forward","Index Name": "idx_lineitem_orderkey","Relation Name": "lineitem","Alias": "lineitem","Startup Cost": 0.43,"Total Cost": 4.65,"Plan Rows": 6,"Plan Width": 4,"Actual Startup Time": 0.009,"Actual Total Time": 0.009,"Actual Rows": 1,"Actual Loops": 57117,"Index Cond": "(l_orderkey = orders.o_orderkey)","Rows Removed by Index Recheck": 0,"Filter": "(l_commitdate < l_receiptdate)","Rows Removed by Filter": 1,"Workers": []}]}]}]}]}]},"Planning Time": 5.027,"Triggers": [],"Execution Time": 238.276}]
[{"Plan": {"Node Type": "Aggregate","Strategy": "Sorted","Partial Mode": "Finalize","Parallel Aware": false,"Async Capable": false,"Startup Cost": 51895.02,"Total Cost": 51929.86,"Plan Rows": 5,"Plan Width": 24,"Actual Startup Time": 216.936,"Actual Total Time": 240.849,"Actual Rows": 5,"Actual Loops": 1,"Group Key": ["orders.o_orderpriority"],"Plans": [{"Node Type": "Gather Merge","Parent Relationship": "Outer","Parallel Aware": false,"Async Capable": false,"Startup Cost": 51895.02,"Total Cost": 51929.73,"Plan Rows": 15,"Plan Width": 24,"Actual Startup Time": 216.564,"Actual Total Time": 240.814,"Actual Rows": 20,"Actual Loops": 1,"Workers Planned": 3,"Workers Launched": 3,"Plans": [{"Node Type": "Aggregate","Strategy": "Sorted","Partial Mode": "Partial","Parent Relationship": "Outer","Parallel Aware": false,"Async Capable": false,"Startup Cost": 50894.98,"Total Cost": 50927.93,"Plan Rows": 5,"Plan Width": 24,"Actual Startup Time": 207.210,"Actual Total Time": 208.520,"Actual Rows": 5,"Actual Loops": 4,"Group Key": ["orders.o_orderpriority"],"Workers": [],"Plans": [{"Node Type": "Sort","Parent Relationship": "Outer","Parallel Aware": false,"Async Capable": false,"Startup Cost": 50894.98,"Total Cost": 50905.95,"Plan Rows": 4386,"Plan Width": 16,"Actual Startup Time": 206.842,"Actual Total Time": 207.438,"Actual Rows": 13154,"Actual Loops": 4,"Sort Key": ["orders.o_orderpriority"],"Sort Method": "quicksort","Sort Space Used": 1056,"Sort Space Type": "Memory","Workers": [{"Worker Number": 0,"Sort Method": "quicksort","Sort Space Used": 1144,"Sort Space Type": "Memory"},{"Worker Number": 1,"Sort Method": "quicksort","Sort Space Used": 1079,"Sort Space Type": "Memory"},{"Worker Number": 2,"Sort Method": "quicksort","Sort Space Used": 1137,"Sort Space Type": "Memory"}],"Plans": [{"Node Type": "Nested Loop","Parent Relationship": "Outer","Parallel Aware": false,"Async Capable": false,"Join Type": "Semi","Startup Cost": 791.62,"Total Cost": 50629.66,"Plan Rows": 4386,"Plan Width": 16,"Actual Startup Time": 4.998,"Actual Total Time": 200.365,"Actual Rows": 13154,"Actual Loops": 4,"Inner Unique": false,"Workers": [],"Plans": [{"Node Type": "Bitmap Heap Scan","Parent Relationship": "Outer","Parallel Aware": true,"Async Capable": false,"Relation Name": "orders","Alias": "orders","Startup Cost": 791.19,"Total Cost": 27163.18,"Plan Rows": 18466,"Plan Width": 20,"Actual Startup Time": 4.854,"Actual Total Time": 59.077,"Actual Rows": 14346,"Actual Loops": 4,"Recheck Cond": "((o_orderdate >= '1994-07-01'::date) AND (o_orderdate < '1994-10-01 00:00:00'::timestamp without time zone))","Rows Removed by Index Recheck": 0,"Exact Heap Blocks": 5381,"Lossy Heap Blocks": 0,"Workers": [],"Plans": [{"Node Type": "Bitmap Index Scan","Parent Relationship": "Outer","Parallel Aware": false,"Async Capable": false,"Index Name": "idx_orders_orderdate","Startup Cost": 0.00,"Total Cost": 776.88,"Plan Rows": 57245,"Plan Width": 0,"Actual Startup Time": 8.661,"Actual Total Time": 8.664,"Actual Rows": 57384,"Actual Loops": 1,"Index Cond": "((o_orderdate >= '1994-07-01'::date) AND (o_orderdate < '1994-10-01 00:00:00'::timestamp without time zone))","Workers": []}]},{"Node Type": "Index Scan","Parent Relationship": "Inner","Parallel Aware": false,"Async Capable": false,"Scan Direction": "Forward","Index Name": "idx_lineitem_orderkey","Relation Name": "lineitem","Alias": "lineitem","Startup Cost": 0.43,"Total Cost": 4.63,"Plan Rows": 6,"Plan Width": 4,"Actual Startup Time": 0.010,"Actual Total Time": 0.010,"Actual Rows": 1,"Actual Loops": 57384,"Index Cond": "(l_orderkey = orders.o_orderkey)","Rows Removed by Index Recheck": 0,"Filter": "(l_commitdate < l_receiptdate)","Rows Removed by Filter": 1,"Workers": []}]}]}]}]}]},"Planning Time": 4.847,"Triggers": [],"Execution Time": 241.394}]
[{"Plan": {"Node Type": "Aggregate","Strategy": "Sorted","Partial Mode": "Finalize","Parallel Aware": false,"Async Capable": false,"Startup Cost": 52021.13,"Total Cost": 52056.16,"Plan Rows": 5,"Plan Width": 24,"Actual Startup Time": 203.693,"Actual Total Time": 227.755,"Actual Rows": 5,"Actual Loops": 1,"Group Key": ["orders.o_orderpriority"],"Plans": [{"Node Type": "Gather Merge","Parent Relationship": "Outer","Parallel Aware": false,"Async Capable": false,"Startup Cost": 52021.13,"Total Cost": 52056.04,"Plan Rows": 15,"Plan Width": 24,"Actual Startup Time": 203.285,"Actual Total Time": 227.721,"Actual Rows": 20,"Actual Loops": 1,"Workers Planned": 3,"Workers Launched": 3,"Plans": [{"Node Type": "Aggregate","Strategy": "Sorted","Partial Mode": "Partial","Parent Relationship": "Outer","Parallel Aware": false,"Async Capable": false,"Startup Cost": 51021.09,"Total Cost": 51054.24,"Plan Rows": 5,"Plan Width": 24,"Actual Startup Time": 195.016,"Actual Total Time": 196.267,"Actual Rows": 5,"Actual Loops": 4,"Group Key": ["orders.o_orderpriority"],"Workers": [],"Plans": [{"Node Type": "Sort","Parent Relationship": "Outer","Parallel Aware": false,"Async Capable": false,"Startup Cost": 51021.09,"Total Cost": 51032.12,"Plan Rows": 4413,"Plan Width": 16,"Actual Startup Time": 194.670,"Actual Total Time": 195.213,"Actual Rows": 12850,"Actual Loops": 4,"Sort Key": ["orders.o_orderpriority"],"Sort Method": "quicksort","Sort Space Used": 1082,"Sort Space Type": "Memory","Workers": [{"Worker Number": 0,"Sort Method": "quicksort","Sort Space Used": 1095,"Sort Space Type": "Memory"},{"Worker Number": 1,"Sort Method": "quicksort","Sort Space Used": 1073,"Sort Space Type": "Memory"},{"Worker Number": 2,"Sort Method": "quicksort","Sort Space Used": 1099,"Sort Space Type": "Memory"}],"Plans": [{"Node Type": "Nested Loop","Parent Relationship": "Outer","Parallel Aware": false,"Async Capable": false,"Join Type": "Semi","Startup Cost": 799.26,"Total Cost": 50753.94,"Plan Rows": 4413,"Plan Width": 16,"Actual Startup Time": 4.875,"Actual Total Time": 188.562,"Actual Rows": 12850,"Actual Loops": 4,"Inner Unique": false,"Workers": [],"Plans": [{"Node Type": "Bitmap Heap Scan","Parent Relationship": "Outer","Parallel Aware": true,"Async Capable": false,"Relation Name": "orders","Alias": "orders","Startup Cost": 798.83,"Total Cost": 27172.54,"Plan Rows": 18580,"Plan Width": 20,"Actual Startup Time": 4.743,"Actual Total Time": 55.256,"Actual Rows": 13993,"Actual Loops": 4,"Recheck Cond": "((o_orderdate >= '1993-12-01'::date) AND (o_orderdate < '1994-03-01 00:00:00'::timestamp without time zone))","Rows Removed by Index Recheck": 0,"Exact Heap Blocks": 5712,"Lossy Heap Blocks": 0,"Workers": [],"Plans": [{"Node Type": "Bitmap Index Scan","Parent Relationship": "Outer","Parallel Aware": false,"Async Capable": false,"Index Name": "idx_orders_orderdate","Startup Cost": 0.00,"Total Cost": 784.43,"Plan Rows": 57600,"Plan Width": 0,"Actual Startup Time": 7.826,"Actual Total Time": 7.827,"Actual Rows": 55973,"Actual Loops": 1,"Index Cond": "((o_orderdate >= '1993-12-01'::date) AND (o_orderdate < '1994-03-01 00:00:00'::timestamp without time zone))","Workers": []}]},{"Node Type": "Index Scan","Parent Relationship": "Inner","Parallel Aware": false,"Async Capable": false,"Scan Direction": "Forward","Index Name": "idx_lineitem_orderkey","Relation Name": "lineitem","Alias": "lineitem","Startup Cost": 0.43,"Total Cost": 4.62,"Plan Rows": 6,"Plan Width": 4,"Actual Startup Time": 0.009,"Actual Total Time": 0.009,"Actual Rows": 1,"Actual Loops": 55973,"Index Cond": "(l_orderkey = orders.o_orderkey)","Rows Removed by Index Recheck": 0,"Filter": "(l_commitdate < l_receiptdate)","Rows Removed by Filter": 1,"Workers": []}]}]}]}]}]},"Planning Time": 4.325,"Triggers": [],"Execution Time": 228.374}]
[{"Plan": {"Node Type": "Aggregate","Strategy": "Sorted","Partial Mode": "Finalize","Parallel Aware": false,"Async Capable": false,"Startup Cost": 53209.81,"Total Cost": 53246.81,"Plan Rows": 5,"Plan Width": 24,"Actual Startup Time": 207.732,"Actual Total Time": 232.619,"Actual Rows": 5,"Actual Loops": 1,"Group Key": ["orders.o_orderpriority"],"Plans": [{"Node Type": "Gather Merge","Parent Relationship": "Outer","Parallel Aware": false,"Async Capable": false,"Startup Cost": 53209.81,"Total Cost": 53246.69,"Plan Rows": 15,"Plan Width": 24,"Actual Startup Time": 207.377,"Actual Total Time": 232.588,"Actual Rows": 20,"Actual Loops": 1,"Workers Planned": 3,"Workers Launched": 3,"Plans": [{"Node Type": "Aggregate","Strategy": "Sorted","Partial Mode": "Partial","Parent Relationship": "Outer","Parallel Aware": false,"Async Capable": false,"Startup Cost": 52209.77,"Total Cost": 52244.88,"Plan Rows": 5,"Plan Width": 24,"Actual Startup Time": 198.882,"Actual Total Time": 200.134,"Actual Rows": 5,"Actual Loops": 4,"Group Key": ["orders.o_orderpriority"],"Workers": [],"Plans": [{"Node Type": "Sort","Parent Relationship": "Outer","Parallel Aware": false,"Async Capable": false,"Startup Cost": 52209.77,"Total Cost": 52221.46,"Plan Rows": 4675,"Plan Width": 16,"Actual Startup Time": 198.544,"Actual Total Time": 199.052,"Actual Rows": 13222,"Actual Loops": 4,"Sort Key": ["orders.o_orderpriority"],"Sort Method": "quicksort","Sort Space Used": 1094,"Sort Space Type": "Memory","Workers": [{"Worker Number": 0,"Sort Method": "quicksort","Sort Space Used": 1120,"Sort Space Type": "Memory"},{"Worker Number": 1,"Sort Method": "quicksort","Sort Space Used": 1093,"Sort Space Type": "Memory"},{"Worker Number": 2,"Sort Method": "quicksort","Sort Space Used": 1123,"Sort Space Type": "Memory"}],"Plans": [{"Node Type": "Nested Loop","Parent Relationship": "Outer","Parallel Aware": false,"Async Capable": false,"Join Type": "Semi","Startup Cost": 846.31,"Total Cost": 51924.81,"Plan Rows": 4675,"Plan Width": 16,"Actual Startup Time": 5.243,"Actual Total Time": 192.109,"Actual Rows": 13222,"Actual Loops": 4,"Inner Unique": false,"Workers": [],"Plans": [{"Node Type": "Bitmap Heap Scan","Parent Relationship": "Outer","Parallel Aware": true,"Async Capable": false,"Relation Name": "orders","Alias": "orders","Startup Cost": 845.88,"Total Cost": 27236.14,"Plan Rows": 19684,"Plan Width": 20,"Actual Startup Time": 5.114,"Actual Total Time": 55.968,"Actual Rows": 14421,"Actual Loops": 4,"Recheck Cond": "((o_orderdate >= '1994-11-01'::date) AND (o_orderdate < '1995-02-01 00:00:00'::timestamp without time zone))","Rows Removed by Index Recheck": 0,"Exact Heap Blocks": 5745,"Lossy Heap Blocks": 0,"Workers": [],"Plans": [{"Node Type": "Bitmap Index Scan","Parent Relationship": "Outer","Parallel Aware": false,"Async Capable": false,"Index Name": "idx_orders_orderdate","Startup Cost": 0.00,"Total Cost": 830.63,"Plan Rows": 61020,"Plan Width": 0,"Actual Startup Time": 8.417,"Actual Total Time": 8.421,"Actual Rows": 57683,"Actual Loops": 1,"Index Cond": "((o_orderdate >= '1994-11-01'::date) AND (o_orderdate < '1995-02-01 00:00:00'::timestamp without time zone))","Workers": []}]},{"Node Type": "Index Scan","Parent Relationship": "Inner","Parallel Aware": false,"Async Capable": false,"Scan Direction": "Forward","Index Name": "idx_lineitem_orderkey","Relation Name": "lineitem","Alias": "lineitem","Startup Cost": 0.43,"Total Cost": 4.54,"Plan Rows": 6,"Plan Width": 4,"Actual Startup Time": 0.009,"Actual Total Time": 0.009,"Actual Rows": 1,"Actual Loops": 57683,"Index Cond": "(l_orderkey = orders.o_orderkey)","Rows Removed by Index Recheck": 0,"Filter": "(l_commitdate < l_receiptdate)","Rows Removed by Filter": 1,"Workers": []}]}]}]}]}]},"Planning Time": 5.319,"Triggers": [],"Execution Time": 233.260}]
[{"Plan": {"Node Type": "Aggregate","Strategy": "Sorted","Partial Mode": "Finalize","Parallel Aware": false,"Async Capable": false,"Startup Cost": 51806.85,"Total Cost": 51841.53,"Plan Rows": 5,"Plan Width": 24,"Actual Startup Time": 211.634,"Actual Total Time": 235.430,"Actual Rows": 5,"Actual Loops": 1,"Group Key": ["orders.o_orderpriority"],"Plans": [{"Node Type": "Gather Merge","Parent Relationship": "Outer","Parallel Aware": false,"Async Capable": false,"Startup Cost": 51806.85,"Total Cost": 51841.41,"Plan Rows": 15,"Plan Width": 24,"Actual Startup Time": 211.199,"Actual Total Time": 235.391,"Actual Rows": 20,"Actual Loops": 1,"Workers Planned": 3,"Workers Launched": 3,"Plans": [{"Node Type": "Aggregate","Strategy": "Sorted","Partial Mode": "Partial","Parent Relationship": "Outer","Parallel Aware": false,"Async Capable": false,"Startup Cost": 50806.81,"Total Cost": 50839.60,"Plan Rows": 5,"Plan Width": 24,"Actual Startup Time": 202.395,"Actual Total Time": 203.672,"Actual Rows": 5,"Actual Loops": 4,"Group Key": ["orders.o_orderpriority"],"Workers": [],"Plans": [{"Node Type": "Sort","Parent Relationship": "Outer","Parallel Aware": false,"Async Capable": false,"Startup Cost": 50806.81,"Total Cost": 50817.72,"Plan Rows": 4366,"Plan Width": 16,"Actual Startup Time": 202.049,"Actual Total Time": 202.590,"Actual Rows": 13258,"Actual Loops": 4,"Sort Key": ["orders.o_orderpriority"],"Sort Method": "quicksort","Sort Space Used": 1114,"Sort Space Type": "Memory","Workers": [{"Worker Number": 0,"Sort Method": "quicksort","Sort Space Used": 1109,"Sort Space Type": "Memory"},{"Worker Number": 1,"Sort Method": "quicksort","Sort Space Used": 1115,"Sort Space Type": "Memory"},{"Worker Number": 2,"Sort Method": "quicksort","Sort Space Used": 1101,"Sort Space Type": "Memory"}],"Plans": [{"Node Type": "Nested Loop","Parent Relationship": "Outer","Parallel Aware": false,"Async Capable": false,"Join Type": "Semi","Startup Cost": 789.02,"Total Cost": 50542.84,"Plan Rows": 4366,"Plan Width": 16,"Actual Startup Time": 5.557,"Actual Total Time": 195.523,"Actual Rows": 13258,"Actual Loops": 4,"Inner Unique": false,"Workers": [],"Plans": [{"Node Type": "Bitmap Heap Scan","Parent Relationship": "Outer","Parallel Aware": true,"Async Capable": false,"Relation Name": "orders","Alias": "orders","Startup Cost": 788.59,"Total Cost": 27159.35,"Plan Rows": 18384,"Plan Width": 20,"Actual Startup Time": 5.423,"Actual Total Time": 57.919,"Actual Rows": 14451,"Actual Loops": 4,"Recheck Cond": "((o_orderdate >= '1995-06-01'::date) AND (o_orderdate < '1995-09-01 00:00:00'::timestamp without time zone))","Rows Removed by Index Recheck": 0,"Exact Heap Blocks": 5887,"Lossy Heap Blocks": 0,"Workers": [],"Plans": [{"Node Type": "Bitmap Index Scan","Parent Relationship": "Outer","Parallel Aware": false,"Async Capable": false,"Index Name": "idx_orders_orderdate","Startup Cost": 0.00,"Total Cost": 774.34,"Plan Rows": 56991,"Plan Width": 0,"Actual Startup Time": 8.828,"Actual Total Time": 8.830,"Actual Rows": 57805,"Actual Loops": 1,"Index Cond": "((o_orderdate >= '1995-06-01'::date) AND (o_orderdate < '1995-09-01 00:00:00'::timestamp without time zone))","Workers": []}]},{"Node Type": "Index Scan","Parent Relationship": "Inner","Parallel Aware": false,"Async Capable": false,"Scan Direction": "Forward","Index Name": "idx_lineitem_orderkey","Relation Name": "lineitem","Alias": "lineitem","Startup Cost": 0.43,"Total Cost": 4.63,"Plan Rows": 6,"Plan Width": 4,"Actual Startup Time": 0.009,"Actual Total Time": 0.009,"Actual Rows": 1,"Actual Loops": 57805,"Index Cond": "(l_orderkey = orders.o_orderkey)","Rows Removed by Index Recheck": 0,"Filter": "(l_commitdate < l_receiptdate)","Rows Removed by Filter": 1,"Workers": []}]}]}]}]}]},"Planning Time": 5.875,"Triggers": [],"Execution Time": 235.870}]
[{"Plan": {"Node Type": "Aggregate","Strategy": "Sorted","Partial Mode": "Finalize","Parallel Aware": false,"Async Capable": false,"Startup Cost": 51461.99,"Total Cost": 51496.11,"Plan Rows": 5,"Plan Width": 24,"Actual Startup Time": 213.186,"Actual Total Time": 237.729,"Actual Rows": 5,"Actual Loops": 1,"Group Key": ["orders.o_orderpriority"],"Plans": [{"Node Type": "Gather Merge","Parent Relationship": "Outer","Parallel Aware": false,"Async Capable": false,"Startup Cost": 51461.99,"Total Cost": 51495.99,"Plan Rows": 15,"Plan Width": 24,"Actual Startup Time": 212.815,"Actual Total Time": 237.699,"Actual Rows": 20,"Actual Loops": 1,"Workers Planned": 3,"Workers Launched": 3,"Plans": [{"Node Type": "Aggregate","Strategy": "Sorted","Partial Mode": "Partial","Parent Relationship": "Outer","Parallel Aware": false,"Async Capable": false,"Startup Cost": 50461.95,"Total Cost": 50494.18,"Plan Rows": 5,"Plan Width": 24,"Actual Startup Time": 204.295,"Actual Total Time": 205.529,"Actual Rows": 5,"Actual Loops": 4,"Group Key": ["orders.o_orderpriority"],"Workers": [],"Plans": [{"Node Type": "Sort","Parent Relationship": "Outer","Parallel Aware": false,"Async Capable": false,"Startup Cost": 50461.95,"Total Cost": 50472.68,"Plan Rows": 4291,"Plan Width": 16,"Actual Startup Time": 203.958,"Actual Total Time": 204.459,"Actual Rows": 13076,"Actual Loops": 4,"Sort Key": ["orders.o_orderpriority"],"Sort Method": "quicksort","Sort Space Used": 1093,"Sort Space Type": "Memory","Workers": [{"Worker Number": 0,"Sort Method": "quicksort","Sort Space Used": 1098,"Sort Space Type": "Memory"},{"Worker Number": 1,"Sort Method": "quicksort","Sort Space Used": 1094,"Sort Space Type": "Memory"},{"Worker Number": 2,"Sort Method": "quicksort","Sort Space Used": 1113,"Sort Space Type": "Memory"}],"Plans": [{"Node Type": "Nested Loop","Parent Relationship": "Outer","Parallel Aware": false,"Async Capable": false,"Join Type": "Semi","Startup Cost": 774.93,"Total Cost": 50203.05,"Plan Rows": 4291,"Plan Width": 16,"Actual Startup Time": 5.106,"Actual Total Time": 197.473,"Actual Rows": 13076,"Actual Loops": 4,"Inner Unique": false,"Workers": [],"Plans": [{"Node Type": "Bitmap Heap Scan","Parent Relationship": "Outer","Parallel Aware": true,"Async Capable": false,"Relation Name": "orders","Alias": "orders","Startup Cost": 774.50,"Total Cost": 27140.50,"Plan Rows": 18067,"Plan Width": 20,"Actual Startup Time": 4.994,"Actual Total Time": 59.359,"Actual Rows": 14279,"Actual Loops": 4,"Recheck Cond": "((o_orderdate >= '1995-04-01'::date) AND (o_orderdate < '1995-07-01 00:00:00'::timestamp without time zone))","Rows Removed by Index Recheck": 0,"Exact Heap Blocks": 5795,"Lossy Heap Blocks": 0,"Workers": [],"Plans": [{"Node Type": "Bitmap Index Scan","Parent Relationship": "Outer","Parallel Aware": false,"Async Capable": false,"Index Name": "idx_orders_orderdate","Startup Cost": 0.00,"Total Cost": 760.50,"Plan Rows": 56007,"Plan Width": 0,"Actual Startup Time": 8.367,"Actual Total Time": 8.369,"Actual Rows": 57117,"Actual Loops": 1,"Index Cond": "((o_orderdate >= '1995-04-01'::date) AND (o_orderdate < '1995-07-01 00:00:00'::timestamp without time zone))","Workers": []}]},{"Node Type": "Index Scan","Parent Relationship": "Inner","Parallel Aware": false,"Async Capable": false,"Scan Direction": "Forward","Index Name": "idx_lineitem_orderkey","Relation Name": "lineitem","Alias": "lineitem","Startup Cost": 0.43,"Total Cost": 4.65,"Plan Rows": 6,"Plan Width": 4,"Actual Startup Time": 0.009,"Actual Total Time": 0.009,"Actual Rows": 1,"Actual Loops": 57117,"Index Cond": "(l_orderkey = orders.o_orderkey)","Rows Removed by Index Recheck": 0,"Filter": "(l_commitdate < l_receiptdate)","Rows Removed by Filter": 1,"Workers": []}]}]}]}]}]},"Planning Time": 5.027,"Triggers": [],"Execution Time": 238.276}]
[{"Plan": {"Node Type": "Aggregate","Strategy": "Sorted","Partial Mode": "Finalize","Parallel Aware": false,"Async Capable": false,"Startup Cost": 51461.99,"Total Cost": 51496.11,"Plan Rows": 5,"Plan Width": 24,"Actual Startup Time": 213.186,"Actual Total Time": 237.729,"Actual Rows": 5,"Actual Loops": 1,"Group Key": ["orders.o_orderpriority"],"Plans": [{"Node Type": "Gather Merge","Parent Relationship": "Outer","Parallel Aware": false,"Async Capable": false,"Startup Cost": 51461.99,"Total Cost": 51495.99,"Plan Rows": 15,"Plan Width": 24,"Actual Startup Time": 212.815,"Actual Total Time": 237.699,"Actual Rows": 20,"Actual Loops": 1,"Workers Planned": 3,"Workers Launched": 3,"Plans": [{"Node Type": "Aggregate","Strategy": "Sorted","Partial Mode": "Partial","Parent Relationship": "Outer","Parallel Aware": false,"Async Capable": false,"Startup Cost": 50461.95,"Total Cost": 50494.18,"Plan Rows": 5,"Plan Width": 24,"Actual Startup Time": 204.295,"Actual Total Time": 205.529,"Actual Rows": 5,"Actual Loops": 4,"Group Key": ["orders.o_orderpriority"],"Workers": [],"Plans": [{"Node Type": "Sort","Parent Relationship": "Outer","Parallel Aware": false,"Async Capable": false,"Startup Cost": 50461.95,"Total Cost": 50472.68,"Plan Rows": 4291,"Plan Width": 16,"Actual Startup Time": 203.958,"Actual Total Time": 204.459,"Actual Rows": 13076,"Actual Loops": 4,"Sort Key": ["orders.o_orderpriority"],"Sort Method": "quicksort","Sort Space Used": 1093,"Sort Space Type": "Memory","Workers": [{"Worker Number": 0,"Sort Method": "quicksort","Sort Space Used": 1098,"Sort Space Type": "Memory"},{"Worker Number": 1,"Sort Method": "quicksort","Sort Space Used": 1094,"Sort Space Type": "Memory"},{"Worker Number": 2,"Sort Method": "quicksort","Sort Space Used": 1113,"Sort Space Type": "Memory"}],"Plans": [{"Node Type": "Nested Loop","Parent Relationship": "Outer","Parallel Aware": false,"Async Capable": false,"Join Type": "Semi","Startup Cost": 774.93,"Total Cost": 50203.05,"Plan Rows": 4291,"Plan Width": 16,"Actual Startup Time": 5.106,"Actual Total Time": 197.473,"Actual Rows": 13076,"Actual Loops": 4,"Inner Unique": false,"Workers": [],"Plans": [{"Node Type": "Bitmap Heap Scan","Parent Relationship": "Outer","Parallel Aware": true,"Async Capable": false,"Relation Name": "orders","Alias": "orders","Startup Cost": 774.50,"Total Cost": 27140.50,"Plan Rows": 18067,"Plan Width": 20,"Actual Startup Time": 4.994,"Actual Total Time": 59.359,"Actual Rows": 14279,"Actual Loops": 4,"Recheck Cond": "((o_orderdate >= '1995-04-01'::date) AND (o_orderdate < '1995-07-01 00:00:00'::timestamp without time zone))","Rows Removed by Index Recheck": 0,"Exact Heap Blocks": 5795,"Lossy Heap Blocks": 0,"Workers": [],"Plans": [{"Node Type": "Bitmap Index Scan","Parent Relationship": "Outer","Parallel Aware": false,"Async Capable": false,"Index Name": "idx_orders_orderdate","Startup Cost": 0.00,"Total Cost": 760.50,"Plan Rows": 56007,"Plan Width": 0,"Actual Startup Time": 8.367,"Actual Total Time": 8.369,"Actual Rows": 57117,"Actual Loops": 1,"Index Cond": "((o_orderdate >= '1995-04-01'::date) AND (o_orderdate < '1995-07-01 00:00:00'::timestamp without time zone))","Workers": []}]},{"Node Type": "Index Scan","Parent Relationship": "Inner","Parallel Aware": false,"Async Capable": false,"Scan Direction": "Forward","Index Name": "idx_lineitem_orderkey","Relation Name": "lineitem","Alias": "lineitem","Startup Cost": 0.43,"Total Cost": 4.65,"Plan Rows": 6,"Plan Width": 4,"Actual Startup Time": 0.009,"Actual Total Time": 0.009,"Actual Rows": 1,"Actual Loops": 57117,"Index Cond": "(l_orderkey = orders.o_orderkey)","Rows Removed by Index Recheck": 0,"Filter": "(l_commitdate < l_receiptdate)","Rows Removed by Filter": 1,"Workers": []}]}]}]}]}]},"Planning Time": 5.027,"Triggers": [],"Execution Time": 238.276}]
[{"Plan": {"Node Type": "Aggregate","Strategy": "Sorted","Partial Mode": "Finalize","Parallel Aware": false,"Async Capable": false,"Startup Cost": 50393.04,"Total Cost": 50425.42,"Plan Rows": 5,"Plan Width": 24,"Actual Startup Time": 209.179,"Actual Total Time": 234.092,"Actual Rows": 5,"Actual Loops": 1,"Group Key": ["orders.o_orderpriority"],"Plans": [{"Node Type": "Gather Merge","Parent Relationship": "Outer","Parallel Aware": false,"Async Capable": false,"Startup Cost": 50393.04,"Total Cost": 50425.30,"Plan Rows": 15,"Plan Width": 24,"Actual Startup Time": 208.857,"Actual Total Time": 234.045,"Actual Rows": 20,"Actual Loops": 1,"Workers Planned": 3,"Workers Launched": 3,"Plans": [{"Node Type": "Aggregate","Strategy": "Sorted","Partial Mode": "Partial","Parent Relationship": "Outer","Parallel Aware": false,"Async Capable": false,"Startup Cost": 49393.00,"Total Cost": 49423.49,"Plan Rows": 5,"Plan Width": 24,"Actual Startup Time": 200.343,"Actual Total Time": 201.591,"Actual Rows": 5,"Actual Loops": 4,"Group Key": ["orders.o_orderpriority"],"Workers": [],"Plans": [{"Node Type": "Sort","Parent Relationship": "Outer","Parallel Aware": false,"Async Capable": false,"Startup Cost": 49393.00,"Total Cost": 49403.15,"Plan Rows": 4059,"Plan Width": 16,"Actual Startup Time": 200.015,"Actual Total Time": 200.534,"Actual Rows": 13007,"Actual Loops": 4,"Sort Key": ["orders.o_orderpriority"],"Sort Method": "quicksort","Sort Space Used": 1034,"Sort Space Type": "Memory","Workers": [{"Worker Number": 0,"Sort Method": "quicksort","Sort Space Used": 1128,"Sort Space Type": "Memory"},{"Worker Number": 1,"Sort Method": "quicksort","Sort Space Used": 1096,"Sort Space Type": "Memory"},{"Worker Number": 2,"Sort Method": "quicksort","Sort Space Used": 1126,"Sort Space Type": "Memory"}],"Plans": [{"Node Type": "Nested Loop","Parent Relationship": "Outer","Parallel Aware": false,"Async Capable": false,"Join Type": "Semi","Startup Cost": 731.94,"Total Cost": 49149.73,"Plan Rows": 4059,"Plan Width": 16,"Actual Startup Time": 5.320,"Actual Total Time": 193.882,"Actual Rows": 13007,"Actual Loops": 4,"Inner Unique": false,"Workers": [],"Plans": [{"Node Type": "Bitmap Heap Scan","Parent Relationship": "Outer","Parallel Aware": true,"Async Capable": false,"Relation Name": "orders","Alias": "orders","Startup Cost": 731.50,"Total Cost": 27082.87,"Plan Rows": 17091,"Plan Width": 20,"Actual Startup Time": 5.198,"Actual Total Time": 56.771,"Actual Rows": 14217,"Actual Loops": 4,"Recheck Cond": "((o_orderdate >= '1995-09-01'::date) AND (o_orderdate < '1995-12-01 00:00:00'::timestamp without time zone))","Rows Removed by Index Recheck": 0,"Exact Heap Blocks": 5379,"Lossy Heap Blocks": 0,"Workers": [],"Plans": [{"Node Type": "Bitmap Index Scan","Parent Relationship": "Outer","Parallel Aware": false,"Async Capable": false,"Index Name": "idx_orders_orderdate","Startup Cost": 0.00,"Total Cost": 718.26,"Plan Rows": 52983,"Plan Width": 0,"Actual Startup Time": 8.331,"Actual Total Time": 8.335,"Actual Rows": 56867,"Actual Loops": 1,"Index Cond": "((o_orderdate >= '1995-09-01'::date) AND (o_orderdate < '1995-12-01 00:00:00'::timestamp without time zone))","Workers": []}]},{"Node Type": "Index Scan","Parent Relationship": "Inner","Parallel Aware": false,"Async Capable": false,"Scan Direction": "Forward","Index Name": "idx_lineitem_orderkey","Relation Name": "lineitem","Alias": "lineitem","Startup Cost": 0.43,"Total Cost": 4.73,"Plan Rows": 6,"Plan Width": 4,"Actual Startup Time": 0.009,"Actual Total Time": 0.009,"Actual Rows": 1,"Actual Loops": 56867,"Index Cond": "(l_orderkey = orders.o_orderkey)","Rows Removed by Index Recheck": 0,"Filter": "(l_commitdate < l_receiptdate)","Rows Removed by Filter": 1,"Workers": []}]}]}]}]}]},"Planning Time": 4.551,"Triggers": [],"Execution Time": 234.551}]
[{"Plan": {"Node Type": "Aggregate","Strategy": "Sorted","Partial Mode": "Finalize","Parallel Aware": false,"Async Capable": false,"Startup Cost": 51060.97,"Total Cost": 51094.44,"Plan Rows": 5,"Plan Width": 24,"Actual Startup Time": 208.763,"Actual Total Time": 232.565,"Actual Rows": 5,"Actual Loops": 1,"Group Key": ["orders.o_orderpriority"],"Plans": [{"Node Type": "Gather Merge","Parent Relationship": "Outer","Parallel Aware": false,"Async Capable": false,"Startup Cost": 51060.97,"Total Cost": 51094.31,"Plan Rows": 15,"Plan Width": 24,"Actual Startup Time": 208.330,"Actual Total Time": 232.538,"Actual Rows": 20,"Actual Loops": 1,"Workers Planned": 3,"Workers Launched": 3,"Plans": [{"Node Type": "Aggregate","Strategy": "Sorted","Partial Mode": "Partial","Parent Relationship": "Outer","Parallel Aware": false,"Async Capable": false,"Startup Cost": 50060.93,"Total Cost": 50092.51,"Plan Rows": 5,"Plan Width": 24,"Actual Startup Time": 199.165,"Actual Total Time": 200.386,"Actual Rows": 5,"Actual Loops": 4,"Group Key": ["orders.o_orderpriority"],"Workers": [],"Plans": [{"Node Type": "Sort","Parent Relationship": "Outer","Parallel Aware": false,"Async Capable": false,"Startup Cost": 50060.93,"Total Cost": 50071.44,"Plan Rows": 4204,"Plan Width": 16,"Actual Startup Time": 198.803,"Actual Total Time": 199.328,"Actual Rows": 12782,"Actual Loops": 4,"Sort Key": ["orders.o_orderpriority"],"Sort Method": "quicksort","Sort Space Used": 1045,"Sort Space Type": "Memory","Workers": [{"Worker Number": 0,"Sort Method": "quicksort","Sort Space Used": 1115,"Sort Space Type": "Memory"},{"Worker Number": 1,"Sort Method": "quicksort","Sort Space Used": 1122,"Sort Space Type": "Memory"},{"Worker Number": 2,"Sort Method": "quicksort","Sort Space Used": 1052,"Sort Space Type": "Memory"}],"Plans": [{"Node Type": "Nested Loop","Parent Relationship": "Outer","Parallel Aware": false,"Async Capable": false,"Join Type": "Semi","Startup Cost": 759.26,"Total Cost": 49807.90,"Plan Rows": 4204,"Plan Width": 16,"Actual Startup Time": 4.671,"Actual Total Time": 192.469,"Actual Rows": 12782,"Actual Loops": 4,"Inner Unique": false,"Workers": [],"Plans": [{"Node Type": "Bitmap Heap Scan","Parent Relationship": "Outer","Parallel Aware": true,"Async Capable": false,"Relation Name": "orders","Alias": "orders","Startup Cost": 758.82,"Total Cost": 27119.31,"Plan Rows": 17699,"Plan Width": 20,"Actual Startup Time": 4.522,"Actual Total Time": 56.148,"Actual Rows": 13946,"Actual Loops": 4,"Recheck Cond": "((o_orderdate >= '1997-01-01'::date) AND (o_orderdate < '1997-04-01 00:00:00'::timestamp without time zone))","Rows Removed by Index Recheck": 0,"Exact Heap Blocks": 5517,"Lossy Heap Blocks": 0,"Workers": [],"Plans": [{"Node Type": "Bitmap Index Scan","Parent Relationship": "Outer","Parallel Aware": false,"Async Capable": false,"Index Name": "idx_orders_orderdate","Startup Cost": 0.00,"Total Cost": 745.11,"Plan Rows": 54868,"Plan Width": 0,"Actual Startup Time": 8.317,"Actual Total Time": 8.318,"Actual Rows": 55784,"Actual Loops": 1,"Index Cond": "((o_orderdate >= '1997-01-01'::date) AND (o_orderdate < '1997-04-01 00:00:00'::timestamp without time zone))","Workers": []}]},{"Node Type": "Index Scan","Parent Relationship": "Inner","Parallel Aware": false,"Async Capable": false,"Scan Direction": "Forward","Index Name": "idx_lineitem_orderkey","Relation Name": "lineitem","Alias": "lineitem","Startup Cost": 0.43,"Total Cost": 4.68,"Plan Rows": 6,"Plan Width": 4,"Actual Startup Time": 0.009,"Actual Total Time": 0.009,"Actual Rows": 1,"Actual Loops": 55784,"Index Cond": "(l_orderkey = orders.o_orderkey)","Rows Removed by Index Recheck": 0,"Filter": "(l_commitdate < l_receiptdate)","Rows Removed by Filter": 1,"Workers": []}]}]}]}]}]},"Planning Time": 4.572,"Triggers": [],"Execution Time": 233.189}]
[{"Plan": {"Node Type": "Aggregate","Strategy": "Sorted","Partial Mode": "Finalize","Parallel Aware": false,"Async Capable": false,"Startup Cost": 51845.54,"Total Cost": 51880.29,"Plan Rows": 5,"Plan Width": 24,"Actual Startup Time": 207.177,"Actual Total Time": 232.110,"Actual Rows": 5,"Actual Loops": 1,"Group Key": ["orders.o_orderpriority"],"Plans": [{"Node Type": "Gather Merge","Parent Relationship": "Outer","Parallel Aware": false,"Async Capable": false,"Startup Cost": 51845.54,"Total Cost": 51880.17,"Plan Rows": 15,"Plan Width": 24,"Actual Startup Time": 206.778,"Actual Total Time": 232.079,"Actual Rows": 20,"Actual Loops": 1,"Workers Planned": 3,"Workers Launched": 3,"Plans": [{"Node Type": "Aggregate","Strategy": "Sorted","Partial Mode": "Partial","Parent Relationship": "Outer","Parallel Aware": false,"Async Capable": false,"Startup Cost": 50845.50,"Total Cost": 50878.36,"Plan Rows": 5,"Plan Width": 24,"Actual Startup Time": 198.217,"Actual Total Time": 199.466,"Actual Rows": 5,"Actual Loops": 4,"Group Key": ["orders.o_orderpriority"],"Workers": [],"Plans": [{"Node Type": "Sort","Parent Relationship": "Outer","Parallel Aware": false,"Async Capable": false,"Startup Cost": 50845.50,"Total Cost": 50856.44,"Plan Rows": 4375,"Plan Width": 16,"Actual Startup Time": 197.865,"Actual Total Time": 198.399,"Actual Rows": 13003,"Actual Loops": 4,"Sort Key": ["orders.o_orderpriority"],"Sort Method": "quicksort","Sort Space Used": 1088,"Sort Space Type": "Memory","Workers": [{"Worker Number": 0,"Sort Method": "quicksort","Sort Space Used": 1109,"Sort Space Type": "Memory"},{"Worker Number": 1,"Sort Method": "quicksort","Sort Space Used": 1075,"Sort Space Type": "Memory"},{"Worker Number": 2,"Sort Method": "quicksort","Sort Space Used": 1111,"Sort Space Type": "Memory"}],"Plans": [{"Node Type": "Nested Loop","Parent Relationship": "Outer","Parallel Aware": false,"Async Capable": false,"Join Type": "Semi","Startup Cost": 790.17,"Total Cost": 50580.92,"Plan Rows": 4375,"Plan Width": 16,"Actual Startup Time": 5.194,"Actual Total Time": 191.534,"Actual Rows": 13003,"Actual Loops": 4,"Inner Unique": false,"Workers": [],"Plans": [{"Node Type": "Bitmap Heap Scan","Parent Relationship": "Outer","Parallel Aware": true,"Async Capable": false,"Relation Name": "orders","Alias": "orders","Startup Cost": 789.73,"Total Cost": 27161.04,"Plan Rows": 18420,"Plan Width": 20,"Actual Startup Time": 5.066,"Actual Total Time": 56.417,"Actual Rows": 14194,"Actual Loops": 4,"Recheck Cond": "((o_orderdate >= '1996-04-01'::date) AND (o_orderdate < '1996-07-01 00:00:00'::timestamp without time zone))","Rows Removed by Index Recheck": 0,"Exact Heap Blocks": 5706,"Lossy Heap Blocks": 0,"Workers": [],"Plans": [{"Node Type": "Bitmap Index Scan","Parent Relationship": "Outer","Parallel Aware": false,"Async Capable": false,"Index Name": "idx_orders_orderdate","Startup Cost": 0.00,"Total Cost": 775.46,"Plan Rows": 57103,"Plan Width": 0,"Actual Startup Time": 8.398,"Actual Total Time": 8.399,"Actual Rows": 56775,"Actual Loops": 1,"Index Cond": "((o_orderdate >= '1996-04-01'::date) AND (o_orderdate < '1996-07-01 00:00:00'::timestamp without time zone))","Workers": []}]},{"Node Type": "Index Scan","Parent Relationship": "Inner","Parallel Aware": false,"Async Capable": false,"Scan Direction": "Forward","Index Name": "idx_lineitem_orderkey","Relation Name": "lineitem","Alias": "lineitem","Startup Cost": 0.43,"Total Cost": 4.63,"Plan Rows": 6,"Plan Width": 4,"Actual Startup Time": 0.009,"Actual Total Time": 0.009,"Actual Rows": 1,"Actual Loops": 56775,"Index Cond": "(l_orderkey = orders.o_orderkey)","Rows Removed by Index Recheck": 0,"Filter": "(l_commitdate < l_receiptdate)","Rows Removed by Filter": 1,"Workers": []}]}]}]}]}]},"Planning Time": 4.671,"Triggers": [],"Execution Time": 232.791}]
[{"Plan": {"Node Type": "Aggregate","Strategy": "Sorted","Partial Mode": "Finalize","Parallel Aware": false,"Async Capable": false,"Startup Cost": 51940.16,"Total Cost": 51975.07,"Plan Rows": 5,"Plan Width": 24,"Actual Startup Time": 211.359,"Actual Total Time": 235.485,"Actual Rows": 5,"Actual Loops": 1,"Group Key": ["orders.o_orderpriority"],"Plans": [{"Node Type": "Gather Merge","Parent Relationship": "Outer","Parallel Aware": false,"Async Capable": false,"Startup Cost": 51940.16,"Total Cost": 51974.94,"Plan Rows": 15,"Plan Width": 24,"Actual Startup Time": 210.977,"Actual Total Time": 235.464,"Actual Rows": 20,"Actual Loops": 1,"Workers Planned": 3,"Workers Launched": 3,"Plans": [{"Node Type": "Aggregate","Strategy": "Sorted","Partial Mode": "Partial","Parent Relationship": "Outer","Parallel Aware": false,"Async Capable": false,"Startup Cost": 50940.12,"Total Cost": 50973.14,"Plan Rows": 5,"Plan Width": 24,"Actual Startup Time": 202.425,"Actual Total Time": 203.673,"Actual Rows": 5,"Actual Loops": 4,"Group Key": ["orders.o_orderpriority"],"Workers": [],"Plans": [{"Node Type": "Sort","Parent Relationship": "Outer","Parallel Aware": false,"Async Capable": false,"Startup Cost": 50940.12,"Total Cost": 50951.11,"Plan Rows": 4396,"Plan Width": 16,"Actual Startup Time": 202.075,"Actual Total Time": 202.609,"Actual Rows": 13093,"Actual Loops": 4,"Sort Key": ["orders.o_orderpriority"],"Sort Method": "quicksort","Sort Space Used": 1113,"Sort Space Type": "Memory","Workers": [{"Worker Number": 0,"Sort Method": "quicksort","Sort Space Used": 1095,"Sort Space Type": "Memory"},{"Worker Number": 1,"Sort Method": "quicksort","Sort Space Used": 1096,"Sort Space Type": "Memory"},{"Worker Number": 2,"Sort Method": "quicksort","Sort Space Used": 1098,"Sort Space Type": "Memory"}],"Plans": [{"Node Type": "Nested Loop","Parent Relationship": "Outer","Parallel Aware": false,"Async Capable": false,"Join Type": "Semi","Startup Cost": 792.95,"Total Cost": 50674.12,"Plan Rows": 4396,"Plan Width": 16,"Actual Startup Time": 5.002,"Actual Total Time": 195.802,"Actual Rows": 13093,"Actual Loops": 4,"Inner Unique": false,"Workers": [],"Plans": [{"Node Type": "Bitmap Heap Scan","Parent Relationship": "Outer","Parallel Aware": true,"Async Capable": false,"Relation Name": "orders","Alias": "orders","Startup Cost": 792.52,"Total Cost": 27165.14,"Plan Rows": 18508,"Plan Width": 20,"Actual Startup Time": 4.882,"Actual Total Time": 58.015,"Actual Rows": 14267,"Actual Loops": 4,"Recheck Cond": "((o_orderdate >= '1993-10-01'::date) AND (o_orderdate < '1994-01-01 00:00:00'::timestamp without time zone))","Rows Removed by Index Recheck": 0,"Exact Heap Blocks": 5856,"Lossy Heap Blocks": 0,"Workers": [],"Plans": [{"Node Type": "Bitmap Index Scan","Parent Relationship": "Outer","Parallel Aware": false,"Async Capable": false,"Index Name": "idx_orders_orderdate","Startup Cost": 0.00,"Total Cost": 778.18,"Plan Rows": 57375,"Plan Width": 0,"Actual Startup Time": 8.440,"Actual Total Time": 8.441,"Actual Rows": 57069,"Actual Loops": 1,"Index Cond": "((o_orderdate >= '1993-10-01'::date) AND (o_orderdate < '1994-01-01 00:00:00'::timestamp without time zone))","Workers": []}]},{"Node Type": "Index Scan","Parent Relationship": "Inner","Parallel Aware": false,"Async Capable": false,"Scan Direction": "Forward","Index Name": "idx_lineitem_orderkey","Relation Name": "lineitem","Alias": "lineitem","Startup Cost": 0.43,"Total Cost": 4.62,"Plan Rows": 6,"Plan Width": 4,"Actual Startup Time": 0.009,"Actual Total Time": 0.009,"Actual Rows": 1,"Actual Loops": 57069,"Index Cond": "(l_orderkey = orders.o_orderkey)","Rows Removed by Index Recheck": 0,"Filter": "(l_commitdate < l_receiptdate)","Rows Removed by Filter": 1,"Workers": []}]}]}]}]}]},"Planning Time": 4.961,"Triggers": [],"Execution Time": 235.930}]
[{"Plan": {"Node Type": "Aggregate","Strategy": "Sorted","Partial Mode": "Finalize","Parallel Aware": false,"Async Capable": false,"Startup Cost": 51385.62,"Total Cost": 51419.61,"Plan Rows": 5,"Plan Width": 24,"Actual Startup Time": 204.677,"Actual Total Time": 227.427,"Actual Rows": 5,"Actual Loops": 1,"Group Key": ["orders.o_orderpriority"],"Plans": [{"Node Type": "Gather Merge","Parent Relationship": "Outer","Parallel Aware": false,"Async Capable": false,"Startup Cost": 51385.62,"Total Cost": 51419.48,"Plan Rows": 15,"Plan Width": 24,"Actual Startup Time": 204.256,"Actual Total Time": 227.400,"Actual Rows": 20,"Actual Loops": 1,"Workers Planned": 3,"Workers Launched": 3,"Plans": [{"Node Type": "Aggregate","Strategy": "Sorted","Partial Mode": "Partial","Parent Relationship": "Outer","Parallel Aware": false,"Async Capable": false,"Startup Cost": 50385.58,"Total Cost": 50417.68,"Plan Rows": 5,"Plan Width": 24,"Actual Startup Time": 194.834,"Actual Total Time": 196.154,"Actual Rows": 5,"Actual Loops": 4,"Group Key": ["orders.o_orderpriority"],"Workers": [],"Plans": [{"Node Type": "Sort","Parent Relationship": "Outer","Parallel Aware": false,"Async Capable": false,"Startup Cost": 50385.58,"Total Cost": 50396.26,"Plan Rows": 4274,"Plan Width": 16,"Actual Startup Time": 194.461,"Actual Total Time": 195.077,"Actual Rows": 12672,"Actual Loops": 4,"Sort Key": ["orders.o_orderpriority"],"Sort Method": "quicksort","Sort Space Used": 1091,"Sort Space Type": "Memory","Workers": [{"Worker Number": 0,"Sort Method": "quicksort","Sort Space Used": 1078,"Sort Space Type": "Memory"},{"Worker Number": 1,"Sort Method": "quicksort","Sort Space Used": 1070,"Sort Space Type": "Memory"},{"Worker Number": 2,"Sort Method": "quicksort","Sort Space Used": 1070,"Sort Space Type": "Memory"}],"Plans": [{"Node Type": "Nested Loop","Parent Relationship": "Outer","Parallel Aware": false,"Async Capable": false,"Join Type": "Semi","Startup Cost": 772.67,"Total Cost": 50127.83,"Plan Rows": 4274,"Plan Width": 16,"Actual Startup Time": 5.232,"Actual Total Time": 188.261,"Actual Rows": 12672,"Actual Loops": 4,"Inner Unique": false,"Workers": [],"Plans": [{"Node Type": "Bitmap Heap Scan","Parent Relationship": "Outer","Parallel Aware": true,"Async Capable": false,"Relation Name": "orders","Alias": "orders","Startup Cost": 772.23,"Total Cost": 27137.17,"Plan Rows": 17996,"Plan Width": 20,"Actual Startup Time": 5.082,"Actual Total Time": 55.866,"Actual Rows": 13816,"Actual Loops": 4,"Recheck Cond": "((o_orderdate >= '1993-02-01'::date) AND (o_orderdate < '1993-05-01 00:00:00'::timestamp without time zone))","Rows Removed by Index Recheck": 0,"Exact Heap Blocks": 5921,"Lossy Heap Blocks": 0,"Workers": [],"Plans": [{"Node Type": "Bitmap Index Scan","Parent Relationship": "Outer","Parallel Aware": false,"Async Capable": false,"Index Name": "idx_orders_orderdate","Startup Cost": 0.00,"Total Cost": 758.29,"Plan Rows": 55786,"Plan Width": 0,"Actual Startup Time": 8.614,"Actual Total Time": 8.615,"Actual Rows": 55266,"Actual Loops": 1,"Index Cond": "((o_orderdate >= '1993-02-01'::date) AND (o_orderdate < '1993-05-01 00:00:00'::timestamp without time zone))","Workers": []}]},{"Node Type": "Index Scan","Parent Relationship": "Inner","Parallel Aware": false,"Async Capable": false,"Scan Direction": "Forward","Index Name": "idx_lineitem_orderkey","Relation Name": "lineitem","Alias": "lineitem","Startup Cost": 0.43,"Total Cost": 4.66,"Plan Rows": 6,"Plan Width": 4,"Actual Startup Time": 0.009,"Actual Total Time": 0.009,"Actual Rows": 1,"Actual Loops": 55266,"Index Cond": "(l_orderkey = orders.o_orderkey)","Rows Removed by Index Recheck": 0,"Filter": "(l_commitdate < l_receiptdate)","Rows Removed by Filter": 1,"Workers": []}]}]}]}]}]},"Planning Time": 4.231,"Triggers": [],"Execution Time": 227.850}]
[{"Plan": {"Node Type": "Aggregate","Strategy": "Sorted","Partial Mode": "Finalize","Parallel Aware": false,"Async Capable": false,"Startup Cost": 52188.36,"Total Cost": 52223.67,"Plan Rows": 5,"Plan Width": 24,"Actual Startup Time": 206.752,"Actual Total Time": 231.361,"Actual Rows": 5,"Actual Loops": 1,"Group Key": ["orders.o_orderpriority"],"Plans": [{"Node Type": "Gather Merge","Parent Relationship": "Outer","Parallel Aware": false,"Async Capable": false,"Startup Cost": 52188.36,"Total Cost": 52223.54,"Plan Rows": 15,"Plan Width": 24,"Actual Startup Time": 206.342,"Actual Total Time": 231.324,"Actual Rows": 20,"Actual Loops": 1,"Workers Planned": 3,"Workers Launched": 3,"Plans": [{"Node Type": "Aggregate","Strategy": "Sorted","Partial Mode": "Partial","Parent Relationship": "Outer","Parallel Aware": false,"Async Capable": false,"Startup Cost": 51188.32,"Total Cost": 51221.74,"Plan Rows": 5,"Plan Width": 24,"Actual Startup Time": 197.592,"Actual Total Time": 198.857,"Actual Rows": 5,"Actual Loops": 4,"Group Key": ["orders.o_orderpriority"],"Workers": [],"Plans": [{"Node Type": "Sort","Parent Relationship": "Outer","Parallel Aware": false,"Async Capable": false,"Startup Cost": 51188.32,"Total Cost": 51199.44,"Plan Rows": 4450,"Plan Width": 16,"Actual Startup Time": 197.254,"Actual Total Time": 197.787,"Actual Rows": 13171,"Actual Loops": 4,"Sort Key": ["orders.o_orderpriority"],"Sort Method": "quicksort","Sort Space Used": 1095,"Sort Space Type": "Memory","Workers": [{"Worker Number": 0,"Sort Method": "quicksort","Sort Space Used": 1116,"Sort Space Type": "Memory"},{"Worker Number": 1,"Sort Method": "quicksort","Sort Space Used": 1089,"Sort Space Type": "Memory"},{"Worker Number": 2,"Sort Method": "quicksort","Sort Space Used": 1119,"Sort Space Type": "Memory"}],"Plans": [{"Node Type": "Nested Loop","Parent Relationship": "Outer","Parallel Aware": false,"Async Capable": false,"Join Type": "Semi","Startup Cost": 804.19,"Total Cost": 50918.66,"Plan Rows": 4450,"Plan Width": 16,"Actual Startup Time": 4.989,"Actual Total Time": 190.898,"Actual Rows": 13171,"Actual Loops": 4,"Inner Unique": false,"Workers": [],"Plans": [{"Node Type": "Bitmap Heap Scan","Parent Relationship": "Outer","Parallel Aware": true,"Async Capable": false,"Relation Name": "orders","Alias": "orders","Startup Cost": 803.76,"Total Cost": 27179.79,"Plan Rows": 18736,"Plan Width": 20,"Actual Startup Time": 4.856,"Actual Total Time": 55.634,"Actual Rows": 14328,"Actual Loops": 4,"Recheck Cond": "((o_orderdate >= '1994-05-01'::date) AND (o_orderdate < '1994-08-01 00:00:00'::timestamp without time zone))","Rows Removed by Index Recheck": 0,"Exact Heap Blocks": 5709,"Lossy Heap Blocks": 0,"Workers": [],"Plans": [{"Node Type": "Bitmap Index Scan","Parent Relationship": "Outer","Parallel Aware": false,"Async Capable": false,"Index Name": "idx_orders_orderdate","Startup Cost": 0.00,"Total Cost": 789.24,"Plan Rows": 58081,"Plan Width": 0,"Actual Startup Time": 8.408,"Actual Total Time": 8.410,"Actual Rows": 57311,"Actual Loops": 1,"Index Cond": "((o_orderdate >= '1994-05-01'::date) AND (o_orderdate < '1994-08-01 00:00:00'::timestamp without time zone))","Workers": []}]},{"Node Type": "Index Scan","Parent Relationship": "Inner","Parallel Aware": false,"Async Capable": false,"Scan Direction": "Forward","Index Name": "idx_lineitem_orderkey","Relation Name": "lineitem","Alias": "lineitem","Startup Cost": 0.43,"Total Cost": 4.61,"Plan Rows": 6,"Plan Width": 4,"Actual Startup Time": 0.009,"Actual Total Time": 0.009,"Actual Rows": 1,"Actual Loops": 57311,"Index Cond": "(l_orderkey = orders.o_orderkey)","Rows Removed by Index Recheck": 0,"Filter": "(l_commitdate < l_receiptdate)","Rows Removed by Filter": 1,"Workers": []}]}]}]}]}]},"Planning Time": 4.567,"Triggers": [],"Execution Time": 232.063}]
[{"Plan": {"Node Type": "Aggregate","Strategy": "Sorted","Partial Mode": "Finalize","Parallel Aware": false,"Async Capable": false,"Startup Cost": 52360.14,"Total Cost": 52395.74,"Plan Rows": 5,"Plan Width": 24,"Actual Startup Time": 212.297,"Actual Total Time": 236.425,"Actual Rows": 5,"Actual Loops": 1,"Group Key": ["orders.o_orderpriority"],"Plans": [{"Node Type": "Gather Merge","Parent Relationship": "Outer","Parallel Aware": false,"Async Capable": false,"Startup Cost": 52360.14,"Total Cost": 52395.61,"Plan Rows": 15,"Plan Width": 24,"Actual Startup Time": 211.946,"Actual Total Time": 236.394,"Actual Rows": 20,"Actual Loops": 1,"Workers Planned": 3,"Workers Launched": 3,"Plans": [{"Node Type": "Aggregate","Strategy": "Sorted","Partial Mode": "Partial","Parent Relationship": "Outer","Parallel Aware": false,"Async Capable": false,"Startup Cost": 51360.10,"Total Cost": 51393.81,"Plan Rows": 5,"Plan Width": 24,"Actual Startup Time": 203.132,"Actual Total Time": 204.381,"Actual Rows": 5,"Actual Loops": 4,"Group Key": ["orders.o_orderpriority"],"Workers": [],"Plans": [{"Node Type": "Sort","Parent Relationship": "Outer","Parallel Aware": false,"Async Capable": false,"Startup Cost": 51360.10,"Total Cost": 51371.32,"Plan Rows": 4488,"Plan Width": 16,"Actual Startup Time": 202.800,"Actual Total Time": 203.297,"Actual Rows": 13290,"Actual Loops": 4,"Sort Key": ["orders.o_orderpriority"],"Sort Method": "quicksort","Sort Space Used": 1098,"Sort Space Type": "Memory","Workers": [{"Worker Number": 0,"Sort Method": "quicksort","Sort Space Used": 1124,"Sort Space Type": "Memory"},{"Worker Number": 1,"Sort Method": "quicksort","Sort Space Used": 1137,"Sort Space Type": "Memory"},{"Worker Number": 2,"Sort Method": "quicksort","Sort Space Used": 1087,"Sort Space Type": "Memory"}],"Plans": [{"Node Type": "Nested Loop","Parent Relationship": "Outer","Parallel Aware": false,"Async Capable": false,"Join Type": "Semi","Startup Cost": 809.33,"Total Cost": 51087.86,"Plan Rows": 4488,"Plan Width": 16,"Actual Startup Time": 5.403,"Actual Total Time": 196.470,"Actual Rows": 13290,"Actual Loops": 4,"Inner Unique": false,"Workers": [],"Plans": [{"Node Type": "Bitmap Heap Scan","Parent Relationship": "Outer","Parallel Aware": true,"Async Capable": false,"Relation Name": "orders","Alias": "orders","Startup Cost": 808.89,"Total Cost": 27187.35,"Plan Rows": 18897,"Plan Width": 20,"Actual Startup Time": 5.275,"Actual Total Time": 58.082,"Actual Rows": 14470,"Actual Loops": 4,"Recheck Cond": "((o_orderdate >= '1996-08-01'::date) AND (o_orderdate < '1996-11-01 00:00:00'::timestamp without time zone))","Rows Removed by Index Recheck": 0,"Exact Heap Blocks": 5695,"Lossy Heap Blocks": 0,"Workers": [],"Plans": [{"Node Type": "Bitmap Index Scan","Parent Relationship": "Outer","Parallel Aware": false,"Async Capable": false,"Index Name": "idx_orders_orderdate","Startup Cost": 0.00,"Total Cost": 794.25,"Plan Rows": 58582,"Plan Width": 0,"Actual Startup Time": 8.974,"Actual Total Time": 8.976,"Actual Rows": 57880,"Actual Loops": 1,"Index Cond": "((o_orderdate >= '1996-08-01'::date) AND (o_orderdate < '1996-11-01 00:00:00'::timestamp without time zone))","Workers": []}]},{"Node Type": "Index Scan","Parent Relationship": "Inner","Parallel Aware": false,"Async Capable": false,"Scan Direction": "Forward","Index Name": "idx_lineitem_orderkey","Relation Name": "lineitem","Alias": "lineitem","Startup Cost": 0.43,"Total Cost": 4.60,"Plan Rows": 6,"Plan Width": 4,"Actual Startup Time": 0.009,"Actual Total Time": 0.009,"Actual Rows": 1,"Actual Loops": 57880,"Index Cond": "(l_orderkey = orders.o_orderkey)","Rows Removed by Index Recheck": 0,"Filter": "(l_commitdate < l_receiptdate)","Rows Removed by Filter": 1,"Workers": []}]}]}]}]}]},"Planning Time": 4.460,"Triggers": [],"Execution Time": 236.855}]
[{"Plan": {"Node Type": "Aggregate","Strategy": "Sorted","Partial Mode": "Finalize","Parallel Aware": false,"Async Capable": false,"Startup Cost": 52283.40,"Total Cost": 52318.87,"Plan Rows": 5,"Plan Width": 24,"Actual Startup Time": 207.856,"Actual Total Time": 232.061,"Actual Rows": 5,"Actual Loops": 1,"Group Key": ["orders.o_orderpriority"],"Plans": [{"Node Type": "Gather Merge","Parent Relationship": "Outer","Parallel Aware": false,"Async Capable": false,"Startup Cost": 52283.40,"Total Cost": 52318.75,"Plan Rows": 15,"Plan Width": 24,"Actual Startup Time": 207.460,"Actual Total Time": 232.033,"Actual Rows": 20,"Actual Loops": 1,"Workers Planned": 3,"Workers Launched": 3,"Plans": [{"Node Type": "Aggregate","Strategy": "Sorted","Partial Mode": "Partial","Parent Relationship": "Outer","Parallel Aware": false,"Async Capable": false,"Startup Cost": 51283.36,"Total Cost": 51316.95,"Plan Rows": 5,"Plan Width": 24,"Actual Startup Time": 198.383,"Actual Total Time": 199.637,"Actual Rows": 5,"Actual Loops": 4,"Group Key": ["orders.o_orderpriority"],"Workers": [],"Plans": [{"Node Type": "Sort","Parent Relationship": "Outer","Parallel Aware": false,"Async Capable": false,"Startup Cost": 51283.36,"Total Cost": 51294.54,"Plan Rows": 4471,"Plan Width": 16,"Actual Startup Time": 198.029,"Actual Total Time": 198.557,"Actual Rows": 12996,"Actual Loops": 4,"Sort Key": ["orders.o_orderpriority"],"Sort Method": "quicksort","Sort Space Used": 1092,"Sort Space Type": "Memory","Workers": [{"Worker Number": 0,"Sort Method": "quicksort","Sort Space Used": 1114,"Sort Space Type": "Memory"},{"Worker Number": 1,"Sort Method": "quicksort","Sort Space Used": 1076,"Sort Space Type": "Memory"},{"Worker Number": 2,"Sort Method": "quicksort","Sort Space Used": 1099,"Sort Space Type": "Memory"}],"Plans": [{"Node Type": "Nested Loop","Parent Relationship": "Outer","Parallel Aware": false,"Async Capable": false,"Join Type": "Semi","Startup Cost": 807.02,"Total Cost": 51012.28,"Plan Rows": 4471,"Plan Width": 16,"Actual Startup Time": 5.146,"Actual Total Time": 191.580,"Actual Rows": 12996,"Actual Loops": 4,"Inner Unique": false,"Workers": [],"Plans": [{"Node Type": "Bitmap Heap Scan","Parent Relationship": "Outer","Parallel Aware": true,"Async Capable": false,"Relation Name": "orders","Alias": "orders","Startup Cost": 806.59,"Total Cost": 27183.96,"Plan Rows": 18825,"Plan Width": 20,"Actual Startup Time": 5.016,"Actual Total Time": 56.818,"Actual Rows": 14161,"Actual Loops": 4,"Recheck Cond": "((o_orderdate >= '1994-04-01'::date) AND (o_orderdate < '1994-07-01 00:00:00'::timestamp without time zone))","Rows Removed by Index Recheck": 0,"Exact Heap Blocks": 5770,"Lossy Heap Blocks": 0,"Workers": [],"Plans": [{"Node Type": "Bitmap Index Scan","Parent Relationship": "Outer","Parallel Aware": false,"Async Capable": false,"Index Name": "idx_orders_orderdate","Startup Cost": 0.00,"Total Cost": 792.00,"Plan Rows": 58357,"Plan Width": 0,"Actual Startup Time": 8.503,"Actual Total Time": 8.503,"Actual Rows": 56645,"Actual Loops": 1,"Index Cond": "((o_orderdate >= '1994-04-01'::date) AND (o_orderdate < '1994-07-01 00:00:00'::timestamp without time zone))","Workers": []}]},{"Node Type": "Index Scan","Parent Relationship": "Inner","Parallel Aware": false,"Async Capable": false,"Scan Direction": "Forward","Index Name": "idx_lineitem_orderkey","Relation Name": "lineitem","Alias": "lineitem","Startup Cost": 0.43,"Total Cost": 4.60,"Plan Rows": 6,"Plan Width": 4,"Actual Startup Time": 0.009,"Actual Total Time": 0.009,"Actual Rows": 1,"Actual Loops": 56645,"Index Cond": "(l_orderkey = orders.o_orderkey)","Rows Removed by Index Recheck": 0,"Filter": "(l_commitdate < l_receiptdate)","Rows Removed by Filter": 1,"Workers": []}]}]}]}]}]},"Planning Time": 4.301,"Triggers": [],"Execution Time": 232.692}]
[{"Plan": {"Node Type": "Aggregate","Strategy": "Sorted","Partial Mode": "Finalize","Parallel Aware": false,"Async Capable": false,"Startup Cost": 52151.90,"Total Cost": 52187.16,"Plan Rows": 5,"Plan Width": 24,"Actual Startup Time": 210.638,"Actual Total Time": 234.377,"Actual Rows": 5,"Actual Loops": 1,"Group Key": ["orders.o_orderpriority"],"Plans": [{"Node Type": "Gather Merge","Parent Relationship": "Outer","Parallel Aware": false,"Async Capable": false,"Startup Cost": 52151.90,"Total Cost": 52187.03,"Plan Rows": 15,"Plan Width": 24,"Actual Startup Time": 210.240,"Actual Total Time": 234.359,"Actual Rows": 20,"Actual Loops": 1,"Workers Planned": 3,"Workers Launched": 3,"Plans": [{"Node Type": "Aggregate","Strategy": "Sorted","Partial Mode": "Partial","Parent Relationship": "Outer","Parallel Aware": false,"Async Capable": false,"Startup Cost": 51151.86,"Total Cost": 51185.23,"Plan Rows": 5,"Plan Width": 24,"Actual Startup Time": 201.517,"Actual Total Time": 202.754,"Actual Rows": 5,"Actual Loops": 4,"Group Key": ["orders.o_orderpriority"],"Workers": [],"Plans": [{"Node Type": "Sort","Parent Relationship": "Outer","Parallel Aware": false,"Async Capable": false,"Startup Cost": 51151.86,"Total Cost": 51162.97,"Plan Rows": 4442,"Plan Width": 16,"Actual Startup Time": 201.174,"Actual Total Time": 201.691,"Actual Rows": 12988,"Actual Loops": 4,"Sort Key": ["orders.o_orderpriority"],"Sort Method": "quicksort","Sort Space Used": 1106,"Sort Space Type": "Memory","Workers": [{"Worker Number": 0,"Sort Method": "quicksort","Sort Space Used": 1082,"Sort Space Type": "Memory"},{"Worker Number": 1,"Sort Method": "quicksort","Sort Space Used": 1101,"Sort Space Type": "Memory"},{"Worker Number": 2,"Sort Method": "quicksort","Sort Space Used": 1090,"Sort Space Type": "Memory"}],"Plans": [{"Node Type": "Nested Loop","Parent Relationship": "Outer","Parallel Aware": false,"Async Capable": false,"Join Type": "Semi","Startup Cost": 803.12,"Total Cost": 50882.74,"Plan Rows": 4442,"Plan Width": 16,"Actual Startup Time": 5.439,"Actual Total Time": 194.803,"Actual Rows": 12988,"Actual Loops": 4,"Inner Unique": false,"Workers": [],"Plans": [{"Node Type": "Bitmap Heap Scan","Parent Relationship": "Outer","Parallel Aware": true,"Async Capable": false,"Relation Name": "orders","Alias": "orders","Startup Cost": 802.69,"Total Cost": 27178.23,"Plan Rows": 18702,"Plan Width": 20,"Actual Startup Time": 5.309,"Actual Total Time": 58.612,"Actual Rows": 14170,"Actual Loops": 4,"Recheck Cond": "((o_orderdate >= '1995-12-01'::date) AND (o_orderdate < '1996-03-01 00:00:00'::timestamp without time zone))","Rows Removed by Index Recheck": 0,"Exact Heap Blocks": 5992,"Lossy Heap Blocks": 0,"Workers": [],"Plans": [{"Node Type": "Bitmap Index Scan","Parent Relationship": "Outer","Parallel Aware": false,"Async Capable": false,"Index Name": "idx_orders_orderdate","Startup Cost": 0.00,"Total Cost": 788.20,"Plan Rows": 57977,"Plan Width": 0,"Actual Startup Time": 8.900,"Actual Total Time": 8.902,"Actual Rows": 56682,"Actual Loops": 1,"Index Cond": "((o_orderdate >= '1995-12-01'::date) AND (o_orderdate < '1996-03-01 00:00:00'::timestamp without time zone))","Workers": []}]},{"Node Type": "Index Scan","Parent Relationship": "Inner","Parallel Aware": false,"Async Capable": false,"Scan Direction": "Forward","Index Name": "idx_lineitem_orderkey","Relation Name": "lineitem","Alias": "lineitem","Startup Cost": 0.43,"Total Cost": 4.61,"Plan Rows": 6,"Plan Width": 4,"Actual Startup Time": 0.009,"Actual Total Time": 0.009,"Actual Rows": 1,"Actual Loops": 56682,"Index Cond": "(l_orderkey = orders.o_orderkey)","Rows Removed by Index Recheck": 0,"Filter": "(l_commitdate < l_receiptdate)","Rows Removed by Filter": 1,"Workers": []}]}]}]}]}]},"Planning Time": 4.197,"Triggers": [],"Execution Time": 234.781}]
[{"Plan": {"Node Type": "Aggregate","Strategy": "Sorted","Partial Mode": "Finalize","Parallel Aware": false,"Async Capable": false,"Startup Cost": 51603.08,"Total Cost": 51637.43,"Plan Rows": 5,"Plan Width": 24,"Actual Startup Time": 206.486,"Actual Total Time": 231.871,"Actual Rows": 5,"Actual Loops": 1,"Group Key": ["orders.o_orderpriority"],"Plans": [{"Node Type": "Gather Merge","Parent Relationship": "Outer","Parallel Aware": false,"Async Capable": false,"Startup Cost": 51603.08,"Total Cost": 51637.31,"Plan Rows": 15,"Plan Width": 24,"Actual Startup Time": 206.081,"Actual Total Time": 231.843,"Actual Rows": 20,"Actual Loops": 1,"Workers Planned": 3,"Workers Launched": 3,"Plans": [{"Node Type": "Aggregate","Strategy": "Sorted","Partial Mode": "Partial","Parent Relationship": "Outer","Parallel Aware": false,"Async Capable": false,"Startup Cost": 50603.04,"Total Cost": 50635.51,"Plan Rows": 5,"Plan Width": 24,"Actual Startup Time": 197.360,"Actual Total Time": 198.642,"Actual Rows": 5,"Actual Loops": 4,"Group Key": ["orders.o_orderpriority"],"Workers": [],"Plans": [{"Node Type": "Sort","Parent Relationship": "Outer","Parallel Aware": false,"Async Capable": false,"Startup Cost": 50603.04,"Total Cost": 50613.85,"Plan Rows": 4322,"Plan Width": 16,"Actual Startup Time": 197.017,"Actual Total Time": 197.567,"Actual Rows": 13131,"Actual Loops": 4,"Sort Key": ["orders.o_orderpriority"],"Sort Method": "quicksort","Sort Space Used": 1089,"Sort Space Type": "Memory","Workers": [{"Worker Number": 0,"Sort Method": "quicksort","Sort Space Used": 1120,"Sort Space Type": "Memory"},{"Worker Number": 1,"Sort Method": "quicksort","Sort Space Used": 1083,"Sort Space Type": "Memory"},{"Worker Number": 2,"Sort Method": "quicksort","Sort Space Used": 1118,"Sort Space Type": "Memory"}],"Plans": [{"Node Type": "Nested Loop","Parent Relationship": "Outer","Parallel Aware": false,"Async Capable": false,"Join Type": "Semi","Startup Cost": 779.09,"Total Cost": 50342.05,"Plan Rows": 4322,"Plan Width": 16,"Actual Startup Time": 4.937,"Actual Total Time": 190.619,"Actual Rows": 13131,"Actual Loops": 4,"Inner Unique": false,"Workers": [],"Plans": [{"Node Type": "Bitmap Heap Scan","Parent Relationship": "Outer","Parallel Aware": true,"Async Capable": false,"Relation Name": "orders","Alias": "orders","Startup Cost": 778.66,"Total Cost": 27146.63,"Plan Rows": 18198,"Plan Width": 20,"Actual Startup Time": 4.811,"Actual Total Time": 55.616,"Actual Rows": 14304,"Actual Loops": 4,"Recheck Cond": "((o_orderdate >= '1993-07-01'::date) AND (o_orderdate < '1993-10-01 00:00:00'::timestamp without time zone))","Rows Removed by Index Recheck": 0,"Exact Heap Blocks": 5709,"Lossy Heap Blocks": 0,"Workers": [],"Plans": [{"Node Type": "Bitmap Index Scan","Parent Relationship": "Outer","Parallel Aware": false,"Async Capable": false,"Index Name": "idx_orders_orderdate","Startup Cost": 0.00,"Total Cost": 764.56,"Plan Rows": 56413,"Plan Width": 0,"Actual Startup Time": 8.166,"Actual Total Time": 8.170,"Actual Rows": 57218,"Actual Loops": 1,"Index Cond": "((o_orderdate >= '1993-07-01'::date) AND (o_orderdate < '1993-10-01 00:00:00'::timestamp without time zone))","Workers": []}]},{"Node Type": "Index Scan","Parent Relationship": "Inner","Parallel Aware": false,"Async Capable": false,"Scan Direction": "Forward","Index Name": "idx_lineitem_orderkey","Relation Name": "lineitem","Alias": "lineitem","Startup Cost": 0.43,"Total Cost": 4.64,"Plan Rows": 6,"Plan Width": 4,"Actual Startup Time": 0.009,"Actual Total Time": 0.009,"Actual Rows": 1,"Actual Loops": 57218,"Index Cond": "(l_orderkey = orders.o_orderkey)","Rows Removed by Index Recheck": 0,"Filter": "(l_commitdate < l_receiptdate)","Rows Removed by Filter": 1,"Workers": []}]}]}]}]}]},"Planning Time": 4.369,"Triggers": [],"Execution Time": 232.584}]
[{"Plan": {"Node Type": "Aggregate","Strategy": "Sorted","Partial Mode": "Finalize","Parallel Aware": false,"Async Capable": false,"Startup Cost": 52343.20,"Total Cost": 52378.77,"Plan Rows": 5,"Plan Width": 24,"Actual Startup Time": 215.407,"Actual Total Time": 239.586,"Actual Rows": 5,"Actual Loops": 1,"Group Key": ["orders.o_orderpriority"],"Plans": [{"Node Type": "Gather Merge","Parent Relationship": "Outer","Parallel Aware": false,"Async Capable": false,"Startup Cost": 52343.20,"Total Cost": 52378.65,"Plan Rows": 15,"Plan Width": 24,"Actual Startup Time": 214.978,"Actual Total Time": 239.549,"Actual Rows": 20,"Actual Loops": 1,"Workers Planned": 3,"Workers Launched": 3,"Plans": [{"Node Type": "Aggregate","Strategy": "Sorted","Partial Mode": "Partial","Parent Relationship": "Outer","Parallel Aware": false,"Async Capable": false,"Startup Cost": 51343.16,"Total Cost": 51376.84,"Plan Rows": 5,"Plan Width": 24,"Actual Startup Time": 205.596,"Actual Total Time": 206.879,"Actual Rows": 5,"Actual Loops": 4,"Group Key": ["orders.o_orderpriority"],"Workers": [],"Plans": [{"Node Type": "Sort","Parent Relationship": "Outer","Parallel Aware": false,"Async Capable": false,"Startup Cost": 51343.16,"Total Cost": 51354.37,"Plan Rows": 4485,"Plan Width": 16,"Actual Startup Time": 205.237,"Actual Total Time": 205.803,"Actual Rows": 13167,"Actual Loops": 4,"Sort Key": ["orders.o_orderpriority"],"Sort Method": "quicksort","Sort Space Used": 1102,"Sort Space Type": "Memory","Workers": [{"Worker Number": 0,"Sort Method": "quicksort","Sort Space Used": 1081,"Sort Space Type": "Memory"},{"Worker Number": 1,"Sort Method": "quicksort","Sort Space Used": 1119,"Sort Space Type": "Memory"},{"Worker Number": 2,"Sort Method": "quicksort","Sort Space Used": 1117,"Sort Space Type": "Memory"}],"Plans": [{"Node Type": "Nested Loop","Parent Relationship": "Outer","Parallel Aware": false,"Async Capable": false,"Join Type": "Semi","Startup Cost": 808.80,"Total Cost": 51071.12,"Plan Rows": 4485,"Plan Width": 16,"Actual Startup Time": 4.655,"Actual Total Time": 198.688,"Actual Rows": 13167,"Actual Loops": 4,"Inner Unique": false,"Workers": [],"Plans": [{"Node Type": "Bitmap Heap Scan","Parent Relationship": "Outer","Parallel Aware": true,"Async Capable": false,"Relation Name": "orders","Alias": "orders","Startup Cost": 808.37,"Total Cost": 27186.58,"Plan Rows": 18881,"Plan Width": 20,"Actual Startup Time": 4.532,"Actual Total Time": 59.577,"Actual Rows": 14389,"Actual Loops": 4,"Recheck Cond": "((o_orderdate >= '1995-03-01'::date) AND (o_orderdate < '1995-06-01 00:00:00'::timestamp without time zone))","Rows Removed by Index Recheck": 0,"Exact Heap Blocks": 5772,"Lossy Heap Blocks": 0,"Workers": [],"Plans": [{"Node Type": "Bitmap Index Scan","Parent Relationship": "Outer","Parallel Aware": false,"Async Capable": false,"Index Name": "idx_orders_orderdate","Startup Cost": 0.00,"Total Cost": 793.74,"Plan Rows": 58531,"Plan Width": 0,"Actual Startup Time": 8.319,"Actual Total Time": 8.322,"Actual Rows": 57556,"Actual Loops": 1,"Index Cond": "((o_orderdate >= '1995-03-01'::date) AND (o_orderdate < '1995-06-01 00:00:00'::timestamp without time zone))","Workers": []}]},{"Node Type": "Index Scan","Parent Relationship": "Inner","Parallel Aware": false,"Async Capable": false,"Scan Direction": "Forward","Index Name": "idx_lineitem_orderkey","Relation Name": "lineitem","Alias": "lineitem","Startup Cost": 0.43,"Total Cost": 4.60,"Plan Rows": 6,"Plan Width": 4,"Actual Startup Time": 0.009,"Actual Total Time": 0.009,"Actual Rows": 1,"Actual Loops": 57556,"Index Cond": "(l_orderkey = orders.o_orderkey)","Rows Removed by Index Recheck": 0,"Filter": "(l_commitdate < l_receiptdate)","Rows Removed by Filter": 1,"Workers": []}]}]}]}]}]},"Planning Time": 5.651,"Triggers": [],"Execution Time": 240.072}]
[{"Plan": {"Node Type": "Aggregate","Strategy": "Sorted","Partial Mode": "Finalize","Parallel Aware": false,"Async Capable": false,"Startup Cost": 52021.13,"Total Cost": 52056.16,"Plan Rows": 5,"Plan Width": 24,"Actual Startup Time": 203.693,"Actual Total Time": 227.755,"Actual Rows": 5,"Actual Loops": 1,"Group Key": ["orders.o_orderpriority"],"Plans": [{"Node Type": "Gather Merge","Parent Relationship": "Outer","Parallel Aware": false,"Async Capable": false,"Startup Cost": 52021.13,"Total Cost": 52056.04,"Plan Rows": 15,"Plan Width": 24,"Actual Startup Time": 203.285,"Actual Total Time": 227.721,"Actual Rows": 20,"Actual Loops": 1,"Workers Planned": 3,"Workers Launched": 3,"Plans": [{"Node Type": "Aggregate","Strategy": "Sorted","Partial Mode": "Partial","Parent Relationship": "Outer","Parallel Aware": false,"Async Capable": false,"Startup Cost": 51021.09,"Total Cost": 51054.24,"Plan Rows": 5,"Plan Width": 24,"Actual Startup Time": 195.016,"Actual Total Time": 196.267,"Actual Rows": 5,"Actual Loops": 4,"Group Key": ["orders.o_orderpriority"],"Workers": [],"Plans": [{"Node Type": "Sort","Parent Relationship": "Outer","Parallel Aware": false,"Async Capable": false,"Startup Cost": 51021.09,"Total Cost": 51032.12,"Plan Rows": 4413,"Plan Width": 16,"Actual Startup Time": 194.670,"Actual Total Time": 195.213,"Actual Rows": 12850,"Actual Loops": 4,"Sort Key": ["orders.o_orderpriority"],"Sort Method": "quicksort","Sort Space Used": 1082,"Sort Space Type": "Memory","Workers": [{"Worker Number": 0,"Sort Method": "quicksort","Sort Space Used": 1095,"Sort Space Type": "Memory"},{"Worker Number": 1,"Sort Method": "quicksort","Sort Space Used": 1073,"Sort Space Type": "Memory"},{"Worker Number": 2,"Sort Method": "quicksort","Sort Space Used": 1099,"Sort Space Type": "Memory"}],"Plans": [{"Node Type": "Nested Loop","Parent Relationship": "Outer","Parallel Aware": false,"Async Capable": false,"Join Type": "Semi","Startup Cost": 799.26,"Total Cost": 50753.94,"Plan Rows": 4413,"Plan Width": 16,"Actual Startup Time": 4.875,"Actual Total Time": 188.562,"Actual Rows": 12850,"Actual Loops": 4,"Inner Unique": false,"Workers": [],"Plans": [{"Node Type": "Bitmap Heap Scan","Parent Relationship": "Outer","Parallel Aware": true,"Async Capable": false,"Relation Name": "orders","Alias": "orders","Startup Cost": 798.83,"Total Cost": 27172.54,"Plan Rows": 18580,"Plan Width": 20,"Actual Startup Time": 4.743,"Actual Total Time": 55.256,"Actual Rows": 13993,"Actual Loops": 4,"Recheck Cond": "((o_orderdate >= '1993-12-01'::date) AND (o_orderdate < '1994-03-01 00:00:00'::timestamp without time zone))","Rows Removed by Index Recheck": 0,"Exact Heap Blocks": 5712,"Lossy Heap Blocks": 0,"Workers": [],"Plans": [{"Node Type": "Bitmap Index Scan","Parent Relationship": "Outer","Parallel Aware": false,"Async Capable": false,"Index Name": "idx_orders_orderdate","Startup Cost": 0.00,"Total Cost": 784.43,"Plan Rows": 57600,"Plan Width": 0,"Actual Startup Time": 7.826,"Actual Total Time": 7.827,"Actual Rows": 55973,"Actual Loops": 1,"Index Cond": "((o_orderdate >= '1993-12-01'::date) AND (o_orderdate < '1994-03-01 00:00:00'::timestamp without time zone))","Workers": []}]},{"Node Type": "Index Scan","Parent Relationship": "Inner","Parallel Aware": false,"Async Capable": false,"Scan Direction": "Forward","Index Name": "idx_lineitem_orderkey","Relation Name": "lineitem","Alias": "lineitem","Startup Cost": 0.43,"Total Cost": 4.62,"Plan Rows": 6,"Plan Width": 4,"Actual Startup Time": 0.009,"Actual Total Time": 0.009,"Actual Rows": 1,"Actual Loops": 55973,"Index Cond": "(l_orderkey = orders.o_orderkey)","Rows Removed by Index Recheck": 0,"Filter": "(l_commitdate < l_receiptdate)","Rows Removed by Filter": 1,"Workers": []}]}]}]}]}]},"Planning Time": 4.325,"Triggers": [],"Execution Time": 228.374}]
[{"Plan": {"Node Type": "Aggregate","Strategy": "Sorted","Partial Mode": "Finalize","Parallel Aware": false,"Async Capable": false,"Startup Cost": 52110.38,"Total Cost": 52145.56,"Plan Rows": 5,"Plan Width": 24,"Actual Startup Time": 207.799,"Actual Total Time": 232.338,"Actual Rows": 5,"Actual Loops": 1,"Group Key": ["orders.o_orderpriority"],"Plans": [{"Node Type": "Gather Merge","Parent Relationship": "Outer","Parallel Aware": false,"Async Capable": false,"Startup Cost": 52110.38,"Total Cost": 52145.44,"Plan Rows": 15,"Plan Width": 24,"Actual Startup Time": 207.395,"Actual Total Time": 232.308,"Actual Rows": 20,"Actual Loops": 1,"Workers Planned": 3,"Workers Launched": 3,"Plans": [{"Node Type": "Aggregate","Strategy": "Sorted","Partial Mode": "Partial","Parent Relationship": "Outer","Parallel Aware": false,"Async Capable": false,"Startup Cost": 51110.34,"Total Cost": 51143.64,"Plan Rows": 5,"Plan Width": 24,"Actual Startup Time": 198.996,"Actual Total Time": 200.262,"Actual Rows": 5,"Actual Loops": 4,"Group Key": ["orders.o_orderpriority"],"Workers": [],"Plans": [{"Node Type": "Sort","Parent Relationship": "Outer","Parallel Aware": false,"Async Capable": false,"Startup Cost": 51110.34,"Total Cost": 51121.42,"Plan Rows": 4433,"Plan Width": 16,"Actual Startup Time": 198.663,"Actual Total Time": 199.184,"Actual Rows": 13136,"Actual Loops": 4,"Sort Key": ["orders.o_orderpriority"],"Sort Method": "quicksort","Sort Space Used": 1098,"Sort Space Type": "Memory","Workers": [{"Worker Number": 0,"Sort Method": "quicksort","Sort Space Used": 1102,"Sort Space Type": "Memory"},{"Worker Number": 1,"Sort Method": "quicksort","Sort Space Used": 1095,"Sort Space Type": "Memory"},{"Worker Number": 2,"Sort Method": "quicksort","Sort Space Used": 1117,"Sort Space Type": "Memory"}],"Plans": [{"Node Type": "Nested Loop","Parent Relationship": "Outer","Parallel Aware": false,"Async Capable": false,"Join Type": "Semi","Startup Cost": 801.88,"Total Cost": 50841.83,"Plan Rows": 4433,"Plan Width": 16,"Actual Startup Time": 5.393,"Actual Total Time": 192.263,"Actual Rows": 13136,"Actual Loops": 4,"Inner Unique": false,"Workers": [],"Plans": [{"Node Type": "Bitmap Heap Scan","Parent Relationship": "Outer","Parallel Aware": true,"Async Capable": false,"Relation Name": "orders","Alias": "orders","Startup Cost": 801.45,"Total Cost": 27176.40,"Plan Rows": 18663,"Plan Width": 20,"Actual Startup Time": 5.231,"Actual Total Time": 56.374,"Actual Rows": 14326,"Actual Loops": 4,"Recheck Cond": "((o_orderdate >= '1997-10-01'::date) AND (o_orderdate < '1998-01-01 00:00:00'::timestamp without time zone))","Rows Removed by Index Recheck": 0,"Exact Heap Blocks": 5845,"Lossy Heap Blocks": 0,"Workers": [],"Plans": [{"Node Type": "Bitmap Index Scan","Parent Relationship": "Outer","Parallel Aware": false,"Async Capable": false,"Index Name": "idx_orders_orderdate","Startup Cost": 0.00,"Total Cost": 786.99,"Plan Rows": 57856,"Plan Width": 0,"Actual Startup Time": 8.327,"Actual Total Time": 8.329,"Actual Rows": 57306,"Actual Loops": 1,"Index Cond": "((o_orderdate >= '1997-10-01'::date) AND (o_orderdate < '1998-01-01 00:00:00'::timestamp without time zone))","Workers": []}]},{"Node Type": "Index Scan","Parent Relationship": "Inner","Parallel Aware": false,"Async Capable": false,"Scan Direction": "Forward","Index Name": "idx_lineitem_orderkey","Relation Name": "lineitem","Alias": "lineitem","Startup Cost": 0.43,"Total Cost": 4.61,"Plan Rows": 6,"Plan Width": 4,"Actual Startup Time": 0.009,"Actual Total Time": 0.009,"Actual Rows": 1,"Actual Loops": 57306,"Index Cond": "(l_orderkey = orders.o_orderkey)","Rows Removed by Index Recheck": 0,"Filter": "(l_commitdate < l_receiptdate)","Rows Removed by Filter": 1,"Workers": []}]}]}]}]}]},"Planning Time": 4.856,"Triggers": [],"Execution Time": 233.068}]
[{"Plan": {"Node Type": "Aggregate","Strategy": "Sorted","Partial Mode": "Finalize","Parallel Aware": false,"Async Capable": false,"Startup Cost": 51940.16,"Total Cost": 51975.07,"Plan Rows": 5,"Plan Width": 24,"Actual Startup Time": 211.359,"Actual Total Time": 235.485,"Actual Rows": 5,"Actual Loops": 1,"Group Key": ["orders.o_orderpriority"],"Plans": [{"Node Type": "Gather Merge","Parent Relationship": "Outer","Parallel Aware": false,"Async Capable": false,"Startup Cost": 51940.16,"Total Cost": 51974.94,"Plan Rows": 15,"Plan Width": 24,"Actual Startup Time": 210.977,"Actual Total Time": 235.464,"Actual Rows": 20,"Actual Loops": 1,"Workers Planned": 3,"Workers Launched": 3,"Plans": [{"Node Type": "Aggregate","Strategy": "Sorted","Partial Mode": "Partial","Parent Relationship": "Outer","Parallel Aware": false,"Async Capable": false,"Startup Cost": 50940.12,"Total Cost": 50973.14,"Plan Rows": 5,"Plan Width": 24,"Actual Startup Time": 202.425,"Actual Total Time": 203.673,"Actual Rows": 5,"Actual Loops": 4,"Group Key": ["orders.o_orderpriority"],"Workers": [],"Plans": [{"Node Type": "Sort","Parent Relationship": "Outer","Parallel Aware": false,"Async Capable": false,"Startup Cost": 50940.12,"Total Cost": 50951.11,"Plan Rows": 4396,"Plan Width": 16,"Actual Startup Time": 202.075,"Actual Total Time": 202.609,"Actual Rows": 13093,"Actual Loops": 4,"Sort Key": ["orders.o_orderpriority"],"Sort Method": "quicksort","Sort Space Used": 1113,"Sort Space Type": "Memory","Workers": [{"Worker Number": 0,"Sort Method": "quicksort","Sort Space Used": 1095,"Sort Space Type": "Memory"},{"Worker Number": 1,"Sort Method": "quicksort","Sort Space Used": 1096,"Sort Space Type": "Memory"},{"Worker Number": 2,"Sort Method": "quicksort","Sort Space Used": 1098,"Sort Space Type": "Memory"}],"Plans": [{"Node Type": "Nested Loop","Parent Relationship": "Outer","Parallel Aware": false,"Async Capable": false,"Join Type": "Semi","Startup Cost": 792.95,"Total Cost": 50674.12,"Plan Rows": 4396,"Plan Width": 16,"Actual Startup Time": 5.002,"Actual Total Time": 195.802,"Actual Rows": 13093,"Actual Loops": 4,"Inner Unique": false,"Workers": [],"Plans": [{"Node Type": "Bitmap Heap Scan","Parent Relationship": "Outer","Parallel Aware": true,"Async Capable": false,"Relation Name": "orders","Alias": "orders","Startup Cost": 792.52,"Total Cost": 27165.14,"Plan Rows": 18508,"Plan Width": 20,"Actual Startup Time": 4.882,"Actual Total Time": 58.015,"Actual Rows": 14267,"Actual Loops": 4,"Recheck Cond": "((o_orderdate >= '1993-10-01'::date) AND (o_orderdate < '1994-01-01 00:00:00'::timestamp without time zone))","Rows Removed by Index Recheck": 0,"Exact Heap Blocks": 5856,"Lossy Heap Blocks": 0,"Workers": [],"Plans": [{"Node Type": "Bitmap Index Scan","Parent Relationship": "Outer","Parallel Aware": false,"Async Capable": false,"Index Name": "idx_orders_orderdate","Startup Cost": 0.00,"Total Cost": 778.18,"Plan Rows": 57375,"Plan Width": 0,"Actual Startup Time": 8.440,"Actual Total Time": 8.441,"Actual Rows": 57069,"Actual Loops": 1,"Index Cond": "((o_orderdate >= '1993-10-01'::date) AND (o_orderdate < '1994-01-01 00:00:00'::timestamp without time zone))","Workers": []}]},{"Node Type": "Index Scan","Parent Relationship": "Inner","Parallel Aware": false,"Async Capable": false,"Scan Direction": "Forward","Index Name": "idx_lineitem_orderkey","Relation Name": "lineitem","Alias": "lineitem","Startup Cost": 0.43,"Total Cost": 4.62,"Plan Rows": 6,"Plan Width": 4,"Actual Startup Time": 0.009,"Actual Total Time": 0.009,"Actual Rows": 1,"Actual Loops": 57069,"Index Cond": "(l_orderkey = orders.o_orderkey)","Rows Removed by Index Recheck": 0,"Filter": "(l_commitdate < l_receiptdate)","Rows Removed by Filter": 1,"Workers": []}]}]}]}]}]},"Planning Time": 4.961,"Triggers": [],"Execution Time": 235.930}]
[{"Plan": {"Node Type": "Aggregate","Strategy": "Sorted","Partial Mode": "Finalize","Parallel Aware": false,"Async Capable": false,"Startup Cost": 51060.97,"Total Cost": 51094.44,"Plan Rows": 5,"Plan Width": 24,"Actual Startup Time": 208.763,"Actual Total Time": 232.565,"Actual Rows": 5,"Actual Loops": 1,"Group Key": ["orders.o_orderpriority"],"Plans": [{"Node Type": "Gather Merge","Parent Relationship": "Outer","Parallel Aware": false,"Async Capable": false,"Startup Cost": 51060.97,"Total Cost": 51094.31,"Plan Rows": 15,"Plan Width": 24,"Actual Startup Time": 208.330,"Actual Total Time": 232.538,"Actual Rows": 20,"Actual Loops": 1,"Workers Planned": 3,"Workers Launched": 3,"Plans": [{"Node Type": "Aggregate","Strategy": "Sorted","Partial Mode": "Partial","Parent Relationship": "Outer","Parallel Aware": false,"Async Capable": false,"Startup Cost": 50060.93,"Total Cost": 50092.51,"Plan Rows": 5,"Plan Width": 24,"Actual Startup Time": 199.165,"Actual Total Time": 200.386,"Actual Rows": 5,"Actual Loops": 4,"Group Key": ["orders.o_orderpriority"],"Workers": [],"Plans": [{"Node Type": "Sort","Parent Relationship": "Outer","Parallel Aware": false,"Async Capable": false,"Startup Cost": 50060.93,"Total Cost": 50071.44,"Plan Rows": 4204,"Plan Width": 16,"Actual Startup Time": 198.803,"Actual Total Time": 199.328,"Actual Rows": 12782,"Actual Loops": 4,"Sort Key": ["orders.o_orderpriority"],"Sort Method": "quicksort","Sort Space Used": 1045,"Sort Space Type": "Memory","Workers": [{"Worker Number": 0,"Sort Method": "quicksort","Sort Space Used": 1115,"Sort Space Type": "Memory"},{"Worker Number": 1,"Sort Method": "quicksort","Sort Space Used": 1122,"Sort Space Type": "Memory"},{"Worker Number": 2,"Sort Method": "quicksort","Sort Space Used": 1052,"Sort Space Type": "Memory"}],"Plans": [{"Node Type": "Nested Loop","Parent Relationship": "Outer","Parallel Aware": false,"Async Capable": false,"Join Type": "Semi","Startup Cost": 759.26,"Total Cost": 49807.90,"Plan Rows": 4204,"Plan Width": 16,"Actual Startup Time": 4.671,"Actual Total Time": 192.469,"Actual Rows": 12782,"Actual Loops": 4,"Inner Unique": false,"Workers": [],"Plans": [{"Node Type": "Bitmap Heap Scan","Parent Relationship": "Outer","Parallel Aware": true,"Async Capable": false,"Relation Name": "orders","Alias": "orders","Startup Cost": 758.82,"Total Cost": 27119.31,"Plan Rows": 17699,"Plan Width": 20,"Actual Startup Time": 4.522,"Actual Total Time": 56.148,"Actual Rows": 13946,"Actual Loops": 4,"Recheck Cond": "((o_orderdate >= '1997-01-01'::date) AND (o_orderdate < '1997-04-01 00:00:00'::timestamp without time zone))","Rows Removed by Index Recheck": 0,"Exact Heap Blocks": 5517,"Lossy Heap Blocks": 0,"Workers": [],"Plans": [{"Node Type": "Bitmap Index Scan","Parent Relationship": "Outer","Parallel Aware": false,"Async Capable": false,"Index Name": "idx_orders_orderdate","Startup Cost": 0.00,"Total Cost": 745.11,"Plan Rows": 54868,"Plan Width": 0,"Actual Startup Time": 8.317,"Actual Total Time": 8.318,"Actual Rows": 55784,"Actual Loops": 1,"Index Cond": "((o_orderdate >= '1997-01-01'::date) AND (o_orderdate < '1997-04-01 00:00:00'::timestamp without time zone))","Workers": []}]},{"Node Type": "Index Scan","Parent Relationship": "Inner","Parallel Aware": false,"Async Capable": false,"Scan Direction": "Forward","Index Name": "idx_lineitem_orderkey","Relation Name": "lineitem","Alias": "lineitem","Startup Cost": 0.43,"Total Cost": 4.68,"Plan Rows": 6,"Plan Width": 4,"Actual Startup Time": 0.009,"Actual Total Time": 0.009,"Actual Rows": 1,"Actual Loops": 55784,"Index Cond": "(l_orderkey = orders.o_orderkey)","Rows Removed by Index Recheck": 0,"Filter": "(l_commitdate < l_receiptdate)","Rows Removed by Filter": 1,"Workers": []}]}]}]}]}]},"Planning Time": 4.572,"Triggers": [],"Execution Time": 233.189}]
[{"Plan": {"Node Type": "Aggregate","Strategy": "Sorted","Partial Mode": "Finalize","Parallel Aware": false,"Async Capable": false,"Startup Cost": 52341.15,"Total Cost": 52376.72,"Plan Rows": 5,"Plan Width": 24,"Actual Startup Time": 211.523,"Actual Total Time": 235.394,"Actual Rows": 5,"Actual Loops": 1,"Group Key": ["orders.o_orderpriority"],"Plans": [{"Node Type": "Gather Merge","Parent Relationship": "Outer","Parallel Aware": false,"Async Capable": false,"Startup Cost": 52341.15,"Total Cost": 52376.60,"Plan Rows": 15,"Plan Width": 24,"Actual Startup Time": 211.162,"Actual Total Time": 235.331,"Actual Rows": 20,"Actual Loops": 1,"Workers Planned": 3,"Workers Launched": 3,"Plans": [{"Node Type": "Aggregate","Strategy": "Sorted","Partial Mode": "Partial","Parent Relationship": "Outer","Parallel Aware": false,"Async Capable": false,"Startup Cost": 51341.11,"Total Cost": 51374.79,"Plan Rows": 5,"Plan Width": 24,"Actual Startup Time": 201.729,"Actual Total Time": 202.979,"Actual Rows": 5,"Actual Loops": 4,"Group Key": ["orders.o_orderpriority"],"Workers": [],"Plans": [{"Node Type": "Sort","Parent Relationship": "Outer","Parallel Aware": false,"Async Capable": false,"Startup Cost": 51341.11,"Total Cost": 51352.32,"Plan Rows": 4484,"Plan Width": 16,"Actual Startup Time": 201.384,"Actual Total Time": 201.903,"Actual Rows": 13062,"Actual Loops": 4,"Sort Key": ["orders.o_orderpriority"],"Sort Method": "quicksort","Sort Space Used": 1090,"Sort Space Type": "Memory","Workers": [{"Worker Number": 0,"Sort Method": "quicksort","Sort Space Used": 1125,"Sort Space Type": "Memory"},{"Worker Number": 1,"Sort Method": "quicksort","Sort Space Used": 1069,"Sort Space Type": "Memory"},{"Worker Number": 2,"Sort Method": "quicksort","Sort Space Used": 1111,"Sort Space Type": "Memory"}],"Plans": [{"Node Type": "Nested Loop","Parent Relationship": "Outer","Parallel Aware": false,"Async Capable": false,"Join Type": "Semi","Startup Cost": 808.74,"Total Cost": 51069.15,"Plan Rows": 4484,"Plan Width": 16,"Actual Startup Time": 4.879,"Actual Total Time": 195.077,"Actual Rows": 13062,"Actual Loops": 4,"Inner Unique": false,"Workers": [],"Plans": [{"Node Type": "Bitmap Heap Scan","Parent Relationship": "Outer","Parallel Aware": true,"Async Capable": false,"Relation Name": "orders","Alias": "orders","Startup Cost": 808.31,"Total Cost": 27186.49,"Plan Rows": 18879,"Plan Width": 20,"Actual Startup Time": 4.741,"Actual Total Time": 56.847,"Actual Rows": 14278,"Actual Loops": 4,"Recheck Cond": "((o_orderdate >= '1994-08-01'::date) AND (o_orderdate < '1994-11-01 00:00:00'::timestamp without time zone))","Rows Removed by Index Recheck": 0,"Exact Heap Blocks": 5747,"Lossy Heap Blocks": 0,"Workers": [],"Plans": [{"Node Type": "Bitmap Index Scan","Parent Relationship": "Outer","Parallel Aware": false,"Async Capable": false,"Index Name": "idx_orders_orderdate","Startup Cost": 0.00,"Total Cost": 793.68,"Plan Rows": 58525,"Plan Width": 0,"Actual Startup Time": 8.459,"Actual Total Time": 8.461,"Actual Rows": 57111,"Actual Loops": 1,"Index Cond": "((o_orderdate >= '1994-08-01'::date) AND (o_orderdate < '1994-11-01 00:00:00'::timestamp without time zone))","Workers": []}]},{"Node Type": "Index Scan","Parent Relationship": "Inner","Parallel Aware": false,"Async Capable": false,"Scan Direction": "Forward","Index Name": "idx_lineitem_orderkey","Relation Name": "lineitem","Alias": "lineitem","Startup Cost": 0.43,"Total Cost": 4.60,"Plan Rows": 6,"Plan Width": 4,"Actual Startup Time": 0.009,"Actual Total Time": 0.009,"Actual Rows": 1,"Actual Loops": 57111,"Index Cond": "(l_orderkey = orders.o_orderkey)","Rows Removed by Index Recheck": 0,"Filter": "(l_commitdate < l_receiptdate)","Rows Removed by Filter": 1,"Workers": []}]}]}]}]}]},"Planning Time": 5.584,"Triggers": [],"Execution Time": 235.929}]
[{"Plan": {"Node Type": "Aggregate","Strategy": "Sorted","Partial Mode": "Finalize","Parallel Aware": false,"Async Capable": false,"Startup Cost": 51385.62,"Total Cost": 51419.61,"Plan Rows": 5,"Plan Width": 24,"Actual Startup Time": 204.677,"Actual Total Time": 227.427,"Actual Rows": 5,"Actual Loops": 1,"Group Key": ["orders.o_orderpriority"],"Plans": [{"Node Type": "Gather Merge","Parent Relationship": "Outer","Parallel Aware": false,"Async Capable": false,"Startup Cost": 51385.62,"Total Cost": 51419.48,"Plan Rows": 15,"Plan Width": 24,"Actual Startup Time": 204.256,"Actual Total Time": 227.400,"Actual Rows": 20,"Actual Loops": 1,"Workers Planned": 3,"Workers Launched": 3,"Plans": [{"Node Type": "Aggregate","Strategy": "Sorted","Partial Mode": "Partial","Parent Relationship": "Outer","Parallel Aware": false,"Async Capable": false,"Startup Cost": 50385.58,"Total Cost": 50417.68,"Plan Rows": 5,"Plan Width": 24,"Actual Startup Time": 194.834,"Actual Total Time": 196.154,"Actual Rows": 5,"Actual Loops": 4,"Group Key": ["orders.o_orderpriority"],"Workers": [],"Plans": [{"Node Type": "Sort","Parent Relationship": "Outer","Parallel Aware": false,"Async Capable": false,"Startup Cost": 50385.58,"Total Cost": 50396.26,"Plan Rows": 4274,"Plan Width": 16,"Actual Startup Time": 194.461,"Actual Total Time": 195.077,"Actual Rows": 12672,"Actual Loops": 4,"Sort Key": ["orders.o_orderpriority"],"Sort Method": "quicksort","Sort Space Used": 1091,"Sort Space Type": "Memory","Workers": [{"Worker Number": 0,"Sort Method": "quicksort","Sort Space Used": 1078,"Sort Space Type": "Memory"},{"Worker Number": 1,"Sort Method": "quicksort","Sort Space Used": 1070,"Sort Space Type": "Memory"},{"Worker Number": 2,"Sort Method": "quicksort","Sort Space Used": 1070,"Sort Space Type": "Memory"}],"Plans": [{"Node Type": "Nested Loop","Parent Relationship": "Outer","Parallel Aware": false,"Async Capable": false,"Join Type": "Semi","Startup Cost": 772.67,"Total Cost": 50127.83,"Plan Rows": 4274,"Plan Width": 16,"Actual Startup Time": 5.232,"Actual Total Time": 188.261,"Actual Rows": 12672,"Actual Loops": 4,"Inner Unique": false,"Workers": [],"Plans": [{"Node Type": "Bitmap Heap Scan","Parent Relationship": "Outer","Parallel Aware": true,"Async Capable": false,"Relation Name": "orders","Alias": "orders","Startup Cost": 772.23,"Total Cost": 27137.17,"Plan Rows": 17996,"Plan Width": 20,"Actual Startup Time": 5.082,"Actual Total Time": 55.866,"Actual Rows": 13816,"Actual Loops": 4,"Recheck Cond": "((o_orderdate >= '1993-02-01'::date) AND (o_orderdate < '1993-05-01 00:00:00'::timestamp without time zone))","Rows Removed by Index Recheck": 0,"Exact Heap Blocks": 5921,"Lossy Heap Blocks": 0,"Workers": [],"Plans": [{"Node Type": "Bitmap Index Scan","Parent Relationship": "Outer","Parallel Aware": false,"Async Capable": false,"Index Name": "idx_orders_orderdate","Startup Cost": 0.00,"Total Cost": 758.29,"Plan Rows": 55786,"Plan Width": 0,"Actual Startup Time": 8.614,"Actual Total Time": 8.615,"Actual Rows": 55266,"Actual Loops": 1,"Index Cond": "((o_orderdate >= '1993-02-01'::date) AND (o_orderdate < '1993-05-01 00:00:00'::timestamp without time zone))","Workers": []}]},{"Node Type": "Index Scan","Parent Relationship": "Inner","Parallel Aware": false,"Async Capable": false,"Scan Direction": "Forward","Index Name": "idx_lineitem_orderkey","Relation Name": "lineitem","Alias": "lineitem","Startup Cost": 0.43,"Total Cost": 4.66,"Plan Rows": 6,"Plan Width": 4,"Actual Startup Time": 0.009,"Actual Total Time": 0.009,"Actual Rows": 1,"Actual Loops": 55266,"Index Cond": "(l_orderkey = orders.o_orderkey)","Rows Removed by Index Recheck": 0,"Filter": "(l_commitdate < l_receiptdate)","Rows Removed by Filter": 1,"Workers": []}]}]}]}]}]},"Planning Time": 4.231,"Triggers": [],"Execution Time": 227.850}]
[{"Plan": {"Node Type": "Aggregate","Strategy": "Sorted","Partial Mode": "Finalize","Parallel Aware": false,"Async Capable": false,"Startup Cost": 51626.70,"Total Cost": 51661.08,"Plan Rows": 5,"Plan Width": 24,"Actual Startup Time": 210.062,"Actual Total Time": 234.290,"Actual Rows": 5,"Actual Loops": 1,"Group Key": ["orders.o_orderpriority"],"Plans": [{"Node Type": "Gather Merge","Parent Relationship": "Outer","Parallel Aware": false,"Async Capable": false,"Startup Cost": 51626.70,"Total Cost": 51660.96,"Plan Rows": 15,"Plan Width": 24,"Actual Startup Time": 209.701,"Actual Total Time": 234.253,"Actual Rows": 20,"Actual Loops": 1,"Workers Planned": 3,"Workers Launched": 3,"Plans": [{"Node Type": "Aggregate","Strategy": "Sorted","Partial Mode": "Partial","Parent Relationship": "Outer","Parallel Aware": false,"Async Capable": false,"Startup Cost": 50626.66,"Total Cost": 50659.15,"Plan Rows": 5,"Plan Width": 24,"Actual Startup Time": 198.769,"Actual Total Time": 200.147,"Actual Rows": 5,"Actual Loops": 4,"Group Key": ["orders.o_orderpriority"],"Workers": [],"Plans": [{"Node Type": "Sort","Parent Relationship": "Outer","Parallel Aware": false,"Async Capable": false,"Startup Cost": 50626.66,"Total Cost": 50637.47,"Plan Rows": 4326,"Plan Width": 16,"Actual Startup Time": 198.377,"Actual Total Time": 198.979,"Actual Rows": 13139,"Actual Loops": 4,"Sort Key": ["orders.o_orderpriority"],"Sort Method": "quicksort","Sort Space Used": 1065,"Sort Space Type": "Memory","Workers": [{"Worker Number": 0,"Sort Method": "quicksort","Sort Space Used": 1124,"Sort Space Type": "Memory"},{"Worker Number": 1,"Sort Method": "quicksort","Sort Space Used": 1112,"Sort Space Type": "Memory"},{"Worker Number": 2,"Sort Method": "quicksort","Sort Space Used": 1111,"Sort Space Type": "Memory"}],"Plans": [{"Node Type": "Nested Loop","Parent Relationship": "Outer","Parallel Aware": false,"Async Capable": false,"Join Type": "Semi","Startup Cost": 783.69,"Total Cost": 50365.39,"Plan Rows": 4326,"Plan Width": 16,"Actual Startup Time": 5.235,"Actual Total Time": 191.510,"Actual Rows": 13139,"Actual Loops": 4,"Inner Unique": false,"Workers": [],"Plans": [{"Node Type": "Bitmap Heap Scan","Parent Relationship": "Outer","Parallel Aware": true,"Async Capable": false,"Relation Name": "orders","Alias": "orders","Startup Cost": 783.26,"Total Cost": 27151.50,"Plan Rows": 18216,"Plan Width": 20,"Actual Startup Time": 5.108,"Actual Total Time": 56.376,"Actual Rows": 14340,"Actual Loops": 4,"Recheck Cond": "((o_orderdate >= '1997-07-01'::date) AND (o_orderdate < '1997-10-01 00:00:00'::timestamp without time zone))","Rows Removed by Index Recheck": 0,"Exact Heap Blocks": 5541,"Lossy Heap Blocks": 0,"Workers": [],"Plans": [{"Node Type": "Bitmap Index Scan","Parent Relationship": "Outer","Parallel Aware": false,"Async Capable": false,"Index Name": "idx_orders_orderdate","Startup Cost": 0.00,"Total Cost": 769.14,"Plan Rows": 56471,"Plan Width": 0,"Actual Startup Time": 8.934,"Actual Total Time": 8.936,"Actual Rows": 57359,"Actual Loops": 1,"Index Cond": "((o_orderdate >= '1997-07-01'::date) AND (o_orderdate < '1997-10-01 00:00:00'::timestamp without time zone))","Workers": []}]},{"Node Type": "Index Scan","Parent Relationship": "Inner","Parallel Aware": false,"Async Capable": false,"Scan Direction": "Forward","Index Name": "idx_lineitem_orderkey","Relation Name": "lineitem","Alias": "lineitem","Startup Cost": 0.43,"Total Cost": 4.64,"Plan Rows": 6,"Plan Width": 4,"Actual Startup Time": 0.009,"Actual Total Time": 0.009,"Actual Rows": 1,"Actual Loops": 57359,"Index Cond": "(l_orderkey = orders.o_orderkey)","Rows Removed by Index Recheck": 0,"Filter": "(l_commitdate < l_receiptdate)","Rows Removed by Filter": 1,"Workers": []}]}]}]}]}]},"Planning Time": 4.248,"Triggers": [],"Execution Time": 234.757}]
[{"Plan": {"Node Type": "Aggregate","Strategy": "Sorted","Partial Mode": "Finalize","Parallel Aware": false,"Async Capable": false,"Startup Cost": 52583.25,"Total Cost": 52619.22,"Plan Rows": 5,"Plan Width": 24,"Actual Startup Time": 212.013,"Actual Total Time": 235.599,"Actual Rows": 5,"Actual Loops": 1,"Group Key": ["orders.o_orderpriority"],"Plans": [{"Node Type": "Gather Merge","Parent Relationship": "Outer","Parallel Aware": false,"Async Capable": false,"Startup Cost": 52583.25,"Total Cost": 52619.09,"Plan Rows": 15,"Plan Width": 24,"Actual Startup Time": 211.620,"Actual Total Time": 235.557,"Actual Rows": 20,"Actual Loops": 1,"Workers Planned": 3,"Workers Launched": 3,"Plans": [{"Node Type": "Aggregate","Strategy": "Sorted","Partial Mode": "Partial","Parent Relationship": "Outer","Parallel Aware": false,"Async Capable": false,"Startup Cost": 51583.21,"Total Cost": 51617.29,"Plan Rows": 5,"Plan Width": 24,"Actual Startup Time": 202.957,"Actual Total Time": 204.233,"Actual Rows": 5,"Actual Loops": 4,"Group Key": ["orders.o_orderpriority"],"Workers": [],"Plans": [{"Node Type": "Sort","Parent Relationship": "Outer","Parallel Aware": false,"Async Capable": false,"Startup Cost": 51583.21,"Total Cost": 51594.56,"Plan Rows": 4537,"Plan Width": 16,"Actual Startup Time": 202.621,"Actual Total Time": 203.133,"Actual Rows": 13216,"Actual Loops": 4,"Sort Key": ["orders.o_orderpriority"],"Sort Method": "quicksort","Sort Space Used": 1116,"Sort Space Type": "Memory","Workers": [{"Worker Number": 0,"Sort Method": "quicksort","Sort Space Used": 1099,"Sort Space Type": "Memory"},{"Worker Number": 1,"Sort Method": "quicksort","Sort Space Used": 1109,"Sort Space Type": "Memory"},{"Worker Number": 2,"Sort Method": "quicksort","Sort Space Used": 1105,"Sort Space Type": "Memory"}],"Plans": [{"Node Type": "Nested Loop","Parent Relationship": "Outer","Parallel Aware": false,"Async Capable": false,"Join Type": "Semi","Startup Cost": 819.82,"Total Cost": 51307.65,"Plan Rows": 4537,"Plan Width": 16,"Actual Startup Time": 5.186,"Actual Total Time": 196.152,"Actual Rows": 13216,"Actual Loops": 4,"Inner Unique": false,"Workers": [],"Plans": [{"Node Type": "Bitmap Heap Scan","Parent Relationship": "Outer","Parallel Aware": true,"Async Capable": false,"Relation Name": "orders","Alias": "orders","Startup Cost": 819.39,"Total Cost": 27200.92,"Plan Rows": 19102,"Plan Width": 20,"Actual Startup Time": 5.072,"Actual Total Time": 58.464,"Actual Rows": 14428,"Actual Loops": 4,"Recheck Cond": "((o_orderdate >= '1997-06-01'::date) AND (o_orderdate < '1997-09-01 00:00:00'::timestamp without time zone))","Rows Removed by Index Recheck": 0,"Exact Heap Blocks": 5918,"Lossy Heap Blocks": 0,"Workers": [],"Plans": [{"Node Type": "Bitmap Index Scan","Parent Relationship": "Outer","Parallel Aware": false,"Async Capable": false,"Index Name": "idx_orders_orderdate","Startup Cost": 0.00,"Total Cost": 804.59,"Plan Rows": 59216,"Plan Width": 0,"Actual Startup Time": 8.389,"Actual Total Time": 8.389,"Actual Rows": 57712,"Actual Loops": 1,"Index Cond": "((o_orderdate >= '1997-06-01'::date) AND (o_orderdate < '1997-09-01 00:00:00'::timestamp without time zone))","Workers": []}]},{"Node Type": "Index Scan","Parent Relationship": "Inner","Parallel Aware": false,"Async Capable": false,"Scan Direction": "Forward","Index Name": "idx_lineitem_orderkey","Relation Name": "lineitem","Alias": "lineitem","Startup Cost": 0.43,"Total Cost": 4.58,"Plan Rows": 6,"Plan Width": 4,"Actual Startup Time": 0.009,"Actual Total Time": 0.009,"Actual Rows": 1,"Actual Loops": 57712,"Index Cond": "(l_orderkey = orders.o_orderkey)","Rows Removed by Index Recheck": 0,"Filter": "(l_commitdate < l_receiptdate)","Rows Removed by Filter": 1,"Workers": []}]}]}]}]}]},"Planning Time": 4.424,"Triggers": [],"Execution Time": 236.000}]
[{"Plan": {"Node Type": "Aggregate","Strategy": "Sorted","Partial Mode": "Finalize","Parallel Aware": false,"Async Capable": false,"Startup Cost": 51461.99,"Total Cost": 51496.11,"Plan Rows": 5,"Plan Width": 24,"Actual Startup Time": 213.186,"Actual Total Time": 237.729,"Actual Rows": 5,"Actual Loops": 1,"Group Key": ["orders.o_orderpriority"],"Plans": [{"Node Type": "Gather Merge","Parent Relationship": "Outer","Parallel Aware": false,"Async Capable": false,"Startup Cost": 51461.99,"Total Cost": 51495.99,"Plan Rows": 15,"Plan Width": 24,"Actual Startup Time": 212.815,"Actual Total Time": 237.699,"Actual Rows": 20,"Actual Loops": 1,"Workers Planned": 3,"Workers Launched": 3,"Plans": [{"Node Type": "Aggregate","Strategy": "Sorted","Partial Mode": "Partial","Parent Relationship": "Outer","Parallel Aware": false,"Async Capable": false,"Startup Cost": 50461.95,"Total Cost": 50494.18,"Plan Rows": 5,"Plan Width": 24,"Actual Startup Time": 204.295,"Actual Total Time": 205.529,"Actual Rows": 5,"Actual Loops": 4,"Group Key": ["orders.o_orderpriority"],"Workers": [],"Plans": [{"Node Type": "Sort","Parent Relationship": "Outer","Parallel Aware": false,"Async Capable": false,"Startup Cost": 50461.95,"Total Cost": 50472.68,"Plan Rows": 4291,"Plan Width": 16,"Actual Startup Time": 203.958,"Actual Total Time": 204.459,"Actual Rows": 13076,"Actual Loops": 4,"Sort Key": ["orders.o_orderpriority"],"Sort Method": "quicksort","Sort Space Used": 1093,"Sort Space Type": "Memory","Workers": [{"Worker Number": 0,"Sort Method": "quicksort","Sort Space Used": 1098,"Sort Space Type": "Memory"},{"Worker Number": 1,"Sort Method": "quicksort","Sort Space Used": 1094,"Sort Space Type": "Memory"},{"Worker Number": 2,"Sort Method": "quicksort","Sort Space Used": 1113,"Sort Space Type": "Memory"}],"Plans": [{"Node Type": "Nested Loop","Parent Relationship": "Outer","Parallel Aware": false,"Async Capable": false,"Join Type": "Semi","Startup Cost": 774.93,"Total Cost": 50203.05,"Plan Rows": 4291,"Plan Width": 16,"Actual Startup Time": 5.106,"Actual Total Time": 197.473,"Actual Rows": 13076,"Actual Loops": 4,"Inner Unique": false,"Workers": [],"Plans": [{"Node Type": "Bitmap Heap Scan","Parent Relationship": "Outer","Parallel Aware": true,"Async Capable": false,"Relation Name": "orders","Alias": "orders","Startup Cost": 774.50,"Total Cost": 27140.50,"Plan Rows": 18067,"Plan Width": 20,"Actual Startup Time": 4.994,"Actual Total Time": 59.359,"Actual Rows": 14279,"Actual Loops": 4,"Recheck Cond": "((o_orderdate >= '1995-04-01'::date) AND (o_orderdate < '1995-07-01 00:00:00'::timestamp without time zone))","Rows Removed by Index Recheck": 0,"Exact Heap Blocks": 5795,"Lossy Heap Blocks": 0,"Workers": [],"Plans": [{"Node Type": "Bitmap Index Scan","Parent Relationship": "Outer","Parallel Aware": false,"Async Capable": false,"Index Name": "idx_orders_orderdate","Startup Cost": 0.00,"Total Cost": 760.50,"Plan Rows": 56007,"Plan Width": 0,"Actual Startup Time": 8.367,"Actual Total Time": 8.369,"Actual Rows": 57117,"Actual Loops": 1,"Index Cond": "((o_orderdate >= '1995-04-01'::date) AND (o_orderdate < '1995-07-01 00:00:00'::timestamp without time zone))","Workers": []}]},{"Node Type": "Index Scan","Parent Relationship": "Inner","Parallel Aware": false,"Async Capable": false,"Scan Direction": "Forward","Index Name": "idx_lineitem_orderkey","Relation Name": "lineitem","Alias": "lineitem","Startup Cost": 0.43,"Total Cost": 4.65,"Plan Rows": 6,"Plan Width": 4,"Actual Startup Time": 0.009,"Actual Total Time": 0.009,"Actual Rows": 1,"Actual Loops": 57117,"Index Cond": "(l_orderkey = orders.o_orderkey)","Rows Removed by Index Recheck": 0,"Filter": "(l_commitdate < l_receiptdate)","Rows Removed by Filter": 1,"Workers": []}]}]}]}]}]},"Planning Time": 5.027,"Triggers": [],"Execution Time": 238.276}]
[{"Plan": {"Node Type": "Aggregate","Strategy": "Sorted","Partial Mode": "Finalize","Parallel Aware": false,"Async Capable": false,"Startup Cost": 51868.32,"Total Cost": 51903.11,"Plan Rows": 5,"Plan Width": 24,"Actual Startup Time": 208.340,"Actual Total Time": 231.447,"Actual Rows": 5,"Actual Loops": 1,"Group Key": ["orders.o_orderpriority"],"Plans": [{"Node Type": "Gather Merge","Parent Relationship": "Outer","Parallel Aware": false,"Async Capable": false,"Startup Cost": 51868.32,"Total Cost": 51902.98,"Plan Rows": 15,"Plan Width": 24,"Actual Startup Time": 207.950,"Actual Total Time": 231.419,"Actual Rows": 20,"Actual Loops": 1,"Workers Planned": 3,"Workers Launched": 3,"Plans": [{"Node Type": "Aggregate","Strategy": "Sorted","Partial Mode": "Partial","Parent Relationship": "Outer","Parallel Aware": false,"Async Capable": false,"Startup Cost": 50868.28,"Total Cost": 50901.18,"Plan Rows": 5,"Plan Width": 24,"Actual Startup Time": 199.059,"Actual Total Time": 200.295,"Actual Rows": 5,"Actual Loops": 4,"Group Key": ["orders.o_orderpriority"],"Workers": [],"Plans": [{"Node Type": "Sort","Parent Relationship": "Outer","Parallel Aware": false,"Async Capable": false,"Startup Cost": 50868.28,"Total Cost": 50879.23,"Plan Rows": 4380,"Plan Width": 16,"Actual Startup Time": 198.738,"Actual Total Time": 199.253,"Actual Rows": 12924,"Actual Loops": 4,"Sort Key": ["orders.o_orderpriority"],"Sort Method": "quicksort","Sort Space Used": 1102,"Sort Space Type": "Memory","Workers": [{"Worker Number": 0,"Sort Method": "quicksort","Sort Space Used": 1084,"Sort Space Type": "Memory"},{"Worker Number": 1,"Sort Method": "quicksort","Sort Space Used": 1092,"Sort Space Type": "Memory"},{"Worker Number": 2,"Sort Method": "quicksort","Sort Space Used": 1087,"Sort Space Type": "Memory"}],"Plans": [{"Node Type": "Nested Loop","Parent Relationship": "Outer","Parallel Aware": false,"Async Capable": false,"Join Type": "Semi","Startup Cost": 790.81,"Total Cost": 50603.36,"Plan Rows": 4380,"Plan Width": 16,"Actual Startup Time": 4.683,"Actual Total Time": 192.330,"Actual Rows": 12924,"Actual Loops": 4,"Inner Unique": false,"Workers": [],"Plans": [{"Node Type": "Bitmap Heap Scan","Parent Relationship": "Outer","Parallel Aware": true,"Async Capable": false,"Relation Name": "orders","Alias": "orders","Startup Cost": 790.38,"Total Cost": 27161.99,"Plan Rows": 18441,"Plan Width": 20,"Actual Startup Time": 4.555,"Actual Total Time": 57.131,"Actual Rows": 14129,"Actual Loops": 4,"Recheck Cond": "((o_orderdate >= '1994-09-01'::date) AND (o_orderdate < '1994-12-01 00:00:00'::timestamp without time zone))","Rows Removed by Index Recheck": 0,"Exact Heap Blocks": 5928,"Lossy Heap Blocks": 0,"Workers": [],"Plans": [{"Node Type": "Bitmap Index Scan","Parent Relationship": "Outer","Parallel Aware": false,"Async Capable": false,"Index Name": "idx_orders_orderdate","Startup Cost": 0.00,"Total Cost": 776.09,"Plan Rows": 57166,"Plan Width": 0,"Actual Startup Time": 8.170,"Actual Total Time": 8.172,"Actual Rows": 56516,"Actual Loops": 1,"Index Cond": "((o_orderdate >= '1994-09-01'::date) AND (o_orderdate < '1994-12-01 00:00:00'::timestamp without time zone))","Workers": []}]},{"Node Type": "Index Scan","Parent Relationship": "Inner","Parallel Aware": false,"Async Capable": false,"Scan Direction": "Forward","Index Name": "idx_lineitem_orderkey","Relation Name": "lineitem","Alias": "lineitem","Startup Cost": 0.43,"Total Cost": 4.63,"Plan Rows": 6,"Plan Width": 4,"Actual Startup Time": 0.009,"Actual Total Time": 0.009,"Actual Rows": 1,"Actual Loops": 56516,"Index Cond": "(l_orderkey = orders.o_orderkey)","Rows Removed by Index Recheck": 0,"Filter": "(l_commitdate < l_receiptdate)","Rows Removed by Filter": 1,"Workers": []}]}]}]}]}]},"Planning Time": 5.289,"Triggers": [],"Execution Time": 231.901}]
[{"Plan": {"Node Type": "Aggregate","Strategy": "Sorted","Partial Mode": "Finalize","Parallel Aware": false,"Async Capable": false,"Startup Cost": 51708.45,"Total Cost": 51742.98,"Plan Rows": 5,"Plan Width": 24,"Actual Startup Time": 207.456,"Actual Total Time": 231.580,"Actual Rows": 5,"Actual Loops": 1,"Group Key": ["orders.o_orderpriority"],"Plans": [{"Node Type": "Gather Merge","Parent Relationship": "Outer","Parallel Aware": false,"Async Capable": false,"Startup Cost": 51708.45,"Total Cost": 51742.85,"Plan Rows": 15,"Plan Width": 24,"Actual Startup Time": 207.053,"Actual Total Time": 231.548,"Actual Rows": 20,"Actual Loops": 1,"Workers Planned": 3,"Workers Launched": 3,"Plans": [{"Node Type": "Aggregate","Strategy": "Sorted","Partial Mode": "Partial","Parent Relationship": "Outer","Parallel Aware": false,"Async Capable": false,"Startup Cost": 50708.41,"Total Cost": 50741.05,"Plan Rows": 5,"Plan Width": 24,"Actual Startup Time": 198.227,"Actual Total Time": 199.494,"Actual Rows": 5,"Actual Loops": 4,"Group Key": ["orders.o_orderpriority"],"Workers": [],"Plans": [{"Node Type": "Sort","Parent Relationship": "Outer","Parallel Aware": false,"Async Capable": false,"Startup Cost": 50708.41,"Total Cost": 50719.27,"Plan Rows": 4345,"Plan Width": 16,"Actual Startup Time": 197.883,"Actual Total Time": 198.422,"Actual Rows": 13041,"Actual Loops": 4,"Sort Key": ["orders.o_orderpriority"],"Sort Method": "quicksort","Sort Space Used": 1092,"Sort Space Type": "Memory","Workers": [{"Worker Number": 0,"Sort Method": "quicksort","Sort Space Used": 1114,"Sort Space Type": "Memory"},{"Worker Number": 1,"Sort Method": "quicksort","Sort Space Used": 1079,"Sort Space Type": "Memory"},{"Worker Number": 2,"Sort Method": "quicksort","Sort Space Used": 1106,"Sort Space Type": "Memory"}],"Plans": [{"Node Type": "Nested Loop","Parent Relationship": "Outer","Parallel Aware": false,"Async Capable": false,"Join Type": "Semi","Startup Cost": 786.10,"Total Cost": 50445.86,"Plan Rows": 4345,"Plan Width": 16,"Actual Startup Time": 5.128,"Actual Total Time": 191.658,"Actual Rows": 13041,"Actual Loops": 4,"Inner Unique": false,"Workers": [],"Plans": [{"Node Type": "Bitmap Heap Scan","Parent Relationship": "Outer","Parallel Aware": true,"Async Capable": false,"Relation Name": "orders","Alias": "orders","Startup Cost": 785.66,"Total Cost": 27155.05,"Plan Rows": 18292,"Plan Width": 20,"Actual Startup Time": 4.978,"Actual Total Time": 56.015,"Actual Rows": 14241,"Actual Loops": 4,"Recheck Cond": "((o_orderdate >= '1996-03-01'::date) AND (o_orderdate < '1996-06-01 00:00:00'::timestamp without time zone))","Rows Removed by Index Recheck": 0,"Exact Heap Blocks": 5804,"Lossy Heap Blocks": 0,"Workers": [],"Plans": [{"Node Type": "Bitmap Index Scan","Parent Relationship": "Outer","Parallel Aware": false,"Async Capable": false,"Index Name": "idx_orders_orderdate","Startup Cost": 0.00,"Total Cost": 771.49,"Plan Rows": 56706,"Plan Width": 0,"Actual Startup Time": 8.540,"Actual Total Time": 8.544,"Actual Rows": 56965,"Actual Loops": 1,"Index Cond": "((o_orderdate >= '1996-03-01'::date) AND (o_orderdate < '1996-06-01 00:00:00'::timestamp without time zone))","Workers": []}]},{"Node Type": "Index Scan","Parent Relationship": "Inner","Parallel Aware": false,"Async Capable": false,"Scan Direction": "Forward","Index Name": "idx_lineitem_orderkey","Relation Name": "lineitem","Alias": "lineitem","Startup Cost": 0.43,"Total Cost": 4.64,"Plan Rows": 6,"Plan Width": 4,"Actual Startup Time": 0.009,"Actual Total Time": 0.009,"Actual Rows": 1,"Actual Loops": 56965,"Index Cond": "(l_orderkey = orders.o_orderkey)","Rows Removed by Index Recheck": 0,"Filter": "(l_commitdate < l_receiptdate)","Rows Removed by Filter": 1,"Workers": []}]}]}]}]}]},"Planning Time": 4.056,"Triggers": [],"Execution Time": 232.269}]
[{"Plan": {"Node Type": "Aggregate","Strategy": "Sorted","Partial Mode": "Finalize","Parallel Aware": false,"Async Capable": false,"Startup Cost": 51933.44,"Total Cost": 51968.34,"Plan Rows": 5,"Plan Width": 24,"Actual Startup Time": 210.135,"Actual Total Time": 234.741,"Actual Rows": 5,"Actual Loops": 1,"Group Key": ["orders.o_orderpriority"],"Plans": [{"Node Type": "Gather Merge","Parent Relationship": "Outer","Parallel Aware": false,"Async Capable": false,"Startup Cost": 51933.44,"Total Cost": 51968.21,"Plan Rows": 15,"Plan Width": 24,"Actual Startup Time": 209.800,"Actual Total Time": 234.712,"Actual Rows": 20,"Actual Loops": 1,"Workers Planned": 3,"Workers Launched": 3,"Plans": [{"Node Type": "Aggregate","Strategy": "Sorted","Partial Mode": "Partial","Parent Relationship": "Outer","Parallel Aware": false,"Async Capable": false,"Startup Cost": 50933.40,"Total Cost": 50966.41,"Plan Rows": 5,"Plan Width": 24,"Actual Startup Time": 201.015,"Actual Total Time": 202.241,"Actual Rows": 5,"Actual Loops": 4,"Group Key": ["orders.o_orderpriority"],"Workers": [],"Plans": [{"Node Type": "Sort","Parent Relationship": "Outer","Parallel Aware": false,"Async Capable": false,"Startup Cost": 50933.40,"Total Cost": 50944.39,"Plan Rows": 4394,"Plan Width": 16,"Actual Startup Time": 200.667,"Actual Total Time": 201.175,"Actual Rows": 12952,"Actual Loops": 4,"Sort Key": ["orders.o_orderpriority"],"Sort Method": "quicksort","Sort Space Used": 1081,"Sort Space Type": "Memory","Workers": [{"Worker Number": 0,"Sort Method": "quicksort","Sort Space Used": 1073,"Sort Space Type": "Memory"},{"Worker Number": 1,"Sort Method": "quicksort","Sort Space Used": 1106,"Sort Space Type": "Memory"},{"Worker Number": 2,"Sort Method": "quicksort","Sort Space Used": 1111,"Sort Space Type": "Memory"}],"Plans": [{"Node Type": "Nested Loop","Parent Relationship": "Outer","Parallel Aware": false,"Async Capable": false,"Join Type": "Semi","Startup Cost": 792.75,"Total Cost": 50667.54,"Plan Rows": 4394,"Plan Width": 16,"Actual Startup Time": 5.437,"Actual Total Time": 194.283,"Actual Rows": 12952,"Actual Loops": 4,"Inner Unique": false,"Workers": [],"Plans": [{"Node Type": "Bitmap Heap Scan","Parent Relationship": "Outer","Parallel Aware": true,"Async Capable": false,"Relation Name": "orders","Alias": "orders","Startup Cost": 792.32,"Total Cost": 27164.84,"Plan Rows": 18502,"Plan Width": 20,"Actual Startup Time": 5.284,"Actual Total Time": 57.970,"Actual Rows": 14142,"Actual Loops": 4,"Recheck Cond": "((o_orderdate >= '1996-01-01'::date) AND (o_orderdate < '1996-04-01 00:00:00'::timestamp without time zone))","Rows Removed by Index Recheck": 0,"Exact Heap Blocks": 5656,"Lossy Heap Blocks": 0,"Workers": [],"Plans": [{"Node Type": "Bitmap Index Scan","Parent Relationship": "Outer","Parallel Aware": false,"Async Capable": false,"Index Name": "idx_orders_orderdate","Startup Cost": 0.00,"Total Cost": 777.98,"Plan Rows": 57355,"Plan Width": 0,"Actual Startup Time": 8.943,"Actual Total Time": 8.944,"Actual Rows": 56568,"Actual Loops": 1,"Index Cond": "((o_orderdate >= '1996-01-01'::date) AND (o_orderdate < '1996-04-01 00:00:00'::timestamp without time zone))","Workers": []}]},{"Node Type": "Index Scan","Parent Relationship": "Inner","Parallel Aware": false,"Async Capable": false,"Scan Direction": "Forward","Index Name": "idx_lineitem_orderkey","Relation Name": "lineitem","Alias": "lineitem","Startup Cost": 0.43,"Total Cost": 4.62,"Plan Rows": 6,"Plan Width": 4,"Actual Startup Time": 0.009,"Actual Total Time": 0.009,"Actual Rows": 1,"Actual Loops": 56568,"Index Cond": "(l_orderkey = orders.o_orderkey)","Rows Removed by Index Recheck": 0,"Filter": "(l_commitdate < l_receiptdate)","Rows Removed by Filter": 1,"Workers": []}]}]}]}]}]},"Planning Time": 4.607,"Triggers": [],"Execution Time": 235.195}]
[{"Plan": {"Node Type": "Aggregate","Strategy": "Sorted","Partial Mode": "Finalize","Parallel Aware": false,"Async Capable": false,"Startup Cost": 51940.16,"Total Cost": 51975.07,"Plan Rows": 5,"Plan Width": 24,"Actual Startup Time": 211.263,"Actual Total Time": 234.879,"Actual Rows": 5,"Actual Loops": 1,"Group Key": ["orders.o_orderpriority"],"Plans": [{"Node Type": "Gather Merge","Parent Relationship": "Outer","Parallel Aware": false,"Async Capable": false,"Startup Cost": 51940.16,"Total Cost": 51974.94,"Plan Rows": 15,"Plan Width": 24,"Actual Startup Time": 210.877,"Actual Total Time": 234.864,"Actual Rows": 20,"Actual Loops": 1,"Workers Planned": 3,"Workers Launched": 3,"Plans": [{"Node Type": "Aggregate","Strategy": "Sorted","Partial Mode": "Partial","Parent Relationship": "Outer","Parallel Aware": false,"Async Capable": false,"Startup Cost": 50940.12,"Total Cost": 50973.14,"Plan Rows": 5,"Plan Width": 24,"Actual Startup Time": 202.192,"Actual Total Time": 203.439,"Actual Rows": 5,"Actual Loops": 4,"Group Key": ["orders.o_orderpriority"],"Workers": [],"Plans": [{"Node Type": "Sort","Parent Relationship": "Outer","Parallel Aware": false,"Async Capable": false,"Startup Cost": 50940.12,"Total Cost": 50951.11,"Plan Rows": 4396,"Plan Width": 16,"Actual Startup Time": 201.842,"Actual Total Time": 202.379,"Actual Rows": 12924,"Actual Loops": 4,"Sort Key": ["orders.o_orderpriority"],"Sort Method": "quicksort","Sort Space Used": 1100,"Sort Space Type": "Memory","Workers": [{"Worker Number": 0,"Sort Method": "quicksort","Sort Space Used": 1089,"Sort Space Type": "Memory"},{"Worker Number": 1,"Sort Method": "quicksort","Sort Space Used": 1093,"Sort Space Type": "Memory"},{"Worker Number": 2,"Sort Method": "quicksort","Sort Space Used": 1083,"Sort Space Type": "Memory"}],"Plans": [{"Node Type": "Nested Loop","Parent Relationship": "Outer","Parallel Aware": false,"Async Capable": false,"Join Type": "Semi","Startup Cost": 792.95,"Total Cost": 50674.12,"Plan Rows": 4396,"Plan Width": 16,"Actual Startup Time": 4.945,"Actual Total Time": 195.397,"Actual Rows": 12924,"Actual Loops": 4,"Inner Unique": false,"Workers": [],"Plans": [{"Node Type": "Bitmap Heap Scan","Parent Relationship": "Outer","Parallel Aware": true,"Async Capable": false,"Relation Name": "orders","Alias": "orders","Startup Cost": 792.52,"Total Cost": 27165.14,"Plan Rows": 18508,"Plan Width": 20,"Actual Startup Time": 4.819,"Actual Total Time": 58.917,"Actual Rows": 14087,"Actual Loops": 4,"Recheck Cond": "((o_orderdate >= '1994-01-01'::date) AND (o_orderdate < '1994-04-01 00:00:00'::timestamp without time zone))","Rows Removed by Index Recheck": 0,"Exact Heap Blocks": 5893,"Lossy Heap Blocks": 0,"Workers": [],"Plans": [{"Node Type": "Bitmap Index Scan","Parent Relationship": "Outer","Parallel Aware": false,"Async Capable": false,"Index Name": "idx_orders_orderdate","Startup Cost": 0.00,"Total Cost": 778.18,"Plan Rows": 57375,"Plan Width": 0,"Actual Startup Time": 8.242,"Actual Total Time": 8.244,"Actual Rows": 56349,"Actual Loops": 1,"Index Cond": "((o_orderdate >= '1994-01-01'::date) AND (o_orderdate < '1994-04-01 00:00:00'::timestamp without time zone))","Workers": []}]},{"Node Type": "Index Scan","Parent Relationship": "Inner","Parallel Aware": false,"Async Capable": false,"Scan Direction": "Forward","Index Name": "idx_lineitem_orderkey","Relation Name": "lineitem","Alias": "lineitem","Startup Cost": 0.43,"Total Cost": 4.62,"Plan Rows": 6,"Plan Width": 4,"Actual Startup Time": 0.009,"Actual Total Time": 0.009,"Actual Rows": 1,"Actual Loops": 56349,"Index Cond": "(l_orderkey = orders.o_orderkey)","Rows Removed by Index Recheck": 0,"Filter": "(l_commitdate < l_receiptdate)","Rows Removed by Filter": 1,"Workers": []}]}]}]}]}]},"Planning Time": 4.809,"Triggers": [],"Execution Time": 235.387}]
[{"Plan": {"Node Type": "Aggregate","Strategy": "Sorted","Partial Mode": "Finalize","Parallel Aware": false,"Async Capable": false,"Startup Cost": 51563.06,"Total Cost": 51597.36,"Plan Rows": 5,"Plan Width": 24,"Actual Startup Time": 209.353,"Actual Total Time": 233.705,"Actual Rows": 5,"Actual Loops": 1,"Group Key": ["orders.o_orderpriority"],"Plans": [{"Node Type": "Gather Merge","Parent Relationship": "Outer","Parallel Aware": false,"Async Capable": false,"Startup Cost": 51563.06,"Total Cost": 51597.23,"Plan Rows": 15,"Plan Width": 24,"Actual Startup Time": 208.928,"Actual Total Time": 233.674,"Actual Rows": 20,"Actual Loops": 1,"Workers Planned": 3,"Workers Launched": 3,"Plans": [{"Node Type": "Aggregate","Strategy": "Sorted","Partial Mode": "Partial","Parent Relationship": "Outer","Parallel Aware": false,"Async Capable": false,"Startup Cost": 50563.02,"Total Cost": 50595.43,"Plan Rows": 5,"Plan Width": 24,"Actual Startup Time": 200.123,"Actual Total Time": 201.359,"Actual Rows": 5,"Actual Loops": 4,"Group Key": ["orders.o_orderpriority"],"Workers": [],"Plans": [{"Node Type": "Sort","Parent Relationship": "Outer","Parallel Aware": false,"Async Capable": false,"Startup Cost": 50563.02,"Total Cost": 50573.81,"Plan Rows": 4314,"Plan Width": 16,"Actual Startup Time": 199.793,"Actual Total Time": 200.293,"Actual Rows": 12936,"Actual Loops": 4,"Sort Key": ["orders.o_orderpriority"],"Sort Method": "quicksort","Sort Space Used": 1088,"Sort Space Type": "Memory","Workers": [{"Worker Number": 0,"Sort Method": "quicksort","Sort Space Used": 1073,"Sort Space Type": "Memory"},{"Worker Number": 1,"Sort Method": "quicksort","Sort Space Used": 1104,"Sort Space Type": "Memory"},{"Worker Number": 2,"Sort Method": "quicksort","Sort Space Used": 1102,"Sort Space Type": "Memory"}],"Plans": [{"Node Type": "Nested Loop","Parent Relationship": "Outer","Parallel Aware": false,"Async Capable": false,"Join Type": "Semi","Startup Cost": 777.94,"Total Cost": 50302.57,"Plan Rows": 4314,"Plan Width": 16,"Actual Startup Time": 5.390,"Actual Total Time": 193.555,"Actual Rows": 12936,"Actual Loops": 4,"Inner Unique": false,"Workers": [],"Plans": [{"Node Type": "Bitmap Heap Scan","Parent Relationship": "Outer","Parallel Aware": true,"Async Capable": false,"Relation Name": "orders","Alias": "orders","Startup Cost": 777.50,"Total Cost": 27144.92,"Plan Rows": 18161,"Plan Width": 20,"Actual Startup Time": 5.246,"Actual Total Time": 58.249,"Actual Rows": 14114,"Actual Loops": 4,"Recheck Cond": "((o_orderdate >= '1997-09-01'::date) AND (o_orderdate < '1997-12-01 00:00:00'::timestamp without time zone))","Rows Removed by Index Recheck": 0,"Exact Heap Blocks": 5736,"Lossy Heap Blocks": 0,"Workers": [],"Plans": [{"Node Type": "Bitmap Index Scan","Parent Relationship": "Outer","Parallel Aware": false,"Async Capable": false,"Index Name": "idx_orders_orderdate","Startup Cost": 0.00,"Total Cost": 763.43,"Plan Rows": 56300,"Plan Width": 0,"Actual Startup Time": 8.862,"Actual Total Time": 8.862,"Actual Rows": 56454,"Actual Loops": 1,"Index Cond": "((o_orderdate >= '1997-09-01'::date) AND (o_orderdate < '1997-12-01 00:00:00'::timestamp without time zone))","Workers": []}]},{"Node Type": "Index Scan","Parent Relationship": "Inner","Parallel Aware": false,"Async Capable": false,"Scan Direction": "Forward","Index Name": "idx_lineitem_orderkey","Relation Name": "lineitem","Alias": "lineitem","Startup Cost": 0.43,"Total Cost": 4.65,"Plan Rows": 6,"Plan Width": 4,"Actual Startup Time": 0.009,"Actual Total Time": 0.009,"Actual Rows": 1,"Actual Loops": 56454,"Index Cond": "(l_orderkey = orders.o_orderkey)","Rows Removed by Index Recheck": 0,"Filter": "(l_commitdate < l_receiptdate)","Rows Removed by Filter": 1,"Workers": []}]}]}]}]}]},"Planning Time": 5.783,"Triggers": [],"Execution Time": 234.121}]
[{"Plan": {"Node Type": "Aggregate","Strategy": "Sorted","Partial Mode": "Finalize","Parallel Aware": false,"Async Capable": false,"Startup Cost": 51787.75,"Total Cost": 51822.40,"Plan Rows": 5,"Plan Width": 24,"Actual Startup Time": 202.957,"Actual Total Time": 226.845,"Actual Rows": 5,"Actual Loops": 1,"Group Key": ["orders.o_orderpriority"],"Plans": [{"Node Type": "Gather Merge","Parent Relationship": "Outer","Parallel Aware": false,"Async Capable": false,"Startup Cost": 51787.75,"Total Cost": 51822.28,"Plan Rows": 15,"Plan Width": 24,"Actual Startup Time": 202.604,"Actual Total Time": 226.817,"Actual Rows": 20,"Actual Loops": 1,"Workers Planned": 3,"Workers Launched": 3,"Plans": [{"Node Type": "Aggregate","Strategy": "Sorted","Partial Mode": "Partial","Parent Relationship": "Outer","Parallel Aware": false,"Async Capable": false,"Startup Cost": 50787.71,"Total Cost": 50820.48,"Plan Rows": 5,"Plan Width": 24,"Actual Startup Time": 194.007,"Actual Total Time": 195.210,"Actual Rows": 5,"Actual Loops": 4,"Group Key": ["orders.o_orderpriority"],"Workers": [],"Plans": [{"Node Type": "Sort","Parent Relationship": "Outer","Parallel Aware": false,"Async Capable": false,"Startup Cost": 50787.71,"Total Cost": 50798.62,"Plan Rows": 4362,"Plan Width": 16,"Actual Startup Time": 193.661,"Actual Total Time": 194.173,"Actual Rows": 12702,"Actual Loops": 4,"Sort Key": ["orders.o_orderpriority"],"Sort Method": "quicksort","Sort Space Used": 1078,"Sort Space Type": "Memory","Workers": [{"Worker Number": 0,"Sort Method": "quicksort","Sort Space Used": 1094,"Sort Space Type": "Memory"},{"Worker Number": 1,"Sort Method": "quicksort","Sort Space Used": 1054,"Sort Space Type": "Memory"},{"Worker Number": 2,"Sort Method": "quicksort","Sort Space Used": 1091,"Sort Space Type": "Memory"}],"Plans": [{"Node Type": "Nested Loop","Parent Relationship": "Outer","Parallel Aware": false,"Async Capable": false,"Join Type": "Semi","Startup Cost": 788.43,"Total Cost": 50524.01,"Plan Rows": 4362,"Plan Width": 16,"Actual Startup Time": 4.762,"Actual Total Time": 187.476,"Actual Rows": 12702,"Actual Loops": 4,"Inner Unique": false,"Workers": [],"Plans": [{"Node Type": "Bitmap Heap Scan","Parent Relationship": "Outer","Parallel Aware": true,"Async Capable": false,"Relation Name": "orders","Alias": "orders","Startup Cost": 788.00,"Total Cost": 27158.49,"Plan Rows": 18366,"Plan Width": 20,"Actual Startup Time": 4.614,"Actual Total Time": 54.707,"Actual Rows": 13866,"Actual Loops": 4,"Recheck Cond": "((o_orderdate >= '1994-02-01'::date) AND (o_orderdate < '1994-05-01 00:00:00'::timestamp without time zone))","Rows Removed by Index Recheck": 0,"Exact Heap Blocks": 5687,"Lossy Heap Blocks": 0,"Workers": [],"Plans": [{"Node Type": "Bitmap Index Scan","Parent Relationship": "Outer","Parallel Aware": false,"Async Capable": false,"Index Name": "idx_orders_orderdate","Startup Cost": 0.00,"Total Cost": 773.77,"Plan Rows": 56934,"Plan Width": 0,"Actual Startup Time": 8.022,"Actual Total Time": 8.027,"Actual Rows": 55462,"Actual Loops": 1,"Index Cond": "((o_orderdate >= '1994-02-01'::date) AND (o_orderdate < '1994-05-01 00:00:00'::timestamp without time zone))","Workers": []}]},{"Node Type": "Index Scan","Parent Relationship": "Inner","Parallel Aware": false,"Async Capable": false,"Scan Direction": "Forward","Index Name": "idx_lineitem_orderkey","Relation Name": "lineitem","Alias": "lineitem","Startup Cost": 0.43,"Total Cost": 4.63,"Plan Rows": 6,"Plan Width": 4,"Actual Startup Time": 0.009,"Actual Total Time": 0.009,"Actual Rows": 1,"Actual Loops": 55462,"Index Cond": "(l_orderkey = orders.o_orderkey)","Rows Removed by Index Recheck": 0,"Filter": "(l_commitdate < l_receiptdate)","Rows Removed by Filter": 1,"Workers": []}]}]}]}]}]},"Planning Time": 4.085,"Triggers": [],"Execution Time": 227.544}]
[{"Plan": {"Node Type": "Aggregate","Strategy": "Sorted","Partial Mode": "Finalize","Parallel Aware": false,"Async Capable": false,"Startup Cost": 51011.39,"Total Cost": 51044.78,"Plan Rows": 5,"Plan Width": 24,"Actual Startup Time": 210.461,"Actual Total Time": 234.044,"Actual Rows": 5,"Actual Loops": 1,"Group Key": ["orders.o_orderpriority"],"Plans": [{"Node Type": "Gather Merge","Parent Relationship": "Outer","Parallel Aware": false,"Async Capable": false,"Startup Cost": 51011.39,"Total Cost": 51044.65,"Plan Rows": 15,"Plan Width": 24,"Actual Startup Time": 210.096,"Actual Total Time": 234.015,"Actual Rows": 20,"Actual Loops": 1,"Workers Planned": 3,"Workers Launched": 3,"Plans": [{"Node Type": "Aggregate","Strategy": "Sorted","Partial Mode": "Partial","Parent Relationship": "Outer","Parallel Aware": false,"Async Capable": false,"Startup Cost": 50011.35,"Total Cost": 50042.85,"Plan Rows": 5,"Plan Width": 24,"Actual Startup Time": 201.605,"Actual Total Time": 202.848,"Actual Rows": 5,"Actual Loops": 4,"Group Key": ["orders.o_orderpriority"],"Workers": [],"Plans": [{"Node Type": "Sort","Parent Relationship": "Outer","Parallel Aware": false,"Async Capable": false,"Startup Cost": 50011.35,"Total Cost": 50021.83,"Plan Rows": 4193,"Plan Width": 16,"Actual Startup Time": 201.266,"Actual Total Time": 201.779,"Actual Rows": 13126,"Actual Loops": 4,"Sort Key": ["orders.o_orderpriority"],"Sort Method": "quicksort","Sort Space Used": 1111,"Sort Space Type": "Memory","Workers": [{"Worker Number": 0,"Sort Method": "quicksort","Sort Space Used": 1101,"Sort Space Type": "Memory"},{"Worker Number": 1,"Sort Method": "quicksort","Sort Space Used": 1104,"Sort Space Type": "Memory"},{"Worker Number": 2,"Sort Method": "quicksort","Sort Space Used": 1095,"Sort Space Type": "Memory"}],"Plans": [{"Node Type": "Nested Loop","Parent Relationship": "Outer","Parallel Aware": false,"Async Capable": false,"Join Type": "Semi","Startup Cost": 757.77,"Total Cost": 49759.06,"Plan Rows": 4193,"Plan Width": 16,"Actual Startup Time": 5.095,"Actual Total Time": 194.943,"Actual Rows": 13126,"Actual Loops": 4,"Inner Unique": false,"Workers": [],"Plans": [{"Node Type": "Bitmap Heap Scan","Parent Relationship": "Outer","Parallel Aware": true,"Async Capable": false,"Relation Name": "orders","Alias": "orders","Startup Cost": 757.34,"Total Cost": 27117.13,"Plan Rows": 17653,"Plan Width": 20,"Actual Startup Time": 4.968,"Actual Total Time": 58.949,"Actual Rows": 14316,"Actual Loops": 4,"Recheck Cond": "((o_orderdate >= '1997-08-01'::date) AND (o_orderdate < '1997-11-01 00:00:00'::timestamp without time zone))","Rows Removed by Index Recheck": 0,"Exact Heap Blocks": 5880,"Lossy Heap Blocks": 0,"Workers": [],"Plans": [{"Node Type": "Bitmap Index Scan","Parent Relationship": "Outer","Parallel Aware": false,"Async Capable": false,"Index Name": "idx_orders_orderdate","Startup Cost": 0.00,"Total Cost": 743.66,"Plan Rows": 54723,"Plan Width": 0,"Actual Startup Time": 8.219,"Actual Total Time": 8.222,"Actual Rows": 57265,"Actual Loops": 1,"Index Cond": "((o_orderdate >= '1997-08-01'::date) AND (o_orderdate < '1997-11-01 00:00:00'::timestamp without time zone))","Workers": []}]},{"Node Type": "Index Scan","Parent Relationship": "Inner","Parallel Aware": false,"Async Capable": false,"Scan Direction": "Forward","Index Name": "idx_lineitem_orderkey","Relation Name": "lineitem","Alias": "lineitem","Startup Cost": 0.43,"Total Cost": 4.69,"Plan Rows": 6,"Plan Width": 4,"Actual Startup Time": 0.009,"Actual Total Time": 0.009,"Actual Rows": 1,"Actual Loops": 57265,"Index Cond": "(l_orderkey = orders.o_orderkey)","Rows Removed by Index Recheck": 0,"Filter": "(l_commitdate < l_receiptdate)","Rows Removed by Filter": 1,"Workers": []}]}]}]}]}]},"Planning Time": 5.789,"Triggers": [],"Execution Time": 234.434}]
[{"Plan": {"Node Type": "Aggregate","Strategy": "Sorted","Partial Mode": "Finalize","Parallel Aware": false,"Async Capable": false,"Startup Cost": 51933.44,"Total Cost": 51968.34,"Plan Rows": 5,"Plan Width": 24,"Actual Startup Time": 210.135,"Actual Total Time": 234.741,"Actual Rows": 5,"Actual Loops": 1,"Group Key": ["orders.o_orderpriority"],"Plans": [{"Node Type": "Gather Merge","Parent Relationship": "Outer","Parallel Aware": false,"Async Capable": false,"Startup Cost": 51933.44,"Total Cost": 51968.21,"Plan Rows": 15,"Plan Width": 24,"Actual Startup Time": 209.800,"Actual Total Time": 234.712,"Actual Rows": 20,"Actual Loops": 1,"Workers Planned": 3,"Workers Launched": 3,"Plans": [{"Node Type": "Aggregate","Strategy": "Sorted","Partial Mode": "Partial","Parent Relationship": "Outer","Parallel Aware": false,"Async Capable": false,"Startup Cost": 50933.40,"Total Cost": 50966.41,"Plan Rows": 5,"Plan Width": 24,"Actual Startup Time": 201.015,"Actual Total Time": 202.241,"Actual Rows": 5,"Actual Loops": 4,"Group Key": ["orders.o_orderpriority"],"Workers": [],"Plans": [{"Node Type": "Sort","Parent Relationship": "Outer","Parallel Aware": false,"Async Capable": false,"Startup Cost": 50933.40,"Total Cost": 50944.39,"Plan Rows": 4394,"Plan Width": 16,"Actual Startup Time": 200.667,"Actual Total Time": 201.175,"Actual Rows": 12952,"Actual Loops": 4,"Sort Key": ["orders.o_orderpriority"],"Sort Method": "quicksort","Sort Space Used": 1081,"Sort Space Type": "Memory","Workers": [{"Worker Number": 0,"Sort Method": "quicksort","Sort Space Used": 1073,"Sort Space Type": "Memory"},{"Worker Number": 1,"Sort Method": "quicksort","Sort Space Used": 1106,"Sort Space Type": "Memory"},{"Worker Number": 2,"Sort Method": "quicksort","Sort Space Used": 1111,"Sort Space Type": "Memory"}],"Plans": [{"Node Type": "Nested Loop","Parent Relationship": "Outer","Parallel Aware": false,"Async Capable": false,"Join Type": "Semi","Startup Cost": 792.75,"Total Cost": 50667.54,"Plan Rows": 4394,"Plan Width": 16,"Actual Startup Time": 5.437,"Actual Total Time": 194.283,"Actual Rows": 12952,"Actual Loops": 4,"Inner Unique": false,"Workers": [],"Plans": [{"Node Type": "Bitmap Heap Scan","Parent Relationship": "Outer","Parallel Aware": true,"Async Capable": false,"Relation Name": "orders","Alias": "orders","Startup Cost": 792.32,"Total Cost": 27164.84,"Plan Rows": 18502,"Plan Width": 20,"Actual Startup Time": 5.284,"Actual Total Time": 57.970,"Actual Rows": 14142,"Actual Loops": 4,"Recheck Cond": "((o_orderdate >= '1996-01-01'::date) AND (o_orderdate < '1996-04-01 00:00:00'::timestamp without time zone))","Rows Removed by Index Recheck": 0,"Exact Heap Blocks": 5656,"Lossy Heap Blocks": 0,"Workers": [],"Plans": [{"Node Type": "Bitmap Index Scan","Parent Relationship": "Outer","Parallel Aware": false,"Async Capable": false,"Index Name": "idx_orders_orderdate","Startup Cost": 0.00,"Total Cost": 777.98,"Plan Rows": 57355,"Plan Width": 0,"Actual Startup Time": 8.943,"Actual Total Time": 8.944,"Actual Rows": 56568,"Actual Loops": 1,"Index Cond": "((o_orderdate >= '1996-01-01'::date) AND (o_orderdate < '1996-04-01 00:00:00'::timestamp without time zone))","Workers": []}]},{"Node Type": "Index Scan","Parent Relationship": "Inner","Parallel Aware": false,"Async Capable": false,"Scan Direction": "Forward","Index Name": "idx_lineitem_orderkey","Relation Name": "lineitem","Alias": "lineitem","Startup Cost": 0.43,"Total Cost": 4.62,"Plan Rows": 6,"Plan Width": 4,"Actual Startup Time": 0.009,"Actual Total Time": 0.009,"Actual Rows": 1,"Actual Loops": 56568,"Index Cond": "(l_orderkey = orders.o_orderkey)","Rows Removed by Index Recheck": 0,"Filter": "(l_commitdate < l_receiptdate)","Rows Removed by Filter": 1,"Workers": []}]}]}]}]}]},"Planning Time": 4.607,"Triggers": [],"Execution Time": 235.195}]
[{"Plan": {"Node Type": "Aggregate","Strategy": "Sorted","Partial Mode": "Finalize","Parallel Aware": false,"Async Capable": false,"Startup Cost": 52360.14,"Total Cost": 52395.74,"Plan Rows": 5,"Plan Width": 24,"Actual Startup Time": 212.297,"Actual Total Time": 236.425,"Actual Rows": 5,"Actual Loops": 1,"Group Key": ["orders.o_orderpriority"],"Plans": [{"Node Type": "Gather Merge","Parent Relationship": "Outer","Parallel Aware": false,"Async Capable": false,"Startup Cost": 52360.14,"Total Cost": 52395.61,"Plan Rows": 15,"Plan Width": 24,"Actual Startup Time": 211.946,"Actual Total Time": 236.394,"Actual Rows": 20,"Actual Loops": 1,"Workers Planned": 3,"Workers Launched": 3,"Plans": [{"Node Type": "Aggregate","Strategy": "Sorted","Partial Mode": "Partial","Parent Relationship": "Outer","Parallel Aware": false,"Async Capable": false,"Startup Cost": 51360.10,"Total Cost": 51393.81,"Plan Rows": 5,"Plan Width": 24,"Actual Startup Time": 203.132,"Actual Total Time": 204.381,"Actual Rows": 5,"Actual Loops": 4,"Group Key": ["orders.o_orderpriority"],"Workers": [],"Plans": [{"Node Type": "Sort","Parent Relationship": "Outer","Parallel Aware": false,"Async Capable": false,"Startup Cost": 51360.10,"Total Cost": 51371.32,"Plan Rows": 4488,"Plan Width": 16,"Actual Startup Time": 202.800,"Actual Total Time": 203.297,"Actual Rows": 13290,"Actual Loops": 4,"Sort Key": ["orders.o_orderpriority"],"Sort Method": "quicksort","Sort Space Used": 1098,"Sort Space Type": "Memory","Workers": [{"Worker Number": 0,"Sort Method": "quicksort","Sort Space Used": 1124,"Sort Space Type": "Memory"},{"Worker Number": 1,"Sort Method": "quicksort","Sort Space Used": 1137,"Sort Space Type": "Memory"},{"Worker Number": 2,"Sort Method": "quicksort","Sort Space Used": 1087,"Sort Space Type": "Memory"}],"Plans": [{"Node Type": "Nested Loop","Parent Relationship": "Outer","Parallel Aware": false,"Async Capable": false,"Join Type": "Semi","Startup Cost": 809.33,"Total Cost": 51087.86,"Plan Rows": 4488,"Plan Width": 16,"Actual Startup Time": 5.403,"Actual Total Time": 196.470,"Actual Rows": 13290,"Actual Loops": 4,"Inner Unique": false,"Workers": [],"Plans": [{"Node Type": "Bitmap Heap Scan","Parent Relationship": "Outer","Parallel Aware": true,"Async Capable": false,"Relation Name": "orders","Alias": "orders","Startup Cost": 808.89,"Total Cost": 27187.35,"Plan Rows": 18897,"Plan Width": 20,"Actual Startup Time": 5.275,"Actual Total Time": 58.082,"Actual Rows": 14470,"Actual Loops": 4,"Recheck Cond": "((o_orderdate >= '1996-08-01'::date) AND (o_orderdate < '1996-11-01 00:00:00'::timestamp without time zone))","Rows Removed by Index Recheck": 0,"Exact Heap Blocks": 5695,"Lossy Heap Blocks": 0,"Workers": [],"Plans": [{"Node Type": "Bitmap Index Scan","Parent Relationship": "Outer","Parallel Aware": false,"Async Capable": false,"Index Name": "idx_orders_orderdate","Startup Cost": 0.00,"Total Cost": 794.25,"Plan Rows": 58582,"Plan Width": 0,"Actual Startup Time": 8.974,"Actual Total Time": 8.976,"Actual Rows": 57880,"Actual Loops": 1,"Index Cond": "((o_orderdate >= '1996-08-01'::date) AND (o_orderdate < '1996-11-01 00:00:00'::timestamp without time zone))","Workers": []}]},{"Node Type": "Index Scan","Parent Relationship": "Inner","Parallel Aware": false,"Async Capable": false,"Scan Direction": "Forward","Index Name": "idx_lineitem_orderkey","Relation Name": "lineitem","Alias": "lineitem","Startup Cost": 0.43,"Total Cost": 4.60,"Plan Rows": 6,"Plan Width": 4,"Actual Startup Time": 0.009,"Actual Total Time": 0.009,"Actual Rows": 1,"Actual Loops": 57880,"Index Cond": "(l_orderkey = orders.o_orderkey)","Rows Removed by Index Recheck": 0,"Filter": "(l_commitdate < l_receiptdate)","Rows Removed by Filter": 1,"Workers": []}]}]}]}]}]},"Planning Time": 4.460,"Triggers": [],"Execution Time": 236.855}]
[{"Plan": {"Node Type": "Aggregate","Strategy": "Sorted","Partial Mode": "Finalize","Parallel Aware": false,"Async Capable": false,"Startup Cost": 53066.80,"Total Cost": 53103.57,"Plan Rows": 5,"Plan Width": 24,"Actual Startup Time": 212.244,"Actual Total Time": 236.326,"Actual Rows": 5,"Actual Loops": 1,"Group Key": ["orders.o_orderpriority"],"Plans": [{"Node Type": "Gather Merge","Parent Relationship": "Outer","Parallel Aware": false,"Async Capable": false,"Startup Cost": 53066.80,"Total Cost": 53103.44,"Plan Rows": 15,"Plan Width": 24,"Actual Startup Time": 211.829,"Actual Total Time": 236.295,"Actual Rows": 20,"Actual Loops": 1,"Workers Planned": 3,"Workers Launched": 3,"Plans": [{"Node Type": "Aggregate","Strategy": "Sorted","Partial Mode": "Partial","Parent Relationship": "Outer","Parallel Aware": false,"Async Capable": false,"Startup Cost": 52066.76,"Total Cost": 52101.64,"Plan Rows": 5,"Plan Width": 24,"Actual Startup Time": 202.767,"Actual Total Time": 204.001,"Actual Rows": 5,"Actual Loops": 4,"Group Key": ["orders.o_orderpriority"],"Workers": [],"Plans": [{"Node Type": "Sort","Parent Relationship": "Outer","Parallel Aware": false,"Async Capable": false,"Startup Cost": 52066.76,"Total Cost": 52078.37,"Plan Rows": 4644,"Plan Width": 16,"Actual Startup Time": 202.424,"Actual Total Time": 202.931,"Actual Rows": 12960,"Actual Loops": 4,"Sort Key": ["orders.o_orderpriority"],"Sort Method": "quicksort","Sort Space Used": 1093,"Sort Space Type": "Memory","Workers": [{"Worker Number": 0,"Sort Method": "quicksort","Sort Space Used": 1075,"Sort Space Type": "Memory"},{"Worker Number": 1,"Sort Method": "quicksort","Sort Space Used": 1099,"Sort Space Type": "Memory"},{"Worker Number": 2,"Sort Method": "quicksort","Sort Space Used": 1106,"Sort Space Type": "Memory"}],"Plans": [{"Node Type": "Nested Loop","Parent Relationship": "Outer","Parallel Aware": false,"Async Capable": false,"Join Type": "Semi","Startup Cost": 838.15,"Total Cost": 51783.92,"Plan Rows": 4644,"Plan Width": 16,"Actual Startup Time": 4.866,"Actual Total Time": 196.038,"Actual Rows": 12960,"Actual Loops": 4,"Inner Unique": false,"Workers": [],"Plans": [{"Node Type": "Bitmap Heap Scan","Parent Relationship": "Outer","Parallel Aware": true,"Async Capable": false,"Relation Name": "orders","Alias": "orders","Startup Cost": 837.72,"Total Cost": 27226.01,"Plan Rows": 19553,"Plan Width": 20,"Actual Startup Time": 4.730,"Actual Total Time": 58.287,"Actual Rows": 14126,"Actual Loops": 4,"Recheck Cond": "((o_orderdate >= '1995-01-01'::date) AND (o_orderdate < '1995-04-01 00:00:00'::timestamp without time zone))","Rows Removed by Index Recheck": 0,"Exact Heap Blocks": 5851,"Lossy Heap Blocks": 0,"Workers": [],"Plans": [{"Node Type": "Bitmap Index Scan","Parent Relationship": "Outer","Parallel Aware": false,"Async Capable": false,"Index Name": "idx_orders_orderdate","Startup Cost": 0.00,"Total Cost": 822.57,"Plan Rows": 60614,"Plan Width": 0,"Actual Startup Time": 8.580,"Actual Total Time": 8.580,"Actual Rows": 56506,"Actual Loops": 1,"Index Cond": "((o_orderdate >= '1995-01-01'::date) AND (o_orderdate < '1995-04-01 00:00:00'::timestamp without time zone))","Workers": []}]},{"Node Type": "Index Scan","Parent Relationship": "Inner","Parallel Aware": false,"Async Capable": false,"Scan Direction": "Forward","Index Name": "idx_lineitem_orderkey","Relation Name": "lineitem","Alias": "lineitem","Startup Cost": 0.43,"Total Cost": 4.55,"Plan Rows": 6,"Plan Width": 4,"Actual Startup Time": 0.009,"Actual Total Time": 0.009,"Actual Rows": 1,"Actual Loops": 56506,"Index Cond": "(l_orderkey = orders.o_orderkey)","Rows Removed by Index Recheck": 0,"Filter": "(l_commitdate < l_receiptdate)","Rows Removed by Filter": 1,"Workers": []}]}]}]}]}]},"Planning Time": 5.921,"Triggers": [],"Execution Time": 236.742}]
[{"Plan": {"Node Type": "Aggregate","Strategy": "Sorted","Partial Mode": "Finalize","Parallel Aware": false,"Async Capable": false,"Startup Cost": 50795.59,"Total Cost": 50828.62,"Plan Rows": 5,"Plan Width": 24,"Actual Startup Time": 207.449,"Actual Total Time": 231.624,"Actual Rows": 5,"Actual Loops": 1,"Group Key": ["orders.o_orderpriority"],"Plans": [{"Node Type": "Gather Merge","Parent Relationship": "Outer","Parallel Aware": false,"Async Capable": false,"Startup Cost": 50795.59,"Total Cost": 50828.49,"Plan Rows": 15,"Plan Width": 24,"Actual Startup Time": 207.082,"Actual Total Time": 231.593,"Actual Rows": 20,"Actual Loops": 1,"Workers Planned": 3,"Workers Launched": 3,"Plans": [{"Node Type": "Aggregate","Strategy": "Sorted","Partial Mode": "Partial","Parent Relationship": "Outer","Parallel Aware": false,"Async Capable": false,"Startup Cost": 49795.55,"Total Cost": 49826.69,"Plan Rows": 5,"Plan Width": 24,"Actual Startup Time": 197.121,"Actual Total Time": 198.416,"Actual Rows": 5,"Actual Loops": 4,"Group Key": ["orders.o_orderpriority"],"Workers": [],"Plans": [{"Node Type": "Sort","Parent Relationship": "Outer","Parallel Aware": false,"Async Capable": false,"Startup Cost": 49795.55,"Total Cost": 49805.91,"Plan Rows": 4146,"Plan Width": 16,"Actual Startup Time": 196.751,"Actual Total Time": 197.344,"Actual Rows": 12836,"Actual Loops": 4,"Sort Key": ["orders.o_orderpriority"],"Sort Method": "quicksort","Sort Space Used": 1059,"Sort Space Type": "Memory","Workers": [{"Worker Number": 0,"Sort Method": "quicksort","Sort Space Used": 1115,"Sort Space Type": "Memory"},{"Worker Number": 1,"Sort Method": "quicksort","Sort Space Used": 1058,"Sort Space Type": "Memory"},{"Worker Number": 2,"Sort Method": "quicksort","Sort Space Used": 1115,"Sort Space Type": "Memory"}],"Plans": [{"Node Type": "Nested Loop","Parent Relationship": "Outer","Parallel Aware": false,"Async Capable": false,"Join Type": "Semi","Startup Cost": 747.58,"Total Cost": 49546.42,"Plan Rows": 4146,"Plan Width": 16,"Actual Startup Time": 3.884,"Actual Total Time": 190.408,"Actual Rows": 12836,"Actual Loops": 4,"Inner Unique": false,"Workers": [],"Plans": [{"Node Type": "Bitmap Heap Scan","Parent Relationship": "Outer","Parallel Aware": true,"Async Capable": false,"Relation Name": "orders","Alias": "orders","Startup Cost": 747.15,"Total Cost": 27104.01,"Plan Rows": 17458,"Plan Width": 20,"Actual Startup Time": 3.813,"Actual Total Time": 55.064,"Actual Rows": 14013,"Actual Loops": 4,"Recheck Cond": "((o_orderdate >= '1996-02-01'::date) AND (o_orderdate < '1996-05-01 00:00:00'::timestamp without time zone))","Rows Removed by Index Recheck": 0,"Exact Heap Blocks": 5537,"Lossy Heap Blocks": 0,"Workers": [],"Plans": [{"Node Type": "Bitmap Index Scan","Parent Relationship": "Outer","Parallel Aware": false,"Async Capable": false,"Index Name": "idx_orders_orderdate","Startup Cost": 0.00,"Total Cost": 733.62,"Plan Rows": 54119,"Plan Width": 0,"Actual Startup Time": 7.926,"Actual Total Time": 7.927,"Actual Rows": 56052,"Actual Loops": 1,"Index Cond": "((o_orderdate >= '1996-02-01'::date) AND (o_orderdate < '1996-05-01 00:00:00'::timestamp without time zone))","Workers": []}]},{"Node Type": "Index Scan","Parent Relationship": "Inner","Parallel Aware": false,"Async Capable": false,"Scan Direction": "Forward","Index Name": "idx_lineitem_orderkey","Relation Name": "lineitem","Alias": "lineitem","Startup Cost": 0.43,"Total Cost": 4.70,"Plan Rows": 6,"Plan Width": 4,"Actual Startup Time": 0.009,"Actual Total Time": 0.009,"Actual Rows": 1,"Actual Loops": 56052,"Index Cond": "(l_orderkey = orders.o_orderkey)","Rows Removed by Index Recheck": 0,"Filter": "(l_commitdate < l_receiptdate)","Rows Removed by Filter": 1,"Workers": []}]}]}]}]}]},"Planning Time": 5.293,"Triggers": [],"Execution Time": 232.381}]
[{"Plan": {"Node Type": "Aggregate","Strategy": "Sorted","Partial Mode": "Finalize","Parallel Aware": false,"Async Capable": false,"Startup Cost": 51603.08,"Total Cost": 51637.43,"Plan Rows": 5,"Plan Width": 24,"Actual Startup Time": 206.486,"Actual Total Time": 231.871,"Actual Rows": 5,"Actual Loops": 1,"Group Key": ["orders.o_orderpriority"],"Plans": [{"Node Type": "Gather Merge","Parent Relationship": "Outer","Parallel Aware": false,"Async Capable": false,"Startup Cost": 51603.08,"Total Cost": 51637.31,"Plan Rows": 15,"Plan Width": 24,"Actual Startup Time": 206.081,"Actual Total Time": 231.843,"Actual Rows": 20,"Actual Loops": 1,"Workers Planned": 3,"Workers Launched": 3,"Plans": [{"Node Type": "Aggregate","Strategy": "Sorted","Partial Mode": "Partial","Parent Relationship": "Outer","Parallel Aware": false,"Async Capable": false,"Startup Cost": 50603.04,"Total Cost": 50635.51,"Plan Rows": 5,"Plan Width": 24,"Actual Startup Time": 197.360,"Actual Total Time": 198.642,"Actual Rows": 5,"Actual Loops": 4,"Group Key": ["orders.o_orderpriority"],"Workers": [],"Plans": [{"Node Type": "Sort","Parent Relationship": "Outer","Parallel Aware": false,"Async Capable": false,"Startup Cost": 50603.04,"Total Cost": 50613.85,"Plan Rows": 4322,"Plan Width": 16,"Actual Startup Time": 197.017,"Actual Total Time": 197.567,"Actual Rows": 13131,"Actual Loops": 4,"Sort Key": ["orders.o_orderpriority"],"Sort Method": "quicksort","Sort Space Used": 1089,"Sort Space Type": "Memory","Workers": [{"Worker Number": 0,"Sort Method": "quicksort","Sort Space Used": 1120,"Sort Space Type": "Memory"},{"Worker Number": 1,"Sort Method": "quicksort","Sort Space Used": 1083,"Sort Space Type": "Memory"},{"Worker Number": 2,"Sort Method": "quicksort","Sort Space Used": 1118,"Sort Space Type": "Memory"}],"Plans": [{"Node Type": "Nested Loop","Parent Relationship": "Outer","Parallel Aware": false,"Async Capable": false,"Join Type": "Semi","Startup Cost": 779.09,"Total Cost": 50342.05,"Plan Rows": 4322,"Plan Width": 16,"Actual Startup Time": 4.937,"Actual Total Time": 190.619,"Actual Rows": 13131,"Actual Loops": 4,"Inner Unique": false,"Workers": [],"Plans": [{"Node Type": "Bitmap Heap Scan","Parent Relationship": "Outer","Parallel Aware": true,"Async Capable": false,"Relation Name": "orders","Alias": "orders","Startup Cost": 778.66,"Total Cost": 27146.63,"Plan Rows": 18198,"Plan Width": 20,"Actual Startup Time": 4.811,"Actual Total Time": 55.616,"Actual Rows": 14304,"Actual Loops": 4,"Recheck Cond": "((o_orderdate >= '1993-07-01'::date) AND (o_orderdate < '1993-10-01 00:00:00'::timestamp without time zone))","Rows Removed by Index Recheck": 0,"Exact Heap Blocks": 5709,"Lossy Heap Blocks": 0,"Workers": [],"Plans": [{"Node Type": "Bitmap Index Scan","Parent Relationship": "Outer","Parallel Aware": false,"Async Capable": false,"Index Name": "idx_orders_orderdate","Startup Cost": 0.00,"Total Cost": 764.56,"Plan Rows": 56413,"Plan Width": 0,"Actual Startup Time": 8.166,"Actual Total Time": 8.170,"Actual Rows": 57218,"Actual Loops": 1,"Index Cond": "((o_orderdate >= '1993-07-01'::date) AND (o_orderdate < '1993-10-01 00:00:00'::timestamp without time zone))","Workers": []}]},{"Node Type": "Index Scan","Parent Relationship": "Inner","Parallel Aware": false,"Async Capable": false,"Scan Direction": "Forward","Index Name": "idx_lineitem_orderkey","Relation Name": "lineitem","Alias": "lineitem","Startup Cost": 0.43,"Total Cost": 4.64,"Plan Rows": 6,"Plan Width": 4,"Actual Startup Time": 0.009,"Actual Total Time": 0.009,"Actual Rows": 1,"Actual Loops": 57218,"Index Cond": "(l_orderkey = orders.o_orderkey)","Rows Removed by Index Recheck": 0,"Filter": "(l_commitdate < l_receiptdate)","Rows Removed by Filter": 1,"Workers": []}]}]}]}]}]},"Planning Time": 4.369,"Triggers": [],"Execution Time": 232.584}]
[{"Plan": {"Node Type": "Aggregate","Strategy": "Sorted","Partial Mode": "Finalize","Parallel Aware": false,"Async Capable": false,"Startup Cost": 50393.04,"Total Cost": 50425.42,"Plan Rows": 5,"Plan Width": 24,"Actual Startup Time": 209.179,"Actual Total Time": 234.092,"Actual Rows": 5,"Actual Loops": 1,"Group Key": ["orders.o_orderpriority"],"Plans": [{"Node Type": "Gather Merge","Parent Relationship": "Outer","Parallel Aware": false,"Async Capable": false,"Startup Cost": 50393.04,"Total Cost": 50425.30,"Plan Rows": 15,"Plan Width": 24,"Actual Startup Time": 208.857,"Actual Total Time": 234.045,"Actual Rows": 20,"Actual Loops": 1,"Workers Planned": 3,"Workers Launched": 3,"Plans": [{"Node Type": "Aggregate","Strategy": "Sorted","Partial Mode": "Partial","Parent Relationship": "Outer","Parallel Aware": false,"Async Capable": false,"Startup Cost": 49393.00,"Total Cost": 49423.49,"Plan Rows": 5,"Plan Width": 24,"Actual Startup Time": 200.343,"Actual Total Time": 201.591,"Actual Rows": 5,"Actual Loops": 4,"Group Key": ["orders.o_orderpriority"],"Workers": [],"Plans": [{"Node Type": "Sort","Parent Relationship": "Outer","Parallel Aware": false,"Async Capable": false,"Startup Cost": 49393.00,"Total Cost": 49403.15,"Plan Rows": 4059,"Plan Width": 16,"Actual Startup Time": 200.015,"Actual Total Time": 200.534,"Actual Rows": 13007,"Actual Loops": 4,"Sort Key": ["orders.o_orderpriority"],"Sort Method": "quicksort","Sort Space Used": 1034,"Sort Space Type": "Memory","Workers": [{"Worker Number": 0,"Sort Method": "quicksort","Sort Space Used": 1128,"Sort Space Type": "Memory"},{"Worker Number": 1,"Sort Method": "quicksort","Sort Space Used": 1096,"Sort Space Type": "Memory"},{"Worker Number": 2,"Sort Method": "quicksort","Sort Space Used": 1126,"Sort Space Type": "Memory"}],"Plans": [{"Node Type": "Nested Loop","Parent Relationship": "Outer","Parallel Aware": false,"Async Capable": false,"Join Type": "Semi","Startup Cost": 731.94,"Total Cost": 49149.73,"Plan Rows": 4059,"Plan Width": 16,"Actual Startup Time": 5.320,"Actual Total Time": 193.882,"Actual Rows": 13007,"Actual Loops": 4,"Inner Unique": false,"Workers": [],"Plans": [{"Node Type": "Bitmap Heap Scan","Parent Relationship": "Outer","Parallel Aware": true,"Async Capable": false,"Relation Name": "orders","Alias": "orders","Startup Cost": 731.50,"Total Cost": 27082.87,"Plan Rows": 17091,"Plan Width": 20,"Actual Startup Time": 5.198,"Actual Total Time": 56.771,"Actual Rows": 14217,"Actual Loops": 4,"Recheck Cond": "((o_orderdate >= '1995-09-01'::date) AND (o_orderdate < '1995-12-01 00:00:00'::timestamp without time zone))","Rows Removed by Index Recheck": 0,"Exact Heap Blocks": 5379,"Lossy Heap Blocks": 0,"Workers": [],"Plans": [{"Node Type": "Bitmap Index Scan","Parent Relationship": "Outer","Parallel Aware": false,"Async Capable": false,"Index Name": "idx_orders_orderdate","Startup Cost": 0.00,"Total Cost": 718.26,"Plan Rows": 52983,"Plan Width": 0,"Actual Startup Time": 8.331,"Actual Total Time": 8.335,"Actual Rows": 56867,"Actual Loops": 1,"Index Cond": "((o_orderdate >= '1995-09-01'::date) AND (o_orderdate < '1995-12-01 00:00:00'::timestamp without time zone))","Workers": []}]},{"Node Type": "Index Scan","Parent Relationship": "Inner","Parallel Aware": false,"Async Capable": false,"Scan Direction": "Forward","Index Name": "idx_lineitem_orderkey","Relation Name": "lineitem","Alias": "lineitem","Startup Cost": 0.43,"Total Cost": 4.73,"Plan Rows": 6,"Plan Width": 4,"Actual Startup Time": 0.009,"Actual Total Time": 0.009,"Actual Rows": 1,"Actual Loops": 56867,"Index Cond": "(l_orderkey = orders.o_orderkey)","Rows Removed by Index Recheck": 0,"Filter": "(l_commitdate < l_receiptdate)","Rows Removed by Filter": 1,"Workers": []}]}]}]}]}]},"Planning Time": 4.551,"Triggers": [],"Execution Time": 234.551}]
[{"Plan": {"Node Type": "Aggregate","Strategy": "Sorted","Partial Mode": "Finalize","Parallel Aware": false,"Async Capable": false,"Startup Cost": 52151.90,"Total Cost": 52187.16,"Plan Rows": 5,"Plan Width": 24,"Actual Startup Time": 210.638,"Actual Total Time": 234.377,"Actual Rows": 5,"Actual Loops": 1,"Group Key": ["orders.o_orderpriority"],"Plans": [{"Node Type": "Gather Merge","Parent Relationship": "Outer","Parallel Aware": false,"Async Capable": false,"Startup Cost": 52151.90,"Total Cost": 52187.03,"Plan Rows": 15,"Plan Width": 24,"Actual Startup Time": 210.240,"Actual Total Time": 234.359,"Actual Rows": 20,"Actual Loops": 1,"Workers Planned": 3,"Workers Launched": 3,"Plans": [{"Node Type": "Aggregate","Strategy": "Sorted","Partial Mode": "Partial","Parent Relationship": "Outer","Parallel Aware": false,"Async Capable": false,"Startup Cost": 51151.86,"Total Cost": 51185.23,"Plan Rows": 5,"Plan Width": 24,"Actual Startup Time": 201.517,"Actual Total Time": 202.754,"Actual Rows": 5,"Actual Loops": 4,"Group Key": ["orders.o_orderpriority"],"Workers": [],"Plans": [{"Node Type": "Sort","Parent Relationship": "Outer","Parallel Aware": false,"Async Capable": false,"Startup Cost": 51151.86,"Total Cost": 51162.97,"Plan Rows": 4442,"Plan Width": 16,"Actual Startup Time": 201.174,"Actual Total Time": 201.691,"Actual Rows": 12988,"Actual Loops": 4,"Sort Key": ["orders.o_orderpriority"],"Sort Method": "quicksort","Sort Space Used": 1106,"Sort Space Type": "Memory","Workers": [{"Worker Number": 0,"Sort Method": "quicksort","Sort Space Used": 1082,"Sort Space Type": "Memory"},{"Worker Number": 1,"Sort Method": "quicksort","Sort Space Used": 1101,"Sort Space Type": "Memory"},{"Worker Number": 2,"Sort Method": "quicksort","Sort Space Used": 1090,"Sort Space Type": "Memory"}],"Plans": [{"Node Type": "Nested Loop","Parent Relationship": "Outer","Parallel Aware": false,"Async Capable": false,"Join Type": "Semi","Startup Cost": 803.12,"Total Cost": 50882.74,"Plan Rows": 4442,"Plan Width": 16,"Actual Startup Time": 5.439,"Actual Total Time": 194.803,"Actual Rows": 12988,"Actual Loops": 4,"Inner Unique": false,"Workers": [],"Plans": [{"Node Type": "Bitmap Heap Scan","Parent Relationship": "Outer","Parallel Aware": true,"Async Capable": false,"Relation Name": "orders","Alias": "orders","Startup Cost": 802.69,"Total Cost": 27178.23,"Plan Rows": 18702,"Plan Width": 20,"Actual Startup Time": 5.309,"Actual Total Time": 58.612,"Actual Rows": 14170,"Actual Loops": 4,"Recheck Cond": "((o_orderdate >= '1995-12-01'::date) AND (o_orderdate < '1996-03-01 00:00:00'::timestamp without time zone))","Rows Removed by Index Recheck": 0,"Exact Heap Blocks": 5992,"Lossy Heap Blocks": 0,"Workers": [],"Plans": [{"Node Type": "Bitmap Index Scan","Parent Relationship": "Outer","Parallel Aware": false,"Async Capable": false,"Index Name": "idx_orders_orderdate","Startup Cost": 0.00,"Total Cost": 788.20,"Plan Rows": 57977,"Plan Width": 0,"Actual Startup Time": 8.900,"Actual Total Time": 8.902,"Actual Rows": 56682,"Actual Loops": 1,"Index Cond": "((o_orderdate >= '1995-12-01'::date) AND (o_orderdate < '1996-03-01 00:00:00'::timestamp without time zone))","Workers": []}]},{"Node Type": "Index Scan","Parent Relationship": "Inner","Parallel Aware": false,"Async Capable": false,"Scan Direction": "Forward","Index Name": "idx_lineitem_orderkey","Relation Name": "lineitem","Alias": "lineitem","Startup Cost": 0.43,"Total Cost": 4.61,"Plan Rows": 6,"Plan Width": 4,"Actual Startup Time": 0.009,"Actual Total Time": 0.009,"Actual Rows": 1,"Actual Loops": 56682,"Index Cond": "(l_orderkey = orders.o_orderkey)","Rows Removed by Index Recheck": 0,"Filter": "(l_commitdate < l_receiptdate)","Rows Removed by Filter": 1,"Workers": []}]}]}]}]}]},"Planning Time": 4.197,"Triggers": [],"Execution Time": 234.781}]
[{"Plan": {"Node Type": "Aggregate","Strategy": "Sorted","Partial Mode": "Finalize","Parallel Aware": false,"Async Capable": false,"Startup Cost": 50907.22,"Total Cost": 50940.43,"Plan Rows": 5,"Plan Width": 24,"Actual Startup Time": 204.875,"Actual Total Time": 229.245,"Actual Rows": 5,"Actual Loops": 1,"Group Key": ["orders.o_orderpriority"],"Plans": [{"Node Type": "Gather Merge","Parent Relationship": "Outer","Parallel Aware": false,"Async Capable": false,"Startup Cost": 50907.22,"Total Cost": 50940.30,"Plan Rows": 15,"Plan Width": 24,"Actual Startup Time": 204.487,"Actual Total Time": 229.210,"Actual Rows": 20,"Actual Loops": 1,"Workers Planned": 3,"Workers Launched": 3,"Plans": [{"Node Type": "Aggregate","Strategy": "Sorted","Partial Mode": "Partial","Parent Relationship": "Outer","Parallel Aware": false,"Async Capable": false,"Startup Cost": 49907.18,"Total Cost": 49938.50,"Plan Rows": 5,"Plan Width": 24,"Actual Startup Time": 195.859,"Actual Total Time": 197.107,"Actual Rows": 5,"Actual Loops": 4,"Group Key": ["orders.o_orderpriority"],"Workers": [],"Plans": [{"Node Type": "Sort","Parent Relationship": "Outer","Parallel Aware": false,"Async Capable": false,"Startup Cost": 49907.18,"Total Cost": 49917.60,"Plan Rows": 4170,"Plan Width": 16,"Actual Startup Time": 195.538,"Actual Total Time": 196.036,"Actual Rows": 13129,"Actual Loops": 4,"Sort Key": ["orders.o_orderpriority"],"Sort Method": "quicksort","Sort Space Used": 1092,"Sort Space Type": "Memory","Workers": [{"Worker Number": 0,"Sort Method": "quicksort","Sort Space Used": 1119,"Sort Space Type": "Memory"},{"Worker Number": 1,"Sort Method": "quicksort","Sort Space Used": 1082,"Sort Space Type": "Memory"},{"Worker Number": 2,"Sort Method": "quicksort","Sort Space Used": 1116,"Sort Space Type": "Memory"}],"Plans": [{"Node Type": "Nested Loop","Parent Relationship": "Outer","Parallel Aware": false,"Async Capable": false,"Join Type": "Semi","Startup Cost": 754.75,"Total Cost": 49656.44,"Plan Rows": 4170,"Plan Width": 16,"Actual Startup Time": 4.769,"Actual Total Time": 189.357,"Actual Rows": 13129,"Actual Loops": 4,"Inner Unique": false,"Workers": [],"Plans": [{"Node Type": "Bitmap Heap Scan","Parent Relationship": "Outer","Parallel Aware": true,"Async Capable": false,"Relation Name": "orders","Alias": "orders","Startup Cost": 754.31,"Total Cost": 27112.68,"Plan Rows": 17557,"Plan Width": 20,"Actual Startup Time": 4.640,"Actual Total Time": 54.547,"Actual Rows": 14334,"Actual Loops": 4,"Recheck Cond": "((o_orderdate >= '1995-10-01'::date) AND (o_orderdate < '1996-01-01 00:00:00'::timestamp without time zone))","Rows Removed by Index Recheck": 0,"Exact Heap Blocks": 5726,"Lossy Heap Blocks": 0,"Workers": [],"Plans": [{"Node Type": "Bitmap Index Scan","Parent Relationship": "Outer","Parallel Aware": false,"Async Capable": false,"Index Name": "idx_orders_orderdate","Startup Cost": 0.00,"Total Cost": 740.71,"Plan Rows": 54428,"Plan Width": 0,"Actual Startup Time": 8.057,"Actual Total Time": 8.058,"Actual Rows": 57337,"Actual Loops": 1,"Index Cond": "((o_orderdate >= '1995-10-01'::date) AND (o_orderdate < '1996-01-01 00:00:00'::timestamp without time zone))","Workers": []}]},{"Node Type": "Index Scan","Parent Relationship": "Inner","Parallel Aware": false,"Async Capable": false,"Scan Direction": "Forward","Index Name": "idx_lineitem_orderkey","Relation Name": "lineitem","Alias": "lineitem","Startup Cost": 0.43,"Total Cost": 4.69,"Plan Rows": 6,"Plan Width": 4,"Actual Startup Time": 0.009,"Actual Total Time": 0.009,"Actual Rows": 1,"Actual Loops": 57337,"Index Cond": "(l_orderkey = orders.o_orderkey)","Rows Removed by Index Recheck": 0,"Filter": "(l_commitdate < l_receiptdate)","Rows Removed by Filter": 1,"Workers": []}]}]}]}]}]},"Planning Time": 4.806,"Triggers": [],"Execution Time": 229.951}]
[{"Plan": {"Node Type": "Aggregate","Strategy": "Sorted","Partial Mode": "Finalize","Parallel Aware": false,"Async Capable": false,"Startup Cost": 50907.22,"Total Cost": 50940.43,"Plan Rows": 5,"Plan Width": 24,"Actual Startup Time": 204.875,"Actual Total Time": 229.245,"Actual Rows": 5,"Actual Loops": 1,"Group Key": ["orders.o_orderpriority"],"Plans": [{"Node Type": "Gather Merge","Parent Relationship": "Outer","Parallel Aware": false,"Async Capable": false,"Startup Cost": 50907.22,"Total Cost": 50940.30,"Plan Rows": 15,"Plan Width": 24,"Actual Startup Time": 204.487,"Actual Total Time": 229.210,"Actual Rows": 20,"Actual Loops": 1,"Workers Planned": 3,"Workers Launched": 3,"Plans": [{"Node Type": "Aggregate","Strategy": "Sorted","Partial Mode": "Partial","Parent Relationship": "Outer","Parallel Aware": false,"Async Capable": false,"Startup Cost": 49907.18,"Total Cost": 49938.50,"Plan Rows": 5,"Plan Width": 24,"Actual Startup Time": 195.859,"Actual Total Time": 197.107,"Actual Rows": 5,"Actual Loops": 4,"Group Key": ["orders.o_orderpriority"],"Workers": [],"Plans": [{"Node Type": "Sort","Parent Relationship": "Outer","Parallel Aware": false,"Async Capable": false,"Startup Cost": 49907.18,"Total Cost": 49917.60,"Plan Rows": 4170,"Plan Width": 16,"Actual Startup Time": 195.538,"Actual Total Time": 196.036,"Actual Rows": 13129,"Actual Loops": 4,"Sort Key": ["orders.o_orderpriority"],"Sort Method": "quicksort","Sort Space Used": 1092,"Sort Space Type": "Memory","Workers": [{"Worker Number": 0,"Sort Method": "quicksort","Sort Space Used": 1119,"Sort Space Type": "Memory"},{"Worker Number": 1,"Sort Method": "quicksort","Sort Space Used": 1082,"Sort Space Type": "Memory"},{"Worker Number": 2,"Sort Method": "quicksort","Sort Space Used": 1116,"Sort Space Type": "Memory"}],"Plans": [{"Node Type": "Nested Loop","Parent Relationship": "Outer","Parallel Aware": false,"Async Capable": false,"Join Type": "Semi","Startup Cost": 754.75,"Total Cost": 49656.44,"Plan Rows": 4170,"Plan Width": 16,"Actual Startup Time": 4.769,"Actual Total Time": 189.357,"Actual Rows": 13129,"Actual Loops": 4,"Inner Unique": false,"Workers": [],"Plans": [{"Node Type": "Bitmap Heap Scan","Parent Relationship": "Outer","Parallel Aware": true,"Async Capable": false,"Relation Name": "orders","Alias": "orders","Startup Cost": 754.31,"Total Cost": 27112.68,"Plan Rows": 17557,"Plan Width": 20,"Actual Startup Time": 4.640,"Actual Total Time": 54.547,"Actual Rows": 14334,"Actual Loops": 4,"Recheck Cond": "((o_orderdate >= '1995-10-01'::date) AND (o_orderdate < '1996-01-01 00:00:00'::timestamp without time zone))","Rows Removed by Index Recheck": 0,"Exact Heap Blocks": 5726,"Lossy Heap Blocks": 0,"Workers": [],"Plans": [{"Node Type": "Bitmap Index Scan","Parent Relationship": "Outer","Parallel Aware": false,"Async Capable": false,"Index Name": "idx_orders_orderdate","Startup Cost": 0.00,"Total Cost": 740.71,"Plan Rows": 54428,"Plan Width": 0,"Actual Startup Time": 8.057,"Actual Total Time": 8.058,"Actual Rows": 57337,"Actual Loops": 1,"Index Cond": "((o_orderdate >= '1995-10-01'::date) AND (o_orderdate < '1996-01-01 00:00:00'::timestamp without time zone))","Workers": []}]},{"Node Type": "Index Scan","Parent Relationship": "Inner","Parallel Aware": false,"Async Capable": false,"Scan Direction": "Forward","Index Name": "idx_lineitem_orderkey","Relation Name": "lineitem","Alias": "lineitem","Startup Cost": 0.43,"Total Cost": 4.69,"Plan Rows": 6,"Plan Width": 4,"Actual Startup Time": 0.009,"Actual Total Time": 0.009,"Actual Rows": 1,"Actual Loops": 57337,"Index Cond": "(l_orderkey = orders.o_orderkey)","Rows Removed by Index Recheck": 0,"Filter": "(l_commitdate < l_receiptdate)","Rows Removed by Filter": 1,"Workers": []}]}]}]}]}]},"Planning Time": 4.806,"Triggers": [],"Execution Time": 229.951}]
[{"Plan": {"Node Type": "Aggregate","Strategy": "Sorted","Partial Mode": "Finalize","Parallel Aware": false,"Async Capable": false,"Startup Cost": 51940.16,"Total Cost": 51975.07,"Plan Rows": 5,"Plan Width": 24,"Actual Startup Time": 211.359,"Actual Total Time": 235.485,"Actual Rows": 5,"Actual Loops": 1,"Group Key": ["orders.o_orderpriority"],"Plans": [{"Node Type": "Gather Merge","Parent Relationship": "Outer","Parallel Aware": false,"Async Capable": false,"Startup Cost": 51940.16,"Total Cost": 51974.94,"Plan Rows": 15,"Plan Width": 24,"Actual Startup Time": 210.977,"Actual Total Time": 235.464,"Actual Rows": 20,"Actual Loops": 1,"Workers Planned": 3,"Workers Launched": 3,"Plans": [{"Node Type": "Aggregate","Strategy": "Sorted","Partial Mode": "Partial","Parent Relationship": "Outer","Parallel Aware": false,"Async Capable": false,"Startup Cost": 50940.12,"Total Cost": 50973.14,"Plan Rows": 5,"Plan Width": 24,"Actual Startup Time": 202.425,"Actual Total Time": 203.673,"Actual Rows": 5,"Actual Loops": 4,"Group Key": ["orders.o_orderpriority"],"Workers": [],"Plans": [{"Node Type": "Sort","Parent Relationship": "Outer","Parallel Aware": false,"Async Capable": false,"Startup Cost": 50940.12,"Total Cost": 50951.11,"Plan Rows": 4396,"Plan Width": 16,"Actual Startup Time": 202.075,"Actual Total Time": 202.609,"Actual Rows": 13093,"Actual Loops": 4,"Sort Key": ["orders.o_orderpriority"],"Sort Method": "quicksort","Sort Space Used": 1113,"Sort Space Type": "Memory","Workers": [{"Worker Number": 0,"Sort Method": "quicksort","Sort Space Used": 1095,"Sort Space Type": "Memory"},{"Worker Number": 1,"Sort Method": "quicksort","Sort Space Used": 1096,"Sort Space Type": "Memory"},{"Worker Number": 2,"Sort Method": "quicksort","Sort Space Used": 1098,"Sort Space Type": "Memory"}],"Plans": [{"Node Type": "Nested Loop","Parent Relationship": "Outer","Parallel Aware": false,"Async Capable": false,"Join Type": "Semi","Startup Cost": 792.95,"Total Cost": 50674.12,"Plan Rows": 4396,"Plan Width": 16,"Actual Startup Time": 5.002,"Actual Total Time": 195.802,"Actual Rows": 13093,"Actual Loops": 4,"Inner Unique": false,"Workers": [],"Plans": [{"Node Type": "Bitmap Heap Scan","Parent Relationship": "Outer","Parallel Aware": true,"Async Capable": false,"Relation Name": "orders","Alias": "orders","Startup Cost": 792.52,"Total Cost": 27165.14,"Plan Rows": 18508,"Plan Width": 20,"Actual Startup Time": 4.882,"Actual Total Time": 58.015,"Actual Rows": 14267,"Actual Loops": 4,"Recheck Cond": "((o_orderdate >= '1993-10-01'::date) AND (o_orderdate < '1994-01-01 00:00:00'::timestamp without time zone))","Rows Removed by Index Recheck": 0,"Exact Heap Blocks": 5856,"Lossy Heap Blocks": 0,"Workers": [],"Plans": [{"Node Type": "Bitmap Index Scan","Parent Relationship": "Outer","Parallel Aware": false,"Async Capable": false,"Index Name": "idx_orders_orderdate","Startup Cost": 0.00,"Total Cost": 778.18,"Plan Rows": 57375,"Plan Width": 0,"Actual Startup Time": 8.440,"Actual Total Time": 8.441,"Actual Rows": 57069,"Actual Loops": 1,"Index Cond": "((o_orderdate >= '1993-10-01'::date) AND (o_orderdate < '1994-01-01 00:00:00'::timestamp without time zone))","Workers": []}]},{"Node Type": "Index Scan","Parent Relationship": "Inner","Parallel Aware": false,"Async Capable": false,"Scan Direction": "Forward","Index Name": "idx_lineitem_orderkey","Relation Name": "lineitem","Alias": "lineitem","Startup Cost": 0.43,"Total Cost": 4.62,"Plan Rows": 6,"Plan Width": 4,"Actual Startup Time": 0.009,"Actual Total Time": 0.009,"Actual Rows": 1,"Actual Loops": 57069,"Index Cond": "(l_orderkey = orders.o_orderkey)","Rows Removed by Index Recheck": 0,"Filter": "(l_commitdate < l_receiptdate)","Rows Removed by Filter": 1,"Workers": []}]}]}]}]}]},"Planning Time": 4.961,"Triggers": [],"Execution Time": 235.930}]
[{"Plan": {"Node Type": "Aggregate","Strategy": "Sorted","Partial Mode": "Finalize","Parallel Aware": false,"Async Capable": false,"Startup Cost": 52009.08,"Total Cost": 52044.09,"Plan Rows": 5,"Plan Width": 24,"Actual Startup Time": 215.869,"Actual Total Time": 240.226,"Actual Rows": 5,"Actual Loops": 1,"Group Key": ["orders.o_orderpriority"],"Plans": [{"Node Type": "Gather Merge","Parent Relationship": "Outer","Parallel Aware": false,"Async Capable": false,"Startup Cost": 52009.08,"Total Cost": 52043.97,"Plan Rows": 15,"Plan Width": 24,"Actual Startup Time": 215.457,"Actual Total Time": 240.206,"Actual Rows": 20,"Actual Loops": 1,"Workers Planned": 3,"Workers Launched": 3,"Plans": [{"Node Type": "Aggregate","Strategy": "Sorted","Partial Mode": "Partial","Parent Relationship": "Outer","Parallel Aware": false,"Async Capable": false,"Startup Cost": 51009.04,"Total Cost": 51042.16,"Plan Rows": 5,"Plan Width": 24,"Actual Startup Time": 207.183,"Actual Total Time": 208.446,"Actual Rows": 5,"Actual Loops": 4,"Group Key": ["orders.o_orderpriority"],"Workers": [],"Plans": [{"Node Type": "Sort","Parent Relationship": "Outer","Parallel Aware": false,"Async Capable": false,"Startup Cost": 51009.04,"Total Cost": 51020.06,"Plan Rows": 4410,"Plan Width": 16,"Actual Startup Time": 206.806,"Actual Total Time": 207.370,"Actual Rows": 13098,"Actual Loops": 4,"Sort Key": ["orders.o_orderpriority"],"Sort Method": "quicksort","Sort Space Used": 1123,"Sort Space Type": "Memory","Workers": [{"Worker Number": 0,"Sort Method": "quicksort","Sort Space Used": 1108,"Sort Space Type": "Memory"},{"Worker Number": 1,"Sort Method": "quicksort","Sort Space Used": 1075,"Sort Space Type": "Memory"},{"Worker Number": 2,"Sort Method": "quicksort","Sort Space Used": 1097,"Sort Space Type": "Memory"}],"Plans": [{"Node Type": "Nested Loop","Parent Relationship": "Outer","Parallel Aware": false,"Async Capable": false,"Join Type": "Semi","Startup Cost": 798.90,"Total Cost": 50742.09,"Plan Rows": 4410,"Plan Width": 16,"Actual Startup Time": 7.655,"Actual Total Time": 200.298,"Actual Rows": 13098,"Actual Loops": 4,"Inner Unique": false,"Workers": [],"Plans": [{"Node Type": "Bitmap Heap Scan","Parent Relationship": "Outer","Parallel Aware": true,"Async Capable": false,"Relation Name": "orders","Alias": "orders","Startup Cost": 798.47,"Total Cost": 27172.01,"Plan Rows": 18569,"Plan Width": 20,"Actual Startup Time": 7.548,"Actual Total Time": 58.251,"Actual Rows": 14284,"Actual Loops": 4,"Recheck Cond": "((o_orderdate >= '1993-08-01'::date) AND (o_orderdate < '1993-11-01 00:00:00'::timestamp without time zone))","Rows Removed by Index Recheck": 0,"Exact Heap Blocks": 5961,"Lossy Heap Blocks": 0,"Workers": [],"Plans": [{"Node Type": "Bitmap Index Scan","Parent Relationship": "Outer","Parallel Aware": false,"Async Capable": false,"Index Name": "idx_orders_orderdate","Startup Cost": 0.00,"Total Cost": 784.08,"Plan Rows": 57565,"Plan Width": 0,"Actual Startup Time": 10.621,"Actual Total Time": 10.624,"Actual Rows": 57138,"Actual Loops": 1,"Index Cond": "((o_orderdate >= '1993-08-01'::date) AND (o_orderdate < '1993-11-01 00:00:00'::timestamp without time zone))","Workers": []}]},{"Node Type": "Index Scan","Parent Relationship": "Inner","Parallel Aware": false,"Async Capable": false,"Scan Direction": "Forward","Index Name": "idx_lineitem_orderkey","Relation Name": "lineitem","Alias": "lineitem","Startup Cost": 0.43,"Total Cost": 4.62,"Plan Rows": 6,"Plan Width": 4,"Actual Startup Time": 0.010,"Actual Total Time": 0.010,"Actual Rows": 1,"Actual Loops": 57138,"Index Cond": "(l_orderkey = orders.o_orderkey)","Rows Removed by Index Recheck": 0,"Filter": "(l_commitdate < l_receiptdate)","Rows Removed by Filter": 1,"Workers": []}]}]}]}]}]},"Planning Time": 4.337,"Triggers": [],"Execution Time": 240.936}]
[{"Plan": {"Node Type": "Aggregate","Strategy": "Sorted","Partial Mode": "Finalize","Parallel Aware": false,"Async Capable": false,"Startup Cost": 52009.08,"Total Cost": 52044.09,"Plan Rows": 5,"Plan Width": 24,"Actual Startup Time": 215.869,"Actual Total Time": 240.226,"Actual Rows": 5,"Actual Loops": 1,"Group Key": ["orders.o_orderpriority"],"Plans": [{"Node Type": "Gather Merge","Parent Relationship": "Outer","Parallel Aware": false,"Async Capable": false,"Startup Cost": 52009.08,"Total Cost": 52043.97,"Plan Rows": 15,"Plan Width": 24,"Actual Startup Time": 215.457,"Actual Total Time": 240.206,"Actual Rows": 20,"Actual Loops": 1,"Workers Planned": 3,"Workers Launched": 3,"Plans": [{"Node Type": "Aggregate","Strategy": "Sorted","Partial Mode": "Partial","Parent Relationship": "Outer","Parallel Aware": false,"Async Capable": false,"Startup Cost": 51009.04,"Total Cost": 51042.16,"Plan Rows": 5,"Plan Width": 24,"Actual Startup Time": 207.183,"Actual Total Time": 208.446,"Actual Rows": 5,"Actual Loops": 4,"Group Key": ["orders.o_orderpriority"],"Workers": [],"Plans": [{"Node Type": "Sort","Parent Relationship": "Outer","Parallel Aware": false,"Async Capable": false,"Startup Cost": 51009.04,"Total Cost": 51020.06,"Plan Rows": 4410,"Plan Width": 16,"Actual Startup Time": 206.806,"Actual Total Time": 207.370,"Actual Rows": 13098,"Actual Loops": 4,"Sort Key": ["orders.o_orderpriority"],"Sort Method": "quicksort","Sort Space Used": 1123,"Sort Space Type": "Memory","Workers": [{"Worker Number": 0,"Sort Method": "quicksort","Sort Space Used": 1108,"Sort Space Type": "Memory"},{"Worker Number": 1,"Sort Method": "quicksort","Sort Space Used": 1075,"Sort Space Type": "Memory"},{"Worker Number": 2,"Sort Method": "quicksort","Sort Space Used": 1097,"Sort Space Type": "Memory"}],"Plans": [{"Node Type": "Nested Loop","Parent Relationship": "Outer","Parallel Aware": false,"Async Capable": false,"Join Type": "Semi","Startup Cost": 798.90,"Total Cost": 50742.09,"Plan Rows": 4410,"Plan Width": 16,"Actual Startup Time": 7.655,"Actual Total Time": 200.298,"Actual Rows": 13098,"Actual Loops": 4,"Inner Unique": false,"Workers": [],"Plans": [{"Node Type": "Bitmap Heap Scan","Parent Relationship": "Outer","Parallel Aware": true,"Async Capable": false,"Relation Name": "orders","Alias": "orders","Startup Cost": 798.47,"Total Cost": 27172.01,"Plan Rows": 18569,"Plan Width": 20,"Actual Startup Time": 7.548,"Actual Total Time": 58.251,"Actual Rows": 14284,"Actual Loops": 4,"Recheck Cond": "((o_orderdate >= '1993-08-01'::date) AND (o_orderdate < '1993-11-01 00:00:00'::timestamp without time zone))","Rows Removed by Index Recheck": 0,"Exact Heap Blocks": 5961,"Lossy Heap Blocks": 0,"Workers": [],"Plans": [{"Node Type": "Bitmap Index Scan","Parent Relationship": "Outer","Parallel Aware": false,"Async Capable": false,"Index Name": "idx_orders_orderdate","Startup Cost": 0.00,"Total Cost": 784.08,"Plan Rows": 57565,"Plan Width": 0,"Actual Startup Time": 10.621,"Actual Total Time": 10.624,"Actual Rows": 57138,"Actual Loops": 1,"Index Cond": "((o_orderdate >= '1993-08-01'::date) AND (o_orderdate < '1993-11-01 00:00:00'::timestamp without time zone))","Workers": []}]},{"Node Type": "Index Scan","Parent Relationship": "Inner","Parallel Aware": false,"Async Capable": false,"Scan Direction": "Forward","Index Name": "idx_lineitem_orderkey","Relation Name": "lineitem","Alias": "lineitem","Startup Cost": 0.43,"Total Cost": 4.62,"Plan Rows": 6,"Plan Width": 4,"Actual Startup Time": 0.010,"Actual Total Time": 0.010,"Actual Rows": 1,"Actual Loops": 57138,"Index Cond": "(l_orderkey = orders.o_orderkey)","Rows Removed by Index Recheck": 0,"Filter": "(l_commitdate < l_receiptdate)","Rows Removed by Filter": 1,"Workers": []}]}]}]}]}]},"Planning Time": 4.337,"Triggers": [],"Execution Time": 240.936}]
[{"Plan": {"Node Type": "Aggregate","Strategy": "Sorted","Partial Mode": "Finalize","Parallel Aware": false,"Async Capable": false,"Startup Cost": 51895.02,"Total Cost": 51929.86,"Plan Rows": 5,"Plan Width": 24,"Actual Startup Time": 216.936,"Actual Total Time": 240.849,"Actual Rows": 5,"Actual Loops": 1,"Group Key": ["orders.o_orderpriority"],"Plans": [{"Node Type": "Gather Merge","Parent Relationship": "Outer","Parallel Aware": false,"Async Capable": false,"Startup Cost": 51895.02,"Total Cost": 51929.73,"Plan Rows": 15,"Plan Width": 24,"Actual Startup Time": 216.564,"Actual Total Time": 240.814,"Actual Rows": 20,"Actual Loops": 1,"Workers Planned": 3,"Workers Launched": 3,"Plans": [{"Node Type": "Aggregate","Strategy": "Sorted","Partial Mode": "Partial","Parent Relationship": "Outer","Parallel Aware": false,"Async Capable": false,"Startup Cost": 50894.98,"Total Cost": 50927.93,"Plan Rows": 5,"Plan Width": 24,"Actual Startup Time": 207.210,"Actual Total Time": 208.520,"Actual Rows": 5,"Actual Loops": 4,"Group Key": ["orders.o_orderpriority"],"Workers": [],"Plans": [{"Node Type": "Sort","Parent Relationship": "Outer","Parallel Aware": false,"Async Capable": false,"Startup Cost": 50894.98,"Total Cost": 50905.95,"Plan Rows": 4386,"Plan Width": 16,"Actual Startup Time": 206.842,"Actual Total Time": 207.438,"Actual Rows": 13154,"Actual Loops": 4,"Sort Key": ["orders.o_orderpriority"],"Sort Method": "quicksort","Sort Space Used": 1056,"Sort Space Type": "Memory","Workers": [{"Worker Number": 0,"Sort Method": "quicksort","Sort Space Used": 1144,"Sort Space Type": "Memory"},{"Worker Number": 1,"Sort Method": "quicksort","Sort Space Used": 1079,"Sort Space Type": "Memory"},{"Worker Number": 2,"Sort Method": "quicksort","Sort Space Used": 1137,"Sort Space Type": "Memory"}],"Plans": [{"Node Type": "Nested Loop","Parent Relationship": "Outer","Parallel Aware": false,"Async Capable": false,"Join Type": "Semi","Startup Cost": 791.62,"Total Cost": 50629.66,"Plan Rows": 4386,"Plan Width": 16,"Actual Startup Time": 4.998,"Actual Total Time": 200.365,"Actual Rows": 13154,"Actual Loops": 4,"Inner Unique": false,"Workers": [],"Plans": [{"Node Type": "Bitmap Heap Scan","Parent Relationship": "Outer","Parallel Aware": true,"Async Capable": false,"Relation Name": "orders","Alias": "orders","Startup Cost": 791.19,"Total Cost": 27163.18,"Plan Rows": 18466,"Plan Width": 20,"Actual Startup Time": 4.854,"Actual Total Time": 59.077,"Actual Rows": 14346,"Actual Loops": 4,"Recheck Cond": "((o_orderdate >= '1994-07-01'::date) AND (o_orderdate < '1994-10-01 00:00:00'::timestamp without time zone))","Rows Removed by Index Recheck": 0,"Exact Heap Blocks": 5381,"Lossy Heap Blocks": 0,"Workers": [],"Plans": [{"Node Type": "Bitmap Index Scan","Parent Relationship": "Outer","Parallel Aware": false,"Async Capable": false,"Index Name": "idx_orders_orderdate","Startup Cost": 0.00,"Total Cost": 776.88,"Plan Rows": 57245,"Plan Width": 0,"Actual Startup Time": 8.661,"Actual Total Time": 8.664,"Actual Rows": 57384,"Actual Loops": 1,"Index Cond": "((o_orderdate >= '1994-07-01'::date) AND (o_orderdate < '1994-10-01 00:00:00'::timestamp without time zone))","Workers": []}]},{"Node Type": "Index Scan","Parent Relationship": "Inner","Parallel Aware": false,"Async Capable": false,"Scan Direction": "Forward","Index Name": "idx_lineitem_orderkey","Relation Name": "lineitem","Alias": "lineitem","Startup Cost": 0.43,"Total Cost": 4.63,"Plan Rows": 6,"Plan Width": 4,"Actual Startup Time": 0.010,"Actual Total Time": 0.010,"Actual Rows": 1,"Actual Loops": 57384,"Index Cond": "(l_orderkey = orders.o_orderkey)","Rows Removed by Index Recheck": 0,"Filter": "(l_commitdate < l_receiptdate)","Rows Removed by Filter": 1,"Workers": []}]}]}]}]}]},"Planning Time": 4.847,"Triggers": [],"Execution Time": 241.394}]
[{"Plan": {"Node Type": "Aggregate","Strategy": "Sorted","Partial Mode": "Finalize","Parallel Aware": false,"Async Capable": false,"Startup Cost": 52264.46,"Total Cost": 52299.90,"Plan Rows": 5,"Plan Width": 24,"Actual Startup Time": 210.297,"Actual Total Time": 234.648,"Actual Rows": 5,"Actual Loops": 1,"Group Key": ["orders.o_orderpriority"],"Plans": [{"Node Type": "Gather Merge","Parent Relationship": "Outer","Parallel Aware": false,"Async Capable": false,"Startup Cost": 52264.46,"Total Cost": 52299.77,"Plan Rows": 15,"Plan Width": 24,"Actual Startup Time": 209.879,"Actual Total Time": 234.625,"Actual Rows": 20,"Actual Loops": 1,"Workers Planned": 3,"Workers Launched": 3,"Plans": [{"Node Type": "Aggregate","Strategy": "Sorted","Partial Mode": "Partial","Parent Relationship": "Outer","Parallel Aware": false,"Async Capable": false,"Startup Cost": 51264.42,"Total Cost": 51297.97,"Plan Rows": 5,"Plan Width": 24,"Actual Startup Time": 201.395,"Actual Total Time": 202.644,"Actual Rows": 5,"Actual Loops": 4,"Group Key": ["orders.o_orderpriority"],"Workers": [],"Plans": [{"Node Type": "Sort","Parent Relationship": "Outer","Parallel Aware": false,"Async Capable": false,"Startup Cost": 51264.42,"Total Cost": 51275.58,"Plan Rows": 4467,"Plan Width": 16,"Actual Startup Time": 201.050,"Actual Total Time": 201.573,"Actual Rows": 13170,"Actual Loops": 4,"Sort Key": ["orders.o_orderpriority"],"Sort Method": "quicksort","Sort Space Used": 1096,"Sort Space Type": "Memory","Workers": [{"Worker Number": 0,"Sort Method": "quicksort","Sort Space Used": 1115,"Sort Space Type": "Memory"},{"Worker Number": 1,"Sort Method": "quicksort","Sort Space Used": 1087,"Sort Space Type": "Memory"},{"Worker Number": 2,"Sort Method": "quicksort","Sort Space Used": 1121,"Sort Space Type": "Memory"}],"Plans": [{"Node Type": "Nested Loop","Parent Relationship": "Outer","Parallel Aware": false,"Async Capable": false,"Join Type": "Semi","Startup Cost": 806.45,"Total Cost": 50993.60,"Plan Rows": 4467,"Plan Width": 16,"Actual Startup Time": 6.115,"Actual Total Time": 194.584,"Actual Rows": 13170,"Actual Loops": 4,"Inner Unique": false,"Workers": [],"Plans": [{"Node Type": "Bitmap Heap Scan","Parent Relationship": "Outer","Parallel Aware": true,"Async Capable": false,"Relation Name": "orders","Alias": "orders","Startup Cost": 806.01,"Total Cost": 27183.11,"Plan Rows": 18807,"Plan Width": 20,"Actual Startup Time": 5.968,"Actual Total Time": 57.641,"Actual Rows": 14355,"Actual Loops": 4,"Recheck Cond": "((o_orderdate >= '1994-03-01'::date) AND (o_orderdate < '1994-06-01 00:00:00'::timestamp without time zone))","Rows Removed by Index Recheck": 0,"Exact Heap Blocks": 5803,"Lossy Heap Blocks": 0,"Workers": [],"Plans": [{"Node Type": "Bitmap Index Scan","Parent Relationship": "Outer","Parallel Aware": false,"Async Capable": false,"Index Name": "idx_orders_orderdate","Startup Cost": 0.00,"Total Cost": 791.44,"Plan Rows": 58301,"Plan Width": 0,"Actual Startup Time": 8.953,"Actual Total Time": 8.953,"Actual Rows": 57420,"Actual Loops": 1,"Index Cond": "((o_orderdate >= '1994-03-01'::date) AND (o_orderdate < '1994-06-01 00:00:00'::timestamp without time zone))","Workers": []}]},{"Node Type": "Index Scan","Parent Relationship": "Inner","Parallel Aware": false,"Async Capable": false,"Scan Direction": "Forward","Index Name": "idx_lineitem_orderkey","Relation Name": "lineitem","Alias": "lineitem","Startup Cost": 0.43,"Total Cost": 4.60,"Plan Rows": 6,"Plan Width": 4,"Actual Startup Time": 0.009,"Actual Total Time": 0.009,"Actual Rows": 1,"Actual Loops": 57420,"Index Cond": "(l_orderkey = orders.o_orderkey)","Rows Removed by Index Recheck": 0,"Filter": "(l_commitdate < l_receiptdate)","Rows Removed by Filter": 1,"Workers": []}]}]}]}]}]},"Planning Time": 4.194,"Triggers": [],"Execution Time": 235.354}]
[{"Plan": {"Node Type": "Aggregate","Strategy": "Sorted","Partial Mode": "Finalize","Parallel Aware": false,"Async Capable": false,"Startup Cost": 52878.76,"Total Cost": 52915.21,"Plan Rows": 5,"Plan Width": 24,"Actual Startup Time": 206.138,"Actual Total Time": 230.308,"Actual Rows": 5,"Actual Loops": 1,"Group Key": ["orders.o_orderpriority"],"Plans": [{"Node Type": "Gather Merge","Parent Relationship": "Outer","Parallel Aware": false,"Async Capable": false,"Startup Cost": 52878.76,"Total Cost": 52915.09,"Plan Rows": 15,"Plan Width": 24,"Actual Startup Time": 205.742,"Actual Total Time": 230.279,"Actual Rows": 20,"Actual Loops": 1,"Workers Planned": 3,"Workers Launched": 3,"Plans": [{"Node Type": "Aggregate","Strategy": "Sorted","Partial Mode": "Partial","Parent Relationship": "Outer","Parallel Aware": false,"Async Capable": false,"Startup Cost": 51878.72,"Total Cost": 51913.28,"Plan Rows": 5,"Plan Width": 24,"Actual Startup Time": 197.132,"Actual Total Time": 198.393,"Actual Rows": 5,"Actual Loops": 4,"Group Key": ["orders.o_orderpriority"],"Workers": [],"Plans": [{"Node Type": "Sort","Parent Relationship": "Outer","Parallel Aware": false,"Async Capable": false,"Startup Cost": 51878.72,"Total Cost": 51890.22,"Plan Rows": 4602,"Plan Width": 16,"Actual Startup Time": 196.786,"Actual Total Time": 197.332,"Actual Rows": 12987,"Actual Loops": 4,"Sort Key": ["orders.o_orderpriority"],"Sort Method": "quicksort","Sort Space Used": 1094,"Sort Space Type": "Memory","Workers": [{"Worker Number": 0,"Sort Method": "quicksort","Sort Space Used": 1099,"Sort Space Type": "Memory"},{"Worker Number": 1,"Sort Method": "quicksort","Sort Space Used": 1080,"Sort Space Type": "Memory"},{"Worker Number": 2,"Sort Method": "quicksort","Sort Space Used": 1106,"Sort Space Type": "Memory"}],"Plans": [{"Node Type": "Nested Loop","Parent Relationship": "Outer","Parallel Aware": false,"Async Capable": false,"Join Type": "Semi","Startup Cost": 832.55,"Total Cost": 51598.73,"Plan Rows": 4602,"Plan Width": 16,"Actual Startup Time": 5.235,"Actual Total Time": 190.462,"Actual Rows": 12987,"Actual Loops": 4,"Inner Unique": false,"Workers": [],"Plans": [{"Node Type": "Bitmap Heap Scan","Parent Relationship": "Outer","Parallel Aware": true,"Async Capable": false,"Relation Name": "orders","Alias": "orders","Startup Cost": 832.11,"Total Cost": 27217.76,"Plan Rows": 19376,"Plan Width": 20,"Actual Startup Time": 5.080,"Actual Total Time": 55.913,"Actual Rows": 14144,"Actual Loops": 4,"Recheck Cond": "((o_orderdate >= '1994-12-01'::date) AND (o_orderdate < '1995-03-01 00:00:00'::timestamp without time zone))","Rows Removed by Index Recheck": 0,"Exact Heap Blocks": 5787,"Lossy Heap Blocks": 0,"Workers": [],"Plans": [{"Node Type": "Bitmap Index Scan","Parent Relationship": "Outer","Parallel Aware": false,"Async Capable": false,"Index Name": "idx_orders_orderdate","Startup Cost": 0.00,"Total Cost": 817.10,"Plan Rows": 60067,"Plan Width": 0,"Actual Startup Time": 8.297,"Actual Total Time": 8.300,"Actual Rows": 56577,"Actual Loops": 1,"Index Cond": "((o_orderdate >= '1994-12-01'::date) AND (o_orderdate < '1995-03-01 00:00:00'::timestamp without time zone))","Workers": []}]},{"Node Type": "Index Scan","Parent Relationship": "Inner","Parallel Aware": false,"Async Capable": false,"Scan Direction": "Forward","Index Name": "idx_lineitem_orderkey","Relation Name": "lineitem","Alias": "lineitem","Startup Cost": 0.43,"Total Cost": 4.56,"Plan Rows": 6,"Plan Width": 4,"Actual Startup Time": 0.009,"Actual Total Time": 0.009,"Actual Rows": 1,"Actual Loops": 56577,"Index Cond": "(l_orderkey = orders.o_orderkey)","Rows Removed by Index Recheck": 0,"Filter": "(l_commitdate < l_receiptdate)","Rows Removed by Filter": 1,"Workers": []}]}]}]}]}]},"Planning Time": 4.514,"Triggers": [],"Execution Time": 231.040}]
[{"Plan": {"Node Type": "Aggregate","Strategy": "Sorted","Partial Mode": "Finalize","Parallel Aware": false,"Async Capable": false,"Startup Cost": 51903.92,"Total Cost": 51938.77,"Plan Rows": 5,"Plan Width": 24,"Actual Startup Time": 219.933,"Actual Total Time": 243.587,"Actual Rows": 5,"Actual Loops": 1,"Group Key": ["orders.o_orderpriority"],"Plans": [{"Node Type": "Gather Merge","Parent Relationship": "Outer","Parallel Aware": false,"Async Capable": false,"Startup Cost": 51903.92,"Total Cost": 51938.64,"Plan Rows": 15,"Plan Width": 24,"Actual Startup Time": 219.614,"Actual Total Time": 243.560,"Actual Rows": 20,"Actual Loops": 1,"Workers Planned": 3,"Workers Launched": 3,"Plans": [{"Node Type": "Aggregate","Strategy": "Sorted","Partial Mode": "Partial","Parent Relationship": "Outer","Parallel Aware": false,"Async Capable": false,"Startup Cost": 50903.88,"Total Cost": 50936.84,"Plan Rows": 5,"Plan Width": 24,"Actual Startup Time": 209.332,"Actual Total Time": 210.717,"Actual Rows": 5,"Actual Loops": 4,"Group Key": ["orders.o_orderpriority"],"Workers": [],"Plans": [{"Node Type": "Sort","Parent Relationship": "Outer","Parallel Aware": false,"Async Capable": false,"Startup Cost": 50903.88,"Total Cost": 50914.85,"Plan Rows": 4388,"Plan Width": 16,"Actual Startup Time": 208.936,"Actual Total Time": 209.559,"Actual Rows": 13145,"Actual Loops": 4,"Sort Key": ["orders.o_orderpriority"],"Sort Method": "quicksort","Sort Space Used": 1056,"Sort Space Type": "Memory","Workers": [{"Worker Number": 0,"Sort Method": "quicksort","Sort Space Used": 1143,"Sort Space Type": "Memory"},{"Worker Number": 1,"Sort Method": "quicksort","Sort Space Used": 1078,"Sort Space Type": "Memory"},{"Worker Number": 2,"Sort Method": "quicksort","Sort Space Used": 1136,"Sort Space Type": "Memory"}],"Plans": [{"Node Type": "Nested Loop","Parent Relationship": "Outer","Parallel Aware": false,"Async Capable": false,"Join Type": "Semi","Startup Cost": 791.87,"Total Cost": 50638.42,"Plan Rows": 4388,"Plan Width": 16,"Actual Startup Time": 4.667,"Actual Total Time": 202.314,"Actual Rows": 13145,"Actual Loops": 4,"Inner Unique": false,"Workers": [],"Plans": [{"Node Type": "Bitmap Heap Scan","Parent Relationship": "Outer","Parallel Aware": true,"Async Capable": false,"Relation Name": "orders","Alias": "orders","Startup Cost": 791.43,"Total Cost": 27163.54,"Plan Rows": 18474,"Plan Width": 20,"Actual Startup Time": 4.529,"Actual Total Time": 59.423,"Actual Rows": 14339,"Actual Loops": 4,"Recheck Cond": "((o_orderdate >= '1996-11-01'::date) AND (o_orderdate < '1997-02-01 00:00:00'::timestamp without time zone))","Rows Removed by Index Recheck": 0,"Exact Heap Blocks": 5432,"Lossy Heap Blocks": 0,"Workers": [],"Plans": [{"Node Type": "Bitmap Index Scan","Parent Relationship": "Outer","Parallel Aware": false,"Async Capable": false,"Index Name": "idx_orders_orderdate","Startup Cost": 0.00,"Total Cost": 777.12,"Plan Rows": 57269,"Plan Width": 0,"Actual Startup Time": 8.530,"Actual Total Time": 8.532,"Actual Rows": 57355,"Actual Loops": 1,"Index Cond": "((o_orderdate >= '1996-11-01'::date) AND (o_orderdate < '1997-02-01 00:00:00'::timestamp without time zone))","Workers": []}]},{"Node Type": "Index Scan","Parent Relationship": "Inner","Parallel Aware": false,"Async Capable": false,"Scan Direction": "Forward","Index Name": "idx_lineitem_orderkey","Relation Name": "lineitem","Alias": "lineitem","Startup Cost": 0.43,"Total Cost": 4.63,"Plan Rows": 6,"Plan Width": 4,"Actual Startup Time": 0.010,"Actual Total Time": 0.010,"Actual Rows": 1,"Actual Loops": 57355,"Index Cond": "(l_orderkey = orders.o_orderkey)","Rows Removed by Index Recheck": 0,"Filter": "(l_commitdate < l_receiptdate)","Rows Removed by Filter": 1,"Workers": []}]}]}]}]}]},"Planning Time": 4.997,"Triggers": [],"Execution Time": 244.179}]
[{"Plan": {"Node Type": "Aggregate","Strategy": "Sorted","Partial Mode": "Finalize","Parallel Aware": false,"Async Capable": false,"Startup Cost": 52360.14,"Total Cost": 52395.74,"Plan Rows": 5,"Plan Width": 24,"Actual Startup Time": 218.398,"Actual Total Time": 242.149,"Actual Rows": 5,"Actual Loops": 1,"Group Key": ["orders.o_orderpriority"],"Plans": [{"Node Type": "Gather Merge","Parent Relationship": "Outer","Parallel Aware": false,"Async Capable": false,"Startup Cost": 52360.14,"Total Cost": 52395.61,"Plan Rows": 15,"Plan Width": 24,"Actual Startup Time": 217.957,"Actual Total Time": 242.120,"Actual Rows": 20,"Actual Loops": 1,"Workers Planned": 3,"Workers Launched": 3,"Plans": [{"Node Type": "Aggregate","Strategy": "Sorted","Partial Mode": "Partial","Parent Relationship": "Outer","Parallel Aware": false,"Async Capable": false,"Startup Cost": 51360.10,"Total Cost": 51393.81,"Plan Rows": 5,"Plan Width": 24,"Actual Startup Time": 208.723,"Actual Total Time": 209.994,"Actual Rows": 5,"Actual Loops": 4,"Group Key": ["orders.o_orderpriority"],"Workers": [],"Plans": [{"Node Type": "Sort","Parent Relationship": "Outer","Parallel Aware": false,"Async Capable": false,"Startup Cost": 51360.10,"Total Cost": 51371.32,"Plan Rows": 4488,"Plan Width": 16,"Actual Startup Time": 208.373,"Actual Total Time": 208.936,"Actual Rows": 13094,"Actual Loops": 4,"Sort Key": ["orders.o_orderpriority"],"Sort Method": "quicksort","Sort Space Used": 1037,"Sort Space Type": "Memory","Workers": [{"Worker Number": 0,"Sort Method": "quicksort","Sort Space Used": 1148,"Sort Space Type": "Memory"},{"Worker Number": 1,"Sort Method": "quicksort","Sort Space Used": 1153,"Sort Space Type": "Memory"},{"Worker Number": 2,"Sort Method": "quicksort","Sort Space Used": 1064,"Sort Space Type": "Memory"}],"Plans": [{"Node Type": "Nested Loop","Parent Relationship": "Outer","Parallel Aware": false,"Async Capable": false,"Join Type": "Semi","Startup Cost": 809.33,"Total Cost": 51087.86,"Plan Rows": 4488,"Plan Width": 16,"Actual Startup Time": 5.271,"Actual Total Time": 201.756,"Actual Rows": 13094,"Actual Loops": 4,"Inner Unique": false,"Workers": [],"Plans": [{"Node Type": "Bitmap Heap Scan","Parent Relationship": "Outer","Parallel Aware": true,"Async Capable": false,"Relation Name": "orders","Alias": "orders","Startup Cost": 808.89,"Total Cost": 27187.35,"Plan Rows": 18897,"Plan Width": 20,"Actual Startup Time": 5.170,"Actual Total Time": 58.210,"Actual Rows": 14270,"Actual Loops": 4,"Recheck Cond": "((o_orderdate >= '1996-09-01'::date) AND (o_orderdate < '1996-12-01 00:00:00'::timestamp without time zone))","Rows Removed by Index Recheck": 0,"Exact Heap Blocks": 5314,"Lossy Heap Blocks": 0,"Workers": [],"Plans": [{"Node Type": "Bitmap Index Scan","Parent Relationship": "Outer","Parallel Aware": false,"Async Capable": false,"Index Name": "idx_orders_orderdate","Startup Cost": 0.00,"Total Cost": 794.25,"Plan Rows": 58582,"Plan Width": 0,"Actual Startup Time": 8.967,"Actual Total Time": 8.968,"Actual Rows": 57079,"Actual Loops": 1,"Index Cond": "((o_orderdate >= '1996-09-01'::date) AND (o_orderdate < '1996-12-01 00:00:00'::timestamp without time zone))","Workers": []}]},{"Node Type": "Index Scan","Parent Relationship": "Inner","Parallel Aware": false,"Async Capable": false,"Scan Direction": "Forward","Index Name": "idx_lineitem_orderkey","Relation Name": "lineitem","Alias": "lineitem","Startup Cost": 0.43,"Total Cost": 4.60,"Plan Rows": 6,"Plan Width": 4,"Actual Startup Time": 0.010,"Actual Total Time": 0.010,"Actual Rows": 1,"Actual Loops": 57079,"Index Cond": "(l_orderkey = orders.o_orderkey)","Rows Removed by Index Recheck": 0,"Filter": "(l_commitdate < l_receiptdate)","Rows Removed by Filter": 1,"Workers": []}]}]}]}]}]},"Planning Time": 5.626,"Triggers": [],"Execution Time": 242.714}]
[{"Plan": {"Node Type": "Aggregate","Strategy": "Sorted","Partial Mode": "Finalize","Parallel Aware": false,"Async Capable": false,"Startup Cost": 50907.22,"Total Cost": 50940.43,"Plan Rows": 5,"Plan Width": 24,"Actual Startup Time": 204.875,"Actual Total Time": 229.245,"Actual Rows": 5,"Actual Loops": 1,"Group Key": ["orders.o_orderpriority"],"Plans": [{"Node Type": "Gather Merge","Parent Relationship": "Outer","Parallel Aware": false,"Async Capable": false,"Startup Cost": 50907.22,"Total Cost": 50940.30,"Plan Rows": 15,"Plan Width": 24,"Actual Startup Time": 204.487,"Actual Total Time": 229.210,"Actual Rows": 20,"Actual Loops": 1,"Workers Planned": 3,"Workers Launched": 3,"Plans": [{"Node Type": "Aggregate","Strategy": "Sorted","Partial Mode": "Partial","Parent Relationship": "Outer","Parallel Aware": false,"Async Capable": false,"Startup Cost": 49907.18,"Total Cost": 49938.50,"Plan Rows": 5,"Plan Width": 24,"Actual Startup Time": 195.859,"Actual Total Time": 197.107,"Actual Rows": 5,"Actual Loops": 4,"Group Key": ["orders.o_orderpriority"],"Workers": [],"Plans": [{"Node Type": "Sort","Parent Relationship": "Outer","Parallel Aware": false,"Async Capable": false,"Startup Cost": 49907.18,"Total Cost": 49917.60,"Plan Rows": 4170,"Plan Width": 16,"Actual Startup Time": 195.538,"Actual Total Time": 196.036,"Actual Rows": 13129,"Actual Loops": 4,"Sort Key": ["orders.o_orderpriority"],"Sort Method": "quicksort","Sort Space Used": 1092,"Sort Space Type": "Memory","Workers": [{"Worker Number": 0,"Sort Method": "quicksort","Sort Space Used": 1119,"Sort Space Type": "Memory"},{"Worker Number": 1,"Sort Method": "quicksort","Sort Space Used": 1082,"Sort Space Type": "Memory"},{"Worker Number": 2,"Sort Method": "quicksort","Sort Space Used": 1116,"Sort Space Type": "Memory"}],"Plans": [{"Node Type": "Nested Loop","Parent Relationship": "Outer","Parallel Aware": false,"Async Capable": false,"Join Type": "Semi","Startup Cost": 754.75,"Total Cost": 49656.44,"Plan Rows": 4170,"Plan Width": 16,"Actual Startup Time": 4.769,"Actual Total Time": 189.357,"Actual Rows": 13129,"Actual Loops": 4,"Inner Unique": false,"Workers": [],"Plans": [{"Node Type": "Bitmap Heap Scan","Parent Relationship": "Outer","Parallel Aware": true,"Async Capable": false,"Relation Name": "orders","Alias": "orders","Startup Cost": 754.31,"Total Cost": 27112.68,"Plan Rows": 17557,"Plan Width": 20,"Actual Startup Time": 4.640,"Actual Total Time": 54.547,"Actual Rows": 14334,"Actual Loops": 4,"Recheck Cond": "((o_orderdate >= '1995-10-01'::date) AND (o_orderdate < '1996-01-01 00:00:00'::timestamp without time zone))","Rows Removed by Index Recheck": 0,"Exact Heap Blocks": 5726,"Lossy Heap Blocks": 0,"Workers": [],"Plans": [{"Node Type": "Bitmap Index Scan","Parent Relationship": "Outer","Parallel Aware": false,"Async Capable": false,"Index Name": "idx_orders_orderdate","Startup Cost": 0.00,"Total Cost": 740.71,"Plan Rows": 54428,"Plan Width": 0,"Actual Startup Time": 8.057,"Actual Total Time": 8.058,"Actual Rows": 57337,"Actual Loops": 1,"Index Cond": "((o_orderdate >= '1995-10-01'::date) AND (o_orderdate < '1996-01-01 00:00:00'::timestamp without time zone))","Workers": []}]},{"Node Type": "Index Scan","Parent Relationship": "Inner","Parallel Aware": false,"Async Capable": false,"Scan Direction": "Forward","Index Name": "idx_lineitem_orderkey","Relation Name": "lineitem","Alias": "lineitem","Startup Cost": 0.43,"Total Cost": 4.69,"Plan Rows": 6,"Plan Width": 4,"Actual Startup Time": 0.009,"Actual Total Time": 0.009,"Actual Rows": 1,"Actual Loops": 57337,"Index Cond": "(l_orderkey = orders.o_orderkey)","Rows Removed by Index Recheck": 0,"Filter": "(l_commitdate < l_receiptdate)","Rows Removed by Filter": 1,"Workers": []}]}]}]}]}]},"Planning Time": 4.806,"Triggers": [],"Execution Time": 229.951}]
[{"Plan": {"Node Type": "Aggregate","Strategy": "Sorted","Partial Mode": "Finalize","Parallel Aware": false,"Async Capable": false,"Startup Cost": 50795.59,"Total Cost": 50828.62,"Plan Rows": 5,"Plan Width": 24,"Actual Startup Time": 207.449,"Actual Total Time": 231.624,"Actual Rows": 5,"Actual Loops": 1,"Group Key": ["orders.o_orderpriority"],"Plans": [{"Node Type": "Gather Merge","Parent Relationship": "Outer","Parallel Aware": false,"Async Capable": false,"Startup Cost": 50795.59,"Total Cost": 50828.49,"Plan Rows": 15,"Plan Width": 24,"Actual Startup Time": 207.082,"Actual Total Time": 231.593,"Actual Rows": 20,"Actual Loops": 1,"Workers Planned": 3,"Workers Launched": 3,"Plans": [{"Node Type": "Aggregate","Strategy": "Sorted","Partial Mode": "Partial","Parent Relationship": "Outer","Parallel Aware": false,"Async Capable": false,"Startup Cost": 49795.55,"Total Cost": 49826.69,"Plan Rows": 5,"Plan Width": 24,"Actual Startup Time": 197.121,"Actual Total Time": 198.416,"Actual Rows": 5,"Actual Loops": 4,"Group Key": ["orders.o_orderpriority"],"Workers": [],"Plans": [{"Node Type": "Sort","Parent Relationship": "Outer","Parallel Aware": false,"Async Capable": false,"Startup Cost": 49795.55,"Total Cost": 49805.91,"Plan Rows": 4146,"Plan Width": 16,"Actual Startup Time": 196.751,"Actual Total Time": 197.344,"Actual Rows": 12836,"Actual Loops": 4,"Sort Key": ["orders.o_orderpriority"],"Sort Method": "quicksort","Sort Space Used": 1059,"Sort Space Type": "Memory","Workers": [{"Worker Number": 0,"Sort Method": "quicksort","Sort Space Used": 1115,"Sort Space Type": "Memory"},{"Worker Number": 1,"Sort Method": "quicksort","Sort Space Used": 1058,"Sort Space Type": "Memory"},{"Worker Number": 2,"Sort Method": "quicksort","Sort Space Used": 1115,"Sort Space Type": "Memory"}],"Plans": [{"Node Type": "Nested Loop","Parent Relationship": "Outer","Parallel Aware": false,"Async Capable": false,"Join Type": "Semi","Startup Cost": 747.58,"Total Cost": 49546.42,"Plan Rows": 4146,"Plan Width": 16,"Actual Startup Time": 3.884,"Actual Total Time": 190.408,"Actual Rows": 12836,"Actual Loops": 4,"Inner Unique": false,"Workers": [],"Plans": [{"Node Type": "Bitmap Heap Scan","Parent Relationship": "Outer","Parallel Aware": true,"Async Capable": false,"Relation Name": "orders","Alias": "orders","Startup Cost": 747.15,"Total Cost": 27104.01,"Plan Rows": 17458,"Plan Width": 20,"Actual Startup Time": 3.813,"Actual Total Time": 55.064,"Actual Rows": 14013,"Actual Loops": 4,"Recheck Cond": "((o_orderdate >= '1996-02-01'::date) AND (o_orderdate < '1996-05-01 00:00:00'::timestamp without time zone))","Rows Removed by Index Recheck": 0,"Exact Heap Blocks": 5537,"Lossy Heap Blocks": 0,"Workers": [],"Plans": [{"Node Type": "Bitmap Index Scan","Parent Relationship": "Outer","Parallel Aware": false,"Async Capable": false,"Index Name": "idx_orders_orderdate","Startup Cost": 0.00,"Total Cost": 733.62,"Plan Rows": 54119,"Plan Width": 0,"Actual Startup Time": 7.926,"Actual Total Time": 7.927,"Actual Rows": 56052,"Actual Loops": 1,"Index Cond": "((o_orderdate >= '1996-02-01'::date) AND (o_orderdate < '1996-05-01 00:00:00'::timestamp without time zone))","Workers": []}]},{"Node Type": "Index Scan","Parent Relationship": "Inner","Parallel Aware": false,"Async Capable": false,"Scan Direction": "Forward","Index Name": "idx_lineitem_orderkey","Relation Name": "lineitem","Alias": "lineitem","Startup Cost": 0.43,"Total Cost": 4.70,"Plan Rows": 6,"Plan Width": 4,"Actual Startup Time": 0.009,"Actual Total Time": 0.009,"Actual Rows": 1,"Actual Loops": 56052,"Index Cond": "(l_orderkey = orders.o_orderkey)","Rows Removed by Index Recheck": 0,"Filter": "(l_commitdate < l_receiptdate)","Rows Removed by Filter": 1,"Workers": []}]}]}]}]}]},"Planning Time": 5.293,"Triggers": [],"Execution Time": 232.381}]
[{"Plan": {"Node Type": "Aggregate","Strategy": "Sorted","Partial Mode": "Finalize","Parallel Aware": false,"Async Capable": false,"Startup Cost": 51603.08,"Total Cost": 51637.43,"Plan Rows": 5,"Plan Width": 24,"Actual Startup Time": 206.486,"Actual Total Time": 231.871,"Actual Rows": 5,"Actual Loops": 1,"Group Key": ["orders.o_orderpriority"],"Plans": [{"Node Type": "Gather Merge","Parent Relationship": "Outer","Parallel Aware": false,"Async Capable": false,"Startup Cost": 51603.08,"Total Cost": 51637.31,"Plan Rows": 15,"Plan Width": 24,"Actual Startup Time": 206.081,"Actual Total Time": 231.843,"Actual Rows": 20,"Actual Loops": 1,"Workers Planned": 3,"Workers Launched": 3,"Plans": [{"Node Type": "Aggregate","Strategy": "Sorted","Partial Mode": "Partial","Parent Relationship": "Outer","Parallel Aware": false,"Async Capable": false,"Startup Cost": 50603.04,"Total Cost": 50635.51,"Plan Rows": 5,"Plan Width": 24,"Actual Startup Time": 197.360,"Actual Total Time": 198.642,"Actual Rows": 5,"Actual Loops": 4,"Group Key": ["orders.o_orderpriority"],"Workers": [],"Plans": [{"Node Type": "Sort","Parent Relationship": "Outer","Parallel Aware": false,"Async Capable": false,"Startup Cost": 50603.04,"Total Cost": 50613.85,"Plan Rows": 4322,"Plan Width": 16,"Actual Startup Time": 197.017,"Actual Total Time": 197.567,"Actual Rows": 13131,"Actual Loops": 4,"Sort Key": ["orders.o_orderpriority"],"Sort Method": "quicksort","Sort Space Used": 1089,"Sort Space Type": "Memory","Workers": [{"Worker Number": 0,"Sort Method": "quicksort","Sort Space Used": 1120,"Sort Space Type": "Memory"},{"Worker Number": 1,"Sort Method": "quicksort","Sort Space Used": 1083,"Sort Space Type": "Memory"},{"Worker Number": 2,"Sort Method": "quicksort","Sort Space Used": 1118,"Sort Space Type": "Memory"}],"Plans": [{"Node Type": "Nested Loop","Parent Relationship": "Outer","Parallel Aware": false,"Async Capable": false,"Join Type": "Semi","Startup Cost": 779.09,"Total Cost": 50342.05,"Plan Rows": 4322,"Plan Width": 16,"Actual Startup Time": 4.937,"Actual Total Time": 190.619,"Actual Rows": 13131,"Actual Loops": 4,"Inner Unique": false,"Workers": [],"Plans": [{"Node Type": "Bitmap Heap Scan","Parent Relationship": "Outer","Parallel Aware": true,"Async Capable": false,"Relation Name": "orders","Alias": "orders","Startup Cost": 778.66,"Total Cost": 27146.63,"Plan Rows": 18198,"Plan Width": 20,"Actual Startup Time": 4.811,"Actual Total Time": 55.616,"Actual Rows": 14304,"Actual Loops": 4,"Recheck Cond": "((o_orderdate >= '1993-07-01'::date) AND (o_orderdate < '1993-10-01 00:00:00'::timestamp without time zone))","Rows Removed by Index Recheck": 0,"Exact Heap Blocks": 5709,"Lossy Heap Blocks": 0,"Workers": [],"Plans": [{"Node Type": "Bitmap Index Scan","Parent Relationship": "Outer","Parallel Aware": false,"Async Capable": false,"Index Name": "idx_orders_orderdate","Startup Cost": 0.00,"Total Cost": 764.56,"Plan Rows": 56413,"Plan Width": 0,"Actual Startup Time": 8.166,"Actual Total Time": 8.170,"Actual Rows": 57218,"Actual Loops": 1,"Index Cond": "((o_orderdate >= '1993-07-01'::date) AND (o_orderdate < '1993-10-01 00:00:00'::timestamp without time zone))","Workers": []}]},{"Node Type": "Index Scan","Parent Relationship": "Inner","Parallel Aware": false,"Async Capable": false,"Scan Direction": "Forward","Index Name": "idx_lineitem_orderkey","Relation Name": "lineitem","Alias": "lineitem","Startup Cost": 0.43,"Total Cost": 4.64,"Plan Rows": 6,"Plan Width": 4,"Actual Startup Time": 0.009,"Actual Total Time": 0.009,"Actual Rows": 1,"Actual Loops": 57218,"Index Cond": "(l_orderkey = orders.o_orderkey)","Rows Removed by Index Recheck": 0,"Filter": "(l_commitdate < l_receiptdate)","Rows Removed by Filter": 1,"Workers": []}]}]}]}]}]},"Planning Time": 4.369,"Triggers": [],"Execution Time": 232.584}]
[{"Plan": {"Node Type": "Aggregate","Strategy": "Sorted","Partial Mode": "Finalize","Parallel Aware": false,"Async Capable": false,"Startup Cost": 52505.50,"Total Cost": 52541.34,"Plan Rows": 5,"Plan Width": 24,"Actual Startup Time": 212.649,"Actual Total Time": 236.332,"Actual Rows": 5,"Actual Loops": 1,"Group Key": ["orders.o_orderpriority"],"Plans": [{"Node Type": "Gather Merge","Parent Relationship": "Outer","Parallel Aware": false,"Async Capable": false,"Startup Cost": 52505.50,"Total Cost": 52541.21,"Plan Rows": 15,"Plan Width": 24,"Actual Startup Time": 212.241,"Actual Total Time": 236.296,"Actual Rows": 20,"Actual Loops": 1,"Workers Planned": 3,"Workers Launched": 3,"Plans": [{"Node Type": "Aggregate","Strategy": "Sorted","Partial Mode": "Partial","Parent Relationship": "Outer","Parallel Aware": false,"Async Capable": false,"Startup Cost": 51505.46,"Total Cost": 51539.41,"Plan Rows": 5,"Plan Width": 24,"Actual Startup Time": 203.017,"Actual Total Time": 204.284,"Actual Rows": 5,"Actual Loops": 4,"Group Key": ["orders.o_orderpriority"],"Workers": [],"Plans": [{"Node Type": "Sort","Parent Relationship": "Outer","Parallel Aware": false,"Async Capable": false,"Startup Cost": 51505.46,"Total Cost": 51516.76,"Plan Rows": 4520,"Plan Width": 16,"Actual Startup Time": 202.651,"Actual Total Time": 203.197,"Actual Rows": 13152,"Actual Loops": 4,"Sort Key": ["orders.o_orderpriority"],"Sort Method": "quicksort","Sort Space Used": 1103,"Sort Space Type": "Memory","Workers": [{"Worker Number": 0,"Sort Method": "quicksort","Sort Space Used": 1110,"Sort Space Type": "Memory"},{"Worker Number": 1,"Sort Method": "quicksort","Sort Space Used": 1119,"Sort Space Type": "Memory"},{"Worker Number": 2,"Sort Method": "quicksort","Sort Space Used": 1083,"Sort Space Type": "Memory"}],"Plans": [{"Node Type": "Nested Loop","Parent Relationship": "Outer","Parallel Aware": false,"Async Capable": false,"Join Type": "Semi","Startup Cost": 817.51,"Total Cost": 51231.05,"Plan Rows": 4520,"Plan Width": 16,"Actual Startup Time": 4.809,"Actual Total Time": 196.117,"Actual Rows": 13152,"Actual Loops": 4,"Inner Unique": false,"Workers": [],"Plans": [{"Node Type": "Bitmap Heap Scan","Parent Relationship": "Outer","Parallel Aware": true,"Async Capable": false,"Relation Name": "orders","Alias": "orders","Startup Cost": 817.07,"Total Cost": 27197.51,"Plan Rows": 19029,"Plan Width": 20,"Actual Startup Time": 4.654,"Actual Total Time": 58.284,"Actual Rows": 14334,"Actual Loops": 4,"Recheck Cond": "((o_orderdate >= '1997-04-01'::date) AND (o_orderdate < '1997-07-01 00:00:00'::timestamp without time zone))","Rows Removed by Index Recheck": 0,"Exact Heap Blocks": 5837,"Lossy Heap Blocks": 0,"Workers": [],"Plans": [{"Node Type": "Bitmap Index Scan","Parent Relationship": "Outer","Parallel Aware": false,"Async Capable": false,"Index Name": "idx_orders_orderdate","Startup Cost": 0.00,"Total Cost": 802.33,"Plan Rows": 58990,"Plan Width": 0,"Actual Startup Time": 8.382,"Actual Total Time": 8.385,"Actual Rows": 57334,"Actual Loops": 1,"Index Cond": "((o_orderdate >= '1997-04-01'::date) AND (o_orderdate < '1997-07-01 00:00:00'::timestamp without time zone))","Workers": []}]},{"Node Type": "Index Scan","Parent Relationship": "Inner","Parallel Aware": false,"Async Capable": false,"Scan Direction": "Forward","Index Name": "idx_lineitem_orderkey","Relation Name": "lineitem","Alias": "lineitem","Startup Cost": 0.43,"Total Cost": 4.59,"Plan Rows": 6,"Plan Width": 4,"Actual Startup Time": 0.009,"Actual Total Time": 0.009,"Actual Rows": 1,"Actual Loops": 57334,"Index Cond": "(l_orderkey = orders.o_orderkey)","Rows Removed by Index Recheck": 0,"Filter": "(l_commitdate < l_receiptdate)","Rows Removed by Filter": 1,"Workers": []}]}]}]}]}]},"Planning Time": 4.807,"Triggers": [],"Execution Time": 236.832}]
[{"Plan": {"Node Type": "Aggregate","Strategy": "Sorted","Partial Mode": "Finalize","Parallel Aware": false,"Async Capable": false,"Startup Cost": 50907.22,"Total Cost": 50940.43,"Plan Rows": 5,"Plan Width": 24,"Actual Startup Time": 204.875,"Actual Total Time": 229.245,"Actual Rows": 5,"Actual Loops": 1,"Group Key": ["orders.o_orderpriority"],"Plans": [{"Node Type": "Gather Merge","Parent Relationship": "Outer","Parallel Aware": false,"Async Capable": false,"Startup Cost": 50907.22,"Total Cost": 50940.30,"Plan Rows": 15,"Plan Width": 24,"Actual Startup Time": 204.487,"Actual Total Time": 229.210,"Actual Rows": 20,"Actual Loops": 1,"Workers Planned": 3,"Workers Launched": 3,"Plans": [{"Node Type": "Aggregate","Strategy": "Sorted","Partial Mode": "Partial","Parent Relationship": "Outer","Parallel Aware": false,"Async Capable": false,"Startup Cost": 49907.18,"Total Cost": 49938.50,"Plan Rows": 5,"Plan Width": 24,"Actual Startup Time": 195.859,"Actual Total Time": 197.107,"Actual Rows": 5,"Actual Loops": 4,"Group Key": ["orders.o_orderpriority"],"Workers": [],"Plans": [{"Node Type": "Sort","Parent Relationship": "Outer","Parallel Aware": false,"Async Capable": false,"Startup Cost": 49907.18,"Total Cost": 49917.60,"Plan Rows": 4170,"Plan Width": 16,"Actual Startup Time": 195.538,"Actual Total Time": 196.036,"Actual Rows": 13129,"Actual Loops": 4,"Sort Key": ["orders.o_orderpriority"],"Sort Method": "quicksort","Sort Space Used": 1092,"Sort Space Type": "Memory","Workers": [{"Worker Number": 0,"Sort Method": "quicksort","Sort Space Used": 1119,"Sort Space Type": "Memory"},{"Worker Number": 1,"Sort Method": "quicksort","Sort Space Used": 1082,"Sort Space Type": "Memory"},{"Worker Number": 2,"Sort Method": "quicksort","Sort Space Used": 1116,"Sort Space Type": "Memory"}],"Plans": [{"Node Type": "Nested Loop","Parent Relationship": "Outer","Parallel Aware": false,"Async Capable": false,"Join Type": "Semi","Startup Cost": 754.75,"Total Cost": 49656.44,"Plan Rows": 4170,"Plan Width": 16,"Actual Startup Time": 4.769,"Actual Total Time": 189.357,"Actual Rows": 13129,"Actual Loops": 4,"Inner Unique": false,"Workers": [],"Plans": [{"Node Type": "Bitmap Heap Scan","Parent Relationship": "Outer","Parallel Aware": true,"Async Capable": false,"Relation Name": "orders","Alias": "orders","Startup Cost": 754.31,"Total Cost": 27112.68,"Plan Rows": 17557,"Plan Width": 20,"Actual Startup Time": 4.640,"Actual Total Time": 54.547,"Actual Rows": 14334,"Actual Loops": 4,"Recheck Cond": "((o_orderdate >= '1995-10-01'::date) AND (o_orderdate < '1996-01-01 00:00:00'::timestamp without time zone))","Rows Removed by Index Recheck": 0,"Exact Heap Blocks": 5726,"Lossy Heap Blocks": 0,"Workers": [],"Plans": [{"Node Type": "Bitmap Index Scan","Parent Relationship": "Outer","Parallel Aware": false,"Async Capable": false,"Index Name": "idx_orders_orderdate","Startup Cost": 0.00,"Total Cost": 740.71,"Plan Rows": 54428,"Plan Width": 0,"Actual Startup Time": 8.057,"Actual Total Time": 8.058,"Actual Rows": 57337,"Actual Loops": 1,"Index Cond": "((o_orderdate >= '1995-10-01'::date) AND (o_orderdate < '1996-01-01 00:00:00'::timestamp without time zone))","Workers": []}]},{"Node Type": "Index Scan","Parent Relationship": "Inner","Parallel Aware": false,"Async Capable": false,"Scan Direction": "Forward","Index Name": "idx_lineitem_orderkey","Relation Name": "lineitem","Alias": "lineitem","Startup Cost": 0.43,"Total Cost": 4.69,"Plan Rows": 6,"Plan Width": 4,"Actual Startup Time": 0.009,"Actual Total Time": 0.009,"Actual Rows": 1,"Actual Loops": 57337,"Index Cond": "(l_orderkey = orders.o_orderkey)","Rows Removed by Index Recheck": 0,"Filter": "(l_commitdate < l_receiptdate)","Rows Removed by Filter": 1,"Workers": []}]}]}]}]}]},"Planning Time": 4.806,"Triggers": [],"Execution Time": 229.951}]
[{"Plan": {"Node Type": "Aggregate","Strategy": "Sorted","Partial Mode": "Finalize","Parallel Aware": false,"Async Capable": false,"Startup Cost": 51895.02,"Total Cost": 51929.86,"Plan Rows": 5,"Plan Width": 24,"Actual Startup Time": 216.936,"Actual Total Time": 240.849,"Actual Rows": 5,"Actual Loops": 1,"Group Key": ["orders.o_orderpriority"],"Plans": [{"Node Type": "Gather Merge","Parent Relationship": "Outer","Parallel Aware": false,"Async Capable": false,"Startup Cost": 51895.02,"Total Cost": 51929.73,"Plan Rows": 15,"Plan Width": 24,"Actual Startup Time": 216.564,"Actual Total Time": 240.814,"Actual Rows": 20,"Actual Loops": 1,"Workers Planned": 3,"Workers Launched": 3,"Plans": [{"Node Type": "Aggregate","Strategy": "Sorted","Partial Mode": "Partial","Parent Relationship": "Outer","Parallel Aware": false,"Async Capable": false,"Startup Cost": 50894.98,"Total Cost": 50927.93,"Plan Rows": 5,"Plan Width": 24,"Actual Startup Time": 207.210,"Actual Total Time": 208.520,"Actual Rows": 5,"Actual Loops": 4,"Group Key": ["orders.o_orderpriority"],"Workers": [],"Plans": [{"Node Type": "Sort","Parent Relationship": "Outer","Parallel Aware": false,"Async Capable": false,"Startup Cost": 50894.98,"Total Cost": 50905.95,"Plan Rows": 4386,"Plan Width": 16,"Actual Startup Time": 206.842,"Actual Total Time": 207.438,"Actual Rows": 13154,"Actual Loops": 4,"Sort Key": ["orders.o_orderpriority"],"Sort Method": "quicksort","Sort Space Used": 1056,"Sort Space Type": "Memory","Workers": [{"Worker Number": 0,"Sort Method": "quicksort","Sort Space Used": 1144,"Sort Space Type": "Memory"},{"Worker Number": 1,"Sort Method": "quicksort","Sort Space Used": 1079,"Sort Space Type": "Memory"},{"Worker Number": 2,"Sort Method": "quicksort","Sort Space Used": 1137,"Sort Space Type": "Memory"}],"Plans": [{"Node Type": "Nested Loop","Parent Relationship": "Outer","Parallel Aware": false,"Async Capable": false,"Join Type": "Semi","Startup Cost": 791.62,"Total Cost": 50629.66,"Plan Rows": 4386,"Plan Width": 16,"Actual Startup Time": 4.998,"Actual Total Time": 200.365,"Actual Rows": 13154,"Actual Loops": 4,"Inner Unique": false,"Workers": [],"Plans": [{"Node Type": "Bitmap Heap Scan","Parent Relationship": "Outer","Parallel Aware": true,"Async Capable": false,"Relation Name": "orders","Alias": "orders","Startup Cost": 791.19,"Total Cost": 27163.18,"Plan Rows": 18466,"Plan Width": 20,"Actual Startup Time": 4.854,"Actual Total Time": 59.077,"Actual Rows": 14346,"Actual Loops": 4,"Recheck Cond": "((o_orderdate >= '1994-07-01'::date) AND (o_orderdate < '1994-10-01 00:00:00'::timestamp without time zone))","Rows Removed by Index Recheck": 0,"Exact Heap Blocks": 5381,"Lossy Heap Blocks": 0,"Workers": [],"Plans": [{"Node Type": "Bitmap Index Scan","Parent Relationship": "Outer","Parallel Aware": false,"Async Capable": false,"Index Name": "idx_orders_orderdate","Startup Cost": 0.00,"Total Cost": 776.88,"Plan Rows": 57245,"Plan Width": 0,"Actual Startup Time": 8.661,"Actual Total Time": 8.664,"Actual Rows": 57384,"Actual Loops": 1,"Index Cond": "((o_orderdate >= '1994-07-01'::date) AND (o_orderdate < '1994-10-01 00:00:00'::timestamp without time zone))","Workers": []}]},{"Node Type": "Index Scan","Parent Relationship": "Inner","Parallel Aware": false,"Async Capable": false,"Scan Direction": "Forward","Index Name": "idx_lineitem_orderkey","Relation Name": "lineitem","Alias": "lineitem","Startup Cost": 0.43,"Total Cost": 4.63,"Plan Rows": 6,"Plan Width": 4,"Actual Startup Time": 0.010,"Actual Total Time": 0.010,"Actual Rows": 1,"Actual Loops": 57384,"Index Cond": "(l_orderkey = orders.o_orderkey)","Rows Removed by Index Recheck": 0,"Filter": "(l_commitdate < l_receiptdate)","Rows Removed by Filter": 1,"Workers": []}]}]}]}]}]},"Planning Time": 4.847,"Triggers": [],"Execution Time": 241.394}]
[{"Plan": {"Node Type": "Aggregate","Strategy": "Sorted","Partial Mode": "Finalize","Parallel Aware": false,"Async Capable": false,"Startup Cost": 51940.16,"Total Cost": 51975.07,"Plan Rows": 5,"Plan Width": 24,"Actual Startup Time": 211.359,"Actual Total Time": 235.485,"Actual Rows": 5,"Actual Loops": 1,"Group Key": ["orders.o_orderpriority"],"Plans": [{"Node Type": "Gather Merge","Parent Relationship": "Outer","Parallel Aware": false,"Async Capable": false,"Startup Cost": 51940.16,"Total Cost": 51974.94,"Plan Rows": 15,"Plan Width": 24,"Actual Startup Time": 210.977,"Actual Total Time": 235.464,"Actual Rows": 20,"Actual Loops": 1,"Workers Planned": 3,"Workers Launched": 3,"Plans": [{"Node Type": "Aggregate","Strategy": "Sorted","Partial Mode": "Partial","Parent Relationship": "Outer","Parallel Aware": false,"Async Capable": false,"Startup Cost": 50940.12,"Total Cost": 50973.14,"Plan Rows": 5,"Plan Width": 24,"Actual Startup Time": 202.425,"Actual Total Time": 203.673,"Actual Rows": 5,"Actual Loops": 4,"Group Key": ["orders.o_orderpriority"],"Workers": [],"Plans": [{"Node Type": "Sort","Parent Relationship": "Outer","Parallel Aware": false,"Async Capable": false,"Startup Cost": 50940.12,"Total Cost": 50951.11,"Plan Rows": 4396,"Plan Width": 16,"Actual Startup Time": 202.075,"Actual Total Time": 202.609,"Actual Rows": 13093,"Actual Loops": 4,"Sort Key": ["orders.o_orderpriority"],"Sort Method": "quicksort","Sort Space Used": 1113,"Sort Space Type": "Memory","Workers": [{"Worker Number": 0,"Sort Method": "quicksort","Sort Space Used": 1095,"Sort Space Type": "Memory"},{"Worker Number": 1,"Sort Method": "quicksort","Sort Space Used": 1096,"Sort Space Type": "Memory"},{"Worker Number": 2,"Sort Method": "quicksort","Sort Space Used": 1098,"Sort Space Type": "Memory"}],"Plans": [{"Node Type": "Nested Loop","Parent Relationship": "Outer","Parallel Aware": false,"Async Capable": false,"Join Type": "Semi","Startup Cost": 792.95,"Total Cost": 50674.12,"Plan Rows": 4396,"Plan Width": 16,"Actual Startup Time": 5.002,"Actual Total Time": 195.802,"Actual Rows": 13093,"Actual Loops": 4,"Inner Unique": false,"Workers": [],"Plans": [{"Node Type": "Bitmap Heap Scan","Parent Relationship": "Outer","Parallel Aware": true,"Async Capable": false,"Relation Name": "orders","Alias": "orders","Startup Cost": 792.52,"Total Cost": 27165.14,"Plan Rows": 18508,"Plan Width": 20,"Actual Startup Time": 4.882,"Actual Total Time": 58.015,"Actual Rows": 14267,"Actual Loops": 4,"Recheck Cond": "((o_orderdate >= '1993-10-01'::date) AND (o_orderdate < '1994-01-01 00:00:00'::timestamp without time zone))","Rows Removed by Index Recheck": 0,"Exact Heap Blocks": 5856,"Lossy Heap Blocks": 0,"Workers": [],"Plans": [{"Node Type": "Bitmap Index Scan","Parent Relationship": "Outer","Parallel Aware": false,"Async Capable": false,"Index Name": "idx_orders_orderdate","Startup Cost": 0.00,"Total Cost": 778.18,"Plan Rows": 57375,"Plan Width": 0,"Actual Startup Time": 8.440,"Actual Total Time": 8.441,"Actual Rows": 57069,"Actual Loops": 1,"Index Cond": "((o_orderdate >= '1993-10-01'::date) AND (o_orderdate < '1994-01-01 00:00:00'::timestamp without time zone))","Workers": []}]},{"Node Type": "Index Scan","Parent Relationship": "Inner","Parallel Aware": false,"Async Capable": false,"Scan Direction": "Forward","Index Name": "idx_lineitem_orderkey","Relation Name": "lineitem","Alias": "lineitem","Startup Cost": 0.43,"Total Cost": 4.62,"Plan Rows": 6,"Plan Width": 4,"Actual Startup Time": 0.009,"Actual Total Time": 0.009,"Actual Rows": 1,"Actual Loops": 57069,"Index Cond": "(l_orderkey = orders.o_orderkey)","Rows Removed by Index Recheck": 0,"Filter": "(l_commitdate < l_receiptdate)","Rows Removed by Filter": 1,"Workers": []}]}]}]}]}]},"Planning Time": 4.961,"Triggers": [],"Execution Time": 235.930}]
[{"Plan": {"Node Type": "Aggregate","Strategy": "Sorted","Partial Mode": "Finalize","Parallel Aware": false,"Async Capable": false,"Startup Cost": 52360.14,"Total Cost": 52395.74,"Plan Rows": 5,"Plan Width": 24,"Actual Startup Time": 212.297,"Actual Total Time": 236.425,"Actual Rows": 5,"Actual Loops": 1,"Group Key": ["orders.o_orderpriority"],"Plans": [{"Node Type": "Gather Merge","Parent Relationship": "Outer","Parallel Aware": false,"Async Capable": false,"Startup Cost": 52360.14,"Total Cost": 52395.61,"Plan Rows": 15,"Plan Width": 24,"Actual Startup Time": 211.946,"Actual Total Time": 236.394,"Actual Rows": 20,"Actual Loops": 1,"Workers Planned": 3,"Workers Launched": 3,"Plans": [{"Node Type": "Aggregate","Strategy": "Sorted","Partial Mode": "Partial","Parent Relationship": "Outer","Parallel Aware": false,"Async Capable": false,"Startup Cost": 51360.10,"Total Cost": 51393.81,"Plan Rows": 5,"Plan Width": 24,"Actual Startup Time": 203.132,"Actual Total Time": 204.381,"Actual Rows": 5,"Actual Loops": 4,"Group Key": ["orders.o_orderpriority"],"Workers": [],"Plans": [{"Node Type": "Sort","Parent Relationship": "Outer","Parallel Aware": false,"Async Capable": false,"Startup Cost": 51360.10,"Total Cost": 51371.32,"Plan Rows": 4488,"Plan Width": 16,"Actual Startup Time": 202.800,"Actual Total Time": 203.297,"Actual Rows": 13290,"Actual Loops": 4,"Sort Key": ["orders.o_orderpriority"],"Sort Method": "quicksort","Sort Space Used": 1098,"Sort Space Type": "Memory","Workers": [{"Worker Number": 0,"Sort Method": "quicksort","Sort Space Used": 1124,"Sort Space Type": "Memory"},{"Worker Number": 1,"Sort Method": "quicksort","Sort Space Used": 1137,"Sort Space Type": "Memory"},{"Worker Number": 2,"Sort Method": "quicksort","Sort Space Used": 1087,"Sort Space Type": "Memory"}],"Plans": [{"Node Type": "Nested Loop","Parent Relationship": "Outer","Parallel Aware": false,"Async Capable": false,"Join Type": "Semi","Startup Cost": 809.33,"Total Cost": 51087.86,"Plan Rows": 4488,"Plan Width": 16,"Actual Startup Time": 5.403,"Actual Total Time": 196.470,"Actual Rows": 13290,"Actual Loops": 4,"Inner Unique": false,"Workers": [],"Plans": [{"Node Type": "Bitmap Heap Scan","Parent Relationship": "Outer","Parallel Aware": true,"Async Capable": false,"Relation Name": "orders","Alias": "orders","Startup Cost": 808.89,"Total Cost": 27187.35,"Plan Rows": 18897,"Plan Width": 20,"Actual Startup Time": 5.275,"Actual Total Time": 58.082,"Actual Rows": 14470,"Actual Loops": 4,"Recheck Cond": "((o_orderdate >= '1996-08-01'::date) AND (o_orderdate < '1996-11-01 00:00:00'::timestamp without time zone))","Rows Removed by Index Recheck": 0,"Exact Heap Blocks": 5695,"Lossy Heap Blocks": 0,"Workers": [],"Plans": [{"Node Type": "Bitmap Index Scan","Parent Relationship": "Outer","Parallel Aware": false,"Async Capable": false,"Index Name": "idx_orders_orderdate","Startup Cost": 0.00,"Total Cost": 794.25,"Plan Rows": 58582,"Plan Width": 0,"Actual Startup Time": 8.974,"Actual Total Time": 8.976,"Actual Rows": 57880,"Actual Loops": 1,"Index Cond": "((o_orderdate >= '1996-08-01'::date) AND (o_orderdate < '1996-11-01 00:00:00'::timestamp without time zone))","Workers": []}]},{"Node Type": "Index Scan","Parent Relationship": "Inner","Parallel Aware": false,"Async Capable": false,"Scan Direction": "Forward","Index Name": "idx_lineitem_orderkey","Relation Name": "lineitem","Alias": "lineitem","Startup Cost": 0.43,"Total Cost": 4.60,"Plan Rows": 6,"Plan Width": 4,"Actual Startup Time": 0.009,"Actual Total Time": 0.009,"Actual Rows": 1,"Actual Loops": 57880,"Index Cond": "(l_orderkey = orders.o_orderkey)","Rows Removed by Index Recheck": 0,"Filter": "(l_commitdate < l_receiptdate)","Rows Removed by Filter": 1,"Workers": []}]}]}]}]}]},"Planning Time": 4.460,"Triggers": [],"Execution Time": 236.855}]
[{"Plan": {"Node Type": "Aggregate","Strategy": "Sorted","Partial Mode": "Finalize","Parallel Aware": false,"Async Capable": false,"Startup Cost": 52283.40,"Total Cost": 52318.87,"Plan Rows": 5,"Plan Width": 24,"Actual Startup Time": 207.856,"Actual Total Time": 232.061,"Actual Rows": 5,"Actual Loops": 1,"Group Key": ["orders.o_orderpriority"],"Plans": [{"Node Type": "Gather Merge","Parent Relationship": "Outer","Parallel Aware": false,"Async Capable": false,"Startup Cost": 52283.40,"Total Cost": 52318.75,"Plan Rows": 15,"Plan Width": 24,"Actual Startup Time": 207.460,"Actual Total Time": 232.033,"Actual Rows": 20,"Actual Loops": 1,"Workers Planned": 3,"Workers Launched": 3,"Plans": [{"Node Type": "Aggregate","Strategy": "Sorted","Partial Mode": "Partial","Parent Relationship": "Outer","Parallel Aware": false,"Async Capable": false,"Startup Cost": 51283.36,"Total Cost": 51316.95,"Plan Rows": 5,"Plan Width": 24,"Actual Startup Time": 198.383,"Actual Total Time": 199.637,"Actual Rows": 5,"Actual Loops": 4,"Group Key": ["orders.o_orderpriority"],"Workers": [],"Plans": [{"Node Type": "Sort","Parent Relationship": "Outer","Parallel Aware": false,"Async Capable": false,"Startup Cost": 51283.36,"Total Cost": 51294.54,"Plan Rows": 4471,"Plan Width": 16,"Actual Startup Time": 198.029,"Actual Total Time": 198.557,"Actual Rows": 12996,"Actual Loops": 4,"Sort Key": ["orders.o_orderpriority"],"Sort Method": "quicksort","Sort Space Used": 1092,"Sort Space Type": "Memory","Workers": [{"Worker Number": 0,"Sort Method": "quicksort","Sort Space Used": 1114,"Sort Space Type": "Memory"},{"Worker Number": 1,"Sort Method": "quicksort","Sort Space Used": 1076,"Sort Space Type": "Memory"},{"Worker Number": 2,"Sort Method": "quicksort","Sort Space Used": 1099,"Sort Space Type": "Memory"}],"Plans": [{"Node Type": "Nested Loop","Parent Relationship": "Outer","Parallel Aware": false,"Async Capable": false,"Join Type": "Semi","Startup Cost": 807.02,"Total Cost": 51012.28,"Plan Rows": 4471,"Plan Width": 16,"Actual Startup Time": 5.146,"Actual Total Time": 191.580,"Actual Rows": 12996,"Actual Loops": 4,"Inner Unique": false,"Workers": [],"Plans": [{"Node Type": "Bitmap Heap Scan","Parent Relationship": "Outer","Parallel Aware": true,"Async Capable": false,"Relation Name": "orders","Alias": "orders","Startup Cost": 806.59,"Total Cost": 27183.96,"Plan Rows": 18825,"Plan Width": 20,"Actual Startup Time": 5.016,"Actual Total Time": 56.818,"Actual Rows": 14161,"Actual Loops": 4,"Recheck Cond": "((o_orderdate >= '1994-04-01'::date) AND (o_orderdate < '1994-07-01 00:00:00'::timestamp without time zone))","Rows Removed by Index Recheck": 0,"Exact Heap Blocks": 5770,"Lossy Heap Blocks": 0,"Workers": [],"Plans": [{"Node Type": "Bitmap Index Scan","Parent Relationship": "Outer","Parallel Aware": false,"Async Capable": false,"Index Name": "idx_orders_orderdate","Startup Cost": 0.00,"Total Cost": 792.00,"Plan Rows": 58357,"Plan Width": 0,"Actual Startup Time": 8.503,"Actual Total Time": 8.503,"Actual Rows": 56645,"Actual Loops": 1,"Index Cond": "((o_orderdate >= '1994-04-01'::date) AND (o_orderdate < '1994-07-01 00:00:00'::timestamp without time zone))","Workers": []}]},{"Node Type": "Index Scan","Parent Relationship": "Inner","Parallel Aware": false,"Async Capable": false,"Scan Direction": "Forward","Index Name": "idx_lineitem_orderkey","Relation Name": "lineitem","Alias": "lineitem","Startup Cost": 0.43,"Total Cost": 4.60,"Plan Rows": 6,"Plan Width": 4,"Actual Startup Time": 0.009,"Actual Total Time": 0.009,"Actual Rows": 1,"Actual Loops": 56645,"Index Cond": "(l_orderkey = orders.o_orderkey)","Rows Removed by Index Recheck": 0,"Filter": "(l_commitdate < l_receiptdate)","Rows Removed by Filter": 1,"Workers": []}]}]}]}]}]},"Planning Time": 4.301,"Triggers": [],"Execution Time": 232.692}]
[{"Plan": {"Node Type": "Aggregate","Strategy": "Sorted","Partial Mode": "Finalize","Parallel Aware": false,"Async Capable": false,"Startup Cost": 51903.92,"Total Cost": 51938.77,"Plan Rows": 5,"Plan Width": 24,"Actual Startup Time": 219.933,"Actual Total Time": 243.587,"Actual Rows": 5,"Actual Loops": 1,"Group Key": ["orders.o_orderpriority"],"Plans": [{"Node Type": "Gather Merge","Parent Relationship": "Outer","Parallel Aware": false,"Async Capable": false,"Startup Cost": 51903.92,"Total Cost": 51938.64,"Plan Rows": 15,"Plan Width": 24,"Actual Startup Time": 219.614,"Actual Total Time": 243.560,"Actual Rows": 20,"Actual Loops": 1,"Workers Planned": 3,"Workers Launched": 3,"Plans": [{"Node Type": "Aggregate","Strategy": "Sorted","Partial Mode": "Partial","Parent Relationship": "Outer","Parallel Aware": false,"Async Capable": false,"Startup Cost": 50903.88,"Total Cost": 50936.84,"Plan Rows": 5,"Plan Width": 24,"Actual Startup Time": 209.332,"Actual Total Time": 210.717,"Actual Rows": 5,"Actual Loops": 4,"Group Key": ["orders.o_orderpriority"],"Workers": [],"Plans": [{"Node Type": "Sort","Parent Relationship": "Outer","Parallel Aware": false,"Async Capable": false,"Startup Cost": 50903.88,"Total Cost": 50914.85,"Plan Rows": 4388,"Plan Width": 16,"Actual Startup Time": 208.936,"Actual Total Time": 209.559,"Actual Rows": 13145,"Actual Loops": 4,"Sort Key": ["orders.o_orderpriority"],"Sort Method": "quicksort","Sort Space Used": 1056,"Sort Space Type": "Memory","Workers": [{"Worker Number": 0,"Sort Method": "quicksort","Sort Space Used": 1143,"Sort Space Type": "Memory"},{"Worker Number": 1,"Sort Method": "quicksort","Sort Space Used": 1078,"Sort Space Type": "Memory"},{"Worker Number": 2,"Sort Method": "quicksort","Sort Space Used": 1136,"Sort Space Type": "Memory"}],"Plans": [{"Node Type": "Nested Loop","Parent Relationship": "Outer","Parallel Aware": false,"Async Capable": false,"Join Type": "Semi","Startup Cost": 791.87,"Total Cost": 50638.42,"Plan Rows": 4388,"Plan Width": 16,"Actual Startup Time": 4.667,"Actual Total Time": 202.314,"Actual Rows": 13145,"Actual Loops": 4,"Inner Unique": false,"Workers": [],"Plans": [{"Node Type": "Bitmap Heap Scan","Parent Relationship": "Outer","Parallel Aware": true,"Async Capable": false,"Relation Name": "orders","Alias": "orders","Startup Cost": 791.43,"Total Cost": 27163.54,"Plan Rows": 18474,"Plan Width": 20,"Actual Startup Time": 4.529,"Actual Total Time": 59.423,"Actual Rows": 14339,"Actual Loops": 4,"Recheck Cond": "((o_orderdate >= '1996-11-01'::date) AND (o_orderdate < '1997-02-01 00:00:00'::timestamp without time zone))","Rows Removed by Index Recheck": 0,"Exact Heap Blocks": 5432,"Lossy Heap Blocks": 0,"Workers": [],"Plans": [{"Node Type": "Bitmap Index Scan","Parent Relationship": "Outer","Parallel Aware": false,"Async Capable": false,"Index Name": "idx_orders_orderdate","Startup Cost": 0.00,"Total Cost": 777.12,"Plan Rows": 57269,"Plan Width": 0,"Actual Startup Time": 8.530,"Actual Total Time": 8.532,"Actual Rows": 57355,"Actual Loops": 1,"Index Cond": "((o_orderdate >= '1996-11-01'::date) AND (o_orderdate < '1997-02-01 00:00:00'::timestamp without time zone))","Workers": []}]},{"Node Type": "Index Scan","Parent Relationship": "Inner","Parallel Aware": false,"Async Capable": false,"Scan Direction": "Forward","Index Name": "idx_lineitem_orderkey","Relation Name": "lineitem","Alias": "lineitem","Startup Cost": 0.43,"Total Cost": 4.63,"Plan Rows": 6,"Plan Width": 4,"Actual Startup Time": 0.010,"Actual Total Time": 0.010,"Actual Rows": 1,"Actual Loops": 57355,"Index Cond": "(l_orderkey = orders.o_orderkey)","Rows Removed by Index Recheck": 0,"Filter": "(l_commitdate < l_receiptdate)","Rows Removed by Filter": 1,"Workers": []}]}]}]}]}]},"Planning Time": 4.997,"Triggers": [],"Execution Time": 244.179}]
[{"Plan": {"Node Type": "Aggregate","Strategy": "Sorted","Partial Mode": "Finalize","Parallel Aware": false,"Async Capable": false,"Startup Cost": 51563.06,"Total Cost": 51597.36,"Plan Rows": 5,"Plan Width": 24,"Actual Startup Time": 209.353,"Actual Total Time": 233.705,"Actual Rows": 5,"Actual Loops": 1,"Group Key": ["orders.o_orderpriority"],"Plans": [{"Node Type": "Gather Merge","Parent Relationship": "Outer","Parallel Aware": false,"Async Capable": false,"Startup Cost": 51563.06,"Total Cost": 51597.23,"Plan Rows": 15,"Plan Width": 24,"Actual Startup Time": 208.928,"Actual Total Time": 233.674,"Actual Rows": 20,"Actual Loops": 1,"Workers Planned": 3,"Workers Launched": 3,"Plans": [{"Node Type": "Aggregate","Strategy": "Sorted","Partial Mode": "Partial","Parent Relationship": "Outer","Parallel Aware": false,"Async Capable": false,"Startup Cost": 50563.02,"Total Cost": 50595.43,"Plan Rows": 5,"Plan Width": 24,"Actual Startup Time": 200.123,"Actual Total Time": 201.359,"Actual Rows": 5,"Actual Loops": 4,"Group Key": ["orders.o_orderpriority"],"Workers": [],"Plans": [{"Node Type": "Sort","Parent Relationship": "Outer","Parallel Aware": false,"Async Capable": false,"Startup Cost": 50563.02,"Total Cost": 50573.81,"Plan Rows": 4314,"Plan Width": 16,"Actual Startup Time": 199.793,"Actual Total Time": 200.293,"Actual Rows": 12936,"Actual Loops": 4,"Sort Key": ["orders.o_orderpriority"],"Sort Method": "quicksort","Sort Space Used": 1088,"Sort Space Type": "Memory","Workers": [{"Worker Number": 0,"Sort Method": "quicksort","Sort Space Used": 1073,"Sort Space Type": "Memory"},{"Worker Number": 1,"Sort Method": "quicksort","Sort Space Used": 1104,"Sort Space Type": "Memory"},{"Worker Number": 2,"Sort Method": "quicksort","Sort Space Used": 1102,"Sort Space Type": "Memory"}],"Plans": [{"Node Type": "Nested Loop","Parent Relationship": "Outer","Parallel Aware": false,"Async Capable": false,"Join Type": "Semi","Startup Cost": 777.94,"Total Cost": 50302.57,"Plan Rows": 4314,"Plan Width": 16,"Actual Startup Time": 5.390,"Actual Total Time": 193.555,"Actual Rows": 12936,"Actual Loops": 4,"Inner Unique": false,"Workers": [],"Plans": [{"Node Type": "Bitmap Heap Scan","Parent Relationship": "Outer","Parallel Aware": true,"Async Capable": false,"Relation Name": "orders","Alias": "orders","Startup Cost": 777.50,"Total Cost": 27144.92,"Plan Rows": 18161,"Plan Width": 20,"Actual Startup Time": 5.246,"Actual Total Time": 58.249,"Actual Rows": 14114,"Actual Loops": 4,"Recheck Cond": "((o_orderdate >= '1997-09-01'::date) AND (o_orderdate < '1997-12-01 00:00:00'::timestamp without time zone))","Rows Removed by Index Recheck": 0,"Exact Heap Blocks": 5736,"Lossy Heap Blocks": 0,"Workers": [],"Plans": [{"Node Type": "Bitmap Index Scan","Parent Relationship": "Outer","Parallel Aware": false,"Async Capable": false,"Index Name": "idx_orders_orderdate","Startup Cost": 0.00,"Total Cost": 763.43,"Plan Rows": 56300,"Plan Width": 0,"Actual Startup Time": 8.862,"Actual Total Time": 8.862,"Actual Rows": 56454,"Actual Loops": 1,"Index Cond": "((o_orderdate >= '1997-09-01'::date) AND (o_orderdate < '1997-12-01 00:00:00'::timestamp without time zone))","Workers": []}]},{"Node Type": "Index Scan","Parent Relationship": "Inner","Parallel Aware": false,"Async Capable": false,"Scan Direction": "Forward","Index Name": "idx_lineitem_orderkey","Relation Name": "lineitem","Alias": "lineitem","Startup Cost": 0.43,"Total Cost": 4.65,"Plan Rows": 6,"Plan Width": 4,"Actual Startup Time": 0.009,"Actual Total Time": 0.009,"Actual Rows": 1,"Actual Loops": 56454,"Index Cond": "(l_orderkey = orders.o_orderkey)","Rows Removed by Index Recheck": 0,"Filter": "(l_commitdate < l_receiptdate)","Rows Removed by Filter": 1,"Workers": []}]}]}]}]}]},"Planning Time": 5.783,"Triggers": [],"Execution Time": 234.121}]
[{"Plan": {"Node Type": "Aggregate","Strategy": "Sorted","Partial Mode": "Finalize","Parallel Aware": false,"Async Capable": false,"Startup Cost": 51806.85,"Total Cost": 51841.53,"Plan Rows": 5,"Plan Width": 24,"Actual Startup Time": 211.634,"Actual Total Time": 235.430,"Actual Rows": 5,"Actual Loops": 1,"Group Key": ["orders.o_orderpriority"],"Plans": [{"Node Type": "Gather Merge","Parent Relationship": "Outer","Parallel Aware": false,"Async Capable": false,"Startup Cost": 51806.85,"Total Cost": 51841.41,"Plan Rows": 15,"Plan Width": 24,"Actual Startup Time": 211.199,"Actual Total Time": 235.391,"Actual Rows": 20,"Actual Loops": 1,"Workers Planned": 3,"Workers Launched": 3,"Plans": [{"Node Type": "Aggregate","Strategy": "Sorted","Partial Mode": "Partial","Parent Relationship": "Outer","Parallel Aware": false,"Async Capable": false,"Startup Cost": 50806.81,"Total Cost": 50839.60,"Plan Rows": 5,"Plan Width": 24,"Actual Startup Time": 202.395,"Actual Total Time": 203.672,"Actual Rows": 5,"Actual Loops": 4,"Group Key": ["orders.o_orderpriority"],"Workers": [],"Plans": [{"Node Type": "Sort","Parent Relationship": "Outer","Parallel Aware": false,"Async Capable": false,"Startup Cost": 50806.81,"Total Cost": 50817.72,"Plan Rows": 4366,"Plan Width": 16,"Actual Startup Time": 202.049,"Actual Total Time": 202.590,"Actual Rows": 13258,"Actual Loops": 4,"Sort Key": ["orders.o_orderpriority"],"Sort Method": "quicksort","Sort Space Used": 1114,"Sort Space Type": "Memory","Workers": [{"Worker Number": 0,"Sort Method": "quicksort","Sort Space Used": 1109,"Sort Space Type": "Memory"},{"Worker Number": 1,"Sort Method": "quicksort","Sort Space Used": 1115,"Sort Space Type": "Memory"},{"Worker Number": 2,"Sort Method": "quicksort","Sort Space Used": 1101,"Sort Space Type": "Memory"}],"Plans": [{"Node Type": "Nested Loop","Parent Relationship": "Outer","Parallel Aware": false,"Async Capable": false,"Join Type": "Semi","Startup Cost": 789.02,"Total Cost": 50542.84,"Plan Rows": 4366,"Plan Width": 16,"Actual Startup Time": 5.557,"Actual Total Time": 195.523,"Actual Rows": 13258,"Actual Loops": 4,"Inner Unique": false,"Workers": [],"Plans": [{"Node Type": "Bitmap Heap Scan","Parent Relationship": "Outer","Parallel Aware": true,"Async Capable": false,"Relation Name": "orders","Alias": "orders","Startup Cost": 788.59,"Total Cost": 27159.35,"Plan Rows": 18384,"Plan Width": 20,"Actual Startup Time": 5.423,"Actual Total Time": 57.919,"Actual Rows": 14451,"Actual Loops": 4,"Recheck Cond": "((o_orderdate >= '1995-06-01'::date) AND (o_orderdate < '1995-09-01 00:00:00'::timestamp without time zone))","Rows Removed by Index Recheck": 0,"Exact Heap Blocks": 5887,"Lossy Heap Blocks": 0,"Workers": [],"Plans": [{"Node Type": "Bitmap Index Scan","Parent Relationship": "Outer","Parallel Aware": false,"Async Capable": false,"Index Name": "idx_orders_orderdate","Startup Cost": 0.00,"Total Cost": 774.34,"Plan Rows": 56991,"Plan Width": 0,"Actual Startup Time": 8.828,"Actual Total Time": 8.830,"Actual Rows": 57805,"Actual Loops": 1,"Index Cond": "((o_orderdate >= '1995-06-01'::date) AND (o_orderdate < '1995-09-01 00:00:00'::timestamp without time zone))","Workers": []}]},{"Node Type": "Index Scan","Parent Relationship": "Inner","Parallel Aware": false,"Async Capable": false,"Scan Direction": "Forward","Index Name": "idx_lineitem_orderkey","Relation Name": "lineitem","Alias": "lineitem","Startup Cost": 0.43,"Total Cost": 4.63,"Plan Rows": 6,"Plan Width": 4,"Actual Startup Time": 0.009,"Actual Total Time": 0.009,"Actual Rows": 1,"Actual Loops": 57805,"Index Cond": "(l_orderkey = orders.o_orderkey)","Rows Removed by Index Recheck": 0,"Filter": "(l_commitdate < l_receiptdate)","Rows Removed by Filter": 1,"Workers": []}]}]}]}]}]},"Planning Time": 5.875,"Triggers": [],"Execution Time": 235.870}]
[{"Plan": {"Node Type": "Aggregate","Strategy": "Sorted","Partial Mode": "Finalize","Parallel Aware": false,"Async Capable": false,"Startup Cost": 51912.42,"Total Cost": 51947.28,"Plan Rows": 5,"Plan Width": 24,"Actual Startup Time": 209.106,"Actual Total Time": 232.724,"Actual Rows": 5,"Actual Loops": 1,"Group Key": ["orders.o_orderpriority"],"Plans": [{"Node Type": "Gather Merge","Parent Relationship": "Outer","Parallel Aware": false,"Async Capable": false,"Startup Cost": 51912.42,"Total Cost": 51947.15,"Plan Rows": 15,"Plan Width": 24,"Actual Startup Time": 208.787,"Actual Total Time": 232.700,"Actual Rows": 20,"Actual Loops": 1,"Workers Planned": 3,"Workers Launched": 3,"Plans": [{"Node Type": "Aggregate","Strategy": "Sorted","Partial Mode": "Partial","Parent Relationship": "Outer","Parallel Aware": false,"Async Capable": false,"Startup Cost": 50912.38,"Total Cost": 50945.35,"Plan Rows": 5,"Plan Width": 24,"Actual Startup Time": 198.950,"Actual Total Time": 200.277,"Actual Rows": 5,"Actual Loops": 4,"Group Key": ["orders.o_orderpriority"],"Workers": [],"Plans": [{"Node Type": "Sort","Parent Relationship": "Outer","Parallel Aware": false,"Async Capable": false,"Startup Cost": 50912.38,"Total Cost": 50923.35,"Plan Rows": 4390,"Plan Width": 16,"Actual Startup Time": 198.592,"Actual Total Time": 199.146,"Actual Rows": 13050,"Actual Loops": 4,"Sort Key": ["orders.o_orderpriority"],"Sort Method": "quicksort","Sort Space Used": 1053,"Sort Space Type": "Memory","Workers": [{"Worker Number": 0,"Sort Method": "quicksort","Sort Space Used": 1117,"Sort Space Type": "Memory"},{"Worker Number": 1,"Sort Method": "quicksort","Sort Space Used": 1102,"Sort Space Type": "Memory"},{"Worker Number": 2,"Sort Method": "quicksort","Sort Space Used": 1121,"Sort Space Type": "Memory"}],"Plans": [{"Node Type": "Nested Loop","Parent Relationship": "Outer","Parallel Aware": false,"Async Capable": false,"Join Type": "Semi","Startup Cost": 792.13,"Total Cost": 50646.78,"Plan Rows": 4390,"Plan Width": 16,"Actual Startup Time": 5.115,"Actual Total Time": 192.167,"Actual Rows": 13050,"Actual Loops": 4,"Inner Unique": false,"Workers": [],"Plans": [{"Node Type": "Bitmap Heap Scan","Parent Relationship": "Outer","Parallel Aware": true,"Async Capable": false,"Relation Name": "orders","Alias": "orders","Startup Cost": 791.70,"Total Cost": 27163.94,"Plan Rows": 18482,"Plan Width": 20,"Actual Startup Time": 4.954,"Actual Total Time": 57.279,"Actual Rows": 14234,"Actual Loops": 4,"Recheck Cond": "((o_orderdate >= '1993-03-01'::date) AND (o_orderdate < '1993-06-01 00:00:00'::timestamp without time zone))","Rows Removed by Index Recheck": 0,"Exact Heap Blocks": 5494,"Lossy Heap Blocks": 0,"Workers": [],"Plans": [{"Node Type": "Bitmap Index Scan","Parent Relationship": "Outer","Parallel Aware": false,"Async Capable": false,"Index Name": "idx_orders_orderdate","Startup Cost": 0.00,"Total Cost": 777.38,"Plan Rows": 57295,"Plan Width": 0,"Actual Startup Time": 8.540,"Actual Total Time": 8.541,"Actual Rows": 56934,"Actual Loops": 1,"Index Cond": "((o_orderdate >= '1993-03-01'::date) AND (o_orderdate < '1993-06-01 00:00:00'::timestamp without time zone))","Workers": []}]},{"Node Type": "Index Scan","Parent Relationship": "Inner","Parallel Aware": false,"Async Capable": false,"Scan Direction": "Forward","Index Name": "idx_lineitem_orderkey","Relation Name": "lineitem","Alias": "lineitem","Startup Cost": 0.43,"Total Cost": 4.62,"Plan Rows": 6,"Plan Width": 4,"Actual Startup Time": 0.009,"Actual Total Time": 0.009,"Actual Rows": 1,"Actual Loops": 56934,"Index Cond": "(l_orderkey = orders.o_orderkey)","Rows Removed by Index Recheck": 0,"Filter": "(l_commitdate < l_receiptdate)","Rows Removed by Filter": 1,"Workers": []}]}]}]}]}]},"Planning Time": 5.801,"Triggers": [],"Execution Time": 233.171}]
[{"Plan": {"Node Type": "Aggregate","Strategy": "Sorted","Partial Mode": "Finalize","Parallel Aware": false,"Async Capable": false,"Startup Cost": 52583.25,"Total Cost": 52619.22,"Plan Rows": 5,"Plan Width": 24,"Actual Startup Time": 212.013,"Actual Total Time": 235.599,"Actual Rows": 5,"Actual Loops": 1,"Group Key": ["orders.o_orderpriority"],"Plans": [{"Node Type": "Gather Merge","Parent Relationship": "Outer","Parallel Aware": false,"Async Capable": false,"Startup Cost": 52583.25,"Total Cost": 52619.09,"Plan Rows": 15,"Plan Width": 24,"Actual Startup Time": 211.620,"Actual Total Time": 235.557,"Actual Rows": 20,"Actual Loops": 1,"Workers Planned": 3,"Workers Launched": 3,"Plans": [{"Node Type": "Aggregate","Strategy": "Sorted","Partial Mode": "Partial","Parent Relationship": "Outer","Parallel Aware": false,"Async Capable": false,"Startup Cost": 51583.21,"Total Cost": 51617.29,"Plan Rows": 5,"Plan Width": 24,"Actual Startup Time": 202.957,"Actual Total Time": 204.233,"Actual Rows": 5,"Actual Loops": 4,"Group Key": ["orders.o_orderpriority"],"Workers": [],"Plans": [{"Node Type": "Sort","Parent Relationship": "Outer","Parallel Aware": false,"Async Capable": false,"Startup Cost": 51583.21,"Total Cost": 51594.56,"Plan Rows": 4537,"Plan Width": 16,"Actual Startup Time": 202.621,"Actual Total Time": 203.133,"Actual Rows": 13216,"Actual Loops": 4,"Sort Key": ["orders.o_orderpriority"],"Sort Method": "quicksort","Sort Space Used": 1116,"Sort Space Type": "Memory","Workers": [{"Worker Number": 0,"Sort Method": "quicksort","Sort Space Used": 1099,"Sort Space Type": "Memory"},{"Worker Number": 1,"Sort Method": "quicksort","Sort Space Used": 1109,"Sort Space Type": "Memory"},{"Worker Number": 2,"Sort Method": "quicksort","Sort Space Used": 1105,"Sort Space Type": "Memory"}],"Plans": [{"Node Type": "Nested Loop","Parent Relationship": "Outer","Parallel Aware": false,"Async Capable": false,"Join Type": "Semi","Startup Cost": 819.82,"Total Cost": 51307.65,"Plan Rows": 4537,"Plan Width": 16,"Actual Startup Time": 5.186,"Actual Total Time": 196.152,"Actual Rows": 13216,"Actual Loops": 4,"Inner Unique": false,"Workers": [],"Plans": [{"Node Type": "Bitmap Heap Scan","Parent Relationship": "Outer","Parallel Aware": true,"Async Capable": false,"Relation Name": "orders","Alias": "orders","Startup Cost": 819.39,"Total Cost": 27200.92,"Plan Rows": 19102,"Plan Width": 20,"Actual Startup Time": 5.072,"Actual Total Time": 58.464,"Actual Rows": 14428,"Actual Loops": 4,"Recheck Cond": "((o_orderdate >= '1997-06-01'::date) AND (o_orderdate < '1997-09-01 00:00:00'::timestamp without time zone))","Rows Removed by Index Recheck": 0,"Exact Heap Blocks": 5918,"Lossy Heap Blocks": 0,"Workers": [],"Plans": [{"Node Type": "Bitmap Index Scan","Parent Relationship": "Outer","Parallel Aware": false,"Async Capable": false,"Index Name": "idx_orders_orderdate","Startup Cost": 0.00,"Total Cost": 804.59,"Plan Rows": 59216,"Plan Width": 0,"Actual Startup Time": 8.389,"Actual Total Time": 8.389,"Actual Rows": 57712,"Actual Loops": 1,"Index Cond": "((o_orderdate >= '1997-06-01'::date) AND (o_orderdate < '1997-09-01 00:00:00'::timestamp without time zone))","Workers": []}]},{"Node Type": "Index Scan","Parent Relationship": "Inner","Parallel Aware": false,"Async Capable": false,"Scan Direction": "Forward","Index Name": "idx_lineitem_orderkey","Relation Name": "lineitem","Alias": "lineitem","Startup Cost": 0.43,"Total Cost": 4.58,"Plan Rows": 6,"Plan Width": 4,"Actual Startup Time": 0.009,"Actual Total Time": 0.009,"Actual Rows": 1,"Actual Loops": 57712,"Index Cond": "(l_orderkey = orders.o_orderkey)","Rows Removed by Index Recheck": 0,"Filter": "(l_commitdate < l_receiptdate)","Rows Removed by Filter": 1,"Workers": []}]}]}]}]}]},"Planning Time": 4.424,"Triggers": [],"Execution Time": 236.000}]
[{"Plan": {"Node Type": "Aggregate","Strategy": "Sorted","Partial Mode": "Finalize","Parallel Aware": false,"Async Capable": false,"Startup Cost": 51011.39,"Total Cost": 51044.78,"Plan Rows": 5,"Plan Width": 24,"Actual Startup Time": 210.461,"Actual Total Time": 234.044,"Actual Rows": 5,"Actual Loops": 1,"Group Key": ["orders.o_orderpriority"],"Plans": [{"Node Type": "Gather Merge","Parent Relationship": "Outer","Parallel Aware": false,"Async Capable": false,"Startup Cost": 51011.39,"Total Cost": 51044.65,"Plan Rows": 15,"Plan Width": 24,"Actual Startup Time": 210.096,"Actual Total Time": 234.015,"Actual Rows": 20,"Actual Loops": 1,"Workers Planned": 3,"Workers Launched": 3,"Plans": [{"Node Type": "Aggregate","Strategy": "Sorted","Partial Mode": "Partial","Parent Relationship": "Outer","Parallel Aware": false,"Async Capable": false,"Startup Cost": 50011.35,"Total Cost": 50042.85,"Plan Rows": 5,"Plan Width": 24,"Actual Startup Time": 201.605,"Actual Total Time": 202.848,"Actual Rows": 5,"Actual Loops": 4,"Group Key": ["orders.o_orderpriority"],"Workers": [],"Plans": [{"Node Type": "Sort","Parent Relationship": "Outer","Parallel Aware": false,"Async Capable": false,"Startup Cost": 50011.35,"Total Cost": 50021.83,"Plan Rows": 4193,"Plan Width": 16,"Actual Startup Time": 201.266,"Actual Total Time": 201.779,"Actual Rows": 13126,"Actual Loops": 4,"Sort Key": ["orders.o_orderpriority"],"Sort Method": "quicksort","Sort Space Used": 1111,"Sort Space Type": "Memory","Workers": [{"Worker Number": 0,"Sort Method": "quicksort","Sort Space Used": 1101,"Sort Space Type": "Memory"},{"Worker Number": 1,"Sort Method": "quicksort","Sort Space Used": 1104,"Sort Space Type": "Memory"},{"Worker Number": 2,"Sort Method": "quicksort","Sort Space Used": 1095,"Sort Space Type": "Memory"}],"Plans": [{"Node Type": "Nested Loop","Parent Relationship": "Outer","Parallel Aware": false,"Async Capable": false,"Join Type": "Semi","Startup Cost": 757.77,"Total Cost": 49759.06,"Plan Rows": 4193,"Plan Width": 16,"Actual Startup Time": 5.095,"Actual Total Time": 194.943,"Actual Rows": 13126,"Actual Loops": 4,"Inner Unique": false,"Workers": [],"Plans": [{"Node Type": "Bitmap Heap Scan","Parent Relationship": "Outer","Parallel Aware": true,"Async Capable": false,"Relation Name": "orders","Alias": "orders","Startup Cost": 757.34,"Total Cost": 27117.13,"Plan Rows": 17653,"Plan Width": 20,"Actual Startup Time": 4.968,"Actual Total Time": 58.949,"Actual Rows": 14316,"Actual Loops": 4,"Recheck Cond": "((o_orderdate >= '1997-08-01'::date) AND (o_orderdate < '1997-11-01 00:00:00'::timestamp without time zone))","Rows Removed by Index Recheck": 0,"Exact Heap Blocks": 5880,"Lossy Heap Blocks": 0,"Workers": [],"Plans": [{"Node Type": "Bitmap Index Scan","Parent Relationship": "Outer","Parallel Aware": false,"Async Capable": false,"Index Name": "idx_orders_orderdate","Startup Cost": 0.00,"Total Cost": 743.66,"Plan Rows": 54723,"Plan Width": 0,"Actual Startup Time": 8.219,"Actual Total Time": 8.222,"Actual Rows": 57265,"Actual Loops": 1,"Index Cond": "((o_orderdate >= '1997-08-01'::date) AND (o_orderdate < '1997-11-01 00:00:00'::timestamp without time zone))","Workers": []}]},{"Node Type": "Index Scan","Parent Relationship": "Inner","Parallel Aware": false,"Async Capable": false,"Scan Direction": "Forward","Index Name": "idx_lineitem_orderkey","Relation Name": "lineitem","Alias": "lineitem","Startup Cost": 0.43,"Total Cost": 4.69,"Plan Rows": 6,"Plan Width": 4,"Actual Startup Time": 0.009,"Actual Total Time": 0.009,"Actual Rows": 1,"Actual Loops": 57265,"Index Cond": "(l_orderkey = orders.o_orderkey)","Rows Removed by Index Recheck": 0,"Filter": "(l_commitdate < l_receiptdate)","Rows Removed by Filter": 1,"Workers": []}]}]}]}]}]},"Planning Time": 5.789,"Triggers": [],"Execution Time": 234.434}]
[{"Plan": {"Node Type": "Aggregate","Strategy": "Sorted","Partial Mode": "Finalize","Parallel Aware": false,"Async Capable": false,"Startup Cost": 51000.15,"Total Cost": 51033.51,"Plan Rows": 5,"Plan Width": 24,"Actual Startup Time": 209.454,"Actual Total Time": 233.083,"Actual Rows": 5,"Actual Loops": 1,"Group Key": ["orders.o_orderpriority"],"Plans": [{"Node Type": "Gather Merge","Parent Relationship": "Outer","Parallel Aware": false,"Async Capable": false,"Startup Cost": 51000.15,"Total Cost": 51033.39,"Plan Rows": 15,"Plan Width": 24,"Actual Startup Time": 209.023,"Actual Total Time": 233.061,"Actual Rows": 20,"Actual Loops": 1,"Workers Planned": 3,"Workers Launched": 3,"Plans": [{"Node Type": "Aggregate","Strategy": "Sorted","Partial Mode": "Partial","Parent Relationship": "Outer","Parallel Aware": false,"Async Capable": false,"Startup Cost": 50000.11,"Total Cost": 50031.58,"Plan Rows": 5,"Plan Width": 24,"Actual Startup Time": 200.427,"Actual Total Time": 201.671,"Actual Rows": 5,"Actual Loops": 4,"Group Key": ["orders.o_orderpriority"],"Workers": [],"Plans": [{"Node Type": "Sort","Parent Relationship": "Outer","Parallel Aware": false,"Async Capable": false,"Startup Cost": 50000.11,"Total Cost": 50010.58,"Plan Rows": 4190,"Plan Width": 16,"Actual Startup Time": 200.064,"Actual Total Time": 200.592,"Actual Rows": 13087,"Actual Loops": 4,"Sort Key": ["orders.o_orderpriority"],"Sort Method": "quicksort","Sort Space Used": 1111,"Sort Space Type": "Memory","Workers": [{"Worker Number": 0,"Sort Method": "quicksort","Sort Space Used": 1092,"Sort Space Type": "Memory"},{"Worker Number": 1,"Sort Method": "quicksort","Sort Space Used": 1104,"Sort Space Type": "Memory"},{"Worker Number": 2,"Sort Method": "quicksort","Sort Space Used": 1093,"Sort Space Type": "Memory"}],"Plans": [{"Node Type": "Nested Loop","Parent Relationship": "Outer","Parallel Aware": false,"Async Capable": false,"Join Type": "Semi","Startup Cost": 757.46,"Total Cost": 49748.02,"Plan Rows": 4190,"Plan Width": 16,"Actual Startup Time": 4.791,"Actual Total Time": 193.653,"Actual Rows": 13087,"Actual Loops": 4,"Inner Unique": false,"Workers": [],"Plans": [{"Node Type": "Bitmap Heap Scan","Parent Relationship": "Outer","Parallel Aware": true,"Async Capable": false,"Relation Name": "orders","Alias": "orders","Startup Cost": 757.03,"Total Cost": 27116.67,"Plan Rows": 17643,"Plan Width": 20,"Actual Startup Time": 4.686,"Actual Total Time": 58.677,"Actual Rows": 14273,"Actual Loops": 4,"Recheck Cond": "((o_orderdate >= '1993-05-01'::date) AND (o_orderdate < '1993-08-01 00:00:00'::timestamp without time zone))","Rows Removed by Index Recheck": 0,"Exact Heap Blocks": 5931,"Lossy Heap Blocks": 0,"Workers": [],"Plans": [{"Node Type": "Bitmap Index Scan","Parent Relationship": "Outer","Parallel Aware": false,"Async Capable": false,"Index Name": "idx_orders_orderdate","Startup Cost": 0.00,"Total Cost": 743.36,"Plan Rows": 54693,"Plan Width": 0,"Actual Startup Time": 8.053,"Actual Total Time": 8.053,"Actual Rows": 57093,"Actual Loops": 1,"Index Cond": "((o_orderdate >= '1993-05-01'::date) AND (o_orderdate < '1993-08-01 00:00:00'::timestamp without time zone))","Workers": []}]},{"Node Type": "Index Scan","Parent Relationship": "Inner","Parallel Aware": false,"Async Capable": false,"Scan Direction": "Forward","Index Name": "idx_lineitem_orderkey","Relation Name": "lineitem","Alias": "lineitem","Startup Cost": 0.43,"Total Cost": 4.69,"Plan Rows": 6,"Plan Width": 4,"Actual Startup Time": 0.009,"Actual Total Time": 0.009,"Actual Rows": 1,"Actual Loops": 57093,"Index Cond": "(l_orderkey = orders.o_orderkey)","Rows Removed by Index Recheck": 0,"Filter": "(l_commitdate < l_receiptdate)","Rows Removed by Filter": 1,"Workers": []}]}]}]}]}]},"Planning Time": 5.279,"Triggers": [],"Execution Time": 233.490}]
[{"Plan": {"Node Type": "Aggregate","Strategy": "Sorted","Partial Mode": "Finalize","Parallel Aware": false,"Async Capable": false,"Startup Cost": 51940.16,"Total Cost": 51975.07,"Plan Rows": 5,"Plan Width": 24,"Actual Startup Time": 211.359,"Actual Total Time": 235.485,"Actual Rows": 5,"Actual Loops": 1,"Group Key": ["orders.o_orderpriority"],"Plans": [{"Node Type": "Gather Merge","Parent Relationship": "Outer","Parallel Aware": false,"Async Capable": false,"Startup Cost": 51940.16,"Total Cost": 51974.94,"Plan Rows": 15,"Plan Width": 24,"Actual Startup Time": 210.977,"Actual Total Time": 235.464,"Actual Rows": 20,"Actual Loops": 1,"Workers Planned": 3,"Workers Launched": 3,"Plans": [{"Node Type": "Aggregate","Strategy": "Sorted","Partial Mode": "Partial","Parent Relationship": "Outer","Parallel Aware": false,"Async Capable": false,"Startup Cost": 50940.12,"Total Cost": 50973.14,"Plan Rows": 5,"Plan Width": 24,"Actual Startup Time": 202.425,"Actual Total Time": 203.673,"Actual Rows": 5,"Actual Loops": 4,"Group Key": ["orders.o_orderpriority"],"Workers": [],"Plans": [{"Node Type": "Sort","Parent Relationship": "Outer","Parallel Aware": false,"Async Capable": false,"Startup Cost": 50940.12,"Total Cost": 50951.11,"Plan Rows": 4396,"Plan Width": 16,"Actual Startup Time": 202.075,"Actual Total Time": 202.609,"Actual Rows": 13093,"Actual Loops": 4,"Sort Key": ["orders.o_orderpriority"],"Sort Method": "quicksort","Sort Space Used": 1113,"Sort Space Type": "Memory","Workers": [{"Worker Number": 0,"Sort Method": "quicksort","Sort Space Used": 1095,"Sort Space Type": "Memory"},{"Worker Number": 1,"Sort Method": "quicksort","Sort Space Used": 1096,"Sort Space Type": "Memory"},{"Worker Number": 2,"Sort Method": "quicksort","Sort Space Used": 1098,"Sort Space Type": "Memory"}],"Plans": [{"Node Type": "Nested Loop","Parent Relationship": "Outer","Parallel Aware": false,"Async Capable": false,"Join Type": "Semi","Startup Cost": 792.95,"Total Cost": 50674.12,"Plan Rows": 4396,"Plan Width": 16,"Actual Startup Time": 5.002,"Actual Total Time": 195.802,"Actual Rows": 13093,"Actual Loops": 4,"Inner Unique": false,"Workers": [],"Plans": [{"Node Type": "Bitmap Heap Scan","Parent Relationship": "Outer","Parallel Aware": true,"Async Capable": false,"Relation Name": "orders","Alias": "orders","Startup Cost": 792.52,"Total Cost": 27165.14,"Plan Rows": 18508,"Plan Width": 20,"Actual Startup Time": 4.882,"Actual Total Time": 58.015,"Actual Rows": 14267,"Actual Loops": 4,"Recheck Cond": "((o_orderdate >= '1993-10-01'::date) AND (o_orderdate < '1994-01-01 00:00:00'::timestamp without time zone))","Rows Removed by Index Recheck": 0,"Exact Heap Blocks": 5856,"Lossy Heap Blocks": 0,"Workers": [],"Plans": [{"Node Type": "Bitmap Index Scan","Parent Relationship": "Outer","Parallel Aware": false,"Async Capable": false,"Index Name": "idx_orders_orderdate","Startup Cost": 0.00,"Total Cost": 778.18,"Plan Rows": 57375,"Plan Width": 0,"Actual Startup Time": 8.440,"Actual Total Time": 8.441,"Actual Rows": 57069,"Actual Loops": 1,"Index Cond": "((o_orderdate >= '1993-10-01'::date) AND (o_orderdate < '1994-01-01 00:00:00'::timestamp without time zone))","Workers": []}]},{"Node Type": "Index Scan","Parent Relationship": "Inner","Parallel Aware": false,"Async Capable": false,"Scan Direction": "Forward","Index Name": "idx_lineitem_orderkey","Relation Name": "lineitem","Alias": "lineitem","Startup Cost": 0.43,"Total Cost": 4.62,"Plan Rows": 6,"Plan Width": 4,"Actual Startup Time": 0.009,"Actual Total Time": 0.009,"Actual Rows": 1,"Actual Loops": 57069,"Index Cond": "(l_orderkey = orders.o_orderkey)","Rows Removed by Index Recheck": 0,"Filter": "(l_commitdate < l_receiptdate)","Rows Removed by Filter": 1,"Workers": []}]}]}]}]}]},"Planning Time": 4.961,"Triggers": [],"Execution Time": 235.930}]
[{"Plan": {"Node Type": "Aggregate","Strategy": "Sorted","Partial Mode": "Finalize","Parallel Aware": false,"Async Capable": false,"Startup Cost": 52505.50,"Total Cost": 52541.34,"Plan Rows": 5,"Plan Width": 24,"Actual Startup Time": 212.649,"Actual Total Time": 236.332,"Actual Rows": 5,"Actual Loops": 1,"Group Key": ["orders.o_orderpriority"],"Plans": [{"Node Type": "Gather Merge","Parent Relationship": "Outer","Parallel Aware": false,"Async Capable": false,"Startup Cost": 52505.50,"Total Cost": 52541.21,"Plan Rows": 15,"Plan Width": 24,"Actual Startup Time": 212.241,"Actual Total Time": 236.296,"Actual Rows": 20,"Actual Loops": 1,"Workers Planned": 3,"Workers Launched": 3,"Plans": [{"Node Type": "Aggregate","Strategy": "Sorted","Partial Mode": "Partial","Parent Relationship": "Outer","Parallel Aware": false,"Async Capable": false,"Startup Cost": 51505.46,"Total Cost": 51539.41,"Plan Rows": 5,"Plan Width": 24,"Actual Startup Time": 203.017,"Actual Total Time": 204.284,"Actual Rows": 5,"Actual Loops": 4,"Group Key": ["orders.o_orderpriority"],"Workers": [],"Plans": [{"Node Type": "Sort","Parent Relationship": "Outer","Parallel Aware": false,"Async Capable": false,"Startup Cost": 51505.46,"Total Cost": 51516.76,"Plan Rows": 4520,"Plan Width": 16,"Actual Startup Time": 202.651,"Actual Total Time": 203.197,"Actual Rows": 13152,"Actual Loops": 4,"Sort Key": ["orders.o_orderpriority"],"Sort Method": "quicksort","Sort Space Used": 1103,"Sort Space Type": "Memory","Workers": [{"Worker Number": 0,"Sort Method": "quicksort","Sort Space Used": 1110,"Sort Space Type": "Memory"},{"Worker Number": 1,"Sort Method": "quicksort","Sort Space Used": 1119,"Sort Space Type": "Memory"},{"Worker Number": 2,"Sort Method": "quicksort","Sort Space Used": 1083,"Sort Space Type": "Memory"}],"Plans": [{"Node Type": "Nested Loop","Parent Relationship": "Outer","Parallel Aware": false,"Async Capable": false,"Join Type": "Semi","Startup Cost": 817.51,"Total Cost": 51231.05,"Plan Rows": 4520,"Plan Width": 16,"Actual Startup Time": 4.809,"Actual Total Time": 196.117,"Actual Rows": 13152,"Actual Loops": 4,"Inner Unique": false,"Workers": [],"Plans": [{"Node Type": "Bitmap Heap Scan","Parent Relationship": "Outer","Parallel Aware": true,"Async Capable": false,"Relation Name": "orders","Alias": "orders","Startup Cost": 817.07,"Total Cost": 27197.51,"Plan Rows": 19029,"Plan Width": 20,"Actual Startup Time": 4.654,"Actual Total Time": 58.284,"Actual Rows": 14334,"Actual Loops": 4,"Recheck Cond": "((o_orderdate >= '1997-04-01'::date) AND (o_orderdate < '1997-07-01 00:00:00'::timestamp without time zone))","Rows Removed by Index Recheck": 0,"Exact Heap Blocks": 5837,"Lossy Heap Blocks": 0,"Workers": [],"Plans": [{"Node Type": "Bitmap Index Scan","Parent Relationship": "Outer","Parallel Aware": false,"Async Capable": false,"Index Name": "idx_orders_orderdate","Startup Cost": 0.00,"Total Cost": 802.33,"Plan Rows": 58990,"Plan Width": 0,"Actual Startup Time": 8.382,"Actual Total Time": 8.385,"Actual Rows": 57334,"Actual Loops": 1,"Index Cond": "((o_orderdate >= '1997-04-01'::date) AND (o_orderdate < '1997-07-01 00:00:00'::timestamp without time zone))","Workers": []}]},{"Node Type": "Index Scan","Parent Relationship": "Inner","Parallel Aware": false,"Async Capable": false,"Scan Direction": "Forward","Index Name": "idx_lineitem_orderkey","Relation Name": "lineitem","Alias": "lineitem","Startup Cost": 0.43,"Total Cost": 4.59,"Plan Rows": 6,"Plan Width": 4,"Actual Startup Time": 0.009,"Actual Total Time": 0.009,"Actual Rows": 1,"Actual Loops": 57334,"Index Cond": "(l_orderkey = orders.o_orderkey)","Rows Removed by Index Recheck": 0,"Filter": "(l_commitdate < l_receiptdate)","Rows Removed by Filter": 1,"Workers": []}]}]}]}]}]},"Planning Time": 4.807,"Triggers": [],"Execution Time": 236.832}]
[{"Plan": {"Node Type": "Aggregate","Strategy": "Sorted","Partial Mode": "Finalize","Parallel Aware": false,"Async Capable": false,"Startup Cost": 51461.99,"Total Cost": 51496.11,"Plan Rows": 5,"Plan Width": 24,"Actual Startup Time": 213.186,"Actual Total Time": 237.729,"Actual Rows": 5,"Actual Loops": 1,"Group Key": ["orders.o_orderpriority"],"Plans": [{"Node Type": "Gather Merge","Parent Relationship": "Outer","Parallel Aware": false,"Async Capable": false,"Startup Cost": 51461.99,"Total Cost": 51495.99,"Plan Rows": 15,"Plan Width": 24,"Actual Startup Time": 212.815,"Actual Total Time": 237.699,"Actual Rows": 20,"Actual Loops": 1,"Workers Planned": 3,"Workers Launched": 3,"Plans": [{"Node Type": "Aggregate","Strategy": "Sorted","Partial Mode": "Partial","Parent Relationship": "Outer","Parallel Aware": false,"Async Capable": false,"Startup Cost": 50461.95,"Total Cost": 50494.18,"Plan Rows": 5,"Plan Width": 24,"Actual Startup Time": 204.295,"Actual Total Time": 205.529,"Actual Rows": 5,"Actual Loops": 4,"Group Key": ["orders.o_orderpriority"],"Workers": [],"Plans": [{"Node Type": "Sort","Parent Relationship": "Outer","Parallel Aware": false,"Async Capable": false,"Startup Cost": 50461.95,"Total Cost": 50472.68,"Plan Rows": 4291,"Plan Width": 16,"Actual Startup Time": 203.958,"Actual Total Time": 204.459,"Actual Rows": 13076,"Actual Loops": 4,"Sort Key": ["orders.o_orderpriority"],"Sort Method": "quicksort","Sort Space Used": 1093,"Sort Space Type": "Memory","Workers": [{"Worker Number": 0,"Sort Method": "quicksort","Sort Space Used": 1098,"Sort Space Type": "Memory"},{"Worker Number": 1,"Sort Method": "quicksort","Sort Space Used": 1094,"Sort Space Type": "Memory"},{"Worker Number": 2,"Sort Method": "quicksort","Sort Space Used": 1113,"Sort Space Type": "Memory"}],"Plans": [{"Node Type": "Nested Loop","Parent Relationship": "Outer","Parallel Aware": false,"Async Capable": false,"Join Type": "Semi","Startup Cost": 774.93,"Total Cost": 50203.05,"Plan Rows": 4291,"Plan Width": 16,"Actual Startup Time": 5.106,"Actual Total Time": 197.473,"Actual Rows": 13076,"Actual Loops": 4,"Inner Unique": false,"Workers": [],"Plans": [{"Node Type": "Bitmap Heap Scan","Parent Relationship": "Outer","Parallel Aware": true,"Async Capable": false,"Relation Name": "orders","Alias": "orders","Startup Cost": 774.50,"Total Cost": 27140.50,"Plan Rows": 18067,"Plan Width": 20,"Actual Startup Time": 4.994,"Actual Total Time": 59.359,"Actual Rows": 14279,"Actual Loops": 4,"Recheck Cond": "((o_orderdate >= '1995-04-01'::date) AND (o_orderdate < '1995-07-01 00:00:00'::timestamp without time zone))","Rows Removed by Index Recheck": 0,"Exact Heap Blocks": 5795,"Lossy Heap Blocks": 0,"Workers": [],"Plans": [{"Node Type": "Bitmap Index Scan","Parent Relationship": "Outer","Parallel Aware": false,"Async Capable": false,"Index Name": "idx_orders_orderdate","Startup Cost": 0.00,"Total Cost": 760.50,"Plan Rows": 56007,"Plan Width": 0,"Actual Startup Time": 8.367,"Actual Total Time": 8.369,"Actual Rows": 57117,"Actual Loops": 1,"Index Cond": "((o_orderdate >= '1995-04-01'::date) AND (o_orderdate < '1995-07-01 00:00:00'::timestamp without time zone))","Workers": []}]},{"Node Type": "Index Scan","Parent Relationship": "Inner","Parallel Aware": false,"Async Capable": false,"Scan Direction": "Forward","Index Name": "idx_lineitem_orderkey","Relation Name": "lineitem","Alias": "lineitem","Startup Cost": 0.43,"Total Cost": 4.65,"Plan Rows": 6,"Plan Width": 4,"Actual Startup Time": 0.009,"Actual Total Time": 0.009,"Actual Rows": 1,"Actual Loops": 57117,"Index Cond": "(l_orderkey = orders.o_orderkey)","Rows Removed by Index Recheck": 0,"Filter": "(l_commitdate < l_receiptdate)","Rows Removed by Filter": 1,"Workers": []}]}]}]}]}]},"Planning Time": 5.027,"Triggers": [],"Execution Time": 238.276}]
[{"Plan": {"Node Type": "Aggregate","Strategy": "Sorted","Partial Mode": "Finalize","Parallel Aware": false,"Async Capable": false,"Startup Cost": 52369.77,"Total Cost": 52405.38,"Plan Rows": 5,"Plan Width": 24,"Actual Startup Time": 215.492,"Actual Total Time": 239.622,"Actual Rows": 5,"Actual Loops": 1,"Group Key": ["orders.o_orderpriority"],"Plans": [{"Node Type": "Gather Merge","Parent Relationship": "Outer","Parallel Aware": false,"Async Capable": false,"Startup Cost": 52369.77,"Total Cost": 52405.25,"Plan Rows": 15,"Plan Width": 24,"Actual Startup Time": 215.087,"Actual Total Time": 239.593,"Actual Rows": 20,"Actual Loops": 1,"Workers Planned": 3,"Workers Launched": 3,"Plans": [{"Node Type": "Aggregate","Strategy": "Sorted","Partial Mode": "Partial","Parent Relationship": "Outer","Parallel Aware": false,"Async Capable": false,"Startup Cost": 51369.73,"Total Cost": 51403.45,"Plan Rows": 5,"Plan Width": 24,"Actual Startup Time": 206.356,"Actual Total Time": 207.630,"Actual Rows": 5,"Actual Loops": 4,"Group Key": ["orders.o_orderpriority"],"Workers": [],"Plans": [{"Node Type": "Sort","Parent Relationship": "Outer","Parallel Aware": false,"Async Capable": false,"Startup Cost": 51369.73,"Total Cost": 51380.95,"Plan Rows": 4490,"Plan Width": 16,"Actual Startup Time": 206.011,"Actual Total Time": 206.540,"Actual Rows": 13264,"Actual Loops": 4,"Sort Key": ["orders.o_orderpriority"],"Sort Method": "quicksort","Sort Space Used": 1130,"Sort Space Type": "Memory","Workers": [{"Worker Number": 0,"Sort Method": "quicksort","Sort Space Used": 1100,"Sort Space Type": "Memory"},{"Worker Number": 1,"Sort Method": "quicksort","Sort Space Used": 1108,"Sort Space Type": "Memory"},{"Worker Number": 2,"Sort Method": "quicksort","Sort Space Used": 1102,"Sort Space Type": "Memory"}],"Plans": [{"Node Type": "Nested Loop","Parent Relationship": "Outer","Parallel Aware": false,"Async Capable": false,"Join Type": "Semi","Startup Cost": 809.60,"Total Cost": 51097.35,"Plan Rows": 4490,"Plan Width": 16,"Actual Startup Time": 5.570,"Actual Total Time": 199.495,"Actual Rows": 13264,"Actual Loops": 4,"Inner Unique": false,"Workers": [],"Plans": [{"Node Type": "Bitmap Heap Scan","Parent Relationship": "Outer","Parallel Aware": true,"Async Capable": false,"Relation Name": "orders","Alias": "orders","Startup Cost": 809.17,"Total Cost": 27187.76,"Plan Rows": 18906,"Plan Width": 20,"Actual Startup Time": 5.437,"Actual Total Time": 60.429,"Actual Rows": 14458,"Actual Loops": 4,"Recheck Cond": "((o_orderdate >= '1996-06-01'::date) AND (o_orderdate < '1996-09-01 00:00:00'::timestamp without time zone))","Rows Removed by Index Recheck": 0,"Exact Heap Blocks": 5975,"Lossy Heap Blocks": 0,"Workers": [],"Plans": [{"Node Type": "Bitmap Index Scan","Parent Relationship": "Outer","Parallel Aware": false,"Async Capable": false,"Index Name": "idx_orders_orderdate","Startup Cost": 0.00,"Total Cost": 794.52,"Plan Rows": 58609,"Plan Width": 0,"Actual Startup Time": 8.889,"Actual Total Time": 8.890,"Actual Rows": 57832,"Actual Loops": 1,"Index Cond": "((o_orderdate >= '1996-06-01'::date) AND (o_orderdate < '1996-09-01 00:00:00'::timestamp without time zone))","Workers": []}]},{"Node Type": "Index Scan","Parent Relationship": "Inner","Parallel Aware": false,"Async Capable": false,"Scan Direction": "Forward","Index Name": "idx_lineitem_orderkey","Relation Name": "lineitem","Alias": "lineitem","Startup Cost": 0.43,"Total Cost": 4.59,"Plan Rows": 6,"Plan Width": 4,"Actual Startup Time": 0.009,"Actual Total Time": 0.009,"Actual Rows": 1,"Actual Loops": 57832,"Index Cond": "(l_orderkey = orders.o_orderkey)","Rows Removed by Index Recheck": 0,"Filter": "(l_commitdate < l_receiptdate)","Rows Removed by Filter": 1,"Workers": []}]}]}]}]}]},"Planning Time": 4.853,"Triggers": [],"Execution Time": 240.068}]
[{"Plan": {"Node Type": "Aggregate","Strategy": "Sorted","Partial Mode": "Finalize","Parallel Aware": false,"Async Capable": false,"Startup Cost": 51806.85,"Total Cost": 51841.53,"Plan Rows": 5,"Plan Width": 24,"Actual Startup Time": 211.634,"Actual Total Time": 235.430,"Actual Rows": 5,"Actual Loops": 1,"Group Key": ["orders.o_orderpriority"],"Plans": [{"Node Type": "Gather Merge","Parent Relationship": "Outer","Parallel Aware": false,"Async Capable": false,"Startup Cost": 51806.85,"Total Cost": 51841.41,"Plan Rows": 15,"Plan Width": 24,"Actual Startup Time": 211.199,"Actual Total Time": 235.391,"Actual Rows": 20,"Actual Loops": 1,"Workers Planned": 3,"Workers Launched": 3,"Plans": [{"Node Type": "Aggregate","Strategy": "Sorted","Partial Mode": "Partial","Parent Relationship": "Outer","Parallel Aware": false,"Async Capable": false,"Startup Cost": 50806.81,"Total Cost": 50839.60,"Plan Rows": 5,"Plan Width": 24,"Actual Startup Time": 202.395,"Actual Total Time": 203.672,"Actual Rows": 5,"Actual Loops": 4,"Group Key": ["orders.o_orderpriority"],"Workers": [],"Plans": [{"Node Type": "Sort","Parent Relationship": "Outer","Parallel Aware": false,"Async Capable": false,"Startup Cost": 50806.81,"Total Cost": 50817.72,"Plan Rows": 4366,"Plan Width": 16,"Actual Startup Time": 202.049,"Actual Total Time": 202.590,"Actual Rows": 13258,"Actual Loops": 4,"Sort Key": ["orders.o_orderpriority"],"Sort Method": "quicksort","Sort Space Used": 1114,"Sort Space Type": "Memory","Workers": [{"Worker Number": 0,"Sort Method": "quicksort","Sort Space Used": 1109,"Sort Space Type": "Memory"},{"Worker Number": 1,"Sort Method": "quicksort","Sort Space Used": 1115,"Sort Space Type": "Memory"},{"Worker Number": 2,"Sort Method": "quicksort","Sort Space Used": 1101,"Sort Space Type": "Memory"}],"Plans": [{"Node Type": "Nested Loop","Parent Relationship": "Outer","Parallel Aware": false,"Async Capable": false,"Join Type": "Semi","Startup Cost": 789.02,"Total Cost": 50542.84,"Plan Rows": 4366,"Plan Width": 16,"Actual Startup Time": 5.557,"Actual Total Time": 195.523,"Actual Rows": 13258,"Actual Loops": 4,"Inner Unique": false,"Workers": [],"Plans": [{"Node Type": "Bitmap Heap Scan","Parent Relationship": "Outer","Parallel Aware": true,"Async Capable": false,"Relation Name": "orders","Alias": "orders","Startup Cost": 788.59,"Total Cost": 27159.35,"Plan Rows": 18384,"Plan Width": 20,"Actual Startup Time": 5.423,"Actual Total Time": 57.919,"Actual Rows": 14451,"Actual Loops": 4,"Recheck Cond": "((o_orderdate >= '1995-06-01'::date) AND (o_orderdate < '1995-09-01 00:00:00'::timestamp without time zone))","Rows Removed by Index Recheck": 0,"Exact Heap Blocks": 5887,"Lossy Heap Blocks": 0,"Workers": [],"Plans": [{"Node Type": "Bitmap Index Scan","Parent Relationship": "Outer","Parallel Aware": false,"Async Capable": false,"Index Name": "idx_orders_orderdate","Startup Cost": 0.00,"Total Cost": 774.34,"Plan Rows": 56991,"Plan Width": 0,"Actual Startup Time": 8.828,"Actual Total Time": 8.830,"Actual Rows": 57805,"Actual Loops": 1,"Index Cond": "((o_orderdate >= '1995-06-01'::date) AND (o_orderdate < '1995-09-01 00:00:00'::timestamp without time zone))","Workers": []}]},{"Node Type": "Index Scan","Parent Relationship": "Inner","Parallel Aware": false,"Async Capable": false,"Scan Direction": "Forward","Index Name": "idx_lineitem_orderkey","Relation Name": "lineitem","Alias": "lineitem","Startup Cost": 0.43,"Total Cost": 4.63,"Plan Rows": 6,"Plan Width": 4,"Actual Startup Time": 0.009,"Actual Total Time": 0.009,"Actual Rows": 1,"Actual Loops": 57805,"Index Cond": "(l_orderkey = orders.o_orderkey)","Rows Removed by Index Recheck": 0,"Filter": "(l_commitdate < l_receiptdate)","Rows Removed by Filter": 1,"Workers": []}]}]}]}]}]},"Planning Time": 5.875,"Triggers": [],"Execution Time": 235.870}]
[{"Plan": {"Node Type": "Aggregate","Strategy": "Sorted","Partial Mode": "Finalize","Parallel Aware": false,"Async Capable": false,"Startup Cost": 50907.22,"Total Cost": 50940.43,"Plan Rows": 5,"Plan Width": 24,"Actual Startup Time": 204.875,"Actual Total Time": 229.245,"Actual Rows": 5,"Actual Loops": 1,"Group Key": ["orders.o_orderpriority"],"Plans": [{"Node Type": "Gather Merge","Parent Relationship": "Outer","Parallel Aware": false,"Async Capable": false,"Startup Cost": 50907.22,"Total Cost": 50940.30,"Plan Rows": 15,"Plan Width": 24,"Actual Startup Time": 204.487,"Actual Total Time": 229.210,"Actual Rows": 20,"Actual Loops": 1,"Workers Planned": 3,"Workers Launched": 3,"Plans": [{"Node Type": "Aggregate","Strategy": "Sorted","Partial Mode": "Partial","Parent Relationship": "Outer","Parallel Aware": false,"Async Capable": false,"Startup Cost": 49907.18,"Total Cost": 49938.50,"Plan Rows": 5,"Plan Width": 24,"Actual Startup Time": 195.859,"Actual Total Time": 197.107,"Actual Rows": 5,"Actual Loops": 4,"Group Key": ["orders.o_orderpriority"],"Workers": [],"Plans": [{"Node Type": "Sort","Parent Relationship": "Outer","Parallel Aware": false,"Async Capable": false,"Startup Cost": 49907.18,"Total Cost": 49917.60,"Plan Rows": 4170,"Plan Width": 16,"Actual Startup Time": 195.538,"Actual Total Time": 196.036,"Actual Rows": 13129,"Actual Loops": 4,"Sort Key": ["orders.o_orderpriority"],"Sort Method": "quicksort","Sort Space Used": 1092,"Sort Space Type": "Memory","Workers": [{"Worker Number": 0,"Sort Method": "quicksort","Sort Space Used": 1119,"Sort Space Type": "Memory"},{"Worker Number": 1,"Sort Method": "quicksort","Sort Space Used": 1082,"Sort Space Type": "Memory"},{"Worker Number": 2,"Sort Method": "quicksort","Sort Space Used": 1116,"Sort Space Type": "Memory"}],"Plans": [{"Node Type": "Nested Loop","Parent Relationship": "Outer","Parallel Aware": false,"Async Capable": false,"Join Type": "Semi","Startup Cost": 754.75,"Total Cost": 49656.44,"Plan Rows": 4170,"Plan Width": 16,"Actual Startup Time": 4.769,"Actual Total Time": 189.357,"Actual Rows": 13129,"Actual Loops": 4,"Inner Unique": false,"Workers": [],"Plans": [{"Node Type": "Bitmap Heap Scan","Parent Relationship": "Outer","Parallel Aware": true,"Async Capable": false,"Relation Name": "orders","Alias": "orders","Startup Cost": 754.31,"Total Cost": 27112.68,"Plan Rows": 17557,"Plan Width": 20,"Actual Startup Time": 4.640,"Actual Total Time": 54.547,"Actual Rows": 14334,"Actual Loops": 4,"Recheck Cond": "((o_orderdate >= '1995-10-01'::date) AND (o_orderdate < '1996-01-01 00:00:00'::timestamp without time zone))","Rows Removed by Index Recheck": 0,"Exact Heap Blocks": 5726,"Lossy Heap Blocks": 0,"Workers": [],"Plans": [{"Node Type": "Bitmap Index Scan","Parent Relationship": "Outer","Parallel Aware": false,"Async Capable": false,"Index Name": "idx_orders_orderdate","Startup Cost": 0.00,"Total Cost": 740.71,"Plan Rows": 54428,"Plan Width": 0,"Actual Startup Time": 8.057,"Actual Total Time": 8.058,"Actual Rows": 57337,"Actual Loops": 1,"Index Cond": "((o_orderdate >= '1995-10-01'::date) AND (o_orderdate < '1996-01-01 00:00:00'::timestamp without time zone))","Workers": []}]},{"Node Type": "Index Scan","Parent Relationship": "Inner","Parallel Aware": false,"Async Capable": false,"Scan Direction": "Forward","Index Name": "idx_lineitem_orderkey","Relation Name": "lineitem","Alias": "lineitem","Startup Cost": 0.43,"Total Cost": 4.69,"Plan Rows": 6,"Plan Width": 4,"Actual Startup Time": 0.009,"Actual Total Time": 0.009,"Actual Rows": 1,"Actual Loops": 57337,"Index Cond": "(l_orderkey = orders.o_orderkey)","Rows Removed by Index Recheck": 0,"Filter": "(l_commitdate < l_receiptdate)","Rows Removed by Filter": 1,"Workers": []}]}]}]}]}]},"Planning Time": 4.806,"Triggers": [],"Execution Time": 229.951}]
[{"Plan": {"Node Type": "Aggregate","Strategy": "Sorted","Partial Mode": "Finalize","Parallel Aware": false,"Async Capable": false,"Startup Cost": 51603.08,"Total Cost": 51637.43,"Plan Rows": 5,"Plan Width": 24,"Actual Startup Time": 206.486,"Actual Total Time": 231.871,"Actual Rows": 5,"Actual Loops": 1,"Group Key": ["orders.o_orderpriority"],"Plans": [{"Node Type": "Gather Merge","Parent Relationship": "Outer","Parallel Aware": false,"Async Capable": false,"Startup Cost": 51603.08,"Total Cost": 51637.31,"Plan Rows": 15,"Plan Width": 24,"Actual Startup Time": 206.081,"Actual Total Time": 231.843,"Actual Rows": 20,"Actual Loops": 1,"Workers Planned": 3,"Workers Launched": 3,"Plans": [{"Node Type": "Aggregate","Strategy": "Sorted","Partial Mode": "Partial","Parent Relationship": "Outer","Parallel Aware": false,"Async Capable": false,"Startup Cost": 50603.04,"Total Cost": 50635.51,"Plan Rows": 5,"Plan Width": 24,"Actual Startup Time": 197.360,"Actual Total Time": 198.642,"Actual Rows": 5,"Actual Loops": 4,"Group Key": ["orders.o_orderpriority"],"Workers": [],"Plans": [{"Node Type": "Sort","Parent Relationship": "Outer","Parallel Aware": false,"Async Capable": false,"Startup Cost": 50603.04,"Total Cost": 50613.85,"Plan Rows": 4322,"Plan Width": 16,"Actual Startup Time": 197.017,"Actual Total Time": 197.567,"Actual Rows": 13131,"Actual Loops": 4,"Sort Key": ["orders.o_orderpriority"],"Sort Method": "quicksort","Sort Space Used": 1089,"Sort Space Type": "Memory","Workers": [{"Worker Number": 0,"Sort Method": "quicksort","Sort Space Used": 1120,"Sort Space Type": "Memory"},{"Worker Number": 1,"Sort Method": "quicksort","Sort Space Used": 1083,"Sort Space Type": "Memory"},{"Worker Number": 2,"Sort Method": "quicksort","Sort Space Used": 1118,"Sort Space Type": "Memory"}],"Plans": [{"Node Type": "Nested Loop","Parent Relationship": "Outer","Parallel Aware": false,"Async Capable": false,"Join Type": "Semi","Startup Cost": 779.09,"Total Cost": 50342.05,"Plan Rows": 4322,"Plan Width": 16,"Actual Startup Time": 4.937,"Actual Total Time": 190.619,"Actual Rows": 13131,"Actual Loops": 4,"Inner Unique": false,"Workers": [],"Plans": [{"Node Type": "Bitmap Heap Scan","Parent Relationship": "Outer","Parallel Aware": true,"Async Capable": false,"Relation Name": "orders","Alias": "orders","Startup Cost": 778.66,"Total Cost": 27146.63,"Plan Rows": 18198,"Plan Width": 20,"Actual Startup Time": 4.811,"Actual Total Time": 55.616,"Actual Rows": 14304,"Actual Loops": 4,"Recheck Cond": "((o_orderdate >= '1993-07-01'::date) AND (o_orderdate < '1993-10-01 00:00:00'::timestamp without time zone))","Rows Removed by Index Recheck": 0,"Exact Heap Blocks": 5709,"Lossy Heap Blocks": 0,"Workers": [],"Plans": [{"Node Type": "Bitmap Index Scan","Parent Relationship": "Outer","Parallel Aware": false,"Async Capable": false,"Index Name": "idx_orders_orderdate","Startup Cost": 0.00,"Total Cost": 764.56,"Plan Rows": 56413,"Plan Width": 0,"Actual Startup Time": 8.166,"Actual Total Time": 8.170,"Actual Rows": 57218,"Actual Loops": 1,"Index Cond": "((o_orderdate >= '1993-07-01'::date) AND (o_orderdate < '1993-10-01 00:00:00'::timestamp without time zone))","Workers": []}]},{"Node Type": "Index Scan","Parent Relationship": "Inner","Parallel Aware": false,"Async Capable": false,"Scan Direction": "Forward","Index Name": "idx_lineitem_orderkey","Relation Name": "lineitem","Alias": "lineitem","Startup Cost": 0.43,"Total Cost": 4.64,"Plan Rows": 6,"Plan Width": 4,"Actual Startup Time": 0.009,"Actual Total Time": 0.009,"Actual Rows": 1,"Actual Loops": 57218,"Index Cond": "(l_orderkey = orders.o_orderkey)","Rows Removed by Index Recheck": 0,"Filter": "(l_commitdate < l_receiptdate)","Rows Removed by Filter": 1,"Workers": []}]}]}]}]}]},"Planning Time": 4.369,"Triggers": [],"Execution Time": 232.584}]
[{"Plan": {"Node Type": "Aggregate","Strategy": "Sorted","Partial Mode": "Finalize","Parallel Aware": false,"Async Capable": false,"Startup Cost": 51011.39,"Total Cost": 51044.78,"Plan Rows": 5,"Plan Width": 24,"Actual Startup Time": 210.461,"Actual Total Time": 234.044,"Actual Rows": 5,"Actual Loops": 1,"Group Key": ["orders.o_orderpriority"],"Plans": [{"Node Type": "Gather Merge","Parent Relationship": "Outer","Parallel Aware": false,"Async Capable": false,"Startup Cost": 51011.39,"Total Cost": 51044.65,"Plan Rows": 15,"Plan Width": 24,"Actual Startup Time": 210.096,"Actual Total Time": 234.015,"Actual Rows": 20,"Actual Loops": 1,"Workers Planned": 3,"Workers Launched": 3,"Plans": [{"Node Type": "Aggregate","Strategy": "Sorted","Partial Mode": "Partial","Parent Relationship": "Outer","Parallel Aware": false,"Async Capable": false,"Startup Cost": 50011.35,"Total Cost": 50042.85,"Plan Rows": 5,"Plan Width": 24,"Actual Startup Time": 201.605,"Actual Total Time": 202.848,"Actual Rows": 5,"Actual Loops": 4,"Group Key": ["orders.o_orderpriority"],"Workers": [],"Plans": [{"Node Type": "Sort","Parent Relationship": "Outer","Parallel Aware": false,"Async Capable": false,"Startup Cost": 50011.35,"Total Cost": 50021.83,"Plan Rows": 4193,"Plan Width": 16,"Actual Startup Time": 201.266,"Actual Total Time": 201.779,"Actual Rows": 13126,"Actual Loops": 4,"Sort Key": ["orders.o_orderpriority"],"Sort Method": "quicksort","Sort Space Used": 1111,"Sort Space Type": "Memory","Workers": [{"Worker Number": 0,"Sort Method": "quicksort","Sort Space Used": 1101,"Sort Space Type": "Memory"},{"Worker Number": 1,"Sort Method": "quicksort","Sort Space Used": 1104,"Sort Space Type": "Memory"},{"Worker Number": 2,"Sort Method": "quicksort","Sort Space Used": 1095,"Sort Space Type": "Memory"}],"Plans": [{"Node Type": "Nested Loop","Parent Relationship": "Outer","Parallel Aware": false,"Async Capable": false,"Join Type": "Semi","Startup Cost": 757.77,"Total Cost": 49759.06,"Plan Rows": 4193,"Plan Width": 16,"Actual Startup Time": 5.095,"Actual Total Time": 194.943,"Actual Rows": 13126,"Actual Loops": 4,"Inner Unique": false,"Workers": [],"Plans": [{"Node Type": "Bitmap Heap Scan","Parent Relationship": "Outer","Parallel Aware": true,"Async Capable": false,"Relation Name": "orders","Alias": "orders","Startup Cost": 757.34,"Total Cost": 27117.13,"Plan Rows": 17653,"Plan Width": 20,"Actual Startup Time": 4.968,"Actual Total Time": 58.949,"Actual Rows": 14316,"Actual Loops": 4,"Recheck Cond": "((o_orderdate >= '1997-08-01'::date) AND (o_orderdate < '1997-11-01 00:00:00'::timestamp without time zone))","Rows Removed by Index Recheck": 0,"Exact Heap Blocks": 5880,"Lossy Heap Blocks": 0,"Workers": [],"Plans": [{"Node Type": "Bitmap Index Scan","Parent Relationship": "Outer","Parallel Aware": false,"Async Capable": false,"Index Name": "idx_orders_orderdate","Startup Cost": 0.00,"Total Cost": 743.66,"Plan Rows": 54723,"Plan Width": 0,"Actual Startup Time": 8.219,"Actual Total Time": 8.222,"Actual Rows": 57265,"Actual Loops": 1,"Index Cond": "((o_orderdate >= '1997-08-01'::date) AND (o_orderdate < '1997-11-01 00:00:00'::timestamp without time zone))","Workers": []}]},{"Node Type": "Index Scan","Parent Relationship": "Inner","Parallel Aware": false,"Async Capable": false,"Scan Direction": "Forward","Index Name": "idx_lineitem_orderkey","Relation Name": "lineitem","Alias": "lineitem","Startup Cost": 0.43,"Total Cost": 4.69,"Plan Rows": 6,"Plan Width": 4,"Actual Startup Time": 0.009,"Actual Total Time": 0.009,"Actual Rows": 1,"Actual Loops": 57265,"Index Cond": "(l_orderkey = orders.o_orderkey)","Rows Removed by Index Recheck": 0,"Filter": "(l_commitdate < l_receiptdate)","Rows Removed by Filter": 1,"Workers": []}]}]}]}]}]},"Planning Time": 5.789,"Triggers": [],"Execution Time": 234.434}]
[{"Plan": {"Node Type": "Aggregate","Strategy": "Sorted","Partial Mode": "Finalize","Parallel Aware": false,"Async Capable": false,"Startup Cost": 52110.38,"Total Cost": 52145.56,"Plan Rows": 5,"Plan Width": 24,"Actual Startup Time": 207.799,"Actual Total Time": 232.338,"Actual Rows": 5,"Actual Loops": 1,"Group Key": ["orders.o_orderpriority"],"Plans": [{"Node Type": "Gather Merge","Parent Relationship": "Outer","Parallel Aware": false,"Async Capable": false,"Startup Cost": 52110.38,"Total Cost": 52145.44,"Plan Rows": 15,"Plan Width": 24,"Actual Startup Time": 207.395,"Actual Total Time": 232.308,"Actual Rows": 20,"Actual Loops": 1,"Workers Planned": 3,"Workers Launched": 3,"Plans": [{"Node Type": "Aggregate","Strategy": "Sorted","Partial Mode": "Partial","Parent Relationship": "Outer","Parallel Aware": false,"Async Capable": false,"Startup Cost": 51110.34,"Total Cost": 51143.64,"Plan Rows": 5,"Plan Width": 24,"Actual Startup Time": 198.996,"Actual Total Time": 200.262,"Actual Rows": 5,"Actual Loops": 4,"Group Key": ["orders.o_orderpriority"],"Workers": [],"Plans": [{"Node Type": "Sort","Parent Relationship": "Outer","Parallel Aware": false,"Async Capable": false,"Startup Cost": 51110.34,"Total Cost": 51121.42,"Plan Rows": 4433,"Plan Width": 16,"Actual Startup Time": 198.663,"Actual Total Time": 199.184,"Actual Rows": 13136,"Actual Loops": 4,"Sort Key": ["orders.o_orderpriority"],"Sort Method": "quicksort","Sort Space Used": 1098,"Sort Space Type": "Memory","Workers": [{"Worker Number": 0,"Sort Method": "quicksort","Sort Space Used": 1102,"Sort Space Type": "Memory"},{"Worker Number": 1,"Sort Method": "quicksort","Sort Space Used": 1095,"Sort Space Type": "Memory"},{"Worker Number": 2,"Sort Method": "quicksort","Sort Space Used": 1117,"Sort Space Type": "Memory"}],"Plans": [{"Node Type": "Nested Loop","Parent Relationship": "Outer","Parallel Aware": false,"Async Capable": false,"Join Type": "Semi","Startup Cost": 801.88,"Total Cost": 50841.83,"Plan Rows": 4433,"Plan Width": 16,"Actual Startup Time": 5.393,"Actual Total Time": 192.263,"Actual Rows": 13136,"Actual Loops": 4,"Inner Unique": false,"Workers": [],"Plans": [{"Node Type": "Bitmap Heap Scan","Parent Relationship": "Outer","Parallel Aware": true,"Async Capable": false,"Relation Name": "orders","Alias": "orders","Startup Cost": 801.45,"Total Cost": 27176.40,"Plan Rows": 18663,"Plan Width": 20,"Actual Startup Time": 5.231,"Actual Total Time": 56.374,"Actual Rows": 14326,"Actual Loops": 4,"Recheck Cond": "((o_orderdate >= '1997-10-01'::date) AND (o_orderdate < '1998-01-01 00:00:00'::timestamp without time zone))","Rows Removed by Index Recheck": 0,"Exact Heap Blocks": 5845,"Lossy Heap Blocks": 0,"Workers": [],"Plans": [{"Node Type": "Bitmap Index Scan","Parent Relationship": "Outer","Parallel Aware": false,"Async Capable": false,"Index Name": "idx_orders_orderdate","Startup Cost": 0.00,"Total Cost": 786.99,"Plan Rows": 57856,"Plan Width": 0,"Actual Startup Time": 8.327,"Actual Total Time": 8.329,"Actual Rows": 57306,"Actual Loops": 1,"Index Cond": "((o_orderdate >= '1997-10-01'::date) AND (o_orderdate < '1998-01-01 00:00:00'::timestamp without time zone))","Workers": []}]},{"Node Type": "Index Scan","Parent Relationship": "Inner","Parallel Aware": false,"Async Capable": false,"Scan Direction": "Forward","Index Name": "idx_lineitem_orderkey","Relation Name": "lineitem","Alias": "lineitem","Startup Cost": 0.43,"Total Cost": 4.61,"Plan Rows": 6,"Plan Width": 4,"Actual Startup Time": 0.009,"Actual Total Time": 0.009,"Actual Rows": 1,"Actual Loops": 57306,"Index Cond": "(l_orderkey = orders.o_orderkey)","Rows Removed by Index Recheck": 0,"Filter": "(l_commitdate < l_receiptdate)","Rows Removed by Filter": 1,"Workers": []}]}]}]}]}]},"Planning Time": 4.856,"Triggers": [],"Execution Time": 233.068}]
[{"Plan": {"Node Type": "Aggregate","Strategy": "Sorted","Partial Mode": "Finalize","Parallel Aware": false,"Async Capable": false,"Startup Cost": 51833.80,"Total Cost": 51868.53,"Plan Rows": 5,"Plan Width": 24,"Actual Startup Time": 216.193,"Actual Total Time": 238.969,"Actual Rows": 5,"Actual Loops": 1,"Group Key": ["orders.o_orderpriority"],"Plans": [{"Node Type": "Gather Merge","Parent Relationship": "Outer","Parallel Aware": false,"Async Capable": false,"Startup Cost": 51833.80,"Total Cost": 51868.41,"Plan Rows": 15,"Plan Width": 24,"Actual Startup Time": 215.785,"Actual Total Time": 238.947,"Actual Rows": 20,"Actual Loops": 1,"Workers Planned": 3,"Workers Launched": 3,"Plans": [{"Node Type": "Aggregate","Strategy": "Sorted","Partial Mode": "Partial","Parent Relationship": "Outer","Parallel Aware": false,"Async Capable": false,"Startup Cost": 50833.76,"Total Cost": 50866.60,"Plan Rows": 5,"Plan Width": 24,"Actual Startup Time": 207.585,"Actual Total Time": 208.848,"Actual Rows": 5,"Actual Loops": 4,"Group Key": ["orders.o_orderpriority"],"Workers": [],"Plans": [{"Node Type": "Sort","Parent Relationship": "Outer","Parallel Aware": false,"Async Capable": false,"Startup Cost": 50833.76,"Total Cost": 50844.69,"Plan Rows": 4372,"Plan Width": 16,"Actual Startup Time": 207.234,"Actual Total Time": 207.768,"Actual Rows": 13206,"Actual Loops": 4,"Sort Key": ["orders.o_orderpriority"],"Sort Method": "quicksort","Sort Space Used": 1141,"Sort Space Type": "Memory","Workers": [{"Worker Number": 0,"Sort Method": "quicksort","Sort Space Used": 1092,"Sort Space Type": "Memory"},{"Worker Number": 1,"Sort Method": "quicksort","Sort Space Used": 1066,"Sort Space Type": "Memory"},{"Worker Number": 2,"Sort Method": "quicksort","Sort Space Used": 1127,"Sort Space Type": "Memory"}],"Plans": [{"Node Type": "Nested Loop","Parent Relationship": "Outer","Parallel Aware": false,"Async Capable": false,"Join Type": "Semi","Startup Cost": 789.79,"Total Cost": 50569.39,"Plan Rows": 4372,"Plan Width": 16,"Actual Startup Time": 5.838,"Actual Total Time": 200.574,"Actual Rows": 13206,"Actual Loops": 4,"Inner Unique": false,"Workers": [],"Plans": [{"Node Type": "Bitmap Heap Scan","Parent Relationship": "Outer","Parallel Aware": true,"Async Capable": false,"Relation Name": "orders","Alias": "orders","Startup Cost": 789.35,"Total Cost": 27160.48,"Plan Rows": 18409,"Plan Width": 20,"Actual Startup Time": 5.710,"Actual Total Time": 58.739,"Actual Rows": 14419,"Actual Loops": 4,"Recheck Cond": "((o_orderdate >= '1995-07-01'::date) AND (o_orderdate < '1995-10-01 00:00:00'::timestamp without time zone))","Rows Removed by Index Recheck": 0,"Exact Heap Blocks": 6140,"Lossy Heap Blocks": 0,"Workers": [],"Plans": [{"Node Type": "Bitmap Index Scan","Parent Relationship": "Outer","Parallel Aware": false,"Async Capable": false,"Index Name": "idx_orders_orderdate","Startup Cost": 0.00,"Total Cost": 775.09,"Plan Rows": 57066,"Plan Width": 0,"Actual Startup Time": 8.705,"Actual Total Time": 8.706,"Actual Rows": 57677,"Actual Loops": 1,"Index Cond": "((o_orderdate >= '1995-07-01'::date) AND (o_orderdate < '1995-10-01 00:00:00'::timestamp without time zone))","Workers": []}]},{"Node Type": "Index Scan","Parent Relationship": "Inner","Parallel Aware": false,"Async Capable": false,"Scan Direction": "Forward","Index Name": "idx_lineitem_orderkey","Relation Name": "lineitem","Alias": "lineitem","Startup Cost": 0.43,"Total Cost": 4.63,"Plan Rows": 6,"Plan Width": 4,"Actual Startup Time": 0.010,"Actual Total Time": 0.010,"Actual Rows": 1,"Actual Loops": 57677,"Index Cond": "(l_orderkey = orders.o_orderkey)","Rows Removed by Index Recheck": 0,"Filter": "(l_commitdate < l_receiptdate)","Rows Removed by Filter": 1,"Workers": []}]}]}]}]}]},"Planning Time": 4.165,"Triggers": [],"Execution Time": 239.454}]
[{"Plan": {"Node Type": "Aggregate","Strategy": "Sorted","Partial Mode": "Finalize","Parallel Aware": false,"Async Capable": false,"Startup Cost": 52283.40,"Total Cost": 52318.87,"Plan Rows": 5,"Plan Width": 24,"Actual Startup Time": 207.856,"Actual Total Time": 232.061,"Actual Rows": 5,"Actual Loops": 1,"Group Key": ["orders.o_orderpriority"],"Plans": [{"Node Type": "Gather Merge","Parent Relationship": "Outer","Parallel Aware": false,"Async Capable": false,"Startup Cost": 52283.40,"Total Cost": 52318.75,"Plan Rows": 15,"Plan Width": 24,"Actual Startup Time": 207.460,"Actual Total Time": 232.033,"Actual Rows": 20,"Actual Loops": 1,"Workers Planned": 3,"Workers Launched": 3,"Plans": [{"Node Type": "Aggregate","Strategy": "Sorted","Partial Mode": "Partial","Parent Relationship": "Outer","Parallel Aware": false,"Async Capable": false,"Startup Cost": 51283.36,"Total Cost": 51316.95,"Plan Rows": 5,"Plan Width": 24,"Actual Startup Time": 198.383,"Actual Total Time": 199.637,"Actual Rows": 5,"Actual Loops": 4,"Group Key": ["orders.o_orderpriority"],"Workers": [],"Plans": [{"Node Type": "Sort","Parent Relationship": "Outer","Parallel Aware": false,"Async Capable": false,"Startup Cost": 51283.36,"Total Cost": 51294.54,"Plan Rows": 4471,"Plan Width": 16,"Actual Startup Time": 198.029,"Actual Total Time": 198.557,"Actual Rows": 12996,"Actual Loops": 4,"Sort Key": ["orders.o_orderpriority"],"Sort Method": "quicksort","Sort Space Used": 1092,"Sort Space Type": "Memory","Workers": [{"Worker Number": 0,"Sort Method": "quicksort","Sort Space Used": 1114,"Sort Space Type": "Memory"},{"Worker Number": 1,"Sort Method": "quicksort","Sort Space Used": 1076,"Sort Space Type": "Memory"},{"Worker Number": 2,"Sort Method": "quicksort","Sort Space Used": 1099,"Sort Space Type": "Memory"}],"Plans": [{"Node Type": "Nested Loop","Parent Relationship": "Outer","Parallel Aware": false,"Async Capable": false,"Join Type": "Semi","Startup Cost": 807.02,"Total Cost": 51012.28,"Plan Rows": 4471,"Plan Width": 16,"Actual Startup Time": 5.146,"Actual Total Time": 191.580,"Actual Rows": 12996,"Actual Loops": 4,"Inner Unique": false,"Workers": [],"Plans": [{"Node Type": "Bitmap Heap Scan","Parent Relationship": "Outer","Parallel Aware": true,"Async Capable": false,"Relation Name": "orders","Alias": "orders","Startup Cost": 806.59,"Total Cost": 27183.96,"Plan Rows": 18825,"Plan Width": 20,"Actual Startup Time": 5.016,"Actual Total Time": 56.818,"Actual Rows": 14161,"Actual Loops": 4,"Recheck Cond": "((o_orderdate >= '1994-04-01'::date) AND (o_orderdate < '1994-07-01 00:00:00'::timestamp without time zone))","Rows Removed by Index Recheck": 0,"Exact Heap Blocks": 5770,"Lossy Heap Blocks": 0,"Workers": [],"Plans": [{"Node Type": "Bitmap Index Scan","Parent Relationship": "Outer","Parallel Aware": false,"Async Capable": false,"Index Name": "idx_orders_orderdate","Startup Cost": 0.00,"Total Cost": 792.00,"Plan Rows": 58357,"Plan Width": 0,"Actual Startup Time": 8.503,"Actual Total Time": 8.503,"Actual Rows": 56645,"Actual Loops": 1,"Index Cond": "((o_orderdate >= '1994-04-01'::date) AND (o_orderdate < '1994-07-01 00:00:00'::timestamp without time zone))","Workers": []}]},{"Node Type": "Index Scan","Parent Relationship": "Inner","Parallel Aware": false,"Async Capable": false,"Scan Direction": "Forward","Index Name": "idx_lineitem_orderkey","Relation Name": "lineitem","Alias": "lineitem","Startup Cost": 0.43,"Total Cost": 4.60,"Plan Rows": 6,"Plan Width": 4,"Actual Startup Time": 0.009,"Actual Total Time": 0.009,"Actual Rows": 1,"Actual Loops": 56645,"Index Cond": "(l_orderkey = orders.o_orderkey)","Rows Removed by Index Recheck": 0,"Filter": "(l_commitdate < l_receiptdate)","Rows Removed by Filter": 1,"Workers": []}]}]}]}]}]},"Planning Time": 4.301,"Triggers": [],"Execution Time": 232.692}]
[{"Plan": {"Node Type": "Aggregate","Strategy": "Sorted","Partial Mode": "Finalize","Parallel Aware": false,"Async Capable": false,"Startup Cost": 51787.75,"Total Cost": 51822.40,"Plan Rows": 5,"Plan Width": 24,"Actual Startup Time": 202.957,"Actual Total Time": 226.845,"Actual Rows": 5,"Actual Loops": 1,"Group Key": ["orders.o_orderpriority"],"Plans": [{"Node Type": "Gather Merge","Parent Relationship": "Outer","Parallel Aware": false,"Async Capable": false,"Startup Cost": 51787.75,"Total Cost": 51822.28,"Plan Rows": 15,"Plan Width": 24,"Actual Startup Time": 202.604,"Actual Total Time": 226.817,"Actual Rows": 20,"Actual Loops": 1,"Workers Planned": 3,"Workers Launched": 3,"Plans": [{"Node Type": "Aggregate","Strategy": "Sorted","Partial Mode": "Partial","Parent Relationship": "Outer","Parallel Aware": false,"Async Capable": false,"Startup Cost": 50787.71,"Total Cost": 50820.48,"Plan Rows": 5,"Plan Width": 24,"Actual Startup Time": 194.007,"Actual Total Time": 195.210,"Actual Rows": 5,"Actual Loops": 4,"Group Key": ["orders.o_orderpriority"],"Workers": [],"Plans": [{"Node Type": "Sort","Parent Relationship": "Outer","Parallel Aware": false,"Async Capable": false,"Startup Cost": 50787.71,"Total Cost": 50798.62,"Plan Rows": 4362,"Plan Width": 16,"Actual Startup Time": 193.661,"Actual Total Time": 194.173,"Actual Rows": 12702,"Actual Loops": 4,"Sort Key": ["orders.o_orderpriority"],"Sort Method": "quicksort","Sort Space Used": 1078,"Sort Space Type": "Memory","Workers": [{"Worker Number": 0,"Sort Method": "quicksort","Sort Space Used": 1094,"Sort Space Type": "Memory"},{"Worker Number": 1,"Sort Method": "quicksort","Sort Space Used": 1054,"Sort Space Type": "Memory"},{"Worker Number": 2,"Sort Method": "quicksort","Sort Space Used": 1091,"Sort Space Type": "Memory"}],"Plans": [{"Node Type": "Nested Loop","Parent Relationship": "Outer","Parallel Aware": false,"Async Capable": false,"Join Type": "Semi","Startup Cost": 788.43,"Total Cost": 50524.01,"Plan Rows": 4362,"Plan Width": 16,"Actual Startup Time": 4.762,"Actual Total Time": 187.476,"Actual Rows": 12702,"Actual Loops": 4,"Inner Unique": false,"Workers": [],"Plans": [{"Node Type": "Bitmap Heap Scan","Parent Relationship": "Outer","Parallel Aware": true,"Async Capable": false,"Relation Name": "orders","Alias": "orders","Startup Cost": 788.00,"Total Cost": 27158.49,"Plan Rows": 18366,"Plan Width": 20,"Actual Startup Time": 4.614,"Actual Total Time": 54.707,"Actual Rows": 13866,"Actual Loops": 4,"Recheck Cond": "((o_orderdate >= '1994-02-01'::date) AND (o_orderdate < '1994-05-01 00:00:00'::timestamp without time zone))","Rows Removed by Index Recheck": 0,"Exact Heap Blocks": 5687,"Lossy Heap Blocks": 0,"Workers": [],"Plans": [{"Node Type": "Bitmap Index Scan","Parent Relationship": "Outer","Parallel Aware": false,"Async Capable": false,"Index Name": "idx_orders_orderdate","Startup Cost": 0.00,"Total Cost": 773.77,"Plan Rows": 56934,"Plan Width": 0,"Actual Startup Time": 8.022,"Actual Total Time": 8.027,"Actual Rows": 55462,"Actual Loops": 1,"Index Cond": "((o_orderdate >= '1994-02-01'::date) AND (o_orderdate < '1994-05-01 00:00:00'::timestamp without time zone))","Workers": []}]},{"Node Type": "Index Scan","Parent Relationship": "Inner","Parallel Aware": false,"Async Capable": false,"Scan Direction": "Forward","Index Name": "idx_lineitem_orderkey","Relation Name": "lineitem","Alias": "lineitem","Startup Cost": 0.43,"Total Cost": 4.63,"Plan Rows": 6,"Plan Width": 4,"Actual Startup Time": 0.009,"Actual Total Time": 0.009,"Actual Rows": 1,"Actual Loops": 55462,"Index Cond": "(l_orderkey = orders.o_orderkey)","Rows Removed by Index Recheck": 0,"Filter": "(l_commitdate < l_receiptdate)","Rows Removed by Filter": 1,"Workers": []}]}]}]}]}]},"Planning Time": 4.085,"Triggers": [],"Execution Time": 227.544}]
[{"Plan": {"Node Type": "Aggregate","Strategy": "Sorted","Partial Mode": "Finalize","Parallel Aware": false,"Async Capable": false,"Startup Cost": 51626.70,"Total Cost": 51661.08,"Plan Rows": 5,"Plan Width": 24,"Actual Startup Time": 210.062,"Actual Total Time": 234.290,"Actual Rows": 5,"Actual Loops": 1,"Group Key": ["orders.o_orderpriority"],"Plans": [{"Node Type": "Gather Merge","Parent Relationship": "Outer","Parallel Aware": false,"Async Capable": false,"Startup Cost": 51626.70,"Total Cost": 51660.96,"Plan Rows": 15,"Plan Width": 24,"Actual Startup Time": 209.701,"Actual Total Time": 234.253,"Actual Rows": 20,"Actual Loops": 1,"Workers Planned": 3,"Workers Launched": 3,"Plans": [{"Node Type": "Aggregate","Strategy": "Sorted","Partial Mode": "Partial","Parent Relationship": "Outer","Parallel Aware": false,"Async Capable": false,"Startup Cost": 50626.66,"Total Cost": 50659.15,"Plan Rows": 5,"Plan Width": 24,"Actual Startup Time": 198.769,"Actual Total Time": 200.147,"Actual Rows": 5,"Actual Loops": 4,"Group Key": ["orders.o_orderpriority"],"Workers": [],"Plans": [{"Node Type": "Sort","Parent Relationship": "Outer","Parallel Aware": false,"Async Capable": false,"Startup Cost": 50626.66,"Total Cost": 50637.47,"Plan Rows": 4326,"Plan Width": 16,"Actual Startup Time": 198.377,"Actual Total Time": 198.979,"Actual Rows": 13139,"Actual Loops": 4,"Sort Key": ["orders.o_orderpriority"],"Sort Method": "quicksort","Sort Space Used": 1065,"Sort Space Type": "Memory","Workers": [{"Worker Number": 0,"Sort Method": "quicksort","Sort Space Used": 1124,"Sort Space Type": "Memory"},{"Worker Number": 1,"Sort Method": "quicksort","Sort Space Used": 1112,"Sort Space Type": "Memory"},{"Worker Number": 2,"Sort Method": "quicksort","Sort Space Used": 1111,"Sort Space Type": "Memory"}],"Plans": [{"Node Type": "Nested Loop","Parent Relationship": "Outer","Parallel Aware": false,"Async Capable": false,"Join Type": "Semi","Startup Cost": 783.69,"Total Cost": 50365.39,"Plan Rows": 4326,"Plan Width": 16,"Actual Startup Time": 5.235,"Actual Total Time": 191.510,"Actual Rows": 13139,"Actual Loops": 4,"Inner Unique": false,"Workers": [],"Plans": [{"Node Type": "Bitmap Heap Scan","Parent Relationship": "Outer","Parallel Aware": true,"Async Capable": false,"Relation Name": "orders","Alias": "orders","Startup Cost": 783.26,"Total Cost": 27151.50,"Plan Rows": 18216,"Plan Width": 20,"Actual Startup Time": 5.108,"Actual Total Time": 56.376,"Actual Rows": 14340,"Actual Loops": 4,"Recheck Cond": "((o_orderdate >= '1997-07-01'::date) AND (o_orderdate < '1997-10-01 00:00:00'::timestamp without time zone))","Rows Removed by Index Recheck": 0,"Exact Heap Blocks": 5541,"Lossy Heap Blocks": 0,"Workers": [],"Plans": [{"Node Type": "Bitmap Index Scan","Parent Relationship": "Outer","Parallel Aware": false,"Async Capable": false,"Index Name": "idx_orders_orderdate","Startup Cost": 0.00,"Total Cost": 769.14,"Plan Rows": 56471,"Plan Width": 0,"Actual Startup Time": 8.934,"Actual Total Time": 8.936,"Actual Rows": 57359,"Actual Loops": 1,"Index Cond": "((o_orderdate >= '1997-07-01'::date) AND (o_orderdate < '1997-10-01 00:00:00'::timestamp without time zone))","Workers": []}]},{"Node Type": "Index Scan","Parent Relationship": "Inner","Parallel Aware": false,"Async Capable": false,"Scan Direction": "Forward","Index Name": "idx_lineitem_orderkey","Relation Name": "lineitem","Alias": "lineitem","Startup Cost": 0.43,"Total Cost": 4.64,"Plan Rows": 6,"Plan Width": 4,"Actual Startup Time": 0.009,"Actual Total Time": 0.009,"Actual Rows": 1,"Actual Loops": 57359,"Index Cond": "(l_orderkey = orders.o_orderkey)","Rows Removed by Index Recheck": 0,"Filter": "(l_commitdate < l_receiptdate)","Rows Removed by Filter": 1,"Workers": []}]}]}]}]}]},"Planning Time": 4.248,"Triggers": [],"Execution Time": 234.757}]
[{"Plan": {"Node Type": "Aggregate","Strategy": "Sorted","Partial Mode": "Finalize","Parallel Aware": false,"Async Capable": false,"Startup Cost": 52392.16,"Total Cost": 52427.81,"Plan Rows": 5,"Plan Width": 24,"Actual Startup Time": 211.248,"Actual Total Time": 234.990,"Actual Rows": 5,"Actual Loops": 1,"Group Key": ["orders.o_orderpriority"],"Plans": [{"Node Type": "Gather Merge","Parent Relationship": "Outer","Parallel Aware": false,"Async Capable": false,"Startup Cost": 52392.16,"Total Cost": 52427.69,"Plan Rows": 15,"Plan Width": 24,"Actual Startup Time": 210.814,"Actual Total Time": 234.963,"Actual Rows": 20,"Actual Loops": 1,"Workers Planned": 3,"Workers Launched": 3,"Plans": [{"Node Type": "Aggregate","Strategy": "Sorted","Partial Mode": "Partial","Parent Relationship": "Outer","Parallel Aware": false,"Async Capable": false,"Startup Cost": 51392.12,"Total Cost": 51425.88,"Plan Rows": 5,"Plan Width": 24,"Actual Startup Time": 201.683,"Actual Total Time": 202.935,"Actual Rows": 5,"Actual Loops": 4,"Group Key": ["orders.o_orderpriority"],"Workers": [],"Plans": [{"Node Type": "Sort","Parent Relationship": "Outer","Parallel Aware": false,"Async Capable": false,"Startup Cost": 51392.12,"Total Cost": 51403.36,"Plan Rows": 4495,"Plan Width": 16,"Actual Startup Time": 201.346,"Actual Total Time": 201.859,"Actual Rows": 13076,"Actual Loops": 4,"Sort Key": ["orders.o_orderpriority"],"Sort Method": "quicksort","Sort Space Used": 1088,"Sort Space Type": "Memory","Workers": [{"Worker Number": 0,"Sort Method": "quicksort","Sort Space Used": 1117,"Sort Space Type": "Memory"},{"Worker Number": 1,"Sort Method": "quicksort","Sort Space Used": 1079,"Sort Space Type": "Memory"},{"Worker Number": 2,"Sort Method": "quicksort","Sort Space Used": 1114,"Sort Space Type": "Memory"}],"Plans": [{"Node Type": "Nested Loop","Parent Relationship": "Outer","Parallel Aware": false,"Async Capable": false,"Join Type": "Semi","Startup Cost": 810.26,"Total Cost": 51119.41,"Plan Rows": 4495,"Plan Width": 16,"Actual Startup Time": 5.099,"Actual Total Time": 195.041,"Actual Rows": 13076,"Actual Loops": 4,"Inner Unique": false,"Workers": [],"Plans": [{"Node Type": "Bitmap Heap Scan","Parent Relationship": "Outer","Parallel Aware": true,"Async Capable": false,"Relation Name": "orders","Alias": "orders","Startup Cost": 809.83,"Total Cost": 27188.73,"Plan Rows": 18927,"Plan Width": 20,"Actual Startup Time": 4.954,"Actual Total Time": 57.624,"Actual Rows": 14263,"Actual Loops": 4,"Recheck Cond": "((o_orderdate >= '1995-11-01'::date) AND (o_orderdate < '1996-02-01 00:00:00'::timestamp without time zone))","Rows Removed by Index Recheck": 0,"Exact Heap Blocks": 5693,"Lossy Heap Blocks": 0,"Workers": [],"Plans": [{"Node Type": "Bitmap Index Scan","Parent Relationship": "Outer","Parallel Aware": false,"Async Capable": false,"Index Name": "idx_orders_orderdate","Startup Cost": 0.00,"Total Cost": 795.16,"Plan Rows": 58673,"Plan Width": 0,"Actual Startup Time": 8.818,"Actual Total Time": 8.820,"Actual Rows": 57052,"Actual Loops": 1,"Index Cond": "((o_orderdate >= '1995-11-01'::date) AND (o_orderdate < '1996-02-01 00:00:00'::timestamp without time zone))","Workers": []}]},{"Node Type": "Index Scan","Parent Relationship": "Inner","Parallel Aware": false,"Async Capable": false,"Scan Direction": "Forward","Index Name": "idx_lineitem_orderkey","Relation Name": "lineitem","Alias": "lineitem","Startup Cost": 0.43,"Total Cost": 4.59,"Plan Rows": 6,"Plan Width": 4,"Actual Startup Time": 0.009,"Actual Total Time": 0.009,"Actual Rows": 1,"Actual Loops": 57052,"Index Cond": "(l_orderkey = orders.o_orderkey)","Rows Removed by Index Recheck": 0,"Filter": "(l_commitdate < l_receiptdate)","Rows Removed by Filter": 1,"Workers": []}]}]}]}]}]},"Planning Time": 5.327,"Triggers": [],"Execution Time": 235.461}]
[{"Plan": {"Node Type": "Aggregate","Strategy": "Sorted","Partial Mode": "Finalize","Parallel Aware": false,"Async Capable": false,"Startup Cost": 52188.36,"Total Cost": 52223.67,"Plan Rows": 5,"Plan Width": 24,"Actual Startup Time": 206.752,"Actual Total Time": 231.361,"Actual Rows": 5,"Actual Loops": 1,"Group Key": ["orders.o_orderpriority"],"Plans": [{"Node Type": "Gather Merge","Parent Relationship": "Outer","Parallel Aware": false,"Async Capable": false,"Startup Cost": 52188.36,"Total Cost": 52223.54,"Plan Rows": 15,"Plan Width": 24,"Actual Startup Time": 206.342,"Actual Total Time": 231.324,"Actual Rows": 20,"Actual Loops": 1,"Workers Planned": 3,"Workers Launched": 3,"Plans": [{"Node Type": "Aggregate","Strategy": "Sorted","Partial Mode": "Partial","Parent Relationship": "Outer","Parallel Aware": false,"Async Capable": false,"Startup Cost": 51188.32,"Total Cost": 51221.74,"Plan Rows": 5,"Plan Width": 24,"Actual Startup Time": 197.592,"Actual Total Time": 198.857,"Actual Rows": 5,"Actual Loops": 4,"Group Key": ["orders.o_orderpriority"],"Workers": [],"Plans": [{"Node Type": "Sort","Parent Relationship": "Outer","Parallel Aware": false,"Async Capable": false,"Startup Cost": 51188.32,"Total Cost": 51199.44,"Plan Rows": 4450,"Plan Width": 16,"Actual Startup Time": 197.254,"Actual Total Time": 197.787,"Actual Rows": 13171,"Actual Loops": 4,"Sort Key": ["orders.o_orderpriority"],"Sort Method": "quicksort","Sort Space Used": 1095,"Sort Space Type": "Memory","Workers": [{"Worker Number": 0,"Sort Method": "quicksort","Sort Space Used": 1116,"Sort Space Type": "Memory"},{"Worker Number": 1,"Sort Method": "quicksort","Sort Space Used": 1089,"Sort Space Type": "Memory"},{"Worker Number": 2,"Sort Method": "quicksort","Sort Space Used": 1119,"Sort Space Type": "Memory"}],"Plans": [{"Node Type": "Nested Loop","Parent Relationship": "Outer","Parallel Aware": false,"Async Capable": false,"Join Type": "Semi","Startup Cost": 804.19,"Total Cost": 50918.66,"Plan Rows": 4450,"Plan Width": 16,"Actual Startup Time": 4.989,"Actual Total Time": 190.898,"Actual Rows": 13171,"Actual Loops": 4,"Inner Unique": false,"Workers": [],"Plans": [{"Node Type": "Bitmap Heap Scan","Parent Relationship": "Outer","Parallel Aware": true,"Async Capable": false,"Relation Name": "orders","Alias": "orders","Startup Cost": 803.76,"Total Cost": 27179.79,"Plan Rows": 18736,"Plan Width": 20,"Actual Startup Time": 4.856,"Actual Total Time": 55.634,"Actual Rows": 14328,"Actual Loops": 4,"Recheck Cond": "((o_orderdate >= '1994-05-01'::date) AND (o_orderdate < '1994-08-01 00:00:00'::timestamp without time zone))","Rows Removed by Index Recheck": 0,"Exact Heap Blocks": 5709,"Lossy Heap Blocks": 0,"Workers": [],"Plans": [{"Node Type": "Bitmap Index Scan","Parent Relationship": "Outer","Parallel Aware": false,"Async Capable": false,"Index Name": "idx_orders_orderdate","Startup Cost": 0.00,"Total Cost": 789.24,"Plan Rows": 58081,"Plan Width": 0,"Actual Startup Time": 8.408,"Actual Total Time": 8.410,"Actual Rows": 57311,"Actual Loops": 1,"Index Cond": "((o_orderdate >= '1994-05-01'::date) AND (o_orderdate < '1994-08-01 00:00:00'::timestamp without time zone))","Workers": []}]},{"Node Type": "Index Scan","Parent Relationship": "Inner","Parallel Aware": false,"Async Capable": false,"Scan Direction": "Forward","Index Name": "idx_lineitem_orderkey","Relation Name": "lineitem","Alias": "lineitem","Startup Cost": 0.43,"Total Cost": 4.61,"Plan Rows": 6,"Plan Width": 4,"Actual Startup Time": 0.009,"Actual Total Time": 0.009,"Actual Rows": 1,"Actual Loops": 57311,"Index Cond": "(l_orderkey = orders.o_orderkey)","Rows Removed by Index Recheck": 0,"Filter": "(l_commitdate < l_receiptdate)","Rows Removed by Filter": 1,"Workers": []}]}]}]}]}]},"Planning Time": 4.567,"Triggers": [],"Execution Time": 232.063}]
[{"Plan": {"Node Type": "Aggregate","Strategy": "Sorted","Partial Mode": "Finalize","Parallel Aware": false,"Async Capable": false,"Startup Cost": 51895.02,"Total Cost": 51929.86,"Plan Rows": 5,"Plan Width": 24,"Actual Startup Time": 216.936,"Actual Total Time": 240.849,"Actual Rows": 5,"Actual Loops": 1,"Group Key": ["orders.o_orderpriority"],"Plans": [{"Node Type": "Gather Merge","Parent Relationship": "Outer","Parallel Aware": false,"Async Capable": false,"Startup Cost": 51895.02,"Total Cost": 51929.73,"Plan Rows": 15,"Plan Width": 24,"Actual Startup Time": 216.564,"Actual Total Time": 240.814,"Actual Rows": 20,"Actual Loops": 1,"Workers Planned": 3,"Workers Launched": 3,"Plans": [{"Node Type": "Aggregate","Strategy": "Sorted","Partial Mode": "Partial","Parent Relationship": "Outer","Parallel Aware": false,"Async Capable": false,"Startup Cost": 50894.98,"Total Cost": 50927.93,"Plan Rows": 5,"Plan Width": 24,"Actual Startup Time": 207.210,"Actual Total Time": 208.520,"Actual Rows": 5,"Actual Loops": 4,"Group Key": ["orders.o_orderpriority"],"Workers": [],"Plans": [{"Node Type": "Sort","Parent Relationship": "Outer","Parallel Aware": false,"Async Capable": false,"Startup Cost": 50894.98,"Total Cost": 50905.95,"Plan Rows": 4386,"Plan Width": 16,"Actual Startup Time": 206.842,"Actual Total Time": 207.438,"Actual Rows": 13154,"Actual Loops": 4,"Sort Key": ["orders.o_orderpriority"],"Sort Method": "quicksort","Sort Space Used": 1056,"Sort Space Type": "Memory","Workers": [{"Worker Number": 0,"Sort Method": "quicksort","Sort Space Used": 1144,"Sort Space Type": "Memory"},{"Worker Number": 1,"Sort Method": "quicksort","Sort Space Used": 1079,"Sort Space Type": "Memory"},{"Worker Number": 2,"Sort Method": "quicksort","Sort Space Used": 1137,"Sort Space Type": "Memory"}],"Plans": [{"Node Type": "Nested Loop","Parent Relationship": "Outer","Parallel Aware": false,"Async Capable": false,"Join Type": "Semi","Startup Cost": 791.62,"Total Cost": 50629.66,"Plan Rows": 4386,"Plan Width": 16,"Actual Startup Time": 4.998,"Actual Total Time": 200.365,"Actual Rows": 13154,"Actual Loops": 4,"Inner Unique": false,"Workers": [],"Plans": [{"Node Type": "Bitmap Heap Scan","Parent Relationship": "Outer","Parallel Aware": true,"Async Capable": false,"Relation Name": "orders","Alias": "orders","Startup Cost": 791.19,"Total Cost": 27163.18,"Plan Rows": 18466,"Plan Width": 20,"Actual Startup Time": 4.854,"Actual Total Time": 59.077,"Actual Rows": 14346,"Actual Loops": 4,"Recheck Cond": "((o_orderdate >= '1994-07-01'::date) AND (o_orderdate < '1994-10-01 00:00:00'::timestamp without time zone))","Rows Removed by Index Recheck": 0,"Exact Heap Blocks": 5381,"Lossy Heap Blocks": 0,"Workers": [],"Plans": [{"Node Type": "Bitmap Index Scan","Parent Relationship": "Outer","Parallel Aware": false,"Async Capable": false,"Index Name": "idx_orders_orderdate","Startup Cost": 0.00,"Total Cost": 776.88,"Plan Rows": 57245,"Plan Width": 0,"Actual Startup Time": 8.661,"Actual Total Time": 8.664,"Actual Rows": 57384,"Actual Loops": 1,"Index Cond": "((o_orderdate >= '1994-07-01'::date) AND (o_orderdate < '1994-10-01 00:00:00'::timestamp without time zone))","Workers": []}]},{"Node Type": "Index Scan","Parent Relationship": "Inner","Parallel Aware": false,"Async Capable": false,"Scan Direction": "Forward","Index Name": "idx_lineitem_orderkey","Relation Name": "lineitem","Alias": "lineitem","Startup Cost": 0.43,"Total Cost": 4.63,"Plan Rows": 6,"Plan Width": 4,"Actual Startup Time": 0.010,"Actual Total Time": 0.010,"Actual Rows": 1,"Actual Loops": 57384,"Index Cond": "(l_orderkey = orders.o_orderkey)","Rows Removed by Index Recheck": 0,"Filter": "(l_commitdate < l_receiptdate)","Rows Removed by Filter": 1,"Workers": []}]}]}]}]}]},"Planning Time": 4.847,"Triggers": [],"Execution Time": 241.394}]
[{"Plan": {"Node Type": "Aggregate","Strategy": "Sorted","Partial Mode": "Finalize","Parallel Aware": false,"Async Capable": false,"Startup Cost": 51833.80,"Total Cost": 51868.53,"Plan Rows": 5,"Plan Width": 24,"Actual Startup Time": 216.193,"Actual Total Time": 238.969,"Actual Rows": 5,"Actual Loops": 1,"Group Key": ["orders.o_orderpriority"],"Plans": [{"Node Type": "Gather Merge","Parent Relationship": "Outer","Parallel Aware": false,"Async Capable": false,"Startup Cost": 51833.80,"Total Cost": 51868.41,"Plan Rows": 15,"Plan Width": 24,"Actual Startup Time": 215.785,"Actual Total Time": 238.947,"Actual Rows": 20,"Actual Loops": 1,"Workers Planned": 3,"Workers Launched": 3,"Plans": [{"Node Type": "Aggregate","Strategy": "Sorted","Partial Mode": "Partial","Parent Relationship": "Outer","Parallel Aware": false,"Async Capable": false,"Startup Cost": 50833.76,"Total Cost": 50866.60,"Plan Rows": 5,"Plan Width": 24,"Actual Startup Time": 207.585,"Actual Total Time": 208.848,"Actual Rows": 5,"Actual Loops": 4,"Group Key": ["orders.o_orderpriority"],"Workers": [],"Plans": [{"Node Type": "Sort","Parent Relationship": "Outer","Parallel Aware": false,"Async Capable": false,"Startup Cost": 50833.76,"Total Cost": 50844.69,"Plan Rows": 4372,"Plan Width": 16,"Actual Startup Time": 207.234,"Actual Total Time": 207.768,"Actual Rows": 13206,"Actual Loops": 4,"Sort Key": ["orders.o_orderpriority"],"Sort Method": "quicksort","Sort Space Used": 1141,"Sort Space Type": "Memory","Workers": [{"Worker Number": 0,"Sort Method": "quicksort","Sort Space Used": 1092,"Sort Space Type": "Memory"},{"Worker Number": 1,"Sort Method": "quicksort","Sort Space Used": 1066,"Sort Space Type": "Memory"},{"Worker Number": 2,"Sort Method": "quicksort","Sort Space Used": 1127,"Sort Space Type": "Memory"}],"Plans": [{"Node Type": "Nested Loop","Parent Relationship": "Outer","Parallel Aware": false,"Async Capable": false,"Join Type": "Semi","Startup Cost": 789.79,"Total Cost": 50569.39,"Plan Rows": 4372,"Plan Width": 16,"Actual Startup Time": 5.838,"Actual Total Time": 200.574,"Actual Rows": 13206,"Actual Loops": 4,"Inner Unique": false,"Workers": [],"Plans": [{"Node Type": "Bitmap Heap Scan","Parent Relationship": "Outer","Parallel Aware": true,"Async Capable": false,"Relation Name": "orders","Alias": "orders","Startup Cost": 789.35,"Total Cost": 27160.48,"Plan Rows": 18409,"Plan Width": 20,"Actual Startup Time": 5.710,"Actual Total Time": 58.739,"Actual Rows": 14419,"Actual Loops": 4,"Recheck Cond": "((o_orderdate >= '1995-07-01'::date) AND (o_orderdate < '1995-10-01 00:00:00'::timestamp without time zone))","Rows Removed by Index Recheck": 0,"Exact Heap Blocks": 6140,"Lossy Heap Blocks": 0,"Workers": [],"Plans": [{"Node Type": "Bitmap Index Scan","Parent Relationship": "Outer","Parallel Aware": false,"Async Capable": false,"Index Name": "idx_orders_orderdate","Startup Cost": 0.00,"Total Cost": 775.09,"Plan Rows": 57066,"Plan Width": 0,"Actual Startup Time": 8.705,"Actual Total Time": 8.706,"Actual Rows": 57677,"Actual Loops": 1,"Index Cond": "((o_orderdate >= '1995-07-01'::date) AND (o_orderdate < '1995-10-01 00:00:00'::timestamp without time zone))","Workers": []}]},{"Node Type": "Index Scan","Parent Relationship": "Inner","Parallel Aware": false,"Async Capable": false,"Scan Direction": "Forward","Index Name": "idx_lineitem_orderkey","Relation Name": "lineitem","Alias": "lineitem","Startup Cost": 0.43,"Total Cost": 4.63,"Plan Rows": 6,"Plan Width": 4,"Actual Startup Time": 0.010,"Actual Total Time": 0.010,"Actual Rows": 1,"Actual Loops": 57677,"Index Cond": "(l_orderkey = orders.o_orderkey)","Rows Removed by Index Recheck": 0,"Filter": "(l_commitdate < l_receiptdate)","Rows Removed by Filter": 1,"Workers": []}]}]}]}]}]},"Planning Time": 4.165,"Triggers": [],"Execution Time": 239.454}]
[{"Plan": {"Node Type": "Aggregate","Strategy": "Sorted","Partial Mode": "Finalize","Parallel Aware": false,"Async Capable": false,"Startup Cost": 51845.54,"Total Cost": 51880.29,"Plan Rows": 5,"Plan Width": 24,"Actual Startup Time": 207.177,"Actual Total Time": 232.110,"Actual Rows": 5,"Actual Loops": 1,"Group Key": ["orders.o_orderpriority"],"Plans": [{"Node Type": "Gather Merge","Parent Relationship": "Outer","Parallel Aware": false,"Async Capable": false,"Startup Cost": 51845.54,"Total Cost": 51880.17,"Plan Rows": 15,"Plan Width": 24,"Actual Startup Time": 206.778,"Actual Total Time": 232.079,"Actual Rows": 20,"Actual Loops": 1,"Workers Planned": 3,"Workers Launched": 3,"Plans": [{"Node Type": "Aggregate","Strategy": "Sorted","Partial Mode": "Partial","Parent Relationship": "Outer","Parallel Aware": false,"Async Capable": false,"Startup Cost": 50845.50,"Total Cost": 50878.36,"Plan Rows": 5,"Plan Width": 24,"Actual Startup Time": 198.217,"Actual Total Time": 199.466,"Actual Rows": 5,"Actual Loops": 4,"Group Key": ["orders.o_orderpriority"],"Workers": [],"Plans": [{"Node Type": "Sort","Parent Relationship": "Outer","Parallel Aware": false,"Async Capable": false,"Startup Cost": 50845.50,"Total Cost": 50856.44,"Plan Rows": 4375,"Plan Width": 16,"Actual Startup Time": 197.865,"Actual Total Time": 198.399,"Actual Rows": 13003,"Actual Loops": 4,"Sort Key": ["orders.o_orderpriority"],"Sort Method": "quicksort","Sort Space Used": 1088,"Sort Space Type": "Memory","Workers": [{"Worker Number": 0,"Sort Method": "quicksort","Sort Space Used": 1109,"Sort Space Type": "Memory"},{"Worker Number": 1,"Sort Method": "quicksort","Sort Space Used": 1075,"Sort Space Type": "Memory"},{"Worker Number": 2,"Sort Method": "quicksort","Sort Space Used": 1111,"Sort Space Type": "Memory"}],"Plans": [{"Node Type": "Nested Loop","Parent Relationship": "Outer","Parallel Aware": false,"Async Capable": false,"Join Type": "Semi","Startup Cost": 790.17,"Total Cost": 50580.92,"Plan Rows": 4375,"Plan Width": 16,"Actual Startup Time": 5.194,"Actual Total Time": 191.534,"Actual Rows": 13003,"Actual Loops": 4,"Inner Unique": false,"Workers": [],"Plans": [{"Node Type": "Bitmap Heap Scan","Parent Relationship": "Outer","Parallel Aware": true,"Async Capable": false,"Relation Name": "orders","Alias": "orders","Startup Cost": 789.73,"Total Cost": 27161.04,"Plan Rows": 18420,"Plan Width": 20,"Actual Startup Time": 5.066,"Actual Total Time": 56.417,"Actual Rows": 14194,"Actual Loops": 4,"Recheck Cond": "((o_orderdate >= '1996-04-01'::date) AND (o_orderdate < '1996-07-01 00:00:00'::timestamp without time zone))","Rows Removed by Index Recheck": 0,"Exact Heap Blocks": 5706,"Lossy Heap Blocks": 0,"Workers": [],"Plans": [{"Node Type": "Bitmap Index Scan","Parent Relationship": "Outer","Parallel Aware": false,"Async Capable": false,"Index Name": "idx_orders_orderdate","Startup Cost": 0.00,"Total Cost": 775.46,"Plan Rows": 57103,"Plan Width": 0,"Actual Startup Time": 8.398,"Actual Total Time": 8.399,"Actual Rows": 56775,"Actual Loops": 1,"Index Cond": "((o_orderdate >= '1996-04-01'::date) AND (o_orderdate < '1996-07-01 00:00:00'::timestamp without time zone))","Workers": []}]},{"Node Type": "Index Scan","Parent Relationship": "Inner","Parallel Aware": false,"Async Capable": false,"Scan Direction": "Forward","Index Name": "idx_lineitem_orderkey","Relation Name": "lineitem","Alias": "lineitem","Startup Cost": 0.43,"Total Cost": 4.63,"Plan Rows": 6,"Plan Width": 4,"Actual Startup Time": 0.009,"Actual Total Time": 0.009,"Actual Rows": 1,"Actual Loops": 56775,"Index Cond": "(l_orderkey = orders.o_orderkey)","Rows Removed by Index Recheck": 0,"Filter": "(l_commitdate < l_receiptdate)","Rows Removed by Filter": 1,"Workers": []}]}]}]}]}]},"Planning Time": 4.671,"Triggers": [],"Execution Time": 232.791}]
[{"Plan": {"Node Type": "Aggregate","Strategy": "Sorted","Partial Mode": "Finalize","Parallel Aware": false,"Async Capable": false,"Startup Cost": 52021.13,"Total Cost": 52056.16,"Plan Rows": 5,"Plan Width": 24,"Actual Startup Time": 203.693,"Actual Total Time": 227.755,"Actual Rows": 5,"Actual Loops": 1,"Group Key": ["orders.o_orderpriority"],"Plans": [{"Node Type": "Gather Merge","Parent Relationship": "Outer","Parallel Aware": false,"Async Capable": false,"Startup Cost": 52021.13,"Total Cost": 52056.04,"Plan Rows": 15,"Plan Width": 24,"Actual Startup Time": 203.285,"Actual Total Time": 227.721,"Actual Rows": 20,"Actual Loops": 1,"Workers Planned": 3,"Workers Launched": 3,"Plans": [{"Node Type": "Aggregate","Strategy": "Sorted","Partial Mode": "Partial","Parent Relationship": "Outer","Parallel Aware": false,"Async Capable": false,"Startup Cost": 51021.09,"Total Cost": 51054.24,"Plan Rows": 5,"Plan Width": 24,"Actual Startup Time": 195.016,"Actual Total Time": 196.267,"Actual Rows": 5,"Actual Loops": 4,"Group Key": ["orders.o_orderpriority"],"Workers": [],"Plans": [{"Node Type": "Sort","Parent Relationship": "Outer","Parallel Aware": false,"Async Capable": false,"Startup Cost": 51021.09,"Total Cost": 51032.12,"Plan Rows": 4413,"Plan Width": 16,"Actual Startup Time": 194.670,"Actual Total Time": 195.213,"Actual Rows": 12850,"Actual Loops": 4,"Sort Key": ["orders.o_orderpriority"],"Sort Method": "quicksort","Sort Space Used": 1082,"Sort Space Type": "Memory","Workers": [{"Worker Number": 0,"Sort Method": "quicksort","Sort Space Used": 1095,"Sort Space Type": "Memory"},{"Worker Number": 1,"Sort Method": "quicksort","Sort Space Used": 1073,"Sort Space Type": "Memory"},{"Worker Number": 2,"Sort Method": "quicksort","Sort Space Used": 1099,"Sort Space Type": "Memory"}],"Plans": [{"Node Type": "Nested Loop","Parent Relationship": "Outer","Parallel Aware": false,"Async Capable": false,"Join Type": "Semi","Startup Cost": 799.26,"Total Cost": 50753.94,"Plan Rows": 4413,"Plan Width": 16,"Actual Startup Time": 4.875,"Actual Total Time": 188.562,"Actual Rows": 12850,"Actual Loops": 4,"Inner Unique": false,"Workers": [],"Plans": [{"Node Type": "Bitmap Heap Scan","Parent Relationship": "Outer","Parallel Aware": true,"Async Capable": false,"Relation Name": "orders","Alias": "orders","Startup Cost": 798.83,"Total Cost": 27172.54,"Plan Rows": 18580,"Plan Width": 20,"Actual Startup Time": 4.743,"Actual Total Time": 55.256,"Actual Rows": 13993,"Actual Loops": 4,"Recheck Cond": "((o_orderdate >= '1993-12-01'::date) AND (o_orderdate < '1994-03-01 00:00:00'::timestamp without time zone))","Rows Removed by Index Recheck": 0,"Exact Heap Blocks": 5712,"Lossy Heap Blocks": 0,"Workers": [],"Plans": [{"Node Type": "Bitmap Index Scan","Parent Relationship": "Outer","Parallel Aware": false,"Async Capable": false,"Index Name": "idx_orders_orderdate","Startup Cost": 0.00,"Total Cost": 784.43,"Plan Rows": 57600,"Plan Width": 0,"Actual Startup Time": 7.826,"Actual Total Time": 7.827,"Actual Rows": 55973,"Actual Loops": 1,"Index Cond": "((o_orderdate >= '1993-12-01'::date) AND (o_orderdate < '1994-03-01 00:00:00'::timestamp without time zone))","Workers": []}]},{"Node Type": "Index Scan","Parent Relationship": "Inner","Parallel Aware": false,"Async Capable": false,"Scan Direction": "Forward","Index Name": "idx_lineitem_orderkey","Relation Name": "lineitem","Alias": "lineitem","Startup Cost": 0.43,"Total Cost": 4.62,"Plan Rows": 6,"Plan Width": 4,"Actual Startup Time": 0.009,"Actual Total Time": 0.009,"Actual Rows": 1,"Actual Loops": 55973,"Index Cond": "(l_orderkey = orders.o_orderkey)","Rows Removed by Index Recheck": 0,"Filter": "(l_commitdate < l_receiptdate)","Rows Removed by Filter": 1,"Workers": []}]}]}]}]}]},"Planning Time": 4.325,"Triggers": [],"Execution Time": 228.374}]
[{"Plan": {"Node Type": "Aggregate","Strategy": "Sorted","Partial Mode": "Finalize","Parallel Aware": false,"Async Capable": false,"Startup Cost": 51626.70,"Total Cost": 51661.08,"Plan Rows": 5,"Plan Width": 24,"Actual Startup Time": 210.062,"Actual Total Time": 234.290,"Actual Rows": 5,"Actual Loops": 1,"Group Key": ["orders.o_orderpriority"],"Plans": [{"Node Type": "Gather Merge","Parent Relationship": "Outer","Parallel Aware": false,"Async Capable": false,"Startup Cost": 51626.70,"Total Cost": 51660.96,"Plan Rows": 15,"Plan Width": 24,"Actual Startup Time": 209.701,"Actual Total Time": 234.253,"Actual Rows": 20,"Actual Loops": 1,"Workers Planned": 3,"Workers Launched": 3,"Plans": [{"Node Type": "Aggregate","Strategy": "Sorted","Partial Mode": "Partial","Parent Relationship": "Outer","Parallel Aware": false,"Async Capable": false,"Startup Cost": 50626.66,"Total Cost": 50659.15,"Plan Rows": 5,"Plan Width": 24,"Actual Startup Time": 198.769,"Actual Total Time": 200.147,"Actual Rows": 5,"Actual Loops": 4,"Group Key": ["orders.o_orderpriority"],"Workers": [],"Plans": [{"Node Type": "Sort","Parent Relationship": "Outer","Parallel Aware": false,"Async Capable": false,"Startup Cost": 50626.66,"Total Cost": 50637.47,"Plan Rows": 4326,"Plan Width": 16,"Actual Startup Time": 198.377,"Actual Total Time": 198.979,"Actual Rows": 13139,"Actual Loops": 4,"Sort Key": ["orders.o_orderpriority"],"Sort Method": "quicksort","Sort Space Used": 1065,"Sort Space Type": "Memory","Workers": [{"Worker Number": 0,"Sort Method": "quicksort","Sort Space Used": 1124,"Sort Space Type": "Memory"},{"Worker Number": 1,"Sort Method": "quicksort","Sort Space Used": 1112,"Sort Space Type": "Memory"},{"Worker Number": 2,"Sort Method": "quicksort","Sort Space Used": 1111,"Sort Space Type": "Memory"}],"Plans": [{"Node Type": "Nested Loop","Parent Relationship": "Outer","Parallel Aware": false,"Async Capable": false,"Join Type": "Semi","Startup Cost": 783.69,"Total Cost": 50365.39,"Plan Rows": 4326,"Plan Width": 16,"Actual Startup Time": 5.235,"Actual Total Time": 191.510,"Actual Rows": 13139,"Actual Loops": 4,"Inner Unique": false,"Workers": [],"Plans": [{"Node Type": "Bitmap Heap Scan","Parent Relationship": "Outer","Parallel Aware": true,"Async Capable": false,"Relation Name": "orders","Alias": "orders","Startup Cost": 783.26,"Total Cost": 27151.50,"Plan Rows": 18216,"Plan Width": 20,"Actual Startup Time": 5.108,"Actual Total Time": 56.376,"Actual Rows": 14340,"Actual Loops": 4,"Recheck Cond": "((o_orderdate >= '1997-07-01'::date) AND (o_orderdate < '1997-10-01 00:00:00'::timestamp without time zone))","Rows Removed by Index Recheck": 0,"Exact Heap Blocks": 5541,"Lossy Heap Blocks": 0,"Workers": [],"Plans": [{"Node Type": "Bitmap Index Scan","Parent Relationship": "Outer","Parallel Aware": false,"Async Capable": false,"Index Name": "idx_orders_orderdate","Startup Cost": 0.00,"Total Cost": 769.14,"Plan Rows": 56471,"Plan Width": 0,"Actual Startup Time": 8.934,"Actual Total Time": 8.936,"Actual Rows": 57359,"Actual Loops": 1,"Index Cond": "((o_orderdate >= '1997-07-01'::date) AND (o_orderdate < '1997-10-01 00:00:00'::timestamp without time zone))","Workers": []}]},{"Node Type": "Index Scan","Parent Relationship": "Inner","Parallel Aware": false,"Async Capable": false,"Scan Direction": "Forward","Index Name": "idx_lineitem_orderkey","Relation Name": "lineitem","Alias": "lineitem","Startup Cost": 0.43,"Total Cost": 4.64,"Plan Rows": 6,"Plan Width": 4,"Actual Startup Time": 0.009,"Actual Total Time": 0.009,"Actual Rows": 1,"Actual Loops": 57359,"Index Cond": "(l_orderkey = orders.o_orderkey)","Rows Removed by Index Recheck": 0,"Filter": "(l_commitdate < l_receiptdate)","Rows Removed by Filter": 1,"Workers": []}]}]}]}]}]},"Planning Time": 4.248,"Triggers": [],"Execution Time": 234.757}]
[{"Plan": {"Node Type": "Aggregate","Strategy": "Sorted","Partial Mode": "Finalize","Parallel Aware": false,"Async Capable": false,"Startup Cost": 52283.40,"Total Cost": 52318.87,"Plan Rows": 5,"Plan Width": 24,"Actual Startup Time": 207.856,"Actual Total Time": 232.061,"Actual Rows": 5,"Actual Loops": 1,"Group Key": ["orders.o_orderpriority"],"Plans": [{"Node Type": "Gather Merge","Parent Relationship": "Outer","Parallel Aware": false,"Async Capable": false,"Startup Cost": 52283.40,"Total Cost": 52318.75,"Plan Rows": 15,"Plan Width": 24,"Actual Startup Time": 207.460,"Actual Total Time": 232.033,"Actual Rows": 20,"Actual Loops": 1,"Workers Planned": 3,"Workers Launched": 3,"Plans": [{"Node Type": "Aggregate","Strategy": "Sorted","Partial Mode": "Partial","Parent Relationship": "Outer","Parallel Aware": false,"Async Capable": false,"Startup Cost": 51283.36,"Total Cost": 51316.95,"Plan Rows": 5,"Plan Width": 24,"Actual Startup Time": 198.383,"Actual Total Time": 199.637,"Actual Rows": 5,"Actual Loops": 4,"Group Key": ["orders.o_orderpriority"],"Workers": [],"Plans": [{"Node Type": "Sort","Parent Relationship": "Outer","Parallel Aware": false,"Async Capable": false,"Startup Cost": 51283.36,"Total Cost": 51294.54,"Plan Rows": 4471,"Plan Width": 16,"Actual Startup Time": 198.029,"Actual Total Time": 198.557,"Actual Rows": 12996,"Actual Loops": 4,"Sort Key": ["orders.o_orderpriority"],"Sort Method": "quicksort","Sort Space Used": 1092,"Sort Space Type": "Memory","Workers": [{"Worker Number": 0,"Sort Method": "quicksort","Sort Space Used": 1114,"Sort Space Type": "Memory"},{"Worker Number": 1,"Sort Method": "quicksort","Sort Space Used": 1076,"Sort Space Type": "Memory"},{"Worker Number": 2,"Sort Method": "quicksort","Sort Space Used": 1099,"Sort Space Type": "Memory"}],"Plans": [{"Node Type": "Nested Loop","Parent Relationship": "Outer","Parallel Aware": false,"Async Capable": false,"Join Type": "Semi","Startup Cost": 807.02,"Total Cost": 51012.28,"Plan Rows": 4471,"Plan Width": 16,"Actual Startup Time": 5.146,"Actual Total Time": 191.580,"Actual Rows": 12996,"Actual Loops": 4,"Inner Unique": false,"Workers": [],"Plans": [{"Node Type": "Bitmap Heap Scan","Parent Relationship": "Outer","Parallel Aware": true,"Async Capable": false,"Relation Name": "orders","Alias": "orders","Startup Cost": 806.59,"Total Cost": 27183.96,"Plan Rows": 18825,"Plan Width": 20,"Actual Startup Time": 5.016,"Actual Total Time": 56.818,"Actual Rows": 14161,"Actual Loops": 4,"Recheck Cond": "((o_orderdate >= '1994-04-01'::date) AND (o_orderdate < '1994-07-01 00:00:00'::timestamp without time zone))","Rows Removed by Index Recheck": 0,"Exact Heap Blocks": 5770,"Lossy Heap Blocks": 0,"Workers": [],"Plans": [{"Node Type": "Bitmap Index Scan","Parent Relationship": "Outer","Parallel Aware": false,"Async Capable": false,"Index Name": "idx_orders_orderdate","Startup Cost": 0.00,"Total Cost": 792.00,"Plan Rows": 58357,"Plan Width": 0,"Actual Startup Time": 8.503,"Actual Total Time": 8.503,"Actual Rows": 56645,"Actual Loops": 1,"Index Cond": "((o_orderdate >= '1994-04-01'::date) AND (o_orderdate < '1994-07-01 00:00:00'::timestamp without time zone))","Workers": []}]},{"Node Type": "Index Scan","Parent Relationship": "Inner","Parallel Aware": false,"Async Capable": false,"Scan Direction": "Forward","Index Name": "idx_lineitem_orderkey","Relation Name": "lineitem","Alias": "lineitem","Startup Cost": 0.43,"Total Cost": 4.60,"Plan Rows": 6,"Plan Width": 4,"Actual Startup Time": 0.009,"Actual Total Time": 0.009,"Actual Rows": 1,"Actual Loops": 56645,"Index Cond": "(l_orderkey = orders.o_orderkey)","Rows Removed by Index Recheck": 0,"Filter": "(l_commitdate < l_receiptdate)","Rows Removed by Filter": 1,"Workers": []}]}]}]}]}]},"Planning Time": 4.301,"Triggers": [],"Execution Time": 232.692}]
[{"Plan": {"Node Type": "Aggregate","Strategy": "Sorted","Partial Mode": "Finalize","Parallel Aware": false,"Async Capable": false,"Startup Cost": 50795.59,"Total Cost": 50828.62,"Plan Rows": 5,"Plan Width": 24,"Actual Startup Time": 207.449,"Actual Total Time": 231.624,"Actual Rows": 5,"Actual Loops": 1,"Group Key": ["orders.o_orderpriority"],"Plans": [{"Node Type": "Gather Merge","Parent Relationship": "Outer","Parallel Aware": false,"Async Capable": false,"Startup Cost": 50795.59,"Total Cost": 50828.49,"Plan Rows": 15,"Plan Width": 24,"Actual Startup Time": 207.082,"Actual Total Time": 231.593,"Actual Rows": 20,"Actual Loops": 1,"Workers Planned": 3,"Workers Launched": 3,"Plans": [{"Node Type": "Aggregate","Strategy": "Sorted","Partial Mode": "Partial","Parent Relationship": "Outer","Parallel Aware": false,"Async Capable": false,"Startup Cost": 49795.55,"Total Cost": 49826.69,"Plan Rows": 5,"Plan Width": 24,"Actual Startup Time": 197.121,"Actual Total Time": 198.416,"Actual Rows": 5,"Actual Loops": 4,"Group Key": ["orders.o_orderpriority"],"Workers": [],"Plans": [{"Node Type": "Sort","Parent Relationship": "Outer","Parallel Aware": false,"Async Capable": false,"Startup Cost": 49795.55,"Total Cost": 49805.91,"Plan Rows": 4146,"Plan Width": 16,"Actual Startup Time": 196.751,"Actual Total Time": 197.344,"Actual Rows": 12836,"Actual Loops": 4,"Sort Key": ["orders.o_orderpriority"],"Sort Method": "quicksort","Sort Space Used": 1059,"Sort Space Type": "Memory","Workers": [{"Worker Number": 0,"Sort Method": "quicksort","Sort Space Used": 1115,"Sort Space Type": "Memory"},{"Worker Number": 1,"Sort Method": "quicksort","Sort Space Used": 1058,"Sort Space Type": "Memory"},{"Worker Number": 2,"Sort Method": "quicksort","Sort Space Used": 1115,"Sort Space Type": "Memory"}],"Plans": [{"Node Type": "Nested Loop","Parent Relationship": "Outer","Parallel Aware": false,"Async Capable": false,"Join Type": "Semi","Startup Cost": 747.58,"Total Cost": 49546.42,"Plan Rows": 4146,"Plan Width": 16,"Actual Startup Time": 3.884,"Actual Total Time": 190.408,"Actual Rows": 12836,"Actual Loops": 4,"Inner Unique": false,"Workers": [],"Plans": [{"Node Type": "Bitmap Heap Scan","Parent Relationship": "Outer","Parallel Aware": true,"Async Capable": false,"Relation Name": "orders","Alias": "orders","Startup Cost": 747.15,"Total Cost": 27104.01,"Plan Rows": 17458,"Plan Width": 20,"Actual Startup Time": 3.813,"Actual Total Time": 55.064,"Actual Rows": 14013,"Actual Loops": 4,"Recheck Cond": "((o_orderdate >= '1996-02-01'::date) AND (o_orderdate < '1996-05-01 00:00:00'::timestamp without time zone))","Rows Removed by Index Recheck": 0,"Exact Heap Blocks": 5537,"Lossy Heap Blocks": 0,"Workers": [],"Plans": [{"Node Type": "Bitmap Index Scan","Parent Relationship": "Outer","Parallel Aware": false,"Async Capable": false,"Index Name": "idx_orders_orderdate","Startup Cost": 0.00,"Total Cost": 733.62,"Plan Rows": 54119,"Plan Width": 0,"Actual Startup Time": 7.926,"Actual Total Time": 7.927,"Actual Rows": 56052,"Actual Loops": 1,"Index Cond": "((o_orderdate >= '1996-02-01'::date) AND (o_orderdate < '1996-05-01 00:00:00'::timestamp without time zone))","Workers": []}]},{"Node Type": "Index Scan","Parent Relationship": "Inner","Parallel Aware": false,"Async Capable": false,"Scan Direction": "Forward","Index Name": "idx_lineitem_orderkey","Relation Name": "lineitem","Alias": "lineitem","Startup Cost": 0.43,"Total Cost": 4.70,"Plan Rows": 6,"Plan Width": 4,"Actual Startup Time": 0.009,"Actual Total Time": 0.009,"Actual Rows": 1,"Actual Loops": 56052,"Index Cond": "(l_orderkey = orders.o_orderkey)","Rows Removed by Index Recheck": 0,"Filter": "(l_commitdate < l_receiptdate)","Rows Removed by Filter": 1,"Workers": []}]}]}]}]}]},"Planning Time": 5.293,"Triggers": [],"Execution Time": 232.381}]
[{"Plan": {"Node Type": "Aggregate","Strategy": "Sorted","Partial Mode": "Finalize","Parallel Aware": false,"Async Capable": false,"Startup Cost": 51845.54,"Total Cost": 51880.29,"Plan Rows": 5,"Plan Width": 24,"Actual Startup Time": 207.177,"Actual Total Time": 232.110,"Actual Rows": 5,"Actual Loops": 1,"Group Key": ["orders.o_orderpriority"],"Plans": [{"Node Type": "Gather Merge","Parent Relationship": "Outer","Parallel Aware": false,"Async Capable": false,"Startup Cost": 51845.54,"Total Cost": 51880.17,"Plan Rows": 15,"Plan Width": 24,"Actual Startup Time": 206.778,"Actual Total Time": 232.079,"Actual Rows": 20,"Actual Loops": 1,"Workers Planned": 3,"Workers Launched": 3,"Plans": [{"Node Type": "Aggregate","Strategy": "Sorted","Partial Mode": "Partial","Parent Relationship": "Outer","Parallel Aware": false,"Async Capable": false,"Startup Cost": 50845.50,"Total Cost": 50878.36,"Plan Rows": 5,"Plan Width": 24,"Actual Startup Time": 198.217,"Actual Total Time": 199.466,"Actual Rows": 5,"Actual Loops": 4,"Group Key": ["orders.o_orderpriority"],"Workers": [],"Plans": [{"Node Type": "Sort","Parent Relationship": "Outer","Parallel Aware": false,"Async Capable": false,"Startup Cost": 50845.50,"Total Cost": 50856.44,"Plan Rows": 4375,"Plan Width": 16,"Actual Startup Time": 197.865,"Actual Total Time": 198.399,"Actual Rows": 13003,"Actual Loops": 4,"Sort Key": ["orders.o_orderpriority"],"Sort Method": "quicksort","Sort Space Used": 1088,"Sort Space Type": "Memory","Workers": [{"Worker Number": 0,"Sort Method": "quicksort","Sort Space Used": 1109,"Sort Space Type": "Memory"},{"Worker Number": 1,"Sort Method": "quicksort","Sort Space Used": 1075,"Sort Space Type": "Memory"},{"Worker Number": 2,"Sort Method": "quicksort","Sort Space Used": 1111,"Sort Space Type": "Memory"}],"Plans": [{"Node Type": "Nested Loop","Parent Relationship": "Outer","Parallel Aware": false,"Async Capable": false,"Join Type": "Semi","Startup Cost": 790.17,"Total Cost": 50580.92,"Plan Rows": 4375,"Plan Width": 16,"Actual Startup Time": 5.194,"Actual Total Time": 191.534,"Actual Rows": 13003,"Actual Loops": 4,"Inner Unique": false,"Workers": [],"Plans": [{"Node Type": "Bitmap Heap Scan","Parent Relationship": "Outer","Parallel Aware": true,"Async Capable": false,"Relation Name": "orders","Alias": "orders","Startup Cost": 789.73,"Total Cost": 27161.04,"Plan Rows": 18420,"Plan Width": 20,"Actual Startup Time": 5.066,"Actual Total Time": 56.417,"Actual Rows": 14194,"Actual Loops": 4,"Recheck Cond": "((o_orderdate >= '1996-04-01'::date) AND (o_orderdate < '1996-07-01 00:00:00'::timestamp without time zone))","Rows Removed by Index Recheck": 0,"Exact Heap Blocks": 5706,"Lossy Heap Blocks": 0,"Workers": [],"Plans": [{"Node Type": "Bitmap Index Scan","Parent Relationship": "Outer","Parallel Aware": false,"Async Capable": false,"Index Name": "idx_orders_orderdate","Startup Cost": 0.00,"Total Cost": 775.46,"Plan Rows": 57103,"Plan Width": 0,"Actual Startup Time": 8.398,"Actual Total Time": 8.399,"Actual Rows": 56775,"Actual Loops": 1,"Index Cond": "((o_orderdate >= '1996-04-01'::date) AND (o_orderdate < '1996-07-01 00:00:00'::timestamp without time zone))","Workers": []}]},{"Node Type": "Index Scan","Parent Relationship": "Inner","Parallel Aware": false,"Async Capable": false,"Scan Direction": "Forward","Index Name": "idx_lineitem_orderkey","Relation Name": "lineitem","Alias": "lineitem","Startup Cost": 0.43,"Total Cost": 4.63,"Plan Rows": 6,"Plan Width": 4,"Actual Startup Time": 0.009,"Actual Total Time": 0.009,"Actual Rows": 1,"Actual Loops": 56775,"Index Cond": "(l_orderkey = orders.o_orderkey)","Rows Removed by Index Recheck": 0,"Filter": "(l_commitdate < l_receiptdate)","Rows Removed by Filter": 1,"Workers": []}]}]}]}]}]},"Planning Time": 4.671,"Triggers": [],"Execution Time": 232.791}]
[{"Plan": {"Node Type": "Aggregate","Strategy": "Sorted","Partial Mode": "Finalize","Parallel Aware": false,"Async Capable": false,"Startup Cost": 51868.32,"Total Cost": 51903.11,"Plan Rows": 5,"Plan Width": 24,"Actual Startup Time": 208.340,"Actual Total Time": 231.447,"Actual Rows": 5,"Actual Loops": 1,"Group Key": ["orders.o_orderpriority"],"Plans": [{"Node Type": "Gather Merge","Parent Relationship": "Outer","Parallel Aware": false,"Async Capable": false,"Startup Cost": 51868.32,"Total Cost": 51902.98,"Plan Rows": 15,"Plan Width": 24,"Actual Startup Time": 207.950,"Actual Total Time": 231.419,"Actual Rows": 20,"Actual Loops": 1,"Workers Planned": 3,"Workers Launched": 3,"Plans": [{"Node Type": "Aggregate","Strategy": "Sorted","Partial Mode": "Partial","Parent Relationship": "Outer","Parallel Aware": false,"Async Capable": false,"Startup Cost": 50868.28,"Total Cost": 50901.18,"Plan Rows": 5,"Plan Width": 24,"Actual Startup Time": 199.059,"Actual Total Time": 200.295,"Actual Rows": 5,"Actual Loops": 4,"Group Key": ["orders.o_orderpriority"],"Workers": [],"Plans": [{"Node Type": "Sort","Parent Relationship": "Outer","Parallel Aware": false,"Async Capable": false,"Startup Cost": 50868.28,"Total Cost": 50879.23,"Plan Rows": 4380,"Plan Width": 16,"Actual Startup Time": 198.738,"Actual Total Time": 199.253,"Actual Rows": 12924,"Actual Loops": 4,"Sort Key": ["orders.o_orderpriority"],"Sort Method": "quicksort","Sort Space Used": 1102,"Sort Space Type": "Memory","Workers": [{"Worker Number": 0,"Sort Method": "quicksort","Sort Space Used": 1084,"Sort Space Type": "Memory"},{"Worker Number": 1,"Sort Method": "quicksort","Sort Space Used": 1092,"Sort Space Type": "Memory"},{"Worker Number": 2,"Sort Method": "quicksort","Sort Space Used": 1087,"Sort Space Type": "Memory"}],"Plans": [{"Node Type": "Nested Loop","Parent Relationship": "Outer","Parallel Aware": false,"Async Capable": false,"Join Type": "Semi","Startup Cost": 790.81,"Total Cost": 50603.36,"Plan Rows": 4380,"Plan Width": 16,"Actual Startup Time": 4.683,"Actual Total Time": 192.330,"Actual Rows": 12924,"Actual Loops": 4,"Inner Unique": false,"Workers": [],"Plans": [{"Node Type": "Bitmap Heap Scan","Parent Relationship": "Outer","Parallel Aware": true,"Async Capable": false,"Relation Name": "orders","Alias": "orders","Startup Cost": 790.38,"Total Cost": 27161.99,"Plan Rows": 18441,"Plan Width": 20,"Actual Startup Time": 4.555,"Actual Total Time": 57.131,"Actual Rows": 14129,"Actual Loops": 4,"Recheck Cond": "((o_orderdate >= '1994-09-01'::date) AND (o_orderdate < '1994-12-01 00:00:00'::timestamp without time zone))","Rows Removed by Index Recheck": 0,"Exact Heap Blocks": 5928,"Lossy Heap Blocks": 0,"Workers": [],"Plans": [{"Node Type": "Bitmap Index Scan","Parent Relationship": "Outer","Parallel Aware": false,"Async Capable": false,"Index Name": "idx_orders_orderdate","Startup Cost": 0.00,"Total Cost": 776.09,"Plan Rows": 57166,"Plan Width": 0,"Actual Startup Time": 8.170,"Actual Total Time": 8.172,"Actual Rows": 56516,"Actual Loops": 1,"Index Cond": "((o_orderdate >= '1994-09-01'::date) AND (o_orderdate < '1994-12-01 00:00:00'::timestamp without time zone))","Workers": []}]},{"Node Type": "Index Scan","Parent Relationship": "Inner","Parallel Aware": false,"Async Capable": false,"Scan Direction": "Forward","Index Name": "idx_lineitem_orderkey","Relation Name": "lineitem","Alias": "lineitem","Startup Cost": 0.43,"Total Cost": 4.63,"Plan Rows": 6,"Plan Width": 4,"Actual Startup Time": 0.009,"Actual Total Time": 0.009,"Actual Rows": 1,"Actual Loops": 56516,"Index Cond": "(l_orderkey = orders.o_orderkey)","Rows Removed by Index Recheck": 0,"Filter": "(l_commitdate < l_receiptdate)","Rows Removed by Filter": 1,"Workers": []}]}]}]}]}]},"Planning Time": 5.289,"Triggers": [],"Execution Time": 231.901}]
[{"Plan": {"Node Type": "Aggregate","Strategy": "Sorted","Partial Mode": "Finalize","Parallel Aware": false,"Async Capable": false,"Startup Cost": 52343.20,"Total Cost": 52378.77,"Plan Rows": 5,"Plan Width": 24,"Actual Startup Time": 215.407,"Actual Total Time": 239.586,"Actual Rows": 5,"Actual Loops": 1,"Group Key": ["orders.o_orderpriority"],"Plans": [{"Node Type": "Gather Merge","Parent Relationship": "Outer","Parallel Aware": false,"Async Capable": false,"Startup Cost": 52343.20,"Total Cost": 52378.65,"Plan Rows": 15,"Plan Width": 24,"Actual Startup Time": 214.978,"Actual Total Time": 239.549,"Actual Rows": 20,"Actual Loops": 1,"Workers Planned": 3,"Workers Launched": 3,"Plans": [{"Node Type": "Aggregate","Strategy": "Sorted","Partial Mode": "Partial","Parent Relationship": "Outer","Parallel Aware": false,"Async Capable": false,"Startup Cost": 51343.16,"Total Cost": 51376.84,"Plan Rows": 5,"Plan Width": 24,"Actual Startup Time": 205.596,"Actual Total Time": 206.879,"Actual Rows": 5,"Actual Loops": 4,"Group Key": ["orders.o_orderpriority"],"Workers": [],"Plans": [{"Node Type": "Sort","Parent Relationship": "Outer","Parallel Aware": false,"Async Capable": false,"Startup Cost": 51343.16,"Total Cost": 51354.37,"Plan Rows": 4485,"Plan Width": 16,"Actual Startup Time": 205.237,"Actual Total Time": 205.803,"Actual Rows": 13167,"Actual Loops": 4,"Sort Key": ["orders.o_orderpriority"],"Sort Method": "quicksort","Sort Space Used": 1102,"Sort Space Type": "Memory","Workers": [{"Worker Number": 0,"Sort Method": "quicksort","Sort Space Used": 1081,"Sort Space Type": "Memory"},{"Worker Number": 1,"Sort Method": "quicksort","Sort Space Used": 1119,"Sort Space Type": "Memory"},{"Worker Number": 2,"Sort Method": "quicksort","Sort Space Used": 1117,"Sort Space Type": "Memory"}],"Plans": [{"Node Type": "Nested Loop","Parent Relationship": "Outer","Parallel Aware": false,"Async Capable": false,"Join Type": "Semi","Startup Cost": 808.80,"Total Cost": 51071.12,"Plan Rows": 4485,"Plan Width": 16,"Actual Startup Time": 4.655,"Actual Total Time": 198.688,"Actual Rows": 13167,"Actual Loops": 4,"Inner Unique": false,"Workers": [],"Plans": [{"Node Type": "Bitmap Heap Scan","Parent Relationship": "Outer","Parallel Aware": true,"Async Capable": false,"Relation Name": "orders","Alias": "orders","Startup Cost": 808.37,"Total Cost": 27186.58,"Plan Rows": 18881,"Plan Width": 20,"Actual Startup Time": 4.532,"Actual Total Time": 59.577,"Actual Rows": 14389,"Actual Loops": 4,"Recheck Cond": "((o_orderdate >= '1995-03-01'::date) AND (o_orderdate < '1995-06-01 00:00:00'::timestamp without time zone))","Rows Removed by Index Recheck": 0,"Exact Heap Blocks": 5772,"Lossy Heap Blocks": 0,"Workers": [],"Plans": [{"Node Type": "Bitmap Index Scan","Parent Relationship": "Outer","Parallel Aware": false,"Async Capable": false,"Index Name": "idx_orders_orderdate","Startup Cost": 0.00,"Total Cost": 793.74,"Plan Rows": 58531,"Plan Width": 0,"Actual Startup Time": 8.319,"Actual Total Time": 8.322,"Actual Rows": 57556,"Actual Loops": 1,"Index Cond": "((o_orderdate >= '1995-03-01'::date) AND (o_orderdate < '1995-06-01 00:00:00'::timestamp without time zone))","Workers": []}]},{"Node Type": "Index Scan","Parent Relationship": "Inner","Parallel Aware": false,"Async Capable": false,"Scan Direction": "Forward","Index Name": "idx_lineitem_orderkey","Relation Name": "lineitem","Alias": "lineitem","Startup Cost": 0.43,"Total Cost": 4.60,"Plan Rows": 6,"Plan Width": 4,"Actual Startup Time": 0.009,"Actual Total Time": 0.009,"Actual Rows": 1,"Actual Loops": 57556,"Index Cond": "(l_orderkey = orders.o_orderkey)","Rows Removed by Index Recheck": 0,"Filter": "(l_commitdate < l_receiptdate)","Rows Removed by Filter": 1,"Workers": []}]}]}]}]}]},"Planning Time": 5.651,"Triggers": [],"Execution Time": 240.072}]
[{"Plan": {"Node Type": "Aggregate","Strategy": "Sorted","Partial Mode": "Finalize","Parallel Aware": false,"Async Capable": false,"Startup Cost": 51626.70,"Total Cost": 51661.08,"Plan Rows": 5,"Plan Width": 24,"Actual Startup Time": 210.062,"Actual Total Time": 234.290,"Actual Rows": 5,"Actual Loops": 1,"Group Key": ["orders.o_orderpriority"],"Plans": [{"Node Type": "Gather Merge","Parent Relationship": "Outer","Parallel Aware": false,"Async Capable": false,"Startup Cost": 51626.70,"Total Cost": 51660.96,"Plan Rows": 15,"Plan Width": 24,"Actual Startup Time": 209.701,"Actual Total Time": 234.253,"Actual Rows": 20,"Actual Loops": 1,"Workers Planned": 3,"Workers Launched": 3,"Plans": [{"Node Type": "Aggregate","Strategy": "Sorted","Partial Mode": "Partial","Parent Relationship": "Outer","Parallel Aware": false,"Async Capable": false,"Startup Cost": 50626.66,"Total Cost": 50659.15,"Plan Rows": 5,"Plan Width": 24,"Actual Startup Time": 198.769,"Actual Total Time": 200.147,"Actual Rows": 5,"Actual Loops": 4,"Group Key": ["orders.o_orderpriority"],"Workers": [],"Plans": [{"Node Type": "Sort","Parent Relationship": "Outer","Parallel Aware": false,"Async Capable": false,"Startup Cost": 50626.66,"Total Cost": 50637.47,"Plan Rows": 4326,"Plan Width": 16,"Actual Startup Time": 198.377,"Actual Total Time": 198.979,"Actual Rows": 13139,"Actual Loops": 4,"Sort Key": ["orders.o_orderpriority"],"Sort Method": "quicksort","Sort Space Used": 1065,"Sort Space Type": "Memory","Workers": [{"Worker Number": 0,"Sort Method": "quicksort","Sort Space Used": 1124,"Sort Space Type": "Memory"},{"Worker Number": 1,"Sort Method": "quicksort","Sort Space Used": 1112,"Sort Space Type": "Memory"},{"Worker Number": 2,"Sort Method": "quicksort","Sort Space Used": 1111,"Sort Space Type": "Memory"}],"Plans": [{"Node Type": "Nested Loop","Parent Relationship": "Outer","Parallel Aware": false,"Async Capable": false,"Join Type": "Semi","Startup Cost": 783.69,"Total Cost": 50365.39,"Plan Rows": 4326,"Plan Width": 16,"Actual Startup Time": 5.235,"Actual Total Time": 191.510,"Actual Rows": 13139,"Actual Loops": 4,"Inner Unique": false,"Workers": [],"Plans": [{"Node Type": "Bitmap Heap Scan","Parent Relationship": "Outer","Parallel Aware": true,"Async Capable": false,"Relation Name": "orders","Alias": "orders","Startup Cost": 783.26,"Total Cost": 27151.50,"Plan Rows": 18216,"Plan Width": 20,"Actual Startup Time": 5.108,"Actual Total Time": 56.376,"Actual Rows": 14340,"Actual Loops": 4,"Recheck Cond": "((o_orderdate >= '1997-07-01'::date) AND (o_orderdate < '1997-10-01 00:00:00'::timestamp without time zone))","Rows Removed by Index Recheck": 0,"Exact Heap Blocks": 5541,"Lossy Heap Blocks": 0,"Workers": [],"Plans": [{"Node Type": "Bitmap Index Scan","Parent Relationship": "Outer","Parallel Aware": false,"Async Capable": false,"Index Name": "idx_orders_orderdate","Startup Cost": 0.00,"Total Cost": 769.14,"Plan Rows": 56471,"Plan Width": 0,"Actual Startup Time": 8.934,"Actual Total Time": 8.936,"Actual Rows": 57359,"Actual Loops": 1,"Index Cond": "((o_orderdate >= '1997-07-01'::date) AND (o_orderdate < '1997-10-01 00:00:00'::timestamp without time zone))","Workers": []}]},{"Node Type": "Index Scan","Parent Relationship": "Inner","Parallel Aware": false,"Async Capable": false,"Scan Direction": "Forward","Index Name": "idx_lineitem_orderkey","Relation Name": "lineitem","Alias": "lineitem","Startup Cost": 0.43,"Total Cost": 4.64,"Plan Rows": 6,"Plan Width": 4,"Actual Startup Time": 0.009,"Actual Total Time": 0.009,"Actual Rows": 1,"Actual Loops": 57359,"Index Cond": "(l_orderkey = orders.o_orderkey)","Rows Removed by Index Recheck": 0,"Filter": "(l_commitdate < l_receiptdate)","Rows Removed by Filter": 1,"Workers": []}]}]}]}]}]},"Planning Time": 4.248,"Triggers": [],"Execution Time": 234.757}]
[{"Plan": {"Node Type": "Aggregate","Strategy": "Sorted","Partial Mode": "Finalize","Parallel Aware": false,"Async Capable": false,"Startup Cost": 50972.15,"Total Cost": 51005.47,"Plan Rows": 5,"Plan Width": 24,"Actual Startup Time": 203.120,"Actual Total Time": 227.959,"Actual Rows": 5,"Actual Loops": 1,"Group Key": ["orders.o_orderpriority"],"Plans": [{"Node Type": "Gather Merge","Parent Relationship": "Outer","Parallel Aware": false,"Async Capable": false,"Startup Cost": 50972.15,"Total Cost": 51005.34,"Plan Rows": 15,"Plan Width": 24,"Actual Startup Time": 202.784,"Actual Total Time": 227.929,"Actual Rows": 20,"Actual Loops": 1,"Workers Planned": 3,"Workers Launched": 3,"Plans": [{"Node Type": "Aggregate","Strategy": "Sorted","Partial Mode": "Partial","Parent Relationship": "Outer","Parallel Aware": false,"Async Capable": false,"Startup Cost": 49972.11,"Total Cost": 50003.54,"Plan Rows": 5,"Plan Width": 24,"Actual Startup Time": 194.409,"Actual Total Time": 195.620,"Actual Rows": 5,"Actual Loops": 4,"Group Key": ["orders.o_orderpriority"],"Workers": [],"Plans": [{"Node Type": "Sort","Parent Relationship": "Outer","Parallel Aware": false,"Async Capable": false,"Startup Cost": 49972.11,"Total Cost": 49982.57,"Plan Rows": 4184,"Plan Width": 16,"Actual Startup Time": 194.085,"Actual Total Time": 194.589,"Actual Rows": 12754,"Actual Loops": 4,"Sort Key": ["orders.o_orderpriority"],"Sort Method": "quicksort","Sort Space Used": 1068,"Sort Space Type": "Memory","Workers": [{"Worker Number": 0,"Sort Method": "quicksort","Sort Space Used": 1094,"Sort Space Type": "Memory"},{"Worker Number": 1,"Sort Method": "quicksort","Sort Space Used": 1069,"Sort Space Type": "Memory"},{"Worker Number": 2,"Sort Method": "quicksort","Sort Space Used": 1096,"Sort Space Type": "Memory"}],"Plans": [{"Node Type": "Nested Loop","Parent Relationship": "Outer","Parallel Aware": false,"Async Capable": false,"Join Type": "Semi","Startup Cost": 756.62,"Total Cost": 49720.43,"Plan Rows": 4184,"Plan Width": 16,"Actual Startup Time": 4.954,"Actual Total Time": 187.804,"Actual Rows": 12754,"Actual Loops": 4,"Inner Unique": false,"Workers": [],"Plans": [{"Node Type": "Bitmap Heap Scan","Parent Relationship": "Outer","Parallel Aware": true,"Async Capable": false,"Relation Name": "orders","Alias": "orders","Startup Cost": 756.19,"Total Cost": 27115.44,"Plan Rows": 17617,"Plan Width": 20,"Actual Startup Time": 4.825,"Actual Total Time": 55.378,"Actual Rows": 13875,"Actual Loops": 4,"Recheck Cond": "((o_orderdate >= '1997-02-01'::date) AND (o_orderdate < '1997-05-01 00:00:00'::timestamp without time zone))","Rows Removed by Index Recheck": 0,"Exact Heap Blocks": 5706,"Lossy Heap Blocks": 0,"Workers": [],"Plans": [{"Node Type": "Bitmap Index Scan","Parent Relationship": "Outer","Parallel Aware": false,"Async Capable": false,"Index Name": "idx_orders_orderdate","Startup Cost": 0.00,"Total Cost": 742.54,"Plan Rows": 54611,"Plan Width": 0,"Actual Startup Time": 8.081,"Actual Total Time": 8.083,"Actual Rows": 55500,"Actual Loops": 1,"Index Cond": "((o_orderdate >= '1997-02-01'::date) AND (o_orderdate < '1997-05-01 00:00:00'::timestamp without time zone))","Workers": []}]},{"Node Type": "Index Scan","Parent Relationship": "Inner","Parallel Aware": false,"Async Capable": false,"Scan Direction": "Forward","Index Name": "idx_lineitem_orderkey","Relation Name": "lineitem","Alias": "lineitem","Startup Cost": 0.43,"Total Cost": 4.69,"Plan Rows": 6,"Plan Width": 4,"Actual Startup Time": 0.009,"Actual Total Time": 0.009,"Actual Rows": 1,"Actual Loops": 55500,"Index Cond": "(l_orderkey = orders.o_orderkey)","Rows Removed by Index Recheck": 0,"Filter": "(l_commitdate < l_receiptdate)","Rows Removed by Filter": 1,"Workers": []}]}]}]}]}]},"Planning Time": 5.807,"Triggers": [],"Execution Time": 228.643}]
[{"Plan": {"Node Type": "Aggregate","Strategy": "Sorted","Partial Mode": "Finalize","Parallel Aware": false,"Async Capable": false,"Startup Cost": 52300.80,"Total Cost": 52336.30,"Plan Rows": 5,"Plan Width": 24,"Actual Startup Time": 211.625,"Actual Total Time": 234.968,"Actual Rows": 5,"Actual Loops": 1,"Group Key": ["orders.o_orderpriority"],"Plans": [{"Node Type": "Gather Merge","Parent Relationship": "Outer","Parallel Aware": false,"Async Capable": false,"Startup Cost": 52300.80,"Total Cost": 52336.17,"Plan Rows": 15,"Plan Width": 24,"Actual Startup Time": 211.243,"Actual Total Time": 234.943,"Actual Rows": 20,"Actual Loops": 1,"Workers Planned": 3,"Workers Launched": 3,"Plans": [{"Node Type": "Aggregate","Strategy": "Sorted","Partial Mode": "Partial","Parent Relationship": "Outer","Parallel Aware": false,"Async Capable": false,"Startup Cost": 51300.76,"Total Cost": 51334.37,"Plan Rows": 5,"Plan Width": 24,"Actual Startup Time": 201.938,"Actual Total Time": 203.221,"Actual Rows": 5,"Actual Loops": 4,"Group Key": ["orders.o_orderpriority"],"Workers": [],"Plans": [{"Node Type": "Sort","Parent Relationship": "Outer","Parallel Aware": false,"Async Capable": false,"Startup Cost": 51300.76,"Total Cost": 51311.94,"Plan Rows": 4475,"Plan Width": 16,"Actual Startup Time": 201.599,"Actual Total Time": 202.136,"Actual Rows": 13200,"Actual Loops": 4,"Sort Key": ["orders.o_orderpriority"],"Sort Method": "quicksort","Sort Space Used": 1121,"Sort Space Type": "Memory","Workers": [{"Worker Number": 0,"Sort Method": "quicksort","Sort Space Used": 1104,"Sort Space Type": "Memory"},{"Worker Number": 1,"Sort Method": "quicksort","Sort Space Used": 1103,"Sort Space Type": "Memory"},{"Worker Number": 2,"Sort Method": "quicksort","Sort Space Used": 1097,"Sort Space Type": "Memory"}],"Plans": [{"Node Type": "Nested Loop","Parent Relationship": "Outer","Parallel Aware": false,"Async Capable": false,"Join Type": "Semi","Startup Cost": 807.53,"Total Cost": 51029.40,"Plan Rows": 4475,"Plan Width": 16,"Actual Startup Time": 4.691,"Actual Total Time": 194.955,"Actual Rows": 13200,"Actual Loops": 4,"Inner Unique": false,"Workers": [],"Plans": [{"Node Type": "Bitmap Heap Scan","Parent Relationship": "Outer","Parallel Aware": true,"Async Capable": false,"Relation Name": "orders","Alias": "orders","Startup Cost": 807.10,"Total Cost": 27184.71,"Plan Rows": 18841,"Plan Width": 20,"Actual Startup Time": 4.548,"Actual Total Time": 57.646,"Actual Rows": 14379,"Actual Loops": 4,"Recheck Cond": "((o_orderdate >= '1996-10-01'::date) AND (o_orderdate < '1997-01-01 00:00:00'::timestamp without time zone))","Rows Removed by Index Recheck": 0,"Exact Heap Blocks": 5956,"Lossy Heap Blocks": 0,"Workers": [],"Plans": [{"Node Type": "Bitmap Index Scan","Parent Relationship": "Outer","Parallel Aware": false,"Async Capable": false,"Index Name": "idx_orders_orderdate","Startup Cost": 0.00,"Total Cost": 792.50,"Plan Rows": 58407,"Plan Width": 0,"Actual Startup Time": 8.165,"Actual Total Time": 8.167,"Actual Rows": 57515,"Actual Loops": 1,"Index Cond": "((o_orderdate >= '1996-10-01'::date) AND (o_orderdate < '1997-01-01 00:00:00'::timestamp without time zone))","Workers": []}]},{"Node Type": "Index Scan","Parent Relationship": "Inner","Parallel Aware": false,"Async Capable": false,"Scan Direction": "Forward","Index Name": "idx_lineitem_orderkey","Relation Name": "lineitem","Alias": "lineitem","Startup Cost": 0.43,"Total Cost": 4.60,"Plan Rows": 6,"Plan Width": 4,"Actual Startup Time": 0.009,"Actual Total Time": 0.009,"Actual Rows": 1,"Actual Loops": 57515,"Index Cond": "(l_orderkey = orders.o_orderkey)","Rows Removed by Index Recheck": 0,"Filter": "(l_commitdate < l_receiptdate)","Rows Removed by Filter": 1,"Workers": []}]}]}]}]}]},"Planning Time": 5.090,"Triggers": [],"Execution Time": 235.437}]
[{"Plan": {"Node Type": "Aggregate","Strategy": "Sorted","Partial Mode": "Finalize","Parallel Aware": false,"Async Capable": false,"Startup Cost": 53209.81,"Total Cost": 53246.81,"Plan Rows": 5,"Plan Width": 24,"Actual Startup Time": 207.732,"Actual Total Time": 232.619,"Actual Rows": 5,"Actual Loops": 1,"Group Key": ["orders.o_orderpriority"],"Plans": [{"Node Type": "Gather Merge","Parent Relationship": "Outer","Parallel Aware": false,"Async Capable": false,"Startup Cost": 53209.81,"Total Cost": 53246.69,"Plan Rows": 15,"Plan Width": 24,"Actual Startup Time": 207.377,"Actual Total Time": 232.588,"Actual Rows": 20,"Actual Loops": 1,"Workers Planned": 3,"Workers Launched": 3,"Plans": [{"Node Type": "Aggregate","Strategy": "Sorted","Partial Mode": "Partial","Parent Relationship": "Outer","Parallel Aware": false,"Async Capable": false,"Startup Cost": 52209.77,"Total Cost": 52244.88,"Plan Rows": 5,"Plan Width": 24,"Actual Startup Time": 198.882,"Actual Total Time": 200.134,"Actual Rows": 5,"Actual Loops": 4,"Group Key": ["orders.o_orderpriority"],"Workers": [],"Plans": [{"Node Type": "Sort","Parent Relationship": "Outer","Parallel Aware": false,"Async Capable": false,"Startup Cost": 52209.77,"Total Cost": 52221.46,"Plan Rows": 4675,"Plan Width": 16,"Actual Startup Time": 198.544,"Actual Total Time": 199.052,"Actual Rows": 13222,"Actual Loops": 4,"Sort Key": ["orders.o_orderpriority"],"Sort Method": "quicksort","Sort Space Used": 1094,"Sort Space Type": "Memory","Workers": [{"Worker Number": 0,"Sort Method": "quicksort","Sort Space Used": 1120,"Sort Space Type": "Memory"},{"Worker Number": 1,"Sort Method": "quicksort","Sort Space Used": 1093,"Sort Space Type": "Memory"},{"Worker Number": 2,"Sort Method": "quicksort","Sort Space Used": 1123,"Sort Space Type": "Memory"}],"Plans": [{"Node Type": "Nested Loop","Parent Relationship": "Outer","Parallel Aware": false,"Async Capable": false,"Join Type": "Semi","Startup Cost": 846.31,"Total Cost": 51924.81,"Plan Rows": 4675,"Plan Width": 16,"Actual Startup Time": 5.243,"Actual Total Time": 192.109,"Actual Rows": 13222,"Actual Loops": 4,"Inner Unique": false,"Workers": [],"Plans": [{"Node Type": "Bitmap Heap Scan","Parent Relationship": "Outer","Parallel Aware": true,"Async Capable": false,"Relation Name": "orders","Alias": "orders","Startup Cost": 845.88,"Total Cost": 27236.14,"Plan Rows": 19684,"Plan Width": 20,"Actual Startup Time": 5.114,"Actual Total Time": 55.968,"Actual Rows": 14421,"Actual Loops": 4,"Recheck Cond": "((o_orderdate >= '1994-11-01'::date) AND (o_orderdate < '1995-02-01 00:00:00'::timestamp without time zone))","Rows Removed by Index Recheck": 0,"Exact Heap Blocks": 5745,"Lossy Heap Blocks": 0,"Workers": [],"Plans": [{"Node Type": "Bitmap Index Scan","Parent Relationship": "Outer","Parallel Aware": false,"Async Capable": false,"Index Name": "idx_orders_orderdate","Startup Cost": 0.00,"Total Cost": 830.63,"Plan Rows": 61020,"Plan Width": 0,"Actual Startup Time": 8.417,"Actual Total Time": 8.421,"Actual Rows": 57683,"Actual Loops": 1,"Index Cond": "((o_orderdate >= '1994-11-01'::date) AND (o_orderdate < '1995-02-01 00:00:00'::timestamp without time zone))","Workers": []}]},{"Node Type": "Index Scan","Parent Relationship": "Inner","Parallel Aware": false,"Async Capable": false,"Scan Direction": "Forward","Index Name": "idx_lineitem_orderkey","Relation Name": "lineitem","Alias": "lineitem","Startup Cost": 0.43,"Total Cost": 4.54,"Plan Rows": 6,"Plan Width": 4,"Actual Startup Time": 0.009,"Actual Total Time": 0.009,"Actual Rows": 1,"Actual Loops": 57683,"Index Cond": "(l_orderkey = orders.o_orderkey)","Rows Removed by Index Recheck": 0,"Filter": "(l_commitdate < l_receiptdate)","Rows Removed by Filter": 1,"Workers": []}]}]}]}]}]},"Planning Time": 5.319,"Triggers": [],"Execution Time": 233.260}]
[{"Plan": {"Node Type": "Aggregate","Strategy": "Sorted","Partial Mode": "Finalize","Parallel Aware": false,"Async Capable": false,"Startup Cost": 51238.03,"Total Cost": 51271.79,"Plan Rows": 5,"Plan Width": 24,"Actual Startup Time": 206.342,"Actual Total Time": 229.906,"Actual Rows": 5,"Actual Loops": 1,"Group Key": ["orders.o_orderpriority"],"Plans": [{"Node Type": "Gather Merge","Parent Relationship": "Outer","Parallel Aware": false,"Async Capable": false,"Startup Cost": 51238.03,"Total Cost": 51271.66,"Plan Rows": 15,"Plan Width": 24,"Actual Startup Time": 205.980,"Actual Total Time": 229.872,"Actual Rows": 20,"Actual Loops": 1,"Workers Planned": 3,"Workers Launched": 3,"Plans": [{"Node Type": "Aggregate","Strategy": "Sorted","Partial Mode": "Partial","Parent Relationship": "Outer","Parallel Aware": false,"Async Capable": false,"Startup Cost": 50237.99,"Total Cost": 50269.86,"Plan Rows": 5,"Plan Width": 24,"Actual Startup Time": 197.337,"Actual Total Time": 198.545,"Actual Rows": 5,"Actual Loops": 4,"Group Key": ["orders.o_orderpriority"],"Workers": [],"Plans": [{"Node Type": "Sort","Parent Relationship": "Outer","Parallel Aware": false,"Async Capable": false,"Startup Cost": 50237.99,"Total Cost": 50248.60,"Plan Rows": 4242,"Plan Width": 16,"Actual Startup Time": 196.993,"Actual Total Time": 197.500,"Actual Rows": 12841,"Actual Loops": 4,"Sort Key": ["orders.o_orderpriority"],"Sort Method": "quicksort","Sort Space Used": 1096,"Sort Space Type": "Memory","Workers": [{"Worker Number": 0,"Sort Method": "quicksort","Sort Space Used": 1080,"Sort Space Type": "Memory"},{"Worker Number": 1,"Sort Method": "quicksort","Sort Space Used": 1090,"Sort Space Type": "Memory"},{"Worker Number": 2,"Sort Method": "quicksort","Sort Space Used": 1080,"Sort Space Type": "Memory"}],"Plans": [{"Node Type": "Nested Loop","Parent Relationship": "Outer","Parallel Aware": false,"Async Capable": false,"Join Type": "Semi","Startup Cost": 768.33,"Total Cost": 49982.40,"Plan Rows": 4242,"Plan Width": 16,"Actual Startup Time": 4.735,"Actual Total Time": 190.817,"Actual Rows": 12841,"Actual Loops": 4,"Inner Unique": false,"Workers": [],"Plans": [{"Node Type": "Bitmap Heap Scan","Parent Relationship": "Outer","Parallel Aware": true,"Async Capable": false,"Relation Name": "orders","Alias": "orders","Startup Cost": 767.90,"Total Cost": 27130.78,"Plan Rows": 17859,"Plan Width": 20,"Actual Startup Time": 4.625,"Actual Total Time": 56.703,"Actual Rows": 14004,"Actual Loops": 4,"Recheck Cond": "((o_orderdate >= '1996-12-01'::date) AND (o_orderdate < '1997-03-01 00:00:00'::timestamp without time zone))","Rows Removed by Index Recheck": 0,"Exact Heap Blocks": 5899,"Lossy Heap Blocks": 0,"Workers": [],"Plans": [{"Node Type": "Bitmap Index Scan","Parent Relationship": "Outer","Parallel Aware": false,"Async Capable": false,"Index Name": "idx_orders_orderdate","Startup Cost": 0.00,"Total Cost": 754.06,"Plan Rows": 55363,"Plan Width": 0,"Actual Startup Time": 8.139,"Actual Total Time": 8.140,"Actual Rows": 56016,"Actual Loops": 1,"Index Cond": "((o_orderdate >= '1996-12-01'::date) AND (o_orderdate < '1997-03-01 00:00:00'::timestamp without time zone))","Workers": []}]},{"Node Type": "Index Scan","Parent Relationship": "Inner","Parallel Aware": false,"Async Capable": false,"Scan Direction": "Forward","Index Name": "idx_lineitem_orderkey","Relation Name": "lineitem","Alias": "lineitem","Startup Cost": 0.43,"Total Cost": 4.67,"Plan Rows": 6,"Plan Width": 4,"Actual Startup Time": 0.009,"Actual Total Time": 0.009,"Actual Rows": 1,"Actual Loops": 56016,"Index Cond": "(l_orderkey = orders.o_orderkey)","Rows Removed by Index Recheck": 0,"Filter": "(l_commitdate < l_receiptdate)","Rows Removed by Filter": 1,"Workers": []}]}]}]}]}]},"Planning Time": 5.768,"Triggers": [],"Execution Time": 230.293}]
[{"Plan": {"Node Type": "Aggregate","Strategy": "Sorted","Partial Mode": "Finalize","Parallel Aware": false,"Async Capable": false,"Startup Cost": 51708.45,"Total Cost": 51742.98,"Plan Rows": 5,"Plan Width": 24,"Actual Startup Time": 207.456,"Actual Total Time": 231.580,"Actual Rows": 5,"Actual Loops": 1,"Group Key": ["orders.o_orderpriority"],"Plans": [{"Node Type": "Gather Merge","Parent Relationship": "Outer","Parallel Aware": false,"Async Capable": false,"Startup Cost": 51708.45,"Total Cost": 51742.85,"Plan Rows": 15,"Plan Width": 24,"Actual Startup Time": 207.053,"Actual Total Time": 231.548,"Actual Rows": 20,"Actual Loops": 1,"Workers Planned": 3,"Workers Launched": 3,"Plans": [{"Node Type": "Aggregate","Strategy": "Sorted","Partial Mode": "Partial","Parent Relationship": "Outer","Parallel Aware": false,"Async Capable": false,"Startup Cost": 50708.41,"Total Cost": 50741.05,"Plan Rows": 5,"Plan Width": 24,"Actual Startup Time": 198.227,"Actual Total Time": 199.494,"Actual Rows": 5,"Actual Loops": 4,"Group Key": ["orders.o_orderpriority"],"Workers": [],"Plans": [{"Node Type": "Sort","Parent Relationship": "Outer","Parallel Aware": false,"Async Capable": false,"Startup Cost": 50708.41,"Total Cost": 50719.27,"Plan Rows": 4345,"Plan Width": 16,"Actual Startup Time": 197.883,"Actual Total Time": 198.422,"Actual Rows": 13041,"Actual Loops": 4,"Sort Key": ["orders.o_orderpriority"],"Sort Method": "quicksort","Sort Space Used": 1092,"Sort Space Type": "Memory","Workers": [{"Worker Number": 0,"Sort Method": "quicksort","Sort Space Used": 1114,"Sort Space Type": "Memory"},{"Worker Number": 1,"Sort Method": "quicksort","Sort Space Used": 1079,"Sort Space Type": "Memory"},{"Worker Number": 2,"Sort Method": "quicksort","Sort Space Used": 1106,"Sort Space Type": "Memory"}],"Plans": [{"Node Type": "Nested Loop","Parent Relationship": "Outer","Parallel Aware": false,"Async Capable": false,"Join Type": "Semi","Startup Cost": 786.10,"Total Cost": 50445.86,"Plan Rows": 4345,"Plan Width": 16,"Actual Startup Time": 5.128,"Actual Total Time": 191.658,"Actual Rows": 13041,"Actual Loops": 4,"Inner Unique": false,"Workers": [],"Plans": [{"Node Type": "Bitmap Heap Scan","Parent Relationship": "Outer","Parallel Aware": true,"Async Capable": false,"Relation Name": "orders","Alias": "orders","Startup Cost": 785.66,"Total Cost": 27155.05,"Plan Rows": 18292,"Plan Width": 20,"Actual Startup Time": 4.978,"Actual Total Time": 56.015,"Actual Rows": 14241,"Actual Loops": 4,"Recheck Cond": "((o_orderdate >= '1996-03-01'::date) AND (o_orderdate < '1996-06-01 00:00:00'::timestamp without time zone))","Rows Removed by Index Recheck": 0,"Exact Heap Blocks": 5804,"Lossy Heap Blocks": 0,"Workers": [],"Plans": [{"Node Type": "Bitmap Index Scan","Parent Relationship": "Outer","Parallel Aware": false,"Async Capable": false,"Index Name": "idx_orders_orderdate","Startup Cost": 0.00,"Total Cost": 771.49,"Plan Rows": 56706,"Plan Width": 0,"Actual Startup Time": 8.540,"Actual Total Time": 8.544,"Actual Rows": 56965,"Actual Loops": 1,"Index Cond": "((o_orderdate >= '1996-03-01'::date) AND (o_orderdate < '1996-06-01 00:00:00'::timestamp without time zone))","Workers": []}]},{"Node Type": "Index Scan","Parent Relationship": "Inner","Parallel Aware": false,"Async Capable": false,"Scan Direction": "Forward","Index Name": "idx_lineitem_orderkey","Relation Name": "lineitem","Alias": "lineitem","Startup Cost": 0.43,"Total Cost": 4.64,"Plan Rows": 6,"Plan Width": 4,"Actual Startup Time": 0.009,"Actual Total Time": 0.009,"Actual Rows": 1,"Actual Loops": 56965,"Index Cond": "(l_orderkey = orders.o_orderkey)","Rows Removed by Index Recheck": 0,"Filter": "(l_commitdate < l_receiptdate)","Rows Removed by Filter": 1,"Workers": []}]}]}]}]}]},"Planning Time": 4.056,"Triggers": [],"Execution Time": 232.269}]
[{"Plan": {"Node Type": "Aggregate","Strategy": "Sorted","Partial Mode": "Finalize","Parallel Aware": false,"Async Capable": false,"Startup Cost": 50972.15,"Total Cost": 51005.47,"Plan Rows": 5,"Plan Width": 24,"Actual Startup Time": 203.120,"Actual Total Time": 227.959,"Actual Rows": 5,"Actual Loops": 1,"Group Key": ["orders.o_orderpriority"],"Plans": [{"Node Type": "Gather Merge","Parent Relationship": "Outer","Parallel Aware": false,"Async Capable": false,"Startup Cost": 50972.15,"Total Cost": 51005.34,"Plan Rows": 15,"Plan Width": 24,"Actual Startup Time": 202.784,"Actual Total Time": 227.929,"Actual Rows": 20,"Actual Loops": 1,"Workers Planned": 3,"Workers Launched": 3,"Plans": [{"Node Type": "Aggregate","Strategy": "Sorted","Partial Mode": "Partial","Parent Relationship": "Outer","Parallel Aware": false,"Async Capable": false,"Startup Cost": 49972.11,"Total Cost": 50003.54,"Plan Rows": 5,"Plan Width": 24,"Actual Startup Time": 194.409,"Actual Total Time": 195.620,"Actual Rows": 5,"Actual Loops": 4,"Group Key": ["orders.o_orderpriority"],"Workers": [],"Plans": [{"Node Type": "Sort","Parent Relationship": "Outer","Parallel Aware": false,"Async Capable": false,"Startup Cost": 49972.11,"Total Cost": 49982.57,"Plan Rows": 4184,"Plan Width": 16,"Actual Startup Time": 194.085,"Actual Total Time": 194.589,"Actual Rows": 12754,"Actual Loops": 4,"Sort Key": ["orders.o_orderpriority"],"Sort Method": "quicksort","Sort Space Used": 1068,"Sort Space Type": "Memory","Workers": [{"Worker Number": 0,"Sort Method": "quicksort","Sort Space Used": 1094,"Sort Space Type": "Memory"},{"Worker Number": 1,"Sort Method": "quicksort","Sort Space Used": 1069,"Sort Space Type": "Memory"},{"Worker Number": 2,"Sort Method": "quicksort","Sort Space Used": 1096,"Sort Space Type": "Memory"}],"Plans": [{"Node Type": "Nested Loop","Parent Relationship": "Outer","Parallel Aware": false,"Async Capable": false,"Join Type": "Semi","Startup Cost": 756.62,"Total Cost": 49720.43,"Plan Rows": 4184,"Plan Width": 16,"Actual Startup Time": 4.954,"Actual Total Time": 187.804,"Actual Rows": 12754,"Actual Loops": 4,"Inner Unique": false,"Workers": [],"Plans": [{"Node Type": "Bitmap Heap Scan","Parent Relationship": "Outer","Parallel Aware": true,"Async Capable": false,"Relation Name": "orders","Alias": "orders","Startup Cost": 756.19,"Total Cost": 27115.44,"Plan Rows": 17617,"Plan Width": 20,"Actual Startup Time": 4.825,"Actual Total Time": 55.378,"Actual Rows": 13875,"Actual Loops": 4,"Recheck Cond": "((o_orderdate >= '1997-02-01'::date) AND (o_orderdate < '1997-05-01 00:00:00'::timestamp without time zone))","Rows Removed by Index Recheck": 0,"Exact Heap Blocks": 5706,"Lossy Heap Blocks": 0,"Workers": [],"Plans": [{"Node Type": "Bitmap Index Scan","Parent Relationship": "Outer","Parallel Aware": false,"Async Capable": false,"Index Name": "idx_orders_orderdate","Startup Cost": 0.00,"Total Cost": 742.54,"Plan Rows": 54611,"Plan Width": 0,"Actual Startup Time": 8.081,"Actual Total Time": 8.083,"Actual Rows": 55500,"Actual Loops": 1,"Index Cond": "((o_orderdate >= '1997-02-01'::date) AND (o_orderdate < '1997-05-01 00:00:00'::timestamp without time zone))","Workers": []}]},{"Node Type": "Index Scan","Parent Relationship": "Inner","Parallel Aware": false,"Async Capable": false,"Scan Direction": "Forward","Index Name": "idx_lineitem_orderkey","Relation Name": "lineitem","Alias": "lineitem","Startup Cost": 0.43,"Total Cost": 4.69,"Plan Rows": 6,"Plan Width": 4,"Actual Startup Time": 0.009,"Actual Total Time": 0.009,"Actual Rows": 1,"Actual Loops": 55500,"Index Cond": "(l_orderkey = orders.o_orderkey)","Rows Removed by Index Recheck": 0,"Filter": "(l_commitdate < l_receiptdate)","Rows Removed by Filter": 1,"Workers": []}]}]}]}]}]},"Planning Time": 5.807,"Triggers": [],"Execution Time": 228.643}]
[{"Plan": {"Node Type": "Aggregate","Strategy": "Sorted","Partial Mode": "Finalize","Parallel Aware": false,"Async Capable": false,"Startup Cost": 51600.04,"Total Cost": 51634.39,"Plan Rows": 5,"Plan Width": 24,"Actual Startup Time": 209.883,"Actual Total Time": 233.573,"Actual Rows": 5,"Actual Loops": 1,"Group Key": ["orders.o_orderpriority"],"Plans": [{"Node Type": "Gather Merge","Parent Relationship": "Outer","Parallel Aware": false,"Async Capable": false,"Startup Cost": 51600.04,"Total Cost": 51634.27,"Plan Rows": 15,"Plan Width": 24,"Actual Startup Time": 209.491,"Actual Total Time": 233.547,"Actual Rows": 20,"Actual Loops": 1,"Workers Planned": 3,"Workers Launched": 3,"Plans": [{"Node Type": "Aggregate","Strategy": "Sorted","Partial Mode": "Partial","Parent Relationship": "Outer","Parallel Aware": false,"Async Capable": false,"Startup Cost": 50600.00,"Total Cost": 50632.47,"Plan Rows": 5,"Plan Width": 24,"Actual Startup Time": 200.555,"Actual Total Time": 201.777,"Actual Rows": 5,"Actual Loops": 4,"Group Key": ["orders.o_orderpriority"],"Workers": [],"Plans": [{"Node Type": "Sort","Parent Relationship": "Outer","Parallel Aware": false,"Async Capable": false,"Startup Cost": 50600.00,"Total Cost": 50610.81,"Plan Rows": 4322,"Plan Width": 16,"Actual Startup Time": 200.215,"Actual Total Time": 200.732,"Actual Rows": 12804,"Actual Loops": 4,"Sort Key": ["orders.o_orderpriority"],"Sort Method": "quicksort","Sort Space Used": 1105,"Sort Space Type": "Memory","Workers": [{"Worker Number": 0,"Sort Method": "quicksort","Sort Space Used": 1078,"Sort Space Type": "Memory"},{"Worker Number": 1,"Sort Method": "quicksort","Sort Space Used": 1077,"Sort Space Type": "Memory"},{"Worker Number": 2,"Sort Method": "quicksort","Sort Space Used": 1079,"Sort Space Type": "Memory"}],"Plans": [{"Node Type": "Nested Loop","Parent Relationship": "Outer","Parallel Aware": false,"Async Capable": false,"Join Type": "Semi","Startup Cost": 779.02,"Total Cost": 50339.01,"Plan Rows": 4322,"Plan Width": 16,"Actual Startup Time": 5.636,"Actual Total Time": 193.920,"Actual Rows": 12804,"Actual Loops": 4,"Inner Unique": false,"Workers": [],"Plans": [{"Node Type": "Bitmap Heap Scan","Parent Relationship": "Outer","Parallel Aware": true,"Async Capable": false,"Relation Name": "orders","Alias": "orders","Startup Cost": 778.59,"Total Cost": 27146.52,"Plan Rows": 18195,"Plan Width": 20,"Actual Startup Time": 5.497,"Actual Total Time": 58.362,"Actual Rows": 13981,"Actual Loops": 4,"Recheck Cond": "((o_orderdate >= '1993-01-01'::date) AND (o_orderdate < '1993-04-01 00:00:00'::timestamp without time zone))","Rows Removed by Index Recheck": 0,"Exact Heap Blocks": 5903,"Lossy Heap Blocks": 0,"Workers": [],"Plans": [{"Node Type": "Bitmap Index Scan","Parent Relationship": "Outer","Parallel Aware": false,"Async Capable": false,"Index Name": "idx_orders_orderdate","Startup Cost": 0.00,"Total Cost": 764.49,"Plan Rows": 56406,"Plan Width": 0,"Actual Startup Time": 9.185,"Actual Total Time": 9.187,"Actual Rows": 55924,"Actual Loops": 1,"Index Cond": "((o_orderdate >= '1993-01-01'::date) AND (o_orderdate < '1993-04-01 00:00:00'::timestamp without time zone))","Workers": []}]},{"Node Type": "Index Scan","Parent Relationship": "Inner","Parallel Aware": false,"Async Capable": false,"Scan Direction": "Forward","Index Name": "idx_lineitem_orderkey","Relation Name": "lineitem","Alias": "lineitem","Startup Cost": 0.43,"Total Cost": 4.65,"Plan Rows": 6,"Plan Width": 4,"Actual Startup Time": 0.009,"Actual Total Time": 0.009,"Actual Rows": 1,"Actual Loops": 55924,"Index Cond": "(l_orderkey = orders.o_orderkey)","Rows Removed by Index Recheck": 0,"Filter": "(l_commitdate < l_receiptdate)","Rows Removed by Filter": 1,"Workers": []}]}]}]}]}]},"Planning Time": 4.372,"Triggers": [],"Execution Time": 234.017}]
[{"Plan": {"Node Type": "Aggregate","Strategy": "Sorted","Partial Mode": "Finalize","Parallel Aware": false,"Async Capable": false,"Startup Cost": 52009.08,"Total Cost": 52044.09,"Plan Rows": 5,"Plan Width": 24,"Actual Startup Time": 215.869,"Actual Total Time": 240.226,"Actual Rows": 5,"Actual Loops": 1,"Group Key": ["orders.o_orderpriority"],"Plans": [{"Node Type": "Gather Merge","Parent Relationship": "Outer","Parallel Aware": false,"Async Capable": false,"Startup Cost": 52009.08,"Total Cost": 52043.97,"Plan Rows": 15,"Plan Width": 24,"Actual Startup Time": 215.457,"Actual Total Time": 240.206,"Actual Rows": 20,"Actual Loops": 1,"Workers Planned": 3,"Workers Launched": 3,"Plans": [{"Node Type": "Aggregate","Strategy": "Sorted","Partial Mode": "Partial","Parent Relationship": "Outer","Parallel Aware": false,"Async Capable": false,"Startup Cost": 51009.04,"Total Cost": 51042.16,"Plan Rows": 5,"Plan Width": 24,"Actual Startup Time": 207.183,"Actual Total Time": 208.446,"Actual Rows": 5,"Actual Loops": 4,"Group Key": ["orders.o_orderpriority"],"Workers": [],"Plans": [{"Node Type": "Sort","Parent Relationship": "Outer","Parallel Aware": false,"Async Capable": false,"Startup Cost": 51009.04,"Total Cost": 51020.06,"Plan Rows": 4410,"Plan Width": 16,"Actual Startup Time": 206.806,"Actual Total Time": 207.370,"Actual Rows": 13098,"Actual Loops": 4,"Sort Key": ["orders.o_orderpriority"],"Sort Method": "quicksort","Sort Space Used": 1123,"Sort Space Type": "Memory","Workers": [{"Worker Number": 0,"Sort Method": "quicksort","Sort Space Used": 1108,"Sort Space Type": "Memory"},{"Worker Number": 1,"Sort Method": "quicksort","Sort Space Used": 1075,"Sort Space Type": "Memory"},{"Worker Number": 2,"Sort Method": "quicksort","Sort Space Used": 1097,"Sort Space Type": "Memory"}],"Plans": [{"Node Type": "Nested Loop","Parent Relationship": "Outer","Parallel Aware": false,"Async Capable": false,"Join Type": "Semi","Startup Cost": 798.90,"Total Cost": 50742.09,"Plan Rows": 4410,"Plan Width": 16,"Actual Startup Time": 7.655,"Actual Total Time": 200.298,"Actual Rows": 13098,"Actual Loops": 4,"Inner Unique": false,"Workers": [],"Plans": [{"Node Type": "Bitmap Heap Scan","Parent Relationship": "Outer","Parallel Aware": true,"Async Capable": false,"Relation Name": "orders","Alias": "orders","Startup Cost": 798.47,"Total Cost": 27172.01,"Plan Rows": 18569,"Plan Width": 20,"Actual Startup Time": 7.548,"Actual Total Time": 58.251,"Actual Rows": 14284,"Actual Loops": 4,"Recheck Cond": "((o_orderdate >= '1993-08-01'::date) AND (o_orderdate < '1993-11-01 00:00:00'::timestamp without time zone))","Rows Removed by Index Recheck": 0,"Exact Heap Blocks": 5961,"Lossy Heap Blocks": 0,"Workers": [],"Plans": [{"Node Type": "Bitmap Index Scan","Parent Relationship": "Outer","Parallel Aware": false,"Async Capable": false,"Index Name": "idx_orders_orderdate","Startup Cost": 0.00,"Total Cost": 784.08,"Plan Rows": 57565,"Plan Width": 0,"Actual Startup Time": 10.621,"Actual Total Time": 10.624,"Actual Rows": 57138,"Actual Loops": 1,"Index Cond": "((o_orderdate >= '1993-08-01'::date) AND (o_orderdate < '1993-11-01 00:00:00'::timestamp without time zone))","Workers": []}]},{"Node Type": "Index Scan","Parent Relationship": "Inner","Parallel Aware": false,"Async Capable": false,"Scan Direction": "Forward","Index Name": "idx_lineitem_orderkey","Relation Name": "lineitem","Alias": "lineitem","Startup Cost": 0.43,"Total Cost": 4.62,"Plan Rows": 6,"Plan Width": 4,"Actual Startup Time": 0.010,"Actual Total Time": 0.010,"Actual Rows": 1,"Actual Loops": 57138,"Index Cond": "(l_orderkey = orders.o_orderkey)","Rows Removed by Index Recheck": 0,"Filter": "(l_commitdate < l_receiptdate)","Rows Removed by Filter": 1,"Workers": []}]}]}]}]}]},"Planning Time": 4.337,"Triggers": [],"Execution Time": 240.936}]
[{"Plan": {"Node Type": "Aggregate","Strategy": "Sorted","Partial Mode": "Finalize","Parallel Aware": false,"Async Capable": false,"Startup Cost": 50393.04,"Total Cost": 50425.42,"Plan Rows": 5,"Plan Width": 24,"Actual Startup Time": 209.179,"Actual Total Time": 234.092,"Actual Rows": 5,"Actual Loops": 1,"Group Key": ["orders.o_orderpriority"],"Plans": [{"Node Type": "Gather Merge","Parent Relationship": "Outer","Parallel Aware": false,"Async Capable": false,"Startup Cost": 50393.04,"Total Cost": 50425.30,"Plan Rows": 15,"Plan Width": 24,"Actual Startup Time": 208.857,"Actual Total Time": 234.045,"Actual Rows": 20,"Actual Loops": 1,"Workers Planned": 3,"Workers Launched": 3,"Plans": [{"Node Type": "Aggregate","Strategy": "Sorted","Partial Mode": "Partial","Parent Relationship": "Outer","Parallel Aware": false,"Async Capable": false,"Startup Cost": 49393.00,"Total Cost": 49423.49,"Plan Rows": 5,"Plan Width": 24,"Actual Startup Time": 200.343,"Actual Total Time": 201.591,"Actual Rows": 5,"Actual Loops": 4,"Group Key": ["orders.o_orderpriority"],"Workers": [],"Plans": [{"Node Type": "Sort","Parent Relationship": "Outer","Parallel Aware": false,"Async Capable": false,"Startup Cost": 49393.00,"Total Cost": 49403.15,"Plan Rows": 4059,"Plan Width": 16,"Actual Startup Time": 200.015,"Actual Total Time": 200.534,"Actual Rows": 13007,"Actual Loops": 4,"Sort Key": ["orders.o_orderpriority"],"Sort Method": "quicksort","Sort Space Used": 1034,"Sort Space Type": "Memory","Workers": [{"Worker Number": 0,"Sort Method": "quicksort","Sort Space Used": 1128,"Sort Space Type": "Memory"},{"Worker Number": 1,"Sort Method": "quicksort","Sort Space Used": 1096,"Sort Space Type": "Memory"},{"Worker Number": 2,"Sort Method": "quicksort","Sort Space Used": 1126,"Sort Space Type": "Memory"}],"Plans": [{"Node Type": "Nested Loop","Parent Relationship": "Outer","Parallel Aware": false,"Async Capable": false,"Join Type": "Semi","Startup Cost": 731.94,"Total Cost": 49149.73,"Plan Rows": 4059,"Plan Width": 16,"Actual Startup Time": 5.320,"Actual Total Time": 193.882,"Actual Rows": 13007,"Actual Loops": 4,"Inner Unique": false,"Workers": [],"Plans": [{"Node Type": "Bitmap Heap Scan","Parent Relationship": "Outer","Parallel Aware": true,"Async Capable": false,"Relation Name": "orders","Alias": "orders","Startup Cost": 731.50,"Total Cost": 27082.87,"Plan Rows": 17091,"Plan Width": 20,"Actual Startup Time": 5.198,"Actual Total Time": 56.771,"Actual Rows": 14217,"Actual Loops": 4,"Recheck Cond": "((o_orderdate >= '1995-09-01'::date) AND (o_orderdate < '1995-12-01 00:00:00'::timestamp without time zone))","Rows Removed by Index Recheck": 0,"Exact Heap Blocks": 5379,"Lossy Heap Blocks": 0,"Workers": [],"Plans": [{"Node Type": "Bitmap Index Scan","Parent Relationship": "Outer","Parallel Aware": false,"Async Capable": false,"Index Name": "idx_orders_orderdate","Startup Cost": 0.00,"Total Cost": 718.26,"Plan Rows": 52983,"Plan Width": 0,"Actual Startup Time": 8.331,"Actual Total Time": 8.335,"Actual Rows": 56867,"Actual Loops": 1,"Index Cond": "((o_orderdate >= '1995-09-01'::date) AND (o_orderdate < '1995-12-01 00:00:00'::timestamp without time zone))","Workers": []}]},{"Node Type": "Index Scan","Parent Relationship": "Inner","Parallel Aware": false,"Async Capable": false,"Scan Direction": "Forward","Index Name": "idx_lineitem_orderkey","Relation Name": "lineitem","Alias": "lineitem","Startup Cost": 0.43,"Total Cost": 4.73,"Plan Rows": 6,"Plan Width": 4,"Actual Startup Time": 0.009,"Actual Total Time": 0.009,"Actual Rows": 1,"Actual Loops": 56867,"Index Cond": "(l_orderkey = orders.o_orderkey)","Rows Removed by Index Recheck": 0,"Filter": "(l_commitdate < l_receiptdate)","Rows Removed by Filter": 1,"Workers": []}]}]}]}]}]},"Planning Time": 4.551,"Triggers": [],"Execution Time": 234.551}]
[{"Plan": {"Node Type": "Aggregate","Strategy": "Sorted","Partial Mode": "Finalize","Parallel Aware": false,"Async Capable": false,"Startup Cost": 52300.80,"Total Cost": 52336.30,"Plan Rows": 5,"Plan Width": 24,"Actual Startup Time": 211.625,"Actual Total Time": 234.968,"Actual Rows": 5,"Actual Loops": 1,"Group Key": ["orders.o_orderpriority"],"Plans": [{"Node Type": "Gather Merge","Parent Relationship": "Outer","Parallel Aware": false,"Async Capable": false,"Startup Cost": 52300.80,"Total Cost": 52336.17,"Plan Rows": 15,"Plan Width": 24,"Actual Startup Time": 211.243,"Actual Total Time": 234.943,"Actual Rows": 20,"Actual Loops": 1,"Workers Planned": 3,"Workers Launched": 3,"Plans": [{"Node Type": "Aggregate","Strategy": "Sorted","Partial Mode": "Partial","Parent Relationship": "Outer","Parallel Aware": false,"Async Capable": false,"Startup Cost": 51300.76,"Total Cost": 51334.37,"Plan Rows": 5,"Plan Width": 24,"Actual Startup Time": 201.938,"Actual Total Time": 203.221,"Actual Rows": 5,"Actual Loops": 4,"Group Key": ["orders.o_orderpriority"],"Workers": [],"Plans": [{"Node Type": "Sort","Parent Relationship": "Outer","Parallel Aware": false,"Async Capable": false,"Startup Cost": 51300.76,"Total Cost": 51311.94,"Plan Rows": 4475,"Plan Width": 16,"Actual Startup Time": 201.599,"Actual Total Time": 202.136,"Actual Rows": 13200,"Actual Loops": 4,"Sort Key": ["orders.o_orderpriority"],"Sort Method": "quicksort","Sort Space Used": 1121,"Sort Space Type": "Memory","Workers": [{"Worker Number": 0,"Sort Method": "quicksort","Sort Space Used": 1104,"Sort Space Type": "Memory"},{"Worker Number": 1,"Sort Method": "quicksort","Sort Space Used": 1103,"Sort Space Type": "Memory"},{"Worker Number": 2,"Sort Method": "quicksort","Sort Space Used": 1097,"Sort Space Type": "Memory"}],"Plans": [{"Node Type": "Nested Loop","Parent Relationship": "Outer","Parallel Aware": false,"Async Capable": false,"Join Type": "Semi","Startup Cost": 807.53,"Total Cost": 51029.40,"Plan Rows": 4475,"Plan Width": 16,"Actual Startup Time": 4.691,"Actual Total Time": 194.955,"Actual Rows": 13200,"Actual Loops": 4,"Inner Unique": false,"Workers": [],"Plans": [{"Node Type": "Bitmap Heap Scan","Parent Relationship": "Outer","Parallel Aware": true,"Async Capable": false,"Relation Name": "orders","Alias": "orders","Startup Cost": 807.10,"Total Cost": 27184.71,"Plan Rows": 18841,"Plan Width": 20,"Actual Startup Time": 4.548,"Actual Total Time": 57.646,"Actual Rows": 14379,"Actual Loops": 4,"Recheck Cond": "((o_orderdate >= '1996-10-01'::date) AND (o_orderdate < '1997-01-01 00:00:00'::timestamp without time zone))","Rows Removed by Index Recheck": 0,"Exact Heap Blocks": 5956,"Lossy Heap Blocks": 0,"Workers": [],"Plans": [{"Node Type": "Bitmap Index Scan","Parent Relationship": "Outer","Parallel Aware": false,"Async Capable": false,"Index Name": "idx_orders_orderdate","Startup Cost": 0.00,"Total Cost": 792.50,"Plan Rows": 58407,"Plan Width": 0,"Actual Startup Time": 8.165,"Actual Total Time": 8.167,"Actual Rows": 57515,"Actual Loops": 1,"Index Cond": "((o_orderdate >= '1996-10-01'::date) AND (o_orderdate < '1997-01-01 00:00:00'::timestamp without time zone))","Workers": []}]},{"Node Type": "Index Scan","Parent Relationship": "Inner","Parallel Aware": false,"Async Capable": false,"Scan Direction": "Forward","Index Name": "idx_lineitem_orderkey","Relation Name": "lineitem","Alias": "lineitem","Startup Cost": 0.43,"Total Cost": 4.60,"Plan Rows": 6,"Plan Width": 4,"Actual Startup Time": 0.009,"Actual Total Time": 0.009,"Actual Rows": 1,"Actual Loops": 57515,"Index Cond": "(l_orderkey = orders.o_orderkey)","Rows Removed by Index Recheck": 0,"Filter": "(l_commitdate < l_receiptdate)","Rows Removed by Filter": 1,"Workers": []}]}]}]}]}]},"Planning Time": 5.090,"Triggers": [],"Execution Time": 235.437}]
[{"Plan": {"Node Type": "Aggregate","Strategy": "Sorted","Partial Mode": "Finalize","Parallel Aware": false,"Async Capable": false,"Startup Cost": 52110.38,"Total Cost": 52145.56,"Plan Rows": 5,"Plan Width": 24,"Actual Startup Time": 207.799,"Actual Total Time": 232.338,"Actual Rows": 5,"Actual Loops": 1,"Group Key": ["orders.o_orderpriority"],"Plans": [{"Node Type": "Gather Merge","Parent Relationship": "Outer","Parallel Aware": false,"Async Capable": false,"Startup Cost": 52110.38,"Total Cost": 52145.44,"Plan Rows": 15,"Plan Width": 24,"Actual Startup Time": 207.395,"Actual Total Time": 232.308,"Actual Rows": 20,"Actual Loops": 1,"Workers Planned": 3,"Workers Launched": 3,"Plans": [{"Node Type": "Aggregate","Strategy": "Sorted","Partial Mode": "Partial","Parent Relationship": "Outer","Parallel Aware": false,"Async Capable": false,"Startup Cost": 51110.34,"Total Cost": 51143.64,"Plan Rows": 5,"Plan Width": 24,"Actual Startup Time": 198.996,"Actual Total Time": 200.262,"Actual Rows": 5,"Actual Loops": 4,"Group Key": ["orders.o_orderpriority"],"Workers": [],"Plans": [{"Node Type": "Sort","Parent Relationship": "Outer","Parallel Aware": false,"Async Capable": false,"Startup Cost": 51110.34,"Total Cost": 51121.42,"Plan Rows": 4433,"Plan Width": 16,"Actual Startup Time": 198.663,"Actual Total Time": 199.184,"Actual Rows": 13136,"Actual Loops": 4,"Sort Key": ["orders.o_orderpriority"],"Sort Method": "quicksort","Sort Space Used": 1098,"Sort Space Type": "Memory","Workers": [{"Worker Number": 0,"Sort Method": "quicksort","Sort Space Used": 1102,"Sort Space Type": "Memory"},{"Worker Number": 1,"Sort Method": "quicksort","Sort Space Used": 1095,"Sort Space Type": "Memory"},{"Worker Number": 2,"Sort Method": "quicksort","Sort Space Used": 1117,"Sort Space Type": "Memory"}],"Plans": [{"Node Type": "Nested Loop","Parent Relationship": "Outer","Parallel Aware": false,"Async Capable": false,"Join Type": "Semi","Startup Cost": 801.88,"Total Cost": 50841.83,"Plan Rows": 4433,"Plan Width": 16,"Actual Startup Time": 5.393,"Actual Total Time": 192.263,"Actual Rows": 13136,"Actual Loops": 4,"Inner Unique": false,"Workers": [],"Plans": [{"Node Type": "Bitmap Heap Scan","Parent Relationship": "Outer","Parallel Aware": true,"Async Capable": false,"Relation Name": "orders","Alias": "orders","Startup Cost": 801.45,"Total Cost": 27176.40,"Plan Rows": 18663,"Plan Width": 20,"Actual Startup Time": 5.231,"Actual Total Time": 56.374,"Actual Rows": 14326,"Actual Loops": 4,"Recheck Cond": "((o_orderdate >= '1997-10-01'::date) AND (o_orderdate < '1998-01-01 00:00:00'::timestamp without time zone))","Rows Removed by Index Recheck": 0,"Exact Heap Blocks": 5845,"Lossy Heap Blocks": 0,"Workers": [],"Plans": [{"Node Type": "Bitmap Index Scan","Parent Relationship": "Outer","Parallel Aware": false,"Async Capable": false,"Index Name": "idx_orders_orderdate","Startup Cost": 0.00,"Total Cost": 786.99,"Plan Rows": 57856,"Plan Width": 0,"Actual Startup Time": 8.327,"Actual Total Time": 8.329,"Actual Rows": 57306,"Actual Loops": 1,"Index Cond": "((o_orderdate >= '1997-10-01'::date) AND (o_orderdate < '1998-01-01 00:00:00'::timestamp without time zone))","Workers": []}]},{"Node Type": "Index Scan","Parent Relationship": "Inner","Parallel Aware": false,"Async Capable": false,"Scan Direction": "Forward","Index Name": "idx_lineitem_orderkey","Relation Name": "lineitem","Alias": "lineitem","Startup Cost": 0.43,"Total Cost": 4.61,"Plan Rows": 6,"Plan Width": 4,"Actual Startup Time": 0.009,"Actual Total Time": 0.009,"Actual Rows": 1,"Actual Loops": 57306,"Index Cond": "(l_orderkey = orders.o_orderkey)","Rows Removed by Index Recheck": 0,"Filter": "(l_commitdate < l_receiptdate)","Rows Removed by Filter": 1,"Workers": []}]}]}]}]}]},"Planning Time": 4.856,"Triggers": [],"Execution Time": 233.068}]
[{"Plan": {"Node Type": "Aggregate","Strategy": "Sorted","Partial Mode": "Finalize","Parallel Aware": false,"Async Capable": false,"Startup Cost": 51563.06,"Total Cost": 51597.36,"Plan Rows": 5,"Plan Width": 24,"Actual Startup Time": 209.353,"Actual Total Time": 233.705,"Actual Rows": 5,"Actual Loops": 1,"Group Key": ["orders.o_orderpriority"],"Plans": [{"Node Type": "Gather Merge","Parent Relationship": "Outer","Parallel Aware": false,"Async Capable": false,"Startup Cost": 51563.06,"Total Cost": 51597.23,"Plan Rows": 15,"Plan Width": 24,"Actual Startup Time": 208.928,"Actual Total Time": 233.674,"Actual Rows": 20,"Actual Loops": 1,"Workers Planned": 3,"Workers Launched": 3,"Plans": [{"Node Type": "Aggregate","Strategy": "Sorted","Partial Mode": "Partial","Parent Relationship": "Outer","Parallel Aware": false,"Async Capable": false,"Startup Cost": 50563.02,"Total Cost": 50595.43,"Plan Rows": 5,"Plan Width": 24,"Actual Startup Time": 200.123,"Actual Total Time": 201.359,"Actual Rows": 5,"Actual Loops": 4,"Group Key": ["orders.o_orderpriority"],"Workers": [],"Plans": [{"Node Type": "Sort","Parent Relationship": "Outer","Parallel Aware": false,"Async Capable": false,"Startup Cost": 50563.02,"Total Cost": 50573.81,"Plan Rows": 4314,"Plan Width": 16,"Actual Startup Time": 199.793,"Actual Total Time": 200.293,"Actual Rows": 12936,"Actual Loops": 4,"Sort Key": ["orders.o_orderpriority"],"Sort Method": "quicksort","Sort Space Used": 1088,"Sort Space Type": "Memory","Workers": [{"Worker Number": 0,"Sort Method": "quicksort","Sort Space Used": 1073,"Sort Space Type": "Memory"},{"Worker Number": 1,"Sort Method": "quicksort","Sort Space Used": 1104,"Sort Space Type": "Memory"},{"Worker Number": 2,"Sort Method": "quicksort","Sort Space Used": 1102,"Sort Space Type": "Memory"}],"Plans": [{"Node Type": "Nested Loop","Parent Relationship": "Outer","Parallel Aware": false,"Async Capable": false,"Join Type": "Semi","Startup Cost": 777.94,"Total Cost": 50302.57,"Plan Rows": 4314,"Plan Width": 16,"Actual Startup Time": 5.390,"Actual Total Time": 193.555,"Actual Rows": 12936,"Actual Loops": 4,"Inner Unique": false,"Workers": [],"Plans": [{"Node Type": "Bitmap Heap Scan","Parent Relationship": "Outer","Parallel Aware": true,"Async Capable": false,"Relation Name": "orders","Alias": "orders","Startup Cost": 777.50,"Total Cost": 27144.92,"Plan Rows": 18161,"Plan Width": 20,"Actual Startup Time": 5.246,"Actual Total Time": 58.249,"Actual Rows": 14114,"Actual Loops": 4,"Recheck Cond": "((o_orderdate >= '1997-09-01'::date) AND (o_orderdate < '1997-12-01 00:00:00'::timestamp without time zone))","Rows Removed by Index Recheck": 0,"Exact Heap Blocks": 5736,"Lossy Heap Blocks": 0,"Workers": [],"Plans": [{"Node Type": "Bitmap Index Scan","Parent Relationship": "Outer","Parallel Aware": false,"Async Capable": false,"Index Name": "idx_orders_orderdate","Startup Cost": 0.00,"Total Cost": 763.43,"Plan Rows": 56300,"Plan Width": 0,"Actual Startup Time": 8.862,"Actual Total Time": 8.862,"Actual Rows": 56454,"Actual Loops": 1,"Index Cond": "((o_orderdate >= '1997-09-01'::date) AND (o_orderdate < '1997-12-01 00:00:00'::timestamp without time zone))","Workers": []}]},{"Node Type": "Index Scan","Parent Relationship": "Inner","Parallel Aware": false,"Async Capable": false,"Scan Direction": "Forward","Index Name": "idx_lineitem_orderkey","Relation Name": "lineitem","Alias": "lineitem","Startup Cost": 0.43,"Total Cost": 4.65,"Plan Rows": 6,"Plan Width": 4,"Actual Startup Time": 0.009,"Actual Total Time": 0.009,"Actual Rows": 1,"Actual Loops": 56454,"Index Cond": "(l_orderkey = orders.o_orderkey)","Rows Removed by Index Recheck": 0,"Filter": "(l_commitdate < l_receiptdate)","Rows Removed by Filter": 1,"Workers": []}]}]}]}]}]},"Planning Time": 5.783,"Triggers": [],"Execution Time": 234.121}]
[{"Plan": {"Node Type": "Aggregate","Strategy": "Sorted","Partial Mode": "Finalize","Parallel Aware": false,"Async Capable": false,"Startup Cost": 52283.40,"Total Cost": 52318.87,"Plan Rows": 5,"Plan Width": 24,"Actual Startup Time": 207.856,"Actual Total Time": 232.061,"Actual Rows": 5,"Actual Loops": 1,"Group Key": ["orders.o_orderpriority"],"Plans": [{"Node Type": "Gather Merge","Parent Relationship": "Outer","Parallel Aware": false,"Async Capable": false,"Startup Cost": 52283.40,"Total Cost": 52318.75,"Plan Rows": 15,"Plan Width": 24,"Actual Startup Time": 207.460,"Actual Total Time": 232.033,"Actual Rows": 20,"Actual Loops": 1,"Workers Planned": 3,"Workers Launched": 3,"Plans": [{"Node Type": "Aggregate","Strategy": "Sorted","Partial Mode": "Partial","Parent Relationship": "Outer","Parallel Aware": false,"Async Capable": false,"Startup Cost": 51283.36,"Total Cost": 51316.95,"Plan Rows": 5,"Plan Width": 24,"Actual Startup Time": 198.383,"Actual Total Time": 199.637,"Actual Rows": 5,"Actual Loops": 4,"Group Key": ["orders.o_orderpriority"],"Workers": [],"Plans": [{"Node Type": "Sort","Parent Relationship": "Outer","Parallel Aware": false,"Async Capable": false,"Startup Cost": 51283.36,"Total Cost": 51294.54,"Plan Rows": 4471,"Plan Width": 16,"Actual Startup Time": 198.029,"Actual Total Time": 198.557,"Actual Rows": 12996,"Actual Loops": 4,"Sort Key": ["orders.o_orderpriority"],"Sort Method": "quicksort","Sort Space Used": 1092,"Sort Space Type": "Memory","Workers": [{"Worker Number": 0,"Sort Method": "quicksort","Sort Space Used": 1114,"Sort Space Type": "Memory"},{"Worker Number": 1,"Sort Method": "quicksort","Sort Space Used": 1076,"Sort Space Type": "Memory"},{"Worker Number": 2,"Sort Method": "quicksort","Sort Space Used": 1099,"Sort Space Type": "Memory"}],"Plans": [{"Node Type": "Nested Loop","Parent Relationship": "Outer","Parallel Aware": false,"Async Capable": false,"Join Type": "Semi","Startup Cost": 807.02,"Total Cost": 51012.28,"Plan Rows": 4471,"Plan Width": 16,"Actual Startup Time": 5.146,"Actual Total Time": 191.580,"Actual Rows": 12996,"Actual Loops": 4,"Inner Unique": false,"Workers": [],"Plans": [{"Node Type": "Bitmap Heap Scan","Parent Relationship": "Outer","Parallel Aware": true,"Async Capable": false,"Relation Name": "orders","Alias": "orders","Startup Cost": 806.59,"Total Cost": 27183.96,"Plan Rows": 18825,"Plan Width": 20,"Actual Startup Time": 5.016,"Actual Total Time": 56.818,"Actual Rows": 14161,"Actual Loops": 4,"Recheck Cond": "((o_orderdate >= '1994-04-01'::date) AND (o_orderdate < '1994-07-01 00:00:00'::timestamp without time zone))","Rows Removed by Index Recheck": 0,"Exact Heap Blocks": 5770,"Lossy Heap Blocks": 0,"Workers": [],"Plans": [{"Node Type": "Bitmap Index Scan","Parent Relationship": "Outer","Parallel Aware": false,"Async Capable": false,"Index Name": "idx_orders_orderdate","Startup Cost": 0.00,"Total Cost": 792.00,"Plan Rows": 58357,"Plan Width": 0,"Actual Startup Time": 8.503,"Actual Total Time": 8.503,"Actual Rows": 56645,"Actual Loops": 1,"Index Cond": "((o_orderdate >= '1994-04-01'::date) AND (o_orderdate < '1994-07-01 00:00:00'::timestamp without time zone))","Workers": []}]},{"Node Type": "Index Scan","Parent Relationship": "Inner","Parallel Aware": false,"Async Capable": false,"Scan Direction": "Forward","Index Name": "idx_lineitem_orderkey","Relation Name": "lineitem","Alias": "lineitem","Startup Cost": 0.43,"Total Cost": 4.60,"Plan Rows": 6,"Plan Width": 4,"Actual Startup Time": 0.009,"Actual Total Time": 0.009,"Actual Rows": 1,"Actual Loops": 56645,"Index Cond": "(l_orderkey = orders.o_orderkey)","Rows Removed by Index Recheck": 0,"Filter": "(l_commitdate < l_receiptdate)","Rows Removed by Filter": 1,"Workers": []}]}]}]}]}]},"Planning Time": 4.301,"Triggers": [],"Execution Time": 232.692}]
[{"Plan": {"Node Type": "Aggregate","Strategy": "Sorted","Partial Mode": "Finalize","Parallel Aware": false,"Async Capable": false,"Startup Cost": 52110.38,"Total Cost": 52145.56,"Plan Rows": 5,"Plan Width": 24,"Actual Startup Time": 207.799,"Actual Total Time": 232.338,"Actual Rows": 5,"Actual Loops": 1,"Group Key": ["orders.o_orderpriority"],"Plans": [{"Node Type": "Gather Merge","Parent Relationship": "Outer","Parallel Aware": false,"Async Capable": false,"Startup Cost": 52110.38,"Total Cost": 52145.44,"Plan Rows": 15,"Plan Width": 24,"Actual Startup Time": 207.395,"Actual Total Time": 232.308,"Actual Rows": 20,"Actual Loops": 1,"Workers Planned": 3,"Workers Launched": 3,"Plans": [{"Node Type": "Aggregate","Strategy": "Sorted","Partial Mode": "Partial","Parent Relationship": "Outer","Parallel Aware": false,"Async Capable": false,"Startup Cost": 51110.34,"Total Cost": 51143.64,"Plan Rows": 5,"Plan Width": 24,"Actual Startup Time": 198.996,"Actual Total Time": 200.262,"Actual Rows": 5,"Actual Loops": 4,"Group Key": ["orders.o_orderpriority"],"Workers": [],"Plans": [{"Node Type": "Sort","Parent Relationship": "Outer","Parallel Aware": false,"Async Capable": false,"Startup Cost": 51110.34,"Total Cost": 51121.42,"Plan Rows": 4433,"Plan Width": 16,"Actual Startup Time": 198.663,"Actual Total Time": 199.184,"Actual Rows": 13136,"Actual Loops": 4,"Sort Key": ["orders.o_orderpriority"],"Sort Method": "quicksort","Sort Space Used": 1098,"Sort Space Type": "Memory","Workers": [{"Worker Number": 0,"Sort Method": "quicksort","Sort Space Used": 1102,"Sort Space Type": "Memory"},{"Worker Number": 1,"Sort Method": "quicksort","Sort Space Used": 1095,"Sort Space Type": "Memory"},{"Worker Number": 2,"Sort Method": "quicksort","Sort Space Used": 1117,"Sort Space Type": "Memory"}],"Plans": [{"Node Type": "Nested Loop","Parent Relationship": "Outer","Parallel Aware": false,"Async Capable": false,"Join Type": "Semi","Startup Cost": 801.88,"Total Cost": 50841.83,"Plan Rows": 4433,"Plan Width": 16,"Actual Startup Time": 5.393,"Actual Total Time": 192.263,"Actual Rows": 13136,"Actual Loops": 4,"Inner Unique": false,"Workers": [],"Plans": [{"Node Type": "Bitmap Heap Scan","Parent Relationship": "Outer","Parallel Aware": true,"Async Capable": false,"Relation Name": "orders","Alias": "orders","Startup Cost": 801.45,"Total Cost": 27176.40,"Plan Rows": 18663,"Plan Width": 20,"Actual Startup Time": 5.231,"Actual Total Time": 56.374,"Actual Rows": 14326,"Actual Loops": 4,"Recheck Cond": "((o_orderdate >= '1997-10-01'::date) AND (o_orderdate < '1998-01-01 00:00:00'::timestamp without time zone))","Rows Removed by Index Recheck": 0,"Exact Heap Blocks": 5845,"Lossy Heap Blocks": 0,"Workers": [],"Plans": [{"Node Type": "Bitmap Index Scan","Parent Relationship": "Outer","Parallel Aware": false,"Async Capable": false,"Index Name": "idx_orders_orderdate","Startup Cost": 0.00,"Total Cost": 786.99,"Plan Rows": 57856,"Plan Width": 0,"Actual Startup Time": 8.327,"Actual Total Time": 8.329,"Actual Rows": 57306,"Actual Loops": 1,"Index Cond": "((o_orderdate >= '1997-10-01'::date) AND (o_orderdate < '1998-01-01 00:00:00'::timestamp without time zone))","Workers": []}]},{"Node Type": "Index Scan","Parent Relationship": "Inner","Parallel Aware": false,"Async Capable": false,"Scan Direction": "Forward","Index Name": "idx_lineitem_orderkey","Relation Name": "lineitem","Alias": "lineitem","Startup Cost": 0.43,"Total Cost": 4.61,"Plan Rows": 6,"Plan Width": 4,"Actual Startup Time": 0.009,"Actual Total Time": 0.009,"Actual Rows": 1,"Actual Loops": 57306,"Index Cond": "(l_orderkey = orders.o_orderkey)","Rows Removed by Index Recheck": 0,"Filter": "(l_commitdate < l_receiptdate)","Rows Removed by Filter": 1,"Workers": []}]}]}]}]}]},"Planning Time": 4.856,"Triggers": [],"Execution Time": 233.068}]
[{"Plan": {"Node Type": "Aggregate","Strategy": "Sorted","Partial Mode": "Finalize","Parallel Aware": false,"Async Capable": false,"Startup Cost": 51385.62,"Total Cost": 51419.61,"Plan Rows": 5,"Plan Width": 24,"Actual Startup Time": 204.677,"Actual Total Time": 227.427,"Actual Rows": 5,"Actual Loops": 1,"Group Key": ["orders.o_orderpriority"],"Plans": [{"Node Type": "Gather Merge","Parent Relationship": "Outer","Parallel Aware": false,"Async Capable": false,"Startup Cost": 51385.62,"Total Cost": 51419.48,"Plan Rows": 15,"Plan Width": 24,"Actual Startup Time": 204.256,"Actual Total Time": 227.400,"Actual Rows": 20,"Actual Loops": 1,"Workers Planned": 3,"Workers Launched": 3,"Plans": [{"Node Type": "Aggregate","Strategy": "Sorted","Partial Mode": "Partial","Parent Relationship": "Outer","Parallel Aware": false,"Async Capable": false,"Startup Cost": 50385.58,"Total Cost": 50417.68,"Plan Rows": 5,"Plan Width": 24,"Actual Startup Time": 194.834,"Actual Total Time": 196.154,"Actual Rows": 5,"Actual Loops": 4,"Group Key": ["orders.o_orderpriority"],"Workers": [],"Plans": [{"Node Type": "Sort","Parent Relationship": "Outer","Parallel Aware": false,"Async Capable": false,"Startup Cost": 50385.58,"Total Cost": 50396.26,"Plan Rows": 4274,"Plan Width": 16,"Actual Startup Time": 194.461,"Actual Total Time": 195.077,"Actual Rows": 12672,"Actual Loops": 4,"Sort Key": ["orders.o_orderpriority"],"Sort Method": "quicksort","Sort Space Used": 1091,"Sort Space Type": "Memory","Workers": [{"Worker Number": 0,"Sort Method": "quicksort","Sort Space Used": 1078,"Sort Space Type": "Memory"},{"Worker Number": 1,"Sort Method": "quicksort","Sort Space Used": 1070,"Sort Space Type": "Memory"},{"Worker Number": 2,"Sort Method": "quicksort","Sort Space Used": 1070,"Sort Space Type": "Memory"}],"Plans": [{"Node Type": "Nested Loop","Parent Relationship": "Outer","Parallel Aware": false,"Async Capable": false,"Join Type": "Semi","Startup Cost": 772.67,"Total Cost": 50127.83,"Plan Rows": 4274,"Plan Width": 16,"Actual Startup Time": 5.232,"Actual Total Time": 188.261,"Actual Rows": 12672,"Actual Loops": 4,"Inner Unique": false,"Workers": [],"Plans": [{"Node Type": "Bitmap Heap Scan","Parent Relationship": "Outer","Parallel Aware": true,"Async Capable": false,"Relation Name": "orders","Alias": "orders","Startup Cost": 772.23,"Total Cost": 27137.17,"Plan Rows": 17996,"Plan Width": 20,"Actual Startup Time": 5.082,"Actual Total Time": 55.866,"Actual Rows": 13816,"Actual Loops": 4,"Recheck Cond": "((o_orderdate >= '1993-02-01'::date) AND (o_orderdate < '1993-05-01 00:00:00'::timestamp without time zone))","Rows Removed by Index Recheck": 0,"Exact Heap Blocks": 5921,"Lossy Heap Blocks": 0,"Workers": [],"Plans": [{"Node Type": "Bitmap Index Scan","Parent Relationship": "Outer","Parallel Aware": false,"Async Capable": false,"Index Name": "idx_orders_orderdate","Startup Cost": 0.00,"Total Cost": 758.29,"Plan Rows": 55786,"Plan Width": 0,"Actual Startup Time": 8.614,"Actual Total Time": 8.615,"Actual Rows": 55266,"Actual Loops": 1,"Index Cond": "((o_orderdate >= '1993-02-01'::date) AND (o_orderdate < '1993-05-01 00:00:00'::timestamp without time zone))","Workers": []}]},{"Node Type": "Index Scan","Parent Relationship": "Inner","Parallel Aware": false,"Async Capable": false,"Scan Direction": "Forward","Index Name": "idx_lineitem_orderkey","Relation Name": "lineitem","Alias": "lineitem","Startup Cost": 0.43,"Total Cost": 4.66,"Plan Rows": 6,"Plan Width": 4,"Actual Startup Time": 0.009,"Actual Total Time": 0.009,"Actual Rows": 1,"Actual Loops": 55266,"Index Cond": "(l_orderkey = orders.o_orderkey)","Rows Removed by Index Recheck": 0,"Filter": "(l_commitdate < l_receiptdate)","Rows Removed by Filter": 1,"Workers": []}]}]}]}]}]},"Planning Time": 4.231,"Triggers": [],"Execution Time": 227.850}]
[{"Plan": {"Node Type": "Aggregate","Strategy": "Sorted","Partial Mode": "Finalize","Parallel Aware": false,"Async Capable": false,"Startup Cost": 51238.03,"Total Cost": 51271.79,"Plan Rows": 5,"Plan Width": 24,"Actual Startup Time": 206.342,"Actual Total Time": 229.906,"Actual Rows": 5,"Actual Loops": 1,"Group Key": ["orders.o_orderpriority"],"Plans": [{"Node Type": "Gather Merge","Parent Relationship": "Outer","Parallel Aware": false,"Async Capable": false,"Startup Cost": 51238.03,"Total Cost": 51271.66,"Plan Rows": 15,"Plan Width": 24,"Actual Startup Time": 205.980,"Actual Total Time": 229.872,"Actual Rows": 20,"Actual Loops": 1,"Workers Planned": 3,"Workers Launched": 3,"Plans": [{"Node Type": "Aggregate","Strategy": "Sorted","Partial Mode": "Partial","Parent Relationship": "Outer","Parallel Aware": false,"Async Capable": false,"Startup Cost": 50237.99,"Total Cost": 50269.86,"Plan Rows": 5,"Plan Width": 24,"Actual Startup Time": 197.337,"Actual Total Time": 198.545,"Actual Rows": 5,"Actual Loops": 4,"Group Key": ["orders.o_orderpriority"],"Workers": [],"Plans": [{"Node Type": "Sort","Parent Relationship": "Outer","Parallel Aware": false,"Async Capable": false,"Startup Cost": 50237.99,"Total Cost": 50248.60,"Plan Rows": 4242,"Plan Width": 16,"Actual Startup Time": 196.993,"Actual Total Time": 197.500,"Actual Rows": 12841,"Actual Loops": 4,"Sort Key": ["orders.o_orderpriority"],"Sort Method": "quicksort","Sort Space Used": 1096,"Sort Space Type": "Memory","Workers": [{"Worker Number": 0,"Sort Method": "quicksort","Sort Space Used": 1080,"Sort Space Type": "Memory"},{"Worker Number": 1,"Sort Method": "quicksort","Sort Space Used": 1090,"Sort Space Type": "Memory"},{"Worker Number": 2,"Sort Method": "quicksort","Sort Space Used": 1080,"Sort Space Type": "Memory"}],"Plans": [{"Node Type": "Nested Loop","Parent Relationship": "Outer","Parallel Aware": false,"Async Capable": false,"Join Type": "Semi","Startup Cost": 768.33,"Total Cost": 49982.40,"Plan Rows": 4242,"Plan Width": 16,"Actual Startup Time": 4.735,"Actual Total Time": 190.817,"Actual Rows": 12841,"Actual Loops": 4,"Inner Unique": false,"Workers": [],"Plans": [{"Node Type": "Bitmap Heap Scan","Parent Relationship": "Outer","Parallel Aware": true,"Async Capable": false,"Relation Name": "orders","Alias": "orders","Startup Cost": 767.90,"Total Cost": 27130.78,"Plan Rows": 17859,"Plan Width": 20,"Actual Startup Time": 4.625,"Actual Total Time": 56.703,"Actual Rows": 14004,"Actual Loops": 4,"Recheck Cond": "((o_orderdate >= '1996-12-01'::date) AND (o_orderdate < '1997-03-01 00:00:00'::timestamp without time zone))","Rows Removed by Index Recheck": 0,"Exact Heap Blocks": 5899,"Lossy Heap Blocks": 0,"Workers": [],"Plans": [{"Node Type": "Bitmap Index Scan","Parent Relationship": "Outer","Parallel Aware": false,"Async Capable": false,"Index Name": "idx_orders_orderdate","Startup Cost": 0.00,"Total Cost": 754.06,"Plan Rows": 55363,"Plan Width": 0,"Actual Startup Time": 8.139,"Actual Total Time": 8.140,"Actual Rows": 56016,"Actual Loops": 1,"Index Cond": "((o_orderdate >= '1996-12-01'::date) AND (o_orderdate < '1997-03-01 00:00:00'::timestamp without time zone))","Workers": []}]},{"Node Type": "Index Scan","Parent Relationship": "Inner","Parallel Aware": false,"Async Capable": false,"Scan Direction": "Forward","Index Name": "idx_lineitem_orderkey","Relation Name": "lineitem","Alias": "lineitem","Startup Cost": 0.43,"Total Cost": 4.67,"Plan Rows": 6,"Plan Width": 4,"Actual Startup Time": 0.009,"Actual Total Time": 0.009,"Actual Rows": 1,"Actual Loops": 56016,"Index Cond": "(l_orderkey = orders.o_orderkey)","Rows Removed by Index Recheck": 0,"Filter": "(l_commitdate < l_receiptdate)","Rows Removed by Filter": 1,"Workers": []}]}]}]}]}]},"Planning Time": 5.768,"Triggers": [],"Execution Time": 230.293}]
[{"Plan": {"Node Type": "Aggregate","Strategy": "Sorted","Partial Mode": "Finalize","Parallel Aware": false,"Async Capable": false,"Startup Cost": 51912.42,"Total Cost": 51947.28,"Plan Rows": 5,"Plan Width": 24,"Actual Startup Time": 209.106,"Actual Total Time": 232.724,"Actual Rows": 5,"Actual Loops": 1,"Group Key": ["orders.o_orderpriority"],"Plans": [{"Node Type": "Gather Merge","Parent Relationship": "Outer","Parallel Aware": false,"Async Capable": false,"Startup Cost": 51912.42,"Total Cost": 51947.15,"Plan Rows": 15,"Plan Width": 24,"Actual Startup Time": 208.787,"Actual Total Time": 232.700,"Actual Rows": 20,"Actual Loops": 1,"Workers Planned": 3,"Workers Launched": 3,"Plans": [{"Node Type": "Aggregate","Strategy": "Sorted","Partial Mode": "Partial","Parent Relationship": "Outer","Parallel Aware": false,"Async Capable": false,"Startup Cost": 50912.38,"Total Cost": 50945.35,"Plan Rows": 5,"Plan Width": 24,"Actual Startup Time": 198.950,"Actual Total Time": 200.277,"Actual Rows": 5,"Actual Loops": 4,"Group Key": ["orders.o_orderpriority"],"Workers": [],"Plans": [{"Node Type": "Sort","Parent Relationship": "Outer","Parallel Aware": false,"Async Capable": false,"Startup Cost": 50912.38,"Total Cost": 50923.35,"Plan Rows": 4390,"Plan Width": 16,"Actual Startup Time": 198.592,"Actual Total Time": 199.146,"Actual Rows": 13050,"Actual Loops": 4,"Sort Key": ["orders.o_orderpriority"],"Sort Method": "quicksort","Sort Space Used": 1053,"Sort Space Type": "Memory","Workers": [{"Worker Number": 0,"Sort Method": "quicksort","Sort Space Used": 1117,"Sort Space Type": "Memory"},{"Worker Number": 1,"Sort Method": "quicksort","Sort Space Used": 1102,"Sort Space Type": "Memory"},{"Worker Number": 2,"Sort Method": "quicksort","Sort Space Used": 1121,"Sort Space Type": "Memory"}],"Plans": [{"Node Type": "Nested Loop","Parent Relationship": "Outer","Parallel Aware": false,"Async Capable": false,"Join Type": "Semi","Startup Cost": 792.13,"Total Cost": 50646.78,"Plan Rows": 4390,"Plan Width": 16,"Actual Startup Time": 5.115,"Actual Total Time": 192.167,"Actual Rows": 13050,"Actual Loops": 4,"Inner Unique": false,"Workers": [],"Plans": [{"Node Type": "Bitmap Heap Scan","Parent Relationship": "Outer","Parallel Aware": true,"Async Capable": false,"Relation Name": "orders","Alias": "orders","Startup Cost": 791.70,"Total Cost": 27163.94,"Plan Rows": 18482,"Plan Width": 20,"Actual Startup Time": 4.954,"Actual Total Time": 57.279,"Actual Rows": 14234,"Actual Loops": 4,"Recheck Cond": "((o_orderdate >= '1993-03-01'::date) AND (o_orderdate < '1993-06-01 00:00:00'::timestamp without time zone))","Rows Removed by Index Recheck": 0,"Exact Heap Blocks": 5494,"Lossy Heap Blocks": 0,"Workers": [],"Plans": [{"Node Type": "Bitmap Index Scan","Parent Relationship": "Outer","Parallel Aware": false,"Async Capable": false,"Index Name": "idx_orders_orderdate","Startup Cost": 0.00,"Total Cost": 777.38,"Plan Rows": 57295,"Plan Width": 0,"Actual Startup Time": 8.540,"Actual Total Time": 8.541,"Actual Rows": 56934,"Actual Loops": 1,"Index Cond": "((o_orderdate >= '1993-03-01'::date) AND (o_orderdate < '1993-06-01 00:00:00'::timestamp without time zone))","Workers": []}]},{"Node Type": "Index Scan","Parent Relationship": "Inner","Parallel Aware": false,"Async Capable": false,"Scan Direction": "Forward","Index Name": "idx_lineitem_orderkey","Relation Name": "lineitem","Alias": "lineitem","Startup Cost": 0.43,"Total Cost": 4.62,"Plan Rows": 6,"Plan Width": 4,"Actual Startup Time": 0.009,"Actual Total Time": 0.009,"Actual Rows": 1,"Actual Loops": 56934,"Index Cond": "(l_orderkey = orders.o_orderkey)","Rows Removed by Index Recheck": 0,"Filter": "(l_commitdate < l_receiptdate)","Rows Removed by Filter": 1,"Workers": []}]}]}]}]}]},"Planning Time": 5.801,"Triggers": [],"Execution Time": 233.171}]
[{"Plan": {"Node Type": "Aggregate","Strategy": "Sorted","Partial Mode": "Finalize","Parallel Aware": false,"Async Capable": false,"Startup Cost": 52264.46,"Total Cost": 52299.90,"Plan Rows": 5,"Plan Width": 24,"Actual Startup Time": 210.297,"Actual Total Time": 234.648,"Actual Rows": 5,"Actual Loops": 1,"Group Key": ["orders.o_orderpriority"],"Plans": [{"Node Type": "Gather Merge","Parent Relationship": "Outer","Parallel Aware": false,"Async Capable": false,"Startup Cost": 52264.46,"Total Cost": 52299.77,"Plan Rows": 15,"Plan Width": 24,"Actual Startup Time": 209.879,"Actual Total Time": 234.625,"Actual Rows": 20,"Actual Loops": 1,"Workers Planned": 3,"Workers Launched": 3,"Plans": [{"Node Type": "Aggregate","Strategy": "Sorted","Partial Mode": "Partial","Parent Relationship": "Outer","Parallel Aware": false,"Async Capable": false,"Startup Cost": 51264.42,"Total Cost": 51297.97,"Plan Rows": 5,"Plan Width": 24,"Actual Startup Time": 201.395,"Actual Total Time": 202.644,"Actual Rows": 5,"Actual Loops": 4,"Group Key": ["orders.o_orderpriority"],"Workers": [],"Plans": [{"Node Type": "Sort","Parent Relationship": "Outer","Parallel Aware": false,"Async Capable": false,"Startup Cost": 51264.42,"Total Cost": 51275.58,"Plan Rows": 4467,"Plan Width": 16,"Actual Startup Time": 201.050,"Actual Total Time": 201.573,"Actual Rows": 13170,"Actual Loops": 4,"Sort Key": ["orders.o_orderpriority"],"Sort Method": "quicksort","Sort Space Used": 1096,"Sort Space Type": "Memory","Workers": [{"Worker Number": 0,"Sort Method": "quicksort","Sort Space Used": 1115,"Sort Space Type": "Memory"},{"Worker Number": 1,"Sort Method": "quicksort","Sort Space Used": 1087,"Sort Space Type": "Memory"},{"Worker Number": 2,"Sort Method": "quicksort","Sort Space Used": 1121,"Sort Space Type": "Memory"}],"Plans": [{"Node Type": "Nested Loop","Parent Relationship": "Outer","Parallel Aware": false,"Async Capable": false,"Join Type": "Semi","Startup Cost": 806.45,"Total Cost": 50993.60,"Plan Rows": 4467,"Plan Width": 16,"Actual Startup Time": 6.115,"Actual Total Time": 194.584,"Actual Rows": 13170,"Actual Loops": 4,"Inner Unique": false,"Workers": [],"Plans": [{"Node Type": "Bitmap Heap Scan","Parent Relationship": "Outer","Parallel Aware": true,"Async Capable": false,"Relation Name": "orders","Alias": "orders","Startup Cost": 806.01,"Total Cost": 27183.11,"Plan Rows": 18807,"Plan Width": 20,"Actual Startup Time": 5.968,"Actual Total Time": 57.641,"Actual Rows": 14355,"Actual Loops": 4,"Recheck Cond": "((o_orderdate >= '1994-03-01'::date) AND (o_orderdate < '1994-06-01 00:00:00'::timestamp without time zone))","Rows Removed by Index Recheck": 0,"Exact Heap Blocks": 5803,"Lossy Heap Blocks": 0,"Workers": [],"Plans": [{"Node Type": "Bitmap Index Scan","Parent Relationship": "Outer","Parallel Aware": false,"Async Capable": false,"Index Name": "idx_orders_orderdate","Startup Cost": 0.00,"Total Cost": 791.44,"Plan Rows": 58301,"Plan Width": 0,"Actual Startup Time": 8.953,"Actual Total Time": 8.953,"Actual Rows": 57420,"Actual Loops": 1,"Index Cond": "((o_orderdate >= '1994-03-01'::date) AND (o_orderdate < '1994-06-01 00:00:00'::timestamp without time zone))","Workers": []}]},{"Node Type": "Index Scan","Parent Relationship": "Inner","Parallel Aware": false,"Async Capable": false,"Scan Direction": "Forward","Index Name": "idx_lineitem_orderkey","Relation Name": "lineitem","Alias": "lineitem","Startup Cost": 0.43,"Total Cost": 4.60,"Plan Rows": 6,"Plan Width": 4,"Actual Startup Time": 0.009,"Actual Total Time": 0.009,"Actual Rows": 1,"Actual Loops": 57420,"Index Cond": "(l_orderkey = orders.o_orderkey)","Rows Removed by Index Recheck": 0,"Filter": "(l_commitdate < l_receiptdate)","Rows Removed by Filter": 1,"Workers": []}]}]}]}]}]},"Planning Time": 4.194,"Triggers": [],"Execution Time": 235.354}]
[{"Plan": {"Node Type": "Aggregate","Strategy": "Sorted","Partial Mode": "Finalize","Parallel Aware": false,"Async Capable": false,"Startup Cost": 52586.46,"Total Cost": 52622.43,"Plan Rows": 5,"Plan Width": 24,"Actual Startup Time": 204.940,"Actual Total Time": 235.996,"Actual Rows": 5,"Actual Loops": 1,"Group Key": ["orders.o_orderpriority"],"Plans": [{"Node Type": "Gather Merge","Parent Relationship": "Outer","Parallel Aware": false,"Async Capable": false,"Startup Cost": 52586.46,"Total Cost": 52622.30,"Plan Rows": 15,"Plan Width": 24,"Actual Startup Time": 204.592,"Actual Total Time": 235.964,"Actual Rows": 20,"Actual Loops": 1,"Workers Planned": 3,"Workers Launched": 3,"Plans": [{"Node Type": "Aggregate","Strategy": "Sorted","Partial Mode": "Partial","Parent Relationship": "Outer","Parallel Aware": false,"Async Capable": false,"Startup Cost": 51586.42,"Total Cost": 51620.50,"Plan Rows": 5,"Plan Width": 24,"Actual Startup Time": 195.611,"Actual Total Time": 196.883,"Actual Rows": 5,"Actual Loops": 4,"Group Key": ["orders.o_orderpriority"],"Workers": [],"Plans": [{"Node Type": "Sort","Parent Relationship": "Outer","Parallel Aware": false,"Async Capable": false,"Startup Cost": 51586.42,"Total Cost": 51597.76,"Plan Rows": 4538,"Plan Width": 16,"Actual Startup Time": 195.276,"Actual Total Time": 195.812,"Actual Rows": 13108,"Actual Loops": 4,"Sort Key": ["orders.o_orderpriority"],"Sort Method": "quicksort","Sort Space Used": 1049,"Sort Space Type": "Memory","Workers": [{"Worker Number": 0,"Sort Method": "quicksort","Sort Space Used": 1116,"Sort Space Type": "Memory"},{"Worker Number": 1,"Sort Method": "quicksort","Sort Space Used": 1115,"Sort Space Type": "Memory"},{"Worker Number": 2,"Sort Method": "quicksort","Sort Space Used": 1126,"Sort Space Type": "Memory"}],"Plans": [{"Node Type": "Nested Loop","Parent Relationship": "Outer","Parallel Aware": false,"Async Capable": false,"Join Type": "Semi","Startup Cost": 819.93,"Total Cost": 51310.78,"Plan Rows": 4538,"Plan Width": 16,"Actual Startup Time": 4.752,"Actual Total Time": 189.119,"Actual Rows": 13108,"Actual Loops": 4,"Inner Unique": false,"Workers": [],"Plans": [{"Node Type": "Bitmap Heap Scan","Parent Relationship": "Outer","Parallel Aware": true,"Async Capable": false,"Relation Name": "orders","Alias": "orders","Startup Cost": 819.49,"Total Cost": 27201.07,"Plan Rows": 19105,"Plan Width": 20,"Actual Startup Time": 4.644,"Actual Total Time": 55.500,"Actual Rows": 14318,"Actual Loops": 4,"Recheck Cond": "((o_orderdate >= '1996-05-01'::date) AND (o_orderdate < '1996-08-01 00:00:00'::timestamp without time zone))","Rows Removed by Index Recheck": 0,"Exact Heap Blocks": 5395,"Lossy Heap Blocks": 0,"Workers": [],"Plans": [{"Node Type": "Bitmap Index Scan","Parent Relationship": "Outer","Parallel Aware": false,"Async Capable": false,"Index Name": "idx_orders_orderdate","Startup Cost": 0.00,"Total Cost": 804.69,"Plan Rows": 59226,"Plan Width": 0,"Actual Startup Time": 8.138,"Actual Total Time": 8.141,"Actual Rows": 57270,"Actual Loops": 1,"Index Cond": "((o_orderdate >= '1996-05-01'::date) AND (o_orderdate < '1996-08-01 00:00:00'::timestamp without time zone))","Workers": []}]},{"Node Type": "Index Scan","Parent Relationship": "Inner","Parallel Aware": false,"Async Capable": false,"Scan Direction": "Forward","Index Name": "idx_lineitem_orderkey","Relation Name": "lineitem","Alias": "lineitem","Startup Cost": 0.43,"Total Cost": 4.58,"Plan Rows": 6,"Plan Width": 4,"Actual Startup Time": 0.009,"Actual Total Time": 0.009,"Actual Rows": 1,"Actual Loops": 57270,"Index Cond": "(l_orderkey = orders.o_orderkey)","Rows Removed by Index Recheck": 0,"Filter": "(l_commitdate < l_receiptdate)","Rows Removed by Filter": 1,"Workers": []}]}]}]}]}]},"Planning Time": 4.341,"Triggers": [],"Execution Time": 236.444}]
[{"Plan": {"Node Type": "Aggregate","Strategy": "Sorted","Partial Mode": "Finalize","Parallel Aware": false,"Async Capable": false,"Startup Cost": 52151.90,"Total Cost": 52187.16,"Plan Rows": 5,"Plan Width": 24,"Actual Startup Time": 210.638,"Actual Total Time": 234.377,"Actual Rows": 5,"Actual Loops": 1,"Group Key": ["orders.o_orderpriority"],"Plans": [{"Node Type": "Gather Merge","Parent Relationship": "Outer","Parallel Aware": false,"Async Capable": false,"Startup Cost": 52151.90,"Total Cost": 52187.03,"Plan Rows": 15,"Plan Width": 24,"Actual Startup Time": 210.240,"Actual Total Time": 234.359,"Actual Rows": 20,"Actual Loops": 1,"Workers Planned": 3,"Workers Launched": 3,"Plans": [{"Node Type": "Aggregate","Strategy": "Sorted","Partial Mode": "Partial","Parent Relationship": "Outer","Parallel Aware": false,"Async Capable": false,"Startup Cost": 51151.86,"Total Cost": 51185.23,"Plan Rows": 5,"Plan Width": 24,"Actual Startup Time": 201.517,"Actual Total Time": 202.754,"Actual Rows": 5,"Actual Loops": 4,"Group Key": ["orders.o_orderpriority"],"Workers": [],"Plans": [{"Node Type": "Sort","Parent Relationship": "Outer","Parallel Aware": false,"Async Capable": false,"Startup Cost": 51151.86,"Total Cost": 51162.97,"Plan Rows": 4442,"Plan Width": 16,"Actual Startup Time": 201.174,"Actual Total Time": 201.691,"Actual Rows": 12988,"Actual Loops": 4,"Sort Key": ["orders.o_orderpriority"],"Sort Method": "quicksort","Sort Space Used": 1106,"Sort Space Type": "Memory","Workers": [{"Worker Number": 0,"Sort Method": "quicksort","Sort Space Used": 1082,"Sort Space Type": "Memory"},{"Worker Number": 1,"Sort Method": "quicksort","Sort Space Used": 1101,"Sort Space Type": "Memory"},{"Worker Number": 2,"Sort Method": "quicksort","Sort Space Used": 1090,"Sort Space Type": "Memory"}],"Plans": [{"Node Type": "Nested Loop","Parent Relationship": "Outer","Parallel Aware": false,"Async Capable": false,"Join Type": "Semi","Startup Cost": 803.12,"Total Cost": 50882.74,"Plan Rows": 4442,"Plan Width": 16,"Actual Startup Time": 5.439,"Actual Total Time": 194.803,"Actual Rows": 12988,"Actual Loops": 4,"Inner Unique": false,"Workers": [],"Plans": [{"Node Type": "Bitmap Heap Scan","Parent Relationship": "Outer","Parallel Aware": true,"Async Capable": false,"Relation Name": "orders","Alias": "orders","Startup Cost": 802.69,"Total Cost": 27178.23,"Plan Rows": 18702,"Plan Width": 20,"Actual Startup Time": 5.309,"Actual Total Time": 58.612,"Actual Rows": 14170,"Actual Loops": 4,"Recheck Cond": "((o_orderdate >= '1995-12-01'::date) AND (o_orderdate < '1996-03-01 00:00:00'::timestamp without time zone))","Rows Removed by Index Recheck": 0,"Exact Heap Blocks": 5992,"Lossy Heap Blocks": 0,"Workers": [],"Plans": [{"Node Type": "Bitmap Index Scan","Parent Relationship": "Outer","Parallel Aware": false,"Async Capable": false,"Index Name": "idx_orders_orderdate","Startup Cost": 0.00,"Total Cost": 788.20,"Plan Rows": 57977,"Plan Width": 0,"Actual Startup Time": 8.900,"Actual Total Time": 8.902,"Actual Rows": 56682,"Actual Loops": 1,"Index Cond": "((o_orderdate >= '1995-12-01'::date) AND (o_orderdate < '1996-03-01 00:00:00'::timestamp without time zone))","Workers": []}]},{"Node Type": "Index Scan","Parent Relationship": "Inner","Parallel Aware": false,"Async Capable": false,"Scan Direction": "Forward","Index Name": "idx_lineitem_orderkey","Relation Name": "lineitem","Alias": "lineitem","Startup Cost": 0.43,"Total Cost": 4.61,"Plan Rows": 6,"Plan Width": 4,"Actual Startup Time": 0.009,"Actual Total Time": 0.009,"Actual Rows": 1,"Actual Loops": 56682,"Index Cond": "(l_orderkey = orders.o_orderkey)","Rows Removed by Index Recheck": 0,"Filter": "(l_commitdate < l_receiptdate)","Rows Removed by Filter": 1,"Workers": []}]}]}]}]}]},"Planning Time": 4.197,"Triggers": [],"Execution Time": 234.781}]
[{"Plan": {"Node Type": "Aggregate","Strategy": "Sorted","Partial Mode": "Finalize","Parallel Aware": false,"Async Capable": false,"Startup Cost": 50393.04,"Total Cost": 50425.42,"Plan Rows": 5,"Plan Width": 24,"Actual Startup Time": 209.179,"Actual Total Time": 234.092,"Actual Rows": 5,"Actual Loops": 1,"Group Key": ["orders.o_orderpriority"],"Plans": [{"Node Type": "Gather Merge","Parent Relationship": "Outer","Parallel Aware": false,"Async Capable": false,"Startup Cost": 50393.04,"Total Cost": 50425.30,"Plan Rows": 15,"Plan Width": 24,"Actual Startup Time": 208.857,"Actual Total Time": 234.045,"Actual Rows": 20,"Actual Loops": 1,"Workers Planned": 3,"Workers Launched": 3,"Plans": [{"Node Type": "Aggregate","Strategy": "Sorted","Partial Mode": "Partial","Parent Relationship": "Outer","Parallel Aware": false,"Async Capable": false,"Startup Cost": 49393.00,"Total Cost": 49423.49,"Plan Rows": 5,"Plan Width": 24,"Actual Startup Time": 200.343,"Actual Total Time": 201.591,"Actual Rows": 5,"Actual Loops": 4,"Group Key": ["orders.o_orderpriority"],"Workers": [],"Plans": [{"Node Type": "Sort","Parent Relationship": "Outer","Parallel Aware": false,"Async Capable": false,"Startup Cost": 49393.00,"Total Cost": 49403.15,"Plan Rows": 4059,"Plan Width": 16,"Actual Startup Time": 200.015,"Actual Total Time": 200.534,"Actual Rows": 13007,"Actual Loops": 4,"Sort Key": ["orders.o_orderpriority"],"Sort Method": "quicksort","Sort Space Used": 1034,"Sort Space Type": "Memory","Workers": [{"Worker Number": 0,"Sort Method": "quicksort","Sort Space Used": 1128,"Sort Space Type": "Memory"},{"Worker Number": 1,"Sort Method": "quicksort","Sort Space Used": 1096,"Sort Space Type": "Memory"},{"Worker Number": 2,"Sort Method": "quicksort","Sort Space Used": 1126,"Sort Space Type": "Memory"}],"Plans": [{"Node Type": "Nested Loop","Parent Relationship": "Outer","Parallel Aware": false,"Async Capable": false,"Join Type": "Semi","Startup Cost": 731.94,"Total Cost": 49149.73,"Plan Rows": 4059,"Plan Width": 16,"Actual Startup Time": 5.320,"Actual Total Time": 193.882,"Actual Rows": 13007,"Actual Loops": 4,"Inner Unique": false,"Workers": [],"Plans": [{"Node Type": "Bitmap Heap Scan","Parent Relationship": "Outer","Parallel Aware": true,"Async Capable": false,"Relation Name": "orders","Alias": "orders","Startup Cost": 731.50,"Total Cost": 27082.87,"Plan Rows": 17091,"Plan Width": 20,"Actual Startup Time": 5.198,"Actual Total Time": 56.771,"Actual Rows": 14217,"Actual Loops": 4,"Recheck Cond": "((o_orderdate >= '1995-09-01'::date) AND (o_orderdate < '1995-12-01 00:00:00'::timestamp without time zone))","Rows Removed by Index Recheck": 0,"Exact Heap Blocks": 5379,"Lossy Heap Blocks": 0,"Workers": [],"Plans": [{"Node Type": "Bitmap Index Scan","Parent Relationship": "Outer","Parallel Aware": false,"Async Capable": false,"Index Name": "idx_orders_orderdate","Startup Cost": 0.00,"Total Cost": 718.26,"Plan Rows": 52983,"Plan Width": 0,"Actual Startup Time": 8.331,"Actual Total Time": 8.335,"Actual Rows": 56867,"Actual Loops": 1,"Index Cond": "((o_orderdate >= '1995-09-01'::date) AND (o_orderdate < '1995-12-01 00:00:00'::timestamp without time zone))","Workers": []}]},{"Node Type": "Index Scan","Parent Relationship": "Inner","Parallel Aware": false,"Async Capable": false,"Scan Direction": "Forward","Index Name": "idx_lineitem_orderkey","Relation Name": "lineitem","Alias": "lineitem","Startup Cost": 0.43,"Total Cost": 4.73,"Plan Rows": 6,"Plan Width": 4,"Actual Startup Time": 0.009,"Actual Total Time": 0.009,"Actual Rows": 1,"Actual Loops": 56867,"Index Cond": "(l_orderkey = orders.o_orderkey)","Rows Removed by Index Recheck": 0,"Filter": "(l_commitdate < l_receiptdate)","Rows Removed by Filter": 1,"Workers": []}]}]}]}]}]},"Planning Time": 4.551,"Triggers": [],"Execution Time": 234.551}]
[{"Plan": {"Node Type": "Aggregate","Strategy": "Sorted","Partial Mode": "Finalize","Parallel Aware": false,"Async Capable": false,"Startup Cost": 51165.01,"Total Cost": 51198.65,"Plan Rows": 5,"Plan Width": 24,"Actual Startup Time": 203.769,"Actual Total Time": 228.271,"Actual Rows": 5,"Actual Loops": 1,"Group Key": ["orders.o_orderpriority"],"Plans": [{"Node Type": "Gather Merge","Parent Relationship": "Outer","Parallel Aware": false,"Async Capable": false,"Startup Cost": 51165.01,"Total Cost": 51198.52,"Plan Rows": 15,"Plan Width": 24,"Actual Startup Time": 203.386,"Actual Total Time": 228.243,"Actual Rows": 20,"Actual Loops": 1,"Workers Planned": 3,"Workers Launched": 3,"Plans": [{"Node Type": "Aggregate","Strategy": "Sorted","Partial Mode": "Partial","Parent Relationship": "Outer","Parallel Aware": false,"Async Capable": false,"Startup Cost": 50164.97,"Total Cost": 50196.72,"Plan Rows": 5,"Plan Width": 24,"Actual Startup Time": 194.376,"Actual Total Time": 195.607,"Actual Rows": 5,"Actual Loops": 4,"Group Key": ["orders.o_orderpriority"],"Workers": [],"Plans": [{"Node Type": "Sort","Parent Relationship": "Outer","Parallel Aware": false,"Async Capable": false,"Startup Cost": 50164.97,"Total Cost": 50175.54,"Plan Rows": 4226,"Plan Width": 16,"Actual Startup Time": 194.028,"Actual Total Time": 194.544,"Actual Rows": 12926,"Actual Loops": 4,"Sort Key": ["orders.o_orderpriority"],"Sort Method": "quicksort","Sort Space Used": 1082,"Sort Space Type": "Memory","Workers": [{"Worker Number": 0,"Sort Method": "quicksort","Sort Space Used": 1106,"Sort Space Type": "Memory"},{"Worker Number": 1,"Sort Method": "quicksort","Sort Space Used": 1074,"Sort Space Type": "Memory"},{"Worker Number": 2,"Sort Method": "quicksort","Sort Space Used": 1104,"Sort Space Type": "Memory"}],"Plans": [{"Node Type": "Nested Loop","Parent Relationship": "Outer","Parallel Aware": false,"Async Capable": false,"Join Type": "Semi","Startup Cost": 762.30,"Total Cost": 49910.46,"Plan Rows": 4226,"Plan Width": 16,"Actual Startup Time": 4.653,"Actual Total Time": 187.831,"Actual Rows": 12926,"Actual Loops": 4,"Inner Unique": false,"Workers": [],"Plans": [{"Node Type": "Bitmap Heap Scan","Parent Relationship": "Outer","Parallel Aware": true,"Async Capable": false,"Relation Name": "orders","Alias": "orders","Startup Cost": 761.87,"Total Cost": 27123.80,"Plan Rows": 17795,"Plan Width": 20,"Actual Startup Time": 4.540,"Actual Total Time": 54.726,"Actual Rows": 14108,"Actual Loops": 4,"Recheck Cond": "((o_orderdate >= '1993-04-01'::date) AND (o_orderdate < '1993-07-01 00:00:00'::timestamp without time zone))","Rows Removed by Index Recheck": 0,"Exact Heap Blocks": 5719,"Lossy Heap Blocks": 0,"Workers": [],"Plans": [{"Node Type": "Bitmap Index Scan","Parent Relationship": "Outer","Parallel Aware": false,"Async Capable": false,"Index Name": "idx_orders_orderdate","Startup Cost": 0.00,"Total Cost": 748.08,"Plan Rows": 55165,"Plan Width": 0,"Actual Startup Time": 7.931,"Actual Total Time": 7.932,"Actual Rows": 56434,"Actual Loops": 1,"Index Cond": "((o_orderdate >= '1993-04-01'::date) AND (o_orderdate < '1993-07-01 00:00:00'::timestamp without time zone))","Workers": []}]},{"Node Type": "Index Scan","Parent Relationship": "Inner","Parallel Aware": false,"Async Capable": false,"Scan Direction": "Forward","Index Name": "idx_lineitem_orderkey","Relation Name": "lineitem","Alias": "lineitem","Startup Cost": 0.43,"Total Cost": 4.67,"Plan Rows": 6,"Plan Width": 4,"Actual Startup Time": 0.009,"Actual Total Time": 0.009,"Actual Rows": 1,"Actual Loops": 56434,"Index Cond": "(l_orderkey = orders.o_orderkey)","Rows Removed by Index Recheck": 0,"Filter": "(l_commitdate < l_receiptdate)","Rows Removed by Filter": 1,"Workers": []}]}]}]}]}]},"Planning Time": 5.442,"Triggers": [],"Execution Time": 229.015}]
[{"Plan": {"Node Type": "Aggregate","Strategy": "Sorted","Partial Mode": "Finalize","Parallel Aware": false,"Async Capable": false,"Startup Cost": 51461.99,"Total Cost": 51496.11,"Plan Rows": 5,"Plan Width": 24,"Actual Startup Time": 212.454,"Actual Total Time": 236.291,"Actual Rows": 5,"Actual Loops": 1,"Group Key": ["orders.o_orderpriority"],"Plans": [{"Node Type": "Gather Merge","Parent Relationship": "Outer","Parallel Aware": false,"Async Capable": false,"Startup Cost": 51461.99,"Total Cost": 51495.99,"Plan Rows": 15,"Plan Width": 24,"Actual Startup Time": 212.065,"Actual Total Time": 236.271,"Actual Rows": 20,"Actual Loops": 1,"Workers Planned": 3,"Workers Launched": 3,"Plans": [{"Node Type": "Aggregate","Strategy": "Sorted","Partial Mode": "Partial","Parent Relationship": "Outer","Parallel Aware": false,"Async Capable": false,"Startup Cost": 50461.95,"Total Cost": 50494.18,"Plan Rows": 5,"Plan Width": 24,"Actual Startup Time": 202.874,"Actual Total Time": 204.138,"Actual Rows": 5,"Actual Loops": 4,"Group Key": ["orders.o_orderpriority"],"Workers": [],"Plans": [{"Node Type": "Sort","Parent Relationship": "Outer","Parallel Aware": false,"Async Capable": false,"Startup Cost": 50461.95,"Total Cost": 50472.68,"Plan Rows": 4291,"Plan Width": 16,"Actual Startup Time": 202.525,"Actual Total Time": 203.066,"Actual Rows": 13122,"Actual Loops": 4,"Sort Key": ["orders.o_orderpriority"],"Sort Method": "quicksort","Sort Space Used": 1103,"Sort Space Type": "Memory","Workers": [{"Worker Number": 0,"Sort Method": "quicksort","Sort Space Used": 1114,"Sort Space Type": "Memory"},{"Worker Number": 1,"Sort Method": "quicksort","Sort Space Used": 1111,"Sort Space Type": "Memory"},{"Worker Number": 2,"Sort Method": "quicksort","Sort Space Used": 1081,"Sort Space Type": "Memory"}],"Plans": [{"Node Type": "Nested Loop","Parent Relationship": "Outer","Parallel Aware": false,"Async Capable": false,"Join Type": "Semi","Startup Cost": 774.93,"Total Cost": 50203.05,"Plan Rows": 4291,"Plan Width": 16,"Actual Startup Time": 5.310,"Actual Total Time": 196.109,"Actual Rows": 13122,"Actual Loops": 4,"Inner Unique": false,"Workers": [],"Plans": [{"Node Type": "Bitmap Heap Scan","Parent Relationship": "Outer","Parallel Aware": true,"Async Capable": false,"Relation Name": "orders","Alias": "orders","Startup Cost": 774.50,"Total Cost": 27140.50,"Plan Rows": 18067,"Plan Width": 20,"Actual Startup Time": 5.148,"Actual Total Time": 58.382,"Actual Rows": 14320,"Actual Loops": 4,"Recheck Cond": "((o_orderdate >= '1993-06-01'::date) AND (o_orderdate < '1993-09-01 00:00:00'::timestamp without time zone))","Rows Removed by Index Recheck": 0,"Exact Heap Blocks": 5885,"Lossy Heap Blocks": 0,"Workers": [],"Plans": [{"Node Type": "Bitmap Index Scan","Parent Relationship": "Outer","Parallel Aware": false,"Async Capable": false,"Index Name": "idx_orders_orderdate","Startup Cost": 0.00,"Total Cost": 760.50,"Plan Rows": 56007,"Plan Width": 0,"Actual Startup Time": 8.978,"Actual Total Time": 8.982,"Actual Rows": 57280,"Actual Loops": 1,"Index Cond": "((o_orderdate >= '1993-06-01'::date) AND (o_orderdate < '1993-09-01 00:00:00'::timestamp without time zone))","Workers": []}]},{"Node Type": "Index Scan","Parent Relationship": "Inner","Parallel Aware": false,"Async Capable": false,"Scan Direction": "Forward","Index Name": "idx_lineitem_orderkey","Relation Name": "lineitem","Alias": "lineitem","Startup Cost": 0.43,"Total Cost": 4.65,"Plan Rows": 6,"Plan Width": 4,"Actual Startup Time": 0.009,"Actual Total Time": 0.009,"Actual Rows": 1,"Actual Loops": 57280,"Index Cond": "(l_orderkey = orders.o_orderkey)","Rows Removed by Index Recheck": 0,"Filter": "(l_commitdate < l_receiptdate)","Rows Removed by Filter": 1,"Workers": []}]}]}]}]}]},"Planning Time": 4.339,"Triggers": [],"Execution Time": 236.742}]
[{"Plan": {"Node Type": "Aggregate","Strategy": "Sorted","Partial Mode": "Finalize","Parallel Aware": false,"Async Capable": false,"Startup Cost": 50907.22,"Total Cost": 50940.43,"Plan Rows": 5,"Plan Width": 24,"Actual Startup Time": 204.875,"Actual Total Time": 229.245,"Actual Rows": 5,"Actual Loops": 1,"Group Key": ["orders.o_orderpriority"],"Plans": [{"Node Type": "Gather Merge","Parent Relationship": "Outer","Parallel Aware": false,"Async Capable": false,"Startup Cost": 50907.22,"Total Cost": 50940.30,"Plan Rows": 15,"Plan Width": 24,"Actual Startup Time": 204.487,"Actual Total Time": 229.210,"Actual Rows": 20,"Actual Loops": 1,"Workers Planned": 3,"Workers Launched": 3,"Plans": [{"Node Type": "Aggregate","Strategy": "Sorted","Partial Mode": "Partial","Parent Relationship": "Outer","Parallel Aware": false,"Async Capable": false,"Startup Cost": 49907.18,"Total Cost": 49938.50,"Plan Rows": 5,"Plan Width": 24,"Actual Startup Time": 195.859,"Actual Total Time": 197.107,"Actual Rows": 5,"Actual Loops": 4,"Group Key": ["orders.o_orderpriority"],"Workers": [],"Plans": [{"Node Type": "Sort","Parent Relationship": "Outer","Parallel Aware": false,"Async Capable": false,"Startup Cost": 49907.18,"Total Cost": 49917.60,"Plan Rows": 4170,"Plan Width": 16,"Actual Startup Time": 195.538,"Actual Total Time": 196.036,"Actual Rows": 13129,"Actual Loops": 4,"Sort Key": ["orders.o_orderpriority"],"Sort Method": "quicksort","Sort Space Used": 1092,"Sort Space Type": "Memory","Workers": [{"Worker Number": 0,"Sort Method": "quicksort","Sort Space Used": 1119,"Sort Space Type": "Memory"},{"Worker Number": 1,"Sort Method": "quicksort","Sort Space Used": 1082,"Sort Space Type": "Memory"},{"Worker Number": 2,"Sort Method": "quicksort","Sort Space Used": 1116,"Sort Space Type": "Memory"}],"Plans": [{"Node Type": "Nested Loop","Parent Relationship": "Outer","Parallel Aware": false,"Async Capable": false,"Join Type": "Semi","Startup Cost": 754.75,"Total Cost": 49656.44,"Plan Rows": 4170,"Plan Width": 16,"Actual Startup Time": 4.769,"Actual Total Time": 189.357,"Actual Rows": 13129,"Actual Loops": 4,"Inner Unique": false,"Workers": [],"Plans": [{"Node Type": "Bitmap Heap Scan","Parent Relationship": "Outer","Parallel Aware": true,"Async Capable": false,"Relation Name": "orders","Alias": "orders","Startup Cost": 754.31,"Total Cost": 27112.68,"Plan Rows": 17557,"Plan Width": 20,"Actual Startup Time": 4.640,"Actual Total Time": 54.547,"Actual Rows": 14334,"Actual Loops": 4,"Recheck Cond": "((o_orderdate >= '1995-10-01'::date) AND (o_orderdate < '1996-01-01 00:00:00'::timestamp without time zone))","Rows Removed by Index Recheck": 0,"Exact Heap Blocks": 5726,"Lossy Heap Blocks": 0,"Workers": [],"Plans": [{"Node Type": "Bitmap Index Scan","Parent Relationship": "Outer","Parallel Aware": false,"Async Capable": false,"Index Name": "idx_orders_orderdate","Startup Cost": 0.00,"Total Cost": 740.71,"Plan Rows": 54428,"Plan Width": 0,"Actual Startup Time": 8.057,"Actual Total Time": 8.058,"Actual Rows": 57337,"Actual Loops": 1,"Index Cond": "((o_orderdate >= '1995-10-01'::date) AND (o_orderdate < '1996-01-01 00:00:00'::timestamp without time zone))","Workers": []}]},{"Node Type": "Index Scan","Parent Relationship": "Inner","Parallel Aware": false,"Async Capable": false,"Scan Direction": "Forward","Index Name": "idx_lineitem_orderkey","Relation Name": "lineitem","Alias": "lineitem","Startup Cost": 0.43,"Total Cost": 4.69,"Plan Rows": 6,"Plan Width": 4,"Actual Startup Time": 0.009,"Actual Total Time": 0.009,"Actual Rows": 1,"Actual Loops": 57337,"Index Cond": "(l_orderkey = orders.o_orderkey)","Rows Removed by Index Recheck": 0,"Filter": "(l_commitdate < l_receiptdate)","Rows Removed by Filter": 1,"Workers": []}]}]}]}]}]},"Planning Time": 4.806,"Triggers": [],"Execution Time": 229.951}]
[{"Plan": {"Node Type": "Aggregate","Strategy": "Sorted","Partial Mode": "Finalize","Parallel Aware": false,"Async Capable": false,"Startup Cost": 52110.38,"Total Cost": 52145.56,"Plan Rows": 5,"Plan Width": 24,"Actual Startup Time": 207.799,"Actual Total Time": 232.338,"Actual Rows": 5,"Actual Loops": 1,"Group Key": ["orders.o_orderpriority"],"Plans": [{"Node Type": "Gather Merge","Parent Relationship": "Outer","Parallel Aware": false,"Async Capable": false,"Startup Cost": 52110.38,"Total Cost": 52145.44,"Plan Rows": 15,"Plan Width": 24,"Actual Startup Time": 207.395,"Actual Total Time": 232.308,"Actual Rows": 20,"Actual Loops": 1,"Workers Planned": 3,"Workers Launched": 3,"Plans": [{"Node Type": "Aggregate","Strategy": "Sorted","Partial Mode": "Partial","Parent Relationship": "Outer","Parallel Aware": false,"Async Capable": false,"Startup Cost": 51110.34,"Total Cost": 51143.64,"Plan Rows": 5,"Plan Width": 24,"Actual Startup Time": 198.996,"Actual Total Time": 200.262,"Actual Rows": 5,"Actual Loops": 4,"Group Key": ["orders.o_orderpriority"],"Workers": [],"Plans": [{"Node Type": "Sort","Parent Relationship": "Outer","Parallel Aware": false,"Async Capable": false,"Startup Cost": 51110.34,"Total Cost": 51121.42,"Plan Rows": 4433,"Plan Width": 16,"Actual Startup Time": 198.663,"Actual Total Time": 199.184,"Actual Rows": 13136,"Actual Loops": 4,"Sort Key": ["orders.o_orderpriority"],"Sort Method": "quicksort","Sort Space Used": 1098,"Sort Space Type": "Memory","Workers": [{"Worker Number": 0,"Sort Method": "quicksort","Sort Space Used": 1102,"Sort Space Type": "Memory"},{"Worker Number": 1,"Sort Method": "quicksort","Sort Space Used": 1095,"Sort Space Type": "Memory"},{"Worker Number": 2,"Sort Method": "quicksort","Sort Space Used": 1117,"Sort Space Type": "Memory"}],"Plans": [{"Node Type": "Nested Loop","Parent Relationship": "Outer","Parallel Aware": false,"Async Capable": false,"Join Type": "Semi","Startup Cost": 801.88,"Total Cost": 50841.83,"Plan Rows": 4433,"Plan Width": 16,"Actual Startup Time": 5.393,"Actual Total Time": 192.263,"Actual Rows": 13136,"Actual Loops": 4,"Inner Unique": false,"Workers": [],"Plans": [{"Node Type": "Bitmap Heap Scan","Parent Relationship": "Outer","Parallel Aware": true,"Async Capable": false,"Relation Name": "orders","Alias": "orders","Startup Cost": 801.45,"Total Cost": 27176.40,"Plan Rows": 18663,"Plan Width": 20,"Actual Startup Time": 5.231,"Actual Total Time": 56.374,"Actual Rows": 14326,"Actual Loops": 4,"Recheck Cond": "((o_orderdate >= '1997-10-01'::date) AND (o_orderdate < '1998-01-01 00:00:00'::timestamp without time zone))","Rows Removed by Index Recheck": 0,"Exact Heap Blocks": 5845,"Lossy Heap Blocks": 0,"Workers": [],"Plans": [{"Node Type": "Bitmap Index Scan","Parent Relationship": "Outer","Parallel Aware": false,"Async Capable": false,"Index Name": "idx_orders_orderdate","Startup Cost": 0.00,"Total Cost": 786.99,"Plan Rows": 57856,"Plan Width": 0,"Actual Startup Time": 8.327,"Actual Total Time": 8.329,"Actual Rows": 57306,"Actual Loops": 1,"Index Cond": "((o_orderdate >= '1997-10-01'::date) AND (o_orderdate < '1998-01-01 00:00:00'::timestamp without time zone))","Workers": []}]},{"Node Type": "Index Scan","Parent Relationship": "Inner","Parallel Aware": false,"Async Capable": false,"Scan Direction": "Forward","Index Name": "idx_lineitem_orderkey","Relation Name": "lineitem","Alias": "lineitem","Startup Cost": 0.43,"Total Cost": 4.61,"Plan Rows": 6,"Plan Width": 4,"Actual Startup Time": 0.009,"Actual Total Time": 0.009,"Actual Rows": 1,"Actual Loops": 57306,"Index Cond": "(l_orderkey = orders.o_orderkey)","Rows Removed by Index Recheck": 0,"Filter": "(l_commitdate < l_receiptdate)","Rows Removed by Filter": 1,"Workers": []}]}]}]}]}]},"Planning Time": 4.856,"Triggers": [],"Execution Time": 233.068}]
[{"Plan": {"Node Type": "Aggregate","Strategy": "Sorted","Partial Mode": "Finalize","Parallel Aware": false,"Async Capable": false,"Startup Cost": 51708.45,"Total Cost": 51742.98,"Plan Rows": 5,"Plan Width": 24,"Actual Startup Time": 207.456,"Actual Total Time": 231.580,"Actual Rows": 5,"Actual Loops": 1,"Group Key": ["orders.o_orderpriority"],"Plans": [{"Node Type": "Gather Merge","Parent Relationship": "Outer","Parallel Aware": false,"Async Capable": false,"Startup Cost": 51708.45,"Total Cost": 51742.85,"Plan Rows": 15,"Plan Width": 24,"Actual Startup Time": 207.053,"Actual Total Time": 231.548,"Actual Rows": 20,"Actual Loops": 1,"Workers Planned": 3,"Workers Launched": 3,"Plans": [{"Node Type": "Aggregate","Strategy": "Sorted","Partial Mode": "Partial","Parent Relationship": "Outer","Parallel Aware": false,"Async Capable": false,"Startup Cost": 50708.41,"Total Cost": 50741.05,"Plan Rows": 5,"Plan Width": 24,"Actual Startup Time": 198.227,"Actual Total Time": 199.494,"Actual Rows": 5,"Actual Loops": 4,"Group Key": ["orders.o_orderpriority"],"Workers": [],"Plans": [{"Node Type": "Sort","Parent Relationship": "Outer","Parallel Aware": false,"Async Capable": false,"Startup Cost": 50708.41,"Total Cost": 50719.27,"Plan Rows": 4345,"Plan Width": 16,"Actual Startup Time": 197.883,"Actual Total Time": 198.422,"Actual Rows": 13041,"Actual Loops": 4,"Sort Key": ["orders.o_orderpriority"],"Sort Method": "quicksort","Sort Space Used": 1092,"Sort Space Type": "Memory","Workers": [{"Worker Number": 0,"Sort Method": "quicksort","Sort Space Used": 1114,"Sort Space Type": "Memory"},{"Worker Number": 1,"Sort Method": "quicksort","Sort Space Used": 1079,"Sort Space Type": "Memory"},{"Worker Number": 2,"Sort Method": "quicksort","Sort Space Used": 1106,"Sort Space Type": "Memory"}],"Plans": [{"Node Type": "Nested Loop","Parent Relationship": "Outer","Parallel Aware": false,"Async Capable": false,"Join Type": "Semi","Startup Cost": 786.10,"Total Cost": 50445.86,"Plan Rows": 4345,"Plan Width": 16,"Actual Startup Time": 5.128,"Actual Total Time": 191.658,"Actual Rows": 13041,"Actual Loops": 4,"Inner Unique": false,"Workers": [],"Plans": [{"Node Type": "Bitmap Heap Scan","Parent Relationship": "Outer","Parallel Aware": true,"Async Capable": false,"Relation Name": "orders","Alias": "orders","Startup Cost": 785.66,"Total Cost": 27155.05,"Plan Rows": 18292,"Plan Width": 20,"Actual Startup Time": 4.978,"Actual Total Time": 56.015,"Actual Rows": 14241,"Actual Loops": 4,"Recheck Cond": "((o_orderdate >= '1996-03-01'::date) AND (o_orderdate < '1996-06-01 00:00:00'::timestamp without time zone))","Rows Removed by Index Recheck": 0,"Exact Heap Blocks": 5804,"Lossy Heap Blocks": 0,"Workers": [],"Plans": [{"Node Type": "Bitmap Index Scan","Parent Relationship": "Outer","Parallel Aware": false,"Async Capable": false,"Index Name": "idx_orders_orderdate","Startup Cost": 0.00,"Total Cost": 771.49,"Plan Rows": 56706,"Plan Width": 0,"Actual Startup Time": 8.540,"Actual Total Time": 8.544,"Actual Rows": 56965,"Actual Loops": 1,"Index Cond": "((o_orderdate >= '1996-03-01'::date) AND (o_orderdate < '1996-06-01 00:00:00'::timestamp without time zone))","Workers": []}]},{"Node Type": "Index Scan","Parent Relationship": "Inner","Parallel Aware": false,"Async Capable": false,"Scan Direction": "Forward","Index Name": "idx_lineitem_orderkey","Relation Name": "lineitem","Alias": "lineitem","Startup Cost": 0.43,"Total Cost": 4.64,"Plan Rows": 6,"Plan Width": 4,"Actual Startup Time": 0.009,"Actual Total Time": 0.009,"Actual Rows": 1,"Actual Loops": 56965,"Index Cond": "(l_orderkey = orders.o_orderkey)","Rows Removed by Index Recheck": 0,"Filter": "(l_commitdate < l_receiptdate)","Rows Removed by Filter": 1,"Workers": []}]}]}]}]}]},"Planning Time": 4.056,"Triggers": [],"Execution Time": 232.269}]
[{"Plan": {"Node Type": "Aggregate","Strategy": "Sorted","Partial Mode": "Finalize","Parallel Aware": false,"Async Capable": false,"Startup Cost": 51787.75,"Total Cost": 51822.40,"Plan Rows": 5,"Plan Width": 24,"Actual Startup Time": 202.957,"Actual Total Time": 226.845,"Actual Rows": 5,"Actual Loops": 1,"Group Key": ["orders.o_orderpriority"],"Plans": [{"Node Type": "Gather Merge","Parent Relationship": "Outer","Parallel Aware": false,"Async Capable": false,"Startup Cost": 51787.75,"Total Cost": 51822.28,"Plan Rows": 15,"Plan Width": 24,"Actual Startup Time": 202.604,"Actual Total Time": 226.817,"Actual Rows": 20,"Actual Loops": 1,"Workers Planned": 3,"Workers Launched": 3,"Plans": [{"Node Type": "Aggregate","Strategy": "Sorted","Partial Mode": "Partial","Parent Relationship": "Outer","Parallel Aware": false,"Async Capable": false,"Startup Cost": 50787.71,"Total Cost": 50820.48,"Plan Rows": 5,"Plan Width": 24,"Actual Startup Time": 194.007,"Actual Total Time": 195.210,"Actual Rows": 5,"Actual Loops": 4,"Group Key": ["orders.o_orderpriority"],"Workers": [],"Plans": [{"Node Type": "Sort","Parent Relationship": "Outer","Parallel Aware": false,"Async Capable": false,"Startup Cost": 50787.71,"Total Cost": 50798.62,"Plan Rows": 4362,"Plan Width": 16,"Actual Startup Time": 193.661,"Actual Total Time": 194.173,"Actual Rows": 12702,"Actual Loops": 4,"Sort Key": ["orders.o_orderpriority"],"Sort Method": "quicksort","Sort Space Used": 1078,"Sort Space Type": "Memory","Workers": [{"Worker Number": 0,"Sort Method": "quicksort","Sort Space Used": 1094,"Sort Space Type": "Memory"},{"Worker Number": 1,"Sort Method": "quicksort","Sort Space Used": 1054,"Sort Space Type": "Memory"},{"Worker Number": 2,"Sort Method": "quicksort","Sort Space Used": 1091,"Sort Space Type": "Memory"}],"Plans": [{"Node Type": "Nested Loop","Parent Relationship": "Outer","Parallel Aware": false,"Async Capable": false,"Join Type": "Semi","Startup Cost": 788.43,"Total Cost": 50524.01,"Plan Rows": 4362,"Plan Width": 16,"Actual Startup Time": 4.762,"Actual Total Time": 187.476,"Actual Rows": 12702,"Actual Loops": 4,"Inner Unique": false,"Workers": [],"Plans": [{"Node Type": "Bitmap Heap Scan","Parent Relationship": "Outer","Parallel Aware": true,"Async Capable": false,"Relation Name": "orders","Alias": "orders","Startup Cost": 788.00,"Total Cost": 27158.49,"Plan Rows": 18366,"Plan Width": 20,"Actual Startup Time": 4.614,"Actual Total Time": 54.707,"Actual Rows": 13866,"Actual Loops": 4,"Recheck Cond": "((o_orderdate >= '1994-02-01'::date) AND (o_orderdate < '1994-05-01 00:00:00'::timestamp without time zone))","Rows Removed by Index Recheck": 0,"Exact Heap Blocks": 5687,"Lossy Heap Blocks": 0,"Workers": [],"Plans": [{"Node Type": "Bitmap Index Scan","Parent Relationship": "Outer","Parallel Aware": false,"Async Capable": false,"Index Name": "idx_orders_orderdate","Startup Cost": 0.00,"Total Cost": 773.77,"Plan Rows": 56934,"Plan Width": 0,"Actual Startup Time": 8.022,"Actual Total Time": 8.027,"Actual Rows": 55462,"Actual Loops": 1,"Index Cond": "((o_orderdate >= '1994-02-01'::date) AND (o_orderdate < '1994-05-01 00:00:00'::timestamp without time zone))","Workers": []}]},{"Node Type": "Index Scan","Parent Relationship": "Inner","Parallel Aware": false,"Async Capable": false,"Scan Direction": "Forward","Index Name": "idx_lineitem_orderkey","Relation Name": "lineitem","Alias": "lineitem","Startup Cost": 0.43,"Total Cost": 4.63,"Plan Rows": 6,"Plan Width": 4,"Actual Startup Time": 0.009,"Actual Total Time": 0.009,"Actual Rows": 1,"Actual Loops": 55462,"Index Cond": "(l_orderkey = orders.o_orderkey)","Rows Removed by Index Recheck": 0,"Filter": "(l_commitdate < l_receiptdate)","Rows Removed by Filter": 1,"Workers": []}]}]}]}]}]},"Planning Time": 4.085,"Triggers": [],"Execution Time": 227.544}]
[{"Plan": {"Node Type": "Aggregate","Strategy": "Sorted","Partial Mode": "Finalize","Parallel Aware": false,"Async Capable": false,"Startup Cost": 51011.39,"Total Cost": 51044.78,"Plan Rows": 5,"Plan Width": 24,"Actual Startup Time": 210.461,"Actual Total Time": 234.044,"Actual Rows": 5,"Actual Loops": 1,"Group Key": ["orders.o_orderpriority"],"Plans": [{"Node Type": "Gather Merge","Parent Relationship": "Outer","Parallel Aware": false,"Async Capable": false,"Startup Cost": 51011.39,"Total Cost": 51044.65,"Plan Rows": 15,"Plan Width": 24,"Actual Startup Time": 210.096,"Actual Total Time": 234.015,"Actual Rows": 20,"Actual Loops": 1,"Workers Planned": 3,"Workers Launched": 3,"Plans": [{"Node Type": "Aggregate","Strategy": "Sorted","Partial Mode": "Partial","Parent Relationship": "Outer","Parallel Aware": false,"Async Capable": false,"Startup Cost": 50011.35,"Total Cost": 50042.85,"Plan Rows": 5,"Plan Width": 24,"Actual Startup Time": 201.605,"Actual Total Time": 202.848,"Actual Rows": 5,"Actual Loops": 4,"Group Key": ["orders.o_orderpriority"],"Workers": [],"Plans": [{"Node Type": "Sort","Parent Relationship": "Outer","Parallel Aware": false,"Async Capable": false,"Startup Cost": 50011.35,"Total Cost": 50021.83,"Plan Rows": 4193,"Plan Width": 16,"Actual Startup Time": 201.266,"Actual Total Time": 201.779,"Actual Rows": 13126,"Actual Loops": 4,"Sort Key": ["orders.o_orderpriority"],"Sort Method": "quicksort","Sort Space Used": 1111,"Sort Space Type": "Memory","Workers": [{"Worker Number": 0,"Sort Method": "quicksort","Sort Space Used": 1101,"Sort Space Type": "Memory"},{"Worker Number": 1,"Sort Method": "quicksort","Sort Space Used": 1104,"Sort Space Type": "Memory"},{"Worker Number": 2,"Sort Method": "quicksort","Sort Space Used": 1095,"Sort Space Type": "Memory"}],"Plans": [{"Node Type": "Nested Loop","Parent Relationship": "Outer","Parallel Aware": false,"Async Capable": false,"Join Type": "Semi","Startup Cost": 757.77,"Total Cost": 49759.06,"Plan Rows": 4193,"Plan Width": 16,"Actual Startup Time": 5.095,"Actual Total Time": 194.943,"Actual Rows": 13126,"Actual Loops": 4,"Inner Unique": false,"Workers": [],"Plans": [{"Node Type": "Bitmap Heap Scan","Parent Relationship": "Outer","Parallel Aware": true,"Async Capable": false,"Relation Name": "orders","Alias": "orders","Startup Cost": 757.34,"Total Cost": 27117.13,"Plan Rows": 17653,"Plan Width": 20,"Actual Startup Time": 4.968,"Actual Total Time": 58.949,"Actual Rows": 14316,"Actual Loops": 4,"Recheck Cond": "((o_orderdate >= '1997-08-01'::date) AND (o_orderdate < '1997-11-01 00:00:00'::timestamp without time zone))","Rows Removed by Index Recheck": 0,"Exact Heap Blocks": 5880,"Lossy Heap Blocks": 0,"Workers": [],"Plans": [{"Node Type": "Bitmap Index Scan","Parent Relationship": "Outer","Parallel Aware": false,"Async Capable": false,"Index Name": "idx_orders_orderdate","Startup Cost": 0.00,"Total Cost": 743.66,"Plan Rows": 54723,"Plan Width": 0,"Actual Startup Time": 8.219,"Actual Total Time": 8.222,"Actual Rows": 57265,"Actual Loops": 1,"Index Cond": "((o_orderdate >= '1997-08-01'::date) AND (o_orderdate < '1997-11-01 00:00:00'::timestamp without time zone))","Workers": []}]},{"Node Type": "Index Scan","Parent Relationship": "Inner","Parallel Aware": false,"Async Capable": false,"Scan Direction": "Forward","Index Name": "idx_lineitem_orderkey","Relation Name": "lineitem","Alias": "lineitem","Startup Cost": 0.43,"Total Cost": 4.69,"Plan Rows": 6,"Plan Width": 4,"Actual Startup Time": 0.009,"Actual Total Time": 0.009,"Actual Rows": 1,"Actual Loops": 57265,"Index Cond": "(l_orderkey = orders.o_orderkey)","Rows Removed by Index Recheck": 0,"Filter": "(l_commitdate < l_receiptdate)","Rows Removed by Filter": 1,"Workers": []}]}]}]}]}]},"Planning Time": 5.789,"Triggers": [],"Execution Time": 234.434}]
[{"Plan": {"Node Type": "Aggregate","Strategy": "Sorted","Partial Mode": "Finalize","Parallel Aware": false,"Async Capable": false,"Startup Cost": 51600.04,"Total Cost": 51634.39,"Plan Rows": 5,"Plan Width": 24,"Actual Startup Time": 209.883,"Actual Total Time": 233.573,"Actual Rows": 5,"Actual Loops": 1,"Group Key": ["orders.o_orderpriority"],"Plans": [{"Node Type": "Gather Merge","Parent Relationship": "Outer","Parallel Aware": false,"Async Capable": false,"Startup Cost": 51600.04,"Total Cost": 51634.27,"Plan Rows": 15,"Plan Width": 24,"Actual Startup Time": 209.491,"Actual Total Time": 233.547,"Actual Rows": 20,"Actual Loops": 1,"Workers Planned": 3,"Workers Launched": 3,"Plans": [{"Node Type": "Aggregate","Strategy": "Sorted","Partial Mode": "Partial","Parent Relationship": "Outer","Parallel Aware": false,"Async Capable": false,"Startup Cost": 50600.00,"Total Cost": 50632.47,"Plan Rows": 5,"Plan Width": 24,"Actual Startup Time": 200.555,"Actual Total Time": 201.777,"Actual Rows": 5,"Actual Loops": 4,"Group Key": ["orders.o_orderpriority"],"Workers": [],"Plans": [{"Node Type": "Sort","Parent Relationship": "Outer","Parallel Aware": false,"Async Capable": false,"Startup Cost": 50600.00,"Total Cost": 50610.81,"Plan Rows": 4322,"Plan Width": 16,"Actual Startup Time": 200.215,"Actual Total Time": 200.732,"Actual Rows": 12804,"Actual Loops": 4,"Sort Key": ["orders.o_orderpriority"],"Sort Method": "quicksort","Sort Space Used": 1105,"Sort Space Type": "Memory","Workers": [{"Worker Number": 0,"Sort Method": "quicksort","Sort Space Used": 1078,"Sort Space Type": "Memory"},{"Worker Number": 1,"Sort Method": "quicksort","Sort Space Used": 1077,"Sort Space Type": "Memory"},{"Worker Number": 2,"Sort Method": "quicksort","Sort Space Used": 1079,"Sort Space Type": "Memory"}],"Plans": [{"Node Type": "Nested Loop","Parent Relationship": "Outer","Parallel Aware": false,"Async Capable": false,"Join Type": "Semi","Startup Cost": 779.02,"Total Cost": 50339.01,"Plan Rows": 4322,"Plan Width": 16,"Actual Startup Time": 5.636,"Actual Total Time": 193.920,"Actual Rows": 12804,"Actual Loops": 4,"Inner Unique": false,"Workers": [],"Plans": [{"Node Type": "Bitmap Heap Scan","Parent Relationship": "Outer","Parallel Aware": true,"Async Capable": false,"Relation Name": "orders","Alias": "orders","Startup Cost": 778.59,"Total Cost": 27146.52,"Plan Rows": 18195,"Plan Width": 20,"Actual Startup Time": 5.497,"Actual Total Time": 58.362,"Actual Rows": 13981,"Actual Loops": 4,"Recheck Cond": "((o_orderdate >= '1993-01-01'::date) AND (o_orderdate < '1993-04-01 00:00:00'::timestamp without time zone))","Rows Removed by Index Recheck": 0,"Exact Heap Blocks": 5903,"Lossy Heap Blocks": 0,"Workers": [],"Plans": [{"Node Type": "Bitmap Index Scan","Parent Relationship": "Outer","Parallel Aware": false,"Async Capable": false,"Index Name": "idx_orders_orderdate","Startup Cost": 0.00,"Total Cost": 764.49,"Plan Rows": 56406,"Plan Width": 0,"Actual Startup Time": 9.185,"Actual Total Time": 9.187,"Actual Rows": 55924,"Actual Loops": 1,"Index Cond": "((o_orderdate >= '1993-01-01'::date) AND (o_orderdate < '1993-04-01 00:00:00'::timestamp without time zone))","Workers": []}]},{"Node Type": "Index Scan","Parent Relationship": "Inner","Parallel Aware": false,"Async Capable": false,"Scan Direction": "Forward","Index Name": "idx_lineitem_orderkey","Relation Name": "lineitem","Alias": "lineitem","Startup Cost": 0.43,"Total Cost": 4.65,"Plan Rows": 6,"Plan Width": 4,"Actual Startup Time": 0.009,"Actual Total Time": 0.009,"Actual Rows": 1,"Actual Loops": 55924,"Index Cond": "(l_orderkey = orders.o_orderkey)","Rows Removed by Index Recheck": 0,"Filter": "(l_commitdate < l_receiptdate)","Rows Removed by Filter": 1,"Workers": []}]}]}]}]}]},"Planning Time": 4.372,"Triggers": [],"Execution Time": 234.017}]
[{"Plan": {"Node Type": "Aggregate","Strategy": "Sorted","Partial Mode": "Finalize","Parallel Aware": false,"Async Capable": false,"Startup Cost": 51940.16,"Total Cost": 51975.07,"Plan Rows": 5,"Plan Width": 24,"Actual Startup Time": 211.263,"Actual Total Time": 234.879,"Actual Rows": 5,"Actual Loops": 1,"Group Key": ["orders.o_orderpriority"],"Plans": [{"Node Type": "Gather Merge","Parent Relationship": "Outer","Parallel Aware": false,"Async Capable": false,"Startup Cost": 51940.16,"Total Cost": 51974.94,"Plan Rows": 15,"Plan Width": 24,"Actual Startup Time": 210.877,"Actual Total Time": 234.864,"Actual Rows": 20,"Actual Loops": 1,"Workers Planned": 3,"Workers Launched": 3,"Plans": [{"Node Type": "Aggregate","Strategy": "Sorted","Partial Mode": "Partial","Parent Relationship": "Outer","Parallel Aware": false,"Async Capable": false,"Startup Cost": 50940.12,"Total Cost": 50973.14,"Plan Rows": 5,"Plan Width": 24,"Actual Startup Time": 202.192,"Actual Total Time": 203.439,"Actual Rows": 5,"Actual Loops": 4,"Group Key": ["orders.o_orderpriority"],"Workers": [],"Plans": [{"Node Type": "Sort","Parent Relationship": "Outer","Parallel Aware": false,"Async Capable": false,"Startup Cost": 50940.12,"Total Cost": 50951.11,"Plan Rows": 4396,"Plan Width": 16,"Actual Startup Time": 201.842,"Actual Total Time": 202.379,"Actual Rows": 12924,"Actual Loops": 4,"Sort Key": ["orders.o_orderpriority"],"Sort Method": "quicksort","Sort Space Used": 1100,"Sort Space Type": "Memory","Workers": [{"Worker Number": 0,"Sort Method": "quicksort","Sort Space Used": 1089,"Sort Space Type": "Memory"},{"Worker Number": 1,"Sort Method": "quicksort","Sort Space Used": 1093,"Sort Space Type": "Memory"},{"Worker Number": 2,"Sort Method": "quicksort","Sort Space Used": 1083,"Sort Space Type": "Memory"}],"Plans": [{"Node Type": "Nested Loop","Parent Relationship": "Outer","Parallel Aware": false,"Async Capable": false,"Join Type": "Semi","Startup Cost": 792.95,"Total Cost": 50674.12,"Plan Rows": 4396,"Plan Width": 16,"Actual Startup Time": 4.945,"Actual Total Time": 195.397,"Actual Rows": 12924,"Actual Loops": 4,"Inner Unique": false,"Workers": [],"Plans": [{"Node Type": "Bitmap Heap Scan","Parent Relationship": "Outer","Parallel Aware": true,"Async Capable": false,"Relation Name": "orders","Alias": "orders","Startup Cost": 792.52,"Total Cost": 27165.14,"Plan Rows": 18508,"Plan Width": 20,"Actual Startup Time": 4.819,"Actual Total Time": 58.917,"Actual Rows": 14087,"Actual Loops": 4,"Recheck Cond": "((o_orderdate >= '1994-01-01'::date) AND (o_orderdate < '1994-04-01 00:00:00'::timestamp without time zone))","Rows Removed by Index Recheck": 0,"Exact Heap Blocks": 5893,"Lossy Heap Blocks": 0,"Workers": [],"Plans": [{"Node Type": "Bitmap Index Scan","Parent Relationship": "Outer","Parallel Aware": false,"Async Capable": false,"Index Name": "idx_orders_orderdate","Startup Cost": 0.00,"Total Cost": 778.18,"Plan Rows": 57375,"Plan Width": 0,"Actual Startup Time": 8.242,"Actual Total Time": 8.244,"Actual Rows": 56349,"Actual Loops": 1,"Index Cond": "((o_orderdate >= '1994-01-01'::date) AND (o_orderdate < '1994-04-01 00:00:00'::timestamp without time zone))","Workers": []}]},{"Node Type": "Index Scan","Parent Relationship": "Inner","Parallel Aware": false,"Async Capable": false,"Scan Direction": "Forward","Index Name": "idx_lineitem_orderkey","Relation Name": "lineitem","Alias": "lineitem","Startup Cost": 0.43,"Total Cost": 4.62,"Plan Rows": 6,"Plan Width": 4,"Actual Startup Time": 0.009,"Actual Total Time": 0.009,"Actual Rows": 1,"Actual Loops": 56349,"Index Cond": "(l_orderkey = orders.o_orderkey)","Rows Removed by Index Recheck": 0,"Filter": "(l_commitdate < l_receiptdate)","Rows Removed by Filter": 1,"Workers": []}]}]}]}]}]},"Planning Time": 4.809,"Triggers": [],"Execution Time": 235.387}]
[{"Plan": {"Node Type": "Aggregate","Strategy": "Sorted","Partial Mode": "Finalize","Parallel Aware": false,"Async Capable": false,"Startup Cost": 52505.50,"Total Cost": 52541.34,"Plan Rows": 5,"Plan Width": 24,"Actual Startup Time": 212.649,"Actual Total Time": 236.332,"Actual Rows": 5,"Actual Loops": 1,"Group Key": ["orders.o_orderpriority"],"Plans": [{"Node Type": "Gather Merge","Parent Relationship": "Outer","Parallel Aware": false,"Async Capable": false,"Startup Cost": 52505.50,"Total Cost": 52541.21,"Plan Rows": 15,"Plan Width": 24,"Actual Startup Time": 212.241,"Actual Total Time": 236.296,"Actual Rows": 20,"Actual Loops": 1,"Workers Planned": 3,"Workers Launched": 3,"Plans": [{"Node Type": "Aggregate","Strategy": "Sorted","Partial Mode": "Partial","Parent Relationship": "Outer","Parallel Aware": false,"Async Capable": false,"Startup Cost": 51505.46,"Total Cost": 51539.41,"Plan Rows": 5,"Plan Width": 24,"Actual Startup Time": 203.017,"Actual Total Time": 204.284,"Actual Rows": 5,"Actual Loops": 4,"Group Key": ["orders.o_orderpriority"],"Workers": [],"Plans": [{"Node Type": "Sort","Parent Relationship": "Outer","Parallel Aware": false,"Async Capable": false,"Startup Cost": 51505.46,"Total Cost": 51516.76,"Plan Rows": 4520,"Plan Width": 16,"Actual Startup Time": 202.651,"Actual Total Time": 203.197,"Actual Rows": 13152,"Actual Loops": 4,"Sort Key": ["orders.o_orderpriority"],"Sort Method": "quicksort","Sort Space Used": 1103,"Sort Space Type": "Memory","Workers": [{"Worker Number": 0,"Sort Method": "quicksort","Sort Space Used": 1110,"Sort Space Type": "Memory"},{"Worker Number": 1,"Sort Method": "quicksort","Sort Space Used": 1119,"Sort Space Type": "Memory"},{"Worker Number": 2,"Sort Method": "quicksort","Sort Space Used": 1083,"Sort Space Type": "Memory"}],"Plans": [{"Node Type": "Nested Loop","Parent Relationship": "Outer","Parallel Aware": false,"Async Capable": false,"Join Type": "Semi","Startup Cost": 817.51,"Total Cost": 51231.05,"Plan Rows": 4520,"Plan Width": 16,"Actual Startup Time": 4.809,"Actual Total Time": 196.117,"Actual Rows": 13152,"Actual Loops": 4,"Inner Unique": false,"Workers": [],"Plans": [{"Node Type": "Bitmap Heap Scan","Parent Relationship": "Outer","Parallel Aware": true,"Async Capable": false,"Relation Name": "orders","Alias": "orders","Startup Cost": 817.07,"Total Cost": 27197.51,"Plan Rows": 19029,"Plan Width": 20,"Actual Startup Time": 4.654,"Actual Total Time": 58.284,"Actual Rows": 14334,"Actual Loops": 4,"Recheck Cond": "((o_orderdate >= '1997-04-01'::date) AND (o_orderdate < '1997-07-01 00:00:00'::timestamp without time zone))","Rows Removed by Index Recheck": 0,"Exact Heap Blocks": 5837,"Lossy Heap Blocks": 0,"Workers": [],"Plans": [{"Node Type": "Bitmap Index Scan","Parent Relationship": "Outer","Parallel Aware": false,"Async Capable": false,"Index Name": "idx_orders_orderdate","Startup Cost": 0.00,"Total Cost": 802.33,"Plan Rows": 58990,"Plan Width": 0,"Actual Startup Time": 8.382,"Actual Total Time": 8.385,"Actual Rows": 57334,"Actual Loops": 1,"Index Cond": "((o_orderdate >= '1997-04-01'::date) AND (o_orderdate < '1997-07-01 00:00:00'::timestamp without time zone))","Workers": []}]},{"Node Type": "Index Scan","Parent Relationship": "Inner","Parallel Aware": false,"Async Capable": false,"Scan Direction": "Forward","Index Name": "idx_lineitem_orderkey","Relation Name": "lineitem","Alias": "lineitem","Startup Cost": 0.43,"Total Cost": 4.59,"Plan Rows": 6,"Plan Width": 4,"Actual Startup Time": 0.009,"Actual Total Time": 0.009,"Actual Rows": 1,"Actual Loops": 57334,"Index Cond": "(l_orderkey = orders.o_orderkey)","Rows Removed by Index Recheck": 0,"Filter": "(l_commitdate < l_receiptdate)","Rows Removed by Filter": 1,"Workers": []}]}]}]}]}]},"Planning Time": 4.807,"Triggers": [],"Execution Time": 236.832}]
[{"Plan": {"Node Type": "Aggregate","Strategy": "Sorted","Partial Mode": "Finalize","Parallel Aware": false,"Async Capable": false,"Startup Cost": 51845.54,"Total Cost": 51880.29,"Plan Rows": 5,"Plan Width": 24,"Actual Startup Time": 207.177,"Actual Total Time": 232.110,"Actual Rows": 5,"Actual Loops": 1,"Group Key": ["orders.o_orderpriority"],"Plans": [{"Node Type": "Gather Merge","Parent Relationship": "Outer","Parallel Aware": false,"Async Capable": false,"Startup Cost": 51845.54,"Total Cost": 51880.17,"Plan Rows": 15,"Plan Width": 24,"Actual Startup Time": 206.778,"Actual Total Time": 232.079,"Actual Rows": 20,"Actual Loops": 1,"Workers Planned": 3,"Workers Launched": 3,"Plans": [{"Node Type": "Aggregate","Strategy": "Sorted","Partial Mode": "Partial","Parent Relationship": "Outer","Parallel Aware": false,"Async Capable": false,"Startup Cost": 50845.50,"Total Cost": 50878.36,"Plan Rows": 5,"Plan Width": 24,"Actual Startup Time": 198.217,"Actual Total Time": 199.466,"Actual Rows": 5,"Actual Loops": 4,"Group Key": ["orders.o_orderpriority"],"Workers": [],"Plans": [{"Node Type": "Sort","Parent Relationship": "Outer","Parallel Aware": false,"Async Capable": false,"Startup Cost": 50845.50,"Total Cost": 50856.44,"Plan Rows": 4375,"Plan Width": 16,"Actual Startup Time": 197.865,"Actual Total Time": 198.399,"Actual Rows": 13003,"Actual Loops": 4,"Sort Key": ["orders.o_orderpriority"],"Sort Method": "quicksort","Sort Space Used": 1088,"Sort Space Type": "Memory","Workers": [{"Worker Number": 0,"Sort Method": "quicksort","Sort Space Used": 1109,"Sort Space Type": "Memory"},{"Worker Number": 1,"Sort Method": "quicksort","Sort Space Used": 1075,"Sort Space Type": "Memory"},{"Worker Number": 2,"Sort Method": "quicksort","Sort Space Used": 1111,"Sort Space Type": "Memory"}],"Plans": [{"Node Type": "Nested Loop","Parent Relationship": "Outer","Parallel Aware": false,"Async Capable": false,"Join Type": "Semi","Startup Cost": 790.17,"Total Cost": 50580.92,"Plan Rows": 4375,"Plan Width": 16,"Actual Startup Time": 5.194,"Actual Total Time": 191.534,"Actual Rows": 13003,"Actual Loops": 4,"Inner Unique": false,"Workers": [],"Plans": [{"Node Type": "Bitmap Heap Scan","Parent Relationship": "Outer","Parallel Aware": true,"Async Capable": false,"Relation Name": "orders","Alias": "orders","Startup Cost": 789.73,"Total Cost": 27161.04,"Plan Rows": 18420,"Plan Width": 20,"Actual Startup Time": 5.066,"Actual Total Time": 56.417,"Actual Rows": 14194,"Actual Loops": 4,"Recheck Cond": "((o_orderdate >= '1996-04-01'::date) AND (o_orderdate < '1996-07-01 00:00:00'::timestamp without time zone))","Rows Removed by Index Recheck": 0,"Exact Heap Blocks": 5706,"Lossy Heap Blocks": 0,"Workers": [],"Plans": [{"Node Type": "Bitmap Index Scan","Parent Relationship": "Outer","Parallel Aware": false,"Async Capable": false,"Index Name": "idx_orders_orderdate","Startup Cost": 0.00,"Total Cost": 775.46,"Plan Rows": 57103,"Plan Width": 0,"Actual Startup Time": 8.398,"Actual Total Time": 8.399,"Actual Rows": 56775,"Actual Loops": 1,"Index Cond": "((o_orderdate >= '1996-04-01'::date) AND (o_orderdate < '1996-07-01 00:00:00'::timestamp without time zone))","Workers": []}]},{"Node Type": "Index Scan","Parent Relationship": "Inner","Parallel Aware": false,"Async Capable": false,"Scan Direction": "Forward","Index Name": "idx_lineitem_orderkey","Relation Name": "lineitem","Alias": "lineitem","Startup Cost": 0.43,"Total Cost": 4.63,"Plan Rows": 6,"Plan Width": 4,"Actual Startup Time": 0.009,"Actual Total Time": 0.009,"Actual Rows": 1,"Actual Loops": 56775,"Index Cond": "(l_orderkey = orders.o_orderkey)","Rows Removed by Index Recheck": 0,"Filter": "(l_commitdate < l_receiptdate)","Rows Removed by Filter": 1,"Workers": []}]}]}]}]}]},"Planning Time": 4.671,"Triggers": [],"Execution Time": 232.791}]
[{"Plan": {"Node Type": "Aggregate","Strategy": "Sorted","Partial Mode": "Finalize","Parallel Aware": false,"Async Capable": false,"Startup Cost": 52188.36,"Total Cost": 52223.67,"Plan Rows": 5,"Plan Width": 24,"Actual Startup Time": 206.752,"Actual Total Time": 231.361,"Actual Rows": 5,"Actual Loops": 1,"Group Key": ["orders.o_orderpriority"],"Plans": [{"Node Type": "Gather Merge","Parent Relationship": "Outer","Parallel Aware": false,"Async Capable": false,"Startup Cost": 52188.36,"Total Cost": 52223.54,"Plan Rows": 15,"Plan Width": 24,"Actual Startup Time": 206.342,"Actual Total Time": 231.324,"Actual Rows": 20,"Actual Loops": 1,"Workers Planned": 3,"Workers Launched": 3,"Plans": [{"Node Type": "Aggregate","Strategy": "Sorted","Partial Mode": "Partial","Parent Relationship": "Outer","Parallel Aware": false,"Async Capable": false,"Startup Cost": 51188.32,"Total Cost": 51221.74,"Plan Rows": 5,"Plan Width": 24,"Actual Startup Time": 197.592,"Actual Total Time": 198.857,"Actual Rows": 5,"Actual Loops": 4,"Group Key": ["orders.o_orderpriority"],"Workers": [],"Plans": [{"Node Type": "Sort","Parent Relationship": "Outer","Parallel Aware": false,"Async Capable": false,"Startup Cost": 51188.32,"Total Cost": 51199.44,"Plan Rows": 4450,"Plan Width": 16,"Actual Startup Time": 197.254,"Actual Total Time": 197.787,"Actual Rows": 13171,"Actual Loops": 4,"Sort Key": ["orders.o_orderpriority"],"Sort Method": "quicksort","Sort Space Used": 1095,"Sort Space Type": "Memory","Workers": [{"Worker Number": 0,"Sort Method": "quicksort","Sort Space Used": 1116,"Sort Space Type": "Memory"},{"Worker Number": 1,"Sort Method": "quicksort","Sort Space Used": 1089,"Sort Space Type": "Memory"},{"Worker Number": 2,"Sort Method": "quicksort","Sort Space Used": 1119,"Sort Space Type": "Memory"}],"Plans": [{"Node Type": "Nested Loop","Parent Relationship": "Outer","Parallel Aware": false,"Async Capable": false,"Join Type": "Semi","Startup Cost": 804.19,"Total Cost": 50918.66,"Plan Rows": 4450,"Plan Width": 16,"Actual Startup Time": 4.989,"Actual Total Time": 190.898,"Actual Rows": 13171,"Actual Loops": 4,"Inner Unique": false,"Workers": [],"Plans": [{"Node Type": "Bitmap Heap Scan","Parent Relationship": "Outer","Parallel Aware": true,"Async Capable": false,"Relation Name": "orders","Alias": "orders","Startup Cost": 803.76,"Total Cost": 27179.79,"Plan Rows": 18736,"Plan Width": 20,"Actual Startup Time": 4.856,"Actual Total Time": 55.634,"Actual Rows": 14328,"Actual Loops": 4,"Recheck Cond": "((o_orderdate >= '1994-05-01'::date) AND (o_orderdate < '1994-08-01 00:00:00'::timestamp without time zone))","Rows Removed by Index Recheck": 0,"Exact Heap Blocks": 5709,"Lossy Heap Blocks": 0,"Workers": [],"Plans": [{"Node Type": "Bitmap Index Scan","Parent Relationship": "Outer","Parallel Aware": false,"Async Capable": false,"Index Name": "idx_orders_orderdate","Startup Cost": 0.00,"Total Cost": 789.24,"Plan Rows": 58081,"Plan Width": 0,"Actual Startup Time": 8.408,"Actual Total Time": 8.410,"Actual Rows": 57311,"Actual Loops": 1,"Index Cond": "((o_orderdate >= '1994-05-01'::date) AND (o_orderdate < '1994-08-01 00:00:00'::timestamp without time zone))","Workers": []}]},{"Node Type": "Index Scan","Parent Relationship": "Inner","Parallel Aware": false,"Async Capable": false,"Scan Direction": "Forward","Index Name": "idx_lineitem_orderkey","Relation Name": "lineitem","Alias": "lineitem","Startup Cost": 0.43,"Total Cost": 4.61,"Plan Rows": 6,"Plan Width": 4,"Actual Startup Time": 0.009,"Actual Total Time": 0.009,"Actual Rows": 1,"Actual Loops": 57311,"Index Cond": "(l_orderkey = orders.o_orderkey)","Rows Removed by Index Recheck": 0,"Filter": "(l_commitdate < l_receiptdate)","Rows Removed by Filter": 1,"Workers": []}]}]}]}]}]},"Planning Time": 4.567,"Triggers": [],"Execution Time": 232.063}]
[{"Plan": {"Node Type": "Aggregate","Strategy": "Sorted","Partial Mode": "Finalize","Parallel Aware": false,"Async Capable": false,"Startup Cost": 50907.22,"Total Cost": 50940.43,"Plan Rows": 5,"Plan Width": 24,"Actual Startup Time": 204.875,"Actual Total Time": 229.245,"Actual Rows": 5,"Actual Loops": 1,"Group Key": ["orders.o_orderpriority"],"Plans": [{"Node Type": "Gather Merge","Parent Relationship": "Outer","Parallel Aware": false,"Async Capable": false,"Startup Cost": 50907.22,"Total Cost": 50940.30,"Plan Rows": 15,"Plan Width": 24,"Actual Startup Time": 204.487,"Actual Total Time": 229.210,"Actual Rows": 20,"Actual Loops": 1,"Workers Planned": 3,"Workers Launched": 3,"Plans": [{"Node Type": "Aggregate","Strategy": "Sorted","Partial Mode": "Partial","Parent Relationship": "Outer","Parallel Aware": false,"Async Capable": false,"Startup Cost": 49907.18,"Total Cost": 49938.50,"Plan Rows": 5,"Plan Width": 24,"Actual Startup Time": 195.859,"Actual Total Time": 197.107,"Actual Rows": 5,"Actual Loops": 4,"Group Key": ["orders.o_orderpriority"],"Workers": [],"Plans": [{"Node Type": "Sort","Parent Relationship": "Outer","Parallel Aware": false,"Async Capable": false,"Startup Cost": 49907.18,"Total Cost": 49917.60,"Plan Rows": 4170,"Plan Width": 16,"Actual Startup Time": 195.538,"Actual Total Time": 196.036,"Actual Rows": 13129,"Actual Loops": 4,"Sort Key": ["orders.o_orderpriority"],"Sort Method": "quicksort","Sort Space Used": 1092,"Sort Space Type": "Memory","Workers": [{"Worker Number": 0,"Sort Method": "quicksort","Sort Space Used": 1119,"Sort Space Type": "Memory"},{"Worker Number": 1,"Sort Method": "quicksort","Sort Space Used": 1082,"Sort Space Type": "Memory"},{"Worker Number": 2,"Sort Method": "quicksort","Sort Space Used": 1116,"Sort Space Type": "Memory"}],"Plans": [{"Node Type": "Nested Loop","Parent Relationship": "Outer","Parallel Aware": false,"Async Capable": false,"Join Type": "Semi","Startup Cost": 754.75,"Total Cost": 49656.44,"Plan Rows": 4170,"Plan Width": 16,"Actual Startup Time": 4.769,"Actual Total Time": 189.357,"Actual Rows": 13129,"Actual Loops": 4,"Inner Unique": false,"Workers": [],"Plans": [{"Node Type": "Bitmap Heap Scan","Parent Relationship": "Outer","Parallel Aware": true,"Async Capable": false,"Relation Name": "orders","Alias": "orders","Startup Cost": 754.31,"Total Cost": 27112.68,"Plan Rows": 17557,"Plan Width": 20,"Actual Startup Time": 4.640,"Actual Total Time": 54.547,"Actual Rows": 14334,"Actual Loops": 4,"Recheck Cond": "((o_orderdate >= '1995-10-01'::date) AND (o_orderdate < '1996-01-01 00:00:00'::timestamp without time zone))","Rows Removed by Index Recheck": 0,"Exact Heap Blocks": 5726,"Lossy Heap Blocks": 0,"Workers": [],"Plans": [{"Node Type": "Bitmap Index Scan","Parent Relationship": "Outer","Parallel Aware": false,"Async Capable": false,"Index Name": "idx_orders_orderdate","Startup Cost": 0.00,"Total Cost": 740.71,"Plan Rows": 54428,"Plan Width": 0,"Actual Startup Time": 8.057,"Actual Total Time": 8.058,"Actual Rows": 57337,"Actual Loops": 1,"Index Cond": "((o_orderdate >= '1995-10-01'::date) AND (o_orderdate < '1996-01-01 00:00:00'::timestamp without time zone))","Workers": []}]},{"Node Type": "Index Scan","Parent Relationship": "Inner","Parallel Aware": false,"Async Capable": false,"Scan Direction": "Forward","Index Name": "idx_lineitem_orderkey","Relation Name": "lineitem","Alias": "lineitem","Startup Cost": 0.43,"Total Cost": 4.69,"Plan Rows": 6,"Plan Width": 4,"Actual Startup Time": 0.009,"Actual Total Time": 0.009,"Actual Rows": 1,"Actual Loops": 57337,"Index Cond": "(l_orderkey = orders.o_orderkey)","Rows Removed by Index Recheck": 0,"Filter": "(l_commitdate < l_receiptdate)","Rows Removed by Filter": 1,"Workers": []}]}]}]}]}]},"Planning Time": 4.806,"Triggers": [],"Execution Time": 229.951}]
[{"Plan": {"Node Type": "Aggregate","Strategy": "Sorted","Partial Mode": "Finalize","Parallel Aware": false,"Async Capable": false,"Startup Cost": 52300.80,"Total Cost": 52336.30,"Plan Rows": 5,"Plan Width": 24,"Actual Startup Time": 211.625,"Actual Total Time": 234.968,"Actual Rows": 5,"Actual Loops": 1,"Group Key": ["orders.o_orderpriority"],"Plans": [{"Node Type": "Gather Merge","Parent Relationship": "Outer","Parallel Aware": false,"Async Capable": false,"Startup Cost": 52300.80,"Total Cost": 52336.17,"Plan Rows": 15,"Plan Width": 24,"Actual Startup Time": 211.243,"Actual Total Time": 234.943,"Actual Rows": 20,"Actual Loops": 1,"Workers Planned": 3,"Workers Launched": 3,"Plans": [{"Node Type": "Aggregate","Strategy": "Sorted","Partial Mode": "Partial","Parent Relationship": "Outer","Parallel Aware": false,"Async Capable": false,"Startup Cost": 51300.76,"Total Cost": 51334.37,"Plan Rows": 5,"Plan Width": 24,"Actual Startup Time": 201.938,"Actual Total Time": 203.221,"Actual Rows": 5,"Actual Loops": 4,"Group Key": ["orders.o_orderpriority"],"Workers": [],"Plans": [{"Node Type": "Sort","Parent Relationship": "Outer","Parallel Aware": false,"Async Capable": false,"Startup Cost": 51300.76,"Total Cost": 51311.94,"Plan Rows": 4475,"Plan Width": 16,"Actual Startup Time": 201.599,"Actual Total Time": 202.136,"Actual Rows": 13200,"Actual Loops": 4,"Sort Key": ["orders.o_orderpriority"],"Sort Method": "quicksort","Sort Space Used": 1121,"Sort Space Type": "Memory","Workers": [{"Worker Number": 0,"Sort Method": "quicksort","Sort Space Used": 1104,"Sort Space Type": "Memory"},{"Worker Number": 1,"Sort Method": "quicksort","Sort Space Used": 1103,"Sort Space Type": "Memory"},{"Worker Number": 2,"Sort Method": "quicksort","Sort Space Used": 1097,"Sort Space Type": "Memory"}],"Plans": [{"Node Type": "Nested Loop","Parent Relationship": "Outer","Parallel Aware": false,"Async Capable": false,"Join Type": "Semi","Startup Cost": 807.53,"Total Cost": 51029.40,"Plan Rows": 4475,"Plan Width": 16,"Actual Startup Time": 4.691,"Actual Total Time": 194.955,"Actual Rows": 13200,"Actual Loops": 4,"Inner Unique": false,"Workers": [],"Plans": [{"Node Type": "Bitmap Heap Scan","Parent Relationship": "Outer","Parallel Aware": true,"Async Capable": false,"Relation Name": "orders","Alias": "orders","Startup Cost": 807.10,"Total Cost": 27184.71,"Plan Rows": 18841,"Plan Width": 20,"Actual Startup Time": 4.548,"Actual Total Time": 57.646,"Actual Rows": 14379,"Actual Loops": 4,"Recheck Cond": "((o_orderdate >= '1996-10-01'::date) AND (o_orderdate < '1997-01-01 00:00:00'::timestamp without time zone))","Rows Removed by Index Recheck": 0,"Exact Heap Blocks": 5956,"Lossy Heap Blocks": 0,"Workers": [],"Plans": [{"Node Type": "Bitmap Index Scan","Parent Relationship": "Outer","Parallel Aware": false,"Async Capable": false,"Index Name": "idx_orders_orderdate","Startup Cost": 0.00,"Total Cost": 792.50,"Plan Rows": 58407,"Plan Width": 0,"Actual Startup Time": 8.165,"Actual Total Time": 8.167,"Actual Rows": 57515,"Actual Loops": 1,"Index Cond": "((o_orderdate >= '1996-10-01'::date) AND (o_orderdate < '1997-01-01 00:00:00'::timestamp without time zone))","Workers": []}]},{"Node Type": "Index Scan","Parent Relationship": "Inner","Parallel Aware": false,"Async Capable": false,"Scan Direction": "Forward","Index Name": "idx_lineitem_orderkey","Relation Name": "lineitem","Alias": "lineitem","Startup Cost": 0.43,"Total Cost": 4.60,"Plan Rows": 6,"Plan Width": 4,"Actual Startup Time": 0.009,"Actual Total Time": 0.009,"Actual Rows": 1,"Actual Loops": 57515,"Index Cond": "(l_orderkey = orders.o_orderkey)","Rows Removed by Index Recheck": 0,"Filter": "(l_commitdate < l_receiptdate)","Rows Removed by Filter": 1,"Workers": []}]}]}]}]}]},"Planning Time": 5.090,"Triggers": [],"Execution Time": 235.437}]
[{"Plan": {"Node Type": "Aggregate","Strategy": "Sorted","Partial Mode": "Finalize","Parallel Aware": false,"Async Capable": false,"Startup Cost": 51787.75,"Total Cost": 51822.40,"Plan Rows": 5,"Plan Width": 24,"Actual Startup Time": 202.957,"Actual Total Time": 226.845,"Actual Rows": 5,"Actual Loops": 1,"Group Key": ["orders.o_orderpriority"],"Plans": [{"Node Type": "Gather Merge","Parent Relationship": "Outer","Parallel Aware": false,"Async Capable": false,"Startup Cost": 51787.75,"Total Cost": 51822.28,"Plan Rows": 15,"Plan Width": 24,"Actual Startup Time": 202.604,"Actual Total Time": 226.817,"Actual Rows": 20,"Actual Loops": 1,"Workers Planned": 3,"Workers Launched": 3,"Plans": [{"Node Type": "Aggregate","Strategy": "Sorted","Partial Mode": "Partial","Parent Relationship": "Outer","Parallel Aware": false,"Async Capable": false,"Startup Cost": 50787.71,"Total Cost": 50820.48,"Plan Rows": 5,"Plan Width": 24,"Actual Startup Time": 194.007,"Actual Total Time": 195.210,"Actual Rows": 5,"Actual Loops": 4,"Group Key": ["orders.o_orderpriority"],"Workers": [],"Plans": [{"Node Type": "Sort","Parent Relationship": "Outer","Parallel Aware": false,"Async Capable": false,"Startup Cost": 50787.71,"Total Cost": 50798.62,"Plan Rows": 4362,"Plan Width": 16,"Actual Startup Time": 193.661,"Actual Total Time": 194.173,"Actual Rows": 12702,"Actual Loops": 4,"Sort Key": ["orders.o_orderpriority"],"Sort Method": "quicksort","Sort Space Used": 1078,"Sort Space Type": "Memory","Workers": [{"Worker Number": 0,"Sort Method": "quicksort","Sort Space Used": 1094,"Sort Space Type": "Memory"},{"Worker Number": 1,"Sort Method": "quicksort","Sort Space Used": 1054,"Sort Space Type": "Memory"},{"Worker Number": 2,"Sort Method": "quicksort","Sort Space Used": 1091,"Sort Space Type": "Memory"}],"Plans": [{"Node Type": "Nested Loop","Parent Relationship": "Outer","Parallel Aware": false,"Async Capable": false,"Join Type": "Semi","Startup Cost": 788.43,"Total Cost": 50524.01,"Plan Rows": 4362,"Plan Width": 16,"Actual Startup Time": 4.762,"Actual Total Time": 187.476,"Actual Rows": 12702,"Actual Loops": 4,"Inner Unique": false,"Workers": [],"Plans": [{"Node Type": "Bitmap Heap Scan","Parent Relationship": "Outer","Parallel Aware": true,"Async Capable": false,"Relation Name": "orders","Alias": "orders","Startup Cost": 788.00,"Total Cost": 27158.49,"Plan Rows": 18366,"Plan Width": 20,"Actual Startup Time": 4.614,"Actual Total Time": 54.707,"Actual Rows": 13866,"Actual Loops": 4,"Recheck Cond": "((o_orderdate >= '1994-02-01'::date) AND (o_orderdate < '1994-05-01 00:00:00'::timestamp without time zone))","Rows Removed by Index Recheck": 0,"Exact Heap Blocks": 5687,"Lossy Heap Blocks": 0,"Workers": [],"Plans": [{"Node Type": "Bitmap Index Scan","Parent Relationship": "Outer","Parallel Aware": false,"Async Capable": false,"Index Name": "idx_orders_orderdate","Startup Cost": 0.00,"Total Cost": 773.77,"Plan Rows": 56934,"Plan Width": 0,"Actual Startup Time": 8.022,"Actual Total Time": 8.027,"Actual Rows": 55462,"Actual Loops": 1,"Index Cond": "((o_orderdate >= '1994-02-01'::date) AND (o_orderdate < '1994-05-01 00:00:00'::timestamp without time zone))","Workers": []}]},{"Node Type": "Index Scan","Parent Relationship": "Inner","Parallel Aware": false,"Async Capable": false,"Scan Direction": "Forward","Index Name": "idx_lineitem_orderkey","Relation Name": "lineitem","Alias": "lineitem","Startup Cost": 0.43,"Total Cost": 4.63,"Plan Rows": 6,"Plan Width": 4,"Actual Startup Time": 0.009,"Actual Total Time": 0.009,"Actual Rows": 1,"Actual Loops": 55462,"Index Cond": "(l_orderkey = orders.o_orderkey)","Rows Removed by Index Recheck": 0,"Filter": "(l_commitdate < l_receiptdate)","Rows Removed by Filter": 1,"Workers": []}]}]}]}]}]},"Planning Time": 4.085,"Triggers": [],"Execution Time": 227.544}]
[{"Plan": {"Node Type": "Aggregate","Strategy": "Sorted","Partial Mode": "Finalize","Parallel Aware": false,"Async Capable": false,"Startup Cost": 53066.80,"Total Cost": 53103.57,"Plan Rows": 5,"Plan Width": 24,"Actual Startup Time": 212.244,"Actual Total Time": 236.326,"Actual Rows": 5,"Actual Loops": 1,"Group Key": ["orders.o_orderpriority"],"Plans": [{"Node Type": "Gather Merge","Parent Relationship": "Outer","Parallel Aware": false,"Async Capable": false,"Startup Cost": 53066.80,"Total Cost": 53103.44,"Plan Rows": 15,"Plan Width": 24,"Actual Startup Time": 211.829,"Actual Total Time": 236.295,"Actual Rows": 20,"Actual Loops": 1,"Workers Planned": 3,"Workers Launched": 3,"Plans": [{"Node Type": "Aggregate","Strategy": "Sorted","Partial Mode": "Partial","Parent Relationship": "Outer","Parallel Aware": false,"Async Capable": false,"Startup Cost": 52066.76,"Total Cost": 52101.64,"Plan Rows": 5,"Plan Width": 24,"Actual Startup Time": 202.767,"Actual Total Time": 204.001,"Actual Rows": 5,"Actual Loops": 4,"Group Key": ["orders.o_orderpriority"],"Workers": [],"Plans": [{"Node Type": "Sort","Parent Relationship": "Outer","Parallel Aware": false,"Async Capable": false,"Startup Cost": 52066.76,"Total Cost": 52078.37,"Plan Rows": 4644,"Plan Width": 16,"Actual Startup Time": 202.424,"Actual Total Time": 202.931,"Actual Rows": 12960,"Actual Loops": 4,"Sort Key": ["orders.o_orderpriority"],"Sort Method": "quicksort","Sort Space Used": 1093,"Sort Space Type": "Memory","Workers": [{"Worker Number": 0,"Sort Method": "quicksort","Sort Space Used": 1075,"Sort Space Type": "Memory"},{"Worker Number": 1,"Sort Method": "quicksort","Sort Space Used": 1099,"Sort Space Type": "Memory"},{"Worker Number": 2,"Sort Method": "quicksort","Sort Space Used": 1106,"Sort Space Type": "Memory"}],"Plans": [{"Node Type": "Nested Loop","Parent Relationship": "Outer","Parallel Aware": false,"Async Capable": false,"Join Type": "Semi","Startup Cost": 838.15,"Total Cost": 51783.92,"Plan Rows": 4644,"Plan Width": 16,"Actual Startup Time": 4.866,"Actual Total Time": 196.038,"Actual Rows": 12960,"Actual Loops": 4,"Inner Unique": false,"Workers": [],"Plans": [{"Node Type": "Bitmap Heap Scan","Parent Relationship": "Outer","Parallel Aware": true,"Async Capable": false,"Relation Name": "orders","Alias": "orders","Startup Cost": 837.72,"Total Cost": 27226.01,"Plan Rows": 19553,"Plan Width": 20,"Actual Startup Time": 4.730,"Actual Total Time": 58.287,"Actual Rows": 14126,"Actual Loops": 4,"Recheck Cond": "((o_orderdate >= '1995-01-01'::date) AND (o_orderdate < '1995-04-01 00:00:00'::timestamp without time zone))","Rows Removed by Index Recheck": 0,"Exact Heap Blocks": 5851,"Lossy Heap Blocks": 0,"Workers": [],"Plans": [{"Node Type": "Bitmap Index Scan","Parent Relationship": "Outer","Parallel Aware": false,"Async Capable": false,"Index Name": "idx_orders_orderdate","Startup Cost": 0.00,"Total Cost": 822.57,"Plan Rows": 60614,"Plan Width": 0,"Actual Startup Time": 8.580,"Actual Total Time": 8.580,"Actual Rows": 56506,"Actual Loops": 1,"Index Cond": "((o_orderdate >= '1995-01-01'::date) AND (o_orderdate < '1995-04-01 00:00:00'::timestamp without time zone))","Workers": []}]},{"Node Type": "Index Scan","Parent Relationship": "Inner","Parallel Aware": false,"Async Capable": false,"Scan Direction": "Forward","Index Name": "idx_lineitem_orderkey","Relation Name": "lineitem","Alias": "lineitem","Startup Cost": 0.43,"Total Cost": 4.55,"Plan Rows": 6,"Plan Width": 4,"Actual Startup Time": 0.009,"Actual Total Time": 0.009,"Actual Rows": 1,"Actual Loops": 56506,"Index Cond": "(l_orderkey = orders.o_orderkey)","Rows Removed by Index Recheck": 0,"Filter": "(l_commitdate < l_receiptdate)","Rows Removed by Filter": 1,"Workers": []}]}]}]}]}]},"Planning Time": 5.921,"Triggers": [],"Execution Time": 236.742}]
[{"Plan": {"Node Type": "Aggregate","Strategy": "Sorted","Partial Mode": "Finalize","Parallel Aware": false,"Async Capable": false,"Startup Cost": 51895.02,"Total Cost": 51929.86,"Plan Rows": 5,"Plan Width": 24,"Actual Startup Time": 216.936,"Actual Total Time": 240.849,"Actual Rows": 5,"Actual Loops": 1,"Group Key": ["orders.o_orderpriority"],"Plans": [{"Node Type": "Gather Merge","Parent Relationship": "Outer","Parallel Aware": false,"Async Capable": false,"Startup Cost": 51895.02,"Total Cost": 51929.73,"Plan Rows": 15,"Plan Width": 24,"Actual Startup Time": 216.564,"Actual Total Time": 240.814,"Actual Rows": 20,"Actual Loops": 1,"Workers Planned": 3,"Workers Launched": 3,"Plans": [{"Node Type": "Aggregate","Strategy": "Sorted","Partial Mode": "Partial","Parent Relationship": "Outer","Parallel Aware": false,"Async Capable": false,"Startup Cost": 50894.98,"Total Cost": 50927.93,"Plan Rows": 5,"Plan Width": 24,"Actual Startup Time": 207.210,"Actual Total Time": 208.520,"Actual Rows": 5,"Actual Loops": 4,"Group Key": ["orders.o_orderpriority"],"Workers": [],"Plans": [{"Node Type": "Sort","Parent Relationship": "Outer","Parallel Aware": false,"Async Capable": false,"Startup Cost": 50894.98,"Total Cost": 50905.95,"Plan Rows": 4386,"Plan Width": 16,"Actual Startup Time": 206.842,"Actual Total Time": 207.438,"Actual Rows": 13154,"Actual Loops": 4,"Sort Key": ["orders.o_orderpriority"],"Sort Method": "quicksort","Sort Space Used": 1056,"Sort Space Type": "Memory","Workers": [{"Worker Number": 0,"Sort Method": "quicksort","Sort Space Used": 1144,"Sort Space Type": "Memory"},{"Worker Number": 1,"Sort Method": "quicksort","Sort Space Used": 1079,"Sort Space Type": "Memory"},{"Worker Number": 2,"Sort Method": "quicksort","Sort Space Used": 1137,"Sort Space Type": "Memory"}],"Plans": [{"Node Type": "Nested Loop","Parent Relationship": "Outer","Parallel Aware": false,"Async Capable": false,"Join Type": "Semi","Startup Cost": 791.62,"Total Cost": 50629.66,"Plan Rows": 4386,"Plan Width": 16,"Actual Startup Time": 4.998,"Actual Total Time": 200.365,"Actual Rows": 13154,"Actual Loops": 4,"Inner Unique": false,"Workers": [],"Plans": [{"Node Type": "Bitmap Heap Scan","Parent Relationship": "Outer","Parallel Aware": true,"Async Capable": false,"Relation Name": "orders","Alias": "orders","Startup Cost": 791.19,"Total Cost": 27163.18,"Plan Rows": 18466,"Plan Width": 20,"Actual Startup Time": 4.854,"Actual Total Time": 59.077,"Actual Rows": 14346,"Actual Loops": 4,"Recheck Cond": "((o_orderdate >= '1994-07-01'::date) AND (o_orderdate < '1994-10-01 00:00:00'::timestamp without time zone))","Rows Removed by Index Recheck": 0,"Exact Heap Blocks": 5381,"Lossy Heap Blocks": 0,"Workers": [],"Plans": [{"Node Type": "Bitmap Index Scan","Parent Relationship": "Outer","Parallel Aware": false,"Async Capable": false,"Index Name": "idx_orders_orderdate","Startup Cost": 0.00,"Total Cost": 776.88,"Plan Rows": 57245,"Plan Width": 0,"Actual Startup Time": 8.661,"Actual Total Time": 8.664,"Actual Rows": 57384,"Actual Loops": 1,"Index Cond": "((o_orderdate >= '1994-07-01'::date) AND (o_orderdate < '1994-10-01 00:00:00'::timestamp without time zone))","Workers": []}]},{"Node Type": "Index Scan","Parent Relationship": "Inner","Parallel Aware": false,"Async Capable": false,"Scan Direction": "Forward","Index Name": "idx_lineitem_orderkey","Relation Name": "lineitem","Alias": "lineitem","Startup Cost": 0.43,"Total Cost": 4.63,"Plan Rows": 6,"Plan Width": 4,"Actual Startup Time": 0.010,"Actual Total Time": 0.010,"Actual Rows": 1,"Actual Loops": 57384,"Index Cond": "(l_orderkey = orders.o_orderkey)","Rows Removed by Index Recheck": 0,"Filter": "(l_commitdate < l_receiptdate)","Rows Removed by Filter": 1,"Workers": []}]}]}]}]}]},"Planning Time": 4.847,"Triggers": [],"Execution Time": 241.394}]
[{"Plan": {"Node Type": "Aggregate","Strategy": "Sorted","Partial Mode": "Finalize","Parallel Aware": false,"Async Capable": false,"Startup Cost": 52037.63,"Total Cost": 52072.69,"Plan Rows": 5,"Plan Width": 24,"Actual Startup Time": 212.830,"Actual Total Time": 236.528,"Actual Rows": 5,"Actual Loops": 1,"Group Key": ["orders.o_orderpriority"],"Plans": [{"Node Type": "Gather Merge","Parent Relationship": "Outer","Parallel Aware": false,"Async Capable": false,"Startup Cost": 52037.63,"Total Cost": 52072.57,"Plan Rows": 15,"Plan Width": 24,"Actual Startup Time": 212.437,"Actual Total Time": 236.500,"Actual Rows": 20,"Actual Loops": 1,"Workers Planned": 3,"Workers Launched": 3,"Plans": [{"Node Type": "Aggregate","Strategy": "Sorted","Partial Mode": "Partial","Parent Relationship": "Outer","Parallel Aware": false,"Async Capable": false,"Startup Cost": 51037.59,"Total Cost": 51070.76,"Plan Rows": 5,"Plan Width": 24,"Actual Startup Time": 203.518,"Actual Total Time": 204.792,"Actual Rows": 5,"Actual Loops": 4,"Group Key": ["orders.o_orderpriority"],"Workers": [],"Plans": [{"Node Type": "Sort","Parent Relationship": "Outer","Parallel Aware": false,"Async Capable": false,"Startup Cost": 51037.59,"Total Cost": 51048.63,"Plan Rows": 4416,"Plan Width": 16,"Actual Startup Time": 203.163,"Actual Total Time": 203.707,"Actual Rows": 13164,"Actual Loops": 4,"Sort Key": ["orders.o_orderpriority"],"Sort Method": "quicksort","Sort Space Used": 1110,"Sort Space Type": "Memory","Workers": [{"Worker Number": 0,"Sort Method": "quicksort","Sort Space Used": 1102,"Sort Space Type": "Memory"},{"Worker Number": 1,"Sort Method": "quicksort","Sort Space Used": 1107,"Sort Space Type": "Memory"},{"Worker Number": 2,"Sort Method": "quicksort","Sort Space Used": 1099,"Sort Space Type": "Memory"}],"Plans": [{"Node Type": "Nested Loop","Parent Relationship": "Outer","Parallel Aware": false,"Async Capable": false,"Join Type": "Semi","Startup Cost": 799.70,"Total Cost": 50770.24,"Plan Rows": 4416,"Plan Width": 16,"Actual Startup Time": 4.932,"Actual Total Time": 196.801,"Actual Rows": 13164,"Actual Loops": 4,"Inner Unique": false,"Workers": [],"Plans": [{"Node Type": "Bitmap Heap Scan","Parent Relationship": "Outer","Parallel Aware": true,"Async Capable": false,"Relation Name": "orders","Alias": "orders","Startup Cost": 799.27,"Total Cost": 27173.19,"Plan Rows": 18595,"Plan Width": 20,"Actual Startup Time": 4.824,"Actual Total Time": 59.298,"Actual Rows": 14333,"Actual Loops": 4,"Recheck Cond": "((o_orderdate >= '1993-11-01'::date) AND (o_orderdate < '1994-02-01 00:00:00'::timestamp without time zone))","Rows Removed by Index Recheck": 0,"Exact Heap Blocks": 5948,"Lossy Heap Blocks": 0,"Workers": [],"Plans": [{"Node Type": "Bitmap Index Scan","Parent Relationship": "Outer","Parallel Aware": false,"Async Capable": false,"Index Name": "idx_orders_orderdate","Startup Cost": 0.00,"Total Cost": 784.86,"Plan Rows": 57643,"Plan Width": 0,"Actual Startup Time": 8.442,"Actual Total Time": 8.444,"Actual Rows": 57332,"Actual Loops": 1,"Index Cond": "((o_orderdate >= '1993-11-01'::date) AND (o_orderdate < '1994-02-01 00:00:00'::timestamp without time zone))","Workers": []}]},{"Node Type": "Index Scan","Parent Relationship": "Inner","Parallel Aware": false,"Async Capable": false,"Scan Direction": "Forward","Index Name": "idx_lineitem_orderkey","Relation Name": "lineitem","Alias": "lineitem","Startup Cost": 0.43,"Total Cost": 4.62,"Plan Rows": 6,"Plan Width": 4,"Actual Startup Time": 0.009,"Actual Total Time": 0.009,"Actual Rows": 1,"Actual Loops": 57332,"Index Cond": "(l_orderkey = orders.o_orderkey)","Rows Removed by Index Recheck": 0,"Filter": "(l_commitdate < l_receiptdate)","Rows Removed by Filter": 1,"Workers": []}]}]}]}]}]},"Planning Time": 5.578,"Triggers": [],"Execution Time": 237.012}]
[{"Plan": {"Node Type": "Aggregate","Strategy": "Sorted","Partial Mode": "Finalize","Parallel Aware": false,"Async Capable": false,"Startup Cost": 51903.92,"Total Cost": 51938.77,"Plan Rows": 5,"Plan Width": 24,"Actual Startup Time": 219.933,"Actual Total Time": 243.587,"Actual Rows": 5,"Actual Loops": 1,"Group Key": ["orders.o_orderpriority"],"Plans": [{"Node Type": "Gather Merge","Parent Relationship": "Outer","Parallel Aware": false,"Async Capable": false,"Startup Cost": 51903.92,"Total Cost": 51938.64,"Plan Rows": 15,"Plan Width": 24,"Actual Startup Time": 219.614,"Actual Total Time": 243.560,"Actual Rows": 20,"Actual Loops": 1,"Workers Planned": 3,"Workers Launched": 3,"Plans": [{"Node Type": "Aggregate","Strategy": "Sorted","Partial Mode": "Partial","Parent Relationship": "Outer","Parallel Aware": false,"Async Capable": false,"Startup Cost": 50903.88,"Total Cost": 50936.84,"Plan Rows": 5,"Plan Width": 24,"Actual Startup Time": 209.332,"Actual Total Time": 210.717,"Actual Rows": 5,"Actual Loops": 4,"Group Key": ["orders.o_orderpriority"],"Workers": [],"Plans": [{"Node Type": "Sort","Parent Relationship": "Outer","Parallel Aware": false,"Async Capable": false,"Startup Cost": 50903.88,"Total Cost": 50914.85,"Plan Rows": 4388,"Plan Width": 16,"Actual Startup Time": 208.936,"Actual Total Time": 209.559,"Actual Rows": 13145,"Actual Loops": 4,"Sort Key": ["orders.o_orderpriority"],"Sort Method": "quicksort","Sort Space Used": 1056,"Sort Space Type": "Memory","Workers": [{"Worker Number": 0,"Sort Method": "quicksort","Sort Space Used": 1143,"Sort Space Type": "Memory"},{"Worker Number": 1,"Sort Method": "quicksort","Sort Space Used": 1078,"Sort Space Type": "Memory"},{"Worker Number": 2,"Sort Method": "quicksort","Sort Space Used": 1136,"Sort Space Type": "Memory"}],"Plans": [{"Node Type": "Nested Loop","Parent Relationship": "Outer","Parallel Aware": false,"Async Capable": false,"Join Type": "Semi","Startup Cost": 791.87,"Total Cost": 50638.42,"Plan Rows": 4388,"Plan Width": 16,"Actual Startup Time": 4.667,"Actual Total Time": 202.314,"Actual Rows": 13145,"Actual Loops": 4,"Inner Unique": false,"Workers": [],"Plans": [{"Node Type": "Bitmap Heap Scan","Parent Relationship": "Outer","Parallel Aware": true,"Async Capable": false,"Relation Name": "orders","Alias": "orders","Startup Cost": 791.43,"Total Cost": 27163.54,"Plan Rows": 18474,"Plan Width": 20,"Actual Startup Time": 4.529,"Actual Total Time": 59.423,"Actual Rows": 14339,"Actual Loops": 4,"Recheck Cond": "((o_orderdate >= '1996-11-01'::date) AND (o_orderdate < '1997-02-01 00:00:00'::timestamp without time zone))","Rows Removed by Index Recheck": 0,"Exact Heap Blocks": 5432,"Lossy Heap Blocks": 0,"Workers": [],"Plans": [{"Node Type": "Bitmap Index Scan","Parent Relationship": "Outer","Parallel Aware": false,"Async Capable": false,"Index Name": "idx_orders_orderdate","Startup Cost": 0.00,"Total Cost": 777.12,"Plan Rows": 57269,"Plan Width": 0,"Actual Startup Time": 8.530,"Actual Total Time": 8.532,"Actual Rows": 57355,"Actual Loops": 1,"Index Cond": "((o_orderdate >= '1996-11-01'::date) AND (o_orderdate < '1997-02-01 00:00:00'::timestamp without time zone))","Workers": []}]},{"Node Type": "Index Scan","Parent Relationship": "Inner","Parallel Aware": false,"Async Capable": false,"Scan Direction": "Forward","Index Name": "idx_lineitem_orderkey","Relation Name": "lineitem","Alias": "lineitem","Startup Cost": 0.43,"Total Cost": 4.63,"Plan Rows": 6,"Plan Width": 4,"Actual Startup Time": 0.010,"Actual Total Time": 0.010,"Actual Rows": 1,"Actual Loops": 57355,"Index Cond": "(l_orderkey = orders.o_orderkey)","Rows Removed by Index Recheck": 0,"Filter": "(l_commitdate < l_receiptdate)","Rows Removed by Filter": 1,"Workers": []}]}]}]}]}]},"Planning Time": 4.997,"Triggers": [],"Execution Time": 244.179}]
[{"Plan": {"Node Type": "Aggregate","Strategy": "Sorted","Partial Mode": "Finalize","Parallel Aware": false,"Async Capable": false,"Startup Cost": 51603.08,"Total Cost": 51637.43,"Plan Rows": 5,"Plan Width": 24,"Actual Startup Time": 206.486,"Actual Total Time": 231.871,"Actual Rows": 5,"Actual Loops": 1,"Group Key": ["orders.o_orderpriority"],"Plans": [{"Node Type": "Gather Merge","Parent Relationship": "Outer","Parallel Aware": false,"Async Capable": false,"Startup Cost": 51603.08,"Total Cost": 51637.31,"Plan Rows": 15,"Plan Width": 24,"Actual Startup Time": 206.081,"Actual Total Time": 231.843,"Actual Rows": 20,"Actual Loops": 1,"Workers Planned": 3,"Workers Launched": 3,"Plans": [{"Node Type": "Aggregate","Strategy": "Sorted","Partial Mode": "Partial","Parent Relationship": "Outer","Parallel Aware": false,"Async Capable": false,"Startup Cost": 50603.04,"Total Cost": 50635.51,"Plan Rows": 5,"Plan Width": 24,"Actual Startup Time": 197.360,"Actual Total Time": 198.642,"Actual Rows": 5,"Actual Loops": 4,"Group Key": ["orders.o_orderpriority"],"Workers": [],"Plans": [{"Node Type": "Sort","Parent Relationship": "Outer","Parallel Aware": false,"Async Capable": false,"Startup Cost": 50603.04,"Total Cost": 50613.85,"Plan Rows": 4322,"Plan Width": 16,"Actual Startup Time": 197.017,"Actual Total Time": 197.567,"Actual Rows": 13131,"Actual Loops": 4,"Sort Key": ["orders.o_orderpriority"],"Sort Method": "quicksort","Sort Space Used": 1089,"Sort Space Type": "Memory","Workers": [{"Worker Number": 0,"Sort Method": "quicksort","Sort Space Used": 1120,"Sort Space Type": "Memory"},{"Worker Number": 1,"Sort Method": "quicksort","Sort Space Used": 1083,"Sort Space Type": "Memory"},{"Worker Number": 2,"Sort Method": "quicksort","Sort Space Used": 1118,"Sort Space Type": "Memory"}],"Plans": [{"Node Type": "Nested Loop","Parent Relationship": "Outer","Parallel Aware": false,"Async Capable": false,"Join Type": "Semi","Startup Cost": 779.09,"Total Cost": 50342.05,"Plan Rows": 4322,"Plan Width": 16,"Actual Startup Time": 4.937,"Actual Total Time": 190.619,"Actual Rows": 13131,"Actual Loops": 4,"Inner Unique": false,"Workers": [],"Plans": [{"Node Type": "Bitmap Heap Scan","Parent Relationship": "Outer","Parallel Aware": true,"Async Capable": false,"Relation Name": "orders","Alias": "orders","Startup Cost": 778.66,"Total Cost": 27146.63,"Plan Rows": 18198,"Plan Width": 20,"Actual Startup Time": 4.811,"Actual Total Time": 55.616,"Actual Rows": 14304,"Actual Loops": 4,"Recheck Cond": "((o_orderdate >= '1993-07-01'::date) AND (o_orderdate < '1993-10-01 00:00:00'::timestamp without time zone))","Rows Removed by Index Recheck": 0,"Exact Heap Blocks": 5709,"Lossy Heap Blocks": 0,"Workers": [],"Plans": [{"Node Type": "Bitmap Index Scan","Parent Relationship": "Outer","Parallel Aware": false,"Async Capable": false,"Index Name": "idx_orders_orderdate","Startup Cost": 0.00,"Total Cost": 764.56,"Plan Rows": 56413,"Plan Width": 0,"Actual Startup Time": 8.166,"Actual Total Time": 8.170,"Actual Rows": 57218,"Actual Loops": 1,"Index Cond": "((o_orderdate >= '1993-07-01'::date) AND (o_orderdate < '1993-10-01 00:00:00'::timestamp without time zone))","Workers": []}]},{"Node Type": "Index Scan","Parent Relationship": "Inner","Parallel Aware": false,"Async Capable": false,"Scan Direction": "Forward","Index Name": "idx_lineitem_orderkey","Relation Name": "lineitem","Alias": "lineitem","Startup Cost": 0.43,"Total Cost": 4.64,"Plan Rows": 6,"Plan Width": 4,"Actual Startup Time": 0.009,"Actual Total Time": 0.009,"Actual Rows": 1,"Actual Loops": 57218,"Index Cond": "(l_orderkey = orders.o_orderkey)","Rows Removed by Index Recheck": 0,"Filter": "(l_commitdate < l_receiptdate)","Rows Removed by Filter": 1,"Workers": []}]}]}]}]}]},"Planning Time": 4.369,"Triggers": [],"Execution Time": 232.584}]
[{"Plan": {"Node Type": "Aggregate","Strategy": "Sorted","Partial Mode": "Finalize","Parallel Aware": false,"Async Capable": false,"Startup Cost": 52037.63,"Total Cost": 52072.69,"Plan Rows": 5,"Plan Width": 24,"Actual Startup Time": 212.830,"Actual Total Time": 236.528,"Actual Rows": 5,"Actual Loops": 1,"Group Key": ["orders.o_orderpriority"],"Plans": [{"Node Type": "Gather Merge","Parent Relationship": "Outer","Parallel Aware": false,"Async Capable": false,"Startup Cost": 52037.63,"Total Cost": 52072.57,"Plan Rows": 15,"Plan Width": 24,"Actual Startup Time": 212.437,"Actual Total Time": 236.500,"Actual Rows": 20,"Actual Loops": 1,"Workers Planned": 3,"Workers Launched": 3,"Plans": [{"Node Type": "Aggregate","Strategy": "Sorted","Partial Mode": "Partial","Parent Relationship": "Outer","Parallel Aware": false,"Async Capable": false,"Startup Cost": 51037.59,"Total Cost": 51070.76,"Plan Rows": 5,"Plan Width": 24,"Actual Startup Time": 203.518,"Actual Total Time": 204.792,"Actual Rows": 5,"Actual Loops": 4,"Group Key": ["orders.o_orderpriority"],"Workers": [],"Plans": [{"Node Type": "Sort","Parent Relationship": "Outer","Parallel Aware": false,"Async Capable": false,"Startup Cost": 51037.59,"Total Cost": 51048.63,"Plan Rows": 4416,"Plan Width": 16,"Actual Startup Time": 203.163,"Actual Total Time": 203.707,"Actual Rows": 13164,"Actual Loops": 4,"Sort Key": ["orders.o_orderpriority"],"Sort Method": "quicksort","Sort Space Used": 1110,"Sort Space Type": "Memory","Workers": [{"Worker Number": 0,"Sort Method": "quicksort","Sort Space Used": 1102,"Sort Space Type": "Memory"},{"Worker Number": 1,"Sort Method": "quicksort","Sort Space Used": 1107,"Sort Space Type": "Memory"},{"Worker Number": 2,"Sort Method": "quicksort","Sort Space Used": 1099,"Sort Space Type": "Memory"}],"Plans": [{"Node Type": "Nested Loop","Parent Relationship": "Outer","Parallel Aware": false,"Async Capable": false,"Join Type": "Semi","Startup Cost": 799.70,"Total Cost": 50770.24,"Plan Rows": 4416,"Plan Width": 16,"Actual Startup Time": 4.932,"Actual Total Time": 196.801,"Actual Rows": 13164,"Actual Loops": 4,"Inner Unique": false,"Workers": [],"Plans": [{"Node Type": "Bitmap Heap Scan","Parent Relationship": "Outer","Parallel Aware": true,"Async Capable": false,"Relation Name": "orders","Alias": "orders","Startup Cost": 799.27,"Total Cost": 27173.19,"Plan Rows": 18595,"Plan Width": 20,"Actual Startup Time": 4.824,"Actual Total Time": 59.298,"Actual Rows": 14333,"Actual Loops": 4,"Recheck Cond": "((o_orderdate >= '1993-11-01'::date) AND (o_orderdate < '1994-02-01 00:00:00'::timestamp without time zone))","Rows Removed by Index Recheck": 0,"Exact Heap Blocks": 5948,"Lossy Heap Blocks": 0,"Workers": [],"Plans": [{"Node Type": "Bitmap Index Scan","Parent Relationship": "Outer","Parallel Aware": false,"Async Capable": false,"Index Name": "idx_orders_orderdate","Startup Cost": 0.00,"Total Cost": 784.86,"Plan Rows": 57643,"Plan Width": 0,"Actual Startup Time": 8.442,"Actual Total Time": 8.444,"Actual Rows": 57332,"Actual Loops": 1,"Index Cond": "((o_orderdate >= '1993-11-01'::date) AND (o_orderdate < '1994-02-01 00:00:00'::timestamp without time zone))","Workers": []}]},{"Node Type": "Index Scan","Parent Relationship": "Inner","Parallel Aware": false,"Async Capable": false,"Scan Direction": "Forward","Index Name": "idx_lineitem_orderkey","Relation Name": "lineitem","Alias": "lineitem","Startup Cost": 0.43,"Total Cost": 4.62,"Plan Rows": 6,"Plan Width": 4,"Actual Startup Time": 0.009,"Actual Total Time": 0.009,"Actual Rows": 1,"Actual Loops": 57332,"Index Cond": "(l_orderkey = orders.o_orderkey)","Rows Removed by Index Recheck": 0,"Filter": "(l_commitdate < l_receiptdate)","Rows Removed by Filter": 1,"Workers": []}]}]}]}]}]},"Planning Time": 5.578,"Triggers": [],"Execution Time": 237.012}]
[{"Plan": {"Node Type": "Aggregate","Strategy": "Sorted","Partial Mode": "Finalize","Parallel Aware": false,"Async Capable": false,"Startup Cost": 51165.01,"Total Cost": 51198.65,"Plan Rows": 5,"Plan Width": 24,"Actual Startup Time": 203.769,"Actual Total Time": 228.271,"Actual Rows": 5,"Actual Loops": 1,"Group Key": ["orders.o_orderpriority"],"Plans": [{"Node Type": "Gather Merge","Parent Relationship": "Outer","Parallel Aware": false,"Async Capable": false,"Startup Cost": 51165.01,"Total Cost": 51198.52,"Plan Rows": 15,"Plan Width": 24,"Actual Startup Time": 203.386,"Actual Total Time": 228.243,"Actual Rows": 20,"Actual Loops": 1,"Workers Planned": 3,"Workers Launched": 3,"Plans": [{"Node Type": "Aggregate","Strategy": "Sorted","Partial Mode": "Partial","Parent Relationship": "Outer","Parallel Aware": false,"Async Capable": false,"Startup Cost": 50164.97,"Total Cost": 50196.72,"Plan Rows": 5,"Plan Width": 24,"Actual Startup Time": 194.376,"Actual Total Time": 195.607,"Actual Rows": 5,"Actual Loops": 4,"Group Key": ["orders.o_orderpriority"],"Workers": [],"Plans": [{"Node Type": "Sort","Parent Relationship": "Outer","Parallel Aware": false,"Async Capable": false,"Startup Cost": 50164.97,"Total Cost": 50175.54,"Plan Rows": 4226,"Plan Width": 16,"Actual Startup Time": 194.028,"Actual Total Time": 194.544,"Actual Rows": 12926,"Actual Loops": 4,"Sort Key": ["orders.o_orderpriority"],"Sort Method": "quicksort","Sort Space Used": 1082,"Sort Space Type": "Memory","Workers": [{"Worker Number": 0,"Sort Method": "quicksort","Sort Space Used": 1106,"Sort Space Type": "Memory"},{"Worker Number": 1,"Sort Method": "quicksort","Sort Space Used": 1074,"Sort Space Type": "Memory"},{"Worker Number": 2,"Sort Method": "quicksort","Sort Space Used": 1104,"Sort Space Type": "Memory"}],"Plans": [{"Node Type": "Nested Loop","Parent Relationship": "Outer","Parallel Aware": false,"Async Capable": false,"Join Type": "Semi","Startup Cost": 762.30,"Total Cost": 49910.46,"Plan Rows": 4226,"Plan Width": 16,"Actual Startup Time": 4.653,"Actual Total Time": 187.831,"Actual Rows": 12926,"Actual Loops": 4,"Inner Unique": false,"Workers": [],"Plans": [{"Node Type": "Bitmap Heap Scan","Parent Relationship": "Outer","Parallel Aware": true,"Async Capable": false,"Relation Name": "orders","Alias": "orders","Startup Cost": 761.87,"Total Cost": 27123.80,"Plan Rows": 17795,"Plan Width": 20,"Actual Startup Time": 4.540,"Actual Total Time": 54.726,"Actual Rows": 14108,"Actual Loops": 4,"Recheck Cond": "((o_orderdate >= '1993-04-01'::date) AND (o_orderdate < '1993-07-01 00:00:00'::timestamp without time zone))","Rows Removed by Index Recheck": 0,"Exact Heap Blocks": 5719,"Lossy Heap Blocks": 0,"Workers": [],"Plans": [{"Node Type": "Bitmap Index Scan","Parent Relationship": "Outer","Parallel Aware": false,"Async Capable": false,"Index Name": "idx_orders_orderdate","Startup Cost": 0.00,"Total Cost": 748.08,"Plan Rows": 55165,"Plan Width": 0,"Actual Startup Time": 7.931,"Actual Total Time": 7.932,"Actual Rows": 56434,"Actual Loops": 1,"Index Cond": "((o_orderdate >= '1993-04-01'::date) AND (o_orderdate < '1993-07-01 00:00:00'::timestamp without time zone))","Workers": []}]},{"Node Type": "Index Scan","Parent Relationship": "Inner","Parallel Aware": false,"Async Capable": false,"Scan Direction": "Forward","Index Name": "idx_lineitem_orderkey","Relation Name": "lineitem","Alias": "lineitem","Startup Cost": 0.43,"Total Cost": 4.67,"Plan Rows": 6,"Plan Width": 4,"Actual Startup Time": 0.009,"Actual Total Time": 0.009,"Actual Rows": 1,"Actual Loops": 56434,"Index Cond": "(l_orderkey = orders.o_orderkey)","Rows Removed by Index Recheck": 0,"Filter": "(l_commitdate < l_receiptdate)","Rows Removed by Filter": 1,"Workers": []}]}]}]}]}]},"Planning Time": 5.442,"Triggers": [],"Execution Time": 229.015}]
[{"Plan": {"Node Type": "Aggregate","Strategy": "Sorted","Partial Mode": "Finalize","Parallel Aware": false,"Async Capable": false,"Startup Cost": 52231.26,"Total Cost": 52266.64,"Plan Rows": 5,"Plan Width": 24,"Actual Startup Time": 211.731,"Actual Total Time": 236.685,"Actual Rows": 5,"Actual Loops": 1,"Group Key": ["orders.o_orderpriority"],"Plans": [{"Node Type": "Gather Merge","Parent Relationship": "Outer","Parallel Aware": false,"Async Capable": false,"Startup Cost": 52231.26,"Total Cost": 52266.52,"Plan Rows": 15,"Plan Width": 24,"Actual Startup Time": 211.358,"Actual Total Time": 236.644,"Actual Rows": 20,"Actual Loops": 1,"Workers Planned": 3,"Workers Launched": 3,"Plans": [{"Node Type": "Aggregate","Strategy": "Sorted","Partial Mode": "Partial","Parent Relationship": "Outer","Parallel Aware": false,"Async Capable": false,"Startup Cost": 51231.22,"Total Cost": 51264.72,"Plan Rows": 5,"Plan Width": 24,"Actual Startup Time": 202.707,"Actual Total Time": 203.957,"Actual Rows": 5,"Actual Loops": 4,"Group Key": ["orders.o_orderpriority"],"Workers": [],"Plans": [{"Node Type": "Sort","Parent Relationship": "Outer","Parallel Aware": false,"Async Capable": false,"Startup Cost": 51231.22,"Total Cost": 51242.37,"Plan Rows": 4460,"Plan Width": 16,"Actual Startup Time": 202.371,"Actual Total Time": 202.882,"Actual Rows": 13097,"Actual Loops": 4,"Sort Key": ["orders.o_orderpriority"],"Sort Method": "quicksort","Sort Space Used": 1098,"Sort Space Type": "Memory","Workers": [{"Worker Number": 0,"Sort Method": "quicksort","Sort Space Used": 1097,"Sort Space Type": "Memory"},{"Worker Number": 1,"Sort Method": "quicksort","Sort Space Used": 1085,"Sort Space Type": "Memory"},{"Worker Number": 2,"Sort Method": "quicksort","Sort Space Used": 1122,"Sort Space Type": "Memory"}],"Plans": [{"Node Type": "Nested Loop","Parent Relationship": "Outer","Parallel Aware": false,"Async Capable": false,"Join Type": "Semi","Startup Cost": 805.48,"Total Cost": 50960.88,"Plan Rows": 4460,"Plan Width": 16,"Actual Startup Time": 5.489,"Actual Total Time": 195.856,"Actual Rows": 13097,"Actual Loops": 4,"Inner Unique": false,"Workers": [],"Plans": [{"Node Type": "Bitmap Heap Scan","Parent Relationship": "Outer","Parallel Aware": true,"Async Capable": false,"Relation Name": "orders","Alias": "orders","Startup Cost": 805.05,"Total Cost": 27181.70,"Plan Rows": 18776,"Plan Width": 20,"Actual Startup Time": 5.323,"Actual Total Time": 57.749,"Actual Rows": 14305,"Actual Loops": 4,"Recheck Cond": "((o_orderdate >= '1994-10-01'::date) AND (o_orderdate < '1995-01-01 00:00:00'::timestamp without time zone))","Rows Removed by Index Recheck": 0,"Exact Heap Blocks": 5772,"Lossy Heap Blocks": 0,"Workers": [],"Plans": [{"Node Type": "Bitmap Index Scan","Parent Relationship": "Outer","Parallel Aware": false,"Async Capable": false,"Index Name": "idx_orders_orderdate","Startup Cost": 0.00,"Total Cost": 790.50,"Plan Rows": 58207,"Plan Width": 0,"Actual Startup Time": 8.588,"Actual Total Time": 8.590,"Actual Rows": 57219,"Actual Loops": 1,"Index Cond": "((o_orderdate >= '1994-10-01'::date) AND (o_orderdate < '1995-01-01 00:00:00'::timestamp without time zone))","Workers": []}]},{"Node Type": "Index Scan","Parent Relationship": "Inner","Parallel Aware": false,"Async Capable": false,"Scan Direction": "Forward","Index Name": "idx_lineitem_orderkey","Relation Name": "lineitem","Alias": "lineitem","Startup Cost": 0.43,"Total Cost": 4.60,"Plan Rows": 6,"Plan Width": 4,"Actual Startup Time": 0.009,"Actual Total Time": 0.009,"Actual Rows": 1,"Actual Loops": 57219,"Index Cond": "(l_orderkey = orders.o_orderkey)","Rows Removed by Index Recheck": 0,"Filter": "(l_commitdate < l_receiptdate)","Rows Removed by Filter": 1,"Workers": []}]}]}]}]}]},"Planning Time": 4.281,"Triggers": [],"Execution Time": 237.379}]
[{"Plan": {"Node Type": "Aggregate","Strategy": "Sorted","Partial Mode": "Finalize","Parallel Aware": false,"Async Capable": false,"Startup Cost": 51563.06,"Total Cost": 51597.36,"Plan Rows": 5,"Plan Width": 24,"Actual Startup Time": 209.353,"Actual Total Time": 233.705,"Actual Rows": 5,"Actual Loops": 1,"Group Key": ["orders.o_orderpriority"],"Plans": [{"Node Type": "Gather Merge","Parent Relationship": "Outer","Parallel Aware": false,"Async Capable": false,"Startup Cost": 51563.06,"Total Cost": 51597.23,"Plan Rows": 15,"Plan Width": 24,"Actual Startup Time": 208.928,"Actual Total Time": 233.674,"Actual Rows": 20,"Actual Loops": 1,"Workers Planned": 3,"Workers Launched": 3,"Plans": [{"Node Type": "Aggregate","Strategy": "Sorted","Partial Mode": "Partial","Parent Relationship": "Outer","Parallel Aware": false,"Async Capable": false,"Startup Cost": 50563.02,"Total Cost": 50595.43,"Plan Rows": 5,"Plan Width": 24,"Actual Startup Time": 200.123,"Actual Total Time": 201.359,"Actual Rows": 5,"Actual Loops": 4,"Group Key": ["orders.o_orderpriority"],"Workers": [],"Plans": [{"Node Type": "Sort","Parent Relationship": "Outer","Parallel Aware": false,"Async Capable": false,"Startup Cost": 50563.02,"Total Cost": 50573.81,"Plan Rows": 4314,"Plan Width": 16,"Actual Startup Time": 199.793,"Actual Total Time": 200.293,"Actual Rows": 12936,"Actual Loops": 4,"Sort Key": ["orders.o_orderpriority"],"Sort Method": "quicksort","Sort Space Used": 1088,"Sort Space Type": "Memory","Workers": [{"Worker Number": 0,"Sort Method": "quicksort","Sort Space Used": 1073,"Sort Space Type": "Memory"},{"Worker Number": 1,"Sort Method": "quicksort","Sort Space Used": 1104,"Sort Space Type": "Memory"},{"Worker Number": 2,"Sort Method": "quicksort","Sort Space Used": 1102,"Sort Space Type": "Memory"}],"Plans": [{"Node Type": "Nested Loop","Parent Relationship": "Outer","Parallel Aware": false,"Async Capable": false,"Join Type": "Semi","Startup Cost": 777.94,"Total Cost": 50302.57,"Plan Rows": 4314,"Plan Width": 16,"Actual Startup Time": 5.390,"Actual Total Time": 193.555,"Actual Rows": 12936,"Actual Loops": 4,"Inner Unique": false,"Workers": [],"Plans": [{"Node Type": "Bitmap Heap Scan","Parent Relationship": "Outer","Parallel Aware": true,"Async Capable": false,"Relation Name": "orders","Alias": "orders","Startup Cost": 777.50,"Total Cost": 27144.92,"Plan Rows": 18161,"Plan Width": 20,"Actual Startup Time": 5.246,"Actual Total Time": 58.249,"Actual Rows": 14114,"Actual Loops": 4,"Recheck Cond": "((o_orderdate >= '1997-09-01'::date) AND (o_orderdate < '1997-12-01 00:00:00'::timestamp without time zone))","Rows Removed by Index Recheck": 0,"Exact Heap Blocks": 5736,"Lossy Heap Blocks": 0,"Workers": [],"Plans": [{"Node Type": "Bitmap Index Scan","Parent Relationship": "Outer","Parallel Aware": false,"Async Capable": false,"Index Name": "idx_orders_orderdate","Startup Cost": 0.00,"Total Cost": 763.43,"Plan Rows": 56300,"Plan Width": 0,"Actual Startup Time": 8.862,"Actual Total Time": 8.862,"Actual Rows": 56454,"Actual Loops": 1,"Index Cond": "((o_orderdate >= '1997-09-01'::date) AND (o_orderdate < '1997-12-01 00:00:00'::timestamp without time zone))","Workers": []}]},{"Node Type": "Index Scan","Parent Relationship": "Inner","Parallel Aware": false,"Async Capable": false,"Scan Direction": "Forward","Index Name": "idx_lineitem_orderkey","Relation Name": "lineitem","Alias": "lineitem","Startup Cost": 0.43,"Total Cost": 4.65,"Plan Rows": 6,"Plan Width": 4,"Actual Startup Time": 0.009,"Actual Total Time": 0.009,"Actual Rows": 1,"Actual Loops": 56454,"Index Cond": "(l_orderkey = orders.o_orderkey)","Rows Removed by Index Recheck": 0,"Filter": "(l_commitdate < l_receiptdate)","Rows Removed by Filter": 1,"Workers": []}]}]}]}]}]},"Planning Time": 5.783,"Triggers": [],"Execution Time": 234.121}]
[{"Plan": {"Node Type": "Aggregate","Strategy": "Sorted","Partial Mode": "Finalize","Parallel Aware": false,"Async Capable": false,"Startup Cost": 52231.26,"Total Cost": 52266.64,"Plan Rows": 5,"Plan Width": 24,"Actual Startup Time": 211.731,"Actual Total Time": 236.685,"Actual Rows": 5,"Actual Loops": 1,"Group Key": ["orders.o_orderpriority"],"Plans": [{"Node Type": "Gather Merge","Parent Relationship": "Outer","Parallel Aware": false,"Async Capable": false,"Startup Cost": 52231.26,"Total Cost": 52266.52,"Plan Rows": 15,"Plan Width": 24,"Actual Startup Time": 211.358,"Actual Total Time": 236.644,"Actual Rows": 20,"Actual Loops": 1,"Workers Planned": 3,"Workers Launched": 3,"Plans": [{"Node Type": "Aggregate","Strategy": "Sorted","Partial Mode": "Partial","Parent Relationship": "Outer","Parallel Aware": false,"Async Capable": false,"Startup Cost": 51231.22,"Total Cost": 51264.72,"Plan Rows": 5,"Plan Width": 24,"Actual Startup Time": 202.707,"Actual Total Time": 203.957,"Actual Rows": 5,"Actual Loops": 4,"Group Key": ["orders.o_orderpriority"],"Workers": [],"Plans": [{"Node Type": "Sort","Parent Relationship": "Outer","Parallel Aware": false,"Async Capable": false,"Startup Cost": 51231.22,"Total Cost": 51242.37,"Plan Rows": 4460,"Plan Width": 16,"Actual Startup Time": 202.371,"Actual Total Time": 202.882,"Actual Rows": 13097,"Actual Loops": 4,"Sort Key": ["orders.o_orderpriority"],"Sort Method": "quicksort","Sort Space Used": 1098,"Sort Space Type": "Memory","Workers": [{"Worker Number": 0,"Sort Method": "quicksort","Sort Space Used": 1097,"Sort Space Type": "Memory"},{"Worker Number": 1,"Sort Method": "quicksort","Sort Space Used": 1085,"Sort Space Type": "Memory"},{"Worker Number": 2,"Sort Method": "quicksort","Sort Space Used": 1122,"Sort Space Type": "Memory"}],"Plans": [{"Node Type": "Nested Loop","Parent Relationship": "Outer","Parallel Aware": false,"Async Capable": false,"Join Type": "Semi","Startup Cost": 805.48,"Total Cost": 50960.88,"Plan Rows": 4460,"Plan Width": 16,"Actual Startup Time": 5.489,"Actual Total Time": 195.856,"Actual Rows": 13097,"Actual Loops": 4,"Inner Unique": false,"Workers": [],"Plans": [{"Node Type": "Bitmap Heap Scan","Parent Relationship": "Outer","Parallel Aware": true,"Async Capable": false,"Relation Name": "orders","Alias": "orders","Startup Cost": 805.05,"Total Cost": 27181.70,"Plan Rows": 18776,"Plan Width": 20,"Actual Startup Time": 5.323,"Actual Total Time": 57.749,"Actual Rows": 14305,"Actual Loops": 4,"Recheck Cond": "((o_orderdate >= '1994-10-01'::date) AND (o_orderdate < '1995-01-01 00:00:00'::timestamp without time zone))","Rows Removed by Index Recheck": 0,"Exact Heap Blocks": 5772,"Lossy Heap Blocks": 0,"Workers": [],"Plans": [{"Node Type": "Bitmap Index Scan","Parent Relationship": "Outer","Parallel Aware": false,"Async Capable": false,"Index Name": "idx_orders_orderdate","Startup Cost": 0.00,"Total Cost": 790.50,"Plan Rows": 58207,"Plan Width": 0,"Actual Startup Time": 8.588,"Actual Total Time": 8.590,"Actual Rows": 57219,"Actual Loops": 1,"Index Cond": "((o_orderdate >= '1994-10-01'::date) AND (o_orderdate < '1995-01-01 00:00:00'::timestamp without time zone))","Workers": []}]},{"Node Type": "Index Scan","Parent Relationship": "Inner","Parallel Aware": false,"Async Capable": false,"Scan Direction": "Forward","Index Name": "idx_lineitem_orderkey","Relation Name": "lineitem","Alias": "lineitem","Startup Cost": 0.43,"Total Cost": 4.60,"Plan Rows": 6,"Plan Width": 4,"Actual Startup Time": 0.009,"Actual Total Time": 0.009,"Actual Rows": 1,"Actual Loops": 57219,"Index Cond": "(l_orderkey = orders.o_orderkey)","Rows Removed by Index Recheck": 0,"Filter": "(l_commitdate < l_receiptdate)","Rows Removed by Filter": 1,"Workers": []}]}]}]}]}]},"Planning Time": 4.281,"Triggers": [],"Execution Time": 237.379}]
[{"Plan": {"Node Type": "Aggregate","Strategy": "Sorted","Partial Mode": "Finalize","Parallel Aware": false,"Async Capable": false,"Startup Cost": 52350.82,"Total Cost": 52386.40,"Plan Rows": 5,"Plan Width": 24,"Actual Startup Time": 210.793,"Actual Total Time": 234.778,"Actual Rows": 5,"Actual Loops": 1,"Group Key": ["orders.o_orderpriority"],"Plans": [{"Node Type": "Gather Merge","Parent Relationship": "Outer","Parallel Aware": false,"Async Capable": false,"Startup Cost": 52350.82,"Total Cost": 52386.28,"Plan Rows": 15,"Plan Width": 24,"Actual Startup Time": 210.399,"Actual Total Time": 234.748,"Actual Rows": 20,"Actual Loops": 1,"Workers Planned": 3,"Workers Launched": 3,"Plans": [{"Node Type": "Aggregate","Strategy": "Sorted","Partial Mode": "Partial","Parent Relationship": "Outer","Parallel Aware": false,"Async Capable": false,"Startup Cost": 51350.78,"Total Cost": 51384.47,"Plan Rows": 5,"Plan Width": 24,"Actual Startup Time": 201.538,"Actual Total Time": 202.786,"Actual Rows": 5,"Actual Loops": 4,"Group Key": ["orders.o_orderpriority"],"Workers": [],"Plans": [{"Node Type": "Sort","Parent Relationship": "Outer","Parallel Aware": false,"Async Capable": false,"Startup Cost": 51350.78,"Total Cost": 51361.99,"Plan Rows": 4486,"Plan Width": 16,"Actual Startup Time": 201.192,"Actual Total Time": 201.702,"Actual Rows": 13259,"Actual Loops": 4,"Sort Key": ["orders.o_orderpriority"],"Sort Method": "quicksort","Sort Space Used": 1126,"Sort Space Type": "Memory","Workers": [{"Worker Number": 0,"Sort Method": "quicksort","Sort Space Used": 1102,"Sort Space Type": "Memory"},{"Worker Number": 1,"Sort Method": "quicksort","Sort Space Used": 1115,"Sort Space Type": "Memory"},{"Worker Number": 2,"Sort Method": "quicksort","Sort Space Used": 1095,"Sort Space Type": "Memory"}],"Plans": [{"Node Type": "Nested Loop","Parent Relationship": "Outer","Parallel Aware": false,"Async Capable": false,"Join Type": "Semi","Startup Cost": 809.03,"Total Cost": 51078.68,"Plan Rows": 4486,"Plan Width": 16,"Actual Startup Time": 4.343,"Actual Total Time": 194.788,"Actual Rows": 13259,"Actual Loops": 4,"Inner Unique": false,"Workers": [],"Plans": [{"Node Type": "Bitmap Heap Scan","Parent Relationship": "Outer","Parallel Aware": true,"Async Capable": false,"Relation Name": "orders","Alias": "orders","Startup Cost": 808.60,"Total Cost": 27186.92,"Plan Rows": 18888,"Plan Width": 20,"Actual Startup Time": 4.218,"Actual Total Time": 57.297,"Actual Rows": 14442,"Actual Loops": 4,"Recheck Cond": "((o_orderdate >= '1996-07-01'::date) AND (o_orderdate < '1996-10-01 00:00:00'::timestamp without time zone))","Rows Removed by Index Recheck": 0,"Exact Heap Blocks": 5957,"Lossy Heap Blocks": 0,"Workers": [],"Plans": [{"Node Type": "Bitmap Index Scan","Parent Relationship": "Outer","Parallel Aware": false,"Async Capable": false,"Index Name": "idx_orders_orderdate","Startup Cost": 0.00,"Total Cost": 793.96,"Plan Rows": 58553,"Plan Width": 0,"Actual Startup Time": 7.813,"Actual Total Time": 7.814,"Actual Rows": 57768,"Actual Loops": 1,"Index Cond": "((o_orderdate >= '1996-07-01'::date) AND (o_orderdate < '1996-10-01 00:00:00'::timestamp without time zone))","Workers": []}]},{"Node Type": "Index Scan","Parent Relationship": "Inner","Parallel Aware": false,"Async Capable": false,"Scan Direction": "Forward","Index Name": "idx_lineitem_orderkey","Relation Name": "lineitem","Alias": "lineitem","Startup Cost": 0.43,"Total Cost": 4.60,"Plan Rows": 6,"Plan Width": 4,"Actual Startup Time": 0.009,"Actual Total Time": 0.009,"Actual Rows": 1,"Actual Loops": 57768,"Index Cond": "(l_orderkey = orders.o_orderkey)","Rows Removed by Index Recheck": 0,"Filter": "(l_commitdate < l_receiptdate)","Rows Removed by Filter": 1,"Workers": []}]}]}]}]}]},"Planning Time": 4.843,"Triggers": [],"Execution Time": 235.203}]
[{"Plan": {"Node Type": "Aggregate","Strategy": "Sorted","Partial Mode": "Finalize","Parallel Aware": false,"Async Capable": false,"Startup Cost": 52255.71,"Total Cost": 52291.13,"Plan Rows": 5,"Plan Width": 24,"Actual Startup Time": 211.972,"Actual Total Time": 236.561,"Actual Rows": 5,"Actual Loops": 1,"Group Key": ["orders.o_orderpriority"],"Plans": [{"Node Type": "Gather Merge","Parent Relationship": "Outer","Parallel Aware": false,"Async Capable": false,"Startup Cost": 52255.71,"Total Cost": 52291.01,"Plan Rows": 15,"Plan Width": 24,"Actual Startup Time": 211.618,"Actual Total Time": 236.530,"Actual Rows": 20,"Actual Loops": 1,"Workers Planned": 3,"Workers Launched": 3,"Plans": [{"Node Type": "Aggregate","Strategy": "Sorted","Partial Mode": "Partial","Parent Relationship": "Outer","Parallel Aware": false,"Async Capable": false,"Startup Cost": 51255.67,"Total Cost": 51289.20,"Plan Rows": 5,"Plan Width": 24,"Actual Startup Time": 202.468,"Actual Total Time": 203.726,"Actual Rows": 5,"Actual Loops": 4,"Group Key": ["orders.o_orderpriority"],"Workers": [],"Plans": [{"Node Type": "Sort","Parent Relationship": "Outer","Parallel Aware": false,"Async Capable": false,"Startup Cost": 51255.67,"Total Cost": 51266.83,"Plan Rows": 4465,"Plan Width": 16,"Actual Startup Time": 202.127,"Actual Total Time": 202.650,"Actual Rows": 13181,"Actual Loops": 4,"Sort Key": ["orders.o_orderpriority"],"Sort Method": "quicksort","Sort Space Used": 1096,"Sort Space Type": "Memory","Workers": [{"Worker Number": 0,"Sort Method": "quicksort","Sort Space Used": 1118,"Sort Space Type": "Memory"},{"Worker Number": 1,"Sort Method": "quicksort","Sort Space Used": 1123,"Sort Space Type": "Memory"},{"Worker Number": 2,"Sort Method": "quicksort","Sort Space Used": 1084,"Sort Space Type": "Memory"}],"Plans": [{"Node Type": "Nested Loop","Parent Relationship": "Outer","Parallel Aware": false,"Async Capable": false,"Join Type": "Semi","Startup Cost": 806.21,"Total Cost": 50984.99,"Plan Rows": 4465,"Plan Width": 16,"Actual Startup Time": 5.123,"Actual Total Time": 195.709,"Actual Rows": 13181,"Actual Loops": 4,"Inner Unique": false,"Workers": [],"Plans": [{"Node Type": "Bitmap Heap Scan","Parent Relationship": "Outer","Parallel Aware": true,"Async Capable": false,"Relation Name": "orders","Alias": "orders","Startup Cost": 805.78,"Total Cost": 27182.77,"Plan Rows": 18799,"Plan Width": 20,"Actual Startup Time": 5.001,"Actual Total Time": 57.882,"Actual Rows": 14368,"Actual Loops": 4,"Recheck Cond": "((o_orderdate >= '1994-06-01'::date) AND (o_orderdate < '1994-09-01 00:00:00'::timestamp without time zone))","Rows Removed by Index Recheck": 0,"Exact Heap Blocks": 5811,"Lossy Heap Blocks": 0,"Workers": [],"Plans": [{"Node Type": "Bitmap Index Scan","Parent Relationship": "Outer","Parallel Aware": false,"Async Capable": false,"Index Name": "idx_orders_orderdate","Startup Cost": 0.00,"Total Cost": 791.21,"Plan Rows": 58278,"Plan Width": 0,"Actual Startup Time": 8.690,"Actual Total Time": 8.694,"Actual Rows": 57474,"Actual Loops": 1,"Index Cond": "((o_orderdate >= '1994-06-01'::date) AND (o_orderdate < '1994-09-01 00:00:00'::timestamp without time zone))","Workers": []}]},{"Node Type": "Index Scan","Parent Relationship": "Inner","Parallel Aware": false,"Async Capable": false,"Scan Direction": "Forward","Index Name": "idx_lineitem_orderkey","Relation Name": "lineitem","Alias": "lineitem","Startup Cost": 0.43,"Total Cost": 4.60,"Plan Rows": 6,"Plan Width": 4,"Actual Startup Time": 0.009,"Actual Total Time": 0.009,"Actual Rows": 1,"Actual Loops": 57474,"Index Cond": "(l_orderkey = orders.o_orderkey)","Rows Removed by Index Recheck": 0,"Filter": "(l_commitdate < l_receiptdate)","Rows Removed by Filter": 1,"Workers": []}]}]}]}]}]},"Planning Time": 5.449,"Triggers": [],"Execution Time": 237.068}]
[{"Plan": {"Node Type": "Aggregate","Strategy": "Sorted","Partial Mode": "Finalize","Parallel Aware": false,"Async Capable": false,"Startup Cost": 51736.48,"Total Cost": 51771.05,"Plan Rows": 5,"Plan Width": 24,"Actual Startup Time": 206.913,"Actual Total Time": 230.911,"Actual Rows": 5,"Actual Loops": 1,"Group Key": ["orders.o_orderpriority"],"Plans": [{"Node Type": "Gather Merge","Parent Relationship": "Outer","Parallel Aware": false,"Async Capable": false,"Startup Cost": 51736.48,"Total Cost": 51770.93,"Plan Rows": 15,"Plan Width": 24,"Actual Startup Time": 206.571,"Actual Total Time": 230.880,"Actual Rows": 20,"Actual Loops": 1,"Workers Planned": 3,"Workers Launched": 3,"Plans": [{"Node Type": "Aggregate","Strategy": "Sorted","Partial Mode": "Partial","Parent Relationship": "Outer","Parallel Aware": false,"Async Capable": false,"Startup Cost": 50736.44,"Total Cost": 50769.13,"Plan Rows": 5,"Plan Width": 24,"Actual Startup Time": 197.405,"Actual Total Time": 198.632,"Actual Rows": 5,"Actual Loops": 4,"Group Key": ["orders.o_orderpriority"],"Workers": [],"Plans": [{"Node Type": "Sort","Parent Relationship": "Outer","Parallel Aware": false,"Async Capable": false,"Startup Cost": 50736.44,"Total Cost": 50747.32,"Plan Rows": 4351,"Plan Width": 16,"Actual Startup Time": 197.060,"Actual Total Time": 197.567,"Actual Rows": 12986,"Actual Loops": 4,"Sort Key": ["orders.o_orderpriority"],"Sort Method": "quicksort","Sort Space Used": 1055,"Sort Space Type": "Memory","Workers": [{"Worker Number": 0,"Sort Method": "quicksort","Sort Space Used": 1084,"Sort Space Type": "Memory"},{"Worker Number": 1,"Sort Method": "quicksort","Sort Space Used": 1126,"Sort Space Type": "Memory"},{"Worker Number": 2,"Sort Method": "quicksort","Sort Space Used": 1113,"Sort Space Type": "Memory"}],"Plans": [{"Node Type": "Nested Loop","Parent Relationship": "Outer","Parallel Aware": false,"Async Capable": false,"Join Type": "Semi","Startup Cost": 786.91,"Total Cost": 50473.49,"Plan Rows": 4351,"Plan Width": 16,"Actual Startup Time": 5.441,"Actual Total Time": 190.761,"Actual Rows": 12986,"Actual Loops": 4,"Inner Unique": false,"Workers": [],"Plans": [{"Node Type": "Bitmap Heap Scan","Parent Relationship": "Outer","Parallel Aware": true,"Async Capable": false,"Relation Name": "orders","Alias": "orders","Startup Cost": 786.47,"Total Cost": 27156.24,"Plan Rows": 18318,"Plan Width": 20,"Actual Startup Time": 5.289,"Actual Total Time": 56.594,"Actual Rows": 14148,"Actual Loops": 4,"Recheck Cond": "((o_orderdate >= '1993-09-01'::date) AND (o_orderdate < '1993-12-01 00:00:00'::timestamp without time zone))","Rows Removed by Index Recheck": 0,"Exact Heap Blocks": 5541,"Lossy Heap Blocks": 0,"Workers": [],"Plans": [{"Node Type": "Bitmap Index Scan","Parent Relationship": "Outer","Parallel Aware": false,"Async Capable": false,"Index Name": "idx_orders_orderdate","Startup Cost": 0.00,"Total Cost": 772.28,"Plan Rows": 56785,"Plan Width": 0,"Actual Startup Time": 9.025,"Actual Total Time": 9.027,"Actual Rows": 56592,"Actual Loops": 1,"Index Cond": "((o_orderdate >= '1993-09-01'::date) AND (o_orderdate < '1993-12-01 00:00:00'::timestamp without time zone))","Workers": []}]},{"Node Type": "Index Scan","Parent Relationship": "Inner","Parallel Aware": false,"Async Capable": false,"Scan Direction": "Forward","Index Name": "idx_lineitem_orderkey","Relation Name": "lineitem","Alias": "lineitem","Startup Cost": 0.43,"Total Cost": 4.64,"Plan Rows": 6,"Plan Width": 4,"Actual Startup Time": 0.009,"Actual Total Time": 0.009,"Actual Rows": 1,"Actual Loops": 56592,"Index Cond": "(l_orderkey = orders.o_orderkey)","Rows Removed by Index Recheck": 0,"Filter": "(l_commitdate < l_receiptdate)","Rows Removed by Filter": 1,"Workers": []}]}]}]}]}]},"Planning Time": 5.170,"Triggers": [],"Execution Time": 231.369}]
[{"Plan": {"Node Type": "Aggregate","Strategy": "Sorted","Partial Mode": "Finalize","Parallel Aware": false,"Async Capable": false,"Startup Cost": 52369.77,"Total Cost": 52405.38,"Plan Rows": 5,"Plan Width": 24,"Actual Startup Time": 215.492,"Actual Total Time": 239.622,"Actual Rows": 5,"Actual Loops": 1,"Group Key": ["orders.o_orderpriority"],"Plans": [{"Node Type": "Gather Merge","Parent Relationship": "Outer","Parallel Aware": false,"Async Capable": false,"Startup Cost": 52369.77,"Total Cost": 52405.25,"Plan Rows": 15,"Plan Width": 24,"Actual Startup Time": 215.087,"Actual Total Time": 239.593,"Actual Rows": 20,"Actual Loops": 1,"Workers Planned": 3,"Workers Launched": 3,"Plans": [{"Node Type": "Aggregate","Strategy": "Sorted","Partial Mode": "Partial","Parent Relationship": "Outer","Parallel Aware": false,"Async Capable": false,"Startup Cost": 51369.73,"Total Cost": 51403.45,"Plan Rows": 5,"Plan Width": 24,"Actual Startup Time": 206.356,"Actual Total Time": 207.630,"Actual Rows": 5,"Actual Loops": 4,"Group Key": ["orders.o_orderpriority"],"Workers": [],"Plans": [{"Node Type": "Sort","Parent Relationship": "Outer","Parallel Aware": false,"Async Capable": false,"Startup Cost": 51369.73,"Total Cost": 51380.95,"Plan Rows": 4490,"Plan Width": 16,"Actual Startup Time": 206.011,"Actual Total Time": 206.540,"Actual Rows": 13264,"Actual Loops": 4,"Sort Key": ["orders.o_orderpriority"],"Sort Method": "quicksort","Sort Space Used": 1130,"Sort Space Type": "Memory","Workers": [{"Worker Number": 0,"Sort Method": "quicksort","Sort Space Used": 1100,"Sort Space Type": "Memory"},{"Worker Number": 1,"Sort Method": "quicksort","Sort Space Used": 1108,"Sort Space Type": "Memory"},{"Worker Number": 2,"Sort Method": "quicksort","Sort Space Used": 1102,"Sort Space Type": "Memory"}],"Plans": [{"Node Type": "Nested Loop","Parent Relationship": "Outer","Parallel Aware": false,"Async Capable": false,"Join Type": "Semi","Startup Cost": 809.60,"Total Cost": 51097.35,"Plan Rows": 4490,"Plan Width": 16,"Actual Startup Time": 5.570,"Actual Total Time": 199.495,"Actual Rows": 13264,"Actual Loops": 4,"Inner Unique": false,"Workers": [],"Plans": [{"Node Type": "Bitmap Heap Scan","Parent Relationship": "Outer","Parallel Aware": true,"Async Capable": false,"Relation Name": "orders","Alias": "orders","Startup Cost": 809.17,"Total Cost": 27187.76,"Plan Rows": 18906,"Plan Width": 20,"Actual Startup Time": 5.437,"Actual Total Time": 60.429,"Actual Rows": 14458,"Actual Loops": 4,"Recheck Cond": "((o_orderdate >= '1996-06-01'::date) AND (o_orderdate < '1996-09-01 00:00:00'::timestamp without time zone))","Rows Removed by Index Recheck": 0,"Exact Heap Blocks": 5975,"Lossy Heap Blocks": 0,"Workers": [],"Plans": [{"Node Type": "Bitmap Index Scan","Parent Relationship": "Outer","Parallel Aware": false,"Async Capable": false,"Index Name": "idx_orders_orderdate","Startup Cost": 0.00,"Total Cost": 794.52,"Plan Rows": 58609,"Plan Width": 0,"Actual Startup Time": 8.889,"Actual Total Time": 8.890,"Actual Rows": 57832,"Actual Loops": 1,"Index Cond": "((o_orderdate >= '1996-06-01'::date) AND (o_orderdate < '1996-09-01 00:00:00'::timestamp without time zone))","Workers": []}]},{"Node Type": "Index Scan","Parent Relationship": "Inner","Parallel Aware": false,"Async Capable": false,"Scan Direction": "Forward","Index Name": "idx_lineitem_orderkey","Relation Name": "lineitem","Alias": "lineitem","Startup Cost": 0.43,"Total Cost": 4.59,"Plan Rows": 6,"Plan Width": 4,"Actual Startup Time": 0.009,"Actual Total Time": 0.009,"Actual Rows": 1,"Actual Loops": 57832,"Index Cond": "(l_orderkey = orders.o_orderkey)","Rows Removed by Index Recheck": 0,"Filter": "(l_commitdate < l_receiptdate)","Rows Removed by Filter": 1,"Workers": []}]}]}]}]}]},"Planning Time": 4.853,"Triggers": [],"Execution Time": 240.068}]
[{"Plan": {"Node Type": "Aggregate","Strategy": "Sorted","Partial Mode": "Finalize","Parallel Aware": false,"Async Capable": false,"Startup Cost": 52021.13,"Total Cost": 52056.16,"Plan Rows": 5,"Plan Width": 24,"Actual Startup Time": 203.693,"Actual Total Time": 227.755,"Actual Rows": 5,"Actual Loops": 1,"Group Key": ["orders.o_orderpriority"],"Plans": [{"Node Type": "Gather Merge","Parent Relationship": "Outer","Parallel Aware": false,"Async Capable": false,"Startup Cost": 52021.13,"Total Cost": 52056.04,"Plan Rows": 15,"Plan Width": 24,"Actual Startup Time": 203.285,"Actual Total Time": 227.721,"Actual Rows": 20,"Actual Loops": 1,"Workers Planned": 3,"Workers Launched": 3,"Plans": [{"Node Type": "Aggregate","Strategy": "Sorted","Partial Mode": "Partial","Parent Relationship": "Outer","Parallel Aware": false,"Async Capable": false,"Startup Cost": 51021.09,"Total Cost": 51054.24,"Plan Rows": 5,"Plan Width": 24,"Actual Startup Time": 195.016,"Actual Total Time": 196.267,"Actual Rows": 5,"Actual Loops": 4,"Group Key": ["orders.o_orderpriority"],"Workers": [],"Plans": [{"Node Type": "Sort","Parent Relationship": "Outer","Parallel Aware": false,"Async Capable": false,"Startup Cost": 51021.09,"Total Cost": 51032.12,"Plan Rows": 4413,"Plan Width": 16,"Actual Startup Time": 194.670,"Actual Total Time": 195.213,"Actual Rows": 12850,"Actual Loops": 4,"Sort Key": ["orders.o_orderpriority"],"Sort Method": "quicksort","Sort Space Used": 1082,"Sort Space Type": "Memory","Workers": [{"Worker Number": 0,"Sort Method": "quicksort","Sort Space Used": 1095,"Sort Space Type": "Memory"},{"Worker Number": 1,"Sort Method": "quicksort","Sort Space Used": 1073,"Sort Space Type": "Memory"},{"Worker Number": 2,"Sort Method": "quicksort","Sort Space Used": 1099,"Sort Space Type": "Memory"}],"Plans": [{"Node Type": "Nested Loop","Parent Relationship": "Outer","Parallel Aware": false,"Async Capable": false,"Join Type": "Semi","Startup Cost": 799.26,"Total Cost": 50753.94,"Plan Rows": 4413,"Plan Width": 16,"Actual Startup Time": 4.875,"Actual Total Time": 188.562,"Actual Rows": 12850,"Actual Loops": 4,"Inner Unique": false,"Workers": [],"Plans": [{"Node Type": "Bitmap Heap Scan","Parent Relationship": "Outer","Parallel Aware": true,"Async Capable": false,"Relation Name": "orders","Alias": "orders","Startup Cost": 798.83,"Total Cost": 27172.54,"Plan Rows": 18580,"Plan Width": 20,"Actual Startup Time": 4.743,"Actual Total Time": 55.256,"Actual Rows": 13993,"Actual Loops": 4,"Recheck Cond": "((o_orderdate >= '1993-12-01'::date) AND (o_orderdate < '1994-03-01 00:00:00'::timestamp without time zone))","Rows Removed by Index Recheck": 0,"Exact Heap Blocks": 5712,"Lossy Heap Blocks": 0,"Workers": [],"Plans": [{"Node Type": "Bitmap Index Scan","Parent Relationship": "Outer","Parallel Aware": false,"Async Capable": false,"Index Name": "idx_orders_orderdate","Startup Cost": 0.00,"Total Cost": 784.43,"Plan Rows": 57600,"Plan Width": 0,"Actual Startup Time": 7.826,"Actual Total Time": 7.827,"Actual Rows": 55973,"Actual Loops": 1,"Index Cond": "((o_orderdate >= '1993-12-01'::date) AND (o_orderdate < '1994-03-01 00:00:00'::timestamp without time zone))","Workers": []}]},{"Node Type": "Index Scan","Parent Relationship": "Inner","Parallel Aware": false,"Async Capable": false,"Scan Direction": "Forward","Index Name": "idx_lineitem_orderkey","Relation Name": "lineitem","Alias": "lineitem","Startup Cost": 0.43,"Total Cost": 4.62,"Plan Rows": 6,"Plan Width": 4,"Actual Startup Time": 0.009,"Actual Total Time": 0.009,"Actual Rows": 1,"Actual Loops": 55973,"Index Cond": "(l_orderkey = orders.o_orderkey)","Rows Removed by Index Recheck": 0,"Filter": "(l_commitdate < l_receiptdate)","Rows Removed by Filter": 1,"Workers": []}]}]}]}]}]},"Planning Time": 4.325,"Triggers": [],"Execution Time": 228.374}]
[{"Plan": {"Node Type": "Aggregate","Strategy": "Sorted","Partial Mode": "Finalize","Parallel Aware": false,"Async Capable": false,"Startup Cost": 52369.77,"Total Cost": 52405.38,"Plan Rows": 5,"Plan Width": 24,"Actual Startup Time": 215.492,"Actual Total Time": 239.622,"Actual Rows": 5,"Actual Loops": 1,"Group Key": ["orders.o_orderpriority"],"Plans": [{"Node Type": "Gather Merge","Parent Relationship": "Outer","Parallel Aware": false,"Async Capable": false,"Startup Cost": 52369.77,"Total Cost": 52405.25,"Plan Rows": 15,"Plan Width": 24,"Actual Startup Time": 215.087,"Actual Total Time": 239.593,"Actual Rows": 20,"Actual Loops": 1,"Workers Planned": 3,"Workers Launched": 3,"Plans": [{"Node Type": "Aggregate","Strategy": "Sorted","Partial Mode": "Partial","Parent Relationship": "Outer","Parallel Aware": false,"Async Capable": false,"Startup Cost": 51369.73,"Total Cost": 51403.45,"Plan Rows": 5,"Plan Width": 24,"Actual Startup Time": 206.356,"Actual Total Time": 207.630,"Actual Rows": 5,"Actual Loops": 4,"Group Key": ["orders.o_orderpriority"],"Workers": [],"Plans": [{"Node Type": "Sort","Parent Relationship": "Outer","Parallel Aware": false,"Async Capable": false,"Startup Cost": 51369.73,"Total Cost": 51380.95,"Plan Rows": 4490,"Plan Width": 16,"Actual Startup Time": 206.011,"Actual Total Time": 206.540,"Actual Rows": 13264,"Actual Loops": 4,"Sort Key": ["orders.o_orderpriority"],"Sort Method": "quicksort","Sort Space Used": 1130,"Sort Space Type": "Memory","Workers": [{"Worker Number": 0,"Sort Method": "quicksort","Sort Space Used": 1100,"Sort Space Type": "Memory"},{"Worker Number": 1,"Sort Method": "quicksort","Sort Space Used": 1108,"Sort Space Type": "Memory"},{"Worker Number": 2,"Sort Method": "quicksort","Sort Space Used": 1102,"Sort Space Type": "Memory"}],"Plans": [{"Node Type": "Nested Loop","Parent Relationship": "Outer","Parallel Aware": false,"Async Capable": false,"Join Type": "Semi","Startup Cost": 809.60,"Total Cost": 51097.35,"Plan Rows": 4490,"Plan Width": 16,"Actual Startup Time": 5.570,"Actual Total Time": 199.495,"Actual Rows": 13264,"Actual Loops": 4,"Inner Unique": false,"Workers": [],"Plans": [{"Node Type": "Bitmap Heap Scan","Parent Relationship": "Outer","Parallel Aware": true,"Async Capable": false,"Relation Name": "orders","Alias": "orders","Startup Cost": 809.17,"Total Cost": 27187.76,"Plan Rows": 18906,"Plan Width": 20,"Actual Startup Time": 5.437,"Actual Total Time": 60.429,"Actual Rows": 14458,"Actual Loops": 4,"Recheck Cond": "((o_orderdate >= '1996-06-01'::date) AND (o_orderdate < '1996-09-01 00:00:00'::timestamp without time zone))","Rows Removed by Index Recheck": 0,"Exact Heap Blocks": 5975,"Lossy Heap Blocks": 0,"Workers": [],"Plans": [{"Node Type": "Bitmap Index Scan","Parent Relationship": "Outer","Parallel Aware": false,"Async Capable": false,"Index Name": "idx_orders_orderdate","Startup Cost": 0.00,"Total Cost": 794.52,"Plan Rows": 58609,"Plan Width": 0,"Actual Startup Time": 8.889,"Actual Total Time": 8.890,"Actual Rows": 57832,"Actual Loops": 1,"Index Cond": "((o_orderdate >= '1996-06-01'::date) AND (o_orderdate < '1996-09-01 00:00:00'::timestamp without time zone))","Workers": []}]},{"Node Type": "Index Scan","Parent Relationship": "Inner","Parallel Aware": false,"Async Capable": false,"Scan Direction": "Forward","Index Name": "idx_lineitem_orderkey","Relation Name": "lineitem","Alias": "lineitem","Startup Cost": 0.43,"Total Cost": 4.59,"Plan Rows": 6,"Plan Width": 4,"Actual Startup Time": 0.009,"Actual Total Time": 0.009,"Actual Rows": 1,"Actual Loops": 57832,"Index Cond": "(l_orderkey = orders.o_orderkey)","Rows Removed by Index Recheck": 0,"Filter": "(l_commitdate < l_receiptdate)","Rows Removed by Filter": 1,"Workers": []}]}]}]}]}]},"Planning Time": 4.853,"Triggers": [],"Execution Time": 240.068}]
[{"Plan": {"Node Type": "Aggregate","Strategy": "Sorted","Partial Mode": "Finalize","Parallel Aware": false,"Async Capable": false,"Startup Cost": 52360.14,"Total Cost": 52395.74,"Plan Rows": 5,"Plan Width": 24,"Actual Startup Time": 218.398,"Actual Total Time": 242.149,"Actual Rows": 5,"Actual Loops": 1,"Group Key": ["orders.o_orderpriority"],"Plans": [{"Node Type": "Gather Merge","Parent Relationship": "Outer","Parallel Aware": false,"Async Capable": false,"Startup Cost": 52360.14,"Total Cost": 52395.61,"Plan Rows": 15,"Plan Width": 24,"Actual Startup Time": 217.957,"Actual Total Time": 242.120,"Actual Rows": 20,"Actual Loops": 1,"Workers Planned": 3,"Workers Launched": 3,"Plans": [{"Node Type": "Aggregate","Strategy": "Sorted","Partial Mode": "Partial","Parent Relationship": "Outer","Parallel Aware": false,"Async Capable": false,"Startup Cost": 51360.10,"Total Cost": 51393.81,"Plan Rows": 5,"Plan Width": 24,"Actual Startup Time": 208.723,"Actual Total Time": 209.994,"Actual Rows": 5,"Actual Loops": 4,"Group Key": ["orders.o_orderpriority"],"Workers": [],"Plans": [{"Node Type": "Sort","Parent Relationship": "Outer","Parallel Aware": false,"Async Capable": false,"Startup Cost": 51360.10,"Total Cost": 51371.32,"Plan Rows": 4488,"Plan Width": 16,"Actual Startup Time": 208.373,"Actual Total Time": 208.936,"Actual Rows": 13094,"Actual Loops": 4,"Sort Key": ["orders.o_orderpriority"],"Sort Method": "quicksort","Sort Space Used": 1037,"Sort Space Type": "Memory","Workers": [{"Worker Number": 0,"Sort Method": "quicksort","Sort Space Used": 1148,"Sort Space Type": "Memory"},{"Worker Number": 1,"Sort Method": "quicksort","Sort Space Used": 1153,"Sort Space Type": "Memory"},{"Worker Number": 2,"Sort Method": "quicksort","Sort Space Used": 1064,"Sort Space Type": "Memory"}],"Plans": [{"Node Type": "Nested Loop","Parent Relationship": "Outer","Parallel Aware": false,"Async Capable": false,"Join Type": "Semi","Startup Cost": 809.33,"Total Cost": 51087.86,"Plan Rows": 4488,"Plan Width": 16,"Actual Startup Time": 5.271,"Actual Total Time": 201.756,"Actual Rows": 13094,"Actual Loops": 4,"Inner Unique": false,"Workers": [],"Plans": [{"Node Type": "Bitmap Heap Scan","Parent Relationship": "Outer","Parallel Aware": true,"Async Capable": false,"Relation Name": "orders","Alias": "orders","Startup Cost": 808.89,"Total Cost": 27187.35,"Plan Rows": 18897,"Plan Width": 20,"Actual Startup Time": 5.170,"Actual Total Time": 58.210,"Actual Rows": 14270,"Actual Loops": 4,"Recheck Cond": "((o_orderdate >= '1996-09-01'::date) AND (o_orderdate < '1996-12-01 00:00:00'::timestamp without time zone))","Rows Removed by Index Recheck": 0,"Exact Heap Blocks": 5314,"Lossy Heap Blocks": 0,"Workers": [],"Plans": [{"Node Type": "Bitmap Index Scan","Parent Relationship": "Outer","Parallel Aware": false,"Async Capable": false,"Index Name": "idx_orders_orderdate","Startup Cost": 0.00,"Total Cost": 794.25,"Plan Rows": 58582,"Plan Width": 0,"Actual Startup Time": 8.967,"Actual Total Time": 8.968,"Actual Rows": 57079,"Actual Loops": 1,"Index Cond": "((o_orderdate >= '1996-09-01'::date) AND (o_orderdate < '1996-12-01 00:00:00'::timestamp without time zone))","Workers": []}]},{"Node Type": "Index Scan","Parent Relationship": "Inner","Parallel Aware": false,"Async Capable": false,"Scan Direction": "Forward","Index Name": "idx_lineitem_orderkey","Relation Name": "lineitem","Alias": "lineitem","Startup Cost": 0.43,"Total Cost": 4.60,"Plan Rows": 6,"Plan Width": 4,"Actual Startup Time": 0.010,"Actual Total Time": 0.010,"Actual Rows": 1,"Actual Loops": 57079,"Index Cond": "(l_orderkey = orders.o_orderkey)","Rows Removed by Index Recheck": 0,"Filter": "(l_commitdate < l_receiptdate)","Rows Removed by Filter": 1,"Workers": []}]}]}]}]}]},"Planning Time": 5.626,"Triggers": [],"Execution Time": 242.714}]
[{"Plan": {"Node Type": "Aggregate","Strategy": "Sorted","Partial Mode": "Finalize","Parallel Aware": false,"Async Capable": false,"Startup Cost": 52255.71,"Total Cost": 52291.13,"Plan Rows": 5,"Plan Width": 24,"Actual Startup Time": 211.972,"Actual Total Time": 236.561,"Actual Rows": 5,"Actual Loops": 1,"Group Key": ["orders.o_orderpriority"],"Plans": [{"Node Type": "Gather Merge","Parent Relationship": "Outer","Parallel Aware": false,"Async Capable": false,"Startup Cost": 52255.71,"Total Cost": 52291.01,"Plan Rows": 15,"Plan Width": 24,"Actual Startup Time": 211.618,"Actual Total Time": 236.530,"Actual Rows": 20,"Actual Loops": 1,"Workers Planned": 3,"Workers Launched": 3,"Plans": [{"Node Type": "Aggregate","Strategy": "Sorted","Partial Mode": "Partial","Parent Relationship": "Outer","Parallel Aware": false,"Async Capable": false,"Startup Cost": 51255.67,"Total Cost": 51289.20,"Plan Rows": 5,"Plan Width": 24,"Actual Startup Time": 202.468,"Actual Total Time": 203.726,"Actual Rows": 5,"Actual Loops": 4,"Group Key": ["orders.o_orderpriority"],"Workers": [],"Plans": [{"Node Type": "Sort","Parent Relationship": "Outer","Parallel Aware": false,"Async Capable": false,"Startup Cost": 51255.67,"Total Cost": 51266.83,"Plan Rows": 4465,"Plan Width": 16,"Actual Startup Time": 202.127,"Actual Total Time": 202.650,"Actual Rows": 13181,"Actual Loops": 4,"Sort Key": ["orders.o_orderpriority"],"Sort Method": "quicksort","Sort Space Used": 1096,"Sort Space Type": "Memory","Workers": [{"Worker Number": 0,"Sort Method": "quicksort","Sort Space Used": 1118,"Sort Space Type": "Memory"},{"Worker Number": 1,"Sort Method": "quicksort","Sort Space Used": 1123,"Sort Space Type": "Memory"},{"Worker Number": 2,"Sort Method": "quicksort","Sort Space Used": 1084,"Sort Space Type": "Memory"}],"Plans": [{"Node Type": "Nested Loop","Parent Relationship": "Outer","Parallel Aware": false,"Async Capable": false,"Join Type": "Semi","Startup Cost": 806.21,"Total Cost": 50984.99,"Plan Rows": 4465,"Plan Width": 16,"Actual Startup Time": 5.123,"Actual Total Time": 195.709,"Actual Rows": 13181,"Actual Loops": 4,"Inner Unique": false,"Workers": [],"Plans": [{"Node Type": "Bitmap Heap Scan","Parent Relationship": "Outer","Parallel Aware": true,"Async Capable": false,"Relation Name": "orders","Alias": "orders","Startup Cost": 805.78,"Total Cost": 27182.77,"Plan Rows": 18799,"Plan Width": 20,"Actual Startup Time": 5.001,"Actual Total Time": 57.882,"Actual Rows": 14368,"Actual Loops": 4,"Recheck Cond": "((o_orderdate >= '1994-06-01'::date) AND (o_orderdate < '1994-09-01 00:00:00'::timestamp without time zone))","Rows Removed by Index Recheck": 0,"Exact Heap Blocks": 5811,"Lossy Heap Blocks": 0,"Workers": [],"Plans": [{"Node Type": "Bitmap Index Scan","Parent Relationship": "Outer","Parallel Aware": false,"Async Capable": false,"Index Name": "idx_orders_orderdate","Startup Cost": 0.00,"Total Cost": 791.21,"Plan Rows": 58278,"Plan Width": 0,"Actual Startup Time": 8.690,"Actual Total Time": 8.694,"Actual Rows": 57474,"Actual Loops": 1,"Index Cond": "((o_orderdate >= '1994-06-01'::date) AND (o_orderdate < '1994-09-01 00:00:00'::timestamp without time zone))","Workers": []}]},{"Node Type": "Index Scan","Parent Relationship": "Inner","Parallel Aware": false,"Async Capable": false,"Scan Direction": "Forward","Index Name": "idx_lineitem_orderkey","Relation Name": "lineitem","Alias": "lineitem","Startup Cost": 0.43,"Total Cost": 4.60,"Plan Rows": 6,"Plan Width": 4,"Actual Startup Time": 0.009,"Actual Total Time": 0.009,"Actual Rows": 1,"Actual Loops": 57474,"Index Cond": "(l_orderkey = orders.o_orderkey)","Rows Removed by Index Recheck": 0,"Filter": "(l_commitdate < l_receiptdate)","Rows Removed by Filter": 1,"Workers": []}]}]}]}]}]},"Planning Time": 5.449,"Triggers": [],"Execution Time": 237.068}]
[{"Plan": {"Node Type": "Aggregate","Strategy": "Sorted","Partial Mode": "Finalize","Parallel Aware": false,"Async Capable": false,"Startup Cost": 52188.36,"Total Cost": 52223.67,"Plan Rows": 5,"Plan Width": 24,"Actual Startup Time": 206.752,"Actual Total Time": 231.361,"Actual Rows": 5,"Actual Loops": 1,"Group Key": ["orders.o_orderpriority"],"Plans": [{"Node Type": "Gather Merge","Parent Relationship": "Outer","Parallel Aware": false,"Async Capable": false,"Startup Cost": 52188.36,"Total Cost": 52223.54,"Plan Rows": 15,"Plan Width": 24,"Actual Startup Time": 206.342,"Actual Total Time": 231.324,"Actual Rows": 20,"Actual Loops": 1,"Workers Planned": 3,"Workers Launched": 3,"Plans": [{"Node Type": "Aggregate","Strategy": "Sorted","Partial Mode": "Partial","Parent Relationship": "Outer","Parallel Aware": false,"Async Capable": false,"Startup Cost": 51188.32,"Total Cost": 51221.74,"Plan Rows": 5,"Plan Width": 24,"Actual Startup Time": 197.592,"Actual Total Time": 198.857,"Actual Rows": 5,"Actual Loops": 4,"Group Key": ["orders.o_orderpriority"],"Workers": [],"Plans": [{"Node Type": "Sort","Parent Relationship": "Outer","Parallel Aware": false,"Async Capable": false,"Startup Cost": 51188.32,"Total Cost": 51199.44,"Plan Rows": 4450,"Plan Width": 16,"Actual Startup Time": 197.254,"Actual Total Time": 197.787,"Actual Rows": 13171,"Actual Loops": 4,"Sort Key": ["orders.o_orderpriority"],"Sort Method": "quicksort","Sort Space Used": 1095,"Sort Space Type": "Memory","Workers": [{"Worker Number": 0,"Sort Method": "quicksort","Sort Space Used": 1116,"Sort Space Type": "Memory"},{"Worker Number": 1,"Sort Method": "quicksort","Sort Space Used": 1089,"Sort Space Type": "Memory"},{"Worker Number": 2,"Sort Method": "quicksort","Sort Space Used": 1119,"Sort Space Type": "Memory"}],"Plans": [{"Node Type": "Nested Loop","Parent Relationship": "Outer","Parallel Aware": false,"Async Capable": false,"Join Type": "Semi","Startup Cost": 804.19,"Total Cost": 50918.66,"Plan Rows": 4450,"Plan Width": 16,"Actual Startup Time": 4.989,"Actual Total Time": 190.898,"Actual Rows": 13171,"Actual Loops": 4,"Inner Unique": false,"Workers": [],"Plans": [{"Node Type": "Bitmap Heap Scan","Parent Relationship": "Outer","Parallel Aware": true,"Async Capable": false,"Relation Name": "orders","Alias": "orders","Startup Cost": 803.76,"Total Cost": 27179.79,"Plan Rows": 18736,"Plan Width": 20,"Actual Startup Time": 4.856,"Actual Total Time": 55.634,"Actual Rows": 14328,"Actual Loops": 4,"Recheck Cond": "((o_orderdate >= '1994-05-01'::date) AND (o_orderdate < '1994-08-01 00:00:00'::timestamp without time zone))","Rows Removed by Index Recheck": 0,"Exact Heap Blocks": 5709,"Lossy Heap Blocks": 0,"Workers": [],"Plans": [{"Node Type": "Bitmap Index Scan","Parent Relationship": "Outer","Parallel Aware": false,"Async Capable": false,"Index Name": "idx_orders_orderdate","Startup Cost": 0.00,"Total Cost": 789.24,"Plan Rows": 58081,"Plan Width": 0,"Actual Startup Time": 8.408,"Actual Total Time": 8.410,"Actual Rows": 57311,"Actual Loops": 1,"Index Cond": "((o_orderdate >= '1994-05-01'::date) AND (o_orderdate < '1994-08-01 00:00:00'::timestamp without time zone))","Workers": []}]},{"Node Type": "Index Scan","Parent Relationship": "Inner","Parallel Aware": false,"Async Capable": false,"Scan Direction": "Forward","Index Name": "idx_lineitem_orderkey","Relation Name": "lineitem","Alias": "lineitem","Startup Cost": 0.43,"Total Cost": 4.61,"Plan Rows": 6,"Plan Width": 4,"Actual Startup Time": 0.009,"Actual Total Time": 0.009,"Actual Rows": 1,"Actual Loops": 57311,"Index Cond": "(l_orderkey = orders.o_orderkey)","Rows Removed by Index Recheck": 0,"Filter": "(l_commitdate < l_receiptdate)","Rows Removed by Filter": 1,"Workers": []}]}]}]}]}]},"Planning Time": 4.567,"Triggers": [],"Execution Time": 232.063}]
[{"Plan": {"Node Type": "Aggregate","Strategy": "Sorted","Partial Mode": "Finalize","Parallel Aware": false,"Async Capable": false,"Startup Cost": 51912.42,"Total Cost": 51947.28,"Plan Rows": 5,"Plan Width": 24,"Actual Startup Time": 209.106,"Actual Total Time": 232.724,"Actual Rows": 5,"Actual Loops": 1,"Group Key": ["orders.o_orderpriority"],"Plans": [{"Node Type": "Gather Merge","Parent Relationship": "Outer","Parallel Aware": false,"Async Capable": false,"Startup Cost": 51912.42,"Total Cost": 51947.15,"Plan Rows": 15,"Plan Width": 24,"Actual Startup Time": 208.787,"Actual Total Time": 232.700,"Actual Rows": 20,"Actual Loops": 1,"Workers Planned": 3,"Workers Launched": 3,"Plans": [{"Node Type": "Aggregate","Strategy": "Sorted","Partial Mode": "Partial","Parent Relationship": "Outer","Parallel Aware": false,"Async Capable": false,"Startup Cost": 50912.38,"Total Cost": 50945.35,"Plan Rows": 5,"Plan Width": 24,"Actual Startup Time": 198.950,"Actual Total Time": 200.277,"Actual Rows": 5,"Actual Loops": 4,"Group Key": ["orders.o_orderpriority"],"Workers": [],"Plans": [{"Node Type": "Sort","Parent Relationship": "Outer","Parallel Aware": false,"Async Capable": false,"Startup Cost": 50912.38,"Total Cost": 50923.35,"Plan Rows": 4390,"Plan Width": 16,"Actual Startup Time": 198.592,"Actual Total Time": 199.146,"Actual Rows": 13050,"Actual Loops": 4,"Sort Key": ["orders.o_orderpriority"],"Sort Method": "quicksort","Sort Space Used": 1053,"Sort Space Type": "Memory","Workers": [{"Worker Number": 0,"Sort Method": "quicksort","Sort Space Used": 1117,"Sort Space Type": "Memory"},{"Worker Number": 1,"Sort Method": "quicksort","Sort Space Used": 1102,"Sort Space Type": "Memory"},{"Worker Number": 2,"Sort Method": "quicksort","Sort Space Used": 1121,"Sort Space Type": "Memory"}],"Plans": [{"Node Type": "Nested Loop","Parent Relationship": "Outer","Parallel Aware": false,"Async Capable": false,"Join Type": "Semi","Startup Cost": 792.13,"Total Cost": 50646.78,"Plan Rows": 4390,"Plan Width": 16,"Actual Startup Time": 5.115,"Actual Total Time": 192.167,"Actual Rows": 13050,"Actual Loops": 4,"Inner Unique": false,"Workers": [],"Plans": [{"Node Type": "Bitmap Heap Scan","Parent Relationship": "Outer","Parallel Aware": true,"Async Capable": false,"Relation Name": "orders","Alias": "orders","Startup Cost": 791.70,"Total Cost": 27163.94,"Plan Rows": 18482,"Plan Width": 20,"Actual Startup Time": 4.954,"Actual Total Time": 57.279,"Actual Rows": 14234,"Actual Loops": 4,"Recheck Cond": "((o_orderdate >= '1993-03-01'::date) AND (o_orderdate < '1993-06-01 00:00:00'::timestamp without time zone))","Rows Removed by Index Recheck": 0,"Exact Heap Blocks": 5494,"Lossy Heap Blocks": 0,"Workers": [],"Plans": [{"Node Type": "Bitmap Index Scan","Parent Relationship": "Outer","Parallel Aware": false,"Async Capable": false,"Index Name": "idx_orders_orderdate","Startup Cost": 0.00,"Total Cost": 777.38,"Plan Rows": 57295,"Plan Width": 0,"Actual Startup Time": 8.540,"Actual Total Time": 8.541,"Actual Rows": 56934,"Actual Loops": 1,"Index Cond": "((o_orderdate >= '1993-03-01'::date) AND (o_orderdate < '1993-06-01 00:00:00'::timestamp without time zone))","Workers": []}]},{"Node Type": "Index Scan","Parent Relationship": "Inner","Parallel Aware": false,"Async Capable": false,"Scan Direction": "Forward","Index Name": "idx_lineitem_orderkey","Relation Name": "lineitem","Alias": "lineitem","Startup Cost": 0.43,"Total Cost": 4.62,"Plan Rows": 6,"Plan Width": 4,"Actual Startup Time": 0.009,"Actual Total Time": 0.009,"Actual Rows": 1,"Actual Loops": 56934,"Index Cond": "(l_orderkey = orders.o_orderkey)","Rows Removed by Index Recheck": 0,"Filter": "(l_commitdate < l_receiptdate)","Rows Removed by Filter": 1,"Workers": []}]}]}]}]}]},"Planning Time": 5.801,"Triggers": [],"Execution Time": 233.171}]
[{"Plan": {"Node Type": "Aggregate","Strategy": "Sorted","Partial Mode": "Finalize","Parallel Aware": false,"Async Capable": false,"Startup Cost": 52360.14,"Total Cost": 52395.74,"Plan Rows": 5,"Plan Width": 24,"Actual Startup Time": 218.398,"Actual Total Time": 242.149,"Actual Rows": 5,"Actual Loops": 1,"Group Key": ["orders.o_orderpriority"],"Plans": [{"Node Type": "Gather Merge","Parent Relationship": "Outer","Parallel Aware": false,"Async Capable": false,"Startup Cost": 52360.14,"Total Cost": 52395.61,"Plan Rows": 15,"Plan Width": 24,"Actual Startup Time": 217.957,"Actual Total Time": 242.120,"Actual Rows": 20,"Actual Loops": 1,"Workers Planned": 3,"Workers Launched": 3,"Plans": [{"Node Type": "Aggregate","Strategy": "Sorted","Partial Mode": "Partial","Parent Relationship": "Outer","Parallel Aware": false,"Async Capable": false,"Startup Cost": 51360.10,"Total Cost": 51393.81,"Plan Rows": 5,"Plan Width": 24,"Actual Startup Time": 208.723,"Actual Total Time": 209.994,"Actual Rows": 5,"Actual Loops": 4,"Group Key": ["orders.o_orderpriority"],"Workers": [],"Plans": [{"Node Type": "Sort","Parent Relationship": "Outer","Parallel Aware": false,"Async Capable": false,"Startup Cost": 51360.10,"Total Cost": 51371.32,"Plan Rows": 4488,"Plan Width": 16,"Actual Startup Time": 208.373,"Actual Total Time": 208.936,"Actual Rows": 13094,"Actual Loops": 4,"Sort Key": ["orders.o_orderpriority"],"Sort Method": "quicksort","Sort Space Used": 1037,"Sort Space Type": "Memory","Workers": [{"Worker Number": 0,"Sort Method": "quicksort","Sort Space Used": 1148,"Sort Space Type": "Memory"},{"Worker Number": 1,"Sort Method": "quicksort","Sort Space Used": 1153,"Sort Space Type": "Memory"},{"Worker Number": 2,"Sort Method": "quicksort","Sort Space Used": 1064,"Sort Space Type": "Memory"}],"Plans": [{"Node Type": "Nested Loop","Parent Relationship": "Outer","Parallel Aware": false,"Async Capable": false,"Join Type": "Semi","Startup Cost": 809.33,"Total Cost": 51087.86,"Plan Rows": 4488,"Plan Width": 16,"Actual Startup Time": 5.271,"Actual Total Time": 201.756,"Actual Rows": 13094,"Actual Loops": 4,"Inner Unique": false,"Workers": [],"Plans": [{"Node Type": "Bitmap Heap Scan","Parent Relationship": "Outer","Parallel Aware": true,"Async Capable": false,"Relation Name": "orders","Alias": "orders","Startup Cost": 808.89,"Total Cost": 27187.35,"Plan Rows": 18897,"Plan Width": 20,"Actual Startup Time": 5.170,"Actual Total Time": 58.210,"Actual Rows": 14270,"Actual Loops": 4,"Recheck Cond": "((o_orderdate >= '1996-09-01'::date) AND (o_orderdate < '1996-12-01 00:00:00'::timestamp without time zone))","Rows Removed by Index Recheck": 0,"Exact Heap Blocks": 5314,"Lossy Heap Blocks": 0,"Workers": [],"Plans": [{"Node Type": "Bitmap Index Scan","Parent Relationship": "Outer","Parallel Aware": false,"Async Capable": false,"Index Name": "idx_orders_orderdate","Startup Cost": 0.00,"Total Cost": 794.25,"Plan Rows": 58582,"Plan Width": 0,"Actual Startup Time": 8.967,"Actual Total Time": 8.968,"Actual Rows": 57079,"Actual Loops": 1,"Index Cond": "((o_orderdate >= '1996-09-01'::date) AND (o_orderdate < '1996-12-01 00:00:00'::timestamp without time zone))","Workers": []}]},{"Node Type": "Index Scan","Parent Relationship": "Inner","Parallel Aware": false,"Async Capable": false,"Scan Direction": "Forward","Index Name": "idx_lineitem_orderkey","Relation Name": "lineitem","Alias": "lineitem","Startup Cost": 0.43,"Total Cost": 4.60,"Plan Rows": 6,"Plan Width": 4,"Actual Startup Time": 0.010,"Actual Total Time": 0.010,"Actual Rows": 1,"Actual Loops": 57079,"Index Cond": "(l_orderkey = orders.o_orderkey)","Rows Removed by Index Recheck": 0,"Filter": "(l_commitdate < l_receiptdate)","Rows Removed by Filter": 1,"Workers": []}]}]}]}]}]},"Planning Time": 5.626,"Triggers": [],"Execution Time": 242.714}]
[{"Plan": {"Node Type": "Aggregate","Strategy": "Sorted","Partial Mode": "Finalize","Parallel Aware": false,"Async Capable": false,"Startup Cost": 52341.15,"Total Cost": 52376.72,"Plan Rows": 5,"Plan Width": 24,"Actual Startup Time": 211.523,"Actual Total Time": 235.394,"Actual Rows": 5,"Actual Loops": 1,"Group Key": ["orders.o_orderpriority"],"Plans": [{"Node Type": "Gather Merge","Parent Relationship": "Outer","Parallel Aware": false,"Async Capable": false,"Startup Cost": 52341.15,"Total Cost": 52376.60,"Plan Rows": 15,"Plan Width": 24,"Actual Startup Time": 211.162,"Actual Total Time": 235.331,"Actual Rows": 20,"Actual Loops": 1,"Workers Planned": 3,"Workers Launched": 3,"Plans": [{"Node Type": "Aggregate","Strategy": "Sorted","Partial Mode": "Partial","Parent Relationship": "Outer","Parallel Aware": false,"Async Capable": false,"Startup Cost": 51341.11,"Total Cost": 51374.79,"Plan Rows": 5,"Plan Width": 24,"Actual Startup Time": 201.729,"Actual Total Time": 202.979,"Actual Rows": 5,"Actual Loops": 4,"Group Key": ["orders.o_orderpriority"],"Workers": [],"Plans": [{"Node Type": "Sort","Parent Relationship": "Outer","Parallel Aware": false,"Async Capable": false,"Startup Cost": 51341.11,"Total Cost": 51352.32,"Plan Rows": 4484,"Plan Width": 16,"Actual Startup Time": 201.384,"Actual Total Time": 201.903,"Actual Rows": 13062,"Actual Loops": 4,"Sort Key": ["orders.o_orderpriority"],"Sort Method": "quicksort","Sort Space Used": 1090,"Sort Space Type": "Memory","Workers": [{"Worker Number": 0,"Sort Method": "quicksort","Sort Space Used": 1125,"Sort Space Type": "Memory"},{"Worker Number": 1,"Sort Method": "quicksort","Sort Space Used": 1069,"Sort Space Type": "Memory"},{"Worker Number": 2,"Sort Method": "quicksort","Sort Space Used": 1111,"Sort Space Type": "Memory"}],"Plans": [{"Node Type": "Nested Loop","Parent Relationship": "Outer","Parallel Aware": false,"Async Capable": false,"Join Type": "Semi","Startup Cost": 808.74,"Total Cost": 51069.15,"Plan Rows": 4484,"Plan Width": 16,"Actual Startup Time": 4.879,"Actual Total Time": 195.077,"Actual Rows": 13062,"Actual Loops": 4,"Inner Unique": false,"Workers": [],"Plans": [{"Node Type": "Bitmap Heap Scan","Parent Relationship": "Outer","Parallel Aware": true,"Async Capable": false,"Relation Name": "orders","Alias": "orders","Startup Cost": 808.31,"Total Cost": 27186.49,"Plan Rows": 18879,"Plan Width": 20,"Actual Startup Time": 4.741,"Actual Total Time": 56.847,"Actual Rows": 14278,"Actual Loops": 4,"Recheck Cond": "((o_orderdate >= '1994-08-01'::date) AND (o_orderdate < '1994-11-01 00:00:00'::timestamp without time zone))","Rows Removed by Index Recheck": 0,"Exact Heap Blocks": 5747,"Lossy Heap Blocks": 0,"Workers": [],"Plans": [{"Node Type": "Bitmap Index Scan","Parent Relationship": "Outer","Parallel Aware": false,"Async Capable": false,"Index Name": "idx_orders_orderdate","Startup Cost": 0.00,"Total Cost": 793.68,"Plan Rows": 58525,"Plan Width": 0,"Actual Startup Time": 8.459,"Actual Total Time": 8.461,"Actual Rows": 57111,"Actual Loops": 1,"Index Cond": "((o_orderdate >= '1994-08-01'::date) AND (o_orderdate < '1994-11-01 00:00:00'::timestamp without time zone))","Workers": []}]},{"Node Type": "Index Scan","Parent Relationship": "Inner","Parallel Aware": false,"Async Capable": false,"Scan Direction": "Forward","Index Name": "idx_lineitem_orderkey","Relation Name": "lineitem","Alias": "lineitem","Startup Cost": 0.43,"Total Cost": 4.60,"Plan Rows": 6,"Plan Width": 4,"Actual Startup Time": 0.009,"Actual Total Time": 0.009,"Actual Rows": 1,"Actual Loops": 57111,"Index Cond": "(l_orderkey = orders.o_orderkey)","Rows Removed by Index Recheck": 0,"Filter": "(l_commitdate < l_receiptdate)","Rows Removed by Filter": 1,"Workers": []}]}]}]}]}]},"Planning Time": 5.584,"Triggers": [],"Execution Time": 235.929}]
[{"Plan": {"Node Type": "Aggregate","Strategy": "Sorted","Partial Mode": "Finalize","Parallel Aware": false,"Async Capable": false,"Startup Cost": 52110.38,"Total Cost": 52145.56,"Plan Rows": 5,"Plan Width": 24,"Actual Startup Time": 207.799,"Actual Total Time": 232.338,"Actual Rows": 5,"Actual Loops": 1,"Group Key": ["orders.o_orderpriority"],"Plans": [{"Node Type": "Gather Merge","Parent Relationship": "Outer","Parallel Aware": false,"Async Capable": false,"Startup Cost": 52110.38,"Total Cost": 52145.44,"Plan Rows": 15,"Plan Width": 24,"Actual Startup Time": 207.395,"Actual Total Time": 232.308,"Actual Rows": 20,"Actual Loops": 1,"Workers Planned": 3,"Workers Launched": 3,"Plans": [{"Node Type": "Aggregate","Strategy": "Sorted","Partial Mode": "Partial","Parent Relationship": "Outer","Parallel Aware": false,"Async Capable": false,"Startup Cost": 51110.34,"Total Cost": 51143.64,"Plan Rows": 5,"Plan Width": 24,"Actual Startup Time": 198.996,"Actual Total Time": 200.262,"Actual Rows": 5,"Actual Loops": 4,"Group Key": ["orders.o_orderpriority"],"Workers": [],"Plans": [{"Node Type": "Sort","Parent Relationship": "Outer","Parallel Aware": false,"Async Capable": false,"Startup Cost": 51110.34,"Total Cost": 51121.42,"Plan Rows": 4433,"Plan Width": 16,"Actual Startup Time": 198.663,"Actual Total Time": 199.184,"Actual Rows": 13136,"Actual Loops": 4,"Sort Key": ["orders.o_orderpriority"],"Sort Method": "quicksort","Sort Space Used": 1098,"Sort Space Type": "Memory","Workers": [{"Worker Number": 0,"Sort Method": "quicksort","Sort Space Used": 1102,"Sort Space Type": "Memory"},{"Worker Number": 1,"Sort Method": "quicksort","Sort Space Used": 1095,"Sort Space Type": "Memory"},{"Worker Number": 2,"Sort Method": "quicksort","Sort Space Used": 1117,"Sort Space Type": "Memory"}],"Plans": [{"Node Type": "Nested Loop","Parent Relationship": "Outer","Parallel Aware": false,"Async Capable": false,"Join Type": "Semi","Startup Cost": 801.88,"Total Cost": 50841.83,"Plan Rows": 4433,"Plan Width": 16,"Actual Startup Time": 5.393,"Actual Total Time": 192.263,"Actual Rows": 13136,"Actual Loops": 4,"Inner Unique": false,"Workers": [],"Plans": [{"Node Type": "Bitmap Heap Scan","Parent Relationship": "Outer","Parallel Aware": true,"Async Capable": false,"Relation Name": "orders","Alias": "orders","Startup Cost": 801.45,"Total Cost": 27176.40,"Plan Rows": 18663,"Plan Width": 20,"Actual Startup Time": 5.231,"Actual Total Time": 56.374,"Actual Rows": 14326,"Actual Loops": 4,"Recheck Cond": "((o_orderdate >= '1997-10-01'::date) AND (o_orderdate < '1998-01-01 00:00:00'::timestamp without time zone))","Rows Removed by Index Recheck": 0,"Exact Heap Blocks": 5845,"Lossy Heap Blocks": 0,"Workers": [],"Plans": [{"Node Type": "Bitmap Index Scan","Parent Relationship": "Outer","Parallel Aware": false,"Async Capable": false,"Index Name": "idx_orders_orderdate","Startup Cost": 0.00,"Total Cost": 786.99,"Plan Rows": 57856,"Plan Width": 0,"Actual Startup Time": 8.327,"Actual Total Time": 8.329,"Actual Rows": 57306,"Actual Loops": 1,"Index Cond": "((o_orderdate >= '1997-10-01'::date) AND (o_orderdate < '1998-01-01 00:00:00'::timestamp without time zone))","Workers": []}]},{"Node Type": "Index Scan","Parent Relationship": "Inner","Parallel Aware": false,"Async Capable": false,"Scan Direction": "Forward","Index Name": "idx_lineitem_orderkey","Relation Name": "lineitem","Alias": "lineitem","Startup Cost": 0.43,"Total Cost": 4.61,"Plan Rows": 6,"Plan Width": 4,"Actual Startup Time": 0.009,"Actual Total Time": 0.009,"Actual Rows": 1,"Actual Loops": 57306,"Index Cond": "(l_orderkey = orders.o_orderkey)","Rows Removed by Index Recheck": 0,"Filter": "(l_commitdate < l_receiptdate)","Rows Removed by Filter": 1,"Workers": []}]}]}]}]}]},"Planning Time": 4.856,"Triggers": [],"Execution Time": 233.068}]
[{"Plan": {"Node Type": "Aggregate","Strategy": "Sorted","Partial Mode": "Finalize","Parallel Aware": false,"Async Capable": false,"Startup Cost": 52360.14,"Total Cost": 52395.74,"Plan Rows": 5,"Plan Width": 24,"Actual Startup Time": 218.398,"Actual Total Time": 242.149,"Actual Rows": 5,"Actual Loops": 1,"Group Key": ["orders.o_orderpriority"],"Plans": [{"Node Type": "Gather Merge","Parent Relationship": "Outer","Parallel Aware": false,"Async Capable": false,"Startup Cost": 52360.14,"Total Cost": 52395.61,"Plan Rows": 15,"Plan Width": 24,"Actual Startup Time": 217.957,"Actual Total Time": 242.120,"Actual Rows": 20,"Actual Loops": 1,"Workers Planned": 3,"Workers Launched": 3,"Plans": [{"Node Type": "Aggregate","Strategy": "Sorted","Partial Mode": "Partial","Parent Relationship": "Outer","Parallel Aware": false,"Async Capable": false,"Startup Cost": 51360.10,"Total Cost": 51393.81,"Plan Rows": 5,"Plan Width": 24,"Actual Startup Time": 208.723,"Actual Total Time": 209.994,"Actual Rows": 5,"Actual Loops": 4,"Group Key": ["orders.o_orderpriority"],"Workers": [],"Plans": [{"Node Type": "Sort","Parent Relationship": "Outer","Parallel Aware": false,"Async Capable": false,"Startup Cost": 51360.10,"Total Cost": 51371.32,"Plan Rows": 4488,"Plan Width": 16,"Actual Startup Time": 208.373,"Actual Total Time": 208.936,"Actual Rows": 13094,"Actual Loops": 4,"Sort Key": ["orders.o_orderpriority"],"Sort Method": "quicksort","Sort Space Used": 1037,"Sort Space Type": "Memory","Workers": [{"Worker Number": 0,"Sort Method": "quicksort","Sort Space Used": 1148,"Sort Space Type": "Memory"},{"Worker Number": 1,"Sort Method": "quicksort","Sort Space Used": 1153,"Sort Space Type": "Memory"},{"Worker Number": 2,"Sort Method": "quicksort","Sort Space Used": 1064,"Sort Space Type": "Memory"}],"Plans": [{"Node Type": "Nested Loop","Parent Relationship": "Outer","Parallel Aware": false,"Async Capable": false,"Join Type": "Semi","Startup Cost": 809.33,"Total Cost": 51087.86,"Plan Rows": 4488,"Plan Width": 16,"Actual Startup Time": 5.271,"Actual Total Time": 201.756,"Actual Rows": 13094,"Actual Loops": 4,"Inner Unique": false,"Workers": [],"Plans": [{"Node Type": "Bitmap Heap Scan","Parent Relationship": "Outer","Parallel Aware": true,"Async Capable": false,"Relation Name": "orders","Alias": "orders","Startup Cost": 808.89,"Total Cost": 27187.35,"Plan Rows": 18897,"Plan Width": 20,"Actual Startup Time": 5.170,"Actual Total Time": 58.210,"Actual Rows": 14270,"Actual Loops": 4,"Recheck Cond": "((o_orderdate >= '1996-09-01'::date) AND (o_orderdate < '1996-12-01 00:00:00'::timestamp without time zone))","Rows Removed by Index Recheck": 0,"Exact Heap Blocks": 5314,"Lossy Heap Blocks": 0,"Workers": [],"Plans": [{"Node Type": "Bitmap Index Scan","Parent Relationship": "Outer","Parallel Aware": false,"Async Capable": false,"Index Name": "idx_orders_orderdate","Startup Cost": 0.00,"Total Cost": 794.25,"Plan Rows": 58582,"Plan Width": 0,"Actual Startup Time": 8.967,"Actual Total Time": 8.968,"Actual Rows": 57079,"Actual Loops": 1,"Index Cond": "((o_orderdate >= '1996-09-01'::date) AND (o_orderdate < '1996-12-01 00:00:00'::timestamp without time zone))","Workers": []}]},{"Node Type": "Index Scan","Parent Relationship": "Inner","Parallel Aware": false,"Async Capable": false,"Scan Direction": "Forward","Index Name": "idx_lineitem_orderkey","Relation Name": "lineitem","Alias": "lineitem","Startup Cost": 0.43,"Total Cost": 4.60,"Plan Rows": 6,"Plan Width": 4,"Actual Startup Time": 0.010,"Actual Total Time": 0.010,"Actual Rows": 1,"Actual Loops": 57079,"Index Cond": "(l_orderkey = orders.o_orderkey)","Rows Removed by Index Recheck": 0,"Filter": "(l_commitdate < l_receiptdate)","Rows Removed by Filter": 1,"Workers": []}]}]}]}]}]},"Planning Time": 5.626,"Triggers": [],"Execution Time": 242.714}]
[{"Plan": {"Node Type": "Aggregate","Strategy": "Sorted","Partial Mode": "Finalize","Parallel Aware": false,"Async Capable": false,"Startup Cost": 51060.97,"Total Cost": 51094.44,"Plan Rows": 5,"Plan Width": 24,"Actual Startup Time": 208.763,"Actual Total Time": 232.565,"Actual Rows": 5,"Actual Loops": 1,"Group Key": ["orders.o_orderpriority"],"Plans": [{"Node Type": "Gather Merge","Parent Relationship": "Outer","Parallel Aware": false,"Async Capable": false,"Startup Cost": 51060.97,"Total Cost": 51094.31,"Plan Rows": 15,"Plan Width": 24,"Actual Startup Time": 208.330,"Actual Total Time": 232.538,"Actual Rows": 20,"Actual Loops": 1,"Workers Planned": 3,"Workers Launched": 3,"Plans": [{"Node Type": "Aggregate","Strategy": "Sorted","Partial Mode": "Partial","Parent Relationship": "Outer","Parallel Aware": false,"Async Capable": false,"Startup Cost": 50060.93,"Total Cost": 50092.51,"Plan Rows": 5,"Plan Width": 24,"Actual Startup Time": 199.165,"Actual Total Time": 200.386,"Actual Rows": 5,"Actual Loops": 4,"Group Key": ["orders.o_orderpriority"],"Workers": [],"Plans": [{"Node Type": "Sort","Parent Relationship": "Outer","Parallel Aware": false,"Async Capable": false,"Startup Cost": 50060.93,"Total Cost": 50071.44,"Plan Rows": 4204,"Plan Width": 16,"Actual Startup Time": 198.803,"Actual Total Time": 199.328,"Actual Rows": 12782,"Actual Loops": 4,"Sort Key": ["orders.o_orderpriority"],"Sort Method": "quicksort","Sort Space Used": 1045,"Sort Space Type": "Memory","Workers": [{"Worker Number": 0,"Sort Method": "quicksort","Sort Space Used": 1115,"Sort Space Type": "Memory"},{"Worker Number": 1,"Sort Method": "quicksort","Sort Space Used": 1122,"Sort Space Type": "Memory"},{"Worker Number": 2,"Sort Method": "quicksort","Sort Space Used": 1052,"Sort Space Type": "Memory"}],"Plans": [{"Node Type": "Nested Loop","Parent Relationship": "Outer","Parallel Aware": false,"Async Capable": false,"Join Type": "Semi","Startup Cost": 759.26,"Total Cost": 49807.90,"Plan Rows": 4204,"Plan Width": 16,"Actual Startup Time": 4.671,"Actual Total Time": 192.469,"Actual Rows": 12782,"Actual Loops": 4,"Inner Unique": false,"Workers": [],"Plans": [{"Node Type": "Bitmap Heap Scan","Parent Relationship": "Outer","Parallel Aware": true,"Async Capable": false,"Relation Name": "orders","Alias": "orders","Startup Cost": 758.82,"Total Cost": 27119.31,"Plan Rows": 17699,"Plan Width": 20,"Actual Startup Time": 4.522,"Actual Total Time": 56.148,"Actual Rows": 13946,"Actual Loops": 4,"Recheck Cond": "((o_orderdate >= '1997-01-01'::date) AND (o_orderdate < '1997-04-01 00:00:00'::timestamp without time zone))","Rows Removed by Index Recheck": 0,"Exact Heap Blocks": 5517,"Lossy Heap Blocks": 0,"Workers": [],"Plans": [{"Node Type": "Bitmap Index Scan","Parent Relationship": "Outer","Parallel Aware": false,"Async Capable": false,"Index Name": "idx_orders_orderdate","Startup Cost": 0.00,"Total Cost": 745.11,"Plan Rows": 54868,"Plan Width": 0,"Actual Startup Time": 8.317,"Actual Total Time": 8.318,"Actual Rows": 55784,"Actual Loops": 1,"Index Cond": "((o_orderdate >= '1997-01-01'::date) AND (o_orderdate < '1997-04-01 00:00:00'::timestamp without time zone))","Workers": []}]},{"Node Type": "Index Scan","Parent Relationship": "Inner","Parallel Aware": false,"Async Capable": false,"Scan Direction": "Forward","Index Name": "idx_lineitem_orderkey","Relation Name": "lineitem","Alias": "lineitem","Startup Cost": 0.43,"Total Cost": 4.68,"Plan Rows": 6,"Plan Width": 4,"Actual Startup Time": 0.009,"Actual Total Time": 0.009,"Actual Rows": 1,"Actual Loops": 55784,"Index Cond": "(l_orderkey = orders.o_orderkey)","Rows Removed by Index Recheck": 0,"Filter": "(l_commitdate < l_receiptdate)","Rows Removed by Filter": 1,"Workers": []}]}]}]}]}]},"Planning Time": 4.572,"Triggers": [],"Execution Time": 233.189}]
[{"Plan": {"Node Type": "Aggregate","Strategy": "Sorted","Partial Mode": "Finalize","Parallel Aware": false,"Async Capable": false,"Startup Cost": 52586.46,"Total Cost": 52622.43,"Plan Rows": 5,"Plan Width": 24,"Actual Startup Time": 204.940,"Actual Total Time": 235.996,"Actual Rows": 5,"Actual Loops": 1,"Group Key": ["orders.o_orderpriority"],"Plans": [{"Node Type": "Gather Merge","Parent Relationship": "Outer","Parallel Aware": false,"Async Capable": false,"Startup Cost": 52586.46,"Total Cost": 52622.30,"Plan Rows": 15,"Plan Width": 24,"Actual Startup Time": 204.592,"Actual Total Time": 235.964,"Actual Rows": 20,"Actual Loops": 1,"Workers Planned": 3,"Workers Launched": 3,"Plans": [{"Node Type": "Aggregate","Strategy": "Sorted","Partial Mode": "Partial","Parent Relationship": "Outer","Parallel Aware": false,"Async Capable": false,"Startup Cost": 51586.42,"Total Cost": 51620.50,"Plan Rows": 5,"Plan Width": 24,"Actual Startup Time": 195.611,"Actual Total Time": 196.883,"Actual Rows": 5,"Actual Loops": 4,"Group Key": ["orders.o_orderpriority"],"Workers": [],"Plans": [{"Node Type": "Sort","Parent Relationship": "Outer","Parallel Aware": false,"Async Capable": false,"Startup Cost": 51586.42,"Total Cost": 51597.76,"Plan Rows": 4538,"Plan Width": 16,"Actual Startup Time": 195.276,"Actual Total Time": 195.812,"Actual Rows": 13108,"Actual Loops": 4,"Sort Key": ["orders.o_orderpriority"],"Sort Method": "quicksort","Sort Space Used": 1049,"Sort Space Type": "Memory","Workers": [{"Worker Number": 0,"Sort Method": "quicksort","Sort Space Used": 1116,"Sort Space Type": "Memory"},{"Worker Number": 1,"Sort Method": "quicksort","Sort Space Used": 1115,"Sort Space Type": "Memory"},{"Worker Number": 2,"Sort Method": "quicksort","Sort Space Used": 1126,"Sort Space Type": "Memory"}],"Plans": [{"Node Type": "Nested Loop","Parent Relationship": "Outer","Parallel Aware": false,"Async Capable": false,"Join Type": "Semi","Startup Cost": 819.93,"Total Cost": 51310.78,"Plan Rows": 4538,"Plan Width": 16,"Actual Startup Time": 4.752,"Actual Total Time": 189.119,"Actual Rows": 13108,"Actual Loops": 4,"Inner Unique": false,"Workers": [],"Plans": [{"Node Type": "Bitmap Heap Scan","Parent Relationship": "Outer","Parallel Aware": true,"Async Capable": false,"Relation Name": "orders","Alias": "orders","Startup Cost": 819.49,"Total Cost": 27201.07,"Plan Rows": 19105,"Plan Width": 20,"Actual Startup Time": 4.644,"Actual Total Time": 55.500,"Actual Rows": 14318,"Actual Loops": 4,"Recheck Cond": "((o_orderdate >= '1996-05-01'::date) AND (o_orderdate < '1996-08-01 00:00:00'::timestamp without time zone))","Rows Removed by Index Recheck": 0,"Exact Heap Blocks": 5395,"Lossy Heap Blocks": 0,"Workers": [],"Plans": [{"Node Type": "Bitmap Index Scan","Parent Relationship": "Outer","Parallel Aware": false,"Async Capable": false,"Index Name": "idx_orders_orderdate","Startup Cost": 0.00,"Total Cost": 804.69,"Plan Rows": 59226,"Plan Width": 0,"Actual Startup Time": 8.138,"Actual Total Time": 8.141,"Actual Rows": 57270,"Actual Loops": 1,"Index Cond": "((o_orderdate >= '1996-05-01'::date) AND (o_orderdate < '1996-08-01 00:00:00'::timestamp without time zone))","Workers": []}]},{"Node Type": "Index Scan","Parent Relationship": "Inner","Parallel Aware": false,"Async Capable": false,"Scan Direction": "Forward","Index Name": "idx_lineitem_orderkey","Relation Name": "lineitem","Alias": "lineitem","Startup Cost": 0.43,"Total Cost": 4.58,"Plan Rows": 6,"Plan Width": 4,"Actual Startup Time": 0.009,"Actual Total Time": 0.009,"Actual Rows": 1,"Actual Loops": 57270,"Index Cond": "(l_orderkey = orders.o_orderkey)","Rows Removed by Index Recheck": 0,"Filter": "(l_commitdate < l_receiptdate)","Rows Removed by Filter": 1,"Workers": []}]}]}]}]}]},"Planning Time": 4.341,"Triggers": [],"Execution Time": 236.444}]
[{"Plan": {"Node Type": "Aggregate","Strategy": "Sorted","Partial Mode": "Finalize","Parallel Aware": false,"Async Capable": false,"Startup Cost": 52343.20,"Total Cost": 52378.77,"Plan Rows": 5,"Plan Width": 24,"Actual Startup Time": 215.407,"Actual Total Time": 239.586,"Actual Rows": 5,"Actual Loops": 1,"Group Key": ["orders.o_orderpriority"],"Plans": [{"Node Type": "Gather Merge","Parent Relationship": "Outer","Parallel Aware": false,"Async Capable": false,"Startup Cost": 52343.20,"Total Cost": 52378.65,"Plan Rows": 15,"Plan Width": 24,"Actual Startup Time": 214.978,"Actual Total Time": 239.549,"Actual Rows": 20,"Actual Loops": 1,"Workers Planned": 3,"Workers Launched": 3,"Plans": [{"Node Type": "Aggregate","Strategy": "Sorted","Partial Mode": "Partial","Parent Relationship": "Outer","Parallel Aware": false,"Async Capable": false,"Startup Cost": 51343.16,"Total Cost": 51376.84,"Plan Rows": 5,"Plan Width": 24,"Actual Startup Time": 205.596,"Actual Total Time": 206.879,"Actual Rows": 5,"Actual Loops": 4,"Group Key": ["orders.o_orderpriority"],"Workers": [],"Plans": [{"Node Type": "Sort","Parent Relationship": "Outer","Parallel Aware": false,"Async Capable": false,"Startup Cost": 51343.16,"Total Cost": 51354.37,"Plan Rows": 4485,"Plan Width": 16,"Actual Startup Time": 205.237,"Actual Total Time": 205.803,"Actual Rows": 13167,"Actual Loops": 4,"Sort Key": ["orders.o_orderpriority"],"Sort Method": "quicksort","Sort Space Used": 1102,"Sort Space Type": "Memory","Workers": [{"Worker Number": 0,"Sort Method": "quicksort","Sort Space Used": 1081,"Sort Space Type": "Memory"},{"Worker Number": 1,"Sort Method": "quicksort","Sort Space Used": 1119,"Sort Space Type": "Memory"},{"Worker Number": 2,"Sort Method": "quicksort","Sort Space Used": 1117,"Sort Space Type": "Memory"}],"Plans": [{"Node Type": "Nested Loop","Parent Relationship": "Outer","Parallel Aware": false,"Async Capable": false,"Join Type": "Semi","Startup Cost": 808.80,"Total Cost": 51071.12,"Plan Rows": 4485,"Plan Width": 16,"Actual Startup Time": 4.655,"Actual Total Time": 198.688,"Actual Rows": 13167,"Actual Loops": 4,"Inner Unique": false,"Workers": [],"Plans": [{"Node Type": "Bitmap Heap Scan","Parent Relationship": "Outer","Parallel Aware": true,"Async Capable": false,"Relation Name": "orders","Alias": "orders","Startup Cost": 808.37,"Total Cost": 27186.58,"Plan Rows": 18881,"Plan Width": 20,"Actual Startup Time": 4.532,"Actual Total Time": 59.577,"Actual Rows": 14389,"Actual Loops": 4,"Recheck Cond": "((o_orderdate >= '1995-03-01'::date) AND (o_orderdate < '1995-06-01 00:00:00'::timestamp without time zone))","Rows Removed by Index Recheck": 0,"Exact Heap Blocks": 5772,"Lossy Heap Blocks": 0,"Workers": [],"Plans": [{"Node Type": "Bitmap Index Scan","Parent Relationship": "Outer","Parallel Aware": false,"Async Capable": false,"Index Name": "idx_orders_orderdate","Startup Cost": 0.00,"Total Cost": 793.74,"Plan Rows": 58531,"Plan Width": 0,"Actual Startup Time": 8.319,"Actual Total Time": 8.322,"Actual Rows": 57556,"Actual Loops": 1,"Index Cond": "((o_orderdate >= '1995-03-01'::date) AND (o_orderdate < '1995-06-01 00:00:00'::timestamp without time zone))","Workers": []}]},{"Node Type": "Index Scan","Parent Relationship": "Inner","Parallel Aware": false,"Async Capable": false,"Scan Direction": "Forward","Index Name": "idx_lineitem_orderkey","Relation Name": "lineitem","Alias": "lineitem","Startup Cost": 0.43,"Total Cost": 4.60,"Plan Rows": 6,"Plan Width": 4,"Actual Startup Time": 0.009,"Actual Total Time": 0.009,"Actual Rows": 1,"Actual Loops": 57556,"Index Cond": "(l_orderkey = orders.o_orderkey)","Rows Removed by Index Recheck": 0,"Filter": "(l_commitdate < l_receiptdate)","Rows Removed by Filter": 1,"Workers": []}]}]}]}]}]},"Planning Time": 5.651,"Triggers": [],"Execution Time": 240.072}]
[{"Plan": {"Node Type": "Aggregate","Strategy": "Sorted","Partial Mode": "Finalize","Parallel Aware": false,"Async Capable": false,"Startup Cost": 52009.08,"Total Cost": 52044.09,"Plan Rows": 5,"Plan Width": 24,"Actual Startup Time": 215.869,"Actual Total Time": 240.226,"Actual Rows": 5,"Actual Loops": 1,"Group Key": ["orders.o_orderpriority"],"Plans": [{"Node Type": "Gather Merge","Parent Relationship": "Outer","Parallel Aware": false,"Async Capable": false,"Startup Cost": 52009.08,"Total Cost": 52043.97,"Plan Rows": 15,"Plan Width": 24,"Actual Startup Time": 215.457,"Actual Total Time": 240.206,"Actual Rows": 20,"Actual Loops": 1,"Workers Planned": 3,"Workers Launched": 3,"Plans": [{"Node Type": "Aggregate","Strategy": "Sorted","Partial Mode": "Partial","Parent Relationship": "Outer","Parallel Aware": false,"Async Capable": false,"Startup Cost": 51009.04,"Total Cost": 51042.16,"Plan Rows": 5,"Plan Width": 24,"Actual Startup Time": 207.183,"Actual Total Time": 208.446,"Actual Rows": 5,"Actual Loops": 4,"Group Key": ["orders.o_orderpriority"],"Workers": [],"Plans": [{"Node Type": "Sort","Parent Relationship": "Outer","Parallel Aware": false,"Async Capable": false,"Startup Cost": 51009.04,"Total Cost": 51020.06,"Plan Rows": 4410,"Plan Width": 16,"Actual Startup Time": 206.806,"Actual Total Time": 207.370,"Actual Rows": 13098,"Actual Loops": 4,"Sort Key": ["orders.o_orderpriority"],"Sort Method": "quicksort","Sort Space Used": 1123,"Sort Space Type": "Memory","Workers": [{"Worker Number": 0,"Sort Method": "quicksort","Sort Space Used": 1108,"Sort Space Type": "Memory"},{"Worker Number": 1,"Sort Method": "quicksort","Sort Space Used": 1075,"Sort Space Type": "Memory"},{"Worker Number": 2,"Sort Method": "quicksort","Sort Space Used": 1097,"Sort Space Type": "Memory"}],"Plans": [{"Node Type": "Nested Loop","Parent Relationship": "Outer","Parallel Aware": false,"Async Capable": false,"Join Type": "Semi","Startup Cost": 798.90,"Total Cost": 50742.09,"Plan Rows": 4410,"Plan Width": 16,"Actual Startup Time": 7.655,"Actual Total Time": 200.298,"Actual Rows": 13098,"Actual Loops": 4,"Inner Unique": false,"Workers": [],"Plans": [{"Node Type": "Bitmap Heap Scan","Parent Relationship": "Outer","Parallel Aware": true,"Async Capable": false,"Relation Name": "orders","Alias": "orders","Startup Cost": 798.47,"Total Cost": 27172.01,"Plan Rows": 18569,"Plan Width": 20,"Actual Startup Time": 7.548,"Actual Total Time": 58.251,"Actual Rows": 14284,"Actual Loops": 4,"Recheck Cond": "((o_orderdate >= '1993-08-01'::date) AND (o_orderdate < '1993-11-01 00:00:00'::timestamp without time zone))","Rows Removed by Index Recheck": 0,"Exact Heap Blocks": 5961,"Lossy Heap Blocks": 0,"Workers": [],"Plans": [{"Node Type": "Bitmap Index Scan","Parent Relationship": "Outer","Parallel Aware": false,"Async Capable": false,"Index Name": "idx_orders_orderdate","Startup Cost": 0.00,"Total Cost": 784.08,"Plan Rows": 57565,"Plan Width": 0,"Actual Startup Time": 10.621,"Actual Total Time": 10.624,"Actual Rows": 57138,"Actual Loops": 1,"Index Cond": "((o_orderdate >= '1993-08-01'::date) AND (o_orderdate < '1993-11-01 00:00:00'::timestamp without time zone))","Workers": []}]},{"Node Type": "Index Scan","Parent Relationship": "Inner","Parallel Aware": false,"Async Capable": false,"Scan Direction": "Forward","Index Name": "idx_lineitem_orderkey","Relation Name": "lineitem","Alias": "lineitem","Startup Cost": 0.43,"Total Cost": 4.62,"Plan Rows": 6,"Plan Width": 4,"Actual Startup Time": 0.010,"Actual Total Time": 0.010,"Actual Rows": 1,"Actual Loops": 57138,"Index Cond": "(l_orderkey = orders.o_orderkey)","Rows Removed by Index Recheck": 0,"Filter": "(l_commitdate < l_receiptdate)","Rows Removed by Filter": 1,"Workers": []}]}]}]}]}]},"Planning Time": 4.337,"Triggers": [],"Execution Time": 240.936}]
[{"Plan": {"Node Type": "Aggregate","Strategy": "Sorted","Partial Mode": "Finalize","Parallel Aware": false,"Async Capable": false,"Startup Cost": 50393.04,"Total Cost": 50425.42,"Plan Rows": 5,"Plan Width": 24,"Actual Startup Time": 209.179,"Actual Total Time": 234.092,"Actual Rows": 5,"Actual Loops": 1,"Group Key": ["orders.o_orderpriority"],"Plans": [{"Node Type": "Gather Merge","Parent Relationship": "Outer","Parallel Aware": false,"Async Capable": false,"Startup Cost": 50393.04,"Total Cost": 50425.30,"Plan Rows": 15,"Plan Width": 24,"Actual Startup Time": 208.857,"Actual Total Time": 234.045,"Actual Rows": 20,"Actual Loops": 1,"Workers Planned": 3,"Workers Launched": 3,"Plans": [{"Node Type": "Aggregate","Strategy": "Sorted","Partial Mode": "Partial","Parent Relationship": "Outer","Parallel Aware": false,"Async Capable": false,"Startup Cost": 49393.00,"Total Cost": 49423.49,"Plan Rows": 5,"Plan Width": 24,"Actual Startup Time": 200.343,"Actual Total Time": 201.591,"Actual Rows": 5,"Actual Loops": 4,"Group Key": ["orders.o_orderpriority"],"Workers": [],"Plans": [{"Node Type": "Sort","Parent Relationship": "Outer","Parallel Aware": false,"Async Capable": false,"Startup Cost": 49393.00,"Total Cost": 49403.15,"Plan Rows": 4059,"Plan Width": 16,"Actual Startup Time": 200.015,"Actual Total Time": 200.534,"Actual Rows": 13007,"Actual Loops": 4,"Sort Key": ["orders.o_orderpriority"],"Sort Method": "quicksort","Sort Space Used": 1034,"Sort Space Type": "Memory","Workers": [{"Worker Number": 0,"Sort Method": "quicksort","Sort Space Used": 1128,"Sort Space Type": "Memory"},{"Worker Number": 1,"Sort Method": "quicksort","Sort Space Used": 1096,"Sort Space Type": "Memory"},{"Worker Number": 2,"Sort Method": "quicksort","Sort Space Used": 1126,"Sort Space Type": "Memory"}],"Plans": [{"Node Type": "Nested Loop","Parent Relationship": "Outer","Parallel Aware": false,"Async Capable": false,"Join Type": "Semi","Startup Cost": 731.94,"Total Cost": 49149.73,"Plan Rows": 4059,"Plan Width": 16,"Actual Startup Time": 5.320,"Actual Total Time": 193.882,"Actual Rows": 13007,"Actual Loops": 4,"Inner Unique": false,"Workers": [],"Plans": [{"Node Type": "Bitmap Heap Scan","Parent Relationship": "Outer","Parallel Aware": true,"Async Capable": false,"Relation Name": "orders","Alias": "orders","Startup Cost": 731.50,"Total Cost": 27082.87,"Plan Rows": 17091,"Plan Width": 20,"Actual Startup Time": 5.198,"Actual Total Time": 56.771,"Actual Rows": 14217,"Actual Loops": 4,"Recheck Cond": "((o_orderdate >= '1995-09-01'::date) AND (o_orderdate < '1995-12-01 00:00:00'::timestamp without time zone))","Rows Removed by Index Recheck": 0,"Exact Heap Blocks": 5379,"Lossy Heap Blocks": 0,"Workers": [],"Plans": [{"Node Type": "Bitmap Index Scan","Parent Relationship": "Outer","Parallel Aware": false,"Async Capable": false,"Index Name": "idx_orders_orderdate","Startup Cost": 0.00,"Total Cost": 718.26,"Plan Rows": 52983,"Plan Width": 0,"Actual Startup Time": 8.331,"Actual Total Time": 8.335,"Actual Rows": 56867,"Actual Loops": 1,"Index Cond": "((o_orderdate >= '1995-09-01'::date) AND (o_orderdate < '1995-12-01 00:00:00'::timestamp without time zone))","Workers": []}]},{"Node Type": "Index Scan","Parent Relationship": "Inner","Parallel Aware": false,"Async Capable": false,"Scan Direction": "Forward","Index Name": "idx_lineitem_orderkey","Relation Name": "lineitem","Alias": "lineitem","Startup Cost": 0.43,"Total Cost": 4.73,"Plan Rows": 6,"Plan Width": 4,"Actual Startup Time": 0.009,"Actual Total Time": 0.009,"Actual Rows": 1,"Actual Loops": 56867,"Index Cond": "(l_orderkey = orders.o_orderkey)","Rows Removed by Index Recheck": 0,"Filter": "(l_commitdate < l_receiptdate)","Rows Removed by Filter": 1,"Workers": []}]}]}]}]}]},"Planning Time": 4.551,"Triggers": [],"Execution Time": 234.551}]
[{"Plan": {"Node Type": "Aggregate","Strategy": "Sorted","Partial Mode": "Finalize","Parallel Aware": false,"Async Capable": false,"Startup Cost": 52360.14,"Total Cost": 52395.74,"Plan Rows": 5,"Plan Width": 24,"Actual Startup Time": 218.398,"Actual Total Time": 242.149,"Actual Rows": 5,"Actual Loops": 1,"Group Key": ["orders.o_orderpriority"],"Plans": [{"Node Type": "Gather Merge","Parent Relationship": "Outer","Parallel Aware": false,"Async Capable": false,"Startup Cost": 52360.14,"Total Cost": 52395.61,"Plan Rows": 15,"Plan Width": 24,"Actual Startup Time": 217.957,"Actual Total Time": 242.120,"Actual Rows": 20,"Actual Loops": 1,"Workers Planned": 3,"Workers Launched": 3,"Plans": [{"Node Type": "Aggregate","Strategy": "Sorted","Partial Mode": "Partial","Parent Relationship": "Outer","Parallel Aware": false,"Async Capable": false,"Startup Cost": 51360.10,"Total Cost": 51393.81,"Plan Rows": 5,"Plan Width": 24,"Actual Startup Time": 208.723,"Actual Total Time": 209.994,"Actual Rows": 5,"Actual Loops": 4,"Group Key": ["orders.o_orderpriority"],"Workers": [],"Plans": [{"Node Type": "Sort","Parent Relationship": "Outer","Parallel Aware": false,"Async Capable": false,"Startup Cost": 51360.10,"Total Cost": 51371.32,"Plan Rows": 4488,"Plan Width": 16,"Actual Startup Time": 208.373,"Actual Total Time": 208.936,"Actual Rows": 13094,"Actual Loops": 4,"Sort Key": ["orders.o_orderpriority"],"Sort Method": "quicksort","Sort Space Used": 1037,"Sort Space Type": "Memory","Workers": [{"Worker Number": 0,"Sort Method": "quicksort","Sort Space Used": 1148,"Sort Space Type": "Memory"},{"Worker Number": 1,"Sort Method": "quicksort","Sort Space Used": 1153,"Sort Space Type": "Memory"},{"Worker Number": 2,"Sort Method": "quicksort","Sort Space Used": 1064,"Sort Space Type": "Memory"}],"Plans": [{"Node Type": "Nested Loop","Parent Relationship": "Outer","Parallel Aware": false,"Async Capable": false,"Join Type": "Semi","Startup Cost": 809.33,"Total Cost": 51087.86,"Plan Rows": 4488,"Plan Width": 16,"Actual Startup Time": 5.271,"Actual Total Time": 201.756,"Actual Rows": 13094,"Actual Loops": 4,"Inner Unique": false,"Workers": [],"Plans": [{"Node Type": "Bitmap Heap Scan","Parent Relationship": "Outer","Parallel Aware": true,"Async Capable": false,"Relation Name": "orders","Alias": "orders","Startup Cost": 808.89,"Total Cost": 27187.35,"Plan Rows": 18897,"Plan Width": 20,"Actual Startup Time": 5.170,"Actual Total Time": 58.210,"Actual Rows": 14270,"Actual Loops": 4,"Recheck Cond": "((o_orderdate >= '1996-09-01'::date) AND (o_orderdate < '1996-12-01 00:00:00'::timestamp without time zone))","Rows Removed by Index Recheck": 0,"Exact Heap Blocks": 5314,"Lossy Heap Blocks": 0,"Workers": [],"Plans": [{"Node Type": "Bitmap Index Scan","Parent Relationship": "Outer","Parallel Aware": false,"Async Capable": false,"Index Name": "idx_orders_orderdate","Startup Cost": 0.00,"Total Cost": 794.25,"Plan Rows": 58582,"Plan Width": 0,"Actual Startup Time": 8.967,"Actual Total Time": 8.968,"Actual Rows": 57079,"Actual Loops": 1,"Index Cond": "((o_orderdate >= '1996-09-01'::date) AND (o_orderdate < '1996-12-01 00:00:00'::timestamp without time zone))","Workers": []}]},{"Node Type": "Index Scan","Parent Relationship": "Inner","Parallel Aware": false,"Async Capable": false,"Scan Direction": "Forward","Index Name": "idx_lineitem_orderkey","Relation Name": "lineitem","Alias": "lineitem","Startup Cost": 0.43,"Total Cost": 4.60,"Plan Rows": 6,"Plan Width": 4,"Actual Startup Time": 0.010,"Actual Total Time": 0.010,"Actual Rows": 1,"Actual Loops": 57079,"Index Cond": "(l_orderkey = orders.o_orderkey)","Rows Removed by Index Recheck": 0,"Filter": "(l_commitdate < l_receiptdate)","Rows Removed by Filter": 1,"Workers": []}]}]}]}]}]},"Planning Time": 5.626,"Triggers": [],"Execution Time": 242.714}]
[{"Plan": {"Node Type": "Aggregate","Strategy": "Sorted","Partial Mode": "Finalize","Parallel Aware": false,"Async Capable": false,"Startup Cost": 52505.50,"Total Cost": 52541.34,"Plan Rows": 5,"Plan Width": 24,"Actual Startup Time": 212.649,"Actual Total Time": 236.332,"Actual Rows": 5,"Actual Loops": 1,"Group Key": ["orders.o_orderpriority"],"Plans": [{"Node Type": "Gather Merge","Parent Relationship": "Outer","Parallel Aware": false,"Async Capable": false,"Startup Cost": 52505.50,"Total Cost": 52541.21,"Plan Rows": 15,"Plan Width": 24,"Actual Startup Time": 212.241,"Actual Total Time": 236.296,"Actual Rows": 20,"Actual Loops": 1,"Workers Planned": 3,"Workers Launched": 3,"Plans": [{"Node Type": "Aggregate","Strategy": "Sorted","Partial Mode": "Partial","Parent Relationship": "Outer","Parallel Aware": false,"Async Capable": false,"Startup Cost": 51505.46,"Total Cost": 51539.41,"Plan Rows": 5,"Plan Width": 24,"Actual Startup Time": 203.017,"Actual Total Time": 204.284,"Actual Rows": 5,"Actual Loops": 4,"Group Key": ["orders.o_orderpriority"],"Workers": [],"Plans": [{"Node Type": "Sort","Parent Relationship": "Outer","Parallel Aware": false,"Async Capable": false,"Startup Cost": 51505.46,"Total Cost": 51516.76,"Plan Rows": 4520,"Plan Width": 16,"Actual Startup Time": 202.651,"Actual Total Time": 203.197,"Actual Rows": 13152,"Actual Loops": 4,"Sort Key": ["orders.o_orderpriority"],"Sort Method": "quicksort","Sort Space Used": 1103,"Sort Space Type": "Memory","Workers": [{"Worker Number": 0,"Sort Method": "quicksort","Sort Space Used": 1110,"Sort Space Type": "Memory"},{"Worker Number": 1,"Sort Method": "quicksort","Sort Space Used": 1119,"Sort Space Type": "Memory"},{"Worker Number": 2,"Sort Method": "quicksort","Sort Space Used": 1083,"Sort Space Type": "Memory"}],"Plans": [{"Node Type": "Nested Loop","Parent Relationship": "Outer","Parallel Aware": false,"Async Capable": false,"Join Type": "Semi","Startup Cost": 817.51,"Total Cost": 51231.05,"Plan Rows": 4520,"Plan Width": 16,"Actual Startup Time": 4.809,"Actual Total Time": 196.117,"Actual Rows": 13152,"Actual Loops": 4,"Inner Unique": false,"Workers": [],"Plans": [{"Node Type": "Bitmap Heap Scan","Parent Relationship": "Outer","Parallel Aware": true,"Async Capable": false,"Relation Name": "orders","Alias": "orders","Startup Cost": 817.07,"Total Cost": 27197.51,"Plan Rows": 19029,"Plan Width": 20,"Actual Startup Time": 4.654,"Actual Total Time": 58.284,"Actual Rows": 14334,"Actual Loops": 4,"Recheck Cond": "((o_orderdate >= '1997-04-01'::date) AND (o_orderdate < '1997-07-01 00:00:00'::timestamp without time zone))","Rows Removed by Index Recheck": 0,"Exact Heap Blocks": 5837,"Lossy Heap Blocks": 0,"Workers": [],"Plans": [{"Node Type": "Bitmap Index Scan","Parent Relationship": "Outer","Parallel Aware": false,"Async Capable": false,"Index Name": "idx_orders_orderdate","Startup Cost": 0.00,"Total Cost": 802.33,"Plan Rows": 58990,"Plan Width": 0,"Actual Startup Time": 8.382,"Actual Total Time": 8.385,"Actual Rows": 57334,"Actual Loops": 1,"Index Cond": "((o_orderdate >= '1997-04-01'::date) AND (o_orderdate < '1997-07-01 00:00:00'::timestamp without time zone))","Workers": []}]},{"Node Type": "Index Scan","Parent Relationship": "Inner","Parallel Aware": false,"Async Capable": false,"Scan Direction": "Forward","Index Name": "idx_lineitem_orderkey","Relation Name": "lineitem","Alias": "lineitem","Startup Cost": 0.43,"Total Cost": 4.59,"Plan Rows": 6,"Plan Width": 4,"Actual Startup Time": 0.009,"Actual Total Time": 0.009,"Actual Rows": 1,"Actual Loops": 57334,"Index Cond": "(l_orderkey = orders.o_orderkey)","Rows Removed by Index Recheck": 0,"Filter": "(l_commitdate < l_receiptdate)","Rows Removed by Filter": 1,"Workers": []}]}]}]}]}]},"Planning Time": 4.807,"Triggers": [],"Execution Time": 236.832}]
[{"Plan": {"Node Type": "Aggregate","Strategy": "Sorted","Partial Mode": "Finalize","Parallel Aware": false,"Async Capable": false,"Startup Cost": 51806.85,"Total Cost": 51841.53,"Plan Rows": 5,"Plan Width": 24,"Actual Startup Time": 211.634,"Actual Total Time": 235.430,"Actual Rows": 5,"Actual Loops": 1,"Group Key": ["orders.o_orderpriority"],"Plans": [{"Node Type": "Gather Merge","Parent Relationship": "Outer","Parallel Aware": false,"Async Capable": false,"Startup Cost": 51806.85,"Total Cost": 51841.41,"Plan Rows": 15,"Plan Width": 24,"Actual Startup Time": 211.199,"Actual Total Time": 235.391,"Actual Rows": 20,"Actual Loops": 1,"Workers Planned": 3,"Workers Launched": 3,"Plans": [{"Node Type": "Aggregate","Strategy": "Sorted","Partial Mode": "Partial","Parent Relationship": "Outer","Parallel Aware": false,"Async Capable": false,"Startup Cost": 50806.81,"Total Cost": 50839.60,"Plan Rows": 5,"Plan Width": 24,"Actual Startup Time": 202.395,"Actual Total Time": 203.672,"Actual Rows": 5,"Actual Loops": 4,"Group Key": ["orders.o_orderpriority"],"Workers": [],"Plans": [{"Node Type": "Sort","Parent Relationship": "Outer","Parallel Aware": false,"Async Capable": false,"Startup Cost": 50806.81,"Total Cost": 50817.72,"Plan Rows": 4366,"Plan Width": 16,"Actual Startup Time": 202.049,"Actual Total Time": 202.590,"Actual Rows": 13258,"Actual Loops": 4,"Sort Key": ["orders.o_orderpriority"],"Sort Method": "quicksort","Sort Space Used": 1114,"Sort Space Type": "Memory","Workers": [{"Worker Number": 0,"Sort Method": "quicksort","Sort Space Used": 1109,"Sort Space Type": "Memory"},{"Worker Number": 1,"Sort Method": "quicksort","Sort Space Used": 1115,"Sort Space Type": "Memory"},{"Worker Number": 2,"Sort Method": "quicksort","Sort Space Used": 1101,"Sort Space Type": "Memory"}],"Plans": [{"Node Type": "Nested Loop","Parent Relationship": "Outer","Parallel Aware": false,"Async Capable": false,"Join Type": "Semi","Startup Cost": 789.02,"Total Cost": 50542.84,"Plan Rows": 4366,"Plan Width": 16,"Actual Startup Time": 5.557,"Actual Total Time": 195.523,"Actual Rows": 13258,"Actual Loops": 4,"Inner Unique": false,"Workers": [],"Plans": [{"Node Type": "Bitmap Heap Scan","Parent Relationship": "Outer","Parallel Aware": true,"Async Capable": false,"Relation Name": "orders","Alias": "orders","Startup Cost": 788.59,"Total Cost": 27159.35,"Plan Rows": 18384,"Plan Width": 20,"Actual Startup Time": 5.423,"Actual Total Time": 57.919,"Actual Rows": 14451,"Actual Loops": 4,"Recheck Cond": "((o_orderdate >= '1995-06-01'::date) AND (o_orderdate < '1995-09-01 00:00:00'::timestamp without time zone))","Rows Removed by Index Recheck": 0,"Exact Heap Blocks": 5887,"Lossy Heap Blocks": 0,"Workers": [],"Plans": [{"Node Type": "Bitmap Index Scan","Parent Relationship": "Outer","Parallel Aware": false,"Async Capable": false,"Index Name": "idx_orders_orderdate","Startup Cost": 0.00,"Total Cost": 774.34,"Plan Rows": 56991,"Plan Width": 0,"Actual Startup Time": 8.828,"Actual Total Time": 8.830,"Actual Rows": 57805,"Actual Loops": 1,"Index Cond": "((o_orderdate >= '1995-06-01'::date) AND (o_orderdate < '1995-09-01 00:00:00'::timestamp without time zone))","Workers": []}]},{"Node Type": "Index Scan","Parent Relationship": "Inner","Parallel Aware": false,"Async Capable": false,"Scan Direction": "Forward","Index Name": "idx_lineitem_orderkey","Relation Name": "lineitem","Alias": "lineitem","Startup Cost": 0.43,"Total Cost": 4.63,"Plan Rows": 6,"Plan Width": 4,"Actual Startup Time": 0.009,"Actual Total Time": 0.009,"Actual Rows": 1,"Actual Loops": 57805,"Index Cond": "(l_orderkey = orders.o_orderkey)","Rows Removed by Index Recheck": 0,"Filter": "(l_commitdate < l_receiptdate)","Rows Removed by Filter": 1,"Workers": []}]}]}]}]}]},"Planning Time": 5.875,"Triggers": [],"Execution Time": 235.870}]
[{"Plan": {"Node Type": "Aggregate","Strategy": "Sorted","Partial Mode": "Finalize","Parallel Aware": false,"Async Capable": false,"Startup Cost": 53209.81,"Total Cost": 53246.81,"Plan Rows": 5,"Plan Width": 24,"Actual Startup Time": 207.732,"Actual Total Time": 232.619,"Actual Rows": 5,"Actual Loops": 1,"Group Key": ["orders.o_orderpriority"],"Plans": [{"Node Type": "Gather Merge","Parent Relationship": "Outer","Parallel Aware": false,"Async Capable": false,"Startup Cost": 53209.81,"Total Cost": 53246.69,"Plan Rows": 15,"Plan Width": 24,"Actual Startup Time": 207.377,"Actual Total Time": 232.588,"Actual Rows": 20,"Actual Loops": 1,"Workers Planned": 3,"Workers Launched": 3,"Plans": [{"Node Type": "Aggregate","Strategy": "Sorted","Partial Mode": "Partial","Parent Relationship": "Outer","Parallel Aware": false,"Async Capable": false,"Startup Cost": 52209.77,"Total Cost": 52244.88,"Plan Rows": 5,"Plan Width": 24,"Actual Startup Time": 198.882,"Actual Total Time": 200.134,"Actual Rows": 5,"Actual Loops": 4,"Group Key": ["orders.o_orderpriority"],"Workers": [],"Plans": [{"Node Type": "Sort","Parent Relationship": "Outer","Parallel Aware": false,"Async Capable": false,"Startup Cost": 52209.77,"Total Cost": 52221.46,"Plan Rows": 4675,"Plan Width": 16,"Actual Startup Time": 198.544,"Actual Total Time": 199.052,"Actual Rows": 13222,"Actual Loops": 4,"Sort Key": ["orders.o_orderpriority"],"Sort Method": "quicksort","Sort Space Used": 1094,"Sort Space Type": "Memory","Workers": [{"Worker Number": 0,"Sort Method": "quicksort","Sort Space Used": 1120,"Sort Space Type": "Memory"},{"Worker Number": 1,"Sort Method": "quicksort","Sort Space Used": 1093,"Sort Space Type": "Memory"},{"Worker Number": 2,"Sort Method": "quicksort","Sort Space Used": 1123,"Sort Space Type": "Memory"}],"Plans": [{"Node Type": "Nested Loop","Parent Relationship": "Outer","Parallel Aware": false,"Async Capable": false,"Join Type": "Semi","Startup Cost": 846.31,"Total Cost": 51924.81,"Plan Rows": 4675,"Plan Width": 16,"Actual Startup Time": 5.243,"Actual Total Time": 192.109,"Actual Rows": 13222,"Actual Loops": 4,"Inner Unique": false,"Workers": [],"Plans": [{"Node Type": "Bitmap Heap Scan","Parent Relationship": "Outer","Parallel Aware": true,"Async Capable": false,"Relation Name": "orders","Alias": "orders","Startup Cost": 845.88,"Total Cost": 27236.14,"Plan Rows": 19684,"Plan Width": 20,"Actual Startup Time": 5.114,"Actual Total Time": 55.968,"Actual Rows": 14421,"Actual Loops": 4,"Recheck Cond": "((o_orderdate >= '1994-11-01'::date) AND (o_orderdate < '1995-02-01 00:00:00'::timestamp without time zone))","Rows Removed by Index Recheck": 0,"Exact Heap Blocks": 5745,"Lossy Heap Blocks": 0,"Workers": [],"Plans": [{"Node Type": "Bitmap Index Scan","Parent Relationship": "Outer","Parallel Aware": false,"Async Capable": false,"Index Name": "idx_orders_orderdate","Startup Cost": 0.00,"Total Cost": 830.63,"Plan Rows": 61020,"Plan Width": 0,"Actual Startup Time": 8.417,"Actual Total Time": 8.421,"Actual Rows": 57683,"Actual Loops": 1,"Index Cond": "((o_orderdate >= '1994-11-01'::date) AND (o_orderdate < '1995-02-01 00:00:00'::timestamp without time zone))","Workers": []}]},{"Node Type": "Index Scan","Parent Relationship": "Inner","Parallel Aware": false,"Async Capable": false,"Scan Direction": "Forward","Index Name": "idx_lineitem_orderkey","Relation Name": "lineitem","Alias": "lineitem","Startup Cost": 0.43,"Total Cost": 4.54,"Plan Rows": 6,"Plan Width": 4,"Actual Startup Time": 0.009,"Actual Total Time": 0.009,"Actual Rows": 1,"Actual Loops": 57683,"Index Cond": "(l_orderkey = orders.o_orderkey)","Rows Removed by Index Recheck": 0,"Filter": "(l_commitdate < l_receiptdate)","Rows Removed by Filter": 1,"Workers": []}]}]}]}]}]},"Planning Time": 5.319,"Triggers": [],"Execution Time": 233.260}]
[{"Plan": {"Node Type": "Aggregate","Strategy": "Sorted","Partial Mode": "Finalize","Parallel Aware": false,"Async Capable": false,"Startup Cost": 51165.01,"Total Cost": 51198.65,"Plan Rows": 5,"Plan Width": 24,"Actual Startup Time": 203.769,"Actual Total Time": 228.271,"Actual Rows": 5,"Actual Loops": 1,"Group Key": ["orders.o_orderpriority"],"Plans": [{"Node Type": "Gather Merge","Parent Relationship": "Outer","Parallel Aware": false,"Async Capable": false,"Startup Cost": 51165.01,"Total Cost": 51198.52,"Plan Rows": 15,"Plan Width": 24,"Actual Startup Time": 203.386,"Actual Total Time": 228.243,"Actual Rows": 20,"Actual Loops": 1,"Workers Planned": 3,"Workers Launched": 3,"Plans": [{"Node Type": "Aggregate","Strategy": "Sorted","Partial Mode": "Partial","Parent Relationship": "Outer","Parallel Aware": false,"Async Capable": false,"Startup Cost": 50164.97,"Total Cost": 50196.72,"Plan Rows": 5,"Plan Width": 24,"Actual Startup Time": 194.376,"Actual Total Time": 195.607,"Actual Rows": 5,"Actual Loops": 4,"Group Key": ["orders.o_orderpriority"],"Workers": [],"Plans": [{"Node Type": "Sort","Parent Relationship": "Outer","Parallel Aware": false,"Async Capable": false,"Startup Cost": 50164.97,"Total Cost": 50175.54,"Plan Rows": 4226,"Plan Width": 16,"Actual Startup Time": 194.028,"Actual Total Time": 194.544,"Actual Rows": 12926,"Actual Loops": 4,"Sort Key": ["orders.o_orderpriority"],"Sort Method": "quicksort","Sort Space Used": 1082,"Sort Space Type": "Memory","Workers": [{"Worker Number": 0,"Sort Method": "quicksort","Sort Space Used": 1106,"Sort Space Type": "Memory"},{"Worker Number": 1,"Sort Method": "quicksort","Sort Space Used": 1074,"Sort Space Type": "Memory"},{"Worker Number": 2,"Sort Method": "quicksort","Sort Space Used": 1104,"Sort Space Type": "Memory"}],"Plans": [{"Node Type": "Nested Loop","Parent Relationship": "Outer","Parallel Aware": false,"Async Capable": false,"Join Type": "Semi","Startup Cost": 762.30,"Total Cost": 49910.46,"Plan Rows": 4226,"Plan Width": 16,"Actual Startup Time": 4.653,"Actual Total Time": 187.831,"Actual Rows": 12926,"Actual Loops": 4,"Inner Unique": false,"Workers": [],"Plans": [{"Node Type": "Bitmap Heap Scan","Parent Relationship": "Outer","Parallel Aware": true,"Async Capable": false,"Relation Name": "orders","Alias": "orders","Startup Cost": 761.87,"Total Cost": 27123.80,"Plan Rows": 17795,"Plan Width": 20,"Actual Startup Time": 4.540,"Actual Total Time": 54.726,"Actual Rows": 14108,"Actual Loops": 4,"Recheck Cond": "((o_orderdate >= '1993-04-01'::date) AND (o_orderdate < '1993-07-01 00:00:00'::timestamp without time zone))","Rows Removed by Index Recheck": 0,"Exact Heap Blocks": 5719,"Lossy Heap Blocks": 0,"Workers": [],"Plans": [{"Node Type": "Bitmap Index Scan","Parent Relationship": "Outer","Parallel Aware": false,"Async Capable": false,"Index Name": "idx_orders_orderdate","Startup Cost": 0.00,"Total Cost": 748.08,"Plan Rows": 55165,"Plan Width": 0,"Actual Startup Time": 7.931,"Actual Total Time": 7.932,"Actual Rows": 56434,"Actual Loops": 1,"Index Cond": "((o_orderdate >= '1993-04-01'::date) AND (o_orderdate < '1993-07-01 00:00:00'::timestamp without time zone))","Workers": []}]},{"Node Type": "Index Scan","Parent Relationship": "Inner","Parallel Aware": false,"Async Capable": false,"Scan Direction": "Forward","Index Name": "idx_lineitem_orderkey","Relation Name": "lineitem","Alias": "lineitem","Startup Cost": 0.43,"Total Cost": 4.67,"Plan Rows": 6,"Plan Width": 4,"Actual Startup Time": 0.009,"Actual Total Time": 0.009,"Actual Rows": 1,"Actual Loops": 56434,"Index Cond": "(l_orderkey = orders.o_orderkey)","Rows Removed by Index Recheck": 0,"Filter": "(l_commitdate < l_receiptdate)","Rows Removed by Filter": 1,"Workers": []}]}]}]}]}]},"Planning Time": 5.442,"Triggers": [],"Execution Time": 229.015}]
[{"Plan": {"Node Type": "Aggregate","Strategy": "Sorted","Partial Mode": "Finalize","Parallel Aware": false,"Async Capable": false,"Startup Cost": 52392.16,"Total Cost": 52427.81,"Plan Rows": 5,"Plan Width": 24,"Actual Startup Time": 211.248,"Actual Total Time": 234.990,"Actual Rows": 5,"Actual Loops": 1,"Group Key": ["orders.o_orderpriority"],"Plans": [{"Node Type": "Gather Merge","Parent Relationship": "Outer","Parallel Aware": false,"Async Capable": false,"Startup Cost": 52392.16,"Total Cost": 52427.69,"Plan Rows": 15,"Plan Width": 24,"Actual Startup Time": 210.814,"Actual Total Time": 234.963,"Actual Rows": 20,"Actual Loops": 1,"Workers Planned": 3,"Workers Launched": 3,"Plans": [{"Node Type": "Aggregate","Strategy": "Sorted","Partial Mode": "Partial","Parent Relationship": "Outer","Parallel Aware": false,"Async Capable": false,"Startup Cost": 51392.12,"Total Cost": 51425.88,"Plan Rows": 5,"Plan Width": 24,"Actual Startup Time": 201.683,"Actual Total Time": 202.935,"Actual Rows": 5,"Actual Loops": 4,"Group Key": ["orders.o_orderpriority"],"Workers": [],"Plans": [{"Node Type": "Sort","Parent Relationship": "Outer","Parallel Aware": false,"Async Capable": false,"Startup Cost": 51392.12,"Total Cost": 51403.36,"Plan Rows": 4495,"Plan Width": 16,"Actual Startup Time": 201.346,"Actual Total Time": 201.859,"Actual Rows": 13076,"Actual Loops": 4,"Sort Key": ["orders.o_orderpriority"],"Sort Method": "quicksort","Sort Space Used": 1088,"Sort Space Type": "Memory","Workers": [{"Worker Number": 0,"Sort Method": "quicksort","Sort Space Used": 1117,"Sort Space Type": "Memory"},{"Worker Number": 1,"Sort Method": "quicksort","Sort Space Used": 1079,"Sort Space Type": "Memory"},{"Worker Number": 2,"Sort Method": "quicksort","Sort Space Used": 1114,"Sort Space Type": "Memory"}],"Plans": [{"Node Type": "Nested Loop","Parent Relationship": "Outer","Parallel Aware": false,"Async Capable": false,"Join Type": "Semi","Startup Cost": 810.26,"Total Cost": 51119.41,"Plan Rows": 4495,"Plan Width": 16,"Actual Startup Time": 5.099,"Actual Total Time": 195.041,"Actual Rows": 13076,"Actual Loops": 4,"Inner Unique": false,"Workers": [],"Plans": [{"Node Type": "Bitmap Heap Scan","Parent Relationship": "Outer","Parallel Aware": true,"Async Capable": false,"Relation Name": "orders","Alias": "orders","Startup Cost": 809.83,"Total Cost": 27188.73,"Plan Rows": 18927,"Plan Width": 20,"Actual Startup Time": 4.954,"Actual Total Time": 57.624,"Actual Rows": 14263,"Actual Loops": 4,"Recheck Cond": "((o_orderdate >= '1995-11-01'::date) AND (o_orderdate < '1996-02-01 00:00:00'::timestamp without time zone))","Rows Removed by Index Recheck": 0,"Exact Heap Blocks": 5693,"Lossy Heap Blocks": 0,"Workers": [],"Plans": [{"Node Type": "Bitmap Index Scan","Parent Relationship": "Outer","Parallel Aware": false,"Async Capable": false,"Index Name": "idx_orders_orderdate","Startup Cost": 0.00,"Total Cost": 795.16,"Plan Rows": 58673,"Plan Width": 0,"Actual Startup Time": 8.818,"Actual Total Time": 8.820,"Actual Rows": 57052,"Actual Loops": 1,"Index Cond": "((o_orderdate >= '1995-11-01'::date) AND (o_orderdate < '1996-02-01 00:00:00'::timestamp without time zone))","Workers": []}]},{"Node Type": "Index Scan","Parent Relationship": "Inner","Parallel Aware": false,"Async Capable": false,"Scan Direction": "Forward","Index Name": "idx_lineitem_orderkey","Relation Name": "lineitem","Alias": "lineitem","Startup Cost": 0.43,"Total Cost": 4.59,"Plan Rows": 6,"Plan Width": 4,"Actual Startup Time": 0.009,"Actual Total Time": 0.009,"Actual Rows": 1,"Actual Loops": 57052,"Index Cond": "(l_orderkey = orders.o_orderkey)","Rows Removed by Index Recheck": 0,"Filter": "(l_commitdate < l_receiptdate)","Rows Removed by Filter": 1,"Workers": []}]}]}]}]}]},"Planning Time": 5.327,"Triggers": [],"Execution Time": 235.461}]
[{"Plan": {"Node Type": "Aggregate","Strategy": "Sorted","Partial Mode": "Finalize","Parallel Aware": false,"Async Capable": false,"Startup Cost": 51546.43,"Total Cost": 51580.69,"Plan Rows": 5,"Plan Width": 24,"Actual Startup Time": 219.803,"Actual Total Time": 243.288,"Actual Rows": 5,"Actual Loops": 1,"Group Key": ["orders.o_orderpriority"],"Plans": [{"Node Type": "Gather Merge","Parent Relationship": "Outer","Parallel Aware": false,"Async Capable": false,"Startup Cost": 51546.43,"Total Cost": 51580.56,"Plan Rows": 15,"Plan Width": 24,"Actual Startup Time": 219.430,"Actual Total Time": 243.257,"Actual Rows": 20,"Actual Loops": 1,"Workers Planned": 3,"Workers Launched": 3,"Plans": [{"Node Type": "Aggregate","Strategy": "Sorted","Partial Mode": "Partial","Parent Relationship": "Outer","Parallel Aware": false,"Async Capable": false,"Startup Cost": 50546.39,"Total Cost": 50578.76,"Plan Rows": 5,"Plan Width": 24,"Actual Startup Time": 209.874,"Actual Total Time": 211.124,"Actual Rows": 5,"Actual Loops": 4,"Group Key": ["orders.o_orderpriority"],"Workers": [],"Plans": [{"Node Type": "Sort","Parent Relationship": "Outer","Parallel Aware": false,"Async Capable": false,"Startup Cost": 50546.39,"Total Cost": 50557.16,"Plan Rows": 4310,"Plan Width": 16,"Actual Startup Time": 209.522,"Actual Total Time": 210.038,"Actual Rows": 13218,"Actual Loops": 4,"Sort Key": ["orders.o_orderpriority"],"Sort Method": "quicksort","Sort Space Used": 1074,"Sort Space Type": "Memory","Workers": [{"Worker Number": 0,"Sort Method": "quicksort","Sort Space Used": 1069,"Sort Space Type": "Memory"},{"Worker Number": 1,"Sort Method": "quicksort","Sort Space Used": 1138,"Sort Space Type": "Memory"},{"Worker Number": 2,"Sort Method": "quicksort","Sort Space Used": 1148,"Sort Space Type": "Memory"}],"Plans": [{"Node Type": "Nested Loop","Parent Relationship": "Outer","Parallel Aware": false,"Async Capable": false,"Join Type": "Semi","Startup Cost": 777.41,"Total Cost": 50286.20,"Plan Rows": 4310,"Plan Width": 16,"Actual Startup Time": 4.922,"Actual Total Time": 202.949,"Actual Rows": 13218,"Actual Loops": 4,"Inner Unique": false,"Workers": [],"Plans": [{"Node Type": "Bitmap Heap Scan","Parent Relationship": "Outer","Parallel Aware": true,"Async Capable": false,"Relation Name": "orders","Alias": "orders","Startup Cost": 776.98,"Total Cost": 27144.15,"Plan Rows": 18145,"Plan Width": 20,"Actual Startup Time": 4.807,"Actual Total Time": 59.857,"Actual Rows": 14422,"Actual Loops": 4,"Recheck Cond": "((o_orderdate >= '1995-05-01'::date) AND (o_orderdate < '1995-08-01 00:00:00'::timestamp without time zone))","Rows Removed by Index Recheck": 0,"Exact Heap Blocks": 5616,"Lossy Heap Blocks": 0,"Workers": [],"Plans": [{"Node Type": "Bitmap Index Scan","Parent Relationship": "Outer","Parallel Aware": false,"Async Capable": false,"Index Name": "idx_orders_orderdate","Startup Cost": 0.00,"Total Cost": 762.92,"Plan Rows": 56249,"Plan Width": 0,"Actual Startup Time": 8.621,"Actual Total Time": 8.621,"Actual Rows": 57687,"Actual Loops": 1,"Index Cond": "((o_orderdate >= '1995-05-01'::date) AND (o_orderdate < '1995-08-01 00:00:00'::timestamp without time zone))","Workers": []}]},{"Node Type": "Index Scan","Parent Relationship": "Inner","Parallel Aware": false,"Async Capable": false,"Scan Direction": "Forward","Index Name": "idx_lineitem_orderkey","Relation Name": "lineitem","Alias": "lineitem","Startup Cost": 0.43,"Total Cost": 4.65,"Plan Rows": 6,"Plan Width": 4,"Actual Startup Time": 0.010,"Actual Total Time": 0.010,"Actual Rows": 1,"Actual Loops": 57687,"Index Cond": "(l_orderkey = orders.o_orderkey)","Rows Removed by Index Recheck": 0,"Filter": "(l_commitdate < l_receiptdate)","Rows Removed by Filter": 1,"Workers": []}]}]}]}]}]},"Planning Time": 5.478,"Triggers": [],"Execution Time": 243.818}]
[{"Plan": {"Node Type": "Aggregate","Strategy": "Sorted","Partial Mode": "Finalize","Parallel Aware": false,"Async Capable": false,"Startup Cost": 51833.80,"Total Cost": 51868.53,"Plan Rows": 5,"Plan Width": 24,"Actual Startup Time": 216.193,"Actual Total Time": 238.969,"Actual Rows": 5,"Actual Loops": 1,"Group Key": ["orders.o_orderpriority"],"Plans": [{"Node Type": "Gather Merge","Parent Relationship": "Outer","Parallel Aware": false,"Async Capable": false,"Startup Cost": 51833.80,"Total Cost": 51868.41,"Plan Rows": 15,"Plan Width": 24,"Actual Startup Time": 215.785,"Actual Total Time": 238.947,"Actual Rows": 20,"Actual Loops": 1,"Workers Planned": 3,"Workers Launched": 3,"Plans": [{"Node Type": "Aggregate","Strategy": "Sorted","Partial Mode": "Partial","Parent Relationship": "Outer","Parallel Aware": false,"Async Capable": false,"Startup Cost": 50833.76,"Total Cost": 50866.60,"Plan Rows": 5,"Plan Width": 24,"Actual Startup Time": 207.585,"Actual Total Time": 208.848,"Actual Rows": 5,"Actual Loops": 4,"Group Key": ["orders.o_orderpriority"],"Workers": [],"Plans": [{"Node Type": "Sort","Parent Relationship": "Outer","Parallel Aware": false,"Async Capable": false,"Startup Cost": 50833.76,"Total Cost": 50844.69,"Plan Rows": 4372,"Plan Width": 16,"Actual Startup Time": 207.234,"Actual Total Time": 207.768,"Actual Rows": 13206,"Actual Loops": 4,"Sort Key": ["orders.o_orderpriority"],"Sort Method": "quicksort","Sort Space Used": 1141,"Sort Space Type": "Memory","Workers": [{"Worker Number": 0,"Sort Method": "quicksort","Sort Space Used": 1092,"Sort Space Type": "Memory"},{"Worker Number": 1,"Sort Method": "quicksort","Sort Space Used": 1066,"Sort Space Type": "Memory"},{"Worker Number": 2,"Sort Method": "quicksort","Sort Space Used": 1127,"Sort Space Type": "Memory"}],"Plans": [{"Node Type": "Nested Loop","Parent Relationship": "Outer","Parallel Aware": false,"Async Capable": false,"Join Type": "Semi","Startup Cost": 789.79,"Total Cost": 50569.39,"Plan Rows": 4372,"Plan Width": 16,"Actual Startup Time": 5.838,"Actual Total Time": 200.574,"Actual Rows": 13206,"Actual Loops": 4,"Inner Unique": false,"Workers": [],"Plans": [{"Node Type": "Bitmap Heap Scan","Parent Relationship": "Outer","Parallel Aware": true,"Async Capable": false,"Relation Name": "orders","Alias": "orders","Startup Cost": 789.35,"Total Cost": 27160.48,"Plan Rows": 18409,"Plan Width": 20,"Actual Startup Time": 5.710,"Actual Total Time": 58.739,"Actual Rows": 14419,"Actual Loops": 4,"Recheck Cond": "((o_orderdate >= '1995-07-01'::date) AND (o_orderdate < '1995-10-01 00:00:00'::timestamp without time zone))","Rows Removed by Index Recheck": 0,"Exact Heap Blocks": 6140,"Lossy Heap Blocks": 0,"Workers": [],"Plans": [{"Node Type": "Bitmap Index Scan","Parent Relationship": "Outer","Parallel Aware": false,"Async Capable": false,"Index Name": "idx_orders_orderdate","Startup Cost": 0.00,"Total Cost": 775.09,"Plan Rows": 57066,"Plan Width": 0,"Actual Startup Time": 8.705,"Actual Total Time": 8.706,"Actual Rows": 57677,"Actual Loops": 1,"Index Cond": "((o_orderdate >= '1995-07-01'::date) AND (o_orderdate < '1995-10-01 00:00:00'::timestamp without time zone))","Workers": []}]},{"Node Type": "Index Scan","Parent Relationship": "Inner","Parallel Aware": false,"Async Capable": false,"Scan Direction": "Forward","Index Name": "idx_lineitem_orderkey","Relation Name": "lineitem","Alias": "lineitem","Startup Cost": 0.43,"Total Cost": 4.63,"Plan Rows": 6,"Plan Width": 4,"Actual Startup Time": 0.010,"Actual Total Time": 0.010,"Actual Rows": 1,"Actual Loops": 57677,"Index Cond": "(l_orderkey = orders.o_orderkey)","Rows Removed by Index Recheck": 0,"Filter": "(l_commitdate < l_receiptdate)","Rows Removed by Filter": 1,"Workers": []}]}]}]}]}]},"Planning Time": 4.165,"Triggers": [],"Execution Time": 239.454}]
[{"Plan": {"Node Type": "Aggregate","Strategy": "Sorted","Partial Mode": "Finalize","Parallel Aware": false,"Async Capable": false,"Startup Cost": 50795.59,"Total Cost": 50828.62,"Plan Rows": 5,"Plan Width": 24,"Actual Startup Time": 207.449,"Actual Total Time": 231.624,"Actual Rows": 5,"Actual Loops": 1,"Group Key": ["orders.o_orderpriority"],"Plans": [{"Node Type": "Gather Merge","Parent Relationship": "Outer","Parallel Aware": false,"Async Capable": false,"Startup Cost": 50795.59,"Total Cost": 50828.49,"Plan Rows": 15,"Plan Width": 24,"Actual Startup Time": 207.082,"Actual Total Time": 231.593,"Actual Rows": 20,"Actual Loops": 1,"Workers Planned": 3,"Workers Launched": 3,"Plans": [{"Node Type": "Aggregate","Strategy": "Sorted","Partial Mode": "Partial","Parent Relationship": "Outer","Parallel Aware": false,"Async Capable": false,"Startup Cost": 49795.55,"Total Cost": 49826.69,"Plan Rows": 5,"Plan Width": 24,"Actual Startup Time": 197.121,"Actual Total Time": 198.416,"Actual Rows": 5,"Actual Loops": 4,"Group Key": ["orders.o_orderpriority"],"Workers": [],"Plans": [{"Node Type": "Sort","Parent Relationship": "Outer","Parallel Aware": false,"Async Capable": false,"Startup Cost": 49795.55,"Total Cost": 49805.91,"Plan Rows": 4146,"Plan Width": 16,"Actual Startup Time": 196.751,"Actual Total Time": 197.344,"Actual Rows": 12836,"Actual Loops": 4,"Sort Key": ["orders.o_orderpriority"],"Sort Method": "quicksort","Sort Space Used": 1059,"Sort Space Type": "Memory","Workers": [{"Worker Number": 0,"Sort Method": "quicksort","Sort Space Used": 1115,"Sort Space Type": "Memory"},{"Worker Number": 1,"Sort Method": "quicksort","Sort Space Used": 1058,"Sort Space Type": "Memory"},{"Worker Number": 2,"Sort Method": "quicksort","Sort Space Used": 1115,"Sort Space Type": "Memory"}],"Plans": [{"Node Type": "Nested Loop","Parent Relationship": "Outer","Parallel Aware": false,"Async Capable": false,"Join Type": "Semi","Startup Cost": 747.58,"Total Cost": 49546.42,"Plan Rows": 4146,"Plan Width": 16,"Actual Startup Time": 3.884,"Actual Total Time": 190.408,"Actual Rows": 12836,"Actual Loops": 4,"Inner Unique": false,"Workers": [],"Plans": [{"Node Type": "Bitmap Heap Scan","Parent Relationship": "Outer","Parallel Aware": true,"Async Capable": false,"Relation Name": "orders","Alias": "orders","Startup Cost": 747.15,"Total Cost": 27104.01,"Plan Rows": 17458,"Plan Width": 20,"Actual Startup Time": 3.813,"Actual Total Time": 55.064,"Actual Rows": 14013,"Actual Loops": 4,"Recheck Cond": "((o_orderdate >= '1996-02-01'::date) AND (o_orderdate < '1996-05-01 00:00:00'::timestamp without time zone))","Rows Removed by Index Recheck": 0,"Exact Heap Blocks": 5537,"Lossy Heap Blocks": 0,"Workers": [],"Plans": [{"Node Type": "Bitmap Index Scan","Parent Relationship": "Outer","Parallel Aware": false,"Async Capable": false,"Index Name": "idx_orders_orderdate","Startup Cost": 0.00,"Total Cost": 733.62,"Plan Rows": 54119,"Plan Width": 0,"Actual Startup Time": 7.926,"Actual Total Time": 7.927,"Actual Rows": 56052,"Actual Loops": 1,"Index Cond": "((o_orderdate >= '1996-02-01'::date) AND (o_orderdate < '1996-05-01 00:00:00'::timestamp without time zone))","Workers": []}]},{"Node Type": "Index Scan","Parent Relationship": "Inner","Parallel Aware": false,"Async Capable": false,"Scan Direction": "Forward","Index Name": "idx_lineitem_orderkey","Relation Name": "lineitem","Alias": "lineitem","Startup Cost": 0.43,"Total Cost": 4.70,"Plan Rows": 6,"Plan Width": 4,"Actual Startup Time": 0.009,"Actual Total Time": 0.009,"Actual Rows": 1,"Actual Loops": 56052,"Index Cond": "(l_orderkey = orders.o_orderkey)","Rows Removed by Index Recheck": 0,"Filter": "(l_commitdate < l_receiptdate)","Rows Removed by Filter": 1,"Workers": []}]}]}]}]}]},"Planning Time": 5.293,"Triggers": [],"Execution Time": 232.381}]
[{"Plan": {"Node Type": "Aggregate","Strategy": "Sorted","Partial Mode": "Finalize","Parallel Aware": false,"Async Capable": false,"Startup Cost": 53209.81,"Total Cost": 53246.81,"Plan Rows": 5,"Plan Width": 24,"Actual Startup Time": 207.732,"Actual Total Time": 232.619,"Actual Rows": 5,"Actual Loops": 1,"Group Key": ["orders.o_orderpriority"],"Plans": [{"Node Type": "Gather Merge","Parent Relationship": "Outer","Parallel Aware": false,"Async Capable": false,"Startup Cost": 53209.81,"Total Cost": 53246.69,"Plan Rows": 15,"Plan Width": 24,"Actual Startup Time": 207.377,"Actual Total Time": 232.588,"Actual Rows": 20,"Actual Loops": 1,"Workers Planned": 3,"Workers Launched": 3,"Plans": [{"Node Type": "Aggregate","Strategy": "Sorted","Partial Mode": "Partial","Parent Relationship": "Outer","Parallel Aware": false,"Async Capable": false,"Startup Cost": 52209.77,"Total Cost": 52244.88,"Plan Rows": 5,"Plan Width": 24,"Actual Startup Time": 198.882,"Actual Total Time": 200.134,"Actual Rows": 5,"Actual Loops": 4,"Group Key": ["orders.o_orderpriority"],"Workers": [],"Plans": [{"Node Type": "Sort","Parent Relationship": "Outer","Parallel Aware": false,"Async Capable": false,"Startup Cost": 52209.77,"Total Cost": 52221.46,"Plan Rows": 4675,"Plan Width": 16,"Actual Startup Time": 198.544,"Actual Total Time": 199.052,"Actual Rows": 13222,"Actual Loops": 4,"Sort Key": ["orders.o_orderpriority"],"Sort Method": "quicksort","Sort Space Used": 1094,"Sort Space Type": "Memory","Workers": [{"Worker Number": 0,"Sort Method": "quicksort","Sort Space Used": 1120,"Sort Space Type": "Memory"},{"Worker Number": 1,"Sort Method": "quicksort","Sort Space Used": 1093,"Sort Space Type": "Memory"},{"Worker Number": 2,"Sort Method": "quicksort","Sort Space Used": 1123,"Sort Space Type": "Memory"}],"Plans": [{"Node Type": "Nested Loop","Parent Relationship": "Outer","Parallel Aware": false,"Async Capable": false,"Join Type": "Semi","Startup Cost": 846.31,"Total Cost": 51924.81,"Plan Rows": 4675,"Plan Width": 16,"Actual Startup Time": 5.243,"Actual Total Time": 192.109,"Actual Rows": 13222,"Actual Loops": 4,"Inner Unique": false,"Workers": [],"Plans": [{"Node Type": "Bitmap Heap Scan","Parent Relationship": "Outer","Parallel Aware": true,"Async Capable": false,"Relation Name": "orders","Alias": "orders","Startup Cost": 845.88,"Total Cost": 27236.14,"Plan Rows": 19684,"Plan Width": 20,"Actual Startup Time": 5.114,"Actual Total Time": 55.968,"Actual Rows": 14421,"Actual Loops": 4,"Recheck Cond": "((o_orderdate >= '1994-11-01'::date) AND (o_orderdate < '1995-02-01 00:00:00'::timestamp without time zone))","Rows Removed by Index Recheck": 0,"Exact Heap Blocks": 5745,"Lossy Heap Blocks": 0,"Workers": [],"Plans": [{"Node Type": "Bitmap Index Scan","Parent Relationship": "Outer","Parallel Aware": false,"Async Capable": false,"Index Name": "idx_orders_orderdate","Startup Cost": 0.00,"Total Cost": 830.63,"Plan Rows": 61020,"Plan Width": 0,"Actual Startup Time": 8.417,"Actual Total Time": 8.421,"Actual Rows": 57683,"Actual Loops": 1,"Index Cond": "((o_orderdate >= '1994-11-01'::date) AND (o_orderdate < '1995-02-01 00:00:00'::timestamp without time zone))","Workers": []}]},{"Node Type": "Index Scan","Parent Relationship": "Inner","Parallel Aware": false,"Async Capable": false,"Scan Direction": "Forward","Index Name": "idx_lineitem_orderkey","Relation Name": "lineitem","Alias": "lineitem","Startup Cost": 0.43,"Total Cost": 4.54,"Plan Rows": 6,"Plan Width": 4,"Actual Startup Time": 0.009,"Actual Total Time": 0.009,"Actual Rows": 1,"Actual Loops": 57683,"Index Cond": "(l_orderkey = orders.o_orderkey)","Rows Removed by Index Recheck": 0,"Filter": "(l_commitdate < l_receiptdate)","Rows Removed by Filter": 1,"Workers": []}]}]}]}]}]},"Planning Time": 5.319,"Triggers": [],"Execution Time": 233.260}]
[{"Plan": {"Node Type": "Aggregate","Strategy": "Sorted","Partial Mode": "Finalize","Parallel Aware": false,"Async Capable": false,"Startup Cost": 52300.80,"Total Cost": 52336.30,"Plan Rows": 5,"Plan Width": 24,"Actual Startup Time": 211.625,"Actual Total Time": 234.968,"Actual Rows": 5,"Actual Loops": 1,"Group Key": ["orders.o_orderpriority"],"Plans": [{"Node Type": "Gather Merge","Parent Relationship": "Outer","Parallel Aware": false,"Async Capable": false,"Startup Cost": 52300.80,"Total Cost": 52336.17,"Plan Rows": 15,"Plan Width": 24,"Actual Startup Time": 211.243,"Actual Total Time": 234.943,"Actual Rows": 20,"Actual Loops": 1,"Workers Planned": 3,"Workers Launched": 3,"Plans": [{"Node Type": "Aggregate","Strategy": "Sorted","Partial Mode": "Partial","Parent Relationship": "Outer","Parallel Aware": false,"Async Capable": false,"Startup Cost": 51300.76,"Total Cost": 51334.37,"Plan Rows": 5,"Plan Width": 24,"Actual Startup Time": 201.938,"Actual Total Time": 203.221,"Actual Rows": 5,"Actual Loops": 4,"Group Key": ["orders.o_orderpriority"],"Workers": [],"Plans": [{"Node Type": "Sort","Parent Relationship": "Outer","Parallel Aware": false,"Async Capable": false,"Startup Cost": 51300.76,"Total Cost": 51311.94,"Plan Rows": 4475,"Plan Width": 16,"Actual Startup Time": 201.599,"Actual Total Time": 202.136,"Actual Rows": 13200,"Actual Loops": 4,"Sort Key": ["orders.o_orderpriority"],"Sort Method": "quicksort","Sort Space Used": 1121,"Sort Space Type": "Memory","Workers": [{"Worker Number": 0,"Sort Method": "quicksort","Sort Space Used": 1104,"Sort Space Type": "Memory"},{"Worker Number": 1,"Sort Method": "quicksort","Sort Space Used": 1103,"Sort Space Type": "Memory"},{"Worker Number": 2,"Sort Method": "quicksort","Sort Space Used": 1097,"Sort Space Type": "Memory"}],"Plans": [{"Node Type": "Nested Loop","Parent Relationship": "Outer","Parallel Aware": false,"Async Capable": false,"Join Type": "Semi","Startup Cost": 807.53,"Total Cost": 51029.40,"Plan Rows": 4475,"Plan Width": 16,"Actual Startup Time": 4.691,"Actual Total Time": 194.955,"Actual Rows": 13200,"Actual Loops": 4,"Inner Unique": false,"Workers": [],"Plans": [{"Node Type": "Bitmap Heap Scan","Parent Relationship": "Outer","Parallel Aware": true,"Async Capable": false,"Relation Name": "orders","Alias": "orders","Startup Cost": 807.10,"Total Cost": 27184.71,"Plan Rows": 18841,"Plan Width": 20,"Actual Startup Time": 4.548,"Actual Total Time": 57.646,"Actual Rows": 14379,"Actual Loops": 4,"Recheck Cond": "((o_orderdate >= '1996-10-01'::date) AND (o_orderdate < '1997-01-01 00:00:00'::timestamp without time zone))","Rows Removed by Index Recheck": 0,"Exact Heap Blocks": 5956,"Lossy Heap Blocks": 0,"Workers": [],"Plans": [{"Node Type": "Bitmap Index Scan","Parent Relationship": "Outer","Parallel Aware": false,"Async Capable": false,"Index Name": "idx_orders_orderdate","Startup Cost": 0.00,"Total Cost": 792.50,"Plan Rows": 58407,"Plan Width": 0,"Actual Startup Time": 8.165,"Actual Total Time": 8.167,"Actual Rows": 57515,"Actual Loops": 1,"Index Cond": "((o_orderdate >= '1996-10-01'::date) AND (o_orderdate < '1997-01-01 00:00:00'::timestamp without time zone))","Workers": []}]},{"Node Type": "Index Scan","Parent Relationship": "Inner","Parallel Aware": false,"Async Capable": false,"Scan Direction": "Forward","Index Name": "idx_lineitem_orderkey","Relation Name": "lineitem","Alias": "lineitem","Startup Cost": 0.43,"Total Cost": 4.60,"Plan Rows": 6,"Plan Width": 4,"Actual Startup Time": 0.009,"Actual Total Time": 0.009,"Actual Rows": 1,"Actual Loops": 57515,"Index Cond": "(l_orderkey = orders.o_orderkey)","Rows Removed by Index Recheck": 0,"Filter": "(l_commitdate < l_receiptdate)","Rows Removed by Filter": 1,"Workers": []}]}]}]}]}]},"Planning Time": 5.090,"Triggers": [],"Execution Time": 235.437}]
[{"Plan": {"Node Type": "Aggregate","Strategy": "Sorted","Partial Mode": "Finalize","Parallel Aware": false,"Async Capable": false,"Startup Cost": 51029.71,"Total Cost": 51063.13,"Plan Rows": 5,"Plan Width": 24,"Actual Startup Time": 219.978,"Actual Total Time": 243.153,"Actual Rows": 5,"Actual Loops": 1,"Group Key": ["orders.o_orderpriority"],"Plans": [{"Node Type": "Gather Merge","Parent Relationship": "Outer","Parallel Aware": false,"Async Capable": false,"Startup Cost": 51029.71,"Total Cost": 51063.00,"Plan Rows": 15,"Plan Width": 24,"Actual Startup Time": 219.617,"Actual Total Time": 243.118,"Actual Rows": 20,"Actual Loops": 1,"Workers Planned": 3,"Workers Launched": 3,"Plans": [{"Node Type": "Aggregate","Strategy": "Sorted","Partial Mode": "Partial","Parent Relationship": "Outer","Parallel Aware": false,"Async Capable": false,"Startup Cost": 50029.67,"Total Cost": 50061.20,"Plan Rows": 5,"Plan Width": 24,"Actual Startup Time": 210.426,"Actual Total Time": 211.687,"Actual Rows": 5,"Actual Loops": 4,"Group Key": ["orders.o_orderpriority"],"Workers": [],"Plans": [{"Node Type": "Sort","Parent Relationship": "Outer","Parallel Aware": false,"Async Capable": false,"Startup Cost": 50029.67,"Total Cost": 50040.17,"Plan Rows": 4197,"Plan Width": 16,"Actual Startup Time": 210.078,"Actual Total Time": 210.591,"Actual Rows": 13199,"Actual Loops": 4,"Sort Key": ["orders.o_orderpriority"],"Sort Method": "quicksort","Sort Space Used": 1082,"Sort Space Type": "Memory","Workers": [{"Worker Number": 0,"Sort Method": "quicksort","Sort Space Used": 1147,"Sort Space Type": "Memory"},{"Worker Number": 1,"Sort Method": "quicksort","Sort Space Used": 1061,"Sort Space Type": "Memory"},{"Worker Number": 2,"Sort Method": "quicksort","Sort Space Used": 1135,"Sort Space Type": "Memory"}],"Plans": [{"Node Type": "Nested Loop","Parent Relationship": "Outer","Parallel Aware": false,"Async Capable": false,"Join Type": "Semi","Startup Cost": 758.30,"Total Cost": 49777.12,"Plan Rows": 4197,"Plan Width": 16,"Actual Startup Time": 4.818,"Actual Total Time": 203.309,"Actual Rows": 13199,"Actual Loops": 4,"Inner Unique": false,"Workers": [],"Plans": [{"Node Type": "Bitmap Heap Scan","Parent Relationship": "Outer","Parallel Aware": true,"Async Capable": false,"Relation Name": "orders","Alias": "orders","Startup Cost": 757.87,"Total Cost": 27117.91,"Plan Rows": 17670,"Plan Width": 20,"Actual Startup Time": 4.687,"Actual Total Time": 60.377,"Actual Rows": 14427,"Actual Loops": 4,"Recheck Cond": "((o_orderdate >= '1995-08-01'::date) AND (o_orderdate < '1995-11-01 00:00:00'::timestamp without time zone))","Rows Removed by Index Recheck": 0,"Exact Heap Blocks": 5595,"Lossy Heap Blocks": 0,"Workers": [],"Plans": [{"Node Type": "Bitmap Index Scan","Parent Relationship": "Outer","Parallel Aware": false,"Async Capable": false,"Index Name": "idx_orders_orderdate","Startup Cost": 0.00,"Total Cost": 744.18,"Plan Rows": 54775,"Plan Width": 0,"Actual Startup Time": 8.832,"Actual Total Time": 8.833,"Actual Rows": 57708,"Actual Loops": 1,"Index Cond": "((o_orderdate >= '1995-08-01'::date) AND (o_orderdate < '1995-11-01 00:00:00'::timestamp without time zone))","Workers": []}]},{"Node Type": "Index Scan","Parent Relationship": "Inner","Parallel Aware": false,"Async Capable": false,"Scan Direction": "Forward","Index Name": "idx_lineitem_orderkey","Relation Name": "lineitem","Alias": "lineitem","Startup Cost": 0.43,"Total Cost": 4.68,"Plan Rows": 6,"Plan Width": 4,"Actual Startup Time": 0.010,"Actual Total Time": 0.010,"Actual Rows": 1,"Actual Loops": 57708,"Index Cond": "(l_orderkey = orders.o_orderkey)","Rows Removed by Index Recheck": 0,"Filter": "(l_commitdate < l_receiptdate)","Rows Removed by Filter": 1,"Workers": []}]}]}]}]}]},"Planning Time": 5.875,"Triggers": [],"Execution Time": 243.590}]
[{"Plan": {"Node Type": "Aggregate","Strategy": "Sorted","Partial Mode": "Finalize","Parallel Aware": false,"Async Capable": false,"Startup Cost": 52878.76,"Total Cost": 52915.21,"Plan Rows": 5,"Plan Width": 24,"Actual Startup Time": 206.138,"Actual Total Time": 230.308,"Actual Rows": 5,"Actual Loops": 1,"Group Key": ["orders.o_orderpriority"],"Plans": [{"Node Type": "Gather Merge","Parent Relationship": "Outer","Parallel Aware": false,"Async Capable": false,"Startup Cost": 52878.76,"Total Cost": 52915.09,"Plan Rows": 15,"Plan Width": 24,"Actual Startup Time": 205.742,"Actual Total Time": 230.279,"Actual Rows": 20,"Actual Loops": 1,"Workers Planned": 3,"Workers Launched": 3,"Plans": [{"Node Type": "Aggregate","Strategy": "Sorted","Partial Mode": "Partial","Parent Relationship": "Outer","Parallel Aware": false,"Async Capable": false,"Startup Cost": 51878.72,"Total Cost": 51913.28,"Plan Rows": 5,"Plan Width": 24,"Actual Startup Time": 197.132,"Actual Total Time": 198.393,"Actual Rows": 5,"Actual Loops": 4,"Group Key": ["orders.o_orderpriority"],"Workers": [],"Plans": [{"Node Type": "Sort","Parent Relationship": "Outer","Parallel Aware": false,"Async Capable": false,"Startup Cost": 51878.72,"Total Cost": 51890.22,"Plan Rows": 4602,"Plan Width": 16,"Actual Startup Time": 196.786,"Actual Total Time": 197.332,"Actual Rows": 12987,"Actual Loops": 4,"Sort Key": ["orders.o_orderpriority"],"Sort Method": "quicksort","Sort Space Used": 1094,"Sort Space Type": "Memory","Workers": [{"Worker Number": 0,"Sort Method": "quicksort","Sort Space Used": 1099,"Sort Space Type": "Memory"},{"Worker Number": 1,"Sort Method": "quicksort","Sort Space Used": 1080,"Sort Space Type": "Memory"},{"Worker Number": 2,"Sort Method": "quicksort","Sort Space Used": 1106,"Sort Space Type": "Memory"}],"Plans": [{"Node Type": "Nested Loop","Parent Relationship": "Outer","Parallel Aware": false,"Async Capable": false,"Join Type": "Semi","Startup Cost": 832.55,"Total Cost": 51598.73,"Plan Rows": 4602,"Plan Width": 16,"Actual Startup Time": 5.235,"Actual Total Time": 190.462,"Actual Rows": 12987,"Actual Loops": 4,"Inner Unique": false,"Workers": [],"Plans": [{"Node Type": "Bitmap Heap Scan","Parent Relationship": "Outer","Parallel Aware": true,"Async Capable": false,"Relation Name": "orders","Alias": "orders","Startup Cost": 832.11,"Total Cost": 27217.76,"Plan Rows": 19376,"Plan Width": 20,"Actual Startup Time": 5.080,"Actual Total Time": 55.913,"Actual Rows": 14144,"Actual Loops": 4,"Recheck Cond": "((o_orderdate >= '1994-12-01'::date) AND (o_orderdate < '1995-03-01 00:00:00'::timestamp without time zone))","Rows Removed by Index Recheck": 0,"Exact Heap Blocks": 5787,"Lossy Heap Blocks": 0,"Workers": [],"Plans": [{"Node Type": "Bitmap Index Scan","Parent Relationship": "Outer","Parallel Aware": false,"Async Capable": false,"Index Name": "idx_orders_orderdate","Startup Cost": 0.00,"Total Cost": 817.10,"Plan Rows": 60067,"Plan Width": 0,"Actual Startup Time": 8.297,"Actual Total Time": 8.300,"Actual Rows": 56577,"Actual Loops": 1,"Index Cond": "((o_orderdate >= '1994-12-01'::date) AND (o_orderdate < '1995-03-01 00:00:00'::timestamp without time zone))","Workers": []}]},{"Node Type": "Index Scan","Parent Relationship": "Inner","Parallel Aware": false,"Async Capable": false,"Scan Direction": "Forward","Index Name": "idx_lineitem_orderkey","Relation Name": "lineitem","Alias": "lineitem","Startup Cost": 0.43,"Total Cost": 4.56,"Plan Rows": 6,"Plan Width": 4,"Actual Startup Time": 0.009,"Actual Total Time": 0.009,"Actual Rows": 1,"Actual Loops": 56577,"Index Cond": "(l_orderkey = orders.o_orderkey)","Rows Removed by Index Recheck": 0,"Filter": "(l_commitdate < l_receiptdate)","Rows Removed by Filter": 1,"Workers": []}]}]}]}]}]},"Planning Time": 4.514,"Triggers": [],"Execution Time": 231.040}]
[{"Plan": {"Node Type": "Aggregate","Strategy": "Sorted","Partial Mode": "Finalize","Parallel Aware": false,"Async Capable": false,"Startup Cost": 52231.26,"Total Cost": 52266.64,"Plan Rows": 5,"Plan Width": 24,"Actual Startup Time": 211.731,"Actual Total Time": 236.685,"Actual Rows": 5,"Actual Loops": 1,"Group Key": ["orders.o_orderpriority"],"Plans": [{"Node Type": "Gather Merge","Parent Relationship": "Outer","Parallel Aware": false,"Async Capable": false,"Startup Cost": 52231.26,"Total Cost": 52266.52,"Plan Rows": 15,"Plan Width": 24,"Actual Startup Time": 211.358,"Actual Total Time": 236.644,"Actual Rows": 20,"Actual Loops": 1,"Workers Planned": 3,"Workers Launched": 3,"Plans": [{"Node Type": "Aggregate","Strategy": "Sorted","Partial Mode": "Partial","Parent Relationship": "Outer","Parallel Aware": false,"Async Capable": false,"Startup Cost": 51231.22,"Total Cost": 51264.72,"Plan Rows": 5,"Plan Width": 24,"Actual Startup Time": 202.707,"Actual Total Time": 203.957,"Actual Rows": 5,"Actual Loops": 4,"Group Key": ["orders.o_orderpriority"],"Workers": [],"Plans": [{"Node Type": "Sort","Parent Relationship": "Outer","Parallel Aware": false,"Async Capable": false,"Startup Cost": 51231.22,"Total Cost": 51242.37,"Plan Rows": 4460,"Plan Width": 16,"Actual Startup Time": 202.371,"Actual Total Time": 202.882,"Actual Rows": 13097,"Actual Loops": 4,"Sort Key": ["orders.o_orderpriority"],"Sort Method": "quicksort","Sort Space Used": 1098,"Sort Space Type": "Memory","Workers": [{"Worker Number": 0,"Sort Method": "quicksort","Sort Space Used": 1097,"Sort Space Type": "Memory"},{"Worker Number": 1,"Sort Method": "quicksort","Sort Space Used": 1085,"Sort Space Type": "Memory"},{"Worker Number": 2,"Sort Method": "quicksort","Sort Space Used": 1122,"Sort Space Type": "Memory"}],"Plans": [{"Node Type": "Nested Loop","Parent Relationship": "Outer","Parallel Aware": false,"Async Capable": false,"Join Type": "Semi","Startup Cost": 805.48,"Total Cost": 50960.88,"Plan Rows": 4460,"Plan Width": 16,"Actual Startup Time": 5.489,"Actual Total Time": 195.856,"Actual Rows": 13097,"Actual Loops": 4,"Inner Unique": false,"Workers": [],"Plans": [{"Node Type": "Bitmap Heap Scan","Parent Relationship": "Outer","Parallel Aware": true,"Async Capable": false,"Relation Name": "orders","Alias": "orders","Startup Cost": 805.05,"Total Cost": 27181.70,"Plan Rows": 18776,"Plan Width": 20,"Actual Startup Time": 5.323,"Actual Total Time": 57.749,"Actual Rows": 14305,"Actual Loops": 4,"Recheck Cond": "((o_orderdate >= '1994-10-01'::date) AND (o_orderdate < '1995-01-01 00:00:00'::timestamp without time zone))","Rows Removed by Index Recheck": 0,"Exact Heap Blocks": 5772,"Lossy Heap Blocks": 0,"Workers": [],"Plans": [{"Node Type": "Bitmap Index Scan","Parent Relationship": "Outer","Parallel Aware": false,"Async Capable": false,"Index Name": "idx_orders_orderdate","Startup Cost": 0.00,"Total Cost": 790.50,"Plan Rows": 58207,"Plan Width": 0,"Actual Startup Time": 8.588,"Actual Total Time": 8.590,"Actual Rows": 57219,"Actual Loops": 1,"Index Cond": "((o_orderdate >= '1994-10-01'::date) AND (o_orderdate < '1995-01-01 00:00:00'::timestamp without time zone))","Workers": []}]},{"Node Type": "Index Scan","Parent Relationship": "Inner","Parallel Aware": false,"Async Capable": false,"Scan Direction": "Forward","Index Name": "idx_lineitem_orderkey","Relation Name": "lineitem","Alias": "lineitem","Startup Cost": 0.43,"Total Cost": 4.60,"Plan Rows": 6,"Plan Width": 4,"Actual Startup Time": 0.009,"Actual Total Time": 0.009,"Actual Rows": 1,"Actual Loops": 57219,"Index Cond": "(l_orderkey = orders.o_orderkey)","Rows Removed by Index Recheck": 0,"Filter": "(l_commitdate < l_receiptdate)","Rows Removed by Filter": 1,"Workers": []}]}]}]}]}]},"Planning Time": 4.281,"Triggers": [],"Execution Time": 237.379}]
[{"Plan": {"Node Type": "Aggregate","Strategy": "Sorted","Partial Mode": "Finalize","Parallel Aware": false,"Async Capable": false,"Startup Cost": 51563.06,"Total Cost": 51597.36,"Plan Rows": 5,"Plan Width": 24,"Actual Startup Time": 209.353,"Actual Total Time": 233.705,"Actual Rows": 5,"Actual Loops": 1,"Group Key": ["orders.o_orderpriority"],"Plans": [{"Node Type": "Gather Merge","Parent Relationship": "Outer","Parallel Aware": false,"Async Capable": false,"Startup Cost": 51563.06,"Total Cost": 51597.23,"Plan Rows": 15,"Plan Width": 24,"Actual Startup Time": 208.928,"Actual Total Time": 233.674,"Actual Rows": 20,"Actual Loops": 1,"Workers Planned": 3,"Workers Launched": 3,"Plans": [{"Node Type": "Aggregate","Strategy": "Sorted","Partial Mode": "Partial","Parent Relationship": "Outer","Parallel Aware": false,"Async Capable": false,"Startup Cost": 50563.02,"Total Cost": 50595.43,"Plan Rows": 5,"Plan Width": 24,"Actual Startup Time": 200.123,"Actual Total Time": 201.359,"Actual Rows": 5,"Actual Loops": 4,"Group Key": ["orders.o_orderpriority"],"Workers": [],"Plans": [{"Node Type": "Sort","Parent Relationship": "Outer","Parallel Aware": false,"Async Capable": false,"Startup Cost": 50563.02,"Total Cost": 50573.81,"Plan Rows": 4314,"Plan Width": 16,"Actual Startup Time": 199.793,"Actual Total Time": 200.293,"Actual Rows": 12936,"Actual Loops": 4,"Sort Key": ["orders.o_orderpriority"],"Sort Method": "quicksort","Sort Space Used": 1088,"Sort Space Type": "Memory","Workers": [{"Worker Number": 0,"Sort Method": "quicksort","Sort Space Used": 1073,"Sort Space Type": "Memory"},{"Worker Number": 1,"Sort Method": "quicksort","Sort Space Used": 1104,"Sort Space Type": "Memory"},{"Worker Number": 2,"Sort Method": "quicksort","Sort Space Used": 1102,"Sort Space Type": "Memory"}],"Plans": [{"Node Type": "Nested Loop","Parent Relationship": "Outer","Parallel Aware": false,"Async Capable": false,"Join Type": "Semi","Startup Cost": 777.94,"Total Cost": 50302.57,"Plan Rows": 4314,"Plan Width": 16,"Actual Startup Time": 5.390,"Actual Total Time": 193.555,"Actual Rows": 12936,"Actual Loops": 4,"Inner Unique": false,"Workers": [],"Plans": [{"Node Type": "Bitmap Heap Scan","Parent Relationship": "Outer","Parallel Aware": true,"Async Capable": false,"Relation Name": "orders","Alias": "orders","Startup Cost": 777.50,"Total Cost": 27144.92,"Plan Rows": 18161,"Plan Width": 20,"Actual Startup Time": 5.246,"Actual Total Time": 58.249,"Actual Rows": 14114,"Actual Loops": 4,"Recheck Cond": "((o_orderdate >= '1997-09-01'::date) AND (o_orderdate < '1997-12-01 00:00:00'::timestamp without time zone))","Rows Removed by Index Recheck": 0,"Exact Heap Blocks": 5736,"Lossy Heap Blocks": 0,"Workers": [],"Plans": [{"Node Type": "Bitmap Index Scan","Parent Relationship": "Outer","Parallel Aware": false,"Async Capable": false,"Index Name": "idx_orders_orderdate","Startup Cost": 0.00,"Total Cost": 763.43,"Plan Rows": 56300,"Plan Width": 0,"Actual Startup Time": 8.862,"Actual Total Time": 8.862,"Actual Rows": 56454,"Actual Loops": 1,"Index Cond": "((o_orderdate >= '1997-09-01'::date) AND (o_orderdate < '1997-12-01 00:00:00'::timestamp without time zone))","Workers": []}]},{"Node Type": "Index Scan","Parent Relationship": "Inner","Parallel Aware": false,"Async Capable": false,"Scan Direction": "Forward","Index Name": "idx_lineitem_orderkey","Relation Name": "lineitem","Alias": "lineitem","Startup Cost": 0.43,"Total Cost": 4.65,"Plan Rows": 6,"Plan Width": 4,"Actual Startup Time": 0.009,"Actual Total Time": 0.009,"Actual Rows": 1,"Actual Loops": 56454,"Index Cond": "(l_orderkey = orders.o_orderkey)","Rows Removed by Index Recheck": 0,"Filter": "(l_commitdate < l_receiptdate)","Rows Removed by Filter": 1,"Workers": []}]}]}]}]}]},"Planning Time": 5.783,"Triggers": [],"Execution Time": 234.121}]
[{"Plan": {"Node Type": "Aggregate","Strategy": "Sorted","Partial Mode": "Finalize","Parallel Aware": false,"Async Capable": false,"Startup Cost": 52009.08,"Total Cost": 52044.09,"Plan Rows": 5,"Plan Width": 24,"Actual Startup Time": 215.869,"Actual Total Time": 240.226,"Actual Rows": 5,"Actual Loops": 1,"Group Key": ["orders.o_orderpriority"],"Plans": [{"Node Type": "Gather Merge","Parent Relationship": "Outer","Parallel Aware": false,"Async Capable": false,"Startup Cost": 52009.08,"Total Cost": 52043.97,"Plan Rows": 15,"Plan Width": 24,"Actual Startup Time": 215.457,"Actual Total Time": 240.206,"Actual Rows": 20,"Actual Loops": 1,"Workers Planned": 3,"Workers Launched": 3,"Plans": [{"Node Type": "Aggregate","Strategy": "Sorted","Partial Mode": "Partial","Parent Relationship": "Outer","Parallel Aware": false,"Async Capable": false,"Startup Cost": 51009.04,"Total Cost": 51042.16,"Plan Rows": 5,"Plan Width": 24,"Actual Startup Time": 207.183,"Actual Total Time": 208.446,"Actual Rows": 5,"Actual Loops": 4,"Group Key": ["orders.o_orderpriority"],"Workers": [],"Plans": [{"Node Type": "Sort","Parent Relationship": "Outer","Parallel Aware": false,"Async Capable": false,"Startup Cost": 51009.04,"Total Cost": 51020.06,"Plan Rows": 4410,"Plan Width": 16,"Actual Startup Time": 206.806,"Actual Total Time": 207.370,"Actual Rows": 13098,"Actual Loops": 4,"Sort Key": ["orders.o_orderpriority"],"Sort Method": "quicksort","Sort Space Used": 1123,"Sort Space Type": "Memory","Workers": [{"Worker Number": 0,"Sort Method": "quicksort","Sort Space Used": 1108,"Sort Space Type": "Memory"},{"Worker Number": 1,"Sort Method": "quicksort","Sort Space Used": 1075,"Sort Space Type": "Memory"},{"Worker Number": 2,"Sort Method": "quicksort","Sort Space Used": 1097,"Sort Space Type": "Memory"}],"Plans": [{"Node Type": "Nested Loop","Parent Relationship": "Outer","Parallel Aware": false,"Async Capable": false,"Join Type": "Semi","Startup Cost": 798.90,"Total Cost": 50742.09,"Plan Rows": 4410,"Plan Width": 16,"Actual Startup Time": 7.655,"Actual Total Time": 200.298,"Actual Rows": 13098,"Actual Loops": 4,"Inner Unique": false,"Workers": [],"Plans": [{"Node Type": "Bitmap Heap Scan","Parent Relationship": "Outer","Parallel Aware": true,"Async Capable": false,"Relation Name": "orders","Alias": "orders","Startup Cost": 798.47,"Total Cost": 27172.01,"Plan Rows": 18569,"Plan Width": 20,"Actual Startup Time": 7.548,"Actual Total Time": 58.251,"Actual Rows": 14284,"Actual Loops": 4,"Recheck Cond": "((o_orderdate >= '1993-08-01'::date) AND (o_orderdate < '1993-11-01 00:00:00'::timestamp without time zone))","Rows Removed by Index Recheck": 0,"Exact Heap Blocks": 5961,"Lossy Heap Blocks": 0,"Workers": [],"Plans": [{"Node Type": "Bitmap Index Scan","Parent Relationship": "Outer","Parallel Aware": false,"Async Capable": false,"Index Name": "idx_orders_orderdate","Startup Cost": 0.00,"Total Cost": 784.08,"Plan Rows": 57565,"Plan Width": 0,"Actual Startup Time": 10.621,"Actual Total Time": 10.624,"Actual Rows": 57138,"Actual Loops": 1,"Index Cond": "((o_orderdate >= '1993-08-01'::date) AND (o_orderdate < '1993-11-01 00:00:00'::timestamp without time zone))","Workers": []}]},{"Node Type": "Index Scan","Parent Relationship": "Inner","Parallel Aware": false,"Async Capable": false,"Scan Direction": "Forward","Index Name": "idx_lineitem_orderkey","Relation Name": "lineitem","Alias": "lineitem","Startup Cost": 0.43,"Total Cost": 4.62,"Plan Rows": 6,"Plan Width": 4,"Actual Startup Time": 0.010,"Actual Total Time": 0.010,"Actual Rows": 1,"Actual Loops": 57138,"Index Cond": "(l_orderkey = orders.o_orderkey)","Rows Removed by Index Recheck": 0,"Filter": "(l_commitdate < l_receiptdate)","Rows Removed by Filter": 1,"Workers": []}]}]}]}]}]},"Planning Time": 4.337,"Triggers": [],"Execution Time": 240.936}]
[{"Plan": {"Node Type": "Aggregate","Strategy": "Sorted","Partial Mode": "Finalize","Parallel Aware": false,"Async Capable": false,"Startup Cost": 51461.99,"Total Cost": 51496.11,"Plan Rows": 5,"Plan Width": 24,"Actual Startup Time": 212.454,"Actual Total Time": 236.291,"Actual Rows": 5,"Actual Loops": 1,"Group Key": ["orders.o_orderpriority"],"Plans": [{"Node Type": "Gather Merge","Parent Relationship": "Outer","Parallel Aware": false,"Async Capable": false,"Startup Cost": 51461.99,"Total Cost": 51495.99,"Plan Rows": 15,"Plan Width": 24,"Actual Startup Time": 212.065,"Actual Total Time": 236.271,"Actual Rows": 20,"Actual Loops": 1,"Workers Planned": 3,"Workers Launched": 3,"Plans": [{"Node Type": "Aggregate","Strategy": "Sorted","Partial Mode": "Partial","Parent Relationship": "Outer","Parallel Aware": false,"Async Capable": false,"Startup Cost": 50461.95,"Total Cost": 50494.18,"Plan Rows": 5,"Plan Width": 24,"Actual Startup Time": 202.874,"Actual Total Time": 204.138,"Actual Rows": 5,"Actual Loops": 4,"Group Key": ["orders.o_orderpriority"],"Workers": [],"Plans": [{"Node Type": "Sort","Parent Relationship": "Outer","Parallel Aware": false,"Async Capable": false,"Startup Cost": 50461.95,"Total Cost": 50472.68,"Plan Rows": 4291,"Plan Width": 16,"Actual Startup Time": 202.525,"Actual Total Time": 203.066,"Actual Rows": 13122,"Actual Loops": 4,"Sort Key": ["orders.o_orderpriority"],"Sort Method": "quicksort","Sort Space Used": 1103,"Sort Space Type": "Memory","Workers": [{"Worker Number": 0,"Sort Method": "quicksort","Sort Space Used": 1114,"Sort Space Type": "Memory"},{"Worker Number": 1,"Sort Method": "quicksort","Sort Space Used": 1111,"Sort Space Type": "Memory"},{"Worker Number": 2,"Sort Method": "quicksort","Sort Space Used": 1081,"Sort Space Type": "Memory"}],"Plans": [{"Node Type": "Nested Loop","Parent Relationship": "Outer","Parallel Aware": false,"Async Capable": false,"Join Type": "Semi","Startup Cost": 774.93,"Total Cost": 50203.05,"Plan Rows": 4291,"Plan Width": 16,"Actual Startup Time": 5.310,"Actual Total Time": 196.109,"Actual Rows": 13122,"Actual Loops": 4,"Inner Unique": false,"Workers": [],"Plans": [{"Node Type": "Bitmap Heap Scan","Parent Relationship": "Outer","Parallel Aware": true,"Async Capable": false,"Relation Name": "orders","Alias": "orders","Startup Cost": 774.50,"Total Cost": 27140.50,"Plan Rows": 18067,"Plan Width": 20,"Actual Startup Time": 5.148,"Actual Total Time": 58.382,"Actual Rows": 14320,"Actual Loops": 4,"Recheck Cond": "((o_orderdate >= '1993-06-01'::date) AND (o_orderdate < '1993-09-01 00:00:00'::timestamp without time zone))","Rows Removed by Index Recheck": 0,"Exact Heap Blocks": 5885,"Lossy Heap Blocks": 0,"Workers": [],"Plans": [{"Node Type": "Bitmap Index Scan","Parent Relationship": "Outer","Parallel Aware": false,"Async Capable": false,"Index Name": "idx_orders_orderdate","Startup Cost": 0.00,"Total Cost": 760.50,"Plan Rows": 56007,"Plan Width": 0,"Actual Startup Time": 8.978,"Actual Total Time": 8.982,"Actual Rows": 57280,"Actual Loops": 1,"Index Cond": "((o_orderdate >= '1993-06-01'::date) AND (o_orderdate < '1993-09-01 00:00:00'::timestamp without time zone))","Workers": []}]},{"Node Type": "Index Scan","Parent Relationship": "Inner","Parallel Aware": false,"Async Capable": false,"Scan Direction": "Forward","Index Name": "idx_lineitem_orderkey","Relation Name": "lineitem","Alias": "lineitem","Startup Cost": 0.43,"Total Cost": 4.65,"Plan Rows": 6,"Plan Width": 4,"Actual Startup Time": 0.009,"Actual Total Time": 0.009,"Actual Rows": 1,"Actual Loops": 57280,"Index Cond": "(l_orderkey = orders.o_orderkey)","Rows Removed by Index Recheck": 0,"Filter": "(l_commitdate < l_receiptdate)","Rows Removed by Filter": 1,"Workers": []}]}]}]}]}]},"Planning Time": 4.339,"Triggers": [],"Execution Time": 236.742}]
[{"Plan": {"Node Type": "Aggregate","Strategy": "Sorted","Partial Mode": "Finalize","Parallel Aware": false,"Async Capable": false,"Startup Cost": 51845.54,"Total Cost": 51880.29,"Plan Rows": 5,"Plan Width": 24,"Actual Startup Time": 207.177,"Actual Total Time": 232.110,"Actual Rows": 5,"Actual Loops": 1,"Group Key": ["orders.o_orderpriority"],"Plans": [{"Node Type": "Gather Merge","Parent Relationship": "Outer","Parallel Aware": false,"Async Capable": false,"Startup Cost": 51845.54,"Total Cost": 51880.17,"Plan Rows": 15,"Plan Width": 24,"Actual Startup Time": 206.778,"Actual Total Time": 232.079,"Actual Rows": 20,"Actual Loops": 1,"Workers Planned": 3,"Workers Launched": 3,"Plans": [{"Node Type": "Aggregate","Strategy": "Sorted","Partial Mode": "Partial","Parent Relationship": "Outer","Parallel Aware": false,"Async Capable": false,"Startup Cost": 50845.50,"Total Cost": 50878.36,"Plan Rows": 5,"Plan Width": 24,"Actual Startup Time": 198.217,"Actual Total Time": 199.466,"Actual Rows": 5,"Actual Loops": 4,"Group Key": ["orders.o_orderpriority"],"Workers": [],"Plans": [{"Node Type": "Sort","Parent Relationship": "Outer","Parallel Aware": false,"Async Capable": false,"Startup Cost": 50845.50,"Total Cost": 50856.44,"Plan Rows": 4375,"Plan Width": 16,"Actual Startup Time": 197.865,"Actual Total Time": 198.399,"Actual Rows": 13003,"Actual Loops": 4,"Sort Key": ["orders.o_orderpriority"],"Sort Method": "quicksort","Sort Space Used": 1088,"Sort Space Type": "Memory","Workers": [{"Worker Number": 0,"Sort Method": "quicksort","Sort Space Used": 1109,"Sort Space Type": "Memory"},{"Worker Number": 1,"Sort Method": "quicksort","Sort Space Used": 1075,"Sort Space Type": "Memory"},{"Worker Number": 2,"Sort Method": "quicksort","Sort Space Used": 1111,"Sort Space Type": "Memory"}],"Plans": [{"Node Type": "Nested Loop","Parent Relationship": "Outer","Parallel Aware": false,"Async Capable": false,"Join Type": "Semi","Startup Cost": 790.17,"Total Cost": 50580.92,"Plan Rows": 4375,"Plan Width": 16,"Actual Startup Time": 5.194,"Actual Total Time": 191.534,"Actual Rows": 13003,"Actual Loops": 4,"Inner Unique": false,"Workers": [],"Plans": [{"Node Type": "Bitmap Heap Scan","Parent Relationship": "Outer","Parallel Aware": true,"Async Capable": false,"Relation Name": "orders","Alias": "orders","Startup Cost": 789.73,"Total Cost": 27161.04,"Plan Rows": 18420,"Plan Width": 20,"Actual Startup Time": 5.066,"Actual Total Time": 56.417,"Actual Rows": 14194,"Actual Loops": 4,"Recheck Cond": "((o_orderdate >= '1996-04-01'::date) AND (o_orderdate < '1996-07-01 00:00:00'::timestamp without time zone))","Rows Removed by Index Recheck": 0,"Exact Heap Blocks": 5706,"Lossy Heap Blocks": 0,"Workers": [],"Plans": [{"Node Type": "Bitmap Index Scan","Parent Relationship": "Outer","Parallel Aware": false,"Async Capable": false,"Index Name": "idx_orders_orderdate","Startup Cost": 0.00,"Total Cost": 775.46,"Plan Rows": 57103,"Plan Width": 0,"Actual Startup Time": 8.398,"Actual Total Time": 8.399,"Actual Rows": 56775,"Actual Loops": 1,"Index Cond": "((o_orderdate >= '1996-04-01'::date) AND (o_orderdate < '1996-07-01 00:00:00'::timestamp without time zone))","Workers": []}]},{"Node Type": "Index Scan","Parent Relationship": "Inner","Parallel Aware": false,"Async Capable": false,"Scan Direction": "Forward","Index Name": "idx_lineitem_orderkey","Relation Name": "lineitem","Alias": "lineitem","Startup Cost": 0.43,"Total Cost": 4.63,"Plan Rows": 6,"Plan Width": 4,"Actual Startup Time": 0.009,"Actual Total Time": 0.009,"Actual Rows": 1,"Actual Loops": 56775,"Index Cond": "(l_orderkey = orders.o_orderkey)","Rows Removed by Index Recheck": 0,"Filter": "(l_commitdate < l_receiptdate)","Rows Removed by Filter": 1,"Workers": []}]}]}]}]}]},"Planning Time": 4.671,"Triggers": [],"Execution Time": 232.791}]
[{"Plan": {"Node Type": "Aggregate","Strategy": "Sorted","Partial Mode": "Finalize","Parallel Aware": false,"Async Capable": false,"Startup Cost": 52369.77,"Total Cost": 52405.38,"Plan Rows": 5,"Plan Width": 24,"Actual Startup Time": 215.492,"Actual Total Time": 239.622,"Actual Rows": 5,"Actual Loops": 1,"Group Key": ["orders.o_orderpriority"],"Plans": [{"Node Type": "Gather Merge","Parent Relationship": "Outer","Parallel Aware": false,"Async Capable": false,"Startup Cost": 52369.77,"Total Cost": 52405.25,"Plan Rows": 15,"Plan Width": 24,"Actual Startup Time": 215.087,"Actual Total Time": 239.593,"Actual Rows": 20,"Actual Loops": 1,"Workers Planned": 3,"Workers Launched": 3,"Plans": [{"Node Type": "Aggregate","Strategy": "Sorted","Partial Mode": "Partial","Parent Relationship": "Outer","Parallel Aware": false,"Async Capable": false,"Startup Cost": 51369.73,"Total Cost": 51403.45,"Plan Rows": 5,"Plan Width": 24,"Actual Startup Time": 206.356,"Actual Total Time": 207.630,"Actual Rows": 5,"Actual Loops": 4,"Group Key": ["orders.o_orderpriority"],"Workers": [],"Plans": [{"Node Type": "Sort","Parent Relationship": "Outer","Parallel Aware": false,"Async Capable": false,"Startup Cost": 51369.73,"Total Cost": 51380.95,"Plan Rows": 4490,"Plan Width": 16,"Actual Startup Time": 206.011,"Actual Total Time": 206.540,"Actual Rows": 13264,"Actual Loops": 4,"Sort Key": ["orders.o_orderpriority"],"Sort Method": "quicksort","Sort Space Used": 1130,"Sort Space Type": "Memory","Workers": [{"Worker Number": 0,"Sort Method": "quicksort","Sort Space Used": 1100,"Sort Space Type": "Memory"},{"Worker Number": 1,"Sort Method": "quicksort","Sort Space Used": 1108,"Sort Space Type": "Memory"},{"Worker Number": 2,"Sort Method": "quicksort","Sort Space Used": 1102,"Sort Space Type": "Memory"}],"Plans": [{"Node Type": "Nested Loop","Parent Relationship": "Outer","Parallel Aware": false,"Async Capable": false,"Join Type": "Semi","Startup Cost": 809.60,"Total Cost": 51097.35,"Plan Rows": 4490,"Plan Width": 16,"Actual Startup Time": 5.570,"Actual Total Time": 199.495,"Actual Rows": 13264,"Actual Loops": 4,"Inner Unique": false,"Workers": [],"Plans": [{"Node Type": "Bitmap Heap Scan","Parent Relationship": "Outer","Parallel Aware": true,"Async Capable": false,"Relation Name": "orders","Alias": "orders","Startup Cost": 809.17,"Total Cost": 27187.76,"Plan Rows": 18906,"Plan Width": 20,"Actual Startup Time": 5.437,"Actual Total Time": 60.429,"Actual Rows": 14458,"Actual Loops": 4,"Recheck Cond": "((o_orderdate >= '1996-06-01'::date) AND (o_orderdate < '1996-09-01 00:00:00'::timestamp without time zone))","Rows Removed by Index Recheck": 0,"Exact Heap Blocks": 5975,"Lossy Heap Blocks": 0,"Workers": [],"Plans": [{"Node Type": "Bitmap Index Scan","Parent Relationship": "Outer","Parallel Aware": false,"Async Capable": false,"Index Name": "idx_orders_orderdate","Startup Cost": 0.00,"Total Cost": 794.52,"Plan Rows": 58609,"Plan Width": 0,"Actual Startup Time": 8.889,"Actual Total Time": 8.890,"Actual Rows": 57832,"Actual Loops": 1,"Index Cond": "((o_orderdate >= '1996-06-01'::date) AND (o_orderdate < '1996-09-01 00:00:00'::timestamp without time zone))","Workers": []}]},{"Node Type": "Index Scan","Parent Relationship": "Inner","Parallel Aware": false,"Async Capable": false,"Scan Direction": "Forward","Index Name": "idx_lineitem_orderkey","Relation Name": "lineitem","Alias": "lineitem","Startup Cost": 0.43,"Total Cost": 4.59,"Plan Rows": 6,"Plan Width": 4,"Actual Startup Time": 0.009,"Actual Total Time": 0.009,"Actual Rows": 1,"Actual Loops": 57832,"Index Cond": "(l_orderkey = orders.o_orderkey)","Rows Removed by Index Recheck": 0,"Filter": "(l_commitdate < l_receiptdate)","Rows Removed by Filter": 1,"Workers": []}]}]}]}]}]},"Planning Time": 4.853,"Triggers": [],"Execution Time": 240.068}]
[{"Plan": {"Node Type": "Aggregate","Strategy": "Sorted","Partial Mode": "Finalize","Parallel Aware": false,"Async Capable": false,"Startup Cost": 51845.54,"Total Cost": 51880.29,"Plan Rows": 5,"Plan Width": 24,"Actual Startup Time": 207.177,"Actual Total Time": 232.110,"Actual Rows": 5,"Actual Loops": 1,"Group Key": ["orders.o_orderpriority"],"Plans": [{"Node Type": "Gather Merge","Parent Relationship": "Outer","Parallel Aware": false,"Async Capable": false,"Startup Cost": 51845.54,"Total Cost": 51880.17,"Plan Rows": 15,"Plan Width": 24,"Actual Startup Time": 206.778,"Actual Total Time": 232.079,"Actual Rows": 20,"Actual Loops": 1,"Workers Planned": 3,"Workers Launched": 3,"Plans": [{"Node Type": "Aggregate","Strategy": "Sorted","Partial Mode": "Partial","Parent Relationship": "Outer","Parallel Aware": false,"Async Capable": false,"Startup Cost": 50845.50,"Total Cost": 50878.36,"Plan Rows": 5,"Plan Width": 24,"Actual Startup Time": 198.217,"Actual Total Time": 199.466,"Actual Rows": 5,"Actual Loops": 4,"Group Key": ["orders.o_orderpriority"],"Workers": [],"Plans": [{"Node Type": "Sort","Parent Relationship": "Outer","Parallel Aware": false,"Async Capable": false,"Startup Cost": 50845.50,"Total Cost": 50856.44,"Plan Rows": 4375,"Plan Width": 16,"Actual Startup Time": 197.865,"Actual Total Time": 198.399,"Actual Rows": 13003,"Actual Loops": 4,"Sort Key": ["orders.o_orderpriority"],"Sort Method": "quicksort","Sort Space Used": 1088,"Sort Space Type": "Memory","Workers": [{"Worker Number": 0,"Sort Method": "quicksort","Sort Space Used": 1109,"Sort Space Type": "Memory"},{"Worker Number": 1,"Sort Method": "quicksort","Sort Space Used": 1075,"Sort Space Type": "Memory"},{"Worker Number": 2,"Sort Method": "quicksort","Sort Space Used": 1111,"Sort Space Type": "Memory"}],"Plans": [{"Node Type": "Nested Loop","Parent Relationship": "Outer","Parallel Aware": false,"Async Capable": false,"Join Type": "Semi","Startup Cost": 790.17,"Total Cost": 50580.92,"Plan Rows": 4375,"Plan Width": 16,"Actual Startup Time": 5.194,"Actual Total Time": 191.534,"Actual Rows": 13003,"Actual Loops": 4,"Inner Unique": false,"Workers": [],"Plans": [{"Node Type": "Bitmap Heap Scan","Parent Relationship": "Outer","Parallel Aware": true,"Async Capable": false,"Relation Name": "orders","Alias": "orders","Startup Cost": 789.73,"Total Cost": 27161.04,"Plan Rows": 18420,"Plan Width": 20,"Actual Startup Time": 5.066,"Actual Total Time": 56.417,"Actual Rows": 14194,"Actual Loops": 4,"Recheck Cond": "((o_orderdate >= '1996-04-01'::date) AND (o_orderdate < '1996-07-01 00:00:00'::timestamp without time zone))","Rows Removed by Index Recheck": 0,"Exact Heap Blocks": 5706,"Lossy Heap Blocks": 0,"Workers": [],"Plans": [{"Node Type": "Bitmap Index Scan","Parent Relationship": "Outer","Parallel Aware": false,"Async Capable": false,"Index Name": "idx_orders_orderdate","Startup Cost": 0.00,"Total Cost": 775.46,"Plan Rows": 57103,"Plan Width": 0,"Actual Startup Time": 8.398,"Actual Total Time": 8.399,"Actual Rows": 56775,"Actual Loops": 1,"Index Cond": "((o_orderdate >= '1996-04-01'::date) AND (o_orderdate < '1996-07-01 00:00:00'::timestamp without time zone))","Workers": []}]},{"Node Type": "Index Scan","Parent Relationship": "Inner","Parallel Aware": false,"Async Capable": false,"Scan Direction": "Forward","Index Name": "idx_lineitem_orderkey","Relation Name": "lineitem","Alias": "lineitem","Startup Cost": 0.43,"Total Cost": 4.63,"Plan Rows": 6,"Plan Width": 4,"Actual Startup Time": 0.009,"Actual Total Time": 0.009,"Actual Rows": 1,"Actual Loops": 56775,"Index Cond": "(l_orderkey = orders.o_orderkey)","Rows Removed by Index Recheck": 0,"Filter": "(l_commitdate < l_receiptdate)","Rows Removed by Filter": 1,"Workers": []}]}]}]}]}]},"Planning Time": 4.671,"Triggers": [],"Execution Time": 232.791}]
[{"Plan": {"Node Type": "Aggregate","Strategy": "Sorted","Partial Mode": "Finalize","Parallel Aware": false,"Async Capable": false,"Startup Cost": 52300.80,"Total Cost": 52336.30,"Plan Rows": 5,"Plan Width": 24,"Actual Startup Time": 211.625,"Actual Total Time": 234.968,"Actual Rows": 5,"Actual Loops": 1,"Group Key": ["orders.o_orderpriority"],"Plans": [{"Node Type": "Gather Merge","Parent Relationship": "Outer","Parallel Aware": false,"Async Capable": false,"Startup Cost": 52300.80,"Total Cost": 52336.17,"Plan Rows": 15,"Plan Width": 24,"Actual Startup Time": 211.243,"Actual Total Time": 234.943,"Actual Rows": 20,"Actual Loops": 1,"Workers Planned": 3,"Workers Launched": 3,"Plans": [{"Node Type": "Aggregate","Strategy": "Sorted","Partial Mode": "Partial","Parent Relationship": "Outer","Parallel Aware": false,"Async Capable": false,"Startup Cost": 51300.76,"Total Cost": 51334.37,"Plan Rows": 5,"Plan Width": 24,"Actual Startup Time": 201.938,"Actual Total Time": 203.221,"Actual Rows": 5,"Actual Loops": 4,"Group Key": ["orders.o_orderpriority"],"Workers": [],"Plans": [{"Node Type": "Sort","Parent Relationship": "Outer","Parallel Aware": false,"Async Capable": false,"Startup Cost": 51300.76,"Total Cost": 51311.94,"Plan Rows": 4475,"Plan Width": 16,"Actual Startup Time": 201.599,"Actual Total Time": 202.136,"Actual Rows": 13200,"Actual Loops": 4,"Sort Key": ["orders.o_orderpriority"],"Sort Method": "quicksort","Sort Space Used": 1121,"Sort Space Type": "Memory","Workers": [{"Worker Number": 0,"Sort Method": "quicksort","Sort Space Used": 1104,"Sort Space Type": "Memory"},{"Worker Number": 1,"Sort Method": "quicksort","Sort Space Used": 1103,"Sort Space Type": "Memory"},{"Worker Number": 2,"Sort Method": "quicksort","Sort Space Used": 1097,"Sort Space Type": "Memory"}],"Plans": [{"Node Type": "Nested Loop","Parent Relationship": "Outer","Parallel Aware": false,"Async Capable": false,"Join Type": "Semi","Startup Cost": 807.53,"Total Cost": 51029.40,"Plan Rows": 4475,"Plan Width": 16,"Actual Startup Time": 4.691,"Actual Total Time": 194.955,"Actual Rows": 13200,"Actual Loops": 4,"Inner Unique": false,"Workers": [],"Plans": [{"Node Type": "Bitmap Heap Scan","Parent Relationship": "Outer","Parallel Aware": true,"Async Capable": false,"Relation Name": "orders","Alias": "orders","Startup Cost": 807.10,"Total Cost": 27184.71,"Plan Rows": 18841,"Plan Width": 20,"Actual Startup Time": 4.548,"Actual Total Time": 57.646,"Actual Rows": 14379,"Actual Loops": 4,"Recheck Cond": "((o_orderdate >= '1996-10-01'::date) AND (o_orderdate < '1997-01-01 00:00:00'::timestamp without time zone))","Rows Removed by Index Recheck": 0,"Exact Heap Blocks": 5956,"Lossy Heap Blocks": 0,"Workers": [],"Plans": [{"Node Type": "Bitmap Index Scan","Parent Relationship": "Outer","Parallel Aware": false,"Async Capable": false,"Index Name": "idx_orders_orderdate","Startup Cost": 0.00,"Total Cost": 792.50,"Plan Rows": 58407,"Plan Width": 0,"Actual Startup Time": 8.165,"Actual Total Time": 8.167,"Actual Rows": 57515,"Actual Loops": 1,"Index Cond": "((o_orderdate >= '1996-10-01'::date) AND (o_orderdate < '1997-01-01 00:00:00'::timestamp without time zone))","Workers": []}]},{"Node Type": "Index Scan","Parent Relationship": "Inner","Parallel Aware": false,"Async Capable": false,"Scan Direction": "Forward","Index Name": "idx_lineitem_orderkey","Relation Name": "lineitem","Alias": "lineitem","Startup Cost": 0.43,"Total Cost": 4.60,"Plan Rows": 6,"Plan Width": 4,"Actual Startup Time": 0.009,"Actual Total Time": 0.009,"Actual Rows": 1,"Actual Loops": 57515,"Index Cond": "(l_orderkey = orders.o_orderkey)","Rows Removed by Index Recheck": 0,"Filter": "(l_commitdate < l_receiptdate)","Rows Removed by Filter": 1,"Workers": []}]}]}]}]}]},"Planning Time": 5.090,"Triggers": [],"Execution Time": 235.437}]
[{"Plan": {"Node Type": "Aggregate","Strategy": "Sorted","Partial Mode": "Finalize","Parallel Aware": false,"Async Capable": false,"Startup Cost": 52360.14,"Total Cost": 52395.74,"Plan Rows": 5,"Plan Width": 24,"Actual Startup Time": 212.297,"Actual Total Time": 236.425,"Actual Rows": 5,"Actual Loops": 1,"Group Key": ["orders.o_orderpriority"],"Plans": [{"Node Type": "Gather Merge","Parent Relationship": "Outer","Parallel Aware": false,"Async Capable": false,"Startup Cost": 52360.14,"Total Cost": 52395.61,"Plan Rows": 15,"Plan Width": 24,"Actual Startup Time": 211.946,"Actual Total Time": 236.394,"Actual Rows": 20,"Actual Loops": 1,"Workers Planned": 3,"Workers Launched": 3,"Plans": [{"Node Type": "Aggregate","Strategy": "Sorted","Partial Mode": "Partial","Parent Relationship": "Outer","Parallel Aware": false,"Async Capable": false,"Startup Cost": 51360.10,"Total Cost": 51393.81,"Plan Rows": 5,"Plan Width": 24,"Actual Startup Time": 203.132,"Actual Total Time": 204.381,"Actual Rows": 5,"Actual Loops": 4,"Group Key": ["orders.o_orderpriority"],"Workers": [],"Plans": [{"Node Type": "Sort","Parent Relationship": "Outer","Parallel Aware": false,"Async Capable": false,"Startup Cost": 51360.10,"Total Cost": 51371.32,"Plan Rows": 4488,"Plan Width": 16,"Actual Startup Time": 202.800,"Actual Total Time": 203.297,"Actual Rows": 13290,"Actual Loops": 4,"Sort Key": ["orders.o_orderpriority"],"Sort Method": "quicksort","Sort Space Used": 1098,"Sort Space Type": "Memory","Workers": [{"Worker Number": 0,"Sort Method": "quicksort","Sort Space Used": 1124,"Sort Space Type": "Memory"},{"Worker Number": 1,"Sort Method": "quicksort","Sort Space Used": 1137,"Sort Space Type": "Memory"},{"Worker Number": 2,"Sort Method": "quicksort","Sort Space Used": 1087,"Sort Space Type": "Memory"}],"Plans": [{"Node Type": "Nested Loop","Parent Relationship": "Outer","Parallel Aware": false,"Async Capable": false,"Join Type": "Semi","Startup Cost": 809.33,"Total Cost": 51087.86,"Plan Rows": 4488,"Plan Width": 16,"Actual Startup Time": 5.403,"Actual Total Time": 196.470,"Actual Rows": 13290,"Actual Loops": 4,"Inner Unique": false,"Workers": [],"Plans": [{"Node Type": "Bitmap Heap Scan","Parent Relationship": "Outer","Parallel Aware": true,"Async Capable": false,"Relation Name": "orders","Alias": "orders","Startup Cost": 808.89,"Total Cost": 27187.35,"Plan Rows": 18897,"Plan Width": 20,"Actual Startup Time": 5.275,"Actual Total Time": 58.082,"Actual Rows": 14470,"Actual Loops": 4,"Recheck Cond": "((o_orderdate >= '1996-08-01'::date) AND (o_orderdate < '1996-11-01 00:00:00'::timestamp without time zone))","Rows Removed by Index Recheck": 0,"Exact Heap Blocks": 5695,"Lossy Heap Blocks": 0,"Workers": [],"Plans": [{"Node Type": "Bitmap Index Scan","Parent Relationship": "Outer","Parallel Aware": false,"Async Capable": false,"Index Name": "idx_orders_orderdate","Startup Cost": 0.00,"Total Cost": 794.25,"Plan Rows": 58582,"Plan Width": 0,"Actual Startup Time": 8.974,"Actual Total Time": 8.976,"Actual Rows": 57880,"Actual Loops": 1,"Index Cond": "((o_orderdate >= '1996-08-01'::date) AND (o_orderdate < '1996-11-01 00:00:00'::timestamp without time zone))","Workers": []}]},{"Node Type": "Index Scan","Parent Relationship": "Inner","Parallel Aware": false,"Async Capable": false,"Scan Direction": "Forward","Index Name": "idx_lineitem_orderkey","Relation Name": "lineitem","Alias": "lineitem","Startup Cost": 0.43,"Total Cost": 4.60,"Plan Rows": 6,"Plan Width": 4,"Actual Startup Time": 0.009,"Actual Total Time": 0.009,"Actual Rows": 1,"Actual Loops": 57880,"Index Cond": "(l_orderkey = orders.o_orderkey)","Rows Removed by Index Recheck": 0,"Filter": "(l_commitdate < l_receiptdate)","Rows Removed by Filter": 1,"Workers": []}]}]}]}]}]},"Planning Time": 4.460,"Triggers": [],"Execution Time": 236.855}]
[{"Plan": {"Node Type": "Aggregate","Strategy": "Sorted","Partial Mode": "Finalize","Parallel Aware": false,"Async Capable": false,"Startup Cost": 52343.20,"Total Cost": 52378.77,"Plan Rows": 5,"Plan Width": 24,"Actual Startup Time": 215.407,"Actual Total Time": 239.586,"Actual Rows": 5,"Actual Loops": 1,"Group Key": ["orders.o_orderpriority"],"Plans": [{"Node Type": "Gather Merge","Parent Relationship": "Outer","Parallel Aware": false,"Async Capable": false,"Startup Cost": 52343.20,"Total Cost": 52378.65,"Plan Rows": 15,"Plan Width": 24,"Actual Startup Time": 214.978,"Actual Total Time": 239.549,"Actual Rows": 20,"Actual Loops": 1,"Workers Planned": 3,"Workers Launched": 3,"Plans": [{"Node Type": "Aggregate","Strategy": "Sorted","Partial Mode": "Partial","Parent Relationship": "Outer","Parallel Aware": false,"Async Capable": false,"Startup Cost": 51343.16,"Total Cost": 51376.84,"Plan Rows": 5,"Plan Width": 24,"Actual Startup Time": 205.596,"Actual Total Time": 206.879,"Actual Rows": 5,"Actual Loops": 4,"Group Key": ["orders.o_orderpriority"],"Workers": [],"Plans": [{"Node Type": "Sort","Parent Relationship": "Outer","Parallel Aware": false,"Async Capable": false,"Startup Cost": 51343.16,"Total Cost": 51354.37,"Plan Rows": 4485,"Plan Width": 16,"Actual Startup Time": 205.237,"Actual Total Time": 205.803,"Actual Rows": 13167,"Actual Loops": 4,"Sort Key": ["orders.o_orderpriority"],"Sort Method": "quicksort","Sort Space Used": 1102,"Sort Space Type": "Memory","Workers": [{"Worker Number": 0,"Sort Method": "quicksort","Sort Space Used": 1081,"Sort Space Type": "Memory"},{"Worker Number": 1,"Sort Method": "quicksort","Sort Space Used": 1119,"Sort Space Type": "Memory"},{"Worker Number": 2,"Sort Method": "quicksort","Sort Space Used": 1117,"Sort Space Type": "Memory"}],"Plans": [{"Node Type": "Nested Loop","Parent Relationship": "Outer","Parallel Aware": false,"Async Capable": false,"Join Type": "Semi","Startup Cost": 808.80,"Total Cost": 51071.12,"Plan Rows": 4485,"Plan Width": 16,"Actual Startup Time": 4.655,"Actual Total Time": 198.688,"Actual Rows": 13167,"Actual Loops": 4,"Inner Unique": false,"Workers": [],"Plans": [{"Node Type": "Bitmap Heap Scan","Parent Relationship": "Outer","Parallel Aware": true,"Async Capable": false,"Relation Name": "orders","Alias": "orders","Startup Cost": 808.37,"Total Cost": 27186.58,"Plan Rows": 18881,"Plan Width": 20,"Actual Startup Time": 4.532,"Actual Total Time": 59.577,"Actual Rows": 14389,"Actual Loops": 4,"Recheck Cond": "((o_orderdate >= '1995-03-01'::date) AND (o_orderdate < '1995-06-01 00:00:00'::timestamp without time zone))","Rows Removed by Index Recheck": 0,"Exact Heap Blocks": 5772,"Lossy Heap Blocks": 0,"Workers": [],"Plans": [{"Node Type": "Bitmap Index Scan","Parent Relationship": "Outer","Parallel Aware": false,"Async Capable": false,"Index Name": "idx_orders_orderdate","Startup Cost": 0.00,"Total Cost": 793.74,"Plan Rows": 58531,"Plan Width": 0,"Actual Startup Time": 8.319,"Actual Total Time": 8.322,"Actual Rows": 57556,"Actual Loops": 1,"Index Cond": "((o_orderdate >= '1995-03-01'::date) AND (o_orderdate < '1995-06-01 00:00:00'::timestamp without time zone))","Workers": []}]},{"Node Type": "Index Scan","Parent Relationship": "Inner","Parallel Aware": false,"Async Capable": false,"Scan Direction": "Forward","Index Name": "idx_lineitem_orderkey","Relation Name": "lineitem","Alias": "lineitem","Startup Cost": 0.43,"Total Cost": 4.60,"Plan Rows": 6,"Plan Width": 4,"Actual Startup Time": 0.009,"Actual Total Time": 0.009,"Actual Rows": 1,"Actual Loops": 57556,"Index Cond": "(l_orderkey = orders.o_orderkey)","Rows Removed by Index Recheck": 0,"Filter": "(l_commitdate < l_receiptdate)","Rows Removed by Filter": 1,"Workers": []}]}]}]}]}]},"Planning Time": 5.651,"Triggers": [],"Execution Time": 240.072}]
[{"Plan": {"Node Type": "Aggregate","Strategy": "Sorted","Partial Mode": "Finalize","Parallel Aware": false,"Async Capable": false,"Startup Cost": 52878.76,"Total Cost": 52915.21,"Plan Rows": 5,"Plan Width": 24,"Actual Startup Time": 206.138,"Actual Total Time": 230.308,"Actual Rows": 5,"Actual Loops": 1,"Group Key": ["orders.o_orderpriority"],"Plans": [{"Node Type": "Gather Merge","Parent Relationship": "Outer","Parallel Aware": false,"Async Capable": false,"Startup Cost": 52878.76,"Total Cost": 52915.09,"Plan Rows": 15,"Plan Width": 24,"Actual Startup Time": 205.742,"Actual Total Time": 230.279,"Actual Rows": 20,"Actual Loops": 1,"Workers Planned": 3,"Workers Launched": 3,"Plans": [{"Node Type": "Aggregate","Strategy": "Sorted","Partial Mode": "Partial","Parent Relationship": "Outer","Parallel Aware": false,"Async Capable": false,"Startup Cost": 51878.72,"Total Cost": 51913.28,"Plan Rows": 5,"Plan Width": 24,"Actual Startup Time": 197.132,"Actual Total Time": 198.393,"Actual Rows": 5,"Actual Loops": 4,"Group Key": ["orders.o_orderpriority"],"Workers": [],"Plans": [{"Node Type": "Sort","Parent Relationship": "Outer","Parallel Aware": false,"Async Capable": false,"Startup Cost": 51878.72,"Total Cost": 51890.22,"Plan Rows": 4602,"Plan Width": 16,"Actual Startup Time": 196.786,"Actual Total Time": 197.332,"Actual Rows": 12987,"Actual Loops": 4,"Sort Key": ["orders.o_orderpriority"],"Sort Method": "quicksort","Sort Space Used": 1094,"Sort Space Type": "Memory","Workers": [{"Worker Number": 0,"Sort Method": "quicksort","Sort Space Used": 1099,"Sort Space Type": "Memory"},{"Worker Number": 1,"Sort Method": "quicksort","Sort Space Used": 1080,"Sort Space Type": "Memory"},{"Worker Number": 2,"Sort Method": "quicksort","Sort Space Used": 1106,"Sort Space Type": "Memory"}],"Plans": [{"Node Type": "Nested Loop","Parent Relationship": "Outer","Parallel Aware": false,"Async Capable": false,"Join Type": "Semi","Startup Cost": 832.55,"Total Cost": 51598.73,"Plan Rows": 4602,"Plan Width": 16,"Actual Startup Time": 5.235,"Actual Total Time": 190.462,"Actual Rows": 12987,"Actual Loops": 4,"Inner Unique": false,"Workers": [],"Plans": [{"Node Type": "Bitmap Heap Scan","Parent Relationship": "Outer","Parallel Aware": true,"Async Capable": false,"Relation Name": "orders","Alias": "orders","Startup Cost": 832.11,"Total Cost": 27217.76,"Plan Rows": 19376,"Plan Width": 20,"Actual Startup Time": 5.080,"Actual Total Time": 55.913,"Actual Rows": 14144,"Actual Loops": 4,"Recheck Cond": "((o_orderdate >= '1994-12-01'::date) AND (o_orderdate < '1995-03-01 00:00:00'::timestamp without time zone))","Rows Removed by Index Recheck": 0,"Exact Heap Blocks": 5787,"Lossy Heap Blocks": 0,"Workers": [],"Plans": [{"Node Type": "Bitmap Index Scan","Parent Relationship": "Outer","Parallel Aware": false,"Async Capable": false,"Index Name": "idx_orders_orderdate","Startup Cost": 0.00,"Total Cost": 817.10,"Plan Rows": 60067,"Plan Width": 0,"Actual Startup Time": 8.297,"Actual Total Time": 8.300,"Actual Rows": 56577,"Actual Loops": 1,"Index Cond": "((o_orderdate >= '1994-12-01'::date) AND (o_orderdate < '1995-03-01 00:00:00'::timestamp without time zone))","Workers": []}]},{"Node Type": "Index Scan","Parent Relationship": "Inner","Parallel Aware": false,"Async Capable": false,"Scan Direction": "Forward","Index Name": "idx_lineitem_orderkey","Relation Name": "lineitem","Alias": "lineitem","Startup Cost": 0.43,"Total Cost": 4.56,"Plan Rows": 6,"Plan Width": 4,"Actual Startup Time": 0.009,"Actual Total Time": 0.009,"Actual Rows": 1,"Actual Loops": 56577,"Index Cond": "(l_orderkey = orders.o_orderkey)","Rows Removed by Index Recheck": 0,"Filter": "(l_commitdate < l_receiptdate)","Rows Removed by Filter": 1,"Workers": []}]}]}]}]}]},"Planning Time": 4.514,"Triggers": [],"Execution Time": 231.040}]
[{"Plan": {"Node Type": "Aggregate","Strategy": "Sorted","Partial Mode": "Finalize","Parallel Aware": false,"Async Capable": false,"Startup Cost": 50393.04,"Total Cost": 50425.42,"Plan Rows": 5,"Plan Width": 24,"Actual Startup Time": 209.179,"Actual Total Time": 234.092,"Actual Rows": 5,"Actual Loops": 1,"Group Key": ["orders.o_orderpriority"],"Plans": [{"Node Type": "Gather Merge","Parent Relationship": "Outer","Parallel Aware": false,"Async Capable": false,"Startup Cost": 50393.04,"Total Cost": 50425.30,"Plan Rows": 15,"Plan Width": 24,"Actual Startup Time": 208.857,"Actual Total Time": 234.045,"Actual Rows": 20,"Actual Loops": 1,"Workers Planned": 3,"Workers Launched": 3,"Plans": [{"Node Type": "Aggregate","Strategy": "Sorted","Partial Mode": "Partial","Parent Relationship": "Outer","Parallel Aware": false,"Async Capable": false,"Startup Cost": 49393.00,"Total Cost": 49423.49,"Plan Rows": 5,"Plan Width": 24,"Actual Startup Time": 200.343,"Actual Total Time": 201.591,"Actual Rows": 5,"Actual Loops": 4,"Group Key": ["orders.o_orderpriority"],"Workers": [],"Plans": [{"Node Type": "Sort","Parent Relationship": "Outer","Parallel Aware": false,"Async Capable": false,"Startup Cost": 49393.00,"Total Cost": 49403.15,"Plan Rows": 4059,"Plan Width": 16,"Actual Startup Time": 200.015,"Actual Total Time": 200.534,"Actual Rows": 13007,"Actual Loops": 4,"Sort Key": ["orders.o_orderpriority"],"Sort Method": "quicksort","Sort Space Used": 1034,"Sort Space Type": "Memory","Workers": [{"Worker Number": 0,"Sort Method": "quicksort","Sort Space Used": 1128,"Sort Space Type": "Memory"},{"Worker Number": 1,"Sort Method": "quicksort","Sort Space Used": 1096,"Sort Space Type": "Memory"},{"Worker Number": 2,"Sort Method": "quicksort","Sort Space Used": 1126,"Sort Space Type": "Memory"}],"Plans": [{"Node Type": "Nested Loop","Parent Relationship": "Outer","Parallel Aware": false,"Async Capable": false,"Join Type": "Semi","Startup Cost": 731.94,"Total Cost": 49149.73,"Plan Rows": 4059,"Plan Width": 16,"Actual Startup Time": 5.320,"Actual Total Time": 193.882,"Actual Rows": 13007,"Actual Loops": 4,"Inner Unique": false,"Workers": [],"Plans": [{"Node Type": "Bitmap Heap Scan","Parent Relationship": "Outer","Parallel Aware": true,"Async Capable": false,"Relation Name": "orders","Alias": "orders","Startup Cost": 731.50,"Total Cost": 27082.87,"Plan Rows": 17091,"Plan Width": 20,"Actual Startup Time": 5.198,"Actual Total Time": 56.771,"Actual Rows": 14217,"Actual Loops": 4,"Recheck Cond": "((o_orderdate >= '1995-09-01'::date) AND (o_orderdate < '1995-12-01 00:00:00'::timestamp without time zone))","Rows Removed by Index Recheck": 0,"Exact Heap Blocks": 5379,"Lossy Heap Blocks": 0,"Workers": [],"Plans": [{"Node Type": "Bitmap Index Scan","Parent Relationship": "Outer","Parallel Aware": false,"Async Capable": false,"Index Name": "idx_orders_orderdate","Startup Cost": 0.00,"Total Cost": 718.26,"Plan Rows": 52983,"Plan Width": 0,"Actual Startup Time": 8.331,"Actual Total Time": 8.335,"Actual Rows": 56867,"Actual Loops": 1,"Index Cond": "((o_orderdate >= '1995-09-01'::date) AND (o_orderdate < '1995-12-01 00:00:00'::timestamp without time zone))","Workers": []}]},{"Node Type": "Index Scan","Parent Relationship": "Inner","Parallel Aware": false,"Async Capable": false,"Scan Direction": "Forward","Index Name": "idx_lineitem_orderkey","Relation Name": "lineitem","Alias": "lineitem","Startup Cost": 0.43,"Total Cost": 4.73,"Plan Rows": 6,"Plan Width": 4,"Actual Startup Time": 0.009,"Actual Total Time": 0.009,"Actual Rows": 1,"Actual Loops": 56867,"Index Cond": "(l_orderkey = orders.o_orderkey)","Rows Removed by Index Recheck": 0,"Filter": "(l_commitdate < l_receiptdate)","Rows Removed by Filter": 1,"Workers": []}]}]}]}]}]},"Planning Time": 4.551,"Triggers": [],"Execution Time": 234.551}]
[{"Plan": {"Node Type": "Aggregate","Strategy": "Sorted","Partial Mode": "Finalize","Parallel Aware": false,"Async Capable": false,"Startup Cost": 52360.14,"Total Cost": 52395.74,"Plan Rows": 5,"Plan Width": 24,"Actual Startup Time": 218.398,"Actual Total Time": 242.149,"Actual Rows": 5,"Actual Loops": 1,"Group Key": ["orders.o_orderpriority"],"Plans": [{"Node Type": "Gather Merge","Parent Relationship": "Outer","Parallel Aware": false,"Async Capable": false,"Startup Cost": 52360.14,"Total Cost": 52395.61,"Plan Rows": 15,"Plan Width": 24,"Actual Startup Time": 217.957,"Actual Total Time": 242.120,"Actual Rows": 20,"Actual Loops": 1,"Workers Planned": 3,"Workers Launched": 3,"Plans": [{"Node Type": "Aggregate","Strategy": "Sorted","Partial Mode": "Partial","Parent Relationship": "Outer","Parallel Aware": false,"Async Capable": false,"Startup Cost": 51360.10,"Total Cost": 51393.81,"Plan Rows": 5,"Plan Width": 24,"Actual Startup Time": 208.723,"Actual Total Time": 209.994,"Actual Rows": 5,"Actual Loops": 4,"Group Key": ["orders.o_orderpriority"],"Workers": [],"Plans": [{"Node Type": "Sort","Parent Relationship": "Outer","Parallel Aware": false,"Async Capable": false,"Startup Cost": 51360.10,"Total Cost": 51371.32,"Plan Rows": 4488,"Plan Width": 16,"Actual Startup Time": 208.373,"Actual Total Time": 208.936,"Actual Rows": 13094,"Actual Loops": 4,"Sort Key": ["orders.o_orderpriority"],"Sort Method": "quicksort","Sort Space Used": 1037,"Sort Space Type": "Memory","Workers": [{"Worker Number": 0,"Sort Method": "quicksort","Sort Space Used": 1148,"Sort Space Type": "Memory"},{"Worker Number": 1,"Sort Method": "quicksort","Sort Space Used": 1153,"Sort Space Type": "Memory"},{"Worker Number": 2,"Sort Method": "quicksort","Sort Space Used": 1064,"Sort Space Type": "Memory"}],"Plans": [{"Node Type": "Nested Loop","Parent Relationship": "Outer","Parallel Aware": false,"Async Capable": false,"Join Type": "Semi","Startup Cost": 809.33,"Total Cost": 51087.86,"Plan Rows": 4488,"Plan Width": 16,"Actual Startup Time": 5.271,"Actual Total Time": 201.756,"Actual Rows": 13094,"Actual Loops": 4,"Inner Unique": false,"Workers": [],"Plans": [{"Node Type": "Bitmap Heap Scan","Parent Relationship": "Outer","Parallel Aware": true,"Async Capable": false,"Relation Name": "orders","Alias": "orders","Startup Cost": 808.89,"Total Cost": 27187.35,"Plan Rows": 18897,"Plan Width": 20,"Actual Startup Time": 5.170,"Actual Total Time": 58.210,"Actual Rows": 14270,"Actual Loops": 4,"Recheck Cond": "((o_orderdate >= '1996-09-01'::date) AND (o_orderdate < '1996-12-01 00:00:00'::timestamp without time zone))","Rows Removed by Index Recheck": 0,"Exact Heap Blocks": 5314,"Lossy Heap Blocks": 0,"Workers": [],"Plans": [{"Node Type": "Bitmap Index Scan","Parent Relationship": "Outer","Parallel Aware": false,"Async Capable": false,"Index Name": "idx_orders_orderdate","Startup Cost": 0.00,"Total Cost": 794.25,"Plan Rows": 58582,"Plan Width": 0,"Actual Startup Time": 8.967,"Actual Total Time": 8.968,"Actual Rows": 57079,"Actual Loops": 1,"Index Cond": "((o_orderdate >= '1996-09-01'::date) AND (o_orderdate < '1996-12-01 00:00:00'::timestamp without time zone))","Workers": []}]},{"Node Type": "Index Scan","Parent Relationship": "Inner","Parallel Aware": false,"Async Capable": false,"Scan Direction": "Forward","Index Name": "idx_lineitem_orderkey","Relation Name": "lineitem","Alias": "lineitem","Startup Cost": 0.43,"Total Cost": 4.60,"Plan Rows": 6,"Plan Width": 4,"Actual Startup Time": 0.010,"Actual Total Time": 0.010,"Actual Rows": 1,"Actual Loops": 57079,"Index Cond": "(l_orderkey = orders.o_orderkey)","Rows Removed by Index Recheck": 0,"Filter": "(l_commitdate < l_receiptdate)","Rows Removed by Filter": 1,"Workers": []}]}]}]}]}]},"Planning Time": 5.626,"Triggers": [],"Execution Time": 242.714}]
[{"Plan": {"Node Type": "Aggregate","Strategy": "Sorted","Partial Mode": "Finalize","Parallel Aware": false,"Async Capable": false,"Startup Cost": 52264.46,"Total Cost": 52299.90,"Plan Rows": 5,"Plan Width": 24,"Actual Startup Time": 210.297,"Actual Total Time": 234.648,"Actual Rows": 5,"Actual Loops": 1,"Group Key": ["orders.o_orderpriority"],"Plans": [{"Node Type": "Gather Merge","Parent Relationship": "Outer","Parallel Aware": false,"Async Capable": false,"Startup Cost": 52264.46,"Total Cost": 52299.77,"Plan Rows": 15,"Plan Width": 24,"Actual Startup Time": 209.879,"Actual Total Time": 234.625,"Actual Rows": 20,"Actual Loops": 1,"Workers Planned": 3,"Workers Launched": 3,"Plans": [{"Node Type": "Aggregate","Strategy": "Sorted","Partial Mode": "Partial","Parent Relationship": "Outer","Parallel Aware": false,"Async Capable": false,"Startup Cost": 51264.42,"Total Cost": 51297.97,"Plan Rows": 5,"Plan Width": 24,"Actual Startup Time": 201.395,"Actual Total Time": 202.644,"Actual Rows": 5,"Actual Loops": 4,"Group Key": ["orders.o_orderpriority"],"Workers": [],"Plans": [{"Node Type": "Sort","Parent Relationship": "Outer","Parallel Aware": false,"Async Capable": false,"Startup Cost": 51264.42,"Total Cost": 51275.58,"Plan Rows": 4467,"Plan Width": 16,"Actual Startup Time": 201.050,"Actual Total Time": 201.573,"Actual Rows": 13170,"Actual Loops": 4,"Sort Key": ["orders.o_orderpriority"],"Sort Method": "quicksort","Sort Space Used": 1096,"Sort Space Type": "Memory","Workers": [{"Worker Number": 0,"Sort Method": "quicksort","Sort Space Used": 1115,"Sort Space Type": "Memory"},{"Worker Number": 1,"Sort Method": "quicksort","Sort Space Used": 1087,"Sort Space Type": "Memory"},{"Worker Number": 2,"Sort Method": "quicksort","Sort Space Used": 1121,"Sort Space Type": "Memory"}],"Plans": [{"Node Type": "Nested Loop","Parent Relationship": "Outer","Parallel Aware": false,"Async Capable": false,"Join Type": "Semi","Startup Cost": 806.45,"Total Cost": 50993.60,"Plan Rows": 4467,"Plan Width": 16,"Actual Startup Time": 6.115,"Actual Total Time": 194.584,"Actual Rows": 13170,"Actual Loops": 4,"Inner Unique": false,"Workers": [],"Plans": [{"Node Type": "Bitmap Heap Scan","Parent Relationship": "Outer","Parallel Aware": true,"Async Capable": false,"Relation Name": "orders","Alias": "orders","Startup Cost": 806.01,"Total Cost": 27183.11,"Plan Rows": 18807,"Plan Width": 20,"Actual Startup Time": 5.968,"Actual Total Time": 57.641,"Actual Rows": 14355,"Actual Loops": 4,"Recheck Cond": "((o_orderdate >= '1994-03-01'::date) AND (o_orderdate < '1994-06-01 00:00:00'::timestamp without time zone))","Rows Removed by Index Recheck": 0,"Exact Heap Blocks": 5803,"Lossy Heap Blocks": 0,"Workers": [],"Plans": [{"Node Type": "Bitmap Index Scan","Parent Relationship": "Outer","Parallel Aware": false,"Async Capable": false,"Index Name": "idx_orders_orderdate","Startup Cost": 0.00,"Total Cost": 791.44,"Plan Rows": 58301,"Plan Width": 0,"Actual Startup Time": 8.953,"Actual Total Time": 8.953,"Actual Rows": 57420,"Actual Loops": 1,"Index Cond": "((o_orderdate >= '1994-03-01'::date) AND (o_orderdate < '1994-06-01 00:00:00'::timestamp without time zone))","Workers": []}]},{"Node Type": "Index Scan","Parent Relationship": "Inner","Parallel Aware": false,"Async Capable": false,"Scan Direction": "Forward","Index Name": "idx_lineitem_orderkey","Relation Name": "lineitem","Alias": "lineitem","Startup Cost": 0.43,"Total Cost": 4.60,"Plan Rows": 6,"Plan Width": 4,"Actual Startup Time": 0.009,"Actual Total Time": 0.009,"Actual Rows": 1,"Actual Loops": 57420,"Index Cond": "(l_orderkey = orders.o_orderkey)","Rows Removed by Index Recheck": 0,"Filter": "(l_commitdate < l_receiptdate)","Rows Removed by Filter": 1,"Workers": []}]}]}]}]}]},"Planning Time": 4.194,"Triggers": [],"Execution Time": 235.354}]
[{"Plan": {"Node Type": "Aggregate","Strategy": "Sorted","Partial Mode": "Finalize","Parallel Aware": false,"Async Capable": false,"Startup Cost": 52283.40,"Total Cost": 52318.87,"Plan Rows": 5,"Plan Width": 24,"Actual Startup Time": 207.856,"Actual Total Time": 232.061,"Actual Rows": 5,"Actual Loops": 1,"Group Key": ["orders.o_orderpriority"],"Plans": [{"Node Type": "Gather Merge","Parent Relationship": "Outer","Parallel Aware": false,"Async Capable": false,"Startup Cost": 52283.40,"Total Cost": 52318.75,"Plan Rows": 15,"Plan Width": 24,"Actual Startup Time": 207.460,"Actual Total Time": 232.033,"Actual Rows": 20,"Actual Loops": 1,"Workers Planned": 3,"Workers Launched": 3,"Plans": [{"Node Type": "Aggregate","Strategy": "Sorted","Partial Mode": "Partial","Parent Relationship": "Outer","Parallel Aware": false,"Async Capable": false,"Startup Cost": 51283.36,"Total Cost": 51316.95,"Plan Rows": 5,"Plan Width": 24,"Actual Startup Time": 198.383,"Actual Total Time": 199.637,"Actual Rows": 5,"Actual Loops": 4,"Group Key": ["orders.o_orderpriority"],"Workers": [],"Plans": [{"Node Type": "Sort","Parent Relationship": "Outer","Parallel Aware": false,"Async Capable": false,"Startup Cost": 51283.36,"Total Cost": 51294.54,"Plan Rows": 4471,"Plan Width": 16,"Actual Startup Time": 198.029,"Actual Total Time": 198.557,"Actual Rows": 12996,"Actual Loops": 4,"Sort Key": ["orders.o_orderpriority"],"Sort Method": "quicksort","Sort Space Used": 1092,"Sort Space Type": "Memory","Workers": [{"Worker Number": 0,"Sort Method": "quicksort","Sort Space Used": 1114,"Sort Space Type": "Memory"},{"Worker Number": 1,"Sort Method": "quicksort","Sort Space Used": 1076,"Sort Space Type": "Memory"},{"Worker Number": 2,"Sort Method": "quicksort","Sort Space Used": 1099,"Sort Space Type": "Memory"}],"Plans": [{"Node Type": "Nested Loop","Parent Relationship": "Outer","Parallel Aware": false,"Async Capable": false,"Join Type": "Semi","Startup Cost": 807.02,"Total Cost": 51012.28,"Plan Rows": 4471,"Plan Width": 16,"Actual Startup Time": 5.146,"Actual Total Time": 191.580,"Actual Rows": 12996,"Actual Loops": 4,"Inner Unique": false,"Workers": [],"Plans": [{"Node Type": "Bitmap Heap Scan","Parent Relationship": "Outer","Parallel Aware": true,"Async Capable": false,"Relation Name": "orders","Alias": "orders","Startup Cost": 806.59,"Total Cost": 27183.96,"Plan Rows": 18825,"Plan Width": 20,"Actual Startup Time": 5.016,"Actual Total Time": 56.818,"Actual Rows": 14161,"Actual Loops": 4,"Recheck Cond": "((o_orderdate >= '1994-04-01'::date) AND (o_orderdate < '1994-07-01 00:00:00'::timestamp without time zone))","Rows Removed by Index Recheck": 0,"Exact Heap Blocks": 5770,"Lossy Heap Blocks": 0,"Workers": [],"Plans": [{"Node Type": "Bitmap Index Scan","Parent Relationship": "Outer","Parallel Aware": false,"Async Capable": false,"Index Name": "idx_orders_orderdate","Startup Cost": 0.00,"Total Cost": 792.00,"Plan Rows": 58357,"Plan Width": 0,"Actual Startup Time": 8.503,"Actual Total Time": 8.503,"Actual Rows": 56645,"Actual Loops": 1,"Index Cond": "((o_orderdate >= '1994-04-01'::date) AND (o_orderdate < '1994-07-01 00:00:00'::timestamp without time zone))","Workers": []}]},{"Node Type": "Index Scan","Parent Relationship": "Inner","Parallel Aware": false,"Async Capable": false,"Scan Direction": "Forward","Index Name": "idx_lineitem_orderkey","Relation Name": "lineitem","Alias": "lineitem","Startup Cost": 0.43,"Total Cost": 4.60,"Plan Rows": 6,"Plan Width": 4,"Actual Startup Time": 0.009,"Actual Total Time": 0.009,"Actual Rows": 1,"Actual Loops": 56645,"Index Cond": "(l_orderkey = orders.o_orderkey)","Rows Removed by Index Recheck": 0,"Filter": "(l_commitdate < l_receiptdate)","Rows Removed by Filter": 1,"Workers": []}]}]}]}]}]},"Planning Time": 4.301,"Triggers": [],"Execution Time": 232.692}]
[{"Plan": {"Node Type": "Aggregate","Strategy": "Sorted","Partial Mode": "Finalize","Parallel Aware": false,"Async Capable": false,"Startup Cost": 51546.43,"Total Cost": 51580.69,"Plan Rows": 5,"Plan Width": 24,"Actual Startup Time": 219.803,"Actual Total Time": 243.288,"Actual Rows": 5,"Actual Loops": 1,"Group Key": ["orders.o_orderpriority"],"Plans": [{"Node Type": "Gather Merge","Parent Relationship": "Outer","Parallel Aware": false,"Async Capable": false,"Startup Cost": 51546.43,"Total Cost": 51580.56,"Plan Rows": 15,"Plan Width": 24,"Actual Startup Time": 219.430,"Actual Total Time": 243.257,"Actual Rows": 20,"Actual Loops": 1,"Workers Planned": 3,"Workers Launched": 3,"Plans": [{"Node Type": "Aggregate","Strategy": "Sorted","Partial Mode": "Partial","Parent Relationship": "Outer","Parallel Aware": false,"Async Capable": false,"Startup Cost": 50546.39,"Total Cost": 50578.76,"Plan Rows": 5,"Plan Width": 24,"Actual Startup Time": 209.874,"Actual Total Time": 211.124,"Actual Rows": 5,"Actual Loops": 4,"Group Key": ["orders.o_orderpriority"],"Workers": [],"Plans": [{"Node Type": "Sort","Parent Relationship": "Outer","Parallel Aware": false,"Async Capable": false,"Startup Cost": 50546.39,"Total Cost": 50557.16,"Plan Rows": 4310,"Plan Width": 16,"Actual Startup Time": 209.522,"Actual Total Time": 210.038,"Actual Rows": 13218,"Actual Loops": 4,"Sort Key": ["orders.o_orderpriority"],"Sort Method": "quicksort","Sort Space Used": 1074,"Sort Space Type": "Memory","Workers": [{"Worker Number": 0,"Sort Method": "quicksort","Sort Space Used": 1069,"Sort Space Type": "Memory"},{"Worker Number": 1,"Sort Method": "quicksort","Sort Space Used": 1138,"Sort Space Type": "Memory"},{"Worker Number": 2,"Sort Method": "quicksort","Sort Space Used": 1148,"Sort Space Type": "Memory"}],"Plans": [{"Node Type": "Nested Loop","Parent Relationship": "Outer","Parallel Aware": false,"Async Capable": false,"Join Type": "Semi","Startup Cost": 777.41,"Total Cost": 50286.20,"Plan Rows": 4310,"Plan Width": 16,"Actual Startup Time": 4.922,"Actual Total Time": 202.949,"Actual Rows": 13218,"Actual Loops": 4,"Inner Unique": false,"Workers": [],"Plans": [{"Node Type": "Bitmap Heap Scan","Parent Relationship": "Outer","Parallel Aware": true,"Async Capable": false,"Relation Name": "orders","Alias": "orders","Startup Cost": 776.98,"Total Cost": 27144.15,"Plan Rows": 18145,"Plan Width": 20,"Actual Startup Time": 4.807,"Actual Total Time": 59.857,"Actual Rows": 14422,"Actual Loops": 4,"Recheck Cond": "((o_orderdate >= '1995-05-01'::date) AND (o_orderdate < '1995-08-01 00:00:00'::timestamp without time zone))","Rows Removed by Index Recheck": 0,"Exact Heap Blocks": 5616,"Lossy Heap Blocks": 0,"Workers": [],"Plans": [{"Node Type": "Bitmap Index Scan","Parent Relationship": "Outer","Parallel Aware": false,"Async Capable": false,"Index Name": "idx_orders_orderdate","Startup Cost": 0.00,"Total Cost": 762.92,"Plan Rows": 56249,"Plan Width": 0,"Actual Startup Time": 8.621,"Actual Total Time": 8.621,"Actual Rows": 57687,"Actual Loops": 1,"Index Cond": "((o_orderdate >= '1995-05-01'::date) AND (o_orderdate < '1995-08-01 00:00:00'::timestamp without time zone))","Workers": []}]},{"Node Type": "Index Scan","Parent Relationship": "Inner","Parallel Aware": false,"Async Capable": false,"Scan Direction": "Forward","Index Name": "idx_lineitem_orderkey","Relation Name": "lineitem","Alias": "lineitem","Startup Cost": 0.43,"Total Cost": 4.65,"Plan Rows": 6,"Plan Width": 4,"Actual Startup Time": 0.010,"Actual Total Time": 0.010,"Actual Rows": 1,"Actual Loops": 57687,"Index Cond": "(l_orderkey = orders.o_orderkey)","Rows Removed by Index Recheck": 0,"Filter": "(l_commitdate < l_receiptdate)","Rows Removed by Filter": 1,"Workers": []}]}]}]}]}]},"Planning Time": 5.478,"Triggers": [],"Execution Time": 243.818}]
[{"Plan": {"Node Type": "Aggregate","Strategy": "Sorted","Partial Mode": "Finalize","Parallel Aware": false,"Async Capable": false,"Startup Cost": 50795.59,"Total Cost": 50828.62,"Plan Rows": 5,"Plan Width": 24,"Actual Startup Time": 207.449,"Actual Total Time": 231.624,"Actual Rows": 5,"Actual Loops": 1,"Group Key": ["orders.o_orderpriority"],"Plans": [{"Node Type": "Gather Merge","Parent Relationship": "Outer","Parallel Aware": false,"Async Capable": false,"Startup Cost": 50795.59,"Total Cost": 50828.49,"Plan Rows": 15,"Plan Width": 24,"Actual Startup Time": 207.082,"Actual Total Time": 231.593,"Actual Rows": 20,"Actual Loops": 1,"Workers Planned": 3,"Workers Launched": 3,"Plans": [{"Node Type": "Aggregate","Strategy": "Sorted","Partial Mode": "Partial","Parent Relationship": "Outer","Parallel Aware": false,"Async Capable": false,"Startup Cost": 49795.55,"Total Cost": 49826.69,"Plan Rows": 5,"Plan Width": 24,"Actual Startup Time": 197.121,"Actual Total Time": 198.416,"Actual Rows": 5,"Actual Loops": 4,"Group Key": ["orders.o_orderpriority"],"Workers": [],"Plans": [{"Node Type": "Sort","Parent Relationship": "Outer","Parallel Aware": false,"Async Capable": false,"Startup Cost": 49795.55,"Total Cost": 49805.91,"Plan Rows": 4146,"Plan Width": 16,"Actual Startup Time": 196.751,"Actual Total Time": 197.344,"Actual Rows": 12836,"Actual Loops": 4,"Sort Key": ["orders.o_orderpriority"],"Sort Method": "quicksort","Sort Space Used": 1059,"Sort Space Type": "Memory","Workers": [{"Worker Number": 0,"Sort Method": "quicksort","Sort Space Used": 1115,"Sort Space Type": "Memory"},{"Worker Number": 1,"Sort Method": "quicksort","Sort Space Used": 1058,"Sort Space Type": "Memory"},{"Worker Number": 2,"Sort Method": "quicksort","Sort Space Used": 1115,"Sort Space Type": "Memory"}],"Plans": [{"Node Type": "Nested Loop","Parent Relationship": "Outer","Parallel Aware": false,"Async Capable": false,"Join Type": "Semi","Startup Cost": 747.58,"Total Cost": 49546.42,"Plan Rows": 4146,"Plan Width": 16,"Actual Startup Time": 3.884,"Actual Total Time": 190.408,"Actual Rows": 12836,"Actual Loops": 4,"Inner Unique": false,"Workers": [],"Plans": [{"Node Type": "Bitmap Heap Scan","Parent Relationship": "Outer","Parallel Aware": true,"Async Capable": false,"Relation Name": "orders","Alias": "orders","Startup Cost": 747.15,"Total Cost": 27104.01,"Plan Rows": 17458,"Plan Width": 20,"Actual Startup Time": 3.813,"Actual Total Time": 55.064,"Actual Rows": 14013,"Actual Loops": 4,"Recheck Cond": "((o_orderdate >= '1996-02-01'::date) AND (o_orderdate < '1996-05-01 00:00:00'::timestamp without time zone))","Rows Removed by Index Recheck": 0,"Exact Heap Blocks": 5537,"Lossy Heap Blocks": 0,"Workers": [],"Plans": [{"Node Type": "Bitmap Index Scan","Parent Relationship": "Outer","Parallel Aware": false,"Async Capable": false,"Index Name": "idx_orders_orderdate","Startup Cost": 0.00,"Total Cost": 733.62,"Plan Rows": 54119,"Plan Width": 0,"Actual Startup Time": 7.926,"Actual Total Time": 7.927,"Actual Rows": 56052,"Actual Loops": 1,"Index Cond": "((o_orderdate >= '1996-02-01'::date) AND (o_orderdate < '1996-05-01 00:00:00'::timestamp without time zone))","Workers": []}]},{"Node Type": "Index Scan","Parent Relationship": "Inner","Parallel Aware": false,"Async Capable": false,"Scan Direction": "Forward","Index Name": "idx_lineitem_orderkey","Relation Name": "lineitem","Alias": "lineitem","Startup Cost": 0.43,"Total Cost": 4.70,"Plan Rows": 6,"Plan Width": 4,"Actual Startup Time": 0.009,"Actual Total Time": 0.009,"Actual Rows": 1,"Actual Loops": 56052,"Index Cond": "(l_orderkey = orders.o_orderkey)","Rows Removed by Index Recheck": 0,"Filter": "(l_commitdate < l_receiptdate)","Rows Removed by Filter": 1,"Workers": []}]}]}]}]}]},"Planning Time": 5.293,"Triggers": [],"Execution Time": 232.381}]
[{"Plan": {"Node Type": "Aggregate","Strategy": "Sorted","Partial Mode": "Finalize","Parallel Aware": false,"Async Capable": false,"Startup Cost": 51603.08,"Total Cost": 51637.43,"Plan Rows": 5,"Plan Width": 24,"Actual Startup Time": 206.486,"Actual Total Time": 231.871,"Actual Rows": 5,"Actual Loops": 1,"Group Key": ["orders.o_orderpriority"],"Plans": [{"Node Type": "Gather Merge","Parent Relationship": "Outer","Parallel Aware": false,"Async Capable": false,"Startup Cost": 51603.08,"Total Cost": 51637.31,"Plan Rows": 15,"Plan Width": 24,"Actual Startup Time": 206.081,"Actual Total Time": 231.843,"Actual Rows": 20,"Actual Loops": 1,"Workers Planned": 3,"Workers Launched": 3,"Plans": [{"Node Type": "Aggregate","Strategy": "Sorted","Partial Mode": "Partial","Parent Relationship": "Outer","Parallel Aware": false,"Async Capable": false,"Startup Cost": 50603.04,"Total Cost": 50635.51,"Plan Rows": 5,"Plan Width": 24,"Actual Startup Time": 197.360,"Actual Total Time": 198.642,"Actual Rows": 5,"Actual Loops": 4,"Group Key": ["orders.o_orderpriority"],"Workers": [],"Plans": [{"Node Type": "Sort","Parent Relationship": "Outer","Parallel Aware": false,"Async Capable": false,"Startup Cost": 50603.04,"Total Cost": 50613.85,"Plan Rows": 4322,"Plan Width": 16,"Actual Startup Time": 197.017,"Actual Total Time": 197.567,"Actual Rows": 13131,"Actual Loops": 4,"Sort Key": ["orders.o_orderpriority"],"Sort Method": "quicksort","Sort Space Used": 1089,"Sort Space Type": "Memory","Workers": [{"Worker Number": 0,"Sort Method": "quicksort","Sort Space Used": 1120,"Sort Space Type": "Memory"},{"Worker Number": 1,"Sort Method": "quicksort","Sort Space Used": 1083,"Sort Space Type": "Memory"},{"Worker Number": 2,"Sort Method": "quicksort","Sort Space Used": 1118,"Sort Space Type": "Memory"}],"Plans": [{"Node Type": "Nested Loop","Parent Relationship": "Outer","Parallel Aware": false,"Async Capable": false,"Join Type": "Semi","Startup Cost": 779.09,"Total Cost": 50342.05,"Plan Rows": 4322,"Plan Width": 16,"Actual Startup Time": 4.937,"Actual Total Time": 190.619,"Actual Rows": 13131,"Actual Loops": 4,"Inner Unique": false,"Workers": [],"Plans": [{"Node Type": "Bitmap Heap Scan","Parent Relationship": "Outer","Parallel Aware": true,"Async Capable": false,"Relation Name": "orders","Alias": "orders","Startup Cost": 778.66,"Total Cost": 27146.63,"Plan Rows": 18198,"Plan Width": 20,"Actual Startup Time": 4.811,"Actual Total Time": 55.616,"Actual Rows": 14304,"Actual Loops": 4,"Recheck Cond": "((o_orderdate >= '1993-07-01'::date) AND (o_orderdate < '1993-10-01 00:00:00'::timestamp without time zone))","Rows Removed by Index Recheck": 0,"Exact Heap Blocks": 5709,"Lossy Heap Blocks": 0,"Workers": [],"Plans": [{"Node Type": "Bitmap Index Scan","Parent Relationship": "Outer","Parallel Aware": false,"Async Capable": false,"Index Name": "idx_orders_orderdate","Startup Cost": 0.00,"Total Cost": 764.56,"Plan Rows": 56413,"Plan Width": 0,"Actual Startup Time": 8.166,"Actual Total Time": 8.170,"Actual Rows": 57218,"Actual Loops": 1,"Index Cond": "((o_orderdate >= '1993-07-01'::date) AND (o_orderdate < '1993-10-01 00:00:00'::timestamp without time zone))","Workers": []}]},{"Node Type": "Index Scan","Parent Relationship": "Inner","Parallel Aware": false,"Async Capable": false,"Scan Direction": "Forward","Index Name": "idx_lineitem_orderkey","Relation Name": "lineitem","Alias": "lineitem","Startup Cost": 0.43,"Total Cost": 4.64,"Plan Rows": 6,"Plan Width": 4,"Actual Startup Time": 0.009,"Actual Total Time": 0.009,"Actual Rows": 1,"Actual Loops": 57218,"Index Cond": "(l_orderkey = orders.o_orderkey)","Rows Removed by Index Recheck": 0,"Filter": "(l_commitdate < l_receiptdate)","Rows Removed by Filter": 1,"Workers": []}]}]}]}]}]},"Planning Time": 4.369,"Triggers": [],"Execution Time": 232.584}]
[{"Plan": {"Node Type": "Aggregate","Strategy": "Sorted","Partial Mode": "Finalize","Parallel Aware": false,"Async Capable": false,"Startup Cost": 50393.04,"Total Cost": 50425.42,"Plan Rows": 5,"Plan Width": 24,"Actual Startup Time": 209.179,"Actual Total Time": 234.092,"Actual Rows": 5,"Actual Loops": 1,"Group Key": ["orders.o_orderpriority"],"Plans": [{"Node Type": "Gather Merge","Parent Relationship": "Outer","Parallel Aware": false,"Async Capable": false,"Startup Cost": 50393.04,"Total Cost": 50425.30,"Plan Rows": 15,"Plan Width": 24,"Actual Startup Time": 208.857,"Actual Total Time": 234.045,"Actual Rows": 20,"Actual Loops": 1,"Workers Planned": 3,"Workers Launched": 3,"Plans": [{"Node Type": "Aggregate","Strategy": "Sorted","Partial Mode": "Partial","Parent Relationship": "Outer","Parallel Aware": false,"Async Capable": false,"Startup Cost": 49393.00,"Total Cost": 49423.49,"Plan Rows": 5,"Plan Width": 24,"Actual Startup Time": 200.343,"Actual Total Time": 201.591,"Actual Rows": 5,"Actual Loops": 4,"Group Key": ["orders.o_orderpriority"],"Workers": [],"Plans": [{"Node Type": "Sort","Parent Relationship": "Outer","Parallel Aware": false,"Async Capable": false,"Startup Cost": 49393.00,"Total Cost": 49403.15,"Plan Rows": 4059,"Plan Width": 16,"Actual Startup Time": 200.015,"Actual Total Time": 200.534,"Actual Rows": 13007,"Actual Loops": 4,"Sort Key": ["orders.o_orderpriority"],"Sort Method": "quicksort","Sort Space Used": 1034,"Sort Space Type": "Memory","Workers": [{"Worker Number": 0,"Sort Method": "quicksort","Sort Space Used": 1128,"Sort Space Type": "Memory"},{"Worker Number": 1,"Sort Method": "quicksort","Sort Space Used": 1096,"Sort Space Type": "Memory"},{"Worker Number": 2,"Sort Method": "quicksort","Sort Space Used": 1126,"Sort Space Type": "Memory"}],"Plans": [{"Node Type": "Nested Loop","Parent Relationship": "Outer","Parallel Aware": false,"Async Capable": false,"Join Type": "Semi","Startup Cost": 731.94,"Total Cost": 49149.73,"Plan Rows": 4059,"Plan Width": 16,"Actual Startup Time": 5.320,"Actual Total Time": 193.882,"Actual Rows": 13007,"Actual Loops": 4,"Inner Unique": false,"Workers": [],"Plans": [{"Node Type": "Bitmap Heap Scan","Parent Relationship": "Outer","Parallel Aware": true,"Async Capable": false,"Relation Name": "orders","Alias": "orders","Startup Cost": 731.50,"Total Cost": 27082.87,"Plan Rows": 17091,"Plan Width": 20,"Actual Startup Time": 5.198,"Actual Total Time": 56.771,"Actual Rows": 14217,"Actual Loops": 4,"Recheck Cond": "((o_orderdate >= '1995-09-01'::date) AND (o_orderdate < '1995-12-01 00:00:00'::timestamp without time zone))","Rows Removed by Index Recheck": 0,"Exact Heap Blocks": 5379,"Lossy Heap Blocks": 0,"Workers": [],"Plans": [{"Node Type": "Bitmap Index Scan","Parent Relationship": "Outer","Parallel Aware": false,"Async Capable": false,"Index Name": "idx_orders_orderdate","Startup Cost": 0.00,"Total Cost": 718.26,"Plan Rows": 52983,"Plan Width": 0,"Actual Startup Time": 8.331,"Actual Total Time": 8.335,"Actual Rows": 56867,"Actual Loops": 1,"Index Cond": "((o_orderdate >= '1995-09-01'::date) AND (o_orderdate < '1995-12-01 00:00:00'::timestamp without time zone))","Workers": []}]},{"Node Type": "Index Scan","Parent Relationship": "Inner","Parallel Aware": false,"Async Capable": false,"Scan Direction": "Forward","Index Name": "idx_lineitem_orderkey","Relation Name": "lineitem","Alias": "lineitem","Startup Cost": 0.43,"Total Cost": 4.73,"Plan Rows": 6,"Plan Width": 4,"Actual Startup Time": 0.009,"Actual Total Time": 0.009,"Actual Rows": 1,"Actual Loops": 56867,"Index Cond": "(l_orderkey = orders.o_orderkey)","Rows Removed by Index Recheck": 0,"Filter": "(l_commitdate < l_receiptdate)","Rows Removed by Filter": 1,"Workers": []}]}]}]}]}]},"Planning Time": 4.551,"Triggers": [],"Execution Time": 234.551}]
[{"Plan": {"Node Type": "Aggregate","Strategy": "Sorted","Partial Mode": "Finalize","Parallel Aware": false,"Async Capable": false,"Startup Cost": 51029.71,"Total Cost": 51063.13,"Plan Rows": 5,"Plan Width": 24,"Actual Startup Time": 219.978,"Actual Total Time": 243.153,"Actual Rows": 5,"Actual Loops": 1,"Group Key": ["orders.o_orderpriority"],"Plans": [{"Node Type": "Gather Merge","Parent Relationship": "Outer","Parallel Aware": false,"Async Capable": false,"Startup Cost": 51029.71,"Total Cost": 51063.00,"Plan Rows": 15,"Plan Width": 24,"Actual Startup Time": 219.617,"Actual Total Time": 243.118,"Actual Rows": 20,"Actual Loops": 1,"Workers Planned": 3,"Workers Launched": 3,"Plans": [{"Node Type": "Aggregate","Strategy": "Sorted","Partial Mode": "Partial","Parent Relationship": "Outer","Parallel Aware": false,"Async Capable": false,"Startup Cost": 50029.67,"Total Cost": 50061.20,"Plan Rows": 5,"Plan Width": 24,"Actual Startup Time": 210.426,"Actual Total Time": 211.687,"Actual Rows": 5,"Actual Loops": 4,"Group Key": ["orders.o_orderpriority"],"Workers": [],"Plans": [{"Node Type": "Sort","Parent Relationship": "Outer","Parallel Aware": false,"Async Capable": false,"Startup Cost": 50029.67,"Total Cost": 50040.17,"Plan Rows": 4197,"Plan Width": 16,"Actual Startup Time": 210.078,"Actual Total Time": 210.591,"Actual Rows": 13199,"Actual Loops": 4,"Sort Key": ["orders.o_orderpriority"],"Sort Method": "quicksort","Sort Space Used": 1082,"Sort Space Type": "Memory","Workers": [{"Worker Number": 0,"Sort Method": "quicksort","Sort Space Used": 1147,"Sort Space Type": "Memory"},{"Worker Number": 1,"Sort Method": "quicksort","Sort Space Used": 1061,"Sort Space Type": "Memory"},{"Worker Number": 2,"Sort Method": "quicksort","Sort Space Used": 1135,"Sort Space Type": "Memory"}],"Plans": [{"Node Type": "Nested Loop","Parent Relationship": "Outer","Parallel Aware": false,"Async Capable": false,"Join Type": "Semi","Startup Cost": 758.30,"Total Cost": 49777.12,"Plan Rows": 4197,"Plan Width": 16,"Actual Startup Time": 4.818,"Actual Total Time": 203.309,"Actual Rows": 13199,"Actual Loops": 4,"Inner Unique": false,"Workers": [],"Plans": [{"Node Type": "Bitmap Heap Scan","Parent Relationship": "Outer","Parallel Aware": true,"Async Capable": false,"Relation Name": "orders","Alias": "orders","Startup Cost": 757.87,"Total Cost": 27117.91,"Plan Rows": 17670,"Plan Width": 20,"Actual Startup Time": 4.687,"Actual Total Time": 60.377,"Actual Rows": 14427,"Actual Loops": 4,"Recheck Cond": "((o_orderdate >= '1995-08-01'::date) AND (o_orderdate < '1995-11-01 00:00:00'::timestamp without time zone))","Rows Removed by Index Recheck": 0,"Exact Heap Blocks": 5595,"Lossy Heap Blocks": 0,"Workers": [],"Plans": [{"Node Type": "Bitmap Index Scan","Parent Relationship": "Outer","Parallel Aware": false,"Async Capable": false,"Index Name": "idx_orders_orderdate","Startup Cost": 0.00,"Total Cost": 744.18,"Plan Rows": 54775,"Plan Width": 0,"Actual Startup Time": 8.832,"Actual Total Time": 8.833,"Actual Rows": 57708,"Actual Loops": 1,"Index Cond": "((o_orderdate >= '1995-08-01'::date) AND (o_orderdate < '1995-11-01 00:00:00'::timestamp without time zone))","Workers": []}]},{"Node Type": "Index Scan","Parent Relationship": "Inner","Parallel Aware": false,"Async Capable": false,"Scan Direction": "Forward","Index Name": "idx_lineitem_orderkey","Relation Name": "lineitem","Alias": "lineitem","Startup Cost": 0.43,"Total Cost": 4.68,"Plan Rows": 6,"Plan Width": 4,"Actual Startup Time": 0.010,"Actual Total Time": 0.010,"Actual Rows": 1,"Actual Loops": 57708,"Index Cond": "(l_orderkey = orders.o_orderkey)","Rows Removed by Index Recheck": 0,"Filter": "(l_commitdate < l_receiptdate)","Rows Removed by Filter": 1,"Workers": []}]}]}]}]}]},"Planning Time": 5.875,"Triggers": [],"Execution Time": 243.590}]
[{"Plan": {"Node Type": "Aggregate","Strategy": "Sorted","Partial Mode": "Finalize","Parallel Aware": false,"Async Capable": false,"Startup Cost": 52151.90,"Total Cost": 52187.16,"Plan Rows": 5,"Plan Width": 24,"Actual Startup Time": 210.638,"Actual Total Time": 234.377,"Actual Rows": 5,"Actual Loops": 1,"Group Key": ["orders.o_orderpriority"],"Plans": [{"Node Type": "Gather Merge","Parent Relationship": "Outer","Parallel Aware": false,"Async Capable": false,"Startup Cost": 52151.90,"Total Cost": 52187.03,"Plan Rows": 15,"Plan Width": 24,"Actual Startup Time": 210.240,"Actual Total Time": 234.359,"Actual Rows": 20,"Actual Loops": 1,"Workers Planned": 3,"Workers Launched": 3,"Plans": [{"Node Type": "Aggregate","Strategy": "Sorted","Partial Mode": "Partial","Parent Relationship": "Outer","Parallel Aware": false,"Async Capable": false,"Startup Cost": 51151.86,"Total Cost": 51185.23,"Plan Rows": 5,"Plan Width": 24,"Actual Startup Time": 201.517,"Actual Total Time": 202.754,"Actual Rows": 5,"Actual Loops": 4,"Group Key": ["orders.o_orderpriority"],"Workers": [],"Plans": [{"Node Type": "Sort","Parent Relationship": "Outer","Parallel Aware": false,"Async Capable": false,"Startup Cost": 51151.86,"Total Cost": 51162.97,"Plan Rows": 4442,"Plan Width": 16,"Actual Startup Time": 201.174,"Actual Total Time": 201.691,"Actual Rows": 12988,"Actual Loops": 4,"Sort Key": ["orders.o_orderpriority"],"Sort Method": "quicksort","Sort Space Used": 1106,"Sort Space Type": "Memory","Workers": [{"Worker Number": 0,"Sort Method": "quicksort","Sort Space Used": 1082,"Sort Space Type": "Memory"},{"Worker Number": 1,"Sort Method": "quicksort","Sort Space Used": 1101,"Sort Space Type": "Memory"},{"Worker Number": 2,"Sort Method": "quicksort","Sort Space Used": 1090,"Sort Space Type": "Memory"}],"Plans": [{"Node Type": "Nested Loop","Parent Relationship": "Outer","Parallel Aware": false,"Async Capable": false,"Join Type": "Semi","Startup Cost": 803.12,"Total Cost": 50882.74,"Plan Rows": 4442,"Plan Width": 16,"Actual Startup Time": 5.439,"Actual Total Time": 194.803,"Actual Rows": 12988,"Actual Loops": 4,"Inner Unique": false,"Workers": [],"Plans": [{"Node Type": "Bitmap Heap Scan","Parent Relationship": "Outer","Parallel Aware": true,"Async Capable": false,"Relation Name": "orders","Alias": "orders","Startup Cost": 802.69,"Total Cost": 27178.23,"Plan Rows": 18702,"Plan Width": 20,"Actual Startup Time": 5.309,"Actual Total Time": 58.612,"Actual Rows": 14170,"Actual Loops": 4,"Recheck Cond": "((o_orderdate >= '1995-12-01'::date) AND (o_orderdate < '1996-03-01 00:00:00'::timestamp without time zone))","Rows Removed by Index Recheck": 0,"Exact Heap Blocks": 5992,"Lossy Heap Blocks": 0,"Workers": [],"Plans": [{"Node Type": "Bitmap Index Scan","Parent Relationship": "Outer","Parallel Aware": false,"Async Capable": false,"Index Name": "idx_orders_orderdate","Startup Cost": 0.00,"Total Cost": 788.20,"Plan Rows": 57977,"Plan Width": 0,"Actual Startup Time": 8.900,"Actual Total Time": 8.902,"Actual Rows": 56682,"Actual Loops": 1,"Index Cond": "((o_orderdate >= '1995-12-01'::date) AND (o_orderdate < '1996-03-01 00:00:00'::timestamp without time zone))","Workers": []}]},{"Node Type": "Index Scan","Parent Relationship": "Inner","Parallel Aware": false,"Async Capable": false,"Scan Direction": "Forward","Index Name": "idx_lineitem_orderkey","Relation Name": "lineitem","Alias": "lineitem","Startup Cost": 0.43,"Total Cost": 4.61,"Plan Rows": 6,"Plan Width": 4,"Actual Startup Time": 0.009,"Actual Total Time": 0.009,"Actual Rows": 1,"Actual Loops": 56682,"Index Cond": "(l_orderkey = orders.o_orderkey)","Rows Removed by Index Recheck": 0,"Filter": "(l_commitdate < l_receiptdate)","Rows Removed by Filter": 1,"Workers": []}]}]}]}]}]},"Planning Time": 4.197,"Triggers": [],"Execution Time": 234.781}]
[{"Plan": {"Node Type": "Aggregate","Strategy": "Sorted","Partial Mode": "Finalize","Parallel Aware": false,"Async Capable": false,"Startup Cost": 51626.70,"Total Cost": 51661.08,"Plan Rows": 5,"Plan Width": 24,"Actual Startup Time": 210.062,"Actual Total Time": 234.290,"Actual Rows": 5,"Actual Loops": 1,"Group Key": ["orders.o_orderpriority"],"Plans": [{"Node Type": "Gather Merge","Parent Relationship": "Outer","Parallel Aware": false,"Async Capable": false,"Startup Cost": 51626.70,"Total Cost": 51660.96,"Plan Rows": 15,"Plan Width": 24,"Actual Startup Time": 209.701,"Actual Total Time": 234.253,"Actual Rows": 20,"Actual Loops": 1,"Workers Planned": 3,"Workers Launched": 3,"Plans": [{"Node Type": "Aggregate","Strategy": "Sorted","Partial Mode": "Partial","Parent Relationship": "Outer","Parallel Aware": false,"Async Capable": false,"Startup Cost": 50626.66,"Total Cost": 50659.15,"Plan Rows": 5,"Plan Width": 24,"Actual Startup Time": 198.769,"Actual Total Time": 200.147,"Actual Rows": 5,"Actual Loops": 4,"Group Key": ["orders.o_orderpriority"],"Workers": [],"Plans": [{"Node Type": "Sort","Parent Relationship": "Outer","Parallel Aware": false,"Async Capable": false,"Startup Cost": 50626.66,"Total Cost": 50637.47,"Plan Rows": 4326,"Plan Width": 16,"Actual Startup Time": 198.377,"Actual Total Time": 198.979,"Actual Rows": 13139,"Actual Loops": 4,"Sort Key": ["orders.o_orderpriority"],"Sort Method": "quicksort","Sort Space Used": 1065,"Sort Space Type": "Memory","Workers": [{"Worker Number": 0,"Sort Method": "quicksort","Sort Space Used": 1124,"Sort Space Type": "Memory"},{"Worker Number": 1,"Sort Method": "quicksort","Sort Space Used": 1112,"Sort Space Type": "Memory"},{"Worker Number": 2,"Sort Method": "quicksort","Sort Space Used": 1111,"Sort Space Type": "Memory"}],"Plans": [{"Node Type": "Nested Loop","Parent Relationship": "Outer","Parallel Aware": false,"Async Capable": false,"Join Type": "Semi","Startup Cost": 783.69,"Total Cost": 50365.39,"Plan Rows": 4326,"Plan Width": 16,"Actual Startup Time": 5.235,"Actual Total Time": 191.510,"Actual Rows": 13139,"Actual Loops": 4,"Inner Unique": false,"Workers": [],"Plans": [{"Node Type": "Bitmap Heap Scan","Parent Relationship": "Outer","Parallel Aware": true,"Async Capable": false,"Relation Name": "orders","Alias": "orders","Startup Cost": 783.26,"Total Cost": 27151.50,"Plan Rows": 18216,"Plan Width": 20,"Actual Startup Time": 5.108,"Actual Total Time": 56.376,"Actual Rows": 14340,"Actual Loops": 4,"Recheck Cond": "((o_orderdate >= '1997-07-01'::date) AND (o_orderdate < '1997-10-01 00:00:00'::timestamp without time zone))","Rows Removed by Index Recheck": 0,"Exact Heap Blocks": 5541,"Lossy Heap Blocks": 0,"Workers": [],"Plans": [{"Node Type": "Bitmap Index Scan","Parent Relationship": "Outer","Parallel Aware": false,"Async Capable": false,"Index Name": "idx_orders_orderdate","Startup Cost": 0.00,"Total Cost": 769.14,"Plan Rows": 56471,"Plan Width": 0,"Actual Startup Time": 8.934,"Actual Total Time": 8.936,"Actual Rows": 57359,"Actual Loops": 1,"Index Cond": "((o_orderdate >= '1997-07-01'::date) AND (o_orderdate < '1997-10-01 00:00:00'::timestamp without time zone))","Workers": []}]},{"Node Type": "Index Scan","Parent Relationship": "Inner","Parallel Aware": false,"Async Capable": false,"Scan Direction": "Forward","Index Name": "idx_lineitem_orderkey","Relation Name": "lineitem","Alias": "lineitem","Startup Cost": 0.43,"Total Cost": 4.64,"Plan Rows": 6,"Plan Width": 4,"Actual Startup Time": 0.009,"Actual Total Time": 0.009,"Actual Rows": 1,"Actual Loops": 57359,"Index Cond": "(l_orderkey = orders.o_orderkey)","Rows Removed by Index Recheck": 0,"Filter": "(l_commitdate < l_receiptdate)","Rows Removed by Filter": 1,"Workers": []}]}]}]}]}]},"Planning Time": 4.248,"Triggers": [],"Execution Time": 234.757}]
[{"Plan": {"Node Type": "Aggregate","Strategy": "Sorted","Partial Mode": "Finalize","Parallel Aware": false,"Async Capable": false,"Startup Cost": 52505.50,"Total Cost": 52541.34,"Plan Rows": 5,"Plan Width": 24,"Actual Startup Time": 212.649,"Actual Total Time": 236.332,"Actual Rows": 5,"Actual Loops": 1,"Group Key": ["orders.o_orderpriority"],"Plans": [{"Node Type": "Gather Merge","Parent Relationship": "Outer","Parallel Aware": false,"Async Capable": false,"Startup Cost": 52505.50,"Total Cost": 52541.21,"Plan Rows": 15,"Plan Width": 24,"Actual Startup Time": 212.241,"Actual Total Time": 236.296,"Actual Rows": 20,"Actual Loops": 1,"Workers Planned": 3,"Workers Launched": 3,"Plans": [{"Node Type": "Aggregate","Strategy": "Sorted","Partial Mode": "Partial","Parent Relationship": "Outer","Parallel Aware": false,"Async Capable": false,"Startup Cost": 51505.46,"Total Cost": 51539.41,"Plan Rows": 5,"Plan Width": 24,"Actual Startup Time": 203.017,"Actual Total Time": 204.284,"Actual Rows": 5,"Actual Loops": 4,"Group Key": ["orders.o_orderpriority"],"Workers": [],"Plans": [{"Node Type": "Sort","Parent Relationship": "Outer","Parallel Aware": false,"Async Capable": false,"Startup Cost": 51505.46,"Total Cost": 51516.76,"Plan Rows": 4520,"Plan Width": 16,"Actual Startup Time": 202.651,"Actual Total Time": 203.197,"Actual Rows": 13152,"Actual Loops": 4,"Sort Key": ["orders.o_orderpriority"],"Sort Method": "quicksort","Sort Space Used": 1103,"Sort Space Type": "Memory","Workers": [{"Worker Number": 0,"Sort Method": "quicksort","Sort Space Used": 1110,"Sort Space Type": "Memory"},{"Worker Number": 1,"Sort Method": "quicksort","Sort Space Used": 1119,"Sort Space Type": "Memory"},{"Worker Number": 2,"Sort Method": "quicksort","Sort Space Used": 1083,"Sort Space Type": "Memory"}],"Plans": [{"Node Type": "Nested Loop","Parent Relationship": "Outer","Parallel Aware": false,"Async Capable": false,"Join Type": "Semi","Startup Cost": 817.51,"Total Cost": 51231.05,"Plan Rows": 4520,"Plan Width": 16,"Actual Startup Time": 4.809,"Actual Total Time": 196.117,"Actual Rows": 13152,"Actual Loops": 4,"Inner Unique": false,"Workers": [],"Plans": [{"Node Type": "Bitmap Heap Scan","Parent Relationship": "Outer","Parallel Aware": true,"Async Capable": false,"Relation Name": "orders","Alias": "orders","Startup Cost": 817.07,"Total Cost": 27197.51,"Plan Rows": 19029,"Plan Width": 20,"Actual Startup Time": 4.654,"Actual Total Time": 58.284,"Actual Rows": 14334,"Actual Loops": 4,"Recheck Cond": "((o_orderdate >= '1997-04-01'::date) AND (o_orderdate < '1997-07-01 00:00:00'::timestamp without time zone))","Rows Removed by Index Recheck": 0,"Exact Heap Blocks": 5837,"Lossy Heap Blocks": 0,"Workers": [],"Plans": [{"Node Type": "Bitmap Index Scan","Parent Relationship": "Outer","Parallel Aware": false,"Async Capable": false,"Index Name": "idx_orders_orderdate","Startup Cost": 0.00,"Total Cost": 802.33,"Plan Rows": 58990,"Plan Width": 0,"Actual Startup Time": 8.382,"Actual Total Time": 8.385,"Actual Rows": 57334,"Actual Loops": 1,"Index Cond": "((o_orderdate >= '1997-04-01'::date) AND (o_orderdate < '1997-07-01 00:00:00'::timestamp without time zone))","Workers": []}]},{"Node Type": "Index Scan","Parent Relationship": "Inner","Parallel Aware": false,"Async Capable": false,"Scan Direction": "Forward","Index Name": "idx_lineitem_orderkey","Relation Name": "lineitem","Alias": "lineitem","Startup Cost": 0.43,"Total Cost": 4.59,"Plan Rows": 6,"Plan Width": 4,"Actual Startup Time": 0.009,"Actual Total Time": 0.009,"Actual Rows": 1,"Actual Loops": 57334,"Index Cond": "(l_orderkey = orders.o_orderkey)","Rows Removed by Index Recheck": 0,"Filter": "(l_commitdate < l_receiptdate)","Rows Removed by Filter": 1,"Workers": []}]}]}]}]}]},"Planning Time": 4.807,"Triggers": [],"Execution Time": 236.832}]
[{"Plan": {"Node Type": "Aggregate","Strategy": "Sorted","Partial Mode": "Finalize","Parallel Aware": false,"Async Capable": false,"Startup Cost": 51546.43,"Total Cost": 51580.69,"Plan Rows": 5,"Plan Width": 24,"Actual Startup Time": 219.803,"Actual Total Time": 243.288,"Actual Rows": 5,"Actual Loops": 1,"Group Key": ["orders.o_orderpriority"],"Plans": [{"Node Type": "Gather Merge","Parent Relationship": "Outer","Parallel Aware": false,"Async Capable": false,"Startup Cost": 51546.43,"Total Cost": 51580.56,"Plan Rows": 15,"Plan Width": 24,"Actual Startup Time": 219.430,"Actual Total Time": 243.257,"Actual Rows": 20,"Actual Loops": 1,"Workers Planned": 3,"Workers Launched": 3,"Plans": [{"Node Type": "Aggregate","Strategy": "Sorted","Partial Mode": "Partial","Parent Relationship": "Outer","Parallel Aware": false,"Async Capable": false,"Startup Cost": 50546.39,"Total Cost": 50578.76,"Plan Rows": 5,"Plan Width": 24,"Actual Startup Time": 209.874,"Actual Total Time": 211.124,"Actual Rows": 5,"Actual Loops": 4,"Group Key": ["orders.o_orderpriority"],"Workers": [],"Plans": [{"Node Type": "Sort","Parent Relationship": "Outer","Parallel Aware": false,"Async Capable": false,"Startup Cost": 50546.39,"Total Cost": 50557.16,"Plan Rows": 4310,"Plan Width": 16,"Actual Startup Time": 209.522,"Actual Total Time": 210.038,"Actual Rows": 13218,"Actual Loops": 4,"Sort Key": ["orders.o_orderpriority"],"Sort Method": "quicksort","Sort Space Used": 1074,"Sort Space Type": "Memory","Workers": [{"Worker Number": 0,"Sort Method": "quicksort","Sort Space Used": 1069,"Sort Space Type": "Memory"},{"Worker Number": 1,"Sort Method": "quicksort","Sort Space Used": 1138,"Sort Space Type": "Memory"},{"Worker Number": 2,"Sort Method": "quicksort","Sort Space Used": 1148,"Sort Space Type": "Memory"}],"Plans": [{"Node Type": "Nested Loop","Parent Relationship": "Outer","Parallel Aware": false,"Async Capable": false,"Join Type": "Semi","Startup Cost": 777.41,"Total Cost": 50286.20,"Plan Rows": 4310,"Plan Width": 16,"Actual Startup Time": 4.922,"Actual Total Time": 202.949,"Actual Rows": 13218,"Actual Loops": 4,"Inner Unique": false,"Workers": [],"Plans": [{"Node Type": "Bitmap Heap Scan","Parent Relationship": "Outer","Parallel Aware": true,"Async Capable": false,"Relation Name": "orders","Alias": "orders","Startup Cost": 776.98,"Total Cost": 27144.15,"Plan Rows": 18145,"Plan Width": 20,"Actual Startup Time": 4.807,"Actual Total Time": 59.857,"Actual Rows": 14422,"Actual Loops": 4,"Recheck Cond": "((o_orderdate >= '1995-05-01'::date) AND (o_orderdate < '1995-08-01 00:00:00'::timestamp without time zone))","Rows Removed by Index Recheck": 0,"Exact Heap Blocks": 5616,"Lossy Heap Blocks": 0,"Workers": [],"Plans": [{"Node Type": "Bitmap Index Scan","Parent Relationship": "Outer","Parallel Aware": false,"Async Capable": false,"Index Name": "idx_orders_orderdate","Startup Cost": 0.00,"Total Cost": 762.92,"Plan Rows": 56249,"Plan Width": 0,"Actual Startup Time": 8.621,"Actual Total Time": 8.621,"Actual Rows": 57687,"Actual Loops": 1,"Index Cond": "((o_orderdate >= '1995-05-01'::date) AND (o_orderdate < '1995-08-01 00:00:00'::timestamp without time zone))","Workers": []}]},{"Node Type": "Index Scan","Parent Relationship": "Inner","Parallel Aware": false,"Async Capable": false,"Scan Direction": "Forward","Index Name": "idx_lineitem_orderkey","Relation Name": "lineitem","Alias": "lineitem","Startup Cost": 0.43,"Total Cost": 4.65,"Plan Rows": 6,"Plan Width": 4,"Actual Startup Time": 0.010,"Actual Total Time": 0.010,"Actual Rows": 1,"Actual Loops": 57687,"Index Cond": "(l_orderkey = orders.o_orderkey)","Rows Removed by Index Recheck": 0,"Filter": "(l_commitdate < l_receiptdate)","Rows Removed by Filter": 1,"Workers": []}]}]}]}]}]},"Planning Time": 5.478,"Triggers": [],"Execution Time": 243.818}]
[{"Plan": {"Node Type": "Aggregate","Strategy": "Sorted","Partial Mode": "Finalize","Parallel Aware": false,"Async Capable": false,"Startup Cost": 51011.39,"Total Cost": 51044.78,"Plan Rows": 5,"Plan Width": 24,"Actual Startup Time": 210.461,"Actual Total Time": 234.044,"Actual Rows": 5,"Actual Loops": 1,"Group Key": ["orders.o_orderpriority"],"Plans": [{"Node Type": "Gather Merge","Parent Relationship": "Outer","Parallel Aware": false,"Async Capable": false,"Startup Cost": 51011.39,"Total Cost": 51044.65,"Plan Rows": 15,"Plan Width": 24,"Actual Startup Time": 210.096,"Actual Total Time": 234.015,"Actual Rows": 20,"Actual Loops": 1,"Workers Planned": 3,"Workers Launched": 3,"Plans": [{"Node Type": "Aggregate","Strategy": "Sorted","Partial Mode": "Partial","Parent Relationship": "Outer","Parallel Aware": false,"Async Capable": false,"Startup Cost": 50011.35,"Total Cost": 50042.85,"Plan Rows": 5,"Plan Width": 24,"Actual Startup Time": 201.605,"Actual Total Time": 202.848,"Actual Rows": 5,"Actual Loops": 4,"Group Key": ["orders.o_orderpriority"],"Workers": [],"Plans": [{"Node Type": "Sort","Parent Relationship": "Outer","Parallel Aware": false,"Async Capable": false,"Startup Cost": 50011.35,"Total Cost": 50021.83,"Plan Rows": 4193,"Plan Width": 16,"Actual Startup Time": 201.266,"Actual Total Time": 201.779,"Actual Rows": 13126,"Actual Loops": 4,"Sort Key": ["orders.o_orderpriority"],"Sort Method": "quicksort","Sort Space Used": 1111,"Sort Space Type": "Memory","Workers": [{"Worker Number": 0,"Sort Method": "quicksort","Sort Space Used": 1101,"Sort Space Type": "Memory"},{"Worker Number": 1,"Sort Method": "quicksort","Sort Space Used": 1104,"Sort Space Type": "Memory"},{"Worker Number": 2,"Sort Method": "quicksort","Sort Space Used": 1095,"Sort Space Type": "Memory"}],"Plans": [{"Node Type": "Nested Loop","Parent Relationship": "Outer","Parallel Aware": false,"Async Capable": false,"Join Type": "Semi","Startup Cost": 757.77,"Total Cost": 49759.06,"Plan Rows": 4193,"Plan Width": 16,"Actual Startup Time": 5.095,"Actual Total Time": 194.943,"Actual Rows": 13126,"Actual Loops": 4,"Inner Unique": false,"Workers": [],"Plans": [{"Node Type": "Bitmap Heap Scan","Parent Relationship": "Outer","Parallel Aware": true,"Async Capable": false,"Relation Name": "orders","Alias": "orders","Startup Cost": 757.34,"Total Cost": 27117.13,"Plan Rows": 17653,"Plan Width": 20,"Actual Startup Time": 4.968,"Actual Total Time": 58.949,"Actual Rows": 14316,"Actual Loops": 4,"Recheck Cond": "((o_orderdate >= '1997-08-01'::date) AND (o_orderdate < '1997-11-01 00:00:00'::timestamp without time zone))","Rows Removed by Index Recheck": 0,"Exact Heap Blocks": 5880,"Lossy Heap Blocks": 0,"Workers": [],"Plans": [{"Node Type": "Bitmap Index Scan","Parent Relationship": "Outer","Parallel Aware": false,"Async Capable": false,"Index Name": "idx_orders_orderdate","Startup Cost": 0.00,"Total Cost": 743.66,"Plan Rows": 54723,"Plan Width": 0,"Actual Startup Time": 8.219,"Actual Total Time": 8.222,"Actual Rows": 57265,"Actual Loops": 1,"Index Cond": "((o_orderdate >= '1997-08-01'::date) AND (o_orderdate < '1997-11-01 00:00:00'::timestamp without time zone))","Workers": []}]},{"Node Type": "Index Scan","Parent Relationship": "Inner","Parallel Aware": false,"Async Capable": false,"Scan Direction": "Forward","Index Name": "idx_lineitem_orderkey","Relation Name": "lineitem","Alias": "lineitem","Startup Cost": 0.43,"Total Cost": 4.69,"Plan Rows": 6,"Plan Width": 4,"Actual Startup Time": 0.009,"Actual Total Time": 0.009,"Actual Rows": 1,"Actual Loops": 57265,"Index Cond": "(l_orderkey = orders.o_orderkey)","Rows Removed by Index Recheck": 0,"Filter": "(l_commitdate < l_receiptdate)","Rows Removed by Filter": 1,"Workers": []}]}]}]}]}]},"Planning Time": 5.789,"Triggers": [],"Execution Time": 234.434}]
[{"Plan": {"Node Type": "Aggregate","Strategy": "Sorted","Partial Mode": "Finalize","Parallel Aware": false,"Async Capable": false,"Startup Cost": 51940.16,"Total Cost": 51975.07,"Plan Rows": 5,"Plan Width": 24,"Actual Startup Time": 211.263,"Actual Total Time": 234.879,"Actual Rows": 5,"Actual Loops": 1,"Group Key": ["orders.o_orderpriority"],"Plans": [{"Node Type": "Gather Merge","Parent Relationship": "Outer","Parallel Aware": false,"Async Capable": false,"Startup Cost": 51940.16,"Total Cost": 51974.94,"Plan Rows": 15,"Plan Width": 24,"Actual Startup Time": 210.877,"Actual Total Time": 234.864,"Actual Rows": 20,"Actual Loops": 1,"Workers Planned": 3,"Workers Launched": 3,"Plans": [{"Node Type": "Aggregate","Strategy": "Sorted","Partial Mode": "Partial","Parent Relationship": "Outer","Parallel Aware": false,"Async Capable": false,"Startup Cost": 50940.12,"Total Cost": 50973.14,"Plan Rows": 5,"Plan Width": 24,"Actual Startup Time": 202.192,"Actual Total Time": 203.439,"Actual Rows": 5,"Actual Loops": 4,"Group Key": ["orders.o_orderpriority"],"Workers": [],"Plans": [{"Node Type": "Sort","Parent Relationship": "Outer","Parallel Aware": false,"Async Capable": false,"Startup Cost": 50940.12,"Total Cost": 50951.11,"Plan Rows": 4396,"Plan Width": 16,"Actual Startup Time": 201.842,"Actual Total Time": 202.379,"Actual Rows": 12924,"Actual Loops": 4,"Sort Key": ["orders.o_orderpriority"],"Sort Method": "quicksort","Sort Space Used": 1100,"Sort Space Type": "Memory","Workers": [{"Worker Number": 0,"Sort Method": "quicksort","Sort Space Used": 1089,"Sort Space Type": "Memory"},{"Worker Number": 1,"Sort Method": "quicksort","Sort Space Used": 1093,"Sort Space Type": "Memory"},{"Worker Number": 2,"Sort Method": "quicksort","Sort Space Used": 1083,"Sort Space Type": "Memory"}],"Plans": [{"Node Type": "Nested Loop","Parent Relationship": "Outer","Parallel Aware": false,"Async Capable": false,"Join Type": "Semi","Startup Cost": 792.95,"Total Cost": 50674.12,"Plan Rows": 4396,"Plan Width": 16,"Actual Startup Time": 4.945,"Actual Total Time": 195.397,"Actual Rows": 12924,"Actual Loops": 4,"Inner Unique": false,"Workers": [],"Plans": [{"Node Type": "Bitmap Heap Scan","Parent Relationship": "Outer","Parallel Aware": true,"Async Capable": false,"Relation Name": "orders","Alias": "orders","Startup Cost": 792.52,"Total Cost": 27165.14,"Plan Rows": 18508,"Plan Width": 20,"Actual Startup Time": 4.819,"Actual Total Time": 58.917,"Actual Rows": 14087,"Actual Loops": 4,"Recheck Cond": "((o_orderdate >= '1994-01-01'::date) AND (o_orderdate < '1994-04-01 00:00:00'::timestamp without time zone))","Rows Removed by Index Recheck": 0,"Exact Heap Blocks": 5893,"Lossy Heap Blocks": 0,"Workers": [],"Plans": [{"Node Type": "Bitmap Index Scan","Parent Relationship": "Outer","Parallel Aware": false,"Async Capable": false,"Index Name": "idx_orders_orderdate","Startup Cost": 0.00,"Total Cost": 778.18,"Plan Rows": 57375,"Plan Width": 0,"Actual Startup Time": 8.242,"Actual Total Time": 8.244,"Actual Rows": 56349,"Actual Loops": 1,"Index Cond": "((o_orderdate >= '1994-01-01'::date) AND (o_orderdate < '1994-04-01 00:00:00'::timestamp without time zone))","Workers": []}]},{"Node Type": "Index Scan","Parent Relationship": "Inner","Parallel Aware": false,"Async Capable": false,"Scan Direction": "Forward","Index Name": "idx_lineitem_orderkey","Relation Name": "lineitem","Alias": "lineitem","Startup Cost": 0.43,"Total Cost": 4.62,"Plan Rows": 6,"Plan Width": 4,"Actual Startup Time": 0.009,"Actual Total Time": 0.009,"Actual Rows": 1,"Actual Loops": 56349,"Index Cond": "(l_orderkey = orders.o_orderkey)","Rows Removed by Index Recheck": 0,"Filter": "(l_commitdate < l_receiptdate)","Rows Removed by Filter": 1,"Workers": []}]}]}]}]}]},"Planning Time": 4.809,"Triggers": [],"Execution Time": 235.387}]
[{"Plan": {"Node Type": "Aggregate","Strategy": "Sorted","Partial Mode": "Finalize","Parallel Aware": false,"Async Capable": false,"Startup Cost": 51626.70,"Total Cost": 51661.08,"Plan Rows": 5,"Plan Width": 24,"Actual Startup Time": 210.062,"Actual Total Time": 234.290,"Actual Rows": 5,"Actual Loops": 1,"Group Key": ["orders.o_orderpriority"],"Plans": [{"Node Type": "Gather Merge","Parent Relationship": "Outer","Parallel Aware": false,"Async Capable": false,"Startup Cost": 51626.70,"Total Cost": 51660.96,"Plan Rows": 15,"Plan Width": 24,"Actual Startup Time": 209.701,"Actual Total Time": 234.253,"Actual Rows": 20,"Actual Loops": 1,"Workers Planned": 3,"Workers Launched": 3,"Plans": [{"Node Type": "Aggregate","Strategy": "Sorted","Partial Mode": "Partial","Parent Relationship": "Outer","Parallel Aware": false,"Async Capable": false,"Startup Cost": 50626.66,"Total Cost": 50659.15,"Plan Rows": 5,"Plan Width": 24,"Actual Startup Time": 198.769,"Actual Total Time": 200.147,"Actual Rows": 5,"Actual Loops": 4,"Group Key": ["orders.o_orderpriority"],"Workers": [],"Plans": [{"Node Type": "Sort","Parent Relationship": "Outer","Parallel Aware": false,"Async Capable": false,"Startup Cost": 50626.66,"Total Cost": 50637.47,"Plan Rows": 4326,"Plan Width": 16,"Actual Startup Time": 198.377,"Actual Total Time": 198.979,"Actual Rows": 13139,"Actual Loops": 4,"Sort Key": ["orders.o_orderpriority"],"Sort Method": "quicksort","Sort Space Used": 1065,"Sort Space Type": "Memory","Workers": [{"Worker Number": 0,"Sort Method": "quicksort","Sort Space Used": 1124,"Sort Space Type": "Memory"},{"Worker Number": 1,"Sort Method": "quicksort","Sort Space Used": 1112,"Sort Space Type": "Memory"},{"Worker Number": 2,"Sort Method": "quicksort","Sort Space Used": 1111,"Sort Space Type": "Memory"}],"Plans": [{"Node Type": "Nested Loop","Parent Relationship": "Outer","Parallel Aware": false,"Async Capable": false,"Join Type": "Semi","Startup Cost": 783.69,"Total Cost": 50365.39,"Plan Rows": 4326,"Plan Width": 16,"Actual Startup Time": 5.235,"Actual Total Time": 191.510,"Actual Rows": 13139,"Actual Loops": 4,"Inner Unique": false,"Workers": [],"Plans": [{"Node Type": "Bitmap Heap Scan","Parent Relationship": "Outer","Parallel Aware": true,"Async Capable": false,"Relation Name": "orders","Alias": "orders","Startup Cost": 783.26,"Total Cost": 27151.50,"Plan Rows": 18216,"Plan Width": 20,"Actual Startup Time": 5.108,"Actual Total Time": 56.376,"Actual Rows": 14340,"Actual Loops": 4,"Recheck Cond": "((o_orderdate >= '1997-07-01'::date) AND (o_orderdate < '1997-10-01 00:00:00'::timestamp without time zone))","Rows Removed by Index Recheck": 0,"Exact Heap Blocks": 5541,"Lossy Heap Blocks": 0,"Workers": [],"Plans": [{"Node Type": "Bitmap Index Scan","Parent Relationship": "Outer","Parallel Aware": false,"Async Capable": false,"Index Name": "idx_orders_orderdate","Startup Cost": 0.00,"Total Cost": 769.14,"Plan Rows": 56471,"Plan Width": 0,"Actual Startup Time": 8.934,"Actual Total Time": 8.936,"Actual Rows": 57359,"Actual Loops": 1,"Index Cond": "((o_orderdate >= '1997-07-01'::date) AND (o_orderdate < '1997-10-01 00:00:00'::timestamp without time zone))","Workers": []}]},{"Node Type": "Index Scan","Parent Relationship": "Inner","Parallel Aware": false,"Async Capable": false,"Scan Direction": "Forward","Index Name": "idx_lineitem_orderkey","Relation Name": "lineitem","Alias": "lineitem","Startup Cost": 0.43,"Total Cost": 4.64,"Plan Rows": 6,"Plan Width": 4,"Actual Startup Time": 0.009,"Actual Total Time": 0.009,"Actual Rows": 1,"Actual Loops": 57359,"Index Cond": "(l_orderkey = orders.o_orderkey)","Rows Removed by Index Recheck": 0,"Filter": "(l_commitdate < l_receiptdate)","Rows Removed by Filter": 1,"Workers": []}]}]}]}]}]},"Planning Time": 4.248,"Triggers": [],"Execution Time": 234.757}]
[{"Plan": {"Node Type": "Aggregate","Strategy": "Sorted","Partial Mode": "Finalize","Parallel Aware": false,"Async Capable": false,"Startup Cost": 51933.44,"Total Cost": 51968.34,"Plan Rows": 5,"Plan Width": 24,"Actual Startup Time": 210.135,"Actual Total Time": 234.741,"Actual Rows": 5,"Actual Loops": 1,"Group Key": ["orders.o_orderpriority"],"Plans": [{"Node Type": "Gather Merge","Parent Relationship": "Outer","Parallel Aware": false,"Async Capable": false,"Startup Cost": 51933.44,"Total Cost": 51968.21,"Plan Rows": 15,"Plan Width": 24,"Actual Startup Time": 209.800,"Actual Total Time": 234.712,"Actual Rows": 20,"Actual Loops": 1,"Workers Planned": 3,"Workers Launched": 3,"Plans": [{"Node Type": "Aggregate","Strategy": "Sorted","Partial Mode": "Partial","Parent Relationship": "Outer","Parallel Aware": false,"Async Capable": false,"Startup Cost": 50933.40,"Total Cost": 50966.41,"Plan Rows": 5,"Plan Width": 24,"Actual Startup Time": 201.015,"Actual Total Time": 202.241,"Actual Rows": 5,"Actual Loops": 4,"Group Key": ["orders.o_orderpriority"],"Workers": [],"Plans": [{"Node Type": "Sort","Parent Relationship": "Outer","Parallel Aware": false,"Async Capable": false,"Startup Cost": 50933.40,"Total Cost": 50944.39,"Plan Rows": 4394,"Plan Width": 16,"Actual Startup Time": 200.667,"Actual Total Time": 201.175,"Actual Rows": 12952,"Actual Loops": 4,"Sort Key": ["orders.o_orderpriority"],"Sort Method": "quicksort","Sort Space Used": 1081,"Sort Space Type": "Memory","Workers": [{"Worker Number": 0,"Sort Method": "quicksort","Sort Space Used": 1073,"Sort Space Type": "Memory"},{"Worker Number": 1,"Sort Method": "quicksort","Sort Space Used": 1106,"Sort Space Type": "Memory"},{"Worker Number": 2,"Sort Method": "quicksort","Sort Space Used": 1111,"Sort Space Type": "Memory"}],"Plans": [{"Node Type": "Nested Loop","Parent Relationship": "Outer","Parallel Aware": false,"Async Capable": false,"Join Type": "Semi","Startup Cost": 792.75,"Total Cost": 50667.54,"Plan Rows": 4394,"Plan Width": 16,"Actual Startup Time": 5.437,"Actual Total Time": 194.283,"Actual Rows": 12952,"Actual Loops": 4,"Inner Unique": false,"Workers": [],"Plans": [{"Node Type": "Bitmap Heap Scan","Parent Relationship": "Outer","Parallel Aware": true,"Async Capable": false,"Relation Name": "orders","Alias": "orders","Startup Cost": 792.32,"Total Cost": 27164.84,"Plan Rows": 18502,"Plan Width": 20,"Actual Startup Time": 5.284,"Actual Total Time": 57.970,"Actual Rows": 14142,"Actual Loops": 4,"Recheck Cond": "((o_orderdate >= '1996-01-01'::date) AND (o_orderdate < '1996-04-01 00:00:00'::timestamp without time zone))","Rows Removed by Index Recheck": 0,"Exact Heap Blocks": 5656,"Lossy Heap Blocks": 0,"Workers": [],"Plans": [{"Node Type": "Bitmap Index Scan","Parent Relationship": "Outer","Parallel Aware": false,"Async Capable": false,"Index Name": "idx_orders_orderdate","Startup Cost": 0.00,"Total Cost": 777.98,"Plan Rows": 57355,"Plan Width": 0,"Actual Startup Time": 8.943,"Actual Total Time": 8.944,"Actual Rows": 56568,"Actual Loops": 1,"Index Cond": "((o_orderdate >= '1996-01-01'::date) AND (o_orderdate < '1996-04-01 00:00:00'::timestamp without time zone))","Workers": []}]},{"Node Type": "Index Scan","Parent Relationship": "Inner","Parallel Aware": false,"Async Capable": false,"Scan Direction": "Forward","Index Name": "idx_lineitem_orderkey","Relation Name": "lineitem","Alias": "lineitem","Startup Cost": 0.43,"Total Cost": 4.62,"Plan Rows": 6,"Plan Width": 4,"Actual Startup Time": 0.009,"Actual Total Time": 0.009,"Actual Rows": 1,"Actual Loops": 56568,"Index Cond": "(l_orderkey = orders.o_orderkey)","Rows Removed by Index Recheck": 0,"Filter": "(l_commitdate < l_receiptdate)","Rows Removed by Filter": 1,"Workers": []}]}]}]}]}]},"Planning Time": 4.607,"Triggers": [],"Execution Time": 235.195}]
[{"Plan": {"Node Type": "Aggregate","Strategy": "Sorted","Partial Mode": "Finalize","Parallel Aware": false,"Async Capable": false,"Startup Cost": 51600.04,"Total Cost": 51634.39,"Plan Rows": 5,"Plan Width": 24,"Actual Startup Time": 209.883,"Actual Total Time": 233.573,"Actual Rows": 5,"Actual Loops": 1,"Group Key": ["orders.o_orderpriority"],"Plans": [{"Node Type": "Gather Merge","Parent Relationship": "Outer","Parallel Aware": false,"Async Capable": false,"Startup Cost": 51600.04,"Total Cost": 51634.27,"Plan Rows": 15,"Plan Width": 24,"Actual Startup Time": 209.491,"Actual Total Time": 233.547,"Actual Rows": 20,"Actual Loops": 1,"Workers Planned": 3,"Workers Launched": 3,"Plans": [{"Node Type": "Aggregate","Strategy": "Sorted","Partial Mode": "Partial","Parent Relationship": "Outer","Parallel Aware": false,"Async Capable": false,"Startup Cost": 50600.00,"Total Cost": 50632.47,"Plan Rows": 5,"Plan Width": 24,"Actual Startup Time": 200.555,"Actual Total Time": 201.777,"Actual Rows": 5,"Actual Loops": 4,"Group Key": ["orders.o_orderpriority"],"Workers": [],"Plans": [{"Node Type": "Sort","Parent Relationship": "Outer","Parallel Aware": false,"Async Capable": false,"Startup Cost": 50600.00,"Total Cost": 50610.81,"Plan Rows": 4322,"Plan Width": 16,"Actual Startup Time": 200.215,"Actual Total Time": 200.732,"Actual Rows": 12804,"Actual Loops": 4,"Sort Key": ["orders.o_orderpriority"],"Sort Method": "quicksort","Sort Space Used": 1105,"Sort Space Type": "Memory","Workers": [{"Worker Number": 0,"Sort Method": "quicksort","Sort Space Used": 1078,"Sort Space Type": "Memory"},{"Worker Number": 1,"Sort Method": "quicksort","Sort Space Used": 1077,"Sort Space Type": "Memory"},{"Worker Number": 2,"Sort Method": "quicksort","Sort Space Used": 1079,"Sort Space Type": "Memory"}],"Plans": [{"Node Type": "Nested Loop","Parent Relationship": "Outer","Parallel Aware": false,"Async Capable": false,"Join Type": "Semi","Startup Cost": 779.02,"Total Cost": 50339.01,"Plan Rows": 4322,"Plan Width": 16,"Actual Startup Time": 5.636,"Actual Total Time": 193.920,"Actual Rows": 12804,"Actual Loops": 4,"Inner Unique": false,"Workers": [],"Plans": [{"Node Type": "Bitmap Heap Scan","Parent Relationship": "Outer","Parallel Aware": true,"Async Capable": false,"Relation Name": "orders","Alias": "orders","Startup Cost": 778.59,"Total Cost": 27146.52,"Plan Rows": 18195,"Plan Width": 20,"Actual Startup Time": 5.497,"Actual Total Time": 58.362,"Actual Rows": 13981,"Actual Loops": 4,"Recheck Cond": "((o_orderdate >= '1993-01-01'::date) AND (o_orderdate < '1993-04-01 00:00:00'::timestamp without time zone))","Rows Removed by Index Recheck": 0,"Exact Heap Blocks": 5903,"Lossy Heap Blocks": 0,"Workers": [],"Plans": [{"Node Type": "Bitmap Index Scan","Parent Relationship": "Outer","Parallel Aware": false,"Async Capable": false,"Index Name": "idx_orders_orderdate","Startup Cost": 0.00,"Total Cost": 764.49,"Plan Rows": 56406,"Plan Width": 0,"Actual Startup Time": 9.185,"Actual Total Time": 9.187,"Actual Rows": 55924,"Actual Loops": 1,"Index Cond": "((o_orderdate >= '1993-01-01'::date) AND (o_orderdate < '1993-04-01 00:00:00'::timestamp without time zone))","Workers": []}]},{"Node Type": "Index Scan","Parent Relationship": "Inner","Parallel Aware": false,"Async Capable": false,"Scan Direction": "Forward","Index Name": "idx_lineitem_orderkey","Relation Name": "lineitem","Alias": "lineitem","Startup Cost": 0.43,"Total Cost": 4.65,"Plan Rows": 6,"Plan Width": 4,"Actual Startup Time": 0.009,"Actual Total Time": 0.009,"Actual Rows": 1,"Actual Loops": 55924,"Index Cond": "(l_orderkey = orders.o_orderkey)","Rows Removed by Index Recheck": 0,"Filter": "(l_commitdate < l_receiptdate)","Rows Removed by Filter": 1,"Workers": []}]}]}]}]}]},"Planning Time": 4.372,"Triggers": [],"Execution Time": 234.017}]
[{"Plan": {"Node Type": "Aggregate","Strategy": "Sorted","Partial Mode": "Finalize","Parallel Aware": false,"Async Capable": false,"Startup Cost": 51546.43,"Total Cost": 51580.69,"Plan Rows": 5,"Plan Width": 24,"Actual Startup Time": 219.803,"Actual Total Time": 243.288,"Actual Rows": 5,"Actual Loops": 1,"Group Key": ["orders.o_orderpriority"],"Plans": [{"Node Type": "Gather Merge","Parent Relationship": "Outer","Parallel Aware": false,"Async Capable": false,"Startup Cost": 51546.43,"Total Cost": 51580.56,"Plan Rows": 15,"Plan Width": 24,"Actual Startup Time": 219.430,"Actual Total Time": 243.257,"Actual Rows": 20,"Actual Loops": 1,"Workers Planned": 3,"Workers Launched": 3,"Plans": [{"Node Type": "Aggregate","Strategy": "Sorted","Partial Mode": "Partial","Parent Relationship": "Outer","Parallel Aware": false,"Async Capable": false,"Startup Cost": 50546.39,"Total Cost": 50578.76,"Plan Rows": 5,"Plan Width": 24,"Actual Startup Time": 209.874,"Actual Total Time": 211.124,"Actual Rows": 5,"Actual Loops": 4,"Group Key": ["orders.o_orderpriority"],"Workers": [],"Plans": [{"Node Type": "Sort","Parent Relationship": "Outer","Parallel Aware": false,"Async Capable": false,"Startup Cost": 50546.39,"Total Cost": 50557.16,"Plan Rows": 4310,"Plan Width": 16,"Actual Startup Time": 209.522,"Actual Total Time": 210.038,"Actual Rows": 13218,"Actual Loops": 4,"Sort Key": ["orders.o_orderpriority"],"Sort Method": "quicksort","Sort Space Used": 1074,"Sort Space Type": "Memory","Workers": [{"Worker Number": 0,"Sort Method": "quicksort","Sort Space Used": 1069,"Sort Space Type": "Memory"},{"Worker Number": 1,"Sort Method": "quicksort","Sort Space Used": 1138,"Sort Space Type": "Memory"},{"Worker Number": 2,"Sort Method": "quicksort","Sort Space Used": 1148,"Sort Space Type": "Memory"}],"Plans": [{"Node Type": "Nested Loop","Parent Relationship": "Outer","Parallel Aware": false,"Async Capable": false,"Join Type": "Semi","Startup Cost": 777.41,"Total Cost": 50286.20,"Plan Rows": 4310,"Plan Width": 16,"Actual Startup Time": 4.922,"Actual Total Time": 202.949,"Actual Rows": 13218,"Actual Loops": 4,"Inner Unique": false,"Workers": [],"Plans": [{"Node Type": "Bitmap Heap Scan","Parent Relationship": "Outer","Parallel Aware": true,"Async Capable": false,"Relation Name": "orders","Alias": "orders","Startup Cost": 776.98,"Total Cost": 27144.15,"Plan Rows": 18145,"Plan Width": 20,"Actual Startup Time": 4.807,"Actual Total Time": 59.857,"Actual Rows": 14422,"Actual Loops": 4,"Recheck Cond": "((o_orderdate >= '1995-05-01'::date) AND (o_orderdate < '1995-08-01 00:00:00'::timestamp without time zone))","Rows Removed by Index Recheck": 0,"Exact Heap Blocks": 5616,"Lossy Heap Blocks": 0,"Workers": [],"Plans": [{"Node Type": "Bitmap Index Scan","Parent Relationship": "Outer","Parallel Aware": false,"Async Capable": false,"Index Name": "idx_orders_orderdate","Startup Cost": 0.00,"Total Cost": 762.92,"Plan Rows": 56249,"Plan Width": 0,"Actual Startup Time": 8.621,"Actual Total Time": 8.621,"Actual Rows": 57687,"Actual Loops": 1,"Index Cond": "((o_orderdate >= '1995-05-01'::date) AND (o_orderdate < '1995-08-01 00:00:00'::timestamp without time zone))","Workers": []}]},{"Node Type": "Index Scan","Parent Relationship": "Inner","Parallel Aware": false,"Async Capable": false,"Scan Direction": "Forward","Index Name": "idx_lineitem_orderkey","Relation Name": "lineitem","Alias": "lineitem","Startup Cost": 0.43,"Total Cost": 4.65,"Plan Rows": 6,"Plan Width": 4,"Actual Startup Time": 0.010,"Actual Total Time": 0.010,"Actual Rows": 1,"Actual Loops": 57687,"Index Cond": "(l_orderkey = orders.o_orderkey)","Rows Removed by Index Recheck": 0,"Filter": "(l_commitdate < l_receiptdate)","Rows Removed by Filter": 1,"Workers": []}]}]}]}]}]},"Planning Time": 5.478,"Triggers": [],"Execution Time": 243.818}]
[{"Plan": {"Node Type": "Aggregate","Strategy": "Sorted","Partial Mode": "Finalize","Parallel Aware": false,"Async Capable": false,"Startup Cost": 51895.02,"Total Cost": 51929.86,"Plan Rows": 5,"Plan Width": 24,"Actual Startup Time": 216.936,"Actual Total Time": 240.849,"Actual Rows": 5,"Actual Loops": 1,"Group Key": ["orders.o_orderpriority"],"Plans": [{"Node Type": "Gather Merge","Parent Relationship": "Outer","Parallel Aware": false,"Async Capable": false,"Startup Cost": 51895.02,"Total Cost": 51929.73,"Plan Rows": 15,"Plan Width": 24,"Actual Startup Time": 216.564,"Actual Total Time": 240.814,"Actual Rows": 20,"Actual Loops": 1,"Workers Planned": 3,"Workers Launched": 3,"Plans": [{"Node Type": "Aggregate","Strategy": "Sorted","Partial Mode": "Partial","Parent Relationship": "Outer","Parallel Aware": false,"Async Capable": false,"Startup Cost": 50894.98,"Total Cost": 50927.93,"Plan Rows": 5,"Plan Width": 24,"Actual Startup Time": 207.210,"Actual Total Time": 208.520,"Actual Rows": 5,"Actual Loops": 4,"Group Key": ["orders.o_orderpriority"],"Workers": [],"Plans": [{"Node Type": "Sort","Parent Relationship": "Outer","Parallel Aware": false,"Async Capable": false,"Startup Cost": 50894.98,"Total Cost": 50905.95,"Plan Rows": 4386,"Plan Width": 16,"Actual Startup Time": 206.842,"Actual Total Time": 207.438,"Actual Rows": 13154,"Actual Loops": 4,"Sort Key": ["orders.o_orderpriority"],"Sort Method": "quicksort","Sort Space Used": 1056,"Sort Space Type": "Memory","Workers": [{"Worker Number": 0,"Sort Method": "quicksort","Sort Space Used": 1144,"Sort Space Type": "Memory"},{"Worker Number": 1,"Sort Method": "quicksort","Sort Space Used": 1079,"Sort Space Type": "Memory"},{"Worker Number": 2,"Sort Method": "quicksort","Sort Space Used": 1137,"Sort Space Type": "Memory"}],"Plans": [{"Node Type": "Nested Loop","Parent Relationship": "Outer","Parallel Aware": false,"Async Capable": false,"Join Type": "Semi","Startup Cost": 791.62,"Total Cost": 50629.66,"Plan Rows": 4386,"Plan Width": 16,"Actual Startup Time": 4.998,"Actual Total Time": 200.365,"Actual Rows": 13154,"Actual Loops": 4,"Inner Unique": false,"Workers": [],"Plans": [{"Node Type": "Bitmap Heap Scan","Parent Relationship": "Outer","Parallel Aware": true,"Async Capable": false,"Relation Name": "orders","Alias": "orders","Startup Cost": 791.19,"Total Cost": 27163.18,"Plan Rows": 18466,"Plan Width": 20,"Actual Startup Time": 4.854,"Actual Total Time": 59.077,"Actual Rows": 14346,"Actual Loops": 4,"Recheck Cond": "((o_orderdate >= '1994-07-01'::date) AND (o_orderdate < '1994-10-01 00:00:00'::timestamp without time zone))","Rows Removed by Index Recheck": 0,"Exact Heap Blocks": 5381,"Lossy Heap Blocks": 0,"Workers": [],"Plans": [{"Node Type": "Bitmap Index Scan","Parent Relationship": "Outer","Parallel Aware": false,"Async Capable": false,"Index Name": "idx_orders_orderdate","Startup Cost": 0.00,"Total Cost": 776.88,"Plan Rows": 57245,"Plan Width": 0,"Actual Startup Time": 8.661,"Actual Total Time": 8.664,"Actual Rows": 57384,"Actual Loops": 1,"Index Cond": "((o_orderdate >= '1994-07-01'::date) AND (o_orderdate < '1994-10-01 00:00:00'::timestamp without time zone))","Workers": []}]},{"Node Type": "Index Scan","Parent Relationship": "Inner","Parallel Aware": false,"Async Capable": false,"Scan Direction": "Forward","Index Name": "idx_lineitem_orderkey","Relation Name": "lineitem","Alias": "lineitem","Startup Cost": 0.43,"Total Cost": 4.63,"Plan Rows": 6,"Plan Width": 4,"Actual Startup Time": 0.010,"Actual Total Time": 0.010,"Actual Rows": 1,"Actual Loops": 57384,"Index Cond": "(l_orderkey = orders.o_orderkey)","Rows Removed by Index Recheck": 0,"Filter": "(l_commitdate < l_receiptdate)","Rows Removed by Filter": 1,"Workers": []}]}]}]}]}]},"Planning Time": 4.847,"Triggers": [],"Execution Time": 241.394}]
[{"Plan": {"Node Type": "Aggregate","Strategy": "Sorted","Partial Mode": "Finalize","Parallel Aware": false,"Async Capable": false,"Startup Cost": 52021.13,"Total Cost": 52056.16,"Plan Rows": 5,"Plan Width": 24,"Actual Startup Time": 203.693,"Actual Total Time": 227.755,"Actual Rows": 5,"Actual Loops": 1,"Group Key": ["orders.o_orderpriority"],"Plans": [{"Node Type": "Gather Merge","Parent Relationship": "Outer","Parallel Aware": false,"Async Capable": false,"Startup Cost": 52021.13,"Total Cost": 52056.04,"Plan Rows": 15,"Plan Width": 24,"Actual Startup Time": 203.285,"Actual Total Time": 227.721,"Actual Rows": 20,"Actual Loops": 1,"Workers Planned": 3,"Workers Launched": 3,"Plans": [{"Node Type": "Aggregate","Strategy": "Sorted","Partial Mode": "Partial","Parent Relationship": "Outer","Parallel Aware": false,"Async Capable": false,"Startup Cost": 51021.09,"Total Cost": 51054.24,"Plan Rows": 5,"Plan Width": 24,"Actual Startup Time": 195.016,"Actual Total Time": 196.267,"Actual Rows": 5,"Actual Loops": 4,"Group Key": ["orders.o_orderpriority"],"Workers": [],"Plans": [{"Node Type": "Sort","Parent Relationship": "Outer","Parallel Aware": false,"Async Capable": false,"Startup Cost": 51021.09,"Total Cost": 51032.12,"Plan Rows": 4413,"Plan Width": 16,"Actual Startup Time": 194.670,"Actual Total Time": 195.213,"Actual Rows": 12850,"Actual Loops": 4,"Sort Key": ["orders.o_orderpriority"],"Sort Method": "quicksort","Sort Space Used": 1082,"Sort Space Type": "Memory","Workers": [{"Worker Number": 0,"Sort Method": "quicksort","Sort Space Used": 1095,"Sort Space Type": "Memory"},{"Worker Number": 1,"Sort Method": "quicksort","Sort Space Used": 1073,"Sort Space Type": "Memory"},{"Worker Number": 2,"Sort Method": "quicksort","Sort Space Used": 1099,"Sort Space Type": "Memory"}],"Plans": [{"Node Type": "Nested Loop","Parent Relationship": "Outer","Parallel Aware": false,"Async Capable": false,"Join Type": "Semi","Startup Cost": 799.26,"Total Cost": 50753.94,"Plan Rows": 4413,"Plan Width": 16,"Actual Startup Time": 4.875,"Actual Total Time": 188.562,"Actual Rows": 12850,"Actual Loops": 4,"Inner Unique": false,"Workers": [],"Plans": [{"Node Type": "Bitmap Heap Scan","Parent Relationship": "Outer","Parallel Aware": true,"Async Capable": false,"Relation Name": "orders","Alias": "orders","Startup Cost": 798.83,"Total Cost": 27172.54,"Plan Rows": 18580,"Plan Width": 20,"Actual Startup Time": 4.743,"Actual Total Time": 55.256,"Actual Rows": 13993,"Actual Loops": 4,"Recheck Cond": "((o_orderdate >= '1993-12-01'::date) AND (o_orderdate < '1994-03-01 00:00:00'::timestamp without time zone))","Rows Removed by Index Recheck": 0,"Exact Heap Blocks": 5712,"Lossy Heap Blocks": 0,"Workers": [],"Plans": [{"Node Type": "Bitmap Index Scan","Parent Relationship": "Outer","Parallel Aware": false,"Async Capable": false,"Index Name": "idx_orders_orderdate","Startup Cost": 0.00,"Total Cost": 784.43,"Plan Rows": 57600,"Plan Width": 0,"Actual Startup Time": 7.826,"Actual Total Time": 7.827,"Actual Rows": 55973,"Actual Loops": 1,"Index Cond": "((o_orderdate >= '1993-12-01'::date) AND (o_orderdate < '1994-03-01 00:00:00'::timestamp without time zone))","Workers": []}]},{"Node Type": "Index Scan","Parent Relationship": "Inner","Parallel Aware": false,"Async Capable": false,"Scan Direction": "Forward","Index Name": "idx_lineitem_orderkey","Relation Name": "lineitem","Alias": "lineitem","Startup Cost": 0.43,"Total Cost": 4.62,"Plan Rows": 6,"Plan Width": 4,"Actual Startup Time": 0.009,"Actual Total Time": 0.009,"Actual Rows": 1,"Actual Loops": 55973,"Index Cond": "(l_orderkey = orders.o_orderkey)","Rows Removed by Index Recheck": 0,"Filter": "(l_commitdate < l_receiptdate)","Rows Removed by Filter": 1,"Workers": []}]}]}]}]}]},"Planning Time": 4.325,"Triggers": [],"Execution Time": 228.374}]
[{"Plan": {"Node Type": "Aggregate","Strategy": "Sorted","Partial Mode": "Finalize","Parallel Aware": false,"Async Capable": false,"Startup Cost": 52360.14,"Total Cost": 52395.74,"Plan Rows": 5,"Plan Width": 24,"Actual Startup Time": 212.297,"Actual Total Time": 236.425,"Actual Rows": 5,"Actual Loops": 1,"Group Key": ["orders.o_orderpriority"],"Plans": [{"Node Type": "Gather Merge","Parent Relationship": "Outer","Parallel Aware": false,"Async Capable": false,"Startup Cost": 52360.14,"Total Cost": 52395.61,"Plan Rows": 15,"Plan Width": 24,"Actual Startup Time": 211.946,"Actual Total Time": 236.394,"Actual Rows": 20,"Actual Loops": 1,"Workers Planned": 3,"Workers Launched": 3,"Plans": [{"Node Type": "Aggregate","Strategy": "Sorted","Partial Mode": "Partial","Parent Relationship": "Outer","Parallel Aware": false,"Async Capable": false,"Startup Cost": 51360.10,"Total Cost": 51393.81,"Plan Rows": 5,"Plan Width": 24,"Actual Startup Time": 203.132,"Actual Total Time": 204.381,"Actual Rows": 5,"Actual Loops": 4,"Group Key": ["orders.o_orderpriority"],"Workers": [],"Plans": [{"Node Type": "Sort","Parent Relationship": "Outer","Parallel Aware": false,"Async Capable": false,"Startup Cost": 51360.10,"Total Cost": 51371.32,"Plan Rows": 4488,"Plan Width": 16,"Actual Startup Time": 202.800,"Actual Total Time": 203.297,"Actual Rows": 13290,"Actual Loops": 4,"Sort Key": ["orders.o_orderpriority"],"Sort Method": "quicksort","Sort Space Used": 1098,"Sort Space Type": "Memory","Workers": [{"Worker Number": 0,"Sort Method": "quicksort","Sort Space Used": 1124,"Sort Space Type": "Memory"},{"Worker Number": 1,"Sort Method": "quicksort","Sort Space Used": 1137,"Sort Space Type": "Memory"},{"Worker Number": 2,"Sort Method": "quicksort","Sort Space Used": 1087,"Sort Space Type": "Memory"}],"Plans": [{"Node Type": "Nested Loop","Parent Relationship": "Outer","Parallel Aware": false,"Async Capable": false,"Join Type": "Semi","Startup Cost": 809.33,"Total Cost": 51087.86,"Plan Rows": 4488,"Plan Width": 16,"Actual Startup Time": 5.403,"Actual Total Time": 196.470,"Actual Rows": 13290,"Actual Loops": 4,"Inner Unique": false,"Workers": [],"Plans": [{"Node Type": "Bitmap Heap Scan","Parent Relationship": "Outer","Parallel Aware": true,"Async Capable": false,"Relation Name": "orders","Alias": "orders","Startup Cost": 808.89,"Total Cost": 27187.35,"Plan Rows": 18897,"Plan Width": 20,"Actual Startup Time": 5.275,"Actual Total Time": 58.082,"Actual Rows": 14470,"Actual Loops": 4,"Recheck Cond": "((o_orderdate >= '1996-08-01'::date) AND (o_orderdate < '1996-11-01 00:00:00'::timestamp without time zone))","Rows Removed by Index Recheck": 0,"Exact Heap Blocks": 5695,"Lossy Heap Blocks": 0,"Workers": [],"Plans": [{"Node Type": "Bitmap Index Scan","Parent Relationship": "Outer","Parallel Aware": false,"Async Capable": false,"Index Name": "idx_orders_orderdate","Startup Cost": 0.00,"Total Cost": 794.25,"Plan Rows": 58582,"Plan Width": 0,"Actual Startup Time": 8.974,"Actual Total Time": 8.976,"Actual Rows": 57880,"Actual Loops": 1,"Index Cond": "((o_orderdate >= '1996-08-01'::date) AND (o_orderdate < '1996-11-01 00:00:00'::timestamp without time zone))","Workers": []}]},{"Node Type": "Index Scan","Parent Relationship": "Inner","Parallel Aware": false,"Async Capable": false,"Scan Direction": "Forward","Index Name": "idx_lineitem_orderkey","Relation Name": "lineitem","Alias": "lineitem","Startup Cost": 0.43,"Total Cost": 4.60,"Plan Rows": 6,"Plan Width": 4,"Actual Startup Time": 0.009,"Actual Total Time": 0.009,"Actual Rows": 1,"Actual Loops": 57880,"Index Cond": "(l_orderkey = orders.o_orderkey)","Rows Removed by Index Recheck": 0,"Filter": "(l_commitdate < l_receiptdate)","Rows Removed by Filter": 1,"Workers": []}]}]}]}]}]},"Planning Time": 4.460,"Triggers": [],"Execution Time": 236.855}]
[{"Plan": {"Node Type": "Aggregate","Strategy": "Sorted","Partial Mode": "Finalize","Parallel Aware": false,"Async Capable": false,"Startup Cost": 52369.77,"Total Cost": 52405.38,"Plan Rows": 5,"Plan Width": 24,"Actual Startup Time": 215.492,"Actual Total Time": 239.622,"Actual Rows": 5,"Actual Loops": 1,"Group Key": ["orders.o_orderpriority"],"Plans": [{"Node Type": "Gather Merge","Parent Relationship": "Outer","Parallel Aware": false,"Async Capable": false,"Startup Cost": 52369.77,"Total Cost": 52405.25,"Plan Rows": 15,"Plan Width": 24,"Actual Startup Time": 215.087,"Actual Total Time": 239.593,"Actual Rows": 20,"Actual Loops": 1,"Workers Planned": 3,"Workers Launched": 3,"Plans": [{"Node Type": "Aggregate","Strategy": "Sorted","Partial Mode": "Partial","Parent Relationship": "Outer","Parallel Aware": false,"Async Capable": false,"Startup Cost": 51369.73,"Total Cost": 51403.45,"Plan Rows": 5,"Plan Width": 24,"Actual Startup Time": 206.356,"Actual Total Time": 207.630,"Actual Rows": 5,"Actual Loops": 4,"Group Key": ["orders.o_orderpriority"],"Workers": [],"Plans": [{"Node Type": "Sort","Parent Relationship": "Outer","Parallel Aware": false,"Async Capable": false,"Startup Cost": 51369.73,"Total Cost": 51380.95,"Plan Rows": 4490,"Plan Width": 16,"Actual Startup Time": 206.011,"Actual Total Time": 206.540,"Actual Rows": 13264,"Actual Loops": 4,"Sort Key": ["orders.o_orderpriority"],"Sort Method": "quicksort","Sort Space Used": 1130,"Sort Space Type": "Memory","Workers": [{"Worker Number": 0,"Sort Method": "quicksort","Sort Space Used": 1100,"Sort Space Type": "Memory"},{"Worker Number": 1,"Sort Method": "quicksort","Sort Space Used": 1108,"Sort Space Type": "Memory"},{"Worker Number": 2,"Sort Method": "quicksort","Sort Space Used": 1102,"Sort Space Type": "Memory"}],"Plans": [{"Node Type": "Nested Loop","Parent Relationship": "Outer","Parallel Aware": false,"Async Capable": false,"Join Type": "Semi","Startup Cost": 809.60,"Total Cost": 51097.35,"Plan Rows": 4490,"Plan Width": 16,"Actual Startup Time": 5.570,"Actual Total Time": 199.495,"Actual Rows": 13264,"Actual Loops": 4,"Inner Unique": false,"Workers": [],"Plans": [{"Node Type": "Bitmap Heap Scan","Parent Relationship": "Outer","Parallel Aware": true,"Async Capable": false,"Relation Name": "orders","Alias": "orders","Startup Cost": 809.17,"Total Cost": 27187.76,"Plan Rows": 18906,"Plan Width": 20,"Actual Startup Time": 5.437,"Actual Total Time": 60.429,"Actual Rows": 14458,"Actual Loops": 4,"Recheck Cond": "((o_orderdate >= '1996-06-01'::date) AND (o_orderdate < '1996-09-01 00:00:00'::timestamp without time zone))","Rows Removed by Index Recheck": 0,"Exact Heap Blocks": 5975,"Lossy Heap Blocks": 0,"Workers": [],"Plans": [{"Node Type": "Bitmap Index Scan","Parent Relationship": "Outer","Parallel Aware": false,"Async Capable": false,"Index Name": "idx_orders_orderdate","Startup Cost": 0.00,"Total Cost": 794.52,"Plan Rows": 58609,"Plan Width": 0,"Actual Startup Time": 8.889,"Actual Total Time": 8.890,"Actual Rows": 57832,"Actual Loops": 1,"Index Cond": "((o_orderdate >= '1996-06-01'::date) AND (o_orderdate < '1996-09-01 00:00:00'::timestamp without time zone))","Workers": []}]},{"Node Type": "Index Scan","Parent Relationship": "Inner","Parallel Aware": false,"Async Capable": false,"Scan Direction": "Forward","Index Name": "idx_lineitem_orderkey","Relation Name": "lineitem","Alias": "lineitem","Startup Cost": 0.43,"Total Cost": 4.59,"Plan Rows": 6,"Plan Width": 4,"Actual Startup Time": 0.009,"Actual Total Time": 0.009,"Actual Rows": 1,"Actual Loops": 57832,"Index Cond": "(l_orderkey = orders.o_orderkey)","Rows Removed by Index Recheck": 0,"Filter": "(l_commitdate < l_receiptdate)","Rows Removed by Filter": 1,"Workers": []}]}]}]}]}]},"Planning Time": 4.853,"Triggers": [],"Execution Time": 240.068}]
[{"Plan": {"Node Type": "Aggregate","Strategy": "Sorted","Partial Mode": "Finalize","Parallel Aware": false,"Async Capable": false,"Startup Cost": 52255.71,"Total Cost": 52291.13,"Plan Rows": 5,"Plan Width": 24,"Actual Startup Time": 211.972,"Actual Total Time": 236.561,"Actual Rows": 5,"Actual Loops": 1,"Group Key": ["orders.o_orderpriority"],"Plans": [{"Node Type": "Gather Merge","Parent Relationship": "Outer","Parallel Aware": false,"Async Capable": false,"Startup Cost": 52255.71,"Total Cost": 52291.01,"Plan Rows": 15,"Plan Width": 24,"Actual Startup Time": 211.618,"Actual Total Time": 236.530,"Actual Rows": 20,"Actual Loops": 1,"Workers Planned": 3,"Workers Launched": 3,"Plans": [{"Node Type": "Aggregate","Strategy": "Sorted","Partial Mode": "Partial","Parent Relationship": "Outer","Parallel Aware": false,"Async Capable": false,"Startup Cost": 51255.67,"Total Cost": 51289.20,"Plan Rows": 5,"Plan Width": 24,"Actual Startup Time": 202.468,"Actual Total Time": 203.726,"Actual Rows": 5,"Actual Loops": 4,"Group Key": ["orders.o_orderpriority"],"Workers": [],"Plans": [{"Node Type": "Sort","Parent Relationship": "Outer","Parallel Aware": false,"Async Capable": false,"Startup Cost": 51255.67,"Total Cost": 51266.83,"Plan Rows": 4465,"Plan Width": 16,"Actual Startup Time": 202.127,"Actual Total Time": 202.650,"Actual Rows": 13181,"Actual Loops": 4,"Sort Key": ["orders.o_orderpriority"],"Sort Method": "quicksort","Sort Space Used": 1096,"Sort Space Type": "Memory","Workers": [{"Worker Number": 0,"Sort Method": "quicksort","Sort Space Used": 1118,"Sort Space Type": "Memory"},{"Worker Number": 1,"Sort Method": "quicksort","Sort Space Used": 1123,"Sort Space Type": "Memory"},{"Worker Number": 2,"Sort Method": "quicksort","Sort Space Used": 1084,"Sort Space Type": "Memory"}],"Plans": [{"Node Type": "Nested Loop","Parent Relationship": "Outer","Parallel Aware": false,"Async Capable": false,"Join Type": "Semi","Startup Cost": 806.21,"Total Cost": 50984.99,"Plan Rows": 4465,"Plan Width": 16,"Actual Startup Time": 5.123,"Actual Total Time": 195.709,"Actual Rows": 13181,"Actual Loops": 4,"Inner Unique": false,"Workers": [],"Plans": [{"Node Type": "Bitmap Heap Scan","Parent Relationship": "Outer","Parallel Aware": true,"Async Capable": false,"Relation Name": "orders","Alias": "orders","Startup Cost": 805.78,"Total Cost": 27182.77,"Plan Rows": 18799,"Plan Width": 20,"Actual Startup Time": 5.001,"Actual Total Time": 57.882,"Actual Rows": 14368,"Actual Loops": 4,"Recheck Cond": "((o_orderdate >= '1994-06-01'::date) AND (o_orderdate < '1994-09-01 00:00:00'::timestamp without time zone))","Rows Removed by Index Recheck": 0,"Exact Heap Blocks": 5811,"Lossy Heap Blocks": 0,"Workers": [],"Plans": [{"Node Type": "Bitmap Index Scan","Parent Relationship": "Outer","Parallel Aware": false,"Async Capable": false,"Index Name": "idx_orders_orderdate","Startup Cost": 0.00,"Total Cost": 791.21,"Plan Rows": 58278,"Plan Width": 0,"Actual Startup Time": 8.690,"Actual Total Time": 8.694,"Actual Rows": 57474,"Actual Loops": 1,"Index Cond": "((o_orderdate >= '1994-06-01'::date) AND (o_orderdate < '1994-09-01 00:00:00'::timestamp without time zone))","Workers": []}]},{"Node Type": "Index Scan","Parent Relationship": "Inner","Parallel Aware": false,"Async Capable": false,"Scan Direction": "Forward","Index Name": "idx_lineitem_orderkey","Relation Name": "lineitem","Alias": "lineitem","Startup Cost": 0.43,"Total Cost": 4.60,"Plan Rows": 6,"Plan Width": 4,"Actual Startup Time": 0.009,"Actual Total Time": 0.009,"Actual Rows": 1,"Actual Loops": 57474,"Index Cond": "(l_orderkey = orders.o_orderkey)","Rows Removed by Index Recheck": 0,"Filter": "(l_commitdate < l_receiptdate)","Rows Removed by Filter": 1,"Workers": []}]}]}]}]}]},"Planning Time": 5.449,"Triggers": [],"Execution Time": 237.068}]
[{"Plan": {"Node Type": "Aggregate","Strategy": "Sorted","Partial Mode": "Finalize","Parallel Aware": false,"Async Capable": false,"Startup Cost": 52369.77,"Total Cost": 52405.38,"Plan Rows": 5,"Plan Width": 24,"Actual Startup Time": 215.492,"Actual Total Time": 239.622,"Actual Rows": 5,"Actual Loops": 1,"Group Key": ["orders.o_orderpriority"],"Plans": [{"Node Type": "Gather Merge","Parent Relationship": "Outer","Parallel Aware": false,"Async Capable": false,"Startup Cost": 52369.77,"Total Cost": 52405.25,"Plan Rows": 15,"Plan Width": 24,"Actual Startup Time": 215.087,"Actual Total Time": 239.593,"Actual Rows": 20,"Actual Loops": 1,"Workers Planned": 3,"Workers Launched": 3,"Plans": [{"Node Type": "Aggregate","Strategy": "Sorted","Partial Mode": "Partial","Parent Relationship": "Outer","Parallel Aware": false,"Async Capable": false,"Startup Cost": 51369.73,"Total Cost": 51403.45,"Plan Rows": 5,"Plan Width": 24,"Actual Startup Time": 206.356,"Actual Total Time": 207.630,"Actual Rows": 5,"Actual Loops": 4,"Group Key": ["orders.o_orderpriority"],"Workers": [],"Plans": [{"Node Type": "Sort","Parent Relationship": "Outer","Parallel Aware": false,"Async Capable": false,"Startup Cost": 51369.73,"Total Cost": 51380.95,"Plan Rows": 4490,"Plan Width": 16,"Actual Startup Time": 206.011,"Actual Total Time": 206.540,"Actual Rows": 13264,"Actual Loops": 4,"Sort Key": ["orders.o_orderpriority"],"Sort Method": "quicksort","Sort Space Used": 1130,"Sort Space Type": "Memory","Workers": [{"Worker Number": 0,"Sort Method": "quicksort","Sort Space Used": 1100,"Sort Space Type": "Memory"},{"Worker Number": 1,"Sort Method": "quicksort","Sort Space Used": 1108,"Sort Space Type": "Memory"},{"Worker Number": 2,"Sort Method": "quicksort","Sort Space Used": 1102,"Sort Space Type": "Memory"}],"Plans": [{"Node Type": "Nested Loop","Parent Relationship": "Outer","Parallel Aware": false,"Async Capable": false,"Join Type": "Semi","Startup Cost": 809.60,"Total Cost": 51097.35,"Plan Rows": 4490,"Plan Width": 16,"Actual Startup Time": 5.570,"Actual Total Time": 199.495,"Actual Rows": 13264,"Actual Loops": 4,"Inner Unique": false,"Workers": [],"Plans": [{"Node Type": "Bitmap Heap Scan","Parent Relationship": "Outer","Parallel Aware": true,"Async Capable": false,"Relation Name": "orders","Alias": "orders","Startup Cost": 809.17,"Total Cost": 27187.76,"Plan Rows": 18906,"Plan Width": 20,"Actual Startup Time": 5.437,"Actual Total Time": 60.429,"Actual Rows": 14458,"Actual Loops": 4,"Recheck Cond": "((o_orderdate >= '1996-06-01'::date) AND (o_orderdate < '1996-09-01 00:00:00'::timestamp without time zone))","Rows Removed by Index Recheck": 0,"Exact Heap Blocks": 5975,"Lossy Heap Blocks": 0,"Workers": [],"Plans": [{"Node Type": "Bitmap Index Scan","Parent Relationship": "Outer","Parallel Aware": false,"Async Capable": false,"Index Name": "idx_orders_orderdate","Startup Cost": 0.00,"Total Cost": 794.52,"Plan Rows": 58609,"Plan Width": 0,"Actual Startup Time": 8.889,"Actual Total Time": 8.890,"Actual Rows": 57832,"Actual Loops": 1,"Index Cond": "((o_orderdate >= '1996-06-01'::date) AND (o_orderdate < '1996-09-01 00:00:00'::timestamp without time zone))","Workers": []}]},{"Node Type": "Index Scan","Parent Relationship": "Inner","Parallel Aware": false,"Async Capable": false,"Scan Direction": "Forward","Index Name": "idx_lineitem_orderkey","Relation Name": "lineitem","Alias": "lineitem","Startup Cost": 0.43,"Total Cost": 4.59,"Plan Rows": 6,"Plan Width": 4,"Actual Startup Time": 0.009,"Actual Total Time": 0.009,"Actual Rows": 1,"Actual Loops": 57832,"Index Cond": "(l_orderkey = orders.o_orderkey)","Rows Removed by Index Recheck": 0,"Filter": "(l_commitdate < l_receiptdate)","Rows Removed by Filter": 1,"Workers": []}]}]}]}]}]},"Planning Time": 4.853,"Triggers": [],"Execution Time": 240.068}]
[{"Plan": {"Node Type": "Aggregate","Strategy": "Sorted","Partial Mode": "Finalize","Parallel Aware": false,"Async Capable": false,"Startup Cost": 53066.80,"Total Cost": 53103.57,"Plan Rows": 5,"Plan Width": 24,"Actual Startup Time": 212.244,"Actual Total Time": 236.326,"Actual Rows": 5,"Actual Loops": 1,"Group Key": ["orders.o_orderpriority"],"Plans": [{"Node Type": "Gather Merge","Parent Relationship": "Outer","Parallel Aware": false,"Async Capable": false,"Startup Cost": 53066.80,"Total Cost": 53103.44,"Plan Rows": 15,"Plan Width": 24,"Actual Startup Time": 211.829,"Actual Total Time": 236.295,"Actual Rows": 20,"Actual Loops": 1,"Workers Planned": 3,"Workers Launched": 3,"Plans": [{"Node Type": "Aggregate","Strategy": "Sorted","Partial Mode": "Partial","Parent Relationship": "Outer","Parallel Aware": false,"Async Capable": false,"Startup Cost": 52066.76,"Total Cost": 52101.64,"Plan Rows": 5,"Plan Width": 24,"Actual Startup Time": 202.767,"Actual Total Time": 204.001,"Actual Rows": 5,"Actual Loops": 4,"Group Key": ["orders.o_orderpriority"],"Workers": [],"Plans": [{"Node Type": "Sort","Parent Relationship": "Outer","Parallel Aware": false,"Async Capable": false,"Startup Cost": 52066.76,"Total Cost": 52078.37,"Plan Rows": 4644,"Plan Width": 16,"Actual Startup Time": 202.424,"Actual Total Time": 202.931,"Actual Rows": 12960,"Actual Loops": 4,"Sort Key": ["orders.o_orderpriority"],"Sort Method": "quicksort","Sort Space Used": 1093,"Sort Space Type": "Memory","Workers": [{"Worker Number": 0,"Sort Method": "quicksort","Sort Space Used": 1075,"Sort Space Type": "Memory"},{"Worker Number": 1,"Sort Method": "quicksort","Sort Space Used": 1099,"Sort Space Type": "Memory"},{"Worker Number": 2,"Sort Method": "quicksort","Sort Space Used": 1106,"Sort Space Type": "Memory"}],"Plans": [{"Node Type": "Nested Loop","Parent Relationship": "Outer","Parallel Aware": false,"Async Capable": false,"Join Type": "Semi","Startup Cost": 838.15,"Total Cost": 51783.92,"Plan Rows": 4644,"Plan Width": 16,"Actual Startup Time": 4.866,"Actual Total Time": 196.038,"Actual Rows": 12960,"Actual Loops": 4,"Inner Unique": false,"Workers": [],"Plans": [{"Node Type": "Bitmap Heap Scan","Parent Relationship": "Outer","Parallel Aware": true,"Async Capable": false,"Relation Name": "orders","Alias": "orders","Startup Cost": 837.72,"Total Cost": 27226.01,"Plan Rows": 19553,"Plan Width": 20,"Actual Startup Time": 4.730,"Actual Total Time": 58.287,"Actual Rows": 14126,"Actual Loops": 4,"Recheck Cond": "((o_orderdate >= '1995-01-01'::date) AND (o_orderdate < '1995-04-01 00:00:00'::timestamp without time zone))","Rows Removed by Index Recheck": 0,"Exact Heap Blocks": 5851,"Lossy Heap Blocks": 0,"Workers": [],"Plans": [{"Node Type": "Bitmap Index Scan","Parent Relationship": "Outer","Parallel Aware": false,"Async Capable": false,"Index Name": "idx_orders_orderdate","Startup Cost": 0.00,"Total Cost": 822.57,"Plan Rows": 60614,"Plan Width": 0,"Actual Startup Time": 8.580,"Actual Total Time": 8.580,"Actual Rows": 56506,"Actual Loops": 1,"Index Cond": "((o_orderdate >= '1995-01-01'::date) AND (o_orderdate < '1995-04-01 00:00:00'::timestamp without time zone))","Workers": []}]},{"Node Type": "Index Scan","Parent Relationship": "Inner","Parallel Aware": false,"Async Capable": false,"Scan Direction": "Forward","Index Name": "idx_lineitem_orderkey","Relation Name": "lineitem","Alias": "lineitem","Startup Cost": 0.43,"Total Cost": 4.55,"Plan Rows": 6,"Plan Width": 4,"Actual Startup Time": 0.009,"Actual Total Time": 0.009,"Actual Rows": 1,"Actual Loops": 56506,"Index Cond": "(l_orderkey = orders.o_orderkey)","Rows Removed by Index Recheck": 0,"Filter": "(l_commitdate < l_receiptdate)","Rows Removed by Filter": 1,"Workers": []}]}]}]}]}]},"Planning Time": 5.921,"Triggers": [],"Execution Time": 236.742}]
[{"Plan": {"Node Type": "Aggregate","Strategy": "Sorted","Partial Mode": "Finalize","Parallel Aware": false,"Async Capable": false,"Startup Cost": 51563.06,"Total Cost": 51597.36,"Plan Rows": 5,"Plan Width": 24,"Actual Startup Time": 209.353,"Actual Total Time": 233.705,"Actual Rows": 5,"Actual Loops": 1,"Group Key": ["orders.o_orderpriority"],"Plans": [{"Node Type": "Gather Merge","Parent Relationship": "Outer","Parallel Aware": false,"Async Capable": false,"Startup Cost": 51563.06,"Total Cost": 51597.23,"Plan Rows": 15,"Plan Width": 24,"Actual Startup Time": 208.928,"Actual Total Time": 233.674,"Actual Rows": 20,"Actual Loops": 1,"Workers Planned": 3,"Workers Launched": 3,"Plans": [{"Node Type": "Aggregate","Strategy": "Sorted","Partial Mode": "Partial","Parent Relationship": "Outer","Parallel Aware": false,"Async Capable": false,"Startup Cost": 50563.02,"Total Cost": 50595.43,"Plan Rows": 5,"Plan Width": 24,"Actual Startup Time": 200.123,"Actual Total Time": 201.359,"Actual Rows": 5,"Actual Loops": 4,"Group Key": ["orders.o_orderpriority"],"Workers": [],"Plans": [{"Node Type": "Sort","Parent Relationship": "Outer","Parallel Aware": false,"Async Capable": false,"Startup Cost": 50563.02,"Total Cost": 50573.81,"Plan Rows": 4314,"Plan Width": 16,"Actual Startup Time": 199.793,"Actual Total Time": 200.293,"Actual Rows": 12936,"Actual Loops": 4,"Sort Key": ["orders.o_orderpriority"],"Sort Method": "quicksort","Sort Space Used": 1088,"Sort Space Type": "Memory","Workers": [{"Worker Number": 0,"Sort Method": "quicksort","Sort Space Used": 1073,"Sort Space Type": "Memory"},{"Worker Number": 1,"Sort Method": "quicksort","Sort Space Used": 1104,"Sort Space Type": "Memory"},{"Worker Number": 2,"Sort Method": "quicksort","Sort Space Used": 1102,"Sort Space Type": "Memory"}],"Plans": [{"Node Type": "Nested Loop","Parent Relationship": "Outer","Parallel Aware": false,"Async Capable": false,"Join Type": "Semi","Startup Cost": 777.94,"Total Cost": 50302.57,"Plan Rows": 4314,"Plan Width": 16,"Actual Startup Time": 5.390,"Actual Total Time": 193.555,"Actual Rows": 12936,"Actual Loops": 4,"Inner Unique": false,"Workers": [],"Plans": [{"Node Type": "Bitmap Heap Scan","Parent Relationship": "Outer","Parallel Aware": true,"Async Capable": false,"Relation Name": "orders","Alias": "orders","Startup Cost": 777.50,"Total Cost": 27144.92,"Plan Rows": 18161,"Plan Width": 20,"Actual Startup Time": 5.246,"Actual Total Time": 58.249,"Actual Rows": 14114,"Actual Loops": 4,"Recheck Cond": "((o_orderdate >= '1997-09-01'::date) AND (o_orderdate < '1997-12-01 00:00:00'::timestamp without time zone))","Rows Removed by Index Recheck": 0,"Exact Heap Blocks": 5736,"Lossy Heap Blocks": 0,"Workers": [],"Plans": [{"Node Type": "Bitmap Index Scan","Parent Relationship": "Outer","Parallel Aware": false,"Async Capable": false,"Index Name": "idx_orders_orderdate","Startup Cost": 0.00,"Total Cost": 763.43,"Plan Rows": 56300,"Plan Width": 0,"Actual Startup Time": 8.862,"Actual Total Time": 8.862,"Actual Rows": 56454,"Actual Loops": 1,"Index Cond": "((o_orderdate >= '1997-09-01'::date) AND (o_orderdate < '1997-12-01 00:00:00'::timestamp without time zone))","Workers": []}]},{"Node Type": "Index Scan","Parent Relationship": "Inner","Parallel Aware": false,"Async Capable": false,"Scan Direction": "Forward","Index Name": "idx_lineitem_orderkey","Relation Name": "lineitem","Alias": "lineitem","Startup Cost": 0.43,"Total Cost": 4.65,"Plan Rows": 6,"Plan Width": 4,"Actual Startup Time": 0.009,"Actual Total Time": 0.009,"Actual Rows": 1,"Actual Loops": 56454,"Index Cond": "(l_orderkey = orders.o_orderkey)","Rows Removed by Index Recheck": 0,"Filter": "(l_commitdate < l_receiptdate)","Rows Removed by Filter": 1,"Workers": []}]}]}]}]}]},"Planning Time": 5.783,"Triggers": [],"Execution Time": 234.121}]
