[{"Plan": {"Node Type": "Aggregate","Strategy": "Plain","Partial Mode": "Finalize","Parallel Aware": false,"Async Capable": false,"Startup Cost": 147404.34,"Total Cost": 147404.35,"Plan Rows": 1,"Plan Width": 32,"Actual Startup Time": 300.362,"Actual Total Time": 333.522,"Actual Rows": 1,"Actual Loops": 1,"Plans": [{"Node Type": "Gather","Parent Relationship": "Outer","Parallel Aware": false,"Async Capable": false,"Startup Cost": 147403.91,"Total Cost": 147404.32,"Plan Rows": 4,"Plan Width": 32,"Actual Startup Time": 300.181,"Actual Total Time": 333.484,"Actual Rows": 5,"Actual Loops": 1,"Workers Planned": 4,"Workers Launched": 4,"Single Copy": false,"Plans": [{"Node Type": "Aggregate","Strategy": "Plain","Partial Mode": "Partial","Parent Relationship": "Outer","Parallel Aware": false,"Async Capable": false,"Startup Cost": 146403.91,"Total Cost": 146403.92,"Plan Rows": 1,"Plan Width": 32,"Actual Startup Time": 293.530,"Actual Total Time": 293.532,"Actual Rows": 1,"Actual Loops": 5,"Workers": [],"Plans": [{"Node Type": "Seq Scan","Parent Relationship": "Outer","Parallel Aware": true,"Async Capable": false,"Relation Name": "lineitem","Alias": "lineitem","Startup Cost": 0.00,"Total Cost": 146259.83,"Plan Rows": 28815,"Plan Width": 12,"Actual Startup Time": 0.061,"Actual Total Time": 288.650,"Actual Rows": 22809,"Actual Loops": 5,"Filter": "((l_shipdate >= '1993-01-01'::date) AND (l_shipdate < '1994-01-01 00:00:00'::timestamp without time zone) AND (l_discount >= 0.05) AND (l_discount <= 0.07) AND (l_quantity < '24'::numeric))","Rows Removed by Filter": 1177434,"Workers": []}]}]}]},"Planning Time": 2.249,"Triggers": [],"Execution Time": 333.759}]
[{"Plan": {"Node Type": "Aggregate","Strategy": "Plain","Partial Mode": "Finalize","Parallel Aware": false,"Async Capable": false,"Startup Cost": 147400.89,"Total Cost": 147400.90,"Plan Rows": 1,"Plan Width": 32,"Actual Startup Time": 302.056,"Actual Total Time": 334.390,"Actual Rows": 1,"Actual Loops": 1,"Plans": [{"Node Type": "Gather","Parent Relationship": "Outer","Parallel Aware": false,"Async Capable": false,"Startup Cost": 147400.46,"Total Cost": 147400.87,"Plan Rows": 4,"Plan Width": 32,"Actual Startup Time": 301.887,"Actual Total Time": 334.361,"Actual Rows": 5,"Actual Loops": 1,"Workers Planned": 4,"Workers Launched": 4,"Single Copy": false,"Plans": [{"Node Type": "Aggregate","Strategy": "Plain","Partial Mode": "Partial","Parent Relationship": "Outer","Parallel Aware": false,"Async Capable": false,"Startup Cost": 146400.46,"Total Cost": 146400.47,"Plan Rows": 1,"Plan Width": 32,"Actual Startup Time": 295.081,"Actual Total Time": 295.082,"Actual Rows": 1,"Actual Loops": 5,"Workers": [],"Plans": [{"Node Type": "Seq Scan","Parent Relationship": "Outer","Parallel Aware": true,"Async Capable": false,"Relation Name": "lineitem","Alias": "lineitem","Startup Cost": 0.00,"Total Cost": 146259.83,"Plan Rows": 28125,"Plan Width": 12,"Actual Startup Time": 0.087,"Actual Total Time": 290.295,"Actual Rows": 22764,"Actual Loops": 5,"Filter": "((l_shipdate >= '1994-01-01'::date) AND (l_shipdate < '1995-01-01 00:00:00'::timestamp without time zone) AND (l_discount >= 0.08) AND (l_discount <= 0.10) AND (l_quantity < '24'::numeric))","Rows Removed by Filter": 1177479,"Workers": []}]}]}]},"Planning Time": 2.411,"Triggers": [],"Execution Time": 334.598}]
[{"Plan": {"Node Type": "Aggregate","Strategy": "Plain","Partial Mode": "Finalize","Parallel Aware": false,"Async Capable": false,"Startup Cost": 147402.74,"Total Cost": 147402.75,"Plan Rows": 1,"Plan Width": 32,"Actual Startup Time": 294.972,"Actual Total Time": 327.491,"Actual Rows": 1,"Actual Loops": 1,"Plans": [{"Node Type": "Gather","Parent Relationship": "Outer","Parallel Aware": false,"Async Capable": false,"Startup Cost": 147402.31,"Total Cost": 147402.72,"Plan Rows": 4,"Plan Width": 32,"Actual Startup Time": 294.803,"Actual Total Time": 327.457,"Actual Rows": 5,"Actual Loops": 1,"Workers Planned": 4,"Workers Launched": 4,"Single Copy": false,"Plans": [{"Node Type": "Aggregate","Strategy": "Plain","Partial Mode": "Partial","Parent Relationship": "Outer","Parallel Aware": false,"Async Capable": false,"Startup Cost": 146402.31,"Total Cost": 146402.32,"Plan Rows": 1,"Plan Width": 32,"Actual Startup Time": 288.287,"Actual Total Time": 288.289,"Actual Rows": 1,"Actual Loops": 5,"Workers": [],"Plans": [{"Node Type": "Seq Scan","Parent Relationship": "Outer","Parallel Aware": true,"Async Capable": false,"Relation Name": "lineitem","Alias": "lineitem","Startup Cost": 0.00,"Total Cost": 146259.83,"Plan Rows": 28495,"Plan Width": 12,"Actual Startup Time": 0.083,"Actual Total Time": 283.417,"Actual Rows": 22816,"Actual Loops": 5,"Filter": "((l_shipdate >= '1996-01-01'::date) AND (l_shipdate < '1997-01-01 00:00:00'::timestamp without time zone) AND (l_discount >= 0.05) AND (l_discount <= 0.07) AND (l_quantity < '24'::numeric))","Rows Removed by Filter": 1177427,"Workers": []}]}]}]},"Planning Time": 2.656,"Triggers": [],"Execution Time": 327.682}]
[{"Plan": {"Node Type": "Aggregate","Strategy": "Plain","Partial Mode": "Finalize","Parallel Aware": false,"Async Capable": false,"Startup Cost": 147406.86,"Total Cost": 147406.87,"Plan Rows": 1,"Plan Width": 32,"Actual Startup Time": 300.104,"Actual Total Time": 331.789,"Actual Rows": 1,"Actual Loops": 1,"Plans": [{"Node Type": "Gather","Parent Relationship": "Outer","Parallel Aware": false,"Async Capable": false,"Startup Cost": 147406.43,"Total Cost": 147406.84,"Plan Rows": 4,"Plan Width": 32,"Actual Startup Time": 299.950,"Actual Total Time": 331.768,"Actual Rows": 5,"Actual Loops": 1,"Workers Planned": 4,"Workers Launched": 4,"Single Copy": false,"Plans": [{"Node Type": "Aggregate","Strategy": "Plain","Partial Mode": "Partial","Parent Relationship": "Outer","Parallel Aware": false,"Async Capable": false,"Startup Cost": 146406.43,"Total Cost": 146406.44,"Plan Rows": 1,"Plan Width": 32,"Actual Startup Time": 293.419,"Actual Total Time": 293.420,"Actual Rows": 1,"Actual Loops": 5,"Workers": [],"Plans": [{"Node Type": "Seq Scan","Parent Relationship": "Outer","Parallel Aware": true,"Async Capable": false,"Relation Name": "lineitem","Alias": "lineitem","Startup Cost": 0.00,"Total Cost": 146259.83,"Plan Rows": 29319,"Plan Width": 12,"Actual Startup Time": 0.099,"Actual Total Time": 288.598,"Actual Rows": 22982,"Actual Loops": 5,"Filter": "((l_shipdate >= '1995-01-01'::date) AND (l_shipdate < '1996-01-01 00:00:00'::timestamp without time zone) AND (l_discount >= 0.05) AND (l_discount <= 0.07) AND (l_quantity < '24'::numeric))","Rows Removed by Filter": 1177261,"Workers": []}]}]}]},"Planning Time": 2.905,"Triggers": [],"Execution Time": 332.052}]
[{"Plan": {"Node Type": "Aggregate","Strategy": "Plain","Partial Mode": "Finalize","Parallel Aware": false,"Async Capable": false,"Startup Cost": 147402.78,"Total Cost": 147402.79,"Plan Rows": 1,"Plan Width": 32,"Actual Startup Time": 312.656,"Actual Total Time": 344.675,"Actual Rows": 1,"Actual Loops": 1,"Plans": [{"Node Type": "Gather","Parent Relationship": "Outer","Parallel Aware": false,"Async Capable": false,"Startup Cost": 147402.35,"Total Cost": 147402.76,"Plan Rows": 4,"Plan Width": 32,"Actual Startup Time": 312.490,"Actual Total Time": 344.644,"Actual Rows": 5,"Actual Loops": 1,"Workers Planned": 4,"Workers Launched": 4,"Single Copy": false,"Plans": [{"Node Type": "Aggregate","Strategy": "Plain","Partial Mode": "Partial","Parent Relationship": "Outer","Parallel Aware": false,"Async Capable": false,"Startup Cost": 146402.35,"Total Cost": 146402.36,"Plan Rows": 1,"Plan Width": 32,"Actual Startup Time": 305.317,"Actual Total Time": 305.318,"Actual Rows": 1,"Actual Loops": 5,"Workers": [],"Plans": [{"Node Type": "Seq Scan","Parent Relationship": "Outer","Parallel Aware": true,"Async Capable": false,"Relation Name": "lineitem","Alias": "lineitem","Startup Cost": 0.00,"Total Cost": 146259.83,"Plan Rows": 28502,"Plan Width": 12,"Actual Startup Time": 0.102,"Actual Total Time": 300.135,"Actual Rows": 22886,"Actual Loops": 5,"Filter": "((l_shipdate >= '1996-01-01'::date) AND (l_shipdate < '1997-01-01 00:00:00'::timestamp without time zone) AND (l_discount >= 0.07) AND (l_discount <= 0.09) AND (l_quantity < '24'::numeric))","Rows Removed by Filter": 1177357,"Workers": []}]}]}]},"Planning Time": 2.959,"Triggers": [],"Execution Time": 344.931}]
[{"Plan": {"Node Type": "Aggregate","Strategy": "Plain","Partial Mode": "Finalize","Parallel Aware": false,"Async Capable": false,"Startup Cost": 147413.88,"Total Cost": 147413.89,"Plan Rows": 1,"Plan Width": 32,"Actual Startup Time": 301.549,"Actual Total Time": 333.949,"Actual Rows": 1,"Actual Loops": 1,"Plans": [{"Node Type": "Gather","Parent Relationship": "Outer","Parallel Aware": false,"Async Capable": false,"Startup Cost": 147413.45,"Total Cost": 147413.86,"Plan Rows": 4,"Plan Width": 32,"Actual Startup Time": 301.403,"Actual Total Time": 333.922,"Actual Rows": 5,"Actual Loops": 1,"Workers Planned": 4,"Workers Launched": 4,"Single Copy": false,"Plans": [{"Node Type": "Aggregate","Strategy": "Plain","Partial Mode": "Partial","Parent Relationship": "Outer","Parallel Aware": false,"Async Capable": false,"Startup Cost": 146413.45,"Total Cost": 146413.46,"Plan Rows": 1,"Plan Width": 32,"Actual Startup Time": 294.750,"Actual Total Time": 294.752,"Actual Rows": 1,"Actual Loops": 5,"Workers": [],"Plans": [{"Node Type": "Seq Scan","Parent Relationship": "Outer","Parallel Aware": true,"Async Capable": false,"Relation Name": "lineitem","Alias": "lineitem","Startup Cost": 0.00,"Total Cost": 146259.83,"Plan Rows": 30722,"Plan Width": 12,"Actual Startup Time": 0.080,"Actual Total Time": 289.738,"Actual Rows": 24012,"Actual Loops": 5,"Filter": "((l_shipdate >= '1995-01-01'::date) AND (l_shipdate < '1996-01-01 00:00:00'::timestamp without time zone) AND (l_discount >= 0.04) AND (l_discount <= 0.06) AND (l_quantity < '25'::numeric))","Rows Removed by Filter": 1176231,"Workers": []}]}]}]},"Planning Time": 2.384,"Triggers": [],"Execution Time": 334.172}]
[{"Plan": {"Node Type": "Aggregate","Strategy": "Plain","Partial Mode": "Finalize","Parallel Aware": false,"Async Capable": false,"Startup Cost": 147401.96,"Total Cost": 147401.97,"Plan Rows": 1,"Plan Width": 32,"Actual Startup Time": 301.236,"Actual Total Time": 333.196,"Actual Rows": 1,"Actual Loops": 1,"Plans": [{"Node Type": "Gather","Parent Relationship": "Outer","Parallel Aware": false,"Async Capable": false,"Startup Cost": 147401.53,"Total Cost": 147401.94,"Plan Rows": 4,"Plan Width": 32,"Actual Startup Time": 301.008,"Actual Total Time": 333.159,"Actual Rows": 5,"Actual Loops": 1,"Workers Planned": 4,"Workers Launched": 4,"Single Copy": false,"Plans": [{"Node Type": "Aggregate","Strategy": "Plain","Partial Mode": "Partial","Parent Relationship": "Outer","Parallel Aware": false,"Async Capable": false,"Startup Cost": 146401.53,"Total Cost": 146401.54,"Plan Rows": 1,"Plan Width": 32,"Actual Startup Time": 293.920,"Actual Total Time": 293.926,"Actual Rows": 1,"Actual Loops": 5,"Workers": [],"Plans": [{"Node Type": "Seq Scan","Parent Relationship": "Outer","Parallel Aware": true,"Async Capable": false,"Relation Name": "lineitem","Alias": "lineitem","Startup Cost": 0.00,"Total Cost": 146259.83,"Plan Rows": 28338,"Plan Width": 12,"Actual Startup Time": 0.086,"Actual Total Time": 288.967,"Actual Rows": 22878,"Actual Loops": 5,"Filter": "((l_shipdate >= '1996-01-01'::date) AND (l_shipdate < '1997-01-01 00:00:00'::timestamp without time zone) AND (l_discount >= 0.03) AND (l_discount <= 0.05) AND (l_quantity < '24'::numeric))","Rows Removed by Filter": 1177365,"Workers": []}]}]}]},"Planning Time": 2.851,"Triggers": [],"Execution Time": 333.444}]
[{"Plan": {"Node Type": "Aggregate","Strategy": "Plain","Partial Mode": "Finalize","Parallel Aware": false,"Async Capable": false,"Startup Cost": 147404.96,"Total Cost": 147404.97,"Plan Rows": 1,"Plan Width": 32,"Actual Startup Time": 299.862,"Actual Total Time": 331.928,"Actual Rows": 1,"Actual Loops": 1,"Plans": [{"Node Type": "Gather","Parent Relationship": "Outer","Parallel Aware": false,"Async Capable": false,"Startup Cost": 147404.53,"Total Cost": 147404.94,"Plan Rows": 4,"Plan Width": 32,"Actual Startup Time": 299.670,"Actual Total Time": 331.889,"Actual Rows": 5,"Actual Loops": 1,"Workers Planned": 4,"Workers Launched": 4,"Single Copy": false,"Plans": [{"Node Type": "Aggregate","Strategy": "Plain","Partial Mode": "Partial","Parent Relationship": "Outer","Parallel Aware": false,"Async Capable": false,"Startup Cost": 146404.53,"Total Cost": 146404.54,"Plan Rows": 1,"Plan Width": 32,"Actual Startup Time": 293.003,"Actual Total Time": 293.008,"Actual Rows": 1,"Actual Loops": 5,"Workers": [],"Plans": [{"Node Type": "Seq Scan","Parent Relationship": "Outer","Parallel Aware": true,"Async Capable": false,"Relation Name": "lineitem","Alias": "lineitem","Startup Cost": 0.00,"Total Cost": 146259.83,"Plan Rows": 28939,"Plan Width": 12,"Actual Startup Time": 0.132,"Actual Total Time": 288.212,"Actual Rows": 22676,"Actual Loops": 5,"Filter": "((l_shipdate >= '1993-01-01'::date) AND (l_shipdate < '1994-01-01 00:00:00'::timestamp without time zone) AND (l_discount >= 0.02) AND (l_discount <= 0.04) AND (l_quantity < '24'::numeric))","Rows Removed by Filter": 1177567,"Workers": []}]}]}]},"Planning Time": 2.656,"Triggers": [],"Execution Time": 332.192}]
[{"Plan": {"Node Type": "Aggregate","Strategy": "Plain","Partial Mode": "Finalize","Parallel Aware": false,"Async Capable": false,"Startup Cost": 147413.88,"Total Cost": 147413.89,"Plan Rows": 1,"Plan Width": 32,"Actual Startup Time": 301.549,"Actual Total Time": 333.949,"Actual Rows": 1,"Actual Loops": 1,"Plans": [{"Node Type": "Gather","Parent Relationship": "Outer","Parallel Aware": false,"Async Capable": false,"Startup Cost": 147413.45,"Total Cost": 147413.86,"Plan Rows": 4,"Plan Width": 32,"Actual Startup Time": 301.403,"Actual Total Time": 333.922,"Actual Rows": 5,"Actual Loops": 1,"Workers Planned": 4,"Workers Launched": 4,"Single Copy": false,"Plans": [{"Node Type": "Aggregate","Strategy": "Plain","Partial Mode": "Partial","Parent Relationship": "Outer","Parallel Aware": false,"Async Capable": false,"Startup Cost": 146413.45,"Total Cost": 146413.46,"Plan Rows": 1,"Plan Width": 32,"Actual Startup Time": 294.750,"Actual Total Time": 294.752,"Actual Rows": 1,"Actual Loops": 5,"Workers": [],"Plans": [{"Node Type": "Seq Scan","Parent Relationship": "Outer","Parallel Aware": true,"Async Capable": false,"Relation Name": "lineitem","Alias": "lineitem","Startup Cost": 0.00,"Total Cost": 146259.83,"Plan Rows": 30722,"Plan Width": 12,"Actual Startup Time": 0.080,"Actual Total Time": 289.738,"Actual Rows": 24012,"Actual Loops": 5,"Filter": "((l_shipdate >= '1995-01-01'::date) AND (l_shipdate < '1996-01-01 00:00:00'::timestamp without time zone) AND (l_discount >= 0.04) AND (l_discount <= 0.06) AND (l_quantity < '25'::numeric))","Rows Removed by Filter": 1176231,"Workers": []}]}]}]},"Planning Time": 2.384,"Triggers": [],"Execution Time": 334.172}]
[{"Plan": {"Node Type": "Aggregate","Strategy": "Plain","Partial Mode": "Finalize","Parallel Aware": false,"Async Capable": false,"Startup Cost": 147408.75,"Total Cost": 147408.76,"Plan Rows": 1,"Plan Width": 32,"Actual Startup Time": 308.951,"Actual Total Time": 342.656,"Actual Rows": 1,"Actual Loops": 1,"Plans": [{"Node Type": "Gather","Parent Relationship": "Outer","Parallel Aware": false,"Async Capable": false,"Startup Cost": 147408.32,"Total Cost": 147408.73,"Plan Rows": 4,"Plan Width": 32,"Actual Startup Time": 308.754,"Actual Total Time": 342.616,"Actual Rows": 5,"Actual Loops": 1,"Workers Planned": 4,"Workers Launched": 4,"Single Copy": false,"Plans": [{"Node Type": "Aggregate","Strategy": "Plain","Partial Mode": "Partial","Parent Relationship": "Outer","Parallel Aware": false,"Async Capable": false,"Startup Cost": 146408.32,"Total Cost": 146408.33,"Plan Rows": 1,"Plan Width": 32,"Actual Startup Time": 300.851,"Actual Total Time": 300.853,"Actual Rows": 1,"Actual Loops": 5,"Workers": [],"Plans": [{"Node Type": "Seq Scan","Parent Relationship": "Outer","Parallel Aware": true,"Async Capable": false,"Relation Name": "lineitem","Alias": "lineitem","Startup Cost": 0.00,"Total Cost": 146259.83,"Plan Rows": 29696,"Plan Width": 12,"Actual Startup Time": 0.086,"Actual Total Time": 295.723,"Actual Rows": 23835,"Actual Loops": 5,"Filter": "((l_shipdate >= '1994-01-01'::date) AND (l_shipdate < '1995-01-01 00:00:00'::timestamp without time zone) AND (l_discount >= 0.04) AND (l_discount <= 0.06) AND (l_quantity < '25'::numeric))","Rows Removed by Filter": 1176408,"Workers": []}]}]}]},"Planning Time": 2.780,"Triggers": [],"Execution Time": 342.900}]
[{"Plan": {"Node Type": "Aggregate","Strategy": "Plain","Partial Mode": "Finalize","Parallel Aware": false,"Async Capable": false,"Startup Cost": 147403.55,"Total Cost": 147403.56,"Plan Rows": 1,"Plan Width": 32,"Actual Startup Time": 304.462,"Actual Total Time": 336.827,"Actual Rows": 1,"Actual Loops": 1,"Plans": [{"Node Type": "Gather","Parent Relationship": "Outer","Parallel Aware": false,"Async Capable": false,"Startup Cost": 147403.12,"Total Cost": 147403.53,"Plan Rows": 4,"Plan Width": 32,"Actual Startup Time": 304.302,"Actual Total Time": 336.806,"Actual Rows": 5,"Actual Loops": 1,"Workers Planned": 4,"Workers Launched": 4,"Single Copy": false,"Plans": [{"Node Type": "Aggregate","Strategy": "Plain","Partial Mode": "Partial","Parent Relationship": "Outer","Parallel Aware": false,"Async Capable": false,"Startup Cost": 146403.12,"Total Cost": 146403.13,"Plan Rows": 1,"Plan Width": 32,"Actual Startup Time": 297.550,"Actual Total Time": 297.553,"Actual Rows": 1,"Actual Loops": 5,"Workers": [],"Plans": [{"Node Type": "Seq Scan","Parent Relationship": "Outer","Parallel Aware": true,"Async Capable": false,"Relation Name": "lineitem","Alias": "lineitem","Startup Cost": 0.00,"Total Cost": 146259.83,"Plan Rows": 28656,"Plan Width": 12,"Actual Startup Time": 0.060,"Actual Total Time": 292.786,"Actual Rows": 22764,"Actual Loops": 5,"Filter": "((l_shipdate >= '1993-01-01'::date) AND (l_shipdate < '1994-01-01 00:00:00'::timestamp without time zone) AND (l_discount >= 0.03) AND (l_discount <= 0.05) AND (l_quantity < '24'::numeric))","Rows Removed by Filter": 1177479,"Workers": []}]}]}]},"Planning Time": 2.317,"Triggers": [],"Execution Time": 337.028}]
[{"Plan": {"Node Type": "Aggregate","Strategy": "Plain","Partial Mode": "Finalize","Parallel Aware": false,"Async Capable": false,"Startup Cost": 147402.81,"Total Cost": 147402.82,"Plan Rows": 1,"Plan Width": 32,"Actual Startup Time": 294.451,"Actual Total Time": 326.490,"Actual Rows": 1,"Actual Loops": 1,"Plans": [{"Node Type": "Gather","Parent Relationship": "Outer","Parallel Aware": false,"Async Capable": false,"Startup Cost": 147402.38,"Total Cost": 147402.79,"Plan Rows": 4,"Plan Width": 32,"Actual Startup Time": 294.305,"Actual Total Time": 326.458,"Actual Rows": 5,"Actual Loops": 1,"Workers Planned": 4,"Workers Launched": 4,"Single Copy": false,"Plans": [{"Node Type": "Aggregate","Strategy": "Plain","Partial Mode": "Partial","Parent Relationship": "Outer","Parallel Aware": false,"Async Capable": false,"Startup Cost": 146402.38,"Total Cost": 146402.39,"Plan Rows": 1,"Plan Width": 32,"Actual Startup Time": 287.595,"Actual Total Time": 287.597,"Actual Rows": 1,"Actual Loops": 5,"Workers": [],"Plans": [{"Node Type": "Seq Scan","Parent Relationship": "Outer","Parallel Aware": true,"Async Capable": false,"Relation Name": "lineitem","Alias": "lineitem","Startup Cost": 0.00,"Total Cost": 146259.83,"Plan Rows": 28508,"Plan Width": 12,"Actual Startup Time": 0.070,"Actual Total Time": 282.688,"Actual Rows": 22865,"Actual Loops": 5,"Filter": "((l_shipdate >= '1997-01-01'::date) AND (l_shipdate < '1998-01-01 00:00:00'::timestamp without time zone) AND (l_discount >= 0.05) AND (l_discount <= 0.07) AND (l_quantity < '24'::numeric))","Rows Removed by Filter": 1177378,"Workers": []}]}]}]},"Planning Time": 2.332,"Triggers": [],"Execution Time": 326.700}]
[{"Plan": {"Node Type": "Aggregate","Strategy": "Plain","Partial Mode": "Finalize","Parallel Aware": false,"Async Capable": false,"Startup Cost": 147411.24,"Total Cost": 147411.25,"Plan Rows": 1,"Plan Width": 32,"Actual Startup Time": 306.146,"Actual Total Time": 337.945,"Actual Rows": 1,"Actual Loops": 1,"Plans": [{"Node Type": "Gather","Parent Relationship": "Outer","Parallel Aware": false,"Async Capable": false,"Startup Cost": 147410.81,"Total Cost": 147411.22,"Plan Rows": 4,"Plan Width": 32,"Actual Startup Time": 305.983,"Actual Total Time": 337.923,"Actual Rows": 5,"Actual Loops": 1,"Workers Planned": 4,"Workers Launched": 4,"Single Copy": false,"Plans": [{"Node Type": "Aggregate","Strategy": "Plain","Partial Mode": "Partial","Parent Relationship": "Outer","Parallel Aware": false,"Async Capable": false,"Startup Cost": 146410.81,"Total Cost": 146410.82,"Plan Rows": 1,"Plan Width": 32,"Actual Startup Time": 299.109,"Actual Total Time": 299.111,"Actual Rows": 1,"Actual Loops": 5,"Workers": [],"Plans": [{"Node Type": "Seq Scan","Parent Relationship": "Outer","Parallel Aware": true,"Async Capable": false,"Relation Name": "lineitem","Alias": "lineitem","Startup Cost": 0.00,"Total Cost": 146259.83,"Plan Rows": 30194,"Plan Width": 12,"Actual Startup Time": 0.070,"Actual Total Time": 294.125,"Actual Rows": 23770,"Actual Loops": 5,"Filter": "((l_shipdate >= '1993-01-01'::date) AND (l_shipdate < '1994-01-01 00:00:00'::timestamp without time zone) AND (l_discount >= 0.04) AND (l_discount <= 0.06) AND (l_quantity < '25'::numeric))","Rows Removed by Filter": 1176473,"Workers": []}]}]}]},"Planning Time": 2.759,"Triggers": [],"Execution Time": 338.194}]
[{"Plan": {"Node Type": "Aggregate","Strategy": "Plain","Partial Mode": "Finalize","Parallel Aware": false,"Async Capable": false,"Startup Cost": 147408.76,"Total Cost": 147408.77,"Plan Rows": 1,"Plan Width": 32,"Actual Startup Time": 301.628,"Actual Total Time": 334.552,"Actual Rows": 1,"Actual Loops": 1,"Plans": [{"Node Type": "Gather","Parent Relationship": "Outer","Parallel Aware": false,"Async Capable": false,"Startup Cost": 147408.33,"Total Cost": 147408.74,"Plan Rows": 4,"Plan Width": 32,"Actual Startup Time": 301.382,"Actual Total Time": 334.526,"Actual Rows": 5,"Actual Loops": 1,"Workers Planned": 4,"Workers Launched": 4,"Single Copy": false,"Plans": [{"Node Type": "Aggregate","Strategy": "Plain","Partial Mode": "Partial","Parent Relationship": "Outer","Parallel Aware": false,"Async Capable": false,"Startup Cost": 146408.33,"Total Cost": 146408.34,"Plan Rows": 1,"Plan Width": 32,"Actual Startup Time": 294.881,"Actual Total Time": 294.882,"Actual Rows": 1,"Actual Loops": 5,"Workers": [],"Plans": [{"Node Type": "Seq Scan","Parent Relationship": "Outer","Parallel Aware": true,"Async Capable": false,"Relation Name": "lineitem","Alias": "lineitem","Startup Cost": 0.00,"Total Cost": 146259.83,"Plan Rows": 29699,"Plan Width": 12,"Actual Startup Time": 0.068,"Actual Total Time": 289.793,"Actual Rows": 23872,"Actual Loops": 5,"Filter": "((l_shipdate >= '1994-01-01'::date) AND (l_shipdate < '1995-01-01 00:00:00'::timestamp without time zone) AND (l_discount >= 0.02) AND (l_discount <= 0.04) AND (l_quantity < '25'::numeric))","Rows Removed by Filter": 1176371,"Workers": []}]}]}]},"Planning Time": 2.002,"Triggers": [],"Execution Time": 334.744}]
[{"Plan": {"Node Type": "Aggregate","Strategy": "Plain","Partial Mode": "Finalize","Parallel Aware": false,"Async Capable": false,"Startup Cost": 147409.58,"Total Cost": 147409.59,"Plan Rows": 1,"Plan Width": 32,"Actual Startup Time": 301.600,"Actual Total Time": 333.793,"Actual Rows": 1,"Actual Loops": 1,"Plans": [{"Node Type": "Gather","Parent Relationship": "Outer","Parallel Aware": false,"Async Capable": false,"Startup Cost": 147409.15,"Total Cost": 147409.56,"Plan Rows": 4,"Plan Width": 32,"Actual Startup Time": 301.384,"Actual Total Time": 333.756,"Actual Rows": 5,"Actual Loops": 1,"Workers Planned": 4,"Workers Launched": 4,"Single Copy": false,"Plans": [{"Node Type": "Aggregate","Strategy": "Plain","Partial Mode": "Partial","Parent Relationship": "Outer","Parallel Aware": false,"Async Capable": false,"Startup Cost": 146409.15,"Total Cost": 146409.16,"Plan Rows": 1,"Plan Width": 32,"Actual Startup Time": 294.153,"Actual Total Time": 294.156,"Actual Rows": 1,"Actual Loops": 5,"Workers": [],"Plans": [{"Node Type": "Seq Scan","Parent Relationship": "Outer","Parallel Aware": true,"Async Capable": false,"Relation Name": "lineitem","Alias": "lineitem","Startup Cost": 0.00,"Total Cost": 146259.83,"Plan Rows": 29862,"Plan Width": 12,"Actual Startup Time": 0.097,"Actual Total Time": 289.096,"Actual Rows": 23940,"Actual Loops": 5,"Filter": "((l_shipdate >= '1996-01-01'::date) AND (l_shipdate < '1997-01-01 00:00:00'::timestamp without time zone) AND (l_discount >= 0.02) AND (l_discount <= 0.04) AND (l_quantity < '25'::numeric))","Rows Removed by Filter": 1176303,"Workers": []}]}]}]},"Planning Time": 2.766,"Triggers": [],"Execution Time": 334.034}]
[{"Plan": {"Node Type": "Aggregate","Strategy": "Plain","Partial Mode": "Finalize","Parallel Aware": false,"Async Capable": false,"Startup Cost": 147409.89,"Total Cost": 147409.90,"Plan Rows": 1,"Plan Width": 32,"Actual Startup Time": 296.254,"Actual Total Time": 329.426,"Actual Rows": 1,"Actual Loops": 1,"Plans": [{"Node Type": "Gather","Parent Relationship": "Outer","Parallel Aware": false,"Async Capable": false,"Startup Cost": 147409.46,"Total Cost": 147409.87,"Plan Rows": 4,"Plan Width": 32,"Actual Startup Time": 296.064,"Actual Total Time": 329.390,"Actual Rows": 5,"Actual Loops": 1,"Workers Planned": 4,"Workers Launched": 4,"Single Copy": false,"Plans": [{"Node Type": "Aggregate","Strategy": "Plain","Partial Mode": "Partial","Parent Relationship": "Outer","Parallel Aware": false,"Async Capable": false,"Startup Cost": 146409.46,"Total Cost": 146409.47,"Plan Rows": 1,"Plan Width": 32,"Actual Startup Time": 289.518,"Actual Total Time": 289.520,"Actual Rows": 1,"Actual Loops": 5,"Workers": [],"Plans": [{"Node Type": "Seq Scan","Parent Relationship": "Outer","Parallel Aware": true,"Async Capable": false,"Relation Name": "lineitem","Alias": "lineitem","Startup Cost": 0.00,"Total Cost": 146259.83,"Plan Rows": 29924,"Plan Width": 12,"Actual Startup Time": 0.081,"Actual Total Time": 284.410,"Actual Rows": 23821,"Actual Loops": 5,"Filter": "((l_shipdate >= '1996-01-01'::date) AND (l_shipdate < '1997-01-01 00:00:00'::timestamp without time zone) AND (l_discount >= 0.06) AND (l_discount <= 0.08) AND (l_quantity < '25'::numeric))","Rows Removed by Filter": 1176422,"Workers": []}]}]}]},"Planning Time": 2.378,"Triggers": [],"Execution Time": 329.647}]
[{"Plan": {"Node Type": "Aggregate","Strategy": "Plain","Partial Mode": "Finalize","Parallel Aware": false,"Async Capable": false,"Startup Cost": 147406.86,"Total Cost": 147406.87,"Plan Rows": 1,"Plan Width": 32,"Actual Startup Time": 300.104,"Actual Total Time": 331.789,"Actual Rows": 1,"Actual Loops": 1,"Plans": [{"Node Type": "Gather","Parent Relationship": "Outer","Parallel Aware": false,"Async Capable": false,"Startup Cost": 147406.43,"Total Cost": 147406.84,"Plan Rows": 4,"Plan Width": 32,"Actual Startup Time": 299.950,"Actual Total Time": 331.768,"Actual Rows": 5,"Actual Loops": 1,"Workers Planned": 4,"Workers Launched": 4,"Single Copy": false,"Plans": [{"Node Type": "Aggregate","Strategy": "Plain","Partial Mode": "Partial","Parent Relationship": "Outer","Parallel Aware": false,"Async Capable": false,"Startup Cost": 146406.43,"Total Cost": 146406.44,"Plan Rows": 1,"Plan Width": 32,"Actual Startup Time": 293.419,"Actual Total Time": 293.420,"Actual Rows": 1,"Actual Loops": 5,"Workers": [],"Plans": [{"Node Type": "Seq Scan","Parent Relationship": "Outer","Parallel Aware": true,"Async Capable": false,"Relation Name": "lineitem","Alias": "lineitem","Startup Cost": 0.00,"Total Cost": 146259.83,"Plan Rows": 29319,"Plan Width": 12,"Actual Startup Time": 0.099,"Actual Total Time": 288.598,"Actual Rows": 22982,"Actual Loops": 5,"Filter": "((l_shipdate >= '1995-01-01'::date) AND (l_shipdate < '1996-01-01 00:00:00'::timestamp without time zone) AND (l_discount >= 0.05) AND (l_discount <= 0.07) AND (l_quantity < '24'::numeric))","Rows Removed by Filter": 1177261,"Workers": []}]}]}]},"Planning Time": 2.905,"Triggers": [],"Execution Time": 332.052}]
[{"Plan": {"Node Type": "Aggregate","Strategy": "Plain","Partial Mode": "Finalize","Parallel Aware": false,"Async Capable": false,"Startup Cost": 147402.78,"Total Cost": 147402.79,"Plan Rows": 1,"Plan Width": 32,"Actual Startup Time": 312.656,"Actual Total Time": 344.675,"Actual Rows": 1,"Actual Loops": 1,"Plans": [{"Node Type": "Gather","Parent Relationship": "Outer","Parallel Aware": false,"Async Capable": false,"Startup Cost": 147402.35,"Total Cost": 147402.76,"Plan Rows": 4,"Plan Width": 32,"Actual Startup Time": 312.490,"Actual Total Time": 344.644,"Actual Rows": 5,"Actual Loops": 1,"Workers Planned": 4,"Workers Launched": 4,"Single Copy": false,"Plans": [{"Node Type": "Aggregate","Strategy": "Plain","Partial Mode": "Partial","Parent Relationship": "Outer","Parallel Aware": false,"Async Capable": false,"Startup Cost": 146402.35,"Total Cost": 146402.36,"Plan Rows": 1,"Plan Width": 32,"Actual Startup Time": 305.317,"Actual Total Time": 305.318,"Actual Rows": 1,"Actual Loops": 5,"Workers": [],"Plans": [{"Node Type": "Seq Scan","Parent Relationship": "Outer","Parallel Aware": true,"Async Capable": false,"Relation Name": "lineitem","Alias": "lineitem","Startup Cost": 0.00,"Total Cost": 146259.83,"Plan Rows": 28502,"Plan Width": 12,"Actual Startup Time": 0.102,"Actual Total Time": 300.135,"Actual Rows": 22886,"Actual Loops": 5,"Filter": "((l_shipdate >= '1996-01-01'::date) AND (l_shipdate < '1997-01-01 00:00:00'::timestamp without time zone) AND (l_discount >= 0.07) AND (l_discount <= 0.09) AND (l_quantity < '24'::numeric))","Rows Removed by Filter": 1177357,"Workers": []}]}]}]},"Planning Time": 2.959,"Triggers": [],"Execution Time": 344.931}]
[{"Plan": {"Node Type": "Aggregate","Strategy": "Plain","Partial Mode": "Finalize","Parallel Aware": false,"Async Capable": false,"Startup Cost": 147412.08,"Total Cost": 147412.09,"Plan Rows": 1,"Plan Width": 32,"Actual Startup Time": 308.275,"Actual Total Time": 339.973,"Actual Rows": 1,"Actual Loops": 1,"Plans": [{"Node Type": "Gather","Parent Relationship": "Outer","Parallel Aware": false,"Async Capable": false,"Startup Cost": 147411.65,"Total Cost": 147412.06,"Plan Rows": 4,"Plan Width": 32,"Actual Startup Time": 308.122,"Actual Total Time": 339.937,"Actual Rows": 5,"Actual Loops": 1,"Workers Planned": 4,"Workers Launched": 4,"Single Copy": false,"Plans": [{"Node Type": "Aggregate","Strategy": "Plain","Partial Mode": "Partial","Parent Relationship": "Outer","Parallel Aware": false,"Async Capable": false,"Startup Cost": 146411.65,"Total Cost": 146411.66,"Plan Rows": 1,"Plan Width": 32,"Actual Startup Time": 301.158,"Actual Total Time": 301.161,"Actual Rows": 1,"Actual Loops": 5,"Workers": [],"Plans": [{"Node Type": "Seq Scan","Parent Relationship": "Outer","Parallel Aware": true,"Async Capable": false,"Relation Name": "lineitem","Alias": "lineitem","Startup Cost": 0.00,"Total Cost": 146259.83,"Plan Rows": 30362,"Plan Width": 12,"Actual Startup Time": 0.098,"Actual Total Time": 296.076,"Actual Rows": 23897,"Actual Loops": 5,"Filter": "((l_shipdate >= '1995-01-01'::date) AND (l_shipdate < '1996-01-01 00:00:00'::timestamp without time zone) AND (l_discount >= 0.08) AND (l_discount <= 0.10) AND (l_quantity < '25'::numeric))","Rows Removed by Filter": 1176346,"Workers": []}]}]}]},"Planning Time": 2.328,"Triggers": [],"Execution Time": 340.192}]
[{"Plan": {"Node Type": "Aggregate","Strategy": "Plain","Partial Mode": "Finalize","Parallel Aware": false,"Async Capable": false,"Startup Cost": 147403.40,"Total Cost": 147403.41,"Plan Rows": 1,"Plan Width": 32,"Actual Startup Time": 297.896,"Actual Total Time": 330.255,"Actual Rows": 1,"Actual Loops": 1,"Plans": [{"Node Type": "Gather","Parent Relationship": "Outer","Parallel Aware": false,"Async Capable": false,"Startup Cost": 147402.97,"Total Cost": 147403.38,"Plan Rows": 4,"Plan Width": 32,"Actual Startup Time": 297.700,"Actual Total Time": 330.225,"Actual Rows": 5,"Actual Loops": 1,"Workers Planned": 4,"Workers Launched": 4,"Single Copy": false,"Plans": [{"Node Type": "Aggregate","Strategy": "Plain","Partial Mode": "Partial","Parent Relationship": "Outer","Parallel Aware": false,"Async Capable": false,"Startup Cost": 146402.97,"Total Cost": 146402.98,"Plan Rows": 1,"Plan Width": 32,"Actual Startup Time": 290.911,"Actual Total Time": 290.913,"Actual Rows": 1,"Actual Loops": 5,"Workers": [],"Plans": [{"Node Type": "Seq Scan","Parent Relationship": "Outer","Parallel Aware": true,"Async Capable": false,"Relation Name": "lineitem","Alias": "lineitem","Startup Cost": 0.00,"Total Cost": 146259.83,"Plan Rows": 28627,"Plan Width": 12,"Actual Startup Time": 0.120,"Actual Total Time": 286.095,"Actual Rows": 22873,"Actual Loops": 5,"Filter": "((l_shipdate >= '1997-01-01'::date) AND (l_shipdate < '1998-01-01 00:00:00'::timestamp without time zone) AND (l_discount >= 0.04) AND (l_discount <= 0.06) AND (l_quantity < '24'::numeric))","Rows Removed by Filter": 1177370,"Workers": []}]}]}]},"Planning Time": 2.538,"Triggers": [],"Execution Time": 330.480}]
[{"Plan": {"Node Type": "Aggregate","Strategy": "Plain","Partial Mode": "Finalize","Parallel Aware": false,"Async Capable": false,"Startup Cost": 147408.94,"Total Cost": 147408.95,"Plan Rows": 1,"Plan Width": 32,"Actual Startup Time": 307.777,"Actual Total Time": 339.832,"Actual Rows": 1,"Actual Loops": 1,"Plans": [{"Node Type": "Gather","Parent Relationship": "Outer","Parallel Aware": false,"Async Capable": false,"Startup Cost": 147408.51,"Total Cost": 147408.92,"Plan Rows": 4,"Plan Width": 32,"Actual Startup Time": 307.577,"Actual Total Time": 339.791,"Actual Rows": 5,"Actual Loops": 1,"Workers Planned": 4,"Workers Launched": 4,"Single Copy": false,"Plans": [{"Node Type": "Aggregate","Strategy": "Plain","Partial Mode": "Partial","Parent Relationship": "Outer","Parallel Aware": false,"Async Capable": false,"Startup Cost": 146408.51,"Total Cost": 146408.52,"Plan Rows": 1,"Plan Width": 32,"Actual Startup Time": 300.529,"Actual Total Time": 300.530,"Actual Rows": 1,"Actual Loops": 5,"Workers": [],"Plans": [{"Node Type": "Seq Scan","Parent Relationship": "Outer","Parallel Aware": true,"Async Capable": false,"Relation Name": "lineitem","Alias": "lineitem","Startup Cost": 0.00,"Total Cost": 146259.83,"Plan Rows": 29734,"Plan Width": 12,"Actual Startup Time": 0.095,"Actual Total Time": 295.428,"Actual Rows": 23809,"Actual Loops": 5,"Filter": "((l_shipdate >= '1996-01-01'::date) AND (l_shipdate < '1997-01-01 00:00:00'::timestamp without time zone) AND (l_discount >= 0.05) AND (l_discount <= 0.07) AND (l_quantity < '25'::numeric))","Rows Removed by Filter": 1176434,"Workers": []}]}]}]},"Planning Time": 2.476,"Triggers": [],"Execution Time": 340.023}]
[{"Plan": {"Node Type": "Aggregate","Strategy": "Plain","Partial Mode": "Finalize","Parallel Aware": false,"Async Capable": false,"Startup Cost": 147406.05,"Total Cost": 147406.06,"Plan Rows": 1,"Plan Width": 32,"Actual Startup Time": 304.861,"Actual Total Time": 338.017,"Actual Rows": 1,"Actual Loops": 1,"Plans": [{"Node Type": "Gather","Parent Relationship": "Outer","Parallel Aware": false,"Async Capable": false,"Startup Cost": 147405.62,"Total Cost": 147406.03,"Plan Rows": 4,"Plan Width": 32,"Actual Startup Time": 304.681,"Actual Total Time": 337.993,"Actual Rows": 5,"Actual Loops": 1,"Workers Planned": 4,"Workers Launched": 4,"Single Copy": false,"Plans": [{"Node Type": "Aggregate","Strategy": "Plain","Partial Mode": "Partial","Parent Relationship": "Outer","Parallel Aware": false,"Async Capable": false,"Startup Cost": 146405.62,"Total Cost": 146405.63,"Plan Rows": 1,"Plan Width": 32,"Actual Startup Time": 297.689,"Actual Total Time": 297.690,"Actual Rows": 1,"Actual Loops": 5,"Workers": [],"Plans": [{"Node Type": "Seq Scan","Parent Relationship": "Outer","Parallel Aware": true,"Async Capable": false,"Relation Name": "lineitem","Alias": "lineitem","Startup Cost": 0.00,"Total Cost": 146259.83,"Plan Rows": 29157,"Plan Width": 12,"Actual Startup Time": 0.085,"Actual Total Time": 292.826,"Actual Rows": 22994,"Actual Loops": 5,"Filter": "((l_shipdate >= '1995-01-01'::date) AND (l_shipdate < '1996-01-01 00:00:00'::timestamp without time zone) AND (l_discount >= 0.03) AND (l_discount <= 0.05) AND (l_quantity < '24'::numeric))","Rows Removed by Filter": 1177249,"Workers": []}]}]}]},"Planning Time": 2.567,"Triggers": [],"Execution Time": 338.225}]
[{"Plan": {"Node Type": "Aggregate","Strategy": "Plain","Partial Mode": "Finalize","Parallel Aware": false,"Async Capable": false,"Startup Cost": 147412.08,"Total Cost": 147412.09,"Plan Rows": 1,"Plan Width": 32,"Actual Startup Time": 308.275,"Actual Total Time": 339.973,"Actual Rows": 1,"Actual Loops": 1,"Plans": [{"Node Type": "Gather","Parent Relationship": "Outer","Parallel Aware": false,"Async Capable": false,"Startup Cost": 147411.65,"Total Cost": 147412.06,"Plan Rows": 4,"Plan Width": 32,"Actual Startup Time": 308.122,"Actual Total Time": 339.937,"Actual Rows": 5,"Actual Loops": 1,"Workers Planned": 4,"Workers Launched": 4,"Single Copy": false,"Plans": [{"Node Type": "Aggregate","Strategy": "Plain","Partial Mode": "Partial","Parent Relationship": "Outer","Parallel Aware": false,"Async Capable": false,"Startup Cost": 146411.65,"Total Cost": 146411.66,"Plan Rows": 1,"Plan Width": 32,"Actual Startup Time": 301.158,"Actual Total Time": 301.161,"Actual Rows": 1,"Actual Loops": 5,"Workers": [],"Plans": [{"Node Type": "Seq Scan","Parent Relationship": "Outer","Parallel Aware": true,"Async Capable": false,"Relation Name": "lineitem","Alias": "lineitem","Startup Cost": 0.00,"Total Cost": 146259.83,"Plan Rows": 30362,"Plan Width": 12,"Actual Startup Time": 0.098,"Actual Total Time": 296.076,"Actual Rows": 23897,"Actual Loops": 5,"Filter": "((l_shipdate >= '1995-01-01'::date) AND (l_shipdate < '1996-01-01 00:00:00'::timestamp without time zone) AND (l_discount >= 0.08) AND (l_discount <= 0.10) AND (l_quantity < '25'::numeric))","Rows Removed by Filter": 1176346,"Workers": []}]}]}]},"Planning Time": 2.328,"Triggers": [],"Execution Time": 340.192}]
[{"Plan": {"Node Type": "Aggregate","Strategy": "Plain","Partial Mode": "Finalize","Parallel Aware": false,"Async Capable": false,"Startup Cost": 147404.33,"Total Cost": 147404.34,"Plan Rows": 1,"Plan Width": 32,"Actual Startup Time": 309.247,"Actual Total Time": 341.963,"Actual Rows": 1,"Actual Loops": 1,"Plans": [{"Node Type": "Gather","Parent Relationship": "Outer","Parallel Aware": false,"Async Capable": false,"Startup Cost": 147403.90,"Total Cost": 147404.31,"Plan Rows": 4,"Plan Width": 32,"Actual Startup Time": 309.077,"Actual Total Time": 341.925,"Actual Rows": 5,"Actual Loops": 1,"Workers Planned": 4,"Workers Launched": 4,"Single Copy": false,"Plans": [{"Node Type": "Aggregate","Strategy": "Plain","Partial Mode": "Partial","Parent Relationship": "Outer","Parallel Aware": false,"Async Capable": false,"Startup Cost": 146403.90,"Total Cost": 146403.91,"Plan Rows": 1,"Plan Width": 32,"Actual Startup Time": 302.050,"Actual Total Time": 302.052,"Actual Rows": 1,"Actual Loops": 5,"Workers": [],"Plans": [{"Node Type": "Seq Scan","Parent Relationship": "Outer","Parallel Aware": true,"Async Capable": false,"Relation Name": "lineitem","Alias": "lineitem","Startup Cost": 0.00,"Total Cost": 146259.83,"Plan Rows": 28812,"Plan Width": 12,"Actual Startup Time": 0.087,"Actual Total Time": 297.201,"Actual Rows": 22841,"Actual Loops": 5,"Filter": "((l_shipdate >= '1997-01-01'::date) AND (l_shipdate < '1998-01-01 00:00:00'::timestamp without time zone) AND (l_discount >= 0.01) AND (l_discount <= 0.03) AND (l_quantity < '24'::numeric))","Rows Removed by Filter": 1177402,"Workers": []}]}]}]},"Planning Time": 2.212,"Triggers": [],"Execution Time": 342.131}]
[{"Plan": {"Node Type": "Aggregate","Strategy": "Plain","Partial Mode": "Finalize","Parallel Aware": false,"Async Capable": false,"Startup Cost": 147407.88,"Total Cost": 147407.89,"Plan Rows": 1,"Plan Width": 32,"Actual Startup Time": 303.094,"Actual Total Time": 335.189,"Actual Rows": 1,"Actual Loops": 1,"Plans": [{"Node Type": "Gather","Parent Relationship": "Outer","Parallel Aware": false,"Async Capable": false,"Startup Cost": 147407.45,"Total Cost": 147407.86,"Plan Rows": 4,"Plan Width": 32,"Actual Startup Time": 302.935,"Actual Total Time": 335.157,"Actual Rows": 5,"Actual Loops": 1,"Workers Planned": 4,"Workers Launched": 4,"Single Copy": false,"Plans": [{"Node Type": "Aggregate","Strategy": "Plain","Partial Mode": "Partial","Parent Relationship": "Outer","Parallel Aware": false,"Async Capable": false,"Startup Cost": 146407.45,"Total Cost": 146407.46,"Plan Rows": 1,"Plan Width": 32,"Actual Startup Time": 295.477,"Actual Total Time": 295.478,"Actual Rows": 1,"Actual Loops": 5,"Workers": [],"Plans": [{"Node Type": "Seq Scan","Parent Relationship": "Outer","Parallel Aware": true,"Async Capable": false,"Relation Name": "lineitem","Alias": "lineitem","Startup Cost": 0.00,"Total Cost": 146259.83,"Plan Rows": 29522,"Plan Width": 12,"Actual Startup Time": 0.085,"Actual Total Time": 290.372,"Actual Rows": 23823,"Actual Loops": 5,"Filter": "((l_shipdate >= '1997-01-01'::date) AND (l_shipdate < '1998-01-01 00:00:00'::timestamp without time zone) AND (l_discount >= 0.08) AND (l_discount <= 0.10) AND (l_quantity < '25'::numeric))","Rows Removed by Filter": 1176420,"Workers": []}]}]}]},"Planning Time": 2.625,"Triggers": [],"Execution Time": 335.461}]
[{"Plan": {"Node Type": "Aggregate","Strategy": "Plain","Partial Mode": "Finalize","Parallel Aware": false,"Async Capable": false,"Startup Cost": 147409.01,"Total Cost": 147409.02,"Plan Rows": 1,"Plan Width": 32,"Actual Startup Time": 306.181,"Actual Total Time": 337.505,"Actual Rows": 1,"Actual Loops": 1,"Plans": [{"Node Type": "Gather","Parent Relationship": "Outer","Parallel Aware": false,"Async Capable": false,"Startup Cost": 147408.58,"Total Cost": 147408.99,"Plan Rows": 4,"Plan Width": 32,"Actual Startup Time": 305.971,"Actual Total Time": 337.467,"Actual Rows": 5,"Actual Loops": 1,"Workers Planned": 4,"Workers Launched": 4,"Single Copy": false,"Plans": [{"Node Type": "Aggregate","Strategy": "Plain","Partial Mode": "Partial","Parent Relationship": "Outer","Parallel Aware": false,"Async Capable": false,"Startup Cost": 146408.58,"Total Cost": 146408.59,"Plan Rows": 1,"Plan Width": 32,"Actual Startup Time": 298.385,"Actual Total Time": 298.387,"Actual Rows": 1,"Actual Loops": 5,"Workers": [],"Plans": [{"Node Type": "Seq Scan","Parent Relationship": "Outer","Parallel Aware": true,"Async Capable": false,"Relation Name": "lineitem","Alias": "lineitem","Startup Cost": 0.00,"Total Cost": 146259.83,"Plan Rows": 29748,"Plan Width": 12,"Actual Startup Time": 0.104,"Actual Total Time": 293.290,"Actual Rows": 23839,"Actual Loops": 5,"Filter": "((l_shipdate >= '1997-01-01'::date) AND (l_shipdate < '1998-01-01 00:00:00'::timestamp without time zone) AND (l_discount >= 0.05) AND (l_discount <= 0.07) AND (l_quantity < '25'::numeric))","Rows Removed by Filter": 1176404,"Workers": []}]}]}]},"Planning Time": 2.849,"Triggers": [],"Execution Time": 337.766}]
[{"Plan": {"Node Type": "Aggregate","Strategy": "Plain","Partial Mode": "Finalize","Parallel Aware": false,"Async Capable": false,"Startup Cost": 147408.75,"Total Cost": 147408.76,"Plan Rows": 1,"Plan Width": 32,"Actual Startup Time": 308.951,"Actual Total Time": 342.656,"Actual Rows": 1,"Actual Loops": 1,"Plans": [{"Node Type": "Gather","Parent Relationship": "Outer","Parallel Aware": false,"Async Capable": false,"Startup Cost": 147408.32,"Total Cost": 147408.73,"Plan Rows": 4,"Plan Width": 32,"Actual Startup Time": 308.754,"Actual Total Time": 342.616,"Actual Rows": 5,"Actual Loops": 1,"Workers Planned": 4,"Workers Launched": 4,"Single Copy": false,"Plans": [{"Node Type": "Aggregate","Strategy": "Plain","Partial Mode": "Partial","Parent Relationship": "Outer","Parallel Aware": false,"Async Capable": false,"Startup Cost": 146408.32,"Total Cost": 146408.33,"Plan Rows": 1,"Plan Width": 32,"Actual Startup Time": 300.851,"Actual Total Time": 300.853,"Actual Rows": 1,"Actual Loops": 5,"Workers": [],"Plans": [{"Node Type": "Seq Scan","Parent Relationship": "Outer","Parallel Aware": true,"Async Capable": false,"Relation Name": "lineitem","Alias": "lineitem","Startup Cost": 0.00,"Total Cost": 146259.83,"Plan Rows": 29696,"Plan Width": 12,"Actual Startup Time": 0.086,"Actual Total Time": 295.723,"Actual Rows": 23835,"Actual Loops": 5,"Filter": "((l_shipdate >= '1994-01-01'::date) AND (l_shipdate < '1995-01-01 00:00:00'::timestamp without time zone) AND (l_discount >= 0.04) AND (l_discount <= 0.06) AND (l_quantity < '25'::numeric))","Rows Removed by Filter": 1176408,"Workers": []}]}]}]},"Planning Time": 2.780,"Triggers": [],"Execution Time": 342.900}]
[{"Plan": {"Node Type": "Aggregate","Strategy": "Plain","Partial Mode": "Finalize","Parallel Aware": false,"Async Capable": false,"Startup Cost": 147408.75,"Total Cost": 147408.76,"Plan Rows": 1,"Plan Width": 32,"Actual Startup Time": 308.951,"Actual Total Time": 342.656,"Actual Rows": 1,"Actual Loops": 1,"Plans": [{"Node Type": "Gather","Parent Relationship": "Outer","Parallel Aware": false,"Async Capable": false,"Startup Cost": 147408.32,"Total Cost": 147408.73,"Plan Rows": 4,"Plan Width": 32,"Actual Startup Time": 308.754,"Actual Total Time": 342.616,"Actual Rows": 5,"Actual Loops": 1,"Workers Planned": 4,"Workers Launched": 4,"Single Copy": false,"Plans": [{"Node Type": "Aggregate","Strategy": "Plain","Partial Mode": "Partial","Parent Relationship": "Outer","Parallel Aware": false,"Async Capable": false,"Startup Cost": 146408.32,"Total Cost": 146408.33,"Plan Rows": 1,"Plan Width": 32,"Actual Startup Time": 300.851,"Actual Total Time": 300.853,"Actual Rows": 1,"Actual Loops": 5,"Workers": [],"Plans": [{"Node Type": "Seq Scan","Parent Relationship": "Outer","Parallel Aware": true,"Async Capable": false,"Relation Name": "lineitem","Alias": "lineitem","Startup Cost": 0.00,"Total Cost": 146259.83,"Plan Rows": 29696,"Plan Width": 12,"Actual Startup Time": 0.086,"Actual Total Time": 295.723,"Actual Rows": 23835,"Actual Loops": 5,"Filter": "((l_shipdate >= '1994-01-01'::date) AND (l_shipdate < '1995-01-01 00:00:00'::timestamp without time zone) AND (l_discount >= 0.04) AND (l_discount <= 0.06) AND (l_quantity < '25'::numeric))","Rows Removed by Filter": 1176408,"Workers": []}]}]}]},"Planning Time": 2.780,"Triggers": [],"Execution Time": 342.900}]
[{"Plan": {"Node Type": "Aggregate","Strategy": "Plain","Partial Mode": "Finalize","Parallel Aware": false,"Async Capable": false,"Startup Cost": 147412.40,"Total Cost": 147412.41,"Plan Rows": 1,"Plan Width": 32,"Actual Startup Time": 305.125,"Actual Total Time": 338.000,"Actual Rows": 1,"Actual Loops": 1,"Plans": [{"Node Type": "Gather","Parent Relationship": "Outer","Parallel Aware": false,"Async Capable": false,"Startup Cost": 147411.97,"Total Cost": 147412.38,"Plan Rows": 4,"Plan Width": 32,"Actual Startup Time": 304.936,"Actual Total Time": 337.966,"Actual Rows": 5,"Actual Loops": 1,"Workers Planned": 4,"Workers Launched": 4,"Single Copy": false,"Plans": [{"Node Type": "Aggregate","Strategy": "Plain","Partial Mode": "Partial","Parent Relationship": "Outer","Parallel Aware": false,"Async Capable": false,"Startup Cost": 146411.97,"Total Cost": 146411.98,"Plan Rows": 1,"Plan Width": 32,"Actual Startup Time": 297.358,"Actual Total Time": 297.360,"Actual Rows": 1,"Actual Loops": 5,"Workers": [],"Plans": [{"Node Type": "Seq Scan","Parent Relationship": "Outer","Parallel Aware": true,"Async Capable": false,"Relation Name": "lineitem","Alias": "lineitem","Startup Cost": 0.00,"Total Cost": 146259.83,"Plan Rows": 30426,"Plan Width": 12,"Actual Startup Time": 0.120,"Actual Total Time": 292.231,"Actual Rows": 24007,"Actual Loops": 5,"Filter": "((l_shipdate >= '1995-01-01'::date) AND (l_shipdate < '1996-01-01 00:00:00'::timestamp without time zone) AND (l_discount >= 0.03) AND (l_discount <= 0.05) AND (l_quantity < '25'::numeric))","Rows Removed by Filter": 1176236,"Workers": []}]}]}]},"Planning Time": 2.540,"Triggers": [],"Execution Time": 338.229}]
[{"Plan": {"Node Type": "Aggregate","Strategy": "Plain","Partial Mode": "Finalize","Parallel Aware": false,"Async Capable": false,"Startup Cost": 147408.13,"Total Cost": 147408.14,"Plan Rows": 1,"Plan Width": 32,"Actual Startup Time": 306.983,"Actual Total Time": 339.940,"Actual Rows": 1,"Actual Loops": 1,"Plans": [{"Node Type": "Gather","Parent Relationship": "Outer","Parallel Aware": false,"Async Capable": false,"Startup Cost": 147407.70,"Total Cost": 147408.11,"Plan Rows": 4,"Plan Width": 32,"Actual Startup Time": 306.825,"Actual Total Time": 339.896,"Actual Rows": 5,"Actual Loops": 1,"Workers Planned": 4,"Workers Launched": 4,"Single Copy": false,"Plans": [{"Node Type": "Aggregate","Strategy": "Plain","Partial Mode": "Partial","Parent Relationship": "Outer","Parallel Aware": false,"Async Capable": false,"Startup Cost": 146407.70,"Total Cost": 146407.71,"Plan Rows": 1,"Plan Width": 32,"Actual Startup Time": 299.736,"Actual Total Time": 299.738,"Actual Rows": 1,"Actual Loops": 5,"Workers": [],"Plans": [{"Node Type": "Seq Scan","Parent Relationship": "Outer","Parallel Aware": true,"Async Capable": false,"Relation Name": "lineitem","Alias": "lineitem","Startup Cost": 0.00,"Total Cost": 146259.83,"Plan Rows": 29572,"Plan Width": 12,"Actual Startup Time": 0.085,"Actual Total Time": 294.720,"Actual Rows": 23852,"Actual Loops": 5,"Filter": "((l_shipdate >= '1994-01-01'::date) AND (l_shipdate < '1995-01-01 00:00:00'::timestamp without time zone) AND (l_discount >= 0.05) AND (l_discount <= 0.07) AND (l_quantity < '25'::numeric))","Rows Removed by Filter": 1176391,"Workers": []}]}]}]},"Planning Time": 2.922,"Triggers": [],"Execution Time": 340.220}]
[{"Plan": {"Node Type": "Aggregate","Strategy": "Plain","Partial Mode": "Finalize","Parallel Aware": false,"Async Capable": false,"Startup Cost": 147403.40,"Total Cost": 147403.41,"Plan Rows": 1,"Plan Width": 32,"Actual Startup Time": 297.896,"Actual Total Time": 330.255,"Actual Rows": 1,"Actual Loops": 1,"Plans": [{"Node Type": "Gather","Parent Relationship": "Outer","Parallel Aware": false,"Async Capable": false,"Startup Cost": 147402.97,"Total Cost": 147403.38,"Plan Rows": 4,"Plan Width": 32,"Actual Startup Time": 297.700,"Actual Total Time": 330.225,"Actual Rows": 5,"Actual Loops": 1,"Workers Planned": 4,"Workers Launched": 4,"Single Copy": false,"Plans": [{"Node Type": "Aggregate","Strategy": "Plain","Partial Mode": "Partial","Parent Relationship": "Outer","Parallel Aware": false,"Async Capable": false,"Startup Cost": 146402.97,"Total Cost": 146402.98,"Plan Rows": 1,"Plan Width": 32,"Actual Startup Time": 290.911,"Actual Total Time": 290.913,"Actual Rows": 1,"Actual Loops": 5,"Workers": [],"Plans": [{"Node Type": "Seq Scan","Parent Relationship": "Outer","Parallel Aware": true,"Async Capable": false,"Relation Name": "lineitem","Alias": "lineitem","Startup Cost": 0.00,"Total Cost": 146259.83,"Plan Rows": 28627,"Plan Width": 12,"Actual Startup Time": 0.120,"Actual Total Time": 286.095,"Actual Rows": 22873,"Actual Loops": 5,"Filter": "((l_shipdate >= '1997-01-01'::date) AND (l_shipdate < '1998-01-01 00:00:00'::timestamp without time zone) AND (l_discount >= 0.04) AND (l_discount <= 0.06) AND (l_quantity < '24'::numeric))","Rows Removed by Filter": 1177370,"Workers": []}]}]}]},"Planning Time": 2.538,"Triggers": [],"Execution Time": 330.480}]
[{"Plan": {"Node Type": "Aggregate","Strategy": "Plain","Partial Mode": "Finalize","Parallel Aware": false,"Async Capable": false,"Startup Cost": 147409.47,"Total Cost": 147409.48,"Plan Rows": 1,"Plan Width": 32,"Actual Startup Time": 304.472,"Actual Total Time": 337.614,"Actual Rows": 1,"Actual Loops": 1,"Plans": [{"Node Type": "Gather","Parent Relationship": "Outer","Parallel Aware": false,"Async Capable": false,"Startup Cost": 147409.04,"Total Cost": 147409.45,"Plan Rows": 4,"Plan Width": 32,"Actual Startup Time": 304.285,"Actual Total Time": 337.579,"Actual Rows": 5,"Actual Loops": 1,"Workers Planned": 4,"Workers Launched": 4,"Single Copy": false,"Plans": [{"Node Type": "Aggregate","Strategy": "Plain","Partial Mode": "Partial","Parent Relationship": "Outer","Parallel Aware": false,"Async Capable": false,"Startup Cost": 146409.04,"Total Cost": 146409.05,"Plan Rows": 1,"Plan Width": 32,"Actual Startup Time": 296.729,"Actual Total Time": 296.730,"Actual Rows": 1,"Actual Loops": 5,"Workers": [],"Plans": [{"Node Type": "Seq Scan","Parent Relationship": "Outer","Parallel Aware": true,"Async Capable": false,"Relation Name": "lineitem","Alias": "lineitem","Startup Cost": 0.00,"Total Cost": 146259.83,"Plan Rows": 29840,"Plan Width": 12,"Actual Startup Time": 0.139,"Actual Total Time": 291.608,"Actual Rows": 23879,"Actual Loops": 5,"Filter": "((l_shipdate >= '1993-01-01'::date) AND (l_shipdate < '1994-01-01 00:00:00'::timestamp without time zone) AND (l_discount >= 0.08) AND (l_discount <= 0.10) AND (l_quantity < '25'::numeric))","Rows Removed by Filter": 1176364,"Workers": []}]}]}]},"Planning Time": 2.798,"Triggers": [],"Execution Time": 337.873}]
[{"Plan": {"Node Type": "Aggregate","Strategy": "Plain","Partial Mode": "Finalize","Parallel Aware": false,"Async Capable": false,"Startup Cost": 147404.96,"Total Cost": 147404.97,"Plan Rows": 1,"Plan Width": 32,"Actual Startup Time": 299.862,"Actual Total Time": 331.928,"Actual Rows": 1,"Actual Loops": 1,"Plans": [{"Node Type": "Gather","Parent Relationship": "Outer","Parallel Aware": false,"Async Capable": false,"Startup Cost": 147404.53,"Total Cost": 147404.94,"Plan Rows": 4,"Plan Width": 32,"Actual Startup Time": 299.670,"Actual Total Time": 331.889,"Actual Rows": 5,"Actual Loops": 1,"Workers Planned": 4,"Workers Launched": 4,"Single Copy": false,"Plans": [{"Node Type": "Aggregate","Strategy": "Plain","Partial Mode": "Partial","Parent Relationship": "Outer","Parallel Aware": false,"Async Capable": false,"Startup Cost": 146404.53,"Total Cost": 146404.54,"Plan Rows": 1,"Plan Width": 32,"Actual Startup Time": 293.003,"Actual Total Time": 293.008,"Actual Rows": 1,"Actual Loops": 5,"Workers": [],"Plans": [{"Node Type": "Seq Scan","Parent Relationship": "Outer","Parallel Aware": true,"Async Capable": false,"Relation Name": "lineitem","Alias": "lineitem","Startup Cost": 0.00,"Total Cost": 146259.83,"Plan Rows": 28939,"Plan Width": 12,"Actual Startup Time": 0.132,"Actual Total Time": 288.212,"Actual Rows": 22676,"Actual Loops": 5,"Filter": "((l_shipdate >= '1993-01-01'::date) AND (l_shipdate < '1994-01-01 00:00:00'::timestamp without time zone) AND (l_discount >= 0.02) AND (l_discount <= 0.04) AND (l_quantity < '24'::numeric))","Rows Removed by Filter": 1177567,"Workers": []}]}]}]},"Planning Time": 2.656,"Triggers": [],"Execution Time": 332.192}]
[{"Plan": {"Node Type": "Aggregate","Strategy": "Plain","Partial Mode": "Finalize","Parallel Aware": false,"Async Capable": false,"Startup Cost": 147403.25,"Total Cost": 147403.26,"Plan Rows": 1,"Plan Width": 32,"Actual Startup Time": 299.656,"Actual Total Time": 331.893,"Actual Rows": 1,"Actual Loops": 1,"Plans": [{"Node Type": "Gather","Parent Relationship": "Outer","Parallel Aware": false,"Async Capable": false,"Startup Cost": 147402.82,"Total Cost": 147403.23,"Plan Rows": 4,"Plan Width": 32,"Actual Startup Time": 299.497,"Actual Total Time": 331.872,"Actual Rows": 5,"Actual Loops": 1,"Workers Planned": 4,"Workers Launched": 4,"Single Copy": false,"Plans": [{"Node Type": "Aggregate","Strategy": "Plain","Partial Mode": "Partial","Parent Relationship": "Outer","Parallel Aware": false,"Async Capable": false,"Startup Cost": 146402.82,"Total Cost": 146402.83,"Plan Rows": 1,"Plan Width": 32,"Actual Startup Time": 292.955,"Actual Total Time": 292.957,"Actual Rows": 1,"Actual Loops": 5,"Workers": [],"Plans": [{"Node Type": "Seq Scan","Parent Relationship": "Outer","Parallel Aware": true,"Async Capable": false,"Relation Name": "lineitem","Alias": "lineitem","Startup Cost": 0.00,"Total Cost": 146259.83,"Plan Rows": 28596,"Plan Width": 12,"Actual Startup Time": 0.107,"Actual Total Time": 288.136,"Actual Rows": 22884,"Actual Loops": 5,"Filter": "((l_shipdate >= '1993-01-01'::date) AND (l_shipdate < '1994-01-01 00:00:00'::timestamp without time zone) AND (l_discount >= 0.08) AND (l_discount <= 0.10) AND (l_quantity < '24'::numeric))","Rows Removed by Filter": 1177359,"Workers": []}]}]}]},"Planning Time": 2.478,"Triggers": [],"Execution Time": 332.115}]
[{"Plan": {"Node Type": "Aggregate","Strategy": "Plain","Partial Mode": "Finalize","Parallel Aware": false,"Async Capable": false,"Startup Cost": 147409.58,"Total Cost": 147409.59,"Plan Rows": 1,"Plan Width": 32,"Actual Startup Time": 301.600,"Actual Total Time": 333.793,"Actual Rows": 1,"Actual Loops": 1,"Plans": [{"Node Type": "Gather","Parent Relationship": "Outer","Parallel Aware": false,"Async Capable": false,"Startup Cost": 147409.15,"Total Cost": 147409.56,"Plan Rows": 4,"Plan Width": 32,"Actual Startup Time": 301.384,"Actual Total Time": 333.756,"Actual Rows": 5,"Actual Loops": 1,"Workers Planned": 4,"Workers Launched": 4,"Single Copy": false,"Plans": [{"Node Type": "Aggregate","Strategy": "Plain","Partial Mode": "Partial","Parent Relationship": "Outer","Parallel Aware": false,"Async Capable": false,"Startup Cost": 146409.15,"Total Cost": 146409.16,"Plan Rows": 1,"Plan Width": 32,"Actual Startup Time": 294.153,"Actual Total Time": 294.156,"Actual Rows": 1,"Actual Loops": 5,"Workers": [],"Plans": [{"Node Type": "Seq Scan","Parent Relationship": "Outer","Parallel Aware": true,"Async Capable": false,"Relation Name": "lineitem","Alias": "lineitem","Startup Cost": 0.00,"Total Cost": 146259.83,"Plan Rows": 29862,"Plan Width": 12,"Actual Startup Time": 0.097,"Actual Total Time": 289.096,"Actual Rows": 23940,"Actual Loops": 5,"Filter": "((l_shipdate >= '1996-01-01'::date) AND (l_shipdate < '1997-01-01 00:00:00'::timestamp without time zone) AND (l_discount >= 0.02) AND (l_discount <= 0.04) AND (l_quantity < '25'::numeric))","Rows Removed by Filter": 1176303,"Workers": []}]}]}]},"Planning Time": 2.766,"Triggers": [],"Execution Time": 334.034}]
[{"Plan": {"Node Type": "Aggregate","Strategy": "Plain","Partial Mode": "Finalize","Parallel Aware": false,"Async Capable": false,"Startup Cost": 147401.73,"Total Cost": 147401.74,"Plan Rows": 1,"Plan Width": 32,"Actual Startup Time": 301.810,"Actual Total Time": 334.490,"Actual Rows": 1,"Actual Loops": 1,"Plans": [{"Node Type": "Gather","Parent Relationship": "Outer","Parallel Aware": false,"Async Capable": false,"Startup Cost": 147401.30,"Total Cost": 147401.71,"Plan Rows": 4,"Plan Width": 32,"Actual Startup Time": 301.661,"Actual Total Time": 334.445,"Actual Rows": 5,"Actual Loops": 1,"Workers Planned": 4,"Workers Launched": 4,"Single Copy": false,"Plans": [{"Node Type": "Aggregate","Strategy": "Plain","Partial Mode": "Partial","Parent Relationship": "Outer","Parallel Aware": false,"Async Capable": false,"Startup Cost": 146401.30,"Total Cost": 146401.31,"Plan Rows": 1,"Plan Width": 32,"Actual Startup Time": 294.744,"Actual Total Time": 294.746,"Actual Rows": 1,"Actual Loops": 5,"Workers": [],"Plans": [{"Node Type": "Seq Scan","Parent Relationship": "Outer","Parallel Aware": true,"Async Capable": false,"Relation Name": "lineitem","Alias": "lineitem","Startup Cost": 0.00,"Total Cost": 146259.83,"Plan Rows": 28292,"Plan Width": 12,"Actual Startup Time": 0.071,"Actual Total Time": 289.877,"Actual Rows": 22841,"Actual Loops": 5,"Filter": "((l_shipdate >= '1997-01-01'::date) AND (l_shipdate < '1998-01-01 00:00:00'::timestamp without time zone) AND (l_discount >= 0.08) AND (l_discount <= 0.10) AND (l_quantity < '24'::numeric))","Rows Removed by Filter": 1177402,"Workers": []}]}]}]},"Planning Time": 2.944,"Triggers": [],"Execution Time": 334.671}]
[{"Plan": {"Node Type": "Aggregate","Strategy": "Plain","Partial Mode": "Finalize","Parallel Aware": false,"Async Capable": false,"Startup Cost": 147413.88,"Total Cost": 147413.89,"Plan Rows": 1,"Plan Width": 32,"Actual Startup Time": 301.549,"Actual Total Time": 333.949,"Actual Rows": 1,"Actual Loops": 1,"Plans": [{"Node Type": "Gather","Parent Relationship": "Outer","Parallel Aware": false,"Async Capable": false,"Startup Cost": 147413.45,"Total Cost": 147413.86,"Plan Rows": 4,"Plan Width": 32,"Actual Startup Time": 301.403,"Actual Total Time": 333.922,"Actual Rows": 5,"Actual Loops": 1,"Workers Planned": 4,"Workers Launched": 4,"Single Copy": false,"Plans": [{"Node Type": "Aggregate","Strategy": "Plain","Partial Mode": "Partial","Parent Relationship": "Outer","Parallel Aware": false,"Async Capable": false,"Startup Cost": 146413.45,"Total Cost": 146413.46,"Plan Rows": 1,"Plan Width": 32,"Actual Startup Time": 294.750,"Actual Total Time": 294.752,"Actual Rows": 1,"Actual Loops": 5,"Workers": [],"Plans": [{"Node Type": "Seq Scan","Parent Relationship": "Outer","Parallel Aware": true,"Async Capable": false,"Relation Name": "lineitem","Alias": "lineitem","Startup Cost": 0.00,"Total Cost": 146259.83,"Plan Rows": 30722,"Plan Width": 12,"Actual Startup Time": 0.080,"Actual Total Time": 289.738,"Actual Rows": 24012,"Actual Loops": 5,"Filter": "((l_shipdate >= '1995-01-01'::date) AND (l_shipdate < '1996-01-01 00:00:00'::timestamp without time zone) AND (l_discount >= 0.04) AND (l_discount <= 0.06) AND (l_quantity < '25'::numeric))","Rows Removed by Filter": 1176231,"Workers": []}]}]}]},"Planning Time": 2.384,"Triggers": [],"Execution Time": 334.172}]
[{"Plan": {"Node Type": "Aggregate","Strategy": "Plain","Partial Mode": "Finalize","Parallel Aware": false,"Async Capable": false,"Startup Cost": 147409.56,"Total Cost": 147409.57,"Plan Rows": 1,"Plan Width": 32,"Actual Startup Time": 304.353,"Actual Total Time": 336.582,"Actual Rows": 1,"Actual Loops": 1,"Plans": [{"Node Type": "Gather","Parent Relationship": "Outer","Parallel Aware": false,"Async Capable": false,"Startup Cost": 147409.13,"Total Cost": 147409.54,"Plan Rows": 4,"Plan Width": 32,"Actual Startup Time": 304.189,"Actual Total Time": 336.558,"Actual Rows": 5,"Actual Loops": 1,"Workers Planned": 4,"Workers Launched": 4,"Single Copy": false,"Plans": [{"Node Type": "Aggregate","Strategy": "Plain","Partial Mode": "Partial","Parent Relationship": "Outer","Parallel Aware": false,"Async Capable": false,"Startup Cost": 146409.13,"Total Cost": 146409.14,"Plan Rows": 1,"Plan Width": 32,"Actual Startup Time": 297.692,"Actual Total Time": 297.694,"Actual Rows": 1,"Actual Loops": 5,"Workers": [],"Plans": [{"Node Type": "Seq Scan","Parent Relationship": "Outer","Parallel Aware": true,"Async Capable": false,"Relation Name": "lineitem","Alias": "lineitem","Startup Cost": 0.00,"Total Cost": 146259.83,"Plan Rows": 29858,"Plan Width": 12,"Actual Startup Time": 0.063,"Actual Total Time": 292.684,"Actual Rows": 23851,"Actual Loops": 5,"Filter": "((l_shipdate >= '1996-01-01'::date) AND (l_shipdate < '1997-01-01 00:00:00'::timestamp without time zone) AND (l_discount >= 0.04) AND (l_discount <= 0.06) AND (l_quantity < '25'::numeric))","Rows Removed by Filter": 1176392,"Workers": []}]}]}]},"Planning Time": 2.206,"Triggers": [],"Execution Time": 336.793}]
[{"Plan": {"Node Type": "Aggregate","Strategy": "Plain","Partial Mode": "Finalize","Parallel Aware": false,"Async Capable": false,"Startup Cost": 147409.65,"Total Cost": 147409.66,"Plan Rows": 1,"Plan Width": 32,"Actual Startup Time": 302.620,"Actual Total Time": 335.871,"Actual Rows": 1,"Actual Loops": 1,"Plans": [{"Node Type": "Gather","Parent Relationship": "Outer","Parallel Aware": false,"Async Capable": false,"Startup Cost": 147409.22,"Total Cost": 147409.63,"Plan Rows": 4,"Plan Width": 32,"Actual Startup Time": 302.444,"Actual Total Time": 335.830,"Actual Rows": 5,"Actual Loops": 1,"Workers Planned": 4,"Workers Launched": 4,"Single Copy": false,"Plans": [{"Node Type": "Aggregate","Strategy": "Plain","Partial Mode": "Partial","Parent Relationship": "Outer","Parallel Aware": false,"Async Capable": false,"Startup Cost": 146409.22,"Total Cost": 146409.23,"Plan Rows": 1,"Plan Width": 32,"Actual Startup Time": 295.603,"Actual Total Time": 295.604,"Actual Rows": 1,"Actual Loops": 5,"Workers": [],"Plans": [{"Node Type": "Seq Scan","Parent Relationship": "Outer","Parallel Aware": true,"Async Capable": false,"Relation Name": "lineitem","Alias": "lineitem","Startup Cost": 0.00,"Total Cost": 146259.83,"Plan Rows": 29876,"Plan Width": 12,"Actual Startup Time": 0.094,"Actual Total Time": 290.474,"Actual Rows": 23835,"Actual Loops": 5,"Filter": "((l_shipdate >= '1997-01-01'::date) AND (l_shipdate < '1998-01-01 00:00:00'::timestamp without time zone) AND (l_discount >= 0.02) AND (l_discount <= 0.04) AND (l_quantity < '25'::numeric))","Rows Removed by Filter": 1176408,"Workers": []}]}]}]},"Planning Time": 2.636,"Triggers": [],"Execution Time": 336.150}]
[{"Plan": {"Node Type": "Aggregate","Strategy": "Plain","Partial Mode": "Finalize","Parallel Aware": false,"Async Capable": false,"Startup Cost": 147404.34,"Total Cost": 147404.35,"Plan Rows": 1,"Plan Width": 32,"Actual Startup Time": 300.362,"Actual Total Time": 333.522,"Actual Rows": 1,"Actual Loops": 1,"Plans": [{"Node Type": "Gather","Parent Relationship": "Outer","Parallel Aware": false,"Async Capable": false,"Startup Cost": 147403.91,"Total Cost": 147404.32,"Plan Rows": 4,"Plan Width": 32,"Actual Startup Time": 300.181,"Actual Total Time": 333.484,"Actual Rows": 5,"Actual Loops": 1,"Workers Planned": 4,"Workers Launched": 4,"Single Copy": false,"Plans": [{"Node Type": "Aggregate","Strategy": "Plain","Partial Mode": "Partial","Parent Relationship": "Outer","Parallel Aware": false,"Async Capable": false,"Startup Cost": 146403.91,"Total Cost": 146403.92,"Plan Rows": 1,"Plan Width": 32,"Actual Startup Time": 293.530,"Actual Total Time": 293.532,"Actual Rows": 1,"Actual Loops": 5,"Workers": [],"Plans": [{"Node Type": "Seq Scan","Parent Relationship": "Outer","Parallel Aware": true,"Async Capable": false,"Relation Name": "lineitem","Alias": "lineitem","Startup Cost": 0.00,"Total Cost": 146259.83,"Plan Rows": 28815,"Plan Width": 12,"Actual Startup Time": 0.061,"Actual Total Time": 288.650,"Actual Rows": 22809,"Actual Loops": 5,"Filter": "((l_shipdate >= '1993-01-01'::date) AND (l_shipdate < '1994-01-01 00:00:00'::timestamp without time zone) AND (l_discount >= 0.05) AND (l_discount <= 0.07) AND (l_quantity < '24'::numeric))","Rows Removed by Filter": 1177434,"Workers": []}]}]}]},"Planning Time": 2.249,"Triggers": [],"Execution Time": 333.759}]
[{"Plan": {"Node Type": "Aggregate","Strategy": "Plain","Partial Mode": "Finalize","Parallel Aware": false,"Async Capable": false,"Startup Cost": 147405.75,"Total Cost": 147405.76,"Plan Rows": 1,"Plan Width": 32,"Actual Startup Time": 302.160,"Actual Total Time": 334.512,"Actual Rows": 1,"Actual Loops": 1,"Plans": [{"Node Type": "Gather","Parent Relationship": "Outer","Parallel Aware": false,"Async Capable": false,"Startup Cost": 147405.32,"Total Cost": 147405.73,"Plan Rows": 4,"Plan Width": 32,"Actual Startup Time": 301.999,"Actual Total Time": 334.491,"Actual Rows": 5,"Actual Loops": 1,"Workers Planned": 4,"Workers Launched": 4,"Single Copy": false,"Plans": [{"Node Type": "Aggregate","Strategy": "Plain","Partial Mode": "Partial","Parent Relationship": "Outer","Parallel Aware": false,"Async Capable": false,"Startup Cost": 146405.32,"Total Cost": 146405.33,"Plan Rows": 1,"Plan Width": 32,"Actual Startup Time": 295.409,"Actual Total Time": 295.411,"Actual Rows": 1,"Actual Loops": 5,"Workers": [],"Plans": [{"Node Type": "Seq Scan","Parent Relationship": "Outer","Parallel Aware": true,"Async Capable": false,"Relation Name": "lineitem","Alias": "lineitem","Startup Cost": 0.00,"Total Cost": 146259.83,"Plan Rows": 29096,"Plan Width": 12,"Actual Startup Time": 0.114,"Actual Total Time": 290.597,"Actual Rows": 22909,"Actual Loops": 5,"Filter": "((l_shipdate >= '1995-01-01'::date) AND (l_shipdate < '1996-01-01 00:00:00'::timestamp without time zone) AND (l_discount >= 0.08) AND (l_discount <= 0.10) AND (l_quantity < '24'::numeric))","Rows Removed by Filter": 1177334,"Workers": []}]}]}]},"Planning Time": 2.232,"Triggers": [],"Execution Time": 334.727}]
[{"Plan": {"Node Type": "Aggregate","Strategy": "Plain","Partial Mode": "Finalize","Parallel Aware": false,"Async Capable": false,"Startup Cost": 147413.88,"Total Cost": 147413.89,"Plan Rows": 1,"Plan Width": 32,"Actual Startup Time": 301.549,"Actual Total Time": 333.949,"Actual Rows": 1,"Actual Loops": 1,"Plans": [{"Node Type": "Gather","Parent Relationship": "Outer","Parallel Aware": false,"Async Capable": false,"Startup Cost": 147413.45,"Total Cost": 147413.86,"Plan Rows": 4,"Plan Width": 32,"Actual Startup Time": 301.403,"Actual Total Time": 333.922,"Actual Rows": 5,"Actual Loops": 1,"Workers Planned": 4,"Workers Launched": 4,"Single Copy": false,"Plans": [{"Node Type": "Aggregate","Strategy": "Plain","Partial Mode": "Partial","Parent Relationship": "Outer","Parallel Aware": false,"Async Capable": false,"Startup Cost": 146413.45,"Total Cost": 146413.46,"Plan Rows": 1,"Plan Width": 32,"Actual Startup Time": 294.750,"Actual Total Time": 294.752,"Actual Rows": 1,"Actual Loops": 5,"Workers": [],"Plans": [{"Node Type": "Seq Scan","Parent Relationship": "Outer","Parallel Aware": true,"Async Capable": false,"Relation Name": "lineitem","Alias": "lineitem","Startup Cost": 0.00,"Total Cost": 146259.83,"Plan Rows": 30722,"Plan Width": 12,"Actual Startup Time": 0.080,"Actual Total Time": 289.738,"Actual Rows": 24012,"Actual Loops": 5,"Filter": "((l_shipdate >= '1995-01-01'::date) AND (l_shipdate < '1996-01-01 00:00:00'::timestamp without time zone) AND (l_discount >= 0.04) AND (l_discount <= 0.06) AND (l_quantity < '25'::numeric))","Rows Removed by Filter": 1176231,"Workers": []}]}]}]},"Planning Time": 2.384,"Triggers": [],"Execution Time": 334.172}]
[{"Plan": {"Node Type": "Aggregate","Strategy": "Plain","Partial Mode": "Finalize","Parallel Aware": false,"Async Capable": false,"Startup Cost": 147404.33,"Total Cost": 147404.34,"Plan Rows": 1,"Plan Width": 32,"Actual Startup Time": 309.247,"Actual Total Time": 341.963,"Actual Rows": 1,"Actual Loops": 1,"Plans": [{"Node Type": "Gather","Parent Relationship": "Outer","Parallel Aware": false,"Async Capable": false,"Startup Cost": 147403.90,"Total Cost": 147404.31,"Plan Rows": 4,"Plan Width": 32,"Actual Startup Time": 309.077,"Actual Total Time": 341.925,"Actual Rows": 5,"Actual Loops": 1,"Workers Planned": 4,"Workers Launched": 4,"Single Copy": false,"Plans": [{"Node Type": "Aggregate","Strategy": "Plain","Partial Mode": "Partial","Parent Relationship": "Outer","Parallel Aware": false,"Async Capable": false,"Startup Cost": 146403.90,"Total Cost": 146403.91,"Plan Rows": 1,"Plan Width": 32,"Actual Startup Time": 302.050,"Actual Total Time": 302.052,"Actual Rows": 1,"Actual Loops": 5,"Workers": [],"Plans": [{"Node Type": "Seq Scan","Parent Relationship": "Outer","Parallel Aware": true,"Async Capable": false,"Relation Name": "lineitem","Alias": "lineitem","Startup Cost": 0.00,"Total Cost": 146259.83,"Plan Rows": 28812,"Plan Width": 12,"Actual Startup Time": 0.087,"Actual Total Time": 297.201,"Actual Rows": 22841,"Actual Loops": 5,"Filter": "((l_shipdate >= '1997-01-01'::date) AND (l_shipdate < '1998-01-01 00:00:00'::timestamp without time zone) AND (l_discount >= 0.01) AND (l_discount <= 0.03) AND (l_quantity < '24'::numeric))","Rows Removed by Filter": 1177402,"Workers": []}]}]}]},"Planning Time": 2.212,"Triggers": [],"Execution Time": 342.131}]
[{"Plan": {"Node Type": "Aggregate","Strategy": "Plain","Partial Mode": "Finalize","Parallel Aware": false,"Async Capable": false,"Startup Cost": 147411.24,"Total Cost": 147411.25,"Plan Rows": 1,"Plan Width": 32,"Actual Startup Time": 306.146,"Actual Total Time": 337.945,"Actual Rows": 1,"Actual Loops": 1,"Plans": [{"Node Type": "Gather","Parent Relationship": "Outer","Parallel Aware": false,"Async Capable": false,"Startup Cost": 147410.81,"Total Cost": 147411.22,"Plan Rows": 4,"Plan Width": 32,"Actual Startup Time": 305.983,"Actual Total Time": 337.923,"Actual Rows": 5,"Actual Loops": 1,"Workers Planned": 4,"Workers Launched": 4,"Single Copy": false,"Plans": [{"Node Type": "Aggregate","Strategy": "Plain","Partial Mode": "Partial","Parent Relationship": "Outer","Parallel Aware": false,"Async Capable": false,"Startup Cost": 146410.81,"Total Cost": 146410.82,"Plan Rows": 1,"Plan Width": 32,"Actual Startup Time": 299.109,"Actual Total Time": 299.111,"Actual Rows": 1,"Actual Loops": 5,"Workers": [],"Plans": [{"Node Type": "Seq Scan","Parent Relationship": "Outer","Parallel Aware": true,"Async Capable": false,"Relation Name": "lineitem","Alias": "lineitem","Startup Cost": 0.00,"Total Cost": 146259.83,"Plan Rows": 30194,"Plan Width": 12,"Actual Startup Time": 0.070,"Actual Total Time": 294.125,"Actual Rows": 23770,"Actual Loops": 5,"Filter": "((l_shipdate >= '1993-01-01'::date) AND (l_shipdate < '1994-01-01 00:00:00'::timestamp without time zone) AND (l_discount >= 0.04) AND (l_discount <= 0.06) AND (l_quantity < '25'::numeric))","Rows Removed by Filter": 1176473,"Workers": []}]}]}]},"Planning Time": 2.759,"Triggers": [],"Execution Time": 338.194}]
[{"Plan": {"Node Type": "Aggregate","Strategy": "Plain","Partial Mode": "Finalize","Parallel Aware": false,"Async Capable": false,"Startup Cost": 147409.96,"Total Cost": 147409.97,"Plan Rows": 1,"Plan Width": 32,"Actual Startup Time": 296.303,"Actual Total Time": 328.518,"Actual Rows": 1,"Actual Loops": 1,"Plans": [{"Node Type": "Gather","Parent Relationship": "Outer","Parallel Aware": false,"Async Capable": false,"Startup Cost": 147409.53,"Total Cost": 147409.94,"Plan Rows": 4,"Plan Width": 32,"Actual Startup Time": 296.107,"Actual Total Time": 328.484,"Actual Rows": 5,"Actual Loops": 1,"Workers Planned": 4,"Workers Launched": 4,"Single Copy": false,"Plans": [{"Node Type": "Aggregate","Strategy": "Plain","Partial Mode": "Partial","Parent Relationship": "Outer","Parallel Aware": false,"Async Capable": false,"Startup Cost": 146409.53,"Total Cost": 146409.54,"Plan Rows": 1,"Plan Width": 32,"Actual Startup Time": 289.501,"Actual Total Time": 289.502,"Actual Rows": 1,"Actual Loops": 5,"Workers": [],"Plans": [{"Node Type": "Seq Scan","Parent Relationship": "Outer","Parallel Aware": true,"Async Capable": false,"Relation Name": "lineitem","Alias": "lineitem","Startup Cost": 0.00,"Total Cost": 146259.83,"Plan Rows": 29938,"Plan Width": 12,"Actual Startup Time": 0.125,"Actual Total Time": 284.314,"Actual Rows": 23835,"Actual Loops": 5,"Filter": "((l_shipdate >= '1997-01-01'::date) AND (l_shipdate < '1998-01-01 00:00:00'::timestamp without time zone) AND (l_discount >= 0.06) AND (l_discount <= 0.08) AND (l_quantity < '25'::numeric))","Rows Removed by Filter": 1176408,"Workers": []}]}]}]},"Planning Time": 2.623,"Triggers": [],"Execution Time": 328.758}]
[{"Plan": {"Node Type": "Aggregate","Strategy": "Plain","Partial Mode": "Finalize","Parallel Aware": false,"Async Capable": false,"Startup Cost": 147409.65,"Total Cost": 147409.66,"Plan Rows": 1,"Plan Width": 32,"Actual Startup Time": 302.620,"Actual Total Time": 335.871,"Actual Rows": 1,"Actual Loops": 1,"Plans": [{"Node Type": "Gather","Parent Relationship": "Outer","Parallel Aware": false,"Async Capable": false,"Startup Cost": 147409.22,"Total Cost": 147409.63,"Plan Rows": 4,"Plan Width": 32,"Actual Startup Time": 302.444,"Actual Total Time": 335.830,"Actual Rows": 5,"Actual Loops": 1,"Workers Planned": 4,"Workers Launched": 4,"Single Copy": false,"Plans": [{"Node Type": "Aggregate","Strategy": "Plain","Partial Mode": "Partial","Parent Relationship": "Outer","Parallel Aware": false,"Async Capable": false,"Startup Cost": 146409.22,"Total Cost": 146409.23,"Plan Rows": 1,"Plan Width": 32,"Actual Startup Time": 295.603,"Actual Total Time": 295.604,"Actual Rows": 1,"Actual Loops": 5,"Workers": [],"Plans": [{"Node Type": "Seq Scan","Parent Relationship": "Outer","Parallel Aware": true,"Async Capable": false,"Relation Name": "lineitem","Alias": "lineitem","Startup Cost": 0.00,"Total Cost": 146259.83,"Plan Rows": 29876,"Plan Width": 12,"Actual Startup Time": 0.094,"Actual Total Time": 290.474,"Actual Rows": 23835,"Actual Loops": 5,"Filter": "((l_shipdate >= '1997-01-01'::date) AND (l_shipdate < '1998-01-01 00:00:00'::timestamp without time zone) AND (l_discount >= 0.02) AND (l_discount <= 0.04) AND (l_quantity < '25'::numeric))","Rows Removed by Filter": 1176408,"Workers": []}]}]}]},"Planning Time": 2.636,"Triggers": [],"Execution Time": 336.150}]
[{"Plan": {"Node Type": "Aggregate","Strategy": "Plain","Partial Mode": "Finalize","Parallel Aware": false,"Async Capable": false,"Startup Cost": 147409.70,"Total Cost": 147409.71,"Plan Rows": 1,"Plan Width": 32,"Actual Startup Time": 318.187,"Actual Total Time": 351.604,"Actual Rows": 1,"Actual Loops": 1,"Plans": [{"Node Type": "Gather","Parent Relationship": "Outer","Parallel Aware": false,"Async Capable": false,"Startup Cost": 147409.27,"Total Cost": 147409.68,"Plan Rows": 4,"Plan Width": 32,"Actual Startup Time": 318.005,"Actual Total Time": 351.566,"Actual Rows": 5,"Actual Loops": 1,"Workers Planned": 4,"Workers Launched": 4,"Single Copy": false,"Plans": [{"Node Type": "Aggregate","Strategy": "Plain","Partial Mode": "Partial","Parent Relationship": "Outer","Parallel Aware": false,"Async Capable": false,"Startup Cost": 146409.27,"Total Cost": 146409.28,"Plan Rows": 1,"Plan Width": 32,"Actual Startup Time": 310.692,"Actual Total Time": 310.693,"Actual Rows": 1,"Actual Loops": 5,"Workers": [],"Plans": [{"Node Type": "Seq Scan","Parent Relationship": "Outer","Parallel Aware": true,"Async Capable": false,"Relation Name": "lineitem","Alias": "lineitem","Startup Cost": 0.00,"Total Cost": 146259.83,"Plan Rows": 29887,"Plan Width": 12,"Actual Startup Time": 0.069,"Actual Total Time": 305.516,"Actual Rows": 23782,"Actual Loops": 5,"Filter": "((l_shipdate >= '1994-01-01'::date) AND (l_shipdate < '1995-01-01 00:00:00'::timestamp without time zone) AND (l_discount >= 0.01) AND (l_discount <= 0.03) AND (l_quantity < '25'::numeric))","Rows Removed by Filter": 1176461,"Workers": []}]}]}]},"Planning Time": 2.556,"Triggers": [],"Execution Time": 351.812}]
[{"Plan": {"Node Type": "Aggregate","Strategy": "Plain","Partial Mode": "Finalize","Parallel Aware": false,"Async Capable": false,"Startup Cost": 147402.78,"Total Cost": 147402.79,"Plan Rows": 1,"Plan Width": 32,"Actual Startup Time": 312.656,"Actual Total Time": 344.675,"Actual Rows": 1,"Actual Loops": 1,"Plans": [{"Node Type": "Gather","Parent Relationship": "Outer","Parallel Aware": false,"Async Capable": false,"Startup Cost": 147402.35,"Total Cost": 147402.76,"Plan Rows": 4,"Plan Width": 32,"Actual Startup Time": 312.490,"Actual Total Time": 344.644,"Actual Rows": 5,"Actual Loops": 1,"Workers Planned": 4,"Workers Launched": 4,"Single Copy": false,"Plans": [{"Node Type": "Aggregate","Strategy": "Plain","Partial Mode": "Partial","Parent Relationship": "Outer","Parallel Aware": false,"Async Capable": false,"Startup Cost": 146402.35,"Total Cost": 146402.36,"Plan Rows": 1,"Plan Width": 32,"Actual Startup Time": 305.317,"Actual Total Time": 305.318,"Actual Rows": 1,"Actual Loops": 5,"Workers": [],"Plans": [{"Node Type": "Seq Scan","Parent Relationship": "Outer","Parallel Aware": true,"Async Capable": false,"Relation Name": "lineitem","Alias": "lineitem","Startup Cost": 0.00,"Total Cost": 146259.83,"Plan Rows": 28502,"Plan Width": 12,"Actual Startup Time": 0.102,"Actual Total Time": 300.135,"Actual Rows": 22886,"Actual Loops": 5,"Filter": "((l_shipdate >= '1996-01-01'::date) AND (l_shipdate < '1997-01-01 00:00:00'::timestamp without time zone) AND (l_discount >= 0.07) AND (l_discount <= 0.09) AND (l_quantity < '24'::numeric))","Rows Removed by Filter": 1177357,"Workers": []}]}]}]},"Planning Time": 2.959,"Triggers": [],"Execution Time": 344.931}]
[{"Plan": {"Node Type": "Aggregate","Strategy": "Plain","Partial Mode": "Finalize","Parallel Aware": false,"Async Capable": false,"Startup Cost": 147404.26,"Total Cost": 147404.27,"Plan Rows": 1,"Plan Width": 32,"Actual Startup Time": 307.701,"Actual Total Time": 341.025,"Actual Rows": 1,"Actual Loops": 1,"Plans": [{"Node Type": "Gather","Parent Relationship": "Outer","Parallel Aware": false,"Async Capable": false,"Startup Cost": 147403.83,"Total Cost": 147404.24,"Plan Rows": 4,"Plan Width": 32,"Actual Startup Time": 307.548,"Actual Total Time": 340.986,"Actual Rows": 5,"Actual Loops": 1,"Workers Planned": 4,"Workers Launched": 4,"Single Copy": false,"Plans": [{"Node Type": "Aggregate","Strategy": "Plain","Partial Mode": "Partial","Parent Relationship": "Outer","Parallel Aware": false,"Async Capable": false,"Startup Cost": 146403.83,"Total Cost": 146403.84,"Plan Rows": 1,"Plan Width": 32,"Actual Startup Time": 300.209,"Actual Total Time": 300.210,"Actual Rows": 1,"Actual Loops": 5,"Workers": [],"Plans": [{"Node Type": "Seq Scan","Parent Relationship": "Outer","Parallel Aware": true,"Async Capable": false,"Relation Name": "lineitem","Alias": "lineitem","Startup Cost": 0.00,"Total Cost": 146259.83,"Plan Rows": 28799,"Plan Width": 12,"Actual Startup Time": 0.104,"Actual Total Time": 295.271,"Actual Rows": 22953,"Actual Loops": 5,"Filter": "((l_shipdate >= '1996-01-01'::date) AND (l_shipdate < '1997-01-01 00:00:00'::timestamp without time zone) AND (l_discount >= 0.01) AND (l_discount <= 0.03) AND (l_quantity < '24'::numeric))","Rows Removed by Filter": 1177290,"Workers": []}]}]}]},"Planning Time": 2.573,"Triggers": [],"Execution Time": 341.309}]
[{"Plan": {"Node Type": "Aggregate","Strategy": "Plain","Partial Mode": "Finalize","Parallel Aware": false,"Async Capable": false,"Startup Cost": 147401.66,"Total Cost": 147401.67,"Plan Rows": 1,"Plan Width": 32,"Actual Startup Time": 300.986,"Actual Total Time": 333.447,"Actual Rows": 1,"Actual Loops": 1,"Plans": [{"Node Type": "Gather","Parent Relationship": "Outer","Parallel Aware": false,"Async Capable": false,"Startup Cost": 147401.23,"Total Cost": 147401.64,"Plan Rows": 4,"Plan Width": 32,"Actual Startup Time": 300.775,"Actual Total Time": 333.412,"Actual Rows": 5,"Actual Loops": 1,"Workers Planned": 4,"Workers Launched": 4,"Single Copy": false,"Plans": [{"Node Type": "Aggregate","Strategy": "Plain","Partial Mode": "Partial","Parent Relationship": "Outer","Parallel Aware": false,"Async Capable": false,"Startup Cost": 146401.23,"Total Cost": 146401.24,"Plan Rows": 1,"Plan Width": 32,"Actual Startup Time": 294.109,"Actual Total Time": 294.111,"Actual Rows": 1,"Actual Loops": 5,"Workers": [],"Plans": [{"Node Type": "Seq Scan","Parent Relationship": "Outer","Parallel Aware": true,"Async Capable": false,"Relation Name": "lineitem","Alias": "lineitem","Startup Cost": 0.00,"Total Cost": 146259.83,"Plan Rows": 28279,"Plan Width": 12,"Actual Startup Time": 0.083,"Actual Total Time": 289.309,"Actual Rows": 22984,"Actual Loops": 5,"Filter": "((l_shipdate >= '1996-01-01'::date) AND (l_shipdate < '1997-01-01 00:00:00'::timestamp without time zone) AND (l_discount >= 0.08) AND (l_discount <= 0.10) AND (l_quantity < '24'::numeric))","Rows Removed by Filter": 1177259,"Workers": []}]}]}]},"Planning Time": 2.120,"Triggers": [],"Execution Time": 333.656}]
[{"Plan": {"Node Type": "Aggregate","Strategy": "Plain","Partial Mode": "Finalize","Parallel Aware": false,"Async Capable": false,"Startup Cost": 147401.96,"Total Cost": 147401.97,"Plan Rows": 1,"Plan Width": 32,"Actual Startup Time": 301.236,"Actual Total Time": 333.196,"Actual Rows": 1,"Actual Loops": 1,"Plans": [{"Node Type": "Gather","Parent Relationship": "Outer","Parallel Aware": false,"Async Capable": false,"Startup Cost": 147401.53,"Total Cost": 147401.94,"Plan Rows": 4,"Plan Width": 32,"Actual Startup Time": 301.008,"Actual Total Time": 333.159,"Actual Rows": 5,"Actual Loops": 1,"Workers Planned": 4,"Workers Launched": 4,"Single Copy": false,"Plans": [{"Node Type": "Aggregate","Strategy": "Plain","Partial Mode": "Partial","Parent Relationship": "Outer","Parallel Aware": false,"Async Capable": false,"Startup Cost": 146401.53,"Total Cost": 146401.54,"Plan Rows": 1,"Plan Width": 32,"Actual Startup Time": 293.920,"Actual Total Time": 293.926,"Actual Rows": 1,"Actual Loops": 5,"Workers": [],"Plans": [{"Node Type": "Seq Scan","Parent Relationship": "Outer","Parallel Aware": true,"Async Capable": false,"Relation Name": "lineitem","Alias": "lineitem","Startup Cost": 0.00,"Total Cost": 146259.83,"Plan Rows": 28338,"Plan Width": 12,"Actual Startup Time": 0.086,"Actual Total Time": 288.967,"Actual Rows": 22878,"Actual Loops": 5,"Filter": "((l_shipdate >= '1996-01-01'::date) AND (l_shipdate < '1997-01-01 00:00:00'::timestamp without time zone) AND (l_discount >= 0.03) AND (l_discount <= 0.05) AND (l_quantity < '24'::numeric))","Rows Removed by Filter": 1177365,"Workers": []}]}]}]},"Planning Time": 2.851,"Triggers": [],"Execution Time": 333.444}]
[{"Plan": {"Node Type": "Aggregate","Strategy": "Plain","Partial Mode": "Finalize","Parallel Aware": false,"Async Capable": false,"Startup Cost": 147406.86,"Total Cost": 147406.87,"Plan Rows": 1,"Plan Width": 32,"Actual Startup Time": 300.104,"Actual Total Time": 331.789,"Actual Rows": 1,"Actual Loops": 1,"Plans": [{"Node Type": "Gather","Parent Relationship": "Outer","Parallel Aware": false,"Async Capable": false,"Startup Cost": 147406.43,"Total Cost": 147406.84,"Plan Rows": 4,"Plan Width": 32,"Actual Startup Time": 299.950,"Actual Total Time": 331.768,"Actual Rows": 5,"Actual Loops": 1,"Workers Planned": 4,"Workers Launched": 4,"Single Copy": false,"Plans": [{"Node Type": "Aggregate","Strategy": "Plain","Partial Mode": "Partial","Parent Relationship": "Outer","Parallel Aware": false,"Async Capable": false,"Startup Cost": 146406.43,"Total Cost": 146406.44,"Plan Rows": 1,"Plan Width": 32,"Actual Startup Time": 293.419,"Actual Total Time": 293.420,"Actual Rows": 1,"Actual Loops": 5,"Workers": [],"Plans": [{"Node Type": "Seq Scan","Parent Relationship": "Outer","Parallel Aware": true,"Async Capable": false,"Relation Name": "lineitem","Alias": "lineitem","Startup Cost": 0.00,"Total Cost": 146259.83,"Plan Rows": 29319,"Plan Width": 12,"Actual Startup Time": 0.099,"Actual Total Time": 288.598,"Actual Rows": 22982,"Actual Loops": 5,"Filter": "((l_shipdate >= '1995-01-01'::date) AND (l_shipdate < '1996-01-01 00:00:00'::timestamp without time zone) AND (l_discount >= 0.05) AND (l_discount <= 0.07) AND (l_quantity < '24'::numeric))","Rows Removed by Filter": 1177261,"Workers": []}]}]}]},"Planning Time": 2.905,"Triggers": [],"Execution Time": 332.052}]
[{"Plan": {"Node Type": "Aggregate","Strategy": "Plain","Partial Mode": "Finalize","Parallel Aware": false,"Async Capable": false,"Startup Cost": 147409.58,"Total Cost": 147409.59,"Plan Rows": 1,"Plan Width": 32,"Actual Startup Time": 301.600,"Actual Total Time": 333.793,"Actual Rows": 1,"Actual Loops": 1,"Plans": [{"Node Type": "Gather","Parent Relationship": "Outer","Parallel Aware": false,"Async Capable": false,"Startup Cost": 147409.15,"Total Cost": 147409.56,"Plan Rows": 4,"Plan Width": 32,"Actual Startup Time": 301.384,"Actual Total Time": 333.756,"Actual Rows": 5,"Actual Loops": 1,"Workers Planned": 4,"Workers Launched": 4,"Single Copy": false,"Plans": [{"Node Type": "Aggregate","Strategy": "Plain","Partial Mode": "Partial","Parent Relationship": "Outer","Parallel Aware": false,"Async Capable": false,"Startup Cost": 146409.15,"Total Cost": 146409.16,"Plan Rows": 1,"Plan Width": 32,"Actual Startup Time": 294.153,"Actual Total Time": 294.156,"Actual Rows": 1,"Actual Loops": 5,"Workers": [],"Plans": [{"Node Type": "Seq Scan","Parent Relationship": "Outer","Parallel Aware": true,"Async Capable": false,"Relation Name": "lineitem","Alias": "lineitem","Startup Cost": 0.00,"Total Cost": 146259.83,"Plan Rows": 29862,"Plan Width": 12,"Actual Startup Time": 0.097,"Actual Total Time": 289.096,"Actual Rows": 23940,"Actual Loops": 5,"Filter": "((l_shipdate >= '1996-01-01'::date) AND (l_shipdate < '1997-01-01 00:00:00'::timestamp without time zone) AND (l_discount >= 0.02) AND (l_discount <= 0.04) AND (l_quantity < '25'::numeric))","Rows Removed by Filter": 1176303,"Workers": []}]}]}]},"Planning Time": 2.766,"Triggers": [],"Execution Time": 334.034}]
[{"Plan": {"Node Type": "Aggregate","Strategy": "Plain","Partial Mode": "Finalize","Parallel Aware": false,"Async Capable": false,"Startup Cost": 147407.81,"Total Cost": 147407.82,"Plan Rows": 1,"Plan Width": 32,"Actual Startup Time": 300.645,"Actual Total Time": 333.639,"Actual Rows": 1,"Actual Loops": 1,"Plans": [{"Node Type": "Gather","Parent Relationship": "Outer","Parallel Aware": false,"Async Capable": false,"Startup Cost": 147407.38,"Total Cost": 147407.79,"Plan Rows": 4,"Plan Width": 32,"Actual Startup Time": 300.465,"Actual Total Time": 333.595,"Actual Rows": 5,"Actual Loops": 1,"Workers Planned": 4,"Workers Launched": 4,"Single Copy": false,"Plans": [{"Node Type": "Aggregate","Strategy": "Plain","Partial Mode": "Partial","Parent Relationship": "Outer","Parallel Aware": false,"Async Capable": false,"Startup Cost": 146407.38,"Total Cost": 146407.39,"Plan Rows": 1,"Plan Width": 32,"Actual Startup Time": 293.562,"Actual Total Time": 293.563,"Actual Rows": 1,"Actual Loops": 5,"Workers": [],"Plans": [{"Node Type": "Seq Scan","Parent Relationship": "Outer","Parallel Aware": true,"Async Capable": false,"Relation Name": "lineitem","Alias": "lineitem","Startup Cost": 0.00,"Total Cost": 146259.83,"Plan Rows": 29509,"Plan Width": 12,"Actual Startup Time": 0.062,"Actual Total Time": 288.418,"Actual Rows": 23989,"Actual Loops": 5,"Filter": "((l_shipdate >= '1996-01-01'::date) AND (l_shipdate < '1997-01-01 00:00:00'::timestamp without time zone) AND (l_discount >= 0.08) AND (l_discount <= 0.10) AND (l_quantity < '25'::numeric))","Rows Removed by Filter": 1176254,"Workers": []}]}]}]},"Planning Time": 2.654,"Triggers": [],"Execution Time": 333.850}]
[{"Plan": {"Node Type": "Aggregate","Strategy": "Plain","Partial Mode": "Finalize","Parallel Aware": false,"Async Capable": false,"Startup Cost": 147402.74,"Total Cost": 147402.75,"Plan Rows": 1,"Plan Width": 32,"Actual Startup Time": 294.972,"Actual Total Time": 327.491,"Actual Rows": 1,"Actual Loops": 1,"Plans": [{"Node Type": "Gather","Parent Relationship": "Outer","Parallel Aware": false,"Async Capable": false,"Startup Cost": 147402.31,"Total Cost": 147402.72,"Plan Rows": 4,"Plan Width": 32,"Actual Startup Time": 294.803,"Actual Total Time": 327.457,"Actual Rows": 5,"Actual Loops": 1,"Workers Planned": 4,"Workers Launched": 4,"Single Copy": false,"Plans": [{"Node Type": "Aggregate","Strategy": "Plain","Partial Mode": "Partial","Parent Relationship": "Outer","Parallel Aware": false,"Async Capable": false,"Startup Cost": 146402.31,"Total Cost": 146402.32,"Plan Rows": 1,"Plan Width": 32,"Actual Startup Time": 288.287,"Actual Total Time": 288.289,"Actual Rows": 1,"Actual Loops": 5,"Workers": [],"Plans": [{"Node Type": "Seq Scan","Parent Relationship": "Outer","Parallel Aware": true,"Async Capable": false,"Relation Name": "lineitem","Alias": "lineitem","Startup Cost": 0.00,"Total Cost": 146259.83,"Plan Rows": 28495,"Plan Width": 12,"Actual Startup Time": 0.083,"Actual Total Time": 283.417,"Actual Rows": 22816,"Actual Loops": 5,"Filter": "((l_shipdate >= '1996-01-01'::date) AND (l_shipdate < '1997-01-01 00:00:00'::timestamp without time zone) AND (l_discount >= 0.05) AND (l_discount <= 0.07) AND (l_quantity < '24'::numeric))","Rows Removed by Filter": 1177427,"Workers": []}]}]}]},"Planning Time": 2.656,"Triggers": [],"Execution Time": 327.682}]
[{"Plan": {"Node Type": "Aggregate","Strategy": "Plain","Partial Mode": "Finalize","Parallel Aware": false,"Async Capable": false,"Startup Cost": 147405.88,"Total Cost": 147405.89,"Plan Rows": 1,"Plan Width": 32,"Actual Startup Time": 305.694,"Actual Total Time": 338.072,"Actual Rows": 1,"Actual Loops": 1,"Plans": [{"Node Type": "Gather","Parent Relationship": "Outer","Parallel Aware": false,"Async Capable": false,"Startup Cost": 147405.45,"Total Cost": 147405.86,"Plan Rows": 4,"Plan Width": 32,"Actual Startup Time": 305.534,"Actual Total Time": 338.050,"Actual Rows": 5,"Actual Loops": 1,"Workers Planned": 4,"Workers Launched": 4,"Single Copy": false,"Plans": [{"Node Type": "Aggregate","Strategy": "Plain","Partial Mode": "Partial","Parent Relationship": "Outer","Parallel Aware": false,"Async Capable": false,"Startup Cost": 146405.45,"Total Cost": 146405.46,"Plan Rows": 1,"Plan Width": 32,"Actual Startup Time": 298.920,"Actual Total Time": 298.921,"Actual Rows": 1,"Actual Loops": 5,"Workers": [],"Plans": [{"Node Type": "Seq Scan","Parent Relationship": "Outer","Parallel Aware": true,"Async Capable": false,"Relation Name": "lineitem","Alias": "lineitem","Startup Cost": 0.00,"Total Cost": 146259.83,"Plan Rows": 29122,"Plan Width": 12,"Actual Startup Time": 0.100,"Actual Total Time": 294.160,"Actual Rows": 22732,"Actual Loops": 5,"Filter": "((l_shipdate >= '1993-01-01'::date) AND (l_shipdate < '1994-01-01 00:00:00'::timestamp without time zone) AND (l_discount >= 0.01) AND (l_discount <= 0.03) AND (l_quantity < '24'::numeric))","Rows Removed by Filter": 1177511,"Workers": []}]}]}]},"Planning Time": 2.133,"Triggers": [],"Execution Time": 338.277}]
[{"Plan": {"Node Type": "Aggregate","Strategy": "Plain","Partial Mode": "Finalize","Parallel Aware": false,"Async Capable": false,"Startup Cost": 147404.94,"Total Cost": 147404.95,"Plan Rows": 1,"Plan Width": 32,"Actual Startup Time": 304.858,"Actual Total Time": 337.583,"Actual Rows": 1,"Actual Loops": 1,"Plans": [{"Node Type": "Gather","Parent Relationship": "Outer","Parallel Aware": false,"Async Capable": false,"Startup Cost": 147404.51,"Total Cost": 147404.92,"Plan Rows": 4,"Plan Width": 32,"Actual Startup Time": 304.667,"Actual Total Time": 337.548,"Actual Rows": 5,"Actual Loops": 1,"Workers Planned": 4,"Workers Launched": 4,"Single Copy": false,"Plans": [{"Node Type": "Aggregate","Strategy": "Plain","Partial Mode": "Partial","Parent Relationship": "Outer","Parallel Aware": false,"Async Capable": false,"Startup Cost": 146404.51,"Total Cost": 146404.52,"Plan Rows": 1,"Plan Width": 32,"Actual Startup Time": 296.960,"Actual Total Time": 296.961,"Actual Rows": 1,"Actual Loops": 5,"Workers": [],"Plans": [{"Node Type": "Seq Scan","Parent Relationship": "Outer","Parallel Aware": true,"Async Capable": false,"Relation Name": "lineitem","Alias": "lineitem","Startup Cost": 0.00,"Total Cost": 146259.83,"Plan Rows": 28935,"Plan Width": 12,"Actual Startup Time": 0.056,"Actual Total Time": 292.078,"Actual Rows": 22769,"Actual Loops": 5,"Filter": "((l_shipdate >= '1993-01-01'::date) AND (l_shipdate < '1994-01-01 00:00:00'::timestamp without time zone) AND (l_discount >= 0.04) AND (l_discount <= 0.06) AND (l_quantity < '24'::numeric))","Rows Removed by Filter": 1177474,"Workers": []}]}]}]},"Planning Time": 2.899,"Triggers": [],"Execution Time": 337.818}]
[{"Plan": {"Node Type": "Aggregate","Strategy": "Plain","Partial Mode": "Finalize","Parallel Aware": false,"Async Capable": false,"Startup Cost": 147403.72,"Total Cost": 147403.73,"Plan Rows": 1,"Plan Width": 32,"Actual Startup Time": 297.848,"Actual Total Time": 329.743,"Actual Rows": 1,"Actual Loops": 1,"Plans": [{"Node Type": "Gather","Parent Relationship": "Outer","Parallel Aware": false,"Async Capable": false,"Startup Cost": 147403.29,"Total Cost": 147403.70,"Plan Rows": 4,"Plan Width": 32,"Actual Startup Time": 297.724,"Actual Total Time": 329.700,"Actual Rows": 5,"Actual Loops": 1,"Workers Planned": 4,"Workers Launched": 4,"Single Copy": false,"Plans": [{"Node Type": "Aggregate","Strategy": "Plain","Partial Mode": "Partial","Parent Relationship": "Outer","Parallel Aware": false,"Async Capable": false,"Startup Cost": 146403.29,"Total Cost": 146403.30,"Plan Rows": 1,"Plan Width": 32,"Actual Startup Time": 290.963,"Actual Total Time": 290.965,"Actual Rows": 1,"Actual Loops": 5,"Workers": [],"Plans": [{"Node Type": "Seq Scan","Parent Relationship": "Outer","Parallel Aware": true,"Async Capable": false,"Relation Name": "lineitem","Alias": "lineitem","Startup Cost": 0.00,"Total Cost": 146259.83,"Plan Rows": 28690,"Plan Width": 12,"Actual Startup Time": 0.110,"Actual Total Time": 286.168,"Actual Rows": 22858,"Actual Loops": 5,"Filter": "((l_shipdate >= '1997-01-01'::date) AND (l_shipdate < '1998-01-01 00:00:00'::timestamp without time zone) AND (l_discount >= 0.06) AND (l_discount <= 0.08) AND (l_quantity < '24'::numeric))","Rows Removed by Filter": 1177385,"Workers": []}]}]}]},"Planning Time": 2.112,"Triggers": [],"Execution Time": 329.961}]
[{"Plan": {"Node Type": "Aggregate","Strategy": "Plain","Partial Mode": "Finalize","Parallel Aware": false,"Async Capable": false,"Startup Cost": 147413.89,"Total Cost": 147413.90,"Plan Rows": 1,"Plan Width": 32,"Actual Startup Time": 308.030,"Actual Total Time": 341.362,"Actual Rows": 1,"Actual Loops": 1,"Plans": [{"Node Type": "Gather","Parent Relationship": "Outer","Parallel Aware": false,"Async Capable": false,"Startup Cost": 147413.46,"Total Cost": 147413.87,"Plan Rows": 4,"Plan Width": 32,"Actual Startup Time": 307.843,"Actual Total Time": 341.338,"Actual Rows": 5,"Actual Loops": 1,"Workers Planned": 4,"Workers Launched": 4,"Single Copy": false,"Plans": [{"Node Type": "Aggregate","Strategy": "Plain","Partial Mode": "Partial","Parent Relationship": "Outer","Parallel Aware": false,"Async Capable": false,"Startup Cost": 146413.46,"Total Cost": 146413.47,"Plan Rows": 1,"Plan Width": 32,"Actual Startup Time": 301.033,"Actual Total Time": 301.035,"Actual Rows": 1,"Actual Loops": 5,"Workers": [],"Plans": [{"Node Type": "Seq Scan","Parent Relationship": "Outer","Parallel Aware": true,"Async Capable": false,"Relation Name": "lineitem","Alias": "lineitem","Startup Cost": 0.00,"Total Cost": 146259.83,"Plan Rows": 30725,"Plan Width": 12,"Actual Startup Time": 0.091,"Actual Total Time": 295.781,"Actual Rows": 23959,"Actual Loops": 5,"Filter": "((l_shipdate >= '1995-01-01'::date) AND (l_shipdate < '1996-01-01 00:00:00'::timestamp without time zone) AND (l_discount >= 0.02) AND (l_discount <= 0.04) AND (l_quantity < '25'::numeric))","Rows Removed by Filter": 1176284,"Workers": []}]}]}]},"Planning Time": 2.081,"Triggers": [],"Execution Time": 341.555}]
[{"Plan": {"Node Type": "Aggregate","Strategy": "Plain","Partial Mode": "Finalize","Parallel Aware": false,"Async Capable": false,"Startup Cost": 147411.57,"Total Cost": 147411.58,"Plan Rows": 1,"Plan Width": 32,"Actual Startup Time": 305.127,"Actual Total Time": 338.310,"Actual Rows": 1,"Actual Loops": 1,"Plans": [{"Node Type": "Gather","Parent Relationship": "Outer","Parallel Aware": false,"Async Capable": false,"Startup Cost": 147411.14,"Total Cost": 147411.55,"Plan Rows": 4,"Plan Width": 32,"Actual Startup Time": 304.951,"Actual Total Time": 338.280,"Actual Rows": 5,"Actual Loops": 1,"Workers Planned": 4,"Workers Launched": 4,"Single Copy": false,"Plans": [{"Node Type": "Aggregate","Strategy": "Plain","Partial Mode": "Partial","Parent Relationship": "Outer","Parallel Aware": false,"Async Capable": false,"Startup Cost": 146411.14,"Total Cost": 146411.15,"Plan Rows": 1,"Plan Width": 32,"Actual Startup Time": 298.060,"Actual Total Time": 298.064,"Actual Rows": 1,"Actual Loops": 5,"Workers": [],"Plans": [{"Node Type": "Seq Scan","Parent Relationship": "Outer","Parallel Aware": true,"Async Capable": false,"Relation Name": "lineitem","Alias": "lineitem","Startup Cost": 0.00,"Total Cost": 146259.83,"Plan Rows": 30260,"Plan Width": 12,"Actual Startup Time": 0.091,"Actual Total Time": 293.071,"Actual Rows": 23842,"Actual Loops": 5,"Filter": "((l_shipdate >= '1993-01-01'::date) AND (l_shipdate < '1994-01-01 00:00:00'::timestamp without time zone) AND (l_discount >= 0.06) AND (l_discount <= 0.08) AND (l_quantity < '25'::numeric))","Rows Removed by Filter": 1176401,"Workers": []}]}]}]},"Planning Time": 2.468,"Triggers": [],"Execution Time": 338.525}]
[{"Plan": {"Node Type": "Aggregate","Strategy": "Plain","Partial Mode": "Finalize","Parallel Aware": false,"Async Capable": false,"Startup Cost": 147409.58,"Total Cost": 147409.59,"Plan Rows": 1,"Plan Width": 32,"Actual Startup Time": 301.600,"Actual Total Time": 333.793,"Actual Rows": 1,"Actual Loops": 1,"Plans": [{"Node Type": "Gather","Parent Relationship": "Outer","Parallel Aware": false,"Async Capable": false,"Startup Cost": 147409.15,"Total Cost": 147409.56,"Plan Rows": 4,"Plan Width": 32,"Actual Startup Time": 301.384,"Actual Total Time": 333.756,"Actual Rows": 5,"Actual Loops": 1,"Workers Planned": 4,"Workers Launched": 4,"Single Copy": false,"Plans": [{"Node Type": "Aggregate","Strategy": "Plain","Partial Mode": "Partial","Parent Relationship": "Outer","Parallel Aware": false,"Async Capable": false,"Startup Cost": 146409.15,"Total Cost": 146409.16,"Plan Rows": 1,"Plan Width": 32,"Actual Startup Time": 294.153,"Actual Total Time": 294.156,"Actual Rows": 1,"Actual Loops": 5,"Workers": [],"Plans": [{"Node Type": "Seq Scan","Parent Relationship": "Outer","Parallel Aware": true,"Async Capable": false,"Relation Name": "lineitem","Alias": "lineitem","Startup Cost": 0.00,"Total Cost": 146259.83,"Plan Rows": 29862,"Plan Width": 12,"Actual Startup Time": 0.097,"Actual Total Time": 289.096,"Actual Rows": 23940,"Actual Loops": 5,"Filter": "((l_shipdate >= '1996-01-01'::date) AND (l_shipdate < '1997-01-01 00:00:00'::timestamp without time zone) AND (l_discount >= 0.02) AND (l_discount <= 0.04) AND (l_quantity < '25'::numeric))","Rows Removed by Filter": 1176303,"Workers": []}]}]}]},"Planning Time": 2.766,"Triggers": [],"Execution Time": 334.034}]
[{"Plan": {"Node Type": "Aggregate","Strategy": "Plain","Partial Mode": "Finalize","Parallel Aware": false,"Async Capable": false,"Startup Cost": 147409.07,"Total Cost": 147409.08,"Plan Rows": 1,"Plan Width": 32,"Actual Startup Time": 306.457,"Actual Total Time": 338.926,"Actual Rows": 1,"Actual Loops": 1,"Plans": [{"Node Type": "Gather","Parent Relationship": "Outer","Parallel Aware": false,"Async Capable": false,"Startup Cost": 147408.64,"Total Cost": 147409.05,"Plan Rows": 4,"Plan Width": 32,"Actual Startup Time": 306.305,"Actual Total Time": 338.886,"Actual Rows": 5,"Actual Loops": 1,"Workers Planned": 4,"Workers Launched": 4,"Single Copy": false,"Plans": [{"Node Type": "Aggregate","Strategy": "Plain","Partial Mode": "Partial","Parent Relationship": "Outer","Parallel Aware": false,"Async Capable": false,"Startup Cost": 146408.64,"Total Cost": 146408.65,"Plan Rows": 1,"Plan Width": 32,"Actual Startup Time": 298.789,"Actual Total Time": 298.790,"Actual Rows": 1,"Actual Loops": 5,"Workers": [],"Plans": [{"Node Type": "Seq Scan","Parent Relationship": "Outer","Parallel Aware": true,"Async Capable": false,"Relation Name": "lineitem","Alias": "lineitem","Startup Cost": 0.00,"Total Cost": 146259.83,"Plan Rows": 29761,"Plan Width": 12,"Actual Startup Time": 0.097,"Actual Total Time": 293.706,"Actual Rows": 23803,"Actual Loops": 5,"Filter": "((l_shipdate >= '1994-01-01'::date) AND (l_shipdate < '1995-01-01 00:00:00'::timestamp without time zone) AND (l_discount >= 0.06) AND (l_discount <= 0.08) AND (l_quantity < '25'::numeric))","Rows Removed by Filter": 1176440,"Workers": []}]}]}]},"Planning Time": 2.937,"Triggers": [],"Execution Time": 339.178}]
[{"Plan": {"Node Type": "Aggregate","Strategy": "Plain","Partial Mode": "Finalize","Parallel Aware": false,"Async Capable": false,"Startup Cost": 147401.19,"Total Cost": 147401.20,"Plan Rows": 1,"Plan Width": 32,"Actual Startup Time": 301.531,"Actual Total Time": 333.701,"Actual Rows": 1,"Actual Loops": 1,"Plans": [{"Node Type": "Gather","Parent Relationship": "Outer","Parallel Aware": false,"Async Capable": false,"Startup Cost": 147400.76,"Total Cost": 147401.17,"Plan Rows": 4,"Plan Width": 32,"Actual Startup Time": 301.357,"Actual Total Time": 333.674,"Actual Rows": 5,"Actual Loops": 1,"Workers Planned": 4,"Workers Launched": 4,"Single Copy": false,"Plans": [{"Node Type": "Aggregate","Strategy": "Plain","Partial Mode": "Partial","Parent Relationship": "Outer","Parallel Aware": false,"Async Capable": false,"Startup Cost": 146400.76,"Total Cost": 146400.77,"Plan Rows": 1,"Plan Width": 32,"Actual Startup Time": 294.458,"Actual Total Time": 294.460,"Actual Rows": 1,"Actual Loops": 5,"Workers": [],"Plans": [{"Node Type": "Seq Scan","Parent Relationship": "Outer","Parallel Aware": true,"Async Capable": false,"Relation Name": "lineitem","Alias": "lineitem","Startup Cost": 0.00,"Total Cost": 146259.83,"Plan Rows": 28184,"Plan Width": 12,"Actual Startup Time": 0.087,"Actual Total Time": 289.623,"Actual Rows": 22848,"Actual Loops": 5,"Filter": "((l_shipdate >= '1994-01-01'::date) AND (l_shipdate < '1995-01-01 00:00:00'::timestamp without time zone) AND (l_discount >= 0.03) AND (l_discount <= 0.05) AND (l_quantity < '24'::numeric))","Rows Removed by Filter": 1177395,"Workers": []}]}]}]},"Planning Time": 2.454,"Triggers": [],"Execution Time": 333.891}]
[{"Plan": {"Node Type": "Aggregate","Strategy": "Plain","Partial Mode": "Finalize","Parallel Aware": false,"Async Capable": false,"Startup Cost": 147407.32,"Total Cost": 147407.33,"Plan Rows": 1,"Plan Width": 32,"Actual Startup Time": 310.012,"Actual Total Time": 341.628,"Actual Rows": 1,"Actual Loops": 1,"Plans": [{"Node Type": "Gather","Parent Relationship": "Outer","Parallel Aware": false,"Async Capable": false,"Startup Cost": 147406.89,"Total Cost": 147407.30,"Plan Rows": 4,"Plan Width": 32,"Actual Startup Time": 309.855,"Actual Total Time": 341.581,"Actual Rows": 5,"Actual Loops": 1,"Workers Planned": 4,"Workers Launched": 4,"Single Copy": false,"Plans": [{"Node Type": "Aggregate","Strategy": "Plain","Partial Mode": "Partial","Parent Relationship": "Outer","Parallel Aware": false,"Async Capable": false,"Startup Cost": 146406.89,"Total Cost": 146406.90,"Plan Rows": 1,"Plan Width": 32,"Actual Startup Time": 302.407,"Actual Total Time": 302.408,"Actual Rows": 1,"Actual Loops": 5,"Workers": [],"Plans": [{"Node Type": "Seq Scan","Parent Relationship": "Outer","Parallel Aware": true,"Async Capable": false,"Relation Name": "lineitem","Alias": "lineitem","Startup Cost": 0.00,"Total Cost": 146259.83,"Plan Rows": 29410,"Plan Width": 12,"Actual Startup Time": 0.083,"Actual Total Time": 297.203,"Actual Rows": 23853,"Actual Loops": 5,"Filter": "((l_shipdate >= '1994-01-01'::date) AND (l_shipdate < '1995-01-01 00:00:00'::timestamp without time zone) AND (l_discount >= 0.03) AND (l_discount <= 0.05) AND (l_quantity < '25'::numeric))","Rows Removed by Filter": 1176390,"Workers": []}]}]}]},"Planning Time": 2.367,"Triggers": [],"Execution Time": 341.849}]
[{"Plan": {"Node Type": "Aggregate","Strategy": "Plain","Partial Mode": "Finalize","Parallel Aware": false,"Async Capable": false,"Startup Cost": 147412.40,"Total Cost": 147412.41,"Plan Rows": 1,"Plan Width": 32,"Actual Startup Time": 305.125,"Actual Total Time": 338.000,"Actual Rows": 1,"Actual Loops": 1,"Plans": [{"Node Type": "Gather","Parent Relationship": "Outer","Parallel Aware": false,"Async Capable": false,"Startup Cost": 147411.97,"Total Cost": 147412.38,"Plan Rows": 4,"Plan Width": 32,"Actual Startup Time": 304.936,"Actual Total Time": 337.966,"Actual Rows": 5,"Actual Loops": 1,"Workers Planned": 4,"Workers Launched": 4,"Single Copy": false,"Plans": [{"Node Type": "Aggregate","Strategy": "Plain","Partial Mode": "Partial","Parent Relationship": "Outer","Parallel Aware": false,"Async Capable": false,"Startup Cost": 146411.97,"Total Cost": 146411.98,"Plan Rows": 1,"Plan Width": 32,"Actual Startup Time": 297.358,"Actual Total Time": 297.360,"Actual Rows": 1,"Actual Loops": 5,"Workers": [],"Plans": [{"Node Type": "Seq Scan","Parent Relationship": "Outer","Parallel Aware": true,"Async Capable": false,"Relation Name": "lineitem","Alias": "lineitem","Startup Cost": 0.00,"Total Cost": 146259.83,"Plan Rows": 30426,"Plan Width": 12,"Actual Startup Time": 0.120,"Actual Total Time": 292.231,"Actual Rows": 24007,"Actual Loops": 5,"Filter": "((l_shipdate >= '1995-01-01'::date) AND (l_shipdate < '1996-01-01 00:00:00'::timestamp without time zone) AND (l_discount >= 0.03) AND (l_discount <= 0.05) AND (l_quantity < '25'::numeric))","Rows Removed by Filter": 1176236,"Workers": []}]}]}]},"Planning Time": 2.540,"Triggers": [],"Execution Time": 338.229}]
[{"Plan": {"Node Type": "Aggregate","Strategy": "Plain","Partial Mode": "Finalize","Parallel Aware": false,"Async Capable": false,"Startup Cost": 147403.40,"Total Cost": 147403.41,"Plan Rows": 1,"Plan Width": 32,"Actual Startup Time": 297.896,"Actual Total Time": 330.255,"Actual Rows": 1,"Actual Loops": 1,"Plans": [{"Node Type": "Gather","Parent Relationship": "Outer","Parallel Aware": false,"Async Capable": false,"Startup Cost": 147402.97,"Total Cost": 147403.38,"Plan Rows": 4,"Plan Width": 32,"Actual Startup Time": 297.700,"Actual Total Time": 330.225,"Actual Rows": 5,"Actual Loops": 1,"Workers Planned": 4,"Workers Launched": 4,"Single Copy": false,"Plans": [{"Node Type": "Aggregate","Strategy": "Plain","Partial Mode": "Partial","Parent Relationship": "Outer","Parallel Aware": false,"Async Capable": false,"Startup Cost": 146402.97,"Total Cost": 146402.98,"Plan Rows": 1,"Plan Width": 32,"Actual Startup Time": 290.911,"Actual Total Time": 290.913,"Actual Rows": 1,"Actual Loops": 5,"Workers": [],"Plans": [{"Node Type": "Seq Scan","Parent Relationship": "Outer","Parallel Aware": true,"Async Capable": false,"Relation Name": "lineitem","Alias": "lineitem","Startup Cost": 0.00,"Total Cost": 146259.83,"Plan Rows": 28627,"Plan Width": 12,"Actual Startup Time": 0.120,"Actual Total Time": 286.095,"Actual Rows": 22873,"Actual Loops": 5,"Filter": "((l_shipdate >= '1997-01-01'::date) AND (l_shipdate < '1998-01-01 00:00:00'::timestamp without time zone) AND (l_discount >= 0.04) AND (l_discount <= 0.06) AND (l_quantity < '24'::numeric))","Rows Removed by Filter": 1177370,"Workers": []}]}]}]},"Planning Time": 2.538,"Triggers": [],"Execution Time": 330.480}]
[{"Plan": {"Node Type": "Aggregate","Strategy": "Plain","Partial Mode": "Finalize","Parallel Aware": false,"Async Capable": false,"Startup Cost": 147403.55,"Total Cost": 147403.56,"Plan Rows": 1,"Plan Width": 32,"Actual Startup Time": 304.462,"Actual Total Time": 336.827,"Actual Rows": 1,"Actual Loops": 1,"Plans": [{"Node Type": "Gather","Parent Relationship": "Outer","Parallel Aware": false,"Async Capable": false,"Startup Cost": 147403.12,"Total Cost": 147403.53,"Plan Rows": 4,"Plan Width": 32,"Actual Startup Time": 304.302,"Actual Total Time": 336.806,"Actual Rows": 5,"Actual Loops": 1,"Workers Planned": 4,"Workers Launched": 4,"Single Copy": false,"Plans": [{"Node Type": "Aggregate","Strategy": "Plain","Partial Mode": "Partial","Parent Relationship": "Outer","Parallel Aware": false,"Async Capable": false,"Startup Cost": 146403.12,"Total Cost": 146403.13,"Plan Rows": 1,"Plan Width": 32,"Actual Startup Time": 297.550,"Actual Total Time": 297.553,"Actual Rows": 1,"Actual Loops": 5,"Workers": [],"Plans": [{"Node Type": "Seq Scan","Parent Relationship": "Outer","Parallel Aware": true,"Async Capable": false,"Relation Name": "lineitem","Alias": "lineitem","Startup Cost": 0.00,"Total Cost": 146259.83,"Plan Rows": 28656,"Plan Width": 12,"Actual Startup Time": 0.060,"Actual Total Time": 292.786,"Actual Rows": 22764,"Actual Loops": 5,"Filter": "((l_shipdate >= '1993-01-01'::date) AND (l_shipdate < '1994-01-01 00:00:00'::timestamp without time zone) AND (l_discount >= 0.03) AND (l_discount <= 0.05) AND (l_quantity < '24'::numeric))","Rows Removed by Filter": 1177479,"Workers": []}]}]}]},"Planning Time": 2.317,"Triggers": [],"Execution Time": 337.028}]
[{"Plan": {"Node Type": "Aggregate","Strategy": "Plain","Partial Mode": "Finalize","Parallel Aware": false,"Async Capable": false,"Startup Cost": 147402.87,"Total Cost": 147402.88,"Plan Rows": 1,"Plan Width": 32,"Actual Startup Time": 296.428,"Actual Total Time": 327.149,"Actual Rows": 1,"Actual Loops": 1,"Plans": [{"Node Type": "Gather","Parent Relationship": "Outer","Parallel Aware": false,"Async Capable": false,"Startup Cost": 147402.44,"Total Cost": 147402.85,"Plan Rows": 4,"Plan Width": 32,"Actual Startup Time": 296.221,"Actual Total Time": 327.118,"Actual Rows": 5,"Actual Loops": 1,"Workers Planned": 4,"Workers Launched": 4,"Single Copy": false,"Plans": [{"Node Type": "Aggregate","Strategy": "Plain","Partial Mode": "Partial","Parent Relationship": "Outer","Parallel Aware": false,"Async Capable": false,"Startup Cost": 146402.44,"Total Cost": 146402.45,"Plan Rows": 1,"Plan Width": 32,"Actual Startup Time": 289.094,"Actual Total Time": 289.097,"Actual Rows": 1,"Actual Loops": 5,"Workers": [],"Plans": [{"Node Type": "Seq Scan","Parent Relationship": "Outer","Parallel Aware": true,"Async Capable": false,"Relation Name": "lineitem","Alias": "lineitem","Startup Cost": 0.00,"Total Cost": 146259.83,"Plan Rows": 28520,"Plan Width": 12,"Actual Startup Time": 0.102,"Actual Total Time": 284.378,"Actual Rows": 22769,"Actual Loops": 5,"Filter": "((l_shipdate >= '1994-01-01'::date) AND (l_shipdate < '1995-01-01 00:00:00'::timestamp without time zone) AND (l_discount >= 0.06) AND (l_discount <= 0.08) AND (l_quantity < '24'::numeric))","Rows Removed by Filter": 1177474,"Workers": []}]}]}]},"Planning Time": 2.811,"Triggers": [],"Execution Time": 327.382}]
[{"Plan": {"Node Type": "Aggregate","Strategy": "Plain","Partial Mode": "Finalize","Parallel Aware": false,"Async Capable": false,"Startup Cost": 147410.65,"Total Cost": 147410.66,"Plan Rows": 1,"Plan Width": 32,"Actual Startup Time": 303.311,"Actual Total Time": 336.303,"Actual Rows": 1,"Actual Loops": 1,"Plans": [{"Node Type": "Gather","Parent Relationship": "Outer","Parallel Aware": false,"Async Capable": false,"Startup Cost": 147410.22,"Total Cost": 147410.63,"Plan Rows": 4,"Plan Width": 32,"Actual Startup Time": 303.142,"Actual Total Time": 336.256,"Actual Rows": 5,"Actual Loops": 1,"Workers Planned": 4,"Workers Launched": 4,"Single Copy": false,"Plans": [{"Node Type": "Aggregate","Strategy": "Plain","Partial Mode": "Partial","Parent Relationship": "Outer","Parallel Aware": false,"Async Capable": false,"Startup Cost": 146410.22,"Total Cost": 146410.23,"Plan Rows": 1,"Plan Width": 32,"Actual Startup Time": 296.021,"Actual Total Time": 296.023,"Actual Rows": 1,"Actual Loops": 5,"Workers": [],"Plans": [{"Node Type": "Seq Scan","Parent Relationship": "Outer","Parallel Aware": true,"Async Capable": false,"Relation Name": "lineitem","Alias": "lineitem","Startup Cost": 0.00,"Total Cost": 146259.83,"Plan Rows": 30076,"Plan Width": 12,"Actual Startup Time": 0.153,"Actual Total Time": 290.872,"Actual Rows": 23928,"Actual Loops": 5,"Filter": "((l_shipdate >= '1993-01-01'::date) AND (l_shipdate < '1994-01-01 00:00:00'::timestamp without time zone) AND (l_discount >= 0.07) AND (l_discount <= 0.09) AND (l_quantity < '25'::numeric))","Rows Removed by Filter": 1176315,"Workers": []}]}]}]},"Planning Time": 2.101,"Triggers": [],"Execution Time": 336.525}]
[{"Plan": {"Node Type": "Aggregate","Strategy": "Plain","Partial Mode": "Finalize","Parallel Aware": false,"Async Capable": false,"Startup Cost": 147414.87,"Total Cost": 147414.88,"Plan Rows": 1,"Plan Width": 32,"Actual Startup Time": 312.772,"Actual Total Time": 345.751,"Actual Rows": 1,"Actual Loops": 1,"Plans": [{"Node Type": "Gather","Parent Relationship": "Outer","Parallel Aware": false,"Async Capable": false,"Startup Cost": 147414.44,"Total Cost": 147414.85,"Plan Rows": 4,"Plan Width": 32,"Actual Startup Time": 312.597,"Actual Total Time": 345.709,"Actual Rows": 5,"Actual Loops": 1,"Workers Planned": 4,"Workers Launched": 4,"Single Copy": false,"Plans": [{"Node Type": "Aggregate","Strategy": "Plain","Partial Mode": "Partial","Parent Relationship": "Outer","Parallel Aware": false,"Async Capable": false,"Startup Cost": 146414.44,"Total Cost": 146414.45,"Plan Rows": 1,"Plan Width": 32,"Actual Startup Time": 305.497,"Actual Total Time": 305.499,"Actual Rows": 1,"Actual Loops": 5,"Workers": [],"Plans": [{"Node Type": "Seq Scan","Parent Relationship": "Outer","Parallel Aware": true,"Async Capable": false,"Relation Name": "lineitem","Alias": "lineitem","Startup Cost": 0.00,"Total Cost": 146259.83,"Plan Rows": 30920,"Plan Width": 12,"Actual Startup Time": 0.107,"Actual Total Time": 300.442,"Actual Rows": 23898,"Actual Loops": 5,"Filter": "((l_shipdate >= '1995-01-01'::date) AND (l_shipdate < '1996-01-01 00:00:00'::timestamp without time zone) AND (l_discount >= 0.01) AND (l_discount <= 0.03) AND (l_quantity < '25'::numeric))","Rows Removed by Filter": 1176345,"Workers": []}]}]}]},"Planning Time": 2.074,"Triggers": [],"Execution Time": 345.982}]
[{"Plan": {"Node Type": "Aggregate","Strategy": "Plain","Partial Mode": "Finalize","Parallel Aware": false,"Async Capable": false,"Startup Cost": 147402.57,"Total Cost": 147402.58,"Plan Rows": 1,"Plan Width": 32,"Actual Startup Time": 303.409,"Actual Total Time": 336.885,"Actual Rows": 1,"Actual Loops": 1,"Plans": [{"Node Type": "Gather","Parent Relationship": "Outer","Parallel Aware": false,"Async Capable": false,"Startup Cost": 147402.14,"Total Cost": 147402.55,"Plan Rows": 4,"Plan Width": 32,"Actual Startup Time": 303.253,"Actual Total Time": 336.860,"Actual Rows": 5,"Actual Loops": 1,"Workers Planned": 4,"Workers Launched": 4,"Single Copy": false,"Plans": [{"Node Type": "Aggregate","Strategy": "Plain","Partial Mode": "Partial","Parent Relationship": "Outer","Parallel Aware": false,"Async Capable": false,"Startup Cost": 146402.14,"Total Cost": 146402.15,"Plan Rows": 1,"Plan Width": 32,"Actual Startup Time": 296.828,"Actual Total Time": 296.830,"Actual Rows": 1,"Actual Loops": 5,"Workers": [],"Plans": [{"Node Type": "Seq Scan","Parent Relationship": "Outer","Parallel Aware": true,"Async Capable": false,"Relation Name": "lineitem","Alias": "lineitem","Startup Cost": 0.00,"Total Cost": 146259.83,"Plan Rows": 28461,"Plan Width": 12,"Actual Startup Time": 0.072,"Actual Total Time": 291.961,"Actual Rows": 22860,"Actual Loops": 5,"Filter": "((l_shipdate >= '1994-01-01'::date) AND (l_shipdate < '1995-01-01 00:00:00'::timestamp without time zone) AND (l_discount >= 0.02) AND (l_discount <= 0.04) AND (l_quantity < '24'::numeric))","Rows Removed by Filter": 1177383,"Workers": []}]}]}]},"Planning Time": 2.847,"Triggers": [],"Execution Time": 337.141}]
[{"Plan": {"Node Type": "Aggregate","Strategy": "Plain","Partial Mode": "Finalize","Parallel Aware": false,"Async Capable": false,"Startup Cost": 147402.78,"Total Cost": 147402.79,"Plan Rows": 1,"Plan Width": 32,"Actual Startup Time": 312.656,"Actual Total Time": 344.675,"Actual Rows": 1,"Actual Loops": 1,"Plans": [{"Node Type": "Gather","Parent Relationship": "Outer","Parallel Aware": false,"Async Capable": false,"Startup Cost": 147402.35,"Total Cost": 147402.76,"Plan Rows": 4,"Plan Width": 32,"Actual Startup Time": 312.490,"Actual Total Time": 344.644,"Actual Rows": 5,"Actual Loops": 1,"Workers Planned": 4,"Workers Launched": 4,"Single Copy": false,"Plans": [{"Node Type": "Aggregate","Strategy": "Plain","Partial Mode": "Partial","Parent Relationship": "Outer","Parallel Aware": false,"Async Capable": false,"Startup Cost": 146402.35,"Total Cost": 146402.36,"Plan Rows": 1,"Plan Width": 32,"Actual Startup Time": 305.317,"Actual Total Time": 305.318,"Actual Rows": 1,"Actual Loops": 5,"Workers": [],"Plans": [{"Node Type": "Seq Scan","Parent Relationship": "Outer","Parallel Aware": true,"Async Capable": false,"Relation Name": "lineitem","Alias": "lineitem","Startup Cost": 0.00,"Total Cost": 146259.83,"Plan Rows": 28502,"Plan Width": 12,"Actual Startup Time": 0.102,"Actual Total Time": 300.135,"Actual Rows": 22886,"Actual Loops": 5,"Filter": "((l_shipdate >= '1996-01-01'::date) AND (l_shipdate < '1997-01-01 00:00:00'::timestamp without time zone) AND (l_discount >= 0.07) AND (l_discount <= 0.09) AND (l_quantity < '24'::numeric))","Rows Removed by Filter": 1177357,"Workers": []}]}]}]},"Planning Time": 2.959,"Triggers": [],"Execution Time": 344.931}]
[{"Plan": {"Node Type": "Aggregate","Strategy": "Plain","Partial Mode": "Finalize","Parallel Aware": false,"Async Capable": false,"Startup Cost": 147404.34,"Total Cost": 147404.35,"Plan Rows": 1,"Plan Width": 32,"Actual Startup Time": 300.362,"Actual Total Time": 333.522,"Actual Rows": 1,"Actual Loops": 1,"Plans": [{"Node Type": "Gather","Parent Relationship": "Outer","Parallel Aware": false,"Async Capable": false,"Startup Cost": 147403.91,"Total Cost": 147404.32,"Plan Rows": 4,"Plan Width": 32,"Actual Startup Time": 300.181,"Actual Total Time": 333.484,"Actual Rows": 5,"Actual Loops": 1,"Workers Planned": 4,"Workers Launched": 4,"Single Copy": false,"Plans": [{"Node Type": "Aggregate","Strategy": "Plain","Partial Mode": "Partial","Parent Relationship": "Outer","Parallel Aware": false,"Async Capable": false,"Startup Cost": 146403.91,"Total Cost": 146403.92,"Plan Rows": 1,"Plan Width": 32,"Actual Startup Time": 293.530,"Actual Total Time": 293.532,"Actual Rows": 1,"Actual Loops": 5,"Workers": [],"Plans": [{"Node Type": "Seq Scan","Parent Relationship": "Outer","Parallel Aware": true,"Async Capable": false,"Relation Name": "lineitem","Alias": "lineitem","Startup Cost": 0.00,"Total Cost": 146259.83,"Plan Rows": 28815,"Plan Width": 12,"Actual Startup Time": 0.061,"Actual Total Time": 288.650,"Actual Rows": 22809,"Actual Loops": 5,"Filter": "((l_shipdate >= '1993-01-01'::date) AND (l_shipdate < '1994-01-01 00:00:00'::timestamp without time zone) AND (l_discount >= 0.05) AND (l_discount <= 0.07) AND (l_quantity < '24'::numeric))","Rows Removed by Filter": 1177434,"Workers": []}]}]}]},"Planning Time": 2.249,"Triggers": [],"Execution Time": 333.759}]
[{"Plan": {"Node Type": "Aggregate","Strategy": "Plain","Partial Mode": "Finalize","Parallel Aware": false,"Async Capable": false,"Startup Cost": 147409.58,"Total Cost": 147409.59,"Plan Rows": 1,"Plan Width": 32,"Actual Startup Time": 301.600,"Actual Total Time": 333.793,"Actual Rows": 1,"Actual Loops": 1,"Plans": [{"Node Type": "Gather","Parent Relationship": "Outer","Parallel Aware": false,"Async Capable": false,"Startup Cost": 147409.15,"Total Cost": 147409.56,"Plan Rows": 4,"Plan Width": 32,"Actual Startup Time": 301.384,"Actual Total Time": 333.756,"Actual Rows": 5,"Actual Loops": 1,"Workers Planned": 4,"Workers Launched": 4,"Single Copy": false,"Plans": [{"Node Type": "Aggregate","Strategy": "Plain","Partial Mode": "Partial","Parent Relationship": "Outer","Parallel Aware": false,"Async Capable": false,"Startup Cost": 146409.15,"Total Cost": 146409.16,"Plan Rows": 1,"Plan Width": 32,"Actual Startup Time": 294.153,"Actual Total Time": 294.156,"Actual Rows": 1,"Actual Loops": 5,"Workers": [],"Plans": [{"Node Type": "Seq Scan","Parent Relationship": "Outer","Parallel Aware": true,"Async Capable": false,"Relation Name": "lineitem","Alias": "lineitem","Startup Cost": 0.00,"Total Cost": 146259.83,"Plan Rows": 29862,"Plan Width": 12,"Actual Startup Time": 0.097,"Actual Total Time": 289.096,"Actual Rows": 23940,"Actual Loops": 5,"Filter": "((l_shipdate >= '1996-01-01'::date) AND (l_shipdate < '1997-01-01 00:00:00'::timestamp without time zone) AND (l_discount >= 0.02) AND (l_discount <= 0.04) AND (l_quantity < '25'::numeric))","Rows Removed by Filter": 1176303,"Workers": []}]}]}]},"Planning Time": 2.766,"Triggers": [],"Execution Time": 334.034}]
[{"Plan": {"Node Type": "Aggregate","Strategy": "Plain","Partial Mode": "Finalize","Parallel Aware": false,"Async Capable": false,"Startup Cost": 147403.35,"Total Cost": 147403.36,"Plan Rows": 1,"Plan Width": 32,"Actual Startup Time": 307.692,"Actual Total Time": 339.813,"Actual Rows": 1,"Actual Loops": 1,"Plans": [{"Node Type": "Gather","Parent Relationship": "Outer","Parallel Aware": false,"Async Capable": false,"Startup Cost": 147402.92,"Total Cost": 147403.33,"Plan Rows": 4,"Plan Width": 32,"Actual Startup Time": 307.507,"Actual Total Time": 339.774,"Actual Rows": 5,"Actual Loops": 1,"Workers Planned": 4,"Workers Launched": 4,"Single Copy": false,"Plans": [{"Node Type": "Aggregate","Strategy": "Plain","Partial Mode": "Partial","Parent Relationship": "Outer","Parallel Aware": false,"Async Capable": false,"Startup Cost": 146402.92,"Total Cost": 146402.93,"Plan Rows": 1,"Plan Width": 32,"Actual Startup Time": 300.661,"Actual Total Time": 300.663,"Actual Rows": 1,"Actual Loops": 5,"Workers": [],"Plans": [{"Node Type": "Seq Scan","Parent Relationship": "Outer","Parallel Aware": true,"Async Capable": false,"Relation Name": "lineitem","Alias": "lineitem","Startup Cost": 0.00,"Total Cost": 146259.83,"Plan Rows": 28617,"Plan Width": 12,"Actual Startup Time": 0.072,"Actual Total Time": 295.794,"Actual Rows": 22949,"Actual Loops": 5,"Filter": "((l_shipdate >= '1996-01-01'::date) AND (l_shipdate < '1997-01-01 00:00:00'::timestamp without time zone) AND (l_discount >= 0.02) AND (l_discount <= 0.04) AND (l_quantity < '24'::numeric))","Rows Removed by Filter": 1177294,"Workers": []}]}]}]},"Planning Time": 2.115,"Triggers": [],"Execution Time": 340.016}]
[{"Plan": {"Node Type": "Aggregate","Strategy": "Plain","Partial Mode": "Finalize","Parallel Aware": false,"Async Capable": false,"Startup Cost": 147402.00,"Total Cost": 147402.01,"Plan Rows": 1,"Plan Width": 32,"Actual Startup Time": 301.179,"Actual Total Time": 332.557,"Actual Rows": 1,"Actual Loops": 1,"Plans": [{"Node Type": "Gather","Parent Relationship": "Outer","Parallel Aware": false,"Async Capable": false,"Startup Cost": 147401.57,"Total Cost": 147401.98,"Plan Rows": 4,"Plan Width": 32,"Actual Startup Time": 300.979,"Actual Total Time": 332.537,"Actual Rows": 5,"Actual Loops": 1,"Workers Planned": 4,"Workers Launched": 4,"Single Copy": false,"Plans": [{"Node Type": "Aggregate","Strategy": "Plain","Partial Mode": "Partial","Parent Relationship": "Outer","Parallel Aware": false,"Async Capable": false,"Startup Cost": 146401.57,"Total Cost": 146401.58,"Plan Rows": 1,"Plan Width": 32,"Actual Startup Time": 294.120,"Actual Total Time": 294.122,"Actual Rows": 1,"Actual Loops": 5,"Workers": [],"Plans": [{"Node Type": "Seq Scan","Parent Relationship": "Outer","Parallel Aware": true,"Async Capable": false,"Relation Name": "lineitem","Alias": "lineitem","Startup Cost": 0.00,"Total Cost": 146259.83,"Plan Rows": 28347,"Plan Width": 12,"Actual Startup Time": 0.086,"Actual Total Time": 289.269,"Actual Rows": 22784,"Actual Loops": 5,"Filter": "((l_shipdate >= '1994-01-01'::date) AND (l_shipdate < '1995-01-01 00:00:00'::timestamp without time zone) AND (l_discount >= 0.07) AND (l_discount <= 0.09) AND (l_quantity < '24'::numeric))","Rows Removed by Filter": 1177459,"Workers": []}]}]}]},"Planning Time": 2.495,"Triggers": [],"Execution Time": 332.775}]
[{"Plan": {"Node Type": "Aggregate","Strategy": "Plain","Partial Mode": "Finalize","Parallel Aware": false,"Async Capable": false,"Startup Cost": 147403.34,"Total Cost": 147403.35,"Plan Rows": 1,"Plan Width": 32,"Actual Startup Time": 308.370,"Actual Total Time": 341.286,"Actual Rows": 1,"Actual Loops": 1,"Plans": [{"Node Type": "Gather","Parent Relationship": "Outer","Parallel Aware": false,"Async Capable": false,"Startup Cost": 147402.91,"Total Cost": 147403.32,"Plan Rows": 4,"Plan Width": 32,"Actual Startup Time": 308.172,"Actual Total Time": 341.245,"Actual Rows": 5,"Actual Loops": 1,"Workers Planned": 4,"Workers Launched": 4,"Single Copy": false,"Plans": [{"Node Type": "Aggregate","Strategy": "Plain","Partial Mode": "Partial","Parent Relationship": "Outer","Parallel Aware": false,"Async Capable": false,"Startup Cost": 146402.91,"Total Cost": 146402.92,"Plan Rows": 1,"Plan Width": 32,"Actual Startup Time": 300.890,"Actual Total Time": 300.893,"Actual Rows": 1,"Actual Loops": 5,"Workers": [],"Plans": [{"Node Type": "Seq Scan","Parent Relationship": "Outer","Parallel Aware": true,"Async Capable": false,"Relation Name": "lineitem","Alias": "lineitem","Startup Cost": 0.00,"Total Cost": 146259.83,"Plan Rows": 28614,"Plan Width": 12,"Actual Startup Time": 0.079,"Actual Total Time": 296.073,"Actual Rows": 22859,"Actual Loops": 5,"Filter": "((l_shipdate >= '1996-01-01'::date) AND (l_shipdate < '1997-01-01 00:00:00'::timestamp without time zone) AND (l_discount >= 0.04) AND (l_discount <= 0.06) AND (l_quantity < '24'::numeric))","Rows Removed by Filter": 1177384,"Workers": []}]}]}]},"Planning Time": 3.004,"Triggers": [],"Execution Time": 341.531}]
[{"Plan": {"Node Type": "Aggregate","Strategy": "Plain","Partial Mode": "Finalize","Parallel Aware": false,"Async Capable": false,"Startup Cost": 147411.25,"Total Cost": 147411.26,"Plan Rows": 1,"Plan Width": 32,"Actual Startup Time": 311.389,"Actual Total Time": 343.723,"Actual Rows": 1,"Actual Loops": 1,"Plans": [{"Node Type": "Gather","Parent Relationship": "Outer","Parallel Aware": false,"Async Capable": false,"Startup Cost": 147410.82,"Total Cost": 147411.23,"Plan Rows": 4,"Plan Width": 32,"Actual Startup Time": 311.218,"Actual Total Time": 343.674,"Actual Rows": 5,"Actual Loops": 1,"Workers Planned": 4,"Workers Launched": 4,"Single Copy": false,"Plans": [{"Node Type": "Aggregate","Strategy": "Plain","Partial Mode": "Partial","Parent Relationship": "Outer","Parallel Aware": false,"Async Capable": false,"Startup Cost": 146410.82,"Total Cost": 146410.83,"Plan Rows": 1,"Plan Width": 32,"Actual Startup Time": 304.099,"Actual Total Time": 304.100,"Actual Rows": 1,"Actual Loops": 5,"Workers": [],"Plans": [{"Node Type": "Seq Scan","Parent Relationship": "Outer","Parallel Aware": true,"Async Capable": false,"Relation Name": "lineitem","Alias": "lineitem","Startup Cost": 0.00,"Total Cost": 146259.83,"Plan Rows": 30197,"Plan Width": 12,"Actual Startup Time": 0.125,"Actual Total Time": 299.009,"Actual Rows": 23658,"Actual Loops": 5,"Filter": "((l_shipdate >= '1993-01-01'::date) AND (l_shipdate < '1994-01-01 00:00:00'::timestamp without time zone) AND (l_discount >= 0.02) AND (l_discount <= 0.04) AND (l_quantity < '25'::numeric))","Rows Removed by Filter": 1176585,"Workers": []}]}]}]},"Planning Time": 2.346,"Triggers": [],"Execution Time": 343.958}]
[{"Plan": {"Node Type": "Aggregate","Strategy": "Plain","Partial Mode": "Finalize","Parallel Aware": false,"Async Capable": false,"Startup Cost": 147411.57,"Total Cost": 147411.58,"Plan Rows": 1,"Plan Width": 32,"Actual Startup Time": 305.127,"Actual Total Time": 338.310,"Actual Rows": 1,"Actual Loops": 1,"Plans": [{"Node Type": "Gather","Parent Relationship": "Outer","Parallel Aware": false,"Async Capable": false,"Startup Cost": 147411.14,"Total Cost": 147411.55,"Plan Rows": 4,"Plan Width": 32,"Actual Startup Time": 304.951,"Actual Total Time": 338.280,"Actual Rows": 5,"Actual Loops": 1,"Workers Planned": 4,"Workers Launched": 4,"Single Copy": false,"Plans": [{"Node Type": "Aggregate","Strategy": "Plain","Partial Mode": "Partial","Parent Relationship": "Outer","Parallel Aware": false,"Async Capable": false,"Startup Cost": 146411.14,"Total Cost": 146411.15,"Plan Rows": 1,"Plan Width": 32,"Actual Startup Time": 298.060,"Actual Total Time": 298.064,"Actual Rows": 1,"Actual Loops": 5,"Workers": [],"Plans": [{"Node Type": "Seq Scan","Parent Relationship": "Outer","Parallel Aware": true,"Async Capable": false,"Relation Name": "lineitem","Alias": "lineitem","Startup Cost": 0.00,"Total Cost": 146259.83,"Plan Rows": 30260,"Plan Width": 12,"Actual Startup Time": 0.091,"Actual Total Time": 293.071,"Actual Rows": 23842,"Actual Loops": 5,"Filter": "((l_shipdate >= '1993-01-01'::date) AND (l_shipdate < '1994-01-01 00:00:00'::timestamp without time zone) AND (l_discount >= 0.06) AND (l_discount <= 0.08) AND (l_quantity < '25'::numeric))","Rows Removed by Filter": 1176401,"Workers": []}]}]}]},"Planning Time": 2.468,"Triggers": [],"Execution Time": 338.525}]
[{"Plan": {"Node Type": "Aggregate","Strategy": "Plain","Partial Mode": "Finalize","Parallel Aware": false,"Async Capable": false,"Startup Cost": 147404.33,"Total Cost": 147404.34,"Plan Rows": 1,"Plan Width": 32,"Actual Startup Time": 309.247,"Actual Total Time": 341.963,"Actual Rows": 1,"Actual Loops": 1,"Plans": [{"Node Type": "Gather","Parent Relationship": "Outer","Parallel Aware": false,"Async Capable": false,"Startup Cost": 147403.90,"Total Cost": 147404.31,"Plan Rows": 4,"Plan Width": 32,"Actual Startup Time": 309.077,"Actual Total Time": 341.925,"Actual Rows": 5,"Actual Loops": 1,"Workers Planned": 4,"Workers Launched": 4,"Single Copy": false,"Plans": [{"Node Type": "Aggregate","Strategy": "Plain","Partial Mode": "Partial","Parent Relationship": "Outer","Parallel Aware": false,"Async Capable": false,"Startup Cost": 146403.90,"Total Cost": 146403.91,"Plan Rows": 1,"Plan Width": 32,"Actual Startup Time": 302.050,"Actual Total Time": 302.052,"Actual Rows": 1,"Actual Loops": 5,"Workers": [],"Plans": [{"Node Type": "Seq Scan","Parent Relationship": "Outer","Parallel Aware": true,"Async Capable": false,"Relation Name": "lineitem","Alias": "lineitem","Startup Cost": 0.00,"Total Cost": 146259.83,"Plan Rows": 28812,"Plan Width": 12,"Actual Startup Time": 0.087,"Actual Total Time": 297.201,"Actual Rows": 22841,"Actual Loops": 5,"Filter": "((l_shipdate >= '1997-01-01'::date) AND (l_shipdate < '1998-01-01 00:00:00'::timestamp without time zone) AND (l_discount >= 0.01) AND (l_discount <= 0.03) AND (l_quantity < '24'::numeric))","Rows Removed by Filter": 1177402,"Workers": []}]}]}]},"Planning Time": 2.212,"Triggers": [],"Execution Time": 342.131}]
[{"Plan": {"Node Type": "Aggregate","Strategy": "Plain","Partial Mode": "Finalize","Parallel Aware": false,"Async Capable": false,"Startup Cost": 147408.76,"Total Cost": 147408.77,"Plan Rows": 1,"Plan Width": 32,"Actual Startup Time": 301.628,"Actual Total Time": 334.552,"Actual Rows": 1,"Actual Loops": 1,"Plans": [{"Node Type": "Gather","Parent Relationship": "Outer","Parallel Aware": false,"Async Capable": false,"Startup Cost": 147408.33,"Total Cost": 147408.74,"Plan Rows": 4,"Plan Width": 32,"Actual Startup Time": 301.382,"Actual Total Time": 334.526,"Actual Rows": 5,"Actual Loops": 1,"Workers Planned": 4,"Workers Launched": 4,"Single Copy": false,"Plans": [{"Node Type": "Aggregate","Strategy": "Plain","Partial Mode": "Partial","Parent Relationship": "Outer","Parallel Aware": false,"Async Capable": false,"Startup Cost": 146408.33,"Total Cost": 146408.34,"Plan Rows": 1,"Plan Width": 32,"Actual Startup Time": 294.881,"Actual Total Time": 294.882,"Actual Rows": 1,"Actual Loops": 5,"Workers": [],"Plans": [{"Node Type": "Seq Scan","Parent Relationship": "Outer","Parallel Aware": true,"Async Capable": false,"Relation Name": "lineitem","Alias": "lineitem","Startup Cost": 0.00,"Total Cost": 146259.83,"Plan Rows": 29699,"Plan Width": 12,"Actual Startup Time": 0.068,"Actual Total Time": 289.793,"Actual Rows": 23872,"Actual Loops": 5,"Filter": "((l_shipdate >= '1994-01-01'::date) AND (l_shipdate < '1995-01-01 00:00:00'::timestamp without time zone) AND (l_discount >= 0.02) AND (l_discount <= 0.04) AND (l_quantity < '25'::numeric))","Rows Removed by Filter": 1176371,"Workers": []}]}]}]},"Planning Time": 2.002,"Triggers": [],"Execution Time": 334.744}]
[{"Plan": {"Node Type": "Aggregate","Strategy": "Plain","Partial Mode": "Finalize","Parallel Aware": false,"Async Capable": false,"Startup Cost": 147400.89,"Total Cost": 147400.90,"Plan Rows": 1,"Plan Width": 32,"Actual Startup Time": 302.056,"Actual Total Time": 334.390,"Actual Rows": 1,"Actual Loops": 1,"Plans": [{"Node Type": "Gather","Parent Relationship": "Outer","Parallel Aware": false,"Async Capable": false,"Startup Cost": 147400.46,"Total Cost": 147400.87,"Plan Rows": 4,"Plan Width": 32,"Actual Startup Time": 301.887,"Actual Total Time": 334.361,"Actual Rows": 5,"Actual Loops": 1,"Workers Planned": 4,"Workers Launched": 4,"Single Copy": false,"Plans": [{"Node Type": "Aggregate","Strategy": "Plain","Partial Mode": "Partial","Parent Relationship": "Outer","Parallel Aware": false,"Async Capable": false,"Startup Cost": 146400.46,"Total Cost": 146400.47,"Plan Rows": 1,"Plan Width": 32,"Actual Startup Time": 295.081,"Actual Total Time": 295.082,"Actual Rows": 1,"Actual Loops": 5,"Workers": [],"Plans": [{"Node Type": "Seq Scan","Parent Relationship": "Outer","Parallel Aware": true,"Async Capable": false,"Relation Name": "lineitem","Alias": "lineitem","Startup Cost": 0.00,"Total Cost": 146259.83,"Plan Rows": 28125,"Plan Width": 12,"Actual Startup Time": 0.087,"Actual Total Time": 290.295,"Actual Rows": 22764,"Actual Loops": 5,"Filter": "((l_shipdate >= '1994-01-01'::date) AND (l_shipdate < '1995-01-01 00:00:00'::timestamp without time zone) AND (l_discount >= 0.08) AND (l_discount <= 0.10) AND (l_quantity < '24'::numeric))","Rows Removed by Filter": 1177479,"Workers": []}]}]}]},"Planning Time": 2.411,"Triggers": [],"Execution Time": 334.598}]
[{"Plan": {"Node Type": "Aggregate","Strategy": "Plain","Partial Mode": "Finalize","Parallel Aware": false,"Async Capable": false,"Startup Cost": 147402.87,"Total Cost": 147402.88,"Plan Rows": 1,"Plan Width": 32,"Actual Startup Time": 296.428,"Actual Total Time": 327.149,"Actual Rows": 1,"Actual Loops": 1,"Plans": [{"Node Type": "Gather","Parent Relationship": "Outer","Parallel Aware": false,"Async Capable": false,"Startup Cost": 147402.44,"Total Cost": 147402.85,"Plan Rows": 4,"Plan Width": 32,"Actual Startup Time": 296.221,"Actual Total Time": 327.118,"Actual Rows": 5,"Actual Loops": 1,"Workers Planned": 4,"Workers Launched": 4,"Single Copy": false,"Plans": [{"Node Type": "Aggregate","Strategy": "Plain","Partial Mode": "Partial","Parent Relationship": "Outer","Parallel Aware": false,"Async Capable": false,"Startup Cost": 146402.44,"Total Cost": 146402.45,"Plan Rows": 1,"Plan Width": 32,"Actual Startup Time": 289.094,"Actual Total Time": 289.097,"Actual Rows": 1,"Actual Loops": 5,"Workers": [],"Plans": [{"Node Type": "Seq Scan","Parent Relationship": "Outer","Parallel Aware": true,"Async Capable": false,"Relation Name": "lineitem","Alias": "lineitem","Startup Cost": 0.00,"Total Cost": 146259.83,"Plan Rows": 28520,"Plan Width": 12,"Actual Startup Time": 0.102,"Actual Total Time": 284.378,"Actual Rows": 22769,"Actual Loops": 5,"Filter": "((l_shipdate >= '1994-01-01'::date) AND (l_shipdate < '1995-01-01 00:00:00'::timestamp without time zone) AND (l_discount >= 0.06) AND (l_discount <= 0.08) AND (l_quantity < '24'::numeric))","Rows Removed by Filter": 1177474,"Workers": []}]}]}]},"Planning Time": 2.811,"Triggers": [],"Execution Time": 327.382}]
[{"Plan": {"Node Type": "Aggregate","Strategy": "Plain","Partial Mode": "Finalize","Parallel Aware": false,"Async Capable": false,"Startup Cost": 147411.24,"Total Cost": 147411.25,"Plan Rows": 1,"Plan Width": 32,"Actual Startup Time": 306.146,"Actual Total Time": 337.945,"Actual Rows": 1,"Actual Loops": 1,"Plans": [{"Node Type": "Gather","Parent Relationship": "Outer","Parallel Aware": false,"Async Capable": false,"Startup Cost": 147410.81,"Total Cost": 147411.22,"Plan Rows": 4,"Plan Width": 32,"Actual Startup Time": 305.983,"Actual Total Time": 337.923,"Actual Rows": 5,"Actual Loops": 1,"Workers Planned": 4,"Workers Launched": 4,"Single Copy": false,"Plans": [{"Node Type": "Aggregate","Strategy": "Plain","Partial Mode": "Partial","Parent Relationship": "Outer","Parallel Aware": false,"Async Capable": false,"Startup Cost": 146410.81,"Total Cost": 146410.82,"Plan Rows": 1,"Plan Width": 32,"Actual Startup Time": 299.109,"Actual Total Time": 299.111,"Actual Rows": 1,"Actual Loops": 5,"Workers": [],"Plans": [{"Node Type": "Seq Scan","Parent Relationship": "Outer","Parallel Aware": true,"Async Capable": false,"Relation Name": "lineitem","Alias": "lineitem","Startup Cost": 0.00,"Total Cost": 146259.83,"Plan Rows": 30194,"Plan Width": 12,"Actual Startup Time": 0.070,"Actual Total Time": 294.125,"Actual Rows": 23770,"Actual Loops": 5,"Filter": "((l_shipdate >= '1993-01-01'::date) AND (l_shipdate < '1994-01-01 00:00:00'::timestamp without time zone) AND (l_discount >= 0.04) AND (l_discount <= 0.06) AND (l_quantity < '25'::numeric))","Rows Removed by Filter": 1176473,"Workers": []}]}]}]},"Planning Time": 2.759,"Triggers": [],"Execution Time": 338.194}]
[{"Plan": {"Node Type": "Aggregate","Strategy": "Plain","Partial Mode": "Finalize","Parallel Aware": false,"Async Capable": false,"Startup Cost": 147410.65,"Total Cost": 147410.66,"Plan Rows": 1,"Plan Width": 32,"Actual Startup Time": 303.311,"Actual Total Time": 336.303,"Actual Rows": 1,"Actual Loops": 1,"Plans": [{"Node Type": "Gather","Parent Relationship": "Outer","Parallel Aware": false,"Async Capable": false,"Startup Cost": 147410.22,"Total Cost": 147410.63,"Plan Rows": 4,"Plan Width": 32,"Actual Startup Time": 303.142,"Actual Total Time": 336.256,"Actual Rows": 5,"Actual Loops": 1,"Workers Planned": 4,"Workers Launched": 4,"Single Copy": false,"Plans": [{"Node Type": "Aggregate","Strategy": "Plain","Partial Mode": "Partial","Parent Relationship": "Outer","Parallel Aware": false,"Async Capable": false,"Startup Cost": 146410.22,"Total Cost": 146410.23,"Plan Rows": 1,"Plan Width": 32,"Actual Startup Time": 296.021,"Actual Total Time": 296.023,"Actual Rows": 1,"Actual Loops": 5,"Workers": [],"Plans": [{"Node Type": "Seq Scan","Parent Relationship": "Outer","Parallel Aware": true,"Async Capable": false,"Relation Name": "lineitem","Alias": "lineitem","Startup Cost": 0.00,"Total Cost": 146259.83,"Plan Rows": 30076,"Plan Width": 12,"Actual Startup Time": 0.153,"Actual Total Time": 290.872,"Actual Rows": 23928,"Actual Loops": 5,"Filter": "((l_shipdate >= '1993-01-01'::date) AND (l_shipdate < '1994-01-01 00:00:00'::timestamp without time zone) AND (l_discount >= 0.07) AND (l_discount <= 0.09) AND (l_quantity < '25'::numeric))","Rows Removed by Filter": 1176315,"Workers": []}]}]}]},"Planning Time": 2.101,"Triggers": [],"Execution Time": 336.525}]
[{"Plan": {"Node Type": "Aggregate","Strategy": "Plain","Partial Mode": "Finalize","Parallel Aware": false,"Async Capable": false,"Startup Cost": 147403.25,"Total Cost": 147403.26,"Plan Rows": 1,"Plan Width": 32,"Actual Startup Time": 299.656,"Actual Total Time": 331.893,"Actual Rows": 1,"Actual Loops": 1,"Plans": [{"Node Type": "Gather","Parent Relationship": "Outer","Parallel Aware": false,"Async Capable": false,"Startup Cost": 147402.82,"Total Cost": 147403.23,"Plan Rows": 4,"Plan Width": 32,"Actual Startup Time": 299.497,"Actual Total Time": 331.872,"Actual Rows": 5,"Actual Loops": 1,"Workers Planned": 4,"Workers Launched": 4,"Single Copy": false,"Plans": [{"Node Type": "Aggregate","Strategy": "Plain","Partial Mode": "Partial","Parent Relationship": "Outer","Parallel Aware": false,"Async Capable": false,"Startup Cost": 146402.82,"Total Cost": 146402.83,"Plan Rows": 1,"Plan Width": 32,"Actual Startup Time": 292.955,"Actual Total Time": 292.957,"Actual Rows": 1,"Actual Loops": 5,"Workers": [],"Plans": [{"Node Type": "Seq Scan","Parent Relationship": "Outer","Parallel Aware": true,"Async Capable": false,"Relation Name": "lineitem","Alias": "lineitem","Startup Cost": 0.00,"Total Cost": 146259.83,"Plan Rows": 28596,"Plan Width": 12,"Actual Startup Time": 0.107,"Actual Total Time": 288.136,"Actual Rows": 22884,"Actual Loops": 5,"Filter": "((l_shipdate >= '1993-01-01'::date) AND (l_shipdate < '1994-01-01 00:00:00'::timestamp without time zone) AND (l_discount >= 0.08) AND (l_discount <= 0.10) AND (l_quantity < '24'::numeric))","Rows Removed by Filter": 1177359,"Workers": []}]}]}]},"Planning Time": 2.478,"Triggers": [],"Execution Time": 332.115}]
[{"Plan": {"Node Type": "Aggregate","Strategy": "Plain","Partial Mode": "Finalize","Parallel Aware": false,"Async Capable": false,"Startup Cost": 147402.57,"Total Cost": 147402.58,"Plan Rows": 1,"Plan Width": 32,"Actual Startup Time": 303.409,"Actual Total Time": 336.885,"Actual Rows": 1,"Actual Loops": 1,"Plans": [{"Node Type": "Gather","Parent Relationship": "Outer","Parallel Aware": false,"Async Capable": false,"Startup Cost": 147402.14,"Total Cost": 147402.55,"Plan Rows": 4,"Plan Width": 32,"Actual Startup Time": 303.253,"Actual Total Time": 336.860,"Actual Rows": 5,"Actual Loops": 1,"Workers Planned": 4,"Workers Launched": 4,"Single Copy": false,"Plans": [{"Node Type": "Aggregate","Strategy": "Plain","Partial Mode": "Partial","Parent Relationship": "Outer","Parallel Aware": false,"Async Capable": false,"Startup Cost": 146402.14,"Total Cost": 146402.15,"Plan Rows": 1,"Plan Width": 32,"Actual Startup Time": 296.828,"Actual Total Time": 296.830,"Actual Rows": 1,"Actual Loops": 5,"Workers": [],"Plans": [{"Node Type": "Seq Scan","Parent Relationship": "Outer","Parallel Aware": true,"Async Capable": false,"Relation Name": "lineitem","Alias": "lineitem","Startup Cost": 0.00,"Total Cost": 146259.83,"Plan Rows": 28461,"Plan Width": 12,"Actual Startup Time": 0.072,"Actual Total Time": 291.961,"Actual Rows": 22860,"Actual Loops": 5,"Filter": "((l_shipdate >= '1994-01-01'::date) AND (l_shipdate < '1995-01-01 00:00:00'::timestamp without time zone) AND (l_discount >= 0.02) AND (l_discount <= 0.04) AND (l_quantity < '24'::numeric))","Rows Removed by Filter": 1177383,"Workers": []}]}]}]},"Planning Time": 2.847,"Triggers": [],"Execution Time": 337.141}]
[{"Plan": {"Node Type": "Aggregate","Strategy": "Plain","Partial Mode": "Finalize","Parallel Aware": false,"Async Capable": false,"Startup Cost": 147409.58,"Total Cost": 147409.59,"Plan Rows": 1,"Plan Width": 32,"Actual Startup Time": 301.600,"Actual Total Time": 333.793,"Actual Rows": 1,"Actual Loops": 1,"Plans": [{"Node Type": "Gather","Parent Relationship": "Outer","Parallel Aware": false,"Async Capable": false,"Startup Cost": 147409.15,"Total Cost": 147409.56,"Plan Rows": 4,"Plan Width": 32,"Actual Startup Time": 301.384,"Actual Total Time": 333.756,"Actual Rows": 5,"Actual Loops": 1,"Workers Planned": 4,"Workers Launched": 4,"Single Copy": false,"Plans": [{"Node Type": "Aggregate","Strategy": "Plain","Partial Mode": "Partial","Parent Relationship": "Outer","Parallel Aware": false,"Async Capable": false,"Startup Cost": 146409.15,"Total Cost": 146409.16,"Plan Rows": 1,"Plan Width": 32,"Actual Startup Time": 294.153,"Actual Total Time": 294.156,"Actual Rows": 1,"Actual Loops": 5,"Workers": [],"Plans": [{"Node Type": "Seq Scan","Parent Relationship": "Outer","Parallel Aware": true,"Async Capable": false,"Relation Name": "lineitem","Alias": "lineitem","Startup Cost": 0.00,"Total Cost": 146259.83,"Plan Rows": 29862,"Plan Width": 12,"Actual Startup Time": 0.097,"Actual Total Time": 289.096,"Actual Rows": 23940,"Actual Loops": 5,"Filter": "((l_shipdate >= '1996-01-01'::date) AND (l_shipdate < '1997-01-01 00:00:00'::timestamp without time zone) AND (l_discount >= 0.02) AND (l_discount <= 0.04) AND (l_quantity < '25'::numeric))","Rows Removed by Filter": 1176303,"Workers": []}]}]}]},"Planning Time": 2.766,"Triggers": [],"Execution Time": 334.034}]
[{"Plan": {"Node Type": "Aggregate","Strategy": "Plain","Partial Mode": "Finalize","Parallel Aware": false,"Async Capable": false,"Startup Cost": 147407.80,"Total Cost": 147407.81,"Plan Rows": 1,"Plan Width": 32,"Actual Startup Time": 302.950,"Actual Total Time": 335.292,"Actual Rows": 1,"Actual Loops": 1,"Plans": [{"Node Type": "Gather","Parent Relationship": "Outer","Parallel Aware": false,"Async Capable": false,"Startup Cost": 147407.37,"Total Cost": 147407.78,"Plan Rows": 4,"Plan Width": 32,"Actual Startup Time": 302.795,"Actual Total Time": 335.251,"Actual Rows": 5,"Actual Loops": 1,"Workers Planned": 4,"Workers Launched": 4,"Single Copy": false,"Plans": [{"Node Type": "Aggregate","Strategy": "Plain","Partial Mode": "Partial","Parent Relationship": "Outer","Parallel Aware": false,"Async Capable": false,"Startup Cost": 146407.37,"Total Cost": 146407.38,"Plan Rows": 1,"Plan Width": 32,"Actual Startup Time": 296.025,"Actual Total Time": 296.028,"Actual Rows": 1,"Actual Loops": 5,"Workers": [],"Plans": [{"Node Type": "Seq Scan","Parent Relationship": "Outer","Parallel Aware": true,"Async Capable": false,"Relation Name": "lineitem","Alias": "lineitem","Startup Cost": 0.00,"Total Cost": 146259.83,"Plan Rows": 29506,"Plan Width": 12,"Actual Startup Time": 0.112,"Actual Total Time": 291.181,"Actual Rows": 22957,"Actual Loops": 5,"Filter": "((l_shipdate >= '1995-01-01'::date) AND (l_shipdate < '1996-01-01 00:00:00'::timestamp without time zone) AND (l_discount >= 0.06) AND (l_discount <= 0.08) AND (l_quantity < '24'::numeric))","Rows Removed by Filter": 1177286,"Workers": []}]}]}]},"Planning Time": 2.266,"Triggers": [],"Execution Time": 335.524}]
[{"Plan": {"Node Type": "Aggregate","Strategy": "Plain","Partial Mode": "Finalize","Parallel Aware": false,"Async Capable": false,"Startup Cost": 147401.96,"Total Cost": 147401.97,"Plan Rows": 1,"Plan Width": 32,"Actual Startup Time": 301.236,"Actual Total Time": 333.196,"Actual Rows": 1,"Actual Loops": 1,"Plans": [{"Node Type": "Gather","Parent Relationship": "Outer","Parallel Aware": false,"Async Capable": false,"Startup Cost": 147401.53,"Total Cost": 147401.94,"Plan Rows": 4,"Plan Width": 32,"Actual Startup Time": 301.008,"Actual Total Time": 333.159,"Actual Rows": 5,"Actual Loops": 1,"Workers Planned": 4,"Workers Launched": 4,"Single Copy": false,"Plans": [{"Node Type": "Aggregate","Strategy": "Plain","Partial Mode": "Partial","Parent Relationship": "Outer","Parallel Aware": false,"Async Capable": false,"Startup Cost": 146401.53,"Total Cost": 146401.54,"Plan Rows": 1,"Plan Width": 32,"Actual Startup Time": 293.920,"Actual Total Time": 293.926,"Actual Rows": 1,"Actual Loops": 5,"Workers": [],"Plans": [{"Node Type": "Seq Scan","Parent Relationship": "Outer","Parallel Aware": true,"Async Capable": false,"Relation Name": "lineitem","Alias": "lineitem","Startup Cost": 0.00,"Total Cost": 146259.83,"Plan Rows": 28338,"Plan Width": 12,"Actual Startup Time": 0.086,"Actual Total Time": 288.967,"Actual Rows": 22878,"Actual Loops": 5,"Filter": "((l_shipdate >= '1996-01-01'::date) AND (l_shipdate < '1997-01-01 00:00:00'::timestamp without time zone) AND (l_discount >= 0.03) AND (l_discount <= 0.05) AND (l_quantity < '24'::numeric))","Rows Removed by Filter": 1177365,"Workers": []}]}]}]},"Planning Time": 2.851,"Triggers": [],"Execution Time": 333.444}]
[{"Plan": {"Node Type": "Aggregate","Strategy": "Plain","Partial Mode": "Finalize","Parallel Aware": false,"Async Capable": false,"Startup Cost": 147408.94,"Total Cost": 147408.95,"Plan Rows": 1,"Plan Width": 32,"Actual Startup Time": 307.777,"Actual Total Time": 339.832,"Actual Rows": 1,"Actual Loops": 1,"Plans": [{"Node Type": "Gather","Parent Relationship": "Outer","Parallel Aware": false,"Async Capable": false,"Startup Cost": 147408.51,"Total Cost": 147408.92,"Plan Rows": 4,"Plan Width": 32,"Actual Startup Time": 307.577,"Actual Total Time": 339.791,"Actual Rows": 5,"Actual Loops": 1,"Workers Planned": 4,"Workers Launched": 4,"Single Copy": false,"Plans": [{"Node Type": "Aggregate","Strategy": "Plain","Partial Mode": "Partial","Parent Relationship": "Outer","Parallel Aware": false,"Async Capable": false,"Startup Cost": 146408.51,"Total Cost": 146408.52,"Plan Rows": 1,"Plan Width": 32,"Actual Startup Time": 300.529,"Actual Total Time": 300.530,"Actual Rows": 1,"Actual Loops": 5,"Workers": [],"Plans": [{"Node Type": "Seq Scan","Parent Relationship": "Outer","Parallel Aware": true,"Async Capable": false,"Relation Name": "lineitem","Alias": "lineitem","Startup Cost": 0.00,"Total Cost": 146259.83,"Plan Rows": 29734,"Plan Width": 12,"Actual Startup Time": 0.095,"Actual Total Time": 295.428,"Actual Rows": 23809,"Actual Loops": 5,"Filter": "((l_shipdate >= '1996-01-01'::date) AND (l_shipdate < '1997-01-01 00:00:00'::timestamp without time zone) AND (l_discount >= 0.05) AND (l_discount <= 0.07) AND (l_quantity < '25'::numeric))","Rows Removed by Filter": 1176434,"Workers": []}]}]}]},"Planning Time": 2.476,"Triggers": [],"Execution Time": 340.023}]
[{"Plan": {"Node Type": "Aggregate","Strategy": "Plain","Partial Mode": "Finalize","Parallel Aware": false,"Async Capable": false,"Startup Cost": 147402.78,"Total Cost": 147402.79,"Plan Rows": 1,"Plan Width": 32,"Actual Startup Time": 312.656,"Actual Total Time": 344.675,"Actual Rows": 1,"Actual Loops": 1,"Plans": [{"Node Type": "Gather","Parent Relationship": "Outer","Parallel Aware": false,"Async Capable": false,"Startup Cost": 147402.35,"Total Cost": 147402.76,"Plan Rows": 4,"Plan Width": 32,"Actual Startup Time": 312.490,"Actual Total Time": 344.644,"Actual Rows": 5,"Actual Loops": 1,"Workers Planned": 4,"Workers Launched": 4,"Single Copy": false,"Plans": [{"Node Type": "Aggregate","Strategy": "Plain","Partial Mode": "Partial","Parent Relationship": "Outer","Parallel Aware": false,"Async Capable": false,"Startup Cost": 146402.35,"Total Cost": 146402.36,"Plan Rows": 1,"Plan Width": 32,"Actual Startup Time": 305.317,"Actual Total Time": 305.318,"Actual Rows": 1,"Actual Loops": 5,"Workers": [],"Plans": [{"Node Type": "Seq Scan","Parent Relationship": "Outer","Parallel Aware": true,"Async Capable": false,"Relation Name": "lineitem","Alias": "lineitem","Startup Cost": 0.00,"Total Cost": 146259.83,"Plan Rows": 28502,"Plan Width": 12,"Actual Startup Time": 0.102,"Actual Total Time": 300.135,"Actual Rows": 22886,"Actual Loops": 5,"Filter": "((l_shipdate >= '1996-01-01'::date) AND (l_shipdate < '1997-01-01 00:00:00'::timestamp without time zone) AND (l_discount >= 0.07) AND (l_discount <= 0.09) AND (l_quantity < '24'::numeric))","Rows Removed by Filter": 1177357,"Workers": []}]}]}]},"Planning Time": 2.959,"Triggers": [],"Execution Time": 344.931}]
[{"Plan": {"Node Type": "Aggregate","Strategy": "Plain","Partial Mode": "Finalize","Parallel Aware": false,"Async Capable": false,"Startup Cost": 147412.08,"Total Cost": 147412.09,"Plan Rows": 1,"Plan Width": 32,"Actual Startup Time": 308.275,"Actual Total Time": 339.973,"Actual Rows": 1,"Actual Loops": 1,"Plans": [{"Node Type": "Gather","Parent Relationship": "Outer","Parallel Aware": false,"Async Capable": false,"Startup Cost": 147411.65,"Total Cost": 147412.06,"Plan Rows": 4,"Plan Width": 32,"Actual Startup Time": 308.122,"Actual Total Time": 339.937,"Actual Rows": 5,"Actual Loops": 1,"Workers Planned": 4,"Workers Launched": 4,"Single Copy": false,"Plans": [{"Node Type": "Aggregate","Strategy": "Plain","Partial Mode": "Partial","Parent Relationship": "Outer","Parallel Aware": false,"Async Capable": false,"Startup Cost": 146411.65,"Total Cost": 146411.66,"Plan Rows": 1,"Plan Width": 32,"Actual Startup Time": 301.158,"Actual Total Time": 301.161,"Actual Rows": 1,"Actual Loops": 5,"Workers": [],"Plans": [{"Node Type": "Seq Scan","Parent Relationship": "Outer","Parallel Aware": true,"Async Capable": false,"Relation Name": "lineitem","Alias": "lineitem","Startup Cost": 0.00,"Total Cost": 146259.83,"Plan Rows": 30362,"Plan Width": 12,"Actual Startup Time": 0.098,"Actual Total Time": 296.076,"Actual Rows": 23897,"Actual Loops": 5,"Filter": "((l_shipdate >= '1995-01-01'::date) AND (l_shipdate < '1996-01-01 00:00:00'::timestamp without time zone) AND (l_discount >= 0.08) AND (l_discount <= 0.10) AND (l_quantity < '25'::numeric))","Rows Removed by Filter": 1176346,"Workers": []}]}]}]},"Planning Time": 2.328,"Triggers": [],"Execution Time": 340.192}]
[{"Plan": {"Node Type": "Aggregate","Strategy": "Plain","Partial Mode": "Finalize","Parallel Aware": false,"Async Capable": false,"Startup Cost": 147407.88,"Total Cost": 147407.89,"Plan Rows": 1,"Plan Width": 32,"Actual Startup Time": 303.094,"Actual Total Time": 335.189,"Actual Rows": 1,"Actual Loops": 1,"Plans": [{"Node Type": "Gather","Parent Relationship": "Outer","Parallel Aware": false,"Async Capable": false,"Startup Cost": 147407.45,"Total Cost": 147407.86,"Plan Rows": 4,"Plan Width": 32,"Actual Startup Time": 302.935,"Actual Total Time": 335.157,"Actual Rows": 5,"Actual Loops": 1,"Workers Planned": 4,"Workers Launched": 4,"Single Copy": false,"Plans": [{"Node Type": "Aggregate","Strategy": "Plain","Partial Mode": "Partial","Parent Relationship": "Outer","Parallel Aware": false,"Async Capable": false,"Startup Cost": 146407.45,"Total Cost": 146407.46,"Plan Rows": 1,"Plan Width": 32,"Actual Startup Time": 295.477,"Actual Total Time": 295.478,"Actual Rows": 1,"Actual Loops": 5,"Workers": [],"Plans": [{"Node Type": "Seq Scan","Parent Relationship": "Outer","Parallel Aware": true,"Async Capable": false,"Relation Name": "lineitem","Alias": "lineitem","Startup Cost": 0.00,"Total Cost": 146259.83,"Plan Rows": 29522,"Plan Width": 12,"Actual Startup Time": 0.085,"Actual Total Time": 290.372,"Actual Rows": 23823,"Actual Loops": 5,"Filter": "((l_shipdate >= '1997-01-01'::date) AND (l_shipdate < '1998-01-01 00:00:00'::timestamp without time zone) AND (l_discount >= 0.08) AND (l_discount <= 0.10) AND (l_quantity < '25'::numeric))","Rows Removed by Filter": 1176420,"Workers": []}]}]}]},"Planning Time": 2.625,"Triggers": [],"Execution Time": 335.461}]
[{"Plan": {"Node Type": "Aggregate","Strategy": "Plain","Partial Mode": "Finalize","Parallel Aware": false,"Async Capable": false,"Startup Cost": 147409.47,"Total Cost": 147409.48,"Plan Rows": 1,"Plan Width": 32,"Actual Startup Time": 304.472,"Actual Total Time": 337.614,"Actual Rows": 1,"Actual Loops": 1,"Plans": [{"Node Type": "Gather","Parent Relationship": "Outer","Parallel Aware": false,"Async Capable": false,"Startup Cost": 147409.04,"Total Cost": 147409.45,"Plan Rows": 4,"Plan Width": 32,"Actual Startup Time": 304.285,"Actual Total Time": 337.579,"Actual Rows": 5,"Actual Loops": 1,"Workers Planned": 4,"Workers Launched": 4,"Single Copy": false,"Plans": [{"Node Type": "Aggregate","Strategy": "Plain","Partial Mode": "Partial","Parent Relationship": "Outer","Parallel Aware": false,"Async Capable": false,"Startup Cost": 146409.04,"Total Cost": 146409.05,"Plan Rows": 1,"Plan Width": 32,"Actual Startup Time": 296.729,"Actual Total Time": 296.730,"Actual Rows": 1,"Actual Loops": 5,"Workers": [],"Plans": [{"Node Type": "Seq Scan","Parent Relationship": "Outer","Parallel Aware": true,"Async Capable": false,"Relation Name": "lineitem","Alias": "lineitem","Startup Cost": 0.00,"Total Cost": 146259.83,"Plan Rows": 29840,"Plan Width": 12,"Actual Startup Time": 0.139,"Actual Total Time": 291.608,"Actual Rows": 23879,"Actual Loops": 5,"Filter": "((l_shipdate >= '1993-01-01'::date) AND (l_shipdate < '1994-01-01 00:00:00'::timestamp without time zone) AND (l_discount >= 0.08) AND (l_discount <= 0.10) AND (l_quantity < '25'::numeric))","Rows Removed by Filter": 1176364,"Workers": []}]}]}]},"Planning Time": 2.798,"Triggers": [],"Execution Time": 337.873}]
[{"Plan": {"Node Type": "Aggregate","Strategy": "Plain","Partial Mode": "Finalize","Parallel Aware": false,"Async Capable": false,"Startup Cost": 147402.57,"Total Cost": 147402.58,"Plan Rows": 1,"Plan Width": 32,"Actual Startup Time": 303.409,"Actual Total Time": 336.885,"Actual Rows": 1,"Actual Loops": 1,"Plans": [{"Node Type": "Gather","Parent Relationship": "Outer","Parallel Aware": false,"Async Capable": false,"Startup Cost": 147402.14,"Total Cost": 147402.55,"Plan Rows": 4,"Plan Width": 32,"Actual Startup Time": 303.253,"Actual Total Time": 336.860,"Actual Rows": 5,"Actual Loops": 1,"Workers Planned": 4,"Workers Launched": 4,"Single Copy": false,"Plans": [{"Node Type": "Aggregate","Strategy": "Plain","Partial Mode": "Partial","Parent Relationship": "Outer","Parallel Aware": false,"Async Capable": false,"Startup Cost": 146402.14,"Total Cost": 146402.15,"Plan Rows": 1,"Plan Width": 32,"Actual Startup Time": 296.828,"Actual Total Time": 296.830,"Actual Rows": 1,"Actual Loops": 5,"Workers": [],"Plans": [{"Node Type": "Seq Scan","Parent Relationship": "Outer","Parallel Aware": true,"Async Capable": false,"Relation Name": "lineitem","Alias": "lineitem","Startup Cost": 0.00,"Total Cost": 146259.83,"Plan Rows": 28461,"Plan Width": 12,"Actual Startup Time": 0.072,"Actual Total Time": 291.961,"Actual Rows": 22860,"Actual Loops": 5,"Filter": "((l_shipdate >= '1994-01-01'::date) AND (l_shipdate < '1995-01-01 00:00:00'::timestamp without time zone) AND (l_discount >= 0.02) AND (l_discount <= 0.04) AND (l_quantity < '24'::numeric))","Rows Removed by Filter": 1177383,"Workers": []}]}]}]},"Planning Time": 2.847,"Triggers": [],"Execution Time": 337.141}]
[{"Plan": {"Node Type": "Aggregate","Strategy": "Plain","Partial Mode": "Finalize","Parallel Aware": false,"Async Capable": false,"Startup Cost": 147401.19,"Total Cost": 147401.20,"Plan Rows": 1,"Plan Width": 32,"Actual Startup Time": 301.531,"Actual Total Time": 333.701,"Actual Rows": 1,"Actual Loops": 1,"Plans": [{"Node Type": "Gather","Parent Relationship": "Outer","Parallel Aware": false,"Async Capable": false,"Startup Cost": 147400.76,"Total Cost": 147401.17,"Plan Rows": 4,"Plan Width": 32,"Actual Startup Time": 301.357,"Actual Total Time": 333.674,"Actual Rows": 5,"Actual Loops": 1,"Workers Planned": 4,"Workers Launched": 4,"Single Copy": false,"Plans": [{"Node Type": "Aggregate","Strategy": "Plain","Partial Mode": "Partial","Parent Relationship": "Outer","Parallel Aware": false,"Async Capable": false,"Startup Cost": 146400.76,"Total Cost": 146400.77,"Plan Rows": 1,"Plan Width": 32,"Actual Startup Time": 294.458,"Actual Total Time": 294.460,"Actual Rows": 1,"Actual Loops": 5,"Workers": [],"Plans": [{"Node Type": "Seq Scan","Parent Relationship": "Outer","Parallel Aware": true,"Async Capable": false,"Relation Name": "lineitem","Alias": "lineitem","Startup Cost": 0.00,"Total Cost": 146259.83,"Plan Rows": 28184,"Plan Width": 12,"Actual Startup Time": 0.087,"Actual Total Time": 289.623,"Actual Rows": 22848,"Actual Loops": 5,"Filter": "((l_shipdate >= '1994-01-01'::date) AND (l_shipdate < '1995-01-01 00:00:00'::timestamp without time zone) AND (l_discount >= 0.03) AND (l_discount <= 0.05) AND (l_quantity < '24'::numeric))","Rows Removed by Filter": 1177395,"Workers": []}]}]}]},"Planning Time": 2.454,"Triggers": [],"Execution Time": 333.891}]
[{"Plan": {"Node Type": "Aggregate","Strategy": "Plain","Partial Mode": "Finalize","Parallel Aware": false,"Async Capable": false,"Startup Cost": 147409.58,"Total Cost": 147409.59,"Plan Rows": 1,"Plan Width": 32,"Actual Startup Time": 301.600,"Actual Total Time": 333.793,"Actual Rows": 1,"Actual Loops": 1,"Plans": [{"Node Type": "Gather","Parent Relationship": "Outer","Parallel Aware": false,"Async Capable": false,"Startup Cost": 147409.15,"Total Cost": 147409.56,"Plan Rows": 4,"Plan Width": 32,"Actual Startup Time": 301.384,"Actual Total Time": 333.756,"Actual Rows": 5,"Actual Loops": 1,"Workers Planned": 4,"Workers Launched": 4,"Single Copy": false,"Plans": [{"Node Type": "Aggregate","Strategy": "Plain","Partial Mode": "Partial","Parent Relationship": "Outer","Parallel Aware": false,"Async Capable": false,"Startup Cost": 146409.15,"Total Cost": 146409.16,"Plan Rows": 1,"Plan Width": 32,"Actual Startup Time": 294.153,"Actual Total Time": 294.156,"Actual Rows": 1,"Actual Loops": 5,"Workers": [],"Plans": [{"Node Type": "Seq Scan","Parent Relationship": "Outer","Parallel Aware": true,"Async Capable": false,"Relation Name": "lineitem","Alias": "lineitem","Startup Cost": 0.00,"Total Cost": 146259.83,"Plan Rows": 29862,"Plan Width": 12,"Actual Startup Time": 0.097,"Actual Total Time": 289.096,"Actual Rows": 23940,"Actual Loops": 5,"Filter": "((l_shipdate >= '1996-01-01'::date) AND (l_shipdate < '1997-01-01 00:00:00'::timestamp without time zone) AND (l_discount >= 0.02) AND (l_discount <= 0.04) AND (l_quantity < '25'::numeric))","Rows Removed by Filter": 1176303,"Workers": []}]}]}]},"Planning Time": 2.766,"Triggers": [],"Execution Time": 334.034}]
[{"Plan": {"Node Type": "Aggregate","Strategy": "Plain","Partial Mode": "Finalize","Parallel Aware": false,"Async Capable": false,"Startup Cost": 147409.63,"Total Cost": 147409.64,"Plan Rows": 1,"Plan Width": 32,"Actual Startup Time": 297.562,"Actual Total Time": 330.607,"Actual Rows": 1,"Actual Loops": 1,"Plans": [{"Node Type": "Gather","Parent Relationship": "Outer","Parallel Aware": false,"Async Capable": false,"Startup Cost": 147409.20,"Total Cost": 147409.61,"Plan Rows": 4,"Plan Width": 32,"Actual Startup Time": 297.384,"Actual Total Time": 330.577,"Actual Rows": 5,"Actual Loops": 1,"Workers Planned": 4,"Workers Launched": 4,"Single Copy": false,"Plans": [{"Node Type": "Aggregate","Strategy": "Plain","Partial Mode": "Partial","Parent Relationship": "Outer","Parallel Aware": false,"Async Capable": false,"Startup Cost": 146409.20,"Total Cost": 146409.21,"Plan Rows": 1,"Plan Width": 32,"Actual Startup Time": 290.524,"Actual Total Time": 290.525,"Actual Rows": 1,"Actual Loops": 5,"Workers": [],"Plans": [{"Node Type": "Seq Scan","Parent Relationship": "Outer","Parallel Aware": true,"Async Capable": false,"Relation Name": "lineitem","Alias": "lineitem","Startup Cost": 0.00,"Total Cost": 146259.83,"Plan Rows": 29872,"Plan Width": 12,"Actual Startup Time": 0.113,"Actual Total Time": 285.451,"Actual Rows": 23843,"Actual Loops": 5,"Filter": "((l_shipdate >= '1997-01-01'::date) AND (l_shipdate < '1998-01-01 00:00:00'::timestamp without time zone) AND (l_discount >= 0.04) AND (l_discount <= 0.06) AND (l_quantity < '25'::numeric))","Rows Removed by Filter": 1176400,"Workers": []}]}]}]},"Planning Time": 2.713,"Triggers": [],"Execution Time": 330.862}]
[{"Plan": {"Node Type": "Aggregate","Strategy": "Plain","Partial Mode": "Finalize","Parallel Aware": false,"Async Capable": false,"Startup Cost": 147410.52,"Total Cost": 147410.53,"Plan Rows": 1,"Plan Width": 32,"Actual Startup Time": 313.792,"Actual Total Time": 346.158,"Actual Rows": 1,"Actual Loops": 1,"Plans": [{"Node Type": "Gather","Parent Relationship": "Outer","Parallel Aware": false,"Async Capable": false,"Startup Cost": 147410.09,"Total Cost": 147410.50,"Plan Rows": 4,"Plan Width": 32,"Actual Startup Time": 313.589,"Actual Total Time": 346.120,"Actual Rows": 5,"Actual Loops": 1,"Workers Planned": 4,"Workers Launched": 4,"Single Copy": false,"Plans": [{"Node Type": "Aggregate","Strategy": "Plain","Partial Mode": "Partial","Parent Relationship": "Outer","Parallel Aware": false,"Async Capable": false,"Startup Cost": 146410.09,"Total Cost": 146410.10,"Plan Rows": 1,"Plan Width": 32,"Actual Startup Time": 306.243,"Actual Total Time": 306.244,"Actual Rows": 1,"Actual Loops": 5,"Workers": [],"Plans": [{"Node Type": "Seq Scan","Parent Relationship": "Outer","Parallel Aware": true,"Async Capable": false,"Relation Name": "lineitem","Alias": "lineitem","Startup Cost": 0.00,"Total Cost": 146259.83,"Plan Rows": 30051,"Plan Width": 12,"Actual Startup Time": 0.075,"Actual Total Time": 301.192,"Actual Rows": 23937,"Actual Loops": 5,"Filter": "((l_shipdate >= '1996-01-01'::date) AND (l_shipdate < '1997-01-01 00:00:00'::timestamp without time zone) AND (l_discount >= 0.01) AND (l_discount <= 0.03) AND (l_quantity < '25'::numeric))","Rows Removed by Filter": 1176306,"Workers": []}]}]}]},"Planning Time": 2.507,"Triggers": [],"Execution Time": 346.410}]
[{"Plan": {"Node Type": "Aggregate","Strategy": "Plain","Partial Mode": "Finalize","Parallel Aware": false,"Async Capable": false,"Startup Cost": 147407.49,"Total Cost": 147407.50,"Plan Rows": 1,"Plan Width": 32,"Actual Startup Time": 306.160,"Actual Total Time": 338.189,"Actual Rows": 1,"Actual Loops": 1,"Plans": [{"Node Type": "Gather","Parent Relationship": "Outer","Parallel Aware": false,"Async Capable": false,"Startup Cost": 147407.06,"Total Cost": 147407.47,"Plan Rows": 4,"Plan Width": 32,"Actual Startup Time": 305.981,"Actual Total Time": 338.158,"Actual Rows": 5,"Actual Loops": 1,"Workers Planned": 4,"Workers Launched": 4,"Single Copy": false,"Plans": [{"Node Type": "Aggregate","Strategy": "Plain","Partial Mode": "Partial","Parent Relationship": "Outer","Parallel Aware": false,"Async Capable": false,"Startup Cost": 146407.06,"Total Cost": 146407.07,"Plan Rows": 1,"Plan Width": 32,"Actual Startup Time": 299.065,"Actual Total Time": 299.067,"Actual Rows": 1,"Actual Loops": 5,"Workers": [],"Plans": [{"Node Type": "Seq Scan","Parent Relationship": "Outer","Parallel Aware": true,"Async Capable": false,"Relation Name": "lineitem","Alias": "lineitem","Startup Cost": 0.00,"Total Cost": 146259.83,"Plan Rows": 29445,"Plan Width": 12,"Actual Startup Time": 0.099,"Actual Total Time": 294.167,"Actual Rows": 22956,"Actual Loops": 5,"Filter": "((l_shipdate >= '1995-01-01'::date) AND (l_shipdate < '1996-01-01 00:00:00'::timestamp without time zone) AND (l_discount >= 0.02) AND (l_discount <= 0.04) AND (l_quantity < '24'::numeric))","Rows Removed by Filter": 1177287,"Workers": []}]}]}]},"Planning Time": 2.819,"Triggers": [],"Execution Time": 338.444}]
[{"Plan": {"Node Type": "Aggregate","Strategy": "Plain","Partial Mode": "Finalize","Parallel Aware": false,"Async Capable": false,"Startup Cost": 147402.74,"Total Cost": 147402.75,"Plan Rows": 1,"Plan Width": 32,"Actual Startup Time": 294.972,"Actual Total Time": 327.491,"Actual Rows": 1,"Actual Loops": 1,"Plans": [{"Node Type": "Gather","Parent Relationship": "Outer","Parallel Aware": false,"Async Capable": false,"Startup Cost": 147402.31,"Total Cost": 147402.72,"Plan Rows": 4,"Plan Width": 32,"Actual Startup Time": 294.803,"Actual Total Time": 327.457,"Actual Rows": 5,"Actual Loops": 1,"Workers Planned": 4,"Workers Launched": 4,"Single Copy": false,"Plans": [{"Node Type": "Aggregate","Strategy": "Plain","Partial Mode": "Partial","Parent Relationship": "Outer","Parallel Aware": false,"Async Capable": false,"Startup Cost": 146402.31,"Total Cost": 146402.32,"Plan Rows": 1,"Plan Width": 32,"Actual Startup Time": 288.287,"Actual Total Time": 288.289,"Actual Rows": 1,"Actual Loops": 5,"Workers": [],"Plans": [{"Node Type": "Seq Scan","Parent Relationship": "Outer","Parallel Aware": true,"Async Capable": false,"Relation Name": "lineitem","Alias": "lineitem","Startup Cost": 0.00,"Total Cost": 146259.83,"Plan Rows": 28495,"Plan Width": 12,"Actual Startup Time": 0.083,"Actual Total Time": 283.417,"Actual Rows": 22816,"Actual Loops": 5,"Filter": "((l_shipdate >= '1996-01-01'::date) AND (l_shipdate < '1997-01-01 00:00:00'::timestamp without time zone) AND (l_discount >= 0.05) AND (l_discount <= 0.07) AND (l_quantity < '24'::numeric))","Rows Removed by Filter": 1177427,"Workers": []}]}]}]},"Planning Time": 2.656,"Triggers": [],"Execution Time": 327.682}]
[{"Plan": {"Node Type": "Aggregate","Strategy": "Plain","Partial Mode": "Finalize","Parallel Aware": false,"Async Capable": false,"Startup Cost": 147402.00,"Total Cost": 147402.01,"Plan Rows": 1,"Plan Width": 32,"Actual Startup Time": 301.179,"Actual Total Time": 332.557,"Actual Rows": 1,"Actual Loops": 1,"Plans": [{"Node Type": "Gather","Parent Relationship": "Outer","Parallel Aware": false,"Async Capable": false,"Startup Cost": 147401.57,"Total Cost": 147401.98,"Plan Rows": 4,"Plan Width": 32,"Actual Startup Time": 300.979,"Actual Total Time": 332.537,"Actual Rows": 5,"Actual Loops": 1,"Workers Planned": 4,"Workers Launched": 4,"Single Copy": false,"Plans": [{"Node Type": "Aggregate","Strategy": "Plain","Partial Mode": "Partial","Parent Relationship": "Outer","Parallel Aware": false,"Async Capable": false,"Startup Cost": 146401.57,"Total Cost": 146401.58,"Plan Rows": 1,"Plan Width": 32,"Actual Startup Time": 294.120,"Actual Total Time": 294.122,"Actual Rows": 1,"Actual Loops": 5,"Workers": [],"Plans": [{"Node Type": "Seq Scan","Parent Relationship": "Outer","Parallel Aware": true,"Async Capable": false,"Relation Name": "lineitem","Alias": "lineitem","Startup Cost": 0.00,"Total Cost": 146259.83,"Plan Rows": 28347,"Plan Width": 12,"Actual Startup Time": 0.086,"Actual Total Time": 289.269,"Actual Rows": 22784,"Actual Loops": 5,"Filter": "((l_shipdate >= '1994-01-01'::date) AND (l_shipdate < '1995-01-01 00:00:00'::timestamp without time zone) AND (l_discount >= 0.07) AND (l_discount <= 0.09) AND (l_quantity < '24'::numeric))","Rows Removed by Filter": 1177459,"Workers": []}]}]}]},"Planning Time": 2.495,"Triggers": [],"Execution Time": 332.775}]
[{"Plan": {"Node Type": "Aggregate","Strategy": "Plain","Partial Mode": "Finalize","Parallel Aware": false,"Async Capable": false,"Startup Cost": 147411.24,"Total Cost": 147411.25,"Plan Rows": 1,"Plan Width": 32,"Actual Startup Time": 306.146,"Actual Total Time": 337.945,"Actual Rows": 1,"Actual Loops": 1,"Plans": [{"Node Type": "Gather","Parent Relationship": "Outer","Parallel Aware": false,"Async Capable": false,"Startup Cost": 147410.81,"Total Cost": 147411.22,"Plan Rows": 4,"Plan Width": 32,"Actual Startup Time": 305.983,"Actual Total Time": 337.923,"Actual Rows": 5,"Actual Loops": 1,"Workers Planned": 4,"Workers Launched": 4,"Single Copy": false,"Plans": [{"Node Type": "Aggregate","Strategy": "Plain","Partial Mode": "Partial","Parent Relationship": "Outer","Parallel Aware": false,"Async Capable": false,"Startup Cost": 146410.81,"Total Cost": 146410.82,"Plan Rows": 1,"Plan Width": 32,"Actual Startup Time": 299.109,"Actual Total Time": 299.111,"Actual Rows": 1,"Actual Loops": 5,"Workers": [],"Plans": [{"Node Type": "Seq Scan","Parent Relationship": "Outer","Parallel Aware": true,"Async Capable": false,"Relation Name": "lineitem","Alias": "lineitem","Startup Cost": 0.00,"Total Cost": 146259.83,"Plan Rows": 30194,"Plan Width": 12,"Actual Startup Time": 0.070,"Actual Total Time": 294.125,"Actual Rows": 23770,"Actual Loops": 5,"Filter": "((l_shipdate >= '1993-01-01'::date) AND (l_shipdate < '1994-01-01 00:00:00'::timestamp without time zone) AND (l_discount >= 0.04) AND (l_discount <= 0.06) AND (l_quantity < '25'::numeric))","Rows Removed by Filter": 1176473,"Workers": []}]}]}]},"Planning Time": 2.759,"Triggers": [],"Execution Time": 338.194}]
[{"Plan": {"Node Type": "Aggregate","Strategy": "Plain","Partial Mode": "Finalize","Parallel Aware": false,"Async Capable": false,"Startup Cost": 147407.47,"Total Cost": 147407.48,"Plan Rows": 1,"Plan Width": 32,"Actual Startup Time": 307.767,"Actual Total Time": 340.781,"Actual Rows": 1,"Actual Loops": 1,"Plans": [{"Node Type": "Gather","Parent Relationship": "Outer","Parallel Aware": false,"Async Capable": false,"Startup Cost": 147407.04,"Total Cost": 147407.45,"Plan Rows": 4,"Plan Width": 32,"Actual Startup Time": 307.543,"Actual Total Time": 340.742,"Actual Rows": 5,"Actual Loops": 1,"Workers Planned": 4,"Workers Launched": 4,"Single Copy": false,"Plans": [{"Node Type": "Aggregate","Strategy": "Plain","Partial Mode": "Partial","Parent Relationship": "Outer","Parallel Aware": false,"Async Capable": false,"Startup Cost": 146407.04,"Total Cost": 146407.05,"Plan Rows": 1,"Plan Width": 32,"Actual Startup Time": 300.346,"Actual Total Time": 300.349,"Actual Rows": 1,"Actual Loops": 5,"Workers": [],"Plans": [{"Node Type": "Seq Scan","Parent Relationship": "Outer","Parallel Aware": true,"Async Capable": false,"Relation Name": "lineitem","Alias": "lineitem","Startup Cost": 0.00,"Total Cost": 146259.83,"Plan Rows": 29441,"Plan Width": 12,"Actual Startup Time": 0.109,"Actual Total Time": 295.462,"Actual Rows": 23021,"Actual Loops": 5,"Filter": "((l_shipdate >= '1995-01-01'::date) AND (l_shipdate < '1996-01-01 00:00:00'::timestamp without time zone) AND (l_discount >= 0.04) AND (l_discount <= 0.06) AND (l_quantity < '24'::numeric))","Rows Removed by Filter": 1177222,"Workers": []}]}]}]},"Planning Time": 2.406,"Triggers": [],"Execution Time": 341.013}]
[{"Plan": {"Node Type": "Aggregate","Strategy": "Plain","Partial Mode": "Finalize","Parallel Aware": false,"Async Capable": false,"Startup Cost": 147407.81,"Total Cost": 147407.82,"Plan Rows": 1,"Plan Width": 32,"Actual Startup Time": 300.645,"Actual Total Time": 333.639,"Actual Rows": 1,"Actual Loops": 1,"Plans": [{"Node Type": "Gather","Parent Relationship": "Outer","Parallel Aware": false,"Async Capable": false,"Startup Cost": 147407.38,"Total Cost": 147407.79,"Plan Rows": 4,"Plan Width": 32,"Actual Startup Time": 300.465,"Actual Total Time": 333.595,"Actual Rows": 5,"Actual Loops": 1,"Workers Planned": 4,"Workers Launched": 4,"Single Copy": false,"Plans": [{"Node Type": "Aggregate","Strategy": "Plain","Partial Mode": "Partial","Parent Relationship": "Outer","Parallel Aware": false,"Async Capable": false,"Startup Cost": 146407.38,"Total Cost": 146407.39,"Plan Rows": 1,"Plan Width": 32,"Actual Startup Time": 293.562,"Actual Total Time": 293.563,"Actual Rows": 1,"Actual Loops": 5,"Workers": [],"Plans": [{"Node Type": "Seq Scan","Parent Relationship": "Outer","Parallel Aware": true,"Async Capable": false,"Relation Name": "lineitem","Alias": "lineitem","Startup Cost": 0.00,"Total Cost": 146259.83,"Plan Rows": 29509,"Plan Width": 12,"Actual Startup Time": 0.062,"Actual Total Time": 288.418,"Actual Rows": 23989,"Actual Loops": 5,"Filter": "((l_shipdate >= '1996-01-01'::date) AND (l_shipdate < '1997-01-01 00:00:00'::timestamp without time zone) AND (l_discount >= 0.08) AND (l_discount <= 0.10) AND (l_quantity < '25'::numeric))","Rows Removed by Filter": 1176254,"Workers": []}]}]}]},"Planning Time": 2.654,"Triggers": [],"Execution Time": 333.850}]
[{"Plan": {"Node Type": "Aggregate","Strategy": "Plain","Partial Mode": "Finalize","Parallel Aware": false,"Async Capable": false,"Startup Cost": 147407.49,"Total Cost": 147407.50,"Plan Rows": 1,"Plan Width": 32,"Actual Startup Time": 306.160,"Actual Total Time": 338.189,"Actual Rows": 1,"Actual Loops": 1,"Plans": [{"Node Type": "Gather","Parent Relationship": "Outer","Parallel Aware": false,"Async Capable": false,"Startup Cost": 147407.06,"Total Cost": 147407.47,"Plan Rows": 4,"Plan Width": 32,"Actual Startup Time": 305.981,"Actual Total Time": 338.158,"Actual Rows": 5,"Actual Loops": 1,"Workers Planned": 4,"Workers Launched": 4,"Single Copy": false,"Plans": [{"Node Type": "Aggregate","Strategy": "Plain","Partial Mode": "Partial","Parent Relationship": "Outer","Parallel Aware": false,"Async Capable": false,"Startup Cost": 146407.06,"Total Cost": 146407.07,"Plan Rows": 1,"Plan Width": 32,"Actual Startup Time": 299.065,"Actual Total Time": 299.067,"Actual Rows": 1,"Actual Loops": 5,"Workers": [],"Plans": [{"Node Type": "Seq Scan","Parent Relationship": "Outer","Parallel Aware": true,"Async Capable": false,"Relation Name": "lineitem","Alias": "lineitem","Startup Cost": 0.00,"Total Cost": 146259.83,"Plan Rows": 29445,"Plan Width": 12,"Actual Startup Time": 0.099,"Actual Total Time": 294.167,"Actual Rows": 22956,"Actual Loops": 5,"Filter": "((l_shipdate >= '1995-01-01'::date) AND (l_shipdate < '1996-01-01 00:00:00'::timestamp without time zone) AND (l_discount >= 0.02) AND (l_discount <= 0.04) AND (l_quantity < '24'::numeric))","Rows Removed by Filter": 1177287,"Workers": []}]}]}]},"Planning Time": 2.819,"Triggers": [],"Execution Time": 338.444}]
[{"Plan": {"Node Type": "Aggregate","Strategy": "Plain","Partial Mode": "Finalize","Parallel Aware": false,"Async Capable": false,"Startup Cost": 147408.98,"Total Cost": 147408.99,"Plan Rows": 1,"Plan Width": 32,"Actual Startup Time": 305.612,"Actual Total Time": 337.547,"Actual Rows": 1,"Actual Loops": 1,"Plans": [{"Node Type": "Gather","Parent Relationship": "Outer","Parallel Aware": false,"Async Capable": false,"Startup Cost": 147408.55,"Total Cost": 147408.96,"Plan Rows": 4,"Plan Width": 32,"Actual Startup Time": 305.438,"Actual Total Time": 337.522,"Actual Rows": 5,"Actual Loops": 1,"Workers Planned": 4,"Workers Launched": 4,"Single Copy": false,"Plans": [{"Node Type": "Aggregate","Strategy": "Plain","Partial Mode": "Partial","Parent Relationship": "Outer","Parallel Aware": false,"Async Capable": false,"Startup Cost": 146408.55,"Total Cost": 146408.56,"Plan Rows": 1,"Plan Width": 32,"Actual Startup Time": 298.406,"Actual Total Time": 298.408,"Actual Rows": 1,"Actual Loops": 5,"Workers": [],"Plans": [{"Node Type": "Seq Scan","Parent Relationship": "Outer","Parallel Aware": true,"Async Capable": false,"Relation Name": "lineitem","Alias": "lineitem","Startup Cost": 0.00,"Total Cost": 146259.83,"Plan Rows": 29742,"Plan Width": 12,"Actual Startup Time": 0.072,"Actual Total Time": 293.199,"Actual Rows": 23896,"Actual Loops": 5,"Filter": "((l_shipdate >= '1996-01-01'::date) AND (l_shipdate < '1997-01-01 00:00:00'::timestamp without time zone) AND (l_discount >= 0.07) AND (l_discount <= 0.09) AND (l_quantity < '25'::numeric))","Rows Removed by Filter": 1176347,"Workers": []}]}]}]},"Planning Time": 2.716,"Triggers": [],"Execution Time": 337.735}]
[{"Plan": {"Node Type": "Aggregate","Strategy": "Plain","Partial Mode": "Finalize","Parallel Aware": false,"Async Capable": false,"Startup Cost": 147409.58,"Total Cost": 147409.59,"Plan Rows": 1,"Plan Width": 32,"Actual Startup Time": 301.600,"Actual Total Time": 333.793,"Actual Rows": 1,"Actual Loops": 1,"Plans": [{"Node Type": "Gather","Parent Relationship": "Outer","Parallel Aware": false,"Async Capable": false,"Startup Cost": 147409.15,"Total Cost": 147409.56,"Plan Rows": 4,"Plan Width": 32,"Actual Startup Time": 301.384,"Actual Total Time": 333.756,"Actual Rows": 5,"Actual Loops": 1,"Workers Planned": 4,"Workers Launched": 4,"Single Copy": false,"Plans": [{"Node Type": "Aggregate","Strategy": "Plain","Partial Mode": "Partial","Parent Relationship": "Outer","Parallel Aware": false,"Async Capable": false,"Startup Cost": 146409.15,"Total Cost": 146409.16,"Plan Rows": 1,"Plan Width": 32,"Actual Startup Time": 294.153,"Actual Total Time": 294.156,"Actual Rows": 1,"Actual Loops": 5,"Workers": [],"Plans": [{"Node Type": "Seq Scan","Parent Relationship": "Outer","Parallel Aware": true,"Async Capable": false,"Relation Name": "lineitem","Alias": "lineitem","Startup Cost": 0.00,"Total Cost": 146259.83,"Plan Rows": 29862,"Plan Width": 12,"Actual Startup Time": 0.097,"Actual Total Time": 289.096,"Actual Rows": 23940,"Actual Loops": 5,"Filter": "((l_shipdate >= '1996-01-01'::date) AND (l_shipdate < '1997-01-01 00:00:00'::timestamp without time zone) AND (l_discount >= 0.02) AND (l_discount <= 0.04) AND (l_quantity < '25'::numeric))","Rows Removed by Filter": 1176303,"Workers": []}]}]}]},"Planning Time": 2.766,"Triggers": [],"Execution Time": 334.034}]
[{"Plan": {"Node Type": "Aggregate","Strategy": "Plain","Partial Mode": "Finalize","Parallel Aware": false,"Async Capable": false,"Startup Cost": 147402.78,"Total Cost": 147402.79,"Plan Rows": 1,"Plan Width": 32,"Actual Startup Time": 312.656,"Actual Total Time": 344.675,"Actual Rows": 1,"Actual Loops": 1,"Plans": [{"Node Type": "Gather","Parent Relationship": "Outer","Parallel Aware": false,"Async Capable": false,"Startup Cost": 147402.35,"Total Cost": 147402.76,"Plan Rows": 4,"Plan Width": 32,"Actual Startup Time": 312.490,"Actual Total Time": 344.644,"Actual Rows": 5,"Actual Loops": 1,"Workers Planned": 4,"Workers Launched": 4,"Single Copy": false,"Plans": [{"Node Type": "Aggregate","Strategy": "Plain","Partial Mode": "Partial","Parent Relationship": "Outer","Parallel Aware": false,"Async Capable": false,"Startup Cost": 146402.35,"Total Cost": 146402.36,"Plan Rows": 1,"Plan Width": 32,"Actual Startup Time": 305.317,"Actual Total Time": 305.318,"Actual Rows": 1,"Actual Loops": 5,"Workers": [],"Plans": [{"Node Type": "Seq Scan","Parent Relationship": "Outer","Parallel Aware": true,"Async Capable": false,"Relation Name": "lineitem","Alias": "lineitem","Startup Cost": 0.00,"Total Cost": 146259.83,"Plan Rows": 28502,"Plan Width": 12,"Actual Startup Time": 0.102,"Actual Total Time": 300.135,"Actual Rows": 22886,"Actual Loops": 5,"Filter": "((l_shipdate >= '1996-01-01'::date) AND (l_shipdate < '1997-01-01 00:00:00'::timestamp without time zone) AND (l_discount >= 0.07) AND (l_discount <= 0.09) AND (l_quantity < '24'::numeric))","Rows Removed by Filter": 1177357,"Workers": []}]}]}]},"Planning Time": 2.959,"Triggers": [],"Execution Time": 344.931}]
[{"Plan": {"Node Type": "Aggregate","Strategy": "Plain","Partial Mode": "Finalize","Parallel Aware": false,"Async Capable": false,"Startup Cost": 147409.47,"Total Cost": 147409.48,"Plan Rows": 1,"Plan Width": 32,"Actual Startup Time": 304.472,"Actual Total Time": 337.614,"Actual Rows": 1,"Actual Loops": 1,"Plans": [{"Node Type": "Gather","Parent Relationship": "Outer","Parallel Aware": false,"Async Capable": false,"Startup Cost": 147409.04,"Total Cost": 147409.45,"Plan Rows": 4,"Plan Width": 32,"Actual Startup Time": 304.285,"Actual Total Time": 337.579,"Actual Rows": 5,"Actual Loops": 1,"Workers Planned": 4,"Workers Launched": 4,"Single Copy": false,"Plans": [{"Node Type": "Aggregate","Strategy": "Plain","Partial Mode": "Partial","Parent Relationship": "Outer","Parallel Aware": false,"Async Capable": false,"Startup Cost": 146409.04,"Total Cost": 146409.05,"Plan Rows": 1,"Plan Width": 32,"Actual Startup Time": 296.729,"Actual Total Time": 296.730,"Actual Rows": 1,"Actual Loops": 5,"Workers": [],"Plans": [{"Node Type": "Seq Scan","Parent Relationship": "Outer","Parallel Aware": true,"Async Capable": false,"Relation Name": "lineitem","Alias": "lineitem","Startup Cost": 0.00,"Total Cost": 146259.83,"Plan Rows": 29840,"Plan Width": 12,"Actual Startup Time": 0.139,"Actual Total Time": 291.608,"Actual Rows": 23879,"Actual Loops": 5,"Filter": "((l_shipdate >= '1993-01-01'::date) AND (l_shipdate < '1994-01-01 00:00:00'::timestamp without time zone) AND (l_discount >= 0.08) AND (l_discount <= 0.10) AND (l_quantity < '25'::numeric))","Rows Removed by Filter": 1176364,"Workers": []}]}]}]},"Planning Time": 2.798,"Triggers": [],"Execution Time": 337.873}]
[{"Plan": {"Node Type": "Aggregate","Strategy": "Plain","Partial Mode": "Finalize","Parallel Aware": false,"Async Capable": false,"Startup Cost": 147411.24,"Total Cost": 147411.25,"Plan Rows": 1,"Plan Width": 32,"Actual Startup Time": 306.146,"Actual Total Time": 337.945,"Actual Rows": 1,"Actual Loops": 1,"Plans": [{"Node Type": "Gather","Parent Relationship": "Outer","Parallel Aware": false,"Async Capable": false,"Startup Cost": 147410.81,"Total Cost": 147411.22,"Plan Rows": 4,"Plan Width": 32,"Actual Startup Time": 305.983,"Actual Total Time": 337.923,"Actual Rows": 5,"Actual Loops": 1,"Workers Planned": 4,"Workers Launched": 4,"Single Copy": false,"Plans": [{"Node Type": "Aggregate","Strategy": "Plain","Partial Mode": "Partial","Parent Relationship": "Outer","Parallel Aware": false,"Async Capable": false,"Startup Cost": 146410.81,"Total Cost": 146410.82,"Plan Rows": 1,"Plan Width": 32,"Actual Startup Time": 299.109,"Actual Total Time": 299.111,"Actual Rows": 1,"Actual Loops": 5,"Workers": [],"Plans": [{"Node Type": "Seq Scan","Parent Relationship": "Outer","Parallel Aware": true,"Async Capable": false,"Relation Name": "lineitem","Alias": "lineitem","Startup Cost": 0.00,"Total Cost": 146259.83,"Plan Rows": 30194,"Plan Width": 12,"Actual Startup Time": 0.070,"Actual Total Time": 294.125,"Actual Rows": 23770,"Actual Loops": 5,"Filter": "((l_shipdate >= '1993-01-01'::date) AND (l_shipdate < '1994-01-01 00:00:00'::timestamp without time zone) AND (l_discount >= 0.04) AND (l_discount <= 0.06) AND (l_quantity < '25'::numeric))","Rows Removed by Filter": 1176473,"Workers": []}]}]}]},"Planning Time": 2.759,"Triggers": [],"Execution Time": 338.194}]
[{"Plan": {"Node Type": "Aggregate","Strategy": "Plain","Partial Mode": "Finalize","Parallel Aware": false,"Async Capable": false,"Startup Cost": 147402.00,"Total Cost": 147402.01,"Plan Rows": 1,"Plan Width": 32,"Actual Startup Time": 301.179,"Actual Total Time": 332.557,"Actual Rows": 1,"Actual Loops": 1,"Plans": [{"Node Type": "Gather","Parent Relationship": "Outer","Parallel Aware": false,"Async Capable": false,"Startup Cost": 147401.57,"Total Cost": 147401.98,"Plan Rows": 4,"Plan Width": 32,"Actual Startup Time": 300.979,"Actual Total Time": 332.537,"Actual Rows": 5,"Actual Loops": 1,"Workers Planned": 4,"Workers Launched": 4,"Single Copy": false,"Plans": [{"Node Type": "Aggregate","Strategy": "Plain","Partial Mode": "Partial","Parent Relationship": "Outer","Parallel Aware": false,"Async Capable": false,"Startup Cost": 146401.57,"Total Cost": 146401.58,"Plan Rows": 1,"Plan Width": 32,"Actual Startup Time": 294.120,"Actual Total Time": 294.122,"Actual Rows": 1,"Actual Loops": 5,"Workers": [],"Plans": [{"Node Type": "Seq Scan","Parent Relationship": "Outer","Parallel Aware": true,"Async Capable": false,"Relation Name": "lineitem","Alias": "lineitem","Startup Cost": 0.00,"Total Cost": 146259.83,"Plan Rows": 28347,"Plan Width": 12,"Actual Startup Time": 0.086,"Actual Total Time": 289.269,"Actual Rows": 22784,"Actual Loops": 5,"Filter": "((l_shipdate >= '1994-01-01'::date) AND (l_shipdate < '1995-01-01 00:00:00'::timestamp without time zone) AND (l_discount >= 0.07) AND (l_discount <= 0.09) AND (l_quantity < '24'::numeric))","Rows Removed by Filter": 1177459,"Workers": []}]}]}]},"Planning Time": 2.495,"Triggers": [],"Execution Time": 332.775}]
[{"Plan": {"Node Type": "Aggregate","Strategy": "Plain","Partial Mode": "Finalize","Parallel Aware": false,"Async Capable": false,"Startup Cost": 147408.19,"Total Cost": 147408.20,"Plan Rows": 1,"Plan Width": 32,"Actual Startup Time": 299.689,"Actual Total Time": 332.024,"Actual Rows": 1,"Actual Loops": 1,"Plans": [{"Node Type": "Gather","Parent Relationship": "Outer","Parallel Aware": false,"Async Capable": false,"Startup Cost": 147407.76,"Total Cost": 147408.17,"Plan Rows": 4,"Plan Width": 32,"Actual Startup Time": 299.534,"Actual Total Time": 331.996,"Actual Rows": 5,"Actual Loops": 1,"Workers Planned": 4,"Workers Launched": 4,"Single Copy": false,"Plans": [{"Node Type": "Aggregate","Strategy": "Plain","Partial Mode": "Partial","Parent Relationship": "Outer","Parallel Aware": false,"Async Capable": false,"Startup Cost": 146407.76,"Total Cost": 146407.77,"Plan Rows": 1,"Plan Width": 32,"Actual Startup Time": 293.029,"Actual Total Time": 293.030,"Actual Rows": 1,"Actual Loops": 5,"Workers": [],"Plans": [{"Node Type": "Seq Scan","Parent Relationship": "Outer","Parallel Aware": true,"Async Capable": false,"Relation Name": "lineitem","Alias": "lineitem","Startup Cost": 0.00,"Total Cost": 146259.83,"Plan Rows": 29584,"Plan Width": 12,"Actual Startup Time": 0.080,"Actual Total Time": 288.000,"Actual Rows": 23893,"Actual Loops": 5,"Filter": "((l_shipdate >= '1997-01-01'::date) AND (l_shipdate < '1998-01-01 00:00:00'::timestamp without time zone) AND (l_discount >= 0.03) AND (l_discount <= 0.05) AND (l_quantity < '25'::numeric))","Rows Removed by Filter": 1176350,"Workers": []}]}]}]},"Planning Time": 2.271,"Triggers": [],"Execution Time": 332.248}]
[{"Plan": {"Node Type": "Aggregate","Strategy": "Plain","Partial Mode": "Finalize","Parallel Aware": false,"Async Capable": false,"Startup Cost": 147409.89,"Total Cost": 147409.90,"Plan Rows": 1,"Plan Width": 32,"Actual Startup Time": 296.254,"Actual Total Time": 329.426,"Actual Rows": 1,"Actual Loops": 1,"Plans": [{"Node Type": "Gather","Parent Relationship": "Outer","Parallel Aware": false,"Async Capable": false,"Startup Cost": 147409.46,"Total Cost": 147409.87,"Plan Rows": 4,"Plan Width": 32,"Actual Startup Time": 296.064,"Actual Total Time": 329.390,"Actual Rows": 5,"Actual Loops": 1,"Workers Planned": 4,"Workers Launched": 4,"Single Copy": false,"Plans": [{"Node Type": "Aggregate","Strategy": "Plain","Partial Mode": "Partial","Parent Relationship": "Outer","Parallel Aware": false,"Async Capable": false,"Startup Cost": 146409.46,"Total Cost": 146409.47,"Plan Rows": 1,"Plan Width": 32,"Actual Startup Time": 289.518,"Actual Total Time": 289.520,"Actual Rows": 1,"Actual Loops": 5,"Workers": [],"Plans": [{"Node Type": "Seq Scan","Parent Relationship": "Outer","Parallel Aware": true,"Async Capable": false,"Relation Name": "lineitem","Alias": "lineitem","Startup Cost": 0.00,"Total Cost": 146259.83,"Plan Rows": 29924,"Plan Width": 12,"Actual Startup Time": 0.081,"Actual Total Time": 284.410,"Actual Rows": 23821,"Actual Loops": 5,"Filter": "((l_shipdate >= '1996-01-01'::date) AND (l_shipdate < '1997-01-01 00:00:00'::timestamp without time zone) AND (l_discount >= 0.06) AND (l_discount <= 0.08) AND (l_quantity < '25'::numeric))","Rows Removed by Filter": 1176422,"Workers": []}]}]}]},"Planning Time": 2.378,"Triggers": [],"Execution Time": 329.647}]
[{"Plan": {"Node Type": "Aggregate","Strategy": "Plain","Partial Mode": "Finalize","Parallel Aware": false,"Async Capable": false,"Startup Cost": 147402.02,"Total Cost": 147402.03,"Plan Rows": 1,"Plan Width": 32,"Actual Startup Time": 299.953,"Actual Total Time": 333.188,"Actual Rows": 1,"Actual Loops": 1,"Plans": [{"Node Type": "Gather","Parent Relationship": "Outer","Parallel Aware": false,"Async Capable": false,"Startup Cost": 147401.59,"Total Cost": 147402.00,"Plan Rows": 4,"Plan Width": 32,"Actual Startup Time": 299.787,"Actual Total Time": 333.162,"Actual Rows": 5,"Actual Loops": 1,"Workers Planned": 4,"Workers Launched": 4,"Single Copy": false,"Plans": [{"Node Type": "Aggregate","Strategy": "Plain","Partial Mode": "Partial","Parent Relationship": "Outer","Parallel Aware": false,"Async Capable": false,"Startup Cost": 146401.59,"Total Cost": 146401.60,"Plan Rows": 1,"Plan Width": 32,"Actual Startup Time": 293.164,"Actual Total Time": 293.166,"Actual Rows": 1,"Actual Loops": 5,"Workers": [],"Plans": [{"Node Type": "Seq Scan","Parent Relationship": "Outer","Parallel Aware": true,"Async Capable": false,"Relation Name": "lineitem","Alias": "lineitem","Startup Cost": 0.00,"Total Cost": 146259.83,"Plan Rows": 28351,"Plan Width": 12,"Actual Startup Time": 0.093,"Actual Total Time": 288.241,"Actual Rows": 22913,"Actual Loops": 5,"Filter": "((l_shipdate >= '1997-01-01'::date) AND (l_shipdate < '1998-01-01 00:00:00'::timestamp without time zone) AND (l_discount >= 0.03) AND (l_discount <= 0.05) AND (l_quantity < '24'::numeric))","Rows Removed by Filter": 1177330,"Workers": []}]}]}]},"Planning Time": 2.128,"Triggers": [],"Execution Time": 333.386}]
[{"Plan": {"Node Type": "Aggregate","Strategy": "Plain","Partial Mode": "Finalize","Parallel Aware": false,"Async Capable": false,"Startup Cost": 147413.89,"Total Cost": 147413.90,"Plan Rows": 1,"Plan Width": 32,"Actual Startup Time": 308.030,"Actual Total Time": 341.362,"Actual Rows": 1,"Actual Loops": 1,"Plans": [{"Node Type": "Gather","Parent Relationship": "Outer","Parallel Aware": false,"Async Capable": false,"Startup Cost": 147413.46,"Total Cost": 147413.87,"Plan Rows": 4,"Plan Width": 32,"Actual Startup Time": 307.843,"Actual Total Time": 341.338,"Actual Rows": 5,"Actual Loops": 1,"Workers Planned": 4,"Workers Launched": 4,"Single Copy": false,"Plans": [{"Node Type": "Aggregate","Strategy": "Plain","Partial Mode": "Partial","Parent Relationship": "Outer","Parallel Aware": false,"Async Capable": false,"Startup Cost": 146413.46,"Total Cost": 146413.47,"Plan Rows": 1,"Plan Width": 32,"Actual Startup Time": 301.033,"Actual Total Time": 301.035,"Actual Rows": 1,"Actual Loops": 5,"Workers": [],"Plans": [{"Node Type": "Seq Scan","Parent Relationship": "Outer","Parallel Aware": true,"Async Capable": false,"Relation Name": "lineitem","Alias": "lineitem","Startup Cost": 0.00,"Total Cost": 146259.83,"Plan Rows": 30725,"Plan Width": 12,"Actual Startup Time": 0.091,"Actual Total Time": 295.781,"Actual Rows": 23959,"Actual Loops": 5,"Filter": "((l_shipdate >= '1995-01-01'::date) AND (l_shipdate < '1996-01-01 00:00:00'::timestamp without time zone) AND (l_discount >= 0.02) AND (l_discount <= 0.04) AND (l_quantity < '25'::numeric))","Rows Removed by Filter": 1176284,"Workers": []}]}]}]},"Planning Time": 2.081,"Triggers": [],"Execution Time": 341.555}]
[{"Plan": {"Node Type": "Aggregate","Strategy": "Plain","Partial Mode": "Finalize","Parallel Aware": false,"Async Capable": false,"Startup Cost": 147401.73,"Total Cost": 147401.74,"Plan Rows": 1,"Plan Width": 32,"Actual Startup Time": 301.810,"Actual Total Time": 334.490,"Actual Rows": 1,"Actual Loops": 1,"Plans": [{"Node Type": "Gather","Parent Relationship": "Outer","Parallel Aware": false,"Async Capable": false,"Startup Cost": 147401.30,"Total Cost": 147401.71,"Plan Rows": 4,"Plan Width": 32,"Actual Startup Time": 301.661,"Actual Total Time": 334.445,"Actual Rows": 5,"Actual Loops": 1,"Workers Planned": 4,"Workers Launched": 4,"Single Copy": false,"Plans": [{"Node Type": "Aggregate","Strategy": "Plain","Partial Mode": "Partial","Parent Relationship": "Outer","Parallel Aware": false,"Async Capable": false,"Startup Cost": 146401.30,"Total Cost": 146401.31,"Plan Rows": 1,"Plan Width": 32,"Actual Startup Time": 294.744,"Actual Total Time": 294.746,"Actual Rows": 1,"Actual Loops": 5,"Workers": [],"Plans": [{"Node Type": "Seq Scan","Parent Relationship": "Outer","Parallel Aware": true,"Async Capable": false,"Relation Name": "lineitem","Alias": "lineitem","Startup Cost": 0.00,"Total Cost": 146259.83,"Plan Rows": 28292,"Plan Width": 12,"Actual Startup Time": 0.071,"Actual Total Time": 289.877,"Actual Rows": 22841,"Actual Loops": 5,"Filter": "((l_shipdate >= '1997-01-01'::date) AND (l_shipdate < '1998-01-01 00:00:00'::timestamp without time zone) AND (l_discount >= 0.08) AND (l_discount <= 0.10) AND (l_quantity < '24'::numeric))","Rows Removed by Filter": 1177402,"Workers": []}]}]}]},"Planning Time": 2.944,"Triggers": [],"Execution Time": 334.671}]
[{"Plan": {"Node Type": "Aggregate","Strategy": "Plain","Partial Mode": "Finalize","Parallel Aware": false,"Async Capable": false,"Startup Cost": 147407.47,"Total Cost": 147407.48,"Plan Rows": 1,"Plan Width": 32,"Actual Startup Time": 307.767,"Actual Total Time": 340.781,"Actual Rows": 1,"Actual Loops": 1,"Plans": [{"Node Type": "Gather","Parent Relationship": "Outer","Parallel Aware": false,"Async Capable": false,"Startup Cost": 147407.04,"Total Cost": 147407.45,"Plan Rows": 4,"Plan Width": 32,"Actual Startup Time": 307.543,"Actual Total Time": 340.742,"Actual Rows": 5,"Actual Loops": 1,"Workers Planned": 4,"Workers Launched": 4,"Single Copy": false,"Plans": [{"Node Type": "Aggregate","Strategy": "Plain","Partial Mode": "Partial","Parent Relationship": "Outer","Parallel Aware": false,"Async Capable": false,"Startup Cost": 146407.04,"Total Cost": 146407.05,"Plan Rows": 1,"Plan Width": 32,"Actual Startup Time": 300.346,"Actual Total Time": 300.349,"Actual Rows": 1,"Actual Loops": 5,"Workers": [],"Plans": [{"Node Type": "Seq Scan","Parent Relationship": "Outer","Parallel Aware": true,"Async Capable": false,"Relation Name": "lineitem","Alias": "lineitem","Startup Cost": 0.00,"Total Cost": 146259.83,"Plan Rows": 29441,"Plan Width": 12,"Actual Startup Time": 0.109,"Actual Total Time": 295.462,"Actual Rows": 23021,"Actual Loops": 5,"Filter": "((l_shipdate >= '1995-01-01'::date) AND (l_shipdate < '1996-01-01 00:00:00'::timestamp without time zone) AND (l_discount >= 0.04) AND (l_discount <= 0.06) AND (l_quantity < '24'::numeric))","Rows Removed by Filter": 1177222,"Workers": []}]}]}]},"Planning Time": 2.406,"Triggers": [],"Execution Time": 341.013}]
[{"Plan": {"Node Type": "Aggregate","Strategy": "Plain","Partial Mode": "Finalize","Parallel Aware": false,"Async Capable": false,"Startup Cost": 147407.88,"Total Cost": 147407.89,"Plan Rows": 1,"Plan Width": 32,"Actual Startup Time": 303.094,"Actual Total Time": 335.189,"Actual Rows": 1,"Actual Loops": 1,"Plans": [{"Node Type": "Gather","Parent Relationship": "Outer","Parallel Aware": false,"Async Capable": false,"Startup Cost": 147407.45,"Total Cost": 147407.86,"Plan Rows": 4,"Plan Width": 32,"Actual Startup Time": 302.935,"Actual Total Time": 335.157,"Actual Rows": 5,"Actual Loops": 1,"Workers Planned": 4,"Workers Launched": 4,"Single Copy": false,"Plans": [{"Node Type": "Aggregate","Strategy": "Plain","Partial Mode": "Partial","Parent Relationship": "Outer","Parallel Aware": false,"Async Capable": false,"Startup Cost": 146407.45,"Total Cost": 146407.46,"Plan Rows": 1,"Plan Width": 32,"Actual Startup Time": 295.477,"Actual Total Time": 295.478,"Actual Rows": 1,"Actual Loops": 5,"Workers": [],"Plans": [{"Node Type": "Seq Scan","Parent Relationship": "Outer","Parallel Aware": true,"Async Capable": false,"Relation Name": "lineitem","Alias": "lineitem","Startup Cost": 0.00,"Total Cost": 146259.83,"Plan Rows": 29522,"Plan Width": 12,"Actual Startup Time": 0.085,"Actual Total Time": 290.372,"Actual Rows": 23823,"Actual Loops": 5,"Filter": "((l_shipdate >= '1997-01-01'::date) AND (l_shipdate < '1998-01-01 00:00:00'::timestamp without time zone) AND (l_discount >= 0.08) AND (l_discount <= 0.10) AND (l_quantity < '25'::numeric))","Rows Removed by Filter": 1176420,"Workers": []}]}]}]},"Planning Time": 2.625,"Triggers": [],"Execution Time": 335.461}]
[{"Plan": {"Node Type": "Aggregate","Strategy": "Plain","Partial Mode": "Finalize","Parallel Aware": false,"Async Capable": false,"Startup Cost": 147404.96,"Total Cost": 147404.97,"Plan Rows": 1,"Plan Width": 32,"Actual Startup Time": 299.862,"Actual Total Time": 331.928,"Actual Rows": 1,"Actual Loops": 1,"Plans": [{"Node Type": "Gather","Parent Relationship": "Outer","Parallel Aware": false,"Async Capable": false,"Startup Cost": 147404.53,"Total Cost": 147404.94,"Plan Rows": 4,"Plan Width": 32,"Actual Startup Time": 299.670,"Actual Total Time": 331.889,"Actual Rows": 5,"Actual Loops": 1,"Workers Planned": 4,"Workers Launched": 4,"Single Copy": false,"Plans": [{"Node Type": "Aggregate","Strategy": "Plain","Partial Mode": "Partial","Parent Relationship": "Outer","Parallel Aware": false,"Async Capable": false,"Startup Cost": 146404.53,"Total Cost": 146404.54,"Plan Rows": 1,"Plan Width": 32,"Actual Startup Time": 293.003,"Actual Total Time": 293.008,"Actual Rows": 1,"Actual Loops": 5,"Workers": [],"Plans": [{"Node Type": "Seq Scan","Parent Relationship": "Outer","Parallel Aware": true,"Async Capable": false,"Relation Name": "lineitem","Alias": "lineitem","Startup Cost": 0.00,"Total Cost": 146259.83,"Plan Rows": 28939,"Plan Width": 12,"Actual Startup Time": 0.132,"Actual Total Time": 288.212,"Actual Rows": 22676,"Actual Loops": 5,"Filter": "((l_shipdate >= '1993-01-01'::date) AND (l_shipdate < '1994-01-01 00:00:00'::timestamp without time zone) AND (l_discount >= 0.02) AND (l_discount <= 0.04) AND (l_quantity < '24'::numeric))","Rows Removed by Filter": 1177567,"Workers": []}]}]}]},"Planning Time": 2.656,"Triggers": [],"Execution Time": 332.192}]
[{"Plan": {"Node Type": "Aggregate","Strategy": "Plain","Partial Mode": "Finalize","Parallel Aware": false,"Async Capable": false,"Startup Cost": 147410.52,"Total Cost": 147410.53,"Plan Rows": 1,"Plan Width": 32,"Actual Startup Time": 313.792,"Actual Total Time": 346.158,"Actual Rows": 1,"Actual Loops": 1,"Plans": [{"Node Type": "Gather","Parent Relationship": "Outer","Parallel Aware": false,"Async Capable": false,"Startup Cost": 147410.09,"Total Cost": 147410.50,"Plan Rows": 4,"Plan Width": 32,"Actual Startup Time": 313.589,"Actual Total Time": 346.120,"Actual Rows": 5,"Actual Loops": 1,"Workers Planned": 4,"Workers Launched": 4,"Single Copy": false,"Plans": [{"Node Type": "Aggregate","Strategy": "Plain","Partial Mode": "Partial","Parent Relationship": "Outer","Parallel Aware": false,"Async Capable": false,"Startup Cost": 146410.09,"Total Cost": 146410.10,"Plan Rows": 1,"Plan Width": 32,"Actual Startup Time": 306.243,"Actual Total Time": 306.244,"Actual Rows": 1,"Actual Loops": 5,"Workers": [],"Plans": [{"Node Type": "Seq Scan","Parent Relationship": "Outer","Parallel Aware": true,"Async Capable": false,"Relation Name": "lineitem","Alias": "lineitem","Startup Cost": 0.00,"Total Cost": 146259.83,"Plan Rows": 30051,"Plan Width": 12,"Actual Startup Time": 0.075,"Actual Total Time": 301.192,"Actual Rows": 23937,"Actual Loops": 5,"Filter": "((l_shipdate >= '1996-01-01'::date) AND (l_shipdate < '1997-01-01 00:00:00'::timestamp without time zone) AND (l_discount >= 0.01) AND (l_discount <= 0.03) AND (l_quantity < '25'::numeric))","Rows Removed by Filter": 1176306,"Workers": []}]}]}]},"Planning Time": 2.507,"Triggers": [],"Execution Time": 346.410}]
[{"Plan": {"Node Type": "Aggregate","Strategy": "Plain","Partial Mode": "Finalize","Parallel Aware": false,"Async Capable": false,"Startup Cost": 147411.57,"Total Cost": 147411.58,"Plan Rows": 1,"Plan Width": 32,"Actual Startup Time": 305.127,"Actual Total Time": 338.310,"Actual Rows": 1,"Actual Loops": 1,"Plans": [{"Node Type": "Gather","Parent Relationship": "Outer","Parallel Aware": false,"Async Capable": false,"Startup Cost": 147411.14,"Total Cost": 147411.55,"Plan Rows": 4,"Plan Width": 32,"Actual Startup Time": 304.951,"Actual Total Time": 338.280,"Actual Rows": 5,"Actual Loops": 1,"Workers Planned": 4,"Workers Launched": 4,"Single Copy": false,"Plans": [{"Node Type": "Aggregate","Strategy": "Plain","Partial Mode": "Partial","Parent Relationship": "Outer","Parallel Aware": false,"Async Capable": false,"Startup Cost": 146411.14,"Total Cost": 146411.15,"Plan Rows": 1,"Plan Width": 32,"Actual Startup Time": 298.060,"Actual Total Time": 298.064,"Actual Rows": 1,"Actual Loops": 5,"Workers": [],"Plans": [{"Node Type": "Seq Scan","Parent Relationship": "Outer","Parallel Aware": true,"Async Capable": false,"Relation Name": "lineitem","Alias": "lineitem","Startup Cost": 0.00,"Total Cost": 146259.83,"Plan Rows": 30260,"Plan Width": 12,"Actual Startup Time": 0.091,"Actual Total Time": 293.071,"Actual Rows": 23842,"Actual Loops": 5,"Filter": "((l_shipdate >= '1993-01-01'::date) AND (l_shipdate < '1994-01-01 00:00:00'::timestamp without time zone) AND (l_discount >= 0.06) AND (l_discount <= 0.08) AND (l_quantity < '25'::numeric))","Rows Removed by Filter": 1176401,"Workers": []}]}]}]},"Planning Time": 2.468,"Triggers": [],"Execution Time": 338.525}]
[{"Plan": {"Node Type": "Aggregate","Strategy": "Plain","Partial Mode": "Finalize","Parallel Aware": false,"Async Capable": false,"Startup Cost": 147413.28,"Total Cost": 147413.29,"Plan Rows": 1,"Plan Width": 32,"Actual Startup Time": 304.234,"Actual Total Time": 336.730,"Actual Rows": 1,"Actual Loops": 1,"Plans": [{"Node Type": "Gather","Parent Relationship": "Outer","Parallel Aware": false,"Async Capable": false,"Startup Cost": 147412.85,"Total Cost": 147413.26,"Plan Rows": 4,"Plan Width": 32,"Actual Startup Time": 304.079,"Actual Total Time": 336.704,"Actual Rows": 5,"Actual Loops": 1,"Workers Planned": 4,"Workers Launched": 4,"Single Copy": false,"Plans": [{"Node Type": "Aggregate","Strategy": "Plain","Partial Mode": "Partial","Parent Relationship": "Outer","Parallel Aware": false,"Async Capable": false,"Startup Cost": 146412.85,"Total Cost": 146412.86,"Plan Rows": 1,"Plan Width": 32,"Actual Startup Time": 297.451,"Actual Total Time": 297.454,"Actual Rows": 1,"Actual Loops": 5,"Workers": [],"Plans": [{"Node Type": "Seq Scan","Parent Relationship": "Outer","Parallel Aware": true,"Async Capable": false,"Relation Name": "lineitem","Alias": "lineitem","Startup Cost": 0.00,"Total Cost": 146259.83,"Plan Rows": 30602,"Plan Width": 12,"Actual Startup Time": 0.064,"Actual Total Time": 292.466,"Actual Rows": 23856,"Actual Loops": 5,"Filter": "((l_shipdate >= '1995-01-01'::date) AND (l_shipdate < '1996-01-01 00:00:00'::timestamp without time zone) AND (l_discount >= 0.07) AND (l_discount <= 0.09) AND (l_quantity < '25'::numeric))","Rows Removed by Filter": 1176387,"Workers": []}]}]}]},"Planning Time": 2.470,"Triggers": [],"Execution Time": 336.964}]
[{"Plan": {"Node Type": "Aggregate","Strategy": "Plain","Partial Mode": "Finalize","Parallel Aware": false,"Async Capable": false,"Startup Cost": 147403.25,"Total Cost": 147403.26,"Plan Rows": 1,"Plan Width": 32,"Actual Startup Time": 299.656,"Actual Total Time": 331.893,"Actual Rows": 1,"Actual Loops": 1,"Plans": [{"Node Type": "Gather","Parent Relationship": "Outer","Parallel Aware": false,"Async Capable": false,"Startup Cost": 147402.82,"Total Cost": 147403.23,"Plan Rows": 4,"Plan Width": 32,"Actual Startup Time": 299.497,"Actual Total Time": 331.872,"Actual Rows": 5,"Actual Loops": 1,"Workers Planned": 4,"Workers Launched": 4,"Single Copy": false,"Plans": [{"Node Type": "Aggregate","Strategy": "Plain","Partial Mode": "Partial","Parent Relationship": "Outer","Parallel Aware": false,"Async Capable": false,"Startup Cost": 146402.82,"Total Cost": 146402.83,"Plan Rows": 1,"Plan Width": 32,"Actual Startup Time": 292.955,"Actual Total Time": 292.957,"Actual Rows": 1,"Actual Loops": 5,"Workers": [],"Plans": [{"Node Type": "Seq Scan","Parent Relationship": "Outer","Parallel Aware": true,"Async Capable": false,"Relation Name": "lineitem","Alias": "lineitem","Startup Cost": 0.00,"Total Cost": 146259.83,"Plan Rows": 28596,"Plan Width": 12,"Actual Startup Time": 0.107,"Actual Total Time": 288.136,"Actual Rows": 22884,"Actual Loops": 5,"Filter": "((l_shipdate >= '1993-01-01'::date) AND (l_shipdate < '1994-01-01 00:00:00'::timestamp without time zone) AND (l_discount >= 0.08) AND (l_discount <= 0.10) AND (l_quantity < '24'::numeric))","Rows Removed by Filter": 1177359,"Workers": []}]}]}]},"Planning Time": 2.478,"Triggers": [],"Execution Time": 332.115}]
[{"Plan": {"Node Type": "Aggregate","Strategy": "Plain","Partial Mode": "Finalize","Parallel Aware": false,"Async Capable": false,"Startup Cost": 147401.97,"Total Cost": 147401.98,"Plan Rows": 1,"Plan Width": 32,"Actual Startup Time": 301.060,"Actual Total Time": 332.431,"Actual Rows": 1,"Actual Loops": 1,"Plans": [{"Node Type": "Gather","Parent Relationship": "Outer","Parallel Aware": false,"Async Capable": false,"Startup Cost": 147401.54,"Total Cost": 147401.95,"Plan Rows": 4,"Plan Width": 32,"Actual Startup Time": 300.837,"Actual Total Time": 332.404,"Actual Rows": 5,"Actual Loops": 1,"Workers Planned": 4,"Workers Launched": 4,"Single Copy": false,"Plans": [{"Node Type": "Aggregate","Strategy": "Plain","Partial Mode": "Partial","Parent Relationship": "Outer","Parallel Aware": false,"Async Capable": false,"Startup Cost": 146401.54,"Total Cost": 146401.55,"Plan Rows": 1,"Plan Width": 32,"Actual Startup Time": 294.645,"Actual Total Time": 294.646,"Actual Rows": 1,"Actual Loops": 5,"Workers": [],"Plans": [{"Node Type": "Seq Scan","Parent Relationship": "Outer","Parallel Aware": true,"Async Capable": false,"Relation Name": "lineitem","Alias": "lineitem","Startup Cost": 0.00,"Total Cost": 146259.83,"Plan Rows": 28340,"Plan Width": 12,"Actual Startup Time": 0.085,"Actual Total Time": 289.771,"Actual Rows": 22832,"Actual Loops": 5,"Filter": "((l_shipdate >= '1994-01-01'::date) AND (l_shipdate < '1995-01-01 00:00:00'::timestamp without time zone) AND (l_discount >= 0.05) AND (l_discount <= 0.07) AND (l_quantity < '24'::numeric))","Rows Removed by Filter": 1177411,"Workers": []}]}]}]},"Planning Time": 2.298,"Triggers": [],"Execution Time": 332.621}]
[{"Plan": {"Node Type": "Aggregate","Strategy": "Plain","Partial Mode": "Finalize","Parallel Aware": false,"Async Capable": false,"Startup Cost": 147407.88,"Total Cost": 147407.89,"Plan Rows": 1,"Plan Width": 32,"Actual Startup Time": 303.094,"Actual Total Time": 335.189,"Actual Rows": 1,"Actual Loops": 1,"Plans": [{"Node Type": "Gather","Parent Relationship": "Outer","Parallel Aware": false,"Async Capable": false,"Startup Cost": 147407.45,"Total Cost": 147407.86,"Plan Rows": 4,"Plan Width": 32,"Actual Startup Time": 302.935,"Actual Total Time": 335.157,"Actual Rows": 5,"Actual Loops": 1,"Workers Planned": 4,"Workers Launched": 4,"Single Copy": false,"Plans": [{"Node Type": "Aggregate","Strategy": "Plain","Partial Mode": "Partial","Parent Relationship": "Outer","Parallel Aware": false,"Async Capable": false,"Startup Cost": 146407.45,"Total Cost": 146407.46,"Plan Rows": 1,"Plan Width": 32,"Actual Startup Time": 295.477,"Actual Total Time": 295.478,"Actual Rows": 1,"Actual Loops": 5,"Workers": [],"Plans": [{"Node Type": "Seq Scan","Parent Relationship": "Outer","Parallel Aware": true,"Async Capable": false,"Relation Name": "lineitem","Alias": "lineitem","Startup Cost": 0.00,"Total Cost": 146259.83,"Plan Rows": 29522,"Plan Width": 12,"Actual Startup Time": 0.085,"Actual Total Time": 290.372,"Actual Rows": 23823,"Actual Loops": 5,"Filter": "((l_shipdate >= '1997-01-01'::date) AND (l_shipdate < '1998-01-01 00:00:00'::timestamp without time zone) AND (l_discount >= 0.08) AND (l_discount <= 0.10) AND (l_quantity < '25'::numeric))","Rows Removed by Filter": 1176420,"Workers": []}]}]}]},"Planning Time": 2.625,"Triggers": [],"Execution Time": 335.461}]
[{"Plan": {"Node Type": "Aggregate","Strategy": "Plain","Partial Mode": "Finalize","Parallel Aware": false,"Async Capable": false,"Startup Cost": 147403.35,"Total Cost": 147403.36,"Plan Rows": 1,"Plan Width": 32,"Actual Startup Time": 307.692,"Actual Total Time": 339.813,"Actual Rows": 1,"Actual Loops": 1,"Plans": [{"Node Type": "Gather","Parent Relationship": "Outer","Parallel Aware": false,"Async Capable": false,"Startup Cost": 147402.92,"Total Cost": 147403.33,"Plan Rows": 4,"Plan Width": 32,"Actual Startup Time": 307.507,"Actual Total Time": 339.774,"Actual Rows": 5,"Actual Loops": 1,"Workers Planned": 4,"Workers Launched": 4,"Single Copy": false,"Plans": [{"Node Type": "Aggregate","Strategy": "Plain","Partial Mode": "Partial","Parent Relationship": "Outer","Parallel Aware": false,"Async Capable": false,"Startup Cost": 146402.92,"Total Cost": 146402.93,"Plan Rows": 1,"Plan Width": 32,"Actual Startup Time": 300.661,"Actual Total Time": 300.663,"Actual Rows": 1,"Actual Loops": 5,"Workers": [],"Plans": [{"Node Type": "Seq Scan","Parent Relationship": "Outer","Parallel Aware": true,"Async Capable": false,"Relation Name": "lineitem","Alias": "lineitem","Startup Cost": 0.00,"Total Cost": 146259.83,"Plan Rows": 28617,"Plan Width": 12,"Actual Startup Time": 0.072,"Actual Total Time": 295.794,"Actual Rows": 22949,"Actual Loops": 5,"Filter": "((l_shipdate >= '1996-01-01'::date) AND (l_shipdate < '1997-01-01 00:00:00'::timestamp without time zone) AND (l_discount >= 0.02) AND (l_discount <= 0.04) AND (l_quantity < '24'::numeric))","Rows Removed by Filter": 1177294,"Workers": []}]}]}]},"Planning Time": 2.115,"Triggers": [],"Execution Time": 340.016}]
[{"Plan": {"Node Type": "Aggregate","Strategy": "Plain","Partial Mode": "Finalize","Parallel Aware": false,"Async Capable": false,"Startup Cost": 147409.63,"Total Cost": 147409.64,"Plan Rows": 1,"Plan Width": 32,"Actual Startup Time": 297.562,"Actual Total Time": 330.607,"Actual Rows": 1,"Actual Loops": 1,"Plans": [{"Node Type": "Gather","Parent Relationship": "Outer","Parallel Aware": false,"Async Capable": false,"Startup Cost": 147409.20,"Total Cost": 147409.61,"Plan Rows": 4,"Plan Width": 32,"Actual Startup Time": 297.384,"Actual Total Time": 330.577,"Actual Rows": 5,"Actual Loops": 1,"Workers Planned": 4,"Workers Launched": 4,"Single Copy": false,"Plans": [{"Node Type": "Aggregate","Strategy": "Plain","Partial Mode": "Partial","Parent Relationship": "Outer","Parallel Aware": false,"Async Capable": false,"Startup Cost": 146409.20,"Total Cost": 146409.21,"Plan Rows": 1,"Plan Width": 32,"Actual Startup Time": 290.524,"Actual Total Time": 290.525,"Actual Rows": 1,"Actual Loops": 5,"Workers": [],"Plans": [{"Node Type": "Seq Scan","Parent Relationship": "Outer","Parallel Aware": true,"Async Capable": false,"Relation Name": "lineitem","Alias": "lineitem","Startup Cost": 0.00,"Total Cost": 146259.83,"Plan Rows": 29872,"Plan Width": 12,"Actual Startup Time": 0.113,"Actual Total Time": 285.451,"Actual Rows": 23843,"Actual Loops": 5,"Filter": "((l_shipdate >= '1997-01-01'::date) AND (l_shipdate < '1998-01-01 00:00:00'::timestamp without time zone) AND (l_discount >= 0.04) AND (l_discount <= 0.06) AND (l_quantity < '25'::numeric))","Rows Removed by Filter": 1176400,"Workers": []}]}]}]},"Planning Time": 2.713,"Triggers": [],"Execution Time": 330.862}]
[{"Plan": {"Node Type": "Aggregate","Strategy": "Plain","Partial Mode": "Finalize","Parallel Aware": false,"Async Capable": false,"Startup Cost": 147408.12,"Total Cost": 147408.13,"Plan Rows": 1,"Plan Width": 32,"Actual Startup Time": 302.869,"Actual Total Time": 334.962,"Actual Rows": 1,"Actual Loops": 1,"Plans": [{"Node Type": "Gather","Parent Relationship": "Outer","Parallel Aware": false,"Async Capable": false,"Startup Cost": 147407.69,"Total Cost": 147408.10,"Plan Rows": 4,"Plan Width": 32,"Actual Startup Time": 302.692,"Actual Total Time": 334.930,"Actual Rows": 5,"Actual Loops": 1,"Workers Planned": 4,"Workers Launched": 4,"Single Copy": false,"Plans": [{"Node Type": "Aggregate","Strategy": "Plain","Partial Mode": "Partial","Parent Relationship": "Outer","Parallel Aware": false,"Async Capable": false,"Startup Cost": 146407.69,"Total Cost": 146407.70,"Plan Rows": 1,"Plan Width": 32,"Actual Startup Time": 295.948,"Actual Total Time": 295.950,"Actual Rows": 1,"Actual Loops": 5,"Workers": [],"Plans": [{"Node Type": "Seq Scan","Parent Relationship": "Outer","Parallel Aware": true,"Async Capable": false,"Relation Name": "lineitem","Alias": "lineitem","Startup Cost": 0.00,"Total Cost": 146259.83,"Plan Rows": 29571,"Plan Width": 12,"Actual Startup Time": 0.058,"Actual Total Time": 290.841,"Actual Rows": 23866,"Actual Loops": 5,"Filter": "((l_shipdate >= '1996-01-01'::date) AND (l_shipdate < '1997-01-01 00:00:00'::timestamp without time zone) AND (l_discount >= 0.03) AND (l_discount <= 0.05) AND (l_quantity < '25'::numeric))","Rows Removed by Filter": 1176377,"Workers": []}]}]}]},"Planning Time": 2.159,"Triggers": [],"Execution Time": 335.158}]
[{"Plan": {"Node Type": "Aggregate","Strategy": "Plain","Partial Mode": "Finalize","Parallel Aware": false,"Async Capable": false,"Startup Cost": 147412.40,"Total Cost": 147412.41,"Plan Rows": 1,"Plan Width": 32,"Actual Startup Time": 305.125,"Actual Total Time": 338.000,"Actual Rows": 1,"Actual Loops": 1,"Plans": [{"Node Type": "Gather","Parent Relationship": "Outer","Parallel Aware": false,"Async Capable": false,"Startup Cost": 147411.97,"Total Cost": 147412.38,"Plan Rows": 4,"Plan Width": 32,"Actual Startup Time": 304.936,"Actual Total Time": 337.966,"Actual Rows": 5,"Actual Loops": 1,"Workers Planned": 4,"Workers Launched": 4,"Single Copy": false,"Plans": [{"Node Type": "Aggregate","Strategy": "Plain","Partial Mode": "Partial","Parent Relationship": "Outer","Parallel Aware": false,"Async Capable": false,"Startup Cost": 146411.97,"Total Cost": 146411.98,"Plan Rows": 1,"Plan Width": 32,"Actual Startup Time": 297.358,"Actual Total Time": 297.360,"Actual Rows": 1,"Actual Loops": 5,"Workers": [],"Plans": [{"Node Type": "Seq Scan","Parent Relationship": "Outer","Parallel Aware": true,"Async Capable": false,"Relation Name": "lineitem","Alias": "lineitem","Startup Cost": 0.00,"Total Cost": 146259.83,"Plan Rows": 30426,"Plan Width": 12,"Actual Startup Time": 0.120,"Actual Total Time": 292.231,"Actual Rows": 24007,"Actual Loops": 5,"Filter": "((l_shipdate >= '1995-01-01'::date) AND (l_shipdate < '1996-01-01 00:00:00'::timestamp without time zone) AND (l_discount >= 0.03) AND (l_discount <= 0.05) AND (l_quantity < '25'::numeric))","Rows Removed by Filter": 1176236,"Workers": []}]}]}]},"Planning Time": 2.540,"Triggers": [],"Execution Time": 338.229}]
[{"Plan": {"Node Type": "Aggregate","Strategy": "Plain","Partial Mode": "Finalize","Parallel Aware": false,"Async Capable": false,"Startup Cost": 147414.21,"Total Cost": 147414.22,"Plan Rows": 1,"Plan Width": 32,"Actual Startup Time": 296.838,"Actual Total Time": 329.596,"Actual Rows": 1,"Actual Loops": 1,"Plans": [{"Node Type": "Gather","Parent Relationship": "Outer","Parallel Aware": false,"Async Capable": false,"Startup Cost": 147413.78,"Total Cost": 147414.19,"Plan Rows": 4,"Plan Width": 32,"Actual Startup Time": 296.698,"Actual Total Time": 329.569,"Actual Rows": 5,"Actual Loops": 1,"Workers Planned": 4,"Workers Launched": 4,"Single Copy": false,"Plans": [{"Node Type": "Aggregate","Strategy": "Plain","Partial Mode": "Partial","Parent Relationship": "Outer","Parallel Aware": false,"Async Capable": false,"Startup Cost": 146413.78,"Total Cost": 146413.79,"Plan Rows": 1,"Plan Width": 32,"Actual Startup Time": 289.758,"Actual Total Time": 289.759,"Actual Rows": 1,"Actual Loops": 5,"Workers": [],"Plans": [{"Node Type": "Seq Scan","Parent Relationship": "Outer","Parallel Aware": true,"Async Capable": false,"Relation Name": "lineitem","Alias": "lineitem","Startup Cost": 0.00,"Total Cost": 146259.83,"Plan Rows": 30789,"Plan Width": 12,"Actual Startup Time": 0.119,"Actual Total Time": 284.639,"Actual Rows": 23936,"Actual Loops": 5,"Filter": "((l_shipdate >= '1995-01-01'::date) AND (l_shipdate < '1996-01-01 00:00:00'::timestamp without time zone) AND (l_discount >= 0.06) AND (l_discount <= 0.08) AND (l_quantity < '25'::numeric))","Rows Removed by Filter": 1176307,"Workers": []}]}]}]},"Planning Time": 2.913,"Triggers": [],"Execution Time": 329.869}]
[{"Plan": {"Node Type": "Aggregate","Strategy": "Plain","Partial Mode": "Finalize","Parallel Aware": false,"Async Capable": false,"Startup Cost": 147413.24,"Total Cost": 147413.25,"Plan Rows": 1,"Plan Width": 32,"Actual Startup Time": 311.610,"Actual Total Time": 344.691,"Actual Rows": 1,"Actual Loops": 1,"Plans": [{"Node Type": "Gather","Parent Relationship": "Outer","Parallel Aware": false,"Async Capable": false,"Startup Cost": 147412.81,"Total Cost": 147413.22,"Plan Rows": 4,"Plan Width": 32,"Actual Startup Time": 311.435,"Actual Total Time": 344.652,"Actual Rows": 5,"Actual Loops": 1,"Workers Planned": 4,"Workers Launched": 4,"Single Copy": false,"Plans": [{"Node Type": "Aggregate","Strategy": "Plain","Partial Mode": "Partial","Parent Relationship": "Outer","Parallel Aware": false,"Async Capable": false,"Startup Cost": 146412.81,"Total Cost": 146412.82,"Plan Rows": 1,"Plan Width": 32,"Actual Startup Time": 304.075,"Actual Total Time": 304.076,"Actual Rows": 1,"Actual Loops": 5,"Workers": [],"Plans": [{"Node Type": "Seq Scan","Parent Relationship": "Outer","Parallel Aware": true,"Async Capable": false,"Relation Name": "lineitem","Alias": "lineitem","Startup Cost": 0.00,"Total Cost": 146259.83,"Plan Rows": 30594,"Plan Width": 12,"Actual Startup Time": 0.114,"Actual Total Time": 298.979,"Actual Rows": 23962,"Actual Loops": 5,"Filter": "((l_shipdate >= '1995-01-01'::date) AND (l_shipdate < '1996-01-01 00:00:00'::timestamp without time zone) AND (l_discount >= 0.05) AND (l_discount <= 0.07) AND (l_quantity < '25'::numeric))","Rows Removed by Filter": 1176281,"Workers": []}]}]}]},"Planning Time": 2.234,"Triggers": [],"Execution Time": 344.871}]
[{"Plan": {"Node Type": "Aggregate","Strategy": "Plain","Partial Mode": "Finalize","Parallel Aware": false,"Async Capable": false,"Startup Cost": 147409.70,"Total Cost": 147409.71,"Plan Rows": 1,"Plan Width": 32,"Actual Startup Time": 318.187,"Actual Total Time": 351.604,"Actual Rows": 1,"Actual Loops": 1,"Plans": [{"Node Type": "Gather","Parent Relationship": "Outer","Parallel Aware": false,"Async Capable": false,"Startup Cost": 147409.27,"Total Cost": 147409.68,"Plan Rows": 4,"Plan Width": 32,"Actual Startup Time": 318.005,"Actual Total Time": 351.566,"Actual Rows": 5,"Actual Loops": 1,"Workers Planned": 4,"Workers Launched": 4,"Single Copy": false,"Plans": [{"Node Type": "Aggregate","Strategy": "Plain","Partial Mode": "Partial","Parent Relationship": "Outer","Parallel Aware": false,"Async Capable": false,"Startup Cost": 146409.27,"Total Cost": 146409.28,"Plan Rows": 1,"Plan Width": 32,"Actual Startup Time": 310.692,"Actual Total Time": 310.693,"Actual Rows": 1,"Actual Loops": 5,"Workers": [],"Plans": [{"Node Type": "Seq Scan","Parent Relationship": "Outer","Parallel Aware": true,"Async Capable": false,"Relation Name": "lineitem","Alias": "lineitem","Startup Cost": 0.00,"Total Cost": 146259.83,"Plan Rows": 29887,"Plan Width": 12,"Actual Startup Time": 0.069,"Actual Total Time": 305.516,"Actual Rows": 23782,"Actual Loops": 5,"Filter": "((l_shipdate >= '1994-01-01'::date) AND (l_shipdate < '1995-01-01 00:00:00'::timestamp without time zone) AND (l_discount >= 0.01) AND (l_discount <= 0.03) AND (l_quantity < '25'::numeric))","Rows Removed by Filter": 1176461,"Workers": []}]}]}]},"Planning Time": 2.556,"Triggers": [],"Execution Time": 351.812}]
[{"Plan": {"Node Type": "Aggregate","Strategy": "Plain","Partial Mode": "Finalize","Parallel Aware": false,"Async Capable": false,"Startup Cost": 147414.87,"Total Cost": 147414.88,"Plan Rows": 1,"Plan Width": 32,"Actual Startup Time": 312.772,"Actual Total Time": 345.751,"Actual Rows": 1,"Actual Loops": 1,"Plans": [{"Node Type": "Gather","Parent Relationship": "Outer","Parallel Aware": false,"Async Capable": false,"Startup Cost": 147414.44,"Total Cost": 147414.85,"Plan Rows": 4,"Plan Width": 32,"Actual Startup Time": 312.597,"Actual Total Time": 345.709,"Actual Rows": 5,"Actual Loops": 1,"Workers Planned": 4,"Workers Launched": 4,"Single Copy": false,"Plans": [{"Node Type": "Aggregate","Strategy": "Plain","Partial Mode": "Partial","Parent Relationship": "Outer","Parallel Aware": false,"Async Capable": false,"Startup Cost": 146414.44,"Total Cost": 146414.45,"Plan Rows": 1,"Plan Width": 32,"Actual Startup Time": 305.497,"Actual Total Time": 305.499,"Actual Rows": 1,"Actual Loops": 5,"Workers": [],"Plans": [{"Node Type": "Seq Scan","Parent Relationship": "Outer","Parallel Aware": true,"Async Capable": false,"Relation Name": "lineitem","Alias": "lineitem","Startup Cost": 0.00,"Total Cost": 146259.83,"Plan Rows": 30920,"Plan Width": 12,"Actual Startup Time": 0.107,"Actual Total Time": 300.442,"Actual Rows": 23898,"Actual Loops": 5,"Filter": "((l_shipdate >= '1995-01-01'::date) AND (l_shipdate < '1996-01-01 00:00:00'::timestamp without time zone) AND (l_discount >= 0.01) AND (l_discount <= 0.03) AND (l_quantity < '25'::numeric))","Rows Removed by Filter": 1176345,"Workers": []}]}]}]},"Planning Time": 2.074,"Triggers": [],"Execution Time": 345.982}]
[{"Plan": {"Node Type": "Aggregate","Strategy": "Plain","Partial Mode": "Finalize","Parallel Aware": false,"Async Capable": false,"Startup Cost": 147409.70,"Total Cost": 147409.71,"Plan Rows": 1,"Plan Width": 32,"Actual Startup Time": 318.187,"Actual Total Time": 351.604,"Actual Rows": 1,"Actual Loops": 1,"Plans": [{"Node Type": "Gather","Parent Relationship": "Outer","Parallel Aware": false,"Async Capable": false,"Startup Cost": 147409.27,"Total Cost": 147409.68,"Plan Rows": 4,"Plan Width": 32,"Actual Startup Time": 318.005,"Actual Total Time": 351.566,"Actual Rows": 5,"Actual Loops": 1,"Workers Planned": 4,"Workers Launched": 4,"Single Copy": false,"Plans": [{"Node Type": "Aggregate","Strategy": "Plain","Partial Mode": "Partial","Parent Relationship": "Outer","Parallel Aware": false,"Async Capable": false,"Startup Cost": 146409.27,"Total Cost": 146409.28,"Plan Rows": 1,"Plan Width": 32,"Actual Startup Time": 310.692,"Actual Total Time": 310.693,"Actual Rows": 1,"Actual Loops": 5,"Workers": [],"Plans": [{"Node Type": "Seq Scan","Parent Relationship": "Outer","Parallel Aware": true,"Async Capable": false,"Relation Name": "lineitem","Alias": "lineitem","Startup Cost": 0.00,"Total Cost": 146259.83,"Plan Rows": 29887,"Plan Width": 12,"Actual Startup Time": 0.069,"Actual Total Time": 305.516,"Actual Rows": 23782,"Actual Loops": 5,"Filter": "((l_shipdate >= '1994-01-01'::date) AND (l_shipdate < '1995-01-01 00:00:00'::timestamp without time zone) AND (l_discount >= 0.01) AND (l_discount <= 0.03) AND (l_quantity < '25'::numeric))","Rows Removed by Filter": 1176461,"Workers": []}]}]}]},"Planning Time": 2.556,"Triggers": [],"Execution Time": 351.812}]
[{"Plan": {"Node Type": "Aggregate","Strategy": "Plain","Partial Mode": "Finalize","Parallel Aware": false,"Async Capable": false,"Startup Cost": 147410.59,"Total Cost": 147410.60,"Plan Rows": 1,"Plan Width": 32,"Actual Startup Time": 295.084,"Actual Total Time": 327.277,"Actual Rows": 1,"Actual Loops": 1,"Plans": [{"Node Type": "Gather","Parent Relationship": "Outer","Parallel Aware": false,"Async Capable": false,"Startup Cost": 147410.16,"Total Cost": 147410.57,"Plan Rows": 4,"Plan Width": 32,"Actual Startup Time": 294.923,"Actual Total Time": 327.239,"Actual Rows": 5,"Actual Loops": 1,"Workers Planned": 4,"Workers Launched": 4,"Single Copy": false,"Plans": [{"Node Type": "Aggregate","Strategy": "Plain","Partial Mode": "Partial","Parent Relationship": "Outer","Parallel Aware": false,"Async Capable": false,"Startup Cost": 146410.16,"Total Cost": 146410.17,"Plan Rows": 1,"Plan Width": 32,"Actual Startup Time": 288.077,"Actual Total Time": 288.081,"Actual Rows": 1,"Actual Loops": 5,"Workers": [],"Plans": [{"Node Type": "Seq Scan","Parent Relationship": "Outer","Parallel Aware": true,"Async Capable": false,"Relation Name": "lineitem","Alias": "lineitem","Startup Cost": 0.00,"Total Cost": 146259.83,"Plan Rows": 30065,"Plan Width": 12,"Actual Startup Time": 0.083,"Actual Total Time": 282.992,"Actual Rows": 23829,"Actual Loops": 5,"Filter": "((l_shipdate >= '1997-01-01'::date) AND (l_shipdate < '1998-01-01 00:00:00'::timestamp without time zone) AND (l_discount >= 0.01) AND (l_discount <= 0.03) AND (l_quantity < '25'::numeric))","Rows Removed by Filter": 1176414,"Workers": []}]}]}]},"Planning Time": 2.956,"Triggers": [],"Execution Time": 327.522}]
[{"Plan": {"Node Type": "Aggregate","Strategy": "Plain","Partial Mode": "Finalize","Parallel Aware": false,"Async Capable": false,"Startup Cost": 147407.49,"Total Cost": 147407.50,"Plan Rows": 1,"Plan Width": 32,"Actual Startup Time": 306.160,"Actual Total Time": 338.189,"Actual Rows": 1,"Actual Loops": 1,"Plans": [{"Node Type": "Gather","Parent Relationship": "Outer","Parallel Aware": false,"Async Capable": false,"Startup Cost": 147407.06,"Total Cost": 147407.47,"Plan Rows": 4,"Plan Width": 32,"Actual Startup Time": 305.981,"Actual Total Time": 338.158,"Actual Rows": 5,"Actual Loops": 1,"Workers Planned": 4,"Workers Launched": 4,"Single Copy": false,"Plans": [{"Node Type": "Aggregate","Strategy": "Plain","Partial Mode": "Partial","Parent Relationship": "Outer","Parallel Aware": false,"Async Capable": false,"Startup Cost": 146407.06,"Total Cost": 146407.07,"Plan Rows": 1,"Plan Width": 32,"Actual Startup Time": 299.065,"Actual Total Time": 299.067,"Actual Rows": 1,"Actual Loops": 5,"Workers": [],"Plans": [{"Node Type": "Seq Scan","Parent Relationship": "Outer","Parallel Aware": true,"Async Capable": false,"Relation Name": "lineitem","Alias": "lineitem","Startup Cost": 0.00,"Total Cost": 146259.83,"Plan Rows": 29445,"Plan Width": 12,"Actual Startup Time": 0.099,"Actual Total Time": 294.167,"Actual Rows": 22956,"Actual Loops": 5,"Filter": "((l_shipdate >= '1995-01-01'::date) AND (l_shipdate < '1996-01-01 00:00:00'::timestamp without time zone) AND (l_discount >= 0.02) AND (l_discount <= 0.04) AND (l_quantity < '24'::numeric))","Rows Removed by Filter": 1177287,"Workers": []}]}]}]},"Planning Time": 2.819,"Triggers": [],"Execution Time": 338.444}]
[{"Plan": {"Node Type": "Aggregate","Strategy": "Plain","Partial Mode": "Finalize","Parallel Aware": false,"Async Capable": false,"Startup Cost": 147406.90,"Total Cost": 147406.91,"Plan Rows": 1,"Plan Width": 32,"Actual Startup Time": 301.787,"Actual Total Time": 334.619,"Actual Rows": 1,"Actual Loops": 1,"Plans": [{"Node Type": "Gather","Parent Relationship": "Outer","Parallel Aware": false,"Async Capable": false,"Startup Cost": 147406.47,"Total Cost": 147406.88,"Plan Rows": 4,"Plan Width": 32,"Actual Startup Time": 301.610,"Actual Total Time": 334.598,"Actual Rows": 5,"Actual Loops": 1,"Workers Planned": 4,"Workers Launched": 4,"Single Copy": false,"Plans": [{"Node Type": "Aggregate","Strategy": "Plain","Partial Mode": "Partial","Parent Relationship": "Outer","Parallel Aware": false,"Async Capable": false,"Startup Cost": 146406.47,"Total Cost": 146406.48,"Plan Rows": 1,"Plan Width": 32,"Actual Startup Time": 294.758,"Actual Total Time": 294.760,"Actual Rows": 1,"Actual Loops": 5,"Workers": [],"Plans": [{"Node Type": "Seq Scan","Parent Relationship": "Outer","Parallel Aware": true,"Async Capable": false,"Relation Name": "lineitem","Alias": "lineitem","Startup Cost": 0.00,"Total Cost": 146259.83,"Plan Rows": 29326,"Plan Width": 12,"Actual Startup Time": 0.070,"Actual Total Time": 289.974,"Actual Rows": 22875,"Actual Loops": 5,"Filter": "((l_shipdate >= '1995-01-01'::date) AND (l_shipdate < '1996-01-01 00:00:00'::timestamp without time zone) AND (l_discount >= 0.07) AND (l_discount <= 0.09) AND (l_quantity < '24'::numeric))","Rows Removed by Filter": 1177368,"Workers": []}]}]}]},"Planning Time": 2.178,"Triggers": [],"Execution Time": 334.843}]
[{"Plan": {"Node Type": "Aggregate","Strategy": "Plain","Partial Mode": "Finalize","Parallel Aware": false,"Async Capable": false,"Startup Cost": 147401.96,"Total Cost": 147401.97,"Plan Rows": 1,"Plan Width": 32,"Actual Startup Time": 301.236,"Actual Total Time": 333.196,"Actual Rows": 1,"Actual Loops": 1,"Plans": [{"Node Type": "Gather","Parent Relationship": "Outer","Parallel Aware": false,"Async Capable": false,"Startup Cost": 147401.53,"Total Cost": 147401.94,"Plan Rows": 4,"Plan Width": 32,"Actual Startup Time": 301.008,"Actual Total Time": 333.159,"Actual Rows": 5,"Actual Loops": 1,"Workers Planned": 4,"Workers Launched": 4,"Single Copy": false,"Plans": [{"Node Type": "Aggregate","Strategy": "Plain","Partial Mode": "Partial","Parent Relationship": "Outer","Parallel Aware": false,"Async Capable": false,"Startup Cost": 146401.53,"Total Cost": 146401.54,"Plan Rows": 1,"Plan Width": 32,"Actual Startup Time": 293.920,"Actual Total Time": 293.926,"Actual Rows": 1,"Actual Loops": 5,"Workers": [],"Plans": [{"Node Type": "Seq Scan","Parent Relationship": "Outer","Parallel Aware": true,"Async Capable": false,"Relation Name": "lineitem","Alias": "lineitem","Startup Cost": 0.00,"Total Cost": 146259.83,"Plan Rows": 28338,"Plan Width": 12,"Actual Startup Time": 0.086,"Actual Total Time": 288.967,"Actual Rows": 22878,"Actual Loops": 5,"Filter": "((l_shipdate >= '1996-01-01'::date) AND (l_shipdate < '1997-01-01 00:00:00'::timestamp without time zone) AND (l_discount >= 0.03) AND (l_discount <= 0.05) AND (l_quantity < '24'::numeric))","Rows Removed by Filter": 1177365,"Workers": []}]}]}]},"Planning Time": 2.851,"Triggers": [],"Execution Time": 333.444}]
[{"Plan": {"Node Type": "Aggregate","Strategy": "Plain","Partial Mode": "Finalize","Parallel Aware": false,"Async Capable": false,"Startup Cost": 147408.42,"Total Cost": 147408.43,"Plan Rows": 1,"Plan Width": 32,"Actual Startup Time": 298.133,"Actual Total Time": 329.767,"Actual Rows": 1,"Actual Loops": 1,"Plans": [{"Node Type": "Gather","Parent Relationship": "Outer","Parallel Aware": false,"Async Capable": false,"Startup Cost": 147407.99,"Total Cost": 147408.40,"Plan Rows": 4,"Plan Width": 32,"Actual Startup Time": 297.839,"Actual Total Time": 329.728,"Actual Rows": 5,"Actual Loops": 1,"Workers Planned": 4,"Workers Launched": 4,"Single Copy": false,"Plans": [{"Node Type": "Aggregate","Strategy": "Plain","Partial Mode": "Partial","Parent Relationship": "Outer","Parallel Aware": false,"Async Capable": false,"Startup Cost": 146407.99,"Total Cost": 146408.00,"Plan Rows": 1,"Plan Width": 32,"Actual Startup Time": 290.856,"Actual Total Time": 290.858,"Actual Rows": 1,"Actual Loops": 5,"Workers": [],"Plans": [{"Node Type": "Seq Scan","Parent Relationship": "Outer","Parallel Aware": true,"Async Capable": false,"Relation Name": "lineitem","Alias": "lineitem","Startup Cost": 0.00,"Total Cost": 146259.83,"Plan Rows": 29631,"Plan Width": 12,"Actual Startup Time": 0.123,"Actual Total Time": 286.020,"Actual Rows": 22886,"Actual Loops": 5,"Filter": "((l_shipdate >= '1995-01-01'::date) AND (l_shipdate < '1996-01-01 00:00:00'::timestamp without time zone) AND (l_discount >= 0.01) AND (l_discount <= 0.03) AND (l_quantity < '24'::numeric))","Rows Removed by Filter": 1177357,"Workers": []}]}]}]},"Planning Time": 2.861,"Triggers": [],"Execution Time": 330.022}]
[{"Plan": {"Node Type": "Aggregate","Strategy": "Plain","Partial Mode": "Finalize","Parallel Aware": false,"Async Capable": false,"Startup Cost": 147413.88,"Total Cost": 147413.89,"Plan Rows": 1,"Plan Width": 32,"Actual Startup Time": 301.549,"Actual Total Time": 333.949,"Actual Rows": 1,"Actual Loops": 1,"Plans": [{"Node Type": "Gather","Parent Relationship": "Outer","Parallel Aware": false,"Async Capable": false,"Startup Cost": 147413.45,"Total Cost": 147413.86,"Plan Rows": 4,"Plan Width": 32,"Actual Startup Time": 301.403,"Actual Total Time": 333.922,"Actual Rows": 5,"Actual Loops": 1,"Workers Planned": 4,"Workers Launched": 4,"Single Copy": false,"Plans": [{"Node Type": "Aggregate","Strategy": "Plain","Partial Mode": "Partial","Parent Relationship": "Outer","Parallel Aware": false,"Async Capable": false,"Startup Cost": 146413.45,"Total Cost": 146413.46,"Plan Rows": 1,"Plan Width": 32,"Actual Startup Time": 294.750,"Actual Total Time": 294.752,"Actual Rows": 1,"Actual Loops": 5,"Workers": [],"Plans": [{"Node Type": "Seq Scan","Parent Relationship": "Outer","Parallel Aware": true,"Async Capable": false,"Relation Name": "lineitem","Alias": "lineitem","Startup Cost": 0.00,"Total Cost": 146259.83,"Plan Rows": 30722,"Plan Width": 12,"Actual Startup Time": 0.080,"Actual Total Time": 289.738,"Actual Rows": 24012,"Actual Loops": 5,"Filter": "((l_shipdate >= '1995-01-01'::date) AND (l_shipdate < '1996-01-01 00:00:00'::timestamp without time zone) AND (l_discount >= 0.04) AND (l_discount <= 0.06) AND (l_quantity < '25'::numeric))","Rows Removed by Filter": 1176231,"Workers": []}]}]}]},"Planning Time": 2.384,"Triggers": [],"Execution Time": 334.172}]
[{"Plan": {"Node Type": "Aggregate","Strategy": "Plain","Partial Mode": "Finalize","Parallel Aware": false,"Async Capable": false,"Startup Cost": 147409.07,"Total Cost": 147409.08,"Plan Rows": 1,"Plan Width": 32,"Actual Startup Time": 306.457,"Actual Total Time": 338.926,"Actual Rows": 1,"Actual Loops": 1,"Plans": [{"Node Type": "Gather","Parent Relationship": "Outer","Parallel Aware": false,"Async Capable": false,"Startup Cost": 147408.64,"Total Cost": 147409.05,"Plan Rows": 4,"Plan Width": 32,"Actual Startup Time": 306.305,"Actual Total Time": 338.886,"Actual Rows": 5,"Actual Loops": 1,"Workers Planned": 4,"Workers Launched": 4,"Single Copy": false,"Plans": [{"Node Type": "Aggregate","Strategy": "Plain","Partial Mode": "Partial","Parent Relationship": "Outer","Parallel Aware": false,"Async Capable": false,"Startup Cost": 146408.64,"Total Cost": 146408.65,"Plan Rows": 1,"Plan Width": 32,"Actual Startup Time": 298.789,"Actual Total Time": 298.790,"Actual Rows": 1,"Actual Loops": 5,"Workers": [],"Plans": [{"Node Type": "Seq Scan","Parent Relationship": "Outer","Parallel Aware": true,"Async Capable": false,"Relation Name": "lineitem","Alias": "lineitem","Startup Cost": 0.00,"Total Cost": 146259.83,"Plan Rows": 29761,"Plan Width": 12,"Actual Startup Time": 0.097,"Actual Total Time": 293.706,"Actual Rows": 23803,"Actual Loops": 5,"Filter": "((l_shipdate >= '1994-01-01'::date) AND (l_shipdate < '1995-01-01 00:00:00'::timestamp without time zone) AND (l_discount >= 0.06) AND (l_discount <= 0.08) AND (l_quantity < '25'::numeric))","Rows Removed by Filter": 1176440,"Workers": []}]}]}]},"Planning Time": 2.937,"Triggers": [],"Execution Time": 339.178}]
[{"Plan": {"Node Type": "Aggregate","Strategy": "Plain","Partial Mode": "Finalize","Parallel Aware": false,"Async Capable": false,"Startup Cost": 147409.63,"Total Cost": 147409.64,"Plan Rows": 1,"Plan Width": 32,"Actual Startup Time": 297.562,"Actual Total Time": 330.607,"Actual Rows": 1,"Actual Loops": 1,"Plans": [{"Node Type": "Gather","Parent Relationship": "Outer","Parallel Aware": false,"Async Capable": false,"Startup Cost": 147409.20,"Total Cost": 147409.61,"Plan Rows": 4,"Plan Width": 32,"Actual Startup Time": 297.384,"Actual Total Time": 330.577,"Actual Rows": 5,"Actual Loops": 1,"Workers Planned": 4,"Workers Launched": 4,"Single Copy": false,"Plans": [{"Node Type": "Aggregate","Strategy": "Plain","Partial Mode": "Partial","Parent Relationship": "Outer","Parallel Aware": false,"Async Capable": false,"Startup Cost": 146409.20,"Total Cost": 146409.21,"Plan Rows": 1,"Plan Width": 32,"Actual Startup Time": 290.524,"Actual Total Time": 290.525,"Actual Rows": 1,"Actual Loops": 5,"Workers": [],"Plans": [{"Node Type": "Seq Scan","Parent Relationship": "Outer","Parallel Aware": true,"Async Capable": false,"Relation Name": "lineitem","Alias": "lineitem","Startup Cost": 0.00,"Total Cost": 146259.83,"Plan Rows": 29872,"Plan Width": 12,"Actual Startup Time": 0.113,"Actual Total Time": 285.451,"Actual Rows": 23843,"Actual Loops": 5,"Filter": "((l_shipdate >= '1997-01-01'::date) AND (l_shipdate < '1998-01-01 00:00:00'::timestamp without time zone) AND (l_discount >= 0.04) AND (l_discount <= 0.06) AND (l_quantity < '25'::numeric))","Rows Removed by Filter": 1176400,"Workers": []}]}]}]},"Planning Time": 2.713,"Triggers": [],"Execution Time": 330.862}]
[{"Plan": {"Node Type": "Aggregate","Strategy": "Plain","Partial Mode": "Finalize","Parallel Aware": false,"Async Capable": false,"Startup Cost": 147407.80,"Total Cost": 147407.81,"Plan Rows": 1,"Plan Width": 32,"Actual Startup Time": 302.950,"Actual Total Time": 335.292,"Actual Rows": 1,"Actual Loops": 1,"Plans": [{"Node Type": "Gather","Parent Relationship": "Outer","Parallel Aware": false,"Async Capable": false,"Startup Cost": 147407.37,"Total Cost": 147407.78,"Plan Rows": 4,"Plan Width": 32,"Actual Startup Time": 302.795,"Actual Total Time": 335.251,"Actual Rows": 5,"Actual Loops": 1,"Workers Planned": 4,"Workers Launched": 4,"Single Copy": false,"Plans": [{"Node Type": "Aggregate","Strategy": "Plain","Partial Mode": "Partial","Parent Relationship": "Outer","Parallel Aware": false,"Async Capable": false,"Startup Cost": 146407.37,"Total Cost": 146407.38,"Plan Rows": 1,"Plan Width": 32,"Actual Startup Time": 296.025,"Actual Total Time": 296.028,"Actual Rows": 1,"Actual Loops": 5,"Workers": [],"Plans": [{"Node Type": "Seq Scan","Parent Relationship": "Outer","Parallel Aware": true,"Async Capable": false,"Relation Name": "lineitem","Alias": "lineitem","Startup Cost": 0.00,"Total Cost": 146259.83,"Plan Rows": 29506,"Plan Width": 12,"Actual Startup Time": 0.112,"Actual Total Time": 291.181,"Actual Rows": 22957,"Actual Loops": 5,"Filter": "((l_shipdate >= '1995-01-01'::date) AND (l_shipdate < '1996-01-01 00:00:00'::timestamp without time zone) AND (l_discount >= 0.06) AND (l_discount <= 0.08) AND (l_quantity < '24'::numeric))","Rows Removed by Filter": 1177286,"Workers": []}]}]}]},"Planning Time": 2.266,"Triggers": [],"Execution Time": 335.524}]
[{"Plan": {"Node Type": "Aggregate","Strategy": "Plain","Partial Mode": "Finalize","Parallel Aware": false,"Async Capable": false,"Startup Cost": 147405.88,"Total Cost": 147405.89,"Plan Rows": 1,"Plan Width": 32,"Actual Startup Time": 305.694,"Actual Total Time": 338.072,"Actual Rows": 1,"Actual Loops": 1,"Plans": [{"Node Type": "Gather","Parent Relationship": "Outer","Parallel Aware": false,"Async Capable": false,"Startup Cost": 147405.45,"Total Cost": 147405.86,"Plan Rows": 4,"Plan Width": 32,"Actual Startup Time": 305.534,"Actual Total Time": 338.050,"Actual Rows": 5,"Actual Loops": 1,"Workers Planned": 4,"Workers Launched": 4,"Single Copy": false,"Plans": [{"Node Type": "Aggregate","Strategy": "Plain","Partial Mode": "Partial","Parent Relationship": "Outer","Parallel Aware": false,"Async Capable": false,"Startup Cost": 146405.45,"Total Cost": 146405.46,"Plan Rows": 1,"Plan Width": 32,"Actual Startup Time": 298.920,"Actual Total Time": 298.921,"Actual Rows": 1,"Actual Loops": 5,"Workers": [],"Plans": [{"Node Type": "Seq Scan","Parent Relationship": "Outer","Parallel Aware": true,"Async Capable": false,"Relation Name": "lineitem","Alias": "lineitem","Startup Cost": 0.00,"Total Cost": 146259.83,"Plan Rows": 29122,"Plan Width": 12,"Actual Startup Time": 0.100,"Actual Total Time": 294.160,"Actual Rows": 22732,"Actual Loops": 5,"Filter": "((l_shipdate >= '1993-01-01'::date) AND (l_shipdate < '1994-01-01 00:00:00'::timestamp without time zone) AND (l_discount >= 0.01) AND (l_discount <= 0.03) AND (l_quantity < '24'::numeric))","Rows Removed by Filter": 1177511,"Workers": []}]}]}]},"Planning Time": 2.133,"Triggers": [],"Execution Time": 338.277}]
[{"Plan": {"Node Type": "Aggregate","Strategy": "Plain","Partial Mode": "Finalize","Parallel Aware": false,"Async Capable": false,"Startup Cost": 147403.72,"Total Cost": 147403.73,"Plan Rows": 1,"Plan Width": 32,"Actual Startup Time": 297.848,"Actual Total Time": 329.743,"Actual Rows": 1,"Actual Loops": 1,"Plans": [{"Node Type": "Gather","Parent Relationship": "Outer","Parallel Aware": false,"Async Capable": false,"Startup Cost": 147403.29,"Total Cost": 147403.70,"Plan Rows": 4,"Plan Width": 32,"Actual Startup Time": 297.724,"Actual Total Time": 329.700,"Actual Rows": 5,"Actual Loops": 1,"Workers Planned": 4,"Workers Launched": 4,"Single Copy": false,"Plans": [{"Node Type": "Aggregate","Strategy": "Plain","Partial Mode": "Partial","Parent Relationship": "Outer","Parallel Aware": false,"Async Capable": false,"Startup Cost": 146403.29,"Total Cost": 146403.30,"Plan Rows": 1,"Plan Width": 32,"Actual Startup Time": 290.963,"Actual Total Time": 290.965,"Actual Rows": 1,"Actual Loops": 5,"Workers": [],"Plans": [{"Node Type": "Seq Scan","Parent Relationship": "Outer","Parallel Aware": true,"Async Capable": false,"Relation Name": "lineitem","Alias": "lineitem","Startup Cost": 0.00,"Total Cost": 146259.83,"Plan Rows": 28690,"Plan Width": 12,"Actual Startup Time": 0.110,"Actual Total Time": 286.168,"Actual Rows": 22858,"Actual Loops": 5,"Filter": "((l_shipdate >= '1997-01-01'::date) AND (l_shipdate < '1998-01-01 00:00:00'::timestamp without time zone) AND (l_discount >= 0.06) AND (l_discount <= 0.08) AND (l_quantity < '24'::numeric))","Rows Removed by Filter": 1177385,"Workers": []}]}]}]},"Planning Time": 2.112,"Triggers": [],"Execution Time": 329.961}]
[{"Plan": {"Node Type": "Aggregate","Strategy": "Plain","Partial Mode": "Finalize","Parallel Aware": false,"Async Capable": false,"Startup Cost": 147407.88,"Total Cost": 147407.89,"Plan Rows": 1,"Plan Width": 32,"Actual Startup Time": 303.094,"Actual Total Time": 335.189,"Actual Rows": 1,"Actual Loops": 1,"Plans": [{"Node Type": "Gather","Parent Relationship": "Outer","Parallel Aware": false,"Async Capable": false,"Startup Cost": 147407.45,"Total Cost": 147407.86,"Plan Rows": 4,"Plan Width": 32,"Actual Startup Time": 302.935,"Actual Total Time": 335.157,"Actual Rows": 5,"Actual Loops": 1,"Workers Planned": 4,"Workers Launched": 4,"Single Copy": false,"Plans": [{"Node Type": "Aggregate","Strategy": "Plain","Partial Mode": "Partial","Parent Relationship": "Outer","Parallel Aware": false,"Async Capable": false,"Startup Cost": 146407.45,"Total Cost": 146407.46,"Plan Rows": 1,"Plan Width": 32,"Actual Startup Time": 295.477,"Actual Total Time": 295.478,"Actual Rows": 1,"Actual Loops": 5,"Workers": [],"Plans": [{"Node Type": "Seq Scan","Parent Relationship": "Outer","Parallel Aware": true,"Async Capable": false,"Relation Name": "lineitem","Alias": "lineitem","Startup Cost": 0.00,"Total Cost": 146259.83,"Plan Rows": 29522,"Plan Width": 12,"Actual Startup Time": 0.085,"Actual Total Time": 290.372,"Actual Rows": 23823,"Actual Loops": 5,"Filter": "((l_shipdate >= '1997-01-01'::date) AND (l_shipdate < '1998-01-01 00:00:00'::timestamp without time zone) AND (l_discount >= 0.08) AND (l_discount <= 0.10) AND (l_quantity < '25'::numeric))","Rows Removed by Filter": 1176420,"Workers": []}]}]}]},"Planning Time": 2.625,"Triggers": [],"Execution Time": 335.461}]
[{"Plan": {"Node Type": "Aggregate","Strategy": "Plain","Partial Mode": "Finalize","Parallel Aware": false,"Async Capable": false,"Startup Cost": 147400.89,"Total Cost": 147400.90,"Plan Rows": 1,"Plan Width": 32,"Actual Startup Time": 302.056,"Actual Total Time": 334.390,"Actual Rows": 1,"Actual Loops": 1,"Plans": [{"Node Type": "Gather","Parent Relationship": "Outer","Parallel Aware": false,"Async Capable": false,"Startup Cost": 147400.46,"Total Cost": 147400.87,"Plan Rows": 4,"Plan Width": 32,"Actual Startup Time": 301.887,"Actual Total Time": 334.361,"Actual Rows": 5,"Actual Loops": 1,"Workers Planned": 4,"Workers Launched": 4,"Single Copy": false,"Plans": [{"Node Type": "Aggregate","Strategy": "Plain","Partial Mode": "Partial","Parent Relationship": "Outer","Parallel Aware": false,"Async Capable": false,"Startup Cost": 146400.46,"Total Cost": 146400.47,"Plan Rows": 1,"Plan Width": 32,"Actual Startup Time": 295.081,"Actual Total Time": 295.082,"Actual Rows": 1,"Actual Loops": 5,"Workers": [],"Plans": [{"Node Type": "Seq Scan","Parent Relationship": "Outer","Parallel Aware": true,"Async Capable": false,"Relation Name": "lineitem","Alias": "lineitem","Startup Cost": 0.00,"Total Cost": 146259.83,"Plan Rows": 28125,"Plan Width": 12,"Actual Startup Time": 0.087,"Actual Total Time": 290.295,"Actual Rows": 22764,"Actual Loops": 5,"Filter": "((l_shipdate >= '1994-01-01'::date) AND (l_shipdate < '1995-01-01 00:00:00'::timestamp without time zone) AND (l_discount >= 0.08) AND (l_discount <= 0.10) AND (l_quantity < '24'::numeric))","Rows Removed by Filter": 1177479,"Workers": []}]}]}]},"Planning Time": 2.411,"Triggers": [],"Execution Time": 334.598}]
[{"Plan": {"Node Type": "Aggregate","Strategy": "Plain","Partial Mode": "Finalize","Parallel Aware": false,"Async Capable": false,"Startup Cost": 147403.42,"Total Cost": 147403.43,"Plan Rows": 1,"Plan Width": 32,"Actual Startup Time": 306.557,"Actual Total Time": 339.866,"Actual Rows": 1,"Actual Loops": 1,"Plans": [{"Node Type": "Gather","Parent Relationship": "Outer","Parallel Aware": false,"Async Capable": false,"Startup Cost": 147402.99,"Total Cost": 147403.40,"Plan Rows": 4,"Plan Width": 32,"Actual Startup Time": 306.407,"Actual Total Time": 339.827,"Actual Rows": 5,"Actual Loops": 1,"Workers Planned": 4,"Workers Launched": 4,"Single Copy": false,"Plans": [{"Node Type": "Aggregate","Strategy": "Plain","Partial Mode": "Partial","Parent Relationship": "Outer","Parallel Aware": false,"Async Capable": false,"Startup Cost": 146402.99,"Total Cost": 146403.00,"Plan Rows": 1,"Plan Width": 32,"Actual Startup Time": 298.732,"Actual Total Time": 298.734,"Actual Rows": 1,"Actual Loops": 5,"Workers": [],"Plans": [{"Node Type": "Seq Scan","Parent Relationship": "Outer","Parallel Aware": true,"Async Capable": false,"Relation Name": "lineitem","Alias": "lineitem","Startup Cost": 0.00,"Total Cost": 146259.83,"Plan Rows": 28631,"Plan Width": 12,"Actual Startup Time": 0.107,"Actual Total Time": 293.847,"Actual Rows": 22854,"Actual Loops": 5,"Filter": "((l_shipdate >= '1997-01-01'::date) AND (l_shipdate < '1998-01-01 00:00:00'::timestamp without time zone) AND (l_discount >= 0.02) AND (l_discount <= 0.04) AND (l_quantity < '24'::numeric))","Rows Removed by Filter": 1177389,"Workers": []}]}]}]},"Planning Time": 2.248,"Triggers": [],"Execution Time": 340.108}]
[{"Plan": {"Node Type": "Aggregate","Strategy": "Plain","Partial Mode": "Finalize","Parallel Aware": false,"Async Capable": false,"Startup Cost": 147408.17,"Total Cost": 147408.18,"Plan Rows": 1,"Plan Width": 32,"Actual Startup Time": 301.724,"Actual Total Time": 333.532,"Actual Rows": 1,"Actual Loops": 1,"Plans": [{"Node Type": "Gather","Parent Relationship": "Outer","Parallel Aware": false,"Async Capable": false,"Startup Cost": 147407.74,"Total Cost": 147408.15,"Plan Rows": 4,"Plan Width": 32,"Actual Startup Time": 301.549,"Actual Total Time": 333.504,"Actual Rows": 5,"Actual Loops": 1,"Workers Planned": 4,"Workers Launched": 4,"Single Copy": false,"Plans": [{"Node Type": "Aggregate","Strategy": "Plain","Partial Mode": "Partial","Parent Relationship": "Outer","Parallel Aware": false,"Async Capable": false,"Startup Cost": 146407.74,"Total Cost": 146407.75,"Plan Rows": 1,"Plan Width": 32,"Actual Startup Time": 294.892,"Actual Total Time": 294.894,"Actual Rows": 1,"Actual Loops": 5,"Workers": [],"Plans": [{"Node Type": "Seq Scan","Parent Relationship": "Outer","Parallel Aware": true,"Async Capable": false,"Relation Name": "lineitem","Alias": "lineitem","Startup Cost": 0.00,"Total Cost": 146259.83,"Plan Rows": 29580,"Plan Width": 12,"Actual Startup Time": 0.078,"Actual Total Time": 289.818,"Actual Rows": 23793,"Actual Loops": 5,"Filter": "((l_shipdate >= '1994-01-01'::date) AND (l_shipdate < '1995-01-01 00:00:00'::timestamp without time zone) AND (l_discount >= 0.07) AND (l_discount <= 0.09) AND (l_quantity < '25'::numeric))","Rows Removed by Filter": 1176450,"Workers": []}]}]}]},"Planning Time": 2.188,"Triggers": [],"Execution Time": 333.751}]
[{"Plan": {"Node Type": "Aggregate","Strategy": "Plain","Partial Mode": "Finalize","Parallel Aware": false,"Async Capable": false,"Startup Cost": 147406.90,"Total Cost": 147406.91,"Plan Rows": 1,"Plan Width": 32,"Actual Startup Time": 301.787,"Actual Total Time": 334.619,"Actual Rows": 1,"Actual Loops": 1,"Plans": [{"Node Type": "Gather","Parent Relationship": "Outer","Parallel Aware": false,"Async Capable": false,"Startup Cost": 147406.47,"Total Cost": 147406.88,"Plan Rows": 4,"Plan Width": 32,"Actual Startup Time": 301.610,"Actual Total Time": 334.598,"Actual Rows": 5,"Actual Loops": 1,"Workers Planned": 4,"Workers Launched": 4,"Single Copy": false,"Plans": [{"Node Type": "Aggregate","Strategy": "Plain","Partial Mode": "Partial","Parent Relationship": "Outer","Parallel Aware": false,"Async Capable": false,"Startup Cost": 146406.47,"Total Cost": 146406.48,"Plan Rows": 1,"Plan Width": 32,"Actual Startup Time": 294.758,"Actual Total Time": 294.760,"Actual Rows": 1,"Actual Loops": 5,"Workers": [],"Plans": [{"Node Type": "Seq Scan","Parent Relationship": "Outer","Parallel Aware": true,"Async Capable": false,"Relation Name": "lineitem","Alias": "lineitem","Startup Cost": 0.00,"Total Cost": 146259.83,"Plan Rows": 29326,"Plan Width": 12,"Actual Startup Time": 0.070,"Actual Total Time": 289.974,"Actual Rows": 22875,"Actual Loops": 5,"Filter": "((l_shipdate >= '1995-01-01'::date) AND (l_shipdate < '1996-01-01 00:00:00'::timestamp without time zone) AND (l_discount >= 0.07) AND (l_discount <= 0.09) AND (l_quantity < '24'::numeric))","Rows Removed by Filter": 1177368,"Workers": []}]}]}]},"Planning Time": 2.178,"Triggers": [],"Execution Time": 334.843}]
[{"Plan": {"Node Type": "Aggregate","Strategy": "Plain","Partial Mode": "Finalize","Parallel Aware": false,"Async Capable": false,"Startup Cost": 147412.08,"Total Cost": 147412.09,"Plan Rows": 1,"Plan Width": 32,"Actual Startup Time": 308.275,"Actual Total Time": 339.973,"Actual Rows": 1,"Actual Loops": 1,"Plans": [{"Node Type": "Gather","Parent Relationship": "Outer","Parallel Aware": false,"Async Capable": false,"Startup Cost": 147411.65,"Total Cost": 147412.06,"Plan Rows": 4,"Plan Width": 32,"Actual Startup Time": 308.122,"Actual Total Time": 339.937,"Actual Rows": 5,"Actual Loops": 1,"Workers Planned": 4,"Workers Launched": 4,"Single Copy": false,"Plans": [{"Node Type": "Aggregate","Strategy": "Plain","Partial Mode": "Partial","Parent Relationship": "Outer","Parallel Aware": false,"Async Capable": false,"Startup Cost": 146411.65,"Total Cost": 146411.66,"Plan Rows": 1,"Plan Width": 32,"Actual Startup Time": 301.158,"Actual Total Time": 301.161,"Actual Rows": 1,"Actual Loops": 5,"Workers": [],"Plans": [{"Node Type": "Seq Scan","Parent Relationship": "Outer","Parallel Aware": true,"Async Capable": false,"Relation Name": "lineitem","Alias": "lineitem","Startup Cost": 0.00,"Total Cost": 146259.83,"Plan Rows": 30362,"Plan Width": 12,"Actual Startup Time": 0.098,"Actual Total Time": 296.076,"Actual Rows": 23897,"Actual Loops": 5,"Filter": "((l_shipdate >= '1995-01-01'::date) AND (l_shipdate < '1996-01-01 00:00:00'::timestamp without time zone) AND (l_discount >= 0.08) AND (l_discount <= 0.10) AND (l_quantity < '25'::numeric))","Rows Removed by Filter": 1176346,"Workers": []}]}]}]},"Planning Time": 2.328,"Triggers": [],"Execution Time": 340.192}]
[{"Plan": {"Node Type": "Aggregate","Strategy": "Plain","Partial Mode": "Finalize","Parallel Aware": false,"Async Capable": false,"Startup Cost": 147403.40,"Total Cost": 147403.41,"Plan Rows": 1,"Plan Width": 32,"Actual Startup Time": 297.896,"Actual Total Time": 330.255,"Actual Rows": 1,"Actual Loops": 1,"Plans": [{"Node Type": "Gather","Parent Relationship": "Outer","Parallel Aware": false,"Async Capable": false,"Startup Cost": 147402.97,"Total Cost": 147403.38,"Plan Rows": 4,"Plan Width": 32,"Actual Startup Time": 297.700,"Actual Total Time": 330.225,"Actual Rows": 5,"Actual Loops": 1,"Workers Planned": 4,"Workers Launched": 4,"Single Copy": false,"Plans": [{"Node Type": "Aggregate","Strategy": "Plain","Partial Mode": "Partial","Parent Relationship": "Outer","Parallel Aware": false,"Async Capable": false,"Startup Cost": 146402.97,"Total Cost": 146402.98,"Plan Rows": 1,"Plan Width": 32,"Actual Startup Time": 290.911,"Actual Total Time": 290.913,"Actual Rows": 1,"Actual Loops": 5,"Workers": [],"Plans": [{"Node Type": "Seq Scan","Parent Relationship": "Outer","Parallel Aware": true,"Async Capable": false,"Relation Name": "lineitem","Alias": "lineitem","Startup Cost": 0.00,"Total Cost": 146259.83,"Plan Rows": 28627,"Plan Width": 12,"Actual Startup Time": 0.120,"Actual Total Time": 286.095,"Actual Rows": 22873,"Actual Loops": 5,"Filter": "((l_shipdate >= '1997-01-01'::date) AND (l_shipdate < '1998-01-01 00:00:00'::timestamp without time zone) AND (l_discount >= 0.04) AND (l_discount <= 0.06) AND (l_quantity < '24'::numeric))","Rows Removed by Filter": 1177370,"Workers": []}]}]}]},"Planning Time": 2.538,"Triggers": [],"Execution Time": 330.480}]
[{"Plan": {"Node Type": "Aggregate","Strategy": "Plain","Partial Mode": "Finalize","Parallel Aware": false,"Async Capable": false,"Startup Cost": 147413.24,"Total Cost": 147413.25,"Plan Rows": 1,"Plan Width": 32,"Actual Startup Time": 311.610,"Actual Total Time": 344.691,"Actual Rows": 1,"Actual Loops": 1,"Plans": [{"Node Type": "Gather","Parent Relationship": "Outer","Parallel Aware": false,"Async Capable": false,"Startup Cost": 147412.81,"Total Cost": 147413.22,"Plan Rows": 4,"Plan Width": 32,"Actual Startup Time": 311.435,"Actual Total Time": 344.652,"Actual Rows": 5,"Actual Loops": 1,"Workers Planned": 4,"Workers Launched": 4,"Single Copy": false,"Plans": [{"Node Type": "Aggregate","Strategy": "Plain","Partial Mode": "Partial","Parent Relationship": "Outer","Parallel Aware": false,"Async Capable": false,"Startup Cost": 146412.81,"Total Cost": 146412.82,"Plan Rows": 1,"Plan Width": 32,"Actual Startup Time": 304.075,"Actual Total Time": 304.076,"Actual Rows": 1,"Actual Loops": 5,"Workers": [],"Plans": [{"Node Type": "Seq Scan","Parent Relationship": "Outer","Parallel Aware": true,"Async Capable": false,"Relation Name": "lineitem","Alias": "lineitem","Startup Cost": 0.00,"Total Cost": 146259.83,"Plan Rows": 30594,"Plan Width": 12,"Actual Startup Time": 0.114,"Actual Total Time": 298.979,"Actual Rows": 23962,"Actual Loops": 5,"Filter": "((l_shipdate >= '1995-01-01'::date) AND (l_shipdate < '1996-01-01 00:00:00'::timestamp without time zone) AND (l_discount >= 0.05) AND (l_discount <= 0.07) AND (l_quantity < '25'::numeric))","Rows Removed by Filter": 1176281,"Workers": []}]}]}]},"Planning Time": 2.234,"Triggers": [],"Execution Time": 344.871}]
[{"Plan": {"Node Type": "Aggregate","Strategy": "Plain","Partial Mode": "Finalize","Parallel Aware": false,"Async Capable": false,"Startup Cost": 147402.78,"Total Cost": 147402.79,"Plan Rows": 1,"Plan Width": 32,"Actual Startup Time": 312.656,"Actual Total Time": 344.675,"Actual Rows": 1,"Actual Loops": 1,"Plans": [{"Node Type": "Gather","Parent Relationship": "Outer","Parallel Aware": false,"Async Capable": false,"Startup Cost": 147402.35,"Total Cost": 147402.76,"Plan Rows": 4,"Plan Width": 32,"Actual Startup Time": 312.490,"Actual Total Time": 344.644,"Actual Rows": 5,"Actual Loops": 1,"Workers Planned": 4,"Workers Launched": 4,"Single Copy": false,"Plans": [{"Node Type": "Aggregate","Strategy": "Plain","Partial Mode": "Partial","Parent Relationship": "Outer","Parallel Aware": false,"Async Capable": false,"Startup Cost": 146402.35,"Total Cost": 146402.36,"Plan Rows": 1,"Plan Width": 32,"Actual Startup Time": 305.317,"Actual Total Time": 305.318,"Actual Rows": 1,"Actual Loops": 5,"Workers": [],"Plans": [{"Node Type": "Seq Scan","Parent Relationship": "Outer","Parallel Aware": true,"Async Capable": false,"Relation Name": "lineitem","Alias": "lineitem","Startup Cost": 0.00,"Total Cost": 146259.83,"Plan Rows": 28502,"Plan Width": 12,"Actual Startup Time": 0.102,"Actual Total Time": 300.135,"Actual Rows": 22886,"Actual Loops": 5,"Filter": "((l_shipdate >= '1996-01-01'::date) AND (l_shipdate < '1997-01-01 00:00:00'::timestamp without time zone) AND (l_discount >= 0.07) AND (l_discount <= 0.09) AND (l_quantity < '24'::numeric))","Rows Removed by Filter": 1177357,"Workers": []}]}]}]},"Planning Time": 2.959,"Triggers": [],"Execution Time": 344.931}]
[{"Plan": {"Node Type": "Aggregate","Strategy": "Plain","Partial Mode": "Finalize","Parallel Aware": false,"Async Capable": false,"Startup Cost": 147405.26,"Total Cost": 147405.27,"Plan Rows": 1,"Plan Width": 32,"Actual Startup Time": 306.477,"Actual Total Time": 339.382,"Actual Rows": 1,"Actual Loops": 1,"Plans": [{"Node Type": "Gather","Parent Relationship": "Outer","Parallel Aware": false,"Async Capable": false,"Startup Cost": 147404.83,"Total Cost": 147405.24,"Plan Rows": 4,"Plan Width": 32,"Actual Startup Time": 306.305,"Actual Total Time": 339.344,"Actual Rows": 5,"Actual Loops": 1,"Workers Planned": 4,"Workers Launched": 4,"Single Copy": false,"Plans": [{"Node Type": "Aggregate","Strategy": "Plain","Partial Mode": "Partial","Parent Relationship": "Outer","Parallel Aware": false,"Async Capable": false,"Startup Cost": 146404.83,"Total Cost": 146404.84,"Plan Rows": 1,"Plan Width": 32,"Actual Startup Time": 299.014,"Actual Total Time": 299.016,"Actual Rows": 1,"Actual Loops": 5,"Workers": [],"Plans": [{"Node Type": "Seq Scan","Parent Relationship": "Outer","Parallel Aware": true,"Async Capable": false,"Relation Name": "lineitem","Alias": "lineitem","Startup Cost": 0.00,"Total Cost": 146259.83,"Plan Rows": 28999,"Plan Width": 12,"Actual Startup Time": 0.083,"Actual Total Time": 294.183,"Actual Rows": 22844,"Actual Loops": 5,"Filter": "((l_shipdate >= '1993-01-01'::date) AND (l_shipdate < '1994-01-01 00:00:00'::timestamp without time zone) AND (l_discount >= 0.06) AND (l_discount <= 0.08) AND (l_quantity < '24'::numeric))","Rows Removed by Filter": 1177399,"Workers": []}]}]}]},"Planning Time": 2.665,"Triggers": [],"Execution Time": 339.628}]
[{"Plan": {"Node Type": "Aggregate","Strategy": "Plain","Partial Mode": "Finalize","Parallel Aware": false,"Async Capable": false,"Startup Cost": 147413.88,"Total Cost": 147413.89,"Plan Rows": 1,"Plan Width": 32,"Actual Startup Time": 301.549,"Actual Total Time": 333.949,"Actual Rows": 1,"Actual Loops": 1,"Plans": [{"Node Type": "Gather","Parent Relationship": "Outer","Parallel Aware": false,"Async Capable": false,"Startup Cost": 147413.45,"Total Cost": 147413.86,"Plan Rows": 4,"Plan Width": 32,"Actual Startup Time": 301.403,"Actual Total Time": 333.922,"Actual Rows": 5,"Actual Loops": 1,"Workers Planned": 4,"Workers Launched": 4,"Single Copy": false,"Plans": [{"Node Type": "Aggregate","Strategy": "Plain","Partial Mode": "Partial","Parent Relationship": "Outer","Parallel Aware": false,"Async Capable": false,"Startup Cost": 146413.45,"Total Cost": 146413.46,"Plan Rows": 1,"Plan Width": 32,"Actual Startup Time": 294.750,"Actual Total Time": 294.752,"Actual Rows": 1,"Actual Loops": 5,"Workers": [],"Plans": [{"Node Type": "Seq Scan","Parent Relationship": "Outer","Parallel Aware": true,"Async Capable": false,"Relation Name": "lineitem","Alias": "lineitem","Startup Cost": 0.00,"Total Cost": 146259.83,"Plan Rows": 30722,"Plan Width": 12,"Actual Startup Time": 0.080,"Actual Total Time": 289.738,"Actual Rows": 24012,"Actual Loops": 5,"Filter": "((l_shipdate >= '1995-01-01'::date) AND (l_shipdate < '1996-01-01 00:00:00'::timestamp without time zone) AND (l_discount >= 0.04) AND (l_discount <= 0.06) AND (l_quantity < '25'::numeric))","Rows Removed by Filter": 1176231,"Workers": []}]}]}]},"Planning Time": 2.384,"Triggers": [],"Execution Time": 334.172}]
[{"Plan": {"Node Type": "Aggregate","Strategy": "Plain","Partial Mode": "Finalize","Parallel Aware": false,"Async Capable": false,"Startup Cost": 147409.01,"Total Cost": 147409.02,"Plan Rows": 1,"Plan Width": 32,"Actual Startup Time": 306.181,"Actual Total Time": 337.505,"Actual Rows": 1,"Actual Loops": 1,"Plans": [{"Node Type": "Gather","Parent Relationship": "Outer","Parallel Aware": false,"Async Capable": false,"Startup Cost": 147408.58,"Total Cost": 147408.99,"Plan Rows": 4,"Plan Width": 32,"Actual Startup Time": 305.971,"Actual Total Time": 337.467,"Actual Rows": 5,"Actual Loops": 1,"Workers Planned": 4,"Workers Launched": 4,"Single Copy": false,"Plans": [{"Node Type": "Aggregate","Strategy": "Plain","Partial Mode": "Partial","Parent Relationship": "Outer","Parallel Aware": false,"Async Capable": false,"Startup Cost": 146408.58,"Total Cost": 146408.59,"Plan Rows": 1,"Plan Width": 32,"Actual Startup Time": 298.385,"Actual Total Time": 298.387,"Actual Rows": 1,"Actual Loops": 5,"Workers": [],"Plans": [{"Node Type": "Seq Scan","Parent Relationship": "Outer","Parallel Aware": true,"Async Capable": false,"Relation Name": "lineitem","Alias": "lineitem","Startup Cost": 0.00,"Total Cost": 146259.83,"Plan Rows": 29748,"Plan Width": 12,"Actual Startup Time": 0.104,"Actual Total Time": 293.290,"Actual Rows": 23839,"Actual Loops": 5,"Filter": "((l_shipdate >= '1997-01-01'::date) AND (l_shipdate < '1998-01-01 00:00:00'::timestamp without time zone) AND (l_discount >= 0.05) AND (l_discount <= 0.07) AND (l_quantity < '25'::numeric))","Rows Removed by Filter": 1176404,"Workers": []}]}]}]},"Planning Time": 2.849,"Triggers": [],"Execution Time": 337.766}]
[{"Plan": {"Node Type": "Aggregate","Strategy": "Plain","Partial Mode": "Finalize","Parallel Aware": false,"Async Capable": false,"Startup Cost": 147414.87,"Total Cost": 147414.88,"Plan Rows": 1,"Plan Width": 32,"Actual Startup Time": 312.772,"Actual Total Time": 345.751,"Actual Rows": 1,"Actual Loops": 1,"Plans": [{"Node Type": "Gather","Parent Relationship": "Outer","Parallel Aware": false,"Async Capable": false,"Startup Cost": 147414.44,"Total Cost": 147414.85,"Plan Rows": 4,"Plan Width": 32,"Actual Startup Time": 312.597,"Actual Total Time": 345.709,"Actual Rows": 5,"Actual Loops": 1,"Workers Planned": 4,"Workers Launched": 4,"Single Copy": false,"Plans": [{"Node Type": "Aggregate","Strategy": "Plain","Partial Mode": "Partial","Parent Relationship": "Outer","Parallel Aware": false,"Async Capable": false,"Startup Cost": 146414.44,"Total Cost": 146414.45,"Plan Rows": 1,"Plan Width": 32,"Actual Startup Time": 305.497,"Actual Total Time": 305.499,"Actual Rows": 1,"Actual Loops": 5,"Workers": [],"Plans": [{"Node Type": "Seq Scan","Parent Relationship": "Outer","Parallel Aware": true,"Async Capable": false,"Relation Name": "lineitem","Alias": "lineitem","Startup Cost": 0.00,"Total Cost": 146259.83,"Plan Rows": 30920,"Plan Width": 12,"Actual Startup Time": 0.107,"Actual Total Time": 300.442,"Actual Rows": 23898,"Actual Loops": 5,"Filter": "((l_shipdate >= '1995-01-01'::date) AND (l_shipdate < '1996-01-01 00:00:00'::timestamp without time zone) AND (l_discount >= 0.01) AND (l_discount <= 0.03) AND (l_quantity < '25'::numeric))","Rows Removed by Filter": 1176345,"Workers": []}]}]}]},"Planning Time": 2.074,"Triggers": [],"Execution Time": 345.982}]
[{"Plan": {"Node Type": "Aggregate","Strategy": "Plain","Partial Mode": "Finalize","Parallel Aware": false,"Async Capable": false,"Startup Cost": 147409.56,"Total Cost": 147409.57,"Plan Rows": 1,"Plan Width": 32,"Actual Startup Time": 304.353,"Actual Total Time": 336.582,"Actual Rows": 1,"Actual Loops": 1,"Plans": [{"Node Type": "Gather","Parent Relationship": "Outer","Parallel Aware": false,"Async Capable": false,"Startup Cost": 147409.13,"Total Cost": 147409.54,"Plan Rows": 4,"Plan Width": 32,"Actual Startup Time": 304.189,"Actual Total Time": 336.558,"Actual Rows": 5,"Actual Loops": 1,"Workers Planned": 4,"Workers Launched": 4,"Single Copy": false,"Plans": [{"Node Type": "Aggregate","Strategy": "Plain","Partial Mode": "Partial","Parent Relationship": "Outer","Parallel Aware": false,"Async Capable": false,"Startup Cost": 146409.13,"Total Cost": 146409.14,"Plan Rows": 1,"Plan Width": 32,"Actual Startup Time": 297.692,"Actual Total Time": 297.694,"Actual Rows": 1,"Actual Loops": 5,"Workers": [],"Plans": [{"Node Type": "Seq Scan","Parent Relationship": "Outer","Parallel Aware": true,"Async Capable": false,"Relation Name": "lineitem","Alias": "lineitem","Startup Cost": 0.00,"Total Cost": 146259.83,"Plan Rows": 29858,"Plan Width": 12,"Actual Startup Time": 0.063,"Actual Total Time": 292.684,"Actual Rows": 23851,"Actual Loops": 5,"Filter": "((l_shipdate >= '1996-01-01'::date) AND (l_shipdate < '1997-01-01 00:00:00'::timestamp without time zone) AND (l_discount >= 0.04) AND (l_discount <= 0.06) AND (l_quantity < '25'::numeric))","Rows Removed by Filter": 1176392,"Workers": []}]}]}]},"Planning Time": 2.206,"Triggers": [],"Execution Time": 336.793}]
[{"Plan": {"Node Type": "Aggregate","Strategy": "Plain","Partial Mode": "Finalize","Parallel Aware": false,"Async Capable": false,"Startup Cost": 147412.08,"Total Cost": 147412.09,"Plan Rows": 1,"Plan Width": 32,"Actual Startup Time": 308.275,"Actual Total Time": 339.973,"Actual Rows": 1,"Actual Loops": 1,"Plans": [{"Node Type": "Gather","Parent Relationship": "Outer","Parallel Aware": false,"Async Capable": false,"Startup Cost": 147411.65,"Total Cost": 147412.06,"Plan Rows": 4,"Plan Width": 32,"Actual Startup Time": 308.122,"Actual Total Time": 339.937,"Actual Rows": 5,"Actual Loops": 1,"Workers Planned": 4,"Workers Launched": 4,"Single Copy": false,"Plans": [{"Node Type": "Aggregate","Strategy": "Plain","Partial Mode": "Partial","Parent Relationship": "Outer","Parallel Aware": false,"Async Capable": false,"Startup Cost": 146411.65,"Total Cost": 146411.66,"Plan Rows": 1,"Plan Width": 32,"Actual Startup Time": 301.158,"Actual Total Time": 301.161,"Actual Rows": 1,"Actual Loops": 5,"Workers": [],"Plans": [{"Node Type": "Seq Scan","Parent Relationship": "Outer","Parallel Aware": true,"Async Capable": false,"Relation Name": "lineitem","Alias": "lineitem","Startup Cost": 0.00,"Total Cost": 146259.83,"Plan Rows": 30362,"Plan Width": 12,"Actual Startup Time": 0.098,"Actual Total Time": 296.076,"Actual Rows": 23897,"Actual Loops": 5,"Filter": "((l_shipdate >= '1995-01-01'::date) AND (l_shipdate < '1996-01-01 00:00:00'::timestamp without time zone) AND (l_discount >= 0.08) AND (l_discount <= 0.10) AND (l_quantity < '25'::numeric))","Rows Removed by Filter": 1176346,"Workers": []}]}]}]},"Planning Time": 2.328,"Triggers": [],"Execution Time": 340.192}]
[{"Plan": {"Node Type": "Aggregate","Strategy": "Plain","Partial Mode": "Finalize","Parallel Aware": false,"Async Capable": false,"Startup Cost": 147408.13,"Total Cost": 147408.14,"Plan Rows": 1,"Plan Width": 32,"Actual Startup Time": 306.983,"Actual Total Time": 339.940,"Actual Rows": 1,"Actual Loops": 1,"Plans": [{"Node Type": "Gather","Parent Relationship": "Outer","Parallel Aware": false,"Async Capable": false,"Startup Cost": 147407.70,"Total Cost": 147408.11,"Plan Rows": 4,"Plan Width": 32,"Actual Startup Time": 306.825,"Actual Total Time": 339.896,"Actual Rows": 5,"Actual Loops": 1,"Workers Planned": 4,"Workers Launched": 4,"Single Copy": false,"Plans": [{"Node Type": "Aggregate","Strategy": "Plain","Partial Mode": "Partial","Parent Relationship": "Outer","Parallel Aware": false,"Async Capable": false,"Startup Cost": 146407.70,"Total Cost": 146407.71,"Plan Rows": 1,"Plan Width": 32,"Actual Startup Time": 299.736,"Actual Total Time": 299.738,"Actual Rows": 1,"Actual Loops": 5,"Workers": [],"Plans": [{"Node Type": "Seq Scan","Parent Relationship": "Outer","Parallel Aware": true,"Async Capable": false,"Relation Name": "lineitem","Alias": "lineitem","Startup Cost": 0.00,"Total Cost": 146259.83,"Plan Rows": 29572,"Plan Width": 12,"Actual Startup Time": 0.085,"Actual Total Time": 294.720,"Actual Rows": 23852,"Actual Loops": 5,"Filter": "((l_shipdate >= '1994-01-01'::date) AND (l_shipdate < '1995-01-01 00:00:00'::timestamp without time zone) AND (l_discount >= 0.05) AND (l_discount <= 0.07) AND (l_quantity < '25'::numeric))","Rows Removed by Filter": 1176391,"Workers": []}]}]}]},"Planning Time": 2.922,"Triggers": [],"Execution Time": 340.220}]
[{"Plan": {"Node Type": "Aggregate","Strategy": "Plain","Partial Mode": "Finalize","Parallel Aware": false,"Async Capable": false,"Startup Cost": 147401.66,"Total Cost": 147401.67,"Plan Rows": 1,"Plan Width": 32,"Actual Startup Time": 300.986,"Actual Total Time": 333.447,"Actual Rows": 1,"Actual Loops": 1,"Plans": [{"Node Type": "Gather","Parent Relationship": "Outer","Parallel Aware": false,"Async Capable": false,"Startup Cost": 147401.23,"Total Cost": 147401.64,"Plan Rows": 4,"Plan Width": 32,"Actual Startup Time": 300.775,"Actual Total Time": 333.412,"Actual Rows": 5,"Actual Loops": 1,"Workers Planned": 4,"Workers Launched": 4,"Single Copy": false,"Plans": [{"Node Type": "Aggregate","Strategy": "Plain","Partial Mode": "Partial","Parent Relationship": "Outer","Parallel Aware": false,"Async Capable": false,"Startup Cost": 146401.23,"Total Cost": 146401.24,"Plan Rows": 1,"Plan Width": 32,"Actual Startup Time": 294.109,"Actual Total Time": 294.111,"Actual Rows": 1,"Actual Loops": 5,"Workers": [],"Plans": [{"Node Type": "Seq Scan","Parent Relationship": "Outer","Parallel Aware": true,"Async Capable": false,"Relation Name": "lineitem","Alias": "lineitem","Startup Cost": 0.00,"Total Cost": 146259.83,"Plan Rows": 28279,"Plan Width": 12,"Actual Startup Time": 0.083,"Actual Total Time": 289.309,"Actual Rows": 22984,"Actual Loops": 5,"Filter": "((l_shipdate >= '1996-01-01'::date) AND (l_shipdate < '1997-01-01 00:00:00'::timestamp without time zone) AND (l_discount >= 0.08) AND (l_discount <= 0.10) AND (l_quantity < '24'::numeric))","Rows Removed by Filter": 1177259,"Workers": []}]}]}]},"Planning Time": 2.120,"Triggers": [],"Execution Time": 333.656}]
[{"Plan": {"Node Type": "Aggregate","Strategy": "Plain","Partial Mode": "Finalize","Parallel Aware": false,"Async Capable": false,"Startup Cost": 147403.72,"Total Cost": 147403.73,"Plan Rows": 1,"Plan Width": 32,"Actual Startup Time": 297.848,"Actual Total Time": 329.743,"Actual Rows": 1,"Actual Loops": 1,"Plans": [{"Node Type": "Gather","Parent Relationship": "Outer","Parallel Aware": false,"Async Capable": false,"Startup Cost": 147403.29,"Total Cost": 147403.70,"Plan Rows": 4,"Plan Width": 32,"Actual Startup Time": 297.724,"Actual Total Time": 329.700,"Actual Rows": 5,"Actual Loops": 1,"Workers Planned": 4,"Workers Launched": 4,"Single Copy": false,"Plans": [{"Node Type": "Aggregate","Strategy": "Plain","Partial Mode": "Partial","Parent Relationship": "Outer","Parallel Aware": false,"Async Capable": false,"Startup Cost": 146403.29,"Total Cost": 146403.30,"Plan Rows": 1,"Plan Width": 32,"Actual Startup Time": 290.963,"Actual Total Time": 290.965,"Actual Rows": 1,"Actual Loops": 5,"Workers": [],"Plans": [{"Node Type": "Seq Scan","Parent Relationship": "Outer","Parallel Aware": true,"Async Capable": false,"Relation Name": "lineitem","Alias": "lineitem","Startup Cost": 0.00,"Total Cost": 146259.83,"Plan Rows": 28690,"Plan Width": 12,"Actual Startup Time": 0.110,"Actual Total Time": 286.168,"Actual Rows": 22858,"Actual Loops": 5,"Filter": "((l_shipdate >= '1997-01-01'::date) AND (l_shipdate < '1998-01-01 00:00:00'::timestamp without time zone) AND (l_discount >= 0.06) AND (l_discount <= 0.08) AND (l_quantity < '24'::numeric))","Rows Removed by Filter": 1177385,"Workers": []}]}]}]},"Planning Time": 2.112,"Triggers": [],"Execution Time": 329.961}]
[{"Plan": {"Node Type": "Aggregate","Strategy": "Plain","Partial Mode": "Finalize","Parallel Aware": false,"Async Capable": false,"Startup Cost": 147407.32,"Total Cost": 147407.33,"Plan Rows": 1,"Plan Width": 32,"Actual Startup Time": 310.012,"Actual Total Time": 341.628,"Actual Rows": 1,"Actual Loops": 1,"Plans": [{"Node Type": "Gather","Parent Relationship": "Outer","Parallel Aware": false,"Async Capable": false,"Startup Cost": 147406.89,"Total Cost": 147407.30,"Plan Rows": 4,"Plan Width": 32,"Actual Startup Time": 309.855,"Actual Total Time": 341.581,"Actual Rows": 5,"Actual Loops": 1,"Workers Planned": 4,"Workers Launched": 4,"Single Copy": false,"Plans": [{"Node Type": "Aggregate","Strategy": "Plain","Partial Mode": "Partial","Parent Relationship": "Outer","Parallel Aware": false,"Async Capable": false,"Startup Cost": 146406.89,"Total Cost": 146406.90,"Plan Rows": 1,"Plan Width": 32,"Actual Startup Time": 302.407,"Actual Total Time": 302.408,"Actual Rows": 1,"Actual Loops": 5,"Workers": [],"Plans": [{"Node Type": "Seq Scan","Parent Relationship": "Outer","Parallel Aware": true,"Async Capable": false,"Relation Name": "lineitem","Alias": "lineitem","Startup Cost": 0.00,"Total Cost": 146259.83,"Plan Rows": 29410,"Plan Width": 12,"Actual Startup Time": 0.083,"Actual Total Time": 297.203,"Actual Rows": 23853,"Actual Loops": 5,"Filter": "((l_shipdate >= '1994-01-01'::date) AND (l_shipdate < '1995-01-01 00:00:00'::timestamp without time zone) AND (l_discount >= 0.03) AND (l_discount <= 0.05) AND (l_quantity < '25'::numeric))","Rows Removed by Filter": 1176390,"Workers": []}]}]}]},"Planning Time": 2.367,"Triggers": [],"Execution Time": 341.849}]
[{"Plan": {"Node Type": "Aggregate","Strategy": "Plain","Partial Mode": "Finalize","Parallel Aware": false,"Async Capable": false,"Startup Cost": 147409.47,"Total Cost": 147409.48,"Plan Rows": 1,"Plan Width": 32,"Actual Startup Time": 304.472,"Actual Total Time": 337.614,"Actual Rows": 1,"Actual Loops": 1,"Plans": [{"Node Type": "Gather","Parent Relationship": "Outer","Parallel Aware": false,"Async Capable": false,"Startup Cost": 147409.04,"Total Cost": 147409.45,"Plan Rows": 4,"Plan Width": 32,"Actual Startup Time": 304.285,"Actual Total Time": 337.579,"Actual Rows": 5,"Actual Loops": 1,"Workers Planned": 4,"Workers Launched": 4,"Single Copy": false,"Plans": [{"Node Type": "Aggregate","Strategy": "Plain","Partial Mode": "Partial","Parent Relationship": "Outer","Parallel Aware": false,"Async Capable": false,"Startup Cost": 146409.04,"Total Cost": 146409.05,"Plan Rows": 1,"Plan Width": 32,"Actual Startup Time": 296.729,"Actual Total Time": 296.730,"Actual Rows": 1,"Actual Loops": 5,"Workers": [],"Plans": [{"Node Type": "Seq Scan","Parent Relationship": "Outer","Parallel Aware": true,"Async Capable": false,"Relation Name": "lineitem","Alias": "lineitem","Startup Cost": 0.00,"Total Cost": 146259.83,"Plan Rows": 29840,"Plan Width": 12,"Actual Startup Time": 0.139,"Actual Total Time": 291.608,"Actual Rows": 23879,"Actual Loops": 5,"Filter": "((l_shipdate >= '1993-01-01'::date) AND (l_shipdate < '1994-01-01 00:00:00'::timestamp without time zone) AND (l_discount >= 0.08) AND (l_discount <= 0.10) AND (l_quantity < '25'::numeric))","Rows Removed by Filter": 1176364,"Workers": []}]}]}]},"Planning Time": 2.798,"Triggers": [],"Execution Time": 337.873}]
[{"Plan": {"Node Type": "Aggregate","Strategy": "Plain","Partial Mode": "Finalize","Parallel Aware": false,"Async Capable": false,"Startup Cost": 147402.87,"Total Cost": 147402.88,"Plan Rows": 1,"Plan Width": 32,"Actual Startup Time": 296.428,"Actual Total Time": 327.149,"Actual Rows": 1,"Actual Loops": 1,"Plans": [{"Node Type": "Gather","Parent Relationship": "Outer","Parallel Aware": false,"Async Capable": false,"Startup Cost": 147402.44,"Total Cost": 147402.85,"Plan Rows": 4,"Plan Width": 32,"Actual Startup Time": 296.221,"Actual Total Time": 327.118,"Actual Rows": 5,"Actual Loops": 1,"Workers Planned": 4,"Workers Launched": 4,"Single Copy": false,"Plans": [{"Node Type": "Aggregate","Strategy": "Plain","Partial Mode": "Partial","Parent Relationship": "Outer","Parallel Aware": false,"Async Capable": false,"Startup Cost": 146402.44,"Total Cost": 146402.45,"Plan Rows": 1,"Plan Width": 32,"Actual Startup Time": 289.094,"Actual Total Time": 289.097,"Actual Rows": 1,"Actual Loops": 5,"Workers": [],"Plans": [{"Node Type": "Seq Scan","Parent Relationship": "Outer","Parallel Aware": true,"Async Capable": false,"Relation Name": "lineitem","Alias": "lineitem","Startup Cost": 0.00,"Total Cost": 146259.83,"Plan Rows": 28520,"Plan Width": 12,"Actual Startup Time": 0.102,"Actual Total Time": 284.378,"Actual Rows": 22769,"Actual Loops": 5,"Filter": "((l_shipdate >= '1994-01-01'::date) AND (l_shipdate < '1995-01-01 00:00:00'::timestamp without time zone) AND (l_discount >= 0.06) AND (l_discount <= 0.08) AND (l_quantity < '24'::numeric))","Rows Removed by Filter": 1177474,"Workers": []}]}]}]},"Planning Time": 2.811,"Triggers": [],"Execution Time": 327.382}]
[{"Plan": {"Node Type": "Aggregate","Strategy": "Plain","Partial Mode": "Finalize","Parallel Aware": false,"Async Capable": false,"Startup Cost": 147409.56,"Total Cost": 147409.57,"Plan Rows": 1,"Plan Width": 32,"Actual Startup Time": 304.353,"Actual Total Time": 336.582,"Actual Rows": 1,"Actual Loops": 1,"Plans": [{"Node Type": "Gather","Parent Relationship": "Outer","Parallel Aware": false,"Async Capable": false,"Startup Cost": 147409.13,"Total Cost": 147409.54,"Plan Rows": 4,"Plan Width": 32,"Actual Startup Time": 304.189,"Actual Total Time": 336.558,"Actual Rows": 5,"Actual Loops": 1,"Workers Planned": 4,"Workers Launched": 4,"Single Copy": false,"Plans": [{"Node Type": "Aggregate","Strategy": "Plain","Partial Mode": "Partial","Parent Relationship": "Outer","Parallel Aware": false,"Async Capable": false,"Startup Cost": 146409.13,"Total Cost": 146409.14,"Plan Rows": 1,"Plan Width": 32,"Actual Startup Time": 297.692,"Actual Total Time": 297.694,"Actual Rows": 1,"Actual Loops": 5,"Workers": [],"Plans": [{"Node Type": "Seq Scan","Parent Relationship": "Outer","Parallel Aware": true,"Async Capable": false,"Relation Name": "lineitem","Alias": "lineitem","Startup Cost": 0.00,"Total Cost": 146259.83,"Plan Rows": 29858,"Plan Width": 12,"Actual Startup Time": 0.063,"Actual Total Time": 292.684,"Actual Rows": 23851,"Actual Loops": 5,"Filter": "((l_shipdate >= '1996-01-01'::date) AND (l_shipdate < '1997-01-01 00:00:00'::timestamp without time zone) AND (l_discount >= 0.04) AND (l_discount <= 0.06) AND (l_quantity < '25'::numeric))","Rows Removed by Filter": 1176392,"Workers": []}]}]}]},"Planning Time": 2.206,"Triggers": [],"Execution Time": 336.793}]
[{"Plan": {"Node Type": "Aggregate","Strategy": "Plain","Partial Mode": "Finalize","Parallel Aware": false,"Async Capable": false,"Startup Cost": 147409.96,"Total Cost": 147409.97,"Plan Rows": 1,"Plan Width": 32,"Actual Startup Time": 296.303,"Actual Total Time": 328.518,"Actual Rows": 1,"Actual Loops": 1,"Plans": [{"Node Type": "Gather","Parent Relationship": "Outer","Parallel Aware": false,"Async Capable": false,"Startup Cost": 147409.53,"Total Cost": 147409.94,"Plan Rows": 4,"Plan Width": 32,"Actual Startup Time": 296.107,"Actual Total Time": 328.484,"Actual Rows": 5,"Actual Loops": 1,"Workers Planned": 4,"Workers Launched": 4,"Single Copy": false,"Plans": [{"Node Type": "Aggregate","Strategy": "Plain","Partial Mode": "Partial","Parent Relationship": "Outer","Parallel Aware": false,"Async Capable": false,"Startup Cost": 146409.53,"Total Cost": 146409.54,"Plan Rows": 1,"Plan Width": 32,"Actual Startup Time": 289.501,"Actual Total Time": 289.502,"Actual Rows": 1,"Actual Loops": 5,"Workers": [],"Plans": [{"Node Type": "Seq Scan","Parent Relationship": "Outer","Parallel Aware": true,"Async Capable": false,"Relation Name": "lineitem","Alias": "lineitem","Startup Cost": 0.00,"Total Cost": 146259.83,"Plan Rows": 29938,"Plan Width": 12,"Actual Startup Time": 0.125,"Actual Total Time": 284.314,"Actual Rows": 23835,"Actual Loops": 5,"Filter": "((l_shipdate >= '1997-01-01'::date) AND (l_shipdate < '1998-01-01 00:00:00'::timestamp without time zone) AND (l_discount >= 0.06) AND (l_discount <= 0.08) AND (l_quantity < '25'::numeric))","Rows Removed by Filter": 1176408,"Workers": []}]}]}]},"Planning Time": 2.623,"Triggers": [],"Execution Time": 328.758}]
[{"Plan": {"Node Type": "Aggregate","Strategy": "Plain","Partial Mode": "Finalize","Parallel Aware": false,"Async Capable": false,"Startup Cost": 147414.21,"Total Cost": 147414.22,"Plan Rows": 1,"Plan Width": 32,"Actual Startup Time": 296.838,"Actual Total Time": 329.596,"Actual Rows": 1,"Actual Loops": 1,"Plans": [{"Node Type": "Gather","Parent Relationship": "Outer","Parallel Aware": false,"Async Capable": false,"Startup Cost": 147413.78,"Total Cost": 147414.19,"Plan Rows": 4,"Plan Width": 32,"Actual Startup Time": 296.698,"Actual Total Time": 329.569,"Actual Rows": 5,"Actual Loops": 1,"Workers Planned": 4,"Workers Launched": 4,"Single Copy": false,"Plans": [{"Node Type": "Aggregate","Strategy": "Plain","Partial Mode": "Partial","Parent Relationship": "Outer","Parallel Aware": false,"Async Capable": false,"Startup Cost": 146413.78,"Total Cost": 146413.79,"Plan Rows": 1,"Plan Width": 32,"Actual Startup Time": 289.758,"Actual Total Time": 289.759,"Actual Rows": 1,"Actual Loops": 5,"Workers": [],"Plans": [{"Node Type": "Seq Scan","Parent Relationship": "Outer","Parallel Aware": true,"Async Capable": false,"Relation Name": "lineitem","Alias": "lineitem","Startup Cost": 0.00,"Total Cost": 146259.83,"Plan Rows": 30789,"Plan Width": 12,"Actual Startup Time": 0.119,"Actual Total Time": 284.639,"Actual Rows": 23936,"Actual Loops": 5,"Filter": "((l_shipdate >= '1995-01-01'::date) AND (l_shipdate < '1996-01-01 00:00:00'::timestamp without time zone) AND (l_discount >= 0.06) AND (l_discount <= 0.08) AND (l_quantity < '25'::numeric))","Rows Removed by Filter": 1176307,"Workers": []}]}]}]},"Planning Time": 2.913,"Triggers": [],"Execution Time": 329.869}]
[{"Plan": {"Node Type": "Aggregate","Strategy": "Plain","Partial Mode": "Finalize","Parallel Aware": false,"Async Capable": false,"Startup Cost": 147403.35,"Total Cost": 147403.36,"Plan Rows": 1,"Plan Width": 32,"Actual Startup Time": 307.692,"Actual Total Time": 339.813,"Actual Rows": 1,"Actual Loops": 1,"Plans": [{"Node Type": "Gather","Parent Relationship": "Outer","Parallel Aware": false,"Async Capable": false,"Startup Cost": 147402.92,"Total Cost": 147403.33,"Plan Rows": 4,"Plan Width": 32,"Actual Startup Time": 307.507,"Actual Total Time": 339.774,"Actual Rows": 5,"Actual Loops": 1,"Workers Planned": 4,"Workers Launched": 4,"Single Copy": false,"Plans": [{"Node Type": "Aggregate","Strategy": "Plain","Partial Mode": "Partial","Parent Relationship": "Outer","Parallel Aware": false,"Async Capable": false,"Startup Cost": 146402.92,"Total Cost": 146402.93,"Plan Rows": 1,"Plan Width": 32,"Actual Startup Time": 300.661,"Actual Total Time": 300.663,"Actual Rows": 1,"Actual Loops": 5,"Workers": [],"Plans": [{"Node Type": "Seq Scan","Parent Relationship": "Outer","Parallel Aware": true,"Async Capable": false,"Relation Name": "lineitem","Alias": "lineitem","Startup Cost": 0.00,"Total Cost": 146259.83,"Plan Rows": 28617,"Plan Width": 12,"Actual Startup Time": 0.072,"Actual Total Time": 295.794,"Actual Rows": 22949,"Actual Loops": 5,"Filter": "((l_shipdate >= '1996-01-01'::date) AND (l_shipdate < '1997-01-01 00:00:00'::timestamp without time zone) AND (l_discount >= 0.02) AND (l_discount <= 0.04) AND (l_quantity < '24'::numeric))","Rows Removed by Filter": 1177294,"Workers": []}]}]}]},"Planning Time": 2.115,"Triggers": [],"Execution Time": 340.016}]
[{"Plan": {"Node Type": "Aggregate","Strategy": "Plain","Partial Mode": "Finalize","Parallel Aware": false,"Async Capable": false,"Startup Cost": 147404.33,"Total Cost": 147404.34,"Plan Rows": 1,"Plan Width": 32,"Actual Startup Time": 309.247,"Actual Total Time": 341.963,"Actual Rows": 1,"Actual Loops": 1,"Plans": [{"Node Type": "Gather","Parent Relationship": "Outer","Parallel Aware": false,"Async Capable": false,"Startup Cost": 147403.90,"Total Cost": 147404.31,"Plan Rows": 4,"Plan Width": 32,"Actual Startup Time": 309.077,"Actual Total Time": 341.925,"Actual Rows": 5,"Actual Loops": 1,"Workers Planned": 4,"Workers Launched": 4,"Single Copy": false,"Plans": [{"Node Type": "Aggregate","Strategy": "Plain","Partial Mode": "Partial","Parent Relationship": "Outer","Parallel Aware": false,"Async Capable": false,"Startup Cost": 146403.90,"Total Cost": 146403.91,"Plan Rows": 1,"Plan Width": 32,"Actual Startup Time": 302.050,"Actual Total Time": 302.052,"Actual Rows": 1,"Actual Loops": 5,"Workers": [],"Plans": [{"Node Type": "Seq Scan","Parent Relationship": "Outer","Parallel Aware": true,"Async Capable": false,"Relation Name": "lineitem","Alias": "lineitem","Startup Cost": 0.00,"Total Cost": 146259.83,"Plan Rows": 28812,"Plan Width": 12,"Actual Startup Time": 0.087,"Actual Total Time": 297.201,"Actual Rows": 22841,"Actual Loops": 5,"Filter": "((l_shipdate >= '1997-01-01'::date) AND (l_shipdate < '1998-01-01 00:00:00'::timestamp without time zone) AND (l_discount >= 0.01) AND (l_discount <= 0.03) AND (l_quantity < '24'::numeric))","Rows Removed by Filter": 1177402,"Workers": []}]}]}]},"Planning Time": 2.212,"Triggers": [],"Execution Time": 342.131}]
[{"Plan": {"Node Type": "Aggregate","Strategy": "Plain","Partial Mode": "Finalize","Parallel Aware": false,"Async Capable": false,"Startup Cost": 147408.19,"Total Cost": 147408.20,"Plan Rows": 1,"Plan Width": 32,"Actual Startup Time": 299.689,"Actual Total Time": 332.024,"Actual Rows": 1,"Actual Loops": 1,"Plans": [{"Node Type": "Gather","Parent Relationship": "Outer","Parallel Aware": false,"Async Capable": false,"Startup Cost": 147407.76,"Total Cost": 147408.17,"Plan Rows": 4,"Plan Width": 32,"Actual Startup Time": 299.534,"Actual Total Time": 331.996,"Actual Rows": 5,"Actual Loops": 1,"Workers Planned": 4,"Workers Launched": 4,"Single Copy": false,"Plans": [{"Node Type": "Aggregate","Strategy": "Plain","Partial Mode": "Partial","Parent Relationship": "Outer","Parallel Aware": false,"Async Capable": false,"Startup Cost": 146407.76,"Total Cost": 146407.77,"Plan Rows": 1,"Plan Width": 32,"Actual Startup Time": 293.029,"Actual Total Time": 293.030,"Actual Rows": 1,"Actual Loops": 5,"Workers": [],"Plans": [{"Node Type": "Seq Scan","Parent Relationship": "Outer","Parallel Aware": true,"Async Capable": false,"Relation Name": "lineitem","Alias": "lineitem","Startup Cost": 0.00,"Total Cost": 146259.83,"Plan Rows": 29584,"Plan Width": 12,"Actual Startup Time": 0.080,"Actual Total Time": 288.000,"Actual Rows": 23893,"Actual Loops": 5,"Filter": "((l_shipdate >= '1997-01-01'::date) AND (l_shipdate < '1998-01-01 00:00:00'::timestamp without time zone) AND (l_discount >= 0.03) AND (l_discount <= 0.05) AND (l_quantity < '25'::numeric))","Rows Removed by Filter": 1176350,"Workers": []}]}]}]},"Planning Time": 2.271,"Triggers": [],"Execution Time": 332.248}]
[{"Plan": {"Node Type": "Aggregate","Strategy": "Plain","Partial Mode": "Finalize","Parallel Aware": false,"Async Capable": false,"Startup Cost": 147402.74,"Total Cost": 147402.75,"Plan Rows": 1,"Plan Width": 32,"Actual Startup Time": 294.972,"Actual Total Time": 327.491,"Actual Rows": 1,"Actual Loops": 1,"Plans": [{"Node Type": "Gather","Parent Relationship": "Outer","Parallel Aware": false,"Async Capable": false,"Startup Cost": 147402.31,"Total Cost": 147402.72,"Plan Rows": 4,"Plan Width": 32,"Actual Startup Time": 294.803,"Actual Total Time": 327.457,"Actual Rows": 5,"Actual Loops": 1,"Workers Planned": 4,"Workers Launched": 4,"Single Copy": false,"Plans": [{"Node Type": "Aggregate","Strategy": "Plain","Partial Mode": "Partial","Parent Relationship": "Outer","Parallel Aware": false,"Async Capable": false,"Startup Cost": 146402.31,"Total Cost": 146402.32,"Plan Rows": 1,"Plan Width": 32,"Actual Startup Time": 288.287,"Actual Total Time": 288.289,"Actual Rows": 1,"Actual Loops": 5,"Workers": [],"Plans": [{"Node Type": "Seq Scan","Parent Relationship": "Outer","Parallel Aware": true,"Async Capable": false,"Relation Name": "lineitem","Alias": "lineitem","Startup Cost": 0.00,"Total Cost": 146259.83,"Plan Rows": 28495,"Plan Width": 12,"Actual Startup Time": 0.083,"Actual Total Time": 283.417,"Actual Rows": 22816,"Actual Loops": 5,"Filter": "((l_shipdate >= '1996-01-01'::date) AND (l_shipdate < '1997-01-01 00:00:00'::timestamp without time zone) AND (l_discount >= 0.05) AND (l_discount <= 0.07) AND (l_quantity < '24'::numeric))","Rows Removed by Filter": 1177427,"Workers": []}]}]}]},"Planning Time": 2.656,"Triggers": [],"Execution Time": 327.682}]
[{"Plan": {"Node Type": "Aggregate","Strategy": "Plain","Partial Mode": "Finalize","Parallel Aware": false,"Async Capable": false,"Startup Cost": 147402.00,"Total Cost": 147402.01,"Plan Rows": 1,"Plan Width": 32,"Actual Startup Time": 301.179,"Actual Total Time": 332.557,"Actual Rows": 1,"Actual Loops": 1,"Plans": [{"Node Type": "Gather","Parent Relationship": "Outer","Parallel Aware": false,"Async Capable": false,"Startup Cost": 147401.57,"Total Cost": 147401.98,"Plan Rows": 4,"Plan Width": 32,"Actual Startup Time": 300.979,"Actual Total Time": 332.537,"Actual Rows": 5,"Actual Loops": 1,"Workers Planned": 4,"Workers Launched": 4,"Single Copy": false,"Plans": [{"Node Type": "Aggregate","Strategy": "Plain","Partial Mode": "Partial","Parent Relationship": "Outer","Parallel Aware": false,"Async Capable": false,"Startup Cost": 146401.57,"Total Cost": 146401.58,"Plan Rows": 1,"Plan Width": 32,"Actual Startup Time": 294.120,"Actual Total Time": 294.122,"Actual Rows": 1,"Actual Loops": 5,"Workers": [],"Plans": [{"Node Type": "Seq Scan","Parent Relationship": "Outer","Parallel Aware": true,"Async Capable": false,"Relation Name": "lineitem","Alias": "lineitem","Startup Cost": 0.00,"Total Cost": 146259.83,"Plan Rows": 28347,"Plan Width": 12,"Actual Startup Time": 0.086,"Actual Total Time": 289.269,"Actual Rows": 22784,"Actual Loops": 5,"Filter": "((l_shipdate >= '1994-01-01'::date) AND (l_shipdate < '1995-01-01 00:00:00'::timestamp without time zone) AND (l_discount >= 0.07) AND (l_discount <= 0.09) AND (l_quantity < '24'::numeric))","Rows Removed by Filter": 1177459,"Workers": []}]}]}]},"Planning Time": 2.495,"Triggers": [],"Execution Time": 332.775}]
[{"Plan": {"Node Type": "Aggregate","Strategy": "Plain","Partial Mode": "Finalize","Parallel Aware": false,"Async Capable": false,"Startup Cost": 147408.75,"Total Cost": 147408.76,"Plan Rows": 1,"Plan Width": 32,"Actual Startup Time": 308.951,"Actual Total Time": 342.656,"Actual Rows": 1,"Actual Loops": 1,"Plans": [{"Node Type": "Gather","Parent Relationship": "Outer","Parallel Aware": false,"Async Capable": false,"Startup Cost": 147408.32,"Total Cost": 147408.73,"Plan Rows": 4,"Plan Width": 32,"Actual Startup Time": 308.754,"Actual Total Time": 342.616,"Actual Rows": 5,"Actual Loops": 1,"Workers Planned": 4,"Workers Launched": 4,"Single Copy": false,"Plans": [{"Node Type": "Aggregate","Strategy": "Plain","Partial Mode": "Partial","Parent Relationship": "Outer","Parallel Aware": false,"Async Capable": false,"Startup Cost": 146408.32,"Total Cost": 146408.33,"Plan Rows": 1,"Plan Width": 32,"Actual Startup Time": 300.851,"Actual Total Time": 300.853,"Actual Rows": 1,"Actual Loops": 5,"Workers": [],"Plans": [{"Node Type": "Seq Scan","Parent Relationship": "Outer","Parallel Aware": true,"Async Capable": false,"Relation Name": "lineitem","Alias": "lineitem","Startup Cost": 0.00,"Total Cost": 146259.83,"Plan Rows": 29696,"Plan Width": 12,"Actual Startup Time": 0.086,"Actual Total Time": 295.723,"Actual Rows": 23835,"Actual Loops": 5,"Filter": "((l_shipdate >= '1994-01-01'::date) AND (l_shipdate < '1995-01-01 00:00:00'::timestamp without time zone) AND (l_discount >= 0.04) AND (l_discount <= 0.06) AND (l_quantity < '25'::numeric))","Rows Removed by Filter": 1176408,"Workers": []}]}]}]},"Planning Time": 2.780,"Triggers": [],"Execution Time": 342.900}]
[{"Plan": {"Node Type": "Aggregate","Strategy": "Plain","Partial Mode": "Finalize","Parallel Aware": false,"Async Capable": false,"Startup Cost": 147406.05,"Total Cost": 147406.06,"Plan Rows": 1,"Plan Width": 32,"Actual Startup Time": 304.861,"Actual Total Time": 338.017,"Actual Rows": 1,"Actual Loops": 1,"Plans": [{"Node Type": "Gather","Parent Relationship": "Outer","Parallel Aware": false,"Async Capable": false,"Startup Cost": 147405.62,"Total Cost": 147406.03,"Plan Rows": 4,"Plan Width": 32,"Actual Startup Time": 304.681,"Actual Total Time": 337.993,"Actual Rows": 5,"Actual Loops": 1,"Workers Planned": 4,"Workers Launched": 4,"Single Copy": false,"Plans": [{"Node Type": "Aggregate","Strategy": "Plain","Partial Mode": "Partial","Parent Relationship": "Outer","Parallel Aware": false,"Async Capable": false,"Startup Cost": 146405.62,"Total Cost": 146405.63,"Plan Rows": 1,"Plan Width": 32,"Actual Startup Time": 297.689,"Actual Total Time": 297.690,"Actual Rows": 1,"Actual Loops": 5,"Workers": [],"Plans": [{"Node Type": "Seq Scan","Parent Relationship": "Outer","Parallel Aware": true,"Async Capable": false,"Relation Name": "lineitem","Alias": "lineitem","Startup Cost": 0.00,"Total Cost": 146259.83,"Plan Rows": 29157,"Plan Width": 12,"Actual Startup Time": 0.085,"Actual Total Time": 292.826,"Actual Rows": 22994,"Actual Loops": 5,"Filter": "((l_shipdate >= '1995-01-01'::date) AND (l_shipdate < '1996-01-01 00:00:00'::timestamp without time zone) AND (l_discount >= 0.03) AND (l_discount <= 0.05) AND (l_quantity < '24'::numeric))","Rows Removed by Filter": 1177249,"Workers": []}]}]}]},"Planning Time": 2.567,"Triggers": [],"Execution Time": 338.225}]
[{"Plan": {"Node Type": "Aggregate","Strategy": "Plain","Partial Mode": "Finalize","Parallel Aware": false,"Async Capable": false,"Startup Cost": 147408.94,"Total Cost": 147408.95,"Plan Rows": 1,"Plan Width": 32,"Actual Startup Time": 307.777,"Actual Total Time": 339.832,"Actual Rows": 1,"Actual Loops": 1,"Plans": [{"Node Type": "Gather","Parent Relationship": "Outer","Parallel Aware": false,"Async Capable": false,"Startup Cost": 147408.51,"Total Cost": 147408.92,"Plan Rows": 4,"Plan Width": 32,"Actual Startup Time": 307.577,"Actual Total Time": 339.791,"Actual Rows": 5,"Actual Loops": 1,"Workers Planned": 4,"Workers Launched": 4,"Single Copy": false,"Plans": [{"Node Type": "Aggregate","Strategy": "Plain","Partial Mode": "Partial","Parent Relationship": "Outer","Parallel Aware": false,"Async Capable": false,"Startup Cost": 146408.51,"Total Cost": 146408.52,"Plan Rows": 1,"Plan Width": 32,"Actual Startup Time": 300.529,"Actual Total Time": 300.530,"Actual Rows": 1,"Actual Loops": 5,"Workers": [],"Plans": [{"Node Type": "Seq Scan","Parent Relationship": "Outer","Parallel Aware": true,"Async Capable": false,"Relation Name": "lineitem","Alias": "lineitem","Startup Cost": 0.00,"Total Cost": 146259.83,"Plan Rows": 29734,"Plan Width": 12,"Actual Startup Time": 0.095,"Actual Total Time": 295.428,"Actual Rows": 23809,"Actual Loops": 5,"Filter": "((l_shipdate >= '1996-01-01'::date) AND (l_shipdate < '1997-01-01 00:00:00'::timestamp without time zone) AND (l_discount >= 0.05) AND (l_discount <= 0.07) AND (l_quantity < '25'::numeric))","Rows Removed by Filter": 1176434,"Workers": []}]}]}]},"Planning Time": 2.476,"Triggers": [],"Execution Time": 340.023}]
[{"Plan": {"Node Type": "Aggregate","Strategy": "Plain","Partial Mode": "Finalize","Parallel Aware": false,"Async Capable": false,"Startup Cost": 147409.47,"Total Cost": 147409.48,"Plan Rows": 1,"Plan Width": 32,"Actual Startup Time": 304.472,"Actual Total Time": 337.614,"Actual Rows": 1,"Actual Loops": 1,"Plans": [{"Node Type": "Gather","Parent Relationship": "Outer","Parallel Aware": false,"Async Capable": false,"Startup Cost": 147409.04,"Total Cost": 147409.45,"Plan Rows": 4,"Plan Width": 32,"Actual Startup Time": 304.285,"Actual Total Time": 337.579,"Actual Rows": 5,"Actual Loops": 1,"Workers Planned": 4,"Workers Launched": 4,"Single Copy": false,"Plans": [{"Node Type": "Aggregate","Strategy": "Plain","Partial Mode": "Partial","Parent Relationship": "Outer","Parallel Aware": false,"Async Capable": false,"Startup Cost": 146409.04,"Total Cost": 146409.05,"Plan Rows": 1,"Plan Width": 32,"Actual Startup Time": 296.729,"Actual Total Time": 296.730,"Actual Rows": 1,"Actual Loops": 5,"Workers": [],"Plans": [{"Node Type": "Seq Scan","Parent Relationship": "Outer","Parallel Aware": true,"Async Capable": false,"Relation Name": "lineitem","Alias": "lineitem","Startup Cost": 0.00,"Total Cost": 146259.83,"Plan Rows": 29840,"Plan Width": 12,"Actual Startup Time": 0.139,"Actual Total Time": 291.608,"Actual Rows": 23879,"Actual Loops": 5,"Filter": "((l_shipdate >= '1993-01-01'::date) AND (l_shipdate < '1994-01-01 00:00:00'::timestamp without time zone) AND (l_discount >= 0.08) AND (l_discount <= 0.10) AND (l_quantity < '25'::numeric))","Rows Removed by Filter": 1176364,"Workers": []}]}]}]},"Planning Time": 2.798,"Triggers": [],"Execution Time": 337.873}]
[{"Plan": {"Node Type": "Aggregate","Strategy": "Plain","Partial Mode": "Finalize","Parallel Aware": false,"Async Capable": false,"Startup Cost": 147403.34,"Total Cost": 147403.35,"Plan Rows": 1,"Plan Width": 32,"Actual Startup Time": 308.370,"Actual Total Time": 341.286,"Actual Rows": 1,"Actual Loops": 1,"Plans": [{"Node Type": "Gather","Parent Relationship": "Outer","Parallel Aware": false,"Async Capable": false,"Startup Cost": 147402.91,"Total Cost": 147403.32,"Plan Rows": 4,"Plan Width": 32,"Actual Startup Time": 308.172,"Actual Total Time": 341.245,"Actual Rows": 5,"Actual Loops": 1,"Workers Planned": 4,"Workers Launched": 4,"Single Copy": false,"Plans": [{"Node Type": "Aggregate","Strategy": "Plain","Partial Mode": "Partial","Parent Relationship": "Outer","Parallel Aware": false,"Async Capable": false,"Startup Cost": 146402.91,"Total Cost": 146402.92,"Plan Rows": 1,"Plan Width": 32,"Actual Startup Time": 300.890,"Actual Total Time": 300.893,"Actual Rows": 1,"Actual Loops": 5,"Workers": [],"Plans": [{"Node Type": "Seq Scan","Parent Relationship": "Outer","Parallel Aware": true,"Async Capable": false,"Relation Name": "lineitem","Alias": "lineitem","Startup Cost": 0.00,"Total Cost": 146259.83,"Plan Rows": 28614,"Plan Width": 12,"Actual Startup Time": 0.079,"Actual Total Time": 296.073,"Actual Rows": 22859,"Actual Loops": 5,"Filter": "((l_shipdate >= '1996-01-01'::date) AND (l_shipdate < '1997-01-01 00:00:00'::timestamp without time zone) AND (l_discount >= 0.04) AND (l_discount <= 0.06) AND (l_quantity < '24'::numeric))","Rows Removed by Filter": 1177384,"Workers": []}]}]}]},"Planning Time": 3.004,"Triggers": [],"Execution Time": 341.531}]
[{"Plan": {"Node Type": "Aggregate","Strategy": "Plain","Partial Mode": "Finalize","Parallel Aware": false,"Async Capable": false,"Startup Cost": 147406.05,"Total Cost": 147406.06,"Plan Rows": 1,"Plan Width": 32,"Actual Startup Time": 304.861,"Actual Total Time": 338.017,"Actual Rows": 1,"Actual Loops": 1,"Plans": [{"Node Type": "Gather","Parent Relationship": "Outer","Parallel Aware": false,"Async Capable": false,"Startup Cost": 147405.62,"Total Cost": 147406.03,"Plan Rows": 4,"Plan Width": 32,"Actual Startup Time": 304.681,"Actual Total Time": 337.993,"Actual Rows": 5,"Actual Loops": 1,"Workers Planned": 4,"Workers Launched": 4,"Single Copy": false,"Plans": [{"Node Type": "Aggregate","Strategy": "Plain","Partial Mode": "Partial","Parent Relationship": "Outer","Parallel Aware": false,"Async Capable": false,"Startup Cost": 146405.62,"Total Cost": 146405.63,"Plan Rows": 1,"Plan Width": 32,"Actual Startup Time": 297.689,"Actual Total Time": 297.690,"Actual Rows": 1,"Actual Loops": 5,"Workers": [],"Plans": [{"Node Type": "Seq Scan","Parent Relationship": "Outer","Parallel Aware": true,"Async Capable": false,"Relation Name": "lineitem","Alias": "lineitem","Startup Cost": 0.00,"Total Cost": 146259.83,"Plan Rows": 29157,"Plan Width": 12,"Actual Startup Time": 0.085,"Actual Total Time": 292.826,"Actual Rows": 22994,"Actual Loops": 5,"Filter": "((l_shipdate >= '1995-01-01'::date) AND (l_shipdate < '1996-01-01 00:00:00'::timestamp without time zone) AND (l_discount >= 0.03) AND (l_discount <= 0.05) AND (l_quantity < '24'::numeric))","Rows Removed by Filter": 1177249,"Workers": []}]}]}]},"Planning Time": 2.567,"Triggers": [],"Execution Time": 338.225}]
[{"Plan": {"Node Type": "Aggregate","Strategy": "Plain","Partial Mode": "Finalize","Parallel Aware": false,"Async Capable": false,"Startup Cost": 147403.65,"Total Cost": 147403.66,"Plan Rows": 1,"Plan Width": 32,"Actual Startup Time": 306.844,"Actual Total Time": 339.585,"Actual Rows": 1,"Actual Loops": 1,"Plans": [{"Node Type": "Gather","Parent Relationship": "Outer","Parallel Aware": false,"Async Capable": false,"Startup Cost": 147403.22,"Total Cost": 147403.63,"Plan Rows": 4,"Plan Width": 32,"Actual Startup Time": 306.631,"Actual Total Time": 339.542,"Actual Rows": 5,"Actual Loops": 1,"Workers Planned": 4,"Workers Launched": 4,"Single Copy": false,"Plans": [{"Node Type": "Aggregate","Strategy": "Plain","Partial Mode": "Partial","Parent Relationship": "Outer","Parallel Aware": false,"Async Capable": false,"Startup Cost": 146403.22,"Total Cost": 146403.23,"Plan Rows": 1,"Plan Width": 32,"Actual Startup Time": 299.600,"Actual Total Time": 299.602,"Actual Rows": 1,"Actual Loops": 5,"Workers": [],"Plans": [{"Node Type": "Seq Scan","Parent Relationship": "Outer","Parallel Aware": true,"Async Capable": false,"Relation Name": "lineitem","Alias": "lineitem","Startup Cost": 0.00,"Total Cost": 146259.83,"Plan Rows": 28677,"Plan Width": 12,"Actual Startup Time": 0.098,"Actual Total Time": 294.705,"Actual Rows": 22813,"Actual Loops": 5,"Filter": "((l_shipdate >= '1996-01-01'::date) AND (l_shipdate < '1997-01-01 00:00:00'::timestamp without time zone) AND (l_discount >= 0.06) AND (l_discount <= 0.08) AND (l_quantity < '24'::numeric))","Rows Removed by Filter": 1177430,"Workers": []}]}]}]},"Planning Time": 2.882,"Triggers": [],"Execution Time": 339.849}]
[{"Plan": {"Node Type": "Aggregate","Strategy": "Plain","Partial Mode": "Finalize","Parallel Aware": false,"Async Capable": false,"Startup Cost": 147401.19,"Total Cost": 147401.20,"Plan Rows": 1,"Plan Width": 32,"Actual Startup Time": 301.531,"Actual Total Time": 333.701,"Actual Rows": 1,"Actual Loops": 1,"Plans": [{"Node Type": "Gather","Parent Relationship": "Outer","Parallel Aware": false,"Async Capable": false,"Startup Cost": 147400.76,"Total Cost": 147401.17,"Plan Rows": 4,"Plan Width": 32,"Actual Startup Time": 301.357,"Actual Total Time": 333.674,"Actual Rows": 5,"Actual Loops": 1,"Workers Planned": 4,"Workers Launched": 4,"Single Copy": false,"Plans": [{"Node Type": "Aggregate","Strategy": "Plain","Partial Mode": "Partial","Parent Relationship": "Outer","Parallel Aware": false,"Async Capable": false,"Startup Cost": 146400.76,"Total Cost": 146400.77,"Plan Rows": 1,"Plan Width": 32,"Actual Startup Time": 294.458,"Actual Total Time": 294.460,"Actual Rows": 1,"Actual Loops": 5,"Workers": [],"Plans": [{"Node Type": "Seq Scan","Parent Relationship": "Outer","Parallel Aware": true,"Async Capable": false,"Relation Name": "lineitem","Alias": "lineitem","Startup Cost": 0.00,"Total Cost": 146259.83,"Plan Rows": 28184,"Plan Width": 12,"Actual Startup Time": 0.087,"Actual Total Time": 289.623,"Actual Rows": 22848,"Actual Loops": 5,"Filter": "((l_shipdate >= '1994-01-01'::date) AND (l_shipdate < '1995-01-01 00:00:00'::timestamp without time zone) AND (l_discount >= 0.03) AND (l_discount <= 0.05) AND (l_quantity < '24'::numeric))","Rows Removed by Filter": 1177395,"Workers": []}]}]}]},"Planning Time": 2.454,"Triggers": [],"Execution Time": 333.891}]
[{"Plan": {"Node Type": "Aggregate","Strategy": "Plain","Partial Mode": "Finalize","Parallel Aware": false,"Async Capable": false,"Startup Cost": 147413.88,"Total Cost": 147413.89,"Plan Rows": 1,"Plan Width": 32,"Actual Startup Time": 301.549,"Actual Total Time": 333.949,"Actual Rows": 1,"Actual Loops": 1,"Plans": [{"Node Type": "Gather","Parent Relationship": "Outer","Parallel Aware": false,"Async Capable": false,"Startup Cost": 147413.45,"Total Cost": 147413.86,"Plan Rows": 4,"Plan Width": 32,"Actual Startup Time": 301.403,"Actual Total Time": 333.922,"Actual Rows": 5,"Actual Loops": 1,"Workers Planned": 4,"Workers Launched": 4,"Single Copy": false,"Plans": [{"Node Type": "Aggregate","Strategy": "Plain","Partial Mode": "Partial","Parent Relationship": "Outer","Parallel Aware": false,"Async Capable": false,"Startup Cost": 146413.45,"Total Cost": 146413.46,"Plan Rows": 1,"Plan Width": 32,"Actual Startup Time": 294.750,"Actual Total Time": 294.752,"Actual Rows": 1,"Actual Loops": 5,"Workers": [],"Plans": [{"Node Type": "Seq Scan","Parent Relationship": "Outer","Parallel Aware": true,"Async Capable": false,"Relation Name": "lineitem","Alias": "lineitem","Startup Cost": 0.00,"Total Cost": 146259.83,"Plan Rows": 30722,"Plan Width": 12,"Actual Startup Time": 0.080,"Actual Total Time": 289.738,"Actual Rows": 24012,"Actual Loops": 5,"Filter": "((l_shipdate >= '1995-01-01'::date) AND (l_shipdate < '1996-01-01 00:00:00'::timestamp without time zone) AND (l_discount >= 0.04) AND (l_discount <= 0.06) AND (l_quantity < '25'::numeric))","Rows Removed by Filter": 1176231,"Workers": []}]}]}]},"Planning Time": 2.384,"Triggers": [],"Execution Time": 334.172}]
[{"Plan": {"Node Type": "Aggregate","Strategy": "Plain","Partial Mode": "Finalize","Parallel Aware": false,"Async Capable": false,"Startup Cost": 147411.25,"Total Cost": 147411.26,"Plan Rows": 1,"Plan Width": 32,"Actual Startup Time": 311.389,"Actual Total Time": 343.723,"Actual Rows": 1,"Actual Loops": 1,"Plans": [{"Node Type": "Gather","Parent Relationship": "Outer","Parallel Aware": false,"Async Capable": false,"Startup Cost": 147410.82,"Total Cost": 147411.23,"Plan Rows": 4,"Plan Width": 32,"Actual Startup Time": 311.218,"Actual Total Time": 343.674,"Actual Rows": 5,"Actual Loops": 1,"Workers Planned": 4,"Workers Launched": 4,"Single Copy": false,"Plans": [{"Node Type": "Aggregate","Strategy": "Plain","Partial Mode": "Partial","Parent Relationship": "Outer","Parallel Aware": false,"Async Capable": false,"Startup Cost": 146410.82,"Total Cost": 146410.83,"Plan Rows": 1,"Plan Width": 32,"Actual Startup Time": 304.099,"Actual Total Time": 304.100,"Actual Rows": 1,"Actual Loops": 5,"Workers": [],"Plans": [{"Node Type": "Seq Scan","Parent Relationship": "Outer","Parallel Aware": true,"Async Capable": false,"Relation Name": "lineitem","Alias": "lineitem","Startup Cost": 0.00,"Total Cost": 146259.83,"Plan Rows": 30197,"Plan Width": 12,"Actual Startup Time": 0.125,"Actual Total Time": 299.009,"Actual Rows": 23658,"Actual Loops": 5,"Filter": "((l_shipdate >= '1993-01-01'::date) AND (l_shipdate < '1994-01-01 00:00:00'::timestamp without time zone) AND (l_discount >= 0.02) AND (l_discount <= 0.04) AND (l_quantity < '25'::numeric))","Rows Removed by Filter": 1176585,"Workers": []}]}]}]},"Planning Time": 2.346,"Triggers": [],"Execution Time": 343.958}]
[{"Plan": {"Node Type": "Aggregate","Strategy": "Plain","Partial Mode": "Finalize","Parallel Aware": false,"Async Capable": false,"Startup Cost": 147413.28,"Total Cost": 147413.29,"Plan Rows": 1,"Plan Width": 32,"Actual Startup Time": 304.234,"Actual Total Time": 336.730,"Actual Rows": 1,"Actual Loops": 1,"Plans": [{"Node Type": "Gather","Parent Relationship": "Outer","Parallel Aware": false,"Async Capable": false,"Startup Cost": 147412.85,"Total Cost": 147413.26,"Plan Rows": 4,"Plan Width": 32,"Actual Startup Time": 304.079,"Actual Total Time": 336.704,"Actual Rows": 5,"Actual Loops": 1,"Workers Planned": 4,"Workers Launched": 4,"Single Copy": false,"Plans": [{"Node Type": "Aggregate","Strategy": "Plain","Partial Mode": "Partial","Parent Relationship": "Outer","Parallel Aware": false,"Async Capable": false,"Startup Cost": 146412.85,"Total Cost": 146412.86,"Plan Rows": 1,"Plan Width": 32,"Actual Startup Time": 297.451,"Actual Total Time": 297.454,"Actual Rows": 1,"Actual Loops": 5,"Workers": [],"Plans": [{"Node Type": "Seq Scan","Parent Relationship": "Outer","Parallel Aware": true,"Async Capable": false,"Relation Name": "lineitem","Alias": "lineitem","Startup Cost": 0.00,"Total Cost": 146259.83,"Plan Rows": 30602,"Plan Width": 12,"Actual Startup Time": 0.064,"Actual Total Time": 292.466,"Actual Rows": 23856,"Actual Loops": 5,"Filter": "((l_shipdate >= '1995-01-01'::date) AND (l_shipdate < '1996-01-01 00:00:00'::timestamp without time zone) AND (l_discount >= 0.07) AND (l_discount <= 0.09) AND (l_quantity < '25'::numeric))","Rows Removed by Filter": 1176387,"Workers": []}]}]}]},"Planning Time": 2.470,"Triggers": [],"Execution Time": 336.964}]
[{"Plan": {"Node Type": "Aggregate","Strategy": "Plain","Partial Mode": "Finalize","Parallel Aware": false,"Async Capable": false,"Startup Cost": 147409.47,"Total Cost": 147409.48,"Plan Rows": 1,"Plan Width": 32,"Actual Startup Time": 304.472,"Actual Total Time": 337.614,"Actual Rows": 1,"Actual Loops": 1,"Plans": [{"Node Type": "Gather","Parent Relationship": "Outer","Parallel Aware": false,"Async Capable": false,"Startup Cost": 147409.04,"Total Cost": 147409.45,"Plan Rows": 4,"Plan Width": 32,"Actual Startup Time": 304.285,"Actual Total Time": 337.579,"Actual Rows": 5,"Actual Loops": 1,"Workers Planned": 4,"Workers Launched": 4,"Single Copy": false,"Plans": [{"Node Type": "Aggregate","Strategy": "Plain","Partial Mode": "Partial","Parent Relationship": "Outer","Parallel Aware": false,"Async Capable": false,"Startup Cost": 146409.04,"Total Cost": 146409.05,"Plan Rows": 1,"Plan Width": 32,"Actual Startup Time": 296.729,"Actual Total Time": 296.730,"Actual Rows": 1,"Actual Loops": 5,"Workers": [],"Plans": [{"Node Type": "Seq Scan","Parent Relationship": "Outer","Parallel Aware": true,"Async Capable": false,"Relation Name": "lineitem","Alias": "lineitem","Startup Cost": 0.00,"Total Cost": 146259.83,"Plan Rows": 29840,"Plan Width": 12,"Actual Startup Time": 0.139,"Actual Total Time": 291.608,"Actual Rows": 23879,"Actual Loops": 5,"Filter": "((l_shipdate >= '1993-01-01'::date) AND (l_shipdate < '1994-01-01 00:00:00'::timestamp without time zone) AND (l_discount >= 0.08) AND (l_discount <= 0.10) AND (l_quantity < '25'::numeric))","Rows Removed by Filter": 1176364,"Workers": []}]}]}]},"Planning Time": 2.798,"Triggers": [],"Execution Time": 337.873}]
[{"Plan": {"Node Type": "Aggregate","Strategy": "Plain","Partial Mode": "Finalize","Parallel Aware": false,"Async Capable": false,"Startup Cost": 147404.34,"Total Cost": 147404.35,"Plan Rows": 1,"Plan Width": 32,"Actual Startup Time": 300.362,"Actual Total Time": 333.522,"Actual Rows": 1,"Actual Loops": 1,"Plans": [{"Node Type": "Gather","Parent Relationship": "Outer","Parallel Aware": false,"Async Capable": false,"Startup Cost": 147403.91,"Total Cost": 147404.32,"Plan Rows": 4,"Plan Width": 32,"Actual Startup Time": 300.181,"Actual Total Time": 333.484,"Actual Rows": 5,"Actual Loops": 1,"Workers Planned": 4,"Workers Launched": 4,"Single Copy": false,"Plans": [{"Node Type": "Aggregate","Strategy": "Plain","Partial Mode": "Partial","Parent Relationship": "Outer","Parallel Aware": false,"Async Capable": false,"Startup Cost": 146403.91,"Total Cost": 146403.92,"Plan Rows": 1,"Plan Width": 32,"Actual Startup Time": 293.530,"Actual Total Time": 293.532,"Actual Rows": 1,"Actual Loops": 5,"Workers": [],"Plans": [{"Node Type": "Seq Scan","Parent Relationship": "Outer","Parallel Aware": true,"Async Capable": false,"Relation Name": "lineitem","Alias": "lineitem","Startup Cost": 0.00,"Total Cost": 146259.83,"Plan Rows": 28815,"Plan Width": 12,"Actual Startup Time": 0.061,"Actual Total Time": 288.650,"Actual Rows": 22809,"Actual Loops": 5,"Filter": "((l_shipdate >= '1993-01-01'::date) AND (l_shipdate < '1994-01-01 00:00:00'::timestamp without time zone) AND (l_discount >= 0.05) AND (l_discount <= 0.07) AND (l_quantity < '24'::numeric))","Rows Removed by Filter": 1177434,"Workers": []}]}]}]},"Planning Time": 2.249,"Triggers": [],"Execution Time": 333.759}]
[{"Plan": {"Node Type": "Aggregate","Strategy": "Plain","Partial Mode": "Finalize","Parallel Aware": false,"Async Capable": false,"Startup Cost": 147413.88,"Total Cost": 147413.89,"Plan Rows": 1,"Plan Width": 32,"Actual Startup Time": 301.549,"Actual Total Time": 333.949,"Actual Rows": 1,"Actual Loops": 1,"Plans": [{"Node Type": "Gather","Parent Relationship": "Outer","Parallel Aware": false,"Async Capable": false,"Startup Cost": 147413.45,"Total Cost": 147413.86,"Plan Rows": 4,"Plan Width": 32,"Actual Startup Time": 301.403,"Actual Total Time": 333.922,"Actual Rows": 5,"Actual Loops": 1,"Workers Planned": 4,"Workers Launched": 4,"Single Copy": false,"Plans": [{"Node Type": "Aggregate","Strategy": "Plain","Partial Mode": "Partial","Parent Relationship": "Outer","Parallel Aware": false,"Async Capable": false,"Startup Cost": 146413.45,"Total Cost": 146413.46,"Plan Rows": 1,"Plan Width": 32,"Actual Startup Time": 294.750,"Actual Total Time": 294.752,"Actual Rows": 1,"Actual Loops": 5,"Workers": [],"Plans": [{"Node Type": "Seq Scan","Parent Relationship": "Outer","Parallel Aware": true,"Async Capable": false,"Relation Name": "lineitem","Alias": "lineitem","Startup Cost": 0.00,"Total Cost": 146259.83,"Plan Rows": 30722,"Plan Width": 12,"Actual Startup Time": 0.080,"Actual Total Time": 289.738,"Actual Rows": 24012,"Actual Loops": 5,"Filter": "((l_shipdate >= '1995-01-01'::date) AND (l_shipdate < '1996-01-01 00:00:00'::timestamp without time zone) AND (l_discount >= 0.04) AND (l_discount <= 0.06) AND (l_quantity < '25'::numeric))","Rows Removed by Filter": 1176231,"Workers": []}]}]}]},"Planning Time": 2.384,"Triggers": [],"Execution Time": 334.172}]
[{"Plan": {"Node Type": "Aggregate","Strategy": "Plain","Partial Mode": "Finalize","Parallel Aware": false,"Async Capable": false,"Startup Cost": 147414.87,"Total Cost": 147414.88,"Plan Rows": 1,"Plan Width": 32,"Actual Startup Time": 312.772,"Actual Total Time": 345.751,"Actual Rows": 1,"Actual Loops": 1,"Plans": [{"Node Type": "Gather","Parent Relationship": "Outer","Parallel Aware": false,"Async Capable": false,"Startup Cost": 147414.44,"Total Cost": 147414.85,"Plan Rows": 4,"Plan Width": 32,"Actual Startup Time": 312.597,"Actual Total Time": 345.709,"Actual Rows": 5,"Actual Loops": 1,"Workers Planned": 4,"Workers Launched": 4,"Single Copy": false,"Plans": [{"Node Type": "Aggregate","Strategy": "Plain","Partial Mode": "Partial","Parent Relationship": "Outer","Parallel Aware": false,"Async Capable": false,"Startup Cost": 146414.44,"Total Cost": 146414.45,"Plan Rows": 1,"Plan Width": 32,"Actual Startup Time": 305.497,"Actual Total Time": 305.499,"Actual Rows": 1,"Actual Loops": 5,"Workers": [],"Plans": [{"Node Type": "Seq Scan","Parent Relationship": "Outer","Parallel Aware": true,"Async Capable": false,"Relation Name": "lineitem","Alias": "lineitem","Startup Cost": 0.00,"Total Cost": 146259.83,"Plan Rows": 30920,"Plan Width": 12,"Actual Startup Time": 0.107,"Actual Total Time": 300.442,"Actual Rows": 23898,"Actual Loops": 5,"Filter": "((l_shipdate >= '1995-01-01'::date) AND (l_shipdate < '1996-01-01 00:00:00'::timestamp without time zone) AND (l_discount >= 0.01) AND (l_discount <= 0.03) AND (l_quantity < '25'::numeric))","Rows Removed by Filter": 1176345,"Workers": []}]}]}]},"Planning Time": 2.074,"Triggers": [],"Execution Time": 345.982}]
[{"Plan": {"Node Type": "Aggregate","Strategy": "Plain","Partial Mode": "Finalize","Parallel Aware": false,"Async Capable": false,"Startup Cost": 147407.01,"Total Cost": 147407.02,"Plan Rows": 1,"Plan Width": 32,"Actual Startup Time": 300.004,"Actual Total Time": 332.211,"Actual Rows": 1,"Actual Loops": 1,"Plans": [{"Node Type": "Gather","Parent Relationship": "Outer","Parallel Aware": false,"Async Capable": false,"Startup Cost": 147406.58,"Total Cost": 147406.99,"Plan Rows": 4,"Plan Width": 32,"Actual Startup Time": 299.811,"Actual Total Time": 332.172,"Actual Rows": 5,"Actual Loops": 1,"Workers Planned": 4,"Workers Launched": 4,"Single Copy": false,"Plans": [{"Node Type": "Aggregate","Strategy": "Plain","Partial Mode": "Partial","Parent Relationship": "Outer","Parallel Aware": false,"Async Capable": false,"Startup Cost": 146406.58,"Total Cost": 146406.59,"Plan Rows": 1,"Plan Width": 32,"Actual Startup Time": 293.283,"Actual Total Time": 293.285,"Actual Rows": 1,"Actual Loops": 5,"Workers": [],"Plans": [{"Node Type": "Seq Scan","Parent Relationship": "Outer","Parallel Aware": true,"Async Capable": false,"Relation Name": "lineitem","Alias": "lineitem","Startup Cost": 0.00,"Total Cost": 146259.83,"Plan Rows": 29348,"Plan Width": 12,"Actual Startup Time": 0.081,"Actual Total Time": 288.298,"Actual Rows": 23749,"Actual Loops": 5,"Filter": "((l_shipdate >= '1994-01-01'::date) AND (l_shipdate < '1995-01-01 00:00:00'::timestamp without time zone) AND (l_discount >= 0.08) AND (l_discount <= 0.10) AND (l_quantity < '25'::numeric))","Rows Removed by Filter": 1176494,"Workers": []}]}]}]},"Planning Time": 1.968,"Triggers": [],"Execution Time": 332.392}]
[{"Plan": {"Node Type": "Aggregate","Strategy": "Plain","Partial Mode": "Finalize","Parallel Aware": false,"Async Capable": false,"Startup Cost": 147407.49,"Total Cost": 147407.50,"Plan Rows": 1,"Plan Width": 32,"Actual Startup Time": 306.160,"Actual Total Time": 338.189,"Actual Rows": 1,"Actual Loops": 1,"Plans": [{"Node Type": "Gather","Parent Relationship": "Outer","Parallel Aware": false,"Async Capable": false,"Startup Cost": 147407.06,"Total Cost": 147407.47,"Plan Rows": 4,"Plan Width": 32,"Actual Startup Time": 305.981,"Actual Total Time": 338.158,"Actual Rows": 5,"Actual Loops": 1,"Workers Planned": 4,"Workers Launched": 4,"Single Copy": false,"Plans": [{"Node Type": "Aggregate","Strategy": "Plain","Partial Mode": "Partial","Parent Relationship": "Outer","Parallel Aware": false,"Async Capable": false,"Startup Cost": 146407.06,"Total Cost": 146407.07,"Plan Rows": 1,"Plan Width": 32,"Actual Startup Time": 299.065,"Actual Total Time": 299.067,"Actual Rows": 1,"Actual Loops": 5,"Workers": [],"Plans": [{"Node Type": "Seq Scan","Parent Relationship": "Outer","Parallel Aware": true,"Async Capable": false,"Relation Name": "lineitem","Alias": "lineitem","Startup Cost": 0.00,"Total Cost": 146259.83,"Plan Rows": 29445,"Plan Width": 12,"Actual Startup Time": 0.099,"Actual Total Time": 294.167,"Actual Rows": 22956,"Actual Loops": 5,"Filter": "((l_shipdate >= '1995-01-01'::date) AND (l_shipdate < '1996-01-01 00:00:00'::timestamp without time zone) AND (l_discount >= 0.02) AND (l_discount <= 0.04) AND (l_quantity < '24'::numeric))","Rows Removed by Filter": 1177287,"Workers": []}]}]}]},"Planning Time": 2.819,"Triggers": [],"Execution Time": 338.444}]
[{"Plan": {"Node Type": "Aggregate","Strategy": "Plain","Partial Mode": "Finalize","Parallel Aware": false,"Async Capable": false,"Startup Cost": 147401.97,"Total Cost": 147401.98,"Plan Rows": 1,"Plan Width": 32,"Actual Startup Time": 301.060,"Actual Total Time": 332.431,"Actual Rows": 1,"Actual Loops": 1,"Plans": [{"Node Type": "Gather","Parent Relationship": "Outer","Parallel Aware": false,"Async Capable": false,"Startup Cost": 147401.54,"Total Cost": 147401.95,"Plan Rows": 4,"Plan Width": 32,"Actual Startup Time": 300.837,"Actual Total Time": 332.404,"Actual Rows": 5,"Actual Loops": 1,"Workers Planned": 4,"Workers Launched": 4,"Single Copy": false,"Plans": [{"Node Type": "Aggregate","Strategy": "Plain","Partial Mode": "Partial","Parent Relationship": "Outer","Parallel Aware": false,"Async Capable": false,"Startup Cost": 146401.54,"Total Cost": 146401.55,"Plan Rows": 1,"Plan Width": 32,"Actual Startup Time": 294.645,"Actual Total Time": 294.646,"Actual Rows": 1,"Actual Loops": 5,"Workers": [],"Plans": [{"Node Type": "Seq Scan","Parent Relationship": "Outer","Parallel Aware": true,"Async Capable": false,"Relation Name": "lineitem","Alias": "lineitem","Startup Cost": 0.00,"Total Cost": 146259.83,"Plan Rows": 28340,"Plan Width": 12,"Actual Startup Time": 0.085,"Actual Total Time": 289.771,"Actual Rows": 22832,"Actual Loops": 5,"Filter": "((l_shipdate >= '1994-01-01'::date) AND (l_shipdate < '1995-01-01 00:00:00'::timestamp without time zone) AND (l_discount >= 0.05) AND (l_discount <= 0.07) AND (l_quantity < '24'::numeric))","Rows Removed by Filter": 1177411,"Workers": []}]}]}]},"Planning Time": 2.298,"Triggers": [],"Execution Time": 332.621}]
[{"Plan": {"Node Type": "Aggregate","Strategy": "Plain","Partial Mode": "Finalize","Parallel Aware": false,"Async Capable": false,"Startup Cost": 147401.73,"Total Cost": 147401.74,"Plan Rows": 1,"Plan Width": 32,"Actual Startup Time": 301.810,"Actual Total Time": 334.490,"Actual Rows": 1,"Actual Loops": 1,"Plans": [{"Node Type": "Gather","Parent Relationship": "Outer","Parallel Aware": false,"Async Capable": false,"Startup Cost": 147401.30,"Total Cost": 147401.71,"Plan Rows": 4,"Plan Width": 32,"Actual Startup Time": 301.661,"Actual Total Time": 334.445,"Actual Rows": 5,"Actual Loops": 1,"Workers Planned": 4,"Workers Launched": 4,"Single Copy": false,"Plans": [{"Node Type": "Aggregate","Strategy": "Plain","Partial Mode": "Partial","Parent Relationship": "Outer","Parallel Aware": false,"Async Capable": false,"Startup Cost": 146401.30,"Total Cost": 146401.31,"Plan Rows": 1,"Plan Width": 32,"Actual Startup Time": 294.744,"Actual Total Time": 294.746,"Actual Rows": 1,"Actual Loops": 5,"Workers": [],"Plans": [{"Node Type": "Seq Scan","Parent Relationship": "Outer","Parallel Aware": true,"Async Capable": false,"Relation Name": "lineitem","Alias": "lineitem","Startup Cost": 0.00,"Total Cost": 146259.83,"Plan Rows": 28292,"Plan Width": 12,"Actual Startup Time": 0.071,"Actual Total Time": 289.877,"Actual Rows": 22841,"Actual Loops": 5,"Filter": "((l_shipdate >= '1997-01-01'::date) AND (l_shipdate < '1998-01-01 00:00:00'::timestamp without time zone) AND (l_discount >= 0.08) AND (l_discount <= 0.10) AND (l_quantity < '24'::numeric))","Rows Removed by Filter": 1177402,"Workers": []}]}]}]},"Planning Time": 2.944,"Triggers": [],"Execution Time": 334.671}]
[{"Plan": {"Node Type": "Aggregate","Strategy": "Plain","Partial Mode": "Finalize","Parallel Aware": false,"Async Capable": false,"Startup Cost": 147407.01,"Total Cost": 147407.02,"Plan Rows": 1,"Plan Width": 32,"Actual Startup Time": 300.004,"Actual Total Time": 332.211,"Actual Rows": 1,"Actual Loops": 1,"Plans": [{"Node Type": "Gather","Parent Relationship": "Outer","Parallel Aware": false,"Async Capable": false,"Startup Cost": 147406.58,"Total Cost": 147406.99,"Plan Rows": 4,"Plan Width": 32,"Actual Startup Time": 299.811,"Actual Total Time": 332.172,"Actual Rows": 5,"Actual Loops": 1,"Workers Planned": 4,"Workers Launched": 4,"Single Copy": false,"Plans": [{"Node Type": "Aggregate","Strategy": "Plain","Partial Mode": "Partial","Parent Relationship": "Outer","Parallel Aware": false,"Async Capable": false,"Startup Cost": 146406.58,"Total Cost": 146406.59,"Plan Rows": 1,"Plan Width": 32,"Actual Startup Time": 293.283,"Actual Total Time": 293.285,"Actual Rows": 1,"Actual Loops": 5,"Workers": [],"Plans": [{"Node Type": "Seq Scan","Parent Relationship": "Outer","Parallel Aware": true,"Async Capable": false,"Relation Name": "lineitem","Alias": "lineitem","Startup Cost": 0.00,"Total Cost": 146259.83,"Plan Rows": 29348,"Plan Width": 12,"Actual Startup Time": 0.081,"Actual Total Time": 288.298,"Actual Rows": 23749,"Actual Loops": 5,"Filter": "((l_shipdate >= '1994-01-01'::date) AND (l_shipdate < '1995-01-01 00:00:00'::timestamp without time zone) AND (l_discount >= 0.08) AND (l_discount <= 0.10) AND (l_quantity < '25'::numeric))","Rows Removed by Filter": 1176494,"Workers": []}]}]}]},"Planning Time": 1.968,"Triggers": [],"Execution Time": 332.392}]
[{"Plan": {"Node Type": "Aggregate","Strategy": "Plain","Partial Mode": "Finalize","Parallel Aware": false,"Async Capable": false,"Startup Cost": 147408.98,"Total Cost": 147408.99,"Plan Rows": 1,"Plan Width": 32,"Actual Startup Time": 305.612,"Actual Total Time": 337.547,"Actual Rows": 1,"Actual Loops": 1,"Plans": [{"Node Type": "Gather","Parent Relationship": "Outer","Parallel Aware": false,"Async Capable": false,"Startup Cost": 147408.55,"Total Cost": 147408.96,"Plan Rows": 4,"Plan Width": 32,"Actual Startup Time": 305.438,"Actual Total Time": 337.522,"Actual Rows": 5,"Actual Loops": 1,"Workers Planned": 4,"Workers Launched": 4,"Single Copy": false,"Plans": [{"Node Type": "Aggregate","Strategy": "Plain","Partial Mode": "Partial","Parent Relationship": "Outer","Parallel Aware": false,"Async Capable": false,"Startup Cost": 146408.55,"Total Cost": 146408.56,"Plan Rows": 1,"Plan Width": 32,"Actual Startup Time": 298.406,"Actual Total Time": 298.408,"Actual Rows": 1,"Actual Loops": 5,"Workers": [],"Plans": [{"Node Type": "Seq Scan","Parent Relationship": "Outer","Parallel Aware": true,"Async Capable": false,"Relation Name": "lineitem","Alias": "lineitem","Startup Cost": 0.00,"Total Cost": 146259.83,"Plan Rows": 29742,"Plan Width": 12,"Actual Startup Time": 0.072,"Actual Total Time": 293.199,"Actual Rows": 23896,"Actual Loops": 5,"Filter": "((l_shipdate >= '1996-01-01'::date) AND (l_shipdate < '1997-01-01 00:00:00'::timestamp without time zone) AND (l_discount >= 0.07) AND (l_discount <= 0.09) AND (l_quantity < '25'::numeric))","Rows Removed by Filter": 1176347,"Workers": []}]}]}]},"Planning Time": 2.716,"Triggers": [],"Execution Time": 337.735}]
[{"Plan": {"Node Type": "Aggregate","Strategy": "Plain","Partial Mode": "Finalize","Parallel Aware": false,"Async Capable": false,"Startup Cost": 147408.17,"Total Cost": 147408.18,"Plan Rows": 1,"Plan Width": 32,"Actual Startup Time": 301.724,"Actual Total Time": 333.532,"Actual Rows": 1,"Actual Loops": 1,"Plans": [{"Node Type": "Gather","Parent Relationship": "Outer","Parallel Aware": false,"Async Capable": false,"Startup Cost": 147407.74,"Total Cost": 147408.15,"Plan Rows": 4,"Plan Width": 32,"Actual Startup Time": 301.549,"Actual Total Time": 333.504,"Actual Rows": 5,"Actual Loops": 1,"Workers Planned": 4,"Workers Launched": 4,"Single Copy": false,"Plans": [{"Node Type": "Aggregate","Strategy": "Plain","Partial Mode": "Partial","Parent Relationship": "Outer","Parallel Aware": false,"Async Capable": false,"Startup Cost": 146407.74,"Total Cost": 146407.75,"Plan Rows": 1,"Plan Width": 32,"Actual Startup Time": 294.892,"Actual Total Time": 294.894,"Actual Rows": 1,"Actual Loops": 5,"Workers": [],"Plans": [{"Node Type": "Seq Scan","Parent Relationship": "Outer","Parallel Aware": true,"Async Capable": false,"Relation Name": "lineitem","Alias": "lineitem","Startup Cost": 0.00,"Total Cost": 146259.83,"Plan Rows": 29580,"Plan Width": 12,"Actual Startup Time": 0.078,"Actual Total Time": 289.818,"Actual Rows": 23793,"Actual Loops": 5,"Filter": "((l_shipdate >= '1994-01-01'::date) AND (l_shipdate < '1995-01-01 00:00:00'::timestamp without time zone) AND (l_discount >= 0.07) AND (l_discount <= 0.09) AND (l_quantity < '25'::numeric))","Rows Removed by Filter": 1176450,"Workers": []}]}]}]},"Planning Time": 2.188,"Triggers": [],"Execution Time": 333.751}]
[{"Plan": {"Node Type": "Aggregate","Strategy": "Plain","Partial Mode": "Finalize","Parallel Aware": false,"Async Capable": false,"Startup Cost": 147401.19,"Total Cost": 147401.20,"Plan Rows": 1,"Plan Width": 32,"Actual Startup Time": 301.531,"Actual Total Time": 333.701,"Actual Rows": 1,"Actual Loops": 1,"Plans": [{"Node Type": "Gather","Parent Relationship": "Outer","Parallel Aware": false,"Async Capable": false,"Startup Cost": 147400.76,"Total Cost": 147401.17,"Plan Rows": 4,"Plan Width": 32,"Actual Startup Time": 301.357,"Actual Total Time": 333.674,"Actual Rows": 5,"Actual Loops": 1,"Workers Planned": 4,"Workers Launched": 4,"Single Copy": false,"Plans": [{"Node Type": "Aggregate","Strategy": "Plain","Partial Mode": "Partial","Parent Relationship": "Outer","Parallel Aware": false,"Async Capable": false,"Startup Cost": 146400.76,"Total Cost": 146400.77,"Plan Rows": 1,"Plan Width": 32,"Actual Startup Time": 294.458,"Actual Total Time": 294.460,"Actual Rows": 1,"Actual Loops": 5,"Workers": [],"Plans": [{"Node Type": "Seq Scan","Parent Relationship": "Outer","Parallel Aware": true,"Async Capable": false,"Relation Name": "lineitem","Alias": "lineitem","Startup Cost": 0.00,"Total Cost": 146259.83,"Plan Rows": 28184,"Plan Width": 12,"Actual Startup Time": 0.087,"Actual Total Time": 289.623,"Actual Rows": 22848,"Actual Loops": 5,"Filter": "((l_shipdate >= '1994-01-01'::date) AND (l_shipdate < '1995-01-01 00:00:00'::timestamp without time zone) AND (l_discount >= 0.03) AND (l_discount <= 0.05) AND (l_quantity < '24'::numeric))","Rows Removed by Filter": 1177395,"Workers": []}]}]}]},"Planning Time": 2.454,"Triggers": [],"Execution Time": 333.891}]
[{"Plan": {"Node Type": "Aggregate","Strategy": "Plain","Partial Mode": "Finalize","Parallel Aware": false,"Async Capable": false,"Startup Cost": 147403.25,"Total Cost": 147403.26,"Plan Rows": 1,"Plan Width": 32,"Actual Startup Time": 299.656,"Actual Total Time": 331.893,"Actual Rows": 1,"Actual Loops": 1,"Plans": [{"Node Type": "Gather","Parent Relationship": "Outer","Parallel Aware": false,"Async Capable": false,"Startup Cost": 147402.82,"Total Cost": 147403.23,"Plan Rows": 4,"Plan Width": 32,"Actual Startup Time": 299.497,"Actual Total Time": 331.872,"Actual Rows": 5,"Actual Loops": 1,"Workers Planned": 4,"Workers Launched": 4,"Single Copy": false,"Plans": [{"Node Type": "Aggregate","Strategy": "Plain","Partial Mode": "Partial","Parent Relationship": "Outer","Parallel Aware": false,"Async Capable": false,"Startup Cost": 146402.82,"Total Cost": 146402.83,"Plan Rows": 1,"Plan Width": 32,"Actual Startup Time": 292.955,"Actual Total Time": 292.957,"Actual Rows": 1,"Actual Loops": 5,"Workers": [],"Plans": [{"Node Type": "Seq Scan","Parent Relationship": "Outer","Parallel Aware": true,"Async Capable": false,"Relation Name": "lineitem","Alias": "lineitem","Startup Cost": 0.00,"Total Cost": 146259.83,"Plan Rows": 28596,"Plan Width": 12,"Actual Startup Time": 0.107,"Actual Total Time": 288.136,"Actual Rows": 22884,"Actual Loops": 5,"Filter": "((l_shipdate >= '1993-01-01'::date) AND (l_shipdate < '1994-01-01 00:00:00'::timestamp without time zone) AND (l_discount >= 0.08) AND (l_discount <= 0.10) AND (l_quantity < '24'::numeric))","Rows Removed by Filter": 1177359,"Workers": []}]}]}]},"Planning Time": 2.478,"Triggers": [],"Execution Time": 332.115}]
[{"Plan": {"Node Type": "Aggregate","Strategy": "Plain","Partial Mode": "Finalize","Parallel Aware": false,"Async Capable": false,"Startup Cost": 147401.19,"Total Cost": 147401.20,"Plan Rows": 1,"Plan Width": 32,"Actual Startup Time": 301.531,"Actual Total Time": 333.701,"Actual Rows": 1,"Actual Loops": 1,"Plans": [{"Node Type": "Gather","Parent Relationship": "Outer","Parallel Aware": false,"Async Capable": false,"Startup Cost": 147400.76,"Total Cost": 147401.17,"Plan Rows": 4,"Plan Width": 32,"Actual Startup Time": 301.357,"Actual Total Time": 333.674,"Actual Rows": 5,"Actual Loops": 1,"Workers Planned": 4,"Workers Launched": 4,"Single Copy": false,"Plans": [{"Node Type": "Aggregate","Strategy": "Plain","Partial Mode": "Partial","Parent Relationship": "Outer","Parallel Aware": false,"Async Capable": false,"Startup Cost": 146400.76,"Total Cost": 146400.77,"Plan Rows": 1,"Plan Width": 32,"Actual Startup Time": 294.458,"Actual Total Time": 294.460,"Actual Rows": 1,"Actual Loops": 5,"Workers": [],"Plans": [{"Node Type": "Seq Scan","Parent Relationship": "Outer","Parallel Aware": true,"Async Capable": false,"Relation Name": "lineitem","Alias": "lineitem","Startup Cost": 0.00,"Total Cost": 146259.83,"Plan Rows": 28184,"Plan Width": 12,"Actual Startup Time": 0.087,"Actual Total Time": 289.623,"Actual Rows": 22848,"Actual Loops": 5,"Filter": "((l_shipdate >= '1994-01-01'::date) AND (l_shipdate < '1995-01-01 00:00:00'::timestamp without time zone) AND (l_discount >= 0.03) AND (l_discount <= 0.05) AND (l_quantity < '24'::numeric))","Rows Removed by Filter": 1177395,"Workers": []}]}]}]},"Planning Time": 2.454,"Triggers": [],"Execution Time": 333.891}]
[{"Plan": {"Node Type": "Aggregate","Strategy": "Plain","Partial Mode": "Finalize","Parallel Aware": false,"Async Capable": false,"Startup Cost": 147401.66,"Total Cost": 147401.67,"Plan Rows": 1,"Plan Width": 32,"Actual Startup Time": 300.986,"Actual Total Time": 333.447,"Actual Rows": 1,"Actual Loops": 1,"Plans": [{"Node Type": "Gather","Parent Relationship": "Outer","Parallel Aware": false,"Async Capable": false,"Startup Cost": 147401.23,"Total Cost": 147401.64,"Plan Rows": 4,"Plan Width": 32,"Actual Startup Time": 300.775,"Actual Total Time": 333.412,"Actual Rows": 5,"Actual Loops": 1,"Workers Planned": 4,"Workers Launched": 4,"Single Copy": false,"Plans": [{"Node Type": "Aggregate","Strategy": "Plain","Partial Mode": "Partial","Parent Relationship": "Outer","Parallel Aware": false,"Async Capable": false,"Startup Cost": 146401.23,"Total Cost": 146401.24,"Plan Rows": 1,"Plan Width": 32,"Actual Startup Time": 294.109,"Actual Total Time": 294.111,"Actual Rows": 1,"Actual Loops": 5,"Workers": [],"Plans": [{"Node Type": "Seq Scan","Parent Relationship": "Outer","Parallel Aware": true,"Async Capable": false,"Relation Name": "lineitem","Alias": "lineitem","Startup Cost": 0.00,"Total Cost": 146259.83,"Plan Rows": 28279,"Plan Width": 12,"Actual Startup Time": 0.083,"Actual Total Time": 289.309,"Actual Rows": 22984,"Actual Loops": 5,"Filter": "((l_shipdate >= '1996-01-01'::date) AND (l_shipdate < '1997-01-01 00:00:00'::timestamp without time zone) AND (l_discount >= 0.08) AND (l_discount <= 0.10) AND (l_quantity < '24'::numeric))","Rows Removed by Filter": 1177259,"Workers": []}]}]}]},"Planning Time": 2.120,"Triggers": [],"Execution Time": 333.656}]
[{"Plan": {"Node Type": "Aggregate","Strategy": "Plain","Partial Mode": "Finalize","Parallel Aware": false,"Async Capable": false,"Startup Cost": 147410.59,"Total Cost": 147410.60,"Plan Rows": 1,"Plan Width": 32,"Actual Startup Time": 295.084,"Actual Total Time": 327.277,"Actual Rows": 1,"Actual Loops": 1,"Plans": [{"Node Type": "Gather","Parent Relationship": "Outer","Parallel Aware": false,"Async Capable": false,"Startup Cost": 147410.16,"Total Cost": 147410.57,"Plan Rows": 4,"Plan Width": 32,"Actual Startup Time": 294.923,"Actual Total Time": 327.239,"Actual Rows": 5,"Actual Loops": 1,"Workers Planned": 4,"Workers Launched": 4,"Single Copy": false,"Plans": [{"Node Type": "Aggregate","Strategy": "Plain","Partial Mode": "Partial","Parent Relationship": "Outer","Parallel Aware": false,"Async Capable": false,"Startup Cost": 146410.16,"Total Cost": 146410.17,"Plan Rows": 1,"Plan Width": 32,"Actual Startup Time": 288.077,"Actual Total Time": 288.081,"Actual Rows": 1,"Actual Loops": 5,"Workers": [],"Plans": [{"Node Type": "Seq Scan","Parent Relationship": "Outer","Parallel Aware": true,"Async Capable": false,"Relation Name": "lineitem","Alias": "lineitem","Startup Cost": 0.00,"Total Cost": 146259.83,"Plan Rows": 30065,"Plan Width": 12,"Actual Startup Time": 0.083,"Actual Total Time": 282.992,"Actual Rows": 23829,"Actual Loops": 5,"Filter": "((l_shipdate >= '1997-01-01'::date) AND (l_shipdate < '1998-01-01 00:00:00'::timestamp without time zone) AND (l_discount >= 0.01) AND (l_discount <= 0.03) AND (l_quantity < '25'::numeric))","Rows Removed by Filter": 1176414,"Workers": []}]}]}]},"Planning Time": 2.956,"Triggers": [],"Execution Time": 327.522}]
[{"Plan": {"Node Type": "Aggregate","Strategy": "Plain","Partial Mode": "Finalize","Parallel Aware": false,"Async Capable": false,"Startup Cost": 147403.55,"Total Cost": 147403.56,"Plan Rows": 1,"Plan Width": 32,"Actual Startup Time": 304.462,"Actual Total Time": 336.827,"Actual Rows": 1,"Actual Loops": 1,"Plans": [{"Node Type": "Gather","Parent Relationship": "Outer","Parallel Aware": false,"Async Capable": false,"Startup Cost": 147403.12,"Total Cost": 147403.53,"Plan Rows": 4,"Plan Width": 32,"Actual Startup Time": 304.302,"Actual Total Time": 336.806,"Actual Rows": 5,"Actual Loops": 1,"Workers Planned": 4,"Workers Launched": 4,"Single Copy": false,"Plans": [{"Node Type": "Aggregate","Strategy": "Plain","Partial Mode": "Partial","Parent Relationship": "Outer","Parallel Aware": false,"Async Capable": false,"Startup Cost": 146403.12,"Total Cost": 146403.13,"Plan Rows": 1,"Plan Width": 32,"Actual Startup Time": 297.550,"Actual Total Time": 297.553,"Actual Rows": 1,"Actual Loops": 5,"Workers": [],"Plans": [{"Node Type": "Seq Scan","Parent Relationship": "Outer","Parallel Aware": true,"Async Capable": false,"Relation Name": "lineitem","Alias": "lineitem","Startup Cost": 0.00,"Total Cost": 146259.83,"Plan Rows": 28656,"Plan Width": 12,"Actual Startup Time": 0.060,"Actual Total Time": 292.786,"Actual Rows": 22764,"Actual Loops": 5,"Filter": "((l_shipdate >= '1993-01-01'::date) AND (l_shipdate < '1994-01-01 00:00:00'::timestamp without time zone) AND (l_discount >= 0.03) AND (l_discount <= 0.05) AND (l_quantity < '24'::numeric))","Rows Removed by Filter": 1177479,"Workers": []}]}]}]},"Planning Time": 2.317,"Triggers": [],"Execution Time": 337.028}]
[{"Plan": {"Node Type": "Aggregate","Strategy": "Plain","Partial Mode": "Finalize","Parallel Aware": false,"Async Capable": false,"Startup Cost": 147409.78,"Total Cost": 147409.79,"Plan Rows": 1,"Plan Width": 32,"Actual Startup Time": 305.615,"Actual Total Time": 337.875,"Actual Rows": 1,"Actual Loops": 1,"Plans": [{"Node Type": "Gather","Parent Relationship": "Outer","Parallel Aware": false,"Async Capable": false,"Startup Cost": 147409.35,"Total Cost": 147409.76,"Plan Rows": 4,"Plan Width": 32,"Actual Startup Time": 305.450,"Actual Total Time": 337.839,"Actual Rows": 5,"Actual Loops": 1,"Workers Planned": 4,"Workers Launched": 4,"Single Copy": false,"Plans": [{"Node Type": "Aggregate","Strategy": "Plain","Partial Mode": "Partial","Parent Relationship": "Outer","Parallel Aware": false,"Async Capable": false,"Startup Cost": 146409.35,"Total Cost": 146409.36,"Plan Rows": 1,"Plan Width": 32,"Actual Startup Time": 298.600,"Actual Total Time": 298.601,"Actual Rows": 1,"Actual Loops": 5,"Workers": [],"Plans": [{"Node Type": "Seq Scan","Parent Relationship": "Outer","Parallel Aware": true,"Async Capable": false,"Relation Name": "lineitem","Alias": "lineitem","Startup Cost": 0.00,"Total Cost": 146259.83,"Plan Rows": 29903,"Plan Width": 12,"Actual Startup Time": 0.090,"Actual Total Time": 293.483,"Actual Rows": 23759,"Actual Loops": 5,"Filter": "((l_shipdate >= '1993-01-01'::date) AND (l_shipdate < '1994-01-01 00:00:00'::timestamp without time zone) AND (l_discount >= 0.03) AND (l_discount <= 0.05) AND (l_quantity < '25'::numeric))","Rows Removed by Filter": 1176484,"Workers": []}]}]}]},"Planning Time": 2.428,"Triggers": [],"Execution Time": 338.064}]
[{"Plan": {"Node Type": "Aggregate","Strategy": "Plain","Partial Mode": "Finalize","Parallel Aware": false,"Async Capable": false,"Startup Cost": 147409.01,"Total Cost": 147409.02,"Plan Rows": 1,"Plan Width": 32,"Actual Startup Time": 306.181,"Actual Total Time": 337.505,"Actual Rows": 1,"Actual Loops": 1,"Plans": [{"Node Type": "Gather","Parent Relationship": "Outer","Parallel Aware": false,"Async Capable": false,"Startup Cost": 147408.58,"Total Cost": 147408.99,"Plan Rows": 4,"Plan Width": 32,"Actual Startup Time": 305.971,"Actual Total Time": 337.467,"Actual Rows": 5,"Actual Loops": 1,"Workers Planned": 4,"Workers Launched": 4,"Single Copy": false,"Plans": [{"Node Type": "Aggregate","Strategy": "Plain","Partial Mode": "Partial","Parent Relationship": "Outer","Parallel Aware": false,"Async Capable": false,"Startup Cost": 146408.58,"Total Cost": 146408.59,"Plan Rows": 1,"Plan Width": 32,"Actual Startup Time": 298.385,"Actual Total Time": 298.387,"Actual Rows": 1,"Actual Loops": 5,"Workers": [],"Plans": [{"Node Type": "Seq Scan","Parent Relationship": "Outer","Parallel Aware": true,"Async Capable": false,"Relation Name": "lineitem","Alias": "lineitem","Startup Cost": 0.00,"Total Cost": 146259.83,"Plan Rows": 29748,"Plan Width": 12,"Actual Startup Time": 0.104,"Actual Total Time": 293.290,"Actual Rows": 23839,"Actual Loops": 5,"Filter": "((l_shipdate >= '1997-01-01'::date) AND (l_shipdate < '1998-01-01 00:00:00'::timestamp without time zone) AND (l_discount >= 0.05) AND (l_discount <= 0.07) AND (l_quantity < '25'::numeric))","Rows Removed by Filter": 1176404,"Workers": []}]}]}]},"Planning Time": 2.849,"Triggers": [],"Execution Time": 337.766}]
[{"Plan": {"Node Type": "Aggregate","Strategy": "Plain","Partial Mode": "Finalize","Parallel Aware": false,"Async Capable": false,"Startup Cost": 147403.72,"Total Cost": 147403.73,"Plan Rows": 1,"Plan Width": 32,"Actual Startup Time": 297.848,"Actual Total Time": 329.743,"Actual Rows": 1,"Actual Loops": 1,"Plans": [{"Node Type": "Gather","Parent Relationship": "Outer","Parallel Aware": false,"Async Capable": false,"Startup Cost": 147403.29,"Total Cost": 147403.70,"Plan Rows": 4,"Plan Width": 32,"Actual Startup Time": 297.724,"Actual Total Time": 329.700,"Actual Rows": 5,"Actual Loops": 1,"Workers Planned": 4,"Workers Launched": 4,"Single Copy": false,"Plans": [{"Node Type": "Aggregate","Strategy": "Plain","Partial Mode": "Partial","Parent Relationship": "Outer","Parallel Aware": false,"Async Capable": false,"Startup Cost": 146403.29,"Total Cost": 146403.30,"Plan Rows": 1,"Plan Width": 32,"Actual Startup Time": 290.963,"Actual Total Time": 290.965,"Actual Rows": 1,"Actual Loops": 5,"Workers": [],"Plans": [{"Node Type": "Seq Scan","Parent Relationship": "Outer","Parallel Aware": true,"Async Capable": false,"Relation Name": "lineitem","Alias": "lineitem","Startup Cost": 0.00,"Total Cost": 146259.83,"Plan Rows": 28690,"Plan Width": 12,"Actual Startup Time": 0.110,"Actual Total Time": 286.168,"Actual Rows": 22858,"Actual Loops": 5,"Filter": "((l_shipdate >= '1997-01-01'::date) AND (l_shipdate < '1998-01-01 00:00:00'::timestamp without time zone) AND (l_discount >= 0.06) AND (l_discount <= 0.08) AND (l_quantity < '24'::numeric))","Rows Removed by Filter": 1177385,"Workers": []}]}]}]},"Planning Time": 2.112,"Triggers": [],"Execution Time": 329.961}]
[{"Plan": {"Node Type": "Aggregate","Strategy": "Plain","Partial Mode": "Finalize","Parallel Aware": false,"Async Capable": false,"Startup Cost": 147406.05,"Total Cost": 147406.06,"Plan Rows": 1,"Plan Width": 32,"Actual Startup Time": 304.861,"Actual Total Time": 338.017,"Actual Rows": 1,"Actual Loops": 1,"Plans": [{"Node Type": "Gather","Parent Relationship": "Outer","Parallel Aware": false,"Async Capable": false,"Startup Cost": 147405.62,"Total Cost": 147406.03,"Plan Rows": 4,"Plan Width": 32,"Actual Startup Time": 304.681,"Actual Total Time": 337.993,"Actual Rows": 5,"Actual Loops": 1,"Workers Planned": 4,"Workers Launched": 4,"Single Copy": false,"Plans": [{"Node Type": "Aggregate","Strategy": "Plain","Partial Mode": "Partial","Parent Relationship": "Outer","Parallel Aware": false,"Async Capable": false,"Startup Cost": 146405.62,"Total Cost": 146405.63,"Plan Rows": 1,"Plan Width": 32,"Actual Startup Time": 297.689,"Actual Total Time": 297.690,"Actual Rows": 1,"Actual Loops": 5,"Workers": [],"Plans": [{"Node Type": "Seq Scan","Parent Relationship": "Outer","Parallel Aware": true,"Async Capable": false,"Relation Name": "lineitem","Alias": "lineitem","Startup Cost": 0.00,"Total Cost": 146259.83,"Plan Rows": 29157,"Plan Width": 12,"Actual Startup Time": 0.085,"Actual Total Time": 292.826,"Actual Rows": 22994,"Actual Loops": 5,"Filter": "((l_shipdate >= '1995-01-01'::date) AND (l_shipdate < '1996-01-01 00:00:00'::timestamp without time zone) AND (l_discount >= 0.03) AND (l_discount <= 0.05) AND (l_quantity < '24'::numeric))","Rows Removed by Filter": 1177249,"Workers": []}]}]}]},"Planning Time": 2.567,"Triggers": [],"Execution Time": 338.225}]
[{"Plan": {"Node Type": "Aggregate","Strategy": "Plain","Partial Mode": "Finalize","Parallel Aware": false,"Async Capable": false,"Startup Cost": 147401.73,"Total Cost": 147401.74,"Plan Rows": 1,"Plan Width": 32,"Actual Startup Time": 301.810,"Actual Total Time": 334.490,"Actual Rows": 1,"Actual Loops": 1,"Plans": [{"Node Type": "Gather","Parent Relationship": "Outer","Parallel Aware": false,"Async Capable": false,"Startup Cost": 147401.30,"Total Cost": 147401.71,"Plan Rows": 4,"Plan Width": 32,"Actual Startup Time": 301.661,"Actual Total Time": 334.445,"Actual Rows": 5,"Actual Loops": 1,"Workers Planned": 4,"Workers Launched": 4,"Single Copy": false,"Plans": [{"Node Type": "Aggregate","Strategy": "Plain","Partial Mode": "Partial","Parent Relationship": "Outer","Parallel Aware": false,"Async Capable": false,"Startup Cost": 146401.30,"Total Cost": 146401.31,"Plan Rows": 1,"Plan Width": 32,"Actual Startup Time": 294.744,"Actual Total Time": 294.746,"Actual Rows": 1,"Actual Loops": 5,"Workers": [],"Plans": [{"Node Type": "Seq Scan","Parent Relationship": "Outer","Parallel Aware": true,"Async Capable": false,"Relation Name": "lineitem","Alias": "lineitem","Startup Cost": 0.00,"Total Cost": 146259.83,"Plan Rows": 28292,"Plan Width": 12,"Actual Startup Time": 0.071,"Actual Total Time": 289.877,"Actual Rows": 22841,"Actual Loops": 5,"Filter": "((l_shipdate >= '1997-01-01'::date) AND (l_shipdate < '1998-01-01 00:00:00'::timestamp without time zone) AND (l_discount >= 0.08) AND (l_discount <= 0.10) AND (l_quantity < '24'::numeric))","Rows Removed by Filter": 1177402,"Workers": []}]}]}]},"Planning Time": 2.944,"Triggers": [],"Execution Time": 334.671}]
[{"Plan": {"Node Type": "Aggregate","Strategy": "Plain","Partial Mode": "Finalize","Parallel Aware": false,"Async Capable": false,"Startup Cost": 147409.78,"Total Cost": 147409.79,"Plan Rows": 1,"Plan Width": 32,"Actual Startup Time": 305.615,"Actual Total Time": 337.875,"Actual Rows": 1,"Actual Loops": 1,"Plans": [{"Node Type": "Gather","Parent Relationship": "Outer","Parallel Aware": false,"Async Capable": false,"Startup Cost": 147409.35,"Total Cost": 147409.76,"Plan Rows": 4,"Plan Width": 32,"Actual Startup Time": 305.450,"Actual Total Time": 337.839,"Actual Rows": 5,"Actual Loops": 1,"Workers Planned": 4,"Workers Launched": 4,"Single Copy": false,"Plans": [{"Node Type": "Aggregate","Strategy": "Plain","Partial Mode": "Partial","Parent Relationship": "Outer","Parallel Aware": false,"Async Capable": false,"Startup Cost": 146409.35,"Total Cost": 146409.36,"Plan Rows": 1,"Plan Width": 32,"Actual Startup Time": 298.600,"Actual Total Time": 298.601,"Actual Rows": 1,"Actual Loops": 5,"Workers": [],"Plans": [{"Node Type": "Seq Scan","Parent Relationship": "Outer","Parallel Aware": true,"Async Capable": false,"Relation Name": "lineitem","Alias": "lineitem","Startup Cost": 0.00,"Total Cost": 146259.83,"Plan Rows": 29903,"Plan Width": 12,"Actual Startup Time": 0.090,"Actual Total Time": 293.483,"Actual Rows": 23759,"Actual Loops": 5,"Filter": "((l_shipdate >= '1993-01-01'::date) AND (l_shipdate < '1994-01-01 00:00:00'::timestamp without time zone) AND (l_discount >= 0.03) AND (l_discount <= 0.05) AND (l_quantity < '25'::numeric))","Rows Removed by Filter": 1176484,"Workers": []}]}]}]},"Planning Time": 2.428,"Triggers": [],"Execution Time": 338.064}]
[{"Plan": {"Node Type": "Aggregate","Strategy": "Plain","Partial Mode": "Finalize","Parallel Aware": false,"Async Capable": false,"Startup Cost": 147411.25,"Total Cost": 147411.26,"Plan Rows": 1,"Plan Width": 32,"Actual Startup Time": 311.389,"Actual Total Time": 343.723,"Actual Rows": 1,"Actual Loops": 1,"Plans": [{"Node Type": "Gather","Parent Relationship": "Outer","Parallel Aware": false,"Async Capable": false,"Startup Cost": 147410.82,"Total Cost": 147411.23,"Plan Rows": 4,"Plan Width": 32,"Actual Startup Time": 311.218,"Actual Total Time": 343.674,"Actual Rows": 5,"Actual Loops": 1,"Workers Planned": 4,"Workers Launched": 4,"Single Copy": false,"Plans": [{"Node Type": "Aggregate","Strategy": "Plain","Partial Mode": "Partial","Parent Relationship": "Outer","Parallel Aware": false,"Async Capable": false,"Startup Cost": 146410.82,"Total Cost": 146410.83,"Plan Rows": 1,"Plan Width": 32,"Actual Startup Time": 304.099,"Actual Total Time": 304.100,"Actual Rows": 1,"Actual Loops": 5,"Workers": [],"Plans": [{"Node Type": "Seq Scan","Parent Relationship": "Outer","Parallel Aware": true,"Async Capable": false,"Relation Name": "lineitem","Alias": "lineitem","Startup Cost": 0.00,"Total Cost": 146259.83,"Plan Rows": 30197,"Plan Width": 12,"Actual Startup Time": 0.125,"Actual Total Time": 299.009,"Actual Rows": 23658,"Actual Loops": 5,"Filter": "((l_shipdate >= '1993-01-01'::date) AND (l_shipdate < '1994-01-01 00:00:00'::timestamp without time zone) AND (l_discount >= 0.02) AND (l_discount <= 0.04) AND (l_quantity < '25'::numeric))","Rows Removed by Filter": 1176585,"Workers": []}]}]}]},"Planning Time": 2.346,"Triggers": [],"Execution Time": 343.958}]
[{"Plan": {"Node Type": "Aggregate","Strategy": "Plain","Partial Mode": "Finalize","Parallel Aware": false,"Async Capable": false,"Startup Cost": 147408.12,"Total Cost": 147408.13,"Plan Rows": 1,"Plan Width": 32,"Actual Startup Time": 302.869,"Actual Total Time": 334.962,"Actual Rows": 1,"Actual Loops": 1,"Plans": [{"Node Type": "Gather","Parent Relationship": "Outer","Parallel Aware": false,"Async Capable": false,"Startup Cost": 147407.69,"Total Cost": 147408.10,"Plan Rows": 4,"Plan Width": 32,"Actual Startup Time": 302.692,"Actual Total Time": 334.930,"Actual Rows": 5,"Actual Loops": 1,"Workers Planned": 4,"Workers Launched": 4,"Single Copy": false,"Plans": [{"Node Type": "Aggregate","Strategy": "Plain","Partial Mode": "Partial","Parent Relationship": "Outer","Parallel Aware": false,"Async Capable": false,"Startup Cost": 146407.69,"Total Cost": 146407.70,"Plan Rows": 1,"Plan Width": 32,"Actual Startup Time": 295.948,"Actual Total Time": 295.950,"Actual Rows": 1,"Actual Loops": 5,"Workers": [],"Plans": [{"Node Type": "Seq Scan","Parent Relationship": "Outer","Parallel Aware": true,"Async Capable": false,"Relation Name": "lineitem","Alias": "lineitem","Startup Cost": 0.00,"Total Cost": 146259.83,"Plan Rows": 29571,"Plan Width": 12,"Actual Startup Time": 0.058,"Actual Total Time": 290.841,"Actual Rows": 23866,"Actual Loops": 5,"Filter": "((l_shipdate >= '1996-01-01'::date) AND (l_shipdate < '1997-01-01 00:00:00'::timestamp without time zone) AND (l_discount >= 0.03) AND (l_discount <= 0.05) AND (l_quantity < '25'::numeric))","Rows Removed by Filter": 1176377,"Workers": []}]}]}]},"Planning Time": 2.159,"Triggers": [],"Execution Time": 335.158}]
[{"Plan": {"Node Type": "Aggregate","Strategy": "Plain","Partial Mode": "Finalize","Parallel Aware": false,"Async Capable": false,"Startup Cost": 147409.78,"Total Cost": 147409.79,"Plan Rows": 1,"Plan Width": 32,"Actual Startup Time": 305.615,"Actual Total Time": 337.875,"Actual Rows": 1,"Actual Loops": 1,"Plans": [{"Node Type": "Gather","Parent Relationship": "Outer","Parallel Aware": false,"Async Capable": false,"Startup Cost": 147409.35,"Total Cost": 147409.76,"Plan Rows": 4,"Plan Width": 32,"Actual Startup Time": 305.450,"Actual Total Time": 337.839,"Actual Rows": 5,"Actual Loops": 1,"Workers Planned": 4,"Workers Launched": 4,"Single Copy": false,"Plans": [{"Node Type": "Aggregate","Strategy": "Plain","Partial Mode": "Partial","Parent Relationship": "Outer","Parallel Aware": false,"Async Capable": false,"Startup Cost": 146409.35,"Total Cost": 146409.36,"Plan Rows": 1,"Plan Width": 32,"Actual Startup Time": 298.600,"Actual Total Time": 298.601,"Actual Rows": 1,"Actual Loops": 5,"Workers": [],"Plans": [{"Node Type": "Seq Scan","Parent Relationship": "Outer","Parallel Aware": true,"Async Capable": false,"Relation Name": "lineitem","Alias": "lineitem","Startup Cost": 0.00,"Total Cost": 146259.83,"Plan Rows": 29903,"Plan Width": 12,"Actual Startup Time": 0.090,"Actual Total Time": 293.483,"Actual Rows": 23759,"Actual Loops": 5,"Filter": "((l_shipdate >= '1993-01-01'::date) AND (l_shipdate < '1994-01-01 00:00:00'::timestamp without time zone) AND (l_discount >= 0.03) AND (l_discount <= 0.05) AND (l_quantity < '25'::numeric))","Rows Removed by Filter": 1176484,"Workers": []}]}]}]},"Planning Time": 2.428,"Triggers": [],"Execution Time": 338.064}]
[{"Plan": {"Node Type": "Aggregate","Strategy": "Plain","Partial Mode": "Finalize","Parallel Aware": false,"Async Capable": false,"Startup Cost": 147407.01,"Total Cost": 147407.02,"Plan Rows": 1,"Plan Width": 32,"Actual Startup Time": 300.004,"Actual Total Time": 332.211,"Actual Rows": 1,"Actual Loops": 1,"Plans": [{"Node Type": "Gather","Parent Relationship": "Outer","Parallel Aware": false,"Async Capable": false,"Startup Cost": 147406.58,"Total Cost": 147406.99,"Plan Rows": 4,"Plan Width": 32,"Actual Startup Time": 299.811,"Actual Total Time": 332.172,"Actual Rows": 5,"Actual Loops": 1,"Workers Planned": 4,"Workers Launched": 4,"Single Copy": false,"Plans": [{"Node Type": "Aggregate","Strategy": "Plain","Partial Mode": "Partial","Parent Relationship": "Outer","Parallel Aware": false,"Async Capable": false,"Startup Cost": 146406.58,"Total Cost": 146406.59,"Plan Rows": 1,"Plan Width": 32,"Actual Startup Time": 293.283,"Actual Total Time": 293.285,"Actual Rows": 1,"Actual Loops": 5,"Workers": [],"Plans": [{"Node Type": "Seq Scan","Parent Relationship": "Outer","Parallel Aware": true,"Async Capable": false,"Relation Name": "lineitem","Alias": "lineitem","Startup Cost": 0.00,"Total Cost": 146259.83,"Plan Rows": 29348,"Plan Width": 12,"Actual Startup Time": 0.081,"Actual Total Time": 288.298,"Actual Rows": 23749,"Actual Loops": 5,"Filter": "((l_shipdate >= '1994-01-01'::date) AND (l_shipdate < '1995-01-01 00:00:00'::timestamp without time zone) AND (l_discount >= 0.08) AND (l_discount <= 0.10) AND (l_quantity < '25'::numeric))","Rows Removed by Filter": 1176494,"Workers": []}]}]}]},"Planning Time": 1.968,"Triggers": [],"Execution Time": 332.392}]
[{"Plan": {"Node Type": "Aggregate","Strategy": "Plain","Partial Mode": "Finalize","Parallel Aware": false,"Async Capable": false,"Startup Cost": 147403.55,"Total Cost": 147403.56,"Plan Rows": 1,"Plan Width": 32,"Actual Startup Time": 304.462,"Actual Total Time": 336.827,"Actual Rows": 1,"Actual Loops": 1,"Plans": [{"Node Type": "Gather","Parent Relationship": "Outer","Parallel Aware": false,"Async Capable": false,"Startup Cost": 147403.12,"Total Cost": 147403.53,"Plan Rows": 4,"Plan Width": 32,"Actual Startup Time": 304.302,"Actual Total Time": 336.806,"Actual Rows": 5,"Actual Loops": 1,"Workers Planned": 4,"Workers Launched": 4,"Single Copy": false,"Plans": [{"Node Type": "Aggregate","Strategy": "Plain","Partial Mode": "Partial","Parent Relationship": "Outer","Parallel Aware": false,"Async Capable": false,"Startup Cost": 146403.12,"Total Cost": 146403.13,"Plan Rows": 1,"Plan Width": 32,"Actual Startup Time": 297.550,"Actual Total Time": 297.553,"Actual Rows": 1,"Actual Loops": 5,"Workers": [],"Plans": [{"Node Type": "Seq Scan","Parent Relationship": "Outer","Parallel Aware": true,"Async Capable": false,"Relation Name": "lineitem","Alias": "lineitem","Startup Cost": 0.00,"Total Cost": 146259.83,"Plan Rows": 28656,"Plan Width": 12,"Actual Startup Time": 0.060,"Actual Total Time": 292.786,"Actual Rows": 22764,"Actual Loops": 5,"Filter": "((l_shipdate >= '1993-01-01'::date) AND (l_shipdate < '1994-01-01 00:00:00'::timestamp without time zone) AND (l_discount >= 0.03) AND (l_discount <= 0.05) AND (l_quantity < '24'::numeric))","Rows Removed by Filter": 1177479,"Workers": []}]}]}]},"Planning Time": 2.317,"Triggers": [],"Execution Time": 337.028}]
[{"Plan": {"Node Type": "Aggregate","Strategy": "Plain","Partial Mode": "Finalize","Parallel Aware": false,"Async Capable": false,"Startup Cost": 147403.72,"Total Cost": 147403.73,"Plan Rows": 1,"Plan Width": 32,"Actual Startup Time": 297.848,"Actual Total Time": 329.743,"Actual Rows": 1,"Actual Loops": 1,"Plans": [{"Node Type": "Gather","Parent Relationship": "Outer","Parallel Aware": false,"Async Capable": false,"Startup Cost": 147403.29,"Total Cost": 147403.70,"Plan Rows": 4,"Plan Width": 32,"Actual Startup Time": 297.724,"Actual Total Time": 329.700,"Actual Rows": 5,"Actual Loops": 1,"Workers Planned": 4,"Workers Launched": 4,"Single Copy": false,"Plans": [{"Node Type": "Aggregate","Strategy": "Plain","Partial Mode": "Partial","Parent Relationship": "Outer","Parallel Aware": false,"Async Capable": false,"Startup Cost": 146403.29,"Total Cost": 146403.30,"Plan Rows": 1,"Plan Width": 32,"Actual Startup Time": 290.963,"Actual Total Time": 290.965,"Actual Rows": 1,"Actual Loops": 5,"Workers": [],"Plans": [{"Node Type": "Seq Scan","Parent Relationship": "Outer","Parallel Aware": true,"Async Capable": false,"Relation Name": "lineitem","Alias": "lineitem","Startup Cost": 0.00,"Total Cost": 146259.83,"Plan Rows": 28690,"Plan Width": 12,"Actual Startup Time": 0.110,"Actual Total Time": 286.168,"Actual Rows": 22858,"Actual Loops": 5,"Filter": "((l_shipdate >= '1997-01-01'::date) AND (l_shipdate < '1998-01-01 00:00:00'::timestamp without time zone) AND (l_discount >= 0.06) AND (l_discount <= 0.08) AND (l_quantity < '24'::numeric))","Rows Removed by Filter": 1177385,"Workers": []}]}]}]},"Planning Time": 2.112,"Triggers": [],"Execution Time": 329.961}]
[{"Plan": {"Node Type": "Aggregate","Strategy": "Plain","Partial Mode": "Finalize","Parallel Aware": false,"Async Capable": false,"Startup Cost": 147408.76,"Total Cost": 147408.77,"Plan Rows": 1,"Plan Width": 32,"Actual Startup Time": 301.628,"Actual Total Time": 334.552,"Actual Rows": 1,"Actual Loops": 1,"Plans": [{"Node Type": "Gather","Parent Relationship": "Outer","Parallel Aware": false,"Async Capable": false,"Startup Cost": 147408.33,"Total Cost": 147408.74,"Plan Rows": 4,"Plan Width": 32,"Actual Startup Time": 301.382,"Actual Total Time": 334.526,"Actual Rows": 5,"Actual Loops": 1,"Workers Planned": 4,"Workers Launched": 4,"Single Copy": false,"Plans": [{"Node Type": "Aggregate","Strategy": "Plain","Partial Mode": "Partial","Parent Relationship": "Outer","Parallel Aware": false,"Async Capable": false,"Startup Cost": 146408.33,"Total Cost": 146408.34,"Plan Rows": 1,"Plan Width": 32,"Actual Startup Time": 294.881,"Actual Total Time": 294.882,"Actual Rows": 1,"Actual Loops": 5,"Workers": [],"Plans": [{"Node Type": "Seq Scan","Parent Relationship": "Outer","Parallel Aware": true,"Async Capable": false,"Relation Name": "lineitem","Alias": "lineitem","Startup Cost": 0.00,"Total Cost": 146259.83,"Plan Rows": 29699,"Plan Width": 12,"Actual Startup Time": 0.068,"Actual Total Time": 289.793,"Actual Rows": 23872,"Actual Loops": 5,"Filter": "((l_shipdate >= '1994-01-01'::date) AND (l_shipdate < '1995-01-01 00:00:00'::timestamp without time zone) AND (l_discount >= 0.02) AND (l_discount <= 0.04) AND (l_quantity < '25'::numeric))","Rows Removed by Filter": 1176371,"Workers": []}]}]}]},"Planning Time": 2.002,"Triggers": [],"Execution Time": 334.744}]
[{"Plan": {"Node Type": "Aggregate","Strategy": "Plain","Partial Mode": "Finalize","Parallel Aware": false,"Async Capable": false,"Startup Cost": 147405.88,"Total Cost": 147405.89,"Plan Rows": 1,"Plan Width": 32,"Actual Startup Time": 305.694,"Actual Total Time": 338.072,"Actual Rows": 1,"Actual Loops": 1,"Plans": [{"Node Type": "Gather","Parent Relationship": "Outer","Parallel Aware": false,"Async Capable": false,"Startup Cost": 147405.45,"Total Cost": 147405.86,"Plan Rows": 4,"Plan Width": 32,"Actual Startup Time": 305.534,"Actual Total Time": 338.050,"Actual Rows": 5,"Actual Loops": 1,"Workers Planned": 4,"Workers Launched": 4,"Single Copy": false,"Plans": [{"Node Type": "Aggregate","Strategy": "Plain","Partial Mode": "Partial","Parent Relationship": "Outer","Parallel Aware": false,"Async Capable": false,"Startup Cost": 146405.45,"Total Cost": 146405.46,"Plan Rows": 1,"Plan Width": 32,"Actual Startup Time": 298.920,"Actual Total Time": 298.921,"Actual Rows": 1,"Actual Loops": 5,"Workers": [],"Plans": [{"Node Type": "Seq Scan","Parent Relationship": "Outer","Parallel Aware": true,"Async Capable": false,"Relation Name": "lineitem","Alias": "lineitem","Startup Cost": 0.00,"Total Cost": 146259.83,"Plan Rows": 29122,"Plan Width": 12,"Actual Startup Time": 0.100,"Actual Total Time": 294.160,"Actual Rows": 22732,"Actual Loops": 5,"Filter": "((l_shipdate >= '1993-01-01'::date) AND (l_shipdate < '1994-01-01 00:00:00'::timestamp without time zone) AND (l_discount >= 0.01) AND (l_discount <= 0.03) AND (l_quantity < '24'::numeric))","Rows Removed by Filter": 1177511,"Workers": []}]}]}]},"Planning Time": 2.133,"Triggers": [],"Execution Time": 338.277}]
[{"Plan": {"Node Type": "Aggregate","Strategy": "Plain","Partial Mode": "Finalize","Parallel Aware": false,"Async Capable": false,"Startup Cost": 147405.26,"Total Cost": 147405.27,"Plan Rows": 1,"Plan Width": 32,"Actual Startup Time": 306.477,"Actual Total Time": 339.382,"Actual Rows": 1,"Actual Loops": 1,"Plans": [{"Node Type": "Gather","Parent Relationship": "Outer","Parallel Aware": false,"Async Capable": false,"Startup Cost": 147404.83,"Total Cost": 147405.24,"Plan Rows": 4,"Plan Width": 32,"Actual Startup Time": 306.305,"Actual Total Time": 339.344,"Actual Rows": 5,"Actual Loops": 1,"Workers Planned": 4,"Workers Launched": 4,"Single Copy": false,"Plans": [{"Node Type": "Aggregate","Strategy": "Plain","Partial Mode": "Partial","Parent Relationship": "Outer","Parallel Aware": false,"Async Capable": false,"Startup Cost": 146404.83,"Total Cost": 146404.84,"Plan Rows": 1,"Plan Width": 32,"Actual Startup Time": 299.014,"Actual Total Time": 299.016,"Actual Rows": 1,"Actual Loops": 5,"Workers": [],"Plans": [{"Node Type": "Seq Scan","Parent Relationship": "Outer","Parallel Aware": true,"Async Capable": false,"Relation Name": "lineitem","Alias": "lineitem","Startup Cost": 0.00,"Total Cost": 146259.83,"Plan Rows": 28999,"Plan Width": 12,"Actual Startup Time": 0.083,"Actual Total Time": 294.183,"Actual Rows": 22844,"Actual Loops": 5,"Filter": "((l_shipdate >= '1993-01-01'::date) AND (l_shipdate < '1994-01-01 00:00:00'::timestamp without time zone) AND (l_discount >= 0.06) AND (l_discount <= 0.08) AND (l_quantity < '24'::numeric))","Rows Removed by Filter": 1177399,"Workers": []}]}]}]},"Planning Time": 2.665,"Triggers": [],"Execution Time": 339.628}]
[{"Plan": {"Node Type": "Aggregate","Strategy": "Plain","Partial Mode": "Finalize","Parallel Aware": false,"Async Capable": false,"Startup Cost": 147409.96,"Total Cost": 147409.97,"Plan Rows": 1,"Plan Width": 32,"Actual Startup Time": 296.303,"Actual Total Time": 328.518,"Actual Rows": 1,"Actual Loops": 1,"Plans": [{"Node Type": "Gather","Parent Relationship": "Outer","Parallel Aware": false,"Async Capable": false,"Startup Cost": 147409.53,"Total Cost": 147409.94,"Plan Rows": 4,"Plan Width": 32,"Actual Startup Time": 296.107,"Actual Total Time": 328.484,"Actual Rows": 5,"Actual Loops": 1,"Workers Planned": 4,"Workers Launched": 4,"Single Copy": false,"Plans": [{"Node Type": "Aggregate","Strategy": "Plain","Partial Mode": "Partial","Parent Relationship": "Outer","Parallel Aware": false,"Async Capable": false,"Startup Cost": 146409.53,"Total Cost": 146409.54,"Plan Rows": 1,"Plan Width": 32,"Actual Startup Time": 289.501,"Actual Total Time": 289.502,"Actual Rows": 1,"Actual Loops": 5,"Workers": [],"Plans": [{"Node Type": "Seq Scan","Parent Relationship": "Outer","Parallel Aware": true,"Async Capable": false,"Relation Name": "lineitem","Alias": "lineitem","Startup Cost": 0.00,"Total Cost": 146259.83,"Plan Rows": 29938,"Plan Width": 12,"Actual Startup Time": 0.125,"Actual Total Time": 284.314,"Actual Rows": 23835,"Actual Loops": 5,"Filter": "((l_shipdate >= '1997-01-01'::date) AND (l_shipdate < '1998-01-01 00:00:00'::timestamp without time zone) AND (l_discount >= 0.06) AND (l_discount <= 0.08) AND (l_quantity < '25'::numeric))","Rows Removed by Filter": 1176408,"Workers": []}]}]}]},"Planning Time": 2.623,"Triggers": [],"Execution Time": 328.758}]
[{"Plan": {"Node Type": "Aggregate","Strategy": "Plain","Partial Mode": "Finalize","Parallel Aware": false,"Async Capable": false,"Startup Cost": 147409.56,"Total Cost": 147409.57,"Plan Rows": 1,"Plan Width": 32,"Actual Startup Time": 304.353,"Actual Total Time": 336.582,"Actual Rows": 1,"Actual Loops": 1,"Plans": [{"Node Type": "Gather","Parent Relationship": "Outer","Parallel Aware": false,"Async Capable": false,"Startup Cost": 147409.13,"Total Cost": 147409.54,"Plan Rows": 4,"Plan Width": 32,"Actual Startup Time": 304.189,"Actual Total Time": 336.558,"Actual Rows": 5,"Actual Loops": 1,"Workers Planned": 4,"Workers Launched": 4,"Single Copy": false,"Plans": [{"Node Type": "Aggregate","Strategy": "Plain","Partial Mode": "Partial","Parent Relationship": "Outer","Parallel Aware": false,"Async Capable": false,"Startup Cost": 146409.13,"Total Cost": 146409.14,"Plan Rows": 1,"Plan Width": 32,"Actual Startup Time": 297.692,"Actual Total Time": 297.694,"Actual Rows": 1,"Actual Loops": 5,"Workers": [],"Plans": [{"Node Type": "Seq Scan","Parent Relationship": "Outer","Parallel Aware": true,"Async Capable": false,"Relation Name": "lineitem","Alias": "lineitem","Startup Cost": 0.00,"Total Cost": 146259.83,"Plan Rows": 29858,"Plan Width": 12,"Actual Startup Time": 0.063,"Actual Total Time": 292.684,"Actual Rows": 23851,"Actual Loops": 5,"Filter": "((l_shipdate >= '1996-01-01'::date) AND (l_shipdate < '1997-01-01 00:00:00'::timestamp without time zone) AND (l_discount >= 0.04) AND (l_discount <= 0.06) AND (l_quantity < '25'::numeric))","Rows Removed by Filter": 1176392,"Workers": []}]}]}]},"Planning Time": 2.206,"Triggers": [],"Execution Time": 336.793}]
[{"Plan": {"Node Type": "Aggregate","Strategy": "Plain","Partial Mode": "Finalize","Parallel Aware": false,"Async Capable": false,"Startup Cost": 147410.61,"Total Cost": 147410.62,"Plan Rows": 1,"Plan Width": 32,"Actual Startup Time": 301.459,"Actual Total Time": 333.010,"Actual Rows": 1,"Actual Loops": 1,"Plans": [{"Node Type": "Gather","Parent Relationship": "Outer","Parallel Aware": false,"Async Capable": false,"Startup Cost": 147410.18,"Total Cost": 147410.59,"Plan Rows": 4,"Plan Width": 32,"Actual Startup Time": 301.254,"Actual Total Time": 332.981,"Actual Rows": 5,"Actual Loops": 1,"Workers Planned": 4,"Workers Launched": 4,"Single Copy": false,"Plans": [{"Node Type": "Aggregate","Strategy": "Plain","Partial Mode": "Partial","Parent Relationship": "Outer","Parallel Aware": false,"Async Capable": false,"Startup Cost": 146410.18,"Total Cost": 146410.19,"Plan Rows": 1,"Plan Width": 32,"Actual Startup Time": 294.704,"Actual Total Time": 294.707,"Actual Rows": 1,"Actual Loops": 5,"Workers": [],"Plans": [{"Node Type": "Seq Scan","Parent Relationship": "Outer","Parallel Aware": true,"Async Capable": false,"Relation Name": "lineitem","Alias": "lineitem","Startup Cost": 0.00,"Total Cost": 146259.83,"Plan Rows": 30068,"Plan Width": 12,"Actual Startup Time": 0.071,"Actual Total Time": 289.733,"Actual Rows": 23804,"Actual Loops": 5,"Filter": "((l_shipdate >= '1993-01-01'::date) AND (l_shipdate < '1994-01-01 00:00:00'::timestamp without time zone) AND (l_discount >= 0.05) AND (l_discount <= 0.07) AND (l_quantity < '25'::numeric))","Rows Removed by Filter": 1176439,"Workers": []}]}]}]},"Planning Time": 2.847,"Triggers": [],"Execution Time": 333.185}]
[{"Plan": {"Node Type": "Aggregate","Strategy": "Plain","Partial Mode": "Finalize","Parallel Aware": false,"Async Capable": false,"Startup Cost": 147409.78,"Total Cost": 147409.79,"Plan Rows": 1,"Plan Width": 32,"Actual Startup Time": 305.615,"Actual Total Time": 337.875,"Actual Rows": 1,"Actual Loops": 1,"Plans": [{"Node Type": "Gather","Parent Relationship": "Outer","Parallel Aware": false,"Async Capable": false,"Startup Cost": 147409.35,"Total Cost": 147409.76,"Plan Rows": 4,"Plan Width": 32,"Actual Startup Time": 305.450,"Actual Total Time": 337.839,"Actual Rows": 5,"Actual Loops": 1,"Workers Planned": 4,"Workers Launched": 4,"Single Copy": false,"Plans": [{"Node Type": "Aggregate","Strategy": "Plain","Partial Mode": "Partial","Parent Relationship": "Outer","Parallel Aware": false,"Async Capable": false,"Startup Cost": 146409.35,"Total Cost": 146409.36,"Plan Rows": 1,"Plan Width": 32,"Actual Startup Time": 298.600,"Actual Total Time": 298.601,"Actual Rows": 1,"Actual Loops": 5,"Workers": [],"Plans": [{"Node Type": "Seq Scan","Parent Relationship": "Outer","Parallel Aware": true,"Async Capable": false,"Relation Name": "lineitem","Alias": "lineitem","Startup Cost": 0.00,"Total Cost": 146259.83,"Plan Rows": 29903,"Plan Width": 12,"Actual Startup Time": 0.090,"Actual Total Time": 293.483,"Actual Rows": 23759,"Actual Loops": 5,"Filter": "((l_shipdate >= '1993-01-01'::date) AND (l_shipdate < '1994-01-01 00:00:00'::timestamp without time zone) AND (l_discount >= 0.03) AND (l_discount <= 0.05) AND (l_quantity < '25'::numeric))","Rows Removed by Filter": 1176484,"Workers": []}]}]}]},"Planning Time": 2.428,"Triggers": [],"Execution Time": 338.064}]
[{"Plan": {"Node Type": "Aggregate","Strategy": "Plain","Partial Mode": "Finalize","Parallel Aware": false,"Async Capable": false,"Startup Cost": 147405.26,"Total Cost": 147405.27,"Plan Rows": 1,"Plan Width": 32,"Actual Startup Time": 306.477,"Actual Total Time": 339.382,"Actual Rows": 1,"Actual Loops": 1,"Plans": [{"Node Type": "Gather","Parent Relationship": "Outer","Parallel Aware": false,"Async Capable": false,"Startup Cost": 147404.83,"Total Cost": 147405.24,"Plan Rows": 4,"Plan Width": 32,"Actual Startup Time": 306.305,"Actual Total Time": 339.344,"Actual Rows": 5,"Actual Loops": 1,"Workers Planned": 4,"Workers Launched": 4,"Single Copy": false,"Plans": [{"Node Type": "Aggregate","Strategy": "Plain","Partial Mode": "Partial","Parent Relationship": "Outer","Parallel Aware": false,"Async Capable": false,"Startup Cost": 146404.83,"Total Cost": 146404.84,"Plan Rows": 1,"Plan Width": 32,"Actual Startup Time": 299.014,"Actual Total Time": 299.016,"Actual Rows": 1,"Actual Loops": 5,"Workers": [],"Plans": [{"Node Type": "Seq Scan","Parent Relationship": "Outer","Parallel Aware": true,"Async Capable": false,"Relation Name": "lineitem","Alias": "lineitem","Startup Cost": 0.00,"Total Cost": 146259.83,"Plan Rows": 28999,"Plan Width": 12,"Actual Startup Time": 0.083,"Actual Total Time": 294.183,"Actual Rows": 22844,"Actual Loops": 5,"Filter": "((l_shipdate >= '1993-01-01'::date) AND (l_shipdate < '1994-01-01 00:00:00'::timestamp without time zone) AND (l_discount >= 0.06) AND (l_discount <= 0.08) AND (l_quantity < '24'::numeric))","Rows Removed by Filter": 1177399,"Workers": []}]}]}]},"Planning Time": 2.665,"Triggers": [],"Execution Time": 339.628}]
[{"Plan": {"Node Type": "Aggregate","Strategy": "Plain","Partial Mode": "Finalize","Parallel Aware": false,"Async Capable": false,"Startup Cost": 147407.49,"Total Cost": 147407.50,"Plan Rows": 1,"Plan Width": 32,"Actual Startup Time": 306.160,"Actual Total Time": 338.189,"Actual Rows": 1,"Actual Loops": 1,"Plans": [{"Node Type": "Gather","Parent Relationship": "Outer","Parallel Aware": false,"Async Capable": false,"Startup Cost": 147407.06,"Total Cost": 147407.47,"Plan Rows": 4,"Plan Width": 32,"Actual Startup Time": 305.981,"Actual Total Time": 338.158,"Actual Rows": 5,"Actual Loops": 1,"Workers Planned": 4,"Workers Launched": 4,"Single Copy": false,"Plans": [{"Node Type": "Aggregate","Strategy": "Plain","Partial Mode": "Partial","Parent Relationship": "Outer","Parallel Aware": false,"Async Capable": false,"Startup Cost": 146407.06,"Total Cost": 146407.07,"Plan Rows": 1,"Plan Width": 32,"Actual Startup Time": 299.065,"Actual Total Time": 299.067,"Actual Rows": 1,"Actual Loops": 5,"Workers": [],"Plans": [{"Node Type": "Seq Scan","Parent Relationship": "Outer","Parallel Aware": true,"Async Capable": false,"Relation Name": "lineitem","Alias": "lineitem","Startup Cost": 0.00,"Total Cost": 146259.83,"Plan Rows": 29445,"Plan Width": 12,"Actual Startup Time": 0.099,"Actual Total Time": 294.167,"Actual Rows": 22956,"Actual Loops": 5,"Filter": "((l_shipdate >= '1995-01-01'::date) AND (l_shipdate < '1996-01-01 00:00:00'::timestamp without time zone) AND (l_discount >= 0.02) AND (l_discount <= 0.04) AND (l_quantity < '24'::numeric))","Rows Removed by Filter": 1177287,"Workers": []}]}]}]},"Planning Time": 2.819,"Triggers": [],"Execution Time": 338.444}]
[{"Plan": {"Node Type": "Aggregate","Strategy": "Plain","Partial Mode": "Finalize","Parallel Aware": false,"Async Capable": false,"Startup Cost": 147413.89,"Total Cost": 147413.90,"Plan Rows": 1,"Plan Width": 32,"Actual Startup Time": 308.030,"Actual Total Time": 341.362,"Actual Rows": 1,"Actual Loops": 1,"Plans": [{"Node Type": "Gather","Parent Relationship": "Outer","Parallel Aware": false,"Async Capable": false,"Startup Cost": 147413.46,"Total Cost": 147413.87,"Plan Rows": 4,"Plan Width": 32,"Actual Startup Time": 307.843,"Actual Total Time": 341.338,"Actual Rows": 5,"Actual Loops": 1,"Workers Planned": 4,"Workers Launched": 4,"Single Copy": false,"Plans": [{"Node Type": "Aggregate","Strategy": "Plain","Partial Mode": "Partial","Parent Relationship": "Outer","Parallel Aware": false,"Async Capable": false,"Startup Cost": 146413.46,"Total Cost": 146413.47,"Plan Rows": 1,"Plan Width": 32,"Actual Startup Time": 301.033,"Actual Total Time": 301.035,"Actual Rows": 1,"Actual Loops": 5,"Workers": [],"Plans": [{"Node Type": "Seq Scan","Parent Relationship": "Outer","Parallel Aware": true,"Async Capable": false,"Relation Name": "lineitem","Alias": "lineitem","Startup Cost": 0.00,"Total Cost": 146259.83,"Plan Rows": 30725,"Plan Width": 12,"Actual Startup Time": 0.091,"Actual Total Time": 295.781,"Actual Rows": 23959,"Actual Loops": 5,"Filter": "((l_shipdate >= '1995-01-01'::date) AND (l_shipdate < '1996-01-01 00:00:00'::timestamp without time zone) AND (l_discount >= 0.02) AND (l_discount <= 0.04) AND (l_quantity < '25'::numeric))","Rows Removed by Filter": 1176284,"Workers": []}]}]}]},"Planning Time": 2.081,"Triggers": [],"Execution Time": 341.555}]
[{"Plan": {"Node Type": "Aggregate","Strategy": "Plain","Partial Mode": "Finalize","Parallel Aware": false,"Async Capable": false,"Startup Cost": 147403.42,"Total Cost": 147403.43,"Plan Rows": 1,"Plan Width": 32,"Actual Startup Time": 306.557,"Actual Total Time": 339.866,"Actual Rows": 1,"Actual Loops": 1,"Plans": [{"Node Type": "Gather","Parent Relationship": "Outer","Parallel Aware": false,"Async Capable": false,"Startup Cost": 147402.99,"Total Cost": 147403.40,"Plan Rows": 4,"Plan Width": 32,"Actual Startup Time": 306.407,"Actual Total Time": 339.827,"Actual Rows": 5,"Actual Loops": 1,"Workers Planned": 4,"Workers Launched": 4,"Single Copy": false,"Plans": [{"Node Type": "Aggregate","Strategy": "Plain","Partial Mode": "Partial","Parent Relationship": "Outer","Parallel Aware": false,"Async Capable": false,"Startup Cost": 146402.99,"Total Cost": 146403.00,"Plan Rows": 1,"Plan Width": 32,"Actual Startup Time": 298.732,"Actual Total Time": 298.734,"Actual Rows": 1,"Actual Loops": 5,"Workers": [],"Plans": [{"Node Type": "Seq Scan","Parent Relationship": "Outer","Parallel Aware": true,"Async Capable": false,"Relation Name": "lineitem","Alias": "lineitem","Startup Cost": 0.00,"Total Cost": 146259.83,"Plan Rows": 28631,"Plan Width": 12,"Actual Startup Time": 0.107,"Actual Total Time": 293.847,"Actual Rows": 22854,"Actual Loops": 5,"Filter": "((l_shipdate >= '1997-01-01'::date) AND (l_shipdate < '1998-01-01 00:00:00'::timestamp without time zone) AND (l_discount >= 0.02) AND (l_discount <= 0.04) AND (l_quantity < '24'::numeric))","Rows Removed by Filter": 1177389,"Workers": []}]}]}]},"Planning Time": 2.248,"Triggers": [],"Execution Time": 340.108}]
[{"Plan": {"Node Type": "Aggregate","Strategy": "Plain","Partial Mode": "Finalize","Parallel Aware": false,"Async Capable": false,"Startup Cost": 147403.65,"Total Cost": 147403.66,"Plan Rows": 1,"Plan Width": 32,"Actual Startup Time": 306.844,"Actual Total Time": 339.585,"Actual Rows": 1,"Actual Loops": 1,"Plans": [{"Node Type": "Gather","Parent Relationship": "Outer","Parallel Aware": false,"Async Capable": false,"Startup Cost": 147403.22,"Total Cost": 147403.63,"Plan Rows": 4,"Plan Width": 32,"Actual Startup Time": 306.631,"Actual Total Time": 339.542,"Actual Rows": 5,"Actual Loops": 1,"Workers Planned": 4,"Workers Launched": 4,"Single Copy": false,"Plans": [{"Node Type": "Aggregate","Strategy": "Plain","Partial Mode": "Partial","Parent Relationship": "Outer","Parallel Aware": false,"Async Capable": false,"Startup Cost": 146403.22,"Total Cost": 146403.23,"Plan Rows": 1,"Plan Width": 32,"Actual Startup Time": 299.600,"Actual Total Time": 299.602,"Actual Rows": 1,"Actual Loops": 5,"Workers": [],"Plans": [{"Node Type": "Seq Scan","Parent Relationship": "Outer","Parallel Aware": true,"Async Capable": false,"Relation Name": "lineitem","Alias": "lineitem","Startup Cost": 0.00,"Total Cost": 146259.83,"Plan Rows": 28677,"Plan Width": 12,"Actual Startup Time": 0.098,"Actual Total Time": 294.705,"Actual Rows": 22813,"Actual Loops": 5,"Filter": "((l_shipdate >= '1996-01-01'::date) AND (l_shipdate < '1997-01-01 00:00:00'::timestamp without time zone) AND (l_discount >= 0.06) AND (l_discount <= 0.08) AND (l_quantity < '24'::numeric))","Rows Removed by Filter": 1177430,"Workers": []}]}]}]},"Planning Time": 2.882,"Triggers": [],"Execution Time": 339.849}]
[{"Plan": {"Node Type": "Aggregate","Strategy": "Plain","Partial Mode": "Finalize","Parallel Aware": false,"Async Capable": false,"Startup Cost": 147403.72,"Total Cost": 147403.73,"Plan Rows": 1,"Plan Width": 32,"Actual Startup Time": 297.848,"Actual Total Time": 329.743,"Actual Rows": 1,"Actual Loops": 1,"Plans": [{"Node Type": "Gather","Parent Relationship": "Outer","Parallel Aware": false,"Async Capable": false,"Startup Cost": 147403.29,"Total Cost": 147403.70,"Plan Rows": 4,"Plan Width": 32,"Actual Startup Time": 297.724,"Actual Total Time": 329.700,"Actual Rows": 5,"Actual Loops": 1,"Workers Planned": 4,"Workers Launched": 4,"Single Copy": false,"Plans": [{"Node Type": "Aggregate","Strategy": "Plain","Partial Mode": "Partial","Parent Relationship": "Outer","Parallel Aware": false,"Async Capable": false,"Startup Cost": 146403.29,"Total Cost": 146403.30,"Plan Rows": 1,"Plan Width": 32,"Actual Startup Time": 290.963,"Actual Total Time": 290.965,"Actual Rows": 1,"Actual Loops": 5,"Workers": [],"Plans": [{"Node Type": "Seq Scan","Parent Relationship": "Outer","Parallel Aware": true,"Async Capable": false,"Relation Name": "lineitem","Alias": "lineitem","Startup Cost": 0.00,"Total Cost": 146259.83,"Plan Rows": 28690,"Plan Width": 12,"Actual Startup Time": 0.110,"Actual Total Time": 286.168,"Actual Rows": 22858,"Actual Loops": 5,"Filter": "((l_shipdate >= '1997-01-01'::date) AND (l_shipdate < '1998-01-01 00:00:00'::timestamp without time zone) AND (l_discount >= 0.06) AND (l_discount <= 0.08) AND (l_quantity < '24'::numeric))","Rows Removed by Filter": 1177385,"Workers": []}]}]}]},"Planning Time": 2.112,"Triggers": [],"Execution Time": 329.961}]
[{"Plan": {"Node Type": "Aggregate","Strategy": "Plain","Partial Mode": "Finalize","Parallel Aware": false,"Async Capable": false,"Startup Cost": 147411.24,"Total Cost": 147411.25,"Plan Rows": 1,"Plan Width": 32,"Actual Startup Time": 306.146,"Actual Total Time": 337.945,"Actual Rows": 1,"Actual Loops": 1,"Plans": [{"Node Type": "Gather","Parent Relationship": "Outer","Parallel Aware": false,"Async Capable": false,"Startup Cost": 147410.81,"Total Cost": 147411.22,"Plan Rows": 4,"Plan Width": 32,"Actual Startup Time": 305.983,"Actual Total Time": 337.923,"Actual Rows": 5,"Actual Loops": 1,"Workers Planned": 4,"Workers Launched": 4,"Single Copy": false,"Plans": [{"Node Type": "Aggregate","Strategy": "Plain","Partial Mode": "Partial","Parent Relationship": "Outer","Parallel Aware": false,"Async Capable": false,"Startup Cost": 146410.81,"Total Cost": 146410.82,"Plan Rows": 1,"Plan Width": 32,"Actual Startup Time": 299.109,"Actual Total Time": 299.111,"Actual Rows": 1,"Actual Loops": 5,"Workers": [],"Plans": [{"Node Type": "Seq Scan","Parent Relationship": "Outer","Parallel Aware": true,"Async Capable": false,"Relation Name": "lineitem","Alias": "lineitem","Startup Cost": 0.00,"Total Cost": 146259.83,"Plan Rows": 30194,"Plan Width": 12,"Actual Startup Time": 0.070,"Actual Total Time": 294.125,"Actual Rows": 23770,"Actual Loops": 5,"Filter": "((l_shipdate >= '1993-01-01'::date) AND (l_shipdate < '1994-01-01 00:00:00'::timestamp without time zone) AND (l_discount >= 0.04) AND (l_discount <= 0.06) AND (l_quantity < '25'::numeric))","Rows Removed by Filter": 1176473,"Workers": []}]}]}]},"Planning Time": 2.759,"Triggers": [],"Execution Time": 338.194}]
[{"Plan": {"Node Type": "Aggregate","Strategy": "Plain","Partial Mode": "Finalize","Parallel Aware": false,"Async Capable": false,"Startup Cost": 147410.61,"Total Cost": 147410.62,"Plan Rows": 1,"Plan Width": 32,"Actual Startup Time": 301.459,"Actual Total Time": 333.010,"Actual Rows": 1,"Actual Loops": 1,"Plans": [{"Node Type": "Gather","Parent Relationship": "Outer","Parallel Aware": false,"Async Capable": false,"Startup Cost": 147410.18,"Total Cost": 147410.59,"Plan Rows": 4,"Plan Width": 32,"Actual Startup Time": 301.254,"Actual Total Time": 332.981,"Actual Rows": 5,"Actual Loops": 1,"Workers Planned": 4,"Workers Launched": 4,"Single Copy": false,"Plans": [{"Node Type": "Aggregate","Strategy": "Plain","Partial Mode": "Partial","Parent Relationship": "Outer","Parallel Aware": false,"Async Capable": false,"Startup Cost": 146410.18,"Total Cost": 146410.19,"Plan Rows": 1,"Plan Width": 32,"Actual Startup Time": 294.704,"Actual Total Time": 294.707,"Actual Rows": 1,"Actual Loops": 5,"Workers": [],"Plans": [{"Node Type": "Seq Scan","Parent Relationship": "Outer","Parallel Aware": true,"Async Capable": false,"Relation Name": "lineitem","Alias": "lineitem","Startup Cost": 0.00,"Total Cost": 146259.83,"Plan Rows": 30068,"Plan Width": 12,"Actual Startup Time": 0.071,"Actual Total Time": 289.733,"Actual Rows": 23804,"Actual Loops": 5,"Filter": "((l_shipdate >= '1993-01-01'::date) AND (l_shipdate < '1994-01-01 00:00:00'::timestamp without time zone) AND (l_discount >= 0.05) AND (l_discount <= 0.07) AND (l_quantity < '25'::numeric))","Rows Removed by Filter": 1176439,"Workers": []}]}]}]},"Planning Time": 2.847,"Triggers": [],"Execution Time": 333.185}]
[{"Plan": {"Node Type": "Aggregate","Strategy": "Plain","Partial Mode": "Finalize","Parallel Aware": false,"Async Capable": false,"Startup Cost": 147405.75,"Total Cost": 147405.76,"Plan Rows": 1,"Plan Width": 32,"Actual Startup Time": 302.160,"Actual Total Time": 334.512,"Actual Rows": 1,"Actual Loops": 1,"Plans": [{"Node Type": "Gather","Parent Relationship": "Outer","Parallel Aware": false,"Async Capable": false,"Startup Cost": 147405.32,"Total Cost": 147405.73,"Plan Rows": 4,"Plan Width": 32,"Actual Startup Time": 301.999,"Actual Total Time": 334.491,"Actual Rows": 5,"Actual Loops": 1,"Workers Planned": 4,"Workers Launched": 4,"Single Copy": false,"Plans": [{"Node Type": "Aggregate","Strategy": "Plain","Partial Mode": "Partial","Parent Relationship": "Outer","Parallel Aware": false,"Async Capable": false,"Startup Cost": 146405.32,"Total Cost": 146405.33,"Plan Rows": 1,"Plan Width": 32,"Actual Startup Time": 295.409,"Actual Total Time": 295.411,"Actual Rows": 1,"Actual Loops": 5,"Workers": [],"Plans": [{"Node Type": "Seq Scan","Parent Relationship": "Outer","Parallel Aware": true,"Async Capable": false,"Relation Name": "lineitem","Alias": "lineitem","Startup Cost": 0.00,"Total Cost": 146259.83,"Plan Rows": 29096,"Plan Width": 12,"Actual Startup Time": 0.114,"Actual Total Time": 290.597,"Actual Rows": 22909,"Actual Loops": 5,"Filter": "((l_shipdate >= '1995-01-01'::date) AND (l_shipdate < '1996-01-01 00:00:00'::timestamp without time zone) AND (l_discount >= 0.08) AND (l_discount <= 0.10) AND (l_quantity < '24'::numeric))","Rows Removed by Filter": 1177334,"Workers": []}]}]}]},"Planning Time": 2.232,"Triggers": [],"Execution Time": 334.727}]
[{"Plan": {"Node Type": "Aggregate","Strategy": "Plain","Partial Mode": "Finalize","Parallel Aware": false,"Async Capable": false,"Startup Cost": 147403.40,"Total Cost": 147403.41,"Plan Rows": 1,"Plan Width": 32,"Actual Startup Time": 297.896,"Actual Total Time": 330.255,"Actual Rows": 1,"Actual Loops": 1,"Plans": [{"Node Type": "Gather","Parent Relationship": "Outer","Parallel Aware": false,"Async Capable": false,"Startup Cost": 147402.97,"Total Cost": 147403.38,"Plan Rows": 4,"Plan Width": 32,"Actual Startup Time": 297.700,"Actual Total Time": 330.225,"Actual Rows": 5,"Actual Loops": 1,"Workers Planned": 4,"Workers Launched": 4,"Single Copy": false,"Plans": [{"Node Type": "Aggregate","Strategy": "Plain","Partial Mode": "Partial","Parent Relationship": "Outer","Parallel Aware": false,"Async Capable": false,"Startup Cost": 146402.97,"Total Cost": 146402.98,"Plan Rows": 1,"Plan Width": 32,"Actual Startup Time": 290.911,"Actual Total Time": 290.913,"Actual Rows": 1,"Actual Loops": 5,"Workers": [],"Plans": [{"Node Type": "Seq Scan","Parent Relationship": "Outer","Parallel Aware": true,"Async Capable": false,"Relation Name": "lineitem","Alias": "lineitem","Startup Cost": 0.00,"Total Cost": 146259.83,"Plan Rows": 28627,"Plan Width": 12,"Actual Startup Time": 0.120,"Actual Total Time": 286.095,"Actual Rows": 22873,"Actual Loops": 5,"Filter": "((l_shipdate >= '1997-01-01'::date) AND (l_shipdate < '1998-01-01 00:00:00'::timestamp without time zone) AND (l_discount >= 0.04) AND (l_discount <= 0.06) AND (l_quantity < '24'::numeric))","Rows Removed by Filter": 1177370,"Workers": []}]}]}]},"Planning Time": 2.538,"Triggers": [],"Execution Time": 330.480}]
[{"Plan": {"Node Type": "Aggregate","Strategy": "Plain","Partial Mode": "Finalize","Parallel Aware": false,"Async Capable": false,"Startup Cost": 147401.97,"Total Cost": 147401.98,"Plan Rows": 1,"Plan Width": 32,"Actual Startup Time": 301.060,"Actual Total Time": 332.431,"Actual Rows": 1,"Actual Loops": 1,"Plans": [{"Node Type": "Gather","Parent Relationship": "Outer","Parallel Aware": false,"Async Capable": false,"Startup Cost": 147401.54,"Total Cost": 147401.95,"Plan Rows": 4,"Plan Width": 32,"Actual Startup Time": 300.837,"Actual Total Time": 332.404,"Actual Rows": 5,"Actual Loops": 1,"Workers Planned": 4,"Workers Launched": 4,"Single Copy": false,"Plans": [{"Node Type": "Aggregate","Strategy": "Plain","Partial Mode": "Partial","Parent Relationship": "Outer","Parallel Aware": false,"Async Capable": false,"Startup Cost": 146401.54,"Total Cost": 146401.55,"Plan Rows": 1,"Plan Width": 32,"Actual Startup Time": 294.645,"Actual Total Time": 294.646,"Actual Rows": 1,"Actual Loops": 5,"Workers": [],"Plans": [{"Node Type": "Seq Scan","Parent Relationship": "Outer","Parallel Aware": true,"Async Capable": false,"Relation Name": "lineitem","Alias": "lineitem","Startup Cost": 0.00,"Total Cost": 146259.83,"Plan Rows": 28340,"Plan Width": 12,"Actual Startup Time": 0.085,"Actual Total Time": 289.771,"Actual Rows": 22832,"Actual Loops": 5,"Filter": "((l_shipdate >= '1994-01-01'::date) AND (l_shipdate < '1995-01-01 00:00:00'::timestamp without time zone) AND (l_discount >= 0.05) AND (l_discount <= 0.07) AND (l_quantity < '24'::numeric))","Rows Removed by Filter": 1177411,"Workers": []}]}]}]},"Planning Time": 2.298,"Triggers": [],"Execution Time": 332.621}]
[{"Plan": {"Node Type": "Aggregate","Strategy": "Plain","Partial Mode": "Finalize","Parallel Aware": false,"Async Capable": false,"Startup Cost": 147411.25,"Total Cost": 147411.26,"Plan Rows": 1,"Plan Width": 32,"Actual Startup Time": 311.389,"Actual Total Time": 343.723,"Actual Rows": 1,"Actual Loops": 1,"Plans": [{"Node Type": "Gather","Parent Relationship": "Outer","Parallel Aware": false,"Async Capable": false,"Startup Cost": 147410.82,"Total Cost": 147411.23,"Plan Rows": 4,"Plan Width": 32,"Actual Startup Time": 311.218,"Actual Total Time": 343.674,"Actual Rows": 5,"Actual Loops": 1,"Workers Planned": 4,"Workers Launched": 4,"Single Copy": false,"Plans": [{"Node Type": "Aggregate","Strategy": "Plain","Partial Mode": "Partial","Parent Relationship": "Outer","Parallel Aware": false,"Async Capable": false,"Startup Cost": 146410.82,"Total Cost": 146410.83,"Plan Rows": 1,"Plan Width": 32,"Actual Startup Time": 304.099,"Actual Total Time": 304.100,"Actual Rows": 1,"Actual Loops": 5,"Workers": [],"Plans": [{"Node Type": "Seq Scan","Parent Relationship": "Outer","Parallel Aware": true,"Async Capable": false,"Relation Name": "lineitem","Alias": "lineitem","Startup Cost": 0.00,"Total Cost": 146259.83,"Plan Rows": 30197,"Plan Width": 12,"Actual Startup Time": 0.125,"Actual Total Time": 299.009,"Actual Rows": 23658,"Actual Loops": 5,"Filter": "((l_shipdate >= '1993-01-01'::date) AND (l_shipdate < '1994-01-01 00:00:00'::timestamp without time zone) AND (l_discount >= 0.02) AND (l_discount <= 0.04) AND (l_quantity < '25'::numeric))","Rows Removed by Filter": 1176585,"Workers": []}]}]}]},"Planning Time": 2.346,"Triggers": [],"Execution Time": 343.958}]
[{"Plan": {"Node Type": "Aggregate","Strategy": "Plain","Partial Mode": "Finalize","Parallel Aware": false,"Async Capable": false,"Startup Cost": 147414.21,"Total Cost": 147414.22,"Plan Rows": 1,"Plan Width": 32,"Actual Startup Time": 296.838,"Actual Total Time": 329.596,"Actual Rows": 1,"Actual Loops": 1,"Plans": [{"Node Type": "Gather","Parent Relationship": "Outer","Parallel Aware": false,"Async Capable": false,"Startup Cost": 147413.78,"Total Cost": 147414.19,"Plan Rows": 4,"Plan Width": 32,"Actual Startup Time": 296.698,"Actual Total Time": 329.569,"Actual Rows": 5,"Actual Loops": 1,"Workers Planned": 4,"Workers Launched": 4,"Single Copy": false,"Plans": [{"Node Type": "Aggregate","Strategy": "Plain","Partial Mode": "Partial","Parent Relationship": "Outer","Parallel Aware": false,"Async Capable": false,"Startup Cost": 146413.78,"Total Cost": 146413.79,"Plan Rows": 1,"Plan Width": 32,"Actual Startup Time": 289.758,"Actual Total Time": 289.759,"Actual Rows": 1,"Actual Loops": 5,"Workers": [],"Plans": [{"Node Type": "Seq Scan","Parent Relationship": "Outer","Parallel Aware": true,"Async Capable": false,"Relation Name": "lineitem","Alias": "lineitem","Startup Cost": 0.00,"Total Cost": 146259.83,"Plan Rows": 30789,"Plan Width": 12,"Actual Startup Time": 0.119,"Actual Total Time": 284.639,"Actual Rows": 23936,"Actual Loops": 5,"Filter": "((l_shipdate >= '1995-01-01'::date) AND (l_shipdate < '1996-01-01 00:00:00'::timestamp without time zone) AND (l_discount >= 0.06) AND (l_discount <= 0.08) AND (l_quantity < '25'::numeric))","Rows Removed by Filter": 1176307,"Workers": []}]}]}]},"Planning Time": 2.913,"Triggers": [],"Execution Time": 329.869}]
[{"Plan": {"Node Type": "Aggregate","Strategy": "Plain","Partial Mode": "Finalize","Parallel Aware": false,"Async Capable": false,"Startup Cost": 147402.57,"Total Cost": 147402.58,"Plan Rows": 1,"Plan Width": 32,"Actual Startup Time": 303.409,"Actual Total Time": 336.885,"Actual Rows": 1,"Actual Loops": 1,"Plans": [{"Node Type": "Gather","Parent Relationship": "Outer","Parallel Aware": false,"Async Capable": false,"Startup Cost": 147402.14,"Total Cost": 147402.55,"Plan Rows": 4,"Plan Width": 32,"Actual Startup Time": 303.253,"Actual Total Time": 336.860,"Actual Rows": 5,"Actual Loops": 1,"Workers Planned": 4,"Workers Launched": 4,"Single Copy": false,"Plans": [{"Node Type": "Aggregate","Strategy": "Plain","Partial Mode": "Partial","Parent Relationship": "Outer","Parallel Aware": false,"Async Capable": false,"Startup Cost": 146402.14,"Total Cost": 146402.15,"Plan Rows": 1,"Plan Width": 32,"Actual Startup Time": 296.828,"Actual Total Time": 296.830,"Actual Rows": 1,"Actual Loops": 5,"Workers": [],"Plans": [{"Node Type": "Seq Scan","Parent Relationship": "Outer","Parallel Aware": true,"Async Capable": false,"Relation Name": "lineitem","Alias": "lineitem","Startup Cost": 0.00,"Total Cost": 146259.83,"Plan Rows": 28461,"Plan Width": 12,"Actual Startup Time": 0.072,"Actual Total Time": 291.961,"Actual Rows": 22860,"Actual Loops": 5,"Filter": "((l_shipdate >= '1994-01-01'::date) AND (l_shipdate < '1995-01-01 00:00:00'::timestamp without time zone) AND (l_discount >= 0.02) AND (l_discount <= 0.04) AND (l_quantity < '24'::numeric))","Rows Removed by Filter": 1177383,"Workers": []}]}]}]},"Planning Time": 2.847,"Triggers": [],"Execution Time": 337.141}]
[{"Plan": {"Node Type": "Aggregate","Strategy": "Plain","Partial Mode": "Finalize","Parallel Aware": false,"Async Capable": false,"Startup Cost": 147412.08,"Total Cost": 147412.09,"Plan Rows": 1,"Plan Width": 32,"Actual Startup Time": 308.275,"Actual Total Time": 339.973,"Actual Rows": 1,"Actual Loops": 1,"Plans": [{"Node Type": "Gather","Parent Relationship": "Outer","Parallel Aware": false,"Async Capable": false,"Startup Cost": 147411.65,"Total Cost": 147412.06,"Plan Rows": 4,"Plan Width": 32,"Actual Startup Time": 308.122,"Actual Total Time": 339.937,"Actual Rows": 5,"Actual Loops": 1,"Workers Planned": 4,"Workers Launched": 4,"Single Copy": false,"Plans": [{"Node Type": "Aggregate","Strategy": "Plain","Partial Mode": "Partial","Parent Relationship": "Outer","Parallel Aware": false,"Async Capable": false,"Startup Cost": 146411.65,"Total Cost": 146411.66,"Plan Rows": 1,"Plan Width": 32,"Actual Startup Time": 301.158,"Actual Total Time": 301.161,"Actual Rows": 1,"Actual Loops": 5,"Workers": [],"Plans": [{"Node Type": "Seq Scan","Parent Relationship": "Outer","Parallel Aware": true,"Async Capable": false,"Relation Name": "lineitem","Alias": "lineitem","Startup Cost": 0.00,"Total Cost": 146259.83,"Plan Rows": 30362,"Plan Width": 12,"Actual Startup Time": 0.098,"Actual Total Time": 296.076,"Actual Rows": 23897,"Actual Loops": 5,"Filter": "((l_shipdate >= '1995-01-01'::date) AND (l_shipdate < '1996-01-01 00:00:00'::timestamp without time zone) AND (l_discount >= 0.08) AND (l_discount <= 0.10) AND (l_quantity < '25'::numeric))","Rows Removed by Filter": 1176346,"Workers": []}]}]}]},"Planning Time": 2.328,"Triggers": [],"Execution Time": 340.192}]
[{"Plan": {"Node Type": "Aggregate","Strategy": "Plain","Partial Mode": "Finalize","Parallel Aware": false,"Async Capable": false,"Startup Cost": 147403.25,"Total Cost": 147403.26,"Plan Rows": 1,"Plan Width": 32,"Actual Startup Time": 299.656,"Actual Total Time": 331.893,"Actual Rows": 1,"Actual Loops": 1,"Plans": [{"Node Type": "Gather","Parent Relationship": "Outer","Parallel Aware": false,"Async Capable": false,"Startup Cost": 147402.82,"Total Cost": 147403.23,"Plan Rows": 4,"Plan Width": 32,"Actual Startup Time": 299.497,"Actual Total Time": 331.872,"Actual Rows": 5,"Actual Loops": 1,"Workers Planned": 4,"Workers Launched": 4,"Single Copy": false,"Plans": [{"Node Type": "Aggregate","Strategy": "Plain","Partial Mode": "Partial","Parent Relationship": "Outer","Parallel Aware": false,"Async Capable": false,"Startup Cost": 146402.82,"Total Cost": 146402.83,"Plan Rows": 1,"Plan Width": 32,"Actual Startup Time": 292.955,"Actual Total Time": 292.957,"Actual Rows": 1,"Actual Loops": 5,"Workers": [],"Plans": [{"Node Type": "Seq Scan","Parent Relationship": "Outer","Parallel Aware": true,"Async Capable": false,"Relation Name": "lineitem","Alias": "lineitem","Startup Cost": 0.00,"Total Cost": 146259.83,"Plan Rows": 28596,"Plan Width": 12,"Actual Startup Time": 0.107,"Actual Total Time": 288.136,"Actual Rows": 22884,"Actual Loops": 5,"Filter": "((l_shipdate >= '1993-01-01'::date) AND (l_shipdate < '1994-01-01 00:00:00'::timestamp without time zone) AND (l_discount >= 0.08) AND (l_discount <= 0.10) AND (l_quantity < '24'::numeric))","Rows Removed by Filter": 1177359,"Workers": []}]}]}]},"Planning Time": 2.478,"Triggers": [],"Execution Time": 332.115}]
[{"Plan": {"Node Type": "Aggregate","Strategy": "Plain","Partial Mode": "Finalize","Parallel Aware": false,"Async Capable": false,"Startup Cost": 147405.88,"Total Cost": 147405.89,"Plan Rows": 1,"Plan Width": 32,"Actual Startup Time": 305.694,"Actual Total Time": 338.072,"Actual Rows": 1,"Actual Loops": 1,"Plans": [{"Node Type": "Gather","Parent Relationship": "Outer","Parallel Aware": false,"Async Capable": false,"Startup Cost": 147405.45,"Total Cost": 147405.86,"Plan Rows": 4,"Plan Width": 32,"Actual Startup Time": 305.534,"Actual Total Time": 338.050,"Actual Rows": 5,"Actual Loops": 1,"Workers Planned": 4,"Workers Launched": 4,"Single Copy": false,"Plans": [{"Node Type": "Aggregate","Strategy": "Plain","Partial Mode": "Partial","Parent Relationship": "Outer","Parallel Aware": false,"Async Capable": false,"Startup Cost": 146405.45,"Total Cost": 146405.46,"Plan Rows": 1,"Plan Width": 32,"Actual Startup Time": 298.920,"Actual Total Time": 298.921,"Actual Rows": 1,"Actual Loops": 5,"Workers": [],"Plans": [{"Node Type": "Seq Scan","Parent Relationship": "Outer","Parallel Aware": true,"Async Capable": false,"Relation Name": "lineitem","Alias": "lineitem","Startup Cost": 0.00,"Total Cost": 146259.83,"Plan Rows": 29122,"Plan Width": 12,"Actual Startup Time": 0.100,"Actual Total Time": 294.160,"Actual Rows": 22732,"Actual Loops": 5,"Filter": "((l_shipdate >= '1993-01-01'::date) AND (l_shipdate < '1994-01-01 00:00:00'::timestamp without time zone) AND (l_discount >= 0.01) AND (l_discount <= 0.03) AND (l_quantity < '24'::numeric))","Rows Removed by Filter": 1177511,"Workers": []}]}]}]},"Planning Time": 2.133,"Triggers": [],"Execution Time": 338.277}]
[{"Plan": {"Node Type": "Aggregate","Strategy": "Plain","Partial Mode": "Finalize","Parallel Aware": false,"Async Capable": false,"Startup Cost": 147401.66,"Total Cost": 147401.67,"Plan Rows": 1,"Plan Width": 32,"Actual Startup Time": 300.986,"Actual Total Time": 333.447,"Actual Rows": 1,"Actual Loops": 1,"Plans": [{"Node Type": "Gather","Parent Relationship": "Outer","Parallel Aware": false,"Async Capable": false,"Startup Cost": 147401.23,"Total Cost": 147401.64,"Plan Rows": 4,"Plan Width": 32,"Actual Startup Time": 300.775,"Actual Total Time": 333.412,"Actual Rows": 5,"Actual Loops": 1,"Workers Planned": 4,"Workers Launched": 4,"Single Copy": false,"Plans": [{"Node Type": "Aggregate","Strategy": "Plain","Partial Mode": "Partial","Parent Relationship": "Outer","Parallel Aware": false,"Async Capable": false,"Startup Cost": 146401.23,"Total Cost": 146401.24,"Plan Rows": 1,"Plan Width": 32,"Actual Startup Time": 294.109,"Actual Total Time": 294.111,"Actual Rows": 1,"Actual Loops": 5,"Workers": [],"Plans": [{"Node Type": "Seq Scan","Parent Relationship": "Outer","Parallel Aware": true,"Async Capable": false,"Relation Name": "lineitem","Alias": "lineitem","Startup Cost": 0.00,"Total Cost": 146259.83,"Plan Rows": 28279,"Plan Width": 12,"Actual Startup Time": 0.083,"Actual Total Time": 289.309,"Actual Rows": 22984,"Actual Loops": 5,"Filter": "((l_shipdate >= '1996-01-01'::date) AND (l_shipdate < '1997-01-01 00:00:00'::timestamp without time zone) AND (l_discount >= 0.08) AND (l_discount <= 0.10) AND (l_quantity < '24'::numeric))","Rows Removed by Filter": 1177259,"Workers": []}]}]}]},"Planning Time": 2.120,"Triggers": [],"Execution Time": 333.656}]
[{"Plan": {"Node Type": "Aggregate","Strategy": "Plain","Partial Mode": "Finalize","Parallel Aware": false,"Async Capable": false,"Startup Cost": 147413.89,"Total Cost": 147413.90,"Plan Rows": 1,"Plan Width": 32,"Actual Startup Time": 308.030,"Actual Total Time": 341.362,"Actual Rows": 1,"Actual Loops": 1,"Plans": [{"Node Type": "Gather","Parent Relationship": "Outer","Parallel Aware": false,"Async Capable": false,"Startup Cost": 147413.46,"Total Cost": 147413.87,"Plan Rows": 4,"Plan Width": 32,"Actual Startup Time": 307.843,"Actual Total Time": 341.338,"Actual Rows": 5,"Actual Loops": 1,"Workers Planned": 4,"Workers Launched": 4,"Single Copy": false,"Plans": [{"Node Type": "Aggregate","Strategy": "Plain","Partial Mode": "Partial","Parent Relationship": "Outer","Parallel Aware": false,"Async Capable": false,"Startup Cost": 146413.46,"Total Cost": 146413.47,"Plan Rows": 1,"Plan Width": 32,"Actual Startup Time": 301.033,"Actual Total Time": 301.035,"Actual Rows": 1,"Actual Loops": 5,"Workers": [],"Plans": [{"Node Type": "Seq Scan","Parent Relationship": "Outer","Parallel Aware": true,"Async Capable": false,"Relation Name": "lineitem","Alias": "lineitem","Startup Cost": 0.00,"Total Cost": 146259.83,"Plan Rows": 30725,"Plan Width": 12,"Actual Startup Time": 0.091,"Actual Total Time": 295.781,"Actual Rows": 23959,"Actual Loops": 5,"Filter": "((l_shipdate >= '1995-01-01'::date) AND (l_shipdate < '1996-01-01 00:00:00'::timestamp without time zone) AND (l_discount >= 0.02) AND (l_discount <= 0.04) AND (l_quantity < '25'::numeric))","Rows Removed by Filter": 1176284,"Workers": []}]}]}]},"Planning Time": 2.081,"Triggers": [],"Execution Time": 341.555}]
[{"Plan": {"Node Type": "Aggregate","Strategy": "Plain","Partial Mode": "Finalize","Parallel Aware": false,"Async Capable": false,"Startup Cost": 147409.63,"Total Cost": 147409.64,"Plan Rows": 1,"Plan Width": 32,"Actual Startup Time": 297.562,"Actual Total Time": 330.607,"Actual Rows": 1,"Actual Loops": 1,"Plans": [{"Node Type": "Gather","Parent Relationship": "Outer","Parallel Aware": false,"Async Capable": false,"Startup Cost": 147409.20,"Total Cost": 147409.61,"Plan Rows": 4,"Plan Width": 32,"Actual Startup Time": 297.384,"Actual Total Time": 330.577,"Actual Rows": 5,"Actual Loops": 1,"Workers Planned": 4,"Workers Launched": 4,"Single Copy": false,"Plans": [{"Node Type": "Aggregate","Strategy": "Plain","Partial Mode": "Partial","Parent Relationship": "Outer","Parallel Aware": false,"Async Capable": false,"Startup Cost": 146409.20,"Total Cost": 146409.21,"Plan Rows": 1,"Plan Width": 32,"Actual Startup Time": 290.524,"Actual Total Time": 290.525,"Actual Rows": 1,"Actual Loops": 5,"Workers": [],"Plans": [{"Node Type": "Seq Scan","Parent Relationship": "Outer","Parallel Aware": true,"Async Capable": false,"Relation Name": "lineitem","Alias": "lineitem","Startup Cost": 0.00,"Total Cost": 146259.83,"Plan Rows": 29872,"Plan Width": 12,"Actual Startup Time": 0.113,"Actual Total Time": 285.451,"Actual Rows": 23843,"Actual Loops": 5,"Filter": "((l_shipdate >= '1997-01-01'::date) AND (l_shipdate < '1998-01-01 00:00:00'::timestamp without time zone) AND (l_discount >= 0.04) AND (l_discount <= 0.06) AND (l_quantity < '25'::numeric))","Rows Removed by Filter": 1176400,"Workers": []}]}]}]},"Planning Time": 2.713,"Triggers": [],"Execution Time": 330.862}]
[{"Plan": {"Node Type": "Aggregate","Strategy": "Plain","Partial Mode": "Finalize","Parallel Aware": false,"Async Capable": false,"Startup Cost": 147402.57,"Total Cost": 147402.58,"Plan Rows": 1,"Plan Width": 32,"Actual Startup Time": 303.409,"Actual Total Time": 336.885,"Actual Rows": 1,"Actual Loops": 1,"Plans": [{"Node Type": "Gather","Parent Relationship": "Outer","Parallel Aware": false,"Async Capable": false,"Startup Cost": 147402.14,"Total Cost": 147402.55,"Plan Rows": 4,"Plan Width": 32,"Actual Startup Time": 303.253,"Actual Total Time": 336.860,"Actual Rows": 5,"Actual Loops": 1,"Workers Planned": 4,"Workers Launched": 4,"Single Copy": false,"Plans": [{"Node Type": "Aggregate","Strategy": "Plain","Partial Mode": "Partial","Parent Relationship": "Outer","Parallel Aware": false,"Async Capable": false,"Startup Cost": 146402.14,"Total Cost": 146402.15,"Plan Rows": 1,"Plan Width": 32,"Actual Startup Time": 296.828,"Actual Total Time": 296.830,"Actual Rows": 1,"Actual Loops": 5,"Workers": [],"Plans": [{"Node Type": "Seq Scan","Parent Relationship": "Outer","Parallel Aware": true,"Async Capable": false,"Relation Name": "lineitem","Alias": "lineitem","Startup Cost": 0.00,"Total Cost": 146259.83,"Plan Rows": 28461,"Plan Width": 12,"Actual Startup Time": 0.072,"Actual Total Time": 291.961,"Actual Rows": 22860,"Actual Loops": 5,"Filter": "((l_shipdate >= '1994-01-01'::date) AND (l_shipdate < '1995-01-01 00:00:00'::timestamp without time zone) AND (l_discount >= 0.02) AND (l_discount <= 0.04) AND (l_quantity < '24'::numeric))","Rows Removed by Filter": 1177383,"Workers": []}]}]}]},"Planning Time": 2.847,"Triggers": [],"Execution Time": 337.141}]
[{"Plan": {"Node Type": "Aggregate","Strategy": "Plain","Partial Mode": "Finalize","Parallel Aware": false,"Async Capable": false,"Startup Cost": 147410.52,"Total Cost": 147410.53,"Plan Rows": 1,"Plan Width": 32,"Actual Startup Time": 313.792,"Actual Total Time": 346.158,"Actual Rows": 1,"Actual Loops": 1,"Plans": [{"Node Type": "Gather","Parent Relationship": "Outer","Parallel Aware": false,"Async Capable": false,"Startup Cost": 147410.09,"Total Cost": 147410.50,"Plan Rows": 4,"Plan Width": 32,"Actual Startup Time": 313.589,"Actual Total Time": 346.120,"Actual Rows": 5,"Actual Loops": 1,"Workers Planned": 4,"Workers Launched": 4,"Single Copy": false,"Plans": [{"Node Type": "Aggregate","Strategy": "Plain","Partial Mode": "Partial","Parent Relationship": "Outer","Parallel Aware": false,"Async Capable": false,"Startup Cost": 146410.09,"Total Cost": 146410.10,"Plan Rows": 1,"Plan Width": 32,"Actual Startup Time": 306.243,"Actual Total Time": 306.244,"Actual Rows": 1,"Actual Loops": 5,"Workers": [],"Plans": [{"Node Type": "Seq Scan","Parent Relationship": "Outer","Parallel Aware": true,"Async Capable": false,"Relation Name": "lineitem","Alias": "lineitem","Startup Cost": 0.00,"Total Cost": 146259.83,"Plan Rows": 30051,"Plan Width": 12,"Actual Startup Time": 0.075,"Actual Total Time": 301.192,"Actual Rows": 23937,"Actual Loops": 5,"Filter": "((l_shipdate >= '1996-01-01'::date) AND (l_shipdate < '1997-01-01 00:00:00'::timestamp without time zone) AND (l_discount >= 0.01) AND (l_discount <= 0.03) AND (l_quantity < '25'::numeric))","Rows Removed by Filter": 1176306,"Workers": []}]}]}]},"Planning Time": 2.507,"Triggers": [],"Execution Time": 346.410}]
[{"Plan": {"Node Type": "Aggregate","Strategy": "Plain","Partial Mode": "Finalize","Parallel Aware": false,"Async Capable": false,"Startup Cost": 147402.87,"Total Cost": 147402.88,"Plan Rows": 1,"Plan Width": 32,"Actual Startup Time": 296.428,"Actual Total Time": 327.149,"Actual Rows": 1,"Actual Loops": 1,"Plans": [{"Node Type": "Gather","Parent Relationship": "Outer","Parallel Aware": false,"Async Capable": false,"Startup Cost": 147402.44,"Total Cost": 147402.85,"Plan Rows": 4,"Plan Width": 32,"Actual Startup Time": 296.221,"Actual Total Time": 327.118,"Actual Rows": 5,"Actual Loops": 1,"Workers Planned": 4,"Workers Launched": 4,"Single Copy": false,"Plans": [{"Node Type": "Aggregate","Strategy": "Plain","Partial Mode": "Partial","Parent Relationship": "Outer","Parallel Aware": false,"Async Capable": false,"Startup Cost": 146402.44,"Total Cost": 146402.45,"Plan Rows": 1,"Plan Width": 32,"Actual Startup Time": 289.094,"Actual Total Time": 289.097,"Actual Rows": 1,"Actual Loops": 5,"Workers": [],"Plans": [{"Node Type": "Seq Scan","Parent Relationship": "Outer","Parallel Aware": true,"Async Capable": false,"Relation Name": "lineitem","Alias": "lineitem","Startup Cost": 0.00,"Total Cost": 146259.83,"Plan Rows": 28520,"Plan Width": 12,"Actual Startup Time": 0.102,"Actual Total Time": 284.378,"Actual Rows": 22769,"Actual Loops": 5,"Filter": "((l_shipdate >= '1994-01-01'::date) AND (l_shipdate < '1995-01-01 00:00:00'::timestamp without time zone) AND (l_discount >= 0.06) AND (l_discount <= 0.08) AND (l_quantity < '24'::numeric))","Rows Removed by Filter": 1177474,"Workers": []}]}]}]},"Planning Time": 2.811,"Triggers": [],"Execution Time": 327.382}]
[{"Plan": {"Node Type": "Aggregate","Strategy": "Plain","Partial Mode": "Finalize","Parallel Aware": false,"Async Capable": false,"Startup Cost": 147410.65,"Total Cost": 147410.66,"Plan Rows": 1,"Plan Width": 32,"Actual Startup Time": 303.311,"Actual Total Time": 336.303,"Actual Rows": 1,"Actual Loops": 1,"Plans": [{"Node Type": "Gather","Parent Relationship": "Outer","Parallel Aware": false,"Async Capable": false,"Startup Cost": 147410.22,"Total Cost": 147410.63,"Plan Rows": 4,"Plan Width": 32,"Actual Startup Time": 303.142,"Actual Total Time": 336.256,"Actual Rows": 5,"Actual Loops": 1,"Workers Planned": 4,"Workers Launched": 4,"Single Copy": false,"Plans": [{"Node Type": "Aggregate","Strategy": "Plain","Partial Mode": "Partial","Parent Relationship": "Outer","Parallel Aware": false,"Async Capable": false,"Startup Cost": 146410.22,"Total Cost": 146410.23,"Plan Rows": 1,"Plan Width": 32,"Actual Startup Time": 296.021,"Actual Total Time": 296.023,"Actual Rows": 1,"Actual Loops": 5,"Workers": [],"Plans": [{"Node Type": "Seq Scan","Parent Relationship": "Outer","Parallel Aware": true,"Async Capable": false,"Relation Name": "lineitem","Alias": "lineitem","Startup Cost": 0.00,"Total Cost": 146259.83,"Plan Rows": 30076,"Plan Width": 12,"Actual Startup Time": 0.153,"Actual Total Time": 290.872,"Actual Rows": 23928,"Actual Loops": 5,"Filter": "((l_shipdate >= '1993-01-01'::date) AND (l_shipdate < '1994-01-01 00:00:00'::timestamp without time zone) AND (l_discount >= 0.07) AND (l_discount <= 0.09) AND (l_quantity < '25'::numeric))","Rows Removed by Filter": 1176315,"Workers": []}]}]}]},"Planning Time": 2.101,"Triggers": [],"Execution Time": 336.525}]
[{"Plan": {"Node Type": "Aggregate","Strategy": "Plain","Partial Mode": "Finalize","Parallel Aware": false,"Async Capable": false,"Startup Cost": 147407.49,"Total Cost": 147407.50,"Plan Rows": 1,"Plan Width": 32,"Actual Startup Time": 306.160,"Actual Total Time": 338.189,"Actual Rows": 1,"Actual Loops": 1,"Plans": [{"Node Type": "Gather","Parent Relationship": "Outer","Parallel Aware": false,"Async Capable": false,"Startup Cost": 147407.06,"Total Cost": 147407.47,"Plan Rows": 4,"Plan Width": 32,"Actual Startup Time": 305.981,"Actual Total Time": 338.158,"Actual Rows": 5,"Actual Loops": 1,"Workers Planned": 4,"Workers Launched": 4,"Single Copy": false,"Plans": [{"Node Type": "Aggregate","Strategy": "Plain","Partial Mode": "Partial","Parent Relationship": "Outer","Parallel Aware": false,"Async Capable": false,"Startup Cost": 146407.06,"Total Cost": 146407.07,"Plan Rows": 1,"Plan Width": 32,"Actual Startup Time": 299.065,"Actual Total Time": 299.067,"Actual Rows": 1,"Actual Loops": 5,"Workers": [],"Plans": [{"Node Type": "Seq Scan","Parent Relationship": "Outer","Parallel Aware": true,"Async Capable": false,"Relation Name": "lineitem","Alias": "lineitem","Startup Cost": 0.00,"Total Cost": 146259.83,"Plan Rows": 29445,"Plan Width": 12,"Actual Startup Time": 0.099,"Actual Total Time": 294.167,"Actual Rows": 22956,"Actual Loops": 5,"Filter": "((l_shipdate >= '1995-01-01'::date) AND (l_shipdate < '1996-01-01 00:00:00'::timestamp without time zone) AND (l_discount >= 0.02) AND (l_discount <= 0.04) AND (l_quantity < '24'::numeric))","Rows Removed by Filter": 1177287,"Workers": []}]}]}]},"Planning Time": 2.819,"Triggers": [],"Execution Time": 338.444}]
[{"Plan": {"Node Type": "Aggregate","Strategy": "Plain","Partial Mode": "Finalize","Parallel Aware": false,"Async Capable": false,"Startup Cost": 147407.80,"Total Cost": 147407.81,"Plan Rows": 1,"Plan Width": 32,"Actual Startup Time": 302.950,"Actual Total Time": 335.292,"Actual Rows": 1,"Actual Loops": 1,"Plans": [{"Node Type": "Gather","Parent Relationship": "Outer","Parallel Aware": false,"Async Capable": false,"Startup Cost": 147407.37,"Total Cost": 147407.78,"Plan Rows": 4,"Plan Width": 32,"Actual Startup Time": 302.795,"Actual Total Time": 335.251,"Actual Rows": 5,"Actual Loops": 1,"Workers Planned": 4,"Workers Launched": 4,"Single Copy": false,"Plans": [{"Node Type": "Aggregate","Strategy": "Plain","Partial Mode": "Partial","Parent Relationship": "Outer","Parallel Aware": false,"Async Capable": false,"Startup Cost": 146407.37,"Total Cost": 146407.38,"Plan Rows": 1,"Plan Width": 32,"Actual Startup Time": 296.025,"Actual Total Time": 296.028,"Actual Rows": 1,"Actual Loops": 5,"Workers": [],"Plans": [{"Node Type": "Seq Scan","Parent Relationship": "Outer","Parallel Aware": true,"Async Capable": false,"Relation Name": "lineitem","Alias": "lineitem","Startup Cost": 0.00,"Total Cost": 146259.83,"Plan Rows": 29506,"Plan Width": 12,"Actual Startup Time": 0.112,"Actual Total Time": 291.181,"Actual Rows": 22957,"Actual Loops": 5,"Filter": "((l_shipdate >= '1995-01-01'::date) AND (l_shipdate < '1996-01-01 00:00:00'::timestamp without time zone) AND (l_discount >= 0.06) AND (l_discount <= 0.08) AND (l_quantity < '24'::numeric))","Rows Removed by Filter": 1177286,"Workers": []}]}]}]},"Planning Time": 2.266,"Triggers": [],"Execution Time": 335.524}]
[{"Plan": {"Node Type": "Aggregate","Strategy": "Plain","Partial Mode": "Finalize","Parallel Aware": false,"Async Capable": false,"Startup Cost": 147411.24,"Total Cost": 147411.25,"Plan Rows": 1,"Plan Width": 32,"Actual Startup Time": 306.146,"Actual Total Time": 337.945,"Actual Rows": 1,"Actual Loops": 1,"Plans": [{"Node Type": "Gather","Parent Relationship": "Outer","Parallel Aware": false,"Async Capable": false,"Startup Cost": 147410.81,"Total Cost": 147411.22,"Plan Rows": 4,"Plan Width": 32,"Actual Startup Time": 305.983,"Actual Total Time": 337.923,"Actual Rows": 5,"Actual Loops": 1,"Workers Planned": 4,"Workers Launched": 4,"Single Copy": false,"Plans": [{"Node Type": "Aggregate","Strategy": "Plain","Partial Mode": "Partial","Parent Relationship": "Outer","Parallel Aware": false,"Async Capable": false,"Startup Cost": 146410.81,"Total Cost": 146410.82,"Plan Rows": 1,"Plan Width": 32,"Actual Startup Time": 299.109,"Actual Total Time": 299.111,"Actual Rows": 1,"Actual Loops": 5,"Workers": [],"Plans": [{"Node Type": "Seq Scan","Parent Relationship": "Outer","Parallel Aware": true,"Async Capable": false,"Relation Name": "lineitem","Alias": "lineitem","Startup Cost": 0.00,"Total Cost": 146259.83,"Plan Rows": 30194,"Plan Width": 12,"Actual Startup Time": 0.070,"Actual Total Time": 294.125,"Actual Rows": 23770,"Actual Loops": 5,"Filter": "((l_shipdate >= '1993-01-01'::date) AND (l_shipdate < '1994-01-01 00:00:00'::timestamp without time zone) AND (l_discount >= 0.04) AND (l_discount <= 0.06) AND (l_quantity < '25'::numeric))","Rows Removed by Filter": 1176473,"Workers": []}]}]}]},"Planning Time": 2.759,"Triggers": [],"Execution Time": 338.194}]
[{"Plan": {"Node Type": "Aggregate","Strategy": "Plain","Partial Mode": "Finalize","Parallel Aware": false,"Async Capable": false,"Startup Cost": 147406.86,"Total Cost": 147406.87,"Plan Rows": 1,"Plan Width": 32,"Actual Startup Time": 300.104,"Actual Total Time": 331.789,"Actual Rows": 1,"Actual Loops": 1,"Plans": [{"Node Type": "Gather","Parent Relationship": "Outer","Parallel Aware": false,"Async Capable": false,"Startup Cost": 147406.43,"Total Cost": 147406.84,"Plan Rows": 4,"Plan Width": 32,"Actual Startup Time": 299.950,"Actual Total Time": 331.768,"Actual Rows": 5,"Actual Loops": 1,"Workers Planned": 4,"Workers Launched": 4,"Single Copy": false,"Plans": [{"Node Type": "Aggregate","Strategy": "Plain","Partial Mode": "Partial","Parent Relationship": "Outer","Parallel Aware": false,"Async Capable": false,"Startup Cost": 146406.43,"Total Cost": 146406.44,"Plan Rows": 1,"Plan Width": 32,"Actual Startup Time": 293.419,"Actual Total Time": 293.420,"Actual Rows": 1,"Actual Loops": 5,"Workers": [],"Plans": [{"Node Type": "Seq Scan","Parent Relationship": "Outer","Parallel Aware": true,"Async Capable": false,"Relation Name": "lineitem","Alias": "lineitem","Startup Cost": 0.00,"Total Cost": 146259.83,"Plan Rows": 29319,"Plan Width": 12,"Actual Startup Time": 0.099,"Actual Total Time": 288.598,"Actual Rows": 22982,"Actual Loops": 5,"Filter": "((l_shipdate >= '1995-01-01'::date) AND (l_shipdate < '1996-01-01 00:00:00'::timestamp without time zone) AND (l_discount >= 0.05) AND (l_discount <= 0.07) AND (l_quantity < '24'::numeric))","Rows Removed by Filter": 1177261,"Workers": []}]}]}]},"Planning Time": 2.905,"Triggers": [],"Execution Time": 332.052}]
[{"Plan": {"Node Type": "Aggregate","Strategy": "Plain","Partial Mode": "Finalize","Parallel Aware": false,"Async Capable": false,"Startup Cost": 147414.87,"Total Cost": 147414.88,"Plan Rows": 1,"Plan Width": 32,"Actual Startup Time": 312.772,"Actual Total Time": 345.751,"Actual Rows": 1,"Actual Loops": 1,"Plans": [{"Node Type": "Gather","Parent Relationship": "Outer","Parallel Aware": false,"Async Capable": false,"Startup Cost": 147414.44,"Total Cost": 147414.85,"Plan Rows": 4,"Plan Width": 32,"Actual Startup Time": 312.597,"Actual Total Time": 345.709,"Actual Rows": 5,"Actual Loops": 1,"Workers Planned": 4,"Workers Launched": 4,"Single Copy": false,"Plans": [{"Node Type": "Aggregate","Strategy": "Plain","Partial Mode": "Partial","Parent Relationship": "Outer","Parallel Aware": false,"Async Capable": false,"Startup Cost": 146414.44,"Total Cost": 146414.45,"Plan Rows": 1,"Plan Width": 32,"Actual Startup Time": 305.497,"Actual Total Time": 305.499,"Actual Rows": 1,"Actual Loops": 5,"Workers": [],"Plans": [{"Node Type": "Seq Scan","Parent Relationship": "Outer","Parallel Aware": true,"Async Capable": false,"Relation Name": "lineitem","Alias": "lineitem","Startup Cost": 0.00,"Total Cost": 146259.83,"Plan Rows": 30920,"Plan Width": 12,"Actual Startup Time": 0.107,"Actual Total Time": 300.442,"Actual Rows": 23898,"Actual Loops": 5,"Filter": "((l_shipdate >= '1995-01-01'::date) AND (l_shipdate < '1996-01-01 00:00:00'::timestamp without time zone) AND (l_discount >= 0.01) AND (l_discount <= 0.03) AND (l_quantity < '25'::numeric))","Rows Removed by Filter": 1176345,"Workers": []}]}]}]},"Planning Time": 2.074,"Triggers": [],"Execution Time": 345.982}]
[{"Plan": {"Node Type": "Aggregate","Strategy": "Plain","Partial Mode": "Finalize","Parallel Aware": false,"Async Capable": false,"Startup Cost": 147410.52,"Total Cost": 147410.53,"Plan Rows": 1,"Plan Width": 32,"Actual Startup Time": 313.792,"Actual Total Time": 346.158,"Actual Rows": 1,"Actual Loops": 1,"Plans": [{"Node Type": "Gather","Parent Relationship": "Outer","Parallel Aware": false,"Async Capable": false,"Startup Cost": 147410.09,"Total Cost": 147410.50,"Plan Rows": 4,"Plan Width": 32,"Actual Startup Time": 313.589,"Actual Total Time": 346.120,"Actual Rows": 5,"Actual Loops": 1,"Workers Planned": 4,"Workers Launched": 4,"Single Copy": false,"Plans": [{"Node Type": "Aggregate","Strategy": "Plain","Partial Mode": "Partial","Parent Relationship": "Outer","Parallel Aware": false,"Async Capable": false,"Startup Cost": 146410.09,"Total Cost": 146410.10,"Plan Rows": 1,"Plan Width": 32,"Actual Startup Time": 306.243,"Actual Total Time": 306.244,"Actual Rows": 1,"Actual Loops": 5,"Workers": [],"Plans": [{"Node Type": "Seq Scan","Parent Relationship": "Outer","Parallel Aware": true,"Async Capable": false,"Relation Name": "lineitem","Alias": "lineitem","Startup Cost": 0.00,"Total Cost": 146259.83,"Plan Rows": 30051,"Plan Width": 12,"Actual Startup Time": 0.075,"Actual Total Time": 301.192,"Actual Rows": 23937,"Actual Loops": 5,"Filter": "((l_shipdate >= '1996-01-01'::date) AND (l_shipdate < '1997-01-01 00:00:00'::timestamp without time zone) AND (l_discount >= 0.01) AND (l_discount <= 0.03) AND (l_quantity < '25'::numeric))","Rows Removed by Filter": 1176306,"Workers": []}]}]}]},"Planning Time": 2.507,"Triggers": [],"Execution Time": 346.410}]
[{"Plan": {"Node Type": "Aggregate","Strategy": "Plain","Partial Mode": "Finalize","Parallel Aware": false,"Async Capable": false,"Startup Cost": 147410.65,"Total Cost": 147410.66,"Plan Rows": 1,"Plan Width": 32,"Actual Startup Time": 303.311,"Actual Total Time": 336.303,"Actual Rows": 1,"Actual Loops": 1,"Plans": [{"Node Type": "Gather","Parent Relationship": "Outer","Parallel Aware": false,"Async Capable": false,"Startup Cost": 147410.22,"Total Cost": 147410.63,"Plan Rows": 4,"Plan Width": 32,"Actual Startup Time": 303.142,"Actual Total Time": 336.256,"Actual Rows": 5,"Actual Loops": 1,"Workers Planned": 4,"Workers Launched": 4,"Single Copy": false,"Plans": [{"Node Type": "Aggregate","Strategy": "Plain","Partial Mode": "Partial","Parent Relationship": "Outer","Parallel Aware": false,"Async Capable": false,"Startup Cost": 146410.22,"Total Cost": 146410.23,"Plan Rows": 1,"Plan Width": 32,"Actual Startup Time": 296.021,"Actual Total Time": 296.023,"Actual Rows": 1,"Actual Loops": 5,"Workers": [],"Plans": [{"Node Type": "Seq Scan","Parent Relationship": "Outer","Parallel Aware": true,"Async Capable": false,"Relation Name": "lineitem","Alias": "lineitem","Startup Cost": 0.00,"Total Cost": 146259.83,"Plan Rows": 30076,"Plan Width": 12,"Actual Startup Time": 0.153,"Actual Total Time": 290.872,"Actual Rows": 23928,"Actual Loops": 5,"Filter": "((l_shipdate >= '1993-01-01'::date) AND (l_shipdate < '1994-01-01 00:00:00'::timestamp without time zone) AND (l_discount >= 0.07) AND (l_discount <= 0.09) AND (l_quantity < '25'::numeric))","Rows Removed by Filter": 1176315,"Workers": []}]}]}]},"Planning Time": 2.101,"Triggers": [],"Execution Time": 336.525}]
[{"Plan": {"Node Type": "Aggregate","Strategy": "Plain","Partial Mode": "Finalize","Parallel Aware": false,"Async Capable": false,"Startup Cost": 147403.34,"Total Cost": 147403.35,"Plan Rows": 1,"Plan Width": 32,"Actual Startup Time": 308.370,"Actual Total Time": 341.286,"Actual Rows": 1,"Actual Loops": 1,"Plans": [{"Node Type": "Gather","Parent Relationship": "Outer","Parallel Aware": false,"Async Capable": false,"Startup Cost": 147402.91,"Total Cost": 147403.32,"Plan Rows": 4,"Plan Width": 32,"Actual Startup Time": 308.172,"Actual Total Time": 341.245,"Actual Rows": 5,"Actual Loops": 1,"Workers Planned": 4,"Workers Launched": 4,"Single Copy": false,"Plans": [{"Node Type": "Aggregate","Strategy": "Plain","Partial Mode": "Partial","Parent Relationship": "Outer","Parallel Aware": false,"Async Capable": false,"Startup Cost": 146402.91,"Total Cost": 146402.92,"Plan Rows": 1,"Plan Width": 32,"Actual Startup Time": 300.890,"Actual Total Time": 300.893,"Actual Rows": 1,"Actual Loops": 5,"Workers": [],"Plans": [{"Node Type": "Seq Scan","Parent Relationship": "Outer","Parallel Aware": true,"Async Capable": false,"Relation Name": "lineitem","Alias": "lineitem","Startup Cost": 0.00,"Total Cost": 146259.83,"Plan Rows": 28614,"Plan Width": 12,"Actual Startup Time": 0.079,"Actual Total Time": 296.073,"Actual Rows": 22859,"Actual Loops": 5,"Filter": "((l_shipdate >= '1996-01-01'::date) AND (l_shipdate < '1997-01-01 00:00:00'::timestamp without time zone) AND (l_discount >= 0.04) AND (l_discount <= 0.06) AND (l_quantity < '24'::numeric))","Rows Removed by Filter": 1177384,"Workers": []}]}]}]},"Planning Time": 3.004,"Triggers": [],"Execution Time": 341.531}]
[{"Plan": {"Node Type": "Aggregate","Strategy": "Plain","Partial Mode": "Finalize","Parallel Aware": false,"Async Capable": false,"Startup Cost": 147407.49,"Total Cost": 147407.50,"Plan Rows": 1,"Plan Width": 32,"Actual Startup Time": 306.160,"Actual Total Time": 338.189,"Actual Rows": 1,"Actual Loops": 1,"Plans": [{"Node Type": "Gather","Parent Relationship": "Outer","Parallel Aware": false,"Async Capable": false,"Startup Cost": 147407.06,"Total Cost": 147407.47,"Plan Rows": 4,"Plan Width": 32,"Actual Startup Time": 305.981,"Actual Total Time": 338.158,"Actual Rows": 5,"Actual Loops": 1,"Workers Planned": 4,"Workers Launched": 4,"Single Copy": false,"Plans": [{"Node Type": "Aggregate","Strategy": "Plain","Partial Mode": "Partial","Parent Relationship": "Outer","Parallel Aware": false,"Async Capable": false,"Startup Cost": 146407.06,"Total Cost": 146407.07,"Plan Rows": 1,"Plan Width": 32,"Actual Startup Time": 299.065,"Actual Total Time": 299.067,"Actual Rows": 1,"Actual Loops": 5,"Workers": [],"Plans": [{"Node Type": "Seq Scan","Parent Relationship": "Outer","Parallel Aware": true,"Async Capable": false,"Relation Name": "lineitem","Alias": "lineitem","Startup Cost": 0.00,"Total Cost": 146259.83,"Plan Rows": 29445,"Plan Width": 12,"Actual Startup Time": 0.099,"Actual Total Time": 294.167,"Actual Rows": 22956,"Actual Loops": 5,"Filter": "((l_shipdate >= '1995-01-01'::date) AND (l_shipdate < '1996-01-01 00:00:00'::timestamp without time zone) AND (l_discount >= 0.02) AND (l_discount <= 0.04) AND (l_quantity < '24'::numeric))","Rows Removed by Filter": 1177287,"Workers": []}]}]}]},"Planning Time": 2.819,"Triggers": [],"Execution Time": 338.444}]
[{"Plan": {"Node Type": "Aggregate","Strategy": "Plain","Partial Mode": "Finalize","Parallel Aware": false,"Async Capable": false,"Startup Cost": 147404.26,"Total Cost": 147404.27,"Plan Rows": 1,"Plan Width": 32,"Actual Startup Time": 307.701,"Actual Total Time": 341.025,"Actual Rows": 1,"Actual Loops": 1,"Plans": [{"Node Type": "Gather","Parent Relationship": "Outer","Parallel Aware": false,"Async Capable": false,"Startup Cost": 147403.83,"Total Cost": 147404.24,"Plan Rows": 4,"Plan Width": 32,"Actual Startup Time": 307.548,"Actual Total Time": 340.986,"Actual Rows": 5,"Actual Loops": 1,"Workers Planned": 4,"Workers Launched": 4,"Single Copy": false,"Plans": [{"Node Type": "Aggregate","Strategy": "Plain","Partial Mode": "Partial","Parent Relationship": "Outer","Parallel Aware": false,"Async Capable": false,"Startup Cost": 146403.83,"Total Cost": 146403.84,"Plan Rows": 1,"Plan Width": 32,"Actual Startup Time": 300.209,"Actual Total Time": 300.210,"Actual Rows": 1,"Actual Loops": 5,"Workers": [],"Plans": [{"Node Type": "Seq Scan","Parent Relationship": "Outer","Parallel Aware": true,"Async Capable": false,"Relation Name": "lineitem","Alias": "lineitem","Startup Cost": 0.00,"Total Cost": 146259.83,"Plan Rows": 28799,"Plan Width": 12,"Actual Startup Time": 0.104,"Actual Total Time": 295.271,"Actual Rows": 22953,"Actual Loops": 5,"Filter": "((l_shipdate >= '1996-01-01'::date) AND (l_shipdate < '1997-01-01 00:00:00'::timestamp without time zone) AND (l_discount >= 0.01) AND (l_discount <= 0.03) AND (l_quantity < '24'::numeric))","Rows Removed by Filter": 1177290,"Workers": []}]}]}]},"Planning Time": 2.573,"Triggers": [],"Execution Time": 341.309}]
[{"Plan": {"Node Type": "Aggregate","Strategy": "Plain","Partial Mode": "Finalize","Parallel Aware": false,"Async Capable": false,"Startup Cost": 147410.61,"Total Cost": 147410.62,"Plan Rows": 1,"Plan Width": 32,"Actual Startup Time": 301.459,"Actual Total Time": 333.010,"Actual Rows": 1,"Actual Loops": 1,"Plans": [{"Node Type": "Gather","Parent Relationship": "Outer","Parallel Aware": false,"Async Capable": false,"Startup Cost": 147410.18,"Total Cost": 147410.59,"Plan Rows": 4,"Plan Width": 32,"Actual Startup Time": 301.254,"Actual Total Time": 332.981,"Actual Rows": 5,"Actual Loops": 1,"Workers Planned": 4,"Workers Launched": 4,"Single Copy": false,"Plans": [{"Node Type": "Aggregate","Strategy": "Plain","Partial Mode": "Partial","Parent Relationship": "Outer","Parallel Aware": false,"Async Capable": false,"Startup Cost": 146410.18,"Total Cost": 146410.19,"Plan Rows": 1,"Plan Width": 32,"Actual Startup Time": 294.704,"Actual Total Time": 294.707,"Actual Rows": 1,"Actual Loops": 5,"Workers": [],"Plans": [{"Node Type": "Seq Scan","Parent Relationship": "Outer","Parallel Aware": true,"Async Capable": false,"Relation Name": "lineitem","Alias": "lineitem","Startup Cost": 0.00,"Total Cost": 146259.83,"Plan Rows": 30068,"Plan Width": 12,"Actual Startup Time": 0.071,"Actual Total Time": 289.733,"Actual Rows": 23804,"Actual Loops": 5,"Filter": "((l_shipdate >= '1993-01-01'::date) AND (l_shipdate < '1994-01-01 00:00:00'::timestamp without time zone) AND (l_discount >= 0.05) AND (l_discount <= 0.07) AND (l_quantity < '25'::numeric))","Rows Removed by Filter": 1176439,"Workers": []}]}]}]},"Planning Time": 2.847,"Triggers": [],"Execution Time": 333.185}]
[{"Plan": {"Node Type": "Aggregate","Strategy": "Plain","Partial Mode": "Finalize","Parallel Aware": false,"Async Capable": false,"Startup Cost": 147413.28,"Total Cost": 147413.29,"Plan Rows": 1,"Plan Width": 32,"Actual Startup Time": 304.234,"Actual Total Time": 336.730,"Actual Rows": 1,"Actual Loops": 1,"Plans": [{"Node Type": "Gather","Parent Relationship": "Outer","Parallel Aware": false,"Async Capable": false,"Startup Cost": 147412.85,"Total Cost": 147413.26,"Plan Rows": 4,"Plan Width": 32,"Actual Startup Time": 304.079,"Actual Total Time": 336.704,"Actual Rows": 5,"Actual Loops": 1,"Workers Planned": 4,"Workers Launched": 4,"Single Copy": false,"Plans": [{"Node Type": "Aggregate","Strategy": "Plain","Partial Mode": "Partial","Parent Relationship": "Outer","Parallel Aware": false,"Async Capable": false,"Startup Cost": 146412.85,"Total Cost": 146412.86,"Plan Rows": 1,"Plan Width": 32,"Actual Startup Time": 297.451,"Actual Total Time": 297.454,"Actual Rows": 1,"Actual Loops": 5,"Workers": [],"Plans": [{"Node Type": "Seq Scan","Parent Relationship": "Outer","Parallel Aware": true,"Async Capable": false,"Relation Name": "lineitem","Alias": "lineitem","Startup Cost": 0.00,"Total Cost": 146259.83,"Plan Rows": 30602,"Plan Width": 12,"Actual Startup Time": 0.064,"Actual Total Time": 292.466,"Actual Rows": 23856,"Actual Loops": 5,"Filter": "((l_shipdate >= '1995-01-01'::date) AND (l_shipdate < '1996-01-01 00:00:00'::timestamp without time zone) AND (l_discount >= 0.07) AND (l_discount <= 0.09) AND (l_quantity < '25'::numeric))","Rows Removed by Filter": 1176387,"Workers": []}]}]}]},"Planning Time": 2.470,"Triggers": [],"Execution Time": 336.964}]
[{"Plan": {"Node Type": "Aggregate","Strategy": "Plain","Partial Mode": "Finalize","Parallel Aware": false,"Async Capable": false,"Startup Cost": 147403.72,"Total Cost": 147403.73,"Plan Rows": 1,"Plan Width": 32,"Actual Startup Time": 297.848,"Actual Total Time": 329.743,"Actual Rows": 1,"Actual Loops": 1,"Plans": [{"Node Type": "Gather","Parent Relationship": "Outer","Parallel Aware": false,"Async Capable": false,"Startup Cost": 147403.29,"Total Cost": 147403.70,"Plan Rows": 4,"Plan Width": 32,"Actual Startup Time": 297.724,"Actual Total Time": 329.700,"Actual Rows": 5,"Actual Loops": 1,"Workers Planned": 4,"Workers Launched": 4,"Single Copy": false,"Plans": [{"Node Type": "Aggregate","Strategy": "Plain","Partial Mode": "Partial","Parent Relationship": "Outer","Parallel Aware": false,"Async Capable": false,"Startup Cost": 146403.29,"Total Cost": 146403.30,"Plan Rows": 1,"Plan Width": 32,"Actual Startup Time": 290.963,"Actual Total Time": 290.965,"Actual Rows": 1,"Actual Loops": 5,"Workers": [],"Plans": [{"Node Type": "Seq Scan","Parent Relationship": "Outer","Parallel Aware": true,"Async Capable": false,"Relation Name": "lineitem","Alias": "lineitem","Startup Cost": 0.00,"Total Cost": 146259.83,"Plan Rows": 28690,"Plan Width": 12,"Actual Startup Time": 0.110,"Actual Total Time": 286.168,"Actual Rows": 22858,"Actual Loops": 5,"Filter": "((l_shipdate >= '1997-01-01'::date) AND (l_shipdate < '1998-01-01 00:00:00'::timestamp without time zone) AND (l_discount >= 0.06) AND (l_discount <= 0.08) AND (l_quantity < '24'::numeric))","Rows Removed by Filter": 1177385,"Workers": []}]}]}]},"Planning Time": 2.112,"Triggers": [],"Execution Time": 329.961}]
[{"Plan": {"Node Type": "Aggregate","Strategy": "Plain","Partial Mode": "Finalize","Parallel Aware": false,"Async Capable": false,"Startup Cost": 147409.70,"Total Cost": 147409.71,"Plan Rows": 1,"Plan Width": 32,"Actual Startup Time": 318.187,"Actual Total Time": 351.604,"Actual Rows": 1,"Actual Loops": 1,"Plans": [{"Node Type": "Gather","Parent Relationship": "Outer","Parallel Aware": false,"Async Capable": false,"Startup Cost": 147409.27,"Total Cost": 147409.68,"Plan Rows": 4,"Plan Width": 32,"Actual Startup Time": 318.005,"Actual Total Time": 351.566,"Actual Rows": 5,"Actual Loops": 1,"Workers Planned": 4,"Workers Launched": 4,"Single Copy": false,"Plans": [{"Node Type": "Aggregate","Strategy": "Plain","Partial Mode": "Partial","Parent Relationship": "Outer","Parallel Aware": false,"Async Capable": false,"Startup Cost": 146409.27,"Total Cost": 146409.28,"Plan Rows": 1,"Plan Width": 32,"Actual Startup Time": 310.692,"Actual Total Time": 310.693,"Actual Rows": 1,"Actual Loops": 5,"Workers": [],"Plans": [{"Node Type": "Seq Scan","Parent Relationship": "Outer","Parallel Aware": true,"Async Capable": false,"Relation Name": "lineitem","Alias": "lineitem","Startup Cost": 0.00,"Total Cost": 146259.83,"Plan Rows": 29887,"Plan Width": 12,"Actual Startup Time": 0.069,"Actual Total Time": 305.516,"Actual Rows": 23782,"Actual Loops": 5,"Filter": "((l_shipdate >= '1994-01-01'::date) AND (l_shipdate < '1995-01-01 00:00:00'::timestamp without time zone) AND (l_discount >= 0.01) AND (l_discount <= 0.03) AND (l_quantity < '25'::numeric))","Rows Removed by Filter": 1176461,"Workers": []}]}]}]},"Planning Time": 2.556,"Triggers": [],"Execution Time": 351.812}]
[{"Plan": {"Node Type": "Aggregate","Strategy": "Plain","Partial Mode": "Finalize","Parallel Aware": false,"Async Capable": false,"Startup Cost": 147401.96,"Total Cost": 147401.97,"Plan Rows": 1,"Plan Width": 32,"Actual Startup Time": 301.236,"Actual Total Time": 333.196,"Actual Rows": 1,"Actual Loops": 1,"Plans": [{"Node Type": "Gather","Parent Relationship": "Outer","Parallel Aware": false,"Async Capable": false,"Startup Cost": 147401.53,"Total Cost": 147401.94,"Plan Rows": 4,"Plan Width": 32,"Actual Startup Time": 301.008,"Actual Total Time": 333.159,"Actual Rows": 5,"Actual Loops": 1,"Workers Planned": 4,"Workers Launched": 4,"Single Copy": false,"Plans": [{"Node Type": "Aggregate","Strategy": "Plain","Partial Mode": "Partial","Parent Relationship": "Outer","Parallel Aware": false,"Async Capable": false,"Startup Cost": 146401.53,"Total Cost": 146401.54,"Plan Rows": 1,"Plan Width": 32,"Actual Startup Time": 293.920,"Actual Total Time": 293.926,"Actual Rows": 1,"Actual Loops": 5,"Workers": [],"Plans": [{"Node Type": "Seq Scan","Parent Relationship": "Outer","Parallel Aware": true,"Async Capable": false,"Relation Name": "lineitem","Alias": "lineitem","Startup Cost": 0.00,"Total Cost": 146259.83,"Plan Rows": 28338,"Plan Width": 12,"Actual Startup Time": 0.086,"Actual Total Time": 288.967,"Actual Rows": 22878,"Actual Loops": 5,"Filter": "((l_shipdate >= '1996-01-01'::date) AND (l_shipdate < '1997-01-01 00:00:00'::timestamp without time zone) AND (l_discount >= 0.03) AND (l_discount <= 0.05) AND (l_quantity < '24'::numeric))","Rows Removed by Filter": 1177365,"Workers": []}]}]}]},"Planning Time": 2.851,"Triggers": [],"Execution Time": 333.444}]
[{"Plan": {"Node Type": "Aggregate","Strategy": "Plain","Partial Mode": "Finalize","Parallel Aware": false,"Async Capable": false,"Startup Cost": 147403.72,"Total Cost": 147403.73,"Plan Rows": 1,"Plan Width": 32,"Actual Startup Time": 297.848,"Actual Total Time": 329.743,"Actual Rows": 1,"Actual Loops": 1,"Plans": [{"Node Type": "Gather","Parent Relationship": "Outer","Parallel Aware": false,"Async Capable": false,"Startup Cost": 147403.29,"Total Cost": 147403.70,"Plan Rows": 4,"Plan Width": 32,"Actual Startup Time": 297.724,"Actual Total Time": 329.700,"Actual Rows": 5,"Actual Loops": 1,"Workers Planned": 4,"Workers Launched": 4,"Single Copy": false,"Plans": [{"Node Type": "Aggregate","Strategy": "Plain","Partial Mode": "Partial","Parent Relationship": "Outer","Parallel Aware": false,"Async Capable": false,"Startup Cost": 146403.29,"Total Cost": 146403.30,"Plan Rows": 1,"Plan Width": 32,"Actual Startup Time": 290.963,"Actual Total Time": 290.965,"Actual Rows": 1,"Actual Loops": 5,"Workers": [],"Plans": [{"Node Type": "Seq Scan","Parent Relationship": "Outer","Parallel Aware": true,"Async Capable": false,"Relation Name": "lineitem","Alias": "lineitem","Startup Cost": 0.00,"Total Cost": 146259.83,"Plan Rows": 28690,"Plan Width": 12,"Actual Startup Time": 0.110,"Actual Total Time": 286.168,"Actual Rows": 22858,"Actual Loops": 5,"Filter": "((l_shipdate >= '1997-01-01'::date) AND (l_shipdate < '1998-01-01 00:00:00'::timestamp without time zone) AND (l_discount >= 0.06) AND (l_discount <= 0.08) AND (l_quantity < '24'::numeric))","Rows Removed by Filter": 1177385,"Workers": []}]}]}]},"Planning Time": 2.112,"Triggers": [],"Execution Time": 329.961}]
[{"Plan": {"Node Type": "Aggregate","Strategy": "Plain","Partial Mode": "Finalize","Parallel Aware": false,"Async Capable": false,"Startup Cost": 147409.56,"Total Cost": 147409.57,"Plan Rows": 1,"Plan Width": 32,"Actual Startup Time": 304.353,"Actual Total Time": 336.582,"Actual Rows": 1,"Actual Loops": 1,"Plans": [{"Node Type": "Gather","Parent Relationship": "Outer","Parallel Aware": false,"Async Capable": false,"Startup Cost": 147409.13,"Total Cost": 147409.54,"Plan Rows": 4,"Plan Width": 32,"Actual Startup Time": 304.189,"Actual Total Time": 336.558,"Actual Rows": 5,"Actual Loops": 1,"Workers Planned": 4,"Workers Launched": 4,"Single Copy": false,"Plans": [{"Node Type": "Aggregate","Strategy": "Plain","Partial Mode": "Partial","Parent Relationship": "Outer","Parallel Aware": false,"Async Capable": false,"Startup Cost": 146409.13,"Total Cost": 146409.14,"Plan Rows": 1,"Plan Width": 32,"Actual Startup Time": 297.692,"Actual Total Time": 297.694,"Actual Rows": 1,"Actual Loops": 5,"Workers": [],"Plans": [{"Node Type": "Seq Scan","Parent Relationship": "Outer","Parallel Aware": true,"Async Capable": false,"Relation Name": "lineitem","Alias": "lineitem","Startup Cost": 0.00,"Total Cost": 146259.83,"Plan Rows": 29858,"Plan Width": 12,"Actual Startup Time": 0.063,"Actual Total Time": 292.684,"Actual Rows": 23851,"Actual Loops": 5,"Filter": "((l_shipdate >= '1996-01-01'::date) AND (l_shipdate < '1997-01-01 00:00:00'::timestamp without time zone) AND (l_discount >= 0.04) AND (l_discount <= 0.06) AND (l_quantity < '25'::numeric))","Rows Removed by Filter": 1176392,"Workers": []}]}]}]},"Planning Time": 2.206,"Triggers": [],"Execution Time": 336.793}]
[{"Plan": {"Node Type": "Aggregate","Strategy": "Plain","Partial Mode": "Finalize","Parallel Aware": false,"Async Capable": false,"Startup Cost": 147412.08,"Total Cost": 147412.09,"Plan Rows": 1,"Plan Width": 32,"Actual Startup Time": 308.275,"Actual Total Time": 339.973,"Actual Rows": 1,"Actual Loops": 1,"Plans": [{"Node Type": "Gather","Parent Relationship": "Outer","Parallel Aware": false,"Async Capable": false,"Startup Cost": 147411.65,"Total Cost": 147412.06,"Plan Rows": 4,"Plan Width": 32,"Actual Startup Time": 308.122,"Actual Total Time": 339.937,"Actual Rows": 5,"Actual Loops": 1,"Workers Planned": 4,"Workers Launched": 4,"Single Copy": false,"Plans": [{"Node Type": "Aggregate","Strategy": "Plain","Partial Mode": "Partial","Parent Relationship": "Outer","Parallel Aware": false,"Async Capable": false,"Startup Cost": 146411.65,"Total Cost": 146411.66,"Plan Rows": 1,"Plan Width": 32,"Actual Startup Time": 301.158,"Actual Total Time": 301.161,"Actual Rows": 1,"Actual Loops": 5,"Workers": [],"Plans": [{"Node Type": "Seq Scan","Parent Relationship": "Outer","Parallel Aware": true,"Async Capable": false,"Relation Name": "lineitem","Alias": "lineitem","Startup Cost": 0.00,"Total Cost": 146259.83,"Plan Rows": 30362,"Plan Width": 12,"Actual Startup Time": 0.098,"Actual Total Time": 296.076,"Actual Rows": 23897,"Actual Loops": 5,"Filter": "((l_shipdate >= '1995-01-01'::date) AND (l_shipdate < '1996-01-01 00:00:00'::timestamp without time zone) AND (l_discount >= 0.08) AND (l_discount <= 0.10) AND (l_quantity < '25'::numeric))","Rows Removed by Filter": 1176346,"Workers": []}]}]}]},"Planning Time": 2.328,"Triggers": [],"Execution Time": 340.192}]
[{"Plan": {"Node Type": "Aggregate","Strategy": "Plain","Partial Mode": "Finalize","Parallel Aware": false,"Async Capable": false,"Startup Cost": 147410.61,"Total Cost": 147410.62,"Plan Rows": 1,"Plan Width": 32,"Actual Startup Time": 301.459,"Actual Total Time": 333.010,"Actual Rows": 1,"Actual Loops": 1,"Plans": [{"Node Type": "Gather","Parent Relationship": "Outer","Parallel Aware": false,"Async Capable": false,"Startup Cost": 147410.18,"Total Cost": 147410.59,"Plan Rows": 4,"Plan Width": 32,"Actual Startup Time": 301.254,"Actual Total Time": 332.981,"Actual Rows": 5,"Actual Loops": 1,"Workers Planned": 4,"Workers Launched": 4,"Single Copy": false,"Plans": [{"Node Type": "Aggregate","Strategy": "Plain","Partial Mode": "Partial","Parent Relationship": "Outer","Parallel Aware": false,"Async Capable": false,"Startup Cost": 146410.18,"Total Cost": 146410.19,"Plan Rows": 1,"Plan Width": 32,"Actual Startup Time": 294.704,"Actual Total Time": 294.707,"Actual Rows": 1,"Actual Loops": 5,"Workers": [],"Plans": [{"Node Type": "Seq Scan","Parent Relationship": "Outer","Parallel Aware": true,"Async Capable": false,"Relation Name": "lineitem","Alias": "lineitem","Startup Cost": 0.00,"Total Cost": 146259.83,"Plan Rows": 30068,"Plan Width": 12,"Actual Startup Time": 0.071,"Actual Total Time": 289.733,"Actual Rows": 23804,"Actual Loops": 5,"Filter": "((l_shipdate >= '1993-01-01'::date) AND (l_shipdate < '1994-01-01 00:00:00'::timestamp without time zone) AND (l_discount >= 0.05) AND (l_discount <= 0.07) AND (l_quantity < '25'::numeric))","Rows Removed by Filter": 1176439,"Workers": []}]}]}]},"Planning Time": 2.847,"Triggers": [],"Execution Time": 333.185}]
[{"Plan": {"Node Type": "Aggregate","Strategy": "Plain","Partial Mode": "Finalize","Parallel Aware": false,"Async Capable": false,"Startup Cost": 147403.48,"Total Cost": 147403.49,"Plan Rows": 1,"Plan Width": 32,"Actual Startup Time": 307.680,"Actual Total Time": 340.052,"Actual Rows": 1,"Actual Loops": 1,"Plans": [{"Node Type": "Gather","Parent Relationship": "Outer","Parallel Aware": false,"Async Capable": false,"Startup Cost": 147403.05,"Total Cost": 147403.46,"Plan Rows": 4,"Plan Width": 32,"Actual Startup Time": 307.501,"Actual Total Time": 340.006,"Actual Rows": 5,"Actual Loops": 1,"Workers Planned": 4,"Workers Launched": 4,"Single Copy": false,"Plans": [{"Node Type": "Aggregate","Strategy": "Plain","Partial Mode": "Partial","Parent Relationship": "Outer","Parallel Aware": false,"Async Capable": false,"Startup Cost": 146403.05,"Total Cost": 146403.06,"Plan Rows": 1,"Plan Width": 32,"Actual Startup Time": 300.709,"Actual Total Time": 300.710,"Actual Rows": 1,"Actual Loops": 5,"Workers": [],"Plans": [{"Node Type": "Seq Scan","Parent Relationship": "Outer","Parallel Aware": true,"Async Capable": false,"Relation Name": "lineitem","Alias": "lineitem","Startup Cost": 0.00,"Total Cost": 146259.83,"Plan Rows": 28642,"Plan Width": 12,"Actual Startup Time": 0.067,"Actual Total Time": 295.788,"Actual Rows": 22769,"Actual Loops": 5,"Filter": "((l_shipdate >= '1994-01-01'::date) AND (l_shipdate < '1995-01-01 00:00:00'::timestamp without time zone) AND (l_discount >= 0.01) AND (l_discount <= 0.03) AND (l_quantity < '24'::numeric))","Rows Removed by Filter": 1177474,"Workers": []}]}]}]},"Planning Time": 2.159,"Triggers": [],"Execution Time": 340.229}]
[{"Plan": {"Node Type": "Aggregate","Strategy": "Plain","Partial Mode": "Finalize","Parallel Aware": false,"Async Capable": false,"Startup Cost": 147410.52,"Total Cost": 147410.53,"Plan Rows": 1,"Plan Width": 32,"Actual Startup Time": 313.792,"Actual Total Time": 346.158,"Actual Rows": 1,"Actual Loops": 1,"Plans": [{"Node Type": "Gather","Parent Relationship": "Outer","Parallel Aware": false,"Async Capable": false,"Startup Cost": 147410.09,"Total Cost": 147410.50,"Plan Rows": 4,"Plan Width": 32,"Actual Startup Time": 313.589,"Actual Total Time": 346.120,"Actual Rows": 5,"Actual Loops": 1,"Workers Planned": 4,"Workers Launched": 4,"Single Copy": false,"Plans": [{"Node Type": "Aggregate","Strategy": "Plain","Partial Mode": "Partial","Parent Relationship": "Outer","Parallel Aware": false,"Async Capable": false,"Startup Cost": 146410.09,"Total Cost": 146410.10,"Plan Rows": 1,"Plan Width": 32,"Actual Startup Time": 306.243,"Actual Total Time": 306.244,"Actual Rows": 1,"Actual Loops": 5,"Workers": [],"Plans": [{"Node Type": "Seq Scan","Parent Relationship": "Outer","Parallel Aware": true,"Async Capable": false,"Relation Name": "lineitem","Alias": "lineitem","Startup Cost": 0.00,"Total Cost": 146259.83,"Plan Rows": 30051,"Plan Width": 12,"Actual Startup Time": 0.075,"Actual Total Time": 301.192,"Actual Rows": 23937,"Actual Loops": 5,"Filter": "((l_shipdate >= '1996-01-01'::date) AND (l_shipdate < '1997-01-01 00:00:00'::timestamp without time zone) AND (l_discount >= 0.01) AND (l_discount <= 0.03) AND (l_quantity < '25'::numeric))","Rows Removed by Filter": 1176306,"Workers": []}]}]}]},"Planning Time": 2.507,"Triggers": [],"Execution Time": 346.410}]
[{"Plan": {"Node Type": "Aggregate","Strategy": "Plain","Partial Mode": "Finalize","Parallel Aware": false,"Async Capable": false,"Startup Cost": 147402.74,"Total Cost": 147402.75,"Plan Rows": 1,"Plan Width": 32,"Actual Startup Time": 294.972,"Actual Total Time": 327.491,"Actual Rows": 1,"Actual Loops": 1,"Plans": [{"Node Type": "Gather","Parent Relationship": "Outer","Parallel Aware": false,"Async Capable": false,"Startup Cost": 147402.31,"Total Cost": 147402.72,"Plan Rows": 4,"Plan Width": 32,"Actual Startup Time": 294.803,"Actual Total Time": 327.457,"Actual Rows": 5,"Actual Loops": 1,"Workers Planned": 4,"Workers Launched": 4,"Single Copy": false,"Plans": [{"Node Type": "Aggregate","Strategy": "Plain","Partial Mode": "Partial","Parent Relationship": "Outer","Parallel Aware": false,"Async Capable": false,"Startup Cost": 146402.31,"Total Cost": 146402.32,"Plan Rows": 1,"Plan Width": 32,"Actual Startup Time": 288.287,"Actual Total Time": 288.289,"Actual Rows": 1,"Actual Loops": 5,"Workers": [],"Plans": [{"Node Type": "Seq Scan","Parent Relationship": "Outer","Parallel Aware": true,"Async Capable": false,"Relation Name": "lineitem","Alias": "lineitem","Startup Cost": 0.00,"Total Cost": 146259.83,"Plan Rows": 28495,"Plan Width": 12,"Actual Startup Time": 0.083,"Actual Total Time": 283.417,"Actual Rows": 22816,"Actual Loops": 5,"Filter": "((l_shipdate >= '1996-01-01'::date) AND (l_shipdate < '1997-01-01 00:00:00'::timestamp without time zone) AND (l_discount >= 0.05) AND (l_discount <= 0.07) AND (l_quantity < '24'::numeric))","Rows Removed by Filter": 1177427,"Workers": []}]}]}]},"Planning Time": 2.656,"Triggers": [],"Execution Time": 327.682}]
[{"Plan": {"Node Type": "Aggregate","Strategy": "Plain","Partial Mode": "Finalize","Parallel Aware": false,"Async Capable": false,"Startup Cost": 147409.89,"Total Cost": 147409.90,"Plan Rows": 1,"Plan Width": 32,"Actual Startup Time": 296.254,"Actual Total Time": 329.426,"Actual Rows": 1,"Actual Loops": 1,"Plans": [{"Node Type": "Gather","Parent Relationship": "Outer","Parallel Aware": false,"Async Capable": false,"Startup Cost": 147409.46,"Total Cost": 147409.87,"Plan Rows": 4,"Plan Width": 32,"Actual Startup Time": 296.064,"Actual Total Time": 329.390,"Actual Rows": 5,"Actual Loops": 1,"Workers Planned": 4,"Workers Launched": 4,"Single Copy": false,"Plans": [{"Node Type": "Aggregate","Strategy": "Plain","Partial Mode": "Partial","Parent Relationship": "Outer","Parallel Aware": false,"Async Capable": false,"Startup Cost": 146409.46,"Total Cost": 146409.47,"Plan Rows": 1,"Plan Width": 32,"Actual Startup Time": 289.518,"Actual Total Time": 289.520,"Actual Rows": 1,"Actual Loops": 5,"Workers": [],"Plans": [{"Node Type": "Seq Scan","Parent Relationship": "Outer","Parallel Aware": true,"Async Capable": false,"Relation Name": "lineitem","Alias": "lineitem","Startup Cost": 0.00,"Total Cost": 146259.83,"Plan Rows": 29924,"Plan Width": 12,"Actual Startup Time": 0.081,"Actual Total Time": 284.410,"Actual Rows": 23821,"Actual Loops": 5,"Filter": "((l_shipdate >= '1996-01-01'::date) AND (l_shipdate < '1997-01-01 00:00:00'::timestamp without time zone) AND (l_discount >= 0.06) AND (l_discount <= 0.08) AND (l_quantity < '25'::numeric))","Rows Removed by Filter": 1176422,"Workers": []}]}]}]},"Planning Time": 2.378,"Triggers": [],"Execution Time": 329.647}]
[{"Plan": {"Node Type": "Aggregate","Strategy": "Plain","Partial Mode": "Finalize","Parallel Aware": false,"Async Capable": false,"Startup Cost": 147403.48,"Total Cost": 147403.49,"Plan Rows": 1,"Plan Width": 32,"Actual Startup Time": 307.680,"Actual Total Time": 340.052,"Actual Rows": 1,"Actual Loops": 1,"Plans": [{"Node Type": "Gather","Parent Relationship": "Outer","Parallel Aware": false,"Async Capable": false,"Startup Cost": 147403.05,"Total Cost": 147403.46,"Plan Rows": 4,"Plan Width": 32,"Actual Startup Time": 307.501,"Actual Total Time": 340.006,"Actual Rows": 5,"Actual Loops": 1,"Workers Planned": 4,"Workers Launched": 4,"Single Copy": false,"Plans": [{"Node Type": "Aggregate","Strategy": "Plain","Partial Mode": "Partial","Parent Relationship": "Outer","Parallel Aware": false,"Async Capable": false,"Startup Cost": 146403.05,"Total Cost": 146403.06,"Plan Rows": 1,"Plan Width": 32,"Actual Startup Time": 300.709,"Actual Total Time": 300.710,"Actual Rows": 1,"Actual Loops": 5,"Workers": [],"Plans": [{"Node Type": "Seq Scan","Parent Relationship": "Outer","Parallel Aware": true,"Async Capable": false,"Relation Name": "lineitem","Alias": "lineitem","Startup Cost": 0.00,"Total Cost": 146259.83,"Plan Rows": 28642,"Plan Width": 12,"Actual Startup Time": 0.067,"Actual Total Time": 295.788,"Actual Rows": 22769,"Actual Loops": 5,"Filter": "((l_shipdate >= '1994-01-01'::date) AND (l_shipdate < '1995-01-01 00:00:00'::timestamp without time zone) AND (l_discount >= 0.01) AND (l_discount <= 0.03) AND (l_quantity < '24'::numeric))","Rows Removed by Filter": 1177474,"Workers": []}]}]}]},"Planning Time": 2.159,"Triggers": [],"Execution Time": 340.229}]
[{"Plan": {"Node Type": "Aggregate","Strategy": "Plain","Partial Mode": "Finalize","Parallel Aware": false,"Async Capable": false,"Startup Cost": 147409.63,"Total Cost": 147409.64,"Plan Rows": 1,"Plan Width": 32,"Actual Startup Time": 297.562,"Actual Total Time": 330.607,"Actual Rows": 1,"Actual Loops": 1,"Plans": [{"Node Type": "Gather","Parent Relationship": "Outer","Parallel Aware": false,"Async Capable": false,"Startup Cost": 147409.20,"Total Cost": 147409.61,"Plan Rows": 4,"Plan Width": 32,"Actual Startup Time": 297.384,"Actual Total Time": 330.577,"Actual Rows": 5,"Actual Loops": 1,"Workers Planned": 4,"Workers Launched": 4,"Single Copy": false,"Plans": [{"Node Type": "Aggregate","Strategy": "Plain","Partial Mode": "Partial","Parent Relationship": "Outer","Parallel Aware": false,"Async Capable": false,"Startup Cost": 146409.20,"Total Cost": 146409.21,"Plan Rows": 1,"Plan Width": 32,"Actual Startup Time": 290.524,"Actual Total Time": 290.525,"Actual Rows": 1,"Actual Loops": 5,"Workers": [],"Plans": [{"Node Type": "Seq Scan","Parent Relationship": "Outer","Parallel Aware": true,"Async Capable": false,"Relation Name": "lineitem","Alias": "lineitem","Startup Cost": 0.00,"Total Cost": 146259.83,"Plan Rows": 29872,"Plan Width": 12,"Actual Startup Time": 0.113,"Actual Total Time": 285.451,"Actual Rows": 23843,"Actual Loops": 5,"Filter": "((l_shipdate >= '1997-01-01'::date) AND (l_shipdate < '1998-01-01 00:00:00'::timestamp without time zone) AND (l_discount >= 0.04) AND (l_discount <= 0.06) AND (l_quantity < '25'::numeric))","Rows Removed by Filter": 1176400,"Workers": []}]}]}]},"Planning Time": 2.713,"Triggers": [],"Execution Time": 330.862}]
[{"Plan": {"Node Type": "Aggregate","Strategy": "Plain","Partial Mode": "Finalize","Parallel Aware": false,"Async Capable": false,"Startup Cost": 147408.17,"Total Cost": 147408.18,"Plan Rows": 1,"Plan Width": 32,"Actual Startup Time": 301.724,"Actual Total Time": 333.532,"Actual Rows": 1,"Actual Loops": 1,"Plans": [{"Node Type": "Gather","Parent Relationship": "Outer","Parallel Aware": false,"Async Capable": false,"Startup Cost": 147407.74,"Total Cost": 147408.15,"Plan Rows": 4,"Plan Width": 32,"Actual Startup Time": 301.549,"Actual Total Time": 333.504,"Actual Rows": 5,"Actual Loops": 1,"Workers Planned": 4,"Workers Launched": 4,"Single Copy": false,"Plans": [{"Node Type": "Aggregate","Strategy": "Plain","Partial Mode": "Partial","Parent Relationship": "Outer","Parallel Aware": false,"Async Capable": false,"Startup Cost": 146407.74,"Total Cost": 146407.75,"Plan Rows": 1,"Plan Width": 32,"Actual Startup Time": 294.892,"Actual Total Time": 294.894,"Actual Rows": 1,"Actual Loops": 5,"Workers": [],"Plans": [{"Node Type": "Seq Scan","Parent Relationship": "Outer","Parallel Aware": true,"Async Capable": false,"Relation Name": "lineitem","Alias": "lineitem","Startup Cost": 0.00,"Total Cost": 146259.83,"Plan Rows": 29580,"Plan Width": 12,"Actual Startup Time": 0.078,"Actual Total Time": 289.818,"Actual Rows": 23793,"Actual Loops": 5,"Filter": "((l_shipdate >= '1994-01-01'::date) AND (l_shipdate < '1995-01-01 00:00:00'::timestamp without time zone) AND (l_discount >= 0.07) AND (l_discount <= 0.09) AND (l_quantity < '25'::numeric))","Rows Removed by Filter": 1176450,"Workers": []}]}]}]},"Planning Time": 2.188,"Triggers": [],"Execution Time": 333.751}]
[{"Plan": {"Node Type": "Aggregate","Strategy": "Plain","Partial Mode": "Finalize","Parallel Aware": false,"Async Capable": false,"Startup Cost": 147403.35,"Total Cost": 147403.36,"Plan Rows": 1,"Plan Width": 32,"Actual Startup Time": 307.692,"Actual Total Time": 339.813,"Actual Rows": 1,"Actual Loops": 1,"Plans": [{"Node Type": "Gather","Parent Relationship": "Outer","Parallel Aware": false,"Async Capable": false,"Startup Cost": 147402.92,"Total Cost": 147403.33,"Plan Rows": 4,"Plan Width": 32,"Actual Startup Time": 307.507,"Actual Total Time": 339.774,"Actual Rows": 5,"Actual Loops": 1,"Workers Planned": 4,"Workers Launched": 4,"Single Copy": false,"Plans": [{"Node Type": "Aggregate","Strategy": "Plain","Partial Mode": "Partial","Parent Relationship": "Outer","Parallel Aware": false,"Async Capable": false,"Startup Cost": 146402.92,"Total Cost": 146402.93,"Plan Rows": 1,"Plan Width": 32,"Actual Startup Time": 300.661,"Actual Total Time": 300.663,"Actual Rows": 1,"Actual Loops": 5,"Workers": [],"Plans": [{"Node Type": "Seq Scan","Parent Relationship": "Outer","Parallel Aware": true,"Async Capable": false,"Relation Name": "lineitem","Alias": "lineitem","Startup Cost": 0.00,"Total Cost": 146259.83,"Plan Rows": 28617,"Plan Width": 12,"Actual Startup Time": 0.072,"Actual Total Time": 295.794,"Actual Rows": 22949,"Actual Loops": 5,"Filter": "((l_shipdate >= '1996-01-01'::date) AND (l_shipdate < '1997-01-01 00:00:00'::timestamp without time zone) AND (l_discount >= 0.02) AND (l_discount <= 0.04) AND (l_quantity < '24'::numeric))","Rows Removed by Filter": 1177294,"Workers": []}]}]}]},"Planning Time": 2.115,"Triggers": [],"Execution Time": 340.016}]
[{"Plan": {"Node Type": "Aggregate","Strategy": "Plain","Partial Mode": "Finalize","Parallel Aware": false,"Async Capable": false,"Startup Cost": 147404.34,"Total Cost": 147404.35,"Plan Rows": 1,"Plan Width": 32,"Actual Startup Time": 300.362,"Actual Total Time": 333.522,"Actual Rows": 1,"Actual Loops": 1,"Plans": [{"Node Type": "Gather","Parent Relationship": "Outer","Parallel Aware": false,"Async Capable": false,"Startup Cost": 147403.91,"Total Cost": 147404.32,"Plan Rows": 4,"Plan Width": 32,"Actual Startup Time": 300.181,"Actual Total Time": 333.484,"Actual Rows": 5,"Actual Loops": 1,"Workers Planned": 4,"Workers Launched": 4,"Single Copy": false,"Plans": [{"Node Type": "Aggregate","Strategy": "Plain","Partial Mode": "Partial","Parent Relationship": "Outer","Parallel Aware": false,"Async Capable": false,"Startup Cost": 146403.91,"Total Cost": 146403.92,"Plan Rows": 1,"Plan Width": 32,"Actual Startup Time": 293.530,"Actual Total Time": 293.532,"Actual Rows": 1,"Actual Loops": 5,"Workers": [],"Plans": [{"Node Type": "Seq Scan","Parent Relationship": "Outer","Parallel Aware": true,"Async Capable": false,"Relation Name": "lineitem","Alias": "lineitem","Startup Cost": 0.00,"Total Cost": 146259.83,"Plan Rows": 28815,"Plan Width": 12,"Actual Startup Time": 0.061,"Actual Total Time": 288.650,"Actual Rows": 22809,"Actual Loops": 5,"Filter": "((l_shipdate >= '1993-01-01'::date) AND (l_shipdate < '1994-01-01 00:00:00'::timestamp without time zone) AND (l_discount >= 0.05) AND (l_discount <= 0.07) AND (l_quantity < '24'::numeric))","Rows Removed by Filter": 1177434,"Workers": []}]}]}]},"Planning Time": 2.249,"Triggers": [],"Execution Time": 333.759}]
[{"Plan": {"Node Type": "Aggregate","Strategy": "Plain","Partial Mode": "Finalize","Parallel Aware": false,"Async Capable": false,"Startup Cost": 147408.94,"Total Cost": 147408.95,"Plan Rows": 1,"Plan Width": 32,"Actual Startup Time": 307.777,"Actual Total Time": 339.832,"Actual Rows": 1,"Actual Loops": 1,"Plans": [{"Node Type": "Gather","Parent Relationship": "Outer","Parallel Aware": false,"Async Capable": false,"Startup Cost": 147408.51,"Total Cost": 147408.92,"Plan Rows": 4,"Plan Width": 32,"Actual Startup Time": 307.577,"Actual Total Time": 339.791,"Actual Rows": 5,"Actual Loops": 1,"Workers Planned": 4,"Workers Launched": 4,"Single Copy": false,"Plans": [{"Node Type": "Aggregate","Strategy": "Plain","Partial Mode": "Partial","Parent Relationship": "Outer","Parallel Aware": false,"Async Capable": false,"Startup Cost": 146408.51,"Total Cost": 146408.52,"Plan Rows": 1,"Plan Width": 32,"Actual Startup Time": 300.529,"Actual Total Time": 300.530,"Actual Rows": 1,"Actual Loops": 5,"Workers": [],"Plans": [{"Node Type": "Seq Scan","Parent Relationship": "Outer","Parallel Aware": true,"Async Capable": false,"Relation Name": "lineitem","Alias": "lineitem","Startup Cost": 0.00,"Total Cost": 146259.83,"Plan Rows": 29734,"Plan Width": 12,"Actual Startup Time": 0.095,"Actual Total Time": 295.428,"Actual Rows": 23809,"Actual Loops": 5,"Filter": "((l_shipdate >= '1996-01-01'::date) AND (l_shipdate < '1997-01-01 00:00:00'::timestamp without time zone) AND (l_discount >= 0.05) AND (l_discount <= 0.07) AND (l_quantity < '25'::numeric))","Rows Removed by Filter": 1176434,"Workers": []}]}]}]},"Planning Time": 2.476,"Triggers": [],"Execution Time": 340.023}]
[{"Plan": {"Node Type": "Aggregate","Strategy": "Plain","Partial Mode": "Finalize","Parallel Aware": false,"Async Capable": false,"Startup Cost": 147410.65,"Total Cost": 147410.66,"Plan Rows": 1,"Plan Width": 32,"Actual Startup Time": 303.311,"Actual Total Time": 336.303,"Actual Rows": 1,"Actual Loops": 1,"Plans": [{"Node Type": "Gather","Parent Relationship": "Outer","Parallel Aware": false,"Async Capable": false,"Startup Cost": 147410.22,"Total Cost": 147410.63,"Plan Rows": 4,"Plan Width": 32,"Actual Startup Time": 303.142,"Actual Total Time": 336.256,"Actual Rows": 5,"Actual Loops": 1,"Workers Planned": 4,"Workers Launched": 4,"Single Copy": false,"Plans": [{"Node Type": "Aggregate","Strategy": "Plain","Partial Mode": "Partial","Parent Relationship": "Outer","Parallel Aware": false,"Async Capable": false,"Startup Cost": 146410.22,"Total Cost": 146410.23,"Plan Rows": 1,"Plan Width": 32,"Actual Startup Time": 296.021,"Actual Total Time": 296.023,"Actual Rows": 1,"Actual Loops": 5,"Workers": [],"Plans": [{"Node Type": "Seq Scan","Parent Relationship": "Outer","Parallel Aware": true,"Async Capable": false,"Relation Name": "lineitem","Alias": "lineitem","Startup Cost": 0.00,"Total Cost": 146259.83,"Plan Rows": 30076,"Plan Width": 12,"Actual Startup Time": 0.153,"Actual Total Time": 290.872,"Actual Rows": 23928,"Actual Loops": 5,"Filter": "((l_shipdate >= '1993-01-01'::date) AND (l_shipdate < '1994-01-01 00:00:00'::timestamp without time zone) AND (l_discount >= 0.07) AND (l_discount <= 0.09) AND (l_quantity < '25'::numeric))","Rows Removed by Filter": 1176315,"Workers": []}]}]}]},"Planning Time": 2.101,"Triggers": [],"Execution Time": 336.525}]
[{"Plan": {"Node Type": "Aggregate","Strategy": "Plain","Partial Mode": "Finalize","Parallel Aware": false,"Async Capable": false,"Startup Cost": 147409.56,"Total Cost": 147409.57,"Plan Rows": 1,"Plan Width": 32,"Actual Startup Time": 304.353,"Actual Total Time": 336.582,"Actual Rows": 1,"Actual Loops": 1,"Plans": [{"Node Type": "Gather","Parent Relationship": "Outer","Parallel Aware": false,"Async Capable": false,"Startup Cost": 147409.13,"Total Cost": 147409.54,"Plan Rows": 4,"Plan Width": 32,"Actual Startup Time": 304.189,"Actual Total Time": 336.558,"Actual Rows": 5,"Actual Loops": 1,"Workers Planned": 4,"Workers Launched": 4,"Single Copy": false,"Plans": [{"Node Type": "Aggregate","Strategy": "Plain","Partial Mode": "Partial","Parent Relationship": "Outer","Parallel Aware": false,"Async Capable": false,"Startup Cost": 146409.13,"Total Cost": 146409.14,"Plan Rows": 1,"Plan Width": 32,"Actual Startup Time": 297.692,"Actual Total Time": 297.694,"Actual Rows": 1,"Actual Loops": 5,"Workers": [],"Plans": [{"Node Type": "Seq Scan","Parent Relationship": "Outer","Parallel Aware": true,"Async Capable": false,"Relation Name": "lineitem","Alias": "lineitem","Startup Cost": 0.00,"Total Cost": 146259.83,"Plan Rows": 29858,"Plan Width": 12,"Actual Startup Time": 0.063,"Actual Total Time": 292.684,"Actual Rows": 23851,"Actual Loops": 5,"Filter": "((l_shipdate >= '1996-01-01'::date) AND (l_shipdate < '1997-01-01 00:00:00'::timestamp without time zone) AND (l_discount >= 0.04) AND (l_discount <= 0.06) AND (l_quantity < '25'::numeric))","Rows Removed by Filter": 1176392,"Workers": []}]}]}]},"Planning Time": 2.206,"Triggers": [],"Execution Time": 336.793}]
[{"Plan": {"Node Type": "Aggregate","Strategy": "Plain","Partial Mode": "Finalize","Parallel Aware": false,"Async Capable": false,"Startup Cost": 147402.87,"Total Cost": 147402.88,"Plan Rows": 1,"Plan Width": 32,"Actual Startup Time": 296.428,"Actual Total Time": 327.149,"Actual Rows": 1,"Actual Loops": 1,"Plans": [{"Node Type": "Gather","Parent Relationship": "Outer","Parallel Aware": false,"Async Capable": false,"Startup Cost": 147402.44,"Total Cost": 147402.85,"Plan Rows": 4,"Plan Width": 32,"Actual Startup Time": 296.221,"Actual Total Time": 327.118,"Actual Rows": 5,"Actual Loops": 1,"Workers Planned": 4,"Workers Launched": 4,"Single Copy": false,"Plans": [{"Node Type": "Aggregate","Strategy": "Plain","Partial Mode": "Partial","Parent Relationship": "Outer","Parallel Aware": false,"Async Capable": false,"Startup Cost": 146402.44,"Total Cost": 146402.45,"Plan Rows": 1,"Plan Width": 32,"Actual Startup Time": 289.094,"Actual Total Time": 289.097,"Actual Rows": 1,"Actual Loops": 5,"Workers": [],"Plans": [{"Node Type": "Seq Scan","Parent Relationship": "Outer","Parallel Aware": true,"Async Capable": false,"Relation Name": "lineitem","Alias": "lineitem","Startup Cost": 0.00,"Total Cost": 146259.83,"Plan Rows": 28520,"Plan Width": 12,"Actual Startup Time": 0.102,"Actual Total Time": 284.378,"Actual Rows": 22769,"Actual Loops": 5,"Filter": "((l_shipdate >= '1994-01-01'::date) AND (l_shipdate < '1995-01-01 00:00:00'::timestamp without time zone) AND (l_discount >= 0.06) AND (l_discount <= 0.08) AND (l_quantity < '24'::numeric))","Rows Removed by Filter": 1177474,"Workers": []}]}]}]},"Planning Time": 2.811,"Triggers": [],"Execution Time": 327.382}]
[{"Plan": {"Node Type": "Aggregate","Strategy": "Plain","Partial Mode": "Finalize","Parallel Aware": false,"Async Capable": false,"Startup Cost": 147404.96,"Total Cost": 147404.97,"Plan Rows": 1,"Plan Width": 32,"Actual Startup Time": 299.862,"Actual Total Time": 331.928,"Actual Rows": 1,"Actual Loops": 1,"Plans": [{"Node Type": "Gather","Parent Relationship": "Outer","Parallel Aware": false,"Async Capable": false,"Startup Cost": 147404.53,"Total Cost": 147404.94,"Plan Rows": 4,"Plan Width": 32,"Actual Startup Time": 299.670,"Actual Total Time": 331.889,"Actual Rows": 5,"Actual Loops": 1,"Workers Planned": 4,"Workers Launched": 4,"Single Copy": false,"Plans": [{"Node Type": "Aggregate","Strategy": "Plain","Partial Mode": "Partial","Parent Relationship": "Outer","Parallel Aware": false,"Async Capable": false,"Startup Cost": 146404.53,"Total Cost": 146404.54,"Plan Rows": 1,"Plan Width": 32,"Actual Startup Time": 293.003,"Actual Total Time": 293.008,"Actual Rows": 1,"Actual Loops": 5,"Workers": [],"Plans": [{"Node Type": "Seq Scan","Parent Relationship": "Outer","Parallel Aware": true,"Async Capable": false,"Relation Name": "lineitem","Alias": "lineitem","Startup Cost": 0.00,"Total Cost": 146259.83,"Plan Rows": 28939,"Plan Width": 12,"Actual Startup Time": 0.132,"Actual Total Time": 288.212,"Actual Rows": 22676,"Actual Loops": 5,"Filter": "((l_shipdate >= '1993-01-01'::date) AND (l_shipdate < '1994-01-01 00:00:00'::timestamp without time zone) AND (l_discount >= 0.02) AND (l_discount <= 0.04) AND (l_quantity < '24'::numeric))","Rows Removed by Filter": 1177567,"Workers": []}]}]}]},"Planning Time": 2.656,"Triggers": [],"Execution Time": 332.192}]
[{"Plan": {"Node Type": "Aggregate","Strategy": "Plain","Partial Mode": "Finalize","Parallel Aware": false,"Async Capable": false,"Startup Cost": 147408.17,"Total Cost": 147408.18,"Plan Rows": 1,"Plan Width": 32,"Actual Startup Time": 301.724,"Actual Total Time": 333.532,"Actual Rows": 1,"Actual Loops": 1,"Plans": [{"Node Type": "Gather","Parent Relationship": "Outer","Parallel Aware": false,"Async Capable": false,"Startup Cost": 147407.74,"Total Cost": 147408.15,"Plan Rows": 4,"Plan Width": 32,"Actual Startup Time": 301.549,"Actual Total Time": 333.504,"Actual Rows": 5,"Actual Loops": 1,"Workers Planned": 4,"Workers Launched": 4,"Single Copy": false,"Plans": [{"Node Type": "Aggregate","Strategy": "Plain","Partial Mode": "Partial","Parent Relationship": "Outer","Parallel Aware": false,"Async Capable": false,"Startup Cost": 146407.74,"Total Cost": 146407.75,"Plan Rows": 1,"Plan Width": 32,"Actual Startup Time": 294.892,"Actual Total Time": 294.894,"Actual Rows": 1,"Actual Loops": 5,"Workers": [],"Plans": [{"Node Type": "Seq Scan","Parent Relationship": "Outer","Parallel Aware": true,"Async Capable": false,"Relation Name": "lineitem","Alias": "lineitem","Startup Cost": 0.00,"Total Cost": 146259.83,"Plan Rows": 29580,"Plan Width": 12,"Actual Startup Time": 0.078,"Actual Total Time": 289.818,"Actual Rows": 23793,"Actual Loops": 5,"Filter": "((l_shipdate >= '1994-01-01'::date) AND (l_shipdate < '1995-01-01 00:00:00'::timestamp without time zone) AND (l_discount >= 0.07) AND (l_discount <= 0.09) AND (l_quantity < '25'::numeric))","Rows Removed by Filter": 1176450,"Workers": []}]}]}]},"Planning Time": 2.188,"Triggers": [],"Execution Time": 333.751}]
[{"Plan": {"Node Type": "Aggregate","Strategy": "Plain","Partial Mode": "Finalize","Parallel Aware": false,"Async Capable": false,"Startup Cost": 147401.96,"Total Cost": 147401.97,"Plan Rows": 1,"Plan Width": 32,"Actual Startup Time": 301.236,"Actual Total Time": 333.196,"Actual Rows": 1,"Actual Loops": 1,"Plans": [{"Node Type": "Gather","Parent Relationship": "Outer","Parallel Aware": false,"Async Capable": false,"Startup Cost": 147401.53,"Total Cost": 147401.94,"Plan Rows": 4,"Plan Width": 32,"Actual Startup Time": 301.008,"Actual Total Time": 333.159,"Actual Rows": 5,"Actual Loops": 1,"Workers Planned": 4,"Workers Launched": 4,"Single Copy": false,"Plans": [{"Node Type": "Aggregate","Strategy": "Plain","Partial Mode": "Partial","Parent Relationship": "Outer","Parallel Aware": false,"Async Capable": false,"Startup Cost": 146401.53,"Total Cost": 146401.54,"Plan Rows": 1,"Plan Width": 32,"Actual Startup Time": 293.920,"Actual Total Time": 293.926,"Actual Rows": 1,"Actual Loops": 5,"Workers": [],"Plans": [{"Node Type": "Seq Scan","Parent Relationship": "Outer","Parallel Aware": true,"Async Capable": false,"Relation Name": "lineitem","Alias": "lineitem","Startup Cost": 0.00,"Total Cost": 146259.83,"Plan Rows": 28338,"Plan Width": 12,"Actual Startup Time": 0.086,"Actual Total Time": 288.967,"Actual Rows": 22878,"Actual Loops": 5,"Filter": "((l_shipdate >= '1996-01-01'::date) AND (l_shipdate < '1997-01-01 00:00:00'::timestamp without time zone) AND (l_discount >= 0.03) AND (l_discount <= 0.05) AND (l_quantity < '24'::numeric))","Rows Removed by Filter": 1177365,"Workers": []}]}]}]},"Planning Time": 2.851,"Triggers": [],"Execution Time": 333.444}]
[{"Plan": {"Node Type": "Aggregate","Strategy": "Plain","Partial Mode": "Finalize","Parallel Aware": false,"Async Capable": false,"Startup Cost": 147409.58,"Total Cost": 147409.59,"Plan Rows": 1,"Plan Width": 32,"Actual Startup Time": 301.600,"Actual Total Time": 333.793,"Actual Rows": 1,"Actual Loops": 1,"Plans": [{"Node Type": "Gather","Parent Relationship": "Outer","Parallel Aware": false,"Async Capable": false,"Startup Cost": 147409.15,"Total Cost": 147409.56,"Plan Rows": 4,"Plan Width": 32,"Actual Startup Time": 301.384,"Actual Total Time": 333.756,"Actual Rows": 5,"Actual Loops": 1,"Workers Planned": 4,"Workers Launched": 4,"Single Copy": false,"Plans": [{"Node Type": "Aggregate","Strategy": "Plain","Partial Mode": "Partial","Parent Relationship": "Outer","Parallel Aware": false,"Async Capable": false,"Startup Cost": 146409.15,"Total Cost": 146409.16,"Plan Rows": 1,"Plan Width": 32,"Actual Startup Time": 294.153,"Actual Total Time": 294.156,"Actual Rows": 1,"Actual Loops": 5,"Workers": [],"Plans": [{"Node Type": "Seq Scan","Parent Relationship": "Outer","Parallel Aware": true,"Async Capable": false,"Relation Name": "lineitem","Alias": "lineitem","Startup Cost": 0.00,"Total Cost": 146259.83,"Plan Rows": 29862,"Plan Width": 12,"Actual Startup Time": 0.097,"Actual Total Time": 289.096,"Actual Rows": 23940,"Actual Loops": 5,"Filter": "((l_shipdate >= '1996-01-01'::date) AND (l_shipdate < '1997-01-01 00:00:00'::timestamp without time zone) AND (l_discount >= 0.02) AND (l_discount <= 0.04) AND (l_quantity < '25'::numeric))","Rows Removed by Filter": 1176303,"Workers": []}]}]}]},"Planning Time": 2.766,"Triggers": [],"Execution Time": 334.034}]
[{"Plan": {"Node Type": "Aggregate","Strategy": "Plain","Partial Mode": "Finalize","Parallel Aware": false,"Async Capable": false,"Startup Cost": 147401.73,"Total Cost": 147401.74,"Plan Rows": 1,"Plan Width": 32,"Actual Startup Time": 301.810,"Actual Total Time": 334.490,"Actual Rows": 1,"Actual Loops": 1,"Plans": [{"Node Type": "Gather","Parent Relationship": "Outer","Parallel Aware": false,"Async Capable": false,"Startup Cost": 147401.30,"Total Cost": 147401.71,"Plan Rows": 4,"Plan Width": 32,"Actual Startup Time": 301.661,"Actual Total Time": 334.445,"Actual Rows": 5,"Actual Loops": 1,"Workers Planned": 4,"Workers Launched": 4,"Single Copy": false,"Plans": [{"Node Type": "Aggregate","Strategy": "Plain","Partial Mode": "Partial","Parent Relationship": "Outer","Parallel Aware": false,"Async Capable": false,"Startup Cost": 146401.30,"Total Cost": 146401.31,"Plan Rows": 1,"Plan Width": 32,"Actual Startup Time": 294.744,"Actual Total Time": 294.746,"Actual Rows": 1,"Actual Loops": 5,"Workers": [],"Plans": [{"Node Type": "Seq Scan","Parent Relationship": "Outer","Parallel Aware": true,"Async Capable": false,"Relation Name": "lineitem","Alias": "lineitem","Startup Cost": 0.00,"Total Cost": 146259.83,"Plan Rows": 28292,"Plan Width": 12,"Actual Startup Time": 0.071,"Actual Total Time": 289.877,"Actual Rows": 22841,"Actual Loops": 5,"Filter": "((l_shipdate >= '1997-01-01'::date) AND (l_shipdate < '1998-01-01 00:00:00'::timestamp without time zone) AND (l_discount >= 0.08) AND (l_discount <= 0.10) AND (l_quantity < '24'::numeric))","Rows Removed by Filter": 1177402,"Workers": []}]}]}]},"Planning Time": 2.944,"Triggers": [],"Execution Time": 334.671}]
[{"Plan": {"Node Type": "Aggregate","Strategy": "Plain","Partial Mode": "Finalize","Parallel Aware": false,"Async Capable": false,"Startup Cost": 147409.70,"Total Cost": 147409.71,"Plan Rows": 1,"Plan Width": 32,"Actual Startup Time": 318.187,"Actual Total Time": 351.604,"Actual Rows": 1,"Actual Loops": 1,"Plans": [{"Node Type": "Gather","Parent Relationship": "Outer","Parallel Aware": false,"Async Capable": false,"Startup Cost": 147409.27,"Total Cost": 147409.68,"Plan Rows": 4,"Plan Width": 32,"Actual Startup Time": 318.005,"Actual Total Time": 351.566,"Actual Rows": 5,"Actual Loops": 1,"Workers Planned": 4,"Workers Launched": 4,"Single Copy": false,"Plans": [{"Node Type": "Aggregate","Strategy": "Plain","Partial Mode": "Partial","Parent Relationship": "Outer","Parallel Aware": false,"Async Capable": false,"Startup Cost": 146409.27,"Total Cost": 146409.28,"Plan Rows": 1,"Plan Width": 32,"Actual Startup Time": 310.692,"Actual Total Time": 310.693,"Actual Rows": 1,"Actual Loops": 5,"Workers": [],"Plans": [{"Node Type": "Seq Scan","Parent Relationship": "Outer","Parallel Aware": true,"Async Capable": false,"Relation Name": "lineitem","Alias": "lineitem","Startup Cost": 0.00,"Total Cost": 146259.83,"Plan Rows": 29887,"Plan Width": 12,"Actual Startup Time": 0.069,"Actual Total Time": 305.516,"Actual Rows": 23782,"Actual Loops": 5,"Filter": "((l_shipdate >= '1994-01-01'::date) AND (l_shipdate < '1995-01-01 00:00:00'::timestamp without time zone) AND (l_discount >= 0.01) AND (l_discount <= 0.03) AND (l_quantity < '25'::numeric))","Rows Removed by Filter": 1176461,"Workers": []}]}]}]},"Planning Time": 2.556,"Triggers": [],"Execution Time": 351.812}]
[{"Plan": {"Node Type": "Aggregate","Strategy": "Plain","Partial Mode": "Finalize","Parallel Aware": false,"Async Capable": false,"Startup Cost": 147402.74,"Total Cost": 147402.75,"Plan Rows": 1,"Plan Width": 32,"Actual Startup Time": 294.972,"Actual Total Time": 327.491,"Actual Rows": 1,"Actual Loops": 1,"Plans": [{"Node Type": "Gather","Parent Relationship": "Outer","Parallel Aware": false,"Async Capable": false,"Startup Cost": 147402.31,"Total Cost": 147402.72,"Plan Rows": 4,"Plan Width": 32,"Actual Startup Time": 294.803,"Actual Total Time": 327.457,"Actual Rows": 5,"Actual Loops": 1,"Workers Planned": 4,"Workers Launched": 4,"Single Copy": false,"Plans": [{"Node Type": "Aggregate","Strategy": "Plain","Partial Mode": "Partial","Parent Relationship": "Outer","Parallel Aware": false,"Async Capable": false,"Startup Cost": 146402.31,"Total Cost": 146402.32,"Plan Rows": 1,"Plan Width": 32,"Actual Startup Time": 288.287,"Actual Total Time": 288.289,"Actual Rows": 1,"Actual Loops": 5,"Workers": [],"Plans": [{"Node Type": "Seq Scan","Parent Relationship": "Outer","Parallel Aware": true,"Async Capable": false,"Relation Name": "lineitem","Alias": "lineitem","Startup Cost": 0.00,"Total Cost": 146259.83,"Plan Rows": 28495,"Plan Width": 12,"Actual Startup Time": 0.083,"Actual Total Time": 283.417,"Actual Rows": 22816,"Actual Loops": 5,"Filter": "((l_shipdate >= '1996-01-01'::date) AND (l_shipdate < '1997-01-01 00:00:00'::timestamp without time zone) AND (l_discount >= 0.05) AND (l_discount <= 0.07) AND (l_quantity < '24'::numeric))","Rows Removed by Filter": 1177427,"Workers": []}]}]}]},"Planning Time": 2.656,"Triggers": [],"Execution Time": 327.682}]
[{"Plan": {"Node Type": "Aggregate","Strategy": "Plain","Partial Mode": "Finalize","Parallel Aware": false,"Async Capable": false,"Startup Cost": 147402.84,"Total Cost": 147402.85,"Plan Rows": 1,"Plan Width": 32,"Actual Startup Time": 298.186,"Actual Total Time": 330.015,"Actual Rows": 1,"Actual Loops": 1,"Plans": [{"Node Type": "Gather","Parent Relationship": "Outer","Parallel Aware": false,"Async Capable": false,"Startup Cost": 147402.41,"Total Cost": 147402.82,"Plan Rows": 4,"Plan Width": 32,"Actual Startup Time": 297.975,"Actual Total Time": 329.991,"Actual Rows": 5,"Actual Loops": 1,"Workers Planned": 4,"Workers Launched": 4,"Single Copy": false,"Plans": [{"Node Type": "Aggregate","Strategy": "Plain","Partial Mode": "Partial","Parent Relationship": "Outer","Parallel Aware": false,"Async Capable": false,"Startup Cost": 146402.41,"Total Cost": 146402.42,"Plan Rows": 1,"Plan Width": 32,"Actual Startup Time": 291.387,"Actual Total Time": 291.388,"Actual Rows": 1,"Actual Loops": 5,"Workers": [],"Plans": [{"Node Type": "Seq Scan","Parent Relationship": "Outer","Parallel Aware": true,"Async Capable": false,"Relation Name": "lineitem","Alias": "lineitem","Startup Cost": 0.00,"Total Cost": 146259.83,"Plan Rows": 28515,"Plan Width": 12,"Actual Startup Time": 0.057,"Actual Total Time": 286.544,"Actual Rows": 22836,"Actual Loops": 5,"Filter": "((l_shipdate >= '1997-01-01'::date) AND (l_shipdate < '1998-01-01 00:00:00'::timestamp without time zone) AND (l_discount >= 0.07) AND (l_discount <= 0.09) AND (l_quantity < '24'::numeric))","Rows Removed by Filter": 1177407,"Workers": []}]}]}]},"Planning Time": 2.561,"Triggers": [],"Execution Time": 330.227}]
[{"Plan": {"Node Type": "Aggregate","Strategy": "Plain","Partial Mode": "Finalize","Parallel Aware": false,"Async Capable": false,"Startup Cost": 147406.90,"Total Cost": 147406.91,"Plan Rows": 1,"Plan Width": 32,"Actual Startup Time": 301.787,"Actual Total Time": 334.619,"Actual Rows": 1,"Actual Loops": 1,"Plans": [{"Node Type": "Gather","Parent Relationship": "Outer","Parallel Aware": false,"Async Capable": false,"Startup Cost": 147406.47,"Total Cost": 147406.88,"Plan Rows": 4,"Plan Width": 32,"Actual Startup Time": 301.610,"Actual Total Time": 334.598,"Actual Rows": 5,"Actual Loops": 1,"Workers Planned": 4,"Workers Launched": 4,"Single Copy": false,"Plans": [{"Node Type": "Aggregate","Strategy": "Plain","Partial Mode": "Partial","Parent Relationship": "Outer","Parallel Aware": false,"Async Capable": false,"Startup Cost": 146406.47,"Total Cost": 146406.48,"Plan Rows": 1,"Plan Width": 32,"Actual Startup Time": 294.758,"Actual Total Time": 294.760,"Actual Rows": 1,"Actual Loops": 5,"Workers": [],"Plans": [{"Node Type": "Seq Scan","Parent Relationship": "Outer","Parallel Aware": true,"Async Capable": false,"Relation Name": "lineitem","Alias": "lineitem","Startup Cost": 0.00,"Total Cost": 146259.83,"Plan Rows": 29326,"Plan Width": 12,"Actual Startup Time": 0.070,"Actual Total Time": 289.974,"Actual Rows": 22875,"Actual Loops": 5,"Filter": "((l_shipdate >= '1995-01-01'::date) AND (l_shipdate < '1996-01-01 00:00:00'::timestamp without time zone) AND (l_discount >= 0.07) AND (l_discount <= 0.09) AND (l_quantity < '24'::numeric))","Rows Removed by Filter": 1177368,"Workers": []}]}]}]},"Planning Time": 2.178,"Triggers": [],"Execution Time": 334.843}]
[{"Plan": {"Node Type": "Aggregate","Strategy": "Plain","Partial Mode": "Finalize","Parallel Aware": false,"Async Capable": false,"Startup Cost": 147409.65,"Total Cost": 147409.66,"Plan Rows": 1,"Plan Width": 32,"Actual Startup Time": 302.620,"Actual Total Time": 335.871,"Actual Rows": 1,"Actual Loops": 1,"Plans": [{"Node Type": "Gather","Parent Relationship": "Outer","Parallel Aware": false,"Async Capable": false,"Startup Cost": 147409.22,"Total Cost": 147409.63,"Plan Rows": 4,"Plan Width": 32,"Actual Startup Time": 302.444,"Actual Total Time": 335.830,"Actual Rows": 5,"Actual Loops": 1,"Workers Planned": 4,"Workers Launched": 4,"Single Copy": false,"Plans": [{"Node Type": "Aggregate","Strategy": "Plain","Partial Mode": "Partial","Parent Relationship": "Outer","Parallel Aware": false,"Async Capable": false,"Startup Cost": 146409.22,"Total Cost": 146409.23,"Plan Rows": 1,"Plan Width": 32,"Actual Startup Time": 295.603,"Actual Total Time": 295.604,"Actual Rows": 1,"Actual Loops": 5,"Workers": [],"Plans": [{"Node Type": "Seq Scan","Parent Relationship": "Outer","Parallel Aware": true,"Async Capable": false,"Relation Name": "lineitem","Alias": "lineitem","Startup Cost": 0.00,"Total Cost": 146259.83,"Plan Rows": 29876,"Plan Width": 12,"Actual Startup Time": 0.094,"Actual Total Time": 290.474,"Actual Rows": 23835,"Actual Loops": 5,"Filter": "((l_shipdate >= '1997-01-01'::date) AND (l_shipdate < '1998-01-01 00:00:00'::timestamp without time zone) AND (l_discount >= 0.02) AND (l_discount <= 0.04) AND (l_quantity < '25'::numeric))","Rows Removed by Filter": 1176408,"Workers": []}]}]}]},"Planning Time": 2.636,"Triggers": [],"Execution Time": 336.150}]
[{"Plan": {"Node Type": "Aggregate","Strategy": "Plain","Partial Mode": "Finalize","Parallel Aware": false,"Async Capable": false,"Startup Cost": 147413.24,"Total Cost": 147413.25,"Plan Rows": 1,"Plan Width": 32,"Actual Startup Time": 311.610,"Actual Total Time": 344.691,"Actual Rows": 1,"Actual Loops": 1,"Plans": [{"Node Type": "Gather","Parent Relationship": "Outer","Parallel Aware": false,"Async Capable": false,"Startup Cost": 147412.81,"Total Cost": 147413.22,"Plan Rows": 4,"Plan Width": 32,"Actual Startup Time": 311.435,"Actual Total Time": 344.652,"Actual Rows": 5,"Actual Loops": 1,"Workers Planned": 4,"Workers Launched": 4,"Single Copy": false,"Plans": [{"Node Type": "Aggregate","Strategy": "Plain","Partial Mode": "Partial","Parent Relationship": "Outer","Parallel Aware": false,"Async Capable": false,"Startup Cost": 146412.81,"Total Cost": 146412.82,"Plan Rows": 1,"Plan Width": 32,"Actual Startup Time": 304.075,"Actual Total Time": 304.076,"Actual Rows": 1,"Actual Loops": 5,"Workers": [],"Plans": [{"Node Type": "Seq Scan","Parent Relationship": "Outer","Parallel Aware": true,"Async Capable": false,"Relation Name": "lineitem","Alias": "lineitem","Startup Cost": 0.00,"Total Cost": 146259.83,"Plan Rows": 30594,"Plan Width": 12,"Actual Startup Time": 0.114,"Actual Total Time": 298.979,"Actual Rows": 23962,"Actual Loops": 5,"Filter": "((l_shipdate >= '1995-01-01'::date) AND (l_shipdate < '1996-01-01 00:00:00'::timestamp without time zone) AND (l_discount >= 0.05) AND (l_discount <= 0.07) AND (l_quantity < '25'::numeric))","Rows Removed by Filter": 1176281,"Workers": []}]}]}]},"Planning Time": 2.234,"Triggers": [],"Execution Time": 344.871}]
[{"Plan": {"Node Type": "Aggregate","Strategy": "Plain","Partial Mode": "Finalize","Parallel Aware": false,"Async Capable": false,"Startup Cost": 147408.13,"Total Cost": 147408.14,"Plan Rows": 1,"Plan Width": 32,"Actual Startup Time": 306.983,"Actual Total Time": 339.940,"Actual Rows": 1,"Actual Loops": 1,"Plans": [{"Node Type": "Gather","Parent Relationship": "Outer","Parallel Aware": false,"Async Capable": false,"Startup Cost": 147407.70,"Total Cost": 147408.11,"Plan Rows": 4,"Plan Width": 32,"Actual Startup Time": 306.825,"Actual Total Time": 339.896,"Actual Rows": 5,"Actual Loops": 1,"Workers Planned": 4,"Workers Launched": 4,"Single Copy": false,"Plans": [{"Node Type": "Aggregate","Strategy": "Plain","Partial Mode": "Partial","Parent Relationship": "Outer","Parallel Aware": false,"Async Capable": false,"Startup Cost": 146407.70,"Total Cost": 146407.71,"Plan Rows": 1,"Plan Width": 32,"Actual Startup Time": 299.736,"Actual Total Time": 299.738,"Actual Rows": 1,"Actual Loops": 5,"Workers": [],"Plans": [{"Node Type": "Seq Scan","Parent Relationship": "Outer","Parallel Aware": true,"Async Capable": false,"Relation Name": "lineitem","Alias": "lineitem","Startup Cost": 0.00,"Total Cost": 146259.83,"Plan Rows": 29572,"Plan Width": 12,"Actual Startup Time": 0.085,"Actual Total Time": 294.720,"Actual Rows": 23852,"Actual Loops": 5,"Filter": "((l_shipdate >= '1994-01-01'::date) AND (l_shipdate < '1995-01-01 00:00:00'::timestamp without time zone) AND (l_discount >= 0.05) AND (l_discount <= 0.07) AND (l_quantity < '25'::numeric))","Rows Removed by Filter": 1176391,"Workers": []}]}]}]},"Planning Time": 2.922,"Triggers": [],"Execution Time": 340.220}]
[{"Plan": {"Node Type": "Aggregate","Strategy": "Plain","Partial Mode": "Finalize","Parallel Aware": false,"Async Capable": false,"Startup Cost": 147403.35,"Total Cost": 147403.36,"Plan Rows": 1,"Plan Width": 32,"Actual Startup Time": 307.692,"Actual Total Time": 339.813,"Actual Rows": 1,"Actual Loops": 1,"Plans": [{"Node Type": "Gather","Parent Relationship": "Outer","Parallel Aware": false,"Async Capable": false,"Startup Cost": 147402.92,"Total Cost": 147403.33,"Plan Rows": 4,"Plan Width": 32,"Actual Startup Time": 307.507,"Actual Total Time": 339.774,"Actual Rows": 5,"Actual Loops": 1,"Workers Planned": 4,"Workers Launched": 4,"Single Copy": false,"Plans": [{"Node Type": "Aggregate","Strategy": "Plain","Partial Mode": "Partial","Parent Relationship": "Outer","Parallel Aware": false,"Async Capable": false,"Startup Cost": 146402.92,"Total Cost": 146402.93,"Plan Rows": 1,"Plan Width": 32,"Actual Startup Time": 300.661,"Actual Total Time": 300.663,"Actual Rows": 1,"Actual Loops": 5,"Workers": [],"Plans": [{"Node Type": "Seq Scan","Parent Relationship": "Outer","Parallel Aware": true,"Async Capable": false,"Relation Name": "lineitem","Alias": "lineitem","Startup Cost": 0.00,"Total Cost": 146259.83,"Plan Rows": 28617,"Plan Width": 12,"Actual Startup Time": 0.072,"Actual Total Time": 295.794,"Actual Rows": 22949,"Actual Loops": 5,"Filter": "((l_shipdate >= '1996-01-01'::date) AND (l_shipdate < '1997-01-01 00:00:00'::timestamp without time zone) AND (l_discount >= 0.02) AND (l_discount <= 0.04) AND (l_quantity < '24'::numeric))","Rows Removed by Filter": 1177294,"Workers": []}]}]}]},"Planning Time": 2.115,"Triggers": [],"Execution Time": 340.016}]
[{"Plan": {"Node Type": "Aggregate","Strategy": "Plain","Partial Mode": "Finalize","Parallel Aware": false,"Async Capable": false,"Startup Cost": 147409.89,"Total Cost": 147409.90,"Plan Rows": 1,"Plan Width": 32,"Actual Startup Time": 296.254,"Actual Total Time": 329.426,"Actual Rows": 1,"Actual Loops": 1,"Plans": [{"Node Type": "Gather","Parent Relationship": "Outer","Parallel Aware": false,"Async Capable": false,"Startup Cost": 147409.46,"Total Cost": 147409.87,"Plan Rows": 4,"Plan Width": 32,"Actual Startup Time": 296.064,"Actual Total Time": 329.390,"Actual Rows": 5,"Actual Loops": 1,"Workers Planned": 4,"Workers Launched": 4,"Single Copy": false,"Plans": [{"Node Type": "Aggregate","Strategy": "Plain","Partial Mode": "Partial","Parent Relationship": "Outer","Parallel Aware": false,"Async Capable": false,"Startup Cost": 146409.46,"Total Cost": 146409.47,"Plan Rows": 1,"Plan Width": 32,"Actual Startup Time": 289.518,"Actual Total Time": 289.520,"Actual Rows": 1,"Actual Loops": 5,"Workers": [],"Plans": [{"Node Type": "Seq Scan","Parent Relationship": "Outer","Parallel Aware": true,"Async Capable": false,"Relation Name": "lineitem","Alias": "lineitem","Startup Cost": 0.00,"Total Cost": 146259.83,"Plan Rows": 29924,"Plan Width": 12,"Actual Startup Time": 0.081,"Actual Total Time": 284.410,"Actual Rows": 23821,"Actual Loops": 5,"Filter": "((l_shipdate >= '1996-01-01'::date) AND (l_shipdate < '1997-01-01 00:00:00'::timestamp without time zone) AND (l_discount >= 0.06) AND (l_discount <= 0.08) AND (l_quantity < '25'::numeric))","Rows Removed by Filter": 1176422,"Workers": []}]}]}]},"Planning Time": 2.378,"Triggers": [],"Execution Time": 329.647}]
[{"Plan": {"Node Type": "Aggregate","Strategy": "Plain","Partial Mode": "Finalize","Parallel Aware": false,"Async Capable": false,"Startup Cost": 147402.78,"Total Cost": 147402.79,"Plan Rows": 1,"Plan Width": 32,"Actual Startup Time": 312.656,"Actual Total Time": 344.675,"Actual Rows": 1,"Actual Loops": 1,"Plans": [{"Node Type": "Gather","Parent Relationship": "Outer","Parallel Aware": false,"Async Capable": false,"Startup Cost": 147402.35,"Total Cost": 147402.76,"Plan Rows": 4,"Plan Width": 32,"Actual Startup Time": 312.490,"Actual Total Time": 344.644,"Actual Rows": 5,"Actual Loops": 1,"Workers Planned": 4,"Workers Launched": 4,"Single Copy": false,"Plans": [{"Node Type": "Aggregate","Strategy": "Plain","Partial Mode": "Partial","Parent Relationship": "Outer","Parallel Aware": false,"Async Capable": false,"Startup Cost": 146402.35,"Total Cost": 146402.36,"Plan Rows": 1,"Plan Width": 32,"Actual Startup Time": 305.317,"Actual Total Time": 305.318,"Actual Rows": 1,"Actual Loops": 5,"Workers": [],"Plans": [{"Node Type": "Seq Scan","Parent Relationship": "Outer","Parallel Aware": true,"Async Capable": false,"Relation Name": "lineitem","Alias": "lineitem","Startup Cost": 0.00,"Total Cost": 146259.83,"Plan Rows": 28502,"Plan Width": 12,"Actual Startup Time": 0.102,"Actual Total Time": 300.135,"Actual Rows": 22886,"Actual Loops": 5,"Filter": "((l_shipdate >= '1996-01-01'::date) AND (l_shipdate < '1997-01-01 00:00:00'::timestamp without time zone) AND (l_discount >= 0.07) AND (l_discount <= 0.09) AND (l_quantity < '24'::numeric))","Rows Removed by Filter": 1177357,"Workers": []}]}]}]},"Planning Time": 2.959,"Triggers": [],"Execution Time": 344.931}]
[{"Plan": {"Node Type": "Aggregate","Strategy": "Plain","Partial Mode": "Finalize","Parallel Aware": false,"Async Capable": false,"Startup Cost": 147409.01,"Total Cost": 147409.02,"Plan Rows": 1,"Plan Width": 32,"Actual Startup Time": 306.181,"Actual Total Time": 337.505,"Actual Rows": 1,"Actual Loops": 1,"Plans": [{"Node Type": "Gather","Parent Relationship": "Outer","Parallel Aware": false,"Async Capable": false,"Startup Cost": 147408.58,"Total Cost": 147408.99,"Plan Rows": 4,"Plan Width": 32,"Actual Startup Time": 305.971,"Actual Total Time": 337.467,"Actual Rows": 5,"Actual Loops": 1,"Workers Planned": 4,"Workers Launched": 4,"Single Copy": false,"Plans": [{"Node Type": "Aggregate","Strategy": "Plain","Partial Mode": "Partial","Parent Relationship": "Outer","Parallel Aware": false,"Async Capable": false,"Startup Cost": 146408.58,"Total Cost": 146408.59,"Plan Rows": 1,"Plan Width": 32,"Actual Startup Time": 298.385,"Actual Total Time": 298.387,"Actual Rows": 1,"Actual Loops": 5,"Workers": [],"Plans": [{"Node Type": "Seq Scan","Parent Relationship": "Outer","Parallel Aware": true,"Async Capable": false,"Relation Name": "lineitem","Alias": "lineitem","Startup Cost": 0.00,"Total Cost": 146259.83,"Plan Rows": 29748,"Plan Width": 12,"Actual Startup Time": 0.104,"Actual Total Time": 293.290,"Actual Rows": 23839,"Actual Loops": 5,"Filter": "((l_shipdate >= '1997-01-01'::date) AND (l_shipdate < '1998-01-01 00:00:00'::timestamp without time zone) AND (l_discount >= 0.05) AND (l_discount <= 0.07) AND (l_quantity < '25'::numeric))","Rows Removed by Filter": 1176404,"Workers": []}]}]}]},"Planning Time": 2.849,"Triggers": [],"Execution Time": 337.766}]
[{"Plan": {"Node Type": "Aggregate","Strategy": "Plain","Partial Mode": "Finalize","Parallel Aware": false,"Async Capable": false,"Startup Cost": 147408.13,"Total Cost": 147408.14,"Plan Rows": 1,"Plan Width": 32,"Actual Startup Time": 306.983,"Actual Total Time": 339.940,"Actual Rows": 1,"Actual Loops": 1,"Plans": [{"Node Type": "Gather","Parent Relationship": "Outer","Parallel Aware": false,"Async Capable": false,"Startup Cost": 147407.70,"Total Cost": 147408.11,"Plan Rows": 4,"Plan Width": 32,"Actual Startup Time": 306.825,"Actual Total Time": 339.896,"Actual Rows": 5,"Actual Loops": 1,"Workers Planned": 4,"Workers Launched": 4,"Single Copy": false,"Plans": [{"Node Type": "Aggregate","Strategy": "Plain","Partial Mode": "Partial","Parent Relationship": "Outer","Parallel Aware": false,"Async Capable": false,"Startup Cost": 146407.70,"Total Cost": 146407.71,"Plan Rows": 1,"Plan Width": 32,"Actual Startup Time": 299.736,"Actual Total Time": 299.738,"Actual Rows": 1,"Actual Loops": 5,"Workers": [],"Plans": [{"Node Type": "Seq Scan","Parent Relationship": "Outer","Parallel Aware": true,"Async Capable": false,"Relation Name": "lineitem","Alias": "lineitem","Startup Cost": 0.00,"Total Cost": 146259.83,"Plan Rows": 29572,"Plan Width": 12,"Actual Startup Time": 0.085,"Actual Total Time": 294.720,"Actual Rows": 23852,"Actual Loops": 5,"Filter": "((l_shipdate >= '1994-01-01'::date) AND (l_shipdate < '1995-01-01 00:00:00'::timestamp without time zone) AND (l_discount >= 0.05) AND (l_discount <= 0.07) AND (l_quantity < '25'::numeric))","Rows Removed by Filter": 1176391,"Workers": []}]}]}]},"Planning Time": 2.922,"Triggers": [],"Execution Time": 340.220}]
[{"Plan": {"Node Type": "Aggregate","Strategy": "Plain","Partial Mode": "Finalize","Parallel Aware": false,"Async Capable": false,"Startup Cost": 147408.19,"Total Cost": 147408.20,"Plan Rows": 1,"Plan Width": 32,"Actual Startup Time": 299.689,"Actual Total Time": 332.024,"Actual Rows": 1,"Actual Loops": 1,"Plans": [{"Node Type": "Gather","Parent Relationship": "Outer","Parallel Aware": false,"Async Capable": false,"Startup Cost": 147407.76,"Total Cost": 147408.17,"Plan Rows": 4,"Plan Width": 32,"Actual Startup Time": 299.534,"Actual Total Time": 331.996,"Actual Rows": 5,"Actual Loops": 1,"Workers Planned": 4,"Workers Launched": 4,"Single Copy": false,"Plans": [{"Node Type": "Aggregate","Strategy": "Plain","Partial Mode": "Partial","Parent Relationship": "Outer","Parallel Aware": false,"Async Capable": false,"Startup Cost": 146407.76,"Total Cost": 146407.77,"Plan Rows": 1,"Plan Width": 32,"Actual Startup Time": 293.029,"Actual Total Time": 293.030,"Actual Rows": 1,"Actual Loops": 5,"Workers": [],"Plans": [{"Node Type": "Seq Scan","Parent Relationship": "Outer","Parallel Aware": true,"Async Capable": false,"Relation Name": "lineitem","Alias": "lineitem","Startup Cost": 0.00,"Total Cost": 146259.83,"Plan Rows": 29584,"Plan Width": 12,"Actual Startup Time": 0.080,"Actual Total Time": 288.000,"Actual Rows": 23893,"Actual Loops": 5,"Filter": "((l_shipdate >= '1997-01-01'::date) AND (l_shipdate < '1998-01-01 00:00:00'::timestamp without time zone) AND (l_discount >= 0.03) AND (l_discount <= 0.05) AND (l_quantity < '25'::numeric))","Rows Removed by Filter": 1176350,"Workers": []}]}]}]},"Planning Time": 2.271,"Triggers": [],"Execution Time": 332.248}]
[{"Plan": {"Node Type": "Aggregate","Strategy": "Plain","Partial Mode": "Finalize","Parallel Aware": false,"Async Capable": false,"Startup Cost": 147409.78,"Total Cost": 147409.79,"Plan Rows": 1,"Plan Width": 32,"Actual Startup Time": 305.615,"Actual Total Time": 337.875,"Actual Rows": 1,"Actual Loops": 1,"Plans": [{"Node Type": "Gather","Parent Relationship": "Outer","Parallel Aware": false,"Async Capable": false,"Startup Cost": 147409.35,"Total Cost": 147409.76,"Plan Rows": 4,"Plan Width": 32,"Actual Startup Time": 305.450,"Actual Total Time": 337.839,"Actual Rows": 5,"Actual Loops": 1,"Workers Planned": 4,"Workers Launched": 4,"Single Copy": false,"Plans": [{"Node Type": "Aggregate","Strategy": "Plain","Partial Mode": "Partial","Parent Relationship": "Outer","Parallel Aware": false,"Async Capable": false,"Startup Cost": 146409.35,"Total Cost": 146409.36,"Plan Rows": 1,"Plan Width": 32,"Actual Startup Time": 298.600,"Actual Total Time": 298.601,"Actual Rows": 1,"Actual Loops": 5,"Workers": [],"Plans": [{"Node Type": "Seq Scan","Parent Relationship": "Outer","Parallel Aware": true,"Async Capable": false,"Relation Name": "lineitem","Alias": "lineitem","Startup Cost": 0.00,"Total Cost": 146259.83,"Plan Rows": 29903,"Plan Width": 12,"Actual Startup Time": 0.090,"Actual Total Time": 293.483,"Actual Rows": 23759,"Actual Loops": 5,"Filter": "((l_shipdate >= '1993-01-01'::date) AND (l_shipdate < '1994-01-01 00:00:00'::timestamp without time zone) AND (l_discount >= 0.03) AND (l_discount <= 0.05) AND (l_quantity < '25'::numeric))","Rows Removed by Filter": 1176484,"Workers": []}]}]}]},"Planning Time": 2.428,"Triggers": [],"Execution Time": 338.064}]
[{"Plan": {"Node Type": "Aggregate","Strategy": "Plain","Partial Mode": "Finalize","Parallel Aware": false,"Async Capable": false,"Startup Cost": 147407.49,"Total Cost": 147407.50,"Plan Rows": 1,"Plan Width": 32,"Actual Startup Time": 306.160,"Actual Total Time": 338.189,"Actual Rows": 1,"Actual Loops": 1,"Plans": [{"Node Type": "Gather","Parent Relationship": "Outer","Parallel Aware": false,"Async Capable": false,"Startup Cost": 147407.06,"Total Cost": 147407.47,"Plan Rows": 4,"Plan Width": 32,"Actual Startup Time": 305.981,"Actual Total Time": 338.158,"Actual Rows": 5,"Actual Loops": 1,"Workers Planned": 4,"Workers Launched": 4,"Single Copy": false,"Plans": [{"Node Type": "Aggregate","Strategy": "Plain","Partial Mode": "Partial","Parent Relationship": "Outer","Parallel Aware": false,"Async Capable": false,"Startup Cost": 146407.06,"Total Cost": 146407.07,"Plan Rows": 1,"Plan Width": 32,"Actual Startup Time": 299.065,"Actual Total Time": 299.067,"Actual Rows": 1,"Actual Loops": 5,"Workers": [],"Plans": [{"Node Type": "Seq Scan","Parent Relationship": "Outer","Parallel Aware": true,"Async Capable": false,"Relation Name": "lineitem","Alias": "lineitem","Startup Cost": 0.00,"Total Cost": 146259.83,"Plan Rows": 29445,"Plan Width": 12,"Actual Startup Time": 0.099,"Actual Total Time": 294.167,"Actual Rows": 22956,"Actual Loops": 5,"Filter": "((l_shipdate >= '1995-01-01'::date) AND (l_shipdate < '1996-01-01 00:00:00'::timestamp without time zone) AND (l_discount >= 0.02) AND (l_discount <= 0.04) AND (l_quantity < '24'::numeric))","Rows Removed by Filter": 1177287,"Workers": []}]}]}]},"Planning Time": 2.819,"Triggers": [],"Execution Time": 338.444}]
[{"Plan": {"Node Type": "Aggregate","Strategy": "Plain","Partial Mode": "Finalize","Parallel Aware": false,"Async Capable": false,"Startup Cost": 147410.65,"Total Cost": 147410.66,"Plan Rows": 1,"Plan Width": 32,"Actual Startup Time": 303.311,"Actual Total Time": 336.303,"Actual Rows": 1,"Actual Loops": 1,"Plans": [{"Node Type": "Gather","Parent Relationship": "Outer","Parallel Aware": false,"Async Capable": false,"Startup Cost": 147410.22,"Total Cost": 147410.63,"Plan Rows": 4,"Plan Width": 32,"Actual Startup Time": 303.142,"Actual Total Time": 336.256,"Actual Rows": 5,"Actual Loops": 1,"Workers Planned": 4,"Workers Launched": 4,"Single Copy": false,"Plans": [{"Node Type": "Aggregate","Strategy": "Plain","Partial Mode": "Partial","Parent Relationship": "Outer","Parallel Aware": false,"Async Capable": false,"Startup Cost": 146410.22,"Total Cost": 146410.23,"Plan Rows": 1,"Plan Width": 32,"Actual Startup Time": 296.021,"Actual Total Time": 296.023,"Actual Rows": 1,"Actual Loops": 5,"Workers": [],"Plans": [{"Node Type": "Seq Scan","Parent Relationship": "Outer","Parallel Aware": true,"Async Capable": false,"Relation Name": "lineitem","Alias": "lineitem","Startup Cost": 0.00,"Total Cost": 146259.83,"Plan Rows": 30076,"Plan Width": 12,"Actual Startup Time": 0.153,"Actual Total Time": 290.872,"Actual Rows": 23928,"Actual Loops": 5,"Filter": "((l_shipdate >= '1993-01-01'::date) AND (l_shipdate < '1994-01-01 00:00:00'::timestamp without time zone) AND (l_discount >= 0.07) AND (l_discount <= 0.09) AND (l_quantity < '25'::numeric))","Rows Removed by Filter": 1176315,"Workers": []}]}]}]},"Planning Time": 2.101,"Triggers": [],"Execution Time": 336.525}]
[{"Plan": {"Node Type": "Aggregate","Strategy": "Plain","Partial Mode": "Finalize","Parallel Aware": false,"Async Capable": false,"Startup Cost": 147408.42,"Total Cost": 147408.43,"Plan Rows": 1,"Plan Width": 32,"Actual Startup Time": 298.133,"Actual Total Time": 329.767,"Actual Rows": 1,"Actual Loops": 1,"Plans": [{"Node Type": "Gather","Parent Relationship": "Outer","Parallel Aware": false,"Async Capable": false,"Startup Cost": 147407.99,"Total Cost": 147408.40,"Plan Rows": 4,"Plan Width": 32,"Actual Startup Time": 297.839,"Actual Total Time": 329.728,"Actual Rows": 5,"Actual Loops": 1,"Workers Planned": 4,"Workers Launched": 4,"Single Copy": false,"Plans": [{"Node Type": "Aggregate","Strategy": "Plain","Partial Mode": "Partial","Parent Relationship": "Outer","Parallel Aware": false,"Async Capable": false,"Startup Cost": 146407.99,"Total Cost": 146408.00,"Plan Rows": 1,"Plan Width": 32,"Actual Startup Time": 290.856,"Actual Total Time": 290.858,"Actual Rows": 1,"Actual Loops": 5,"Workers": [],"Plans": [{"Node Type": "Seq Scan","Parent Relationship": "Outer","Parallel Aware": true,"Async Capable": false,"Relation Name": "lineitem","Alias": "lineitem","Startup Cost": 0.00,"Total Cost": 146259.83,"Plan Rows": 29631,"Plan Width": 12,"Actual Startup Time": 0.123,"Actual Total Time": 286.020,"Actual Rows": 22886,"Actual Loops": 5,"Filter": "((l_shipdate >= '1995-01-01'::date) AND (l_shipdate < '1996-01-01 00:00:00'::timestamp without time zone) AND (l_discount >= 0.01) AND (l_discount <= 0.03) AND (l_quantity < '24'::numeric))","Rows Removed by Filter": 1177357,"Workers": []}]}]}]},"Planning Time": 2.861,"Triggers": [],"Execution Time": 330.022}]
[{"Plan": {"Node Type": "Aggregate","Strategy": "Plain","Partial Mode": "Finalize","Parallel Aware": false,"Async Capable": false,"Startup Cost": 147407.32,"Total Cost": 147407.33,"Plan Rows": 1,"Plan Width": 32,"Actual Startup Time": 310.012,"Actual Total Time": 341.628,"Actual Rows": 1,"Actual Loops": 1,"Plans": [{"Node Type": "Gather","Parent Relationship": "Outer","Parallel Aware": false,"Async Capable": false,"Startup Cost": 147406.89,"Total Cost": 147407.30,"Plan Rows": 4,"Plan Width": 32,"Actual Startup Time": 309.855,"Actual Total Time": 341.581,"Actual Rows": 5,"Actual Loops": 1,"Workers Planned": 4,"Workers Launched": 4,"Single Copy": false,"Plans": [{"Node Type": "Aggregate","Strategy": "Plain","Partial Mode": "Partial","Parent Relationship": "Outer","Parallel Aware": false,"Async Capable": false,"Startup Cost": 146406.89,"Total Cost": 146406.90,"Plan Rows": 1,"Plan Width": 32,"Actual Startup Time": 302.407,"Actual Total Time": 302.408,"Actual Rows": 1,"Actual Loops": 5,"Workers": [],"Plans": [{"Node Type": "Seq Scan","Parent Relationship": "Outer","Parallel Aware": true,"Async Capable": false,"Relation Name": "lineitem","Alias": "lineitem","Startup Cost": 0.00,"Total Cost": 146259.83,"Plan Rows": 29410,"Plan Width": 12,"Actual Startup Time": 0.083,"Actual Total Time": 297.203,"Actual Rows": 23853,"Actual Loops": 5,"Filter": "((l_shipdate >= '1994-01-01'::date) AND (l_shipdate < '1995-01-01 00:00:00'::timestamp without time zone) AND (l_discount >= 0.03) AND (l_discount <= 0.05) AND (l_quantity < '25'::numeric))","Rows Removed by Filter": 1176390,"Workers": []}]}]}]},"Planning Time": 2.367,"Triggers": [],"Execution Time": 341.849}]
[{"Plan": {"Node Type": "Aggregate","Strategy": "Plain","Partial Mode": "Finalize","Parallel Aware": false,"Async Capable": false,"Startup Cost": 147407.88,"Total Cost": 147407.89,"Plan Rows": 1,"Plan Width": 32,"Actual Startup Time": 303.094,"Actual Total Time": 335.189,"Actual Rows": 1,"Actual Loops": 1,"Plans": [{"Node Type": "Gather","Parent Relationship": "Outer","Parallel Aware": false,"Async Capable": false,"Startup Cost": 147407.45,"Total Cost": 147407.86,"Plan Rows": 4,"Plan Width": 32,"Actual Startup Time": 302.935,"Actual Total Time": 335.157,"Actual Rows": 5,"Actual Loops": 1,"Workers Planned": 4,"Workers Launched": 4,"Single Copy": false,"Plans": [{"Node Type": "Aggregate","Strategy": "Plain","Partial Mode": "Partial","Parent Relationship": "Outer","Parallel Aware": false,"Async Capable": false,"Startup Cost": 146407.45,"Total Cost": 146407.46,"Plan Rows": 1,"Plan Width": 32,"Actual Startup Time": 295.477,"Actual Total Time": 295.478,"Actual Rows": 1,"Actual Loops": 5,"Workers": [],"Plans": [{"Node Type": "Seq Scan","Parent Relationship": "Outer","Parallel Aware": true,"Async Capable": false,"Relation Name": "lineitem","Alias": "lineitem","Startup Cost": 0.00,"Total Cost": 146259.83,"Plan Rows": 29522,"Plan Width": 12,"Actual Startup Time": 0.085,"Actual Total Time": 290.372,"Actual Rows": 23823,"Actual Loops": 5,"Filter": "((l_shipdate >= '1997-01-01'::date) AND (l_shipdate < '1998-01-01 00:00:00'::timestamp without time zone) AND (l_discount >= 0.08) AND (l_discount <= 0.10) AND (l_quantity < '25'::numeric))","Rows Removed by Filter": 1176420,"Workers": []}]}]}]},"Planning Time": 2.625,"Triggers": [],"Execution Time": 335.461}]
[{"Plan": {"Node Type": "Aggregate","Strategy": "Plain","Partial Mode": "Finalize","Parallel Aware": false,"Async Capable": false,"Startup Cost": 147402.00,"Total Cost": 147402.01,"Plan Rows": 1,"Plan Width": 32,"Actual Startup Time": 301.179,"Actual Total Time": 332.557,"Actual Rows": 1,"Actual Loops": 1,"Plans": [{"Node Type": "Gather","Parent Relationship": "Outer","Parallel Aware": false,"Async Capable": false,"Startup Cost": 147401.57,"Total Cost": 147401.98,"Plan Rows": 4,"Plan Width": 32,"Actual Startup Time": 300.979,"Actual Total Time": 332.537,"Actual Rows": 5,"Actual Loops": 1,"Workers Planned": 4,"Workers Launched": 4,"Single Copy": false,"Plans": [{"Node Type": "Aggregate","Strategy": "Plain","Partial Mode": "Partial","Parent Relationship": "Outer","Parallel Aware": false,"Async Capable": false,"Startup Cost": 146401.57,"Total Cost": 146401.58,"Plan Rows": 1,"Plan Width": 32,"Actual Startup Time": 294.120,"Actual Total Time": 294.122,"Actual Rows": 1,"Actual Loops": 5,"Workers": [],"Plans": [{"Node Type": "Seq Scan","Parent Relationship": "Outer","Parallel Aware": true,"Async Capable": false,"Relation Name": "lineitem","Alias": "lineitem","Startup Cost": 0.00,"Total Cost": 146259.83,"Plan Rows": 28347,"Plan Width": 12,"Actual Startup Time": 0.086,"Actual Total Time": 289.269,"Actual Rows": 22784,"Actual Loops": 5,"Filter": "((l_shipdate >= '1994-01-01'::date) AND (l_shipdate < '1995-01-01 00:00:00'::timestamp without time zone) AND (l_discount >= 0.07) AND (l_discount <= 0.09) AND (l_quantity < '24'::numeric))","Rows Removed by Filter": 1177459,"Workers": []}]}]}]},"Planning Time": 2.495,"Triggers": [],"Execution Time": 332.775}]
[{"Plan": {"Node Type": "Aggregate","Strategy": "Plain","Partial Mode": "Finalize","Parallel Aware": false,"Async Capable": false,"Startup Cost": 147406.05,"Total Cost": 147406.06,"Plan Rows": 1,"Plan Width": 32,"Actual Startup Time": 304.861,"Actual Total Time": 338.017,"Actual Rows": 1,"Actual Loops": 1,"Plans": [{"Node Type": "Gather","Parent Relationship": "Outer","Parallel Aware": false,"Async Capable": false,"Startup Cost": 147405.62,"Total Cost": 147406.03,"Plan Rows": 4,"Plan Width": 32,"Actual Startup Time": 304.681,"Actual Total Time": 337.993,"Actual Rows": 5,"Actual Loops": 1,"Workers Planned": 4,"Workers Launched": 4,"Single Copy": false,"Plans": [{"Node Type": "Aggregate","Strategy": "Plain","Partial Mode": "Partial","Parent Relationship": "Outer","Parallel Aware": false,"Async Capable": false,"Startup Cost": 146405.62,"Total Cost": 146405.63,"Plan Rows": 1,"Plan Width": 32,"Actual Startup Time": 297.689,"Actual Total Time": 297.690,"Actual Rows": 1,"Actual Loops": 5,"Workers": [],"Plans": [{"Node Type": "Seq Scan","Parent Relationship": "Outer","Parallel Aware": true,"Async Capable": false,"Relation Name": "lineitem","Alias": "lineitem","Startup Cost": 0.00,"Total Cost": 146259.83,"Plan Rows": 29157,"Plan Width": 12,"Actual Startup Time": 0.085,"Actual Total Time": 292.826,"Actual Rows": 22994,"Actual Loops": 5,"Filter": "((l_shipdate >= '1995-01-01'::date) AND (l_shipdate < '1996-01-01 00:00:00'::timestamp without time zone) AND (l_discount >= 0.03) AND (l_discount <= 0.05) AND (l_quantity < '24'::numeric))","Rows Removed by Filter": 1177249,"Workers": []}]}]}]},"Planning Time": 2.567,"Triggers": [],"Execution Time": 338.225}]
[{"Plan": {"Node Type": "Aggregate","Strategy": "Plain","Partial Mode": "Finalize","Parallel Aware": false,"Async Capable": false,"Startup Cost": 147408.75,"Total Cost": 147408.76,"Plan Rows": 1,"Plan Width": 32,"Actual Startup Time": 308.951,"Actual Total Time": 342.656,"Actual Rows": 1,"Actual Loops": 1,"Plans": [{"Node Type": "Gather","Parent Relationship": "Outer","Parallel Aware": false,"Async Capable": false,"Startup Cost": 147408.32,"Total Cost": 147408.73,"Plan Rows": 4,"Plan Width": 32,"Actual Startup Time": 308.754,"Actual Total Time": 342.616,"Actual Rows": 5,"Actual Loops": 1,"Workers Planned": 4,"Workers Launched": 4,"Single Copy": false,"Plans": [{"Node Type": "Aggregate","Strategy": "Plain","Partial Mode": "Partial","Parent Relationship": "Outer","Parallel Aware": false,"Async Capable": false,"Startup Cost": 146408.32,"Total Cost": 146408.33,"Plan Rows": 1,"Plan Width": 32,"Actual Startup Time": 300.851,"Actual Total Time": 300.853,"Actual Rows": 1,"Actual Loops": 5,"Workers": [],"Plans": [{"Node Type": "Seq Scan","Parent Relationship": "Outer","Parallel Aware": true,"Async Capable": false,"Relation Name": "lineitem","Alias": "lineitem","Startup Cost": 0.00,"Total Cost": 146259.83,"Plan Rows": 29696,"Plan Width": 12,"Actual Startup Time": 0.086,"Actual Total Time": 295.723,"Actual Rows": 23835,"Actual Loops": 5,"Filter": "((l_shipdate >= '1994-01-01'::date) AND (l_shipdate < '1995-01-01 00:00:00'::timestamp without time zone) AND (l_discount >= 0.04) AND (l_discount <= 0.06) AND (l_quantity < '25'::numeric))","Rows Removed by Filter": 1176408,"Workers": []}]}]}]},"Planning Time": 2.780,"Triggers": [],"Execution Time": 342.900}]
[{"Plan": {"Node Type": "Aggregate","Strategy": "Plain","Partial Mode": "Finalize","Parallel Aware": false,"Async Capable": false,"Startup Cost": 147403.40,"Total Cost": 147403.41,"Plan Rows": 1,"Plan Width": 32,"Actual Startup Time": 297.896,"Actual Total Time": 330.255,"Actual Rows": 1,"Actual Loops": 1,"Plans": [{"Node Type": "Gather","Parent Relationship": "Outer","Parallel Aware": false,"Async Capable": false,"Startup Cost": 147402.97,"Total Cost": 147403.38,"Plan Rows": 4,"Plan Width": 32,"Actual Startup Time": 297.700,"Actual Total Time": 330.225,"Actual Rows": 5,"Actual Loops": 1,"Workers Planned": 4,"Workers Launched": 4,"Single Copy": false,"Plans": [{"Node Type": "Aggregate","Strategy": "Plain","Partial Mode": "Partial","Parent Relationship": "Outer","Parallel Aware": false,"Async Capable": false,"Startup Cost": 146402.97,"Total Cost": 146402.98,"Plan Rows": 1,"Plan Width": 32,"Actual Startup Time": 290.911,"Actual Total Time": 290.913,"Actual Rows": 1,"Actual Loops": 5,"Workers": [],"Plans": [{"Node Type": "Seq Scan","Parent Relationship": "Outer","Parallel Aware": true,"Async Capable": false,"Relation Name": "lineitem","Alias": "lineitem","Startup Cost": 0.00,"Total Cost": 146259.83,"Plan Rows": 28627,"Plan Width": 12,"Actual Startup Time": 0.120,"Actual Total Time": 286.095,"Actual Rows": 22873,"Actual Loops": 5,"Filter": "((l_shipdate >= '1997-01-01'::date) AND (l_shipdate < '1998-01-01 00:00:00'::timestamp without time zone) AND (l_discount >= 0.04) AND (l_discount <= 0.06) AND (l_quantity < '24'::numeric))","Rows Removed by Filter": 1177370,"Workers": []}]}]}]},"Planning Time": 2.538,"Triggers": [],"Execution Time": 330.480}]
[{"Plan": {"Node Type": "Aggregate","Strategy": "Plain","Partial Mode": "Finalize","Parallel Aware": false,"Async Capable": false,"Startup Cost": 147404.38,"Total Cost": 147404.39,"Plan Rows": 1,"Plan Width": 32,"Actual Startup Time": 302.767,"Actual Total Time": 334.756,"Actual Rows": 1,"Actual Loops": 1,"Plans": [{"Node Type": "Gather","Parent Relationship": "Outer","Parallel Aware": false,"Async Capable": false,"Startup Cost": 147403.95,"Total Cost": 147404.36,"Plan Rows": 4,"Plan Width": 32,"Actual Startup Time": 302.614,"Actual Total Time": 334.720,"Actual Rows": 5,"Actual Loops": 1,"Workers Planned": 4,"Workers Launched": 4,"Single Copy": false,"Plans": [{"Node Type": "Aggregate","Strategy": "Plain","Partial Mode": "Partial","Parent Relationship": "Outer","Parallel Aware": false,"Async Capable": false,"Startup Cost": 146403.95,"Total Cost": 146403.96,"Plan Rows": 1,"Plan Width": 32,"Actual Startup Time": 295.706,"Actual Total Time": 295.708,"Actual Rows": 1,"Actual Loops": 5,"Workers": [],"Plans": [{"Node Type": "Seq Scan","Parent Relationship": "Outer","Parallel Aware": true,"Async Capable": false,"Relation Name": "lineitem","Alias": "lineitem","Startup Cost": 0.00,"Total Cost": 146259.83,"Plan Rows": 28822,"Plan Width": 12,"Actual Startup Time": 0.104,"Actual Total Time": 290.791,"Actual Rows": 22940,"Actual Loops": 5,"Filter": "((l_shipdate >= '1993-01-01'::date) AND (l_shipdate < '1994-01-01 00:00:00'::timestamp without time zone) AND (l_discount >= 0.07) AND (l_discount <= 0.09) AND (l_quantity < '24'::numeric))","Rows Removed by Filter": 1177303,"Workers": []}]}]}]},"Planning Time": 2.853,"Triggers": [],"Execution Time": 335.021}]
[{"Plan": {"Node Type": "Aggregate","Strategy": "Plain","Partial Mode": "Finalize","Parallel Aware": false,"Async Capable": false,"Startup Cost": 147413.88,"Total Cost": 147413.89,"Plan Rows": 1,"Plan Width": 32,"Actual Startup Time": 301.549,"Actual Total Time": 333.949,"Actual Rows": 1,"Actual Loops": 1,"Plans": [{"Node Type": "Gather","Parent Relationship": "Outer","Parallel Aware": false,"Async Capable": false,"Startup Cost": 147413.45,"Total Cost": 147413.86,"Plan Rows": 4,"Plan Width": 32,"Actual Startup Time": 301.403,"Actual Total Time": 333.922,"Actual Rows": 5,"Actual Loops": 1,"Workers Planned": 4,"Workers Launched": 4,"Single Copy": false,"Plans": [{"Node Type": "Aggregate","Strategy": "Plain","Partial Mode": "Partial","Parent Relationship": "Outer","Parallel Aware": false,"Async Capable": false,"Startup Cost": 146413.45,"Total Cost": 146413.46,"Plan Rows": 1,"Plan Width": 32,"Actual Startup Time": 294.750,"Actual Total Time": 294.752,"Actual Rows": 1,"Actual Loops": 5,"Workers": [],"Plans": [{"Node Type": "Seq Scan","Parent Relationship": "Outer","Parallel Aware": true,"Async Capable": false,"Relation Name": "lineitem","Alias": "lineitem","Startup Cost": 0.00,"Total Cost": 146259.83,"Plan Rows": 30722,"Plan Width": 12,"Actual Startup Time": 0.080,"Actual Total Time": 289.738,"Actual Rows": 24012,"Actual Loops": 5,"Filter": "((l_shipdate >= '1995-01-01'::date) AND (l_shipdate < '1996-01-01 00:00:00'::timestamp without time zone) AND (l_discount >= 0.04) AND (l_discount <= 0.06) AND (l_quantity < '25'::numeric))","Rows Removed by Filter": 1176231,"Workers": []}]}]}]},"Planning Time": 2.384,"Triggers": [],"Execution Time": 334.172}]
[{"Plan": {"Node Type": "Aggregate","Strategy": "Plain","Partial Mode": "Finalize","Parallel Aware": false,"Async Capable": false,"Startup Cost": 147410.65,"Total Cost": 147410.66,"Plan Rows": 1,"Plan Width": 32,"Actual Startup Time": 303.311,"Actual Total Time": 336.303,"Actual Rows": 1,"Actual Loops": 1,"Plans": [{"Node Type": "Gather","Parent Relationship": "Outer","Parallel Aware": false,"Async Capable": false,"Startup Cost": 147410.22,"Total Cost": 147410.63,"Plan Rows": 4,"Plan Width": 32,"Actual Startup Time": 303.142,"Actual Total Time": 336.256,"Actual Rows": 5,"Actual Loops": 1,"Workers Planned": 4,"Workers Launched": 4,"Single Copy": false,"Plans": [{"Node Type": "Aggregate","Strategy": "Plain","Partial Mode": "Partial","Parent Relationship": "Outer","Parallel Aware": false,"Async Capable": false,"Startup Cost": 146410.22,"Total Cost": 146410.23,"Plan Rows": 1,"Plan Width": 32,"Actual Startup Time": 296.021,"Actual Total Time": 296.023,"Actual Rows": 1,"Actual Loops": 5,"Workers": [],"Plans": [{"Node Type": "Seq Scan","Parent Relationship": "Outer","Parallel Aware": true,"Async Capable": false,"Relation Name": "lineitem","Alias": "lineitem","Startup Cost": 0.00,"Total Cost": 146259.83,"Plan Rows": 30076,"Plan Width": 12,"Actual Startup Time": 0.153,"Actual Total Time": 290.872,"Actual Rows": 23928,"Actual Loops": 5,"Filter": "((l_shipdate >= '1993-01-01'::date) AND (l_shipdate < '1994-01-01 00:00:00'::timestamp without time zone) AND (l_discount >= 0.07) AND (l_discount <= 0.09) AND (l_quantity < '25'::numeric))","Rows Removed by Filter": 1176315,"Workers": []}]}]}]},"Planning Time": 2.101,"Triggers": [],"Execution Time": 336.525}]
[{"Plan": {"Node Type": "Aggregate","Strategy": "Plain","Partial Mode": "Finalize","Parallel Aware": false,"Async Capable": false,"Startup Cost": 147400.89,"Total Cost": 147400.90,"Plan Rows": 1,"Plan Width": 32,"Actual Startup Time": 302.056,"Actual Total Time": 334.390,"Actual Rows": 1,"Actual Loops": 1,"Plans": [{"Node Type": "Gather","Parent Relationship": "Outer","Parallel Aware": false,"Async Capable": false,"Startup Cost": 147400.46,"Total Cost": 147400.87,"Plan Rows": 4,"Plan Width": 32,"Actual Startup Time": 301.887,"Actual Total Time": 334.361,"Actual Rows": 5,"Actual Loops": 1,"Workers Planned": 4,"Workers Launched": 4,"Single Copy": false,"Plans": [{"Node Type": "Aggregate","Strategy": "Plain","Partial Mode": "Partial","Parent Relationship": "Outer","Parallel Aware": false,"Async Capable": false,"Startup Cost": 146400.46,"Total Cost": 146400.47,"Plan Rows": 1,"Plan Width": 32,"Actual Startup Time": 295.081,"Actual Total Time": 295.082,"Actual Rows": 1,"Actual Loops": 5,"Workers": [],"Plans": [{"Node Type": "Seq Scan","Parent Relationship": "Outer","Parallel Aware": true,"Async Capable": false,"Relation Name": "lineitem","Alias": "lineitem","Startup Cost": 0.00,"Total Cost": 146259.83,"Plan Rows": 28125,"Plan Width": 12,"Actual Startup Time": 0.087,"Actual Total Time": 290.295,"Actual Rows": 22764,"Actual Loops": 5,"Filter": "((l_shipdate >= '1994-01-01'::date) AND (l_shipdate < '1995-01-01 00:00:00'::timestamp without time zone) AND (l_discount >= 0.08) AND (l_discount <= 0.10) AND (l_quantity < '24'::numeric))","Rows Removed by Filter": 1177479,"Workers": []}]}]}]},"Planning Time": 2.411,"Triggers": [],"Execution Time": 334.598}]
[{"Plan": {"Node Type": "Aggregate","Strategy": "Plain","Partial Mode": "Finalize","Parallel Aware": false,"Async Capable": false,"Startup Cost": 147408.19,"Total Cost": 147408.20,"Plan Rows": 1,"Plan Width": 32,"Actual Startup Time": 299.689,"Actual Total Time": 332.024,"Actual Rows": 1,"Actual Loops": 1,"Plans": [{"Node Type": "Gather","Parent Relationship": "Outer","Parallel Aware": false,"Async Capable": false,"Startup Cost": 147407.76,"Total Cost": 147408.17,"Plan Rows": 4,"Plan Width": 32,"Actual Startup Time": 299.534,"Actual Total Time": 331.996,"Actual Rows": 5,"Actual Loops": 1,"Workers Planned": 4,"Workers Launched": 4,"Single Copy": false,"Plans": [{"Node Type": "Aggregate","Strategy": "Plain","Partial Mode": "Partial","Parent Relationship": "Outer","Parallel Aware": false,"Async Capable": false,"Startup Cost": 146407.76,"Total Cost": 146407.77,"Plan Rows": 1,"Plan Width": 32,"Actual Startup Time": 293.029,"Actual Total Time": 293.030,"Actual Rows": 1,"Actual Loops": 5,"Workers": [],"Plans": [{"Node Type": "Seq Scan","Parent Relationship": "Outer","Parallel Aware": true,"Async Capable": false,"Relation Name": "lineitem","Alias": "lineitem","Startup Cost": 0.00,"Total Cost": 146259.83,"Plan Rows": 29584,"Plan Width": 12,"Actual Startup Time": 0.080,"Actual Total Time": 288.000,"Actual Rows": 23893,"Actual Loops": 5,"Filter": "((l_shipdate >= '1997-01-01'::date) AND (l_shipdate < '1998-01-01 00:00:00'::timestamp without time zone) AND (l_discount >= 0.03) AND (l_discount <= 0.05) AND (l_quantity < '25'::numeric))","Rows Removed by Filter": 1176350,"Workers": []}]}]}]},"Planning Time": 2.271,"Triggers": [],"Execution Time": 332.248}]
[{"Plan": {"Node Type": "Aggregate","Strategy": "Plain","Partial Mode": "Finalize","Parallel Aware": false,"Async Capable": false,"Startup Cost": 147409.70,"Total Cost": 147409.71,"Plan Rows": 1,"Plan Width": 32,"Actual Startup Time": 318.187,"Actual Total Time": 351.604,"Actual Rows": 1,"Actual Loops": 1,"Plans": [{"Node Type": "Gather","Parent Relationship": "Outer","Parallel Aware": false,"Async Capable": false,"Startup Cost": 147409.27,"Total Cost": 147409.68,"Plan Rows": 4,"Plan Width": 32,"Actual Startup Time": 318.005,"Actual Total Time": 351.566,"Actual Rows": 5,"Actual Loops": 1,"Workers Planned": 4,"Workers Launched": 4,"Single Copy": false,"Plans": [{"Node Type": "Aggregate","Strategy": "Plain","Partial Mode": "Partial","Parent Relationship": "Outer","Parallel Aware": false,"Async Capable": false,"Startup Cost": 146409.27,"Total Cost": 146409.28,"Plan Rows": 1,"Plan Width": 32,"Actual Startup Time": 310.692,"Actual Total Time": 310.693,"Actual Rows": 1,"Actual Loops": 5,"Workers": [],"Plans": [{"Node Type": "Seq Scan","Parent Relationship": "Outer","Parallel Aware": true,"Async Capable": false,"Relation Name": "lineitem","Alias": "lineitem","Startup Cost": 0.00,"Total Cost": 146259.83,"Plan Rows": 29887,"Plan Width": 12,"Actual Startup Time": 0.069,"Actual Total Time": 305.516,"Actual Rows": 23782,"Actual Loops": 5,"Filter": "((l_shipdate >= '1994-01-01'::date) AND (l_shipdate < '1995-01-01 00:00:00'::timestamp without time zone) AND (l_discount >= 0.01) AND (l_discount <= 0.03) AND (l_quantity < '25'::numeric))","Rows Removed by Filter": 1176461,"Workers": []}]}]}]},"Planning Time": 2.556,"Triggers": [],"Execution Time": 351.812}]
[{"Plan": {"Node Type": "Aggregate","Strategy": "Plain","Partial Mode": "Finalize","Parallel Aware": false,"Async Capable": false,"Startup Cost": 147408.76,"Total Cost": 147408.77,"Plan Rows": 1,"Plan Width": 32,"Actual Startup Time": 301.628,"Actual Total Time": 334.552,"Actual Rows": 1,"Actual Loops": 1,"Plans": [{"Node Type": "Gather","Parent Relationship": "Outer","Parallel Aware": false,"Async Capable": false,"Startup Cost": 147408.33,"Total Cost": 147408.74,"Plan Rows": 4,"Plan Width": 32,"Actual Startup Time": 301.382,"Actual Total Time": 334.526,"Actual Rows": 5,"Actual Loops": 1,"Workers Planned": 4,"Workers Launched": 4,"Single Copy": false,"Plans": [{"Node Type": "Aggregate","Strategy": "Plain","Partial Mode": "Partial","Parent Relationship": "Outer","Parallel Aware": false,"Async Capable": false,"Startup Cost": 146408.33,"Total Cost": 146408.34,"Plan Rows": 1,"Plan Width": 32,"Actual Startup Time": 294.881,"Actual Total Time": 294.882,"Actual Rows": 1,"Actual Loops": 5,"Workers": [],"Plans": [{"Node Type": "Seq Scan","Parent Relationship": "Outer","Parallel Aware": true,"Async Capable": false,"Relation Name": "lineitem","Alias": "lineitem","Startup Cost": 0.00,"Total Cost": 146259.83,"Plan Rows": 29699,"Plan Width": 12,"Actual Startup Time": 0.068,"Actual Total Time": 289.793,"Actual Rows": 23872,"Actual Loops": 5,"Filter": "((l_shipdate >= '1994-01-01'::date) AND (l_shipdate < '1995-01-01 00:00:00'::timestamp without time zone) AND (l_discount >= 0.02) AND (l_discount <= 0.04) AND (l_quantity < '25'::numeric))","Rows Removed by Filter": 1176371,"Workers": []}]}]}]},"Planning Time": 2.002,"Triggers": [],"Execution Time": 334.744}]
[{"Plan": {"Node Type": "Aggregate","Strategy": "Plain","Partial Mode": "Finalize","Parallel Aware": false,"Async Capable": false,"Startup Cost": 147402.00,"Total Cost": 147402.01,"Plan Rows": 1,"Plan Width": 32,"Actual Startup Time": 301.179,"Actual Total Time": 332.557,"Actual Rows": 1,"Actual Loops": 1,"Plans": [{"Node Type": "Gather","Parent Relationship": "Outer","Parallel Aware": false,"Async Capable": false,"Startup Cost": 147401.57,"Total Cost": 147401.98,"Plan Rows": 4,"Plan Width": 32,"Actual Startup Time": 300.979,"Actual Total Time": 332.537,"Actual Rows": 5,"Actual Loops": 1,"Workers Planned": 4,"Workers Launched": 4,"Single Copy": false,"Plans": [{"Node Type": "Aggregate","Strategy": "Plain","Partial Mode": "Partial","Parent Relationship": "Outer","Parallel Aware": false,"Async Capable": false,"Startup Cost": 146401.57,"Total Cost": 146401.58,"Plan Rows": 1,"Plan Width": 32,"Actual Startup Time": 294.120,"Actual Total Time": 294.122,"Actual Rows": 1,"Actual Loops": 5,"Workers": [],"Plans": [{"Node Type": "Seq Scan","Parent Relationship": "Outer","Parallel Aware": true,"Async Capable": false,"Relation Name": "lineitem","Alias": "lineitem","Startup Cost": 0.00,"Total Cost": 146259.83,"Plan Rows": 28347,"Plan Width": 12,"Actual Startup Time": 0.086,"Actual Total Time": 289.269,"Actual Rows": 22784,"Actual Loops": 5,"Filter": "((l_shipdate >= '1994-01-01'::date) AND (l_shipdate < '1995-01-01 00:00:00'::timestamp without time zone) AND (l_discount >= 0.07) AND (l_discount <= 0.09) AND (l_quantity < '24'::numeric))","Rows Removed by Filter": 1177459,"Workers": []}]}]}]},"Planning Time": 2.495,"Triggers": [],"Execution Time": 332.775}]
[{"Plan": {"Node Type": "Aggregate","Strategy": "Plain","Partial Mode": "Finalize","Parallel Aware": false,"Async Capable": false,"Startup Cost": 147402.78,"Total Cost": 147402.79,"Plan Rows": 1,"Plan Width": 32,"Actual Startup Time": 312.656,"Actual Total Time": 344.675,"Actual Rows": 1,"Actual Loops": 1,"Plans": [{"Node Type": "Gather","Parent Relationship": "Outer","Parallel Aware": false,"Async Capable": false,"Startup Cost": 147402.35,"Total Cost": 147402.76,"Plan Rows": 4,"Plan Width": 32,"Actual Startup Time": 312.490,"Actual Total Time": 344.644,"Actual Rows": 5,"Actual Loops": 1,"Workers Planned": 4,"Workers Launched": 4,"Single Copy": false,"Plans": [{"Node Type": "Aggregate","Strategy": "Plain","Partial Mode": "Partial","Parent Relationship": "Outer","Parallel Aware": false,"Async Capable": false,"Startup Cost": 146402.35,"Total Cost": 146402.36,"Plan Rows": 1,"Plan Width": 32,"Actual Startup Time": 305.317,"Actual Total Time": 305.318,"Actual Rows": 1,"Actual Loops": 5,"Workers": [],"Plans": [{"Node Type": "Seq Scan","Parent Relationship": "Outer","Parallel Aware": true,"Async Capable": false,"Relation Name": "lineitem","Alias": "lineitem","Startup Cost": 0.00,"Total Cost": 146259.83,"Plan Rows": 28502,"Plan Width": 12,"Actual Startup Time": 0.102,"Actual Total Time": 300.135,"Actual Rows": 22886,"Actual Loops": 5,"Filter": "((l_shipdate >= '1996-01-01'::date) AND (l_shipdate < '1997-01-01 00:00:00'::timestamp without time zone) AND (l_discount >= 0.07) AND (l_discount <= 0.09) AND (l_quantity < '24'::numeric))","Rows Removed by Filter": 1177357,"Workers": []}]}]}]},"Planning Time": 2.959,"Triggers": [],"Execution Time": 344.931}]
[{"Plan": {"Node Type": "Aggregate","Strategy": "Plain","Partial Mode": "Finalize","Parallel Aware": false,"Async Capable": false,"Startup Cost": 147411.24,"Total Cost": 147411.25,"Plan Rows": 1,"Plan Width": 32,"Actual Startup Time": 306.146,"Actual Total Time": 337.945,"Actual Rows": 1,"Actual Loops": 1,"Plans": [{"Node Type": "Gather","Parent Relationship": "Outer","Parallel Aware": false,"Async Capable": false,"Startup Cost": 147410.81,"Total Cost": 147411.22,"Plan Rows": 4,"Plan Width": 32,"Actual Startup Time": 305.983,"Actual Total Time": 337.923,"Actual Rows": 5,"Actual Loops": 1,"Workers Planned": 4,"Workers Launched": 4,"Single Copy": false,"Plans": [{"Node Type": "Aggregate","Strategy": "Plain","Partial Mode": "Partial","Parent Relationship": "Outer","Parallel Aware": false,"Async Capable": false,"Startup Cost": 146410.81,"Total Cost": 146410.82,"Plan Rows": 1,"Plan Width": 32,"Actual Startup Time": 299.109,"Actual Total Time": 299.111,"Actual Rows": 1,"Actual Loops": 5,"Workers": [],"Plans": [{"Node Type": "Seq Scan","Parent Relationship": "Outer","Parallel Aware": true,"Async Capable": false,"Relation Name": "lineitem","Alias": "lineitem","Startup Cost": 0.00,"Total Cost": 146259.83,"Plan Rows": 30194,"Plan Width": 12,"Actual Startup Time": 0.070,"Actual Total Time": 294.125,"Actual Rows": 23770,"Actual Loops": 5,"Filter": "((l_shipdate >= '1993-01-01'::date) AND (l_shipdate < '1994-01-01 00:00:00'::timestamp without time zone) AND (l_discount >= 0.04) AND (l_discount <= 0.06) AND (l_quantity < '25'::numeric))","Rows Removed by Filter": 1176473,"Workers": []}]}]}]},"Planning Time": 2.759,"Triggers": [],"Execution Time": 338.194}]
[{"Plan": {"Node Type": "Aggregate","Strategy": "Plain","Partial Mode": "Finalize","Parallel Aware": false,"Async Capable": false,"Startup Cost": 147402.87,"Total Cost": 147402.88,"Plan Rows": 1,"Plan Width": 32,"Actual Startup Time": 296.428,"Actual Total Time": 327.149,"Actual Rows": 1,"Actual Loops": 1,"Plans": [{"Node Type": "Gather","Parent Relationship": "Outer","Parallel Aware": false,"Async Capable": false,"Startup Cost": 147402.44,"Total Cost": 147402.85,"Plan Rows": 4,"Plan Width": 32,"Actual Startup Time": 296.221,"Actual Total Time": 327.118,"Actual Rows": 5,"Actual Loops": 1,"Workers Planned": 4,"Workers Launched": 4,"Single Copy": false,"Plans": [{"Node Type": "Aggregate","Strategy": "Plain","Partial Mode": "Partial","Parent Relationship": "Outer","Parallel Aware": false,"Async Capable": false,"Startup Cost": 146402.44,"Total Cost": 146402.45,"Plan Rows": 1,"Plan Width": 32,"Actual Startup Time": 289.094,"Actual Total Time": 289.097,"Actual Rows": 1,"Actual Loops": 5,"Workers": [],"Plans": [{"Node Type": "Seq Scan","Parent Relationship": "Outer","Parallel Aware": true,"Async Capable": false,"Relation Name": "lineitem","Alias": "lineitem","Startup Cost": 0.00,"Total Cost": 146259.83,"Plan Rows": 28520,"Plan Width": 12,"Actual Startup Time": 0.102,"Actual Total Time": 284.378,"Actual Rows": 22769,"Actual Loops": 5,"Filter": "((l_shipdate >= '1994-01-01'::date) AND (l_shipdate < '1995-01-01 00:00:00'::timestamp without time zone) AND (l_discount >= 0.06) AND (l_discount <= 0.08) AND (l_quantity < '24'::numeric))","Rows Removed by Filter": 1177474,"Workers": []}]}]}]},"Planning Time": 2.811,"Triggers": [],"Execution Time": 327.382}]
[{"Plan": {"Node Type": "Aggregate","Strategy": "Plain","Partial Mode": "Finalize","Parallel Aware": false,"Async Capable": false,"Startup Cost": 147402.74,"Total Cost": 147402.75,"Plan Rows": 1,"Plan Width": 32,"Actual Startup Time": 294.972,"Actual Total Time": 327.491,"Actual Rows": 1,"Actual Loops": 1,"Plans": [{"Node Type": "Gather","Parent Relationship": "Outer","Parallel Aware": false,"Async Capable": false,"Startup Cost": 147402.31,"Total Cost": 147402.72,"Plan Rows": 4,"Plan Width": 32,"Actual Startup Time": 294.803,"Actual Total Time": 327.457,"Actual Rows": 5,"Actual Loops": 1,"Workers Planned": 4,"Workers Launched": 4,"Single Copy": false,"Plans": [{"Node Type": "Aggregate","Strategy": "Plain","Partial Mode": "Partial","Parent Relationship": "Outer","Parallel Aware": false,"Async Capable": false,"Startup Cost": 146402.31,"Total Cost": 146402.32,"Plan Rows": 1,"Plan Width": 32,"Actual Startup Time": 288.287,"Actual Total Time": 288.289,"Actual Rows": 1,"Actual Loops": 5,"Workers": [],"Plans": [{"Node Type": "Seq Scan","Parent Relationship": "Outer","Parallel Aware": true,"Async Capable": false,"Relation Name": "lineitem","Alias": "lineitem","Startup Cost": 0.00,"Total Cost": 146259.83,"Plan Rows": 28495,"Plan Width": 12,"Actual Startup Time": 0.083,"Actual Total Time": 283.417,"Actual Rows": 22816,"Actual Loops": 5,"Filter": "((l_shipdate >= '1996-01-01'::date) AND (l_shipdate < '1997-01-01 00:00:00'::timestamp without time zone) AND (l_discount >= 0.05) AND (l_discount <= 0.07) AND (l_quantity < '24'::numeric))","Rows Removed by Filter": 1177427,"Workers": []}]}]}]},"Planning Time": 2.656,"Triggers": [],"Execution Time": 327.682}]
[{"Plan": {"Node Type": "Aggregate","Strategy": "Plain","Partial Mode": "Finalize","Parallel Aware": false,"Async Capable": false,"Startup Cost": 147406.86,"Total Cost": 147406.87,"Plan Rows": 1,"Plan Width": 32,"Actual Startup Time": 300.104,"Actual Total Time": 331.789,"Actual Rows": 1,"Actual Loops": 1,"Plans": [{"Node Type": "Gather","Parent Relationship": "Outer","Parallel Aware": false,"Async Capable": false,"Startup Cost": 147406.43,"Total Cost": 147406.84,"Plan Rows": 4,"Plan Width": 32,"Actual Startup Time": 299.950,"Actual Total Time": 331.768,"Actual Rows": 5,"Actual Loops": 1,"Workers Planned": 4,"Workers Launched": 4,"Single Copy": false,"Plans": [{"Node Type": "Aggregate","Strategy": "Plain","Partial Mode": "Partial","Parent Relationship": "Outer","Parallel Aware": false,"Async Capable": false,"Startup Cost": 146406.43,"Total Cost": 146406.44,"Plan Rows": 1,"Plan Width": 32,"Actual Startup Time": 293.419,"Actual Total Time": 293.420,"Actual Rows": 1,"Actual Loops": 5,"Workers": [],"Plans": [{"Node Type": "Seq Scan","Parent Relationship": "Outer","Parallel Aware": true,"Async Capable": false,"Relation Name": "lineitem","Alias": "lineitem","Startup Cost": 0.00,"Total Cost": 146259.83,"Plan Rows": 29319,"Plan Width": 12,"Actual Startup Time": 0.099,"Actual Total Time": 288.598,"Actual Rows": 22982,"Actual Loops": 5,"Filter": "((l_shipdate >= '1995-01-01'::date) AND (l_shipdate < '1996-01-01 00:00:00'::timestamp without time zone) AND (l_discount >= 0.05) AND (l_discount <= 0.07) AND (l_quantity < '24'::numeric))","Rows Removed by Filter": 1177261,"Workers": []}]}]}]},"Planning Time": 2.905,"Triggers": [],"Execution Time": 332.052}]
[{"Plan": {"Node Type": "Aggregate","Strategy": "Plain","Partial Mode": "Finalize","Parallel Aware": false,"Async Capable": false,"Startup Cost": 147402.57,"Total Cost": 147402.58,"Plan Rows": 1,"Plan Width": 32,"Actual Startup Time": 303.409,"Actual Total Time": 336.885,"Actual Rows": 1,"Actual Loops": 1,"Plans": [{"Node Type": "Gather","Parent Relationship": "Outer","Parallel Aware": false,"Async Capable": false,"Startup Cost": 147402.14,"Total Cost": 147402.55,"Plan Rows": 4,"Plan Width": 32,"Actual Startup Time": 303.253,"Actual Total Time": 336.860,"Actual Rows": 5,"Actual Loops": 1,"Workers Planned": 4,"Workers Launched": 4,"Single Copy": false,"Plans": [{"Node Type": "Aggregate","Strategy": "Plain","Partial Mode": "Partial","Parent Relationship": "Outer","Parallel Aware": false,"Async Capable": false,"Startup Cost": 146402.14,"Total Cost": 146402.15,"Plan Rows": 1,"Plan Width": 32,"Actual Startup Time": 296.828,"Actual Total Time": 296.830,"Actual Rows": 1,"Actual Loops": 5,"Workers": [],"Plans": [{"Node Type": "Seq Scan","Parent Relationship": "Outer","Parallel Aware": true,"Async Capable": false,"Relation Name": "lineitem","Alias": "lineitem","Startup Cost": 0.00,"Total Cost": 146259.83,"Plan Rows": 28461,"Plan Width": 12,"Actual Startup Time": 0.072,"Actual Total Time": 291.961,"Actual Rows": 22860,"Actual Loops": 5,"Filter": "((l_shipdate >= '1994-01-01'::date) AND (l_shipdate < '1995-01-01 00:00:00'::timestamp without time zone) AND (l_discount >= 0.02) AND (l_discount <= 0.04) AND (l_quantity < '24'::numeric))","Rows Removed by Filter": 1177383,"Workers": []}]}]}]},"Planning Time": 2.847,"Triggers": [],"Execution Time": 337.141}]
[{"Plan": {"Node Type": "Aggregate","Strategy": "Plain","Partial Mode": "Finalize","Parallel Aware": false,"Async Capable": false,"Startup Cost": 147414.87,"Total Cost": 147414.88,"Plan Rows": 1,"Plan Width": 32,"Actual Startup Time": 312.772,"Actual Total Time": 345.751,"Actual Rows": 1,"Actual Loops": 1,"Plans": [{"Node Type": "Gather","Parent Relationship": "Outer","Parallel Aware": false,"Async Capable": false,"Startup Cost": 147414.44,"Total Cost": 147414.85,"Plan Rows": 4,"Plan Width": 32,"Actual Startup Time": 312.597,"Actual Total Time": 345.709,"Actual Rows": 5,"Actual Loops": 1,"Workers Planned": 4,"Workers Launched": 4,"Single Copy": false,"Plans": [{"Node Type": "Aggregate","Strategy": "Plain","Partial Mode": "Partial","Parent Relationship": "Outer","Parallel Aware": false,"Async Capable": false,"Startup Cost": 146414.44,"Total Cost": 146414.45,"Plan Rows": 1,"Plan Width": 32,"Actual Startup Time": 305.497,"Actual Total Time": 305.499,"Actual Rows": 1,"Actual Loops": 5,"Workers": [],"Plans": [{"Node Type": "Seq Scan","Parent Relationship": "Outer","Parallel Aware": true,"Async Capable": false,"Relation Name": "lineitem","Alias": "lineitem","Startup Cost": 0.00,"Total Cost": 146259.83,"Plan Rows": 30920,"Plan Width": 12,"Actual Startup Time": 0.107,"Actual Total Time": 300.442,"Actual Rows": 23898,"Actual Loops": 5,"Filter": "((l_shipdate >= '1995-01-01'::date) AND (l_shipdate < '1996-01-01 00:00:00'::timestamp without time zone) AND (l_discount >= 0.01) AND (l_discount <= 0.03) AND (l_quantity < '25'::numeric))","Rows Removed by Filter": 1176345,"Workers": []}]}]}]},"Planning Time": 2.074,"Triggers": [],"Execution Time": 345.982}]
[{"Plan": {"Node Type": "Aggregate","Strategy": "Plain","Partial Mode": "Finalize","Parallel Aware": false,"Async Capable": false,"Startup Cost": 147403.55,"Total Cost": 147403.56,"Plan Rows": 1,"Plan Width": 32,"Actual Startup Time": 304.462,"Actual Total Time": 336.827,"Actual Rows": 1,"Actual Loops": 1,"Plans": [{"Node Type": "Gather","Parent Relationship": "Outer","Parallel Aware": false,"Async Capable": false,"Startup Cost": 147403.12,"Total Cost": 147403.53,"Plan Rows": 4,"Plan Width": 32,"Actual Startup Time": 304.302,"Actual Total Time": 336.806,"Actual Rows": 5,"Actual Loops": 1,"Workers Planned": 4,"Workers Launched": 4,"Single Copy": false,"Plans": [{"Node Type": "Aggregate","Strategy": "Plain","Partial Mode": "Partial","Parent Relationship": "Outer","Parallel Aware": false,"Async Capable": false,"Startup Cost": 146403.12,"Total Cost": 146403.13,"Plan Rows": 1,"Plan Width": 32,"Actual Startup Time": 297.550,"Actual Total Time": 297.553,"Actual Rows": 1,"Actual Loops": 5,"Workers": [],"Plans": [{"Node Type": "Seq Scan","Parent Relationship": "Outer","Parallel Aware": true,"Async Capable": false,"Relation Name": "lineitem","Alias": "lineitem","Startup Cost": 0.00,"Total Cost": 146259.83,"Plan Rows": 28656,"Plan Width": 12,"Actual Startup Time": 0.060,"Actual Total Time": 292.786,"Actual Rows": 22764,"Actual Loops": 5,"Filter": "((l_shipdate >= '1993-01-01'::date) AND (l_shipdate < '1994-01-01 00:00:00'::timestamp without time zone) AND (l_discount >= 0.03) AND (l_discount <= 0.05) AND (l_quantity < '24'::numeric))","Rows Removed by Filter": 1177479,"Workers": []}]}]}]},"Planning Time": 2.317,"Triggers": [],"Execution Time": 337.028}]
[{"Plan": {"Node Type": "Aggregate","Strategy": "Plain","Partial Mode": "Finalize","Parallel Aware": false,"Async Capable": false,"Startup Cost": 147404.38,"Total Cost": 147404.39,"Plan Rows": 1,"Plan Width": 32,"Actual Startup Time": 302.767,"Actual Total Time": 334.756,"Actual Rows": 1,"Actual Loops": 1,"Plans": [{"Node Type": "Gather","Parent Relationship": "Outer","Parallel Aware": false,"Async Capable": false,"Startup Cost": 147403.95,"Total Cost": 147404.36,"Plan Rows": 4,"Plan Width": 32,"Actual Startup Time": 302.614,"Actual Total Time": 334.720,"Actual Rows": 5,"Actual Loops": 1,"Workers Planned": 4,"Workers Launched": 4,"Single Copy": false,"Plans": [{"Node Type": "Aggregate","Strategy": "Plain","Partial Mode": "Partial","Parent Relationship": "Outer","Parallel Aware": false,"Async Capable": false,"Startup Cost": 146403.95,"Total Cost": 146403.96,"Plan Rows": 1,"Plan Width": 32,"Actual Startup Time": 295.706,"Actual Total Time": 295.708,"Actual Rows": 1,"Actual Loops": 5,"Workers": [],"Plans": [{"Node Type": "Seq Scan","Parent Relationship": "Outer","Parallel Aware": true,"Async Capable": false,"Relation Name": "lineitem","Alias": "lineitem","Startup Cost": 0.00,"Total Cost": 146259.83,"Plan Rows": 28822,"Plan Width": 12,"Actual Startup Time": 0.104,"Actual Total Time": 290.791,"Actual Rows": 22940,"Actual Loops": 5,"Filter": "((l_shipdate >= '1993-01-01'::date) AND (l_shipdate < '1994-01-01 00:00:00'::timestamp without time zone) AND (l_discount >= 0.07) AND (l_discount <= 0.09) AND (l_quantity < '24'::numeric))","Rows Removed by Filter": 1177303,"Workers": []}]}]}]},"Planning Time": 2.853,"Triggers": [],"Execution Time": 335.021}]
[{"Plan": {"Node Type": "Aggregate","Strategy": "Plain","Partial Mode": "Finalize","Parallel Aware": false,"Async Capable": false,"Startup Cost": 147408.17,"Total Cost": 147408.18,"Plan Rows": 1,"Plan Width": 32,"Actual Startup Time": 301.724,"Actual Total Time": 333.532,"Actual Rows": 1,"Actual Loops": 1,"Plans": [{"Node Type": "Gather","Parent Relationship": "Outer","Parallel Aware": false,"Async Capable": false,"Startup Cost": 147407.74,"Total Cost": 147408.15,"Plan Rows": 4,"Plan Width": 32,"Actual Startup Time": 301.549,"Actual Total Time": 333.504,"Actual Rows": 5,"Actual Loops": 1,"Workers Planned": 4,"Workers Launched": 4,"Single Copy": false,"Plans": [{"Node Type": "Aggregate","Strategy": "Plain","Partial Mode": "Partial","Parent Relationship": "Outer","Parallel Aware": false,"Async Capable": false,"Startup Cost": 146407.74,"Total Cost": 146407.75,"Plan Rows": 1,"Plan Width": 32,"Actual Startup Time": 294.892,"Actual Total Time": 294.894,"Actual Rows": 1,"Actual Loops": 5,"Workers": [],"Plans": [{"Node Type": "Seq Scan","Parent Relationship": "Outer","Parallel Aware": true,"Async Capable": false,"Relation Name": "lineitem","Alias": "lineitem","Startup Cost": 0.00,"Total Cost": 146259.83,"Plan Rows": 29580,"Plan Width": 12,"Actual Startup Time": 0.078,"Actual Total Time": 289.818,"Actual Rows": 23793,"Actual Loops": 5,"Filter": "((l_shipdate >= '1994-01-01'::date) AND (l_shipdate < '1995-01-01 00:00:00'::timestamp without time zone) AND (l_discount >= 0.07) AND (l_discount <= 0.09) AND (l_quantity < '25'::numeric))","Rows Removed by Filter": 1176450,"Workers": []}]}]}]},"Planning Time": 2.188,"Triggers": [],"Execution Time": 333.751}]
[{"Plan": {"Node Type": "Aggregate","Strategy": "Plain","Partial Mode": "Finalize","Parallel Aware": false,"Async Capable": false,"Startup Cost": 147409.47,"Total Cost": 147409.48,"Plan Rows": 1,"Plan Width": 32,"Actual Startup Time": 304.472,"Actual Total Time": 337.614,"Actual Rows": 1,"Actual Loops": 1,"Plans": [{"Node Type": "Gather","Parent Relationship": "Outer","Parallel Aware": false,"Async Capable": false,"Startup Cost": 147409.04,"Total Cost": 147409.45,"Plan Rows": 4,"Plan Width": 32,"Actual Startup Time": 304.285,"Actual Total Time": 337.579,"Actual Rows": 5,"Actual Loops": 1,"Workers Planned": 4,"Workers Launched": 4,"Single Copy": false,"Plans": [{"Node Type": "Aggregate","Strategy": "Plain","Partial Mode": "Partial","Parent Relationship": "Outer","Parallel Aware": false,"Async Capable": false,"Startup Cost": 146409.04,"Total Cost": 146409.05,"Plan Rows": 1,"Plan Width": 32,"Actual Startup Time": 296.729,"Actual Total Time": 296.730,"Actual Rows": 1,"Actual Loops": 5,"Workers": [],"Plans": [{"Node Type": "Seq Scan","Parent Relationship": "Outer","Parallel Aware": true,"Async Capable": false,"Relation Name": "lineitem","Alias": "lineitem","Startup Cost": 0.00,"Total Cost": 146259.83,"Plan Rows": 29840,"Plan Width": 12,"Actual Startup Time": 0.139,"Actual Total Time": 291.608,"Actual Rows": 23879,"Actual Loops": 5,"Filter": "((l_shipdate >= '1993-01-01'::date) AND (l_shipdate < '1994-01-01 00:00:00'::timestamp without time zone) AND (l_discount >= 0.08) AND (l_discount <= 0.10) AND (l_quantity < '25'::numeric))","Rows Removed by Filter": 1176364,"Workers": []}]}]}]},"Planning Time": 2.798,"Triggers": [],"Execution Time": 337.873}]
[{"Plan": {"Node Type": "Aggregate","Strategy": "Plain","Partial Mode": "Finalize","Parallel Aware": false,"Async Capable": false,"Startup Cost": 147404.33,"Total Cost": 147404.34,"Plan Rows": 1,"Plan Width": 32,"Actual Startup Time": 309.247,"Actual Total Time": 341.963,"Actual Rows": 1,"Actual Loops": 1,"Plans": [{"Node Type": "Gather","Parent Relationship": "Outer","Parallel Aware": false,"Async Capable": false,"Startup Cost": 147403.90,"Total Cost": 147404.31,"Plan Rows": 4,"Plan Width": 32,"Actual Startup Time": 309.077,"Actual Total Time": 341.925,"Actual Rows": 5,"Actual Loops": 1,"Workers Planned": 4,"Workers Launched": 4,"Single Copy": false,"Plans": [{"Node Type": "Aggregate","Strategy": "Plain","Partial Mode": "Partial","Parent Relationship": "Outer","Parallel Aware": false,"Async Capable": false,"Startup Cost": 146403.90,"Total Cost": 146403.91,"Plan Rows": 1,"Plan Width": 32,"Actual Startup Time": 302.050,"Actual Total Time": 302.052,"Actual Rows": 1,"Actual Loops": 5,"Workers": [],"Plans": [{"Node Type": "Seq Scan","Parent Relationship": "Outer","Parallel Aware": true,"Async Capable": false,"Relation Name": "lineitem","Alias": "lineitem","Startup Cost": 0.00,"Total Cost": 146259.83,"Plan Rows": 28812,"Plan Width": 12,"Actual Startup Time": 0.087,"Actual Total Time": 297.201,"Actual Rows": 22841,"Actual Loops": 5,"Filter": "((l_shipdate >= '1997-01-01'::date) AND (l_shipdate < '1998-01-01 00:00:00'::timestamp without time zone) AND (l_discount >= 0.01) AND (l_discount <= 0.03) AND (l_quantity < '24'::numeric))","Rows Removed by Filter": 1177402,"Workers": []}]}]}]},"Planning Time": 2.212,"Triggers": [],"Execution Time": 342.131}]
[{"Plan": {"Node Type": "Aggregate","Strategy": "Plain","Partial Mode": "Finalize","Parallel Aware": false,"Async Capable": false,"Startup Cost": 147411.25,"Total Cost": 147411.26,"Plan Rows": 1,"Plan Width": 32,"Actual Startup Time": 311.389,"Actual Total Time": 343.723,"Actual Rows": 1,"Actual Loops": 1,"Plans": [{"Node Type": "Gather","Parent Relationship": "Outer","Parallel Aware": false,"Async Capable": false,"Startup Cost": 147410.82,"Total Cost": 147411.23,"Plan Rows": 4,"Plan Width": 32,"Actual Startup Time": 311.218,"Actual Total Time": 343.674,"Actual Rows": 5,"Actual Loops": 1,"Workers Planned": 4,"Workers Launched": 4,"Single Copy": false,"Plans": [{"Node Type": "Aggregate","Strategy": "Plain","Partial Mode": "Partial","Parent Relationship": "Outer","Parallel Aware": false,"Async Capable": false,"Startup Cost": 146410.82,"Total Cost": 146410.83,"Plan Rows": 1,"Plan Width": 32,"Actual Startup Time": 304.099,"Actual Total Time": 304.100,"Actual Rows": 1,"Actual Loops": 5,"Workers": [],"Plans": [{"Node Type": "Seq Scan","Parent Relationship": "Outer","Parallel Aware": true,"Async Capable": false,"Relation Name": "lineitem","Alias": "lineitem","Startup Cost": 0.00,"Total Cost": 146259.83,"Plan Rows": 30197,"Plan Width": 12,"Actual Startup Time": 0.125,"Actual Total Time": 299.009,"Actual Rows": 23658,"Actual Loops": 5,"Filter": "((l_shipdate >= '1993-01-01'::date) AND (l_shipdate < '1994-01-01 00:00:00'::timestamp without time zone) AND (l_discount >= 0.02) AND (l_discount <= 0.04) AND (l_quantity < '25'::numeric))","Rows Removed by Filter": 1176585,"Workers": []}]}]}]},"Planning Time": 2.346,"Triggers": [],"Execution Time": 343.958}]
[{"Plan": {"Node Type": "Aggregate","Strategy": "Plain","Partial Mode": "Finalize","Parallel Aware": false,"Async Capable": false,"Startup Cost": 147403.35,"Total Cost": 147403.36,"Plan Rows": 1,"Plan Width": 32,"Actual Startup Time": 307.692,"Actual Total Time": 339.813,"Actual Rows": 1,"Actual Loops": 1,"Plans": [{"Node Type": "Gather","Parent Relationship": "Outer","Parallel Aware": false,"Async Capable": false,"Startup Cost": 147402.92,"Total Cost": 147403.33,"Plan Rows": 4,"Plan Width": 32,"Actual Startup Time": 307.507,"Actual Total Time": 339.774,"Actual Rows": 5,"Actual Loops": 1,"Workers Planned": 4,"Workers Launched": 4,"Single Copy": false,"Plans": [{"Node Type": "Aggregate","Strategy": "Plain","Partial Mode": "Partial","Parent Relationship": "Outer","Parallel Aware": false,"Async Capable": false,"Startup Cost": 146402.92,"Total Cost": 146402.93,"Plan Rows": 1,"Plan Width": 32,"Actual Startup Time": 300.661,"Actual Total Time": 300.663,"Actual Rows": 1,"Actual Loops": 5,"Workers": [],"Plans": [{"Node Type": "Seq Scan","Parent Relationship": "Outer","Parallel Aware": true,"Async Capable": false,"Relation Name": "lineitem","Alias": "lineitem","Startup Cost": 0.00,"Total Cost": 146259.83,"Plan Rows": 28617,"Plan Width": 12,"Actual Startup Time": 0.072,"Actual Total Time": 295.794,"Actual Rows": 22949,"Actual Loops": 5,"Filter": "((l_shipdate >= '1996-01-01'::date) AND (l_shipdate < '1997-01-01 00:00:00'::timestamp without time zone) AND (l_discount >= 0.02) AND (l_discount <= 0.04) AND (l_quantity < '24'::numeric))","Rows Removed by Filter": 1177294,"Workers": []}]}]}]},"Planning Time": 2.115,"Triggers": [],"Execution Time": 340.016}]
[{"Plan": {"Node Type": "Aggregate","Strategy": "Plain","Partial Mode": "Finalize","Parallel Aware": false,"Async Capable": false,"Startup Cost": 147403.42,"Total Cost": 147403.43,"Plan Rows": 1,"Plan Width": 32,"Actual Startup Time": 306.557,"Actual Total Time": 339.866,"Actual Rows": 1,"Actual Loops": 1,"Plans": [{"Node Type": "Gather","Parent Relationship": "Outer","Parallel Aware": false,"Async Capable": false,"Startup Cost": 147402.99,"Total Cost": 147403.40,"Plan Rows": 4,"Plan Width": 32,"Actual Startup Time": 306.407,"Actual Total Time": 339.827,"Actual Rows": 5,"Actual Loops": 1,"Workers Planned": 4,"Workers Launched": 4,"Single Copy": false,"Plans": [{"Node Type": "Aggregate","Strategy": "Plain","Partial Mode": "Partial","Parent Relationship": "Outer","Parallel Aware": false,"Async Capable": false,"Startup Cost": 146402.99,"Total Cost": 146403.00,"Plan Rows": 1,"Plan Width": 32,"Actual Startup Time": 298.732,"Actual Total Time": 298.734,"Actual Rows": 1,"Actual Loops": 5,"Workers": [],"Plans": [{"Node Type": "Seq Scan","Parent Relationship": "Outer","Parallel Aware": true,"Async Capable": false,"Relation Name": "lineitem","Alias": "lineitem","Startup Cost": 0.00,"Total Cost": 146259.83,"Plan Rows": 28631,"Plan Width": 12,"Actual Startup Time": 0.107,"Actual Total Time": 293.847,"Actual Rows": 22854,"Actual Loops": 5,"Filter": "((l_shipdate >= '1997-01-01'::date) AND (l_shipdate < '1998-01-01 00:00:00'::timestamp without time zone) AND (l_discount >= 0.02) AND (l_discount <= 0.04) AND (l_quantity < '24'::numeric))","Rows Removed by Filter": 1177389,"Workers": []}]}]}]},"Planning Time": 2.248,"Triggers": [],"Execution Time": 340.108}]
[{"Plan": {"Node Type": "Aggregate","Strategy": "Plain","Partial Mode": "Finalize","Parallel Aware": false,"Async Capable": false,"Startup Cost": 147403.65,"Total Cost": 147403.66,"Plan Rows": 1,"Plan Width": 32,"Actual Startup Time": 306.844,"Actual Total Time": 339.585,"Actual Rows": 1,"Actual Loops": 1,"Plans": [{"Node Type": "Gather","Parent Relationship": "Outer","Parallel Aware": false,"Async Capable": false,"Startup Cost": 147403.22,"Total Cost": 147403.63,"Plan Rows": 4,"Plan Width": 32,"Actual Startup Time": 306.631,"Actual Total Time": 339.542,"Actual Rows": 5,"Actual Loops": 1,"Workers Planned": 4,"Workers Launched": 4,"Single Copy": false,"Plans": [{"Node Type": "Aggregate","Strategy": "Plain","Partial Mode": "Partial","Parent Relationship": "Outer","Parallel Aware": false,"Async Capable": false,"Startup Cost": 146403.22,"Total Cost": 146403.23,"Plan Rows": 1,"Plan Width": 32,"Actual Startup Time": 299.600,"Actual Total Time": 299.602,"Actual Rows": 1,"Actual Loops": 5,"Workers": [],"Plans": [{"Node Type": "Seq Scan","Parent Relationship": "Outer","Parallel Aware": true,"Async Capable": false,"Relation Name": "lineitem","Alias": "lineitem","Startup Cost": 0.00,"Total Cost": 146259.83,"Plan Rows": 28677,"Plan Width": 12,"Actual Startup Time": 0.098,"Actual Total Time": 294.705,"Actual Rows": 22813,"Actual Loops": 5,"Filter": "((l_shipdate >= '1996-01-01'::date) AND (l_shipdate < '1997-01-01 00:00:00'::timestamp without time zone) AND (l_discount >= 0.06) AND (l_discount <= 0.08) AND (l_quantity < '24'::numeric))","Rows Removed by Filter": 1177430,"Workers": []}]}]}]},"Planning Time": 2.882,"Triggers": [],"Execution Time": 339.849}]
[{"Plan": {"Node Type": "Aggregate","Strategy": "Plain","Partial Mode": "Finalize","Parallel Aware": false,"Async Capable": false,"Startup Cost": 147404.96,"Total Cost": 147404.97,"Plan Rows": 1,"Plan Width": 32,"Actual Startup Time": 299.862,"Actual Total Time": 331.928,"Actual Rows": 1,"Actual Loops": 1,"Plans": [{"Node Type": "Gather","Parent Relationship": "Outer","Parallel Aware": false,"Async Capable": false,"Startup Cost": 147404.53,"Total Cost": 147404.94,"Plan Rows": 4,"Plan Width": 32,"Actual Startup Time": 299.670,"Actual Total Time": 331.889,"Actual Rows": 5,"Actual Loops": 1,"Workers Planned": 4,"Workers Launched": 4,"Single Copy": false,"Plans": [{"Node Type": "Aggregate","Strategy": "Plain","Partial Mode": "Partial","Parent Relationship": "Outer","Parallel Aware": false,"Async Capable": false,"Startup Cost": 146404.53,"Total Cost": 146404.54,"Plan Rows": 1,"Plan Width": 32,"Actual Startup Time": 293.003,"Actual Total Time": 293.008,"Actual Rows": 1,"Actual Loops": 5,"Workers": [],"Plans": [{"Node Type": "Seq Scan","Parent Relationship": "Outer","Parallel Aware": true,"Async Capable": false,"Relation Name": "lineitem","Alias": "lineitem","Startup Cost": 0.00,"Total Cost": 146259.83,"Plan Rows": 28939,"Plan Width": 12,"Actual Startup Time": 0.132,"Actual Total Time": 288.212,"Actual Rows": 22676,"Actual Loops": 5,"Filter": "((l_shipdate >= '1993-01-01'::date) AND (l_shipdate < '1994-01-01 00:00:00'::timestamp without time zone) AND (l_discount >= 0.02) AND (l_discount <= 0.04) AND (l_quantity < '24'::numeric))","Rows Removed by Filter": 1177567,"Workers": []}]}]}]},"Planning Time": 2.656,"Triggers": [],"Execution Time": 332.192}]
[{"Plan": {"Node Type": "Aggregate","Strategy": "Plain","Partial Mode": "Finalize","Parallel Aware": false,"Async Capable": false,"Startup Cost": 147409.56,"Total Cost": 147409.57,"Plan Rows": 1,"Plan Width": 32,"Actual Startup Time": 304.353,"Actual Total Time": 336.582,"Actual Rows": 1,"Actual Loops": 1,"Plans": [{"Node Type": "Gather","Parent Relationship": "Outer","Parallel Aware": false,"Async Capable": false,"Startup Cost": 147409.13,"Total Cost": 147409.54,"Plan Rows": 4,"Plan Width": 32,"Actual Startup Time": 304.189,"Actual Total Time": 336.558,"Actual Rows": 5,"Actual Loops": 1,"Workers Planned": 4,"Workers Launched": 4,"Single Copy": false,"Plans": [{"Node Type": "Aggregate","Strategy": "Plain","Partial Mode": "Partial","Parent Relationship": "Outer","Parallel Aware": false,"Async Capable": false,"Startup Cost": 146409.13,"Total Cost": 146409.14,"Plan Rows": 1,"Plan Width": 32,"Actual Startup Time": 297.692,"Actual Total Time": 297.694,"Actual Rows": 1,"Actual Loops": 5,"Workers": [],"Plans": [{"Node Type": "Seq Scan","Parent Relationship": "Outer","Parallel Aware": true,"Async Capable": false,"Relation Name": "lineitem","Alias": "lineitem","Startup Cost": 0.00,"Total Cost": 146259.83,"Plan Rows": 29858,"Plan Width": 12,"Actual Startup Time": 0.063,"Actual Total Time": 292.684,"Actual Rows": 23851,"Actual Loops": 5,"Filter": "((l_shipdate >= '1996-01-01'::date) AND (l_shipdate < '1997-01-01 00:00:00'::timestamp without time zone) AND (l_discount >= 0.04) AND (l_discount <= 0.06) AND (l_quantity < '25'::numeric))","Rows Removed by Filter": 1176392,"Workers": []}]}]}]},"Planning Time": 2.206,"Triggers": [],"Execution Time": 336.793}]
[{"Plan": {"Node Type": "Aggregate","Strategy": "Plain","Partial Mode": "Finalize","Parallel Aware": false,"Async Capable": false,"Startup Cost": 147409.01,"Total Cost": 147409.02,"Plan Rows": 1,"Plan Width": 32,"Actual Startup Time": 306.181,"Actual Total Time": 337.505,"Actual Rows": 1,"Actual Loops": 1,"Plans": [{"Node Type": "Gather","Parent Relationship": "Outer","Parallel Aware": false,"Async Capable": false,"Startup Cost": 147408.58,"Total Cost": 147408.99,"Plan Rows": 4,"Plan Width": 32,"Actual Startup Time": 305.971,"Actual Total Time": 337.467,"Actual Rows": 5,"Actual Loops": 1,"Workers Planned": 4,"Workers Launched": 4,"Single Copy": false,"Plans": [{"Node Type": "Aggregate","Strategy": "Plain","Partial Mode": "Partial","Parent Relationship": "Outer","Parallel Aware": false,"Async Capable": false,"Startup Cost": 146408.58,"Total Cost": 146408.59,"Plan Rows": 1,"Plan Width": 32,"Actual Startup Time": 298.385,"Actual Total Time": 298.387,"Actual Rows": 1,"Actual Loops": 5,"Workers": [],"Plans": [{"Node Type": "Seq Scan","Parent Relationship": "Outer","Parallel Aware": true,"Async Capable": false,"Relation Name": "lineitem","Alias": "lineitem","Startup Cost": 0.00,"Total Cost": 146259.83,"Plan Rows": 29748,"Plan Width": 12,"Actual Startup Time": 0.104,"Actual Total Time": 293.290,"Actual Rows": 23839,"Actual Loops": 5,"Filter": "((l_shipdate >= '1997-01-01'::date) AND (l_shipdate < '1998-01-01 00:00:00'::timestamp without time zone) AND (l_discount >= 0.05) AND (l_discount <= 0.07) AND (l_quantity < '25'::numeric))","Rows Removed by Filter": 1176404,"Workers": []}]}]}]},"Planning Time": 2.849,"Triggers": [],"Execution Time": 337.766}]
[{"Plan": {"Node Type": "Aggregate","Strategy": "Plain","Partial Mode": "Finalize","Parallel Aware": false,"Async Capable": false,"Startup Cost": 147403.65,"Total Cost": 147403.66,"Plan Rows": 1,"Plan Width": 32,"Actual Startup Time": 306.844,"Actual Total Time": 339.585,"Actual Rows": 1,"Actual Loops": 1,"Plans": [{"Node Type": "Gather","Parent Relationship": "Outer","Parallel Aware": false,"Async Capable": false,"Startup Cost": 147403.22,"Total Cost": 147403.63,"Plan Rows": 4,"Plan Width": 32,"Actual Startup Time": 306.631,"Actual Total Time": 339.542,"Actual Rows": 5,"Actual Loops": 1,"Workers Planned": 4,"Workers Launched": 4,"Single Copy": false,"Plans": [{"Node Type": "Aggregate","Strategy": "Plain","Partial Mode": "Partial","Parent Relationship": "Outer","Parallel Aware": false,"Async Capable": false,"Startup Cost": 146403.22,"Total Cost": 146403.23,"Plan Rows": 1,"Plan Width": 32,"Actual Startup Time": 299.600,"Actual Total Time": 299.602,"Actual Rows": 1,"Actual Loops": 5,"Workers": [],"Plans": [{"Node Type": "Seq Scan","Parent Relationship": "Outer","Parallel Aware": true,"Async Capable": false,"Relation Name": "lineitem","Alias": "lineitem","Startup Cost": 0.00,"Total Cost": 146259.83,"Plan Rows": 28677,"Plan Width": 12,"Actual Startup Time": 0.098,"Actual Total Time": 294.705,"Actual Rows": 22813,"Actual Loops": 5,"Filter": "((l_shipdate >= '1996-01-01'::date) AND (l_shipdate < '1997-01-01 00:00:00'::timestamp without time zone) AND (l_discount >= 0.06) AND (l_discount <= 0.08) AND (l_quantity < '24'::numeric))","Rows Removed by Filter": 1177430,"Workers": []}]}]}]},"Planning Time": 2.882,"Triggers": [],"Execution Time": 339.849}]
[{"Plan": {"Node Type": "Aggregate","Strategy": "Plain","Partial Mode": "Finalize","Parallel Aware": false,"Async Capable": false,"Startup Cost": 147408.75,"Total Cost": 147408.76,"Plan Rows": 1,"Plan Width": 32,"Actual Startup Time": 308.951,"Actual Total Time": 342.656,"Actual Rows": 1,"Actual Loops": 1,"Plans": [{"Node Type": "Gather","Parent Relationship": "Outer","Parallel Aware": false,"Async Capable": false,"Startup Cost": 147408.32,"Total Cost": 147408.73,"Plan Rows": 4,"Plan Width": 32,"Actual Startup Time": 308.754,"Actual Total Time": 342.616,"Actual Rows": 5,"Actual Loops": 1,"Workers Planned": 4,"Workers Launched": 4,"Single Copy": false,"Plans": [{"Node Type": "Aggregate","Strategy": "Plain","Partial Mode": "Partial","Parent Relationship": "Outer","Parallel Aware": false,"Async Capable": false,"Startup Cost": 146408.32,"Total Cost": 146408.33,"Plan Rows": 1,"Plan Width": 32,"Actual Startup Time": 300.851,"Actual Total Time": 300.853,"Actual Rows": 1,"Actual Loops": 5,"Workers": [],"Plans": [{"Node Type": "Seq Scan","Parent Relationship": "Outer","Parallel Aware": true,"Async Capable": false,"Relation Name": "lineitem","Alias": "lineitem","Startup Cost": 0.00,"Total Cost": 146259.83,"Plan Rows": 29696,"Plan Width": 12,"Actual Startup Time": 0.086,"Actual Total Time": 295.723,"Actual Rows": 23835,"Actual Loops": 5,"Filter": "((l_shipdate >= '1994-01-01'::date) AND (l_shipdate < '1995-01-01 00:00:00'::timestamp without time zone) AND (l_discount >= 0.04) AND (l_discount <= 0.06) AND (l_quantity < '25'::numeric))","Rows Removed by Filter": 1176408,"Workers": []}]}]}]},"Planning Time": 2.780,"Triggers": [],"Execution Time": 342.900}]
[{"Plan": {"Node Type": "Aggregate","Strategy": "Plain","Partial Mode": "Finalize","Parallel Aware": false,"Async Capable": false,"Startup Cost": 147401.73,"Total Cost": 147401.74,"Plan Rows": 1,"Plan Width": 32,"Actual Startup Time": 301.810,"Actual Total Time": 334.490,"Actual Rows": 1,"Actual Loops": 1,"Plans": [{"Node Type": "Gather","Parent Relationship": "Outer","Parallel Aware": false,"Async Capable": false,"Startup Cost": 147401.30,"Total Cost": 147401.71,"Plan Rows": 4,"Plan Width": 32,"Actual Startup Time": 301.661,"Actual Total Time": 334.445,"Actual Rows": 5,"Actual Loops": 1,"Workers Planned": 4,"Workers Launched": 4,"Single Copy": false,"Plans": [{"Node Type": "Aggregate","Strategy": "Plain","Partial Mode": "Partial","Parent Relationship": "Outer","Parallel Aware": false,"Async Capable": false,"Startup Cost": 146401.30,"Total Cost": 146401.31,"Plan Rows": 1,"Plan Width": 32,"Actual Startup Time": 294.744,"Actual Total Time": 294.746,"Actual Rows": 1,"Actual Loops": 5,"Workers": [],"Plans": [{"Node Type": "Seq Scan","Parent Relationship": "Outer","Parallel Aware": true,"Async Capable": false,"Relation Name": "lineitem","Alias": "lineitem","Startup Cost": 0.00,"Total Cost": 146259.83,"Plan Rows": 28292,"Plan Width": 12,"Actual Startup Time": 0.071,"Actual Total Time": 289.877,"Actual Rows": 22841,"Actual Loops": 5,"Filter": "((l_shipdate >= '1997-01-01'::date) AND (l_shipdate < '1998-01-01 00:00:00'::timestamp without time zone) AND (l_discount >= 0.08) AND (l_discount <= 0.10) AND (l_quantity < '24'::numeric))","Rows Removed by Filter": 1177402,"Workers": []}]}]}]},"Planning Time": 2.944,"Triggers": [],"Execution Time": 334.671}]
[{"Plan": {"Node Type": "Aggregate","Strategy": "Plain","Partial Mode": "Finalize","Parallel Aware": false,"Async Capable": false,"Startup Cost": 147403.35,"Total Cost": 147403.36,"Plan Rows": 1,"Plan Width": 32,"Actual Startup Time": 307.692,"Actual Total Time": 339.813,"Actual Rows": 1,"Actual Loops": 1,"Plans": [{"Node Type": "Gather","Parent Relationship": "Outer","Parallel Aware": false,"Async Capable": false,"Startup Cost": 147402.92,"Total Cost": 147403.33,"Plan Rows": 4,"Plan Width": 32,"Actual Startup Time": 307.507,"Actual Total Time": 339.774,"Actual Rows": 5,"Actual Loops": 1,"Workers Planned": 4,"Workers Launched": 4,"Single Copy": false,"Plans": [{"Node Type": "Aggregate","Strategy": "Plain","Partial Mode": "Partial","Parent Relationship": "Outer","Parallel Aware": false,"Async Capable": false,"Startup Cost": 146402.92,"Total Cost": 146402.93,"Plan Rows": 1,"Plan Width": 32,"Actual Startup Time": 300.661,"Actual Total Time": 300.663,"Actual Rows": 1,"Actual Loops": 5,"Workers": [],"Plans": [{"Node Type": "Seq Scan","Parent Relationship": "Outer","Parallel Aware": true,"Async Capable": false,"Relation Name": "lineitem","Alias": "lineitem","Startup Cost": 0.00,"Total Cost": 146259.83,"Plan Rows": 28617,"Plan Width": 12,"Actual Startup Time": 0.072,"Actual Total Time": 295.794,"Actual Rows": 22949,"Actual Loops": 5,"Filter": "((l_shipdate >= '1996-01-01'::date) AND (l_shipdate < '1997-01-01 00:00:00'::timestamp without time zone) AND (l_discount >= 0.02) AND (l_discount <= 0.04) AND (l_quantity < '24'::numeric))","Rows Removed by Filter": 1177294,"Workers": []}]}]}]},"Planning Time": 2.115,"Triggers": [],"Execution Time": 340.016}]
[{"Plan": {"Node Type": "Aggregate","Strategy": "Plain","Partial Mode": "Finalize","Parallel Aware": false,"Async Capable": false,"Startup Cost": 147412.40,"Total Cost": 147412.41,"Plan Rows": 1,"Plan Width": 32,"Actual Startup Time": 305.125,"Actual Total Time": 338.000,"Actual Rows": 1,"Actual Loops": 1,"Plans": [{"Node Type": "Gather","Parent Relationship": "Outer","Parallel Aware": false,"Async Capable": false,"Startup Cost": 147411.97,"Total Cost": 147412.38,"Plan Rows": 4,"Plan Width": 32,"Actual Startup Time": 304.936,"Actual Total Time": 337.966,"Actual Rows": 5,"Actual Loops": 1,"Workers Planned": 4,"Workers Launched": 4,"Single Copy": false,"Plans": [{"Node Type": "Aggregate","Strategy": "Plain","Partial Mode": "Partial","Parent Relationship": "Outer","Parallel Aware": false,"Async Capable": false,"Startup Cost": 146411.97,"Total Cost": 146411.98,"Plan Rows": 1,"Plan Width": 32,"Actual Startup Time": 297.358,"Actual Total Time": 297.360,"Actual Rows": 1,"Actual Loops": 5,"Workers": [],"Plans": [{"Node Type": "Seq Scan","Parent Relationship": "Outer","Parallel Aware": true,"Async Capable": false,"Relation Name": "lineitem","Alias": "lineitem","Startup Cost": 0.00,"Total Cost": 146259.83,"Plan Rows": 30426,"Plan Width": 12,"Actual Startup Time": 0.120,"Actual Total Time": 292.231,"Actual Rows": 24007,"Actual Loops": 5,"Filter": "((l_shipdate >= '1995-01-01'::date) AND (l_shipdate < '1996-01-01 00:00:00'::timestamp without time zone) AND (l_discount >= 0.03) AND (l_discount <= 0.05) AND (l_quantity < '25'::numeric))","Rows Removed by Filter": 1176236,"Workers": []}]}]}]},"Planning Time": 2.540,"Triggers": [],"Execution Time": 338.229}]
[{"Plan": {"Node Type": "Aggregate","Strategy": "Plain","Partial Mode": "Finalize","Parallel Aware": false,"Async Capable": false,"Startup Cost": 147402.56,"Total Cost": 147402.57,"Plan Rows": 1,"Plan Width": 32,"Actual Startup Time": 310.114,"Actual Total Time": 342.870,"Actual Rows": 1,"Actual Loops": 1,"Plans": [{"Node Type": "Gather","Parent Relationship": "Outer","Parallel Aware": false,"Async Capable": false,"Startup Cost": 147402.13,"Total Cost": 147402.54,"Plan Rows": 4,"Plan Width": 32,"Actual Startup Time": 309.893,"Actual Total Time": 342.832,"Actual Rows": 5,"Actual Loops": 1,"Workers Planned": 4,"Workers Launched": 4,"Single Copy": false,"Plans": [{"Node Type": "Aggregate","Strategy": "Plain","Partial Mode": "Partial","Parent Relationship": "Outer","Parallel Aware": false,"Async Capable": false,"Startup Cost": 146402.13,"Total Cost": 146402.14,"Plan Rows": 1,"Plan Width": 32,"Actual Startup Time": 302.653,"Actual Total Time": 302.657,"Actual Rows": 1,"Actual Loops": 5,"Workers": [],"Plans": [{"Node Type": "Seq Scan","Parent Relationship": "Outer","Parallel Aware": true,"Async Capable": false,"Relation Name": "lineitem","Alias": "lineitem","Startup Cost": 0.00,"Total Cost": 146259.83,"Plan Rows": 28458,"Plan Width": 12,"Actual Startup Time": 0.121,"Actual Total Time": 297.828,"Actual Rows": 22823,"Actual Loops": 5,"Filter": "((l_shipdate >= '1994-01-01'::date) AND (l_shipdate < '1995-01-01 00:00:00'::timestamp without time zone) AND (l_discount >= 0.04) AND (l_discount <= 0.06) AND (l_quantity < '24'::numeric))","Rows Removed by Filter": 1177420,"Workers": []}]}]}]},"Planning Time": 2.272,"Triggers": [],"Execution Time": 343.113}]
[{"Plan": {"Node Type": "Aggregate","Strategy": "Plain","Partial Mode": "Finalize","Parallel Aware": false,"Async Capable": false,"Startup Cost": 147401.73,"Total Cost": 147401.74,"Plan Rows": 1,"Plan Width": 32,"Actual Startup Time": 301.810,"Actual Total Time": 334.490,"Actual Rows": 1,"Actual Loops": 1,"Plans": [{"Node Type": "Gather","Parent Relationship": "Outer","Parallel Aware": false,"Async Capable": false,"Startup Cost": 147401.30,"Total Cost": 147401.71,"Plan Rows": 4,"Plan Width": 32,"Actual Startup Time": 301.661,"Actual Total Time": 334.445,"Actual Rows": 5,"Actual Loops": 1,"Workers Planned": 4,"Workers Launched": 4,"Single Copy": false,"Plans": [{"Node Type": "Aggregate","Strategy": "Plain","Partial Mode": "Partial","Parent Relationship": "Outer","Parallel Aware": false,"Async Capable": false,"Startup Cost": 146401.30,"Total Cost": 146401.31,"Plan Rows": 1,"Plan Width": 32,"Actual Startup Time": 294.744,"Actual Total Time": 294.746,"Actual Rows": 1,"Actual Loops": 5,"Workers": [],"Plans": [{"Node Type": "Seq Scan","Parent Relationship": "Outer","Parallel Aware": true,"Async Capable": false,"Relation Name": "lineitem","Alias": "lineitem","Startup Cost": 0.00,"Total Cost": 146259.83,"Plan Rows": 28292,"Plan Width": 12,"Actual Startup Time": 0.071,"Actual Total Time": 289.877,"Actual Rows": 22841,"Actual Loops": 5,"Filter": "((l_shipdate >= '1997-01-01'::date) AND (l_shipdate < '1998-01-01 00:00:00'::timestamp without time zone) AND (l_discount >= 0.08) AND (l_discount <= 0.10) AND (l_quantity < '24'::numeric))","Rows Removed by Filter": 1177402,"Workers": []}]}]}]},"Planning Time": 2.944,"Triggers": [],"Execution Time": 334.671}]
[{"Plan": {"Node Type": "Aggregate","Strategy": "Plain","Partial Mode": "Finalize","Parallel Aware": false,"Async Capable": false,"Startup Cost": 147404.96,"Total Cost": 147404.97,"Plan Rows": 1,"Plan Width": 32,"Actual Startup Time": 299.862,"Actual Total Time": 331.928,"Actual Rows": 1,"Actual Loops": 1,"Plans": [{"Node Type": "Gather","Parent Relationship": "Outer","Parallel Aware": false,"Async Capable": false,"Startup Cost": 147404.53,"Total Cost": 147404.94,"Plan Rows": 4,"Plan Width": 32,"Actual Startup Time": 299.670,"Actual Total Time": 331.889,"Actual Rows": 5,"Actual Loops": 1,"Workers Planned": 4,"Workers Launched": 4,"Single Copy": false,"Plans": [{"Node Type": "Aggregate","Strategy": "Plain","Partial Mode": "Partial","Parent Relationship": "Outer","Parallel Aware": false,"Async Capable": false,"Startup Cost": 146404.53,"Total Cost": 146404.54,"Plan Rows": 1,"Plan Width": 32,"Actual Startup Time": 293.003,"Actual Total Time": 293.008,"Actual Rows": 1,"Actual Loops": 5,"Workers": [],"Plans": [{"Node Type": "Seq Scan","Parent Relationship": "Outer","Parallel Aware": true,"Async Capable": false,"Relation Name": "lineitem","Alias": "lineitem","Startup Cost": 0.00,"Total Cost": 146259.83,"Plan Rows": 28939,"Plan Width": 12,"Actual Startup Time": 0.132,"Actual Total Time": 288.212,"Actual Rows": 22676,"Actual Loops": 5,"Filter": "((l_shipdate >= '1993-01-01'::date) AND (l_shipdate < '1994-01-01 00:00:00'::timestamp without time zone) AND (l_discount >= 0.02) AND (l_discount <= 0.04) AND (l_quantity < '24'::numeric))","Rows Removed by Filter": 1177567,"Workers": []}]}]}]},"Planning Time": 2.656,"Triggers": [],"Execution Time": 332.192}]
[{"Plan": {"Node Type": "Aggregate","Strategy": "Plain","Partial Mode": "Finalize","Parallel Aware": false,"Async Capable": false,"Startup Cost": 147401.96,"Total Cost": 147401.97,"Plan Rows": 1,"Plan Width": 32,"Actual Startup Time": 301.236,"Actual Total Time": 333.196,"Actual Rows": 1,"Actual Loops": 1,"Plans": [{"Node Type": "Gather","Parent Relationship": "Outer","Parallel Aware": false,"Async Capable": false,"Startup Cost": 147401.53,"Total Cost": 147401.94,"Plan Rows": 4,"Plan Width": 32,"Actual Startup Time": 301.008,"Actual Total Time": 333.159,"Actual Rows": 5,"Actual Loops": 1,"Workers Planned": 4,"Workers Launched": 4,"Single Copy": false,"Plans": [{"Node Type": "Aggregate","Strategy": "Plain","Partial Mode": "Partial","Parent Relationship": "Outer","Parallel Aware": false,"Async Capable": false,"Startup Cost": 146401.53,"Total Cost": 146401.54,"Plan Rows": 1,"Plan Width": 32,"Actual Startup Time": 293.920,"Actual Total Time": 293.926,"Actual Rows": 1,"Actual Loops": 5,"Workers": [],"Plans": [{"Node Type": "Seq Scan","Parent Relationship": "Outer","Parallel Aware": true,"Async Capable": false,"Relation Name": "lineitem","Alias": "lineitem","Startup Cost": 0.00,"Total Cost": 146259.83,"Plan Rows": 28338,"Plan Width": 12,"Actual Startup Time": 0.086,"Actual Total Time": 288.967,"Actual Rows": 22878,"Actual Loops": 5,"Filter": "((l_shipdate >= '1996-01-01'::date) AND (l_shipdate < '1997-01-01 00:00:00'::timestamp without time zone) AND (l_discount >= 0.03) AND (l_discount <= 0.05) AND (l_quantity < '24'::numeric))","Rows Removed by Filter": 1177365,"Workers": []}]}]}]},"Planning Time": 2.851,"Triggers": [],"Execution Time": 333.444}]
[{"Plan": {"Node Type": "Aggregate","Strategy": "Plain","Partial Mode": "Finalize","Parallel Aware": false,"Async Capable": false,"Startup Cost": 147409.07,"Total Cost": 147409.08,"Plan Rows": 1,"Plan Width": 32,"Actual Startup Time": 306.457,"Actual Total Time": 338.926,"Actual Rows": 1,"Actual Loops": 1,"Plans": [{"Node Type": "Gather","Parent Relationship": "Outer","Parallel Aware": false,"Async Capable": false,"Startup Cost": 147408.64,"Total Cost": 147409.05,"Plan Rows": 4,"Plan Width": 32,"Actual Startup Time": 306.305,"Actual Total Time": 338.886,"Actual Rows": 5,"Actual Loops": 1,"Workers Planned": 4,"Workers Launched": 4,"Single Copy": false,"Plans": [{"Node Type": "Aggregate","Strategy": "Plain","Partial Mode": "Partial","Parent Relationship": "Outer","Parallel Aware": false,"Async Capable": false,"Startup Cost": 146408.64,"Total Cost": 146408.65,"Plan Rows": 1,"Plan Width": 32,"Actual Startup Time": 298.789,"Actual Total Time": 298.790,"Actual Rows": 1,"Actual Loops": 5,"Workers": [],"Plans": [{"Node Type": "Seq Scan","Parent Relationship": "Outer","Parallel Aware": true,"Async Capable": false,"Relation Name": "lineitem","Alias": "lineitem","Startup Cost": 0.00,"Total Cost": 146259.83,"Plan Rows": 29761,"Plan Width": 12,"Actual Startup Time": 0.097,"Actual Total Time": 293.706,"Actual Rows": 23803,"Actual Loops": 5,"Filter": "((l_shipdate >= '1994-01-01'::date) AND (l_shipdate < '1995-01-01 00:00:00'::timestamp without time zone) AND (l_discount >= 0.06) AND (l_discount <= 0.08) AND (l_quantity < '25'::numeric))","Rows Removed by Filter": 1176440,"Workers": []}]}]}]},"Planning Time": 2.937,"Triggers": [],"Execution Time": 339.178}]
[{"Plan": {"Node Type": "Aggregate","Strategy": "Plain","Partial Mode": "Finalize","Parallel Aware": false,"Async Capable": false,"Startup Cost": 147408.75,"Total Cost": 147408.76,"Plan Rows": 1,"Plan Width": 32,"Actual Startup Time": 308.951,"Actual Total Time": 342.656,"Actual Rows": 1,"Actual Loops": 1,"Plans": [{"Node Type": "Gather","Parent Relationship": "Outer","Parallel Aware": false,"Async Capable": false,"Startup Cost": 147408.32,"Total Cost": 147408.73,"Plan Rows": 4,"Plan Width": 32,"Actual Startup Time": 308.754,"Actual Total Time": 342.616,"Actual Rows": 5,"Actual Loops": 1,"Workers Planned": 4,"Workers Launched": 4,"Single Copy": false,"Plans": [{"Node Type": "Aggregate","Strategy": "Plain","Partial Mode": "Partial","Parent Relationship": "Outer","Parallel Aware": false,"Async Capable": false,"Startup Cost": 146408.32,"Total Cost": 146408.33,"Plan Rows": 1,"Plan Width": 32,"Actual Startup Time": 300.851,"Actual Total Time": 300.853,"Actual Rows": 1,"Actual Loops": 5,"Workers": [],"Plans": [{"Node Type": "Seq Scan","Parent Relationship": "Outer","Parallel Aware": true,"Async Capable": false,"Relation Name": "lineitem","Alias": "lineitem","Startup Cost": 0.00,"Total Cost": 146259.83,"Plan Rows": 29696,"Plan Width": 12,"Actual Startup Time": 0.086,"Actual Total Time": 295.723,"Actual Rows": 23835,"Actual Loops": 5,"Filter": "((l_shipdate >= '1994-01-01'::date) AND (l_shipdate < '1995-01-01 00:00:00'::timestamp without time zone) AND (l_discount >= 0.04) AND (l_discount <= 0.06) AND (l_quantity < '25'::numeric))","Rows Removed by Filter": 1176408,"Workers": []}]}]}]},"Planning Time": 2.780,"Triggers": [],"Execution Time": 342.900}]
[{"Plan": {"Node Type": "Aggregate","Strategy": "Plain","Partial Mode": "Finalize","Parallel Aware": false,"Async Capable": false,"Startup Cost": 147404.96,"Total Cost": 147404.97,"Plan Rows": 1,"Plan Width": 32,"Actual Startup Time": 299.862,"Actual Total Time": 331.928,"Actual Rows": 1,"Actual Loops": 1,"Plans": [{"Node Type": "Gather","Parent Relationship": "Outer","Parallel Aware": false,"Async Capable": false,"Startup Cost": 147404.53,"Total Cost": 147404.94,"Plan Rows": 4,"Plan Width": 32,"Actual Startup Time": 299.670,"Actual Total Time": 331.889,"Actual Rows": 5,"Actual Loops": 1,"Workers Planned": 4,"Workers Launched": 4,"Single Copy": false,"Plans": [{"Node Type": "Aggregate","Strategy": "Plain","Partial Mode": "Partial","Parent Relationship": "Outer","Parallel Aware": false,"Async Capable": false,"Startup Cost": 146404.53,"Total Cost": 146404.54,"Plan Rows": 1,"Plan Width": 32,"Actual Startup Time": 293.003,"Actual Total Time": 293.008,"Actual Rows": 1,"Actual Loops": 5,"Workers": [],"Plans": [{"Node Type": "Seq Scan","Parent Relationship": "Outer","Parallel Aware": true,"Async Capable": false,"Relation Name": "lineitem","Alias": "lineitem","Startup Cost": 0.00,"Total Cost": 146259.83,"Plan Rows": 28939,"Plan Width": 12,"Actual Startup Time": 0.132,"Actual Total Time": 288.212,"Actual Rows": 22676,"Actual Loops": 5,"Filter": "((l_shipdate >= '1993-01-01'::date) AND (l_shipdate < '1994-01-01 00:00:00'::timestamp without time zone) AND (l_discount >= 0.02) AND (l_discount <= 0.04) AND (l_quantity < '24'::numeric))","Rows Removed by Filter": 1177567,"Workers": []}]}]}]},"Planning Time": 2.656,"Triggers": [],"Execution Time": 332.192}]
[{"Plan": {"Node Type": "Aggregate","Strategy": "Plain","Partial Mode": "Finalize","Parallel Aware": false,"Async Capable": false,"Startup Cost": 147413.24,"Total Cost": 147413.25,"Plan Rows": 1,"Plan Width": 32,"Actual Startup Time": 311.610,"Actual Total Time": 344.691,"Actual Rows": 1,"Actual Loops": 1,"Plans": [{"Node Type": "Gather","Parent Relationship": "Outer","Parallel Aware": false,"Async Capable": false,"Startup Cost": 147412.81,"Total Cost": 147413.22,"Plan Rows": 4,"Plan Width": 32,"Actual Startup Time": 311.435,"Actual Total Time": 344.652,"Actual Rows": 5,"Actual Loops": 1,"Workers Planned": 4,"Workers Launched": 4,"Single Copy": false,"Plans": [{"Node Type": "Aggregate","Strategy": "Plain","Partial Mode": "Partial","Parent Relationship": "Outer","Parallel Aware": false,"Async Capable": false,"Startup Cost": 146412.81,"Total Cost": 146412.82,"Plan Rows": 1,"Plan Width": 32,"Actual Startup Time": 304.075,"Actual Total Time": 304.076,"Actual Rows": 1,"Actual Loops": 5,"Workers": [],"Plans": [{"Node Type": "Seq Scan","Parent Relationship": "Outer","Parallel Aware": true,"Async Capable": false,"Relation Name": "lineitem","Alias": "lineitem","Startup Cost": 0.00,"Total Cost": 146259.83,"Plan Rows": 30594,"Plan Width": 12,"Actual Startup Time": 0.114,"Actual Total Time": 298.979,"Actual Rows": 23962,"Actual Loops": 5,"Filter": "((l_shipdate >= '1995-01-01'::date) AND (l_shipdate < '1996-01-01 00:00:00'::timestamp without time zone) AND (l_discount >= 0.05) AND (l_discount <= 0.07) AND (l_quantity < '25'::numeric))","Rows Removed by Filter": 1176281,"Workers": []}]}]}]},"Planning Time": 2.234,"Triggers": [],"Execution Time": 344.871}]
[{"Plan": {"Node Type": "Aggregate","Strategy": "Plain","Partial Mode": "Finalize","Parallel Aware": false,"Async Capable": false,"Startup Cost": 147402.84,"Total Cost": 147402.85,"Plan Rows": 1,"Plan Width": 32,"Actual Startup Time": 298.186,"Actual Total Time": 330.015,"Actual Rows": 1,"Actual Loops": 1,"Plans": [{"Node Type": "Gather","Parent Relationship": "Outer","Parallel Aware": false,"Async Capable": false,"Startup Cost": 147402.41,"Total Cost": 147402.82,"Plan Rows": 4,"Plan Width": 32,"Actual Startup Time": 297.975,"Actual Total Time": 329.991,"Actual Rows": 5,"Actual Loops": 1,"Workers Planned": 4,"Workers Launched": 4,"Single Copy": false,"Plans": [{"Node Type": "Aggregate","Strategy": "Plain","Partial Mode": "Partial","Parent Relationship": "Outer","Parallel Aware": false,"Async Capable": false,"Startup Cost": 146402.41,"Total Cost": 146402.42,"Plan Rows": 1,"Plan Width": 32,"Actual Startup Time": 291.387,"Actual Total Time": 291.388,"Actual Rows": 1,"Actual Loops": 5,"Workers": [],"Plans": [{"Node Type": "Seq Scan","Parent Relationship": "Outer","Parallel Aware": true,"Async Capable": false,"Relation Name": "lineitem","Alias": "lineitem","Startup Cost": 0.00,"Total Cost": 146259.83,"Plan Rows": 28515,"Plan Width": 12,"Actual Startup Time": 0.057,"Actual Total Time": 286.544,"Actual Rows": 22836,"Actual Loops": 5,"Filter": "((l_shipdate >= '1997-01-01'::date) AND (l_shipdate < '1998-01-01 00:00:00'::timestamp without time zone) AND (l_discount >= 0.07) AND (l_discount <= 0.09) AND (l_quantity < '24'::numeric))","Rows Removed by Filter": 1177407,"Workers": []}]}]}]},"Planning Time": 2.561,"Triggers": [],"Execution Time": 330.227}]
[{"Plan": {"Node Type": "Aggregate","Strategy": "Plain","Partial Mode": "Finalize","Parallel Aware": false,"Async Capable": false,"Startup Cost": 147409.05,"Total Cost": 147409.06,"Plan Rows": 1,"Plan Width": 32,"Actual Startup Time": 295.774,"Actual Total Time": 328.935,"Actual Rows": 1,"Actual Loops": 1,"Plans": [{"Node Type": "Gather","Parent Relationship": "Outer","Parallel Aware": false,"Async Capable": false,"Startup Cost": 147408.62,"Total Cost": 147409.03,"Plan Rows": 4,"Plan Width": 32,"Actual Startup Time": 295.609,"Actual Total Time": 328.903,"Actual Rows": 5,"Actual Loops": 1,"Workers Planned": 4,"Workers Launched": 4,"Single Copy": false,"Plans": [{"Node Type": "Aggregate","Strategy": "Plain","Partial Mode": "Partial","Parent Relationship": "Outer","Parallel Aware": false,"Async Capable": false,"Startup Cost": 146408.62,"Total Cost": 146408.63,"Plan Rows": 1,"Plan Width": 32,"Actual Startup Time": 288.740,"Actual Total Time": 288.741,"Actual Rows": 1,"Actual Loops": 5,"Workers": [],"Plans": [{"Node Type": "Seq Scan","Parent Relationship": "Outer","Parallel Aware": true,"Async Capable": false,"Relation Name": "lineitem","Alias": "lineitem","Startup Cost": 0.00,"Total Cost": 146259.83,"Plan Rows": 29756,"Plan Width": 12,"Actual Startup Time": 0.075,"Actual Total Time": 283.662,"Actual Rows": 23820,"Actual Loops": 5,"Filter": "((l_shipdate >= '1997-01-01'::date) AND (l_shipdate < '1998-01-01 00:00:00'::timestamp without time zone) AND (l_discount >= 0.07) AND (l_discount <= 0.09) AND (l_quantity < '25'::numeric))","Rows Removed by Filter": 1176423,"Workers": []}]}]}]},"Planning Time": 2.891,"Triggers": [],"Execution Time": 329.200}]
[{"Plan": {"Node Type": "Aggregate","Strategy": "Plain","Partial Mode": "Finalize","Parallel Aware": false,"Async Capable": false,"Startup Cost": 147414.87,"Total Cost": 147414.88,"Plan Rows": 1,"Plan Width": 32,"Actual Startup Time": 312.772,"Actual Total Time": 345.751,"Actual Rows": 1,"Actual Loops": 1,"Plans": [{"Node Type": "Gather","Parent Relationship": "Outer","Parallel Aware": false,"Async Capable": false,"Startup Cost": 147414.44,"Total Cost": 147414.85,"Plan Rows": 4,"Plan Width": 32,"Actual Startup Time": 312.597,"Actual Total Time": 345.709,"Actual Rows": 5,"Actual Loops": 1,"Workers Planned": 4,"Workers Launched": 4,"Single Copy": false,"Plans": [{"Node Type": "Aggregate","Strategy": "Plain","Partial Mode": "Partial","Parent Relationship": "Outer","Parallel Aware": false,"Async Capable": false,"Startup Cost": 146414.44,"Total Cost": 146414.45,"Plan Rows": 1,"Plan Width": 32,"Actual Startup Time": 305.497,"Actual Total Time": 305.499,"Actual Rows": 1,"Actual Loops": 5,"Workers": [],"Plans": [{"Node Type": "Seq Scan","Parent Relationship": "Outer","Parallel Aware": true,"Async Capable": false,"Relation Name": "lineitem","Alias": "lineitem","Startup Cost": 0.00,"Total Cost": 146259.83,"Plan Rows": 30920,"Plan Width": 12,"Actual Startup Time": 0.107,"Actual Total Time": 300.442,"Actual Rows": 23898,"Actual Loops": 5,"Filter": "((l_shipdate >= '1995-01-01'::date) AND (l_shipdate < '1996-01-01 00:00:00'::timestamp without time zone) AND (l_discount >= 0.01) AND (l_discount <= 0.03) AND (l_quantity < '25'::numeric))","Rows Removed by Filter": 1176345,"Workers": []}]}]}]},"Planning Time": 2.074,"Triggers": [],"Execution Time": 345.982}]
[{"Plan": {"Node Type": "Aggregate","Strategy": "Plain","Partial Mode": "Finalize","Parallel Aware": false,"Async Capable": false,"Startup Cost": 147405.75,"Total Cost": 147405.76,"Plan Rows": 1,"Plan Width": 32,"Actual Startup Time": 302.160,"Actual Total Time": 334.512,"Actual Rows": 1,"Actual Loops": 1,"Plans": [{"Node Type": "Gather","Parent Relationship": "Outer","Parallel Aware": false,"Async Capable": false,"Startup Cost": 147405.32,"Total Cost": 147405.73,"Plan Rows": 4,"Plan Width": 32,"Actual Startup Time": 301.999,"Actual Total Time": 334.491,"Actual Rows": 5,"Actual Loops": 1,"Workers Planned": 4,"Workers Launched": 4,"Single Copy": false,"Plans": [{"Node Type": "Aggregate","Strategy": "Plain","Partial Mode": "Partial","Parent Relationship": "Outer","Parallel Aware": false,"Async Capable": false,"Startup Cost": 146405.32,"Total Cost": 146405.33,"Plan Rows": 1,"Plan Width": 32,"Actual Startup Time": 295.409,"Actual Total Time": 295.411,"Actual Rows": 1,"Actual Loops": 5,"Workers": [],"Plans": [{"Node Type": "Seq Scan","Parent Relationship": "Outer","Parallel Aware": true,"Async Capable": false,"Relation Name": "lineitem","Alias": "lineitem","Startup Cost": 0.00,"Total Cost": 146259.83,"Plan Rows": 29096,"Plan Width": 12,"Actual Startup Time": 0.114,"Actual Total Time": 290.597,"Actual Rows": 22909,"Actual Loops": 5,"Filter": "((l_shipdate >= '1995-01-01'::date) AND (l_shipdate < '1996-01-01 00:00:00'::timestamp without time zone) AND (l_discount >= 0.08) AND (l_discount <= 0.10) AND (l_quantity < '24'::numeric))","Rows Removed by Filter": 1177334,"Workers": []}]}]}]},"Planning Time": 2.232,"Triggers": [],"Execution Time": 334.727}]
[{"Plan": {"Node Type": "Aggregate","Strategy": "Plain","Partial Mode": "Finalize","Parallel Aware": false,"Async Capable": false,"Startup Cost": 147407.01,"Total Cost": 147407.02,"Plan Rows": 1,"Plan Width": 32,"Actual Startup Time": 300.004,"Actual Total Time": 332.211,"Actual Rows": 1,"Actual Loops": 1,"Plans": [{"Node Type": "Gather","Parent Relationship": "Outer","Parallel Aware": false,"Async Capable": false,"Startup Cost": 147406.58,"Total Cost": 147406.99,"Plan Rows": 4,"Plan Width": 32,"Actual Startup Time": 299.811,"Actual Total Time": 332.172,"Actual Rows": 5,"Actual Loops": 1,"Workers Planned": 4,"Workers Launched": 4,"Single Copy": false,"Plans": [{"Node Type": "Aggregate","Strategy": "Plain","Partial Mode": "Partial","Parent Relationship": "Outer","Parallel Aware": false,"Async Capable": false,"Startup Cost": 146406.58,"Total Cost": 146406.59,"Plan Rows": 1,"Plan Width": 32,"Actual Startup Time": 293.283,"Actual Total Time": 293.285,"Actual Rows": 1,"Actual Loops": 5,"Workers": [],"Plans": [{"Node Type": "Seq Scan","Parent Relationship": "Outer","Parallel Aware": true,"Async Capable": false,"Relation Name": "lineitem","Alias": "lineitem","Startup Cost": 0.00,"Total Cost": 146259.83,"Plan Rows": 29348,"Plan Width": 12,"Actual Startup Time": 0.081,"Actual Total Time": 288.298,"Actual Rows": 23749,"Actual Loops": 5,"Filter": "((l_shipdate >= '1994-01-01'::date) AND (l_shipdate < '1995-01-01 00:00:00'::timestamp without time zone) AND (l_discount >= 0.08) AND (l_discount <= 0.10) AND (l_quantity < '25'::numeric))","Rows Removed by Filter": 1176494,"Workers": []}]}]}]},"Planning Time": 1.968,"Triggers": [],"Execution Time": 332.392}]
[{"Plan": {"Node Type": "Aggregate","Strategy": "Plain","Partial Mode": "Finalize","Parallel Aware": false,"Async Capable": false,"Startup Cost": 147405.88,"Total Cost": 147405.89,"Plan Rows": 1,"Plan Width": 32,"Actual Startup Time": 305.694,"Actual Total Time": 338.072,"Actual Rows": 1,"Actual Loops": 1,"Plans": [{"Node Type": "Gather","Parent Relationship": "Outer","Parallel Aware": false,"Async Capable": false,"Startup Cost": 147405.45,"Total Cost": 147405.86,"Plan Rows": 4,"Plan Width": 32,"Actual Startup Time": 305.534,"Actual Total Time": 338.050,"Actual Rows": 5,"Actual Loops": 1,"Workers Planned": 4,"Workers Launched": 4,"Single Copy": false,"Plans": [{"Node Type": "Aggregate","Strategy": "Plain","Partial Mode": "Partial","Parent Relationship": "Outer","Parallel Aware": false,"Async Capable": false,"Startup Cost": 146405.45,"Total Cost": 146405.46,"Plan Rows": 1,"Plan Width": 32,"Actual Startup Time": 298.920,"Actual Total Time": 298.921,"Actual Rows": 1,"Actual Loops": 5,"Workers": [],"Plans": [{"Node Type": "Seq Scan","Parent Relationship": "Outer","Parallel Aware": true,"Async Capable": false,"Relation Name": "lineitem","Alias": "lineitem","Startup Cost": 0.00,"Total Cost": 146259.83,"Plan Rows": 29122,"Plan Width": 12,"Actual Startup Time": 0.100,"Actual Total Time": 294.160,"Actual Rows": 22732,"Actual Loops": 5,"Filter": "((l_shipdate >= '1993-01-01'::date) AND (l_shipdate < '1994-01-01 00:00:00'::timestamp without time zone) AND (l_discount >= 0.01) AND (l_discount <= 0.03) AND (l_quantity < '24'::numeric))","Rows Removed by Filter": 1177511,"Workers": []}]}]}]},"Planning Time": 2.133,"Triggers": [],"Execution Time": 338.277}]
[{"Plan": {"Node Type": "Aggregate","Strategy": "Plain","Partial Mode": "Finalize","Parallel Aware": false,"Async Capable": false,"Startup Cost": 147409.78,"Total Cost": 147409.79,"Plan Rows": 1,"Plan Width": 32,"Actual Startup Time": 305.615,"Actual Total Time": 337.875,"Actual Rows": 1,"Actual Loops": 1,"Plans": [{"Node Type": "Gather","Parent Relationship": "Outer","Parallel Aware": false,"Async Capable": false,"Startup Cost": 147409.35,"Total Cost": 147409.76,"Plan Rows": 4,"Plan Width": 32,"Actual Startup Time": 305.450,"Actual Total Time": 337.839,"Actual Rows": 5,"Actual Loops": 1,"Workers Planned": 4,"Workers Launched": 4,"Single Copy": false,"Plans": [{"Node Type": "Aggregate","Strategy": "Plain","Partial Mode": "Partial","Parent Relationship": "Outer","Parallel Aware": false,"Async Capable": false,"Startup Cost": 146409.35,"Total Cost": 146409.36,"Plan Rows": 1,"Plan Width": 32,"Actual Startup Time": 298.600,"Actual Total Time": 298.601,"Actual Rows": 1,"Actual Loops": 5,"Workers": [],"Plans": [{"Node Type": "Seq Scan","Parent Relationship": "Outer","Parallel Aware": true,"Async Capable": false,"Relation Name": "lineitem","Alias": "lineitem","Startup Cost": 0.00,"Total Cost": 146259.83,"Plan Rows": 29903,"Plan Width": 12,"Actual Startup Time": 0.090,"Actual Total Time": 293.483,"Actual Rows": 23759,"Actual Loops": 5,"Filter": "((l_shipdate >= '1993-01-01'::date) AND (l_shipdate < '1994-01-01 00:00:00'::timestamp without time zone) AND (l_discount >= 0.03) AND (l_discount <= 0.05) AND (l_quantity < '25'::numeric))","Rows Removed by Filter": 1176484,"Workers": []}]}]}]},"Planning Time": 2.428,"Triggers": [],"Execution Time": 338.064}]
[{"Plan": {"Node Type": "Aggregate","Strategy": "Plain","Partial Mode": "Finalize","Parallel Aware": false,"Async Capable": false,"Startup Cost": 147409.63,"Total Cost": 147409.64,"Plan Rows": 1,"Plan Width": 32,"Actual Startup Time": 297.562,"Actual Total Time": 330.607,"Actual Rows": 1,"Actual Loops": 1,"Plans": [{"Node Type": "Gather","Parent Relationship": "Outer","Parallel Aware": false,"Async Capable": false,"Startup Cost": 147409.20,"Total Cost": 147409.61,"Plan Rows": 4,"Plan Width": 32,"Actual Startup Time": 297.384,"Actual Total Time": 330.577,"Actual Rows": 5,"Actual Loops": 1,"Workers Planned": 4,"Workers Launched": 4,"Single Copy": false,"Plans": [{"Node Type": "Aggregate","Strategy": "Plain","Partial Mode": "Partial","Parent Relationship": "Outer","Parallel Aware": false,"Async Capable": false,"Startup Cost": 146409.20,"Total Cost": 146409.21,"Plan Rows": 1,"Plan Width": 32,"Actual Startup Time": 290.524,"Actual Total Time": 290.525,"Actual Rows": 1,"Actual Loops": 5,"Workers": [],"Plans": [{"Node Type": "Seq Scan","Parent Relationship": "Outer","Parallel Aware": true,"Async Capable": false,"Relation Name": "lineitem","Alias": "lineitem","Startup Cost": 0.00,"Total Cost": 146259.83,"Plan Rows": 29872,"Plan Width": 12,"Actual Startup Time": 0.113,"Actual Total Time": 285.451,"Actual Rows": 23843,"Actual Loops": 5,"Filter": "((l_shipdate >= '1997-01-01'::date) AND (l_shipdate < '1998-01-01 00:00:00'::timestamp without time zone) AND (l_discount >= 0.04) AND (l_discount <= 0.06) AND (l_quantity < '25'::numeric))","Rows Removed by Filter": 1176400,"Workers": []}]}]}]},"Planning Time": 2.713,"Triggers": [],"Execution Time": 330.862}]
[{"Plan": {"Node Type": "Aggregate","Strategy": "Plain","Partial Mode": "Finalize","Parallel Aware": false,"Async Capable": false,"Startup Cost": 147408.94,"Total Cost": 147408.95,"Plan Rows": 1,"Plan Width": 32,"Actual Startup Time": 307.777,"Actual Total Time": 339.832,"Actual Rows": 1,"Actual Loops": 1,"Plans": [{"Node Type": "Gather","Parent Relationship": "Outer","Parallel Aware": false,"Async Capable": false,"Startup Cost": 147408.51,"Total Cost": 147408.92,"Plan Rows": 4,"Plan Width": 32,"Actual Startup Time": 307.577,"Actual Total Time": 339.791,"Actual Rows": 5,"Actual Loops": 1,"Workers Planned": 4,"Workers Launched": 4,"Single Copy": false,"Plans": [{"Node Type": "Aggregate","Strategy": "Plain","Partial Mode": "Partial","Parent Relationship": "Outer","Parallel Aware": false,"Async Capable": false,"Startup Cost": 146408.51,"Total Cost": 146408.52,"Plan Rows": 1,"Plan Width": 32,"Actual Startup Time": 300.529,"Actual Total Time": 300.530,"Actual Rows": 1,"Actual Loops": 5,"Workers": [],"Plans": [{"Node Type": "Seq Scan","Parent Relationship": "Outer","Parallel Aware": true,"Async Capable": false,"Relation Name": "lineitem","Alias": "lineitem","Startup Cost": 0.00,"Total Cost": 146259.83,"Plan Rows": 29734,"Plan Width": 12,"Actual Startup Time": 0.095,"Actual Total Time": 295.428,"Actual Rows": 23809,"Actual Loops": 5,"Filter": "((l_shipdate >= '1996-01-01'::date) AND (l_shipdate < '1997-01-01 00:00:00'::timestamp without time zone) AND (l_discount >= 0.05) AND (l_discount <= 0.07) AND (l_quantity < '25'::numeric))","Rows Removed by Filter": 1176434,"Workers": []}]}]}]},"Planning Time": 2.476,"Triggers": [],"Execution Time": 340.023}]
[{"Plan": {"Node Type": "Aggregate","Strategy": "Plain","Partial Mode": "Finalize","Parallel Aware": false,"Async Capable": false,"Startup Cost": 147409.78,"Total Cost": 147409.79,"Plan Rows": 1,"Plan Width": 32,"Actual Startup Time": 305.615,"Actual Total Time": 337.875,"Actual Rows": 1,"Actual Loops": 1,"Plans": [{"Node Type": "Gather","Parent Relationship": "Outer","Parallel Aware": false,"Async Capable": false,"Startup Cost": 147409.35,"Total Cost": 147409.76,"Plan Rows": 4,"Plan Width": 32,"Actual Startup Time": 305.450,"Actual Total Time": 337.839,"Actual Rows": 5,"Actual Loops": 1,"Workers Planned": 4,"Workers Launched": 4,"Single Copy": false,"Plans": [{"Node Type": "Aggregate","Strategy": "Plain","Partial Mode": "Partial","Parent Relationship": "Outer","Parallel Aware": false,"Async Capable": false,"Startup Cost": 146409.35,"Total Cost": 146409.36,"Plan Rows": 1,"Plan Width": 32,"Actual Startup Time": 298.600,"Actual Total Time": 298.601,"Actual Rows": 1,"Actual Loops": 5,"Workers": [],"Plans": [{"Node Type": "Seq Scan","Parent Relationship": "Outer","Parallel Aware": true,"Async Capable": false,"Relation Name": "lineitem","Alias": "lineitem","Startup Cost": 0.00,"Total Cost": 146259.83,"Plan Rows": 29903,"Plan Width": 12,"Actual Startup Time": 0.090,"Actual Total Time": 293.483,"Actual Rows": 23759,"Actual Loops": 5,"Filter": "((l_shipdate >= '1993-01-01'::date) AND (l_shipdate < '1994-01-01 00:00:00'::timestamp without time zone) AND (l_discount >= 0.03) AND (l_discount <= 0.05) AND (l_quantity < '25'::numeric))","Rows Removed by Filter": 1176484,"Workers": []}]}]}]},"Planning Time": 2.428,"Triggers": [],"Execution Time": 338.064}]
[{"Plan": {"Node Type": "Aggregate","Strategy": "Plain","Partial Mode": "Finalize","Parallel Aware": false,"Async Capable": false,"Startup Cost": 147411.24,"Total Cost": 147411.25,"Plan Rows": 1,"Plan Width": 32,"Actual Startup Time": 306.146,"Actual Total Time": 337.945,"Actual Rows": 1,"Actual Loops": 1,"Plans": [{"Node Type": "Gather","Parent Relationship": "Outer","Parallel Aware": false,"Async Capable": false,"Startup Cost": 147410.81,"Total Cost": 147411.22,"Plan Rows": 4,"Plan Width": 32,"Actual Startup Time": 305.983,"Actual Total Time": 337.923,"Actual Rows": 5,"Actual Loops": 1,"Workers Planned": 4,"Workers Launched": 4,"Single Copy": false,"Plans": [{"Node Type": "Aggregate","Strategy": "Plain","Partial Mode": "Partial","Parent Relationship": "Outer","Parallel Aware": false,"Async Capable": false,"Startup Cost": 146410.81,"Total Cost": 146410.82,"Plan Rows": 1,"Plan Width": 32,"Actual Startup Time": 299.109,"Actual Total Time": 299.111,"Actual Rows": 1,"Actual Loops": 5,"Workers": [],"Plans": [{"Node Type": "Seq Scan","Parent Relationship": "Outer","Parallel Aware": true,"Async Capable": false,"Relation Name": "lineitem","Alias": "lineitem","Startup Cost": 0.00,"Total Cost": 146259.83,"Plan Rows": 30194,"Plan Width": 12,"Actual Startup Time": 0.070,"Actual Total Time": 294.125,"Actual Rows": 23770,"Actual Loops": 5,"Filter": "((l_shipdate >= '1993-01-01'::date) AND (l_shipdate < '1994-01-01 00:00:00'::timestamp without time zone) AND (l_discount >= 0.04) AND (l_discount <= 0.06) AND (l_quantity < '25'::numeric))","Rows Removed by Filter": 1176473,"Workers": []}]}]}]},"Planning Time": 2.759,"Triggers": [],"Execution Time": 338.194}]
[{"Plan": {"Node Type": "Aggregate","Strategy": "Plain","Partial Mode": "Finalize","Parallel Aware": false,"Async Capable": false,"Startup Cost": 147402.87,"Total Cost": 147402.88,"Plan Rows": 1,"Plan Width": 32,"Actual Startup Time": 296.428,"Actual Total Time": 327.149,"Actual Rows": 1,"Actual Loops": 1,"Plans": [{"Node Type": "Gather","Parent Relationship": "Outer","Parallel Aware": false,"Async Capable": false,"Startup Cost": 147402.44,"Total Cost": 147402.85,"Plan Rows": 4,"Plan Width": 32,"Actual Startup Time": 296.221,"Actual Total Time": 327.118,"Actual Rows": 5,"Actual Loops": 1,"Workers Planned": 4,"Workers Launched": 4,"Single Copy": false,"Plans": [{"Node Type": "Aggregate","Strategy": "Plain","Partial Mode": "Partial","Parent Relationship": "Outer","Parallel Aware": false,"Async Capable": false,"Startup Cost": 146402.44,"Total Cost": 146402.45,"Plan Rows": 1,"Plan Width": 32,"Actual Startup Time": 289.094,"Actual Total Time": 289.097,"Actual Rows": 1,"Actual Loops": 5,"Workers": [],"Plans": [{"Node Type": "Seq Scan","Parent Relationship": "Outer","Parallel Aware": true,"Async Capable": false,"Relation Name": "lineitem","Alias": "lineitem","Startup Cost": 0.00,"Total Cost": 146259.83,"Plan Rows": 28520,"Plan Width": 12,"Actual Startup Time": 0.102,"Actual Total Time": 284.378,"Actual Rows": 22769,"Actual Loops": 5,"Filter": "((l_shipdate >= '1994-01-01'::date) AND (l_shipdate < '1995-01-01 00:00:00'::timestamp without time zone) AND (l_discount >= 0.06) AND (l_discount <= 0.08) AND (l_quantity < '24'::numeric))","Rows Removed by Filter": 1177474,"Workers": []}]}]}]},"Planning Time": 2.811,"Triggers": [],"Execution Time": 327.382}]
[{"Plan": {"Node Type": "Aggregate","Strategy": "Plain","Partial Mode": "Finalize","Parallel Aware": false,"Async Capable": false,"Startup Cost": 147403.48,"Total Cost": 147403.49,"Plan Rows": 1,"Plan Width": 32,"Actual Startup Time": 307.680,"Actual Total Time": 340.052,"Actual Rows": 1,"Actual Loops": 1,"Plans": [{"Node Type": "Gather","Parent Relationship": "Outer","Parallel Aware": false,"Async Capable": false,"Startup Cost": 147403.05,"Total Cost": 147403.46,"Plan Rows": 4,"Plan Width": 32,"Actual Startup Time": 307.501,"Actual Total Time": 340.006,"Actual Rows": 5,"Actual Loops": 1,"Workers Planned": 4,"Workers Launched": 4,"Single Copy": false,"Plans": [{"Node Type": "Aggregate","Strategy": "Plain","Partial Mode": "Partial","Parent Relationship": "Outer","Parallel Aware": false,"Async Capable": false,"Startup Cost": 146403.05,"Total Cost": 146403.06,"Plan Rows": 1,"Plan Width": 32,"Actual Startup Time": 300.709,"Actual Total Time": 300.710,"Actual Rows": 1,"Actual Loops": 5,"Workers": [],"Plans": [{"Node Type": "Seq Scan","Parent Relationship": "Outer","Parallel Aware": true,"Async Capable": false,"Relation Name": "lineitem","Alias": "lineitem","Startup Cost": 0.00,"Total Cost": 146259.83,"Plan Rows": 28642,"Plan Width": 12,"Actual Startup Time": 0.067,"Actual Total Time": 295.788,"Actual Rows": 22769,"Actual Loops": 5,"Filter": "((l_shipdate >= '1994-01-01'::date) AND (l_shipdate < '1995-01-01 00:00:00'::timestamp without time zone) AND (l_discount >= 0.01) AND (l_discount <= 0.03) AND (l_quantity < '24'::numeric))","Rows Removed by Filter": 1177474,"Workers": []}]}]}]},"Planning Time": 2.159,"Triggers": [],"Execution Time": 340.229}]
[{"Plan": {"Node Type": "Aggregate","Strategy": "Plain","Partial Mode": "Finalize","Parallel Aware": false,"Async Capable": false,"Startup Cost": 147413.24,"Total Cost": 147413.25,"Plan Rows": 1,"Plan Width": 32,"Actual Startup Time": 311.610,"Actual Total Time": 344.691,"Actual Rows": 1,"Actual Loops": 1,"Plans": [{"Node Type": "Gather","Parent Relationship": "Outer","Parallel Aware": false,"Async Capable": false,"Startup Cost": 147412.81,"Total Cost": 147413.22,"Plan Rows": 4,"Plan Width": 32,"Actual Startup Time": 311.435,"Actual Total Time": 344.652,"Actual Rows": 5,"Actual Loops": 1,"Workers Planned": 4,"Workers Launched": 4,"Single Copy": false,"Plans": [{"Node Type": "Aggregate","Strategy": "Plain","Partial Mode": "Partial","Parent Relationship": "Outer","Parallel Aware": false,"Async Capable": false,"Startup Cost": 146412.81,"Total Cost": 146412.82,"Plan Rows": 1,"Plan Width": 32,"Actual Startup Time": 304.075,"Actual Total Time": 304.076,"Actual Rows": 1,"Actual Loops": 5,"Workers": [],"Plans": [{"Node Type": "Seq Scan","Parent Relationship": "Outer","Parallel Aware": true,"Async Capable": false,"Relation Name": "lineitem","Alias": "lineitem","Startup Cost": 0.00,"Total Cost": 146259.83,"Plan Rows": 30594,"Plan Width": 12,"Actual Startup Time": 0.114,"Actual Total Time": 298.979,"Actual Rows": 23962,"Actual Loops": 5,"Filter": "((l_shipdate >= '1995-01-01'::date) AND (l_shipdate < '1996-01-01 00:00:00'::timestamp without time zone) AND (l_discount >= 0.05) AND (l_discount <= 0.07) AND (l_quantity < '25'::numeric))","Rows Removed by Filter": 1176281,"Workers": []}]}]}]},"Planning Time": 2.234,"Triggers": [],"Execution Time": 344.871}]
[{"Plan": {"Node Type": "Aggregate","Strategy": "Plain","Partial Mode": "Finalize","Parallel Aware": false,"Async Capable": false,"Startup Cost": 147409.78,"Total Cost": 147409.79,"Plan Rows": 1,"Plan Width": 32,"Actual Startup Time": 305.615,"Actual Total Time": 337.875,"Actual Rows": 1,"Actual Loops": 1,"Plans": [{"Node Type": "Gather","Parent Relationship": "Outer","Parallel Aware": false,"Async Capable": false,"Startup Cost": 147409.35,"Total Cost": 147409.76,"Plan Rows": 4,"Plan Width": 32,"Actual Startup Time": 305.450,"Actual Total Time": 337.839,"Actual Rows": 5,"Actual Loops": 1,"Workers Planned": 4,"Workers Launched": 4,"Single Copy": false,"Plans": [{"Node Type": "Aggregate","Strategy": "Plain","Partial Mode": "Partial","Parent Relationship": "Outer","Parallel Aware": false,"Async Capable": false,"Startup Cost": 146409.35,"Total Cost": 146409.36,"Plan Rows": 1,"Plan Width": 32,"Actual Startup Time": 298.600,"Actual Total Time": 298.601,"Actual Rows": 1,"Actual Loops": 5,"Workers": [],"Plans": [{"Node Type": "Seq Scan","Parent Relationship": "Outer","Parallel Aware": true,"Async Capable": false,"Relation Name": "lineitem","Alias": "lineitem","Startup Cost": 0.00,"Total Cost": 146259.83,"Plan Rows": 29903,"Plan Width": 12,"Actual Startup Time": 0.090,"Actual Total Time": 293.483,"Actual Rows": 23759,"Actual Loops": 5,"Filter": "((l_shipdate >= '1993-01-01'::date) AND (l_shipdate < '1994-01-01 00:00:00'::timestamp without time zone) AND (l_discount >= 0.03) AND (l_discount <= 0.05) AND (l_quantity < '25'::numeric))","Rows Removed by Filter": 1176484,"Workers": []}]}]}]},"Planning Time": 2.428,"Triggers": [],"Execution Time": 338.064}]
[{"Plan": {"Node Type": "Aggregate","Strategy": "Plain","Partial Mode": "Finalize","Parallel Aware": false,"Async Capable": false,"Startup Cost": 147401.96,"Total Cost": 147401.97,"Plan Rows": 1,"Plan Width": 32,"Actual Startup Time": 301.236,"Actual Total Time": 333.196,"Actual Rows": 1,"Actual Loops": 1,"Plans": [{"Node Type": "Gather","Parent Relationship": "Outer","Parallel Aware": false,"Async Capable": false,"Startup Cost": 147401.53,"Total Cost": 147401.94,"Plan Rows": 4,"Plan Width": 32,"Actual Startup Time": 301.008,"Actual Total Time": 333.159,"Actual Rows": 5,"Actual Loops": 1,"Workers Planned": 4,"Workers Launched": 4,"Single Copy": false,"Plans": [{"Node Type": "Aggregate","Strategy": "Plain","Partial Mode": "Partial","Parent Relationship": "Outer","Parallel Aware": false,"Async Capable": false,"Startup Cost": 146401.53,"Total Cost": 146401.54,"Plan Rows": 1,"Plan Width": 32,"Actual Startup Time": 293.920,"Actual Total Time": 293.926,"Actual Rows": 1,"Actual Loops": 5,"Workers": [],"Plans": [{"Node Type": "Seq Scan","Parent Relationship": "Outer","Parallel Aware": true,"Async Capable": false,"Relation Name": "lineitem","Alias": "lineitem","Startup Cost": 0.00,"Total Cost": 146259.83,"Plan Rows": 28338,"Plan Width": 12,"Actual Startup Time": 0.086,"Actual Total Time": 288.967,"Actual Rows": 22878,"Actual Loops": 5,"Filter": "((l_shipdate >= '1996-01-01'::date) AND (l_shipdate < '1997-01-01 00:00:00'::timestamp without time zone) AND (l_discount >= 0.03) AND (l_discount <= 0.05) AND (l_quantity < '24'::numeric))","Rows Removed by Filter": 1177365,"Workers": []}]}]}]},"Planning Time": 2.851,"Triggers": [],"Execution Time": 333.444}]
[{"Plan": {"Node Type": "Aggregate","Strategy": "Plain","Partial Mode": "Finalize","Parallel Aware": false,"Async Capable": false,"Startup Cost": 147409.47,"Total Cost": 147409.48,"Plan Rows": 1,"Plan Width": 32,"Actual Startup Time": 304.472,"Actual Total Time": 337.614,"Actual Rows": 1,"Actual Loops": 1,"Plans": [{"Node Type": "Gather","Parent Relationship": "Outer","Parallel Aware": false,"Async Capable": false,"Startup Cost": 147409.04,"Total Cost": 147409.45,"Plan Rows": 4,"Plan Width": 32,"Actual Startup Time": 304.285,"Actual Total Time": 337.579,"Actual Rows": 5,"Actual Loops": 1,"Workers Planned": 4,"Workers Launched": 4,"Single Copy": false,"Plans": [{"Node Type": "Aggregate","Strategy": "Plain","Partial Mode": "Partial","Parent Relationship": "Outer","Parallel Aware": false,"Async Capable": false,"Startup Cost": 146409.04,"Total Cost": 146409.05,"Plan Rows": 1,"Plan Width": 32,"Actual Startup Time": 296.729,"Actual Total Time": 296.730,"Actual Rows": 1,"Actual Loops": 5,"Workers": [],"Plans": [{"Node Type": "Seq Scan","Parent Relationship": "Outer","Parallel Aware": true,"Async Capable": false,"Relation Name": "lineitem","Alias": "lineitem","Startup Cost": 0.00,"Total Cost": 146259.83,"Plan Rows": 29840,"Plan Width": 12,"Actual Startup Time": 0.139,"Actual Total Time": 291.608,"Actual Rows": 23879,"Actual Loops": 5,"Filter": "((l_shipdate >= '1993-01-01'::date) AND (l_shipdate < '1994-01-01 00:00:00'::timestamp without time zone) AND (l_discount >= 0.08) AND (l_discount <= 0.10) AND (l_quantity < '25'::numeric))","Rows Removed by Filter": 1176364,"Workers": []}]}]}]},"Planning Time": 2.798,"Triggers": [],"Execution Time": 337.873}]
[{"Plan": {"Node Type": "Aggregate","Strategy": "Plain","Partial Mode": "Finalize","Parallel Aware": false,"Async Capable": false,"Startup Cost": 147409.05,"Total Cost": 147409.06,"Plan Rows": 1,"Plan Width": 32,"Actual Startup Time": 295.774,"Actual Total Time": 328.935,"Actual Rows": 1,"Actual Loops": 1,"Plans": [{"Node Type": "Gather","Parent Relationship": "Outer","Parallel Aware": false,"Async Capable": false,"Startup Cost": 147408.62,"Total Cost": 147409.03,"Plan Rows": 4,"Plan Width": 32,"Actual Startup Time": 295.609,"Actual Total Time": 328.903,"Actual Rows": 5,"Actual Loops": 1,"Workers Planned": 4,"Workers Launched": 4,"Single Copy": false,"Plans": [{"Node Type": "Aggregate","Strategy": "Plain","Partial Mode": "Partial","Parent Relationship": "Outer","Parallel Aware": false,"Async Capable": false,"Startup Cost": 146408.62,"Total Cost": 146408.63,"Plan Rows": 1,"Plan Width": 32,"Actual Startup Time": 288.740,"Actual Total Time": 288.741,"Actual Rows": 1,"Actual Loops": 5,"Workers": [],"Plans": [{"Node Type": "Seq Scan","Parent Relationship": "Outer","Parallel Aware": true,"Async Capable": false,"Relation Name": "lineitem","Alias": "lineitem","Startup Cost": 0.00,"Total Cost": 146259.83,"Plan Rows": 29756,"Plan Width": 12,"Actual Startup Time": 0.075,"Actual Total Time": 283.662,"Actual Rows": 23820,"Actual Loops": 5,"Filter": "((l_shipdate >= '1997-01-01'::date) AND (l_shipdate < '1998-01-01 00:00:00'::timestamp without time zone) AND (l_discount >= 0.07) AND (l_discount <= 0.09) AND (l_quantity < '25'::numeric))","Rows Removed by Filter": 1176423,"Workers": []}]}]}]},"Planning Time": 2.891,"Triggers": [],"Execution Time": 329.200}]
[{"Plan": {"Node Type": "Aggregate","Strategy": "Plain","Partial Mode": "Finalize","Parallel Aware": false,"Async Capable": false,"Startup Cost": 147414.87,"Total Cost": 147414.88,"Plan Rows": 1,"Plan Width": 32,"Actual Startup Time": 312.772,"Actual Total Time": 345.751,"Actual Rows": 1,"Actual Loops": 1,"Plans": [{"Node Type": "Gather","Parent Relationship": "Outer","Parallel Aware": false,"Async Capable": false,"Startup Cost": 147414.44,"Total Cost": 147414.85,"Plan Rows": 4,"Plan Width": 32,"Actual Startup Time": 312.597,"Actual Total Time": 345.709,"Actual Rows": 5,"Actual Loops": 1,"Workers Planned": 4,"Workers Launched": 4,"Single Copy": false,"Plans": [{"Node Type": "Aggregate","Strategy": "Plain","Partial Mode": "Partial","Parent Relationship": "Outer","Parallel Aware": false,"Async Capable": false,"Startup Cost": 146414.44,"Total Cost": 146414.45,"Plan Rows": 1,"Plan Width": 32,"Actual Startup Time": 305.497,"Actual Total Time": 305.499,"Actual Rows": 1,"Actual Loops": 5,"Workers": [],"Plans": [{"Node Type": "Seq Scan","Parent Relationship": "Outer","Parallel Aware": true,"Async Capable": false,"Relation Name": "lineitem","Alias": "lineitem","Startup Cost": 0.00,"Total Cost": 146259.83,"Plan Rows": 30920,"Plan Width": 12,"Actual Startup Time": 0.107,"Actual Total Time": 300.442,"Actual Rows": 23898,"Actual Loops": 5,"Filter": "((l_shipdate >= '1995-01-01'::date) AND (l_shipdate < '1996-01-01 00:00:00'::timestamp without time zone) AND (l_discount >= 0.01) AND (l_discount <= 0.03) AND (l_quantity < '25'::numeric))","Rows Removed by Filter": 1176345,"Workers": []}]}]}]},"Planning Time": 2.074,"Triggers": [],"Execution Time": 345.982}]
[{"Plan": {"Node Type": "Aggregate","Strategy": "Plain","Partial Mode": "Finalize","Parallel Aware": false,"Async Capable": false,"Startup Cost": 147403.40,"Total Cost": 147403.41,"Plan Rows": 1,"Plan Width": 32,"Actual Startup Time": 297.896,"Actual Total Time": 330.255,"Actual Rows": 1,"Actual Loops": 1,"Plans": [{"Node Type": "Gather","Parent Relationship": "Outer","Parallel Aware": false,"Async Capable": false,"Startup Cost": 147402.97,"Total Cost": 147403.38,"Plan Rows": 4,"Plan Width": 32,"Actual Startup Time": 297.700,"Actual Total Time": 330.225,"Actual Rows": 5,"Actual Loops": 1,"Workers Planned": 4,"Workers Launched": 4,"Single Copy": false,"Plans": [{"Node Type": "Aggregate","Strategy": "Plain","Partial Mode": "Partial","Parent Relationship": "Outer","Parallel Aware": false,"Async Capable": false,"Startup Cost": 146402.97,"Total Cost": 146402.98,"Plan Rows": 1,"Plan Width": 32,"Actual Startup Time": 290.911,"Actual Total Time": 290.913,"Actual Rows": 1,"Actual Loops": 5,"Workers": [],"Plans": [{"Node Type": "Seq Scan","Parent Relationship": "Outer","Parallel Aware": true,"Async Capable": false,"Relation Name": "lineitem","Alias": "lineitem","Startup Cost": 0.00,"Total Cost": 146259.83,"Plan Rows": 28627,"Plan Width": 12,"Actual Startup Time": 0.120,"Actual Total Time": 286.095,"Actual Rows": 22873,"Actual Loops": 5,"Filter": "((l_shipdate >= '1997-01-01'::date) AND (l_shipdate < '1998-01-01 00:00:00'::timestamp without time zone) AND (l_discount >= 0.04) AND (l_discount <= 0.06) AND (l_quantity < '24'::numeric))","Rows Removed by Filter": 1177370,"Workers": []}]}]}]},"Planning Time": 2.538,"Triggers": [],"Execution Time": 330.480}]
[{"Plan": {"Node Type": "Aggregate","Strategy": "Plain","Partial Mode": "Finalize","Parallel Aware": false,"Async Capable": false,"Startup Cost": 147409.63,"Total Cost": 147409.64,"Plan Rows": 1,"Plan Width": 32,"Actual Startup Time": 297.562,"Actual Total Time": 330.607,"Actual Rows": 1,"Actual Loops": 1,"Plans": [{"Node Type": "Gather","Parent Relationship": "Outer","Parallel Aware": false,"Async Capable": false,"Startup Cost": 147409.20,"Total Cost": 147409.61,"Plan Rows": 4,"Plan Width": 32,"Actual Startup Time": 297.384,"Actual Total Time": 330.577,"Actual Rows": 5,"Actual Loops": 1,"Workers Planned": 4,"Workers Launched": 4,"Single Copy": false,"Plans": [{"Node Type": "Aggregate","Strategy": "Plain","Partial Mode": "Partial","Parent Relationship": "Outer","Parallel Aware": false,"Async Capable": false,"Startup Cost": 146409.20,"Total Cost": 146409.21,"Plan Rows": 1,"Plan Width": 32,"Actual Startup Time": 290.524,"Actual Total Time": 290.525,"Actual Rows": 1,"Actual Loops": 5,"Workers": [],"Plans": [{"Node Type": "Seq Scan","Parent Relationship": "Outer","Parallel Aware": true,"Async Capable": false,"Relation Name": "lineitem","Alias": "lineitem","Startup Cost": 0.00,"Total Cost": 146259.83,"Plan Rows": 29872,"Plan Width": 12,"Actual Startup Time": 0.113,"Actual Total Time": 285.451,"Actual Rows": 23843,"Actual Loops": 5,"Filter": "((l_shipdate >= '1997-01-01'::date) AND (l_shipdate < '1998-01-01 00:00:00'::timestamp without time zone) AND (l_discount >= 0.04) AND (l_discount <= 0.06) AND (l_quantity < '25'::numeric))","Rows Removed by Filter": 1176400,"Workers": []}]}]}]},"Planning Time": 2.713,"Triggers": [],"Execution Time": 330.862}]
[{"Plan": {"Node Type": "Aggregate","Strategy": "Plain","Partial Mode": "Finalize","Parallel Aware": false,"Async Capable": false,"Startup Cost": 147408.17,"Total Cost": 147408.18,"Plan Rows": 1,"Plan Width": 32,"Actual Startup Time": 301.724,"Actual Total Time": 333.532,"Actual Rows": 1,"Actual Loops": 1,"Plans": [{"Node Type": "Gather","Parent Relationship": "Outer","Parallel Aware": false,"Async Capable": false,"Startup Cost": 147407.74,"Total Cost": 147408.15,"Plan Rows": 4,"Plan Width": 32,"Actual Startup Time": 301.549,"Actual Total Time": 333.504,"Actual Rows": 5,"Actual Loops": 1,"Workers Planned": 4,"Workers Launched": 4,"Single Copy": false,"Plans": [{"Node Type": "Aggregate","Strategy": "Plain","Partial Mode": "Partial","Parent Relationship": "Outer","Parallel Aware": false,"Async Capable": false,"Startup Cost": 146407.74,"Total Cost": 146407.75,"Plan Rows": 1,"Plan Width": 32,"Actual Startup Time": 294.892,"Actual Total Time": 294.894,"Actual Rows": 1,"Actual Loops": 5,"Workers": [],"Plans": [{"Node Type": "Seq Scan","Parent Relationship": "Outer","Parallel Aware": true,"Async Capable": false,"Relation Name": "lineitem","Alias": "lineitem","Startup Cost": 0.00,"Total Cost": 146259.83,"Plan Rows": 29580,"Plan Width": 12,"Actual Startup Time": 0.078,"Actual Total Time": 289.818,"Actual Rows": 23793,"Actual Loops": 5,"Filter": "((l_shipdate >= '1994-01-01'::date) AND (l_shipdate < '1995-01-01 00:00:00'::timestamp without time zone) AND (l_discount >= 0.07) AND (l_discount <= 0.09) AND (l_quantity < '25'::numeric))","Rows Removed by Filter": 1176450,"Workers": []}]}]}]},"Planning Time": 2.188,"Triggers": [],"Execution Time": 333.751}]
[{"Plan": {"Node Type": "Aggregate","Strategy": "Plain","Partial Mode": "Finalize","Parallel Aware": false,"Async Capable": false,"Startup Cost": 147402.87,"Total Cost": 147402.88,"Plan Rows": 1,"Plan Width": 32,"Actual Startup Time": 296.428,"Actual Total Time": 327.149,"Actual Rows": 1,"Actual Loops": 1,"Plans": [{"Node Type": "Gather","Parent Relationship": "Outer","Parallel Aware": false,"Async Capable": false,"Startup Cost": 147402.44,"Total Cost": 147402.85,"Plan Rows": 4,"Plan Width": 32,"Actual Startup Time": 296.221,"Actual Total Time": 327.118,"Actual Rows": 5,"Actual Loops": 1,"Workers Planned": 4,"Workers Launched": 4,"Single Copy": false,"Plans": [{"Node Type": "Aggregate","Strategy": "Plain","Partial Mode": "Partial","Parent Relationship": "Outer","Parallel Aware": false,"Async Capable": false,"Startup Cost": 146402.44,"Total Cost": 146402.45,"Plan Rows": 1,"Plan Width": 32,"Actual Startup Time": 289.094,"Actual Total Time": 289.097,"Actual Rows": 1,"Actual Loops": 5,"Workers": [],"Plans": [{"Node Type": "Seq Scan","Parent Relationship": "Outer","Parallel Aware": true,"Async Capable": false,"Relation Name": "lineitem","Alias": "lineitem","Startup Cost": 0.00,"Total Cost": 146259.83,"Plan Rows": 28520,"Plan Width": 12,"Actual Startup Time": 0.102,"Actual Total Time": 284.378,"Actual Rows": 22769,"Actual Loops": 5,"Filter": "((l_shipdate >= '1994-01-01'::date) AND (l_shipdate < '1995-01-01 00:00:00'::timestamp without time zone) AND (l_discount >= 0.06) AND (l_discount <= 0.08) AND (l_quantity < '24'::numeric))","Rows Removed by Filter": 1177474,"Workers": []}]}]}]},"Planning Time": 2.811,"Triggers": [],"Execution Time": 327.382}]
[{"Plan": {"Node Type": "Aggregate","Strategy": "Plain","Partial Mode": "Finalize","Parallel Aware": false,"Async Capable": false,"Startup Cost": 147408.98,"Total Cost": 147408.99,"Plan Rows": 1,"Plan Width": 32,"Actual Startup Time": 305.612,"Actual Total Time": 337.547,"Actual Rows": 1,"Actual Loops": 1,"Plans": [{"Node Type": "Gather","Parent Relationship": "Outer","Parallel Aware": false,"Async Capable": false,"Startup Cost": 147408.55,"Total Cost": 147408.96,"Plan Rows": 4,"Plan Width": 32,"Actual Startup Time": 305.438,"Actual Total Time": 337.522,"Actual Rows": 5,"Actual Loops": 1,"Workers Planned": 4,"Workers Launched": 4,"Single Copy": false,"Plans": [{"Node Type": "Aggregate","Strategy": "Plain","Partial Mode": "Partial","Parent Relationship": "Outer","Parallel Aware": false,"Async Capable": false,"Startup Cost": 146408.55,"Total Cost": 146408.56,"Plan Rows": 1,"Plan Width": 32,"Actual Startup Time": 298.406,"Actual Total Time": 298.408,"Actual Rows": 1,"Actual Loops": 5,"Workers": [],"Plans": [{"Node Type": "Seq Scan","Parent Relationship": "Outer","Parallel Aware": true,"Async Capable": false,"Relation Name": "lineitem","Alias": "lineitem","Startup Cost": 0.00,"Total Cost": 146259.83,"Plan Rows": 29742,"Plan Width": 12,"Actual Startup Time": 0.072,"Actual Total Time": 293.199,"Actual Rows": 23896,"Actual Loops": 5,"Filter": "((l_shipdate >= '1996-01-01'::date) AND (l_shipdate < '1997-01-01 00:00:00'::timestamp without time zone) AND (l_discount >= 0.07) AND (l_discount <= 0.09) AND (l_quantity < '25'::numeric))","Rows Removed by Filter": 1176347,"Workers": []}]}]}]},"Planning Time": 2.716,"Triggers": [],"Execution Time": 337.735}]
[{"Plan": {"Node Type": "Aggregate","Strategy": "Plain","Partial Mode": "Finalize","Parallel Aware": false,"Async Capable": false,"Startup Cost": 147410.65,"Total Cost": 147410.66,"Plan Rows": 1,"Plan Width": 32,"Actual Startup Time": 303.311,"Actual Total Time": 336.303,"Actual Rows": 1,"Actual Loops": 1,"Plans": [{"Node Type": "Gather","Parent Relationship": "Outer","Parallel Aware": false,"Async Capable": false,"Startup Cost": 147410.22,"Total Cost": 147410.63,"Plan Rows": 4,"Plan Width": 32,"Actual Startup Time": 303.142,"Actual Total Time": 336.256,"Actual Rows": 5,"Actual Loops": 1,"Workers Planned": 4,"Workers Launched": 4,"Single Copy": false,"Plans": [{"Node Type": "Aggregate","Strategy": "Plain","Partial Mode": "Partial","Parent Relationship": "Outer","Parallel Aware": false,"Async Capable": false,"Startup Cost": 146410.22,"Total Cost": 146410.23,"Plan Rows": 1,"Plan Width": 32,"Actual Startup Time": 296.021,"Actual Total Time": 296.023,"Actual Rows": 1,"Actual Loops": 5,"Workers": [],"Plans": [{"Node Type": "Seq Scan","Parent Relationship": "Outer","Parallel Aware": true,"Async Capable": false,"Relation Name": "lineitem","Alias": "lineitem","Startup Cost": 0.00,"Total Cost": 146259.83,"Plan Rows": 30076,"Plan Width": 12,"Actual Startup Time": 0.153,"Actual Total Time": 290.872,"Actual Rows": 23928,"Actual Loops": 5,"Filter": "((l_shipdate >= '1993-01-01'::date) AND (l_shipdate < '1994-01-01 00:00:00'::timestamp without time zone) AND (l_discount >= 0.07) AND (l_discount <= 0.09) AND (l_quantity < '25'::numeric))","Rows Removed by Filter": 1176315,"Workers": []}]}]}]},"Planning Time": 2.101,"Triggers": [],"Execution Time": 336.525}]
[{"Plan": {"Node Type": "Aggregate","Strategy": "Plain","Partial Mode": "Finalize","Parallel Aware": false,"Async Capable": false,"Startup Cost": 147400.89,"Total Cost": 147400.90,"Plan Rows": 1,"Plan Width": 32,"Actual Startup Time": 302.056,"Actual Total Time": 334.390,"Actual Rows": 1,"Actual Loops": 1,"Plans": [{"Node Type": "Gather","Parent Relationship": "Outer","Parallel Aware": false,"Async Capable": false,"Startup Cost": 147400.46,"Total Cost": 147400.87,"Plan Rows": 4,"Plan Width": 32,"Actual Startup Time": 301.887,"Actual Total Time": 334.361,"Actual Rows": 5,"Actual Loops": 1,"Workers Planned": 4,"Workers Launched": 4,"Single Copy": false,"Plans": [{"Node Type": "Aggregate","Strategy": "Plain","Partial Mode": "Partial","Parent Relationship": "Outer","Parallel Aware": false,"Async Capable": false,"Startup Cost": 146400.46,"Total Cost": 146400.47,"Plan Rows": 1,"Plan Width": 32,"Actual Startup Time": 295.081,"Actual Total Time": 295.082,"Actual Rows": 1,"Actual Loops": 5,"Workers": [],"Plans": [{"Node Type": "Seq Scan","Parent Relationship": "Outer","Parallel Aware": true,"Async Capable": false,"Relation Name": "lineitem","Alias": "lineitem","Startup Cost": 0.00,"Total Cost": 146259.83,"Plan Rows": 28125,"Plan Width": 12,"Actual Startup Time": 0.087,"Actual Total Time": 290.295,"Actual Rows": 22764,"Actual Loops": 5,"Filter": "((l_shipdate >= '1994-01-01'::date) AND (l_shipdate < '1995-01-01 00:00:00'::timestamp without time zone) AND (l_discount >= 0.08) AND (l_discount <= 0.10) AND (l_quantity < '24'::numeric))","Rows Removed by Filter": 1177479,"Workers": []}]}]}]},"Planning Time": 2.411,"Triggers": [],"Execution Time": 334.598}]
[{"Plan": {"Node Type": "Aggregate","Strategy": "Plain","Partial Mode": "Finalize","Parallel Aware": false,"Async Capable": false,"Startup Cost": 147413.89,"Total Cost": 147413.90,"Plan Rows": 1,"Plan Width": 32,"Actual Startup Time": 308.030,"Actual Total Time": 341.362,"Actual Rows": 1,"Actual Loops": 1,"Plans": [{"Node Type": "Gather","Parent Relationship": "Outer","Parallel Aware": false,"Async Capable": false,"Startup Cost": 147413.46,"Total Cost": 147413.87,"Plan Rows": 4,"Plan Width": 32,"Actual Startup Time": 307.843,"Actual Total Time": 341.338,"Actual Rows": 5,"Actual Loops": 1,"Workers Planned": 4,"Workers Launched": 4,"Single Copy": false,"Plans": [{"Node Type": "Aggregate","Strategy": "Plain","Partial Mode": "Partial","Parent Relationship": "Outer","Parallel Aware": false,"Async Capable": false,"Startup Cost": 146413.46,"Total Cost": 146413.47,"Plan Rows": 1,"Plan Width": 32,"Actual Startup Time": 301.033,"Actual Total Time": 301.035,"Actual Rows": 1,"Actual Loops": 5,"Workers": [],"Plans": [{"Node Type": "Seq Scan","Parent Relationship": "Outer","Parallel Aware": true,"Async Capable": false,"Relation Name": "lineitem","Alias": "lineitem","Startup Cost": 0.00,"Total Cost": 146259.83,"Plan Rows": 30725,"Plan Width": 12,"Actual Startup Time": 0.091,"Actual Total Time": 295.781,"Actual Rows": 23959,"Actual Loops": 5,"Filter": "((l_shipdate >= '1995-01-01'::date) AND (l_shipdate < '1996-01-01 00:00:00'::timestamp without time zone) AND (l_discount >= 0.02) AND (l_discount <= 0.04) AND (l_quantity < '25'::numeric))","Rows Removed by Filter": 1176284,"Workers": []}]}]}]},"Planning Time": 2.081,"Triggers": [],"Execution Time": 341.555}]
[{"Plan": {"Node Type": "Aggregate","Strategy": "Plain","Partial Mode": "Finalize","Parallel Aware": false,"Async Capable": false,"Startup Cost": 147402.81,"Total Cost": 147402.82,"Plan Rows": 1,"Plan Width": 32,"Actual Startup Time": 294.451,"Actual Total Time": 326.490,"Actual Rows": 1,"Actual Loops": 1,"Plans": [{"Node Type": "Gather","Parent Relationship": "Outer","Parallel Aware": false,"Async Capable": false,"Startup Cost": 147402.38,"Total Cost": 147402.79,"Plan Rows": 4,"Plan Width": 32,"Actual Startup Time": 294.305,"Actual Total Time": 326.458,"Actual Rows": 5,"Actual Loops": 1,"Workers Planned": 4,"Workers Launched": 4,"Single Copy": false,"Plans": [{"Node Type": "Aggregate","Strategy": "Plain","Partial Mode": "Partial","Parent Relationship": "Outer","Parallel Aware": false,"Async Capable": false,"Startup Cost": 146402.38,"Total Cost": 146402.39,"Plan Rows": 1,"Plan Width": 32,"Actual Startup Time": 287.595,"Actual Total Time": 287.597,"Actual Rows": 1,"Actual Loops": 5,"Workers": [],"Plans": [{"Node Type": "Seq Scan","Parent Relationship": "Outer","Parallel Aware": true,"Async Capable": false,"Relation Name": "lineitem","Alias": "lineitem","Startup Cost": 0.00,"Total Cost": 146259.83,"Plan Rows": 28508,"Plan Width": 12,"Actual Startup Time": 0.070,"Actual Total Time": 282.688,"Actual Rows": 22865,"Actual Loops": 5,"Filter": "((l_shipdate >= '1997-01-01'::date) AND (l_shipdate < '1998-01-01 00:00:00'::timestamp without time zone) AND (l_discount >= 0.05) AND (l_discount <= 0.07) AND (l_quantity < '24'::numeric))","Rows Removed by Filter": 1177378,"Workers": []}]}]}]},"Planning Time": 2.332,"Triggers": [],"Execution Time": 326.700}]
[{"Plan": {"Node Type": "Aggregate","Strategy": "Plain","Partial Mode": "Finalize","Parallel Aware": false,"Async Capable": false,"Startup Cost": 147407.01,"Total Cost": 147407.02,"Plan Rows": 1,"Plan Width": 32,"Actual Startup Time": 300.004,"Actual Total Time": 332.211,"Actual Rows": 1,"Actual Loops": 1,"Plans": [{"Node Type": "Gather","Parent Relationship": "Outer","Parallel Aware": false,"Async Capable": false,"Startup Cost": 147406.58,"Total Cost": 147406.99,"Plan Rows": 4,"Plan Width": 32,"Actual Startup Time": 299.811,"Actual Total Time": 332.172,"Actual Rows": 5,"Actual Loops": 1,"Workers Planned": 4,"Workers Launched": 4,"Single Copy": false,"Plans": [{"Node Type": "Aggregate","Strategy": "Plain","Partial Mode": "Partial","Parent Relationship": "Outer","Parallel Aware": false,"Async Capable": false,"Startup Cost": 146406.58,"Total Cost": 146406.59,"Plan Rows": 1,"Plan Width": 32,"Actual Startup Time": 293.283,"Actual Total Time": 293.285,"Actual Rows": 1,"Actual Loops": 5,"Workers": [],"Plans": [{"Node Type": "Seq Scan","Parent Relationship": "Outer","Parallel Aware": true,"Async Capable": false,"Relation Name": "lineitem","Alias": "lineitem","Startup Cost": 0.00,"Total Cost": 146259.83,"Plan Rows": 29348,"Plan Width": 12,"Actual Startup Time": 0.081,"Actual Total Time": 288.298,"Actual Rows": 23749,"Actual Loops": 5,"Filter": "((l_shipdate >= '1994-01-01'::date) AND (l_shipdate < '1995-01-01 00:00:00'::timestamp without time zone) AND (l_discount >= 0.08) AND (l_discount <= 0.10) AND (l_quantity < '25'::numeric))","Rows Removed by Filter": 1176494,"Workers": []}]}]}]},"Planning Time": 1.968,"Triggers": [],"Execution Time": 332.392}]
[{"Plan": {"Node Type": "Aggregate","Strategy": "Plain","Partial Mode": "Finalize","Parallel Aware": false,"Async Capable": false,"Startup Cost": 147406.05,"Total Cost": 147406.06,"Plan Rows": 1,"Plan Width": 32,"Actual Startup Time": 304.861,"Actual Total Time": 338.017,"Actual Rows": 1,"Actual Loops": 1,"Plans": [{"Node Type": "Gather","Parent Relationship": "Outer","Parallel Aware": false,"Async Capable": false,"Startup Cost": 147405.62,"Total Cost": 147406.03,"Plan Rows": 4,"Plan Width": 32,"Actual Startup Time": 304.681,"Actual Total Time": 337.993,"Actual Rows": 5,"Actual Loops": 1,"Workers Planned": 4,"Workers Launched": 4,"Single Copy": false,"Plans": [{"Node Type": "Aggregate","Strategy": "Plain","Partial Mode": "Partial","Parent Relationship": "Outer","Parallel Aware": false,"Async Capable": false,"Startup Cost": 146405.62,"Total Cost": 146405.63,"Plan Rows": 1,"Plan Width": 32,"Actual Startup Time": 297.689,"Actual Total Time": 297.690,"Actual Rows": 1,"Actual Loops": 5,"Workers": [],"Plans": [{"Node Type": "Seq Scan","Parent Relationship": "Outer","Parallel Aware": true,"Async Capable": false,"Relation Name": "lineitem","Alias": "lineitem","Startup Cost": 0.00,"Total Cost": 146259.83,"Plan Rows": 29157,"Plan Width": 12,"Actual Startup Time": 0.085,"Actual Total Time": 292.826,"Actual Rows": 22994,"Actual Loops": 5,"Filter": "((l_shipdate >= '1995-01-01'::date) AND (l_shipdate < '1996-01-01 00:00:00'::timestamp without time zone) AND (l_discount >= 0.03) AND (l_discount <= 0.05) AND (l_quantity < '24'::numeric))","Rows Removed by Filter": 1177249,"Workers": []}]}]}]},"Planning Time": 2.567,"Triggers": [],"Execution Time": 338.225}]
[{"Plan": {"Node Type": "Aggregate","Strategy": "Plain","Partial Mode": "Finalize","Parallel Aware": false,"Async Capable": false,"Startup Cost": 147410.52,"Total Cost": 147410.53,"Plan Rows": 1,"Plan Width": 32,"Actual Startup Time": 313.792,"Actual Total Time": 346.158,"Actual Rows": 1,"Actual Loops": 1,"Plans": [{"Node Type": "Gather","Parent Relationship": "Outer","Parallel Aware": false,"Async Capable": false,"Startup Cost": 147410.09,"Total Cost": 147410.50,"Plan Rows": 4,"Plan Width": 32,"Actual Startup Time": 313.589,"Actual Total Time": 346.120,"Actual Rows": 5,"Actual Loops": 1,"Workers Planned": 4,"Workers Launched": 4,"Single Copy": false,"Plans": [{"Node Type": "Aggregate","Strategy": "Plain","Partial Mode": "Partial","Parent Relationship": "Outer","Parallel Aware": false,"Async Capable": false,"Startup Cost": 146410.09,"Total Cost": 146410.10,"Plan Rows": 1,"Plan Width": 32,"Actual Startup Time": 306.243,"Actual Total Time": 306.244,"Actual Rows": 1,"Actual Loops": 5,"Workers": [],"Plans": [{"Node Type": "Seq Scan","Parent Relationship": "Outer","Parallel Aware": true,"Async Capable": false,"Relation Name": "lineitem","Alias": "lineitem","Startup Cost": 0.00,"Total Cost": 146259.83,"Plan Rows": 30051,"Plan Width": 12,"Actual Startup Time": 0.075,"Actual Total Time": 301.192,"Actual Rows": 23937,"Actual Loops": 5,"Filter": "((l_shipdate >= '1996-01-01'::date) AND (l_shipdate < '1997-01-01 00:00:00'::timestamp without time zone) AND (l_discount >= 0.01) AND (l_discount <= 0.03) AND (l_quantity < '25'::numeric))","Rows Removed by Filter": 1176306,"Workers": []}]}]}]},"Planning Time": 2.507,"Triggers": [],"Execution Time": 346.410}]
[{"Plan": {"Node Type": "Aggregate","Strategy": "Plain","Partial Mode": "Finalize","Parallel Aware": false,"Async Capable": false,"Startup Cost": 147411.57,"Total Cost": 147411.58,"Plan Rows": 1,"Plan Width": 32,"Actual Startup Time": 305.127,"Actual Total Time": 338.310,"Actual Rows": 1,"Actual Loops": 1,"Plans": [{"Node Type": "Gather","Parent Relationship": "Outer","Parallel Aware": false,"Async Capable": false,"Startup Cost": 147411.14,"Total Cost": 147411.55,"Plan Rows": 4,"Plan Width": 32,"Actual Startup Time": 304.951,"Actual Total Time": 338.280,"Actual Rows": 5,"Actual Loops": 1,"Workers Planned": 4,"Workers Launched": 4,"Single Copy": false,"Plans": [{"Node Type": "Aggregate","Strategy": "Plain","Partial Mode": "Partial","Parent Relationship": "Outer","Parallel Aware": false,"Async Capable": false,"Startup Cost": 146411.14,"Total Cost": 146411.15,"Plan Rows": 1,"Plan Width": 32,"Actual Startup Time": 298.060,"Actual Total Time": 298.064,"Actual Rows": 1,"Actual Loops": 5,"Workers": [],"Plans": [{"Node Type": "Seq Scan","Parent Relationship": "Outer","Parallel Aware": true,"Async Capable": false,"Relation Name": "lineitem","Alias": "lineitem","Startup Cost": 0.00,"Total Cost": 146259.83,"Plan Rows": 30260,"Plan Width": 12,"Actual Startup Time": 0.091,"Actual Total Time": 293.071,"Actual Rows": 23842,"Actual Loops": 5,"Filter": "((l_shipdate >= '1993-01-01'::date) AND (l_shipdate < '1994-01-01 00:00:00'::timestamp without time zone) AND (l_discount >= 0.06) AND (l_discount <= 0.08) AND (l_quantity < '25'::numeric))","Rows Removed by Filter": 1176401,"Workers": []}]}]}]},"Planning Time": 2.468,"Triggers": [],"Execution Time": 338.525}]
[{"Plan": {"Node Type": "Aggregate","Strategy": "Plain","Partial Mode": "Finalize","Parallel Aware": false,"Async Capable": false,"Startup Cost": 147410.59,"Total Cost": 147410.60,"Plan Rows": 1,"Plan Width": 32,"Actual Startup Time": 295.084,"Actual Total Time": 327.277,"Actual Rows": 1,"Actual Loops": 1,"Plans": [{"Node Type": "Gather","Parent Relationship": "Outer","Parallel Aware": false,"Async Capable": false,"Startup Cost": 147410.16,"Total Cost": 147410.57,"Plan Rows": 4,"Plan Width": 32,"Actual Startup Time": 294.923,"Actual Total Time": 327.239,"Actual Rows": 5,"Actual Loops": 1,"Workers Planned": 4,"Workers Launched": 4,"Single Copy": false,"Plans": [{"Node Type": "Aggregate","Strategy": "Plain","Partial Mode": "Partial","Parent Relationship": "Outer","Parallel Aware": false,"Async Capable": false,"Startup Cost": 146410.16,"Total Cost": 146410.17,"Plan Rows": 1,"Plan Width": 32,"Actual Startup Time": 288.077,"Actual Total Time": 288.081,"Actual Rows": 1,"Actual Loops": 5,"Workers": [],"Plans": [{"Node Type": "Seq Scan","Parent Relationship": "Outer","Parallel Aware": true,"Async Capable": false,"Relation Name": "lineitem","Alias": "lineitem","Startup Cost": 0.00,"Total Cost": 146259.83,"Plan Rows": 30065,"Plan Width": 12,"Actual Startup Time": 0.083,"Actual Total Time": 282.992,"Actual Rows": 23829,"Actual Loops": 5,"Filter": "((l_shipdate >= '1997-01-01'::date) AND (l_shipdate < '1998-01-01 00:00:00'::timestamp without time zone) AND (l_discount >= 0.01) AND (l_discount <= 0.03) AND (l_quantity < '25'::numeric))","Rows Removed by Filter": 1176414,"Workers": []}]}]}]},"Planning Time": 2.956,"Triggers": [],"Execution Time": 327.522}]
[{"Plan": {"Node Type": "Aggregate","Strategy": "Plain","Partial Mode": "Finalize","Parallel Aware": false,"Async Capable": false,"Startup Cost": 147404.26,"Total Cost": 147404.27,"Plan Rows": 1,"Plan Width": 32,"Actual Startup Time": 307.701,"Actual Total Time": 341.025,"Actual Rows": 1,"Actual Loops": 1,"Plans": [{"Node Type": "Gather","Parent Relationship": "Outer","Parallel Aware": false,"Async Capable": false,"Startup Cost": 147403.83,"Total Cost": 147404.24,"Plan Rows": 4,"Plan Width": 32,"Actual Startup Time": 307.548,"Actual Total Time": 340.986,"Actual Rows": 5,"Actual Loops": 1,"Workers Planned": 4,"Workers Launched": 4,"Single Copy": false,"Plans": [{"Node Type": "Aggregate","Strategy": "Plain","Partial Mode": "Partial","Parent Relationship": "Outer","Parallel Aware": false,"Async Capable": false,"Startup Cost": 146403.83,"Total Cost": 146403.84,"Plan Rows": 1,"Plan Width": 32,"Actual Startup Time": 300.209,"Actual Total Time": 300.210,"Actual Rows": 1,"Actual Loops": 5,"Workers": [],"Plans": [{"Node Type": "Seq Scan","Parent Relationship": "Outer","Parallel Aware": true,"Async Capable": false,"Relation Name": "lineitem","Alias": "lineitem","Startup Cost": 0.00,"Total Cost": 146259.83,"Plan Rows": 28799,"Plan Width": 12,"Actual Startup Time": 0.104,"Actual Total Time": 295.271,"Actual Rows": 22953,"Actual Loops": 5,"Filter": "((l_shipdate >= '1996-01-01'::date) AND (l_shipdate < '1997-01-01 00:00:00'::timestamp without time zone) AND (l_discount >= 0.01) AND (l_discount <= 0.03) AND (l_quantity < '24'::numeric))","Rows Removed by Filter": 1177290,"Workers": []}]}]}]},"Planning Time": 2.573,"Triggers": [],"Execution Time": 341.309}]
[{"Plan": {"Node Type": "Aggregate","Strategy": "Plain","Partial Mode": "Finalize","Parallel Aware": false,"Async Capable": false,"Startup Cost": 147403.65,"Total Cost": 147403.66,"Plan Rows": 1,"Plan Width": 32,"Actual Startup Time": 306.844,"Actual Total Time": 339.585,"Actual Rows": 1,"Actual Loops": 1,"Plans": [{"Node Type": "Gather","Parent Relationship": "Outer","Parallel Aware": false,"Async Capable": false,"Startup Cost": 147403.22,"Total Cost": 147403.63,"Plan Rows": 4,"Plan Width": 32,"Actual Startup Time": 306.631,"Actual Total Time": 339.542,"Actual Rows": 5,"Actual Loops": 1,"Workers Planned": 4,"Workers Launched": 4,"Single Copy": false,"Plans": [{"Node Type": "Aggregate","Strategy": "Plain","Partial Mode": "Partial","Parent Relationship": "Outer","Parallel Aware": false,"Async Capable": false,"Startup Cost": 146403.22,"Total Cost": 146403.23,"Plan Rows": 1,"Plan Width": 32,"Actual Startup Time": 299.600,"Actual Total Time": 299.602,"Actual Rows": 1,"Actual Loops": 5,"Workers": [],"Plans": [{"Node Type": "Seq Scan","Parent Relationship": "Outer","Parallel Aware": true,"Async Capable": false,"Relation Name": "lineitem","Alias": "lineitem","Startup Cost": 0.00,"Total Cost": 146259.83,"Plan Rows": 28677,"Plan Width": 12,"Actual Startup Time": 0.098,"Actual Total Time": 294.705,"Actual Rows": 22813,"Actual Loops": 5,"Filter": "((l_shipdate >= '1996-01-01'::date) AND (l_shipdate < '1997-01-01 00:00:00'::timestamp without time zone) AND (l_discount >= 0.06) AND (l_discount <= 0.08) AND (l_quantity < '24'::numeric))","Rows Removed by Filter": 1177430,"Workers": []}]}]}]},"Planning Time": 2.882,"Triggers": [],"Execution Time": 339.849}]
[{"Plan": {"Node Type": "Aggregate","Strategy": "Plain","Partial Mode": "Finalize","Parallel Aware": false,"Async Capable": false,"Startup Cost": 147405.26,"Total Cost": 147405.27,"Plan Rows": 1,"Plan Width": 32,"Actual Startup Time": 306.477,"Actual Total Time": 339.382,"Actual Rows": 1,"Actual Loops": 1,"Plans": [{"Node Type": "Gather","Parent Relationship": "Outer","Parallel Aware": false,"Async Capable": false,"Startup Cost": 147404.83,"Total Cost": 147405.24,"Plan Rows": 4,"Plan Width": 32,"Actual Startup Time": 306.305,"Actual Total Time": 339.344,"Actual Rows": 5,"Actual Loops": 1,"Workers Planned": 4,"Workers Launched": 4,"Single Copy": false,"Plans": [{"Node Type": "Aggregate","Strategy": "Plain","Partial Mode": "Partial","Parent Relationship": "Outer","Parallel Aware": false,"Async Capable": false,"Startup Cost": 146404.83,"Total Cost": 146404.84,"Plan Rows": 1,"Plan Width": 32,"Actual Startup Time": 299.014,"Actual Total Time": 299.016,"Actual Rows": 1,"Actual Loops": 5,"Workers": [],"Plans": [{"Node Type": "Seq Scan","Parent Relationship": "Outer","Parallel Aware": true,"Async Capable": false,"Relation Name": "lineitem","Alias": "lineitem","Startup Cost": 0.00,"Total Cost": 146259.83,"Plan Rows": 28999,"Plan Width": 12,"Actual Startup Time": 0.083,"Actual Total Time": 294.183,"Actual Rows": 22844,"Actual Loops": 5,"Filter": "((l_shipdate >= '1993-01-01'::date) AND (l_shipdate < '1994-01-01 00:00:00'::timestamp without time zone) AND (l_discount >= 0.06) AND (l_discount <= 0.08) AND (l_quantity < '24'::numeric))","Rows Removed by Filter": 1177399,"Workers": []}]}]}]},"Planning Time": 2.665,"Triggers": [],"Execution Time": 339.628}]
[{"Plan": {"Node Type": "Aggregate","Strategy": "Plain","Partial Mode": "Finalize","Parallel Aware": false,"Async Capable": false,"Startup Cost": 147402.84,"Total Cost": 147402.85,"Plan Rows": 1,"Plan Width": 32,"Actual Startup Time": 298.186,"Actual Total Time": 330.015,"Actual Rows": 1,"Actual Loops": 1,"Plans": [{"Node Type": "Gather","Parent Relationship": "Outer","Parallel Aware": false,"Async Capable": false,"Startup Cost": 147402.41,"Total Cost": 147402.82,"Plan Rows": 4,"Plan Width": 32,"Actual Startup Time": 297.975,"Actual Total Time": 329.991,"Actual Rows": 5,"Actual Loops": 1,"Workers Planned": 4,"Workers Launched": 4,"Single Copy": false,"Plans": [{"Node Type": "Aggregate","Strategy": "Plain","Partial Mode": "Partial","Parent Relationship": "Outer","Parallel Aware": false,"Async Capable": false,"Startup Cost": 146402.41,"Total Cost": 146402.42,"Plan Rows": 1,"Plan Width": 32,"Actual Startup Time": 291.387,"Actual Total Time": 291.388,"Actual Rows": 1,"Actual Loops": 5,"Workers": [],"Plans": [{"Node Type": "Seq Scan","Parent Relationship": "Outer","Parallel Aware": true,"Async Capable": false,"Relation Name": "lineitem","Alias": "lineitem","Startup Cost": 0.00,"Total Cost": 146259.83,"Plan Rows": 28515,"Plan Width": 12,"Actual Startup Time": 0.057,"Actual Total Time": 286.544,"Actual Rows": 22836,"Actual Loops": 5,"Filter": "((l_shipdate >= '1997-01-01'::date) AND (l_shipdate < '1998-01-01 00:00:00'::timestamp without time zone) AND (l_discount >= 0.07) AND (l_discount <= 0.09) AND (l_quantity < '24'::numeric))","Rows Removed by Filter": 1177407,"Workers": []}]}]}]},"Planning Time": 2.561,"Triggers": [],"Execution Time": 330.227}]
[{"Plan": {"Node Type": "Aggregate","Strategy": "Plain","Partial Mode": "Finalize","Parallel Aware": false,"Async Capable": false,"Startup Cost": 147407.81,"Total Cost": 147407.82,"Plan Rows": 1,"Plan Width": 32,"Actual Startup Time": 300.645,"Actual Total Time": 333.639,"Actual Rows": 1,"Actual Loops": 1,"Plans": [{"Node Type": "Gather","Parent Relationship": "Outer","Parallel Aware": false,"Async Capable": false,"Startup Cost": 147407.38,"Total Cost": 147407.79,"Plan Rows": 4,"Plan Width": 32,"Actual Startup Time": 300.465,"Actual Total Time": 333.595,"Actual Rows": 5,"Actual Loops": 1,"Workers Planned": 4,"Workers Launched": 4,"Single Copy": false,"Plans": [{"Node Type": "Aggregate","Strategy": "Plain","Partial Mode": "Partial","Parent Relationship": "Outer","Parallel Aware": false,"Async Capable": false,"Startup Cost": 146407.38,"Total Cost": 146407.39,"Plan Rows": 1,"Plan Width": 32,"Actual Startup Time": 293.562,"Actual Total Time": 293.563,"Actual Rows": 1,"Actual Loops": 5,"Workers": [],"Plans": [{"Node Type": "Seq Scan","Parent Relationship": "Outer","Parallel Aware": true,"Async Capable": false,"Relation Name": "lineitem","Alias": "lineitem","Startup Cost": 0.00,"Total Cost": 146259.83,"Plan Rows": 29509,"Plan Width": 12,"Actual Startup Time": 0.062,"Actual Total Time": 288.418,"Actual Rows": 23989,"Actual Loops": 5,"Filter": "((l_shipdate >= '1996-01-01'::date) AND (l_shipdate < '1997-01-01 00:00:00'::timestamp without time zone) AND (l_discount >= 0.08) AND (l_discount <= 0.10) AND (l_quantity < '25'::numeric))","Rows Removed by Filter": 1176254,"Workers": []}]}]}]},"Planning Time": 2.654,"Triggers": [],"Execution Time": 333.850}]
[{"Plan": {"Node Type": "Aggregate","Strategy": "Plain","Partial Mode": "Finalize","Parallel Aware": false,"Async Capable": false,"Startup Cost": 147414.87,"Total Cost": 147414.88,"Plan Rows": 1,"Plan Width": 32,"Actual Startup Time": 312.772,"Actual Total Time": 345.751,"Actual Rows": 1,"Actual Loops": 1,"Plans": [{"Node Type": "Gather","Parent Relationship": "Outer","Parallel Aware": false,"Async Capable": false,"Startup Cost": 147414.44,"Total Cost": 147414.85,"Plan Rows": 4,"Plan Width": 32,"Actual Startup Time": 312.597,"Actual Total Time": 345.709,"Actual Rows": 5,"Actual Loops": 1,"Workers Planned": 4,"Workers Launched": 4,"Single Copy": false,"Plans": [{"Node Type": "Aggregate","Strategy": "Plain","Partial Mode": "Partial","Parent Relationship": "Outer","Parallel Aware": false,"Async Capable": false,"Startup Cost": 146414.44,"Total Cost": 146414.45,"Plan Rows": 1,"Plan Width": 32,"Actual Startup Time": 305.497,"Actual Total Time": 305.499,"Actual Rows": 1,"Actual Loops": 5,"Workers": [],"Plans": [{"Node Type": "Seq Scan","Parent Relationship": "Outer","Parallel Aware": true,"Async Capable": false,"Relation Name": "lineitem","Alias": "lineitem","Startup Cost": 0.00,"Total Cost": 146259.83,"Plan Rows": 30920,"Plan Width": 12,"Actual Startup Time": 0.107,"Actual Total Time": 300.442,"Actual Rows": 23898,"Actual Loops": 5,"Filter": "((l_shipdate >= '1995-01-01'::date) AND (l_shipdate < '1996-01-01 00:00:00'::timestamp without time zone) AND (l_discount >= 0.01) AND (l_discount <= 0.03) AND (l_quantity < '25'::numeric))","Rows Removed by Filter": 1176345,"Workers": []}]}]}]},"Planning Time": 2.074,"Triggers": [],"Execution Time": 345.982}]
[{"Plan": {"Node Type": "Aggregate","Strategy": "Plain","Partial Mode": "Finalize","Parallel Aware": false,"Async Capable": false,"Startup Cost": 147408.12,"Total Cost": 147408.13,"Plan Rows": 1,"Plan Width": 32,"Actual Startup Time": 302.869,"Actual Total Time": 334.962,"Actual Rows": 1,"Actual Loops": 1,"Plans": [{"Node Type": "Gather","Parent Relationship": "Outer","Parallel Aware": false,"Async Capable": false,"Startup Cost": 147407.69,"Total Cost": 147408.10,"Plan Rows": 4,"Plan Width": 32,"Actual Startup Time": 302.692,"Actual Total Time": 334.930,"Actual Rows": 5,"Actual Loops": 1,"Workers Planned": 4,"Workers Launched": 4,"Single Copy": false,"Plans": [{"Node Type": "Aggregate","Strategy": "Plain","Partial Mode": "Partial","Parent Relationship": "Outer","Parallel Aware": false,"Async Capable": false,"Startup Cost": 146407.69,"Total Cost": 146407.70,"Plan Rows": 1,"Plan Width": 32,"Actual Startup Time": 295.948,"Actual Total Time": 295.950,"Actual Rows": 1,"Actual Loops": 5,"Workers": [],"Plans": [{"Node Type": "Seq Scan","Parent Relationship": "Outer","Parallel Aware": true,"Async Capable": false,"Relation Name": "lineitem","Alias": "lineitem","Startup Cost": 0.00,"Total Cost": 146259.83,"Plan Rows": 29571,"Plan Width": 12,"Actual Startup Time": 0.058,"Actual Total Time": 290.841,"Actual Rows": 23866,"Actual Loops": 5,"Filter": "((l_shipdate >= '1996-01-01'::date) AND (l_shipdate < '1997-01-01 00:00:00'::timestamp without time zone) AND (l_discount >= 0.03) AND (l_discount <= 0.05) AND (l_quantity < '25'::numeric))","Rows Removed by Filter": 1176377,"Workers": []}]}]}]},"Planning Time": 2.159,"Triggers": [],"Execution Time": 335.158}]
[{"Plan": {"Node Type": "Aggregate","Strategy": "Plain","Partial Mode": "Finalize","Parallel Aware": false,"Async Capable": false,"Startup Cost": 147407.01,"Total Cost": 147407.02,"Plan Rows": 1,"Plan Width": 32,"Actual Startup Time": 300.004,"Actual Total Time": 332.211,"Actual Rows": 1,"Actual Loops": 1,"Plans": [{"Node Type": "Gather","Parent Relationship": "Outer","Parallel Aware": false,"Async Capable": false,"Startup Cost": 147406.58,"Total Cost": 147406.99,"Plan Rows": 4,"Plan Width": 32,"Actual Startup Time": 299.811,"Actual Total Time": 332.172,"Actual Rows": 5,"Actual Loops": 1,"Workers Planned": 4,"Workers Launched": 4,"Single Copy": false,"Plans": [{"Node Type": "Aggregate","Strategy": "Plain","Partial Mode": "Partial","Parent Relationship": "Outer","Parallel Aware": false,"Async Capable": false,"Startup Cost": 146406.58,"Total Cost": 146406.59,"Plan Rows": 1,"Plan Width": 32,"Actual Startup Time": 293.283,"Actual Total Time": 293.285,"Actual Rows": 1,"Actual Loops": 5,"Workers": [],"Plans": [{"Node Type": "Seq Scan","Parent Relationship": "Outer","Parallel Aware": true,"Async Capable": false,"Relation Name": "lineitem","Alias": "lineitem","Startup Cost": 0.00,"Total Cost": 146259.83,"Plan Rows": 29348,"Plan Width": 12,"Actual Startup Time": 0.081,"Actual Total Time": 288.298,"Actual Rows": 23749,"Actual Loops": 5,"Filter": "((l_shipdate >= '1994-01-01'::date) AND (l_shipdate < '1995-01-01 00:00:00'::timestamp without time zone) AND (l_discount >= 0.08) AND (l_discount <= 0.10) AND (l_quantity < '25'::numeric))","Rows Removed by Filter": 1176494,"Workers": []}]}]}]},"Planning Time": 1.968,"Triggers": [],"Execution Time": 332.392}]
[{"Plan": {"Node Type": "Aggregate","Strategy": "Plain","Partial Mode": "Finalize","Parallel Aware": false,"Async Capable": false,"Startup Cost": 147402.74,"Total Cost": 147402.75,"Plan Rows": 1,"Plan Width": 32,"Actual Startup Time": 294.972,"Actual Total Time": 327.491,"Actual Rows": 1,"Actual Loops": 1,"Plans": [{"Node Type": "Gather","Parent Relationship": "Outer","Parallel Aware": false,"Async Capable": false,"Startup Cost": 147402.31,"Total Cost": 147402.72,"Plan Rows": 4,"Plan Width": 32,"Actual Startup Time": 294.803,"Actual Total Time": 327.457,"Actual Rows": 5,"Actual Loops": 1,"Workers Planned": 4,"Workers Launched": 4,"Single Copy": false,"Plans": [{"Node Type": "Aggregate","Strategy": "Plain","Partial Mode": "Partial","Parent Relationship": "Outer","Parallel Aware": false,"Async Capable": false,"Startup Cost": 146402.31,"Total Cost": 146402.32,"Plan Rows": 1,"Plan Width": 32,"Actual Startup Time": 288.287,"Actual Total Time": 288.289,"Actual Rows": 1,"Actual Loops": 5,"Workers": [],"Plans": [{"Node Type": "Seq Scan","Parent Relationship": "Outer","Parallel Aware": true,"Async Capable": false,"Relation Name": "lineitem","Alias": "lineitem","Startup Cost": 0.00,"Total Cost": 146259.83,"Plan Rows": 28495,"Plan Width": 12,"Actual Startup Time": 0.083,"Actual Total Time": 283.417,"Actual Rows": 22816,"Actual Loops": 5,"Filter": "((l_shipdate >= '1996-01-01'::date) AND (l_shipdate < '1997-01-01 00:00:00'::timestamp without time zone) AND (l_discount >= 0.05) AND (l_discount <= 0.07) AND (l_quantity < '24'::numeric))","Rows Removed by Filter": 1177427,"Workers": []}]}]}]},"Planning Time": 2.656,"Triggers": [],"Execution Time": 327.682}]
[{"Plan": {"Node Type": "Aggregate","Strategy": "Plain","Partial Mode": "Finalize","Parallel Aware": false,"Async Capable": false,"Startup Cost": 147404.33,"Total Cost": 147404.34,"Plan Rows": 1,"Plan Width": 32,"Actual Startup Time": 309.247,"Actual Total Time": 341.963,"Actual Rows": 1,"Actual Loops": 1,"Plans": [{"Node Type": "Gather","Parent Relationship": "Outer","Parallel Aware": false,"Async Capable": false,"Startup Cost": 147403.90,"Total Cost": 147404.31,"Plan Rows": 4,"Plan Width": 32,"Actual Startup Time": 309.077,"Actual Total Time": 341.925,"Actual Rows": 5,"Actual Loops": 1,"Workers Planned": 4,"Workers Launched": 4,"Single Copy": false,"Plans": [{"Node Type": "Aggregate","Strategy": "Plain","Partial Mode": "Partial","Parent Relationship": "Outer","Parallel Aware": false,"Async Capable": false,"Startup Cost": 146403.90,"Total Cost": 146403.91,"Plan Rows": 1,"Plan Width": 32,"Actual Startup Time": 302.050,"Actual Total Time": 302.052,"Actual Rows": 1,"Actual Loops": 5,"Workers": [],"Plans": [{"Node Type": "Seq Scan","Parent Relationship": "Outer","Parallel Aware": true,"Async Capable": false,"Relation Name": "lineitem","Alias": "lineitem","Startup Cost": 0.00,"Total Cost": 146259.83,"Plan Rows": 28812,"Plan Width": 12,"Actual Startup Time": 0.087,"Actual Total Time": 297.201,"Actual Rows": 22841,"Actual Loops": 5,"Filter": "((l_shipdate >= '1997-01-01'::date) AND (l_shipdate < '1998-01-01 00:00:00'::timestamp without time zone) AND (l_discount >= 0.01) AND (l_discount <= 0.03) AND (l_quantity < '24'::numeric))","Rows Removed by Filter": 1177402,"Workers": []}]}]}]},"Planning Time": 2.212,"Triggers": [],"Execution Time": 342.131}]
[{"Plan": {"Node Type": "Aggregate","Strategy": "Plain","Partial Mode": "Finalize","Parallel Aware": false,"Async Capable": false,"Startup Cost": 147404.26,"Total Cost": 147404.27,"Plan Rows": 1,"Plan Width": 32,"Actual Startup Time": 307.701,"Actual Total Time": 341.025,"Actual Rows": 1,"Actual Loops": 1,"Plans": [{"Node Type": "Gather","Parent Relationship": "Outer","Parallel Aware": false,"Async Capable": false,"Startup Cost": 147403.83,"Total Cost": 147404.24,"Plan Rows": 4,"Plan Width": 32,"Actual Startup Time": 307.548,"Actual Total Time": 340.986,"Actual Rows": 5,"Actual Loops": 1,"Workers Planned": 4,"Workers Launched": 4,"Single Copy": false,"Plans": [{"Node Type": "Aggregate","Strategy": "Plain","Partial Mode": "Partial","Parent Relationship": "Outer","Parallel Aware": false,"Async Capable": false,"Startup Cost": 146403.83,"Total Cost": 146403.84,"Plan Rows": 1,"Plan Width": 32,"Actual Startup Time": 300.209,"Actual Total Time": 300.210,"Actual Rows": 1,"Actual Loops": 5,"Workers": [],"Plans": [{"Node Type": "Seq Scan","Parent Relationship": "Outer","Parallel Aware": true,"Async Capable": false,"Relation Name": "lineitem","Alias": "lineitem","Startup Cost": 0.00,"Total Cost": 146259.83,"Plan Rows": 28799,"Plan Width": 12,"Actual Startup Time": 0.104,"Actual Total Time": 295.271,"Actual Rows": 22953,"Actual Loops": 5,"Filter": "((l_shipdate >= '1996-01-01'::date) AND (l_shipdate < '1997-01-01 00:00:00'::timestamp without time zone) AND (l_discount >= 0.01) AND (l_discount <= 0.03) AND (l_quantity < '24'::numeric))","Rows Removed by Filter": 1177290,"Workers": []}]}]}]},"Planning Time": 2.573,"Triggers": [],"Execution Time": 341.309}]
[{"Plan": {"Node Type": "Aggregate","Strategy": "Plain","Partial Mode": "Finalize","Parallel Aware": false,"Async Capable": false,"Startup Cost": 147405.88,"Total Cost": 147405.89,"Plan Rows": 1,"Plan Width": 32,"Actual Startup Time": 305.694,"Actual Total Time": 338.072,"Actual Rows": 1,"Actual Loops": 1,"Plans": [{"Node Type": "Gather","Parent Relationship": "Outer","Parallel Aware": false,"Async Capable": false,"Startup Cost": 147405.45,"Total Cost": 147405.86,"Plan Rows": 4,"Plan Width": 32,"Actual Startup Time": 305.534,"Actual Total Time": 338.050,"Actual Rows": 5,"Actual Loops": 1,"Workers Planned": 4,"Workers Launched": 4,"Single Copy": false,"Plans": [{"Node Type": "Aggregate","Strategy": "Plain","Partial Mode": "Partial","Parent Relationship": "Outer","Parallel Aware": false,"Async Capable": false,"Startup Cost": 146405.45,"Total Cost": 146405.46,"Plan Rows": 1,"Plan Width": 32,"Actual Startup Time": 298.920,"Actual Total Time": 298.921,"Actual Rows": 1,"Actual Loops": 5,"Workers": [],"Plans": [{"Node Type": "Seq Scan","Parent Relationship": "Outer","Parallel Aware": true,"Async Capable": false,"Relation Name": "lineitem","Alias": "lineitem","Startup Cost": 0.00,"Total Cost": 146259.83,"Plan Rows": 29122,"Plan Width": 12,"Actual Startup Time": 0.100,"Actual Total Time": 294.160,"Actual Rows": 22732,"Actual Loops": 5,"Filter": "((l_shipdate >= '1993-01-01'::date) AND (l_shipdate < '1994-01-01 00:00:00'::timestamp without time zone) AND (l_discount >= 0.01) AND (l_discount <= 0.03) AND (l_quantity < '24'::numeric))","Rows Removed by Filter": 1177511,"Workers": []}]}]}]},"Planning Time": 2.133,"Triggers": [],"Execution Time": 338.277}]
[{"Plan": {"Node Type": "Aggregate","Strategy": "Plain","Partial Mode": "Finalize","Parallel Aware": false,"Async Capable": false,"Startup Cost": 147414.87,"Total Cost": 147414.88,"Plan Rows": 1,"Plan Width": 32,"Actual Startup Time": 312.772,"Actual Total Time": 345.751,"Actual Rows": 1,"Actual Loops": 1,"Plans": [{"Node Type": "Gather","Parent Relationship": "Outer","Parallel Aware": false,"Async Capable": false,"Startup Cost": 147414.44,"Total Cost": 147414.85,"Plan Rows": 4,"Plan Width": 32,"Actual Startup Time": 312.597,"Actual Total Time": 345.709,"Actual Rows": 5,"Actual Loops": 1,"Workers Planned": 4,"Workers Launched": 4,"Single Copy": false,"Plans": [{"Node Type": "Aggregate","Strategy": "Plain","Partial Mode": "Partial","Parent Relationship": "Outer","Parallel Aware": false,"Async Capable": false,"Startup Cost": 146414.44,"Total Cost": 146414.45,"Plan Rows": 1,"Plan Width": 32,"Actual Startup Time": 305.497,"Actual Total Time": 305.499,"Actual Rows": 1,"Actual Loops": 5,"Workers": [],"Plans": [{"Node Type": "Seq Scan","Parent Relationship": "Outer","Parallel Aware": true,"Async Capable": false,"Relation Name": "lineitem","Alias": "lineitem","Startup Cost": 0.00,"Total Cost": 146259.83,"Plan Rows": 30920,"Plan Width": 12,"Actual Startup Time": 0.107,"Actual Total Time": 300.442,"Actual Rows": 23898,"Actual Loops": 5,"Filter": "((l_shipdate >= '1995-01-01'::date) AND (l_shipdate < '1996-01-01 00:00:00'::timestamp without time zone) AND (l_discount >= 0.01) AND (l_discount <= 0.03) AND (l_quantity < '25'::numeric))","Rows Removed by Filter": 1176345,"Workers": []}]}]}]},"Planning Time": 2.074,"Triggers": [],"Execution Time": 345.982}]
[{"Plan": {"Node Type": "Aggregate","Strategy": "Plain","Partial Mode": "Finalize","Parallel Aware": false,"Async Capable": false,"Startup Cost": 147412.40,"Total Cost": 147412.41,"Plan Rows": 1,"Plan Width": 32,"Actual Startup Time": 305.125,"Actual Total Time": 338.000,"Actual Rows": 1,"Actual Loops": 1,"Plans": [{"Node Type": "Gather","Parent Relationship": "Outer","Parallel Aware": false,"Async Capable": false,"Startup Cost": 147411.97,"Total Cost": 147412.38,"Plan Rows": 4,"Plan Width": 32,"Actual Startup Time": 304.936,"Actual Total Time": 337.966,"Actual Rows": 5,"Actual Loops": 1,"Workers Planned": 4,"Workers Launched": 4,"Single Copy": false,"Plans": [{"Node Type": "Aggregate","Strategy": "Plain","Partial Mode": "Partial","Parent Relationship": "Outer","Parallel Aware": false,"Async Capable": false,"Startup Cost": 146411.97,"Total Cost": 146411.98,"Plan Rows": 1,"Plan Width": 32,"Actual Startup Time": 297.358,"Actual Total Time": 297.360,"Actual Rows": 1,"Actual Loops": 5,"Workers": [],"Plans": [{"Node Type": "Seq Scan","Parent Relationship": "Outer","Parallel Aware": true,"Async Capable": false,"Relation Name": "lineitem","Alias": "lineitem","Startup Cost": 0.00,"Total Cost": 146259.83,"Plan Rows": 30426,"Plan Width": 12,"Actual Startup Time": 0.120,"Actual Total Time": 292.231,"Actual Rows": 24007,"Actual Loops": 5,"Filter": "((l_shipdate >= '1995-01-01'::date) AND (l_shipdate < '1996-01-01 00:00:00'::timestamp without time zone) AND (l_discount >= 0.03) AND (l_discount <= 0.05) AND (l_quantity < '25'::numeric))","Rows Removed by Filter": 1176236,"Workers": []}]}]}]},"Planning Time": 2.540,"Triggers": [],"Execution Time": 338.229}]
[{"Plan": {"Node Type": "Aggregate","Strategy": "Plain","Partial Mode": "Finalize","Parallel Aware": false,"Async Capable": false,"Startup Cost": 147404.26,"Total Cost": 147404.27,"Plan Rows": 1,"Plan Width": 32,"Actual Startup Time": 307.701,"Actual Total Time": 341.025,"Actual Rows": 1,"Actual Loops": 1,"Plans": [{"Node Type": "Gather","Parent Relationship": "Outer","Parallel Aware": false,"Async Capable": false,"Startup Cost": 147403.83,"Total Cost": 147404.24,"Plan Rows": 4,"Plan Width": 32,"Actual Startup Time": 307.548,"Actual Total Time": 340.986,"Actual Rows": 5,"Actual Loops": 1,"Workers Planned": 4,"Workers Launched": 4,"Single Copy": false,"Plans": [{"Node Type": "Aggregate","Strategy": "Plain","Partial Mode": "Partial","Parent Relationship": "Outer","Parallel Aware": false,"Async Capable": false,"Startup Cost": 146403.83,"Total Cost": 146403.84,"Plan Rows": 1,"Plan Width": 32,"Actual Startup Time": 300.209,"Actual Total Time": 300.210,"Actual Rows": 1,"Actual Loops": 5,"Workers": [],"Plans": [{"Node Type": "Seq Scan","Parent Relationship": "Outer","Parallel Aware": true,"Async Capable": false,"Relation Name": "lineitem","Alias": "lineitem","Startup Cost": 0.00,"Total Cost": 146259.83,"Plan Rows": 28799,"Plan Width": 12,"Actual Startup Time": 0.104,"Actual Total Time": 295.271,"Actual Rows": 22953,"Actual Loops": 5,"Filter": "((l_shipdate >= '1996-01-01'::date) AND (l_shipdate < '1997-01-01 00:00:00'::timestamp without time zone) AND (l_discount >= 0.01) AND (l_discount <= 0.03) AND (l_quantity < '24'::numeric))","Rows Removed by Filter": 1177290,"Workers": []}]}]}]},"Planning Time": 2.573,"Triggers": [],"Execution Time": 341.309}]
[{"Plan": {"Node Type": "Aggregate","Strategy": "Plain","Partial Mode": "Finalize","Parallel Aware": false,"Async Capable": false,"Startup Cost": 147405.75,"Total Cost": 147405.76,"Plan Rows": 1,"Plan Width": 32,"Actual Startup Time": 302.160,"Actual Total Time": 334.512,"Actual Rows": 1,"Actual Loops": 1,"Plans": [{"Node Type": "Gather","Parent Relationship": "Outer","Parallel Aware": false,"Async Capable": false,"Startup Cost": 147405.32,"Total Cost": 147405.73,"Plan Rows": 4,"Plan Width": 32,"Actual Startup Time": 301.999,"Actual Total Time": 334.491,"Actual Rows": 5,"Actual Loops": 1,"Workers Planned": 4,"Workers Launched": 4,"Single Copy": false,"Plans": [{"Node Type": "Aggregate","Strategy": "Plain","Partial Mode": "Partial","Parent Relationship": "Outer","Parallel Aware": false,"Async Capable": false,"Startup Cost": 146405.32,"Total Cost": 146405.33,"Plan Rows": 1,"Plan Width": 32,"Actual Startup Time": 295.409,"Actual Total Time": 295.411,"Actual Rows": 1,"Actual Loops": 5,"Workers": [],"Plans": [{"Node Type": "Seq Scan","Parent Relationship": "Outer","Parallel Aware": true,"Async Capable": false,"Relation Name": "lineitem","Alias": "lineitem","Startup Cost": 0.00,"Total Cost": 146259.83,"Plan Rows": 29096,"Plan Width": 12,"Actual Startup Time": 0.114,"Actual Total Time": 290.597,"Actual Rows": 22909,"Actual Loops": 5,"Filter": "((l_shipdate >= '1995-01-01'::date) AND (l_shipdate < '1996-01-01 00:00:00'::timestamp without time zone) AND (l_discount >= 0.08) AND (l_discount <= 0.10) AND (l_quantity < '24'::numeric))","Rows Removed by Filter": 1177334,"Workers": []}]}]}]},"Planning Time": 2.232,"Triggers": [],"Execution Time": 334.727}]
[{"Plan": {"Node Type": "Aggregate","Strategy": "Plain","Partial Mode": "Finalize","Parallel Aware": false,"Async Capable": false,"Startup Cost": 147412.21,"Total Cost": 147412.22,"Plan Rows": 1,"Plan Width": 32,"Actual Startup Time": 308.065,"Actual Total Time": 340.901,"Actual Rows": 1,"Actual Loops": 1,"Plans": [{"Node Type": "Gather","Parent Relationship": "Outer","Parallel Aware": false,"Async Capable": false,"Startup Cost": 147411.78,"Total Cost": 147412.19,"Plan Rows": 4,"Plan Width": 32,"Actual Startup Time": 307.846,"Actual Total Time": 340.863,"Actual Rows": 5,"Actual Loops": 1,"Workers Planned": 4,"Workers Launched": 4,"Single Copy": false,"Plans": [{"Node Type": "Aggregate","Strategy": "Plain","Partial Mode": "Partial","Parent Relationship": "Outer","Parallel Aware": false,"Async Capable": false,"Startup Cost": 146411.78,"Total Cost": 146411.79,"Plan Rows": 1,"Plan Width": 32,"Actual Startup Time": 301.131,"Actual Total Time": 301.136,"Actual Rows": 1,"Actual Loops": 5,"Workers": [],"Plans": [{"Node Type": "Seq Scan","Parent Relationship": "Outer","Parallel Aware": true,"Async Capable": false,"Relation Name": "lineitem","Alias": "lineitem","Startup Cost": 0.00,"Total Cost": 146259.83,"Plan Rows": 30389,"Plan Width": 12,"Actual Startup Time": 0.073,"Actual Total Time": 296.120,"Actual Rows": 23723,"Actual Loops": 5,"Filter": "((l_shipdate >= '1993-01-01'::date) AND (l_shipdate < '1994-01-01 00:00:00'::timestamp without time zone) AND (l_discount >= 0.01) AND (l_discount <= 0.03) AND (l_quantity < '25'::numeric))","Rows Removed by Filter": 1176520,"Workers": []}]}]}]},"Planning Time": 2.521,"Triggers": [],"Execution Time": 341.120}]
[{"Plan": {"Node Type": "Aggregate","Strategy": "Plain","Partial Mode": "Finalize","Parallel Aware": false,"Async Capable": false,"Startup Cost": 147408.42,"Total Cost": 147408.43,"Plan Rows": 1,"Plan Width": 32,"Actual Startup Time": 298.133,"Actual Total Time": 329.767,"Actual Rows": 1,"Actual Loops": 1,"Plans": [{"Node Type": "Gather","Parent Relationship": "Outer","Parallel Aware": false,"Async Capable": false,"Startup Cost": 147407.99,"Total Cost": 147408.40,"Plan Rows": 4,"Plan Width": 32,"Actual Startup Time": 297.839,"Actual Total Time": 329.728,"Actual Rows": 5,"Actual Loops": 1,"Workers Planned": 4,"Workers Launched": 4,"Single Copy": false,"Plans": [{"Node Type": "Aggregate","Strategy": "Plain","Partial Mode": "Partial","Parent Relationship": "Outer","Parallel Aware": false,"Async Capable": false,"Startup Cost": 146407.99,"Total Cost": 146408.00,"Plan Rows": 1,"Plan Width": 32,"Actual Startup Time": 290.856,"Actual Total Time": 290.858,"Actual Rows": 1,"Actual Loops": 5,"Workers": [],"Plans": [{"Node Type": "Seq Scan","Parent Relationship": "Outer","Parallel Aware": true,"Async Capable": false,"Relation Name": "lineitem","Alias": "lineitem","Startup Cost": 0.00,"Total Cost": 146259.83,"Plan Rows": 29631,"Plan Width": 12,"Actual Startup Time": 0.123,"Actual Total Time": 286.020,"Actual Rows": 22886,"Actual Loops": 5,"Filter": "((l_shipdate >= '1995-01-01'::date) AND (l_shipdate < '1996-01-01 00:00:00'::timestamp without time zone) AND (l_discount >= 0.01) AND (l_discount <= 0.03) AND (l_quantity < '24'::numeric))","Rows Removed by Filter": 1177357,"Workers": []}]}]}]},"Planning Time": 2.861,"Triggers": [],"Execution Time": 330.022}]
[{"Plan": {"Node Type": "Aggregate","Strategy": "Plain","Partial Mode": "Finalize","Parallel Aware": false,"Async Capable": false,"Startup Cost": 147408.12,"Total Cost": 147408.13,"Plan Rows": 1,"Plan Width": 32,"Actual Startup Time": 302.869,"Actual Total Time": 334.962,"Actual Rows": 1,"Actual Loops": 1,"Plans": [{"Node Type": "Gather","Parent Relationship": "Outer","Parallel Aware": false,"Async Capable": false,"Startup Cost": 147407.69,"Total Cost": 147408.10,"Plan Rows": 4,"Plan Width": 32,"Actual Startup Time": 302.692,"Actual Total Time": 334.930,"Actual Rows": 5,"Actual Loops": 1,"Workers Planned": 4,"Workers Launched": 4,"Single Copy": false,"Plans": [{"Node Type": "Aggregate","Strategy": "Plain","Partial Mode": "Partial","Parent Relationship": "Outer","Parallel Aware": false,"Async Capable": false,"Startup Cost": 146407.69,"Total Cost": 146407.70,"Plan Rows": 1,"Plan Width": 32,"Actual Startup Time": 295.948,"Actual Total Time": 295.950,"Actual Rows": 1,"Actual Loops": 5,"Workers": [],"Plans": [{"Node Type": "Seq Scan","Parent Relationship": "Outer","Parallel Aware": true,"Async Capable": false,"Relation Name": "lineitem","Alias": "lineitem","Startup Cost": 0.00,"Total Cost": 146259.83,"Plan Rows": 29571,"Plan Width": 12,"Actual Startup Time": 0.058,"Actual Total Time": 290.841,"Actual Rows": 23866,"Actual Loops": 5,"Filter": "((l_shipdate >= '1996-01-01'::date) AND (l_shipdate < '1997-01-01 00:00:00'::timestamp without time zone) AND (l_discount >= 0.03) AND (l_discount <= 0.05) AND (l_quantity < '25'::numeric))","Rows Removed by Filter": 1176377,"Workers": []}]}]}]},"Planning Time": 2.159,"Triggers": [],"Execution Time": 335.158}]
[{"Plan": {"Node Type": "Aggregate","Strategy": "Plain","Partial Mode": "Finalize","Parallel Aware": false,"Async Capable": false,"Startup Cost": 147401.66,"Total Cost": 147401.67,"Plan Rows": 1,"Plan Width": 32,"Actual Startup Time": 300.986,"Actual Total Time": 333.447,"Actual Rows": 1,"Actual Loops": 1,"Plans": [{"Node Type": "Gather","Parent Relationship": "Outer","Parallel Aware": false,"Async Capable": false,"Startup Cost": 147401.23,"Total Cost": 147401.64,"Plan Rows": 4,"Plan Width": 32,"Actual Startup Time": 300.775,"Actual Total Time": 333.412,"Actual Rows": 5,"Actual Loops": 1,"Workers Planned": 4,"Workers Launched": 4,"Single Copy": false,"Plans": [{"Node Type": "Aggregate","Strategy": "Plain","Partial Mode": "Partial","Parent Relationship": "Outer","Parallel Aware": false,"Async Capable": false,"Startup Cost": 146401.23,"Total Cost": 146401.24,"Plan Rows": 1,"Plan Width": 32,"Actual Startup Time": 294.109,"Actual Total Time": 294.111,"Actual Rows": 1,"Actual Loops": 5,"Workers": [],"Plans": [{"Node Type": "Seq Scan","Parent Relationship": "Outer","Parallel Aware": true,"Async Capable": false,"Relation Name": "lineitem","Alias": "lineitem","Startup Cost": 0.00,"Total Cost": 146259.83,"Plan Rows": 28279,"Plan Width": 12,"Actual Startup Time": 0.083,"Actual Total Time": 289.309,"Actual Rows": 22984,"Actual Loops": 5,"Filter": "((l_shipdate >= '1996-01-01'::date) AND (l_shipdate < '1997-01-01 00:00:00'::timestamp without time zone) AND (l_discount >= 0.08) AND (l_discount <= 0.10) AND (l_quantity < '24'::numeric))","Rows Removed by Filter": 1177259,"Workers": []}]}]}]},"Planning Time": 2.120,"Triggers": [],"Execution Time": 333.656}]
[{"Plan": {"Node Type": "Aggregate","Strategy": "Plain","Partial Mode": "Finalize","Parallel Aware": false,"Async Capable": false,"Startup Cost": 147402.00,"Total Cost": 147402.01,"Plan Rows": 1,"Plan Width": 32,"Actual Startup Time": 301.179,"Actual Total Time": 332.557,"Actual Rows": 1,"Actual Loops": 1,"Plans": [{"Node Type": "Gather","Parent Relationship": "Outer","Parallel Aware": false,"Async Capable": false,"Startup Cost": 147401.57,"Total Cost": 147401.98,"Plan Rows": 4,"Plan Width": 32,"Actual Startup Time": 300.979,"Actual Total Time": 332.537,"Actual Rows": 5,"Actual Loops": 1,"Workers Planned": 4,"Workers Launched": 4,"Single Copy": false,"Plans": [{"Node Type": "Aggregate","Strategy": "Plain","Partial Mode": "Partial","Parent Relationship": "Outer","Parallel Aware": false,"Async Capable": false,"Startup Cost": 146401.57,"Total Cost": 146401.58,"Plan Rows": 1,"Plan Width": 32,"Actual Startup Time": 294.120,"Actual Total Time": 294.122,"Actual Rows": 1,"Actual Loops": 5,"Workers": [],"Plans": [{"Node Type": "Seq Scan","Parent Relationship": "Outer","Parallel Aware": true,"Async Capable": false,"Relation Name": "lineitem","Alias": "lineitem","Startup Cost": 0.00,"Total Cost": 146259.83,"Plan Rows": 28347,"Plan Width": 12,"Actual Startup Time": 0.086,"Actual Total Time": 289.269,"Actual Rows": 22784,"Actual Loops": 5,"Filter": "((l_shipdate >= '1994-01-01'::date) AND (l_shipdate < '1995-01-01 00:00:00'::timestamp without time zone) AND (l_discount >= 0.07) AND (l_discount <= 0.09) AND (l_quantity < '24'::numeric))","Rows Removed by Filter": 1177459,"Workers": []}]}]}]},"Planning Time": 2.495,"Triggers": [],"Execution Time": 332.775}]
[{"Plan": {"Node Type": "Aggregate","Strategy": "Plain","Partial Mode": "Finalize","Parallel Aware": false,"Async Capable": false,"Startup Cost": 147413.28,"Total Cost": 147413.29,"Plan Rows": 1,"Plan Width": 32,"Actual Startup Time": 304.234,"Actual Total Time": 336.730,"Actual Rows": 1,"Actual Loops": 1,"Plans": [{"Node Type": "Gather","Parent Relationship": "Outer","Parallel Aware": false,"Async Capable": false,"Startup Cost": 147412.85,"Total Cost": 147413.26,"Plan Rows": 4,"Plan Width": 32,"Actual Startup Time": 304.079,"Actual Total Time": 336.704,"Actual Rows": 5,"Actual Loops": 1,"Workers Planned": 4,"Workers Launched": 4,"Single Copy": false,"Plans": [{"Node Type": "Aggregate","Strategy": "Plain","Partial Mode": "Partial","Parent Relationship": "Outer","Parallel Aware": false,"Async Capable": false,"Startup Cost": 146412.85,"Total Cost": 146412.86,"Plan Rows": 1,"Plan Width": 32,"Actual Startup Time": 297.451,"Actual Total Time": 297.454,"Actual Rows": 1,"Actual Loops": 5,"Workers": [],"Plans": [{"Node Type": "Seq Scan","Parent Relationship": "Outer","Parallel Aware": true,"Async Capable": false,"Relation Name": "lineitem","Alias": "lineitem","Startup Cost": 0.00,"Total Cost": 146259.83,"Plan Rows": 30602,"Plan Width": 12,"Actual Startup Time": 0.064,"Actual Total Time": 292.466,"Actual Rows": 23856,"Actual Loops": 5,"Filter": "((l_shipdate >= '1995-01-01'::date) AND (l_shipdate < '1996-01-01 00:00:00'::timestamp without time zone) AND (l_discount >= 0.07) AND (l_discount <= 0.09) AND (l_quantity < '25'::numeric))","Rows Removed by Filter": 1176387,"Workers": []}]}]}]},"Planning Time": 2.470,"Triggers": [],"Execution Time": 336.964}]
[{"Plan": {"Node Type": "Aggregate","Strategy": "Plain","Partial Mode": "Finalize","Parallel Aware": false,"Async Capable": false,"Startup Cost": 147409.07,"Total Cost": 147409.08,"Plan Rows": 1,"Plan Width": 32,"Actual Startup Time": 306.457,"Actual Total Time": 338.926,"Actual Rows": 1,"Actual Loops": 1,"Plans": [{"Node Type": "Gather","Parent Relationship": "Outer","Parallel Aware": false,"Async Capable": false,"Startup Cost": 147408.64,"Total Cost": 147409.05,"Plan Rows": 4,"Plan Width": 32,"Actual Startup Time": 306.305,"Actual Total Time": 338.886,"Actual Rows": 5,"Actual Loops": 1,"Workers Planned": 4,"Workers Launched": 4,"Single Copy": false,"Plans": [{"Node Type": "Aggregate","Strategy": "Plain","Partial Mode": "Partial","Parent Relationship": "Outer","Parallel Aware": false,"Async Capable": false,"Startup Cost": 146408.64,"Total Cost": 146408.65,"Plan Rows": 1,"Plan Width": 32,"Actual Startup Time": 298.789,"Actual Total Time": 298.790,"Actual Rows": 1,"Actual Loops": 5,"Workers": [],"Plans": [{"Node Type": "Seq Scan","Parent Relationship": "Outer","Parallel Aware": true,"Async Capable": false,"Relation Name": "lineitem","Alias": "lineitem","Startup Cost": 0.00,"Total Cost": 146259.83,"Plan Rows": 29761,"Plan Width": 12,"Actual Startup Time": 0.097,"Actual Total Time": 293.706,"Actual Rows": 23803,"Actual Loops": 5,"Filter": "((l_shipdate >= '1994-01-01'::date) AND (l_shipdate < '1995-01-01 00:00:00'::timestamp without time zone) AND (l_discount >= 0.06) AND (l_discount <= 0.08) AND (l_quantity < '25'::numeric))","Rows Removed by Filter": 1176440,"Workers": []}]}]}]},"Planning Time": 2.937,"Triggers": [],"Execution Time": 339.178}]
[{"Plan": {"Node Type": "Aggregate","Strategy": "Plain","Partial Mode": "Finalize","Parallel Aware": false,"Async Capable": false,"Startup Cost": 147401.96,"Total Cost": 147401.97,"Plan Rows": 1,"Plan Width": 32,"Actual Startup Time": 301.236,"Actual Total Time": 333.196,"Actual Rows": 1,"Actual Loops": 1,"Plans": [{"Node Type": "Gather","Parent Relationship": "Outer","Parallel Aware": false,"Async Capable": false,"Startup Cost": 147401.53,"Total Cost": 147401.94,"Plan Rows": 4,"Plan Width": 32,"Actual Startup Time": 301.008,"Actual Total Time": 333.159,"Actual Rows": 5,"Actual Loops": 1,"Workers Planned": 4,"Workers Launched": 4,"Single Copy": false,"Plans": [{"Node Type": "Aggregate","Strategy": "Plain","Partial Mode": "Partial","Parent Relationship": "Outer","Parallel Aware": false,"Async Capable": false,"Startup Cost": 146401.53,"Total Cost": 146401.54,"Plan Rows": 1,"Plan Width": 32,"Actual Startup Time": 293.920,"Actual Total Time": 293.926,"Actual Rows": 1,"Actual Loops": 5,"Workers": [],"Plans": [{"Node Type": "Seq Scan","Parent Relationship": "Outer","Parallel Aware": true,"Async Capable": false,"Relation Name": "lineitem","Alias": "lineitem","Startup Cost": 0.00,"Total Cost": 146259.83,"Plan Rows": 28338,"Plan Width": 12,"Actual Startup Time": 0.086,"Actual Total Time": 288.967,"Actual Rows": 22878,"Actual Loops": 5,"Filter": "((l_shipdate >= '1996-01-01'::date) AND (l_shipdate < '1997-01-01 00:00:00'::timestamp without time zone) AND (l_discount >= 0.03) AND (l_discount <= 0.05) AND (l_quantity < '24'::numeric))","Rows Removed by Filter": 1177365,"Workers": []}]}]}]},"Planning Time": 2.851,"Triggers": [],"Execution Time": 333.444}]
[{"Plan": {"Node Type": "Aggregate","Strategy": "Plain","Partial Mode": "Finalize","Parallel Aware": false,"Async Capable": false,"Startup Cost": 147407.88,"Total Cost": 147407.89,"Plan Rows": 1,"Plan Width": 32,"Actual Startup Time": 303.094,"Actual Total Time": 335.189,"Actual Rows": 1,"Actual Loops": 1,"Plans": [{"Node Type": "Gather","Parent Relationship": "Outer","Parallel Aware": false,"Async Capable": false,"Startup Cost": 147407.45,"Total Cost": 147407.86,"Plan Rows": 4,"Plan Width": 32,"Actual Startup Time": 302.935,"Actual Total Time": 335.157,"Actual Rows": 5,"Actual Loops": 1,"Workers Planned": 4,"Workers Launched": 4,"Single Copy": false,"Plans": [{"Node Type": "Aggregate","Strategy": "Plain","Partial Mode": "Partial","Parent Relationship": "Outer","Parallel Aware": false,"Async Capable": false,"Startup Cost": 146407.45,"Total Cost": 146407.46,"Plan Rows": 1,"Plan Width": 32,"Actual Startup Time": 295.477,"Actual Total Time": 295.478,"Actual Rows": 1,"Actual Loops": 5,"Workers": [],"Plans": [{"Node Type": "Seq Scan","Parent Relationship": "Outer","Parallel Aware": true,"Async Capable": false,"Relation Name": "lineitem","Alias": "lineitem","Startup Cost": 0.00,"Total Cost": 146259.83,"Plan Rows": 29522,"Plan Width": 12,"Actual Startup Time": 0.085,"Actual Total Time": 290.372,"Actual Rows": 23823,"Actual Loops": 5,"Filter": "((l_shipdate >= '1997-01-01'::date) AND (l_shipdate < '1998-01-01 00:00:00'::timestamp without time zone) AND (l_discount >= 0.08) AND (l_discount <= 0.10) AND (l_quantity < '25'::numeric))","Rows Removed by Filter": 1176420,"Workers": []}]}]}]},"Planning Time": 2.625,"Triggers": [],"Execution Time": 335.461}]
[{"Plan": {"Node Type": "Aggregate","Strategy": "Plain","Partial Mode": "Finalize","Parallel Aware": false,"Async Capable": false,"Startup Cost": 147401.66,"Total Cost": 147401.67,"Plan Rows": 1,"Plan Width": 32,"Actual Startup Time": 300.986,"Actual Total Time": 333.447,"Actual Rows": 1,"Actual Loops": 1,"Plans": [{"Node Type": "Gather","Parent Relationship": "Outer","Parallel Aware": false,"Async Capable": false,"Startup Cost": 147401.23,"Total Cost": 147401.64,"Plan Rows": 4,"Plan Width": 32,"Actual Startup Time": 300.775,"Actual Total Time": 333.412,"Actual Rows": 5,"Actual Loops": 1,"Workers Planned": 4,"Workers Launched": 4,"Single Copy": false,"Plans": [{"Node Type": "Aggregate","Strategy": "Plain","Partial Mode": "Partial","Parent Relationship": "Outer","Parallel Aware": false,"Async Capable": false,"Startup Cost": 146401.23,"Total Cost": 146401.24,"Plan Rows": 1,"Plan Width": 32,"Actual Startup Time": 294.109,"Actual Total Time": 294.111,"Actual Rows": 1,"Actual Loops": 5,"Workers": [],"Plans": [{"Node Type": "Seq Scan","Parent Relationship": "Outer","Parallel Aware": true,"Async Capable": false,"Relation Name": "lineitem","Alias": "lineitem","Startup Cost": 0.00,"Total Cost": 146259.83,"Plan Rows": 28279,"Plan Width": 12,"Actual Startup Time": 0.083,"Actual Total Time": 289.309,"Actual Rows": 22984,"Actual Loops": 5,"Filter": "((l_shipdate >= '1996-01-01'::date) AND (l_shipdate < '1997-01-01 00:00:00'::timestamp without time zone) AND (l_discount >= 0.08) AND (l_discount <= 0.10) AND (l_quantity < '24'::numeric))","Rows Removed by Filter": 1177259,"Workers": []}]}]}]},"Planning Time": 2.120,"Triggers": [],"Execution Time": 333.656}]
[{"Plan": {"Node Type": "Aggregate","Strategy": "Plain","Partial Mode": "Finalize","Parallel Aware": false,"Async Capable": false,"Startup Cost": 147402.57,"Total Cost": 147402.58,"Plan Rows": 1,"Plan Width": 32,"Actual Startup Time": 303.409,"Actual Total Time": 336.885,"Actual Rows": 1,"Actual Loops": 1,"Plans": [{"Node Type": "Gather","Parent Relationship": "Outer","Parallel Aware": false,"Async Capable": false,"Startup Cost": 147402.14,"Total Cost": 147402.55,"Plan Rows": 4,"Plan Width": 32,"Actual Startup Time": 303.253,"Actual Total Time": 336.860,"Actual Rows": 5,"Actual Loops": 1,"Workers Planned": 4,"Workers Launched": 4,"Single Copy": false,"Plans": [{"Node Type": "Aggregate","Strategy": "Plain","Partial Mode": "Partial","Parent Relationship": "Outer","Parallel Aware": false,"Async Capable": false,"Startup Cost": 146402.14,"Total Cost": 146402.15,"Plan Rows": 1,"Plan Width": 32,"Actual Startup Time": 296.828,"Actual Total Time": 296.830,"Actual Rows": 1,"Actual Loops": 5,"Workers": [],"Plans": [{"Node Type": "Seq Scan","Parent Relationship": "Outer","Parallel Aware": true,"Async Capable": false,"Relation Name": "lineitem","Alias": "lineitem","Startup Cost": 0.00,"Total Cost": 146259.83,"Plan Rows": 28461,"Plan Width": 12,"Actual Startup Time": 0.072,"Actual Total Time": 291.961,"Actual Rows": 22860,"Actual Loops": 5,"Filter": "((l_shipdate >= '1994-01-01'::date) AND (l_shipdate < '1995-01-01 00:00:00'::timestamp without time zone) AND (l_discount >= 0.02) AND (l_discount <= 0.04) AND (l_quantity < '24'::numeric))","Rows Removed by Filter": 1177383,"Workers": []}]}]}]},"Planning Time": 2.847,"Triggers": [],"Execution Time": 337.141}]
[{"Plan": {"Node Type": "Aggregate","Strategy": "Plain","Partial Mode": "Finalize","Parallel Aware": false,"Async Capable": false,"Startup Cost": 147409.47,"Total Cost": 147409.48,"Plan Rows": 1,"Plan Width": 32,"Actual Startup Time": 304.472,"Actual Total Time": 337.614,"Actual Rows": 1,"Actual Loops": 1,"Plans": [{"Node Type": "Gather","Parent Relationship": "Outer","Parallel Aware": false,"Async Capable": false,"Startup Cost": 147409.04,"Total Cost": 147409.45,"Plan Rows": 4,"Plan Width": 32,"Actual Startup Time": 304.285,"Actual Total Time": 337.579,"Actual Rows": 5,"Actual Loops": 1,"Workers Planned": 4,"Workers Launched": 4,"Single Copy": false,"Plans": [{"Node Type": "Aggregate","Strategy": "Plain","Partial Mode": "Partial","Parent Relationship": "Outer","Parallel Aware": false,"Async Capable": false,"Startup Cost": 146409.04,"Total Cost": 146409.05,"Plan Rows": 1,"Plan Width": 32,"Actual Startup Time": 296.729,"Actual Total Time": 296.730,"Actual Rows": 1,"Actual Loops": 5,"Workers": [],"Plans": [{"Node Type": "Seq Scan","Parent Relationship": "Outer","Parallel Aware": true,"Async Capable": false,"Relation Name": "lineitem","Alias": "lineitem","Startup Cost": 0.00,"Total Cost": 146259.83,"Plan Rows": 29840,"Plan Width": 12,"Actual Startup Time": 0.139,"Actual Total Time": 291.608,"Actual Rows": 23879,"Actual Loops": 5,"Filter": "((l_shipdate >= '1993-01-01'::date) AND (l_shipdate < '1994-01-01 00:00:00'::timestamp without time zone) AND (l_discount >= 0.08) AND (l_discount <= 0.10) AND (l_quantity < '25'::numeric))","Rows Removed by Filter": 1176364,"Workers": []}]}]}]},"Planning Time": 2.798,"Triggers": [],"Execution Time": 337.873}]
[{"Plan": {"Node Type": "Aggregate","Strategy": "Plain","Partial Mode": "Finalize","Parallel Aware": false,"Async Capable": false,"Startup Cost": 147407.88,"Total Cost": 147407.89,"Plan Rows": 1,"Plan Width": 32,"Actual Startup Time": 303.094,"Actual Total Time": 335.189,"Actual Rows": 1,"Actual Loops": 1,"Plans": [{"Node Type": "Gather","Parent Relationship": "Outer","Parallel Aware": false,"Async Capable": false,"Startup Cost": 147407.45,"Total Cost": 147407.86,"Plan Rows": 4,"Plan Width": 32,"Actual Startup Time": 302.935,"Actual Total Time": 335.157,"Actual Rows": 5,"Actual Loops": 1,"Workers Planned": 4,"Workers Launched": 4,"Single Copy": false,"Plans": [{"Node Type": "Aggregate","Strategy": "Plain","Partial Mode": "Partial","Parent Relationship": "Outer","Parallel Aware": false,"Async Capable": false,"Startup Cost": 146407.45,"Total Cost": 146407.46,"Plan Rows": 1,"Plan Width": 32,"Actual Startup Time": 295.477,"Actual Total Time": 295.478,"Actual Rows": 1,"Actual Loops": 5,"Workers": [],"Plans": [{"Node Type": "Seq Scan","Parent Relationship": "Outer","Parallel Aware": true,"Async Capable": false,"Relation Name": "lineitem","Alias": "lineitem","Startup Cost": 0.00,"Total Cost": 146259.83,"Plan Rows": 29522,"Plan Width": 12,"Actual Startup Time": 0.085,"Actual Total Time": 290.372,"Actual Rows": 23823,"Actual Loops": 5,"Filter": "((l_shipdate >= '1997-01-01'::date) AND (l_shipdate < '1998-01-01 00:00:00'::timestamp without time zone) AND (l_discount >= 0.08) AND (l_discount <= 0.10) AND (l_quantity < '25'::numeric))","Rows Removed by Filter": 1176420,"Workers": []}]}]}]},"Planning Time": 2.625,"Triggers": [],"Execution Time": 335.461}]
[{"Plan": {"Node Type": "Aggregate","Strategy": "Plain","Partial Mode": "Finalize","Parallel Aware": false,"Async Capable": false,"Startup Cost": 147405.75,"Total Cost": 147405.76,"Plan Rows": 1,"Plan Width": 32,"Actual Startup Time": 302.160,"Actual Total Time": 334.512,"Actual Rows": 1,"Actual Loops": 1,"Plans": [{"Node Type": "Gather","Parent Relationship": "Outer","Parallel Aware": false,"Async Capable": false,"Startup Cost": 147405.32,"Total Cost": 147405.73,"Plan Rows": 4,"Plan Width": 32,"Actual Startup Time": 301.999,"Actual Total Time": 334.491,"Actual Rows": 5,"Actual Loops": 1,"Workers Planned": 4,"Workers Launched": 4,"Single Copy": false,"Plans": [{"Node Type": "Aggregate","Strategy": "Plain","Partial Mode": "Partial","Parent Relationship": "Outer","Parallel Aware": false,"Async Capable": false,"Startup Cost": 146405.32,"Total Cost": 146405.33,"Plan Rows": 1,"Plan Width": 32,"Actual Startup Time": 295.409,"Actual Total Time": 295.411,"Actual Rows": 1,"Actual Loops": 5,"Workers": [],"Plans": [{"Node Type": "Seq Scan","Parent Relationship": "Outer","Parallel Aware": true,"Async Capable": false,"Relation Name": "lineitem","Alias": "lineitem","Startup Cost": 0.00,"Total Cost": 146259.83,"Plan Rows": 29096,"Plan Width": 12,"Actual Startup Time": 0.114,"Actual Total Time": 290.597,"Actual Rows": 22909,"Actual Loops": 5,"Filter": "((l_shipdate >= '1995-01-01'::date) AND (l_shipdate < '1996-01-01 00:00:00'::timestamp without time zone) AND (l_discount >= 0.08) AND (l_discount <= 0.10) AND (l_quantity < '24'::numeric))","Rows Removed by Filter": 1177334,"Workers": []}]}]}]},"Planning Time": 2.232,"Triggers": [],"Execution Time": 334.727}]
[{"Plan": {"Node Type": "Aggregate","Strategy": "Plain","Partial Mode": "Finalize","Parallel Aware": false,"Async Capable": false,"Startup Cost": 147402.00,"Total Cost": 147402.01,"Plan Rows": 1,"Plan Width": 32,"Actual Startup Time": 301.179,"Actual Total Time": 332.557,"Actual Rows": 1,"Actual Loops": 1,"Plans": [{"Node Type": "Gather","Parent Relationship": "Outer","Parallel Aware": false,"Async Capable": false,"Startup Cost": 147401.57,"Total Cost": 147401.98,"Plan Rows": 4,"Plan Width": 32,"Actual Startup Time": 300.979,"Actual Total Time": 332.537,"Actual Rows": 5,"Actual Loops": 1,"Workers Planned": 4,"Workers Launched": 4,"Single Copy": false,"Plans": [{"Node Type": "Aggregate","Strategy": "Plain","Partial Mode": "Partial","Parent Relationship": "Outer","Parallel Aware": false,"Async Capable": false,"Startup Cost": 146401.57,"Total Cost": 146401.58,"Plan Rows": 1,"Plan Width": 32,"Actual Startup Time": 294.120,"Actual Total Time": 294.122,"Actual Rows": 1,"Actual Loops": 5,"Workers": [],"Plans": [{"Node Type": "Seq Scan","Parent Relationship": "Outer","Parallel Aware": true,"Async Capable": false,"Relation Name": "lineitem","Alias": "lineitem","Startup Cost": 0.00,"Total Cost": 146259.83,"Plan Rows": 28347,"Plan Width": 12,"Actual Startup Time": 0.086,"Actual Total Time": 289.269,"Actual Rows": 22784,"Actual Loops": 5,"Filter": "((l_shipdate >= '1994-01-01'::date) AND (l_shipdate < '1995-01-01 00:00:00'::timestamp without time zone) AND (l_discount >= 0.07) AND (l_discount <= 0.09) AND (l_quantity < '24'::numeric))","Rows Removed by Filter": 1177459,"Workers": []}]}]}]},"Planning Time": 2.495,"Triggers": [],"Execution Time": 332.775}]
[{"Plan": {"Node Type": "Aggregate","Strategy": "Plain","Partial Mode": "Finalize","Parallel Aware": false,"Async Capable": false,"Startup Cost": 147408.94,"Total Cost": 147408.95,"Plan Rows": 1,"Plan Width": 32,"Actual Startup Time": 307.777,"Actual Total Time": 339.832,"Actual Rows": 1,"Actual Loops": 1,"Plans": [{"Node Type": "Gather","Parent Relationship": "Outer","Parallel Aware": false,"Async Capable": false,"Startup Cost": 147408.51,"Total Cost": 147408.92,"Plan Rows": 4,"Plan Width": 32,"Actual Startup Time": 307.577,"Actual Total Time": 339.791,"Actual Rows": 5,"Actual Loops": 1,"Workers Planned": 4,"Workers Launched": 4,"Single Copy": false,"Plans": [{"Node Type": "Aggregate","Strategy": "Plain","Partial Mode": "Partial","Parent Relationship": "Outer","Parallel Aware": false,"Async Capable": false,"Startup Cost": 146408.51,"Total Cost": 146408.52,"Plan Rows": 1,"Plan Width": 32,"Actual Startup Time": 300.529,"Actual Total Time": 300.530,"Actual Rows": 1,"Actual Loops": 5,"Workers": [],"Plans": [{"Node Type": "Seq Scan","Parent Relationship": "Outer","Parallel Aware": true,"Async Capable": false,"Relation Name": "lineitem","Alias": "lineitem","Startup Cost": 0.00,"Total Cost": 146259.83,"Plan Rows": 29734,"Plan Width": 12,"Actual Startup Time": 0.095,"Actual Total Time": 295.428,"Actual Rows": 23809,"Actual Loops": 5,"Filter": "((l_shipdate >= '1996-01-01'::date) AND (l_shipdate < '1997-01-01 00:00:00'::timestamp without time zone) AND (l_discount >= 0.05) AND (l_discount <= 0.07) AND (l_quantity < '25'::numeric))","Rows Removed by Filter": 1176434,"Workers": []}]}]}]},"Planning Time": 2.476,"Triggers": [],"Execution Time": 340.023}]
[{"Plan": {"Node Type": "Aggregate","Strategy": "Plain","Partial Mode": "Finalize","Parallel Aware": false,"Async Capable": false,"Startup Cost": 147403.55,"Total Cost": 147403.56,"Plan Rows": 1,"Plan Width": 32,"Actual Startup Time": 304.462,"Actual Total Time": 336.827,"Actual Rows": 1,"Actual Loops": 1,"Plans": [{"Node Type": "Gather","Parent Relationship": "Outer","Parallel Aware": false,"Async Capable": false,"Startup Cost": 147403.12,"Total Cost": 147403.53,"Plan Rows": 4,"Plan Width": 32,"Actual Startup Time": 304.302,"Actual Total Time": 336.806,"Actual Rows": 5,"Actual Loops": 1,"Workers Planned": 4,"Workers Launched": 4,"Single Copy": false,"Plans": [{"Node Type": "Aggregate","Strategy": "Plain","Partial Mode": "Partial","Parent Relationship": "Outer","Parallel Aware": false,"Async Capable": false,"Startup Cost": 146403.12,"Total Cost": 146403.13,"Plan Rows": 1,"Plan Width": 32,"Actual Startup Time": 297.550,"Actual Total Time": 297.553,"Actual Rows": 1,"Actual Loops": 5,"Workers": [],"Plans": [{"Node Type": "Seq Scan","Parent Relationship": "Outer","Parallel Aware": true,"Async Capable": false,"Relation Name": "lineitem","Alias": "lineitem","Startup Cost": 0.00,"Total Cost": 146259.83,"Plan Rows": 28656,"Plan Width": 12,"Actual Startup Time": 0.060,"Actual Total Time": 292.786,"Actual Rows": 22764,"Actual Loops": 5,"Filter": "((l_shipdate >= '1993-01-01'::date) AND (l_shipdate < '1994-01-01 00:00:00'::timestamp without time zone) AND (l_discount >= 0.03) AND (l_discount <= 0.05) AND (l_quantity < '24'::numeric))","Rows Removed by Filter": 1177479,"Workers": []}]}]}]},"Planning Time": 2.317,"Triggers": [],"Execution Time": 337.028}]
[{"Plan": {"Node Type": "Aggregate","Strategy": "Plain","Partial Mode": "Finalize","Parallel Aware": false,"Async Capable": false,"Startup Cost": 147406.86,"Total Cost": 147406.87,"Plan Rows": 1,"Plan Width": 32,"Actual Startup Time": 300.104,"Actual Total Time": 331.789,"Actual Rows": 1,"Actual Loops": 1,"Plans": [{"Node Type": "Gather","Parent Relationship": "Outer","Parallel Aware": false,"Async Capable": false,"Startup Cost": 147406.43,"Total Cost": 147406.84,"Plan Rows": 4,"Plan Width": 32,"Actual Startup Time": 299.950,"Actual Total Time": 331.768,"Actual Rows": 5,"Actual Loops": 1,"Workers Planned": 4,"Workers Launched": 4,"Single Copy": false,"Plans": [{"Node Type": "Aggregate","Strategy": "Plain","Partial Mode": "Partial","Parent Relationship": "Outer","Parallel Aware": false,"Async Capable": false,"Startup Cost": 146406.43,"Total Cost": 146406.44,"Plan Rows": 1,"Plan Width": 32,"Actual Startup Time": 293.419,"Actual Total Time": 293.420,"Actual Rows": 1,"Actual Loops": 5,"Workers": [],"Plans": [{"Node Type": "Seq Scan","Parent Relationship": "Outer","Parallel Aware": true,"Async Capable": false,"Relation Name": "lineitem","Alias": "lineitem","Startup Cost": 0.00,"Total Cost": 146259.83,"Plan Rows": 29319,"Plan Width": 12,"Actual Startup Time": 0.099,"Actual Total Time": 288.598,"Actual Rows": 22982,"Actual Loops": 5,"Filter": "((l_shipdate >= '1995-01-01'::date) AND (l_shipdate < '1996-01-01 00:00:00'::timestamp without time zone) AND (l_discount >= 0.05) AND (l_discount <= 0.07) AND (l_quantity < '24'::numeric))","Rows Removed by Filter": 1177261,"Workers": []}]}]}]},"Planning Time": 2.905,"Triggers": [],"Execution Time": 332.052}]
[{"Plan": {"Node Type": "Aggregate","Strategy": "Plain","Partial Mode": "Finalize","Parallel Aware": false,"Async Capable": false,"Startup Cost": 147407.47,"Total Cost": 147407.48,"Plan Rows": 1,"Plan Width": 32,"Actual Startup Time": 307.767,"Actual Total Time": 340.781,"Actual Rows": 1,"Actual Loops": 1,"Plans": [{"Node Type": "Gather","Parent Relationship": "Outer","Parallel Aware": false,"Async Capable": false,"Startup Cost": 147407.04,"Total Cost": 147407.45,"Plan Rows": 4,"Plan Width": 32,"Actual Startup Time": 307.543,"Actual Total Time": 340.742,"Actual Rows": 5,"Actual Loops": 1,"Workers Planned": 4,"Workers Launched": 4,"Single Copy": false,"Plans": [{"Node Type": "Aggregate","Strategy": "Plain","Partial Mode": "Partial","Parent Relationship": "Outer","Parallel Aware": false,"Async Capable": false,"Startup Cost": 146407.04,"Total Cost": 146407.05,"Plan Rows": 1,"Plan Width": 32,"Actual Startup Time": 300.346,"Actual Total Time": 300.349,"Actual Rows": 1,"Actual Loops": 5,"Workers": [],"Plans": [{"Node Type": "Seq Scan","Parent Relationship": "Outer","Parallel Aware": true,"Async Capable": false,"Relation Name": "lineitem","Alias": "lineitem","Startup Cost": 0.00,"Total Cost": 146259.83,"Plan Rows": 29441,"Plan Width": 12,"Actual Startup Time": 0.109,"Actual Total Time": 295.462,"Actual Rows": 23021,"Actual Loops": 5,"Filter": "((l_shipdate >= '1995-01-01'::date) AND (l_shipdate < '1996-01-01 00:00:00'::timestamp without time zone) AND (l_discount >= 0.04) AND (l_discount <= 0.06) AND (l_quantity < '24'::numeric))","Rows Removed by Filter": 1177222,"Workers": []}]}]}]},"Planning Time": 2.406,"Triggers": [],"Execution Time": 341.013}]
[{"Plan": {"Node Type": "Aggregate","Strategy": "Plain","Partial Mode": "Finalize","Parallel Aware": false,"Async Capable": false,"Startup Cost": 147402.57,"Total Cost": 147402.58,"Plan Rows": 1,"Plan Width": 32,"Actual Startup Time": 303.409,"Actual Total Time": 336.885,"Actual Rows": 1,"Actual Loops": 1,"Plans": [{"Node Type": "Gather","Parent Relationship": "Outer","Parallel Aware": false,"Async Capable": false,"Startup Cost": 147402.14,"Total Cost": 147402.55,"Plan Rows": 4,"Plan Width": 32,"Actual Startup Time": 303.253,"Actual Total Time": 336.860,"Actual Rows": 5,"Actual Loops": 1,"Workers Planned": 4,"Workers Launched": 4,"Single Copy": false,"Plans": [{"Node Type": "Aggregate","Strategy": "Plain","Partial Mode": "Partial","Parent Relationship": "Outer","Parallel Aware": false,"Async Capable": false,"Startup Cost": 146402.14,"Total Cost": 146402.15,"Plan Rows": 1,"Plan Width": 32,"Actual Startup Time": 296.828,"Actual Total Time": 296.830,"Actual Rows": 1,"Actual Loops": 5,"Workers": [],"Plans": [{"Node Type": "Seq Scan","Parent Relationship": "Outer","Parallel Aware": true,"Async Capable": false,"Relation Name": "lineitem","Alias": "lineitem","Startup Cost": 0.00,"Total Cost": 146259.83,"Plan Rows": 28461,"Plan Width": 12,"Actual Startup Time": 0.072,"Actual Total Time": 291.961,"Actual Rows": 22860,"Actual Loops": 5,"Filter": "((l_shipdate >= '1994-01-01'::date) AND (l_shipdate < '1995-01-01 00:00:00'::timestamp without time zone) AND (l_discount >= 0.02) AND (l_discount <= 0.04) AND (l_quantity < '24'::numeric))","Rows Removed by Filter": 1177383,"Workers": []}]}]}]},"Planning Time": 2.847,"Triggers": [],"Execution Time": 337.141}]
[{"Plan": {"Node Type": "Aggregate","Strategy": "Plain","Partial Mode": "Finalize","Parallel Aware": false,"Async Capable": false,"Startup Cost": 147405.26,"Total Cost": 147405.27,"Plan Rows": 1,"Plan Width": 32,"Actual Startup Time": 306.477,"Actual Total Time": 339.382,"Actual Rows": 1,"Actual Loops": 1,"Plans": [{"Node Type": "Gather","Parent Relationship": "Outer","Parallel Aware": false,"Async Capable": false,"Startup Cost": 147404.83,"Total Cost": 147405.24,"Plan Rows": 4,"Plan Width": 32,"Actual Startup Time": 306.305,"Actual Total Time": 339.344,"Actual Rows": 5,"Actual Loops": 1,"Workers Planned": 4,"Workers Launched": 4,"Single Copy": false,"Plans": [{"Node Type": "Aggregate","Strategy": "Plain","Partial Mode": "Partial","Parent Relationship": "Outer","Parallel Aware": false,"Async Capable": false,"Startup Cost": 146404.83,"Total Cost": 146404.84,"Plan Rows": 1,"Plan Width": 32,"Actual Startup Time": 299.014,"Actual Total Time": 299.016,"Actual Rows": 1,"Actual Loops": 5,"Workers": [],"Plans": [{"Node Type": "Seq Scan","Parent Relationship": "Outer","Parallel Aware": true,"Async Capable": false,"Relation Name": "lineitem","Alias": "lineitem","Startup Cost": 0.00,"Total Cost": 146259.83,"Plan Rows": 28999,"Plan Width": 12,"Actual Startup Time": 0.083,"Actual Total Time": 294.183,"Actual Rows": 22844,"Actual Loops": 5,"Filter": "((l_shipdate >= '1993-01-01'::date) AND (l_shipdate < '1994-01-01 00:00:00'::timestamp without time zone) AND (l_discount >= 0.06) AND (l_discount <= 0.08) AND (l_quantity < '24'::numeric))","Rows Removed by Filter": 1177399,"Workers": []}]}]}]},"Planning Time": 2.665,"Triggers": [],"Execution Time": 339.628}]
[{"Plan": {"Node Type": "Aggregate","Strategy": "Plain","Partial Mode": "Finalize","Parallel Aware": false,"Async Capable": false,"Startup Cost": 147407.80,"Total Cost": 147407.81,"Plan Rows": 1,"Plan Width": 32,"Actual Startup Time": 302.950,"Actual Total Time": 335.292,"Actual Rows": 1,"Actual Loops": 1,"Plans": [{"Node Type": "Gather","Parent Relationship": "Outer","Parallel Aware": false,"Async Capable": false,"Startup Cost": 147407.37,"Total Cost": 147407.78,"Plan Rows": 4,"Plan Width": 32,"Actual Startup Time": 302.795,"Actual Total Time": 335.251,"Actual Rows": 5,"Actual Loops": 1,"Workers Planned": 4,"Workers Launched": 4,"Single Copy": false,"Plans": [{"Node Type": "Aggregate","Strategy": "Plain","Partial Mode": "Partial","Parent Relationship": "Outer","Parallel Aware": false,"Async Capable": false,"Startup Cost": 146407.37,"Total Cost": 146407.38,"Plan Rows": 1,"Plan Width": 32,"Actual Startup Time": 296.025,"Actual Total Time": 296.028,"Actual Rows": 1,"Actual Loops": 5,"Workers": [],"Plans": [{"Node Type": "Seq Scan","Parent Relationship": "Outer","Parallel Aware": true,"Async Capable": false,"Relation Name": "lineitem","Alias": "lineitem","Startup Cost": 0.00,"Total Cost": 146259.83,"Plan Rows": 29506,"Plan Width": 12,"Actual Startup Time": 0.112,"Actual Total Time": 291.181,"Actual Rows": 22957,"Actual Loops": 5,"Filter": "((l_shipdate >= '1995-01-01'::date) AND (l_shipdate < '1996-01-01 00:00:00'::timestamp without time zone) AND (l_discount >= 0.06) AND (l_discount <= 0.08) AND (l_quantity < '24'::numeric))","Rows Removed by Filter": 1177286,"Workers": []}]}]}]},"Planning Time": 2.266,"Triggers": [],"Execution Time": 335.524}]
[{"Plan": {"Node Type": "Aggregate","Strategy": "Plain","Partial Mode": "Finalize","Parallel Aware": false,"Async Capable": false,"Startup Cost": 147404.26,"Total Cost": 147404.27,"Plan Rows": 1,"Plan Width": 32,"Actual Startup Time": 307.701,"Actual Total Time": 341.025,"Actual Rows": 1,"Actual Loops": 1,"Plans": [{"Node Type": "Gather","Parent Relationship": "Outer","Parallel Aware": false,"Async Capable": false,"Startup Cost": 147403.83,"Total Cost": 147404.24,"Plan Rows": 4,"Plan Width": 32,"Actual Startup Time": 307.548,"Actual Total Time": 340.986,"Actual Rows": 5,"Actual Loops": 1,"Workers Planned": 4,"Workers Launched": 4,"Single Copy": false,"Plans": [{"Node Type": "Aggregate","Strategy": "Plain","Partial Mode": "Partial","Parent Relationship": "Outer","Parallel Aware": false,"Async Capable": false,"Startup Cost": 146403.83,"Total Cost": 146403.84,"Plan Rows": 1,"Plan Width": 32,"Actual Startup Time": 300.209,"Actual Total Time": 300.210,"Actual Rows": 1,"Actual Loops": 5,"Workers": [],"Plans": [{"Node Type": "Seq Scan","Parent Relationship": "Outer","Parallel Aware": true,"Async Capable": false,"Relation Name": "lineitem","Alias": "lineitem","Startup Cost": 0.00,"Total Cost": 146259.83,"Plan Rows": 28799,"Plan Width": 12,"Actual Startup Time": 0.104,"Actual Total Time": 295.271,"Actual Rows": 22953,"Actual Loops": 5,"Filter": "((l_shipdate >= '1996-01-01'::date) AND (l_shipdate < '1997-01-01 00:00:00'::timestamp without time zone) AND (l_discount >= 0.01) AND (l_discount <= 0.03) AND (l_quantity < '24'::numeric))","Rows Removed by Filter": 1177290,"Workers": []}]}]}]},"Planning Time": 2.573,"Triggers": [],"Execution Time": 341.309}]
[{"Plan": {"Node Type": "Aggregate","Strategy": "Plain","Partial Mode": "Finalize","Parallel Aware": false,"Async Capable": false,"Startup Cost": 147405.88,"Total Cost": 147405.89,"Plan Rows": 1,"Plan Width": 32,"Actual Startup Time": 305.694,"Actual Total Time": 338.072,"Actual Rows": 1,"Actual Loops": 1,"Plans": [{"Node Type": "Gather","Parent Relationship": "Outer","Parallel Aware": false,"Async Capable": false,"Startup Cost": 147405.45,"Total Cost": 147405.86,"Plan Rows": 4,"Plan Width": 32,"Actual Startup Time": 305.534,"Actual Total Time": 338.050,"Actual Rows": 5,"Actual Loops": 1,"Workers Planned": 4,"Workers Launched": 4,"Single Copy": false,"Plans": [{"Node Type": "Aggregate","Strategy": "Plain","Partial Mode": "Partial","Parent Relationship": "Outer","Parallel Aware": false,"Async Capable": false,"Startup Cost": 146405.45,"Total Cost": 146405.46,"Plan Rows": 1,"Plan Width": 32,"Actual Startup Time": 298.920,"Actual Total Time": 298.921,"Actual Rows": 1,"Actual Loops": 5,"Workers": [],"Plans": [{"Node Type": "Seq Scan","Parent Relationship": "Outer","Parallel Aware": true,"Async Capable": false,"Relation Name": "lineitem","Alias": "lineitem","Startup Cost": 0.00,"Total Cost": 146259.83,"Plan Rows": 29122,"Plan Width": 12,"Actual Startup Time": 0.100,"Actual Total Time": 294.160,"Actual Rows": 22732,"Actual Loops": 5,"Filter": "((l_shipdate >= '1993-01-01'::date) AND (l_shipdate < '1994-01-01 00:00:00'::timestamp without time zone) AND (l_discount >= 0.01) AND (l_discount <= 0.03) AND (l_quantity < '24'::numeric))","Rows Removed by Filter": 1177511,"Workers": []}]}]}]},"Planning Time": 2.133,"Triggers": [],"Execution Time": 338.277}]
[{"Plan": {"Node Type": "Aggregate","Strategy": "Plain","Partial Mode": "Finalize","Parallel Aware": false,"Async Capable": false,"Startup Cost": 147403.72,"Total Cost": 147403.73,"Plan Rows": 1,"Plan Width": 32,"Actual Startup Time": 297.848,"Actual Total Time": 329.743,"Actual Rows": 1,"Actual Loops": 1,"Plans": [{"Node Type": "Gather","Parent Relationship": "Outer","Parallel Aware": false,"Async Capable": false,"Startup Cost": 147403.29,"Total Cost": 147403.70,"Plan Rows": 4,"Plan Width": 32,"Actual Startup Time": 297.724,"Actual Total Time": 329.700,"Actual Rows": 5,"Actual Loops": 1,"Workers Planned": 4,"Workers Launched": 4,"Single Copy": false,"Plans": [{"Node Type": "Aggregate","Strategy": "Plain","Partial Mode": "Partial","Parent Relationship": "Outer","Parallel Aware": false,"Async Capable": false,"Startup Cost": 146403.29,"Total Cost": 146403.30,"Plan Rows": 1,"Plan Width": 32,"Actual Startup Time": 290.963,"Actual Total Time": 290.965,"Actual Rows": 1,"Actual Loops": 5,"Workers": [],"Plans": [{"Node Type": "Seq Scan","Parent Relationship": "Outer","Parallel Aware": true,"Async Capable": false,"Relation Name": "lineitem","Alias": "lineitem","Startup Cost": 0.00,"Total Cost": 146259.83,"Plan Rows": 28690,"Plan Width": 12,"Actual Startup Time": 0.110,"Actual Total Time": 286.168,"Actual Rows": 22858,"Actual Loops": 5,"Filter": "((l_shipdate >= '1997-01-01'::date) AND (l_shipdate < '1998-01-01 00:00:00'::timestamp without time zone) AND (l_discount >= 0.06) AND (l_discount <= 0.08) AND (l_quantity < '24'::numeric))","Rows Removed by Filter": 1177385,"Workers": []}]}]}]},"Planning Time": 2.112,"Triggers": [],"Execution Time": 329.961}]
[{"Plan": {"Node Type": "Aggregate","Strategy": "Plain","Partial Mode": "Finalize","Parallel Aware": false,"Async Capable": false,"Startup Cost": 147410.59,"Total Cost": 147410.60,"Plan Rows": 1,"Plan Width": 32,"Actual Startup Time": 295.084,"Actual Total Time": 327.277,"Actual Rows": 1,"Actual Loops": 1,"Plans": [{"Node Type": "Gather","Parent Relationship": "Outer","Parallel Aware": false,"Async Capable": false,"Startup Cost": 147410.16,"Total Cost": 147410.57,"Plan Rows": 4,"Plan Width": 32,"Actual Startup Time": 294.923,"Actual Total Time": 327.239,"Actual Rows": 5,"Actual Loops": 1,"Workers Planned": 4,"Workers Launched": 4,"Single Copy": false,"Plans": [{"Node Type": "Aggregate","Strategy": "Plain","Partial Mode": "Partial","Parent Relationship": "Outer","Parallel Aware": false,"Async Capable": false,"Startup Cost": 146410.16,"Total Cost": 146410.17,"Plan Rows": 1,"Plan Width": 32,"Actual Startup Time": 288.077,"Actual Total Time": 288.081,"Actual Rows": 1,"Actual Loops": 5,"Workers": [],"Plans": [{"Node Type": "Seq Scan","Parent Relationship": "Outer","Parallel Aware": true,"Async Capable": false,"Relation Name": "lineitem","Alias": "lineitem","Startup Cost": 0.00,"Total Cost": 146259.83,"Plan Rows": 30065,"Plan Width": 12,"Actual Startup Time": 0.083,"Actual Total Time": 282.992,"Actual Rows": 23829,"Actual Loops": 5,"Filter": "((l_shipdate >= '1997-01-01'::date) AND (l_shipdate < '1998-01-01 00:00:00'::timestamp without time zone) AND (l_discount >= 0.01) AND (l_discount <= 0.03) AND (l_quantity < '25'::numeric))","Rows Removed by Filter": 1176414,"Workers": []}]}]}]},"Planning Time": 2.956,"Triggers": [],"Execution Time": 327.522}]
[{"Plan": {"Node Type": "Aggregate","Strategy": "Plain","Partial Mode": "Finalize","Parallel Aware": false,"Async Capable": false,"Startup Cost": 147403.35,"Total Cost": 147403.36,"Plan Rows": 1,"Plan Width": 32,"Actual Startup Time": 307.692,"Actual Total Time": 339.813,"Actual Rows": 1,"Actual Loops": 1,"Plans": [{"Node Type": "Gather","Parent Relationship": "Outer","Parallel Aware": false,"Async Capable": false,"Startup Cost": 147402.92,"Total Cost": 147403.33,"Plan Rows": 4,"Plan Width": 32,"Actual Startup Time": 307.507,"Actual Total Time": 339.774,"Actual Rows": 5,"Actual Loops": 1,"Workers Planned": 4,"Workers Launched": 4,"Single Copy": false,"Plans": [{"Node Type": "Aggregate","Strategy": "Plain","Partial Mode": "Partial","Parent Relationship": "Outer","Parallel Aware": false,"Async Capable": false,"Startup Cost": 146402.92,"Total Cost": 146402.93,"Plan Rows": 1,"Plan Width": 32,"Actual Startup Time": 300.661,"Actual Total Time": 300.663,"Actual Rows": 1,"Actual Loops": 5,"Workers": [],"Plans": [{"Node Type": "Seq Scan","Parent Relationship": "Outer","Parallel Aware": true,"Async Capable": false,"Relation Name": "lineitem","Alias": "lineitem","Startup Cost": 0.00,"Total Cost": 146259.83,"Plan Rows": 28617,"Plan Width": 12,"Actual Startup Time": 0.072,"Actual Total Time": 295.794,"Actual Rows": 22949,"Actual Loops": 5,"Filter": "((l_shipdate >= '1996-01-01'::date) AND (l_shipdate < '1997-01-01 00:00:00'::timestamp without time zone) AND (l_discount >= 0.02) AND (l_discount <= 0.04) AND (l_quantity < '24'::numeric))","Rows Removed by Filter": 1177294,"Workers": []}]}]}]},"Planning Time": 2.115,"Triggers": [],"Execution Time": 340.016}]
[{"Plan": {"Node Type": "Aggregate","Strategy": "Plain","Partial Mode": "Finalize","Parallel Aware": false,"Async Capable": false,"Startup Cost": 147402.87,"Total Cost": 147402.88,"Plan Rows": 1,"Plan Width": 32,"Actual Startup Time": 296.428,"Actual Total Time": 327.149,"Actual Rows": 1,"Actual Loops": 1,"Plans": [{"Node Type": "Gather","Parent Relationship": "Outer","Parallel Aware": false,"Async Capable": false,"Startup Cost": 147402.44,"Total Cost": 147402.85,"Plan Rows": 4,"Plan Width": 32,"Actual Startup Time": 296.221,"Actual Total Time": 327.118,"Actual Rows": 5,"Actual Loops": 1,"Workers Planned": 4,"Workers Launched": 4,"Single Copy": false,"Plans": [{"Node Type": "Aggregate","Strategy": "Plain","Partial Mode": "Partial","Parent Relationship": "Outer","Parallel Aware": false,"Async Capable": false,"Startup Cost": 146402.44,"Total Cost": 146402.45,"Plan Rows": 1,"Plan Width": 32,"Actual Startup Time": 289.094,"Actual Total Time": 289.097,"Actual Rows": 1,"Actual Loops": 5,"Workers": [],"Plans": [{"Node Type": "Seq Scan","Parent Relationship": "Outer","Parallel Aware": true,"Async Capable": false,"Relation Name": "lineitem","Alias": "lineitem","Startup Cost": 0.00,"Total Cost": 146259.83,"Plan Rows": 28520,"Plan Width": 12,"Actual Startup Time": 0.102,"Actual Total Time": 284.378,"Actual Rows": 22769,"Actual Loops": 5,"Filter": "((l_shipdate >= '1994-01-01'::date) AND (l_shipdate < '1995-01-01 00:00:00'::timestamp without time zone) AND (l_discount >= 0.06) AND (l_discount <= 0.08) AND (l_quantity < '24'::numeric))","Rows Removed by Filter": 1177474,"Workers": []}]}]}]},"Planning Time": 2.811,"Triggers": [],"Execution Time": 327.382}]
[{"Plan": {"Node Type": "Aggregate","Strategy": "Plain","Partial Mode": "Finalize","Parallel Aware": false,"Async Capable": false,"Startup Cost": 147404.26,"Total Cost": 147404.27,"Plan Rows": 1,"Plan Width": 32,"Actual Startup Time": 307.701,"Actual Total Time": 341.025,"Actual Rows": 1,"Actual Loops": 1,"Plans": [{"Node Type": "Gather","Parent Relationship": "Outer","Parallel Aware": false,"Async Capable": false,"Startup Cost": 147403.83,"Total Cost": 147404.24,"Plan Rows": 4,"Plan Width": 32,"Actual Startup Time": 307.548,"Actual Total Time": 340.986,"Actual Rows": 5,"Actual Loops": 1,"Workers Planned": 4,"Workers Launched": 4,"Single Copy": false,"Plans": [{"Node Type": "Aggregate","Strategy": "Plain","Partial Mode": "Partial","Parent Relationship": "Outer","Parallel Aware": false,"Async Capable": false,"Startup Cost": 146403.83,"Total Cost": 146403.84,"Plan Rows": 1,"Plan Width": 32,"Actual Startup Time": 300.209,"Actual Total Time": 300.210,"Actual Rows": 1,"Actual Loops": 5,"Workers": [],"Plans": [{"Node Type": "Seq Scan","Parent Relationship": "Outer","Parallel Aware": true,"Async Capable": false,"Relation Name": "lineitem","Alias": "lineitem","Startup Cost": 0.00,"Total Cost": 146259.83,"Plan Rows": 28799,"Plan Width": 12,"Actual Startup Time": 0.104,"Actual Total Time": 295.271,"Actual Rows": 22953,"Actual Loops": 5,"Filter": "((l_shipdate >= '1996-01-01'::date) AND (l_shipdate < '1997-01-01 00:00:00'::timestamp without time zone) AND (l_discount >= 0.01) AND (l_discount <= 0.03) AND (l_quantity < '24'::numeric))","Rows Removed by Filter": 1177290,"Workers": []}]}]}]},"Planning Time": 2.573,"Triggers": [],"Execution Time": 341.309}]
[{"Plan": {"Node Type": "Aggregate","Strategy": "Plain","Partial Mode": "Finalize","Parallel Aware": false,"Async Capable": false,"Startup Cost": 147402.00,"Total Cost": 147402.01,"Plan Rows": 1,"Plan Width": 32,"Actual Startup Time": 301.179,"Actual Total Time": 332.557,"Actual Rows": 1,"Actual Loops": 1,"Plans": [{"Node Type": "Gather","Parent Relationship": "Outer","Parallel Aware": false,"Async Capable": false,"Startup Cost": 147401.57,"Total Cost": 147401.98,"Plan Rows": 4,"Plan Width": 32,"Actual Startup Time": 300.979,"Actual Total Time": 332.537,"Actual Rows": 5,"Actual Loops": 1,"Workers Planned": 4,"Workers Launched": 4,"Single Copy": false,"Plans": [{"Node Type": "Aggregate","Strategy": "Plain","Partial Mode": "Partial","Parent Relationship": "Outer","Parallel Aware": false,"Async Capable": false,"Startup Cost": 146401.57,"Total Cost": 146401.58,"Plan Rows": 1,"Plan Width": 32,"Actual Startup Time": 294.120,"Actual Total Time": 294.122,"Actual Rows": 1,"Actual Loops": 5,"Workers": [],"Plans": [{"Node Type": "Seq Scan","Parent Relationship": "Outer","Parallel Aware": true,"Async Capable": false,"Relation Name": "lineitem","Alias": "lineitem","Startup Cost": 0.00,"Total Cost": 146259.83,"Plan Rows": 28347,"Plan Width": 12,"Actual Startup Time": 0.086,"Actual Total Time": 289.269,"Actual Rows": 22784,"Actual Loops": 5,"Filter": "((l_shipdate >= '1994-01-01'::date) AND (l_shipdate < '1995-01-01 00:00:00'::timestamp without time zone) AND (l_discount >= 0.07) AND (l_discount <= 0.09) AND (l_quantity < '24'::numeric))","Rows Removed by Filter": 1177459,"Workers": []}]}]}]},"Planning Time": 2.495,"Triggers": [],"Execution Time": 332.775}]
[{"Plan": {"Node Type": "Aggregate","Strategy": "Plain","Partial Mode": "Finalize","Parallel Aware": false,"Async Capable": false,"Startup Cost": 147408.76,"Total Cost": 147408.77,"Plan Rows": 1,"Plan Width": 32,"Actual Startup Time": 301.628,"Actual Total Time": 334.552,"Actual Rows": 1,"Actual Loops": 1,"Plans": [{"Node Type": "Gather","Parent Relationship": "Outer","Parallel Aware": false,"Async Capable": false,"Startup Cost": 147408.33,"Total Cost": 147408.74,"Plan Rows": 4,"Plan Width": 32,"Actual Startup Time": 301.382,"Actual Total Time": 334.526,"Actual Rows": 5,"Actual Loops": 1,"Workers Planned": 4,"Workers Launched": 4,"Single Copy": false,"Plans": [{"Node Type": "Aggregate","Strategy": "Plain","Partial Mode": "Partial","Parent Relationship": "Outer","Parallel Aware": false,"Async Capable": false,"Startup Cost": 146408.33,"Total Cost": 146408.34,"Plan Rows": 1,"Plan Width": 32,"Actual Startup Time": 294.881,"Actual Total Time": 294.882,"Actual Rows": 1,"Actual Loops": 5,"Workers": [],"Plans": [{"Node Type": "Seq Scan","Parent Relationship": "Outer","Parallel Aware": true,"Async Capable": false,"Relation Name": "lineitem","Alias": "lineitem","Startup Cost": 0.00,"Total Cost": 146259.83,"Plan Rows": 29699,"Plan Width": 12,"Actual Startup Time": 0.068,"Actual Total Time": 289.793,"Actual Rows": 23872,"Actual Loops": 5,"Filter": "((l_shipdate >= '1994-01-01'::date) AND (l_shipdate < '1995-01-01 00:00:00'::timestamp without time zone) AND (l_discount >= 0.02) AND (l_discount <= 0.04) AND (l_quantity < '25'::numeric))","Rows Removed by Filter": 1176371,"Workers": []}]}]}]},"Planning Time": 2.002,"Triggers": [],"Execution Time": 334.744}]
[{"Plan": {"Node Type": "Aggregate","Strategy": "Plain","Partial Mode": "Finalize","Parallel Aware": false,"Async Capable": false,"Startup Cost": 147412.21,"Total Cost": 147412.22,"Plan Rows": 1,"Plan Width": 32,"Actual Startup Time": 308.065,"Actual Total Time": 340.901,"Actual Rows": 1,"Actual Loops": 1,"Plans": [{"Node Type": "Gather","Parent Relationship": "Outer","Parallel Aware": false,"Async Capable": false,"Startup Cost": 147411.78,"Total Cost": 147412.19,"Plan Rows": 4,"Plan Width": 32,"Actual Startup Time": 307.846,"Actual Total Time": 340.863,"Actual Rows": 5,"Actual Loops": 1,"Workers Planned": 4,"Workers Launched": 4,"Single Copy": false,"Plans": [{"Node Type": "Aggregate","Strategy": "Plain","Partial Mode": "Partial","Parent Relationship": "Outer","Parallel Aware": false,"Async Capable": false,"Startup Cost": 146411.78,"Total Cost": 146411.79,"Plan Rows": 1,"Plan Width": 32,"Actual Startup Time": 301.131,"Actual Total Time": 301.136,"Actual Rows": 1,"Actual Loops": 5,"Workers": [],"Plans": [{"Node Type": "Seq Scan","Parent Relationship": "Outer","Parallel Aware": true,"Async Capable": false,"Relation Name": "lineitem","Alias": "lineitem","Startup Cost": 0.00,"Total Cost": 146259.83,"Plan Rows": 30389,"Plan Width": 12,"Actual Startup Time": 0.073,"Actual Total Time": 296.120,"Actual Rows": 23723,"Actual Loops": 5,"Filter": "((l_shipdate >= '1993-01-01'::date) AND (l_shipdate < '1994-01-01 00:00:00'::timestamp without time zone) AND (l_discount >= 0.01) AND (l_discount <= 0.03) AND (l_quantity < '25'::numeric))","Rows Removed by Filter": 1176520,"Workers": []}]}]}]},"Planning Time": 2.521,"Triggers": [],"Execution Time": 341.120}]
[{"Plan": {"Node Type": "Aggregate","Strategy": "Plain","Partial Mode": "Finalize","Parallel Aware": false,"Async Capable": false,"Startup Cost": 147407.88,"Total Cost": 147407.89,"Plan Rows": 1,"Plan Width": 32,"Actual Startup Time": 303.094,"Actual Total Time": 335.189,"Actual Rows": 1,"Actual Loops": 1,"Plans": [{"Node Type": "Gather","Parent Relationship": "Outer","Parallel Aware": false,"Async Capable": false,"Startup Cost": 147407.45,"Total Cost": 147407.86,"Plan Rows": 4,"Plan Width": 32,"Actual Startup Time": 302.935,"Actual Total Time": 335.157,"Actual Rows": 5,"Actual Loops": 1,"Workers Planned": 4,"Workers Launched": 4,"Single Copy": false,"Plans": [{"Node Type": "Aggregate","Strategy": "Plain","Partial Mode": "Partial","Parent Relationship": "Outer","Parallel Aware": false,"Async Capable": false,"Startup Cost": 146407.45,"Total Cost": 146407.46,"Plan Rows": 1,"Plan Width": 32,"Actual Startup Time": 295.477,"Actual Total Time": 295.478,"Actual Rows": 1,"Actual Loops": 5,"Workers": [],"Plans": [{"Node Type": "Seq Scan","Parent Relationship": "Outer","Parallel Aware": true,"Async Capable": false,"Relation Name": "lineitem","Alias": "lineitem","Startup Cost": 0.00,"Total Cost": 146259.83,"Plan Rows": 29522,"Plan Width": 12,"Actual Startup Time": 0.085,"Actual Total Time": 290.372,"Actual Rows": 23823,"Actual Loops": 5,"Filter": "((l_shipdate >= '1997-01-01'::date) AND (l_shipdate < '1998-01-01 00:00:00'::timestamp without time zone) AND (l_discount >= 0.08) AND (l_discount <= 0.10) AND (l_quantity < '25'::numeric))","Rows Removed by Filter": 1176420,"Workers": []}]}]}]},"Planning Time": 2.625,"Triggers": [],"Execution Time": 335.461}]
[{"Plan": {"Node Type": "Aggregate","Strategy": "Plain","Partial Mode": "Finalize","Parallel Aware": false,"Async Capable": false,"Startup Cost": 147404.34,"Total Cost": 147404.35,"Plan Rows": 1,"Plan Width": 32,"Actual Startup Time": 300.362,"Actual Total Time": 333.522,"Actual Rows": 1,"Actual Loops": 1,"Plans": [{"Node Type": "Gather","Parent Relationship": "Outer","Parallel Aware": false,"Async Capable": false,"Startup Cost": 147403.91,"Total Cost": 147404.32,"Plan Rows": 4,"Plan Width": 32,"Actual Startup Time": 300.181,"Actual Total Time": 333.484,"Actual Rows": 5,"Actual Loops": 1,"Workers Planned": 4,"Workers Launched": 4,"Single Copy": false,"Plans": [{"Node Type": "Aggregate","Strategy": "Plain","Partial Mode": "Partial","Parent Relationship": "Outer","Parallel Aware": false,"Async Capable": false,"Startup Cost": 146403.91,"Total Cost": 146403.92,"Plan Rows": 1,"Plan Width": 32,"Actual Startup Time": 293.530,"Actual Total Time": 293.532,"Actual Rows": 1,"Actual Loops": 5,"Workers": [],"Plans": [{"Node Type": "Seq Scan","Parent Relationship": "Outer","Parallel Aware": true,"Async Capable": false,"Relation Name": "lineitem","Alias": "lineitem","Startup Cost": 0.00,"Total Cost": 146259.83,"Plan Rows": 28815,"Plan Width": 12,"Actual Startup Time": 0.061,"Actual Total Time": 288.650,"Actual Rows": 22809,"Actual Loops": 5,"Filter": "((l_shipdate >= '1993-01-01'::date) AND (l_shipdate < '1994-01-01 00:00:00'::timestamp without time zone) AND (l_discount >= 0.05) AND (l_discount <= 0.07) AND (l_quantity < '24'::numeric))","Rows Removed by Filter": 1177434,"Workers": []}]}]}]},"Planning Time": 2.249,"Triggers": [],"Execution Time": 333.759}]
[{"Plan": {"Node Type": "Aggregate","Strategy": "Plain","Partial Mode": "Finalize","Parallel Aware": false,"Async Capable": false,"Startup Cost": 147407.88,"Total Cost": 147407.89,"Plan Rows": 1,"Plan Width": 32,"Actual Startup Time": 303.094,"Actual Total Time": 335.189,"Actual Rows": 1,"Actual Loops": 1,"Plans": [{"Node Type": "Gather","Parent Relationship": "Outer","Parallel Aware": false,"Async Capable": false,"Startup Cost": 147407.45,"Total Cost": 147407.86,"Plan Rows": 4,"Plan Width": 32,"Actual Startup Time": 302.935,"Actual Total Time": 335.157,"Actual Rows": 5,"Actual Loops": 1,"Workers Planned": 4,"Workers Launched": 4,"Single Copy": false,"Plans": [{"Node Type": "Aggregate","Strategy": "Plain","Partial Mode": "Partial","Parent Relationship": "Outer","Parallel Aware": false,"Async Capable": false,"Startup Cost": 146407.45,"Total Cost": 146407.46,"Plan Rows": 1,"Plan Width": 32,"Actual Startup Time": 295.477,"Actual Total Time": 295.478,"Actual Rows": 1,"Actual Loops": 5,"Workers": [],"Plans": [{"Node Type": "Seq Scan","Parent Relationship": "Outer","Parallel Aware": true,"Async Capable": false,"Relation Name": "lineitem","Alias": "lineitem","Startup Cost": 0.00,"Total Cost": 146259.83,"Plan Rows": 29522,"Plan Width": 12,"Actual Startup Time": 0.085,"Actual Total Time": 290.372,"Actual Rows": 23823,"Actual Loops": 5,"Filter": "((l_shipdate >= '1997-01-01'::date) AND (l_shipdate < '1998-01-01 00:00:00'::timestamp without time zone) AND (l_discount >= 0.08) AND (l_discount <= 0.10) AND (l_quantity < '25'::numeric))","Rows Removed by Filter": 1176420,"Workers": []}]}]}]},"Planning Time": 2.625,"Triggers": [],"Execution Time": 335.461}]
[{"Plan": {"Node Type": "Aggregate","Strategy": "Plain","Partial Mode": "Finalize","Parallel Aware": false,"Async Capable": false,"Startup Cost": 147410.65,"Total Cost": 147410.66,"Plan Rows": 1,"Plan Width": 32,"Actual Startup Time": 303.311,"Actual Total Time": 336.303,"Actual Rows": 1,"Actual Loops": 1,"Plans": [{"Node Type": "Gather","Parent Relationship": "Outer","Parallel Aware": false,"Async Capable": false,"Startup Cost": 147410.22,"Total Cost": 147410.63,"Plan Rows": 4,"Plan Width": 32,"Actual Startup Time": 303.142,"Actual Total Time": 336.256,"Actual Rows": 5,"Actual Loops": 1,"Workers Planned": 4,"Workers Launched": 4,"Single Copy": false,"Plans": [{"Node Type": "Aggregate","Strategy": "Plain","Partial Mode": "Partial","Parent Relationship": "Outer","Parallel Aware": false,"Async Capable": false,"Startup Cost": 146410.22,"Total Cost": 146410.23,"Plan Rows": 1,"Plan Width": 32,"Actual Startup Time": 296.021,"Actual Total Time": 296.023,"Actual Rows": 1,"Actual Loops": 5,"Workers": [],"Plans": [{"Node Type": "Seq Scan","Parent Relationship": "Outer","Parallel Aware": true,"Async Capable": false,"Relation Name": "lineitem","Alias": "lineitem","Startup Cost": 0.00,"Total Cost": 146259.83,"Plan Rows": 30076,"Plan Width": 12,"Actual Startup Time": 0.153,"Actual Total Time": 290.872,"Actual Rows": 23928,"Actual Loops": 5,"Filter": "((l_shipdate >= '1993-01-01'::date) AND (l_shipdate < '1994-01-01 00:00:00'::timestamp without time zone) AND (l_discount >= 0.07) AND (l_discount <= 0.09) AND (l_quantity < '25'::numeric))","Rows Removed by Filter": 1176315,"Workers": []}]}]}]},"Planning Time": 2.101,"Triggers": [],"Execution Time": 336.525}]
[{"Plan": {"Node Type": "Aggregate","Strategy": "Plain","Partial Mode": "Finalize","Parallel Aware": false,"Async Capable": false,"Startup Cost": 147403.34,"Total Cost": 147403.35,"Plan Rows": 1,"Plan Width": 32,"Actual Startup Time": 308.370,"Actual Total Time": 341.286,"Actual Rows": 1,"Actual Loops": 1,"Plans": [{"Node Type": "Gather","Parent Relationship": "Outer","Parallel Aware": false,"Async Capable": false,"Startup Cost": 147402.91,"Total Cost": 147403.32,"Plan Rows": 4,"Plan Width": 32,"Actual Startup Time": 308.172,"Actual Total Time": 341.245,"Actual Rows": 5,"Actual Loops": 1,"Workers Planned": 4,"Workers Launched": 4,"Single Copy": false,"Plans": [{"Node Type": "Aggregate","Strategy": "Plain","Partial Mode": "Partial","Parent Relationship": "Outer","Parallel Aware": false,"Async Capable": false,"Startup Cost": 146402.91,"Total Cost": 146402.92,"Plan Rows": 1,"Plan Width": 32,"Actual Startup Time": 300.890,"Actual Total Time": 300.893,"Actual Rows": 1,"Actual Loops": 5,"Workers": [],"Plans": [{"Node Type": "Seq Scan","Parent Relationship": "Outer","Parallel Aware": true,"Async Capable": false,"Relation Name": "lineitem","Alias": "lineitem","Startup Cost": 0.00,"Total Cost": 146259.83,"Plan Rows": 28614,"Plan Width": 12,"Actual Startup Time": 0.079,"Actual Total Time": 296.073,"Actual Rows": 22859,"Actual Loops": 5,"Filter": "((l_shipdate >= '1996-01-01'::date) AND (l_shipdate < '1997-01-01 00:00:00'::timestamp without time zone) AND (l_discount >= 0.04) AND (l_discount <= 0.06) AND (l_quantity < '24'::numeric))","Rows Removed by Filter": 1177384,"Workers": []}]}]}]},"Planning Time": 3.004,"Triggers": [],"Execution Time": 341.531}]
[{"Plan": {"Node Type": "Aggregate","Strategy": "Plain","Partial Mode": "Finalize","Parallel Aware": false,"Async Capable": false,"Startup Cost": 147409.07,"Total Cost": 147409.08,"Plan Rows": 1,"Plan Width": 32,"Actual Startup Time": 306.457,"Actual Total Time": 338.926,"Actual Rows": 1,"Actual Loops": 1,"Plans": [{"Node Type": "Gather","Parent Relationship": "Outer","Parallel Aware": false,"Async Capable": false,"Startup Cost": 147408.64,"Total Cost": 147409.05,"Plan Rows": 4,"Plan Width": 32,"Actual Startup Time": 306.305,"Actual Total Time": 338.886,"Actual Rows": 5,"Actual Loops": 1,"Workers Planned": 4,"Workers Launched": 4,"Single Copy": false,"Plans": [{"Node Type": "Aggregate","Strategy": "Plain","Partial Mode": "Partial","Parent Relationship": "Outer","Parallel Aware": false,"Async Capable": false,"Startup Cost": 146408.64,"Total Cost": 146408.65,"Plan Rows": 1,"Plan Width": 32,"Actual Startup Time": 298.789,"Actual Total Time": 298.790,"Actual Rows": 1,"Actual Loops": 5,"Workers": [],"Plans": [{"Node Type": "Seq Scan","Parent Relationship": "Outer","Parallel Aware": true,"Async Capable": false,"Relation Name": "lineitem","Alias": "lineitem","Startup Cost": 0.00,"Total Cost": 146259.83,"Plan Rows": 29761,"Plan Width": 12,"Actual Startup Time": 0.097,"Actual Total Time": 293.706,"Actual Rows": 23803,"Actual Loops": 5,"Filter": "((l_shipdate >= '1994-01-01'::date) AND (l_shipdate < '1995-01-01 00:00:00'::timestamp without time zone) AND (l_discount >= 0.06) AND (l_discount <= 0.08) AND (l_quantity < '25'::numeric))","Rows Removed by Filter": 1176440,"Workers": []}]}]}]},"Planning Time": 2.937,"Triggers": [],"Execution Time": 339.178}]
[{"Plan": {"Node Type": "Aggregate","Strategy": "Plain","Partial Mode": "Finalize","Parallel Aware": false,"Async Capable": false,"Startup Cost": 147409.70,"Total Cost": 147409.71,"Plan Rows": 1,"Plan Width": 32,"Actual Startup Time": 318.187,"Actual Total Time": 351.604,"Actual Rows": 1,"Actual Loops": 1,"Plans": [{"Node Type": "Gather","Parent Relationship": "Outer","Parallel Aware": false,"Async Capable": false,"Startup Cost": 147409.27,"Total Cost": 147409.68,"Plan Rows": 4,"Plan Width": 32,"Actual Startup Time": 318.005,"Actual Total Time": 351.566,"Actual Rows": 5,"Actual Loops": 1,"Workers Planned": 4,"Workers Launched": 4,"Single Copy": false,"Plans": [{"Node Type": "Aggregate","Strategy": "Plain","Partial Mode": "Partial","Parent Relationship": "Outer","Parallel Aware": false,"Async Capable": false,"Startup Cost": 146409.27,"Total Cost": 146409.28,"Plan Rows": 1,"Plan Width": 32,"Actual Startup Time": 310.692,"Actual Total Time": 310.693,"Actual Rows": 1,"Actual Loops": 5,"Workers": [],"Plans": [{"Node Type": "Seq Scan","Parent Relationship": "Outer","Parallel Aware": true,"Async Capable": false,"Relation Name": "lineitem","Alias": "lineitem","Startup Cost": 0.00,"Total Cost": 146259.83,"Plan Rows": 29887,"Plan Width": 12,"Actual Startup Time": 0.069,"Actual Total Time": 305.516,"Actual Rows": 23782,"Actual Loops": 5,"Filter": "((l_shipdate >= '1994-01-01'::date) AND (l_shipdate < '1995-01-01 00:00:00'::timestamp without time zone) AND (l_discount >= 0.01) AND (l_discount <= 0.03) AND (l_quantity < '25'::numeric))","Rows Removed by Filter": 1176461,"Workers": []}]}]}]},"Planning Time": 2.556,"Triggers": [],"Execution Time": 351.812}]
[{"Plan": {"Node Type": "Aggregate","Strategy": "Plain","Partial Mode": "Finalize","Parallel Aware": false,"Async Capable": false,"Startup Cost": 147409.47,"Total Cost": 147409.48,"Plan Rows": 1,"Plan Width": 32,"Actual Startup Time": 304.472,"Actual Total Time": 337.614,"Actual Rows": 1,"Actual Loops": 1,"Plans": [{"Node Type": "Gather","Parent Relationship": "Outer","Parallel Aware": false,"Async Capable": false,"Startup Cost": 147409.04,"Total Cost": 147409.45,"Plan Rows": 4,"Plan Width": 32,"Actual Startup Time": 304.285,"Actual Total Time": 337.579,"Actual Rows": 5,"Actual Loops": 1,"Workers Planned": 4,"Workers Launched": 4,"Single Copy": false,"Plans": [{"Node Type": "Aggregate","Strategy": "Plain","Partial Mode": "Partial","Parent Relationship": "Outer","Parallel Aware": false,"Async Capable": false,"Startup Cost": 146409.04,"Total Cost": 146409.05,"Plan Rows": 1,"Plan Width": 32,"Actual Startup Time": 296.729,"Actual Total Time": 296.730,"Actual Rows": 1,"Actual Loops": 5,"Workers": [],"Plans": [{"Node Type": "Seq Scan","Parent Relationship": "Outer","Parallel Aware": true,"Async Capable": false,"Relation Name": "lineitem","Alias": "lineitem","Startup Cost": 0.00,"Total Cost": 146259.83,"Plan Rows": 29840,"Plan Width": 12,"Actual Startup Time": 0.139,"Actual Total Time": 291.608,"Actual Rows": 23879,"Actual Loops": 5,"Filter": "((l_shipdate >= '1993-01-01'::date) AND (l_shipdate < '1994-01-01 00:00:00'::timestamp without time zone) AND (l_discount >= 0.08) AND (l_discount <= 0.10) AND (l_quantity < '25'::numeric))","Rows Removed by Filter": 1176364,"Workers": []}]}]}]},"Planning Time": 2.798,"Triggers": [],"Execution Time": 337.873}]
[{"Plan": {"Node Type": "Aggregate","Strategy": "Plain","Partial Mode": "Finalize","Parallel Aware": false,"Async Capable": false,"Startup Cost": 147408.75,"Total Cost": 147408.76,"Plan Rows": 1,"Plan Width": 32,"Actual Startup Time": 308.951,"Actual Total Time": 342.656,"Actual Rows": 1,"Actual Loops": 1,"Plans": [{"Node Type": "Gather","Parent Relationship": "Outer","Parallel Aware": false,"Async Capable": false,"Startup Cost": 147408.32,"Total Cost": 147408.73,"Plan Rows": 4,"Plan Width": 32,"Actual Startup Time": 308.754,"Actual Total Time": 342.616,"Actual Rows": 5,"Actual Loops": 1,"Workers Planned": 4,"Workers Launched": 4,"Single Copy": false,"Plans": [{"Node Type": "Aggregate","Strategy": "Plain","Partial Mode": "Partial","Parent Relationship": "Outer","Parallel Aware": false,"Async Capable": false,"Startup Cost": 146408.32,"Total Cost": 146408.33,"Plan Rows": 1,"Plan Width": 32,"Actual Startup Time": 300.851,"Actual Total Time": 300.853,"Actual Rows": 1,"Actual Loops": 5,"Workers": [],"Plans": [{"Node Type": "Seq Scan","Parent Relationship": "Outer","Parallel Aware": true,"Async Capable": false,"Relation Name": "lineitem","Alias": "lineitem","Startup Cost": 0.00,"Total Cost": 146259.83,"Plan Rows": 29696,"Plan Width": 12,"Actual Startup Time": 0.086,"Actual Total Time": 295.723,"Actual Rows": 23835,"Actual Loops": 5,"Filter": "((l_shipdate >= '1994-01-01'::date) AND (l_shipdate < '1995-01-01 00:00:00'::timestamp without time zone) AND (l_discount >= 0.04) AND (l_discount <= 0.06) AND (l_quantity < '25'::numeric))","Rows Removed by Filter": 1176408,"Workers": []}]}]}]},"Planning Time": 2.780,"Triggers": [],"Execution Time": 342.900}]
[{"Plan": {"Node Type": "Aggregate","Strategy": "Plain","Partial Mode": "Finalize","Parallel Aware": false,"Async Capable": false,"Startup Cost": 147406.05,"Total Cost": 147406.06,"Plan Rows": 1,"Plan Width": 32,"Actual Startup Time": 304.861,"Actual Total Time": 338.017,"Actual Rows": 1,"Actual Loops": 1,"Plans": [{"Node Type": "Gather","Parent Relationship": "Outer","Parallel Aware": false,"Async Capable": false,"Startup Cost": 147405.62,"Total Cost": 147406.03,"Plan Rows": 4,"Plan Width": 32,"Actual Startup Time": 304.681,"Actual Total Time": 337.993,"Actual Rows": 5,"Actual Loops": 1,"Workers Planned": 4,"Workers Launched": 4,"Single Copy": false,"Plans": [{"Node Type": "Aggregate","Strategy": "Plain","Partial Mode": "Partial","Parent Relationship": "Outer","Parallel Aware": false,"Async Capable": false,"Startup Cost": 146405.62,"Total Cost": 146405.63,"Plan Rows": 1,"Plan Width": 32,"Actual Startup Time": 297.689,"Actual Total Time": 297.690,"Actual Rows": 1,"Actual Loops": 5,"Workers": [],"Plans": [{"Node Type": "Seq Scan","Parent Relationship": "Outer","Parallel Aware": true,"Async Capable": false,"Relation Name": "lineitem","Alias": "lineitem","Startup Cost": 0.00,"Total Cost": 146259.83,"Plan Rows": 29157,"Plan Width": 12,"Actual Startup Time": 0.085,"Actual Total Time": 292.826,"Actual Rows": 22994,"Actual Loops": 5,"Filter": "((l_shipdate >= '1995-01-01'::date) AND (l_shipdate < '1996-01-01 00:00:00'::timestamp without time zone) AND (l_discount >= 0.03) AND (l_discount <= 0.05) AND (l_quantity < '24'::numeric))","Rows Removed by Filter": 1177249,"Workers": []}]}]}]},"Planning Time": 2.567,"Triggers": [],"Execution Time": 338.225}]
[{"Plan": {"Node Type": "Aggregate","Strategy": "Plain","Partial Mode": "Finalize","Parallel Aware": false,"Async Capable": false,"Startup Cost": 147413.28,"Total Cost": 147413.29,"Plan Rows": 1,"Plan Width": 32,"Actual Startup Time": 304.234,"Actual Total Time": 336.730,"Actual Rows": 1,"Actual Loops": 1,"Plans": [{"Node Type": "Gather","Parent Relationship": "Outer","Parallel Aware": false,"Async Capable": false,"Startup Cost": 147412.85,"Total Cost": 147413.26,"Plan Rows": 4,"Plan Width": 32,"Actual Startup Time": 304.079,"Actual Total Time": 336.704,"Actual Rows": 5,"Actual Loops": 1,"Workers Planned": 4,"Workers Launched": 4,"Single Copy": false,"Plans": [{"Node Type": "Aggregate","Strategy": "Plain","Partial Mode": "Partial","Parent Relationship": "Outer","Parallel Aware": false,"Async Capable": false,"Startup Cost": 146412.85,"Total Cost": 146412.86,"Plan Rows": 1,"Plan Width": 32,"Actual Startup Time": 297.451,"Actual Total Time": 297.454,"Actual Rows": 1,"Actual Loops": 5,"Workers": [],"Plans": [{"Node Type": "Seq Scan","Parent Relationship": "Outer","Parallel Aware": true,"Async Capable": false,"Relation Name": "lineitem","Alias": "lineitem","Startup Cost": 0.00,"Total Cost": 146259.83,"Plan Rows": 30602,"Plan Width": 12,"Actual Startup Time": 0.064,"Actual Total Time": 292.466,"Actual Rows": 23856,"Actual Loops": 5,"Filter": "((l_shipdate >= '1995-01-01'::date) AND (l_shipdate < '1996-01-01 00:00:00'::timestamp without time zone) AND (l_discount >= 0.07) AND (l_discount <= 0.09) AND (l_quantity < '25'::numeric))","Rows Removed by Filter": 1176387,"Workers": []}]}]}]},"Planning Time": 2.470,"Triggers": [],"Execution Time": 336.964}]
[{"Plan": {"Node Type": "Aggregate","Strategy": "Plain","Partial Mode": "Finalize","Parallel Aware": false,"Async Capable": false,"Startup Cost": 147403.48,"Total Cost": 147403.49,"Plan Rows": 1,"Plan Width": 32,"Actual Startup Time": 307.680,"Actual Total Time": 340.052,"Actual Rows": 1,"Actual Loops": 1,"Plans": [{"Node Type": "Gather","Parent Relationship": "Outer","Parallel Aware": false,"Async Capable": false,"Startup Cost": 147403.05,"Total Cost": 147403.46,"Plan Rows": 4,"Plan Width": 32,"Actual Startup Time": 307.501,"Actual Total Time": 340.006,"Actual Rows": 5,"Actual Loops": 1,"Workers Planned": 4,"Workers Launched": 4,"Single Copy": false,"Plans": [{"Node Type": "Aggregate","Strategy": "Plain","Partial Mode": "Partial","Parent Relationship": "Outer","Parallel Aware": false,"Async Capable": false,"Startup Cost": 146403.05,"Total Cost": 146403.06,"Plan Rows": 1,"Plan Width": 32,"Actual Startup Time": 300.709,"Actual Total Time": 300.710,"Actual Rows": 1,"Actual Loops": 5,"Workers": [],"Plans": [{"Node Type": "Seq Scan","Parent Relationship": "Outer","Parallel Aware": true,"Async Capable": false,"Relation Name": "lineitem","Alias": "lineitem","Startup Cost": 0.00,"Total Cost": 146259.83,"Plan Rows": 28642,"Plan Width": 12,"Actual Startup Time": 0.067,"Actual Total Time": 295.788,"Actual Rows": 22769,"Actual Loops": 5,"Filter": "((l_shipdate >= '1994-01-01'::date) AND (l_shipdate < '1995-01-01 00:00:00'::timestamp without time zone) AND (l_discount >= 0.01) AND (l_discount <= 0.03) AND (l_quantity < '24'::numeric))","Rows Removed by Filter": 1177474,"Workers": []}]}]}]},"Planning Time": 2.159,"Triggers": [],"Execution Time": 340.229}]
[{"Plan": {"Node Type": "Aggregate","Strategy": "Plain","Partial Mode": "Finalize","Parallel Aware": false,"Async Capable": false,"Startup Cost": 147403.25,"Total Cost": 147403.26,"Plan Rows": 1,"Plan Width": 32,"Actual Startup Time": 299.656,"Actual Total Time": 331.893,"Actual Rows": 1,"Actual Loops": 1,"Plans": [{"Node Type": "Gather","Parent Relationship": "Outer","Parallel Aware": false,"Async Capable": false,"Startup Cost": 147402.82,"Total Cost": 147403.23,"Plan Rows": 4,"Plan Width": 32,"Actual Startup Time": 299.497,"Actual Total Time": 331.872,"Actual Rows": 5,"Actual Loops": 1,"Workers Planned": 4,"Workers Launched": 4,"Single Copy": false,"Plans": [{"Node Type": "Aggregate","Strategy": "Plain","Partial Mode": "Partial","Parent Relationship": "Outer","Parallel Aware": false,"Async Capable": false,"Startup Cost": 146402.82,"Total Cost": 146402.83,"Plan Rows": 1,"Plan Width": 32,"Actual Startup Time": 292.955,"Actual Total Time": 292.957,"Actual Rows": 1,"Actual Loops": 5,"Workers": [],"Plans": [{"Node Type": "Seq Scan","Parent Relationship": "Outer","Parallel Aware": true,"Async Capable": false,"Relation Name": "lineitem","Alias": "lineitem","Startup Cost": 0.00,"Total Cost": 146259.83,"Plan Rows": 28596,"Plan Width": 12,"Actual Startup Time": 0.107,"Actual Total Time": 288.136,"Actual Rows": 22884,"Actual Loops": 5,"Filter": "((l_shipdate >= '1993-01-01'::date) AND (l_shipdate < '1994-01-01 00:00:00'::timestamp without time zone) AND (l_discount >= 0.08) AND (l_discount <= 0.10) AND (l_quantity < '24'::numeric))","Rows Removed by Filter": 1177359,"Workers": []}]}]}]},"Planning Time": 2.478,"Triggers": [],"Execution Time": 332.115}]
[{"Plan": {"Node Type": "Aggregate","Strategy": "Plain","Partial Mode": "Finalize","Parallel Aware": false,"Async Capable": false,"Startup Cost": 147403.72,"Total Cost": 147403.73,"Plan Rows": 1,"Plan Width": 32,"Actual Startup Time": 297.848,"Actual Total Time": 329.743,"Actual Rows": 1,"Actual Loops": 1,"Plans": [{"Node Type": "Gather","Parent Relationship": "Outer","Parallel Aware": false,"Async Capable": false,"Startup Cost": 147403.29,"Total Cost": 147403.70,"Plan Rows": 4,"Plan Width": 32,"Actual Startup Time": 297.724,"Actual Total Time": 329.700,"Actual Rows": 5,"Actual Loops": 1,"Workers Planned": 4,"Workers Launched": 4,"Single Copy": false,"Plans": [{"Node Type": "Aggregate","Strategy": "Plain","Partial Mode": "Partial","Parent Relationship": "Outer","Parallel Aware": false,"Async Capable": false,"Startup Cost": 146403.29,"Total Cost": 146403.30,"Plan Rows": 1,"Plan Width": 32,"Actual Startup Time": 290.963,"Actual Total Time": 290.965,"Actual Rows": 1,"Actual Loops": 5,"Workers": [],"Plans": [{"Node Type": "Seq Scan","Parent Relationship": "Outer","Parallel Aware": true,"Async Capable": false,"Relation Name": "lineitem","Alias": "lineitem","Startup Cost": 0.00,"Total Cost": 146259.83,"Plan Rows": 28690,"Plan Width": 12,"Actual Startup Time": 0.110,"Actual Total Time": 286.168,"Actual Rows": 22858,"Actual Loops": 5,"Filter": "((l_shipdate >= '1997-01-01'::date) AND (l_shipdate < '1998-01-01 00:00:00'::timestamp without time zone) AND (l_discount >= 0.06) AND (l_discount <= 0.08) AND (l_quantity < '24'::numeric))","Rows Removed by Filter": 1177385,"Workers": []}]}]}]},"Planning Time": 2.112,"Triggers": [],"Execution Time": 329.961}]
[{"Plan": {"Node Type": "Aggregate","Strategy": "Plain","Partial Mode": "Finalize","Parallel Aware": false,"Async Capable": false,"Startup Cost": 147403.72,"Total Cost": 147403.73,"Plan Rows": 1,"Plan Width": 32,"Actual Startup Time": 297.848,"Actual Total Time": 329.743,"Actual Rows": 1,"Actual Loops": 1,"Plans": [{"Node Type": "Gather","Parent Relationship": "Outer","Parallel Aware": false,"Async Capable": false,"Startup Cost": 147403.29,"Total Cost": 147403.70,"Plan Rows": 4,"Plan Width": 32,"Actual Startup Time": 297.724,"Actual Total Time": 329.700,"Actual Rows": 5,"Actual Loops": 1,"Workers Planned": 4,"Workers Launched": 4,"Single Copy": false,"Plans": [{"Node Type": "Aggregate","Strategy": "Plain","Partial Mode": "Partial","Parent Relationship": "Outer","Parallel Aware": false,"Async Capable": false,"Startup Cost": 146403.29,"Total Cost": 146403.30,"Plan Rows": 1,"Plan Width": 32,"Actual Startup Time": 290.963,"Actual Total Time": 290.965,"Actual Rows": 1,"Actual Loops": 5,"Workers": [],"Plans": [{"Node Type": "Seq Scan","Parent Relationship": "Outer","Parallel Aware": true,"Async Capable": false,"Relation Name": "lineitem","Alias": "lineitem","Startup Cost": 0.00,"Total Cost": 146259.83,"Plan Rows": 28690,"Plan Width": 12,"Actual Startup Time": 0.110,"Actual Total Time": 286.168,"Actual Rows": 22858,"Actual Loops": 5,"Filter": "((l_shipdate >= '1997-01-01'::date) AND (l_shipdate < '1998-01-01 00:00:00'::timestamp without time zone) AND (l_discount >= 0.06) AND (l_discount <= 0.08) AND (l_quantity < '24'::numeric))","Rows Removed by Filter": 1177385,"Workers": []}]}]}]},"Planning Time": 2.112,"Triggers": [],"Execution Time": 329.961}]
[{"Plan": {"Node Type": "Aggregate","Strategy": "Plain","Partial Mode": "Finalize","Parallel Aware": false,"Async Capable": false,"Startup Cost": 147409.58,"Total Cost": 147409.59,"Plan Rows": 1,"Plan Width": 32,"Actual Startup Time": 301.600,"Actual Total Time": 333.793,"Actual Rows": 1,"Actual Loops": 1,"Plans": [{"Node Type": "Gather","Parent Relationship": "Outer","Parallel Aware": false,"Async Capable": false,"Startup Cost": 147409.15,"Total Cost": 147409.56,"Plan Rows": 4,"Plan Width": 32,"Actual Startup Time": 301.384,"Actual Total Time": 333.756,"Actual Rows": 5,"Actual Loops": 1,"Workers Planned": 4,"Workers Launched": 4,"Single Copy": false,"Plans": [{"Node Type": "Aggregate","Strategy": "Plain","Partial Mode": "Partial","Parent Relationship": "Outer","Parallel Aware": false,"Async Capable": false,"Startup Cost": 146409.15,"Total Cost": 146409.16,"Plan Rows": 1,"Plan Width": 32,"Actual Startup Time": 294.153,"Actual Total Time": 294.156,"Actual Rows": 1,"Actual Loops": 5,"Workers": [],"Plans": [{"Node Type": "Seq Scan","Parent Relationship": "Outer","Parallel Aware": true,"Async Capable": false,"Relation Name": "lineitem","Alias": "lineitem","Startup Cost": 0.00,"Total Cost": 146259.83,"Plan Rows": 29862,"Plan Width": 12,"Actual Startup Time": 0.097,"Actual Total Time": 289.096,"Actual Rows": 23940,"Actual Loops": 5,"Filter": "((l_shipdate >= '1996-01-01'::date) AND (l_shipdate < '1997-01-01 00:00:00'::timestamp without time zone) AND (l_discount >= 0.02) AND (l_discount <= 0.04) AND (l_quantity < '25'::numeric))","Rows Removed by Filter": 1176303,"Workers": []}]}]}]},"Planning Time": 2.766,"Triggers": [],"Execution Time": 334.034}]
[{"Plan": {"Node Type": "Aggregate","Strategy": "Plain","Partial Mode": "Finalize","Parallel Aware": false,"Async Capable": false,"Startup Cost": 147401.73,"Total Cost": 147401.74,"Plan Rows": 1,"Plan Width": 32,"Actual Startup Time": 301.810,"Actual Total Time": 334.490,"Actual Rows": 1,"Actual Loops": 1,"Plans": [{"Node Type": "Gather","Parent Relationship": "Outer","Parallel Aware": false,"Async Capable": false,"Startup Cost": 147401.30,"Total Cost": 147401.71,"Plan Rows": 4,"Plan Width": 32,"Actual Startup Time": 301.661,"Actual Total Time": 334.445,"Actual Rows": 5,"Actual Loops": 1,"Workers Planned": 4,"Workers Launched": 4,"Single Copy": false,"Plans": [{"Node Type": "Aggregate","Strategy": "Plain","Partial Mode": "Partial","Parent Relationship": "Outer","Parallel Aware": false,"Async Capable": false,"Startup Cost": 146401.30,"Total Cost": 146401.31,"Plan Rows": 1,"Plan Width": 32,"Actual Startup Time": 294.744,"Actual Total Time": 294.746,"Actual Rows": 1,"Actual Loops": 5,"Workers": [],"Plans": [{"Node Type": "Seq Scan","Parent Relationship": "Outer","Parallel Aware": true,"Async Capable": false,"Relation Name": "lineitem","Alias": "lineitem","Startup Cost": 0.00,"Total Cost": 146259.83,"Plan Rows": 28292,"Plan Width": 12,"Actual Startup Time": 0.071,"Actual Total Time": 289.877,"Actual Rows": 22841,"Actual Loops": 5,"Filter": "((l_shipdate >= '1997-01-01'::date) AND (l_shipdate < '1998-01-01 00:00:00'::timestamp without time zone) AND (l_discount >= 0.08) AND (l_discount <= 0.10) AND (l_quantity < '24'::numeric))","Rows Removed by Filter": 1177402,"Workers": []}]}]}]},"Planning Time": 2.944,"Triggers": [],"Execution Time": 334.671}]
[{"Plan": {"Node Type": "Aggregate","Strategy": "Plain","Partial Mode": "Finalize","Parallel Aware": false,"Async Capable": false,"Startup Cost": 147409.70,"Total Cost": 147409.71,"Plan Rows": 1,"Plan Width": 32,"Actual Startup Time": 318.187,"Actual Total Time": 351.604,"Actual Rows": 1,"Actual Loops": 1,"Plans": [{"Node Type": "Gather","Parent Relationship": "Outer","Parallel Aware": false,"Async Capable": false,"Startup Cost": 147409.27,"Total Cost": 147409.68,"Plan Rows": 4,"Plan Width": 32,"Actual Startup Time": 318.005,"Actual Total Time": 351.566,"Actual Rows": 5,"Actual Loops": 1,"Workers Planned": 4,"Workers Launched": 4,"Single Copy": false,"Plans": [{"Node Type": "Aggregate","Strategy": "Plain","Partial Mode": "Partial","Parent Relationship": "Outer","Parallel Aware": false,"Async Capable": false,"Startup Cost": 146409.27,"Total Cost": 146409.28,"Plan Rows": 1,"Plan Width": 32,"Actual Startup Time": 310.692,"Actual Total Time": 310.693,"Actual Rows": 1,"Actual Loops": 5,"Workers": [],"Plans": [{"Node Type": "Seq Scan","Parent Relationship": "Outer","Parallel Aware": true,"Async Capable": false,"Relation Name": "lineitem","Alias": "lineitem","Startup Cost": 0.00,"Total Cost": 146259.83,"Plan Rows": 29887,"Plan Width": 12,"Actual Startup Time": 0.069,"Actual Total Time": 305.516,"Actual Rows": 23782,"Actual Loops": 5,"Filter": "((l_shipdate >= '1994-01-01'::date) AND (l_shipdate < '1995-01-01 00:00:00'::timestamp without time zone) AND (l_discount >= 0.01) AND (l_discount <= 0.03) AND (l_quantity < '25'::numeric))","Rows Removed by Filter": 1176461,"Workers": []}]}]}]},"Planning Time": 2.556,"Triggers": [],"Execution Time": 351.812}]
[{"Plan": {"Node Type": "Aggregate","Strategy": "Plain","Partial Mode": "Finalize","Parallel Aware": false,"Async Capable": false,"Startup Cost": 147409.78,"Total Cost": 147409.79,"Plan Rows": 1,"Plan Width": 32,"Actual Startup Time": 305.615,"Actual Total Time": 337.875,"Actual Rows": 1,"Actual Loops": 1,"Plans": [{"Node Type": "Gather","Parent Relationship": "Outer","Parallel Aware": false,"Async Capable": false,"Startup Cost": 147409.35,"Total Cost": 147409.76,"Plan Rows": 4,"Plan Width": 32,"Actual Startup Time": 305.450,"Actual Total Time": 337.839,"Actual Rows": 5,"Actual Loops": 1,"Workers Planned": 4,"Workers Launched": 4,"Single Copy": false,"Plans": [{"Node Type": "Aggregate","Strategy": "Plain","Partial Mode": "Partial","Parent Relationship": "Outer","Parallel Aware": false,"Async Capable": false,"Startup Cost": 146409.35,"Total Cost": 146409.36,"Plan Rows": 1,"Plan Width": 32,"Actual Startup Time": 298.600,"Actual Total Time": 298.601,"Actual Rows": 1,"Actual Loops": 5,"Workers": [],"Plans": [{"Node Type": "Seq Scan","Parent Relationship": "Outer","Parallel Aware": true,"Async Capable": false,"Relation Name": "lineitem","Alias": "lineitem","Startup Cost": 0.00,"Total Cost": 146259.83,"Plan Rows": 29903,"Plan Width": 12,"Actual Startup Time": 0.090,"Actual Total Time": 293.483,"Actual Rows": 23759,"Actual Loops": 5,"Filter": "((l_shipdate >= '1993-01-01'::date) AND (l_shipdate < '1994-01-01 00:00:00'::timestamp without time zone) AND (l_discount >= 0.03) AND (l_discount <= 0.05) AND (l_quantity < '25'::numeric))","Rows Removed by Filter": 1176484,"Workers": []}]}]}]},"Planning Time": 2.428,"Triggers": [],"Execution Time": 338.064}]
[{"Plan": {"Node Type": "Aggregate","Strategy": "Plain","Partial Mode": "Finalize","Parallel Aware": false,"Async Capable": false,"Startup Cost": 147402.56,"Total Cost": 147402.57,"Plan Rows": 1,"Plan Width": 32,"Actual Startup Time": 310.114,"Actual Total Time": 342.870,"Actual Rows": 1,"Actual Loops": 1,"Plans": [{"Node Type": "Gather","Parent Relationship": "Outer","Parallel Aware": false,"Async Capable": false,"Startup Cost": 147402.13,"Total Cost": 147402.54,"Plan Rows": 4,"Plan Width": 32,"Actual Startup Time": 309.893,"Actual Total Time": 342.832,"Actual Rows": 5,"Actual Loops": 1,"Workers Planned": 4,"Workers Launched": 4,"Single Copy": false,"Plans": [{"Node Type": "Aggregate","Strategy": "Plain","Partial Mode": "Partial","Parent Relationship": "Outer","Parallel Aware": false,"Async Capable": false,"Startup Cost": 146402.13,"Total Cost": 146402.14,"Plan Rows": 1,"Plan Width": 32,"Actual Startup Time": 302.653,"Actual Total Time": 302.657,"Actual Rows": 1,"Actual Loops": 5,"Workers": [],"Plans": [{"Node Type": "Seq Scan","Parent Relationship": "Outer","Parallel Aware": true,"Async Capable": false,"Relation Name": "lineitem","Alias": "lineitem","Startup Cost": 0.00,"Total Cost": 146259.83,"Plan Rows": 28458,"Plan Width": 12,"Actual Startup Time": 0.121,"Actual Total Time": 297.828,"Actual Rows": 22823,"Actual Loops": 5,"Filter": "((l_shipdate >= '1994-01-01'::date) AND (l_shipdate < '1995-01-01 00:00:00'::timestamp without time zone) AND (l_discount >= 0.04) AND (l_discount <= 0.06) AND (l_quantity < '24'::numeric))","Rows Removed by Filter": 1177420,"Workers": []}]}]}]},"Planning Time": 2.272,"Triggers": [],"Execution Time": 343.113}]
[{"Plan": {"Node Type": "Aggregate","Strategy": "Plain","Partial Mode": "Finalize","Parallel Aware": false,"Async Capable": false,"Startup Cost": 147402.87,"Total Cost": 147402.88,"Plan Rows": 1,"Plan Width": 32,"Actual Startup Time": 296.428,"Actual Total Time": 327.149,"Actual Rows": 1,"Actual Loops": 1,"Plans": [{"Node Type": "Gather","Parent Relationship": "Outer","Parallel Aware": false,"Async Capable": false,"Startup Cost": 147402.44,"Total Cost": 147402.85,"Plan Rows": 4,"Plan Width": 32,"Actual Startup Time": 296.221,"Actual Total Time": 327.118,"Actual Rows": 5,"Actual Loops": 1,"Workers Planned": 4,"Workers Launched": 4,"Single Copy": false,"Plans": [{"Node Type": "Aggregate","Strategy": "Plain","Partial Mode": "Partial","Parent Relationship": "Outer","Parallel Aware": false,"Async Capable": false,"Startup Cost": 146402.44,"Total Cost": 146402.45,"Plan Rows": 1,"Plan Width": 32,"Actual Startup Time": 289.094,"Actual Total Time": 289.097,"Actual Rows": 1,"Actual Loops": 5,"Workers": [],"Plans": [{"Node Type": "Seq Scan","Parent Relationship": "Outer","Parallel Aware": true,"Async Capable": false,"Relation Name": "lineitem","Alias": "lineitem","Startup Cost": 0.00,"Total Cost": 146259.83,"Plan Rows": 28520,"Plan Width": 12,"Actual Startup Time": 0.102,"Actual Total Time": 284.378,"Actual Rows": 22769,"Actual Loops": 5,"Filter": "((l_shipdate >= '1994-01-01'::date) AND (l_shipdate < '1995-01-01 00:00:00'::timestamp without time zone) AND (l_discount >= 0.06) AND (l_discount <= 0.08) AND (l_quantity < '24'::numeric))","Rows Removed by Filter": 1177474,"Workers": []}]}]}]},"Planning Time": 2.811,"Triggers": [],"Execution Time": 327.382}]
[{"Plan": {"Node Type": "Aggregate","Strategy": "Plain","Partial Mode": "Finalize","Parallel Aware": false,"Async Capable": false,"Startup Cost": 147403.48,"Total Cost": 147403.49,"Plan Rows": 1,"Plan Width": 32,"Actual Startup Time": 307.680,"Actual Total Time": 340.052,"Actual Rows": 1,"Actual Loops": 1,"Plans": [{"Node Type": "Gather","Parent Relationship": "Outer","Parallel Aware": false,"Async Capable": false,"Startup Cost": 147403.05,"Total Cost": 147403.46,"Plan Rows": 4,"Plan Width": 32,"Actual Startup Time": 307.501,"Actual Total Time": 340.006,"Actual Rows": 5,"Actual Loops": 1,"Workers Planned": 4,"Workers Launched": 4,"Single Copy": false,"Plans": [{"Node Type": "Aggregate","Strategy": "Plain","Partial Mode": "Partial","Parent Relationship": "Outer","Parallel Aware": false,"Async Capable": false,"Startup Cost": 146403.05,"Total Cost": 146403.06,"Plan Rows": 1,"Plan Width": 32,"Actual Startup Time": 300.709,"Actual Total Time": 300.710,"Actual Rows": 1,"Actual Loops": 5,"Workers": [],"Plans": [{"Node Type": "Seq Scan","Parent Relationship": "Outer","Parallel Aware": true,"Async Capable": false,"Relation Name": "lineitem","Alias": "lineitem","Startup Cost": 0.00,"Total Cost": 146259.83,"Plan Rows": 28642,"Plan Width": 12,"Actual Startup Time": 0.067,"Actual Total Time": 295.788,"Actual Rows": 22769,"Actual Loops": 5,"Filter": "((l_shipdate >= '1994-01-01'::date) AND (l_shipdate < '1995-01-01 00:00:00'::timestamp without time zone) AND (l_discount >= 0.01) AND (l_discount <= 0.03) AND (l_quantity < '24'::numeric))","Rows Removed by Filter": 1177474,"Workers": []}]}]}]},"Planning Time": 2.159,"Triggers": [],"Execution Time": 340.229}]
[{"Plan": {"Node Type": "Aggregate","Strategy": "Plain","Partial Mode": "Finalize","Parallel Aware": false,"Async Capable": false,"Startup Cost": 147406.05,"Total Cost": 147406.06,"Plan Rows": 1,"Plan Width": 32,"Actual Startup Time": 304.861,"Actual Total Time": 338.017,"Actual Rows": 1,"Actual Loops": 1,"Plans": [{"Node Type": "Gather","Parent Relationship": "Outer","Parallel Aware": false,"Async Capable": false,"Startup Cost": 147405.62,"Total Cost": 147406.03,"Plan Rows": 4,"Plan Width": 32,"Actual Startup Time": 304.681,"Actual Total Time": 337.993,"Actual Rows": 5,"Actual Loops": 1,"Workers Planned": 4,"Workers Launched": 4,"Single Copy": false,"Plans": [{"Node Type": "Aggregate","Strategy": "Plain","Partial Mode": "Partial","Parent Relationship": "Outer","Parallel Aware": false,"Async Capable": false,"Startup Cost": 146405.62,"Total Cost": 146405.63,"Plan Rows": 1,"Plan Width": 32,"Actual Startup Time": 297.689,"Actual Total Time": 297.690,"Actual Rows": 1,"Actual Loops": 5,"Workers": [],"Plans": [{"Node Type": "Seq Scan","Parent Relationship": "Outer","Parallel Aware": true,"Async Capable": false,"Relation Name": "lineitem","Alias": "lineitem","Startup Cost": 0.00,"Total Cost": 146259.83,"Plan Rows": 29157,"Plan Width": 12,"Actual Startup Time": 0.085,"Actual Total Time": 292.826,"Actual Rows": 22994,"Actual Loops": 5,"Filter": "((l_shipdate >= '1995-01-01'::date) AND (l_shipdate < '1996-01-01 00:00:00'::timestamp without time zone) AND (l_discount >= 0.03) AND (l_discount <= 0.05) AND (l_quantity < '24'::numeric))","Rows Removed by Filter": 1177249,"Workers": []}]}]}]},"Planning Time": 2.567,"Triggers": [],"Execution Time": 338.225}]
[{"Plan": {"Node Type": "Aggregate","Strategy": "Plain","Partial Mode": "Finalize","Parallel Aware": false,"Async Capable": false,"Startup Cost": 147411.24,"Total Cost": 147411.25,"Plan Rows": 1,"Plan Width": 32,"Actual Startup Time": 306.146,"Actual Total Time": 337.945,"Actual Rows": 1,"Actual Loops": 1,"Plans": [{"Node Type": "Gather","Parent Relationship": "Outer","Parallel Aware": false,"Async Capable": false,"Startup Cost": 147410.81,"Total Cost": 147411.22,"Plan Rows": 4,"Plan Width": 32,"Actual Startup Time": 305.983,"Actual Total Time": 337.923,"Actual Rows": 5,"Actual Loops": 1,"Workers Planned": 4,"Workers Launched": 4,"Single Copy": false,"Plans": [{"Node Type": "Aggregate","Strategy": "Plain","Partial Mode": "Partial","Parent Relationship": "Outer","Parallel Aware": false,"Async Capable": false,"Startup Cost": 146410.81,"Total Cost": 146410.82,"Plan Rows": 1,"Plan Width": 32,"Actual Startup Time": 299.109,"Actual Total Time": 299.111,"Actual Rows": 1,"Actual Loops": 5,"Workers": [],"Plans": [{"Node Type": "Seq Scan","Parent Relationship": "Outer","Parallel Aware": true,"Async Capable": false,"Relation Name": "lineitem","Alias": "lineitem","Startup Cost": 0.00,"Total Cost": 146259.83,"Plan Rows": 30194,"Plan Width": 12,"Actual Startup Time": 0.070,"Actual Total Time": 294.125,"Actual Rows": 23770,"Actual Loops": 5,"Filter": "((l_shipdate >= '1993-01-01'::date) AND (l_shipdate < '1994-01-01 00:00:00'::timestamp without time zone) AND (l_discount >= 0.04) AND (l_discount <= 0.06) AND (l_quantity < '25'::numeric))","Rows Removed by Filter": 1176473,"Workers": []}]}]}]},"Planning Time": 2.759,"Triggers": [],"Execution Time": 338.194}]
[{"Plan": {"Node Type": "Aggregate","Strategy": "Plain","Partial Mode": "Finalize","Parallel Aware": false,"Async Capable": false,"Startup Cost": 147404.96,"Total Cost": 147404.97,"Plan Rows": 1,"Plan Width": 32,"Actual Startup Time": 299.862,"Actual Total Time": 331.928,"Actual Rows": 1,"Actual Loops": 1,"Plans": [{"Node Type": "Gather","Parent Relationship": "Outer","Parallel Aware": false,"Async Capable": false,"Startup Cost": 147404.53,"Total Cost": 147404.94,"Plan Rows": 4,"Plan Width": 32,"Actual Startup Time": 299.670,"Actual Total Time": 331.889,"Actual Rows": 5,"Actual Loops": 1,"Workers Planned": 4,"Workers Launched": 4,"Single Copy": false,"Plans": [{"Node Type": "Aggregate","Strategy": "Plain","Partial Mode": "Partial","Parent Relationship": "Outer","Parallel Aware": false,"Async Capable": false,"Startup Cost": 146404.53,"Total Cost": 146404.54,"Plan Rows": 1,"Plan Width": 32,"Actual Startup Time": 293.003,"Actual Total Time": 293.008,"Actual Rows": 1,"Actual Loops": 5,"Workers": [],"Plans": [{"Node Type": "Seq Scan","Parent Relationship": "Outer","Parallel Aware": true,"Async Capable": false,"Relation Name": "lineitem","Alias": "lineitem","Startup Cost": 0.00,"Total Cost": 146259.83,"Plan Rows": 28939,"Plan Width": 12,"Actual Startup Time": 0.132,"Actual Total Time": 288.212,"Actual Rows": 22676,"Actual Loops": 5,"Filter": "((l_shipdate >= '1993-01-01'::date) AND (l_shipdate < '1994-01-01 00:00:00'::timestamp without time zone) AND (l_discount >= 0.02) AND (l_discount <= 0.04) AND (l_quantity < '24'::numeric))","Rows Removed by Filter": 1177567,"Workers": []}]}]}]},"Planning Time": 2.656,"Triggers": [],"Execution Time": 332.192}]
[{"Plan": {"Node Type": "Aggregate","Strategy": "Plain","Partial Mode": "Finalize","Parallel Aware": false,"Async Capable": false,"Startup Cost": 147404.94,"Total Cost": 147404.95,"Plan Rows": 1,"Plan Width": 32,"Actual Startup Time": 304.858,"Actual Total Time": 337.583,"Actual Rows": 1,"Actual Loops": 1,"Plans": [{"Node Type": "Gather","Parent Relationship": "Outer","Parallel Aware": false,"Async Capable": false,"Startup Cost": 147404.51,"Total Cost": 147404.92,"Plan Rows": 4,"Plan Width": 32,"Actual Startup Time": 304.667,"Actual Total Time": 337.548,"Actual Rows": 5,"Actual Loops": 1,"Workers Planned": 4,"Workers Launched": 4,"Single Copy": false,"Plans": [{"Node Type": "Aggregate","Strategy": "Plain","Partial Mode": "Partial","Parent Relationship": "Outer","Parallel Aware": false,"Async Capable": false,"Startup Cost": 146404.51,"Total Cost": 146404.52,"Plan Rows": 1,"Plan Width": 32,"Actual Startup Time": 296.960,"Actual Total Time": 296.961,"Actual Rows": 1,"Actual Loops": 5,"Workers": [],"Plans": [{"Node Type": "Seq Scan","Parent Relationship": "Outer","Parallel Aware": true,"Async Capable": false,"Relation Name": "lineitem","Alias": "lineitem","Startup Cost": 0.00,"Total Cost": 146259.83,"Plan Rows": 28935,"Plan Width": 12,"Actual Startup Time": 0.056,"Actual Total Time": 292.078,"Actual Rows": 22769,"Actual Loops": 5,"Filter": "((l_shipdate >= '1993-01-01'::date) AND (l_shipdate < '1994-01-01 00:00:00'::timestamp without time zone) AND (l_discount >= 0.04) AND (l_discount <= 0.06) AND (l_quantity < '24'::numeric))","Rows Removed by Filter": 1177474,"Workers": []}]}]}]},"Planning Time": 2.899,"Triggers": [],"Execution Time": 337.818}]
[{"Plan": {"Node Type": "Aggregate","Strategy": "Plain","Partial Mode": "Finalize","Parallel Aware": false,"Async Capable": false,"Startup Cost": 147406.90,"Total Cost": 147406.91,"Plan Rows": 1,"Plan Width": 32,"Actual Startup Time": 301.787,"Actual Total Time": 334.619,"Actual Rows": 1,"Actual Loops": 1,"Plans": [{"Node Type": "Gather","Parent Relationship": "Outer","Parallel Aware": false,"Async Capable": false,"Startup Cost": 147406.47,"Total Cost": 147406.88,"Plan Rows": 4,"Plan Width": 32,"Actual Startup Time": 301.610,"Actual Total Time": 334.598,"Actual Rows": 5,"Actual Loops": 1,"Workers Planned": 4,"Workers Launched": 4,"Single Copy": false,"Plans": [{"Node Type": "Aggregate","Strategy": "Plain","Partial Mode": "Partial","Parent Relationship": "Outer","Parallel Aware": false,"Async Capable": false,"Startup Cost": 146406.47,"Total Cost": 146406.48,"Plan Rows": 1,"Plan Width": 32,"Actual Startup Time": 294.758,"Actual Total Time": 294.760,"Actual Rows": 1,"Actual Loops": 5,"Workers": [],"Plans": [{"Node Type": "Seq Scan","Parent Relationship": "Outer","Parallel Aware": true,"Async Capable": false,"Relation Name": "lineitem","Alias": "lineitem","Startup Cost": 0.00,"Total Cost": 146259.83,"Plan Rows": 29326,"Plan Width": 12,"Actual Startup Time": 0.070,"Actual Total Time": 289.974,"Actual Rows": 22875,"Actual Loops": 5,"Filter": "((l_shipdate >= '1995-01-01'::date) AND (l_shipdate < '1996-01-01 00:00:00'::timestamp without time zone) AND (l_discount >= 0.07) AND (l_discount <= 0.09) AND (l_quantity < '24'::numeric))","Rows Removed by Filter": 1177368,"Workers": []}]}]}]},"Planning Time": 2.178,"Triggers": [],"Execution Time": 334.843}]
[{"Plan": {"Node Type": "Aggregate","Strategy": "Plain","Partial Mode": "Finalize","Parallel Aware": false,"Async Capable": false,"Startup Cost": 147402.57,"Total Cost": 147402.58,"Plan Rows": 1,"Plan Width": 32,"Actual Startup Time": 303.409,"Actual Total Time": 336.885,"Actual Rows": 1,"Actual Loops": 1,"Plans": [{"Node Type": "Gather","Parent Relationship": "Outer","Parallel Aware": false,"Async Capable": false,"Startup Cost": 147402.14,"Total Cost": 147402.55,"Plan Rows": 4,"Plan Width": 32,"Actual Startup Time": 303.253,"Actual Total Time": 336.860,"Actual Rows": 5,"Actual Loops": 1,"Workers Planned": 4,"Workers Launched": 4,"Single Copy": false,"Plans": [{"Node Type": "Aggregate","Strategy": "Plain","Partial Mode": "Partial","Parent Relationship": "Outer","Parallel Aware": false,"Async Capable": false,"Startup Cost": 146402.14,"Total Cost": 146402.15,"Plan Rows": 1,"Plan Width": 32,"Actual Startup Time": 296.828,"Actual Total Time": 296.830,"Actual Rows": 1,"Actual Loops": 5,"Workers": [],"Plans": [{"Node Type": "Seq Scan","Parent Relationship": "Outer","Parallel Aware": true,"Async Capable": false,"Relation Name": "lineitem","Alias": "lineitem","Startup Cost": 0.00,"Total Cost": 146259.83,"Plan Rows": 28461,"Plan Width": 12,"Actual Startup Time": 0.072,"Actual Total Time": 291.961,"Actual Rows": 22860,"Actual Loops": 5,"Filter": "((l_shipdate >= '1994-01-01'::date) AND (l_shipdate < '1995-01-01 00:00:00'::timestamp without time zone) AND (l_discount >= 0.02) AND (l_discount <= 0.04) AND (l_quantity < '24'::numeric))","Rows Removed by Filter": 1177383,"Workers": []}]}]}]},"Planning Time": 2.847,"Triggers": [],"Execution Time": 337.141}]
[{"Plan": {"Node Type": "Aggregate","Strategy": "Plain","Partial Mode": "Finalize","Parallel Aware": false,"Async Capable": false,"Startup Cost": 147408.19,"Total Cost": 147408.20,"Plan Rows": 1,"Plan Width": 32,"Actual Startup Time": 299.689,"Actual Total Time": 332.024,"Actual Rows": 1,"Actual Loops": 1,"Plans": [{"Node Type": "Gather","Parent Relationship": "Outer","Parallel Aware": false,"Async Capable": false,"Startup Cost": 147407.76,"Total Cost": 147408.17,"Plan Rows": 4,"Plan Width": 32,"Actual Startup Time": 299.534,"Actual Total Time": 331.996,"Actual Rows": 5,"Actual Loops": 1,"Workers Planned": 4,"Workers Launched": 4,"Single Copy": false,"Plans": [{"Node Type": "Aggregate","Strategy": "Plain","Partial Mode": "Partial","Parent Relationship": "Outer","Parallel Aware": false,"Async Capable": false,"Startup Cost": 146407.76,"Total Cost": 146407.77,"Plan Rows": 1,"Plan Width": 32,"Actual Startup Time": 293.029,"Actual Total Time": 293.030,"Actual Rows": 1,"Actual Loops": 5,"Workers": [],"Plans": [{"Node Type": "Seq Scan","Parent Relationship": "Outer","Parallel Aware": true,"Async Capable": false,"Relation Name": "lineitem","Alias": "lineitem","Startup Cost": 0.00,"Total Cost": 146259.83,"Plan Rows": 29584,"Plan Width": 12,"Actual Startup Time": 0.080,"Actual Total Time": 288.000,"Actual Rows": 23893,"Actual Loops": 5,"Filter": "((l_shipdate >= '1997-01-01'::date) AND (l_shipdate < '1998-01-01 00:00:00'::timestamp without time zone) AND (l_discount >= 0.03) AND (l_discount <= 0.05) AND (l_quantity < '25'::numeric))","Rows Removed by Filter": 1176350,"Workers": []}]}]}]},"Planning Time": 2.271,"Triggers": [],"Execution Time": 332.248}]
[{"Plan": {"Node Type": "Aggregate","Strategy": "Plain","Partial Mode": "Finalize","Parallel Aware": false,"Async Capable": false,"Startup Cost": 147404.33,"Total Cost": 147404.34,"Plan Rows": 1,"Plan Width": 32,"Actual Startup Time": 309.247,"Actual Total Time": 341.963,"Actual Rows": 1,"Actual Loops": 1,"Plans": [{"Node Type": "Gather","Parent Relationship": "Outer","Parallel Aware": false,"Async Capable": false,"Startup Cost": 147403.90,"Total Cost": 147404.31,"Plan Rows": 4,"Plan Width": 32,"Actual Startup Time": 309.077,"Actual Total Time": 341.925,"Actual Rows": 5,"Actual Loops": 1,"Workers Planned": 4,"Workers Launched": 4,"Single Copy": false,"Plans": [{"Node Type": "Aggregate","Strategy": "Plain","Partial Mode": "Partial","Parent Relationship": "Outer","Parallel Aware": false,"Async Capable": false,"Startup Cost": 146403.90,"Total Cost": 146403.91,"Plan Rows": 1,"Plan Width": 32,"Actual Startup Time": 302.050,"Actual Total Time": 302.052,"Actual Rows": 1,"Actual Loops": 5,"Workers": [],"Plans": [{"Node Type": "Seq Scan","Parent Relationship": "Outer","Parallel Aware": true,"Async Capable": false,"Relation Name": "lineitem","Alias": "lineitem","Startup Cost": 0.00,"Total Cost": 146259.83,"Plan Rows": 28812,"Plan Width": 12,"Actual Startup Time": 0.087,"Actual Total Time": 297.201,"Actual Rows": 22841,"Actual Loops": 5,"Filter": "((l_shipdate >= '1997-01-01'::date) AND (l_shipdate < '1998-01-01 00:00:00'::timestamp without time zone) AND (l_discount >= 0.01) AND (l_discount <= 0.03) AND (l_quantity < '24'::numeric))","Rows Removed by Filter": 1177402,"Workers": []}]}]}]},"Planning Time": 2.212,"Triggers": [],"Execution Time": 342.131}]
[{"Plan": {"Node Type": "Aggregate","Strategy": "Plain","Partial Mode": "Finalize","Parallel Aware": false,"Async Capable": false,"Startup Cost": 147413.89,"Total Cost": 147413.90,"Plan Rows": 1,"Plan Width": 32,"Actual Startup Time": 308.030,"Actual Total Time": 341.362,"Actual Rows": 1,"Actual Loops": 1,"Plans": [{"Node Type": "Gather","Parent Relationship": "Outer","Parallel Aware": false,"Async Capable": false,"Startup Cost": 147413.46,"Total Cost": 147413.87,"Plan Rows": 4,"Plan Width": 32,"Actual Startup Time": 307.843,"Actual Total Time": 341.338,"Actual Rows": 5,"Actual Loops": 1,"Workers Planned": 4,"Workers Launched": 4,"Single Copy": false,"Plans": [{"Node Type": "Aggregate","Strategy": "Plain","Partial Mode": "Partial","Parent Relationship": "Outer","Parallel Aware": false,"Async Capable": false,"Startup Cost": 146413.46,"Total Cost": 146413.47,"Plan Rows": 1,"Plan Width": 32,"Actual Startup Time": 301.033,"Actual Total Time": 301.035,"Actual Rows": 1,"Actual Loops": 5,"Workers": [],"Plans": [{"Node Type": "Seq Scan","Parent Relationship": "Outer","Parallel Aware": true,"Async Capable": false,"Relation Name": "lineitem","Alias": "lineitem","Startup Cost": 0.00,"Total Cost": 146259.83,"Plan Rows": 30725,"Plan Width": 12,"Actual Startup Time": 0.091,"Actual Total Time": 295.781,"Actual Rows": 23959,"Actual Loops": 5,"Filter": "((l_shipdate >= '1995-01-01'::date) AND (l_shipdate < '1996-01-01 00:00:00'::timestamp without time zone) AND (l_discount >= 0.02) AND (l_discount <= 0.04) AND (l_quantity < '25'::numeric))","Rows Removed by Filter": 1176284,"Workers": []}]}]}]},"Planning Time": 2.081,"Triggers": [],"Execution Time": 341.555}]
[{"Plan": {"Node Type": "Aggregate","Strategy": "Plain","Partial Mode": "Finalize","Parallel Aware": false,"Async Capable": false,"Startup Cost": 147401.96,"Total Cost": 147401.97,"Plan Rows": 1,"Plan Width": 32,"Actual Startup Time": 301.236,"Actual Total Time": 333.196,"Actual Rows": 1,"Actual Loops": 1,"Plans": [{"Node Type": "Gather","Parent Relationship": "Outer","Parallel Aware": false,"Async Capable": false,"Startup Cost": 147401.53,"Total Cost": 147401.94,"Plan Rows": 4,"Plan Width": 32,"Actual Startup Time": 301.008,"Actual Total Time": 333.159,"Actual Rows": 5,"Actual Loops": 1,"Workers Planned": 4,"Workers Launched": 4,"Single Copy": false,"Plans": [{"Node Type": "Aggregate","Strategy": "Plain","Partial Mode": "Partial","Parent Relationship": "Outer","Parallel Aware": false,"Async Capable": false,"Startup Cost": 146401.53,"Total Cost": 146401.54,"Plan Rows": 1,"Plan Width": 32,"Actual Startup Time": 293.920,"Actual Total Time": 293.926,"Actual Rows": 1,"Actual Loops": 5,"Workers": [],"Plans": [{"Node Type": "Seq Scan","Parent Relationship": "Outer","Parallel Aware": true,"Async Capable": false,"Relation Name": "lineitem","Alias": "lineitem","Startup Cost": 0.00,"Total Cost": 146259.83,"Plan Rows": 28338,"Plan Width": 12,"Actual Startup Time": 0.086,"Actual Total Time": 288.967,"Actual Rows": 22878,"Actual Loops": 5,"Filter": "((l_shipdate >= '1996-01-01'::date) AND (l_shipdate < '1997-01-01 00:00:00'::timestamp without time zone) AND (l_discount >= 0.03) AND (l_discount <= 0.05) AND (l_quantity < '24'::numeric))","Rows Removed by Filter": 1177365,"Workers": []}]}]}]},"Planning Time": 2.851,"Triggers": [],"Execution Time": 333.444}]
[{"Plan": {"Node Type": "Aggregate","Strategy": "Plain","Partial Mode": "Finalize","Parallel Aware": false,"Async Capable": false,"Startup Cost": 147406.86,"Total Cost": 147406.87,"Plan Rows": 1,"Plan Width": 32,"Actual Startup Time": 300.104,"Actual Total Time": 331.789,"Actual Rows": 1,"Actual Loops": 1,"Plans": [{"Node Type": "Gather","Parent Relationship": "Outer","Parallel Aware": false,"Async Capable": false,"Startup Cost": 147406.43,"Total Cost": 147406.84,"Plan Rows": 4,"Plan Width": 32,"Actual Startup Time": 299.950,"Actual Total Time": 331.768,"Actual Rows": 5,"Actual Loops": 1,"Workers Planned": 4,"Workers Launched": 4,"Single Copy": false,"Plans": [{"Node Type": "Aggregate","Strategy": "Plain","Partial Mode": "Partial","Parent Relationship": "Outer","Parallel Aware": false,"Async Capable": false,"Startup Cost": 146406.43,"Total Cost": 146406.44,"Plan Rows": 1,"Plan Width": 32,"Actual Startup Time": 293.419,"Actual Total Time": 293.420,"Actual Rows": 1,"Actual Loops": 5,"Workers": [],"Plans": [{"Node Type": "Seq Scan","Parent Relationship": "Outer","Parallel Aware": true,"Async Capable": false,"Relation Name": "lineitem","Alias": "lineitem","Startup Cost": 0.00,"Total Cost": 146259.83,"Plan Rows": 29319,"Plan Width": 12,"Actual Startup Time": 0.099,"Actual Total Time": 288.598,"Actual Rows": 22982,"Actual Loops": 5,"Filter": "((l_shipdate >= '1995-01-01'::date) AND (l_shipdate < '1996-01-01 00:00:00'::timestamp without time zone) AND (l_discount >= 0.05) AND (l_discount <= 0.07) AND (l_quantity < '24'::numeric))","Rows Removed by Filter": 1177261,"Workers": []}]}]}]},"Planning Time": 2.905,"Triggers": [],"Execution Time": 332.052}]
[{"Plan": {"Node Type": "Aggregate","Strategy": "Plain","Partial Mode": "Finalize","Parallel Aware": false,"Async Capable": false,"Startup Cost": 147408.76,"Total Cost": 147408.77,"Plan Rows": 1,"Plan Width": 32,"Actual Startup Time": 301.628,"Actual Total Time": 334.552,"Actual Rows": 1,"Actual Loops": 1,"Plans": [{"Node Type": "Gather","Parent Relationship": "Outer","Parallel Aware": false,"Async Capable": false,"Startup Cost": 147408.33,"Total Cost": 147408.74,"Plan Rows": 4,"Plan Width": 32,"Actual Startup Time": 301.382,"Actual Total Time": 334.526,"Actual Rows": 5,"Actual Loops": 1,"Workers Planned": 4,"Workers Launched": 4,"Single Copy": false,"Plans": [{"Node Type": "Aggregate","Strategy": "Plain","Partial Mode": "Partial","Parent Relationship": "Outer","Parallel Aware": false,"Async Capable": false,"Startup Cost": 146408.33,"Total Cost": 146408.34,"Plan Rows": 1,"Plan Width": 32,"Actual Startup Time": 294.881,"Actual Total Time": 294.882,"Actual Rows": 1,"Actual Loops": 5,"Workers": [],"Plans": [{"Node Type": "Seq Scan","Parent Relationship": "Outer","Parallel Aware": true,"Async Capable": false,"Relation Name": "lineitem","Alias": "lineitem","Startup Cost": 0.00,"Total Cost": 146259.83,"Plan Rows": 29699,"Plan Width": 12,"Actual Startup Time": 0.068,"Actual Total Time": 289.793,"Actual Rows": 23872,"Actual Loops": 5,"Filter": "((l_shipdate >= '1994-01-01'::date) AND (l_shipdate < '1995-01-01 00:00:00'::timestamp without time zone) AND (l_discount >= 0.02) AND (l_discount <= 0.04) AND (l_quantity < '25'::numeric))","Rows Removed by Filter": 1176371,"Workers": []}]}]}]},"Planning Time": 2.002,"Triggers": [],"Execution Time": 334.744}]
[{"Plan": {"Node Type": "Aggregate","Strategy": "Plain","Partial Mode": "Finalize","Parallel Aware": false,"Async Capable": false,"Startup Cost": 147409.07,"Total Cost": 147409.08,"Plan Rows": 1,"Plan Width": 32,"Actual Startup Time": 306.457,"Actual Total Time": 338.926,"Actual Rows": 1,"Actual Loops": 1,"Plans": [{"Node Type": "Gather","Parent Relationship": "Outer","Parallel Aware": false,"Async Capable": false,"Startup Cost": 147408.64,"Total Cost": 147409.05,"Plan Rows": 4,"Plan Width": 32,"Actual Startup Time": 306.305,"Actual Total Time": 338.886,"Actual Rows": 5,"Actual Loops": 1,"Workers Planned": 4,"Workers Launched": 4,"Single Copy": false,"Plans": [{"Node Type": "Aggregate","Strategy": "Plain","Partial Mode": "Partial","Parent Relationship": "Outer","Parallel Aware": false,"Async Capable": false,"Startup Cost": 146408.64,"Total Cost": 146408.65,"Plan Rows": 1,"Plan Width": 32,"Actual Startup Time": 298.789,"Actual Total Time": 298.790,"Actual Rows": 1,"Actual Loops": 5,"Workers": [],"Plans": [{"Node Type": "Seq Scan","Parent Relationship": "Outer","Parallel Aware": true,"Async Capable": false,"Relation Name": "lineitem","Alias": "lineitem","Startup Cost": 0.00,"Total Cost": 146259.83,"Plan Rows": 29761,"Plan Width": 12,"Actual Startup Time": 0.097,"Actual Total Time": 293.706,"Actual Rows": 23803,"Actual Loops": 5,"Filter": "((l_shipdate >= '1994-01-01'::date) AND (l_shipdate < '1995-01-01 00:00:00'::timestamp without time zone) AND (l_discount >= 0.06) AND (l_discount <= 0.08) AND (l_quantity < '25'::numeric))","Rows Removed by Filter": 1176440,"Workers": []}]}]}]},"Planning Time": 2.937,"Triggers": [],"Execution Time": 339.178}]
[{"Plan": {"Node Type": "Aggregate","Strategy": "Plain","Partial Mode": "Finalize","Parallel Aware": false,"Async Capable": false,"Startup Cost": 147406.86,"Total Cost": 147406.87,"Plan Rows": 1,"Plan Width": 32,"Actual Startup Time": 300.104,"Actual Total Time": 331.789,"Actual Rows": 1,"Actual Loops": 1,"Plans": [{"Node Type": "Gather","Parent Relationship": "Outer","Parallel Aware": false,"Async Capable": false,"Startup Cost": 147406.43,"Total Cost": 147406.84,"Plan Rows": 4,"Plan Width": 32,"Actual Startup Time": 299.950,"Actual Total Time": 331.768,"Actual Rows": 5,"Actual Loops": 1,"Workers Planned": 4,"Workers Launched": 4,"Single Copy": false,"Plans": [{"Node Type": "Aggregate","Strategy": "Plain","Partial Mode": "Partial","Parent Relationship": "Outer","Parallel Aware": false,"Async Capable": false,"Startup Cost": 146406.43,"Total Cost": 146406.44,"Plan Rows": 1,"Plan Width": 32,"Actual Startup Time": 293.419,"Actual Total Time": 293.420,"Actual Rows": 1,"Actual Loops": 5,"Workers": [],"Plans": [{"Node Type": "Seq Scan","Parent Relationship": "Outer","Parallel Aware": true,"Async Capable": false,"Relation Name": "lineitem","Alias": "lineitem","Startup Cost": 0.00,"Total Cost": 146259.83,"Plan Rows": 29319,"Plan Width": 12,"Actual Startup Time": 0.099,"Actual Total Time": 288.598,"Actual Rows": 22982,"Actual Loops": 5,"Filter": "((l_shipdate >= '1995-01-01'::date) AND (l_shipdate < '1996-01-01 00:00:00'::timestamp without time zone) AND (l_discount >= 0.05) AND (l_discount <= 0.07) AND (l_quantity < '24'::numeric))","Rows Removed by Filter": 1177261,"Workers": []}]}]}]},"Planning Time": 2.905,"Triggers": [],"Execution Time": 332.052}]
[{"Plan": {"Node Type": "Aggregate","Strategy": "Plain","Partial Mode": "Finalize","Parallel Aware": false,"Async Capable": false,"Startup Cost": 147411.24,"Total Cost": 147411.25,"Plan Rows": 1,"Plan Width": 32,"Actual Startup Time": 306.146,"Actual Total Time": 337.945,"Actual Rows": 1,"Actual Loops": 1,"Plans": [{"Node Type": "Gather","Parent Relationship": "Outer","Parallel Aware": false,"Async Capable": false,"Startup Cost": 147410.81,"Total Cost": 147411.22,"Plan Rows": 4,"Plan Width": 32,"Actual Startup Time": 305.983,"Actual Total Time": 337.923,"Actual Rows": 5,"Actual Loops": 1,"Workers Planned": 4,"Workers Launched": 4,"Single Copy": false,"Plans": [{"Node Type": "Aggregate","Strategy": "Plain","Partial Mode": "Partial","Parent Relationship": "Outer","Parallel Aware": false,"Async Capable": false,"Startup Cost": 146410.81,"Total Cost": 146410.82,"Plan Rows": 1,"Plan Width": 32,"Actual Startup Time": 299.109,"Actual Total Time": 299.111,"Actual Rows": 1,"Actual Loops": 5,"Workers": [],"Plans": [{"Node Type": "Seq Scan","Parent Relationship": "Outer","Parallel Aware": true,"Async Capable": false,"Relation Name": "lineitem","Alias": "lineitem","Startup Cost": 0.00,"Total Cost": 146259.83,"Plan Rows": 30194,"Plan Width": 12,"Actual Startup Time": 0.070,"Actual Total Time": 294.125,"Actual Rows": 23770,"Actual Loops": 5,"Filter": "((l_shipdate >= '1993-01-01'::date) AND (l_shipdate < '1994-01-01 00:00:00'::timestamp without time zone) AND (l_discount >= 0.04) AND (l_discount <= 0.06) AND (l_quantity < '25'::numeric))","Rows Removed by Filter": 1176473,"Workers": []}]}]}]},"Planning Time": 2.759,"Triggers": [],"Execution Time": 338.194}]
[{"Plan": {"Node Type": "Aggregate","Strategy": "Plain","Partial Mode": "Finalize","Parallel Aware": false,"Async Capable": false,"Startup Cost": 147403.72,"Total Cost": 147403.73,"Plan Rows": 1,"Plan Width": 32,"Actual Startup Time": 297.848,"Actual Total Time": 329.743,"Actual Rows": 1,"Actual Loops": 1,"Plans": [{"Node Type": "Gather","Parent Relationship": "Outer","Parallel Aware": false,"Async Capable": false,"Startup Cost": 147403.29,"Total Cost": 147403.70,"Plan Rows": 4,"Plan Width": 32,"Actual Startup Time": 297.724,"Actual Total Time": 329.700,"Actual Rows": 5,"Actual Loops": 1,"Workers Planned": 4,"Workers Launched": 4,"Single Copy": false,"Plans": [{"Node Type": "Aggregate","Strategy": "Plain","Partial Mode": "Partial","Parent Relationship": "Outer","Parallel Aware": false,"Async Capable": false,"Startup Cost": 146403.29,"Total Cost": 146403.30,"Plan Rows": 1,"Plan Width": 32,"Actual Startup Time": 290.963,"Actual Total Time": 290.965,"Actual Rows": 1,"Actual Loops": 5,"Workers": [],"Plans": [{"Node Type": "Seq Scan","Parent Relationship": "Outer","Parallel Aware": true,"Async Capable": false,"Relation Name": "lineitem","Alias": "lineitem","Startup Cost": 0.00,"Total Cost": 146259.83,"Plan Rows": 28690,"Plan Width": 12,"Actual Startup Time": 0.110,"Actual Total Time": 286.168,"Actual Rows": 22858,"Actual Loops": 5,"Filter": "((l_shipdate >= '1997-01-01'::date) AND (l_shipdate < '1998-01-01 00:00:00'::timestamp without time zone) AND (l_discount >= 0.06) AND (l_discount <= 0.08) AND (l_quantity < '24'::numeric))","Rows Removed by Filter": 1177385,"Workers": []}]}]}]},"Planning Time": 2.112,"Triggers": [],"Execution Time": 329.961}]
[{"Plan": {"Node Type": "Aggregate","Strategy": "Plain","Partial Mode": "Finalize","Parallel Aware": false,"Async Capable": false,"Startup Cost": 147410.61,"Total Cost": 147410.62,"Plan Rows": 1,"Plan Width": 32,"Actual Startup Time": 301.459,"Actual Total Time": 333.010,"Actual Rows": 1,"Actual Loops": 1,"Plans": [{"Node Type": "Gather","Parent Relationship": "Outer","Parallel Aware": false,"Async Capable": false,"Startup Cost": 147410.18,"Total Cost": 147410.59,"Plan Rows": 4,"Plan Width": 32,"Actual Startup Time": 301.254,"Actual Total Time": 332.981,"Actual Rows": 5,"Actual Loops": 1,"Workers Planned": 4,"Workers Launched": 4,"Single Copy": false,"Plans": [{"Node Type": "Aggregate","Strategy": "Plain","Partial Mode": "Partial","Parent Relationship": "Outer","Parallel Aware": false,"Async Capable": false,"Startup Cost": 146410.18,"Total Cost": 146410.19,"Plan Rows": 1,"Plan Width": 32,"Actual Startup Time": 294.704,"Actual Total Time": 294.707,"Actual Rows": 1,"Actual Loops": 5,"Workers": [],"Plans": [{"Node Type": "Seq Scan","Parent Relationship": "Outer","Parallel Aware": true,"Async Capable": false,"Relation Name": "lineitem","Alias": "lineitem","Startup Cost": 0.00,"Total Cost": 146259.83,"Plan Rows": 30068,"Plan Width": 12,"Actual Startup Time": 0.071,"Actual Total Time": 289.733,"Actual Rows": 23804,"Actual Loops": 5,"Filter": "((l_shipdate >= '1993-01-01'::date) AND (l_shipdate < '1994-01-01 00:00:00'::timestamp without time zone) AND (l_discount >= 0.05) AND (l_discount <= 0.07) AND (l_quantity < '25'::numeric))","Rows Removed by Filter": 1176439,"Workers": []}]}]}]},"Planning Time": 2.847,"Triggers": [],"Execution Time": 333.185}]
[{"Plan": {"Node Type": "Aggregate","Strategy": "Plain","Partial Mode": "Finalize","Parallel Aware": false,"Async Capable": false,"Startup Cost": 147405.75,"Total Cost": 147405.76,"Plan Rows": 1,"Plan Width": 32,"Actual Startup Time": 302.160,"Actual Total Time": 334.512,"Actual Rows": 1,"Actual Loops": 1,"Plans": [{"Node Type": "Gather","Parent Relationship": "Outer","Parallel Aware": false,"Async Capable": false,"Startup Cost": 147405.32,"Total Cost": 147405.73,"Plan Rows": 4,"Plan Width": 32,"Actual Startup Time": 301.999,"Actual Total Time": 334.491,"Actual Rows": 5,"Actual Loops": 1,"Workers Planned": 4,"Workers Launched": 4,"Single Copy": false,"Plans": [{"Node Type": "Aggregate","Strategy": "Plain","Partial Mode": "Partial","Parent Relationship": "Outer","Parallel Aware": false,"Async Capable": false,"Startup Cost": 146405.32,"Total Cost": 146405.33,"Plan Rows": 1,"Plan Width": 32,"Actual Startup Time": 295.409,"Actual Total Time": 295.411,"Actual Rows": 1,"Actual Loops": 5,"Workers": [],"Plans": [{"Node Type": "Seq Scan","Parent Relationship": "Outer","Parallel Aware": true,"Async Capable": false,"Relation Name": "lineitem","Alias": "lineitem","Startup Cost": 0.00,"Total Cost": 146259.83,"Plan Rows": 29096,"Plan Width": 12,"Actual Startup Time": 0.114,"Actual Total Time": 290.597,"Actual Rows": 22909,"Actual Loops": 5,"Filter": "((l_shipdate >= '1995-01-01'::date) AND (l_shipdate < '1996-01-01 00:00:00'::timestamp without time zone) AND (l_discount >= 0.08) AND (l_discount <= 0.10) AND (l_quantity < '24'::numeric))","Rows Removed by Filter": 1177334,"Workers": []}]}]}]},"Planning Time": 2.232,"Triggers": [],"Execution Time": 334.727}]
[{"Plan": {"Node Type": "Aggregate","Strategy": "Plain","Partial Mode": "Finalize","Parallel Aware": false,"Async Capable": false,"Startup Cost": 147407.80,"Total Cost": 147407.81,"Plan Rows": 1,"Plan Width": 32,"Actual Startup Time": 302.950,"Actual Total Time": 335.292,"Actual Rows": 1,"Actual Loops": 1,"Plans": [{"Node Type": "Gather","Parent Relationship": "Outer","Parallel Aware": false,"Async Capable": false,"Startup Cost": 147407.37,"Total Cost": 147407.78,"Plan Rows": 4,"Plan Width": 32,"Actual Startup Time": 302.795,"Actual Total Time": 335.251,"Actual Rows": 5,"Actual Loops": 1,"Workers Planned": 4,"Workers Launched": 4,"Single Copy": false,"Plans": [{"Node Type": "Aggregate","Strategy": "Plain","Partial Mode": "Partial","Parent Relationship": "Outer","Parallel Aware": false,"Async Capable": false,"Startup Cost": 146407.37,"Total Cost": 146407.38,"Plan Rows": 1,"Plan Width": 32,"Actual Startup Time": 296.025,"Actual Total Time": 296.028,"Actual Rows": 1,"Actual Loops": 5,"Workers": [],"Plans": [{"Node Type": "Seq Scan","Parent Relationship": "Outer","Parallel Aware": true,"Async Capable": false,"Relation Name": "lineitem","Alias": "lineitem","Startup Cost": 0.00,"Total Cost": 146259.83,"Plan Rows": 29506,"Plan Width": 12,"Actual Startup Time": 0.112,"Actual Total Time": 291.181,"Actual Rows": 22957,"Actual Loops": 5,"Filter": "((l_shipdate >= '1995-01-01'::date) AND (l_shipdate < '1996-01-01 00:00:00'::timestamp without time zone) AND (l_discount >= 0.06) AND (l_discount <= 0.08) AND (l_quantity < '24'::numeric))","Rows Removed by Filter": 1177286,"Workers": []}]}]}]},"Planning Time": 2.266,"Triggers": [],"Execution Time": 335.524}]
[{"Plan": {"Node Type": "Aggregate","Strategy": "Plain","Partial Mode": "Finalize","Parallel Aware": false,"Async Capable": false,"Startup Cost": 147408.12,"Total Cost": 147408.13,"Plan Rows": 1,"Plan Width": 32,"Actual Startup Time": 302.869,"Actual Total Time": 334.962,"Actual Rows": 1,"Actual Loops": 1,"Plans": [{"Node Type": "Gather","Parent Relationship": "Outer","Parallel Aware": false,"Async Capable": false,"Startup Cost": 147407.69,"Total Cost": 147408.10,"Plan Rows": 4,"Plan Width": 32,"Actual Startup Time": 302.692,"Actual Total Time": 334.930,"Actual Rows": 5,"Actual Loops": 1,"Workers Planned": 4,"Workers Launched": 4,"Single Copy": false,"Plans": [{"Node Type": "Aggregate","Strategy": "Plain","Partial Mode": "Partial","Parent Relationship": "Outer","Parallel Aware": false,"Async Capable": false,"Startup Cost": 146407.69,"Total Cost": 146407.70,"Plan Rows": 1,"Plan Width": 32,"Actual Startup Time": 295.948,"Actual Total Time": 295.950,"Actual Rows": 1,"Actual Loops": 5,"Workers": [],"Plans": [{"Node Type": "Seq Scan","Parent Relationship": "Outer","Parallel Aware": true,"Async Capable": false,"Relation Name": "lineitem","Alias": "lineitem","Startup Cost": 0.00,"Total Cost": 146259.83,"Plan Rows": 29571,"Plan Width": 12,"Actual Startup Time": 0.058,"Actual Total Time": 290.841,"Actual Rows": 23866,"Actual Loops": 5,"Filter": "((l_shipdate >= '1996-01-01'::date) AND (l_shipdate < '1997-01-01 00:00:00'::timestamp without time zone) AND (l_discount >= 0.03) AND (l_discount <= 0.05) AND (l_quantity < '25'::numeric))","Rows Removed by Filter": 1176377,"Workers": []}]}]}]},"Planning Time": 2.159,"Triggers": [],"Execution Time": 335.158}]
[{"Plan": {"Node Type": "Aggregate","Strategy": "Plain","Partial Mode": "Finalize","Parallel Aware": false,"Async Capable": false,"Startup Cost": 147407.88,"Total Cost": 147407.89,"Plan Rows": 1,"Plan Width": 32,"Actual Startup Time": 303.094,"Actual Total Time": 335.189,"Actual Rows": 1,"Actual Loops": 1,"Plans": [{"Node Type": "Gather","Parent Relationship": "Outer","Parallel Aware": false,"Async Capable": false,"Startup Cost": 147407.45,"Total Cost": 147407.86,"Plan Rows": 4,"Plan Width": 32,"Actual Startup Time": 302.935,"Actual Total Time": 335.157,"Actual Rows": 5,"Actual Loops": 1,"Workers Planned": 4,"Workers Launched": 4,"Single Copy": false,"Plans": [{"Node Type": "Aggregate","Strategy": "Plain","Partial Mode": "Partial","Parent Relationship": "Outer","Parallel Aware": false,"Async Capable": false,"Startup Cost": 146407.45,"Total Cost": 146407.46,"Plan Rows": 1,"Plan Width": 32,"Actual Startup Time": 295.477,"Actual Total Time": 295.478,"Actual Rows": 1,"Actual Loops": 5,"Workers": [],"Plans": [{"Node Type": "Seq Scan","Parent Relationship": "Outer","Parallel Aware": true,"Async Capable": false,"Relation Name": "lineitem","Alias": "lineitem","Startup Cost": 0.00,"Total Cost": 146259.83,"Plan Rows": 29522,"Plan Width": 12,"Actual Startup Time": 0.085,"Actual Total Time": 290.372,"Actual Rows": 23823,"Actual Loops": 5,"Filter": "((l_shipdate >= '1997-01-01'::date) AND (l_shipdate < '1998-01-01 00:00:00'::timestamp without time zone) AND (l_discount >= 0.08) AND (l_discount <= 0.10) AND (l_quantity < '25'::numeric))","Rows Removed by Filter": 1176420,"Workers": []}]}]}]},"Planning Time": 2.625,"Triggers": [],"Execution Time": 335.461}]
[{"Plan": {"Node Type": "Aggregate","Strategy": "Plain","Partial Mode": "Finalize","Parallel Aware": false,"Async Capable": false,"Startup Cost": 147404.34,"Total Cost": 147404.35,"Plan Rows": 1,"Plan Width": 32,"Actual Startup Time": 300.362,"Actual Total Time": 333.522,"Actual Rows": 1,"Actual Loops": 1,"Plans": [{"Node Type": "Gather","Parent Relationship": "Outer","Parallel Aware": false,"Async Capable": false,"Startup Cost": 147403.91,"Total Cost": 147404.32,"Plan Rows": 4,"Plan Width": 32,"Actual Startup Time": 300.181,"Actual Total Time": 333.484,"Actual Rows": 5,"Actual Loops": 1,"Workers Planned": 4,"Workers Launched": 4,"Single Copy": false,"Plans": [{"Node Type": "Aggregate","Strategy": "Plain","Partial Mode": "Partial","Parent Relationship": "Outer","Parallel Aware": false,"Async Capable": false,"Startup Cost": 146403.91,"Total Cost": 146403.92,"Plan Rows": 1,"Plan Width": 32,"Actual Startup Time": 293.530,"Actual Total Time": 293.532,"Actual Rows": 1,"Actual Loops": 5,"Workers": [],"Plans": [{"Node Type": "Seq Scan","Parent Relationship": "Outer","Parallel Aware": true,"Async Capable": false,"Relation Name": "lineitem","Alias": "lineitem","Startup Cost": 0.00,"Total Cost": 146259.83,"Plan Rows": 28815,"Plan Width": 12,"Actual Startup Time": 0.061,"Actual Total Time": 288.650,"Actual Rows": 22809,"Actual Loops": 5,"Filter": "((l_shipdate >= '1993-01-01'::date) AND (l_shipdate < '1994-01-01 00:00:00'::timestamp without time zone) AND (l_discount >= 0.05) AND (l_discount <= 0.07) AND (l_quantity < '24'::numeric))","Rows Removed by Filter": 1177434,"Workers": []}]}]}]},"Planning Time": 2.249,"Triggers": [],"Execution Time": 333.759}]
[{"Plan": {"Node Type": "Aggregate","Strategy": "Plain","Partial Mode": "Finalize","Parallel Aware": false,"Async Capable": false,"Startup Cost": 147410.59,"Total Cost": 147410.60,"Plan Rows": 1,"Plan Width": 32,"Actual Startup Time": 295.084,"Actual Total Time": 327.277,"Actual Rows": 1,"Actual Loops": 1,"Plans": [{"Node Type": "Gather","Parent Relationship": "Outer","Parallel Aware": false,"Async Capable": false,"Startup Cost": 147410.16,"Total Cost": 147410.57,"Plan Rows": 4,"Plan Width": 32,"Actual Startup Time": 294.923,"Actual Total Time": 327.239,"Actual Rows": 5,"Actual Loops": 1,"Workers Planned": 4,"Workers Launched": 4,"Single Copy": false,"Plans": [{"Node Type": "Aggregate","Strategy": "Plain","Partial Mode": "Partial","Parent Relationship": "Outer","Parallel Aware": false,"Async Capable": false,"Startup Cost": 146410.16,"Total Cost": 146410.17,"Plan Rows": 1,"Plan Width": 32,"Actual Startup Time": 288.077,"Actual Total Time": 288.081,"Actual Rows": 1,"Actual Loops": 5,"Workers": [],"Plans": [{"Node Type": "Seq Scan","Parent Relationship": "Outer","Parallel Aware": true,"Async Capable": false,"Relation Name": "lineitem","Alias": "lineitem","Startup Cost": 0.00,"Total Cost": 146259.83,"Plan Rows": 30065,"Plan Width": 12,"Actual Startup Time": 0.083,"Actual Total Time": 282.992,"Actual Rows": 23829,"Actual Loops": 5,"Filter": "((l_shipdate >= '1997-01-01'::date) AND (l_shipdate < '1998-01-01 00:00:00'::timestamp without time zone) AND (l_discount >= 0.01) AND (l_discount <= 0.03) AND (l_quantity < '25'::numeric))","Rows Removed by Filter": 1176414,"Workers": []}]}]}]},"Planning Time": 2.956,"Triggers": [],"Execution Time": 327.522}]
[{"Plan": {"Node Type": "Aggregate","Strategy": "Plain","Partial Mode": "Finalize","Parallel Aware": false,"Async Capable": false,"Startup Cost": 147402.74,"Total Cost": 147402.75,"Plan Rows": 1,"Plan Width": 32,"Actual Startup Time": 294.972,"Actual Total Time": 327.491,"Actual Rows": 1,"Actual Loops": 1,"Plans": [{"Node Type": "Gather","Parent Relationship": "Outer","Parallel Aware": false,"Async Capable": false,"Startup Cost": 147402.31,"Total Cost": 147402.72,"Plan Rows": 4,"Plan Width": 32,"Actual Startup Time": 294.803,"Actual Total Time": 327.457,"Actual Rows": 5,"Actual Loops": 1,"Workers Planned": 4,"Workers Launched": 4,"Single Copy": false,"Plans": [{"Node Type": "Aggregate","Strategy": "Plain","Partial Mode": "Partial","Parent Relationship": "Outer","Parallel Aware": false,"Async Capable": false,"Startup Cost": 146402.31,"Total Cost": 146402.32,"Plan Rows": 1,"Plan Width": 32,"Actual Startup Time": 288.287,"Actual Total Time": 288.289,"Actual Rows": 1,"Actual Loops": 5,"Workers": [],"Plans": [{"Node Type": "Seq Scan","Parent Relationship": "Outer","Parallel Aware": true,"Async Capable": false,"Relation Name": "lineitem","Alias": "lineitem","Startup Cost": 0.00,"Total Cost": 146259.83,"Plan Rows": 28495,"Plan Width": 12,"Actual Startup Time": 0.083,"Actual Total Time": 283.417,"Actual Rows": 22816,"Actual Loops": 5,"Filter": "((l_shipdate >= '1996-01-01'::date) AND (l_shipdate < '1997-01-01 00:00:00'::timestamp without time zone) AND (l_discount >= 0.05) AND (l_discount <= 0.07) AND (l_quantity < '24'::numeric))","Rows Removed by Filter": 1177427,"Workers": []}]}]}]},"Planning Time": 2.656,"Triggers": [],"Execution Time": 327.682}]
[{"Plan": {"Node Type": "Aggregate","Strategy": "Plain","Partial Mode": "Finalize","Parallel Aware": false,"Async Capable": false,"Startup Cost": 147411.57,"Total Cost": 147411.58,"Plan Rows": 1,"Plan Width": 32,"Actual Startup Time": 305.127,"Actual Total Time": 338.310,"Actual Rows": 1,"Actual Loops": 1,"Plans": [{"Node Type": "Gather","Parent Relationship": "Outer","Parallel Aware": false,"Async Capable": false,"Startup Cost": 147411.14,"Total Cost": 147411.55,"Plan Rows": 4,"Plan Width": 32,"Actual Startup Time": 304.951,"Actual Total Time": 338.280,"Actual Rows": 5,"Actual Loops": 1,"Workers Planned": 4,"Workers Launched": 4,"Single Copy": false,"Plans": [{"Node Type": "Aggregate","Strategy": "Plain","Partial Mode": "Partial","Parent Relationship": "Outer","Parallel Aware": false,"Async Capable": false,"Startup Cost": 146411.14,"Total Cost": 146411.15,"Plan Rows": 1,"Plan Width": 32,"Actual Startup Time": 298.060,"Actual Total Time": 298.064,"Actual Rows": 1,"Actual Loops": 5,"Workers": [],"Plans": [{"Node Type": "Seq Scan","Parent Relationship": "Outer","Parallel Aware": true,"Async Capable": false,"Relation Name": "lineitem","Alias": "lineitem","Startup Cost": 0.00,"Total Cost": 146259.83,"Plan Rows": 30260,"Plan Width": 12,"Actual Startup Time": 0.091,"Actual Total Time": 293.071,"Actual Rows": 23842,"Actual Loops": 5,"Filter": "((l_shipdate >= '1993-01-01'::date) AND (l_shipdate < '1994-01-01 00:00:00'::timestamp without time zone) AND (l_discount >= 0.06) AND (l_discount <= 0.08) AND (l_quantity < '25'::numeric))","Rows Removed by Filter": 1176401,"Workers": []}]}]}]},"Planning Time": 2.468,"Triggers": [],"Execution Time": 338.525}]
[{"Plan": {"Node Type": "Aggregate","Strategy": "Plain","Partial Mode": "Finalize","Parallel Aware": false,"Async Capable": false,"Startup Cost": 147408.17,"Total Cost": 147408.18,"Plan Rows": 1,"Plan Width": 32,"Actual Startup Time": 301.724,"Actual Total Time": 333.532,"Actual Rows": 1,"Actual Loops": 1,"Plans": [{"Node Type": "Gather","Parent Relationship": "Outer","Parallel Aware": false,"Async Capable": false,"Startup Cost": 147407.74,"Total Cost": 147408.15,"Plan Rows": 4,"Plan Width": 32,"Actual Startup Time": 301.549,"Actual Total Time": 333.504,"Actual Rows": 5,"Actual Loops": 1,"Workers Planned": 4,"Workers Launched": 4,"Single Copy": false,"Plans": [{"Node Type": "Aggregate","Strategy": "Plain","Partial Mode": "Partial","Parent Relationship": "Outer","Parallel Aware": false,"Async Capable": false,"Startup Cost": 146407.74,"Total Cost": 146407.75,"Plan Rows": 1,"Plan Width": 32,"Actual Startup Time": 294.892,"Actual Total Time": 294.894,"Actual Rows": 1,"Actual Loops": 5,"Workers": [],"Plans": [{"Node Type": "Seq Scan","Parent Relationship": "Outer","Parallel Aware": true,"Async Capable": false,"Relation Name": "lineitem","Alias": "lineitem","Startup Cost": 0.00,"Total Cost": 146259.83,"Plan Rows": 29580,"Plan Width": 12,"Actual Startup Time": 0.078,"Actual Total Time": 289.818,"Actual Rows": 23793,"Actual Loops": 5,"Filter": "((l_shipdate >= '1994-01-01'::date) AND (l_shipdate < '1995-01-01 00:00:00'::timestamp without time zone) AND (l_discount >= 0.07) AND (l_discount <= 0.09) AND (l_quantity < '25'::numeric))","Rows Removed by Filter": 1176450,"Workers": []}]}]}]},"Planning Time": 2.188,"Triggers": [],"Execution Time": 333.751}]
[{"Plan": {"Node Type": "Aggregate","Strategy": "Plain","Partial Mode": "Finalize","Parallel Aware": false,"Async Capable": false,"Startup Cost": 147413.24,"Total Cost": 147413.25,"Plan Rows": 1,"Plan Width": 32,"Actual Startup Time": 311.610,"Actual Total Time": 344.691,"Actual Rows": 1,"Actual Loops": 1,"Plans": [{"Node Type": "Gather","Parent Relationship": "Outer","Parallel Aware": false,"Async Capable": false,"Startup Cost": 147412.81,"Total Cost": 147413.22,"Plan Rows": 4,"Plan Width": 32,"Actual Startup Time": 311.435,"Actual Total Time": 344.652,"Actual Rows": 5,"Actual Loops": 1,"Workers Planned": 4,"Workers Launched": 4,"Single Copy": false,"Plans": [{"Node Type": "Aggregate","Strategy": "Plain","Partial Mode": "Partial","Parent Relationship": "Outer","Parallel Aware": false,"Async Capable": false,"Startup Cost": 146412.81,"Total Cost": 146412.82,"Plan Rows": 1,"Plan Width": 32,"Actual Startup Time": 304.075,"Actual Total Time": 304.076,"Actual Rows": 1,"Actual Loops": 5,"Workers": [],"Plans": [{"Node Type": "Seq Scan","Parent Relationship": "Outer","Parallel Aware": true,"Async Capable": false,"Relation Name": "lineitem","Alias": "lineitem","Startup Cost": 0.00,"Total Cost": 146259.83,"Plan Rows": 30594,"Plan Width": 12,"Actual Startup Time": 0.114,"Actual Total Time": 298.979,"Actual Rows": 23962,"Actual Loops": 5,"Filter": "((l_shipdate >= '1995-01-01'::date) AND (l_shipdate < '1996-01-01 00:00:00'::timestamp without time zone) AND (l_discount >= 0.05) AND (l_discount <= 0.07) AND (l_quantity < '25'::numeric))","Rows Removed by Filter": 1176281,"Workers": []}]}]}]},"Planning Time": 2.234,"Triggers": [],"Execution Time": 344.871}]
[{"Plan": {"Node Type": "Aggregate","Strategy": "Plain","Partial Mode": "Finalize","Parallel Aware": false,"Async Capable": false,"Startup Cost": 147401.66,"Total Cost": 147401.67,"Plan Rows": 1,"Plan Width": 32,"Actual Startup Time": 300.986,"Actual Total Time": 333.447,"Actual Rows": 1,"Actual Loops": 1,"Plans": [{"Node Type": "Gather","Parent Relationship": "Outer","Parallel Aware": false,"Async Capable": false,"Startup Cost": 147401.23,"Total Cost": 147401.64,"Plan Rows": 4,"Plan Width": 32,"Actual Startup Time": 300.775,"Actual Total Time": 333.412,"Actual Rows": 5,"Actual Loops": 1,"Workers Planned": 4,"Workers Launched": 4,"Single Copy": false,"Plans": [{"Node Type": "Aggregate","Strategy": "Plain","Partial Mode": "Partial","Parent Relationship": "Outer","Parallel Aware": false,"Async Capable": false,"Startup Cost": 146401.23,"Total Cost": 146401.24,"Plan Rows": 1,"Plan Width": 32,"Actual Startup Time": 294.109,"Actual Total Time": 294.111,"Actual Rows": 1,"Actual Loops": 5,"Workers": [],"Plans": [{"Node Type": "Seq Scan","Parent Relationship": "Outer","Parallel Aware": true,"Async Capable": false,"Relation Name": "lineitem","Alias": "lineitem","Startup Cost": 0.00,"Total Cost": 146259.83,"Plan Rows": 28279,"Plan Width": 12,"Actual Startup Time": 0.083,"Actual Total Time": 289.309,"Actual Rows": 22984,"Actual Loops": 5,"Filter": "((l_shipdate >= '1996-01-01'::date) AND (l_shipdate < '1997-01-01 00:00:00'::timestamp without time zone) AND (l_discount >= 0.08) AND (l_discount <= 0.10) AND (l_quantity < '24'::numeric))","Rows Removed by Filter": 1177259,"Workers": []}]}]}]},"Planning Time": 2.120,"Triggers": [],"Execution Time": 333.656}]
[{"Plan": {"Node Type": "Aggregate","Strategy": "Plain","Partial Mode": "Finalize","Parallel Aware": false,"Async Capable": false,"Startup Cost": 147410.52,"Total Cost": 147410.53,"Plan Rows": 1,"Plan Width": 32,"Actual Startup Time": 313.792,"Actual Total Time": 346.158,"Actual Rows": 1,"Actual Loops": 1,"Plans": [{"Node Type": "Gather","Parent Relationship": "Outer","Parallel Aware": false,"Async Capable": false,"Startup Cost": 147410.09,"Total Cost": 147410.50,"Plan Rows": 4,"Plan Width": 32,"Actual Startup Time": 313.589,"Actual Total Time": 346.120,"Actual Rows": 5,"Actual Loops": 1,"Workers Planned": 4,"Workers Launched": 4,"Single Copy": false,"Plans": [{"Node Type": "Aggregate","Strategy": "Plain","Partial Mode": "Partial","Parent Relationship": "Outer","Parallel Aware": false,"Async Capable": false,"Startup Cost": 146410.09,"Total Cost": 146410.10,"Plan Rows": 1,"Plan Width": 32,"Actual Startup Time": 306.243,"Actual Total Time": 306.244,"Actual Rows": 1,"Actual Loops": 5,"Workers": [],"Plans": [{"Node Type": "Seq Scan","Parent Relationship": "Outer","Parallel Aware": true,"Async Capable": false,"Relation Name": "lineitem","Alias": "lineitem","Startup Cost": 0.00,"Total Cost": 146259.83,"Plan Rows": 30051,"Plan Width": 12,"Actual Startup Time": 0.075,"Actual Total Time": 301.192,"Actual Rows": 23937,"Actual Loops": 5,"Filter": "((l_shipdate >= '1996-01-01'::date) AND (l_shipdate < '1997-01-01 00:00:00'::timestamp without time zone) AND (l_discount >= 0.01) AND (l_discount <= 0.03) AND (l_quantity < '25'::numeric))","Rows Removed by Filter": 1176306,"Workers": []}]}]}]},"Planning Time": 2.507,"Triggers": [],"Execution Time": 346.410}]
[{"Plan": {"Node Type": "Aggregate","Strategy": "Plain","Partial Mode": "Finalize","Parallel Aware": false,"Async Capable": false,"Startup Cost": 147401.96,"Total Cost": 147401.97,"Plan Rows": 1,"Plan Width": 32,"Actual Startup Time": 301.236,"Actual Total Time": 333.196,"Actual Rows": 1,"Actual Loops": 1,"Plans": [{"Node Type": "Gather","Parent Relationship": "Outer","Parallel Aware": false,"Async Capable": false,"Startup Cost": 147401.53,"Total Cost": 147401.94,"Plan Rows": 4,"Plan Width": 32,"Actual Startup Time": 301.008,"Actual Total Time": 333.159,"Actual Rows": 5,"Actual Loops": 1,"Workers Planned": 4,"Workers Launched": 4,"Single Copy": false,"Plans": [{"Node Type": "Aggregate","Strategy": "Plain","Partial Mode": "Partial","Parent Relationship": "Outer","Parallel Aware": false,"Async Capable": false,"Startup Cost": 146401.53,"Total Cost": 146401.54,"Plan Rows": 1,"Plan Width": 32,"Actual Startup Time": 293.920,"Actual Total Time": 293.926,"Actual Rows": 1,"Actual Loops": 5,"Workers": [],"Plans": [{"Node Type": "Seq Scan","Parent Relationship": "Outer","Parallel Aware": true,"Async Capable": false,"Relation Name": "lineitem","Alias": "lineitem","Startup Cost": 0.00,"Total Cost": 146259.83,"Plan Rows": 28338,"Plan Width": 12,"Actual Startup Time": 0.086,"Actual Total Time": 288.967,"Actual Rows": 22878,"Actual Loops": 5,"Filter": "((l_shipdate >= '1996-01-01'::date) AND (l_shipdate < '1997-01-01 00:00:00'::timestamp without time zone) AND (l_discount >= 0.03) AND (l_discount <= 0.05) AND (l_quantity < '24'::numeric))","Rows Removed by Filter": 1177365,"Workers": []}]}]}]},"Planning Time": 2.851,"Triggers": [],"Execution Time": 333.444}]
[{"Plan": {"Node Type": "Aggregate","Strategy": "Plain","Partial Mode": "Finalize","Parallel Aware": false,"Async Capable": false,"Startup Cost": 147404.33,"Total Cost": 147404.34,"Plan Rows": 1,"Plan Width": 32,"Actual Startup Time": 309.247,"Actual Total Time": 341.963,"Actual Rows": 1,"Actual Loops": 1,"Plans": [{"Node Type": "Gather","Parent Relationship": "Outer","Parallel Aware": false,"Async Capable": false,"Startup Cost": 147403.90,"Total Cost": 147404.31,"Plan Rows": 4,"Plan Width": 32,"Actual Startup Time": 309.077,"Actual Total Time": 341.925,"Actual Rows": 5,"Actual Loops": 1,"Workers Planned": 4,"Workers Launched": 4,"Single Copy": false,"Plans": [{"Node Type": "Aggregate","Strategy": "Plain","Partial Mode": "Partial","Parent Relationship": "Outer","Parallel Aware": false,"Async Capable": false,"Startup Cost": 146403.90,"Total Cost": 146403.91,"Plan Rows": 1,"Plan Width": 32,"Actual Startup Time": 302.050,"Actual Total Time": 302.052,"Actual Rows": 1,"Actual Loops": 5,"Workers": [],"Plans": [{"Node Type": "Seq Scan","Parent Relationship": "Outer","Parallel Aware": true,"Async Capable": false,"Relation Name": "lineitem","Alias": "lineitem","Startup Cost": 0.00,"Total Cost": 146259.83,"Plan Rows": 28812,"Plan Width": 12,"Actual Startup Time": 0.087,"Actual Total Time": 297.201,"Actual Rows": 22841,"Actual Loops": 5,"Filter": "((l_shipdate >= '1997-01-01'::date) AND (l_shipdate < '1998-01-01 00:00:00'::timestamp without time zone) AND (l_discount >= 0.01) AND (l_discount <= 0.03) AND (l_quantity < '24'::numeric))","Rows Removed by Filter": 1177402,"Workers": []}]}]}]},"Planning Time": 2.212,"Triggers": [],"Execution Time": 342.131}]
[{"Plan": {"Node Type": "Aggregate","Strategy": "Plain","Partial Mode": "Finalize","Parallel Aware": false,"Async Capable": false,"Startup Cost": 147412.40,"Total Cost": 147412.41,"Plan Rows": 1,"Plan Width": 32,"Actual Startup Time": 305.125,"Actual Total Time": 338.000,"Actual Rows": 1,"Actual Loops": 1,"Plans": [{"Node Type": "Gather","Parent Relationship": "Outer","Parallel Aware": false,"Async Capable": false,"Startup Cost": 147411.97,"Total Cost": 147412.38,"Plan Rows": 4,"Plan Width": 32,"Actual Startup Time": 304.936,"Actual Total Time": 337.966,"Actual Rows": 5,"Actual Loops": 1,"Workers Planned": 4,"Workers Launched": 4,"Single Copy": false,"Plans": [{"Node Type": "Aggregate","Strategy": "Plain","Partial Mode": "Partial","Parent Relationship": "Outer","Parallel Aware": false,"Async Capable": false,"Startup Cost": 146411.97,"Total Cost": 146411.98,"Plan Rows": 1,"Plan Width": 32,"Actual Startup Time": 297.358,"Actual Total Time": 297.360,"Actual Rows": 1,"Actual Loops": 5,"Workers": [],"Plans": [{"Node Type": "Seq Scan","Parent Relationship": "Outer","Parallel Aware": true,"Async Capable": false,"Relation Name": "lineitem","Alias": "lineitem","Startup Cost": 0.00,"Total Cost": 146259.83,"Plan Rows": 30426,"Plan Width": 12,"Actual Startup Time": 0.120,"Actual Total Time": 292.231,"Actual Rows": 24007,"Actual Loops": 5,"Filter": "((l_shipdate >= '1995-01-01'::date) AND (l_shipdate < '1996-01-01 00:00:00'::timestamp without time zone) AND (l_discount >= 0.03) AND (l_discount <= 0.05) AND (l_quantity < '25'::numeric))","Rows Removed by Filter": 1176236,"Workers": []}]}]}]},"Planning Time": 2.540,"Triggers": [],"Execution Time": 338.229}]
[{"Plan": {"Node Type": "Aggregate","Strategy": "Plain","Partial Mode": "Finalize","Parallel Aware": false,"Async Capable": false,"Startup Cost": 147401.19,"Total Cost": 147401.20,"Plan Rows": 1,"Plan Width": 32,"Actual Startup Time": 301.531,"Actual Total Time": 333.701,"Actual Rows": 1,"Actual Loops": 1,"Plans": [{"Node Type": "Gather","Parent Relationship": "Outer","Parallel Aware": false,"Async Capable": false,"Startup Cost": 147400.76,"Total Cost": 147401.17,"Plan Rows": 4,"Plan Width": 32,"Actual Startup Time": 301.357,"Actual Total Time": 333.674,"Actual Rows": 5,"Actual Loops": 1,"Workers Planned": 4,"Workers Launched": 4,"Single Copy": false,"Plans": [{"Node Type": "Aggregate","Strategy": "Plain","Partial Mode": "Partial","Parent Relationship": "Outer","Parallel Aware": false,"Async Capable": false,"Startup Cost": 146400.76,"Total Cost": 146400.77,"Plan Rows": 1,"Plan Width": 32,"Actual Startup Time": 294.458,"Actual Total Time": 294.460,"Actual Rows": 1,"Actual Loops": 5,"Workers": [],"Plans": [{"Node Type": "Seq Scan","Parent Relationship": "Outer","Parallel Aware": true,"Async Capable": false,"Relation Name": "lineitem","Alias": "lineitem","Startup Cost": 0.00,"Total Cost": 146259.83,"Plan Rows": 28184,"Plan Width": 12,"Actual Startup Time": 0.087,"Actual Total Time": 289.623,"Actual Rows": 22848,"Actual Loops": 5,"Filter": "((l_shipdate >= '1994-01-01'::date) AND (l_shipdate < '1995-01-01 00:00:00'::timestamp without time zone) AND (l_discount >= 0.03) AND (l_discount <= 0.05) AND (l_quantity < '24'::numeric))","Rows Removed by Filter": 1177395,"Workers": []}]}]}]},"Planning Time": 2.454,"Triggers": [],"Execution Time": 333.891}]
[{"Plan": {"Node Type": "Aggregate","Strategy": "Plain","Partial Mode": "Finalize","Parallel Aware": false,"Async Capable": false,"Startup Cost": 147413.28,"Total Cost": 147413.29,"Plan Rows": 1,"Plan Width": 32,"Actual Startup Time": 304.234,"Actual Total Time": 336.730,"Actual Rows": 1,"Actual Loops": 1,"Plans": [{"Node Type": "Gather","Parent Relationship": "Outer","Parallel Aware": false,"Async Capable": false,"Startup Cost": 147412.85,"Total Cost": 147413.26,"Plan Rows": 4,"Plan Width": 32,"Actual Startup Time": 304.079,"Actual Total Time": 336.704,"Actual Rows": 5,"Actual Loops": 1,"Workers Planned": 4,"Workers Launched": 4,"Single Copy": false,"Plans": [{"Node Type": "Aggregate","Strategy": "Plain","Partial Mode": "Partial","Parent Relationship": "Outer","Parallel Aware": false,"Async Capable": false,"Startup Cost": 146412.85,"Total Cost": 146412.86,"Plan Rows": 1,"Plan Width": 32,"Actual Startup Time": 297.451,"Actual Total Time": 297.454,"Actual Rows": 1,"Actual Loops": 5,"Workers": [],"Plans": [{"Node Type": "Seq Scan","Parent Relationship": "Outer","Parallel Aware": true,"Async Capable": false,"Relation Name": "lineitem","Alias": "lineitem","Startup Cost": 0.00,"Total Cost": 146259.83,"Plan Rows": 30602,"Plan Width": 12,"Actual Startup Time": 0.064,"Actual Total Time": 292.466,"Actual Rows": 23856,"Actual Loops": 5,"Filter": "((l_shipdate >= '1995-01-01'::date) AND (l_shipdate < '1996-01-01 00:00:00'::timestamp without time zone) AND (l_discount >= 0.07) AND (l_discount <= 0.09) AND (l_quantity < '25'::numeric))","Rows Removed by Filter": 1176387,"Workers": []}]}]}]},"Planning Time": 2.470,"Triggers": [],"Execution Time": 336.964}]
[{"Plan": {"Node Type": "Aggregate","Strategy": "Plain","Partial Mode": "Finalize","Parallel Aware": false,"Async Capable": false,"Startup Cost": 147411.57,"Total Cost": 147411.58,"Plan Rows": 1,"Plan Width": 32,"Actual Startup Time": 305.127,"Actual Total Time": 338.310,"Actual Rows": 1,"Actual Loops": 1,"Plans": [{"Node Type": "Gather","Parent Relationship": "Outer","Parallel Aware": false,"Async Capable": false,"Startup Cost": 147411.14,"Total Cost": 147411.55,"Plan Rows": 4,"Plan Width": 32,"Actual Startup Time": 304.951,"Actual Total Time": 338.280,"Actual Rows": 5,"Actual Loops": 1,"Workers Planned": 4,"Workers Launched": 4,"Single Copy": false,"Plans": [{"Node Type": "Aggregate","Strategy": "Plain","Partial Mode": "Partial","Parent Relationship": "Outer","Parallel Aware": false,"Async Capable": false,"Startup Cost": 146411.14,"Total Cost": 146411.15,"Plan Rows": 1,"Plan Width": 32,"Actual Startup Time": 298.060,"Actual Total Time": 298.064,"Actual Rows": 1,"Actual Loops": 5,"Workers": [],"Plans": [{"Node Type": "Seq Scan","Parent Relationship": "Outer","Parallel Aware": true,"Async Capable": false,"Relation Name": "lineitem","Alias": "lineitem","Startup Cost": 0.00,"Total Cost": 146259.83,"Plan Rows": 30260,"Plan Width": 12,"Actual Startup Time": 0.091,"Actual Total Time": 293.071,"Actual Rows": 23842,"Actual Loops": 5,"Filter": "((l_shipdate >= '1993-01-01'::date) AND (l_shipdate < '1994-01-01 00:00:00'::timestamp without time zone) AND (l_discount >= 0.06) AND (l_discount <= 0.08) AND (l_quantity < '25'::numeric))","Rows Removed by Filter": 1176401,"Workers": []}]}]}]},"Planning Time": 2.468,"Triggers": [],"Execution Time": 338.525}]
[{"Plan": {"Node Type": "Aggregate","Strategy": "Plain","Partial Mode": "Finalize","Parallel Aware": false,"Async Capable": false,"Startup Cost": 147409.70,"Total Cost": 147409.71,"Plan Rows": 1,"Plan Width": 32,"Actual Startup Time": 318.187,"Actual Total Time": 351.604,"Actual Rows": 1,"Actual Loops": 1,"Plans": [{"Node Type": "Gather","Parent Relationship": "Outer","Parallel Aware": false,"Async Capable": false,"Startup Cost": 147409.27,"Total Cost": 147409.68,"Plan Rows": 4,"Plan Width": 32,"Actual Startup Time": 318.005,"Actual Total Time": 351.566,"Actual Rows": 5,"Actual Loops": 1,"Workers Planned": 4,"Workers Launched": 4,"Single Copy": false,"Plans": [{"Node Type": "Aggregate","Strategy": "Plain","Partial Mode": "Partial","Parent Relationship": "Outer","Parallel Aware": false,"Async Capable": false,"Startup Cost": 146409.27,"Total Cost": 146409.28,"Plan Rows": 1,"Plan Width": 32,"Actual Startup Time": 310.692,"Actual Total Time": 310.693,"Actual Rows": 1,"Actual Loops": 5,"Workers": [],"Plans": [{"Node Type": "Seq Scan","Parent Relationship": "Outer","Parallel Aware": true,"Async Capable": false,"Relation Name": "lineitem","Alias": "lineitem","Startup Cost": 0.00,"Total Cost": 146259.83,"Plan Rows": 29887,"Plan Width": 12,"Actual Startup Time": 0.069,"Actual Total Time": 305.516,"Actual Rows": 23782,"Actual Loops": 5,"Filter": "((l_shipdate >= '1994-01-01'::date) AND (l_shipdate < '1995-01-01 00:00:00'::timestamp without time zone) AND (l_discount >= 0.01) AND (l_discount <= 0.03) AND (l_quantity < '25'::numeric))","Rows Removed by Filter": 1176461,"Workers": []}]}]}]},"Planning Time": 2.556,"Triggers": [],"Execution Time": 351.812}]
[{"Plan": {"Node Type": "Aggregate","Strategy": "Plain","Partial Mode": "Finalize","Parallel Aware": false,"Async Capable": false,"Startup Cost": 147404.26,"Total Cost": 147404.27,"Plan Rows": 1,"Plan Width": 32,"Actual Startup Time": 307.701,"Actual Total Time": 341.025,"Actual Rows": 1,"Actual Loops": 1,"Plans": [{"Node Type": "Gather","Parent Relationship": "Outer","Parallel Aware": false,"Async Capable": false,"Startup Cost": 147403.83,"Total Cost": 147404.24,"Plan Rows": 4,"Plan Width": 32,"Actual Startup Time": 307.548,"Actual Total Time": 340.986,"Actual Rows": 5,"Actual Loops": 1,"Workers Planned": 4,"Workers Launched": 4,"Single Copy": false,"Plans": [{"Node Type": "Aggregate","Strategy": "Plain","Partial Mode": "Partial","Parent Relationship": "Outer","Parallel Aware": false,"Async Capable": false,"Startup Cost": 146403.83,"Total Cost": 146403.84,"Plan Rows": 1,"Plan Width": 32,"Actual Startup Time": 300.209,"Actual Total Time": 300.210,"Actual Rows": 1,"Actual Loops": 5,"Workers": [],"Plans": [{"Node Type": "Seq Scan","Parent Relationship": "Outer","Parallel Aware": true,"Async Capable": false,"Relation Name": "lineitem","Alias": "lineitem","Startup Cost": 0.00,"Total Cost": 146259.83,"Plan Rows": 28799,"Plan Width": 12,"Actual Startup Time": 0.104,"Actual Total Time": 295.271,"Actual Rows": 22953,"Actual Loops": 5,"Filter": "((l_shipdate >= '1996-01-01'::date) AND (l_shipdate < '1997-01-01 00:00:00'::timestamp without time zone) AND (l_discount >= 0.01) AND (l_discount <= 0.03) AND (l_quantity < '24'::numeric))","Rows Removed by Filter": 1177290,"Workers": []}]}]}]},"Planning Time": 2.573,"Triggers": [],"Execution Time": 341.309}]
[{"Plan": {"Node Type": "Aggregate","Strategy": "Plain","Partial Mode": "Finalize","Parallel Aware": false,"Async Capable": false,"Startup Cost": 147404.34,"Total Cost": 147404.35,"Plan Rows": 1,"Plan Width": 32,"Actual Startup Time": 300.362,"Actual Total Time": 333.522,"Actual Rows": 1,"Actual Loops": 1,"Plans": [{"Node Type": "Gather","Parent Relationship": "Outer","Parallel Aware": false,"Async Capable": false,"Startup Cost": 147403.91,"Total Cost": 147404.32,"Plan Rows": 4,"Plan Width": 32,"Actual Startup Time": 300.181,"Actual Total Time": 333.484,"Actual Rows": 5,"Actual Loops": 1,"Workers Planned": 4,"Workers Launched": 4,"Single Copy": false,"Plans": [{"Node Type": "Aggregate","Strategy": "Plain","Partial Mode": "Partial","Parent Relationship": "Outer","Parallel Aware": false,"Async Capable": false,"Startup Cost": 146403.91,"Total Cost": 146403.92,"Plan Rows": 1,"Plan Width": 32,"Actual Startup Time": 293.530,"Actual Total Time": 293.532,"Actual Rows": 1,"Actual Loops": 5,"Workers": [],"Plans": [{"Node Type": "Seq Scan","Parent Relationship": "Outer","Parallel Aware": true,"Async Capable": false,"Relation Name": "lineitem","Alias": "lineitem","Startup Cost": 0.00,"Total Cost": 146259.83,"Plan Rows": 28815,"Plan Width": 12,"Actual Startup Time": 0.061,"Actual Total Time": 288.650,"Actual Rows": 22809,"Actual Loops": 5,"Filter": "((l_shipdate >= '1993-01-01'::date) AND (l_shipdate < '1994-01-01 00:00:00'::timestamp without time zone) AND (l_discount >= 0.05) AND (l_discount <= 0.07) AND (l_quantity < '24'::numeric))","Rows Removed by Filter": 1177434,"Workers": []}]}]}]},"Planning Time": 2.249,"Triggers": [],"Execution Time": 333.759}]
[{"Plan": {"Node Type": "Aggregate","Strategy": "Plain","Partial Mode": "Finalize","Parallel Aware": false,"Async Capable": false,"Startup Cost": 147410.52,"Total Cost": 147410.53,"Plan Rows": 1,"Plan Width": 32,"Actual Startup Time": 313.792,"Actual Total Time": 346.158,"Actual Rows": 1,"Actual Loops": 1,"Plans": [{"Node Type": "Gather","Parent Relationship": "Outer","Parallel Aware": false,"Async Capable": false,"Startup Cost": 147410.09,"Total Cost": 147410.50,"Plan Rows": 4,"Plan Width": 32,"Actual Startup Time": 313.589,"Actual Total Time": 346.120,"Actual Rows": 5,"Actual Loops": 1,"Workers Planned": 4,"Workers Launched": 4,"Single Copy": false,"Plans": [{"Node Type": "Aggregate","Strategy": "Plain","Partial Mode": "Partial","Parent Relationship": "Outer","Parallel Aware": false,"Async Capable": false,"Startup Cost": 146410.09,"Total Cost": 146410.10,"Plan Rows": 1,"Plan Width": 32,"Actual Startup Time": 306.243,"Actual Total Time": 306.244,"Actual Rows": 1,"Actual Loops": 5,"Workers": [],"Plans": [{"Node Type": "Seq Scan","Parent Relationship": "Outer","Parallel Aware": true,"Async Capable": false,"Relation Name": "lineitem","Alias": "lineitem","Startup Cost": 0.00,"Total Cost": 146259.83,"Plan Rows": 30051,"Plan Width": 12,"Actual Startup Time": 0.075,"Actual Total Time": 301.192,"Actual Rows": 23937,"Actual Loops": 5,"Filter": "((l_shipdate >= '1996-01-01'::date) AND (l_shipdate < '1997-01-01 00:00:00'::timestamp without time zone) AND (l_discount >= 0.01) AND (l_discount <= 0.03) AND (l_quantity < '25'::numeric))","Rows Removed by Filter": 1176306,"Workers": []}]}]}]},"Planning Time": 2.507,"Triggers": [],"Execution Time": 346.410}]
[{"Plan": {"Node Type": "Aggregate","Strategy": "Plain","Partial Mode": "Finalize","Parallel Aware": false,"Async Capable": false,"Startup Cost": 147401.66,"Total Cost": 147401.67,"Plan Rows": 1,"Plan Width": 32,"Actual Startup Time": 300.986,"Actual Total Time": 333.447,"Actual Rows": 1,"Actual Loops": 1,"Plans": [{"Node Type": "Gather","Parent Relationship": "Outer","Parallel Aware": false,"Async Capable": false,"Startup Cost": 147401.23,"Total Cost": 147401.64,"Plan Rows": 4,"Plan Width": 32,"Actual Startup Time": 300.775,"Actual Total Time": 333.412,"Actual Rows": 5,"Actual Loops": 1,"Workers Planned": 4,"Workers Launched": 4,"Single Copy": false,"Plans": [{"Node Type": "Aggregate","Strategy": "Plain","Partial Mode": "Partial","Parent Relationship": "Outer","Parallel Aware": false,"Async Capable": false,"Startup Cost": 146401.23,"Total Cost": 146401.24,"Plan Rows": 1,"Plan Width": 32,"Actual Startup Time": 294.109,"Actual Total Time": 294.111,"Actual Rows": 1,"Actual Loops": 5,"Workers": [],"Plans": [{"Node Type": "Seq Scan","Parent Relationship": "Outer","Parallel Aware": true,"Async Capable": false,"Relation Name": "lineitem","Alias": "lineitem","Startup Cost": 0.00,"Total Cost": 146259.83,"Plan Rows": 28279,"Plan Width": 12,"Actual Startup Time": 0.083,"Actual Total Time": 289.309,"Actual Rows": 22984,"Actual Loops": 5,"Filter": "((l_shipdate >= '1996-01-01'::date) AND (l_shipdate < '1997-01-01 00:00:00'::timestamp without time zone) AND (l_discount >= 0.08) AND (l_discount <= 0.10) AND (l_quantity < '24'::numeric))","Rows Removed by Filter": 1177259,"Workers": []}]}]}]},"Planning Time": 2.120,"Triggers": [],"Execution Time": 333.656}]
[{"Plan": {"Node Type": "Aggregate","Strategy": "Plain","Partial Mode": "Finalize","Parallel Aware": false,"Async Capable": false,"Startup Cost": 147404.38,"Total Cost": 147404.39,"Plan Rows": 1,"Plan Width": 32,"Actual Startup Time": 302.767,"Actual Total Time": 334.756,"Actual Rows": 1,"Actual Loops": 1,"Plans": [{"Node Type": "Gather","Parent Relationship": "Outer","Parallel Aware": false,"Async Capable": false,"Startup Cost": 147403.95,"Total Cost": 147404.36,"Plan Rows": 4,"Plan Width": 32,"Actual Startup Time": 302.614,"Actual Total Time": 334.720,"Actual Rows": 5,"Actual Loops": 1,"Workers Planned": 4,"Workers Launched": 4,"Single Copy": false,"Plans": [{"Node Type": "Aggregate","Strategy": "Plain","Partial Mode": "Partial","Parent Relationship": "Outer","Parallel Aware": false,"Async Capable": false,"Startup Cost": 146403.95,"Total Cost": 146403.96,"Plan Rows": 1,"Plan Width": 32,"Actual Startup Time": 295.706,"Actual Total Time": 295.708,"Actual Rows": 1,"Actual Loops": 5,"Workers": [],"Plans": [{"Node Type": "Seq Scan","Parent Relationship": "Outer","Parallel Aware": true,"Async Capable": false,"Relation Name": "lineitem","Alias": "lineitem","Startup Cost": 0.00,"Total Cost": 146259.83,"Plan Rows": 28822,"Plan Width": 12,"Actual Startup Time": 0.104,"Actual Total Time": 290.791,"Actual Rows": 22940,"Actual Loops": 5,"Filter": "((l_shipdate >= '1993-01-01'::date) AND (l_shipdate < '1994-01-01 00:00:00'::timestamp without time zone) AND (l_discount >= 0.07) AND (l_discount <= 0.09) AND (l_quantity < '24'::numeric))","Rows Removed by Filter": 1177303,"Workers": []}]}]}]},"Planning Time": 2.853,"Triggers": [],"Execution Time": 335.021}]
[{"Plan": {"Node Type": "Aggregate","Strategy": "Plain","Partial Mode": "Finalize","Parallel Aware": false,"Async Capable": false,"Startup Cost": 147404.34,"Total Cost": 147404.35,"Plan Rows": 1,"Plan Width": 32,"Actual Startup Time": 300.362,"Actual Total Time": 333.522,"Actual Rows": 1,"Actual Loops": 1,"Plans": [{"Node Type": "Gather","Parent Relationship": "Outer","Parallel Aware": false,"Async Capable": false,"Startup Cost": 147403.91,"Total Cost": 147404.32,"Plan Rows": 4,"Plan Width": 32,"Actual Startup Time": 300.181,"Actual Total Time": 333.484,"Actual Rows": 5,"Actual Loops": 1,"Workers Planned": 4,"Workers Launched": 4,"Single Copy": false,"Plans": [{"Node Type": "Aggregate","Strategy": "Plain","Partial Mode": "Partial","Parent Relationship": "Outer","Parallel Aware": false,"Async Capable": false,"Startup Cost": 146403.91,"Total Cost": 146403.92,"Plan Rows": 1,"Plan Width": 32,"Actual Startup Time": 293.530,"Actual Total Time": 293.532,"Actual Rows": 1,"Actual Loops": 5,"Workers": [],"Plans": [{"Node Type": "Seq Scan","Parent Relationship": "Outer","Parallel Aware": true,"Async Capable": false,"Relation Name": "lineitem","Alias": "lineitem","Startup Cost": 0.00,"Total Cost": 146259.83,"Plan Rows": 28815,"Plan Width": 12,"Actual Startup Time": 0.061,"Actual Total Time": 288.650,"Actual Rows": 22809,"Actual Loops": 5,"Filter": "((l_shipdate >= '1993-01-01'::date) AND (l_shipdate < '1994-01-01 00:00:00'::timestamp without time zone) AND (l_discount >= 0.05) AND (l_discount <= 0.07) AND (l_quantity < '24'::numeric))","Rows Removed by Filter": 1177434,"Workers": []}]}]}]},"Planning Time": 2.249,"Triggers": [],"Execution Time": 333.759}]
[{"Plan": {"Node Type": "Aggregate","Strategy": "Plain","Partial Mode": "Finalize","Parallel Aware": false,"Async Capable": false,"Startup Cost": 147412.21,"Total Cost": 147412.22,"Plan Rows": 1,"Plan Width": 32,"Actual Startup Time": 308.065,"Actual Total Time": 340.901,"Actual Rows": 1,"Actual Loops": 1,"Plans": [{"Node Type": "Gather","Parent Relationship": "Outer","Parallel Aware": false,"Async Capable": false,"Startup Cost": 147411.78,"Total Cost": 147412.19,"Plan Rows": 4,"Plan Width": 32,"Actual Startup Time": 307.846,"Actual Total Time": 340.863,"Actual Rows": 5,"Actual Loops": 1,"Workers Planned": 4,"Workers Launched": 4,"Single Copy": false,"Plans": [{"Node Type": "Aggregate","Strategy": "Plain","Partial Mode": "Partial","Parent Relationship": "Outer","Parallel Aware": false,"Async Capable": false,"Startup Cost": 146411.78,"Total Cost": 146411.79,"Plan Rows": 1,"Plan Width": 32,"Actual Startup Time": 301.131,"Actual Total Time": 301.136,"Actual Rows": 1,"Actual Loops": 5,"Workers": [],"Plans": [{"Node Type": "Seq Scan","Parent Relationship": "Outer","Parallel Aware": true,"Async Capable": false,"Relation Name": "lineitem","Alias": "lineitem","Startup Cost": 0.00,"Total Cost": 146259.83,"Plan Rows": 30389,"Plan Width": 12,"Actual Startup Time": 0.073,"Actual Total Time": 296.120,"Actual Rows": 23723,"Actual Loops": 5,"Filter": "((l_shipdate >= '1993-01-01'::date) AND (l_shipdate < '1994-01-01 00:00:00'::timestamp without time zone) AND (l_discount >= 0.01) AND (l_discount <= 0.03) AND (l_quantity < '25'::numeric))","Rows Removed by Filter": 1176520,"Workers": []}]}]}]},"Planning Time": 2.521,"Triggers": [],"Execution Time": 341.120}]
[{"Plan": {"Node Type": "Aggregate","Strategy": "Plain","Partial Mode": "Finalize","Parallel Aware": false,"Async Capable": false,"Startup Cost": 147409.63,"Total Cost": 147409.64,"Plan Rows": 1,"Plan Width": 32,"Actual Startup Time": 297.562,"Actual Total Time": 330.607,"Actual Rows": 1,"Actual Loops": 1,"Plans": [{"Node Type": "Gather","Parent Relationship": "Outer","Parallel Aware": false,"Async Capable": false,"Startup Cost": 147409.20,"Total Cost": 147409.61,"Plan Rows": 4,"Plan Width": 32,"Actual Startup Time": 297.384,"Actual Total Time": 330.577,"Actual Rows": 5,"Actual Loops": 1,"Workers Planned": 4,"Workers Launched": 4,"Single Copy": false,"Plans": [{"Node Type": "Aggregate","Strategy": "Plain","Partial Mode": "Partial","Parent Relationship": "Outer","Parallel Aware": false,"Async Capable": false,"Startup Cost": 146409.20,"Total Cost": 146409.21,"Plan Rows": 1,"Plan Width": 32,"Actual Startup Time": 290.524,"Actual Total Time": 290.525,"Actual Rows": 1,"Actual Loops": 5,"Workers": [],"Plans": [{"Node Type": "Seq Scan","Parent Relationship": "Outer","Parallel Aware": true,"Async Capable": false,"Relation Name": "lineitem","Alias": "lineitem","Startup Cost": 0.00,"Total Cost": 146259.83,"Plan Rows": 29872,"Plan Width": 12,"Actual Startup Time": 0.113,"Actual Total Time": 285.451,"Actual Rows": 23843,"Actual Loops": 5,"Filter": "((l_shipdate >= '1997-01-01'::date) AND (l_shipdate < '1998-01-01 00:00:00'::timestamp without time zone) AND (l_discount >= 0.04) AND (l_discount <= 0.06) AND (l_quantity < '25'::numeric))","Rows Removed by Filter": 1176400,"Workers": []}]}]}]},"Planning Time": 2.713,"Triggers": [],"Execution Time": 330.862}]
[{"Plan": {"Node Type": "Aggregate","Strategy": "Plain","Partial Mode": "Finalize","Parallel Aware": false,"Async Capable": false,"Startup Cost": 147405.88,"Total Cost": 147405.89,"Plan Rows": 1,"Plan Width": 32,"Actual Startup Time": 305.694,"Actual Total Time": 338.072,"Actual Rows": 1,"Actual Loops": 1,"Plans": [{"Node Type": "Gather","Parent Relationship": "Outer","Parallel Aware": false,"Async Capable": false,"Startup Cost": 147405.45,"Total Cost": 147405.86,"Plan Rows": 4,"Plan Width": 32,"Actual Startup Time": 305.534,"Actual Total Time": 338.050,"Actual Rows": 5,"Actual Loops": 1,"Workers Planned": 4,"Workers Launched": 4,"Single Copy": false,"Plans": [{"Node Type": "Aggregate","Strategy": "Plain","Partial Mode": "Partial","Parent Relationship": "Outer","Parallel Aware": false,"Async Capable": false,"Startup Cost": 146405.45,"Total Cost": 146405.46,"Plan Rows": 1,"Plan Width": 32,"Actual Startup Time": 298.920,"Actual Total Time": 298.921,"Actual Rows": 1,"Actual Loops": 5,"Workers": [],"Plans": [{"Node Type": "Seq Scan","Parent Relationship": "Outer","Parallel Aware": true,"Async Capable": false,"Relation Name": "lineitem","Alias": "lineitem","Startup Cost": 0.00,"Total Cost": 146259.83,"Plan Rows": 29122,"Plan Width": 12,"Actual Startup Time": 0.100,"Actual Total Time": 294.160,"Actual Rows": 22732,"Actual Loops": 5,"Filter": "((l_shipdate >= '1993-01-01'::date) AND (l_shipdate < '1994-01-01 00:00:00'::timestamp without time zone) AND (l_discount >= 0.01) AND (l_discount <= 0.03) AND (l_quantity < '24'::numeric))","Rows Removed by Filter": 1177511,"Workers": []}]}]}]},"Planning Time": 2.133,"Triggers": [],"Execution Time": 338.277}]
[{"Plan": {"Node Type": "Aggregate","Strategy": "Plain","Partial Mode": "Finalize","Parallel Aware": false,"Async Capable": false,"Startup Cost": 147403.34,"Total Cost": 147403.35,"Plan Rows": 1,"Plan Width": 32,"Actual Startup Time": 308.370,"Actual Total Time": 341.286,"Actual Rows": 1,"Actual Loops": 1,"Plans": [{"Node Type": "Gather","Parent Relationship": "Outer","Parallel Aware": false,"Async Capable": false,"Startup Cost": 147402.91,"Total Cost": 147403.32,"Plan Rows": 4,"Plan Width": 32,"Actual Startup Time": 308.172,"Actual Total Time": 341.245,"Actual Rows": 5,"Actual Loops": 1,"Workers Planned": 4,"Workers Launched": 4,"Single Copy": false,"Plans": [{"Node Type": "Aggregate","Strategy": "Plain","Partial Mode": "Partial","Parent Relationship": "Outer","Parallel Aware": false,"Async Capable": false,"Startup Cost": 146402.91,"Total Cost": 146402.92,"Plan Rows": 1,"Plan Width": 32,"Actual Startup Time": 300.890,"Actual Total Time": 300.893,"Actual Rows": 1,"Actual Loops": 5,"Workers": [],"Plans": [{"Node Type": "Seq Scan","Parent Relationship": "Outer","Parallel Aware": true,"Async Capable": false,"Relation Name": "lineitem","Alias": "lineitem","Startup Cost": 0.00,"Total Cost": 146259.83,"Plan Rows": 28614,"Plan Width": 12,"Actual Startup Time": 0.079,"Actual Total Time": 296.073,"Actual Rows": 22859,"Actual Loops": 5,"Filter": "((l_shipdate >= '1996-01-01'::date) AND (l_shipdate < '1997-01-01 00:00:00'::timestamp without time zone) AND (l_discount >= 0.04) AND (l_discount <= 0.06) AND (l_quantity < '24'::numeric))","Rows Removed by Filter": 1177384,"Workers": []}]}]}]},"Planning Time": 3.004,"Triggers": [],"Execution Time": 341.531}]
[{"Plan": {"Node Type": "Aggregate","Strategy": "Plain","Partial Mode": "Finalize","Parallel Aware": false,"Async Capable": false,"Startup Cost": 147402.84,"Total Cost": 147402.85,"Plan Rows": 1,"Plan Width": 32,"Actual Startup Time": 298.186,"Actual Total Time": 330.015,"Actual Rows": 1,"Actual Loops": 1,"Plans": [{"Node Type": "Gather","Parent Relationship": "Outer","Parallel Aware": false,"Async Capable": false,"Startup Cost": 147402.41,"Total Cost": 147402.82,"Plan Rows": 4,"Plan Width": 32,"Actual Startup Time": 297.975,"Actual Total Time": 329.991,"Actual Rows": 5,"Actual Loops": 1,"Workers Planned": 4,"Workers Launched": 4,"Single Copy": false,"Plans": [{"Node Type": "Aggregate","Strategy": "Plain","Partial Mode": "Partial","Parent Relationship": "Outer","Parallel Aware": false,"Async Capable": false,"Startup Cost": 146402.41,"Total Cost": 146402.42,"Plan Rows": 1,"Plan Width": 32,"Actual Startup Time": 291.387,"Actual Total Time": 291.388,"Actual Rows": 1,"Actual Loops": 5,"Workers": [],"Plans": [{"Node Type": "Seq Scan","Parent Relationship": "Outer","Parallel Aware": true,"Async Capable": false,"Relation Name": "lineitem","Alias": "lineitem","Startup Cost": 0.00,"Total Cost": 146259.83,"Plan Rows": 28515,"Plan Width": 12,"Actual Startup Time": 0.057,"Actual Total Time": 286.544,"Actual Rows": 22836,"Actual Loops": 5,"Filter": "((l_shipdate >= '1997-01-01'::date) AND (l_shipdate < '1998-01-01 00:00:00'::timestamp without time zone) AND (l_discount >= 0.07) AND (l_discount <= 0.09) AND (l_quantity < '24'::numeric))","Rows Removed by Filter": 1177407,"Workers": []}]}]}]},"Planning Time": 2.561,"Triggers": [],"Execution Time": 330.227}]
[{"Plan": {"Node Type": "Aggregate","Strategy": "Plain","Partial Mode": "Finalize","Parallel Aware": false,"Async Capable": false,"Startup Cost": 147401.97,"Total Cost": 147401.98,"Plan Rows": 1,"Plan Width": 32,"Actual Startup Time": 301.060,"Actual Total Time": 332.431,"Actual Rows": 1,"Actual Loops": 1,"Plans": [{"Node Type": "Gather","Parent Relationship": "Outer","Parallel Aware": false,"Async Capable": false,"Startup Cost": 147401.54,"Total Cost": 147401.95,"Plan Rows": 4,"Plan Width": 32,"Actual Startup Time": 300.837,"Actual Total Time": 332.404,"Actual Rows": 5,"Actual Loops": 1,"Workers Planned": 4,"Workers Launched": 4,"Single Copy": false,"Plans": [{"Node Type": "Aggregate","Strategy": "Plain","Partial Mode": "Partial","Parent Relationship": "Outer","Parallel Aware": false,"Async Capable": false,"Startup Cost": 146401.54,"Total Cost": 146401.55,"Plan Rows": 1,"Plan Width": 32,"Actual Startup Time": 294.645,"Actual Total Time": 294.646,"Actual Rows": 1,"Actual Loops": 5,"Workers": [],"Plans": [{"Node Type": "Seq Scan","Parent Relationship": "Outer","Parallel Aware": true,"Async Capable": false,"Relation Name": "lineitem","Alias": "lineitem","Startup Cost": 0.00,"Total Cost": 146259.83,"Plan Rows": 28340,"Plan Width": 12,"Actual Startup Time": 0.085,"Actual Total Time": 289.771,"Actual Rows": 22832,"Actual Loops": 5,"Filter": "((l_shipdate >= '1994-01-01'::date) AND (l_shipdate < '1995-01-01 00:00:00'::timestamp without time zone) AND (l_discount >= 0.05) AND (l_discount <= 0.07) AND (l_quantity < '24'::numeric))","Rows Removed by Filter": 1177411,"Workers": []}]}]}]},"Planning Time": 2.298,"Triggers": [],"Execution Time": 332.621}]
[{"Plan": {"Node Type": "Aggregate","Strategy": "Plain","Partial Mode": "Finalize","Parallel Aware": false,"Async Capable": false,"Startup Cost": 147404.26,"Total Cost": 147404.27,"Plan Rows": 1,"Plan Width": 32,"Actual Startup Time": 307.701,"Actual Total Time": 341.025,"Actual Rows": 1,"Actual Loops": 1,"Plans": [{"Node Type": "Gather","Parent Relationship": "Outer","Parallel Aware": false,"Async Capable": false,"Startup Cost": 147403.83,"Total Cost": 147404.24,"Plan Rows": 4,"Plan Width": 32,"Actual Startup Time": 307.548,"Actual Total Time": 340.986,"Actual Rows": 5,"Actual Loops": 1,"Workers Planned": 4,"Workers Launched": 4,"Single Copy": false,"Plans": [{"Node Type": "Aggregate","Strategy": "Plain","Partial Mode": "Partial","Parent Relationship": "Outer","Parallel Aware": false,"Async Capable": false,"Startup Cost": 146403.83,"Total Cost": 146403.84,"Plan Rows": 1,"Plan Width": 32,"Actual Startup Time": 300.209,"Actual Total Time": 300.210,"Actual Rows": 1,"Actual Loops": 5,"Workers": [],"Plans": [{"Node Type": "Seq Scan","Parent Relationship": "Outer","Parallel Aware": true,"Async Capable": false,"Relation Name": "lineitem","Alias": "lineitem","Startup Cost": 0.00,"Total Cost": 146259.83,"Plan Rows": 28799,"Plan Width": 12,"Actual Startup Time": 0.104,"Actual Total Time": 295.271,"Actual Rows": 22953,"Actual Loops": 5,"Filter": "((l_shipdate >= '1996-01-01'::date) AND (l_shipdate < '1997-01-01 00:00:00'::timestamp without time zone) AND (l_discount >= 0.01) AND (l_discount <= 0.03) AND (l_quantity < '24'::numeric))","Rows Removed by Filter": 1177290,"Workers": []}]}]}]},"Planning Time": 2.573,"Triggers": [],"Execution Time": 341.309}]
[{"Plan": {"Node Type": "Aggregate","Strategy": "Plain","Partial Mode": "Finalize","Parallel Aware": false,"Async Capable": false,"Startup Cost": 147403.40,"Total Cost": 147403.41,"Plan Rows": 1,"Plan Width": 32,"Actual Startup Time": 297.896,"Actual Total Time": 330.255,"Actual Rows": 1,"Actual Loops": 1,"Plans": [{"Node Type": "Gather","Parent Relationship": "Outer","Parallel Aware": false,"Async Capable": false,"Startup Cost": 147402.97,"Total Cost": 147403.38,"Plan Rows": 4,"Plan Width": 32,"Actual Startup Time": 297.700,"Actual Total Time": 330.225,"Actual Rows": 5,"Actual Loops": 1,"Workers Planned": 4,"Workers Launched": 4,"Single Copy": false,"Plans": [{"Node Type": "Aggregate","Strategy": "Plain","Partial Mode": "Partial","Parent Relationship": "Outer","Parallel Aware": false,"Async Capable": false,"Startup Cost": 146402.97,"Total Cost": 146402.98,"Plan Rows": 1,"Plan Width": 32,"Actual Startup Time": 290.911,"Actual Total Time": 290.913,"Actual Rows": 1,"Actual Loops": 5,"Workers": [],"Plans": [{"Node Type": "Seq Scan","Parent Relationship": "Outer","Parallel Aware": true,"Async Capable": false,"Relation Name": "lineitem","Alias": "lineitem","Startup Cost": 0.00,"Total Cost": 146259.83,"Plan Rows": 28627,"Plan Width": 12,"Actual Startup Time": 0.120,"Actual Total Time": 286.095,"Actual Rows": 22873,"Actual Loops": 5,"Filter": "((l_shipdate >= '1997-01-01'::date) AND (l_shipdate < '1998-01-01 00:00:00'::timestamp without time zone) AND (l_discount >= 0.04) AND (l_discount <= 0.06) AND (l_quantity < '24'::numeric))","Rows Removed by Filter": 1177370,"Workers": []}]}]}]},"Planning Time": 2.538,"Triggers": [],"Execution Time": 330.480}]
