[{"Plan": {"Node Type": "Aggregate","Strategy": "Plain","Partial Mode": "Finalize","Parallel Aware": false,"Async Capable": false,"Startup Cost": 33970.07,"Total Cost": 33970.08,"Plan Rows": 1,"Plan Width": 32,"Actual Startup Time": 82.105,"Actual Total Time": 97.111,"Actual Rows": 1,"Actual Loops": 1,"Plans": [{"Node Type": "Gather","Parent Relationship": "Outer","Parallel Aware": false,"Async Capable": false,"Startup Cost": 33969.84,"Total Cost": 33970.05,"Plan Rows": 2,"Plan Width": 32,"Actual Startup Time": 81.965,"Actual Total Time": 97.079,"Actual Rows": 3,"Actual Loops": 1,"Workers Planned": 2,"Workers Launched": 2,"Single Copy": false,"Plans": [{"Node Type": "Aggregate","Strategy": "Plain","Partial Mode": "Partial","Parent Relationship": "Outer","Parallel Aware": false,"Async Capable": false,"Startup Cost": 32969.84,"Total Cost": 32969.85,"Plan Rows": 1,"Plan Width": 32,"Actual Startup Time": 75.722,"Actual Total Time": 75.724,"Actual Rows": 1,"Actual Loops": 3,"Workers": [],"Plans": [{"Node Type": "Nested Loop","Parent Relationship": "Outer","Parallel Aware": false,"Async Capable": false,"Join Type": "Inner","Startup Cost": 0.43,"Total Cost": 32969.48,"Plan Rows": 48,"Plan Width": 12,"Actual Startup Time": 4.464,"Actual Total Time": 75.674,"Actual Rows": 37,"Actual Loops": 3,"Inner Unique": false,"Workers": [],"Plans": [{"Node Type": "Seq Scan","Parent Relationship": "Outer","Parallel Aware": true,"Async Capable": false,"Relation Name": "part","Alias": "part","Startup Cost": 0.00,"Total Cost": 7638.67,"Plan Rows": 206,"Plan Width": 30,"Actual Startup Time": 0.984,"Actual Total Time": 32.045,"Actual Rows": 163,"Actual Loops": 3,"Filter": "((p_size >= 1) AND (((p_brand = 'Brand#33'::bpchar) AND (p_container = ANY ('{\"SM CASE\",\"SM BOX\",\"SM PACK\",\"SM PKG\"}'::bpchar[])) AND (p_size <= 5)) OR ((p_brand = 'Brand#42'::bpchar) AND (p_container = ANY ('{\"MED BAG\",\"MED BOX\",\"MED PKG\",\"MED PACK\"}'::bpchar[])) AND (p_size <= 10)) OR ((p_brand = 'Brand#12'::bpchar) AND (p_container = ANY ('{\"LG CASE\",\"LG BOX\",\"LG PACK\",\"LG PKG\"}'::bpchar[])) AND (p_size <= 15))))","Rows Removed by Filter": 66503,"Workers": []},{"Node Type": "Index Scan","Parent Relationship": "Inner","Parallel Aware": false,"Async Capable": false,"Scan Direction": "Forward","Index Name": "idx_lineitem_part_supp","Relation Name": "lineitem","Alias": "lineitem","Startup Cost": 0.43,"Total Cost": 122.96,"Plan Rows": 1,"Plan Width": 21,"Actual Startup Time": 0.239,"Actual Total Time": 0.267,"Actual Rows": 0,"Actual Loops": 490,"Index Cond": "(l_partkey = part.p_partkey)","Rows Removed by Index Recheck": 0,"Filter": "((l_shipmode = ANY ('{AIR,\"AIR REG\"}'::bpchar[])) AND (l_shipinstruct = 'DELIVER IN PERSON'::bpchar) AND (((l_quantity >= '7'::numeric) AND (l_quantity <= '17'::numeric)) OR ((l_quantity >= '14'::numeric) AND (l_quantity <= '24'::numeric)) OR ((l_quantity >= '30'::numeric) AND (l_quantity <= '40'::numeric))) AND (((part.p_brand = 'Brand#33'::bpchar) AND (part.p_container = ANY ('{\"SM CASE\",\"SM BOX\",\"SM PACK\",\"SM PKG\"}'::bpchar[])) AND (l_quantity >= '7'::numeric) AND (l_quantity <= '17'::numeric) AND (part.p_size <= 5)) OR ((part.p_brand = 'Brand#42'::bpchar) AND (part.p_container = ANY ('{\"MED BAG\",\"MED BOX\",\"MED PKG\",\"MED PACK\"}'::bpchar[])) AND (l_quantity >= '14'::numeric) AND (l_quantity <= '24'::numeric) AND (part.p_size <= 10)) OR ((part.p_brand = 'Brand#12'::bpchar) AND (part.p_container = ANY ('{\"LG CASE\",\"LG BOX\",\"LG PACK\",\"LG PKG\"}'::bpchar[])) AND (l_quantity >= '30'::numeric) AND (l_quantity <= '40'::numeric) AND (part.p_size <= 15))))","Rows Removed by Filter": 30,"Workers": []}]}]}]}]},"Planning Time": 5.121,"Triggers": [],"Execution Time": 97.371}]
[{"Plan": {"Node Type": "Aggregate","Strategy": "Plain","Partial Mode": "Finalize","Parallel Aware": false,"Async Capable": false,"Startup Cost": 34086.95,"Total Cost": 34086.96,"Plan Rows": 1,"Plan Width": 32,"Actual Startup Time": 80.698,"Actual Total Time": 95.160,"Actual Rows": 1,"Actual Loops": 1,"Plans": [{"Node Type": "Gather","Parent Relationship": "Outer","Parallel Aware": false,"Async Capable": false,"Startup Cost": 34086.73,"Total Cost": 34086.94,"Plan Rows": 2,"Plan Width": 32,"Actual Startup Time": 80.653,"Actual Total Time": 95.119,"Actual Rows": 3,"Actual Loops": 1,"Workers Planned": 2,"Workers Launched": 2,"Single Copy": false,"Plans": [{"Node Type": "Aggregate","Strategy": "Plain","Partial Mode": "Partial","Parent Relationship": "Outer","Parallel Aware": false,"Async Capable": false,"Startup Cost": 33086.73,"Total Cost": 33086.74,"Plan Rows": 1,"Plan Width": 32,"Actual Startup Time": 74.265,"Actual Total Time": 74.268,"Actual Rows": 1,"Actual Loops": 3,"Workers": [],"Plans": [{"Node Type": "Nested Loop","Parent Relationship": "Outer","Parallel Aware": false,"Async Capable": false,"Join Type": "Inner","Startup Cost": 0.43,"Total Cost": 33086.37,"Plan Rows": 48,"Plan Width": 12,"Actual Startup Time": 1.600,"Actual Total Time": 74.226,"Actual Rows": 38,"Actual Loops": 3,"Inner Unique": false,"Workers": [],"Plans": [{"Node Type": "Seq Scan","Parent Relationship": "Outer","Parallel Aware": true,"Async Capable": false,"Relation Name": "part","Alias": "part","Startup Cost": 0.00,"Total Cost": 7638.67,"Plan Rows": 207,"Plan Width": 30,"Actual Startup Time": 0.444,"Actual Total Time": 31.269,"Actual Rows": 163,"Actual Loops": 3,"Filter": "((p_size >= 1) AND (((p_brand = 'Brand#12'::bpchar) AND (p_container = ANY ('{\"SM CASE\",\"SM BOX\",\"SM PACK\",\"SM PKG\"}'::bpchar[])) AND (p_size <= 5)) OR ((p_brand = 'Brand#41'::bpchar) AND (p_container = ANY ('{\"MED BAG\",\"MED BOX\",\"MED PKG\",\"MED PACK\"}'::bpchar[])) AND (p_size <= 10)) OR ((p_brand = 'Brand#45'::bpchar) AND (p_container = ANY ('{\"LG CASE\",\"LG BOX\",\"LG PACK\",\"LG PKG\"}'::bpchar[])) AND (p_size <= 15))))","Rows Removed by Filter": 66503,"Workers": []},{"Node Type": "Index Scan","Parent Relationship": "Inner","Parallel Aware": false,"Async Capable": false,"Scan Direction": "Forward","Index Name": "idx_lineitem_part_supp","Relation Name": "lineitem","Alias": "lineitem","Startup Cost": 0.43,"Total Cost": 122.93,"Plan Rows": 1,"Plan Width": 21,"Actual Startup Time": 0.231,"Actual Total Time": 0.263,"Actual Rows": 0,"Actual Loops": 490,"Index Cond": "(l_partkey = part.p_partkey)","Rows Removed by Index Recheck": 0,"Filter": "((l_shipmode = ANY ('{AIR,\"AIR REG\"}'::bpchar[])) AND (l_shipinstruct = 'DELIVER IN PERSON'::bpchar) AND (((l_quantity >= '5'::numeric) AND (l_quantity <= '15'::numeric)) OR ((l_quantity >= '12'::numeric) AND (l_quantity <= '22'::numeric)) OR ((l_quantity >= '20'::numeric) AND (l_quantity <= '30'::numeric))) AND (((part.p_brand = 'Brand#12'::bpchar) AND (part.p_container = ANY ('{\"SM CASE\",\"SM BOX\",\"SM PACK\",\"SM PKG\"}'::bpchar[])) AND (l_quantity >= '5'::numeric) AND (l_quantity <= '15'::numeric) AND (part.p_size <= 5)) OR ((part.p_brand = 'Brand#41'::bpchar) AND (part.p_container = ANY ('{\"MED BAG\",\"MED BOX\",\"MED PKG\",\"MED PACK\"}'::bpchar[])) AND (l_quantity >= '12'::numeric) AND (l_quantity <= '22'::numeric) AND (part.p_size <= 10)) OR ((part.p_brand = 'Brand#45'::bpchar) AND (part.p_container = ANY ('{\"LG CASE\",\"LG BOX\",\"LG PACK\",\"LG PKG\"}'::bpchar[])) AND (l_quantity >= '20'::numeric) AND (l_quantity <= '30'::numeric) AND (part.p_size <= 15))))","Rows Removed by Filter": 29,"Workers": []}]}]}]}]},"Planning Time": 5.642,"Triggers": [],"Execution Time": 95.357}]
[{"Plan": {"Node Type": "Aggregate","Strategy": "Plain","Partial Mode": "Finalize","Parallel Aware": false,"Async Capable": false,"Startup Cost": 33972.01,"Total Cost": 33972.02,"Plan Rows": 1,"Plan Width": 32,"Actual Startup Time": 88.861,"Actual Total Time": 104.323,"Actual Rows": 1,"Actual Loops": 1,"Plans": [{"Node Type": "Gather","Parent Relationship": "Outer","Parallel Aware": false,"Async Capable": false,"Startup Cost": 33971.78,"Total Cost": 33971.99,"Plan Rows": 2,"Plan Width": 32,"Actual Startup Time": 88.721,"Actual Total Time": 104.304,"Actual Rows": 3,"Actual Loops": 1,"Workers Planned": 2,"Workers Launched": 2,"Single Copy": false,"Plans": [{"Node Type": "Aggregate","Strategy": "Plain","Partial Mode": "Partial","Parent Relationship": "Outer","Parallel Aware": false,"Async Capable": false,"Startup Cost": 32971.78,"Total Cost": 32971.79,"Plan Rows": 1,"Plan Width": 32,"Actual Startup Time": 81.793,"Actual Total Time": 81.795,"Actual Rows": 1,"Actual Loops": 3,"Workers": [],"Plans": [{"Node Type": "Nested Loop","Parent Relationship": "Outer","Parallel Aware": false,"Async Capable": false,"Join Type": "Inner","Startup Cost": 0.43,"Total Cost": 32971.42,"Plan Rows": 48,"Plan Width": 12,"Actual Startup Time": 4.075,"Actual Total Time": 81.748,"Actual Rows": 44,"Actual Loops": 3,"Inner Unique": false,"Workers": [],"Plans": [{"Node Type": "Seq Scan","Parent Relationship": "Outer","Parallel Aware": true,"Async Capable": false,"Relation Name": "part","Alias": "part","Startup Cost": 0.00,"Total Cost": 7638.67,"Plan Rows": 206,"Plan Width": 30,"Actual Startup Time": 1.003,"Actual Total Time": 35.046,"Actual Rows": 171,"Actual Loops": 3,"Filter": "((p_size >= 1) AND (((p_brand = 'Brand#31'::bpchar) AND (p_container = ANY ('{\"SM CASE\",\"SM BOX\",\"SM PACK\",\"SM PKG\"}'::bpchar[])) AND (p_size <= 5)) OR ((p_brand = 'Brand#31'::bpchar) AND (p_container = ANY ('{\"MED BAG\",\"MED BOX\",\"MED PKG\",\"MED PACK\"}'::bpchar[])) AND (p_size <= 10)) OR ((p_brand = 'Brand#41'::bpchar) AND (p_container = ANY ('{\"LG CASE\",\"LG BOX\",\"LG PACK\",\"LG PKG\"}'::bpchar[])) AND (p_size <= 15))))","Rows Removed by Filter": 66496,"Workers": []},{"Node Type": "Index Scan","Parent Relationship": "Inner","Parallel Aware": false,"Async Capable": false,"Scan Direction": "Forward","Index Name": "idx_lineitem_part_supp","Relation Name": "lineitem","Alias": "lineitem","Startup Cost": 0.43,"Total Cost": 122.96,"Plan Rows": 1,"Plan Width": 21,"Actual Startup Time": 0.240,"Actual Total Time": 0.273,"Actual Rows": 0,"Actual Loops": 513,"Index Cond": "(l_partkey = part.p_partkey)","Rows Removed by Index Recheck": 0,"Filter": "((l_shipmode = ANY ('{AIR,\"AIR REG\"}'::bpchar[])) AND (l_shipinstruct = 'DELIVER IN PERSON'::bpchar) AND (((l_quantity >= '1'::numeric) AND (l_quantity <= '11'::numeric)) OR ((l_quantity >= '20'::numeric) AND (l_quantity <= '30'::numeric)) OR ((l_quantity >= '29'::numeric) AND (l_quantity <= '39'::numeric))) AND (((part.p_brand = 'Brand#31'::bpchar) AND (part.p_container = ANY ('{\"SM CASE\",\"SM BOX\",\"SM PACK\",\"SM PKG\"}'::bpchar[])) AND (l_quantity >= '1'::numeric) AND (l_quantity <= '11'::numeric) AND (part.p_size <= 5)) OR ((part.p_brand = 'Brand#31'::bpchar) AND (part.p_container = ANY ('{\"MED BAG\",\"MED BOX\",\"MED PKG\",\"MED PACK\"}'::bpchar[])) AND (l_quantity >= '20'::numeric) AND (l_quantity <= '30'::numeric) AND (part.p_size <= 10)) OR ((part.p_brand = 'Brand#41'::bpchar) AND (part.p_container = ANY ('{\"LG CASE\",\"LG BOX\",\"LG PACK\",\"LG PKG\"}'::bpchar[])) AND (l_quantity >= '29'::numeric) AND (l_quantity <= '39'::numeric) AND (part.p_size <= 15))))","Rows Removed by Filter": 29,"Workers": []}]}]}]}]},"Planning Time": 6.219,"Triggers": [],"Execution Time": 104.524}]
[{"Plan": {"Node Type": "Aggregate","Strategy": "Plain","Partial Mode": "Finalize","Parallel Aware": false,"Async Capable": false,"Startup Cost": 33278.99,"Total Cost": 33279.00,"Plan Rows": 1,"Plan Width": 32,"Actual Startup Time": 84.042,"Actual Total Time": 97.991,"Actual Rows": 1,"Actual Loops": 1,"Plans": [{"Node Type": "Gather","Parent Relationship": "Outer","Parallel Aware": false,"Async Capable": false,"Startup Cost": 33278.77,"Total Cost": 33278.98,"Plan Rows": 2,"Plan Width": 32,"Actual Startup Time": 83.670,"Actual Total Time": 97.967,"Actual Rows": 3,"Actual Loops": 1,"Workers Planned": 2,"Workers Launched": 2,"Single Copy": false,"Plans": [{"Node Type": "Aggregate","Strategy": "Plain","Partial Mode": "Partial","Parent Relationship": "Outer","Parallel Aware": false,"Async Capable": false,"Startup Cost": 32278.77,"Total Cost": 32278.78,"Plan Rows": 1,"Plan Width": 32,"Actual Startup Time": 77.469,"Actual Total Time": 77.472,"Actual Rows": 1,"Actual Loops": 3,"Workers": [],"Plans": [{"Node Type": "Nested Loop","Parent Relationship": "Outer","Parallel Aware": false,"Async Capable": false,"Join Type": "Inner","Startup Cost": 0.43,"Total Cost": 32278.41,"Plan Rows": 47,"Plan Width": 12,"Actual Startup Time": 7.523,"Actual Total Time": 77.427,"Actual Rows": 36,"Actual Loops": 3,"Inner Unique": false,"Workers": [],"Plans": [{"Node Type": "Seq Scan","Parent Relationship": "Outer","Parallel Aware": true,"Async Capable": false,"Relation Name": "part","Alias": "part","Startup Cost": 0.00,"Total Cost": 7638.67,"Plan Rows": 200,"Plan Width": 30,"Actual Startup Time": 0.293,"Actual Total Time": 33.612,"Actual Rows": 163,"Actual Loops": 3,"Filter": "((p_size >= 1) AND (((p_brand = 'Brand#33'::bpchar) AND (p_container = ANY ('{\"SM CASE\",\"SM BOX\",\"SM PACK\",\"SM PKG\"}'::bpchar[])) AND (p_size <= 5)) OR ((p_brand = 'Brand#22'::bpchar) AND (p_container = ANY ('{\"MED BAG\",\"MED BOX\",\"MED PKG\",\"MED PACK\"}'::bpchar[])) AND (p_size <= 10)) OR ((p_brand = 'Brand#32'::bpchar) AND (p_container = ANY ('{\"LG CASE\",\"LG BOX\",\"LG PACK\",\"LG PKG\"}'::bpchar[])) AND (p_size <= 15))))","Rows Removed by Filter": 66503,"Workers": []},{"Node Type": "Index Scan","Parent Relationship": "Inner","Parallel Aware": false,"Async Capable": false,"Scan Direction": "Forward","Index Name": "idx_lineitem_part_supp","Relation Name": "lineitem","Alias": "lineitem","Startup Cost": 0.43,"Total Cost": 123.19,"Plan Rows": 1,"Plan Width": 21,"Actual Startup Time": 0.243,"Actual Total Time": 0.268,"Actual Rows": 0,"Actual Loops": 490,"Index Cond": "(l_partkey = part.p_partkey)","Rows Removed by Index Recheck": 0,"Filter": "((l_shipmode = ANY ('{AIR,\"AIR REG\"}'::bpchar[])) AND (l_shipinstruct = 'DELIVER IN PERSON'::bpchar) AND (((l_quantity >= '2'::numeric) AND (l_quantity <= '12'::numeric)) OR ((l_quantity >= '15'::numeric) AND (l_quantity <= '25'::numeric)) OR ((l_quantity >= '20'::numeric) AND (l_quantity <= '30'::numeric))) AND (((part.p_brand = 'Brand#33'::bpchar) AND (part.p_container = ANY ('{\"SM CASE\",\"SM BOX\",\"SM PACK\",\"SM PKG\"}'::bpchar[])) AND (l_quantity >= '2'::numeric) AND (l_quantity <= '12'::numeric) AND (part.p_size <= 5)) OR ((part.p_brand = 'Brand#22'::bpchar) AND (part.p_container = ANY ('{\"MED BAG\",\"MED BOX\",\"MED PKG\",\"MED PACK\"}'::bpchar[])) AND (l_quantity >= '15'::numeric) AND (l_quantity <= '25'::numeric) AND (part.p_size <= 10)) OR ((part.p_brand = 'Brand#32'::bpchar) AND (part.p_container = ANY ('{\"LG CASE\",\"LG BOX\",\"LG PACK\",\"LG PKG\"}'::bpchar[])) AND (l_quantity >= '20'::numeric) AND (l_quantity <= '30'::numeric) AND (part.p_size <= 15))))","Rows Removed by Filter": 30,"Workers": []}]}]}]}]},"Planning Time": 4.841,"Triggers": [],"Execution Time": 98.179}]
[{"Plan": {"Node Type": "Aggregate","Strategy": "Plain","Partial Mode": "Finalize","Parallel Aware": false,"Async Capable": false,"Startup Cost": 33969.70,"Total Cost": 33969.71,"Plan Rows": 1,"Plan Width": 32,"Actual Startup Time": 89.132,"Actual Total Time": 105.012,"Actual Rows": 1,"Actual Loops": 1,"Plans": [{"Node Type": "Gather","Parent Relationship": "Outer","Parallel Aware": false,"Async Capable": false,"Startup Cost": 33969.48,"Total Cost": 33969.69,"Plan Rows": 2,"Plan Width": 32,"Actual Startup Time": 88.713,"Actual Total Time": 104.979,"Actual Rows": 3,"Actual Loops": 1,"Workers Planned": 2,"Workers Launched": 2,"Single Copy": false,"Plans": [{"Node Type": "Aggregate","Strategy": "Plain","Partial Mode": "Partial","Parent Relationship": "Outer","Parallel Aware": false,"Async Capable": false,"Startup Cost": 32969.48,"Total Cost": 32969.49,"Plan Rows": 1,"Plan Width": 32,"Actual Startup Time": 81.826,"Actual Total Time": 81.829,"Actual Rows": 1,"Actual Loops": 3,"Workers": [],"Plans": [{"Node Type": "Nested Loop","Parent Relationship": "Outer","Parallel Aware": false,"Async Capable": false,"Join Type": "Inner","Startup Cost": 0.43,"Total Cost": 32969.12,"Plan Rows": 48,"Plan Width": 12,"Actual Startup Time": 4.987,"Actual Total Time": 81.783,"Actual Rows": 39,"Actual Loops": 3,"Inner Unique": false,"Workers": [],"Plans": [{"Node Type": "Seq Scan","Parent Relationship": "Outer","Parallel Aware": true,"Async Capable": false,"Relation Name": "part","Alias": "part","Startup Cost": 0.00,"Total Cost": 7638.67,"Plan Rows": 206,"Plan Width": 30,"Actual Startup Time": 0.347,"Actual Total Time": 34.548,"Actual Rows": 174,"Actual Loops": 3,"Filter": "((p_size >= 1) AND (((p_brand = 'Brand#25'::bpchar) AND (p_container = ANY ('{\"SM CASE\",\"SM BOX\",\"SM PACK\",\"SM PKG\"}'::bpchar[])) AND (p_size <= 5)) OR ((p_brand = 'Brand#54'::bpchar) AND (p_container = ANY ('{\"MED BAG\",\"MED BOX\",\"MED PKG\",\"MED PACK\"}'::bpchar[])) AND (p_size <= 10)) OR ((p_brand = 'Brand#33'::bpchar) AND (p_container = ANY ('{\"LG CASE\",\"LG BOX\",\"LG PACK\",\"LG PKG\"}'::bpchar[])) AND (p_size <= 15))))","Rows Removed by Filter": 66493,"Workers": []},{"Node Type": "Index Scan","Parent Relationship": "Inner","Parallel Aware": false,"Async Capable": false,"Scan Direction": "Forward","Index Name": "idx_lineitem_part_supp","Relation Name": "lineitem","Alias": "lineitem","Startup Cost": 0.43,"Total Cost": 122.95,"Plan Rows": 1,"Plan Width": 21,"Actual Startup Time": 0.245,"Actual Total Time": 0.271,"Actual Rows": 0,"Actual Loops": 522,"Index Cond": "(l_partkey = part.p_partkey)","Rows Removed by Index Recheck": 0,"Filter": "((l_shipmode = ANY ('{AIR,\"AIR REG\"}'::bpchar[])) AND (l_shipinstruct = 'DELIVER IN PERSON'::bpchar) AND (((l_quantity >= '10'::numeric) AND (l_quantity <= '20'::numeric)) OR ((l_quantity >= '11'::numeric) AND (l_quantity <= '21'::numeric)) OR ((l_quantity >= '26'::numeric) AND (l_quantity <= '36'::numeric))) AND (((part.p_brand = 'Brand#25'::bpchar) AND (part.p_container = ANY ('{\"SM CASE\",\"SM BOX\",\"SM PACK\",\"SM PKG\"}'::bpchar[])) AND (l_quantity >= '10'::numeric) AND (l_quantity <= '20'::numeric) AND (part.p_size <= 5)) OR ((part.p_brand = 'Brand#54'::bpchar) AND (part.p_container = ANY ('{\"MED BAG\",\"MED BOX\",\"MED PKG\",\"MED PACK\"}'::bpchar[])) AND (l_quantity >= '11'::numeric) AND (l_quantity <= '21'::numeric) AND (part.p_size <= 10)) OR ((part.p_brand = 'Brand#33'::bpchar) AND (part.p_container = ANY ('{\"LG CASE\",\"LG BOX\",\"LG PACK\",\"LG PKG\"}'::bpchar[])) AND (l_quantity >= '26'::numeric) AND (l_quantity <= '36'::numeric) AND (part.p_size <= 15))))","Rows Removed by Filter": 30,"Workers": []}]}]}]}]},"Planning Time": 6.723,"Triggers": [],"Execution Time": 105.239}]
[{"Plan": {"Node Type": "Aggregate","Strategy": "Plain","Partial Mode": "Finalize","Parallel Aware": false,"Async Capable": false,"Startup Cost": 33509.09,"Total Cost": 33509.10,"Plan Rows": 1,"Plan Width": 32,"Actual Startup Time": 88.647,"Actual Total Time": 103.845,"Actual Rows": 1,"Actual Loops": 1,"Plans": [{"Node Type": "Gather","Parent Relationship": "Outer","Parallel Aware": false,"Async Capable": false,"Startup Cost": 33508.87,"Total Cost": 33509.08,"Plan Rows": 2,"Plan Width": 32,"Actual Startup Time": 88.487,"Actual Total Time": 103.821,"Actual Rows": 3,"Actual Loops": 1,"Workers Planned": 2,"Workers Launched": 2,"Single Copy": false,"Plans": [{"Node Type": "Aggregate","Strategy": "Plain","Partial Mode": "Partial","Parent Relationship": "Outer","Parallel Aware": false,"Async Capable": false,"Startup Cost": 32508.87,"Total Cost": 32508.88,"Plan Rows": 1,"Plan Width": 32,"Actual Startup Time": 81.686,"Actual Total Time": 81.687,"Actual Rows": 1,"Actual Loops": 3,"Workers": [],"Plans": [{"Node Type": "Nested Loop","Parent Relationship": "Outer","Parallel Aware": false,"Async Capable": false,"Join Type": "Inner","Startup Cost": 0.43,"Total Cost": 32508.51,"Plan Rows": 47,"Plan Width": 12,"Actual Startup Time": 1.958,"Actual Total Time": 81.639,"Actual Rows": 40,"Actual Loops": 3,"Inner Unique": false,"Workers": [],"Plans": [{"Node Type": "Seq Scan","Parent Relationship": "Outer","Parallel Aware": true,"Async Capable": false,"Relation Name": "part","Alias": "part","Startup Cost": 0.00,"Total Cost": 7638.67,"Plan Rows": 202,"Plan Width": 30,"Actual Startup Time": 0.352,"Actual Total Time": 34.958,"Actual Rows": 169,"Actual Loops": 3,"Filter": "((p_size >= 1) AND (((p_brand = 'Brand#14'::bpchar) AND (p_container = ANY ('{\"SM CASE\",\"SM BOX\",\"SM PACK\",\"SM PKG\"}'::bpchar[])) AND (p_size <= 5)) OR ((p_brand = 'Brand#35'::bpchar) AND (p_container = ANY ('{\"MED BAG\",\"MED BOX\",\"MED PKG\",\"MED PACK\"}'::bpchar[])) AND (p_size <= 10)) OR ((p_brand = 'Brand#12'::bpchar) AND (p_container = ANY ('{\"LG CASE\",\"LG BOX\",\"LG PACK\",\"LG PKG\"}'::bpchar[])) AND (p_size <= 15))))","Rows Removed by Filter": 66498,"Workers": []},{"Node Type": "Index Scan","Parent Relationship": "Inner","Parallel Aware": false,"Async Capable": false,"Scan Direction": "Forward","Index Name": "idx_lineitem_part_supp","Relation Name": "lineitem","Alias": "lineitem","Startup Cost": 0.43,"Total Cost": 123.11,"Plan Rows": 1,"Plan Width": 21,"Actual Startup Time": 0.246,"Actual Total Time": 0.276,"Actual Rows": 0,"Actual Loops": 507,"Index Cond": "(l_partkey = part.p_partkey)","Rows Removed by Index Recheck": 0,"Filter": "((l_shipmode = ANY ('{AIR,\"AIR REG\"}'::bpchar[])) AND (l_shipinstruct = 'DELIVER IN PERSON'::bpchar) AND (((l_quantity >= '5'::numeric) AND (l_quantity <= '15'::numeric)) OR ((l_quantity >= '14'::numeric) AND (l_quantity <= '24'::numeric)) OR ((l_quantity >= '23'::numeric) AND (l_quantity <= '33'::numeric))) AND (((part.p_brand = 'Brand#14'::bpchar) AND (part.p_container = ANY ('{\"SM CASE\",\"SM BOX\",\"SM PACK\",\"SM PKG\"}'::bpchar[])) AND (l_quantity >= '5'::numeric) AND (l_quantity <= '15'::numeric) AND (part.p_size <= 5)) OR ((part.p_brand = 'Brand#35'::bpchar) AND (part.p_container = ANY ('{\"MED BAG\",\"MED BOX\",\"MED PKG\",\"MED PACK\"}'::bpchar[])) AND (l_quantity >= '14'::numeric) AND (l_quantity <= '24'::numeric) AND (part.p_size <= 10)) OR ((part.p_brand = 'Brand#12'::bpchar) AND (part.p_container = ANY ('{\"LG CASE\",\"LG BOX\",\"LG PACK\",\"LG PKG\"}'::bpchar[])) AND (l_quantity >= '23'::numeric) AND (l_quantity <= '33'::numeric) AND (part.p_size <= 15))))","Rows Removed by Filter": 30,"Workers": []}]}]}]}]},"Planning Time": 5.626,"Triggers": [],"Execution Time": 104.000}]
[{"Plan": {"Node Type": "Aggregate","Strategy": "Plain","Partial Mode": "Finalize","Parallel Aware": false,"Async Capable": false,"Startup Cost": 33620.85,"Total Cost": 33620.86,"Plan Rows": 1,"Plan Width": 32,"Actual Startup Time": 81.561,"Actual Total Time": 96.117,"Actual Rows": 1,"Actual Loops": 1,"Plans": [{"Node Type": "Gather","Parent Relationship": "Outer","Parallel Aware": false,"Async Capable": false,"Startup Cost": 33620.63,"Total Cost": 33620.84,"Plan Rows": 2,"Plan Width": 32,"Actual Startup Time": 81.366,"Actual Total Time": 96.086,"Actual Rows": 3,"Actual Loops": 1,"Workers Planned": 2,"Workers Launched": 2,"Single Copy": false,"Plans": [{"Node Type": "Aggregate","Strategy": "Plain","Partial Mode": "Partial","Parent Relationship": "Outer","Parallel Aware": false,"Async Capable": false,"Startup Cost": 32620.63,"Total Cost": 32620.64,"Plan Rows": 1,"Plan Width": 32,"Actual Startup Time": 74.637,"Actual Total Time": 74.638,"Actual Rows": 1,"Actual Loops": 3,"Workers": [],"Plans": [{"Node Type": "Nested Loop","Parent Relationship": "Outer","Parallel Aware": false,"Async Capable": false,"Join Type": "Inner","Startup Cost": 0.43,"Total Cost": 32620.26,"Plan Rows": 48,"Plan Width": 12,"Actual Startup Time": 1.377,"Actual Total Time": 74.594,"Actual Rows": 40,"Actual Loops": 3,"Inner Unique": false,"Workers": [],"Plans": [{"Node Type": "Seq Scan","Parent Relationship": "Outer","Parallel Aware": true,"Async Capable": false,"Relation Name": "part","Alias": "part","Startup Cost": 0.00,"Total Cost": 7638.67,"Plan Rows": 203,"Plan Width": 30,"Actual Startup Time": 0.295,"Actual Total Time": 31.584,"Actual Rows": 165,"Actual Loops": 3,"Filter": "((p_size >= 1) AND (((p_brand = 'Brand#21'::bpchar) AND (p_container = ANY ('{\"SM CASE\",\"SM BOX\",\"SM PACK\",\"SM PKG\"}'::bpchar[])) AND (p_size <= 5)) OR ((p_brand = 'Brand#35'::bpchar) AND (p_container = ANY ('{\"MED BAG\",\"MED BOX\",\"MED PKG\",\"MED PACK\"}'::bpchar[])) AND (p_size <= 10)) OR ((p_brand = 'Brand#53'::bpchar) AND (p_container = ANY ('{\"LG CASE\",\"LG BOX\",\"LG PACK\",\"LG PKG\"}'::bpchar[])) AND (p_size <= 15))))","Rows Removed by Filter": 66502,"Workers": []},{"Node Type": "Index Scan","Parent Relationship": "Inner","Parallel Aware": false,"Async Capable": false,"Scan Direction": "Forward","Index Name": "idx_lineitem_part_supp","Relation Name": "lineitem","Alias": "lineitem","Startup Cost": 0.43,"Total Cost": 123.05,"Plan Rows": 1,"Plan Width": 21,"Actual Startup Time": 0.232,"Actual Total Time": 0.260,"Actual Rows": 0,"Actual Loops": 495,"Index Cond": "(l_partkey = part.p_partkey)","Rows Removed by Index Recheck": 0,"Filter": "((l_shipmode = ANY ('{AIR,\"AIR REG\"}'::bpchar[])) AND (l_shipinstruct = 'DELIVER IN PERSON'::bpchar) AND (((l_quantity >= '2'::numeric) AND (l_quantity <= '12'::numeric)) OR ((l_quantity >= '13'::numeric) AND (l_quantity <= '23'::numeric)) OR ((l_quantity >= '22'::numeric) AND (l_quantity <= '32'::numeric))) AND (((part.p_brand = 'Brand#21'::bpchar) AND (part.p_container = ANY ('{\"SM CASE\",\"SM BOX\",\"SM PACK\",\"SM PKG\"}'::bpchar[])) AND (l_quantity >= '2'::numeric) AND (l_quantity <= '12'::numeric) AND (part.p_size <= 5)) OR ((part.p_brand = 'Brand#35'::bpchar) AND (part.p_container = ANY ('{\"MED BAG\",\"MED BOX\",\"MED PKG\",\"MED PACK\"}'::bpchar[])) AND (l_quantity >= '13'::numeric) AND (l_quantity <= '23'::numeric) AND (part.p_size <= 10)) OR ((part.p_brand = 'Brand#53'::bpchar) AND (part.p_container = ANY ('{\"LG CASE\",\"LG BOX\",\"LG PACK\",\"LG PKG\"}'::bpchar[])) AND (l_quantity >= '22'::numeric) AND (l_quantity <= '32'::numeric) AND (part.p_size <= 15))))","Rows Removed by Filter": 30,"Workers": []}]}]}]}]},"Planning Time": 5.291,"Triggers": [],"Execution Time": 96.291}]
[{"Plan": {"Node Type": "Aggregate","Strategy": "Plain","Partial Mode": "Finalize","Parallel Aware": false,"Async Capable": false,"Startup Cost": 33274.39,"Total Cost": 33274.40,"Plan Rows": 1,"Plan Width": 32,"Actual Startup Time": 81.169,"Actual Total Time": 95.973,"Actual Rows": 1,"Actual Loops": 1,"Plans": [{"Node Type": "Gather","Parent Relationship": "Outer","Parallel Aware": false,"Async Capable": false,"Startup Cost": 33274.17,"Total Cost": 33274.38,"Plan Rows": 2,"Plan Width": 32,"Actual Startup Time": 80.933,"Actual Total Time": 95.947,"Actual Rows": 3,"Actual Loops": 1,"Workers Planned": 2,"Workers Launched": 2,"Single Copy": false,"Plans": [{"Node Type": "Aggregate","Strategy": "Plain","Partial Mode": "Partial","Parent Relationship": "Outer","Parallel Aware": false,"Async Capable": false,"Startup Cost": 32274.17,"Total Cost": 32274.18,"Plan Rows": 1,"Plan Width": 32,"Actual Startup Time": 74.434,"Actual Total Time": 74.436,"Actual Rows": 1,"Actual Loops": 3,"Workers": [],"Plans": [{"Node Type": "Nested Loop","Parent Relationship": "Outer","Parallel Aware": false,"Async Capable": false,"Join Type": "Inner","Startup Cost": 0.43,"Total Cost": 32273.82,"Plan Rows": 46,"Plan Width": 12,"Actual Startup Time": 6.479,"Actual Total Time": 74.390,"Actual Rows": 41,"Actual Loops": 3,"Inner Unique": false,"Workers": [],"Plans": [{"Node Type": "Seq Scan","Parent Relationship": "Outer","Parallel Aware": true,"Async Capable": false,"Relation Name": "part","Alias": "part","Startup Cost": 0.00,"Total Cost": 7638.67,"Plan Rows": 200,"Plan Width": 30,"Actual Startup Time": 0.672,"Actual Total Time": 31.118,"Actual Rows": 167,"Actual Loops": 3,"Filter": "((p_size >= 1) AND (((p_brand = 'Brand#14'::bpchar) AND (p_container = ANY ('{\"SM CASE\",\"SM BOX\",\"SM PACK\",\"SM PKG\"}'::bpchar[])) AND (p_size <= 5)) OR ((p_brand = 'Brand#25'::bpchar) AND (p_container = ANY ('{\"MED BAG\",\"MED BOX\",\"MED PKG\",\"MED PACK\"}'::bpchar[])) AND (p_size <= 10)) OR ((p_brand = 'Brand#22'::bpchar) AND (p_container = ANY ('{\"LG CASE\",\"LG BOX\",\"LG PACK\",\"LG PKG\"}'::bpchar[])) AND (p_size <= 15))))","Rows Removed by Filter": 66499,"Workers": []},{"Node Type": "Index Scan","Parent Relationship": "Inner","Parallel Aware": false,"Async Capable": false,"Scan Direction": "Forward","Index Name": "idx_lineitem_part_supp","Relation Name": "lineitem","Alias": "lineitem","Startup Cost": 0.43,"Total Cost": 123.17,"Plan Rows": 1,"Plan Width": 21,"Actual Startup Time": 0.231,"Actual Total Time": 0.258,"Actual Rows": 0,"Actual Loops": 502,"Index Cond": "(l_partkey = part.p_partkey)","Rows Removed by Index Recheck": 0,"Filter": "((l_shipmode = ANY ('{AIR,\"AIR REG\"}'::bpchar[])) AND (l_shipinstruct = 'DELIVER IN PERSON'::bpchar) AND (((l_quantity >= '8'::numeric) AND (l_quantity <= '18'::numeric)) OR ((l_quantity >= '19'::numeric) AND (l_quantity <= '29'::numeric)) OR ((l_quantity >= '28'::numeric) AND (l_quantity <= '38'::numeric))) AND (((part.p_brand = 'Brand#14'::bpchar) AND (part.p_container = ANY ('{\"SM CASE\",\"SM BOX\",\"SM PACK\",\"SM PKG\"}'::bpchar[])) AND (l_quantity >= '8'::numeric) AND (l_quantity <= '18'::numeric) AND (part.p_size <= 5)) OR ((part.p_brand = 'Brand#25'::bpchar) AND (part.p_container = ANY ('{\"MED BAG\",\"MED BOX\",\"MED PKG\",\"MED PACK\"}'::bpchar[])) AND (l_quantity >= '19'::numeric) AND (l_quantity <= '29'::numeric) AND (part.p_size <= 10)) OR ((part.p_brand = 'Brand#22'::bpchar) AND (part.p_container = ANY ('{\"LG CASE\",\"LG BOX\",\"LG PACK\",\"LG PKG\"}'::bpchar[])) AND (l_quantity >= '28'::numeric) AND (l_quantity <= '38'::numeric) AND (part.p_size <= 15))))","Rows Removed by Filter": 30,"Workers": []}]}]}]}]},"Planning Time": 6.084,"Triggers": [],"Execution Time": 96.172}]
[{"Plan": {"Node Type": "Aggregate","Strategy": "Plain","Partial Mode": "Finalize","Parallel Aware": false,"Async Capable": false,"Startup Cost": 33853.18,"Total Cost": 33853.19,"Plan Rows": 1,"Plan Width": 32,"Actual Startup Time": 86.539,"Actual Total Time": 102.121,"Actual Rows": 1,"Actual Loops": 1,"Plans": [{"Node Type": "Gather","Parent Relationship": "Outer","Parallel Aware": false,"Async Capable": false,"Startup Cost": 33852.96,"Total Cost": 33853.17,"Plan Rows": 2,"Plan Width": 32,"Actual Startup Time": 86.400,"Actual Total Time": 102.095,"Actual Rows": 3,"Actual Loops": 1,"Workers Planned": 2,"Workers Launched": 2,"Single Copy": false,"Plans": [{"Node Type": "Aggregate","Strategy": "Plain","Partial Mode": "Partial","Parent Relationship": "Outer","Parallel Aware": false,"Async Capable": false,"Startup Cost": 32852.96,"Total Cost": 32852.97,"Plan Rows": 1,"Plan Width": 32,"Actual Startup Time": 79.592,"Actual Total Time": 79.596,"Actual Rows": 1,"Actual Loops": 3,"Workers": [],"Plans": [{"Node Type": "Nested Loop","Parent Relationship": "Outer","Parallel Aware": false,"Async Capable": false,"Join Type": "Inner","Startup Cost": 0.43,"Total Cost": 32852.59,"Plan Rows": 48,"Plan Width": 12,"Actual Startup Time": 3.494,"Actual Total Time": 79.549,"Actual Rows": 44,"Actual Loops": 3,"Inner Unique": false,"Workers": [],"Plans": [{"Node Type": "Seq Scan","Parent Relationship": "Outer","Parallel Aware": true,"Async Capable": false,"Relation Name": "part","Alias": "part","Startup Cost": 0.00,"Total Cost": 7638.67,"Plan Rows": 205,"Plan Width": 30,"Actual Startup Time": 1.184,"Actual Total Time": 34.454,"Actual Rows": 167,"Actual Loops": 3,"Filter": "((p_size >= 1) AND (((p_brand = 'Brand#34'::bpchar) AND (p_container = ANY ('{\"SM CASE\",\"SM BOX\",\"SM PACK\",\"SM PKG\"}'::bpchar[])) AND (p_size <= 5)) OR ((p_brand = 'Brand#43'::bpchar) AND (p_container = ANY ('{\"MED BAG\",\"MED BOX\",\"MED PKG\",\"MED PACK\"}'::bpchar[])) AND (p_size <= 10)) OR ((p_brand = 'Brand#42'::bpchar) AND (p_container = ANY ('{\"LG CASE\",\"LG BOX\",\"LG PACK\",\"LG PKG\"}'::bpchar[])) AND (p_size <= 15))))","Rows Removed by Filter": 66500,"Workers": []},{"Node Type": "Index Scan","Parent Relationship": "Inner","Parallel Aware": false,"Async Capable": false,"Scan Direction": "Forward","Index Name": "idx_lineitem_part_supp","Relation Name": "lineitem","Alias": "lineitem","Startup Cost": 0.43,"Total Cost": 122.98,"Plan Rows": 1,"Plan Width": 21,"Actual Startup Time": 0.240,"Actual Total Time": 0.270,"Actual Rows": 0,"Actual Loops": 501,"Index Cond": "(l_partkey = part.p_partkey)","Rows Removed by Index Recheck": 0,"Filter": "((l_shipmode = ANY ('{AIR,\"AIR REG\"}'::bpchar[])) AND (l_shipinstruct = 'DELIVER IN PERSON'::bpchar) AND (((l_quantity >= '1'::numeric) AND (l_quantity <= '11'::numeric)) OR ((l_quantity >= '16'::numeric) AND (l_quantity <= '26'::numeric)) OR ((l_quantity >= '24'::numeric) AND (l_quantity <= '34'::numeric))) AND (((part.p_brand = 'Brand#34'::bpchar) AND (part.p_container = ANY ('{\"SM CASE\",\"SM BOX\",\"SM PACK\",\"SM PKG\"}'::bpchar[])) AND (l_quantity >= '1'::numeric) AND (l_quantity <= '11'::numeric) AND (part.p_size <= 5)) OR ((part.p_brand = 'Brand#43'::bpchar) AND (part.p_container = ANY ('{\"MED BAG\",\"MED BOX\",\"MED PKG\",\"MED PACK\"}'::bpchar[])) AND (l_quantity >= '16'::numeric) AND (l_quantity <= '26'::numeric) AND (part.p_size <= 10)) OR ((part.p_brand = 'Brand#42'::bpchar) AND (part.p_container = ANY ('{\"LG CASE\",\"LG BOX\",\"LG PACK\",\"LG PKG\"}'::bpchar[])) AND (l_quantity >= '24'::numeric) AND (l_quantity <= '34'::numeric) AND (part.p_size <= 15))))","Rows Removed by Filter": 30,"Workers": []}]}]}]}]},"Planning Time": 5.474,"Triggers": [],"Execution Time": 102.286}]
[{"Plan": {"Node Type": "Aggregate","Strategy": "Plain","Partial Mode": "Finalize","Parallel Aware": false,"Async Capable": false,"Startup Cost": 33509.50,"Total Cost": 33509.51,"Plan Rows": 1,"Plan Width": 32,"Actual Startup Time": 86.557,"Actual Total Time": 102.249,"Actual Rows": 1,"Actual Loops": 1,"Plans": [{"Node Type": "Gather","Parent Relationship": "Outer","Parallel Aware": false,"Async Capable": false,"Startup Cost": 33509.27,"Total Cost": 33509.48,"Plan Rows": 2,"Plan Width": 32,"Actual Startup Time": 86.180,"Actual Total Time": 102.228,"Actual Rows": 3,"Actual Loops": 1,"Workers Planned": 2,"Workers Launched": 2,"Single Copy": false,"Plans": [{"Node Type": "Aggregate","Strategy": "Plain","Partial Mode": "Partial","Parent Relationship": "Outer","Parallel Aware": false,"Async Capable": false,"Startup Cost": 32509.27,"Total Cost": 32509.28,"Plan Rows": 1,"Plan Width": 32,"Actual Startup Time": 80.064,"Actual Total Time": 80.066,"Actual Rows": 1,"Actual Loops": 3,"Workers": [],"Plans": [{"Node Type": "Nested Loop","Parent Relationship": "Outer","Parallel Aware": false,"Async Capable": false,"Join Type": "Inner","Startup Cost": 0.43,"Total Cost": 32508.92,"Plan Rows": 47,"Plan Width": 12,"Actual Startup Time": 7.187,"Actual Total Time": 80.027,"Actual Rows": 37,"Actual Loops": 3,"Inner Unique": false,"Workers": [],"Plans": [{"Node Type": "Seq Scan","Parent Relationship": "Outer","Parallel Aware": true,"Async Capable": false,"Relation Name": "part","Alias": "part","Startup Cost": 0.00,"Total Cost": 7638.67,"Plan Rows": 202,"Plan Width": 30,"Actual Startup Time": 0.338,"Actual Total Time": 35.108,"Actual Rows": 167,"Actual Loops": 3,"Filter": "((p_size >= 1) AND (((p_brand = 'Brand#33'::bpchar) AND (p_container = ANY ('{\"SM CASE\",\"SM BOX\",\"SM PACK\",\"SM PKG\"}'::bpchar[])) AND (p_size <= 5)) OR ((p_brand = 'Brand#15'::bpchar) AND (p_container = ANY ('{\"MED BAG\",\"MED BOX\",\"MED PKG\",\"MED PACK\"}'::bpchar[])) AND (p_size <= 10)) OR ((p_brand = 'Brand#32'::bpchar) AND (p_container = ANY ('{\"LG CASE\",\"LG BOX\",\"LG PACK\",\"LG PKG\"}'::bpchar[])) AND (p_size <= 15))))","Rows Removed by Filter": 66499,"Workers": []},{"Node Type": "Index Scan","Parent Relationship": "Inner","Parallel Aware": false,"Async Capable": false,"Scan Direction": "Forward","Index Name": "idx_lineitem_part_supp","Relation Name": "lineitem","Alias": "lineitem","Startup Cost": 0.43,"Total Cost": 123.11,"Plan Rows": 1,"Plan Width": 21,"Actual Startup Time": 0.242,"Actual Total Time": 0.268,"Actual Rows": 0,"Actual Loops": 502,"Index Cond": "(l_partkey = part.p_partkey)","Rows Removed by Index Recheck": 0,"Filter": "((l_shipmode = ANY ('{AIR,\"AIR REG\"}'::bpchar[])) AND (l_shipinstruct = 'DELIVER IN PERSON'::bpchar) AND (((l_quantity >= '1'::numeric) AND (l_quantity <= '11'::numeric)) OR ((l_quantity >= '15'::numeric) AND (l_quantity <= '25'::numeric)) OR ((l_quantity >= '25'::numeric) AND (l_quantity <= '35'::numeric))) AND (((part.p_brand = 'Brand#33'::bpchar) AND (part.p_container = ANY ('{\"SM CASE\",\"SM BOX\",\"SM PACK\",\"SM PKG\"}'::bpchar[])) AND (l_quantity >= '1'::numeric) AND (l_quantity <= '11'::numeric) AND (part.p_size <= 5)) OR ((part.p_brand = 'Brand#15'::bpchar) AND (part.p_container = ANY ('{\"MED BAG\",\"MED BOX\",\"MED PKG\",\"MED PACK\"}'::bpchar[])) AND (l_quantity >= '15'::numeric) AND (l_quantity <= '25'::numeric) AND (part.p_size <= 10)) OR ((part.p_brand = 'Brand#32'::bpchar) AND (part.p_container = ANY ('{\"LG CASE\",\"LG BOX\",\"LG PACK\",\"LG PKG\"}'::bpchar[])) AND (l_quantity >= '25'::numeric) AND (l_quantity <= '35'::numeric) AND (part.p_size <= 15))))","Rows Removed by Filter": 29,"Workers": []}]}]}]}]},"Planning Time": 6.301,"Triggers": [],"Execution Time": 102.488}]
[{"Plan": {"Node Type": "Aggregate","Strategy": "Plain","Partial Mode": "Finalize","Parallel Aware": false,"Async Capable": false,"Startup Cost": 33968.93,"Total Cost": 33968.94,"Plan Rows": 1,"Plan Width": 32,"Actual Startup Time": 86.650,"Actual Total Time": 101.318,"Actual Rows": 1,"Actual Loops": 1,"Plans": [{"Node Type": "Gather","Parent Relationship": "Outer","Parallel Aware": false,"Async Capable": false,"Startup Cost": 33968.70,"Total Cost": 33968.91,"Plan Rows": 2,"Plan Width": 32,"Actual Startup Time": 86.609,"Actual Total Time": 101.279,"Actual Rows": 3,"Actual Loops": 1,"Workers Planned": 2,"Workers Launched": 2,"Single Copy": false,"Plans": [{"Node Type": "Aggregate","Strategy": "Plain","Partial Mode": "Partial","Parent Relationship": "Outer","Parallel Aware": false,"Async Capable": false,"Startup Cost": 32968.70,"Total Cost": 32968.71,"Plan Rows": 1,"Plan Width": 32,"Actual Startup Time": 80.160,"Actual Total Time": 80.163,"Actual Rows": 1,"Actual Loops": 3,"Workers": [],"Plans": [{"Node Type": "Nested Loop","Parent Relationship": "Outer","Parallel Aware": false,"Async Capable": false,"Join Type": "Inner","Startup Cost": 0.43,"Total Cost": 32968.34,"Plan Rows": 48,"Plan Width": 12,"Actual Startup Time": 8.234,"Actual Total Time": 80.108,"Actual Rows": 39,"Actual Loops": 3,"Inner Unique": false,"Workers": [],"Plans": [{"Node Type": "Seq Scan","Parent Relationship": "Outer","Parallel Aware": true,"Async Capable": false,"Relation Name": "part","Alias": "part","Startup Cost": 0.00,"Total Cost": 7638.67,"Plan Rows": 206,"Plan Width": 30,"Actual Startup Time": 1.074,"Actual Total Time": 35.990,"Actual Rows": 159,"Actual Loops": 3,"Filter": "((p_size >= 1) AND (((p_brand = 'Brand#45'::bpchar) AND (p_container = ANY ('{\"SM CASE\",\"SM BOX\",\"SM PACK\",\"SM PKG\"}'::bpchar[])) AND (p_size <= 5)) OR ((p_brand = 'Brand#54'::bpchar) AND (p_container = ANY ('{\"MED BAG\",\"MED BOX\",\"MED PKG\",\"MED PACK\"}'::bpchar[])) AND (p_size <= 10)) OR ((p_brand = 'Brand#42'::bpchar) AND (p_container = ANY ('{\"LG CASE\",\"LG BOX\",\"LG PACK\",\"LG PKG\"}'::bpchar[])) AND (p_size <= 15))))","Rows Removed by Filter": 66508,"Workers": []},{"Node Type": "Index Scan","Parent Relationship": "Inner","Parallel Aware": false,"Async Capable": false,"Scan Direction": "Forward","Index Name": "idx_lineitem_part_supp","Relation Name": "lineitem","Alias": "lineitem","Startup Cost": 0.43,"Total Cost": 122.95,"Plan Rows": 1,"Plan Width": 21,"Actual Startup Time": 0.250,"Actual Total Time": 0.278,"Actual Rows": 0,"Actual Loops": 476,"Index Cond": "(l_partkey = part.p_partkey)","Rows Removed by Index Recheck": 0,"Filter": "((l_shipmode = ANY ('{AIR,\"AIR REG\"}'::bpchar[])) AND (l_shipinstruct = 'DELIVER IN PERSON'::bpchar) AND (((l_quantity >= '2'::numeric) AND (l_quantity <= '12'::numeric)) OR ((l_quantity >= '15'::numeric) AND (l_quantity <= '25'::numeric)) OR ((l_quantity >= '24'::numeric) AND (l_quantity <= '34'::numeric))) AND (((part.p_brand = 'Brand#45'::bpchar) AND (part.p_container = ANY ('{\"SM CASE\",\"SM BOX\",\"SM PACK\",\"SM PKG\"}'::bpchar[])) AND (l_quantity >= '2'::numeric) AND (l_quantity <= '12'::numeric) AND (part.p_size <= 5)) OR ((part.p_brand = 'Brand#54'::bpchar) AND (part.p_container = ANY ('{\"MED BAG\",\"MED BOX\",\"MED PKG\",\"MED PACK\"}'::bpchar[])) AND (l_quantity >= '15'::numeric) AND (l_quantity <= '25'::numeric) AND (part.p_size <= 10)) OR ((part.p_brand = 'Brand#42'::bpchar) AND (part.p_container = ANY ('{\"LG CASE\",\"LG BOX\",\"LG PACK\",\"LG PKG\"}'::bpchar[])) AND (l_quantity >= '24'::numeric) AND (l_quantity <= '34'::numeric) AND (part.p_size <= 15))))","Rows Removed by Filter": 30,"Workers": []}]}]}]}]},"Planning Time": 5.033,"Triggers": [],"Execution Time": 101.506}]
[{"Plan": {"Node Type": "Aggregate","Strategy": "Plain","Partial Mode": "Finalize","Parallel Aware": false,"Async Capable": false,"Startup Cost": 33737.60,"Total Cost": 33737.61,"Plan Rows": 1,"Plan Width": 32,"Actual Startup Time": 77.493,"Actual Total Time": 91.907,"Actual Rows": 1,"Actual Loops": 1,"Plans": [{"Node Type": "Gather","Parent Relationship": "Outer","Parallel Aware": false,"Async Capable": false,"Startup Cost": 33737.37,"Total Cost": 33737.58,"Plan Rows": 2,"Plan Width": 32,"Actual Startup Time": 77.290,"Actual Total Time": 91.885,"Actual Rows": 3,"Actual Loops": 1,"Workers Planned": 2,"Workers Launched": 2,"Single Copy": false,"Plans": [{"Node Type": "Aggregate","Strategy": "Plain","Partial Mode": "Partial","Parent Relationship": "Outer","Parallel Aware": false,"Async Capable": false,"Startup Cost": 32737.37,"Total Cost": 32737.38,"Plan Rows": 1,"Plan Width": 32,"Actual Startup Time": 70.755,"Actual Total Time": 70.756,"Actual Rows": 1,"Actual Loops": 3,"Workers": [],"Plans": [{"Node Type": "Nested Loop","Parent Relationship": "Outer","Parallel Aware": false,"Async Capable": false,"Join Type": "Inner","Startup Cost": 0.43,"Total Cost": 32737.01,"Plan Rows": 48,"Plan Width": 12,"Actual Startup Time": 3.127,"Actual Total Time": 70.717,"Actual Rows": 33,"Actual Loops": 3,"Inner Unique": false,"Workers": [],"Plans": [{"Node Type": "Seq Scan","Parent Relationship": "Outer","Parallel Aware": true,"Async Capable": false,"Relation Name": "part","Alias": "part","Startup Cost": 0.00,"Total Cost": 7638.67,"Plan Rows": 204,"Plan Width": 30,"Actual Startup Time": 0.391,"Actual Total Time": 30.862,"Actual Rows": 151,"Actual Loops": 3,"Filter": "((p_size >= 1) AND (((p_brand = 'Brand#11'::bpchar) AND (p_container = ANY ('{\"SM CASE\",\"SM BOX\",\"SM PACK\",\"SM PKG\"}'::bpchar[])) AND (p_size <= 5)) OR ((p_brand = 'Brand#14'::bpchar) AND (p_container = ANY ('{\"MED BAG\",\"MED BOX\",\"MED PKG\",\"MED PACK\"}'::bpchar[])) AND (p_size <= 10)) OR ((p_brand = 'Brand#14'::bpchar) AND (p_container = ANY ('{\"LG CASE\",\"LG BOX\",\"LG PACK\",\"LG PKG\"}'::bpchar[])) AND (p_size <= 15))))","Rows Removed by Filter": 66516,"Workers": []},{"Node Type": "Index Scan","Parent Relationship": "Inner","Parallel Aware": false,"Async Capable": false,"Scan Direction": "Forward","Index Name": "idx_lineitem_part_supp","Relation Name": "lineitem","Alias": "lineitem","Startup Cost": 0.43,"Total Cost": 123.02,"Plan Rows": 1,"Plan Width": 21,"Actual Startup Time": 0.236,"Actual Total Time": 0.264,"Actual Rows": 0,"Actual Loops": 452,"Index Cond": "(l_partkey = part.p_partkey)","Rows Removed by Index Recheck": 0,"Filter": "((l_shipmode = ANY ('{AIR,\"AIR REG\"}'::bpchar[])) AND (l_shipinstruct = 'DELIVER IN PERSON'::bpchar) AND (((l_quantity >= '8'::numeric) AND (l_quantity <= '18'::numeric)) OR ((l_quantity >= '17'::numeric) AND (l_quantity <= '27'::numeric)) OR ((l_quantity >= '23'::numeric) AND (l_quantity <= '33'::numeric))) AND (((part.p_brand = 'Brand#11'::bpchar) AND (part.p_container = ANY ('{\"SM CASE\",\"SM BOX\",\"SM PACK\",\"SM PKG\"}'::bpchar[])) AND (l_quantity >= '8'::numeric) AND (l_quantity <= '18'::numeric) AND (part.p_size <= 5)) OR ((part.p_brand = 'Brand#14'::bpchar) AND (part.p_container = ANY ('{\"MED BAG\",\"MED BOX\",\"MED PKG\",\"MED PACK\"}'::bpchar[])) AND (l_quantity >= '17'::numeric) AND (l_quantity <= '27'::numeric) AND (part.p_size <= 10)) OR ((part.p_brand = 'Brand#14'::bpchar) AND (part.p_container = ANY ('{\"LG CASE\",\"LG BOX\",\"LG PACK\",\"LG PKG\"}'::bpchar[])) AND (l_quantity >= '23'::numeric) AND (l_quantity <= '33'::numeric) AND (part.p_size <= 15))))","Rows Removed by Filter": 30,"Workers": []}]}]}]}]},"Planning Time": 5.235,"Triggers": [],"Execution Time": 92.081}]
[{"Plan": {"Node Type": "Aggregate","Strategy": "Plain","Partial Mode": "Finalize","Parallel Aware": false,"Async Capable": false,"Startup Cost": 34199.72,"Total Cost": 34199.73,"Plan Rows": 1,"Plan Width": 32,"Actual Startup Time": 81.675,"Actual Total Time": 96.118,"Actual Rows": 1,"Actual Loops": 1,"Plans": [{"Node Type": "Gather","Parent Relationship": "Outer","Parallel Aware": false,"Async Capable": false,"Startup Cost": 34199.49,"Total Cost": 34199.70,"Plan Rows": 2,"Plan Width": 32,"Actual Startup Time": 81.441,"Actual Total Time": 96.100,"Actual Rows": 3,"Actual Loops": 1,"Workers Planned": 2,"Workers Launched": 2,"Single Copy": false,"Plans": [{"Node Type": "Aggregate","Strategy": "Plain","Partial Mode": "Partial","Parent Relationship": "Outer","Parallel Aware": false,"Async Capable": false,"Startup Cost": 33199.49,"Total Cost": 33199.50,"Plan Rows": 1,"Plan Width": 32,"Actual Startup Time": 75.252,"Actual Total Time": 75.254,"Actual Rows": 1,"Actual Loops": 3,"Workers": [],"Plans": [{"Node Type": "Nested Loop","Parent Relationship": "Outer","Parallel Aware": false,"Async Capable": false,"Join Type": "Inner","Startup Cost": 0.43,"Total Cost": 33199.13,"Plan Rows": 48,"Plan Width": 12,"Actual Startup Time": 5.626,"Actual Total Time": 75.207,"Actual Rows": 40,"Actual Loops": 3,"Inner Unique": false,"Workers": [],"Plans": [{"Node Type": "Seq Scan","Parent Relationship": "Outer","Parallel Aware": true,"Async Capable": false,"Relation Name": "part","Alias": "part","Startup Cost": 0.00,"Total Cost": 7638.67,"Plan Rows": 208,"Plan Width": 30,"Actual Startup Time": 0.548,"Actual Total Time": 32.075,"Actual Rows": 164,"Actual Loops": 3,"Filter": "((p_size >= 1) AND (((p_brand = 'Brand#13'::bpchar) AND (p_container = ANY ('{\"SM CASE\",\"SM BOX\",\"SM PACK\",\"SM PKG\"}'::bpchar[])) AND (p_size <= 5)) OR ((p_brand = 'Brand#15'::bpchar) AND (p_container = ANY ('{\"MED BAG\",\"MED BOX\",\"MED PKG\",\"MED PACK\"}'::bpchar[])) AND (p_size <= 10)) OR ((p_brand = 'Brand#45'::bpchar) AND (p_container = ANY ('{\"LG CASE\",\"LG BOX\",\"LG PACK\",\"LG PKG\"}'::bpchar[])) AND (p_size <= 15))))","Rows Removed by Filter": 66503,"Workers": []},{"Node Type": "Index Scan","Parent Relationship": "Inner","Parallel Aware": false,"Async Capable": false,"Scan Direction": "Forward","Index Name": "idx_lineitem_part_supp","Relation Name": "lineitem","Alias": "lineitem","Startup Cost": 0.43,"Total Cost": 122.88,"Plan Rows": 1,"Plan Width": 21,"Actual Startup Time": 0.235,"Actual Total Time": 0.263,"Actual Rows": 0,"Actual Loops": 491,"Index Cond": "(l_partkey = part.p_partkey)","Rows Removed by Index Recheck": 0,"Filter": "((l_shipmode = ANY ('{AIR,\"AIR REG\"}'::bpchar[])) AND (l_shipinstruct = 'DELIVER IN PERSON'::bpchar) AND (((l_quantity >= '5'::numeric) AND (l_quantity <= '15'::numeric)) OR ((l_quantity >= '12'::numeric) AND (l_quantity <= '22'::numeric)) OR ((l_quantity >= '24'::numeric) AND (l_quantity <= '34'::numeric))) AND (((part.p_brand = 'Brand#13'::bpchar) AND (part.p_container = ANY ('{\"SM CASE\",\"SM BOX\",\"SM PACK\",\"SM PKG\"}'::bpchar[])) AND (l_quantity >= '5'::numeric) AND (l_quantity <= '15'::numeric) AND (part.p_size <= 5)) OR ((part.p_brand = 'Brand#15'::bpchar) AND (part.p_container = ANY ('{\"MED BAG\",\"MED BOX\",\"MED PKG\",\"MED PACK\"}'::bpchar[])) AND (l_quantity >= '12'::numeric) AND (l_quantity <= '22'::numeric) AND (part.p_size <= 10)) OR ((part.p_brand = 'Brand#45'::bpchar) AND (part.p_container = ANY ('{\"LG CASE\",\"LG BOX\",\"LG PACK\",\"LG PKG\"}'::bpchar[])) AND (l_quantity >= '24'::numeric) AND (l_quantity <= '34'::numeric) AND (part.p_size <= 15))))","Rows Removed by Filter": 30,"Workers": []}]}]}]}]},"Planning Time": 5.277,"Triggers": [],"Execution Time": 96.310}]
[{"Plan": {"Node Type": "Aggregate","Strategy": "Plain","Partial Mode": "Finalize","Parallel Aware": false,"Async Capable": false,"Startup Cost": 33620.29,"Total Cost": 33620.30,"Plan Rows": 1,"Plan Width": 32,"Actual Startup Time": 81.333,"Actual Total Time": 96.370,"Actual Rows": 1,"Actual Loops": 1,"Plans": [{"Node Type": "Gather","Parent Relationship": "Outer","Parallel Aware": false,"Async Capable": false,"Startup Cost": 33620.06,"Total Cost": 33620.27,"Plan Rows": 2,"Plan Width": 32,"Actual Startup Time": 80.980,"Actual Total Time": 96.345,"Actual Rows": 3,"Actual Loops": 1,"Workers Planned": 2,"Workers Launched": 2,"Single Copy": false,"Plans": [{"Node Type": "Aggregate","Strategy": "Plain","Partial Mode": "Partial","Parent Relationship": "Outer","Parallel Aware": false,"Async Capable": false,"Startup Cost": 32620.06,"Total Cost": 32620.07,"Plan Rows": 1,"Plan Width": 32,"Actual Startup Time": 74.914,"Actual Total Time": 74.916,"Actual Rows": 1,"Actual Loops": 3,"Workers": [],"Plans": [{"Node Type": "Nested Loop","Parent Relationship": "Outer","Parallel Aware": false,"Async Capable": false,"Join Type": "Inner","Startup Cost": 0.43,"Total Cost": 32619.71,"Plan Rows": 47,"Plan Width": 12,"Actual Startup Time": 4.302,"Actual Total Time": 74.871,"Actual Rows": 41,"Actual Loops": 3,"Inner Unique": false,"Workers": [],"Plans": [{"Node Type": "Seq Scan","Parent Relationship": "Outer","Parallel Aware": true,"Async Capable": false,"Relation Name": "part","Alias": "part","Startup Cost": 0.00,"Total Cost": 7638.67,"Plan Rows": 203,"Plan Width": 30,"Actual Startup Time": 0.541,"Actual Total Time": 31.193,"Actual Rows": 161,"Actual Loops": 3,"Filter": "((p_size >= 1) AND (((p_brand = 'Brand#31'::bpchar) AND (p_container = ANY ('{\"SM CASE\",\"SM BOX\",\"SM PACK\",\"SM PKG\"}'::bpchar[])) AND (p_size <= 5)) OR ((p_brand = 'Brand#25'::bpchar) AND (p_container = ANY ('{\"MED BAG\",\"MED BOX\",\"MED PKG\",\"MED PACK\"}'::bpchar[])) AND (p_size <= 10)) OR ((p_brand = 'Brand#15'::bpchar) AND (p_container = ANY ('{\"LG CASE\",\"LG BOX\",\"LG PACK\",\"LG PKG\"}'::bpchar[])) AND (p_size <= 15))))","Rows Removed by Filter": 66506,"Workers": []},{"Node Type": "Index Scan","Parent Relationship": "Inner","Parallel Aware": false,"Async Capable": false,"Scan Direction": "Forward","Index Name": "idx_lineitem_part_supp","Relation Name": "lineitem","Alias": "lineitem","Startup Cost": 0.43,"Total Cost": 123.05,"Plan Rows": 1,"Plan Width": 21,"Actual Startup Time": 0.240,"Actual Total Time": 0.271,"Actual Rows": 0,"Actual Loops": 483,"Index Cond": "(l_partkey = part.p_partkey)","Rows Removed by Index Recheck": 0,"Filter": "((l_shipmode = ANY ('{AIR,\"AIR REG\"}'::bpchar[])) AND (l_shipinstruct = 'DELIVER IN PERSON'::bpchar) AND (((l_quantity >= '1'::numeric) AND (l_quantity <= '11'::numeric)) OR ((l_quantity >= '17'::numeric) AND (l_quantity <= '27'::numeric)) OR ((l_quantity >= '22'::numeric) AND (l_quantity <= '32'::numeric))) AND (((part.p_brand = 'Brand#31'::bpchar) AND (part.p_container = ANY ('{\"SM CASE\",\"SM BOX\",\"SM PACK\",\"SM PKG\"}'::bpchar[])) AND (l_quantity >= '1'::numeric) AND (l_quantity <= '11'::numeric) AND (part.p_size <= 5)) OR ((part.p_brand = 'Brand#25'::bpchar) AND (part.p_container = ANY ('{\"MED BAG\",\"MED BOX\",\"MED PKG\",\"MED PACK\"}'::bpchar[])) AND (l_quantity >= '17'::numeric) AND (l_quantity <= '27'::numeric) AND (part.p_size <= 10)) OR ((part.p_brand = 'Brand#15'::bpchar) AND (part.p_container = ANY ('{\"LG CASE\",\"LG BOX\",\"LG PACK\",\"LG PKG\"}'::bpchar[])) AND (l_quantity >= '22'::numeric) AND (l_quantity <= '32'::numeric) AND (part.p_size <= 15))))","Rows Removed by Filter": 30,"Workers": []}]}]}]}]},"Planning Time": 5.635,"Triggers": [],"Execution Time": 96.637}]
[{"Plan": {"Node Type": "Aggregate","Strategy": "Plain","Partial Mode": "Finalize","Parallel Aware": false,"Async Capable": false,"Startup Cost": 33857.84,"Total Cost": 33857.85,"Plan Rows": 1,"Plan Width": 32,"Actual Startup Time": 79.190,"Actual Total Time": 93.645,"Actual Rows": 1,"Actual Loops": 1,"Plans": [{"Node Type": "Gather","Parent Relationship": "Outer","Parallel Aware": false,"Async Capable": false,"Startup Cost": 33857.62,"Total Cost": 33857.83,"Plan Rows": 2,"Plan Width": 32,"Actual Startup Time": 79.094,"Actual Total Time": 93.621,"Actual Rows": 3,"Actual Loops": 1,"Workers Planned": 2,"Workers Launched": 2,"Single Copy": false,"Plans": [{"Node Type": "Aggregate","Strategy": "Plain","Partial Mode": "Partial","Parent Relationship": "Outer","Parallel Aware": false,"Async Capable": false,"Startup Cost": 32857.62,"Total Cost": 32857.63,"Plan Rows": 1,"Plan Width": 32,"Actual Startup Time": 72.873,"Actual Total Time": 72.875,"Actual Rows": 1,"Actual Loops": 3,"Workers": [],"Plans": [{"Node Type": "Nested Loop","Parent Relationship": "Outer","Parallel Aware": false,"Async Capable": false,"Join Type": "Inner","Startup Cost": 0.43,"Total Cost": 32857.25,"Plan Rows": 48,"Plan Width": 12,"Actual Startup Time": 4.032,"Actual Total Time": 72.833,"Actual Rows": 44,"Actual Loops": 3,"Inner Unique": false,"Workers": [],"Plans": [{"Node Type": "Seq Scan","Parent Relationship": "Outer","Parallel Aware": true,"Async Capable": false,"Relation Name": "part","Alias": "part","Startup Cost": 0.00,"Total Cost": 7638.67,"Plan Rows": 205,"Plan Width": 30,"Actual Startup Time": 0.810,"Actual Total Time": 31.519,"Actual Rows": 154,"Actual Loops": 3,"Filter": "((p_size >= 1) AND (((p_brand = 'Brand#32'::bpchar) AND (p_container = ANY ('{\"SM CASE\",\"SM BOX\",\"SM PACK\",\"SM PKG\"}'::bpchar[])) AND (p_size <= 5)) OR ((p_brand = 'Brand#42'::bpchar) AND (p_container = ANY ('{\"MED BAG\",\"MED BOX\",\"MED PKG\",\"MED PACK\"}'::bpchar[])) AND (p_size <= 10)) OR ((p_brand = 'Brand#24'::bpchar) AND (p_container = ANY ('{\"LG CASE\",\"LG BOX\",\"LG PACK\",\"LG PKG\"}'::bpchar[])) AND (p_size <= 15))))","Rows Removed by Filter": 66513,"Workers": []},{"Node Type": "Index Scan","Parent Relationship": "Inner","Parallel Aware": false,"Async Capable": false,"Scan Direction": "Forward","Index Name": "idx_lineitem_part_supp","Relation Name": "lineitem","Alias": "lineitem","Startup Cost": 0.43,"Total Cost": 123.01,"Plan Rows": 1,"Plan Width": 21,"Actual Startup Time": 0.237,"Actual Total Time": 0.268,"Actual Rows": 0,"Actual Loops": 461,"Index Cond": "(l_partkey = part.p_partkey)","Rows Removed by Index Recheck": 0,"Filter": "((l_shipmode = ANY ('{AIR,\"AIR REG\"}'::bpchar[])) AND (l_shipinstruct = 'DELIVER IN PERSON'::bpchar) AND (((l_quantity >= '9'::numeric) AND (l_quantity <= '19'::numeric)) OR ((l_quantity >= '12'::numeric) AND (l_quantity <= '22'::numeric)) OR ((l_quantity >= '24'::numeric) AND (l_quantity <= '34'::numeric))) AND (((part.p_brand = 'Brand#32'::bpchar) AND (part.p_container = ANY ('{\"SM CASE\",\"SM BOX\",\"SM PACK\",\"SM PKG\"}'::bpchar[])) AND (l_quantity >= '9'::numeric) AND (l_quantity <= '19'::numeric) AND (part.p_size <= 5)) OR ((part.p_brand = 'Brand#42'::bpchar) AND (part.p_container = ANY ('{\"MED BAG\",\"MED BOX\",\"MED PKG\",\"MED PACK\"}'::bpchar[])) AND (l_quantity >= '12'::numeric) AND (l_quantity <= '22'::numeric) AND (part.p_size <= 10)) OR ((part.p_brand = 'Brand#24'::bpchar) AND (part.p_container = ANY ('{\"LG CASE\",\"LG BOX\",\"LG PACK\",\"LG PKG\"}'::bpchar[])) AND (l_quantity >= '24'::numeric) AND (l_quantity <= '34'::numeric) AND (part.p_size <= 15))))","Rows Removed by Filter": 30,"Workers": []}]}]}]}]},"Planning Time": 4.957,"Triggers": [],"Execution Time": 93.861}]
[{"Plan": {"Node Type": "Aggregate","Strategy": "Plain","Partial Mode": "Finalize","Parallel Aware": false,"Async Capable": false,"Startup Cost": 33394.48,"Total Cost": 33394.49,"Plan Rows": 1,"Plan Width": 32,"Actual Startup Time": 87.661,"Actual Total Time": 104.486,"Actual Rows": 1,"Actual Loops": 1,"Plans": [{"Node Type": "Gather","Parent Relationship": "Outer","Parallel Aware": false,"Async Capable": false,"Startup Cost": 33394.26,"Total Cost": 33394.47,"Plan Rows": 2,"Plan Width": 32,"Actual Startup Time": 87.240,"Actual Total Time": 104.460,"Actual Rows": 3,"Actual Loops": 1,"Workers Planned": 2,"Workers Launched": 2,"Single Copy": false,"Plans": [{"Node Type": "Aggregate","Strategy": "Plain","Partial Mode": "Partial","Parent Relationship": "Outer","Parallel Aware": false,"Async Capable": false,"Startup Cost": 32394.26,"Total Cost": 32394.27,"Plan Rows": 1,"Plan Width": 32,"Actual Startup Time": 81.040,"Actual Total Time": 81.043,"Actual Rows": 1,"Actual Loops": 3,"Workers": [],"Plans": [{"Node Type": "Nested Loop","Parent Relationship": "Outer","Parallel Aware": false,"Async Capable": false,"Join Type": "Inner","Startup Cost": 0.43,"Total Cost": 32393.91,"Plan Rows": 47,"Plan Width": 12,"Actual Startup Time": 4.864,"Actual Total Time": 81.007,"Actual Rows": 41,"Actual Loops": 3,"Inner Unique": false,"Workers": [],"Plans": [{"Node Type": "Seq Scan","Parent Relationship": "Outer","Parallel Aware": true,"Async Capable": false,"Relation Name": "part","Alias": "part","Startup Cost": 0.00,"Total Cost": 7638.67,"Plan Rows": 201,"Plan Width": 30,"Actual Startup Time": 0.699,"Actual Total Time": 35.141,"Actual Rows": 164,"Actual Loops": 3,"Filter": "((p_size >= 1) AND (((p_brand = 'Brand#43'::bpchar) AND (p_container = ANY ('{\"SM CASE\",\"SM BOX\",\"SM PACK\",\"SM PKG\"}'::bpchar[])) AND (p_size <= 5)) OR ((p_brand = 'Brand#25'::bpchar) AND (p_container = ANY ('{\"MED BAG\",\"MED BOX\",\"MED PKG\",\"MED PACK\"}'::bpchar[])) AND (p_size <= 10)) OR ((p_brand = 'Brand#41'::bpchar) AND (p_container = ANY ('{\"LG CASE\",\"LG BOX\",\"LG PACK\",\"LG PKG\"}'::bpchar[])) AND (p_size <= 15))))","Rows Removed by Filter": 66502,"Workers": []},{"Node Type": "Index Scan","Parent Relationship": "Inner","Parallel Aware": false,"Async Capable": false,"Scan Direction": "Forward","Index Name": "idx_lineitem_part_supp","Relation Name": "lineitem","Alias": "lineitem","Startup Cost": 0.43,"Total Cost": 123.15,"Plan Rows": 1,"Plan Width": 21,"Actual Startup Time": 0.247,"Actual Total Time": 0.279,"Actual Rows": 0,"Actual Loops": 493,"Index Cond": "(l_partkey = part.p_partkey)","Rows Removed by Index Recheck": 0,"Filter": "((l_shipmode = ANY ('{AIR,\"AIR REG\"}'::bpchar[])) AND (l_shipinstruct = 'DELIVER IN PERSON'::bpchar) AND (((l_quantity >= '2'::numeric) AND (l_quantity <= '12'::numeric)) OR ((l_quantity >= '16'::numeric) AND (l_quantity <= '26'::numeric)) OR ((l_quantity >= '25'::numeric) AND (l_quantity <= '35'::numeric))) AND (((part.p_brand = 'Brand#43'::bpchar) AND (part.p_container = ANY ('{\"SM CASE\",\"SM BOX\",\"SM PACK\",\"SM PKG\"}'::bpchar[])) AND (l_quantity >= '2'::numeric) AND (l_quantity <= '12'::numeric) AND (part.p_size <= 5)) OR ((part.p_brand = 'Brand#25'::bpchar) AND (part.p_container = ANY ('{\"MED BAG\",\"MED BOX\",\"MED PKG\",\"MED PACK\"}'::bpchar[])) AND (l_quantity >= '16'::numeric) AND (l_quantity <= '26'::numeric) AND (part.p_size <= 10)) OR ((part.p_brand = 'Brand#41'::bpchar) AND (part.p_container = ANY ('{\"LG CASE\",\"LG BOX\",\"LG PACK\",\"LG PKG\"}'::bpchar[])) AND (l_quantity >= '25'::numeric) AND (l_quantity <= '35'::numeric) AND (part.p_size <= 15))))","Rows Removed by Filter": 30,"Workers": []}]}]}]}]},"Planning Time": 6.152,"Triggers": [],"Execution Time": 104.648}]
[{"Plan": {"Node Type": "Aggregate","Strategy": "Plain","Partial Mode": "Finalize","Parallel Aware": false,"Async Capable": false,"Startup Cost": 32933.03,"Total Cost": 32933.04,"Plan Rows": 1,"Plan Width": 32,"Actual Startup Time": 90.247,"Actual Total Time": 105.747,"Actual Rows": 1,"Actual Loops": 1,"Plans": [{"Node Type": "Gather","Parent Relationship": "Outer","Parallel Aware": false,"Async Capable": false,"Startup Cost": 32932.80,"Total Cost": 32933.01,"Plan Rows": 2,"Plan Width": 32,"Actual Startup Time": 89.790,"Actual Total Time": 105.712,"Actual Rows": 3,"Actual Loops": 1,"Workers Planned": 2,"Workers Launched": 2,"Single Copy": false,"Plans": [{"Node Type": "Aggregate","Strategy": "Plain","Partial Mode": "Partial","Parent Relationship": "Outer","Parallel Aware": false,"Async Capable": false,"Startup Cost": 31932.80,"Total Cost": 31932.81,"Plan Rows": 1,"Plan Width": 32,"Actual Startup Time": 82.925,"Actual Total Time": 82.927,"Actual Rows": 1,"Actual Loops": 3,"Workers": [],"Plans": [{"Node Type": "Nested Loop","Parent Relationship": "Outer","Parallel Aware": false,"Async Capable": false,"Join Type": "Inner","Startup Cost": 0.43,"Total Cost": 31932.46,"Plan Rows": 46,"Plan Width": 12,"Actual Startup Time": 4.087,"Actual Total Time": 82.871,"Actual Rows": 39,"Actual Loops": 3,"Inner Unique": false,"Workers": [],"Plans": [{"Node Type": "Seq Scan","Parent Relationship": "Outer","Parallel Aware": true,"Async Capable": false,"Relation Name": "part","Alias": "part","Startup Cost": 0.00,"Total Cost": 7638.67,"Plan Rows": 197,"Plan Width": 30,"Actual Startup Time": 0.121,"Actual Total Time": 35.218,"Actual Rows": 171,"Actual Loops": 3,"Filter": "((p_size >= 1) AND (((p_brand = 'Brand#25'::bpchar) AND (p_container = ANY ('{\"SM CASE\",\"SM BOX\",\"SM PACK\",\"SM PKG\"}'::bpchar[])) AND (p_size <= 5)) OR ((p_brand = 'Brand#32'::bpchar) AND (p_container = ANY ('{\"MED BAG\",\"MED BOX\",\"MED PKG\",\"MED PACK\"}'::bpchar[])) AND (p_size <= 10)) OR ((p_brand = 'Brand#12'::bpchar) AND (p_container = ANY ('{\"LG CASE\",\"LG BOX\",\"LG PACK\",\"LG PKG\"}'::bpchar[])) AND (p_size <= 15))))","Rows Removed by Filter": 66496,"Workers": []},{"Node Type": "Index Scan","Parent Relationship": "Inner","Parallel Aware": false,"Async Capable": false,"Scan Direction": "Forward","Index Name": "idx_lineitem_part_supp","Relation Name": "lineitem","Alias": "lineitem","Startup Cost": 0.43,"Total Cost": 123.31,"Plan Rows": 1,"Plan Width": 21,"Actual Startup Time": 0.249,"Actual Total Time": 0.279,"Actual Rows": 0,"Actual Loops": 512,"Index Cond": "(l_partkey = part.p_partkey)","Rows Removed by Index Recheck": 0,"Filter": "((l_shipmode = ANY ('{AIR,\"AIR REG\"}'::bpchar[])) AND (l_shipinstruct = 'DELIVER IN PERSON'::bpchar) AND (((l_quantity >= '9'::numeric) AND (l_quantity <= '19'::numeric)) OR ((l_quantity >= '13'::numeric) AND (l_quantity <= '23'::numeric)) OR ((l_quantity >= '21'::numeric) AND (l_quantity <= '31'::numeric))) AND (((part.p_brand = 'Brand#25'::bpchar) AND (part.p_container = ANY ('{\"SM CASE\",\"SM BOX\",\"SM PACK\",\"SM PKG\"}'::bpchar[])) AND (l_quantity >= '9'::numeric) AND (l_quantity <= '19'::numeric) AND (part.p_size <= 5)) OR ((part.p_brand = 'Brand#32'::bpchar) AND (part.p_container = ANY ('{\"MED BAG\",\"MED BOX\",\"MED PKG\",\"MED PACK\"}'::bpchar[])) AND (l_quantity >= '13'::numeric) AND (l_quantity <= '23'::numeric) AND (part.p_size <= 10)) OR ((part.p_brand = 'Brand#12'::bpchar) AND (part.p_container = ANY ('{\"LG CASE\",\"LG BOX\",\"LG PACK\",\"LG PKG\"}'::bpchar[])) AND (l_quantity >= '21'::numeric) AND (l_quantity <= '31'::numeric) AND (part.p_size <= 15))))","Rows Removed by Filter": 30,"Workers": []}]}]}]}]},"Planning Time": 6.476,"Triggers": [],"Execution Time": 105.974}]
[{"Plan": {"Node Type": "Aggregate","Strategy": "Plain","Partial Mode": "Finalize","Parallel Aware": false,"Async Capable": false,"Startup Cost": 34200.84,"Total Cost": 34200.85,"Plan Rows": 1,"Plan Width": 32,"Actual Startup Time": 81.715,"Actual Total Time": 96.814,"Actual Rows": 1,"Actual Loops": 1,"Plans": [{"Node Type": "Gather","Parent Relationship": "Outer","Parallel Aware": false,"Async Capable": false,"Startup Cost": 34200.62,"Total Cost": 34200.83,"Plan Rows": 2,"Plan Width": 32,"Actual Startup Time": 81.663,"Actual Total Time": 96.778,"Actual Rows": 3,"Actual Loops": 1,"Workers Planned": 2,"Workers Launched": 2,"Single Copy": false,"Plans": [{"Node Type": "Aggregate","Strategy": "Plain","Partial Mode": "Partial","Parent Relationship": "Outer","Parallel Aware": false,"Async Capable": false,"Startup Cost": 33200.62,"Total Cost": 33200.63,"Plan Rows": 1,"Plan Width": 32,"Actual Startup Time": 75.429,"Actual Total Time": 75.434,"Actual Rows": 1,"Actual Loops": 3,"Workers": [],"Plans": [{"Node Type": "Nested Loop","Parent Relationship": "Outer","Parallel Aware": false,"Async Capable": false,"Join Type": "Inner","Startup Cost": 0.43,"Total Cost": 33200.26,"Plan Rows": 48,"Plan Width": 12,"Actual Startup Time": 5.783,"Actual Total Time": 75.383,"Actual Rows": 43,"Actual Loops": 3,"Inner Unique": false,"Workers": [],"Plans": [{"Node Type": "Seq Scan","Parent Relationship": "Outer","Parallel Aware": true,"Async Capable": false,"Relation Name": "part","Alias": "part","Startup Cost": 0.00,"Total Cost": 7638.67,"Plan Rows": 208,"Plan Width": 30,"Actual Startup Time": 0.409,"Actual Total Time": 31.903,"Actual Rows": 166,"Actual Loops": 3,"Filter": "((p_size >= 1) AND (((p_brand = 'Brand#33'::bpchar) AND (p_container = ANY ('{\"SM CASE\",\"SM BOX\",\"SM PACK\",\"SM PKG\"}'::bpchar[])) AND (p_size <= 5)) OR ((p_brand = 'Brand#34'::bpchar) AND (p_container = ANY ('{\"MED BAG\",\"MED BOX\",\"MED PKG\",\"MED PACK\"}'::bpchar[])) AND (p_size <= 10)) OR ((p_brand = 'Brand#15'::bpchar) AND (p_container = ANY ('{\"LG CASE\",\"LG BOX\",\"LG PACK\",\"LG PKG\"}'::bpchar[])) AND (p_size <= 15))))","Rows Removed by Filter": 66500,"Workers": []},{"Node Type": "Index Scan","Parent Relationship": "Inner","Parallel Aware": false,"Async Capable": false,"Scan Direction": "Forward","Index Name": "idx_lineitem_part_supp","Relation Name": "lineitem","Alias": "lineitem","Startup Cost": 0.43,"Total Cost": 122.88,"Plan Rows": 1,"Plan Width": 21,"Actual Startup Time": 0.231,"Actual Total Time": 0.261,"Actual Rows": 0,"Actual Loops": 499,"Index Cond": "(l_partkey = part.p_partkey)","Rows Removed by Index Recheck": 0,"Filter": "((l_shipmode = ANY ('{AIR,\"AIR REG\"}'::bpchar[])) AND (l_shipinstruct = 'DELIVER IN PERSON'::bpchar) AND (((l_quantity >= '2'::numeric) AND (l_quantity <= '12'::numeric)) OR ((l_quantity >= '11'::numeric) AND (l_quantity <= '21'::numeric)) OR ((l_quantity >= '23'::numeric) AND (l_quantity <= '33'::numeric))) AND (((part.p_brand = 'Brand#33'::bpchar) AND (part.p_container = ANY ('{\"SM CASE\",\"SM BOX\",\"SM PACK\",\"SM PKG\"}'::bpchar[])) AND (l_quantity >= '2'::numeric) AND (l_quantity <= '12'::numeric) AND (part.p_size <= 5)) OR ((part.p_brand = 'Brand#34'::bpchar) AND (part.p_container = ANY ('{\"MED BAG\",\"MED BOX\",\"MED PKG\",\"MED PACK\"}'::bpchar[])) AND (l_quantity >= '11'::numeric) AND (l_quantity <= '21'::numeric) AND (part.p_size <= 10)) OR ((part.p_brand = 'Brand#15'::bpchar) AND (part.p_container = ANY ('{\"LG CASE\",\"LG BOX\",\"LG PACK\",\"LG PKG\"}'::bpchar[])) AND (l_quantity >= '23'::numeric) AND (l_quantity <= '33'::numeric) AND (part.p_size <= 15))))","Rows Removed by Filter": 30,"Workers": []}]}]}]}]},"Planning Time": 6.852,"Triggers": [],"Execution Time": 96.960}]
[{"Plan": {"Node Type": "Aggregate","Strategy": "Plain","Partial Mode": "Finalize","Parallel Aware": false,"Async Capable": false,"Startup Cost": 33622.75,"Total Cost": 33622.76,"Plan Rows": 1,"Plan Width": 32,"Actual Startup Time": 91.525,"Actual Total Time": 107.285,"Actual Rows": 1,"Actual Loops": 1,"Plans": [{"Node Type": "Gather","Parent Relationship": "Outer","Parallel Aware": false,"Async Capable": false,"Startup Cost": 33622.53,"Total Cost": 33622.74,"Plan Rows": 2,"Plan Width": 32,"Actual Startup Time": 91.140,"Actual Total Time": 107.264,"Actual Rows": 3,"Actual Loops": 1,"Workers Planned": 2,"Workers Launched": 2,"Single Copy": false,"Plans": [{"Node Type": "Aggregate","Strategy": "Plain","Partial Mode": "Partial","Parent Relationship": "Outer","Parallel Aware": false,"Async Capable": false,"Startup Cost": 32622.53,"Total Cost": 32622.54,"Plan Rows": 1,"Plan Width": 32,"Actual Startup Time": 84.072,"Actual Total Time": 84.074,"Actual Rows": 1,"Actual Loops": 3,"Workers": [],"Plans": [{"Node Type": "Nested Loop","Parent Relationship": "Outer","Parallel Aware": false,"Async Capable": false,"Join Type": "Inner","Startup Cost": 0.43,"Total Cost": 32622.17,"Plan Rows": 48,"Plan Width": 12,"Actual Startup Time": 4.176,"Actual Total Time": 84.016,"Actual Rows": 38,"Actual Loops": 3,"Inner Unique": false,"Workers": [],"Plans": [{"Node Type": "Seq Scan","Parent Relationship": "Outer","Parallel Aware": true,"Async Capable": false,"Relation Name": "part","Alias": "part","Startup Cost": 0.00,"Total Cost": 7638.67,"Plan Rows": 203,"Plan Width": 30,"Actual Startup Time": 0.291,"Actual Total Time": 35.318,"Actual Rows": 173,"Actual Loops": 3,"Filter": "((p_size >= 1) AND (((p_brand = 'Brand#15'::bpchar) AND (p_container = ANY ('{\"SM CASE\",\"SM BOX\",\"SM PACK\",\"SM PKG\"}'::bpchar[])) AND (p_size <= 5)) OR ((p_brand = 'Brand#32'::bpchar) AND (p_container = ANY ('{\"MED BAG\",\"MED BOX\",\"MED PKG\",\"MED PACK\"}'::bpchar[])) AND (p_size <= 10)) OR ((p_brand = 'Brand#15'::bpchar) AND (p_container = ANY ('{\"LG CASE\",\"LG BOX\",\"LG PACK\",\"LG PKG\"}'::bpchar[])) AND (p_size <= 15))))","Rows Removed by Filter": 66494,"Workers": []},{"Node Type": "Index Scan","Parent Relationship": "Inner","Parallel Aware": false,"Async Capable": false,"Scan Direction": "Forward","Index Name": "idx_lineitem_part_supp","Relation Name": "lineitem","Alias": "lineitem","Startup Cost": 0.43,"Total Cost": 123.06,"Plan Rows": 1,"Plan Width": 21,"Actual Startup Time": 0.252,"Actual Total Time": 0.282,"Actual Rows": 0,"Actual Loops": 518,"Index Cond": "(l_partkey = part.p_partkey)","Rows Removed by Index Recheck": 0,"Filter": "((l_shipmode = ANY ('{AIR,\"AIR REG\"}'::bpchar[])) AND (l_shipinstruct = 'DELIVER IN PERSON'::bpchar) AND (((l_quantity >= '2'::numeric) AND (l_quantity <= '12'::numeric)) OR ((l_quantity >= '10'::numeric) AND (l_quantity <= '20'::numeric)) OR ((l_quantity >= '20'::numeric) AND (l_quantity <= '30'::numeric))) AND (((part.p_brand = 'Brand#15'::bpchar) AND (part.p_container = ANY ('{\"SM CASE\",\"SM BOX\",\"SM PACK\",\"SM PKG\"}'::bpchar[])) AND (l_quantity >= '2'::numeric) AND (l_quantity <= '12'::numeric) AND (part.p_size <= 5)) OR ((part.p_brand = 'Brand#32'::bpchar) AND (part.p_container = ANY ('{\"MED BAG\",\"MED BOX\",\"MED PKG\",\"MED PACK\"}'::bpchar[])) AND (l_quantity >= '10'::numeric) AND (l_quantity <= '20'::numeric) AND (part.p_size <= 10)) OR ((part.p_brand = 'Brand#15'::bpchar) AND (part.p_container = ANY ('{\"LG CASE\",\"LG BOX\",\"LG PACK\",\"LG PKG\"}'::bpchar[])) AND (l_quantity >= '20'::numeric) AND (l_quantity <= '30'::numeric) AND (part.p_size <= 15))))","Rows Removed by Filter": 30,"Workers": []}]}]}]}]},"Planning Time": 5.432,"Triggers": [],"Execution Time": 107.482}]
[{"Plan": {"Node Type": "Aggregate","Strategy": "Plain","Partial Mode": "Finalize","Parallel Aware": false,"Async Capable": false,"Startup Cost": 33160.12,"Total Cost": 33160.13,"Plan Rows": 1,"Plan Width": 32,"Actual Startup Time": 84.253,"Actual Total Time": 99.289,"Actual Rows": 1,"Actual Loops": 1,"Plans": [{"Node Type": "Gather","Parent Relationship": "Outer","Parallel Aware": false,"Async Capable": false,"Startup Cost": 33159.90,"Total Cost": 33160.11,"Plan Rows": 2,"Plan Width": 32,"Actual Startup Time": 83.995,"Actual Total Time": 99.249,"Actual Rows": 3,"Actual Loops": 1,"Workers Planned": 2,"Workers Launched": 2,"Single Copy": false,"Plans": [{"Node Type": "Aggregate","Strategy": "Plain","Partial Mode": "Partial","Parent Relationship": "Outer","Parallel Aware": false,"Async Capable": false,"Startup Cost": 32159.90,"Total Cost": 32159.91,"Plan Rows": 1,"Plan Width": 32,"Actual Startup Time": 77.263,"Actual Total Time": 77.266,"Actual Rows": 1,"Actual Loops": 3,"Workers": [],"Plans": [{"Node Type": "Nested Loop","Parent Relationship": "Outer","Parallel Aware": false,"Async Capable": false,"Join Type": "Inner","Startup Cost": 0.43,"Total Cost": 32159.55,"Plan Rows": 46,"Plan Width": 12,"Actual Startup Time": 5.117,"Actual Total Time": 77.223,"Actual Rows": 44,"Actual Loops": 3,"Inner Unique": false,"Workers": [],"Plans": [{"Node Type": "Seq Scan","Parent Relationship": "Outer","Parallel Aware": true,"Async Capable": false,"Relation Name": "part","Alias": "part","Startup Cost": 0.00,"Total Cost": 7638.67,"Plan Rows": 199,"Plan Width": 30,"Actual Startup Time": 0.442,"Actual Total Time": 33.977,"Actual Rows": 154,"Actual Loops": 3,"Filter": "((p_size >= 1) AND (((p_brand = 'Brand#23'::bpchar) AND (p_container = ANY ('{\"SM CASE\",\"SM BOX\",\"SM PACK\",\"SM PKG\"}'::bpchar[])) AND (p_size <= 5)) OR ((p_brand = 'Brand#42'::bpchar) AND (p_container = ANY ('{\"MED BAG\",\"MED BOX\",\"MED PKG\",\"MED PACK\"}'::bpchar[])) AND (p_size <= 10)) OR ((p_brand = 'Brand#32'::bpchar) AND (p_container = ANY ('{\"LG CASE\",\"LG BOX\",\"LG PACK\",\"LG PKG\"}'::bpchar[])) AND (p_size <= 15))))","Rows Removed by Filter": 66513,"Workers": []},{"Node Type": "Index Scan","Parent Relationship": "Inner","Parallel Aware": false,"Async Capable": false,"Scan Direction": "Forward","Index Name": "idx_lineitem_part_supp","Relation Name": "lineitem","Alias": "lineitem","Startup Cost": 0.43,"Total Cost": 123.21,"Plan Rows": 1,"Plan Width": 21,"Actual Startup Time": 0.243,"Actual Total Time": 0.280,"Actual Rows": 0,"Actual Loops": 462,"Index Cond": "(l_partkey = part.p_partkey)","Rows Removed by Index Recheck": 0,"Filter": "((l_shipmode = ANY ('{AIR,\"AIR REG\"}'::bpchar[])) AND (l_shipinstruct = 'DELIVER IN PERSON'::bpchar) AND (((l_quantity >= '3'::numeric) AND (l_quantity <= '13'::numeric)) OR ((l_quantity >= '17'::numeric) AND (l_quantity <= '27'::numeric)) OR ((l_quantity >= '27'::numeric) AND (l_quantity <= '37'::numeric))) AND (((part.p_brand = 'Brand#23'::bpchar) AND (part.p_container = ANY ('{\"SM CASE\",\"SM BOX\",\"SM PACK\",\"SM PKG\"}'::bpchar[])) AND (l_quantity >= '3'::numeric) AND (l_quantity <= '13'::numeric) AND (part.p_size <= 5)) OR ((part.p_brand = 'Brand#42'::bpchar) AND (part.p_container = ANY ('{\"MED BAG\",\"MED BOX\",\"MED PKG\",\"MED PACK\"}'::bpchar[])) AND (l_quantity >= '17'::numeric) AND (l_quantity <= '27'::numeric) AND (part.p_size <= 10)) OR ((part.p_brand = 'Brand#32'::bpchar) AND (part.p_container = ANY ('{\"LG CASE\",\"LG BOX\",\"LG PACK\",\"LG PKG\"}'::bpchar[])) AND (l_quantity >= '27'::numeric) AND (l_quantity <= '37'::numeric) AND (part.p_size <= 15))))","Rows Removed by Filter": 30,"Workers": []}]}]}]}]},"Planning Time": 6.753,"Triggers": [],"Execution Time": 99.446}]
[{"Plan": {"Node Type": "Aggregate","Strategy": "Plain","Partial Mode": "Finalize","Parallel Aware": false,"Async Capable": false,"Startup Cost": 34044.91,"Total Cost": 34044.92,"Plan Rows": 1,"Plan Width": 32,"Actual Startup Time": 94.377,"Actual Total Time": 109.777,"Actual Rows": 1,"Actual Loops": 1,"Plans": [{"Node Type": "Gather","Parent Relationship": "Outer","Parallel Aware": false,"Async Capable": false,"Startup Cost": 34044.69,"Total Cost": 34044.90,"Plan Rows": 2,"Plan Width": 32,"Actual Startup Time": 93.955,"Actual Total Time": 109.746,"Actual Rows": 3,"Actual Loops": 1,"Workers Planned": 2,"Workers Launched": 2,"Single Copy": false,"Plans": [{"Node Type": "Aggregate","Strategy": "Plain","Partial Mode": "Partial","Parent Relationship": "Outer","Parallel Aware": false,"Async Capable": false,"Startup Cost": 33044.69,"Total Cost": 33044.70,"Plan Rows": 1,"Plan Width": 32,"Actual Startup Time": 87.179,"Actual Total Time": 87.182,"Actual Rows": 1,"Actual Loops": 3,"Workers": [],"Plans": [{"Node Type": "Nested Loop","Parent Relationship": "Outer","Parallel Aware": false,"Async Capable": false,"Join Type": "Inner","Startup Cost": 4.54,"Total Cost": 33044.32,"Plan Rows": 49,"Plan Width": 12,"Actual Startup Time": 5.687,"Actual Total Time": 87.131,"Actual Rows": 44,"Actual Loops": 3,"Inner Unique": false,"Workers": [],"Plans": [{"Node Type": "Seq Scan","Parent Relationship": "Outer","Parallel Aware": true,"Async Capable": false,"Relation Name": "part","Alias": "part","Startup Cost": 0.00,"Total Cost": 7638.67,"Plan Rows": 209,"Plan Width": 30,"Actual Startup Time": 0.212,"Actual Total Time": 35.860,"Actual Rows": 175,"Actual Loops": 3,"Filter": "((p_size >= 1) AND (((p_brand = 'Brand#12'::bpchar) AND (p_container = ANY ('{\"SM CASE\",\"SM BOX\",\"SM PACK\",\"SM PKG\"}'::bpchar[])) AND (p_size <= 5)) OR ((p_brand = 'Brand#22'::bpchar) AND (p_container = ANY ('{\"MED BAG\",\"MED BOX\",\"MED PKG\",\"MED PACK\"}'::bpchar[])) AND (p_size <= 10)) OR ((p_brand = 'Brand#33'::bpchar) AND (p_container = ANY ('{\"LG CASE\",\"LG BOX\",\"LG PACK\",\"LG PKG\"}'::bpchar[])) AND (p_size <= 15))))","Rows Removed by Filter": 66492,"Workers": []},{"Node Type": "Bitmap Heap Scan","Parent Relationship": "Inner","Parallel Aware": false,"Async Capable": false,"Relation Name": "lineitem","Alias": "lineitem","Startup Cost": 4.54,"Total Cost": 121.55,"Plan Rows": 1,"Plan Width": 21,"Actual Startup Time": 0.261,"Actual Total Time": 0.292,"Actual Rows": 0,"Actual Loops": 524,"Recheck Cond": "(l_partkey = part.p_partkey)","Rows Removed by Index Recheck": 0,"Filter": "((l_shipmode = ANY ('{AIR,\"AIR REG\"}'::bpchar[])) AND (l_shipinstruct = 'DELIVER IN PERSON'::bpchar) AND (((l_quantity >= '4'::numeric) AND (l_quantity <= '14'::numeric)) OR ((l_quantity >= '20'::numeric) AND (l_quantity <= '30'::numeric)) OR ((l_quantity >= '21'::numeric) AND (l_quantity <= '31'::numeric))) AND (((part.p_brand = 'Brand#12'::bpchar) AND (part.p_container = ANY ('{\"SM CASE\",\"SM BOX\",\"SM PACK\",\"SM PKG\"}'::bpchar[])) AND (l_quantity >= '4'::numeric) AND (l_quantity <= '14'::numeric) AND (part.p_size <= 5)) OR ((part.p_brand = 'Brand#22'::bpchar) AND (part.p_container = ANY ('{\"MED BAG\",\"MED BOX\",\"MED PKG\",\"MED PACK\"}'::bpchar[])) AND (l_quantity >= '20'::numeric) AND (l_quantity <= '30'::numeric) AND (part.p_size <= 10)) OR ((part.p_brand = 'Brand#33'::bpchar) AND (part.p_container = ANY ('{\"LG CASE\",\"LG BOX\",\"LG PACK\",\"LG PKG\"}'::bpchar[])) AND (l_quantity >= '21'::numeric) AND (l_quantity <= '31'::numeric) AND (part.p_size <= 15))))","Rows Removed by Filter": 30,"Exact Heap Blocks": 5568,"Lossy Heap Blocks": 0,"Workers": [],"Plans": [{"Node Type": "Bitmap Index Scan","Parent Relationship": "Outer","Parallel Aware": false,"Async Capable": false,"Index Name": "idx_lineitem_part_supp","Startup Cost": 0.00,"Total Cost": 4.54,"Plan Rows": 31,"Plan Width": 0,"Actual Startup Time": 0.011,"Actual Total Time": 0.011,"Actual Rows": 30,"Actual Loops": 524,"Index Cond": "(l_partkey = part.p_partkey)","Workers": []}]}]}]}]}]},"Planning Time": 6.088,"Triggers": [],"Execution Time": 109.997}]
[{"Plan": {"Node Type": "Aggregate","Strategy": "Plain","Partial Mode": "Finalize","Parallel Aware": false,"Async Capable": false,"Startup Cost": 33743.09,"Total Cost": 33743.10,"Plan Rows": 1,"Plan Width": 32,"Actual Startup Time": 87.442,"Actual Total Time": 103.478,"Actual Rows": 1,"Actual Loops": 1,"Plans": [{"Node Type": "Gather","Parent Relationship": "Outer","Parallel Aware": false,"Async Capable": false,"Startup Cost": 33742.87,"Total Cost": 33743.08,"Plan Rows": 2,"Plan Width": 32,"Actual Startup Time": 87.404,"Actual Total Time": 103.454,"Actual Rows": 3,"Actual Loops": 1,"Workers Planned": 2,"Workers Launched": 2,"Single Copy": false,"Plans": [{"Node Type": "Aggregate","Strategy": "Plain","Partial Mode": "Partial","Parent Relationship": "Outer","Parallel Aware": false,"Async Capable": false,"Startup Cost": 32742.87,"Total Cost": 32742.88,"Plan Rows": 1,"Plan Width": 32,"Actual Startup Time": 81.175,"Actual Total Time": 81.178,"Actual Rows": 1,"Actual Loops": 3,"Workers": [],"Plans": [{"Node Type": "Nested Loop","Parent Relationship": "Outer","Parallel Aware": false,"Async Capable": false,"Join Type": "Inner","Startup Cost": 0.43,"Total Cost": 32742.50,"Plan Rows": 48,"Plan Width": 12,"Actual Startup Time": 6.226,"Actual Total Time": 81.129,"Actual Rows": 36,"Actual Loops": 3,"Inner Unique": false,"Workers": [],"Plans": [{"Node Type": "Seq Scan","Parent Relationship": "Outer","Parallel Aware": true,"Async Capable": false,"Relation Name": "part","Alias": "part","Startup Cost": 0.00,"Total Cost": 7638.67,"Plan Rows": 204,"Plan Width": 30,"Actual Startup Time": 0.503,"Actual Total Time": 35.133,"Actual Rows": 168,"Actual Loops": 3,"Filter": "((p_size >= 1) AND (((p_brand = 'Brand#35'::bpchar) AND (p_container = ANY ('{\"SM CASE\",\"SM BOX\",\"SM PACK\",\"SM PKG\"}'::bpchar[])) AND (p_size <= 5)) OR ((p_brand = 'Brand#53'::bpchar) AND (p_container = ANY ('{\"MED BAG\",\"MED BOX\",\"MED PKG\",\"MED PACK\"}'::bpchar[])) AND (p_size <= 10)) OR ((p_brand = 'Brand#14'::bpchar) AND (p_container = ANY ('{\"LG CASE\",\"LG BOX\",\"LG PACK\",\"LG PKG\"}'::bpchar[])) AND (p_size <= 15))))","Rows Removed by Filter": 66499,"Workers": []},{"Node Type": "Index Scan","Parent Relationship": "Inner","Parallel Aware": false,"Async Capable": false,"Scan Direction": "Forward","Index Name": "idx_lineitem_part_supp","Relation Name": "lineitem","Alias": "lineitem","Startup Cost": 0.43,"Total Cost": 123.05,"Plan Rows": 1,"Plan Width": 21,"Actual Startup Time": 0.247,"Actual Total Time": 0.274,"Actual Rows": 0,"Actual Loops": 503,"Index Cond": "(l_partkey = part.p_partkey)","Rows Removed by Index Recheck": 0,"Filter": "((l_shipmode = ANY ('{AIR,\"AIR REG\"}'::bpchar[])) AND (l_shipinstruct = 'DELIVER IN PERSON'::bpchar) AND (((l_quantity >= '9'::numeric) AND (l_quantity <= '19'::numeric)) OR ((l_quantity >= '10'::numeric) AND (l_quantity <= '20'::numeric)) OR ((l_quantity >= '30'::numeric) AND (l_quantity <= '40'::numeric))) AND (((part.p_brand = 'Brand#35'::bpchar) AND (part.p_container = ANY ('{\"SM CASE\",\"SM BOX\",\"SM PACK\",\"SM PKG\"}'::bpchar[])) AND (l_quantity >= '9'::numeric) AND (l_quantity <= '19'::numeric) AND (part.p_size <= 5)) OR ((part.p_brand = 'Brand#53'::bpchar) AND (part.p_container = ANY ('{\"MED BAG\",\"MED BOX\",\"MED PKG\",\"MED PACK\"}'::bpchar[])) AND (l_quantity >= '10'::numeric) AND (l_quantity <= '20'::numeric) AND (part.p_size <= 10)) OR ((part.p_brand = 'Brand#14'::bpchar) AND (part.p_container = ANY ('{\"LG CASE\",\"LG BOX\",\"LG PACK\",\"LG PKG\"}'::bpchar[])) AND (l_quantity >= '30'::numeric) AND (l_quantity <= '40'::numeric) AND (part.p_size <= 15))))","Rows Removed by Filter": 29,"Workers": []}]}]}]}]},"Planning Time": 6.746,"Triggers": [],"Execution Time": 103.646}]
[{"Plan": {"Node Type": "Aggregate","Strategy": "Plain","Partial Mode": "Finalize","Parallel Aware": false,"Async Capable": false,"Startup Cost": 33397.19,"Total Cost": 33397.20,"Plan Rows": 1,"Plan Width": 32,"Actual Startup Time": 84.722,"Actual Total Time": 99.803,"Actual Rows": 1,"Actual Loops": 1,"Plans": [{"Node Type": "Gather","Parent Relationship": "Outer","Parallel Aware": false,"Async Capable": false,"Startup Cost": 33396.96,"Total Cost": 33397.17,"Plan Rows": 2,"Plan Width": 32,"Actual Startup Time": 84.609,"Actual Total Time": 99.788,"Actual Rows": 3,"Actual Loops": 1,"Workers Planned": 2,"Workers Launched": 2,"Single Copy": false,"Plans": [{"Node Type": "Aggregate","Strategy": "Plain","Partial Mode": "Partial","Parent Relationship": "Outer","Parallel Aware": false,"Async Capable": false,"Startup Cost": 32396.96,"Total Cost": 32396.97,"Plan Rows": 1,"Plan Width": 32,"Actual Startup Time": 78.373,"Actual Total Time": 78.376,"Actual Rows": 1,"Actual Loops": 3,"Workers": [],"Plans": [{"Node Type": "Nested Loop","Parent Relationship": "Outer","Parallel Aware": false,"Async Capable": false,"Join Type": "Inner","Startup Cost": 0.43,"Total Cost": 32396.61,"Plan Rows": 47,"Plan Width": 12,"Actual Startup Time": 2.413,"Actual Total Time": 78.327,"Actual Rows": 39,"Actual Loops": 3,"Inner Unique": false,"Workers": [],"Plans": [{"Node Type": "Seq Scan","Parent Relationship": "Outer","Parallel Aware": true,"Async Capable": false,"Relation Name": "part","Alias": "part","Startup Cost": 0.00,"Total Cost": 7638.67,"Plan Rows": 201,"Plan Width": 30,"Actual Startup Time": 0.568,"Actual Total Time": 35.074,"Actual Rows": 155,"Actual Loops": 3,"Filter": "((p_size >= 1) AND (((p_brand = 'Brand#24'::bpchar) AND (p_container = ANY ('{\"SM CASE\",\"SM BOX\",\"SM PACK\",\"SM PKG\"}'::bpchar[])) AND (p_size <= 5)) OR ((p_brand = 'Brand#21'::bpchar) AND (p_container = ANY ('{\"MED BAG\",\"MED BOX\",\"MED PKG\",\"MED PACK\"}'::bpchar[])) AND (p_size <= 10)) OR ((p_brand = 'Brand#25'::bpchar) AND (p_container = ANY ('{\"LG CASE\",\"LG BOX\",\"LG PACK\",\"LG PKG\"}'::bpchar[])) AND (p_size <= 15))))","Rows Removed by Filter": 66511,"Workers": []},{"Node Type": "Index Scan","Parent Relationship": "Inner","Parallel Aware": false,"Async Capable": false,"Scan Direction": "Forward","Index Name": "idx_lineitem_part_supp","Relation Name": "lineitem","Alias": "lineitem","Startup Cost": 0.43,"Total Cost": 123.16,"Plan Rows": 1,"Plan Width": 21,"Actual Startup Time": 0.248,"Actual Total Time": 0.278,"Actual Rows": 0,"Actual Loops": 466,"Index Cond": "(l_partkey = part.p_partkey)","Rows Removed by Index Recheck": 0,"Filter": "((l_shipmode = ANY ('{AIR,\"AIR REG\"}'::bpchar[])) AND (l_shipinstruct = 'DELIVER IN PERSON'::bpchar) AND (((l_quantity >= '2'::numeric) AND (l_quantity <= '12'::numeric)) OR ((l_quantity >= '13'::numeric) AND (l_quantity <= '23'::numeric)) OR ((l_quantity >= '26'::numeric) AND (l_quantity <= '36'::numeric))) AND (((part.p_brand = 'Brand#24'::bpchar) AND (part.p_container = ANY ('{\"SM CASE\",\"SM BOX\",\"SM PACK\",\"SM PKG\"}'::bpchar[])) AND (l_quantity >= '2'::numeric) AND (l_quantity <= '12'::numeric) AND (part.p_size <= 5)) OR ((part.p_brand = 'Brand#21'::bpchar) AND (part.p_container = ANY ('{\"MED BAG\",\"MED BOX\",\"MED PKG\",\"MED PACK\"}'::bpchar[])) AND (l_quantity >= '13'::numeric) AND (l_quantity <= '23'::numeric) AND (part.p_size <= 10)) OR ((part.p_brand = 'Brand#25'::bpchar) AND (part.p_container = ANY ('{\"LG CASE\",\"LG BOX\",\"LG PACK\",\"LG PKG\"}'::bpchar[])) AND (l_quantity >= '26'::numeric) AND (l_quantity <= '36'::numeric) AND (part.p_size <= 15))))","Rows Removed by Filter": 30,"Workers": []}]}]}]}]},"Planning Time": 5.401,"Triggers": [],"Execution Time": 100.017}]
[{"Plan": {"Node Type": "Aggregate","Strategy": "Plain","Partial Mode": "Finalize","Parallel Aware": false,"Async Capable": false,"Startup Cost": 33627.66,"Total Cost": 33627.67,"Plan Rows": 1,"Plan Width": 32,"Actual Startup Time": 87.867,"Actual Total Time": 103.437,"Actual Rows": 1,"Actual Loops": 1,"Plans": [{"Node Type": "Gather","Parent Relationship": "Outer","Parallel Aware": false,"Async Capable": false,"Startup Cost": 33627.43,"Total Cost": 33627.64,"Plan Rows": 2,"Plan Width": 32,"Actual Startup Time": 87.654,"Actual Total Time": 103.403,"Actual Rows": 3,"Actual Loops": 1,"Workers Planned": 2,"Workers Launched": 2,"Single Copy": false,"Plans": [{"Node Type": "Aggregate","Strategy": "Plain","Partial Mode": "Partial","Parent Relationship": "Outer","Parallel Aware": false,"Async Capable": false,"Startup Cost": 32627.43,"Total Cost": 32627.44,"Plan Rows": 1,"Plan Width": 32,"Actual Startup Time": 81.633,"Actual Total Time": 81.636,"Actual Rows": 1,"Actual Loops": 3,"Workers": [],"Plans": [{"Node Type": "Nested Loop","Parent Relationship": "Outer","Parallel Aware": false,"Async Capable": false,"Join Type": "Inner","Startup Cost": 0.43,"Total Cost": 32627.07,"Plan Rows": 48,"Plan Width": 12,"Actual Startup Time": 3.468,"Actual Total Time": 81.597,"Actual Rows": 41,"Actual Loops": 3,"Inner Unique": false,"Workers": [],"Plans": [{"Node Type": "Seq Scan","Parent Relationship": "Outer","Parallel Aware": true,"Async Capable": false,"Relation Name": "part","Alias": "part","Startup Cost": 0.00,"Total Cost": 7638.67,"Plan Rows": 203,"Plan Width": 30,"Actual Startup Time": 0.432,"Actual Total Time": 34.687,"Actual Rows": 167,"Actual Loops": 3,"Filter": "((p_size >= 1) AND (((p_brand = 'Brand#25'::bpchar) AND (p_container = ANY ('{\"SM CASE\",\"SM BOX\",\"SM PACK\",\"SM PKG\"}'::bpchar[])) AND (p_size <= 5)) OR ((p_brand = 'Brand#43'::bpchar) AND (p_container = ANY ('{\"MED BAG\",\"MED BOX\",\"MED PKG\",\"MED PACK\"}'::bpchar[])) AND (p_size <= 10)) OR ((p_brand = 'Brand#15'::bpchar) AND (p_container = ANY ('{\"LG CASE\",\"LG BOX\",\"LG PACK\",\"LG PKG\"}'::bpchar[])) AND (p_size <= 15))))","Rows Removed by Filter": 66499,"Workers": []},{"Node Type": "Index Scan","Parent Relationship": "Inner","Parallel Aware": false,"Async Capable": false,"Scan Direction": "Forward","Index Name": "idx_lineitem_part_supp","Relation Name": "lineitem","Alias": "lineitem","Startup Cost": 0.43,"Total Cost": 123.09,"Plan Rows": 1,"Plan Width": 21,"Actual Startup Time": 0.248,"Actual Total Time": 0.280,"Actual Rows": 0,"Actual Loops": 502,"Index Cond": "(l_partkey = part.p_partkey)","Rows Removed by Index Recheck": 0,"Filter": "((l_shipmode = ANY ('{AIR,\"AIR REG\"}'::bpchar[])) AND (l_shipinstruct = 'DELIVER IN PERSON'::bpchar) AND (((l_quantity >= '8'::numeric) AND (l_quantity <= '18'::numeric)) OR ((l_quantity >= '11'::numeric) AND (l_quantity <= '21'::numeric)) OR ((l_quantity >= '25'::numeric) AND (l_quantity <= '35'::numeric))) AND (((part.p_brand = 'Brand#25'::bpchar) AND (part.p_container = ANY ('{\"SM CASE\",\"SM BOX\",\"SM PACK\",\"SM PKG\"}'::bpchar[])) AND (l_quantity >= '8'::numeric) AND (l_quantity <= '18'::numeric) AND (part.p_size <= 5)) OR ((part.p_brand = 'Brand#43'::bpchar) AND (part.p_container = ANY ('{\"MED BAG\",\"MED BOX\",\"MED PKG\",\"MED PACK\"}'::bpchar[])) AND (l_quantity >= '11'::numeric) AND (l_quantity <= '21'::numeric) AND (part.p_size <= 10)) OR ((part.p_brand = 'Brand#15'::bpchar) AND (part.p_container = ANY ('{\"LG CASE\",\"LG BOX\",\"LG PACK\",\"LG PKG\"}'::bpchar[])) AND (l_quantity >= '25'::numeric) AND (l_quantity <= '35'::numeric) AND (part.p_size <= 15))))","Rows Removed by Filter": 30,"Workers": []}]}]}]}]},"Planning Time": 5.647,"Triggers": [],"Execution Time": 103.602}]
[{"Plan": {"Node Type": "Aggregate","Strategy": "Plain","Partial Mode": "Finalize","Parallel Aware": false,"Async Capable": false,"Startup Cost": 33627.06,"Total Cost": 33627.07,"Plan Rows": 1,"Plan Width": 32,"Actual Startup Time": 85.100,"Actual Total Time": 100.825,"Actual Rows": 1,"Actual Loops": 1,"Plans": [{"Node Type": "Gather","Parent Relationship": "Outer","Parallel Aware": false,"Async Capable": false,"Startup Cost": 33626.84,"Total Cost": 33627.05,"Plan Rows": 2,"Plan Width": 32,"Actual Startup Time": 84.806,"Actual Total Time": 100.792,"Actual Rows": 3,"Actual Loops": 1,"Workers Planned": 2,"Workers Launched": 2,"Single Copy": false,"Plans": [{"Node Type": "Aggregate","Strategy": "Plain","Partial Mode": "Partial","Parent Relationship": "Outer","Parallel Aware": false,"Async Capable": false,"Startup Cost": 32626.84,"Total Cost": 32626.85,"Plan Rows": 1,"Plan Width": 32,"Actual Startup Time": 77.958,"Actual Total Time": 77.960,"Actual Rows": 1,"Actual Loops": 3,"Workers": [],"Plans": [{"Node Type": "Nested Loop","Parent Relationship": "Outer","Parallel Aware": false,"Async Capable": false,"Join Type": "Inner","Startup Cost": 0.43,"Total Cost": 32626.48,"Plan Rows": 47,"Plan Width": 12,"Actual Startup Time": 1.192,"Actual Total Time": 77.904,"Actual Rows": 43,"Actual Loops": 3,"Inner Unique": false,"Workers": [],"Plans": [{"Node Type": "Seq Scan","Parent Relationship": "Outer","Parallel Aware": true,"Async Capable": false,"Relation Name": "part","Alias": "part","Startup Cost": 0.00,"Total Cost": 7638.67,"Plan Rows": 203,"Plan Width": 30,"Actual Startup Time": 0.686,"Actual Total Time": 33.607,"Actual Rows": 160,"Actual Loops": 3,"Filter": "((p_size >= 1) AND (((p_brand = 'Brand#31'::bpchar) AND (p_container = ANY ('{\"SM CASE\",\"SM BOX\",\"SM PACK\",\"SM PKG\"}'::bpchar[])) AND (p_size <= 5)) OR ((p_brand = 'Brand#54'::bpchar) AND (p_container = ANY ('{\"MED BAG\",\"MED BOX\",\"MED PKG\",\"MED PACK\"}'::bpchar[])) AND (p_size <= 10)) OR ((p_brand = 'Brand#55'::bpchar) AND (p_container = ANY ('{\"LG CASE\",\"LG BOX\",\"LG PACK\",\"LG PKG\"}'::bpchar[])) AND (p_size <= 15))))","Rows Removed by Filter": 66507,"Workers": []},{"Node Type": "Index Scan","Parent Relationship": "Inner","Parallel Aware": false,"Async Capable": false,"Scan Direction": "Forward","Index Name": "idx_lineitem_part_supp","Relation Name": "lineitem","Alias": "lineitem","Startup Cost": 0.43,"Total Cost": 123.08,"Plan Rows": 1,"Plan Width": 21,"Actual Startup Time": 0.244,"Actual Total Time": 0.276,"Actual Rows": 0,"Actual Loops": 480,"Index Cond": "(l_partkey = part.p_partkey)","Rows Removed by Index Recheck": 0,"Filter": "((l_shipmode = ANY ('{AIR,\"AIR REG\"}'::bpchar[])) AND (l_shipinstruct = 'DELIVER IN PERSON'::bpchar) AND (((l_quantity >= '1'::numeric) AND (l_quantity <= '11'::numeric)) OR ((l_quantity >= '19'::numeric) AND (l_quantity <= '29'::numeric)) OR ((l_quantity >= '22'::numeric) AND (l_quantity <= '32'::numeric))) AND (((part.p_brand = 'Brand#31'::bpchar) AND (part.p_container = ANY ('{\"SM CASE\",\"SM BOX\",\"SM PACK\",\"SM PKG\"}'::bpchar[])) AND (l_quantity >= '1'::numeric) AND (l_quantity <= '11'::numeric) AND (part.p_size <= 5)) OR ((part.p_brand = 'Brand#54'::bpchar) AND (part.p_container = ANY ('{\"MED BAG\",\"MED BOX\",\"MED PKG\",\"MED PACK\"}'::bpchar[])) AND (l_quantity >= '19'::numeric) AND (l_quantity <= '29'::numeric) AND (part.p_size <= 10)) OR ((part.p_brand = 'Brand#55'::bpchar) AND (part.p_container = ANY ('{\"LG CASE\",\"LG BOX\",\"LG PACK\",\"LG PKG\"}'::bpchar[])) AND (l_quantity >= '22'::numeric) AND (l_quantity <= '32'::numeric) AND (part.p_size <= 15))))","Rows Removed by Filter": 30,"Workers": []}]}]}]}]},"Planning Time": 6.201,"Triggers": [],"Execution Time": 101.018}]
[{"Plan": {"Node Type": "Aggregate","Strategy": "Plain","Partial Mode": "Finalize","Parallel Aware": false,"Async Capable": false,"Startup Cost": 33855.93,"Total Cost": 33855.94,"Plan Rows": 1,"Plan Width": 32,"Actual Startup Time": 88.642,"Actual Total Time": 104.754,"Actual Rows": 1,"Actual Loops": 1,"Plans": [{"Node Type": "Gather","Parent Relationship": "Outer","Parallel Aware": false,"Async Capable": false,"Startup Cost": 33855.71,"Total Cost": 33855.92,"Plan Rows": 2,"Plan Width": 32,"Actual Startup Time": 88.606,"Actual Total Time": 104.724,"Actual Rows": 3,"Actual Loops": 1,"Workers Planned": 2,"Workers Launched": 2,"Single Copy": false,"Plans": [{"Node Type": "Aggregate","Strategy": "Plain","Partial Mode": "Partial","Parent Relationship": "Outer","Parallel Aware": false,"Async Capable": false,"Startup Cost": 32855.71,"Total Cost": 32855.72,"Plan Rows": 1,"Plan Width": 32,"Actual Startup Time": 81.751,"Actual Total Time": 81.756,"Actual Rows": 1,"Actual Loops": 3,"Workers": [],"Plans": [{"Node Type": "Nested Loop","Parent Relationship": "Outer","Parallel Aware": false,"Async Capable": false,"Join Type": "Inner","Startup Cost": 0.43,"Total Cost": 32855.34,"Plan Rows": 48,"Plan Width": 12,"Actual Startup Time": 2.247,"Actual Total Time": 81.708,"Actual Rows": 46,"Actual Loops": 3,"Inner Unique": false,"Workers": [],"Plans": [{"Node Type": "Seq Scan","Parent Relationship": "Outer","Parallel Aware": true,"Async Capable": false,"Relation Name": "part","Alias": "part","Startup Cost": 0.00,"Total Cost": 7638.67,"Plan Rows": 205,"Plan Width": 30,"Actual Startup Time": 0.346,"Actual Total Time": 33.931,"Actual Rows": 178,"Actual Loops": 3,"Filter": "((p_size >= 1) AND (((p_brand = 'Brand#33'::bpchar) AND (p_container = ANY ('{\"SM CASE\",\"SM BOX\",\"SM PACK\",\"SM PKG\"}'::bpchar[])) AND (p_size <= 5)) OR ((p_brand = 'Brand#43'::bpchar) AND (p_container = ANY ('{\"MED BAG\",\"MED BOX\",\"MED PKG\",\"MED PACK\"}'::bpchar[])) AND (p_size <= 10)) OR ((p_brand = 'Brand#41'::bpchar) AND (p_container = ANY ('{\"LG CASE\",\"LG BOX\",\"LG PACK\",\"LG PKG\"}'::bpchar[])) AND (p_size <= 15))))","Rows Removed by Filter": 66488,"Workers": []},{"Node Type": "Index Scan","Parent Relationship": "Inner","Parallel Aware": false,"Async Capable": false,"Scan Direction": "Forward","Index Name": "idx_lineitem_part_supp","Relation Name": "lineitem","Alias": "lineitem","Startup Cost": 0.43,"Total Cost": 123.00,"Plan Rows": 1,"Plan Width": 21,"Actual Startup Time": 0.236,"Actual Total Time": 0.267,"Actual Rows": 0,"Actual Loops": 535,"Index Cond": "(l_partkey = part.p_partkey)","Rows Removed by Index Recheck": 0,"Filter": "((l_shipmode = ANY ('{AIR,\"AIR REG\"}'::bpchar[])) AND (l_shipinstruct = 'DELIVER IN PERSON'::bpchar) AND (((l_quantity >= '2'::numeric) AND (l_quantity <= '12'::numeric)) OR ((l_quantity >= '15'::numeric) AND (l_quantity <= '25'::numeric)) OR ((l_quantity >= '29'::numeric) AND (l_quantity <= '39'::numeric))) AND (((part.p_brand = 'Brand#33'::bpchar) AND (part.p_container = ANY ('{\"SM CASE\",\"SM BOX\",\"SM PACK\",\"SM PKG\"}'::bpchar[])) AND (l_quantity >= '2'::numeric) AND (l_quantity <= '12'::numeric) AND (part.p_size <= 5)) OR ((part.p_brand = 'Brand#43'::bpchar) AND (part.p_container = ANY ('{\"MED BAG\",\"MED BOX\",\"MED PKG\",\"MED PACK\"}'::bpchar[])) AND (l_quantity >= '15'::numeric) AND (l_quantity <= '25'::numeric) AND (part.p_size <= 10)) OR ((part.p_brand = 'Brand#41'::bpchar) AND (part.p_container = ANY ('{\"LG CASE\",\"LG BOX\",\"LG PACK\",\"LG PKG\"}'::bpchar[])) AND (l_quantity >= '29'::numeric) AND (l_quantity <= '39'::numeric) AND (part.p_size <= 15))))","Rows Removed by Filter": 30,"Workers": []}]}]}]}]},"Planning Time": 5.899,"Triggers": [],"Execution Time": 104.933}]
[{"Plan": {"Node Type": "Aggregate","Strategy": "Plain","Partial Mode": "Finalize","Parallel Aware": false,"Async Capable": false,"Startup Cost": 33394.53,"Total Cost": 33394.54,"Plan Rows": 1,"Plan Width": 32,"Actual Startup Time": 86.153,"Actual Total Time": 102.199,"Actual Rows": 1,"Actual Loops": 1,"Plans": [{"Node Type": "Gather","Parent Relationship": "Outer","Parallel Aware": false,"Async Capable": false,"Startup Cost": 33394.30,"Total Cost": 33394.51,"Plan Rows": 2,"Plan Width": 32,"Actual Startup Time": 85.874,"Actual Total Time": 102.166,"Actual Rows": 3,"Actual Loops": 1,"Workers Planned": 2,"Workers Launched": 2,"Single Copy": false,"Plans": [{"Node Type": "Aggregate","Strategy": "Plain","Partial Mode": "Partial","Parent Relationship": "Outer","Parallel Aware": false,"Async Capable": false,"Startup Cost": 32394.30,"Total Cost": 32394.31,"Plan Rows": 1,"Plan Width": 32,"Actual Startup Time": 79.572,"Actual Total Time": 79.575,"Actual Rows": 1,"Actual Loops": 3,"Workers": [],"Plans": [{"Node Type": "Nested Loop","Parent Relationship": "Outer","Parallel Aware": false,"Async Capable": false,"Join Type": "Inner","Startup Cost": 0.43,"Total Cost": 32393.95,"Plan Rows": 47,"Plan Width": 12,"Actual Startup Time": 1.872,"Actual Total Time": 79.529,"Actual Rows": 41,"Actual Loops": 3,"Inner Unique": false,"Workers": [],"Plans": [{"Node Type": "Seq Scan","Parent Relationship": "Outer","Parallel Aware": true,"Async Capable": false,"Relation Name": "part","Alias": "part","Startup Cost": 0.00,"Total Cost": 7638.67,"Plan Rows": 201,"Plan Width": 30,"Actual Startup Time": 0.180,"Actual Total Time": 34.384,"Actual Rows": 164,"Actual Loops": 3,"Filter": "((p_size >= 1) AND (((p_brand = 'Brand#23'::bpchar) AND (p_container = ANY ('{\"SM CASE\",\"SM BOX\",\"SM PACK\",\"SM PKG\"}'::bpchar[])) AND (p_size <= 5)) OR ((p_brand = 'Brand#35'::bpchar) AND (p_container = ANY ('{\"MED BAG\",\"MED BOX\",\"MED PKG\",\"MED PACK\"}'::bpchar[])) AND (p_size <= 10)) OR ((p_brand = 'Brand#44'::bpchar) AND (p_container = ANY ('{\"LG CASE\",\"LG BOX\",\"LG PACK\",\"LG PKG\"}'::bpchar[])) AND (p_size <= 15))))","Rows Removed by Filter": 66503,"Workers": []},{"Node Type": "Index Scan","Parent Relationship": "Inner","Parallel Aware": false,"Async Capable": false,"Scan Direction": "Forward","Index Name": "idx_lineitem_part_supp","Relation Name": "lineitem","Alias": "lineitem","Startup Cost": 0.43,"Total Cost": 123.15,"Plan Rows": 1,"Plan Width": 21,"Actual Startup Time": 0.243,"Actual Total Time": 0.275,"Actual Rows": 0,"Actual Loops": 491,"Index Cond": "(l_partkey = part.p_partkey)","Rows Removed by Index Recheck": 0,"Filter": "((l_shipmode = ANY ('{AIR,\"AIR REG\"}'::bpchar[])) AND (l_shipinstruct = 'DELIVER IN PERSON'::bpchar) AND (((l_quantity >= '4'::numeric) AND (l_quantity <= '14'::numeric)) OR ((l_quantity >= '17'::numeric) AND (l_quantity <= '27'::numeric)) OR ((l_quantity >= '22'::numeric) AND (l_quantity <= '32'::numeric))) AND (((part.p_brand = 'Brand#23'::bpchar) AND (part.p_container = ANY ('{\"SM CASE\",\"SM BOX\",\"SM PACK\",\"SM PKG\"}'::bpchar[])) AND (l_quantity >= '4'::numeric) AND (l_quantity <= '14'::numeric) AND (part.p_size <= 5)) OR ((part.p_brand = 'Brand#35'::bpchar) AND (part.p_container = ANY ('{\"MED BAG\",\"MED BOX\",\"MED PKG\",\"MED PACK\"}'::bpchar[])) AND (l_quantity >= '17'::numeric) AND (l_quantity <= '27'::numeric) AND (part.p_size <= 10)) OR ((part.p_brand = 'Brand#44'::bpchar) AND (part.p_container = ANY ('{\"LG CASE\",\"LG BOX\",\"LG PACK\",\"LG PKG\"}'::bpchar[])) AND (l_quantity >= '22'::numeric) AND (l_quantity <= '32'::numeric) AND (part.p_size <= 15))))","Rows Removed by Filter": 30,"Workers": []}]}]}]}]},"Planning Time": 6.545,"Triggers": [],"Execution Time": 102.456}]
[{"Plan": {"Node Type": "Aggregate","Strategy": "Plain","Partial Mode": "Finalize","Parallel Aware": false,"Async Capable": false,"Startup Cost": 33621.64,"Total Cost": 33621.65,"Plan Rows": 1,"Plan Width": 32,"Actual Startup Time": 82.636,"Actual Total Time": 97.850,"Actual Rows": 1,"Actual Loops": 1,"Plans": [{"Node Type": "Gather","Parent Relationship": "Outer","Parallel Aware": false,"Async Capable": false,"Startup Cost": 33621.41,"Total Cost": 33621.62,"Plan Rows": 2,"Plan Width": 32,"Actual Startup Time": 82.507,"Actual Total Time": 97.825,"Actual Rows": 3,"Actual Loops": 1,"Workers Planned": 2,"Workers Launched": 2,"Single Copy": false,"Plans": [{"Node Type": "Aggregate","Strategy": "Plain","Partial Mode": "Partial","Parent Relationship": "Outer","Parallel Aware": false,"Async Capable": false,"Startup Cost": 32621.41,"Total Cost": 32621.42,"Plan Rows": 1,"Plan Width": 32,"Actual Startup Time": 76.328,"Actual Total Time": 76.332,"Actual Rows": 1,"Actual Loops": 3,"Workers": [],"Plans": [{"Node Type": "Nested Loop","Parent Relationship": "Outer","Parallel Aware": false,"Async Capable": false,"Join Type": "Inner","Startup Cost": 0.43,"Total Cost": 32621.05,"Plan Rows": 48,"Plan Width": 12,"Actual Startup Time": 2.990,"Actual Total Time": 76.291,"Actual Rows": 47,"Actual Loops": 3,"Inner Unique": false,"Workers": [],"Plans": [{"Node Type": "Seq Scan","Parent Relationship": "Outer","Parallel Aware": true,"Async Capable": false,"Relation Name": "part","Alias": "part","Startup Cost": 0.00,"Total Cost": 7638.67,"Plan Rows": 203,"Plan Width": 30,"Actual Startup Time": 0.233,"Actual Total Time": 31.821,"Actual Rows": 169,"Actual Loops": 3,"Filter": "((p_size >= 1) AND (((p_brand = 'Brand#23'::bpchar) AND (p_container = ANY ('{\"SM CASE\",\"SM BOX\",\"SM PACK\",\"SM PKG\"}'::bpchar[])) AND (p_size <= 5)) OR ((p_brand = 'Brand#35'::bpchar) AND (p_container = ANY ('{\"MED BAG\",\"MED BOX\",\"MED PKG\",\"MED PACK\"}'::bpchar[])) AND (p_size <= 10)) OR ((p_brand = 'Brand#31'::bpchar) AND (p_container = ANY ('{\"LG CASE\",\"LG BOX\",\"LG PACK\",\"LG PKG\"}'::bpchar[])) AND (p_size <= 15))))","Rows Removed by Filter": 66497,"Workers": []},{"Node Type": "Index Scan","Parent Relationship": "Inner","Parallel Aware": false,"Async Capable": false,"Scan Direction": "Forward","Index Name": "idx_lineitem_part_supp","Relation Name": "lineitem","Alias": "lineitem","Startup Cost": 0.43,"Total Cost": 123.06,"Plan Rows": 1,"Plan Width": 21,"Actual Startup Time": 0.232,"Actual Total Time": 0.262,"Actual Rows": 0,"Actual Loops": 508,"Index Cond": "(l_partkey = part.p_partkey)","Rows Removed by Index Recheck": 0,"Filter": "((l_shipmode = ANY ('{AIR,\"AIR REG\"}'::bpchar[])) AND (l_shipinstruct = 'DELIVER IN PERSON'::bpchar) AND (((l_quantity >= '10'::numeric) AND (l_quantity <= '20'::numeric)) OR ((l_quantity >= '20'::numeric) AND (l_quantity <= '30'::numeric)) OR ((l_quantity >= '29'::numeric) AND (l_quantity <= '39'::numeric))) AND (((part.p_brand = 'Brand#23'::bpchar) AND (part.p_container = ANY ('{\"SM CASE\",\"SM BOX\",\"SM PACK\",\"SM PKG\"}'::bpchar[])) AND (l_quantity >= '10'::numeric) AND (l_quantity <= '20'::numeric) AND (part.p_size <= 5)) OR ((part.p_brand = 'Brand#35'::bpchar) AND (part.p_container = ANY ('{\"MED BAG\",\"MED BOX\",\"MED PKG\",\"MED PACK\"}'::bpchar[])) AND (l_quantity >= '20'::numeric) AND (l_quantity <= '30'::numeric) AND (part.p_size <= 10)) OR ((part.p_brand = 'Brand#31'::bpchar) AND (part.p_container = ANY ('{\"LG CASE\",\"LG BOX\",\"LG PACK\",\"LG PKG\"}'::bpchar[])) AND (l_quantity >= '29'::numeric) AND (l_quantity <= '39'::numeric) AND (part.p_size <= 15))))","Rows Removed by Filter": 30,"Workers": []}]}]}]}]},"Planning Time": 6.511,"Triggers": [],"Execution Time": 97.996}]
[{"Plan": {"Node Type": "Aggregate","Strategy": "Plain","Partial Mode": "Finalize","Parallel Aware": false,"Async Capable": false,"Startup Cost": 33397.54,"Total Cost": 33397.55,"Plan Rows": 1,"Plan Width": 32,"Actual Startup Time": 88.973,"Actual Total Time": 104.549,"Actual Rows": 1,"Actual Loops": 1,"Plans": [{"Node Type": "Gather","Parent Relationship": "Outer","Parallel Aware": false,"Async Capable": false,"Startup Cost": 33397.32,"Total Cost": 33397.53,"Plan Rows": 2,"Plan Width": 32,"Actual Startup Time": 88.755,"Actual Total Time": 104.524,"Actual Rows": 3,"Actual Loops": 1,"Workers Planned": 2,"Workers Launched": 2,"Single Copy": false,"Plans": [{"Node Type": "Aggregate","Strategy": "Plain","Partial Mode": "Partial","Parent Relationship": "Outer","Parallel Aware": false,"Async Capable": false,"Startup Cost": 32397.32,"Total Cost": 32397.33,"Plan Rows": 1,"Plan Width": 32,"Actual Startup Time": 81.892,"Actual Total Time": 81.894,"Actual Rows": 1,"Actual Loops": 3,"Workers": [],"Plans": [{"Node Type": "Nested Loop","Parent Relationship": "Outer","Parallel Aware": false,"Async Capable": false,"Join Type": "Inner","Startup Cost": 0.43,"Total Cost": 32396.97,"Plan Rows": 46,"Plan Width": 12,"Actual Startup Time": 6.002,"Actual Total Time": 81.831,"Actual Rows": 35,"Actual Loops": 3,"Inner Unique": false,"Workers": [],"Plans": [{"Node Type": "Seq Scan","Parent Relationship": "Outer","Parallel Aware": true,"Async Capable": false,"Relation Name": "part","Alias": "part","Startup Cost": 0.00,"Total Cost": 7638.67,"Plan Rows": 201,"Plan Width": 30,"Actual Startup Time": 0.742,"Actual Total Time": 34.826,"Actual Rows": 167,"Actual Loops": 3,"Filter": "((p_size >= 1) AND (((p_brand = 'Brand#51'::bpchar) AND (p_container = ANY ('{\"SM CASE\",\"SM BOX\",\"SM PACK\",\"SM PKG\"}'::bpchar[])) AND (p_size <= 5)) OR ((p_brand = 'Brand#54'::bpchar) AND (p_container = ANY ('{\"MED BAG\",\"MED BOX\",\"MED PKG\",\"MED PACK\"}'::bpchar[])) AND (p_size <= 10)) OR ((p_brand = 'Brand#11'::bpchar) AND (p_container = ANY ('{\"LG CASE\",\"LG BOX\",\"LG PACK\",\"LG PKG\"}'::bpchar[])) AND (p_size <= 15))))","Rows Removed by Filter": 66500,"Workers": []},{"Node Type": "Index Scan","Parent Relationship": "Inner","Parallel Aware": false,"Async Capable": false,"Scan Direction": "Forward","Index Name": "idx_lineitem_part_supp","Relation Name": "lineitem","Alias": "lineitem","Startup Cost": 0.43,"Total Cost": 123.17,"Plan Rows": 1,"Plan Width": 21,"Actual Startup Time": 0.255,"Actual Total Time": 0.281,"Actual Rows": 0,"Actual Loops": 501,"Index Cond": "(l_partkey = part.p_partkey)","Rows Removed by Index Recheck": 0,"Filter": "((l_shipmode = ANY ('{AIR,\"AIR REG\"}'::bpchar[])) AND (l_shipinstruct = 'DELIVER IN PERSON'::bpchar) AND (((l_quantity >= '1'::numeric) AND (l_quantity <= '11'::numeric)) OR ((l_quantity >= '19'::numeric) AND (l_quantity <= '29'::numeric)) OR ((l_quantity >= '26'::numeric) AND (l_quantity <= '36'::numeric))) AND (((part.p_brand = 'Brand#51'::bpchar) AND (part.p_container = ANY ('{\"SM CASE\",\"SM BOX\",\"SM PACK\",\"SM PKG\"}'::bpchar[])) AND (l_quantity >= '1'::numeric) AND (l_quantity <= '11'::numeric) AND (part.p_size <= 5)) OR ((part.p_brand = 'Brand#54'::bpchar) AND (part.p_container = ANY ('{\"MED BAG\",\"MED BOX\",\"MED PKG\",\"MED PACK\"}'::bpchar[])) AND (l_quantity >= '19'::numeric) AND (l_quantity <= '29'::numeric) AND (part.p_size <= 10)) OR ((part.p_brand = 'Brand#11'::bpchar) AND (part.p_container = ANY ('{\"LG CASE\",\"LG BOX\",\"LG PACK\",\"LG PKG\"}'::bpchar[])) AND (l_quantity >= '26'::numeric) AND (l_quantity <= '36'::numeric) AND (part.p_size <= 15))))","Rows Removed by Filter": 30,"Workers": []}]}]}]}]},"Planning Time": 5.430,"Triggers": [],"Execution Time": 104.742}]
[{"Plan": {"Node Type": "Aggregate","Strategy": "Plain","Partial Mode": "Finalize","Parallel Aware": false,"Async Capable": false,"Startup Cost": 33512.71,"Total Cost": 33512.72,"Plan Rows": 1,"Plan Width": 32,"Actual Startup Time": 82.439,"Actual Total Time": 97.007,"Actual Rows": 1,"Actual Loops": 1,"Plans": [{"Node Type": "Gather","Parent Relationship": "Outer","Parallel Aware": false,"Async Capable": false,"Startup Cost": 33512.49,"Total Cost": 33512.70,"Plan Rows": 2,"Plan Width": 32,"Actual Startup Time": 82.244,"Actual Total Time": 96.982,"Actual Rows": 3,"Actual Loops": 1,"Workers Planned": 2,"Workers Launched": 2,"Single Copy": false,"Plans": [{"Node Type": "Aggregate","Strategy": "Plain","Partial Mode": "Partial","Parent Relationship": "Outer","Parallel Aware": false,"Async Capable": false,"Startup Cost": 32512.49,"Total Cost": 32512.50,"Plan Rows": 1,"Plan Width": 32,"Actual Startup Time": 75.586,"Actual Total Time": 75.588,"Actual Rows": 1,"Actual Loops": 3,"Workers": [],"Plans": [{"Node Type": "Nested Loop","Parent Relationship": "Outer","Parallel Aware": false,"Async Capable": false,"Join Type": "Inner","Startup Cost": 0.43,"Total Cost": 32512.13,"Plan Rows": 47,"Plan Width": 12,"Actual Startup Time": 4.997,"Actual Total Time": 75.544,"Actual Rows": 41,"Actual Loops": 3,"Inner Unique": false,"Workers": [],"Plans": [{"Node Type": "Seq Scan","Parent Relationship": "Outer","Parallel Aware": true,"Async Capable": false,"Relation Name": "part","Alias": "part","Startup Cost": 0.00,"Total Cost": 7638.67,"Plan Rows": 202,"Plan Width": 30,"Actual Startup Time": 0.475,"Actual Total Time": 31.178,"Actual Rows": 172,"Actual Loops": 3,"Filter": "((p_size >= 1) AND (((p_brand = 'Brand#15'::bpchar) AND (p_container = ANY ('{\"SM CASE\",\"SM BOX\",\"SM PACK\",\"SM PKG\"}'::bpchar[])) AND (p_size <= 5)) OR ((p_brand = 'Brand#23'::bpchar) AND (p_container = ANY ('{\"MED BAG\",\"MED BOX\",\"MED PKG\",\"MED PACK\"}'::bpchar[])) AND (p_size <= 10)) OR ((p_brand = 'Brand#22'::bpchar) AND (p_container = ANY ('{\"LG CASE\",\"LG BOX\",\"LG PACK\",\"LG PKG\"}'::bpchar[])) AND (p_size <= 15))))","Rows Removed by Filter": 66494,"Workers": []},{"Node Type": "Index Scan","Parent Relationship": "Inner","Parallel Aware": false,"Async Capable": false,"Scan Direction": "Forward","Index Name": "idx_lineitem_part_supp","Relation Name": "lineitem","Alias": "lineitem","Startup Cost": 0.43,"Total Cost": 123.13,"Plan Rows": 1,"Plan Width": 21,"Actual Startup Time": 0.229,"Actual Total Time": 0.257,"Actual Rows": 0,"Actual Loops": 517,"Index Cond": "(l_partkey = part.p_partkey)","Rows Removed by Index Recheck": 0,"Filter": "((l_shipmode = ANY ('{AIR,\"AIR REG\"}'::bpchar[])) AND (l_shipinstruct = 'DELIVER IN PERSON'::bpchar) AND (((l_quantity >= '4'::numeric) AND (l_quantity <= '14'::numeric)) OR ((l_quantity >= '12'::numeric) AND (l_quantity <= '22'::numeric)) OR ((l_quantity >= '30'::numeric) AND (l_quantity <= '40'::numeric))) AND (((part.p_brand = 'Brand#15'::bpchar) AND (part.p_container = ANY ('{\"SM CASE\",\"SM BOX\",\"SM PACK\",\"SM PKG\"}'::bpchar[])) AND (l_quantity >= '4'::numeric) AND (l_quantity <= '14'::numeric) AND (part.p_size <= 5)) OR ((part.p_brand = 'Brand#23'::bpchar) AND (part.p_container = ANY ('{\"MED BAG\",\"MED BOX\",\"MED PKG\",\"MED PACK\"}'::bpchar[])) AND (l_quantity >= '12'::numeric) AND (l_quantity <= '22'::numeric) AND (part.p_size <= 10)) OR ((part.p_brand = 'Brand#22'::bpchar) AND (part.p_container = ANY ('{\"LG CASE\",\"LG BOX\",\"LG PACK\",\"LG PKG\"}'::bpchar[])) AND (l_quantity >= '30'::numeric) AND (l_quantity <= '40'::numeric) AND (part.p_size <= 15))))","Rows Removed by Filter": 29,"Workers": []}]}]}]}]},"Planning Time": 6.189,"Triggers": [],"Execution Time": 97.217}]
[{"Plan": {"Node Type": "Aggregate","Strategy": "Plain","Partial Mode": "Finalize","Parallel Aware": false,"Async Capable": false,"Startup Cost": 34043.39,"Total Cost": 34043.40,"Plan Rows": 1,"Plan Width": 32,"Actual Startup Time": 88.973,"Actual Total Time": 103.560,"Actual Rows": 1,"Actual Loops": 1,"Plans": [{"Node Type": "Gather","Parent Relationship": "Outer","Parallel Aware": false,"Async Capable": false,"Startup Cost": 34043.17,"Total Cost": 34043.38,"Plan Rows": 2,"Plan Width": 32,"Actual Startup Time": 88.819,"Actual Total Time": 103.533,"Actual Rows": 3,"Actual Loops": 1,"Workers Planned": 2,"Workers Launched": 2,"Single Copy": false,"Plans": [{"Node Type": "Aggregate","Strategy": "Plain","Partial Mode": "Partial","Parent Relationship": "Outer","Parallel Aware": false,"Async Capable": false,"Startup Cost": 33043.17,"Total Cost": 33043.18,"Plan Rows": 1,"Plan Width": 32,"Actual Startup Time": 82.070,"Actual Total Time": 82.072,"Actual Rows": 1,"Actual Loops": 3,"Workers": [],"Plans": [{"Node Type": "Nested Loop","Parent Relationship": "Outer","Parallel Aware": false,"Async Capable": false,"Join Type": "Inner","Startup Cost": 4.54,"Total Cost": 33042.80,"Plan Rows": 48,"Plan Width": 12,"Actual Startup Time": 4.027,"Actual Total Time": 82.028,"Actual Rows": 33,"Actual Loops": 3,"Inner Unique": false,"Workers": [],"Plans": [{"Node Type": "Seq Scan","Parent Relationship": "Outer","Parallel Aware": true,"Async Capable": false,"Relation Name": "part","Alias": "part","Startup Cost": 0.00,"Total Cost": 7638.67,"Plan Rows": 209,"Plan Width": 30,"Actual Startup Time": 1.363,"Actual Total Time": 36.097,"Actual Rows": 151,"Actual Loops": 3,"Filter": "((p_size >= 1) AND (((p_brand = 'Brand#21'::bpchar) AND (p_container = ANY ('{\"SM CASE\",\"SM BOX\",\"SM PACK\",\"SM PKG\"}'::bpchar[])) AND (p_size <= 5)) OR ((p_brand = 'Brand#21'::bpchar) AND (p_container = ANY ('{\"MED BAG\",\"MED BOX\",\"MED PKG\",\"MED PACK\"}'::bpchar[])) AND (p_size <= 10)) OR ((p_brand = 'Brand#45'::bpchar) AND (p_container = ANY ('{\"LG CASE\",\"LG BOX\",\"LG PACK\",\"LG PKG\"}'::bpchar[])) AND (p_size <= 15))))","Rows Removed by Filter": 66516,"Workers": []},{"Node Type": "Bitmap Heap Scan","Parent Relationship": "Inner","Parallel Aware": false,"Async Capable": false,"Relation Name": "lineitem","Alias": "lineitem","Startup Cost": 4.54,"Total Cost": 121.54,"Plan Rows": 1,"Plan Width": 21,"Actual Startup Time": 0.274,"Actual Total Time": 0.304,"Actual Rows": 0,"Actual Loops": 452,"Recheck Cond": "(l_partkey = part.p_partkey)","Rows Removed by Index Recheck": 0,"Filter": "((l_shipmode = ANY ('{AIR,\"AIR REG\"}'::bpchar[])) AND (l_shipinstruct = 'DELIVER IN PERSON'::bpchar) AND (((l_quantity >= '8'::numeric) AND (l_quantity <= '18'::numeric)) OR ((l_quantity >= '18'::numeric) AND (l_quantity <= '28'::numeric)) OR ((l_quantity >= '26'::numeric) AND (l_quantity <= '36'::numeric))) AND (((part.p_brand = 'Brand#21'::bpchar) AND (part.p_container = ANY ('{\"SM CASE\",\"SM BOX\",\"SM PACK\",\"SM PKG\"}'::bpchar[])) AND (l_quantity >= '8'::numeric) AND (l_quantity <= '18'::numeric) AND (part.p_size <= 5)) OR ((part.p_brand = 'Brand#21'::bpchar) AND (part.p_container = ANY ('{\"MED BAG\",\"MED BOX\",\"MED PKG\",\"MED PACK\"}'::bpchar[])) AND (l_quantity >= '18'::numeric) AND (l_quantity <= '28'::numeric) AND (part.p_size <= 10)) OR ((part.p_brand = 'Brand#45'::bpchar) AND (part.p_container = ANY ('{\"LG CASE\",\"LG BOX\",\"LG PACK\",\"LG PKG\"}'::bpchar[])) AND (l_quantity >= '26'::numeric) AND (l_quantity <= '36'::numeric) AND (part.p_size <= 15))))","Rows Removed by Filter": 30,"Exact Heap Blocks": 4757,"Lossy Heap Blocks": 0,"Workers": [],"Plans": [{"Node Type": "Bitmap Index Scan","Parent Relationship": "Outer","Parallel Aware": false,"Async Capable": false,"Index Name": "idx_lineitem_part_supp","Startup Cost": 0.00,"Total Cost": 4.53,"Plan Rows": 31,"Plan Width": 0,"Actual Startup Time": 0.012,"Actual Total Time": 0.012,"Actual Rows": 30,"Actual Loops": 452,"Index Cond": "(l_partkey = part.p_partkey)","Workers": []}]}]}]}]}]},"Planning Time": 5.207,"Triggers": [],"Execution Time": 103.752}]
[{"Plan": {"Node Type": "Aggregate","Strategy": "Plain","Partial Mode": "Finalize","Parallel Aware": false,"Async Capable": false,"Startup Cost": 33738.84,"Total Cost": 33738.85,"Plan Rows": 1,"Plan Width": 32,"Actual Startup Time": 90.818,"Actual Total Time": 106.146,"Actual Rows": 1,"Actual Loops": 1,"Plans": [{"Node Type": "Gather","Parent Relationship": "Outer","Parallel Aware": false,"Async Capable": false,"Startup Cost": 33738.61,"Total Cost": 33738.82,"Plan Rows": 2,"Plan Width": 32,"Actual Startup Time": 90.175,"Actual Total Time": 106.124,"Actual Rows": 3,"Actual Loops": 1,"Workers Planned": 2,"Workers Launched": 2,"Single Copy": false,"Plans": [{"Node Type": "Aggregate","Strategy": "Plain","Partial Mode": "Partial","Parent Relationship": "Outer","Parallel Aware": false,"Async Capable": false,"Startup Cost": 32738.61,"Total Cost": 32738.62,"Plan Rows": 1,"Plan Width": 32,"Actual Startup Time": 83.864,"Actual Total Time": 83.867,"Actual Rows": 1,"Actual Loops": 3,"Workers": [],"Plans": [{"Node Type": "Nested Loop","Parent Relationship": "Outer","Parallel Aware": false,"Async Capable": false,"Join Type": "Inner","Startup Cost": 0.43,"Total Cost": 32738.25,"Plan Rows": 48,"Plan Width": 12,"Actual Startup Time": 4.686,"Actual Total Time": 83.823,"Actual Rows": 41,"Actual Loops": 3,"Inner Unique": false,"Workers": [],"Plans": [{"Node Type": "Seq Scan","Parent Relationship": "Outer","Parallel Aware": true,"Async Capable": false,"Relation Name": "part","Alias": "part","Startup Cost": 0.00,"Total Cost": 7638.67,"Plan Rows": 204,"Plan Width": 30,"Actual Startup Time": 0.347,"Actual Total Time": 34.769,"Actual Rows": 179,"Actual Loops": 3,"Filter": "((p_size >= 1) AND (((p_brand = 'Brand#24'::bpchar) AND (p_container = ANY ('{\"SM CASE\",\"SM BOX\",\"SM PACK\",\"SM PKG\"}'::bpchar[])) AND (p_size <= 5)) OR ((p_brand = 'Brand#41'::bpchar) AND (p_container = ANY ('{\"MED BAG\",\"MED BOX\",\"MED PKG\",\"MED PACK\"}'::bpchar[])) AND (p_size <= 10)) OR ((p_brand = 'Brand#22'::bpchar) AND (p_container = ANY ('{\"LG CASE\",\"LG BOX\",\"LG PACK\",\"LG PKG\"}'::bpchar[])) AND (p_size <= 15))))","Rows Removed by Filter": 66488,"Workers": []},{"Node Type": "Index Scan","Parent Relationship": "Inner","Parallel Aware": false,"Async Capable": false,"Scan Direction": "Forward","Index Name": "idx_lineitem_part_supp","Relation Name": "lineitem","Alias": "lineitem","Startup Cost": 0.43,"Total Cost": 123.03,"Plan Rows": 1,"Plan Width": 21,"Actual Startup Time": 0.246,"Actual Total Time": 0.274,"Actual Rows": 0,"Actual Loops": 537,"Index Cond": "(l_partkey = part.p_partkey)","Rows Removed by Index Recheck": 0,"Filter": "((l_shipmode = ANY ('{AIR,\"AIR REG\"}'::bpchar[])) AND (l_shipinstruct = 'DELIVER IN PERSON'::bpchar) AND (((l_quantity >= '8'::numeric) AND (l_quantity <= '18'::numeric)) OR ((l_quantity >= '12'::numeric) AND (l_quantity <= '22'::numeric)) OR ((l_quantity >= '25'::numeric) AND (l_quantity <= '35'::numeric))) AND (((part.p_brand = 'Brand#24'::bpchar) AND (part.p_container = ANY ('{\"SM CASE\",\"SM BOX\",\"SM PACK\",\"SM PKG\"}'::bpchar[])) AND (l_quantity >= '8'::numeric) AND (l_quantity <= '18'::numeric) AND (part.p_size <= 5)) OR ((part.p_brand = 'Brand#41'::bpchar) AND (part.p_container = ANY ('{\"MED BAG\",\"MED BOX\",\"MED PKG\",\"MED PACK\"}'::bpchar[])) AND (l_quantity >= '12'::numeric) AND (l_quantity <= '22'::numeric) AND (part.p_size <= 10)) OR ((part.p_brand = 'Brand#22'::bpchar) AND (part.p_container = ANY ('{\"LG CASE\",\"LG BOX\",\"LG PACK\",\"LG PKG\"}'::bpchar[])) AND (l_quantity >= '25'::numeric) AND (l_quantity <= '35'::numeric) AND (part.p_size <= 15))))","Rows Removed by Filter": 30,"Workers": []}]}]}]}]},"Planning Time": 5.825,"Triggers": [],"Execution Time": 106.312}]
[{"Plan": {"Node Type": "Aggregate","Strategy": "Plain","Partial Mode": "Finalize","Parallel Aware": false,"Async Capable": false,"Startup Cost": 33508.38,"Total Cost": 33508.39,"Plan Rows": 1,"Plan Width": 32,"Actual Startup Time": 83.679,"Actual Total Time": 98.280,"Actual Rows": 1,"Actual Loops": 1,"Plans": [{"Node Type": "Gather","Parent Relationship": "Outer","Parallel Aware": false,"Async Capable": false,"Startup Cost": 33508.16,"Total Cost": 33508.37,"Plan Rows": 2,"Plan Width": 32,"Actual Startup Time": 83.500,"Actual Total Time": 98.263,"Actual Rows": 3,"Actual Loops": 1,"Workers Planned": 2,"Workers Launched": 2,"Single Copy": false,"Plans": [{"Node Type": "Aggregate","Strategy": "Plain","Partial Mode": "Partial","Parent Relationship": "Outer","Parallel Aware": false,"Async Capable": false,"Startup Cost": 32508.16,"Total Cost": 32508.17,"Plan Rows": 1,"Plan Width": 32,"Actual Startup Time": 76.865,"Actual Total Time": 76.867,"Actual Rows": 1,"Actual Loops": 3,"Workers": [],"Plans": [{"Node Type": "Nested Loop","Parent Relationship": "Outer","Parallel Aware": false,"Async Capable": false,"Join Type": "Inner","Startup Cost": 0.43,"Total Cost": 32507.80,"Plan Rows": 47,"Plan Width": 12,"Actual Startup Time": 2.408,"Actual Total Time": 76.813,"Actual Rows": 34,"Actual Loops": 3,"Inner Unique": false,"Workers": [],"Plans": [{"Node Type": "Seq Scan","Parent Relationship": "Outer","Parallel Aware": true,"Async Capable": false,"Relation Name": "part","Alias": "part","Startup Cost": 0.00,"Total Cost": 7638.67,"Plan Rows": 202,"Plan Width": 30,"Actual Startup Time": 0.469,"Actual Total Time": 33.555,"Actual Rows": 158,"Actual Loops": 3,"Filter": "((p_size >= 1) AND (((p_brand = 'Brand#11'::bpchar) AND (p_container = ANY ('{\"SM CASE\",\"SM BOX\",\"SM PACK\",\"SM PKG\"}'::bpchar[])) AND (p_size <= 5)) OR ((p_brand = 'Brand#14'::bpchar) AND (p_container = ANY ('{\"MED BAG\",\"MED BOX\",\"MED PKG\",\"MED PACK\"}'::bpchar[])) AND (p_size <= 10)) OR ((p_brand = 'Brand#12'::bpchar) AND (p_container = ANY ('{\"LG CASE\",\"LG BOX\",\"LG PACK\",\"LG PKG\"}'::bpchar[])) AND (p_size <= 15))))","Rows Removed by Filter": 66508,"Workers": []},{"Node Type": "Index Scan","Parent Relationship": "Inner","Parallel Aware": false,"Async Capable": false,"Scan Direction": "Forward","Index Name": "idx_lineitem_part_supp","Relation Name": "lineitem","Alias": "lineitem","Startup Cost": 0.43,"Total Cost": 123.10,"Plan Rows": 1,"Plan Width": 21,"Actual Startup Time": 0.246,"Actual Total Time": 0.273,"Actual Rows": 0,"Actual Loops": 475,"Index Cond": "(l_partkey = part.p_partkey)","Rows Removed by Index Recheck": 0,"Filter": "((l_shipmode = ANY ('{AIR,\"AIR REG\"}'::bpchar[])) AND (l_shipinstruct = 'DELIVER IN PERSON'::bpchar) AND (((l_quantity >= '9'::numeric) AND (l_quantity <= '19'::numeric)) OR ((l_quantity >= '15'::numeric) AND (l_quantity <= '25'::numeric)) OR ((l_quantity >= '30'::numeric) AND (l_quantity <= '40'::numeric))) AND (((part.p_brand = 'Brand#11'::bpchar) AND (part.p_container = ANY ('{\"SM CASE\",\"SM BOX\",\"SM PACK\",\"SM PKG\"}'::bpchar[])) AND (l_quantity >= '9'::numeric) AND (l_quantity <= '19'::numeric) AND (part.p_size <= 5)) OR ((part.p_brand = 'Brand#14'::bpchar) AND (part.p_container = ANY ('{\"MED BAG\",\"MED BOX\",\"MED PKG\",\"MED PACK\"}'::bpchar[])) AND (l_quantity >= '15'::numeric) AND (l_quantity <= '25'::numeric) AND (part.p_size <= 10)) OR ((part.p_brand = 'Brand#12'::bpchar) AND (part.p_container = ANY ('{\"LG CASE\",\"LG BOX\",\"LG PACK\",\"LG PKG\"}'::bpchar[])) AND (l_quantity >= '30'::numeric) AND (l_quantity <= '40'::numeric) AND (part.p_size <= 15))))","Rows Removed by Filter": 30,"Workers": []}]}]}]}]},"Planning Time": 6.500,"Triggers": [],"Execution Time": 98.457}]
[{"Plan": {"Node Type": "Aggregate","Strategy": "Plain","Partial Mode": "Finalize","Parallel Aware": false,"Async Capable": false,"Startup Cost": 33395.04,"Total Cost": 33395.05,"Plan Rows": 1,"Plan Width": 32,"Actual Startup Time": 80.562,"Actual Total Time": 94.642,"Actual Rows": 1,"Actual Loops": 1,"Plans": [{"Node Type": "Gather","Parent Relationship": "Outer","Parallel Aware": false,"Async Capable": false,"Startup Cost": 33394.82,"Total Cost": 33395.03,"Plan Rows": 2,"Plan Width": 32,"Actual Startup Time": 80.326,"Actual Total Time": 94.620,"Actual Rows": 3,"Actual Loops": 1,"Workers Planned": 2,"Workers Launched": 2,"Single Copy": false,"Plans": [{"Node Type": "Aggregate","Strategy": "Plain","Partial Mode": "Partial","Parent Relationship": "Outer","Parallel Aware": false,"Async Capable": false,"Startup Cost": 32394.82,"Total Cost": 32394.83,"Plan Rows": 1,"Plan Width": 32,"Actual Startup Time": 73.984,"Actual Total Time": 73.987,"Actual Rows": 1,"Actual Loops": 3,"Workers": [],"Plans": [{"Node Type": "Nested Loop","Parent Relationship": "Outer","Parallel Aware": false,"Async Capable": false,"Join Type": "Inner","Startup Cost": 0.43,"Total Cost": 32394.46,"Plan Rows": 47,"Plan Width": 12,"Actual Startup Time": 1.857,"Actual Total Time": 73.942,"Actual Rows": 42,"Actual Loops": 3,"Inner Unique": false,"Workers": [],"Plans": [{"Node Type": "Seq Scan","Parent Relationship": "Outer","Parallel Aware": true,"Async Capable": false,"Relation Name": "part","Alias": "part","Startup Cost": 0.00,"Total Cost": 7638.67,"Plan Rows": 201,"Plan Width": 30,"Actual Startup Time": 0.277,"Actual Total Time": 33.841,"Actual Rows": 145,"Actual Loops": 3,"Filter": "((p_size >= 1) AND (((p_brand = 'Brand#52'::bpchar) AND (p_container = ANY ('{\"SM CASE\",\"SM BOX\",\"SM PACK\",\"SM PKG\"}'::bpchar[])) AND (p_size <= 5)) OR ((p_brand = 'Brand#42'::bpchar) AND (p_container = ANY ('{\"MED BAG\",\"MED BOX\",\"MED PKG\",\"MED PACK\"}'::bpchar[])) AND (p_size <= 10)) OR ((p_brand = 'Brand#25'::bpchar) AND (p_container = ANY ('{\"LG CASE\",\"LG BOX\",\"LG PACK\",\"LG PKG\"}'::bpchar[])) AND (p_size <= 15))))","Rows Removed by Filter": 66522,"Workers": []},{"Node Type": "Index Scan","Parent Relationship": "Inner","Parallel Aware": false,"Async Capable": false,"Scan Direction": "Forward","Index Name": "idx_lineitem_part_supp","Relation Name": "lineitem","Alias": "lineitem","Startup Cost": 0.43,"Total Cost": 123.15,"Plan Rows": 1,"Plan Width": 21,"Actual Startup Time": 0.238,"Actual Total Time": 0.277,"Actual Rows": 0,"Actual Loops": 434,"Index Cond": "(l_partkey = part.p_partkey)","Rows Removed by Index Recheck": 0,"Filter": "((l_shipmode = ANY ('{AIR,\"AIR REG\"}'::bpchar[])) AND (l_shipinstruct = 'DELIVER IN PERSON'::bpchar) AND (((l_quantity >= '8'::numeric) AND (l_quantity <= '18'::numeric)) OR ((l_quantity >= '18'::numeric) AND (l_quantity <= '28'::numeric)) OR ((l_quantity >= '25'::numeric) AND (l_quantity <= '35'::numeric))) AND (((part.p_brand = 'Brand#52'::bpchar) AND (part.p_container = ANY ('{\"SM CASE\",\"SM BOX\",\"SM PACK\",\"SM PKG\"}'::bpchar[])) AND (l_quantity >= '8'::numeric) AND (l_quantity <= '18'::numeric) AND (part.p_size <= 5)) OR ((part.p_brand = 'Brand#42'::bpchar) AND (part.p_container = ANY ('{\"MED BAG\",\"MED BOX\",\"MED PKG\",\"MED PACK\"}'::bpchar[])) AND (l_quantity >= '18'::numeric) AND (l_quantity <= '28'::numeric) AND (part.p_size <= 10)) OR ((part.p_brand = 'Brand#25'::bpchar) AND (part.p_container = ANY ('{\"LG CASE\",\"LG BOX\",\"LG PACK\",\"LG PKG\"}'::bpchar[])) AND (l_quantity >= '25'::numeric) AND (l_quantity <= '35'::numeric) AND (part.p_size <= 15))))","Rows Removed by Filter": 29,"Workers": []}]}]}]}]},"Planning Time": 6.014,"Triggers": [],"Execution Time": 94.800}]
[{"Plan": {"Node Type": "Aggregate","Strategy": "Plain","Partial Mode": "Finalize","Parallel Aware": false,"Async Capable": false,"Startup Cost": 33158.97,"Total Cost": 33158.98,"Plan Rows": 1,"Plan Width": 32,"Actual Startup Time": 85.177,"Actual Total Time": 99.744,"Actual Rows": 1,"Actual Loops": 1,"Plans": [{"Node Type": "Gather","Parent Relationship": "Outer","Parallel Aware": false,"Async Capable": false,"Startup Cost": 33158.75,"Total Cost": 33158.96,"Plan Rows": 2,"Plan Width": 32,"Actual Startup Time": 85.012,"Actual Total Time": 99.716,"Actual Rows": 3,"Actual Loops": 1,"Workers Planned": 2,"Workers Launched": 2,"Single Copy": false,"Plans": [{"Node Type": "Aggregate","Strategy": "Plain","Partial Mode": "Partial","Parent Relationship": "Outer","Parallel Aware": false,"Async Capable": false,"Startup Cost": 32158.75,"Total Cost": 32158.76,"Plan Rows": 1,"Plan Width": 32,"Actual Startup Time": 78.229,"Actual Total Time": 78.233,"Actual Rows": 1,"Actual Loops": 3,"Workers": [],"Plans": [{"Node Type": "Nested Loop","Parent Relationship": "Outer","Parallel Aware": false,"Async Capable": false,"Join Type": "Inner","Startup Cost": 0.43,"Total Cost": 32158.40,"Plan Rows": 46,"Plan Width": 12,"Actual Startup Time": 3.815,"Actual Total Time": 78.184,"Actual Rows": 39,"Actual Loops": 3,"Inner Unique": false,"Workers": [],"Plans": [{"Node Type": "Seq Scan","Parent Relationship": "Outer","Parallel Aware": true,"Async Capable": false,"Relation Name": "part","Alias": "part","Startup Cost": 0.00,"Total Cost": 7638.67,"Plan Rows": 199,"Plan Width": 30,"Actual Startup Time": 0.360,"Actual Total Time": 32.242,"Actual Rows": 173,"Actual Loops": 3,"Filter": "((p_size >= 1) AND (((p_brand = 'Brand#42'::bpchar) AND (p_container = ANY ('{\"SM CASE\",\"SM BOX\",\"SM PACK\",\"SM PKG\"}'::bpchar[])) AND (p_size <= 5)) OR ((p_brand = 'Brand#32'::bpchar) AND (p_container = ANY ('{\"MED BAG\",\"MED BOX\",\"MED PKG\",\"MED PACK\"}'::bpchar[])) AND (p_size <= 10)) OR ((p_brand = 'Brand#12'::bpchar) AND (p_container = ANY ('{\"LG CASE\",\"LG BOX\",\"LG PACK\",\"LG PKG\"}'::bpchar[])) AND (p_size <= 15))))","Rows Removed by Filter": 66493,"Workers": []},{"Node Type": "Index Scan","Parent Relationship": "Inner","Parallel Aware": false,"Async Capable": false,"Scan Direction": "Forward","Index Name": "idx_lineitem_part_supp","Relation Name": "lineitem","Alias": "lineitem","Startup Cost": 0.43,"Total Cost": 123.20,"Plan Rows": 1,"Plan Width": 21,"Actual Startup Time": 0.241,"Actual Total Time": 0.265,"Actual Rows": 0,"Actual Loops": 520,"Index Cond": "(l_partkey = part.p_partkey)","Rows Removed by Index Recheck": 0,"Filter": "((l_shipmode = ANY ('{AIR,\"AIR REG\"}'::bpchar[])) AND (l_shipinstruct = 'DELIVER IN PERSON'::bpchar) AND (((l_quantity >= '1'::numeric) AND (l_quantity <= '11'::numeric)) OR ((l_quantity >= '13'::numeric) AND (l_quantity <= '23'::numeric)) OR ((l_quantity >= '26'::numeric) AND (l_quantity <= '36'::numeric))) AND (((part.p_brand = 'Brand#42'::bpchar) AND (part.p_container = ANY ('{\"SM CASE\",\"SM BOX\",\"SM PACK\",\"SM PKG\"}'::bpchar[])) AND (l_quantity >= '1'::numeric) AND (l_quantity <= '11'::numeric) AND (part.p_size <= 5)) OR ((part.p_brand = 'Brand#32'::bpchar) AND (part.p_container = ANY ('{\"MED BAG\",\"MED BOX\",\"MED PKG\",\"MED PACK\"}'::bpchar[])) AND (l_quantity >= '13'::numeric) AND (l_quantity <= '23'::numeric) AND (part.p_size <= 10)) OR ((part.p_brand = 'Brand#12'::bpchar) AND (part.p_container = ANY ('{\"LG CASE\",\"LG BOX\",\"LG PACK\",\"LG PKG\"}'::bpchar[])) AND (l_quantity >= '26'::numeric) AND (l_quantity <= '36'::numeric) AND (part.p_size <= 15))))","Rows Removed by Filter": 30,"Workers": []}]}]}]}]},"Planning Time": 6.343,"Triggers": [],"Execution Time": 99.953}]
[{"Plan": {"Node Type": "Aggregate","Strategy": "Plain","Partial Mode": "Finalize","Parallel Aware": false,"Async Capable": false,"Startup Cost": 33508.74,"Total Cost": 33508.75,"Plan Rows": 1,"Plan Width": 32,"Actual Startup Time": 83.005,"Actual Total Time": 98.512,"Actual Rows": 1,"Actual Loops": 1,"Plans": [{"Node Type": "Gather","Parent Relationship": "Outer","Parallel Aware": false,"Async Capable": false,"Startup Cost": 33508.52,"Total Cost": 33508.73,"Plan Rows": 2,"Plan Width": 32,"Actual Startup Time": 82.856,"Actual Total Time": 98.478,"Actual Rows": 3,"Actual Loops": 1,"Workers Planned": 2,"Workers Launched": 2,"Single Copy": false,"Plans": [{"Node Type": "Aggregate","Strategy": "Plain","Partial Mode": "Partial","Parent Relationship": "Outer","Parallel Aware": false,"Async Capable": false,"Startup Cost": 32508.52,"Total Cost": 32508.53,"Plan Rows": 1,"Plan Width": 32,"Actual Startup Time": 76.766,"Actual Total Time": 76.769,"Actual Rows": 1,"Actual Loops": 3,"Workers": [],"Plans": [{"Node Type": "Nested Loop","Parent Relationship": "Outer","Parallel Aware": false,"Async Capable": false,"Join Type": "Inner","Startup Cost": 0.43,"Total Cost": 32508.16,"Plan Rows": 47,"Plan Width": 12,"Actual Startup Time": 4.514,"Actual Total Time": 76.720,"Actual Rows": 39,"Actual Loops": 3,"Inner Unique": false,"Workers": [],"Plans": [{"Node Type": "Seq Scan","Parent Relationship": "Outer","Parallel Aware": true,"Async Capable": false,"Relation Name": "part","Alias": "part","Startup Cost": 0.00,"Total Cost": 7638.67,"Plan Rows": 202,"Plan Width": 30,"Actual Startup Time": 0.382,"Actual Total Time": 31.218,"Actual Rows": 180,"Actual Loops": 3,"Filter": "((p_size >= 1) AND (((p_brand = 'Brand#24'::bpchar) AND (p_container = ANY ('{\"SM CASE\",\"SM BOX\",\"SM PACK\",\"SM PKG\"}'::bpchar[])) AND (p_size <= 5)) OR ((p_brand = 'Brand#44'::bpchar) AND (p_container = ANY ('{\"MED BAG\",\"MED BOX\",\"MED PKG\",\"MED PACK\"}'::bpchar[])) AND (p_size <= 10)) OR ((p_brand = 'Brand#53'::bpchar) AND (p_container = ANY ('{\"LG CASE\",\"LG BOX\",\"LG PACK\",\"LG PKG\"}'::bpchar[])) AND (p_size <= 15))))","Rows Removed by Filter": 66487,"Workers": []},{"Node Type": "Index Scan","Parent Relationship": "Inner","Parallel Aware": false,"Async Capable": false,"Scan Direction": "Forward","Index Name": "idx_lineitem_part_supp","Relation Name": "lineitem","Alias": "lineitem","Startup Cost": 0.43,"Total Cost": 123.11,"Plan Rows": 1,"Plan Width": 21,"Actual Startup Time": 0.229,"Actual Total Time": 0.253,"Actual Rows": 0,"Actual Loops": 539,"Index Cond": "(l_partkey = part.p_partkey)","Rows Removed by Index Recheck": 0,"Filter": "((l_shipmode = ANY ('{AIR,\"AIR REG\"}'::bpchar[])) AND (l_shipinstruct = 'DELIVER IN PERSON'::bpchar) AND (((l_quantity >= '5'::numeric) AND (l_quantity <= '15'::numeric)) OR ((l_quantity >= '11'::numeric) AND (l_quantity <= '21'::numeric)) OR ((l_quantity >= '30'::numeric) AND (l_quantity <= '40'::numeric))) AND (((part.p_brand = 'Brand#24'::bpchar) AND (part.p_container = ANY ('{\"SM CASE\",\"SM BOX\",\"SM PACK\",\"SM PKG\"}'::bpchar[])) AND (l_quantity >= '5'::numeric) AND (l_quantity <= '15'::numeric) AND (part.p_size <= 5)) OR ((part.p_brand = 'Brand#44'::bpchar) AND (part.p_container = ANY ('{\"MED BAG\",\"MED BOX\",\"MED PKG\",\"MED PACK\"}'::bpchar[])) AND (l_quantity >= '11'::numeric) AND (l_quantity <= '21'::numeric) AND (part.p_size <= 10)) OR ((part.p_brand = 'Brand#53'::bpchar) AND (part.p_container = ANY ('{\"LG CASE\",\"LG BOX\",\"LG PACK\",\"LG PKG\"}'::bpchar[])) AND (l_quantity >= '30'::numeric) AND (l_quantity <= '40'::numeric) AND (part.p_size <= 15))))","Rows Removed by Filter": 30,"Workers": []}]}]}]}]},"Planning Time": 6.144,"Triggers": [],"Execution Time": 98.692}]
[{"Plan": {"Node Type": "Aggregate","Strategy": "Plain","Partial Mode": "Finalize","Parallel Aware": false,"Async Capable": false,"Startup Cost": 33627.45,"Total Cost": 33627.46,"Plan Rows": 1,"Plan Width": 32,"Actual Startup Time": 82.039,"Actual Total Time": 96.750,"Actual Rows": 1,"Actual Loops": 1,"Plans": [{"Node Type": "Gather","Parent Relationship": "Outer","Parallel Aware": false,"Async Capable": false,"Startup Cost": 33627.22,"Total Cost": 33627.43,"Plan Rows": 2,"Plan Width": 32,"Actual Startup Time": 81.906,"Actual Total Time": 96.723,"Actual Rows": 3,"Actual Loops": 1,"Workers Planned": 2,"Workers Launched": 2,"Single Copy": false,"Plans": [{"Node Type": "Aggregate","Strategy": "Plain","Partial Mode": "Partial","Parent Relationship": "Outer","Parallel Aware": false,"Async Capable": false,"Startup Cost": 32627.22,"Total Cost": 32627.23,"Plan Rows": 1,"Plan Width": 32,"Actual Startup Time": 75.528,"Actual Total Time": 75.529,"Actual Rows": 1,"Actual Loops": 3,"Workers": [],"Plans": [{"Node Type": "Nested Loop","Parent Relationship": "Outer","Parallel Aware": false,"Async Capable": false,"Join Type": "Inner","Startup Cost": 0.43,"Total Cost": 32626.87,"Plan Rows": 47,"Plan Width": 12,"Actual Startup Time": 2.127,"Actual Total Time": 75.478,"Actual Rows": 32,"Actual Loops": 3,"Inner Unique": false,"Workers": [],"Plans": [{"Node Type": "Seq Scan","Parent Relationship": "Outer","Parallel Aware": true,"Async Capable": false,"Relation Name": "part","Alias": "part","Startup Cost": 0.00,"Total Cost": 7638.67,"Plan Rows": 203,"Plan Width": 30,"Actual Startup Time": 0.362,"Actual Total Time": 31.405,"Actual Rows": 164,"Actual Loops": 3,"Filter": "((p_size >= 1) AND (((p_brand = 'Brand#45'::bpchar) AND (p_container = ANY ('{\"SM CASE\",\"SM BOX\",\"SM PACK\",\"SM PKG\"}'::bpchar[])) AND (p_size <= 5)) OR ((p_brand = 'Brand#13'::bpchar) AND (p_container = ANY ('{\"MED BAG\",\"MED BOX\",\"MED PKG\",\"MED PACK\"}'::bpchar[])) AND (p_size <= 10)) OR ((p_brand = 'Brand#51'::bpchar) AND (p_container = ANY ('{\"LG CASE\",\"LG BOX\",\"LG PACK\",\"LG PKG\"}'::bpchar[])) AND (p_size <= 15))))","Rows Removed by Filter": 66503,"Workers": []},{"Node Type": "Index Scan","Parent Relationship": "Inner","Parallel Aware": false,"Async Capable": false,"Scan Direction": "Forward","Index Name": "idx_lineitem_part_supp","Relation Name": "lineitem","Alias": "lineitem","Startup Cost": 0.43,"Total Cost": 123.08,"Plan Rows": 1,"Plan Width": 21,"Actual Startup Time": 0.245,"Actual Total Time": 0.269,"Actual Rows": 0,"Actual Loops": 491,"Index Cond": "(l_partkey = part.p_partkey)","Rows Removed by Index Recheck": 0,"Filter": "((l_shipmode = ANY ('{AIR,\"AIR REG\"}'::bpchar[])) AND (l_shipinstruct = 'DELIVER IN PERSON'::bpchar) AND (((l_quantity >= '9'::numeric) AND (l_quantity <= '19'::numeric)) OR ((l_quantity >= '17'::numeric) AND (l_quantity <= '27'::numeric)) OR ((l_quantity >= '22'::numeric) AND (l_quantity <= '32'::numeric))) AND (((part.p_brand = 'Brand#45'::bpchar) AND (part.p_container = ANY ('{\"SM CASE\",\"SM BOX\",\"SM PACK\",\"SM PKG\"}'::bpchar[])) AND (l_quantity >= '9'::numeric) AND (l_quantity <= '19'::numeric) AND (part.p_size <= 5)) OR ((part.p_brand = 'Brand#13'::bpchar) AND (part.p_container = ANY ('{\"MED BAG\",\"MED BOX\",\"MED PKG\",\"MED PACK\"}'::bpchar[])) AND (l_quantity >= '17'::numeric) AND (l_quantity <= '27'::numeric) AND (part.p_size <= 10)) OR ((part.p_brand = 'Brand#51'::bpchar) AND (part.p_container = ANY ('{\"LG CASE\",\"LG BOX\",\"LG PACK\",\"LG PKG\"}'::bpchar[])) AND (l_quantity >= '22'::numeric) AND (l_quantity <= '32'::numeric) AND (part.p_size <= 15))))","Rows Removed by Filter": 30,"Workers": []}]}]}]}]},"Planning Time": 4.958,"Triggers": [],"Execution Time": 96.939}]
[{"Plan": {"Node Type": "Aggregate","Strategy": "Plain","Partial Mode": "Finalize","Parallel Aware": false,"Async Capable": false,"Startup Cost": 34043.97,"Total Cost": 34043.98,"Plan Rows": 1,"Plan Width": 32,"Actual Startup Time": 90.373,"Actual Total Time": 106.232,"Actual Rows": 1,"Actual Loops": 1,"Plans": [{"Node Type": "Gather","Parent Relationship": "Outer","Parallel Aware": false,"Async Capable": false,"Startup Cost": 34043.75,"Total Cost": 34043.96,"Plan Rows": 2,"Plan Width": 32,"Actual Startup Time": 90.052,"Actual Total Time": 106.211,"Actual Rows": 3,"Actual Loops": 1,"Workers Planned": 2,"Workers Launched": 2,"Single Copy": false,"Plans": [{"Node Type": "Aggregate","Strategy": "Plain","Partial Mode": "Partial","Parent Relationship": "Outer","Parallel Aware": false,"Async Capable": false,"Startup Cost": 33043.75,"Total Cost": 33043.76,"Plan Rows": 1,"Plan Width": 32,"Actual Startup Time": 83.953,"Actual Total Time": 83.955,"Actual Rows": 1,"Actual Loops": 3,"Workers": [],"Plans": [{"Node Type": "Nested Loop","Parent Relationship": "Outer","Parallel Aware": false,"Async Capable": false,"Join Type": "Inner","Startup Cost": 4.54,"Total Cost": 33043.38,"Plan Rows": 49,"Plan Width": 12,"Actual Startup Time": 3.238,"Actual Total Time": 83.893,"Actual Rows": 46,"Actual Loops": 3,"Inner Unique": false,"Workers": [],"Plans": [{"Node Type": "Seq Scan","Parent Relationship": "Outer","Parallel Aware": true,"Async Capable": false,"Relation Name": "part","Alias": "part","Startup Cost": 0.00,"Total Cost": 7638.67,"Plan Rows": 209,"Plan Width": 30,"Actual Startup Time": 0.212,"Actual Total Time": 32.243,"Actual Rows": 186,"Actual Loops": 3,"Filter": "((p_size >= 1) AND (((p_brand = 'Brand#31'::bpchar) AND (p_container = ANY ('{\"SM CASE\",\"SM BOX\",\"SM PACK\",\"SM PKG\"}'::bpchar[])) AND (p_size <= 5)) OR ((p_brand = 'Brand#44'::bpchar) AND (p_container = ANY ('{\"MED BAG\",\"MED BOX\",\"MED PKG\",\"MED PACK\"}'::bpchar[])) AND (p_size <= 10)) OR ((p_brand = 'Brand#33'::bpchar) AND (p_container = ANY ('{\"LG CASE\",\"LG BOX\",\"LG PACK\",\"LG PKG\"}'::bpchar[])) AND (p_size <= 15))))","Rows Removed by Filter": 66481,"Workers": []},{"Node Type": "Bitmap Heap Scan","Parent Relationship": "Inner","Parallel Aware": false,"Async Capable": false,"Relation Name": "lineitem","Alias": "lineitem","Startup Cost": 4.54,"Total Cost": 121.54,"Plan Rows": 1,"Plan Width": 21,"Actual Startup Time": 0.244,"Actual Total Time": 0.276,"Actual Rows": 0,"Actual Loops": 558,"Recheck Cond": "(l_partkey = part.p_partkey)","Rows Removed by Index Recheck": 0,"Filter": "((l_shipmode = ANY ('{AIR,\"AIR REG\"}'::bpchar[])) AND (l_shipinstruct = 'DELIVER IN PERSON'::bpchar) AND (((l_quantity >= '8'::numeric) AND (l_quantity <= '18'::numeric)) OR ((l_quantity >= '11'::numeric) AND (l_quantity <= '21'::numeric)) OR ((l_quantity >= '22'::numeric) AND (l_quantity <= '32'::numeric))) AND (((part.p_brand = 'Brand#31'::bpchar) AND (part.p_container = ANY ('{\"SM CASE\",\"SM BOX\",\"SM PACK\",\"SM PKG\"}'::bpchar[])) AND (l_quantity >= '8'::numeric) AND (l_quantity <= '18'::numeric) AND (part.p_size <= 5)) OR ((part.p_brand = 'Brand#44'::bpchar) AND (part.p_container = ANY ('{\"MED BAG\",\"MED BOX\",\"MED PKG\",\"MED PACK\"}'::bpchar[])) AND (l_quantity >= '11'::numeric) AND (l_quantity <= '21'::numeric) AND (part.p_size <= 10)) OR ((part.p_brand = 'Brand#33'::bpchar) AND (part.p_container = ANY ('{\"LG CASE\",\"LG BOX\",\"LG PACK\",\"LG PKG\"}'::bpchar[])) AND (l_quantity >= '22'::numeric) AND (l_quantity <= '32'::numeric) AND (part.p_size <= 15))))","Rows Removed by Filter": 30,"Exact Heap Blocks": 5792,"Lossy Heap Blocks": 0,"Workers": [],"Plans": [{"Node Type": "Bitmap Index Scan","Parent Relationship": "Outer","Parallel Aware": false,"Async Capable": false,"Index Name": "idx_lineitem_part_supp","Startup Cost": 0.00,"Total Cost": 4.54,"Plan Rows": 31,"Plan Width": 0,"Actual Startup Time": 0.011,"Actual Total Time": 0.011,"Actual Rows": 30,"Actual Loops": 558,"Index Cond": "(l_partkey = part.p_partkey)","Workers": []}]}]}]}]}]},"Planning Time": 5.057,"Triggers": [],"Execution Time": 106.489}]
[{"Plan": {"Node Type": "Aggregate","Strategy": "Plain","Partial Mode": "Finalize","Parallel Aware": false,"Async Capable": false,"Startup Cost": 33511.30,"Total Cost": 33511.31,"Plan Rows": 1,"Plan Width": 32,"Actual Startup Time": 81.043,"Actual Total Time": 95.560,"Actual Rows": 1,"Actual Loops": 1,"Plans": [{"Node Type": "Gather","Parent Relationship": "Outer","Parallel Aware": false,"Async Capable": false,"Startup Cost": 33511.07,"Total Cost": 33511.28,"Plan Rows": 2,"Plan Width": 32,"Actual Startup Time": 80.898,"Actual Total Time": 95.523,"Actual Rows": 3,"Actual Loops": 1,"Workers Planned": 2,"Workers Launched": 2,"Single Copy": false,"Plans": [{"Node Type": "Aggregate","Strategy": "Plain","Partial Mode": "Partial","Parent Relationship": "Outer","Parallel Aware": false,"Async Capable": false,"Startup Cost": 32511.07,"Total Cost": 32511.08,"Plan Rows": 1,"Plan Width": 32,"Actual Startup Time": 74.583,"Actual Total Time": 74.586,"Actual Rows": 1,"Actual Loops": 3,"Workers": [],"Plans": [{"Node Type": "Nested Loop","Parent Relationship": "Outer","Parallel Aware": false,"Async Capable": false,"Join Type": "Inner","Startup Cost": 0.43,"Total Cost": 32510.72,"Plan Rows": 47,"Plan Width": 12,"Actual Startup Time": 5.006,"Actual Total Time": 74.535,"Actual Rows": 44,"Actual Loops": 3,"Inner Unique": false,"Workers": [],"Plans": [{"Node Type": "Seq Scan","Parent Relationship": "Outer","Parallel Aware": true,"Async Capable": false,"Relation Name": "part","Alias": "part","Startup Cost": 0.00,"Total Cost": 7638.67,"Plan Rows": 202,"Plan Width": 30,"Actual Startup Time": 0.295,"Actual Total Time": 31.166,"Actual Rows": 162,"Actual Loops": 3,"Filter": "((p_size >= 1) AND (((p_brand = 'Brand#25'::bpchar) AND (p_container = ANY ('{\"SM CASE\",\"SM BOX\",\"SM PACK\",\"SM PKG\"}'::bpchar[])) AND (p_size <= 5)) OR ((p_brand = 'Brand#52'::bpchar) AND (p_container = ANY ('{\"MED BAG\",\"MED BOX\",\"MED PKG\",\"MED PACK\"}'::bpchar[])) AND (p_size <= 10)) OR ((p_brand = 'Brand#24'::bpchar) AND (p_container = ANY ('{\"LG CASE\",\"LG BOX\",\"LG PACK\",\"LG PKG\"}'::bpchar[])) AND (p_size <= 15))))","Rows Removed by Filter": 66504,"Workers": []},{"Node Type": "Index Scan","Parent Relationship": "Inner","Parallel Aware": false,"Async Capable": false,"Scan Direction": "Forward","Index Name": "idx_lineitem_part_supp","Relation Name": "lineitem","Alias": "lineitem","Startup Cost": 0.43,"Total Cost": 123.12,"Plan Rows": 1,"Plan Width": 21,"Actual Startup Time": 0.236,"Actual Total Time": 0.267,"Actual Rows": 0,"Actual Loops": 487,"Index Cond": "(l_partkey = part.p_partkey)","Rows Removed by Index Recheck": 0,"Filter": "((l_shipmode = ANY ('{AIR,\"AIR REG\"}'::bpchar[])) AND (l_shipinstruct = 'DELIVER IN PERSON'::bpchar) AND (((l_quantity >= '8'::numeric) AND (l_quantity <= '18'::numeric)) OR ((l_quantity >= '11'::numeric) AND (l_quantity <= '21'::numeric)) OR ((l_quantity >= '24'::numeric) AND (l_quantity <= '34'::numeric))) AND (((part.p_brand = 'Brand#25'::bpchar) AND (part.p_container = ANY ('{\"SM CASE\",\"SM BOX\",\"SM PACK\",\"SM PKG\"}'::bpchar[])) AND (l_quantity >= '8'::numeric) AND (l_quantity <= '18'::numeric) AND (part.p_size <= 5)) OR ((part.p_brand = 'Brand#52'::bpchar) AND (part.p_container = ANY ('{\"MED BAG\",\"MED BOX\",\"MED PKG\",\"MED PACK\"}'::bpchar[])) AND (l_quantity >= '11'::numeric) AND (l_quantity <= '21'::numeric) AND (part.p_size <= 10)) OR ((part.p_brand = 'Brand#24'::bpchar) AND (part.p_container = ANY ('{\"LG CASE\",\"LG BOX\",\"LG PACK\",\"LG PKG\"}'::bpchar[])) AND (l_quantity >= '24'::numeric) AND (l_quantity <= '34'::numeric) AND (part.p_size <= 15))))","Rows Removed by Filter": 30,"Workers": []}]}]}]}]},"Planning Time": 5.541,"Triggers": [],"Execution Time": 95.808}]
[{"Plan": {"Node Type": "Aggregate","Strategy": "Plain","Partial Mode": "Finalize","Parallel Aware": false,"Async Capable": false,"Startup Cost": 32925.78,"Total Cost": 32925.79,"Plan Rows": 1,"Plan Width": 32,"Actual Startup Time": 84.958,"Actual Total Time": 99.441,"Actual Rows": 1,"Actual Loops": 1,"Plans": [{"Node Type": "Gather","Parent Relationship": "Outer","Parallel Aware": false,"Async Capable": false,"Startup Cost": 32925.56,"Total Cost": 32925.77,"Plan Rows": 2,"Plan Width": 32,"Actual Startup Time": 84.917,"Actual Total Time": 99.411,"Actual Rows": 3,"Actual Loops": 1,"Workers Planned": 2,"Workers Launched": 2,"Single Copy": false,"Plans": [{"Node Type": "Aggregate","Strategy": "Plain","Partial Mode": "Partial","Parent Relationship": "Outer","Parallel Aware": false,"Async Capable": false,"Startup Cost": 31925.56,"Total Cost": 31925.57,"Plan Rows": 1,"Plan Width": 32,"Actual Startup Time": 78.184,"Actual Total Time": 78.187,"Actual Rows": 1,"Actual Loops": 3,"Workers": [],"Plans": [{"Node Type": "Nested Loop","Parent Relationship": "Outer","Parallel Aware": false,"Async Capable": false,"Join Type": "Inner","Startup Cost": 0.43,"Total Cost": 31925.21,"Plan Rows": 46,"Plan Width": 12,"Actual Startup Time": 3.698,"Actual Total Time": 78.142,"Actual Rows": 42,"Actual Loops": 3,"Inner Unique": false,"Workers": [],"Plans": [{"Node Type": "Seq Scan","Parent Relationship": "Outer","Parallel Aware": true,"Async Capable": false,"Relation Name": "part","Alias": "part","Startup Cost": 0.00,"Total Cost": 7638.67,"Plan Rows": 197,"Plan Width": 30,"Actual Startup Time": 0.324,"Actual Total Time": 33.937,"Actual Rows": 164,"Actual Loops": 3,"Filter": "((p_size >= 1) AND (((p_brand = 'Brand#23'::bpchar) AND (p_container = ANY ('{\"SM CASE\",\"SM BOX\",\"SM PACK\",\"SM PKG\"}'::bpchar[])) AND (p_size <= 5)) OR ((p_brand = 'Brand#41'::bpchar) AND (p_container = ANY ('{\"MED BAG\",\"MED BOX\",\"MED PKG\",\"MED PACK\"}'::bpchar[])) AND (p_size <= 10)) OR ((p_brand = 'Brand#32'::bpchar) AND (p_container = ANY ('{\"LG CASE\",\"LG BOX\",\"LG PACK\",\"LG PKG\"}'::bpchar[])) AND (p_size <= 15))))","Rows Removed by Filter": 66503,"Workers": []},{"Node Type": "Index Scan","Parent Relationship": "Inner","Parallel Aware": false,"Async Capable": false,"Scan Direction": "Forward","Index Name": "idx_lineitem_part_supp","Relation Name": "lineitem","Alias": "lineitem","Startup Cost": 0.43,"Total Cost": 123.27,"Plan Rows": 1,"Plan Width": 21,"Actual Startup Time": 0.236,"Actual Total Time": 0.270,"Actual Rows": 0,"Actual Loops": 491,"Index Cond": "(l_partkey = part.p_partkey)","Rows Removed by Index Recheck": 0,"Filter": "((l_shipmode = ANY ('{AIR,\"AIR REG\"}'::bpchar[])) AND (l_shipinstruct = 'DELIVER IN PERSON'::bpchar) AND (((l_quantity >= '9'::numeric) AND (l_quantity <= '19'::numeric)) OR ((l_quantity >= '12'::numeric) AND (l_quantity <= '22'::numeric)) OR ((l_quantity >= '26'::numeric) AND (l_quantity <= '36'::numeric))) AND (((part.p_brand = 'Brand#23'::bpchar) AND (part.p_container = ANY ('{\"SM CASE\",\"SM BOX\",\"SM PACK\",\"SM PKG\"}'::bpchar[])) AND (l_quantity >= '9'::numeric) AND (l_quantity <= '19'::numeric) AND (part.p_size <= 5)) OR ((part.p_brand = 'Brand#41'::bpchar) AND (part.p_container = ANY ('{\"MED BAG\",\"MED BOX\",\"MED PKG\",\"MED PACK\"}'::bpchar[])) AND (l_quantity >= '12'::numeric) AND (l_quantity <= '22'::numeric) AND (part.p_size <= 10)) OR ((part.p_brand = 'Brand#32'::bpchar) AND (part.p_container = ANY ('{\"LG CASE\",\"LG BOX\",\"LG PACK\",\"LG PKG\"}'::bpchar[])) AND (l_quantity >= '26'::numeric) AND (l_quantity <= '36'::numeric) AND (part.p_size <= 15))))","Rows Removed by Filter": 30,"Workers": []}]}]}]}]},"Planning Time": 6.239,"Triggers": [],"Execution Time": 99.605}]
[{"Plan": {"Node Type": "Aggregate","Strategy": "Plain","Partial Mode": "Finalize","Parallel Aware": false,"Async Capable": false,"Startup Cost": 33392.58,"Total Cost": 33392.59,"Plan Rows": 1,"Plan Width": 32,"Actual Startup Time": 84.197,"Actual Total Time": 99.447,"Actual Rows": 1,"Actual Loops": 1,"Plans": [{"Node Type": "Gather","Parent Relationship": "Outer","Parallel Aware": false,"Async Capable": false,"Startup Cost": 33392.36,"Total Cost": 33392.57,"Plan Rows": 2,"Plan Width": 32,"Actual Startup Time": 83.943,"Actual Total Time": 99.419,"Actual Rows": 3,"Actual Loops": 1,"Workers Planned": 2,"Workers Launched": 2,"Single Copy": false,"Plans": [{"Node Type": "Aggregate","Strategy": "Plain","Partial Mode": "Partial","Parent Relationship": "Outer","Parallel Aware": false,"Async Capable": false,"Startup Cost": 32392.36,"Total Cost": 32392.37,"Plan Rows": 1,"Plan Width": 32,"Actual Startup Time": 77.439,"Actual Total Time": 77.441,"Actual Rows": 1,"Actual Loops": 3,"Workers": [],"Plans": [{"Node Type": "Nested Loop","Parent Relationship": "Outer","Parallel Aware": false,"Async Capable": false,"Join Type": "Inner","Startup Cost": 0.43,"Total Cost": 32392.00,"Plan Rows": 47,"Plan Width": 12,"Actual Startup Time": 1.465,"Actual Total Time": 77.388,"Actual Rows": 40,"Actual Loops": 3,"Inner Unique": false,"Workers": [],"Plans": [{"Node Type": "Seq Scan","Parent Relationship": "Outer","Parallel Aware": true,"Async Capable": false,"Relation Name": "part","Alias": "part","Startup Cost": 0.00,"Total Cost": 7638.67,"Plan Rows": 201,"Plan Width": 30,"Actual Startup Time": 0.695,"Actual Total Time": 33.743,"Actual Rows": 161,"Actual Loops": 3,"Filter": "((p_size >= 1) AND (((p_brand = 'Brand#54'::bpchar) AND (p_container = ANY ('{\"SM CASE\",\"SM BOX\",\"SM PACK\",\"SM PKG\"}'::bpchar[])) AND (p_size <= 5)) OR ((p_brand = 'Brand#54'::bpchar) AND (p_container = ANY ('{\"MED BAG\",\"MED BOX\",\"MED PKG\",\"MED PACK\"}'::bpchar[])) AND (p_size <= 10)) OR ((p_brand = 'Brand#55'::bpchar) AND (p_container = ANY ('{\"LG CASE\",\"LG BOX\",\"LG PACK\",\"LG PKG\"}'::bpchar[])) AND (p_size <= 15))))","Rows Removed by Filter": 66506,"Workers": []},{"Node Type": "Index Scan","Parent Relationship": "Inner","Parallel Aware": false,"Async Capable": false,"Scan Direction": "Forward","Index Name": "idx_lineitem_part_supp","Relation Name": "lineitem","Alias": "lineitem","Startup Cost": 0.43,"Total Cost": 123.14,"Plan Rows": 1,"Plan Width": 21,"Actual Startup Time": 0.243,"Actual Total Time": 0.271,"Actual Rows": 0,"Actual Loops": 482,"Index Cond": "(l_partkey = part.p_partkey)","Rows Removed by Index Recheck": 0,"Filter": "((l_shipmode = ANY ('{AIR,\"AIR REG\"}'::bpchar[])) AND (l_shipinstruct = 'DELIVER IN PERSON'::bpchar) AND (((l_quantity >= '9'::numeric) AND (l_quantity <= '19'::numeric)) OR ((l_quantity >= '16'::numeric) AND (l_quantity <= '26'::numeric)) OR ((l_quantity >= '27'::numeric) AND (l_quantity <= '37'::numeric))) AND (((part.p_brand = 'Brand#54'::bpchar) AND (part.p_container = ANY ('{\"SM CASE\",\"SM BOX\",\"SM PACK\",\"SM PKG\"}'::bpchar[])) AND (l_quantity >= '9'::numeric) AND (l_quantity <= '19'::numeric) AND (part.p_size <= 5)) OR ((part.p_brand = 'Brand#54'::bpchar) AND (part.p_container = ANY ('{\"MED BAG\",\"MED BOX\",\"MED PKG\",\"MED PACK\"}'::bpchar[])) AND (l_quantity >= '16'::numeric) AND (l_quantity <= '26'::numeric) AND (part.p_size <= 10)) OR ((part.p_brand = 'Brand#55'::bpchar) AND (part.p_container = ANY ('{\"LG CASE\",\"LG BOX\",\"LG PACK\",\"LG PKG\"}'::bpchar[])) AND (l_quantity >= '27'::numeric) AND (l_quantity <= '37'::numeric) AND (part.p_size <= 15))))","Rows Removed by Filter": 30,"Workers": []}]}]}]}]},"Planning Time": 6.691,"Triggers": [],"Execution Time": 99.614}]
[{"Plan": {"Node Type": "Aggregate","Strategy": "Plain","Partial Mode": "Finalize","Parallel Aware": false,"Async Capable": false,"Startup Cost": 34083.53,"Total Cost": 34083.54,"Plan Rows": 1,"Plan Width": 32,"Actual Startup Time": 86.292,"Actual Total Time": 100.852,"Actual Rows": 1,"Actual Loops": 1,"Plans": [{"Node Type": "Gather","Parent Relationship": "Outer","Parallel Aware": false,"Async Capable": false,"Startup Cost": 34083.30,"Total Cost": 34083.51,"Plan Rows": 2,"Plan Width": 32,"Actual Startup Time": 86.005,"Actual Total Time": 100.823,"Actual Rows": 3,"Actual Loops": 1,"Workers Planned": 2,"Workers Launched": 2,"Single Copy": false,"Plans": [{"Node Type": "Aggregate","Strategy": "Plain","Partial Mode": "Partial","Parent Relationship": "Outer","Parallel Aware": false,"Async Capable": false,"Startup Cost": 33083.30,"Total Cost": 33083.31,"Plan Rows": 1,"Plan Width": 32,"Actual Startup Time": 79.823,"Actual Total Time": 79.825,"Actual Rows": 1,"Actual Loops": 3,"Workers": [],"Plans": [{"Node Type": "Nested Loop","Parent Relationship": "Outer","Parallel Aware": false,"Async Capable": false,"Join Type": "Inner","Startup Cost": 0.43,"Total Cost": 33082.94,"Plan Rows": 48,"Plan Width": 12,"Actual Startup Time": 5.386,"Actual Total Time": 79.783,"Actual Rows": 35,"Actual Loops": 3,"Inner Unique": false,"Workers": [],"Plans": [{"Node Type": "Seq Scan","Parent Relationship": "Outer","Parallel Aware": true,"Async Capable": false,"Relation Name": "part","Alias": "part","Startup Cost": 0.00,"Total Cost": 7638.67,"Plan Rows": 207,"Plan Width": 30,"Actual Startup Time": 0.367,"Actual Total Time": 35.343,"Actual Rows": 158,"Actual Loops": 3,"Filter": "((p_size >= 1) AND (((p_brand = 'Brand#43'::bpchar) AND (p_container = ANY ('{\"SM CASE\",\"SM BOX\",\"SM PACK\",\"SM PKG\"}'::bpchar[])) AND (p_size <= 5)) OR ((p_brand = 'Brand#33'::bpchar) AND (p_container = ANY ('{\"MED BAG\",\"MED BOX\",\"MED PKG\",\"MED PACK\"}'::bpchar[])) AND (p_size <= 10)) OR ((p_brand = 'Brand#24'::bpchar) AND (p_container = ANY ('{\"LG CASE\",\"LG BOX\",\"LG PACK\",\"LG PKG\"}'::bpchar[])) AND (p_size <= 15))))","Rows Removed by Filter": 66509,"Workers": []},{"Node Type": "Index Scan","Parent Relationship": "Inner","Parallel Aware": false,"Async Capable": false,"Scan Direction": "Forward","Index Name": "idx_lineitem_part_supp","Relation Name": "lineitem","Alias": "lineitem","Startup Cost": 0.43,"Total Cost": 122.91,"Plan Rows": 1,"Plan Width": 21,"Actual Startup Time": 0.253,"Actual Total Time": 0.281,"Actual Rows": 0,"Actual Loops": 473,"Index Cond": "(l_partkey = part.p_partkey)","Rows Removed by Index Recheck": 0,"Filter": "((l_shipmode = ANY ('{AIR,\"AIR REG\"}'::bpchar[])) AND (l_shipinstruct = 'DELIVER IN PERSON'::bpchar) AND (((l_quantity >= '5'::numeric) AND (l_quantity <= '15'::numeric)) OR ((l_quantity >= '11'::numeric) AND (l_quantity <= '21'::numeric)) OR ((l_quantity >= '22'::numeric) AND (l_quantity <= '32'::numeric))) AND (((part.p_brand = 'Brand#43'::bpchar) AND (part.p_container = ANY ('{\"SM CASE\",\"SM BOX\",\"SM PACK\",\"SM PKG\"}'::bpchar[])) AND (l_quantity >= '5'::numeric) AND (l_quantity <= '15'::numeric) AND (part.p_size <= 5)) OR ((part.p_brand = 'Brand#33'::bpchar) AND (part.p_container = ANY ('{\"MED BAG\",\"MED BOX\",\"MED PKG\",\"MED PACK\"}'::bpchar[])) AND (l_quantity >= '11'::numeric) AND (l_quantity <= '21'::numeric) AND (part.p_size <= 10)) OR ((part.p_brand = 'Brand#24'::bpchar) AND (part.p_container = ANY ('{\"LG CASE\",\"LG BOX\",\"LG PACK\",\"LG PKG\"}'::bpchar[])) AND (l_quantity >= '22'::numeric) AND (l_quantity <= '32'::numeric) AND (part.p_size <= 15))))","Rows Removed by Filter": 29,"Workers": []}]}]}]}]},"Planning Time": 5.008,"Triggers": [],"Execution Time": 101.030}]
[{"Plan": {"Node Type": "Aggregate","Strategy": "Plain","Partial Mode": "Finalize","Parallel Aware": false,"Async Capable": false,"Startup Cost": 33970.21,"Total Cost": 33970.22,"Plan Rows": 1,"Plan Width": 32,"Actual Startup Time": 86.146,"Actual Total Time": 100.787,"Actual Rows": 1,"Actual Loops": 1,"Plans": [{"Node Type": "Gather","Parent Relationship": "Outer","Parallel Aware": false,"Async Capable": false,"Startup Cost": 33969.99,"Total Cost": 33970.20,"Plan Rows": 2,"Plan Width": 32,"Actual Startup Time": 86.003,"Actual Total Time": 100.765,"Actual Rows": 3,"Actual Loops": 1,"Workers Planned": 2,"Workers Launched": 2,"Single Copy": false,"Plans": [{"Node Type": "Aggregate","Strategy": "Plain","Partial Mode": "Partial","Parent Relationship": "Outer","Parallel Aware": false,"Async Capable": false,"Startup Cost": 32969.99,"Total Cost": 32970.00,"Plan Rows": 1,"Plan Width": 32,"Actual Startup Time": 78.799,"Actual Total Time": 78.800,"Actual Rows": 1,"Actual Loops": 3,"Workers": [],"Plans": [{"Node Type": "Nested Loop","Parent Relationship": "Outer","Parallel Aware": false,"Async Capable": false,"Join Type": "Inner","Startup Cost": 0.43,"Total Cost": 32969.63,"Plan Rows": 48,"Plan Width": 12,"Actual Startup Time": 2.633,"Actual Total Time": 78.751,"Actual Rows": 42,"Actual Loops": 3,"Inner Unique": false,"Workers": [],"Plans": [{"Node Type": "Seq Scan","Parent Relationship": "Outer","Parallel Aware": true,"Async Capable": false,"Relation Name": "part","Alias": "part","Startup Cost": 0.00,"Total Cost": 7638.67,"Plan Rows": 206,"Plan Width": 30,"Actual Startup Time": 0.488,"Actual Total Time": 35.115,"Actual Rows": 154,"Actual Loops": 3,"Filter": "((p_size >= 1) AND (((p_brand = 'Brand#13'::bpchar) AND (p_container = ANY ('{\"SM CASE\",\"SM BOX\",\"SM PACK\",\"SM PKG\"}'::bpchar[])) AND (p_size <= 5)) OR ((p_brand = 'Brand#42'::bpchar) AND (p_container = ANY ('{\"MED BAG\",\"MED BOX\",\"MED PKG\",\"MED PACK\"}'::bpchar[])) AND (p_size <= 10)) OR ((p_brand = 'Brand#14'::bpchar) AND (p_container = ANY ('{\"LG CASE\",\"LG BOX\",\"LG PACK\",\"LG PKG\"}'::bpchar[])) AND (p_size <= 15))))","Rows Removed by Filter": 66513,"Workers": []},{"Node Type": "Index Scan","Parent Relationship": "Inner","Parallel Aware": false,"Async Capable": false,"Scan Direction": "Forward","Index Name": "idx_lineitem_part_supp","Relation Name": "lineitem","Alias": "lineitem","Startup Cost": 0.43,"Total Cost": 122.96,"Plan Rows": 1,"Plan Width": 21,"Actual Startup Time": 0.246,"Actual Total Time": 0.283,"Actual Rows": 0,"Actual Loops": 461,"Index Cond": "(l_partkey = part.p_partkey)","Rows Removed by Index Recheck": 0,"Filter": "((l_shipmode = ANY ('{AIR,\"AIR REG\"}'::bpchar[])) AND (l_shipinstruct = 'DELIVER IN PERSON'::bpchar) AND (((l_quantity >= '3'::numeric) AND (l_quantity <= '13'::numeric)) OR ((l_quantity >= '14'::numeric) AND (l_quantity <= '24'::numeric)) OR ((l_quantity >= '23'::numeric) AND (l_quantity <= '33'::numeric))) AND (((part.p_brand = 'Brand#13'::bpchar) AND (part.p_container = ANY ('{\"SM CASE\",\"SM BOX\",\"SM PACK\",\"SM PKG\"}'::bpchar[])) AND (l_quantity >= '3'::numeric) AND (l_quantity <= '13'::numeric) AND (part.p_size <= 5)) OR ((part.p_brand = 'Brand#42'::bpchar) AND (part.p_container = ANY ('{\"MED BAG\",\"MED BOX\",\"MED PKG\",\"MED PACK\"}'::bpchar[])) AND (l_quantity >= '14'::numeric) AND (l_quantity <= '24'::numeric) AND (part.p_size <= 10)) OR ((part.p_brand = 'Brand#14'::bpchar) AND (part.p_container = ANY ('{\"LG CASE\",\"LG BOX\",\"LG PACK\",\"LG PKG\"}'::bpchar[])) AND (l_quantity >= '23'::numeric) AND (l_quantity <= '33'::numeric) AND (part.p_size <= 15))))","Rows Removed by Filter": 30,"Workers": []}]}]}]}]},"Planning Time": 5.410,"Triggers": [],"Execution Time": 100.966}]
[{"Plan": {"Node Type": "Aggregate","Strategy": "Plain","Partial Mode": "Finalize","Parallel Aware": false,"Async Capable": false,"Startup Cost": 33391.49,"Total Cost": 33391.50,"Plan Rows": 1,"Plan Width": 32,"Actual Startup Time": 83.845,"Actual Total Time": 98.836,"Actual Rows": 1,"Actual Loops": 1,"Plans": [{"Node Type": "Gather","Parent Relationship": "Outer","Parallel Aware": false,"Async Capable": false,"Startup Cost": 33391.27,"Total Cost": 33391.48,"Plan Rows": 2,"Plan Width": 32,"Actual Startup Time": 83.675,"Actual Total Time": 98.816,"Actual Rows": 3,"Actual Loops": 1,"Workers Planned": 2,"Workers Launched": 2,"Single Copy": false,"Plans": [{"Node Type": "Aggregate","Strategy": "Plain","Partial Mode": "Partial","Parent Relationship": "Outer","Parallel Aware": false,"Async Capable": false,"Startup Cost": 32391.27,"Total Cost": 32391.28,"Plan Rows": 1,"Plan Width": 32,"Actual Startup Time": 77.361,"Actual Total Time": 77.363,"Actual Rows": 1,"Actual Loops": 3,"Workers": [],"Plans": [{"Node Type": "Nested Loop","Parent Relationship": "Outer","Parallel Aware": false,"Async Capable": false,"Join Type": "Inner","Startup Cost": 0.43,"Total Cost": 32390.91,"Plan Rows": 47,"Plan Width": 12,"Actual Startup Time": 3.165,"Actual Total Time": 77.312,"Actual Rows": 37,"Actual Loops": 3,"Inner Unique": false,"Workers": [],"Plans": [{"Node Type": "Seq Scan","Parent Relationship": "Outer","Parallel Aware": true,"Async Capable": false,"Relation Name": "part","Alias": "part","Startup Cost": 0.00,"Total Cost": 7638.67,"Plan Rows": 201,"Plan Width": 30,"Actual Startup Time": 0.250,"Actual Total Time": 32.664,"Actual Rows": 170,"Actual Loops": 3,"Filter": "((p_size >= 1) AND (((p_brand = 'Brand#52'::bpchar) AND (p_container = ANY ('{\"SM CASE\",\"SM BOX\",\"SM PACK\",\"SM PKG\"}'::bpchar[])) AND (p_size <= 5)) OR ((p_brand = 'Brand#44'::bpchar) AND (p_container = ANY ('{\"MED BAG\",\"MED BOX\",\"MED PKG\",\"MED PACK\"}'::bpchar[])) AND (p_size <= 10)) OR ((p_brand = 'Brand#53'::bpchar) AND (p_container = ANY ('{\"LG CASE\",\"LG BOX\",\"LG PACK\",\"LG PKG\"}'::bpchar[])) AND (p_size <= 15))))","Rows Removed by Filter": 66497,"Workers": []},{"Node Type": "Index Scan","Parent Relationship": "Inner","Parallel Aware": false,"Async Capable": false,"Scan Direction": "Forward","Index Name": "idx_lineitem_part_supp","Relation Name": "lineitem","Alias": "lineitem","Startup Cost": 0.43,"Total Cost": 123.14,"Plan Rows": 1,"Plan Width": 21,"Actual Startup Time": 0.238,"Actual Total Time": 0.262,"Actual Rows": 0,"Actual Loops": 510,"Index Cond": "(l_partkey = part.p_partkey)","Rows Removed by Index Recheck": 0,"Filter": "((l_shipmode = ANY ('{AIR,\"AIR REG\"}'::bpchar[])) AND (l_shipinstruct = 'DELIVER IN PERSON'::bpchar) AND (((l_quantity >= '5'::numeric) AND (l_quantity <= '15'::numeric)) OR ((l_quantity >= '15'::numeric) AND (l_quantity <= '25'::numeric)) OR ((l_quantity >= '21'::numeric) AND (l_quantity <= '31'::numeric))) AND (((part.p_brand = 'Brand#52'::bpchar) AND (part.p_container = ANY ('{\"SM CASE\",\"SM BOX\",\"SM PACK\",\"SM PKG\"}'::bpchar[])) AND (l_quantity >= '5'::numeric) AND (l_quantity <= '15'::numeric) AND (part.p_size <= 5)) OR ((part.p_brand = 'Brand#44'::bpchar) AND (part.p_container = ANY ('{\"MED BAG\",\"MED BOX\",\"MED PKG\",\"MED PACK\"}'::bpchar[])) AND (l_quantity >= '15'::numeric) AND (l_quantity <= '25'::numeric) AND (part.p_size <= 10)) OR ((part.p_brand = 'Brand#53'::bpchar) AND (part.p_container = ANY ('{\"LG CASE\",\"LG BOX\",\"LG PACK\",\"LG PKG\"}'::bpchar[])) AND (l_quantity >= '21'::numeric) AND (l_quantity <= '31'::numeric) AND (part.p_size <= 15))))","Rows Removed by Filter": 30,"Workers": []}]}]}]}]},"Planning Time": 5.120,"Triggers": [],"Execution Time": 99.003}]
[{"Plan": {"Node Type": "Aggregate","Strategy": "Plain","Partial Mode": "Finalize","Parallel Aware": false,"Async Capable": false,"Startup Cost": 34198.56,"Total Cost": 34198.57,"Plan Rows": 1,"Plan Width": 32,"Actual Startup Time": 89.743,"Actual Total Time": 105.893,"Actual Rows": 1,"Actual Loops": 1,"Plans": [{"Node Type": "Gather","Parent Relationship": "Outer","Parallel Aware": false,"Async Capable": false,"Startup Cost": 34198.34,"Total Cost": 34198.55,"Plan Rows": 2,"Plan Width": 32,"Actual Startup Time": 89.380,"Actual Total Time": 105.855,"Actual Rows": 3,"Actual Loops": 1,"Workers Planned": 2,"Workers Launched": 2,"Single Copy": false,"Plans": [{"Node Type": "Aggregate","Strategy": "Plain","Partial Mode": "Partial","Parent Relationship": "Outer","Parallel Aware": false,"Async Capable": false,"Startup Cost": 33198.34,"Total Cost": 33198.35,"Plan Rows": 1,"Plan Width": 32,"Actual Startup Time": 82.633,"Actual Total Time": 82.635,"Actual Rows": 1,"Actual Loops": 3,"Workers": [],"Plans": [{"Node Type": "Nested Loop","Parent Relationship": "Outer","Parallel Aware": false,"Async Capable": false,"Join Type": "Inner","Startup Cost": 0.43,"Total Cost": 33197.97,"Plan Rows": 48,"Plan Width": 12,"Actual Startup Time": 3.468,"Actual Total Time": 82.588,"Actual Rows": 45,"Actual Loops": 3,"Inner Unique": false,"Workers": [],"Plans": [{"Node Type": "Seq Scan","Parent Relationship": "Outer","Parallel Aware": true,"Async Capable": false,"Relation Name": "part","Alias": "part","Startup Cost": 0.00,"Total Cost": 7638.67,"Plan Rows": 208,"Plan Width": 30,"Actual Startup Time": 0.382,"Actual Total Time": 34.532,"Actual Rows": 181,"Actual Loops": 3,"Filter": "((p_size >= 1) AND (((p_brand = 'Brand#13'::bpchar) AND (p_container = ANY ('{\"SM CASE\",\"SM BOX\",\"SM PACK\",\"SM PKG\"}'::bpchar[])) AND (p_size <= 5)) OR ((p_brand = 'Brand#52'::bpchar) AND (p_container = ANY ('{\"MED BAG\",\"MED BOX\",\"MED PKG\",\"MED PACK\"}'::bpchar[])) AND (p_size <= 10)) OR ((p_brand = 'Brand#33'::bpchar) AND (p_container = ANY ('{\"LG CASE\",\"LG BOX\",\"LG PACK\",\"LG PKG\"}'::bpchar[])) AND (p_size <= 15))))","Rows Removed by Filter": 66486,"Workers": []},{"Node Type": "Index Scan","Parent Relationship": "Inner","Parallel Aware": false,"Async Capable": false,"Scan Direction": "Forward","Index Name": "idx_lineitem_part_supp","Relation Name": "lineitem","Alias": "lineitem","Startup Cost": 0.43,"Total Cost": 122.87,"Plan Rows": 1,"Plan Width": 21,"Actual Startup Time": 0.236,"Actual Total Time": 0.265,"Actual Rows": 0,"Actual Loops": 543,"Index Cond": "(l_partkey = part.p_partkey)","Rows Removed by Index Recheck": 0,"Filter": "((l_shipmode = ANY ('{AIR,\"AIR REG\"}'::bpchar[])) AND (l_shipinstruct = 'DELIVER IN PERSON'::bpchar) AND (((l_quantity >= '5'::numeric) AND (l_quantity <= '15'::numeric)) OR ((l_quantity >= '18'::numeric) AND (l_quantity <= '28'::numeric)) OR ((l_quantity >= '24'::numeric) AND (l_quantity <= '34'::numeric))) AND (((part.p_brand = 'Brand#13'::bpchar) AND (part.p_container = ANY ('{\"SM CASE\",\"SM BOX\",\"SM PACK\",\"SM PKG\"}'::bpchar[])) AND (l_quantity >= '5'::numeric) AND (l_quantity <= '15'::numeric) AND (part.p_size <= 5)) OR ((part.p_brand = 'Brand#52'::bpchar) AND (part.p_container = ANY ('{\"MED BAG\",\"MED BOX\",\"MED PKG\",\"MED PACK\"}'::bpchar[])) AND (l_quantity >= '18'::numeric) AND (l_quantity <= '28'::numeric) AND (part.p_size <= 10)) OR ((part.p_brand = 'Brand#33'::bpchar) AND (part.p_container = ANY ('{\"LG CASE\",\"LG BOX\",\"LG PACK\",\"LG PKG\"}'::bpchar[])) AND (l_quantity >= '24'::numeric) AND (l_quantity <= '34'::numeric) AND (part.p_size <= 15))))","Rows Removed by Filter": 30,"Workers": []}]}]}]}]},"Planning Time": 5.837,"Triggers": [],"Execution Time": 106.106}]
[{"Plan": {"Node Type": "Aggregate","Strategy": "Plain","Partial Mode": "Finalize","Parallel Aware": false,"Async Capable": false,"Startup Cost": 33393.76,"Total Cost": 33393.77,"Plan Rows": 1,"Plan Width": 32,"Actual Startup Time": 87.095,"Actual Total Time": 102.774,"Actual Rows": 1,"Actual Loops": 1,"Plans": [{"Node Type": "Gather","Parent Relationship": "Outer","Parallel Aware": false,"Async Capable": false,"Startup Cost": 33393.54,"Total Cost": 33393.75,"Plan Rows": 2,"Plan Width": 32,"Actual Startup Time": 86.916,"Actual Total Time": 102.756,"Actual Rows": 3,"Actual Loops": 1,"Workers Planned": 2,"Workers Launched": 2,"Single Copy": false,"Plans": [{"Node Type": "Aggregate","Strategy": "Plain","Partial Mode": "Partial","Parent Relationship": "Outer","Parallel Aware": false,"Async Capable": false,"Startup Cost": 32393.54,"Total Cost": 32393.55,"Plan Rows": 1,"Plan Width": 32,"Actual Startup Time": 80.233,"Actual Total Time": 80.235,"Actual Rows": 1,"Actual Loops": 3,"Workers": [],"Plans": [{"Node Type": "Nested Loop","Parent Relationship": "Outer","Parallel Aware": false,"Async Capable": false,"Join Type": "Inner","Startup Cost": 0.43,"Total Cost": 32393.18,"Plan Rows": 47,"Plan Width": 12,"Actual Startup Time": 10.018,"Actual Total Time": 80.186,"Actual Rows": 54,"Actual Loops": 3,"Inner Unique": false,"Workers": [],"Plans": [{"Node Type": "Seq Scan","Parent Relationship": "Outer","Parallel Aware": true,"Async Capable": false,"Relation Name": "part","Alias": "part","Startup Cost": 0.00,"Total Cost": 7638.67,"Plan Rows": 201,"Plan Width": 30,"Actual Startup Time": 0.848,"Actual Total Time": 34.422,"Actual Rows": 168,"Actual Loops": 3,"Filter": "((p_size >= 1) AND (((p_brand = 'Brand#32'::bpchar) AND (p_container = ANY ('{\"SM CASE\",\"SM BOX\",\"SM PACK\",\"SM PKG\"}'::bpchar[])) AND (p_size <= 5)) OR ((p_brand = 'Brand#11'::bpchar) AND (p_container = ANY ('{\"MED BAG\",\"MED BOX\",\"MED PKG\",\"MED PACK\"}'::bpchar[])) AND (p_size <= 10)) OR ((p_brand = 'Brand#22'::bpchar) AND (p_container = ANY ('{\"LG CASE\",\"LG BOX\",\"LG PACK\",\"LG PKG\"}'::bpchar[])) AND (p_size <= 15))))","Rows Removed by Filter": 66499,"Workers": []},{"Node Type": "Index Scan","Parent Relationship": "Inner","Parallel Aware": false,"Async Capable": false,"Scan Direction": "Forward","Index Name": "idx_lineitem_part_supp","Relation Name": "lineitem","Alias": "lineitem","Startup Cost": 0.43,"Total Cost": 123.15,"Plan Rows": 1,"Plan Width": 21,"Actual Startup Time": 0.238,"Actual Total Time": 0.272,"Actual Rows": 0,"Actual Loops": 504,"Index Cond": "(l_partkey = part.p_partkey)","Rows Removed by Index Recheck": 0,"Filter": "((l_shipmode = ANY ('{AIR,\"AIR REG\"}'::bpchar[])) AND (l_shipinstruct = 'DELIVER IN PERSON'::bpchar) AND (((l_quantity >= '6'::numeric) AND (l_quantity <= '16'::numeric)) OR ((l_quantity >= '17'::numeric) AND (l_quantity <= '27'::numeric)) OR ((l_quantity >= '23'::numeric) AND (l_quantity <= '33'::numeric))) AND (((part.p_brand = 'Brand#32'::bpchar) AND (part.p_container = ANY ('{\"SM CASE\",\"SM BOX\",\"SM PACK\",\"SM PKG\"}'::bpchar[])) AND (l_quantity >= '6'::numeric) AND (l_quantity <= '16'::numeric) AND (part.p_size <= 5)) OR ((part.p_brand = 'Brand#11'::bpchar) AND (part.p_container = ANY ('{\"MED BAG\",\"MED BOX\",\"MED PKG\",\"MED PACK\"}'::bpchar[])) AND (l_quantity >= '17'::numeric) AND (l_quantity <= '27'::numeric) AND (part.p_size <= 10)) OR ((part.p_brand = 'Brand#22'::bpchar) AND (part.p_container = ANY ('{\"LG CASE\",\"LG BOX\",\"LG PACK\",\"LG PKG\"}'::bpchar[])) AND (l_quantity >= '23'::numeric) AND (l_quantity <= '33'::numeric) AND (part.p_size <= 15))))","Rows Removed by Filter": 30,"Workers": []}]}]}]}]},"Planning Time": 5.475,"Triggers": [],"Execution Time": 102.961}]
[{"Plan": {"Node Type": "Aggregate","Strategy": "Plain","Partial Mode": "Finalize","Parallel Aware": false,"Async Capable": false,"Startup Cost": 33627.31,"Total Cost": 33627.32,"Plan Rows": 1,"Plan Width": 32,"Actual Startup Time": 85.919,"Actual Total Time": 100.834,"Actual Rows": 1,"Actual Loops": 1,"Plans": [{"Node Type": "Gather","Parent Relationship": "Outer","Parallel Aware": false,"Async Capable": false,"Startup Cost": 33627.08,"Total Cost": 33627.29,"Plan Rows": 2,"Plan Width": 32,"Actual Startup Time": 85.755,"Actual Total Time": 100.804,"Actual Rows": 3,"Actual Loops": 1,"Workers Planned": 2,"Workers Launched": 2,"Single Copy": false,"Plans": [{"Node Type": "Aggregate","Strategy": "Plain","Partial Mode": "Partial","Parent Relationship": "Outer","Parallel Aware": false,"Async Capable": false,"Startup Cost": 32627.08,"Total Cost": 32627.09,"Plan Rows": 1,"Plan Width": 32,"Actual Startup Time": 78.853,"Actual Total Time": 78.854,"Actual Rows": 1,"Actual Loops": 3,"Workers": [],"Plans": [{"Node Type": "Nested Loop","Parent Relationship": "Outer","Parallel Aware": false,"Async Capable": false,"Join Type": "Inner","Startup Cost": 0.43,"Total Cost": 32626.73,"Plan Rows": 47,"Plan Width": 12,"Actual Startup Time": 8.460,"Actual Total Time": 78.807,"Actual Rows": 29,"Actual Loops": 3,"Inner Unique": false,"Workers": [],"Plans": [{"Node Type": "Seq Scan","Parent Relationship": "Outer","Parallel Aware": true,"Async Capable": false,"Relation Name": "part","Alias": "part","Startup Cost": 0.00,"Total Cost": 7638.67,"Plan Rows": 203,"Plan Width": 30,"Actual Startup Time": 0.446,"Actual Total Time": 33.671,"Actual Rows": 164,"Actual Loops": 3,"Filter": "((p_size >= 1) AND (((p_brand = 'Brand#45'::bpchar) AND (p_container = ANY ('{\"SM CASE\",\"SM BOX\",\"SM PACK\",\"SM PKG\"}'::bpchar[])) AND (p_size <= 5)) OR ((p_brand = 'Brand#53'::bpchar) AND (p_container = ANY ('{\"MED BAG\",\"MED BOX\",\"MED PKG\",\"MED PACK\"}'::bpchar[])) AND (p_size <= 10)) OR ((p_brand = 'Brand#44'::bpchar) AND (p_container = ANY ('{\"LG CASE\",\"LG BOX\",\"LG PACK\",\"LG PKG\"}'::bpchar[])) AND (p_size <= 15))))","Rows Removed by Filter": 66503,"Workers": []},{"Node Type": "Index Scan","Parent Relationship": "Inner","Parallel Aware": false,"Async Capable": false,"Scan Direction": "Forward","Index Name": "idx_lineitem_part_supp","Relation Name": "lineitem","Alias": "lineitem","Startup Cost": 0.43,"Total Cost": 123.08,"Plan Rows": 1,"Plan Width": 21,"Actual Startup Time": 0.252,"Actual Total Time": 0.275,"Actual Rows": 0,"Actual Loops": 491,"Index Cond": "(l_partkey = part.p_partkey)","Rows Removed by Index Recheck": 0,"Filter": "((l_shipmode = ANY ('{AIR,\"AIR REG\"}'::bpchar[])) AND (l_shipinstruct = 'DELIVER IN PERSON'::bpchar) AND (((l_quantity >= '6'::numeric) AND (l_quantity <= '16'::numeric)) OR ((l_quantity >= '10'::numeric) AND (l_quantity <= '20'::numeric)) OR ((l_quantity >= '26'::numeric) AND (l_quantity <= '36'::numeric))) AND (((part.p_brand = 'Brand#45'::bpchar) AND (part.p_container = ANY ('{\"SM CASE\",\"SM BOX\",\"SM PACK\",\"SM PKG\"}'::bpchar[])) AND (l_quantity >= '6'::numeric) AND (l_quantity <= '16'::numeric) AND (part.p_size <= 5)) OR ((part.p_brand = 'Brand#53'::bpchar) AND (part.p_container = ANY ('{\"MED BAG\",\"MED BOX\",\"MED PKG\",\"MED PACK\"}'::bpchar[])) AND (l_quantity >= '10'::numeric) AND (l_quantity <= '20'::numeric) AND (part.p_size <= 10)) OR ((part.p_brand = 'Brand#44'::bpchar) AND (part.p_container = ANY ('{\"LG CASE\",\"LG BOX\",\"LG PACK\",\"LG PKG\"}'::bpchar[])) AND (l_quantity >= '26'::numeric) AND (l_quantity <= '36'::numeric) AND (part.p_size <= 15))))","Rows Removed by Filter": 30,"Workers": []}]}]}]}]},"Planning Time": 5.306,"Triggers": [],"Execution Time": 100.989}]
[{"Plan": {"Node Type": "Aggregate","Strategy": "Plain","Partial Mode": "Finalize","Parallel Aware": false,"Async Capable": false,"Startup Cost": 32928.70,"Total Cost": 32928.71,"Plan Rows": 1,"Plan Width": 32,"Actual Startup Time": 78.682,"Actual Total Time": 93.367,"Actual Rows": 1,"Actual Loops": 1,"Plans": [{"Node Type": "Gather","Parent Relationship": "Outer","Parallel Aware": false,"Async Capable": false,"Startup Cost": 32928.47,"Total Cost": 32928.68,"Plan Rows": 2,"Plan Width": 32,"Actual Startup Time": 78.646,"Actual Total Time": 93.334,"Actual Rows": 3,"Actual Loops": 1,"Workers Planned": 2,"Workers Launched": 2,"Single Copy": false,"Plans": [{"Node Type": "Aggregate","Strategy": "Plain","Partial Mode": "Partial","Parent Relationship": "Outer","Parallel Aware": false,"Async Capable": false,"Startup Cost": 31928.47,"Total Cost": 31928.48,"Plan Rows": 1,"Plan Width": 32,"Actual Startup Time": 72.230,"Actual Total Time": 72.232,"Actual Rows": 1,"Actual Loops": 3,"Workers": [],"Plans": [{"Node Type": "Nested Loop","Parent Relationship": "Outer","Parallel Aware": false,"Async Capable": false,"Join Type": "Inner","Startup Cost": 0.43,"Total Cost": 31928.13,"Plan Rows": 46,"Plan Width": 12,"Actual Startup Time": 4.587,"Actual Total Time": 72.189,"Actual Rows": 45,"Actual Loops": 3,"Inner Unique": false,"Workers": [],"Plans": [{"Node Type": "Seq Scan","Parent Relationship": "Outer","Parallel Aware": true,"Async Capable": false,"Relation Name": "part","Alias": "part","Startup Cost": 0.00,"Total Cost": 7638.67,"Plan Rows": 197,"Plan Width": 30,"Actual Startup Time": 0.594,"Actual Total Time": 29.754,"Actual Rows": 162,"Actual Loops": 3,"Filter": "((p_size >= 1) AND (((p_brand = 'Brand#12'::bpchar) AND (p_container = ANY ('{\"SM CASE\",\"SM BOX\",\"SM PACK\",\"SM PKG\"}'::bpchar[])) AND (p_size <= 5)) OR ((p_brand = 'Brand#25'::bpchar) AND (p_container = ANY ('{\"MED BAG\",\"MED BOX\",\"MED PKG\",\"MED PACK\"}'::bpchar[])) AND (p_size <= 10)) OR ((p_brand = 'Brand#54'::bpchar) AND (p_container = ANY ('{\"LG CASE\",\"LG BOX\",\"LG PACK\",\"LG PKG\"}'::bpchar[])) AND (p_size <= 15))))","Rows Removed by Filter": 66504,"Workers": []},{"Node Type": "Index Scan","Parent Relationship": "Inner","Parallel Aware": false,"Async Capable": false,"Scan Direction": "Forward","Index Name": "idx_lineitem_part_supp","Relation Name": "lineitem","Alias": "lineitem","Startup Cost": 0.43,"Total Cost": 123.29,"Plan Rows": 1,"Plan Width": 21,"Actual Startup Time": 0.230,"Actual Total Time": 0.261,"Actual Rows": 0,"Actual Loops": 487,"Index Cond": "(l_partkey = part.p_partkey)","Rows Removed by Index Recheck": 0,"Filter": "((l_shipmode = ANY ('{AIR,\"AIR REG\"}'::bpchar[])) AND (l_shipinstruct = 'DELIVER IN PERSON'::bpchar) AND (((l_quantity >= '10'::numeric) AND (l_quantity <= '20'::numeric)) OR ((l_quantity >= '16'::numeric) AND (l_quantity <= '26'::numeric)) OR ((l_quantity >= '30'::numeric) AND (l_quantity <= '40'::numeric))) AND (((part.p_brand = 'Brand#12'::bpchar) AND (part.p_container = ANY ('{\"SM CASE\",\"SM BOX\",\"SM PACK\",\"SM PKG\"}'::bpchar[])) AND (l_quantity >= '10'::numeric) AND (l_quantity <= '20'::numeric) AND (part.p_size <= 5)) OR ((part.p_brand = 'Brand#25'::bpchar) AND (part.p_container = ANY ('{\"MED BAG\",\"MED BOX\",\"MED PKG\",\"MED PACK\"}'::bpchar[])) AND (l_quantity >= '16'::numeric) AND (l_quantity <= '26'::numeric) AND (part.p_size <= 10)) OR ((part.p_brand = 'Brand#54'::bpchar) AND (part.p_container = ANY ('{\"LG CASE\",\"LG BOX\",\"LG PACK\",\"LG PKG\"}'::bpchar[])) AND (l_quantity >= '30'::numeric) AND (l_quantity <= '40'::numeric) AND (part.p_size <= 15))))","Rows Removed by Filter": 30,"Workers": []}]}]}]}]},"Planning Time": 5.608,"Triggers": [],"Execution Time": 93.580}]
[{"Plan": {"Node Type": "Aggregate","Strategy": "Plain","Partial Mode": "Finalize","Parallel Aware": false,"Async Capable": false,"Startup Cost": 32926.91,"Total Cost": 32926.92,"Plan Rows": 1,"Plan Width": 32,"Actual Startup Time": 81.815,"Actual Total Time": 96.207,"Actual Rows": 1,"Actual Loops": 1,"Plans": [{"Node Type": "Gather","Parent Relationship": "Outer","Parallel Aware": false,"Async Capable": false,"Startup Cost": 32926.68,"Total Cost": 32926.89,"Plan Rows": 2,"Plan Width": 32,"Actual Startup Time": 81.778,"Actual Total Time": 96.178,"Actual Rows": 3,"Actual Loops": 1,"Workers Planned": 2,"Workers Launched": 2,"Single Copy": false,"Plans": [{"Node Type": "Aggregate","Strategy": "Plain","Partial Mode": "Partial","Parent Relationship": "Outer","Parallel Aware": false,"Async Capable": false,"Startup Cost": 31926.68,"Total Cost": 31926.69,"Plan Rows": 1,"Plan Width": 32,"Actual Startup Time": 75.309,"Actual Total Time": 75.311,"Actual Rows": 1,"Actual Loops": 3,"Workers": [],"Plans": [{"Node Type": "Nested Loop","Parent Relationship": "Outer","Parallel Aware": false,"Async Capable": false,"Join Type": "Inner","Startup Cost": 0.43,"Total Cost": 31926.34,"Plan Rows": 46,"Plan Width": 12,"Actual Startup Time": 5.043,"Actual Total Time": 75.261,"Actual Rows": 31,"Actual Loops": 3,"Inner Unique": false,"Workers": [],"Plans": [{"Node Type": "Seq Scan","Parent Relationship": "Outer","Parallel Aware": true,"Async Capable": false,"Relation Name": "part","Alias": "part","Startup Cost": 0.00,"Total Cost": 7638.67,"Plan Rows": 197,"Plan Width": 30,"Actual Startup Time": 0.079,"Actual Total Time": 31.677,"Actual Rows": 163,"Actual Loops": 3,"Filter": "((p_size >= 1) AND (((p_brand = 'Brand#43'::bpchar) AND (p_container = ANY ('{\"SM CASE\",\"SM BOX\",\"SM PACK\",\"SM PKG\"}'::bpchar[])) AND (p_size <= 5)) OR ((p_brand = 'Brand#32'::bpchar) AND (p_container = ANY ('{\"MED BAG\",\"MED BOX\",\"MED PKG\",\"MED PACK\"}'::bpchar[])) AND (p_size <= 10)) OR ((p_brand = 'Brand#51'::bpchar) AND (p_container = ANY ('{\"LG CASE\",\"LG BOX\",\"LG PACK\",\"LG PKG\"}'::bpchar[])) AND (p_size <= 15))))","Rows Removed by Filter": 66503,"Workers": []},{"Node Type": "Index Scan","Parent Relationship": "Inner","Parallel Aware": false,"Async Capable": false,"Scan Direction": "Forward","Index Name": "idx_lineitem_part_supp","Relation Name": "lineitem","Alias": "lineitem","Startup Cost": 0.43,"Total Cost": 123.28,"Plan Rows": 1,"Plan Width": 21,"Actual Startup Time": 0.245,"Actual Total Time": 0.266,"Actual Rows": 0,"Actual Loops": 490,"Index Cond": "(l_partkey = part.p_partkey)","Rows Removed by Index Recheck": 0,"Filter": "((l_shipmode = ANY ('{AIR,\"AIR REG\"}'::bpchar[])) AND (l_shipinstruct = 'DELIVER IN PERSON'::bpchar) AND (((l_quantity >= '3'::numeric) AND (l_quantity <= '13'::numeric)) OR ((l_quantity >= '13'::numeric) AND (l_quantity <= '23'::numeric)) OR ((l_quantity >= '20'::numeric) AND (l_quantity <= '30'::numeric))) AND (((part.p_brand = 'Brand#43'::bpchar) AND (part.p_container = ANY ('{\"SM CASE\",\"SM BOX\",\"SM PACK\",\"SM PKG\"}'::bpchar[])) AND (l_quantity >= '3'::numeric) AND (l_quantity <= '13'::numeric) AND (part.p_size <= 5)) OR ((part.p_brand = 'Brand#32'::bpchar) AND (part.p_container = ANY ('{\"MED BAG\",\"MED BOX\",\"MED PKG\",\"MED PACK\"}'::bpchar[])) AND (l_quantity >= '13'::numeric) AND (l_quantity <= '23'::numeric) AND (part.p_size <= 10)) OR ((part.p_brand = 'Brand#51'::bpchar) AND (part.p_container = ANY ('{\"LG CASE\",\"LG BOX\",\"LG PACK\",\"LG PKG\"}'::bpchar[])) AND (l_quantity >= '20'::numeric) AND (l_quantity <= '30'::numeric) AND (part.p_size <= 15))))","Rows Removed by Filter": 30,"Workers": []}]}]}]}]},"Planning Time": 6.112,"Triggers": [],"Execution Time": 96.367}]
[{"Plan": {"Node Type": "Aggregate","Strategy": "Plain","Partial Mode": "Finalize","Parallel Aware": false,"Async Capable": false,"Startup Cost": 33511.71,"Total Cost": 33511.72,"Plan Rows": 1,"Plan Width": 32,"Actual Startup Time": 88.440,"Actual Total Time": 103.714,"Actual Rows": 1,"Actual Loops": 1,"Plans": [{"Node Type": "Gather","Parent Relationship": "Outer","Parallel Aware": false,"Async Capable": false,"Startup Cost": 33511.49,"Total Cost": 33511.70,"Plan Rows": 2,"Plan Width": 32,"Actual Startup Time": 88.237,"Actual Total Time": 103.684,"Actual Rows": 3,"Actual Loops": 1,"Workers Planned": 2,"Workers Launched": 2,"Single Copy": false,"Plans": [{"Node Type": "Aggregate","Strategy": "Plain","Partial Mode": "Partial","Parent Relationship": "Outer","Parallel Aware": false,"Async Capable": false,"Startup Cost": 32511.49,"Total Cost": 32511.50,"Plan Rows": 1,"Plan Width": 32,"Actual Startup Time": 81.191,"Actual Total Time": 81.194,"Actual Rows": 1,"Actual Loops": 3,"Workers": [],"Plans": [{"Node Type": "Nested Loop","Parent Relationship": "Outer","Parallel Aware": false,"Async Capable": false,"Join Type": "Inner","Startup Cost": 0.43,"Total Cost": 32511.14,"Plan Rows": 47,"Plan Width": 12,"Actual Startup Time": 7.123,"Actual Total Time": 81.154,"Actual Rows": 33,"Actual Loops": 3,"Inner Unique": false,"Workers": [],"Plans": [{"Node Type": "Seq Scan","Parent Relationship": "Outer","Parallel Aware": true,"Async Capable": false,"Relation Name": "part","Alias": "part","Startup Cost": 0.00,"Total Cost": 7638.67,"Plan Rows": 202,"Plan Width": 30,"Actual Startup Time": 0.964,"Actual Total Time": 35.386,"Actual Rows": 163,"Actual Loops": 3,"Filter": "((p_size >= 1) AND (((p_brand = 'Brand#34'::bpchar) AND (p_container = ANY ('{\"SM CASE\",\"SM BOX\",\"SM PACK\",\"SM PKG\"}'::bpchar[])) AND (p_size <= 5)) OR ((p_brand = 'Brand#22'::bpchar) AND (p_container = ANY ('{\"MED BAG\",\"MED BOX\",\"MED PKG\",\"MED PACK\"}'::bpchar[])) AND (p_size <= 10)) OR ((p_brand = 'Brand#12'::bpchar) AND (p_container = ANY ('{\"LG CASE\",\"LG BOX\",\"LG PACK\",\"LG PKG\"}'::bpchar[])) AND (p_size <= 15))))","Rows Removed by Filter": 66503,"Workers": []},{"Node Type": "Index Scan","Parent Relationship": "Inner","Parallel Aware": false,"Async Capable": false,"Scan Direction": "Forward","Index Name": "idx_lineitem_part_supp","Relation Name": "lineitem","Alias": "lineitem","Startup Cost": 0.43,"Total Cost": 123.12,"Plan Rows": 1,"Plan Width": 21,"Actual Startup Time": 0.254,"Actual Total Time": 0.280,"Actual Rows": 0,"Actual Loops": 490,"Index Cond": "(l_partkey = part.p_partkey)","Rows Removed by Index Recheck": 0,"Filter": "((l_shipmode = ANY ('{AIR,\"AIR REG\"}'::bpchar[])) AND (l_shipinstruct = 'DELIVER IN PERSON'::bpchar) AND (((l_quantity >= '4'::numeric) AND (l_quantity <= '14'::numeric)) OR ((l_quantity >= '16'::numeric) AND (l_quantity <= '26'::numeric)) OR ((l_quantity >= '20'::numeric) AND (l_quantity <= '30'::numeric))) AND (((part.p_brand = 'Brand#34'::bpchar) AND (part.p_container = ANY ('{\"SM CASE\",\"SM BOX\",\"SM PACK\",\"SM PKG\"}'::bpchar[])) AND (l_quantity >= '4'::numeric) AND (l_quantity <= '14'::numeric) AND (part.p_size <= 5)) OR ((part.p_brand = 'Brand#22'::bpchar) AND (part.p_container = ANY ('{\"MED BAG\",\"MED BOX\",\"MED PKG\",\"MED PACK\"}'::bpchar[])) AND (l_quantity >= '16'::numeric) AND (l_quantity <= '26'::numeric) AND (part.p_size <= 10)) OR ((part.p_brand = 'Brand#12'::bpchar) AND (part.p_container = ANY ('{\"LG CASE\",\"LG BOX\",\"LG PACK\",\"LG PKG\"}'::bpchar[])) AND (l_quantity >= '20'::numeric) AND (l_quantity <= '30'::numeric) AND (part.p_size <= 15))))","Rows Removed by Filter": 30,"Workers": []}]}]}]}]},"Planning Time": 5.527,"Triggers": [],"Execution Time": 103.902}]
[{"Plan": {"Node Type": "Aggregate","Strategy": "Plain","Partial Mode": "Finalize","Parallel Aware": false,"Async Capable": false,"Startup Cost": 33970.55,"Total Cost": 33970.56,"Plan Rows": 1,"Plan Width": 32,"Actual Startup Time": 82.122,"Actual Total Time": 96.611,"Actual Rows": 1,"Actual Loops": 1,"Plans": [{"Node Type": "Gather","Parent Relationship": "Outer","Parallel Aware": false,"Async Capable": false,"Startup Cost": 33970.33,"Total Cost": 33970.54,"Plan Rows": 2,"Plan Width": 32,"Actual Startup Time": 81.891,"Actual Total Time": 96.581,"Actual Rows": 3,"Actual Loops": 1,"Workers Planned": 2,"Workers Launched": 2,"Single Copy": false,"Plans": [{"Node Type": "Aggregate","Strategy": "Plain","Partial Mode": "Partial","Parent Relationship": "Outer","Parallel Aware": false,"Async Capable": false,"Startup Cost": 32970.33,"Total Cost": 32970.34,"Plan Rows": 1,"Plan Width": 32,"Actual Startup Time": 75.213,"Actual Total Time": 75.217,"Actual Rows": 1,"Actual Loops": 3,"Workers": [],"Plans": [{"Node Type": "Nested Loop","Parent Relationship": "Outer","Parallel Aware": false,"Async Capable": false,"Join Type": "Inner","Startup Cost": 0.43,"Total Cost": 32969.97,"Plan Rows": 48,"Plan Width": 12,"Actual Startup Time": 1.945,"Actual Total Time": 75.171,"Actual Rows": 35,"Actual Loops": 3,"Inner Unique": false,"Workers": [],"Plans": [{"Node Type": "Seq Scan","Parent Relationship": "Outer","Parallel Aware": true,"Async Capable": false,"Relation Name": "part","Alias": "part","Startup Cost": 0.00,"Total Cost": 7638.67,"Plan Rows": 206,"Plan Width": 30,"Actual Startup Time": 0.628,"Actual Total Time": 31.374,"Actual Rows": 164,"Actual Loops": 3,"Filter": "((p_size >= 1) AND (((p_brand = 'Brand#31'::bpchar) AND (p_container = ANY ('{\"SM CASE\",\"SM BOX\",\"SM PACK\",\"SM PKG\"}'::bpchar[])) AND (p_size <= 5)) OR ((p_brand = 'Brand#45'::bpchar) AND (p_container = ANY ('{\"MED BAG\",\"MED BOX\",\"MED PKG\",\"MED PACK\"}'::bpchar[])) AND (p_size <= 10)) OR ((p_brand = 'Brand#35'::bpchar) AND (p_container = ANY ('{\"LG CASE\",\"LG BOX\",\"LG PACK\",\"LG PKG\"}'::bpchar[])) AND (p_size <= 15))))","Rows Removed by Filter": 66503,"Workers": []},{"Node Type": "Index Scan","Parent Relationship": "Inner","Parallel Aware": false,"Async Capable": false,"Scan Direction": "Forward","Index Name": "idx_lineitem_part_supp","Relation Name": "lineitem","Alias": "lineitem","Startup Cost": 0.43,"Total Cost": 122.96,"Plan Rows": 1,"Plan Width": 21,"Actual Startup Time": 0.240,"Actual Total Time": 0.267,"Actual Rows": 0,"Actual Loops": 491,"Index Cond": "(l_partkey = part.p_partkey)","Rows Removed by Index Recheck": 0,"Filter": "((l_shipmode = ANY ('{AIR,\"AIR REG\"}'::bpchar[])) AND (l_shipinstruct = 'DELIVER IN PERSON'::bpchar) AND (((l_quantity >= '7'::numeric) AND (l_quantity <= '17'::numeric)) OR ((l_quantity >= '13'::numeric) AND (l_quantity <= '23'::numeric)) OR ((l_quantity >= '22'::numeric) AND (l_quantity <= '32'::numeric))) AND (((part.p_brand = 'Brand#31'::bpchar) AND (part.p_container = ANY ('{\"SM CASE\",\"SM BOX\",\"SM PACK\",\"SM PKG\"}'::bpchar[])) AND (l_quantity >= '7'::numeric) AND (l_quantity <= '17'::numeric) AND (part.p_size <= 5)) OR ((part.p_brand = 'Brand#45'::bpchar) AND (part.p_container = ANY ('{\"MED BAG\",\"MED BOX\",\"MED PKG\",\"MED PACK\"}'::bpchar[])) AND (l_quantity >= '13'::numeric) AND (l_quantity <= '23'::numeric) AND (part.p_size <= 10)) OR ((part.p_brand = 'Brand#35'::bpchar) AND (part.p_container = ANY ('{\"LG CASE\",\"LG BOX\",\"LG PACK\",\"LG PKG\"}'::bpchar[])) AND (l_quantity >= '22'::numeric) AND (l_quantity <= '32'::numeric) AND (part.p_size <= 15))))","Rows Removed by Filter": 30,"Workers": []}]}]}]}]},"Planning Time": 7.211,"Triggers": [],"Execution Time": 96.782}]
[{"Plan": {"Node Type": "Aggregate","Strategy": "Plain","Partial Mode": "Finalize","Parallel Aware": false,"Async Capable": false,"Startup Cost": 33392.31,"Total Cost": 33392.32,"Plan Rows": 1,"Plan Width": 32,"Actual Startup Time": 84.209,"Actual Total Time": 99.660,"Actual Rows": 1,"Actual Loops": 1,"Plans": [{"Node Type": "Gather","Parent Relationship": "Outer","Parallel Aware": false,"Async Capable": false,"Startup Cost": 33392.08,"Total Cost": 33392.29,"Plan Rows": 2,"Plan Width": 32,"Actual Startup Time": 84.176,"Actual Total Time": 99.635,"Actual Rows": 3,"Actual Loops": 1,"Workers Planned": 2,"Workers Launched": 2,"Single Copy": false,"Plans": [{"Node Type": "Aggregate","Strategy": "Plain","Partial Mode": "Partial","Parent Relationship": "Outer","Parallel Aware": false,"Async Capable": false,"Startup Cost": 32392.08,"Total Cost": 32392.09,"Plan Rows": 1,"Plan Width": 32,"Actual Startup Time": 77.317,"Actual Total Time": 77.320,"Actual Rows": 1,"Actual Loops": 3,"Workers": [],"Plans": [{"Node Type": "Nested Loop","Parent Relationship": "Outer","Parallel Aware": false,"Async Capable": false,"Join Type": "Inner","Startup Cost": 0.43,"Total Cost": 32391.73,"Plan Rows": 47,"Plan Width": 12,"Actual Startup Time": 5.269,"Actual Total Time": 77.278,"Actual Rows": 38,"Actual Loops": 3,"Inner Unique": false,"Workers": [],"Plans": [{"Node Type": "Seq Scan","Parent Relationship": "Outer","Parallel Aware": true,"Async Capable": false,"Relation Name": "part","Alias": "part","Startup Cost": 0.00,"Total Cost": 7638.67,"Plan Rows": 201,"Plan Width": 30,"Actual Startup Time": 0.446,"Actual Total Time": 33.652,"Actual Rows": 162,"Actual Loops": 3,"Filter": "((p_size >= 1) AND (((p_brand = 'Brand#54'::bpchar) AND (p_container = ANY ('{\"SM CASE\",\"SM BOX\",\"SM PACK\",\"SM PKG\"}'::bpchar[])) AND (p_size <= 5)) OR ((p_brand = 'Brand#54'::bpchar) AND (p_container = ANY ('{\"MED BAG\",\"MED BOX\",\"MED PKG\",\"MED PACK\"}'::bpchar[])) AND (p_size <= 10)) OR ((p_brand = 'Brand#24'::bpchar) AND (p_container = ANY ('{\"LG CASE\",\"LG BOX\",\"LG PACK\",\"LG PKG\"}'::bpchar[])) AND (p_size <= 15))))","Rows Removed by Filter": 66505,"Workers": []},{"Node Type": "Index Scan","Parent Relationship": "Inner","Parallel Aware": false,"Async Capable": false,"Scan Direction": "Forward","Index Name": "idx_lineitem_part_supp","Relation Name": "lineitem","Alias": "lineitem","Startup Cost": 0.43,"Total Cost": 123.14,"Plan Rows": 1,"Plan Width": 21,"Actual Startup Time": 0.241,"Actual Total Time": 0.269,"Actual Rows": 0,"Actual Loops": 486,"Index Cond": "(l_partkey = part.p_partkey)","Rows Removed by Index Recheck": 0,"Filter": "((l_shipmode = ANY ('{AIR,\"AIR REG\"}'::bpchar[])) AND (l_shipinstruct = 'DELIVER IN PERSON'::bpchar) AND (((l_quantity >= '7'::numeric) AND (l_quantity <= '17'::numeric)) OR ((l_quantity >= '13'::numeric) AND (l_quantity <= '23'::numeric)) OR ((l_quantity >= '22'::numeric) AND (l_quantity <= '32'::numeric))) AND (((part.p_brand = 'Brand#54'::bpchar) AND (part.p_container = ANY ('{\"SM CASE\",\"SM BOX\",\"SM PACK\",\"SM PKG\"}'::bpchar[])) AND (l_quantity >= '7'::numeric) AND (l_quantity <= '17'::numeric) AND (part.p_size <= 5)) OR ((part.p_brand = 'Brand#54'::bpchar) AND (part.p_container = ANY ('{\"MED BAG\",\"MED BOX\",\"MED PKG\",\"MED PACK\"}'::bpchar[])) AND (l_quantity >= '13'::numeric) AND (l_quantity <= '23'::numeric) AND (part.p_size <= 10)) OR ((part.p_brand = 'Brand#24'::bpchar) AND (part.p_container = ANY ('{\"LG CASE\",\"LG BOX\",\"LG PACK\",\"LG PKG\"}'::bpchar[])) AND (l_quantity >= '22'::numeric) AND (l_quantity <= '32'::numeric) AND (part.p_size <= 15))))","Rows Removed by Filter": 30,"Workers": []}]}]}]}]},"Planning Time": 7.051,"Triggers": [],"Execution Time": 99.814}]
[{"Plan": {"Node Type": "Aggregate","Strategy": "Plain","Partial Mode": "Finalize","Parallel Aware": false,"Async Capable": false,"Startup Cost": 33395.34,"Total Cost": 33395.35,"Plan Rows": 1,"Plan Width": 32,"Actual Startup Time": 79.455,"Actual Total Time": 93.186,"Actual Rows": 1,"Actual Loops": 1,"Plans": [{"Node Type": "Gather","Parent Relationship": "Outer","Parallel Aware": false,"Async Capable": false,"Startup Cost": 33395.12,"Total Cost": 33395.33,"Plan Rows": 2,"Plan Width": 32,"Actual Startup Time": 79.050,"Actual Total Time": 93.156,"Actual Rows": 3,"Actual Loops": 1,"Workers Planned": 2,"Workers Launched": 2,"Single Copy": false,"Plans": [{"Node Type": "Aggregate","Strategy": "Plain","Partial Mode": "Partial","Parent Relationship": "Outer","Parallel Aware": false,"Async Capable": false,"Startup Cost": 32395.12,"Total Cost": 32395.13,"Plan Rows": 1,"Plan Width": 32,"Actual Startup Time": 72.530,"Actual Total Time": 72.533,"Actual Rows": 1,"Actual Loops": 3,"Workers": [],"Plans": [{"Node Type": "Nested Loop","Parent Relationship": "Outer","Parallel Aware": false,"Async Capable": false,"Join Type": "Inner","Startup Cost": 0.43,"Total Cost": 32394.77,"Plan Rows": 47,"Plan Width": 12,"Actual Startup Time": 5.160,"Actual Total Time": 72.483,"Actual Rows": 35,"Actual Loops": 3,"Inner Unique": false,"Workers": [],"Plans": [{"Node Type": "Seq Scan","Parent Relationship": "Outer","Parallel Aware": true,"Async Capable": false,"Relation Name": "part","Alias": "part","Startup Cost": 0.00,"Total Cost": 7638.67,"Plan Rows": 201,"Plan Width": 30,"Actual Startup Time": 1.039,"Actual Total Time": 31.659,"Actual Rows": 156,"Actual Loops": 3,"Filter": "((p_size >= 1) AND (((p_brand = 'Brand#43'::bpchar) AND (p_container = ANY ('{\"SM CASE\",\"SM BOX\",\"SM PACK\",\"SM PKG\"}'::bpchar[])) AND (p_size <= 5)) OR ((p_brand = 'Brand#11'::bpchar) AND (p_container = ANY ('{\"MED BAG\",\"MED BOX\",\"MED PKG\",\"MED PACK\"}'::bpchar[])) AND (p_size <= 10)) OR ((p_brand = 'Brand#44'::bpchar) AND (p_container = ANY ('{\"LG CASE\",\"LG BOX\",\"LG PACK\",\"LG PKG\"}'::bpchar[])) AND (p_size <= 15))))","Rows Removed by Filter": 66511,"Workers": []},{"Node Type": "Index Scan","Parent Relationship": "Inner","Parallel Aware": false,"Async Capable": false,"Scan Direction": "Forward","Index Name": "idx_lineitem_part_supp","Relation Name": "lineitem","Alias": "lineitem","Startup Cost": 0.43,"Total Cost": 123.15,"Plan Rows": 1,"Plan Width": 21,"Actual Startup Time": 0.234,"Actual Total Time": 0.262,"Actual Rows": 0,"Actual Loops": 467,"Index Cond": "(l_partkey = part.p_partkey)","Rows Removed by Index Recheck": 0,"Filter": "((l_shipmode = ANY ('{AIR,\"AIR REG\"}'::bpchar[])) AND (l_shipinstruct = 'DELIVER IN PERSON'::bpchar) AND (((l_quantity >= '8'::numeric) AND (l_quantity <= '18'::numeric)) OR ((l_quantity >= '11'::numeric) AND (l_quantity <= '21'::numeric)) OR ((l_quantity >= '24'::numeric) AND (l_quantity <= '34'::numeric))) AND (((part.p_brand = 'Brand#43'::bpchar) AND (part.p_container = ANY ('{\"SM CASE\",\"SM BOX\",\"SM PACK\",\"SM PKG\"}'::bpchar[])) AND (l_quantity >= '8'::numeric) AND (l_quantity <= '18'::numeric) AND (part.p_size <= 5)) OR ((part.p_brand = 'Brand#11'::bpchar) AND (part.p_container = ANY ('{\"MED BAG\",\"MED BOX\",\"MED PKG\",\"MED PACK\"}'::bpchar[])) AND (l_quantity >= '11'::numeric) AND (l_quantity <= '21'::numeric) AND (part.p_size <= 10)) OR ((part.p_brand = 'Brand#44'::bpchar) AND (part.p_container = ANY ('{\"LG CASE\",\"LG BOX\",\"LG PACK\",\"LG PKG\"}'::bpchar[])) AND (l_quantity >= '24'::numeric) AND (l_quantity <= '34'::numeric) AND (part.p_size <= 15))))","Rows Removed by Filter": 30,"Workers": []}]}]}]}]},"Planning Time": 6.577,"Triggers": [],"Execution Time": 93.390}]
[{"Plan": {"Node Type": "Aggregate","Strategy": "Plain","Partial Mode": "Finalize","Parallel Aware": false,"Async Capable": false,"Startup Cost": 33739.49,"Total Cost": 33739.50,"Plan Rows": 1,"Plan Width": 32,"Actual Startup Time": 88.915,"Actual Total Time": 104.428,"Actual Rows": 1,"Actual Loops": 1,"Plans": [{"Node Type": "Gather","Parent Relationship": "Outer","Parallel Aware": false,"Async Capable": false,"Startup Cost": 33739.27,"Total Cost": 33739.48,"Plan Rows": 2,"Plan Width": 32,"Actual Startup Time": 88.530,"Actual Total Time": 104.401,"Actual Rows": 3,"Actual Loops": 1,"Workers Planned": 2,"Workers Launched": 2,"Single Copy": false,"Plans": [{"Node Type": "Aggregate","Strategy": "Plain","Partial Mode": "Partial","Parent Relationship": "Outer","Parallel Aware": false,"Async Capable": false,"Startup Cost": 32739.27,"Total Cost": 32739.28,"Plan Rows": 1,"Plan Width": 32,"Actual Startup Time": 81.774,"Actual Total Time": 81.777,"Actual Rows": 1,"Actual Loops": 3,"Workers": [],"Plans": [{"Node Type": "Nested Loop","Parent Relationship": "Outer","Parallel Aware": false,"Async Capable": false,"Join Type": "Inner","Startup Cost": 0.43,"Total Cost": 32738.91,"Plan Rows": 48,"Plan Width": 12,"Actual Startup Time": 5.805,"Actual Total Time": 81.733,"Actual Rows": 38,"Actual Loops": 3,"Inner Unique": false,"Workers": [],"Plans": [{"Node Type": "Seq Scan","Parent Relationship": "Outer","Parallel Aware": true,"Async Capable": false,"Relation Name": "part","Alias": "part","Startup Cost": 0.00,"Total Cost": 7638.67,"Plan Rows": 204,"Plan Width": 30,"Actual Startup Time": 0.174,"Actual Total Time": 35.017,"Actual Rows": 174,"Actual Loops": 3,"Filter": "((p_size >= 1) AND (((p_brand = 'Brand#33'::bpchar) AND (p_container = ANY ('{\"SM CASE\",\"SM BOX\",\"SM PACK\",\"SM PKG\"}'::bpchar[])) AND (p_size <= 5)) OR ((p_brand = 'Brand#53'::bpchar) AND (p_container = ANY ('{\"MED BAG\",\"MED BOX\",\"MED PKG\",\"MED PACK\"}'::bpchar[])) AND (p_size <= 10)) OR ((p_brand = 'Brand#13'::bpchar) AND (p_container = ANY ('{\"LG CASE\",\"LG BOX\",\"LG PACK\",\"LG PKG\"}'::bpchar[])) AND (p_size <= 15))))","Rows Removed by Filter": 66492,"Workers": []},{"Node Type": "Index Scan","Parent Relationship": "Inner","Parallel Aware": false,"Async Capable": false,"Scan Direction": "Forward","Index Name": "idx_lineitem_part_supp","Relation Name": "lineitem","Alias": "lineitem","Startup Cost": 0.43,"Total Cost": 123.03,"Plan Rows": 1,"Plan Width": 21,"Actual Startup Time": 0.244,"Actual Total Time": 0.268,"Actual Rows": 0,"Actual Loops": 523,"Index Cond": "(l_partkey = part.p_partkey)","Rows Removed by Index Recheck": 0,"Filter": "((l_shipmode = ANY ('{AIR,\"AIR REG\"}'::bpchar[])) AND (l_shipinstruct = 'DELIVER IN PERSON'::bpchar) AND (((l_quantity >= '5'::numeric) AND (l_quantity <= '15'::numeric)) OR ((l_quantity >= '11'::numeric) AND (l_quantity <= '21'::numeric)) OR ((l_quantity >= '22'::numeric) AND (l_quantity <= '32'::numeric))) AND (((part.p_brand = 'Brand#33'::bpchar) AND (part.p_container = ANY ('{\"SM CASE\",\"SM BOX\",\"SM PACK\",\"SM PKG\"}'::bpchar[])) AND (l_quantity >= '5'::numeric) AND (l_quantity <= '15'::numeric) AND (part.p_size <= 5)) OR ((part.p_brand = 'Brand#53'::bpchar) AND (part.p_container = ANY ('{\"MED BAG\",\"MED BOX\",\"MED PKG\",\"MED PACK\"}'::bpchar[])) AND (l_quantity >= '11'::numeric) AND (l_quantity <= '21'::numeric) AND (part.p_size <= 10)) OR ((part.p_brand = 'Brand#13'::bpchar) AND (part.p_container = ANY ('{\"LG CASE\",\"LG BOX\",\"LG PACK\",\"LG PKG\"}'::bpchar[])) AND (l_quantity >= '22'::numeric) AND (l_quantity <= '32'::numeric) AND (part.p_size <= 15))))","Rows Removed by Filter": 29,"Workers": []}]}]}]}]},"Planning Time": 5.997,"Triggers": [],"Execution Time": 104.593}]
[{"Plan": {"Node Type": "Aggregate","Strategy": "Plain","Partial Mode": "Finalize","Parallel Aware": false,"Async Capable": false,"Startup Cost": 33737.68,"Total Cost": 33737.69,"Plan Rows": 1,"Plan Width": 32,"Actual Startup Time": 81.306,"Actual Total Time": 96.004,"Actual Rows": 1,"Actual Loops": 1,"Plans": [{"Node Type": "Gather","Parent Relationship": "Outer","Parallel Aware": false,"Async Capable": false,"Startup Cost": 33737.46,"Total Cost": 33737.67,"Plan Rows": 2,"Plan Width": 32,"Actual Startup Time": 81.154,"Actual Total Time": 95.973,"Actual Rows": 3,"Actual Loops": 1,"Workers Planned": 2,"Workers Launched": 2,"Single Copy": false,"Plans": [{"Node Type": "Aggregate","Strategy": "Plain","Partial Mode": "Partial","Parent Relationship": "Outer","Parallel Aware": false,"Async Capable": false,"Startup Cost": 32737.46,"Total Cost": 32737.47,"Plan Rows": 1,"Plan Width": 32,"Actual Startup Time": 74.831,"Actual Total Time": 74.833,"Actual Rows": 1,"Actual Loops": 3,"Workers": [],"Plans": [{"Node Type": "Nested Loop","Parent Relationship": "Outer","Parallel Aware": false,"Async Capable": false,"Join Type": "Inner","Startup Cost": 0.43,"Total Cost": 32737.09,"Plan Rows": 48,"Plan Width": 12,"Actual Startup Time": 5.947,"Actual Total Time": 74.785,"Actual Rows": 44,"Actual Loops": 3,"Inner Unique": false,"Workers": [],"Plans": [{"Node Type": "Seq Scan","Parent Relationship": "Outer","Parallel Aware": true,"Async Capable": false,"Relation Name": "part","Alias": "part","Startup Cost": 0.00,"Total Cost": 7638.67,"Plan Rows": 204,"Plan Width": 30,"Actual Startup Time": 0.687,"Actual Total Time": 30.710,"Actual Rows": 164,"Actual Loops": 3,"Filter": "((p_size >= 1) AND (((p_brand = 'Brand#21'::bpchar) AND (p_container = ANY ('{\"SM CASE\",\"SM BOX\",\"SM PACK\",\"SM PKG\"}'::bpchar[])) AND (p_size <= 5)) OR ((p_brand = 'Brand#14'::bpchar) AND (p_container = ANY ('{\"MED BAG\",\"MED BOX\",\"MED PKG\",\"MED PACK\"}'::bpchar[])) AND (p_size <= 10)) OR ((p_brand = 'Brand#22'::bpchar) AND (p_container = ANY ('{\"LG CASE\",\"LG BOX\",\"LG PACK\",\"LG PKG\"}'::bpchar[])) AND (p_size <= 15))))","Rows Removed by Filter": 66502,"Workers": []},{"Node Type": "Index Scan","Parent Relationship": "Inner","Parallel Aware": false,"Async Capable": false,"Scan Direction": "Forward","Index Name": "idx_lineitem_part_supp","Relation Name": "lineitem","Alias": "lineitem","Startup Cost": 0.43,"Total Cost": 123.02,"Plan Rows": 1,"Plan Width": 21,"Actual Startup Time": 0.240,"Actual Total Time": 0.268,"Actual Rows": 0,"Actual Loops": 493,"Index Cond": "(l_partkey = part.p_partkey)","Rows Removed by Index Recheck": 0,"Filter": "((l_shipmode = ANY ('{AIR,\"AIR REG\"}'::bpchar[])) AND (l_shipinstruct = 'DELIVER IN PERSON'::bpchar) AND (((l_quantity >= '10'::numeric) AND (l_quantity <= '20'::numeric)) OR ((l_quantity >= '15'::numeric) AND (l_quantity <= '25'::numeric)) OR ((l_quantity >= '23'::numeric) AND (l_quantity <= '33'::numeric))) AND (((part.p_brand = 'Brand#21'::bpchar) AND (part.p_container = ANY ('{\"SM CASE\",\"SM BOX\",\"SM PACK\",\"SM PKG\"}'::bpchar[])) AND (l_quantity >= '10'::numeric) AND (l_quantity <= '20'::numeric) AND (part.p_size <= 5)) OR ((part.p_brand = 'Brand#14'::bpchar) AND (part.p_container = ANY ('{\"MED BAG\",\"MED BOX\",\"MED PKG\",\"MED PACK\"}'::bpchar[])) AND (l_quantity >= '15'::numeric) AND (l_quantity <= '25'::numeric) AND (part.p_size <= 10)) OR ((part.p_brand = 'Brand#22'::bpchar) AND (part.p_container = ANY ('{\"LG CASE\",\"LG BOX\",\"LG PACK\",\"LG PKG\"}'::bpchar[])) AND (l_quantity >= '23'::numeric) AND (l_quantity <= '33'::numeric) AND (part.p_size <= 15))))","Rows Removed by Filter": 30,"Workers": []}]}]}]}]},"Planning Time": 6.522,"Triggers": [],"Execution Time": 96.230}]
[{"Plan": {"Node Type": "Aggregate","Strategy": "Plain","Partial Mode": "Finalize","Parallel Aware": false,"Async Capable": false,"Startup Cost": 33627.85,"Total Cost": 33627.86,"Plan Rows": 1,"Plan Width": 32,"Actual Startup Time": 80.046,"Actual Total Time": 94.452,"Actual Rows": 1,"Actual Loops": 1,"Plans": [{"Node Type": "Gather","Parent Relationship": "Outer","Parallel Aware": false,"Async Capable": false,"Startup Cost": 33627.63,"Total Cost": 33627.84,"Plan Rows": 2,"Plan Width": 32,"Actual Startup Time": 79.850,"Actual Total Time": 94.428,"Actual Rows": 3,"Actual Loops": 1,"Workers Planned": 2,"Workers Launched": 2,"Single Copy": false,"Plans": [{"Node Type": "Aggregate","Strategy": "Plain","Partial Mode": "Partial","Parent Relationship": "Outer","Parallel Aware": false,"Async Capable": false,"Startup Cost": 32627.63,"Total Cost": 32627.64,"Plan Rows": 1,"Plan Width": 32,"Actual Startup Time": 73.558,"Actual Total Time": 73.560,"Actual Rows": 1,"Actual Loops": 3,"Workers": [],"Plans": [{"Node Type": "Nested Loop","Parent Relationship": "Outer","Parallel Aware": false,"Async Capable": false,"Join Type": "Inner","Startup Cost": 0.43,"Total Cost": 32627.27,"Plan Rows": 47,"Plan Width": 12,"Actual Startup Time": 1.922,"Actual Total Time": 73.521,"Actual Rows": 43,"Actual Loops": 3,"Inner Unique": false,"Workers": [],"Plans": [{"Node Type": "Seq Scan","Parent Relationship": "Outer","Parallel Aware": true,"Async Capable": false,"Relation Name": "part","Alias": "part","Startup Cost": 0.00,"Total Cost": 7638.67,"Plan Rows": 203,"Plan Width": 30,"Actual Startup Time": 0.348,"Actual Total Time": 31.172,"Actual Rows": 160,"Actual Loops": 3,"Filter": "((p_size >= 1) AND (((p_brand = 'Brand#23'::bpchar) AND (p_container = ANY ('{\"SM CASE\",\"SM BOX\",\"SM PACK\",\"SM PKG\"}'::bpchar[])) AND (p_size <= 5)) OR ((p_brand = 'Brand#55'::bpchar) AND (p_container = ANY ('{\"MED BAG\",\"MED BOX\",\"MED PKG\",\"MED PACK\"}'::bpchar[])) AND (p_size <= 10)) OR ((p_brand = 'Brand#34'::bpchar) AND (p_container = ANY ('{\"LG CASE\",\"LG BOX\",\"LG PACK\",\"LG PKG\"}'::bpchar[])) AND (p_size <= 15))))","Rows Removed by Filter": 66506,"Workers": []},{"Node Type": "Index Scan","Parent Relationship": "Inner","Parallel Aware": false,"Async Capable": false,"Scan Direction": "Forward","Index Name": "idx_lineitem_part_supp","Relation Name": "lineitem","Alias": "lineitem","Startup Cost": 0.43,"Total Cost": 123.09,"Plan Rows": 1,"Plan Width": 21,"Actual Startup Time": 0.231,"Actual Total Time": 0.264,"Actual Rows": 0,"Actual Loops": 481,"Index Cond": "(l_partkey = part.p_partkey)","Rows Removed by Index Recheck": 0,"Filter": "((l_shipmode = ANY ('{AIR,\"AIR REG\"}'::bpchar[])) AND (l_shipinstruct = 'DELIVER IN PERSON'::bpchar) AND (((l_quantity >= '9'::numeric) AND (l_quantity <= '19'::numeric)) OR ((l_quantity >= '20'::numeric) AND (l_quantity <= '30'::numeric)) OR ((l_quantity >= '26'::numeric) AND (l_quantity <= '36'::numeric))) AND (((part.p_brand = 'Brand#23'::bpchar) AND (part.p_container = ANY ('{\"SM CASE\",\"SM BOX\",\"SM PACK\",\"SM PKG\"}'::bpchar[])) AND (l_quantity >= '9'::numeric) AND (l_quantity <= '19'::numeric) AND (part.p_size <= 5)) OR ((part.p_brand = 'Brand#55'::bpchar) AND (part.p_container = ANY ('{\"MED BAG\",\"MED BOX\",\"MED PKG\",\"MED PACK\"}'::bpchar[])) AND (l_quantity >= '20'::numeric) AND (l_quantity <= '30'::numeric) AND (part.p_size <= 10)) OR ((part.p_brand = 'Brand#34'::bpchar) AND (part.p_container = ANY ('{\"LG CASE\",\"LG BOX\",\"LG PACK\",\"LG PKG\"}'::bpchar[])) AND (l_quantity >= '26'::numeric) AND (l_quantity <= '36'::numeric) AND (part.p_size <= 15))))","Rows Removed by Filter": 30,"Workers": []}]}]}]}]},"Planning Time": 7.026,"Triggers": [],"Execution Time": 94.622}]
[{"Plan": {"Node Type": "Aggregate","Strategy": "Plain","Partial Mode": "Finalize","Parallel Aware": false,"Async Capable": false,"Startup Cost": 33627.79,"Total Cost": 33627.80,"Plan Rows": 1,"Plan Width": 32,"Actual Startup Time": 79.578,"Actual Total Time": 94.175,"Actual Rows": 1,"Actual Loops": 1,"Plans": [{"Node Type": "Gather","Parent Relationship": "Outer","Parallel Aware": false,"Async Capable": false,"Startup Cost": 33627.56,"Total Cost": 33627.77,"Plan Rows": 2,"Plan Width": 32,"Actual Startup Time": 79.538,"Actual Total Time": 94.144,"Actual Rows": 3,"Actual Loops": 1,"Workers Planned": 2,"Workers Launched": 2,"Single Copy": false,"Plans": [{"Node Type": "Aggregate","Strategy": "Plain","Partial Mode": "Partial","Parent Relationship": "Outer","Parallel Aware": false,"Async Capable": false,"Startup Cost": 32627.56,"Total Cost": 32627.57,"Plan Rows": 1,"Plan Width": 32,"Actual Startup Time": 72.906,"Actual Total Time": 72.907,"Actual Rows": 1,"Actual Loops": 3,"Workers": [],"Plans": [{"Node Type": "Nested Loop","Parent Relationship": "Outer","Parallel Aware": false,"Async Capable": false,"Join Type": "Inner","Startup Cost": 0.43,"Total Cost": 32627.21,"Plan Rows": 47,"Plan Width": 12,"Actual Startup Time": 1.964,"Actual Total Time": 72.864,"Actual Rows": 36,"Actual Loops": 3,"Inner Unique": false,"Workers": [],"Plans": [{"Node Type": "Seq Scan","Parent Relationship": "Outer","Parallel Aware": true,"Async Capable": false,"Relation Name": "part","Alias": "part","Startup Cost": 0.00,"Total Cost": 7638.67,"Plan Rows": 203,"Plan Width": 30,"Actual Startup Time": 0.597,"Actual Total Time": 31.298,"Actual Rows": 159,"Actual Loops": 3,"Filter": "((p_size >= 1) AND (((p_brand = 'Brand#11'::bpchar) AND (p_container = ANY ('{\"SM CASE\",\"SM BOX\",\"SM PACK\",\"SM PKG\"}'::bpchar[])) AND (p_size <= 5)) OR ((p_brand = 'Brand#45'::bpchar) AND (p_container = ANY ('{\"MED BAG\",\"MED BOX\",\"MED PKG\",\"MED PACK\"}'::bpchar[])) AND (p_size <= 10)) OR ((p_brand = 'Brand#54'::bpchar) AND (p_container = ANY ('{\"LG CASE\",\"LG BOX\",\"LG PACK\",\"LG PKG\"}'::bpchar[])) AND (p_size <= 15))))","Rows Removed by Filter": 66508,"Workers": []},{"Node Type": "Index Scan","Parent Relationship": "Inner","Parallel Aware": false,"Async Capable": false,"Scan Direction": "Forward","Index Name": "idx_lineitem_part_supp","Relation Name": "lineitem","Alias": "lineitem","Startup Cost": 0.43,"Total Cost": 123.09,"Plan Rows": 1,"Plan Width": 21,"Actual Startup Time": 0.234,"Actual Total Time": 0.261,"Actual Rows": 0,"Actual Loops": 476,"Index Cond": "(l_partkey = part.p_partkey)","Rows Removed by Index Recheck": 0,"Filter": "((l_shipmode = ANY ('{AIR,\"AIR REG\"}'::bpchar[])) AND (l_shipinstruct = 'DELIVER IN PERSON'::bpchar) AND (((l_quantity >= '6'::numeric) AND (l_quantity <= '16'::numeric)) OR ((l_quantity >= '17'::numeric) AND (l_quantity <= '27'::numeric)) OR ((l_quantity >= '21'::numeric) AND (l_quantity <= '31'::numeric))) AND (((part.p_brand = 'Brand#11'::bpchar) AND (part.p_container = ANY ('{\"SM CASE\",\"SM BOX\",\"SM PACK\",\"SM PKG\"}'::bpchar[])) AND (l_quantity >= '6'::numeric) AND (l_quantity <= '16'::numeric) AND (part.p_size <= 5)) OR ((part.p_brand = 'Brand#45'::bpchar) AND (part.p_container = ANY ('{\"MED BAG\",\"MED BOX\",\"MED PKG\",\"MED PACK\"}'::bpchar[])) AND (l_quantity >= '17'::numeric) AND (l_quantity <= '27'::numeric) AND (part.p_size <= 10)) OR ((part.p_brand = 'Brand#54'::bpchar) AND (part.p_container = ANY ('{\"LG CASE\",\"LG BOX\",\"LG PACK\",\"LG PKG\"}'::bpchar[])) AND (l_quantity >= '21'::numeric) AND (l_quantity <= '31'::numeric) AND (part.p_size <= 15))))","Rows Removed by Filter": 30,"Workers": []}]}]}]}]},"Planning Time": 6.830,"Triggers": [],"Execution Time": 94.326}]
[{"Plan": {"Node Type": "Aggregate","Strategy": "Plain","Partial Mode": "Finalize","Parallel Aware": false,"Async Capable": false,"Startup Cost": 33739.70,"Total Cost": 33739.71,"Plan Rows": 1,"Plan Width": 32,"Actual Startup Time": 86.628,"Actual Total Time": 101.275,"Actual Rows": 1,"Actual Loops": 1,"Plans": [{"Node Type": "Gather","Parent Relationship": "Outer","Parallel Aware": false,"Async Capable": false,"Startup Cost": 33739.47,"Total Cost": 33739.68,"Plan Rows": 2,"Plan Width": 32,"Actual Startup Time": 86.572,"Actual Total Time": 101.249,"Actual Rows": 3,"Actual Loops": 1,"Workers Planned": 2,"Workers Launched": 2,"Single Copy": false,"Plans": [{"Node Type": "Aggregate","Strategy": "Plain","Partial Mode": "Partial","Parent Relationship": "Outer","Parallel Aware": false,"Async Capable": false,"Startup Cost": 32739.47,"Total Cost": 32739.48,"Plan Rows": 1,"Plan Width": 32,"Actual Startup Time": 79.684,"Actual Total Time": 79.687,"Actual Rows": 1,"Actual Loops": 3,"Workers": [],"Plans": [{"Node Type": "Nested Loop","Parent Relationship": "Outer","Parallel Aware": false,"Async Capable": false,"Join Type": "Inner","Startup Cost": 0.43,"Total Cost": 32739.11,"Plan Rows": 48,"Plan Width": 12,"Actual Startup Time": 4.427,"Actual Total Time": 79.651,"Actual Rows": 39,"Actual Loops": 3,"Inner Unique": false,"Workers": [],"Plans": [{"Node Type": "Seq Scan","Parent Relationship": "Outer","Parallel Aware": true,"Async Capable": false,"Relation Name": "part","Alias": "part","Startup Cost": 0.00,"Total Cost": 7638.67,"Plan Rows": 204,"Plan Width": 30,"Actual Startup Time": 0.359,"Actual Total Time": 34.621,"Actual Rows": 164,"Actual Loops": 3,"Filter": "((p_size >= 1) AND (((p_brand = 'Brand#22'::bpchar) AND (p_container = ANY ('{\"SM CASE\",\"SM BOX\",\"SM PACK\",\"SM PKG\"}'::bpchar[])) AND (p_size <= 5)) OR ((p_brand = 'Brand#31'::bpchar) AND (p_container = ANY ('{\"MED BAG\",\"MED BOX\",\"MED PKG\",\"MED PACK\"}'::bpchar[])) AND (p_size <= 10)) OR ((p_brand = 'Brand#35'::bpchar) AND (p_container = ANY ('{\"LG CASE\",\"LG BOX\",\"LG PACK\",\"LG PKG\"}'::bpchar[])) AND (p_size <= 15))))","Rows Removed by Filter": 66503,"Workers": []},{"Node Type": "Index Scan","Parent Relationship": "Inner","Parallel Aware": false,"Async Capable": false,"Scan Direction": "Forward","Index Name": "idx_lineitem_part_supp","Relation Name": "lineitem","Alias": "lineitem","Startup Cost": 0.43,"Total Cost": 123.03,"Plan Rows": 1,"Plan Width": 21,"Actual Startup Time": 0.244,"Actual Total Time": 0.275,"Actual Rows": 0,"Actual Loops": 491,"Index Cond": "(l_partkey = part.p_partkey)","Rows Removed by Index Recheck": 0,"Filter": "((l_shipmode = ANY ('{AIR,\"AIR REG\"}'::bpchar[])) AND (l_shipinstruct = 'DELIVER IN PERSON'::bpchar) AND (((l_quantity >= '10'::numeric) AND (l_quantity <= '20'::numeric)) OR ((l_quantity >= '16'::numeric) AND (l_quantity <= '26'::numeric)) OR ((l_quantity >= '30'::numeric) AND (l_quantity <= '40'::numeric))) AND (((part.p_brand = 'Brand#22'::bpchar) AND (part.p_container = ANY ('{\"SM CASE\",\"SM BOX\",\"SM PACK\",\"SM PKG\"}'::bpchar[])) AND (l_quantity >= '10'::numeric) AND (l_quantity <= '20'::numeric) AND (part.p_size <= 5)) OR ((part.p_brand = 'Brand#31'::bpchar) AND (part.p_container = ANY ('{\"MED BAG\",\"MED BOX\",\"MED PKG\",\"MED PACK\"}'::bpchar[])) AND (l_quantity >= '16'::numeric) AND (l_quantity <= '26'::numeric) AND (part.p_size <= 10)) OR ((part.p_brand = 'Brand#35'::bpchar) AND (part.p_container = ANY ('{\"LG CASE\",\"LG BOX\",\"LG PACK\",\"LG PKG\"}'::bpchar[])) AND (l_quantity >= '30'::numeric) AND (l_quantity <= '40'::numeric) AND (part.p_size <= 15))))","Rows Removed by Filter": 30,"Workers": []}]}]}]}]},"Planning Time": 5.520,"Triggers": [],"Execution Time": 101.420}]
[{"Plan": {"Node Type": "Aggregate","Strategy": "Plain","Partial Mode": "Finalize","Parallel Aware": false,"Async Capable": false,"Startup Cost": 33625.14,"Total Cost": 33625.15,"Plan Rows": 1,"Plan Width": 32,"Actual Startup Time": 87.302,"Actual Total Time": 103.160,"Actual Rows": 1,"Actual Loops": 1,"Plans": [{"Node Type": "Gather","Parent Relationship": "Outer","Parallel Aware": false,"Async Capable": false,"Startup Cost": 33624.92,"Total Cost": 33625.13,"Plan Rows": 2,"Plan Width": 32,"Actual Startup Time": 87.142,"Actual Total Time": 103.129,"Actual Rows": 3,"Actual Loops": 1,"Workers Planned": 2,"Workers Launched": 2,"Single Copy": false,"Plans": [{"Node Type": "Aggregate","Strategy": "Plain","Partial Mode": "Partial","Parent Relationship": "Outer","Parallel Aware": false,"Async Capable": false,"Startup Cost": 32624.92,"Total Cost": 32624.93,"Plan Rows": 1,"Plan Width": 32,"Actual Startup Time": 80.686,"Actual Total Time": 80.688,"Actual Rows": 1,"Actual Loops": 3,"Workers": [],"Plans": [{"Node Type": "Nested Loop","Parent Relationship": "Outer","Parallel Aware": false,"Async Capable": false,"Join Type": "Inner","Startup Cost": 0.43,"Total Cost": 32624.55,"Plan Rows": 48,"Plan Width": 12,"Actual Startup Time": 9.927,"Actual Total Time": 80.629,"Actual Rows": 38,"Actual Loops": 3,"Inner Unique": false,"Workers": [],"Plans": [{"Node Type": "Seq Scan","Parent Relationship": "Outer","Parallel Aware": true,"Async Capable": false,"Relation Name": "part","Alias": "part","Startup Cost": 0.00,"Total Cost": 7638.67,"Plan Rows": 203,"Plan Width": 30,"Actual Startup Time": 0.555,"Actual Total Time": 34.446,"Actual Rows": 168,"Actual Loops": 3,"Filter": "((p_size >= 1) AND (((p_brand = 'Brand#42'::bpchar) AND (p_container = ANY ('{\"SM CASE\",\"SM BOX\",\"SM PACK\",\"SM PKG\"}'::bpchar[])) AND (p_size <= 5)) OR ((p_brand = 'Brand#12'::bpchar) AND (p_container = ANY ('{\"MED BAG\",\"MED BOX\",\"MED PKG\",\"MED PACK\"}'::bpchar[])) AND (p_size <= 10)) OR ((p_brand = 'Brand#53'::bpchar) AND (p_container = ANY ('{\"LG CASE\",\"LG BOX\",\"LG PACK\",\"LG PKG\"}'::bpchar[])) AND (p_size <= 15))))","Rows Removed by Filter": 66498,"Workers": []},{"Node Type": "Index Scan","Parent Relationship": "Inner","Parallel Aware": false,"Async Capable": false,"Scan Direction": "Forward","Index Name": "idx_lineitem_part_supp","Relation Name": "lineitem","Alias": "lineitem","Startup Cost": 0.43,"Total Cost": 123.07,"Plan Rows": 1,"Plan Width": 21,"Actual Startup Time": 0.247,"Actual Total Time": 0.274,"Actual Rows": 0,"Actual Loops": 505,"Index Cond": "(l_partkey = part.p_partkey)","Rows Removed by Index Recheck": 0,"Filter": "((l_shipmode = ANY ('{AIR,\"AIR REG\"}'::bpchar[])) AND (l_shipinstruct = 'DELIVER IN PERSON'::bpchar) AND (((l_quantity >= '4'::numeric) AND (l_quantity <= '14'::numeric)) OR ((l_quantity >= '10'::numeric) AND (l_quantity <= '20'::numeric)) OR ((l_quantity >= '21'::numeric) AND (l_quantity <= '31'::numeric))) AND (((part.p_brand = 'Brand#42'::bpchar) AND (part.p_container = ANY ('{\"SM CASE\",\"SM BOX\",\"SM PACK\",\"SM PKG\"}'::bpchar[])) AND (l_quantity >= '4'::numeric) AND (l_quantity <= '14'::numeric) AND (part.p_size <= 5)) OR ((part.p_brand = 'Brand#12'::bpchar) AND (part.p_container = ANY ('{\"MED BAG\",\"MED BOX\",\"MED PKG\",\"MED PACK\"}'::bpchar[])) AND (l_quantity >= '10'::numeric) AND (l_quantity <= '20'::numeric) AND (part.p_size <= 10)) OR ((part.p_brand = 'Brand#53'::bpchar) AND (part.p_container = ANY ('{\"LG CASE\",\"LG BOX\",\"LG PACK\",\"LG PKG\"}'::bpchar[])) AND (l_quantity >= '21'::numeric) AND (l_quantity <= '31'::numeric) AND (part.p_size <= 15))))","Rows Removed by Filter": 30,"Workers": []}]}]}]}]},"Planning Time": 6.307,"Triggers": [],"Execution Time": 103.342}]
[{"Plan": {"Node Type": "Aggregate","Strategy": "Plain","Partial Mode": "Finalize","Parallel Aware": false,"Async Capable": false,"Startup Cost": 33974.28,"Total Cost": 33974.29,"Plan Rows": 1,"Plan Width": 32,"Actual Startup Time": 83.265,"Actual Total Time": 98.425,"Actual Rows": 1,"Actual Loops": 1,"Plans": [{"Node Type": "Gather","Parent Relationship": "Outer","Parallel Aware": false,"Async Capable": false,"Startup Cost": 33974.05,"Total Cost": 33974.26,"Plan Rows": 2,"Plan Width": 32,"Actual Startup Time": 83.099,"Actual Total Time": 98.400,"Actual Rows": 3,"Actual Loops": 1,"Workers Planned": 2,"Workers Launched": 2,"Single Copy": false,"Plans": [{"Node Type": "Aggregate","Strategy": "Plain","Partial Mode": "Partial","Parent Relationship": "Outer","Parallel Aware": false,"Async Capable": false,"Startup Cost": 32974.05,"Total Cost": 32974.06,"Plan Rows": 1,"Plan Width": 32,"Actual Startup Time": 76.480,"Actual Total Time": 76.481,"Actual Rows": 1,"Actual Loops": 3,"Workers": [],"Plans": [{"Node Type": "Nested Loop","Parent Relationship": "Outer","Parallel Aware": false,"Async Capable": false,"Join Type": "Inner","Startup Cost": 0.43,"Total Cost": 32973.69,"Plan Rows": 48,"Plan Width": 12,"Actual Startup Time": 3.604,"Actual Total Time": 76.443,"Actual Rows": 37,"Actual Loops": 3,"Inner Unique": false,"Workers": [],"Plans": [{"Node Type": "Seq Scan","Parent Relationship": "Outer","Parallel Aware": true,"Async Capable": false,"Relation Name": "part","Alias": "part","Startup Cost": 0.00,"Total Cost": 7638.67,"Plan Rows": 206,"Plan Width": 30,"Actual Startup Time": 0.592,"Actual Total Time": 33.928,"Actual Rows": 158,"Actual Loops": 3,"Filter": "((p_size >= 1) AND (((p_brand = 'Brand#45'::bpchar) AND (p_container = ANY ('{\"SM CASE\",\"SM BOX\",\"SM PACK\",\"SM PKG\"}'::bpchar[])) AND (p_size <= 5)) OR ((p_brand = 'Brand#31'::bpchar) AND (p_container = ANY ('{\"MED BAG\",\"MED BOX\",\"MED PKG\",\"MED PACK\"}'::bpchar[])) AND (p_size <= 10)) OR ((p_brand = 'Brand#34'::bpchar) AND (p_container = ANY ('{\"LG CASE\",\"LG BOX\",\"LG PACK\",\"LG PKG\"}'::bpchar[])) AND (p_size <= 15))))","Rows Removed by Filter": 66509,"Workers": []},{"Node Type": "Index Scan","Parent Relationship": "Inner","Parallel Aware": false,"Async Capable": false,"Scan Direction": "Forward","Index Name": "idx_lineitem_part_supp","Relation Name": "lineitem","Alias": "lineitem","Startup Cost": 0.43,"Total Cost": 122.98,"Plan Rows": 1,"Plan Width": 21,"Actual Startup Time": 0.241,"Actual Total Time": 0.269,"Actual Rows": 0,"Actual Loops": 474,"Index Cond": "(l_partkey = part.p_partkey)","Rows Removed by Index Recheck": 0,"Filter": "((l_shipmode = ANY ('{AIR,\"AIR REG\"}'::bpchar[])) AND (l_shipinstruct = 'DELIVER IN PERSON'::bpchar) AND (((l_quantity >= '3'::numeric) AND (l_quantity <= '13'::numeric)) OR ((l_quantity >= '20'::numeric) AND (l_quantity <= '30'::numeric)) OR ((l_quantity >= '20'::numeric) AND (l_quantity <= '30'::numeric))) AND (((part.p_brand = 'Brand#45'::bpchar) AND (part.p_container = ANY ('{\"SM CASE\",\"SM BOX\",\"SM PACK\",\"SM PKG\"}'::bpchar[])) AND (l_quantity >= '3'::numeric) AND (l_quantity <= '13'::numeric) AND (part.p_size <= 5)) OR ((part.p_brand = 'Brand#31'::bpchar) AND (part.p_container = ANY ('{\"MED BAG\",\"MED BOX\",\"MED PKG\",\"MED PACK\"}'::bpchar[])) AND (l_quantity >= '20'::numeric) AND (l_quantity <= '30'::numeric) AND (part.p_size <= 10)) OR ((part.p_brand = 'Brand#34'::bpchar) AND (part.p_container = ANY ('{\"LG CASE\",\"LG BOX\",\"LG PACK\",\"LG PKG\"}'::bpchar[])) AND (l_quantity >= '20'::numeric) AND (l_quantity <= '30'::numeric) AND (part.p_size <= 15))))","Rows Removed by Filter": 29,"Workers": []}]}]}]}]},"Planning Time": 6.410,"Triggers": [],"Execution Time": 98.577}]
[{"Plan": {"Node Type": "Aggregate","Strategy": "Plain","Partial Mode": "Finalize","Parallel Aware": false,"Async Capable": false,"Startup Cost": 33281.29,"Total Cost": 33281.30,"Plan Rows": 1,"Plan Width": 32,"Actual Startup Time": 85.437,"Actual Total Time": 99.630,"Actual Rows": 1,"Actual Loops": 1,"Plans": [{"Node Type": "Gather","Parent Relationship": "Outer","Parallel Aware": false,"Async Capable": false,"Startup Cost": 33281.07,"Total Cost": 33281.28,"Plan Rows": 2,"Plan Width": 32,"Actual Startup Time": 84.895,"Actual Total Time": 99.604,"Actual Rows": 3,"Actual Loops": 1,"Workers Planned": 2,"Workers Launched": 2,"Single Copy": false,"Plans": [{"Node Type": "Aggregate","Strategy": "Plain","Partial Mode": "Partial","Parent Relationship": "Outer","Parallel Aware": false,"Async Capable": false,"Startup Cost": 32281.07,"Total Cost": 32281.08,"Plan Rows": 1,"Plan Width": 32,"Actual Startup Time": 78.401,"Actual Total Time": 78.403,"Actual Rows": 1,"Actual Loops": 3,"Workers": [],"Plans": [{"Node Type": "Nested Loop","Parent Relationship": "Outer","Parallel Aware": false,"Async Capable": false,"Join Type": "Inner","Startup Cost": 0.43,"Total Cost": 32280.72,"Plan Rows": 46,"Plan Width": 12,"Actual Startup Time": 3.518,"Actual Total Time": 78.356,"Actual Rows": 39,"Actual Loops": 3,"Inner Unique": false,"Workers": [],"Plans": [{"Node Type": "Seq Scan","Parent Relationship": "Outer","Parallel Aware": true,"Async Capable": false,"Relation Name": "part","Alias": "part","Startup Cost": 0.00,"Total Cost": 7638.67,"Plan Rows": 200,"Plan Width": 30,"Actual Startup Time": 0.344,"Actual Total Time": 34.603,"Actual Rows": 156,"Actual Loops": 3,"Filter": "((p_size >= 1) AND (((p_brand = 'Brand#11'::bpchar) AND (p_container = ANY ('{\"SM CASE\",\"SM BOX\",\"SM PACK\",\"SM PKG\"}'::bpchar[])) AND (p_size <= 5)) OR ((p_brand = 'Brand#41'::bpchar) AND (p_container = ANY ('{\"MED BAG\",\"MED BOX\",\"MED PKG\",\"MED PACK\"}'::bpchar[])) AND (p_size <= 10)) OR ((p_brand = 'Brand#25'::bpchar) AND (p_container = ANY ('{\"LG CASE\",\"LG BOX\",\"LG PACK\",\"LG PKG\"}'::bpchar[])) AND (p_size <= 15))))","Rows Removed by Filter": 66511,"Workers": []},{"Node Type": "Index Scan","Parent Relationship": "Inner","Parallel Aware": false,"Async Capable": false,"Scan Direction": "Forward","Index Name": "idx_lineitem_part_supp","Relation Name": "lineitem","Alias": "lineitem","Startup Cost": 0.43,"Total Cost": 123.20,"Plan Rows": 1,"Plan Width": 21,"Actual Startup Time": 0.245,"Actual Total Time": 0.280,"Actual Rows": 0,"Actual Loops": 468,"Index Cond": "(l_partkey = part.p_partkey)","Rows Removed by Index Recheck": 0,"Filter": "((l_shipmode = ANY ('{AIR,\"AIR REG\"}'::bpchar[])) AND (l_shipinstruct = 'DELIVER IN PERSON'::bpchar) AND (((l_quantity >= '9'::numeric) AND (l_quantity <= '19'::numeric)) OR ((l_quantity >= '14'::numeric) AND (l_quantity <= '24'::numeric)) OR ((l_quantity >= '23'::numeric) AND (l_quantity <= '33'::numeric))) AND (((part.p_brand = 'Brand#11'::bpchar) AND (part.p_container = ANY ('{\"SM CASE\",\"SM BOX\",\"SM PACK\",\"SM PKG\"}'::bpchar[])) AND (l_quantity >= '9'::numeric) AND (l_quantity <= '19'::numeric) AND (part.p_size <= 5)) OR ((part.p_brand = 'Brand#41'::bpchar) AND (part.p_container = ANY ('{\"MED BAG\",\"MED BOX\",\"MED PKG\",\"MED PACK\"}'::bpchar[])) AND (l_quantity >= '14'::numeric) AND (l_quantity <= '24'::numeric) AND (part.p_size <= 10)) OR ((part.p_brand = 'Brand#25'::bpchar) AND (part.p_container = ANY ('{\"LG CASE\",\"LG BOX\",\"LG PACK\",\"LG PKG\"}'::bpchar[])) AND (l_quantity >= '23'::numeric) AND (l_quantity <= '33'::numeric) AND (part.p_size <= 15))))","Rows Removed by Filter": 29,"Workers": []}]}]}]}]},"Planning Time": 5.998,"Triggers": [],"Execution Time": 99.851}]
[{"Plan": {"Node Type": "Aggregate","Strategy": "Plain","Partial Mode": "Finalize","Parallel Aware": false,"Async Capable": false,"Startup Cost": 33046.56,"Total Cost": 33046.57,"Plan Rows": 1,"Plan Width": 32,"Actual Startup Time": 81.103,"Actual Total Time": 95.460,"Actual Rows": 1,"Actual Loops": 1,"Plans": [{"Node Type": "Gather","Parent Relationship": "Outer","Parallel Aware": false,"Async Capable": false,"Startup Cost": 33046.34,"Total Cost": 33046.55,"Plan Rows": 2,"Plan Width": 32,"Actual Startup Time": 80.916,"Actual Total Time": 95.434,"Actual Rows": 3,"Actual Loops": 1,"Workers Planned": 2,"Workers Launched": 2,"Single Copy": false,"Plans": [{"Node Type": "Aggregate","Strategy": "Plain","Partial Mode": "Partial","Parent Relationship": "Outer","Parallel Aware": false,"Async Capable": false,"Startup Cost": 32046.34,"Total Cost": 32046.35,"Plan Rows": 1,"Plan Width": 32,"Actual Startup Time": 74.720,"Actual Total Time": 74.722,"Actual Rows": 1,"Actual Loops": 3,"Workers": [],"Plans": [{"Node Type": "Nested Loop","Parent Relationship": "Outer","Parallel Aware": false,"Async Capable": false,"Join Type": "Inner","Startup Cost": 0.43,"Total Cost": 32046.00,"Plan Rows": 45,"Plan Width": 12,"Actual Startup Time": 2.268,"Actual Total Time": 74.683,"Actual Rows": 43,"Actual Loops": 3,"Inner Unique": false,"Workers": [],"Plans": [{"Node Type": "Seq Scan","Parent Relationship": "Outer","Parallel Aware": true,"Async Capable": false,"Relation Name": "part","Alias": "part","Startup Cost": 0.00,"Total Cost": 7638.67,"Plan Rows": 198,"Plan Width": 30,"Actual Startup Time": 0.496,"Actual Total Time": 31.756,"Actual Rows": 163,"Actual Loops": 3,"Filter": "((p_size >= 1) AND (((p_brand = 'Brand#53'::bpchar) AND (p_container = ANY ('{\"SM CASE\",\"SM BOX\",\"SM PACK\",\"SM PKG\"}'::bpchar[])) AND (p_size <= 5)) OR ((p_brand = 'Brand#23'::bpchar) AND (p_container = ANY ('{\"MED BAG\",\"MED BOX\",\"MED PKG\",\"MED PACK\"}'::bpchar[])) AND (p_size <= 10)) OR ((p_brand = 'Brand#43'::bpchar) AND (p_container = ANY ('{\"LG CASE\",\"LG BOX\",\"LG PACK\",\"LG PKG\"}'::bpchar[])) AND (p_size <= 15))))","Rows Removed by Filter": 66504,"Workers": []},{"Node Type": "Index Scan","Parent Relationship": "Inner","Parallel Aware": false,"Async Capable": false,"Scan Direction": "Forward","Index Name": "idx_lineitem_part_supp","Relation Name": "lineitem","Alias": "lineitem","Startup Cost": 0.43,"Total Cost": 123.26,"Plan Rows": 1,"Plan Width": 21,"Actual Startup Time": 0.232,"Actual Total Time": 0.263,"Actual Rows": 0,"Actual Loops": 489,"Index Cond": "(l_partkey = part.p_partkey)","Rows Removed by Index Recheck": 0,"Filter": "((l_shipmode = ANY ('{AIR,\"AIR REG\"}'::bpchar[])) AND (l_shipinstruct = 'DELIVER IN PERSON'::bpchar) AND (((l_quantity >= '1'::numeric) AND (l_quantity <= '11'::numeric)) OR ((l_quantity >= '18'::numeric) AND (l_quantity <= '28'::numeric)) OR ((l_quantity >= '27'::numeric) AND (l_quantity <= '37'::numeric))) AND (((part.p_brand = 'Brand#53'::bpchar) AND (part.p_container = ANY ('{\"SM CASE\",\"SM BOX\",\"SM PACK\",\"SM PKG\"}'::bpchar[])) AND (l_quantity >= '1'::numeric) AND (l_quantity <= '11'::numeric) AND (part.p_size <= 5)) OR ((part.p_brand = 'Brand#23'::bpchar) AND (part.p_container = ANY ('{\"MED BAG\",\"MED BOX\",\"MED PKG\",\"MED PACK\"}'::bpchar[])) AND (l_quantity >= '18'::numeric) AND (l_quantity <= '28'::numeric) AND (part.p_size <= 10)) OR ((part.p_brand = 'Brand#43'::bpchar) AND (part.p_container = ANY ('{\"LG CASE\",\"LG BOX\",\"LG PACK\",\"LG PKG\"}'::bpchar[])) AND (l_quantity >= '27'::numeric) AND (l_quantity <= '37'::numeric) AND (part.p_size <= 15))))","Rows Removed by Filter": 30,"Workers": []}]}]}]}]},"Planning Time": 5.829,"Triggers": [],"Execution Time": 95.618}]
[{"Plan": {"Node Type": "Aggregate","Strategy": "Plain","Partial Mode": "Finalize","Parallel Aware": false,"Async Capable": false,"Startup Cost": 33855.97,"Total Cost": 33855.98,"Plan Rows": 1,"Plan Width": 32,"Actual Startup Time": 80.660,"Actual Total Time": 94.463,"Actual Rows": 1,"Actual Loops": 1,"Plans": [{"Node Type": "Gather","Parent Relationship": "Outer","Parallel Aware": false,"Async Capable": false,"Startup Cost": 33855.75,"Total Cost": 33855.96,"Plan Rows": 2,"Plan Width": 32,"Actual Startup Time": 80.622,"Actual Total Time": 94.435,"Actual Rows": 3,"Actual Loops": 1,"Workers Planned": 2,"Workers Launched": 2,"Single Copy": false,"Plans": [{"Node Type": "Aggregate","Strategy": "Plain","Partial Mode": "Partial","Parent Relationship": "Outer","Parallel Aware": false,"Async Capable": false,"Startup Cost": 32855.75,"Total Cost": 32855.76,"Plan Rows": 1,"Plan Width": 32,"Actual Startup Time": 74.019,"Actual Total Time": 74.022,"Actual Rows": 1,"Actual Loops": 3,"Workers": [],"Plans": [{"Node Type": "Nested Loop","Parent Relationship": "Outer","Parallel Aware": false,"Async Capable": false,"Join Type": "Inner","Startup Cost": 0.43,"Total Cost": 32855.39,"Plan Rows": 48,"Plan Width": 12,"Actual Startup Time": 7.064,"Actual Total Time": 73.975,"Actual Rows": 38,"Actual Loops": 3,"Inner Unique": false,"Workers": [],"Plans": [{"Node Type": "Seq Scan","Parent Relationship": "Outer","Parallel Aware": true,"Async Capable": false,"Relation Name": "part","Alias": "part","Startup Cost": 0.00,"Total Cost": 7638.67,"Plan Rows": 205,"Plan Width": 30,"Actual Startup Time": 1.154,"Actual Total Time": 31.905,"Actual Rows": 157,"Actual Loops": 3,"Filter": "((p_size >= 1) AND (((p_brand = 'Brand#11'::bpchar) AND (p_container = ANY ('{\"SM CASE\",\"SM BOX\",\"SM PACK\",\"SM PKG\"}'::bpchar[])) AND (p_size <= 5)) OR ((p_brand = 'Brand#54'::bpchar) AND (p_container = ANY ('{\"MED BAG\",\"MED BOX\",\"MED PKG\",\"MED PACK\"}'::bpchar[])) AND (p_size <= 10)) OR ((p_brand = 'Brand#45'::bpchar) AND (p_container = ANY ('{\"LG CASE\",\"LG BOX\",\"LG PACK\",\"LG PKG\"}'::bpchar[])) AND (p_size <= 15))))","Rows Removed by Filter": 66510,"Workers": []},{"Node Type": "Index Scan","Parent Relationship": "Inner","Parallel Aware": false,"Async Capable": false,"Scan Direction": "Forward","Index Name": "idx_lineitem_part_supp","Relation Name": "lineitem","Alias": "lineitem","Startup Cost": 0.43,"Total Cost": 123.00,"Plan Rows": 1,"Plan Width": 21,"Actual Startup Time": 0.236,"Actual Total Time": 0.268,"Actual Rows": 0,"Actual Loops": 470,"Index Cond": "(l_partkey = part.p_partkey)","Rows Removed by Index Recheck": 0,"Filter": "((l_shipmode = ANY ('{AIR,\"AIR REG\"}'::bpchar[])) AND (l_shipinstruct = 'DELIVER IN PERSON'::bpchar) AND (((l_quantity >= '5'::numeric) AND (l_quantity <= '15'::numeric)) OR ((l_quantity >= '13'::numeric) AND (l_quantity <= '23'::numeric)) OR ((l_quantity >= '22'::numeric) AND (l_quantity <= '32'::numeric))) AND (((part.p_brand = 'Brand#11'::bpchar) AND (part.p_container = ANY ('{\"SM CASE\",\"SM BOX\",\"SM PACK\",\"SM PKG\"}'::bpchar[])) AND (l_quantity >= '5'::numeric) AND (l_quantity <= '15'::numeric) AND (part.p_size <= 5)) OR ((part.p_brand = 'Brand#54'::bpchar) AND (part.p_container = ANY ('{\"MED BAG\",\"MED BOX\",\"MED PKG\",\"MED PACK\"}'::bpchar[])) AND (l_quantity >= '13'::numeric) AND (l_quantity <= '23'::numeric) AND (part.p_size <= 10)) OR ((part.p_brand = 'Brand#45'::bpchar) AND (part.p_container = ANY ('{\"LG CASE\",\"LG BOX\",\"LG PACK\",\"LG PKG\"}'::bpchar[])) AND (l_quantity >= '22'::numeric) AND (l_quantity <= '32'::numeric) AND (part.p_size <= 15))))","Rows Removed by Filter": 30,"Workers": []}]}]}]}]},"Planning Time": 6.585,"Triggers": [],"Execution Time": 94.681}]
[{"Plan": {"Node Type": "Aggregate","Strategy": "Plain","Partial Mode": "Finalize","Parallel Aware": false,"Async Capable": false,"Startup Cost": 33274.36,"Total Cost": 33274.37,"Plan Rows": 1,"Plan Width": 32,"Actual Startup Time": 79.578,"Actual Total Time": 94.847,"Actual Rows": 1,"Actual Loops": 1,"Plans": [{"Node Type": "Gather","Parent Relationship": "Outer","Parallel Aware": false,"Async Capable": false,"Startup Cost": 33274.13,"Total Cost": 33274.34,"Plan Rows": 2,"Plan Width": 32,"Actual Startup Time": 79.513,"Actual Total Time": 94.820,"Actual Rows": 3,"Actual Loops": 1,"Workers Planned": 2,"Workers Launched": 2,"Single Copy": false,"Plans": [{"Node Type": "Aggregate","Strategy": "Plain","Partial Mode": "Partial","Parent Relationship": "Outer","Parallel Aware": false,"Async Capable": false,"Startup Cost": 32274.13,"Total Cost": 32274.14,"Plan Rows": 1,"Plan Width": 32,"Actual Startup Time": 73.216,"Actual Total Time": 73.219,"Actual Rows": 1,"Actual Loops": 3,"Workers": [],"Plans": [{"Node Type": "Nested Loop","Parent Relationship": "Outer","Parallel Aware": false,"Async Capable": false,"Join Type": "Inner","Startup Cost": 0.43,"Total Cost": 32273.78,"Plan Rows": 47,"Plan Width": 12,"Actual Startup Time": 3.889,"Actual Total Time": 73.174,"Actual Rows": 45,"Actual Loops": 3,"Inner Unique": false,"Workers": [],"Plans": [{"Node Type": "Seq Scan","Parent Relationship": "Outer","Parallel Aware": true,"Async Capable": false,"Relation Name": "part","Alias": "part","Startup Cost": 0.00,"Total Cost": 7638.67,"Plan Rows": 200,"Plan Width": 30,"Actual Startup Time": 0.305,"Actual Total Time": 30.464,"Actual Rows": 158,"Actual Loops": 3,"Filter": "((p_size >= 1) AND (((p_brand = 'Brand#12'::bpchar) AND (p_container = ANY ('{\"SM CASE\",\"SM BOX\",\"SM PACK\",\"SM PKG\"}'::bpchar[])) AND (p_size <= 5)) OR ((p_brand = 'Brand#25'::bpchar) AND (p_container = ANY ('{\"MED BAG\",\"MED BOX\",\"MED PKG\",\"MED PACK\"}'::bpchar[])) AND (p_size <= 10)) OR ((p_brand = 'Brand#55'::bpchar) AND (p_container = ANY ('{\"LG CASE\",\"LG BOX\",\"LG PACK\",\"LG PKG\"}'::bpchar[])) AND (p_size <= 15))))","Rows Removed by Filter": 66508,"Workers": []},{"Node Type": "Index Scan","Parent Relationship": "Inner","Parallel Aware": false,"Async Capable": false,"Scan Direction": "Forward","Index Name": "idx_lineitem_part_supp","Relation Name": "lineitem","Alias": "lineitem","Startup Cost": 0.43,"Total Cost": 123.17,"Plan Rows": 1,"Plan Width": 21,"Actual Startup Time": 0.237,"Actual Total Time": 0.269,"Actual Rows": 0,"Actual Loops": 475,"Index Cond": "(l_partkey = part.p_partkey)","Rows Removed by Index Recheck": 0,"Filter": "((l_shipmode = ANY ('{AIR,\"AIR REG\"}'::bpchar[])) AND (l_shipinstruct = 'DELIVER IN PERSON'::bpchar) AND (((l_quantity >= '8'::numeric) AND (l_quantity <= '18'::numeric)) OR ((l_quantity >= '14'::numeric) AND (l_quantity <= '24'::numeric)) OR ((l_quantity >= '23'::numeric) AND (l_quantity <= '33'::numeric))) AND (((part.p_brand = 'Brand#12'::bpchar) AND (part.p_container = ANY ('{\"SM CASE\",\"SM BOX\",\"SM PACK\",\"SM PKG\"}'::bpchar[])) AND (l_quantity >= '8'::numeric) AND (l_quantity <= '18'::numeric) AND (part.p_size <= 5)) OR ((part.p_brand = 'Brand#25'::bpchar) AND (part.p_container = ANY ('{\"MED BAG\",\"MED BOX\",\"MED PKG\",\"MED PACK\"}'::bpchar[])) AND (l_quantity >= '14'::numeric) AND (l_quantity <= '24'::numeric) AND (part.p_size <= 10)) OR ((part.p_brand = 'Brand#55'::bpchar) AND (part.p_container = ANY ('{\"LG CASE\",\"LG BOX\",\"LG PACK\",\"LG PKG\"}'::bpchar[])) AND (l_quantity >= '23'::numeric) AND (l_quantity <= '33'::numeric) AND (part.p_size <= 15))))","Rows Removed by Filter": 30,"Workers": []}]}]}]}]},"Planning Time": 5.748,"Triggers": [],"Execution Time": 95.062}]
[{"Plan": {"Node Type": "Aggregate","Strategy": "Plain","Partial Mode": "Finalize","Parallel Aware": false,"Async Capable": false,"Startup Cost": 33161.75,"Total Cost": 33161.76,"Plan Rows": 1,"Plan Width": 32,"Actual Startup Time": 85.326,"Actual Total Time": 100.756,"Actual Rows": 1,"Actual Loops": 1,"Plans": [{"Node Type": "Gather","Parent Relationship": "Outer","Parallel Aware": false,"Async Capable": false,"Startup Cost": 33161.53,"Total Cost": 33161.74,"Plan Rows": 2,"Plan Width": 32,"Actual Startup Time": 85.301,"Actual Total Time": 100.736,"Actual Rows": 3,"Actual Loops": 1,"Workers Planned": 2,"Workers Launched": 2,"Single Copy": false,"Plans": [{"Node Type": "Aggregate","Strategy": "Plain","Partial Mode": "Partial","Parent Relationship": "Outer","Parallel Aware": false,"Async Capable": false,"Startup Cost": 32161.53,"Total Cost": 32161.54,"Plan Rows": 1,"Plan Width": 32,"Actual Startup Time": 78.667,"Actual Total Time": 78.669,"Actual Rows": 1,"Actual Loops": 3,"Workers": [],"Plans": [{"Node Type": "Nested Loop","Parent Relationship": "Outer","Parallel Aware": false,"Async Capable": false,"Join Type": "Inner","Startup Cost": 0.43,"Total Cost": 32161.18,"Plan Rows": 46,"Plan Width": 12,"Actual Startup Time": 7.137,"Actual Total Time": 78.622,"Actual Rows": 37,"Actual Loops": 3,"Inner Unique": false,"Workers": [],"Plans": [{"Node Type": "Seq Scan","Parent Relationship": "Outer","Parallel Aware": true,"Async Capable": false,"Relation Name": "part","Alias": "part","Startup Cost": 0.00,"Total Cost": 7638.67,"Plan Rows": 199,"Plan Width": 30,"Actual Startup Time": 0.330,"Actual Total Time": 34.218,"Actual Rows": 164,"Actual Loops": 3,"Filter": "((p_size >= 1) AND (((p_brand = 'Brand#33'::bpchar) AND (p_container = ANY ('{\"SM CASE\",\"SM BOX\",\"SM PACK\",\"SM PKG\"}'::bpchar[])) AND (p_size <= 5)) OR ((p_brand = 'Brand#51'::bpchar) AND (p_container = ANY ('{\"MED BAG\",\"MED BOX\",\"MED PKG\",\"MED PACK\"}'::bpchar[])) AND (p_size <= 10)) OR ((p_brand = 'Brand#32'::bpchar) AND (p_container = ANY ('{\"LG CASE\",\"LG BOX\",\"LG PACK\",\"LG PKG\"}'::bpchar[])) AND (p_size <= 15))))","Rows Removed by Filter": 66503,"Workers": []},{"Node Type": "Index Scan","Parent Relationship": "Inner","Parallel Aware": false,"Async Capable": false,"Scan Direction": "Forward","Index Name": "idx_lineitem_part_supp","Relation Name": "lineitem","Alias": "lineitem","Startup Cost": 0.43,"Total Cost": 123.22,"Plan Rows": 1,"Plan Width": 21,"Actual Startup Time": 0.242,"Actual Total Time": 0.270,"Actual Rows": 0,"Actual Loops": 492,"Index Cond": "(l_partkey = part.p_partkey)","Rows Removed by Index Recheck": 0,"Filter": "((l_shipmode = ANY ('{AIR,\"AIR REG\"}'::bpchar[])) AND (l_shipinstruct = 'DELIVER IN PERSON'::bpchar) AND (((l_quantity >= '5'::numeric) AND (l_quantity <= '15'::numeric)) OR ((l_quantity >= '10'::numeric) AND (l_quantity <= '20'::numeric)) OR ((l_quantity >= '26'::numeric) AND (l_quantity <= '36'::numeric))) AND (((part.p_brand = 'Brand#33'::bpchar) AND (part.p_container = ANY ('{\"SM CASE\",\"SM BOX\",\"SM PACK\",\"SM PKG\"}'::bpchar[])) AND (l_quantity >= '5'::numeric) AND (l_quantity <= '15'::numeric) AND (part.p_size <= 5)) OR ((part.p_brand = 'Brand#51'::bpchar) AND (part.p_container = ANY ('{\"MED BAG\",\"MED BOX\",\"MED PKG\",\"MED PACK\"}'::bpchar[])) AND (l_quantity >= '10'::numeric) AND (l_quantity <= '20'::numeric) AND (part.p_size <= 10)) OR ((part.p_brand = 'Brand#32'::bpchar) AND (part.p_container = ANY ('{\"LG CASE\",\"LG BOX\",\"LG PACK\",\"LG PKG\"}'::bpchar[])) AND (l_quantity >= '26'::numeric) AND (l_quantity <= '36'::numeric) AND (part.p_size <= 15))))","Rows Removed by Filter": 29,"Workers": []}]}]}]}]},"Planning Time": 6.511,"Triggers": [],"Execution Time": 100.922}]
[{"Plan": {"Node Type": "Aggregate","Strategy": "Plain","Partial Mode": "Finalize","Parallel Aware": false,"Async Capable": false,"Startup Cost": 32930.51,"Total Cost": 32930.52,"Plan Rows": 1,"Plan Width": 32,"Actual Startup Time": 77.887,"Actual Total Time": 93.120,"Actual Rows": 1,"Actual Loops": 1,"Plans": [{"Node Type": "Gather","Parent Relationship": "Outer","Parallel Aware": false,"Async Capable": false,"Startup Cost": 32930.28,"Total Cost": 32930.49,"Plan Rows": 2,"Plan Width": 32,"Actual Startup Time": 77.802,"Actual Total Time": 93.094,"Actual Rows": 3,"Actual Loops": 1,"Workers Planned": 2,"Workers Launched": 2,"Single Copy": false,"Plans": [{"Node Type": "Aggregate","Strategy": "Plain","Partial Mode": "Partial","Parent Relationship": "Outer","Parallel Aware": false,"Async Capable": false,"Startup Cost": 31930.28,"Total Cost": 31930.29,"Plan Rows": 1,"Plan Width": 32,"Actual Startup Time": 71.707,"Actual Total Time": 71.709,"Actual Rows": 1,"Actual Loops": 3,"Workers": [],"Plans": [{"Node Type": "Nested Loop","Parent Relationship": "Outer","Parallel Aware": false,"Async Capable": false,"Join Type": "Inner","Startup Cost": 0.43,"Total Cost": 31929.94,"Plan Rows": 46,"Plan Width": 12,"Actual Startup Time": 3.231,"Actual Total Time": 71.670,"Actual Rows": 40,"Actual Loops": 3,"Inner Unique": false,"Workers": [],"Plans": [{"Node Type": "Seq Scan","Parent Relationship": "Outer","Parallel Aware": true,"Async Capable": false,"Relation Name": "part","Alias": "part","Startup Cost": 0.00,"Total Cost": 7638.67,"Plan Rows": 197,"Plan Width": 30,"Actual Startup Time": 0.355,"Actual Total Time": 31.160,"Actual Rows": 156,"Actual Loops": 3,"Filter": "((p_size >= 1) AND (((p_brand = 'Brand#31'::bpchar) AND (p_container = ANY ('{\"SM CASE\",\"SM BOX\",\"SM PACK\",\"SM PKG\"}'::bpchar[])) AND (p_size <= 5)) OR ((p_brand = 'Brand#23'::bpchar) AND (p_container = ANY ('{\"MED BAG\",\"MED BOX\",\"MED PKG\",\"MED PACK\"}'::bpchar[])) AND (p_size <= 10)) OR ((p_brand = 'Brand#25'::bpchar) AND (p_container = ANY ('{\"LG CASE\",\"LG BOX\",\"LG PACK\",\"LG PKG\"}'::bpchar[])) AND (p_size <= 15))))","Rows Removed by Filter": 66511,"Workers": []},{"Node Type": "Index Scan","Parent Relationship": "Inner","Parallel Aware": false,"Async Capable": false,"Scan Direction": "Forward","Index Name": "idx_lineitem_part_supp","Relation Name": "lineitem","Alias": "lineitem","Startup Cost": 0.43,"Total Cost": 123.30,"Plan Rows": 1,"Plan Width": 21,"Actual Startup Time": 0.230,"Actual Total Time": 0.259,"Actual Rows": 0,"Actual Loops": 468,"Index Cond": "(l_partkey = part.p_partkey)","Rows Removed by Index Recheck": 0,"Filter": "((l_shipmode = ANY ('{AIR,\"AIR REG\"}'::bpchar[])) AND (l_shipinstruct = 'DELIVER IN PERSON'::bpchar) AND (((l_quantity >= '2'::numeric) AND (l_quantity <= '12'::numeric)) OR ((l_quantity >= '11'::numeric) AND (l_quantity <= '21'::numeric)) OR ((l_quantity >= '21'::numeric) AND (l_quantity <= '31'::numeric))) AND (((part.p_brand = 'Brand#31'::bpchar) AND (part.p_container = ANY ('{\"SM CASE\",\"SM BOX\",\"SM PACK\",\"SM PKG\"}'::bpchar[])) AND (l_quantity >= '2'::numeric) AND (l_quantity <= '12'::numeric) AND (part.p_size <= 5)) OR ((part.p_brand = 'Brand#23'::bpchar) AND (part.p_container = ANY ('{\"MED BAG\",\"MED BOX\",\"MED PKG\",\"MED PACK\"}'::bpchar[])) AND (l_quantity >= '11'::numeric) AND (l_quantity <= '21'::numeric) AND (part.p_size <= 10)) OR ((part.p_brand = 'Brand#25'::bpchar) AND (part.p_container = ANY ('{\"LG CASE\",\"LG BOX\",\"LG PACK\",\"LG PKG\"}'::bpchar[])) AND (l_quantity >= '21'::numeric) AND (l_quantity <= '31'::numeric) AND (part.p_size <= 15))))","Rows Removed by Filter": 29,"Workers": []}]}]}]}]},"Planning Time": 6.190,"Triggers": [],"Execution Time": 93.311}]
[{"Plan": {"Node Type": "Aggregate","Strategy": "Plain","Partial Mode": "Finalize","Parallel Aware": false,"Async Capable": false,"Startup Cost": 33393.49,"Total Cost": 33393.50,"Plan Rows": 1,"Plan Width": 32,"Actual Startup Time": 88.392,"Actual Total Time": 103.633,"Actual Rows": 1,"Actual Loops": 1,"Plans": [{"Node Type": "Gather","Parent Relationship": "Outer","Parallel Aware": false,"Async Capable": false,"Startup Cost": 33393.27,"Total Cost": 33393.48,"Plan Rows": 2,"Plan Width": 32,"Actual Startup Time": 88.201,"Actual Total Time": 103.613,"Actual Rows": 3,"Actual Loops": 1,"Workers Planned": 2,"Workers Launched": 2,"Single Copy": false,"Plans": [{"Node Type": "Aggregate","Strategy": "Plain","Partial Mode": "Partial","Parent Relationship": "Outer","Parallel Aware": false,"Async Capable": false,"Startup Cost": 32393.27,"Total Cost": 32393.28,"Plan Rows": 1,"Plan Width": 32,"Actual Startup Time": 81.729,"Actual Total Time": 81.732,"Actual Rows": 1,"Actual Loops": 3,"Workers": [],"Plans": [{"Node Type": "Nested Loop","Parent Relationship": "Outer","Parallel Aware": false,"Async Capable": false,"Join Type": "Inner","Startup Cost": 0.43,"Total Cost": 32392.92,"Plan Rows": 47,"Plan Width": 12,"Actual Startup Time": 5.240,"Actual Total Time": 81.685,"Actual Rows": 43,"Actual Loops": 3,"Inner Unique": false,"Workers": [],"Plans": [{"Node Type": "Seq Scan","Parent Relationship": "Outer","Parallel Aware": true,"Async Capable": false,"Relation Name": "part","Alias": "part","Startup Cost": 0.00,"Total Cost": 7638.67,"Plan Rows": 201,"Plan Width": 30,"Actual Startup Time": 0.432,"Actual Total Time": 34.550,"Actual Rows": 169,"Actual Loops": 3,"Filter": "((p_size >= 1) AND (((p_brand = 'Brand#21'::bpchar) AND (p_container = ANY ('{\"SM CASE\",\"SM BOX\",\"SM PACK\",\"SM PKG\"}'::bpchar[])) AND (p_size <= 5)) OR ((p_brand = 'Brand#13'::bpchar) AND (p_container = ANY ('{\"MED BAG\",\"MED BOX\",\"MED PKG\",\"MED PACK\"}'::bpchar[])) AND (p_size <= 10)) OR ((p_brand = 'Brand#43'::bpchar) AND (p_container = ANY ('{\"LG CASE\",\"LG BOX\",\"LG PACK\",\"LG PKG\"}'::bpchar[])) AND (p_size <= 15))))","Rows Removed by Filter": 66498,"Workers": []},{"Node Type": "Index Scan","Parent Relationship": "Inner","Parallel Aware": false,"Async Capable": false,"Scan Direction": "Forward","Index Name": "idx_lineitem_part_supp","Relation Name": "lineitem","Alias": "lineitem","Startup Cost": 0.43,"Total Cost": 123.15,"Plan Rows": 1,"Plan Width": 21,"Actual Startup Time": 0.250,"Actual Total Time": 0.279,"Actual Rows": 0,"Actual Loops": 506,"Index Cond": "(l_partkey = part.p_partkey)","Rows Removed by Index Recheck": 0,"Filter": "((l_shipmode = ANY ('{AIR,\"AIR REG\"}'::bpchar[])) AND (l_shipinstruct = 'DELIVER IN PERSON'::bpchar) AND (((l_quantity >= '2'::numeric) AND (l_quantity <= '12'::numeric)) OR ((l_quantity >= '16'::numeric) AND (l_quantity <= '26'::numeric)) OR ((l_quantity >= '22'::numeric) AND (l_quantity <= '32'::numeric))) AND (((part.p_brand = 'Brand#21'::bpchar) AND (part.p_container = ANY ('{\"SM CASE\",\"SM BOX\",\"SM PACK\",\"SM PKG\"}'::bpchar[])) AND (l_quantity >= '2'::numeric) AND (l_quantity <= '12'::numeric) AND (part.p_size <= 5)) OR ((part.p_brand = 'Brand#13'::bpchar) AND (part.p_container = ANY ('{\"MED BAG\",\"MED BOX\",\"MED PKG\",\"MED PACK\"}'::bpchar[])) AND (l_quantity >= '16'::numeric) AND (l_quantity <= '26'::numeric) AND (part.p_size <= 10)) OR ((part.p_brand = 'Brand#43'::bpchar) AND (part.p_container = ANY ('{\"LG CASE\",\"LG BOX\",\"LG PACK\",\"LG PKG\"}'::bpchar[])) AND (l_quantity >= '22'::numeric) AND (l_quantity <= '32'::numeric) AND (part.p_size <= 15))))","Rows Removed by Filter": 30,"Workers": []}]}]}]}]},"Planning Time": 6.989,"Triggers": [],"Execution Time": 103.862}]
[{"Plan": {"Node Type": "Aggregate","Strategy": "Plain","Partial Mode": "Finalize","Parallel Aware": false,"Async Capable": false,"Startup Cost": 33274.86,"Total Cost": 33274.87,"Plan Rows": 1,"Plan Width": 32,"Actual Startup Time": 86.289,"Actual Total Time": 101.603,"Actual Rows": 1,"Actual Loops": 1,"Plans": [{"Node Type": "Gather","Parent Relationship": "Outer","Parallel Aware": false,"Async Capable": false,"Startup Cost": 33274.63,"Total Cost": 33274.84,"Plan Rows": 2,"Plan Width": 32,"Actual Startup Time": 85.843,"Actual Total Time": 101.578,"Actual Rows": 3,"Actual Loops": 1,"Workers Planned": 2,"Workers Launched": 2,"Single Copy": false,"Plans": [{"Node Type": "Aggregate","Strategy": "Plain","Partial Mode": "Partial","Parent Relationship": "Outer","Parallel Aware": false,"Async Capable": false,"Startup Cost": 32274.63,"Total Cost": 32274.64,"Plan Rows": 1,"Plan Width": 32,"Actual Startup Time": 79.036,"Actual Total Time": 79.041,"Actual Rows": 1,"Actual Loops": 3,"Workers": [],"Plans": [{"Node Type": "Nested Loop","Parent Relationship": "Outer","Parallel Aware": false,"Async Capable": false,"Join Type": "Inner","Startup Cost": 0.43,"Total Cost": 32274.29,"Plan Rows": 46,"Plan Width": 12,"Actual Startup Time": 4.035,"Actual Total Time": 78.999,"Actual Rows": 44,"Actual Loops": 3,"Inner Unique": false,"Workers": [],"Plans": [{"Node Type": "Seq Scan","Parent Relationship": "Outer","Parallel Aware": true,"Async Capable": false,"Relation Name": "part","Alias": "part","Startup Cost": 0.00,"Total Cost": 7638.67,"Plan Rows": 200,"Plan Width": 30,"Actual Startup Time": 0.687,"Actual Total Time": 34.473,"Actual Rows": 162,"Actual Loops": 3,"Filter": "((p_size >= 1) AND (((p_brand = 'Brand#25'::bpchar) AND (p_container = ANY ('{\"SM CASE\",\"SM BOX\",\"SM PACK\",\"SM PKG\"}'::bpchar[])) AND (p_size <= 5)) OR ((p_brand = 'Brand#32'::bpchar) AND (p_container = ANY ('{\"MED BAG\",\"MED BOX\",\"MED PKG\",\"MED PACK\"}'::bpchar[])) AND (p_size <= 10)) OR ((p_brand = 'Brand#21'::bpchar) AND (p_container = ANY ('{\"LG CASE\",\"LG BOX\",\"LG PACK\",\"LG PKG\"}'::bpchar[])) AND (p_size <= 15))))","Rows Removed by Filter": 66504,"Workers": []},{"Node Type": "Index Scan","Parent Relationship": "Inner","Parallel Aware": false,"Async Capable": false,"Scan Direction": "Forward","Index Name": "idx_lineitem_part_supp","Relation Name": "lineitem","Alias": "lineitem","Startup Cost": 0.43,"Total Cost": 123.17,"Plan Rows": 1,"Plan Width": 21,"Actual Startup Time": 0.240,"Actual Total Time": 0.274,"Actual Rows": 0,"Actual Loops": 487,"Index Cond": "(l_partkey = part.p_partkey)","Rows Removed by Index Recheck": 0,"Filter": "((l_shipmode = ANY ('{AIR,\"AIR REG\"}'::bpchar[])) AND (l_shipinstruct = 'DELIVER IN PERSON'::bpchar) AND (((l_quantity >= '8'::numeric) AND (l_quantity <= '18'::numeric)) OR ((l_quantity >= '18'::numeric) AND (l_quantity <= '28'::numeric)) OR ((l_quantity >= '25'::numeric) AND (l_quantity <= '35'::numeric))) AND (((part.p_brand = 'Brand#25'::bpchar) AND (part.p_container = ANY ('{\"SM CASE\",\"SM BOX\",\"SM PACK\",\"SM PKG\"}'::bpchar[])) AND (l_quantity >= '8'::numeric) AND (l_quantity <= '18'::numeric) AND (part.p_size <= 5)) OR ((part.p_brand = 'Brand#32'::bpchar) AND (part.p_container = ANY ('{\"MED BAG\",\"MED BOX\",\"MED PKG\",\"MED PACK\"}'::bpchar[])) AND (l_quantity >= '18'::numeric) AND (l_quantity <= '28'::numeric) AND (part.p_size <= 10)) OR ((part.p_brand = 'Brand#21'::bpchar) AND (part.p_container = ANY ('{\"LG CASE\",\"LG BOX\",\"LG PACK\",\"LG PKG\"}'::bpchar[])) AND (l_quantity >= '25'::numeric) AND (l_quantity <= '35'::numeric) AND (part.p_size <= 15))))","Rows Removed by Filter": 30,"Workers": []}]}]}]}]},"Planning Time": 6.770,"Triggers": [],"Execution Time": 101.755}]
[{"Plan": {"Node Type": "Aggregate","Strategy": "Plain","Partial Mode": "Finalize","Parallel Aware": false,"Async Capable": false,"Startup Cost": 33623.34,"Total Cost": 33623.35,"Plan Rows": 1,"Plan Width": 32,"Actual Startup Time": 84.569,"Actual Total Time": 99.791,"Actual Rows": 1,"Actual Loops": 1,"Plans": [{"Node Type": "Gather","Parent Relationship": "Outer","Parallel Aware": false,"Async Capable": false,"Startup Cost": 33623.11,"Total Cost": 33623.32,"Plan Rows": 2,"Plan Width": 32,"Actual Startup Time": 84.404,"Actual Total Time": 99.765,"Actual Rows": 3,"Actual Loops": 1,"Workers Planned": 2,"Workers Launched": 2,"Single Copy": false,"Plans": [{"Node Type": "Aggregate","Strategy": "Plain","Partial Mode": "Partial","Parent Relationship": "Outer","Parallel Aware": false,"Async Capable": false,"Startup Cost": 32623.11,"Total Cost": 32623.12,"Plan Rows": 1,"Plan Width": 32,"Actual Startup Time": 77.868,"Actual Total Time": 77.874,"Actual Rows": 1,"Actual Loops": 3,"Workers": [],"Plans": [{"Node Type": "Nested Loop","Parent Relationship": "Outer","Parallel Aware": false,"Async Capable": false,"Join Type": "Inner","Startup Cost": 0.43,"Total Cost": 32622.76,"Plan Rows": 47,"Plan Width": 12,"Actual Startup Time": 7.627,"Actual Total Time": 77.825,"Actual Rows": 45,"Actual Loops": 3,"Inner Unique": false,"Workers": [],"Plans": [{"Node Type": "Seq Scan","Parent Relationship": "Outer","Parallel Aware": true,"Async Capable": false,"Relation Name": "part","Alias": "part","Startup Cost": 0.00,"Total Cost": 7638.67,"Plan Rows": 203,"Plan Width": 30,"Actual Startup Time": 0.607,"Actual Total Time": 31.559,"Actual Rows": 179,"Actual Loops": 3,"Filter": "((p_size >= 1) AND (((p_brand = 'Brand#41'::bpchar) AND (p_container = ANY ('{\"SM CASE\",\"SM BOX\",\"SM PACK\",\"SM PKG\"}'::bpchar[])) AND (p_size <= 5)) OR ((p_brand = 'Brand#53'::bpchar) AND (p_container = ANY ('{\"MED BAG\",\"MED BOX\",\"MED PKG\",\"MED PACK\"}'::bpchar[])) AND (p_size <= 10)) OR ((p_brand = 'Brand#22'::bpchar) AND (p_container = ANY ('{\"LG CASE\",\"LG BOX\",\"LG PACK\",\"LG PKG\"}'::bpchar[])) AND (p_size <= 15))))","Rows Removed by Filter": 66487,"Workers": []},{"Node Type": "Index Scan","Parent Relationship": "Inner","Parallel Aware": false,"Async Capable": false,"Scan Direction": "Forward","Index Name": "idx_lineitem_part_supp","Relation Name": "lineitem","Alias": "lineitem","Startup Cost": 0.43,"Total Cost": 123.06,"Plan Rows": 1,"Plan Width": 21,"Actual Startup Time": 0.230,"Actual Total Time": 0.258,"Actual Rows": 0,"Actual Loops": 538,"Index Cond": "(l_partkey = part.p_partkey)","Rows Removed by Index Recheck": 0,"Filter": "((l_shipmode = ANY ('{AIR,\"AIR REG\"}'::bpchar[])) AND (l_shipinstruct = 'DELIVER IN PERSON'::bpchar) AND (((l_quantity >= '5'::numeric) AND (l_quantity <= '15'::numeric)) OR ((l_quantity >= '18'::numeric) AND (l_quantity <= '28'::numeric)) OR ((l_quantity >= '28'::numeric) AND (l_quantity <= '38'::numeric))) AND (((part.p_brand = 'Brand#41'::bpchar) AND (part.p_container = ANY ('{\"SM CASE\",\"SM BOX\",\"SM PACK\",\"SM PKG\"}'::bpchar[])) AND (l_quantity >= '5'::numeric) AND (l_quantity <= '15'::numeric) AND (part.p_size <= 5)) OR ((part.p_brand = 'Brand#53'::bpchar) AND (part.p_container = ANY ('{\"MED BAG\",\"MED BOX\",\"MED PKG\",\"MED PACK\"}'::bpchar[])) AND (l_quantity >= '18'::numeric) AND (l_quantity <= '28'::numeric) AND (part.p_size <= 10)) OR ((part.p_brand = 'Brand#22'::bpchar) AND (part.p_container = ANY ('{\"LG CASE\",\"LG BOX\",\"LG PACK\",\"LG PKG\"}'::bpchar[])) AND (l_quantity >= '28'::numeric) AND (l_quantity <= '38'::numeric) AND (part.p_size <= 15))))","Rows Removed by Filter": 29,"Workers": []}]}]}]}]},"Planning Time": 5.272,"Triggers": [],"Execution Time": 99.962}]
[{"Plan": {"Node Type": "Aggregate","Strategy": "Plain","Partial Mode": "Finalize","Parallel Aware": false,"Async Capable": false,"Startup Cost": 33971.04,"Total Cost": 33971.05,"Plan Rows": 1,"Plan Width": 32,"Actual Startup Time": 87.123,"Actual Total Time": 101.916,"Actual Rows": 1,"Actual Loops": 1,"Plans": [{"Node Type": "Gather","Parent Relationship": "Outer","Parallel Aware": false,"Async Capable": false,"Startup Cost": 33970.82,"Total Cost": 33971.03,"Plan Rows": 2,"Plan Width": 32,"Actual Startup Time": 87.039,"Actual Total Time": 101.884,"Actual Rows": 3,"Actual Loops": 1,"Workers Planned": 2,"Workers Launched": 2,"Single Copy": false,"Plans": [{"Node Type": "Aggregate","Strategy": "Plain","Partial Mode": "Partial","Parent Relationship": "Outer","Parallel Aware": false,"Async Capable": false,"Startup Cost": 32970.82,"Total Cost": 32970.83,"Plan Rows": 1,"Plan Width": 32,"Actual Startup Time": 80.279,"Actual Total Time": 80.282,"Actual Rows": 1,"Actual Loops": 3,"Workers": [],"Plans": [{"Node Type": "Nested Loop","Parent Relationship": "Outer","Parallel Aware": false,"Async Capable": false,"Join Type": "Inner","Startup Cost": 0.43,"Total Cost": 32970.45,"Plan Rows": 48,"Plan Width": 12,"Actual Startup Time": 2.025,"Actual Total Time": 80.240,"Actual Rows": 35,"Actual Loops": 3,"Inner Unique": false,"Workers": [],"Plans": [{"Node Type": "Seq Scan","Parent Relationship": "Outer","Parallel Aware": true,"Async Capable": false,"Relation Name": "part","Alias": "part","Startup Cost": 0.00,"Total Cost": 7638.67,"Plan Rows": 206,"Plan Width": 30,"Actual Startup Time": 1.016,"Actual Total Time": 34.538,"Actual Rows": 165,"Actual Loops": 3,"Filter": "((p_size >= 1) AND (((p_brand = 'Brand#24'::bpchar) AND (p_container = ANY ('{\"SM CASE\",\"SM BOX\",\"SM PACK\",\"SM PKG\"}'::bpchar[])) AND (p_size <= 5)) OR ((p_brand = 'Brand#42'::bpchar) AND (p_container = ANY ('{\"MED BAG\",\"MED BOX\",\"MED PKG\",\"MED PACK\"}'::bpchar[])) AND (p_size <= 10)) OR ((p_brand = 'Brand#35'::bpchar) AND (p_container = ANY ('{\"LG CASE\",\"LG BOX\",\"LG PACK\",\"LG PKG\"}'::bpchar[])) AND (p_size <= 15))))","Rows Removed by Filter": 66502,"Workers": []},{"Node Type": "Index Scan","Parent Relationship": "Inner","Parallel Aware": false,"Async Capable": false,"Scan Direction": "Forward","Index Name": "idx_lineitem_part_supp","Relation Name": "lineitem","Alias": "lineitem","Startup Cost": 0.43,"Total Cost": 122.96,"Plan Rows": 1,"Plan Width": 21,"Actual Startup Time": 0.249,"Actual Total Time": 0.277,"Actual Rows": 0,"Actual Loops": 495,"Index Cond": "(l_partkey = part.p_partkey)","Rows Removed by Index Recheck": 0,"Filter": "((l_shipmode = ANY ('{AIR,\"AIR REG\"}'::bpchar[])) AND (l_shipinstruct = 'DELIVER IN PERSON'::bpchar) AND (((l_quantity >= '5'::numeric) AND (l_quantity <= '15'::numeric)) OR ((l_quantity >= '12'::numeric) AND (l_quantity <= '22'::numeric)) OR ((l_quantity >= '20'::numeric) AND (l_quantity <= '30'::numeric))) AND (((part.p_brand = 'Brand#24'::bpchar) AND (part.p_container = ANY ('{\"SM CASE\",\"SM BOX\",\"SM PACK\",\"SM PKG\"}'::bpchar[])) AND (l_quantity >= '5'::numeric) AND (l_quantity <= '15'::numeric) AND (part.p_size <= 5)) OR ((part.p_brand = 'Brand#42'::bpchar) AND (part.p_container = ANY ('{\"MED BAG\",\"MED BOX\",\"MED PKG\",\"MED PACK\"}'::bpchar[])) AND (l_quantity >= '12'::numeric) AND (l_quantity <= '22'::numeric) AND (part.p_size <= 10)) OR ((part.p_brand = 'Brand#35'::bpchar) AND (part.p_container = ANY ('{\"LG CASE\",\"LG BOX\",\"LG PACK\",\"LG PKG\"}'::bpchar[])) AND (l_quantity >= '20'::numeric) AND (l_quantity <= '30'::numeric) AND (part.p_size <= 15))))","Rows Removed by Filter": 30,"Workers": []}]}]}]}]},"Planning Time": 6.888,"Triggers": [],"Execution Time": 102.147}]
[{"Plan": {"Node Type": "Aggregate","Strategy": "Plain","Partial Mode": "Finalize","Parallel Aware": false,"Async Capable": false,"Startup Cost": 33274.09,"Total Cost": 33274.10,"Plan Rows": 1,"Plan Width": 32,"Actual Startup Time": 80.373,"Actual Total Time": 95.172,"Actual Rows": 1,"Actual Loops": 1,"Plans": [{"Node Type": "Gather","Parent Relationship": "Outer","Parallel Aware": false,"Async Capable": false,"Startup Cost": 33273.87,"Total Cost": 33274.08,"Plan Rows": 2,"Plan Width": 32,"Actual Startup Time": 80.252,"Actual Total Time": 95.142,"Actual Rows": 3,"Actual Loops": 1,"Workers Planned": 2,"Workers Launched": 2,"Single Copy": false,"Plans": [{"Node Type": "Aggregate","Strategy": "Plain","Partial Mode": "Partial","Parent Relationship": "Outer","Parallel Aware": false,"Async Capable": false,"Startup Cost": 32273.87,"Total Cost": 32273.88,"Plan Rows": 1,"Plan Width": 32,"Actual Startup Time": 74.032,"Actual Total Time": 74.036,"Actual Rows": 1,"Actual Loops": 3,"Workers": [],"Plans": [{"Node Type": "Nested Loop","Parent Relationship": "Outer","Parallel Aware": false,"Async Capable": false,"Join Type": "Inner","Startup Cost": 0.43,"Total Cost": 32273.52,"Plan Rows": 47,"Plan Width": 12,"Actual Startup Time": 8.753,"Actual Total Time": 73.988,"Actual Rows": 42,"Actual Loops": 3,"Inner Unique": false,"Workers": [],"Plans": [{"Node Type": "Seq Scan","Parent Relationship": "Outer","Parallel Aware": true,"Async Capable": false,"Relation Name": "part","Alias": "part","Startup Cost": 0.00,"Total Cost": 7638.67,"Plan Rows": 200,"Plan Width": 30,"Actual Startup Time": 0.340,"Actual Total Time": 30.750,"Actual Rows": 166,"Actual Loops": 3,"Filter": "((p_size >= 1) AND (((p_brand = 'Brand#33'::bpchar) AND (p_container = ANY ('{\"SM CASE\",\"SM BOX\",\"SM PACK\",\"SM PKG\"}'::bpchar[])) AND (p_size <= 5)) OR ((p_brand = 'Brand#23'::bpchar) AND (p_container = ANY ('{\"MED BAG\",\"MED BOX\",\"MED PKG\",\"MED PACK\"}'::bpchar[])) AND (p_size <= 10)) OR ((p_brand = 'Brand#43'::bpchar) AND (p_container = ANY ('{\"LG CASE\",\"LG BOX\",\"LG PACK\",\"LG PKG\"}'::bpchar[])) AND (p_size <= 15))))","Rows Removed by Filter": 66500,"Workers": []},{"Node Type": "Index Scan","Parent Relationship": "Inner","Parallel Aware": false,"Async Capable": false,"Scan Direction": "Forward","Index Name": "idx_lineitem_part_supp","Relation Name": "lineitem","Alias": "lineitem","Startup Cost": 0.43,"Total Cost": 123.16,"Plan Rows": 1,"Plan Width": 21,"Actual Startup Time": 0.231,"Actual Total Time": 0.260,"Actual Rows": 0,"Actual Loops": 499,"Index Cond": "(l_partkey = part.p_partkey)","Rows Removed by Index Recheck": 0,"Filter": "((l_shipmode = ANY ('{AIR,\"AIR REG\"}'::bpchar[])) AND (l_shipinstruct = 'DELIVER IN PERSON'::bpchar) AND (((l_quantity >= '6'::numeric) AND (l_quantity <= '16'::numeric)) OR ((l_quantity >= '10'::numeric) AND (l_quantity <= '20'::numeric)) OR ((l_quantity >= '20'::numeric) AND (l_quantity <= '30'::numeric))) AND (((part.p_brand = 'Brand#33'::bpchar) AND (part.p_container = ANY ('{\"SM CASE\",\"SM BOX\",\"SM PACK\",\"SM PKG\"}'::bpchar[])) AND (l_quantity >= '6'::numeric) AND (l_quantity <= '16'::numeric) AND (part.p_size <= 5)) OR ((part.p_brand = 'Brand#23'::bpchar) AND (part.p_container = ANY ('{\"MED BAG\",\"MED BOX\",\"MED PKG\",\"MED PACK\"}'::bpchar[])) AND (l_quantity >= '10'::numeric) AND (l_quantity <= '20'::numeric) AND (part.p_size <= 10)) OR ((part.p_brand = 'Brand#43'::bpchar) AND (part.p_container = ANY ('{\"LG CASE\",\"LG BOX\",\"LG PACK\",\"LG PKG\"}'::bpchar[])) AND (l_quantity >= '20'::numeric) AND (l_quantity <= '30'::numeric) AND (part.p_size <= 15))))","Rows Removed by Filter": 30,"Workers": []}]}]}]}]},"Planning Time": 5.730,"Triggers": [],"Execution Time": 95.386}]
[{"Plan": {"Node Type": "Aggregate","Strategy": "Plain","Partial Mode": "Finalize","Parallel Aware": false,"Async Capable": false,"Startup Cost": 33855.29,"Total Cost": 33855.30,"Plan Rows": 1,"Plan Width": 32,"Actual Startup Time": 81.213,"Actual Total Time": 95.813,"Actual Rows": 1,"Actual Loops": 1,"Plans": [{"Node Type": "Gather","Parent Relationship": "Outer","Parallel Aware": false,"Async Capable": false,"Startup Cost": 33855.07,"Total Cost": 33855.28,"Plan Rows": 2,"Plan Width": 32,"Actual Startup Time": 80.828,"Actual Total Time": 95.792,"Actual Rows": 3,"Actual Loops": 1,"Workers Planned": 2,"Workers Launched": 2,"Single Copy": false,"Plans": [{"Node Type": "Aggregate","Strategy": "Plain","Partial Mode": "Partial","Parent Relationship": "Outer","Parallel Aware": false,"Async Capable": false,"Startup Cost": 32855.07,"Total Cost": 32855.08,"Plan Rows": 1,"Plan Width": 32,"Actual Startup Time": 74.490,"Actual Total Time": 74.492,"Actual Rows": 1,"Actual Loops": 3,"Workers": [],"Plans": [{"Node Type": "Nested Loop","Parent Relationship": "Outer","Parallel Aware": false,"Async Capable": false,"Join Type": "Inner","Startup Cost": 0.43,"Total Cost": 32854.71,"Plan Rows": 48,"Plan Width": 12,"Actual Startup Time": 4.487,"Actual Total Time": 74.458,"Actual Rows": 35,"Actual Loops": 3,"Inner Unique": false,"Workers": [],"Plans": [{"Node Type": "Seq Scan","Parent Relationship": "Outer","Parallel Aware": true,"Async Capable": false,"Relation Name": "part","Alias": "part","Startup Cost": 0.00,"Total Cost": 7638.67,"Plan Rows": 205,"Plan Width": 30,"Actual Startup Time": 1.164,"Actual Total Time": 31.632,"Actual Rows": 160,"Actual Loops": 3,"Filter": "((p_size >= 1) AND (((p_brand = 'Brand#31'::bpchar) AND (p_container = ANY ('{\"SM CASE\",\"SM BOX\",\"SM PACK\",\"SM PKG\"}'::bpchar[])) AND (p_size <= 5)) OR ((p_brand = 'Brand#21'::bpchar) AND (p_container = ANY ('{\"MED BAG\",\"MED BOX\",\"MED PKG\",\"MED PACK\"}'::bpchar[])) AND (p_size <= 10)) OR ((p_brand = 'Brand#35'::bpchar) AND (p_container = ANY ('{\"LG CASE\",\"LG BOX\",\"LG PACK\",\"LG PKG\"}'::bpchar[])) AND (p_size <= 15))))","Rows Removed by Filter": 66506,"Workers": []},{"Node Type": "Index Scan","Parent Relationship": "Inner","Parallel Aware": false,"Async Capable": false,"Scan Direction": "Forward","Index Name": "idx_lineitem_part_supp","Relation Name": "lineitem","Alias": "lineitem","Startup Cost": 0.43,"Total Cost": 123.00,"Plan Rows": 1,"Plan Width": 21,"Actual Startup Time": 0.238,"Actual Total Time": 0.267,"Actual Rows": 0,"Actual Loops": 481,"Index Cond": "(l_partkey = part.p_partkey)","Rows Removed by Index Recheck": 0,"Filter": "((l_shipmode = ANY ('{AIR,\"AIR REG\"}'::bpchar[])) AND (l_shipinstruct = 'DELIVER IN PERSON'::bpchar) AND (((l_quantity >= '5'::numeric) AND (l_quantity <= '15'::numeric)) OR ((l_quantity >= '10'::numeric) AND (l_quantity <= '20'::numeric)) OR ((l_quantity >= '25'::numeric) AND (l_quantity <= '35'::numeric))) AND (((part.p_brand = 'Brand#31'::bpchar) AND (part.p_container = ANY ('{\"SM CASE\",\"SM BOX\",\"SM PACK\",\"SM PKG\"}'::bpchar[])) AND (l_quantity >= '5'::numeric) AND (l_quantity <= '15'::numeric) AND (part.p_size <= 5)) OR ((part.p_brand = 'Brand#21'::bpchar) AND (part.p_container = ANY ('{\"MED BAG\",\"MED BOX\",\"MED PKG\",\"MED PACK\"}'::bpchar[])) AND (l_quantity >= '10'::numeric) AND (l_quantity <= '20'::numeric) AND (part.p_size <= 10)) OR ((part.p_brand = 'Brand#35'::bpchar) AND (part.p_container = ANY ('{\"LG CASE\",\"LG BOX\",\"LG PACK\",\"LG PKG\"}'::bpchar[])) AND (l_quantity >= '25'::numeric) AND (l_quantity <= '35'::numeric) AND (part.p_size <= 15))))","Rows Removed by Filter": 30,"Workers": []}]}]}]}]},"Planning Time": 6.396,"Triggers": [],"Execution Time": 96.027}]
[{"Plan": {"Node Type": "Aggregate","Strategy": "Plain","Partial Mode": "Finalize","Parallel Aware": false,"Async Capable": false,"Startup Cost": 33626.40,"Total Cost": 33626.41,"Plan Rows": 1,"Plan Width": 32,"Actual Startup Time": 82.408,"Actual Total Time": 96.640,"Actual Rows": 1,"Actual Loops": 1,"Plans": [{"Node Type": "Gather","Parent Relationship": "Outer","Parallel Aware": false,"Async Capable": false,"Startup Cost": 33626.18,"Total Cost": 33626.39,"Plan Rows": 2,"Plan Width": 32,"Actual Startup Time": 82.270,"Actual Total Time": 96.624,"Actual Rows": 3,"Actual Loops": 1,"Workers Planned": 2,"Workers Launched": 2,"Single Copy": false,"Plans": [{"Node Type": "Aggregate","Strategy": "Plain","Partial Mode": "Partial","Parent Relationship": "Outer","Parallel Aware": false,"Async Capable": false,"Startup Cost": 32626.18,"Total Cost": 32626.19,"Plan Rows": 1,"Plan Width": 32,"Actual Startup Time": 75.998,"Actual Total Time": 75.999,"Actual Rows": 1,"Actual Loops": 3,"Workers": [],"Plans": [{"Node Type": "Nested Loop","Parent Relationship": "Outer","Parallel Aware": false,"Async Capable": false,"Join Type": "Inner","Startup Cost": 0.43,"Total Cost": 32625.82,"Plan Rows": 47,"Plan Width": 12,"Actual Startup Time": 2.629,"Actual Total Time": 75.946,"Actual Rows": 43,"Actual Loops": 3,"Inner Unique": false,"Workers": [],"Plans": [{"Node Type": "Seq Scan","Parent Relationship": "Outer","Parallel Aware": true,"Async Capable": false,"Relation Name": "part","Alias": "part","Startup Cost": 0.00,"Total Cost": 7638.67,"Plan Rows": 203,"Plan Width": 30,"Actual Startup Time": 0.267,"Actual Total Time": 31.116,"Actual Rows": 169,"Actual Loops": 3,"Filter": "((p_size >= 1) AND (((p_brand = 'Brand#12'::bpchar) AND (p_container = ANY ('{\"SM CASE\",\"SM BOX\",\"SM PACK\",\"SM PKG\"}'::bpchar[])) AND (p_size <= 5)) OR ((p_brand = 'Brand#24'::bpchar) AND (p_container = ANY ('{\"MED BAG\",\"MED BOX\",\"MED PKG\",\"MED PACK\"}'::bpchar[])) AND (p_size <= 10)) OR ((p_brand = 'Brand#53'::bpchar) AND (p_container = ANY ('{\"LG CASE\",\"LG BOX\",\"LG PACK\",\"LG PKG\"}'::bpchar[])) AND (p_size <= 15))))","Rows Removed by Filter": 66498,"Workers": []},{"Node Type": "Index Scan","Parent Relationship": "Inner","Parallel Aware": false,"Async Capable": false,"Scan Direction": "Forward","Index Name": "idx_lineitem_part_supp","Relation Name": "lineitem","Alias": "lineitem","Startup Cost": 0.43,"Total Cost": 123.08,"Plan Rows": 1,"Plan Width": 21,"Actual Startup Time": 0.234,"Actual Total Time": 0.265,"Actual Rows": 0,"Actual Loops": 507,"Index Cond": "(l_partkey = part.p_partkey)","Rows Removed by Index Recheck": 0,"Filter": "((l_shipmode = ANY ('{AIR,\"AIR REG\"}'::bpchar[])) AND (l_shipinstruct = 'DELIVER IN PERSON'::bpchar) AND (((l_quantity >= '10'::numeric) AND (l_quantity <= '20'::numeric)) OR ((l_quantity >= '13'::numeric) AND (l_quantity <= '23'::numeric)) OR ((l_quantity >= '22'::numeric) AND (l_quantity <= '32'::numeric))) AND (((part.p_brand = 'Brand#12'::bpchar) AND (part.p_container = ANY ('{\"SM CASE\",\"SM BOX\",\"SM PACK\",\"SM PKG\"}'::bpchar[])) AND (l_quantity >= '10'::numeric) AND (l_quantity <= '20'::numeric) AND (part.p_size <= 5)) OR ((part.p_brand = 'Brand#24'::bpchar) AND (part.p_container = ANY ('{\"MED BAG\",\"MED BOX\",\"MED PKG\",\"MED PACK\"}'::bpchar[])) AND (l_quantity >= '13'::numeric) AND (l_quantity <= '23'::numeric) AND (part.p_size <= 10)) OR ((part.p_brand = 'Brand#53'::bpchar) AND (part.p_container = ANY ('{\"LG CASE\",\"LG BOX\",\"LG PACK\",\"LG PKG\"}'::bpchar[])) AND (l_quantity >= '22'::numeric) AND (l_quantity <= '32'::numeric) AND (part.p_size <= 15))))","Rows Removed by Filter": 29,"Workers": []}]}]}]}]},"Planning Time": 5.571,"Triggers": [],"Execution Time": 96.890}]
[{"Plan": {"Node Type": "Aggregate","Strategy": "Plain","Partial Mode": "Finalize","Parallel Aware": false,"Async Capable": false,"Startup Cost": 33972.85,"Total Cost": 33972.86,"Plan Rows": 1,"Plan Width": 32,"Actual Startup Time": 78.149,"Actual Total Time": 92.596,"Actual Rows": 1,"Actual Loops": 1,"Plans": [{"Node Type": "Gather","Parent Relationship": "Outer","Parallel Aware": false,"Async Capable": false,"Startup Cost": 33972.63,"Total Cost": 33972.84,"Plan Rows": 2,"Plan Width": 32,"Actual Startup Time": 77.965,"Actual Total Time": 92.572,"Actual Rows": 3,"Actual Loops": 1,"Workers Planned": 2,"Workers Launched": 2,"Single Copy": false,"Plans": [{"Node Type": "Aggregate","Strategy": "Plain","Partial Mode": "Partial","Parent Relationship": "Outer","Parallel Aware": false,"Async Capable": false,"Startup Cost": 32972.63,"Total Cost": 32972.64,"Plan Rows": 1,"Plan Width": 32,"Actual Startup Time": 71.491,"Actual Total Time": 71.494,"Actual Rows": 1,"Actual Loops": 3,"Workers": [],"Plans": [{"Node Type": "Nested Loop","Parent Relationship": "Outer","Parallel Aware": false,"Async Capable": false,"Join Type": "Inner","Startup Cost": 0.43,"Total Cost": 32972.27,"Plan Rows": 48,"Plan Width": 12,"Actual Startup Time": 2.289,"Actual Total Time": 71.450,"Actual Rows": 38,"Actual Loops": 3,"Inner Unique": false,"Workers": [],"Plans": [{"Node Type": "Seq Scan","Parent Relationship": "Outer","Parallel Aware": true,"Async Capable": false,"Relation Name": "part","Alias": "part","Startup Cost": 0.00,"Total Cost": 7638.67,"Plan Rows": 206,"Plan Width": 30,"Actual Startup Time": 0.536,"Actual Total Time": 31.452,"Actual Rows": 152,"Actual Loops": 3,"Filter": "((p_size >= 1) AND (((p_brand = 'Brand#42'::bpchar) AND (p_container = ANY ('{\"SM CASE\",\"SM BOX\",\"SM PACK\",\"SM PKG\"}'::bpchar[])) AND (p_size <= 5)) OR ((p_brand = 'Brand#42'::bpchar) AND (p_container = ANY ('{\"MED BAG\",\"MED BOX\",\"MED PKG\",\"MED PACK\"}'::bpchar[])) AND (p_size <= 10)) OR ((p_brand = 'Brand#51'::bpchar) AND (p_container = ANY ('{\"LG CASE\",\"LG BOX\",\"LG PACK\",\"LG PKG\"}'::bpchar[])) AND (p_size <= 15))))","Rows Removed by Filter": 66515,"Workers": []},{"Node Type": "Index Scan","Parent Relationship": "Inner","Parallel Aware": false,"Async Capable": false,"Scan Direction": "Forward","Index Name": "idx_lineitem_part_supp","Relation Name": "lineitem","Alias": "lineitem","Startup Cost": 0.43,"Total Cost": 122.97,"Plan Rows": 1,"Plan Width": 21,"Actual Startup Time": 0.233,"Actual Total Time": 0.263,"Actual Rows": 0,"Actual Loops": 455,"Index Cond": "(l_partkey = part.p_partkey)","Rows Removed by Index Recheck": 0,"Filter": "((l_shipmode = ANY ('{AIR,\"AIR REG\"}'::bpchar[])) AND (l_shipinstruct = 'DELIVER IN PERSON'::bpchar) AND (((l_quantity >= '4'::numeric) AND (l_quantity <= '14'::numeric)) OR ((l_quantity >= '15'::numeric) AND (l_quantity <= '25'::numeric)) OR ((l_quantity >= '30'::numeric) AND (l_quantity <= '40'::numeric))) AND (((part.p_brand = 'Brand#42'::bpchar) AND (part.p_container = ANY ('{\"SM CASE\",\"SM BOX\",\"SM PACK\",\"SM PKG\"}'::bpchar[])) AND (l_quantity >= '4'::numeric) AND (l_quantity <= '14'::numeric) AND (part.p_size <= 5)) OR ((part.p_brand = 'Brand#42'::bpchar) AND (part.p_container = ANY ('{\"MED BAG\",\"MED BOX\",\"MED PKG\",\"MED PACK\"}'::bpchar[])) AND (l_quantity >= '15'::numeric) AND (l_quantity <= '25'::numeric) AND (part.p_size <= 10)) OR ((part.p_brand = 'Brand#51'::bpchar) AND (part.p_container = ANY ('{\"LG CASE\",\"LG BOX\",\"LG PACK\",\"LG PKG\"}'::bpchar[])) AND (l_quantity >= '30'::numeric) AND (l_quantity <= '40'::numeric) AND (part.p_size <= 15))))","Rows Removed by Filter": 30,"Workers": []}]}]}]}]},"Planning Time": 6.504,"Triggers": [],"Execution Time": 92.757}]
[{"Plan": {"Node Type": "Aggregate","Strategy": "Plain","Partial Mode": "Finalize","Parallel Aware": false,"Async Capable": false,"Startup Cost": 33273.25,"Total Cost": 33273.26,"Plan Rows": 1,"Plan Width": 32,"Actual Startup Time": 82.671,"Actual Total Time": 96.695,"Actual Rows": 1,"Actual Loops": 1,"Plans": [{"Node Type": "Gather","Parent Relationship": "Outer","Parallel Aware": false,"Async Capable": false,"Startup Cost": 33273.03,"Total Cost": 33273.24,"Plan Rows": 2,"Plan Width": 32,"Actual Startup Time": 82.624,"Actual Total Time": 96.654,"Actual Rows": 3,"Actual Loops": 1,"Workers Planned": 2,"Workers Launched": 2,"Single Copy": false,"Plans": [{"Node Type": "Aggregate","Strategy": "Plain","Partial Mode": "Partial","Parent Relationship": "Outer","Parallel Aware": false,"Async Capable": false,"Startup Cost": 32273.03,"Total Cost": 32273.04,"Plan Rows": 1,"Plan Width": 32,"Actual Startup Time": 76.171,"Actual Total Time": 76.173,"Actual Rows": 1,"Actual Loops": 3,"Workers": [],"Plans": [{"Node Type": "Nested Loop","Parent Relationship": "Outer","Parallel Aware": false,"Async Capable": false,"Join Type": "Inner","Startup Cost": 0.43,"Total Cost": 32272.68,"Plan Rows": 47,"Plan Width": 12,"Actual Startup Time": 7.606,"Actual Total Time": 76.123,"Actual Rows": 32,"Actual Loops": 3,"Inner Unique": false,"Workers": [],"Plans": [{"Node Type": "Seq Scan","Parent Relationship": "Outer","Parallel Aware": true,"Async Capable": false,"Relation Name": "part","Alias": "part","Startup Cost": 0.00,"Total Cost": 7638.67,"Plan Rows": 200,"Plan Width": 30,"Actual Startup Time": 0.197,"Actual Total Time": 32.425,"Actual Rows": 166,"Actual Loops": 3,"Filter": "((p_size >= 1) AND (((p_brand = 'Brand#33'::bpchar) AND (p_container = ANY ('{\"SM CASE\",\"SM BOX\",\"SM PACK\",\"SM PKG\"}'::bpchar[])) AND (p_size <= 5)) OR ((p_brand = 'Brand#55'::bpchar) AND (p_container = ANY ('{\"MED BAG\",\"MED BOX\",\"MED PKG\",\"MED PACK\"}'::bpchar[])) AND (p_size <= 10)) OR ((p_brand = 'Brand#32'::bpchar) AND (p_container = ANY ('{\"LG CASE\",\"LG BOX\",\"LG PACK\",\"LG PKG\"}'::bpchar[])) AND (p_size <= 15))))","Rows Removed by Filter": 66501,"Workers": []},{"Node Type": "Index Scan","Parent Relationship": "Inner","Parallel Aware": false,"Async Capable": false,"Scan Direction": "Forward","Index Name": "idx_lineitem_part_supp","Relation Name": "lineitem","Alias": "lineitem","Startup Cost": 0.43,"Total Cost": 123.16,"Plan Rows": 1,"Plan Width": 21,"Actual Startup Time": 0.242,"Actual Total Time": 0.263,"Actual Rows": 0,"Actual Loops": 498,"Index Cond": "(l_partkey = part.p_partkey)","Rows Removed by Index Recheck": 0,"Filter": "((l_shipmode = ANY ('{AIR,\"AIR REG\"}'::bpchar[])) AND (l_shipinstruct = 'DELIVER IN PERSON'::bpchar) AND (((l_quantity >= '9'::numeric) AND (l_quantity <= '19'::numeric)) OR ((l_quantity >= '15'::numeric) AND (l_quantity <= '25'::numeric)) OR ((l_quantity >= '26'::numeric) AND (l_quantity <= '36'::numeric))) AND (((part.p_brand = 'Brand#33'::bpchar) AND (part.p_container = ANY ('{\"SM CASE\",\"SM BOX\",\"SM PACK\",\"SM PKG\"}'::bpchar[])) AND (l_quantity >= '9'::numeric) AND (l_quantity <= '19'::numeric) AND (part.p_size <= 5)) OR ((part.p_brand = 'Brand#55'::bpchar) AND (part.p_container = ANY ('{\"MED BAG\",\"MED BOX\",\"MED PKG\",\"MED PACK\"}'::bpchar[])) AND (l_quantity >= '15'::numeric) AND (l_quantity <= '25'::numeric) AND (part.p_size <= 10)) OR ((part.p_brand = 'Brand#32'::bpchar) AND (part.p_container = ANY ('{\"LG CASE\",\"LG BOX\",\"LG PACK\",\"LG PKG\"}'::bpchar[])) AND (l_quantity >= '26'::numeric) AND (l_quantity <= '36'::numeric) AND (part.p_size <= 15))))","Rows Removed by Filter": 29,"Workers": []}]}]}]}]},"Planning Time": 6.554,"Triggers": [],"Execution Time": 96.840}]
[{"Plan": {"Node Type": "Aggregate","Strategy": "Plain","Partial Mode": "Finalize","Parallel Aware": false,"Async Capable": false,"Startup Cost": 33738.66,"Total Cost": 33738.67,"Plan Rows": 1,"Plan Width": 32,"Actual Startup Time": 74.840,"Actual Total Time": 88.826,"Actual Rows": 1,"Actual Loops": 1,"Plans": [{"Node Type": "Gather","Parent Relationship": "Outer","Parallel Aware": false,"Async Capable": false,"Startup Cost": 33738.44,"Total Cost": 33738.65,"Plan Rows": 2,"Plan Width": 32,"Actual Startup Time": 74.721,"Actual Total Time": 88.800,"Actual Rows": 3,"Actual Loops": 1,"Workers Planned": 2,"Workers Launched": 2,"Single Copy": false,"Plans": [{"Node Type": "Aggregate","Strategy": "Plain","Partial Mode": "Partial","Parent Relationship": "Outer","Parallel Aware": false,"Async Capable": false,"Startup Cost": 32738.44,"Total Cost": 32738.45,"Plan Rows": 1,"Plan Width": 32,"Actual Startup Time": 68.359,"Actual Total Time": 68.361,"Actual Rows": 1,"Actual Loops": 3,"Workers": [],"Plans": [{"Node Type": "Nested Loop","Parent Relationship": "Outer","Parallel Aware": false,"Async Capable": false,"Join Type": "Inner","Startup Cost": 0.43,"Total Cost": 32738.08,"Plan Rows": 47,"Plan Width": 12,"Actual Startup Time": 3.353,"Actual Total Time": 68.328,"Actual Rows": 31,"Actual Loops": 3,"Inner Unique": false,"Workers": [],"Plans": [{"Node Type": "Seq Scan","Parent Relationship": "Outer","Parallel Aware": true,"Async Capable": false,"Relation Name": "part","Alias": "part","Startup Cost": 0.00,"Total Cost": 7638.67,"Plan Rows": 204,"Plan Width": 30,"Actual Startup Time": 0.416,"Actual Total Time": 29.359,"Actual Rows": 154,"Actual Loops": 3,"Filter": "((p_size >= 1) AND (((p_brand = 'Brand#11'::bpchar) AND (p_container = ANY ('{\"SM CASE\",\"SM BOX\",\"SM PACK\",\"SM PKG\"}'::bpchar[])) AND (p_size <= 5)) OR ((p_brand = 'Brand#45'::bpchar) AND (p_container = ANY ('{\"MED BAG\",\"MED BOX\",\"MED PKG\",\"MED PACK\"}'::bpchar[])) AND (p_size <= 10)) OR ((p_brand = 'Brand#44'::bpchar) AND (p_container = ANY ('{\"LG CASE\",\"LG BOX\",\"LG PACK\",\"LG PKG\"}'::bpchar[])) AND (p_size <= 15))))","Rows Removed by Filter": 66513,"Workers": []},{"Node Type": "Index Scan","Parent Relationship": "Inner","Parallel Aware": false,"Async Capable": false,"Scan Direction": "Forward","Index Name": "idx_lineitem_part_supp","Relation Name": "lineitem","Alias": "lineitem","Startup Cost": 0.43,"Total Cost": 123.03,"Plan Rows": 1,"Plan Width": 21,"Actual Startup Time": 0.229,"Actual Total Time": 0.253,"Actual Rows": 0,"Actual Loops": 462,"Index Cond": "(l_partkey = part.p_partkey)","Rows Removed by Index Recheck": 0,"Filter": "((l_shipmode = ANY ('{AIR,\"AIR REG\"}'::bpchar[])) AND (l_shipinstruct = 'DELIVER IN PERSON'::bpchar) AND (((l_quantity >= '5'::numeric) AND (l_quantity <= '15'::numeric)) OR ((l_quantity >= '17'::numeric) AND (l_quantity <= '27'::numeric)) OR ((l_quantity >= '27'::numeric) AND (l_quantity <= '37'::numeric))) AND (((part.p_brand = 'Brand#11'::bpchar) AND (part.p_container = ANY ('{\"SM CASE\",\"SM BOX\",\"SM PACK\",\"SM PKG\"}'::bpchar[])) AND (l_quantity >= '5'::numeric) AND (l_quantity <= '15'::numeric) AND (part.p_size <= 5)) OR ((part.p_brand = 'Brand#45'::bpchar) AND (part.p_container = ANY ('{\"MED BAG\",\"MED BOX\",\"MED PKG\",\"MED PACK\"}'::bpchar[])) AND (l_quantity >= '17'::numeric) AND (l_quantity <= '27'::numeric) AND (part.p_size <= 10)) OR ((part.p_brand = 'Brand#44'::bpchar) AND (part.p_container = ANY ('{\"LG CASE\",\"LG BOX\",\"LG PACK\",\"LG PKG\"}'::bpchar[])) AND (l_quantity >= '27'::numeric) AND (l_quantity <= '37'::numeric) AND (part.p_size <= 15))))","Rows Removed by Filter": 30,"Workers": []}]}]}]}]},"Planning Time": 6.170,"Triggers": [],"Execution Time": 89.058}]
[{"Plan": {"Node Type": "Aggregate","Strategy": "Plain","Partial Mode": "Finalize","Parallel Aware": false,"Async Capable": false,"Startup Cost": 33276.24,"Total Cost": 33276.25,"Plan Rows": 1,"Plan Width": 32,"Actual Startup Time": 82.175,"Actual Total Time": 97.045,"Actual Rows": 1,"Actual Loops": 1,"Plans": [{"Node Type": "Gather","Parent Relationship": "Outer","Parallel Aware": false,"Async Capable": false,"Startup Cost": 33276.02,"Total Cost": 33276.23,"Plan Rows": 2,"Plan Width": 32,"Actual Startup Time": 81.727,"Actual Total Time": 97.020,"Actual Rows": 3,"Actual Loops": 1,"Workers Planned": 2,"Workers Launched": 2,"Single Copy": false,"Plans": [{"Node Type": "Aggregate","Strategy": "Plain","Partial Mode": "Partial","Parent Relationship": "Outer","Parallel Aware": false,"Async Capable": false,"Startup Cost": 32276.02,"Total Cost": 32276.03,"Plan Rows": 1,"Plan Width": 32,"Actual Startup Time": 75.344,"Actual Total Time": 75.347,"Actual Rows": 1,"Actual Loops": 3,"Workers": [],"Plans": [{"Node Type": "Nested Loop","Parent Relationship": "Outer","Parallel Aware": false,"Async Capable": false,"Join Type": "Inner","Startup Cost": 0.43,"Total Cost": 32275.67,"Plan Rows": 46,"Plan Width": 12,"Actual Startup Time": 4.780,"Actual Total Time": 75.300,"Actual Rows": 38,"Actual Loops": 3,"Inner Unique": false,"Workers": [],"Plans": [{"Node Type": "Seq Scan","Parent Relationship": "Outer","Parallel Aware": true,"Async Capable": false,"Relation Name": "part","Alias": "part","Startup Cost": 0.00,"Total Cost": 7638.67,"Plan Rows": 200,"Plan Width": 30,"Actual Startup Time": 0.269,"Actual Total Time": 33.387,"Actual Rows": 160,"Actual Loops": 3,"Filter": "((p_size >= 1) AND (((p_brand = 'Brand#53'::bpchar) AND (p_container = ANY ('{\"SM CASE\",\"SM BOX\",\"SM PACK\",\"SM PKG\"}'::bpchar[])) AND (p_size <= 5)) OR ((p_brand = 'Brand#45'::bpchar) AND (p_container = ANY ('{\"MED BAG\",\"MED BOX\",\"MED PKG\",\"MED PACK\"}'::bpchar[])) AND (p_size <= 10)) OR ((p_brand = 'Brand#32'::bpchar) AND (p_container = ANY ('{\"LG CASE\",\"LG BOX\",\"LG PACK\",\"LG PKG\"}'::bpchar[])) AND (p_size <= 15))))","Rows Removed by Filter": 66507,"Workers": []},{"Node Type": "Index Scan","Parent Relationship": "Inner","Parallel Aware": false,"Async Capable": false,"Scan Direction": "Forward","Index Name": "idx_lineitem_part_supp","Relation Name": "lineitem","Alias": "lineitem","Startup Cost": 0.43,"Total Cost": 123.18,"Plan Rows": 1,"Plan Width": 21,"Actual Startup Time": 0.238,"Actual Total Time": 0.262,"Actual Rows": 0,"Actual Loops": 479,"Index Cond": "(l_partkey = part.p_partkey)","Rows Removed by Index Recheck": 0,"Filter": "((l_shipmode = ANY ('{AIR,\"AIR REG\"}'::bpchar[])) AND (l_shipinstruct = 'DELIVER IN PERSON'::bpchar) AND (((l_quantity >= '6'::numeric) AND (l_quantity <= '16'::numeric)) OR ((l_quantity >= '17'::numeric) AND (l_quantity <= '27'::numeric)) OR ((l_quantity >= '27'::numeric) AND (l_quantity <= '37'::numeric))) AND (((part.p_brand = 'Brand#53'::bpchar) AND (part.p_container = ANY ('{\"SM CASE\",\"SM BOX\",\"SM PACK\",\"SM PKG\"}'::bpchar[])) AND (l_quantity >= '6'::numeric) AND (l_quantity <= '16'::numeric) AND (part.p_size <= 5)) OR ((part.p_brand = 'Brand#45'::bpchar) AND (part.p_container = ANY ('{\"MED BAG\",\"MED BOX\",\"MED PKG\",\"MED PACK\"}'::bpchar[])) AND (l_quantity >= '17'::numeric) AND (l_quantity <= '27'::numeric) AND (part.p_size <= 10)) OR ((part.p_brand = 'Brand#32'::bpchar) AND (part.p_container = ANY ('{\"LG CASE\",\"LG BOX\",\"LG PACK\",\"LG PKG\"}'::bpchar[])) AND (l_quantity >= '27'::numeric) AND (l_quantity <= '37'::numeric) AND (part.p_size <= 15))))","Rows Removed by Filter": 29,"Workers": []}]}]}]}]},"Planning Time": 6.316,"Triggers": [],"Execution Time": 97.203}]
[{"Plan": {"Node Type": "Aggregate","Strategy": "Plain","Partial Mode": "Finalize","Parallel Aware": false,"Async Capable": false,"Startup Cost": 33859.08,"Total Cost": 33859.09,"Plan Rows": 1,"Plan Width": 32,"Actual Startup Time": 88.531,"Actual Total Time": 105.082,"Actual Rows": 1,"Actual Loops": 1,"Plans": [{"Node Type": "Gather","Parent Relationship": "Outer","Parallel Aware": false,"Async Capable": false,"Startup Cost": 33858.86,"Total Cost": 33859.07,"Plan Rows": 2,"Plan Width": 32,"Actual Startup Time": 88.491,"Actual Total Time": 105.059,"Actual Rows": 3,"Actual Loops": 1,"Workers Planned": 2,"Workers Launched": 2,"Single Copy": false,"Plans": [{"Node Type": "Aggregate","Strategy": "Plain","Partial Mode": "Partial","Parent Relationship": "Outer","Parallel Aware": false,"Async Capable": false,"Startup Cost": 32858.86,"Total Cost": 32858.87,"Plan Rows": 1,"Plan Width": 32,"Actual Startup Time": 82.192,"Actual Total Time": 82.195,"Actual Rows": 1,"Actual Loops": 3,"Workers": [],"Plans": [{"Node Type": "Nested Loop","Parent Relationship": "Outer","Parallel Aware": false,"Async Capable": false,"Join Type": "Inner","Startup Cost": 0.43,"Total Cost": 32858.50,"Plan Rows": 48,"Plan Width": 12,"Actual Startup Time": 1.873,"Actual Total Time": 82.149,"Actual Rows": 46,"Actual Loops": 3,"Inner Unique": false,"Workers": [],"Plans": [{"Node Type": "Seq Scan","Parent Relationship": "Outer","Parallel Aware": true,"Async Capable": false,"Relation Name": "part","Alias": "part","Startup Cost": 0.00,"Total Cost": 7638.67,"Plan Rows": 205,"Plan Width": 30,"Actual Startup Time": 0.277,"Actual Total Time": 35.157,"Actual Rows": 169,"Actual Loops": 3,"Filter": "((p_size >= 1) AND (((p_brand = 'Brand#12'::bpchar) AND (p_container = ANY ('{\"SM CASE\",\"SM BOX\",\"SM PACK\",\"SM PKG\"}'::bpchar[])) AND (p_size <= 5)) OR ((p_brand = 'Brand#52'::bpchar) AND (p_container = ANY ('{\"MED BAG\",\"MED BOX\",\"MED PKG\",\"MED PACK\"}'::bpchar[])) AND (p_size <= 10)) OR ((p_brand = 'Brand#15'::bpchar) AND (p_container = ANY ('{\"LG CASE\",\"LG BOX\",\"LG PACK\",\"LG PKG\"}'::bpchar[])) AND (p_size <= 15))))","Rows Removed by Filter": 66498,"Workers": []},{"Node Type": "Index Scan","Parent Relationship": "Inner","Parallel Aware": false,"Async Capable": false,"Scan Direction": "Forward","Index Name": "idx_lineitem_part_supp","Relation Name": "lineitem","Alias": "lineitem","Startup Cost": 0.43,"Total Cost": 123.01,"Plan Rows": 1,"Plan Width": 21,"Actual Startup Time": 0.243,"Actual Total Time": 0.278,"Actual Rows": 0,"Actual Loops": 507,"Index Cond": "(l_partkey = part.p_partkey)","Rows Removed by Index Recheck": 0,"Filter": "((l_shipmode = ANY ('{AIR,\"AIR REG\"}'::bpchar[])) AND (l_shipinstruct = 'DELIVER IN PERSON'::bpchar) AND (((l_quantity >= '5'::numeric) AND (l_quantity <= '15'::numeric)) OR ((l_quantity >= '15'::numeric) AND (l_quantity <= '25'::numeric)) OR ((l_quantity >= '21'::numeric) AND (l_quantity <= '31'::numeric))) AND (((part.p_brand = 'Brand#12'::bpchar) AND (part.p_container = ANY ('{\"SM CASE\",\"SM BOX\",\"SM PACK\",\"SM PKG\"}'::bpchar[])) AND (l_quantity >= '5'::numeric) AND (l_quantity <= '15'::numeric) AND (part.p_size <= 5)) OR ((part.p_brand = 'Brand#52'::bpchar) AND (part.p_container = ANY ('{\"MED BAG\",\"MED BOX\",\"MED PKG\",\"MED PACK\"}'::bpchar[])) AND (l_quantity >= '15'::numeric) AND (l_quantity <= '25'::numeric) AND (part.p_size <= 10)) OR ((part.p_brand = 'Brand#15'::bpchar) AND (part.p_container = ANY ('{\"LG CASE\",\"LG BOX\",\"LG PACK\",\"LG PKG\"}'::bpchar[])) AND (l_quantity >= '21'::numeric) AND (l_quantity <= '31'::numeric) AND (part.p_size <= 15))))","Rows Removed by Filter": 30,"Workers": []}]}]}]}]},"Planning Time": 6.864,"Triggers": [],"Execution Time": 105.310}]
[{"Plan": {"Node Type": "Aggregate","Strategy": "Plain","Partial Mode": "Finalize","Parallel Aware": false,"Async Capable": false,"Startup Cost": 33856.34,"Total Cost": 33856.35,"Plan Rows": 1,"Plan Width": 32,"Actual Startup Time": 84.108,"Actual Total Time": 98.967,"Actual Rows": 1,"Actual Loops": 1,"Plans": [{"Node Type": "Gather","Parent Relationship": "Outer","Parallel Aware": false,"Async Capable": false,"Startup Cost": 33856.12,"Total Cost": 33856.33,"Plan Rows": 2,"Plan Width": 32,"Actual Startup Time": 84.077,"Actual Total Time": 98.945,"Actual Rows": 3,"Actual Loops": 1,"Workers Planned": 2,"Workers Launched": 2,"Single Copy": false,"Plans": [{"Node Type": "Aggregate","Strategy": "Plain","Partial Mode": "Partial","Parent Relationship": "Outer","Parallel Aware": false,"Async Capable": false,"Startup Cost": 32856.12,"Total Cost": 32856.13,"Plan Rows": 1,"Plan Width": 32,"Actual Startup Time": 77.580,"Actual Total Time": 77.584,"Actual Rows": 1,"Actual Loops": 3,"Workers": [],"Plans": [{"Node Type": "Nested Loop","Parent Relationship": "Outer","Parallel Aware": false,"Async Capable": false,"Join Type": "Inner","Startup Cost": 0.43,"Total Cost": 32855.75,"Plan Rows": 48,"Plan Width": 12,"Actual Startup Time": 5.348,"Actual Total Time": 77.528,"Actual Rows": 41,"Actual Loops": 3,"Inner Unique": false,"Workers": [],"Plans": [{"Node Type": "Seq Scan","Parent Relationship": "Outer","Parallel Aware": true,"Async Capable": false,"Relation Name": "part","Alias": "part","Startup Cost": 0.00,"Total Cost": 7638.67,"Plan Rows": 205,"Plan Width": 30,"Actual Startup Time": 0.605,"Actual Total Time": 33.727,"Actual Rows": 160,"Actual Loops": 3,"Filter": "((p_size >= 1) AND (((p_brand = 'Brand#51'::bpchar) AND (p_container = ANY ('{\"SM CASE\",\"SM BOX\",\"SM PACK\",\"SM PKG\"}'::bpchar[])) AND (p_size <= 5)) OR ((p_brand = 'Brand#42'::bpchar) AND (p_container = ANY ('{\"MED BAG\",\"MED BOX\",\"MED PKG\",\"MED PACK\"}'::bpchar[])) AND (p_size <= 10)) OR ((p_brand = 'Brand#11'::bpchar) AND (p_container = ANY ('{\"LG CASE\",\"LG BOX\",\"LG PACK\",\"LG PKG\"}'::bpchar[])) AND (p_size <= 15))))","Rows Removed by Filter": 66507,"Workers": []},{"Node Type": "Index Scan","Parent Relationship": "Inner","Parallel Aware": false,"Async Capable": false,"Scan Direction": "Forward","Index Name": "idx_lineitem_part_supp","Relation Name": "lineitem","Alias": "lineitem","Startup Cost": 0.43,"Total Cost": 123.00,"Plan Rows": 1,"Plan Width": 21,"Actual Startup Time": 0.243,"Actual Total Time": 0.274,"Actual Rows": 0,"Actual Loops": 479,"Index Cond": "(l_partkey = part.p_partkey)","Rows Removed by Index Recheck": 0,"Filter": "((l_shipmode = ANY ('{AIR,\"AIR REG\"}'::bpchar[])) AND (l_shipinstruct = 'DELIVER IN PERSON'::bpchar) AND (((l_quantity >= '10'::numeric) AND (l_quantity <= '20'::numeric)) OR ((l_quantity >= '18'::numeric) AND (l_quantity <= '28'::numeric)) OR ((l_quantity >= '20'::numeric) AND (l_quantity <= '30'::numeric))) AND (((part.p_brand = 'Brand#51'::bpchar) AND (part.p_container = ANY ('{\"SM CASE\",\"SM BOX\",\"SM PACK\",\"SM PKG\"}'::bpchar[])) AND (l_quantity >= '10'::numeric) AND (l_quantity <= '20'::numeric) AND (part.p_size <= 5)) OR ((part.p_brand = 'Brand#42'::bpchar) AND (part.p_container = ANY ('{\"MED BAG\",\"MED BOX\",\"MED PKG\",\"MED PACK\"}'::bpchar[])) AND (l_quantity >= '18'::numeric) AND (l_quantity <= '28'::numeric) AND (part.p_size <= 10)) OR ((part.p_brand = 'Brand#11'::bpchar) AND (part.p_container = ANY ('{\"LG CASE\",\"LG BOX\",\"LG PACK\",\"LG PKG\"}'::bpchar[])) AND (l_quantity >= '20'::numeric) AND (l_quantity <= '30'::numeric) AND (part.p_size <= 15))))","Rows Removed by Filter": 30,"Workers": []}]}]}]}]},"Planning Time": 5.141,"Triggers": [],"Execution Time": 99.154}]
[{"Plan": {"Node Type": "Aggregate","Strategy": "Plain","Partial Mode": "Finalize","Parallel Aware": false,"Async Capable": false,"Startup Cost": 33507.36,"Total Cost": 33507.37,"Plan Rows": 1,"Plan Width": 32,"Actual Startup Time": 76.443,"Actual Total Time": 89.992,"Actual Rows": 1,"Actual Loops": 1,"Plans": [{"Node Type": "Gather","Parent Relationship": "Outer","Parallel Aware": false,"Async Capable": false,"Startup Cost": 33507.13,"Total Cost": 33507.34,"Plan Rows": 2,"Plan Width": 32,"Actual Startup Time": 76.408,"Actual Total Time": 89.967,"Actual Rows": 3,"Actual Loops": 1,"Workers Planned": 2,"Workers Launched": 2,"Single Copy": false,"Plans": [{"Node Type": "Aggregate","Strategy": "Plain","Partial Mode": "Partial","Parent Relationship": "Outer","Parallel Aware": false,"Async Capable": false,"Startup Cost": 32507.13,"Total Cost": 32507.14,"Plan Rows": 1,"Plan Width": 32,"Actual Startup Time": 69.874,"Actual Total Time": 69.877,"Actual Rows": 1,"Actual Loops": 3,"Workers": [],"Plans": [{"Node Type": "Nested Loop","Parent Relationship": "Outer","Parallel Aware": false,"Async Capable": false,"Join Type": "Inner","Startup Cost": 0.43,"Total Cost": 32506.78,"Plan Rows": 47,"Plan Width": 12,"Actual Startup Time": 4.937,"Actual Total Time": 69.833,"Actual Rows": 31,"Actual Loops": 3,"Inner Unique": false,"Workers": [],"Plans": [{"Node Type": "Seq Scan","Parent Relationship": "Outer","Parallel Aware": true,"Async Capable": false,"Relation Name": "part","Alias": "part","Startup Cost": 0.00,"Total Cost": 7638.67,"Plan Rows": 202,"Plan Width": 30,"Actual Startup Time": 0.520,"Actual Total Time": 30.656,"Actual Rows": 144,"Actual Loops": 3,"Filter": "((p_size >= 1) AND (((p_brand = 'Brand#45'::bpchar) AND (p_container = ANY ('{\"SM CASE\",\"SM BOX\",\"SM PACK\",\"SM PKG\"}'::bpchar[])) AND (p_size <= 5)) OR ((p_brand = 'Brand#21'::bpchar) AND (p_container = ANY ('{\"MED BAG\",\"MED BOX\",\"MED PKG\",\"MED PACK\"}'::bpchar[])) AND (p_size <= 10)) OR ((p_brand = 'Brand#23'::bpchar) AND (p_container = ANY ('{\"LG CASE\",\"LG BOX\",\"LG PACK\",\"LG PKG\"}'::bpchar[])) AND (p_size <= 15))))","Rows Removed by Filter": 66523,"Workers": []},{"Node Type": "Index Scan","Parent Relationship": "Inner","Parallel Aware": false,"Async Capable": false,"Scan Direction": "Forward","Index Name": "idx_lineitem_part_supp","Relation Name": "lineitem","Alias": "lineitem","Startup Cost": 0.43,"Total Cost": 123.10,"Plan Rows": 1,"Plan Width": 21,"Actual Startup Time": 0.251,"Actual Total Time": 0.272,"Actual Rows": 0,"Actual Loops": 432,"Index Cond": "(l_partkey = part.p_partkey)","Rows Removed by Index Recheck": 0,"Filter": "((l_shipmode = ANY ('{AIR,\"AIR REG\"}'::bpchar[])) AND (l_shipinstruct = 'DELIVER IN PERSON'::bpchar) AND (((l_quantity >= '9'::numeric) AND (l_quantity <= '19'::numeric)) OR ((l_quantity >= '20'::numeric) AND (l_quantity <= '30'::numeric)) OR ((l_quantity >= '28'::numeric) AND (l_quantity <= '38'::numeric))) AND (((part.p_brand = 'Brand#45'::bpchar) AND (part.p_container = ANY ('{\"SM CASE\",\"SM BOX\",\"SM PACK\",\"SM PKG\"}'::bpchar[])) AND (l_quantity >= '9'::numeric) AND (l_quantity <= '19'::numeric) AND (part.p_size <= 5)) OR ((part.p_brand = 'Brand#21'::bpchar) AND (part.p_container = ANY ('{\"MED BAG\",\"MED BOX\",\"MED PKG\",\"MED PACK\"}'::bpchar[])) AND (l_quantity >= '20'::numeric) AND (l_quantity <= '30'::numeric) AND (part.p_size <= 10)) OR ((part.p_brand = 'Brand#23'::bpchar) AND (part.p_container = ANY ('{\"LG CASE\",\"LG BOX\",\"LG PACK\",\"LG PKG\"}'::bpchar[])) AND (l_quantity >= '28'::numeric) AND (l_quantity <= '38'::numeric) AND (part.p_size <= 15))))","Rows Removed by Filter": 30,"Workers": []}]}]}]}]},"Planning Time": 5.380,"Triggers": [],"Execution Time": 90.206}]
[{"Plan": {"Node Type": "Aggregate","Strategy": "Plain","Partial Mode": "Finalize","Parallel Aware": false,"Async Capable": false,"Startup Cost": 33742.85,"Total Cost": 33742.86,"Plan Rows": 1,"Plan Width": 32,"Actual Startup Time": 81.621,"Actual Total Time": 96.555,"Actual Rows": 1,"Actual Loops": 1,"Plans": [{"Node Type": "Gather","Parent Relationship": "Outer","Parallel Aware": false,"Async Capable": false,"Startup Cost": 33742.63,"Total Cost": 33742.84,"Plan Rows": 2,"Plan Width": 32,"Actual Startup Time": 81.408,"Actual Total Time": 96.506,"Actual Rows": 3,"Actual Loops": 1,"Workers Planned": 2,"Workers Launched": 2,"Single Copy": false,"Plans": [{"Node Type": "Aggregate","Strategy": "Plain","Partial Mode": "Partial","Parent Relationship": "Outer","Parallel Aware": false,"Async Capable": false,"Startup Cost": 32742.63,"Total Cost": 32742.64,"Plan Rows": 1,"Plan Width": 32,"Actual Startup Time": 75.374,"Actual Total Time": 75.378,"Actual Rows": 1,"Actual Loops": 3,"Workers": [],"Plans": [{"Node Type": "Nested Loop","Parent Relationship": "Outer","Parallel Aware": false,"Async Capable": false,"Join Type": "Inner","Startup Cost": 0.43,"Total Cost": 32742.26,"Plan Rows": 48,"Plan Width": 12,"Actual Startup Time": 3.997,"Actual Total Time": 75.326,"Actual Rows": 40,"Actual Loops": 3,"Inner Unique": false,"Workers": [],"Plans": [{"Node Type": "Seq Scan","Parent Relationship": "Outer","Parallel Aware": true,"Async Capable": false,"Relation Name": "part","Alias": "part","Startup Cost": 0.00,"Total Cost": 7638.67,"Plan Rows": 204,"Plan Width": 30,"Actual Startup Time": 0.466,"Actual Total Time": 31.067,"Actual Rows": 169,"Actual Loops": 3,"Filter": "((p_size >= 1) AND (((p_brand = 'Brand#35'::bpchar) AND (p_container = ANY ('{\"SM CASE\",\"SM BOX\",\"SM PACK\",\"SM PKG\"}'::bpchar[])) AND (p_size <= 5)) OR ((p_brand = 'Brand#51'::bpchar) AND (p_container = ANY ('{\"MED BAG\",\"MED BOX\",\"MED PKG\",\"MED PACK\"}'::bpchar[])) AND (p_size <= 10)) OR ((p_brand = 'Brand#41'::bpchar) AND (p_container = ANY ('{\"LG CASE\",\"LG BOX\",\"LG PACK\",\"LG PKG\"}'::bpchar[])) AND (p_size <= 15))))","Rows Removed by Filter": 66498,"Workers": []},{"Node Type": "Index Scan","Parent Relationship": "Inner","Parallel Aware": false,"Async Capable": false,"Scan Direction": "Forward","Index Name": "idx_lineitem_part_supp","Relation Name": "lineitem","Alias": "lineitem","Startup Cost": 0.43,"Total Cost": 123.05,"Plan Rows": 1,"Plan Width": 21,"Actual Startup Time": 0.231,"Actual Total Time": 0.261,"Actual Rows": 0,"Actual Loops": 507,"Index Cond": "(l_partkey = part.p_partkey)","Rows Removed by Index Recheck": 0,"Filter": "((l_shipmode = ANY ('{AIR,\"AIR REG\"}'::bpchar[])) AND (l_shipinstruct = 'DELIVER IN PERSON'::bpchar) AND (((l_quantity >= '4'::numeric) AND (l_quantity <= '14'::numeric)) OR ((l_quantity >= '16'::numeric) AND (l_quantity <= '26'::numeric)) OR ((l_quantity >= '25'::numeric) AND (l_quantity <= '35'::numeric))) AND (((part.p_brand = 'Brand#35'::bpchar) AND (part.p_container = ANY ('{\"SM CASE\",\"SM BOX\",\"SM PACK\",\"SM PKG\"}'::bpchar[])) AND (l_quantity >= '4'::numeric) AND (l_quantity <= '14'::numeric) AND (part.p_size <= 5)) OR ((part.p_brand = 'Brand#51'::bpchar) AND (part.p_container = ANY ('{\"MED BAG\",\"MED BOX\",\"MED PKG\",\"MED PACK\"}'::bpchar[])) AND (l_quantity >= '16'::numeric) AND (l_quantity <= '26'::numeric) AND (part.p_size <= 10)) OR ((part.p_brand = 'Brand#41'::bpchar) AND (part.p_container = ANY ('{\"LG CASE\",\"LG BOX\",\"LG PACK\",\"LG PKG\"}'::bpchar[])) AND (l_quantity >= '25'::numeric) AND (l_quantity <= '35'::numeric) AND (part.p_size <= 15))))","Rows Removed by Filter": 30,"Workers": []}]}]}]}]},"Planning Time": 5.103,"Triggers": [],"Execution Time": 96.766}]
[{"Plan": {"Node Type": "Aggregate","Strategy": "Plain","Partial Mode": "Finalize","Parallel Aware": false,"Async Capable": false,"Startup Cost": 33856.61,"Total Cost": 33856.62,"Plan Rows": 1,"Plan Width": 32,"Actual Startup Time": 85.638,"Actual Total Time": 100.888,"Actual Rows": 1,"Actual Loops": 1,"Plans": [{"Node Type": "Gather","Parent Relationship": "Outer","Parallel Aware": false,"Async Capable": false,"Startup Cost": 33856.38,"Total Cost": 33856.59,"Plan Rows": 2,"Plan Width": 32,"Actual Startup Time": 85.415,"Actual Total Time": 100.842,"Actual Rows": 3,"Actual Loops": 1,"Workers Planned": 2,"Workers Launched": 2,"Single Copy": false,"Plans": [{"Node Type": "Aggregate","Strategy": "Plain","Partial Mode": "Partial","Parent Relationship": "Outer","Parallel Aware": false,"Async Capable": false,"Startup Cost": 32856.38,"Total Cost": 32856.39,"Plan Rows": 1,"Plan Width": 32,"Actual Startup Time": 78.622,"Actual Total Time": 78.626,"Actual Rows": 1,"Actual Loops": 3,"Workers": [],"Plans": [{"Node Type": "Nested Loop","Parent Relationship": "Outer","Parallel Aware": false,"Async Capable": false,"Join Type": "Inner","Startup Cost": 0.43,"Total Cost": 32856.02,"Plan Rows": 48,"Plan Width": 12,"Actual Startup Time": 3.395,"Actual Total Time": 78.592,"Actual Rows": 35,"Actual Loops": 3,"Inner Unique": false,"Workers": [],"Plans": [{"Node Type": "Seq Scan","Parent Relationship": "Outer","Parallel Aware": true,"Async Capable": false,"Relation Name": "part","Alias": "part","Startup Cost": 0.00,"Total Cost": 7638.67,"Plan Rows": 205,"Plan Width": 30,"Actual Startup Time": 1.298,"Actual Total Time": 33.986,"Actual Rows": 167,"Actual Loops": 3,"Filter": "((p_size >= 1) AND (((p_brand = 'Brand#21'::bpchar) AND (p_container = ANY ('{\"SM CASE\",\"SM BOX\",\"SM PACK\",\"SM PKG\"}'::bpchar[])) AND (p_size <= 5)) OR ((p_brand = 'Brand#31'::bpchar) AND (p_container = ANY ('{\"MED BAG\",\"MED BOX\",\"MED PKG\",\"MED PACK\"}'::bpchar[])) AND (p_size <= 10)) OR ((p_brand = 'Brand#35'::bpchar) AND (p_container = ANY ('{\"LG CASE\",\"LG BOX\",\"LG PACK\",\"LG PKG\"}'::bpchar[])) AND (p_size <= 15))))","Rows Removed by Filter": 66500,"Workers": []},{"Node Type": "Index Scan","Parent Relationship": "Inner","Parallel Aware": false,"Async Capable": false,"Scan Direction": "Forward","Index Name": "idx_lineitem_part_supp","Relation Name": "lineitem","Alias": "lineitem","Startup Cost": 0.43,"Total Cost": 123.00,"Plan Rows": 1,"Plan Width": 21,"Actual Startup Time": 0.239,"Actual Total Time": 0.267,"Actual Rows": 0,"Actual Loops": 500,"Index Cond": "(l_partkey = part.p_partkey)","Rows Removed by Index Recheck": 0,"Filter": "((l_shipmode = ANY ('{AIR,\"AIR REG\"}'::bpchar[])) AND (l_shipinstruct = 'DELIVER IN PERSON'::bpchar) AND (((l_quantity >= '7'::numeric) AND (l_quantity <= '17'::numeric)) OR ((l_quantity >= '11'::numeric) AND (l_quantity <= '21'::numeric)) OR ((l_quantity >= '22'::numeric) AND (l_quantity <= '32'::numeric))) AND (((part.p_brand = 'Brand#21'::bpchar) AND (part.p_container = ANY ('{\"SM CASE\",\"SM BOX\",\"SM PACK\",\"SM PKG\"}'::bpchar[])) AND (l_quantity >= '7'::numeric) AND (l_quantity <= '17'::numeric) AND (part.p_size <= 5)) OR ((part.p_brand = 'Brand#31'::bpchar) AND (part.p_container = ANY ('{\"MED BAG\",\"MED BOX\",\"MED PKG\",\"MED PACK\"}'::bpchar[])) AND (l_quantity >= '11'::numeric) AND (l_quantity <= '21'::numeric) AND (part.p_size <= 10)) OR ((part.p_brand = 'Brand#35'::bpchar) AND (part.p_container = ANY ('{\"LG CASE\",\"LG BOX\",\"LG PACK\",\"LG PKG\"}'::bpchar[])) AND (l_quantity >= '22'::numeric) AND (l_quantity <= '32'::numeric) AND (part.p_size <= 15))))","Rows Removed by Filter": 30,"Workers": []}]}]}]}]},"Planning Time": 7.015,"Triggers": [],"Execution Time": 101.051}]
[{"Plan": {"Node Type": "Aggregate","Strategy": "Plain","Partial Mode": "Finalize","Parallel Aware": false,"Async Capable": false,"Startup Cost": 33626.55,"Total Cost": 33626.56,"Plan Rows": 1,"Plan Width": 32,"Actual Startup Time": 77.882,"Actual Total Time": 91.663,"Actual Rows": 1,"Actual Loops": 1,"Plans": [{"Node Type": "Gather","Parent Relationship": "Outer","Parallel Aware": false,"Async Capable": false,"Startup Cost": 33626.33,"Total Cost": 33626.54,"Plan Rows": 2,"Plan Width": 32,"Actual Startup Time": 77.793,"Actual Total Time": 91.641,"Actual Rows": 3,"Actual Loops": 1,"Workers Planned": 2,"Workers Launched": 2,"Single Copy": false,"Plans": [{"Node Type": "Aggregate","Strategy": "Plain","Partial Mode": "Partial","Parent Relationship": "Outer","Parallel Aware": false,"Async Capable": false,"Startup Cost": 32626.33,"Total Cost": 32626.34,"Plan Rows": 1,"Plan Width": 32,"Actual Startup Time": 71.639,"Actual Total Time": 71.641,"Actual Rows": 1,"Actual Loops": 3,"Workers": [],"Plans": [{"Node Type": "Nested Loop","Parent Relationship": "Outer","Parallel Aware": false,"Async Capable": false,"Join Type": "Inner","Startup Cost": 0.43,"Total Cost": 32625.97,"Plan Rows": 47,"Plan Width": 12,"Actual Startup Time": 2.851,"Actual Total Time": 71.594,"Actual Rows": 40,"Actual Loops": 3,"Inner Unique": false,"Workers": [],"Plans": [{"Node Type": "Seq Scan","Parent Relationship": "Outer","Parallel Aware": true,"Async Capable": false,"Relation Name": "part","Alias": "part","Startup Cost": 0.00,"Total Cost": 7638.67,"Plan Rows": 203,"Plan Width": 30,"Actual Startup Time": 0.721,"Actual Total Time": 31.071,"Actual Rows": 153,"Actual Loops": 3,"Filter": "((p_size >= 1) AND (((p_brand = 'Brand#25'::bpchar) AND (p_container = ANY ('{\"SM CASE\",\"SM BOX\",\"SM PACK\",\"SM PKG\"}'::bpchar[])) AND (p_size <= 5)) OR ((p_brand = 'Brand#34'::bpchar) AND (p_container = ANY ('{\"MED BAG\",\"MED BOX\",\"MED PKG\",\"MED PACK\"}'::bpchar[])) AND (p_size <= 10)) OR ((p_brand = 'Brand#14'::bpchar) AND (p_container = ANY ('{\"LG CASE\",\"LG BOX\",\"LG PACK\",\"LG PKG\"}'::bpchar[])) AND (p_size <= 15))))","Rows Removed by Filter": 66514,"Workers": []},{"Node Type": "Index Scan","Parent Relationship": "Inner","Parallel Aware": false,"Async Capable": false,"Scan Direction": "Forward","Index Name": "idx_lineitem_part_supp","Relation Name": "lineitem","Alias": "lineitem","Startup Cost": 0.43,"Total Cost": 123.08,"Plan Rows": 1,"Plan Width": 21,"Actual Startup Time": 0.230,"Actual Total Time": 0.265,"Actual Rows": 0,"Actual Loops": 458,"Index Cond": "(l_partkey = part.p_partkey)","Rows Removed by Index Recheck": 0,"Filter": "((l_shipmode = ANY ('{AIR,\"AIR REG\"}'::bpchar[])) AND (l_shipinstruct = 'DELIVER IN PERSON'::bpchar) AND (((l_quantity >= '6'::numeric) AND (l_quantity <= '16'::numeric)) OR ((l_quantity >= '19'::numeric) AND (l_quantity <= '29'::numeric)) OR ((l_quantity >= '20'::numeric) AND (l_quantity <= '30'::numeric))) AND (((part.p_brand = 'Brand#25'::bpchar) AND (part.p_container = ANY ('{\"SM CASE\",\"SM BOX\",\"SM PACK\",\"SM PKG\"}'::bpchar[])) AND (l_quantity >= '6'::numeric) AND (l_quantity <= '16'::numeric) AND (part.p_size <= 5)) OR ((part.p_brand = 'Brand#34'::bpchar) AND (part.p_container = ANY ('{\"MED BAG\",\"MED BOX\",\"MED PKG\",\"MED PACK\"}'::bpchar[])) AND (l_quantity >= '19'::numeric) AND (l_quantity <= '29'::numeric) AND (part.p_size <= 10)) OR ((part.p_brand = 'Brand#14'::bpchar) AND (part.p_container = ANY ('{\"LG CASE\",\"LG BOX\",\"LG PACK\",\"LG PKG\"}'::bpchar[])) AND (l_quantity >= '20'::numeric) AND (l_quantity <= '30'::numeric) AND (part.p_size <= 15))))","Rows Removed by Filter": 29,"Workers": []}]}]}]}]},"Planning Time": 5.097,"Triggers": [],"Execution Time": 91.871}]
[{"Plan": {"Node Type": "Aggregate","Strategy": "Plain","Partial Mode": "Finalize","Parallel Aware": false,"Async Capable": false,"Startup Cost": 32927.81,"Total Cost": 32927.82,"Plan Rows": 1,"Plan Width": 32,"Actual Startup Time": 81.553,"Actual Total Time": 96.931,"Actual Rows": 1,"Actual Loops": 1,"Plans": [{"Node Type": "Gather","Parent Relationship": "Outer","Parallel Aware": false,"Async Capable": false,"Startup Cost": 32927.58,"Total Cost": 32927.79,"Plan Rows": 2,"Plan Width": 32,"Actual Startup Time": 80.858,"Actual Total Time": 96.903,"Actual Rows": 3,"Actual Loops": 1,"Workers Planned": 2,"Workers Launched": 2,"Single Copy": false,"Plans": [{"Node Type": "Aggregate","Strategy": "Plain","Partial Mode": "Partial","Parent Relationship": "Outer","Parallel Aware": false,"Async Capable": false,"Startup Cost": 31927.58,"Total Cost": 31927.59,"Plan Rows": 1,"Plan Width": 32,"Actual Startup Time": 74.666,"Actual Total Time": 74.670,"Actual Rows": 1,"Actual Loops": 3,"Workers": [],"Plans": [{"Node Type": "Nested Loop","Parent Relationship": "Outer","Parallel Aware": false,"Async Capable": false,"Join Type": "Inner","Startup Cost": 0.43,"Total Cost": 31927.24,"Plan Rows": 45,"Plan Width": 12,"Actual Startup Time": 2.425,"Actual Total Time": 74.629,"Actual Rows": 33,"Actual Loops": 3,"Inner Unique": false,"Workers": [],"Plans": [{"Node Type": "Seq Scan","Parent Relationship": "Outer","Parallel Aware": true,"Async Capable": false,"Relation Name": "part","Alias": "part","Startup Cost": 0.00,"Total Cost": 7638.67,"Plan Rows": 197,"Plan Width": 30,"Actual Startup Time": 0.662,"Actual Total Time": 31.565,"Actual Rows": 163,"Actual Loops": 3,"Filter": "((p_size >= 1) AND (((p_brand = 'Brand#25'::bpchar) AND (p_container = ANY ('{\"SM CASE\",\"SM BOX\",\"SM PACK\",\"SM PKG\"}'::bpchar[])) AND (p_size <= 5)) OR ((p_brand = 'Brand#44'::bpchar) AND (p_container = ANY ('{\"MED BAG\",\"MED BOX\",\"MED PKG\",\"MED PACK\"}'::bpchar[])) AND (p_size <= 10)) OR ((p_brand = 'Brand#23'::bpchar) AND (p_container = ANY ('{\"LG CASE\",\"LG BOX\",\"LG PACK\",\"LG PKG\"}'::bpchar[])) AND (p_size <= 15))))","Rows Removed by Filter": 66503,"Workers": []},{"Node Type": "Index Scan","Parent Relationship": "Inner","Parallel Aware": false,"Async Capable": false,"Scan Direction": "Forward","Index Name": "idx_lineitem_part_supp","Relation Name": "lineitem","Alias": "lineitem","Startup Cost": 0.43,"Total Cost": 123.28,"Plan Rows": 1,"Plan Width": 21,"Actual Startup Time": 0.239,"Actual Total Time": 0.263,"Actual Rows": 0,"Actual Loops": 490,"Index Cond": "(l_partkey = part.p_partkey)","Rows Removed by Index Recheck": 0,"Filter": "((l_shipmode = ANY ('{AIR,\"AIR REG\"}'::bpchar[])) AND (l_shipinstruct = 'DELIVER IN PERSON'::bpchar) AND (((l_quantity >= '7'::numeric) AND (l_quantity <= '17'::numeric)) OR ((l_quantity >= '18'::numeric) AND (l_quantity <= '28'::numeric)) OR ((l_quantity >= '26'::numeric) AND (l_quantity <= '36'::numeric))) AND (((part.p_brand = 'Brand#25'::bpchar) AND (part.p_container = ANY ('{\"SM CASE\",\"SM BOX\",\"SM PACK\",\"SM PKG\"}'::bpchar[])) AND (l_quantity >= '7'::numeric) AND (l_quantity <= '17'::numeric) AND (part.p_size <= 5)) OR ((part.p_brand = 'Brand#44'::bpchar) AND (part.p_container = ANY ('{\"MED BAG\",\"MED BOX\",\"MED PKG\",\"MED PACK\"}'::bpchar[])) AND (l_quantity >= '18'::numeric) AND (l_quantity <= '28'::numeric) AND (part.p_size <= 10)) OR ((part.p_brand = 'Brand#23'::bpchar) AND (part.p_container = ANY ('{\"LG CASE\",\"LG BOX\",\"LG PACK\",\"LG PKG\"}'::bpchar[])) AND (l_quantity >= '26'::numeric) AND (l_quantity <= '36'::numeric) AND (part.p_size <= 15))))","Rows Removed by Filter": 30,"Workers": []}]}]}]}]},"Planning Time": 4.904,"Triggers": [],"Execution Time": 97.180}]
[{"Plan": {"Node Type": "Aggregate","Strategy": "Plain","Partial Mode": "Finalize","Parallel Aware": false,"Async Capable": false,"Startup Cost": 33046.35,"Total Cost": 33046.36,"Plan Rows": 1,"Plan Width": 32,"Actual Startup Time": 79.652,"Actual Total Time": 93.880,"Actual Rows": 1,"Actual Loops": 1,"Plans": [{"Node Type": "Gather","Parent Relationship": "Outer","Parallel Aware": false,"Async Capable": false,"Startup Cost": 33046.13,"Total Cost": 33046.34,"Plan Rows": 2,"Plan Width": 32,"Actual Startup Time": 79.622,"Actual Total Time": 93.851,"Actual Rows": 3,"Actual Loops": 1,"Workers Planned": 2,"Workers Launched": 2,"Single Copy": false,"Plans": [{"Node Type": "Aggregate","Strategy": "Plain","Partial Mode": "Partial","Parent Relationship": "Outer","Parallel Aware": false,"Async Capable": false,"Startup Cost": 32046.13,"Total Cost": 32046.14,"Plan Rows": 1,"Plan Width": 32,"Actual Startup Time": 73.406,"Actual Total Time": 73.407,"Actual Rows": 1,"Actual Loops": 3,"Workers": [],"Plans": [{"Node Type": "Nested Loop","Parent Relationship": "Outer","Parallel Aware": false,"Async Capable": false,"Join Type": "Inner","Startup Cost": 0.43,"Total Cost": 32045.78,"Plan Rows": 46,"Plan Width": 12,"Actual Startup Time": 4.072,"Actual Total Time": 73.367,"Actual Rows": 37,"Actual Loops": 3,"Inner Unique": false,"Workers": [],"Plans": [{"Node Type": "Seq Scan","Parent Relationship": "Outer","Parallel Aware": true,"Async Capable": false,"Relation Name": "part","Alias": "part","Startup Cost": 0.00,"Total Cost": 7638.67,"Plan Rows": 198,"Plan Width": 30,"Actual Startup Time": 0.537,"Actual Total Time": 30.411,"Actual Rows": 161,"Actual Loops": 3,"Filter": "((p_size >= 1) AND (((p_brand = 'Brand#43'::bpchar) AND (p_container = ANY ('{\"SM CASE\",\"SM BOX\",\"SM PACK\",\"SM PKG\"}'::bpchar[])) AND (p_size <= 5)) OR ((p_brand = 'Brand#25'::bpchar) AND (p_container = ANY ('{\"MED BAG\",\"MED BOX\",\"MED PKG\",\"MED PACK\"}'::bpchar[])) AND (p_size <= 10)) OR ((p_brand = 'Brand#12'::bpchar) AND (p_container = ANY ('{\"LG CASE\",\"LG BOX\",\"LG PACK\",\"LG PKG\"}'::bpchar[])) AND (p_size <= 15))))","Rows Removed by Filter": 66506,"Workers": []},{"Node Type": "Index Scan","Parent Relationship": "Inner","Parallel Aware": false,"Async Capable": false,"Scan Direction": "Forward","Index Name": "idx_lineitem_part_supp","Relation Name": "lineitem","Alias": "lineitem","Startup Cost": 0.43,"Total Cost": 123.26,"Plan Rows": 1,"Plan Width": 21,"Actual Startup Time": 0.239,"Actual Total Time": 0.267,"Actual Rows": 0,"Actual Loops": 482,"Index Cond": "(l_partkey = part.p_partkey)","Rows Removed by Index Recheck": 0,"Filter": "((l_shipmode = ANY ('{AIR,\"AIR REG\"}'::bpchar[])) AND (l_shipinstruct = 'DELIVER IN PERSON'::bpchar) AND (((l_quantity >= '7'::numeric) AND (l_quantity <= '17'::numeric)) OR ((l_quantity >= '18'::numeric) AND (l_quantity <= '28'::numeric)) OR ((l_quantity >= '29'::numeric) AND (l_quantity <= '39'::numeric))) AND (((part.p_brand = 'Brand#43'::bpchar) AND (part.p_container = ANY ('{\"SM CASE\",\"SM BOX\",\"SM PACK\",\"SM PKG\"}'::bpchar[])) AND (l_quantity >= '7'::numeric) AND (l_quantity <= '17'::numeric) AND (part.p_size <= 5)) OR ((part.p_brand = 'Brand#25'::bpchar) AND (part.p_container = ANY ('{\"MED BAG\",\"MED BOX\",\"MED PKG\",\"MED PACK\"}'::bpchar[])) AND (l_quantity >= '18'::numeric) AND (l_quantity <= '28'::numeric) AND (part.p_size <= 10)) OR ((part.p_brand = 'Brand#12'::bpchar) AND (part.p_container = ANY ('{\"LG CASE\",\"LG BOX\",\"LG PACK\",\"LG PKG\"}'::bpchar[])) AND (l_quantity >= '29'::numeric) AND (l_quantity <= '39'::numeric) AND (part.p_size <= 15))))","Rows Removed by Filter": 30,"Workers": []}]}]}]}]},"Planning Time": 5.438,"Triggers": [],"Execution Time": 94.054}]
[{"Plan": {"Node Type": "Aggregate","Strategy": "Plain","Partial Mode": "Finalize","Parallel Aware": false,"Async Capable": false,"Startup Cost": 33738.54,"Total Cost": 33738.55,"Plan Rows": 1,"Plan Width": 32,"Actual Startup Time": 87.811,"Actual Total Time": 103.541,"Actual Rows": 1,"Actual Loops": 1,"Plans": [{"Node Type": "Gather","Parent Relationship": "Outer","Parallel Aware": false,"Async Capable": false,"Startup Cost": 33738.32,"Total Cost": 33738.53,"Plan Rows": 2,"Plan Width": 32,"Actual Startup Time": 87.695,"Actual Total Time": 103.510,"Actual Rows": 3,"Actual Loops": 1,"Workers Planned": 2,"Workers Launched": 2,"Single Copy": false,"Plans": [{"Node Type": "Aggregate","Strategy": "Plain","Partial Mode": "Partial","Parent Relationship": "Outer","Parallel Aware": false,"Async Capable": false,"Startup Cost": 32738.32,"Total Cost": 32738.33,"Plan Rows": 1,"Plan Width": 32,"Actual Startup Time": 80.907,"Actual Total Time": 80.909,"Actual Rows": 1,"Actual Loops": 3,"Workers": [],"Plans": [{"Node Type": "Nested Loop","Parent Relationship": "Outer","Parallel Aware": false,"Async Capable": false,"Join Type": "Inner","Startup Cost": 0.43,"Total Cost": 32737.96,"Plan Rows": 47,"Plan Width": 12,"Actual Startup Time": 1.523,"Actual Total Time": 80.860,"Actual Rows": 46,"Actual Loops": 3,"Inner Unique": false,"Workers": [],"Plans": [{"Node Type": "Seq Scan","Parent Relationship": "Outer","Parallel Aware": true,"Async Capable": false,"Relation Name": "part","Alias": "part","Startup Cost": 0.00,"Total Cost": 7638.67,"Plan Rows": 204,"Plan Width": 30,"Actual Startup Time": 0.453,"Actual Total Time": 34.327,"Actual Rows": 169,"Actual Loops": 3,"Filter": "((p_size >= 1) AND (((p_brand = 'Brand#24'::bpchar) AND (p_container = ANY ('{\"SM CASE\",\"SM BOX\",\"SM PACK\",\"SM PKG\"}'::bpchar[])) AND (p_size <= 5)) OR ((p_brand = 'Brand#35'::bpchar) AND (p_container = ANY ('{\"MED BAG\",\"MED BOX\",\"MED PKG\",\"MED PACK\"}'::bpchar[])) AND (p_size <= 10)) OR ((p_brand = 'Brand#55'::bpchar) AND (p_container = ANY ('{\"LG CASE\",\"LG BOX\",\"LG PACK\",\"LG PKG\"}'::bpchar[])) AND (p_size <= 15))))","Rows Removed by Filter": 66497,"Workers": []},{"Node Type": "Index Scan","Parent Relationship": "Inner","Parallel Aware": false,"Async Capable": false,"Scan Direction": "Forward","Index Name": "idx_lineitem_part_supp","Relation Name": "lineitem","Alias": "lineitem","Startup Cost": 0.43,"Total Cost": 123.03,"Plan Rows": 1,"Plan Width": 21,"Actual Startup Time": 0.241,"Actual Total Time": 0.274,"Actual Rows": 0,"Actual Loops": 508,"Index Cond": "(l_partkey = part.p_partkey)","Rows Removed by Index Recheck": 0,"Filter": "((l_shipmode = ANY ('{AIR,\"AIR REG\"}'::bpchar[])) AND (l_shipinstruct = 'DELIVER IN PERSON'::bpchar) AND (((l_quantity >= '1'::numeric) AND (l_quantity <= '11'::numeric)) OR ((l_quantity >= '19'::numeric) AND (l_quantity <= '29'::numeric)) OR ((l_quantity >= '28'::numeric) AND (l_quantity <= '38'::numeric))) AND (((part.p_brand = 'Brand#24'::bpchar) AND (part.p_container = ANY ('{\"SM CASE\",\"SM BOX\",\"SM PACK\",\"SM PKG\"}'::bpchar[])) AND (l_quantity >= '1'::numeric) AND (l_quantity <= '11'::numeric) AND (part.p_size <= 5)) OR ((part.p_brand = 'Brand#35'::bpchar) AND (part.p_container = ANY ('{\"MED BAG\",\"MED BOX\",\"MED PKG\",\"MED PACK\"}'::bpchar[])) AND (l_quantity >= '19'::numeric) AND (l_quantity <= '29'::numeric) AND (part.p_size <= 10)) OR ((part.p_brand = 'Brand#55'::bpchar) AND (part.p_container = ANY ('{\"LG CASE\",\"LG BOX\",\"LG PACK\",\"LG PKG\"}'::bpchar[])) AND (l_quantity >= '28'::numeric) AND (l_quantity <= '38'::numeric) AND (part.p_size <= 15))))","Rows Removed by Filter": 30,"Workers": []}]}]}]}]},"Planning Time": 5.867,"Triggers": [],"Execution Time": 103.702}]
[{"Plan": {"Node Type": "Aggregate","Strategy": "Plain","Partial Mode": "Finalize","Parallel Aware": false,"Async Capable": false,"Startup Cost": 33622.34,"Total Cost": 33622.35,"Plan Rows": 1,"Plan Width": 32,"Actual Startup Time": 82.031,"Actual Total Time": 96.384,"Actual Rows": 1,"Actual Loops": 1,"Plans": [{"Node Type": "Gather","Parent Relationship": "Outer","Parallel Aware": false,"Async Capable": false,"Startup Cost": 33622.11,"Total Cost": 33622.32,"Plan Rows": 2,"Plan Width": 32,"Actual Startup Time": 81.928,"Actual Total Time": 96.354,"Actual Rows": 3,"Actual Loops": 1,"Workers Planned": 2,"Workers Launched": 2,"Single Copy": false,"Plans": [{"Node Type": "Aggregate","Strategy": "Plain","Partial Mode": "Partial","Parent Relationship": "Outer","Parallel Aware": false,"Async Capable": false,"Startup Cost": 32622.11,"Total Cost": 32622.12,"Plan Rows": 1,"Plan Width": 32,"Actual Startup Time": 75.306,"Actual Total Time": 75.310,"Actual Rows": 1,"Actual Loops": 3,"Workers": [],"Plans": [{"Node Type": "Nested Loop","Parent Relationship": "Outer","Parallel Aware": false,"Async Capable": false,"Join Type": "Inner","Startup Cost": 0.43,"Total Cost": 32621.76,"Plan Rows": 47,"Plan Width": 12,"Actual Startup Time": 6.410,"Actual Total Time": 75.261,"Actual Rows": 49,"Actual Loops": 3,"Inner Unique": false,"Workers": [],"Plans": [{"Node Type": "Seq Scan","Parent Relationship": "Outer","Parallel Aware": true,"Async Capable": false,"Relation Name": "part","Alias": "part","Startup Cost": 0.00,"Total Cost": 7638.67,"Plan Rows": 203,"Plan Width": 30,"Actual Startup Time": 0.764,"Actual Total Time": 31.562,"Actual Rows": 166,"Actual Loops": 3,"Filter": "((p_size >= 1) AND (((p_brand = 'Brand#32'::bpchar) AND (p_container = ANY ('{\"SM CASE\",\"SM BOX\",\"SM PACK\",\"SM PKG\"}'::bpchar[])) AND (p_size <= 5)) OR ((p_brand = 'Brand#43'::bpchar) AND (p_container = ANY ('{\"MED BAG\",\"MED BOX\",\"MED PKG\",\"MED PACK\"}'::bpchar[])) AND (p_size <= 10)) OR ((p_brand = 'Brand#42'::bpchar) AND (p_container = ANY ('{\"LG CASE\",\"LG BOX\",\"LG PACK\",\"LG PKG\"}'::bpchar[])) AND (p_size <= 15))))","Rows Removed by Filter": 66501,"Workers": []},{"Node Type": "Index Scan","Parent Relationship": "Inner","Parallel Aware": false,"Async Capable": false,"Scan Direction": "Forward","Index Name": "idx_lineitem_part_supp","Relation Name": "lineitem","Alias": "lineitem","Startup Cost": 0.43,"Total Cost": 123.06,"Plan Rows": 1,"Plan Width": 21,"Actual Startup Time": 0.230,"Actual Total Time": 0.263,"Actual Rows": 0,"Actual Loops": 498,"Index Cond": "(l_partkey = part.p_partkey)","Rows Removed by Index Recheck": 0,"Filter": "((l_shipmode = ANY ('{AIR,\"AIR REG\"}'::bpchar[])) AND (l_shipinstruct = 'DELIVER IN PERSON'::bpchar) AND (((l_quantity >= '6'::numeric) AND (l_quantity <= '16'::numeric)) OR ((l_quantity >= '18'::numeric) AND (l_quantity <= '28'::numeric)) OR ((l_quantity >= '21'::numeric) AND (l_quantity <= '31'::numeric))) AND (((part.p_brand = 'Brand#32'::bpchar) AND (part.p_container = ANY ('{\"SM CASE\",\"SM BOX\",\"SM PACK\",\"SM PKG\"}'::bpchar[])) AND (l_quantity >= '6'::numeric) AND (l_quantity <= '16'::numeric) AND (part.p_size <= 5)) OR ((part.p_brand = 'Brand#43'::bpchar) AND (part.p_container = ANY ('{\"MED BAG\",\"MED BOX\",\"MED PKG\",\"MED PACK\"}'::bpchar[])) AND (l_quantity >= '18'::numeric) AND (l_quantity <= '28'::numeric) AND (part.p_size <= 10)) OR ((part.p_brand = 'Brand#42'::bpchar) AND (part.p_container = ANY ('{\"LG CASE\",\"LG BOX\",\"LG PACK\",\"LG PKG\"}'::bpchar[])) AND (l_quantity >= '21'::numeric) AND (l_quantity <= '31'::numeric) AND (part.p_size <= 15))))","Rows Removed by Filter": 30,"Workers": []}]}]}]}]},"Planning Time": 5.164,"Triggers": [],"Execution Time": 96.576}]
[{"Plan": {"Node Type": "Aggregate","Strategy": "Plain","Partial Mode": "Finalize","Parallel Aware": false,"Async Capable": false,"Startup Cost": 33506.40,"Total Cost": 33506.41,"Plan Rows": 1,"Plan Width": 32,"Actual Startup Time": 81.929,"Actual Total Time": 95.699,"Actual Rows": 1,"Actual Loops": 1,"Plans": [{"Node Type": "Gather","Parent Relationship": "Outer","Parallel Aware": false,"Async Capable": false,"Startup Cost": 33506.18,"Total Cost": 33506.39,"Plan Rows": 2,"Plan Width": 32,"Actual Startup Time": 81.889,"Actual Total Time": 95.667,"Actual Rows": 3,"Actual Loops": 1,"Workers Planned": 2,"Workers Launched": 2,"Single Copy": false,"Plans": [{"Node Type": "Aggregate","Strategy": "Plain","Partial Mode": "Partial","Parent Relationship": "Outer","Parallel Aware": false,"Async Capable": false,"Startup Cost": 32506.18,"Total Cost": 32506.19,"Plan Rows": 1,"Plan Width": 32,"Actual Startup Time": 75.271,"Actual Total Time": 75.277,"Actual Rows": 1,"Actual Loops": 3,"Workers": [],"Plans": [{"Node Type": "Nested Loop","Parent Relationship": "Outer","Parallel Aware": false,"Async Capable": false,"Join Type": "Inner","Startup Cost": 0.43,"Total Cost": 32505.83,"Plan Rows": 47,"Plan Width": 12,"Actual Startup Time": 1.553,"Actual Total Time": 75.229,"Actual Rows": 48,"Actual Loops": 3,"Inner Unique": false,"Workers": [],"Plans": [{"Node Type": "Seq Scan","Parent Relationship": "Outer","Parallel Aware": true,"Async Capable": false,"Relation Name": "part","Alias": "part","Startup Cost": 0.00,"Total Cost": 7638.67,"Plan Rows": 202,"Plan Width": 30,"Actual Startup Time": 0.444,"Actual Total Time": 31.825,"Actual Rows": 163,"Actual Loops": 3,"Filter": "((p_size >= 1) AND (((p_brand = 'Brand#55'::bpchar) AND (p_container = ANY ('{\"SM CASE\",\"SM BOX\",\"SM PACK\",\"SM PKG\"}'::bpchar[])) AND (p_size <= 5)) OR ((p_brand = 'Brand#43'::bpchar) AND (p_container = ANY ('{\"MED BAG\",\"MED BOX\",\"MED PKG\",\"MED PACK\"}'::bpchar[])) AND (p_size <= 10)) OR ((p_brand = 'Brand#55'::bpchar) AND (p_container = ANY ('{\"LG CASE\",\"LG BOX\",\"LG PACK\",\"LG PKG\"}'::bpchar[])) AND (p_size <= 15))))","Rows Removed by Filter": 66504,"Workers": []},{"Node Type": "Index Scan","Parent Relationship": "Inner","Parallel Aware": false,"Async Capable": false,"Scan Direction": "Forward","Index Name": "idx_lineitem_part_supp","Relation Name": "lineitem","Alias": "lineitem","Startup Cost": 0.43,"Total Cost": 123.09,"Plan Rows": 1,"Plan Width": 21,"Actual Startup Time": 0.231,"Actual Total Time": 0.266,"Actual Rows": 0,"Actual Loops": 488,"Index Cond": "(l_partkey = part.p_partkey)","Rows Removed by Index Recheck": 0,"Filter": "((l_shipmode = ANY ('{AIR,\"AIR REG\"}'::bpchar[])) AND (l_shipinstruct = 'DELIVER IN PERSON'::bpchar) AND (((l_quantity >= '8'::numeric) AND (l_quantity <= '18'::numeric)) OR ((l_quantity >= '15'::numeric) AND (l_quantity <= '25'::numeric)) OR ((l_quantity >= '26'::numeric) AND (l_quantity <= '36'::numeric))) AND (((part.p_brand = 'Brand#55'::bpchar) AND (part.p_container = ANY ('{\"SM CASE\",\"SM BOX\",\"SM PACK\",\"SM PKG\"}'::bpchar[])) AND (l_quantity >= '8'::numeric) AND (l_quantity <= '18'::numeric) AND (part.p_size <= 5)) OR ((part.p_brand = 'Brand#43'::bpchar) AND (part.p_container = ANY ('{\"MED BAG\",\"MED BOX\",\"MED PKG\",\"MED PACK\"}'::bpchar[])) AND (l_quantity >= '15'::numeric) AND (l_quantity <= '25'::numeric) AND (part.p_size <= 10)) OR ((part.p_brand = 'Brand#55'::bpchar) AND (part.p_container = ANY ('{\"LG CASE\",\"LG BOX\",\"LG PACK\",\"LG PKG\"}'::bpchar[])) AND (l_quantity >= '26'::numeric) AND (l_quantity <= '36'::numeric) AND (part.p_size <= 15))))","Rows Removed by Filter": 30,"Workers": []}]}]}]}]},"Planning Time": 6.138,"Triggers": [],"Execution Time": 95.894}]
[{"Plan": {"Node Type": "Aggregate","Strategy": "Plain","Partial Mode": "Finalize","Parallel Aware": false,"Async Capable": false,"Startup Cost": 33972.60,"Total Cost": 33972.61,"Plan Rows": 1,"Plan Width": 32,"Actual Startup Time": 80.488,"Actual Total Time": 95.018,"Actual Rows": 1,"Actual Loops": 1,"Plans": [{"Node Type": "Gather","Parent Relationship": "Outer","Parallel Aware": false,"Async Capable": false,"Startup Cost": 33972.37,"Total Cost": 33972.58,"Plan Rows": 2,"Plan Width": 32,"Actual Startup Time": 80.338,"Actual Total Time": 94.984,"Actual Rows": 3,"Actual Loops": 1,"Workers Planned": 2,"Workers Launched": 2,"Single Copy": false,"Plans": [{"Node Type": "Aggregate","Strategy": "Plain","Partial Mode": "Partial","Parent Relationship": "Outer","Parallel Aware": false,"Async Capable": false,"Startup Cost": 32972.37,"Total Cost": 32972.38,"Plan Rows": 1,"Plan Width": 32,"Actual Startup Time": 74.121,"Actual Total Time": 74.122,"Actual Rows": 1,"Actual Loops": 3,"Workers": [],"Plans": [{"Node Type": "Nested Loop","Parent Relationship": "Outer","Parallel Aware": false,"Async Capable": false,"Join Type": "Inner","Startup Cost": 0.43,"Total Cost": 32972.01,"Plan Rows": 48,"Plan Width": 12,"Actual Startup Time": 2.953,"Actual Total Time": 74.076,"Actual Rows": 39,"Actual Loops": 3,"Inner Unique": false,"Workers": [],"Plans": [{"Node Type": "Seq Scan","Parent Relationship": "Outer","Parallel Aware": true,"Async Capable": false,"Relation Name": "part","Alias": "part","Startup Cost": 0.00,"Total Cost": 7638.67,"Plan Rows": 206,"Plan Width": 30,"Actual Startup Time": 0.367,"Actual Total Time": 31.277,"Actual Rows": 161,"Actual Loops": 3,"Filter": "((p_size >= 1) AND (((p_brand = 'Brand#41'::bpchar) AND (p_container = ANY ('{\"SM CASE\",\"SM BOX\",\"SM PACK\",\"SM PKG\"}'::bpchar[])) AND (p_size <= 5)) OR ((p_brand = 'Brand#15'::bpchar) AND (p_container = ANY ('{\"MED BAG\",\"MED BOX\",\"MED PKG\",\"MED PACK\"}'::bpchar[])) AND (p_size <= 10)) OR ((p_brand = 'Brand#34'::bpchar) AND (p_container = ANY ('{\"LG CASE\",\"LG BOX\",\"LG PACK\",\"LG PKG\"}'::bpchar[])) AND (p_size <= 15))))","Rows Removed by Filter": 66505,"Workers": []},{"Node Type": "Index Scan","Parent Relationship": "Inner","Parallel Aware": false,"Async Capable": false,"Scan Direction": "Forward","Index Name": "idx_lineitem_part_supp","Relation Name": "lineitem","Alias": "lineitem","Startup Cost": 0.43,"Total Cost": 122.97,"Plan Rows": 1,"Plan Width": 21,"Actual Startup Time": 0.237,"Actual Total Time": 0.265,"Actual Rows": 0,"Actual Loops": 484,"Index Cond": "(l_partkey = part.p_partkey)","Rows Removed by Index Recheck": 0,"Filter": "((l_shipmode = ANY ('{AIR,\"AIR REG\"}'::bpchar[])) AND (l_shipinstruct = 'DELIVER IN PERSON'::bpchar) AND (((l_quantity >= '10'::numeric) AND (l_quantity <= '20'::numeric)) OR ((l_quantity >= '15'::numeric) AND (l_quantity <= '25'::numeric)) OR ((l_quantity >= '28'::numeric) AND (l_quantity <= '38'::numeric))) AND (((part.p_brand = 'Brand#41'::bpchar) AND (part.p_container = ANY ('{\"SM CASE\",\"SM BOX\",\"SM PACK\",\"SM PKG\"}'::bpchar[])) AND (l_quantity >= '10'::numeric) AND (l_quantity <= '20'::numeric) AND (part.p_size <= 5)) OR ((part.p_brand = 'Brand#15'::bpchar) AND (part.p_container = ANY ('{\"MED BAG\",\"MED BOX\",\"MED PKG\",\"MED PACK\"}'::bpchar[])) AND (l_quantity >= '15'::numeric) AND (l_quantity <= '25'::numeric) AND (part.p_size <= 10)) OR ((part.p_brand = 'Brand#34'::bpchar) AND (part.p_container = ANY ('{\"LG CASE\",\"LG BOX\",\"LG PACK\",\"LG PKG\"}'::bpchar[])) AND (l_quantity >= '28'::numeric) AND (l_quantity <= '38'::numeric) AND (part.p_size <= 15))))","Rows Removed by Filter": 29,"Workers": []}]}]}]}]},"Planning Time": 5.745,"Triggers": [],"Execution Time": 95.226}]
[{"Plan": {"Node Type": "Aggregate","Strategy": "Plain","Partial Mode": "Finalize","Parallel Aware": false,"Async Capable": false,"Startup Cost": 33163.25,"Total Cost": 33163.26,"Plan Rows": 1,"Plan Width": 32,"Actual Startup Time": 83.651,"Actual Total Time": 98.102,"Actual Rows": 1,"Actual Loops": 1,"Plans": [{"Node Type": "Gather","Parent Relationship": "Outer","Parallel Aware": false,"Async Capable": false,"Startup Cost": 33163.03,"Total Cost": 33163.24,"Plan Rows": 2,"Plan Width": 32,"Actual Startup Time": 83.133,"Actual Total Time": 98.070,"Actual Rows": 3,"Actual Loops": 1,"Workers Planned": 2,"Workers Launched": 2,"Single Copy": false,"Plans": [{"Node Type": "Aggregate","Strategy": "Plain","Partial Mode": "Partial","Parent Relationship": "Outer","Parallel Aware": false,"Async Capable": false,"Startup Cost": 32163.03,"Total Cost": 32163.04,"Plan Rows": 1,"Plan Width": 32,"Actual Startup Time": 76.580,"Actual Total Time": 76.584,"Actual Rows": 1,"Actual Loops": 3,"Workers": [],"Plans": [{"Node Type": "Nested Loop","Parent Relationship": "Outer","Parallel Aware": false,"Async Capable": false,"Join Type": "Inner","Startup Cost": 0.43,"Total Cost": 32162.68,"Plan Rows": 46,"Plan Width": 12,"Actual Startup Time": 4.056,"Actual Total Time": 76.541,"Actual Rows": 36,"Actual Loops": 3,"Inner Unique": false,"Workers": [],"Plans": [{"Node Type": "Seq Scan","Parent Relationship": "Outer","Parallel Aware": true,"Async Capable": false,"Relation Name": "part","Alias": "part","Startup Cost": 0.00,"Total Cost": 7638.67,"Plan Rows": 199,"Plan Width": 30,"Actual Startup Time": 0.201,"Actual Total Time": 31.687,"Actual Rows": 170,"Actual Loops": 3,"Filter": "((p_size >= 1) AND (((p_brand = 'Brand#53'::bpchar) AND (p_container = ANY ('{\"SM CASE\",\"SM BOX\",\"SM PACK\",\"SM PKG\"}'::bpchar[])) AND (p_size <= 5)) OR ((p_brand = 'Brand#32'::bpchar) AND (p_container = ANY ('{\"MED BAG\",\"MED BOX\",\"MED PKG\",\"MED PACK\"}'::bpchar[])) AND (p_size <= 10)) OR ((p_brand = 'Brand#13'::bpchar) AND (p_container = ANY ('{\"LG CASE\",\"LG BOX\",\"LG PACK\",\"LG PKG\"}'::bpchar[])) AND (p_size <= 15))))","Rows Removed by Filter": 66497,"Workers": []},{"Node Type": "Index Scan","Parent Relationship": "Inner","Parallel Aware": false,"Async Capable": false,"Scan Direction": "Forward","Index Name": "idx_lineitem_part_supp","Relation Name": "lineitem","Alias": "lineitem","Startup Cost": 0.43,"Total Cost": 123.23,"Plan Rows": 1,"Plan Width": 21,"Actual Startup Time": 0.241,"Actual Total Time": 0.264,"Actual Rows": 0,"Actual Loops": 509,"Index Cond": "(l_partkey = part.p_partkey)","Rows Removed by Index Recheck": 0,"Filter": "((l_shipmode = ANY ('{AIR,\"AIR REG\"}'::bpchar[])) AND (l_shipinstruct = 'DELIVER IN PERSON'::bpchar) AND (((l_quantity >= '6'::numeric) AND (l_quantity <= '16'::numeric)) OR ((l_quantity >= '13'::numeric) AND (l_quantity <= '23'::numeric)) OR ((l_quantity >= '27'::numeric) AND (l_quantity <= '37'::numeric))) AND (((part.p_brand = 'Brand#53'::bpchar) AND (part.p_container = ANY ('{\"SM CASE\",\"SM BOX\",\"SM PACK\",\"SM PKG\"}'::bpchar[])) AND (l_quantity >= '6'::numeric) AND (l_quantity <= '16'::numeric) AND (part.p_size <= 5)) OR ((part.p_brand = 'Brand#32'::bpchar) AND (part.p_container = ANY ('{\"MED BAG\",\"MED BOX\",\"MED PKG\",\"MED PACK\"}'::bpchar[])) AND (l_quantity >= '13'::numeric) AND (l_quantity <= '23'::numeric) AND (part.p_size <= 10)) OR ((part.p_brand = 'Brand#13'::bpchar) AND (part.p_container = ANY ('{\"LG CASE\",\"LG BOX\",\"LG PACK\",\"LG PKG\"}'::bpchar[])) AND (l_quantity >= '27'::numeric) AND (l_quantity <= '37'::numeric) AND (part.p_size <= 15))))","Rows Removed by Filter": 30,"Workers": []}]}]}]}]},"Planning Time": 6.168,"Triggers": [],"Execution Time": 98.310}]
[{"Plan": {"Node Type": "Aggregate","Strategy": "Plain","Partial Mode": "Finalize","Parallel Aware": false,"Async Capable": false,"Startup Cost": 34165.08,"Total Cost": 34165.09,"Plan Rows": 1,"Plan Width": 32,"Actual Startup Time": 86.467,"Actual Total Time": 101.728,"Actual Rows": 1,"Actual Loops": 1,"Plans": [{"Node Type": "Gather","Parent Relationship": "Outer","Parallel Aware": false,"Async Capable": false,"Startup Cost": 34164.86,"Total Cost": 34165.07,"Plan Rows": 2,"Plan Width": 32,"Actual Startup Time": 86.161,"Actual Total Time": 101.703,"Actual Rows": 3,"Actual Loops": 1,"Workers Planned": 2,"Workers Launched": 2,"Single Copy": false,"Plans": [{"Node Type": "Aggregate","Strategy": "Plain","Partial Mode": "Partial","Parent Relationship": "Outer","Parallel Aware": false,"Async Capable": false,"Startup Cost": 33164.86,"Total Cost": 33164.87,"Plan Rows": 1,"Plan Width": 32,"Actual Startup Time": 80.059,"Actual Total Time": 80.063,"Actual Rows": 1,"Actual Loops": 3,"Workers": [],"Plans": [{"Node Type": "Nested Loop","Parent Relationship": "Outer","Parallel Aware": false,"Async Capable": false,"Join Type": "Inner","Startup Cost": 4.54,"Total Cost": 33164.50,"Plan Rows": 48,"Plan Width": 12,"Actual Startup Time": 4.535,"Actual Total Time": 80.018,"Actual Rows": 42,"Actual Loops": 3,"Inner Unique": false,"Workers": [],"Plans": [{"Node Type": "Seq Scan","Parent Relationship": "Outer","Parallel Aware": true,"Async Capable": false,"Relation Name": "part","Alias": "part","Startup Cost": 0.00,"Total Cost": 7638.67,"Plan Rows": 210,"Plan Width": 30,"Actual Startup Time": 0.271,"Actual Total Time": 31.433,"Actual Rows": 173,"Actual Loops": 3,"Filter": "((p_size >= 1) AND (((p_brand = 'Brand#35'::bpchar) AND (p_container = ANY ('{\"SM CASE\",\"SM BOX\",\"SM PACK\",\"SM PKG\"}'::bpchar[])) AND (p_size <= 5)) OR ((p_brand = 'Brand#14'::bpchar) AND (p_container = ANY ('{\"MED BAG\",\"MED BOX\",\"MED PKG\",\"MED PACK\"}'::bpchar[])) AND (p_size <= 10)) OR ((p_brand = 'Brand#33'::bpchar) AND (p_container = ANY ('{\"LG CASE\",\"LG BOX\",\"LG PACK\",\"LG PKG\"}'::bpchar[])) AND (p_size <= 15))))","Rows Removed by Filter": 66494,"Workers": []},{"Node Type": "Bitmap Heap Scan","Parent Relationship": "Inner","Parallel Aware": false,"Async Capable": false,"Relation Name": "lineitem","Alias": "lineitem","Startup Cost": 4.54,"Total Cost": 121.54,"Plan Rows": 1,"Plan Width": 21,"Actual Startup Time": 0.248,"Actual Total Time": 0.280,"Actual Rows": 0,"Actual Loops": 518,"Recheck Cond": "(l_partkey = part.p_partkey)","Rows Removed by Index Recheck": 0,"Filter": "((l_shipmode = ANY ('{AIR,\"AIR REG\"}'::bpchar[])) AND (l_shipinstruct = 'DELIVER IN PERSON'::bpchar) AND (((l_quantity >= '1'::numeric) AND (l_quantity <= '11'::numeric)) OR ((l_quantity >= '15'::numeric) AND (l_quantity <= '25'::numeric)) OR ((l_quantity >= '27'::numeric) AND (l_quantity <= '37'::numeric))) AND (((part.p_brand = 'Brand#35'::bpchar) AND (part.p_container = ANY ('{\"SM CASE\",\"SM BOX\",\"SM PACK\",\"SM PKG\"}'::bpchar[])) AND (l_quantity >= '1'::numeric) AND (l_quantity <= '11'::numeric) AND (part.p_size <= 5)) OR ((part.p_brand = 'Brand#14'::bpchar) AND (part.p_container = ANY ('{\"MED BAG\",\"MED BOX\",\"MED PKG\",\"MED PACK\"}'::bpchar[])) AND (l_quantity >= '15'::numeric) AND (l_quantity <= '25'::numeric) AND (part.p_size <= 10)) OR ((part.p_brand = 'Brand#33'::bpchar) AND (part.p_container = ANY ('{\"LG CASE\",\"LG BOX\",\"LG PACK\",\"LG PKG\"}'::bpchar[])) AND (l_quantity >= '27'::numeric) AND (l_quantity <= '37'::numeric) AND (part.p_size <= 15))))","Rows Removed by Filter": 30,"Exact Heap Blocks": 5706,"Lossy Heap Blocks": 0,"Workers": [],"Plans": [{"Node Type": "Bitmap Index Scan","Parent Relationship": "Outer","Parallel Aware": false,"Async Capable": false,"Index Name": "idx_lineitem_part_supp","Startup Cost": 0.00,"Total Cost": 4.54,"Plan Rows": 31,"Plan Width": 0,"Actual Startup Time": 0.011,"Actual Total Time": 0.011,"Actual Rows": 30,"Actual Loops": 518,"Index Cond": "(l_partkey = part.p_partkey)","Workers": []}]}]}]}]}]},"Planning Time": 6.631,"Triggers": [],"Execution Time": 102.002}]
[{"Plan": {"Node Type": "Aggregate","Strategy": "Plain","Partial Mode": "Finalize","Parallel Aware": false,"Async Capable": false,"Startup Cost": 33508.11,"Total Cost": 33508.12,"Plan Rows": 1,"Plan Width": 32,"Actual Startup Time": 80.530,"Actual Total Time": 95.718,"Actual Rows": 1,"Actual Loops": 1,"Plans": [{"Node Type": "Gather","Parent Relationship": "Outer","Parallel Aware": false,"Async Capable": false,"Startup Cost": 33507.88,"Total Cost": 33508.09,"Plan Rows": 2,"Plan Width": 32,"Actual Startup Time": 80.401,"Actual Total Time": 95.686,"Actual Rows": 3,"Actual Loops": 1,"Workers Planned": 2,"Workers Launched": 2,"Single Copy": false,"Plans": [{"Node Type": "Aggregate","Strategy": "Plain","Partial Mode": "Partial","Parent Relationship": "Outer","Parallel Aware": false,"Async Capable": false,"Startup Cost": 32507.88,"Total Cost": 32507.89,"Plan Rows": 1,"Plan Width": 32,"Actual Startup Time": 74.131,"Actual Total Time": 74.132,"Actual Rows": 1,"Actual Loops": 3,"Workers": [],"Plans": [{"Node Type": "Nested Loop","Parent Relationship": "Outer","Parallel Aware": false,"Async Capable": false,"Join Type": "Inner","Startup Cost": 0.43,"Total Cost": 32507.53,"Plan Rows": 47,"Plan Width": 12,"Actual Startup Time": 7.248,"Actual Total Time": 74.093,"Actual Rows": 38,"Actual Loops": 3,"Inner Unique": false,"Workers": [],"Plans": [{"Node Type": "Seq Scan","Parent Relationship": "Outer","Parallel Aware": true,"Async Capable": false,"Relation Name": "part","Alias": "part","Startup Cost": 0.00,"Total Cost": 7638.67,"Plan Rows": 202,"Plan Width": 30,"Actual Startup Time": 0.217,"Actual Total Time": 30.259,"Actual Rows": 168,"Actual Loops": 3,"Filter": "((p_size >= 1) AND (((p_brand = 'Brand#54'::bpchar) AND (p_container = ANY ('{\"SM CASE\",\"SM BOX\",\"SM PACK\",\"SM PKG\"}'::bpchar[])) AND (p_size <= 5)) OR ((p_brand = 'Brand#24'::bpchar) AND (p_container = ANY ('{\"MED BAG\",\"MED BOX\",\"MED PKG\",\"MED PACK\"}'::bpchar[])) AND (p_size <= 10)) OR ((p_brand = 'Brand#53'::bpchar) AND (p_container = ANY ('{\"LG CASE\",\"LG BOX\",\"LG PACK\",\"LG PKG\"}'::bpchar[])) AND (p_size <= 15))))","Rows Removed by Filter": 66499,"Workers": []},{"Node Type": "Index Scan","Parent Relationship": "Inner","Parallel Aware": false,"Async Capable": false,"Scan Direction": "Forward","Index Name": "idx_lineitem_part_supp","Relation Name": "lineitem","Alias": "lineitem","Startup Cost": 0.43,"Total Cost": 123.10,"Plan Rows": 1,"Plan Width": 21,"Actual Startup Time": 0.237,"Actual Total Time": 0.261,"Actual Rows": 0,"Actual Loops": 503,"Index Cond": "(l_partkey = part.p_partkey)","Rows Removed by Index Recheck": 0,"Filter": "((l_shipmode = ANY ('{AIR,\"AIR REG\"}'::bpchar[])) AND (l_shipinstruct = 'DELIVER IN PERSON'::bpchar) AND (((l_quantity >= '4'::numeric) AND (l_quantity <= '14'::numeric)) OR ((l_quantity >= '20'::numeric) AND (l_quantity <= '30'::numeric)) OR ((l_quantity >= '28'::numeric) AND (l_quantity <= '38'::numeric))) AND (((part.p_brand = 'Brand#54'::bpchar) AND (part.p_container = ANY ('{\"SM CASE\",\"SM BOX\",\"SM PACK\",\"SM PKG\"}'::bpchar[])) AND (l_quantity >= '4'::numeric) AND (l_quantity <= '14'::numeric) AND (part.p_size <= 5)) OR ((part.p_brand = 'Brand#24'::bpchar) AND (part.p_container = ANY ('{\"MED BAG\",\"MED BOX\",\"MED PKG\",\"MED PACK\"}'::bpchar[])) AND (l_quantity >= '20'::numeric) AND (l_quantity <= '30'::numeric) AND (part.p_size <= 10)) OR ((part.p_brand = 'Brand#53'::bpchar) AND (part.p_container = ANY ('{\"LG CASE\",\"LG BOX\",\"LG PACK\",\"LG PKG\"}'::bpchar[])) AND (l_quantity >= '28'::numeric) AND (l_quantity <= '38'::numeric) AND (part.p_size <= 15))))","Rows Removed by Filter": 29,"Workers": []}]}]}]}]},"Planning Time": 5.926,"Triggers": [],"Execution Time": 95.981}]
[{"Plan": {"Node Type": "Aggregate","Strategy": "Plain","Partial Mode": "Finalize","Parallel Aware": false,"Async Capable": false,"Startup Cost": 34087.69,"Total Cost": 34087.70,"Plan Rows": 1,"Plan Width": 32,"Actual Startup Time": 81.285,"Actual Total Time": 97.028,"Actual Rows": 1,"Actual Loops": 1,"Plans": [{"Node Type": "Gather","Parent Relationship": "Outer","Parallel Aware": false,"Async Capable": false,"Startup Cost": 34087.47,"Total Cost": 34087.68,"Plan Rows": 2,"Plan Width": 32,"Actual Startup Time": 80.803,"Actual Total Time": 96.995,"Actual Rows": 3,"Actual Loops": 1,"Workers Planned": 2,"Workers Launched": 2,"Single Copy": false,"Plans": [{"Node Type": "Aggregate","Strategy": "Plain","Partial Mode": "Partial","Parent Relationship": "Outer","Parallel Aware": false,"Async Capable": false,"Startup Cost": 33087.47,"Total Cost": 33087.48,"Plan Rows": 1,"Plan Width": 32,"Actual Startup Time": 74.644,"Actual Total Time": 74.647,"Actual Rows": 1,"Actual Loops": 3,"Workers": [],"Plans": [{"Node Type": "Nested Loop","Parent Relationship": "Outer","Parallel Aware": false,"Async Capable": false,"Join Type": "Inner","Startup Cost": 0.43,"Total Cost": 33087.11,"Plan Rows": 48,"Plan Width": 12,"Actual Startup Time": 5.655,"Actual Total Time": 74.593,"Actual Rows": 40,"Actual Loops": 3,"Inner Unique": false,"Workers": [],"Plans": [{"Node Type": "Seq Scan","Parent Relationship": "Outer","Parallel Aware": true,"Async Capable": false,"Relation Name": "part","Alias": "part","Startup Cost": 0.00,"Total Cost": 7638.67,"Plan Rows": 207,"Plan Width": 30,"Actual Startup Time": 0.807,"Actual Total Time": 30.979,"Actual Rows": 168,"Actual Loops": 3,"Filter": "((p_size >= 1) AND (((p_brand = 'Brand#34'::bpchar) AND (p_container = ANY ('{\"SM CASE\",\"SM BOX\",\"SM PACK\",\"SM PKG\"}'::bpchar[])) AND (p_size <= 5)) OR ((p_brand = 'Brand#41'::bpchar) AND (p_container = ANY ('{\"MED BAG\",\"MED BOX\",\"MED PKG\",\"MED PACK\"}'::bpchar[])) AND (p_size <= 10)) OR ((p_brand = 'Brand#15'::bpchar) AND (p_container = ANY ('{\"LG CASE\",\"LG BOX\",\"LG PACK\",\"LG PKG\"}'::bpchar[])) AND (p_size <= 15))))","Rows Removed by Filter": 66499,"Workers": []},{"Node Type": "Index Scan","Parent Relationship": "Inner","Parallel Aware": false,"Async Capable": false,"Scan Direction": "Forward","Index Name": "idx_lineitem_part_supp","Relation Name": "lineitem","Alias": "lineitem","Startup Cost": 0.43,"Total Cost": 122.93,"Plan Rows": 1,"Plan Width": 21,"Actual Startup Time": 0.232,"Actual Total Time": 0.260,"Actual Rows": 0,"Actual Loops": 503,"Index Cond": "(l_partkey = part.p_partkey)","Rows Removed by Index Recheck": 0,"Filter": "((l_shipmode = ANY ('{AIR,\"AIR REG\"}'::bpchar[])) AND (l_shipinstruct = 'DELIVER IN PERSON'::bpchar) AND (((l_quantity >= '2'::numeric) AND (l_quantity <= '12'::numeric)) OR ((l_quantity >= '16'::numeric) AND (l_quantity <= '26'::numeric)) OR ((l_quantity >= '28'::numeric) AND (l_quantity <= '38'::numeric))) AND (((part.p_brand = 'Brand#34'::bpchar) AND (part.p_container = ANY ('{\"SM CASE\",\"SM BOX\",\"SM PACK\",\"SM PKG\"}'::bpchar[])) AND (l_quantity >= '2'::numeric) AND (l_quantity <= '12'::numeric) AND (part.p_size <= 5)) OR ((part.p_brand = 'Brand#41'::bpchar) AND (part.p_container = ANY ('{\"MED BAG\",\"MED BOX\",\"MED PKG\",\"MED PACK\"}'::bpchar[])) AND (l_quantity >= '16'::numeric) AND (l_quantity <= '26'::numeric) AND (part.p_size <= 10)) OR ((part.p_brand = 'Brand#15'::bpchar) AND (part.p_container = ANY ('{\"LG CASE\",\"LG BOX\",\"LG PACK\",\"LG PKG\"}'::bpchar[])) AND (l_quantity >= '28'::numeric) AND (l_quantity <= '38'::numeric) AND (part.p_size <= 15))))","Rows Removed by Filter": 30,"Workers": []}]}]}]}]},"Planning Time": 5.939,"Triggers": [],"Execution Time": 97.275}]
[{"Plan": {"Node Type": "Aggregate","Strategy": "Plain","Partial Mode": "Finalize","Parallel Aware": false,"Async Capable": false,"Startup Cost": 33853.24,"Total Cost": 33853.25,"Plan Rows": 1,"Plan Width": 32,"Actual Startup Time": 87.247,"Actual Total Time": 102.591,"Actual Rows": 1,"Actual Loops": 1,"Plans": [{"Node Type": "Gather","Parent Relationship": "Outer","Parallel Aware": false,"Async Capable": false,"Startup Cost": 33853.02,"Total Cost": 33853.23,"Plan Rows": 2,"Plan Width": 32,"Actual Startup Time": 87.220,"Actual Total Time": 102.571,"Actual Rows": 3,"Actual Loops": 1,"Workers Planned": 2,"Workers Launched": 2,"Single Copy": false,"Plans": [{"Node Type": "Aggregate","Strategy": "Plain","Partial Mode": "Partial","Parent Relationship": "Outer","Parallel Aware": false,"Async Capable": false,"Startup Cost": 32853.02,"Total Cost": 32853.03,"Plan Rows": 1,"Plan Width": 32,"Actual Startup Time": 80.309,"Actual Total Time": 80.312,"Actual Rows": 1,"Actual Loops": 3,"Workers": [],"Plans": [{"Node Type": "Nested Loop","Parent Relationship": "Outer","Parallel Aware": false,"Async Capable": false,"Join Type": "Inner","Startup Cost": 0.43,"Total Cost": 32852.66,"Plan Rows": 48,"Plan Width": 12,"Actual Startup Time": 5.035,"Actual Total Time": 80.265,"Actual Rows": 42,"Actual Loops": 3,"Inner Unique": false,"Workers": [],"Plans": [{"Node Type": "Seq Scan","Parent Relationship": "Outer","Parallel Aware": true,"Async Capable": false,"Relation Name": "part","Alias": "part","Startup Cost": 0.00,"Total Cost": 7638.67,"Plan Rows": 205,"Plan Width": 30,"Actual Startup Time": 1.427,"Actual Total Time": 35.478,"Actual Rows": 163,"Actual Loops": 3,"Filter": "((p_size >= 1) AND (((p_brand = 'Brand#34'::bpchar) AND (p_container = ANY ('{\"SM CASE\",\"SM BOX\",\"SM PACK\",\"SM PKG\"}'::bpchar[])) AND (p_size <= 5)) OR ((p_brand = 'Brand#54'::bpchar) AND (p_container = ANY ('{\"MED BAG\",\"MED BOX\",\"MED PKG\",\"MED PACK\"}'::bpchar[])) AND (p_size <= 10)) OR ((p_brand = 'Brand#42'::bpchar) AND (p_container = ANY ('{\"LG CASE\",\"LG BOX\",\"LG PACK\",\"LG PKG\"}'::bpchar[])) AND (p_size <= 15))))","Rows Removed by Filter": 66504,"Workers": []},{"Node Type": "Index Scan","Parent Relationship": "Inner","Parallel Aware": false,"Async Capable": false,"Scan Direction": "Forward","Index Name": "idx_lineitem_part_supp","Relation Name": "lineitem","Alias": "lineitem","Startup Cost": 0.43,"Total Cost": 122.99,"Plan Rows": 1,"Plan Width": 21,"Actual Startup Time": 0.245,"Actual Total Time": 0.274,"Actual Rows": 0,"Actual Loops": 489,"Index Cond": "(l_partkey = part.p_partkey)","Rows Removed by Index Recheck": 0,"Filter": "((l_shipmode = ANY ('{AIR,\"AIR REG\"}'::bpchar[])) AND (l_shipinstruct = 'DELIVER IN PERSON'::bpchar) AND (((l_quantity >= '2'::numeric) AND (l_quantity <= '12'::numeric)) OR ((l_quantity >= '13'::numeric) AND (l_quantity <= '23'::numeric)) OR ((l_quantity >= '22'::numeric) AND (l_quantity <= '32'::numeric))) AND (((part.p_brand = 'Brand#34'::bpchar) AND (part.p_container = ANY ('{\"SM CASE\",\"SM BOX\",\"SM PACK\",\"SM PKG\"}'::bpchar[])) AND (l_quantity >= '2'::numeric) AND (l_quantity <= '12'::numeric) AND (part.p_size <= 5)) OR ((part.p_brand = 'Brand#54'::bpchar) AND (part.p_container = ANY ('{\"MED BAG\",\"MED BOX\",\"MED PKG\",\"MED PACK\"}'::bpchar[])) AND (l_quantity >= '13'::numeric) AND (l_quantity <= '23'::numeric) AND (part.p_size <= 10)) OR ((part.p_brand = 'Brand#42'::bpchar) AND (part.p_container = ANY ('{\"LG CASE\",\"LG BOX\",\"LG PACK\",\"LG PKG\"}'::bpchar[])) AND (l_quantity >= '22'::numeric) AND (l_quantity <= '32'::numeric) AND (part.p_size <= 15))))","Rows Removed by Filter": 30,"Workers": []}]}]}]}]},"Planning Time": 5.970,"Triggers": [],"Execution Time": 102.798}]
[{"Plan": {"Node Type": "Aggregate","Strategy": "Plain","Partial Mode": "Finalize","Parallel Aware": false,"Async Capable": false,"Startup Cost": 34287.76,"Total Cost": 34287.77,"Plan Rows": 1,"Plan Width": 32,"Actual Startup Time": 87.992,"Actual Total Time": 103.119,"Actual Rows": 1,"Actual Loops": 1,"Plans": [{"Node Type": "Gather","Parent Relationship": "Outer","Parallel Aware": false,"Async Capable": false,"Startup Cost": 34287.54,"Total Cost": 34287.75,"Plan Rows": 2,"Plan Width": 32,"Actual Startup Time": 87.946,"Actual Total Time": 103.083,"Actual Rows": 3,"Actual Loops": 1,"Workers Planned": 2,"Workers Launched": 2,"Single Copy": false,"Plans": [{"Node Type": "Aggregate","Strategy": "Plain","Partial Mode": "Partial","Parent Relationship": "Outer","Parallel Aware": false,"Async Capable": false,"Startup Cost": 33287.54,"Total Cost": 33287.55,"Plan Rows": 1,"Plan Width": 32,"Actual Startup Time": 81.208,"Actual Total Time": 81.210,"Actual Rows": 1,"Actual Loops": 3,"Workers": [],"Plans": [{"Node Type": "Nested Loop","Parent Relationship": "Outer","Parallel Aware": false,"Async Capable": false,"Join Type": "Inner","Startup Cost": 4.54,"Total Cost": 33287.17,"Plan Rows": 49,"Plan Width": 12,"Actual Startup Time": 8.511,"Actual Total Time": 81.162,"Actual Rows": 36,"Actual Loops": 3,"Inner Unique": false,"Workers": [],"Plans": [{"Node Type": "Seq Scan","Parent Relationship": "Outer","Parallel Aware": true,"Async Capable": false,"Relation Name": "part","Alias": "part","Startup Cost": 0.00,"Total Cost": 7638.67,"Plan Rows": 211,"Plan Width": 30,"Actual Startup Time": 0.640,"Actual Total Time": 34.250,"Actual Rows": 162,"Actual Loops": 3,"Filter": "((p_size >= 1) AND (((p_brand = 'Brand#51'::bpchar) AND (p_container = ANY ('{\"SM CASE\",\"SM BOX\",\"SM PACK\",\"SM PKG\"}'::bpchar[])) AND (p_size <= 5)) OR ((p_brand = 'Brand#33'::bpchar) AND (p_container = ANY ('{\"MED BAG\",\"MED BOX\",\"MED PKG\",\"MED PACK\"}'::bpchar[])) AND (p_size <= 10)) OR ((p_brand = 'Brand#42'::bpchar) AND (p_container = ANY ('{\"LG CASE\",\"LG BOX\",\"LG PACK\",\"LG PKG\"}'::bpchar[])) AND (p_size <= 15))))","Rows Removed by Filter": 66505,"Workers": []},{"Node Type": "Bitmap Heap Scan","Parent Relationship": "Inner","Parallel Aware": false,"Async Capable": false,"Relation Name": "lineitem","Alias": "lineitem","Startup Cost": 4.54,"Total Cost": 121.55,"Plan Rows": 1,"Plan Width": 21,"Actual Startup Time": 0.263,"Actual Total Time": 0.288,"Actual Rows": 0,"Actual Loops": 486,"Recheck Cond": "(l_partkey = part.p_partkey)","Rows Removed by Index Recheck": 0,"Filter": "((l_shipmode = ANY ('{AIR,\"AIR REG\"}'::bpchar[])) AND (l_shipinstruct = 'DELIVER IN PERSON'::bpchar) AND (((l_quantity >= '2'::numeric) AND (l_quantity <= '12'::numeric)) OR ((l_quantity >= '14'::numeric) AND (l_quantity <= '24'::numeric)) OR ((l_quantity >= '20'::numeric) AND (l_quantity <= '30'::numeric))) AND (((part.p_brand = 'Brand#51'::bpchar) AND (part.p_container = ANY ('{\"SM CASE\",\"SM BOX\",\"SM PACK\",\"SM PKG\"}'::bpchar[])) AND (l_quantity >= '2'::numeric) AND (l_quantity <= '12'::numeric) AND (part.p_size <= 5)) OR ((part.p_brand = 'Brand#33'::bpchar) AND (part.p_container = ANY ('{\"MED BAG\",\"MED BOX\",\"MED PKG\",\"MED PACK\"}'::bpchar[])) AND (l_quantity >= '14'::numeric) AND (l_quantity <= '24'::numeric) AND (part.p_size <= 10)) OR ((part.p_brand = 'Brand#42'::bpchar) AND (part.p_container = ANY ('{\"LG CASE\",\"LG BOX\",\"LG PACK\",\"LG PKG\"}'::bpchar[])) AND (l_quantity >= '20'::numeric) AND (l_quantity <= '30'::numeric) AND (part.p_size <= 15))))","Rows Removed by Filter": 30,"Exact Heap Blocks": 5050,"Lossy Heap Blocks": 0,"Workers": [],"Plans": [{"Node Type": "Bitmap Index Scan","Parent Relationship": "Outer","Parallel Aware": false,"Async Capable": false,"Index Name": "idx_lineitem_part_supp","Startup Cost": 0.00,"Total Cost": 4.54,"Plan Rows": 31,"Plan Width": 0,"Actual Startup Time": 0.011,"Actual Total Time": 0.011,"Actual Rows": 30,"Actual Loops": 486,"Index Cond": "(l_partkey = part.p_partkey)","Workers": []}]}]}]}]}]},"Planning Time": 5.916,"Triggers": [],"Execution Time": 103.315}]
[{"Plan": {"Node Type": "Aggregate","Strategy": "Plain","Partial Mode": "Finalize","Parallel Aware": false,"Async Capable": false,"Startup Cost": 33627.43,"Total Cost": 33627.44,"Plan Rows": 1,"Plan Width": 32,"Actual Startup Time": 85.731,"Actual Total Time": 100.569,"Actual Rows": 1,"Actual Loops": 1,"Plans": [{"Node Type": "Gather","Parent Relationship": "Outer","Parallel Aware": false,"Async Capable": false,"Startup Cost": 33627.21,"Total Cost": 33627.42,"Plan Rows": 2,"Plan Width": 32,"Actual Startup Time": 85.531,"Actual Total Time": 100.541,"Actual Rows": 3,"Actual Loops": 1,"Workers Planned": 2,"Workers Launched": 2,"Single Copy": false,"Plans": [{"Node Type": "Aggregate","Strategy": "Plain","Partial Mode": "Partial","Parent Relationship": "Outer","Parallel Aware": false,"Async Capable": false,"Startup Cost": 32627.21,"Total Cost": 32627.22,"Plan Rows": 1,"Plan Width": 32,"Actual Startup Time": 78.539,"Actual Total Time": 78.541,"Actual Rows": 1,"Actual Loops": 3,"Workers": [],"Plans": [{"Node Type": "Nested Loop","Parent Relationship": "Outer","Parallel Aware": false,"Async Capable": false,"Join Type": "Inner","Startup Cost": 0.43,"Total Cost": 32626.86,"Plan Rows": 47,"Plan Width": 12,"Actual Startup Time": 2.040,"Actual Total Time": 78.501,"Actual Rows": 38,"Actual Loops": 3,"Inner Unique": false,"Workers": [],"Plans": [{"Node Type": "Seq Scan","Parent Relationship": "Outer","Parallel Aware": true,"Async Capable": false,"Relation Name": "part","Alias": "part","Startup Cost": 0.00,"Total Cost": 7638.67,"Plan Rows": 203,"Plan Width": 30,"Actual Startup Time": 0.653,"Actual Total Time": 34.359,"Actual Rows": 160,"Actual Loops": 3,"Filter": "((p_size >= 1) AND (((p_brand = 'Brand#44'::bpchar) AND (p_container = ANY ('{\"SM CASE\",\"SM BOX\",\"SM PACK\",\"SM PKG\"}'::bpchar[])) AND (p_size <= 5)) OR ((p_brand = 'Brand#12'::bpchar) AND (p_container = ANY ('{\"MED BAG\",\"MED BOX\",\"MED PKG\",\"MED PACK\"}'::bpchar[])) AND (p_size <= 10)) OR ((p_brand = 'Brand#14'::bpchar) AND (p_container = ANY ('{\"LG CASE\",\"LG BOX\",\"LG PACK\",\"LG PKG\"}'::bpchar[])) AND (p_size <= 15))))","Rows Removed by Filter": 66506,"Workers": []},{"Node Type": "Index Scan","Parent Relationship": "Inner","Parallel Aware": false,"Async Capable": false,"Scan Direction": "Forward","Index Name": "idx_lineitem_part_supp","Relation Name": "lineitem","Alias": "lineitem","Startup Cost": 0.43,"Total Cost": 123.08,"Plan Rows": 1,"Plan Width": 21,"Actual Startup Time": 0.243,"Actual Total Time": 0.275,"Actual Rows": 0,"Actual Loops": 481,"Index Cond": "(l_partkey = part.p_partkey)","Rows Removed by Index Recheck": 0,"Filter": "((l_shipmode = ANY ('{AIR,\"AIR REG\"}'::bpchar[])) AND (l_shipinstruct = 'DELIVER IN PERSON'::bpchar) AND (((l_quantity >= '8'::numeric) AND (l_quantity <= '18'::numeric)) OR ((l_quantity >= '11'::numeric) AND (l_quantity <= '21'::numeric)) OR ((l_quantity >= '24'::numeric) AND (l_quantity <= '34'::numeric))) AND (((part.p_brand = 'Brand#44'::bpchar) AND (part.p_container = ANY ('{\"SM CASE\",\"SM BOX\",\"SM PACK\",\"SM PKG\"}'::bpchar[])) AND (l_quantity >= '8'::numeric) AND (l_quantity <= '18'::numeric) AND (part.p_size <= 5)) OR ((part.p_brand = 'Brand#12'::bpchar) AND (part.p_container = ANY ('{\"MED BAG\",\"MED BOX\",\"MED PKG\",\"MED PACK\"}'::bpchar[])) AND (l_quantity >= '11'::numeric) AND (l_quantity <= '21'::numeric) AND (part.p_size <= 10)) OR ((part.p_brand = 'Brand#14'::bpchar) AND (part.p_container = ANY ('{\"LG CASE\",\"LG BOX\",\"LG PACK\",\"LG PKG\"}'::bpchar[])) AND (l_quantity >= '24'::numeric) AND (l_quantity <= '34'::numeric) AND (part.p_size <= 15))))","Rows Removed by Filter": 30,"Workers": []}]}]}]}]},"Planning Time": 5.756,"Triggers": [],"Execution Time": 100.737}]
[{"Plan": {"Node Type": "Aggregate","Strategy": "Plain","Partial Mode": "Finalize","Parallel Aware": false,"Async Capable": false,"Startup Cost": 33046.03,"Total Cost": 33046.04,"Plan Rows": 1,"Plan Width": 32,"Actual Startup Time": 80.189,"Actual Total Time": 94.660,"Actual Rows": 1,"Actual Loops": 1,"Plans": [{"Node Type": "Gather","Parent Relationship": "Outer","Parallel Aware": false,"Async Capable": false,"Startup Cost": 33045.80,"Total Cost": 33046.01,"Plan Rows": 2,"Plan Width": 32,"Actual Startup Time": 80.127,"Actual Total Time": 94.603,"Actual Rows": 3,"Actual Loops": 1,"Workers Planned": 2,"Workers Launched": 2,"Single Copy": false,"Plans": [{"Node Type": "Aggregate","Strategy": "Plain","Partial Mode": "Partial","Parent Relationship": "Outer","Parallel Aware": false,"Async Capable": false,"Startup Cost": 32045.80,"Total Cost": 32045.81,"Plan Rows": 1,"Plan Width": 32,"Actual Startup Time": 73.852,"Actual Total Time": 73.854,"Actual Rows": 1,"Actual Loops": 3,"Workers": [],"Plans": [{"Node Type": "Nested Loop","Parent Relationship": "Outer","Parallel Aware": false,"Async Capable": false,"Join Type": "Inner","Startup Cost": 0.43,"Total Cost": 32045.46,"Plan Rows": 46,"Plan Width": 12,"Actual Startup Time": 1.376,"Actual Total Time": 73.810,"Actual Rows": 43,"Actual Loops": 3,"Inner Unique": false,"Workers": [],"Plans": [{"Node Type": "Seq Scan","Parent Relationship": "Outer","Parallel Aware": true,"Async Capable": false,"Relation Name": "part","Alias": "part","Startup Cost": 0.00,"Total Cost": 7638.67,"Plan Rows": 198,"Plan Width": 30,"Actual Startup Time": 0.584,"Actual Total Time": 31.017,"Actual Rows": 163,"Actual Loops": 3,"Filter": "((p_size >= 1) AND (((p_brand = 'Brand#44'::bpchar) AND (p_container = ANY ('{\"SM CASE\",\"SM BOX\",\"SM PACK\",\"SM PKG\"}'::bpchar[])) AND (p_size <= 5)) OR ((p_brand = 'Brand#53'::bpchar) AND (p_container = ANY ('{\"MED BAG\",\"MED BOX\",\"MED PKG\",\"MED PACK\"}'::bpchar[])) AND (p_size <= 10)) OR ((p_brand = 'Brand#25'::bpchar) AND (p_container = ANY ('{\"LG CASE\",\"LG BOX\",\"LG PACK\",\"LG PKG\"}'::bpchar[])) AND (p_size <= 15))))","Rows Removed by Filter": 66504,"Workers": []},{"Node Type": "Index Scan","Parent Relationship": "Inner","Parallel Aware": false,"Async Capable": false,"Scan Direction": "Forward","Index Name": "idx_lineitem_part_supp","Relation Name": "lineitem","Alias": "lineitem","Startup Cost": 0.43,"Total Cost": 123.26,"Plan Rows": 1,"Plan Width": 21,"Actual Startup Time": 0.229,"Actual Total Time": 0.262,"Actual Rows": 0,"Actual Loops": 489,"Index Cond": "(l_partkey = part.p_partkey)","Rows Removed by Index Recheck": 0,"Filter": "((l_shipmode = ANY ('{AIR,\"AIR REG\"}'::bpchar[])) AND (l_shipinstruct = 'DELIVER IN PERSON'::bpchar) AND (((l_quantity >= '9'::numeric) AND (l_quantity <= '19'::numeric)) OR ((l_quantity >= '20'::numeric) AND (l_quantity <= '30'::numeric)) OR ((l_quantity >= '29'::numeric) AND (l_quantity <= '39'::numeric))) AND (((part.p_brand = 'Brand#44'::bpchar) AND (part.p_container = ANY ('{\"SM CASE\",\"SM BOX\",\"SM PACK\",\"SM PKG\"}'::bpchar[])) AND (l_quantity >= '9'::numeric) AND (l_quantity <= '19'::numeric) AND (part.p_size <= 5)) OR ((part.p_brand = 'Brand#53'::bpchar) AND (part.p_container = ANY ('{\"MED BAG\",\"MED BOX\",\"MED PKG\",\"MED PACK\"}'::bpchar[])) AND (l_quantity >= '20'::numeric) AND (l_quantity <= '30'::numeric) AND (part.p_size <= 10)) OR ((part.p_brand = 'Brand#25'::bpchar) AND (part.p_container = ANY ('{\"LG CASE\",\"LG BOX\",\"LG PACK\",\"LG PKG\"}'::bpchar[])) AND (l_quantity >= '29'::numeric) AND (l_quantity <= '39'::numeric) AND (part.p_size <= 15))))","Rows Removed by Filter": 29,"Workers": []}]}]}]}]},"Planning Time": 5.320,"Triggers": [],"Execution Time": 94.857}]
[{"Plan": {"Node Type": "Aggregate","Strategy": "Plain","Partial Mode": "Finalize","Parallel Aware": false,"Async Capable": false,"Startup Cost": 34084.94,"Total Cost": 34084.95,"Plan Rows": 1,"Plan Width": 32,"Actual Startup Time": 81.656,"Actual Total Time": 95.608,"Actual Rows": 1,"Actual Loops": 1,"Plans": [{"Node Type": "Gather","Parent Relationship": "Outer","Parallel Aware": false,"Async Capable": false,"Startup Cost": 34084.71,"Total Cost": 34084.92,"Plan Rows": 2,"Plan Width": 32,"Actual Startup Time": 81.454,"Actual Total Time": 95.580,"Actual Rows": 3,"Actual Loops": 1,"Workers Planned": 2,"Workers Launched": 2,"Single Copy": false,"Plans": [{"Node Type": "Aggregate","Strategy": "Plain","Partial Mode": "Partial","Parent Relationship": "Outer","Parallel Aware": false,"Async Capable": false,"Startup Cost": 33084.71,"Total Cost": 33084.72,"Plan Rows": 1,"Plan Width": 32,"Actual Startup Time": 74.937,"Actual Total Time": 74.939,"Actual Rows": 1,"Actual Loops": 3,"Workers": [],"Plans": [{"Node Type": "Nested Loop","Parent Relationship": "Outer","Parallel Aware": false,"Async Capable": false,"Join Type": "Inner","Startup Cost": 0.43,"Total Cost": 33084.35,"Plan Rows": 48,"Plan Width": 12,"Actual Startup Time": 6.264,"Actual Total Time": 74.889,"Actual Rows": 36,"Actual Loops": 3,"Inner Unique": false,"Workers": [],"Plans": [{"Node Type": "Seq Scan","Parent Relationship": "Outer","Parallel Aware": true,"Async Capable": false,"Relation Name": "part","Alias": "part","Startup Cost": 0.00,"Total Cost": 7638.67,"Plan Rows": 207,"Plan Width": 30,"Actual Startup Time": 0.483,"Actual Total Time": 32.724,"Actual Rows": 159,"Actual Loops": 3,"Filter": "((p_size >= 1) AND (((p_brand = 'Brand#55'::bpchar) AND (p_container = ANY ('{\"SM CASE\",\"SM BOX\",\"SM PACK\",\"SM PKG\"}'::bpchar[])) AND (p_size <= 5)) OR ((p_brand = 'Brand#33'::bpchar) AND (p_container = ANY ('{\"MED BAG\",\"MED BOX\",\"MED PKG\",\"MED PACK\"}'::bpchar[])) AND (p_size <= 10)) OR ((p_brand = 'Brand#53'::bpchar) AND (p_container = ANY ('{\"LG CASE\",\"LG BOX\",\"LG PACK\",\"LG PKG\"}'::bpchar[])) AND (p_size <= 15))))","Rows Removed by Filter": 66507,"Workers": []},{"Node Type": "Index Scan","Parent Relationship": "Inner","Parallel Aware": false,"Async Capable": false,"Scan Direction": "Forward","Index Name": "idx_lineitem_part_supp","Relation Name": "lineitem","Alias": "lineitem","Startup Cost": 0.43,"Total Cost": 122.92,"Plan Rows": 1,"Plan Width": 21,"Actual Startup Time": 0.236,"Actual Total Time": 0.264,"Actual Rows": 0,"Actual Loops": 478,"Index Cond": "(l_partkey = part.p_partkey)","Rows Removed by Index Recheck": 0,"Filter": "((l_shipmode = ANY ('{AIR,\"AIR REG\"}'::bpchar[])) AND (l_shipinstruct = 'DELIVER IN PERSON'::bpchar) AND (((l_quantity >= '10'::numeric) AND (l_quantity <= '20'::numeric)) OR ((l_quantity >= '14'::numeric) AND (l_quantity <= '24'::numeric)) OR ((l_quantity >= '27'::numeric) AND (l_quantity <= '37'::numeric))) AND (((part.p_brand = 'Brand#55'::bpchar) AND (part.p_container = ANY ('{\"SM CASE\",\"SM BOX\",\"SM PACK\",\"SM PKG\"}'::bpchar[])) AND (l_quantity >= '10'::numeric) AND (l_quantity <= '20'::numeric) AND (part.p_size <= 5)) OR ((part.p_brand = 'Brand#33'::bpchar) AND (part.p_container = ANY ('{\"MED BAG\",\"MED BOX\",\"MED PKG\",\"MED PACK\"}'::bpchar[])) AND (l_quantity >= '14'::numeric) AND (l_quantity <= '24'::numeric) AND (part.p_size <= 10)) OR ((part.p_brand = 'Brand#53'::bpchar) AND (part.p_container = ANY ('{\"LG CASE\",\"LG BOX\",\"LG PACK\",\"LG PKG\"}'::bpchar[])) AND (l_quantity >= '27'::numeric) AND (l_quantity <= '37'::numeric) AND (part.p_size <= 15))))","Rows Removed by Filter": 29,"Workers": []}]}]}]}]},"Planning Time": 6.428,"Triggers": [],"Execution Time": 95.819}]
[{"Plan": {"Node Type": "Aggregate","Strategy": "Plain","Partial Mode": "Finalize","Parallel Aware": false,"Async Capable": false,"Startup Cost": 33623.22,"Total Cost": 33623.23,"Plan Rows": 1,"Plan Width": 32,"Actual Startup Time": 87.012,"Actual Total Time": 102.515,"Actual Rows": 1,"Actual Loops": 1,"Plans": [{"Node Type": "Gather","Parent Relationship": "Outer","Parallel Aware": false,"Async Capable": false,"Startup Cost": 33623.00,"Total Cost": 33623.21,"Plan Rows": 2,"Plan Width": 32,"Actual Startup Time": 86.865,"Actual Total Time": 102.487,"Actual Rows": 3,"Actual Loops": 1,"Workers Planned": 2,"Workers Launched": 2,"Single Copy": false,"Plans": [{"Node Type": "Aggregate","Strategy": "Plain","Partial Mode": "Partial","Parent Relationship": "Outer","Parallel Aware": false,"Async Capable": false,"Startup Cost": 32623.00,"Total Cost": 32623.01,"Plan Rows": 1,"Plan Width": 32,"Actual Startup Time": 80.196,"Actual Total Time": 80.197,"Actual Rows": 1,"Actual Loops": 3,"Workers": [],"Plans": [{"Node Type": "Nested Loop","Parent Relationship": "Outer","Parallel Aware": false,"Async Capable": false,"Join Type": "Inner","Startup Cost": 0.43,"Total Cost": 32622.64,"Plan Rows": 47,"Plan Width": 12,"Actual Startup Time": 2.159,"Actual Total Time": 80.156,"Actual Rows": 35,"Actual Loops": 3,"Inner Unique": false,"Workers": [],"Plans": [{"Node Type": "Seq Scan","Parent Relationship": "Outer","Parallel Aware": true,"Async Capable": false,"Relation Name": "part","Alias": "part","Startup Cost": 0.00,"Total Cost": 7638.67,"Plan Rows": 203,"Plan Width": 30,"Actual Startup Time": 0.263,"Actual Total Time": 34.790,"Actual Rows": 164,"Actual Loops": 3,"Filter": "((p_size >= 1) AND (((p_brand = 'Brand#42'::bpchar) AND (p_container = ANY ('{\"SM CASE\",\"SM BOX\",\"SM PACK\",\"SM PKG\"}'::bpchar[])) AND (p_size <= 5)) OR ((p_brand = 'Brand#35'::bpchar) AND (p_container = ANY ('{\"MED BAG\",\"MED BOX\",\"MED PKG\",\"MED PACK\"}'::bpchar[])) AND (p_size <= 10)) OR ((p_brand = 'Brand#44'::bpchar) AND (p_container = ANY ('{\"LG CASE\",\"LG BOX\",\"LG PACK\",\"LG PKG\"}'::bpchar[])) AND (p_size <= 15))))","Rows Removed by Filter": 66502,"Workers": []},{"Node Type": "Index Scan","Parent Relationship": "Inner","Parallel Aware": false,"Async Capable": false,"Scan Direction": "Forward","Index Name": "idx_lineitem_part_supp","Relation Name": "lineitem","Alias": "lineitem","Startup Cost": 0.43,"Total Cost": 123.06,"Plan Rows": 1,"Plan Width": 21,"Actual Startup Time": 0.247,"Actual Total Time": 0.276,"Actual Rows": 0,"Actual Loops": 493,"Index Cond": "(l_partkey = part.p_partkey)","Rows Removed by Index Recheck": 0,"Filter": "((l_shipmode = ANY ('{AIR,\"AIR REG\"}'::bpchar[])) AND (l_shipinstruct = 'DELIVER IN PERSON'::bpchar) AND (((l_quantity >= '2'::numeric) AND (l_quantity <= '12'::numeric)) OR ((l_quantity >= '15'::numeric) AND (l_quantity <= '25'::numeric)) OR ((l_quantity >= '22'::numeric) AND (l_quantity <= '32'::numeric))) AND (((part.p_brand = 'Brand#42'::bpchar) AND (part.p_container = ANY ('{\"SM CASE\",\"SM BOX\",\"SM PACK\",\"SM PKG\"}'::bpchar[])) AND (l_quantity >= '2'::numeric) AND (l_quantity <= '12'::numeric) AND (part.p_size <= 5)) OR ((part.p_brand = 'Brand#35'::bpchar) AND (part.p_container = ANY ('{\"MED BAG\",\"MED BOX\",\"MED PKG\",\"MED PACK\"}'::bpchar[])) AND (l_quantity >= '15'::numeric) AND (l_quantity <= '25'::numeric) AND (part.p_size <= 10)) OR ((part.p_brand = 'Brand#44'::bpchar) AND (part.p_container = ANY ('{\"LG CASE\",\"LG BOX\",\"LG PACK\",\"LG PKG\"}'::bpchar[])) AND (l_quantity >= '22'::numeric) AND (l_quantity <= '32'::numeric) AND (part.p_size <= 15))))","Rows Removed by Filter": 30,"Workers": []}]}]}]}]},"Planning Time": 4.895,"Triggers": [],"Execution Time": 102.679}]
[{"Plan": {"Node Type": "Aggregate","Strategy": "Plain","Partial Mode": "Finalize","Parallel Aware": false,"Async Capable": false,"Startup Cost": 33625.35,"Total Cost": 33625.36,"Plan Rows": 1,"Plan Width": 32,"Actual Startup Time": 81.458,"Actual Total Time": 95.232,"Actual Rows": 1,"Actual Loops": 1,"Plans": [{"Node Type": "Gather","Parent Relationship": "Outer","Parallel Aware": false,"Async Capable": false,"Startup Cost": 33625.13,"Total Cost": 33625.34,"Plan Rows": 2,"Plan Width": 32,"Actual Startup Time": 81.213,"Actual Total Time": 95.205,"Actual Rows": 3,"Actual Loops": 1,"Workers Planned": 2,"Workers Launched": 2,"Single Copy": false,"Plans": [{"Node Type": "Aggregate","Strategy": "Plain","Partial Mode": "Partial","Parent Relationship": "Outer","Parallel Aware": false,"Async Capable": false,"Startup Cost": 32625.13,"Total Cost": 32625.14,"Plan Rows": 1,"Plan Width": 32,"Actual Startup Time": 74.684,"Actual Total Time": 74.687,"Actual Rows": 1,"Actual Loops": 3,"Workers": [],"Plans": [{"Node Type": "Nested Loop","Parent Relationship": "Outer","Parallel Aware": false,"Async Capable": false,"Join Type": "Inner","Startup Cost": 0.43,"Total Cost": 32624.78,"Plan Rows": 47,"Plan Width": 12,"Actual Startup Time": 4.461,"Actual Total Time": 74.637,"Actual Rows": 42,"Actual Loops": 3,"Inner Unique": false,"Workers": [],"Plans": [{"Node Type": "Seq Scan","Parent Relationship": "Outer","Parallel Aware": true,"Async Capable": false,"Relation Name": "part","Alias": "part","Startup Cost": 0.00,"Total Cost": 7638.67,"Plan Rows": 203,"Plan Width": 30,"Actual Startup Time": 0.285,"Actual Total Time": 32.412,"Actual Rows": 161,"Actual Loops": 3,"Filter": "((p_size >= 1) AND (((p_brand = 'Brand#32'::bpchar) AND (p_container = ANY ('{\"SM CASE\",\"SM BOX\",\"SM PACK\",\"SM PKG\"}'::bpchar[])) AND (p_size <= 5)) OR ((p_brand = 'Brand#34'::bpchar) AND (p_container = ANY ('{\"MED BAG\",\"MED BOX\",\"MED PKG\",\"MED PACK\"}'::bpchar[])) AND (p_size <= 10)) OR ((p_brand = 'Brand#31'::bpchar) AND (p_container = ANY ('{\"LG CASE\",\"LG BOX\",\"LG PACK\",\"LG PKG\"}'::bpchar[])) AND (p_size <= 15))))","Rows Removed by Filter": 66506,"Workers": []},{"Node Type": "Index Scan","Parent Relationship": "Inner","Parallel Aware": false,"Async Capable": false,"Scan Direction": "Forward","Index Name": "idx_lineitem_part_supp","Relation Name": "lineitem","Alias": "lineitem","Startup Cost": 0.43,"Total Cost": 123.07,"Plan Rows": 1,"Plan Width": 21,"Actual Startup Time": 0.232,"Actual Total Time": 0.262,"Actual Rows": 0,"Actual Loops": 483,"Index Cond": "(l_partkey = part.p_partkey)","Rows Removed by Index Recheck": 0,"Filter": "((l_shipmode = ANY ('{AIR,\"AIR REG\"}'::bpchar[])) AND (l_shipinstruct = 'DELIVER IN PERSON'::bpchar) AND (((l_quantity >= '9'::numeric) AND (l_quantity <= '19'::numeric)) OR ((l_quantity >= '19'::numeric) AND (l_quantity <= '29'::numeric)) OR ((l_quantity >= '22'::numeric) AND (l_quantity <= '32'::numeric))) AND (((part.p_brand = 'Brand#32'::bpchar) AND (part.p_container = ANY ('{\"SM CASE\",\"SM BOX\",\"SM PACK\",\"SM PKG\"}'::bpchar[])) AND (l_quantity >= '9'::numeric) AND (l_quantity <= '19'::numeric) AND (part.p_size <= 5)) OR ((part.p_brand = 'Brand#34'::bpchar) AND (part.p_container = ANY ('{\"MED BAG\",\"MED BOX\",\"MED PKG\",\"MED PACK\"}'::bpchar[])) AND (l_quantity >= '19'::numeric) AND (l_quantity <= '29'::numeric) AND (part.p_size <= 10)) OR ((part.p_brand = 'Brand#31'::bpchar) AND (part.p_container = ANY ('{\"LG CASE\",\"LG BOX\",\"LG PACK\",\"LG PKG\"}'::bpchar[])) AND (l_quantity >= '22'::numeric) AND (l_quantity <= '32'::numeric) AND (part.p_size <= 15))))","Rows Removed by Filter": 29,"Workers": []}]}]}]}]},"Planning Time": 6.280,"Triggers": [],"Execution Time": 95.436}]
[{"Plan": {"Node Type": "Aggregate","Strategy": "Plain","Partial Mode": "Finalize","Parallel Aware": false,"Async Capable": false,"Startup Cost": 33969.88,"Total Cost": 33969.89,"Plan Rows": 1,"Plan Width": 32,"Actual Startup Time": 86.242,"Actual Total Time": 101.482,"Actual Rows": 1,"Actual Loops": 1,"Plans": [{"Node Type": "Gather","Parent Relationship": "Outer","Parallel Aware": false,"Async Capable": false,"Startup Cost": 33969.66,"Total Cost": 33969.87,"Plan Rows": 2,"Plan Width": 32,"Actual Startup Time": 86.092,"Actual Total Time": 101.460,"Actual Rows": 3,"Actual Loops": 1,"Workers Planned": 2,"Workers Launched": 2,"Single Copy": false,"Plans": [{"Node Type": "Aggregate","Strategy": "Plain","Partial Mode": "Partial","Parent Relationship": "Outer","Parallel Aware": false,"Async Capable": false,"Startup Cost": 32969.66,"Total Cost": 32969.67,"Plan Rows": 1,"Plan Width": 32,"Actual Startup Time": 79.219,"Actual Total Time": 79.220,"Actual Rows": 1,"Actual Loops": 3,"Workers": [],"Plans": [{"Node Type": "Nested Loop","Parent Relationship": "Outer","Parallel Aware": false,"Async Capable": false,"Join Type": "Inner","Startup Cost": 0.43,"Total Cost": 32969.30,"Plan Rows": 48,"Plan Width": 12,"Actual Startup Time": 7.661,"Actual Total Time": 79.169,"Actual Rows": 47,"Actual Loops": 3,"Inner Unique": false,"Workers": [],"Plans": [{"Node Type": "Seq Scan","Parent Relationship": "Outer","Parallel Aware": true,"Async Capable": false,"Relation Name": "part","Alias": "part","Startup Cost": 0.00,"Total Cost": 7638.67,"Plan Rows": 206,"Plan Width": 30,"Actual Startup Time": 0.965,"Actual Total Time": 34.516,"Actual Rows": 162,"Actual Loops": 3,"Filter": "((p_size >= 1) AND (((p_brand = 'Brand#21'::bpchar) AND (p_container = ANY ('{\"SM CASE\",\"SM BOX\",\"SM PACK\",\"SM PKG\"}'::bpchar[])) AND (p_size <= 5)) OR ((p_brand = 'Brand#42'::bpchar) AND (p_container = ANY ('{\"MED BAG\",\"MED BOX\",\"MED PKG\",\"MED PACK\"}'::bpchar[])) AND (p_size <= 10)) OR ((p_brand = 'Brand#22'::bpchar) AND (p_container = ANY ('{\"LG CASE\",\"LG BOX\",\"LG PACK\",\"LG PKG\"}'::bpchar[])) AND (p_size <= 15))))","Rows Removed by Filter": 66505,"Workers": []},{"Node Type": "Index Scan","Parent Relationship": "Inner","Parallel Aware": false,"Async Capable": false,"Scan Direction": "Forward","Index Name": "idx_lineitem_part_supp","Relation Name": "lineitem","Alias": "lineitem","Startup Cost": 0.43,"Total Cost": 122.95,"Plan Rows": 1,"Plan Width": 21,"Actual Startup Time": 0.243,"Actual Total Time": 0.276,"Actual Rows": 0,"Actual Loops": 485,"Index Cond": "(l_partkey = part.p_partkey)","Rows Removed by Index Recheck": 0,"Filter": "((l_shipmode = ANY ('{AIR,\"AIR REG\"}'::bpchar[])) AND (l_shipinstruct = 'DELIVER IN PERSON'::bpchar) AND (((l_quantity >= '10'::numeric) AND (l_quantity <= '20'::numeric)) OR ((l_quantity >= '18'::numeric) AND (l_quantity <= '28'::numeric)) OR ((l_quantity >= '24'::numeric) AND (l_quantity <= '34'::numeric))) AND (((part.p_brand = 'Brand#21'::bpchar) AND (part.p_container = ANY ('{\"SM CASE\",\"SM BOX\",\"SM PACK\",\"SM PKG\"}'::bpchar[])) AND (l_quantity >= '10'::numeric) AND (l_quantity <= '20'::numeric) AND (part.p_size <= 5)) OR ((part.p_brand = 'Brand#42'::bpchar) AND (part.p_container = ANY ('{\"MED BAG\",\"MED BOX\",\"MED PKG\",\"MED PACK\"}'::bpchar[])) AND (l_quantity >= '18'::numeric) AND (l_quantity <= '28'::numeric) AND (part.p_size <= 10)) OR ((part.p_brand = 'Brand#22'::bpchar) AND (part.p_container = ANY ('{\"LG CASE\",\"LG BOX\",\"LG PACK\",\"LG PKG\"}'::bpchar[])) AND (l_quantity >= '24'::numeric) AND (l_quantity <= '34'::numeric) AND (part.p_size <= 15))))","Rows Removed by Filter": 30,"Workers": []}]}]}]}]},"Planning Time": 6.844,"Triggers": [],"Execution Time": 101.661}]
[{"Plan": {"Node Type": "Aggregate","Strategy": "Plain","Partial Mode": "Finalize","Parallel Aware": false,"Async Capable": false,"Startup Cost": 32927.30,"Total Cost": 32927.31,"Plan Rows": 1,"Plan Width": 32,"Actual Startup Time": 81.397,"Actual Total Time": 96.067,"Actual Rows": 1,"Actual Loops": 1,"Plans": [{"Node Type": "Gather","Parent Relationship": "Outer","Parallel Aware": false,"Async Capable": false,"Startup Cost": 32927.08,"Total Cost": 32927.29,"Plan Rows": 2,"Plan Width": 32,"Actual Startup Time": 81.367,"Actual Total Time": 96.041,"Actual Rows": 3,"Actual Loops": 1,"Workers Planned": 2,"Workers Launched": 2,"Single Copy": false,"Plans": [{"Node Type": "Aggregate","Strategy": "Plain","Partial Mode": "Partial","Parent Relationship": "Outer","Parallel Aware": false,"Async Capable": false,"Startup Cost": 31927.08,"Total Cost": 31927.09,"Plan Rows": 1,"Plan Width": 32,"Actual Startup Time": 74.718,"Actual Total Time": 74.720,"Actual Rows": 1,"Actual Loops": 3,"Workers": [],"Plans": [{"Node Type": "Nested Loop","Parent Relationship": "Outer","Parallel Aware": false,"Async Capable": false,"Join Type": "Inner","Startup Cost": 0.43,"Total Cost": 31926.73,"Plan Rows": 46,"Plan Width": 12,"Actual Startup Time": 3.716,"Actual Total Time": 74.681,"Actual Rows": 41,"Actual Loops": 3,"Inner Unique": false,"Workers": [],"Plans": [{"Node Type": "Seq Scan","Parent Relationship": "Outer","Parallel Aware": true,"Async Capable": false,"Relation Name": "part","Alias": "part","Startup Cost": 0.00,"Total Cost": 7638.67,"Plan Rows": 197,"Plan Width": 30,"Actual Startup Time": 0.282,"Actual Total Time": 30.931,"Actual Rows": 169,"Actual Loops": 3,"Filter": "((p_size >= 1) AND (((p_brand = 'Brand#24'::bpchar) AND (p_container = ANY ('{\"SM CASE\",\"SM BOX\",\"SM PACK\",\"SM PKG\"}'::bpchar[])) AND (p_size <= 5)) OR ((p_brand = 'Brand#52'::bpchar) AND (p_container = ANY ('{\"MED BAG\",\"MED BOX\",\"MED PKG\",\"MED PACK\"}'::bpchar[])) AND (p_size <= 10)) OR ((p_brand = 'Brand#32'::bpchar) AND (p_container = ANY ('{\"LG CASE\",\"LG BOX\",\"LG PACK\",\"LG PKG\"}'::bpchar[])) AND (p_size <= 15))))","Rows Removed by Filter": 66498,"Workers": []},{"Node Type": "Index Scan","Parent Relationship": "Inner","Parallel Aware": false,"Async Capable": false,"Scan Direction": "Forward","Index Name": "idx_lineitem_part_supp","Relation Name": "lineitem","Alias": "lineitem","Startup Cost": 0.43,"Total Cost": 123.28,"Plan Rows": 1,"Plan Width": 21,"Actual Startup Time": 0.234,"Actual Total Time": 0.259,"Actual Rows": 0,"Actual Loops": 506,"Index Cond": "(l_partkey = part.p_partkey)","Rows Removed by Index Recheck": 0,"Filter": "((l_shipmode = ANY ('{AIR,\"AIR REG\"}'::bpchar[])) AND (l_shipinstruct = 'DELIVER IN PERSON'::bpchar) AND (((l_quantity >= '8'::numeric) AND (l_quantity <= '18'::numeric)) OR ((l_quantity >= '15'::numeric) AND (l_quantity <= '25'::numeric)) OR ((l_quantity >= '23'::numeric) AND (l_quantity <= '33'::numeric))) AND (((part.p_brand = 'Brand#24'::bpchar) AND (part.p_container = ANY ('{\"SM CASE\",\"SM BOX\",\"SM PACK\",\"SM PKG\"}'::bpchar[])) AND (l_quantity >= '8'::numeric) AND (l_quantity <= '18'::numeric) AND (part.p_size <= 5)) OR ((part.p_brand = 'Brand#52'::bpchar) AND (part.p_container = ANY ('{\"MED BAG\",\"MED BOX\",\"MED PKG\",\"MED PACK\"}'::bpchar[])) AND (l_quantity >= '15'::numeric) AND (l_quantity <= '25'::numeric) AND (part.p_size <= 10)) OR ((part.p_brand = 'Brand#32'::bpchar) AND (part.p_container = ANY ('{\"LG CASE\",\"LG BOX\",\"LG PACK\",\"LG PKG\"}'::bpchar[])) AND (l_quantity >= '23'::numeric) AND (l_quantity <= '33'::numeric) AND (part.p_size <= 15))))","Rows Removed by Filter": 30,"Workers": []}]}]}]}]},"Planning Time": 5.995,"Triggers": [],"Execution Time": 96.308}]
[{"Plan": {"Node Type": "Aggregate","Strategy": "Plain","Partial Mode": "Finalize","Parallel Aware": false,"Async Capable": false,"Startup Cost": 33972.35,"Total Cost": 33972.36,"Plan Rows": 1,"Plan Width": 32,"Actual Startup Time": 81.657,"Actual Total Time": 96.242,"Actual Rows": 1,"Actual Loops": 1,"Plans": [{"Node Type": "Gather","Parent Relationship": "Outer","Parallel Aware": false,"Async Capable": false,"Startup Cost": 33972.13,"Total Cost": 33972.34,"Plan Rows": 2,"Plan Width": 32,"Actual Startup Time": 81.292,"Actual Total Time": 96.217,"Actual Rows": 3,"Actual Loops": 1,"Workers Planned": 2,"Workers Launched": 2,"Single Copy": false,"Plans": [{"Node Type": "Aggregate","Strategy": "Plain","Partial Mode": "Partial","Parent Relationship": "Outer","Parallel Aware": false,"Async Capable": false,"Startup Cost": 32972.13,"Total Cost": 32972.14,"Plan Rows": 1,"Plan Width": 32,"Actual Startup Time": 74.774,"Actual Total Time": 74.775,"Actual Rows": 1,"Actual Loops": 3,"Workers": [],"Plans": [{"Node Type": "Nested Loop","Parent Relationship": "Outer","Parallel Aware": false,"Async Capable": false,"Join Type": "Inner","Startup Cost": 0.43,"Total Cost": 32971.76,"Plan Rows": 48,"Plan Width": 12,"Actual Startup Time": 4.144,"Actual Total Time": 74.715,"Actual Rows": 39,"Actual Loops": 3,"Inner Unique": false,"Workers": [],"Plans": [{"Node Type": "Seq Scan","Parent Relationship": "Outer","Parallel Aware": true,"Async Capable": false,"Relation Name": "part","Alias": "part","Startup Cost": 0.00,"Total Cost": 7638.67,"Plan Rows": 206,"Plan Width": 30,"Actual Startup Time": 0.497,"Actual Total Time": 31.641,"Actual Rows": 167,"Actual Loops": 3,"Filter": "((p_size >= 1) AND (((p_brand = 'Brand#12'::bpchar) AND (p_container = ANY ('{\"SM CASE\",\"SM BOX\",\"SM PACK\",\"SM PKG\"}'::bpchar[])) AND (p_size <= 5)) OR ((p_brand = 'Brand#55'::bpchar) AND (p_container = ANY ('{\"MED BAG\",\"MED BOX\",\"MED PKG\",\"MED PACK\"}'::bpchar[])) AND (p_size <= 10)) OR ((p_brand = 'Brand#15'::bpchar) AND (p_container = ANY ('{\"LG CASE\",\"LG BOX\",\"LG PACK\",\"LG PKG\"}'::bpchar[])) AND (p_size <= 15))))","Rows Removed by Filter": 66500,"Workers": []},{"Node Type": "Index Scan","Parent Relationship": "Inner","Parallel Aware": false,"Async Capable": false,"Scan Direction": "Forward","Index Name": "idx_lineitem_part_supp","Relation Name": "lineitem","Alias": "lineitem","Startup Cost": 0.43,"Total Cost": 122.97,"Plan Rows": 1,"Plan Width": 21,"Actual Startup Time": 0.228,"Actual Total Time": 0.258,"Actual Rows": 0,"Actual Loops": 500,"Index Cond": "(l_partkey = part.p_partkey)","Rows Removed by Index Recheck": 0,"Filter": "((l_shipmode = ANY ('{AIR,\"AIR REG\"}'::bpchar[])) AND (l_shipinstruct = 'DELIVER IN PERSON'::bpchar) AND (((l_quantity >= '3'::numeric) AND (l_quantity <= '13'::numeric)) OR ((l_quantity >= '19'::numeric) AND (l_quantity <= '29'::numeric)) OR ((l_quantity >= '27'::numeric) AND (l_quantity <= '37'::numeric))) AND (((part.p_brand = 'Brand#12'::bpchar) AND (part.p_container = ANY ('{\"SM CASE\",\"SM BOX\",\"SM PACK\",\"SM PKG\"}'::bpchar[])) AND (l_quantity >= '3'::numeric) AND (l_quantity <= '13'::numeric) AND (part.p_size <= 5)) OR ((part.p_brand = 'Brand#55'::bpchar) AND (part.p_container = ANY ('{\"MED BAG\",\"MED BOX\",\"MED PKG\",\"MED PACK\"}'::bpchar[])) AND (l_quantity >= '19'::numeric) AND (l_quantity <= '29'::numeric) AND (part.p_size <= 10)) OR ((part.p_brand = 'Brand#15'::bpchar) AND (part.p_container = ANY ('{\"LG CASE\",\"LG BOX\",\"LG PACK\",\"LG PKG\"}'::bpchar[])) AND (l_quantity >= '27'::numeric) AND (l_quantity <= '37'::numeric) AND (part.p_size <= 15))))","Rows Removed by Filter": 30,"Workers": []}]}]}]}]},"Planning Time": 6.473,"Triggers": [],"Execution Time": 96.420}]
[{"Plan": {"Node Type": "Aggregate","Strategy": "Plain","Partial Mode": "Finalize","Parallel Aware": false,"Async Capable": false,"Startup Cost": 33627.82,"Total Cost": 33627.83,"Plan Rows": 1,"Plan Width": 32,"Actual Startup Time": 85.538,"Actual Total Time": 100.200,"Actual Rows": 1,"Actual Loops": 1,"Plans": [{"Node Type": "Gather","Parent Relationship": "Outer","Parallel Aware": false,"Async Capable": false,"Startup Cost": 33627.60,"Total Cost": 33627.81,"Plan Rows": 2,"Plan Width": 32,"Actual Startup Time": 85.480,"Actual Total Time": 100.175,"Actual Rows": 3,"Actual Loops": 1,"Workers Planned": 2,"Workers Launched": 2,"Single Copy": false,"Plans": [{"Node Type": "Aggregate","Strategy": "Plain","Partial Mode": "Partial","Parent Relationship": "Outer","Parallel Aware": false,"Async Capable": false,"Startup Cost": 32627.60,"Total Cost": 32627.61,"Plan Rows": 1,"Plan Width": 32,"Actual Startup Time": 78.554,"Actual Total Time": 78.557,"Actual Rows": 1,"Actual Loops": 3,"Workers": [],"Plans": [{"Node Type": "Nested Loop","Parent Relationship": "Outer","Parallel Aware": false,"Async Capable": false,"Join Type": "Inner","Startup Cost": 0.43,"Total Cost": 32627.24,"Plan Rows": 47,"Plan Width": 12,"Actual Startup Time": 1.802,"Actual Total Time": 78.510,"Actual Rows": 45,"Actual Loops": 3,"Inner Unique": false,"Workers": [],"Plans": [{"Node Type": "Seq Scan","Parent Relationship": "Outer","Parallel Aware": true,"Async Capable": false,"Relation Name": "part","Alias": "part","Startup Cost": 0.00,"Total Cost": 7638.67,"Plan Rows": 203,"Plan Width": 30,"Actual Startup Time": 0.452,"Actual Total Time": 34.574,"Actual Rows": 156,"Actual Loops": 3,"Filter": "((p_size >= 1) AND (((p_brand = 'Brand#23'::bpchar) AND (p_container = ANY ('{\"SM CASE\",\"SM BOX\",\"SM PACK\",\"SM PKG\"}'::bpchar[])) AND (p_size <= 5)) OR ((p_brand = 'Brand#11'::bpchar) AND (p_container = ANY ('{\"MED BAG\",\"MED BOX\",\"MED PKG\",\"MED PACK\"}'::bpchar[])) AND (p_size <= 10)) OR ((p_brand = 'Brand#14'::bpchar) AND (p_container = ANY ('{\"LG CASE\",\"LG BOX\",\"LG PACK\",\"LG PKG\"}'::bpchar[])) AND (p_size <= 15))))","Rows Removed by Filter": 66511,"Workers": []},{"Node Type": "Index Scan","Parent Relationship": "Inner","Parallel Aware": false,"Async Capable": false,"Scan Direction": "Forward","Index Name": "idx_lineitem_part_supp","Relation Name": "lineitem","Alias": "lineitem","Startup Cost": 0.43,"Total Cost": 123.09,"Plan Rows": 1,"Plan Width": 21,"Actual Startup Time": 0.241,"Actual Total Time": 0.282,"Actual Rows": 0,"Actual Loops": 467,"Index Cond": "(l_partkey = part.p_partkey)","Rows Removed by Index Recheck": 0,"Filter": "((l_shipmode = ANY ('{AIR,\"AIR REG\"}'::bpchar[])) AND (l_shipinstruct = 'DELIVER IN PERSON'::bpchar) AND (((l_quantity >= '9'::numeric) AND (l_quantity <= '19'::numeric)) OR ((l_quantity >= '10'::numeric) AND (l_quantity <= '20'::numeric)) OR ((l_quantity >= '27'::numeric) AND (l_quantity <= '37'::numeric))) AND (((part.p_brand = 'Brand#23'::bpchar) AND (part.p_container = ANY ('{\"SM CASE\",\"SM BOX\",\"SM PACK\",\"SM PKG\"}'::bpchar[])) AND (l_quantity >= '9'::numeric) AND (l_quantity <= '19'::numeric) AND (part.p_size <= 5)) OR ((part.p_brand = 'Brand#11'::bpchar) AND (part.p_container = ANY ('{\"MED BAG\",\"MED BOX\",\"MED PKG\",\"MED PACK\"}'::bpchar[])) AND (l_quantity >= '10'::numeric) AND (l_quantity <= '20'::numeric) AND (part.p_size <= 10)) OR ((part.p_brand = 'Brand#14'::bpchar) AND (part.p_container = ANY ('{\"LG CASE\",\"LG BOX\",\"LG PACK\",\"LG PKG\"}'::bpchar[])) AND (l_quantity >= '27'::numeric) AND (l_quantity <= '37'::numeric) AND (part.p_size <= 15))))","Rows Removed by Filter": 30,"Workers": []}]}]}]}]},"Planning Time": 7.008,"Triggers": [],"Execution Time": 100.365}]
[{"Plan": {"Node Type": "Aggregate","Strategy": "Plain","Partial Mode": "Finalize","Parallel Aware": false,"Async Capable": false,"Startup Cost": 33274.28,"Total Cost": 33274.29,"Plan Rows": 1,"Plan Width": 32,"Actual Startup Time": 86.636,"Actual Total Time": 101.731,"Actual Rows": 1,"Actual Loops": 1,"Plans": [{"Node Type": "Gather","Parent Relationship": "Outer","Parallel Aware": false,"Async Capable": false,"Startup Cost": 33274.06,"Total Cost": 33274.27,"Plan Rows": 2,"Plan Width": 32,"Actual Startup Time": 86.546,"Actual Total Time": 101.697,"Actual Rows": 3,"Actual Loops": 1,"Workers Planned": 2,"Workers Launched": 2,"Single Copy": false,"Plans": [{"Node Type": "Aggregate","Strategy": "Plain","Partial Mode": "Partial","Parent Relationship": "Outer","Parallel Aware": false,"Async Capable": false,"Startup Cost": 32274.06,"Total Cost": 32274.07,"Plan Rows": 1,"Plan Width": 32,"Actual Startup Time": 79.838,"Actual Total Time": 79.840,"Actual Rows": 1,"Actual Loops": 3,"Workers": [],"Plans": [{"Node Type": "Nested Loop","Parent Relationship": "Outer","Parallel Aware": false,"Async Capable": false,"Join Type": "Inner","Startup Cost": 0.43,"Total Cost": 32273.71,"Plan Rows": 46,"Plan Width": 12,"Actual Startup Time": 4.593,"Actual Total Time": 79.797,"Actual Rows": 36,"Actual Loops": 3,"Inner Unique": false,"Workers": [],"Plans": [{"Node Type": "Seq Scan","Parent Relationship": "Outer","Parallel Aware": true,"Async Capable": false,"Relation Name": "part","Alias": "part","Startup Cost": 0.00,"Total Cost": 7638.67,"Plan Rows": 200,"Plan Width": 30,"Actual Startup Time": 0.398,"Actual Total Time": 34.673,"Actual Rows": 161,"Actual Loops": 3,"Filter": "((p_size >= 1) AND (((p_brand = 'Brand#45'::bpchar) AND (p_container = ANY ('{\"SM CASE\",\"SM BOX\",\"SM PACK\",\"SM PKG\"}'::bpchar[])) AND (p_size <= 5)) OR ((p_brand = 'Brand#25'::bpchar) AND (p_container = ANY ('{\"MED BAG\",\"MED BOX\",\"MED PKG\",\"MED PACK\"}'::bpchar[])) AND (p_size <= 10)) OR ((p_brand = 'Brand#52'::bpchar) AND (p_container = ANY ('{\"LG CASE\",\"LG BOX\",\"LG PACK\",\"LG PKG\"}'::bpchar[])) AND (p_size <= 15))))","Rows Removed by Filter": 66506,"Workers": []},{"Node Type": "Index Scan","Parent Relationship": "Inner","Parallel Aware": false,"Async Capable": false,"Scan Direction": "Forward","Index Name": "idx_lineitem_part_supp","Relation Name": "lineitem","Alias": "lineitem","Startup Cost": 0.43,"Total Cost": 123.17,"Plan Rows": 1,"Plan Width": 21,"Actual Startup Time": 0.256,"Actual Total Time": 0.280,"Actual Rows": 0,"Actual Loops": 482,"Index Cond": "(l_partkey = part.p_partkey)","Rows Removed by Index Recheck": 0,"Filter": "((l_shipmode = ANY ('{AIR,\"AIR REG\"}'::bpchar[])) AND (l_shipinstruct = 'DELIVER IN PERSON'::bpchar) AND (((l_quantity >= '7'::numeric) AND (l_quantity <= '17'::numeric)) OR ((l_quantity >= '15'::numeric) AND (l_quantity <= '25'::numeric)) OR ((l_quantity >= '27'::numeric) AND (l_quantity <= '37'::numeric))) AND (((part.p_brand = 'Brand#45'::bpchar) AND (part.p_container = ANY ('{\"SM CASE\",\"SM BOX\",\"SM PACK\",\"SM PKG\"}'::bpchar[])) AND (l_quantity >= '7'::numeric) AND (l_quantity <= '17'::numeric) AND (part.p_size <= 5)) OR ((part.p_brand = 'Brand#25'::bpchar) AND (part.p_container = ANY ('{\"MED BAG\",\"MED BOX\",\"MED PKG\",\"MED PACK\"}'::bpchar[])) AND (l_quantity >= '15'::numeric) AND (l_quantity <= '25'::numeric) AND (part.p_size <= 10)) OR ((part.p_brand = 'Brand#52'::bpchar) AND (part.p_container = ANY ('{\"LG CASE\",\"LG BOX\",\"LG PACK\",\"LG PKG\"}'::bpchar[])) AND (l_quantity >= '27'::numeric) AND (l_quantity <= '37'::numeric) AND (part.p_size <= 15))))","Rows Removed by Filter": 30,"Workers": []}]}]}]}]},"Planning Time": 7.005,"Triggers": [],"Execution Time": 101.961}]
[{"Plan": {"Node Type": "Aggregate","Strategy": "Plain","Partial Mode": "Finalize","Parallel Aware": false,"Async Capable": false,"Startup Cost": 33853.24,"Total Cost": 33853.25,"Plan Rows": 1,"Plan Width": 32,"Actual Startup Time": 87.247,"Actual Total Time": 102.591,"Actual Rows": 1,"Actual Loops": 1,"Plans": [{"Node Type": "Gather","Parent Relationship": "Outer","Parallel Aware": false,"Async Capable": false,"Startup Cost": 33853.02,"Total Cost": 33853.23,"Plan Rows": 2,"Plan Width": 32,"Actual Startup Time": 87.220,"Actual Total Time": 102.571,"Actual Rows": 3,"Actual Loops": 1,"Workers Planned": 2,"Workers Launched": 2,"Single Copy": false,"Plans": [{"Node Type": "Aggregate","Strategy": "Plain","Partial Mode": "Partial","Parent Relationship": "Outer","Parallel Aware": false,"Async Capable": false,"Startup Cost": 32853.02,"Total Cost": 32853.03,"Plan Rows": 1,"Plan Width": 32,"Actual Startup Time": 80.309,"Actual Total Time": 80.312,"Actual Rows": 1,"Actual Loops": 3,"Workers": [],"Plans": [{"Node Type": "Nested Loop","Parent Relationship": "Outer","Parallel Aware": false,"Async Capable": false,"Join Type": "Inner","Startup Cost": 0.43,"Total Cost": 32852.66,"Plan Rows": 48,"Plan Width": 12,"Actual Startup Time": 5.035,"Actual Total Time": 80.265,"Actual Rows": 42,"Actual Loops": 3,"Inner Unique": false,"Workers": [],"Plans": [{"Node Type": "Seq Scan","Parent Relationship": "Outer","Parallel Aware": true,"Async Capable": false,"Relation Name": "part","Alias": "part","Startup Cost": 0.00,"Total Cost": 7638.67,"Plan Rows": 205,"Plan Width": 30,"Actual Startup Time": 1.427,"Actual Total Time": 35.478,"Actual Rows": 163,"Actual Loops": 3,"Filter": "((p_size >= 1) AND (((p_brand = 'Brand#34'::bpchar) AND (p_container = ANY ('{\"SM CASE\",\"SM BOX\",\"SM PACK\",\"SM PKG\"}'::bpchar[])) AND (p_size <= 5)) OR ((p_brand = 'Brand#54'::bpchar) AND (p_container = ANY ('{\"MED BAG\",\"MED BOX\",\"MED PKG\",\"MED PACK\"}'::bpchar[])) AND (p_size <= 10)) OR ((p_brand = 'Brand#42'::bpchar) AND (p_container = ANY ('{\"LG CASE\",\"LG BOX\",\"LG PACK\",\"LG PKG\"}'::bpchar[])) AND (p_size <= 15))))","Rows Removed by Filter": 66504,"Workers": []},{"Node Type": "Index Scan","Parent Relationship": "Inner","Parallel Aware": false,"Async Capable": false,"Scan Direction": "Forward","Index Name": "idx_lineitem_part_supp","Relation Name": "lineitem","Alias": "lineitem","Startup Cost": 0.43,"Total Cost": 122.99,"Plan Rows": 1,"Plan Width": 21,"Actual Startup Time": 0.245,"Actual Total Time": 0.274,"Actual Rows": 0,"Actual Loops": 489,"Index Cond": "(l_partkey = part.p_partkey)","Rows Removed by Index Recheck": 0,"Filter": "((l_shipmode = ANY ('{AIR,\"AIR REG\"}'::bpchar[])) AND (l_shipinstruct = 'DELIVER IN PERSON'::bpchar) AND (((l_quantity >= '2'::numeric) AND (l_quantity <= '12'::numeric)) OR ((l_quantity >= '13'::numeric) AND (l_quantity <= '23'::numeric)) OR ((l_quantity >= '22'::numeric) AND (l_quantity <= '32'::numeric))) AND (((part.p_brand = 'Brand#34'::bpchar) AND (part.p_container = ANY ('{\"SM CASE\",\"SM BOX\",\"SM PACK\",\"SM PKG\"}'::bpchar[])) AND (l_quantity >= '2'::numeric) AND (l_quantity <= '12'::numeric) AND (part.p_size <= 5)) OR ((part.p_brand = 'Brand#54'::bpchar) AND (part.p_container = ANY ('{\"MED BAG\",\"MED BOX\",\"MED PKG\",\"MED PACK\"}'::bpchar[])) AND (l_quantity >= '13'::numeric) AND (l_quantity <= '23'::numeric) AND (part.p_size <= 10)) OR ((part.p_brand = 'Brand#42'::bpchar) AND (part.p_container = ANY ('{\"LG CASE\",\"LG BOX\",\"LG PACK\",\"LG PKG\"}'::bpchar[])) AND (l_quantity >= '22'::numeric) AND (l_quantity <= '32'::numeric) AND (part.p_size <= 15))))","Rows Removed by Filter": 30,"Workers": []}]}]}]}]},"Planning Time": 5.970,"Triggers": [],"Execution Time": 102.798}]
[{"Plan": {"Node Type": "Aggregate","Strategy": "Plain","Partial Mode": "Finalize","Parallel Aware": false,"Async Capable": false,"Startup Cost": 33852.95,"Total Cost": 33852.96,"Plan Rows": 1,"Plan Width": 32,"Actual Startup Time": 80.681,"Actual Total Time": 95.843,"Actual Rows": 1,"Actual Loops": 1,"Plans": [{"Node Type": "Gather","Parent Relationship": "Outer","Parallel Aware": false,"Async Capable": false,"Startup Cost": 33852.73,"Total Cost": 33852.94,"Plan Rows": 2,"Plan Width": 32,"Actual Startup Time": 80.547,"Actual Total Time": 95.812,"Actual Rows": 3,"Actual Loops": 1,"Workers Planned": 2,"Workers Launched": 2,"Single Copy": false,"Plans": [{"Node Type": "Aggregate","Strategy": "Plain","Partial Mode": "Partial","Parent Relationship": "Outer","Parallel Aware": false,"Async Capable": false,"Startup Cost": 32852.73,"Total Cost": 32852.74,"Plan Rows": 1,"Plan Width": 32,"Actual Startup Time": 74.413,"Actual Total Time": 74.417,"Actual Rows": 1,"Actual Loops": 3,"Workers": [],"Plans": [{"Node Type": "Nested Loop","Parent Relationship": "Outer","Parallel Aware": false,"Async Capable": false,"Join Type": "Inner","Startup Cost": 0.43,"Total Cost": 32852.36,"Plan Rows": 48,"Plan Width": 12,"Actual Startup Time": 3.448,"Actual Total Time": 74.379,"Actual Rows": 38,"Actual Loops": 3,"Inner Unique": false,"Workers": [],"Plans": [{"Node Type": "Seq Scan","Parent Relationship": "Outer","Parallel Aware": true,"Async Capable": false,"Relation Name": "part","Alias": "part","Startup Cost": 0.00,"Total Cost": 7638.67,"Plan Rows": 205,"Plan Width": 30,"Actual Startup Time": 0.359,"Actual Total Time": 30.497,"Actual Rows": 165,"Actual Loops": 3,"Filter": "((p_size >= 1) AND (((p_brand = 'Brand#12'::bpchar) AND (p_container = ANY ('{\"SM CASE\",\"SM BOX\",\"SM PACK\",\"SM PKG\"}'::bpchar[])) AND (p_size <= 5)) OR ((p_brand = 'Brand#33'::bpchar) AND (p_container = ANY ('{\"MED BAG\",\"MED BOX\",\"MED PKG\",\"MED PACK\"}'::bpchar[])) AND (p_size <= 10)) OR ((p_brand = 'Brand#12'::bpchar) AND (p_container = ANY ('{\"LG CASE\",\"LG BOX\",\"LG PACK\",\"LG PKG\"}'::bpchar[])) AND (p_size <= 15))))","Rows Removed by Filter": 66502,"Workers": []},{"Node Type": "Index Scan","Parent Relationship": "Inner","Parallel Aware": false,"Async Capable": false,"Scan Direction": "Forward","Index Name": "idx_lineitem_part_supp","Relation Name": "lineitem","Alias": "lineitem","Startup Cost": 0.43,"Total Cost": 122.98,"Plan Rows": 1,"Plan Width": 21,"Actual Startup Time": 0.239,"Actual Total Time": 0.266,"Actual Rows": 0,"Actual Loops": 494,"Index Cond": "(l_partkey = part.p_partkey)","Rows Removed by Index Recheck": 0,"Filter": "((l_shipmode = ANY ('{AIR,\"AIR REG\"}'::bpchar[])) AND (l_shipinstruct = 'DELIVER IN PERSON'::bpchar) AND (((l_quantity >= '10'::numeric) AND (l_quantity <= '20'::numeric)) OR ((l_quantity >= '12'::numeric) AND (l_quantity <= '22'::numeric)) OR ((l_quantity >= '27'::numeric) AND (l_quantity <= '37'::numeric))) AND (((part.p_brand = 'Brand#12'::bpchar) AND (part.p_container = ANY ('{\"SM CASE\",\"SM BOX\",\"SM PACK\",\"SM PKG\"}'::bpchar[])) AND (l_quantity >= '10'::numeric) AND (l_quantity <= '20'::numeric) AND (part.p_size <= 5)) OR ((part.p_brand = 'Brand#33'::bpchar) AND (part.p_container = ANY ('{\"MED BAG\",\"MED BOX\",\"MED PKG\",\"MED PACK\"}'::bpchar[])) AND (l_quantity >= '12'::numeric) AND (l_quantity <= '22'::numeric) AND (part.p_size <= 10)) OR ((part.p_brand = 'Brand#12'::bpchar) AND (part.p_container = ANY ('{\"LG CASE\",\"LG BOX\",\"LG PACK\",\"LG PKG\"}'::bpchar[])) AND (l_quantity >= '27'::numeric) AND (l_quantity <= '37'::numeric) AND (part.p_size <= 15))))","Rows Removed by Filter": 30,"Workers": []}]}]}]}]},"Planning Time": 6.666,"Triggers": [],"Execution Time": 96.064}]
[{"Plan": {"Node Type": "Aggregate","Strategy": "Plain","Partial Mode": "Finalize","Parallel Aware": false,"Async Capable": false,"Startup Cost": 33508.04,"Total Cost": 33508.05,"Plan Rows": 1,"Plan Width": 32,"Actual Startup Time": 81.306,"Actual Total Time": 97.063,"Actual Rows": 1,"Actual Loops": 1,"Plans": [{"Node Type": "Gather","Parent Relationship": "Outer","Parallel Aware": false,"Async Capable": false,"Startup Cost": 33507.82,"Total Cost": 33508.03,"Plan Rows": 2,"Plan Width": 32,"Actual Startup Time": 81.103,"Actual Total Time": 97.027,"Actual Rows": 3,"Actual Loops": 1,"Workers Planned": 2,"Workers Launched": 2,"Single Copy": false,"Plans": [{"Node Type": "Aggregate","Strategy": "Plain","Partial Mode": "Partial","Parent Relationship": "Outer","Parallel Aware": false,"Async Capable": false,"Startup Cost": 32507.82,"Total Cost": 32507.83,"Plan Rows": 1,"Plan Width": 32,"Actual Startup Time": 74.918,"Actual Total Time": 74.921,"Actual Rows": 1,"Actual Loops": 3,"Workers": [],"Plans": [{"Node Type": "Nested Loop","Parent Relationship": "Outer","Parallel Aware": false,"Async Capable": false,"Join Type": "Inner","Startup Cost": 0.43,"Total Cost": 32507.46,"Plan Rows": 47,"Plan Width": 12,"Actual Startup Time": 6.332,"Actual Total Time": 74.861,"Actual Rows": 39,"Actual Loops": 3,"Inner Unique": false,"Workers": [],"Plans": [{"Node Type": "Seq Scan","Parent Relationship": "Outer","Parallel Aware": true,"Async Capable": false,"Relation Name": "part","Alias": "part","Startup Cost": 0.00,"Total Cost": 7638.67,"Plan Rows": 202,"Plan Width": 30,"Actual Startup Time": 0.348,"Actual Total Time": 30.973,"Actual Rows": 166,"Actual Loops": 3,"Filter": "((p_size >= 1) AND (((p_brand = 'Brand#31'::bpchar) AND (p_container = ANY ('{\"SM CASE\",\"SM BOX\",\"SM PACK\",\"SM PKG\"}'::bpchar[])) AND (p_size <= 5)) OR ((p_brand = 'Brand#52'::bpchar) AND (p_container = ANY ('{\"MED BAG\",\"MED BOX\",\"MED PKG\",\"MED PACK\"}'::bpchar[])) AND (p_size <= 10)) OR ((p_brand = 'Brand#53'::bpchar) AND (p_container = ANY ('{\"LG CASE\",\"LG BOX\",\"LG PACK\",\"LG PKG\"}'::bpchar[])) AND (p_size <= 15))))","Rows Removed by Filter": 66501,"Workers": []},{"Node Type": "Index Scan","Parent Relationship": "Inner","Parallel Aware": false,"Async Capable": false,"Scan Direction": "Forward","Index Name": "idx_lineitem_part_supp","Relation Name": "lineitem","Alias": "lineitem","Startup Cost": 0.43,"Total Cost": 123.10,"Plan Rows": 1,"Plan Width": 21,"Actual Startup Time": 0.241,"Actual Total Time": 0.265,"Actual Rows": 0,"Actual Loops": 497,"Index Cond": "(l_partkey = part.p_partkey)","Rows Removed by Index Recheck": 0,"Filter": "((l_shipmode = ANY ('{AIR,\"AIR REG\"}'::bpchar[])) AND (l_shipinstruct = 'DELIVER IN PERSON'::bpchar) AND (((l_quantity >= '8'::numeric) AND (l_quantity <= '18'::numeric)) OR ((l_quantity >= '17'::numeric) AND (l_quantity <= '27'::numeric)) OR ((l_quantity >= '28'::numeric) AND (l_quantity <= '38'::numeric))) AND (((part.p_brand = 'Brand#31'::bpchar) AND (part.p_container = ANY ('{\"SM CASE\",\"SM BOX\",\"SM PACK\",\"SM PKG\"}'::bpchar[])) AND (l_quantity >= '8'::numeric) AND (l_quantity <= '18'::numeric) AND (part.p_size <= 5)) OR ((part.p_brand = 'Brand#52'::bpchar) AND (part.p_container = ANY ('{\"MED BAG\",\"MED BOX\",\"MED PKG\",\"MED PACK\"}'::bpchar[])) AND (l_quantity >= '17'::numeric) AND (l_quantity <= '27'::numeric) AND (part.p_size <= 10)) OR ((part.p_brand = 'Brand#53'::bpchar) AND (part.p_container = ANY ('{\"LG CASE\",\"LG BOX\",\"LG PACK\",\"LG PKG\"}'::bpchar[])) AND (l_quantity >= '28'::numeric) AND (l_quantity <= '38'::numeric) AND (part.p_size <= 15))))","Rows Removed by Filter": 30,"Workers": []}]}]}]}]},"Planning Time": 6.678,"Triggers": [],"Execution Time": 97.261}]
[{"Plan": {"Node Type": "Aggregate","Strategy": "Plain","Partial Mode": "Finalize","Parallel Aware": false,"Async Capable": false,"Startup Cost": 34320.55,"Total Cost": 34320.56,"Plan Rows": 1,"Plan Width": 32,"Actual Startup Time": 79.807,"Actual Total Time": 95.271,"Actual Rows": 1,"Actual Loops": 1,"Plans": [{"Node Type": "Gather","Parent Relationship": "Outer","Parallel Aware": false,"Async Capable": false,"Startup Cost": 34320.33,"Total Cost": 34320.54,"Plan Rows": 2,"Plan Width": 32,"Actual Startup Time": 79.474,"Actual Total Time": 95.242,"Actual Rows": 3,"Actual Loops": 1,"Workers Planned": 2,"Workers Launched": 2,"Single Copy": false,"Plans": [{"Node Type": "Aggregate","Strategy": "Plain","Partial Mode": "Partial","Parent Relationship": "Outer","Parallel Aware": false,"Async Capable": false,"Startup Cost": 33320.33,"Total Cost": 33320.34,"Plan Rows": 1,"Plan Width": 32,"Actual Startup Time": 73.105,"Actual Total Time": 73.110,"Actual Rows": 1,"Actual Loops": 3,"Workers": [],"Plans": [{"Node Type": "Nested Loop","Parent Relationship": "Outer","Parallel Aware": false,"Async Capable": false,"Join Type": "Inner","Startup Cost": 0.43,"Total Cost": 33319.97,"Plan Rows": 48,"Plan Width": 12,"Actual Startup Time": 5.828,"Actual Total Time": 73.062,"Actual Rows": 36,"Actual Loops": 3,"Inner Unique": false,"Workers": [],"Plans": [{"Node Type": "Seq Scan","Parent Relationship": "Outer","Parallel Aware": true,"Async Capable": false,"Relation Name": "part","Alias": "part","Startup Cost": 0.00,"Total Cost": 7638.67,"Plan Rows": 209,"Plan Width": 30,"Actual Startup Time": 0.531,"Actual Total Time": 30.669,"Actual Rows": 161,"Actual Loops": 3,"Filter": "((p_size >= 1) AND (((p_brand = 'Brand#25'::bpchar) AND (p_container = ANY ('{\"SM CASE\",\"SM BOX\",\"SM PACK\",\"SM PKG\"}'::bpchar[])) AND (p_size <= 5)) OR ((p_brand = 'Brand#33'::bpchar) AND (p_container = ANY ('{\"MED BAG\",\"MED BOX\",\"MED PKG\",\"MED PACK\"}'::bpchar[])) AND (p_size <= 10)) OR ((p_brand = 'Brand#15'::bpchar) AND (p_container = ANY ('{\"LG CASE\",\"LG BOX\",\"LG PACK\",\"LG PKG\"}'::bpchar[])) AND (p_size <= 15))))","Rows Removed by Filter": 66506,"Workers": []},{"Node Type": "Index Scan","Parent Relationship": "Inner","Parallel Aware": false,"Async Capable": false,"Scan Direction": "Forward","Index Name": "idx_lineitem_part_supp","Relation Name": "lineitem","Alias": "lineitem","Startup Cost": 0.43,"Total Cost": 122.87,"Plan Rows": 1,"Plan Width": 21,"Actual Startup Time": 0.234,"Actual Total Time": 0.263,"Actual Rows": 0,"Actual Loops": 482,"Index Cond": "(l_partkey = part.p_partkey)","Rows Removed by Index Recheck": 0,"Filter": "((l_shipmode = ANY ('{AIR,\"AIR REG\"}'::bpchar[])) AND (l_shipinstruct = 'DELIVER IN PERSON'::bpchar) AND (((l_quantity >= '2'::numeric) AND (l_quantity <= '12'::numeric)) OR ((l_quantity >= '13'::numeric) AND (l_quantity <= '23'::numeric)) OR ((l_quantity >= '28'::numeric) AND (l_quantity <= '38'::numeric))) AND (((part.p_brand = 'Brand#25'::bpchar) AND (part.p_container = ANY ('{\"SM CASE\",\"SM BOX\",\"SM PACK\",\"SM PKG\"}'::bpchar[])) AND (l_quantity >= '2'::numeric) AND (l_quantity <= '12'::numeric) AND (part.p_size <= 5)) OR ((part.p_brand = 'Brand#33'::bpchar) AND (part.p_container = ANY ('{\"MED BAG\",\"MED BOX\",\"MED PKG\",\"MED PACK\"}'::bpchar[])) AND (l_quantity >= '13'::numeric) AND (l_quantity <= '23'::numeric) AND (part.p_size <= 10)) OR ((part.p_brand = 'Brand#15'::bpchar) AND (part.p_container = ANY ('{\"LG CASE\",\"LG BOX\",\"LG PACK\",\"LG PKG\"}'::bpchar[])) AND (l_quantity >= '28'::numeric) AND (l_quantity <= '38'::numeric) AND (part.p_size <= 15))))","Rows Removed by Filter": 30,"Workers": []}]}]}]}]},"Planning Time": 5.595,"Triggers": [],"Execution Time": 95.531}]
[{"Plan": {"Node Type": "Aggregate","Strategy": "Plain","Partial Mode": "Finalize","Parallel Aware": false,"Async Capable": false,"Startup Cost": 33508.90,"Total Cost": 33508.91,"Plan Rows": 1,"Plan Width": 32,"Actual Startup Time": 87.473,"Actual Total Time": 103.506,"Actual Rows": 1,"Actual Loops": 1,"Plans": [{"Node Type": "Gather","Parent Relationship": "Outer","Parallel Aware": false,"Async Capable": false,"Startup Cost": 33508.67,"Total Cost": 33508.88,"Plan Rows": 2,"Plan Width": 32,"Actual Startup Time": 87.176,"Actual Total Time": 103.468,"Actual Rows": 3,"Actual Loops": 1,"Workers Planned": 2,"Workers Launched": 2,"Single Copy": false,"Plans": [{"Node Type": "Aggregate","Strategy": "Plain","Partial Mode": "Partial","Parent Relationship": "Outer","Parallel Aware": false,"Async Capable": false,"Startup Cost": 32508.67,"Total Cost": 32508.68,"Plan Rows": 1,"Plan Width": 32,"Actual Startup Time": 80.264,"Actual Total Time": 80.266,"Actual Rows": 1,"Actual Loops": 3,"Workers": [],"Plans": [{"Node Type": "Nested Loop","Parent Relationship": "Outer","Parallel Aware": false,"Async Capable": false,"Join Type": "Inner","Startup Cost": 0.43,"Total Cost": 32508.32,"Plan Rows": 47,"Plan Width": 12,"Actual Startup Time": 5.064,"Actual Total Time": 80.220,"Actual Rows": 43,"Actual Loops": 3,"Inner Unique": false,"Workers": [],"Plans": [{"Node Type": "Seq Scan","Parent Relationship": "Outer","Parallel Aware": true,"Async Capable": false,"Relation Name": "part","Alias": "part","Startup Cost": 0.00,"Total Cost": 7638.67,"Plan Rows": 202,"Plan Width": 30,"Actual Startup Time": 0.741,"Actual Total Time": 34.005,"Actual Rows": 167,"Actual Loops": 3,"Filter": "((p_size >= 1) AND (((p_brand = 'Brand#55'::bpchar) AND (p_container = ANY ('{\"SM CASE\",\"SM BOX\",\"SM PACK\",\"SM PKG\"}'::bpchar[])) AND (p_size <= 5)) OR ((p_brand = 'Brand#12'::bpchar) AND (p_container = ANY ('{\"MED BAG\",\"MED BOX\",\"MED PKG\",\"MED PACK\"}'::bpchar[])) AND (p_size <= 10)) OR ((p_brand = 'Brand#11'::bpchar) AND (p_container = ANY ('{\"LG CASE\",\"LG BOX\",\"LG PACK\",\"LG PKG\"}'::bpchar[])) AND (p_size <= 15))))","Rows Removed by Filter": 66500,"Workers": []},{"Node Type": "Index Scan","Parent Relationship": "Inner","Parallel Aware": false,"Async Capable": false,"Scan Direction": "Forward","Index Name": "idx_lineitem_part_supp","Relation Name": "lineitem","Alias": "lineitem","Startup Cost": 0.43,"Total Cost": 123.11,"Plan Rows": 1,"Plan Width": 21,"Actual Startup Time": 0.247,"Actual Total Time": 0.276,"Actual Rows": 0,"Actual Loops": 501,"Index Cond": "(l_partkey = part.p_partkey)","Rows Removed by Index Recheck": 0,"Filter": "((l_shipmode = ANY ('{AIR,\"AIR REG\"}'::bpchar[])) AND (l_shipinstruct = 'DELIVER IN PERSON'::bpchar) AND (((l_quantity >= '5'::numeric) AND (l_quantity <= '15'::numeric)) OR ((l_quantity >= '10'::numeric) AND (l_quantity <= '20'::numeric)) OR ((l_quantity >= '24'::numeric) AND (l_quantity <= '34'::numeric))) AND (((part.p_brand = 'Brand#55'::bpchar) AND (part.p_container = ANY ('{\"SM CASE\",\"SM BOX\",\"SM PACK\",\"SM PKG\"}'::bpchar[])) AND (l_quantity >= '5'::numeric) AND (l_quantity <= '15'::numeric) AND (part.p_size <= 5)) OR ((part.p_brand = 'Brand#12'::bpchar) AND (part.p_container = ANY ('{\"MED BAG\",\"MED BOX\",\"MED PKG\",\"MED PACK\"}'::bpchar[])) AND (l_quantity >= '10'::numeric) AND (l_quantity <= '20'::numeric) AND (part.p_size <= 10)) OR ((part.p_brand = 'Brand#11'::bpchar) AND (part.p_container = ANY ('{\"LG CASE\",\"LG BOX\",\"LG PACK\",\"LG PKG\"}'::bpchar[])) AND (l_quantity >= '24'::numeric) AND (l_quantity <= '34'::numeric) AND (part.p_size <= 15))))","Rows Removed by Filter": 30,"Workers": []}]}]}]}]},"Planning Time": 5.733,"Triggers": [],"Execution Time": 103.664}]
[{"Plan": {"Node Type": "Aggregate","Strategy": "Plain","Partial Mode": "Finalize","Parallel Aware": false,"Async Capable": false,"Startup Cost": 34409.14,"Total Cost": 34409.15,"Plan Rows": 1,"Plan Width": 32,"Actual Startup Time": 89.827,"Actual Total Time": 105.358,"Actual Rows": 1,"Actual Loops": 1,"Plans": [{"Node Type": "Gather","Parent Relationship": "Outer","Parallel Aware": false,"Async Capable": false,"Startup Cost": 34408.92,"Total Cost": 34409.13,"Plan Rows": 2,"Plan Width": 32,"Actual Startup Time": 89.425,"Actual Total Time": 105.337,"Actual Rows": 3,"Actual Loops": 1,"Workers Planned": 2,"Workers Launched": 2,"Single Copy": false,"Plans": [{"Node Type": "Aggregate","Strategy": "Plain","Partial Mode": "Partial","Parent Relationship": "Outer","Parallel Aware": false,"Async Capable": false,"Startup Cost": 33408.92,"Total Cost": 33408.93,"Plan Rows": 1,"Plan Width": 32,"Actual Startup Time": 82.977,"Actual Total Time": 82.980,"Actual Rows": 1,"Actual Loops": 3,"Workers": [],"Plans": [{"Node Type": "Nested Loop","Parent Relationship": "Outer","Parallel Aware": false,"Async Capable": false,"Join Type": "Inner","Startup Cost": 4.54,"Total Cost": 33408.55,"Plan Rows": 49,"Plan Width": 12,"Actual Startup Time": 7.325,"Actual Total Time": 82.936,"Actual Rows": 41,"Actual Loops": 3,"Inner Unique": false,"Workers": [],"Plans": [{"Node Type": "Seq Scan","Parent Relationship": "Outer","Parallel Aware": true,"Async Capable": false,"Relation Name": "part","Alias": "part","Startup Cost": 0.00,"Total Cost": 7638.67,"Plan Rows": 212,"Plan Width": 30,"Actual Startup Time": 0.336,"Actual Total Time": 34.668,"Actual Rows": 164,"Actual Loops": 3,"Filter": "((p_size >= 1) AND (((p_brand = 'Brand#52'::bpchar) AND (p_container = ANY ('{\"SM CASE\",\"SM BOX\",\"SM PACK\",\"SM PKG\"}'::bpchar[])) AND (p_size <= 5)) OR ((p_brand = 'Brand#42'::bpchar) AND (p_container = ANY ('{\"MED BAG\",\"MED BOX\",\"MED PKG\",\"MED PACK\"}'::bpchar[])) AND (p_size <= 10)) OR ((p_brand = 'Brand#33'::bpchar) AND (p_container = ANY ('{\"LG CASE\",\"LG BOX\",\"LG PACK\",\"LG PKG\"}'::bpchar[])) AND (p_size <= 15))))","Rows Removed by Filter": 66503,"Workers": []},{"Node Type": "Bitmap Heap Scan","Parent Relationship": "Inner","Parallel Aware": false,"Async Capable": false,"Relation Name": "lineitem","Alias": "lineitem","Startup Cost": 4.54,"Total Cost": 121.55,"Plan Rows": 1,"Plan Width": 21,"Actual Startup Time": 0.259,"Actual Total Time": 0.293,"Actual Rows": 0,"Actual Loops": 492,"Recheck Cond": "(l_partkey = part.p_partkey)","Rows Removed by Index Recheck": 0,"Filter": "((l_shipmode = ANY ('{AIR,\"AIR REG\"}'::bpchar[])) AND (l_shipinstruct = 'DELIVER IN PERSON'::bpchar) AND (((l_quantity >= '8'::numeric) AND (l_quantity <= '18'::numeric)) OR ((l_quantity >= '12'::numeric) AND (l_quantity <= '22'::numeric)) OR ((l_quantity >= '26'::numeric) AND (l_quantity <= '36'::numeric))) AND (((part.p_brand = 'Brand#52'::bpchar) AND (part.p_container = ANY ('{\"SM CASE\",\"SM BOX\",\"SM PACK\",\"SM PKG\"}'::bpchar[])) AND (l_quantity >= '8'::numeric) AND (l_quantity <= '18'::numeric) AND (part.p_size <= 5)) OR ((part.p_brand = 'Brand#42'::bpchar) AND (part.p_container = ANY ('{\"MED BAG\",\"MED BOX\",\"MED PKG\",\"MED PACK\"}'::bpchar[])) AND (l_quantity >= '12'::numeric) AND (l_quantity <= '22'::numeric) AND (part.p_size <= 10)) OR ((part.p_brand = 'Brand#33'::bpchar) AND (part.p_container = ANY ('{\"LG CASE\",\"LG BOX\",\"LG PACK\",\"LG PKG\"}'::bpchar[])) AND (l_quantity >= '26'::numeric) AND (l_quantity <= '36'::numeric) AND (part.p_size <= 15))))","Rows Removed by Filter": 30,"Exact Heap Blocks": 5023,"Lossy Heap Blocks": 0,"Workers": [],"Plans": [{"Node Type": "Bitmap Index Scan","Parent Relationship": "Outer","Parallel Aware": false,"Async Capable": false,"Index Name": "idx_lineitem_part_supp","Startup Cost": 0.00,"Total Cost": 4.54,"Plan Rows": 31,"Plan Width": 0,"Actual Startup Time": 0.012,"Actual Total Time": 0.012,"Actual Rows": 30,"Actual Loops": 492,"Index Cond": "(l_partkey = part.p_partkey)","Workers": []}]}]}]}]}]},"Planning Time": 5.296,"Triggers": [],"Execution Time": 105.605}]
[{"Plan": {"Node Type": "Aggregate","Strategy": "Plain","Partial Mode": "Finalize","Parallel Aware": false,"Async Capable": false,"Startup Cost": 34043.42,"Total Cost": 34043.43,"Plan Rows": 1,"Plan Width": 32,"Actual Startup Time": 89.207,"Actual Total Time": 103.613,"Actual Rows": 1,"Actual Loops": 1,"Plans": [{"Node Type": "Gather","Parent Relationship": "Outer","Parallel Aware": false,"Async Capable": false,"Startup Cost": 34043.20,"Total Cost": 34043.41,"Plan Rows": 2,"Plan Width": 32,"Actual Startup Time": 89.002,"Actual Total Time": 103.582,"Actual Rows": 3,"Actual Loops": 1,"Workers Planned": 2,"Workers Launched": 2,"Single Copy": false,"Plans": [{"Node Type": "Aggregate","Strategy": "Plain","Partial Mode": "Partial","Parent Relationship": "Outer","Parallel Aware": false,"Async Capable": false,"Startup Cost": 33043.20,"Total Cost": 33043.21,"Plan Rows": 1,"Plan Width": 32,"Actual Startup Time": 82.237,"Actual Total Time": 82.240,"Actual Rows": 1,"Actual Loops": 3,"Workers": [],"Plans": [{"Node Type": "Nested Loop","Parent Relationship": "Outer","Parallel Aware": false,"Async Capable": false,"Join Type": "Inner","Startup Cost": 4.54,"Total Cost": 33042.84,"Plan Rows": 48,"Plan Width": 12,"Actual Startup Time": 2.014,"Actual Total Time": 82.185,"Actual Rows": 38,"Actual Loops": 3,"Inner Unique": false,"Workers": [],"Plans": [{"Node Type": "Seq Scan","Parent Relationship": "Outer","Parallel Aware": true,"Async Capable": false,"Relation Name": "part","Alias": "part","Startup Cost": 0.00,"Total Cost": 7638.67,"Plan Rows": 209,"Plan Width": 30,"Actual Startup Time": 0.812,"Actual Total Time": 35.533,"Actual Rows": 154,"Actual Loops": 3,"Filter": "((p_size >= 1) AND (((p_brand = 'Brand#45'::bpchar) AND (p_container = ANY ('{\"SM CASE\",\"SM BOX\",\"SM PACK\",\"SM PKG\"}'::bpchar[])) AND (p_size <= 5)) OR ((p_brand = 'Brand#33'::bpchar) AND (p_container = ANY ('{\"MED BAG\",\"MED BOX\",\"MED PKG\",\"MED PACK\"}'::bpchar[])) AND (p_size <= 10)) OR ((p_brand = 'Brand#55'::bpchar) AND (p_container = ANY ('{\"LG CASE\",\"LG BOX\",\"LG PACK\",\"LG PKG\"}'::bpchar[])) AND (p_size <= 15))))","Rows Removed by Filter": 66513,"Workers": []},{"Node Type": "Bitmap Heap Scan","Parent Relationship": "Inner","Parallel Aware": false,"Async Capable": false,"Relation Name": "lineitem","Alias": "lineitem","Startup Cost": 4.54,"Total Cost": 121.54,"Plan Rows": 1,"Plan Width": 21,"Actual Startup Time": 0.269,"Actual Total Time": 0.302,"Actual Rows": 0,"Actual Loops": 461,"Recheck Cond": "(l_partkey = part.p_partkey)","Rows Removed by Index Recheck": 0,"Filter": "((l_shipmode = ANY ('{AIR,\"AIR REG\"}'::bpchar[])) AND (l_shipinstruct = 'DELIVER IN PERSON'::bpchar) AND (((l_quantity >= '6'::numeric) AND (l_quantity <= '16'::numeric)) OR ((l_quantity >= '19'::numeric) AND (l_quantity <= '29'::numeric)) OR ((l_quantity >= '23'::numeric) AND (l_quantity <= '33'::numeric))) AND (((part.p_brand = 'Brand#45'::bpchar) AND (part.p_container = ANY ('{\"SM CASE\",\"SM BOX\",\"SM PACK\",\"SM PKG\"}'::bpchar[])) AND (l_quantity >= '6'::numeric) AND (l_quantity <= '16'::numeric) AND (part.p_size <= 5)) OR ((part.p_brand = 'Brand#33'::bpchar) AND (part.p_container = ANY ('{\"MED BAG\",\"MED BOX\",\"MED PKG\",\"MED PACK\"}'::bpchar[])) AND (l_quantity >= '19'::numeric) AND (l_quantity <= '29'::numeric) AND (part.p_size <= 10)) OR ((part.p_brand = 'Brand#55'::bpchar) AND (part.p_container = ANY ('{\"LG CASE\",\"LG BOX\",\"LG PACK\",\"LG PKG\"}'::bpchar[])) AND (l_quantity >= '23'::numeric) AND (l_quantity <= '33'::numeric) AND (part.p_size <= 15))))","Rows Removed by Filter": 30,"Exact Heap Blocks": 4954,"Lossy Heap Blocks": 0,"Workers": [],"Plans": [{"Node Type": "Bitmap Index Scan","Parent Relationship": "Outer","Parallel Aware": false,"Async Capable": false,"Index Name": "idx_lineitem_part_supp","Startup Cost": 0.00,"Total Cost": 4.54,"Plan Rows": 31,"Plan Width": 0,"Actual Startup Time": 0.012,"Actual Total Time": 0.012,"Actual Rows": 30,"Actual Loops": 461,"Index Cond": "(l_partkey = part.p_partkey)","Workers": []}]}]}]}]}]},"Planning Time": 5.932,"Triggers": [],"Execution Time": 103.834}]
[{"Plan": {"Node Type": "Aggregate","Strategy": "Plain","Partial Mode": "Finalize","Parallel Aware": false,"Async Capable": false,"Startup Cost": 33510.32,"Total Cost": 33510.33,"Plan Rows": 1,"Plan Width": 32,"Actual Startup Time": 79.918,"Actual Total Time": 94.789,"Actual Rows": 1,"Actual Loops": 1,"Plans": [{"Node Type": "Gather","Parent Relationship": "Outer","Parallel Aware": false,"Async Capable": false,"Startup Cost": 33510.10,"Total Cost": 33510.31,"Plan Rows": 2,"Plan Width": 32,"Actual Startup Time": 79.709,"Actual Total Time": 94.743,"Actual Rows": 3,"Actual Loops": 1,"Workers Planned": 2,"Workers Launched": 2,"Single Copy": false,"Plans": [{"Node Type": "Aggregate","Strategy": "Plain","Partial Mode": "Partial","Parent Relationship": "Outer","Parallel Aware": false,"Async Capable": false,"Startup Cost": 32510.10,"Total Cost": 32510.11,"Plan Rows": 1,"Plan Width": 32,"Actual Startup Time": 73.444,"Actual Total Time": 73.447,"Actual Rows": 1,"Actual Loops": 3,"Workers": [],"Plans": [{"Node Type": "Nested Loop","Parent Relationship": "Outer","Parallel Aware": false,"Async Capable": false,"Join Type": "Inner","Startup Cost": 0.43,"Total Cost": 32509.75,"Plan Rows": 47,"Plan Width": 12,"Actual Startup Time": 5.667,"Actual Total Time": 73.397,"Actual Rows": 47,"Actual Loops": 3,"Inner Unique": false,"Workers": [],"Plans": [{"Node Type": "Seq Scan","Parent Relationship": "Outer","Parallel Aware": true,"Async Capable": false,"Relation Name": "part","Alias": "part","Startup Cost": 0.00,"Total Cost": 7638.67,"Plan Rows": 202,"Plan Width": 30,"Actual Startup Time": 0.804,"Actual Total Time": 30.367,"Actual Rows": 158,"Actual Loops": 3,"Filter": "((p_size >= 1) AND (((p_brand = 'Brand#15'::bpchar) AND (p_container = ANY ('{\"SM CASE\",\"SM BOX\",\"SM PACK\",\"SM PKG\"}'::bpchar[])) AND (p_size <= 5)) OR ((p_brand = 'Brand#25'::bpchar) AND (p_container = ANY ('{\"MED BAG\",\"MED BOX\",\"MED PKG\",\"MED PACK\"}'::bpchar[])) AND (p_size <= 10)) OR ((p_brand = 'Brand#55'::bpchar) AND (p_container = ANY ('{\"LG CASE\",\"LG BOX\",\"LG PACK\",\"LG PKG\"}'::bpchar[])) AND (p_size <= 15))))","Rows Removed by Filter": 66509,"Workers": []},{"Node Type": "Index Scan","Parent Relationship": "Inner","Parallel Aware": false,"Async Capable": false,"Scan Direction": "Forward","Index Name": "idx_lineitem_part_supp","Relation Name": "lineitem","Alias": "lineitem","Startup Cost": 0.43,"Total Cost": 123.11,"Plan Rows": 1,"Plan Width": 21,"Actual Startup Time": 0.236,"Actual Total Time": 0.272,"Actual Rows": 0,"Actual Loops": 473,"Index Cond": "(l_partkey = part.p_partkey)","Rows Removed by Index Recheck": 0,"Filter": "((l_shipmode = ANY ('{AIR,\"AIR REG\"}'::bpchar[])) AND (l_shipinstruct = 'DELIVER IN PERSON'::bpchar) AND (((l_quantity >= '7'::numeric) AND (l_quantity <= '17'::numeric)) OR ((l_quantity >= '17'::numeric) AND (l_quantity <= '27'::numeric)) OR ((l_quantity >= '20'::numeric) AND (l_quantity <= '30'::numeric))) AND (((part.p_brand = 'Brand#15'::bpchar) AND (part.p_container = ANY ('{\"SM CASE\",\"SM BOX\",\"SM PACK\",\"SM PKG\"}'::bpchar[])) AND (l_quantity >= '7'::numeric) AND (l_quantity <= '17'::numeric) AND (part.p_size <= 5)) OR ((part.p_brand = 'Brand#25'::bpchar) AND (part.p_container = ANY ('{\"MED BAG\",\"MED BOX\",\"MED PKG\",\"MED PACK\"}'::bpchar[])) AND (l_quantity >= '17'::numeric) AND (l_quantity <= '27'::numeric) AND (part.p_size <= 10)) OR ((part.p_brand = 'Brand#55'::bpchar) AND (part.p_container = ANY ('{\"LG CASE\",\"LG BOX\",\"LG PACK\",\"LG PKG\"}'::bpchar[])) AND (l_quantity >= '20'::numeric) AND (l_quantity <= '30'::numeric) AND (part.p_size <= 15))))","Rows Removed by Filter": 30,"Workers": []}]}]}]}]},"Planning Time": 5.430,"Triggers": [],"Execution Time": 94.997}]
[{"Plan": {"Node Type": "Aggregate","Strategy": "Plain","Partial Mode": "Finalize","Parallel Aware": false,"Async Capable": false,"Startup Cost": 33510.70,"Total Cost": 33510.71,"Plan Rows": 1,"Plan Width": 32,"Actual Startup Time": 84.657,"Actual Total Time": 99.185,"Actual Rows": 1,"Actual Loops": 1,"Plans": [{"Node Type": "Gather","Parent Relationship": "Outer","Parallel Aware": false,"Async Capable": false,"Startup Cost": 33510.48,"Total Cost": 33510.69,"Plan Rows": 2,"Plan Width": 32,"Actual Startup Time": 84.438,"Actual Total Time": 99.153,"Actual Rows": 3,"Actual Loops": 1,"Workers Planned": 2,"Workers Launched": 2,"Single Copy": false,"Plans": [{"Node Type": "Aggregate","Strategy": "Plain","Partial Mode": "Partial","Parent Relationship": "Outer","Parallel Aware": false,"Async Capable": false,"Startup Cost": 32510.48,"Total Cost": 32510.49,"Plan Rows": 1,"Plan Width": 32,"Actual Startup Time": 77.998,"Actual Total Time": 78.000,"Actual Rows": 1,"Actual Loops": 3,"Workers": [],"Plans": [{"Node Type": "Nested Loop","Parent Relationship": "Outer","Parallel Aware": false,"Async Capable": false,"Join Type": "Inner","Startup Cost": 0.43,"Total Cost": 32510.13,"Plan Rows": 47,"Plan Width": 12,"Actual Startup Time": 2.812,"Actual Total Time": 77.950,"Actual Rows": 42,"Actual Loops": 3,"Inner Unique": false,"Workers": [],"Plans": [{"Node Type": "Seq Scan","Parent Relationship": "Outer","Parallel Aware": true,"Async Capable": false,"Relation Name": "part","Alias": "part","Startup Cost": 0.00,"Total Cost": 7638.67,"Plan Rows": 202,"Plan Width": 30,"Actual Startup Time": 0.359,"Actual Total Time": 31.414,"Actual Rows": 177,"Actual Loops": 3,"Filter": "((p_size >= 1) AND (((p_brand = 'Brand#51'::bpchar) AND (p_container = ANY ('{\"SM CASE\",\"SM BOX\",\"SM PACK\",\"SM PKG\"}'::bpchar[])) AND (p_size <= 5)) OR ((p_brand = 'Brand#13'::bpchar) AND (p_container = ANY ('{\"MED BAG\",\"MED BOX\",\"MED PKG\",\"MED PACK\"}'::bpchar[])) AND (p_size <= 10)) OR ((p_brand = 'Brand#11'::bpchar) AND (p_container = ANY ('{\"LG CASE\",\"LG BOX\",\"LG PACK\",\"LG PKG\"}'::bpchar[])) AND (p_size <= 15))))","Rows Removed by Filter": 66490,"Workers": []},{"Node Type": "Index Scan","Parent Relationship": "Inner","Parallel Aware": false,"Async Capable": false,"Scan Direction": "Forward","Index Name": "idx_lineitem_part_supp","Relation Name": "lineitem","Alias": "lineitem","Startup Cost": 0.43,"Total Cost": 123.12,"Plan Rows": 1,"Plan Width": 21,"Actual Startup Time": 0.235,"Actual Total Time": 0.263,"Actual Rows": 0,"Actual Loops": 530,"Index Cond": "(l_partkey = part.p_partkey)","Rows Removed by Index Recheck": 0,"Filter": "((l_shipmode = ANY ('{AIR,\"AIR REG\"}'::bpchar[])) AND (l_shipinstruct = 'DELIVER IN PERSON'::bpchar) AND (((l_quantity >= '10'::numeric) AND (l_quantity <= '20'::numeric)) OR ((l_quantity >= '16'::numeric) AND (l_quantity <= '26'::numeric)) OR ((l_quantity >= '20'::numeric) AND (l_quantity <= '30'::numeric))) AND (((part.p_brand = 'Brand#51'::bpchar) AND (part.p_container = ANY ('{\"SM CASE\",\"SM BOX\",\"SM PACK\",\"SM PKG\"}'::bpchar[])) AND (l_quantity >= '10'::numeric) AND (l_quantity <= '20'::numeric) AND (part.p_size <= 5)) OR ((part.p_brand = 'Brand#13'::bpchar) AND (part.p_container = ANY ('{\"MED BAG\",\"MED BOX\",\"MED PKG\",\"MED PACK\"}'::bpchar[])) AND (l_quantity >= '16'::numeric) AND (l_quantity <= '26'::numeric) AND (part.p_size <= 10)) OR ((part.p_brand = 'Brand#11'::bpchar) AND (part.p_container = ANY ('{\"LG CASE\",\"LG BOX\",\"LG PACK\",\"LG PKG\"}'::bpchar[])) AND (l_quantity >= '20'::numeric) AND (l_quantity <= '30'::numeric) AND (part.p_size <= 15))))","Rows Removed by Filter": 30,"Workers": []}]}]}]}]},"Planning Time": 5.710,"Triggers": [],"Execution Time": 99.345}]
[{"Plan": {"Node Type": "Aggregate","Strategy": "Plain","Partial Mode": "Finalize","Parallel Aware": false,"Async Capable": false,"Startup Cost": 33738.71,"Total Cost": 33738.72,"Plan Rows": 1,"Plan Width": 32,"Actual Startup Time": 78.746,"Actual Total Time": 93.596,"Actual Rows": 1,"Actual Loops": 1,"Plans": [{"Node Type": "Gather","Parent Relationship": "Outer","Parallel Aware": false,"Async Capable": false,"Startup Cost": 33738.49,"Total Cost": 33738.70,"Plan Rows": 2,"Plan Width": 32,"Actual Startup Time": 78.653,"Actual Total Time": 93.566,"Actual Rows": 3,"Actual Loops": 1,"Workers Planned": 2,"Workers Launched": 2,"Single Copy": false,"Plans": [{"Node Type": "Aggregate","Strategy": "Plain","Partial Mode": "Partial","Parent Relationship": "Outer","Parallel Aware": false,"Async Capable": false,"Startup Cost": 32738.49,"Total Cost": 32738.50,"Plan Rows": 1,"Plan Width": 32,"Actual Startup Time": 72.350,"Actual Total Time": 72.355,"Actual Rows": 1,"Actual Loops": 3,"Workers": [],"Plans": [{"Node Type": "Nested Loop","Parent Relationship": "Outer","Parallel Aware": false,"Async Capable": false,"Join Type": "Inner","Startup Cost": 0.43,"Total Cost": 32738.13,"Plan Rows": 48,"Plan Width": 12,"Actual Startup Time": 5.393,"Actual Total Time": 72.306,"Actual Rows": 41,"Actual Loops": 3,"Inner Unique": false,"Workers": [],"Plans": [{"Node Type": "Seq Scan","Parent Relationship": "Outer","Parallel Aware": true,"Async Capable": false,"Relation Name": "part","Alias": "part","Startup Cost": 0.00,"Total Cost": 7638.67,"Plan Rows": 204,"Plan Width": 30,"Actual Startup Time": 0.605,"Actual Total Time": 30.463,"Actual Rows": 161,"Actual Loops": 3,"Filter": "((p_size >= 1) AND (((p_brand = 'Brand#43'::bpchar) AND (p_container = ANY ('{\"SM CASE\",\"SM BOX\",\"SM PACK\",\"SM PKG\"}'::bpchar[])) AND (p_size <= 5)) OR ((p_brand = 'Brand#54'::bpchar) AND (p_container = ANY ('{\"MED BAG\",\"MED BOX\",\"MED PKG\",\"MED PACK\"}'::bpchar[])) AND (p_size <= 10)) OR ((p_brand = 'Brand#42'::bpchar) AND (p_container = ANY ('{\"LG CASE\",\"LG BOX\",\"LG PACK\",\"LG PKG\"}'::bpchar[])) AND (p_size <= 15))))","Rows Removed by Filter": 66505,"Workers": []},{"Node Type": "Index Scan","Parent Relationship": "Inner","Parallel Aware": false,"Async Capable": false,"Scan Direction": "Forward","Index Name": "idx_lineitem_part_supp","Relation Name": "lineitem","Alias": "lineitem","Startup Cost": 0.43,"Total Cost": 123.03,"Plan Rows": 1,"Plan Width": 21,"Actual Startup Time": 0.233,"Actual Total Time": 0.259,"Actual Rows": 0,"Actual Loops": 484,"Index Cond": "(l_partkey = part.p_partkey)","Rows Removed by Index Recheck": 0,"Filter": "((l_shipmode = ANY ('{AIR,\"AIR REG\"}'::bpchar[])) AND (l_shipinstruct = 'DELIVER IN PERSON'::bpchar) AND (((l_quantity >= '9'::numeric) AND (l_quantity <= '19'::numeric)) OR ((l_quantity >= '11'::numeric) AND (l_quantity <= '21'::numeric)) OR ((l_quantity >= '22'::numeric) AND (l_quantity <= '32'::numeric))) AND (((part.p_brand = 'Brand#43'::bpchar) AND (part.p_container = ANY ('{\"SM CASE\",\"SM BOX\",\"SM PACK\",\"SM PKG\"}'::bpchar[])) AND (l_quantity >= '9'::numeric) AND (l_quantity <= '19'::numeric) AND (part.p_size <= 5)) OR ((part.p_brand = 'Brand#54'::bpchar) AND (part.p_container = ANY ('{\"MED BAG\",\"MED BOX\",\"MED PKG\",\"MED PACK\"}'::bpchar[])) AND (l_quantity >= '11'::numeric) AND (l_quantity <= '21'::numeric) AND (part.p_size <= 10)) OR ((part.p_brand = 'Brand#42'::bpchar) AND (part.p_container = ANY ('{\"LG CASE\",\"LG BOX\",\"LG PACK\",\"LG PKG\"}'::bpchar[])) AND (l_quantity >= '22'::numeric) AND (l_quantity <= '32'::numeric) AND (part.p_size <= 15))))","Rows Removed by Filter": 30,"Workers": []}]}]}]}]},"Planning Time": 6.541,"Triggers": [],"Execution Time": 93.854}]
[{"Plan": {"Node Type": "Aggregate","Strategy": "Plain","Partial Mode": "Finalize","Parallel Aware": false,"Async Capable": false,"Startup Cost": 33163.57,"Total Cost": 33163.58,"Plan Rows": 1,"Plan Width": 32,"Actual Startup Time": 81.699,"Actual Total Time": 95.839,"Actual Rows": 1,"Actual Loops": 1,"Plans": [{"Node Type": "Gather","Parent Relationship": "Outer","Parallel Aware": false,"Async Capable": false,"Startup Cost": 33163.35,"Total Cost": 33163.56,"Plan Rows": 2,"Plan Width": 32,"Actual Startup Time": 81.420,"Actual Total Time": 95.809,"Actual Rows": 3,"Actual Loops": 1,"Workers Planned": 2,"Workers Launched": 2,"Single Copy": false,"Plans": [{"Node Type": "Aggregate","Strategy": "Plain","Partial Mode": "Partial","Parent Relationship": "Outer","Parallel Aware": false,"Async Capable": false,"Startup Cost": 32163.35,"Total Cost": 32163.36,"Plan Rows": 1,"Plan Width": 32,"Actual Startup Time": 75.103,"Actual Total Time": 75.107,"Actual Rows": 1,"Actual Loops": 3,"Workers": [],"Plans": [{"Node Type": "Nested Loop","Parent Relationship": "Outer","Parallel Aware": false,"Async Capable": false,"Join Type": "Inner","Startup Cost": 0.43,"Total Cost": 32163.00,"Plan Rows": 46,"Plan Width": 12,"Actual Startup Time": 4.420,"Actual Total Time": 75.061,"Actual Rows": 34,"Actual Loops": 3,"Inner Unique": false,"Workers": [],"Plans": [{"Node Type": "Seq Scan","Parent Relationship": "Outer","Parallel Aware": true,"Async Capable": false,"Relation Name": "part","Alias": "part","Startup Cost": 0.00,"Total Cost": 7638.67,"Plan Rows": 199,"Plan Width": 30,"Actual Startup Time": 0.187,"Actual Total Time": 32.449,"Actual Rows": 158,"Actual Loops": 3,"Filter": "((p_size >= 1) AND (((p_brand = 'Brand#54'::bpchar) AND (p_container = ANY ('{\"SM CASE\",\"SM BOX\",\"SM PACK\",\"SM PKG\"}'::bpchar[])) AND (p_size <= 5)) OR ((p_brand = 'Brand#23'::bpchar) AND (p_container = ANY ('{\"MED BAG\",\"MED BOX\",\"MED PKG\",\"MED PACK\"}'::bpchar[])) AND (p_size <= 10)) OR ((p_brand = 'Brand#51'::bpchar) AND (p_container = ANY ('{\"LG CASE\",\"LG BOX\",\"LG PACK\",\"LG PKG\"}'::bpchar[])) AND (p_size <= 15))))","Rows Removed by Filter": 66508,"Workers": []},{"Node Type": "Index Scan","Parent Relationship": "Inner","Parallel Aware": false,"Async Capable": false,"Scan Direction": "Forward","Index Name": "idx_lineitem_part_supp","Relation Name": "lineitem","Alias": "lineitem","Startup Cost": 0.43,"Total Cost": 123.23,"Plan Rows": 1,"Plan Width": 21,"Actual Startup Time": 0.242,"Actual Total Time": 0.269,"Actual Rows": 0,"Actual Loops": 475,"Index Cond": "(l_partkey = part.p_partkey)","Rows Removed by Index Recheck": 0,"Filter": "((l_shipmode = ANY ('{AIR,\"AIR REG\"}'::bpchar[])) AND (l_shipinstruct = 'DELIVER IN PERSON'::bpchar) AND (((l_quantity >= '9'::numeric) AND (l_quantity <= '19'::numeric)) OR ((l_quantity >= '15'::numeric) AND (l_quantity <= '25'::numeric)) OR ((l_quantity >= '25'::numeric) AND (l_quantity <= '35'::numeric))) AND (((part.p_brand = 'Brand#54'::bpchar) AND (part.p_container = ANY ('{\"SM CASE\",\"SM BOX\",\"SM PACK\",\"SM PKG\"}'::bpchar[])) AND (l_quantity >= '9'::numeric) AND (l_quantity <= '19'::numeric) AND (part.p_size <= 5)) OR ((part.p_brand = 'Brand#23'::bpchar) AND (part.p_container = ANY ('{\"MED BAG\",\"MED BOX\",\"MED PKG\",\"MED PACK\"}'::bpchar[])) AND (l_quantity >= '15'::numeric) AND (l_quantity <= '25'::numeric) AND (part.p_size <= 10)) OR ((part.p_brand = 'Brand#51'::bpchar) AND (part.p_container = ANY ('{\"LG CASE\",\"LG BOX\",\"LG PACK\",\"LG PKG\"}'::bpchar[])) AND (l_quantity >= '25'::numeric) AND (l_quantity <= '35'::numeric) AND (part.p_size <= 15))))","Rows Removed by Filter": 29,"Workers": []}]}]}]}]},"Planning Time": 5.495,"Triggers": [],"Execution Time": 95.998}]
[{"Plan": {"Node Type": "Aggregate","Strategy": "Plain","Partial Mode": "Finalize","Parallel Aware": false,"Async Capable": false,"Startup Cost": 34088.22,"Total Cost": 34088.23,"Plan Rows": 1,"Plan Width": 32,"Actual Startup Time": 85.604,"Actual Total Time": 100.626,"Actual Rows": 1,"Actual Loops": 1,"Plans": [{"Node Type": "Gather","Parent Relationship": "Outer","Parallel Aware": false,"Async Capable": false,"Startup Cost": 34087.99,"Total Cost": 34088.20,"Plan Rows": 2,"Plan Width": 32,"Actual Startup Time": 85.382,"Actual Total Time": 100.596,"Actual Rows": 3,"Actual Loops": 1,"Workers Planned": 2,"Workers Launched": 2,"Single Copy": false,"Plans": [{"Node Type": "Aggregate","Strategy": "Plain","Partial Mode": "Partial","Parent Relationship": "Outer","Parallel Aware": false,"Async Capable": false,"Startup Cost": 33087.99,"Total Cost": 33088.00,"Plan Rows": 1,"Plan Width": 32,"Actual Startup Time": 78.801,"Actual Total Time": 78.804,"Actual Rows": 1,"Actual Loops": 3,"Workers": [],"Plans": [{"Node Type": "Nested Loop","Parent Relationship": "Outer","Parallel Aware": false,"Async Capable": false,"Join Type": "Inner","Startup Cost": 0.43,"Total Cost": 33087.63,"Plan Rows": 48,"Plan Width": 12,"Actual Startup Time": 4.999,"Actual Total Time": 78.756,"Actual Rows": 38,"Actual Loops": 3,"Inner Unique": false,"Workers": [],"Plans": [{"Node Type": "Seq Scan","Parent Relationship": "Outer","Parallel Aware": true,"Async Capable": false,"Relation Name": "part","Alias": "part","Startup Cost": 0.00,"Total Cost": 7638.67,"Plan Rows": 207,"Plan Width": 30,"Actual Startup Time": 0.612,"Actual Total Time": 34.842,"Actual Rows": 156,"Actual Loops": 3,"Filter": "((p_size >= 1) AND (((p_brand = 'Brand#25'::bpchar) AND (p_container = ANY ('{\"SM CASE\",\"SM BOX\",\"SM PACK\",\"SM PKG\"}'::bpchar[])) AND (p_size <= 5)) OR ((p_brand = 'Brand#42'::bpchar) AND (p_container = ANY ('{\"MED BAG\",\"MED BOX\",\"MED PKG\",\"MED PACK\"}'::bpchar[])) AND (p_size <= 10)) OR ((p_brand = 'Brand#15'::bpchar) AND (p_container = ANY ('{\"LG CASE\",\"LG BOX\",\"LG PACK\",\"LG PKG\"}'::bpchar[])) AND (p_size <= 15))))","Rows Removed by Filter": 66511,"Workers": []},{"Node Type": "Index Scan","Parent Relationship": "Inner","Parallel Aware": false,"Async Capable": false,"Scan Direction": "Forward","Index Name": "idx_lineitem_part_supp","Relation Name": "lineitem","Alias": "lineitem","Startup Cost": 0.43,"Total Cost": 122.93,"Plan Rows": 1,"Plan Width": 21,"Actual Startup Time": 0.253,"Actual Total Time": 0.281,"Actual Rows": 0,"Actual Loops": 468,"Index Cond": "(l_partkey = part.p_partkey)","Rows Removed by Index Recheck": 0,"Filter": "((l_shipmode = ANY ('{AIR,\"AIR REG\"}'::bpchar[])) AND (l_shipinstruct = 'DELIVER IN PERSON'::bpchar) AND (((l_quantity >= '10'::numeric) AND (l_quantity <= '20'::numeric)) OR ((l_quantity >= '14'::numeric) AND (l_quantity <= '24'::numeric)) OR ((l_quantity >= '29'::numeric) AND (l_quantity <= '39'::numeric))) AND (((part.p_brand = 'Brand#25'::bpchar) AND (part.p_container = ANY ('{\"SM CASE\",\"SM BOX\",\"SM PACK\",\"SM PKG\"}'::bpchar[])) AND (l_quantity >= '10'::numeric) AND (l_quantity <= '20'::numeric) AND (part.p_size <= 5)) OR ((part.p_brand = 'Brand#42'::bpchar) AND (part.p_container = ANY ('{\"MED BAG\",\"MED BOX\",\"MED PKG\",\"MED PACK\"}'::bpchar[])) AND (l_quantity >= '14'::numeric) AND (l_quantity <= '24'::numeric) AND (part.p_size <= 10)) OR ((part.p_brand = 'Brand#15'::bpchar) AND (part.p_container = ANY ('{\"LG CASE\",\"LG BOX\",\"LG PACK\",\"LG PKG\"}'::bpchar[])) AND (l_quantity >= '29'::numeric) AND (l_quantity <= '39'::numeric) AND (part.p_size <= 15))))","Rows Removed by Filter": 30,"Workers": []}]}]}]}]},"Planning Time": 4.864,"Triggers": [],"Execution Time": 100.799}]
[{"Plan": {"Node Type": "Aggregate","Strategy": "Plain","Partial Mode": "Finalize","Parallel Aware": false,"Async Capable": false,"Startup Cost": 33620.61,"Total Cost": 33620.62,"Plan Rows": 1,"Plan Width": 32,"Actual Startup Time": 83.603,"Actual Total Time": 98.759,"Actual Rows": 1,"Actual Loops": 1,"Plans": [{"Node Type": "Gather","Parent Relationship": "Outer","Parallel Aware": false,"Async Capable": false,"Startup Cost": 33620.38,"Total Cost": 33620.59,"Plan Rows": 2,"Plan Width": 32,"Actual Startup Time": 83.434,"Actual Total Time": 98.741,"Actual Rows": 3,"Actual Loops": 1,"Workers Planned": 2,"Workers Launched": 2,"Single Copy": false,"Plans": [{"Node Type": "Aggregate","Strategy": "Plain","Partial Mode": "Partial","Parent Relationship": "Outer","Parallel Aware": false,"Async Capable": false,"Startup Cost": 32620.38,"Total Cost": 32620.39,"Plan Rows": 1,"Plan Width": 32,"Actual Startup Time": 76.921,"Actual Total Time": 76.922,"Actual Rows": 1,"Actual Loops": 3,"Workers": [],"Plans": [{"Node Type": "Nested Loop","Parent Relationship": "Outer","Parallel Aware": false,"Async Capable": false,"Join Type": "Inner","Startup Cost": 0.43,"Total Cost": 32620.03,"Plan Rows": 47,"Plan Width": 12,"Actual Startup Time": 1.838,"Actual Total Time": 76.870,"Actual Rows": 40,"Actual Loops": 3,"Inner Unique": false,"Workers": [],"Plans": [{"Node Type": "Seq Scan","Parent Relationship": "Outer","Parallel Aware": true,"Async Capable": false,"Relation Name": "part","Alias": "part","Startup Cost": 0.00,"Total Cost": 7638.67,"Plan Rows": 203,"Plan Width": 30,"Actual Startup Time": 0.592,"Actual Total Time": 31.664,"Actual Rows": 170,"Actual Loops": 3,"Filter": "((p_size >= 1) AND (((p_brand = 'Brand#11'::bpchar) AND (p_container = ANY ('{\"SM CASE\",\"SM BOX\",\"SM PACK\",\"SM PKG\"}'::bpchar[])) AND (p_size <= 5)) OR ((p_brand = 'Brand#12'::bpchar) AND (p_container = ANY ('{\"MED BAG\",\"MED BOX\",\"MED PKG\",\"MED PACK\"}'::bpchar[])) AND (p_size <= 10)) OR ((p_brand = 'Brand#41'::bpchar) AND (p_container = ANY ('{\"LG CASE\",\"LG BOX\",\"LG PACK\",\"LG PKG\"}'::bpchar[])) AND (p_size <= 15))))","Rows Removed by Filter": 66496,"Workers": []},{"Node Type": "Index Scan","Parent Relationship": "Inner","Parallel Aware": false,"Async Capable": false,"Scan Direction": "Forward","Index Name": "idx_lineitem_part_supp","Relation Name": "lineitem","Alias": "lineitem","Startup Cost": 0.43,"Total Cost": 123.05,"Plan Rows": 1,"Plan Width": 21,"Actual Startup Time": 0.235,"Actual Total Time": 0.265,"Actual Rows": 0,"Actual Loops": 511,"Index Cond": "(l_partkey = part.p_partkey)","Rows Removed by Index Recheck": 0,"Filter": "((l_shipmode = ANY ('{AIR,\"AIR REG\"}'::bpchar[])) AND (l_shipinstruct = 'DELIVER IN PERSON'::bpchar) AND (((l_quantity >= '6'::numeric) AND (l_quantity <= '16'::numeric)) OR ((l_quantity >= '15'::numeric) AND (l_quantity <= '25'::numeric)) OR ((l_quantity >= '25'::numeric) AND (l_quantity <= '35'::numeric))) AND (((part.p_brand = 'Brand#11'::bpchar) AND (part.p_container = ANY ('{\"SM CASE\",\"SM BOX\",\"SM PACK\",\"SM PKG\"}'::bpchar[])) AND (l_quantity >= '6'::numeric) AND (l_quantity <= '16'::numeric) AND (part.p_size <= 5)) OR ((part.p_brand = 'Brand#12'::bpchar) AND (part.p_container = ANY ('{\"MED BAG\",\"MED BOX\",\"MED PKG\",\"MED PACK\"}'::bpchar[])) AND (l_quantity >= '15'::numeric) AND (l_quantity <= '25'::numeric) AND (part.p_size <= 10)) OR ((part.p_brand = 'Brand#41'::bpchar) AND (part.p_container = ANY ('{\"LG CASE\",\"LG BOX\",\"LG PACK\",\"LG PKG\"}'::bpchar[])) AND (l_quantity >= '25'::numeric) AND (l_quantity <= '35'::numeric) AND (part.p_size <= 15))))","Rows Removed by Filter": 30,"Workers": []}]}]}]}]},"Planning Time": 6.569,"Triggers": [],"Execution Time": 98.929}]
[{"Plan": {"Node Type": "Aggregate","Strategy": "Plain","Partial Mode": "Finalize","Parallel Aware": false,"Async Capable": false,"Startup Cost": 33159.59,"Total Cost": 33159.60,"Plan Rows": 1,"Plan Width": 32,"Actual Startup Time": 79.197,"Actual Total Time": 94.566,"Actual Rows": 1,"Actual Loops": 1,"Plans": [{"Node Type": "Gather","Parent Relationship": "Outer","Parallel Aware": false,"Async Capable": false,"Startup Cost": 33159.37,"Total Cost": 33159.58,"Plan Rows": 2,"Plan Width": 32,"Actual Startup Time": 79.061,"Actual Total Time": 94.534,"Actual Rows": 3,"Actual Loops": 1,"Workers Planned": 2,"Workers Launched": 2,"Single Copy": false,"Plans": [{"Node Type": "Aggregate","Strategy": "Plain","Partial Mode": "Partial","Parent Relationship": "Outer","Parallel Aware": false,"Async Capable": false,"Startup Cost": 32159.37,"Total Cost": 32159.38,"Plan Rows": 1,"Plan Width": 32,"Actual Startup Time": 72.945,"Actual Total Time": 72.948,"Actual Rows": 1,"Actual Loops": 3,"Workers": [],"Plans": [{"Node Type": "Nested Loop","Parent Relationship": "Outer","Parallel Aware": false,"Async Capable": false,"Join Type": "Inner","Startup Cost": 0.43,"Total Cost": 32159.02,"Plan Rows": 46,"Plan Width": 12,"Actual Startup Time": 1.455,"Actual Total Time": 72.904,"Actual Rows": 44,"Actual Loops": 3,"Inner Unique": false,"Workers": [],"Plans": [{"Node Type": "Seq Scan","Parent Relationship": "Outer","Parallel Aware": true,"Async Capable": false,"Relation Name": "part","Alias": "part","Startup Cost": 0.00,"Total Cost": 7638.67,"Plan Rows": 199,"Plan Width": 30,"Actual Startup Time": 0.174,"Actual Total Time": 30.293,"Actual Rows": 165,"Actual Loops": 3,"Filter": "((p_size >= 1) AND (((p_brand = 'Brand#33'::bpchar) AND (p_container = ANY ('{\"SM CASE\",\"SM BOX\",\"SM PACK\",\"SM PKG\"}'::bpchar[])) AND (p_size <= 5)) OR ((p_brand = 'Brand#43'::bpchar) AND (p_container = ANY ('{\"MED BAG\",\"MED BOX\",\"MED PKG\",\"MED PACK\"}'::bpchar[])) AND (p_size <= 10)) OR ((p_brand = 'Brand#25'::bpchar) AND (p_container = ANY ('{\"LG CASE\",\"LG BOX\",\"LG PACK\",\"LG PKG\"}'::bpchar[])) AND (p_size <= 15))))","Rows Removed by Filter": 66501,"Workers": []},{"Node Type": "Index Scan","Parent Relationship": "Inner","Parallel Aware": false,"Async Capable": false,"Scan Direction": "Forward","Index Name": "idx_lineitem_part_supp","Relation Name": "lineitem","Alias": "lineitem","Startup Cost": 0.43,"Total Cost": 123.21,"Plan Rows": 1,"Plan Width": 21,"Actual Startup Time": 0.227,"Actual Total Time": 0.257,"Actual Rows": 0,"Actual Loops": 496,"Index Cond": "(l_partkey = part.p_partkey)","Rows Removed by Index Recheck": 0,"Filter": "((l_shipmode = ANY ('{AIR,\"AIR REG\"}'::bpchar[])) AND (l_shipinstruct = 'DELIVER IN PERSON'::bpchar) AND (((l_quantity >= '3'::numeric) AND (l_quantity <= '13'::numeric)) OR ((l_quantity >= '16'::numeric) AND (l_quantity <= '26'::numeric)) OR ((l_quantity >= '25'::numeric) AND (l_quantity <= '35'::numeric))) AND (((part.p_brand = 'Brand#33'::bpchar) AND (part.p_container = ANY ('{\"SM CASE\",\"SM BOX\",\"SM PACK\",\"SM PKG\"}'::bpchar[])) AND (l_quantity >= '3'::numeric) AND (l_quantity <= '13'::numeric) AND (part.p_size <= 5)) OR ((part.p_brand = 'Brand#43'::bpchar) AND (part.p_container = ANY ('{\"MED BAG\",\"MED BOX\",\"MED PKG\",\"MED PACK\"}'::bpchar[])) AND (l_quantity >= '16'::numeric) AND (l_quantity <= '26'::numeric) AND (part.p_size <= 10)) OR ((part.p_brand = 'Brand#25'::bpchar) AND (part.p_container = ANY ('{\"LG CASE\",\"LG BOX\",\"LG PACK\",\"LG PKG\"}'::bpchar[])) AND (l_quantity >= '25'::numeric) AND (l_quantity <= '35'::numeric) AND (part.p_size <= 15))))","Rows Removed by Filter": 29,"Workers": []}]}]}]}]},"Planning Time": 5.597,"Triggers": [],"Execution Time": 94.774}]
[{"Plan": {"Node Type": "Aggregate","Strategy": "Plain","Partial Mode": "Finalize","Parallel Aware": false,"Async Capable": false,"Startup Cost": 33509.90,"Total Cost": 33509.91,"Plan Rows": 1,"Plan Width": 32,"Actual Startup Time": 80.860,"Actual Total Time": 95.039,"Actual Rows": 1,"Actual Loops": 1,"Plans": [{"Node Type": "Gather","Parent Relationship": "Outer","Parallel Aware": false,"Async Capable": false,"Startup Cost": 33509.68,"Total Cost": 33509.89,"Plan Rows": 2,"Plan Width": 32,"Actual Startup Time": 80.593,"Actual Total Time": 95.010,"Actual Rows": 3,"Actual Loops": 1,"Workers Planned": 2,"Workers Launched": 2,"Single Copy": false,"Plans": [{"Node Type": "Aggregate","Strategy": "Plain","Partial Mode": "Partial","Parent Relationship": "Outer","Parallel Aware": false,"Async Capable": false,"Startup Cost": 32509.68,"Total Cost": 32509.69,"Plan Rows": 1,"Plan Width": 32,"Actual Startup Time": 74.249,"Actual Total Time": 74.252,"Actual Rows": 1,"Actual Loops": 3,"Workers": [],"Plans": [{"Node Type": "Nested Loop","Parent Relationship": "Outer","Parallel Aware": false,"Async Capable": false,"Join Type": "Inner","Startup Cost": 0.43,"Total Cost": 32509.33,"Plan Rows": 47,"Plan Width": 12,"Actual Startup Time": 6.435,"Actual Total Time": 74.206,"Actual Rows": 35,"Actual Loops": 3,"Inner Unique": false,"Workers": [],"Plans": [{"Node Type": "Seq Scan","Parent Relationship": "Outer","Parallel Aware": true,"Async Capable": false,"Relation Name": "part","Alias": "part","Startup Cost": 0.00,"Total Cost": 7638.67,"Plan Rows": 202,"Plan Width": 30,"Actual Startup Time": 0.382,"Actual Total Time": 31.304,"Actual Rows": 164,"Actual Loops": 3,"Filter": "((p_size >= 1) AND (((p_brand = 'Brand#35'::bpchar) AND (p_container = ANY ('{\"SM CASE\",\"SM BOX\",\"SM PACK\",\"SM PKG\"}'::bpchar[])) AND (p_size <= 5)) OR ((p_brand = 'Brand#34'::bpchar) AND (p_container = ANY ('{\"MED BAG\",\"MED BOX\",\"MED PKG\",\"MED PACK\"}'::bpchar[])) AND (p_size <= 10)) OR ((p_brand = 'Brand#12'::bpchar) AND (p_container = ANY ('{\"LG CASE\",\"LG BOX\",\"LG PACK\",\"LG PKG\"}'::bpchar[])) AND (p_size <= 15))))","Rows Removed by Filter": 66503,"Workers": []},{"Node Type": "Index Scan","Parent Relationship": "Inner","Parallel Aware": false,"Async Capable": false,"Scan Direction": "Forward","Index Name": "idx_lineitem_part_supp","Relation Name": "lineitem","Alias": "lineitem","Startup Cost": 0.43,"Total Cost": 123.11,"Plan Rows": 1,"Plan Width": 21,"Actual Startup Time": 0.237,"Actual Total Time": 0.262,"Actual Rows": 0,"Actual Loops": 491,"Index Cond": "(l_partkey = part.p_partkey)","Rows Removed by Index Recheck": 0,"Filter": "((l_shipmode = ANY ('{AIR,\"AIR REG\"}'::bpchar[])) AND (l_shipinstruct = 'DELIVER IN PERSON'::bpchar) AND (((l_quantity >= '6'::numeric) AND (l_quantity <= '16'::numeric)) OR ((l_quantity >= '13'::numeric) AND (l_quantity <= '23'::numeric)) OR ((l_quantity >= '20'::numeric) AND (l_quantity <= '30'::numeric))) AND (((part.p_brand = 'Brand#35'::bpchar) AND (part.p_container = ANY ('{\"SM CASE\",\"SM BOX\",\"SM PACK\",\"SM PKG\"}'::bpchar[])) AND (l_quantity >= '6'::numeric) AND (l_quantity <= '16'::numeric) AND (part.p_size <= 5)) OR ((part.p_brand = 'Brand#34'::bpchar) AND (part.p_container = ANY ('{\"MED BAG\",\"MED BOX\",\"MED PKG\",\"MED PACK\"}'::bpchar[])) AND (l_quantity >= '13'::numeric) AND (l_quantity <= '23'::numeric) AND (part.p_size <= 10)) OR ((part.p_brand = 'Brand#12'::bpchar) AND (part.p_container = ANY ('{\"LG CASE\",\"LG BOX\",\"LG PACK\",\"LG PKG\"}'::bpchar[])) AND (l_quantity >= '20'::numeric) AND (l_quantity <= '30'::numeric) AND (part.p_size <= 15))))","Rows Removed by Filter": 30,"Workers": []}]}]}]}]},"Planning Time": 7.040,"Triggers": [],"Execution Time": 95.181}]
[{"Plan": {"Node Type": "Aggregate","Strategy": "Plain","Partial Mode": "Finalize","Parallel Aware": false,"Async Capable": false,"Startup Cost": 33164.03,"Total Cost": 33164.04,"Plan Rows": 1,"Plan Width": 32,"Actual Startup Time": 82.498,"Actual Total Time": 97.322,"Actual Rows": 1,"Actual Loops": 1,"Plans": [{"Node Type": "Gather","Parent Relationship": "Outer","Parallel Aware": false,"Async Capable": false,"Startup Cost": 33163.80,"Total Cost": 33164.01,"Plan Rows": 2,"Plan Width": 32,"Actual Startup Time": 82.230,"Actual Total Time": 97.278,"Actual Rows": 3,"Actual Loops": 1,"Workers Planned": 2,"Workers Launched": 2,"Single Copy": false,"Plans": [{"Node Type": "Aggregate","Strategy": "Plain","Partial Mode": "Partial","Parent Relationship": "Outer","Parallel Aware": false,"Async Capable": false,"Startup Cost": 32163.80,"Total Cost": 32163.81,"Plan Rows": 1,"Plan Width": 32,"Actual Startup Time": 76.072,"Actual Total Time": 76.078,"Actual Rows": 1,"Actual Loops": 3,"Workers": [],"Plans": [{"Node Type": "Nested Loop","Parent Relationship": "Outer","Parallel Aware": false,"Async Capable": false,"Join Type": "Inner","Startup Cost": 0.43,"Total Cost": 32163.46,"Plan Rows": 46,"Plan Width": 12,"Actual Startup Time": 4.944,"Actual Total Time": 76.032,"Actual Rows": 43,"Actual Loops": 3,"Inner Unique": false,"Workers": [],"Plans": [{"Node Type": "Seq Scan","Parent Relationship": "Outer","Parallel Aware": true,"Async Capable": false,"Relation Name": "part","Alias": "part","Startup Cost": 0.00,"Total Cost": 7638.67,"Plan Rows": 199,"Plan Width": 30,"Actual Startup Time": 0.376,"Actual Total Time": 31.798,"Actual Rows": 170,"Actual Loops": 3,"Filter": "((p_size >= 1) AND (((p_brand = 'Brand#53'::bpchar) AND (p_container = ANY ('{\"SM CASE\",\"SM BOX\",\"SM PACK\",\"SM PKG\"}'::bpchar[])) AND (p_size <= 5)) OR ((p_brand = 'Brand#43'::bpchar) AND (p_container = ANY ('{\"MED BAG\",\"MED BOX\",\"MED PKG\",\"MED PACK\"}'::bpchar[])) AND (p_size <= 10)) OR ((p_brand = 'Brand#54'::bpchar) AND (p_container = ANY ('{\"LG CASE\",\"LG BOX\",\"LG PACK\",\"LG PKG\"}'::bpchar[])) AND (p_size <= 15))))","Rows Removed by Filter": 66497,"Workers": []},{"Node Type": "Index Scan","Parent Relationship": "Inner","Parallel Aware": false,"Async Capable": false,"Scan Direction": "Forward","Index Name": "idx_lineitem_part_supp","Relation Name": "lineitem","Alias": "lineitem","Startup Cost": 0.43,"Total Cost": 123.23,"Plan Rows": 1,"Plan Width": 21,"Actual Startup Time": 0.228,"Actual Total Time": 0.260,"Actual Rows": 0,"Actual Loops": 510,"Index Cond": "(l_partkey = part.p_partkey)","Rows Removed by Index Recheck": 0,"Filter": "((l_shipmode = ANY ('{AIR,\"AIR REG\"}'::bpchar[])) AND (l_shipinstruct = 'DELIVER IN PERSON'::bpchar) AND (((l_quantity >= '1'::numeric) AND (l_quantity <= '11'::numeric)) OR ((l_quantity >= '18'::numeric) AND (l_quantity <= '28'::numeric)) OR ((l_quantity >= '21'::numeric) AND (l_quantity <= '31'::numeric))) AND (((part.p_brand = 'Brand#53'::bpchar) AND (part.p_container = ANY ('{\"SM CASE\",\"SM BOX\",\"SM PACK\",\"SM PKG\"}'::bpchar[])) AND (l_quantity >= '1'::numeric) AND (l_quantity <= '11'::numeric) AND (part.p_size <= 5)) OR ((part.p_brand = 'Brand#43'::bpchar) AND (part.p_container = ANY ('{\"MED BAG\",\"MED BOX\",\"MED PKG\",\"MED PACK\"}'::bpchar[])) AND (l_quantity >= '18'::numeric) AND (l_quantity <= '28'::numeric) AND (part.p_size <= 10)) OR ((part.p_brand = 'Brand#54'::bpchar) AND (part.p_container = ANY ('{\"LG CASE\",\"LG BOX\",\"LG PACK\",\"LG PKG\"}'::bpchar[])) AND (l_quantity >= '21'::numeric) AND (l_quantity <= '31'::numeric) AND (part.p_size <= 15))))","Rows Removed by Filter": 30,"Workers": []}]}]}]}]},"Planning Time": 6.790,"Triggers": [],"Execution Time": 97.474}]
[{"Plan": {"Node Type": "Aggregate","Strategy": "Plain","Partial Mode": "Finalize","Parallel Aware": false,"Async Capable": false,"Startup Cost": 33973.98,"Total Cost": 33973.99,"Plan Rows": 1,"Plan Width": 32,"Actual Startup Time": 84.143,"Actual Total Time": 98.810,"Actual Rows": 1,"Actual Loops": 1,"Plans": [{"Node Type": "Gather","Parent Relationship": "Outer","Parallel Aware": false,"Async Capable": false,"Startup Cost": 33973.76,"Total Cost": 33973.97,"Plan Rows": 2,"Plan Width": 32,"Actual Startup Time": 83.951,"Actual Total Time": 98.784,"Actual Rows": 3,"Actual Loops": 1,"Workers Planned": 2,"Workers Launched": 2,"Single Copy": false,"Plans": [{"Node Type": "Aggregate","Strategy": "Plain","Partial Mode": "Partial","Parent Relationship": "Outer","Parallel Aware": false,"Async Capable": false,"Startup Cost": 32973.76,"Total Cost": 32973.77,"Plan Rows": 1,"Plan Width": 32,"Actual Startup Time": 77.331,"Actual Total Time": 77.334,"Actual Rows": 1,"Actual Loops": 3,"Workers": [],"Plans": [{"Node Type": "Nested Loop","Parent Relationship": "Outer","Parallel Aware": false,"Async Capable": false,"Join Type": "Inner","Startup Cost": 0.43,"Total Cost": 32973.39,"Plan Rows": 48,"Plan Width": 12,"Actual Startup Time": 1.066,"Actual Total Time": 77.280,"Actual Rows": 44,"Actual Loops": 3,"Inner Unique": false,"Workers": [],"Plans": [{"Node Type": "Seq Scan","Parent Relationship": "Outer","Parallel Aware": true,"Async Capable": false,"Relation Name": "part","Alias": "part","Startup Cost": 0.00,"Total Cost": 7638.67,"Plan Rows": 206,"Plan Width": 30,"Actual Startup Time": 0.285,"Actual Total Time": 33.252,"Actual Rows": 162,"Actual Loops": 3,"Filter": "((p_size >= 1) AND (((p_brand = 'Brand#12'::bpchar) AND (p_container = ANY ('{\"SM CASE\",\"SM BOX\",\"SM PACK\",\"SM PKG\"}'::bpchar[])) AND (p_size <= 5)) OR ((p_brand = 'Brand#51'::bpchar) AND (p_container = ANY ('{\"MED BAG\",\"MED BOX\",\"MED PKG\",\"MED PACK\"}'::bpchar[])) AND (p_size <= 10)) OR ((p_brand = 'Brand#42'::bpchar) AND (p_container = ANY ('{\"LG CASE\",\"LG BOX\",\"LG PACK\",\"LG PKG\"}'::bpchar[])) AND (p_size <= 15))))","Rows Removed by Filter": 66504,"Workers": []},{"Node Type": "Index Scan","Parent Relationship": "Inner","Parallel Aware": false,"Async Capable": false,"Scan Direction": "Forward","Index Name": "idx_lineitem_part_supp","Relation Name": "lineitem","Alias": "lineitem","Startup Cost": 0.43,"Total Cost": 122.97,"Plan Rows": 1,"Plan Width": 21,"Actual Startup Time": 0.237,"Actual Total Time": 0.271,"Actual Rows": 0,"Actual Loops": 487,"Index Cond": "(l_partkey = part.p_partkey)","Rows Removed by Index Recheck": 0,"Filter": "((l_shipmode = ANY ('{AIR,\"AIR REG\"}'::bpchar[])) AND (l_shipinstruct = 'DELIVER IN PERSON'::bpchar) AND (((l_quantity >= '3'::numeric) AND (l_quantity <= '13'::numeric)) OR ((l_quantity >= '11'::numeric) AND (l_quantity <= '21'::numeric)) OR ((l_quantity >= '21'::numeric) AND (l_quantity <= '31'::numeric))) AND (((part.p_brand = 'Brand#12'::bpchar) AND (part.p_container = ANY ('{\"SM CASE\",\"SM BOX\",\"SM PACK\",\"SM PKG\"}'::bpchar[])) AND (l_quantity >= '3'::numeric) AND (l_quantity <= '13'::numeric) AND (part.p_size <= 5)) OR ((part.p_brand = 'Brand#51'::bpchar) AND (part.p_container = ANY ('{\"MED BAG\",\"MED BOX\",\"MED PKG\",\"MED PACK\"}'::bpchar[])) AND (l_quantity >= '11'::numeric) AND (l_quantity <= '21'::numeric) AND (part.p_size <= 10)) OR ((part.p_brand = 'Brand#42'::bpchar) AND (part.p_container = ANY ('{\"LG CASE\",\"LG BOX\",\"LG PACK\",\"LG PKG\"}'::bpchar[])) AND (l_quantity >= '21'::numeric) AND (l_quantity <= '31'::numeric) AND (part.p_size <= 15))))","Rows Removed by Filter": 30,"Workers": []}]}]}]}]},"Planning Time": 5.974,"Triggers": [],"Execution Time": 98.985}]
[{"Plan": {"Node Type": "Aggregate","Strategy": "Plain","Partial Mode": "Finalize","Parallel Aware": false,"Async Capable": false,"Startup Cost": 33854.18,"Total Cost": 33854.19,"Plan Rows": 1,"Plan Width": 32,"Actual Startup Time": 87.987,"Actual Total Time": 103.975,"Actual Rows": 1,"Actual Loops": 1,"Plans": [{"Node Type": "Gather","Parent Relationship": "Outer","Parallel Aware": false,"Async Capable": false,"Startup Cost": 33853.96,"Total Cost": 33854.17,"Plan Rows": 2,"Plan Width": 32,"Actual Startup Time": 87.509,"Actual Total Time": 103.947,"Actual Rows": 3,"Actual Loops": 1,"Workers Planned": 2,"Workers Launched": 2,"Single Copy": false,"Plans": [{"Node Type": "Aggregate","Strategy": "Plain","Partial Mode": "Partial","Parent Relationship": "Outer","Parallel Aware": false,"Async Capable": false,"Startup Cost": 32853.96,"Total Cost": 32853.97,"Plan Rows": 1,"Plan Width": 32,"Actual Startup Time": 80.881,"Actual Total Time": 80.885,"Actual Rows": 1,"Actual Loops": 3,"Workers": [],"Plans": [{"Node Type": "Nested Loop","Parent Relationship": "Outer","Parallel Aware": false,"Async Capable": false,"Join Type": "Inner","Startup Cost": 0.43,"Total Cost": 32853.60,"Plan Rows": 48,"Plan Width": 12,"Actual Startup Time": 3.285,"Actual Total Time": 80.832,"Actual Rows": 41,"Actual Loops": 3,"Inner Unique": false,"Workers": [],"Plans": [{"Node Type": "Seq Scan","Parent Relationship": "Outer","Parallel Aware": true,"Async Capable": false,"Relation Name": "part","Alias": "part","Startup Cost": 0.00,"Total Cost": 7638.67,"Plan Rows": 205,"Plan Width": 30,"Actual Startup Time": 0.153,"Actual Total Time": 33.951,"Actual Rows": 168,"Actual Loops": 3,"Filter": "((p_size >= 1) AND (((p_brand = 'Brand#33'::bpchar) AND (p_container = ANY ('{\"SM CASE\",\"SM BOX\",\"SM PACK\",\"SM PKG\"}'::bpchar[])) AND (p_size <= 5)) OR ((p_brand = 'Brand#52'::bpchar) AND (p_container = ANY ('{\"MED BAG\",\"MED BOX\",\"MED PKG\",\"MED PACK\"}'::bpchar[])) AND (p_size <= 10)) OR ((p_brand = 'Brand#55'::bpchar) AND (p_container = ANY ('{\"LG CASE\",\"LG BOX\",\"LG PACK\",\"LG PKG\"}'::bpchar[])) AND (p_size <= 15))))","Rows Removed by Filter": 66499,"Workers": []},{"Node Type": "Index Scan","Parent Relationship": "Inner","Parallel Aware": false,"Async Capable": false,"Scan Direction": "Forward","Index Name": "idx_lineitem_part_supp","Relation Name": "lineitem","Alias": "lineitem","Startup Cost": 0.43,"Total Cost": 122.99,"Plan Rows": 1,"Plan Width": 21,"Actual Startup Time": 0.251,"Actual Total Time": 0.279,"Actual Rows": 0,"Actual Loops": 503,"Index Cond": "(l_partkey = part.p_partkey)","Rows Removed by Index Recheck": 0,"Filter": "((l_shipmode = ANY ('{AIR,\"AIR REG\"}'::bpchar[])) AND (l_shipinstruct = 'DELIVER IN PERSON'::bpchar) AND (((l_quantity >= '10'::numeric) AND (l_quantity <= '20'::numeric)) OR ((l_quantity >= '12'::numeric) AND (l_quantity <= '22'::numeric)) OR ((l_quantity >= '28'::numeric) AND (l_quantity <= '38'::numeric))) AND (((part.p_brand = 'Brand#33'::bpchar) AND (part.p_container = ANY ('{\"SM CASE\",\"SM BOX\",\"SM PACK\",\"SM PKG\"}'::bpchar[])) AND (l_quantity >= '10'::numeric) AND (l_quantity <= '20'::numeric) AND (part.p_size <= 5)) OR ((part.p_brand = 'Brand#52'::bpchar) AND (part.p_container = ANY ('{\"MED BAG\",\"MED BOX\",\"MED PKG\",\"MED PACK\"}'::bpchar[])) AND (l_quantity >= '12'::numeric) AND (l_quantity <= '22'::numeric) AND (part.p_size <= 10)) OR ((part.p_brand = 'Brand#55'::bpchar) AND (part.p_container = ANY ('{\"LG CASE\",\"LG BOX\",\"LG PACK\",\"LG PKG\"}'::bpchar[])) AND (l_quantity >= '28'::numeric) AND (l_quantity <= '38'::numeric) AND (part.p_size <= 15))))","Rows Removed by Filter": 30,"Workers": []}]}]}]}]},"Planning Time": 6.551,"Triggers": [],"Execution Time": 104.138}]
[{"Plan": {"Node Type": "Aggregate","Strategy": "Plain","Partial Mode": "Finalize","Parallel Aware": false,"Async Capable": false,"Startup Cost": 32815.90,"Total Cost": 32815.91,"Plan Rows": 1,"Plan Width": 32,"Actual Startup Time": 87.614,"Actual Total Time": 102.907,"Actual Rows": 1,"Actual Loops": 1,"Plans": [{"Node Type": "Gather","Parent Relationship": "Outer","Parallel Aware": false,"Async Capable": false,"Startup Cost": 32815.68,"Total Cost": 32815.89,"Plan Rows": 2,"Plan Width": 32,"Actual Startup Time": 87.390,"Actual Total Time": 102.874,"Actual Rows": 3,"Actual Loops": 1,"Workers Planned": 2,"Workers Launched": 2,"Single Copy": false,"Plans": [{"Node Type": "Aggregate","Strategy": "Plain","Partial Mode": "Partial","Parent Relationship": "Outer","Parallel Aware": false,"Async Capable": false,"Startup Cost": 31815.68,"Total Cost": 31815.69,"Plan Rows": 1,"Plan Width": 32,"Actual Startup Time": 80.615,"Actual Total Time": 80.619,"Actual Rows": 1,"Actual Loops": 3,"Workers": [],"Plans": [{"Node Type": "Nested Loop","Parent Relationship": "Outer","Parallel Aware": false,"Async Capable": false,"Join Type": "Inner","Startup Cost": 0.43,"Total Cost": 31815.34,"Plan Rows": 45,"Plan Width": 12,"Actual Startup Time": 6.872,"Actual Total Time": 80.562,"Actual Rows": 46,"Actual Loops": 3,"Inner Unique": false,"Workers": [],"Plans": [{"Node Type": "Seq Scan","Parent Relationship": "Outer","Parallel Aware": true,"Async Capable": false,"Relation Name": "part","Alias": "part","Startup Cost": 0.00,"Total Cost": 7638.67,"Plan Rows": 196,"Plan Width": 30,"Actual Startup Time": 0.158,"Actual Total Time": 34.978,"Actual Rows": 164,"Actual Loops": 3,"Filter": "((p_size >= 1) AND (((p_brand = 'Brand#13'::bpchar) AND (p_container = ANY ('{\"SM CASE\",\"SM BOX\",\"SM PACK\",\"SM PKG\"}'::bpchar[])) AND (p_size <= 5)) OR ((p_brand = 'Brand#54'::bpchar) AND (p_container = ANY ('{\"MED BAG\",\"MED BOX\",\"MED PKG\",\"MED PACK\"}'::bpchar[])) AND (p_size <= 10)) OR ((p_brand = 'Brand#32'::bpchar) AND (p_container = ANY ('{\"LG CASE\",\"LG BOX\",\"LG PACK\",\"LG PKG\"}'::bpchar[])) AND (p_size <= 15))))","Rows Removed by Filter": 66503,"Workers": []},{"Node Type": "Index Scan","Parent Relationship": "Inner","Parallel Aware": false,"Async Capable": false,"Scan Direction": "Forward","Index Name": "idx_lineitem_part_supp","Relation Name": "lineitem","Alias": "lineitem","Startup Cost": 0.43,"Total Cost": 123.34,"Plan Rows": 1,"Plan Width": 21,"Actual Startup Time": 0.241,"Actual Total Time": 0.277,"Actual Rows": 0,"Actual Loops": 492,"Index Cond": "(l_partkey = part.p_partkey)","Rows Removed by Index Recheck": 0,"Filter": "((l_shipmode = ANY ('{AIR,\"AIR REG\"}'::bpchar[])) AND (l_shipinstruct = 'DELIVER IN PERSON'::bpchar) AND (((l_quantity >= '4'::numeric) AND (l_quantity <= '14'::numeric)) OR ((l_quantity >= '20'::numeric) AND (l_quantity <= '30'::numeric)) OR ((l_quantity >= '30'::numeric) AND (l_quantity <= '40'::numeric))) AND (((part.p_brand = 'Brand#13'::bpchar) AND (part.p_container = ANY ('{\"SM CASE\",\"SM BOX\",\"SM PACK\",\"SM PKG\"}'::bpchar[])) AND (l_quantity >= '4'::numeric) AND (l_quantity <= '14'::numeric) AND (part.p_size <= 5)) OR ((part.p_brand = 'Brand#54'::bpchar) AND (part.p_container = ANY ('{\"MED BAG\",\"MED BOX\",\"MED PKG\",\"MED PACK\"}'::bpchar[])) AND (l_quantity >= '20'::numeric) AND (l_quantity <= '30'::numeric) AND (part.p_size <= 10)) OR ((part.p_brand = 'Brand#32'::bpchar) AND (part.p_container = ANY ('{\"LG CASE\",\"LG BOX\",\"LG PACK\",\"LG PKG\"}'::bpchar[])) AND (l_quantity >= '30'::numeric) AND (l_quantity <= '40'::numeric) AND (part.p_size <= 15))))","Rows Removed by Filter": 30,"Workers": []}]}]}]}]},"Planning Time": 7.102,"Triggers": [],"Execution Time": 103.060}]
[{"Plan": {"Node Type": "Aggregate","Strategy": "Plain","Partial Mode": "Finalize","Parallel Aware": false,"Async Capable": false,"Startup Cost": 33160.84,"Total Cost": 33160.85,"Plan Rows": 1,"Plan Width": 32,"Actual Startup Time": 79.964,"Actual Total Time": 94.078,"Actual Rows": 1,"Actual Loops": 1,"Plans": [{"Node Type": "Gather","Parent Relationship": "Outer","Parallel Aware": false,"Async Capable": false,"Startup Cost": 33160.61,"Total Cost": 33160.82,"Plan Rows": 2,"Plan Width": 32,"Actual Startup Time": 79.843,"Actual Total Time": 94.051,"Actual Rows": 3,"Actual Loops": 1,"Workers Planned": 2,"Workers Launched": 2,"Single Copy": false,"Plans": [{"Node Type": "Aggregate","Strategy": "Plain","Partial Mode": "Partial","Parent Relationship": "Outer","Parallel Aware": false,"Async Capable": false,"Startup Cost": 32160.61,"Total Cost": 32160.62,"Plan Rows": 1,"Plan Width": 32,"Actual Startup Time": 73.398,"Actual Total Time": 73.402,"Actual Rows": 1,"Actual Loops": 3,"Workers": [],"Plans": [{"Node Type": "Nested Loop","Parent Relationship": "Outer","Parallel Aware": false,"Async Capable": false,"Join Type": "Inner","Startup Cost": 0.43,"Total Cost": 32160.27,"Plan Rows": 46,"Plan Width": 12,"Actual Startup Time": 4.202,"Actual Total Time": 73.358,"Actual Rows": 39,"Actual Loops": 3,"Inner Unique": false,"Workers": [],"Plans": [{"Node Type": "Seq Scan","Parent Relationship": "Outer","Parallel Aware": true,"Async Capable": false,"Relation Name": "part","Alias": "part","Startup Cost": 0.00,"Total Cost": 7638.67,"Plan Rows": 199,"Plan Width": 30,"Actual Startup Time": 0.400,"Actual Total Time": 31.212,"Actual Rows": 159,"Actual Loops": 3,"Filter": "((p_size >= 1) AND (((p_brand = 'Brand#22'::bpchar) AND (p_container = ANY ('{\"SM CASE\",\"SM BOX\",\"SM PACK\",\"SM PKG\"}'::bpchar[])) AND (p_size <= 5)) OR ((p_brand = 'Brand#25'::bpchar) AND (p_container = ANY ('{\"MED BAG\",\"MED BOX\",\"MED PKG\",\"MED PACK\"}'::bpchar[])) AND (p_size <= 10)) OR ((p_brand = 'Brand#52'::bpchar) AND (p_container = ANY ('{\"LG CASE\",\"LG BOX\",\"LG PACK\",\"LG PKG\"}'::bpchar[])) AND (p_size <= 15))))","Rows Removed by Filter": 66507,"Workers": []},{"Node Type": "Index Scan","Parent Relationship": "Inner","Parallel Aware": false,"Async Capable": false,"Scan Direction": "Forward","Index Name": "idx_lineitem_part_supp","Relation Name": "lineitem","Alias": "lineitem","Startup Cost": 0.43,"Total Cost": 123.21,"Plan Rows": 1,"Plan Width": 21,"Actual Startup Time": 0.239,"Actual Total Time": 0.264,"Actual Rows": 0,"Actual Loops": 478,"Index Cond": "(l_partkey = part.p_partkey)","Rows Removed by Index Recheck": 0,"Filter": "((l_shipmode = ANY ('{AIR,\"AIR REG\"}'::bpchar[])) AND (l_shipinstruct = 'DELIVER IN PERSON'::bpchar) AND (((l_quantity >= '6'::numeric) AND (l_quantity <= '16'::numeric)) OR ((l_quantity >= '10'::numeric) AND (l_quantity <= '20'::numeric)) OR ((l_quantity >= '24'::numeric) AND (l_quantity <= '34'::numeric))) AND (((part.p_brand = 'Brand#22'::bpchar) AND (part.p_container = ANY ('{\"SM CASE\",\"SM BOX\",\"SM PACK\",\"SM PKG\"}'::bpchar[])) AND (l_quantity >= '6'::numeric) AND (l_quantity <= '16'::numeric) AND (part.p_size <= 5)) OR ((part.p_brand = 'Brand#25'::bpchar) AND (part.p_container = ANY ('{\"MED BAG\",\"MED BOX\",\"MED PKG\",\"MED PACK\"}'::bpchar[])) AND (l_quantity >= '10'::numeric) AND (l_quantity <= '20'::numeric) AND (part.p_size <= 10)) OR ((part.p_brand = 'Brand#52'::bpchar) AND (part.p_container = ANY ('{\"LG CASE\",\"LG BOX\",\"LG PACK\",\"LG PKG\"}'::bpchar[])) AND (l_quantity >= '24'::numeric) AND (l_quantity <= '34'::numeric) AND (part.p_size <= 15))))","Rows Removed by Filter": 30,"Workers": []}]}]}]}]},"Planning Time": 6.806,"Triggers": [],"Execution Time": 94.236}]
[{"Plan": {"Node Type": "Aggregate","Strategy": "Plain","Partial Mode": "Finalize","Parallel Aware": false,"Async Capable": false,"Startup Cost": 33507.20,"Total Cost": 33507.21,"Plan Rows": 1,"Plan Width": 32,"Actual Startup Time": 80.215,"Actual Total Time": 94.494,"Actual Rows": 1,"Actual Loops": 1,"Plans": [{"Node Type": "Gather","Parent Relationship": "Outer","Parallel Aware": false,"Async Capable": false,"Startup Cost": 33506.98,"Total Cost": 33507.19,"Plan Rows": 2,"Plan Width": 32,"Actual Startup Time": 79.963,"Actual Total Time": 94.453,"Actual Rows": 3,"Actual Loops": 1,"Workers Planned": 2,"Workers Launched": 2,"Single Copy": false,"Plans": [{"Node Type": "Aggregate","Strategy": "Plain","Partial Mode": "Partial","Parent Relationship": "Outer","Parallel Aware": false,"Async Capable": false,"Startup Cost": 32506.98,"Total Cost": 32506.99,"Plan Rows": 1,"Plan Width": 32,"Actual Startup Time": 73.675,"Actual Total Time": 73.678,"Actual Rows": 1,"Actual Loops": 3,"Workers": [],"Plans": [{"Node Type": "Nested Loop","Parent Relationship": "Outer","Parallel Aware": false,"Async Capable": false,"Join Type": "Inner","Startup Cost": 0.43,"Total Cost": 32506.62,"Plan Rows": 47,"Plan Width": 12,"Actual Startup Time": 3.475,"Actual Total Time": 73.632,"Actual Rows": 34,"Actual Loops": 3,"Inner Unique": false,"Workers": [],"Plans": [{"Node Type": "Seq Scan","Parent Relationship": "Outer","Parallel Aware": true,"Async Capable": false,"Relation Name": "part","Alias": "part","Startup Cost": 0.00,"Total Cost": 7638.67,"Plan Rows": 202,"Plan Width": 30,"Actual Startup Time": 0.283,"Actual Total Time": 30.729,"Actual Rows": 164,"Actual Loops": 3,"Filter": "((p_size >= 1) AND (((p_brand = 'Brand#12'::bpchar) AND (p_container = ANY ('{\"SM CASE\",\"SM BOX\",\"SM PACK\",\"SM PKG\"}'::bpchar[])) AND (p_size <= 5)) OR ((p_brand = 'Brand#22'::bpchar) AND (p_container = ANY ('{\"MED BAG\",\"MED BOX\",\"MED PKG\",\"MED PACK\"}'::bpchar[])) AND (p_size <= 10)) OR ((p_brand = 'Brand#11'::bpchar) AND (p_container = ANY ('{\"LG CASE\",\"LG BOX\",\"LG PACK\",\"LG PKG\"}'::bpchar[])) AND (p_size <= 15))))","Rows Removed by Filter": 66503,"Workers": []},{"Node Type": "Index Scan","Parent Relationship": "Inner","Parallel Aware": false,"Async Capable": false,"Scan Direction": "Forward","Index Name": "idx_lineitem_part_supp","Relation Name": "lineitem","Alias": "lineitem","Startup Cost": 0.43,"Total Cost": 123.10,"Plan Rows": 1,"Plan Width": 21,"Actual Startup Time": 0.236,"Actual Total Time": 0.261,"Actual Rows": 0,"Actual Loops": 492,"Index Cond": "(l_partkey = part.p_partkey)","Rows Removed by Index Recheck": 0,"Filter": "((l_shipmode = ANY ('{AIR,\"AIR REG\"}'::bpchar[])) AND (l_shipinstruct = 'DELIVER IN PERSON'::bpchar) AND (((l_quantity >= '8'::numeric) AND (l_quantity <= '18'::numeric)) OR ((l_quantity >= '11'::numeric) AND (l_quantity <= '21'::numeric)) OR ((l_quantity >= '22'::numeric) AND (l_quantity <= '32'::numeric))) AND (((part.p_brand = 'Brand#12'::bpchar) AND (part.p_container = ANY ('{\"SM CASE\",\"SM BOX\",\"SM PACK\",\"SM PKG\"}'::bpchar[])) AND (l_quantity >= '8'::numeric) AND (l_quantity <= '18'::numeric) AND (part.p_size <= 5)) OR ((part.p_brand = 'Brand#22'::bpchar) AND (part.p_container = ANY ('{\"MED BAG\",\"MED BOX\",\"MED PKG\",\"MED PACK\"}'::bpchar[])) AND (l_quantity >= '11'::numeric) AND (l_quantity <= '21'::numeric) AND (part.p_size <= 10)) OR ((part.p_brand = 'Brand#11'::bpchar) AND (part.p_container = ANY ('{\"LG CASE\",\"LG BOX\",\"LG PACK\",\"LG PKG\"}'::bpchar[])) AND (l_quantity >= '22'::numeric) AND (l_quantity <= '32'::numeric) AND (part.p_size <= 15))))","Rows Removed by Filter": 30,"Workers": []}]}]}]}]},"Planning Time": 6.234,"Triggers": [],"Execution Time": 94.763}]
[{"Plan": {"Node Type": "Aggregate","Strategy": "Plain","Partial Mode": "Finalize","Parallel Aware": false,"Async Capable": false,"Startup Cost": 34088.99,"Total Cost": 34089.00,"Plan Rows": 1,"Plan Width": 32,"Actual Startup Time": 82.831,"Actual Total Time": 97.271,"Actual Rows": 1,"Actual Loops": 1,"Plans": [{"Node Type": "Gather","Parent Relationship": "Outer","Parallel Aware": false,"Async Capable": false,"Startup Cost": 34088.77,"Total Cost": 34088.98,"Plan Rows": 2,"Plan Width": 32,"Actual Startup Time": 82.681,"Actual Total Time": 97.239,"Actual Rows": 3,"Actual Loops": 1,"Workers Planned": 2,"Workers Launched": 2,"Single Copy": false,"Plans": [{"Node Type": "Aggregate","Strategy": "Plain","Partial Mode": "Partial","Parent Relationship": "Outer","Parallel Aware": false,"Async Capable": false,"Startup Cost": 33088.77,"Total Cost": 33088.78,"Plan Rows": 1,"Plan Width": 32,"Actual Startup Time": 76.100,"Actual Total Time": 76.103,"Actual Rows": 1,"Actual Loops": 3,"Workers": [],"Plans": [{"Node Type": "Nested Loop","Parent Relationship": "Outer","Parallel Aware": false,"Async Capable": false,"Join Type": "Inner","Startup Cost": 0.43,"Total Cost": 33088.40,"Plan Rows": 48,"Plan Width": 12,"Actual Startup Time": 3.648,"Actual Total Time": 76.060,"Actual Rows": 39,"Actual Loops": 3,"Inner Unique": false,"Workers": [],"Plans": [{"Node Type": "Seq Scan","Parent Relationship": "Outer","Parallel Aware": true,"Async Capable": false,"Relation Name": "part","Alias": "part","Startup Cost": 0.00,"Total Cost": 7638.67,"Plan Rows": 207,"Plan Width": 30,"Actual Startup Time": 0.366,"Actual Total Time": 31.755,"Actual Rows": 167,"Actual Loops": 3,"Filter": "((p_size >= 1) AND (((p_brand = 'Brand#41'::bpchar) AND (p_container = ANY ('{\"SM CASE\",\"SM BOX\",\"SM PACK\",\"SM PKG\"}'::bpchar[])) AND (p_size <= 5)) OR ((p_brand = 'Brand#15'::bpchar) AND (p_container = ANY ('{\"MED BAG\",\"MED BOX\",\"MED PKG\",\"MED PACK\"}'::bpchar[])) AND (p_size <= 10)) OR ((p_brand = 'Brand#31'::bpchar) AND (p_container = ANY ('{\"LG CASE\",\"LG BOX\",\"LG PACK\",\"LG PKG\"}'::bpchar[])) AND (p_size <= 15))))","Rows Removed by Filter": 66500,"Workers": []},{"Node Type": "Index Scan","Parent Relationship": "Inner","Parallel Aware": false,"Async Capable": false,"Scan Direction": "Forward","Index Name": "idx_lineitem_part_supp","Relation Name": "lineitem","Alias": "lineitem","Startup Cost": 0.43,"Total Cost": 122.94,"Plan Rows": 1,"Plan Width": 21,"Actual Startup Time": 0.239,"Actual Total Time": 0.265,"Actual Rows": 0,"Actual Loops": 500,"Index Cond": "(l_partkey = part.p_partkey)","Rows Removed by Index Recheck": 0,"Filter": "((l_shipmode = ANY ('{AIR,\"AIR REG\"}'::bpchar[])) AND (l_shipinstruct = 'DELIVER IN PERSON'::bpchar) AND (((l_quantity >= '1'::numeric) AND (l_quantity <= '11'::numeric)) OR ((l_quantity >= '11'::numeric) AND (l_quantity <= '21'::numeric)) OR ((l_quantity >= '23'::numeric) AND (l_quantity <= '33'::numeric))) AND (((part.p_brand = 'Brand#41'::bpchar) AND (part.p_container = ANY ('{\"SM CASE\",\"SM BOX\",\"SM PACK\",\"SM PKG\"}'::bpchar[])) AND (l_quantity >= '1'::numeric) AND (l_quantity <= '11'::numeric) AND (part.p_size <= 5)) OR ((part.p_brand = 'Brand#15'::bpchar) AND (part.p_container = ANY ('{\"MED BAG\",\"MED BOX\",\"MED PKG\",\"MED PACK\"}'::bpchar[])) AND (l_quantity >= '11'::numeric) AND (l_quantity <= '21'::numeric) AND (part.p_size <= 10)) OR ((part.p_brand = 'Brand#31'::bpchar) AND (part.p_container = ANY ('{\"LG CASE\",\"LG BOX\",\"LG PACK\",\"LG PKG\"}'::bpchar[])) AND (l_quantity >= '23'::numeric) AND (l_quantity <= '33'::numeric) AND (part.p_size <= 15))))","Rows Removed by Filter": 30,"Workers": []}]}]}]}]},"Planning Time": 6.680,"Triggers": [],"Execution Time": 97.537}]
[{"Plan": {"Node Type": "Aggregate","Strategy": "Plain","Partial Mode": "Finalize","Parallel Aware": false,"Async Capable": false,"Startup Cost": 33511.18,"Total Cost": 33511.19,"Plan Rows": 1,"Plan Width": 32,"Actual Startup Time": 87.273,"Actual Total Time": 101.933,"Actual Rows": 1,"Actual Loops": 1,"Plans": [{"Node Type": "Gather","Parent Relationship": "Outer","Parallel Aware": false,"Async Capable": false,"Startup Cost": 33510.96,"Total Cost": 33511.17,"Plan Rows": 2,"Plan Width": 32,"Actual Startup Time": 87.073,"Actual Total Time": 101.904,"Actual Rows": 3,"Actual Loops": 1,"Workers Planned": 2,"Workers Launched": 2,"Single Copy": false,"Plans": [{"Node Type": "Aggregate","Strategy": "Plain","Partial Mode": "Partial","Parent Relationship": "Outer","Parallel Aware": false,"Async Capable": false,"Startup Cost": 32510.96,"Total Cost": 32510.97,"Plan Rows": 1,"Plan Width": 32,"Actual Startup Time": 80.084,"Actual Total Time": 80.086,"Actual Rows": 1,"Actual Loops": 3,"Workers": [],"Plans": [{"Node Type": "Nested Loop","Parent Relationship": "Outer","Parallel Aware": false,"Async Capable": false,"Join Type": "Inner","Startup Cost": 0.43,"Total Cost": 32510.60,"Plan Rows": 47,"Plan Width": 12,"Actual Startup Time": 8.433,"Actual Total Time": 80.041,"Actual Rows": 40,"Actual Loops": 3,"Inner Unique": false,"Workers": [],"Plans": [{"Node Type": "Seq Scan","Parent Relationship": "Outer","Parallel Aware": true,"Async Capable": false,"Relation Name": "part","Alias": "part","Startup Cost": 0.00,"Total Cost": 7638.67,"Plan Rows": 202,"Plan Width": 30,"Actual Startup Time": 0.463,"Actual Total Time": 35.125,"Actual Rows": 161,"Actual Loops": 3,"Filter": "((p_size >= 1) AND (((p_brand = 'Brand#55'::bpchar) AND (p_container = ANY ('{\"SM CASE\",\"SM BOX\",\"SM PACK\",\"SM PKG\"}'::bpchar[])) AND (p_size <= 5)) OR ((p_brand = 'Brand#22'::bpchar) AND (p_container = ANY ('{\"MED BAG\",\"MED BOX\",\"MED PKG\",\"MED PACK\"}'::bpchar[])) AND (p_size <= 10)) OR ((p_brand = 'Brand#12'::bpchar) AND (p_container = ANY ('{\"LG CASE\",\"LG BOX\",\"LG PACK\",\"LG PKG\"}'::bpchar[])) AND (p_size <= 15))))","Rows Removed by Filter": 66505,"Workers": []},{"Node Type": "Index Scan","Parent Relationship": "Inner","Parallel Aware": false,"Async Capable": false,"Scan Direction": "Forward","Index Name": "idx_lineitem_part_supp","Relation Name": "lineitem","Alias": "lineitem","Startup Cost": 0.43,"Total Cost": 123.12,"Plan Rows": 1,"Plan Width": 21,"Actual Startup Time": 0.250,"Actual Total Time": 0.278,"Actual Rows": 0,"Actual Loops": 484,"Index Cond": "(l_partkey = part.p_partkey)","Rows Removed by Index Recheck": 0,"Filter": "((l_shipmode = ANY ('{AIR,\"AIR REG\"}'::bpchar[])) AND (l_shipinstruct = 'DELIVER IN PERSON'::bpchar) AND (((l_quantity >= '4'::numeric) AND (l_quantity <= '14'::numeric)) OR ((l_quantity >= '20'::numeric) AND (l_quantity <= '30'::numeric)) OR ((l_quantity >= '22'::numeric) AND (l_quantity <= '32'::numeric))) AND (((part.p_brand = 'Brand#55'::bpchar) AND (part.p_container = ANY ('{\"SM CASE\",\"SM BOX\",\"SM PACK\",\"SM PKG\"}'::bpchar[])) AND (l_quantity >= '4'::numeric) AND (l_quantity <= '14'::numeric) AND (part.p_size <= 5)) OR ((part.p_brand = 'Brand#22'::bpchar) AND (part.p_container = ANY ('{\"MED BAG\",\"MED BOX\",\"MED PKG\",\"MED PACK\"}'::bpchar[])) AND (l_quantity >= '20'::numeric) AND (l_quantity <= '30'::numeric) AND (part.p_size <= 10)) OR ((part.p_brand = 'Brand#12'::bpchar) AND (part.p_container = ANY ('{\"LG CASE\",\"LG BOX\",\"LG PACK\",\"LG PKG\"}'::bpchar[])) AND (l_quantity >= '22'::numeric) AND (l_quantity <= '32'::numeric) AND (part.p_size <= 15))))","Rows Removed by Filter": 30,"Workers": []}]}]}]}]},"Planning Time": 5.346,"Triggers": [],"Execution Time": 102.112}]
[{"Plan": {"Node Type": "Aggregate","Strategy": "Plain","Partial Mode": "Finalize","Parallel Aware": false,"Async Capable": false,"Startup Cost": 33159.44,"Total Cost": 33159.45,"Plan Rows": 1,"Plan Width": 32,"Actual Startup Time": 81.163,"Actual Total Time": 96.196,"Actual Rows": 1,"Actual Loops": 1,"Plans": [{"Node Type": "Gather","Parent Relationship": "Outer","Parallel Aware": false,"Async Capable": false,"Startup Cost": 33159.22,"Total Cost": 33159.43,"Plan Rows": 2,"Plan Width": 32,"Actual Startup Time": 80.965,"Actual Total Time": 96.175,"Actual Rows": 3,"Actual Loops": 1,"Workers Planned": 2,"Workers Launched": 2,"Single Copy": false,"Plans": [{"Node Type": "Aggregate","Strategy": "Plain","Partial Mode": "Partial","Parent Relationship": "Outer","Parallel Aware": false,"Async Capable": false,"Startup Cost": 32159.22,"Total Cost": 32159.23,"Plan Rows": 1,"Plan Width": 32,"Actual Startup Time": 74.884,"Actual Total Time": 74.888,"Actual Rows": 1,"Actual Loops": 3,"Workers": [],"Plans": [{"Node Type": "Nested Loop","Parent Relationship": "Outer","Parallel Aware": false,"Async Capable": false,"Join Type": "Inner","Startup Cost": 0.43,"Total Cost": 32158.87,"Plan Rows": 46,"Plan Width": 12,"Actual Startup Time": 4.710,"Actual Total Time": 74.848,"Actual Rows": 42,"Actual Loops": 3,"Inner Unique": false,"Workers": [],"Plans": [{"Node Type": "Seq Scan","Parent Relationship": "Outer","Parallel Aware": true,"Async Capable": false,"Relation Name": "part","Alias": "part","Startup Cost": 0.00,"Total Cost": 7638.67,"Plan Rows": 199,"Plan Width": 30,"Actual Startup Time": 0.325,"Actual Total Time": 30.489,"Actual Rows": 170,"Actual Loops": 3,"Filter": "((p_size >= 1) AND (((p_brand = 'Brand#14'::bpchar) AND (p_container = ANY ('{\"SM CASE\",\"SM BOX\",\"SM PACK\",\"SM PKG\"}'::bpchar[])) AND (p_size <= 5)) OR ((p_brand = 'Brand#32'::bpchar) AND (p_container = ANY ('{\"MED BAG\",\"MED BOX\",\"MED PKG\",\"MED PACK\"}'::bpchar[])) AND (p_size <= 10)) OR ((p_brand = 'Brand#53'::bpchar) AND (p_container = ANY ('{\"LG CASE\",\"LG BOX\",\"LG PACK\",\"LG PKG\"}'::bpchar[])) AND (p_size <= 15))))","Rows Removed by Filter": 66497,"Workers": []},{"Node Type": "Index Scan","Parent Relationship": "Inner","Parallel Aware": false,"Async Capable": false,"Scan Direction": "Forward","Index Name": "idx_lineitem_part_supp","Relation Name": "lineitem","Alias": "lineitem","Startup Cost": 0.43,"Total Cost": 123.21,"Plan Rows": 1,"Plan Width": 21,"Actual Startup Time": 0.232,"Actual Total Time": 0.261,"Actual Rows": 0,"Actual Loops": 510,"Index Cond": "(l_partkey = part.p_partkey)","Rows Removed by Index Recheck": 0,"Filter": "((l_shipmode = ANY ('{AIR,\"AIR REG\"}'::bpchar[])) AND (l_shipinstruct = 'DELIVER IN PERSON'::bpchar) AND (((l_quantity >= '2'::numeric) AND (l_quantity <= '12'::numeric)) OR ((l_quantity >= '17'::numeric) AND (l_quantity <= '27'::numeric)) OR ((l_quantity >= '26'::numeric) AND (l_quantity <= '36'::numeric))) AND (((part.p_brand = 'Brand#14'::bpchar) AND (part.p_container = ANY ('{\"SM CASE\",\"SM BOX\",\"SM PACK\",\"SM PKG\"}'::bpchar[])) AND (l_quantity >= '2'::numeric) AND (l_quantity <= '12'::numeric) AND (part.p_size <= 5)) OR ((part.p_brand = 'Brand#32'::bpchar) AND (part.p_container = ANY ('{\"MED BAG\",\"MED BOX\",\"MED PKG\",\"MED PACK\"}'::bpchar[])) AND (l_quantity >= '17'::numeric) AND (l_quantity <= '27'::numeric) AND (part.p_size <= 10)) OR ((part.p_brand = 'Brand#53'::bpchar) AND (part.p_container = ANY ('{\"LG CASE\",\"LG BOX\",\"LG PACK\",\"LG PKG\"}'::bpchar[])) AND (l_quantity >= '26'::numeric) AND (l_quantity <= '36'::numeric) AND (part.p_size <= 15))))","Rows Removed by Filter": 29,"Workers": []}]}]}]}]},"Planning Time": 5.894,"Triggers": [],"Execution Time": 96.411}]
[{"Plan": {"Node Type": "Aggregate","Strategy": "Plain","Partial Mode": "Finalize","Parallel Aware": false,"Async Capable": false,"Startup Cost": 33393.62,"Total Cost": 33393.63,"Plan Rows": 1,"Plan Width": 32,"Actual Startup Time": 86.048,"Actual Total Time": 101.894,"Actual Rows": 1,"Actual Loops": 1,"Plans": [{"Node Type": "Gather","Parent Relationship": "Outer","Parallel Aware": false,"Async Capable": false,"Startup Cost": 33393.40,"Total Cost": 33393.61,"Plan Rows": 2,"Plan Width": 32,"Actual Startup Time": 86.006,"Actual Total Time": 101.864,"Actual Rows": 3,"Actual Loops": 1,"Workers Planned": 2,"Workers Launched": 2,"Single Copy": false,"Plans": [{"Node Type": "Aggregate","Strategy": "Plain","Partial Mode": "Partial","Parent Relationship": "Outer","Parallel Aware": false,"Async Capable": false,"Startup Cost": 32393.40,"Total Cost": 32393.41,"Plan Rows": 1,"Plan Width": 32,"Actual Startup Time": 79.188,"Actual Total Time": 79.189,"Actual Rows": 1,"Actual Loops": 3,"Workers": [],"Plans": [{"Node Type": "Nested Loop","Parent Relationship": "Outer","Parallel Aware": false,"Async Capable": false,"Join Type": "Inner","Startup Cost": 0.43,"Total Cost": 32393.04,"Plan Rows": 47,"Plan Width": 12,"Actual Startup Time": 0.741,"Actual Total Time": 79.144,"Actual Rows": 44,"Actual Loops": 3,"Inner Unique": false,"Workers": [],"Plans": [{"Node Type": "Seq Scan","Parent Relationship": "Outer","Parallel Aware": true,"Async Capable": false,"Relation Name": "part","Alias": "part","Startup Cost": 0.00,"Total Cost": 7638.67,"Plan Rows": 201,"Plan Width": 30,"Actual Startup Time": 0.277,"Actual Total Time": 34.260,"Actual Rows": 165,"Actual Loops": 3,"Filter": "((p_size >= 1) AND (((p_brand = 'Brand#33'::bpchar) AND (p_container = ANY ('{\"SM CASE\",\"SM BOX\",\"SM PACK\",\"SM PKG\"}'::bpchar[])) AND (p_size <= 5)) OR ((p_brand = 'Brand#35'::bpchar) AND (p_container = ANY ('{\"MED BAG\",\"MED BOX\",\"MED PKG\",\"MED PACK\"}'::bpchar[])) AND (p_size <= 10)) OR ((p_brand = 'Brand#25'::bpchar) AND (p_container = ANY ('{\"LG CASE\",\"LG BOX\",\"LG PACK\",\"LG PKG\"}'::bpchar[])) AND (p_size <= 15))))","Rows Removed by Filter": 66502,"Workers": []},{"Node Type": "Index Scan","Parent Relationship": "Inner","Parallel Aware": false,"Async Capable": false,"Scan Direction": "Forward","Index Name": "idx_lineitem_part_supp","Relation Name": "lineitem","Alias": "lineitem","Startup Cost": 0.43,"Total Cost": 123.15,"Plan Rows": 1,"Plan Width": 21,"Actual Startup Time": 0.238,"Actual Total Time": 0.272,"Actual Rows": 0,"Actual Loops": 495,"Index Cond": "(l_partkey = part.p_partkey)","Rows Removed by Index Recheck": 0,"Filter": "((l_shipmode = ANY ('{AIR,\"AIR REG\"}'::bpchar[])) AND (l_shipinstruct = 'DELIVER IN PERSON'::bpchar) AND (((l_quantity >= '3'::numeric) AND (l_quantity <= '13'::numeric)) OR ((l_quantity >= '16'::numeric) AND (l_quantity <= '26'::numeric)) OR ((l_quantity >= '26'::numeric) AND (l_quantity <= '36'::numeric))) AND (((part.p_brand = 'Brand#33'::bpchar) AND (part.p_container = ANY ('{\"SM CASE\",\"SM BOX\",\"SM PACK\",\"SM PKG\"}'::bpchar[])) AND (l_quantity >= '3'::numeric) AND (l_quantity <= '13'::numeric) AND (part.p_size <= 5)) OR ((part.p_brand = 'Brand#35'::bpchar) AND (part.p_container = ANY ('{\"MED BAG\",\"MED BOX\",\"MED PKG\",\"MED PACK\"}'::bpchar[])) AND (l_quantity >= '16'::numeric) AND (l_quantity <= '26'::numeric) AND (part.p_size <= 10)) OR ((part.p_brand = 'Brand#25'::bpchar) AND (part.p_container = ANY ('{\"LG CASE\",\"LG BOX\",\"LG PACK\",\"LG PKG\"}'::bpchar[])) AND (l_quantity >= '26'::numeric) AND (l_quantity <= '36'::numeric) AND (part.p_size <= 15))))","Rows Removed by Filter": 29,"Workers": []}]}]}]}]},"Planning Time": 6.446,"Triggers": [],"Execution Time": 102.120}]
[{"Plan": {"Node Type": "Aggregate","Strategy": "Plain","Partial Mode": "Finalize","Parallel Aware": false,"Async Capable": false,"Startup Cost": 33737.87,"Total Cost": 33737.88,"Plan Rows": 1,"Plan Width": 32,"Actual Startup Time": 81.270,"Actual Total Time": 95.709,"Actual Rows": 1,"Actual Loops": 1,"Plans": [{"Node Type": "Gather","Parent Relationship": "Outer","Parallel Aware": false,"Async Capable": false,"Startup Cost": 33737.65,"Total Cost": 33737.86,"Plan Rows": 2,"Plan Width": 32,"Actual Startup Time": 81.208,"Actual Total Time": 95.661,"Actual Rows": 3,"Actual Loops": 1,"Workers Planned": 2,"Workers Launched": 2,"Single Copy": false,"Plans": [{"Node Type": "Aggregate","Strategy": "Plain","Partial Mode": "Partial","Parent Relationship": "Outer","Parallel Aware": false,"Async Capable": false,"Startup Cost": 32737.65,"Total Cost": 32737.66,"Plan Rows": 1,"Plan Width": 32,"Actual Startup Time": 74.822,"Actual Total Time": 74.826,"Actual Rows": 1,"Actual Loops": 3,"Workers": [],"Plans": [{"Node Type": "Nested Loop","Parent Relationship": "Outer","Parallel Aware": false,"Async Capable": false,"Join Type": "Inner","Startup Cost": 0.43,"Total Cost": 32737.29,"Plan Rows": 48,"Plan Width": 12,"Actual Startup Time": 1.653,"Actual Total Time": 74.782,"Actual Rows": 45,"Actual Loops": 3,"Inner Unique": false,"Workers": [],"Plans": [{"Node Type": "Seq Scan","Parent Relationship": "Outer","Parallel Aware": true,"Async Capable": false,"Relation Name": "part","Alias": "part","Startup Cost": 0.00,"Total Cost": 7638.67,"Plan Rows": 204,"Plan Width": 30,"Actual Startup Time": 0.850,"Actual Total Time": 31.745,"Actual Rows": 162,"Actual Loops": 3,"Filter": "((p_size >= 1) AND (((p_brand = 'Brand#15'::bpchar) AND (p_container = ANY ('{\"SM CASE\",\"SM BOX\",\"SM PACK\",\"SM PKG\"}'::bpchar[])) AND (p_size <= 5)) OR ((p_brand = 'Brand#43'::bpchar) AND (p_container = ANY ('{\"MED BAG\",\"MED BOX\",\"MED PKG\",\"MED PACK\"}'::bpchar[])) AND (p_size <= 10)) OR ((p_brand = 'Brand#21'::bpchar) AND (p_container = ANY ('{\"LG CASE\",\"LG BOX\",\"LG PACK\",\"LG PKG\"}'::bpchar[])) AND (p_size <= 15))))","Rows Removed by Filter": 66504,"Workers": []},{"Node Type": "Index Scan","Parent Relationship": "Inner","Parallel Aware": false,"Async Capable": false,"Scan Direction": "Forward","Index Name": "idx_lineitem_part_supp","Relation Name": "lineitem","Alias": "lineitem","Startup Cost": 0.43,"Total Cost": 123.02,"Plan Rows": 1,"Plan Width": 21,"Actual Startup Time": 0.232,"Actual Total Time": 0.265,"Actual Rows": 0,"Actual Loops": 487,"Index Cond": "(l_partkey = part.p_partkey)","Rows Removed by Index Recheck": 0,"Filter": "((l_shipmode = ANY ('{AIR,\"AIR REG\"}'::bpchar[])) AND (l_shipinstruct = 'DELIVER IN PERSON'::bpchar) AND (((l_quantity >= '8'::numeric) AND (l_quantity <= '18'::numeric)) OR ((l_quantity >= '13'::numeric) AND (l_quantity <= '23'::numeric)) OR ((l_quantity >= '29'::numeric) AND (l_quantity <= '39'::numeric))) AND (((part.p_brand = 'Brand#15'::bpchar) AND (part.p_container = ANY ('{\"SM CASE\",\"SM BOX\",\"SM PACK\",\"SM PKG\"}'::bpchar[])) AND (l_quantity >= '8'::numeric) AND (l_quantity <= '18'::numeric) AND (part.p_size <= 5)) OR ((part.p_brand = 'Brand#43'::bpchar) AND (part.p_container = ANY ('{\"MED BAG\",\"MED BOX\",\"MED PKG\",\"MED PACK\"}'::bpchar[])) AND (l_quantity >= '13'::numeric) AND (l_quantity <= '23'::numeric) AND (part.p_size <= 10)) OR ((part.p_brand = 'Brand#21'::bpchar) AND (part.p_container = ANY ('{\"LG CASE\",\"LG BOX\",\"LG PACK\",\"LG PKG\"}'::bpchar[])) AND (l_quantity >= '29'::numeric) AND (l_quantity <= '39'::numeric) AND (part.p_size <= 15))))","Rows Removed by Filter": 30,"Workers": []}]}]}]}]},"Planning Time": 6.975,"Triggers": [],"Execution Time": 95.907}]
[{"Plan": {"Node Type": "Aggregate","Strategy": "Plain","Partial Mode": "Finalize","Parallel Aware": false,"Async Capable": false,"Startup Cost": 33396.48,"Total Cost": 33396.49,"Plan Rows": 1,"Plan Width": 32,"Actual Startup Time": 84.368,"Actual Total Time": 98.652,"Actual Rows": 1,"Actual Loops": 1,"Plans": [{"Node Type": "Gather","Parent Relationship": "Outer","Parallel Aware": false,"Async Capable": false,"Startup Cost": 33396.26,"Total Cost": 33396.47,"Plan Rows": 2,"Plan Width": 32,"Actual Startup Time": 84.222,"Actual Total Time": 98.623,"Actual Rows": 3,"Actual Loops": 1,"Workers Planned": 2,"Workers Launched": 2,"Single Copy": false,"Plans": [{"Node Type": "Aggregate","Strategy": "Plain","Partial Mode": "Partial","Parent Relationship": "Outer","Parallel Aware": false,"Async Capable": false,"Startup Cost": 32396.26,"Total Cost": 32396.27,"Plan Rows": 1,"Plan Width": 32,"Actual Startup Time": 77.385,"Actual Total Time": 77.389,"Actual Rows": 1,"Actual Loops": 3,"Workers": [],"Plans": [{"Node Type": "Nested Loop","Parent Relationship": "Outer","Parallel Aware": false,"Async Capable": false,"Join Type": "Inner","Startup Cost": 0.43,"Total Cost": 32395.90,"Plan Rows": 47,"Plan Width": 12,"Actual Startup Time": 8.097,"Actual Total Time": 77.345,"Actual Rows": 45,"Actual Loops": 3,"Inner Unique": false,"Workers": [],"Plans": [{"Node Type": "Seq Scan","Parent Relationship": "Outer","Parallel Aware": true,"Async Capable": false,"Relation Name": "part","Alias": "part","Startup Cost": 0.00,"Total Cost": 7638.67,"Plan Rows": 201,"Plan Width": 30,"Actual Startup Time": 0.443,"Actual Total Time": 33.693,"Actual Rows": 158,"Actual Loops": 3,"Filter": "((p_size >= 1) AND (((p_brand = 'Brand#14'::bpchar) AND (p_container = ANY ('{\"SM CASE\",\"SM BOX\",\"SM PACK\",\"SM PKG\"}'::bpchar[])) AND (p_size <= 5)) OR ((p_brand = 'Brand#11'::bpchar) AND (p_container = ANY ('{\"MED BAG\",\"MED BOX\",\"MED PKG\",\"MED PACK\"}'::bpchar[])) AND (p_size <= 10)) OR ((p_brand = 'Brand#43'::bpchar) AND (p_container = ANY ('{\"LG CASE\",\"LG BOX\",\"LG PACK\",\"LG PKG\"}'::bpchar[])) AND (p_size <= 15))))","Rows Removed by Filter": 66508,"Workers": []},{"Node Type": "Index Scan","Parent Relationship": "Inner","Parallel Aware": false,"Async Capable": false,"Scan Direction": "Forward","Index Name": "idx_lineitem_part_supp","Relation Name": "lineitem","Alias": "lineitem","Startup Cost": 0.43,"Total Cost": 123.16,"Plan Rows": 1,"Plan Width": 21,"Actual Startup Time": 0.243,"Actual Total Time": 0.275,"Actual Rows": 0,"Actual Loops": 475,"Index Cond": "(l_partkey = part.p_partkey)","Rows Removed by Index Recheck": 0,"Filter": "((l_shipmode = ANY ('{AIR,\"AIR REG\"}'::bpchar[])) AND (l_shipinstruct = 'DELIVER IN PERSON'::bpchar) AND (((l_quantity >= '8'::numeric) AND (l_quantity <= '18'::numeric)) OR ((l_quantity >= '19'::numeric) AND (l_quantity <= '29'::numeric)) OR ((l_quantity >= '23'::numeric) AND (l_quantity <= '33'::numeric))) AND (((part.p_brand = 'Brand#14'::bpchar) AND (part.p_container = ANY ('{\"SM CASE\",\"SM BOX\",\"SM PACK\",\"SM PKG\"}'::bpchar[])) AND (l_quantity >= '8'::numeric) AND (l_quantity <= '18'::numeric) AND (part.p_size <= 5)) OR ((part.p_brand = 'Brand#11'::bpchar) AND (part.p_container = ANY ('{\"MED BAG\",\"MED BOX\",\"MED PKG\",\"MED PACK\"}'::bpchar[])) AND (l_quantity >= '19'::numeric) AND (l_quantity <= '29'::numeric) AND (part.p_size <= 10)) OR ((part.p_brand = 'Brand#43'::bpchar) AND (part.p_container = ANY ('{\"LG CASE\",\"LG BOX\",\"LG PACK\",\"LG PKG\"}'::bpchar[])) AND (l_quantity >= '23'::numeric) AND (l_quantity <= '33'::numeric) AND (part.p_size <= 15))))","Rows Removed by Filter": 30,"Workers": []}]}]}]}]},"Planning Time": 5.416,"Triggers": [],"Execution Time": 98.833}]
[{"Plan": {"Node Type": "Aggregate","Strategy": "Plain","Partial Mode": "Finalize","Parallel Aware": false,"Async Capable": false,"Startup Cost": 32930.51,"Total Cost": 32930.52,"Plan Rows": 1,"Plan Width": 32,"Actual Startup Time": 82.181,"Actual Total Time": 97.232,"Actual Rows": 1,"Actual Loops": 1,"Plans": [{"Node Type": "Gather","Parent Relationship": "Outer","Parallel Aware": false,"Async Capable": false,"Startup Cost": 32930.28,"Total Cost": 32930.49,"Plan Rows": 2,"Plan Width": 32,"Actual Startup Time": 81.998,"Actual Total Time": 97.206,"Actual Rows": 3,"Actual Loops": 1,"Workers Planned": 2,"Workers Launched": 2,"Single Copy": false,"Plans": [{"Node Type": "Aggregate","Strategy": "Plain","Partial Mode": "Partial","Parent Relationship": "Outer","Parallel Aware": false,"Async Capable": false,"Startup Cost": 31930.28,"Total Cost": 31930.29,"Plan Rows": 1,"Plan Width": 32,"Actual Startup Time": 75.013,"Actual Total Time": 75.016,"Actual Rows": 1,"Actual Loops": 3,"Workers": [],"Plans": [{"Node Type": "Nested Loop","Parent Relationship": "Outer","Parallel Aware": false,"Async Capable": false,"Join Type": "Inner","Startup Cost": 0.43,"Total Cost": 31929.94,"Plan Rows": 46,"Plan Width": 12,"Actual Startup Time": 4.874,"Actual Total Time": 74.972,"Actual Rows": 40,"Actual Loops": 3,"Inner Unique": false,"Workers": [],"Plans": [{"Node Type": "Seq Scan","Parent Relationship": "Outer","Parallel Aware": true,"Async Capable": false,"Relation Name": "part","Alias": "part","Startup Cost": 0.00,"Total Cost": 7638.67,"Plan Rows": 197,"Plan Width": 30,"Actual Startup Time": 0.365,"Actual Total Time": 33.438,"Actual Rows": 156,"Actual Loops": 3,"Filter": "((p_size >= 1) AND (((p_brand = 'Brand#31'::bpchar) AND (p_container = ANY ('{\"SM CASE\",\"SM BOX\",\"SM PACK\",\"SM PKG\"}'::bpchar[])) AND (p_size <= 5)) OR ((p_brand = 'Brand#23'::bpchar) AND (p_container = ANY ('{\"MED BAG\",\"MED BOX\",\"MED PKG\",\"MED PACK\"}'::bpchar[])) AND (p_size <= 10)) OR ((p_brand = 'Brand#25'::bpchar) AND (p_container = ANY ('{\"LG CASE\",\"LG BOX\",\"LG PACK\",\"LG PKG\"}'::bpchar[])) AND (p_size <= 15))))","Rows Removed by Filter": 66511,"Workers": []},{"Node Type": "Index Scan","Parent Relationship": "Inner","Parallel Aware": false,"Async Capable": false,"Scan Direction": "Forward","Index Name": "idx_lineitem_part_supp","Relation Name": "lineitem","Alias": "lineitem","Startup Cost": 0.43,"Total Cost": 123.30,"Plan Rows": 1,"Plan Width": 21,"Actual Startup Time": 0.236,"Actual Total Time": 0.266,"Actual Rows": 0,"Actual Loops": 468,"Index Cond": "(l_partkey = part.p_partkey)","Rows Removed by Index Recheck": 0,"Filter": "((l_shipmode = ANY ('{AIR,\"AIR REG\"}'::bpchar[])) AND (l_shipinstruct = 'DELIVER IN PERSON'::bpchar) AND (((l_quantity >= '6'::numeric) AND (l_quantity <= '16'::numeric)) OR ((l_quantity >= '16'::numeric) AND (l_quantity <= '26'::numeric)) OR ((l_quantity >= '22'::numeric) AND (l_quantity <= '32'::numeric))) AND (((part.p_brand = 'Brand#31'::bpchar) AND (part.p_container = ANY ('{\"SM CASE\",\"SM BOX\",\"SM PACK\",\"SM PKG\"}'::bpchar[])) AND (l_quantity >= '6'::numeric) AND (l_quantity <= '16'::numeric) AND (part.p_size <= 5)) OR ((part.p_brand = 'Brand#23'::bpchar) AND (part.p_container = ANY ('{\"MED BAG\",\"MED BOX\",\"MED PKG\",\"MED PACK\"}'::bpchar[])) AND (l_quantity >= '16'::numeric) AND (l_quantity <= '26'::numeric) AND (part.p_size <= 10)) OR ((part.p_brand = 'Brand#25'::bpchar) AND (part.p_container = ANY ('{\"LG CASE\",\"LG BOX\",\"LG PACK\",\"LG PKG\"}'::bpchar[])) AND (l_quantity >= '22'::numeric) AND (l_quantity <= '32'::numeric) AND (part.p_size <= 15))))","Rows Removed by Filter": 29,"Workers": []}]}]}]}]},"Planning Time": 5.478,"Triggers": [],"Execution Time": 97.418}]
[{"Plan": {"Node Type": "Aggregate","Strategy": "Plain","Partial Mode": "Finalize","Parallel Aware": false,"Async Capable": false,"Startup Cost": 33391.06,"Total Cost": 33391.07,"Plan Rows": 1,"Plan Width": 32,"Actual Startup Time": 82.024,"Actual Total Time": 96.857,"Actual Rows": 1,"Actual Loops": 1,"Plans": [{"Node Type": "Gather","Parent Relationship": "Outer","Parallel Aware": false,"Async Capable": false,"Startup Cost": 33390.83,"Total Cost": 33391.04,"Plan Rows": 2,"Plan Width": 32,"Actual Startup Time": 81.827,"Actual Total Time": 96.836,"Actual Rows": 3,"Actual Loops": 1,"Workers Planned": 2,"Workers Launched": 2,"Single Copy": false,"Plans": [{"Node Type": "Aggregate","Strategy": "Plain","Partial Mode": "Partial","Parent Relationship": "Outer","Parallel Aware": false,"Async Capable": false,"Startup Cost": 32390.83,"Total Cost": 32390.84,"Plan Rows": 1,"Plan Width": 32,"Actual Startup Time": 75.478,"Actual Total Time": 75.479,"Actual Rows": 1,"Actual Loops": 3,"Workers": [],"Plans": [{"Node Type": "Nested Loop","Parent Relationship": "Outer","Parallel Aware": false,"Async Capable": false,"Join Type": "Inner","Startup Cost": 0.43,"Total Cost": 32390.48,"Plan Rows": 47,"Plan Width": 12,"Actual Startup Time": 2.859,"Actual Total Time": 75.437,"Actual Rows": 38,"Actual Loops": 3,"Inner Unique": false,"Workers": [],"Plans": [{"Node Type": "Seq Scan","Parent Relationship": "Outer","Parallel Aware": true,"Async Capable": false,"Relation Name": "part","Alias": "part","Startup Cost": 0.00,"Total Cost": 7638.67,"Plan Rows": 201,"Plan Width": 30,"Actual Startup Time": 0.269,"Actual Total Time": 31.852,"Actual Rows": 166,"Actual Loops": 3,"Filter": "((p_size >= 1) AND (((p_brand = 'Brand#12'::bpchar) AND (p_container = ANY ('{\"SM CASE\",\"SM BOX\",\"SM PACK\",\"SM PKG\"}'::bpchar[])) AND (p_size <= 5)) OR ((p_brand = 'Brand#32'::bpchar) AND (p_container = ANY ('{\"MED BAG\",\"MED BOX\",\"MED PKG\",\"MED PACK\"}'::bpchar[])) AND (p_size <= 10)) OR ((p_brand = 'Brand#21'::bpchar) AND (p_container = ANY ('{\"LG CASE\",\"LG BOX\",\"LG PACK\",\"LG PKG\"}'::bpchar[])) AND (p_size <= 15))))","Rows Removed by Filter": 66501,"Workers": []},{"Node Type": "Index Scan","Parent Relationship": "Inner","Parallel Aware": false,"Async Capable": false,"Scan Direction": "Forward","Index Name": "idx_lineitem_part_supp","Relation Name": "lineitem","Alias": "lineitem","Startup Cost": 0.43,"Total Cost": 123.13,"Plan Rows": 1,"Plan Width": 21,"Actual Startup Time": 0.235,"Actual Total Time": 0.263,"Actual Rows": 0,"Actual Loops": 497,"Index Cond": "(l_partkey = part.p_partkey)","Rows Removed by Index Recheck": 0,"Filter": "((l_shipmode = ANY ('{AIR,\"AIR REG\"}'::bpchar[])) AND (l_shipinstruct = 'DELIVER IN PERSON'::bpchar) AND (((l_quantity >= '1'::numeric) AND (l_quantity <= '11'::numeric)) OR ((l_quantity >= '11'::numeric) AND (l_quantity <= '21'::numeric)) OR ((l_quantity >= '26'::numeric) AND (l_quantity <= '36'::numeric))) AND (((part.p_brand = 'Brand#12'::bpchar) AND (part.p_container = ANY ('{\"SM CASE\",\"SM BOX\",\"SM PACK\",\"SM PKG\"}'::bpchar[])) AND (l_quantity >= '1'::numeric) AND (l_quantity <= '11'::numeric) AND (part.p_size <= 5)) OR ((part.p_brand = 'Brand#32'::bpchar) AND (part.p_container = ANY ('{\"MED BAG\",\"MED BOX\",\"MED PKG\",\"MED PACK\"}'::bpchar[])) AND (l_quantity >= '11'::numeric) AND (l_quantity <= '21'::numeric) AND (part.p_size <= 10)) OR ((part.p_brand = 'Brand#21'::bpchar) AND (part.p_container = ANY ('{\"LG CASE\",\"LG BOX\",\"LG PACK\",\"LG PKG\"}'::bpchar[])) AND (l_quantity >= '26'::numeric) AND (l_quantity <= '36'::numeric) AND (part.p_size <= 15))))","Rows Removed by Filter": 30,"Workers": []}]}]}]}]},"Planning Time": 5.552,"Triggers": [],"Execution Time": 97.009}]
[{"Plan": {"Node Type": "Aggregate","Strategy": "Plain","Partial Mode": "Finalize","Parallel Aware": false,"Async Capable": false,"Startup Cost": 34084.55,"Total Cost": 34084.56,"Plan Rows": 1,"Plan Width": 32,"Actual Startup Time": 85.338,"Actual Total Time": 100.743,"Actual Rows": 1,"Actual Loops": 1,"Plans": [{"Node Type": "Gather","Parent Relationship": "Outer","Parallel Aware": false,"Async Capable": false,"Startup Cost": 34084.33,"Total Cost": 34084.54,"Plan Rows": 2,"Plan Width": 32,"Actual Startup Time": 85.143,"Actual Total Time": 100.720,"Actual Rows": 3,"Actual Loops": 1,"Workers Planned": 2,"Workers Launched": 2,"Single Copy": false,"Plans": [{"Node Type": "Aggregate","Strategy": "Plain","Partial Mode": "Partial","Parent Relationship": "Outer","Parallel Aware": false,"Async Capable": false,"Startup Cost": 33084.33,"Total Cost": 33084.34,"Plan Rows": 1,"Plan Width": 32,"Actual Startup Time": 78.520,"Actual Total Time": 78.523,"Actual Rows": 1,"Actual Loops": 3,"Workers": [],"Plans": [{"Node Type": "Nested Loop","Parent Relationship": "Outer","Parallel Aware": false,"Async Capable": false,"Join Type": "Inner","Startup Cost": 0.43,"Total Cost": 33083.97,"Plan Rows": 48,"Plan Width": 12,"Actual Startup Time": 6.239,"Actual Total Time": 78.478,"Actual Rows": 41,"Actual Loops": 3,"Inner Unique": false,"Workers": [],"Plans": [{"Node Type": "Seq Scan","Parent Relationship": "Outer","Parallel Aware": true,"Async Capable": false,"Relation Name": "part","Alias": "part","Startup Cost": 0.00,"Total Cost": 7638.67,"Plan Rows": 207,"Plan Width": 30,"Actual Startup Time": 0.522,"Actual Total Time": 34.694,"Actual Rows": 160,"Actual Loops": 3,"Filter": "((p_size >= 1) AND (((p_brand = 'Brand#31'::bpchar) AND (p_container = ANY ('{\"SM CASE\",\"SM BOX\",\"SM PACK\",\"SM PKG\"}'::bpchar[])) AND (p_size <= 5)) OR ((p_brand = 'Brand#11'::bpchar) AND (p_container = ANY ('{\"MED BAG\",\"MED BOX\",\"MED PKG\",\"MED PACK\"}'::bpchar[])) AND (p_size <= 10)) OR ((p_brand = 'Brand#42'::bpchar) AND (p_container = ANY ('{\"LG CASE\",\"LG BOX\",\"LG PACK\",\"LG PKG\"}'::bpchar[])) AND (p_size <= 15))))","Rows Removed by Filter": 66507,"Workers": []},{"Node Type": "Index Scan","Parent Relationship": "Inner","Parallel Aware": false,"Async Capable": false,"Scan Direction": "Forward","Index Name": "idx_lineitem_part_supp","Relation Name": "lineitem","Alias": "lineitem","Startup Cost": 0.43,"Total Cost": 122.91,"Plan Rows": 1,"Plan Width": 21,"Actual Startup Time": 0.242,"Actual Total Time": 0.274,"Actual Rows": 0,"Actual Loops": 479,"Index Cond": "(l_partkey = part.p_partkey)","Rows Removed by Index Recheck": 0,"Filter": "((l_shipmode = ANY ('{AIR,\"AIR REG\"}'::bpchar[])) AND (l_shipinstruct = 'DELIVER IN PERSON'::bpchar) AND (((l_quantity >= '7'::numeric) AND (l_quantity <= '17'::numeric)) OR ((l_quantity >= '20'::numeric) AND (l_quantity <= '30'::numeric)) OR ((l_quantity >= '30'::numeric) AND (l_quantity <= '40'::numeric))) AND (((part.p_brand = 'Brand#31'::bpchar) AND (part.p_container = ANY ('{\"SM CASE\",\"SM BOX\",\"SM PACK\",\"SM PKG\"}'::bpchar[])) AND (l_quantity >= '7'::numeric) AND (l_quantity <= '17'::numeric) AND (part.p_size <= 5)) OR ((part.p_brand = 'Brand#11'::bpchar) AND (part.p_container = ANY ('{\"MED BAG\",\"MED BOX\",\"MED PKG\",\"MED PACK\"}'::bpchar[])) AND (l_quantity >= '20'::numeric) AND (l_quantity <= '30'::numeric) AND (part.p_size <= 10)) OR ((part.p_brand = 'Brand#42'::bpchar) AND (part.p_container = ANY ('{\"LG CASE\",\"LG BOX\",\"LG PACK\",\"LG PKG\"}'::bpchar[])) AND (l_quantity >= '30'::numeric) AND (l_quantity <= '40'::numeric) AND (part.p_size <= 15))))","Rows Removed by Filter": 30,"Workers": []}]}]}]}]},"Planning Time": 5.000,"Triggers": [],"Execution Time": 100.915}]
[{"Plan": {"Node Type": "Aggregate","Strategy": "Plain","Partial Mode": "Finalize","Parallel Aware": false,"Async Capable": false,"Startup Cost": 33626.95,"Total Cost": 33626.96,"Plan Rows": 1,"Plan Width": 32,"Actual Startup Time": 83.858,"Actual Total Time": 98.943,"Actual Rows": 1,"Actual Loops": 1,"Plans": [{"Node Type": "Gather","Parent Relationship": "Outer","Parallel Aware": false,"Async Capable": false,"Startup Cost": 33626.73,"Total Cost": 33626.94,"Plan Rows": 2,"Plan Width": 32,"Actual Startup Time": 83.793,"Actual Total Time": 98.881,"Actual Rows": 3,"Actual Loops": 1,"Workers Planned": 2,"Workers Launched": 2,"Single Copy": false,"Plans": [{"Node Type": "Aggregate","Strategy": "Plain","Partial Mode": "Partial","Parent Relationship": "Outer","Parallel Aware": false,"Async Capable": false,"Startup Cost": 32626.73,"Total Cost": 32626.74,"Plan Rows": 1,"Plan Width": 32,"Actual Startup Time": 77.462,"Actual Total Time": 77.463,"Actual Rows": 1,"Actual Loops": 3,"Workers": [],"Plans": [{"Node Type": "Nested Loop","Parent Relationship": "Outer","Parallel Aware": false,"Async Capable": false,"Join Type": "Inner","Startup Cost": 0.43,"Total Cost": 32626.37,"Plan Rows": 47,"Plan Width": 12,"Actual Startup Time": 2.798,"Actual Total Time": 77.410,"Actual Rows": 42,"Actual Loops": 3,"Inner Unique": false,"Workers": [],"Plans": [{"Node Type": "Seq Scan","Parent Relationship": "Outer","Parallel Aware": true,"Async Capable": false,"Relation Name": "part","Alias": "part","Startup Cost": 0.00,"Total Cost": 7638.67,"Plan Rows": 203,"Plan Width": 30,"Actual Startup Time": 0.844,"Actual Total Time": 31.250,"Actual Rows": 174,"Actual Loops": 3,"Filter": "((p_size >= 1) AND (((p_brand = 'Brand#11'::bpchar) AND (p_container = ANY ('{\"SM CASE\",\"SM BOX\",\"SM PACK\",\"SM PKG\"}'::bpchar[])) AND (p_size <= 5)) OR ((p_brand = 'Brand#13'::bpchar) AND (p_container = ANY ('{\"MED BAG\",\"MED BOX\",\"MED PKG\",\"MED PACK\"}'::bpchar[])) AND (p_size <= 10)) OR ((p_brand = 'Brand#35'::bpchar) AND (p_container = ANY ('{\"LG CASE\",\"LG BOX\",\"LG PACK\",\"LG PKG\"}'::bpchar[])) AND (p_size <= 15))))","Rows Removed by Filter": 66493,"Workers": []},{"Node Type": "Index Scan","Parent Relationship": "Inner","Parallel Aware": false,"Async Capable": false,"Scan Direction": "Forward","Index Name": "idx_lineitem_part_supp","Relation Name": "lineitem","Alias": "lineitem","Startup Cost": 0.43,"Total Cost": 123.08,"Plan Rows": 1,"Plan Width": 21,"Actual Startup Time": 0.235,"Actual Total Time": 0.265,"Actual Rows": 0,"Actual Loops": 522,"Index Cond": "(l_partkey = part.p_partkey)","Rows Removed by Index Recheck": 0,"Filter": "((l_shipmode = ANY ('{AIR,\"AIR REG\"}'::bpchar[])) AND (l_shipinstruct = 'DELIVER IN PERSON'::bpchar) AND (((l_quantity >= '3'::numeric) AND (l_quantity <= '13'::numeric)) OR ((l_quantity >= '17'::numeric) AND (l_quantity <= '27'::numeric)) OR ((l_quantity >= '30'::numeric) AND (l_quantity <= '40'::numeric))) AND (((part.p_brand = 'Brand#11'::bpchar) AND (part.p_container = ANY ('{\"SM CASE\",\"SM BOX\",\"SM PACK\",\"SM PKG\"}'::bpchar[])) AND (l_quantity >= '3'::numeric) AND (l_quantity <= '13'::numeric) AND (part.p_size <= 5)) OR ((part.p_brand = 'Brand#13'::bpchar) AND (part.p_container = ANY ('{\"MED BAG\",\"MED BOX\",\"MED PKG\",\"MED PACK\"}'::bpchar[])) AND (l_quantity >= '17'::numeric) AND (l_quantity <= '27'::numeric) AND (part.p_size <= 10)) OR ((part.p_brand = 'Brand#35'::bpchar) AND (part.p_container = ANY ('{\"LG CASE\",\"LG BOX\",\"LG PACK\",\"LG PKG\"}'::bpchar[])) AND (l_quantity >= '30'::numeric) AND (l_quantity <= '40'::numeric) AND (part.p_size <= 15))))","Rows Removed by Filter": 30,"Workers": []}]}]}]}]},"Planning Time": 5.430,"Triggers": [],"Execution Time": 99.202}]
[{"Plan": {"Node Type": "Aggregate","Strategy": "Plain","Partial Mode": "Finalize","Parallel Aware": false,"Async Capable": false,"Startup Cost": 33505.96,"Total Cost": 33505.97,"Plan Rows": 1,"Plan Width": 32,"Actual Startup Time": 84.795,"Actual Total Time": 99.992,"Actual Rows": 1,"Actual Loops": 1,"Plans": [{"Node Type": "Gather","Parent Relationship": "Outer","Parallel Aware": false,"Async Capable": false,"Startup Cost": 33505.74,"Total Cost": 33505.95,"Plan Rows": 2,"Plan Width": 32,"Actual Startup Time": 84.667,"Actual Total Time": 99.972,"Actual Rows": 3,"Actual Loops": 1,"Workers Planned": 2,"Workers Launched": 2,"Single Copy": false,"Plans": [{"Node Type": "Aggregate","Strategy": "Plain","Partial Mode": "Partial","Parent Relationship": "Outer","Parallel Aware": false,"Async Capable": false,"Startup Cost": 32505.74,"Total Cost": 32505.75,"Plan Rows": 1,"Plan Width": 32,"Actual Startup Time": 78.093,"Actual Total Time": 78.094,"Actual Rows": 1,"Actual Loops": 3,"Workers": [],"Plans": [{"Node Type": "Nested Loop","Parent Relationship": "Outer","Parallel Aware": false,"Async Capable": false,"Join Type": "Inner","Startup Cost": 0.43,"Total Cost": 32505.38,"Plan Rows": 47,"Plan Width": 12,"Actual Startup Time": 2.469,"Actual Total Time": 78.054,"Actual Rows": 43,"Actual Loops": 3,"Inner Unique": false,"Workers": [],"Plans": [{"Node Type": "Seq Scan","Parent Relationship": "Outer","Parallel Aware": true,"Async Capable": false,"Relation Name": "part","Alias": "part","Startup Cost": 0.00,"Total Cost": 7638.67,"Plan Rows": 202,"Plan Width": 30,"Actual Startup Time": 0.399,"Actual Total Time": 33.623,"Actual Rows": 171,"Actual Loops": 3,"Filter": "((p_size >= 1) AND (((p_brand = 'Brand#24'::bpchar) AND (p_container = ANY ('{\"SM CASE\",\"SM BOX\",\"SM PACK\",\"SM PKG\"}'::bpchar[])) AND (p_size <= 5)) OR ((p_brand = 'Brand#23'::bpchar) AND (p_container = ANY ('{\"MED BAG\",\"MED BOX\",\"MED PKG\",\"MED PACK\"}'::bpchar[])) AND (p_size <= 10)) OR ((p_brand = 'Brand#31'::bpchar) AND (p_container = ANY ('{\"LG CASE\",\"LG BOX\",\"LG PACK\",\"LG PKG\"}'::bpchar[])) AND (p_size <= 15))))","Rows Removed by Filter": 66496,"Workers": []},{"Node Type": "Index Scan","Parent Relationship": "Inner","Parallel Aware": false,"Async Capable": false,"Scan Direction": "Forward","Index Name": "idx_lineitem_part_supp","Relation Name": "lineitem","Alias": "lineitem","Startup Cost": 0.43,"Total Cost": 123.09,"Plan Rows": 1,"Plan Width": 21,"Actual Startup Time": 0.232,"Actual Total Time": 0.260,"Actual Rows": 0,"Actual Loops": 512,"Index Cond": "(l_partkey = part.p_partkey)","Rows Removed by Index Recheck": 0,"Filter": "((l_shipmode = ANY ('{AIR,\"AIR REG\"}'::bpchar[])) AND (l_shipinstruct = 'DELIVER IN PERSON'::bpchar) AND (((l_quantity >= '8'::numeric) AND (l_quantity <= '18'::numeric)) OR ((l_quantity >= '20'::numeric) AND (l_quantity <= '30'::numeric)) OR ((l_quantity >= '22'::numeric) AND (l_quantity <= '32'::numeric))) AND (((part.p_brand = 'Brand#24'::bpchar) AND (part.p_container = ANY ('{\"SM CASE\",\"SM BOX\",\"SM PACK\",\"SM PKG\"}'::bpchar[])) AND (l_quantity >= '8'::numeric) AND (l_quantity <= '18'::numeric) AND (part.p_size <= 5)) OR ((part.p_brand = 'Brand#23'::bpchar) AND (part.p_container = ANY ('{\"MED BAG\",\"MED BOX\",\"MED PKG\",\"MED PACK\"}'::bpchar[])) AND (l_quantity >= '20'::numeric) AND (l_quantity <= '30'::numeric) AND (part.p_size <= 10)) OR ((part.p_brand = 'Brand#31'::bpchar) AND (part.p_container = ANY ('{\"LG CASE\",\"LG BOX\",\"LG PACK\",\"LG PKG\"}'::bpchar[])) AND (l_quantity >= '22'::numeric) AND (l_quantity <= '32'::numeric) AND (part.p_size <= 15))))","Rows Removed by Filter": 29,"Workers": []}]}]}]}]},"Planning Time": 5.211,"Triggers": [],"Execution Time": 100.162}]
[{"Plan": {"Node Type": "Aggregate","Strategy": "Plain","Partial Mode": "Finalize","Parallel Aware": false,"Async Capable": false,"Startup Cost": 33744.20,"Total Cost": 33744.21,"Plan Rows": 1,"Plan Width": 32,"Actual Startup Time": 88.300,"Actual Total Time": 103.445,"Actual Rows": 1,"Actual Loops": 1,"Plans": [{"Node Type": "Gather","Parent Relationship": "Outer","Parallel Aware": false,"Async Capable": false,"Startup Cost": 33743.98,"Total Cost": 33744.19,"Plan Rows": 2,"Plan Width": 32,"Actual Startup Time": 87.714,"Actual Total Time": 103.425,"Actual Rows": 3,"Actual Loops": 1,"Workers Planned": 2,"Workers Launched": 2,"Single Copy": false,"Plans": [{"Node Type": "Aggregate","Strategy": "Plain","Partial Mode": "Partial","Parent Relationship": "Outer","Parallel Aware": false,"Async Capable": false,"Startup Cost": 32743.98,"Total Cost": 32743.99,"Plan Rows": 1,"Plan Width": 32,"Actual Startup Time": 81.226,"Actual Total Time": 81.227,"Actual Rows": 1,"Actual Loops": 3,"Workers": [],"Plans": [{"Node Type": "Nested Loop","Parent Relationship": "Outer","Parallel Aware": false,"Async Capable": false,"Join Type": "Inner","Startup Cost": 0.43,"Total Cost": 32743.62,"Plan Rows": 47,"Plan Width": 12,"Actual Startup Time": 2.051,"Actual Total Time": 81.172,"Actual Rows": 47,"Actual Loops": 3,"Inner Unique": false,"Workers": [],"Plans": [{"Node Type": "Seq Scan","Parent Relationship": "Outer","Parallel Aware": true,"Async Capable": false,"Relation Name": "part","Alias": "part","Startup Cost": 0.00,"Total Cost": 7638.67,"Plan Rows": 204,"Plan Width": 30,"Actual Startup Time": 0.838,"Actual Total Time": 34.880,"Actual Rows": 167,"Actual Loops": 3,"Filter": "((p_size >= 1) AND (((p_brand = 'Brand#23'::bpchar) AND (p_container = ANY ('{\"SM CASE\",\"SM BOX\",\"SM PACK\",\"SM PKG\"}'::bpchar[])) AND (p_size <= 5)) OR ((p_brand = 'Brand#13'::bpchar) AND (p_container = ANY ('{\"MED BAG\",\"MED BOX\",\"MED PKG\",\"MED PACK\"}'::bpchar[])) AND (p_size <= 10)) OR ((p_brand = 'Brand#21'::bpchar) AND (p_container = ANY ('{\"LG CASE\",\"LG BOX\",\"LG PACK\",\"LG PKG\"}'::bpchar[])) AND (p_size <= 15))))","Rows Removed by Filter": 66499,"Workers": []},{"Node Type": "Index Scan","Parent Relationship": "Inner","Parallel Aware": false,"Async Capable": false,"Scan Direction": "Forward","Index Name": "idx_lineitem_part_supp","Relation Name": "lineitem","Alias": "lineitem","Startup Cost": 0.43,"Total Cost": 123.05,"Plan Rows": 1,"Plan Width": 21,"Actual Startup Time": 0.244,"Actual Total Time": 0.276,"Actual Rows": 0,"Actual Loops": 502,"Index Cond": "(l_partkey = part.p_partkey)","Rows Removed by Index Recheck": 0,"Filter": "((l_shipmode = ANY ('{AIR,\"AIR REG\"}'::bpchar[])) AND (l_shipinstruct = 'DELIVER IN PERSON'::bpchar) AND (((l_quantity >= '7'::numeric) AND (l_quantity <= '17'::numeric)) OR ((l_quantity >= '18'::numeric) AND (l_quantity <= '28'::numeric)) OR ((l_quantity >= '28'::numeric) AND (l_quantity <= '38'::numeric))) AND (((part.p_brand = 'Brand#23'::bpchar) AND (part.p_container = ANY ('{\"SM CASE\",\"SM BOX\",\"SM PACK\",\"SM PKG\"}'::bpchar[])) AND (l_quantity >= '7'::numeric) AND (l_quantity <= '17'::numeric) AND (part.p_size <= 5)) OR ((part.p_brand = 'Brand#13'::bpchar) AND (part.p_container = ANY ('{\"MED BAG\",\"MED BOX\",\"MED PKG\",\"MED PACK\"}'::bpchar[])) AND (l_quantity >= '18'::numeric) AND (l_quantity <= '28'::numeric) AND (part.p_size <= 10)) OR ((part.p_brand = 'Brand#21'::bpchar) AND (part.p_container = ANY ('{\"LG CASE\",\"LG BOX\",\"LG PACK\",\"LG PKG\"}'::bpchar[])) AND (l_quantity >= '28'::numeric) AND (l_quantity <= '38'::numeric) AND (part.p_size <= 15))))","Rows Removed by Filter": 30,"Workers": []}]}]}]}]},"Planning Time": 6.572,"Triggers": [],"Execution Time": 103.624}]
[{"Plan": {"Node Type": "Aggregate","Strategy": "Plain","Partial Mode": "Finalize","Parallel Aware": false,"Async Capable": false,"Startup Cost": 33394.95,"Total Cost": 33394.96,"Plan Rows": 1,"Plan Width": 32,"Actual Startup Time": 86.978,"Actual Total Time": 101.324,"Actual Rows": 1,"Actual Loops": 1,"Plans": [{"Node Type": "Gather","Parent Relationship": "Outer","Parallel Aware": false,"Async Capable": false,"Startup Cost": 33394.73,"Total Cost": 33394.94,"Plan Rows": 2,"Plan Width": 32,"Actual Startup Time": 86.819,"Actual Total Time": 101.296,"Actual Rows": 3,"Actual Loops": 1,"Workers Planned": 2,"Workers Launched": 2,"Single Copy": false,"Plans": [{"Node Type": "Aggregate","Strategy": "Plain","Partial Mode": "Partial","Parent Relationship": "Outer","Parallel Aware": false,"Async Capable": false,"Startup Cost": 32394.73,"Total Cost": 32394.74,"Plan Rows": 1,"Plan Width": 32,"Actual Startup Time": 80.092,"Actual Total Time": 80.095,"Actual Rows": 1,"Actual Loops": 3,"Workers": [],"Plans": [{"Node Type": "Nested Loop","Parent Relationship": "Outer","Parallel Aware": false,"Async Capable": false,"Join Type": "Inner","Startup Cost": 0.43,"Total Cost": 32394.37,"Plan Rows": 47,"Plan Width": 12,"Actual Startup Time": 3.853,"Actual Total Time": 80.045,"Actual Rows": 26,"Actual Loops": 3,"Inner Unique": false,"Workers": [],"Plans": [{"Node Type": "Seq Scan","Parent Relationship": "Outer","Parallel Aware": true,"Async Capable": false,"Relation Name": "part","Alias": "part","Startup Cost": 0.00,"Total Cost": 7638.67,"Plan Rows": 201,"Plan Width": 30,"Actual Startup Time": 0.436,"Actual Total Time": 35.819,"Actual Rows": 153,"Actual Loops": 3,"Filter": "((p_size >= 1) AND (((p_brand = 'Brand#11'::bpchar) AND (p_container = ANY ('{\"SM CASE\",\"SM BOX\",\"SM PACK\",\"SM PKG\"}'::bpchar[])) AND (p_size <= 5)) OR ((p_brand = 'Brand#51'::bpchar) AND (p_container = ANY ('{\"MED BAG\",\"MED BOX\",\"MED PKG\",\"MED PACK\"}'::bpchar[])) AND (p_size <= 10)) OR ((p_brand = 'Brand#51'::bpchar) AND (p_container = ANY ('{\"LG CASE\",\"LG BOX\",\"LG PACK\",\"LG PKG\"}'::bpchar[])) AND (p_size <= 15))))","Rows Removed by Filter": 66513,"Workers": []},{"Node Type": "Index Scan","Parent Relationship": "Inner","Parallel Aware": false,"Async Capable": false,"Scan Direction": "Forward","Index Name": "idx_lineitem_part_supp","Relation Name": "lineitem","Alias": "lineitem","Startup Cost": 0.43,"Total Cost": 123.15,"Plan Rows": 1,"Plan Width": 21,"Actual Startup Time": 0.263,"Actual Total Time": 0.288,"Actual Rows": 0,"Actual Loops": 460,"Index Cond": "(l_partkey = part.p_partkey)","Rows Removed by Index Recheck": 0,"Filter": "((l_shipmode = ANY ('{AIR,\"AIR REG\"}'::bpchar[])) AND (l_shipinstruct = 'DELIVER IN PERSON'::bpchar) AND (((l_quantity >= '7'::numeric) AND (l_quantity <= '17'::numeric)) OR ((l_quantity >= '18'::numeric) AND (l_quantity <= '28'::numeric)) OR ((l_quantity >= '20'::numeric) AND (l_quantity <= '30'::numeric))) AND (((part.p_brand = 'Brand#11'::bpchar) AND (part.p_container = ANY ('{\"SM CASE\",\"SM BOX\",\"SM PACK\",\"SM PKG\"}'::bpchar[])) AND (l_quantity >= '7'::numeric) AND (l_quantity <= '17'::numeric) AND (part.p_size <= 5)) OR ((part.p_brand = 'Brand#51'::bpchar) AND (part.p_container = ANY ('{\"MED BAG\",\"MED BOX\",\"MED PKG\",\"MED PACK\"}'::bpchar[])) AND (l_quantity >= '18'::numeric) AND (l_quantity <= '28'::numeric) AND (part.p_size <= 10)) OR ((part.p_brand = 'Brand#51'::bpchar) AND (part.p_container = ANY ('{\"LG CASE\",\"LG BOX\",\"LG PACK\",\"LG PKG\"}'::bpchar[])) AND (l_quantity >= '20'::numeric) AND (l_quantity <= '30'::numeric) AND (part.p_size <= 15))))","Rows Removed by Filter": 30,"Workers": []}]}]}]}]},"Planning Time": 6.720,"Triggers": [],"Execution Time": 101.551}]
[{"Plan": {"Node Type": "Aggregate","Strategy": "Plain","Partial Mode": "Finalize","Parallel Aware": false,"Async Capable": false,"Startup Cost": 33625.04,"Total Cost": 33625.05,"Plan Rows": 1,"Plan Width": 32,"Actual Startup Time": 83.374,"Actual Total Time": 98.052,"Actual Rows": 1,"Actual Loops": 1,"Plans": [{"Node Type": "Gather","Parent Relationship": "Outer","Parallel Aware": false,"Async Capable": false,"Startup Cost": 33624.81,"Total Cost": 33625.02,"Plan Rows": 2,"Plan Width": 32,"Actual Startup Time": 83.085,"Actual Total Time": 98.025,"Actual Rows": 3,"Actual Loops": 1,"Workers Planned": 2,"Workers Launched": 2,"Single Copy": false,"Plans": [{"Node Type": "Aggregate","Strategy": "Plain","Partial Mode": "Partial","Parent Relationship": "Outer","Parallel Aware": false,"Async Capable": false,"Startup Cost": 32624.81,"Total Cost": 32624.82,"Plan Rows": 1,"Plan Width": 32,"Actual Startup Time": 76.725,"Actual Total Time": 76.727,"Actual Rows": 1,"Actual Loops": 3,"Workers": [],"Plans": [{"Node Type": "Nested Loop","Parent Relationship": "Outer","Parallel Aware": false,"Async Capable": false,"Join Type": "Inner","Startup Cost": 0.43,"Total Cost": 32624.46,"Plan Rows": 47,"Plan Width": 12,"Actual Startup Time": 2.316,"Actual Total Time": 76.672,"Actual Rows": 48,"Actual Loops": 3,"Inner Unique": false,"Workers": [],"Plans": [{"Node Type": "Seq Scan","Parent Relationship": "Outer","Parallel Aware": true,"Async Capable": false,"Relation Name": "part","Alias": "part","Startup Cost": 0.00,"Total Cost": 7638.67,"Plan Rows": 203,"Plan Width": 30,"Actual Startup Time": 0.476,"Actual Total Time": 31.846,"Actual Rows": 169,"Actual Loops": 3,"Filter": "((p_size >= 1) AND (((p_brand = 'Brand#23'::bpchar) AND (p_container = ANY ('{\"SM CASE\",\"SM BOX\",\"SM PACK\",\"SM PKG\"}'::bpchar[])) AND (p_size <= 5)) OR ((p_brand = 'Brand#43'::bpchar) AND (p_container = ANY ('{\"MED BAG\",\"MED BOX\",\"MED PKG\",\"MED PACK\"}'::bpchar[])) AND (p_size <= 10)) OR ((p_brand = 'Brand#15'::bpchar) AND (p_container = ANY ('{\"LG CASE\",\"LG BOX\",\"LG PACK\",\"LG PKG\"}'::bpchar[])) AND (p_size <= 15))))","Rows Removed by Filter": 66497,"Workers": []},{"Node Type": "Index Scan","Parent Relationship": "Inner","Parallel Aware": false,"Async Capable": false,"Scan Direction": "Forward","Index Name": "idx_lineitem_part_supp","Relation Name": "lineitem","Alias": "lineitem","Startup Cost": 0.43,"Total Cost": 123.07,"Plan Rows": 1,"Plan Width": 21,"Actual Startup Time": 0.227,"Actual Total Time": 0.264,"Actual Rows": 0,"Actual Loops": 508,"Index Cond": "(l_partkey = part.p_partkey)","Rows Removed by Index Recheck": 0,"Filter": "((l_shipmode = ANY ('{AIR,\"AIR REG\"}'::bpchar[])) AND (l_shipinstruct = 'DELIVER IN PERSON'::bpchar) AND (((l_quantity >= '6'::numeric) AND (l_quantity <= '16'::numeric)) OR ((l_quantity >= '18'::numeric) AND (l_quantity <= '28'::numeric)) OR ((l_quantity >= '23'::numeric) AND (l_quantity <= '33'::numeric))) AND (((part.p_brand = 'Brand#23'::bpchar) AND (part.p_container = ANY ('{\"SM CASE\",\"SM BOX\",\"SM PACK\",\"SM PKG\"}'::bpchar[])) AND (l_quantity >= '6'::numeric) AND (l_quantity <= '16'::numeric) AND (part.p_size <= 5)) OR ((part.p_brand = 'Brand#43'::bpchar) AND (part.p_container = ANY ('{\"MED BAG\",\"MED BOX\",\"MED PKG\",\"MED PACK\"}'::bpchar[])) AND (l_quantity >= '18'::numeric) AND (l_quantity <= '28'::numeric) AND (part.p_size <= 10)) OR ((part.p_brand = 'Brand#15'::bpchar) AND (part.p_container = ANY ('{\"LG CASE\",\"LG BOX\",\"LG PACK\",\"LG PKG\"}'::bpchar[])) AND (l_quantity >= '23'::numeric) AND (l_quantity <= '33'::numeric) AND (part.p_size <= 15))))","Rows Removed by Filter": 30,"Workers": []}]}]}]}]},"Planning Time": 6.426,"Triggers": [],"Execution Time": 98.213}]
[{"Plan": {"Node Type": "Aggregate","Strategy": "Plain","Partial Mode": "Finalize","Parallel Aware": false,"Async Capable": false,"Startup Cost": 33743.27,"Total Cost": 33743.28,"Plan Rows": 1,"Plan Width": 32,"Actual Startup Time": 86.149,"Actual Total Time": 101.893,"Actual Rows": 1,"Actual Loops": 1,"Plans": [{"Node Type": "Gather","Parent Relationship": "Outer","Parallel Aware": false,"Async Capable": false,"Startup Cost": 33743.05,"Total Cost": 33743.26,"Plan Rows": 2,"Plan Width": 32,"Actual Startup Time": 85.873,"Actual Total Time": 101.863,"Actual Rows": 3,"Actual Loops": 1,"Workers Planned": 2,"Workers Launched": 2,"Single Copy": false,"Plans": [{"Node Type": "Aggregate","Strategy": "Plain","Partial Mode": "Partial","Parent Relationship": "Outer","Parallel Aware": false,"Async Capable": false,"Startup Cost": 32743.05,"Total Cost": 32743.06,"Plan Rows": 1,"Plan Width": 32,"Actual Startup Time": 79.082,"Actual Total Time": 79.084,"Actual Rows": 1,"Actual Loops": 3,"Workers": [],"Plans": [{"Node Type": "Nested Loop","Parent Relationship": "Outer","Parallel Aware": false,"Async Capable": false,"Join Type": "Inner","Startup Cost": 0.43,"Total Cost": 32742.70,"Plan Rows": 47,"Plan Width": 12,"Actual Startup Time": 2.692,"Actual Total Time": 79.038,"Actual Rows": 47,"Actual Loops": 3,"Inner Unique": false,"Workers": [],"Plans": [{"Node Type": "Seq Scan","Parent Relationship": "Outer","Parallel Aware": true,"Async Capable": false,"Relation Name": "part","Alias": "part","Startup Cost": 0.00,"Total Cost": 7638.67,"Plan Rows": 204,"Plan Width": 30,"Actual Startup Time": 0.524,"Actual Total Time": 33.115,"Actual Rows": 173,"Actual Loops": 3,"Filter": "((p_size >= 1) AND (((p_brand = 'Brand#23'::bpchar) AND (p_container = ANY ('{\"SM CASE\",\"SM BOX\",\"SM PACK\",\"SM PKG\"}'::bpchar[])) AND (p_size <= 5)) OR ((p_brand = 'Brand#15'::bpchar) AND (p_container = ANY ('{\"MED BAG\",\"MED BOX\",\"MED PKG\",\"MED PACK\"}'::bpchar[])) AND (p_size <= 10)) OR ((p_brand = 'Brand#22'::bpchar) AND (p_container = ANY ('{\"LG CASE\",\"LG BOX\",\"LG PACK\",\"LG PKG\"}'::bpchar[])) AND (p_size <= 15))))","Rows Removed by Filter": 66494,"Workers": []},{"Node Type": "Index Scan","Parent Relationship": "Inner","Parallel Aware": false,"Async Capable": false,"Scan Direction": "Forward","Index Name": "idx_lineitem_part_supp","Relation Name": "lineitem","Alias": "lineitem","Startup Cost": 0.43,"Total Cost": 123.05,"Plan Rows": 1,"Plan Width": 21,"Actual Startup Time": 0.233,"Actual Total Time": 0.265,"Actual Rows": 0,"Actual Loops": 519,"Index Cond": "(l_partkey = part.p_partkey)","Rows Removed by Index Recheck": 0,"Filter": "((l_shipmode = ANY ('{AIR,\"AIR REG\"}'::bpchar[])) AND (l_shipinstruct = 'DELIVER IN PERSON'::bpchar) AND (((l_quantity >= '1'::numeric) AND (l_quantity <= '11'::numeric)) OR ((l_quantity >= '18'::numeric) AND (l_quantity <= '28'::numeric)) OR ((l_quantity >= '21'::numeric) AND (l_quantity <= '31'::numeric))) AND (((part.p_brand = 'Brand#23'::bpchar) AND (part.p_container = ANY ('{\"SM CASE\",\"SM BOX\",\"SM PACK\",\"SM PKG\"}'::bpchar[])) AND (l_quantity >= '1'::numeric) AND (l_quantity <= '11'::numeric) AND (part.p_size <= 5)) OR ((part.p_brand = 'Brand#15'::bpchar) AND (part.p_container = ANY ('{\"MED BAG\",\"MED BOX\",\"MED PKG\",\"MED PACK\"}'::bpchar[])) AND (l_quantity >= '18'::numeric) AND (l_quantity <= '28'::numeric) AND (part.p_size <= 10)) OR ((part.p_brand = 'Brand#22'::bpchar) AND (part.p_container = ANY ('{\"LG CASE\",\"LG BOX\",\"LG PACK\",\"LG PKG\"}'::bpchar[])) AND (l_quantity >= '21'::numeric) AND (l_quantity <= '31'::numeric) AND (part.p_size <= 15))))","Rows Removed by Filter": 30,"Workers": []}]}]}]}]},"Planning Time": 5.381,"Triggers": [],"Execution Time": 102.073}]
[{"Plan": {"Node Type": "Aggregate","Strategy": "Plain","Partial Mode": "Finalize","Parallel Aware": false,"Async Capable": false,"Startup Cost": 34895.58,"Total Cost": 34895.59,"Plan Rows": 1,"Plan Width": 32,"Actual Startup Time": 81.913,"Actual Total Time": 97.310,"Actual Rows": 1,"Actual Loops": 1,"Plans": [{"Node Type": "Gather","Parent Relationship": "Outer","Parallel Aware": false,"Async Capable": false,"Startup Cost": 34895.36,"Total Cost": 34895.57,"Plan Rows": 2,"Plan Width": 32,"Actual Startup Time": 81.649,"Actual Total Time": 97.275,"Actual Rows": 3,"Actual Loops": 1,"Workers Planned": 2,"Workers Launched": 2,"Single Copy": false,"Plans": [{"Node Type": "Aggregate","Strategy": "Plain","Partial Mode": "Partial","Parent Relationship": "Outer","Parallel Aware": false,"Async Capable": false,"Startup Cost": 33895.36,"Total Cost": 33895.37,"Plan Rows": 1,"Plan Width": 32,"Actual Startup Time": 75.496,"Actual Total Time": 75.500,"Actual Rows": 1,"Actual Loops": 3,"Workers": [],"Plans": [{"Node Type": "Nested Loop","Parent Relationship": "Outer","Parallel Aware": false,"Async Capable": false,"Join Type": "Inner","Startup Cost": 0.43,"Total Cost": 33894.98,"Plan Rows": 50,"Plan Width": 12,"Actual Startup Time": 3.505,"Actual Total Time": 75.451,"Actual Rows": 39,"Actual Loops": 3,"Inner Unique": false,"Workers": [],"Plans": [{"Node Type": "Seq Scan","Parent Relationship": "Outer","Parallel Aware": true,"Async Capable": false,"Relation Name": "part","Alias": "part","Startup Cost": 0.00,"Total Cost": 7638.67,"Plan Rows": 214,"Plan Width": 30,"Actual Startup Time": 0.366,"Actual Total Time": 30.858,"Actual Rows": 175,"Actual Loops": 3,"Filter": "((p_size >= 1) AND (((p_brand = 'Brand#53'::bpchar) AND (p_container = ANY ('{\"SM CASE\",\"SM BOX\",\"SM PACK\",\"SM PKG\"}'::bpchar[])) AND (p_size <= 5)) OR ((p_brand = 'Brand#33'::bpchar) AND (p_container = ANY ('{\"MED BAG\",\"MED BOX\",\"MED PKG\",\"MED PACK\"}'::bpchar[])) AND (p_size <= 10)) OR ((p_brand = 'Brand#33'::bpchar) AND (p_container = ANY ('{\"LG CASE\",\"LG BOX\",\"LG PACK\",\"LG PKG\"}'::bpchar[])) AND (p_size <= 15))))","Rows Removed by Filter": 66492,"Workers": []},{"Node Type": "Index Scan","Parent Relationship": "Inner","Parallel Aware": false,"Async Capable": false,"Scan Direction": "Forward","Index Name": "idx_lineitem_part_supp","Relation Name": "lineitem","Alias": "lineitem","Startup Cost": 0.43,"Total Cost": 122.68,"Plan Rows": 1,"Plan Width": 21,"Actual Startup Time": 0.227,"Actual Total Time": 0.255,"Actual Rows": 0,"Actual Loops": 524,"Index Cond": "(l_partkey = part.p_partkey)","Rows Removed by Index Recheck": 0,"Filter": "((l_shipmode = ANY ('{AIR,\"AIR REG\"}'::bpchar[])) AND (l_shipinstruct = 'DELIVER IN PERSON'::bpchar) AND (((l_quantity >= '5'::numeric) AND (l_quantity <= '15'::numeric)) OR ((l_quantity >= '10'::numeric) AND (l_quantity <= '20'::numeric)) OR ((l_quantity >= '27'::numeric) AND (l_quantity <= '37'::numeric))) AND (((part.p_brand = 'Brand#53'::bpchar) AND (part.p_container = ANY ('{\"SM CASE\",\"SM BOX\",\"SM PACK\",\"SM PKG\"}'::bpchar[])) AND (l_quantity >= '5'::numeric) AND (l_quantity <= '15'::numeric) AND (part.p_size <= 5)) OR ((part.p_brand = 'Brand#33'::bpchar) AND (part.p_container = ANY ('{\"MED BAG\",\"MED BOX\",\"MED PKG\",\"MED PACK\"}'::bpchar[])) AND (l_quantity >= '10'::numeric) AND (l_quantity <= '20'::numeric) AND (part.p_size <= 10)) OR ((part.p_brand = 'Brand#33'::bpchar) AND (part.p_container = ANY ('{\"LG CASE\",\"LG BOX\",\"LG PACK\",\"LG PKG\"}'::bpchar[])) AND (l_quantity >= '27'::numeric) AND (l_quantity <= '37'::numeric) AND (part.p_size <= 15))))","Rows Removed by Filter": 30,"Workers": []}]}]}]}]},"Planning Time": 4.893,"Triggers": [],"Execution Time": 97.504}]
[{"Plan": {"Node Type": "Aggregate","Strategy": "Plain","Partial Mode": "Finalize","Parallel Aware": false,"Async Capable": false,"Startup Cost": 33394.21,"Total Cost": 33394.22,"Plan Rows": 1,"Plan Width": 32,"Actual Startup Time": 82.349,"Actual Total Time": 96.802,"Actual Rows": 1,"Actual Loops": 1,"Plans": [{"Node Type": "Gather","Parent Relationship": "Outer","Parallel Aware": false,"Async Capable": false,"Startup Cost": 33393.99,"Total Cost": 33394.20,"Plan Rows": 2,"Plan Width": 32,"Actual Startup Time": 82.034,"Actual Total Time": 96.769,"Actual Rows": 3,"Actual Loops": 1,"Workers Planned": 2,"Workers Launched": 2,"Single Copy": false,"Plans": [{"Node Type": "Aggregate","Strategy": "Plain","Partial Mode": "Partial","Parent Relationship": "Outer","Parallel Aware": false,"Async Capable": false,"Startup Cost": 32393.99,"Total Cost": 32394.00,"Plan Rows": 1,"Plan Width": 32,"Actual Startup Time": 75.655,"Actual Total Time": 75.660,"Actual Rows": 1,"Actual Loops": 3,"Workers": [],"Plans": [{"Node Type": "Nested Loop","Parent Relationship": "Outer","Parallel Aware": false,"Async Capable": false,"Join Type": "Inner","Startup Cost": 0.43,"Total Cost": 32393.63,"Plan Rows": 47,"Plan Width": 12,"Actual Startup Time": 3.595,"Actual Total Time": 75.616,"Actual Rows": 34,"Actual Loops": 3,"Inner Unique": false,"Workers": [],"Plans": [{"Node Type": "Seq Scan","Parent Relationship": "Outer","Parallel Aware": true,"Async Capable": false,"Relation Name": "part","Alias": "part","Startup Cost": 0.00,"Total Cost": 7638.67,"Plan Rows": 201,"Plan Width": 30,"Actual Startup Time": 0.595,"Actual Total Time": 33.793,"Actual Rows": 152,"Actual Loops": 3,"Filter": "((p_size >= 1) AND (((p_brand = 'Brand#54'::bpchar) AND (p_container = ANY ('{\"SM CASE\",\"SM BOX\",\"SM PACK\",\"SM PKG\"}'::bpchar[])) AND (p_size <= 5)) OR ((p_brand = 'Brand#45'::bpchar) AND (p_container = ANY ('{\"MED BAG\",\"MED BOX\",\"MED PKG\",\"MED PACK\"}'::bpchar[])) AND (p_size <= 10)) OR ((p_brand = 'Brand#23'::bpchar) AND (p_container = ANY ('{\"LG CASE\",\"LG BOX\",\"LG PACK\",\"LG PKG\"}'::bpchar[])) AND (p_size <= 15))))","Rows Removed by Filter": 66515,"Workers": []},{"Node Type": "Index Scan","Parent Relationship": "Inner","Parallel Aware": false,"Async Capable": false,"Scan Direction": "Forward","Index Name": "idx_lineitem_part_supp","Relation Name": "lineitem","Alias": "lineitem","Startup Cost": 0.43,"Total Cost": 123.15,"Plan Rows": 1,"Plan Width": 21,"Actual Startup Time": 0.254,"Actual Total Time": 0.275,"Actual Rows": 0,"Actual Loops": 455,"Index Cond": "(l_partkey = part.p_partkey)","Rows Removed by Index Recheck": 0,"Filter": "((l_shipmode = ANY ('{AIR,\"AIR REG\"}'::bpchar[])) AND (l_shipinstruct = 'DELIVER IN PERSON'::bpchar) AND (((l_quantity >= '3'::numeric) AND (l_quantity <= '13'::numeric)) OR ((l_quantity >= '12'::numeric) AND (l_quantity <= '22'::numeric)) OR ((l_quantity >= '27'::numeric) AND (l_quantity <= '37'::numeric))) AND (((part.p_brand = 'Brand#54'::bpchar) AND (part.p_container = ANY ('{\"SM CASE\",\"SM BOX\",\"SM PACK\",\"SM PKG\"}'::bpchar[])) AND (l_quantity >= '3'::numeric) AND (l_quantity <= '13'::numeric) AND (part.p_size <= 5)) OR ((part.p_brand = 'Brand#45'::bpchar) AND (part.p_container = ANY ('{\"MED BAG\",\"MED BOX\",\"MED PKG\",\"MED PACK\"}'::bpchar[])) AND (l_quantity >= '12'::numeric) AND (l_quantity <= '22'::numeric) AND (part.p_size <= 10)) OR ((part.p_brand = 'Brand#23'::bpchar) AND (part.p_container = ANY ('{\"LG CASE\",\"LG BOX\",\"LG PACK\",\"LG PKG\"}'::bpchar[])) AND (l_quantity >= '27'::numeric) AND (l_quantity <= '37'::numeric) AND (part.p_size <= 15))))","Rows Removed by Filter": 29,"Workers": []}]}]}]}]},"Planning Time": 4.963,"Triggers": [],"Execution Time": 96.975}]
[{"Plan": {"Node Type": "Aggregate","Strategy": "Plain","Partial Mode": "Finalize","Parallel Aware": false,"Async Capable": false,"Startup Cost": 33852.36,"Total Cost": 33852.37,"Plan Rows": 1,"Plan Width": 32,"Actual Startup Time": 78.853,"Actual Total Time": 92.983,"Actual Rows": 1,"Actual Loops": 1,"Plans": [{"Node Type": "Gather","Parent Relationship": "Outer","Parallel Aware": false,"Async Capable": false,"Startup Cost": 33852.13,"Total Cost": 33852.34,"Plan Rows": 2,"Plan Width": 32,"Actual Startup Time": 78.743,"Actual Total Time": 92.955,"Actual Rows": 3,"Actual Loops": 1,"Workers Planned": 2,"Workers Launched": 2,"Single Copy": false,"Plans": [{"Node Type": "Aggregate","Strategy": "Plain","Partial Mode": "Partial","Parent Relationship": "Outer","Parallel Aware": false,"Async Capable": false,"Startup Cost": 32852.13,"Total Cost": 32852.14,"Plan Rows": 1,"Plan Width": 32,"Actual Startup Time": 72.415,"Actual Total Time": 72.418,"Actual Rows": 1,"Actual Loops": 3,"Workers": [],"Plans": [{"Node Type": "Nested Loop","Parent Relationship": "Outer","Parallel Aware": false,"Async Capable": false,"Join Type": "Inner","Startup Cost": 0.43,"Total Cost": 32851.77,"Plan Rows": 48,"Plan Width": 12,"Actual Startup Time": 1.931,"Actual Total Time": 72.372,"Actual Rows": 42,"Actual Loops": 3,"Inner Unique": false,"Workers": [],"Plans": [{"Node Type": "Seq Scan","Parent Relationship": "Outer","Parallel Aware": true,"Async Capable": false,"Relation Name": "part","Alias": "part","Startup Cost": 0.00,"Total Cost": 7638.67,"Plan Rows": 205,"Plan Width": 30,"Actual Startup Time": 0.596,"Actual Total Time": 31.324,"Actual Rows": 156,"Actual Loops": 3,"Filter": "((p_size >= 1) AND (((p_brand = 'Brand#22'::bpchar) AND (p_container = ANY ('{\"SM CASE\",\"SM BOX\",\"SM PACK\",\"SM PKG\"}'::bpchar[])) AND (p_size <= 5)) OR ((p_brand = 'Brand#35'::bpchar) AND (p_container = ANY ('{\"MED BAG\",\"MED BOX\",\"MED PKG\",\"MED PACK\"}'::bpchar[])) AND (p_size <= 10)) OR ((p_brand = 'Brand#21'::bpchar) AND (p_container = ANY ('{\"LG CASE\",\"LG BOX\",\"LG PACK\",\"LG PKG\"}'::bpchar[])) AND (p_size <= 15))))","Rows Removed by Filter": 66511,"Workers": []},{"Node Type": "Index Scan","Parent Relationship": "Inner","Parallel Aware": false,"Async Capable": false,"Scan Direction": "Forward","Index Name": "idx_lineitem_part_supp","Relation Name": "lineitem","Alias": "lineitem","Startup Cost": 0.43,"Total Cost": 122.98,"Plan Rows": 1,"Plan Width": 21,"Actual Startup Time": 0.235,"Actual Total Time": 0.263,"Actual Rows": 0,"Actual Loops": 467,"Index Cond": "(l_partkey = part.p_partkey)","Rows Removed by Index Recheck": 0,"Filter": "((l_shipmode = ANY ('{AIR,\"AIR REG\"}'::bpchar[])) AND (l_shipinstruct = 'DELIVER IN PERSON'::bpchar) AND (((l_quantity >= '8'::numeric) AND (l_quantity <= '18'::numeric)) OR ((l_quantity >= '14'::numeric) AND (l_quantity <= '24'::numeric)) OR ((l_quantity >= '21'::numeric) AND (l_quantity <= '31'::numeric))) AND (((part.p_brand = 'Brand#22'::bpchar) AND (part.p_container = ANY ('{\"SM CASE\",\"SM BOX\",\"SM PACK\",\"SM PKG\"}'::bpchar[])) AND (l_quantity >= '8'::numeric) AND (l_quantity <= '18'::numeric) AND (part.p_size <= 5)) OR ((part.p_brand = 'Brand#35'::bpchar) AND (part.p_container = ANY ('{\"MED BAG\",\"MED BOX\",\"MED PKG\",\"MED PACK\"}'::bpchar[])) AND (l_quantity >= '14'::numeric) AND (l_quantity <= '24'::numeric) AND (part.p_size <= 10)) OR ((part.p_brand = 'Brand#21'::bpchar) AND (part.p_container = ANY ('{\"LG CASE\",\"LG BOX\",\"LG PACK\",\"LG PKG\"}'::bpchar[])) AND (l_quantity >= '21'::numeric) AND (l_quantity <= '31'::numeric) AND (part.p_size <= 15))))","Rows Removed by Filter": 30,"Workers": []}]}]}]}]},"Planning Time": 6.541,"Triggers": [],"Execution Time": 93.140}]
[{"Plan": {"Node Type": "Aggregate","Strategy": "Plain","Partial Mode": "Finalize","Parallel Aware": false,"Async Capable": false,"Startup Cost": 33627.86,"Total Cost": 33627.87,"Plan Rows": 1,"Plan Width": 32,"Actual Startup Time": 80.680,"Actual Total Time": 95.172,"Actual Rows": 1,"Actual Loops": 1,"Plans": [{"Node Type": "Gather","Parent Relationship": "Outer","Parallel Aware": false,"Async Capable": false,"Startup Cost": 33627.64,"Total Cost": 33627.85,"Plan Rows": 2,"Plan Width": 32,"Actual Startup Time": 80.504,"Actual Total Time": 95.154,"Actual Rows": 3,"Actual Loops": 1,"Workers Planned": 2,"Workers Launched": 2,"Single Copy": false,"Plans": [{"Node Type": "Aggregate","Strategy": "Plain","Partial Mode": "Partial","Parent Relationship": "Outer","Parallel Aware": false,"Async Capable": false,"Startup Cost": 32627.64,"Total Cost": 32627.65,"Plan Rows": 1,"Plan Width": 32,"Actual Startup Time": 73.837,"Actual Total Time": 73.840,"Actual Rows": 1,"Actual Loops": 3,"Workers": [],"Plans": [{"Node Type": "Nested Loop","Parent Relationship": "Outer","Parallel Aware": false,"Async Capable": false,"Join Type": "Inner","Startup Cost": 0.43,"Total Cost": 32627.29,"Plan Rows": 47,"Plan Width": 12,"Actual Startup Time": 3.250,"Actual Total Time": 73.799,"Actual Rows": 38,"Actual Loops": 3,"Inner Unique": false,"Workers": [],"Plans": [{"Node Type": "Seq Scan","Parent Relationship": "Outer","Parallel Aware": true,"Async Capable": false,"Relation Name": "part","Alias": "part","Startup Cost": 0.00,"Total Cost": 7638.67,"Plan Rows": 203,"Plan Width": 30,"Actual Startup Time": 0.476,"Actual Total Time": 31.563,"Actual Rows": 160,"Actual Loops": 3,"Filter": "((p_size >= 1) AND (((p_brand = 'Brand#53'::bpchar) AND (p_container = ANY ('{\"SM CASE\",\"SM BOX\",\"SM PACK\",\"SM PKG\"}'::bpchar[])) AND (p_size <= 5)) OR ((p_brand = 'Brand#45'::bpchar) AND (p_container = ANY ('{\"MED BAG\",\"MED BOX\",\"MED PKG\",\"MED PACK\"}'::bpchar[])) AND (p_size <= 10)) OR ((p_brand = 'Brand#43'::bpchar) AND (p_container = ANY ('{\"LG CASE\",\"LG BOX\",\"LG PACK\",\"LG PKG\"}'::bpchar[])) AND (p_size <= 15))))","Rows Removed by Filter": 66507,"Workers": []},{"Node Type": "Index Scan","Parent Relationship": "Inner","Parallel Aware": false,"Async Capable": false,"Scan Direction": "Forward","Index Name": "idx_lineitem_part_supp","Relation Name": "lineitem","Alias": "lineitem","Startup Cost": 0.43,"Total Cost": 123.09,"Plan Rows": 1,"Plan Width": 21,"Actual Startup Time": 0.234,"Actual Total Time": 0.264,"Actual Rows": 0,"Actual Loops": 480,"Index Cond": "(l_partkey = part.p_partkey)","Rows Removed by Index Recheck": 0,"Filter": "((l_shipmode = ANY ('{AIR,\"AIR REG\"}'::bpchar[])) AND (l_shipinstruct = 'DELIVER IN PERSON'::bpchar) AND (((l_quantity >= '4'::numeric) AND (l_quantity <= '14'::numeric)) OR ((l_quantity >= '16'::numeric) AND (l_quantity <= '26'::numeric)) OR ((l_quantity >= '28'::numeric) AND (l_quantity <= '38'::numeric))) AND (((part.p_brand = 'Brand#53'::bpchar) AND (part.p_container = ANY ('{\"SM CASE\",\"SM BOX\",\"SM PACK\",\"SM PKG\"}'::bpchar[])) AND (l_quantity >= '4'::numeric) AND (l_quantity <= '14'::numeric) AND (part.p_size <= 5)) OR ((part.p_brand = 'Brand#45'::bpchar) AND (part.p_container = ANY ('{\"MED BAG\",\"MED BOX\",\"MED PKG\",\"MED PACK\"}'::bpchar[])) AND (l_quantity >= '16'::numeric) AND (l_quantity <= '26'::numeric) AND (part.p_size <= 10)) OR ((part.p_brand = 'Brand#43'::bpchar) AND (part.p_container = ANY ('{\"LG CASE\",\"LG BOX\",\"LG PACK\",\"LG PKG\"}'::bpchar[])) AND (l_quantity >= '28'::numeric) AND (l_quantity <= '38'::numeric) AND (part.p_size <= 15))))","Rows Removed by Filter": 30,"Workers": []}]}]}]}]},"Planning Time": 5.640,"Triggers": [],"Execution Time": 95.368}]
[{"Plan": {"Node Type": "Aggregate","Strategy": "Plain","Partial Mode": "Finalize","Parallel Aware": false,"Async Capable": false,"Startup Cost": 34286.58,"Total Cost": 34286.59,"Plan Rows": 1,"Plan Width": 32,"Actual Startup Time": 84.829,"Actual Total Time": 99.650,"Actual Rows": 1,"Actual Loops": 1,"Plans": [{"Node Type": "Gather","Parent Relationship": "Outer","Parallel Aware": false,"Async Capable": false,"Startup Cost": 34286.35,"Total Cost": 34286.56,"Plan Rows": 2,"Plan Width": 32,"Actual Startup Time": 84.516,"Actual Total Time": 99.620,"Actual Rows": 3,"Actual Loops": 1,"Workers Planned": 2,"Workers Launched": 2,"Single Copy": false,"Plans": [{"Node Type": "Aggregate","Strategy": "Plain","Partial Mode": "Partial","Parent Relationship": "Outer","Parallel Aware": false,"Async Capable": false,"Startup Cost": 33286.35,"Total Cost": 33286.36,"Plan Rows": 1,"Plan Width": 32,"Actual Startup Time": 78.301,"Actual Total Time": 78.302,"Actual Rows": 1,"Actual Loops": 3,"Workers": [],"Plans": [{"Node Type": "Nested Loop","Parent Relationship": "Outer","Parallel Aware": false,"Async Capable": false,"Join Type": "Inner","Startup Cost": 4.54,"Total Cost": 33285.98,"Plan Rows": 49,"Plan Width": 12,"Actual Startup Time": 10.241,"Actual Total Time": 78.241,"Actual Rows": 33,"Actual Loops": 3,"Inner Unique": false,"Workers": [],"Plans": [{"Node Type": "Seq Scan","Parent Relationship": "Outer","Parallel Aware": true,"Async Capable": false,"Relation Name": "part","Alias": "part","Startup Cost": 0.00,"Total Cost": 7638.67,"Plan Rows": 211,"Plan Width": 30,"Actual Startup Time": 0.459,"Actual Total Time": 32.187,"Actual Rows": 162,"Actual Loops": 3,"Filter": "((p_size >= 1) AND (((p_brand = 'Brand#41'::bpchar) AND (p_container = ANY ('{\"SM CASE\",\"SM BOX\",\"SM PACK\",\"SM PKG\"}'::bpchar[])) AND (p_size <= 5)) OR ((p_brand = 'Brand#33'::bpchar) AND (p_container = ANY ('{\"MED BAG\",\"MED BOX\",\"MED PKG\",\"MED PACK\"}'::bpchar[])) AND (p_size <= 10)) OR ((p_brand = 'Brand#15'::bpchar) AND (p_container = ANY ('{\"LG CASE\",\"LG BOX\",\"LG PACK\",\"LG PKG\"}'::bpchar[])) AND (p_size <= 15))))","Rows Removed by Filter": 66504,"Workers": []},{"Node Type": "Bitmap Heap Scan","Parent Relationship": "Inner","Parallel Aware": false,"Async Capable": false,"Relation Name": "lineitem","Alias": "lineitem","Startup Cost": 4.54,"Total Cost": 121.54,"Plan Rows": 1,"Plan Width": 21,"Actual Startup Time": 0.259,"Actual Total Time": 0.282,"Actual Rows": 0,"Actual Loops": 487,"Recheck Cond": "(l_partkey = part.p_partkey)","Rows Removed by Index Recheck": 0,"Filter": "((l_shipmode = ANY ('{AIR,\"AIR REG\"}'::bpchar[])) AND (l_shipinstruct = 'DELIVER IN PERSON'::bpchar) AND (((l_quantity >= '1'::numeric) AND (l_quantity <= '11'::numeric)) OR ((l_quantity >= '14'::numeric) AND (l_quantity <= '24'::numeric)) OR ((l_quantity >= '30'::numeric) AND (l_quantity <= '40'::numeric))) AND (((part.p_brand = 'Brand#41'::bpchar) AND (part.p_container = ANY ('{\"SM CASE\",\"SM BOX\",\"SM PACK\",\"SM PKG\"}'::bpchar[])) AND (l_quantity >= '1'::numeric) AND (l_quantity <= '11'::numeric) AND (part.p_size <= 5)) OR ((part.p_brand = 'Brand#33'::bpchar) AND (part.p_container = ANY ('{\"MED BAG\",\"MED BOX\",\"MED PKG\",\"MED PACK\"}'::bpchar[])) AND (l_quantity >= '14'::numeric) AND (l_quantity <= '24'::numeric) AND (part.p_size <= 10)) OR ((part.p_brand = 'Brand#15'::bpchar) AND (part.p_container = ANY ('{\"LG CASE\",\"LG BOX\",\"LG PACK\",\"LG PKG\"}'::bpchar[])) AND (l_quantity >= '30'::numeric) AND (l_quantity <= '40'::numeric) AND (part.p_size <= 15))))","Rows Removed by Filter": 30,"Exact Heap Blocks": 5251,"Lossy Heap Blocks": 0,"Workers": [],"Plans": [{"Node Type": "Bitmap Index Scan","Parent Relationship": "Outer","Parallel Aware": false,"Async Capable": false,"Index Name": "idx_lineitem_part_supp","Startup Cost": 0.00,"Total Cost": 4.54,"Plan Rows": 31,"Plan Width": 0,"Actual Startup Time": 0.011,"Actual Total Time": 0.011,"Actual Rows": 30,"Actual Loops": 487,"Index Cond": "(l_partkey = part.p_partkey)","Workers": []}]}]}]}]}]},"Planning Time": 7.113,"Triggers": [],"Execution Time": 99.872}]
[{"Plan": {"Node Type": "Aggregate","Strategy": "Plain","Partial Mode": "Finalize","Parallel Aware": false,"Async Capable": false,"Startup Cost": 33971.94,"Total Cost": 33971.95,"Plan Rows": 1,"Plan Width": 32,"Actual Startup Time": 86.159,"Actual Total Time": 101.331,"Actual Rows": 1,"Actual Loops": 1,"Plans": [{"Node Type": "Gather","Parent Relationship": "Outer","Parallel Aware": false,"Async Capable": false,"Startup Cost": 33971.72,"Total Cost": 33971.93,"Plan Rows": 2,"Plan Width": 32,"Actual Startup Time": 86.048,"Actual Total Time": 101.303,"Actual Rows": 3,"Actual Loops": 1,"Workers Planned": 2,"Workers Launched": 2,"Single Copy": false,"Plans": [{"Node Type": "Aggregate","Strategy": "Plain","Partial Mode": "Partial","Parent Relationship": "Outer","Parallel Aware": false,"Async Capable": false,"Startup Cost": 32971.72,"Total Cost": 32971.73,"Plan Rows": 1,"Plan Width": 32,"Actual Startup Time": 79.568,"Actual Total Time": 79.571,"Actual Rows": 1,"Actual Loops": 3,"Workers": [],"Plans": [{"Node Type": "Nested Loop","Parent Relationship": "Outer","Parallel Aware": false,"Async Capable": false,"Join Type": "Inner","Startup Cost": 0.43,"Total Cost": 32971.36,"Plan Rows": 48,"Plan Width": 12,"Actual Startup Time": 1.029,"Actual Total Time": 79.524,"Actual Rows": 38,"Actual Loops": 3,"Inner Unique": false,"Workers": [],"Plans": [{"Node Type": "Seq Scan","Parent Relationship": "Outer","Parallel Aware": true,"Async Capable": false,"Relation Name": "part","Alias": "part","Startup Cost": 0.00,"Total Cost": 7638.67,"Plan Rows": 206,"Plan Width": 30,"Actual Startup Time": 0.418,"Actual Total Time": 33.864,"Actual Rows": 167,"Actual Loops": 3,"Filter": "((p_size >= 1) AND (((p_brand = 'Brand#54'::bpchar) AND (p_container = ANY ('{\"SM CASE\",\"SM BOX\",\"SM PACK\",\"SM PKG\"}'::bpchar[])) AND (p_size <= 5)) OR ((p_brand = 'Brand#45'::bpchar) AND (p_container = ANY ('{\"MED BAG\",\"MED BOX\",\"MED PKG\",\"MED PACK\"}'::bpchar[])) AND (p_size <= 10)) OR ((p_brand = 'Brand#41'::bpchar) AND (p_container = ANY ('{\"LG CASE\",\"LG BOX\",\"LG PACK\",\"LG PKG\"}'::bpchar[])) AND (p_size <= 15))))","Rows Removed by Filter": 66500,"Workers": []},{"Node Type": "Index Scan","Parent Relationship": "Inner","Parallel Aware": false,"Async Capable": false,"Scan Direction": "Forward","Index Name": "idx_lineitem_part_supp","Relation Name": "lineitem","Alias": "lineitem","Startup Cost": 0.43,"Total Cost": 122.96,"Plan Rows": 1,"Plan Width": 21,"Actual Startup Time": 0.246,"Actual Total Time": 0.273,"Actual Rows": 0,"Actual Loops": 500,"Index Cond": "(l_partkey = part.p_partkey)","Rows Removed by Index Recheck": 0,"Filter": "((l_shipmode = ANY ('{AIR,\"AIR REG\"}'::bpchar[])) AND (l_shipinstruct = 'DELIVER IN PERSON'::bpchar) AND (((l_quantity >= '2'::numeric) AND (l_quantity <= '12'::numeric)) OR ((l_quantity >= '15'::numeric) AND (l_quantity <= '25'::numeric)) OR ((l_quantity >= '30'::numeric) AND (l_quantity <= '40'::numeric))) AND (((part.p_brand = 'Brand#54'::bpchar) AND (part.p_container = ANY ('{\"SM CASE\",\"SM BOX\",\"SM PACK\",\"SM PKG\"}'::bpchar[])) AND (l_quantity >= '2'::numeric) AND (l_quantity <= '12'::numeric) AND (part.p_size <= 5)) OR ((part.p_brand = 'Brand#45'::bpchar) AND (part.p_container = ANY ('{\"MED BAG\",\"MED BOX\",\"MED PKG\",\"MED PACK\"}'::bpchar[])) AND (l_quantity >= '15'::numeric) AND (l_quantity <= '25'::numeric) AND (part.p_size <= 10)) OR ((part.p_brand = 'Brand#41'::bpchar) AND (part.p_container = ANY ('{\"LG CASE\",\"LG BOX\",\"LG PACK\",\"LG PKG\"}'::bpchar[])) AND (l_quantity >= '30'::numeric) AND (l_quantity <= '40'::numeric) AND (part.p_size <= 15))))","Rows Removed by Filter": 30,"Workers": []}]}]}]}]},"Planning Time": 5.930,"Triggers": [],"Execution Time": 101.535}]
[{"Plan": {"Node Type": "Aggregate","Strategy": "Plain","Partial Mode": "Finalize","Parallel Aware": false,"Async Capable": false,"Startup Cost": 33511.00,"Total Cost": 33511.01,"Plan Rows": 1,"Plan Width": 32,"Actual Startup Time": 81.326,"Actual Total Time": 96.491,"Actual Rows": 1,"Actual Loops": 1,"Plans": [{"Node Type": "Gather","Parent Relationship": "Outer","Parallel Aware": false,"Async Capable": false,"Startup Cost": 33510.78,"Total Cost": 33510.99,"Plan Rows": 2,"Plan Width": 32,"Actual Startup Time": 81.185,"Actual Total Time": 96.465,"Actual Rows": 3,"Actual Loops": 1,"Workers Planned": 2,"Workers Launched": 2,"Single Copy": false,"Plans": [{"Node Type": "Aggregate","Strategy": "Plain","Partial Mode": "Partial","Parent Relationship": "Outer","Parallel Aware": false,"Async Capable": false,"Startup Cost": 32510.78,"Total Cost": 32510.79,"Plan Rows": 1,"Plan Width": 32,"Actual Startup Time": 74.764,"Actual Total Time": 74.767,"Actual Rows": 1,"Actual Loops": 3,"Workers": [],"Plans": [{"Node Type": "Nested Loop","Parent Relationship": "Outer","Parallel Aware": false,"Async Capable": false,"Join Type": "Inner","Startup Cost": 0.43,"Total Cost": 32510.43,"Plan Rows": 47,"Plan Width": 12,"Actual Startup Time": 7.979,"Actual Total Time": 74.719,"Actual Rows": 38,"Actual Loops": 3,"Inner Unique": false,"Workers": [],"Plans": [{"Node Type": "Seq Scan","Parent Relationship": "Outer","Parallel Aware": true,"Async Capable": false,"Relation Name": "part","Alias": "part","Startup Cost": 0.00,"Total Cost": 7638.67,"Plan Rows": 202,"Plan Width": 30,"Actual Startup Time": 0.597,"Actual Total Time": 30.876,"Actual Rows": 165,"Actual Loops": 3,"Filter": "((p_size >= 1) AND (((p_brand = 'Brand#52'::bpchar) AND (p_container = ANY ('{\"SM CASE\",\"SM BOX\",\"SM PACK\",\"SM PKG\"}'::bpchar[])) AND (p_size <= 5)) OR ((p_brand = 'Brand#24'::bpchar) AND (p_container = ANY ('{\"MED BAG\",\"MED BOX\",\"MED PKG\",\"MED PACK\"}'::bpchar[])) AND (p_size <= 10)) OR ((p_brand = 'Brand#12'::bpchar) AND (p_container = ANY ('{\"LG CASE\",\"LG BOX\",\"LG PACK\",\"LG PKG\"}'::bpchar[])) AND (p_size <= 15))))","Rows Removed by Filter": 66502,"Workers": []},{"Node Type": "Index Scan","Parent Relationship": "Inner","Parallel Aware": false,"Async Capable": false,"Scan Direction": "Forward","Index Name": "idx_lineitem_part_supp","Relation Name": "lineitem","Alias": "lineitem","Startup Cost": 0.43,"Total Cost": 123.12,"Plan Rows": 1,"Plan Width": 21,"Actual Startup Time": 0.238,"Actual Total Time": 0.265,"Actual Rows": 0,"Actual Loops": 495,"Index Cond": "(l_partkey = part.p_partkey)","Rows Removed by Index Recheck": 0,"Filter": "((l_shipmode = ANY ('{AIR,\"AIR REG\"}'::bpchar[])) AND (l_shipinstruct = 'DELIVER IN PERSON'::bpchar) AND (((l_quantity >= '10'::numeric) AND (l_quantity <= '20'::numeric)) OR ((l_quantity >= '15'::numeric) AND (l_quantity <= '25'::numeric)) OR ((l_quantity >= '30'::numeric) AND (l_quantity <= '40'::numeric))) AND (((part.p_brand = 'Brand#52'::bpchar) AND (part.p_container = ANY ('{\"SM CASE\",\"SM BOX\",\"SM PACK\",\"SM PKG\"}'::bpchar[])) AND (l_quantity >= '10'::numeric) AND (l_quantity <= '20'::numeric) AND (part.p_size <= 5)) OR ((part.p_brand = 'Brand#24'::bpchar) AND (part.p_container = ANY ('{\"MED BAG\",\"MED BOX\",\"MED PKG\",\"MED PACK\"}'::bpchar[])) AND (l_quantity >= '15'::numeric) AND (l_quantity <= '25'::numeric) AND (part.p_size <= 10)) OR ((part.p_brand = 'Brand#12'::bpchar) AND (part.p_container = ANY ('{\"LG CASE\",\"LG BOX\",\"LG PACK\",\"LG PKG\"}'::bpchar[])) AND (l_quantity >= '30'::numeric) AND (l_quantity <= '40'::numeric) AND (part.p_size <= 15))))","Rows Removed by Filter": 30,"Workers": []}]}]}]}]},"Planning Time": 5.963,"Triggers": [],"Execution Time": 96.729}]
[{"Plan": {"Node Type": "Aggregate","Strategy": "Plain","Partial Mode": "Finalize","Parallel Aware": false,"Async Capable": false,"Startup Cost": 34089.34,"Total Cost": 34089.35,"Plan Rows": 1,"Plan Width": 32,"Actual Startup Time": 84.995,"Actual Total Time": 99.698,"Actual Rows": 1,"Actual Loops": 1,"Plans": [{"Node Type": "Gather","Parent Relationship": "Outer","Parallel Aware": false,"Async Capable": false,"Startup Cost": 34089.12,"Total Cost": 34089.33,"Plan Rows": 2,"Plan Width": 32,"Actual Startup Time": 84.802,"Actual Total Time": 99.663,"Actual Rows": 3,"Actual Loops": 1,"Workers Planned": 2,"Workers Launched": 2,"Single Copy": false,"Plans": [{"Node Type": "Aggregate","Strategy": "Plain","Partial Mode": "Partial","Parent Relationship": "Outer","Parallel Aware": false,"Async Capable": false,"Startup Cost": 33089.12,"Total Cost": 33089.13,"Plan Rows": 1,"Plan Width": 32,"Actual Startup Time": 78.041,"Actual Total Time": 78.043,"Actual Rows": 1,"Actual Loops": 3,"Workers": [],"Plans": [{"Node Type": "Nested Loop","Parent Relationship": "Outer","Parallel Aware": false,"Async Capable": false,"Join Type": "Inner","Startup Cost": 0.43,"Total Cost": 33088.75,"Plan Rows": 48,"Plan Width": 12,"Actual Startup Time": 2.199,"Actual Total Time": 78.003,"Actual Rows": 39,"Actual Loops": 3,"Inner Unique": false,"Workers": [],"Plans": [{"Node Type": "Seq Scan","Parent Relationship": "Outer","Parallel Aware": true,"Async Capable": false,"Relation Name": "part","Alias": "part","Startup Cost": 0.00,"Total Cost": 7638.67,"Plan Rows": 207,"Plan Width": 30,"Actual Startup Time": 0.543,"Actual Total Time": 33.946,"Actual Rows": 157,"Actual Loops": 3,"Filter": "((p_size >= 1) AND (((p_brand = 'Brand#41'::bpchar) AND (p_container = ANY ('{\"SM CASE\",\"SM BOX\",\"SM PACK\",\"SM PKG\"}'::bpchar[])) AND (p_size <= 5)) OR ((p_brand = 'Brand#45'::bpchar) AND (p_container = ANY ('{\"MED BAG\",\"MED BOX\",\"MED PKG\",\"MED PACK\"}'::bpchar[])) AND (p_size <= 10)) OR ((p_brand = 'Brand#55'::bpchar) AND (p_container = ANY ('{\"LG CASE\",\"LG BOX\",\"LG PACK\",\"LG PKG\"}'::bpchar[])) AND (p_size <= 15))))","Rows Removed by Filter": 66509,"Workers": []},{"Node Type": "Index Scan","Parent Relationship": "Inner","Parallel Aware": false,"Async Capable": false,"Scan Direction": "Forward","Index Name": "idx_lineitem_part_supp","Relation Name": "lineitem","Alias": "lineitem","Startup Cost": 0.43,"Total Cost": 122.94,"Plan Rows": 1,"Plan Width": 21,"Actual Startup Time": 0.251,"Actual Total Time": 0.280,"Actual Rows": 0,"Actual Loops": 472,"Index Cond": "(l_partkey = part.p_partkey)","Rows Removed by Index Recheck": 0,"Filter": "((l_shipmode = ANY ('{AIR,\"AIR REG\"}'::bpchar[])) AND (l_shipinstruct = 'DELIVER IN PERSON'::bpchar) AND (((l_quantity >= '6'::numeric) AND (l_quantity <= '16'::numeric)) OR ((l_quantity >= '19'::numeric) AND (l_quantity <= '29'::numeric)) OR ((l_quantity >= '25'::numeric) AND (l_quantity <= '35'::numeric))) AND (((part.p_brand = 'Brand#41'::bpchar) AND (part.p_container = ANY ('{\"SM CASE\",\"SM BOX\",\"SM PACK\",\"SM PKG\"}'::bpchar[])) AND (l_quantity >= '6'::numeric) AND (l_quantity <= '16'::numeric) AND (part.p_size <= 5)) OR ((part.p_brand = 'Brand#45'::bpchar) AND (part.p_container = ANY ('{\"MED BAG\",\"MED BOX\",\"MED PKG\",\"MED PACK\"}'::bpchar[])) AND (l_quantity >= '19'::numeric) AND (l_quantity <= '29'::numeric) AND (part.p_size <= 10)) OR ((part.p_brand = 'Brand#55'::bpchar) AND (part.p_container = ANY ('{\"LG CASE\",\"LG BOX\",\"LG PACK\",\"LG PKG\"}'::bpchar[])) AND (l_quantity >= '25'::numeric) AND (l_quantity <= '35'::numeric) AND (part.p_size <= 15))))","Rows Removed by Filter": 30,"Workers": []}]}]}]}]},"Planning Time": 7.119,"Triggers": [],"Execution Time": 99.871}]
[{"Plan": {"Node Type": "Aggregate","Strategy": "Plain","Partial Mode": "Finalize","Parallel Aware": false,"Async Capable": false,"Startup Cost": 33042.12,"Total Cost": 33042.13,"Plan Rows": 1,"Plan Width": 32,"Actual Startup Time": 83.187,"Actual Total Time": 97.852,"Actual Rows": 1,"Actual Loops": 1,"Plans": [{"Node Type": "Gather","Parent Relationship": "Outer","Parallel Aware": false,"Async Capable": false,"Startup Cost": 33041.90,"Total Cost": 33042.11,"Plan Rows": 2,"Plan Width": 32,"Actual Startup Time": 83.067,"Actual Total Time": 97.828,"Actual Rows": 3,"Actual Loops": 1,"Workers Planned": 2,"Workers Launched": 2,"Single Copy": false,"Plans": [{"Node Type": "Aggregate","Strategy": "Plain","Partial Mode": "Partial","Parent Relationship": "Outer","Parallel Aware": false,"Async Capable": false,"Startup Cost": 32041.90,"Total Cost": 32041.91,"Plan Rows": 1,"Plan Width": 32,"Actual Startup Time": 76.644,"Actual Total Time": 76.646,"Actual Rows": 1,"Actual Loops": 3,"Workers": [],"Plans": [{"Node Type": "Nested Loop","Parent Relationship": "Outer","Parallel Aware": false,"Async Capable": false,"Join Type": "Inner","Startup Cost": 0.43,"Total Cost": 32041.55,"Plan Rows": 46,"Plan Width": 12,"Actual Startup Time": 2.338,"Actual Total Time": 76.601,"Actual Rows": 44,"Actual Loops": 3,"Inner Unique": false,"Workers": [],"Plans": [{"Node Type": "Seq Scan","Parent Relationship": "Outer","Parallel Aware": true,"Async Capable": false,"Relation Name": "part","Alias": "part","Startup Cost": 0.00,"Total Cost": 7638.67,"Plan Rows": 198,"Plan Width": 30,"Actual Startup Time": 0.308,"Actual Total Time": 32.128,"Actual Rows": 166,"Actual Loops": 3,"Filter": "((p_size >= 1) AND (((p_brand = 'Brand#32'::bpchar) AND (p_container = ANY ('{\"SM CASE\",\"SM BOX\",\"SM PACK\",\"SM PKG\"}'::bpchar[])) AND (p_size <= 5)) OR ((p_brand = 'Brand#32'::bpchar) AND (p_container = ANY ('{\"MED BAG\",\"MED BOX\",\"MED PKG\",\"MED PACK\"}'::bpchar[])) AND (p_size <= 10)) OR ((p_brand = 'Brand#55'::bpchar) AND (p_container = ANY ('{\"LG CASE\",\"LG BOX\",\"LG PACK\",\"LG PKG\"}'::bpchar[])) AND (p_size <= 15))))","Rows Removed by Filter": 66500,"Workers": []},{"Node Type": "Index Scan","Parent Relationship": "Inner","Parallel Aware": false,"Async Capable": false,"Scan Direction": "Forward","Index Name": "idx_lineitem_part_supp","Relation Name": "lineitem","Alias": "lineitem","Startup Cost": 0.43,"Total Cost": 123.24,"Plan Rows": 1,"Plan Width": 21,"Actual Startup Time": 0.236,"Actual Total Time": 0.267,"Actual Rows": 0,"Actual Loops": 499,"Index Cond": "(l_partkey = part.p_partkey)","Rows Removed by Index Recheck": 0,"Filter": "((l_shipmode = ANY ('{AIR,\"AIR REG\"}'::bpchar[])) AND (l_shipinstruct = 'DELIVER IN PERSON'::bpchar) AND (((l_quantity >= '5'::numeric) AND (l_quantity <= '15'::numeric)) OR ((l_quantity >= '10'::numeric) AND (l_quantity <= '20'::numeric)) OR ((l_quantity >= '25'::numeric) AND (l_quantity <= '35'::numeric))) AND (((part.p_brand = 'Brand#32'::bpchar) AND (part.p_container = ANY ('{\"SM CASE\",\"SM BOX\",\"SM PACK\",\"SM PKG\"}'::bpchar[])) AND (l_quantity >= '5'::numeric) AND (l_quantity <= '15'::numeric) AND (part.p_size <= 5)) OR ((part.p_brand = 'Brand#32'::bpchar) AND (part.p_container = ANY ('{\"MED BAG\",\"MED BOX\",\"MED PKG\",\"MED PACK\"}'::bpchar[])) AND (l_quantity >= '10'::numeric) AND (l_quantity <= '20'::numeric) AND (part.p_size <= 10)) OR ((part.p_brand = 'Brand#55'::bpchar) AND (part.p_container = ANY ('{\"LG CASE\",\"LG BOX\",\"LG PACK\",\"LG PKG\"}'::bpchar[])) AND (l_quantity >= '25'::numeric) AND (l_quantity <= '35'::numeric) AND (part.p_size <= 15))))","Rows Removed by Filter": 30,"Workers": []}]}]}]}]},"Planning Time": 6.648,"Triggers": [],"Execution Time": 98.000}]
[{"Plan": {"Node Type": "Aggregate","Strategy": "Plain","Partial Mode": "Finalize","Parallel Aware": false,"Async Capable": false,"Startup Cost": 33627.60,"Total Cost": 33627.61,"Plan Rows": 1,"Plan Width": 32,"Actual Startup Time": 86.917,"Actual Total Time": 100.945,"Actual Rows": 1,"Actual Loops": 1,"Plans": [{"Node Type": "Gather","Parent Relationship": "Outer","Parallel Aware": false,"Async Capable": false,"Startup Cost": 33627.38,"Total Cost": 33627.59,"Plan Rows": 2,"Plan Width": 32,"Actual Startup Time": 86.882,"Actual Total Time": 100.917,"Actual Rows": 3,"Actual Loops": 1,"Workers Planned": 2,"Workers Launched": 2,"Single Copy": false,"Plans": [{"Node Type": "Aggregate","Strategy": "Plain","Partial Mode": "Partial","Parent Relationship": "Outer","Parallel Aware": false,"Async Capable": false,"Startup Cost": 32627.38,"Total Cost": 32627.39,"Plan Rows": 1,"Plan Width": 32,"Actual Startup Time": 79.790,"Actual Total Time": 79.791,"Actual Rows": 1,"Actual Loops": 3,"Workers": [],"Plans": [{"Node Type": "Nested Loop","Parent Relationship": "Outer","Parallel Aware": false,"Async Capable": false,"Join Type": "Inner","Startup Cost": 0.43,"Total Cost": 32627.02,"Plan Rows": 47,"Plan Width": 12,"Actual Startup Time": 5.098,"Actual Total Time": 79.752,"Actual Rows": 35,"Actual Loops": 3,"Inner Unique": false,"Workers": [],"Plans": [{"Node Type": "Seq Scan","Parent Relationship": "Outer","Parallel Aware": true,"Async Capable": false,"Relation Name": "part","Alias": "part","Startup Cost": 0.00,"Total Cost": 7638.67,"Plan Rows": 203,"Plan Width": 30,"Actual Startup Time": 0.246,"Actual Total Time": 35.031,"Actual Rows": 161,"Actual Loops": 3,"Filter": "((p_size >= 1) AND (((p_brand = 'Brand#33'::bpchar) AND (p_container = ANY ('{\"SM CASE\",\"SM BOX\",\"SM PACK\",\"SM PKG\"}'::bpchar[])) AND (p_size <= 5)) OR ((p_brand = 'Brand#31'::bpchar) AND (p_container = ANY ('{\"MED BAG\",\"MED BOX\",\"MED PKG\",\"MED PACK\"}'::bpchar[])) AND (p_size <= 10)) OR ((p_brand = 'Brand#23'::bpchar) AND (p_container = ANY ('{\"LG CASE\",\"LG BOX\",\"LG PACK\",\"LG PKG\"}'::bpchar[])) AND (p_size <= 15))))","Rows Removed by Filter": 66505,"Workers": []},{"Node Type": "Index Scan","Parent Relationship": "Inner","Parallel Aware": false,"Async Capable": false,"Scan Direction": "Forward","Index Name": "idx_lineitem_part_supp","Relation Name": "lineitem","Alias": "lineitem","Startup Cost": 0.43,"Total Cost": 123.09,"Plan Rows": 1,"Plan Width": 21,"Actual Startup Time": 0.252,"Actual Total Time": 0.277,"Actual Rows": 0,"Actual Loops": 484,"Index Cond": "(l_partkey = part.p_partkey)","Rows Removed by Index Recheck": 0,"Filter": "((l_shipmode = ANY ('{AIR,\"AIR REG\"}'::bpchar[])) AND (l_shipinstruct = 'DELIVER IN PERSON'::bpchar) AND (((l_quantity >= '1'::numeric) AND (l_quantity <= '11'::numeric)) OR ((l_quantity >= '19'::numeric) AND (l_quantity <= '29'::numeric)) OR ((l_quantity >= '27'::numeric) AND (l_quantity <= '37'::numeric))) AND (((part.p_brand = 'Brand#33'::bpchar) AND (part.p_container = ANY ('{\"SM CASE\",\"SM BOX\",\"SM PACK\",\"SM PKG\"}'::bpchar[])) AND (l_quantity >= '1'::numeric) AND (l_quantity <= '11'::numeric) AND (part.p_size <= 5)) OR ((part.p_brand = 'Brand#31'::bpchar) AND (part.p_container = ANY ('{\"MED BAG\",\"MED BOX\",\"MED PKG\",\"MED PACK\"}'::bpchar[])) AND (l_quantity >= '19'::numeric) AND (l_quantity <= '29'::numeric) AND (part.p_size <= 10)) OR ((part.p_brand = 'Brand#23'::bpchar) AND (part.p_container = ANY ('{\"LG CASE\",\"LG BOX\",\"LG PACK\",\"LG PKG\"}'::bpchar[])) AND (l_quantity >= '27'::numeric) AND (l_quantity <= '37'::numeric) AND (part.p_size <= 15))))","Rows Removed by Filter": 29,"Workers": []}]}]}]}]},"Planning Time": 7.098,"Triggers": [],"Execution Time": 101.128}]
[{"Plan": {"Node Type": "Aggregate","Strategy": "Plain","Partial Mode": "Finalize","Parallel Aware": false,"Async Capable": false,"Startup Cost": 33158.97,"Total Cost": 33158.98,"Plan Rows": 1,"Plan Width": 32,"Actual Startup Time": 84.889,"Actual Total Time": 100.334,"Actual Rows": 1,"Actual Loops": 1,"Plans": [{"Node Type": "Gather","Parent Relationship": "Outer","Parallel Aware": false,"Async Capable": false,"Startup Cost": 33158.75,"Total Cost": 33158.96,"Plan Rows": 2,"Plan Width": 32,"Actual Startup Time": 84.850,"Actual Total Time": 100.306,"Actual Rows": 3,"Actual Loops": 1,"Workers Planned": 2,"Workers Launched": 2,"Single Copy": false,"Plans": [{"Node Type": "Aggregate","Strategy": "Plain","Partial Mode": "Partial","Parent Relationship": "Outer","Parallel Aware": false,"Async Capable": false,"Startup Cost": 32158.75,"Total Cost": 32158.76,"Plan Rows": 1,"Plan Width": 32,"Actual Startup Time": 78.330,"Actual Total Time": 78.331,"Actual Rows": 1,"Actual Loops": 3,"Workers": [],"Plans": [{"Node Type": "Nested Loop","Parent Relationship": "Outer","Parallel Aware": false,"Async Capable": false,"Join Type": "Inner","Startup Cost": 0.43,"Total Cost": 32158.40,"Plan Rows": 46,"Plan Width": 12,"Actual Startup Time": 4.277,"Actual Total Time": 78.272,"Actual Rows": 40,"Actual Loops": 3,"Inner Unique": false,"Workers": [],"Plans": [{"Node Type": "Seq Scan","Parent Relationship": "Outer","Parallel Aware": true,"Async Capable": false,"Relation Name": "part","Alias": "part","Startup Cost": 0.00,"Total Cost": 7638.67,"Plan Rows": 199,"Plan Width": 30,"Actual Startup Time": 0.562,"Actual Total Time": 33.672,"Actual Rows": 166,"Actual Loops": 3,"Filter": "((p_size >= 1) AND (((p_brand = 'Brand#25'::bpchar) AND (p_container = ANY ('{\"SM CASE\",\"SM BOX\",\"SM PACK\",\"SM PKG\"}'::bpchar[])) AND (p_size <= 5)) OR ((p_brand = 'Brand#52'::bpchar) AND (p_container = ANY ('{\"MED BAG\",\"MED BOX\",\"MED PKG\",\"MED PACK\"}'::bpchar[])) AND (p_size <= 10)) OR ((p_brand = 'Brand#12'::bpchar) AND (p_container = ANY ('{\"LG CASE\",\"LG BOX\",\"LG PACK\",\"LG PKG\"}'::bpchar[])) AND (p_size <= 15))))","Rows Removed by Filter": 66500,"Workers": []},{"Node Type": "Index Scan","Parent Relationship": "Inner","Parallel Aware": false,"Async Capable": false,"Scan Direction": "Forward","Index Name": "idx_lineitem_part_supp","Relation Name": "lineitem","Alias": "lineitem","Startup Cost": 0.43,"Total Cost": 123.20,"Plan Rows": 1,"Plan Width": 21,"Actual Startup Time": 0.243,"Actual Total Time": 0.268,"Actual Rows": 0,"Actual Loops": 499,"Index Cond": "(l_partkey = part.p_partkey)","Rows Removed by Index Recheck": 0,"Filter": "((l_shipmode = ANY ('{AIR,\"AIR REG\"}'::bpchar[])) AND (l_shipinstruct = 'DELIVER IN PERSON'::bpchar) AND (((l_quantity >= '7'::numeric) AND (l_quantity <= '17'::numeric)) OR ((l_quantity >= '12'::numeric) AND (l_quantity <= '22'::numeric)) OR ((l_quantity >= '27'::numeric) AND (l_quantity <= '37'::numeric))) AND (((part.p_brand = 'Brand#25'::bpchar) AND (part.p_container = ANY ('{\"SM CASE\",\"SM BOX\",\"SM PACK\",\"SM PKG\"}'::bpchar[])) AND (l_quantity >= '7'::numeric) AND (l_quantity <= '17'::numeric) AND (part.p_size <= 5)) OR ((part.p_brand = 'Brand#52'::bpchar) AND (part.p_container = ANY ('{\"MED BAG\",\"MED BOX\",\"MED PKG\",\"MED PACK\"}'::bpchar[])) AND (l_quantity >= '12'::numeric) AND (l_quantity <= '22'::numeric) AND (part.p_size <= 10)) OR ((part.p_brand = 'Brand#12'::bpchar) AND (part.p_container = ANY ('{\"LG CASE\",\"LG BOX\",\"LG PACK\",\"LG PKG\"}'::bpchar[])) AND (l_quantity >= '27'::numeric) AND (l_quantity <= '37'::numeric) AND (part.p_size <= 15))))","Rows Removed by Filter": 30,"Workers": []}]}]}]}]},"Planning Time": 5.471,"Triggers": [],"Execution Time": 100.499}]
[{"Plan": {"Node Type": "Aggregate","Strategy": "Plain","Partial Mode": "Finalize","Parallel Aware": false,"Async Capable": false,"Startup Cost": 33852.88,"Total Cost": 33852.89,"Plan Rows": 1,"Plan Width": 32,"Actual Startup Time": 87.650,"Actual Total Time": 103.588,"Actual Rows": 1,"Actual Loops": 1,"Plans": [{"Node Type": "Gather","Parent Relationship": "Outer","Parallel Aware": false,"Async Capable": false,"Startup Cost": 33852.65,"Total Cost": 33852.86,"Plan Rows": 2,"Plan Width": 32,"Actual Startup Time": 87.475,"Actual Total Time": 103.563,"Actual Rows": 3,"Actual Loops": 1,"Workers Planned": 2,"Workers Launched": 2,"Single Copy": false,"Plans": [{"Node Type": "Aggregate","Strategy": "Plain","Partial Mode": "Partial","Parent Relationship": "Outer","Parallel Aware": false,"Async Capable": false,"Startup Cost": 32852.65,"Total Cost": 32852.66,"Plan Rows": 1,"Plan Width": 32,"Actual Startup Time": 80.930,"Actual Total Time": 80.932,"Actual Rows": 1,"Actual Loops": 3,"Workers": [],"Plans": [{"Node Type": "Nested Loop","Parent Relationship": "Outer","Parallel Aware": false,"Async Capable": false,"Join Type": "Inner","Startup Cost": 0.43,"Total Cost": 32852.29,"Plan Rows": 48,"Plan Width": 12,"Actual Startup Time": 2.609,"Actual Total Time": 80.892,"Actual Rows": 38,"Actual Loops": 3,"Inner Unique": false,"Workers": [],"Plans": [{"Node Type": "Seq Scan","Parent Relationship": "Outer","Parallel Aware": true,"Async Capable": false,"Relation Name": "part","Alias": "part","Startup Cost": 0.00,"Total Cost": 7638.67,"Plan Rows": 205,"Plan Width": 30,"Actual Startup Time": 0.249,"Actual Total Time": 33.743,"Actual Rows": 173,"Actual Loops": 3,"Filter": "((p_size >= 1) AND (((p_brand = 'Brand#24'::bpchar) AND (p_container = ANY ('{\"SM CASE\",\"SM BOX\",\"SM PACK\",\"SM PKG\"}'::bpchar[])) AND (p_size <= 5)) OR ((p_brand = 'Brand#52'::bpchar) AND (p_container = ANY ('{\"MED BAG\",\"MED BOX\",\"MED PKG\",\"MED PACK\"}'::bpchar[])) AND (p_size <= 10)) OR ((p_brand = 'Brand#15'::bpchar) AND (p_container = ANY ('{\"LG CASE\",\"LG BOX\",\"LG PACK\",\"LG PKG\"}'::bpchar[])) AND (p_size <= 15))))","Rows Removed by Filter": 66494,"Workers": []},{"Node Type": "Index Scan","Parent Relationship": "Inner","Parallel Aware": false,"Async Capable": false,"Scan Direction": "Forward","Index Name": "idx_lineitem_part_supp","Relation Name": "lineitem","Alias": "lineitem","Startup Cost": 0.43,"Total Cost": 122.98,"Plan Rows": 1,"Plan Width": 21,"Actual Startup Time": 0.245,"Actual Total Time": 0.273,"Actual Rows": 0,"Actual Loops": 518,"Index Cond": "(l_partkey = part.p_partkey)","Rows Removed by Index Recheck": 0,"Filter": "((l_shipmode = ANY ('{AIR,\"AIR REG\"}'::bpchar[])) AND (l_shipinstruct = 'DELIVER IN PERSON'::bpchar) AND (((l_quantity >= '9'::numeric) AND (l_quantity <= '19'::numeric)) OR ((l_quantity >= '18'::numeric) AND (l_quantity <= '28'::numeric)) OR ((l_quantity >= '27'::numeric) AND (l_quantity <= '37'::numeric))) AND (((part.p_brand = 'Brand#24'::bpchar) AND (part.p_container = ANY ('{\"SM CASE\",\"SM BOX\",\"SM PACK\",\"SM PKG\"}'::bpchar[])) AND (l_quantity >= '9'::numeric) AND (l_quantity <= '19'::numeric) AND (part.p_size <= 5)) OR ((part.p_brand = 'Brand#52'::bpchar) AND (part.p_container = ANY ('{\"MED BAG\",\"MED BOX\",\"MED PKG\",\"MED PACK\"}'::bpchar[])) AND (l_quantity >= '18'::numeric) AND (l_quantity <= '28'::numeric) AND (part.p_size <= 10)) OR ((part.p_brand = 'Brand#15'::bpchar) AND (part.p_container = ANY ('{\"LG CASE\",\"LG BOX\",\"LG PACK\",\"LG PKG\"}'::bpchar[])) AND (l_quantity >= '27'::numeric) AND (l_quantity <= '37'::numeric) AND (part.p_size <= 15))))","Rows Removed by Filter": 30,"Workers": []}]}]}]}]},"Planning Time": 5.397,"Triggers": [],"Execution Time": 103.767}]
[{"Plan": {"Node Type": "Aggregate","Strategy": "Plain","Partial Mode": "Finalize","Parallel Aware": false,"Async Capable": false,"Startup Cost": 33391.11,"Total Cost": 33391.12,"Plan Rows": 1,"Plan Width": 32,"Actual Startup Time": 85.877,"Actual Total Time": 101.329,"Actual Rows": 1,"Actual Loops": 1,"Plans": [{"Node Type": "Gather","Parent Relationship": "Outer","Parallel Aware": false,"Async Capable": false,"Startup Cost": 33390.88,"Total Cost": 33391.09,"Plan Rows": 2,"Plan Width": 32,"Actual Startup Time": 85.720,"Actual Total Time": 101.299,"Actual Rows": 3,"Actual Loops": 1,"Workers Planned": 2,"Workers Launched": 2,"Single Copy": false,"Plans": [{"Node Type": "Aggregate","Strategy": "Plain","Partial Mode": "Partial","Parent Relationship": "Outer","Parallel Aware": false,"Async Capable": false,"Startup Cost": 32390.88,"Total Cost": 32390.89,"Plan Rows": 1,"Plan Width": 32,"Actual Startup Time": 78.880,"Actual Total Time": 78.882,"Actual Rows": 1,"Actual Loops": 3,"Workers": [],"Plans": [{"Node Type": "Nested Loop","Parent Relationship": "Outer","Parallel Aware": false,"Async Capable": false,"Join Type": "Inner","Startup Cost": 0.43,"Total Cost": 32390.53,"Plan Rows": 47,"Plan Width": 12,"Actual Startup Time": 2.656,"Actual Total Time": 78.833,"Actual Rows": 44,"Actual Loops": 3,"Inner Unique": false,"Workers": [],"Plans": [{"Node Type": "Seq Scan","Parent Relationship": "Outer","Parallel Aware": true,"Async Capable": false,"Relation Name": "part","Alias": "part","Startup Cost": 0.00,"Total Cost": 7638.67,"Plan Rows": 201,"Plan Width": 30,"Actual Startup Time": 0.759,"Actual Total Time": 33.754,"Actual Rows": 164,"Actual Loops": 3,"Filter": "((p_size >= 1) AND (((p_brand = 'Brand#44'::bpchar) AND (p_container = ANY ('{\"SM CASE\",\"SM BOX\",\"SM PACK\",\"SM PKG\"}'::bpchar[])) AND (p_size <= 5)) OR ((p_brand = 'Brand#25'::bpchar) AND (p_container = ANY ('{\"MED BAG\",\"MED BOX\",\"MED PKG\",\"MED PACK\"}'::bpchar[])) AND (p_size <= 10)) OR ((p_brand = 'Brand#41'::bpchar) AND (p_container = ANY ('{\"LG CASE\",\"LG BOX\",\"LG PACK\",\"LG PKG\"}'::bpchar[])) AND (p_size <= 15))))","Rows Removed by Filter": 66502,"Workers": []},{"Node Type": "Index Scan","Parent Relationship": "Inner","Parallel Aware": false,"Async Capable": false,"Scan Direction": "Forward","Index Name": "idx_lineitem_part_supp","Relation Name": "lineitem","Alias": "lineitem","Startup Cost": 0.43,"Total Cost": 123.13,"Plan Rows": 1,"Plan Width": 21,"Actual Startup Time": 0.238,"Actual Total Time": 0.274,"Actual Rows": 0,"Actual Loops": 493,"Index Cond": "(l_partkey = part.p_partkey)","Rows Removed by Index Recheck": 0,"Filter": "((l_shipmode = ANY ('{AIR,\"AIR REG\"}'::bpchar[])) AND (l_shipinstruct = 'DELIVER IN PERSON'::bpchar) AND (((l_quantity >= '6'::numeric) AND (l_quantity <= '16'::numeric)) OR ((l_quantity >= '17'::numeric) AND (l_quantity <= '27'::numeric)) OR ((l_quantity >= '29'::numeric) AND (l_quantity <= '39'::numeric))) AND (((part.p_brand = 'Brand#44'::bpchar) AND (part.p_container = ANY ('{\"SM CASE\",\"SM BOX\",\"SM PACK\",\"SM PKG\"}'::bpchar[])) AND (l_quantity >= '6'::numeric) AND (l_quantity <= '16'::numeric) AND (part.p_size <= 5)) OR ((part.p_brand = 'Brand#25'::bpchar) AND (part.p_container = ANY ('{\"MED BAG\",\"MED BOX\",\"MED PKG\",\"MED PACK\"}'::bpchar[])) AND (l_quantity >= '17'::numeric) AND (l_quantity <= '27'::numeric) AND (part.p_size <= 10)) OR ((part.p_brand = 'Brand#41'::bpchar) AND (part.p_container = ANY ('{\"LG CASE\",\"LG BOX\",\"LG PACK\",\"LG PKG\"}'::bpchar[])) AND (l_quantity >= '29'::numeric) AND (l_quantity <= '39'::numeric) AND (part.p_size <= 15))))","Rows Removed by Filter": 30,"Workers": []}]}]}]}]},"Planning Time": 5.960,"Triggers": [],"Execution Time": 101.498}]
[{"Plan": {"Node Type": "Aggregate","Strategy": "Plain","Partial Mode": "Finalize","Parallel Aware": false,"Async Capable": false,"Startup Cost": 33276.84,"Total Cost": 33276.85,"Plan Rows": 1,"Plan Width": 32,"Actual Startup Time": 80.174,"Actual Total Time": 94.913,"Actual Rows": 1,"Actual Loops": 1,"Plans": [{"Node Type": "Gather","Parent Relationship": "Outer","Parallel Aware": false,"Async Capable": false,"Startup Cost": 33276.62,"Total Cost": 33276.83,"Plan Rows": 2,"Plan Width": 32,"Actual Startup Time": 79.869,"Actual Total Time": 94.880,"Actual Rows": 3,"Actual Loops": 1,"Workers Planned": 2,"Workers Launched": 2,"Single Copy": false,"Plans": [{"Node Type": "Aggregate","Strategy": "Plain","Partial Mode": "Partial","Parent Relationship": "Outer","Parallel Aware": false,"Async Capable": false,"Startup Cost": 32276.62,"Total Cost": 32276.63,"Plan Rows": 1,"Plan Width": 32,"Actual Startup Time": 73.709,"Actual Total Time": 73.712,"Actual Rows": 1,"Actual Loops": 3,"Workers": [],"Plans": [{"Node Type": "Nested Loop","Parent Relationship": "Outer","Parallel Aware": false,"Async Capable": false,"Join Type": "Inner","Startup Cost": 0.43,"Total Cost": 32276.27,"Plan Rows": 47,"Plan Width": 12,"Actual Startup Time": 1.701,"Actual Total Time": 73.671,"Actual Rows": 44,"Actual Loops": 3,"Inner Unique": false,"Workers": [],"Plans": [{"Node Type": "Seq Scan","Parent Relationship": "Outer","Parallel Aware": true,"Async Capable": false,"Relation Name": "part","Alias": "part","Startup Cost": 0.00,"Total Cost": 7638.67,"Plan Rows": 200,"Plan Width": 30,"Actual Startup Time": 0.208,"Actual Total Time": 30.539,"Actual Rows": 167,"Actual Loops": 3,"Filter": "((p_size >= 1) AND (((p_brand = 'Brand#12'::bpchar) AND (p_container = ANY ('{\"SM CASE\",\"SM BOX\",\"SM PACK\",\"SM PKG\"}'::bpchar[])) AND (p_size <= 5)) OR ((p_brand = 'Brand#43'::bpchar) AND (p_container = ANY ('{\"MED BAG\",\"MED BOX\",\"MED PKG\",\"MED PACK\"}'::bpchar[])) AND (p_size <= 10)) OR ((p_brand = 'Brand#13'::bpchar) AND (p_container = ANY ('{\"LG CASE\",\"LG BOX\",\"LG PACK\",\"LG PKG\"}'::bpchar[])) AND (p_size <= 15))))","Rows Removed by Filter": 66500,"Workers": []},{"Node Type": "Index Scan","Parent Relationship": "Inner","Parallel Aware": false,"Async Capable": false,"Scan Direction": "Forward","Index Name": "idx_lineitem_part_supp","Relation Name": "lineitem","Alias": "lineitem","Startup Cost": 0.43,"Total Cost": 123.18,"Plan Rows": 1,"Plan Width": 21,"Actual Startup Time": 0.227,"Actual Total Time": 0.258,"Actual Rows": 0,"Actual Loops": 501,"Index Cond": "(l_partkey = part.p_partkey)","Rows Removed by Index Recheck": 0,"Filter": "((l_shipmode = ANY ('{AIR,\"AIR REG\"}'::bpchar[])) AND (l_shipinstruct = 'DELIVER IN PERSON'::bpchar) AND (((l_quantity >= '7'::numeric) AND (l_quantity <= '17'::numeric)) OR ((l_quantity >= '16'::numeric) AND (l_quantity <= '26'::numeric)) OR ((l_quantity >= '30'::numeric) AND (l_quantity <= '40'::numeric))) AND (((part.p_brand = 'Brand#12'::bpchar) AND (part.p_container = ANY ('{\"SM CASE\",\"SM BOX\",\"SM PACK\",\"SM PKG\"}'::bpchar[])) AND (l_quantity >= '7'::numeric) AND (l_quantity <= '17'::numeric) AND (part.p_size <= 5)) OR ((part.p_brand = 'Brand#43'::bpchar) AND (part.p_container = ANY ('{\"MED BAG\",\"MED BOX\",\"MED PKG\",\"MED PACK\"}'::bpchar[])) AND (l_quantity >= '16'::numeric) AND (l_quantity <= '26'::numeric) AND (part.p_size <= 10)) OR ((part.p_brand = 'Brand#13'::bpchar) AND (part.p_container = ANY ('{\"LG CASE\",\"LG BOX\",\"LG PACK\",\"LG PKG\"}'::bpchar[])) AND (l_quantity >= '30'::numeric) AND (l_quantity <= '40'::numeric) AND (part.p_size <= 15))))","Rows Removed by Filter": 30,"Workers": []}]}]}]}]},"Planning Time": 6.492,"Triggers": [],"Execution Time": 95.129}]
[{"Plan": {"Node Type": "Aggregate","Strategy": "Plain","Partial Mode": "Finalize","Parallel Aware": false,"Async Capable": false,"Startup Cost": 33621.10,"Total Cost": 33621.11,"Plan Rows": 1,"Plan Width": 32,"Actual Startup Time": 78.963,"Actual Total Time": 93.250,"Actual Rows": 1,"Actual Loops": 1,"Plans": [{"Node Type": "Gather","Parent Relationship": "Outer","Parallel Aware": false,"Async Capable": false,"Startup Cost": 33620.88,"Total Cost": 33621.09,"Plan Rows": 2,"Plan Width": 32,"Actual Startup Time": 78.914,"Actual Total Time": 93.218,"Actual Rows": 3,"Actual Loops": 1,"Workers Planned": 2,"Workers Launched": 2,"Single Copy": false,"Plans": [{"Node Type": "Aggregate","Strategy": "Plain","Partial Mode": "Partial","Parent Relationship": "Outer","Parallel Aware": false,"Async Capable": false,"Startup Cost": 32620.88,"Total Cost": 32620.89,"Plan Rows": 1,"Plan Width": 32,"Actual Startup Time": 72.405,"Actual Total Time": 72.407,"Actual Rows": 1,"Actual Loops": 3,"Workers": [],"Plans": [{"Node Type": "Nested Loop","Parent Relationship": "Outer","Parallel Aware": false,"Async Capable": false,"Join Type": "Inner","Startup Cost": 0.43,"Total Cost": 32620.53,"Plan Rows": 47,"Plan Width": 12,"Actual Startup Time": 4.596,"Actual Total Time": 72.361,"Actual Rows": 32,"Actual Loops": 3,"Inner Unique": false,"Workers": [],"Plans": [{"Node Type": "Seq Scan","Parent Relationship": "Outer","Parallel Aware": true,"Async Capable": false,"Relation Name": "part","Alias": "part","Startup Cost": 0.00,"Total Cost": 7638.67,"Plan Rows": 203,"Plan Width": 30,"Actual Startup Time": 0.366,"Actual Total Time": 31.342,"Actual Rows": 153,"Actual Loops": 3,"Filter": "((p_size >= 1) AND (((p_brand = 'Brand#35'::bpchar) AND (p_container = ANY ('{\"SM CASE\",\"SM BOX\",\"SM PACK\",\"SM PKG\"}'::bpchar[])) AND (p_size <= 5)) OR ((p_brand = 'Brand#21'::bpchar) AND (p_container = ANY ('{\"MED BAG\",\"MED BOX\",\"MED PKG\",\"MED PACK\"}'::bpchar[])) AND (p_size <= 10)) OR ((p_brand = 'Brand#51'::bpchar) AND (p_container = ANY ('{\"LG CASE\",\"LG BOX\",\"LG PACK\",\"LG PKG\"}'::bpchar[])) AND (p_size <= 15))))","Rows Removed by Filter": 66513,"Workers": []},{"Node Type": "Index Scan","Parent Relationship": "Inner","Parallel Aware": false,"Async Capable": false,"Scan Direction": "Forward","Index Name": "idx_lineitem_part_supp","Relation Name": "lineitem","Alias": "lineitem","Startup Cost": 0.43,"Total Cost": 123.05,"Plan Rows": 1,"Plan Width": 21,"Actual Startup Time": 0.242,"Actual Total Time": 0.267,"Actual Rows": 0,"Actual Loops": 460,"Index Cond": "(l_partkey = part.p_partkey)","Rows Removed by Index Recheck": 0,"Filter": "((l_shipmode = ANY ('{AIR,\"AIR REG\"}'::bpchar[])) AND (l_shipinstruct = 'DELIVER IN PERSON'::bpchar) AND (((l_quantity >= '4'::numeric) AND (l_quantity <= '14'::numeric)) OR ((l_quantity >= '18'::numeric) AND (l_quantity <= '28'::numeric)) OR ((l_quantity >= '21'::numeric) AND (l_quantity <= '31'::numeric))) AND (((part.p_brand = 'Brand#35'::bpchar) AND (part.p_container = ANY ('{\"SM CASE\",\"SM BOX\",\"SM PACK\",\"SM PKG\"}'::bpchar[])) AND (l_quantity >= '4'::numeric) AND (l_quantity <= '14'::numeric) AND (part.p_size <= 5)) OR ((part.p_brand = 'Brand#21'::bpchar) AND (part.p_container = ANY ('{\"MED BAG\",\"MED BOX\",\"MED PKG\",\"MED PACK\"}'::bpchar[])) AND (l_quantity >= '18'::numeric) AND (l_quantity <= '28'::numeric) AND (part.p_size <= 10)) OR ((part.p_brand = 'Brand#51'::bpchar) AND (part.p_container = ANY ('{\"LG CASE\",\"LG BOX\",\"LG PACK\",\"LG PKG\"}'::bpchar[])) AND (l_quantity >= '21'::numeric) AND (l_quantity <= '31'::numeric) AND (part.p_size <= 15))))","Rows Removed by Filter": 30,"Workers": []}]}]}]}]},"Planning Time": 6.679,"Triggers": [],"Execution Time": 93.398}]
[{"Plan": {"Node Type": "Aggregate","Strategy": "Plain","Partial Mode": "Finalize","Parallel Aware": false,"Async Capable": false,"Startup Cost": 33856.74,"Total Cost": 33856.75,"Plan Rows": 1,"Plan Width": 32,"Actual Startup Time": 89.387,"Actual Total Time": 105.425,"Actual Rows": 1,"Actual Loops": 1,"Plans": [{"Node Type": "Gather","Parent Relationship": "Outer","Parallel Aware": false,"Async Capable": false,"Startup Cost": 33856.52,"Total Cost": 33856.73,"Plan Rows": 2,"Plan Width": 32,"Actual Startup Time": 89.218,"Actual Total Time": 105.402,"Actual Rows": 3,"Actual Loops": 1,"Workers Planned": 2,"Workers Launched": 2,"Single Copy": false,"Plans": [{"Node Type": "Aggregate","Strategy": "Plain","Partial Mode": "Partial","Parent Relationship": "Outer","Parallel Aware": false,"Async Capable": false,"Startup Cost": 32856.52,"Total Cost": 32856.53,"Plan Rows": 1,"Plan Width": 32,"Actual Startup Time": 82.644,"Actual Total Time": 82.646,"Actual Rows": 1,"Actual Loops": 3,"Workers": [],"Plans": [{"Node Type": "Nested Loop","Parent Relationship": "Outer","Parallel Aware": false,"Async Capable": false,"Join Type": "Inner","Startup Cost": 0.43,"Total Cost": 32856.16,"Plan Rows": 48,"Plan Width": 12,"Actual Startup Time": 5.950,"Actual Total Time": 82.600,"Actual Rows": 41,"Actual Loops": 3,"Inner Unique": false,"Workers": [],"Plans": [{"Node Type": "Seq Scan","Parent Relationship": "Outer","Parallel Aware": true,"Async Capable": false,"Relation Name": "part","Alias": "part","Startup Cost": 0.00,"Total Cost": 7638.67,"Plan Rows": 205,"Plan Width": 30,"Actual Startup Time": 0.275,"Actual Total Time": 34.732,"Actual Rows": 175,"Actual Loops": 3,"Filter": "((p_size >= 1) AND (((p_brand = 'Brand#53'::bpchar) AND (p_container = ANY ('{\"SM CASE\",\"SM BOX\",\"SM PACK\",\"SM PKG\"}'::bpchar[])) AND (p_size <= 5)) OR ((p_brand = 'Brand#24'::bpchar) AND (p_container = ANY ('{\"MED BAG\",\"MED BOX\",\"MED PKG\",\"MED PACK\"}'::bpchar[])) AND (p_size <= 10)) OR ((p_brand = 'Brand#41'::bpchar) AND (p_container = ANY ('{\"LG CASE\",\"LG BOX\",\"LG PACK\",\"LG PKG\"}'::bpchar[])) AND (p_size <= 15))))","Rows Removed by Filter": 66492,"Workers": []},{"Node Type": "Index Scan","Parent Relationship": "Inner","Parallel Aware": false,"Async Capable": false,"Scan Direction": "Forward","Index Name": "idx_lineitem_part_supp","Relation Name": "lineitem","Alias": "lineitem","Startup Cost": 0.43,"Total Cost": 123.00,"Plan Rows": 1,"Plan Width": 21,"Actual Startup Time": 0.243,"Actual Total Time": 0.274,"Actual Rows": 0,"Actual Loops": 524,"Index Cond": "(l_partkey = part.p_partkey)","Rows Removed by Index Recheck": 0,"Filter": "((l_shipmode = ANY ('{AIR,\"AIR REG\"}'::bpchar[])) AND (l_shipinstruct = 'DELIVER IN PERSON'::bpchar) AND (((l_quantity >= '8'::numeric) AND (l_quantity <= '18'::numeric)) OR ((l_quantity >= '19'::numeric) AND (l_quantity <= '29'::numeric)) OR ((l_quantity >= '28'::numeric) AND (l_quantity <= '38'::numeric))) AND (((part.p_brand = 'Brand#53'::bpchar) AND (part.p_container = ANY ('{\"SM CASE\",\"SM BOX\",\"SM PACK\",\"SM PKG\"}'::bpchar[])) AND (l_quantity >= '8'::numeric) AND (l_quantity <= '18'::numeric) AND (part.p_size <= 5)) OR ((part.p_brand = 'Brand#24'::bpchar) AND (part.p_container = ANY ('{\"MED BAG\",\"MED BOX\",\"MED PKG\",\"MED PACK\"}'::bpchar[])) AND (l_quantity >= '19'::numeric) AND (l_quantity <= '29'::numeric) AND (part.p_size <= 10)) OR ((part.p_brand = 'Brand#41'::bpchar) AND (part.p_container = ANY ('{\"LG CASE\",\"LG BOX\",\"LG PACK\",\"LG PKG\"}'::bpchar[])) AND (l_quantity >= '28'::numeric) AND (l_quantity <= '38'::numeric) AND (part.p_size <= 15))))","Rows Removed by Filter": 30,"Workers": []}]}]}]}]},"Planning Time": 5.514,"Triggers": [],"Execution Time": 105.633}]
[{"Plan": {"Node Type": "Aggregate","Strategy": "Plain","Partial Mode": "Finalize","Parallel Aware": false,"Async Capable": false,"Startup Cost": 34206.00,"Total Cost": 34206.01,"Plan Rows": 1,"Plan Width": 32,"Actual Startup Time": 85.293,"Actual Total Time": 100.436,"Actual Rows": 1,"Actual Loops": 1,"Plans": [{"Node Type": "Gather","Parent Relationship": "Outer","Parallel Aware": false,"Async Capable": false,"Startup Cost": 34205.77,"Total Cost": 34205.98,"Plan Rows": 2,"Plan Width": 32,"Actual Startup Time": 84.954,"Actual Total Time": 100.414,"Actual Rows": 3,"Actual Loops": 1,"Workers Planned": 2,"Workers Launched": 2,"Single Copy": false,"Plans": [{"Node Type": "Aggregate","Strategy": "Plain","Partial Mode": "Partial","Parent Relationship": "Outer","Parallel Aware": false,"Async Capable": false,"Startup Cost": 33205.77,"Total Cost": 33205.78,"Plan Rows": 1,"Plan Width": 32,"Actual Startup Time": 78.330,"Actual Total Time": 78.333,"Actual Rows": 1,"Actual Loops": 3,"Workers": [],"Plans": [{"Node Type": "Nested Loop","Parent Relationship": "Outer","Parallel Aware": false,"Async Capable": false,"Join Type": "Inner","Startup Cost": 0.43,"Total Cost": 33205.41,"Plan Rows": 48,"Plan Width": 12,"Actual Startup Time": 1.872,"Actual Total Time": 78.282,"Actual Rows": 44,"Actual Loops": 3,"Inner Unique": false,"Workers": [],"Plans": [{"Node Type": "Seq Scan","Parent Relationship": "Outer","Parallel Aware": true,"Async Capable": false,"Relation Name": "part","Alias": "part","Startup Cost": 0.00,"Total Cost": 7638.67,"Plan Rows": 208,"Plan Width": 30,"Actual Startup Time": 0.192,"Actual Total Time": 31.746,"Actual Rows": 181,"Actual Loops": 3,"Filter": "((p_size >= 1) AND (((p_brand = 'Brand#53'::bpchar) AND (p_container = ANY ('{\"SM CASE\",\"SM BOX\",\"SM PACK\",\"SM PKG\"}'::bpchar[])) AND (p_size <= 5)) OR ((p_brand = 'Brand#43'::bpchar) AND (p_container = ANY ('{\"MED BAG\",\"MED BOX\",\"MED PKG\",\"MED PACK\"}'::bpchar[])) AND (p_size <= 10)) OR ((p_brand = 'Brand#33'::bpchar) AND (p_container = ANY ('{\"LG CASE\",\"LG BOX\",\"LG PACK\",\"LG PKG\"}'::bpchar[])) AND (p_size <= 15))))","Rows Removed by Filter": 66485,"Workers": []},{"Node Type": "Index Scan","Parent Relationship": "Inner","Parallel Aware": false,"Async Capable": false,"Scan Direction": "Forward","Index Name": "idx_lineitem_part_supp","Relation Name": "lineitem","Alias": "lineitem","Startup Cost": 0.43,"Total Cost": 122.91,"Plan Rows": 1,"Plan Width": 21,"Actual Startup Time": 0.227,"Actual Total Time": 0.256,"Actual Rows": 0,"Actual Loops": 544,"Index Cond": "(l_partkey = part.p_partkey)","Rows Removed by Index Recheck": 0,"Filter": "((l_shipmode = ANY ('{AIR,\"AIR REG\"}'::bpchar[])) AND (l_shipinstruct = 'DELIVER IN PERSON'::bpchar) AND (((l_quantity >= '8'::numeric) AND (l_quantity <= '18'::numeric)) OR ((l_quantity >= '17'::numeric) AND (l_quantity <= '27'::numeric)) OR ((l_quantity >= '23'::numeric) AND (l_quantity <= '33'::numeric))) AND (((part.p_brand = 'Brand#53'::bpchar) AND (part.p_container = ANY ('{\"SM CASE\",\"SM BOX\",\"SM PACK\",\"SM PKG\"}'::bpchar[])) AND (l_quantity >= '8'::numeric) AND (l_quantity <= '18'::numeric) AND (part.p_size <= 5)) OR ((part.p_brand = 'Brand#43'::bpchar) AND (part.p_container = ANY ('{\"MED BAG\",\"MED BOX\",\"MED PKG\",\"MED PACK\"}'::bpchar[])) AND (l_quantity >= '17'::numeric) AND (l_quantity <= '27'::numeric) AND (part.p_size <= 10)) OR ((part.p_brand = 'Brand#33'::bpchar) AND (part.p_container = ANY ('{\"LG CASE\",\"LG BOX\",\"LG PACK\",\"LG PKG\"}'::bpchar[])) AND (l_quantity >= '23'::numeric) AND (l_quantity <= '33'::numeric) AND (part.p_size <= 15))))","Rows Removed by Filter": 30,"Workers": []}]}]}]}]},"Planning Time": 6.422,"Triggers": [],"Execution Time": 100.603}]
[{"Plan": {"Node Type": "Aggregate","Strategy": "Plain","Partial Mode": "Finalize","Parallel Aware": false,"Async Capable": false,"Startup Cost": 33737.44,"Total Cost": 33737.45,"Plan Rows": 1,"Plan Width": 32,"Actual Startup Time": 81.386,"Actual Total Time": 95.747,"Actual Rows": 1,"Actual Loops": 1,"Plans": [{"Node Type": "Gather","Parent Relationship": "Outer","Parallel Aware": false,"Async Capable": false,"Startup Cost": 33737.22,"Total Cost": 33737.43,"Plan Rows": 2,"Plan Width": 32,"Actual Startup Time": 81.190,"Actual Total Time": 95.711,"Actual Rows": 3,"Actual Loops": 1,"Workers Planned": 2,"Workers Launched": 2,"Single Copy": false,"Plans": [{"Node Type": "Aggregate","Strategy": "Plain","Partial Mode": "Partial","Parent Relationship": "Outer","Parallel Aware": false,"Async Capable": false,"Startup Cost": 32737.22,"Total Cost": 32737.23,"Plan Rows": 1,"Plan Width": 32,"Actual Startup Time": 74.619,"Actual Total Time": 74.623,"Actual Rows": 1,"Actual Loops": 3,"Workers": [],"Plans": [{"Node Type": "Nested Loop","Parent Relationship": "Outer","Parallel Aware": false,"Async Capable": false,"Join Type": "Inner","Startup Cost": 0.43,"Total Cost": 32736.85,"Plan Rows": 48,"Plan Width": 12,"Actual Startup Time": 2.492,"Actual Total Time": 74.577,"Actual Rows": 40,"Actual Loops": 3,"Inner Unique": false,"Workers": [],"Plans": [{"Node Type": "Seq Scan","Parent Relationship": "Outer","Parallel Aware": true,"Async Capable": false,"Relation Name": "part","Alias": "part","Startup Cost": 0.00,"Total Cost": 7638.67,"Plan Rows": 204,"Plan Width": 30,"Actual Startup Time": 0.653,"Actual Total Time": 32.190,"Actual Rows": 164,"Actual Loops": 3,"Filter": "((p_size >= 1) AND (((p_brand = 'Brand#24'::bpchar) AND (p_container = ANY ('{\"SM CASE\",\"SM BOX\",\"SM PACK\",\"SM PKG\"}'::bpchar[])) AND (p_size <= 5)) OR ((p_brand = 'Brand#25'::bpchar) AND (p_container = ANY ('{\"MED BAG\",\"MED BOX\",\"MED PKG\",\"MED PACK\"}'::bpchar[])) AND (p_size <= 10)) OR ((p_brand = 'Brand#42'::bpchar) AND (p_container = ANY ('{\"LG CASE\",\"LG BOX\",\"LG PACK\",\"LG PKG\"}'::bpchar[])) AND (p_size <= 15))))","Rows Removed by Filter": 66502,"Workers": []},{"Node Type": "Index Scan","Parent Relationship": "Inner","Parallel Aware": false,"Async Capable": false,"Scan Direction": "Forward","Index Name": "idx_lineitem_part_supp","Relation Name": "lineitem","Alias": "lineitem","Startup Cost": 0.43,"Total Cost": 123.02,"Plan Rows": 1,"Plan Width": 21,"Actual Startup Time": 0.228,"Actual Total Time": 0.257,"Actual Rows": 0,"Actual Loops": 493,"Index Cond": "(l_partkey = part.p_partkey)","Rows Removed by Index Recheck": 0,"Filter": "((l_shipmode = ANY ('{AIR,\"AIR REG\"}'::bpchar[])) AND (l_shipinstruct = 'DELIVER IN PERSON'::bpchar) AND (((l_quantity >= '3'::numeric) AND (l_quantity <= '13'::numeric)) OR ((l_quantity >= '12'::numeric) AND (l_quantity <= '22'::numeric)) OR ((l_quantity >= '28'::numeric) AND (l_quantity <= '38'::numeric))) AND (((part.p_brand = 'Brand#24'::bpchar) AND (part.p_container = ANY ('{\"SM CASE\",\"SM BOX\",\"SM PACK\",\"SM PKG\"}'::bpchar[])) AND (l_quantity >= '3'::numeric) AND (l_quantity <= '13'::numeric) AND (part.p_size <= 5)) OR ((part.p_brand = 'Brand#25'::bpchar) AND (part.p_container = ANY ('{\"MED BAG\",\"MED BOX\",\"MED PKG\",\"MED PACK\"}'::bpchar[])) AND (l_quantity >= '12'::numeric) AND (l_quantity <= '22'::numeric) AND (part.p_size <= 10)) OR ((part.p_brand = 'Brand#42'::bpchar) AND (part.p_container = ANY ('{\"LG CASE\",\"LG BOX\",\"LG PACK\",\"LG PKG\"}'::bpchar[])) AND (l_quantity >= '28'::numeric) AND (l_quantity <= '38'::numeric) AND (part.p_size <= 15))))","Rows Removed by Filter": 30,"Workers": []}]}]}]}]},"Planning Time": 5.113,"Triggers": [],"Execution Time": 95.926}]
[{"Plan": {"Node Type": "Aggregate","Strategy": "Plain","Partial Mode": "Finalize","Parallel Aware": false,"Async Capable": false,"Startup Cost": 34084.48,"Total Cost": 34084.49,"Plan Rows": 1,"Plan Width": 32,"Actual Startup Time": 84.569,"Actual Total Time": 100.320,"Actual Rows": 1,"Actual Loops": 1,"Plans": [{"Node Type": "Gather","Parent Relationship": "Outer","Parallel Aware": false,"Async Capable": false,"Startup Cost": 34084.26,"Total Cost": 34084.47,"Plan Rows": 2,"Plan Width": 32,"Actual Startup Time": 84.387,"Actual Total Time": 100.291,"Actual Rows": 3,"Actual Loops": 1,"Workers Planned": 2,"Workers Launched": 2,"Single Copy": false,"Plans": [{"Node Type": "Aggregate","Strategy": "Plain","Partial Mode": "Partial","Parent Relationship": "Outer","Parallel Aware": false,"Async Capable": false,"Startup Cost": 33084.26,"Total Cost": 33084.27,"Plan Rows": 1,"Plan Width": 32,"Actual Startup Time": 77.904,"Actual Total Time": 77.907,"Actual Rows": 1,"Actual Loops": 3,"Workers": [],"Plans": [{"Node Type": "Nested Loop","Parent Relationship": "Outer","Parallel Aware": false,"Async Capable": false,"Join Type": "Inner","Startup Cost": 0.43,"Total Cost": 33083.90,"Plan Rows": 48,"Plan Width": 12,"Actual Startup Time": 5.293,"Actual Total Time": 77.856,"Actual Rows": 32,"Actual Loops": 3,"Inner Unique": false,"Workers": [],"Plans": [{"Node Type": "Seq Scan","Parent Relationship": "Outer","Parallel Aware": true,"Async Capable": false,"Relation Name": "part","Alias": "part","Startup Cost": 0.00,"Total Cost": 7638.67,"Plan Rows": 207,"Plan Width": 30,"Actual Startup Time": 0.727,"Actual Total Time": 33.846,"Actual Rows": 159,"Actual Loops": 3,"Filter": "((p_size >= 1) AND (((p_brand = 'Brand#45'::bpchar) AND (p_container = ANY ('{\"SM CASE\",\"SM BOX\",\"SM PACK\",\"SM PKG\"}'::bpchar[])) AND (p_size <= 5)) OR ((p_brand = 'Brand#33'::bpchar) AND (p_container = ANY ('{\"MED BAG\",\"MED BOX\",\"MED PKG\",\"MED PACK\"}'::bpchar[])) AND (p_size <= 10)) OR ((p_brand = 'Brand#12'::bpchar) AND (p_container = ANY ('{\"LG CASE\",\"LG BOX\",\"LG PACK\",\"LG PKG\"}'::bpchar[])) AND (p_size <= 15))))","Rows Removed by Filter": 66508,"Workers": []},{"Node Type": "Index Scan","Parent Relationship": "Inner","Parallel Aware": false,"Async Capable": false,"Scan Direction": "Forward","Index Name": "idx_lineitem_part_supp","Relation Name": "lineitem","Alias": "lineitem","Startup Cost": 0.43,"Total Cost": 122.91,"Plan Rows": 1,"Plan Width": 21,"Actual Startup Time": 0.253,"Actual Total Time": 0.276,"Actual Rows": 0,"Actual Loops": 477,"Index Cond": "(l_partkey = part.p_partkey)","Rows Removed by Index Recheck": 0,"Filter": "((l_shipmode = ANY ('{AIR,\"AIR REG\"}'::bpchar[])) AND (l_shipinstruct = 'DELIVER IN PERSON'::bpchar) AND (((l_quantity >= '6'::numeric) AND (l_quantity <= '16'::numeric)) OR ((l_quantity >= '10'::numeric) AND (l_quantity <= '20'::numeric)) OR ((l_quantity >= '27'::numeric) AND (l_quantity <= '37'::numeric))) AND (((part.p_brand = 'Brand#45'::bpchar) AND (part.p_container = ANY ('{\"SM CASE\",\"SM BOX\",\"SM PACK\",\"SM PKG\"}'::bpchar[])) AND (l_quantity >= '6'::numeric) AND (l_quantity <= '16'::numeric) AND (part.p_size <= 5)) OR ((part.p_brand = 'Brand#33'::bpchar) AND (part.p_container = ANY ('{\"MED BAG\",\"MED BOX\",\"MED PKG\",\"MED PACK\"}'::bpchar[])) AND (l_quantity >= '10'::numeric) AND (l_quantity <= '20'::numeric) AND (part.p_size <= 10)) OR ((part.p_brand = 'Brand#12'::bpchar) AND (part.p_container = ANY ('{\"LG CASE\",\"LG BOX\",\"LG PACK\",\"LG PKG\"}'::bpchar[])) AND (l_quantity >= '27'::numeric) AND (l_quantity <= '37'::numeric) AND (part.p_size <= 15))))","Rows Removed by Filter": 30,"Workers": []}]}]}]}]},"Planning Time": 5.817,"Triggers": [],"Execution Time": 100.507}]
[{"Plan": {"Node Type": "Aggregate","Strategy": "Plain","Partial Mode": "Finalize","Parallel Aware": false,"Async Capable": false,"Startup Cost": 34089.30,"Total Cost": 34089.31,"Plan Rows": 1,"Plan Width": 32,"Actual Startup Time": 78.580,"Actual Total Time": 92.057,"Actual Rows": 1,"Actual Loops": 1,"Plans": [{"Node Type": "Gather","Parent Relationship": "Outer","Parallel Aware": false,"Async Capable": false,"Startup Cost": 34089.07,"Total Cost": 34089.28,"Plan Rows": 2,"Plan Width": 32,"Actual Startup Time": 78.404,"Actual Total Time": 92.032,"Actual Rows": 3,"Actual Loops": 1,"Workers Planned": 2,"Workers Launched": 2,"Single Copy": false,"Plans": [{"Node Type": "Aggregate","Strategy": "Plain","Partial Mode": "Partial","Parent Relationship": "Outer","Parallel Aware": false,"Async Capable": false,"Startup Cost": 33089.07,"Total Cost": 33089.08,"Plan Rows": 1,"Plan Width": 32,"Actual Startup Time": 72.092,"Actual Total Time": 72.094,"Actual Rows": 1,"Actual Loops": 3,"Workers": [],"Plans": [{"Node Type": "Nested Loop","Parent Relationship": "Outer","Parallel Aware": false,"Async Capable": false,"Join Type": "Inner","Startup Cost": 0.43,"Total Cost": 33088.71,"Plan Rows": 48,"Plan Width": 12,"Actual Startup Time": 3.635,"Actual Total Time": 72.046,"Actual Rows": 40,"Actual Loops": 3,"Inner Unique": false,"Workers": [],"Plans": [{"Node Type": "Seq Scan","Parent Relationship": "Outer","Parallel Aware": true,"Async Capable": false,"Relation Name": "part","Alias": "part","Startup Cost": 0.00,"Total Cost": 7638.67,"Plan Rows": 207,"Plan Width": 30,"Actual Startup Time": 1.249,"Actual Total Time": 31.786,"Actual Rows": 154,"Actual Loops": 3,"Filter": "((p_size >= 1) AND (((p_brand = 'Brand#15'::bpchar) AND (p_container = ANY ('{\"SM CASE\",\"SM BOX\",\"SM PACK\",\"SM PKG\"}'::bpchar[])) AND (p_size <= 5)) OR ((p_brand = 'Brand#14'::bpchar) AND (p_container = ANY ('{\"MED BAG\",\"MED BOX\",\"MED PKG\",\"MED PACK\"}'::bpchar[])) AND (p_size <= 10)) OR ((p_brand = 'Brand#21'::bpchar) AND (p_container = ANY ('{\"LG CASE\",\"LG BOX\",\"LG PACK\",\"LG PKG\"}'::bpchar[])) AND (p_size <= 15))))","Rows Removed by Filter": 66513,"Workers": []},{"Node Type": "Index Scan","Parent Relationship": "Inner","Parallel Aware": false,"Async Capable": false,"Scan Direction": "Forward","Index Name": "idx_lineitem_part_supp","Relation Name": "lineitem","Alias": "lineitem","Startup Cost": 0.43,"Total Cost": 122.94,"Plan Rows": 1,"Plan Width": 21,"Actual Startup Time": 0.230,"Actual Total Time": 0.261,"Actual Rows": 0,"Actual Loops": 461,"Index Cond": "(l_partkey = part.p_partkey)","Rows Removed by Index Recheck": 0,"Filter": "((l_shipmode = ANY ('{AIR,\"AIR REG\"}'::bpchar[])) AND (l_shipinstruct = 'DELIVER IN PERSON'::bpchar) AND (((l_quantity >= '6'::numeric) AND (l_quantity <= '16'::numeric)) OR ((l_quantity >= '18'::numeric) AND (l_quantity <= '28'::numeric)) OR ((l_quantity >= '23'::numeric) AND (l_quantity <= '33'::numeric))) AND (((part.p_brand = 'Brand#15'::bpchar) AND (part.p_container = ANY ('{\"SM CASE\",\"SM BOX\",\"SM PACK\",\"SM PKG\"}'::bpchar[])) AND (l_quantity >= '6'::numeric) AND (l_quantity <= '16'::numeric) AND (part.p_size <= 5)) OR ((part.p_brand = 'Brand#14'::bpchar) AND (part.p_container = ANY ('{\"MED BAG\",\"MED BOX\",\"MED PKG\",\"MED PACK\"}'::bpchar[])) AND (l_quantity >= '18'::numeric) AND (l_quantity <= '28'::numeric) AND (part.p_size <= 10)) OR ((part.p_brand = 'Brand#21'::bpchar) AND (part.p_container = ANY ('{\"LG CASE\",\"LG BOX\",\"LG PACK\",\"LG PKG\"}'::bpchar[])) AND (l_quantity >= '23'::numeric) AND (l_quantity <= '33'::numeric) AND (part.p_size <= 15))))","Rows Removed by Filter": 29,"Workers": []}]}]}]}]},"Planning Time": 5.477,"Triggers": [],"Execution Time": 92.225}]
[{"Plan": {"Node Type": "Aggregate","Strategy": "Plain","Partial Mode": "Finalize","Parallel Aware": false,"Async Capable": false,"Startup Cost": 34165.54,"Total Cost": 34165.55,"Plan Rows": 1,"Plan Width": 32,"Actual Startup Time": 87.855,"Actual Total Time": 103.382,"Actual Rows": 1,"Actual Loops": 1,"Plans": [{"Node Type": "Gather","Parent Relationship": "Outer","Parallel Aware": false,"Async Capable": false,"Startup Cost": 34165.31,"Total Cost": 34165.52,"Plan Rows": 2,"Plan Width": 32,"Actual Startup Time": 87.685,"Actual Total Time": 103.356,"Actual Rows": 3,"Actual Loops": 1,"Workers Planned": 2,"Workers Launched": 2,"Single Copy": false,"Plans": [{"Node Type": "Aggregate","Strategy": "Plain","Partial Mode": "Partial","Parent Relationship": "Outer","Parallel Aware": false,"Async Capable": false,"Startup Cost": 33165.31,"Total Cost": 33165.32,"Plan Rows": 1,"Plan Width": 32,"Actual Startup Time": 81.207,"Actual Total Time": 81.209,"Actual Rows": 1,"Actual Loops": 3,"Workers": [],"Plans": [{"Node Type": "Nested Loop","Parent Relationship": "Outer","Parallel Aware": false,"Async Capable": false,"Join Type": "Inner","Startup Cost": 4.54,"Total Cost": 33164.94,"Plan Rows": 49,"Plan Width": 12,"Actual Startup Time": 2.025,"Actual Total Time": 81.156,"Actual Rows": 37,"Actual Loops": 3,"Inner Unique": false,"Workers": [],"Plans": [{"Node Type": "Seq Scan","Parent Relationship": "Outer","Parallel Aware": true,"Async Capable": false,"Relation Name": "part","Alias": "part","Startup Cost": 0.00,"Total Cost": 7638.67,"Plan Rows": 210,"Plan Width": 30,"Actual Startup Time": 0.662,"Actual Total Time": 35.213,"Actual Rows": 156,"Actual Loops": 3,"Filter": "((p_size >= 1) AND (((p_brand = 'Brand#15'::bpchar) AND (p_container = ANY ('{\"SM CASE\",\"SM BOX\",\"SM PACK\",\"SM PKG\"}'::bpchar[])) AND (p_size <= 5)) OR ((p_brand = 'Brand#33'::bpchar) AND (p_container = ANY ('{\"MED BAG\",\"MED BOX\",\"MED PKG\",\"MED PACK\"}'::bpchar[])) AND (p_size <= 10)) OR ((p_brand = 'Brand#21'::bpchar) AND (p_container = ANY ('{\"LG CASE\",\"LG BOX\",\"LG PACK\",\"LG PKG\"}'::bpchar[])) AND (p_size <= 15))))","Rows Removed by Filter": 66511,"Workers": []},{"Node Type": "Bitmap Heap Scan","Parent Relationship": "Inner","Parallel Aware": false,"Async Capable": false,"Relation Name": "lineitem","Alias": "lineitem","Startup Cost": 4.54,"Total Cost": 121.54,"Plan Rows": 1,"Plan Width": 21,"Actual Startup Time": 0.261,"Actual Total Time": 0.294,"Actual Rows": 0,"Actual Loops": 467,"Recheck Cond": "(l_partkey = part.p_partkey)","Rows Removed by Index Recheck": 0,"Filter": "((l_shipmode = ANY ('{AIR,\"AIR REG\"}'::bpchar[])) AND (l_shipinstruct = 'DELIVER IN PERSON'::bpchar) AND (((l_quantity >= '2'::numeric) AND (l_quantity <= '12'::numeric)) OR ((l_quantity >= '11'::numeric) AND (l_quantity <= '21'::numeric)) OR ((l_quantity >= '27'::numeric) AND (l_quantity <= '37'::numeric))) AND (((part.p_brand = 'Brand#15'::bpchar) AND (part.p_container = ANY ('{\"SM CASE\",\"SM BOX\",\"SM PACK\",\"SM PKG\"}'::bpchar[])) AND (l_quantity >= '2'::numeric) AND (l_quantity <= '12'::numeric) AND (part.p_size <= 5)) OR ((part.p_brand = 'Brand#33'::bpchar) AND (part.p_container = ANY ('{\"MED BAG\",\"MED BOX\",\"MED PKG\",\"MED PACK\"}'::bpchar[])) AND (l_quantity >= '11'::numeric) AND (l_quantity <= '21'::numeric) AND (part.p_size <= 10)) OR ((part.p_brand = 'Brand#21'::bpchar) AND (part.p_container = ANY ('{\"LG CASE\",\"LG BOX\",\"LG PACK\",\"LG PKG\"}'::bpchar[])) AND (l_quantity >= '27'::numeric) AND (l_quantity <= '37'::numeric) AND (part.p_size <= 15))))","Rows Removed by Filter": 29,"Exact Heap Blocks": 5106,"Lossy Heap Blocks": 0,"Workers": [],"Plans": [{"Node Type": "Bitmap Index Scan","Parent Relationship": "Outer","Parallel Aware": false,"Async Capable": false,"Index Name": "idx_lineitem_part_supp","Startup Cost": 0.00,"Total Cost": 4.54,"Plan Rows": 31,"Plan Width": 0,"Actual Startup Time": 0.012,"Actual Total Time": 0.012,"Actual Rows": 30,"Actual Loops": 467,"Index Cond": "(l_partkey = part.p_partkey)","Workers": []}]}]}]}]}]},"Planning Time": 6.106,"Triggers": [],"Execution Time": 103.599}]
[{"Plan": {"Node Type": "Aggregate","Strategy": "Plain","Partial Mode": "Finalize","Parallel Aware": false,"Async Capable": false,"Startup Cost": 33621.97,"Total Cost": 33621.98,"Plan Rows": 1,"Plan Width": 32,"Actual Startup Time": 83.600,"Actual Total Time": 99.194,"Actual Rows": 1,"Actual Loops": 1,"Plans": [{"Node Type": "Gather","Parent Relationship": "Outer","Parallel Aware": false,"Async Capable": false,"Startup Cost": 33621.74,"Total Cost": 33621.95,"Plan Rows": 2,"Plan Width": 32,"Actual Startup Time": 83.426,"Actual Total Time": 99.168,"Actual Rows": 3,"Actual Loops": 1,"Workers Planned": 2,"Workers Launched": 2,"Single Copy": false,"Plans": [{"Node Type": "Aggregate","Strategy": "Plain","Partial Mode": "Partial","Parent Relationship": "Outer","Parallel Aware": false,"Async Capable": false,"Startup Cost": 32621.74,"Total Cost": 32621.75,"Plan Rows": 1,"Plan Width": 32,"Actual Startup Time": 76.887,"Actual Total Time": 76.890,"Actual Rows": 1,"Actual Loops": 3,"Workers": [],"Plans": [{"Node Type": "Nested Loop","Parent Relationship": "Outer","Parallel Aware": false,"Async Capable": false,"Join Type": "Inner","Startup Cost": 0.43,"Total Cost": 32621.39,"Plan Rows": 47,"Plan Width": 12,"Actual Startup Time": 4.811,"Actual Total Time": 76.851,"Actual Rows": 35,"Actual Loops": 3,"Inner Unique": false,"Workers": [],"Plans": [{"Node Type": "Seq Scan","Parent Relationship": "Outer","Parallel Aware": true,"Async Capable": false,"Relation Name": "part","Alias": "part","Startup Cost": 0.00,"Total Cost": 7638.67,"Plan Rows": 203,"Plan Width": 30,"Actual Startup Time": 0.444,"Actual Total Time": 33.252,"Actual Rows": 159,"Actual Loops": 3,"Filter": "((p_size >= 1) AND (((p_brand = 'Brand#33'::bpchar) AND (p_container = ANY ('{\"SM CASE\",\"SM BOX\",\"SM PACK\",\"SM PKG\"}'::bpchar[])) AND (p_size <= 5)) OR ((p_brand = 'Brand#25'::bpchar) AND (p_container = ANY ('{\"MED BAG\",\"MED BOX\",\"MED PKG\",\"MED PACK\"}'::bpchar[])) AND (p_size <= 10)) OR ((p_brand = 'Brand#14'::bpchar) AND (p_container = ANY ('{\"LG CASE\",\"LG BOX\",\"LG PACK\",\"LG PKG\"}'::bpchar[])) AND (p_size <= 15))))","Rows Removed by Filter": 66507,"Workers": []},{"Node Type": "Index Scan","Parent Relationship": "Inner","Parallel Aware": false,"Async Capable": false,"Scan Direction": "Forward","Index Name": "idx_lineitem_part_supp","Relation Name": "lineitem","Alias": "lineitem","Startup Cost": 0.43,"Total Cost": 123.06,"Plan Rows": 1,"Plan Width": 21,"Actual Startup Time": 0.243,"Actual Total Time": 0.273,"Actual Rows": 0,"Actual Loops": 478,"Index Cond": "(l_partkey = part.p_partkey)","Rows Removed by Index Recheck": 0,"Filter": "((l_shipmode = ANY ('{AIR,\"AIR REG\"}'::bpchar[])) AND (l_shipinstruct = 'DELIVER IN PERSON'::bpchar) AND (((l_quantity >= '9'::numeric) AND (l_quantity <= '19'::numeric)) OR ((l_quantity >= '14'::numeric) AND (l_quantity <= '24'::numeric)) OR ((l_quantity >= '24'::numeric) AND (l_quantity <= '34'::numeric))) AND (((part.p_brand = 'Brand#33'::bpchar) AND (part.p_container = ANY ('{\"SM CASE\",\"SM BOX\",\"SM PACK\",\"SM PKG\"}'::bpchar[])) AND (l_quantity >= '9'::numeric) AND (l_quantity <= '19'::numeric) AND (part.p_size <= 5)) OR ((part.p_brand = 'Brand#25'::bpchar) AND (part.p_container = ANY ('{\"MED BAG\",\"MED BOX\",\"MED PKG\",\"MED PACK\"}'::bpchar[])) AND (l_quantity >= '14'::numeric) AND (l_quantity <= '24'::numeric) AND (part.p_size <= 10)) OR ((part.p_brand = 'Brand#14'::bpchar) AND (part.p_container = ANY ('{\"LG CASE\",\"LG BOX\",\"LG PACK\",\"LG PKG\"}'::bpchar[])) AND (l_quantity >= '24'::numeric) AND (l_quantity <= '34'::numeric) AND (part.p_size <= 15))))","Rows Removed by Filter": 30,"Workers": []}]}]}]}]},"Planning Time": 5.654,"Triggers": [],"Execution Time": 99.399}]
[{"Plan": {"Node Type": "Aggregate","Strategy": "Plain","Partial Mode": "Finalize","Parallel Aware": false,"Async Capable": false,"Startup Cost": 34089.01,"Total Cost": 34089.02,"Plan Rows": 1,"Plan Width": 32,"Actual Startup Time": 83.591,"Actual Total Time": 98.563,"Actual Rows": 1,"Actual Loops": 1,"Plans": [{"Node Type": "Gather","Parent Relationship": "Outer","Parallel Aware": false,"Async Capable": false,"Startup Cost": 34088.79,"Total Cost": 34089.00,"Plan Rows": 2,"Plan Width": 32,"Actual Startup Time": 83.217,"Actual Total Time": 98.540,"Actual Rows": 3,"Actual Loops": 1,"Workers Planned": 2,"Workers Launched": 2,"Single Copy": false,"Plans": [{"Node Type": "Aggregate","Strategy": "Plain","Partial Mode": "Partial","Parent Relationship": "Outer","Parallel Aware": false,"Async Capable": false,"Startup Cost": 33088.79,"Total Cost": 33088.80,"Plan Rows": 1,"Plan Width": 32,"Actual Startup Time": 76.585,"Actual Total Time": 76.588,"Actual Rows": 1,"Actual Loops": 3,"Workers": [],"Plans": [{"Node Type": "Nested Loop","Parent Relationship": "Outer","Parallel Aware": false,"Async Capable": false,"Join Type": "Inner","Startup Cost": 0.43,"Total Cost": 33088.43,"Plan Rows": 48,"Plan Width": 12,"Actual Startup Time": 6.360,"Actual Total Time": 76.535,"Actual Rows": 39,"Actual Loops": 3,"Inner Unique": false,"Workers": [],"Plans": [{"Node Type": "Seq Scan","Parent Relationship": "Outer","Parallel Aware": true,"Async Capable": false,"Relation Name": "part","Alias": "part","Startup Cost": 0.00,"Total Cost": 7638.67,"Plan Rows": 207,"Plan Width": 30,"Actual Startup Time": 0.665,"Actual Total Time": 31.216,"Actual Rows": 174,"Actual Loops": 3,"Filter": "((p_size >= 1) AND (((p_brand = 'Brand#24'::bpchar) AND (p_container = ANY ('{\"SM CASE\",\"SM BOX\",\"SM PACK\",\"SM PKG\"}'::bpchar[])) AND (p_size <= 5)) OR ((p_brand = 'Brand#24'::bpchar) AND (p_container = ANY ('{\"MED BAG\",\"MED BOX\",\"MED PKG\",\"MED PACK\"}'::bpchar[])) AND (p_size <= 10)) OR ((p_brand = 'Brand#15'::bpchar) AND (p_container = ANY ('{\"LG CASE\",\"LG BOX\",\"LG PACK\",\"LG PKG\"}'::bpchar[])) AND (p_size <= 15))))","Rows Removed by Filter": 66493,"Workers": []},{"Node Type": "Index Scan","Parent Relationship": "Inner","Parallel Aware": false,"Async Capable": false,"Scan Direction": "Forward","Index Name": "idx_lineitem_part_supp","Relation Name": "lineitem","Alias": "lineitem","Startup Cost": 0.43,"Total Cost": 122.94,"Plan Rows": 1,"Plan Width": 21,"Actual Startup Time": 0.236,"Actual Total Time": 0.260,"Actual Rows": 0,"Actual Loops": 522,"Index Cond": "(l_partkey = part.p_partkey)","Rows Removed by Index Recheck": 0,"Filter": "((l_shipmode = ANY ('{AIR,\"AIR REG\"}'::bpchar[])) AND (l_shipinstruct = 'DELIVER IN PERSON'::bpchar) AND (((l_quantity >= '7'::numeric) AND (l_quantity <= '17'::numeric)) OR ((l_quantity >= '19'::numeric) AND (l_quantity <= '29'::numeric)) OR ((l_quantity >= '30'::numeric) AND (l_quantity <= '40'::numeric))) AND (((part.p_brand = 'Brand#24'::bpchar) AND (part.p_container = ANY ('{\"SM CASE\",\"SM BOX\",\"SM PACK\",\"SM PKG\"}'::bpchar[])) AND (l_quantity >= '7'::numeric) AND (l_quantity <= '17'::numeric) AND (part.p_size <= 5)) OR ((part.p_brand = 'Brand#24'::bpchar) AND (part.p_container = ANY ('{\"MED BAG\",\"MED BOX\",\"MED PKG\",\"MED PACK\"}'::bpchar[])) AND (l_quantity >= '19'::numeric) AND (l_quantity <= '29'::numeric) AND (part.p_size <= 10)) OR ((part.p_brand = 'Brand#15'::bpchar) AND (part.p_container = ANY ('{\"LG CASE\",\"LG BOX\",\"LG PACK\",\"LG PKG\"}'::bpchar[])) AND (l_quantity >= '30'::numeric) AND (l_quantity <= '40'::numeric) AND (part.p_size <= 15))))","Rows Removed by Filter": 30,"Workers": []}]}]}]}]},"Planning Time": 6.719,"Triggers": [],"Execution Time": 98.741}]
[{"Plan": {"Node Type": "Aggregate","Strategy": "Plain","Partial Mode": "Finalize","Parallel Aware": false,"Async Capable": false,"Startup Cost": 33857.81,"Total Cost": 33857.82,"Plan Rows": 1,"Plan Width": 32,"Actual Startup Time": 81.126,"Actual Total Time": 95.149,"Actual Rows": 1,"Actual Loops": 1,"Plans": [{"Node Type": "Gather","Parent Relationship": "Outer","Parallel Aware": false,"Async Capable": false,"Startup Cost": 33857.58,"Total Cost": 33857.79,"Plan Rows": 2,"Plan Width": 32,"Actual Startup Time": 80.772,"Actual Total Time": 95.113,"Actual Rows": 3,"Actual Loops": 1,"Workers Planned": 2,"Workers Launched": 2,"Single Copy": false,"Plans": [{"Node Type": "Aggregate","Strategy": "Plain","Partial Mode": "Partial","Parent Relationship": "Outer","Parallel Aware": false,"Async Capable": false,"Startup Cost": 32857.58,"Total Cost": 32857.59,"Plan Rows": 1,"Plan Width": 32,"Actual Startup Time": 74.281,"Actual Total Time": 74.285,"Actual Rows": 1,"Actual Loops": 3,"Workers": [],"Plans": [{"Node Type": "Nested Loop","Parent Relationship": "Outer","Parallel Aware": false,"Async Capable": false,"Join Type": "Inner","Startup Cost": 0.43,"Total Cost": 32857.22,"Plan Rows": 48,"Plan Width": 12,"Actual Startup Time": 4.192,"Actual Total Time": 74.241,"Actual Rows": 33,"Actual Loops": 3,"Inner Unique": false,"Workers": [],"Plans": [{"Node Type": "Seq Scan","Parent Relationship": "Outer","Parallel Aware": true,"Async Capable": false,"Relation Name": "part","Alias": "part","Startup Cost": 0.00,"Total Cost": 7638.67,"Plan Rows": 205,"Plan Width": 30,"Actual Startup Time": 0.545,"Actual Total Time": 31.885,"Actual Rows": 160,"Actual Loops": 3,"Filter": "((p_size >= 1) AND (((p_brand = 'Brand#11'::bpchar) AND (p_container = ANY ('{\"SM CASE\",\"SM BOX\",\"SM PACK\",\"SM PKG\"}'::bpchar[])) AND (p_size <= 5)) OR ((p_brand = 'Brand#51'::bpchar) AND (p_container = ANY ('{\"MED BAG\",\"MED BOX\",\"MED PKG\",\"MED PACK\"}'::bpchar[])) AND (p_size <= 10)) OR ((p_brand = 'Brand#15'::bpchar) AND (p_container = ANY ('{\"LG CASE\",\"LG BOX\",\"LG PACK\",\"LG PKG\"}'::bpchar[])) AND (p_size <= 15))))","Rows Removed by Filter": 66506,"Workers": []},{"Node Type": "Index Scan","Parent Relationship": "Inner","Parallel Aware": false,"Async Capable": false,"Scan Direction": "Forward","Index Name": "idx_lineitem_part_supp","Relation Name": "lineitem","Alias": "lineitem","Startup Cost": 0.43,"Total Cost": 123.01,"Plan Rows": 1,"Plan Width": 21,"Actual Startup Time": 0.235,"Actual Total Time": 0.264,"Actual Rows": 0,"Actual Loops": 481,"Index Cond": "(l_partkey = part.p_partkey)","Rows Removed by Index Recheck": 0,"Filter": "((l_shipmode = ANY ('{AIR,\"AIR REG\"}'::bpchar[])) AND (l_shipinstruct = 'DELIVER IN PERSON'::bpchar) AND (((l_quantity >= '8'::numeric) AND (l_quantity <= '18'::numeric)) OR ((l_quantity >= '18'::numeric) AND (l_quantity <= '28'::numeric)) OR ((l_quantity >= '26'::numeric) AND (l_quantity <= '36'::numeric))) AND (((part.p_brand = 'Brand#11'::bpchar) AND (part.p_container = ANY ('{\"SM CASE\",\"SM BOX\",\"SM PACK\",\"SM PKG\"}'::bpchar[])) AND (l_quantity >= '8'::numeric) AND (l_quantity <= '18'::numeric) AND (part.p_size <= 5)) OR ((part.p_brand = 'Brand#51'::bpchar) AND (part.p_container = ANY ('{\"MED BAG\",\"MED BOX\",\"MED PKG\",\"MED PACK\"}'::bpchar[])) AND (l_quantity >= '18'::numeric) AND (l_quantity <= '28'::numeric) AND (part.p_size <= 10)) OR ((part.p_brand = 'Brand#15'::bpchar) AND (part.p_container = ANY ('{\"LG CASE\",\"LG BOX\",\"LG PACK\",\"LG PKG\"}'::bpchar[])) AND (l_quantity >= '26'::numeric) AND (l_quantity <= '36'::numeric) AND (part.p_size <= 15))))","Rows Removed by Filter": 30,"Workers": []}]}]}]}]},"Planning Time": 5.195,"Triggers": [],"Execution Time": 95.319}]
[{"Plan": {"Node Type": "Aggregate","Strategy": "Plain","Partial Mode": "Finalize","Parallel Aware": false,"Async Capable": false,"Startup Cost": 33859.03,"Total Cost": 33859.04,"Plan Rows": 1,"Plan Width": 32,"Actual Startup Time": 86.606,"Actual Total Time": 102.548,"Actual Rows": 1,"Actual Loops": 1,"Plans": [{"Node Type": "Gather","Parent Relationship": "Outer","Parallel Aware": false,"Async Capable": false,"Startup Cost": 33858.80,"Total Cost": 33859.01,"Plan Rows": 2,"Plan Width": 32,"Actual Startup Time": 86.549,"Actual Total Time": 102.517,"Actual Rows": 3,"Actual Loops": 1,"Workers Planned": 2,"Workers Launched": 2,"Single Copy": false,"Plans": [{"Node Type": "Aggregate","Strategy": "Plain","Partial Mode": "Partial","Parent Relationship": "Outer","Parallel Aware": false,"Async Capable": false,"Startup Cost": 32858.80,"Total Cost": 32858.81,"Plan Rows": 1,"Plan Width": 32,"Actual Startup Time": 80.261,"Actual Total Time": 80.264,"Actual Rows": 1,"Actual Loops": 3,"Workers": [],"Plans": [{"Node Type": "Nested Loop","Parent Relationship": "Outer","Parallel Aware": false,"Async Capable": false,"Join Type": "Inner","Startup Cost": 0.43,"Total Cost": 32858.44,"Plan Rows": 48,"Plan Width": 12,"Actual Startup Time": 2.933,"Actual Total Time": 80.213,"Actual Rows": 44,"Actual Loops": 3,"Inner Unique": false,"Workers": [],"Plans": [{"Node Type": "Seq Scan","Parent Relationship": "Outer","Parallel Aware": true,"Async Capable": false,"Relation Name": "part","Alias": "part","Startup Cost": 0.00,"Total Cost": 7638.67,"Plan Rows": 205,"Plan Width": 30,"Actual Startup Time": 0.693,"Actual Total Time": 35.071,"Actual Rows": 164,"Actual Loops": 3,"Filter": "((p_size >= 1) AND (((p_brand = 'Brand#53'::bpchar) AND (p_container = ANY ('{\"SM CASE\",\"SM BOX\",\"SM PACK\",\"SM PKG\"}'::bpchar[])) AND (p_size <= 5)) OR ((p_brand = 'Brand#31'::bpchar) AND (p_container = ANY ('{\"MED BAG\",\"MED BOX\",\"MED PKG\",\"MED PACK\"}'::bpchar[])) AND (p_size <= 10)) OR ((p_brand = 'Brand#55'::bpchar) AND (p_container = ANY ('{\"LG CASE\",\"LG BOX\",\"LG PACK\",\"LG PKG\"}'::bpchar[])) AND (p_size <= 15))))","Rows Removed by Filter": 66503,"Workers": []},{"Node Type": "Index Scan","Parent Relationship": "Inner","Parallel Aware": false,"Async Capable": false,"Scan Direction": "Forward","Index Name": "idx_lineitem_part_supp","Relation Name": "lineitem","Alias": "lineitem","Startup Cost": 0.43,"Total Cost": 123.01,"Plan Rows": 1,"Plan Width": 21,"Actual Startup Time": 0.243,"Actual Total Time": 0.275,"Actual Rows": 0,"Actual Loops": 492,"Index Cond": "(l_partkey = part.p_partkey)","Rows Removed by Index Recheck": 0,"Filter": "((l_shipmode = ANY ('{AIR,\"AIR REG\"}'::bpchar[])) AND (l_shipinstruct = 'DELIVER IN PERSON'::bpchar) AND (((l_quantity >= '6'::numeric) AND (l_quantity <= '16'::numeric)) OR ((l_quantity >= '14'::numeric) AND (l_quantity <= '24'::numeric)) OR ((l_quantity >= '24'::numeric) AND (l_quantity <= '34'::numeric))) AND (((part.p_brand = 'Brand#53'::bpchar) AND (part.p_container = ANY ('{\"SM CASE\",\"SM BOX\",\"SM PACK\",\"SM PKG\"}'::bpchar[])) AND (l_quantity >= '6'::numeric) AND (l_quantity <= '16'::numeric) AND (part.p_size <= 5)) OR ((part.p_brand = 'Brand#31'::bpchar) AND (part.p_container = ANY ('{\"MED BAG\",\"MED BOX\",\"MED PKG\",\"MED PACK\"}'::bpchar[])) AND (l_quantity >= '14'::numeric) AND (l_quantity <= '24'::numeric) AND (part.p_size <= 10)) OR ((part.p_brand = 'Brand#55'::bpchar) AND (part.p_container = ANY ('{\"LG CASE\",\"LG BOX\",\"LG PACK\",\"LG PKG\"}'::bpchar[])) AND (l_quantity >= '24'::numeric) AND (l_quantity <= '34'::numeric) AND (part.p_size <= 15))))","Rows Removed by Filter": 30,"Workers": []}]}]}]}]},"Planning Time": 5.526,"Triggers": [],"Execution Time": 102.749}]
[{"Plan": {"Node Type": "Aggregate","Strategy": "Plain","Partial Mode": "Finalize","Parallel Aware": false,"Async Capable": false,"Startup Cost": 33274.21,"Total Cost": 33274.22,"Plan Rows": 1,"Plan Width": 32,"Actual Startup Time": 84.147,"Actual Total Time": 98.937,"Actual Rows": 1,"Actual Loops": 1,"Plans": [{"Node Type": "Gather","Parent Relationship": "Outer","Parallel Aware": false,"Async Capable": false,"Startup Cost": 33273.99,"Total Cost": 33274.20,"Plan Rows": 2,"Plan Width": 32,"Actual Startup Time": 83.684,"Actual Total Time": 98.907,"Actual Rows": 3,"Actual Loops": 1,"Workers Planned": 2,"Workers Launched": 2,"Single Copy": false,"Plans": [{"Node Type": "Aggregate","Strategy": "Plain","Partial Mode": "Partial","Parent Relationship": "Outer","Parallel Aware": false,"Async Capable": false,"Startup Cost": 32273.99,"Total Cost": 32274.00,"Plan Rows": 1,"Plan Width": 32,"Actual Startup Time": 77.621,"Actual Total Time": 77.626,"Actual Rows": 1,"Actual Loops": 3,"Workers": [],"Plans": [{"Node Type": "Nested Loop","Parent Relationship": "Outer","Parallel Aware": false,"Async Capable": false,"Join Type": "Inner","Startup Cost": 0.43,"Total Cost": 32273.63,"Plan Rows": 47,"Plan Width": 12,"Actual Startup Time": 4.400,"Actual Total Time": 77.585,"Actual Rows": 32,"Actual Loops": 3,"Inner Unique": false,"Workers": [],"Plans": [{"Node Type": "Seq Scan","Parent Relationship": "Outer","Parallel Aware": true,"Async Capable": false,"Relation Name": "part","Alias": "part","Startup Cost": 0.00,"Total Cost": 7638.67,"Plan Rows": 200,"Plan Width": 30,"Actual Startup Time": 0.534,"Actual Total Time": 34.216,"Actual Rows": 155,"Actual Loops": 3,"Filter": "((p_size >= 1) AND (((p_brand = 'Brand#25'::bpchar) AND (p_container = ANY ('{\"SM CASE\",\"SM BOX\",\"SM PACK\",\"SM PKG\"}'::bpchar[])) AND (p_size <= 5)) OR ((p_brand = 'Brand#22'::bpchar) AND (p_container = ANY ('{\"MED BAG\",\"MED BOX\",\"MED PKG\",\"MED PACK\"}'::bpchar[])) AND (p_size <= 10)) OR ((p_brand = 'Brand#44'::bpchar) AND (p_container = ANY ('{\"LG CASE\",\"LG BOX\",\"LG PACK\",\"LG PKG\"}'::bpchar[])) AND (p_size <= 15))))","Rows Removed by Filter": 66511,"Workers": []},{"Node Type": "Index Scan","Parent Relationship": "Inner","Parallel Aware": false,"Async Capable": false,"Scan Direction": "Forward","Index Name": "idx_lineitem_part_supp","Relation Name": "lineitem","Alias": "lineitem","Startup Cost": 0.43,"Total Cost": 123.16,"Plan Rows": 1,"Plan Width": 21,"Actual Startup Time": 0.251,"Actual Total Time": 0.279,"Actual Rows": 0,"Actual Loops": 466,"Index Cond": "(l_partkey = part.p_partkey)","Rows Removed by Index Recheck": 0,"Filter": "((l_shipmode = ANY ('{AIR,\"AIR REG\"}'::bpchar[])) AND (l_shipinstruct = 'DELIVER IN PERSON'::bpchar) AND (((l_quantity >= '10'::numeric) AND (l_quantity <= '20'::numeric)) OR ((l_quantity >= '15'::numeric) AND (l_quantity <= '25'::numeric)) OR ((l_quantity >= '29'::numeric) AND (l_quantity <= '39'::numeric))) AND (((part.p_brand = 'Brand#25'::bpchar) AND (part.p_container = ANY ('{\"SM CASE\",\"SM BOX\",\"SM PACK\",\"SM PKG\"}'::bpchar[])) AND (l_quantity >= '10'::numeric) AND (l_quantity <= '20'::numeric) AND (part.p_size <= 5)) OR ((part.p_brand = 'Brand#22'::bpchar) AND (part.p_container = ANY ('{\"MED BAG\",\"MED BOX\",\"MED PKG\",\"MED PACK\"}'::bpchar[])) AND (l_quantity >= '15'::numeric) AND (l_quantity <= '25'::numeric) AND (part.p_size <= 10)) OR ((part.p_brand = 'Brand#44'::bpchar) AND (part.p_container = ANY ('{\"LG CASE\",\"LG BOX\",\"LG PACK\",\"LG PKG\"}'::bpchar[])) AND (l_quantity >= '29'::numeric) AND (l_quantity <= '39'::numeric) AND (part.p_size <= 15))))","Rows Removed by Filter": 30,"Workers": []}]}]}]}]},"Planning Time": 5.155,"Triggers": [],"Execution Time": 99.127}]
[{"Plan": {"Node Type": "Aggregate","Strategy": "Plain","Partial Mode": "Finalize","Parallel Aware": false,"Async Capable": false,"Startup Cost": 32812.09,"Total Cost": 32812.10,"Plan Rows": 1,"Plan Width": 32,"Actual Startup Time": 85.247,"Actual Total Time": 99.899,"Actual Rows": 1,"Actual Loops": 1,"Plans": [{"Node Type": "Gather","Parent Relationship": "Outer","Parallel Aware": false,"Async Capable": false,"Startup Cost": 32811.87,"Total Cost": 32812.08,"Plan Rows": 2,"Plan Width": 32,"Actual Startup Time": 84.802,"Actual Total Time": 99.874,"Actual Rows": 3,"Actual Loops": 1,"Workers Planned": 2,"Workers Launched": 2,"Single Copy": false,"Plans": [{"Node Type": "Aggregate","Strategy": "Plain","Partial Mode": "Partial","Parent Relationship": "Outer","Parallel Aware": false,"Async Capable": false,"Startup Cost": 31811.87,"Total Cost": 31811.88,"Plan Rows": 1,"Plan Width": 32,"Actual Startup Time": 78.778,"Actual Total Time": 78.780,"Actual Rows": 1,"Actual Loops": 3,"Workers": [],"Plans": [{"Node Type": "Nested Loop","Parent Relationship": "Outer","Parallel Aware": false,"Async Capable": false,"Join Type": "Inner","Startup Cost": 0.43,"Total Cost": 31811.53,"Plan Rows": 45,"Plan Width": 12,"Actual Startup Time": 1.109,"Actual Total Time": 78.728,"Actual Rows": 43,"Actual Loops": 3,"Inner Unique": false,"Workers": [],"Plans": [{"Node Type": "Seq Scan","Parent Relationship": "Outer","Parallel Aware": true,"Async Capable": false,"Relation Name": "part","Alias": "part","Startup Cost": 0.00,"Total Cost": 7638.67,"Plan Rows": 196,"Plan Width": 30,"Actual Startup Time": 0.291,"Actual Total Time": 34.871,"Actual Rows": 158,"Actual Loops": 3,"Filter": "((p_size >= 1) AND (((p_brand = 'Brand#32'::bpchar) AND (p_container = ANY ('{\"SM CASE\",\"SM BOX\",\"SM PACK\",\"SM PKG\"}'::bpchar[])) AND (p_size <= 5)) OR ((p_brand = 'Brand#52'::bpchar) AND (p_container = ANY ('{\"MED BAG\",\"MED BOX\",\"MED PKG\",\"MED PACK\"}'::bpchar[])) AND (p_size <= 10)) OR ((p_brand = 'Brand#25'::bpchar) AND (p_container = ANY ('{\"LG CASE\",\"LG BOX\",\"LG PACK\",\"LG PKG\"}'::bpchar[])) AND (p_size <= 15))))","Rows Removed by Filter": 66509,"Workers": []},{"Node Type": "Index Scan","Parent Relationship": "Inner","Parallel Aware": false,"Async Capable": false,"Scan Direction": "Forward","Index Name": "idx_lineitem_part_supp","Relation Name": "lineitem","Alias": "lineitem","Startup Cost": 0.43,"Total Cost": 123.32,"Plan Rows": 1,"Plan Width": 21,"Actual Startup Time": 0.242,"Actual Total Time": 0.277,"Actual Rows": 0,"Actual Loops": 474,"Index Cond": "(l_partkey = part.p_partkey)","Rows Removed by Index Recheck": 0,"Filter": "((l_shipmode = ANY ('{AIR,\"AIR REG\"}'::bpchar[])) AND (l_shipinstruct = 'DELIVER IN PERSON'::bpchar) AND (((l_quantity >= '1'::numeric) AND (l_quantity <= '11'::numeric)) OR ((l_quantity >= '18'::numeric) AND (l_quantity <= '28'::numeric)) OR ((l_quantity >= '25'::numeric) AND (l_quantity <= '35'::numeric))) AND (((part.p_brand = 'Brand#32'::bpchar) AND (part.p_container = ANY ('{\"SM CASE\",\"SM BOX\",\"SM PACK\",\"SM PKG\"}'::bpchar[])) AND (l_quantity >= '1'::numeric) AND (l_quantity <= '11'::numeric) AND (part.p_size <= 5)) OR ((part.p_brand = 'Brand#52'::bpchar) AND (part.p_container = ANY ('{\"MED BAG\",\"MED BOX\",\"MED PKG\",\"MED PACK\"}'::bpchar[])) AND (l_quantity >= '18'::numeric) AND (l_quantity <= '28'::numeric) AND (part.p_size <= 10)) OR ((part.p_brand = 'Brand#25'::bpchar) AND (part.p_container = ANY ('{\"LG CASE\",\"LG BOX\",\"LG PACK\",\"LG PKG\"}'::bpchar[])) AND (l_quantity >= '25'::numeric) AND (l_quantity <= '35'::numeric) AND (part.p_size <= 15))))","Rows Removed by Filter": 29,"Workers": []}]}]}]}]},"Planning Time": 6.271,"Triggers": [],"Execution Time": 100.102}]
[{"Plan": {"Node Type": "Aggregate","Strategy": "Plain","Partial Mode": "Finalize","Parallel Aware": false,"Async Capable": false,"Startup Cost": 33737.00,"Total Cost": 33737.01,"Plan Rows": 1,"Plan Width": 32,"Actual Startup Time": 86.528,"Actual Total Time": 102.891,"Actual Rows": 1,"Actual Loops": 1,"Plans": [{"Node Type": "Gather","Parent Relationship": "Outer","Parallel Aware": false,"Async Capable": false,"Startup Cost": 33736.78,"Total Cost": 33736.99,"Plan Rows": 2,"Plan Width": 32,"Actual Startup Time": 86.465,"Actual Total Time": 102.872,"Actual Rows": 3,"Actual Loops": 1,"Workers Planned": 2,"Workers Launched": 2,"Single Copy": false,"Plans": [{"Node Type": "Aggregate","Strategy": "Plain","Partial Mode": "Partial","Parent Relationship": "Outer","Parallel Aware": false,"Async Capable": false,"Startup Cost": 32736.78,"Total Cost": 32736.79,"Plan Rows": 1,"Plan Width": 32,"Actual Startup Time": 79.732,"Actual Total Time": 79.734,"Actual Rows": 1,"Actual Loops": 3,"Workers": [],"Plans": [{"Node Type": "Nested Loop","Parent Relationship": "Outer","Parallel Aware": false,"Async Capable": false,"Join Type": "Inner","Startup Cost": 0.43,"Total Cost": 32736.42,"Plan Rows": 48,"Plan Width": 12,"Actual Startup Time": 2.281,"Actual Total Time": 79.687,"Actual Rows": 42,"Actual Loops": 3,"Inner Unique": false,"Workers": [],"Plans": [{"Node Type": "Seq Scan","Parent Relationship": "Outer","Parallel Aware": true,"Async Capable": false,"Relation Name": "part","Alias": "part","Startup Cost": 0.00,"Total Cost": 7638.67,"Plan Rows": 204,"Plan Width": 30,"Actual Startup Time": 0.915,"Actual Total Time": 35.067,"Actual Rows": 167,"Actual Loops": 3,"Filter": "((p_size >= 1) AND (((p_brand = 'Brand#55'::bpchar) AND (p_container = ANY ('{\"SM CASE\",\"SM BOX\",\"SM PACK\",\"SM PKG\"}'::bpchar[])) AND (p_size <= 5)) OR ((p_brand = 'Brand#31'::bpchar) AND (p_container = ANY ('{\"MED BAG\",\"MED BOX\",\"MED PKG\",\"MED PACK\"}'::bpchar[])) AND (p_size <= 10)) OR ((p_brand = 'Brand#35'::bpchar) AND (p_container = ANY ('{\"LG CASE\",\"LG BOX\",\"LG PACK\",\"LG PKG\"}'::bpchar[])) AND (p_size <= 15))))","Rows Removed by Filter": 66499,"Workers": []},{"Node Type": "Index Scan","Parent Relationship": "Inner","Parallel Aware": false,"Async Capable": false,"Scan Direction": "Forward","Index Name": "idx_lineitem_part_supp","Relation Name": "lineitem","Alias": "lineitem","Startup Cost": 0.43,"Total Cost": 123.02,"Plan Rows": 1,"Plan Width": 21,"Actual Startup Time": 0.230,"Actual Total Time": 0.266,"Actual Rows": 0,"Actual Loops": 502,"Index Cond": "(l_partkey = part.p_partkey)","Rows Removed by Index Recheck": 0,"Filter": "((l_shipmode = ANY ('{AIR,\"AIR REG\"}'::bpchar[])) AND (l_shipinstruct = 'DELIVER IN PERSON'::bpchar) AND (((l_quantity >= '8'::numeric) AND (l_quantity <= '18'::numeric)) OR ((l_quantity >= '17'::numeric) AND (l_quantity <= '27'::numeric)) OR ((l_quantity >= '25'::numeric) AND (l_quantity <= '35'::numeric))) AND (((part.p_brand = 'Brand#55'::bpchar) AND (part.p_container = ANY ('{\"SM CASE\",\"SM BOX\",\"SM PACK\",\"SM PKG\"}'::bpchar[])) AND (l_quantity >= '8'::numeric) AND (l_quantity <= '18'::numeric) AND (part.p_size <= 5)) OR ((part.p_brand = 'Brand#31'::bpchar) AND (part.p_container = ANY ('{\"MED BAG\",\"MED BOX\",\"MED PKG\",\"MED PACK\"}'::bpchar[])) AND (l_quantity >= '17'::numeric) AND (l_quantity <= '27'::numeric) AND (part.p_size <= 10)) OR ((part.p_brand = 'Brand#35'::bpchar) AND (part.p_container = ANY ('{\"LG CASE\",\"LG BOX\",\"LG PACK\",\"LG PKG\"}'::bpchar[])) AND (l_quantity >= '25'::numeric) AND (l_quantity <= '35'::numeric) AND (part.p_size <= 15))))","Rows Removed by Filter": 30,"Workers": []}]}]}]}]},"Planning Time": 6.629,"Triggers": [],"Execution Time": 103.067}]
[{"Plan": {"Node Type": "Aggregate","Strategy": "Plain","Partial Mode": "Finalize","Parallel Aware": false,"Async Capable": false,"Startup Cost": 33971.41,"Total Cost": 33971.42,"Plan Rows": 1,"Plan Width": 32,"Actual Startup Time": 79.777,"Actual Total Time": 95.215,"Actual Rows": 1,"Actual Loops": 1,"Plans": [{"Node Type": "Gather","Parent Relationship": "Outer","Parallel Aware": false,"Async Capable": false,"Startup Cost": 33971.19,"Total Cost": 33971.40,"Plan Rows": 2,"Plan Width": 32,"Actual Startup Time": 79.653,"Actual Total Time": 95.193,"Actual Rows": 3,"Actual Loops": 1,"Workers Planned": 2,"Workers Launched": 2,"Single Copy": false,"Plans": [{"Node Type": "Aggregate","Strategy": "Plain","Partial Mode": "Partial","Parent Relationship": "Outer","Parallel Aware": false,"Async Capable": false,"Startup Cost": 32971.19,"Total Cost": 32971.20,"Plan Rows": 1,"Plan Width": 32,"Actual Startup Time": 73.465,"Actual Total Time": 73.468,"Actual Rows": 1,"Actual Loops": 3,"Workers": [],"Plans": [{"Node Type": "Nested Loop","Parent Relationship": "Outer","Parallel Aware": false,"Async Capable": false,"Join Type": "Inner","Startup Cost": 0.43,"Total Cost": 32970.83,"Plan Rows": 48,"Plan Width": 12,"Actual Startup Time": 5.265,"Actual Total Time": 73.426,"Actual Rows": 36,"Actual Loops": 3,"Inner Unique": false,"Workers": [],"Plans": [{"Node Type": "Seq Scan","Parent Relationship": "Outer","Parallel Aware": true,"Async Capable": false,"Relation Name": "part","Alias": "part","Startup Cost": 0.00,"Total Cost": 7638.67,"Plan Rows": 206,"Plan Width": 30,"Actual Startup Time": 0.517,"Actual Total Time": 30.922,"Actual Rows": 165,"Actual Loops": 3,"Filter": "((p_size >= 1) AND (((p_brand = 'Brand#33'::bpchar) AND (p_container = ANY ('{\"SM CASE\",\"SM BOX\",\"SM PACK\",\"SM PKG\"}'::bpchar[])) AND (p_size <= 5)) OR ((p_brand = 'Brand#55'::bpchar) AND (p_container = ANY ('{\"MED BAG\",\"MED BOX\",\"MED PKG\",\"MED PACK\"}'::bpchar[])) AND (p_size <= 10)) OR ((p_brand = 'Brand#34'::bpchar) AND (p_container = ANY ('{\"LG CASE\",\"LG BOX\",\"LG PACK\",\"LG PKG\"}'::bpchar[])) AND (p_size <= 15))))","Rows Removed by Filter": 66502,"Workers": []},{"Node Type": "Index Scan","Parent Relationship": "Inner","Parallel Aware": false,"Async Capable": false,"Scan Direction": "Forward","Index Name": "idx_lineitem_part_supp","Relation Name": "lineitem","Alias": "lineitem","Startup Cost": 0.43,"Total Cost": 122.96,"Plan Rows": 1,"Plan Width": 21,"Actual Startup Time": 0.232,"Actual Total Time": 0.257,"Actual Rows": 0,"Actual Loops": 495,"Index Cond": "(l_partkey = part.p_partkey)","Rows Removed by Index Recheck": 0,"Filter": "((l_shipmode = ANY ('{AIR,\"AIR REG\"}'::bpchar[])) AND (l_shipinstruct = 'DELIVER IN PERSON'::bpchar) AND (((l_quantity >= '2'::numeric) AND (l_quantity <= '12'::numeric)) OR ((l_quantity >= '14'::numeric) AND (l_quantity <= '24'::numeric)) OR ((l_quantity >= '27'::numeric) AND (l_quantity <= '37'::numeric))) AND (((part.p_brand = 'Brand#33'::bpchar) AND (part.p_container = ANY ('{\"SM CASE\",\"SM BOX\",\"SM PACK\",\"SM PKG\"}'::bpchar[])) AND (l_quantity >= '2'::numeric) AND (l_quantity <= '12'::numeric) AND (part.p_size <= 5)) OR ((part.p_brand = 'Brand#55'::bpchar) AND (part.p_container = ANY ('{\"MED BAG\",\"MED BOX\",\"MED PKG\",\"MED PACK\"}'::bpchar[])) AND (l_quantity >= '14'::numeric) AND (l_quantity <= '24'::numeric) AND (part.p_size <= 10)) OR ((part.p_brand = 'Brand#34'::bpchar) AND (part.p_container = ANY ('{\"LG CASE\",\"LG BOX\",\"LG PACK\",\"LG PKG\"}'::bpchar[])) AND (l_quantity >= '27'::numeric) AND (l_quantity <= '37'::numeric) AND (part.p_size <= 15))))","Rows Removed by Filter": 29,"Workers": []}]}]}]}]},"Planning Time": 6.926,"Triggers": [],"Execution Time": 95.442}]
[{"Plan": {"Node Type": "Aggregate","Strategy": "Plain","Partial Mode": "Finalize","Parallel Aware": false,"Async Capable": false,"Startup Cost": 33627.04,"Total Cost": 33627.05,"Plan Rows": 1,"Plan Width": 32,"Actual Startup Time": 81.908,"Actual Total Time": 96.994,"Actual Rows": 1,"Actual Loops": 1,"Plans": [{"Node Type": "Gather","Parent Relationship": "Outer","Parallel Aware": false,"Async Capable": false,"Startup Cost": 33626.82,"Total Cost": 33627.03,"Plan Rows": 2,"Plan Width": 32,"Actual Startup Time": 81.877,"Actual Total Time": 96.971,"Actual Rows": 3,"Actual Loops": 1,"Workers Planned": 2,"Workers Launched": 2,"Single Copy": false,"Plans": [{"Node Type": "Aggregate","Strategy": "Plain","Partial Mode": "Partial","Parent Relationship": "Outer","Parallel Aware": false,"Async Capable": false,"Startup Cost": 32626.82,"Total Cost": 32626.83,"Plan Rows": 1,"Plan Width": 32,"Actual Startup Time": 75.177,"Actual Total Time": 75.180,"Actual Rows": 1,"Actual Loops": 3,"Workers": [],"Plans": [{"Node Type": "Nested Loop","Parent Relationship": "Outer","Parallel Aware": false,"Async Capable": false,"Join Type": "Inner","Startup Cost": 0.43,"Total Cost": 32626.46,"Plan Rows": 48,"Plan Width": 12,"Actual Startup Time": 8.073,"Actual Total Time": 75.134,"Actual Rows": 37,"Actual Loops": 3,"Inner Unique": false,"Workers": [],"Plans": [{"Node Type": "Seq Scan","Parent Relationship": "Outer","Parallel Aware": true,"Async Capable": false,"Relation Name": "part","Alias": "part","Startup Cost": 0.00,"Total Cost": 7638.67,"Plan Rows": 203,"Plan Width": 30,"Actual Startup Time": 0.414,"Actual Total Time": 33.356,"Actual Rows": 157,"Actual Loops": 3,"Filter": "((p_size >= 1) AND (((p_brand = 'Brand#54'::bpchar) AND (p_container = ANY ('{\"SM CASE\",\"SM BOX\",\"SM PACK\",\"SM PKG\"}'::bpchar[])) AND (p_size <= 5)) OR ((p_brand = 'Brand#34'::bpchar) AND (p_container = ANY ('{\"MED BAG\",\"MED BOX\",\"MED PKG\",\"MED PACK\"}'::bpchar[])) AND (p_size <= 10)) OR ((p_brand = 'Brand#34'::bpchar) AND (p_container = ANY ('{\"LG CASE\",\"LG BOX\",\"LG PACK\",\"LG PKG\"}'::bpchar[])) AND (p_size <= 15))))","Rows Removed by Filter": 66510,"Workers": []},{"Node Type": "Index Scan","Parent Relationship": "Inner","Parallel Aware": false,"Async Capable": false,"Scan Direction": "Forward","Index Name": "idx_lineitem_part_supp","Relation Name": "lineitem","Alias": "lineitem","Startup Cost": 0.43,"Total Cost": 123.08,"Plan Rows": 1,"Plan Width": 21,"Actual Startup Time": 0.239,"Actual Total Time": 0.266,"Actual Rows": 0,"Actual Loops": 470,"Index Cond": "(l_partkey = part.p_partkey)","Rows Removed by Index Recheck": 0,"Filter": "((l_shipmode = ANY ('{AIR,\"AIR REG\"}'::bpchar[])) AND (l_shipinstruct = 'DELIVER IN PERSON'::bpchar) AND (((l_quantity >= '6'::numeric) AND (l_quantity <= '16'::numeric)) OR ((l_quantity >= '16'::numeric) AND (l_quantity <= '26'::numeric)) OR ((l_quantity >= '29'::numeric) AND (l_quantity <= '39'::numeric))) AND (((part.p_brand = 'Brand#54'::bpchar) AND (part.p_container = ANY ('{\"SM CASE\",\"SM BOX\",\"SM PACK\",\"SM PKG\"}'::bpchar[])) AND (l_quantity >= '6'::numeric) AND (l_quantity <= '16'::numeric) AND (part.p_size <= 5)) OR ((part.p_brand = 'Brand#34'::bpchar) AND (part.p_container = ANY ('{\"MED BAG\",\"MED BOX\",\"MED PKG\",\"MED PACK\"}'::bpchar[])) AND (l_quantity >= '16'::numeric) AND (l_quantity <= '26'::numeric) AND (part.p_size <= 10)) OR ((part.p_brand = 'Brand#34'::bpchar) AND (part.p_container = ANY ('{\"LG CASE\",\"LG BOX\",\"LG PACK\",\"LG PKG\"}'::bpchar[])) AND (l_quantity >= '29'::numeric) AND (l_quantity <= '39'::numeric) AND (part.p_size <= 15))))","Rows Removed by Filter": 29,"Workers": []}]}]}]}]},"Planning Time": 5.982,"Triggers": [],"Execution Time": 97.162}]
[{"Plan": {"Node Type": "Aggregate","Strategy": "Plain","Partial Mode": "Finalize","Parallel Aware": false,"Async Capable": false,"Startup Cost": 33627.02,"Total Cost": 33627.03,"Plan Rows": 1,"Plan Width": 32,"Actual Startup Time": 80.505,"Actual Total Time": 94.329,"Actual Rows": 1,"Actual Loops": 1,"Plans": [{"Node Type": "Gather","Parent Relationship": "Outer","Parallel Aware": false,"Async Capable": false,"Startup Cost": 33626.80,"Total Cost": 33627.01,"Plan Rows": 2,"Plan Width": 32,"Actual Startup Time": 79.980,"Actual Total Time": 94.296,"Actual Rows": 3,"Actual Loops": 1,"Workers Planned": 2,"Workers Launched": 2,"Single Copy": false,"Plans": [{"Node Type": "Aggregate","Strategy": "Plain","Partial Mode": "Partial","Parent Relationship": "Outer","Parallel Aware": false,"Async Capable": false,"Startup Cost": 32626.80,"Total Cost": 32626.81,"Plan Rows": 1,"Plan Width": 32,"Actual Startup Time": 73.365,"Actual Total Time": 73.370,"Actual Rows": 1,"Actual Loops": 3,"Workers": [],"Plans": [{"Node Type": "Nested Loop","Parent Relationship": "Outer","Parallel Aware": false,"Async Capable": false,"Join Type": "Inner","Startup Cost": 0.43,"Total Cost": 32626.45,"Plan Rows": 47,"Plan Width": 12,"Actual Startup Time": 2.235,"Actual Total Time": 73.321,"Actual Rows": 32,"Actual Loops": 3,"Inner Unique": false,"Workers": [],"Plans": [{"Node Type": "Seq Scan","Parent Relationship": "Outer","Parallel Aware": true,"Async Capable": false,"Relation Name": "part","Alias": "part","Startup Cost": 0.00,"Total Cost": 7638.67,"Plan Rows": 203,"Plan Width": 30,"Actual Startup Time": 0.301,"Actual Total Time": 31.896,"Actual Rows": 155,"Actual Loops": 3,"Filter": "((p_size >= 1) AND (((p_brand = 'Brand#22'::bpchar) AND (p_container = ANY ('{\"SM CASE\",\"SM BOX\",\"SM PACK\",\"SM PKG\"}'::bpchar[])) AND (p_size <= 5)) OR ((p_brand = 'Brand#41'::bpchar) AND (p_container = ANY ('{\"MED BAG\",\"MED BOX\",\"MED PKG\",\"MED PACK\"}'::bpchar[])) AND (p_size <= 10)) OR ((p_brand = 'Brand#51'::bpchar) AND (p_container = ANY ('{\"LG CASE\",\"LG BOX\",\"LG PACK\",\"LG PKG\"}'::bpchar[])) AND (p_size <= 15))))","Rows Removed by Filter": 66512,"Workers": []},{"Node Type": "Index Scan","Parent Relationship": "Inner","Parallel Aware": false,"Async Capable": false,"Scan Direction": "Forward","Index Name": "idx_lineitem_part_supp","Relation Name": "lineitem","Alias": "lineitem","Startup Cost": 0.43,"Total Cost": 123.08,"Plan Rows": 1,"Plan Width": 21,"Actual Startup Time": 0.241,"Actual Total Time": 0.267,"Actual Rows": 0,"Actual Loops": 465,"Index Cond": "(l_partkey = part.p_partkey)","Rows Removed by Index Recheck": 0,"Filter": "((l_shipmode = ANY ('{AIR,\"AIR REG\"}'::bpchar[])) AND (l_shipinstruct = 'DELIVER IN PERSON'::bpchar) AND (((l_quantity >= '9'::numeric) AND (l_quantity <= '19'::numeric)) OR ((l_quantity >= '14'::numeric) AND (l_quantity <= '24'::numeric)) OR ((l_quantity >= '26'::numeric) AND (l_quantity <= '36'::numeric))) AND (((part.p_brand = 'Brand#22'::bpchar) AND (part.p_container = ANY ('{\"SM CASE\",\"SM BOX\",\"SM PACK\",\"SM PKG\"}'::bpchar[])) AND (l_quantity >= '9'::numeric) AND (l_quantity <= '19'::numeric) AND (part.p_size <= 5)) OR ((part.p_brand = 'Brand#41'::bpchar) AND (part.p_container = ANY ('{\"MED BAG\",\"MED BOX\",\"MED PKG\",\"MED PACK\"}'::bpchar[])) AND (l_quantity >= '14'::numeric) AND (l_quantity <= '24'::numeric) AND (part.p_size <= 10)) OR ((part.p_brand = 'Brand#51'::bpchar) AND (part.p_container = ANY ('{\"LG CASE\",\"LG BOX\",\"LG PACK\",\"LG PKG\"}'::bpchar[])) AND (l_quantity >= '26'::numeric) AND (l_quantity <= '36'::numeric) AND (part.p_size <= 15))))","Rows Removed by Filter": 30,"Workers": []}]}]}]}]},"Planning Time": 5.613,"Triggers": [],"Execution Time": 94.523}]
[{"Plan": {"Node Type": "Aggregate","Strategy": "Plain","Partial Mode": "Finalize","Parallel Aware": false,"Async Capable": false,"Startup Cost": 33628.49,"Total Cost": 33628.50,"Plan Rows": 1,"Plan Width": 32,"Actual Startup Time": 85.185,"Actual Total Time": 100.294,"Actual Rows": 1,"Actual Loops": 1,"Plans": [{"Node Type": "Gather","Parent Relationship": "Outer","Parallel Aware": false,"Async Capable": false,"Startup Cost": 33628.27,"Total Cost": 33628.48,"Plan Rows": 2,"Plan Width": 32,"Actual Startup Time": 85.070,"Actual Total Time": 100.254,"Actual Rows": 3,"Actual Loops": 1,"Workers Planned": 2,"Workers Launched": 2,"Single Copy": false,"Plans": [{"Node Type": "Aggregate","Strategy": "Plain","Partial Mode": "Partial","Parent Relationship": "Outer","Parallel Aware": false,"Async Capable": false,"Startup Cost": 32628.27,"Total Cost": 32628.28,"Plan Rows": 1,"Plan Width": 32,"Actual Startup Time": 78.637,"Actual Total Time": 78.640,"Actual Rows": 1,"Actual Loops": 3,"Workers": [],"Plans": [{"Node Type": "Nested Loop","Parent Relationship": "Outer","Parallel Aware": false,"Async Capable": false,"Join Type": "Inner","Startup Cost": 0.43,"Total Cost": 32627.91,"Plan Rows": 47,"Plan Width": 12,"Actual Startup Time": 4.402,"Actual Total Time": 78.589,"Actual Rows": 38,"Actual Loops": 3,"Inner Unique": false,"Workers": [],"Plans": [{"Node Type": "Seq Scan","Parent Relationship": "Outer","Parallel Aware": true,"Async Capable": false,"Relation Name": "part","Alias": "part","Startup Cost": 0.00,"Total Cost": 7638.67,"Plan Rows": 203,"Plan Width": 30,"Actual Startup Time": 0.599,"Actual Total Time": 34.082,"Actual Rows": 159,"Actual Loops": 3,"Filter": "((p_size >= 1) AND (((p_brand = 'Brand#24'::bpchar) AND (p_container = ANY ('{\"SM CASE\",\"SM BOX\",\"SM PACK\",\"SM PKG\"}'::bpchar[])) AND (p_size <= 5)) OR ((p_brand = 'Brand#25'::bpchar) AND (p_container = ANY ('{\"MED BAG\",\"MED BOX\",\"MED PKG\",\"MED PACK\"}'::bpchar[])) AND (p_size <= 10)) OR ((p_brand = 'Brand#21'::bpchar) AND (p_container = ANY ('{\"LG CASE\",\"LG BOX\",\"LG PACK\",\"LG PKG\"}'::bpchar[])) AND (p_size <= 15))))","Rows Removed by Filter": 66508,"Workers": []},{"Node Type": "Index Scan","Parent Relationship": "Inner","Parallel Aware": false,"Async Capable": false,"Scan Direction": "Forward","Index Name": "idx_lineitem_part_supp","Relation Name": "lineitem","Alias": "lineitem","Startup Cost": 0.43,"Total Cost": 123.09,"Plan Rows": 1,"Plan Width": 21,"Actual Startup Time": 0.248,"Actual Total Time": 0.279,"Actual Rows": 0,"Actual Loops": 477,"Index Cond": "(l_partkey = part.p_partkey)","Rows Removed by Index Recheck": 0,"Filter": "((l_shipmode = ANY ('{AIR,\"AIR REG\"}'::bpchar[])) AND (l_shipinstruct = 'DELIVER IN PERSON'::bpchar) AND (((l_quantity >= '2'::numeric) AND (l_quantity <= '12'::numeric)) OR ((l_quantity >= '19'::numeric) AND (l_quantity <= '29'::numeric)) OR ((l_quantity >= '27'::numeric) AND (l_quantity <= '37'::numeric))) AND (((part.p_brand = 'Brand#24'::bpchar) AND (part.p_container = ANY ('{\"SM CASE\",\"SM BOX\",\"SM PACK\",\"SM PKG\"}'::bpchar[])) AND (l_quantity >= '2'::numeric) AND (l_quantity <= '12'::numeric) AND (part.p_size <= 5)) OR ((part.p_brand = 'Brand#25'::bpchar) AND (part.p_container = ANY ('{\"MED BAG\",\"MED BOX\",\"MED PKG\",\"MED PACK\"}'::bpchar[])) AND (l_quantity >= '19'::numeric) AND (l_quantity <= '29'::numeric) AND (part.p_size <= 10)) OR ((part.p_brand = 'Brand#21'::bpchar) AND (part.p_container = ANY ('{\"LG CASE\",\"LG BOX\",\"LG PACK\",\"LG PKG\"}'::bpchar[])) AND (l_quantity >= '27'::numeric) AND (l_quantity <= '37'::numeric) AND (part.p_size <= 15))))","Rows Removed by Filter": 30,"Workers": []}]}]}]}]},"Planning Time": 5.329,"Triggers": [],"Execution Time": 100.493}]
[{"Plan": {"Node Type": "Aggregate","Strategy": "Plain","Partial Mode": "Finalize","Parallel Aware": false,"Async Capable": false,"Startup Cost": 33856.52,"Total Cost": 33856.53,"Plan Rows": 1,"Plan Width": 32,"Actual Startup Time": 84.604,"Actual Total Time": 99.774,"Actual Rows": 1,"Actual Loops": 1,"Plans": [{"Node Type": "Gather","Parent Relationship": "Outer","Parallel Aware": false,"Async Capable": false,"Startup Cost": 33856.30,"Total Cost": 33856.51,"Plan Rows": 2,"Plan Width": 32,"Actual Startup Time": 84.488,"Actual Total Time": 99.753,"Actual Rows": 3,"Actual Loops": 1,"Workers Planned": 2,"Workers Launched": 2,"Single Copy": false,"Plans": [{"Node Type": "Aggregate","Strategy": "Plain","Partial Mode": "Partial","Parent Relationship": "Outer","Parallel Aware": false,"Async Capable": false,"Startup Cost": 32856.30,"Total Cost": 32856.31,"Plan Rows": 1,"Plan Width": 32,"Actual Startup Time": 78.207,"Actual Total Time": 78.209,"Actual Rows": 1,"Actual Loops": 3,"Workers": [],"Plans": [{"Node Type": "Nested Loop","Parent Relationship": "Outer","Parallel Aware": false,"Async Capable": false,"Join Type": "Inner","Startup Cost": 0.43,"Total Cost": 32855.94,"Plan Rows": 48,"Plan Width": 12,"Actual Startup Time": 3.442,"Actual Total Time": 78.168,"Actual Rows": 38,"Actual Loops": 3,"Inner Unique": false,"Workers": [],"Plans": [{"Node Type": "Seq Scan","Parent Relationship": "Outer","Parallel Aware": true,"Async Capable": false,"Relation Name": "part","Alias": "part","Startup Cost": 0.00,"Total Cost": 7638.67,"Plan Rows": 205,"Plan Width": 30,"Actual Startup Time": 0.824,"Actual Total Time": 35.208,"Actual Rows": 155,"Actual Loops": 3,"Filter": "((p_size >= 1) AND (((p_brand = 'Brand#31'::bpchar) AND (p_container = ANY ('{\"SM CASE\",\"SM BOX\",\"SM PACK\",\"SM PKG\"}'::bpchar[])) AND (p_size <= 5)) OR ((p_brand = 'Brand#51'::bpchar) AND (p_container = ANY ('{\"MED BAG\",\"MED BOX\",\"MED PKG\",\"MED PACK\"}'::bpchar[])) AND (p_size <= 10)) OR ((p_brand = 'Brand#21'::bpchar) AND (p_container = ANY ('{\"LG CASE\",\"LG BOX\",\"LG PACK\",\"LG PKG\"}'::bpchar[])) AND (p_size <= 15))))","Rows Removed by Filter": 66512,"Workers": []},{"Node Type": "Index Scan","Parent Relationship": "Inner","Parallel Aware": false,"Async Capable": false,"Scan Direction": "Forward","Index Name": "idx_lineitem_part_supp","Relation Name": "lineitem","Alias": "lineitem","Startup Cost": 0.43,"Total Cost": 123.00,"Plan Rows": 1,"Plan Width": 21,"Actual Startup Time": 0.249,"Actual Total Time": 0.277,"Actual Rows": 0,"Actual Loops": 465,"Index Cond": "(l_partkey = part.p_partkey)","Rows Removed by Index Recheck": 0,"Filter": "((l_shipmode = ANY ('{AIR,\"AIR REG\"}'::bpchar[])) AND (l_shipinstruct = 'DELIVER IN PERSON'::bpchar) AND (((l_quantity >= '4'::numeric) AND (l_quantity <= '14'::numeric)) OR ((l_quantity >= '13'::numeric) AND (l_quantity <= '23'::numeric)) OR ((l_quantity >= '29'::numeric) AND (l_quantity <= '39'::numeric))) AND (((part.p_brand = 'Brand#31'::bpchar) AND (part.p_container = ANY ('{\"SM CASE\",\"SM BOX\",\"SM PACK\",\"SM PKG\"}'::bpchar[])) AND (l_quantity >= '4'::numeric) AND (l_quantity <= '14'::numeric) AND (part.p_size <= 5)) OR ((part.p_brand = 'Brand#51'::bpchar) AND (part.p_container = ANY ('{\"MED BAG\",\"MED BOX\",\"MED PKG\",\"MED PACK\"}'::bpchar[])) AND (l_quantity >= '13'::numeric) AND (l_quantity <= '23'::numeric) AND (part.p_size <= 10)) OR ((part.p_brand = 'Brand#21'::bpchar) AND (part.p_container = ANY ('{\"LG CASE\",\"LG BOX\",\"LG PACK\",\"LG PKG\"}'::bpchar[])) AND (l_quantity >= '29'::numeric) AND (l_quantity <= '39'::numeric) AND (part.p_size <= 15))))","Rows Removed by Filter": 29,"Workers": []}]}]}]}]},"Planning Time": 6.185,"Triggers": [],"Execution Time": 99.946}]
[{"Plan": {"Node Type": "Aggregate","Strategy": "Plain","Partial Mode": "Finalize","Parallel Aware": false,"Async Capable": false,"Startup Cost": 33973.75,"Total Cost": 33973.76,"Plan Rows": 1,"Plan Width": 32,"Actual Startup Time": 81.443,"Actual Total Time": 96.203,"Actual Rows": 1,"Actual Loops": 1,"Plans": [{"Node Type": "Gather","Parent Relationship": "Outer","Parallel Aware": false,"Async Capable": false,"Startup Cost": 33973.52,"Total Cost": 33973.73,"Plan Rows": 2,"Plan Width": 32,"Actual Startup Time": 81.088,"Actual Total Time": 96.180,"Actual Rows": 3,"Actual Loops": 1,"Workers Planned": 2,"Workers Launched": 2,"Single Copy": false,"Plans": [{"Node Type": "Aggregate","Strategy": "Plain","Partial Mode": "Partial","Parent Relationship": "Outer","Parallel Aware": false,"Async Capable": false,"Startup Cost": 32973.52,"Total Cost": 32973.53,"Plan Rows": 1,"Plan Width": 32,"Actual Startup Time": 74.870,"Actual Total Time": 74.872,"Actual Rows": 1,"Actual Loops": 3,"Workers": [],"Plans": [{"Node Type": "Nested Loop","Parent Relationship": "Outer","Parallel Aware": false,"Async Capable": false,"Join Type": "Inner","Startup Cost": 0.43,"Total Cost": 32973.16,"Plan Rows": 48,"Plan Width": 12,"Actual Startup Time": 3.838,"Actual Total Time": 74.827,"Actual Rows": 37,"Actual Loops": 3,"Inner Unique": false,"Workers": [],"Plans": [{"Node Type": "Seq Scan","Parent Relationship": "Outer","Parallel Aware": true,"Async Capable": false,"Relation Name": "part","Alias": "part","Startup Cost": 0.00,"Total Cost": 7638.67,"Plan Rows": 206,"Plan Width": 30,"Actual Startup Time": 0.745,"Actual Total Time": 31.032,"Actual Rows": 166,"Actual Loops": 3,"Filter": "((p_size >= 1) AND (((p_brand = 'Brand#35'::bpchar) AND (p_container = ANY ('{\"SM CASE\",\"SM BOX\",\"SM PACK\",\"SM PKG\"}'::bpchar[])) AND (p_size <= 5)) OR ((p_brand = 'Brand#45'::bpchar) AND (p_container = ANY ('{\"MED BAG\",\"MED BOX\",\"MED PKG\",\"MED PACK\"}'::bpchar[])) AND (p_size <= 10)) OR ((p_brand = 'Brand#35'::bpchar) AND (p_container = ANY ('{\"LG CASE\",\"LG BOX\",\"LG PACK\",\"LG PKG\"}'::bpchar[])) AND (p_size <= 15))))","Rows Removed by Filter": 66501,"Workers": []},{"Node Type": "Index Scan","Parent Relationship": "Inner","Parallel Aware": false,"Async Capable": false,"Scan Direction": "Forward","Index Name": "idx_lineitem_part_supp","Relation Name": "lineitem","Alias": "lineitem","Startup Cost": 0.43,"Total Cost": 122.97,"Plan Rows": 1,"Plan Width": 21,"Actual Startup Time": 0.235,"Actual Total Time": 0.264,"Actual Rows": 0,"Actual Loops": 497,"Index Cond": "(l_partkey = part.p_partkey)","Rows Removed by Index Recheck": 0,"Filter": "((l_shipmode = ANY ('{AIR,\"AIR REG\"}'::bpchar[])) AND (l_shipinstruct = 'DELIVER IN PERSON'::bpchar) AND (((l_quantity >= '7'::numeric) AND (l_quantity <= '17'::numeric)) OR ((l_quantity >= '15'::numeric) AND (l_quantity <= '25'::numeric)) OR ((l_quantity >= '28'::numeric) AND (l_quantity <= '38'::numeric))) AND (((part.p_brand = 'Brand#35'::bpchar) AND (part.p_container = ANY ('{\"SM CASE\",\"SM BOX\",\"SM PACK\",\"SM PKG\"}'::bpchar[])) AND (l_quantity >= '7'::numeric) AND (l_quantity <= '17'::numeric) AND (part.p_size <= 5)) OR ((part.p_brand = 'Brand#45'::bpchar) AND (part.p_container = ANY ('{\"MED BAG\",\"MED BOX\",\"MED PKG\",\"MED PACK\"}'::bpchar[])) AND (l_quantity >= '15'::numeric) AND (l_quantity <= '25'::numeric) AND (part.p_size <= 10)) OR ((part.p_brand = 'Brand#35'::bpchar) AND (part.p_container = ANY ('{\"LG CASE\",\"LG BOX\",\"LG PACK\",\"LG PKG\"}'::bpchar[])) AND (l_quantity >= '28'::numeric) AND (l_quantity <= '38'::numeric) AND (part.p_size <= 15))))","Rows Removed by Filter": 30,"Workers": []}]}]}]}]},"Planning Time": 5.371,"Triggers": [],"Execution Time": 96.416}]
[{"Plan": {"Node Type": "Aggregate","Strategy": "Plain","Partial Mode": "Finalize","Parallel Aware": false,"Async Capable": false,"Startup Cost": 33391.74,"Total Cost": 33391.75,"Plan Rows": 1,"Plan Width": 32,"Actual Startup Time": 83.651,"Actual Total Time": 98.802,"Actual Rows": 1,"Actual Loops": 1,"Plans": [{"Node Type": "Gather","Parent Relationship": "Outer","Parallel Aware": false,"Async Capable": false,"Startup Cost": 33391.51,"Total Cost": 33391.72,"Plan Rows": 2,"Plan Width": 32,"Actual Startup Time": 83.406,"Actual Total Time": 98.776,"Actual Rows": 3,"Actual Loops": 1,"Workers Planned": 2,"Workers Launched": 2,"Single Copy": false,"Plans": [{"Node Type": "Aggregate","Strategy": "Plain","Partial Mode": "Partial","Parent Relationship": "Outer","Parallel Aware": false,"Async Capable": false,"Startup Cost": 32391.51,"Total Cost": 32391.52,"Plan Rows": 1,"Plan Width": 32,"Actual Startup Time": 76.886,"Actual Total Time": 76.888,"Actual Rows": 1,"Actual Loops": 3,"Workers": [],"Plans": [{"Node Type": "Nested Loop","Parent Relationship": "Outer","Parallel Aware": false,"Async Capable": false,"Join Type": "Inner","Startup Cost": 0.43,"Total Cost": 32391.16,"Plan Rows": 47,"Plan Width": 12,"Actual Startup Time": 2.214,"Actual Total Time": 76.838,"Actual Rows": 41,"Actual Loops": 3,"Inner Unique": false,"Workers": [],"Plans": [{"Node Type": "Seq Scan","Parent Relationship": "Outer","Parallel Aware": true,"Async Capable": false,"Relation Name": "part","Alias": "part","Startup Cost": 0.00,"Total Cost": 7638.67,"Plan Rows": 201,"Plan Width": 30,"Actual Startup Time": 0.388,"Actual Total Time": 31.990,"Actual Rows": 173,"Actual Loops": 3,"Filter": "((p_size >= 1) AND (((p_brand = 'Brand#24'::bpchar) AND (p_container = ANY ('{\"SM CASE\",\"SM BOX\",\"SM PACK\",\"SM PKG\"}'::bpchar[])) AND (p_size <= 5)) OR ((p_brand = 'Brand#43'::bpchar) AND (p_container = ANY ('{\"MED BAG\",\"MED BOX\",\"MED PKG\",\"MED PACK\"}'::bpchar[])) AND (p_size <= 10)) OR ((p_brand = 'Brand#53'::bpchar) AND (p_container = ANY ('{\"LG CASE\",\"LG BOX\",\"LG PACK\",\"LG PKG\"}'::bpchar[])) AND (p_size <= 15))))","Rows Removed by Filter": 66494,"Workers": []},{"Node Type": "Index Scan","Parent Relationship": "Inner","Parallel Aware": false,"Async Capable": false,"Scan Direction": "Forward","Index Name": "idx_lineitem_part_supp","Relation Name": "lineitem","Alias": "lineitem","Startup Cost": 0.43,"Total Cost": 123.14,"Plan Rows": 1,"Plan Width": 21,"Actual Startup Time": 0.232,"Actual Total Time": 0.259,"Actual Rows": 0,"Actual Loops": 519,"Index Cond": "(l_partkey = part.p_partkey)","Rows Removed by Index Recheck": 0,"Filter": "((l_shipmode = ANY ('{AIR,\"AIR REG\"}'::bpchar[])) AND (l_shipinstruct = 'DELIVER IN PERSON'::bpchar) AND (((l_quantity >= '10'::numeric) AND (l_quantity <= '20'::numeric)) OR ((l_quantity >= '15'::numeric) AND (l_quantity <= '25'::numeric)) OR ((l_quantity >= '20'::numeric) AND (l_quantity <= '30'::numeric))) AND (((part.p_brand = 'Brand#24'::bpchar) AND (part.p_container = ANY ('{\"SM CASE\",\"SM BOX\",\"SM PACK\",\"SM PKG\"}'::bpchar[])) AND (l_quantity >= '10'::numeric) AND (l_quantity <= '20'::numeric) AND (part.p_size <= 5)) OR ((part.p_brand = 'Brand#43'::bpchar) AND (part.p_container = ANY ('{\"MED BAG\",\"MED BOX\",\"MED PKG\",\"MED PACK\"}'::bpchar[])) AND (l_quantity >= '15'::numeric) AND (l_quantity <= '25'::numeric) AND (part.p_size <= 10)) OR ((part.p_brand = 'Brand#53'::bpchar) AND (part.p_container = ANY ('{\"LG CASE\",\"LG BOX\",\"LG PACK\",\"LG PKG\"}'::bpchar[])) AND (l_quantity >= '20'::numeric) AND (l_quantity <= '30'::numeric) AND (part.p_size <= 15))))","Rows Removed by Filter": 30,"Workers": []}]}]}]}]},"Planning Time": 5.320,"Triggers": [],"Execution Time": 98.977}]
[{"Plan": {"Node Type": "Aggregate","Strategy": "Plain","Partial Mode": "Finalize","Parallel Aware": false,"Async Capable": false,"Startup Cost": 33972.79,"Total Cost": 33972.80,"Plan Rows": 1,"Plan Width": 32,"Actual Startup Time": 79.591,"Actual Total Time": 94.089,"Actual Rows": 1,"Actual Loops": 1,"Plans": [{"Node Type": "Gather","Parent Relationship": "Outer","Parallel Aware": false,"Async Capable": false,"Startup Cost": 33972.57,"Total Cost": 33972.78,"Plan Rows": 2,"Plan Width": 32,"Actual Startup Time": 79.324,"Actual Total Time": 94.061,"Actual Rows": 3,"Actual Loops": 1,"Workers Planned": 2,"Workers Launched": 2,"Single Copy": false,"Plans": [{"Node Type": "Aggregate","Strategy": "Plain","Partial Mode": "Partial","Parent Relationship": "Outer","Parallel Aware": false,"Async Capable": false,"Startup Cost": 32972.57,"Total Cost": 32972.58,"Plan Rows": 1,"Plan Width": 32,"Actual Startup Time": 72.952,"Actual Total Time": 72.956,"Actual Rows": 1,"Actual Loops": 3,"Workers": [],"Plans": [{"Node Type": "Nested Loop","Parent Relationship": "Outer","Parallel Aware": false,"Async Capable": false,"Join Type": "Inner","Startup Cost": 0.43,"Total Cost": 32972.20,"Plan Rows": 48,"Plan Width": 12,"Actual Startup Time": 3.022,"Actual Total Time": 72.916,"Actual Rows": 35,"Actual Loops": 3,"Inner Unique": false,"Workers": [],"Plans": [{"Node Type": "Seq Scan","Parent Relationship": "Outer","Parallel Aware": true,"Async Capable": false,"Relation Name": "part","Alias": "part","Startup Cost": 0.00,"Total Cost": 7638.67,"Plan Rows": 206,"Plan Width": 30,"Actual Startup Time": 0.494,"Actual Total Time": 31.507,"Actual Rows": 157,"Actual Loops": 3,"Filter": "((p_size >= 1) AND (((p_brand = 'Brand#24'::bpchar) AND (p_container = ANY ('{\"SM CASE\",\"SM BOX\",\"SM PACK\",\"SM PKG\"}'::bpchar[])) AND (p_size <= 5)) OR ((p_brand = 'Brand#21'::bpchar) AND (p_container = ANY ('{\"MED BAG\",\"MED BOX\",\"MED PKG\",\"MED PACK\"}'::bpchar[])) AND (p_size <= 10)) OR ((p_brand = 'Brand#14'::bpchar) AND (p_container = ANY ('{\"LG CASE\",\"LG BOX\",\"LG PACK\",\"LG PKG\"}'::bpchar[])) AND (p_size <= 15))))","Rows Removed by Filter": 66510,"Workers": []},{"Node Type": "Index Scan","Parent Relationship": "Inner","Parallel Aware": false,"Async Capable": false,"Scan Direction": "Forward","Index Name": "idx_lineitem_part_supp","Relation Name": "lineitem","Alias": "lineitem","Startup Cost": 0.43,"Total Cost": 122.97,"Plan Rows": 1,"Plan Width": 21,"Actual Startup Time": 0.236,"Actual Total Time": 0.263,"Actual Rows": 0,"Actual Loops": 471,"Index Cond": "(l_partkey = part.p_partkey)","Rows Removed by Index Recheck": 0,"Filter": "((l_shipmode = ANY ('{AIR,\"AIR REG\"}'::bpchar[])) AND (l_shipinstruct = 'DELIVER IN PERSON'::bpchar) AND (((l_quantity >= '10'::numeric) AND (l_quantity <= '20'::numeric)) OR ((l_quantity >= '18'::numeric) AND (l_quantity <= '28'::numeric)) OR ((l_quantity >= '25'::numeric) AND (l_quantity <= '35'::numeric))) AND (((part.p_brand = 'Brand#24'::bpchar) AND (part.p_container = ANY ('{\"SM CASE\",\"SM BOX\",\"SM PACK\",\"SM PKG\"}'::bpchar[])) AND (l_quantity >= '10'::numeric) AND (l_quantity <= '20'::numeric) AND (part.p_size <= 5)) OR ((part.p_brand = 'Brand#21'::bpchar) AND (part.p_container = ANY ('{\"MED BAG\",\"MED BOX\",\"MED PKG\",\"MED PACK\"}'::bpchar[])) AND (l_quantity >= '18'::numeric) AND (l_quantity <= '28'::numeric) AND (part.p_size <= 10)) OR ((part.p_brand = 'Brand#14'::bpchar) AND (part.p_container = ANY ('{\"LG CASE\",\"LG BOX\",\"LG PACK\",\"LG PKG\"}'::bpchar[])) AND (l_quantity >= '25'::numeric) AND (l_quantity <= '35'::numeric) AND (part.p_size <= 15))))","Rows Removed by Filter": 30,"Workers": []}]}]}]}]},"Planning Time": 6.531,"Triggers": [],"Execution Time": 94.290}]
[{"Plan": {"Node Type": "Aggregate","Strategy": "Plain","Partial Mode": "Finalize","Parallel Aware": false,"Async Capable": false,"Startup Cost": 33969.36,"Total Cost": 33969.37,"Plan Rows": 1,"Plan Width": 32,"Actual Startup Time": 80.417,"Actual Total Time": 95.519,"Actual Rows": 1,"Actual Loops": 1,"Plans": [{"Node Type": "Gather","Parent Relationship": "Outer","Parallel Aware": false,"Async Capable": false,"Startup Cost": 33969.13,"Total Cost": 33969.34,"Plan Rows": 2,"Plan Width": 32,"Actual Startup Time": 80.138,"Actual Total Time": 95.481,"Actual Rows": 3,"Actual Loops": 1,"Workers Planned": 2,"Workers Launched": 2,"Single Copy": false,"Plans": [{"Node Type": "Aggregate","Strategy": "Plain","Partial Mode": "Partial","Parent Relationship": "Outer","Parallel Aware": false,"Async Capable": false,"Startup Cost": 32969.13,"Total Cost": 32969.14,"Plan Rows": 1,"Plan Width": 32,"Actual Startup Time": 73.349,"Actual Total Time": 73.353,"Actual Rows": 1,"Actual Loops": 3,"Workers": [],"Plans": [{"Node Type": "Nested Loop","Parent Relationship": "Outer","Parallel Aware": false,"Async Capable": false,"Join Type": "Inner","Startup Cost": 0.43,"Total Cost": 32968.77,"Plan Rows": 48,"Plan Width": 12,"Actual Startup Time": 3.445,"Actual Total Time": 73.308,"Actual Rows": 44,"Actual Loops": 3,"Inner Unique": false,"Workers": [],"Plans": [{"Node Type": "Seq Scan","Parent Relationship": "Outer","Parallel Aware": true,"Async Capable": false,"Relation Name": "part","Alias": "part","Startup Cost": 0.00,"Total Cost": 7638.67,"Plan Rows": 206,"Plan Width": 30,"Actual Startup Time": 0.981,"Actual Total Time": 32.141,"Actual Rows": 160,"Actual Loops": 3,"Filter": "((p_size >= 1) AND (((p_brand = 'Brand#13'::bpchar) AND (p_container = ANY ('{\"SM CASE\",\"SM BOX\",\"SM PACK\",\"SM PKG\"}'::bpchar[])) AND (p_size <= 5)) OR ((p_brand = 'Brand#11'::bpchar) AND (p_container = ANY ('{\"MED BAG\",\"MED BOX\",\"MED PKG\",\"MED PACK\"}'::bpchar[])) AND (p_size <= 10)) OR ((p_brand = 'Brand#45'::bpchar) AND (p_container = ANY ('{\"LG CASE\",\"LG BOX\",\"LG PACK\",\"LG PKG\"}'::bpchar[])) AND (p_size <= 15))))","Rows Removed by Filter": 66507,"Workers": []},{"Node Type": "Index Scan","Parent Relationship": "Inner","Parallel Aware": false,"Async Capable": false,"Scan Direction": "Forward","Index Name": "idx_lineitem_part_supp","Relation Name": "lineitem","Alias": "lineitem","Startup Cost": 0.43,"Total Cost": 122.95,"Plan Rows": 1,"Plan Width": 21,"Actual Startup Time": 0.226,"Actual Total Time": 0.257,"Actual Rows": 0,"Actual Loops": 479,"Index Cond": "(l_partkey = part.p_partkey)","Rows Removed by Index Recheck": 0,"Filter": "((l_shipmode = ANY ('{AIR,\"AIR REG\"}'::bpchar[])) AND (l_shipinstruct = 'DELIVER IN PERSON'::bpchar) AND (((l_quantity >= '5'::numeric) AND (l_quantity <= '15'::numeric)) OR ((l_quantity >= '15'::numeric) AND (l_quantity <= '25'::numeric)) OR ((l_quantity >= '21'::numeric) AND (l_quantity <= '31'::numeric))) AND (((part.p_brand = 'Brand#13'::bpchar) AND (part.p_container = ANY ('{\"SM CASE\",\"SM BOX\",\"SM PACK\",\"SM PKG\"}'::bpchar[])) AND (l_quantity >= '5'::numeric) AND (l_quantity <= '15'::numeric) AND (part.p_size <= 5)) OR ((part.p_brand = 'Brand#11'::bpchar) AND (part.p_container = ANY ('{\"MED BAG\",\"MED BOX\",\"MED PKG\",\"MED PACK\"}'::bpchar[])) AND (l_quantity >= '15'::numeric) AND (l_quantity <= '25'::numeric) AND (part.p_size <= 10)) OR ((part.p_brand = 'Brand#45'::bpchar) AND (part.p_container = ANY ('{\"LG CASE\",\"LG BOX\",\"LG PACK\",\"LG PKG\"}'::bpchar[])) AND (l_quantity >= '21'::numeric) AND (l_quantity <= '31'::numeric) AND (part.p_size <= 15))))","Rows Removed by Filter": 30,"Workers": []}]}]}]}]},"Planning Time": 6.465,"Triggers": [],"Execution Time": 95.680}]
[{"Plan": {"Node Type": "Aggregate","Strategy": "Plain","Partial Mode": "Finalize","Parallel Aware": false,"Async Capable": false,"Startup Cost": 33624.92,"Total Cost": 33624.93,"Plan Rows": 1,"Plan Width": 32,"Actual Startup Time": 86.458,"Actual Total Time": 102.379,"Actual Rows": 1,"Actual Loops": 1,"Plans": [{"Node Type": "Gather","Parent Relationship": "Outer","Parallel Aware": false,"Async Capable": false,"Startup Cost": 33624.69,"Total Cost": 33624.90,"Plan Rows": 2,"Plan Width": 32,"Actual Startup Time": 86.332,"Actual Total Time": 102.352,"Actual Rows": 3,"Actual Loops": 1,"Workers Planned": 2,"Workers Launched": 2,"Single Copy": false,"Plans": [{"Node Type": "Aggregate","Strategy": "Plain","Partial Mode": "Partial","Parent Relationship": "Outer","Parallel Aware": false,"Async Capable": false,"Startup Cost": 32624.69,"Total Cost": 32624.70,"Plan Rows": 1,"Plan Width": 32,"Actual Startup Time": 80.201,"Actual Total Time": 80.203,"Actual Rows": 1,"Actual Loops": 3,"Workers": [],"Plans": [{"Node Type": "Nested Loop","Parent Relationship": "Outer","Parallel Aware": false,"Async Capable": false,"Join Type": "Inner","Startup Cost": 0.43,"Total Cost": 32624.34,"Plan Rows": 47,"Plan Width": 12,"Actual Startup Time": 4.827,"Actual Total Time": 80.170,"Actual Rows": 39,"Actual Loops": 3,"Inner Unique": false,"Workers": [],"Plans": [{"Node Type": "Seq Scan","Parent Relationship": "Outer","Parallel Aware": true,"Async Capable": false,"Relation Name": "part","Alias": "part","Startup Cost": 0.00,"Total Cost": 7638.67,"Plan Rows": 203,"Plan Width": 30,"Actual Startup Time": 0.362,"Actual Total Time": 35.624,"Actual Rows": 160,"Actual Loops": 3,"Filter": "((p_size >= 1) AND (((p_brand = 'Brand#45'::bpchar) AND (p_container = ANY ('{\"SM CASE\",\"SM BOX\",\"SM PACK\",\"SM PKG\"}'::bpchar[])) AND (p_size <= 5)) OR ((p_brand = 'Brand#43'::bpchar) AND (p_container = ANY ('{\"MED BAG\",\"MED BOX\",\"MED PKG\",\"MED PACK\"}'::bpchar[])) AND (p_size <= 10)) OR ((p_brand = 'Brand#34'::bpchar) AND (p_container = ANY ('{\"LG CASE\",\"LG BOX\",\"LG PACK\",\"LG PKG\"}'::bpchar[])) AND (p_size <= 15))))","Rows Removed by Filter": 66507,"Workers": []},{"Node Type": "Index Scan","Parent Relationship": "Inner","Parallel Aware": false,"Async Capable": false,"Scan Direction": "Forward","Index Name": "idx_lineitem_part_supp","Relation Name": "lineitem","Alias": "lineitem","Startup Cost": 0.43,"Total Cost": 123.07,"Plan Rows": 1,"Plan Width": 21,"Actual Startup Time": 0.252,"Actual Total Time": 0.278,"Actual Rows": 0,"Actual Loops": 480,"Index Cond": "(l_partkey = part.p_partkey)","Rows Removed by Index Recheck": 0,"Filter": "((l_shipmode = ANY ('{AIR,\"AIR REG\"}'::bpchar[])) AND (l_shipinstruct = 'DELIVER IN PERSON'::bpchar) AND (((l_quantity >= '5'::numeric) AND (l_quantity <= '15'::numeric)) OR ((l_quantity >= '15'::numeric) AND (l_quantity <= '25'::numeric)) OR ((l_quantity >= '25'::numeric) AND (l_quantity <= '35'::numeric))) AND (((part.p_brand = 'Brand#45'::bpchar) AND (part.p_container = ANY ('{\"SM CASE\",\"SM BOX\",\"SM PACK\",\"SM PKG\"}'::bpchar[])) AND (l_quantity >= '5'::numeric) AND (l_quantity <= '15'::numeric) AND (part.p_size <= 5)) OR ((part.p_brand = 'Brand#43'::bpchar) AND (part.p_container = ANY ('{\"MED BAG\",\"MED BOX\",\"MED PKG\",\"MED PACK\"}'::bpchar[])) AND (l_quantity >= '15'::numeric) AND (l_quantity <= '25'::numeric) AND (part.p_size <= 10)) OR ((part.p_brand = 'Brand#34'::bpchar) AND (part.p_container = ANY ('{\"LG CASE\",\"LG BOX\",\"LG PACK\",\"LG PKG\"}'::bpchar[])) AND (l_quantity >= '25'::numeric) AND (l_quantity <= '35'::numeric) AND (part.p_size <= 15))))","Rows Removed by Filter": 30,"Workers": []}]}]}]}]},"Planning Time": 5.209,"Triggers": [],"Execution Time": 102.560}]
[{"Plan": {"Node Type": "Aggregate","Strategy": "Plain","Partial Mode": "Finalize","Parallel Aware": false,"Async Capable": false,"Startup Cost": 34083.88,"Total Cost": 34083.89,"Plan Rows": 1,"Plan Width": 32,"Actual Startup Time": 83.562,"Actual Total Time": 98.484,"Actual Rows": 1,"Actual Loops": 1,"Plans": [{"Node Type": "Gather","Parent Relationship": "Outer","Parallel Aware": false,"Async Capable": false,"Startup Cost": 34083.65,"Total Cost": 34083.86,"Plan Rows": 2,"Plan Width": 32,"Actual Startup Time": 83.536,"Actual Total Time": 98.458,"Actual Rows": 3,"Actual Loops": 1,"Workers Planned": 2,"Workers Launched": 2,"Single Copy": false,"Plans": [{"Node Type": "Aggregate","Strategy": "Plain","Partial Mode": "Partial","Parent Relationship": "Outer","Parallel Aware": false,"Async Capable": false,"Startup Cost": 33083.65,"Total Cost": 33083.66,"Plan Rows": 1,"Plan Width": 32,"Actual Startup Time": 77.155,"Actual Total Time": 77.157,"Actual Rows": 1,"Actual Loops": 3,"Workers": [],"Plans": [{"Node Type": "Nested Loop","Parent Relationship": "Outer","Parallel Aware": false,"Async Capable": false,"Join Type": "Inner","Startup Cost": 0.43,"Total Cost": 33083.29,"Plan Rows": 48,"Plan Width": 12,"Actual Startup Time": 2.270,"Actual Total Time": 77.111,"Actual Rows": 45,"Actual Loops": 3,"Inner Unique": false,"Workers": [],"Plans": [{"Node Type": "Seq Scan","Parent Relationship": "Outer","Parallel Aware": true,"Async Capable": false,"Relation Name": "part","Alias": "part","Startup Cost": 0.00,"Total Cost": 7638.67,"Plan Rows": 207,"Plan Width": 30,"Actual Startup Time": 0.299,"Actual Total Time": 31.138,"Actual Rows": 178,"Actual Loops": 3,"Filter": "((p_size >= 1) AND (((p_brand = 'Brand#44'::bpchar) AND (p_container = ANY ('{\"SM CASE\",\"SM BOX\",\"SM PACK\",\"SM PKG\"}'::bpchar[])) AND (p_size <= 5)) OR ((p_brand = 'Brand#43'::bpchar) AND (p_container = ANY ('{\"MED BAG\",\"MED BOX\",\"MED PKG\",\"MED PACK\"}'::bpchar[])) AND (p_size <= 10)) OR ((p_brand = 'Brand#33'::bpchar) AND (p_container = ANY ('{\"LG CASE\",\"LG BOX\",\"LG PACK\",\"LG PKG\"}'::bpchar[])) AND (p_size <= 15))))","Rows Removed by Filter": 66488,"Workers": []},{"Node Type": "Index Scan","Parent Relationship": "Inner","Parallel Aware": false,"Async Capable": false,"Scan Direction": "Forward","Index Name": "idx_lineitem_part_supp","Relation Name": "lineitem","Alias": "lineitem","Startup Cost": 0.43,"Total Cost": 122.91,"Plan Rows": 1,"Plan Width": 21,"Actual Startup Time": 0.228,"Actual Total Time": 0.257,"Actual Rows": 0,"Actual Loops": 535,"Index Cond": "(l_partkey = part.p_partkey)","Rows Removed by Index Recheck": 0,"Filter": "((l_shipmode = ANY ('{AIR,\"AIR REG\"}'::bpchar[])) AND (l_shipinstruct = 'DELIVER IN PERSON'::bpchar) AND (((l_quantity >= '2'::numeric) AND (l_quantity <= '12'::numeric)) OR ((l_quantity >= '11'::numeric) AND (l_quantity <= '21'::numeric)) OR ((l_quantity >= '24'::numeric) AND (l_quantity <= '34'::numeric))) AND (((part.p_brand = 'Brand#44'::bpchar) AND (part.p_container = ANY ('{\"SM CASE\",\"SM BOX\",\"SM PACK\",\"SM PKG\"}'::bpchar[])) AND (l_quantity >= '2'::numeric) AND (l_quantity <= '12'::numeric) AND (part.p_size <= 5)) OR ((part.p_brand = 'Brand#43'::bpchar) AND (part.p_container = ANY ('{\"MED BAG\",\"MED BOX\",\"MED PKG\",\"MED PACK\"}'::bpchar[])) AND (l_quantity >= '11'::numeric) AND (l_quantity <= '21'::numeric) AND (part.p_size <= 10)) OR ((part.p_brand = 'Brand#33'::bpchar) AND (part.p_container = ANY ('{\"LG CASE\",\"LG BOX\",\"LG PACK\",\"LG PKG\"}'::bpchar[])) AND (l_quantity >= '24'::numeric) AND (l_quantity <= '34'::numeric) AND (part.p_size <= 15))))","Rows Removed by Filter": 30,"Workers": []}]}]}]}]},"Planning Time": 5.242,"Triggers": [],"Execution Time": 98.712}]
[{"Plan": {"Node Type": "Aggregate","Strategy": "Plain","Partial Mode": "Finalize","Parallel Aware": false,"Async Capable": false,"Startup Cost": 34286.72,"Total Cost": 34286.73,"Plan Rows": 1,"Plan Width": 32,"Actual Startup Time": 91.122,"Actual Total Time": 106.101,"Actual Rows": 1,"Actual Loops": 1,"Plans": [{"Node Type": "Gather","Parent Relationship": "Outer","Parallel Aware": false,"Async Capable": false,"Startup Cost": 34286.50,"Total Cost": 34286.71,"Plan Rows": 2,"Plan Width": 32,"Actual Startup Time": 91.099,"Actual Total Time": 106.082,"Actual Rows": 3,"Actual Loops": 1,"Workers Planned": 2,"Workers Launched": 2,"Single Copy": false,"Plans": [{"Node Type": "Aggregate","Strategy": "Plain","Partial Mode": "Partial","Parent Relationship": "Outer","Parallel Aware": false,"Async Capable": false,"Startup Cost": 33286.50,"Total Cost": 33286.51,"Plan Rows": 1,"Plan Width": 32,"Actual Startup Time": 84.547,"Actual Total Time": 84.550,"Actual Rows": 1,"Actual Loops": 3,"Workers": [],"Plans": [{"Node Type": "Nested Loop","Parent Relationship": "Outer","Parallel Aware": false,"Async Capable": false,"Join Type": "Inner","Startup Cost": 4.54,"Total Cost": 33286.13,"Plan Rows": 49,"Plan Width": 12,"Actual Startup Time": 3.258,"Actual Total Time": 84.500,"Actual Rows": 39,"Actual Loops": 3,"Inner Unique": false,"Workers": [],"Plans": [{"Node Type": "Seq Scan","Parent Relationship": "Outer","Parallel Aware": true,"Async Capable": false,"Relation Name": "part","Alias": "part","Startup Cost": 0.00,"Total Cost": 7638.67,"Plan Rows": 211,"Plan Width": 30,"Actual Startup Time": 0.149,"Actual Total Time": 34.866,"Actual Rows": 169,"Actual Loops": 3,"Filter": "((p_size >= 1) AND (((p_brand = 'Brand#41'::bpchar) AND (p_container = ANY ('{\"SM CASE\",\"SM BOX\",\"SM PACK\",\"SM PKG\"}'::bpchar[])) AND (p_size <= 5)) OR ((p_brand = 'Brand#21'::bpchar) AND (p_container = ANY ('{\"MED BAG\",\"MED BOX\",\"MED PKG\",\"MED PACK\"}'::bpchar[])) AND (p_size <= 10)) OR ((p_brand = 'Brand#33'::bpchar) AND (p_container = ANY ('{\"LG CASE\",\"LG BOX\",\"LG PACK\",\"LG PKG\"}'::bpchar[])) AND (p_size <= 15))))","Rows Removed by Filter": 66497,"Workers": []},{"Node Type": "Bitmap Heap Scan","Parent Relationship": "Inner","Parallel Aware": false,"Async Capable": false,"Relation Name": "lineitem","Alias": "lineitem","Startup Cost": 4.54,"Total Cost": 121.54,"Plan Rows": 1,"Plan Width": 21,"Actual Startup Time": 0.264,"Actual Total Time": 0.292,"Actual Rows": 0,"Actual Loops": 508,"Recheck Cond": "(l_partkey = part.p_partkey)","Rows Removed by Index Recheck": 0,"Filter": "((l_shipmode = ANY ('{AIR,\"AIR REG\"}'::bpchar[])) AND (l_shipinstruct = 'DELIVER IN PERSON'::bpchar) AND (((l_quantity >= '5'::numeric) AND (l_quantity <= '15'::numeric)) OR ((l_quantity >= '16'::numeric) AND (l_quantity <= '26'::numeric)) OR ((l_quantity >= '23'::numeric) AND (l_quantity <= '33'::numeric))) AND (((part.p_brand = 'Brand#41'::bpchar) AND (part.p_container = ANY ('{\"SM CASE\",\"SM BOX\",\"SM PACK\",\"SM PKG\"}'::bpchar[])) AND (l_quantity >= '5'::numeric) AND (l_quantity <= '15'::numeric) AND (part.p_size <= 5)) OR ((part.p_brand = 'Brand#21'::bpchar) AND (part.p_container = ANY ('{\"MED BAG\",\"MED BOX\",\"MED PKG\",\"MED PACK\"}'::bpchar[])) AND (l_quantity >= '16'::numeric) AND (l_quantity <= '26'::numeric) AND (part.p_size <= 10)) OR ((part.p_brand = 'Brand#33'::bpchar) AND (part.p_container = ANY ('{\"LG CASE\",\"LG BOX\",\"LG PACK\",\"LG PKG\"}'::bpchar[])) AND (l_quantity >= '23'::numeric) AND (l_quantity <= '33'::numeric) AND (part.p_size <= 15))))","Rows Removed by Filter": 30,"Exact Heap Blocks": 5569,"Lossy Heap Blocks": 0,"Workers": [],"Plans": [{"Node Type": "Bitmap Index Scan","Parent Relationship": "Outer","Parallel Aware": false,"Async Capable": false,"Index Name": "idx_lineitem_part_supp","Startup Cost": 0.00,"Total Cost": 4.54,"Plan Rows": 31,"Plan Width": 0,"Actual Startup Time": 0.011,"Actual Total Time": 0.011,"Actual Rows": 30,"Actual Loops": 508,"Index Cond": "(l_partkey = part.p_partkey)","Workers": []}]}]}]}]}]},"Planning Time": 5.283,"Triggers": [],"Execution Time": 106.327}]
[{"Plan": {"Node Type": "Aggregate","Strategy": "Plain","Partial Mode": "Finalize","Parallel Aware": false,"Async Capable": false,"Startup Cost": 33507.23,"Total Cost": 33507.24,"Plan Rows": 1,"Plan Width": 32,"Actual Startup Time": 86.765,"Actual Total Time": 102.247,"Actual Rows": 1,"Actual Loops": 1,"Plans": [{"Node Type": "Gather","Parent Relationship": "Outer","Parallel Aware": false,"Async Capable": false,"Startup Cost": 33507.00,"Total Cost": 33507.21,"Plan Rows": 2,"Plan Width": 32,"Actual Startup Time": 86.633,"Actual Total Time": 102.220,"Actual Rows": 3,"Actual Loops": 1,"Workers Planned": 2,"Workers Launched": 2,"Single Copy": false,"Plans": [{"Node Type": "Aggregate","Strategy": "Plain","Partial Mode": "Partial","Parent Relationship": "Outer","Parallel Aware": false,"Async Capable": false,"Startup Cost": 32507.00,"Total Cost": 32507.01,"Plan Rows": 1,"Plan Width": 32,"Actual Startup Time": 79.786,"Actual Total Time": 79.787,"Actual Rows": 1,"Actual Loops": 3,"Workers": [],"Plans": [{"Node Type": "Nested Loop","Parent Relationship": "Outer","Parallel Aware": false,"Async Capable": false,"Join Type": "Inner","Startup Cost": 0.43,"Total Cost": 32506.65,"Plan Rows": 47,"Plan Width": 12,"Actual Startup Time": 8.951,"Actual Total Time": 79.746,"Actual Rows": 39,"Actual Loops": 3,"Inner Unique": false,"Workers": [],"Plans": [{"Node Type": "Seq Scan","Parent Relationship": "Outer","Parallel Aware": true,"Async Capable": false,"Relation Name": "part","Alias": "part","Startup Cost": 0.00,"Total Cost": 7638.67,"Plan Rows": 202,"Plan Width": 30,"Actual Startup Time": 0.350,"Actual Total Time": 34.454,"Actual Rows": 164,"Actual Loops": 3,"Filter": "((p_size >= 1) AND (((p_brand = 'Brand#22'::bpchar) AND (p_container = ANY ('{\"SM CASE\",\"SM BOX\",\"SM PACK\",\"SM PKG\"}'::bpchar[])) AND (p_size <= 5)) OR ((p_brand = 'Brand#23'::bpchar) AND (p_container = ANY ('{\"MED BAG\",\"MED BOX\",\"MED PKG\",\"MED PACK\"}'::bpchar[])) AND (p_size <= 10)) OR ((p_brand = 'Brand#41'::bpchar) AND (p_container = ANY ('{\"LG CASE\",\"LG BOX\",\"LG PACK\",\"LG PKG\"}'::bpchar[])) AND (p_size <= 15))))","Rows Removed by Filter": 66503,"Workers": []},{"Node Type": "Index Scan","Parent Relationship": "Inner","Parallel Aware": false,"Async Capable": false,"Scan Direction": "Forward","Index Name": "idx_lineitem_part_supp","Relation Name": "lineitem","Alias": "lineitem","Startup Cost": 0.43,"Total Cost": 123.10,"Plan Rows": 1,"Plan Width": 21,"Actual Startup Time": 0.245,"Actual Total Time": 0.276,"Actual Rows": 0,"Actual Loops": 492,"Index Cond": "(l_partkey = part.p_partkey)","Rows Removed by Index Recheck": 0,"Filter": "((l_shipmode = ANY ('{AIR,\"AIR REG\"}'::bpchar[])) AND (l_shipinstruct = 'DELIVER IN PERSON'::bpchar) AND (((l_quantity >= '6'::numeric) AND (l_quantity <= '16'::numeric)) OR ((l_quantity >= '14'::numeric) AND (l_quantity <= '24'::numeric)) OR ((l_quantity >= '21'::numeric) AND (l_quantity <= '31'::numeric))) AND (((part.p_brand = 'Brand#22'::bpchar) AND (part.p_container = ANY ('{\"SM CASE\",\"SM BOX\",\"SM PACK\",\"SM PKG\"}'::bpchar[])) AND (l_quantity >= '6'::numeric) AND (l_quantity <= '16'::numeric) AND (part.p_size <= 5)) OR ((part.p_brand = 'Brand#23'::bpchar) AND (part.p_container = ANY ('{\"MED BAG\",\"MED BOX\",\"MED PKG\",\"MED PACK\"}'::bpchar[])) AND (l_quantity >= '14'::numeric) AND (l_quantity <= '24'::numeric) AND (part.p_size <= 10)) OR ((part.p_brand = 'Brand#41'::bpchar) AND (part.p_container = ANY ('{\"LG CASE\",\"LG BOX\",\"LG PACK\",\"LG PKG\"}'::bpchar[])) AND (l_quantity >= '21'::numeric) AND (l_quantity <= '31'::numeric) AND (part.p_size <= 15))))","Rows Removed by Filter": 30,"Workers": []}]}]}]}]},"Planning Time": 5.333,"Triggers": [],"Execution Time": 102.413}]
[{"Plan": {"Node Type": "Aggregate","Strategy": "Plain","Partial Mode": "Finalize","Parallel Aware": false,"Async Capable": false,"Startup Cost": 33391.92,"Total Cost": 33391.93,"Plan Rows": 1,"Plan Width": 32,"Actual Startup Time": 81.430,"Actual Total Time": 96.352,"Actual Rows": 1,"Actual Loops": 1,"Plans": [{"Node Type": "Gather","Parent Relationship": "Outer","Parallel Aware": false,"Async Capable": false,"Startup Cost": 33391.69,"Total Cost": 33391.90,"Plan Rows": 2,"Plan Width": 32,"Actual Startup Time": 81.206,"Actual Total Time": 96.319,"Actual Rows": 3,"Actual Loops": 1,"Workers Planned": 2,"Workers Launched": 2,"Single Copy": false,"Plans": [{"Node Type": "Aggregate","Strategy": "Plain","Partial Mode": "Partial","Parent Relationship": "Outer","Parallel Aware": false,"Async Capable": false,"Startup Cost": 32391.69,"Total Cost": 32391.70,"Plan Rows": 1,"Plan Width": 32,"Actual Startup Time": 75.095,"Actual Total Time": 75.097,"Actual Rows": 1,"Actual Loops": 3,"Workers": [],"Plans": [{"Node Type": "Nested Loop","Parent Relationship": "Outer","Parallel Aware": false,"Async Capable": false,"Join Type": "Inner","Startup Cost": 0.43,"Total Cost": 32391.34,"Plan Rows": 47,"Plan Width": 12,"Actual Startup Time": 3.730,"Actual Total Time": 75.055,"Actual Rows": 43,"Actual Loops": 3,"Inner Unique": false,"Workers": [],"Plans": [{"Node Type": "Seq Scan","Parent Relationship": "Outer","Parallel Aware": true,"Async Capable": false,"Relation Name": "part","Alias": "part","Startup Cost": 0.00,"Total Cost": 7638.67,"Plan Rows": 201,"Plan Width": 30,"Actual Startup Time": 0.662,"Actual Total Time": 31.341,"Actual Rows": 168,"Actual Loops": 3,"Filter": "((p_size >= 1) AND (((p_brand = 'Brand#53'::bpchar) AND (p_container = ANY ('{\"SM CASE\",\"SM BOX\",\"SM PACK\",\"SM PKG\"}'::bpchar[])) AND (p_size <= 5)) OR ((p_brand = 'Brand#31'::bpchar) AND (p_container = ANY ('{\"MED BAG\",\"MED BOX\",\"MED PKG\",\"MED PACK\"}'::bpchar[])) AND (p_size <= 10)) OR ((p_brand = 'Brand#54'::bpchar) AND (p_container = ANY ('{\"LG CASE\",\"LG BOX\",\"LG PACK\",\"LG PKG\"}'::bpchar[])) AND (p_size <= 15))))","Rows Removed by Filter": 66499,"Workers": []},{"Node Type": "Index Scan","Parent Relationship": "Inner","Parallel Aware": false,"Async Capable": false,"Scan Direction": "Forward","Index Name": "idx_lineitem_part_supp","Relation Name": "lineitem","Alias": "lineitem","Startup Cost": 0.43,"Total Cost": 123.14,"Plan Rows": 1,"Plan Width": 21,"Actual Startup Time": 0.230,"Actual Total Time": 0.260,"Actual Rows": 0,"Actual Loops": 504,"Index Cond": "(l_partkey = part.p_partkey)","Rows Removed by Index Recheck": 0,"Filter": "((l_shipmode = ANY ('{AIR,\"AIR REG\"}'::bpchar[])) AND (l_shipinstruct = 'DELIVER IN PERSON'::bpchar) AND (((l_quantity >= '5'::numeric) AND (l_quantity <= '15'::numeric)) OR ((l_quantity >= '19'::numeric) AND (l_quantity <= '29'::numeric)) OR ((l_quantity >= '24'::numeric) AND (l_quantity <= '34'::numeric))) AND (((part.p_brand = 'Brand#53'::bpchar) AND (part.p_container = ANY ('{\"SM CASE\",\"SM BOX\",\"SM PACK\",\"SM PKG\"}'::bpchar[])) AND (l_quantity >= '5'::numeric) AND (l_quantity <= '15'::numeric) AND (part.p_size <= 5)) OR ((part.p_brand = 'Brand#31'::bpchar) AND (part.p_container = ANY ('{\"MED BAG\",\"MED BOX\",\"MED PKG\",\"MED PACK\"}'::bpchar[])) AND (l_quantity >= '19'::numeric) AND (l_quantity <= '29'::numeric) AND (part.p_size <= 10)) OR ((part.p_brand = 'Brand#54'::bpchar) AND (part.p_container = ANY ('{\"LG CASE\",\"LG BOX\",\"LG PACK\",\"LG PKG\"}'::bpchar[])) AND (l_quantity >= '24'::numeric) AND (l_quantity <= '34'::numeric) AND (part.p_size <= 15))))","Rows Removed by Filter": 30,"Workers": []}]}]}]}]},"Planning Time": 6.098,"Triggers": [],"Execution Time": 96.570}]
[{"Plan": {"Node Type": "Aggregate","Strategy": "Plain","Partial Mode": "Finalize","Parallel Aware": false,"Async Capable": false,"Startup Cost": 33043.25,"Total Cost": 33043.26,"Plan Rows": 1,"Plan Width": 32,"Actual Startup Time": 84.852,"Actual Total Time": 100.369,"Actual Rows": 1,"Actual Loops": 1,"Plans": [{"Node Type": "Gather","Parent Relationship": "Outer","Parallel Aware": false,"Async Capable": false,"Startup Cost": 33043.03,"Total Cost": 33043.24,"Plan Rows": 2,"Plan Width": 32,"Actual Startup Time": 84.667,"Actual Total Time": 100.344,"Actual Rows": 3,"Actual Loops": 1,"Workers Planned": 2,"Workers Launched": 2,"Single Copy": false,"Plans": [{"Node Type": "Aggregate","Strategy": "Plain","Partial Mode": "Partial","Parent Relationship": "Outer","Parallel Aware": false,"Async Capable": false,"Startup Cost": 32043.03,"Total Cost": 32043.04,"Plan Rows": 1,"Plan Width": 32,"Actual Startup Time": 77.653,"Actual Total Time": 77.655,"Actual Rows": 1,"Actual Loops": 3,"Workers": [],"Plans": [{"Node Type": "Nested Loop","Parent Relationship": "Outer","Parallel Aware": false,"Async Capable": false,"Join Type": "Inner","Startup Cost": 0.43,"Total Cost": 32042.68,"Plan Rows": 46,"Plan Width": 12,"Actual Startup Time": 4.211,"Actual Total Time": 77.617,"Actual Rows": 39,"Actual Loops": 3,"Inner Unique": false,"Workers": [],"Plans": [{"Node Type": "Seq Scan","Parent Relationship": "Outer","Parallel Aware": true,"Async Capable": false,"Relation Name": "part","Alias": "part","Startup Cost": 0.00,"Total Cost": 7638.67,"Plan Rows": 198,"Plan Width": 30,"Actual Startup Time": 0.484,"Actual Total Time": 34.479,"Actual Rows": 160,"Actual Loops": 3,"Filter": "((p_size >= 1) AND (((p_brand = 'Brand#55'::bpchar) AND (p_container = ANY ('{\"SM CASE\",\"SM BOX\",\"SM PACK\",\"SM PKG\"}'::bpchar[])) AND (p_size <= 5)) OR ((p_brand = 'Brand#23'::bpchar) AND (p_container = ANY ('{\"MED BAG\",\"MED BOX\",\"MED PKG\",\"MED PACK\"}'::bpchar[])) AND (p_size <= 10)) OR ((p_brand = 'Brand#43'::bpchar) AND (p_container = ANY ('{\"LG CASE\",\"LG BOX\",\"LG PACK\",\"LG PKG\"}'::bpchar[])) AND (p_size <= 15))))","Rows Removed by Filter": 66507,"Workers": []},{"Node Type": "Index Scan","Parent Relationship": "Inner","Parallel Aware": false,"Async Capable": false,"Scan Direction": "Forward","Index Name": "idx_lineitem_part_supp","Relation Name": "lineitem","Alias": "lineitem","Startup Cost": 0.43,"Total Cost": 123.24,"Plan Rows": 1,"Plan Width": 21,"Actual Startup Time": 0.237,"Actual Total Time": 0.270,"Actual Rows": 0,"Actual Loops": 479,"Index Cond": "(l_partkey = part.p_partkey)","Rows Removed by Index Recheck": 0,"Filter": "((l_shipmode = ANY ('{AIR,\"AIR REG\"}'::bpchar[])) AND (l_shipinstruct = 'DELIVER IN PERSON'::bpchar) AND (((l_quantity >= '3'::numeric) AND (l_quantity <= '13'::numeric)) OR ((l_quantity >= '14'::numeric) AND (l_quantity <= '24'::numeric)) OR ((l_quantity >= '30'::numeric) AND (l_quantity <= '40'::numeric))) AND (((part.p_brand = 'Brand#55'::bpchar) AND (part.p_container = ANY ('{\"SM CASE\",\"SM BOX\",\"SM PACK\",\"SM PKG\"}'::bpchar[])) AND (l_quantity >= '3'::numeric) AND (l_quantity <= '13'::numeric) AND (part.p_size <= 5)) OR ((part.p_brand = 'Brand#23'::bpchar) AND (part.p_container = ANY ('{\"MED BAG\",\"MED BOX\",\"MED PKG\",\"MED PACK\"}'::bpchar[])) AND (l_quantity >= '14'::numeric) AND (l_quantity <= '24'::numeric) AND (part.p_size <= 10)) OR ((part.p_brand = 'Brand#43'::bpchar) AND (part.p_container = ANY ('{\"LG CASE\",\"LG BOX\",\"LG PACK\",\"LG PKG\"}'::bpchar[])) AND (l_quantity >= '30'::numeric) AND (l_quantity <= '40'::numeric) AND (part.p_size <= 15))))","Rows Removed by Filter": 30,"Workers": []}]}]}]}]},"Planning Time": 5.599,"Triggers": [],"Execution Time": 100.541}]
[{"Plan": {"Node Type": "Aggregate","Strategy": "Plain","Partial Mode": "Finalize","Parallel Aware": false,"Async Capable": false,"Startup Cost": 33967.91,"Total Cost": 33967.92,"Plan Rows": 1,"Plan Width": 32,"Actual Startup Time": 85.797,"Actual Total Time": 100.271,"Actual Rows": 1,"Actual Loops": 1,"Plans": [{"Node Type": "Gather","Parent Relationship": "Outer","Parallel Aware": false,"Async Capable": false,"Startup Cost": 33967.69,"Total Cost": 33967.90,"Plan Rows": 2,"Plan Width": 32,"Actual Startup Time": 85.626,"Actual Total Time": 100.246,"Actual Rows": 3,"Actual Loops": 1,"Workers Planned": 2,"Workers Launched": 2,"Single Copy": false,"Plans": [{"Node Type": "Aggregate","Strategy": "Plain","Partial Mode": "Partial","Parent Relationship": "Outer","Parallel Aware": false,"Async Capable": false,"Startup Cost": 32967.69,"Total Cost": 32967.70,"Plan Rows": 1,"Plan Width": 32,"Actual Startup Time": 78.565,"Actual Total Time": 78.567,"Actual Rows": 1,"Actual Loops": 3,"Workers": [],"Plans": [{"Node Type": "Nested Loop","Parent Relationship": "Outer","Parallel Aware": false,"Async Capable": false,"Join Type": "Inner","Startup Cost": 0.43,"Total Cost": 32967.33,"Plan Rows": 48,"Plan Width": 12,"Actual Startup Time": 5.895,"Actual Total Time": 78.528,"Actual Rows": 37,"Actual Loops": 3,"Inner Unique": false,"Workers": [],"Plans": [{"Node Type": "Seq Scan","Parent Relationship": "Outer","Parallel Aware": true,"Async Capable": false,"Relation Name": "part","Alias": "part","Startup Cost": 0.00,"Total Cost": 7638.67,"Plan Rows": 206,"Plan Width": 30,"Actual Startup Time": 0.541,"Actual Total Time": 35.140,"Actual Rows": 154,"Actual Loops": 3,"Filter": "((p_size >= 1) AND (((p_brand = 'Brand#13'::bpchar) AND (p_container = ANY ('{\"SM CASE\",\"SM BOX\",\"SM PACK\",\"SM PKG\"}'::bpchar[])) AND (p_size <= 5)) OR ((p_brand = 'Brand#21'::bpchar) AND (p_container = ANY ('{\"MED BAG\",\"MED BOX\",\"MED PKG\",\"MED PACK\"}'::bpchar[])) AND (p_size <= 10)) OR ((p_brand = 'Brand#21'::bpchar) AND (p_container = ANY ('{\"LG CASE\",\"LG BOX\",\"LG PACK\",\"LG PKG\"}'::bpchar[])) AND (p_size <= 15))))","Rows Removed by Filter": 66513,"Workers": []},{"Node Type": "Index Scan","Parent Relationship": "Inner","Parallel Aware": false,"Async Capable": false,"Scan Direction": "Forward","Index Name": "idx_lineitem_part_supp","Relation Name": "lineitem","Alias": "lineitem","Startup Cost": 0.43,"Total Cost": 122.94,"Plan Rows": 1,"Plan Width": 21,"Actual Startup Time": 0.251,"Actual Total Time": 0.281,"Actual Rows": 0,"Actual Loops": 462,"Index Cond": "(l_partkey = part.p_partkey)","Rows Removed by Index Recheck": 0,"Filter": "((l_shipmode = ANY ('{AIR,\"AIR REG\"}'::bpchar[])) AND (l_shipinstruct = 'DELIVER IN PERSON'::bpchar) AND (((l_quantity >= '6'::numeric) AND (l_quantity <= '16'::numeric)) OR ((l_quantity >= '11'::numeric) AND (l_quantity <= '21'::numeric)) OR ((l_quantity >= '27'::numeric) AND (l_quantity <= '37'::numeric))) AND (((part.p_brand = 'Brand#13'::bpchar) AND (part.p_container = ANY ('{\"SM CASE\",\"SM BOX\",\"SM PACK\",\"SM PKG\"}'::bpchar[])) AND (l_quantity >= '6'::numeric) AND (l_quantity <= '16'::numeric) AND (part.p_size <= 5)) OR ((part.p_brand = 'Brand#21'::bpchar) AND (part.p_container = ANY ('{\"MED BAG\",\"MED BOX\",\"MED PKG\",\"MED PACK\"}'::bpchar[])) AND (l_quantity >= '11'::numeric) AND (l_quantity <= '21'::numeric) AND (part.p_size <= 10)) OR ((part.p_brand = 'Brand#21'::bpchar) AND (part.p_container = ANY ('{\"LG CASE\",\"LG BOX\",\"LG PACK\",\"LG PKG\"}'::bpchar[])) AND (l_quantity >= '27'::numeric) AND (l_quantity <= '37'::numeric) AND (part.p_size <= 15))))","Rows Removed by Filter": 30,"Workers": []}]}]}]}]},"Planning Time": 6.468,"Triggers": [],"Execution Time": 100.492}]
[{"Plan": {"Node Type": "Aggregate","Strategy": "Plain","Partial Mode": "Finalize","Parallel Aware": false,"Async Capable": false,"Startup Cost": 33506.18,"Total Cost": 33506.19,"Plan Rows": 1,"Plan Width": 32,"Actual Startup Time": 85.757,"Actual Total Time": 100.220,"Actual Rows": 1,"Actual Loops": 1,"Plans": [{"Node Type": "Gather","Parent Relationship": "Outer","Parallel Aware": false,"Async Capable": false,"Startup Cost": 33505.95,"Total Cost": 33506.16,"Plan Rows": 2,"Plan Width": 32,"Actual Startup Time": 85.493,"Actual Total Time": 100.190,"Actual Rows": 3,"Actual Loops": 1,"Workers Planned": 2,"Workers Launched": 2,"Single Copy": false,"Plans": [{"Node Type": "Aggregate","Strategy": "Plain","Partial Mode": "Partial","Parent Relationship": "Outer","Parallel Aware": false,"Async Capable": false,"Startup Cost": 32505.95,"Total Cost": 32505.96,"Plan Rows": 1,"Plan Width": 32,"Actual Startup Time": 78.742,"Actual Total Time": 78.744,"Actual Rows": 1,"Actual Loops": 3,"Workers": [],"Plans": [{"Node Type": "Nested Loop","Parent Relationship": "Outer","Parallel Aware": false,"Async Capable": false,"Join Type": "Inner","Startup Cost": 0.43,"Total Cost": 32505.60,"Plan Rows": 47,"Plan Width": 12,"Actual Startup Time": 2.606,"Actual Total Time": 78.700,"Actual Rows": 39,"Actual Loops": 3,"Inner Unique": false,"Workers": [],"Plans": [{"Node Type": "Seq Scan","Parent Relationship": "Outer","Parallel Aware": true,"Async Capable": false,"Relation Name": "part","Alias": "part","Startup Cost": 0.00,"Total Cost": 7638.67,"Plan Rows": 202,"Plan Width": 30,"Actual Startup Time": 0.629,"Actual Total Time": 34.225,"Actual Rows": 161,"Actual Loops": 3,"Filter": "((p_size >= 1) AND (((p_brand = 'Brand#54'::bpchar) AND (p_container = ANY ('{\"SM CASE\",\"SM BOX\",\"SM PACK\",\"SM PKG\"}'::bpchar[])) AND (p_size <= 5)) OR ((p_brand = 'Brand#14'::bpchar) AND (p_container = ANY ('{\"MED BAG\",\"MED BOX\",\"MED PKG\",\"MED PACK\"}'::bpchar[])) AND (p_size <= 10)) OR ((p_brand = 'Brand#11'::bpchar) AND (p_container = ANY ('{\"LG CASE\",\"LG BOX\",\"LG PACK\",\"LG PKG\"}'::bpchar[])) AND (p_size <= 15))))","Rows Removed by Filter": 66506,"Workers": []},{"Node Type": "Index Scan","Parent Relationship": "Inner","Parallel Aware": false,"Async Capable": false,"Scan Direction": "Forward","Index Name": "idx_lineitem_part_supp","Relation Name": "lineitem","Alias": "lineitem","Startup Cost": 0.43,"Total Cost": 123.09,"Plan Rows": 1,"Plan Width": 21,"Actual Startup Time": 0.247,"Actual Total Time": 0.276,"Actual Rows": 0,"Actual Loops": 482,"Index Cond": "(l_partkey = part.p_partkey)","Rows Removed by Index Recheck": 0,"Filter": "((l_shipmode = ANY ('{AIR,\"AIR REG\"}'::bpchar[])) AND (l_shipinstruct = 'DELIVER IN PERSON'::bpchar) AND (((l_quantity >= '1'::numeric) AND (l_quantity <= '11'::numeric)) OR ((l_quantity >= '15'::numeric) AND (l_quantity <= '25'::numeric)) OR ((l_quantity >= '24'::numeric) AND (l_quantity <= '34'::numeric))) AND (((part.p_brand = 'Brand#54'::bpchar) AND (part.p_container = ANY ('{\"SM CASE\",\"SM BOX\",\"SM PACK\",\"SM PKG\"}'::bpchar[])) AND (l_quantity >= '1'::numeric) AND (l_quantity <= '11'::numeric) AND (part.p_size <= 5)) OR ((part.p_brand = 'Brand#14'::bpchar) AND (part.p_container = ANY ('{\"MED BAG\",\"MED BOX\",\"MED PKG\",\"MED PACK\"}'::bpchar[])) AND (l_quantity >= '15'::numeric) AND (l_quantity <= '25'::numeric) AND (part.p_size <= 10)) OR ((part.p_brand = 'Brand#11'::bpchar) AND (part.p_container = ANY ('{\"LG CASE\",\"LG BOX\",\"LG PACK\",\"LG PKG\"}'::bpchar[])) AND (l_quantity >= '24'::numeric) AND (l_quantity <= '34'::numeric) AND (part.p_size <= 15))))","Rows Removed by Filter": 30,"Workers": []}]}]}]}]},"Planning Time": 5.939,"Triggers": [],"Execution Time": 100.394}]
[{"Plan": {"Node Type": "Aggregate","Strategy": "Plain","Partial Mode": "Finalize","Parallel Aware": false,"Async Capable": false,"Startup Cost": 33278.70,"Total Cost": 33278.71,"Plan Rows": 1,"Plan Width": 32,"Actual Startup Time": 78.863,"Actual Total Time": 94.088,"Actual Rows": 1,"Actual Loops": 1,"Plans": [{"Node Type": "Gather","Parent Relationship": "Outer","Parallel Aware": false,"Async Capable": false,"Startup Cost": 33278.48,"Total Cost": 33278.69,"Plan Rows": 2,"Plan Width": 32,"Actual Startup Time": 78.837,"Actual Total Time": 94.063,"Actual Rows": 3,"Actual Loops": 1,"Workers Planned": 2,"Workers Launched": 2,"Single Copy": false,"Plans": [{"Node Type": "Aggregate","Strategy": "Plain","Partial Mode": "Partial","Parent Relationship": "Outer","Parallel Aware": false,"Async Capable": false,"Startup Cost": 32278.48,"Total Cost": 32278.49,"Plan Rows": 1,"Plan Width": 32,"Actual Startup Time": 72.531,"Actual Total Time": 72.534,"Actual Rows": 1,"Actual Loops": 3,"Workers": [],"Plans": [{"Node Type": "Nested Loop","Parent Relationship": "Outer","Parallel Aware": false,"Async Capable": false,"Join Type": "Inner","Startup Cost": 0.43,"Total Cost": 32278.13,"Plan Rows": 46,"Plan Width": 12,"Actual Startup Time": 4.521,"Actual Total Time": 72.487,"Actual Rows": 37,"Actual Loops": 3,"Inner Unique": false,"Workers": [],"Plans": [{"Node Type": "Seq Scan","Parent Relationship": "Outer","Parallel Aware": true,"Async Capable": false,"Relation Name": "part","Alias": "part","Startup Cost": 0.00,"Total Cost": 7638.67,"Plan Rows": 200,"Plan Width": 30,"Actual Startup Time": 0.343,"Actual Total Time": 30.738,"Actual Rows": 157,"Actual Loops": 3,"Filter": "((p_size >= 1) AND (((p_brand = 'Brand#14'::bpchar) AND (p_container = ANY ('{\"SM CASE\",\"SM BOX\",\"SM PACK\",\"SM PKG\"}'::bpchar[])) AND (p_size <= 5)) OR ((p_brand = 'Brand#25'::bpchar) AND (p_container = ANY ('{\"MED BAG\",\"MED BOX\",\"MED PKG\",\"MED PACK\"}'::bpchar[])) AND (p_size <= 10)) OR ((p_brand = 'Brand#13'::bpchar) AND (p_container = ANY ('{\"LG CASE\",\"LG BOX\",\"LG PACK\",\"LG PKG\"}'::bpchar[])) AND (p_size <= 15))))","Rows Removed by Filter": 66509,"Workers": []},{"Node Type": "Index Scan","Parent Relationship": "Inner","Parallel Aware": false,"Async Capable": false,"Scan Direction": "Forward","Index Name": "idx_lineitem_part_supp","Relation Name": "lineitem","Alias": "lineitem","Startup Cost": 0.43,"Total Cost": 123.19,"Plan Rows": 1,"Plan Width": 21,"Actual Startup Time": 0.239,"Actual Total Time": 0.265,"Actual Rows": 0,"Actual Loops": 472,"Index Cond": "(l_partkey = part.p_partkey)","Rows Removed by Index Recheck": 0,"Filter": "((l_shipmode = ANY ('{AIR,\"AIR REG\"}'::bpchar[])) AND (l_shipinstruct = 'DELIVER IN PERSON'::bpchar) AND (((l_quantity >= '2'::numeric) AND (l_quantity <= '12'::numeric)) OR ((l_quantity >= '16'::numeric) AND (l_quantity <= '26'::numeric)) OR ((l_quantity >= '24'::numeric) AND (l_quantity <= '34'::numeric))) AND (((part.p_brand = 'Brand#14'::bpchar) AND (part.p_container = ANY ('{\"SM CASE\",\"SM BOX\",\"SM PACK\",\"SM PKG\"}'::bpchar[])) AND (l_quantity >= '2'::numeric) AND (l_quantity <= '12'::numeric) AND (part.p_size <= 5)) OR ((part.p_brand = 'Brand#25'::bpchar) AND (part.p_container = ANY ('{\"MED BAG\",\"MED BOX\",\"MED PKG\",\"MED PACK\"}'::bpchar[])) AND (l_quantity >= '16'::numeric) AND (l_quantity <= '26'::numeric) AND (part.p_size <= 10)) OR ((part.p_brand = 'Brand#13'::bpchar) AND (part.p_container = ANY ('{\"LG CASE\",\"LG BOX\",\"LG PACK\",\"LG PKG\"}'::bpchar[])) AND (l_quantity >= '24'::numeric) AND (l_quantity <= '34'::numeric) AND (part.p_size <= 15))))","Rows Removed by Filter": 30,"Workers": []}]}]}]}]},"Planning Time": 5.195,"Triggers": [],"Execution Time": 94.300}]
[{"Plan": {"Node Type": "Aggregate","Strategy": "Plain","Partial Mode": "Finalize","Parallel Aware": false,"Async Capable": false,"Startup Cost": 33856.62,"Total Cost": 33856.63,"Plan Rows": 1,"Plan Width": 32,"Actual Startup Time": 81.389,"Actual Total Time": 95.295,"Actual Rows": 1,"Actual Loops": 1,"Plans": [{"Node Type": "Gather","Parent Relationship": "Outer","Parallel Aware": false,"Async Capable": false,"Startup Cost": 33856.40,"Total Cost": 33856.61,"Plan Rows": 2,"Plan Width": 32,"Actual Startup Time": 81.160,"Actual Total Time": 95.261,"Actual Rows": 3,"Actual Loops": 1,"Workers Planned": 2,"Workers Launched": 2,"Single Copy": false,"Plans": [{"Node Type": "Aggregate","Strategy": "Plain","Partial Mode": "Partial","Parent Relationship": "Outer","Parallel Aware": false,"Async Capable": false,"Startup Cost": 32856.40,"Total Cost": 32856.41,"Plan Rows": 1,"Plan Width": 32,"Actual Startup Time": 74.673,"Actual Total Time": 74.674,"Actual Rows": 1,"Actual Loops": 3,"Workers": [],"Plans": [{"Node Type": "Nested Loop","Parent Relationship": "Outer","Parallel Aware": false,"Async Capable": false,"Join Type": "Inner","Startup Cost": 0.43,"Total Cost": 32856.04,"Plan Rows": 48,"Plan Width": 12,"Actual Startup Time": 4.130,"Actual Total Time": 74.627,"Actual Rows": 38,"Actual Loops": 3,"Inner Unique": false,"Workers": [],"Plans": [{"Node Type": "Seq Scan","Parent Relationship": "Outer","Parallel Aware": true,"Async Capable": false,"Relation Name": "part","Alias": "part","Startup Cost": 0.00,"Total Cost": 7638.67,"Plan Rows": 205,"Plan Width": 30,"Actual Startup Time": 0.816,"Actual Total Time": 31.768,"Actual Rows": 161,"Actual Loops": 3,"Filter": "((p_size >= 1) AND (((p_brand = 'Brand#34'::bpchar) AND (p_container = ANY ('{\"SM CASE\",\"SM BOX\",\"SM PACK\",\"SM PKG\"}'::bpchar[])) AND (p_size <= 5)) OR ((p_brand = 'Brand#21'::bpchar) AND (p_container = ANY ('{\"MED BAG\",\"MED BOX\",\"MED PKG\",\"MED PACK\"}'::bpchar[])) AND (p_size <= 10)) OR ((p_brand = 'Brand#35'::bpchar) AND (p_container = ANY ('{\"LG CASE\",\"LG BOX\",\"LG PACK\",\"LG PKG\"}'::bpchar[])) AND (p_size <= 15))))","Rows Removed by Filter": 66506,"Workers": []},{"Node Type": "Index Scan","Parent Relationship": "Inner","Parallel Aware": false,"Async Capable": false,"Scan Direction": "Forward","Index Name": "idx_lineitem_part_supp","Relation Name": "lineitem","Alias": "lineitem","Startup Cost": 0.43,"Total Cost": 123.00,"Plan Rows": 1,"Plan Width": 21,"Actual Startup Time": 0.235,"Actual Total Time": 0.266,"Actual Rows": 0,"Actual Loops": 483,"Index Cond": "(l_partkey = part.p_partkey)","Rows Removed by Index Recheck": 0,"Filter": "((l_shipmode = ANY ('{AIR,\"AIR REG\"}'::bpchar[])) AND (l_shipinstruct = 'DELIVER IN PERSON'::bpchar) AND (((l_quantity >= '10'::numeric) AND (l_quantity <= '20'::numeric)) OR ((l_quantity >= '15'::numeric) AND (l_quantity <= '25'::numeric)) OR ((l_quantity >= '28'::numeric) AND (l_quantity <= '38'::numeric))) AND (((part.p_brand = 'Brand#34'::bpchar) AND (part.p_container = ANY ('{\"SM CASE\",\"SM BOX\",\"SM PACK\",\"SM PKG\"}'::bpchar[])) AND (l_quantity >= '10'::numeric) AND (l_quantity <= '20'::numeric) AND (part.p_size <= 5)) OR ((part.p_brand = 'Brand#21'::bpchar) AND (part.p_container = ANY ('{\"MED BAG\",\"MED BOX\",\"MED PKG\",\"MED PACK\"}'::bpchar[])) AND (l_quantity >= '15'::numeric) AND (l_quantity <= '25'::numeric) AND (part.p_size <= 10)) OR ((part.p_brand = 'Brand#35'::bpchar) AND (part.p_container = ANY ('{\"LG CASE\",\"LG BOX\",\"LG PACK\",\"LG PKG\"}'::bpchar[])) AND (l_quantity >= '28'::numeric) AND (l_quantity <= '38'::numeric) AND (part.p_size <= 15))))","Rows Removed by Filter": 30,"Workers": []}]}]}]}]},"Planning Time": 6.828,"Triggers": [],"Execution Time": 95.464}]
[{"Plan": {"Node Type": "Aggregate","Strategy": "Plain","Partial Mode": "Finalize","Parallel Aware": false,"Async Capable": false,"Startup Cost": 33391.37,"Total Cost": 33391.38,"Plan Rows": 1,"Plan Width": 32,"Actual Startup Time": 87.786,"Actual Total Time": 104.160,"Actual Rows": 1,"Actual Loops": 1,"Plans": [{"Node Type": "Gather","Parent Relationship": "Outer","Parallel Aware": false,"Async Capable": false,"Startup Cost": 33391.15,"Total Cost": 33391.36,"Plan Rows": 2,"Plan Width": 32,"Actual Startup Time": 87.560,"Actual Total Time": 104.129,"Actual Rows": 3,"Actual Loops": 1,"Workers Planned": 2,"Workers Launched": 2,"Single Copy": false,"Plans": [{"Node Type": "Aggregate","Strategy": "Plain","Partial Mode": "Partial","Parent Relationship": "Outer","Parallel Aware": false,"Async Capable": false,"Startup Cost": 32391.15,"Total Cost": 32391.16,"Plan Rows": 1,"Plan Width": 32,"Actual Startup Time": 81.616,"Actual Total Time": 81.619,"Actual Rows": 1,"Actual Loops": 3,"Workers": [],"Plans": [{"Node Type": "Nested Loop","Parent Relationship": "Outer","Parallel Aware": false,"Async Capable": false,"Join Type": "Inner","Startup Cost": 0.43,"Total Cost": 32390.79,"Plan Rows": 47,"Plan Width": 12,"Actual Startup Time": 3.506,"Actual Total Time": 81.576,"Actual Rows": 39,"Actual Loops": 3,"Inner Unique": false,"Workers": [],"Plans": [{"Node Type": "Seq Scan","Parent Relationship": "Outer","Parallel Aware": true,"Async Capable": false,"Relation Name": "part","Alias": "part","Startup Cost": 0.00,"Total Cost": 7638.67,"Plan Rows": 201,"Plan Width": 30,"Actual Startup Time": 0.361,"Actual Total Time": 35.640,"Actual Rows": 165,"Actual Loops": 3,"Filter": "((p_size >= 1) AND (((p_brand = 'Brand#41'::bpchar) AND (p_container = ANY ('{\"SM CASE\",\"SM BOX\",\"SM PACK\",\"SM PKG\"}'::bpchar[])) AND (p_size <= 5)) OR ((p_brand = 'Brand#43'::bpchar) AND (p_container = ANY ('{\"MED BAG\",\"MED BOX\",\"MED PKG\",\"MED PACK\"}'::bpchar[])) AND (p_size <= 10)) OR ((p_brand = 'Brand#13'::bpchar) AND (p_container = ANY ('{\"LG CASE\",\"LG BOX\",\"LG PACK\",\"LG PKG\"}'::bpchar[])) AND (p_size <= 15))))","Rows Removed by Filter": 66501,"Workers": []},{"Node Type": "Index Scan","Parent Relationship": "Inner","Parallel Aware": false,"Async Capable": false,"Scan Direction": "Forward","Index Name": "idx_lineitem_part_supp","Relation Name": "lineitem","Alias": "lineitem","Startup Cost": 0.43,"Total Cost": 123.13,"Plan Rows": 1,"Plan Width": 21,"Actual Startup Time": 0.249,"Actual Total Time": 0.277,"Actual Rows": 0,"Actual Loops": 496,"Index Cond": "(l_partkey = part.p_partkey)","Rows Removed by Index Recheck": 0,"Filter": "((l_shipmode = ANY ('{AIR,\"AIR REG\"}'::bpchar[])) AND (l_shipinstruct = 'DELIVER IN PERSON'::bpchar) AND (((l_quantity >= '4'::numeric) AND (l_quantity <= '14'::numeric)) OR ((l_quantity >= '17'::numeric) AND (l_quantity <= '27'::numeric)) OR ((l_quantity >= '21'::numeric) AND (l_quantity <= '31'::numeric))) AND (((part.p_brand = 'Brand#41'::bpchar) AND (part.p_container = ANY ('{\"SM CASE\",\"SM BOX\",\"SM PACK\",\"SM PKG\"}'::bpchar[])) AND (l_quantity >= '4'::numeric) AND (l_quantity <= '14'::numeric) AND (part.p_size <= 5)) OR ((part.p_brand = 'Brand#43'::bpchar) AND (part.p_container = ANY ('{\"MED BAG\",\"MED BOX\",\"MED PKG\",\"MED PACK\"}'::bpchar[])) AND (l_quantity >= '17'::numeric) AND (l_quantity <= '27'::numeric) AND (part.p_size <= 10)) OR ((part.p_brand = 'Brand#13'::bpchar) AND (part.p_container = ANY ('{\"LG CASE\",\"LG BOX\",\"LG PACK\",\"LG PKG\"}'::bpchar[])) AND (l_quantity >= '21'::numeric) AND (l_quantity <= '31'::numeric) AND (part.p_size <= 15))))","Rows Removed by Filter": 30,"Workers": []}]}]}]}]},"Planning Time": 6.874,"Triggers": [],"Execution Time": 104.348}]
[{"Plan": {"Node Type": "Aggregate","Strategy": "Plain","Partial Mode": "Finalize","Parallel Aware": false,"Async Capable": false,"Startup Cost": 33164.70,"Total Cost": 33164.71,"Plan Rows": 1,"Plan Width": 32,"Actual Startup Time": 87.541,"Actual Total Time": 103.058,"Actual Rows": 1,"Actual Loops": 1,"Plans": [{"Node Type": "Gather","Parent Relationship": "Outer","Parallel Aware": false,"Async Capable": false,"Startup Cost": 33164.48,"Total Cost": 33164.69,"Plan Rows": 2,"Plan Width": 32,"Actual Startup Time": 87.498,"Actual Total Time": 103.020,"Actual Rows": 3,"Actual Loops": 1,"Workers Planned": 2,"Workers Launched": 2,"Single Copy": false,"Plans": [{"Node Type": "Aggregate","Strategy": "Plain","Partial Mode": "Partial","Parent Relationship": "Outer","Parallel Aware": false,"Async Capable": false,"Startup Cost": 32164.48,"Total Cost": 32164.49,"Plan Rows": 1,"Plan Width": 32,"Actual Startup Time": 80.306,"Actual Total Time": 80.308,"Actual Rows": 1,"Actual Loops": 3,"Workers": [],"Plans": [{"Node Type": "Nested Loop","Parent Relationship": "Outer","Parallel Aware": false,"Async Capable": false,"Join Type": "Inner","Startup Cost": 0.43,"Total Cost": 32164.13,"Plan Rows": 46,"Plan Width": 12,"Actual Startup Time": 4.472,"Actual Total Time": 80.263,"Actual Rows": 33,"Actual Loops": 3,"Inner Unique": false,"Workers": [],"Plans": [{"Node Type": "Seq Scan","Parent Relationship": "Outer","Parallel Aware": true,"Async Capable": false,"Relation Name": "part","Alias": "part","Startup Cost": 0.00,"Total Cost": 7638.67,"Plan Rows": 199,"Plan Width": 30,"Actual Startup Time": 0.172,"Actual Total Time": 34.923,"Actual Rows": 165,"Actual Loops": 3,"Filter": "((p_size >= 1) AND (((p_brand = 'Brand#11'::bpchar) AND (p_container = ANY ('{\"SM CASE\",\"SM BOX\",\"SM PACK\",\"SM PKG\"}'::bpchar[])) AND (p_size <= 5)) OR ((p_brand = 'Brand#32'::bpchar) AND (p_container = ANY ('{\"MED BAG\",\"MED BOX\",\"MED PKG\",\"MED PACK\"}'::bpchar[])) AND (p_size <= 10)) OR ((p_brand = 'Brand#13'::bpchar) AND (p_container = ANY ('{\"LG CASE\",\"LG BOX\",\"LG PACK\",\"LG PKG\"}'::bpchar[])) AND (p_size <= 15))))","Rows Removed by Filter": 66501,"Workers": []},{"Node Type": "Index Scan","Parent Relationship": "Inner","Parallel Aware": false,"Async Capable": false,"Scan Direction": "Forward","Index Name": "idx_lineitem_part_supp","Relation Name": "lineitem","Alias": "lineitem","Startup Cost": 0.43,"Total Cost": 123.23,"Plan Rows": 1,"Plan Width": 21,"Actual Startup Time": 0.251,"Actual Total Time": 0.274,"Actual Rows": 0,"Actual Loops": 496,"Index Cond": "(l_partkey = part.p_partkey)","Rows Removed by Index Recheck": 0,"Filter": "((l_shipmode = ANY ('{AIR,\"AIR REG\"}'::bpchar[])) AND (l_shipinstruct = 'DELIVER IN PERSON'::bpchar) AND (((l_quantity >= '1'::numeric) AND (l_quantity <= '11'::numeric)) OR ((l_quantity >= '13'::numeric) AND (l_quantity <= '23'::numeric)) OR ((l_quantity >= '25'::numeric) AND (l_quantity <= '35'::numeric))) AND (((part.p_brand = 'Brand#11'::bpchar) AND (part.p_container = ANY ('{\"SM CASE\",\"SM BOX\",\"SM PACK\",\"SM PKG\"}'::bpchar[])) AND (l_quantity >= '1'::numeric) AND (l_quantity <= '11'::numeric) AND (part.p_size <= 5)) OR ((part.p_brand = 'Brand#32'::bpchar) AND (part.p_container = ANY ('{\"MED BAG\",\"MED BOX\",\"MED PKG\",\"MED PACK\"}'::bpchar[])) AND (l_quantity >= '13'::numeric) AND (l_quantity <= '23'::numeric) AND (part.p_size <= 10)) OR ((part.p_brand = 'Brand#13'::bpchar) AND (part.p_container = ANY ('{\"LG CASE\",\"LG BOX\",\"LG PACK\",\"LG PKG\"}'::bpchar[])) AND (l_quantity >= '25'::numeric) AND (l_quantity <= '35'::numeric) AND (part.p_size <= 15))))","Rows Removed by Filter": 30,"Workers": []}]}]}]}]},"Planning Time": 6.906,"Triggers": [],"Execution Time": 103.219}]
[{"Plan": {"Node Type": "Aggregate","Strategy": "Plain","Partial Mode": "Finalize","Parallel Aware": false,"Async Capable": false,"Startup Cost": 33510.49,"Total Cost": 33510.50,"Plan Rows": 1,"Plan Width": 32,"Actual Startup Time": 81.013,"Actual Total Time": 96.130,"Actual Rows": 1,"Actual Loops": 1,"Plans": [{"Node Type": "Gather","Parent Relationship": "Outer","Parallel Aware": false,"Async Capable": false,"Startup Cost": 33510.27,"Total Cost": 33510.48,"Plan Rows": 2,"Plan Width": 32,"Actual Startup Time": 80.847,"Actual Total Time": 96.099,"Actual Rows": 3,"Actual Loops": 1,"Workers Planned": 2,"Workers Launched": 2,"Single Copy": false,"Plans": [{"Node Type": "Aggregate","Strategy": "Plain","Partial Mode": "Partial","Parent Relationship": "Outer","Parallel Aware": false,"Async Capable": false,"Startup Cost": 32510.27,"Total Cost": 32510.28,"Plan Rows": 1,"Plan Width": 32,"Actual Startup Time": 74.582,"Actual Total Time": 74.585,"Actual Rows": 1,"Actual Loops": 3,"Workers": [],"Plans": [{"Node Type": "Nested Loop","Parent Relationship": "Outer","Parallel Aware": false,"Async Capable": false,"Join Type": "Inner","Startup Cost": 0.43,"Total Cost": 32509.91,"Plan Rows": 47,"Plan Width": 12,"Actual Startup Time": 5.615,"Actual Total Time": 74.542,"Actual Rows": 40,"Actual Loops": 3,"Inner Unique": false,"Workers": [],"Plans": [{"Node Type": "Seq Scan","Parent Relationship": "Outer","Parallel Aware": true,"Async Capable": false,"Relation Name": "part","Alias": "part","Startup Cost": 0.00,"Total Cost": 7638.67,"Plan Rows": 202,"Plan Width": 30,"Actual Startup Time": 0.292,"Actual Total Time": 30.724,"Actual Rows": 163,"Actual Loops": 3,"Filter": "((p_size >= 1) AND (((p_brand = 'Brand#53'::bpchar) AND (p_container = ANY ('{\"SM CASE\",\"SM BOX\",\"SM PACK\",\"SM PKG\"}'::bpchar[])) AND (p_size <= 5)) OR ((p_brand = 'Brand#35'::bpchar) AND (p_container = ANY ('{\"MED BAG\",\"MED BOX\",\"MED PKG\",\"MED PACK\"}'::bpchar[])) AND (p_size <= 10)) OR ((p_brand = 'Brand#51'::bpchar) AND (p_container = ANY ('{\"LG CASE\",\"LG BOX\",\"LG PACK\",\"LG PKG\"}'::bpchar[])) AND (p_size <= 15))))","Rows Removed by Filter": 66503,"Workers": []},{"Node Type": "Index Scan","Parent Relationship": "Inner","Parallel Aware": false,"Async Capable": false,"Scan Direction": "Forward","Index Name": "idx_lineitem_part_supp","Relation Name": "lineitem","Alias": "lineitem","Startup Cost": 0.43,"Total Cost": 123.11,"Plan Rows": 1,"Plan Width": 21,"Actual Startup Time": 0.241,"Actual Total Time": 0.268,"Actual Rows": 0,"Actual Loops": 490,"Index Cond": "(l_partkey = part.p_partkey)","Rows Removed by Index Recheck": 0,"Filter": "((l_shipmode = ANY ('{AIR,\"AIR REG\"}'::bpchar[])) AND (l_shipinstruct = 'DELIVER IN PERSON'::bpchar) AND (((l_quantity >= '2'::numeric) AND (l_quantity <= '12'::numeric)) OR ((l_quantity >= '10'::numeric) AND (l_quantity <= '20'::numeric)) OR ((l_quantity >= '29'::numeric) AND (l_quantity <= '39'::numeric))) AND (((part.p_brand = 'Brand#53'::bpchar) AND (part.p_container = ANY ('{\"SM CASE\",\"SM BOX\",\"SM PACK\",\"SM PKG\"}'::bpchar[])) AND (l_quantity >= '2'::numeric) AND (l_quantity <= '12'::numeric) AND (part.p_size <= 5)) OR ((part.p_brand = 'Brand#35'::bpchar) AND (part.p_container = ANY ('{\"MED BAG\",\"MED BOX\",\"MED PKG\",\"MED PACK\"}'::bpchar[])) AND (l_quantity >= '10'::numeric) AND (l_quantity <= '20'::numeric) AND (part.p_size <= 10)) OR ((part.p_brand = 'Brand#51'::bpchar) AND (part.p_container = ANY ('{\"LG CASE\",\"LG BOX\",\"LG PACK\",\"LG PKG\"}'::bpchar[])) AND (l_quantity >= '29'::numeric) AND (l_quantity <= '39'::numeric) AND (part.p_size <= 15))))","Rows Removed by Filter": 30,"Workers": []}]}]}]}]},"Planning Time": 6.114,"Triggers": [],"Execution Time": 96.372}]
[{"Plan": {"Node Type": "Aggregate","Strategy": "Plain","Partial Mode": "Finalize","Parallel Aware": false,"Async Capable": false,"Startup Cost": 33736.03,"Total Cost": 33736.04,"Plan Rows": 1,"Plan Width": 32,"Actual Startup Time": 85.251,"Actual Total Time": 99.743,"Actual Rows": 1,"Actual Loops": 1,"Plans": [{"Node Type": "Gather","Parent Relationship": "Outer","Parallel Aware": false,"Async Capable": false,"Startup Cost": 33735.81,"Total Cost": 33736.02,"Plan Rows": 2,"Plan Width": 32,"Actual Startup Time": 85.084,"Actual Total Time": 99.718,"Actual Rows": 3,"Actual Loops": 1,"Workers Planned": 2,"Workers Launched": 2,"Single Copy": false,"Plans": [{"Node Type": "Aggregate","Strategy": "Plain","Partial Mode": "Partial","Parent Relationship": "Outer","Parallel Aware": false,"Async Capable": false,"Startup Cost": 32735.81,"Total Cost": 32735.82,"Plan Rows": 1,"Plan Width": 32,"Actual Startup Time": 77.800,"Actual Total Time": 77.802,"Actual Rows": 1,"Actual Loops": 3,"Workers": [],"Plans": [{"Node Type": "Nested Loop","Parent Relationship": "Outer","Parallel Aware": false,"Async Capable": false,"Join Type": "Inner","Startup Cost": 0.43,"Total Cost": 32735.45,"Plan Rows": 48,"Plan Width": 12,"Actual Startup Time": 2.559,"Actual Total Time": 77.757,"Actual Rows": 38,"Actual Loops": 3,"Inner Unique": false,"Workers": [],"Plans": [{"Node Type": "Seq Scan","Parent Relationship": "Outer","Parallel Aware": true,"Async Capable": false,"Relation Name": "part","Alias": "part","Startup Cost": 0.00,"Total Cost": 7638.67,"Plan Rows": 204,"Plan Width": 30,"Actual Startup Time": 0.376,"Actual Total Time": 34.701,"Actual Rows": 156,"Actual Loops": 3,"Filter": "((p_size >= 1) AND (((p_brand = 'Brand#45'::bpchar) AND (p_container = ANY ('{\"SM CASE\",\"SM BOX\",\"SM PACK\",\"SM PKG\"}'::bpchar[])) AND (p_size <= 5)) OR ((p_brand = 'Brand#51'::bpchar) AND (p_container = ANY ('{\"MED BAG\",\"MED BOX\",\"MED PKG\",\"MED PACK\"}'::bpchar[])) AND (p_size <= 10)) OR ((p_brand = 'Brand#24'::bpchar) AND (p_container = ANY ('{\"LG CASE\",\"LG BOX\",\"LG PACK\",\"LG PKG\"}'::bpchar[])) AND (p_size <= 15))))","Rows Removed by Filter": 66511,"Workers": []},{"Node Type": "Index Scan","Parent Relationship": "Inner","Parallel Aware": false,"Async Capable": false,"Scan Direction": "Forward","Index Name": "idx_lineitem_part_supp","Relation Name": "lineitem","Alias": "lineitem","Startup Cost": 0.43,"Total Cost": 123.01,"Plan Rows": 1,"Plan Width": 21,"Actual Startup Time": 0.247,"Actual Total Time": 0.276,"Actual Rows": 0,"Actual Loops": 467,"Index Cond": "(l_partkey = part.p_partkey)","Rows Removed by Index Recheck": 0,"Filter": "((l_shipmode = ANY ('{AIR,\"AIR REG\"}'::bpchar[])) AND (l_shipinstruct = 'DELIVER IN PERSON'::bpchar) AND (((l_quantity >= '10'::numeric) AND (l_quantity <= '20'::numeric)) OR ((l_quantity >= '15'::numeric) AND (l_quantity <= '25'::numeric)) OR ((l_quantity >= '24'::numeric) AND (l_quantity <= '34'::numeric))) AND (((part.p_brand = 'Brand#45'::bpchar) AND (part.p_container = ANY ('{\"SM CASE\",\"SM BOX\",\"SM PACK\",\"SM PKG\"}'::bpchar[])) AND (l_quantity >= '10'::numeric) AND (l_quantity <= '20'::numeric) AND (part.p_size <= 5)) OR ((part.p_brand = 'Brand#51'::bpchar) AND (part.p_container = ANY ('{\"MED BAG\",\"MED BOX\",\"MED PKG\",\"MED PACK\"}'::bpchar[])) AND (l_quantity >= '15'::numeric) AND (l_quantity <= '25'::numeric) AND (part.p_size <= 10)) OR ((part.p_brand = 'Brand#24'::bpchar) AND (part.p_container = ANY ('{\"LG CASE\",\"LG BOX\",\"LG PACK\",\"LG PKG\"}'::bpchar[])) AND (l_quantity >= '24'::numeric) AND (l_quantity <= '34'::numeric) AND (part.p_size <= 15))))","Rows Removed by Filter": 30,"Workers": []}]}]}]}]},"Planning Time": 6.466,"Triggers": [],"Execution Time": 99.959}]
[{"Plan": {"Node Type": "Aggregate","Strategy": "Plain","Partial Mode": "Finalize","Parallel Aware": false,"Async Capable": false,"Startup Cost": 33393.76,"Total Cost": 33393.77,"Plan Rows": 1,"Plan Width": 32,"Actual Startup Time": 77.885,"Actual Total Time": 91.871,"Actual Rows": 1,"Actual Loops": 1,"Plans": [{"Node Type": "Gather","Parent Relationship": "Outer","Parallel Aware": false,"Async Capable": false,"Startup Cost": 33393.54,"Total Cost": 33393.75,"Plan Rows": 2,"Plan Width": 32,"Actual Startup Time": 77.521,"Actual Total Time": 91.832,"Actual Rows": 3,"Actual Loops": 1,"Workers Planned": 2,"Workers Launched": 2,"Single Copy": false,"Plans": [{"Node Type": "Aggregate","Strategy": "Plain","Partial Mode": "Partial","Parent Relationship": "Outer","Parallel Aware": false,"Async Capable": false,"Startup Cost": 32393.54,"Total Cost": 32393.55,"Plan Rows": 1,"Plan Width": 32,"Actual Startup Time": 71.025,"Actual Total Time": 71.027,"Actual Rows": 1,"Actual Loops": 3,"Workers": [],"Plans": [{"Node Type": "Nested Loop","Parent Relationship": "Outer","Parallel Aware": false,"Async Capable": false,"Join Type": "Inner","Startup Cost": 0.43,"Total Cost": 32393.18,"Plan Rows": 47,"Plan Width": 12,"Actual Startup Time": 4.614,"Actual Total Time": 70.982,"Actual Rows": 31,"Actual Loops": 3,"Inner Unique": false,"Workers": [],"Plans": [{"Node Type": "Seq Scan","Parent Relationship": "Outer","Parallel Aware": true,"Async Capable": false,"Relation Name": "part","Alias": "part","Startup Cost": 0.00,"Total Cost": 7638.67,"Plan Rows": 201,"Plan Width": 30,"Actual Startup Time": 0.442,"Actual Total Time": 31.302,"Actual Rows": 147,"Actual Loops": 3,"Filter": "((p_size >= 1) AND (((p_brand = 'Brand#21'::bpchar) AND (p_container = ANY ('{\"SM CASE\",\"SM BOX\",\"SM PACK\",\"SM PKG\"}'::bpchar[])) AND (p_size <= 5)) OR ((p_brand = 'Brand#14'::bpchar) AND (p_container = ANY ('{\"MED BAG\",\"MED BOX\",\"MED PKG\",\"MED PACK\"}'::bpchar[])) AND (p_size <= 10)) OR ((p_brand = 'Brand#23'::bpchar) AND (p_container = ANY ('{\"LG CASE\",\"LG BOX\",\"LG PACK\",\"LG PKG\"}'::bpchar[])) AND (p_size <= 15))))","Rows Removed by Filter": 66519,"Workers": []},{"Node Type": "Index Scan","Parent Relationship": "Inner","Parallel Aware": false,"Async Capable": false,"Scan Direction": "Forward","Index Name": "idx_lineitem_part_supp","Relation Name": "lineitem","Alias": "lineitem","Startup Cost": 0.43,"Total Cost": 123.15,"Plan Rows": 1,"Plan Width": 21,"Actual Startup Time": 0.245,"Actual Total Time": 0.269,"Actual Rows": 0,"Actual Loops": 442,"Index Cond": "(l_partkey = part.p_partkey)","Rows Removed by Index Recheck": 0,"Filter": "((l_shipmode = ANY ('{AIR,\"AIR REG\"}'::bpchar[])) AND (l_shipinstruct = 'DELIVER IN PERSON'::bpchar) AND (((l_quantity >= '2'::numeric) AND (l_quantity <= '12'::numeric)) OR ((l_quantity >= '14'::numeric) AND (l_quantity <= '24'::numeric)) OR ((l_quantity >= '22'::numeric) AND (l_quantity <= '32'::numeric))) AND (((part.p_brand = 'Brand#21'::bpchar) AND (part.p_container = ANY ('{\"SM CASE\",\"SM BOX\",\"SM PACK\",\"SM PKG\"}'::bpchar[])) AND (l_quantity >= '2'::numeric) AND (l_quantity <= '12'::numeric) AND (part.p_size <= 5)) OR ((part.p_brand = 'Brand#14'::bpchar) AND (part.p_container = ANY ('{\"MED BAG\",\"MED BOX\",\"MED PKG\",\"MED PACK\"}'::bpchar[])) AND (l_quantity >= '14'::numeric) AND (l_quantity <= '24'::numeric) AND (part.p_size <= 10)) OR ((part.p_brand = 'Brand#23'::bpchar) AND (part.p_container = ANY ('{\"LG CASE\",\"LG BOX\",\"LG PACK\",\"LG PKG\"}'::bpchar[])) AND (l_quantity >= '22'::numeric) AND (l_quantity <= '32'::numeric) AND (part.p_size <= 15))))","Rows Removed by Filter": 29,"Workers": []}]}]}]}]},"Planning Time": 6.687,"Triggers": [],"Execution Time": 92.088}]
[{"Plan": {"Node Type": "Aggregate","Strategy": "Plain","Partial Mode": "Finalize","Parallel Aware": false,"Async Capable": false,"Startup Cost": 33860.14,"Total Cost": 33860.15,"Plan Rows": 1,"Plan Width": 32,"Actual Startup Time": 80.202,"Actual Total Time": 94.205,"Actual Rows": 1,"Actual Loops": 1,"Plans": [{"Node Type": "Gather","Parent Relationship": "Outer","Parallel Aware": false,"Async Capable": false,"Startup Cost": 33859.91,"Total Cost": 33860.12,"Plan Rows": 2,"Plan Width": 32,"Actual Startup Time": 79.979,"Actual Total Time": 94.186,"Actual Rows": 3,"Actual Loops": 1,"Workers Planned": 2,"Workers Launched": 2,"Single Copy": false,"Plans": [{"Node Type": "Aggregate","Strategy": "Plain","Partial Mode": "Partial","Parent Relationship": "Outer","Parallel Aware": false,"Async Capable": false,"Startup Cost": 32859.91,"Total Cost": 32859.92,"Plan Rows": 1,"Plan Width": 32,"Actual Startup Time": 73.319,"Actual Total Time": 73.321,"Actual Rows": 1,"Actual Loops": 3,"Workers": [],"Plans": [{"Node Type": "Nested Loop","Parent Relationship": "Outer","Parallel Aware": false,"Async Capable": false,"Join Type": "Inner","Startup Cost": 0.43,"Total Cost": 32859.55,"Plan Rows": 48,"Plan Width": 12,"Actual Startup Time": 2.892,"Actual Total Time": 73.277,"Actual Rows": 33,"Actual Loops": 3,"Inner Unique": false,"Workers": [],"Plans": [{"Node Type": "Seq Scan","Parent Relationship": "Outer","Parallel Aware": true,"Async Capable": false,"Relation Name": "part","Alias": "part","Startup Cost": 0.00,"Total Cost": 7638.67,"Plan Rows": 205,"Plan Width": 30,"Actual Startup Time": 1.071,"Actual Total Time": 31.720,"Actual Rows": 160,"Actual Loops": 3,"Filter": "((p_size >= 1) AND (((p_brand = 'Brand#35'::bpchar) AND (p_container = ANY ('{\"SM CASE\",\"SM BOX\",\"SM PACK\",\"SM PKG\"}'::bpchar[])) AND (p_size <= 5)) OR ((p_brand = 'Brand#55'::bpchar) AND (p_container = ANY ('{\"MED BAG\",\"MED BOX\",\"MED PKG\",\"MED PACK\"}'::bpchar[])) AND (p_size <= 10)) OR ((p_brand = 'Brand#14'::bpchar) AND (p_container = ANY ('{\"LG CASE\",\"LG BOX\",\"LG PACK\",\"LG PKG\"}'::bpchar[])) AND (p_size <= 15))))","Rows Removed by Filter": 66507,"Workers": []},{"Node Type": "Index Scan","Parent Relationship": "Inner","Parallel Aware": false,"Async Capable": false,"Scan Direction": "Forward","Index Name": "idx_lineitem_part_supp","Relation Name": "lineitem","Alias": "lineitem","Startup Cost": 0.43,"Total Cost": 123.02,"Plan Rows": 1,"Plan Width": 21,"Actual Startup Time": 0.232,"Actual Total Time": 0.260,"Actual Rows": 0,"Actual Loops": 479,"Index Cond": "(l_partkey = part.p_partkey)","Rows Removed by Index Recheck": 0,"Filter": "((l_shipmode = ANY ('{AIR,\"AIR REG\"}'::bpchar[])) AND (l_shipinstruct = 'DELIVER IN PERSON'::bpchar) AND (((l_quantity >= '10'::numeric) AND (l_quantity <= '20'::numeric)) OR ((l_quantity >= '15'::numeric) AND (l_quantity <= '25'::numeric)) OR ((l_quantity >= '23'::numeric) AND (l_quantity <= '33'::numeric))) AND (((part.p_brand = 'Brand#35'::bpchar) AND (part.p_container = ANY ('{\"SM CASE\",\"SM BOX\",\"SM PACK\",\"SM PKG\"}'::bpchar[])) AND (l_quantity >= '10'::numeric) AND (l_quantity <= '20'::numeric) AND (part.p_size <= 5)) OR ((part.p_brand = 'Brand#55'::bpchar) AND (part.p_container = ANY ('{\"MED BAG\",\"MED BOX\",\"MED PKG\",\"MED PACK\"}'::bpchar[])) AND (l_quantity >= '15'::numeric) AND (l_quantity <= '25'::numeric) AND (part.p_size <= 10)) OR ((part.p_brand = 'Brand#14'::bpchar) AND (part.p_container = ANY ('{\"LG CASE\",\"LG BOX\",\"LG PACK\",\"LG PKG\"}'::bpchar[])) AND (l_quantity >= '23'::numeric) AND (l_quantity <= '33'::numeric) AND (part.p_size <= 15))))","Rows Removed by Filter": 30,"Workers": []}]}]}]}]},"Planning Time": 5.575,"Triggers": [],"Execution Time": 94.397}]
[{"Plan": {"Node Type": "Aggregate","Strategy": "Plain","Partial Mode": "Finalize","Parallel Aware": false,"Async Capable": false,"Startup Cost": 33860.35,"Total Cost": 33860.36,"Plan Rows": 1,"Plan Width": 32,"Actual Startup Time": 78.308,"Actual Total Time": 92.974,"Actual Rows": 1,"Actual Loops": 1,"Plans": [{"Node Type": "Gather","Parent Relationship": "Outer","Parallel Aware": false,"Async Capable": false,"Startup Cost": 33860.13,"Total Cost": 33860.34,"Plan Rows": 2,"Plan Width": 32,"Actual Startup Time": 78.164,"Actual Total Time": 92.954,"Actual Rows": 3,"Actual Loops": 1,"Workers Planned": 2,"Workers Launched": 2,"Single Copy": false,"Plans": [{"Node Type": "Aggregate","Strategy": "Plain","Partial Mode": "Partial","Parent Relationship": "Outer","Parallel Aware": false,"Async Capable": false,"Startup Cost": 32860.13,"Total Cost": 32860.14,"Plan Rows": 1,"Plan Width": 32,"Actual Startup Time": 71.819,"Actual Total Time": 71.822,"Actual Rows": 1,"Actual Loops": 3,"Workers": [],"Plans": [{"Node Type": "Nested Loop","Parent Relationship": "Outer","Parallel Aware": false,"Async Capable": false,"Join Type": "Inner","Startup Cost": 0.43,"Total Cost": 32859.77,"Plan Rows": 48,"Plan Width": 12,"Actual Startup Time": 2.952,"Actual Total Time": 71.780,"Actual Rows": 32,"Actual Loops": 3,"Inner Unique": false,"Workers": [],"Plans": [{"Node Type": "Seq Scan","Parent Relationship": "Outer","Parallel Aware": true,"Async Capable": false,"Relation Name": "part","Alias": "part","Startup Cost": 0.00,"Total Cost": 7638.67,"Plan Rows": 205,"Plan Width": 30,"Actual Startup Time": 0.377,"Actual Total Time": 30.615,"Actual Rows": 153,"Actual Loops": 3,"Filter": "((p_size >= 1) AND (((p_brand = 'Brand#55'::bpchar) AND (p_container = ANY ('{\"SM CASE\",\"SM BOX\",\"SM PACK\",\"SM PKG\"}'::bpchar[])) AND (p_size <= 5)) OR ((p_brand = 'Brand#45'::bpchar) AND (p_container = ANY ('{\"MED BAG\",\"MED BOX\",\"MED PKG\",\"MED PACK\"}'::bpchar[])) AND (p_size <= 10)) OR ((p_brand = 'Brand#51'::bpchar) AND (p_container = ANY ('{\"LG CASE\",\"LG BOX\",\"LG PACK\",\"LG PKG\"}'::bpchar[])) AND (p_size <= 15))))","Rows Removed by Filter": 66513,"Workers": []},{"Node Type": "Index Scan","Parent Relationship": "Inner","Parallel Aware": false,"Async Capable": false,"Scan Direction": "Forward","Index Name": "idx_lineitem_part_supp","Relation Name": "lineitem","Alias": "lineitem","Startup Cost": 0.43,"Total Cost": 123.02,"Plan Rows": 1,"Plan Width": 21,"Actual Startup Time": 0.241,"Actual Total Time": 0.268,"Actual Rows": 0,"Actual Loops": 460,"Index Cond": "(l_partkey = part.p_partkey)","Rows Removed by Index Recheck": 0,"Filter": "((l_shipmode = ANY ('{AIR,\"AIR REG\"}'::bpchar[])) AND (l_shipinstruct = 'DELIVER IN PERSON'::bpchar) AND (((l_quantity >= '7'::numeric) AND (l_quantity <= '17'::numeric)) OR ((l_quantity >= '19'::numeric) AND (l_quantity <= '29'::numeric)) OR ((l_quantity >= '24'::numeric) AND (l_quantity <= '34'::numeric))) AND (((part.p_brand = 'Brand#55'::bpchar) AND (part.p_container = ANY ('{\"SM CASE\",\"SM BOX\",\"SM PACK\",\"SM PKG\"}'::bpchar[])) AND (l_quantity >= '7'::numeric) AND (l_quantity <= '17'::numeric) AND (part.p_size <= 5)) OR ((part.p_brand = 'Brand#45'::bpchar) AND (part.p_container = ANY ('{\"MED BAG\",\"MED BOX\",\"MED PKG\",\"MED PACK\"}'::bpchar[])) AND (l_quantity >= '19'::numeric) AND (l_quantity <= '29'::numeric) AND (part.p_size <= 10)) OR ((part.p_brand = 'Brand#51'::bpchar) AND (part.p_container = ANY ('{\"LG CASE\",\"LG BOX\",\"LG PACK\",\"LG PKG\"}'::bpchar[])) AND (l_quantity >= '24'::numeric) AND (l_quantity <= '34'::numeric) AND (part.p_size <= 15))))","Rows Removed by Filter": 30,"Workers": []}]}]}]}]},"Planning Time": 5.396,"Triggers": [],"Execution Time": 93.209}]
[{"Plan": {"Node Type": "Aggregate","Strategy": "Plain","Partial Mode": "Finalize","Parallel Aware": false,"Async Capable": false,"Startup Cost": 33276.90,"Total Cost": 33276.91,"Plan Rows": 1,"Plan Width": 32,"Actual Startup Time": 82.275,"Actual Total Time": 97.737,"Actual Rows": 1,"Actual Loops": 1,"Plans": [{"Node Type": "Gather","Parent Relationship": "Outer","Parallel Aware": false,"Async Capable": false,"Startup Cost": 33276.67,"Total Cost": 33276.88,"Plan Rows": 2,"Plan Width": 32,"Actual Startup Time": 82.142,"Actual Total Time": 97.710,"Actual Rows": 3,"Actual Loops": 1,"Workers Planned": 2,"Workers Launched": 2,"Single Copy": false,"Plans": [{"Node Type": "Aggregate","Strategy": "Plain","Partial Mode": "Partial","Parent Relationship": "Outer","Parallel Aware": false,"Async Capable": false,"Startup Cost": 32276.67,"Total Cost": 32276.68,"Plan Rows": 1,"Plan Width": 32,"Actual Startup Time": 76.052,"Actual Total Time": 76.054,"Actual Rows": 1,"Actual Loops": 3,"Workers": [],"Plans": [{"Node Type": "Nested Loop","Parent Relationship": "Outer","Parallel Aware": false,"Async Capable": false,"Join Type": "Inner","Startup Cost": 0.43,"Total Cost": 32276.32,"Plan Rows": 47,"Plan Width": 12,"Actual Startup Time": 3.271,"Actual Total Time": 76.004,"Actual Rows": 54,"Actual Loops": 3,"Inner Unique": false,"Workers": [],"Plans": [{"Node Type": "Seq Scan","Parent Relationship": "Outer","Parallel Aware": true,"Async Capable": false,"Relation Name": "part","Alias": "part","Startup Cost": 0.00,"Total Cost": 7638.67,"Plan Rows": 200,"Plan Width": 30,"Actual Startup Time": 0.329,"Actual Total Time": 30.342,"Actual Rows": 176,"Actual Loops": 3,"Filter": "((p_size >= 1) AND (((p_brand = 'Brand#23'::bpchar) AND (p_container = ANY ('{\"SM CASE\",\"SM BOX\",\"SM PACK\",\"SM PKG\"}'::bpchar[])) AND (p_size <= 5)) OR ((p_brand = 'Brand#43'::bpchar) AND (p_container = ANY ('{\"MED BAG\",\"MED BOX\",\"MED PKG\",\"MED PACK\"}'::bpchar[])) AND (p_size <= 10)) OR ((p_brand = 'Brand#22'::bpchar) AND (p_container = ANY ('{\"LG CASE\",\"LG BOX\",\"LG PACK\",\"LG PKG\"}'::bpchar[])) AND (p_size <= 15))))","Rows Removed by Filter": 66491,"Workers": []},{"Node Type": "Index Scan","Parent Relationship": "Inner","Parallel Aware": false,"Async Capable": false,"Scan Direction": "Forward","Index Name": "idx_lineitem_part_supp","Relation Name": "lineitem","Alias": "lineitem","Startup Cost": 0.43,"Total Cost": 123.18,"Plan Rows": 1,"Plan Width": 21,"Actual Startup Time": 0.226,"Actual Total Time": 0.260,"Actual Rows": 0,"Actual Loops": 527,"Index Cond": "(l_partkey = part.p_partkey)","Rows Removed by Index Recheck": 0,"Filter": "((l_shipmode = ANY ('{AIR,\"AIR REG\"}'::bpchar[])) AND (l_shipinstruct = 'DELIVER IN PERSON'::bpchar) AND (((l_quantity >= '6'::numeric) AND (l_quantity <= '16'::numeric)) OR ((l_quantity >= '12'::numeric) AND (l_quantity <= '22'::numeric)) OR ((l_quantity >= '24'::numeric) AND (l_quantity <= '34'::numeric))) AND (((part.p_brand = 'Brand#23'::bpchar) AND (part.p_container = ANY ('{\"SM CASE\",\"SM BOX\",\"SM PACK\",\"SM PKG\"}'::bpchar[])) AND (l_quantity >= '6'::numeric) AND (l_quantity <= '16'::numeric) AND (part.p_size <= 5)) OR ((part.p_brand = 'Brand#43'::bpchar) AND (part.p_container = ANY ('{\"MED BAG\",\"MED BOX\",\"MED PKG\",\"MED PACK\"}'::bpchar[])) AND (l_quantity >= '12'::numeric) AND (l_quantity <= '22'::numeric) AND (part.p_size <= 10)) OR ((part.p_brand = 'Brand#22'::bpchar) AND (part.p_container = ANY ('{\"LG CASE\",\"LG BOX\",\"LG PACK\",\"LG PKG\"}'::bpchar[])) AND (l_quantity >= '24'::numeric) AND (l_quantity <= '34'::numeric) AND (part.p_size <= 15))))","Rows Removed by Filter": 30,"Workers": []}]}]}]}]},"Planning Time": 6.399,"Triggers": [],"Execution Time": 97.906}]
[{"Plan": {"Node Type": "Aggregate","Strategy": "Plain","Partial Mode": "Finalize","Parallel Aware": false,"Async Capable": false,"Startup Cost": 33506.80,"Total Cost": 33506.81,"Plan Rows": 1,"Plan Width": 32,"Actual Startup Time": 85.301,"Actual Total Time": 99.888,"Actual Rows": 1,"Actual Loops": 1,"Plans": [{"Node Type": "Gather","Parent Relationship": "Outer","Parallel Aware": false,"Async Capable": false,"Startup Cost": 33506.58,"Total Cost": 33506.79,"Plan Rows": 2,"Plan Width": 32,"Actual Startup Time": 85.072,"Actual Total Time": 99.857,"Actual Rows": 3,"Actual Loops": 1,"Workers Planned": 2,"Workers Launched": 2,"Single Copy": false,"Plans": [{"Node Type": "Aggregate","Strategy": "Plain","Partial Mode": "Partial","Parent Relationship": "Outer","Parallel Aware": false,"Async Capable": false,"Startup Cost": 32506.58,"Total Cost": 32506.59,"Plan Rows": 1,"Plan Width": 32,"Actual Startup Time": 78.264,"Actual Total Time": 78.267,"Actual Rows": 1,"Actual Loops": 3,"Workers": [],"Plans": [{"Node Type": "Nested Loop","Parent Relationship": "Outer","Parallel Aware": false,"Async Capable": false,"Join Type": "Inner","Startup Cost": 0.43,"Total Cost": 32506.22,"Plan Rows": 47,"Plan Width": 12,"Actual Startup Time": 4.503,"Actual Total Time": 78.221,"Actual Rows": 46,"Actual Loops": 3,"Inner Unique": false,"Workers": [],"Plans": [{"Node Type": "Seq Scan","Parent Relationship": "Outer","Parallel Aware": true,"Async Capable": false,"Relation Name": "part","Alias": "part","Startup Cost": 0.00,"Total Cost": 7638.67,"Plan Rows": 202,"Plan Width": 30,"Actual Startup Time": 0.692,"Actual Total Time": 31.754,"Actual Rows": 170,"Actual Loops": 3,"Filter": "((p_size >= 1) AND (((p_brand = 'Brand#12'::bpchar) AND (p_container = ANY ('{\"SM CASE\",\"SM BOX\",\"SM PACK\",\"SM PKG\"}'::bpchar[])) AND (p_size <= 5)) OR ((p_brand = 'Brand#22'::bpchar) AND (p_container = ANY ('{\"MED BAG\",\"MED BOX\",\"MED PKG\",\"MED PACK\"}'::bpchar[])) AND (p_size <= 10)) OR ((p_brand = 'Brand#22'::bpchar) AND (p_container = ANY ('{\"LG CASE\",\"LG BOX\",\"LG PACK\",\"LG PKG\"}'::bpchar[])) AND (p_size <= 15))))","Rows Removed by Filter": 66496,"Workers": []},{"Node Type": "Index Scan","Parent Relationship": "Inner","Parallel Aware": false,"Async Capable": false,"Scan Direction": "Forward","Index Name": "idx_lineitem_part_supp","Relation Name": "lineitem","Alias": "lineitem","Startup Cost": 0.43,"Total Cost": 123.10,"Plan Rows": 1,"Plan Width": 21,"Actual Startup Time": 0.241,"Actual Total Time": 0.272,"Actual Rows": 0,"Actual Loops": 511,"Index Cond": "(l_partkey = part.p_partkey)","Rows Removed by Index Recheck": 0,"Filter": "((l_shipmode = ANY ('{AIR,\"AIR REG\"}'::bpchar[])) AND (l_shipinstruct = 'DELIVER IN PERSON'::bpchar) AND (((l_quantity >= '1'::numeric) AND (l_quantity <= '11'::numeric)) OR ((l_quantity >= '14'::numeric) AND (l_quantity <= '24'::numeric)) OR ((l_quantity >= '20'::numeric) AND (l_quantity <= '30'::numeric))) AND (((part.p_brand = 'Brand#12'::bpchar) AND (part.p_container = ANY ('{\"SM CASE\",\"SM BOX\",\"SM PACK\",\"SM PKG\"}'::bpchar[])) AND (l_quantity >= '1'::numeric) AND (l_quantity <= '11'::numeric) AND (part.p_size <= 5)) OR ((part.p_brand = 'Brand#22'::bpchar) AND (part.p_container = ANY ('{\"MED BAG\",\"MED BOX\",\"MED PKG\",\"MED PACK\"}'::bpchar[])) AND (l_quantity >= '14'::numeric) AND (l_quantity <= '24'::numeric) AND (part.p_size <= 10)) OR ((part.p_brand = 'Brand#22'::bpchar) AND (part.p_container = ANY ('{\"LG CASE\",\"LG BOX\",\"LG PACK\",\"LG PKG\"}'::bpchar[])) AND (l_quantity >= '20'::numeric) AND (l_quantity <= '30'::numeric) AND (part.p_size <= 15))))","Rows Removed by Filter": 30,"Workers": []}]}]}]}]},"Planning Time": 61.877,"Triggers": [],"Execution Time": 100.185}]
[{"Plan": {"Node Type": "Aggregate","Strategy": "Plain","Partial Mode": "Finalize","Parallel Aware": false,"Async Capable": false,"Startup Cost": 33511.88,"Total Cost": 33511.89,"Plan Rows": 1,"Plan Width": 32,"Actual Startup Time": 80.893,"Actual Total Time": 95.054,"Actual Rows": 1,"Actual Loops": 1,"Plans": [{"Node Type": "Gather","Parent Relationship": "Outer","Parallel Aware": false,"Async Capable": false,"Startup Cost": 33511.65,"Total Cost": 33511.86,"Plan Rows": 2,"Plan Width": 32,"Actual Startup Time": 80.521,"Actual Total Time": 95.019,"Actual Rows": 3,"Actual Loops": 1,"Workers Planned": 2,"Workers Launched": 2,"Single Copy": false,"Plans": [{"Node Type": "Aggregate","Strategy": "Plain","Partial Mode": "Partial","Parent Relationship": "Outer","Parallel Aware": false,"Async Capable": false,"Startup Cost": 32511.65,"Total Cost": 32511.66,"Plan Rows": 1,"Plan Width": 32,"Actual Startup Time": 74.456,"Actual Total Time": 74.460,"Actual Rows": 1,"Actual Loops": 3,"Workers": [],"Plans": [{"Node Type": "Nested Loop","Parent Relationship": "Outer","Parallel Aware": false,"Async Capable": false,"Join Type": "Inner","Startup Cost": 0.43,"Total Cost": 32511.30,"Plan Rows": 47,"Plan Width": 12,"Actual Startup Time": 4.308,"Actual Total Time": 74.407,"Actual Rows": 39,"Actual Loops": 3,"Inner Unique": false,"Workers": [],"Plans": [{"Node Type": "Seq Scan","Parent Relationship": "Outer","Parallel Aware": true,"Async Capable": false,"Relation Name": "part","Alias": "part","Startup Cost": 0.00,"Total Cost": 7638.67,"Plan Rows": 202,"Plan Width": 30,"Actual Startup Time": 0.581,"Actual Total Time": 31.232,"Actual Rows": 163,"Actual Loops": 3,"Filter": "((p_size >= 1) AND (((p_brand = 'Brand#25'::bpchar) AND (p_container = ANY ('{\"SM CASE\",\"SM BOX\",\"SM PACK\",\"SM PKG\"}'::bpchar[])) AND (p_size <= 5)) OR ((p_brand = 'Brand#11'::bpchar) AND (p_container = ANY ('{\"MED BAG\",\"MED BOX\",\"MED PKG\",\"MED PACK\"}'::bpchar[])) AND (p_size <= 10)) OR ((p_brand = 'Brand#35'::bpchar) AND (p_container = ANY ('{\"LG CASE\",\"LG BOX\",\"LG PACK\",\"LG PKG\"}'::bpchar[])) AND (p_size <= 15))))","Rows Removed by Filter": 66504,"Workers": []},{"Node Type": "Index Scan","Parent Relationship": "Inner","Parallel Aware": false,"Async Capable": false,"Scan Direction": "Forward","Index Name": "idx_lineitem_part_supp","Relation Name": "lineitem","Alias": "lineitem","Startup Cost": 0.43,"Total Cost": 123.12,"Plan Rows": 1,"Plan Width": 21,"Actual Startup Time": 0.236,"Actual Total Time": 0.265,"Actual Rows": 0,"Actual Loops": 488,"Index Cond": "(l_partkey = part.p_partkey)","Rows Removed by Index Recheck": 0,"Filter": "((l_shipmode = ANY ('{AIR,\"AIR REG\"}'::bpchar[])) AND (l_shipinstruct = 'DELIVER IN PERSON'::bpchar) AND (((l_quantity >= '7'::numeric) AND (l_quantity <= '17'::numeric)) OR ((l_quantity >= '14'::numeric) AND (l_quantity <= '24'::numeric)) OR ((l_quantity >= '23'::numeric) AND (l_quantity <= '33'::numeric))) AND (((part.p_brand = 'Brand#25'::bpchar) AND (part.p_container = ANY ('{\"SM CASE\",\"SM BOX\",\"SM PACK\",\"SM PKG\"}'::bpchar[])) AND (l_quantity >= '7'::numeric) AND (l_quantity <= '17'::numeric) AND (part.p_size <= 5)) OR ((part.p_brand = 'Brand#11'::bpchar) AND (part.p_container = ANY ('{\"MED BAG\",\"MED BOX\",\"MED PKG\",\"MED PACK\"}'::bpchar[])) AND (l_quantity >= '14'::numeric) AND (l_quantity <= '24'::numeric) AND (part.p_size <= 10)) OR ((part.p_brand = 'Brand#35'::bpchar) AND (part.p_container = ANY ('{\"LG CASE\",\"LG BOX\",\"LG PACK\",\"LG PKG\"}'::bpchar[])) AND (l_quantity >= '23'::numeric) AND (l_quantity <= '33'::numeric) AND (part.p_size <= 15))))","Rows Removed by Filter": 30,"Workers": []}]}]}]}]},"Planning Time": 5.800,"Triggers": [],"Execution Time": 95.287}]
[{"Plan": {"Node Type": "Aggregate","Strategy": "Plain","Partial Mode": "Finalize","Parallel Aware": false,"Async Capable": false,"Startup Cost": 33971.08,"Total Cost": 33971.09,"Plan Rows": 1,"Plan Width": 32,"Actual Startup Time": 81.605,"Actual Total Time": 96.365,"Actual Rows": 1,"Actual Loops": 1,"Plans": [{"Node Type": "Gather","Parent Relationship": "Outer","Parallel Aware": false,"Async Capable": false,"Startup Cost": 33970.85,"Total Cost": 33971.06,"Plan Rows": 2,"Plan Width": 32,"Actual Startup Time": 81.409,"Actual Total Time": 96.342,"Actual Rows": 3,"Actual Loops": 1,"Workers Planned": 2,"Workers Launched": 2,"Single Copy": false,"Plans": [{"Node Type": "Aggregate","Strategy": "Plain","Partial Mode": "Partial","Parent Relationship": "Outer","Parallel Aware": false,"Async Capable": false,"Startup Cost": 32970.85,"Total Cost": 32970.86,"Plan Rows": 1,"Plan Width": 32,"Actual Startup Time": 74.952,"Actual Total Time": 74.955,"Actual Rows": 1,"Actual Loops": 3,"Workers": [],"Plans": [{"Node Type": "Nested Loop","Parent Relationship": "Outer","Parallel Aware": false,"Async Capable": false,"Join Type": "Inner","Startup Cost": 0.43,"Total Cost": 32970.49,"Plan Rows": 48,"Plan Width": 12,"Actual Startup Time": 7.239,"Actual Total Time": 74.915,"Actual Rows": 45,"Actual Loops": 3,"Inner Unique": false,"Workers": [],"Plans": [{"Node Type": "Seq Scan","Parent Relationship": "Outer","Parallel Aware": true,"Async Capable": false,"Relation Name": "part","Alias": "part","Startup Cost": 0.00,"Total Cost": 7638.67,"Plan Rows": 206,"Plan Width": 30,"Actual Startup Time": 0.187,"Actual Total Time": 32.029,"Actual Rows": 167,"Actual Loops": 3,"Filter": "((p_size >= 1) AND (((p_brand = 'Brand#54'::bpchar) AND (p_container = ANY ('{\"SM CASE\",\"SM BOX\",\"SM PACK\",\"SM PKG\"}'::bpchar[])) AND (p_size <= 5)) OR ((p_brand = 'Brand#35'::bpchar) AND (p_container = ANY ('{\"MED BAG\",\"MED BOX\",\"MED PKG\",\"MED PACK\"}'::bpchar[])) AND (p_size <= 10)) OR ((p_brand = 'Brand#42'::bpchar) AND (p_container = ANY ('{\"LG CASE\",\"LG BOX\",\"LG PACK\",\"LG PKG\"}'::bpchar[])) AND (p_size <= 15))))","Rows Removed by Filter": 66500,"Workers": []},{"Node Type": "Index Scan","Parent Relationship": "Inner","Parallel Aware": false,"Async Capable": false,"Scan Direction": "Forward","Index Name": "idx_lineitem_part_supp","Relation Name": "lineitem","Alias": "lineitem","Startup Cost": 0.43,"Total Cost": 122.96,"Plan Rows": 1,"Plan Width": 21,"Actual Startup Time": 0.228,"Actual Total Time": 0.257,"Actual Rows": 0,"Actual Loops": 500,"Index Cond": "(l_partkey = part.p_partkey)","Rows Removed by Index Recheck": 0,"Filter": "((l_shipmode = ANY ('{AIR,\"AIR REG\"}'::bpchar[])) AND (l_shipinstruct = 'DELIVER IN PERSON'::bpchar) AND (((l_quantity >= '6'::numeric) AND (l_quantity <= '16'::numeric)) OR ((l_quantity >= '10'::numeric) AND (l_quantity <= '20'::numeric)) OR ((l_quantity >= '29'::numeric) AND (l_quantity <= '39'::numeric))) AND (((part.p_brand = 'Brand#54'::bpchar) AND (part.p_container = ANY ('{\"SM CASE\",\"SM BOX\",\"SM PACK\",\"SM PKG\"}'::bpchar[])) AND (l_quantity >= '6'::numeric) AND (l_quantity <= '16'::numeric) AND (part.p_size <= 5)) OR ((part.p_brand = 'Brand#35'::bpchar) AND (part.p_container = ANY ('{\"MED BAG\",\"MED BOX\",\"MED PKG\",\"MED PACK\"}'::bpchar[])) AND (l_quantity >= '10'::numeric) AND (l_quantity <= '20'::numeric) AND (part.p_size <= 10)) OR ((part.p_brand = 'Brand#42'::bpchar) AND (part.p_container = ANY ('{\"LG CASE\",\"LG BOX\",\"LG PACK\",\"LG PKG\"}'::bpchar[])) AND (l_quantity >= '29'::numeric) AND (l_quantity <= '39'::numeric) AND (part.p_size <= 15))))","Rows Removed by Filter": 30,"Workers": []}]}]}]}]},"Planning Time": 5.726,"Triggers": [],"Execution Time": 96.563}]
[{"Plan": {"Node Type": "Aggregate","Strategy": "Plain","Partial Mode": "Finalize","Parallel Aware": false,"Async Capable": false,"Startup Cost": 33857.24,"Total Cost": 33857.25,"Plan Rows": 1,"Plan Width": 32,"Actual Startup Time": 82.221,"Actual Total Time": 97.160,"Actual Rows": 1,"Actual Loops": 1,"Plans": [{"Node Type": "Gather","Parent Relationship": "Outer","Parallel Aware": false,"Async Capable": false,"Startup Cost": 33857.02,"Total Cost": 33857.23,"Plan Rows": 2,"Plan Width": 32,"Actual Startup Time": 82.099,"Actual Total Time": 97.137,"Actual Rows": 3,"Actual Loops": 1,"Workers Planned": 2,"Workers Launched": 2,"Single Copy": false,"Plans": [{"Node Type": "Aggregate","Strategy": "Plain","Partial Mode": "Partial","Parent Relationship": "Outer","Parallel Aware": false,"Async Capable": false,"Startup Cost": 32857.02,"Total Cost": 32857.03,"Plan Rows": 1,"Plan Width": 32,"Actual Startup Time": 76.077,"Actual Total Time": 76.079,"Actual Rows": 1,"Actual Loops": 3,"Workers": [],"Plans": [{"Node Type": "Nested Loop","Parent Relationship": "Outer","Parallel Aware": false,"Async Capable": false,"Join Type": "Inner","Startup Cost": 0.43,"Total Cost": 32856.65,"Plan Rows": 48,"Plan Width": 12,"Actual Startup Time": 1.727,"Actual Total Time": 76.027,"Actual Rows": 47,"Actual Loops": 3,"Inner Unique": false,"Workers": [],"Plans": [{"Node Type": "Seq Scan","Parent Relationship": "Outer","Parallel Aware": true,"Async Capable": false,"Relation Name": "part","Alias": "part","Startup Cost": 0.00,"Total Cost": 7638.67,"Plan Rows": 205,"Plan Width": 30,"Actual Startup Time": 0.207,"Actual Total Time": 30.965,"Actual Rows": 173,"Actual Loops": 3,"Filter": "((p_size >= 1) AND (((p_brand = 'Brand#14'::bpchar) AND (p_container = ANY ('{\"SM CASE\",\"SM BOX\",\"SM PACK\",\"SM PKG\"}'::bpchar[])) AND (p_size <= 5)) OR ((p_brand = 'Brand#35'::bpchar) AND (p_container = ANY ('{\"MED BAG\",\"MED BOX\",\"MED PKG\",\"MED PACK\"}'::bpchar[])) AND (p_size <= 10)) OR ((p_brand = 'Brand#41'::bpchar) AND (p_container = ANY ('{\"LG CASE\",\"LG BOX\",\"LG PACK\",\"LG PKG\"}'::bpchar[])) AND (p_size <= 15))))","Rows Removed by Filter": 66494,"Workers": []},{"Node Type": "Index Scan","Parent Relationship": "Inner","Parallel Aware": false,"Async Capable": false,"Scan Direction": "Forward","Index Name": "idx_lineitem_part_supp","Relation Name": "lineitem","Alias": "lineitem","Startup Cost": 0.43,"Total Cost": 123.00,"Plan Rows": 1,"Plan Width": 21,"Actual Startup Time": 0.228,"Actual Total Time": 0.261,"Actual Rows": 0,"Actual Loops": 518,"Index Cond": "(l_partkey = part.p_partkey)","Rows Removed by Index Recheck": 0,"Filter": "((l_shipmode = ANY ('{AIR,\"AIR REG\"}'::bpchar[])) AND (l_shipinstruct = 'DELIVER IN PERSON'::bpchar) AND (((l_quantity >= '4'::numeric) AND (l_quantity <= '14'::numeric)) OR ((l_quantity >= '11'::numeric) AND (l_quantity <= '21'::numeric)) OR ((l_quantity >= '22'::numeric) AND (l_quantity <= '32'::numeric))) AND (((part.p_brand = 'Brand#14'::bpchar) AND (part.p_container = ANY ('{\"SM CASE\",\"SM BOX\",\"SM PACK\",\"SM PKG\"}'::bpchar[])) AND (l_quantity >= '4'::numeric) AND (l_quantity <= '14'::numeric) AND (part.p_size <= 5)) OR ((part.p_brand = 'Brand#35'::bpchar) AND (part.p_container = ANY ('{\"MED BAG\",\"MED BOX\",\"MED PKG\",\"MED PACK\"}'::bpchar[])) AND (l_quantity >= '11'::numeric) AND (l_quantity <= '21'::numeric) AND (part.p_size <= 10)) OR ((part.p_brand = 'Brand#41'::bpchar) AND (part.p_container = ANY ('{\"LG CASE\",\"LG BOX\",\"LG PACK\",\"LG PKG\"}'::bpchar[])) AND (l_quantity >= '22'::numeric) AND (l_quantity <= '32'::numeric) AND (part.p_size <= 15))))","Rows Removed by Filter": 30,"Workers": []}]}]}]}]},"Planning Time": 6.805,"Triggers": [],"Execution Time": 97.430}]
[{"Plan": {"Node Type": "Aggregate","Strategy": "Plain","Partial Mode": "Finalize","Parallel Aware": false,"Async Capable": false,"Startup Cost": 34200.37,"Total Cost": 34200.38,"Plan Rows": 1,"Plan Width": 32,"Actual Startup Time": 84.628,"Actual Total Time": 99.311,"Actual Rows": 1,"Actual Loops": 1,"Plans": [{"Node Type": "Gather","Parent Relationship": "Outer","Parallel Aware": false,"Async Capable": false,"Startup Cost": 34200.15,"Total Cost": 34200.36,"Plan Rows": 2,"Plan Width": 32,"Actual Startup Time": 84.306,"Actual Total Time": 99.277,"Actual Rows": 3,"Actual Loops": 1,"Workers Planned": 2,"Workers Launched": 2,"Single Copy": false,"Plans": [{"Node Type": "Aggregate","Strategy": "Plain","Partial Mode": "Partial","Parent Relationship": "Outer","Parallel Aware": false,"Async Capable": false,"Startup Cost": 33200.15,"Total Cost": 33200.16,"Plan Rows": 1,"Plan Width": 32,"Actual Startup Time": 78.116,"Actual Total Time": 78.120,"Actual Rows": 1,"Actual Loops": 3,"Workers": [],"Plans": [{"Node Type": "Nested Loop","Parent Relationship": "Outer","Parallel Aware": false,"Async Capable": false,"Join Type": "Inner","Startup Cost": 0.43,"Total Cost": 33199.79,"Plan Rows": 48,"Plan Width": 12,"Actual Startup Time": 2.069,"Actual Total Time": 78.072,"Actual Rows": 46,"Actual Loops": 3,"Inner Unique": false,"Workers": [],"Plans": [{"Node Type": "Seq Scan","Parent Relationship": "Outer","Parallel Aware": true,"Async Capable": false,"Relation Name": "part","Alias": "part","Startup Cost": 0.00,"Total Cost": 7638.67,"Plan Rows": 208,"Plan Width": 30,"Actual Startup Time": 0.241,"Actual Total Time": 31.629,"Actual Rows": 179,"Actual Loops": 3,"Filter": "((p_size >= 1) AND (((p_brand = 'Brand#31'::bpchar) AND (p_container = ANY ('{\"SM CASE\",\"SM BOX\",\"SM PACK\",\"SM PKG\"}'::bpchar[])) AND (p_size <= 5)) OR ((p_brand = 'Brand#43'::bpchar) AND (p_container = ANY ('{\"MED BAG\",\"MED BOX\",\"MED PKG\",\"MED PACK\"}'::bpchar[])) AND (p_size <= 10)) OR ((p_brand = 'Brand#33'::bpchar) AND (p_container = ANY ('{\"LG CASE\",\"LG BOX\",\"LG PACK\",\"LG PKG\"}'::bpchar[])) AND (p_size <= 15))))","Rows Removed by Filter": 66487,"Workers": []},{"Node Type": "Index Scan","Parent Relationship": "Inner","Parallel Aware": false,"Async Capable": false,"Scan Direction": "Forward","Index Name": "idx_lineitem_part_supp","Relation Name": "lineitem","Alias": "lineitem","Startup Cost": 0.43,"Total Cost": 122.88,"Plan Rows": 1,"Plan Width": 21,"Actual Startup Time": 0.230,"Actual Total Time": 0.259,"Actual Rows": 0,"Actual Loops": 538,"Index Cond": "(l_partkey = part.p_partkey)","Rows Removed by Index Recheck": 0,"Filter": "((l_shipmode = ANY ('{AIR,\"AIR REG\"}'::bpchar[])) AND (l_shipinstruct = 'DELIVER IN PERSON'::bpchar) AND (((l_quantity >= '4'::numeric) AND (l_quantity <= '14'::numeric)) OR ((l_quantity >= '12'::numeric) AND (l_quantity <= '22'::numeric)) OR ((l_quantity >= '24'::numeric) AND (l_quantity <= '34'::numeric))) AND (((part.p_brand = 'Brand#31'::bpchar) AND (part.p_container = ANY ('{\"SM CASE\",\"SM BOX\",\"SM PACK\",\"SM PKG\"}'::bpchar[])) AND (l_quantity >= '4'::numeric) AND (l_quantity <= '14'::numeric) AND (part.p_size <= 5)) OR ((part.p_brand = 'Brand#43'::bpchar) AND (part.p_container = ANY ('{\"MED BAG\",\"MED BOX\",\"MED PKG\",\"MED PACK\"}'::bpchar[])) AND (l_quantity >= '12'::numeric) AND (l_quantity <= '22'::numeric) AND (part.p_size <= 10)) OR ((part.p_brand = 'Brand#33'::bpchar) AND (part.p_container = ANY ('{\"LG CASE\",\"LG BOX\",\"LG PACK\",\"LG PKG\"}'::bpchar[])) AND (l_quantity >= '24'::numeric) AND (l_quantity <= '34'::numeric) AND (part.p_size <= 15))))","Rows Removed by Filter": 30,"Workers": []}]}]}]}]},"Planning Time": 5.206,"Triggers": [],"Execution Time": 99.546}]
[{"Plan": {"Node Type": "Aggregate","Strategy": "Plain","Partial Mode": "Finalize","Parallel Aware": false,"Async Capable": false,"Startup Cost": 33510.56,"Total Cost": 33510.57,"Plan Rows": 1,"Plan Width": 32,"Actual Startup Time": 89.221,"Actual Total Time": 104.606,"Actual Rows": 1,"Actual Loops": 1,"Plans": [{"Node Type": "Gather","Parent Relationship": "Outer","Parallel Aware": false,"Async Capable": false,"Startup Cost": 33510.34,"Total Cost": 33510.55,"Plan Rows": 2,"Plan Width": 32,"Actual Startup Time": 89.041,"Actual Total Time": 104.583,"Actual Rows": 3,"Actual Loops": 1,"Workers Planned": 2,"Workers Launched": 2,"Single Copy": false,"Plans": [{"Node Type": "Aggregate","Strategy": "Plain","Partial Mode": "Partial","Parent Relationship": "Outer","Parallel Aware": false,"Async Capable": false,"Startup Cost": 32510.34,"Total Cost": 32510.35,"Plan Rows": 1,"Plan Width": 32,"Actual Startup Time": 82.043,"Actual Total Time": 82.044,"Actual Rows": 1,"Actual Loops": 3,"Workers": [],"Plans": [{"Node Type": "Nested Loop","Parent Relationship": "Outer","Parallel Aware": false,"Async Capable": false,"Join Type": "Inner","Startup Cost": 0.43,"Total Cost": 32509.99,"Plan Rows": 47,"Plan Width": 12,"Actual Startup Time": 5.732,"Actual Total Time": 81.994,"Actual Rows": 32,"Actual Loops": 3,"Inner Unique": false,"Workers": [],"Plans": [{"Node Type": "Seq Scan","Parent Relationship": "Outer","Parallel Aware": true,"Async Capable": false,"Relation Name": "part","Alias": "part","Startup Cost": 0.00,"Total Cost": 7638.67,"Plan Rows": 202,"Plan Width": 30,"Actual Startup Time": 0.787,"Actual Total Time": 35.527,"Actual Rows": 166,"Actual Loops": 3,"Filter": "((p_size >= 1) AND (((p_brand = 'Brand#32'::bpchar) AND (p_container = ANY ('{\"SM CASE\",\"SM BOX\",\"SM PACK\",\"SM PKG\"}'::bpchar[])) AND (p_size <= 5)) OR ((p_brand = 'Brand#55'::bpchar) AND (p_container = ANY ('{\"MED BAG\",\"MED BOX\",\"MED PKG\",\"MED PACK\"}'::bpchar[])) AND (p_size <= 10)) OR ((p_brand = 'Brand#35'::bpchar) AND (p_container = ANY ('{\"LG CASE\",\"LG BOX\",\"LG PACK\",\"LG PKG\"}'::bpchar[])) AND (p_size <= 15))))","Rows Removed by Filter": 66500,"Workers": []},{"Node Type": "Index Scan","Parent Relationship": "Inner","Parallel Aware": false,"Async Capable": false,"Scan Direction": "Forward","Index Name": "idx_lineitem_part_supp","Relation Name": "lineitem","Alias": "lineitem","Startup Cost": 0.43,"Total Cost": 123.12,"Plan Rows": 1,"Plan Width": 21,"Actual Startup Time": 0.252,"Actual Total Time": 0.279,"Actual Rows": 0,"Actual Loops": 499,"Index Cond": "(l_partkey = part.p_partkey)","Rows Removed by Index Recheck": 0,"Filter": "((l_shipmode = ANY ('{AIR,\"AIR REG\"}'::bpchar[])) AND (l_shipinstruct = 'DELIVER IN PERSON'::bpchar) AND (((l_quantity >= '8'::numeric) AND (l_quantity <= '18'::numeric)) OR ((l_quantity >= '10'::numeric) AND (l_quantity <= '20'::numeric)) OR ((l_quantity >= '21'::numeric) AND (l_quantity <= '31'::numeric))) AND (((part.p_brand = 'Brand#32'::bpchar) AND (part.p_container = ANY ('{\"SM CASE\",\"SM BOX\",\"SM PACK\",\"SM PKG\"}'::bpchar[])) AND (l_quantity >= '8'::numeric) AND (l_quantity <= '18'::numeric) AND (part.p_size <= 5)) OR ((part.p_brand = 'Brand#55'::bpchar) AND (part.p_container = ANY ('{\"MED BAG\",\"MED BOX\",\"MED PKG\",\"MED PACK\"}'::bpchar[])) AND (l_quantity >= '10'::numeric) AND (l_quantity <= '20'::numeric) AND (part.p_size <= 10)) OR ((part.p_brand = 'Brand#35'::bpchar) AND (part.p_container = ANY ('{\"LG CASE\",\"LG BOX\",\"LG PACK\",\"LG PKG\"}'::bpchar[])) AND (l_quantity >= '21'::numeric) AND (l_quantity <= '31'::numeric) AND (part.p_size <= 15))))","Rows Removed by Filter": 30,"Workers": []}]}]}]}]},"Planning Time": 5.757,"Triggers": [],"Execution Time": 104.792}]
[{"Plan": {"Node Type": "Aggregate","Strategy": "Plain","Partial Mode": "Finalize","Parallel Aware": false,"Async Capable": false,"Startup Cost": 33973.76,"Total Cost": 33973.77,"Plan Rows": 1,"Plan Width": 32,"Actual Startup Time": 81.947,"Actual Total Time": 97.337,"Actual Rows": 1,"Actual Loops": 1,"Plans": [{"Node Type": "Gather","Parent Relationship": "Outer","Parallel Aware": false,"Async Capable": false,"Startup Cost": 33973.54,"Total Cost": 33973.75,"Plan Rows": 2,"Plan Width": 32,"Actual Startup Time": 81.681,"Actual Total Time": 97.305,"Actual Rows": 3,"Actual Loops": 1,"Workers Planned": 2,"Workers Launched": 2,"Single Copy": false,"Plans": [{"Node Type": "Aggregate","Strategy": "Plain","Partial Mode": "Partial","Parent Relationship": "Outer","Parallel Aware": false,"Async Capable": false,"Startup Cost": 32973.54,"Total Cost": 32973.55,"Plan Rows": 1,"Plan Width": 32,"Actual Startup Time": 75.678,"Actual Total Time": 75.681,"Actual Rows": 1,"Actual Loops": 3,"Workers": [],"Plans": [{"Node Type": "Nested Loop","Parent Relationship": "Outer","Parallel Aware": false,"Async Capable": false,"Join Type": "Inner","Startup Cost": 0.43,"Total Cost": 32973.18,"Plan Rows": 48,"Plan Width": 12,"Actual Startup Time": 6.970,"Actual Total Time": 75.630,"Actual Rows": 40,"Actual Loops": 3,"Inner Unique": false,"Workers": [],"Plans": [{"Node Type": "Seq Scan","Parent Relationship": "Outer","Parallel Aware": true,"Async Capable": false,"Relation Name": "part","Alias": "part","Startup Cost": 0.00,"Total Cost": 7638.67,"Plan Rows": 206,"Plan Width": 30,"Actual Startup Time": 0.588,"Actual Total Time": 31.624,"Actual Rows": 173,"Actual Loops": 3,"Filter": "((p_size >= 1) AND (((p_brand = 'Brand#14'::bpchar) AND (p_container = ANY ('{\"SM CASE\",\"SM BOX\",\"SM PACK\",\"SM PKG\"}'::bpchar[])) AND (p_size <= 5)) OR ((p_brand = 'Brand#53'::bpchar) AND (p_container = ANY ('{\"MED BAG\",\"MED BOX\",\"MED PKG\",\"MED PACK\"}'::bpchar[])) AND (p_size <= 10)) OR ((p_brand = 'Brand#15'::bpchar) AND (p_container = ANY ('{\"LG CASE\",\"LG BOX\",\"LG PACK\",\"LG PKG\"}'::bpchar[])) AND (p_size <= 15))))","Rows Removed by Filter": 66494,"Workers": []},{"Node Type": "Index Scan","Parent Relationship": "Inner","Parallel Aware": false,"Async Capable": false,"Scan Direction": "Forward","Index Name": "idx_lineitem_part_supp","Relation Name": "lineitem","Alias": "lineitem","Startup Cost": 0.43,"Total Cost": 122.97,"Plan Rows": 1,"Plan Width": 21,"Actual Startup Time": 0.226,"Actual Total Time": 0.254,"Actual Rows": 0,"Actual Loops": 518,"Index Cond": "(l_partkey = part.p_partkey)","Rows Removed by Index Recheck": 0,"Filter": "((l_shipmode = ANY ('{AIR,\"AIR REG\"}'::bpchar[])) AND (l_shipinstruct = 'DELIVER IN PERSON'::bpchar) AND (((l_quantity >= '9'::numeric) AND (l_quantity <= '19'::numeric)) OR ((l_quantity >= '10'::numeric) AND (l_quantity <= '20'::numeric)) OR ((l_quantity >= '23'::numeric) AND (l_quantity <= '33'::numeric))) AND (((part.p_brand = 'Brand#14'::bpchar) AND (part.p_container = ANY ('{\"SM CASE\",\"SM BOX\",\"SM PACK\",\"SM PKG\"}'::bpchar[])) AND (l_quantity >= '9'::numeric) AND (l_quantity <= '19'::numeric) AND (part.p_size <= 5)) OR ((part.p_brand = 'Brand#53'::bpchar) AND (part.p_container = ANY ('{\"MED BAG\",\"MED BOX\",\"MED PKG\",\"MED PACK\"}'::bpchar[])) AND (l_quantity >= '10'::numeric) AND (l_quantity <= '20'::numeric) AND (part.p_size <= 10)) OR ((part.p_brand = 'Brand#15'::bpchar) AND (part.p_container = ANY ('{\"LG CASE\",\"LG BOX\",\"LG PACK\",\"LG PKG\"}'::bpchar[])) AND (l_quantity >= '23'::numeric) AND (l_quantity <= '33'::numeric) AND (part.p_size <= 15))))","Rows Removed by Filter": 29,"Workers": []}]}]}]}]},"Planning Time": 6.421,"Triggers": [],"Execution Time": 97.555}]
[{"Plan": {"Node Type": "Aggregate","Strategy": "Plain","Partial Mode": "Finalize","Parallel Aware": false,"Async Capable": false,"Startup Cost": 33738.95,"Total Cost": 33738.96,"Plan Rows": 1,"Plan Width": 32,"Actual Startup Time": 85.402,"Actual Total Time": 100.718,"Actual Rows": 1,"Actual Loops": 1,"Plans": [{"Node Type": "Gather","Parent Relationship": "Outer","Parallel Aware": false,"Async Capable": false,"Startup Cost": 33738.73,"Total Cost": 33738.94,"Plan Rows": 2,"Plan Width": 32,"Actual Startup Time": 85.277,"Actual Total Time": 100.695,"Actual Rows": 3,"Actual Loops": 1,"Workers Planned": 2,"Workers Launched": 2,"Single Copy": false,"Plans": [{"Node Type": "Aggregate","Strategy": "Plain","Partial Mode": "Partial","Parent Relationship": "Outer","Parallel Aware": false,"Async Capable": false,"Startup Cost": 32738.73,"Total Cost": 32738.74,"Plan Rows": 1,"Plan Width": 32,"Actual Startup Time": 78.962,"Actual Total Time": 78.963,"Actual Rows": 1,"Actual Loops": 3,"Workers": [],"Plans": [{"Node Type": "Nested Loop","Parent Relationship": "Outer","Parallel Aware": false,"Async Capable": false,"Join Type": "Inner","Startup Cost": 0.43,"Total Cost": 32738.36,"Plan Rows": 48,"Plan Width": 12,"Actual Startup Time": 4.242,"Actual Total Time": 78.923,"Actual Rows": 41,"Actual Loops": 3,"Inner Unique": false,"Workers": [],"Plans": [{"Node Type": "Seq Scan","Parent Relationship": "Outer","Parallel Aware": true,"Async Capable": false,"Relation Name": "part","Alias": "part","Startup Cost": 0.00,"Total Cost": 7638.67,"Plan Rows": 204,"Plan Width": 30,"Actual Startup Time": 0.600,"Actual Total Time": 34.861,"Actual Rows": 159,"Actual Loops": 3,"Filter": "((p_size >= 1) AND (((p_brand = 'Brand#42'::bpchar) AND (p_container = ANY ('{\"SM CASE\",\"SM BOX\",\"SM PACK\",\"SM PKG\"}'::bpchar[])) AND (p_size <= 5)) OR ((p_brand = 'Brand#45'::bpchar) AND (p_container = ANY ('{\"MED BAG\",\"MED BOX\",\"MED PKG\",\"MED PACK\"}'::bpchar[])) AND (p_size <= 10)) OR ((p_brand = 'Brand#43'::bpchar) AND (p_container = ANY ('{\"LG CASE\",\"LG BOX\",\"LG PACK\",\"LG PKG\"}'::bpchar[])) AND (p_size <= 15))))","Rows Removed by Filter": 66507,"Workers": []},{"Node Type": "Index Scan","Parent Relationship": "Inner","Parallel Aware": false,"Async Capable": false,"Scan Direction": "Forward","Index Name": "idx_lineitem_part_supp","Relation Name": "lineitem","Alias": "lineitem","Startup Cost": 0.43,"Total Cost": 123.03,"Plan Rows": 1,"Plan Width": 21,"Actual Startup Time": 0.247,"Actual Total Time": 0.276,"Actual Rows": 0,"Actual Loops": 478,"Index Cond": "(l_partkey = part.p_partkey)","Rows Removed by Index Recheck": 0,"Filter": "((l_shipmode = ANY ('{AIR,\"AIR REG\"}'::bpchar[])) AND (l_shipinstruct = 'DELIVER IN PERSON'::bpchar) AND (((l_quantity >= '1'::numeric) AND (l_quantity <= '11'::numeric)) OR ((l_quantity >= '12'::numeric) AND (l_quantity <= '22'::numeric)) OR ((l_quantity >= '27'::numeric) AND (l_quantity <= '37'::numeric))) AND (((part.p_brand = 'Brand#42'::bpchar) AND (part.p_container = ANY ('{\"SM CASE\",\"SM BOX\",\"SM PACK\",\"SM PKG\"}'::bpchar[])) AND (l_quantity >= '1'::numeric) AND (l_quantity <= '11'::numeric) AND (part.p_size <= 5)) OR ((part.p_brand = 'Brand#45'::bpchar) AND (part.p_container = ANY ('{\"MED BAG\",\"MED BOX\",\"MED PKG\",\"MED PACK\"}'::bpchar[])) AND (l_quantity >= '12'::numeric) AND (l_quantity <= '22'::numeric) AND (part.p_size <= 10)) OR ((part.p_brand = 'Brand#43'::bpchar) AND (part.p_container = ANY ('{\"LG CASE\",\"LG BOX\",\"LG PACK\",\"LG PKG\"}'::bpchar[])) AND (l_quantity >= '27'::numeric) AND (l_quantity <= '37'::numeric) AND (part.p_size <= 15))))","Rows Removed by Filter": 30,"Workers": []}]}]}]}]},"Planning Time": 6.592,"Triggers": [],"Execution Time": 100.957}]
[{"Plan": {"Node Type": "Aggregate","Strategy": "Plain","Partial Mode": "Finalize","Parallel Aware": false,"Async Capable": false,"Startup Cost": 34085.13,"Total Cost": 34085.14,"Plan Rows": 1,"Plan Width": 32,"Actual Startup Time": 80.143,"Actual Total Time": 94.716,"Actual Rows": 1,"Actual Loops": 1,"Plans": [{"Node Type": "Gather","Parent Relationship": "Outer","Parallel Aware": false,"Async Capable": false,"Startup Cost": 34084.91,"Total Cost": 34085.12,"Plan Rows": 2,"Plan Width": 32,"Actual Startup Time": 79.946,"Actual Total Time": 94.690,"Actual Rows": 3,"Actual Loops": 1,"Workers Planned": 2,"Workers Launched": 2,"Single Copy": false,"Plans": [{"Node Type": "Aggregate","Strategy": "Plain","Partial Mode": "Partial","Parent Relationship": "Outer","Parallel Aware": false,"Async Capable": false,"Startup Cost": 33084.91,"Total Cost": 33084.92,"Plan Rows": 1,"Plan Width": 32,"Actual Startup Time": 73.765,"Actual Total Time": 73.768,"Actual Rows": 1,"Actual Loops": 3,"Workers": [],"Plans": [{"Node Type": "Nested Loop","Parent Relationship": "Outer","Parallel Aware": false,"Async Capable": false,"Join Type": "Inner","Startup Cost": 0.43,"Total Cost": 33084.55,"Plan Rows": 48,"Plan Width": 12,"Actual Startup Time": 5.199,"Actual Total Time": 73.728,"Actual Rows": 33,"Actual Loops": 3,"Inner Unique": false,"Workers": [],"Plans": [{"Node Type": "Seq Scan","Parent Relationship": "Outer","Parallel Aware": true,"Async Capable": false,"Relation Name": "part","Alias": "part","Startup Cost": 0.00,"Total Cost": 7638.67,"Plan Rows": 207,"Plan Width": 30,"Actual Startup Time": 0.349,"Actual Total Time": 31.079,"Actual Rows": 158,"Actual Loops": 3,"Filter": "((p_size >= 1) AND (((p_brand = 'Brand#15'::bpchar) AND (p_container = ANY ('{\"SM CASE\",\"SM BOX\",\"SM PACK\",\"SM PKG\"}'::bpchar[])) AND (p_size <= 5)) OR ((p_brand = 'Brand#33'::bpchar) AND (p_container = ANY ('{\"MED BAG\",\"MED BOX\",\"MED PKG\",\"MED PACK\"}'::bpchar[])) AND (p_size <= 10)) OR ((p_brand = 'Brand#44'::bpchar) AND (p_container = ANY ('{\"LG CASE\",\"LG BOX\",\"LG PACK\",\"LG PKG\"}'::bpchar[])) AND (p_size <= 15))))","Rows Removed by Filter": 66509,"Workers": []},{"Node Type": "Index Scan","Parent Relationship": "Inner","Parallel Aware": false,"Async Capable": false,"Scan Direction": "Forward","Index Name": "idx_lineitem_part_supp","Relation Name": "lineitem","Alias": "lineitem","Startup Cost": 0.43,"Total Cost": 122.92,"Plan Rows": 1,"Plan Width": 21,"Actual Startup Time": 0.241,"Actual Total Time": 0.270,"Actual Rows": 0,"Actual Loops": 474,"Index Cond": "(l_partkey = part.p_partkey)","Rows Removed by Index Recheck": 0,"Filter": "((l_shipmode = ANY ('{AIR,\"AIR REG\"}'::bpchar[])) AND (l_shipinstruct = 'DELIVER IN PERSON'::bpchar) AND (((l_quantity >= '7'::numeric) AND (l_quantity <= '17'::numeric)) OR ((l_quantity >= '14'::numeric) AND (l_quantity <= '24'::numeric)) OR ((l_quantity >= '27'::numeric) AND (l_quantity <= '37'::numeric))) AND (((part.p_brand = 'Brand#15'::bpchar) AND (part.p_container = ANY ('{\"SM CASE\",\"SM BOX\",\"SM PACK\",\"SM PKG\"}'::bpchar[])) AND (l_quantity >= '7'::numeric) AND (l_quantity <= '17'::numeric) AND (part.p_size <= 5)) OR ((part.p_brand = 'Brand#33'::bpchar) AND (part.p_container = ANY ('{\"MED BAG\",\"MED BOX\",\"MED PKG\",\"MED PACK\"}'::bpchar[])) AND (l_quantity >= '14'::numeric) AND (l_quantity <= '24'::numeric) AND (part.p_size <= 10)) OR ((part.p_brand = 'Brand#44'::bpchar) AND (part.p_container = ANY ('{\"LG CASE\",\"LG BOX\",\"LG PACK\",\"LG PKG\"}'::bpchar[])) AND (l_quantity >= '27'::numeric) AND (l_quantity <= '37'::numeric) AND (part.p_size <= 15))))","Rows Removed by Filter": 30,"Workers": []}]}]}]}]},"Planning Time": 5.548,"Triggers": [],"Execution Time": 94.898}]
[{"Plan": {"Node Type": "Aggregate","Strategy": "Plain","Partial Mode": "Finalize","Parallel Aware": false,"Async Capable": false,"Startup Cost": 33739.41,"Total Cost": 33739.42,"Plan Rows": 1,"Plan Width": 32,"Actual Startup Time": 83.690,"Actual Total Time": 97.800,"Actual Rows": 1,"Actual Loops": 1,"Plans": [{"Node Type": "Gather","Parent Relationship": "Outer","Parallel Aware": false,"Async Capable": false,"Startup Cost": 33739.18,"Total Cost": 33739.39,"Plan Rows": 2,"Plan Width": 32,"Actual Startup Time": 83.156,"Actual Total Time": 97.771,"Actual Rows": 3,"Actual Loops": 1,"Workers Planned": 2,"Workers Launched": 2,"Single Copy": false,"Plans": [{"Node Type": "Aggregate","Strategy": "Plain","Partial Mode": "Partial","Parent Relationship": "Outer","Parallel Aware": false,"Async Capable": false,"Startup Cost": 32739.18,"Total Cost": 32739.19,"Plan Rows": 1,"Plan Width": 32,"Actual Startup Time": 76.711,"Actual Total Time": 76.713,"Actual Rows": 1,"Actual Loops": 3,"Workers": [],"Plans": [{"Node Type": "Nested Loop","Parent Relationship": "Outer","Parallel Aware": false,"Async Capable": false,"Join Type": "Inner","Startup Cost": 0.43,"Total Cost": 32738.82,"Plan Rows": 48,"Plan Width": 12,"Actual Startup Time": 5.409,"Actual Total Time": 76.662,"Actual Rows": 36,"Actual Loops": 3,"Inner Unique": false,"Workers": [],"Plans": [{"Node Type": "Seq Scan","Parent Relationship": "Outer","Parallel Aware": true,"Async Capable": false,"Relation Name": "part","Alias": "part","Startup Cost": 0.00,"Total Cost": 7638.67,"Plan Rows": 204,"Plan Width": 30,"Actual Startup Time": 0.862,"Actual Total Time": 34.955,"Actual Rows": 149,"Actual Loops": 3,"Filter": "((p_size >= 1) AND (((p_brand = 'Brand#22'::bpchar) AND (p_container = ANY ('{\"SM CASE\",\"SM BOX\",\"SM PACK\",\"SM PKG\"}'::bpchar[])) AND (p_size <= 5)) OR ((p_brand = 'Brand#34'::bpchar) AND (p_container = ANY ('{\"MED BAG\",\"MED BOX\",\"MED PKG\",\"MED PACK\"}'::bpchar[])) AND (p_size <= 10)) OR ((p_brand = 'Brand#14'::bpchar) AND (p_container = ANY ('{\"LG CASE\",\"LG BOX\",\"LG PACK\",\"LG PKG\"}'::bpchar[])) AND (p_size <= 15))))","Rows Removed by Filter": 66518,"Workers": []},{"Node Type": "Index Scan","Parent Relationship": "Inner","Parallel Aware": false,"Async Capable": false,"Scan Direction": "Forward","Index Name": "idx_lineitem_part_supp","Relation Name": "lineitem","Alias": "lineitem","Startup Cost": 0.43,"Total Cost": 123.03,"Plan Rows": 1,"Plan Width": 21,"Actual Startup Time": 0.247,"Actual Total Time": 0.280,"Actual Rows": 0,"Actual Loops": 447,"Index Cond": "(l_partkey = part.p_partkey)","Rows Removed by Index Recheck": 0,"Filter": "((l_shipmode = ANY ('{AIR,\"AIR REG\"}'::bpchar[])) AND (l_shipinstruct = 'DELIVER IN PERSON'::bpchar) AND (((l_quantity >= '2'::numeric) AND (l_quantity <= '12'::numeric)) OR ((l_quantity >= '10'::numeric) AND (l_quantity <= '20'::numeric)) OR ((l_quantity >= '24'::numeric) AND (l_quantity <= '34'::numeric))) AND (((part.p_brand = 'Brand#22'::bpchar) AND (part.p_container = ANY ('{\"SM CASE\",\"SM BOX\",\"SM PACK\",\"SM PKG\"}'::bpchar[])) AND (l_quantity >= '2'::numeric) AND (l_quantity <= '12'::numeric) AND (part.p_size <= 5)) OR ((part.p_brand = 'Brand#34'::bpchar) AND (part.p_container = ANY ('{\"MED BAG\",\"MED BOX\",\"MED PKG\",\"MED PACK\"}'::bpchar[])) AND (l_quantity >= '10'::numeric) AND (l_quantity <= '20'::numeric) AND (part.p_size <= 10)) OR ((part.p_brand = 'Brand#14'::bpchar) AND (part.p_container = ANY ('{\"LG CASE\",\"LG BOX\",\"LG PACK\",\"LG PKG\"}'::bpchar[])) AND (l_quantity >= '24'::numeric) AND (l_quantity <= '34'::numeric) AND (part.p_size <= 15))))","Rows Removed by Filter": 29,"Workers": []}]}]}]}]},"Planning Time": 5.169,"Triggers": [],"Execution Time": 97.979}]
[{"Plan": {"Node Type": "Aggregate","Strategy": "Plain","Partial Mode": "Finalize","Parallel Aware": false,"Async Capable": false,"Startup Cost": 34205.39,"Total Cost": 34205.40,"Plan Rows": 1,"Plan Width": 32,"Actual Startup Time": 88.437,"Actual Total Time": 103.217,"Actual Rows": 1,"Actual Loops": 1,"Plans": [{"Node Type": "Gather","Parent Relationship": "Outer","Parallel Aware": false,"Async Capable": false,"Startup Cost": 34205.17,"Total Cost": 34205.38,"Plan Rows": 2,"Plan Width": 32,"Actual Startup Time": 88.024,"Actual Total Time": 103.186,"Actual Rows": 3,"Actual Loops": 1,"Workers Planned": 2,"Workers Launched": 2,"Single Copy": false,"Plans": [{"Node Type": "Aggregate","Strategy": "Plain","Partial Mode": "Partial","Parent Relationship": "Outer","Parallel Aware": false,"Async Capable": false,"Startup Cost": 33205.17,"Total Cost": 33205.18,"Plan Rows": 1,"Plan Width": 32,"Actual Startup Time": 81.224,"Actual Total Time": 81.226,"Actual Rows": 1,"Actual Loops": 3,"Workers": [],"Plans": [{"Node Type": "Nested Loop","Parent Relationship": "Outer","Parallel Aware": false,"Async Capable": false,"Join Type": "Inner","Startup Cost": 0.43,"Total Cost": 33204.81,"Plan Rows": 48,"Plan Width": 12,"Actual Startup Time": 4.926,"Actual Total Time": 81.186,"Actual Rows": 40,"Actual Loops": 3,"Inner Unique": false,"Workers": [],"Plans": [{"Node Type": "Seq Scan","Parent Relationship": "Outer","Parallel Aware": true,"Async Capable": false,"Relation Name": "part","Alias": "part","Startup Cost": 0.00,"Total Cost": 7638.67,"Plan Rows": 208,"Plan Width": 30,"Actual Startup Time": 0.602,"Actual Total Time": 34.989,"Actual Rows": 165,"Actual Loops": 3,"Filter": "((p_size >= 1) AND (((p_brand = 'Brand#45'::bpchar) AND (p_container = ANY ('{\"SM CASE\",\"SM BOX\",\"SM PACK\",\"SM PKG\"}'::bpchar[])) AND (p_size <= 5)) OR ((p_brand = 'Brand#24'::bpchar) AND (p_container = ANY ('{\"MED BAG\",\"MED BOX\",\"MED PKG\",\"MED PACK\"}'::bpchar[])) AND (p_size <= 10)) OR ((p_brand = 'Brand#15'::bpchar) AND (p_container = ANY ('{\"LG CASE\",\"LG BOX\",\"LG PACK\",\"LG PKG\"}'::bpchar[])) AND (p_size <= 15))))","Rows Removed by Filter": 66502,"Workers": []},{"Node Type": "Index Scan","Parent Relationship": "Inner","Parallel Aware": false,"Async Capable": false,"Scan Direction": "Forward","Index Name": "idx_lineitem_part_supp","Relation Name": "lineitem","Alias": "lineitem","Startup Cost": 0.43,"Total Cost": 122.90,"Plan Rows": 1,"Plan Width": 21,"Actual Startup Time": 0.249,"Actual Total Time": 0.280,"Actual Rows": 0,"Actual Loops": 494,"Index Cond": "(l_partkey = part.p_partkey)","Rows Removed by Index Recheck": 0,"Filter": "((l_shipmode = ANY ('{AIR,\"AIR REG\"}'::bpchar[])) AND (l_shipinstruct = 'DELIVER IN PERSON'::bpchar) AND (((l_quantity >= '7'::numeric) AND (l_quantity <= '17'::numeric)) OR ((l_quantity >= '12'::numeric) AND (l_quantity <= '22'::numeric)) OR ((l_quantity >= '22'::numeric) AND (l_quantity <= '32'::numeric))) AND (((part.p_brand = 'Brand#45'::bpchar) AND (part.p_container = ANY ('{\"SM CASE\",\"SM BOX\",\"SM PACK\",\"SM PKG\"}'::bpchar[])) AND (l_quantity >= '7'::numeric) AND (l_quantity <= '17'::numeric) AND (part.p_size <= 5)) OR ((part.p_brand = 'Brand#24'::bpchar) AND (part.p_container = ANY ('{\"MED BAG\",\"MED BOX\",\"MED PKG\",\"MED PACK\"}'::bpchar[])) AND (l_quantity >= '12'::numeric) AND (l_quantity <= '22'::numeric) AND (part.p_size <= 10)) OR ((part.p_brand = 'Brand#15'::bpchar) AND (part.p_container = ANY ('{\"LG CASE\",\"LG BOX\",\"LG PACK\",\"LG PKG\"}'::bpchar[])) AND (l_quantity >= '22'::numeric) AND (l_quantity <= '32'::numeric) AND (part.p_size <= 15))))","Rows Removed by Filter": 30,"Workers": []}]}]}]}]},"Planning Time": 5.933,"Triggers": [],"Execution Time": 103.407}]
[{"Plan": {"Node Type": "Aggregate","Strategy": "Plain","Partial Mode": "Finalize","Parallel Aware": false,"Async Capable": false,"Startup Cost": 33742.47,"Total Cost": 33742.48,"Plan Rows": 1,"Plan Width": 32,"Actual Startup Time": 89.130,"Actual Total Time": 104.402,"Actual Rows": 1,"Actual Loops": 1,"Plans": [{"Node Type": "Gather","Parent Relationship": "Outer","Parallel Aware": false,"Async Capable": false,"Startup Cost": 33742.24,"Total Cost": 33742.45,"Plan Rows": 2,"Plan Width": 32,"Actual Startup Time": 88.551,"Actual Total Time": 104.371,"Actual Rows": 3,"Actual Loops": 1,"Workers Planned": 2,"Workers Launched": 2,"Single Copy": false,"Plans": [{"Node Type": "Aggregate","Strategy": "Plain","Partial Mode": "Partial","Parent Relationship": "Outer","Parallel Aware": false,"Async Capable": false,"Startup Cost": 32742.24,"Total Cost": 32742.25,"Plan Rows": 1,"Plan Width": 32,"Actual Startup Time": 82.238,"Actual Total Time": 82.242,"Actual Rows": 1,"Actual Loops": 3,"Workers": [],"Plans": [{"Node Type": "Nested Loop","Parent Relationship": "Outer","Parallel Aware": false,"Async Capable": false,"Join Type": "Inner","Startup Cost": 0.43,"Total Cost": 32741.89,"Plan Rows": 47,"Plan Width": 12,"Actual Startup Time": 6.303,"Actual Total Time": 82.190,"Actual Rows": 47,"Actual Loops": 3,"Inner Unique": false,"Workers": [],"Plans": [{"Node Type": "Seq Scan","Parent Relationship": "Outer","Parallel Aware": true,"Async Capable": false,"Relation Name": "part","Alias": "part","Startup Cost": 0.00,"Total Cost": 7638.67,"Plan Rows": 204,"Plan Width": 30,"Actual Startup Time": 0.948,"Actual Total Time": 33.944,"Actual Rows": 177,"Actual Loops": 3,"Filter": "((p_size >= 1) AND (((p_brand = 'Brand#13'::bpchar) AND (p_container = ANY ('{\"SM CASE\",\"SM BOX\",\"SM PACK\",\"SM PKG\"}'::bpchar[])) AND (p_size <= 5)) OR ((p_brand = 'Brand#41'::bpchar) AND (p_container = ANY ('{\"MED BAG\",\"MED BOX\",\"MED PKG\",\"MED PACK\"}'::bpchar[])) AND (p_size <= 10)) OR ((p_brand = 'Brand#22'::bpchar) AND (p_container = ANY ('{\"LG CASE\",\"LG BOX\",\"LG PACK\",\"LG PKG\"}'::bpchar[])) AND (p_size <= 15))))","Rows Removed by Filter": 66490,"Workers": []},{"Node Type": "Index Scan","Parent Relationship": "Inner","Parallel Aware": false,"Async Capable": false,"Scan Direction": "Forward","Index Name": "idx_lineitem_part_supp","Relation Name": "lineitem","Alias": "lineitem","Startup Cost": 0.43,"Total Cost": 123.05,"Plan Rows": 1,"Plan Width": 21,"Actual Startup Time": 0.242,"Actual Total Time": 0.273,"Actual Rows": 0,"Actual Loops": 530,"Index Cond": "(l_partkey = part.p_partkey)","Rows Removed by Index Recheck": 0,"Filter": "((l_shipmode = ANY ('{AIR,\"AIR REG\"}'::bpchar[])) AND (l_shipinstruct = 'DELIVER IN PERSON'::bpchar) AND (((l_quantity >= '3'::numeric) AND (l_quantity <= '13'::numeric)) OR ((l_quantity >= '17'::numeric) AND (l_quantity <= '27'::numeric)) OR ((l_quantity >= '26'::numeric) AND (l_quantity <= '36'::numeric))) AND (((part.p_brand = 'Brand#13'::bpchar) AND (part.p_container = ANY ('{\"SM CASE\",\"SM BOX\",\"SM PACK\",\"SM PKG\"}'::bpchar[])) AND (l_quantity >= '3'::numeric) AND (l_quantity <= '13'::numeric) AND (part.p_size <= 5)) OR ((part.p_brand = 'Brand#41'::bpchar) AND (part.p_container = ANY ('{\"MED BAG\",\"MED BOX\",\"MED PKG\",\"MED PACK\"}'::bpchar[])) AND (l_quantity >= '17'::numeric) AND (l_quantity <= '27'::numeric) AND (part.p_size <= 10)) OR ((part.p_brand = 'Brand#22'::bpchar) AND (part.p_container = ANY ('{\"LG CASE\",\"LG BOX\",\"LG PACK\",\"LG PKG\"}'::bpchar[])) AND (l_quantity >= '26'::numeric) AND (l_quantity <= '36'::numeric) AND (part.p_size <= 15))))","Rows Removed by Filter": 30,"Workers": []}]}]}]}]},"Planning Time": 5.992,"Triggers": [],"Execution Time": 104.554}]
[{"Plan": {"Node Type": "Aggregate","Strategy": "Plain","Partial Mode": "Finalize","Parallel Aware": false,"Async Capable": false,"Startup Cost": 33853.61,"Total Cost": 33853.62,"Plan Rows": 1,"Plan Width": 32,"Actual Startup Time": 83.035,"Actual Total Time": 97.919,"Actual Rows": 1,"Actual Loops": 1,"Plans": [{"Node Type": "Gather","Parent Relationship": "Outer","Parallel Aware": false,"Async Capable": false,"Startup Cost": 33853.39,"Total Cost": 33853.60,"Plan Rows": 2,"Plan Width": 32,"Actual Startup Time": 82.656,"Actual Total Time": 97.895,"Actual Rows": 3,"Actual Loops": 1,"Workers Planned": 2,"Workers Launched": 2,"Single Copy": false,"Plans": [{"Node Type": "Aggregate","Strategy": "Plain","Partial Mode": "Partial","Parent Relationship": "Outer","Parallel Aware": false,"Async Capable": false,"Startup Cost": 32853.39,"Total Cost": 32853.40,"Plan Rows": 1,"Plan Width": 32,"Actual Startup Time": 76.560,"Actual Total Time": 76.562,"Actual Rows": 1,"Actual Loops": 3,"Workers": [],"Plans": [{"Node Type": "Nested Loop","Parent Relationship": "Outer","Parallel Aware": false,"Async Capable": false,"Join Type": "Inner","Startup Cost": 0.43,"Total Cost": 32853.03,"Plan Rows": 48,"Plan Width": 12,"Actual Startup Time": 5.619,"Actual Total Time": 76.522,"Actual Rows": 46,"Actual Loops": 3,"Inner Unique": false,"Workers": [],"Plans": [{"Node Type": "Seq Scan","Parent Relationship": "Outer","Parallel Aware": true,"Async Capable": false,"Relation Name": "part","Alias": "part","Startup Cost": 0.00,"Total Cost": 7638.67,"Plan Rows": 205,"Plan Width": 30,"Actual Startup Time": 0.534,"Actual Total Time": 31.653,"Actual Rows": 175,"Actual Loops": 3,"Filter": "((p_size >= 1) AND (((p_brand = 'Brand#32'::bpchar) AND (p_container = ANY ('{\"SM CASE\",\"SM BOX\",\"SM PACK\",\"SM PKG\"}'::bpchar[])) AND (p_size <= 5)) OR ((p_brand = 'Brand#23'::bpchar) AND (p_container = ANY ('{\"MED BAG\",\"MED BOX\",\"MED PKG\",\"MED PACK\"}'::bpchar[])) AND (p_size <= 10)) OR ((p_brand = 'Brand#33'::bpchar) AND (p_container = ANY ('{\"LG CASE\",\"LG BOX\",\"LG PACK\",\"LG PKG\"}'::bpchar[])) AND (p_size <= 15))))","Rows Removed by Filter": 66492,"Workers": []},{"Node Type": "Index Scan","Parent Relationship": "Inner","Parallel Aware": false,"Async Capable": false,"Scan Direction": "Forward","Index Name": "idx_lineitem_part_supp","Relation Name": "lineitem","Alias": "lineitem","Startup Cost": 0.43,"Total Cost": 122.99,"Plan Rows": 1,"Plan Width": 21,"Actual Startup Time": 0.227,"Actual Total Time": 0.256,"Actual Rows": 0,"Actual Loops": 525,"Index Cond": "(l_partkey = part.p_partkey)","Rows Removed by Index Recheck": 0,"Filter": "((l_shipmode = ANY ('{AIR,\"AIR REG\"}'::bpchar[])) AND (l_shipinstruct = 'DELIVER IN PERSON'::bpchar) AND (((l_quantity >= '2'::numeric) AND (l_quantity <= '12'::numeric)) OR ((l_quantity >= '16'::numeric) AND (l_quantity <= '26'::numeric)) OR ((l_quantity >= '22'::numeric) AND (l_quantity <= '32'::numeric))) AND (((part.p_brand = 'Brand#32'::bpchar) AND (part.p_container = ANY ('{\"SM CASE\",\"SM BOX\",\"SM PACK\",\"SM PKG\"}'::bpchar[])) AND (l_quantity >= '2'::numeric) AND (l_quantity <= '12'::numeric) AND (part.p_size <= 5)) OR ((part.p_brand = 'Brand#23'::bpchar) AND (part.p_container = ANY ('{\"MED BAG\",\"MED BOX\",\"MED PKG\",\"MED PACK\"}'::bpchar[])) AND (l_quantity >= '16'::numeric) AND (l_quantity <= '26'::numeric) AND (part.p_size <= 10)) OR ((part.p_brand = 'Brand#33'::bpchar) AND (part.p_container = ANY ('{\"LG CASE\",\"LG BOX\",\"LG PACK\",\"LG PKG\"}'::bpchar[])) AND (l_quantity >= '22'::numeric) AND (l_quantity <= '32'::numeric) AND (part.p_size <= 15))))","Rows Removed by Filter": 29,"Workers": []}]}]}]}]},"Planning Time": 5.856,"Triggers": [],"Execution Time": 98.134}]
[{"Plan": {"Node Type": "Aggregate","Strategy": "Plain","Partial Mode": "Finalize","Parallel Aware": false,"Async Capable": false,"Startup Cost": 33280.02,"Total Cost": 33280.03,"Plan Rows": 1,"Plan Width": 32,"Actual Startup Time": 89.445,"Actual Total Time": 105.295,"Actual Rows": 1,"Actual Loops": 1,"Plans": [{"Node Type": "Gather","Parent Relationship": "Outer","Parallel Aware": false,"Async Capable": false,"Startup Cost": 33279.79,"Total Cost": 33280.00,"Plan Rows": 2,"Plan Width": 32,"Actual Startup Time": 89.297,"Actual Total Time": 105.272,"Actual Rows": 3,"Actual Loops": 1,"Workers Planned": 2,"Workers Launched": 2,"Single Copy": false,"Plans": [{"Node Type": "Aggregate","Strategy": "Plain","Partial Mode": "Partial","Parent Relationship": "Outer","Parallel Aware": false,"Async Capable": false,"Startup Cost": 32279.79,"Total Cost": 32279.80,"Plan Rows": 1,"Plan Width": 32,"Actual Startup Time": 82.241,"Actual Total Time": 82.243,"Actual Rows": 1,"Actual Loops": 3,"Workers": [],"Plans": [{"Node Type": "Nested Loop","Parent Relationship": "Outer","Parallel Aware": false,"Async Capable": false,"Join Type": "Inner","Startup Cost": 0.43,"Total Cost": 32279.45,"Plan Rows": 46,"Plan Width": 12,"Actual Startup Time": 2.366,"Actual Total Time": 82.190,"Actual Rows": 42,"Actual Loops": 3,"Inner Unique": false,"Workers": [],"Plans": [{"Node Type": "Seq Scan","Parent Relationship": "Outer","Parallel Aware": true,"Async Capable": false,"Relation Name": "part","Alias": "part","Startup Cost": 0.00,"Total Cost": 7638.67,"Plan Rows": 200,"Plan Width": 30,"Actual Startup Time": 0.535,"Actual Total Time": 35.072,"Actual Rows": 165,"Actual Loops": 3,"Filter": "((p_size >= 1) AND (((p_brand = 'Brand#34'::bpchar) AND (p_container = ANY ('{\"SM CASE\",\"SM BOX\",\"SM PACK\",\"SM PKG\"}'::bpchar[])) AND (p_size <= 5)) OR ((p_brand = 'Brand#12'::bpchar) AND (p_container = ANY ('{\"MED BAG\",\"MED BOX\",\"MED PKG\",\"MED PACK\"}'::bpchar[])) AND (p_size <= 10)) OR ((p_brand = 'Brand#43'::bpchar) AND (p_container = ANY ('{\"LG CASE\",\"LG BOX\",\"LG PACK\",\"LG PKG\"}'::bpchar[])) AND (p_size <= 15))))","Rows Removed by Filter": 66501,"Workers": []},{"Node Type": "Index Scan","Parent Relationship": "Inner","Parallel Aware": false,"Async Capable": false,"Scan Direction": "Forward","Index Name": "idx_lineitem_part_supp","Relation Name": "lineitem","Alias": "lineitem","Startup Cost": 0.43,"Total Cost": 123.19,"Plan Rows": 1,"Plan Width": 21,"Actual Startup Time": 0.253,"Actual Total Time": 0.285,"Actual Rows": 0,"Actual Loops": 496,"Index Cond": "(l_partkey = part.p_partkey)","Rows Removed by Index Recheck": 0,"Filter": "((l_shipmode = ANY ('{AIR,\"AIR REG\"}'::bpchar[])) AND (l_shipinstruct = 'DELIVER IN PERSON'::bpchar) AND (((l_quantity >= '2'::numeric) AND (l_quantity <= '12'::numeric)) OR ((l_quantity >= '18'::numeric) AND (l_quantity <= '28'::numeric)) OR ((l_quantity >= '27'::numeric) AND (l_quantity <= '37'::numeric))) AND (((part.p_brand = 'Brand#34'::bpchar) AND (part.p_container = ANY ('{\"SM CASE\",\"SM BOX\",\"SM PACK\",\"SM PKG\"}'::bpchar[])) AND (l_quantity >= '2'::numeric) AND (l_quantity <= '12'::numeric) AND (part.p_size <= 5)) OR ((part.p_brand = 'Brand#12'::bpchar) AND (part.p_container = ANY ('{\"MED BAG\",\"MED BOX\",\"MED PKG\",\"MED PACK\"}'::bpchar[])) AND (l_quantity >= '18'::numeric) AND (l_quantity <= '28'::numeric) AND (part.p_size <= 10)) OR ((part.p_brand = 'Brand#43'::bpchar) AND (part.p_container = ANY ('{\"LG CASE\",\"LG BOX\",\"LG PACK\",\"LG PKG\"}'::bpchar[])) AND (l_quantity >= '27'::numeric) AND (l_quantity <= '37'::numeric) AND (part.p_size <= 15))))","Rows Removed by Filter": 30,"Workers": []}]}]}]}]},"Planning Time": 5.238,"Triggers": [],"Execution Time": 105.469}]
[{"Plan": {"Node Type": "Aggregate","Strategy": "Plain","Partial Mode": "Finalize","Parallel Aware": false,"Async Capable": false,"Startup Cost": 33852.39,"Total Cost": 33852.40,"Plan Rows": 1,"Plan Width": 32,"Actual Startup Time": 78.683,"Actual Total Time": 92.853,"Actual Rows": 1,"Actual Loops": 1,"Plans": [{"Node Type": "Gather","Parent Relationship": "Outer","Parallel Aware": false,"Async Capable": false,"Startup Cost": 33852.16,"Total Cost": 33852.37,"Plan Rows": 2,"Plan Width": 32,"Actual Startup Time": 78.392,"Actual Total Time": 92.822,"Actual Rows": 3,"Actual Loops": 1,"Workers Planned": 2,"Workers Launched": 2,"Single Copy": false,"Plans": [{"Node Type": "Aggregate","Strategy": "Plain","Partial Mode": "Partial","Parent Relationship": "Outer","Parallel Aware": false,"Async Capable": false,"Startup Cost": 32852.16,"Total Cost": 32852.17,"Plan Rows": 1,"Plan Width": 32,"Actual Startup Time": 72.342,"Actual Total Time": 72.345,"Actual Rows": 1,"Actual Loops": 3,"Workers": [],"Plans": [{"Node Type": "Nested Loop","Parent Relationship": "Outer","Parallel Aware": false,"Async Capable": false,"Join Type": "Inner","Startup Cost": 0.43,"Total Cost": 32851.80,"Plan Rows": 48,"Plan Width": 12,"Actual Startup Time": 6.143,"Actual Total Time": 72.307,"Actual Rows": 38,"Actual Loops": 3,"Inner Unique": false,"Workers": [],"Plans": [{"Node Type": "Seq Scan","Parent Relationship": "Outer","Parallel Aware": true,"Async Capable": false,"Relation Name": "part","Alias": "part","Startup Cost": 0.00,"Total Cost": 7638.67,"Plan Rows": 205,"Plan Width": 30,"Actual Startup Time": 0.411,"Actual Total Time": 30.928,"Actual Rows": 157,"Actual Loops": 3,"Filter": "((p_size >= 1) AND (((p_brand = 'Brand#35'::bpchar) AND (p_container = ANY ('{\"SM CASE\",\"SM BOX\",\"SM PACK\",\"SM PKG\"}'::bpchar[])) AND (p_size <= 5)) OR ((p_brand = 'Brand#21'::bpchar) AND (p_container = ANY ('{\"MED BAG\",\"MED BOX\",\"MED PKG\",\"MED PACK\"}'::bpchar[])) AND (p_size <= 10)) OR ((p_brand = 'Brand#24'::bpchar) AND (p_container = ANY ('{\"LG CASE\",\"LG BOX\",\"LG PACK\",\"LG PKG\"}'::bpchar[])) AND (p_size <= 15))))","Rows Removed by Filter": 66510,"Workers": []},{"Node Type": "Index Scan","Parent Relationship": "Inner","Parallel Aware": false,"Async Capable": false,"Scan Direction": "Forward","Index Name": "idx_lineitem_part_supp","Relation Name": "lineitem","Alias": "lineitem","Startup Cost": 0.43,"Total Cost": 122.98,"Plan Rows": 1,"Plan Width": 21,"Actual Startup Time": 0.237,"Actual Total Time": 0.263,"Actual Rows": 0,"Actual Loops": 471,"Index Cond": "(l_partkey = part.p_partkey)","Rows Removed by Index Recheck": 0,"Filter": "((l_shipmode = ANY ('{AIR,\"AIR REG\"}'::bpchar[])) AND (l_shipinstruct = 'DELIVER IN PERSON'::bpchar) AND (((l_quantity >= '10'::numeric) AND (l_quantity <= '20'::numeric)) OR ((l_quantity >= '13'::numeric) AND (l_quantity <= '23'::numeric)) OR ((l_quantity >= '23'::numeric) AND (l_quantity <= '33'::numeric))) AND (((part.p_brand = 'Brand#35'::bpchar) AND (part.p_container = ANY ('{\"SM CASE\",\"SM BOX\",\"SM PACK\",\"SM PKG\"}'::bpchar[])) AND (l_quantity >= '10'::numeric) AND (l_quantity <= '20'::numeric) AND (part.p_size <= 5)) OR ((part.p_brand = 'Brand#21'::bpchar) AND (part.p_container = ANY ('{\"MED BAG\",\"MED BOX\",\"MED PKG\",\"MED PACK\"}'::bpchar[])) AND (l_quantity >= '13'::numeric) AND (l_quantity <= '23'::numeric) AND (part.p_size <= 10)) OR ((part.p_brand = 'Brand#24'::bpchar) AND (part.p_container = ANY ('{\"LG CASE\",\"LG BOX\",\"LG PACK\",\"LG PKG\"}'::bpchar[])) AND (l_quantity >= '23'::numeric) AND (l_quantity <= '33'::numeric) AND (part.p_size <= 15))))","Rows Removed by Filter": 30,"Workers": []}]}]}]}]},"Planning Time": 6.449,"Triggers": [],"Execution Time": 93.071}]
[{"Plan": {"Node Type": "Aggregate","Strategy": "Plain","Partial Mode": "Finalize","Parallel Aware": false,"Async Capable": false,"Startup Cost": 33397.80,"Total Cost": 33397.81,"Plan Rows": 1,"Plan Width": 32,"Actual Startup Time": 84.931,"Actual Total Time": 99.862,"Actual Rows": 1,"Actual Loops": 1,"Plans": [{"Node Type": "Gather","Parent Relationship": "Outer","Parallel Aware": false,"Async Capable": false,"Startup Cost": 33397.58,"Total Cost": 33397.79,"Plan Rows": 2,"Plan Width": 32,"Actual Startup Time": 84.677,"Actual Total Time": 99.841,"Actual Rows": 3,"Actual Loops": 1,"Workers Planned": 2,"Workers Launched": 2,"Single Copy": false,"Plans": [{"Node Type": "Aggregate","Strategy": "Plain","Partial Mode": "Partial","Parent Relationship": "Outer","Parallel Aware": false,"Async Capable": false,"Startup Cost": 32397.58,"Total Cost": 32397.59,"Plan Rows": 1,"Plan Width": 32,"Actual Startup Time": 78.290,"Actual Total Time": 78.294,"Actual Rows": 1,"Actual Loops": 3,"Workers": [],"Plans": [{"Node Type": "Nested Loop","Parent Relationship": "Outer","Parallel Aware": false,"Async Capable": false,"Join Type": "Inner","Startup Cost": 0.43,"Total Cost": 32397.22,"Plan Rows": 47,"Plan Width": 12,"Actual Startup Time": 0.905,"Actual Total Time": 78.246,"Actual Rows": 46,"Actual Loops": 3,"Inner Unique": false,"Workers": [],"Plans": [{"Node Type": "Seq Scan","Parent Relationship": "Outer","Parallel Aware": true,"Async Capable": false,"Relation Name": "part","Alias": "part","Startup Cost": 0.00,"Total Cost": 7638.67,"Plan Rows": 201,"Plan Width": 30,"Actual Startup Time": 0.218,"Actual Total Time": 31.817,"Actual Rows": 171,"Actual Loops": 3,"Filter": "((p_size >= 1) AND (((p_brand = 'Brand#12'::bpchar) AND (p_container = ANY ('{\"SM CASE\",\"SM BOX\",\"SM PACK\",\"SM PKG\"}'::bpchar[])) AND (p_size <= 5)) OR ((p_brand = 'Brand#43'::bpchar) AND (p_container = ANY ('{\"MED BAG\",\"MED BOX\",\"MED PKG\",\"MED PACK\"}'::bpchar[])) AND (p_size <= 10)) OR ((p_brand = 'Brand#11'::bpchar) AND (p_container = ANY ('{\"LG CASE\",\"LG BOX\",\"LG PACK\",\"LG PKG\"}'::bpchar[])) AND (p_size <= 15))))","Rows Removed by Filter": 66496,"Workers": []},{"Node Type": "Index Scan","Parent Relationship": "Inner","Parallel Aware": false,"Async Capable": false,"Scan Direction": "Forward","Index Name": "idx_lineitem_part_supp","Relation Name": "lineitem","Alias": "lineitem","Startup Cost": 0.43,"Total Cost": 123.17,"Plan Rows": 1,"Plan Width": 21,"Actual Startup Time": 0.238,"Actual Total Time": 0.272,"Actual Rows": 0,"Actual Loops": 512,"Index Cond": "(l_partkey = part.p_partkey)","Rows Removed by Index Recheck": 0,"Filter": "((l_shipmode = ANY ('{AIR,\"AIR REG\"}'::bpchar[])) AND (l_shipinstruct = 'DELIVER IN PERSON'::bpchar) AND (((l_quantity >= '6'::numeric) AND (l_quantity <= '16'::numeric)) OR ((l_quantity >= '12'::numeric) AND (l_quantity <= '22'::numeric)) OR ((l_quantity >= '25'::numeric) AND (l_quantity <= '35'::numeric))) AND (((part.p_brand = 'Brand#12'::bpchar) AND (part.p_container = ANY ('{\"SM CASE\",\"SM BOX\",\"SM PACK\",\"SM PKG\"}'::bpchar[])) AND (l_quantity >= '6'::numeric) AND (l_quantity <= '16'::numeric) AND (part.p_size <= 5)) OR ((part.p_brand = 'Brand#43'::bpchar) AND (part.p_container = ANY ('{\"MED BAG\",\"MED BOX\",\"MED PKG\",\"MED PACK\"}'::bpchar[])) AND (l_quantity >= '12'::numeric) AND (l_quantity <= '22'::numeric) AND (part.p_size <= 10)) OR ((part.p_brand = 'Brand#11'::bpchar) AND (part.p_container = ANY ('{\"LG CASE\",\"LG BOX\",\"LG PACK\",\"LG PKG\"}'::bpchar[])) AND (l_quantity >= '25'::numeric) AND (l_quantity <= '35'::numeric) AND (part.p_size <= 15))))","Rows Removed by Filter": 30,"Workers": []}]}]}]}]},"Planning Time": 6.830,"Triggers": [],"Execution Time": 100.023}]
[{"Plan": {"Node Type": "Aggregate","Strategy": "Plain","Partial Mode": "Finalize","Parallel Aware": false,"Async Capable": false,"Startup Cost": 34319.98,"Total Cost": 34319.99,"Plan Rows": 1,"Plan Width": 32,"Actual Startup Time": 90.772,"Actual Total Time": 107.342,"Actual Rows": 1,"Actual Loops": 1,"Plans": [{"Node Type": "Gather","Parent Relationship": "Outer","Parallel Aware": false,"Async Capable": false,"Startup Cost": 34319.76,"Total Cost": 34319.97,"Plan Rows": 2,"Plan Width": 32,"Actual Startup Time": 90.744,"Actual Total Time": 107.319,"Actual Rows": 3,"Actual Loops": 1,"Workers Planned": 2,"Workers Launched": 2,"Single Copy": false,"Plans": [{"Node Type": "Aggregate","Strategy": "Plain","Partial Mode": "Partial","Parent Relationship": "Outer","Parallel Aware": false,"Async Capable": false,"Startup Cost": 33319.76,"Total Cost": 33319.77,"Plan Rows": 1,"Plan Width": 32,"Actual Startup Time": 83.802,"Actual Total Time": 83.805,"Actual Rows": 1,"Actual Loops": 3,"Workers": [],"Plans": [{"Node Type": "Nested Loop","Parent Relationship": "Outer","Parallel Aware": false,"Async Capable": false,"Join Type": "Inner","Startup Cost": 0.43,"Total Cost": 33319.40,"Plan Rows": 48,"Plan Width": 12,"Actual Startup Time": 3.037,"Actual Total Time": 83.762,"Actual Rows": 45,"Actual Loops": 3,"Inner Unique": false,"Workers": [],"Plans": [{"Node Type": "Seq Scan","Parent Relationship": "Outer","Parallel Aware": true,"Async Capable": false,"Relation Name": "part","Alias": "part","Startup Cost": 0.00,"Total Cost": 7638.67,"Plan Rows": 209,"Plan Width": 30,"Actual Startup Time": 0.149,"Actual Total Time": 34.425,"Actual Rows": 181,"Actual Loops": 3,"Filter": "((p_size >= 1) AND (((p_brand = 'Brand#52'::bpchar) AND (p_container = ANY ('{\"SM CASE\",\"SM BOX\",\"SM PACK\",\"SM PKG\"}'::bpchar[])) AND (p_size <= 5)) OR ((p_brand = 'Brand#13'::bpchar) AND (p_container = ANY ('{\"MED BAG\",\"MED BOX\",\"MED PKG\",\"MED PACK\"}'::bpchar[])) AND (p_size <= 10)) OR ((p_brand = 'Brand#33'::bpchar) AND (p_container = ANY ('{\"LG CASE\",\"LG BOX\",\"LG PACK\",\"LG PKG\"}'::bpchar[])) AND (p_size <= 15))))","Rows Removed by Filter": 66486,"Workers": []},{"Node Type": "Index Scan","Parent Relationship": "Inner","Parallel Aware": false,"Async Capable": false,"Scan Direction": "Forward","Index Name": "idx_lineitem_part_supp","Relation Name": "lineitem","Alias": "lineitem","Startup Cost": 0.43,"Total Cost": 122.86,"Plan Rows": 1,"Plan Width": 21,"Actual Startup Time": 0.242,"Actual Total Time": 0.272,"Actual Rows": 0,"Actual Loops": 543,"Index Cond": "(l_partkey = part.p_partkey)","Rows Removed by Index Recheck": 0,"Filter": "((l_shipmode = ANY ('{AIR,\"AIR REG\"}'::bpchar[])) AND (l_shipinstruct = 'DELIVER IN PERSON'::bpchar) AND (((l_quantity >= '2'::numeric) AND (l_quantity <= '12'::numeric)) OR ((l_quantity >= '12'::numeric) AND (l_quantity <= '22'::numeric)) OR ((l_quantity >= '24'::numeric) AND (l_quantity <= '34'::numeric))) AND (((part.p_brand = 'Brand#52'::bpchar) AND (part.p_container = ANY ('{\"SM CASE\",\"SM BOX\",\"SM PACK\",\"SM PKG\"}'::bpchar[])) AND (l_quantity >= '2'::numeric) AND (l_quantity <= '12'::numeric) AND (part.p_size <= 5)) OR ((part.p_brand = 'Brand#13'::bpchar) AND (part.p_container = ANY ('{\"MED BAG\",\"MED BOX\",\"MED PKG\",\"MED PACK\"}'::bpchar[])) AND (l_quantity >= '12'::numeric) AND (l_quantity <= '22'::numeric) AND (part.p_size <= 10)) OR ((part.p_brand = 'Brand#33'::bpchar) AND (part.p_container = ANY ('{\"LG CASE\",\"LG BOX\",\"LG PACK\",\"LG PKG\"}'::bpchar[])) AND (l_quantity >= '24'::numeric) AND (l_quantity <= '34'::numeric) AND (part.p_size <= 15))))","Rows Removed by Filter": 30,"Workers": []}]}]}]}]},"Planning Time": 6.520,"Triggers": [],"Execution Time": 107.519}]
[{"Plan": {"Node Type": "Aggregate","Strategy": "Plain","Partial Mode": "Finalize","Parallel Aware": false,"Async Capable": false,"Startup Cost": 33390.65,"Total Cost": 33390.66,"Plan Rows": 1,"Plan Width": 32,"Actual Startup Time": 85.333,"Actual Total Time": 99.676,"Actual Rows": 1,"Actual Loops": 1,"Plans": [{"Node Type": "Gather","Parent Relationship": "Outer","Parallel Aware": false,"Async Capable": false,"Startup Cost": 33390.43,"Total Cost": 33390.64,"Plan Rows": 2,"Plan Width": 32,"Actual Startup Time": 84.918,"Actual Total Time": 99.647,"Actual Rows": 3,"Actual Loops": 1,"Workers Planned": 2,"Workers Launched": 2,"Single Copy": false,"Plans": [{"Node Type": "Aggregate","Strategy": "Plain","Partial Mode": "Partial","Parent Relationship": "Outer","Parallel Aware": false,"Async Capable": false,"Startup Cost": 32390.43,"Total Cost": 32390.44,"Plan Rows": 1,"Plan Width": 32,"Actual Startup Time": 78.326,"Actual Total Time": 78.330,"Actual Rows": 1,"Actual Loops": 3,"Workers": [],"Plans": [{"Node Type": "Nested Loop","Parent Relationship": "Outer","Parallel Aware": false,"Async Capable": false,"Join Type": "Inner","Startup Cost": 0.43,"Total Cost": 32390.07,"Plan Rows": 47,"Plan Width": 12,"Actual Startup Time": 3.263,"Actual Total Time": 78.282,"Actual Rows": 42,"Actual Loops": 3,"Inner Unique": false,"Workers": [],"Plans": [{"Node Type": "Seq Scan","Parent Relationship": "Outer","Parallel Aware": true,"Async Capable": false,"Relation Name": "part","Alias": "part","Startup Cost": 0.00,"Total Cost": 7638.67,"Plan Rows": 201,"Plan Width": 30,"Actual Startup Time": 0.330,"Actual Total Time": 34.126,"Actual Rows": 160,"Actual Loops": 3,"Filter": "((p_size >= 1) AND (((p_brand = 'Brand#25'::bpchar) AND (p_container = ANY ('{\"SM CASE\",\"SM BOX\",\"SM PACK\",\"SM PKG\"}'::bpchar[])) AND (p_size <= 5)) OR ((p_brand = 'Brand#34'::bpchar) AND (p_container = ANY ('{\"MED BAG\",\"MED BOX\",\"MED PKG\",\"MED PACK\"}'::bpchar[])) AND (p_size <= 10)) OR ((p_brand = 'Brand#11'::bpchar) AND (p_container = ANY ('{\"LG CASE\",\"LG BOX\",\"LG PACK\",\"LG PKG\"}'::bpchar[])) AND (p_size <= 15))))","Rows Removed by Filter": 66507,"Workers": []},{"Node Type": "Index Scan","Parent Relationship": "Inner","Parallel Aware": false,"Async Capable": false,"Scan Direction": "Forward","Index Name": "idx_lineitem_part_supp","Relation Name": "lineitem","Alias": "lineitem","Startup Cost": 0.43,"Total Cost": 123.13,"Plan Rows": 1,"Plan Width": 21,"Actual Startup Time": 0.247,"Actual Total Time": 0.276,"Actual Rows": 0,"Actual Loops": 479,"Index Cond": "(l_partkey = part.p_partkey)","Rows Removed by Index Recheck": 0,"Filter": "((l_shipmode = ANY ('{AIR,\"AIR REG\"}'::bpchar[])) AND (l_shipinstruct = 'DELIVER IN PERSON'::bpchar) AND (((l_quantity >= '9'::numeric) AND (l_quantity <= '19'::numeric)) OR ((l_quantity >= '12'::numeric) AND (l_quantity <= '22'::numeric)) OR ((l_quantity >= '24'::numeric) AND (l_quantity <= '34'::numeric))) AND (((part.p_brand = 'Brand#25'::bpchar) AND (part.p_container = ANY ('{\"SM CASE\",\"SM BOX\",\"SM PACK\",\"SM PKG\"}'::bpchar[])) AND (l_quantity >= '9'::numeric) AND (l_quantity <= '19'::numeric) AND (part.p_size <= 5)) OR ((part.p_brand = 'Brand#34'::bpchar) AND (part.p_container = ANY ('{\"MED BAG\",\"MED BOX\",\"MED PKG\",\"MED PACK\"}'::bpchar[])) AND (l_quantity >= '12'::numeric) AND (l_quantity <= '22'::numeric) AND (part.p_size <= 10)) OR ((part.p_brand = 'Brand#11'::bpchar) AND (part.p_container = ANY ('{\"LG CASE\",\"LG BOX\",\"LG PACK\",\"LG PKG\"}'::bpchar[])) AND (l_quantity >= '24'::numeric) AND (l_quantity <= '34'::numeric) AND (part.p_size <= 15))))","Rows Removed by Filter": 30,"Workers": []}]}]}]}]},"Planning Time": 7.015,"Triggers": [],"Execution Time": 99.899}]
[{"Plan": {"Node Type": "Aggregate","Strategy": "Plain","Partial Mode": "Finalize","Parallel Aware": false,"Async Capable": false,"Startup Cost": 33276.96,"Total Cost": 33276.97,"Plan Rows": 1,"Plan Width": 32,"Actual Startup Time": 83.641,"Actual Total Time": 99.275,"Actual Rows": 1,"Actual Loops": 1,"Plans": [{"Node Type": "Gather","Parent Relationship": "Outer","Parallel Aware": false,"Async Capable": false,"Startup Cost": 33276.74,"Total Cost": 33276.95,"Plan Rows": 2,"Plan Width": 32,"Actual Startup Time": 83.479,"Actual Total Time": 99.253,"Actual Rows": 3,"Actual Loops": 1,"Workers Planned": 2,"Workers Launched": 2,"Single Copy": false,"Plans": [{"Node Type": "Aggregate","Strategy": "Plain","Partial Mode": "Partial","Parent Relationship": "Outer","Parallel Aware": false,"Async Capable": false,"Startup Cost": 32276.74,"Total Cost": 32276.75,"Plan Rows": 1,"Plan Width": 32,"Actual Startup Time": 77.045,"Actual Total Time": 77.048,"Actual Rows": 1,"Actual Loops": 3,"Workers": [],"Plans": [{"Node Type": "Nested Loop","Parent Relationship": "Outer","Parallel Aware": false,"Async Capable": false,"Join Type": "Inner","Startup Cost": 0.43,"Total Cost": 32276.38,"Plan Rows": 47,"Plan Width": 12,"Actual Startup Time": 3.139,"Actual Total Time": 77.007,"Actual Rows": 41,"Actual Loops": 3,"Inner Unique": false,"Workers": [],"Plans": [{"Node Type": "Seq Scan","Parent Relationship": "Outer","Parallel Aware": true,"Async Capable": false,"Relation Name": "part","Alias": "part","Startup Cost": 0.00,"Total Cost": 7638.67,"Plan Rows": 200,"Plan Width": 30,"Actual Startup Time": 0.467,"Actual Total Time": 32.418,"Actual Rows": 168,"Actual Loops": 3,"Filter": "((p_size >= 1) AND (((p_brand = 'Brand#55'::bpchar) AND (p_container = ANY ('{\"SM CASE\",\"SM BOX\",\"SM PACK\",\"SM PKG\"}'::bpchar[])) AND (p_size <= 5)) OR ((p_brand = 'Brand#43'::bpchar) AND (p_container = ANY ('{\"MED BAG\",\"MED BOX\",\"MED PKG\",\"MED PACK\"}'::bpchar[])) AND (p_size <= 10)) OR ((p_brand = 'Brand#12'::bpchar) AND (p_container = ANY ('{\"LG CASE\",\"LG BOX\",\"LG PACK\",\"LG PKG\"}'::bpchar[])) AND (p_size <= 15))))","Rows Removed by Filter": 66499,"Workers": []},{"Node Type": "Index Scan","Parent Relationship": "Inner","Parallel Aware": false,"Async Capable": false,"Scan Direction": "Forward","Index Name": "idx_lineitem_part_supp","Relation Name": "lineitem","Alias": "lineitem","Startup Cost": 0.43,"Total Cost": 123.18,"Plan Rows": 1,"Plan Width": 21,"Actual Startup Time": 0.239,"Actual Total Time": 0.265,"Actual Rows": 0,"Actual Loops": 504,"Index Cond": "(l_partkey = part.p_partkey)","Rows Removed by Index Recheck": 0,"Filter": "((l_shipmode = ANY ('{AIR,\"AIR REG\"}'::bpchar[])) AND (l_shipinstruct = 'DELIVER IN PERSON'::bpchar) AND (((l_quantity >= '4'::numeric) AND (l_quantity <= '14'::numeric)) OR ((l_quantity >= '10'::numeric) AND (l_quantity <= '20'::numeric)) OR ((l_quantity >= '29'::numeric) AND (l_quantity <= '39'::numeric))) AND (((part.p_brand = 'Brand#55'::bpchar) AND (part.p_container = ANY ('{\"SM CASE\",\"SM BOX\",\"SM PACK\",\"SM PKG\"}'::bpchar[])) AND (l_quantity >= '4'::numeric) AND (l_quantity <= '14'::numeric) AND (part.p_size <= 5)) OR ((part.p_brand = 'Brand#43'::bpchar) AND (part.p_container = ANY ('{\"MED BAG\",\"MED BOX\",\"MED PKG\",\"MED PACK\"}'::bpchar[])) AND (l_quantity >= '10'::numeric) AND (l_quantity <= '20'::numeric) AND (part.p_size <= 10)) OR ((part.p_brand = 'Brand#12'::bpchar) AND (part.p_container = ANY ('{\"LG CASE\",\"LG BOX\",\"LG PACK\",\"LG PKG\"}'::bpchar[])) AND (l_quantity >= '29'::numeric) AND (l_quantity <= '39'::numeric) AND (part.p_size <= 15))))","Rows Removed by Filter": 30,"Workers": []}]}]}]}]},"Planning Time": 5.728,"Triggers": [],"Execution Time": 99.457}]
[{"Plan": {"Node Type": "Aggregate","Strategy": "Plain","Partial Mode": "Finalize","Parallel Aware": false,"Async Capable": false,"Startup Cost": 33856.55,"Total Cost": 33856.56,"Plan Rows": 1,"Plan Width": 32,"Actual Startup Time": 82.378,"Actual Total Time": 97.742,"Actual Rows": 1,"Actual Loops": 1,"Plans": [{"Node Type": "Gather","Parent Relationship": "Outer","Parallel Aware": false,"Async Capable": false,"Startup Cost": 33856.33,"Total Cost": 33856.54,"Plan Rows": 2,"Plan Width": 32,"Actual Startup Time": 82.258,"Actual Total Time": 97.708,"Actual Rows": 3,"Actual Loops": 1,"Workers Planned": 2,"Workers Launched": 2,"Single Copy": false,"Plans": [{"Node Type": "Aggregate","Strategy": "Plain","Partial Mode": "Partial","Parent Relationship": "Outer","Parallel Aware": false,"Async Capable": false,"Startup Cost": 32856.33,"Total Cost": 32856.34,"Plan Rows": 1,"Plan Width": 32,"Actual Startup Time": 76.118,"Actual Total Time": 76.120,"Actual Rows": 1,"Actual Loops": 3,"Workers": [],"Plans": [{"Node Type": "Nested Loop","Parent Relationship": "Outer","Parallel Aware": false,"Async Capable": false,"Join Type": "Inner","Startup Cost": 0.43,"Total Cost": 32855.97,"Plan Rows": 48,"Plan Width": 12,"Actual Startup Time": 4.649,"Actual Total Time": 76.068,"Actual Rows": 40,"Actual Loops": 3,"Inner Unique": false,"Workers": [],"Plans": [{"Node Type": "Seq Scan","Parent Relationship": "Outer","Parallel Aware": true,"Async Capable": false,"Relation Name": "part","Alias": "part","Startup Cost": 0.00,"Total Cost": 7638.67,"Plan Rows": 205,"Plan Width": 30,"Actual Startup Time": 0.611,"Actual Total Time": 31.303,"Actual Rows": 173,"Actual Loops": 3,"Filter": "((p_size >= 1) AND (((p_brand = 'Brand#34'::bpchar) AND (p_container = ANY ('{\"SM CASE\",\"SM BOX\",\"SM PACK\",\"SM PKG\"}'::bpchar[])) AND (p_size <= 5)) OR ((p_brand = 'Brand#15'::bpchar) AND (p_container = ANY ('{\"MED BAG\",\"MED BOX\",\"MED PKG\",\"MED PACK\"}'::bpchar[])) AND (p_size <= 10)) OR ((p_brand = 'Brand#22'::bpchar) AND (p_container = ANY ('{\"LG CASE\",\"LG BOX\",\"LG PACK\",\"LG PKG\"}'::bpchar[])) AND (p_size <= 15))))","Rows Removed by Filter": 66494,"Workers": []},{"Node Type": "Index Scan","Parent Relationship": "Inner","Parallel Aware": false,"Async Capable": false,"Scan Direction": "Forward","Index Name": "idx_lineitem_part_supp","Relation Name": "lineitem","Alias": "lineitem","Startup Cost": 0.43,"Total Cost": 123.00,"Plan Rows": 1,"Plan Width": 21,"Actual Startup Time": 0.233,"Actual Total Time": 0.258,"Actual Rows": 0,"Actual Loops": 519,"Index Cond": "(l_partkey = part.p_partkey)","Rows Removed by Index Recheck": 0,"Filter": "((l_shipmode = ANY ('{AIR,\"AIR REG\"}'::bpchar[])) AND (l_shipinstruct = 'DELIVER IN PERSON'::bpchar) AND (((l_quantity >= '4'::numeric) AND (l_quantity <= '14'::numeric)) OR ((l_quantity >= '19'::numeric) AND (l_quantity <= '29'::numeric)) OR ((l_quantity >= '25'::numeric) AND (l_quantity <= '35'::numeric))) AND (((part.p_brand = 'Brand#34'::bpchar) AND (part.p_container = ANY ('{\"SM CASE\",\"SM BOX\",\"SM PACK\",\"SM PKG\"}'::bpchar[])) AND (l_quantity >= '4'::numeric) AND (l_quantity <= '14'::numeric) AND (part.p_size <= 5)) OR ((part.p_brand = 'Brand#15'::bpchar) AND (part.p_container = ANY ('{\"MED BAG\",\"MED BOX\",\"MED PKG\",\"MED PACK\"}'::bpchar[])) AND (l_quantity >= '19'::numeric) AND (l_quantity <= '29'::numeric) AND (part.p_size <= 10)) OR ((part.p_brand = 'Brand#22'::bpchar) AND (part.p_container = ANY ('{\"LG CASE\",\"LG BOX\",\"LG PACK\",\"LG PKG\"}'::bpchar[])) AND (l_quantity >= '25'::numeric) AND (l_quantity <= '35'::numeric) AND (part.p_size <= 15))))","Rows Removed by Filter": 30,"Workers": []}]}]}]}]},"Planning Time": 5.636,"Triggers": [],"Execution Time": 97.982}]
[{"Plan": {"Node Type": "Aggregate","Strategy": "Plain","Partial Mode": "Finalize","Parallel Aware": false,"Async Capable": false,"Startup Cost": 33740.43,"Total Cost": 33740.44,"Plan Rows": 1,"Plan Width": 32,"Actual Startup Time": 88.432,"Actual Total Time": 103.391,"Actual Rows": 1,"Actual Loops": 1,"Plans": [{"Node Type": "Gather","Parent Relationship": "Outer","Parallel Aware": false,"Async Capable": false,"Startup Cost": 33740.21,"Total Cost": 33740.42,"Plan Rows": 2,"Plan Width": 32,"Actual Startup Time": 88.286,"Actual Total Time": 103.366,"Actual Rows": 3,"Actual Loops": 1,"Workers Planned": 2,"Workers Launched": 2,"Single Copy": false,"Plans": [{"Node Type": "Aggregate","Strategy": "Plain","Partial Mode": "Partial","Parent Relationship": "Outer","Parallel Aware": false,"Async Capable": false,"Startup Cost": 32740.21,"Total Cost": 32740.22,"Plan Rows": 1,"Plan Width": 32,"Actual Startup Time": 82.200,"Actual Total Time": 82.202,"Actual Rows": 1,"Actual Loops": 3,"Workers": [],"Plans": [{"Node Type": "Nested Loop","Parent Relationship": "Outer","Parallel Aware": false,"Async Capable": false,"Join Type": "Inner","Startup Cost": 0.43,"Total Cost": 32739.85,"Plan Rows": 48,"Plan Width": 12,"Actual Startup Time": 3.772,"Actual Total Time": 82.159,"Actual Rows": 51,"Actual Loops": 3,"Inner Unique": false,"Workers": [],"Plans": [{"Node Type": "Seq Scan","Parent Relationship": "Outer","Parallel Aware": true,"Async Capable": false,"Relation Name": "part","Alias": "part","Startup Cost": 0.00,"Total Cost": 7638.67,"Plan Rows": 204,"Plan Width": 30,"Actual Startup Time": 0.259,"Actual Total Time": 34.988,"Actual Rows": 171,"Actual Loops": 3,"Filter": "((p_size >= 1) AND (((p_brand = 'Brand#12'::bpchar) AND (p_container = ANY ('{\"SM CASE\",\"SM BOX\",\"SM PACK\",\"SM PKG\"}'::bpchar[])) AND (p_size <= 5)) OR ((p_brand = 'Brand#35'::bpchar) AND (p_container = ANY ('{\"MED BAG\",\"MED BOX\",\"MED PKG\",\"MED PACK\"}'::bpchar[])) AND (p_size <= 10)) OR ((p_brand = 'Brand#31'::bpchar) AND (p_container = ANY ('{\"LG CASE\",\"LG BOX\",\"LG PACK\",\"LG PKG\"}'::bpchar[])) AND (p_size <= 15))))","Rows Removed by Filter": 66496,"Workers": []},{"Node Type": "Index Scan","Parent Relationship": "Inner","Parallel Aware": false,"Async Capable": false,"Scan Direction": "Forward","Index Name": "idx_lineitem_part_supp","Relation Name": "lineitem","Alias": "lineitem","Startup Cost": 0.43,"Total Cost": 123.04,"Plan Rows": 1,"Plan Width": 21,"Actual Startup Time": 0.239,"Actual Total Time": 0.276,"Actual Rows": 0,"Actual Loops": 512,"Index Cond": "(l_partkey = part.p_partkey)","Rows Removed by Index Recheck": 0,"Filter": "((l_shipmode = ANY ('{AIR,\"AIR REG\"}'::bpchar[])) AND (l_shipinstruct = 'DELIVER IN PERSON'::bpchar) AND (((l_quantity >= '6'::numeric) AND (l_quantity <= '16'::numeric)) OR ((l_quantity >= '12'::numeric) AND (l_quantity <= '22'::numeric)) OR ((l_quantity >= '21'::numeric) AND (l_quantity <= '31'::numeric))) AND (((part.p_brand = 'Brand#12'::bpchar) AND (part.p_container = ANY ('{\"SM CASE\",\"SM BOX\",\"SM PACK\",\"SM PKG\"}'::bpchar[])) AND (l_quantity >= '6'::numeric) AND (l_quantity <= '16'::numeric) AND (part.p_size <= 5)) OR ((part.p_brand = 'Brand#35'::bpchar) AND (part.p_container = ANY ('{\"MED BAG\",\"MED BOX\",\"MED PKG\",\"MED PACK\"}'::bpchar[])) AND (l_quantity >= '12'::numeric) AND (l_quantity <= '22'::numeric) AND (part.p_size <= 10)) OR ((part.p_brand = 'Brand#31'::bpchar) AND (part.p_container = ANY ('{\"LG CASE\",\"LG BOX\",\"LG PACK\",\"LG PKG\"}'::bpchar[])) AND (l_quantity >= '21'::numeric) AND (l_quantity <= '31'::numeric) AND (part.p_size <= 15))))","Rows Removed by Filter": 30,"Workers": []}]}]}]}]},"Planning Time": 5.615,"Triggers": [],"Execution Time": 103.604}]
[{"Plan": {"Node Type": "Aggregate","Strategy": "Plain","Partial Mode": "Finalize","Parallel Aware": false,"Async Capable": false,"Startup Cost": 33045.92,"Total Cost": 33045.93,"Plan Rows": 1,"Plan Width": 32,"Actual Startup Time": 86.421,"Actual Total Time": 102.338,"Actual Rows": 1,"Actual Loops": 1,"Plans": [{"Node Type": "Gather","Parent Relationship": "Outer","Parallel Aware": false,"Async Capable": false,"Startup Cost": 33045.69,"Total Cost": 33045.90,"Plan Rows": 2,"Plan Width": 32,"Actual Startup Time": 86.391,"Actual Total Time": 102.315,"Actual Rows": 3,"Actual Loops": 1,"Workers Planned": 2,"Workers Launched": 2,"Single Copy": false,"Plans": [{"Node Type": "Aggregate","Strategy": "Plain","Partial Mode": "Partial","Parent Relationship": "Outer","Parallel Aware": false,"Async Capable": false,"Startup Cost": 32045.69,"Total Cost": 32045.70,"Plan Rows": 1,"Plan Width": 32,"Actual Startup Time": 79.546,"Actual Total Time": 79.548,"Actual Rows": 1,"Actual Loops": 3,"Workers": [],"Plans": [{"Node Type": "Nested Loop","Parent Relationship": "Outer","Parallel Aware": false,"Async Capable": false,"Join Type": "Inner","Startup Cost": 0.43,"Total Cost": 32045.35,"Plan Rows": 46,"Plan Width": 12,"Actual Startup Time": 4.198,"Actual Total Time": 79.496,"Actual Rows": 43,"Actual Loops": 3,"Inner Unique": false,"Workers": [],"Plans": [{"Node Type": "Seq Scan","Parent Relationship": "Outer","Parallel Aware": true,"Async Capable": false,"Relation Name": "part","Alias": "part","Startup Cost": 0.00,"Total Cost": 7638.67,"Plan Rows": 198,"Plan Width": 30,"Actual Startup Time": 0.306,"Actual Total Time": 34.768,"Actual Rows": 162,"Actual Loops": 3,"Filter": "((p_size >= 1) AND (((p_brand = 'Brand#13'::bpchar) AND (p_container = ANY ('{\"SM CASE\",\"SM BOX\",\"SM PACK\",\"SM PKG\"}'::bpchar[])) AND (p_size <= 5)) OR ((p_brand = 'Brand#52'::bpchar) AND (p_container = ANY ('{\"MED BAG\",\"MED BOX\",\"MED PKG\",\"MED PACK\"}'::bpchar[])) AND (p_size <= 10)) OR ((p_brand = 'Brand#25'::bpchar) AND (p_container = ANY ('{\"LG CASE\",\"LG BOX\",\"LG PACK\",\"LG PKG\"}'::bpchar[])) AND (p_size <= 15))))","Rows Removed by Filter": 66505,"Workers": []},{"Node Type": "Index Scan","Parent Relationship": "Inner","Parallel Aware": false,"Async Capable": false,"Scan Direction": "Forward","Index Name": "idx_lineitem_part_supp","Relation Name": "lineitem","Alias": "lineitem","Startup Cost": 0.43,"Total Cost": 123.26,"Plan Rows": 1,"Plan Width": 21,"Actual Startup Time": 0.243,"Actual Total Time": 0.276,"Actual Rows": 0,"Actual Loops": 485,"Index Cond": "(l_partkey = part.p_partkey)","Rows Removed by Index Recheck": 0,"Filter": "((l_shipmode = ANY ('{AIR,\"AIR REG\"}'::bpchar[])) AND (l_shipinstruct = 'DELIVER IN PERSON'::bpchar) AND (((l_quantity >= '6'::numeric) AND (l_quantity <= '16'::numeric)) OR ((l_quantity >= '17'::numeric) AND (l_quantity <= '27'::numeric)) OR ((l_quantity >= '22'::numeric) AND (l_quantity <= '32'::numeric))) AND (((part.p_brand = 'Brand#13'::bpchar) AND (part.p_container = ANY ('{\"SM CASE\",\"SM BOX\",\"SM PACK\",\"SM PKG\"}'::bpchar[])) AND (l_quantity >= '6'::numeric) AND (l_quantity <= '16'::numeric) AND (part.p_size <= 5)) OR ((part.p_brand = 'Brand#52'::bpchar) AND (part.p_container = ANY ('{\"MED BAG\",\"MED BOX\",\"MED PKG\",\"MED PACK\"}'::bpchar[])) AND (l_quantity >= '17'::numeric) AND (l_quantity <= '27'::numeric) AND (part.p_size <= 10)) OR ((part.p_brand = 'Brand#25'::bpchar) AND (part.p_container = ANY ('{\"LG CASE\",\"LG BOX\",\"LG PACK\",\"LG PKG\"}'::bpchar[])) AND (l_quantity >= '22'::numeric) AND (l_quantity <= '32'::numeric) AND (part.p_size <= 15))))","Rows Removed by Filter": 30,"Workers": []}]}]}]}]},"Planning Time": 5.682,"Triggers": [],"Execution Time": 102.529}]
[{"Plan": {"Node Type": "Aggregate","Strategy": "Plain","Partial Mode": "Finalize","Parallel Aware": false,"Async Capable": false,"Startup Cost": 34201.55,"Total Cost": 34201.56,"Plan Rows": 1,"Plan Width": 32,"Actual Startup Time": 81.330,"Actual Total Time": 95.566,"Actual Rows": 1,"Actual Loops": 1,"Plans": [{"Node Type": "Gather","Parent Relationship": "Outer","Parallel Aware": false,"Async Capable": false,"Startup Cost": 34201.33,"Total Cost": 34201.54,"Plan Rows": 2,"Plan Width": 32,"Actual Startup Time": 81.101,"Actual Total Time": 95.530,"Actual Rows": 3,"Actual Loops": 1,"Workers Planned": 2,"Workers Launched": 2,"Single Copy": false,"Plans": [{"Node Type": "Aggregate","Strategy": "Plain","Partial Mode": "Partial","Parent Relationship": "Outer","Parallel Aware": false,"Async Capable": false,"Startup Cost": 33201.33,"Total Cost": 33201.34,"Plan Rows": 1,"Plan Width": 32,"Actual Startup Time": 74.727,"Actual Total Time": 74.732,"Actual Rows": 1,"Actual Loops": 3,"Workers": [],"Plans": [{"Node Type": "Nested Loop","Parent Relationship": "Outer","Parallel Aware": false,"Async Capable": false,"Join Type": "Inner","Startup Cost": 0.43,"Total Cost": 33200.97,"Plan Rows": 48,"Plan Width": 12,"Actual Startup Time": 3.911,"Actual Total Time": 74.686,"Actual Rows": 43,"Actual Loops": 3,"Inner Unique": false,"Workers": [],"Plans": [{"Node Type": "Seq Scan","Parent Relationship": "Outer","Parallel Aware": true,"Async Capable": false,"Relation Name": "part","Alias": "part","Startup Cost": 0.00,"Total Cost": 7638.67,"Plan Rows": 208,"Plan Width": 30,"Actual Startup Time": 0.702,"Actual Total Time": 32.290,"Actual Rows": 159,"Actual Loops": 3,"Filter": "((p_size >= 1) AND (((p_brand = 'Brand#13'::bpchar) AND (p_container = ANY ('{\"SM CASE\",\"SM BOX\",\"SM PACK\",\"SM PKG\"}'::bpchar[])) AND (p_size <= 5)) OR ((p_brand = 'Brand#21'::bpchar) AND (p_container = ANY ('{\"MED BAG\",\"MED BOX\",\"MED PKG\",\"MED PACK\"}'::bpchar[])) AND (p_size <= 10)) OR ((p_brand = 'Brand#42'::bpchar) AND (p_container = ANY ('{\"LG CASE\",\"LG BOX\",\"LG PACK\",\"LG PKG\"}'::bpchar[])) AND (p_size <= 15))))","Rows Removed by Filter": 66507,"Workers": []},{"Node Type": "Index Scan","Parent Relationship": "Inner","Parallel Aware": false,"Async Capable": false,"Scan Direction": "Forward","Index Name": "idx_lineitem_part_supp","Relation Name": "lineitem","Alias": "lineitem","Startup Cost": 0.43,"Total Cost": 122.89,"Plan Rows": 1,"Plan Width": 21,"Actual Startup Time": 0.237,"Actual Total Time": 0.266,"Actual Rows": 0,"Actual Loops": 478,"Index Cond": "(l_partkey = part.p_partkey)","Rows Removed by Index Recheck": 0,"Filter": "((l_shipmode = ANY ('{AIR,\"AIR REG\"}'::bpchar[])) AND (l_shipinstruct = 'DELIVER IN PERSON'::bpchar) AND (((l_quantity >= '3'::numeric) AND (l_quantity <= '13'::numeric)) OR ((l_quantity >= '13'::numeric) AND (l_quantity <= '23'::numeric)) OR ((l_quantity >= '23'::numeric) AND (l_quantity <= '33'::numeric))) AND (((part.p_brand = 'Brand#13'::bpchar) AND (part.p_container = ANY ('{\"SM CASE\",\"SM BOX\",\"SM PACK\",\"SM PKG\"}'::bpchar[])) AND (l_quantity >= '3'::numeric) AND (l_quantity <= '13'::numeric) AND (part.p_size <= 5)) OR ((part.p_brand = 'Brand#21'::bpchar) AND (part.p_container = ANY ('{\"MED BAG\",\"MED BOX\",\"MED PKG\",\"MED PACK\"}'::bpchar[])) AND (l_quantity >= '13'::numeric) AND (l_quantity <= '23'::numeric) AND (part.p_size <= 10)) OR ((part.p_brand = 'Brand#42'::bpchar) AND (part.p_container = ANY ('{\"LG CASE\",\"LG BOX\",\"LG PACK\",\"LG PKG\"}'::bpchar[])) AND (l_quantity >= '23'::numeric) AND (l_quantity <= '33'::numeric) AND (part.p_size <= 15))))","Rows Removed by Filter": 30,"Workers": []}]}]}]}]},"Planning Time": 6.565,"Triggers": [],"Execution Time": 95.731}]
[{"Plan": {"Node Type": "Aggregate","Strategy": "Plain","Partial Mode": "Finalize","Parallel Aware": false,"Async Capable": false,"Startup Cost": 34287.53,"Total Cost": 34287.54,"Plan Rows": 1,"Plan Width": 32,"Actual Startup Time": 93.336,"Actual Total Time": 109.490,"Actual Rows": 1,"Actual Loops": 1,"Plans": [{"Node Type": "Gather","Parent Relationship": "Outer","Parallel Aware": false,"Async Capable": false,"Startup Cost": 34287.31,"Total Cost": 34287.52,"Plan Rows": 2,"Plan Width": 32,"Actual Startup Time": 93.304,"Actual Total Time": 109.465,"Actual Rows": 3,"Actual Loops": 1,"Workers Planned": 2,"Workers Launched": 2,"Single Copy": false,"Plans": [{"Node Type": "Aggregate","Strategy": "Plain","Partial Mode": "Partial","Parent Relationship": "Outer","Parallel Aware": false,"Async Capable": false,"Startup Cost": 33287.31,"Total Cost": 33287.32,"Plan Rows": 1,"Plan Width": 32,"Actual Startup Time": 86.568,"Actual Total Time": 86.571,"Actual Rows": 1,"Actual Loops": 3,"Workers": [],"Plans": [{"Node Type": "Nested Loop","Parent Relationship": "Outer","Parallel Aware": false,"Async Capable": false,"Join Type": "Inner","Startup Cost": 4.54,"Total Cost": 33286.94,"Plan Rows": 49,"Plan Width": 12,"Actual Startup Time": 2.324,"Actual Total Time": 86.521,"Actual Rows": 37,"Actual Loops": 3,"Inner Unique": false,"Workers": [],"Plans": [{"Node Type": "Seq Scan","Parent Relationship": "Outer","Parallel Aware": true,"Async Capable": false,"Relation Name": "part","Alias": "part","Startup Cost": 0.00,"Total Cost": 7638.67,"Plan Rows": 211,"Plan Width": 30,"Actual Startup Time": 0.409,"Actual Total Time": 36.110,"Actual Rows": 172,"Actual Loops": 3,"Filter": "((p_size >= 1) AND (((p_brand = 'Brand#45'::bpchar) AND (p_container = ANY ('{\"SM CASE\",\"SM BOX\",\"SM PACK\",\"SM PKG\"}'::bpchar[])) AND (p_size <= 5)) OR ((p_brand = 'Brand#55'::bpchar) AND (p_container = ANY ('{\"MED BAG\",\"MED BOX\",\"MED PKG\",\"MED PACK\"}'::bpchar[])) AND (p_size <= 10)) OR ((p_brand = 'Brand#33'::bpchar) AND (p_container = ANY ('{\"LG CASE\",\"LG BOX\",\"LG PACK\",\"LG PKG\"}'::bpchar[])) AND (p_size <= 15))))","Rows Removed by Filter": 66495,"Workers": []},{"Node Type": "Bitmap Heap Scan","Parent Relationship": "Inner","Parallel Aware": false,"Async Capable": false,"Relation Name": "lineitem","Alias": "lineitem","Startup Cost": 4.54,"Total Cost": 121.55,"Plan Rows": 1,"Plan Width": 21,"Actual Startup Time": 0.260,"Actual Total Time": 0.292,"Actual Rows": 0,"Actual Loops": 515,"Recheck Cond": "(l_partkey = part.p_partkey)","Rows Removed by Index Recheck": 0,"Filter": "((l_shipmode = ANY ('{AIR,\"AIR REG\"}'::bpchar[])) AND (l_shipinstruct = 'DELIVER IN PERSON'::bpchar) AND (((l_quantity >= '4'::numeric) AND (l_quantity <= '14'::numeric)) OR ((l_quantity >= '20'::numeric) AND (l_quantity <= '30'::numeric)) OR ((l_quantity >= '30'::numeric) AND (l_quantity <= '40'::numeric))) AND (((part.p_brand = 'Brand#45'::bpchar) AND (part.p_container = ANY ('{\"SM CASE\",\"SM BOX\",\"SM PACK\",\"SM PKG\"}'::bpchar[])) AND (l_quantity >= '4'::numeric) AND (l_quantity <= '14'::numeric) AND (part.p_size <= 5)) OR ((part.p_brand = 'Brand#55'::bpchar) AND (part.p_container = ANY ('{\"MED BAG\",\"MED BOX\",\"MED PKG\",\"MED PACK\"}'::bpchar[])) AND (l_quantity >= '20'::numeric) AND (l_quantity <= '30'::numeric) AND (part.p_size <= 10)) OR ((part.p_brand = 'Brand#33'::bpchar) AND (part.p_container = ANY ('{\"LG CASE\",\"LG BOX\",\"LG PACK\",\"LG PKG\"}'::bpchar[])) AND (l_quantity >= '30'::numeric) AND (l_quantity <= '40'::numeric) AND (part.p_size <= 15))))","Rows Removed by Filter": 30,"Exact Heap Blocks": 5194,"Lossy Heap Blocks": 0,"Workers": [],"Plans": [{"Node Type": "Bitmap Index Scan","Parent Relationship": "Outer","Parallel Aware": false,"Async Capable": false,"Index Name": "idx_lineitem_part_supp","Startup Cost": 0.00,"Total Cost": 4.54,"Plan Rows": 31,"Plan Width": 0,"Actual Startup Time": 0.011,"Actual Total Time": 0.011,"Actual Rows": 30,"Actual Loops": 515,"Index Cond": "(l_partkey = part.p_partkey)","Workers": []}]}]}]}]}]},"Planning Time": 5.547,"Triggers": [],"Execution Time": 109.666}]
[{"Plan": {"Node Type": "Aggregate","Strategy": "Plain","Partial Mode": "Finalize","Parallel Aware": false,"Async Capable": false,"Startup Cost": 34165.61,"Total Cost": 34165.62,"Plan Rows": 1,"Plan Width": 32,"Actual Startup Time": 91.166,"Actual Total Time": 105.969,"Actual Rows": 1,"Actual Loops": 1,"Plans": [{"Node Type": "Gather","Parent Relationship": "Outer","Parallel Aware": false,"Async Capable": false,"Startup Cost": 34165.39,"Total Cost": 34165.60,"Plan Rows": 2,"Plan Width": 32,"Actual Startup Time": 91.130,"Actual Total Time": 105.941,"Actual Rows": 3,"Actual Loops": 1,"Workers Planned": 2,"Workers Launched": 2,"Single Copy": false,"Plans": [{"Node Type": "Aggregate","Strategy": "Plain","Partial Mode": "Partial","Parent Relationship": "Outer","Parallel Aware": false,"Async Capable": false,"Startup Cost": 33165.39,"Total Cost": 33165.40,"Plan Rows": 1,"Plan Width": 32,"Actual Startup Time": 83.692,"Actual Total Time": 83.694,"Actual Rows": 1,"Actual Loops": 3,"Workers": [],"Plans": [{"Node Type": "Nested Loop","Parent Relationship": "Outer","Parallel Aware": false,"Async Capable": false,"Join Type": "Inner","Startup Cost": 4.54,"Total Cost": 33165.02,"Plan Rows": 49,"Plan Width": 12,"Actual Startup Time": 3.638,"Actual Total Time": 83.635,"Actual Rows": 44,"Actual Loops": 3,"Inner Unique": false,"Workers": [],"Plans": [{"Node Type": "Seq Scan","Parent Relationship": "Outer","Parallel Aware": true,"Async Capable": false,"Relation Name": "part","Alias": "part","Startup Cost": 0.00,"Total Cost": 7638.67,"Plan Rows": 210,"Plan Width": 30,"Actual Startup Time": 0.533,"Actual Total Time": 34.773,"Actual Rows": 172,"Actual Loops": 3,"Filter": "((p_size >= 1) AND (((p_brand = 'Brand#14'::bpchar) AND (p_container = ANY ('{\"SM CASE\",\"SM BOX\",\"SM PACK\",\"SM PKG\"}'::bpchar[])) AND (p_size <= 5)) OR ((p_brand = 'Brand#34'::bpchar) AND (p_container = ANY ('{\"MED BAG\",\"MED BOX\",\"MED PKG\",\"MED PACK\"}'::bpchar[])) AND (p_size <= 10)) OR ((p_brand = 'Brand#33'::bpchar) AND (p_container = ANY ('{\"LG CASE\",\"LG BOX\",\"LG PACK\",\"LG PKG\"}'::bpchar[])) AND (p_size <= 15))))","Rows Removed by Filter": 66495,"Workers": []},{"Node Type": "Bitmap Heap Scan","Parent Relationship": "Inner","Parallel Aware": false,"Async Capable": false,"Relation Name": "lineitem","Alias": "lineitem","Startup Cost": 4.54,"Total Cost": 121.54,"Plan Rows": 1,"Plan Width": 21,"Actual Startup Time": 0.250,"Actual Total Time": 0.283,"Actual Rows": 0,"Actual Loops": 515,"Recheck Cond": "(l_partkey = part.p_partkey)","Rows Removed by Index Recheck": 0,"Filter": "((l_shipmode = ANY ('{AIR,\"AIR REG\"}'::bpchar[])) AND (l_shipinstruct = 'DELIVER IN PERSON'::bpchar) AND (((l_quantity >= '6'::numeric) AND (l_quantity <= '16'::numeric)) OR ((l_quantity >= '10'::numeric) AND (l_quantity <= '20'::numeric)) OR ((l_quantity >= '28'::numeric) AND (l_quantity <= '38'::numeric))) AND (((part.p_brand = 'Brand#14'::bpchar) AND (part.p_container = ANY ('{\"SM CASE\",\"SM BOX\",\"SM PACK\",\"SM PKG\"}'::bpchar[])) AND (l_quantity >= '6'::numeric) AND (l_quantity <= '16'::numeric) AND (part.p_size <= 5)) OR ((part.p_brand = 'Brand#34'::bpchar) AND (part.p_container = ANY ('{\"MED BAG\",\"MED BOX\",\"MED PKG\",\"MED PACK\"}'::bpchar[])) AND (l_quantity >= '10'::numeric) AND (l_quantity <= '20'::numeric) AND (part.p_size <= 10)) OR ((part.p_brand = 'Brand#33'::bpchar) AND (part.p_container = ANY ('{\"LG CASE\",\"LG BOX\",\"LG PACK\",\"LG PKG\"}'::bpchar[])) AND (l_quantity >= '28'::numeric) AND (l_quantity <= '38'::numeric) AND (part.p_size <= 15))))","Rows Removed by Filter": 29,"Exact Heap Blocks": 5297,"Lossy Heap Blocks": 0,"Workers": [],"Plans": [{"Node Type": "Bitmap Index Scan","Parent Relationship": "Outer","Parallel Aware": false,"Async Capable": false,"Index Name": "idx_lineitem_part_supp","Startup Cost": 0.00,"Total Cost": 4.54,"Plan Rows": 31,"Plan Width": 0,"Actual Startup Time": 0.011,"Actual Total Time": 0.011,"Actual Rows": 30,"Actual Loops": 515,"Index Cond": "(l_partkey = part.p_partkey)","Workers": []}]}]}]}]}]},"Planning Time": 6.109,"Triggers": [],"Execution Time": 106.196}]
[{"Plan": {"Node Type": "Aggregate","Strategy": "Plain","Partial Mode": "Finalize","Parallel Aware": false,"Async Capable": false,"Startup Cost": 33507.87,"Total Cost": 33507.88,"Plan Rows": 1,"Plan Width": 32,"Actual Startup Time": 82.503,"Actual Total Time": 96.932,"Actual Rows": 1,"Actual Loops": 1,"Plans": [{"Node Type": "Gather","Parent Relationship": "Outer","Parallel Aware": false,"Async Capable": false,"Startup Cost": 33507.65,"Total Cost": 33507.86,"Plan Rows": 2,"Plan Width": 32,"Actual Startup Time": 82.464,"Actual Total Time": 96.903,"Actual Rows": 3,"Actual Loops": 1,"Workers Planned": 2,"Workers Launched": 2,"Single Copy": false,"Plans": [{"Node Type": "Aggregate","Strategy": "Plain","Partial Mode": "Partial","Parent Relationship": "Outer","Parallel Aware": false,"Async Capable": false,"Startup Cost": 32507.65,"Total Cost": 32507.66,"Plan Rows": 1,"Plan Width": 32,"Actual Startup Time": 75.765,"Actual Total Time": 75.767,"Actual Rows": 1,"Actual Loops": 3,"Workers": [],"Plans": [{"Node Type": "Nested Loop","Parent Relationship": "Outer","Parallel Aware": false,"Async Capable": false,"Join Type": "Inner","Startup Cost": 0.43,"Total Cost": 32507.29,"Plan Rows": 47,"Plan Width": 12,"Actual Startup Time": 2.416,"Actual Total Time": 75.716,"Actual Rows": 38,"Actual Loops": 3,"Inner Unique": false,"Workers": [],"Plans": [{"Node Type": "Seq Scan","Parent Relationship": "Outer","Parallel Aware": true,"Async Capable": false,"Relation Name": "part","Alias": "part","Startup Cost": 0.00,"Total Cost": 7638.67,"Plan Rows": 202,"Plan Width": 30,"Actual Startup Time": 0.795,"Actual Total Time": 31.827,"Actual Rows": 165,"Actual Loops": 3,"Filter": "((p_size >= 1) AND (((p_brand = 'Brand#45'::bpchar) AND (p_container = ANY ('{\"SM CASE\",\"SM BOX\",\"SM PACK\",\"SM PKG\"}'::bpchar[])) AND (p_size <= 5)) OR ((p_brand = 'Brand#43'::bpchar) AND (p_container = ANY ('{\"MED BAG\",\"MED BOX\",\"MED PKG\",\"MED PACK\"}'::bpchar[])) AND (p_size <= 10)) OR ((p_brand = 'Brand#11'::bpchar) AND (p_container = ANY ('{\"LG CASE\",\"LG BOX\",\"LG PACK\",\"LG PKG\"}'::bpchar[])) AND (p_size <= 15))))","Rows Removed by Filter": 66502,"Workers": []},{"Node Type": "Index Scan","Parent Relationship": "Inner","Parallel Aware": false,"Async Capable": false,"Scan Direction": "Forward","Index Name": "idx_lineitem_part_supp","Relation Name": "lineitem","Alias": "lineitem","Startup Cost": 0.43,"Total Cost": 123.10,"Plan Rows": 1,"Plan Width": 21,"Actual Startup Time": 0.239,"Actual Total Time": 0.265,"Actual Rows": 0,"Actual Loops": 495,"Index Cond": "(l_partkey = part.p_partkey)","Rows Removed by Index Recheck": 0,"Filter": "((l_shipmode = ANY ('{AIR,\"AIR REG\"}'::bpchar[])) AND (l_shipinstruct = 'DELIVER IN PERSON'::bpchar) AND (((l_quantity >= '10'::numeric) AND (l_quantity <= '20'::numeric)) OR ((l_quantity >= '19'::numeric) AND (l_quantity <= '29'::numeric)) OR ((l_quantity >= '26'::numeric) AND (l_quantity <= '36'::numeric))) AND (((part.p_brand = 'Brand#45'::bpchar) AND (part.p_container = ANY ('{\"SM CASE\",\"SM BOX\",\"SM PACK\",\"SM PKG\"}'::bpchar[])) AND (l_quantity >= '10'::numeric) AND (l_quantity <= '20'::numeric) AND (part.p_size <= 5)) OR ((part.p_brand = 'Brand#43'::bpchar) AND (part.p_container = ANY ('{\"MED BAG\",\"MED BOX\",\"MED PKG\",\"MED PACK\"}'::bpchar[])) AND (l_quantity >= '19'::numeric) AND (l_quantity <= '29'::numeric) AND (part.p_size <= 10)) OR ((part.p_brand = 'Brand#11'::bpchar) AND (part.p_container = ANY ('{\"LG CASE\",\"LG BOX\",\"LG PACK\",\"LG PKG\"}'::bpchar[])) AND (l_quantity >= '26'::numeric) AND (l_quantity <= '36'::numeric) AND (part.p_size <= 15))))","Rows Removed by Filter": 30,"Workers": []}]}]}]}]},"Planning Time": 5.846,"Triggers": [],"Execution Time": 97.134}]
[{"Plan": {"Node Type": "Aggregate","Strategy": "Plain","Partial Mode": "Finalize","Parallel Aware": false,"Async Capable": false,"Startup Cost": 32926.88,"Total Cost": 32926.89,"Plan Rows": 1,"Plan Width": 32,"Actual Startup Time": 86.167,"Actual Total Time": 101.037,"Actual Rows": 1,"Actual Loops": 1,"Plans": [{"Node Type": "Gather","Parent Relationship": "Outer","Parallel Aware": false,"Async Capable": false,"Startup Cost": 32926.66,"Total Cost": 32926.87,"Plan Rows": 2,"Plan Width": 32,"Actual Startup Time": 86.018,"Actual Total Time": 101.019,"Actual Rows": 3,"Actual Loops": 1,"Workers Planned": 2,"Workers Launched": 2,"Single Copy": false,"Plans": [{"Node Type": "Aggregate","Strategy": "Plain","Partial Mode": "Partial","Parent Relationship": "Outer","Parallel Aware": false,"Async Capable": false,"Startup Cost": 31926.66,"Total Cost": 31926.67,"Plan Rows": 1,"Plan Width": 32,"Actual Startup Time": 79.282,"Actual Total Time": 79.283,"Actual Rows": 1,"Actual Loops": 3,"Workers": [],"Plans": [{"Node Type": "Nested Loop","Parent Relationship": "Outer","Parallel Aware": false,"Async Capable": false,"Join Type": "Inner","Startup Cost": 0.43,"Total Cost": 31926.31,"Plan Rows": 46,"Plan Width": 12,"Actual Startup Time": 2.444,"Actual Total Time": 79.241,"Actual Rows": 43,"Actual Loops": 3,"Inner Unique": false,"Workers": [],"Plans": [{"Node Type": "Seq Scan","Parent Relationship": "Outer","Parallel Aware": true,"Async Capable": false,"Relation Name": "part","Alias": "part","Startup Cost": 0.00,"Total Cost": 7638.67,"Plan Rows": 197,"Plan Width": 30,"Actual Startup Time": 0.412,"Actual Total Time": 34.920,"Actual Rows": 160,"Actual Loops": 3,"Filter": "((p_size >= 1) AND (((p_brand = 'Brand#14'::bpchar) AND (p_container = ANY ('{\"SM CASE\",\"SM BOX\",\"SM PACK\",\"SM PKG\"}'::bpchar[])) AND (p_size <= 5)) OR ((p_brand = 'Brand#43'::bpchar) AND (p_container = ANY ('{\"MED BAG\",\"MED BOX\",\"MED PKG\",\"MED PACK\"}'::bpchar[])) AND (p_size <= 10)) OR ((p_brand = 'Brand#25'::bpchar) AND (p_container = ANY ('{\"LG CASE\",\"LG BOX\",\"LG PACK\",\"LG PKG\"}'::bpchar[])) AND (p_size <= 15))))","Rows Removed by Filter": 66507,"Workers": []},{"Node Type": "Index Scan","Parent Relationship": "Inner","Parallel Aware": false,"Async Capable": false,"Scan Direction": "Forward","Index Name": "idx_lineitem_part_supp","Relation Name": "lineitem","Alias": "lineitem","Startup Cost": 0.43,"Total Cost": 123.28,"Plan Rows": 1,"Plan Width": 21,"Actual Startup Time": 0.244,"Actual Total Time": 0.277,"Actual Rows": 0,"Actual Loops": 480,"Index Cond": "(l_partkey = part.p_partkey)","Rows Removed by Index Recheck": 0,"Filter": "((l_shipmode = ANY ('{AIR,\"AIR REG\"}'::bpchar[])) AND (l_shipinstruct = 'DELIVER IN PERSON'::bpchar) AND (((l_quantity >= '10'::numeric) AND (l_quantity <= '20'::numeric)) OR ((l_quantity >= '20'::numeric) AND (l_quantity <= '30'::numeric)) OR ((l_quantity >= '28'::numeric) AND (l_quantity <= '38'::numeric))) AND (((part.p_brand = 'Brand#14'::bpchar) AND (part.p_container = ANY ('{\"SM CASE\",\"SM BOX\",\"SM PACK\",\"SM PKG\"}'::bpchar[])) AND (l_quantity >= '10'::numeric) AND (l_quantity <= '20'::numeric) AND (part.p_size <= 5)) OR ((part.p_brand = 'Brand#43'::bpchar) AND (part.p_container = ANY ('{\"MED BAG\",\"MED BOX\",\"MED PKG\",\"MED PACK\"}'::bpchar[])) AND (l_quantity >= '20'::numeric) AND (l_quantity <= '30'::numeric) AND (part.p_size <= 10)) OR ((part.p_brand = 'Brand#25'::bpchar) AND (part.p_container = ANY ('{\"LG CASE\",\"LG BOX\",\"LG PACK\",\"LG PKG\"}'::bpchar[])) AND (l_quantity >= '28'::numeric) AND (l_quantity <= '38'::numeric) AND (part.p_size <= 15))))","Rows Removed by Filter": 29,"Workers": []}]}]}]}]},"Planning Time": 6.437,"Triggers": [],"Execution Time": 101.272}]
[{"Plan": {"Node Type": "Aggregate","Strategy": "Plain","Partial Mode": "Finalize","Parallel Aware": false,"Async Capable": false,"Startup Cost": 34320.52,"Total Cost": 34320.53,"Plan Rows": 1,"Plan Width": 32,"Actual Startup Time": 84.351,"Actual Total Time": 98.868,"Actual Rows": 1,"Actual Loops": 1,"Plans": [{"Node Type": "Gather","Parent Relationship": "Outer","Parallel Aware": false,"Async Capable": false,"Startup Cost": 34320.30,"Total Cost": 34320.51,"Plan Rows": 2,"Plan Width": 32,"Actual Startup Time": 84.194,"Actual Total Time": 98.843,"Actual Rows": 3,"Actual Loops": 1,"Workers Planned": 2,"Workers Launched": 2,"Single Copy": false,"Plans": [{"Node Type": "Aggregate","Strategy": "Plain","Partial Mode": "Partial","Parent Relationship": "Outer","Parallel Aware": false,"Async Capable": false,"Startup Cost": 33320.30,"Total Cost": 33320.31,"Plan Rows": 1,"Plan Width": 32,"Actual Startup Time": 77.625,"Actual Total Time": 77.626,"Actual Rows": 1,"Actual Loops": 3,"Workers": [],"Plans": [{"Node Type": "Nested Loop","Parent Relationship": "Outer","Parallel Aware": false,"Async Capable": false,"Join Type": "Inner","Startup Cost": 0.43,"Total Cost": 33319.94,"Plan Rows": 48,"Plan Width": 12,"Actual Startup Time": 1.940,"Actual Total Time": 77.573,"Actual Rows": 36,"Actual Loops": 3,"Inner Unique": false,"Workers": [],"Plans": [{"Node Type": "Seq Scan","Parent Relationship": "Outer","Parallel Aware": true,"Async Capable": false,"Relation Name": "part","Alias": "part","Startup Cost": 0.00,"Total Cost": 7638.67,"Plan Rows": 209,"Plan Width": 30,"Actual Startup Time": 0.889,"Actual Total Time": 34.984,"Actual Rows": 153,"Actual Loops": 3,"Filter": "((p_size >= 1) AND (((p_brand = 'Brand#31'::bpchar) AND (p_container = ANY ('{\"SM CASE\",\"SM BOX\",\"SM PACK\",\"SM PKG\"}'::bpchar[])) AND (p_size <= 5)) OR ((p_brand = 'Brand#21'::bpchar) AND (p_container = ANY ('{\"MED BAG\",\"MED BOX\",\"MED PKG\",\"MED PACK\"}'::bpchar[])) AND (p_size <= 10)) OR ((p_brand = 'Brand#45'::bpchar) AND (p_container = ANY ('{\"LG CASE\",\"LG BOX\",\"LG PACK\",\"LG PKG\"}'::bpchar[])) AND (p_size <= 15))))","Rows Removed by Filter": 66514,"Workers": []},{"Node Type": "Index Scan","Parent Relationship": "Inner","Parallel Aware": false,"Async Capable": false,"Scan Direction": "Forward","Index Name": "idx_lineitem_part_supp","Relation Name": "lineitem","Alias": "lineitem","Startup Cost": 0.43,"Total Cost": 122.87,"Plan Rows": 1,"Plan Width": 21,"Actual Startup Time": 0.250,"Actual Total Time": 0.278,"Actual Rows": 0,"Actual Loops": 458,"Index Cond": "(l_partkey = part.p_partkey)","Rows Removed by Index Recheck": 0,"Filter": "((l_shipmode = ANY ('{AIR,\"AIR REG\"}'::bpchar[])) AND (l_shipinstruct = 'DELIVER IN PERSON'::bpchar) AND (((l_quantity >= '4'::numeric) AND (l_quantity <= '14'::numeric)) OR ((l_quantity >= '16'::numeric) AND (l_quantity <= '26'::numeric)) OR ((l_quantity >= '27'::numeric) AND (l_quantity <= '37'::numeric))) AND (((part.p_brand = 'Brand#31'::bpchar) AND (part.p_container = ANY ('{\"SM CASE\",\"SM BOX\",\"SM PACK\",\"SM PKG\"}'::bpchar[])) AND (l_quantity >= '4'::numeric) AND (l_quantity <= '14'::numeric) AND (part.p_size <= 5)) OR ((part.p_brand = 'Brand#21'::bpchar) AND (part.p_container = ANY ('{\"MED BAG\",\"MED BOX\",\"MED PKG\",\"MED PACK\"}'::bpchar[])) AND (l_quantity >= '16'::numeric) AND (l_quantity <= '26'::numeric) AND (part.p_size <= 10)) OR ((part.p_brand = 'Brand#45'::bpchar) AND (part.p_container = ANY ('{\"LG CASE\",\"LG BOX\",\"LG PACK\",\"LG PKG\"}'::bpchar[])) AND (l_quantity >= '27'::numeric) AND (l_quantity <= '37'::numeric) AND (part.p_size <= 15))))","Rows Removed by Filter": 30,"Workers": []}]}]}]}]},"Planning Time": 6.088,"Triggers": [],"Execution Time": 99.035}]
[{"Plan": {"Node Type": "Aggregate","Strategy": "Plain","Partial Mode": "Finalize","Parallel Aware": false,"Async Capable": false,"Startup Cost": 34088.22,"Total Cost": 34088.23,"Plan Rows": 1,"Plan Width": 32,"Actual Startup Time": 85.604,"Actual Total Time": 100.626,"Actual Rows": 1,"Actual Loops": 1,"Plans": [{"Node Type": "Gather","Parent Relationship": "Outer","Parallel Aware": false,"Async Capable": false,"Startup Cost": 34087.99,"Total Cost": 34088.20,"Plan Rows": 2,"Plan Width": 32,"Actual Startup Time": 85.382,"Actual Total Time": 100.596,"Actual Rows": 3,"Actual Loops": 1,"Workers Planned": 2,"Workers Launched": 2,"Single Copy": false,"Plans": [{"Node Type": "Aggregate","Strategy": "Plain","Partial Mode": "Partial","Parent Relationship": "Outer","Parallel Aware": false,"Async Capable": false,"Startup Cost": 33087.99,"Total Cost": 33088.00,"Plan Rows": 1,"Plan Width": 32,"Actual Startup Time": 78.801,"Actual Total Time": 78.804,"Actual Rows": 1,"Actual Loops": 3,"Workers": [],"Plans": [{"Node Type": "Nested Loop","Parent Relationship": "Outer","Parallel Aware": false,"Async Capable": false,"Join Type": "Inner","Startup Cost": 0.43,"Total Cost": 33087.63,"Plan Rows": 48,"Plan Width": 12,"Actual Startup Time": 4.999,"Actual Total Time": 78.756,"Actual Rows": 38,"Actual Loops": 3,"Inner Unique": false,"Workers": [],"Plans": [{"Node Type": "Seq Scan","Parent Relationship": "Outer","Parallel Aware": true,"Async Capable": false,"Relation Name": "part","Alias": "part","Startup Cost": 0.00,"Total Cost": 7638.67,"Plan Rows": 207,"Plan Width": 30,"Actual Startup Time": 0.612,"Actual Total Time": 34.842,"Actual Rows": 156,"Actual Loops": 3,"Filter": "((p_size >= 1) AND (((p_brand = 'Brand#25'::bpchar) AND (p_container = ANY ('{\"SM CASE\",\"SM BOX\",\"SM PACK\",\"SM PKG\"}'::bpchar[])) AND (p_size <= 5)) OR ((p_brand = 'Brand#42'::bpchar) AND (p_container = ANY ('{\"MED BAG\",\"MED BOX\",\"MED PKG\",\"MED PACK\"}'::bpchar[])) AND (p_size <= 10)) OR ((p_brand = 'Brand#15'::bpchar) AND (p_container = ANY ('{\"LG CASE\",\"LG BOX\",\"LG PACK\",\"LG PKG\"}'::bpchar[])) AND (p_size <= 15))))","Rows Removed by Filter": 66511,"Workers": []},{"Node Type": "Index Scan","Parent Relationship": "Inner","Parallel Aware": false,"Async Capable": false,"Scan Direction": "Forward","Index Name": "idx_lineitem_part_supp","Relation Name": "lineitem","Alias": "lineitem","Startup Cost": 0.43,"Total Cost": 122.93,"Plan Rows": 1,"Plan Width": 21,"Actual Startup Time": 0.253,"Actual Total Time": 0.281,"Actual Rows": 0,"Actual Loops": 468,"Index Cond": "(l_partkey = part.p_partkey)","Rows Removed by Index Recheck": 0,"Filter": "((l_shipmode = ANY ('{AIR,\"AIR REG\"}'::bpchar[])) AND (l_shipinstruct = 'DELIVER IN PERSON'::bpchar) AND (((l_quantity >= '10'::numeric) AND (l_quantity <= '20'::numeric)) OR ((l_quantity >= '14'::numeric) AND (l_quantity <= '24'::numeric)) OR ((l_quantity >= '29'::numeric) AND (l_quantity <= '39'::numeric))) AND (((part.p_brand = 'Brand#25'::bpchar) AND (part.p_container = ANY ('{\"SM CASE\",\"SM BOX\",\"SM PACK\",\"SM PKG\"}'::bpchar[])) AND (l_quantity >= '10'::numeric) AND (l_quantity <= '20'::numeric) AND (part.p_size <= 5)) OR ((part.p_brand = 'Brand#42'::bpchar) AND (part.p_container = ANY ('{\"MED BAG\",\"MED BOX\",\"MED PKG\",\"MED PACK\"}'::bpchar[])) AND (l_quantity >= '14'::numeric) AND (l_quantity <= '24'::numeric) AND (part.p_size <= 10)) OR ((part.p_brand = 'Brand#15'::bpchar) AND (part.p_container = ANY ('{\"LG CASE\",\"LG BOX\",\"LG PACK\",\"LG PKG\"}'::bpchar[])) AND (l_quantity >= '29'::numeric) AND (l_quantity <= '39'::numeric) AND (part.p_size <= 15))))","Rows Removed by Filter": 30,"Workers": []}]}]}]}]},"Planning Time": 4.864,"Triggers": [],"Execution Time": 100.799}]
[{"Plan": {"Node Type": "Aggregate","Strategy": "Plain","Partial Mode": "Finalize","Parallel Aware": false,"Async Capable": false,"Startup Cost": 33856.59,"Total Cost": 33856.60,"Plan Rows": 1,"Plan Width": 32,"Actual Startup Time": 86.141,"Actual Total Time": 100.604,"Actual Rows": 1,"Actual Loops": 1,"Plans": [{"Node Type": "Gather","Parent Relationship": "Outer","Parallel Aware": false,"Async Capable": false,"Startup Cost": 33856.37,"Total Cost": 33856.58,"Plan Rows": 2,"Plan Width": 32,"Actual Startup Time": 85.946,"Actual Total Time": 100.575,"Actual Rows": 3,"Actual Loops": 1,"Workers Planned": 2,"Workers Launched": 2,"Single Copy": false,"Plans": [{"Node Type": "Aggregate","Strategy": "Plain","Partial Mode": "Partial","Parent Relationship": "Outer","Parallel Aware": false,"Async Capable": false,"Startup Cost": 32856.37,"Total Cost": 32856.38,"Plan Rows": 1,"Plan Width": 32,"Actual Startup Time": 79.245,"Actual Total Time": 79.246,"Actual Rows": 1,"Actual Loops": 3,"Workers": [],"Plans": [{"Node Type": "Nested Loop","Parent Relationship": "Outer","Parallel Aware": false,"Async Capable": false,"Join Type": "Inner","Startup Cost": 0.43,"Total Cost": 32856.01,"Plan Rows": 48,"Plan Width": 12,"Actual Startup Time": 5.287,"Actual Total Time": 79.199,"Actual Rows": 42,"Actual Loops": 3,"Inner Unique": false,"Workers": [],"Plans": [{"Node Type": "Seq Scan","Parent Relationship": "Outer","Parallel Aware": true,"Async Capable": false,"Relation Name": "part","Alias": "part","Startup Cost": 0.00,"Total Cost": 7638.67,"Plan Rows": 205,"Plan Width": 30,"Actual Startup Time": 0.566,"Actual Total Time": 35.313,"Actual Rows": 158,"Actual Loops": 3,"Filter": "((p_size >= 1) AND (((p_brand = 'Brand#13'::bpchar) AND (p_container = ANY ('{\"SM CASE\",\"SM BOX\",\"SM PACK\",\"SM PKG\"}'::bpchar[])) AND (p_size <= 5)) OR ((p_brand = 'Brand#22'::bpchar) AND (p_container = ANY ('{\"MED BAG\",\"MED BOX\",\"MED PKG\",\"MED PACK\"}'::bpchar[])) AND (p_size <= 10)) OR ((p_brand = 'Brand#21'::bpchar) AND (p_container = ANY ('{\"LG CASE\",\"LG BOX\",\"LG PACK\",\"LG PKG\"}'::bpchar[])) AND (p_size <= 15))))","Rows Removed by Filter": 66509,"Workers": []},{"Node Type": "Index Scan","Parent Relationship": "Inner","Parallel Aware": false,"Async Capable": false,"Scan Direction": "Forward","Index Name": "idx_lineitem_part_supp","Relation Name": "lineitem","Alias": "lineitem","Startup Cost": 0.43,"Total Cost": 123.00,"Plan Rows": 1,"Plan Width": 21,"Actual Startup Time": 0.249,"Actual Total Time": 0.278,"Actual Rows": 0,"Actual Loops": 473,"Index Cond": "(l_partkey = part.p_partkey)","Rows Removed by Index Recheck": 0,"Filter": "((l_shipmode = ANY ('{AIR,\"AIR REG\"}'::bpchar[])) AND (l_shipinstruct = 'DELIVER IN PERSON'::bpchar) AND (((l_quantity >= '6'::numeric) AND (l_quantity <= '16'::numeric)) OR ((l_quantity >= '19'::numeric) AND (l_quantity <= '29'::numeric)) OR ((l_quantity >= '22'::numeric) AND (l_quantity <= '32'::numeric))) AND (((part.p_brand = 'Brand#13'::bpchar) AND (part.p_container = ANY ('{\"SM CASE\",\"SM BOX\",\"SM PACK\",\"SM PKG\"}'::bpchar[])) AND (l_quantity >= '6'::numeric) AND (l_quantity <= '16'::numeric) AND (part.p_size <= 5)) OR ((part.p_brand = 'Brand#22'::bpchar) AND (part.p_container = ANY ('{\"MED BAG\",\"MED BOX\",\"MED PKG\",\"MED PACK\"}'::bpchar[])) AND (l_quantity >= '19'::numeric) AND (l_quantity <= '29'::numeric) AND (part.p_size <= 10)) OR ((part.p_brand = 'Brand#21'::bpchar) AND (part.p_container = ANY ('{\"LG CASE\",\"LG BOX\",\"LG PACK\",\"LG PKG\"}'::bpchar[])) AND (l_quantity >= '22'::numeric) AND (l_quantity <= '32'::numeric) AND (part.p_size <= 15))))","Rows Removed by Filter": 30,"Workers": []}]}]}]}]},"Planning Time": 6.878,"Triggers": [],"Execution Time": 100.751}]
[{"Plan": {"Node Type": "Aggregate","Strategy": "Plain","Partial Mode": "Finalize","Parallel Aware": false,"Async Capable": false,"Startup Cost": 33389.24,"Total Cost": 33389.25,"Plan Rows": 1,"Plan Width": 32,"Actual Startup Time": 82.491,"Actual Total Time": 97.259,"Actual Rows": 1,"Actual Loops": 1,"Plans": [{"Node Type": "Gather","Parent Relationship": "Outer","Parallel Aware": false,"Async Capable": false,"Startup Cost": 33389.01,"Total Cost": 33389.22,"Plan Rows": 2,"Plan Width": 32,"Actual Startup Time": 82.084,"Actual Total Time": 97.220,"Actual Rows": 3,"Actual Loops": 1,"Workers Planned": 2,"Workers Launched": 2,"Single Copy": false,"Plans": [{"Node Type": "Aggregate","Strategy": "Plain","Partial Mode": "Partial","Parent Relationship": "Outer","Parallel Aware": false,"Async Capable": false,"Startup Cost": 32389.01,"Total Cost": 32389.02,"Plan Rows": 1,"Plan Width": 32,"Actual Startup Time": 75.768,"Actual Total Time": 75.771,"Actual Rows": 1,"Actual Loops": 3,"Workers": [],"Plans": [{"Node Type": "Nested Loop","Parent Relationship": "Outer","Parallel Aware": false,"Async Capable": false,"Join Type": "Inner","Startup Cost": 0.43,"Total Cost": 32388.66,"Plan Rows": 47,"Plan Width": 12,"Actual Startup Time": 3.015,"Actual Total Time": 75.714,"Actual Rows": 44,"Actual Loops": 3,"Inner Unique": false,"Workers": [],"Plans": [{"Node Type": "Seq Scan","Parent Relationship": "Outer","Parallel Aware": true,"Async Capable": false,"Relation Name": "part","Alias": "part","Startup Cost": 0.00,"Total Cost": 7638.67,"Plan Rows": 201,"Plan Width": 30,"Actual Startup Time": 0.446,"Actual Total Time": 31.313,"Actual Rows": 173,"Actual Loops": 3,"Filter": "((p_size >= 1) AND (((p_brand = 'Brand#54'::bpchar) AND (p_container = ANY ('{\"SM CASE\",\"SM BOX\",\"SM PACK\",\"SM PKG\"}'::bpchar[])) AND (p_size <= 5)) OR ((p_brand = 'Brand#53'::bpchar) AND (p_container = ANY ('{\"MED BAG\",\"MED BOX\",\"MED PKG\",\"MED PACK\"}'::bpchar[])) AND (p_size <= 10)) OR ((p_brand = 'Brand#11'::bpchar) AND (p_container = ANY ('{\"LG CASE\",\"LG BOX\",\"LG PACK\",\"LG PKG\"}'::bpchar[])) AND (p_size <= 15))))","Rows Removed by Filter": 66493,"Workers": []},{"Node Type": "Index Scan","Parent Relationship": "Inner","Parallel Aware": false,"Async Capable": false,"Scan Direction": "Forward","Index Name": "idx_lineitem_part_supp","Relation Name": "lineitem","Alias": "lineitem","Startup Cost": 0.43,"Total Cost": 123.12,"Plan Rows": 1,"Plan Width": 21,"Actual Startup Time": 0.228,"Actual Total Time": 0.256,"Actual Rows": 0,"Actual Loops": 520,"Index Cond": "(l_partkey = part.p_partkey)","Rows Removed by Index Recheck": 0,"Filter": "((l_shipmode = ANY ('{AIR,\"AIR REG\"}'::bpchar[])) AND (l_shipinstruct = 'DELIVER IN PERSON'::bpchar) AND (((l_quantity >= '9'::numeric) AND (l_quantity <= '19'::numeric)) OR ((l_quantity >= '18'::numeric) AND (l_quantity <= '28'::numeric)) OR ((l_quantity >= '20'::numeric) AND (l_quantity <= '30'::numeric))) AND (((part.p_brand = 'Brand#54'::bpchar) AND (part.p_container = ANY ('{\"SM CASE\",\"SM BOX\",\"SM PACK\",\"SM PKG\"}'::bpchar[])) AND (l_quantity >= '9'::numeric) AND (l_quantity <= '19'::numeric) AND (part.p_size <= 5)) OR ((part.p_brand = 'Brand#53'::bpchar) AND (part.p_container = ANY ('{\"MED BAG\",\"MED BOX\",\"MED PKG\",\"MED PACK\"}'::bpchar[])) AND (l_quantity >= '18'::numeric) AND (l_quantity <= '28'::numeric) AND (part.p_size <= 10)) OR ((part.p_brand = 'Brand#11'::bpchar) AND (part.p_container = ANY ('{\"LG CASE\",\"LG BOX\",\"LG PACK\",\"LG PKG\"}'::bpchar[])) AND (l_quantity >= '20'::numeric) AND (l_quantity <= '30'::numeric) AND (part.p_size <= 15))))","Rows Removed by Filter": 29,"Workers": []}]}]}]}]},"Planning Time": 5.352,"Triggers": [],"Execution Time": 97.434}]
[{"Plan": {"Node Type": "Aggregate","Strategy": "Plain","Partial Mode": "Finalize","Parallel Aware": false,"Async Capable": false,"Startup Cost": 32932.07,"Total Cost": 32932.08,"Plan Rows": 1,"Plan Width": 32,"Actual Startup Time": 82.368,"Actual Total Time": 96.381,"Actual Rows": 1,"Actual Loops": 1,"Plans": [{"Node Type": "Gather","Parent Relationship": "Outer","Parallel Aware": false,"Async Capable": false,"Startup Cost": 32931.85,"Total Cost": 32932.06,"Plan Rows": 2,"Plan Width": 32,"Actual Startup Time": 81.814,"Actual Total Time": 96.351,"Actual Rows": 3,"Actual Loops": 1,"Workers Planned": 2,"Workers Launched": 2,"Single Copy": false,"Plans": [{"Node Type": "Aggregate","Strategy": "Plain","Partial Mode": "Partial","Parent Relationship": "Outer","Parallel Aware": false,"Async Capable": false,"Startup Cost": 31931.85,"Total Cost": 31931.86,"Plan Rows": 1,"Plan Width": 32,"Actual Startup Time": 75.256,"Actual Total Time": 75.261,"Actual Rows": 1,"Actual Loops": 3,"Workers": [],"Plans": [{"Node Type": "Nested Loop","Parent Relationship": "Outer","Parallel Aware": false,"Async Capable": false,"Join Type": "Inner","Startup Cost": 0.43,"Total Cost": 31931.51,"Plan Rows": 45,"Plan Width": 12,"Actual Startup Time": 6.874,"Actual Total Time": 75.211,"Actual Rows": 42,"Actual Loops": 3,"Inner Unique": false,"Workers": [],"Plans": [{"Node Type": "Seq Scan","Parent Relationship": "Outer","Parallel Aware": true,"Async Capable": false,"Relation Name": "part","Alias": "part","Startup Cost": 0.00,"Total Cost": 7638.67,"Plan Rows": 197,"Plan Width": 30,"Actual Startup Time": 0.816,"Actual Total Time": 32.510,"Actual Rows": 159,"Actual Loops": 3,"Filter": "((p_size >= 1) AND (((p_brand = 'Brand#21'::bpchar) AND (p_container = ANY ('{\"SM CASE\",\"SM BOX\",\"SM PACK\",\"SM PKG\"}'::bpchar[])) AND (p_size <= 5)) OR ((p_brand = 'Brand#54'::bpchar) AND (p_container = ANY ('{\"MED BAG\",\"MED BOX\",\"MED PKG\",\"MED PACK\"}'::bpchar[])) AND (p_size <= 10)) OR ((p_brand = 'Brand#32'::bpchar) AND (p_container = ANY ('{\"LG CASE\",\"LG BOX\",\"LG PACK\",\"LG PKG\"}'::bpchar[])) AND (p_size <= 15))))","Rows Removed by Filter": 66508,"Workers": []},{"Node Type": "Index Scan","Parent Relationship": "Inner","Parallel Aware": false,"Async Capable": false,"Scan Direction": "Forward","Index Name": "idx_lineitem_part_supp","Relation Name": "lineitem","Alias": "lineitem","Startup Cost": 0.43,"Total Cost": 123.30,"Plan Rows": 1,"Plan Width": 21,"Actual Startup Time": 0.237,"Actual Total Time": 0.269,"Actual Rows": 0,"Actual Loops": 476,"Index Cond": "(l_partkey = part.p_partkey)","Rows Removed by Index Recheck": 0,"Filter": "((l_shipmode = ANY ('{AIR,\"AIR REG\"}'::bpchar[])) AND (l_shipinstruct = 'DELIVER IN PERSON'::bpchar) AND (((l_quantity >= '1'::numeric) AND (l_quantity <= '11'::numeric)) OR ((l_quantity >= '18'::numeric) AND (l_quantity <= '28'::numeric)) OR ((l_quantity >= '30'::numeric) AND (l_quantity <= '40'::numeric))) AND (((part.p_brand = 'Brand#21'::bpchar) AND (part.p_container = ANY ('{\"SM CASE\",\"SM BOX\",\"SM PACK\",\"SM PKG\"}'::bpchar[])) AND (l_quantity >= '1'::numeric) AND (l_quantity <= '11'::numeric) AND (part.p_size <= 5)) OR ((part.p_brand = 'Brand#54'::bpchar) AND (part.p_container = ANY ('{\"MED BAG\",\"MED BOX\",\"MED PKG\",\"MED PACK\"}'::bpchar[])) AND (l_quantity >= '18'::numeric) AND (l_quantity <= '28'::numeric) AND (part.p_size <= 10)) OR ((part.p_brand = 'Brand#32'::bpchar) AND (part.p_container = ANY ('{\"LG CASE\",\"LG BOX\",\"LG PACK\",\"LG PKG\"}'::bpchar[])) AND (l_quantity >= '30'::numeric) AND (l_quantity <= '40'::numeric) AND (part.p_size <= 15))))","Rows Removed by Filter": 30,"Workers": []}]}]}]}]},"Planning Time": 5.593,"Triggers": [],"Execution Time": 96.541}]
[{"Plan": {"Node Type": "Aggregate","Strategy": "Plain","Partial Mode": "Finalize","Parallel Aware": false,"Async Capable": false,"Startup Cost": 33624.86,"Total Cost": 33624.87,"Plan Rows": 1,"Plan Width": 32,"Actual Startup Time": 80.305,"Actual Total Time": 95.107,"Actual Rows": 1,"Actual Loops": 1,"Plans": [{"Node Type": "Gather","Parent Relationship": "Outer","Parallel Aware": false,"Async Capable": false,"Startup Cost": 33624.64,"Total Cost": 33624.85,"Plan Rows": 2,"Plan Width": 32,"Actual Startup Time": 79.799,"Actual Total Time": 95.081,"Actual Rows": 3,"Actual Loops": 1,"Workers Planned": 2,"Workers Launched": 2,"Single Copy": false,"Plans": [{"Node Type": "Aggregate","Strategy": "Plain","Partial Mode": "Partial","Parent Relationship": "Outer","Parallel Aware": false,"Async Capable": false,"Startup Cost": 32624.64,"Total Cost": 32624.65,"Plan Rows": 1,"Plan Width": 32,"Actual Startup Time": 73.414,"Actual Total Time": 73.419,"Actual Rows": 1,"Actual Loops": 3,"Workers": [],"Plans": [{"Node Type": "Nested Loop","Parent Relationship": "Outer","Parallel Aware": false,"Async Capable": false,"Join Type": "Inner","Startup Cost": 0.43,"Total Cost": 32624.29,"Plan Rows": 47,"Plan Width": 12,"Actual Startup Time": 4.632,"Actual Total Time": 73.369,"Actual Rows": 47,"Actual Loops": 3,"Inner Unique": false,"Workers": [],"Plans": [{"Node Type": "Seq Scan","Parent Relationship": "Outer","Parallel Aware": true,"Async Capable": false,"Relation Name": "part","Alias": "part","Startup Cost": 0.00,"Total Cost": 7638.67,"Plan Rows": 203,"Plan Width": 30,"Actual Startup Time": 0.287,"Actual Total Time": 30.537,"Actual Rows": 167,"Actual Loops": 3,"Filter": "((p_size >= 1) AND (((p_brand = 'Brand#13'::bpchar) AND (p_container = ANY ('{\"SM CASE\",\"SM BOX\",\"SM PACK\",\"SM PKG\"}'::bpchar[])) AND (p_size <= 5)) OR ((p_brand = 'Brand#52'::bpchar) AND (p_container = ANY ('{\"MED BAG\",\"MED BOX\",\"MED PKG\",\"MED PACK\"}'::bpchar[])) AND (p_size <= 10)) OR ((p_brand = 'Brand#24'::bpchar) AND (p_container = ANY ('{\"LG CASE\",\"LG BOX\",\"LG PACK\",\"LG PKG\"}'::bpchar[])) AND (p_size <= 15))))","Rows Removed by Filter": 66500,"Workers": []},{"Node Type": "Index Scan","Parent Relationship": "Inner","Parallel Aware": false,"Async Capable": false,"Scan Direction": "Forward","Index Name": "idx_lineitem_part_supp","Relation Name": "lineitem","Alias": "lineitem","Startup Cost": 0.43,"Total Cost": 123.07,"Plan Rows": 1,"Plan Width": 21,"Actual Startup Time": 0.227,"Actual Total Time": 0.256,"Actual Rows": 0,"Actual Loops": 501,"Index Cond": "(l_partkey = part.p_partkey)","Rows Removed by Index Recheck": 0,"Filter": "((l_shipmode = ANY ('{AIR,\"AIR REG\"}'::bpchar[])) AND (l_shipinstruct = 'DELIVER IN PERSON'::bpchar) AND (((l_quantity >= '4'::numeric) AND (l_quantity <= '14'::numeric)) OR ((l_quantity >= '18'::numeric) AND (l_quantity <= '28'::numeric)) OR ((l_quantity >= '26'::numeric) AND (l_quantity <= '36'::numeric))) AND (((part.p_brand = 'Brand#13'::bpchar) AND (part.p_container = ANY ('{\"SM CASE\",\"SM BOX\",\"SM PACK\",\"SM PKG\"}'::bpchar[])) AND (l_quantity >= '4'::numeric) AND (l_quantity <= '14'::numeric) AND (part.p_size <= 5)) OR ((part.p_brand = 'Brand#52'::bpchar) AND (part.p_container = ANY ('{\"MED BAG\",\"MED BOX\",\"MED PKG\",\"MED PACK\"}'::bpchar[])) AND (l_quantity >= '18'::numeric) AND (l_quantity <= '28'::numeric) AND (part.p_size <= 10)) OR ((part.p_brand = 'Brand#24'::bpchar) AND (part.p_container = ANY ('{\"LG CASE\",\"LG BOX\",\"LG PACK\",\"LG PKG\"}'::bpchar[])) AND (l_quantity >= '26'::numeric) AND (l_quantity <= '36'::numeric) AND (part.p_size <= 15))))","Rows Removed by Filter": 30,"Workers": []}]}]}]}]},"Planning Time": 5.211,"Triggers": [],"Execution Time": 95.291}]
[{"Plan": {"Node Type": "Aggregate","Strategy": "Plain","Partial Mode": "Finalize","Parallel Aware": false,"Async Capable": false,"Startup Cost": 32930.05,"Total Cost": 32930.06,"Plan Rows": 1,"Plan Width": 32,"Actual Startup Time": 80.650,"Actual Total Time": 97.095,"Actual Rows": 1,"Actual Loops": 1,"Plans": [{"Node Type": "Gather","Parent Relationship": "Outer","Parallel Aware": false,"Async Capable": false,"Startup Cost": 32929.83,"Total Cost": 32930.04,"Plan Rows": 2,"Plan Width": 32,"Actual Startup Time": 80.492,"Actual Total Time": 97.066,"Actual Rows": 3,"Actual Loops": 1,"Workers Planned": 2,"Workers Launched": 2,"Single Copy": false,"Plans": [{"Node Type": "Aggregate","Strategy": "Plain","Partial Mode": "Partial","Parent Relationship": "Outer","Parallel Aware": false,"Async Capable": false,"Startup Cost": 31929.83,"Total Cost": 31929.84,"Plan Rows": 1,"Plan Width": 32,"Actual Startup Time": 75.643,"Actual Total Time": 75.646,"Actual Rows": 1,"Actual Loops": 3,"Workers": [],"Plans": [{"Node Type": "Nested Loop","Parent Relationship": "Outer","Parallel Aware": false,"Async Capable": false,"Join Type": "Inner","Startup Cost": 0.43,"Total Cost": 31929.49,"Plan Rows": 45,"Plan Width": 12,"Actual Startup Time": 7.124,"Actual Total Time": 75.596,"Actual Rows": 39,"Actual Loops": 3,"Inner Unique": false,"Workers": [],"Plans": [{"Node Type": "Seq Scan","Parent Relationship": "Outer","Parallel Aware": true,"Async Capable": false,"Relation Name": "part","Alias": "part","Startup Cost": 0.00,"Total Cost": 7638.67,"Plan Rows": 197,"Plan Width": 30,"Actual Startup Time": 0.581,"Actual Total Time": 32.337,"Actual Rows": 161,"Actual Loops": 3,"Filter": "((p_size >= 1) AND (((p_brand = 'Brand#32'::bpchar) AND (p_container = ANY ('{\"SM CASE\",\"SM BOX\",\"SM PACK\",\"SM PKG\"}'::bpchar[])) AND (p_size <= 5)) OR ((p_brand = 'Brand#25'::bpchar) AND (p_container = ANY ('{\"MED BAG\",\"MED BOX\",\"MED PKG\",\"MED PACK\"}'::bpchar[])) AND (p_size <= 10)) OR ((p_brand = 'Brand#12'::bpchar) AND (p_container = ANY ('{\"LG CASE\",\"LG BOX\",\"LG PACK\",\"LG PKG\"}'::bpchar[])) AND (p_size <= 15))))","Rows Removed by Filter": 66505,"Workers": []},{"Node Type": "Index Scan","Parent Relationship": "Inner","Parallel Aware": false,"Async Capable": false,"Scan Direction": "Forward","Index Name": "idx_lineitem_part_supp","Relation Name": "lineitem","Alias": "lineitem","Startup Cost": 0.43,"Total Cost": 123.29,"Plan Rows": 1,"Plan Width": 21,"Actual Startup Time": 0.238,"Actual Total Time": 0.268,"Actual Rows": 0,"Actual Loops": 484,"Index Cond": "(l_partkey = part.p_partkey)","Rows Removed by Index Recheck": 0,"Filter": "((l_shipmode = ANY ('{AIR,\"AIR REG\"}'::bpchar[])) AND (l_shipinstruct = 'DELIVER IN PERSON'::bpchar) AND (((l_quantity >= '1'::numeric) AND (l_quantity <= '11'::numeric)) OR ((l_quantity >= '13'::numeric) AND (l_quantity <= '23'::numeric)) OR ((l_quantity >= '24'::numeric) AND (l_quantity <= '34'::numeric))) AND (((part.p_brand = 'Brand#32'::bpchar) AND (part.p_container = ANY ('{\"SM CASE\",\"SM BOX\",\"SM PACK\",\"SM PKG\"}'::bpchar[])) AND (l_quantity >= '1'::numeric) AND (l_quantity <= '11'::numeric) AND (part.p_size <= 5)) OR ((part.p_brand = 'Brand#25'::bpchar) AND (part.p_container = ANY ('{\"MED BAG\",\"MED BOX\",\"MED PKG\",\"MED PACK\"}'::bpchar[])) AND (l_quantity >= '13'::numeric) AND (l_quantity <= '23'::numeric) AND (part.p_size <= 10)) OR ((part.p_brand = 'Brand#12'::bpchar) AND (part.p_container = ANY ('{\"LG CASE\",\"LG BOX\",\"LG PACK\",\"LG PKG\"}'::bpchar[])) AND (l_quantity >= '24'::numeric) AND (l_quantity <= '34'::numeric) AND (part.p_size <= 15))))","Rows Removed by Filter": 30,"Workers": []}]}]}]}]},"Planning Time": 6.278,"Triggers": [],"Execution Time": 97.298}]
[{"Plan": {"Node Type": "Aggregate","Strategy": "Plain","Partial Mode": "Finalize","Parallel Aware": false,"Async Capable": false,"Startup Cost": 33972.33,"Total Cost": 33972.34,"Plan Rows": 1,"Plan Width": 32,"Actual Startup Time": 86.549,"Actual Total Time": 102.295,"Actual Rows": 1,"Actual Loops": 1,"Plans": [{"Node Type": "Gather","Parent Relationship": "Outer","Parallel Aware": false,"Async Capable": false,"Startup Cost": 33972.10,"Total Cost": 33972.31,"Plan Rows": 2,"Plan Width": 32,"Actual Startup Time": 86.447,"Actual Total Time": 102.272,"Actual Rows": 3,"Actual Loops": 1,"Workers Planned": 2,"Workers Launched": 2,"Single Copy": false,"Plans": [{"Node Type": "Aggregate","Strategy": "Plain","Partial Mode": "Partial","Parent Relationship": "Outer","Parallel Aware": false,"Async Capable": false,"Startup Cost": 32972.10,"Total Cost": 32972.11,"Plan Rows": 1,"Plan Width": 32,"Actual Startup Time": 80.271,"Actual Total Time": 80.272,"Actual Rows": 1,"Actual Loops": 3,"Workers": [],"Plans": [{"Node Type": "Nested Loop","Parent Relationship": "Outer","Parallel Aware": false,"Async Capable": false,"Join Type": "Inner","Startup Cost": 0.43,"Total Cost": 32971.74,"Plan Rows": 48,"Plan Width": 12,"Actual Startup Time": 2.801,"Actual Total Time": 80.225,"Actual Rows": 40,"Actual Loops": 3,"Inner Unique": false,"Workers": [],"Plans": [{"Node Type": "Seq Scan","Parent Relationship": "Outer","Parallel Aware": true,"Async Capable": false,"Relation Name": "part","Alias": "part","Startup Cost": 0.00,"Total Cost": 7638.67,"Plan Rows": 206,"Plan Width": 30,"Actual Startup Time": 0.630,"Actual Total Time": 34.767,"Actual Rows": 166,"Actual Loops": 3,"Filter": "((p_size >= 1) AND (((p_brand = 'Brand#13'::bpchar) AND (p_container = ANY ('{\"SM CASE\",\"SM BOX\",\"SM PACK\",\"SM PKG\"}'::bpchar[])) AND (p_size <= 5)) OR ((p_brand = 'Brand#21'::bpchar) AND (p_container = ANY ('{\"MED BAG\",\"MED BOX\",\"MED PKG\",\"MED PACK\"}'::bpchar[])) AND (p_size <= 10)) OR ((p_brand = 'Brand#41'::bpchar) AND (p_container = ANY ('{\"LG CASE\",\"LG BOX\",\"LG PACK\",\"LG PKG\"}'::bpchar[])) AND (p_size <= 15))))","Rows Removed by Filter": 66501,"Workers": []},{"Node Type": "Index Scan","Parent Relationship": "Inner","Parallel Aware": false,"Async Capable": false,"Scan Direction": "Forward","Index Name": "idx_lineitem_part_supp","Relation Name": "lineitem","Alias": "lineitem","Startup Cost": 0.43,"Total Cost": 122.97,"Plan Rows": 1,"Plan Width": 21,"Actual Startup Time": 0.243,"Actual Total Time": 0.273,"Actual Rows": 0,"Actual Loops": 498,"Index Cond": "(l_partkey = part.p_partkey)","Rows Removed by Index Recheck": 0,"Filter": "((l_shipmode = ANY ('{AIR,\"AIR REG\"}'::bpchar[])) AND (l_shipinstruct = 'DELIVER IN PERSON'::bpchar) AND (((l_quantity >= '1'::numeric) AND (l_quantity <= '11'::numeric)) OR ((l_quantity >= '14'::numeric) AND (l_quantity <= '24'::numeric)) OR ((l_quantity >= '26'::numeric) AND (l_quantity <= '36'::numeric))) AND (((part.p_brand = 'Brand#13'::bpchar) AND (part.p_container = ANY ('{\"SM CASE\",\"SM BOX\",\"SM PACK\",\"SM PKG\"}'::bpchar[])) AND (l_quantity >= '1'::numeric) AND (l_quantity <= '11'::numeric) AND (part.p_size <= 5)) OR ((part.p_brand = 'Brand#21'::bpchar) AND (part.p_container = ANY ('{\"MED BAG\",\"MED BOX\",\"MED PKG\",\"MED PACK\"}'::bpchar[])) AND (l_quantity >= '14'::numeric) AND (l_quantity <= '24'::numeric) AND (part.p_size <= 10)) OR ((part.p_brand = 'Brand#41'::bpchar) AND (part.p_container = ANY ('{\"LG CASE\",\"LG BOX\",\"LG PACK\",\"LG PKG\"}'::bpchar[])) AND (l_quantity >= '26'::numeric) AND (l_quantity <= '36'::numeric) AND (part.p_size <= 15))))","Rows Removed by Filter": 30,"Workers": []}]}]}]}]},"Planning Time": 6.049,"Triggers": [],"Execution Time": 102.449}]
[{"Plan": {"Node Type": "Aggregate","Strategy": "Plain","Partial Mode": "Finalize","Parallel Aware": false,"Async Capable": false,"Startup Cost": 34086.36,"Total Cost": 34086.37,"Plan Rows": 1,"Plan Width": 32,"Actual Startup Time": 87.475,"Actual Total Time": 103.253,"Actual Rows": 1,"Actual Loops": 1,"Plans": [{"Node Type": "Gather","Parent Relationship": "Outer","Parallel Aware": false,"Async Capable": false,"Startup Cost": 34086.14,"Total Cost": 34086.35,"Plan Rows": 2,"Plan Width": 32,"Actual Startup Time": 87.324,"Actual Total Time": 103.226,"Actual Rows": 3,"Actual Loops": 1,"Workers Planned": 2,"Workers Launched": 2,"Single Copy": false,"Plans": [{"Node Type": "Aggregate","Strategy": "Plain","Partial Mode": "Partial","Parent Relationship": "Outer","Parallel Aware": false,"Async Capable": false,"Startup Cost": 33086.14,"Total Cost": 33086.15,"Plan Rows": 1,"Plan Width": 32,"Actual Startup Time": 81.272,"Actual Total Time": 81.279,"Actual Rows": 1,"Actual Loops": 3,"Workers": [],"Plans": [{"Node Type": "Nested Loop","Parent Relationship": "Outer","Parallel Aware": false,"Async Capable": false,"Join Type": "Inner","Startup Cost": 0.43,"Total Cost": 33085.78,"Plan Rows": 48,"Plan Width": 12,"Actual Startup Time": 2.368,"Actual Total Time": 81.232,"Actual Rows": 39,"Actual Loops": 3,"Inner Unique": false,"Workers": [],"Plans": [{"Node Type": "Seq Scan","Parent Relationship": "Outer","Parallel Aware": true,"Async Capable": false,"Relation Name": "part","Alias": "part","Startup Cost": 0.00,"Total Cost": 7638.67,"Plan Rows": 207,"Plan Width": 30,"Actual Startup Time": 0.973,"Actual Total Time": 35.570,"Actual Rows": 167,"Actual Loops": 3,"Filter": "((p_size >= 1) AND (((p_brand = 'Brand#34'::bpchar) AND (p_container = ANY ('{\"SM CASE\",\"SM BOX\",\"SM PACK\",\"SM PKG\"}'::bpchar[])) AND (p_size <= 5)) OR ((p_brand = 'Brand#45'::bpchar) AND (p_container = ANY ('{\"MED BAG\",\"MED BOX\",\"MED PKG\",\"MED PACK\"}'::bpchar[])) AND (p_size <= 10)) OR ((p_brand = 'Brand#41'::bpchar) AND (p_container = ANY ('{\"LG CASE\",\"LG BOX\",\"LG PACK\",\"LG PKG\"}'::bpchar[])) AND (p_size <= 15))))","Rows Removed by Filter": 66500,"Workers": []},{"Node Type": "Index Scan","Parent Relationship": "Inner","Parallel Aware": false,"Async Capable": false,"Scan Direction": "Forward","Index Name": "idx_lineitem_part_supp","Relation Name": "lineitem","Alias": "lineitem","Startup Cost": 0.43,"Total Cost": 122.92,"Plan Rows": 1,"Plan Width": 21,"Actual Startup Time": 0.243,"Actual Total Time": 0.274,"Actual Rows": 0,"Actual Loops": 500,"Index Cond": "(l_partkey = part.p_partkey)","Rows Removed by Index Recheck": 0,"Filter": "((l_shipmode = ANY ('{AIR,\"AIR REG\"}'::bpchar[])) AND (l_shipinstruct = 'DELIVER IN PERSON'::bpchar) AND (((l_quantity >= '7'::numeric) AND (l_quantity <= '17'::numeric)) OR ((l_quantity >= '10'::numeric) AND (l_quantity <= '20'::numeric)) OR ((l_quantity >= '30'::numeric) AND (l_quantity <= '40'::numeric))) AND (((part.p_brand = 'Brand#34'::bpchar) AND (part.p_container = ANY ('{\"SM CASE\",\"SM BOX\",\"SM PACK\",\"SM PKG\"}'::bpchar[])) AND (l_quantity >= '7'::numeric) AND (l_quantity <= '17'::numeric) AND (part.p_size <= 5)) OR ((part.p_brand = 'Brand#45'::bpchar) AND (part.p_container = ANY ('{\"MED BAG\",\"MED BOX\",\"MED PKG\",\"MED PACK\"}'::bpchar[])) AND (l_quantity >= '10'::numeric) AND (l_quantity <= '20'::numeric) AND (part.p_size <= 10)) OR ((part.p_brand = 'Brand#41'::bpchar) AND (part.p_container = ANY ('{\"LG CASE\",\"LG BOX\",\"LG PACK\",\"LG PKG\"}'::bpchar[])) AND (l_quantity >= '30'::numeric) AND (l_quantity <= '40'::numeric) AND (part.p_size <= 15))))","Rows Removed by Filter": 30,"Workers": []}]}]}]}]},"Planning Time": 6.246,"Triggers": [],"Execution Time": 103.456}]
[{"Plan": {"Node Type": "Aggregate","Strategy": "Plain","Partial Mode": "Finalize","Parallel Aware": false,"Async Capable": false,"Startup Cost": 33740.99,"Total Cost": 33741.00,"Plan Rows": 1,"Plan Width": 32,"Actual Startup Time": 83.496,"Actual Total Time": 98.547,"Actual Rows": 1,"Actual Loops": 1,"Plans": [{"Node Type": "Gather","Parent Relationship": "Outer","Parallel Aware": false,"Async Capable": false,"Startup Cost": 33740.77,"Total Cost": 33740.98,"Plan Rows": 2,"Plan Width": 32,"Actual Startup Time": 83.089,"Actual Total Time": 98.522,"Actual Rows": 3,"Actual Loops": 1,"Workers Planned": 2,"Workers Launched": 2,"Single Copy": false,"Plans": [{"Node Type": "Aggregate","Strategy": "Plain","Partial Mode": "Partial","Parent Relationship": "Outer","Parallel Aware": false,"Async Capable": false,"Startup Cost": 32740.77,"Total Cost": 32740.78,"Plan Rows": 1,"Plan Width": 32,"Actual Startup Time": 76.534,"Actual Total Time": 76.539,"Actual Rows": 1,"Actual Loops": 3,"Workers": [],"Plans": [{"Node Type": "Nested Loop","Parent Relationship": "Outer","Parallel Aware": false,"Async Capable": false,"Join Type": "Inner","Startup Cost": 0.43,"Total Cost": 32740.40,"Plan Rows": 48,"Plan Width": 12,"Actual Startup Time": 8.701,"Actual Total Time": 76.490,"Actual Rows": 38,"Actual Loops": 3,"Inner Unique": false,"Workers": [],"Plans": [{"Node Type": "Seq Scan","Parent Relationship": "Outer","Parallel Aware": true,"Async Capable": false,"Relation Name": "part","Alias": "part","Startup Cost": 0.00,"Total Cost": 7638.67,"Plan Rows": 204,"Plan Width": 30,"Actual Startup Time": 0.426,"Actual Total Time": 31.726,"Actual Rows": 167,"Actual Loops": 3,"Filter": "((p_size >= 1) AND (((p_brand = 'Brand#43'::bpchar) AND (p_container = ANY ('{\"SM CASE\",\"SM BOX\",\"SM PACK\",\"SM PKG\"}'::bpchar[])) AND (p_size <= 5)) OR ((p_brand = 'Brand#12'::bpchar) AND (p_container = ANY ('{\"MED BAG\",\"MED BOX\",\"MED PKG\",\"MED PACK\"}'::bpchar[])) AND (p_size <= 10)) OR ((p_brand = 'Brand#15'::bpchar) AND (p_container = ANY ('{\"LG CASE\",\"LG BOX\",\"LG PACK\",\"LG PKG\"}'::bpchar[])) AND (p_size <= 15))))","Rows Removed by Filter": 66499,"Workers": []},{"Node Type": "Index Scan","Parent Relationship": "Inner","Parallel Aware": false,"Async Capable": false,"Scan Direction": "Forward","Index Name": "idx_lineitem_part_supp","Relation Name": "lineitem","Alias": "lineitem","Startup Cost": 0.43,"Total Cost": 123.04,"Plan Rows": 1,"Plan Width": 21,"Actual Startup Time": 0.243,"Actual Total Time": 0.267,"Actual Rows": 0,"Actual Loops": 502,"Index Cond": "(l_partkey = part.p_partkey)","Rows Removed by Index Recheck": 0,"Filter": "((l_shipmode = ANY ('{AIR,\"AIR REG\"}'::bpchar[])) AND (l_shipinstruct = 'DELIVER IN PERSON'::bpchar) AND (((l_quantity >= '4'::numeric) AND (l_quantity <= '14'::numeric)) OR ((l_quantity >= '19'::numeric) AND (l_quantity <= '29'::numeric)) OR ((l_quantity >= '29'::numeric) AND (l_quantity <= '39'::numeric))) AND (((part.p_brand = 'Brand#43'::bpchar) AND (part.p_container = ANY ('{\"SM CASE\",\"SM BOX\",\"SM PACK\",\"SM PKG\"}'::bpchar[])) AND (l_quantity >= '4'::numeric) AND (l_quantity <= '14'::numeric) AND (part.p_size <= 5)) OR ((part.p_brand = 'Brand#12'::bpchar) AND (part.p_container = ANY ('{\"MED BAG\",\"MED BOX\",\"MED PKG\",\"MED PACK\"}'::bpchar[])) AND (l_quantity >= '19'::numeric) AND (l_quantity <= '29'::numeric) AND (part.p_size <= 10)) OR ((part.p_brand = 'Brand#15'::bpchar) AND (part.p_container = ANY ('{\"LG CASE\",\"LG BOX\",\"LG PACK\",\"LG PKG\"}'::bpchar[])) AND (l_quantity >= '29'::numeric) AND (l_quantity <= '39'::numeric) AND (part.p_size <= 15))))","Rows Removed by Filter": 30,"Workers": []}]}]}]}]},"Planning Time": 6.854,"Triggers": [],"Execution Time": 98.684}]
[{"Plan": {"Node Type": "Aggregate","Strategy": "Plain","Partial Mode": "Finalize","Parallel Aware": false,"Async Capable": false,"Startup Cost": 33507.93,"Total Cost": 33507.94,"Plan Rows": 1,"Plan Width": 32,"Actual Startup Time": 80.852,"Actual Total Time": 95.139,"Actual Rows": 1,"Actual Loops": 1,"Plans": [{"Node Type": "Gather","Parent Relationship": "Outer","Parallel Aware": false,"Async Capable": false,"Startup Cost": 33507.71,"Total Cost": 33507.92,"Plan Rows": 2,"Plan Width": 32,"Actual Startup Time": 80.671,"Actual Total Time": 95.116,"Actual Rows": 3,"Actual Loops": 1,"Workers Planned": 2,"Workers Launched": 2,"Single Copy": false,"Plans": [{"Node Type": "Aggregate","Strategy": "Plain","Partial Mode": "Partial","Parent Relationship": "Outer","Parallel Aware": false,"Async Capable": false,"Startup Cost": 32507.71,"Total Cost": 32507.72,"Plan Rows": 1,"Plan Width": 32,"Actual Startup Time": 74.257,"Actual Total Time": 74.261,"Actual Rows": 1,"Actual Loops": 3,"Workers": [],"Plans": [{"Node Type": "Nested Loop","Parent Relationship": "Outer","Parallel Aware": false,"Async Capable": false,"Join Type": "Inner","Startup Cost": 0.43,"Total Cost": 32507.35,"Plan Rows": 47,"Plan Width": 12,"Actual Startup Time": 6.905,"Actual Total Time": 74.224,"Actual Rows": 41,"Actual Loops": 3,"Inner Unique": false,"Workers": [],"Plans": [{"Node Type": "Seq Scan","Parent Relationship": "Outer","Parallel Aware": true,"Async Capable": false,"Relation Name": "part","Alias": "part","Startup Cost": 0.00,"Total Cost": 7638.67,"Plan Rows": 202,"Plan Width": 30,"Actual Startup Time": 0.765,"Actual Total Time": 31.697,"Actual Rows": 165,"Actual Loops": 3,"Filter": "((p_size >= 1) AND (((p_brand = 'Brand#13'::bpchar) AND (p_container = ANY ('{\"SM CASE\",\"SM BOX\",\"SM PACK\",\"SM PKG\"}'::bpchar[])) AND (p_size <= 5)) OR ((p_brand = 'Brand#43'::bpchar) AND (p_container = ANY ('{\"MED BAG\",\"MED BOX\",\"MED PKG\",\"MED PACK\"}'::bpchar[])) AND (p_size <= 10)) OR ((p_brand = 'Brand#14'::bpchar) AND (p_container = ANY ('{\"LG CASE\",\"LG BOX\",\"LG PACK\",\"LG PKG\"}'::bpchar[])) AND (p_size <= 15))))","Rows Removed by Filter": 66502,"Workers": []},{"Node Type": "Index Scan","Parent Relationship": "Inner","Parallel Aware": false,"Async Capable": false,"Scan Direction": "Forward","Index Name": "idx_lineitem_part_supp","Relation Name": "lineitem","Alias": "lineitem","Startup Cost": 0.43,"Total Cost": 123.10,"Plan Rows": 1,"Plan Width": 21,"Actual Startup Time": 0.230,"Actual Total Time": 0.257,"Actual Rows": 0,"Actual Loops": 495,"Index Cond": "(l_partkey = part.p_partkey)","Rows Removed by Index Recheck": 0,"Filter": "((l_shipmode = ANY ('{AIR,\"AIR REG\"}'::bpchar[])) AND (l_shipinstruct = 'DELIVER IN PERSON'::bpchar) AND (((l_quantity >= '1'::numeric) AND (l_quantity <= '11'::numeric)) OR ((l_quantity >= '11'::numeric) AND (l_quantity <= '21'::numeric)) OR ((l_quantity >= '30'::numeric) AND (l_quantity <= '40'::numeric))) AND (((part.p_brand = 'Brand#13'::bpchar) AND (part.p_container = ANY ('{\"SM CASE\",\"SM BOX\",\"SM PACK\",\"SM PKG\"}'::bpchar[])) AND (l_quantity >= '1'::numeric) AND (l_quantity <= '11'::numeric) AND (part.p_size <= 5)) OR ((part.p_brand = 'Brand#43'::bpchar) AND (part.p_container = ANY ('{\"MED BAG\",\"MED BOX\",\"MED PKG\",\"MED PACK\"}'::bpchar[])) AND (l_quantity >= '11'::numeric) AND (l_quantity <= '21'::numeric) AND (part.p_size <= 10)) OR ((part.p_brand = 'Brand#14'::bpchar) AND (part.p_container = ANY ('{\"LG CASE\",\"LG BOX\",\"LG PACK\",\"LG PKG\"}'::bpchar[])) AND (l_quantity >= '30'::numeric) AND (l_quantity <= '40'::numeric) AND (part.p_size <= 15))))","Rows Removed by Filter": 30,"Workers": []}]}]}]}]},"Planning Time": 7.024,"Triggers": [],"Execution Time": 95.276}]
[{"Plan": {"Node Type": "Aggregate","Strategy": "Plain","Partial Mode": "Finalize","Parallel Aware": false,"Async Capable": false,"Startup Cost": 33856.31,"Total Cost": 33856.32,"Plan Rows": 1,"Plan Width": 32,"Actual Startup Time": 79.745,"Actual Total Time": 94.172,"Actual Rows": 1,"Actual Loops": 1,"Plans": [{"Node Type": "Gather","Parent Relationship": "Outer","Parallel Aware": false,"Async Capable": false,"Startup Cost": 33856.08,"Total Cost": 33856.29,"Plan Rows": 2,"Plan Width": 32,"Actual Startup Time": 79.572,"Actual Total Time": 94.133,"Actual Rows": 3,"Actual Loops": 1,"Workers Planned": 2,"Workers Launched": 2,"Single Copy": false,"Plans": [{"Node Type": "Aggregate","Strategy": "Plain","Partial Mode": "Partial","Parent Relationship": "Outer","Parallel Aware": false,"Async Capable": false,"Startup Cost": 32856.08,"Total Cost": 32856.09,"Plan Rows": 1,"Plan Width": 32,"Actual Startup Time": 72.998,"Actual Total Time": 73.002,"Actual Rows": 1,"Actual Loops": 3,"Workers": [],"Plans": [{"Node Type": "Nested Loop","Parent Relationship": "Outer","Parallel Aware": false,"Async Capable": false,"Join Type": "Inner","Startup Cost": 0.43,"Total Cost": 32855.72,"Plan Rows": 48,"Plan Width": 12,"Actual Startup Time": 3.925,"Actual Total Time": 72.951,"Actual Rows": 38,"Actual Loops": 3,"Inner Unique": false,"Workers": [],"Plans": [{"Node Type": "Seq Scan","Parent Relationship": "Outer","Parallel Aware": true,"Async Capable": false,"Relation Name": "part","Alias": "part","Startup Cost": 0.00,"Total Cost": 7638.67,"Plan Rows": 205,"Plan Width": 30,"Actual Startup Time": 0.736,"Actual Total Time": 31.480,"Actual Rows": 158,"Actual Loops": 3,"Filter": "((p_size >= 1) AND (((p_brand = 'Brand#15'::bpchar) AND (p_container = ANY ('{\"SM CASE\",\"SM BOX\",\"SM PACK\",\"SM PKG\"}'::bpchar[])) AND (p_size <= 5)) OR ((p_brand = 'Brand#21'::bpchar) AND (p_container = ANY ('{\"MED BAG\",\"MED BOX\",\"MED PKG\",\"MED PACK\"}'::bpchar[])) AND (p_size <= 10)) OR ((p_brand = 'Brand#53'::bpchar) AND (p_container = ANY ('{\"LG CASE\",\"LG BOX\",\"LG PACK\",\"LG PKG\"}'::bpchar[])) AND (p_size <= 15))))","Rows Removed by Filter": 66508,"Workers": []},{"Node Type": "Index Scan","Parent Relationship": "Inner","Parallel Aware": false,"Async Capable": false,"Scan Direction": "Forward","Index Name": "idx_lineitem_part_supp","Relation Name": "lineitem","Alias": "lineitem","Startup Cost": 0.43,"Total Cost": 123.00,"Plan Rows": 1,"Plan Width": 21,"Actual Startup Time": 0.235,"Actual Total Time": 0.261,"Actual Rows": 0,"Actual Loops": 475,"Index Cond": "(l_partkey = part.p_partkey)","Rows Removed by Index Recheck": 0,"Filter": "((l_shipmode = ANY ('{AIR,\"AIR REG\"}'::bpchar[])) AND (l_shipinstruct = 'DELIVER IN PERSON'::bpchar) AND (((l_quantity >= '4'::numeric) AND (l_quantity <= '14'::numeric)) OR ((l_quantity >= '18'::numeric) AND (l_quantity <= '28'::numeric)) OR ((l_quantity >= '20'::numeric) AND (l_quantity <= '30'::numeric))) AND (((part.p_brand = 'Brand#15'::bpchar) AND (part.p_container = ANY ('{\"SM CASE\",\"SM BOX\",\"SM PACK\",\"SM PKG\"}'::bpchar[])) AND (l_quantity >= '4'::numeric) AND (l_quantity <= '14'::numeric) AND (part.p_size <= 5)) OR ((part.p_brand = 'Brand#21'::bpchar) AND (part.p_container = ANY ('{\"MED BAG\",\"MED BOX\",\"MED PKG\",\"MED PACK\"}'::bpchar[])) AND (l_quantity >= '18'::numeric) AND (l_quantity <= '28'::numeric) AND (part.p_size <= 10)) OR ((part.p_brand = 'Brand#53'::bpchar) AND (part.p_container = ANY ('{\"LG CASE\",\"LG BOX\",\"LG PACK\",\"LG PKG\"}'::bpchar[])) AND (l_quantity >= '20'::numeric) AND (l_quantity <= '30'::numeric) AND (part.p_size <= 15))))","Rows Removed by Filter": 30,"Workers": []}]}]}]}]},"Planning Time": 5.156,"Triggers": [],"Execution Time": 94.362}]
[{"Plan": {"Node Type": "Aggregate","Strategy": "Plain","Partial Mode": "Finalize","Parallel Aware": false,"Async Capable": false,"Startup Cost": 33273.05,"Total Cost": 33273.06,"Plan Rows": 1,"Plan Width": 32,"Actual Startup Time": 77.282,"Actual Total Time": 90.221,"Actual Rows": 1,"Actual Loops": 1,"Plans": [{"Node Type": "Gather","Parent Relationship": "Outer","Parallel Aware": false,"Async Capable": false,"Startup Cost": 33272.83,"Total Cost": 33273.04,"Plan Rows": 2,"Plan Width": 32,"Actual Startup Time": 76.904,"Actual Total Time": 90.201,"Actual Rows": 3,"Actual Loops": 1,"Workers Planned": 2,"Workers Launched": 2,"Single Copy": false,"Plans": [{"Node Type": "Aggregate","Strategy": "Plain","Partial Mode": "Partial","Parent Relationship": "Outer","Parallel Aware": false,"Async Capable": false,"Startup Cost": 32272.83,"Total Cost": 32272.84,"Plan Rows": 1,"Plan Width": 32,"Actual Startup Time": 70.769,"Actual Total Time": 70.772,"Actual Rows": 1,"Actual Loops": 3,"Workers": [],"Plans": [{"Node Type": "Nested Loop","Parent Relationship": "Outer","Parallel Aware": false,"Async Capable": false,"Join Type": "Inner","Startup Cost": 0.43,"Total Cost": 32272.48,"Plan Rows": 47,"Plan Width": 12,"Actual Startup Time": 5.017,"Actual Total Time": 70.718,"Actual Rows": 33,"Actual Loops": 3,"Inner Unique": false,"Workers": [],"Plans": [{"Node Type": "Seq Scan","Parent Relationship": "Outer","Parallel Aware": true,"Async Capable": false,"Relation Name": "part","Alias": "part","Startup Cost": 0.00,"Total Cost": 7638.67,"Plan Rows": 200,"Plan Width": 30,"Actual Startup Time": 0.931,"Actual Total Time": 31.740,"Actual Rows": 151,"Actual Loops": 3,"Filter": "((p_size >= 1) AND (((p_brand = 'Brand#22'::bpchar) AND (p_container = ANY ('{\"SM CASE\",\"SM BOX\",\"SM PACK\",\"SM PKG\"}'::bpchar[])) AND (p_size <= 5)) OR ((p_brand = 'Brand#31'::bpchar) AND (p_container = ANY ('{\"MED BAG\",\"MED BOX\",\"MED PKG\",\"MED PACK\"}'::bpchar[])) AND (p_size <= 10)) OR ((p_brand = 'Brand#23'::bpchar) AND (p_container = ANY ('{\"LG CASE\",\"LG BOX\",\"LG PACK\",\"LG PKG\"}'::bpchar[])) AND (p_size <= 15))))","Rows Removed by Filter": 66516,"Workers": []},{"Node Type": "Index Scan","Parent Relationship": "Inner","Parallel Aware": false,"Async Capable": false,"Scan Direction": "Forward","Index Name": "idx_lineitem_part_supp","Relation Name": "lineitem","Alias": "lineitem","Startup Cost": 0.43,"Total Cost": 123.16,"Plan Rows": 1,"Plan Width": 21,"Actual Startup Time": 0.234,"Actual Total Time": 0.258,"Actual Rows": 0,"Actual Loops": 453,"Index Cond": "(l_partkey = part.p_partkey)","Rows Removed by Index Recheck": 0,"Filter": "((l_shipmode = ANY ('{AIR,\"AIR REG\"}'::bpchar[])) AND (l_shipinstruct = 'DELIVER IN PERSON'::bpchar) AND (((l_quantity >= '7'::numeric) AND (l_quantity <= '17'::numeric)) OR ((l_quantity >= '18'::numeric) AND (l_quantity <= '28'::numeric)) OR ((l_quantity >= '30'::numeric) AND (l_quantity <= '40'::numeric))) AND (((part.p_brand = 'Brand#22'::bpchar) AND (part.p_container = ANY ('{\"SM CASE\",\"SM BOX\",\"SM PACK\",\"SM PKG\"}'::bpchar[])) AND (l_quantity >= '7'::numeric) AND (l_quantity <= '17'::numeric) AND (part.p_size <= 5)) OR ((part.p_brand = 'Brand#31'::bpchar) AND (part.p_container = ANY ('{\"MED BAG\",\"MED BOX\",\"MED PKG\",\"MED PACK\"}'::bpchar[])) AND (l_quantity >= '18'::numeric) AND (l_quantity <= '28'::numeric) AND (part.p_size <= 10)) OR ((part.p_brand = 'Brand#23'::bpchar) AND (part.p_container = ANY ('{\"LG CASE\",\"LG BOX\",\"LG PACK\",\"LG PKG\"}'::bpchar[])) AND (l_quantity >= '30'::numeric) AND (l_quantity <= '40'::numeric) AND (part.p_size <= 15))))","Rows Removed by Filter": 29,"Workers": []}]}]}]}]},"Planning Time": 6.710,"Triggers": [],"Execution Time": 90.425}]
[{"Plan": {"Node Type": "Aggregate","Strategy": "Plain","Partial Mode": "Finalize","Parallel Aware": false,"Async Capable": false,"Startup Cost": 33390.38,"Total Cost": 33390.39,"Plan Rows": 1,"Plan Width": 32,"Actual Startup Time": 86.962,"Actual Total Time": 103.111,"Actual Rows": 1,"Actual Loops": 1,"Plans": [{"Node Type": "Gather","Parent Relationship": "Outer","Parallel Aware": false,"Async Capable": false,"Startup Cost": 33390.15,"Total Cost": 33390.36,"Plan Rows": 2,"Plan Width": 32,"Actual Startup Time": 86.924,"Actual Total Time": 103.082,"Actual Rows": 3,"Actual Loops": 1,"Workers Planned": 2,"Workers Launched": 2,"Single Copy": false,"Plans": [{"Node Type": "Aggregate","Strategy": "Plain","Partial Mode": "Partial","Parent Relationship": "Outer","Parallel Aware": false,"Async Capable": false,"Startup Cost": 32390.15,"Total Cost": 32390.16,"Plan Rows": 1,"Plan Width": 32,"Actual Startup Time": 80.120,"Actual Total Time": 80.123,"Actual Rows": 1,"Actual Loops": 3,"Workers": [],"Plans": [{"Node Type": "Nested Loop","Parent Relationship": "Outer","Parallel Aware": false,"Async Capable": false,"Join Type": "Inner","Startup Cost": 0.43,"Total Cost": 32389.80,"Plan Rows": 47,"Plan Width": 12,"Actual Startup Time": 2.570,"Actual Total Time": 80.072,"Actual Rows": 40,"Actual Loops": 3,"Inner Unique": false,"Workers": [],"Plans": [{"Node Type": "Seq Scan","Parent Relationship": "Outer","Parallel Aware": true,"Async Capable": false,"Relation Name": "part","Alias": "part","Startup Cost": 0.00,"Total Cost": 7638.67,"Plan Rows": 201,"Plan Width": 30,"Actual Startup Time": 0.202,"Actual Total Time": 34.113,"Actual Rows": 167,"Actual Loops": 3,"Filter": "((p_size >= 1) AND (((p_brand = 'Brand#35'::bpchar) AND (p_container = ANY ('{\"SM CASE\",\"SM BOX\",\"SM PACK\",\"SM PKG\"}'::bpchar[])) AND (p_size <= 5)) OR ((p_brand = 'Brand#12'::bpchar) AND (p_container = ANY ('{\"MED BAG\",\"MED BOX\",\"MED PKG\",\"MED PACK\"}'::bpchar[])) AND (p_size <= 10)) OR ((p_brand = 'Brand#13'::bpchar) AND (p_container = ANY ('{\"LG CASE\",\"LG BOX\",\"LG PACK\",\"LG PKG\"}'::bpchar[])) AND (p_size <= 15))))","Rows Removed by Filter": 66500,"Workers": []},{"Node Type": "Index Scan","Parent Relationship": "Inner","Parallel Aware": false,"Async Capable": false,"Scan Direction": "Forward","Index Name": "idx_lineitem_part_supp","Relation Name": "lineitem","Alias": "lineitem","Startup Cost": 0.43,"Total Cost": 123.13,"Plan Rows": 1,"Plan Width": 21,"Actual Startup Time": 0.246,"Actual Total Time": 0.275,"Actual Rows": 0,"Actual Loops": 500,"Index Cond": "(l_partkey = part.p_partkey)","Rows Removed by Index Recheck": 0,"Filter": "((l_shipmode = ANY ('{AIR,\"AIR REG\"}'::bpchar[])) AND (l_shipinstruct = 'DELIVER IN PERSON'::bpchar) AND (((l_quantity >= '2'::numeric) AND (l_quantity <= '12'::numeric)) OR ((l_quantity >= '11'::numeric) AND (l_quantity <= '21'::numeric)) OR ((l_quantity >= '23'::numeric) AND (l_quantity <= '33'::numeric))) AND (((part.p_brand = 'Brand#35'::bpchar) AND (part.p_container = ANY ('{\"SM CASE\",\"SM BOX\",\"SM PACK\",\"SM PKG\"}'::bpchar[])) AND (l_quantity >= '2'::numeric) AND (l_quantity <= '12'::numeric) AND (part.p_size <= 5)) OR ((part.p_brand = 'Brand#12'::bpchar) AND (part.p_container = ANY ('{\"MED BAG\",\"MED BOX\",\"MED PKG\",\"MED PACK\"}'::bpchar[])) AND (l_quantity >= '11'::numeric) AND (l_quantity <= '21'::numeric) AND (part.p_size <= 10)) OR ((part.p_brand = 'Brand#13'::bpchar) AND (part.p_container = ANY ('{\"LG CASE\",\"LG BOX\",\"LG PACK\",\"LG PKG\"}'::bpchar[])) AND (l_quantity >= '23'::numeric) AND (l_quantity <= '33'::numeric) AND (part.p_size <= 15))))","Rows Removed by Filter": 30,"Workers": []}]}]}]}]},"Planning Time": 6.220,"Triggers": [],"Execution Time": 103.276}]
[{"Plan": {"Node Type": "Aggregate","Strategy": "Plain","Partial Mode": "Finalize","Parallel Aware": false,"Async Capable": false,"Startup Cost": 33390.28,"Total Cost": 33390.29,"Plan Rows": 1,"Plan Width": 32,"Actual Startup Time": 87.894,"Actual Total Time": 103.455,"Actual Rows": 1,"Actual Loops": 1,"Plans": [{"Node Type": "Gather","Parent Relationship": "Outer","Parallel Aware": false,"Async Capable": false,"Startup Cost": 33390.06,"Total Cost": 33390.27,"Plan Rows": 2,"Plan Width": 32,"Actual Startup Time": 87.760,"Actual Total Time": 103.434,"Actual Rows": 3,"Actual Loops": 1,"Workers Planned": 2,"Workers Launched": 2,"Single Copy": false,"Plans": [{"Node Type": "Aggregate","Strategy": "Plain","Partial Mode": "Partial","Parent Relationship": "Outer","Parallel Aware": false,"Async Capable": false,"Startup Cost": 32390.06,"Total Cost": 32390.07,"Plan Rows": 1,"Plan Width": 32,"Actual Startup Time": 81.414,"Actual Total Time": 81.417,"Actual Rows": 1,"Actual Loops": 3,"Workers": [],"Plans": [{"Node Type": "Nested Loop","Parent Relationship": "Outer","Parallel Aware": false,"Async Capable": false,"Join Type": "Inner","Startup Cost": 0.43,"Total Cost": 32389.70,"Plan Rows": 47,"Plan Width": 12,"Actual Startup Time": 3.926,"Actual Total Time": 81.364,"Actual Rows": 43,"Actual Loops": 3,"Inner Unique": false,"Workers": [],"Plans": [{"Node Type": "Seq Scan","Parent Relationship": "Outer","Parallel Aware": true,"Async Capable": false,"Relation Name": "part","Alias": "part","Startup Cost": 0.00,"Total Cost": 7638.67,"Plan Rows": 201,"Plan Width": 30,"Actual Startup Time": 0.372,"Actual Total Time": 35.085,"Actual Rows": 168,"Actual Loops": 3,"Filter": "((p_size >= 1) AND (((p_brand = 'Brand#44'::bpchar) AND (p_container = ANY ('{\"SM CASE\",\"SM BOX\",\"SM PACK\",\"SM PKG\"}'::bpchar[])) AND (p_size <= 5)) OR ((p_brand = 'Brand#35'::bpchar) AND (p_container = ANY ('{\"MED BAG\",\"MED BOX\",\"MED PKG\",\"MED PACK\"}'::bpchar[])) AND (p_size <= 10)) OR ((p_brand = 'Brand#12'::bpchar) AND (p_container = ANY ('{\"LG CASE\",\"LG BOX\",\"LG PACK\",\"LG PKG\"}'::bpchar[])) AND (p_size <= 15))))","Rows Removed by Filter": 66499,"Workers": []},{"Node Type": "Index Scan","Parent Relationship": "Inner","Parallel Aware": false,"Async Capable": false,"Scan Direction": "Forward","Index Name": "idx_lineitem_part_supp","Relation Name": "lineitem","Alias": "lineitem","Startup Cost": 0.43,"Total Cost": 123.13,"Plan Rows": 1,"Plan Width": 21,"Actual Startup Time": 0.243,"Actual Total Time": 0.275,"Actual Rows": 0,"Actual Loops": 504,"Index Cond": "(l_partkey = part.p_partkey)","Rows Removed by Index Recheck": 0,"Filter": "((l_shipmode = ANY ('{AIR,\"AIR REG\"}'::bpchar[])) AND (l_shipinstruct = 'DELIVER IN PERSON'::bpchar) AND (((l_quantity >= '10'::numeric) AND (l_quantity <= '20'::numeric)) OR ((l_quantity >= '20'::numeric) AND (l_quantity <= '30'::numeric)) OR ((l_quantity >= '22'::numeric) AND (l_quantity <= '32'::numeric))) AND (((part.p_brand = 'Brand#44'::bpchar) AND (part.p_container = ANY ('{\"SM CASE\",\"SM BOX\",\"SM PACK\",\"SM PKG\"}'::bpchar[])) AND (l_quantity >= '10'::numeric) AND (l_quantity <= '20'::numeric) AND (part.p_size <= 5)) OR ((part.p_brand = 'Brand#35'::bpchar) AND (part.p_container = ANY ('{\"MED BAG\",\"MED BOX\",\"MED PKG\",\"MED PACK\"}'::bpchar[])) AND (l_quantity >= '20'::numeric) AND (l_quantity <= '30'::numeric) AND (part.p_size <= 10)) OR ((part.p_brand = 'Brand#12'::bpchar) AND (part.p_container = ANY ('{\"LG CASE\",\"LG BOX\",\"LG PACK\",\"LG PKG\"}'::bpchar[])) AND (l_quantity >= '22'::numeric) AND (l_quantity <= '32'::numeric) AND (part.p_size <= 15))))","Rows Removed by Filter": 30,"Workers": []}]}]}]}]},"Planning Time": 6.602,"Triggers": [],"Execution Time": 103.658}]
[{"Plan": {"Node Type": "Aggregate","Strategy": "Plain","Partial Mode": "Finalize","Parallel Aware": false,"Async Capable": false,"Startup Cost": 33620.39,"Total Cost": 33620.40,"Plan Rows": 1,"Plan Width": 32,"Actual Startup Time": 79.542,"Actual Total Time": 93.189,"Actual Rows": 1,"Actual Loops": 1,"Plans": [{"Node Type": "Gather","Parent Relationship": "Outer","Parallel Aware": false,"Async Capable": false,"Startup Cost": 33620.17,"Total Cost": 33620.38,"Plan Rows": 2,"Plan Width": 32,"Actual Startup Time": 79.405,"Actual Total Time": 93.157,"Actual Rows": 3,"Actual Loops": 1,"Workers Planned": 2,"Workers Launched": 2,"Single Copy": false,"Plans": [{"Node Type": "Aggregate","Strategy": "Plain","Partial Mode": "Partial","Parent Relationship": "Outer","Parallel Aware": false,"Async Capable": false,"Startup Cost": 32620.17,"Total Cost": 32620.18,"Plan Rows": 1,"Plan Width": 32,"Actual Startup Time": 72.758,"Actual Total Time": 72.759,"Actual Rows": 1,"Actual Loops": 3,"Workers": [],"Plans": [{"Node Type": "Nested Loop","Parent Relationship": "Outer","Parallel Aware": false,"Async Capable": false,"Join Type": "Inner","Startup Cost": 0.43,"Total Cost": 32619.80,"Plan Rows": 48,"Plan Width": 12,"Actual Startup Time": 3.336,"Actual Total Time": 72.715,"Actual Rows": 37,"Actual Loops": 3,"Inner Unique": false,"Workers": [],"Plans": [{"Node Type": "Seq Scan","Parent Relationship": "Outer","Parallel Aware": true,"Async Capable": false,"Relation Name": "part","Alias": "part","Startup Cost": 0.00,"Total Cost": 7638.67,"Plan Rows": 203,"Plan Width": 30,"Actual Startup Time": 0.403,"Actual Total Time": 31.418,"Actual Rows": 158,"Actual Loops": 3,"Filter": "((p_size >= 1) AND (((p_brand = 'Brand#34'::bpchar) AND (p_container = ANY ('{\"SM CASE\",\"SM BOX\",\"SM PACK\",\"SM PKG\"}'::bpchar[])) AND (p_size <= 5)) OR ((p_brand = 'Brand#22'::bpchar) AND (p_container = ANY ('{\"MED BAG\",\"MED BOX\",\"MED PKG\",\"MED PACK\"}'::bpchar[])) AND (p_size <= 10)) OR ((p_brand = 'Brand#34'::bpchar) AND (p_container = ANY ('{\"LG CASE\",\"LG BOX\",\"LG PACK\",\"LG PKG\"}'::bpchar[])) AND (p_size <= 15))))","Rows Removed by Filter": 66509,"Workers": []},{"Node Type": "Index Scan","Parent Relationship": "Inner","Parallel Aware": false,"Async Capable": false,"Scan Direction": "Forward","Index Name": "idx_lineitem_part_supp","Relation Name": "lineitem","Alias": "lineitem","Startup Cost": 0.43,"Total Cost": 123.05,"Plan Rows": 1,"Plan Width": 21,"Actual Startup Time": 0.236,"Actual Total Time": 0.262,"Actual Rows": 0,"Actual Loops": 473,"Index Cond": "(l_partkey = part.p_partkey)","Rows Removed by Index Recheck": 0,"Filter": "((l_shipmode = ANY ('{AIR,\"AIR REG\"}'::bpchar[])) AND (l_shipinstruct = 'DELIVER IN PERSON'::bpchar) AND (((l_quantity >= '9'::numeric) AND (l_quantity <= '19'::numeric)) OR ((l_quantity >= '15'::numeric) AND (l_quantity <= '25'::numeric)) OR ((l_quantity >= '25'::numeric) AND (l_quantity <= '35'::numeric))) AND (((part.p_brand = 'Brand#34'::bpchar) AND (part.p_container = ANY ('{\"SM CASE\",\"SM BOX\",\"SM PACK\",\"SM PKG\"}'::bpchar[])) AND (l_quantity >= '9'::numeric) AND (l_quantity <= '19'::numeric) AND (part.p_size <= 5)) OR ((part.p_brand = 'Brand#22'::bpchar) AND (part.p_container = ANY ('{\"MED BAG\",\"MED BOX\",\"MED PKG\",\"MED PACK\"}'::bpchar[])) AND (l_quantity >= '15'::numeric) AND (l_quantity <= '25'::numeric) AND (part.p_size <= 10)) OR ((part.p_brand = 'Brand#34'::bpchar) AND (part.p_container = ANY ('{\"LG CASE\",\"LG BOX\",\"LG PACK\",\"LG PKG\"}'::bpchar[])) AND (l_quantity >= '25'::numeric) AND (l_quantity <= '35'::numeric) AND (part.p_size <= 15))))","Rows Removed by Filter": 30,"Workers": []}]}]}]}]},"Planning Time": 6.401,"Triggers": [],"Execution Time": 93.395}]
[{"Plan": {"Node Type": "Aggregate","Strategy": "Plain","Partial Mode": "Finalize","Parallel Aware": false,"Async Capable": false,"Startup Cost": 33967.81,"Total Cost": 33967.82,"Plan Rows": 1,"Plan Width": 32,"Actual Startup Time": 85.695,"Actual Total Time": 100.898,"Actual Rows": 1,"Actual Loops": 1,"Plans": [{"Node Type": "Gather","Parent Relationship": "Outer","Parallel Aware": false,"Async Capable": false,"Startup Cost": 33967.59,"Total Cost": 33967.80,"Plan Rows": 2,"Plan Width": 32,"Actual Startup Time": 85.519,"Actual Total Time": 100.867,"Actual Rows": 3,"Actual Loops": 1,"Workers Planned": 2,"Workers Launched": 2,"Single Copy": false,"Plans": [{"Node Type": "Aggregate","Strategy": "Plain","Partial Mode": "Partial","Parent Relationship": "Outer","Parallel Aware": false,"Async Capable": false,"Startup Cost": 32967.59,"Total Cost": 32967.60,"Plan Rows": 1,"Plan Width": 32,"Actual Startup Time": 79.314,"Actual Total Time": 79.316,"Actual Rows": 1,"Actual Loops": 3,"Workers": [],"Plans": [{"Node Type": "Nested Loop","Parent Relationship": "Outer","Parallel Aware": false,"Async Capable": false,"Join Type": "Inner","Startup Cost": 0.43,"Total Cost": 32967.23,"Plan Rows": 48,"Plan Width": 12,"Actual Startup Time": 5.938,"Actual Total Time": 79.280,"Actual Rows": 31,"Actual Loops": 3,"Inner Unique": false,"Workers": [],"Plans": [{"Node Type": "Seq Scan","Parent Relationship": "Outer","Parallel Aware": true,"Async Capable": false,"Relation Name": "part","Alias": "part","Startup Cost": 0.00,"Total Cost": 7638.67,"Plan Rows": 206,"Plan Width": 30,"Actual Startup Time": 0.411,"Actual Total Time": 35.273,"Actual Rows": 158,"Actual Loops": 3,"Filter": "((p_size >= 1) AND (((p_brand = 'Brand#51'::bpchar) AND (p_container = ANY ('{\"SM CASE\",\"SM BOX\",\"SM PACK\",\"SM PKG\"}'::bpchar[])) AND (p_size <= 5)) OR ((p_brand = 'Brand#34'::bpchar) AND (p_container = ANY ('{\"MED BAG\",\"MED BOX\",\"MED PKG\",\"MED PACK\"}'::bpchar[])) AND (p_size <= 10)) OR ((p_brand = 'Brand#45'::bpchar) AND (p_container = ANY ('{\"LG CASE\",\"LG BOX\",\"LG PACK\",\"LG PKG\"}'::bpchar[])) AND (p_size <= 15))))","Rows Removed by Filter": 66509,"Workers": []},{"Node Type": "Index Scan","Parent Relationship": "Inner","Parallel Aware": false,"Async Capable": false,"Scan Direction": "Forward","Index Name": "idx_lineitem_part_supp","Relation Name": "lineitem","Alias": "lineitem","Startup Cost": 0.43,"Total Cost": 122.94,"Plan Rows": 1,"Plan Width": 21,"Actual Startup Time": 0.252,"Actual Total Time": 0.279,"Actual Rows": 0,"Actual Loops": 473,"Index Cond": "(l_partkey = part.p_partkey)","Rows Removed by Index Recheck": 0,"Filter": "((l_shipmode = ANY ('{AIR,\"AIR REG\"}'::bpchar[])) AND (l_shipinstruct = 'DELIVER IN PERSON'::bpchar) AND (((l_quantity >= '3'::numeric) AND (l_quantity <= '13'::numeric)) OR ((l_quantity >= '18'::numeric) AND (l_quantity <= '28'::numeric)) OR ((l_quantity >= '26'::numeric) AND (l_quantity <= '36'::numeric))) AND (((part.p_brand = 'Brand#51'::bpchar) AND (part.p_container = ANY ('{\"SM CASE\",\"SM BOX\",\"SM PACK\",\"SM PKG\"}'::bpchar[])) AND (l_quantity >= '3'::numeric) AND (l_quantity <= '13'::numeric) AND (part.p_size <= 5)) OR ((part.p_brand = 'Brand#34'::bpchar) AND (part.p_container = ANY ('{\"MED BAG\",\"MED BOX\",\"MED PKG\",\"MED PACK\"}'::bpchar[])) AND (l_quantity >= '18'::numeric) AND (l_quantity <= '28'::numeric) AND (part.p_size <= 10)) OR ((part.p_brand = 'Brand#45'::bpchar) AND (part.p_container = ANY ('{\"LG CASE\",\"LG BOX\",\"LG PACK\",\"LG PKG\"}'::bpchar[])) AND (l_quantity >= '26'::numeric) AND (l_quantity <= '36'::numeric) AND (part.p_size <= 15))))","Rows Removed by Filter": 29,"Workers": []}]}]}]}]},"Planning Time": 5.156,"Triggers": [],"Execution Time": 101.087}]
[{"Plan": {"Node Type": "Aggregate","Strategy": "Plain","Partial Mode": "Finalize","Parallel Aware": false,"Async Capable": false,"Startup Cost": 33047.45,"Total Cost": 33047.46,"Plan Rows": 1,"Plan Width": 32,"Actual Startup Time": 83.513,"Actual Total Time": 98.872,"Actual Rows": 1,"Actual Loops": 1,"Plans": [{"Node Type": "Gather","Parent Relationship": "Outer","Parallel Aware": false,"Async Capable": false,"Startup Cost": 33047.23,"Total Cost": 33047.44,"Plan Rows": 2,"Plan Width": 32,"Actual Startup Time": 83.225,"Actual Total Time": 98.835,"Actual Rows": 3,"Actual Loops": 1,"Workers Planned": 2,"Workers Launched": 2,"Single Copy": false,"Plans": [{"Node Type": "Aggregate","Strategy": "Plain","Partial Mode": "Partial","Parent Relationship": "Outer","Parallel Aware": false,"Async Capable": false,"Startup Cost": 32047.23,"Total Cost": 32047.24,"Plan Rows": 1,"Plan Width": 32,"Actual Startup Time": 76.935,"Actual Total Time": 76.937,"Actual Rows": 1,"Actual Loops": 3,"Workers": [],"Plans": [{"Node Type": "Nested Loop","Parent Relationship": "Outer","Parallel Aware": false,"Async Capable": false,"Join Type": "Inner","Startup Cost": 0.43,"Total Cost": 32046.88,"Plan Rows": 46,"Plan Width": 12,"Actual Startup Time": 6.728,"Actual Total Time": 76.885,"Actual Rows": 32,"Actual Loops": 3,"Inner Unique": false,"Workers": [],"Plans": [{"Node Type": "Seq Scan","Parent Relationship": "Outer","Parallel Aware": true,"Async Capable": false,"Relation Name": "part","Alias": "part","Startup Cost": 0.00,"Total Cost": 7638.67,"Plan Rows": 198,"Plan Width": 30,"Actual Startup Time": 0.174,"Actual Total Time": 33.390,"Actual Rows": 158,"Actual Loops": 3,"Filter": "((p_size >= 1) AND (((p_brand = 'Brand#54'::bpchar) AND (p_container = ANY ('{\"SM CASE\",\"SM BOX\",\"SM PACK\",\"SM PKG\"}'::bpchar[])) AND (p_size <= 5)) OR ((p_brand = 'Brand#12'::bpchar) AND (p_container = ANY ('{\"MED BAG\",\"MED BOX\",\"MED PKG\",\"MED PACK\"}'::bpchar[])) AND (p_size <= 10)) OR ((p_brand = 'Brand#23'::bpchar) AND (p_container = ANY ('{\"LG CASE\",\"LG BOX\",\"LG PACK\",\"LG PKG\"}'::bpchar[])) AND (p_size <= 15))))","Rows Removed by Filter": 66508,"Workers": []},{"Node Type": "Index Scan","Parent Relationship": "Inner","Parallel Aware": false,"Async Capable": false,"Scan Direction": "Forward","Index Name": "idx_lineitem_part_supp","Relation Name": "lineitem","Alias": "lineitem","Startup Cost": 0.43,"Total Cost": 123.26,"Plan Rows": 1,"Plan Width": 21,"Actual Startup Time": 0.253,"Actual Total Time": 0.274,"Actual Rows": 0,"Actual Loops": 475,"Index Cond": "(l_partkey = part.p_partkey)","Rows Removed by Index Recheck": 0,"Filter": "((l_shipmode = ANY ('{AIR,\"AIR REG\"}'::bpchar[])) AND (l_shipinstruct = 'DELIVER IN PERSON'::bpchar) AND (((l_quantity >= '3'::numeric) AND (l_quantity <= '13'::numeric)) OR ((l_quantity >= '13'::numeric) AND (l_quantity <= '23'::numeric)) OR ((l_quantity >= '30'::numeric) AND (l_quantity <= '40'::numeric))) AND (((part.p_brand = 'Brand#54'::bpchar) AND (part.p_container = ANY ('{\"SM CASE\",\"SM BOX\",\"SM PACK\",\"SM PKG\"}'::bpchar[])) AND (l_quantity >= '3'::numeric) AND (l_quantity <= '13'::numeric) AND (part.p_size <= 5)) OR ((part.p_brand = 'Brand#12'::bpchar) AND (part.p_container = ANY ('{\"MED BAG\",\"MED BOX\",\"MED PKG\",\"MED PACK\"}'::bpchar[])) AND (l_quantity >= '13'::numeric) AND (l_quantity <= '23'::numeric) AND (part.p_size <= 10)) OR ((part.p_brand = 'Brand#23'::bpchar) AND (part.p_container = ANY ('{\"LG CASE\",\"LG BOX\",\"LG PACK\",\"LG PKG\"}'::bpchar[])) AND (l_quantity >= '30'::numeric) AND (l_quantity <= '40'::numeric) AND (part.p_size <= 15))))","Rows Removed by Filter": 30,"Workers": []}]}]}]}]},"Planning Time": 5.453,"Triggers": [],"Execution Time": 99.055}]
[{"Plan": {"Node Type": "Aggregate","Strategy": "Plain","Partial Mode": "Finalize","Parallel Aware": false,"Async Capable": false,"Startup Cost": 34088.59,"Total Cost": 34088.60,"Plan Rows": 1,"Plan Width": 32,"Actual Startup Time": 80.032,"Actual Total Time": 94.485,"Actual Rows": 1,"Actual Loops": 1,"Plans": [{"Node Type": "Gather","Parent Relationship": "Outer","Parallel Aware": false,"Async Capable": false,"Startup Cost": 34088.37,"Total Cost": 34088.58,"Plan Rows": 2,"Plan Width": 32,"Actual Startup Time": 79.790,"Actual Total Time": 94.454,"Actual Rows": 3,"Actual Loops": 1,"Workers Planned": 2,"Workers Launched": 2,"Single Copy": false,"Plans": [{"Node Type": "Aggregate","Strategy": "Plain","Partial Mode": "Partial","Parent Relationship": "Outer","Parallel Aware": false,"Async Capable": false,"Startup Cost": 33088.37,"Total Cost": 33088.38,"Plan Rows": 1,"Plan Width": 32,"Actual Startup Time": 74.733,"Actual Total Time": 74.737,"Actual Rows": 1,"Actual Loops": 3,"Workers": [],"Plans": [{"Node Type": "Nested Loop","Parent Relationship": "Outer","Parallel Aware": false,"Async Capable": false,"Join Type": "Inner","Startup Cost": 0.43,"Total Cost": 33088.01,"Plan Rows": 48,"Plan Width": 12,"Actual Startup Time": 3.562,"Actual Total Time": 74.695,"Actual Rows": 39,"Actual Loops": 3,"Inner Unique": false,"Workers": [],"Plans": [{"Node Type": "Seq Scan","Parent Relationship": "Outer","Parallel Aware": true,"Async Capable": false,"Relation Name": "part","Alias": "part","Startup Cost": 0.00,"Total Cost": 7638.67,"Plan Rows": 207,"Plan Width": 30,"Actual Startup Time": 0.410,"Actual Total Time": 30.226,"Actual Rows": 171,"Actual Loops": 3,"Filter": "((p_size >= 1) AND (((p_brand = 'Brand#45'::bpchar) AND (p_container = ANY ('{\"SM CASE\",\"SM BOX\",\"SM PACK\",\"SM PKG\"}'::bpchar[])) AND (p_size <= 5)) OR ((p_brand = 'Brand#13'::bpchar) AND (p_container = ANY ('{\"MED BAG\",\"MED BOX\",\"MED PKG\",\"MED PACK\"}'::bpchar[])) AND (p_size <= 10)) OR ((p_brand = 'Brand#15'::bpchar) AND (p_container = ANY ('{\"LG CASE\",\"LG BOX\",\"LG PACK\",\"LG PKG\"}'::bpchar[])) AND (p_size <= 15))))","Rows Removed by Filter": 66496,"Workers": []},{"Node Type": "Index Scan","Parent Relationship": "Inner","Parallel Aware": false,"Async Capable": false,"Scan Direction": "Forward","Index Name": "idx_lineitem_part_supp","Relation Name": "lineitem","Alias": "lineitem","Startup Cost": 0.43,"Total Cost": 122.93,"Plan Rows": 1,"Plan Width": 21,"Actual Startup Time": 0.235,"Actual Total Time": 0.260,"Actual Rows": 0,"Actual Loops": 512,"Index Cond": "(l_partkey = part.p_partkey)","Rows Removed by Index Recheck": 0,"Filter": "((l_shipmode = ANY ('{AIR,\"AIR REG\"}'::bpchar[])) AND (l_shipinstruct = 'DELIVER IN PERSON'::bpchar) AND (((l_quantity >= '10'::numeric) AND (l_quantity <= '20'::numeric)) OR ((l_quantity >= '14'::numeric) AND (l_quantity <= '24'::numeric)) OR ((l_quantity >= '30'::numeric) AND (l_quantity <= '40'::numeric))) AND (((part.p_brand = 'Brand#45'::bpchar) AND (part.p_container = ANY ('{\"SM CASE\",\"SM BOX\",\"SM PACK\",\"SM PKG\"}'::bpchar[])) AND (l_quantity >= '10'::numeric) AND (l_quantity <= '20'::numeric) AND (part.p_size <= 5)) OR ((part.p_brand = 'Brand#13'::bpchar) AND (part.p_container = ANY ('{\"MED BAG\",\"MED BOX\",\"MED PKG\",\"MED PACK\"}'::bpchar[])) AND (l_quantity >= '14'::numeric) AND (l_quantity <= '24'::numeric) AND (part.p_size <= 10)) OR ((part.p_brand = 'Brand#15'::bpchar) AND (part.p_container = ANY ('{\"LG CASE\",\"LG BOX\",\"LG PACK\",\"LG PKG\"}'::bpchar[])) AND (l_quantity >= '30'::numeric) AND (l_quantity <= '40'::numeric) AND (part.p_size <= 15))))","Rows Removed by Filter": 30,"Workers": []}]}]}]}]},"Planning Time": 6.366,"Triggers": [],"Execution Time": 94.696}]
[{"Plan": {"Node Type": "Aggregate","Strategy": "Plain","Partial Mode": "Finalize","Parallel Aware": false,"Async Capable": false,"Startup Cost": 33510.20,"Total Cost": 33510.21,"Plan Rows": 1,"Plan Width": 32,"Actual Startup Time": 82.272,"Actual Total Time": 97.160,"Actual Rows": 1,"Actual Loops": 1,"Plans": [{"Node Type": "Gather","Parent Relationship": "Outer","Parallel Aware": false,"Async Capable": false,"Startup Cost": 33509.98,"Total Cost": 33510.19,"Plan Rows": 2,"Plan Width": 32,"Actual Startup Time": 81.905,"Actual Total Time": 97.134,"Actual Rows": 3,"Actual Loops": 1,"Workers Planned": 2,"Workers Launched": 2,"Single Copy": false,"Plans": [{"Node Type": "Aggregate","Strategy": "Plain","Partial Mode": "Partial","Parent Relationship": "Outer","Parallel Aware": false,"Async Capable": false,"Startup Cost": 32509.98,"Total Cost": 32509.99,"Plan Rows": 1,"Plan Width": 32,"Actual Startup Time": 75.509,"Actual Total Time": 75.510,"Actual Rows": 1,"Actual Loops": 3,"Workers": [],"Plans": [{"Node Type": "Nested Loop","Parent Relationship": "Outer","Parallel Aware": false,"Async Capable": false,"Join Type": "Inner","Startup Cost": 0.43,"Total Cost": 32509.62,"Plan Rows": 47,"Plan Width": 12,"Actual Startup Time": 5.281,"Actual Total Time": 75.464,"Actual Rows": 36,"Actual Loops": 3,"Inner Unique": false,"Workers": [],"Plans": [{"Node Type": "Seq Scan","Parent Relationship": "Outer","Parallel Aware": true,"Async Capable": false,"Relation Name": "part","Alias": "part","Startup Cost": 0.00,"Total Cost": 7638.67,"Plan Rows": 202,"Plan Width": 30,"Actual Startup Time": 0.631,"Actual Total Time": 33.382,"Actual Rows": 154,"Actual Loops": 3,"Filter": "((p_size >= 1) AND (((p_brand = 'Brand#52'::bpchar) AND (p_container = ANY ('{\"SM CASE\",\"SM BOX\",\"SM PACK\",\"SM PKG\"}'::bpchar[])) AND (p_size <= 5)) OR ((p_brand = 'Brand#54'::bpchar) AND (p_container = ANY ('{\"MED BAG\",\"MED BOX\",\"MED PKG\",\"MED PACK\"}'::bpchar[])) AND (p_size <= 10)) OR ((p_brand = 'Brand#14'::bpchar) AND (p_container = ANY ('{\"LG CASE\",\"LG BOX\",\"LG PACK\",\"LG PKG\"}'::bpchar[])) AND (p_size <= 15))))","Rows Removed by Filter": 66513,"Workers": []},{"Node Type": "Index Scan","Parent Relationship": "Inner","Parallel Aware": false,"Async Capable": false,"Scan Direction": "Forward","Index Name": "idx_lineitem_part_supp","Relation Name": "lineitem","Alias": "lineitem","Startup Cost": 0.43,"Total Cost": 123.11,"Plan Rows": 1,"Plan Width": 21,"Actual Startup Time": 0.240,"Actual Total Time": 0.273,"Actual Rows": 0,"Actual Loops": 461,"Index Cond": "(l_partkey = part.p_partkey)","Rows Removed by Index Recheck": 0,"Filter": "((l_shipmode = ANY ('{AIR,\"AIR REG\"}'::bpchar[])) AND (l_shipinstruct = 'DELIVER IN PERSON'::bpchar) AND (((l_quantity >= '4'::numeric) AND (l_quantity <= '14'::numeric)) OR ((l_quantity >= '15'::numeric) AND (l_quantity <= '25'::numeric)) OR ((l_quantity >= '25'::numeric) AND (l_quantity <= '35'::numeric))) AND (((part.p_brand = 'Brand#52'::bpchar) AND (part.p_container = ANY ('{\"SM CASE\",\"SM BOX\",\"SM PACK\",\"SM PKG\"}'::bpchar[])) AND (l_quantity >= '4'::numeric) AND (l_quantity <= '14'::numeric) AND (part.p_size <= 5)) OR ((part.p_brand = 'Brand#54'::bpchar) AND (part.p_container = ANY ('{\"MED BAG\",\"MED BOX\",\"MED PKG\",\"MED PACK\"}'::bpchar[])) AND (l_quantity >= '15'::numeric) AND (l_quantity <= '25'::numeric) AND (part.p_size <= 10)) OR ((part.p_brand = 'Brand#14'::bpchar) AND (part.p_container = ANY ('{\"LG CASE\",\"LG BOX\",\"LG PACK\",\"LG PKG\"}'::bpchar[])) AND (l_quantity >= '25'::numeric) AND (l_quantity <= '35'::numeric) AND (part.p_size <= 15))))","Rows Removed by Filter": 30,"Workers": []}]}]}]}]},"Planning Time": 6.023,"Triggers": [],"Execution Time": 97.329}]
[{"Plan": {"Node Type": "Aggregate","Strategy": "Plain","Partial Mode": "Finalize","Parallel Aware": false,"Async Capable": false,"Startup Cost": 33624.09,"Total Cost": 33624.10,"Plan Rows": 1,"Plan Width": 32,"Actual Startup Time": 81.302,"Actual Total Time": 96.739,"Actual Rows": 1,"Actual Loops": 1,"Plans": [{"Node Type": "Gather","Parent Relationship": "Outer","Parallel Aware": false,"Async Capable": false,"Startup Cost": 33623.86,"Total Cost": 33624.07,"Plan Rows": 2,"Plan Width": 32,"Actual Startup Time": 81.076,"Actual Total Time": 96.715,"Actual Rows": 3,"Actual Loops": 1,"Workers Planned": 2,"Workers Launched": 2,"Single Copy": false,"Plans": [{"Node Type": "Aggregate","Strategy": "Plain","Partial Mode": "Partial","Parent Relationship": "Outer","Parallel Aware": false,"Async Capable": false,"Startup Cost": 32623.86,"Total Cost": 32623.87,"Plan Rows": 1,"Plan Width": 32,"Actual Startup Time": 74.991,"Actual Total Time": 74.992,"Actual Rows": 1,"Actual Loops": 3,"Workers": [],"Plans": [{"Node Type": "Nested Loop","Parent Relationship": "Outer","Parallel Aware": false,"Async Capable": false,"Join Type": "Inner","Startup Cost": 0.43,"Total Cost": 32623.51,"Plan Rows": 47,"Plan Width": 12,"Actual Startup Time": 5.190,"Actual Total Time": 74.950,"Actual Rows": 40,"Actual Loops": 3,"Inner Unique": false,"Workers": [],"Plans": [{"Node Type": "Seq Scan","Parent Relationship": "Outer","Parallel Aware": true,"Async Capable": false,"Relation Name": "part","Alias": "part","Startup Cost": 0.00,"Total Cost": 7638.67,"Plan Rows": 203,"Plan Width": 30,"Actual Startup Time": 1.006,"Actual Total Time": 31.532,"Actual Rows": 163,"Actual Loops": 3,"Filter": "((p_size >= 1) AND (((p_brand = 'Brand#35'::bpchar) AND (p_container = ANY ('{\"SM CASE\",\"SM BOX\",\"SM PACK\",\"SM PKG\"}'::bpchar[])) AND (p_size <= 5)) OR ((p_brand = 'Brand#12'::bpchar) AND (p_container = ANY ('{\"MED BAG\",\"MED BOX\",\"MED PKG\",\"MED PACK\"}'::bpchar[])) AND (p_size <= 10)) OR ((p_brand = 'Brand#14'::bpchar) AND (p_container = ANY ('{\"LG CASE\",\"LG BOX\",\"LG PACK\",\"LG PKG\"}'::bpchar[])) AND (p_size <= 15))))","Rows Removed by Filter": 66503,"Workers": []},{"Node Type": "Index Scan","Parent Relationship": "Inner","Parallel Aware": false,"Async Capable": false,"Scan Direction": "Forward","Index Name": "idx_lineitem_part_supp","Relation Name": "lineitem","Alias": "lineitem","Startup Cost": 0.43,"Total Cost": 123.07,"Plan Rows": 1,"Plan Width": 21,"Actual Startup Time": 0.234,"Actual Total Time": 0.265,"Actual Rows": 0,"Actual Loops": 490,"Index Cond": "(l_partkey = part.p_partkey)","Rows Removed by Index Recheck": 0,"Filter": "((l_shipmode = ANY ('{AIR,\"AIR REG\"}'::bpchar[])) AND (l_shipinstruct = 'DELIVER IN PERSON'::bpchar) AND (((l_quantity >= '1'::numeric) AND (l_quantity <= '11'::numeric)) OR ((l_quantity >= '10'::numeric) AND (l_quantity <= '20'::numeric)) OR ((l_quantity >= '28'::numeric) AND (l_quantity <= '38'::numeric))) AND (((part.p_brand = 'Brand#35'::bpchar) AND (part.p_container = ANY ('{\"SM CASE\",\"SM BOX\",\"SM PACK\",\"SM PKG\"}'::bpchar[])) AND (l_quantity >= '1'::numeric) AND (l_quantity <= '11'::numeric) AND (part.p_size <= 5)) OR ((part.p_brand = 'Brand#12'::bpchar) AND (part.p_container = ANY ('{\"MED BAG\",\"MED BOX\",\"MED PKG\",\"MED PACK\"}'::bpchar[])) AND (l_quantity >= '10'::numeric) AND (l_quantity <= '20'::numeric) AND (part.p_size <= 10)) OR ((part.p_brand = 'Brand#14'::bpchar) AND (part.p_container = ANY ('{\"LG CASE\",\"LG BOX\",\"LG PACK\",\"LG PKG\"}'::bpchar[])) AND (l_quantity >= '28'::numeric) AND (l_quantity <= '38'::numeric) AND (part.p_size <= 15))))","Rows Removed by Filter": 30,"Workers": []}]}]}]}]},"Planning Time": 5.780,"Triggers": [],"Execution Time": 96.966}]
[{"Plan": {"Node Type": "Aggregate","Strategy": "Plain","Partial Mode": "Finalize","Parallel Aware": false,"Async Capable": false,"Startup Cost": 33509.55,"Total Cost": 33509.56,"Plan Rows": 1,"Plan Width": 32,"Actual Startup Time": 80.911,"Actual Total Time": 95.830,"Actual Rows": 1,"Actual Loops": 1,"Plans": [{"Node Type": "Gather","Parent Relationship": "Outer","Parallel Aware": false,"Async Capable": false,"Startup Cost": 33509.33,"Total Cost": 33509.54,"Plan Rows": 2,"Plan Width": 32,"Actual Startup Time": 80.798,"Actual Total Time": 95.803,"Actual Rows": 3,"Actual Loops": 1,"Workers Planned": 2,"Workers Launched": 2,"Single Copy": false,"Plans": [{"Node Type": "Aggregate","Strategy": "Plain","Partial Mode": "Partial","Parent Relationship": "Outer","Parallel Aware": false,"Async Capable": false,"Startup Cost": 32509.33,"Total Cost": 32509.34,"Plan Rows": 1,"Plan Width": 32,"Actual Startup Time": 74.654,"Actual Total Time": 74.656,"Actual Rows": 1,"Actual Loops": 3,"Workers": [],"Plans": [{"Node Type": "Nested Loop","Parent Relationship": "Outer","Parallel Aware": false,"Async Capable": false,"Join Type": "Inner","Startup Cost": 0.43,"Total Cost": 32508.97,"Plan Rows": 47,"Plan Width": 12,"Actual Startup Time": 3.445,"Actual Total Time": 74.609,"Actual Rows": 44,"Actual Loops": 3,"Inner Unique": false,"Workers": [],"Plans": [{"Node Type": "Seq Scan","Parent Relationship": "Outer","Parallel Aware": true,"Async Capable": false,"Relation Name": "part","Alias": "part","Startup Cost": 0.00,"Total Cost": 7638.67,"Plan Rows": 202,"Plan Width": 30,"Actual Startup Time": 0.206,"Actual Total Time": 31.184,"Actual Rows": 164,"Actual Loops": 3,"Filter": "((p_size >= 1) AND (((p_brand = 'Brand#14'::bpchar) AND (p_container = ANY ('{\"SM CASE\",\"SM BOX\",\"SM PACK\",\"SM PKG\"}'::bpchar[])) AND (p_size <= 5)) OR ((p_brand = 'Brand#32'::bpchar) AND (p_container = ANY ('{\"MED BAG\",\"MED BOX\",\"MED PKG\",\"MED PACK\"}'::bpchar[])) AND (p_size <= 10)) OR ((p_brand = 'Brand#21'::bpchar) AND (p_container = ANY ('{\"LG CASE\",\"LG BOX\",\"LG PACK\",\"LG PKG\"}'::bpchar[])) AND (p_size <= 15))))","Rows Removed by Filter": 66503,"Workers": []},{"Node Type": "Index Scan","Parent Relationship": "Inner","Parallel Aware": false,"Async Capable": false,"Scan Direction": "Forward","Index Name": "idx_lineitem_part_supp","Relation Name": "lineitem","Alias": "lineitem","Startup Cost": 0.43,"Total Cost": 123.11,"Plan Rows": 1,"Plan Width": 21,"Actual Startup Time": 0.233,"Actual Total Time": 0.265,"Actual Rows": 0,"Actual Loops": 491,"Index Cond": "(l_partkey = part.p_partkey)","Rows Removed by Index Recheck": 0,"Filter": "((l_shipmode = ANY ('{AIR,\"AIR REG\"}'::bpchar[])) AND (l_shipinstruct = 'DELIVER IN PERSON'::bpchar) AND (((l_quantity >= '8'::numeric) AND (l_quantity <= '18'::numeric)) OR ((l_quantity >= '16'::numeric) AND (l_quantity <= '26'::numeric)) OR ((l_quantity >= '23'::numeric) AND (l_quantity <= '33'::numeric))) AND (((part.p_brand = 'Brand#14'::bpchar) AND (part.p_container = ANY ('{\"SM CASE\",\"SM BOX\",\"SM PACK\",\"SM PKG\"}'::bpchar[])) AND (l_quantity >= '8'::numeric) AND (l_quantity <= '18'::numeric) AND (part.p_size <= 5)) OR ((part.p_brand = 'Brand#32'::bpchar) AND (part.p_container = ANY ('{\"MED BAG\",\"MED BOX\",\"MED PKG\",\"MED PACK\"}'::bpchar[])) AND (l_quantity >= '16'::numeric) AND (l_quantity <= '26'::numeric) AND (part.p_size <= 10)) OR ((part.p_brand = 'Brand#21'::bpchar) AND (part.p_container = ANY ('{\"LG CASE\",\"LG BOX\",\"LG PACK\",\"LG PKG\"}'::bpchar[])) AND (l_quantity >= '23'::numeric) AND (l_quantity <= '33'::numeric) AND (part.p_size <= 15))))","Rows Removed by Filter": 30,"Workers": []}]}]}]}]},"Planning Time": 4.564,"Triggers": [],"Execution Time": 96.031}]
[{"Plan": {"Node Type": "Aggregate","Strategy": "Plain","Partial Mode": "Finalize","Parallel Aware": false,"Async Capable": false,"Startup Cost": 33275.69,"Total Cost": 33275.70,"Plan Rows": 1,"Plan Width": 32,"Actual Startup Time": 84.349,"Actual Total Time": 99.566,"Actual Rows": 1,"Actual Loops": 1,"Plans": [{"Node Type": "Gather","Parent Relationship": "Outer","Parallel Aware": false,"Async Capable": false,"Startup Cost": 33275.47,"Total Cost": 33275.68,"Plan Rows": 2,"Plan Width": 32,"Actual Startup Time": 84.123,"Actual Total Time": 99.537,"Actual Rows": 3,"Actual Loops": 1,"Workers Planned": 2,"Workers Launched": 2,"Single Copy": false,"Plans": [{"Node Type": "Aggregate","Strategy": "Plain","Partial Mode": "Partial","Parent Relationship": "Outer","Parallel Aware": false,"Async Capable": false,"Startup Cost": 32275.47,"Total Cost": 32275.48,"Plan Rows": 1,"Plan Width": 32,"Actual Startup Time": 77.640,"Actual Total Time": 77.642,"Actual Rows": 1,"Actual Loops": 3,"Workers": [],"Plans": [{"Node Type": "Nested Loop","Parent Relationship": "Outer","Parallel Aware": false,"Async Capable": false,"Join Type": "Inner","Startup Cost": 0.43,"Total Cost": 32275.11,"Plan Rows": 47,"Plan Width": 12,"Actual Startup Time": 0.949,"Actual Total Time": 77.599,"Actual Rows": 42,"Actual Loops": 3,"Inner Unique": false,"Workers": [],"Plans": [{"Node Type": "Seq Scan","Parent Relationship": "Outer","Parallel Aware": true,"Async Capable": false,"Relation Name": "part","Alias": "part","Startup Cost": 0.00,"Total Cost": 7638.67,"Plan Rows": 200,"Plan Width": 30,"Actual Startup Time": 0.297,"Actual Total Time": 34.507,"Actual Rows": 158,"Actual Loops": 3,"Filter": "((p_size >= 1) AND (((p_brand = 'Brand#41'::bpchar) AND (p_container = ANY ('{\"SM CASE\",\"SM BOX\",\"SM PACK\",\"SM PKG\"}'::bpchar[])) AND (p_size <= 5)) OR ((p_brand = 'Brand#31'::bpchar) AND (p_container = ANY ('{\"MED BAG\",\"MED BOX\",\"MED PKG\",\"MED PACK\"}'::bpchar[])) AND (p_size <= 10)) OR ((p_brand = 'Brand#25'::bpchar) AND (p_container = ANY ('{\"LG CASE\",\"LG BOX\",\"LG PACK\",\"LG PKG\"}'::bpchar[])) AND (p_size <= 15))))","Rows Removed by Filter": 66508,"Workers": []},{"Node Type": "Index Scan","Parent Relationship": "Inner","Parallel Aware": false,"Async Capable": false,"Scan Direction": "Forward","Index Name": "idx_lineitem_part_supp","Relation Name": "lineitem","Alias": "lineitem","Startup Cost": 0.43,"Total Cost": 123.17,"Plan Rows": 1,"Plan Width": 21,"Actual Startup Time": 0.239,"Actual Total Time": 0.272,"Actual Rows": 0,"Actual Loops": 475,"Index Cond": "(l_partkey = part.p_partkey)","Rows Removed by Index Recheck": 0,"Filter": "((l_shipmode = ANY ('{AIR,\"AIR REG\"}'::bpchar[])) AND (l_shipinstruct = 'DELIVER IN PERSON'::bpchar) AND (((l_quantity >= '8'::numeric) AND (l_quantity <= '18'::numeric)) OR ((l_quantity >= '16'::numeric) AND (l_quantity <= '26'::numeric)) OR ((l_quantity >= '24'::numeric) AND (l_quantity <= '34'::numeric))) AND (((part.p_brand = 'Brand#41'::bpchar) AND (part.p_container = ANY ('{\"SM CASE\",\"SM BOX\",\"SM PACK\",\"SM PKG\"}'::bpchar[])) AND (l_quantity >= '8'::numeric) AND (l_quantity <= '18'::numeric) AND (part.p_size <= 5)) OR ((part.p_brand = 'Brand#31'::bpchar) AND (part.p_container = ANY ('{\"MED BAG\",\"MED BOX\",\"MED PKG\",\"MED PACK\"}'::bpchar[])) AND (l_quantity >= '16'::numeric) AND (l_quantity <= '26'::numeric) AND (part.p_size <= 10)) OR ((part.p_brand = 'Brand#25'::bpchar) AND (part.p_container = ANY ('{\"LG CASE\",\"LG BOX\",\"LG PACK\",\"LG PKG\"}'::bpchar[])) AND (l_quantity >= '24'::numeric) AND (l_quantity <= '34'::numeric) AND (part.p_size <= 15))))","Rows Removed by Filter": 29,"Workers": []}]}]}]}]},"Planning Time": 5.585,"Triggers": [],"Execution Time": 99.745}]
[{"Plan": {"Node Type": "Aggregate","Strategy": "Plain","Partial Mode": "Finalize","Parallel Aware": false,"Async Capable": false,"Startup Cost": 33741.27,"Total Cost": 33741.28,"Plan Rows": 1,"Plan Width": 32,"Actual Startup Time": 83.955,"Actual Total Time": 98.122,"Actual Rows": 1,"Actual Loops": 1,"Plans": [{"Node Type": "Gather","Parent Relationship": "Outer","Parallel Aware": false,"Async Capable": false,"Startup Cost": 33741.04,"Total Cost": 33741.25,"Plan Rows": 2,"Plan Width": 32,"Actual Startup Time": 83.778,"Actual Total Time": 98.101,"Actual Rows": 3,"Actual Loops": 1,"Workers Planned": 2,"Workers Launched": 2,"Single Copy": false,"Plans": [{"Node Type": "Aggregate","Strategy": "Plain","Partial Mode": "Partial","Parent Relationship": "Outer","Parallel Aware": false,"Async Capable": false,"Startup Cost": 32741.04,"Total Cost": 32741.05,"Plan Rows": 1,"Plan Width": 32,"Actual Startup Time": 76.906,"Actual Total Time": 76.908,"Actual Rows": 1,"Actual Loops": 3,"Workers": [],"Plans": [{"Node Type": "Nested Loop","Parent Relationship": "Outer","Parallel Aware": false,"Async Capable": false,"Join Type": "Inner","Startup Cost": 0.43,"Total Cost": 32740.68,"Plan Rows": 48,"Plan Width": 12,"Actual Startup Time": 4.416,"Actual Total Time": 76.855,"Actual Rows": 45,"Actual Loops": 3,"Inner Unique": false,"Workers": [],"Plans": [{"Node Type": "Seq Scan","Parent Relationship": "Outer","Parallel Aware": true,"Async Capable": false,"Relation Name": "part","Alias": "part","Startup Cost": 0.00,"Total Cost": 7638.67,"Plan Rows": 204,"Plan Width": 30,"Actual Startup Time": 0.654,"Actual Total Time": 31.943,"Actual Rows": 164,"Actual Loops": 3,"Filter": "((p_size >= 1) AND (((p_brand = 'Brand#13'::bpchar) AND (p_container = ANY ('{\"SM CASE\",\"SM BOX\",\"SM PACK\",\"SM PKG\"}'::bpchar[])) AND (p_size <= 5)) OR ((p_brand = 'Brand#12'::bpchar) AND (p_container = ANY ('{\"MED BAG\",\"MED BOX\",\"MED PKG\",\"MED PACK\"}'::bpchar[])) AND (p_size <= 10)) OR ((p_brand = 'Brand#21'::bpchar) AND (p_container = ANY ('{\"LG CASE\",\"LG BOX\",\"LG PACK\",\"LG PKG\"}'::bpchar[])) AND (p_size <= 15))))","Rows Removed by Filter": 66503,"Workers": []},{"Node Type": "Index Scan","Parent Relationship": "Inner","Parallel Aware": false,"Async Capable": false,"Scan Direction": "Forward","Index Name": "idx_lineitem_part_supp","Relation Name": "lineitem","Alias": "lineitem","Startup Cost": 0.43,"Total Cost": 123.04,"Plan Rows": 1,"Plan Width": 21,"Actual Startup Time": 0.243,"Actual Total Time": 0.273,"Actual Rows": 0,"Actual Loops": 492,"Index Cond": "(l_partkey = part.p_partkey)","Rows Removed by Index Recheck": 0,"Filter": "((l_shipmode = ANY ('{AIR,\"AIR REG\"}'::bpchar[])) AND (l_shipinstruct = 'DELIVER IN PERSON'::bpchar) AND (((l_quantity >= '4'::numeric) AND (l_quantity <= '14'::numeric)) OR ((l_quantity >= '19'::numeric) AND (l_quantity <= '29'::numeric)) OR ((l_quantity >= '22'::numeric) AND (l_quantity <= '32'::numeric))) AND (((part.p_brand = 'Brand#13'::bpchar) AND (part.p_container = ANY ('{\"SM CASE\",\"SM BOX\",\"SM PACK\",\"SM PKG\"}'::bpchar[])) AND (l_quantity >= '4'::numeric) AND (l_quantity <= '14'::numeric) AND (part.p_size <= 5)) OR ((part.p_brand = 'Brand#12'::bpchar) AND (part.p_container = ANY ('{\"MED BAG\",\"MED BOX\",\"MED PKG\",\"MED PACK\"}'::bpchar[])) AND (l_quantity >= '19'::numeric) AND (l_quantity <= '29'::numeric) AND (part.p_size <= 10)) OR ((part.p_brand = 'Brand#21'::bpchar) AND (part.p_container = ANY ('{\"LG CASE\",\"LG BOX\",\"LG PACK\",\"LG PKG\"}'::bpchar[])) AND (l_quantity >= '22'::numeric) AND (l_quantity <= '32'::numeric) AND (part.p_size <= 15))))","Rows Removed by Filter": 30,"Workers": []}]}]}]}]},"Planning Time": 5.420,"Triggers": [],"Execution Time": 98.274}]
[{"Plan": {"Node Type": "Aggregate","Strategy": "Plain","Partial Mode": "Finalize","Parallel Aware": false,"Async Capable": false,"Startup Cost": 33742.03,"Total Cost": 33742.04,"Plan Rows": 1,"Plan Width": 32,"Actual Startup Time": 85.393,"Actual Total Time": 101.186,"Actual Rows": 1,"Actual Loops": 1,"Plans": [{"Node Type": "Gather","Parent Relationship": "Outer","Parallel Aware": false,"Async Capable": false,"Startup Cost": 33741.80,"Total Cost": 33742.01,"Plan Rows": 2,"Plan Width": 32,"Actual Startup Time": 85.195,"Actual Total Time": 101.162,"Actual Rows": 3,"Actual Loops": 1,"Workers Planned": 2,"Workers Launched": 2,"Single Copy": false,"Plans": [{"Node Type": "Aggregate","Strategy": "Plain","Partial Mode": "Partial","Parent Relationship": "Outer","Parallel Aware": false,"Async Capable": false,"Startup Cost": 32741.80,"Total Cost": 32741.81,"Plan Rows": 1,"Plan Width": 32,"Actual Startup Time": 78.970,"Actual Total Time": 78.973,"Actual Rows": 1,"Actual Loops": 3,"Workers": [],"Plans": [{"Node Type": "Nested Loop","Parent Relationship": "Outer","Parallel Aware": false,"Async Capable": false,"Join Type": "Inner","Startup Cost": 0.43,"Total Cost": 32741.44,"Plan Rows": 48,"Plan Width": 12,"Actual Startup Time": 3.035,"Actual Total Time": 78.929,"Actual Rows": 45,"Actual Loops": 3,"Inner Unique": false,"Workers": [],"Plans": [{"Node Type": "Seq Scan","Parent Relationship": "Outer","Parallel Aware": true,"Async Capable": false,"Relation Name": "part","Alias": "part","Startup Cost": 0.00,"Total Cost": 7638.67,"Plan Rows": 204,"Plan Width": 30,"Actual Startup Time": 1.008,"Actual Total Time": 34.827,"Actual Rows": 160,"Actual Loops": 3,"Filter": "((p_size >= 1) AND (((p_brand = 'Brand#55'::bpchar) AND (p_container = ANY ('{\"SM CASE\",\"SM BOX\",\"SM PACK\",\"SM PKG\"}'::bpchar[])) AND (p_size <= 5)) OR ((p_brand = 'Brand#43'::bpchar) AND (p_container = ANY ('{\"MED BAG\",\"MED BOX\",\"MED PKG\",\"MED PACK\"}'::bpchar[])) AND (p_size <= 10)) OR ((p_brand = 'Brand#21'::bpchar) AND (p_container = ANY ('{\"LG CASE\",\"LG BOX\",\"LG PACK\",\"LG PKG\"}'::bpchar[])) AND (p_size <= 15))))","Rows Removed by Filter": 66507,"Workers": []},{"Node Type": "Index Scan","Parent Relationship": "Inner","Parallel Aware": false,"Async Capable": false,"Scan Direction": "Forward","Index Name": "idx_lineitem_part_supp","Relation Name": "lineitem","Alias": "lineitem","Startup Cost": 0.43,"Total Cost": 123.04,"Plan Rows": 1,"Plan Width": 21,"Actual Startup Time": 0.240,"Actual Total Time": 0.276,"Actual Rows": 0,"Actual Loops": 479,"Index Cond": "(l_partkey = part.p_partkey)","Rows Removed by Index Recheck": 0,"Filter": "((l_shipmode = ANY ('{AIR,\"AIR REG\"}'::bpchar[])) AND (l_shipinstruct = 'DELIVER IN PERSON'::bpchar) AND (((l_quantity >= '9'::numeric) AND (l_quantity <= '19'::numeric)) OR ((l_quantity >= '13'::numeric) AND (l_quantity <= '23'::numeric)) OR ((l_quantity >= '29'::numeric) AND (l_quantity <= '39'::numeric))) AND (((part.p_brand = 'Brand#55'::bpchar) AND (part.p_container = ANY ('{\"SM CASE\",\"SM BOX\",\"SM PACK\",\"SM PKG\"}'::bpchar[])) AND (l_quantity >= '9'::numeric) AND (l_quantity <= '19'::numeric) AND (part.p_size <= 5)) OR ((part.p_brand = 'Brand#43'::bpchar) AND (part.p_container = ANY ('{\"MED BAG\",\"MED BOX\",\"MED PKG\",\"MED PACK\"}'::bpchar[])) AND (l_quantity >= '13'::numeric) AND (l_quantity <= '23'::numeric) AND (part.p_size <= 10)) OR ((part.p_brand = 'Brand#21'::bpchar) AND (part.p_container = ANY ('{\"LG CASE\",\"LG BOX\",\"LG PACK\",\"LG PKG\"}'::bpchar[])) AND (l_quantity >= '29'::numeric) AND (l_quantity <= '39'::numeric) AND (part.p_size <= 15))))","Rows Removed by Filter": 30,"Workers": []}]}]}]}]},"Planning Time": 5.264,"Triggers": [],"Execution Time": 101.363}]
[{"Plan": {"Node Type": "Aggregate","Strategy": "Plain","Partial Mode": "Finalize","Parallel Aware": false,"Async Capable": false,"Startup Cost": 33278.43,"Total Cost": 33278.44,"Plan Rows": 1,"Plan Width": 32,"Actual Startup Time": 79.971,"Actual Total Time": 94.222,"Actual Rows": 1,"Actual Loops": 1,"Plans": [{"Node Type": "Gather","Parent Relationship": "Outer","Parallel Aware": false,"Async Capable": false,"Startup Cost": 33278.21,"Total Cost": 33278.42,"Plan Rows": 2,"Plan Width": 32,"Actual Startup Time": 79.733,"Actual Total Time": 94.205,"Actual Rows": 3,"Actual Loops": 1,"Workers Planned": 2,"Workers Launched": 2,"Single Copy": false,"Plans": [{"Node Type": "Aggregate","Strategy": "Plain","Partial Mode": "Partial","Parent Relationship": "Outer","Parallel Aware": false,"Async Capable": false,"Startup Cost": 32278.21,"Total Cost": 32278.22,"Plan Rows": 1,"Plan Width": 32,"Actual Startup Time": 73.368,"Actual Total Time": 73.369,"Actual Rows": 1,"Actual Loops": 3,"Workers": [],"Plans": [{"Node Type": "Nested Loop","Parent Relationship": "Outer","Parallel Aware": false,"Async Capable": false,"Join Type": "Inner","Startup Cost": 0.43,"Total Cost": 32277.86,"Plan Rows": 46,"Plan Width": 12,"Actual Startup Time": 4.711,"Actual Total Time": 73.315,"Actual Rows": 48,"Actual Loops": 3,"Inner Unique": false,"Workers": [],"Plans": [{"Node Type": "Seq Scan","Parent Relationship": "Outer","Parallel Aware": true,"Async Capable": false,"Relation Name": "part","Alias": "part","Startup Cost": 0.00,"Total Cost": 7638.67,"Plan Rows": 200,"Plan Width": 30,"Actual Startup Time": 0.559,"Actual Total Time": 31.561,"Actual Rows": 155,"Actual Loops": 3,"Filter": "((p_size >= 1) AND (((p_brand = 'Brand#23'::bpchar) AND (p_container = ANY ('{\"SM CASE\",\"SM BOX\",\"SM PACK\",\"SM PKG\"}'::bpchar[])) AND (p_size <= 5)) OR ((p_brand = 'Brand#25'::bpchar) AND (p_container = ANY ('{\"MED BAG\",\"MED BOX\",\"MED PKG\",\"MED PACK\"}'::bpchar[])) AND (p_size <= 10)) OR ((p_brand = 'Brand#14'::bpchar) AND (p_container = ANY ('{\"LG CASE\",\"LG BOX\",\"LG PACK\",\"LG PKG\"}'::bpchar[])) AND (p_size <= 15))))","Rows Removed by Filter": 66512,"Workers": []},{"Node Type": "Index Scan","Parent Relationship": "Inner","Parallel Aware": false,"Async Capable": false,"Scan Direction": "Forward","Index Name": "idx_lineitem_part_supp","Relation Name": "lineitem","Alias": "lineitem","Startup Cost": 0.43,"Total Cost": 123.19,"Plan Rows": 1,"Plan Width": 21,"Actual Startup Time": 0.230,"Actual Total Time": 0.269,"Actual Rows": 0,"Actual Loops": 464,"Index Cond": "(l_partkey = part.p_partkey)","Rows Removed by Index Recheck": 0,"Filter": "((l_shipmode = ANY ('{AIR,\"AIR REG\"}'::bpchar[])) AND (l_shipinstruct = 'DELIVER IN PERSON'::bpchar) AND (((l_quantity >= '9'::numeric) AND (l_quantity <= '19'::numeric)) OR ((l_quantity >= '18'::numeric) AND (l_quantity <= '28'::numeric)) OR ((l_quantity >= '20'::numeric) AND (l_quantity <= '30'::numeric))) AND (((part.p_brand = 'Brand#23'::bpchar) AND (part.p_container = ANY ('{\"SM CASE\",\"SM BOX\",\"SM PACK\",\"SM PKG\"}'::bpchar[])) AND (l_quantity >= '9'::numeric) AND (l_quantity <= '19'::numeric) AND (part.p_size <= 5)) OR ((part.p_brand = 'Brand#25'::bpchar) AND (part.p_container = ANY ('{\"MED BAG\",\"MED BOX\",\"MED PKG\",\"MED PACK\"}'::bpchar[])) AND (l_quantity >= '18'::numeric) AND (l_quantity <= '28'::numeric) AND (part.p_size <= 10)) OR ((part.p_brand = 'Brand#14'::bpchar) AND (part.p_container = ANY ('{\"LG CASE\",\"LG BOX\",\"LG PACK\",\"LG PKG\"}'::bpchar[])) AND (l_quantity >= '20'::numeric) AND (l_quantity <= '30'::numeric) AND (part.p_size <= 15))))","Rows Removed by Filter": 30,"Workers": []}]}]}]}]},"Planning Time": 7.270,"Triggers": [],"Execution Time": 94.369}]
[{"Plan": {"Node Type": "Aggregate","Strategy": "Plain","Partial Mode": "Finalize","Parallel Aware": false,"Async Capable": false,"Startup Cost": 33853.54,"Total Cost": 33853.55,"Plan Rows": 1,"Plan Width": 32,"Actual Startup Time": 80.941,"Actual Total Time": 96.066,"Actual Rows": 1,"Actual Loops": 1,"Plans": [{"Node Type": "Gather","Parent Relationship": "Outer","Parallel Aware": false,"Async Capable": false,"Startup Cost": 33853.32,"Total Cost": 33853.53,"Plan Rows": 2,"Plan Width": 32,"Actual Startup Time": 80.689,"Actual Total Time": 96.037,"Actual Rows": 3,"Actual Loops": 1,"Workers Planned": 2,"Workers Launched": 2,"Single Copy": false,"Plans": [{"Node Type": "Aggregate","Strategy": "Plain","Partial Mode": "Partial","Parent Relationship": "Outer","Parallel Aware": false,"Async Capable": false,"Startup Cost": 32853.32,"Total Cost": 32853.33,"Plan Rows": 1,"Plan Width": 32,"Actual Startup Time": 74.198,"Actual Total Time": 74.202,"Actual Rows": 1,"Actual Loops": 3,"Workers": [],"Plans": [{"Node Type": "Nested Loop","Parent Relationship": "Outer","Parallel Aware": false,"Async Capable": false,"Join Type": "Inner","Startup Cost": 0.43,"Total Cost": 32852.96,"Plan Rows": 48,"Plan Width": 12,"Actual Startup Time": 6.987,"Actual Total Time": 74.154,"Actual Rows": 41,"Actual Loops": 3,"Inner Unique": false,"Workers": [],"Plans": [{"Node Type": "Seq Scan","Parent Relationship": "Outer","Parallel Aware": true,"Async Capable": false,"Relation Name": "part","Alias": "part","Startup Cost": 0.00,"Total Cost": 7638.67,"Plan Rows": 205,"Plan Width": 30,"Actual Startup Time": 0.556,"Actual Total Time": 31.591,"Actual Rows": 167,"Actual Loops": 3,"Filter": "((p_size >= 1) AND (((p_brand = 'Brand#55'::bpchar) AND (p_container = ANY ('{\"SM CASE\",\"SM BOX\",\"SM PACK\",\"SM PKG\"}'::bpchar[])) AND (p_size <= 5)) OR ((p_brand = 'Brand#24'::bpchar) AND (p_container = ANY ('{\"MED BAG\",\"MED BOX\",\"MED PKG\",\"MED PACK\"}'::bpchar[])) AND (p_size <= 10)) OR ((p_brand = 'Brand#31'::bpchar) AND (p_container = ANY ('{\"LG CASE\",\"LG BOX\",\"LG PACK\",\"LG PKG\"}'::bpchar[])) AND (p_size <= 15))))","Rows Removed by Filter": 66499,"Workers": []},{"Node Type": "Index Scan","Parent Relationship": "Inner","Parallel Aware": false,"Async Capable": false,"Scan Direction": "Forward","Index Name": "idx_lineitem_part_supp","Relation Name": "lineitem","Alias": "lineitem","Startup Cost": 0.43,"Total Cost": 122.99,"Plan Rows": 1,"Plan Width": 21,"Actual Startup Time": 0.228,"Actual Total Time": 0.254,"Actual Rows": 0,"Actual Loops": 502,"Index Cond": "(l_partkey = part.p_partkey)","Rows Removed by Index Recheck": 0,"Filter": "((l_shipmode = ANY ('{AIR,\"AIR REG\"}'::bpchar[])) AND (l_shipinstruct = 'DELIVER IN PERSON'::bpchar) AND (((l_quantity >= '3'::numeric) AND (l_quantity <= '13'::numeric)) OR ((l_quantity >= '17'::numeric) AND (l_quantity <= '27'::numeric)) OR ((l_quantity >= '30'::numeric) AND (l_quantity <= '40'::numeric))) AND (((part.p_brand = 'Brand#55'::bpchar) AND (part.p_container = ANY ('{\"SM CASE\",\"SM BOX\",\"SM PACK\",\"SM PKG\"}'::bpchar[])) AND (l_quantity >= '3'::numeric) AND (l_quantity <= '13'::numeric) AND (part.p_size <= 5)) OR ((part.p_brand = 'Brand#24'::bpchar) AND (part.p_container = ANY ('{\"MED BAG\",\"MED BOX\",\"MED PKG\",\"MED PACK\"}'::bpchar[])) AND (l_quantity >= '17'::numeric) AND (l_quantity <= '27'::numeric) AND (part.p_size <= 10)) OR ((part.p_brand = 'Brand#31'::bpchar) AND (part.p_container = ANY ('{\"LG CASE\",\"LG BOX\",\"LG PACK\",\"LG PKG\"}'::bpchar[])) AND (l_quantity >= '30'::numeric) AND (l_quantity <= '40'::numeric) AND (part.p_size <= 15))))","Rows Removed by Filter": 30,"Workers": []}]}]}]}]},"Planning Time": 7.010,"Triggers": [],"Execution Time": 96.249}]
[{"Plan": {"Node Type": "Aggregate","Strategy": "Plain","Partial Mode": "Finalize","Parallel Aware": false,"Async Capable": false,"Startup Cost": 33161.87,"Total Cost": 33161.88,"Plan Rows": 1,"Plan Width": 32,"Actual Startup Time": 89.179,"Actual Total Time": 104.669,"Actual Rows": 1,"Actual Loops": 1,"Plans": [{"Node Type": "Gather","Parent Relationship": "Outer","Parallel Aware": false,"Async Capable": false,"Startup Cost": 33161.64,"Total Cost": 33161.85,"Plan Rows": 2,"Plan Width": 32,"Actual Startup Time": 88.997,"Actual Total Time": 104.644,"Actual Rows": 3,"Actual Loops": 1,"Workers Planned": 2,"Workers Launched": 2,"Single Copy": false,"Plans": [{"Node Type": "Aggregate","Strategy": "Plain","Partial Mode": "Partial","Parent Relationship": "Outer","Parallel Aware": false,"Async Capable": false,"Startup Cost": 32161.64,"Total Cost": 32161.65,"Plan Rows": 1,"Plan Width": 32,"Actual Startup Time": 82.144,"Actual Total Time": 82.147,"Actual Rows": 1,"Actual Loops": 3,"Workers": [],"Plans": [{"Node Type": "Nested Loop","Parent Relationship": "Outer","Parallel Aware": false,"Async Capable": false,"Join Type": "Inner","Startup Cost": 0.43,"Total Cost": 32161.30,"Plan Rows": 46,"Plan Width": 12,"Actual Startup Time": 5.586,"Actual Total Time": 82.105,"Actual Rows": 36,"Actual Loops": 3,"Inner Unique": false,"Workers": [],"Plans": [{"Node Type": "Seq Scan","Parent Relationship": "Outer","Parallel Aware": true,"Async Capable": false,"Relation Name": "part","Alias": "part","Startup Cost": 0.00,"Total Cost": 7638.67,"Plan Rows": 199,"Plan Width": 30,"Actual Startup Time": 0.237,"Actual Total Time": 34.887,"Actual Rows": 171,"Actual Loops": 3,"Filter": "((p_size >= 1) AND (((p_brand = 'Brand#34'::bpchar) AND (p_container = ANY ('{\"SM CASE\",\"SM BOX\",\"SM PACK\",\"SM PKG\"}'::bpchar[])) AND (p_size <= 5)) OR ((p_brand = 'Brand#32'::bpchar) AND (p_container = ANY ('{\"MED BAG\",\"MED BOX\",\"MED PKG\",\"MED PACK\"}'::bpchar[])) AND (p_size <= 10)) OR ((p_brand = 'Brand#53'::bpchar) AND (p_container = ANY ('{\"LG CASE\",\"LG BOX\",\"LG PACK\",\"LG PKG\"}'::bpchar[])) AND (p_size <= 15))))","Rows Removed by Filter": 66496,"Workers": []},{"Node Type": "Index Scan","Parent Relationship": "Inner","Parallel Aware": false,"Async Capable": false,"Scan Direction": "Forward","Index Name": "idx_lineitem_part_supp","Relation Name": "lineitem","Alias": "lineitem","Startup Cost": 0.43,"Total Cost": 123.22,"Plan Rows": 1,"Plan Width": 21,"Actual Startup Time": 0.253,"Actual Total Time": 0.276,"Actual Rows": 0,"Actual Loops": 512,"Index Cond": "(l_partkey = part.p_partkey)","Rows Removed by Index Recheck": 0,"Filter": "((l_shipmode = ANY ('{AIR,\"AIR REG\"}'::bpchar[])) AND (l_shipinstruct = 'DELIVER IN PERSON'::bpchar) AND (((l_quantity >= '3'::numeric) AND (l_quantity <= '13'::numeric)) OR ((l_quantity >= '13'::numeric) AND (l_quantity <= '23'::numeric)) OR ((l_quantity >= '29'::numeric) AND (l_quantity <= '39'::numeric))) AND (((part.p_brand = 'Brand#34'::bpchar) AND (part.p_container = ANY ('{\"SM CASE\",\"SM BOX\",\"SM PACK\",\"SM PKG\"}'::bpchar[])) AND (l_quantity >= '3'::numeric) AND (l_quantity <= '13'::numeric) AND (part.p_size <= 5)) OR ((part.p_brand = 'Brand#32'::bpchar) AND (part.p_container = ANY ('{\"MED BAG\",\"MED BOX\",\"MED PKG\",\"MED PACK\"}'::bpchar[])) AND (l_quantity >= '13'::numeric) AND (l_quantity <= '23'::numeric) AND (part.p_size <= 10)) OR ((part.p_brand = 'Brand#53'::bpchar) AND (part.p_container = ANY ('{\"LG CASE\",\"LG BOX\",\"LG PACK\",\"LG PKG\"}'::bpchar[])) AND (l_quantity >= '29'::numeric) AND (l_quantity <= '39'::numeric) AND (part.p_size <= 15))))","Rows Removed by Filter": 30,"Workers": []}]}]}]}]},"Planning Time": 5.823,"Triggers": [],"Execution Time": 104.839}]
[{"Plan": {"Node Type": "Aggregate","Strategy": "Plain","Partial Mode": "Finalize","Parallel Aware": false,"Async Capable": false,"Startup Cost": 33395.66,"Total Cost": 33395.67,"Plan Rows": 1,"Plan Width": 32,"Actual Startup Time": 80.468,"Actual Total Time": 94.694,"Actual Rows": 1,"Actual Loops": 1,"Plans": [{"Node Type": "Gather","Parent Relationship": "Outer","Parallel Aware": false,"Async Capable": false,"Startup Cost": 33395.43,"Total Cost": 33395.64,"Plan Rows": 2,"Plan Width": 32,"Actual Startup Time": 80.397,"Actual Total Time": 94.641,"Actual Rows": 3,"Actual Loops": 1,"Workers Planned": 2,"Workers Launched": 2,"Single Copy": false,"Plans": [{"Node Type": "Aggregate","Strategy": "Plain","Partial Mode": "Partial","Parent Relationship": "Outer","Parallel Aware": false,"Async Capable": false,"Startup Cost": 32395.43,"Total Cost": 32395.44,"Plan Rows": 1,"Plan Width": 32,"Actual Startup Time": 73.939,"Actual Total Time": 73.941,"Actual Rows": 1,"Actual Loops": 3,"Workers": [],"Plans": [{"Node Type": "Nested Loop","Parent Relationship": "Outer","Parallel Aware": false,"Async Capable": false,"Join Type": "Inner","Startup Cost": 0.43,"Total Cost": 32395.08,"Plan Rows": 47,"Plan Width": 12,"Actual Startup Time": 3.748,"Actual Total Time": 73.896,"Actual Rows": 39,"Actual Loops": 3,"Inner Unique": false,"Workers": [],"Plans": [{"Node Type": "Seq Scan","Parent Relationship": "Outer","Parallel Aware": true,"Async Capable": false,"Relation Name": "part","Alias": "part","Startup Cost": 0.00,"Total Cost": 7638.67,"Plan Rows": 201,"Plan Width": 30,"Actual Startup Time": 0.607,"Actual Total Time": 32.110,"Actual Rows": 155,"Actual Loops": 3,"Filter": "((p_size >= 1) AND (((p_brand = 'Brand#22'::bpchar) AND (p_container = ANY ('{\"SM CASE\",\"SM BOX\",\"SM PACK\",\"SM PKG\"}'::bpchar[])) AND (p_size <= 5)) OR ((p_brand = 'Brand#34'::bpchar) AND (p_container = ANY ('{\"MED BAG\",\"MED BOX\",\"MED PKG\",\"MED PACK\"}'::bpchar[])) AND (p_size <= 10)) OR ((p_brand = 'Brand#54'::bpchar) AND (p_container = ANY ('{\"LG CASE\",\"LG BOX\",\"LG PACK\",\"LG PKG\"}'::bpchar[])) AND (p_size <= 15))))","Rows Removed by Filter": 66511,"Workers": []},{"Node Type": "Index Scan","Parent Relationship": "Inner","Parallel Aware": false,"Async Capable": false,"Scan Direction": "Forward","Index Name": "idx_lineitem_part_supp","Relation Name": "lineitem","Alias": "lineitem","Startup Cost": 0.43,"Total Cost": 123.16,"Plan Rows": 1,"Plan Width": 21,"Actual Startup Time": 0.241,"Actual Total Time": 0.269,"Actual Rows": 0,"Actual Loops": 466,"Index Cond": "(l_partkey = part.p_partkey)","Rows Removed by Index Recheck": 0,"Filter": "((l_shipmode = ANY ('{AIR,\"AIR REG\"}'::bpchar[])) AND (l_shipinstruct = 'DELIVER IN PERSON'::bpchar) AND (((l_quantity >= '7'::numeric) AND (l_quantity <= '17'::numeric)) OR ((l_quantity >= '14'::numeric) AND (l_quantity <= '24'::numeric)) OR ((l_quantity >= '29'::numeric) AND (l_quantity <= '39'::numeric))) AND (((part.p_brand = 'Brand#22'::bpchar) AND (part.p_container = ANY ('{\"SM CASE\",\"SM BOX\",\"SM PACK\",\"SM PKG\"}'::bpchar[])) AND (l_quantity >= '7'::numeric) AND (l_quantity <= '17'::numeric) AND (part.p_size <= 5)) OR ((part.p_brand = 'Brand#34'::bpchar) AND (part.p_container = ANY ('{\"MED BAG\",\"MED BOX\",\"MED PKG\",\"MED PACK\"}'::bpchar[])) AND (l_quantity >= '14'::numeric) AND (l_quantity <= '24'::numeric) AND (part.p_size <= 10)) OR ((part.p_brand = 'Brand#54'::bpchar) AND (part.p_container = ANY ('{\"LG CASE\",\"LG BOX\",\"LG PACK\",\"LG PKG\"}'::bpchar[])) AND (l_quantity >= '29'::numeric) AND (l_quantity <= '39'::numeric) AND (part.p_size <= 15))))","Rows Removed by Filter": 30,"Workers": []}]}]}]}]},"Planning Time": 5.883,"Triggers": [],"Execution Time": 94.862}]
[{"Plan": {"Node Type": "Aggregate","Strategy": "Plain","Partial Mode": "Finalize","Parallel Aware": false,"Async Capable": false,"Startup Cost": 32929.35,"Total Cost": 32929.36,"Plan Rows": 1,"Plan Width": 32,"Actual Startup Time": 79.494,"Actual Total Time": 93.621,"Actual Rows": 1,"Actual Loops": 1,"Plans": [{"Node Type": "Gather","Parent Relationship": "Outer","Parallel Aware": false,"Async Capable": false,"Startup Cost": 32929.13,"Total Cost": 32929.34,"Plan Rows": 2,"Plan Width": 32,"Actual Startup Time": 78.963,"Actual Total Time": 93.583,"Actual Rows": 3,"Actual Loops": 1,"Workers Planned": 2,"Workers Launched": 2,"Single Copy": false,"Plans": [{"Node Type": "Aggregate","Strategy": "Plain","Partial Mode": "Partial","Parent Relationship": "Outer","Parallel Aware": false,"Async Capable": false,"Startup Cost": 31929.13,"Total Cost": 31929.14,"Plan Rows": 1,"Plan Width": 32,"Actual Startup Time": 72.759,"Actual Total Time": 72.762,"Actual Rows": 1,"Actual Loops": 3,"Workers": [],"Plans": [{"Node Type": "Nested Loop","Parent Relationship": "Outer","Parallel Aware": false,"Async Capable": false,"Join Type": "Inner","Startup Cost": 0.43,"Total Cost": 31928.78,"Plan Rows": 46,"Plan Width": 12,"Actual Startup Time": 4.347,"Actual Total Time": 72.714,"Actual Rows": 40,"Actual Loops": 3,"Inner Unique": false,"Workers": [],"Plans": [{"Node Type": "Seq Scan","Parent Relationship": "Outer","Parallel Aware": true,"Async Capable": false,"Relation Name": "part","Alias": "part","Startup Cost": 0.00,"Total Cost": 7638.67,"Plan Rows": 197,"Plan Width": 30,"Actual Startup Time": 0.381,"Actual Total Time": 30.958,"Actual Rows": 157,"Actual Loops": 3,"Filter": "((p_size >= 1) AND (((p_brand = 'Brand#44'::bpchar) AND (p_container = ANY ('{\"SM CASE\",\"SM BOX\",\"SM PACK\",\"SM PKG\"}'::bpchar[])) AND (p_size <= 5)) OR ((p_brand = 'Brand#11'::bpchar) AND (p_container = ANY ('{\"MED BAG\",\"MED BOX\",\"MED PKG\",\"MED PACK\"}'::bpchar[])) AND (p_size <= 10)) OR ((p_brand = 'Brand#32'::bpchar) AND (p_container = ANY ('{\"LG CASE\",\"LG BOX\",\"LG PACK\",\"LG PKG\"}'::bpchar[])) AND (p_size <= 15))))","Rows Removed by Filter": 66510,"Workers": []},{"Node Type": "Index Scan","Parent Relationship": "Inner","Parallel Aware": false,"Async Capable": false,"Scan Direction": "Forward","Index Name": "idx_lineitem_part_supp","Relation Name": "lineitem","Alias": "lineitem","Startup Cost": 0.43,"Total Cost": 123.29,"Plan Rows": 1,"Plan Width": 21,"Actual Startup Time": 0.237,"Actual Total Time": 0.266,"Actual Rows": 0,"Actual Loops": 471,"Index Cond": "(l_partkey = part.p_partkey)","Rows Removed by Index Recheck": 0,"Filter": "((l_shipmode = ANY ('{AIR,\"AIR REG\"}'::bpchar[])) AND (l_shipinstruct = 'DELIVER IN PERSON'::bpchar) AND (((l_quantity >= '3'::numeric) AND (l_quantity <= '13'::numeric)) OR ((l_quantity >= '16'::numeric) AND (l_quantity <= '26'::numeric)) OR ((l_quantity >= '25'::numeric) AND (l_quantity <= '35'::numeric))) AND (((part.p_brand = 'Brand#44'::bpchar) AND (part.p_container = ANY ('{\"SM CASE\",\"SM BOX\",\"SM PACK\",\"SM PKG\"}'::bpchar[])) AND (l_quantity >= '3'::numeric) AND (l_quantity <= '13'::numeric) AND (part.p_size <= 5)) OR ((part.p_brand = 'Brand#11'::bpchar) AND (part.p_container = ANY ('{\"MED BAG\",\"MED BOX\",\"MED PKG\",\"MED PACK\"}'::bpchar[])) AND (l_quantity >= '16'::numeric) AND (l_quantity <= '26'::numeric) AND (part.p_size <= 10)) OR ((part.p_brand = 'Brand#32'::bpchar) AND (part.p_container = ANY ('{\"LG CASE\",\"LG BOX\",\"LG PACK\",\"LG PKG\"}'::bpchar[])) AND (l_quantity >= '25'::numeric) AND (l_quantity <= '35'::numeric) AND (part.p_size <= 15))))","Rows Removed by Filter": 30,"Workers": []}]}]}]}]},"Planning Time": 5.644,"Triggers": [],"Execution Time": 93.779}]
[{"Plan": {"Node Type": "Aggregate","Strategy": "Plain","Partial Mode": "Finalize","Parallel Aware": false,"Async Capable": false,"Startup Cost": 34086.36,"Total Cost": 34086.37,"Plan Rows": 1,"Plan Width": 32,"Actual Startup Time": 84.926,"Actual Total Time": 100.399,"Actual Rows": 1,"Actual Loops": 1,"Plans": [{"Node Type": "Gather","Parent Relationship": "Outer","Parallel Aware": false,"Async Capable": false,"Startup Cost": 34086.14,"Total Cost": 34086.35,"Plan Rows": 2,"Plan Width": 32,"Actual Startup Time": 84.737,"Actual Total Time": 100.380,"Actual Rows": 3,"Actual Loops": 1,"Workers Planned": 2,"Workers Launched": 2,"Single Copy": false,"Plans": [{"Node Type": "Aggregate","Strategy": "Plain","Partial Mode": "Partial","Parent Relationship": "Outer","Parallel Aware": false,"Async Capable": false,"Startup Cost": 33086.14,"Total Cost": 33086.15,"Plan Rows": 1,"Plan Width": 32,"Actual Startup Time": 78.183,"Actual Total Time": 78.186,"Actual Rows": 1,"Actual Loops": 3,"Workers": [],"Plans": [{"Node Type": "Nested Loop","Parent Relationship": "Outer","Parallel Aware": false,"Async Capable": false,"Join Type": "Inner","Startup Cost": 0.43,"Total Cost": 33085.78,"Plan Rows": 48,"Plan Width": 12,"Actual Startup Time": 2.351,"Actual Total Time": 78.148,"Actual Rows": 38,"Actual Loops": 3,"Inner Unique": false,"Workers": [],"Plans": [{"Node Type": "Seq Scan","Parent Relationship": "Outer","Parallel Aware": true,"Async Capable": false,"Relation Name": "part","Alias": "part","Startup Cost": 0.00,"Total Cost": 7638.67,"Plan Rows": 207,"Plan Width": 30,"Actual Startup Time": 0.826,"Actual Total Time": 34.160,"Actual Rows": 167,"Actual Loops": 3,"Filter": "((p_size >= 1) AND (((p_brand = 'Brand#34'::bpchar) AND (p_container = ANY ('{\"SM CASE\",\"SM BOX\",\"SM PACK\",\"SM PKG\"}'::bpchar[])) AND (p_size <= 5)) OR ((p_brand = 'Brand#45'::bpchar) AND (p_container = ANY ('{\"MED BAG\",\"MED BOX\",\"MED PKG\",\"MED PACK\"}'::bpchar[])) AND (p_size <= 10)) OR ((p_brand = 'Brand#41'::bpchar) AND (p_container = ANY ('{\"LG CASE\",\"LG BOX\",\"LG PACK\",\"LG PKG\"}'::bpchar[])) AND (p_size <= 15))))","Rows Removed by Filter": 66500,"Workers": []},{"Node Type": "Index Scan","Parent Relationship": "Inner","Parallel Aware": false,"Async Capable": false,"Scan Direction": "Forward","Index Name": "idx_lineitem_part_supp","Relation Name": "lineitem","Alias": "lineitem","Startup Cost": 0.43,"Total Cost": 122.92,"Plan Rows": 1,"Plan Width": 21,"Actual Startup Time": 0.235,"Actual Total Time": 0.263,"Actual Rows": 0,"Actual Loops": 500,"Index Cond": "(l_partkey = part.p_partkey)","Rows Removed by Index Recheck": 0,"Filter": "((l_shipmode = ANY ('{AIR,\"AIR REG\"}'::bpchar[])) AND (l_shipinstruct = 'DELIVER IN PERSON'::bpchar) AND (((l_quantity >= '4'::numeric) AND (l_quantity <= '14'::numeric)) OR ((l_quantity >= '19'::numeric) AND (l_quantity <= '29'::numeric)) OR ((l_quantity >= '27'::numeric) AND (l_quantity <= '37'::numeric))) AND (((part.p_brand = 'Brand#34'::bpchar) AND (part.p_container = ANY ('{\"SM CASE\",\"SM BOX\",\"SM PACK\",\"SM PKG\"}'::bpchar[])) AND (l_quantity >= '4'::numeric) AND (l_quantity <= '14'::numeric) AND (part.p_size <= 5)) OR ((part.p_brand = 'Brand#45'::bpchar) AND (part.p_container = ANY ('{\"MED BAG\",\"MED BOX\",\"MED PKG\",\"MED PACK\"}'::bpchar[])) AND (l_quantity >= '19'::numeric) AND (l_quantity <= '29'::numeric) AND (part.p_size <= 10)) OR ((part.p_brand = 'Brand#41'::bpchar) AND (part.p_container = ANY ('{\"LG CASE\",\"LG BOX\",\"LG PACK\",\"LG PKG\"}'::bpchar[])) AND (l_quantity >= '27'::numeric) AND (l_quantity <= '37'::numeric) AND (part.p_size <= 15))))","Rows Removed by Filter": 30,"Workers": []}]}]}]}]},"Planning Time": 5.517,"Triggers": [],"Execution Time": 100.593}]
[{"Plan": {"Node Type": "Aggregate","Strategy": "Plain","Partial Mode": "Finalize","Parallel Aware": false,"Async Capable": false,"Startup Cost": 34204.13,"Total Cost": 34204.14,"Plan Rows": 1,"Plan Width": 32,"Actual Startup Time": 85.961,"Actual Total Time": 101.287,"Actual Rows": 1,"Actual Loops": 1,"Plans": [{"Node Type": "Gather","Parent Relationship": "Outer","Parallel Aware": false,"Async Capable": false,"Startup Cost": 34203.90,"Total Cost": 34204.11,"Plan Rows": 2,"Plan Width": 32,"Actual Startup Time": 85.761,"Actual Total Time": 101.260,"Actual Rows": 3,"Actual Loops": 1,"Workers Planned": 2,"Workers Launched": 2,"Single Copy": false,"Plans": [{"Node Type": "Aggregate","Strategy": "Plain","Partial Mode": "Partial","Parent Relationship": "Outer","Parallel Aware": false,"Async Capable": false,"Startup Cost": 33203.90,"Total Cost": 33203.91,"Plan Rows": 1,"Plan Width": 32,"Actual Startup Time": 79.253,"Actual Total Time": 79.256,"Actual Rows": 1,"Actual Loops": 3,"Workers": [],"Plans": [{"Node Type": "Nested Loop","Parent Relationship": "Outer","Parallel Aware": false,"Async Capable": false,"Join Type": "Inner","Startup Cost": 0.43,"Total Cost": 33203.54,"Plan Rows": 48,"Plan Width": 12,"Actual Startup Time": 1.137,"Actual Total Time": 79.208,"Actual Rows": 45,"Actual Loops": 3,"Inner Unique": false,"Workers": [],"Plans": [{"Node Type": "Seq Scan","Parent Relationship": "Outer","Parallel Aware": true,"Async Capable": false,"Relation Name": "part","Alias": "part","Startup Cost": 0.00,"Total Cost": 7638.67,"Plan Rows": 208,"Plan Width": 30,"Actual Startup Time": 0.113,"Actual Total Time": 31.304,"Actual Rows": 185,"Actual Loops": 3,"Filter": "((p_size >= 1) AND (((p_brand = 'Brand#43'::bpchar) AND (p_container = ANY ('{\"SM CASE\",\"SM BOX\",\"SM PACK\",\"SM PKG\"}'::bpchar[])) AND (p_size <= 5)) OR ((p_brand = 'Brand#44'::bpchar) AND (p_container = ANY ('{\"MED BAG\",\"MED BOX\",\"MED PKG\",\"MED PACK\"}'::bpchar[])) AND (p_size <= 10)) OR ((p_brand = 'Brand#33'::bpchar) AND (p_container = ANY ('{\"LG CASE\",\"LG BOX\",\"LG PACK\",\"LG PKG\"}'::bpchar[])) AND (p_size <= 15))))","Rows Removed by Filter": 66482,"Workers": []},{"Node Type": "Index Scan","Parent Relationship": "Inner","Parallel Aware": false,"Async Capable": false,"Scan Direction": "Forward","Index Name": "idx_lineitem_part_supp","Relation Name": "lineitem","Alias": "lineitem","Startup Cost": 0.43,"Total Cost": 122.90,"Plan Rows": 1,"Plan Width": 21,"Actual Startup Time": 0.228,"Actual Total Time": 0.259,"Actual Rows": 0,"Actual Loops": 555,"Index Cond": "(l_partkey = part.p_partkey)","Rows Removed by Index Recheck": 0,"Filter": "((l_shipmode = ANY ('{AIR,\"AIR REG\"}'::bpchar[])) AND (l_shipinstruct = 'DELIVER IN PERSON'::bpchar) AND (((l_quantity >= '10'::numeric) AND (l_quantity <= '20'::numeric)) OR ((l_quantity >= '20'::numeric) AND (l_quantity <= '30'::numeric)) OR ((l_quantity >= '25'::numeric) AND (l_quantity <= '35'::numeric))) AND (((part.p_brand = 'Brand#43'::bpchar) AND (part.p_container = ANY ('{\"SM CASE\",\"SM BOX\",\"SM PACK\",\"SM PKG\"}'::bpchar[])) AND (l_quantity >= '10'::numeric) AND (l_quantity <= '20'::numeric) AND (part.p_size <= 5)) OR ((part.p_brand = 'Brand#44'::bpchar) AND (part.p_container = ANY ('{\"MED BAG\",\"MED BOX\",\"MED PKG\",\"MED PACK\"}'::bpchar[])) AND (l_quantity >= '20'::numeric) AND (l_quantity <= '30'::numeric) AND (part.p_size <= 10)) OR ((part.p_brand = 'Brand#33'::bpchar) AND (part.p_container = ANY ('{\"LG CASE\",\"LG BOX\",\"LG PACK\",\"LG PKG\"}'::bpchar[])) AND (l_quantity >= '25'::numeric) AND (l_quantity <= '35'::numeric) AND (part.p_size <= 15))))","Rows Removed by Filter": 30,"Workers": []}]}]}]}]},"Planning Time": 6.578,"Triggers": [],"Execution Time": 101.453}]
[{"Plan": {"Node Type": "Aggregate","Strategy": "Plain","Partial Mode": "Finalize","Parallel Aware": false,"Async Capable": false,"Startup Cost": 33969.04,"Total Cost": 33969.05,"Plan Rows": 1,"Plan Width": 32,"Actual Startup Time": 87.231,"Actual Total Time": 103.300,"Actual Rows": 1,"Actual Loops": 1,"Plans": [{"Node Type": "Gather","Parent Relationship": "Outer","Parallel Aware": false,"Async Capable": false,"Startup Cost": 33968.81,"Total Cost": 33969.02,"Plan Rows": 2,"Plan Width": 32,"Actual Startup Time": 87.086,"Actual Total Time": 103.263,"Actual Rows": 3,"Actual Loops": 1,"Workers Planned": 2,"Workers Launched": 2,"Single Copy": false,"Plans": [{"Node Type": "Aggregate","Strategy": "Plain","Partial Mode": "Partial","Parent Relationship": "Outer","Parallel Aware": false,"Async Capable": false,"Startup Cost": 32968.81,"Total Cost": 32968.82,"Plan Rows": 1,"Plan Width": 32,"Actual Startup Time": 80.496,"Actual Total Time": 80.499,"Actual Rows": 1,"Actual Loops": 3,"Workers": [],"Plans": [{"Node Type": "Nested Loop","Parent Relationship": "Outer","Parallel Aware": false,"Async Capable": false,"Join Type": "Inner","Startup Cost": 0.43,"Total Cost": 32968.45,"Plan Rows": 48,"Plan Width": 12,"Actual Startup Time": 5.715,"Actual Total Time": 80.452,"Actual Rows": 45,"Actual Loops": 3,"Inner Unique": false,"Workers": [],"Plans": [{"Node Type": "Seq Scan","Parent Relationship": "Outer","Parallel Aware": true,"Async Capable": false,"Relation Name": "part","Alias": "part","Startup Cost": 0.00,"Total Cost": 7638.67,"Plan Rows": 206,"Plan Width": 30,"Actual Startup Time": 0.315,"Actual Total Time": 34.206,"Actual Rows": 172,"Actual Loops": 3,"Filter": "((p_size >= 1) AND (((p_brand = 'Brand#53'::bpchar) AND (p_container = ANY ('{\"SM CASE\",\"SM BOX\",\"SM PACK\",\"SM PKG\"}'::bpchar[])) AND (p_size <= 5)) OR ((p_brand = 'Brand#53'::bpchar) AND (p_container = ANY ('{\"MED BAG\",\"MED BOX\",\"MED PKG\",\"MED PACK\"}'::bpchar[])) AND (p_size <= 10)) OR ((p_brand = 'Brand#42'::bpchar) AND (p_container = ANY ('{\"LG CASE\",\"LG BOX\",\"LG PACK\",\"LG PKG\"}'::bpchar[])) AND (p_size <= 15))))","Rows Removed by Filter": 66494,"Workers": []},{"Node Type": "Index Scan","Parent Relationship": "Inner","Parallel Aware": false,"Async Capable": false,"Scan Direction": "Forward","Index Name": "idx_lineitem_part_supp","Relation Name": "lineitem","Alias": "lineitem","Startup Cost": 0.43,"Total Cost": 122.95,"Plan Rows": 1,"Plan Width": 21,"Actual Startup Time": 0.240,"Actual Total Time": 0.268,"Actual Rows": 0,"Actual Loops": 517,"Index Cond": "(l_partkey = part.p_partkey)","Rows Removed by Index Recheck": 0,"Filter": "((l_shipmode = ANY ('{AIR,\"AIR REG\"}'::bpchar[])) AND (l_shipinstruct = 'DELIVER IN PERSON'::bpchar) AND (((l_quantity >= '3'::numeric) AND (l_quantity <= '13'::numeric)) OR ((l_quantity >= '20'::numeric) AND (l_quantity <= '30'::numeric)) OR ((l_quantity >= '24'::numeric) AND (l_quantity <= '34'::numeric))) AND (((part.p_brand = 'Brand#53'::bpchar) AND (part.p_container = ANY ('{\"SM CASE\",\"SM BOX\",\"SM PACK\",\"SM PKG\"}'::bpchar[])) AND (l_quantity >= '3'::numeric) AND (l_quantity <= '13'::numeric) AND (part.p_size <= 5)) OR ((part.p_brand = 'Brand#53'::bpchar) AND (part.p_container = ANY ('{\"MED BAG\",\"MED BOX\",\"MED PKG\",\"MED PACK\"}'::bpchar[])) AND (l_quantity >= '20'::numeric) AND (l_quantity <= '30'::numeric) AND (part.p_size <= 10)) OR ((part.p_brand = 'Brand#42'::bpchar) AND (part.p_container = ANY ('{\"LG CASE\",\"LG BOX\",\"LG PACK\",\"LG PKG\"}'::bpchar[])) AND (l_quantity >= '24'::numeric) AND (l_quantity <= '34'::numeric) AND (part.p_size <= 15))))","Rows Removed by Filter": 29,"Workers": []}]}]}]}]},"Planning Time": 6.877,"Triggers": [],"Execution Time": 103.459}]
[{"Plan": {"Node Type": "Aggregate","Strategy": "Plain","Partial Mode": "Finalize","Parallel Aware": false,"Async Capable": false,"Startup Cost": 33161.56,"Total Cost": 33161.57,"Plan Rows": 1,"Plan Width": 32,"Actual Startup Time": 82.569,"Actual Total Time": 98.382,"Actual Rows": 1,"Actual Loops": 1,"Plans": [{"Node Type": "Gather","Parent Relationship": "Outer","Parallel Aware": false,"Async Capable": false,"Startup Cost": 33161.34,"Total Cost": 33161.55,"Plan Rows": 2,"Plan Width": 32,"Actual Startup Time": 82.355,"Actual Total Time": 98.348,"Actual Rows": 3,"Actual Loops": 1,"Workers Planned": 2,"Workers Launched": 2,"Single Copy": false,"Plans": [{"Node Type": "Aggregate","Strategy": "Plain","Partial Mode": "Partial","Parent Relationship": "Outer","Parallel Aware": false,"Async Capable": false,"Startup Cost": 32161.34,"Total Cost": 32161.35,"Plan Rows": 1,"Plan Width": 32,"Actual Startup Time": 76.301,"Actual Total Time": 76.304,"Actual Rows": 1,"Actual Loops": 3,"Workers": [],"Plans": [{"Node Type": "Nested Loop","Parent Relationship": "Outer","Parallel Aware": false,"Async Capable": false,"Join Type": "Inner","Startup Cost": 0.43,"Total Cost": 32160.99,"Plan Rows": 47,"Plan Width": 12,"Actual Startup Time": 5.534,"Actual Total Time": 76.258,"Actual Rows": 38,"Actual Loops": 3,"Inner Unique": false,"Workers": [],"Plans": [{"Node Type": "Seq Scan","Parent Relationship": "Outer","Parallel Aware": true,"Async Capable": false,"Relation Name": "part","Alias": "part","Startup Cost": 0.00,"Total Cost": 7638.67,"Plan Rows": 199,"Plan Width": 30,"Actual Startup Time": 0.619,"Actual Total Time": 33.286,"Actual Rows": 162,"Actual Loops": 3,"Filter": "((p_size >= 1) AND (((p_brand = 'Brand#21'::bpchar) AND (p_container = ANY ('{\"SM CASE\",\"SM BOX\",\"SM PACK\",\"SM PKG\"}'::bpchar[])) AND (p_size <= 5)) OR ((p_brand = 'Brand#53'::bpchar) AND (p_container = ANY ('{\"MED BAG\",\"MED BOX\",\"MED PKG\",\"MED PACK\"}'::bpchar[])) AND (p_size <= 10)) OR ((p_brand = 'Brand#25'::bpchar) AND (p_container = ANY ('{\"LG CASE\",\"LG BOX\",\"LG PACK\",\"LG PKG\"}'::bpchar[])) AND (p_size <= 15))))","Rows Removed by Filter": 66505,"Workers": []},{"Node Type": "Index Scan","Parent Relationship": "Inner","Parallel Aware": false,"Async Capable": false,"Scan Direction": "Forward","Index Name": "idx_lineitem_part_supp","Relation Name": "lineitem","Alias": "lineitem","Startup Cost": 0.43,"Total Cost": 123.22,"Plan Rows": 1,"Plan Width": 21,"Actual Startup Time": 0.234,"Actual Total Time": 0.265,"Actual Rows": 0,"Actual Loops": 486,"Index Cond": "(l_partkey = part.p_partkey)","Rows Removed by Index Recheck": 0,"Filter": "((l_shipmode = ANY ('{AIR,\"AIR REG\"}'::bpchar[])) AND (l_shipinstruct = 'DELIVER IN PERSON'::bpchar) AND (((l_quantity >= '5'::numeric) AND (l_quantity <= '15'::numeric)) OR ((l_quantity >= '12'::numeric) AND (l_quantity <= '22'::numeric)) OR ((l_quantity >= '22'::numeric) AND (l_quantity <= '32'::numeric))) AND (((part.p_brand = 'Brand#21'::bpchar) AND (part.p_container = ANY ('{\"SM CASE\",\"SM BOX\",\"SM PACK\",\"SM PKG\"}'::bpchar[])) AND (l_quantity >= '5'::numeric) AND (l_quantity <= '15'::numeric) AND (part.p_size <= 5)) OR ((part.p_brand = 'Brand#53'::bpchar) AND (part.p_container = ANY ('{\"MED BAG\",\"MED BOX\",\"MED PKG\",\"MED PACK\"}'::bpchar[])) AND (l_quantity >= '12'::numeric) AND (l_quantity <= '22'::numeric) AND (part.p_size <= 10)) OR ((part.p_brand = 'Brand#25'::bpchar) AND (part.p_container = ANY ('{\"LG CASE\",\"LG BOX\",\"LG PACK\",\"LG PKG\"}'::bpchar[])) AND (l_quantity >= '22'::numeric) AND (l_quantity <= '32'::numeric) AND (part.p_size <= 15))))","Rows Removed by Filter": 29,"Workers": []}]}]}]}]},"Planning Time": 6.891,"Triggers": [],"Execution Time": 98.547}]
[{"Plan": {"Node Type": "Aggregate","Strategy": "Plain","Partial Mode": "Finalize","Parallel Aware": false,"Async Capable": false,"Startup Cost": 33743.78,"Total Cost": 33743.79,"Plan Rows": 1,"Plan Width": 32,"Actual Startup Time": 79.380,"Actual Total Time": 93.241,"Actual Rows": 1,"Actual Loops": 1,"Plans": [{"Node Type": "Gather","Parent Relationship": "Outer","Parallel Aware": false,"Async Capable": false,"Startup Cost": 33743.56,"Total Cost": 33743.77,"Plan Rows": 2,"Plan Width": 32,"Actual Startup Time": 79.169,"Actual Total Time": 93.219,"Actual Rows": 3,"Actual Loops": 1,"Workers Planned": 2,"Workers Launched": 2,"Single Copy": false,"Plans": [{"Node Type": "Aggregate","Strategy": "Plain","Partial Mode": "Partial","Parent Relationship": "Outer","Parallel Aware": false,"Async Capable": false,"Startup Cost": 32743.56,"Total Cost": 32743.57,"Plan Rows": 1,"Plan Width": 32,"Actual Startup Time": 72.797,"Actual Total Time": 72.799,"Actual Rows": 1,"Actual Loops": 3,"Workers": [],"Plans": [{"Node Type": "Nested Loop","Parent Relationship": "Outer","Parallel Aware": false,"Async Capable": false,"Join Type": "Inner","Startup Cost": 0.43,"Total Cost": 32743.19,"Plan Rows": 48,"Plan Width": 12,"Actual Startup Time": 4.012,"Actual Total Time": 72.763,"Actual Rows": 31,"Actual Loops": 3,"Inner Unique": false,"Workers": [],"Plans": [{"Node Type": "Seq Scan","Parent Relationship": "Outer","Parallel Aware": true,"Async Capable": false,"Relation Name": "part","Alias": "part","Startup Cost": 0.00,"Total Cost": 7638.67,"Plan Rows": 204,"Plan Width": 30,"Actual Startup Time": 0.446,"Actual Total Time": 32.034,"Actual Rows": 158,"Actual Loops": 3,"Filter": "((p_size >= 1) AND (((p_brand = 'Brand#21'::bpchar) AND (p_container = ANY ('{\"SM CASE\",\"SM BOX\",\"SM PACK\",\"SM PKG\"}'::bpchar[])) AND (p_size <= 5)) OR ((p_brand = 'Brand#34'::bpchar) AND (p_container = ANY ('{\"MED BAG\",\"MED BOX\",\"MED PKG\",\"MED PACK\"}'::bpchar[])) AND (p_size <= 10)) OR ((p_brand = 'Brand#53'::bpchar) AND (p_container = ANY ('{\"LG CASE\",\"LG BOX\",\"LG PACK\",\"LG PKG\"}'::bpchar[])) AND (p_size <= 15))))","Rows Removed by Filter": 66509,"Workers": []},{"Node Type": "Index Scan","Parent Relationship": "Inner","Parallel Aware": false,"Async Capable": false,"Scan Direction": "Forward","Index Name": "idx_lineitem_part_supp","Relation Name": "lineitem","Alias": "lineitem","Startup Cost": 0.43,"Total Cost": 123.05,"Plan Rows": 1,"Plan Width": 21,"Actual Startup Time": 0.237,"Actual Total Time": 0.258,"Actual Rows": 0,"Actual Loops": 473,"Index Cond": "(l_partkey = part.p_partkey)","Rows Removed by Index Recheck": 0,"Filter": "((l_shipmode = ANY ('{AIR,\"AIR REG\"}'::bpchar[])) AND (l_shipinstruct = 'DELIVER IN PERSON'::bpchar) AND (((l_quantity >= '4'::numeric) AND (l_quantity <= '14'::numeric)) OR ((l_quantity >= '13'::numeric) AND (l_quantity <= '23'::numeric)) OR ((l_quantity >= '30'::numeric) AND (l_quantity <= '40'::numeric))) AND (((part.p_brand = 'Brand#21'::bpchar) AND (part.p_container = ANY ('{\"SM CASE\",\"SM BOX\",\"SM PACK\",\"SM PKG\"}'::bpchar[])) AND (l_quantity >= '4'::numeric) AND (l_quantity <= '14'::numeric) AND (part.p_size <= 5)) OR ((part.p_brand = 'Brand#34'::bpchar) AND (part.p_container = ANY ('{\"MED BAG\",\"MED BOX\",\"MED PKG\",\"MED PACK\"}'::bpchar[])) AND (l_quantity >= '13'::numeric) AND (l_quantity <= '23'::numeric) AND (part.p_size <= 10)) OR ((part.p_brand = 'Brand#53'::bpchar) AND (part.p_container = ANY ('{\"LG CASE\",\"LG BOX\",\"LG PACK\",\"LG PKG\"}'::bpchar[])) AND (l_quantity >= '30'::numeric) AND (l_quantity <= '40'::numeric) AND (part.p_size <= 15))))","Rows Removed by Filter": 29,"Workers": []}]}]}]}]},"Planning Time": 7.395,"Triggers": [],"Execution Time": 93.404}]
[{"Plan": {"Node Type": "Aggregate","Strategy": "Plain","Partial Mode": "Finalize","Parallel Aware": false,"Async Capable": false,"Startup Cost": 32813.92,"Total Cost": 32813.93,"Plan Rows": 1,"Plan Width": 32,"Actual Startup Time": 86.631,"Actual Total Time": 101.917,"Actual Rows": 1,"Actual Loops": 1,"Plans": [{"Node Type": "Gather","Parent Relationship": "Outer","Parallel Aware": false,"Async Capable": false,"Startup Cost": 32813.70,"Total Cost": 32813.91,"Plan Rows": 2,"Plan Width": 32,"Actual Startup Time": 86.333,"Actual Total Time": 101.885,"Actual Rows": 3,"Actual Loops": 1,"Workers Planned": 2,"Workers Launched": 2,"Single Copy": false,"Plans": [{"Node Type": "Aggregate","Strategy": "Plain","Partial Mode": "Partial","Parent Relationship": "Outer","Parallel Aware": false,"Async Capable": false,"Startup Cost": 31813.70,"Total Cost": 31813.71,"Plan Rows": 1,"Plan Width": 32,"Actual Startup Time": 79.785,"Actual Total Time": 79.788,"Actual Rows": 1,"Actual Loops": 3,"Workers": [],"Plans": [{"Node Type": "Nested Loop","Parent Relationship": "Outer","Parallel Aware": false,"Async Capable": false,"Join Type": "Inner","Startup Cost": 0.43,"Total Cost": 31813.36,"Plan Rows": 45,"Plan Width": 12,"Actual Startup Time": 6.528,"Actual Total Time": 79.717,"Actual Rows": 44,"Actual Loops": 3,"Inner Unique": false,"Workers": [],"Plans": [{"Node Type": "Seq Scan","Parent Relationship": "Outer","Parallel Aware": true,"Async Capable": false,"Relation Name": "part","Alias": "part","Startup Cost": 0.00,"Total Cost": 7638.67,"Plan Rows": 196,"Plan Width": 30,"Actual Startup Time": 0.426,"Actual Total Time": 34.292,"Actual Rows": 167,"Actual Loops": 3,"Filter": "((p_size >= 1) AND (((p_brand = 'Brand#53'::bpchar) AND (p_container = ANY ('{\"SM CASE\",\"SM BOX\",\"SM PACK\",\"SM PKG\"}'::bpchar[])) AND (p_size <= 5)) OR ((p_brand = 'Brand#43'::bpchar) AND (p_container = ANY ('{\"MED BAG\",\"MED BOX\",\"MED PKG\",\"MED PACK\"}'::bpchar[])) AND (p_size <= 10)) OR ((p_brand = 'Brand#32'::bpchar) AND (p_container = ANY ('{\"LG CASE\",\"LG BOX\",\"LG PACK\",\"LG PKG\"}'::bpchar[])) AND (p_size <= 15))))","Rows Removed by Filter": 66500,"Workers": []},{"Node Type": "Index Scan","Parent Relationship": "Inner","Parallel Aware": false,"Async Capable": false,"Scan Direction": "Forward","Index Name": "idx_lineitem_part_supp","Relation Name": "lineitem","Alias": "lineitem","Startup Cost": 0.43,"Total Cost": 123.33,"Plan Rows": 1,"Plan Width": 21,"Actual Startup Time": 0.239,"Actual Total Time": 0.272,"Actual Rows": 0,"Actual Loops": 500,"Index Cond": "(l_partkey = part.p_partkey)","Rows Removed by Index Recheck": 0,"Filter": "((l_shipmode = ANY ('{AIR,\"AIR REG\"}'::bpchar[])) AND (l_shipinstruct = 'DELIVER IN PERSON'::bpchar) AND (((l_quantity >= '10'::numeric) AND (l_quantity <= '20'::numeric)) OR ((l_quantity >= '12'::numeric) AND (l_quantity <= '22'::numeric)) OR ((l_quantity >= '27'::numeric) AND (l_quantity <= '37'::numeric))) AND (((part.p_brand = 'Brand#53'::bpchar) AND (part.p_container = ANY ('{\"SM CASE\",\"SM BOX\",\"SM PACK\",\"SM PKG\"}'::bpchar[])) AND (l_quantity >= '10'::numeric) AND (l_quantity <= '20'::numeric) AND (part.p_size <= 5)) OR ((part.p_brand = 'Brand#43'::bpchar) AND (part.p_container = ANY ('{\"MED BAG\",\"MED BOX\",\"MED PKG\",\"MED PACK\"}'::bpchar[])) AND (l_quantity >= '12'::numeric) AND (l_quantity <= '22'::numeric) AND (part.p_size <= 10)) OR ((part.p_brand = 'Brand#32'::bpchar) AND (part.p_container = ANY ('{\"LG CASE\",\"LG BOX\",\"LG PACK\",\"LG PKG\"}'::bpchar[])) AND (l_quantity >= '27'::numeric) AND (l_quantity <= '37'::numeric) AND (part.p_size <= 15))))","Rows Removed by Filter": 30,"Workers": []}]}]}]}]},"Planning Time": 5.634,"Triggers": [],"Execution Time": 102.083}]
[{"Plan": {"Node Type": "Aggregate","Strategy": "Plain","Partial Mode": "Finalize","Parallel Aware": false,"Async Capable": false,"Startup Cost": 34661.77,"Total Cost": 34661.78,"Plan Rows": 1,"Plan Width": 32,"Actual Startup Time": 90.083,"Actual Total Time": 105.144,"Actual Rows": 1,"Actual Loops": 1,"Plans": [{"Node Type": "Gather","Parent Relationship": "Outer","Parallel Aware": false,"Async Capable": false,"Startup Cost": 34661.55,"Total Cost": 34661.76,"Plan Rows": 2,"Plan Width": 32,"Actual Startup Time": 90.041,"Actual Total Time": 105.109,"Actual Rows": 3,"Actual Loops": 1,"Workers Planned": 2,"Workers Launched": 2,"Single Copy": false,"Plans": [{"Node Type": "Aggregate","Strategy": "Plain","Partial Mode": "Partial","Parent Relationship": "Outer","Parallel Aware": false,"Async Capable": false,"Startup Cost": 33661.55,"Total Cost": 33661.56,"Plan Rows": 1,"Plan Width": 32,"Actual Startup Time": 83.481,"Actual Total Time": 83.483,"Actual Rows": 1,"Actual Loops": 3,"Workers": [],"Plans": [{"Node Type": "Nested Loop","Parent Relationship": "Outer","Parallel Aware": false,"Async Capable": false,"Join Type": "Inner","Startup Cost": 0.43,"Total Cost": 33661.17,"Plan Rows": 50,"Plan Width": 12,"Actual Startup Time": 3.323,"Actual Total Time": 83.438,"Actual Rows": 41,"Actual Loops": 3,"Inner Unique": false,"Workers": [],"Plans": [{"Node Type": "Seq Scan","Parent Relationship": "Outer","Parallel Aware": true,"Async Capable": false,"Relation Name": "part","Alias": "part","Startup Cost": 0.00,"Total Cost": 7638.67,"Plan Rows": 212,"Plan Width": 30,"Actual Startup Time": 0.261,"Actual Total Time": 35.097,"Actual Rows": 178,"Actual Loops": 3,"Filter": "((p_size >= 1) AND (((p_brand = 'Brand#24'::bpchar) AND (p_container = ANY ('{\"SM CASE\",\"SM BOX\",\"SM PACK\",\"SM PKG\"}'::bpchar[])) AND (p_size <= 5)) OR ((p_brand = 'Brand#45'::bpchar) AND (p_container = ANY ('{\"MED BAG\",\"MED BOX\",\"MED PKG\",\"MED PACK\"}'::bpchar[])) AND (p_size <= 10)) OR ((p_brand = 'Brand#33'::bpchar) AND (p_container = ANY ('{\"LG CASE\",\"LG BOX\",\"LG PACK\",\"LG PKG\"}'::bpchar[])) AND (p_size <= 15))))","Rows Removed by Filter": 66489,"Workers": []},{"Node Type": "Index Scan","Parent Relationship": "Inner","Parallel Aware": false,"Async Capable": false,"Scan Direction": "Forward","Index Name": "idx_lineitem_part_supp","Relation Name": "lineitem","Alias": "lineitem","Startup Cost": 0.43,"Total Cost": 122.74,"Plan Rows": 1,"Plan Width": 21,"Actual Startup Time": 0.240,"Actual Total Time": 0.271,"Actual Rows": 0,"Actual Loops": 534,"Index Cond": "(l_partkey = part.p_partkey)","Rows Removed by Index Recheck": 0,"Filter": "((l_shipmode = ANY ('{AIR,\"AIR REG\"}'::bpchar[])) AND (l_shipinstruct = 'DELIVER IN PERSON'::bpchar) AND (((l_quantity >= '9'::numeric) AND (l_quantity <= '19'::numeric)) OR ((l_quantity >= '10'::numeric) AND (l_quantity <= '20'::numeric)) OR ((l_quantity >= '28'::numeric) AND (l_quantity <= '38'::numeric))) AND (((part.p_brand = 'Brand#24'::bpchar) AND (part.p_container = ANY ('{\"SM CASE\",\"SM BOX\",\"SM PACK\",\"SM PKG\"}'::bpchar[])) AND (l_quantity >= '9'::numeric) AND (l_quantity <= '19'::numeric) AND (part.p_size <= 5)) OR ((part.p_brand = 'Brand#45'::bpchar) AND (part.p_container = ANY ('{\"MED BAG\",\"MED BOX\",\"MED PKG\",\"MED PACK\"}'::bpchar[])) AND (l_quantity >= '10'::numeric) AND (l_quantity <= '20'::numeric) AND (part.p_size <= 10)) OR ((part.p_brand = 'Brand#33'::bpchar) AND (part.p_container = ANY ('{\"LG CASE\",\"LG BOX\",\"LG PACK\",\"LG PKG\"}'::bpchar[])) AND (l_quantity >= '28'::numeric) AND (l_quantity <= '38'::numeric) AND (part.p_size <= 15))))","Rows Removed by Filter": 30,"Workers": []}]}]}]}]},"Planning Time": 6.674,"Triggers": [],"Execution Time": 105.303}]
[{"Plan": {"Node Type": "Aggregate","Strategy": "Plain","Partial Mode": "Finalize","Parallel Aware": false,"Async Capable": false,"Startup Cost": 34659.54,"Total Cost": 34659.55,"Plan Rows": 1,"Plan Width": 32,"Actual Startup Time": 85.861,"Actual Total Time": 100.735,"Actual Rows": 1,"Actual Loops": 1,"Plans": [{"Node Type": "Gather","Parent Relationship": "Outer","Parallel Aware": false,"Async Capable": false,"Startup Cost": 34659.32,"Total Cost": 34659.53,"Plan Rows": 2,"Plan Width": 32,"Actual Startup Time": 85.815,"Actual Total Time": 100.696,"Actual Rows": 3,"Actual Loops": 1,"Workers Planned": 2,"Workers Launched": 2,"Single Copy": false,"Plans": [{"Node Type": "Aggregate","Strategy": "Plain","Partial Mode": "Partial","Parent Relationship": "Outer","Parallel Aware": false,"Async Capable": false,"Startup Cost": 33659.32,"Total Cost": 33659.33,"Plan Rows": 1,"Plan Width": 32,"Actual Startup Time": 79.352,"Actual Total Time": 79.355,"Actual Rows": 1,"Actual Loops": 3,"Workers": [],"Plans": [{"Node Type": "Nested Loop","Parent Relationship": "Outer","Parallel Aware": false,"Async Capable": false,"Join Type": "Inner","Startup Cost": 0.43,"Total Cost": 33658.94,"Plan Rows": 50,"Plan Width": 12,"Actual Startup Time": 1.521,"Actual Total Time": 79.307,"Actual Rows": 41,"Actual Loops": 3,"Inner Unique": false,"Workers": [],"Plans": [{"Node Type": "Seq Scan","Parent Relationship": "Outer","Parallel Aware": true,"Async Capable": false,"Relation Name": "part","Alias": "part","Startup Cost": 0.00,"Total Cost": 7638.67,"Plan Rows": 212,"Plan Width": 30,"Actual Startup Time": 0.183,"Actual Total Time": 33.452,"Actual Rows": 172,"Actual Loops": 3,"Filter": "((p_size >= 1) AND (((p_brand = 'Brand#31'::bpchar) AND (p_container = ANY ('{\"SM CASE\",\"SM BOX\",\"SM PACK\",\"SM PKG\"}'::bpchar[])) AND (p_size <= 5)) OR ((p_brand = 'Brand#45'::bpchar) AND (p_container = ANY ('{\"MED BAG\",\"MED BOX\",\"MED PKG\",\"MED PACK\"}'::bpchar[])) AND (p_size <= 10)) OR ((p_brand = 'Brand#33'::bpchar) AND (p_container = ANY ('{\"LG CASE\",\"LG BOX\",\"LG PACK\",\"LG PKG\"}'::bpchar[])) AND (p_size <= 15))))","Rows Removed by Filter": 66494,"Workers": []},{"Node Type": "Index Scan","Parent Relationship": "Inner","Parallel Aware": false,"Async Capable": false,"Scan Direction": "Forward","Index Name": "idx_lineitem_part_supp","Relation Name": "lineitem","Alias": "lineitem","Startup Cost": 0.43,"Total Cost": 122.73,"Plan Rows": 1,"Plan Width": 21,"Actual Startup Time": 0.236,"Actual Total Time": 0.266,"Actual Rows": 0,"Actual Loops": 517,"Index Cond": "(l_partkey = part.p_partkey)","Rows Removed by Index Recheck": 0,"Filter": "((l_shipmode = ANY ('{AIR,\"AIR REG\"}'::bpchar[])) AND (l_shipinstruct = 'DELIVER IN PERSON'::bpchar) AND (((l_quantity >= '10'::numeric) AND (l_quantity <= '20'::numeric)) OR ((l_quantity >= '10'::numeric) AND (l_quantity <= '20'::numeric)) OR ((l_quantity >= '28'::numeric) AND (l_quantity <= '38'::numeric))) AND (((part.p_brand = 'Brand#31'::bpchar) AND (part.p_container = ANY ('{\"SM CASE\",\"SM BOX\",\"SM PACK\",\"SM PKG\"}'::bpchar[])) AND (l_quantity >= '10'::numeric) AND (l_quantity <= '20'::numeric) AND (part.p_size <= 5)) OR ((part.p_brand = 'Brand#45'::bpchar) AND (part.p_container = ANY ('{\"MED BAG\",\"MED BOX\",\"MED PKG\",\"MED PACK\"}'::bpchar[])) AND (l_quantity >= '10'::numeric) AND (l_quantity <= '20'::numeric) AND (part.p_size <= 10)) OR ((part.p_brand = 'Brand#33'::bpchar) AND (part.p_container = ANY ('{\"LG CASE\",\"LG BOX\",\"LG PACK\",\"LG PKG\"}'::bpchar[])) AND (l_quantity >= '28'::numeric) AND (l_quantity <= '38'::numeric) AND (part.p_size <= 15))))","Rows Removed by Filter": 30,"Workers": []}]}]}]}]},"Planning Time": 6.763,"Triggers": [],"Execution Time": 100.915}]
[{"Plan": {"Node Type": "Aggregate","Strategy": "Plain","Partial Mode": "Finalize","Parallel Aware": false,"Async Capable": false,"Startup Cost": 33392.19,"Total Cost": 33392.20,"Plan Rows": 1,"Plan Width": 32,"Actual Startup Time": 81.447,"Actual Total Time": 95.867,"Actual Rows": 1,"Actual Loops": 1,"Plans": [{"Node Type": "Gather","Parent Relationship": "Outer","Parallel Aware": false,"Async Capable": false,"Startup Cost": 33391.97,"Total Cost": 33392.18,"Plan Rows": 2,"Plan Width": 32,"Actual Startup Time": 81.294,"Actual Total Time": 95.847,"Actual Rows": 3,"Actual Loops": 1,"Workers Planned": 2,"Workers Launched": 2,"Single Copy": false,"Plans": [{"Node Type": "Aggregate","Strategy": "Plain","Partial Mode": "Partial","Parent Relationship": "Outer","Parallel Aware": false,"Async Capable": false,"Startup Cost": 32391.97,"Total Cost": 32391.98,"Plan Rows": 1,"Plan Width": 32,"Actual Startup Time": 74.970,"Actual Total Time": 74.972,"Actual Rows": 1,"Actual Loops": 3,"Workers": [],"Plans": [{"Node Type": "Nested Loop","Parent Relationship": "Outer","Parallel Aware": false,"Async Capable": false,"Join Type": "Inner","Startup Cost": 0.43,"Total Cost": 32391.61,"Plan Rows": 47,"Plan Width": 12,"Actual Startup Time": 2.732,"Actual Total Time": 74.930,"Actual Rows": 45,"Actual Loops": 3,"Inner Unique": false,"Workers": [],"Plans": [{"Node Type": "Seq Scan","Parent Relationship": "Outer","Parallel Aware": true,"Async Capable": false,"Relation Name": "part","Alias": "part","Startup Cost": 0.00,"Total Cost": 7638.67,"Plan Rows": 201,"Plan Width": 30,"Actual Startup Time": 0.547,"Actual Total Time": 30.858,"Actual Rows": 168,"Actual Loops": 3,"Filter": "((p_size >= 1) AND (((p_brand = 'Brand#23'::bpchar) AND (p_container = ANY ('{\"SM CASE\",\"SM BOX\",\"SM PACK\",\"SM PKG\"}'::bpchar[])) AND (p_size <= 5)) OR ((p_brand = 'Brand#31'::bpchar) AND (p_container = ANY ('{\"MED BAG\",\"MED BOX\",\"MED PKG\",\"MED PACK\"}'::bpchar[])) AND (p_size <= 10)) OR ((p_brand = 'Brand#12'::bpchar) AND (p_container = ANY ('{\"LG CASE\",\"LG BOX\",\"LG PACK\",\"LG PKG\"}'::bpchar[])) AND (p_size <= 15))))","Rows Removed by Filter": 66499,"Workers": []},{"Node Type": "Index Scan","Parent Relationship": "Inner","Parallel Aware": false,"Async Capable": false,"Scan Direction": "Forward","Index Name": "idx_lineitem_part_supp","Relation Name": "lineitem","Alias": "lineitem","Startup Cost": 0.43,"Total Cost": 123.14,"Plan Rows": 1,"Plan Width": 21,"Actual Startup Time": 0.229,"Actual Total Time": 0.262,"Actual Rows": 0,"Actual Loops": 504,"Index Cond": "(l_partkey = part.p_partkey)","Rows Removed by Index Recheck": 0,"Filter": "((l_shipmode = ANY ('{AIR,\"AIR REG\"}'::bpchar[])) AND (l_shipinstruct = 'DELIVER IN PERSON'::bpchar) AND (((l_quantity >= '6'::numeric) AND (l_quantity <= '16'::numeric)) OR ((l_quantity >= '18'::numeric) AND (l_quantity <= '28'::numeric)) OR ((l_quantity >= '30'::numeric) AND (l_quantity <= '40'::numeric))) AND (((part.p_brand = 'Brand#23'::bpchar) AND (part.p_container = ANY ('{\"SM CASE\",\"SM BOX\",\"SM PACK\",\"SM PKG\"}'::bpchar[])) AND (l_quantity >= '6'::numeric) AND (l_quantity <= '16'::numeric) AND (part.p_size <= 5)) OR ((part.p_brand = 'Brand#31'::bpchar) AND (part.p_container = ANY ('{\"MED BAG\",\"MED BOX\",\"MED PKG\",\"MED PACK\"}'::bpchar[])) AND (l_quantity >= '18'::numeric) AND (l_quantity <= '28'::numeric) AND (part.p_size <= 10)) OR ((part.p_brand = 'Brand#12'::bpchar) AND (part.p_container = ANY ('{\"LG CASE\",\"LG BOX\",\"LG PACK\",\"LG PKG\"}'::bpchar[])) AND (l_quantity >= '30'::numeric) AND (l_quantity <= '40'::numeric) AND (part.p_size <= 15))))","Rows Removed by Filter": 30,"Workers": []}]}]}]}]},"Planning Time": 6.814,"Triggers": [],"Execution Time": 96.017}]
[{"Plan": {"Node Type": "Aggregate","Strategy": "Plain","Partial Mode": "Finalize","Parallel Aware": false,"Async Capable": false,"Startup Cost": 33397.24,"Total Cost": 33397.25,"Plan Rows": 1,"Plan Width": 32,"Actual Startup Time": 82.590,"Actual Total Time": 96.966,"Actual Rows": 1,"Actual Loops": 1,"Plans": [{"Node Type": "Gather","Parent Relationship": "Outer","Parallel Aware": false,"Async Capable": false,"Startup Cost": 33397.02,"Total Cost": 33397.23,"Plan Rows": 2,"Plan Width": 32,"Actual Startup Time": 82.109,"Actual Total Time": 96.934,"Actual Rows": 3,"Actual Loops": 1,"Workers Planned": 2,"Workers Launched": 2,"Single Copy": false,"Plans": [{"Node Type": "Aggregate","Strategy": "Plain","Partial Mode": "Partial","Parent Relationship": "Outer","Parallel Aware": false,"Async Capable": false,"Startup Cost": 32397.02,"Total Cost": 32397.03,"Plan Rows": 1,"Plan Width": 32,"Actual Startup Time": 75.950,"Actual Total Time": 75.952,"Actual Rows": 1,"Actual Loops": 3,"Workers": [],"Plans": [{"Node Type": "Nested Loop","Parent Relationship": "Outer","Parallel Aware": false,"Async Capable": false,"Join Type": "Inner","Startup Cost": 0.43,"Total Cost": 32396.66,"Plan Rows": 47,"Plan Width": 12,"Actual Startup Time": 3.502,"Actual Total Time": 75.898,"Actual Rows": 37,"Actual Loops": 3,"Inner Unique": false,"Workers": [],"Plans": [{"Node Type": "Seq Scan","Parent Relationship": "Outer","Parallel Aware": true,"Async Capable": false,"Relation Name": "part","Alias": "part","Startup Cost": 0.00,"Total Cost": 7638.67,"Plan Rows": 201,"Plan Width": 30,"Actual Startup Time": 0.113,"Actual Total Time": 31.951,"Actual Rows": 165,"Actual Loops": 3,"Filter": "((p_size >= 1) AND (((p_brand = 'Brand#54'::bpchar) AND (p_container = ANY ('{\"SM CASE\",\"SM BOX\",\"SM PACK\",\"SM PKG\"}'::bpchar[])) AND (p_size <= 5)) OR ((p_brand = 'Brand#12'::bpchar) AND (p_container = ANY ('{\"MED BAG\",\"MED BOX\",\"MED PKG\",\"MED PACK\"}'::bpchar[])) AND (p_size <= 10)) OR ((p_brand = 'Brand#13'::bpchar) AND (p_container = ANY ('{\"LG CASE\",\"LG BOX\",\"LG PACK\",\"LG PKG\"}'::bpchar[])) AND (p_size <= 15))))","Rows Removed by Filter": 66501,"Workers": []},{"Node Type": "Index Scan","Parent Relationship": "Inner","Parallel Aware": false,"Async Capable": false,"Scan Direction": "Forward","Index Name": "idx_lineitem_part_supp","Relation Name": "lineitem","Alias": "lineitem","Startup Cost": 0.43,"Total Cost": 123.16,"Plan Rows": 1,"Plan Width": 21,"Actual Startup Time": 0.239,"Actual Total Time": 0.265,"Actual Rows": 0,"Actual Loops": 496,"Index Cond": "(l_partkey = part.p_partkey)","Rows Removed by Index Recheck": 0,"Filter": "((l_shipmode = ANY ('{AIR,\"AIR REG\"}'::bpchar[])) AND (l_shipinstruct = 'DELIVER IN PERSON'::bpchar) AND (((l_quantity >= '1'::numeric) AND (l_quantity <= '11'::numeric)) OR ((l_quantity >= '11'::numeric) AND (l_quantity <= '21'::numeric)) OR ((l_quantity >= '24'::numeric) AND (l_quantity <= '34'::numeric))) AND (((part.p_brand = 'Brand#54'::bpchar) AND (part.p_container = ANY ('{\"SM CASE\",\"SM BOX\",\"SM PACK\",\"SM PKG\"}'::bpchar[])) AND (l_quantity >= '1'::numeric) AND (l_quantity <= '11'::numeric) AND (part.p_size <= 5)) OR ((part.p_brand = 'Brand#12'::bpchar) AND (part.p_container = ANY ('{\"MED BAG\",\"MED BOX\",\"MED PKG\",\"MED PACK\"}'::bpchar[])) AND (l_quantity >= '11'::numeric) AND (l_quantity <= '21'::numeric) AND (part.p_size <= 10)) OR ((part.p_brand = 'Brand#13'::bpchar) AND (part.p_container = ANY ('{\"LG CASE\",\"LG BOX\",\"LG PACK\",\"LG PKG\"}'::bpchar[])) AND (l_quantity >= '24'::numeric) AND (l_quantity <= '34'::numeric) AND (part.p_size <= 15))))","Rows Removed by Filter": 30,"Workers": []}]}]}]}]},"Planning Time": 6.946,"Triggers": [],"Execution Time": 97.130}]
[{"Plan": {"Node Type": "Aggregate","Strategy": "Plain","Partial Mode": "Finalize","Parallel Aware": false,"Async Capable": false,"Startup Cost": 33277.29,"Total Cost": 33277.30,"Plan Rows": 1,"Plan Width": 32,"Actual Startup Time": 82.040,"Actual Total Time": 96.501,"Actual Rows": 1,"Actual Loops": 1,"Plans": [{"Node Type": "Gather","Parent Relationship": "Outer","Parallel Aware": false,"Async Capable": false,"Startup Cost": 33277.07,"Total Cost": 33277.28,"Plan Rows": 2,"Plan Width": 32,"Actual Startup Time": 82.008,"Actual Total Time": 96.477,"Actual Rows": 3,"Actual Loops": 1,"Workers Planned": 2,"Workers Launched": 2,"Single Copy": false,"Plans": [{"Node Type": "Aggregate","Strategy": "Plain","Partial Mode": "Partial","Parent Relationship": "Outer","Parallel Aware": false,"Async Capable": false,"Startup Cost": 32277.07,"Total Cost": 32277.08,"Plan Rows": 1,"Plan Width": 32,"Actual Startup Time": 75.671,"Actual Total Time": 75.674,"Actual Rows": 1,"Actual Loops": 3,"Workers": [],"Plans": [{"Node Type": "Nested Loop","Parent Relationship": "Outer","Parallel Aware": false,"Async Capable": false,"Join Type": "Inner","Startup Cost": 0.43,"Total Cost": 32276.72,"Plan Rows": 46,"Plan Width": 12,"Actual Startup Time": 2.369,"Actual Total Time": 75.630,"Actual Rows": 42,"Actual Loops": 3,"Inner Unique": false,"Workers": [],"Plans": [{"Node Type": "Seq Scan","Parent Relationship": "Outer","Parallel Aware": true,"Async Capable": false,"Relation Name": "part","Alias": "part","Startup Cost": 0.00,"Total Cost": 7638.67,"Plan Rows": 200,"Plan Width": 30,"Actual Startup Time": 0.483,"Actual Total Time": 32.262,"Actual Rows": 163,"Actual Loops": 3,"Filter": "((p_size >= 1) AND (((p_brand = 'Brand#14'::bpchar) AND (p_container = ANY ('{\"SM CASE\",\"SM BOX\",\"SM PACK\",\"SM PKG\"}'::bpchar[])) AND (p_size <= 5)) OR ((p_brand = 'Brand#52'::bpchar) AND (p_container = ANY ('{\"MED BAG\",\"MED BOX\",\"MED PKG\",\"MED PACK\"}'::bpchar[])) AND (p_size <= 10)) OR ((p_brand = 'Brand#43'::bpchar) AND (p_container = ANY ('{\"LG CASE\",\"LG BOX\",\"LG PACK\",\"LG PKG\"}'::bpchar[])) AND (p_size <= 15))))","Rows Removed by Filter": 66503,"Workers": []},{"Node Type": "Index Scan","Parent Relationship": "Inner","Parallel Aware": false,"Async Capable": false,"Scan Direction": "Forward","Index Name": "idx_lineitem_part_supp","Relation Name": "lineitem","Alias": "lineitem","Startup Cost": 0.43,"Total Cost": 123.18,"Plan Rows": 1,"Plan Width": 21,"Actual Startup Time": 0.235,"Actual Total Time": 0.265,"Actual Rows": 0,"Actual Loops": 490,"Index Cond": "(l_partkey = part.p_partkey)","Rows Removed by Index Recheck": 0,"Filter": "((l_shipmode = ANY ('{AIR,\"AIR REG\"}'::bpchar[])) AND (l_shipinstruct = 'DELIVER IN PERSON'::bpchar) AND (((l_quantity >= '4'::numeric) AND (l_quantity <= '14'::numeric)) OR ((l_quantity >= '20'::numeric) AND (l_quantity <= '30'::numeric)) OR ((l_quantity >= '27'::numeric) AND (l_quantity <= '37'::numeric))) AND (((part.p_brand = 'Brand#14'::bpchar) AND (part.p_container = ANY ('{\"SM CASE\",\"SM BOX\",\"SM PACK\",\"SM PKG\"}'::bpchar[])) AND (l_quantity >= '4'::numeric) AND (l_quantity <= '14'::numeric) AND (part.p_size <= 5)) OR ((part.p_brand = 'Brand#52'::bpchar) AND (part.p_container = ANY ('{\"MED BAG\",\"MED BOX\",\"MED PKG\",\"MED PACK\"}'::bpchar[])) AND (l_quantity >= '20'::numeric) AND (l_quantity <= '30'::numeric) AND (part.p_size <= 10)) OR ((part.p_brand = 'Brand#43'::bpchar) AND (part.p_container = ANY ('{\"LG CASE\",\"LG BOX\",\"LG PACK\",\"LG PKG\"}'::bpchar[])) AND (l_quantity >= '27'::numeric) AND (l_quantity <= '37'::numeric) AND (part.p_size <= 15))))","Rows Removed by Filter": 30,"Workers": []}]}]}]}]},"Planning Time": 5.032,"Triggers": [],"Execution Time": 96.674}]
[{"Plan": {"Node Type": "Aggregate","Strategy": "Plain","Partial Mode": "Finalize","Parallel Aware": false,"Async Capable": false,"Startup Cost": 33626.55,"Total Cost": 33626.56,"Plan Rows": 1,"Plan Width": 32,"Actual Startup Time": 81.229,"Actual Total Time": 95.944,"Actual Rows": 1,"Actual Loops": 1,"Plans": [{"Node Type": "Gather","Parent Relationship": "Outer","Parallel Aware": false,"Async Capable": false,"Startup Cost": 33626.33,"Total Cost": 33626.54,"Plan Rows": 2,"Plan Width": 32,"Actual Startup Time": 81.046,"Actual Total Time": 95.924,"Actual Rows": 3,"Actual Loops": 1,"Workers Planned": 2,"Workers Launched": 2,"Single Copy": false,"Plans": [{"Node Type": "Aggregate","Strategy": "Plain","Partial Mode": "Partial","Parent Relationship": "Outer","Parallel Aware": false,"Async Capable": false,"Startup Cost": 32626.33,"Total Cost": 32626.34,"Plan Rows": 1,"Plan Width": 32,"Actual Startup Time": 74.509,"Actual Total Time": 74.511,"Actual Rows": 1,"Actual Loops": 3,"Workers": [],"Plans": [{"Node Type": "Nested Loop","Parent Relationship": "Outer","Parallel Aware": false,"Async Capable": false,"Join Type": "Inner","Startup Cost": 0.43,"Total Cost": 32625.98,"Plan Rows": 47,"Plan Width": 12,"Actual Startup Time": 5.111,"Actual Total Time": 74.465,"Actual Rows": 36,"Actual Loops": 3,"Inner Unique": false,"Workers": [],"Plans": [{"Node Type": "Seq Scan","Parent Relationship": "Outer","Parallel Aware": true,"Async Capable": false,"Relation Name": "part","Alias": "part","Startup Cost": 0.00,"Total Cost": 7638.67,"Plan Rows": 203,"Plan Width": 30,"Actual Startup Time": 0.812,"Actual Total Time": 32.212,"Actual Rows": 158,"Actual Loops": 3,"Filter": "((p_size >= 1) AND (((p_brand = 'Brand#15'::bpchar) AND (p_container = ANY ('{\"SM CASE\",\"SM BOX\",\"SM PACK\",\"SM PKG\"}'::bpchar[])) AND (p_size <= 5)) OR ((p_brand = 'Brand#11'::bpchar) AND (p_container = ANY ('{\"MED BAG\",\"MED BOX\",\"MED PKG\",\"MED PACK\"}'::bpchar[])) AND (p_size <= 10)) OR ((p_brand = 'Brand#44'::bpchar) AND (p_container = ANY ('{\"LG CASE\",\"LG BOX\",\"LG PACK\",\"LG PKG\"}'::bpchar[])) AND (p_size <= 15))))","Rows Removed by Filter": 66509,"Workers": []},{"Node Type": "Index Scan","Parent Relationship": "Inner","Parallel Aware": false,"Async Capable": false,"Scan Direction": "Forward","Index Name": "idx_lineitem_part_supp","Relation Name": "lineitem","Alias": "lineitem","Startup Cost": 0.43,"Total Cost": 123.08,"Plan Rows": 1,"Plan Width": 21,"Actual Startup Time": 0.238,"Actual Total Time": 0.267,"Actual Rows": 0,"Actual Loops": 474,"Index Cond": "(l_partkey = part.p_partkey)","Rows Removed by Index Recheck": 0,"Filter": "((l_shipmode = ANY ('{AIR,\"AIR REG\"}'::bpchar[])) AND (l_shipinstruct = 'DELIVER IN PERSON'::bpchar) AND (((l_quantity >= '2'::numeric) AND (l_quantity <= '12'::numeric)) OR ((l_quantity >= '14'::numeric) AND (l_quantity <= '24'::numeric)) OR ((l_quantity >= '22'::numeric) AND (l_quantity <= '32'::numeric))) AND (((part.p_brand = 'Brand#15'::bpchar) AND (part.p_container = ANY ('{\"SM CASE\",\"SM BOX\",\"SM PACK\",\"SM PKG\"}'::bpchar[])) AND (l_quantity >= '2'::numeric) AND (l_quantity <= '12'::numeric) AND (part.p_size <= 5)) OR ((part.p_brand = 'Brand#11'::bpchar) AND (part.p_container = ANY ('{\"MED BAG\",\"MED BOX\",\"MED PKG\",\"MED PACK\"}'::bpchar[])) AND (l_quantity >= '14'::numeric) AND (l_quantity <= '24'::numeric) AND (part.p_size <= 10)) OR ((part.p_brand = 'Brand#44'::bpchar) AND (part.p_container = ANY ('{\"LG CASE\",\"LG BOX\",\"LG PACK\",\"LG PKG\"}'::bpchar[])) AND (l_quantity >= '22'::numeric) AND (l_quantity <= '32'::numeric) AND (part.p_size <= 15))))","Rows Removed by Filter": 30,"Workers": []}]}]}]}]},"Planning Time": 5.232,"Triggers": [],"Execution Time": 96.111}]
[{"Plan": {"Node Type": "Aggregate","Strategy": "Plain","Partial Mode": "Finalize","Parallel Aware": false,"Async Capable": false,"Startup Cost": 33855.62,"Total Cost": 33855.63,"Plan Rows": 1,"Plan Width": 32,"Actual Startup Time": 81.314,"Actual Total Time": 95.496,"Actual Rows": 1,"Actual Loops": 1,"Plans": [{"Node Type": "Gather","Parent Relationship": "Outer","Parallel Aware": false,"Async Capable": false,"Startup Cost": 33855.40,"Total Cost": 33855.61,"Plan Rows": 2,"Plan Width": 32,"Actual Startup Time": 81.154,"Actual Total Time": 95.473,"Actual Rows": 3,"Actual Loops": 1,"Workers Planned": 2,"Workers Launched": 2,"Single Copy": false,"Plans": [{"Node Type": "Aggregate","Strategy": "Plain","Partial Mode": "Partial","Parent Relationship": "Outer","Parallel Aware": false,"Async Capable": false,"Startup Cost": 32855.40,"Total Cost": 32855.41,"Plan Rows": 1,"Plan Width": 32,"Actual Startup Time": 74.766,"Actual Total Time": 74.769,"Actual Rows": 1,"Actual Loops": 3,"Workers": [],"Plans": [{"Node Type": "Nested Loop","Parent Relationship": "Outer","Parallel Aware": false,"Async Capable": false,"Join Type": "Inner","Startup Cost": 0.43,"Total Cost": 32855.04,"Plan Rows": 48,"Plan Width": 12,"Actual Startup Time": 2.027,"Actual Total Time": 74.733,"Actual Rows": 36,"Actual Loops": 3,"Inner Unique": false,"Workers": [],"Plans": [{"Node Type": "Seq Scan","Parent Relationship": "Outer","Parallel Aware": true,"Async Capable": false,"Relation Name": "part","Alias": "part","Startup Cost": 0.00,"Total Cost": 7638.67,"Plan Rows": 205,"Plan Width": 30,"Actual Startup Time": 0.287,"Actual Total Time": 31.964,"Actual Rows": 162,"Actual Loops": 3,"Filter": "((p_size >= 1) AND (((p_brand = 'Brand#42'::bpchar) AND (p_container = ANY ('{\"SM CASE\",\"SM BOX\",\"SM PACK\",\"SM PKG\"}'::bpchar[])) AND (p_size <= 5)) OR ((p_brand = 'Brand#15'::bpchar) AND (p_container = ANY ('{\"MED BAG\",\"MED BOX\",\"MED PKG\",\"MED PACK\"}'::bpchar[])) AND (p_size <= 10)) OR ((p_brand = 'Brand#44'::bpchar) AND (p_container = ANY ('{\"LG CASE\",\"LG BOX\",\"LG PACK\",\"LG PKG\"}'::bpchar[])) AND (p_size <= 15))))","Rows Removed by Filter": 66505,"Workers": []},{"Node Type": "Index Scan","Parent Relationship": "Inner","Parallel Aware": false,"Async Capable": false,"Scan Direction": "Forward","Index Name": "idx_lineitem_part_supp","Relation Name": "lineitem","Alias": "lineitem","Startup Cost": 0.43,"Total Cost": 123.00,"Plan Rows": 1,"Plan Width": 21,"Actual Startup Time": 0.235,"Actual Total Time": 0.264,"Actual Rows": 0,"Actual Loops": 486,"Index Cond": "(l_partkey = part.p_partkey)","Rows Removed by Index Recheck": 0,"Filter": "((l_shipmode = ANY ('{AIR,\"AIR REG\"}'::bpchar[])) AND (l_shipinstruct = 'DELIVER IN PERSON'::bpchar) AND (((l_quantity >= '10'::numeric) AND (l_quantity <= '20'::numeric)) OR ((l_quantity >= '14'::numeric) AND (l_quantity <= '24'::numeric)) OR ((l_quantity >= '28'::numeric) AND (l_quantity <= '38'::numeric))) AND (((part.p_brand = 'Brand#42'::bpchar) AND (part.p_container = ANY ('{\"SM CASE\",\"SM BOX\",\"SM PACK\",\"SM PKG\"}'::bpchar[])) AND (l_quantity >= '10'::numeric) AND (l_quantity <= '20'::numeric) AND (part.p_size <= 5)) OR ((part.p_brand = 'Brand#15'::bpchar) AND (part.p_container = ANY ('{\"MED BAG\",\"MED BOX\",\"MED PKG\",\"MED PACK\"}'::bpchar[])) AND (l_quantity >= '14'::numeric) AND (l_quantity <= '24'::numeric) AND (part.p_size <= 10)) OR ((part.p_brand = 'Brand#44'::bpchar) AND (part.p_container = ANY ('{\"LG CASE\",\"LG BOX\",\"LG PACK\",\"LG PKG\"}'::bpchar[])) AND (l_quantity >= '28'::numeric) AND (l_quantity <= '38'::numeric) AND (part.p_size <= 15))))","Rows Removed by Filter": 30,"Workers": []}]}]}]}]},"Planning Time": 5.972,"Triggers": [],"Execution Time": 95.653}]
[{"Plan": {"Node Type": "Aggregate","Strategy": "Plain","Partial Mode": "Finalize","Parallel Aware": false,"Async Capable": false,"Startup Cost": 33509.35,"Total Cost": 33509.36,"Plan Rows": 1,"Plan Width": 32,"Actual Startup Time": 79.452,"Actual Total Time": 95.433,"Actual Rows": 1,"Actual Loops": 1,"Plans": [{"Node Type": "Gather","Parent Relationship": "Outer","Parallel Aware": false,"Async Capable": false,"Startup Cost": 33509.13,"Total Cost": 33509.34,"Plan Rows": 2,"Plan Width": 32,"Actual Startup Time": 79.300,"Actual Total Time": 95.410,"Actual Rows": 3,"Actual Loops": 1,"Workers Planned": 2,"Workers Launched": 2,"Single Copy": false,"Plans": [{"Node Type": "Aggregate","Strategy": "Plain","Partial Mode": "Partial","Parent Relationship": "Outer","Parallel Aware": false,"Async Capable": false,"Startup Cost": 32509.13,"Total Cost": 32509.14,"Plan Rows": 1,"Plan Width": 32,"Actual Startup Time": 72.868,"Actual Total Time": 72.870,"Actual Rows": 1,"Actual Loops": 3,"Workers": [],"Plans": [{"Node Type": "Nested Loop","Parent Relationship": "Outer","Parallel Aware": false,"Async Capable": false,"Join Type": "Inner","Startup Cost": 0.43,"Total Cost": 32508.77,"Plan Rows": 47,"Plan Width": 12,"Actual Startup Time": 2.878,"Actual Total Time": 72.823,"Actual Rows": 35,"Actual Loops": 3,"Inner Unique": false,"Workers": [],"Plans": [{"Node Type": "Seq Scan","Parent Relationship": "Outer","Parallel Aware": true,"Async Capable": false,"Relation Name": "part","Alias": "part","Startup Cost": 0.00,"Total Cost": 7638.67,"Plan Rows": 202,"Plan Width": 30,"Actual Startup Time": 0.522,"Actual Total Time": 30.376,"Actual Rows": 160,"Actual Loops": 3,"Filter": "((p_size >= 1) AND (((p_brand = 'Brand#32'::bpchar) AND (p_container = ANY ('{\"SM CASE\",\"SM BOX\",\"SM PACK\",\"SM PKG\"}'::bpchar[])) AND (p_size <= 5)) OR ((p_brand = 'Brand#15'::bpchar) AND (p_container = ANY ('{\"MED BAG\",\"MED BOX\",\"MED PKG\",\"MED PACK\"}'::bpchar[])) AND (p_size <= 10)) OR ((p_brand = 'Brand#44'::bpchar) AND (p_container = ANY ('{\"LG CASE\",\"LG BOX\",\"LG PACK\",\"LG PKG\"}'::bpchar[])) AND (p_size <= 15))))","Rows Removed by Filter": 66506,"Workers": []},{"Node Type": "Index Scan","Parent Relationship": "Inner","Parallel Aware": false,"Async Capable": false,"Scan Direction": "Forward","Index Name": "idx_lineitem_part_supp","Relation Name": "lineitem","Alias": "lineitem","Startup Cost": 0.43,"Total Cost": 123.11,"Plan Rows": 1,"Plan Width": 21,"Actual Startup Time": 0.235,"Actual Total Time": 0.264,"Actual Rows": 0,"Actual Loops": 481,"Index Cond": "(l_partkey = part.p_partkey)","Rows Removed by Index Recheck": 0,"Filter": "((l_shipmode = ANY ('{AIR,\"AIR REG\"}'::bpchar[])) AND (l_shipinstruct = 'DELIVER IN PERSON'::bpchar) AND (((l_quantity >= '5'::numeric) AND (l_quantity <= '15'::numeric)) OR ((l_quantity >= '19'::numeric) AND (l_quantity <= '29'::numeric)) OR ((l_quantity >= '22'::numeric) AND (l_quantity <= '32'::numeric))) AND (((part.p_brand = 'Brand#32'::bpchar) AND (part.p_container = ANY ('{\"SM CASE\",\"SM BOX\",\"SM PACK\",\"SM PKG\"}'::bpchar[])) AND (l_quantity >= '5'::numeric) AND (l_quantity <= '15'::numeric) AND (part.p_size <= 5)) OR ((part.p_brand = 'Brand#15'::bpchar) AND (part.p_container = ANY ('{\"MED BAG\",\"MED BOX\",\"MED PKG\",\"MED PACK\"}'::bpchar[])) AND (l_quantity >= '19'::numeric) AND (l_quantity <= '29'::numeric) AND (part.p_size <= 10)) OR ((part.p_brand = 'Brand#44'::bpchar) AND (part.p_container = ANY ('{\"LG CASE\",\"LG BOX\",\"LG PACK\",\"LG PKG\"}'::bpchar[])) AND (l_quantity >= '22'::numeric) AND (l_quantity <= '32'::numeric) AND (part.p_size <= 15))))","Rows Removed by Filter": 30,"Workers": []}]}]}]}]},"Planning Time": 5.686,"Triggers": [],"Execution Time": 95.677}]
[{"Plan": {"Node Type": "Aggregate","Strategy": "Plain","Partial Mode": "Finalize","Parallel Aware": false,"Async Capable": false,"Startup Cost": 33394.52,"Total Cost": 33394.53,"Plan Rows": 1,"Plan Width": 32,"Actual Startup Time": 81.485,"Actual Total Time": 96.168,"Actual Rows": 1,"Actual Loops": 1,"Plans": [{"Node Type": "Gather","Parent Relationship": "Outer","Parallel Aware": false,"Async Capable": false,"Startup Cost": 33394.30,"Total Cost": 33394.51,"Plan Rows": 2,"Plan Width": 32,"Actual Startup Time": 81.197,"Actual Total Time": 96.137,"Actual Rows": 3,"Actual Loops": 1,"Workers Planned": 2,"Workers Launched": 2,"Single Copy": false,"Plans": [{"Node Type": "Aggregate","Strategy": "Plain","Partial Mode": "Partial","Parent Relationship": "Outer","Parallel Aware": false,"Async Capable": false,"Startup Cost": 32394.30,"Total Cost": 32394.31,"Plan Rows": 1,"Plan Width": 32,"Actual Startup Time": 74.892,"Actual Total Time": 74.893,"Actual Rows": 1,"Actual Loops": 3,"Workers": [],"Plans": [{"Node Type": "Nested Loop","Parent Relationship": "Outer","Parallel Aware": false,"Async Capable": false,"Join Type": "Inner","Startup Cost": 0.43,"Total Cost": 32393.95,"Plan Rows": 47,"Plan Width": 12,"Actual Startup Time": 1.088,"Actual Total Time": 74.859,"Actual Rows": 35,"Actual Loops": 3,"Inner Unique": false,"Workers": [],"Plans": [{"Node Type": "Seq Scan","Parent Relationship": "Outer","Parallel Aware": true,"Async Capable": false,"Relation Name": "part","Alias": "part","Startup Cost": 0.00,"Total Cost": 7638.67,"Plan Rows": 201,"Plan Width": 30,"Actual Startup Time": 0.483,"Actual Total Time": 31.744,"Actual Rows": 163,"Actual Loops": 3,"Filter": "((p_size >= 1) AND (((p_brand = 'Brand#35'::bpchar) AND (p_container = ANY ('{\"SM CASE\",\"SM BOX\",\"SM PACK\",\"SM PKG\"}'::bpchar[])) AND (p_size <= 5)) OR ((p_brand = 'Brand#12'::bpchar) AND (p_container = ANY ('{\"MED BAG\",\"MED BOX\",\"MED PKG\",\"MED PACK\"}'::bpchar[])) AND (p_size <= 10)) OR ((p_brand = 'Brand#51'::bpchar) AND (p_container = ANY ('{\"LG CASE\",\"LG BOX\",\"LG PACK\",\"LG PKG\"}'::bpchar[])) AND (p_size <= 15))))","Rows Removed by Filter": 66503,"Workers": []},{"Node Type": "Index Scan","Parent Relationship": "Inner","Parallel Aware": false,"Async Capable": false,"Scan Direction": "Forward","Index Name": "idx_lineitem_part_supp","Relation Name": "lineitem","Alias": "lineitem","Startup Cost": 0.43,"Total Cost": 123.15,"Plan Rows": 1,"Plan Width": 21,"Actual Startup Time": 0.237,"Actual Total Time": 0.264,"Actual Rows": 0,"Actual Loops": 490,"Index Cond": "(l_partkey = part.p_partkey)","Rows Removed by Index Recheck": 0,"Filter": "((l_shipmode = ANY ('{AIR,\"AIR REG\"}'::bpchar[])) AND (l_shipinstruct = 'DELIVER IN PERSON'::bpchar) AND (((l_quantity >= '3'::numeric) AND (l_quantity <= '13'::numeric)) OR ((l_quantity >= '16'::numeric) AND (l_quantity <= '26'::numeric)) OR ((l_quantity >= '26'::numeric) AND (l_quantity <= '36'::numeric))) AND (((part.p_brand = 'Brand#35'::bpchar) AND (part.p_container = ANY ('{\"SM CASE\",\"SM BOX\",\"SM PACK\",\"SM PKG\"}'::bpchar[])) AND (l_quantity >= '3'::numeric) AND (l_quantity <= '13'::numeric) AND (part.p_size <= 5)) OR ((part.p_brand = 'Brand#12'::bpchar) AND (part.p_container = ANY ('{\"MED BAG\",\"MED BOX\",\"MED PKG\",\"MED PACK\"}'::bpchar[])) AND (l_quantity >= '16'::numeric) AND (l_quantity <= '26'::numeric) AND (part.p_size <= 10)) OR ((part.p_brand = 'Brand#51'::bpchar) AND (part.p_container = ANY ('{\"LG CASE\",\"LG BOX\",\"LG PACK\",\"LG PKG\"}'::bpchar[])) AND (l_quantity >= '26'::numeric) AND (l_quantity <= '36'::numeric) AND (part.p_size <= 15))))","Rows Removed by Filter": 30,"Workers": []}]}]}]}]},"Planning Time": 6.388,"Triggers": [],"Execution Time": 96.327}]
[{"Plan": {"Node Type": "Aggregate","Strategy": "Plain","Partial Mode": "Finalize","Parallel Aware": false,"Async Capable": false,"Startup Cost": 33968.16,"Total Cost": 33968.17,"Plan Rows": 1,"Plan Width": 32,"Actual Startup Time": 83.957,"Actual Total Time": 99.395,"Actual Rows": 1,"Actual Loops": 1,"Plans": [{"Node Type": "Gather","Parent Relationship": "Outer","Parallel Aware": false,"Async Capable": false,"Startup Cost": 33967.94,"Total Cost": 33968.15,"Plan Rows": 2,"Plan Width": 32,"Actual Startup Time": 83.769,"Actual Total Time": 99.376,"Actual Rows": 3,"Actual Loops": 1,"Workers Planned": 2,"Workers Launched": 2,"Single Copy": false,"Plans": [{"Node Type": "Aggregate","Strategy": "Plain","Partial Mode": "Partial","Parent Relationship": "Outer","Parallel Aware": false,"Async Capable": false,"Startup Cost": 32967.94,"Total Cost": 32967.95,"Plan Rows": 1,"Plan Width": 32,"Actual Startup Time": 77.387,"Actual Total Time": 77.390,"Actual Rows": 1,"Actual Loops": 3,"Workers": [],"Plans": [{"Node Type": "Nested Loop","Parent Relationship": "Outer","Parallel Aware": false,"Async Capable": false,"Join Type": "Inner","Startup Cost": 0.43,"Total Cost": 32967.58,"Plan Rows": 48,"Plan Width": 12,"Actual Startup Time": 3.923,"Actual Total Time": 77.348,"Actual Rows": 37,"Actual Loops": 3,"Inner Unique": false,"Workers": [],"Plans": [{"Node Type": "Seq Scan","Parent Relationship": "Outer","Parallel Aware": true,"Async Capable": false,"Relation Name": "part","Alias": "part","Startup Cost": 0.00,"Total Cost": 7638.67,"Plan Rows": 206,"Plan Width": 30,"Actual Startup Time": 0.400,"Actual Total Time": 33.621,"Actual Rows": 164,"Actual Loops": 3,"Filter": "((p_size >= 1) AND (((p_brand = 'Brand#33'::bpchar) AND (p_container = ANY ('{\"SM CASE\",\"SM BOX\",\"SM PACK\",\"SM PKG\"}'::bpchar[])) AND (p_size <= 5)) OR ((p_brand = 'Brand#23'::bpchar) AND (p_container = ANY ('{\"MED BAG\",\"MED BOX\",\"MED PKG\",\"MED PACK\"}'::bpchar[])) AND (p_size <= 10)) OR ((p_brand = 'Brand#45'::bpchar) AND (p_container = ANY ('{\"LG CASE\",\"LG BOX\",\"LG PACK\",\"LG PKG\"}'::bpchar[])) AND (p_size <= 15))))","Rows Removed by Filter": 66502,"Workers": []},{"Node Type": "Index Scan","Parent Relationship": "Inner","Parallel Aware": false,"Async Capable": false,"Scan Direction": "Forward","Index Name": "idx_lineitem_part_supp","Relation Name": "lineitem","Alias": "lineitem","Startup Cost": 0.43,"Total Cost": 122.95,"Plan Rows": 1,"Plan Width": 21,"Actual Startup Time": 0.239,"Actual Total Time": 0.266,"Actual Rows": 0,"Actual Loops": 493,"Index Cond": "(l_partkey = part.p_partkey)","Rows Removed by Index Recheck": 0,"Filter": "((l_shipmode = ANY ('{AIR,\"AIR REG\"}'::bpchar[])) AND (l_shipinstruct = 'DELIVER IN PERSON'::bpchar) AND (((l_quantity >= '5'::numeric) AND (l_quantity <= '15'::numeric)) OR ((l_quantity >= '15'::numeric) AND (l_quantity <= '25'::numeric)) OR ((l_quantity >= '27'::numeric) AND (l_quantity <= '37'::numeric))) AND (((part.p_brand = 'Brand#33'::bpchar) AND (part.p_container = ANY ('{\"SM CASE\",\"SM BOX\",\"SM PACK\",\"SM PKG\"}'::bpchar[])) AND (l_quantity >= '5'::numeric) AND (l_quantity <= '15'::numeric) AND (part.p_size <= 5)) OR ((part.p_brand = 'Brand#23'::bpchar) AND (part.p_container = ANY ('{\"MED BAG\",\"MED BOX\",\"MED PKG\",\"MED PACK\"}'::bpchar[])) AND (l_quantity >= '15'::numeric) AND (l_quantity <= '25'::numeric) AND (part.p_size <= 10)) OR ((part.p_brand = 'Brand#45'::bpchar) AND (part.p_container = ANY ('{\"LG CASE\",\"LG BOX\",\"LG PACK\",\"LG PKG\"}'::bpchar[])) AND (l_quantity >= '27'::numeric) AND (l_quantity <= '37'::numeric) AND (part.p_size <= 15))))","Rows Removed by Filter": 29,"Workers": []}]}]}]}]},"Planning Time": 6.923,"Triggers": [],"Execution Time": 99.548}]
[{"Plan": {"Node Type": "Aggregate","Strategy": "Plain","Partial Mode": "Finalize","Parallel Aware": false,"Async Capable": false,"Startup Cost": 34085.11,"Total Cost": 34085.12,"Plan Rows": 1,"Plan Width": 32,"Actual Startup Time": 78.091,"Actual Total Time": 93.014,"Actual Rows": 1,"Actual Loops": 1,"Plans": [{"Node Type": "Gather","Parent Relationship": "Outer","Parallel Aware": false,"Async Capable": false,"Startup Cost": 34084.88,"Total Cost": 34085.09,"Plan Rows": 2,"Plan Width": 32,"Actual Startup Time": 77.974,"Actual Total Time": 92.988,"Actual Rows": 3,"Actual Loops": 1,"Workers Planned": 2,"Workers Launched": 2,"Single Copy": false,"Plans": [{"Node Type": "Aggregate","Strategy": "Plain","Partial Mode": "Partial","Parent Relationship": "Outer","Parallel Aware": false,"Async Capable": false,"Startup Cost": 33084.88,"Total Cost": 33084.89,"Plan Rows": 1,"Plan Width": 32,"Actual Startup Time": 71.892,"Actual Total Time": 71.896,"Actual Rows": 1,"Actual Loops": 3,"Workers": [],"Plans": [{"Node Type": "Nested Loop","Parent Relationship": "Outer","Parallel Aware": false,"Async Capable": false,"Join Type": "Inner","Startup Cost": 0.43,"Total Cost": 33084.52,"Plan Rows": 48,"Plan Width": 12,"Actual Startup Time": 3.644,"Actual Total Time": 71.854,"Actual Rows": 40,"Actual Loops": 3,"Inner Unique": false,"Workers": [],"Plans": [{"Node Type": "Seq Scan","Parent Relationship": "Outer","Parallel Aware": true,"Async Capable": false,"Relation Name": "part","Alias": "part","Startup Cost": 0.00,"Total Cost": 7638.67,"Plan Rows": 207,"Plan Width": 30,"Actual Startup Time": 0.360,"Actual Total Time": 30.713,"Actual Rows": 157,"Actual Loops": 3,"Filter": "((p_size >= 1) AND (((p_brand = 'Brand#44'::bpchar) AND (p_container = ANY ('{\"SM CASE\",\"SM BOX\",\"SM PACK\",\"SM PKG\"}'::bpchar[])) AND (p_size <= 5)) OR ((p_brand = 'Brand#14'::bpchar) AND (p_container = ANY ('{\"MED BAG\",\"MED BOX\",\"MED PKG\",\"MED PACK\"}'::bpchar[])) AND (p_size <= 10)) OR ((p_brand = 'Brand#42'::bpchar) AND (p_container = ANY ('{\"LG CASE\",\"LG BOX\",\"LG PACK\",\"LG PKG\"}'::bpchar[])) AND (p_size <= 15))))","Rows Removed by Filter": 66510,"Workers": []},{"Node Type": "Index Scan","Parent Relationship": "Inner","Parallel Aware": false,"Async Capable": false,"Scan Direction": "Forward","Index Name": "idx_lineitem_part_supp","Relation Name": "lineitem","Alias": "lineitem","Startup Cost": 0.43,"Total Cost": 122.92,"Plan Rows": 1,"Plan Width": 21,"Actual Startup Time": 0.231,"Actual Total Time": 0.262,"Actual Rows": 0,"Actual Loops": 470,"Index Cond": "(l_partkey = part.p_partkey)","Rows Removed by Index Recheck": 0,"Filter": "((l_shipmode = ANY ('{AIR,\"AIR REG\"}'::bpchar[])) AND (l_shipinstruct = 'DELIVER IN PERSON'::bpchar) AND (((l_quantity >= '10'::numeric) AND (l_quantity <= '20'::numeric)) OR ((l_quantity >= '19'::numeric) AND (l_quantity <= '29'::numeric)) OR ((l_quantity >= '21'::numeric) AND (l_quantity <= '31'::numeric))) AND (((part.p_brand = 'Brand#44'::bpchar) AND (part.p_container = ANY ('{\"SM CASE\",\"SM BOX\",\"SM PACK\",\"SM PKG\"}'::bpchar[])) AND (l_quantity >= '10'::numeric) AND (l_quantity <= '20'::numeric) AND (part.p_size <= 5)) OR ((part.p_brand = 'Brand#14'::bpchar) AND (part.p_container = ANY ('{\"MED BAG\",\"MED BOX\",\"MED PKG\",\"MED PACK\"}'::bpchar[])) AND (l_quantity >= '19'::numeric) AND (l_quantity <= '29'::numeric) AND (part.p_size <= 10)) OR ((part.p_brand = 'Brand#42'::bpchar) AND (part.p_container = ANY ('{\"LG CASE\",\"LG BOX\",\"LG PACK\",\"LG PKG\"}'::bpchar[])) AND (l_quantity >= '21'::numeric) AND (l_quantity <= '31'::numeric) AND (part.p_size <= 15))))","Rows Removed by Filter": 30,"Workers": []}]}]}]}]},"Planning Time": 6.566,"Triggers": [],"Execution Time": 93.176}]
[{"Plan": {"Node Type": "Aggregate","Strategy": "Plain","Partial Mode": "Finalize","Parallel Aware": false,"Async Capable": false,"Startup Cost": 33623.65,"Total Cost": 33623.66,"Plan Rows": 1,"Plan Width": 32,"Actual Startup Time": 84.059,"Actual Total Time": 100.023,"Actual Rows": 1,"Actual Loops": 1,"Plans": [{"Node Type": "Gather","Parent Relationship": "Outer","Parallel Aware": false,"Async Capable": false,"Startup Cost": 33623.43,"Total Cost": 33623.64,"Plan Rows": 2,"Plan Width": 32,"Actual Startup Time": 84.024,"Actual Total Time": 99.991,"Actual Rows": 3,"Actual Loops": 1,"Workers Planned": 2,"Workers Launched": 2,"Single Copy": false,"Plans": [{"Node Type": "Aggregate","Strategy": "Plain","Partial Mode": "Partial","Parent Relationship": "Outer","Parallel Aware": false,"Async Capable": false,"Startup Cost": 32623.43,"Total Cost": 32623.44,"Plan Rows": 1,"Plan Width": 32,"Actual Startup Time": 77.272,"Actual Total Time": 77.274,"Actual Rows": 1,"Actual Loops": 3,"Workers": [],"Plans": [{"Node Type": "Nested Loop","Parent Relationship": "Outer","Parallel Aware": false,"Async Capable": false,"Join Type": "Inner","Startup Cost": 0.43,"Total Cost": 32623.07,"Plan Rows": 47,"Plan Width": 12,"Actual Startup Time": 4.377,"Actual Total Time": 77.216,"Actual Rows": 39,"Actual Loops": 3,"Inner Unique": false,"Workers": [],"Plans": [{"Node Type": "Seq Scan","Parent Relationship": "Outer","Parallel Aware": true,"Async Capable": false,"Relation Name": "part","Alias": "part","Startup Cost": 0.00,"Total Cost": 7638.67,"Plan Rows": 203,"Plan Width": 30,"Actual Startup Time": 0.621,"Actual Total Time": 33.131,"Actual Rows": 163,"Actual Loops": 3,"Filter": "((p_size >= 1) AND (((p_brand = 'Brand#21'::bpchar) AND (p_container = ANY ('{\"SM CASE\",\"SM BOX\",\"SM PACK\",\"SM PKG\"}'::bpchar[])) AND (p_size <= 5)) OR ((p_brand = 'Brand#15'::bpchar) AND (p_container = ANY ('{\"MED BAG\",\"MED BOX\",\"MED PKG\",\"MED PACK\"}'::bpchar[])) AND (p_size <= 10)) OR ((p_brand = 'Brand#54'::bpchar) AND (p_container = ANY ('{\"LG CASE\",\"LG BOX\",\"LG PACK\",\"LG PKG\"}'::bpchar[])) AND (p_size <= 15))))","Rows Removed by Filter": 66503,"Workers": []},{"Node Type": "Index Scan","Parent Relationship": "Inner","Parallel Aware": false,"Async Capable": false,"Scan Direction": "Forward","Index Name": "idx_lineitem_part_supp","Relation Name": "lineitem","Alias": "lineitem","Startup Cost": 0.43,"Total Cost": 123.07,"Plan Rows": 1,"Plan Width": 21,"Actual Startup Time": 0.238,"Actual Total Time": 0.269,"Actual Rows": 0,"Actual Loops": 490,"Index Cond": "(l_partkey = part.p_partkey)","Rows Removed by Index Recheck": 0,"Filter": "((l_shipmode = ANY ('{AIR,\"AIR REG\"}'::bpchar[])) AND (l_shipinstruct = 'DELIVER IN PERSON'::bpchar) AND (((l_quantity >= '6'::numeric) AND (l_quantity <= '16'::numeric)) OR ((l_quantity >= '19'::numeric) AND (l_quantity <= '29'::numeric)) OR ((l_quantity >= '22'::numeric) AND (l_quantity <= '32'::numeric))) AND (((part.p_brand = 'Brand#21'::bpchar) AND (part.p_container = ANY ('{\"SM CASE\",\"SM BOX\",\"SM PACK\",\"SM PKG\"}'::bpchar[])) AND (l_quantity >= '6'::numeric) AND (l_quantity <= '16'::numeric) AND (part.p_size <= 5)) OR ((part.p_brand = 'Brand#15'::bpchar) AND (part.p_container = ANY ('{\"MED BAG\",\"MED BOX\",\"MED PKG\",\"MED PACK\"}'::bpchar[])) AND (l_quantity >= '19'::numeric) AND (l_quantity <= '29'::numeric) AND (part.p_size <= 10)) OR ((part.p_brand = 'Brand#54'::bpchar) AND (part.p_container = ANY ('{\"LG CASE\",\"LG BOX\",\"LG PACK\",\"LG PKG\"}'::bpchar[])) AND (l_quantity >= '22'::numeric) AND (l_quantity <= '32'::numeric) AND (part.p_size <= 15))))","Rows Removed by Filter": 30,"Workers": []}]}]}]}]},"Planning Time": 6.491,"Triggers": [],"Execution Time": 100.247}]
[{"Plan": {"Node Type": "Aggregate","Strategy": "Plain","Partial Mode": "Finalize","Parallel Aware": false,"Async Capable": false,"Startup Cost": 33743.01,"Total Cost": 33743.02,"Plan Rows": 1,"Plan Width": 32,"Actual Startup Time": 82.942,"Actual Total Time": 97.986,"Actual Rows": 1,"Actual Loops": 1,"Plans": [{"Node Type": "Gather","Parent Relationship": "Outer","Parallel Aware": false,"Async Capable": false,"Startup Cost": 33742.79,"Total Cost": 33743.00,"Plan Rows": 2,"Plan Width": 32,"Actual Startup Time": 82.528,"Actual Total Time": 97.954,"Actual Rows": 3,"Actual Loops": 1,"Workers Planned": 2,"Workers Launched": 2,"Single Copy": false,"Plans": [{"Node Type": "Aggregate","Strategy": "Plain","Partial Mode": "Partial","Parent Relationship": "Outer","Parallel Aware": false,"Async Capable": false,"Startup Cost": 32742.79,"Total Cost": 32742.80,"Plan Rows": 1,"Plan Width": 32,"Actual Startup Time": 75.968,"Actual Total Time": 75.971,"Actual Rows": 1,"Actual Loops": 3,"Workers": [],"Plans": [{"Node Type": "Nested Loop","Parent Relationship": "Outer","Parallel Aware": false,"Async Capable": false,"Join Type": "Inner","Startup Cost": 0.43,"Total Cost": 32742.43,"Plan Rows": 48,"Plan Width": 12,"Actual Startup Time": 3.797,"Actual Total Time": 75.925,"Actual Rows": 35,"Actual Loops": 3,"Inner Unique": false,"Workers": [],"Plans": [{"Node Type": "Seq Scan","Parent Relationship": "Outer","Parallel Aware": true,"Async Capable": false,"Relation Name": "part","Alias": "part","Startup Cost": 0.00,"Total Cost": 7638.67,"Plan Rows": 204,"Plan Width": 30,"Actual Startup Time": 0.925,"Actual Total Time": 33.541,"Actual Rows": 153,"Actual Loops": 3,"Filter": "((p_size >= 1) AND (((p_brand = 'Brand#25'::bpchar) AND (p_container = ANY ('{\"SM CASE\",\"SM BOX\",\"SM PACK\",\"SM PKG\"}'::bpchar[])) AND (p_size <= 5)) OR ((p_brand = 'Brand#22'::bpchar) AND (p_container = ANY ('{\"MED BAG\",\"MED BOX\",\"MED PKG\",\"MED PACK\"}'::bpchar[])) AND (p_size <= 10)) OR ((p_brand = 'Brand#21'::bpchar) AND (p_container = ANY ('{\"LG CASE\",\"LG BOX\",\"LG PACK\",\"LG PKG\"}'::bpchar[])) AND (p_size <= 15))))","Rows Removed by Filter": 66514,"Workers": []},{"Node Type": "Index Scan","Parent Relationship": "Inner","Parallel Aware": false,"Async Capable": false,"Scan Direction": "Forward","Index Name": "idx_lineitem_part_supp","Relation Name": "lineitem","Alias": "lineitem","Startup Cost": 0.43,"Total Cost": 123.05,"Plan Rows": 1,"Plan Width": 21,"Actual Startup Time": 0.247,"Actual Total Time": 0.277,"Actual Rows": 0,"Actual Loops": 459,"Index Cond": "(l_partkey = part.p_partkey)","Rows Removed by Index Recheck": 0,"Filter": "((l_shipmode = ANY ('{AIR,\"AIR REG\"}'::bpchar[])) AND (l_shipinstruct = 'DELIVER IN PERSON'::bpchar) AND (((l_quantity >= '4'::numeric) AND (l_quantity <= '14'::numeric)) OR ((l_quantity >= '13'::numeric) AND (l_quantity <= '23'::numeric)) OR ((l_quantity >= '20'::numeric) AND (l_quantity <= '30'::numeric))) AND (((part.p_brand = 'Brand#25'::bpchar) AND (part.p_container = ANY ('{\"SM CASE\",\"SM BOX\",\"SM PACK\",\"SM PKG\"}'::bpchar[])) AND (l_quantity >= '4'::numeric) AND (l_quantity <= '14'::numeric) AND (part.p_size <= 5)) OR ((part.p_brand = 'Brand#22'::bpchar) AND (part.p_container = ANY ('{\"MED BAG\",\"MED BOX\",\"MED PKG\",\"MED PACK\"}'::bpchar[])) AND (l_quantity >= '13'::numeric) AND (l_quantity <= '23'::numeric) AND (part.p_size <= 10)) OR ((part.p_brand = 'Brand#21'::bpchar) AND (part.p_container = ANY ('{\"LG CASE\",\"LG BOX\",\"LG PACK\",\"LG PKG\"}'::bpchar[])) AND (l_quantity >= '20'::numeric) AND (l_quantity <= '30'::numeric) AND (part.p_size <= 15))))","Rows Removed by Filter": 30,"Workers": []}]}]}]}]},"Planning Time": 6.222,"Triggers": [],"Execution Time": 98.169}]
[{"Plan": {"Node Type": "Aggregate","Strategy": "Plain","Partial Mode": "Finalize","Parallel Aware": false,"Async Capable": false,"Startup Cost": 33392.51,"Total Cost": 33392.52,"Plan Rows": 1,"Plan Width": 32,"Actual Startup Time": 82.939,"Actual Total Time": 98.101,"Actual Rows": 1,"Actual Loops": 1,"Plans": [{"Node Type": "Gather","Parent Relationship": "Outer","Parallel Aware": false,"Async Capable": false,"Startup Cost": 33392.28,"Total Cost": 33392.49,"Plan Rows": 2,"Plan Width": 32,"Actual Startup Time": 82.781,"Actual Total Time": 98.076,"Actual Rows": 3,"Actual Loops": 1,"Workers Planned": 2,"Workers Launched": 2,"Single Copy": false,"Plans": [{"Node Type": "Aggregate","Strategy": "Plain","Partial Mode": "Partial","Parent Relationship": "Outer","Parallel Aware": false,"Async Capable": false,"Startup Cost": 32392.28,"Total Cost": 32392.29,"Plan Rows": 1,"Plan Width": 32,"Actual Startup Time": 76.630,"Actual Total Time": 76.631,"Actual Rows": 1,"Actual Loops": 3,"Workers": [],"Plans": [{"Node Type": "Nested Loop","Parent Relationship": "Outer","Parallel Aware": false,"Async Capable": false,"Join Type": "Inner","Startup Cost": 0.43,"Total Cost": 32391.93,"Plan Rows": 47,"Plan Width": 12,"Actual Startup Time": 5.568,"Actual Total Time": 76.579,"Actual Rows": 43,"Actual Loops": 3,"Inner Unique": false,"Workers": [],"Plans": [{"Node Type": "Seq Scan","Parent Relationship": "Outer","Parallel Aware": true,"Async Capable": false,"Relation Name": "part","Alias": "part","Startup Cost": 0.00,"Total Cost": 7638.67,"Plan Rows": 201,"Plan Width": 30,"Actual Startup Time": 0.337,"Actual Total Time": 31.067,"Actual Rows": 172,"Actual Loops": 3,"Filter": "((p_size >= 1) AND (((p_brand = 'Brand#34'::bpchar) AND (p_container = ANY ('{\"SM CASE\",\"SM BOX\",\"SM PACK\",\"SM PKG\"}'::bpchar[])) AND (p_size <= 5)) OR ((p_brand = 'Brand#12'::bpchar) AND (p_container = ANY ('{\"MED BAG\",\"MED BOX\",\"MED PKG\",\"MED PACK\"}'::bpchar[])) AND (p_size <= 10)) OR ((p_brand = 'Brand#52'::bpchar) AND (p_container = ANY ('{\"LG CASE\",\"LG BOX\",\"LG PACK\",\"LG PKG\"}'::bpchar[])) AND (p_size <= 15))))","Rows Removed by Filter": 66494,"Workers": []},{"Node Type": "Index Scan","Parent Relationship": "Inner","Parallel Aware": false,"Async Capable": false,"Scan Direction": "Forward","Index Name": "idx_lineitem_part_supp","Relation Name": "lineitem","Alias": "lineitem","Startup Cost": 0.43,"Total Cost": 123.14,"Plan Rows": 1,"Plan Width": 21,"Actual Startup Time": 0.239,"Actual Total Time": 0.264,"Actual Rows": 0,"Actual Loops": 517,"Index Cond": "(l_partkey = part.p_partkey)","Rows Removed by Index Recheck": 0,"Filter": "((l_shipmode = ANY ('{AIR,\"AIR REG\"}'::bpchar[])) AND (l_shipinstruct = 'DELIVER IN PERSON'::bpchar) AND (((l_quantity >= '9'::numeric) AND (l_quantity <= '19'::numeric)) OR ((l_quantity >= '12'::numeric) AND (l_quantity <= '22'::numeric)) OR ((l_quantity >= '21'::numeric) AND (l_quantity <= '31'::numeric))) AND (((part.p_brand = 'Brand#34'::bpchar) AND (part.p_container = ANY ('{\"SM CASE\",\"SM BOX\",\"SM PACK\",\"SM PKG\"}'::bpchar[])) AND (l_quantity >= '9'::numeric) AND (l_quantity <= '19'::numeric) AND (part.p_size <= 5)) OR ((part.p_brand = 'Brand#12'::bpchar) AND (part.p_container = ANY ('{\"MED BAG\",\"MED BOX\",\"MED PKG\",\"MED PACK\"}'::bpchar[])) AND (l_quantity >= '12'::numeric) AND (l_quantity <= '22'::numeric) AND (part.p_size <= 10)) OR ((part.p_brand = 'Brand#52'::bpchar) AND (part.p_container = ANY ('{\"LG CASE\",\"LG BOX\",\"LG PACK\",\"LG PKG\"}'::bpchar[])) AND (l_quantity >= '21'::numeric) AND (l_quantity <= '31'::numeric) AND (part.p_size <= 15))))","Rows Removed by Filter": 30,"Workers": []}]}]}]}]},"Planning Time": 7.046,"Triggers": [],"Execution Time": 98.321}]
[{"Plan": {"Node Type": "Aggregate","Strategy": "Plain","Partial Mode": "Finalize","Parallel Aware": false,"Async Capable": false,"Startup Cost": 33506.61,"Total Cost": 33506.62,"Plan Rows": 1,"Plan Width": 32,"Actual Startup Time": 80.817,"Actual Total Time": 95.343,"Actual Rows": 1,"Actual Loops": 1,"Plans": [{"Node Type": "Gather","Parent Relationship": "Outer","Parallel Aware": false,"Async Capable": false,"Startup Cost": 33506.39,"Total Cost": 33506.60,"Plan Rows": 2,"Plan Width": 32,"Actual Startup Time": 80.644,"Actual Total Time": 95.316,"Actual Rows": 3,"Actual Loops": 1,"Workers Planned": 2,"Workers Launched": 2,"Single Copy": false,"Plans": [{"Node Type": "Aggregate","Strategy": "Plain","Partial Mode": "Partial","Parent Relationship": "Outer","Parallel Aware": false,"Async Capable": false,"Startup Cost": 32506.39,"Total Cost": 32506.40,"Plan Rows": 1,"Plan Width": 32,"Actual Startup Time": 74.004,"Actual Total Time": 74.008,"Actual Rows": 1,"Actual Loops": 3,"Workers": [],"Plans": [{"Node Type": "Nested Loop","Parent Relationship": "Outer","Parallel Aware": false,"Async Capable": false,"Join Type": "Inner","Startup Cost": 0.43,"Total Cost": 32506.03,"Plan Rows": 47,"Plan Width": 12,"Actual Startup Time": 3.374,"Actual Total Time": 73.962,"Actual Rows": 43,"Actual Loops": 3,"Inner Unique": false,"Workers": [],"Plans": [{"Node Type": "Seq Scan","Parent Relationship": "Outer","Parallel Aware": true,"Async Capable": false,"Relation Name": "part","Alias": "part","Startup Cost": 0.00,"Total Cost": 7638.67,"Plan Rows": 202,"Plan Width": 30,"Actual Startup Time": 0.437,"Actual Total Time": 30.741,"Actual Rows": 167,"Actual Loops": 3,"Filter": "((p_size >= 1) AND (((p_brand = 'Brand#13'::bpchar) AND (p_container = ANY ('{\"SM CASE\",\"SM BOX\",\"SM PACK\",\"SM PKG\"}'::bpchar[])) AND (p_size <= 5)) OR ((p_brand = 'Brand#14'::bpchar) AND (p_container = ANY ('{\"MED BAG\",\"MED BOX\",\"MED PKG\",\"MED PACK\"}'::bpchar[])) AND (p_size <= 10)) OR ((p_brand = 'Brand#52'::bpchar) AND (p_container = ANY ('{\"LG CASE\",\"LG BOX\",\"LG PACK\",\"LG PKG\"}'::bpchar[])) AND (p_size <= 15))))","Rows Removed by Filter": 66500,"Workers": []},{"Node Type": "Index Scan","Parent Relationship": "Inner","Parallel Aware": false,"Async Capable": false,"Scan Direction": "Forward","Index Name": "idx_lineitem_part_supp","Relation Name": "lineitem","Alias": "lineitem","Startup Cost": 0.43,"Total Cost": 123.10,"Plan Rows": 1,"Plan Width": 21,"Actual Startup Time": 0.231,"Actual Total Time": 0.259,"Actual Rows": 0,"Actual Loops": 500,"Index Cond": "(l_partkey = part.p_partkey)","Rows Removed by Index Recheck": 0,"Filter": "((l_shipmode = ANY ('{AIR,\"AIR REG\"}'::bpchar[])) AND (l_shipinstruct = 'DELIVER IN PERSON'::bpchar) AND (((l_quantity >= '10'::numeric) AND (l_quantity <= '20'::numeric)) OR ((l_quantity >= '14'::numeric) AND (l_quantity <= '24'::numeric)) OR ((l_quantity >= '28'::numeric) AND (l_quantity <= '38'::numeric))) AND (((part.p_brand = 'Brand#13'::bpchar) AND (part.p_container = ANY ('{\"SM CASE\",\"SM BOX\",\"SM PACK\",\"SM PKG\"}'::bpchar[])) AND (l_quantity >= '10'::numeric) AND (l_quantity <= '20'::numeric) AND (part.p_size <= 5)) OR ((part.p_brand = 'Brand#14'::bpchar) AND (part.p_container = ANY ('{\"MED BAG\",\"MED BOX\",\"MED PKG\",\"MED PACK\"}'::bpchar[])) AND (l_quantity >= '14'::numeric) AND (l_quantity <= '24'::numeric) AND (part.p_size <= 10)) OR ((part.p_brand = 'Brand#52'::bpchar) AND (part.p_container = ANY ('{\"LG CASE\",\"LG BOX\",\"LG PACK\",\"LG PKG\"}'::bpchar[])) AND (l_quantity >= '28'::numeric) AND (l_quantity <= '38'::numeric) AND (part.p_size <= 15))))","Rows Removed by Filter": 30,"Workers": []}]}]}]}]},"Planning Time": 6.894,"Triggers": [],"Execution Time": 95.497}]
[{"Plan": {"Node Type": "Aggregate","Strategy": "Plain","Partial Mode": "Finalize","Parallel Aware": false,"Async Capable": false,"Startup Cost": 33274.35,"Total Cost": 33274.36,"Plan Rows": 1,"Plan Width": 32,"Actual Startup Time": 86.645,"Actual Total Time": 101.545,"Actual Rows": 1,"Actual Loops": 1,"Plans": [{"Node Type": "Gather","Parent Relationship": "Outer","Parallel Aware": false,"Async Capable": false,"Startup Cost": 33274.12,"Total Cost": 33274.33,"Plan Rows": 2,"Plan Width": 32,"Actual Startup Time": 86.375,"Actual Total Time": 101.521,"Actual Rows": 3,"Actual Loops": 1,"Workers Planned": 2,"Workers Launched": 2,"Single Copy": false,"Plans": [{"Node Type": "Aggregate","Strategy": "Plain","Partial Mode": "Partial","Parent Relationship": "Outer","Parallel Aware": false,"Async Capable": false,"Startup Cost": 32274.12,"Total Cost": 32274.13,"Plan Rows": 1,"Plan Width": 32,"Actual Startup Time": 79.706,"Actual Total Time": 79.708,"Actual Rows": 1,"Actual Loops": 3,"Workers": [],"Plans": [{"Node Type": "Nested Loop","Parent Relationship": "Outer","Parallel Aware": false,"Async Capable": false,"Join Type": "Inner","Startup Cost": 0.43,"Total Cost": 32273.77,"Plan Rows": 47,"Plan Width": 12,"Actual Startup Time": 1.441,"Actual Total Time": 79.656,"Actual Rows": 38,"Actual Loops": 3,"Inner Unique": false,"Workers": [],"Plans": [{"Node Type": "Seq Scan","Parent Relationship": "Outer","Parallel Aware": true,"Async Capable": false,"Relation Name": "part","Alias": "part","Startup Cost": 0.00,"Total Cost": 7638.67,"Plan Rows": 200,"Plan Width": 30,"Actual Startup Time": 0.558,"Actual Total Time": 34.602,"Actual Rows": 166,"Actual Loops": 3,"Filter": "((p_size >= 1) AND (((p_brand = 'Brand#44'::bpchar) AND (p_container = ANY ('{\"SM CASE\",\"SM BOX\",\"SM PACK\",\"SM PKG\"}'::bpchar[])) AND (p_size <= 5)) OR ((p_brand = 'Brand#23'::bpchar) AND (p_container = ANY ('{\"MED BAG\",\"MED BOX\",\"MED PKG\",\"MED PACK\"}'::bpchar[])) AND (p_size <= 10)) OR ((p_brand = 'Brand#35'::bpchar) AND (p_container = ANY ('{\"LG CASE\",\"LG BOX\",\"LG PACK\",\"LG PKG\"}'::bpchar[])) AND (p_size <= 15))))","Rows Removed by Filter": 66501,"Workers": []},{"Node Type": "Index Scan","Parent Relationship": "Inner","Parallel Aware": false,"Async Capable": false,"Scan Direction": "Forward","Index Name": "idx_lineitem_part_supp","Relation Name": "lineitem","Alias": "lineitem","Startup Cost": 0.43,"Total Cost": 123.17,"Plan Rows": 1,"Plan Width": 21,"Actual Startup Time": 0.238,"Actual Total Time": 0.272,"Actual Rows": 0,"Actual Loops": 497,"Index Cond": "(l_partkey = part.p_partkey)","Rows Removed by Index Recheck": 0,"Filter": "((l_shipmode = ANY ('{AIR,\"AIR REG\"}'::bpchar[])) AND (l_shipinstruct = 'DELIVER IN PERSON'::bpchar) AND (((l_quantity >= '4'::numeric) AND (l_quantity <= '14'::numeric)) OR ((l_quantity >= '13'::numeric) AND (l_quantity <= '23'::numeric)) OR ((l_quantity >= '28'::numeric) AND (l_quantity <= '38'::numeric))) AND (((part.p_brand = 'Brand#44'::bpchar) AND (part.p_container = ANY ('{\"SM CASE\",\"SM BOX\",\"SM PACK\",\"SM PKG\"}'::bpchar[])) AND (l_quantity >= '4'::numeric) AND (l_quantity <= '14'::numeric) AND (part.p_size <= 5)) OR ((part.p_brand = 'Brand#23'::bpchar) AND (part.p_container = ANY ('{\"MED BAG\",\"MED BOX\",\"MED PKG\",\"MED PACK\"}'::bpchar[])) AND (l_quantity >= '13'::numeric) AND (l_quantity <= '23'::numeric) AND (part.p_size <= 10)) OR ((part.p_brand = 'Brand#35'::bpchar) AND (part.p_container = ANY ('{\"LG CASE\",\"LG BOX\",\"LG PACK\",\"LG PKG\"}'::bpchar[])) AND (l_quantity >= '28'::numeric) AND (l_quantity <= '38'::numeric) AND (part.p_size <= 15))))","Rows Removed by Filter": 30,"Workers": []}]}]}]}]},"Planning Time": 7.204,"Triggers": [],"Execution Time": 101.773}]
[{"Plan": {"Node Type": "Aggregate","Strategy": "Plain","Partial Mode": "Finalize","Parallel Aware": false,"Async Capable": false,"Startup Cost": 33164.33,"Total Cost": 33164.34,"Plan Rows": 1,"Plan Width": 32,"Actual Startup Time": 86.700,"Actual Total Time": 101.698,"Actual Rows": 1,"Actual Loops": 1,"Plans": [{"Node Type": "Gather","Parent Relationship": "Outer","Parallel Aware": false,"Async Capable": false,"Startup Cost": 33164.11,"Total Cost": 33164.32,"Plan Rows": 2,"Plan Width": 32,"Actual Startup Time": 86.272,"Actual Total Time": 101.668,"Actual Rows": 3,"Actual Loops": 1,"Workers Planned": 2,"Workers Launched": 2,"Single Copy": false,"Plans": [{"Node Type": "Aggregate","Strategy": "Plain","Partial Mode": "Partial","Parent Relationship": "Outer","Parallel Aware": false,"Async Capable": false,"Startup Cost": 32164.11,"Total Cost": 32164.12,"Plan Rows": 1,"Plan Width": 32,"Actual Startup Time": 79.621,"Actual Total Time": 79.623,"Actual Rows": 1,"Actual Loops": 3,"Workers": [],"Plans": [{"Node Type": "Nested Loop","Parent Relationship": "Outer","Parallel Aware": false,"Async Capable": false,"Join Type": "Inner","Startup Cost": 0.43,"Total Cost": 32163.76,"Plan Rows": 46,"Plan Width": 12,"Actual Startup Time": 2.717,"Actual Total Time": 79.580,"Actual Rows": 44,"Actual Loops": 3,"Inner Unique": false,"Workers": [],"Plans": [{"Node Type": "Seq Scan","Parent Relationship": "Outer","Parallel Aware": true,"Async Capable": false,"Relation Name": "part","Alias": "part","Startup Cost": 0.00,"Total Cost": 7638.67,"Plan Rows": 199,"Plan Width": 30,"Actual Startup Time": 0.607,"Actual Total Time": 34.620,"Actual Rows": 162,"Actual Loops": 3,"Filter": "((p_size >= 1) AND (((p_brand = 'Brand#21'::bpchar) AND (p_container = ANY ('{\"SM CASE\",\"SM BOX\",\"SM PACK\",\"SM PKG\"}'::bpchar[])) AND (p_size <= 5)) OR ((p_brand = 'Brand#35'::bpchar) AND (p_container = ANY ('{\"MED BAG\",\"MED BOX\",\"MED PKG\",\"MED PACK\"}'::bpchar[])) AND (p_size <= 10)) OR ((p_brand = 'Brand#32'::bpchar) AND (p_container = ANY ('{\"LG CASE\",\"LG BOX\",\"LG PACK\",\"LG PKG\"}'::bpchar[])) AND (p_size <= 15))))","Rows Removed by Filter": 66504,"Workers": []},{"Node Type": "Index Scan","Parent Relationship": "Inner","Parallel Aware": false,"Async Capable": false,"Scan Direction": "Forward","Index Name": "idx_lineitem_part_supp","Relation Name": "lineitem","Alias": "lineitem","Startup Cost": 0.43,"Total Cost": 123.23,"Plan Rows": 1,"Plan Width": 21,"Actual Startup Time": 0.243,"Actual Total Time": 0.276,"Actual Rows": 0,"Actual Loops": 487,"Index Cond": "(l_partkey = part.p_partkey)","Rows Removed by Index Recheck": 0,"Filter": "((l_shipmode = ANY ('{AIR,\"AIR REG\"}'::bpchar[])) AND (l_shipinstruct = 'DELIVER IN PERSON'::bpchar) AND (((l_quantity >= '3'::numeric) AND (l_quantity <= '13'::numeric)) OR ((l_quantity >= '13'::numeric) AND (l_quantity <= '23'::numeric)) OR ((l_quantity >= '28'::numeric) AND (l_quantity <= '38'::numeric))) AND (((part.p_brand = 'Brand#21'::bpchar) AND (part.p_container = ANY ('{\"SM CASE\",\"SM BOX\",\"SM PACK\",\"SM PKG\"}'::bpchar[])) AND (l_quantity >= '3'::numeric) AND (l_quantity <= '13'::numeric) AND (part.p_size <= 5)) OR ((part.p_brand = 'Brand#35'::bpchar) AND (part.p_container = ANY ('{\"MED BAG\",\"MED BOX\",\"MED PKG\",\"MED PACK\"}'::bpchar[])) AND (l_quantity >= '13'::numeric) AND (l_quantity <= '23'::numeric) AND (part.p_size <= 10)) OR ((part.p_brand = 'Brand#32'::bpchar) AND (part.p_container = ANY ('{\"LG CASE\",\"LG BOX\",\"LG PACK\",\"LG PKG\"}'::bpchar[])) AND (l_quantity >= '28'::numeric) AND (l_quantity <= '38'::numeric) AND (part.p_size <= 15))))","Rows Removed by Filter": 30,"Workers": []}]}]}]}]},"Planning Time": 5.907,"Triggers": [],"Execution Time": 101.885}]
[{"Plan": {"Node Type": "Aggregate","Strategy": "Plain","Partial Mode": "Finalize","Parallel Aware": false,"Async Capable": false,"Startup Cost": 34319.75,"Total Cost": 34319.76,"Plan Rows": 1,"Plan Width": 32,"Actual Startup Time": 80.981,"Actual Total Time": 95.962,"Actual Rows": 1,"Actual Loops": 1,"Plans": [{"Node Type": "Gather","Parent Relationship": "Outer","Parallel Aware": false,"Async Capable": false,"Startup Cost": 34319.53,"Total Cost": 34319.74,"Plan Rows": 2,"Plan Width": 32,"Actual Startup Time": 80.721,"Actual Total Time": 95.934,"Actual Rows": 3,"Actual Loops": 1,"Workers Planned": 2,"Workers Launched": 2,"Single Copy": false,"Plans": [{"Node Type": "Aggregate","Strategy": "Plain","Partial Mode": "Partial","Parent Relationship": "Outer","Parallel Aware": false,"Async Capable": false,"Startup Cost": 33319.53,"Total Cost": 33319.54,"Plan Rows": 1,"Plan Width": 32,"Actual Startup Time": 73.874,"Actual Total Time": 73.876,"Actual Rows": 1,"Actual Loops": 3,"Workers": [],"Plans": [{"Node Type": "Nested Loop","Parent Relationship": "Outer","Parallel Aware": false,"Async Capable": false,"Join Type": "Inner","Startup Cost": 0.43,"Total Cost": 33319.16,"Plan Rows": 49,"Plan Width": 12,"Actual Startup Time": 5.341,"Actual Total Time": 73.826,"Actual Rows": 38,"Actual Loops": 3,"Inner Unique": false,"Workers": [],"Plans": [{"Node Type": "Seq Scan","Parent Relationship": "Outer","Parallel Aware": true,"Async Capable": false,"Relation Name": "part","Alias": "part","Startup Cost": 0.00,"Total Cost": 7638.67,"Plan Rows": 209,"Plan Width": 30,"Actual Startup Time": 0.677,"Actual Total Time": 31.729,"Actual Rows": 161,"Actual Loops": 3,"Filter": "((p_size >= 1) AND (((p_brand = 'Brand#34'::bpchar) AND (p_container = ANY ('{\"SM CASE\",\"SM BOX\",\"SM PACK\",\"SM PKG\"}'::bpchar[])) AND (p_size <= 5)) OR ((p_brand = 'Brand#15'::bpchar) AND (p_container = ANY ('{\"MED BAG\",\"MED BOX\",\"MED PKG\",\"MED PACK\"}'::bpchar[])) AND (p_size <= 10)) OR ((p_brand = 'Brand#45'::bpchar) AND (p_container = ANY ('{\"LG CASE\",\"LG BOX\",\"LG PACK\",\"LG PKG\"}'::bpchar[])) AND (p_size <= 15))))","Rows Removed by Filter": 66506,"Workers": []},{"Node Type": "Index Scan","Parent Relationship": "Inner","Parallel Aware": false,"Async Capable": false,"Scan Direction": "Forward","Index Name": "idx_lineitem_part_supp","Relation Name": "lineitem","Alias": "lineitem","Startup Cost": 0.43,"Total Cost": 122.86,"Plan Rows": 1,"Plan Width": 21,"Actual Startup Time": 0.234,"Actual Total Time": 0.261,"Actual Rows": 0,"Actual Loops": 483,"Index Cond": "(l_partkey = part.p_partkey)","Rows Removed by Index Recheck": 0,"Filter": "((l_shipmode = ANY ('{AIR,\"AIR REG\"}'::bpchar[])) AND (l_shipinstruct = 'DELIVER IN PERSON'::bpchar) AND (((l_quantity >= '9'::numeric) AND (l_quantity <= '19'::numeric)) OR ((l_quantity >= '16'::numeric) AND (l_quantity <= '26'::numeric)) OR ((l_quantity >= '22'::numeric) AND (l_quantity <= '32'::numeric))) AND (((part.p_brand = 'Brand#34'::bpchar) AND (part.p_container = ANY ('{\"SM CASE\",\"SM BOX\",\"SM PACK\",\"SM PKG\"}'::bpchar[])) AND (l_quantity >= '9'::numeric) AND (l_quantity <= '19'::numeric) AND (part.p_size <= 5)) OR ((part.p_brand = 'Brand#15'::bpchar) AND (part.p_container = ANY ('{\"MED BAG\",\"MED BOX\",\"MED PKG\",\"MED PACK\"}'::bpchar[])) AND (l_quantity >= '16'::numeric) AND (l_quantity <= '26'::numeric) AND (part.p_size <= 10)) OR ((part.p_brand = 'Brand#45'::bpchar) AND (part.p_container = ANY ('{\"LG CASE\",\"LG BOX\",\"LG PACK\",\"LG PKG\"}'::bpchar[])) AND (l_quantity >= '22'::numeric) AND (l_quantity <= '32'::numeric) AND (part.p_size <= 15))))","Rows Removed by Filter": 29,"Workers": []}]}]}]}]},"Planning Time": 6.150,"Triggers": [],"Execution Time": 96.183}]
[{"Plan": {"Node Type": "Aggregate","Strategy": "Plain","Partial Mode": "Finalize","Parallel Aware": false,"Async Capable": false,"Startup Cost": 33742.58,"Total Cost": 33742.59,"Plan Rows": 1,"Plan Width": 32,"Actual Startup Time": 84.762,"Actual Total Time": 100.161,"Actual Rows": 1,"Actual Loops": 1,"Plans": [{"Node Type": "Gather","Parent Relationship": "Outer","Parallel Aware": false,"Async Capable": false,"Startup Cost": 33742.35,"Total Cost": 33742.56,"Plan Rows": 2,"Plan Width": 32,"Actual Startup Time": 84.565,"Actual Total Time": 100.138,"Actual Rows": 3,"Actual Loops": 1,"Workers Planned": 2,"Workers Launched": 2,"Single Copy": false,"Plans": [{"Node Type": "Aggregate","Strategy": "Plain","Partial Mode": "Partial","Parent Relationship": "Outer","Parallel Aware": false,"Async Capable": false,"Startup Cost": 32742.35,"Total Cost": 32742.36,"Plan Rows": 1,"Plan Width": 32,"Actual Startup Time": 77.625,"Actual Total Time": 77.629,"Actual Rows": 1,"Actual Loops": 3,"Workers": [],"Plans": [{"Node Type": "Nested Loop","Parent Relationship": "Outer","Parallel Aware": false,"Async Capable": false,"Join Type": "Inner","Startup Cost": 0.43,"Total Cost": 32741.99,"Plan Rows": 48,"Plan Width": 12,"Actual Startup Time": 1.294,"Actual Total Time": 77.581,"Actual Rows": 45,"Actual Loops": 3,"Inner Unique": false,"Workers": [],"Plans": [{"Node Type": "Seq Scan","Parent Relationship": "Outer","Parallel Aware": true,"Async Capable": false,"Relation Name": "part","Alias": "part","Startup Cost": 0.00,"Total Cost": 7638.67,"Plan Rows": 204,"Plan Width": 30,"Actual Startup Time": 0.557,"Actual Total Time": 34.647,"Actual Rows": 152,"Actual Loops": 3,"Filter": "((p_size >= 1) AND (((p_brand = 'Brand#52'::bpchar) AND (p_container = ANY ('{\"SM CASE\",\"SM BOX\",\"SM PACK\",\"SM PKG\"}'::bpchar[])) AND (p_size <= 5)) OR ((p_brand = 'Brand#34'::bpchar) AND (p_container = ANY ('{\"MED BAG\",\"MED BOX\",\"MED PKG\",\"MED PACK\"}'::bpchar[])) AND (p_size <= 10)) OR ((p_brand = 'Brand#55'::bpchar) AND (p_container = ANY ('{\"LG CASE\",\"LG BOX\",\"LG PACK\",\"LG PKG\"}'::bpchar[])) AND (p_size <= 15))))","Rows Removed by Filter": 66514,"Workers": []},{"Node Type": "Index Scan","Parent Relationship": "Inner","Parallel Aware": false,"Async Capable": false,"Scan Direction": "Forward","Index Name": "idx_lineitem_part_supp","Relation Name": "lineitem","Alias": "lineitem","Startup Cost": 0.43,"Total Cost": 123.05,"Plan Rows": 1,"Plan Width": 21,"Actual Startup Time": 0.246,"Actual Total Time": 0.281,"Actual Rows": 0,"Actual Loops": 457,"Index Cond": "(l_partkey = part.p_partkey)","Rows Removed by Index Recheck": 0,"Filter": "((l_shipmode = ANY ('{AIR,\"AIR REG\"}'::bpchar[])) AND (l_shipinstruct = 'DELIVER IN PERSON'::bpchar) AND (((l_quantity >= '8'::numeric) AND (l_quantity <= '18'::numeric)) OR ((l_quantity >= '11'::numeric) AND (l_quantity <= '21'::numeric)) OR ((l_quantity >= '20'::numeric) AND (l_quantity <= '30'::numeric))) AND (((part.p_brand = 'Brand#52'::bpchar) AND (part.p_container = ANY ('{\"SM CASE\",\"SM BOX\",\"SM PACK\",\"SM PKG\"}'::bpchar[])) AND (l_quantity >= '8'::numeric) AND (l_quantity <= '18'::numeric) AND (part.p_size <= 5)) OR ((part.p_brand = 'Brand#34'::bpchar) AND (part.p_container = ANY ('{\"MED BAG\",\"MED BOX\",\"MED PKG\",\"MED PACK\"}'::bpchar[])) AND (l_quantity >= '11'::numeric) AND (l_quantity <= '21'::numeric) AND (part.p_size <= 10)) OR ((part.p_brand = 'Brand#55'::bpchar) AND (part.p_container = ANY ('{\"LG CASE\",\"LG BOX\",\"LG PACK\",\"LG PKG\"}'::bpchar[])) AND (l_quantity >= '20'::numeric) AND (l_quantity <= '30'::numeric) AND (part.p_size <= 15))))","Rows Removed by Filter": 30,"Workers": []}]}]}]}]},"Planning Time": 5.693,"Triggers": [],"Execution Time": 100.330}]
[{"Plan": {"Node Type": "Aggregate","Strategy": "Plain","Partial Mode": "Finalize","Parallel Aware": false,"Async Capable": false,"Startup Cost": 33857.08,"Total Cost": 33857.09,"Plan Rows": 1,"Plan Width": 32,"Actual Startup Time": 88.729,"Actual Total Time": 104.013,"Actual Rows": 1,"Actual Loops": 1,"Plans": [{"Node Type": "Gather","Parent Relationship": "Outer","Parallel Aware": false,"Async Capable": false,"Startup Cost": 33856.85,"Total Cost": 33857.06,"Plan Rows": 2,"Plan Width": 32,"Actual Startup Time": 88.495,"Actual Total Time": 103.984,"Actual Rows": 3,"Actual Loops": 1,"Workers Planned": 2,"Workers Launched": 2,"Single Copy": false,"Plans": [{"Node Type": "Aggregate","Strategy": "Plain","Partial Mode": "Partial","Parent Relationship": "Outer","Parallel Aware": false,"Async Capable": false,"Startup Cost": 32856.85,"Total Cost": 32856.86,"Plan Rows": 1,"Plan Width": 32,"Actual Startup Time": 81.995,"Actual Total Time": 81.999,"Actual Rows": 1,"Actual Loops": 3,"Workers": [],"Plans": [{"Node Type": "Nested Loop","Parent Relationship": "Outer","Parallel Aware": false,"Async Capable": false,"Join Type": "Inner","Startup Cost": 0.43,"Total Cost": 32856.49,"Plan Rows": 48,"Plan Width": 12,"Actual Startup Time": 3.111,"Actual Total Time": 81.953,"Actual Rows": 40,"Actual Loops": 3,"Inner Unique": false,"Workers": [],"Plans": [{"Node Type": "Seq Scan","Parent Relationship": "Outer","Parallel Aware": true,"Async Capable": false,"Relation Name": "part","Alias": "part","Startup Cost": 0.00,"Total Cost": 7638.67,"Plan Rows": 205,"Plan Width": 30,"Actual Startup Time": 0.943,"Actual Total Time": 35.011,"Actual Rows": 172,"Actual Loops": 3,"Filter": "((p_size >= 1) AND (((p_brand = 'Brand#13'::bpchar) AND (p_container = ANY ('{\"SM CASE\",\"SM BOX\",\"SM PACK\",\"SM PKG\"}'::bpchar[])) AND (p_size <= 5)) OR ((p_brand = 'Brand#55'::bpchar) AND (p_container = ANY ('{\"MED BAG\",\"MED BOX\",\"MED PKG\",\"MED PACK\"}'::bpchar[])) AND (p_size <= 10)) OR ((p_brand = 'Brand#41'::bpchar) AND (p_container = ANY ('{\"LG CASE\",\"LG BOX\",\"LG PACK\",\"LG PKG\"}'::bpchar[])) AND (p_size <= 15))))","Rows Removed by Filter": 66494,"Workers": []},{"Node Type": "Index Scan","Parent Relationship": "Inner","Parallel Aware": false,"Async Capable": false,"Scan Direction": "Forward","Index Name": "idx_lineitem_part_supp","Relation Name": "lineitem","Alias": "lineitem","Startup Cost": 0.43,"Total Cost": 123.00,"Plan Rows": 1,"Plan Width": 21,"Actual Startup Time": 0.242,"Actual Total Time": 0.272,"Actual Rows": 0,"Actual Loops": 517,"Index Cond": "(l_partkey = part.p_partkey)","Rows Removed by Index Recheck": 0,"Filter": "((l_shipmode = ANY ('{AIR,\"AIR REG\"}'::bpchar[])) AND (l_shipinstruct = 'DELIVER IN PERSON'::bpchar) AND (((l_quantity >= '7'::numeric) AND (l_quantity <= '17'::numeric)) OR ((l_quantity >= '18'::numeric) AND (l_quantity <= '28'::numeric)) OR ((l_quantity >= '24'::numeric) AND (l_quantity <= '34'::numeric))) AND (((part.p_brand = 'Brand#13'::bpchar) AND (part.p_container = ANY ('{\"SM CASE\",\"SM BOX\",\"SM PACK\",\"SM PKG\"}'::bpchar[])) AND (l_quantity >= '7'::numeric) AND (l_quantity <= '17'::numeric) AND (part.p_size <= 5)) OR ((part.p_brand = 'Brand#55'::bpchar) AND (part.p_container = ANY ('{\"MED BAG\",\"MED BOX\",\"MED PKG\",\"MED PACK\"}'::bpchar[])) AND (l_quantity >= '18'::numeric) AND (l_quantity <= '28'::numeric) AND (part.p_size <= 10)) OR ((part.p_brand = 'Brand#41'::bpchar) AND (part.p_container = ANY ('{\"LG CASE\",\"LG BOX\",\"LG PACK\",\"LG PKG\"}'::bpchar[])) AND (l_quantity >= '24'::numeric) AND (l_quantity <= '34'::numeric) AND (part.p_size <= 15))))","Rows Removed by Filter": 30,"Workers": []}]}]}]}]},"Planning Time": 6.204,"Triggers": [],"Execution Time": 104.275}]
[{"Plan": {"Node Type": "Aggregate","Strategy": "Plain","Partial Mode": "Finalize","Parallel Aware": false,"Async Capable": false,"Startup Cost": 33511.93,"Total Cost": 33511.94,"Plan Rows": 1,"Plan Width": 32,"Actual Startup Time": 81.155,"Actual Total Time": 95.461,"Actual Rows": 1,"Actual Loops": 1,"Plans": [{"Node Type": "Gather","Parent Relationship": "Outer","Parallel Aware": false,"Async Capable": false,"Startup Cost": 33511.70,"Total Cost": 33511.91,"Plan Rows": 2,"Plan Width": 32,"Actual Startup Time": 80.847,"Actual Total Time": 95.426,"Actual Rows": 3,"Actual Loops": 1,"Workers Planned": 2,"Workers Launched": 2,"Single Copy": false,"Plans": [{"Node Type": "Aggregate","Strategy": "Plain","Partial Mode": "Partial","Parent Relationship": "Outer","Parallel Aware": false,"Async Capable": false,"Startup Cost": 32511.70,"Total Cost": 32511.71,"Plan Rows": 1,"Plan Width": 32,"Actual Startup Time": 74.353,"Actual Total Time": 74.355,"Actual Rows": 1,"Actual Loops": 3,"Workers": [],"Plans": [{"Node Type": "Nested Loop","Parent Relationship": "Outer","Parallel Aware": false,"Async Capable": false,"Join Type": "Inner","Startup Cost": 0.43,"Total Cost": 32511.35,"Plan Rows": 47,"Plan Width": 12,"Actual Startup Time": 4.799,"Actual Total Time": 74.310,"Actual Rows": 38,"Actual Loops": 3,"Inner Unique": false,"Workers": [],"Plans": [{"Node Type": "Seq Scan","Parent Relationship": "Outer","Parallel Aware": true,"Async Capable": false,"Relation Name": "part","Alias": "part","Startup Cost": 0.00,"Total Cost": 7638.67,"Plan Rows": 202,"Plan Width": 30,"Actual Startup Time": 0.656,"Actual Total Time": 31.323,"Actual Rows": 165,"Actual Loops": 3,"Filter": "((p_size >= 1) AND (((p_brand = 'Brand#35'::bpchar) AND (p_container = ANY ('{\"SM CASE\",\"SM BOX\",\"SM PACK\",\"SM PKG\"}'::bpchar[])) AND (p_size <= 5)) OR ((p_brand = 'Brand#22'::bpchar) AND (p_container = ANY ('{\"MED BAG\",\"MED BOX\",\"MED PKG\",\"MED PACK\"}'::bpchar[])) AND (p_size <= 10)) OR ((p_brand = 'Brand#12'::bpchar) AND (p_container = ANY ('{\"LG CASE\",\"LG BOX\",\"LG PACK\",\"LG PKG\"}'::bpchar[])) AND (p_size <= 15))))","Rows Removed by Filter": 66502,"Workers": []},{"Node Type": "Index Scan","Parent Relationship": "Inner","Parallel Aware": false,"Async Capable": false,"Scan Direction": "Forward","Index Name": "idx_lineitem_part_supp","Relation Name": "lineitem","Alias": "lineitem","Startup Cost": 0.43,"Total Cost": 123.12,"Plan Rows": 1,"Plan Width": 21,"Actual Startup Time": 0.236,"Actual Total Time": 0.261,"Actual Rows": 0,"Actual Loops": 494,"Index Cond": "(l_partkey = part.p_partkey)","Rows Removed by Index Recheck": 0,"Filter": "((l_shipmode = ANY ('{AIR,\"AIR REG\"}'::bpchar[])) AND (l_shipinstruct = 'DELIVER IN PERSON'::bpchar) AND (((l_quantity >= '4'::numeric) AND (l_quantity <= '14'::numeric)) OR ((l_quantity >= '19'::numeric) AND (l_quantity <= '29'::numeric)) OR ((l_quantity >= '27'::numeric) AND (l_quantity <= '37'::numeric))) AND (((part.p_brand = 'Brand#35'::bpchar) AND (part.p_container = ANY ('{\"SM CASE\",\"SM BOX\",\"SM PACK\",\"SM PKG\"}'::bpchar[])) AND (l_quantity >= '4'::numeric) AND (l_quantity <= '14'::numeric) AND (part.p_size <= 5)) OR ((part.p_brand = 'Brand#22'::bpchar) AND (part.p_container = ANY ('{\"MED BAG\",\"MED BOX\",\"MED PKG\",\"MED PACK\"}'::bpchar[])) AND (l_quantity >= '19'::numeric) AND (l_quantity <= '29'::numeric) AND (part.p_size <= 10)) OR ((part.p_brand = 'Brand#12'::bpchar) AND (part.p_container = ANY ('{\"LG CASE\",\"LG BOX\",\"LG PACK\",\"LG PKG\"}'::bpchar[])) AND (l_quantity >= '27'::numeric) AND (l_quantity <= '37'::numeric) AND (part.p_size <= 15))))","Rows Removed by Filter": 30,"Workers": []}]}]}]}]},"Planning Time": 5.592,"Triggers": [],"Execution Time": 95.655}]
[{"Plan": {"Node Type": "Aggregate","Strategy": "Plain","Partial Mode": "Finalize","Parallel Aware": false,"Async Capable": false,"Startup Cost": 33741.19,"Total Cost": 33741.20,"Plan Rows": 1,"Plan Width": 32,"Actual Startup Time": 85.818,"Actual Total Time": 101.825,"Actual Rows": 1,"Actual Loops": 1,"Plans": [{"Node Type": "Gather","Parent Relationship": "Outer","Parallel Aware": false,"Async Capable": false,"Startup Cost": 33740.97,"Total Cost": 33741.18,"Plan Rows": 2,"Plan Width": 32,"Actual Startup Time": 85.605,"Actual Total Time": 101.801,"Actual Rows": 3,"Actual Loops": 1,"Workers Planned": 2,"Workers Launched": 2,"Single Copy": false,"Plans": [{"Node Type": "Aggregate","Strategy": "Plain","Partial Mode": "Partial","Parent Relationship": "Outer","Parallel Aware": false,"Async Capable": false,"Startup Cost": 32740.97,"Total Cost": 32740.98,"Plan Rows": 1,"Plan Width": 32,"Actual Startup Time": 79.050,"Actual Total Time": 79.053,"Actual Rows": 1,"Actual Loops": 3,"Workers": [],"Plans": [{"Node Type": "Nested Loop","Parent Relationship": "Outer","Parallel Aware": false,"Async Capable": false,"Join Type": "Inner","Startup Cost": 0.43,"Total Cost": 32740.61,"Plan Rows": 48,"Plan Width": 12,"Actual Startup Time": 5.762,"Actual Total Time": 79.009,"Actual Rows": 36,"Actual Loops": 3,"Inner Unique": false,"Workers": [],"Plans": [{"Node Type": "Seq Scan","Parent Relationship": "Outer","Parallel Aware": true,"Async Capable": false,"Relation Name": "part","Alias": "part","Startup Cost": 0.00,"Total Cost": 7638.67,"Plan Rows": 204,"Plan Width": 30,"Actual Startup Time": 0.981,"Actual Total Time": 34.370,"Actual Rows": 161,"Actual Loops": 3,"Filter": "((p_size >= 1) AND (((p_brand = 'Brand#41'::bpchar) AND (p_container = ANY ('{\"SM CASE\",\"SM BOX\",\"SM PACK\",\"SM PKG\"}'::bpchar[])) AND (p_size <= 5)) OR ((p_brand = 'Brand#43'::bpchar) AND (p_container = ANY ('{\"MED BAG\",\"MED BOX\",\"MED PKG\",\"MED PACK\"}'::bpchar[])) AND (p_size <= 10)) OR ((p_brand = 'Brand#21'::bpchar) AND (p_container = ANY ('{\"LG CASE\",\"LG BOX\",\"LG PACK\",\"LG PKG\"}'::bpchar[])) AND (p_size <= 15))))","Rows Removed by Filter": 66505,"Workers": []},{"Node Type": "Index Scan","Parent Relationship": "Inner","Parallel Aware": false,"Async Capable": false,"Scan Direction": "Forward","Index Name": "idx_lineitem_part_supp","Relation Name": "lineitem","Alias": "lineitem","Startup Cost": 0.43,"Total Cost": 123.04,"Plan Rows": 1,"Plan Width": 21,"Actual Startup Time": 0.249,"Actual Total Time": 0.276,"Actual Rows": 0,"Actual Loops": 484,"Index Cond": "(l_partkey = part.p_partkey)","Rows Removed by Index Recheck": 0,"Filter": "((l_shipmode = ANY ('{AIR,\"AIR REG\"}'::bpchar[])) AND (l_shipinstruct = 'DELIVER IN PERSON'::bpchar) AND (((l_quantity >= '10'::numeric) AND (l_quantity <= '20'::numeric)) OR ((l_quantity >= '19'::numeric) AND (l_quantity <= '29'::numeric)) OR ((l_quantity >= '30'::numeric) AND (l_quantity <= '40'::numeric))) AND (((part.p_brand = 'Brand#41'::bpchar) AND (part.p_container = ANY ('{\"SM CASE\",\"SM BOX\",\"SM PACK\",\"SM PKG\"}'::bpchar[])) AND (l_quantity >= '10'::numeric) AND (l_quantity <= '20'::numeric) AND (part.p_size <= 5)) OR ((part.p_brand = 'Brand#43'::bpchar) AND (part.p_container = ANY ('{\"MED BAG\",\"MED BOX\",\"MED PKG\",\"MED PACK\"}'::bpchar[])) AND (l_quantity >= '19'::numeric) AND (l_quantity <= '29'::numeric) AND (part.p_size <= 10)) OR ((part.p_brand = 'Brand#21'::bpchar) AND (part.p_container = ANY ('{\"LG CASE\",\"LG BOX\",\"LG PACK\",\"LG PKG\"}'::bpchar[])) AND (l_quantity >= '30'::numeric) AND (l_quantity <= '40'::numeric) AND (part.p_size <= 15))))","Rows Removed by Filter": 30,"Workers": []}]}]}]}]},"Planning Time": 6.087,"Triggers": [],"Execution Time": 102.009}]
[{"Plan": {"Node Type": "Aggregate","Strategy": "Plain","Partial Mode": "Finalize","Parallel Aware": false,"Async Capable": false,"Startup Cost": 33741.90,"Total Cost": 33741.91,"Plan Rows": 1,"Plan Width": 32,"Actual Startup Time": 80.962,"Actual Total Time": 94.985,"Actual Rows": 1,"Actual Loops": 1,"Plans": [{"Node Type": "Gather","Parent Relationship": "Outer","Parallel Aware": false,"Async Capable": false,"Startup Cost": 33741.68,"Total Cost": 33741.89,"Plan Rows": 2,"Plan Width": 32,"Actual Startup Time": 80.920,"Actual Total Time": 94.953,"Actual Rows": 3,"Actual Loops": 1,"Workers Planned": 2,"Workers Launched": 2,"Single Copy": false,"Plans": [{"Node Type": "Aggregate","Strategy": "Plain","Partial Mode": "Partial","Parent Relationship": "Outer","Parallel Aware": false,"Async Capable": false,"Startup Cost": 32741.68,"Total Cost": 32741.69,"Plan Rows": 1,"Plan Width": 32,"Actual Startup Time": 74.084,"Actual Total Time": 74.087,"Actual Rows": 1,"Actual Loops": 3,"Workers": [],"Plans": [{"Node Type": "Nested Loop","Parent Relationship": "Outer","Parallel Aware": false,"Async Capable": false,"Join Type": "Inner","Startup Cost": 0.43,"Total Cost": 32741.31,"Plan Rows": 48,"Plan Width": 12,"Actual Startup Time": 3.650,"Actual Total Time": 74.043,"Actual Rows": 36,"Actual Loops": 3,"Inner Unique": false,"Workers": [],"Plans": [{"Node Type": "Seq Scan","Parent Relationship": "Outer","Parallel Aware": true,"Async Capable": false,"Relation Name": "part","Alias": "part","Startup Cost": 0.00,"Total Cost": 7638.67,"Plan Rows": 204,"Plan Width": 30,"Actual Startup Time": 0.217,"Actual Total Time": 31.358,"Actual Rows": 163,"Actual Loops": 3,"Filter": "((p_size >= 1) AND (((p_brand = 'Brand#21'::bpchar) AND (p_container = ANY ('{\"SM CASE\",\"SM BOX\",\"SM PACK\",\"SM PKG\"}'::bpchar[])) AND (p_size <= 5)) OR ((p_brand = 'Brand#24'::bpchar) AND (p_container = ANY ('{\"MED BAG\",\"MED BOX\",\"MED PKG\",\"MED PACK\"}'::bpchar[])) AND (p_size <= 10)) OR ((p_brand = 'Brand#13'::bpchar) AND (p_container = ANY ('{\"LG CASE\",\"LG BOX\",\"LG PACK\",\"LG PKG\"}'::bpchar[])) AND (p_size <= 15))))","Rows Removed by Filter": 66504,"Workers": []},{"Node Type": "Index Scan","Parent Relationship": "Inner","Parallel Aware": false,"Async Capable": false,"Scan Direction": "Forward","Index Name": "idx_lineitem_part_supp","Relation Name": "lineitem","Alias": "lineitem","Startup Cost": 0.43,"Total Cost": 123.04,"Plan Rows": 1,"Plan Width": 21,"Actual Startup Time": 0.234,"Actual Total Time": 0.262,"Actual Rows": 0,"Actual Loops": 488,"Index Cond": "(l_partkey = part.p_partkey)","Rows Removed by Index Recheck": 0,"Filter": "((l_shipmode = ANY ('{AIR,\"AIR REG\"}'::bpchar[])) AND (l_shipinstruct = 'DELIVER IN PERSON'::bpchar) AND (((l_quantity >= '6'::numeric) AND (l_quantity <= '16'::numeric)) OR ((l_quantity >= '16'::numeric) AND (l_quantity <= '26'::numeric)) OR ((l_quantity >= '26'::numeric) AND (l_quantity <= '36'::numeric))) AND (((part.p_brand = 'Brand#21'::bpchar) AND (part.p_container = ANY ('{\"SM CASE\",\"SM BOX\",\"SM PACK\",\"SM PKG\"}'::bpchar[])) AND (l_quantity >= '6'::numeric) AND (l_quantity <= '16'::numeric) AND (part.p_size <= 5)) OR ((part.p_brand = 'Brand#24'::bpchar) AND (part.p_container = ANY ('{\"MED BAG\",\"MED BOX\",\"MED PKG\",\"MED PACK\"}'::bpchar[])) AND (l_quantity >= '16'::numeric) AND (l_quantity <= '26'::numeric) AND (part.p_size <= 10)) OR ((part.p_brand = 'Brand#13'::bpchar) AND (part.p_container = ANY ('{\"LG CASE\",\"LG BOX\",\"LG PACK\",\"LG PKG\"}'::bpchar[])) AND (l_quantity >= '26'::numeric) AND (l_quantity <= '36'::numeric) AND (part.p_size <= 15))))","Rows Removed by Filter": 30,"Workers": []}]}]}]}]},"Planning Time": 6.317,"Triggers": [],"Execution Time": 95.204}]
[{"Plan": {"Node Type": "Aggregate","Strategy": "Plain","Partial Mode": "Finalize","Parallel Aware": false,"Async Capable": false,"Startup Cost": 33974.65,"Total Cost": 33974.66,"Plan Rows": 1,"Plan Width": 32,"Actual Startup Time": 80.462,"Actual Total Time": 94.633,"Actual Rows": 1,"Actual Loops": 1,"Plans": [{"Node Type": "Gather","Parent Relationship": "Outer","Parallel Aware": false,"Async Capable": false,"Startup Cost": 33974.43,"Total Cost": 33974.64,"Plan Rows": 2,"Plan Width": 32,"Actual Startup Time": 80.295,"Actual Total Time": 94.609,"Actual Rows": 3,"Actual Loops": 1,"Workers Planned": 2,"Workers Launched": 2,"Single Copy": false,"Plans": [{"Node Type": "Aggregate","Strategy": "Plain","Partial Mode": "Partial","Parent Relationship": "Outer","Parallel Aware": false,"Async Capable": false,"Startup Cost": 32974.43,"Total Cost": 32974.44,"Plan Rows": 1,"Plan Width": 32,"Actual Startup Time": 73.455,"Actual Total Time": 73.456,"Actual Rows": 1,"Actual Loops": 3,"Workers": [],"Plans": [{"Node Type": "Nested Loop","Parent Relationship": "Outer","Parallel Aware": false,"Async Capable": false,"Join Type": "Inner","Startup Cost": 0.43,"Total Cost": 32974.06,"Plan Rows": 48,"Plan Width": 12,"Actual Startup Time": 0.667,"Actual Total Time": 73.411,"Actual Rows": 33,"Actual Loops": 3,"Inner Unique": false,"Workers": [],"Plans": [{"Node Type": "Seq Scan","Parent Relationship": "Outer","Parallel Aware": true,"Async Capable": false,"Relation Name": "part","Alias": "part","Startup Cost": 0.00,"Total Cost": 7638.67,"Plan Rows": 206,"Plan Width": 30,"Actual Startup Time": 0.222,"Actual Total Time": 31.620,"Actual Rows": 156,"Actual Loops": 3,"Filter": "((p_size >= 1) AND (((p_brand = 'Brand#42'::bpchar) AND (p_container = ANY ('{\"SM CASE\",\"SM BOX\",\"SM PACK\",\"SM PKG\"}'::bpchar[])) AND (p_size <= 5)) OR ((p_brand = 'Brand#45'::bpchar) AND (p_container = ANY ('{\"MED BAG\",\"MED BOX\",\"MED PKG\",\"MED PACK\"}'::bpchar[])) AND (p_size <= 10)) OR ((p_brand = 'Brand#51'::bpchar) AND (p_container = ANY ('{\"LG CASE\",\"LG BOX\",\"LG PACK\",\"LG PKG\"}'::bpchar[])) AND (p_size <= 15))))","Rows Removed by Filter": 66511,"Workers": []},{"Node Type": "Index Scan","Parent Relationship": "Inner","Parallel Aware": false,"Async Capable": false,"Scan Direction": "Forward","Index Name": "idx_lineitem_part_supp","Relation Name": "lineitem","Alias": "lineitem","Startup Cost": 0.43,"Total Cost": 122.98,"Plan Rows": 1,"Plan Width": 21,"Actual Startup Time": 0.238,"Actual Total Time": 0.267,"Actual Rows": 0,"Actual Loops": 468,"Index Cond": "(l_partkey = part.p_partkey)","Rows Removed by Index Recheck": 0,"Filter": "((l_shipmode = ANY ('{AIR,\"AIR REG\"}'::bpchar[])) AND (l_shipinstruct = 'DELIVER IN PERSON'::bpchar) AND (((l_quantity >= '10'::numeric) AND (l_quantity <= '20'::numeric)) OR ((l_quantity >= '12'::numeric) AND (l_quantity <= '22'::numeric)) OR ((l_quantity >= '25'::numeric) AND (l_quantity <= '35'::numeric))) AND (((part.p_brand = 'Brand#42'::bpchar) AND (part.p_container = ANY ('{\"SM CASE\",\"SM BOX\",\"SM PACK\",\"SM PKG\"}'::bpchar[])) AND (l_quantity >= '10'::numeric) AND (l_quantity <= '20'::numeric) AND (part.p_size <= 5)) OR ((part.p_brand = 'Brand#45'::bpchar) AND (part.p_container = ANY ('{\"MED BAG\",\"MED BOX\",\"MED PKG\",\"MED PACK\"}'::bpchar[])) AND (l_quantity >= '12'::numeric) AND (l_quantity <= '22'::numeric) AND (part.p_size <= 10)) OR ((part.p_brand = 'Brand#51'::bpchar) AND (part.p_container = ANY ('{\"LG CASE\",\"LG BOX\",\"LG PACK\",\"LG PKG\"}'::bpchar[])) AND (l_quantity >= '25'::numeric) AND (l_quantity <= '35'::numeric) AND (part.p_size <= 15))))","Rows Removed by Filter": 30,"Workers": []}]}]}]}]},"Planning Time": 5.580,"Triggers": [],"Execution Time": 94.814}]
[{"Plan": {"Node Type": "Aggregate","Strategy": "Plain","Partial Mode": "Finalize","Parallel Aware": false,"Async Capable": false,"Startup Cost": 33855.48,"Total Cost": 33855.49,"Plan Rows": 1,"Plan Width": 32,"Actual Startup Time": 82.672,"Actual Total Time": 97.407,"Actual Rows": 1,"Actual Loops": 1,"Plans": [{"Node Type": "Gather","Parent Relationship": "Outer","Parallel Aware": false,"Async Capable": false,"Startup Cost": 33855.26,"Total Cost": 33855.47,"Plan Rows": 2,"Plan Width": 32,"Actual Startup Time": 82.505,"Actual Total Time": 97.378,"Actual Rows": 3,"Actual Loops": 1,"Workers Planned": 2,"Workers Launched": 2,"Single Copy": false,"Plans": [{"Node Type": "Aggregate","Strategy": "Plain","Partial Mode": "Partial","Parent Relationship": "Outer","Parallel Aware": false,"Async Capable": false,"Startup Cost": 32855.26,"Total Cost": 32855.27,"Plan Rows": 1,"Plan Width": 32,"Actual Startup Time": 75.846,"Actual Total Time": 75.847,"Actual Rows": 1,"Actual Loops": 3,"Workers": [],"Plans": [{"Node Type": "Nested Loop","Parent Relationship": "Outer","Parallel Aware": false,"Async Capable": false,"Join Type": "Inner","Startup Cost": 0.43,"Total Cost": 32854.89,"Plan Rows": 48,"Plan Width": 12,"Actual Startup Time": 4.172,"Actual Total Time": 75.805,"Actual Rows": 40,"Actual Loops": 3,"Inner Unique": false,"Workers": [],"Plans": [{"Node Type": "Seq Scan","Parent Relationship": "Outer","Parallel Aware": true,"Async Capable": false,"Relation Name": "part","Alias": "part","Startup Cost": 0.00,"Total Cost": 7638.67,"Plan Rows": 205,"Plan Width": 30,"Actual Startup Time": 0.599,"Actual Total Time": 31.317,"Actual Rows": 171,"Actual Loops": 3,"Filter": "((p_size >= 1) AND (((p_brand = 'Brand#13'::bpchar) AND (p_container = ANY ('{\"SM CASE\",\"SM BOX\",\"SM PACK\",\"SM PKG\"}'::bpchar[])) AND (p_size <= 5)) OR ((p_brand = 'Brand#45'::bpchar) AND (p_container = ANY ('{\"MED BAG\",\"MED BOX\",\"MED PKG\",\"MED PACK\"}'::bpchar[])) AND (p_size <= 10)) OR ((p_brand = 'Brand#22'::bpchar) AND (p_container = ANY ('{\"LG CASE\",\"LG BOX\",\"LG PACK\",\"LG PKG\"}'::bpchar[])) AND (p_size <= 15))))","Rows Removed by Filter": 66495,"Workers": []},{"Node Type": "Index Scan","Parent Relationship": "Inner","Parallel Aware": false,"Async Capable": false,"Scan Direction": "Forward","Index Name": "idx_lineitem_part_supp","Relation Name": "lineitem","Alias": "lineitem","Startup Cost": 0.43,"Total Cost": 123.00,"Plan Rows": 1,"Plan Width": 21,"Actual Startup Time": 0.235,"Actual Total Time": 0.259,"Actual Rows": 0,"Actual Loops": 514,"Index Cond": "(l_partkey = part.p_partkey)","Rows Removed by Index Recheck": 0,"Filter": "((l_shipmode = ANY ('{AIR,\"AIR REG\"}'::bpchar[])) AND (l_shipinstruct = 'DELIVER IN PERSON'::bpchar) AND (((l_quantity >= '9'::numeric) AND (l_quantity <= '19'::numeric)) OR ((l_quantity >= '20'::numeric) AND (l_quantity <= '30'::numeric)) OR ((l_quantity >= '29'::numeric) AND (l_quantity <= '39'::numeric))) AND (((part.p_brand = 'Brand#13'::bpchar) AND (part.p_container = ANY ('{\"SM CASE\",\"SM BOX\",\"SM PACK\",\"SM PKG\"}'::bpchar[])) AND (l_quantity >= '9'::numeric) AND (l_quantity <= '19'::numeric) AND (part.p_size <= 5)) OR ((part.p_brand = 'Brand#45'::bpchar) AND (part.p_container = ANY ('{\"MED BAG\",\"MED BOX\",\"MED PKG\",\"MED PACK\"}'::bpchar[])) AND (l_quantity >= '20'::numeric) AND (l_quantity <= '30'::numeric) AND (part.p_size <= 10)) OR ((part.p_brand = 'Brand#22'::bpchar) AND (part.p_container = ANY ('{\"LG CASE\",\"LG BOX\",\"LG PACK\",\"LG PKG\"}'::bpchar[])) AND (l_quantity >= '29'::numeric) AND (l_quantity <= '39'::numeric) AND (part.p_size <= 15))))","Rows Removed by Filter": 30,"Workers": []}]}]}]}]},"Planning Time": 5.363,"Triggers": [],"Execution Time": 97.563}]
[{"Plan": {"Node Type": "Aggregate","Strategy": "Plain","Partial Mode": "Finalize","Parallel Aware": false,"Async Capable": false,"Startup Cost": 33159.78,"Total Cost": 33159.79,"Plan Rows": 1,"Plan Width": 32,"Actual Startup Time": 87.858,"Actual Total Time": 105.151,"Actual Rows": 1,"Actual Loops": 1,"Plans": [{"Node Type": "Gather","Parent Relationship": "Outer","Parallel Aware": false,"Async Capable": false,"Startup Cost": 33159.56,"Total Cost": 33159.77,"Plan Rows": 2,"Plan Width": 32,"Actual Startup Time": 87.762,"Actual Total Time": 105.120,"Actual Rows": 3,"Actual Loops": 1,"Workers Planned": 2,"Workers Launched": 2,"Single Copy": false,"Plans": [{"Node Type": "Aggregate","Strategy": "Plain","Partial Mode": "Partial","Parent Relationship": "Outer","Parallel Aware": false,"Async Capable": false,"Startup Cost": 32159.56,"Total Cost": 32159.57,"Plan Rows": 1,"Plan Width": 32,"Actual Startup Time": 81.672,"Actual Total Time": 81.674,"Actual Rows": 1,"Actual Loops": 3,"Workers": [],"Plans": [{"Node Type": "Nested Loop","Parent Relationship": "Outer","Parallel Aware": false,"Async Capable": false,"Join Type": "Inner","Startup Cost": 0.43,"Total Cost": 32159.21,"Plan Rows": 46,"Plan Width": 12,"Actual Startup Time": 10.463,"Actual Total Time": 81.620,"Actual Rows": 42,"Actual Loops": 3,"Inner Unique": false,"Workers": [],"Plans": [{"Node Type": "Seq Scan","Parent Relationship": "Outer","Parallel Aware": true,"Async Capable": false,"Relation Name": "part","Alias": "part","Startup Cost": 0.00,"Total Cost": 7638.67,"Plan Rows": 199,"Plan Width": 30,"Actual Startup Time": 0.245,"Actual Total Time": 34.630,"Actual Rows": 170,"Actual Loops": 3,"Filter": "((p_size >= 1) AND (((p_brand = 'Brand#54'::bpchar) AND (p_container = ANY ('{\"SM CASE\",\"SM BOX\",\"SM PACK\",\"SM PKG\"}'::bpchar[])) AND (p_size <= 5)) OR ((p_brand = 'Brand#53'::bpchar) AND (p_container = ANY ('{\"MED BAG\",\"MED BOX\",\"MED PKG\",\"MED PACK\"}'::bpchar[])) AND (p_size <= 10)) OR ((p_brand = 'Brand#43'::bpchar) AND (p_container = ANY ('{\"LG CASE\",\"LG BOX\",\"LG PACK\",\"LG PKG\"}'::bpchar[])) AND (p_size <= 15))))","Rows Removed by Filter": 66497,"Workers": []},{"Node Type": "Index Scan","Parent Relationship": "Inner","Parallel Aware": false,"Async Capable": false,"Scan Direction": "Forward","Index Name": "idx_lineitem_part_supp","Relation Name": "lineitem","Alias": "lineitem","Startup Cost": 0.43,"Total Cost": 123.21,"Plan Rows": 1,"Plan Width": 21,"Actual Startup Time": 0.248,"Actual Total Time": 0.277,"Actual Rows": 0,"Actual Loops": 509,"Index Cond": "(l_partkey = part.p_partkey)","Rows Removed by Index Recheck": 0,"Filter": "((l_shipmode = ANY ('{AIR,\"AIR REG\"}'::bpchar[])) AND (l_shipinstruct = 'DELIVER IN PERSON'::bpchar) AND (((l_quantity >= '9'::numeric) AND (l_quantity <= '19'::numeric)) OR ((l_quantity >= '14'::numeric) AND (l_quantity <= '24'::numeric)) OR ((l_quantity >= '22'::numeric) AND (l_quantity <= '32'::numeric))) AND (((part.p_brand = 'Brand#54'::bpchar) AND (part.p_container = ANY ('{\"SM CASE\",\"SM BOX\",\"SM PACK\",\"SM PKG\"}'::bpchar[])) AND (l_quantity >= '9'::numeric) AND (l_quantity <= '19'::numeric) AND (part.p_size <= 5)) OR ((part.p_brand = 'Brand#53'::bpchar) AND (part.p_container = ANY ('{\"MED BAG\",\"MED BOX\",\"MED PKG\",\"MED PACK\"}'::bpchar[])) AND (l_quantity >= '14'::numeric) AND (l_quantity <= '24'::numeric) AND (part.p_size <= 10)) OR ((part.p_brand = 'Brand#43'::bpchar) AND (part.p_container = ANY ('{\"LG CASE\",\"LG BOX\",\"LG PACK\",\"LG PKG\"}'::bpchar[])) AND (l_quantity >= '22'::numeric) AND (l_quantity <= '32'::numeric) AND (part.p_size <= 15))))","Rows Removed by Filter": 29,"Workers": []}]}]}]}]},"Planning Time": 6.363,"Triggers": [],"Execution Time": 105.350}]
[{"Plan": {"Node Type": "Aggregate","Strategy": "Plain","Partial Mode": "Finalize","Parallel Aware": false,"Async Capable": false,"Startup Cost": 33739.32,"Total Cost": 33739.33,"Plan Rows": 1,"Plan Width": 32,"Actual Startup Time": 80.680,"Actual Total Time": 95.367,"Actual Rows": 1,"Actual Loops": 1,"Plans": [{"Node Type": "Gather","Parent Relationship": "Outer","Parallel Aware": false,"Async Capable": false,"Startup Cost": 33739.10,"Total Cost": 33739.31,"Plan Rows": 2,"Plan Width": 32,"Actual Startup Time": 80.320,"Actual Total Time": 95.339,"Actual Rows": 3,"Actual Loops": 1,"Workers Planned": 2,"Workers Launched": 2,"Single Copy": false,"Plans": [{"Node Type": "Aggregate","Strategy": "Plain","Partial Mode": "Partial","Parent Relationship": "Outer","Parallel Aware": false,"Async Capable": false,"Startup Cost": 32739.10,"Total Cost": 32739.11,"Plan Rows": 1,"Plan Width": 32,"Actual Startup Time": 73.736,"Actual Total Time": 73.740,"Actual Rows": 1,"Actual Loops": 3,"Workers": [],"Plans": [{"Node Type": "Nested Loop","Parent Relationship": "Outer","Parallel Aware": false,"Async Capable": false,"Join Type": "Inner","Startup Cost": 0.43,"Total Cost": 32738.73,"Plan Rows": 48,"Plan Width": 12,"Actual Startup Time": 6.275,"Actual Total Time": 73.695,"Actual Rows": 41,"Actual Loops": 3,"Inner Unique": false,"Workers": [],"Plans": [{"Node Type": "Seq Scan","Parent Relationship": "Outer","Parallel Aware": true,"Async Capable": false,"Relation Name": "part","Alias": "part","Startup Cost": 0.00,"Total Cost": 7638.67,"Plan Rows": 204,"Plan Width": 30,"Actual Startup Time": 0.578,"Actual Total Time": 30.955,"Actual Rows": 164,"Actual Loops": 3,"Filter": "((p_size >= 1) AND (((p_brand = 'Brand#34'::bpchar) AND (p_container = ANY ('{\"SM CASE\",\"SM BOX\",\"SM PACK\",\"SM PKG\"}'::bpchar[])) AND (p_size <= 5)) OR ((p_brand = 'Brand#24'::bpchar) AND (p_container = ANY ('{\"MED BAG\",\"MED BOX\",\"MED PKG\",\"MED PACK\"}'::bpchar[])) AND (p_size <= 10)) OR ((p_brand = 'Brand#34'::bpchar) AND (p_container = ANY ('{\"LG CASE\",\"LG BOX\",\"LG PACK\",\"LG PKG\"}'::bpchar[])) AND (p_size <= 15))))","Rows Removed by Filter": 66503,"Workers": []},{"Node Type": "Index Scan","Parent Relationship": "Inner","Parallel Aware": false,"Async Capable": false,"Scan Direction": "Forward","Index Name": "idx_lineitem_part_supp","Relation Name": "lineitem","Alias": "lineitem","Startup Cost": 0.43,"Total Cost": 123.03,"Plan Rows": 1,"Plan Width": 21,"Actual Startup Time": 0.234,"Actual Total Time": 0.260,"Actual Rows": 0,"Actual Loops": 492,"Index Cond": "(l_partkey = part.p_partkey)","Rows Removed by Index Recheck": 0,"Filter": "((l_shipmode = ANY ('{AIR,\"AIR REG\"}'::bpchar[])) AND (l_shipinstruct = 'DELIVER IN PERSON'::bpchar) AND (((l_quantity >= '9'::numeric) AND (l_quantity <= '19'::numeric)) OR ((l_quantity >= '12'::numeric) AND (l_quantity <= '22'::numeric)) OR ((l_quantity >= '20'::numeric) AND (l_quantity <= '30'::numeric))) AND (((part.p_brand = 'Brand#34'::bpchar) AND (part.p_container = ANY ('{\"SM CASE\",\"SM BOX\",\"SM PACK\",\"SM PKG\"}'::bpchar[])) AND (l_quantity >= '9'::numeric) AND (l_quantity <= '19'::numeric) AND (part.p_size <= 5)) OR ((part.p_brand = 'Brand#24'::bpchar) AND (part.p_container = ANY ('{\"MED BAG\",\"MED BOX\",\"MED PKG\",\"MED PACK\"}'::bpchar[])) AND (l_quantity >= '12'::numeric) AND (l_quantity <= '22'::numeric) AND (part.p_size <= 10)) OR ((part.p_brand = 'Brand#34'::bpchar) AND (part.p_container = ANY ('{\"LG CASE\",\"LG BOX\",\"LG PACK\",\"LG PKG\"}'::bpchar[])) AND (l_quantity >= '20'::numeric) AND (l_quantity <= '30'::numeric) AND (part.p_size <= 15))))","Rows Removed by Filter": 29,"Workers": []}]}]}]}]},"Planning Time": 6.077,"Triggers": [],"Execution Time": 95.550}]
[{"Plan": {"Node Type": "Aggregate","Strategy": "Plain","Partial Mode": "Finalize","Parallel Aware": false,"Async Capable": false,"Startup Cost": 34089.82,"Total Cost": 34089.83,"Plan Rows": 1,"Plan Width": 32,"Actual Startup Time": 78.841,"Actual Total Time": 92.875,"Actual Rows": 1,"Actual Loops": 1,"Plans": [{"Node Type": "Gather","Parent Relationship": "Outer","Parallel Aware": false,"Async Capable": false,"Startup Cost": 34089.60,"Total Cost": 34089.81,"Plan Rows": 2,"Plan Width": 32,"Actual Startup Time": 78.674,"Actual Total Time": 92.847,"Actual Rows": 3,"Actual Loops": 1,"Workers Planned": 2,"Workers Launched": 2,"Single Copy": false,"Plans": [{"Node Type": "Aggregate","Strategy": "Plain","Partial Mode": "Partial","Parent Relationship": "Outer","Parallel Aware": false,"Async Capable": false,"Startup Cost": 33089.60,"Total Cost": 33089.61,"Plan Rows": 1,"Plan Width": 32,"Actual Startup Time": 72.237,"Actual Total Time": 72.239,"Actual Rows": 1,"Actual Loops": 3,"Workers": [],"Plans": [{"Node Type": "Nested Loop","Parent Relationship": "Outer","Parallel Aware": false,"Async Capable": false,"Join Type": "Inner","Startup Cost": 0.43,"Total Cost": 33089.23,"Plan Rows": 48,"Plan Width": 12,"Actual Startup Time": 4.872,"Actual Total Time": 72.192,"Actual Rows": 35,"Actual Loops": 3,"Inner Unique": false,"Workers": [],"Plans": [{"Node Type": "Seq Scan","Parent Relationship": "Outer","Parallel Aware": true,"Async Capable": false,"Relation Name": "part","Alias": "part","Startup Cost": 0.00,"Total Cost": 7638.67,"Plan Rows": 207,"Plan Width": 30,"Actual Startup Time": 0.176,"Actual Total Time": 31.174,"Actual Rows": 156,"Actual Loops": 3,"Filter": "((p_size >= 1) AND (((p_brand = 'Brand#11'::bpchar) AND (p_container = ANY ('{\"SM CASE\",\"SM BOX\",\"SM PACK\",\"SM PKG\"}'::bpchar[])) AND (p_size <= 5)) OR ((p_brand = 'Brand#33'::bpchar) AND (p_container = ANY ('{\"MED BAG\",\"MED BOX\",\"MED PKG\",\"MED PACK\"}'::bpchar[])) AND (p_size <= 10)) OR ((p_brand = 'Brand#13'::bpchar) AND (p_container = ANY ('{\"LG CASE\",\"LG BOX\",\"LG PACK\",\"LG PKG\"}'::bpchar[])) AND (p_size <= 15))))","Rows Removed by Filter": 66511,"Workers": []},{"Node Type": "Index Scan","Parent Relationship": "Inner","Parallel Aware": false,"Async Capable": false,"Scan Direction": "Forward","Index Name": "idx_lineitem_part_supp","Relation Name": "lineitem","Alias": "lineitem","Startup Cost": 0.43,"Total Cost": 122.94,"Plan Rows": 1,"Plan Width": 21,"Actual Startup Time": 0.238,"Actual Total Time": 0.262,"Actual Rows": 0,"Actual Loops": 468,"Index Cond": "(l_partkey = part.p_partkey)","Rows Removed by Index Recheck": 0,"Filter": "((l_shipmode = ANY ('{AIR,\"AIR REG\"}'::bpchar[])) AND (l_shipinstruct = 'DELIVER IN PERSON'::bpchar) AND (((l_quantity >= '1'::numeric) AND (l_quantity <= '11'::numeric)) OR ((l_quantity >= '19'::numeric) AND (l_quantity <= '29'::numeric)) OR ((l_quantity >= '23'::numeric) AND (l_quantity <= '33'::numeric))) AND (((part.p_brand = 'Brand#11'::bpchar) AND (part.p_container = ANY ('{\"SM CASE\",\"SM BOX\",\"SM PACK\",\"SM PKG\"}'::bpchar[])) AND (l_quantity >= '1'::numeric) AND (l_quantity <= '11'::numeric) AND (part.p_size <= 5)) OR ((part.p_brand = 'Brand#33'::bpchar) AND (part.p_container = ANY ('{\"MED BAG\",\"MED BOX\",\"MED PKG\",\"MED PACK\"}'::bpchar[])) AND (l_quantity >= '19'::numeric) AND (l_quantity <= '29'::numeric) AND (part.p_size <= 10)) OR ((part.p_brand = 'Brand#13'::bpchar) AND (part.p_container = ANY ('{\"LG CASE\",\"LG BOX\",\"LG PACK\",\"LG PKG\"}'::bpchar[])) AND (l_quantity >= '23'::numeric) AND (l_quantity <= '33'::numeric) AND (part.p_size <= 15))))","Rows Removed by Filter": 30,"Workers": []}]}]}]}]},"Planning Time": 6.138,"Triggers": [],"Execution Time": 93.037}]
[{"Plan": {"Node Type": "Aggregate","Strategy": "Plain","Partial Mode": "Finalize","Parallel Aware": false,"Async Capable": false,"Startup Cost": 33508.15,"Total Cost": 33508.16,"Plan Rows": 1,"Plan Width": 32,"Actual Startup Time": 81.287,"Actual Total Time": 96.219,"Actual Rows": 1,"Actual Loops": 1,"Plans": [{"Node Type": "Gather","Parent Relationship": "Outer","Parallel Aware": false,"Async Capable": false,"Startup Cost": 33507.93,"Total Cost": 33508.14,"Plan Rows": 2,"Plan Width": 32,"Actual Startup Time": 81.129,"Actual Total Time": 96.201,"Actual Rows": 3,"Actual Loops": 1,"Workers Planned": 2,"Workers Launched": 2,"Single Copy": false,"Plans": [{"Node Type": "Aggregate","Strategy": "Plain","Partial Mode": "Partial","Parent Relationship": "Outer","Parallel Aware": false,"Async Capable": false,"Startup Cost": 32507.93,"Total Cost": 32507.94,"Plan Rows": 1,"Plan Width": 32,"Actual Startup Time": 74.475,"Actual Total Time": 74.476,"Actual Rows": 1,"Actual Loops": 3,"Workers": [],"Plans": [{"Node Type": "Nested Loop","Parent Relationship": "Outer","Parallel Aware": false,"Async Capable": false,"Join Type": "Inner","Startup Cost": 0.43,"Total Cost": 32507.58,"Plan Rows": 47,"Plan Width": 12,"Actual Startup Time": 3.391,"Actual Total Time": 74.442,"Actual Rows": 26,"Actual Loops": 3,"Inner Unique": false,"Workers": [],"Plans": [{"Node Type": "Seq Scan","Parent Relationship": "Outer","Parallel Aware": true,"Async Capable": false,"Relation Name": "part","Alias": "part","Startup Cost": 0.00,"Total Cost": 7638.67,"Plan Rows": 202,"Plan Width": 30,"Actual Startup Time": 0.634,"Actual Total Time": 33.466,"Actual Rows": 149,"Actual Loops": 3,"Filter": "((p_size >= 1) AND (((p_brand = 'Brand#22'::bpchar) AND (p_container = ANY ('{\"SM CASE\",\"SM BOX\",\"SM PACK\",\"SM PKG\"}'::bpchar[])) AND (p_size <= 5)) OR ((p_brand = 'Brand#34'::bpchar) AND (p_container = ANY ('{\"MED BAG\",\"MED BOX\",\"MED PKG\",\"MED PACK\"}'::bpchar[])) AND (p_size <= 10)) OR ((p_brand = 'Brand#51'::bpchar) AND (p_container = ANY ('{\"LG CASE\",\"LG BOX\",\"LG PACK\",\"LG PKG\"}'::bpchar[])) AND (p_size <= 15))))","Rows Removed by Filter": 66518,"Workers": []},{"Node Type": "Index Scan","Parent Relationship": "Inner","Parallel Aware": false,"Async Capable": false,"Scan Direction": "Forward","Index Name": "idx_lineitem_part_supp","Relation Name": "lineitem","Alias": "lineitem","Startup Cost": 0.43,"Total Cost": 123.10,"Plan Rows": 1,"Plan Width": 21,"Actual Startup Time": 0.251,"Actual Total Time": 0.275,"Actual Rows": 0,"Actual Loops": 447,"Index Cond": "(l_partkey = part.p_partkey)","Rows Removed by Index Recheck": 0,"Filter": "((l_shipmode = ANY ('{AIR,\"AIR REG\"}'::bpchar[])) AND (l_shipinstruct = 'DELIVER IN PERSON'::bpchar) AND (((l_quantity >= '9'::numeric) AND (l_quantity <= '19'::numeric)) OR ((l_quantity >= '17'::numeric) AND (l_quantity <= '27'::numeric)) OR ((l_quantity >= '21'::numeric) AND (l_quantity <= '31'::numeric))) AND (((part.p_brand = 'Brand#22'::bpchar) AND (part.p_container = ANY ('{\"SM CASE\",\"SM BOX\",\"SM PACK\",\"SM PKG\"}'::bpchar[])) AND (l_quantity >= '9'::numeric) AND (l_quantity <= '19'::numeric) AND (part.p_size <= 5)) OR ((part.p_brand = 'Brand#34'::bpchar) AND (part.p_container = ANY ('{\"MED BAG\",\"MED BOX\",\"MED PKG\",\"MED PACK\"}'::bpchar[])) AND (l_quantity >= '17'::numeric) AND (l_quantity <= '27'::numeric) AND (part.p_size <= 10)) OR ((part.p_brand = 'Brand#51'::bpchar) AND (part.p_container = ANY ('{\"LG CASE\",\"LG BOX\",\"LG PACK\",\"LG PKG\"}'::bpchar[])) AND (l_quantity >= '21'::numeric) AND (l_quantity <= '31'::numeric) AND (part.p_size <= 15))))","Rows Removed by Filter": 30,"Workers": []}]}]}]}]},"Planning Time": 5.569,"Triggers": [],"Execution Time": 96.409}]
[{"Plan": {"Node Type": "Aggregate","Strategy": "Plain","Partial Mode": "Finalize","Parallel Aware": false,"Async Capable": false,"Startup Cost": 34198.03,"Total Cost": 34198.04,"Plan Rows": 1,"Plan Width": 32,"Actual Startup Time": 85.895,"Actual Total Time": 101.017,"Actual Rows": 1,"Actual Loops": 1,"Plans": [{"Node Type": "Gather","Parent Relationship": "Outer","Parallel Aware": false,"Async Capable": false,"Startup Cost": 34197.81,"Total Cost": 34198.02,"Plan Rows": 2,"Plan Width": 32,"Actual Startup Time": 85.768,"Actual Total Time": 100.979,"Actual Rows": 3,"Actual Loops": 1,"Workers Planned": 2,"Workers Launched": 2,"Single Copy": false,"Plans": [{"Node Type": "Aggregate","Strategy": "Plain","Partial Mode": "Partial","Parent Relationship": "Outer","Parallel Aware": false,"Async Capable": false,"Startup Cost": 33197.81,"Total Cost": 33197.82,"Plan Rows": 1,"Plan Width": 32,"Actual Startup Time": 79.061,"Actual Total Time": 79.064,"Actual Rows": 1,"Actual Loops": 3,"Workers": [],"Plans": [{"Node Type": "Nested Loop","Parent Relationship": "Outer","Parallel Aware": false,"Async Capable": false,"Join Type": "Inner","Startup Cost": 0.43,"Total Cost": 33197.45,"Plan Rows": 48,"Plan Width": 12,"Actual Startup Time": 2.818,"Actual Total Time": 79.011,"Actual Rows": 41,"Actual Loops": 3,"Inner Unique": false,"Workers": [],"Plans": [{"Node Type": "Seq Scan","Parent Relationship": "Outer","Parallel Aware": true,"Async Capable": false,"Relation Name": "part","Alias": "part","Startup Cost": 0.00,"Total Cost": 7638.67,"Plan Rows": 208,"Plan Width": 30,"Actual Startup Time": 0.259,"Actual Total Time": 34.116,"Actual Rows": 162,"Actual Loops": 3,"Filter": "((p_size >= 1) AND (((p_brand = 'Brand#33'::bpchar) AND (p_container = ANY ('{\"SM CASE\",\"SM BOX\",\"SM PACK\",\"SM PKG\"}'::bpchar[])) AND (p_size <= 5)) OR ((p_brand = 'Brand#45'::bpchar) AND (p_container = ANY ('{\"MED BAG\",\"MED BOX\",\"MED PKG\",\"MED PACK\"}'::bpchar[])) AND (p_size <= 10)) OR ((p_brand = 'Brand#55'::bpchar) AND (p_container = ANY ('{\"LG CASE\",\"LG BOX\",\"LG PACK\",\"LG PKG\"}'::bpchar[])) AND (p_size <= 15))))","Rows Removed by Filter": 66504,"Workers": []},{"Node Type": "Index Scan","Parent Relationship": "Inner","Parallel Aware": false,"Async Capable": false,"Scan Direction": "Forward","Index Name": "idx_lineitem_part_supp","Relation Name": "lineitem","Alias": "lineitem","Startup Cost": 0.43,"Total Cost": 122.87,"Plan Rows": 1,"Plan Width": 21,"Actual Startup Time": 0.248,"Actual Total Time": 0.276,"Actual Rows": 0,"Actual Loops": 487,"Index Cond": "(l_partkey = part.p_partkey)","Rows Removed by Index Recheck": 0,"Filter": "((l_shipmode = ANY ('{AIR,\"AIR REG\"}'::bpchar[])) AND (l_shipinstruct = 'DELIVER IN PERSON'::bpchar) AND (((l_quantity >= '9'::numeric) AND (l_quantity <= '19'::numeric)) OR ((l_quantity >= '20'::numeric) AND (l_quantity <= '30'::numeric)) OR ((l_quantity >= '24'::numeric) AND (l_quantity <= '34'::numeric))) AND (((part.p_brand = 'Brand#33'::bpchar) AND (part.p_container = ANY ('{\"SM CASE\",\"SM BOX\",\"SM PACK\",\"SM PKG\"}'::bpchar[])) AND (l_quantity >= '9'::numeric) AND (l_quantity <= '19'::numeric) AND (part.p_size <= 5)) OR ((part.p_brand = 'Brand#45'::bpchar) AND (part.p_container = ANY ('{\"MED BAG\",\"MED BOX\",\"MED PKG\",\"MED PACK\"}'::bpchar[])) AND (l_quantity >= '20'::numeric) AND (l_quantity <= '30'::numeric) AND (part.p_size <= 10)) OR ((part.p_brand = 'Brand#55'::bpchar) AND (part.p_container = ANY ('{\"LG CASE\",\"LG BOX\",\"LG PACK\",\"LG PKG\"}'::bpchar[])) AND (l_quantity >= '24'::numeric) AND (l_quantity <= '34'::numeric) AND (part.p_size <= 15))))","Rows Removed by Filter": 30,"Workers": []}]}]}]}]},"Planning Time": 5.247,"Triggers": [],"Execution Time": 101.182}]
[{"Plan": {"Node Type": "Aggregate","Strategy": "Plain","Partial Mode": "Finalize","Parallel Aware": false,"Async Capable": false,"Startup Cost": 33620.85,"Total Cost": 33620.86,"Plan Rows": 1,"Plan Width": 32,"Actual Startup Time": 78.991,"Actual Total Time": 93.316,"Actual Rows": 1,"Actual Loops": 1,"Plans": [{"Node Type": "Gather","Parent Relationship": "Outer","Parallel Aware": false,"Async Capable": false,"Startup Cost": 33620.63,"Total Cost": 33620.84,"Plan Rows": 2,"Plan Width": 32,"Actual Startup Time": 78.882,"Actual Total Time": 93.286,"Actual Rows": 3,"Actual Loops": 1,"Workers Planned": 2,"Workers Launched": 2,"Single Copy": false,"Plans": [{"Node Type": "Aggregate","Strategy": "Plain","Partial Mode": "Partial","Parent Relationship": "Outer","Parallel Aware": false,"Async Capable": false,"Startup Cost": 32620.63,"Total Cost": 32620.64,"Plan Rows": 1,"Plan Width": 32,"Actual Startup Time": 72.633,"Actual Total Time": 72.635,"Actual Rows": 1,"Actual Loops": 3,"Workers": [],"Plans": [{"Node Type": "Nested Loop","Parent Relationship": "Outer","Parallel Aware": false,"Async Capable": false,"Join Type": "Inner","Startup Cost": 0.43,"Total Cost": 32620.28,"Plan Rows": 47,"Plan Width": 12,"Actual Startup Time": 7.839,"Actual Total Time": 72.601,"Actual Rows": 40,"Actual Loops": 3,"Inner Unique": false,"Workers": [],"Plans": [{"Node Type": "Seq Scan","Parent Relationship": "Outer","Parallel Aware": true,"Async Capable": false,"Relation Name": "part","Alias": "part","Startup Cost": 0.00,"Total Cost": 7638.67,"Plan Rows": 203,"Plan Width": 30,"Actual Startup Time": 1.437,"Actual Total Time": 30.406,"Actual Rows": 168,"Actual Loops": 3,"Filter": "((p_size >= 1) AND (((p_brand = 'Brand#53'::bpchar) AND (p_container = ANY ('{\"SM CASE\",\"SM BOX\",\"SM PACK\",\"SM PKG\"}'::bpchar[])) AND (p_size <= 5)) OR ((p_brand = 'Brand#53'::bpchar) AND (p_container = ANY ('{\"MED BAG\",\"MED BOX\",\"MED PKG\",\"MED PACK\"}'::bpchar[])) AND (p_size <= 10)) OR ((p_brand = 'Brand#14'::bpchar) AND (p_container = ANY ('{\"LG CASE\",\"LG BOX\",\"LG PACK\",\"LG PKG\"}'::bpchar[])) AND (p_size <= 15))))","Rows Removed by Filter": 66499,"Workers": []},{"Node Type": "Index Scan","Parent Relationship": "Inner","Parallel Aware": false,"Async Capable": false,"Scan Direction": "Forward","Index Name": "idx_lineitem_part_supp","Relation Name": "lineitem","Alias": "lineitem","Startup Cost": 0.43,"Total Cost": 123.05,"Plan Rows": 1,"Plan Width": 21,"Actual Startup Time": 0.223,"Actual Total Time": 0.251,"Actual Rows": 0,"Actual Loops": 503,"Index Cond": "(l_partkey = part.p_partkey)","Rows Removed by Index Recheck": 0,"Filter": "((l_shipmode = ANY ('{AIR,\"AIR REG\"}'::bpchar[])) AND (l_shipinstruct = 'DELIVER IN PERSON'::bpchar) AND (((l_quantity >= '6'::numeric) AND (l_quantity <= '16'::numeric)) OR ((l_quantity >= '17'::numeric) AND (l_quantity <= '27'::numeric)) OR ((l_quantity >= '24'::numeric) AND (l_quantity <= '34'::numeric))) AND (((part.p_brand = 'Brand#53'::bpchar) AND (part.p_container = ANY ('{\"SM CASE\",\"SM BOX\",\"SM PACK\",\"SM PKG\"}'::bpchar[])) AND (l_quantity >= '6'::numeric) AND (l_quantity <= '16'::numeric) AND (part.p_size <= 5)) OR ((part.p_brand = 'Brand#53'::bpchar) AND (part.p_container = ANY ('{\"MED BAG\",\"MED BOX\",\"MED PKG\",\"MED PACK\"}'::bpchar[])) AND (l_quantity >= '17'::numeric) AND (l_quantity <= '27'::numeric) AND (part.p_size <= 10)) OR ((part.p_brand = 'Brand#14'::bpchar) AND (part.p_container = ANY ('{\"LG CASE\",\"LG BOX\",\"LG PACK\",\"LG PKG\"}'::bpchar[])) AND (l_quantity >= '24'::numeric) AND (l_quantity <= '34'::numeric) AND (part.p_size <= 15))))","Rows Removed by Filter": 29,"Workers": []}]}]}]}]},"Planning Time": 5.156,"Triggers": [],"Execution Time": 93.551}]
[{"Plan": {"Node Type": "Aggregate","Strategy": "Plain","Partial Mode": "Finalize","Parallel Aware": false,"Async Capable": false,"Startup Cost": 33626.15,"Total Cost": 33626.16,"Plan Rows": 1,"Plan Width": 32,"Actual Startup Time": 87.199,"Actual Total Time": 103.219,"Actual Rows": 1,"Actual Loops": 1,"Plans": [{"Node Type": "Gather","Parent Relationship": "Outer","Parallel Aware": false,"Async Capable": false,"Startup Cost": 33625.93,"Total Cost": 33626.14,"Plan Rows": 2,"Plan Width": 32,"Actual Startup Time": 87.097,"Actual Total Time": 103.203,"Actual Rows": 3,"Actual Loops": 1,"Workers Planned": 2,"Workers Launched": 2,"Single Copy": false,"Plans": [{"Node Type": "Aggregate","Strategy": "Plain","Partial Mode": "Partial","Parent Relationship": "Outer","Parallel Aware": false,"Async Capable": false,"Startup Cost": 32625.93,"Total Cost": 32625.94,"Plan Rows": 1,"Plan Width": 32,"Actual Startup Time": 80.844,"Actual Total Time": 80.847,"Actual Rows": 1,"Actual Loops": 3,"Workers": [],"Plans": [{"Node Type": "Nested Loop","Parent Relationship": "Outer","Parallel Aware": false,"Async Capable": false,"Join Type": "Inner","Startup Cost": 0.43,"Total Cost": 32625.57,"Plan Rows": 47,"Plan Width": 12,"Actual Startup Time": 7.378,"Actual Total Time": 80.798,"Actual Rows": 36,"Actual Loops": 3,"Inner Unique": false,"Workers": [],"Plans": [{"Node Type": "Seq Scan","Parent Relationship": "Outer","Parallel Aware": true,"Async Capable": false,"Relation Name": "part","Alias": "part","Startup Cost": 0.00,"Total Cost": 7638.67,"Plan Rows": 203,"Plan Width": 30,"Actual Startup Time": 0.605,"Actual Total Time": 35.875,"Actual Rows": 166,"Actual Loops": 3,"Filter": "((p_size >= 1) AND (((p_brand = 'Brand#24'::bpchar) AND (p_container = ANY ('{\"SM CASE\",\"SM BOX\",\"SM PACK\",\"SM PKG\"}'::bpchar[])) AND (p_size <= 5)) OR ((p_brand = 'Brand#11'::bpchar) AND (p_container = ANY ('{\"MED BAG\",\"MED BOX\",\"MED PKG\",\"MED PACK\"}'::bpchar[])) AND (p_size <= 10)) OR ((p_brand = 'Brand#53'::bpchar) AND (p_container = ANY ('{\"LG CASE\",\"LG BOX\",\"LG PACK\",\"LG PKG\"}'::bpchar[])) AND (p_size <= 15))))","Rows Removed by Filter": 66500,"Workers": []},{"Node Type": "Index Scan","Parent Relationship": "Inner","Parallel Aware": false,"Async Capable": false,"Scan Direction": "Forward","Index Name": "idx_lineitem_part_supp","Relation Name": "lineitem","Alias": "lineitem","Startup Cost": 0.43,"Total Cost": 123.08,"Plan Rows": 1,"Plan Width": 21,"Actual Startup Time": 0.243,"Actual Total Time": 0.270,"Actual Rows": 0,"Actual Loops": 499,"Index Cond": "(l_partkey = part.p_partkey)","Rows Removed by Index Recheck": 0,"Filter": "((l_shipmode = ANY ('{AIR,\"AIR REG\"}'::bpchar[])) AND (l_shipinstruct = 'DELIVER IN PERSON'::bpchar) AND (((l_quantity >= '3'::numeric) AND (l_quantity <= '13'::numeric)) OR ((l_quantity >= '12'::numeric) AND (l_quantity <= '22'::numeric)) OR ((l_quantity >= '23'::numeric) AND (l_quantity <= '33'::numeric))) AND (((part.p_brand = 'Brand#24'::bpchar) AND (part.p_container = ANY ('{\"SM CASE\",\"SM BOX\",\"SM PACK\",\"SM PKG\"}'::bpchar[])) AND (l_quantity >= '3'::numeric) AND (l_quantity <= '13'::numeric) AND (part.p_size <= 5)) OR ((part.p_brand = 'Brand#11'::bpchar) AND (part.p_container = ANY ('{\"MED BAG\",\"MED BOX\",\"MED PKG\",\"MED PACK\"}'::bpchar[])) AND (l_quantity >= '12'::numeric) AND (l_quantity <= '22'::numeric) AND (part.p_size <= 10)) OR ((part.p_brand = 'Brand#53'::bpchar) AND (part.p_container = ANY ('{\"LG CASE\",\"LG BOX\",\"LG PACK\",\"LG PKG\"}'::bpchar[])) AND (l_quantity >= '23'::numeric) AND (l_quantity <= '33'::numeric) AND (part.p_size <= 15))))","Rows Removed by Filter": 30,"Workers": []}]}]}]}]},"Planning Time": 5.427,"Triggers": [],"Execution Time": 103.451}]
[{"Plan": {"Node Type": "Aggregate","Strategy": "Plain","Partial Mode": "Finalize","Parallel Aware": false,"Async Capable": false,"Startup Cost": 33972.23,"Total Cost": 33972.24,"Plan Rows": 1,"Plan Width": 32,"Actual Startup Time": 82.282,"Actual Total Time": 98.169,"Actual Rows": 1,"Actual Loops": 1,"Plans": [{"Node Type": "Gather","Parent Relationship": "Outer","Parallel Aware": false,"Async Capable": false,"Startup Cost": 33972.01,"Total Cost": 33972.22,"Plan Rows": 2,"Plan Width": 32,"Actual Startup Time": 82.166,"Actual Total Time": 98.142,"Actual Rows": 3,"Actual Loops": 1,"Workers Planned": 2,"Workers Launched": 2,"Single Copy": false,"Plans": [{"Node Type": "Aggregate","Strategy": "Plain","Partial Mode": "Partial","Parent Relationship": "Outer","Parallel Aware": false,"Async Capable": false,"Startup Cost": 32972.01,"Total Cost": 32972.02,"Plan Rows": 1,"Plan Width": 32,"Actual Startup Time": 75.973,"Actual Total Time": 75.976,"Actual Rows": 1,"Actual Loops": 3,"Workers": [],"Plans": [{"Node Type": "Nested Loop","Parent Relationship": "Outer","Parallel Aware": false,"Async Capable": false,"Join Type": "Inner","Startup Cost": 0.43,"Total Cost": 32971.65,"Plan Rows": 48,"Plan Width": 12,"Actual Startup Time": 4.257,"Actual Total Time": 75.930,"Actual Rows": 43,"Actual Loops": 3,"Inner Unique": false,"Workers": [],"Plans": [{"Node Type": "Seq Scan","Parent Relationship": "Outer","Parallel Aware": true,"Async Capable": false,"Relation Name": "part","Alias": "part","Startup Cost": 0.00,"Total Cost": 7638.67,"Plan Rows": 206,"Plan Width": 30,"Actual Startup Time": 0.174,"Actual Total Time": 30.995,"Actual Rows": 172,"Actual Loops": 3,"Filter": "((p_size >= 1) AND (((p_brand = 'Brand#54'::bpchar) AND (p_container = ANY ('{\"SM CASE\",\"SM BOX\",\"SM PACK\",\"SM PKG\"}'::bpchar[])) AND (p_size <= 5)) OR ((p_brand = 'Brand#25'::bpchar) AND (p_container = ANY ('{\"MED BAG\",\"MED BOX\",\"MED PKG\",\"MED PACK\"}'::bpchar[])) AND (p_size <= 10)) OR ((p_brand = 'Brand#33'::bpchar) AND (p_container = ANY ('{\"LG CASE\",\"LG BOX\",\"LG PACK\",\"LG PKG\"}'::bpchar[])) AND (p_size <= 15))))","Rows Removed by Filter": 66494,"Workers": []},{"Node Type": "Index Scan","Parent Relationship": "Inner","Parallel Aware": false,"Async Capable": false,"Scan Direction": "Forward","Index Name": "idx_lineitem_part_supp","Relation Name": "lineitem","Alias": "lineitem","Startup Cost": 0.43,"Total Cost": 122.97,"Plan Rows": 1,"Plan Width": 21,"Actual Startup Time": 0.233,"Actual Total Time": 0.260,"Actual Rows": 0,"Actual Loops": 517,"Index Cond": "(l_partkey = part.p_partkey)","Rows Removed by Index Recheck": 0,"Filter": "((l_shipmode = ANY ('{AIR,\"AIR REG\"}'::bpchar[])) AND (l_shipinstruct = 'DELIVER IN PERSON'::bpchar) AND (((l_quantity >= '8'::numeric) AND (l_quantity <= '18'::numeric)) OR ((l_quantity >= '10'::numeric) AND (l_quantity <= '20'::numeric)) OR ((l_quantity >= '22'::numeric) AND (l_quantity <= '32'::numeric))) AND (((part.p_brand = 'Brand#54'::bpchar) AND (part.p_container = ANY ('{\"SM CASE\",\"SM BOX\",\"SM PACK\",\"SM PKG\"}'::bpchar[])) AND (l_quantity >= '8'::numeric) AND (l_quantity <= '18'::numeric) AND (part.p_size <= 5)) OR ((part.p_brand = 'Brand#25'::bpchar) AND (part.p_container = ANY ('{\"MED BAG\",\"MED BOX\",\"MED PKG\",\"MED PACK\"}'::bpchar[])) AND (l_quantity >= '10'::numeric) AND (l_quantity <= '20'::numeric) AND (part.p_size <= 10)) OR ((part.p_brand = 'Brand#33'::bpchar) AND (part.p_container = ANY ('{\"LG CASE\",\"LG BOX\",\"LG PACK\",\"LG PKG\"}'::bpchar[])) AND (l_quantity >= '22'::numeric) AND (l_quantity <= '32'::numeric) AND (part.p_size <= 15))))","Rows Removed by Filter": 30,"Workers": []}]}]}]}]},"Planning Time": 5.502,"Triggers": [],"Execution Time": 98.379}]
[{"Plan": {"Node Type": "Aggregate","Strategy": "Plain","Partial Mode": "Finalize","Parallel Aware": false,"Async Capable": false,"Startup Cost": 33506.46,"Total Cost": 33506.47,"Plan Rows": 1,"Plan Width": 32,"Actual Startup Time": 82.631,"Actual Total Time": 97.563,"Actual Rows": 1,"Actual Loops": 1,"Plans": [{"Node Type": "Gather","Parent Relationship": "Outer","Parallel Aware": false,"Async Capable": false,"Startup Cost": 33506.24,"Total Cost": 33506.45,"Plan Rows": 2,"Plan Width": 32,"Actual Startup Time": 82.317,"Actual Total Time": 97.537,"Actual Rows": 3,"Actual Loops": 1,"Workers Planned": 2,"Workers Launched": 2,"Single Copy": false,"Plans": [{"Node Type": "Aggregate","Strategy": "Plain","Partial Mode": "Partial","Parent Relationship": "Outer","Parallel Aware": false,"Async Capable": false,"Startup Cost": 32506.24,"Total Cost": 32506.25,"Plan Rows": 1,"Plan Width": 32,"Actual Startup Time": 75.804,"Actual Total Time": 75.805,"Actual Rows": 1,"Actual Loops": 3,"Workers": [],"Plans": [{"Node Type": "Nested Loop","Parent Relationship": "Outer","Parallel Aware": false,"Async Capable": false,"Join Type": "Inner","Startup Cost": 0.43,"Total Cost": 32505.88,"Plan Rows": 47,"Plan Width": 12,"Actual Startup Time": 6.267,"Actual Total Time": 75.752,"Actual Rows": 36,"Actual Loops": 3,"Inner Unique": false,"Workers": [],"Plans": [{"Node Type": "Seq Scan","Parent Relationship": "Outer","Parallel Aware": true,"Async Capable": false,"Relation Name": "part","Alias": "part","Startup Cost": 0.00,"Total Cost": 7638.67,"Plan Rows": 202,"Plan Width": 30,"Actual Startup Time": 0.490,"Actual Total Time": 33.468,"Actual Rows": 154,"Actual Loops": 3,"Filter": "((p_size >= 1) AND (((p_brand = 'Brand#54'::bpchar) AND (p_container = ANY ('{\"SM CASE\",\"SM BOX\",\"SM PACK\",\"SM PKG\"}'::bpchar[])) AND (p_size <= 5)) OR ((p_brand = 'Brand#21'::bpchar) AND (p_container = ANY ('{\"MED BAG\",\"MED BOX\",\"MED PKG\",\"MED PACK\"}'::bpchar[])) AND (p_size <= 10)) OR ((p_brand = 'Brand#44'::bpchar) AND (p_container = ANY ('{\"LG CASE\",\"LG BOX\",\"LG PACK\",\"LG PKG\"}'::bpchar[])) AND (p_size <= 15))))","Rows Removed by Filter": 66513,"Workers": []},{"Node Type": "Index Scan","Parent Relationship": "Inner","Parallel Aware": false,"Async Capable": false,"Scan Direction": "Forward","Index Name": "idx_lineitem_part_supp","Relation Name": "lineitem","Alias": "lineitem","Startup Cost": 0.43,"Total Cost": 123.10,"Plan Rows": 1,"Plan Width": 21,"Actual Startup Time": 0.248,"Actual Total Time": 0.275,"Actual Rows": 0,"Actual Loops": 461,"Index Cond": "(l_partkey = part.p_partkey)","Rows Removed by Index Recheck": 0,"Filter": "((l_shipmode = ANY ('{AIR,\"AIR REG\"}'::bpchar[])) AND (l_shipinstruct = 'DELIVER IN PERSON'::bpchar) AND (((l_quantity >= '7'::numeric) AND (l_quantity <= '17'::numeric)) OR ((l_quantity >= '20'::numeric) AND (l_quantity <= '30'::numeric)) OR ((l_quantity >= '28'::numeric) AND (l_quantity <= '38'::numeric))) AND (((part.p_brand = 'Brand#54'::bpchar) AND (part.p_container = ANY ('{\"SM CASE\",\"SM BOX\",\"SM PACK\",\"SM PKG\"}'::bpchar[])) AND (l_quantity >= '7'::numeric) AND (l_quantity <= '17'::numeric) AND (part.p_size <= 5)) OR ((part.p_brand = 'Brand#21'::bpchar) AND (part.p_container = ANY ('{\"MED BAG\",\"MED BOX\",\"MED PKG\",\"MED PACK\"}'::bpchar[])) AND (l_quantity >= '20'::numeric) AND (l_quantity <= '30'::numeric) AND (part.p_size <= 10)) OR ((part.p_brand = 'Brand#44'::bpchar) AND (part.p_container = ANY ('{\"LG CASE\",\"LG BOX\",\"LG PACK\",\"LG PKG\"}'::bpchar[])) AND (l_quantity >= '28'::numeric) AND (l_quantity <= '38'::numeric) AND (part.p_size <= 15))))","Rows Removed by Filter": 30,"Workers": []}]}]}]}]},"Planning Time": 4.922,"Triggers": [],"Execution Time": 97.744}]
[{"Plan": {"Node Type": "Aggregate","Strategy": "Plain","Partial Mode": "Finalize","Parallel Aware": false,"Async Capable": false,"Startup Cost": 33393.88,"Total Cost": 33393.89,"Plan Rows": 1,"Plan Width": 32,"Actual Startup Time": 84.089,"Actual Total Time": 98.607,"Actual Rows": 1,"Actual Loops": 1,"Plans": [{"Node Type": "Gather","Parent Relationship": "Outer","Parallel Aware": false,"Async Capable": false,"Startup Cost": 33393.66,"Total Cost": 33393.87,"Plan Rows": 2,"Plan Width": 32,"Actual Startup Time": 84.020,"Actual Total Time": 98.571,"Actual Rows": 3,"Actual Loops": 1,"Workers Planned": 2,"Workers Launched": 2,"Single Copy": false,"Plans": [{"Node Type": "Aggregate","Strategy": "Plain","Partial Mode": "Partial","Parent Relationship": "Outer","Parallel Aware": false,"Async Capable": false,"Startup Cost": 32393.66,"Total Cost": 32393.67,"Plan Rows": 1,"Plan Width": 32,"Actual Startup Time": 77.313,"Actual Total Time": 77.314,"Actual Rows": 1,"Actual Loops": 3,"Workers": [],"Plans": [{"Node Type": "Nested Loop","Parent Relationship": "Outer","Parallel Aware": false,"Async Capable": false,"Join Type": "Inner","Startup Cost": 0.43,"Total Cost": 32393.30,"Plan Rows": 47,"Plan Width": 12,"Actual Startup Time": 3.005,"Actual Total Time": 77.273,"Actual Rows": 45,"Actual Loops": 3,"Inner Unique": false,"Workers": [],"Plans": [{"Node Type": "Seq Scan","Parent Relationship": "Outer","Parallel Aware": true,"Async Capable": false,"Relation Name": "part","Alias": "part","Startup Cost": 0.00,"Total Cost": 7638.67,"Plan Rows": 201,"Plan Width": 30,"Actual Startup Time": 0.394,"Actual Total Time": 31.004,"Actual Rows": 175,"Actual Loops": 3,"Filter": "((p_size >= 1) AND (((p_brand = 'Brand#23'::bpchar) AND (p_container = ANY ('{\"SM CASE\",\"SM BOX\",\"SM PACK\",\"SM PKG\"}'::bpchar[])) AND (p_size <= 5)) OR ((p_brand = 'Brand#13'::bpchar) AND (p_container = ANY ('{\"MED BAG\",\"MED BOX\",\"MED PKG\",\"MED PACK\"}'::bpchar[])) AND (p_size <= 10)) OR ((p_brand = 'Brand#11'::bpchar) AND (p_container = ANY ('{\"LG CASE\",\"LG BOX\",\"LG PACK\",\"LG PKG\"}'::bpchar[])) AND (p_size <= 15))))","Rows Removed by Filter": 66492,"Workers": []},{"Node Type": "Index Scan","Parent Relationship": "Inner","Parallel Aware": false,"Async Capable": false,"Scan Direction": "Forward","Index Name": "idx_lineitem_part_supp","Relation Name": "lineitem","Alias": "lineitem","Startup Cost": 0.43,"Total Cost": 123.15,"Plan Rows": 1,"Plan Width": 21,"Actual Startup Time": 0.234,"Actual Total Time": 0.264,"Actual Rows": 0,"Actual Loops": 525,"Index Cond": "(l_partkey = part.p_partkey)","Rows Removed by Index Recheck": 0,"Filter": "((l_shipmode = ANY ('{AIR,\"AIR REG\"}'::bpchar[])) AND (l_shipinstruct = 'DELIVER IN PERSON'::bpchar) AND (((l_quantity >= '3'::numeric) AND (l_quantity <= '13'::numeric)) OR ((l_quantity >= '14'::numeric) AND (l_quantity <= '24'::numeric)) OR ((l_quantity >= '27'::numeric) AND (l_quantity <= '37'::numeric))) AND (((part.p_brand = 'Brand#23'::bpchar) AND (part.p_container = ANY ('{\"SM CASE\",\"SM BOX\",\"SM PACK\",\"SM PKG\"}'::bpchar[])) AND (l_quantity >= '3'::numeric) AND (l_quantity <= '13'::numeric) AND (part.p_size <= 5)) OR ((part.p_brand = 'Brand#13'::bpchar) AND (part.p_container = ANY ('{\"MED BAG\",\"MED BOX\",\"MED PKG\",\"MED PACK\"}'::bpchar[])) AND (l_quantity >= '14'::numeric) AND (l_quantity <= '24'::numeric) AND (part.p_size <= 10)) OR ((part.p_brand = 'Brand#11'::bpchar) AND (part.p_container = ANY ('{\"LG CASE\",\"LG BOX\",\"LG PACK\",\"LG PKG\"}'::bpchar[])) AND (l_quantity >= '27'::numeric) AND (l_quantity <= '37'::numeric) AND (part.p_size <= 15))))","Rows Removed by Filter": 30,"Workers": []}]}]}]}]},"Planning Time": 6.499,"Triggers": [],"Execution Time": 98.750}]
[{"Plan": {"Node Type": "Aggregate","Strategy": "Plain","Partial Mode": "Finalize","Parallel Aware": false,"Async Capable": false,"Startup Cost": 33621.06,"Total Cost": 33621.07,"Plan Rows": 1,"Plan Width": 32,"Actual Startup Time": 79.267,"Actual Total Time": 93.475,"Actual Rows": 1,"Actual Loops": 1,"Plans": [{"Node Type": "Gather","Parent Relationship": "Outer","Parallel Aware": false,"Async Capable": false,"Startup Cost": 33620.84,"Total Cost": 33621.05,"Plan Rows": 2,"Plan Width": 32,"Actual Startup Time": 79.238,"Actual Total Time": 93.446,"Actual Rows": 3,"Actual Loops": 1,"Workers Planned": 2,"Workers Launched": 2,"Single Copy": false,"Plans": [{"Node Type": "Aggregate","Strategy": "Plain","Partial Mode": "Partial","Parent Relationship": "Outer","Parallel Aware": false,"Async Capable": false,"Startup Cost": 32620.84,"Total Cost": 32620.85,"Plan Rows": 1,"Plan Width": 32,"Actual Startup Time": 72.811,"Actual Total Time": 72.813,"Actual Rows": 1,"Actual Loops": 3,"Workers": [],"Plans": [{"Node Type": "Nested Loop","Parent Relationship": "Outer","Parallel Aware": false,"Async Capable": false,"Join Type": "Inner","Startup Cost": 0.43,"Total Cost": 32620.48,"Plan Rows": 48,"Plan Width": 12,"Actual Startup Time": 7.039,"Actual Total Time": 72.761,"Actual Rows": 40,"Actual Loops": 3,"Inner Unique": false,"Workers": [],"Plans": [{"Node Type": "Seq Scan","Parent Relationship": "Outer","Parallel Aware": true,"Async Capable": false,"Relation Name": "part","Alias": "part","Startup Cost": 0.00,"Total Cost": 7638.67,"Plan Rows": 203,"Plan Width": 30,"Actual Startup Time": 0.216,"Actual Total Time": 31.088,"Actual Rows": 161,"Actual Loops": 3,"Filter": "((p_size >= 1) AND (((p_brand = 'Brand#43'::bpchar) AND (p_container = ANY ('{\"SM CASE\",\"SM BOX\",\"SM PACK\",\"SM PKG\"}'::bpchar[])) AND (p_size <= 5)) OR ((p_brand = 'Brand#41'::bpchar) AND (p_container = ANY ('{\"MED BAG\",\"MED BOX\",\"MED PKG\",\"MED PACK\"}'::bpchar[])) AND (p_size <= 10)) OR ((p_brand = 'Brand#34'::bpchar) AND (p_container = ANY ('{\"LG CASE\",\"LG BOX\",\"LG PACK\",\"LG PKG\"}'::bpchar[])) AND (p_size <= 15))))","Rows Removed by Filter": 66506,"Workers": []},{"Node Type": "Index Scan","Parent Relationship": "Inner","Parallel Aware": false,"Async Capable": false,"Scan Direction": "Forward","Index Name": "idx_lineitem_part_supp","Relation Name": "lineitem","Alias": "lineitem","Startup Cost": 0.43,"Total Cost": 123.05,"Plan Rows": 1,"Plan Width": 21,"Actual Startup Time": 0.231,"Actual Total Time": 0.258,"Actual Rows": 0,"Actual Loops": 483,"Index Cond": "(l_partkey = part.p_partkey)","Rows Removed by Index Recheck": 0,"Filter": "((l_shipmode = ANY ('{AIR,\"AIR REG\"}'::bpchar[])) AND (l_shipinstruct = 'DELIVER IN PERSON'::bpchar) AND (((l_quantity >= '3'::numeric) AND (l_quantity <= '13'::numeric)) OR ((l_quantity >= '16'::numeric) AND (l_quantity <= '26'::numeric)) OR ((l_quantity >= '29'::numeric) AND (l_quantity <= '39'::numeric))) AND (((part.p_brand = 'Brand#43'::bpchar) AND (part.p_container = ANY ('{\"SM CASE\",\"SM BOX\",\"SM PACK\",\"SM PKG\"}'::bpchar[])) AND (l_quantity >= '3'::numeric) AND (l_quantity <= '13'::numeric) AND (part.p_size <= 5)) OR ((part.p_brand = 'Brand#41'::bpchar) AND (part.p_container = ANY ('{\"MED BAG\",\"MED BOX\",\"MED PKG\",\"MED PACK\"}'::bpchar[])) AND (l_quantity >= '16'::numeric) AND (l_quantity <= '26'::numeric) AND (part.p_size <= 10)) OR ((part.p_brand = 'Brand#34'::bpchar) AND (part.p_container = ANY ('{\"LG CASE\",\"LG BOX\",\"LG PACK\",\"LG PKG\"}'::bpchar[])) AND (l_quantity >= '29'::numeric) AND (l_quantity <= '39'::numeric) AND (part.p_size <= 15))))","Rows Removed by Filter": 29,"Workers": []}]}]}]}]},"Planning Time": 4.958,"Triggers": [],"Execution Time": 93.704}]
[{"Plan": {"Node Type": "Aggregate","Strategy": "Plain","Partial Mode": "Finalize","Parallel Aware": false,"Async Capable": false,"Startup Cost": 33277.28,"Total Cost": 33277.29,"Plan Rows": 1,"Plan Width": 32,"Actual Startup Time": 83.123,"Actual Total Time": 97.308,"Actual Rows": 1,"Actual Loops": 1,"Plans": [{"Node Type": "Gather","Parent Relationship": "Outer","Parallel Aware": false,"Async Capable": false,"Startup Cost": 33277.06,"Total Cost": 33277.27,"Plan Rows": 2,"Plan Width": 32,"Actual Startup Time": 83.085,"Actual Total Time": 97.281,"Actual Rows": 3,"Actual Loops": 1,"Workers Planned": 2,"Workers Launched": 2,"Single Copy": false,"Plans": [{"Node Type": "Aggregate","Strategy": "Plain","Partial Mode": "Partial","Parent Relationship": "Outer","Parallel Aware": false,"Async Capable": false,"Startup Cost": 32277.06,"Total Cost": 32277.07,"Plan Rows": 1,"Plan Width": 32,"Actual Startup Time": 75.957,"Actual Total Time": 75.962,"Actual Rows": 1,"Actual Loops": 3,"Workers": [],"Plans": [{"Node Type": "Nested Loop","Parent Relationship": "Outer","Parallel Aware": false,"Async Capable": false,"Join Type": "Inner","Startup Cost": 0.43,"Total Cost": 32276.71,"Plan Rows": 47,"Plan Width": 12,"Actual Startup Time": 6.995,"Actual Total Time": 75.923,"Actual Rows": 29,"Actual Loops": 3,"Inner Unique": false,"Workers": [],"Plans": [{"Node Type": "Seq Scan","Parent Relationship": "Outer","Parallel Aware": true,"Async Capable": false,"Relation Name": "part","Alias": "part","Startup Cost": 0.00,"Total Cost": 7638.67,"Plan Rows": 200,"Plan Width": 30,"Actual Startup Time": 1.029,"Actual Total Time": 34.710,"Actual Rows": 148,"Actual Loops": 3,"Filter": "((p_size >= 1) AND (((p_brand = 'Brand#54'::bpchar) AND (p_container = ANY ('{\"SM CASE\",\"SM BOX\",\"SM PACK\",\"SM PKG\"}'::bpchar[])) AND (p_size <= 5)) OR ((p_brand = 'Brand#21'::bpchar) AND (p_container = ANY ('{\"MED BAG\",\"MED BOX\",\"MED PKG\",\"MED PACK\"}'::bpchar[])) AND (p_size <= 10)) OR ((p_brand = 'Brand#23'::bpchar) AND (p_container = ANY ('{\"LG CASE\",\"LG BOX\",\"LG PACK\",\"LG PKG\"}'::bpchar[])) AND (p_size <= 15))))","Rows Removed by Filter": 66518,"Workers": []},{"Node Type": "Index Scan","Parent Relationship": "Inner","Parallel Aware": false,"Async Capable": false,"Scan Direction": "Forward","Index Name": "idx_lineitem_part_supp","Relation Name": "lineitem","Alias": "lineitem","Startup Cost": 0.43,"Total Cost": 123.18,"Plan Rows": 1,"Plan Width": 21,"Actual Startup Time": 0.257,"Actual Total Time": 0.277,"Actual Rows": 0,"Actual Loops": 445,"Index Cond": "(l_partkey = part.p_partkey)","Rows Removed by Index Recheck": 0,"Filter": "((l_shipmode = ANY ('{AIR,\"AIR REG\"}'::bpchar[])) AND (l_shipinstruct = 'DELIVER IN PERSON'::bpchar) AND (((l_quantity >= '8'::numeric) AND (l_quantity <= '18'::numeric)) OR ((l_quantity >= '13'::numeric) AND (l_quantity <= '23'::numeric)) OR ((l_quantity >= '30'::numeric) AND (l_quantity <= '40'::numeric))) AND (((part.p_brand = 'Brand#54'::bpchar) AND (part.p_container = ANY ('{\"SM CASE\",\"SM BOX\",\"SM PACK\",\"SM PKG\"}'::bpchar[])) AND (l_quantity >= '8'::numeric) AND (l_quantity <= '18'::numeric) AND (part.p_size <= 5)) OR ((part.p_brand = 'Brand#21'::bpchar) AND (part.p_container = ANY ('{\"MED BAG\",\"MED BOX\",\"MED PKG\",\"MED PACK\"}'::bpchar[])) AND (l_quantity >= '13'::numeric) AND (l_quantity <= '23'::numeric) AND (part.p_size <= 10)) OR ((part.p_brand = 'Brand#23'::bpchar) AND (part.p_container = ANY ('{\"LG CASE\",\"LG BOX\",\"LG PACK\",\"LG PKG\"}'::bpchar[])) AND (l_quantity >= '30'::numeric) AND (l_quantity <= '40'::numeric) AND (part.p_size <= 15))))","Rows Removed by Filter": 30,"Workers": []}]}]}]}]},"Planning Time": 5.239,"Triggers": [],"Execution Time": 97.467}]
[{"Plan": {"Node Type": "Aggregate","Strategy": "Plain","Partial Mode": "Finalize","Parallel Aware": false,"Async Capable": false,"Startup Cost": 33396.35,"Total Cost": 33396.36,"Plan Rows": 1,"Plan Width": 32,"Actual Startup Time": 79.754,"Actual Total Time": 94.008,"Actual Rows": 1,"Actual Loops": 1,"Plans": [{"Node Type": "Gather","Parent Relationship": "Outer","Parallel Aware": false,"Async Capable": false,"Startup Cost": 33396.12,"Total Cost": 33396.33,"Plan Rows": 2,"Plan Width": 32,"Actual Startup Time": 79.634,"Actual Total Time": 93.994,"Actual Rows": 3,"Actual Loops": 1,"Workers Planned": 2,"Workers Launched": 2,"Single Copy": false,"Plans": [{"Node Type": "Aggregate","Strategy": "Plain","Partial Mode": "Partial","Parent Relationship": "Outer","Parallel Aware": false,"Async Capable": false,"Startup Cost": 32396.12,"Total Cost": 32396.13,"Plan Rows": 1,"Plan Width": 32,"Actual Startup Time": 73.278,"Actual Total Time": 73.279,"Actual Rows": 1,"Actual Loops": 3,"Workers": [],"Plans": [{"Node Type": "Nested Loop","Parent Relationship": "Outer","Parallel Aware": false,"Async Capable": false,"Join Type": "Inner","Startup Cost": 0.43,"Total Cost": 32395.77,"Plan Rows": 47,"Plan Width": 12,"Actual Startup Time": 1.903,"Actual Total Time": 73.237,"Actual Rows": 34,"Actual Loops": 3,"Inner Unique": false,"Workers": [],"Plans": [{"Node Type": "Seq Scan","Parent Relationship": "Outer","Parallel Aware": true,"Async Capable": false,"Relation Name": "part","Alias": "part","Startup Cost": 0.00,"Total Cost": 7638.67,"Plan Rows": 201,"Plan Width": 30,"Actual Startup Time": 0.504,"Actual Total Time": 30.944,"Actual Rows": 159,"Actual Loops": 3,"Filter": "((p_size >= 1) AND (((p_brand = 'Brand#12'::bpchar) AND (p_container = ANY ('{\"SM CASE\",\"SM BOX\",\"SM PACK\",\"SM PKG\"}'::bpchar[])) AND (p_size <= 5)) OR ((p_brand = 'Brand#51'::bpchar) AND (p_container = ANY ('{\"MED BAG\",\"MED BOX\",\"MED PKG\",\"MED PACK\"}'::bpchar[])) AND (p_size <= 10)) OR ((p_brand = 'Brand#44'::bpchar) AND (p_container = ANY ('{\"LG CASE\",\"LG BOX\",\"LG PACK\",\"LG PKG\"}'::bpchar[])) AND (p_size <= 15))))","Rows Removed by Filter": 66507,"Workers": []},{"Node Type": "Index Scan","Parent Relationship": "Inner","Parallel Aware": false,"Async Capable": false,"Scan Direction": "Forward","Index Name": "idx_lineitem_part_supp","Relation Name": "lineitem","Alias": "lineitem","Startup Cost": 0.43,"Total Cost": 123.16,"Plan Rows": 1,"Plan Width": 21,"Actual Startup Time": 0.235,"Actual Total Time": 0.265,"Actual Rows": 0,"Actual Loops": 478,"Index Cond": "(l_partkey = part.p_partkey)","Rows Removed by Index Recheck": 0,"Filter": "((l_shipmode = ANY ('{AIR,\"AIR REG\"}'::bpchar[])) AND (l_shipinstruct = 'DELIVER IN PERSON'::bpchar) AND (((l_quantity >= '8'::numeric) AND (l_quantity <= '18'::numeric)) OR ((l_quantity >= '19'::numeric) AND (l_quantity <= '29'::numeric)) OR ((l_quantity >= '21'::numeric) AND (l_quantity <= '31'::numeric))) AND (((part.p_brand = 'Brand#12'::bpchar) AND (part.p_container = ANY ('{\"SM CASE\",\"SM BOX\",\"SM PACK\",\"SM PKG\"}'::bpchar[])) AND (l_quantity >= '8'::numeric) AND (l_quantity <= '18'::numeric) AND (part.p_size <= 5)) OR ((part.p_brand = 'Brand#51'::bpchar) AND (part.p_container = ANY ('{\"MED BAG\",\"MED BOX\",\"MED PKG\",\"MED PACK\"}'::bpchar[])) AND (l_quantity >= '19'::numeric) AND (l_quantity <= '29'::numeric) AND (part.p_size <= 10)) OR ((part.p_brand = 'Brand#44'::bpchar) AND (part.p_container = ANY ('{\"LG CASE\",\"LG BOX\",\"LG PACK\",\"LG PKG\"}'::bpchar[])) AND (l_quantity >= '21'::numeric) AND (l_quantity <= '31'::numeric) AND (part.p_size <= 15))))","Rows Removed by Filter": 30,"Workers": []}]}]}]}]},"Planning Time": 5.922,"Triggers": [],"Execution Time": 94.237}]
[{"Plan": {"Node Type": "Aggregate","Strategy": "Plain","Partial Mode": "Finalize","Parallel Aware": false,"Async Capable": false,"Startup Cost": 33510.07,"Total Cost": 33510.08,"Plan Rows": 1,"Plan Width": 32,"Actual Startup Time": 85.360,"Actual Total Time": 99.721,"Actual Rows": 1,"Actual Loops": 1,"Plans": [{"Node Type": "Gather","Parent Relationship": "Outer","Parallel Aware": false,"Async Capable": false,"Startup Cost": 33509.85,"Total Cost": 33510.06,"Plan Rows": 2,"Plan Width": 32,"Actual Startup Time": 84.796,"Actual Total Time": 99.683,"Actual Rows": 3,"Actual Loops": 1,"Workers Planned": 2,"Workers Launched": 2,"Single Copy": false,"Plans": [{"Node Type": "Aggregate","Strategy": "Plain","Partial Mode": "Partial","Parent Relationship": "Outer","Parallel Aware": false,"Async Capable": false,"Startup Cost": 32509.85,"Total Cost": 32509.86,"Plan Rows": 1,"Plan Width": 32,"Actual Startup Time": 78.289,"Actual Total Time": 78.296,"Actual Rows": 1,"Actual Loops": 3,"Workers": [],"Plans": [{"Node Type": "Nested Loop","Parent Relationship": "Outer","Parallel Aware": false,"Async Capable": false,"Join Type": "Inner","Startup Cost": 0.43,"Total Cost": 32509.49,"Plan Rows": 47,"Plan Width": 12,"Actual Startup Time": 4.197,"Actual Total Time": 78.247,"Actual Rows": 40,"Actual Loops": 3,"Inner Unique": false,"Workers": [],"Plans": [{"Node Type": "Seq Scan","Parent Relationship": "Outer","Parallel Aware": true,"Async Capable": false,"Relation Name": "part","Alias": "part","Startup Cost": 0.00,"Total Cost": 7638.67,"Plan Rows": 202,"Plan Width": 30,"Actual Startup Time": 0.103,"Actual Total Time": 33.943,"Actual Rows": 162,"Actual Loops": 3,"Filter": "((p_size >= 1) AND (((p_brand = 'Brand#25'::bpchar) AND (p_container = ANY ('{\"SM CASE\",\"SM BOX\",\"SM PACK\",\"SM PKG\"}'::bpchar[])) AND (p_size <= 5)) OR ((p_brand = 'Brand#41'::bpchar) AND (p_container = ANY ('{\"MED BAG\",\"MED BOX\",\"MED PKG\",\"MED PACK\"}'::bpchar[])) AND (p_size <= 10)) OR ((p_brand = 'Brand#13'::bpchar) AND (p_container = ANY ('{\"LG CASE\",\"LG BOX\",\"LG PACK\",\"LG PKG\"}'::bpchar[])) AND (p_size <= 15))))","Rows Removed by Filter": 66505,"Workers": []},{"Node Type": "Index Scan","Parent Relationship": "Inner","Parallel Aware": false,"Async Capable": false,"Scan Direction": "Forward","Index Name": "idx_lineitem_part_supp","Relation Name": "lineitem","Alias": "lineitem","Startup Cost": 0.43,"Total Cost": 123.11,"Plan Rows": 1,"Plan Width": 21,"Actual Startup Time": 0.243,"Actual Total Time": 0.273,"Actual Rows": 0,"Actual Loops": 486,"Index Cond": "(l_partkey = part.p_partkey)","Rows Removed by Index Recheck": 0,"Filter": "((l_shipmode = ANY ('{AIR,\"AIR REG\"}'::bpchar[])) AND (l_shipinstruct = 'DELIVER IN PERSON'::bpchar) AND (((l_quantity >= '7'::numeric) AND (l_quantity <= '17'::numeric)) OR ((l_quantity >= '15'::numeric) AND (l_quantity <= '25'::numeric)) OR ((l_quantity >= '21'::numeric) AND (l_quantity <= '31'::numeric))) AND (((part.p_brand = 'Brand#25'::bpchar) AND (part.p_container = ANY ('{\"SM CASE\",\"SM BOX\",\"SM PACK\",\"SM PKG\"}'::bpchar[])) AND (l_quantity >= '7'::numeric) AND (l_quantity <= '17'::numeric) AND (part.p_size <= 5)) OR ((part.p_brand = 'Brand#41'::bpchar) AND (part.p_container = ANY ('{\"MED BAG\",\"MED BOX\",\"MED PKG\",\"MED PACK\"}'::bpchar[])) AND (l_quantity >= '15'::numeric) AND (l_quantity <= '25'::numeric) AND (part.p_size <= 10)) OR ((part.p_brand = 'Brand#13'::bpchar) AND (part.p_container = ANY ('{\"LG CASE\",\"LG BOX\",\"LG PACK\",\"LG PKG\"}'::bpchar[])) AND (l_quantity >= '21'::numeric) AND (l_quantity <= '31'::numeric) AND (part.p_size <= 15))))","Rows Removed by Filter": 29,"Workers": []}]}]}]}]},"Planning Time": 6.355,"Triggers": [],"Execution Time": 99.892}]
[{"Plan": {"Node Type": "Aggregate","Strategy": "Plain","Partial Mode": "Finalize","Parallel Aware": false,"Async Capable": false,"Startup Cost": 33281.35,"Total Cost": 33281.36,"Plan Rows": 1,"Plan Width": 32,"Actual Startup Time": 86.607,"Actual Total Time": 102.127,"Actual Rows": 1,"Actual Loops": 1,"Plans": [{"Node Type": "Gather","Parent Relationship": "Outer","Parallel Aware": false,"Async Capable": false,"Startup Cost": 33281.12,"Total Cost": 33281.33,"Plan Rows": 2,"Plan Width": 32,"Actual Startup Time": 86.264,"Actual Total Time": 102.098,"Actual Rows": 3,"Actual Loops": 1,"Workers Planned": 2,"Workers Launched": 2,"Single Copy": false,"Plans": [{"Node Type": "Aggregate","Strategy": "Plain","Partial Mode": "Partial","Parent Relationship": "Outer","Parallel Aware": false,"Async Capable": false,"Startup Cost": 32281.12,"Total Cost": 32281.13,"Plan Rows": 1,"Plan Width": 32,"Actual Startup Time": 80.113,"Actual Total Time": 80.116,"Actual Rows": 1,"Actual Loops": 3,"Workers": [],"Plans": [{"Node Type": "Nested Loop","Parent Relationship": "Outer","Parallel Aware": false,"Async Capable": false,"Join Type": "Inner","Startup Cost": 0.43,"Total Cost": 32280.78,"Plan Rows": 46,"Plan Width": 12,"Actual Startup Time": 6.977,"Actual Total Time": 80.056,"Actual Rows": 40,"Actual Loops": 3,"Inner Unique": false,"Workers": [],"Plans": [{"Node Type": "Seq Scan","Parent Relationship": "Outer","Parallel Aware": true,"Async Capable": false,"Relation Name": "part","Alias": "part","Startup Cost": 0.00,"Total Cost": 7638.67,"Plan Rows": 200,"Plan Width": 30,"Actual Startup Time": 0.405,"Actual Total Time": 34.981,"Actual Rows": 159,"Actual Loops": 3,"Filter": "((p_size >= 1) AND (((p_brand = 'Brand#35'::bpchar) AND (p_container = ANY ('{\"SM CASE\",\"SM BOX\",\"SM PACK\",\"SM PKG\"}'::bpchar[])) AND (p_size <= 5)) OR ((p_brand = 'Brand#25'::bpchar) AND (p_container = ANY ('{\"MED BAG\",\"MED BOX\",\"MED PKG\",\"MED PACK\"}'::bpchar[])) AND (p_size <= 10)) OR ((p_brand = 'Brand#13'::bpchar) AND (p_container = ANY ('{\"LG CASE\",\"LG BOX\",\"LG PACK\",\"LG PKG\"}'::bpchar[])) AND (p_size <= 15))))","Rows Removed by Filter": 66507,"Workers": []},{"Node Type": "Index Scan","Parent Relationship": "Inner","Parallel Aware": false,"Async Capable": false,"Scan Direction": "Forward","Index Name": "idx_lineitem_part_supp","Relation Name": "lineitem","Alias": "lineitem","Startup Cost": 0.43,"Total Cost": 123.20,"Plan Rows": 1,"Plan Width": 21,"Actual Startup Time": 0.255,"Actual Total Time": 0.282,"Actual Rows": 0,"Actual Loops": 478,"Index Cond": "(l_partkey = part.p_partkey)","Rows Removed by Index Recheck": 0,"Filter": "((l_shipmode = ANY ('{AIR,\"AIR REG\"}'::bpchar[])) AND (l_shipinstruct = 'DELIVER IN PERSON'::bpchar) AND (((l_quantity >= '6'::numeric) AND (l_quantity <= '16'::numeric)) OR ((l_quantity >= '20'::numeric) AND (l_quantity <= '30'::numeric)) OR ((l_quantity >= '22'::numeric) AND (l_quantity <= '32'::numeric))) AND (((part.p_brand = 'Brand#35'::bpchar) AND (part.p_container = ANY ('{\"SM CASE\",\"SM BOX\",\"SM PACK\",\"SM PKG\"}'::bpchar[])) AND (l_quantity >= '6'::numeric) AND (l_quantity <= '16'::numeric) AND (part.p_size <= 5)) OR ((part.p_brand = 'Brand#25'::bpchar) AND (part.p_container = ANY ('{\"MED BAG\",\"MED BOX\",\"MED PKG\",\"MED PACK\"}'::bpchar[])) AND (l_quantity >= '20'::numeric) AND (l_quantity <= '30'::numeric) AND (part.p_size <= 10)) OR ((part.p_brand = 'Brand#13'::bpchar) AND (part.p_container = ANY ('{\"LG CASE\",\"LG BOX\",\"LG PACK\",\"LG PKG\"}'::bpchar[])) AND (l_quantity >= '22'::numeric) AND (l_quantity <= '32'::numeric) AND (part.p_size <= 15))))","Rows Removed by Filter": 30,"Workers": []}]}]}]}]},"Planning Time": 4.862,"Triggers": [],"Execution Time": 102.311}]
[{"Plan": {"Node Type": "Aggregate","Strategy": "Plain","Partial Mode": "Finalize","Parallel Aware": false,"Async Capable": false,"Startup Cost": 33626.77,"Total Cost": 33626.78,"Plan Rows": 1,"Plan Width": 32,"Actual Startup Time": 88.934,"Actual Total Time": 104.680,"Actual Rows": 1,"Actual Loops": 1,"Plans": [{"Node Type": "Gather","Parent Relationship": "Outer","Parallel Aware": false,"Async Capable": false,"Startup Cost": 33626.55,"Total Cost": 33626.76,"Plan Rows": 2,"Plan Width": 32,"Actual Startup Time": 88.768,"Actual Total Time": 104.652,"Actual Rows": 3,"Actual Loops": 1,"Workers Planned": 2,"Workers Launched": 2,"Single Copy": false,"Plans": [{"Node Type": "Aggregate","Strategy": "Plain","Partial Mode": "Partial","Parent Relationship": "Outer","Parallel Aware": false,"Async Capable": false,"Startup Cost": 32626.55,"Total Cost": 32626.56,"Plan Rows": 1,"Plan Width": 32,"Actual Startup Time": 82.142,"Actual Total Time": 82.144,"Actual Rows": 1,"Actual Loops": 3,"Workers": [],"Plans": [{"Node Type": "Nested Loop","Parent Relationship": "Outer","Parallel Aware": false,"Async Capable": false,"Join Type": "Inner","Startup Cost": 0.43,"Total Cost": 32626.19,"Plan Rows": 47,"Plan Width": 12,"Actual Startup Time": 3.002,"Actual Total Time": 82.103,"Actual Rows": 46,"Actual Loops": 3,"Inner Unique": false,"Workers": [],"Plans": [{"Node Type": "Seq Scan","Parent Relationship": "Outer","Parallel Aware": true,"Async Capable": false,"Relation Name": "part","Alias": "part","Startup Cost": 0.00,"Total Cost": 7638.67,"Plan Rows": 203,"Plan Width": 30,"Actual Startup Time": 0.369,"Actual Total Time": 35.016,"Actual Rows": 170,"Actual Loops": 3,"Filter": "((p_size >= 1) AND (((p_brand = 'Brand#23'::bpchar) AND (p_container = ANY ('{\"SM CASE\",\"SM BOX\",\"SM PACK\",\"SM PKG\"}'::bpchar[])) AND (p_size <= 5)) OR ((p_brand = 'Brand#15'::bpchar) AND (p_container = ANY ('{\"MED BAG\",\"MED BOX\",\"MED PKG\",\"MED PACK\"}'::bpchar[])) AND (p_size <= 10)) OR ((p_brand = 'Brand#52'::bpchar) AND (p_container = ANY ('{\"LG CASE\",\"LG BOX\",\"LG PACK\",\"LG PKG\"}'::bpchar[])) AND (p_size <= 15))))","Rows Removed by Filter": 66497,"Workers": []},{"Node Type": "Index Scan","Parent Relationship": "Inner","Parallel Aware": false,"Async Capable": false,"Scan Direction": "Forward","Index Name": "idx_lineitem_part_supp","Relation Name": "lineitem","Alias": "lineitem","Startup Cost": 0.43,"Total Cost": 123.08,"Plan Rows": 1,"Plan Width": 21,"Actual Startup Time": 0.244,"Actual Total Time": 0.277,"Actual Rows": 0,"Actual Loops": 510,"Index Cond": "(l_partkey = part.p_partkey)","Rows Removed by Index Recheck": 0,"Filter": "((l_shipmode = ANY ('{AIR,\"AIR REG\"}'::bpchar[])) AND (l_shipinstruct = 'DELIVER IN PERSON'::bpchar) AND (((l_quantity >= '9'::numeric) AND (l_quantity <= '19'::numeric)) OR ((l_quantity >= '19'::numeric) AND (l_quantity <= '29'::numeric)) OR ((l_quantity >= '22'::numeric) AND (l_quantity <= '32'::numeric))) AND (((part.p_brand = 'Brand#23'::bpchar) AND (part.p_container = ANY ('{\"SM CASE\",\"SM BOX\",\"SM PACK\",\"SM PKG\"}'::bpchar[])) AND (l_quantity >= '9'::numeric) AND (l_quantity <= '19'::numeric) AND (part.p_size <= 5)) OR ((part.p_brand = 'Brand#15'::bpchar) AND (part.p_container = ANY ('{\"MED BAG\",\"MED BOX\",\"MED PKG\",\"MED PACK\"}'::bpchar[])) AND (l_quantity >= '19'::numeric) AND (l_quantity <= '29'::numeric) AND (part.p_size <= 10)) OR ((part.p_brand = 'Brand#52'::bpchar) AND (part.p_container = ANY ('{\"LG CASE\",\"LG BOX\",\"LG PACK\",\"LG PKG\"}'::bpchar[])) AND (l_quantity >= '22'::numeric) AND (l_quantity <= '32'::numeric) AND (part.p_size <= 15))))","Rows Removed by Filter": 30,"Workers": []}]}]}]}]},"Planning Time": 5.682,"Triggers": [],"Execution Time": 104.863}]
[{"Plan": {"Node Type": "Aggregate","Strategy": "Plain","Partial Mode": "Finalize","Parallel Aware": false,"Async Capable": false,"Startup Cost": 33390.68,"Total Cost": 33390.69,"Plan Rows": 1,"Plan Width": 32,"Actual Startup Time": 85.250,"Actual Total Time": 100.239,"Actual Rows": 1,"Actual Loops": 1,"Plans": [{"Node Type": "Gather","Parent Relationship": "Outer","Parallel Aware": false,"Async Capable": false,"Startup Cost": 33390.46,"Total Cost": 33390.67,"Plan Rows": 2,"Plan Width": 32,"Actual Startup Time": 85.082,"Actual Total Time": 100.202,"Actual Rows": 3,"Actual Loops": 1,"Workers Planned": 2,"Workers Launched": 2,"Single Copy": false,"Plans": [{"Node Type": "Aggregate","Strategy": "Plain","Partial Mode": "Partial","Parent Relationship": "Outer","Parallel Aware": false,"Async Capable": false,"Startup Cost": 32390.46,"Total Cost": 32390.47,"Plan Rows": 1,"Plan Width": 32,"Actual Startup Time": 78.129,"Actual Total Time": 78.132,"Actual Rows": 1,"Actual Loops": 3,"Workers": [],"Plans": [{"Node Type": "Nested Loop","Parent Relationship": "Outer","Parallel Aware": false,"Async Capable": false,"Join Type": "Inner","Startup Cost": 0.43,"Total Cost": 32390.10,"Plan Rows": 47,"Plan Width": 12,"Actual Startup Time": 6.891,"Actual Total Time": 78.078,"Actual Rows": 37,"Actual Loops": 3,"Inner Unique": false,"Workers": [],"Plans": [{"Node Type": "Seq Scan","Parent Relationship": "Outer","Parallel Aware": true,"Async Capable": false,"Relation Name": "part","Alias": "part","Startup Cost": 0.00,"Total Cost": 7638.67,"Plan Rows": 201,"Plan Width": 30,"Actual Startup Time": 0.747,"Actual Total Time": 33.919,"Actual Rows": 164,"Actual Loops": 3,"Filter": "((p_size >= 1) AND (((p_brand = 'Brand#14'::bpchar) AND (p_container = ANY ('{\"SM CASE\",\"SM BOX\",\"SM PACK\",\"SM PKG\"}'::bpchar[])) AND (p_size <= 5)) OR ((p_brand = 'Brand#55'::bpchar) AND (p_container = ANY ('{\"MED BAG\",\"MED BOX\",\"MED PKG\",\"MED PACK\"}'::bpchar[])) AND (p_size <= 10)) OR ((p_brand = 'Brand#54'::bpchar) AND (p_container = ANY ('{\"LG CASE\",\"LG BOX\",\"LG PACK\",\"LG PKG\"}'::bpchar[])) AND (p_size <= 15))))","Rows Removed by Filter": 66503,"Workers": []},{"Node Type": "Index Scan","Parent Relationship": "Inner","Parallel Aware": false,"Async Capable": false,"Scan Direction": "Forward","Index Name": "idx_lineitem_part_supp","Relation Name": "lineitem","Alias": "lineitem","Startup Cost": 0.43,"Total Cost": 123.13,"Plan Rows": 1,"Plan Width": 21,"Actual Startup Time": 0.242,"Actual Total Time": 0.269,"Actual Rows": 0,"Actual Loops": 492,"Index Cond": "(l_partkey = part.p_partkey)","Rows Removed by Index Recheck": 0,"Filter": "((l_shipmode = ANY ('{AIR,\"AIR REG\"}'::bpchar[])) AND (l_shipinstruct = 'DELIVER IN PERSON'::bpchar) AND (((l_quantity >= '7'::numeric) AND (l_quantity <= '17'::numeric)) OR ((l_quantity >= '13'::numeric) AND (l_quantity <= '23'::numeric)) OR ((l_quantity >= '23'::numeric) AND (l_quantity <= '33'::numeric))) AND (((part.p_brand = 'Brand#14'::bpchar) AND (part.p_container = ANY ('{\"SM CASE\",\"SM BOX\",\"SM PACK\",\"SM PKG\"}'::bpchar[])) AND (l_quantity >= '7'::numeric) AND (l_quantity <= '17'::numeric) AND (part.p_size <= 5)) OR ((part.p_brand = 'Brand#55'::bpchar) AND (part.p_container = ANY ('{\"MED BAG\",\"MED BOX\",\"MED PKG\",\"MED PACK\"}'::bpchar[])) AND (l_quantity >= '13'::numeric) AND (l_quantity <= '23'::numeric) AND (part.p_size <= 10)) OR ((part.p_brand = 'Brand#54'::bpchar) AND (part.p_container = ANY ('{\"LG CASE\",\"LG BOX\",\"LG PACK\",\"LG PKG\"}'::bpchar[])) AND (l_quantity >= '23'::numeric) AND (l_quantity <= '33'::numeric) AND (part.p_size <= 15))))","Rows Removed by Filter": 30,"Workers": []}]}]}]}]},"Planning Time": 5.179,"Triggers": [],"Execution Time": 100.423}]
[{"Plan": {"Node Type": "Aggregate","Strategy": "Plain","Partial Mode": "Finalize","Parallel Aware": false,"Async Capable": false,"Startup Cost": 32811.09,"Total Cost": 32811.10,"Plan Rows": 1,"Plan Width": 32,"Actual Startup Time": 79.595,"Actual Total Time": 94.057,"Actual Rows": 1,"Actual Loops": 1,"Plans": [{"Node Type": "Gather","Parent Relationship": "Outer","Parallel Aware": false,"Async Capable": false,"Startup Cost": 32810.86,"Total Cost": 32811.07,"Plan Rows": 2,"Plan Width": 32,"Actual Startup Time": 79.229,"Actual Total Time": 94.000,"Actual Rows": 3,"Actual Loops": 1,"Workers Planned": 2,"Workers Launched": 2,"Single Copy": false,"Plans": [{"Node Type": "Aggregate","Strategy": "Plain","Partial Mode": "Partial","Parent Relationship": "Outer","Parallel Aware": false,"Async Capable": false,"Startup Cost": 31810.86,"Total Cost": 31810.87,"Plan Rows": 1,"Plan Width": 32,"Actual Startup Time": 73.021,"Actual Total Time": 73.024,"Actual Rows": 1,"Actual Loops": 3,"Workers": [],"Plans": [{"Node Type": "Nested Loop","Parent Relationship": "Outer","Parallel Aware": false,"Async Capable": false,"Join Type": "Inner","Startup Cost": 0.43,"Total Cost": 31810.52,"Plan Rows": 46,"Plan Width": 12,"Actual Startup Time": 1.714,"Actual Total Time": 72.983,"Actual Rows": 38,"Actual Loops": 3,"Inner Unique": false,"Workers": [],"Plans": [{"Node Type": "Seq Scan","Parent Relationship": "Outer","Parallel Aware": true,"Async Capable": false,"Relation Name": "part","Alias": "part","Startup Cost": 0.00,"Total Cost": 7638.67,"Plan Rows": 196,"Plan Width": 30,"Actual Startup Time": 0.337,"Actual Total Time": 30.524,"Actual Rows": 158,"Actual Loops": 3,"Filter": "((p_size >= 1) AND (((p_brand = 'Brand#25'::bpchar) AND (p_container = ANY ('{\"SM CASE\",\"SM BOX\",\"SM PACK\",\"SM PKG\"}'::bpchar[])) AND (p_size <= 5)) OR ((p_brand = 'Brand#12'::bpchar) AND (p_container = ANY ('{\"MED BAG\",\"MED BOX\",\"MED PKG\",\"MED PACK\"}'::bpchar[])) AND (p_size <= 10)) OR ((p_brand = 'Brand#25'::bpchar) AND (p_container = ANY ('{\"LG CASE\",\"LG BOX\",\"LG PACK\",\"LG PKG\"}'::bpchar[])) AND (p_size <= 15))))","Rows Removed by Filter": 66508,"Workers": []},{"Node Type": "Index Scan","Parent Relationship": "Inner","Parallel Aware": false,"Async Capable": false,"Scan Direction": "Forward","Index Name": "idx_lineitem_part_supp","Relation Name": "lineitem","Alias": "lineitem","Startup Cost": 0.43,"Total Cost": 123.32,"Plan Rows": 1,"Plan Width": 21,"Actual Startup Time": 0.240,"Actual Total Time": 0.268,"Actual Rows": 0,"Actual Loops": 475,"Index Cond": "(l_partkey = part.p_partkey)","Rows Removed by Index Recheck": 0,"Filter": "((l_shipmode = ANY ('{AIR,\"AIR REG\"}'::bpchar[])) AND (l_shipinstruct = 'DELIVER IN PERSON'::bpchar) AND (((l_quantity >= '8'::numeric) AND (l_quantity <= '18'::numeric)) OR ((l_quantity >= '13'::numeric) AND (l_quantity <= '23'::numeric)) OR ((l_quantity >= '30'::numeric) AND (l_quantity <= '40'::numeric))) AND (((part.p_brand = 'Brand#25'::bpchar) AND (part.p_container = ANY ('{\"SM CASE\",\"SM BOX\",\"SM PACK\",\"SM PKG\"}'::bpchar[])) AND (l_quantity >= '8'::numeric) AND (l_quantity <= '18'::numeric) AND (part.p_size <= 5)) OR ((part.p_brand = 'Brand#12'::bpchar) AND (part.p_container = ANY ('{\"MED BAG\",\"MED BOX\",\"MED PKG\",\"MED PACK\"}'::bpchar[])) AND (l_quantity >= '13'::numeric) AND (l_quantity <= '23'::numeric) AND (part.p_size <= 10)) OR ((part.p_brand = 'Brand#25'::bpchar) AND (part.p_container = ANY ('{\"LG CASE\",\"LG BOX\",\"LG PACK\",\"LG PKG\"}'::bpchar[])) AND (l_quantity >= '30'::numeric) AND (l_quantity <= '40'::numeric) AND (part.p_size <= 15))))","Rows Removed by Filter": 30,"Workers": []}]}]}]}]},"Planning Time": 6.905,"Triggers": [],"Execution Time": 94.266}]
[{"Plan": {"Node Type": "Aggregate","Strategy": "Plain","Partial Mode": "Finalize","Parallel Aware": false,"Async Capable": false,"Startup Cost": 33512.42,"Total Cost": 33512.43,"Plan Rows": 1,"Plan Width": 32,"Actual Startup Time": 84.130,"Actual Total Time": 98.280,"Actual Rows": 1,"Actual Loops": 1,"Plans": [{"Node Type": "Gather","Parent Relationship": "Outer","Parallel Aware": false,"Async Capable": false,"Startup Cost": 33512.20,"Total Cost": 33512.41,"Plan Rows": 2,"Plan Width": 32,"Actual Startup Time": 83.745,"Actual Total Time": 98.260,"Actual Rows": 3,"Actual Loops": 1,"Workers Planned": 2,"Workers Launched": 2,"Single Copy": false,"Plans": [{"Node Type": "Aggregate","Strategy": "Plain","Partial Mode": "Partial","Parent Relationship": "Outer","Parallel Aware": false,"Async Capable": false,"Startup Cost": 32512.20,"Total Cost": 32512.21,"Plan Rows": 1,"Plan Width": 32,"Actual Startup Time": 77.528,"Actual Total Time": 77.533,"Actual Rows": 1,"Actual Loops": 3,"Workers": [],"Plans": [{"Node Type": "Nested Loop","Parent Relationship": "Outer","Parallel Aware": false,"Async Capable": false,"Join Type": "Inner","Startup Cost": 0.43,"Total Cost": 32511.84,"Plan Rows": 47,"Plan Width": 12,"Actual Startup Time": 5.267,"Actual Total Time": 77.475,"Actual Rows": 28,"Actual Loops": 3,"Inner Unique": false,"Workers": [],"Plans": [{"Node Type": "Seq Scan","Parent Relationship": "Outer","Parallel Aware": true,"Async Capable": false,"Relation Name": "part","Alias": "part","Startup Cost": 0.00,"Total Cost": 7638.67,"Plan Rows": 202,"Plan Width": 30,"Actual Startup Time": 0.228,"Actual Total Time": 34.850,"Actual Rows": 157,"Actual Loops": 3,"Filter": "((p_size >= 1) AND (((p_brand = 'Brand#33'::bpchar) AND (p_container = ANY ('{\"SM CASE\",\"SM BOX\",\"SM PACK\",\"SM PKG\"}'::bpchar[])) AND (p_size <= 5)) OR ((p_brand = 'Brand#22'::bpchar) AND (p_container = ANY ('{\"MED BAG\",\"MED BOX\",\"MED PKG\",\"MED PACK\"}'::bpchar[])) AND (p_size <= 10)) OR ((p_brand = 'Brand#23'::bpchar) AND (p_container = ANY ('{\"LG CASE\",\"LG BOX\",\"LG PACK\",\"LG PKG\"}'::bpchar[])) AND (p_size <= 15))))","Rows Removed by Filter": 66510,"Workers": []},{"Node Type": "Index Scan","Parent Relationship": "Inner","Parallel Aware": false,"Async Capable": false,"Scan Direction": "Forward","Index Name": "idx_lineitem_part_supp","Relation Name": "lineitem","Alias": "lineitem","Startup Cost": 0.43,"Total Cost": 123.12,"Plan Rows": 1,"Plan Width": 21,"Actual Startup Time": 0.251,"Actual Total Time": 0.272,"Actual Rows": 0,"Actual Loops": 470,"Index Cond": "(l_partkey = part.p_partkey)","Rows Removed by Index Recheck": 0,"Filter": "((l_shipmode = ANY ('{AIR,\"AIR REG\"}'::bpchar[])) AND (l_shipinstruct = 'DELIVER IN PERSON'::bpchar) AND (((l_quantity >= '2'::numeric) AND (l_quantity <= '12'::numeric)) OR ((l_quantity >= '11'::numeric) AND (l_quantity <= '21'::numeric)) OR ((l_quantity >= '22'::numeric) AND (l_quantity <= '32'::numeric))) AND (((part.p_brand = 'Brand#33'::bpchar) AND (part.p_container = ANY ('{\"SM CASE\",\"SM BOX\",\"SM PACK\",\"SM PKG\"}'::bpchar[])) AND (l_quantity >= '2'::numeric) AND (l_quantity <= '12'::numeric) AND (part.p_size <= 5)) OR ((part.p_brand = 'Brand#22'::bpchar) AND (part.p_container = ANY ('{\"MED BAG\",\"MED BOX\",\"MED PKG\",\"MED PACK\"}'::bpchar[])) AND (l_quantity >= '11'::numeric) AND (l_quantity <= '21'::numeric) AND (part.p_size <= 10)) OR ((part.p_brand = 'Brand#23'::bpchar) AND (part.p_container = ANY ('{\"LG CASE\",\"LG BOX\",\"LG PACK\",\"LG PKG\"}'::bpchar[])) AND (l_quantity >= '22'::numeric) AND (l_quantity <= '32'::numeric) AND (part.p_size <= 15))))","Rows Removed by Filter": 30,"Workers": []}]}]}]}]},"Planning Time": 6.162,"Triggers": [],"Execution Time": 98.512}]
[{"Plan": {"Node Type": "Aggregate","Strategy": "Plain","Partial Mode": "Finalize","Parallel Aware": false,"Async Capable": false,"Startup Cost": 33742.80,"Total Cost": 33742.81,"Plan Rows": 1,"Plan Width": 32,"Actual Startup Time": 86.382,"Actual Total Time": 101.139,"Actual Rows": 1,"Actual Loops": 1,"Plans": [{"Node Type": "Gather","Parent Relationship": "Outer","Parallel Aware": false,"Async Capable": false,"Startup Cost": 33742.58,"Total Cost": 33742.79,"Plan Rows": 2,"Plan Width": 32,"Actual Startup Time": 85.886,"Actual Total Time": 101.111,"Actual Rows": 3,"Actual Loops": 1,"Workers Planned": 2,"Workers Launched": 2,"Single Copy": false,"Plans": [{"Node Type": "Aggregate","Strategy": "Plain","Partial Mode": "Partial","Parent Relationship": "Outer","Parallel Aware": false,"Async Capable": false,"Startup Cost": 32742.58,"Total Cost": 32742.59,"Plan Rows": 1,"Plan Width": 32,"Actual Startup Time": 79.413,"Actual Total Time": 79.416,"Actual Rows": 1,"Actual Loops": 3,"Workers": [],"Plans": [{"Node Type": "Nested Loop","Parent Relationship": "Outer","Parallel Aware": false,"Async Capable": false,"Join Type": "Inner","Startup Cost": 0.43,"Total Cost": 32742.22,"Plan Rows": 48,"Plan Width": 12,"Actual Startup Time": 2.868,"Actual Total Time": 79.374,"Actual Rows": 41,"Actual Loops": 3,"Inner Unique": false,"Workers": [],"Plans": [{"Node Type": "Seq Scan","Parent Relationship": "Outer","Parallel Aware": true,"Async Capable": false,"Relation Name": "part","Alias": "part","Startup Cost": 0.00,"Total Cost": 7638.67,"Plan Rows": 204,"Plan Width": 30,"Actual Startup Time": 0.699,"Actual Total Time": 35.032,"Actual Rows": 161,"Actual Loops": 3,"Filter": "((p_size >= 1) AND (((p_brand = 'Brand#23'::bpchar) AND (p_container = ANY ('{\"SM CASE\",\"SM BOX\",\"SM PACK\",\"SM PKG\"}'::bpchar[])) AND (p_size <= 5)) OR ((p_brand = 'Brand#41'::bpchar) AND (p_container = ANY ('{\"MED BAG\",\"MED BOX\",\"MED PKG\",\"MED PACK\"}'::bpchar[])) AND (p_size <= 10)) OR ((p_brand = 'Brand#14'::bpchar) AND (p_container = ANY ('{\"LG CASE\",\"LG BOX\",\"LG PACK\",\"LG PKG\"}'::bpchar[])) AND (p_size <= 15))))","Rows Removed by Filter": 66506,"Workers": []},{"Node Type": "Index Scan","Parent Relationship": "Inner","Parallel Aware": false,"Async Capable": false,"Scan Direction": "Forward","Index Name": "idx_lineitem_part_supp","Relation Name": "lineitem","Alias": "lineitem","Startup Cost": 0.43,"Total Cost": 123.05,"Plan Rows": 1,"Plan Width": 21,"Actual Startup Time": 0.237,"Actual Total Time": 0.276,"Actual Rows": 0,"Actual Loops": 482,"Index Cond": "(l_partkey = part.p_partkey)","Rows Removed by Index Recheck": 0,"Filter": "((l_shipmode = ANY ('{AIR,\"AIR REG\"}'::bpchar[])) AND (l_shipinstruct = 'DELIVER IN PERSON'::bpchar) AND (((l_quantity >= '7'::numeric) AND (l_quantity <= '17'::numeric)) OR ((l_quantity >= '12'::numeric) AND (l_quantity <= '22'::numeric)) OR ((l_quantity >= '24'::numeric) AND (l_quantity <= '34'::numeric))) AND (((part.p_brand = 'Brand#23'::bpchar) AND (part.p_container = ANY ('{\"SM CASE\",\"SM BOX\",\"SM PACK\",\"SM PKG\"}'::bpchar[])) AND (l_quantity >= '7'::numeric) AND (l_quantity <= '17'::numeric) AND (part.p_size <= 5)) OR ((part.p_brand = 'Brand#41'::bpchar) AND (part.p_container = ANY ('{\"MED BAG\",\"MED BOX\",\"MED PKG\",\"MED PACK\"}'::bpchar[])) AND (l_quantity >= '12'::numeric) AND (l_quantity <= '22'::numeric) AND (part.p_size <= 10)) OR ((part.p_brand = 'Brand#14'::bpchar) AND (part.p_container = ANY ('{\"LG CASE\",\"LG BOX\",\"LG PACK\",\"LG PKG\"}'::bpchar[])) AND (l_quantity >= '24'::numeric) AND (l_quantity <= '34'::numeric) AND (part.p_size <= 15))))","Rows Removed by Filter": 30,"Workers": []}]}]}]}]},"Planning Time": 6.625,"Triggers": [],"Execution Time": 101.321}]
[{"Plan": {"Node Type": "Aggregate","Strategy": "Plain","Partial Mode": "Finalize","Parallel Aware": false,"Async Capable": false,"Startup Cost": 33739.74,"Total Cost": 33739.75,"Plan Rows": 1,"Plan Width": 32,"Actual Startup Time": 83.575,"Actual Total Time": 99.576,"Actual Rows": 1,"Actual Loops": 1,"Plans": [{"Node Type": "Gather","Parent Relationship": "Outer","Parallel Aware": false,"Async Capable": false,"Startup Cost": 33739.52,"Total Cost": 33739.73,"Plan Rows": 2,"Plan Width": 32,"Actual Startup Time": 83.418,"Actual Total Time": 99.538,"Actual Rows": 3,"Actual Loops": 1,"Workers Planned": 2,"Workers Launched": 2,"Single Copy": false,"Plans": [{"Node Type": "Aggregate","Strategy": "Plain","Partial Mode": "Partial","Parent Relationship": "Outer","Parallel Aware": false,"Async Capable": false,"Startup Cost": 32739.52,"Total Cost": 32739.53,"Plan Rows": 1,"Plan Width": 32,"Actual Startup Time": 77.063,"Actual Total Time": 77.068,"Actual Rows": 1,"Actual Loops": 3,"Workers": [],"Plans": [{"Node Type": "Nested Loop","Parent Relationship": "Outer","Parallel Aware": false,"Async Capable": false,"Join Type": "Inner","Startup Cost": 0.43,"Total Cost": 32739.16,"Plan Rows": 48,"Plan Width": 12,"Actual Startup Time": 3.491,"Actual Total Time": 77.019,"Actual Rows": 43,"Actual Loops": 3,"Inner Unique": false,"Workers": [],"Plans": [{"Node Type": "Seq Scan","Parent Relationship": "Outer","Parallel Aware": true,"Async Capable": false,"Relation Name": "part","Alias": "part","Startup Cost": 0.00,"Total Cost": 7638.67,"Plan Rows": 204,"Plan Width": 30,"Actual Startup Time": 0.783,"Actual Total Time": 31.107,"Actual Rows": 176,"Actual Loops": 3,"Filter": "((p_size >= 1) AND (((p_brand = 'Brand#11'::bpchar) AND (p_container = ANY ('{\"SM CASE\",\"SM BOX\",\"SM PACK\",\"SM PKG\"}'::bpchar[])) AND (p_size <= 5)) OR ((p_brand = 'Brand#13'::bpchar) AND (p_container = ANY ('{\"MED BAG\",\"MED BOX\",\"MED PKG\",\"MED PACK\"}'::bpchar[])) AND (p_size <= 10)) OR ((p_brand = 'Brand#41'::bpchar) AND (p_container = ANY ('{\"LG CASE\",\"LG BOX\",\"LG PACK\",\"LG PKG\"}'::bpchar[])) AND (p_size <= 15))))","Rows Removed by Filter": 66490,"Workers": []},{"Node Type": "Index Scan","Parent Relationship": "Inner","Parallel Aware": false,"Async Capable": false,"Scan Direction": "Forward","Index Name": "idx_lineitem_part_supp","Relation Name": "lineitem","Alias": "lineitem","Startup Cost": 0.43,"Total Cost": 123.03,"Plan Rows": 1,"Plan Width": 21,"Actual Startup Time": 0.229,"Actual Total Time": 0.260,"Actual Rows": 0,"Actual Loops": 529,"Index Cond": "(l_partkey = part.p_partkey)","Rows Removed by Index Recheck": 0,"Filter": "((l_shipmode = ANY ('{AIR,\"AIR REG\"}'::bpchar[])) AND (l_shipinstruct = 'DELIVER IN PERSON'::bpchar) AND (((l_quantity >= '3'::numeric) AND (l_quantity <= '13'::numeric)) OR ((l_quantity >= '12'::numeric) AND (l_quantity <= '22'::numeric)) OR ((l_quantity >= '21'::numeric) AND (l_quantity <= '31'::numeric))) AND (((part.p_brand = 'Brand#11'::bpchar) AND (part.p_container = ANY ('{\"SM CASE\",\"SM BOX\",\"SM PACK\",\"SM PKG\"}'::bpchar[])) AND (l_quantity >= '3'::numeric) AND (l_quantity <= '13'::numeric) AND (part.p_size <= 5)) OR ((part.p_brand = 'Brand#13'::bpchar) AND (part.p_container = ANY ('{\"MED BAG\",\"MED BOX\",\"MED PKG\",\"MED PACK\"}'::bpchar[])) AND (l_quantity >= '12'::numeric) AND (l_quantity <= '22'::numeric) AND (part.p_size <= 10)) OR ((part.p_brand = 'Brand#41'::bpchar) AND (part.p_container = ANY ('{\"LG CASE\",\"LG BOX\",\"LG PACK\",\"LG PKG\"}'::bpchar[])) AND (l_quantity >= '21'::numeric) AND (l_quantity <= '31'::numeric) AND (part.p_size <= 15))))","Rows Removed by Filter": 30,"Workers": []}]}]}]}]},"Planning Time": 5.214,"Triggers": [],"Execution Time": 99.810}]
[{"Plan": {"Node Type": "Aggregate","Strategy": "Plain","Partial Mode": "Finalize","Parallel Aware": false,"Async Capable": false,"Startup Cost": 33507.36,"Total Cost": 33507.37,"Plan Rows": 1,"Plan Width": 32,"Actual Startup Time": 82.287,"Actual Total Time": 97.211,"Actual Rows": 1,"Actual Loops": 1,"Plans": [{"Node Type": "Gather","Parent Relationship": "Outer","Parallel Aware": false,"Async Capable": false,"Startup Cost": 33507.13,"Total Cost": 33507.34,"Plan Rows": 2,"Plan Width": 32,"Actual Startup Time": 82.049,"Actual Total Time": 97.193,"Actual Rows": 3,"Actual Loops": 1,"Workers Planned": 2,"Workers Launched": 2,"Single Copy": false,"Plans": [{"Node Type": "Aggregate","Strategy": "Plain","Partial Mode": "Partial","Parent Relationship": "Outer","Parallel Aware": false,"Async Capable": false,"Startup Cost": 32507.13,"Total Cost": 32507.14,"Plan Rows": 1,"Plan Width": 32,"Actual Startup Time": 75.513,"Actual Total Time": 75.516,"Actual Rows": 1,"Actual Loops": 3,"Workers": [],"Plans": [{"Node Type": "Nested Loop","Parent Relationship": "Outer","Parallel Aware": false,"Async Capable": false,"Join Type": "Inner","Startup Cost": 0.43,"Total Cost": 32506.78,"Plan Rows": 47,"Plan Width": 12,"Actual Startup Time": 6.632,"Actual Total Time": 75.462,"Actual Rows": 37,"Actual Loops": 3,"Inner Unique": false,"Workers": [],"Plans": [{"Node Type": "Seq Scan","Parent Relationship": "Outer","Parallel Aware": true,"Async Capable": false,"Relation Name": "part","Alias": "part","Startup Cost": 0.00,"Total Cost": 7638.67,"Plan Rows": 202,"Plan Width": 30,"Actual Startup Time": 0.776,"Actual Total Time": 31.772,"Actual Rows": 170,"Actual Loops": 3,"Filter": "((p_size >= 1) AND (((p_brand = 'Brand#51'::bpchar) AND (p_container = ANY ('{\"SM CASE\",\"SM BOX\",\"SM PACK\",\"SM PKG\"}'::bpchar[])) AND (p_size <= 5)) OR ((p_brand = 'Brand#31'::bpchar) AND (p_container = ANY ('{\"MED BAG\",\"MED BOX\",\"MED PKG\",\"MED PACK\"}'::bpchar[])) AND (p_size <= 10)) OR ((p_brand = 'Brand#12'::bpchar) AND (p_container = ANY ('{\"LG CASE\",\"LG BOX\",\"LG PACK\",\"LG PKG\"}'::bpchar[])) AND (p_size <= 15))))","Rows Removed by Filter": 66497,"Workers": []},{"Node Type": "Index Scan","Parent Relationship": "Inner","Parallel Aware": false,"Async Capable": false,"Scan Direction": "Forward","Index Name": "idx_lineitem_part_supp","Relation Name": "lineitem","Alias": "lineitem","Startup Cost": 0.43,"Total Cost": 123.10,"Plan Rows": 1,"Plan Width": 21,"Actual Startup Time": 0.228,"Actual Total Time": 0.257,"Actual Rows": 0,"Actual Loops": 509,"Index Cond": "(l_partkey = part.p_partkey)","Rows Removed by Index Recheck": 0,"Filter": "((l_shipmode = ANY ('{AIR,\"AIR REG\"}'::bpchar[])) AND (l_shipinstruct = 'DELIVER IN PERSON'::bpchar) AND (((l_quantity >= '2'::numeric) AND (l_quantity <= '12'::numeric)) OR ((l_quantity >= '20'::numeric) AND (l_quantity <= '30'::numeric)) OR ((l_quantity >= '24'::numeric) AND (l_quantity <= '34'::numeric))) AND (((part.p_brand = 'Brand#51'::bpchar) AND (part.p_container = ANY ('{\"SM CASE\",\"SM BOX\",\"SM PACK\",\"SM PKG\"}'::bpchar[])) AND (l_quantity >= '2'::numeric) AND (l_quantity <= '12'::numeric) AND (part.p_size <= 5)) OR ((part.p_brand = 'Brand#31'::bpchar) AND (part.p_container = ANY ('{\"MED BAG\",\"MED BOX\",\"MED PKG\",\"MED PACK\"}'::bpchar[])) AND (l_quantity >= '20'::numeric) AND (l_quantity <= '30'::numeric) AND (part.p_size <= 10)) OR ((part.p_brand = 'Brand#12'::bpchar) AND (part.p_container = ANY ('{\"LG CASE\",\"LG BOX\",\"LG PACK\",\"LG PKG\"}'::bpchar[])) AND (l_quantity >= '24'::numeric) AND (l_quantity <= '34'::numeric) AND (part.p_size <= 15))))","Rows Removed by Filter": 30,"Workers": []}]}]}]}]},"Planning Time": 6.083,"Triggers": [],"Execution Time": 97.367}]
[{"Plan": {"Node Type": "Aggregate","Strategy": "Plain","Partial Mode": "Finalize","Parallel Aware": false,"Async Capable": false,"Startup Cost": 34319.75,"Total Cost": 34319.76,"Plan Rows": 1,"Plan Width": 32,"Actual Startup Time": 80.981,"Actual Total Time": 95.962,"Actual Rows": 1,"Actual Loops": 1,"Plans": [{"Node Type": "Gather","Parent Relationship": "Outer","Parallel Aware": false,"Async Capable": false,"Startup Cost": 34319.53,"Total Cost": 34319.74,"Plan Rows": 2,"Plan Width": 32,"Actual Startup Time": 80.721,"Actual Total Time": 95.934,"Actual Rows": 3,"Actual Loops": 1,"Workers Planned": 2,"Workers Launched": 2,"Single Copy": false,"Plans": [{"Node Type": "Aggregate","Strategy": "Plain","Partial Mode": "Partial","Parent Relationship": "Outer","Parallel Aware": false,"Async Capable": false,"Startup Cost": 33319.53,"Total Cost": 33319.54,"Plan Rows": 1,"Plan Width": 32,"Actual Startup Time": 73.874,"Actual Total Time": 73.876,"Actual Rows": 1,"Actual Loops": 3,"Workers": [],"Plans": [{"Node Type": "Nested Loop","Parent Relationship": "Outer","Parallel Aware": false,"Async Capable": false,"Join Type": "Inner","Startup Cost": 0.43,"Total Cost": 33319.16,"Plan Rows": 49,"Plan Width": 12,"Actual Startup Time": 5.341,"Actual Total Time": 73.826,"Actual Rows": 38,"Actual Loops": 3,"Inner Unique": false,"Workers": [],"Plans": [{"Node Type": "Seq Scan","Parent Relationship": "Outer","Parallel Aware": true,"Async Capable": false,"Relation Name": "part","Alias": "part","Startup Cost": 0.00,"Total Cost": 7638.67,"Plan Rows": 209,"Plan Width": 30,"Actual Startup Time": 0.677,"Actual Total Time": 31.729,"Actual Rows": 161,"Actual Loops": 3,"Filter": "((p_size >= 1) AND (((p_brand = 'Brand#34'::bpchar) AND (p_container = ANY ('{\"SM CASE\",\"SM BOX\",\"SM PACK\",\"SM PKG\"}'::bpchar[])) AND (p_size <= 5)) OR ((p_brand = 'Brand#15'::bpchar) AND (p_container = ANY ('{\"MED BAG\",\"MED BOX\",\"MED PKG\",\"MED PACK\"}'::bpchar[])) AND (p_size <= 10)) OR ((p_brand = 'Brand#45'::bpchar) AND (p_container = ANY ('{\"LG CASE\",\"LG BOX\",\"LG PACK\",\"LG PKG\"}'::bpchar[])) AND (p_size <= 15))))","Rows Removed by Filter": 66506,"Workers": []},{"Node Type": "Index Scan","Parent Relationship": "Inner","Parallel Aware": false,"Async Capable": false,"Scan Direction": "Forward","Index Name": "idx_lineitem_part_supp","Relation Name": "lineitem","Alias": "lineitem","Startup Cost": 0.43,"Total Cost": 122.86,"Plan Rows": 1,"Plan Width": 21,"Actual Startup Time": 0.234,"Actual Total Time": 0.261,"Actual Rows": 0,"Actual Loops": 483,"Index Cond": "(l_partkey = part.p_partkey)","Rows Removed by Index Recheck": 0,"Filter": "((l_shipmode = ANY ('{AIR,\"AIR REG\"}'::bpchar[])) AND (l_shipinstruct = 'DELIVER IN PERSON'::bpchar) AND (((l_quantity >= '9'::numeric) AND (l_quantity <= '19'::numeric)) OR ((l_quantity >= '16'::numeric) AND (l_quantity <= '26'::numeric)) OR ((l_quantity >= '22'::numeric) AND (l_quantity <= '32'::numeric))) AND (((part.p_brand = 'Brand#34'::bpchar) AND (part.p_container = ANY ('{\"SM CASE\",\"SM BOX\",\"SM PACK\",\"SM PKG\"}'::bpchar[])) AND (l_quantity >= '9'::numeric) AND (l_quantity <= '19'::numeric) AND (part.p_size <= 5)) OR ((part.p_brand = 'Brand#15'::bpchar) AND (part.p_container = ANY ('{\"MED BAG\",\"MED BOX\",\"MED PKG\",\"MED PACK\"}'::bpchar[])) AND (l_quantity >= '16'::numeric) AND (l_quantity <= '26'::numeric) AND (part.p_size <= 10)) OR ((part.p_brand = 'Brand#45'::bpchar) AND (part.p_container = ANY ('{\"LG CASE\",\"LG BOX\",\"LG PACK\",\"LG PKG\"}'::bpchar[])) AND (l_quantity >= '22'::numeric) AND (l_quantity <= '32'::numeric) AND (part.p_size <= 15))))","Rows Removed by Filter": 29,"Workers": []}]}]}]}]},"Planning Time": 6.150,"Triggers": [],"Execution Time": 96.183}]
[{"Plan": {"Node Type": "Aggregate","Strategy": "Plain","Partial Mode": "Finalize","Parallel Aware": false,"Async Capable": false,"Startup Cost": 33506.26,"Total Cost": 33506.27,"Plan Rows": 1,"Plan Width": 32,"Actual Startup Time": 81.484,"Actual Total Time": 97.275,"Actual Rows": 1,"Actual Loops": 1,"Plans": [{"Node Type": "Gather","Parent Relationship": "Outer","Parallel Aware": false,"Async Capable": false,"Startup Cost": 33506.04,"Total Cost": 33506.25,"Plan Rows": 2,"Plan Width": 32,"Actual Startup Time": 81.204,"Actual Total Time": 97.236,"Actual Rows": 3,"Actual Loops": 1,"Workers Planned": 2,"Workers Launched": 2,"Single Copy": false,"Plans": [{"Node Type": "Aggregate","Strategy": "Plain","Partial Mode": "Partial","Parent Relationship": "Outer","Parallel Aware": false,"Async Capable": false,"Startup Cost": 32506.04,"Total Cost": 32506.05,"Plan Rows": 1,"Plan Width": 32,"Actual Startup Time": 75.007,"Actual Total Time": 75.009,"Actual Rows": 1,"Actual Loops": 3,"Workers": [],"Plans": [{"Node Type": "Nested Loop","Parent Relationship": "Outer","Parallel Aware": false,"Async Capable": false,"Join Type": "Inner","Startup Cost": 0.43,"Total Cost": 32505.69,"Plan Rows": 47,"Plan Width": 12,"Actual Startup Time": 0.937,"Actual Total Time": 74.957,"Actual Rows": 40,"Actual Loops": 3,"Inner Unique": false,"Workers": [],"Plans": [{"Node Type": "Seq Scan","Parent Relationship": "Outer","Parallel Aware": true,"Async Capable": false,"Relation Name": "part","Alias": "part","Startup Cost": 0.00,"Total Cost": 7638.67,"Plan Rows": 202,"Plan Width": 30,"Actual Startup Time": 0.489,"Actual Total Time": 31.173,"Actual Rows": 166,"Actual Loops": 3,"Filter": "((p_size >= 1) AND (((p_brand = 'Brand#24'::bpchar) AND (p_container = ANY ('{\"SM CASE\",\"SM BOX\",\"SM PACK\",\"SM PKG\"}'::bpchar[])) AND (p_size <= 5)) OR ((p_brand = 'Brand#54'::bpchar) AND (p_container = ANY ('{\"MED BAG\",\"MED BOX\",\"MED PKG\",\"MED PACK\"}'::bpchar[])) AND (p_size <= 10)) OR ((p_brand = 'Brand#55'::bpchar) AND (p_container = ANY ('{\"LG CASE\",\"LG BOX\",\"LG PACK\",\"LG PKG\"}'::bpchar[])) AND (p_size <= 15))))","Rows Removed by Filter": 66501,"Workers": []},{"Node Type": "Index Scan","Parent Relationship": "Inner","Parallel Aware": false,"Async Capable": false,"Scan Direction": "Forward","Index Name": "idx_lineitem_part_supp","Relation Name": "lineitem","Alias": "lineitem","Startup Cost": 0.43,"Total Cost": 123.09,"Plan Rows": 1,"Plan Width": 21,"Actual Startup Time": 0.234,"Actual Total Time": 0.264,"Actual Rows": 0,"Actual Loops": 497,"Index Cond": "(l_partkey = part.p_partkey)","Rows Removed by Index Recheck": 0,"Filter": "((l_shipmode = ANY ('{AIR,\"AIR REG\"}'::bpchar[])) AND (l_shipinstruct = 'DELIVER IN PERSON'::bpchar) AND (((l_quantity >= '8'::numeric) AND (l_quantity <= '18'::numeric)) OR ((l_quantity >= '12'::numeric) AND (l_quantity <= '22'::numeric)) OR ((l_quantity >= '27'::numeric) AND (l_quantity <= '37'::numeric))) AND (((part.p_brand = 'Brand#24'::bpchar) AND (part.p_container = ANY ('{\"SM CASE\",\"SM BOX\",\"SM PACK\",\"SM PKG\"}'::bpchar[])) AND (l_quantity >= '8'::numeric) AND (l_quantity <= '18'::numeric) AND (part.p_size <= 5)) OR ((part.p_brand = 'Brand#54'::bpchar) AND (part.p_container = ANY ('{\"MED BAG\",\"MED BOX\",\"MED PKG\",\"MED PACK\"}'::bpchar[])) AND (l_quantity >= '12'::numeric) AND (l_quantity <= '22'::numeric) AND (part.p_size <= 10)) OR ((part.p_brand = 'Brand#55'::bpchar) AND (part.p_container = ANY ('{\"LG CASE\",\"LG BOX\",\"LG PACK\",\"LG PKG\"}'::bpchar[])) AND (l_quantity >= '27'::numeric) AND (l_quantity <= '37'::numeric) AND (part.p_size <= 15))))","Rows Removed by Filter": 30,"Workers": []}]}]}]}]},"Planning Time": 6.187,"Triggers": [],"Execution Time": 97.538}]
[{"Plan": {"Node Type": "Aggregate","Strategy": "Plain","Partial Mode": "Finalize","Parallel Aware": false,"Async Capable": false,"Startup Cost": 33737.89,"Total Cost": 33737.90,"Plan Rows": 1,"Plan Width": 32,"Actual Startup Time": 84.911,"Actual Total Time": 100.979,"Actual Rows": 1,"Actual Loops": 1,"Plans": [{"Node Type": "Gather","Parent Relationship": "Outer","Parallel Aware": false,"Async Capable": false,"Startup Cost": 33737.67,"Total Cost": 33737.88,"Plan Rows": 2,"Plan Width": 32,"Actual Startup Time": 84.805,"Actual Total Time": 100.938,"Actual Rows": 3,"Actual Loops": 1,"Workers Planned": 2,"Workers Launched": 2,"Single Copy": false,"Plans": [{"Node Type": "Aggregate","Strategy": "Plain","Partial Mode": "Partial","Parent Relationship": "Outer","Parallel Aware": false,"Async Capable": false,"Startup Cost": 32737.67,"Total Cost": 32737.68,"Plan Rows": 1,"Plan Width": 32,"Actual Startup Time": 77.840,"Actual Total Time": 77.843,"Actual Rows": 1,"Actual Loops": 3,"Workers": [],"Plans": [{"Node Type": "Nested Loop","Parent Relationship": "Outer","Parallel Aware": false,"Async Capable": false,"Join Type": "Inner","Startup Cost": 0.43,"Total Cost": 32737.30,"Plan Rows": 48,"Plan Width": 12,"Actual Startup Time": 5.740,"Actual Total Time": 77.798,"Actual Rows": 35,"Actual Loops": 3,"Inner Unique": false,"Workers": [],"Plans": [{"Node Type": "Seq Scan","Parent Relationship": "Outer","Parallel Aware": true,"Async Capable": false,"Relation Name": "part","Alias": "part","Startup Cost": 0.00,"Total Cost": 7638.67,"Plan Rows": 204,"Plan Width": 30,"Actual Startup Time": 0.488,"Actual Total Time": 33.477,"Actual Rows": 166,"Actual Loops": 3,"Filter": "((p_size >= 1) AND (((p_brand = 'Brand#42'::bpchar) AND (p_container = ANY ('{\"SM CASE\",\"SM BOX\",\"SM PACK\",\"SM PKG\"}'::bpchar[])) AND (p_size <= 5)) OR ((p_brand = 'Brand#55'::bpchar) AND (p_container = ANY ('{\"MED BAG\",\"MED BOX\",\"MED PKG\",\"MED PACK\"}'::bpchar[])) AND (p_size <= 10)) OR ((p_brand = 'Brand#11'::bpchar) AND (p_container = ANY ('{\"LG CASE\",\"LG BOX\",\"LG PACK\",\"LG PKG\"}'::bpchar[])) AND (p_size <= 15))))","Rows Removed by Filter": 66501,"Workers": []},{"Node Type": "Index Scan","Parent Relationship": "Inner","Parallel Aware": false,"Async Capable": false,"Scan Direction": "Forward","Index Name": "idx_lineitem_part_supp","Relation Name": "lineitem","Alias": "lineitem","Startup Cost": 0.43,"Total Cost": 123.02,"Plan Rows": 1,"Plan Width": 21,"Actual Startup Time": 0.242,"Actual Total Time": 0.267,"Actual Rows": 0,"Actual Loops": 498,"Index Cond": "(l_partkey = part.p_partkey)","Rows Removed by Index Recheck": 0,"Filter": "((l_shipmode = ANY ('{AIR,\"AIR REG\"}'::bpchar[])) AND (l_shipinstruct = 'DELIVER IN PERSON'::bpchar) AND (((l_quantity >= '9'::numeric) AND (l_quantity <= '19'::numeric)) OR ((l_quantity >= '11'::numeric) AND (l_quantity <= '21'::numeric)) OR ((l_quantity >= '24'::numeric) AND (l_quantity <= '34'::numeric))) AND (((part.p_brand = 'Brand#42'::bpchar) AND (part.p_container = ANY ('{\"SM CASE\",\"SM BOX\",\"SM PACK\",\"SM PKG\"}'::bpchar[])) AND (l_quantity >= '9'::numeric) AND (l_quantity <= '19'::numeric) AND (part.p_size <= 5)) OR ((part.p_brand = 'Brand#55'::bpchar) AND (part.p_container = ANY ('{\"MED BAG\",\"MED BOX\",\"MED PKG\",\"MED PACK\"}'::bpchar[])) AND (l_quantity >= '11'::numeric) AND (l_quantity <= '21'::numeric) AND (part.p_size <= 10)) OR ((part.p_brand = 'Brand#11'::bpchar) AND (part.p_container = ANY ('{\"LG CASE\",\"LG BOX\",\"LG PACK\",\"LG PKG\"}'::bpchar[])) AND (l_quantity >= '24'::numeric) AND (l_quantity <= '34'::numeric) AND (part.p_size <= 15))))","Rows Removed by Filter": 30,"Workers": []}]}]}]}]},"Planning Time": 5.114,"Triggers": [],"Execution Time": 101.180}]
[{"Plan": {"Node Type": "Aggregate","Strategy": "Plain","Partial Mode": "Finalize","Parallel Aware": false,"Async Capable": false,"Startup Cost": 33975.40,"Total Cost": 33975.41,"Plan Rows": 1,"Plan Width": 32,"Actual Startup Time": 85.663,"Actual Total Time": 100.344,"Actual Rows": 1,"Actual Loops": 1,"Plans": [{"Node Type": "Gather","Parent Relationship": "Outer","Parallel Aware": false,"Async Capable": false,"Startup Cost": 33975.18,"Total Cost": 33975.39,"Plan Rows": 2,"Plan Width": 32,"Actual Startup Time": 85.296,"Actual Total Time": 100.316,"Actual Rows": 3,"Actual Loops": 1,"Workers Planned": 2,"Workers Launched": 2,"Single Copy": false,"Plans": [{"Node Type": "Aggregate","Strategy": "Plain","Partial Mode": "Partial","Parent Relationship": "Outer","Parallel Aware": false,"Async Capable": false,"Startup Cost": 32975.18,"Total Cost": 32975.19,"Plan Rows": 1,"Plan Width": 32,"Actual Startup Time": 79.177,"Actual Total Time": 79.179,"Actual Rows": 1,"Actual Loops": 3,"Workers": [],"Plans": [{"Node Type": "Nested Loop","Parent Relationship": "Outer","Parallel Aware": false,"Async Capable": false,"Join Type": "Inner","Startup Cost": 0.43,"Total Cost": 32974.82,"Plan Rows": 48,"Plan Width": 12,"Actual Startup Time": 4.695,"Actual Total Time": 79.130,"Actual Rows": 42,"Actual Loops": 3,"Inner Unique": false,"Workers": [],"Plans": [{"Node Type": "Seq Scan","Parent Relationship": "Outer","Parallel Aware": true,"Async Capable": false,"Relation Name": "part","Alias": "part","Startup Cost": 0.00,"Total Cost": 7638.67,"Plan Rows": 206,"Plan Width": 30,"Actual Startup Time": 0.647,"Actual Total Time": 34.519,"Actual Rows": 160,"Actual Loops": 3,"Filter": "((p_size >= 1) AND (((p_brand = 'Brand#21'::bpchar) AND (p_container = ANY ('{\"SM CASE\",\"SM BOX\",\"SM PACK\",\"SM PKG\"}'::bpchar[])) AND (p_size <= 5)) OR ((p_brand = 'Brand#41'::bpchar) AND (p_container = ANY ('{\"MED BAG\",\"MED BOX\",\"MED PKG\",\"MED PACK\"}'::bpchar[])) AND (p_size <= 10)) OR ((p_brand = 'Brand#55'::bpchar) AND (p_container = ANY ('{\"LG CASE\",\"LG BOX\",\"LG PACK\",\"LG PKG\"}'::bpchar[])) AND (p_size <= 15))))","Rows Removed by Filter": 66506,"Workers": []},{"Node Type": "Index Scan","Parent Relationship": "Inner","Parallel Aware": false,"Async Capable": false,"Scan Direction": "Forward","Index Name": "idx_lineitem_part_supp","Relation Name": "lineitem","Alias": "lineitem","Startup Cost": 0.43,"Total Cost": 122.98,"Plan Rows": 1,"Plan Width": 21,"Actual Startup Time": 0.245,"Actual Total Time": 0.278,"Actual Rows": 0,"Actual Loops": 481,"Index Cond": "(l_partkey = part.p_partkey)","Rows Removed by Index Recheck": 0,"Filter": "((l_shipmode = ANY ('{AIR,\"AIR REG\"}'::bpchar[])) AND (l_shipinstruct = 'DELIVER IN PERSON'::bpchar) AND (((l_quantity >= '1'::numeric) AND (l_quantity <= '11'::numeric)) OR ((l_quantity >= '19'::numeric) AND (l_quantity <= '29'::numeric)) OR ((l_quantity >= '30'::numeric) AND (l_quantity <= '40'::numeric))) AND (((part.p_brand = 'Brand#21'::bpchar) AND (part.p_container = ANY ('{\"SM CASE\",\"SM BOX\",\"SM PACK\",\"SM PKG\"}'::bpchar[])) AND (l_quantity >= '1'::numeric) AND (l_quantity <= '11'::numeric) AND (part.p_size <= 5)) OR ((part.p_brand = 'Brand#41'::bpchar) AND (part.p_container = ANY ('{\"MED BAG\",\"MED BOX\",\"MED PKG\",\"MED PACK\"}'::bpchar[])) AND (l_quantity >= '19'::numeric) AND (l_quantity <= '29'::numeric) AND (part.p_size <= 10)) OR ((part.p_brand = 'Brand#55'::bpchar) AND (part.p_container = ANY ('{\"LG CASE\",\"LG BOX\",\"LG PACK\",\"LG PKG\"}'::bpchar[])) AND (l_quantity >= '30'::numeric) AND (l_quantity <= '40'::numeric) AND (part.p_size <= 15))))","Rows Removed by Filter": 30,"Workers": []}]}]}]}]},"Planning Time": 5.637,"Triggers": [],"Execution Time": 100.591}]
[{"Plan": {"Node Type": "Aggregate","Strategy": "Plain","Partial Mode": "Finalize","Parallel Aware": false,"Async Capable": false,"Startup Cost": 33392.11,"Total Cost": 33392.12,"Plan Rows": 1,"Plan Width": 32,"Actual Startup Time": 86.116,"Actual Total Time": 101.802,"Actual Rows": 1,"Actual Loops": 1,"Plans": [{"Node Type": "Gather","Parent Relationship": "Outer","Parallel Aware": false,"Async Capable": false,"Startup Cost": 33391.89,"Total Cost": 33392.10,"Plan Rows": 2,"Plan Width": 32,"Actual Startup Time": 86.055,"Actual Total Time": 101.748,"Actual Rows": 3,"Actual Loops": 1,"Workers Planned": 2,"Workers Launched": 2,"Single Copy": false,"Plans": [{"Node Type": "Aggregate","Strategy": "Plain","Partial Mode": "Partial","Parent Relationship": "Outer","Parallel Aware": false,"Async Capable": false,"Startup Cost": 32391.89,"Total Cost": 32391.90,"Plan Rows": 1,"Plan Width": 32,"Actual Startup Time": 79.369,"Actual Total Time": 79.370,"Actual Rows": 1,"Actual Loops": 3,"Workers": [],"Plans": [{"Node Type": "Nested Loop","Parent Relationship": "Outer","Parallel Aware": false,"Async Capable": false,"Join Type": "Inner","Startup Cost": 0.43,"Total Cost": 32391.53,"Plan Rows": 47,"Plan Width": 12,"Actual Startup Time": 7.346,"Actual Total Time": 79.333,"Actual Rows": 28,"Actual Loops": 3,"Inner Unique": false,"Workers": [],"Plans": [{"Node Type": "Seq Scan","Parent Relationship": "Outer","Parallel Aware": true,"Async Capable": false,"Relation Name": "part","Alias": "part","Startup Cost": 0.00,"Total Cost": 7638.67,"Plan Rows": 201,"Plan Width": 30,"Actual Startup Time": 0.471,"Actual Total Time": 34.441,"Actual Rows": 168,"Actual Loops": 3,"Filter": "((p_size >= 1) AND (((p_brand = 'Brand#51'::bpchar) AND (p_container = ANY ('{\"SM CASE\",\"SM BOX\",\"SM PACK\",\"SM PKG\"}'::bpchar[])) AND (p_size <= 5)) OR ((p_brand = 'Brand#53'::bpchar) AND (p_container = ANY ('{\"MED BAG\",\"MED BOX\",\"MED PKG\",\"MED PACK\"}'::bpchar[])) AND (p_size <= 10)) OR ((p_brand = 'Brand#51'::bpchar) AND (p_container = ANY ('{\"LG CASE\",\"LG BOX\",\"LG PACK\",\"LG PKG\"}'::bpchar[])) AND (p_size <= 15))))","Rows Removed by Filter": 66499,"Workers": []},{"Node Type": "Index Scan","Parent Relationship": "Inner","Parallel Aware": false,"Async Capable": false,"Scan Direction": "Forward","Index Name": "idx_lineitem_part_supp","Relation Name": "lineitem","Alias": "lineitem","Startup Cost": 0.43,"Total Cost": 123.14,"Plan Rows": 1,"Plan Width": 21,"Actual Startup Time": 0.243,"Actual Total Time": 0.267,"Actual Rows": 0,"Actual Loops": 504,"Index Cond": "(l_partkey = part.p_partkey)","Rows Removed by Index Recheck": 0,"Filter": "((l_shipmode = ANY ('{AIR,\"AIR REG\"}'::bpchar[])) AND (l_shipinstruct = 'DELIVER IN PERSON'::bpchar) AND (((l_quantity >= '6'::numeric) AND (l_quantity <= '16'::numeric)) OR ((l_quantity >= '11'::numeric) AND (l_quantity <= '21'::numeric)) OR ((l_quantity >= '20'::numeric) AND (l_quantity <= '30'::numeric))) AND (((part.p_brand = 'Brand#51'::bpchar) AND (part.p_container = ANY ('{\"SM CASE\",\"SM BOX\",\"SM PACK\",\"SM PKG\"}'::bpchar[])) AND (l_quantity >= '6'::numeric) AND (l_quantity <= '16'::numeric) AND (part.p_size <= 5)) OR ((part.p_brand = 'Brand#53'::bpchar) AND (part.p_container = ANY ('{\"MED BAG\",\"MED BOX\",\"MED PKG\",\"MED PACK\"}'::bpchar[])) AND (l_quantity >= '11'::numeric) AND (l_quantity <= '21'::numeric) AND (part.p_size <= 10)) OR ((part.p_brand = 'Brand#51'::bpchar) AND (part.p_container = ANY ('{\"LG CASE\",\"LG BOX\",\"LG PACK\",\"LG PKG\"}'::bpchar[])) AND (l_quantity >= '20'::numeric) AND (l_quantity <= '30'::numeric) AND (part.p_size <= 15))))","Rows Removed by Filter": 29,"Workers": []}]}]}]}]},"Planning Time": 5.473,"Triggers": [],"Execution Time": 101.978}]
[{"Plan": {"Node Type": "Aggregate","Strategy": "Plain","Partial Mode": "Finalize","Parallel Aware": false,"Async Capable": false,"Startup Cost": 33392.96,"Total Cost": 33392.97,"Plan Rows": 1,"Plan Width": 32,"Actual Startup Time": 81.130,"Actual Total Time": 96.023,"Actual Rows": 1,"Actual Loops": 1,"Plans": [{"Node Type": "Gather","Parent Relationship": "Outer","Parallel Aware": false,"Async Capable": false,"Startup Cost": 33392.74,"Total Cost": 33392.95,"Plan Rows": 2,"Plan Width": 32,"Actual Startup Time": 80.946,"Actual Total Time": 95.993,"Actual Rows": 3,"Actual Loops": 1,"Workers Planned": 2,"Workers Launched": 2,"Single Copy": false,"Plans": [{"Node Type": "Aggregate","Strategy": "Plain","Partial Mode": "Partial","Parent Relationship": "Outer","Parallel Aware": false,"Async Capable": false,"Startup Cost": 32392.74,"Total Cost": 32392.75,"Plan Rows": 1,"Plan Width": 32,"Actual Startup Time": 74.584,"Actual Total Time": 74.587,"Actual Rows": 1,"Actual Loops": 3,"Workers": [],"Plans": [{"Node Type": "Nested Loop","Parent Relationship": "Outer","Parallel Aware": false,"Async Capable": false,"Join Type": "Inner","Startup Cost": 0.43,"Total Cost": 32392.38,"Plan Rows": 47,"Plan Width": 12,"Actual Startup Time": 3.301,"Actual Total Time": 74.536,"Actual Rows": 33,"Actual Loops": 3,"Inner Unique": false,"Workers": [],"Plans": [{"Node Type": "Seq Scan","Parent Relationship": "Outer","Parallel Aware": true,"Async Capable": false,"Relation Name": "part","Alias": "part","Startup Cost": 0.00,"Total Cost": 7638.67,"Plan Rows": 201,"Plan Width": 30,"Actual Startup Time": 0.974,"Actual Total Time": 31.964,"Actual Rows": 163,"Actual Loops": 3,"Filter": "((p_size >= 1) AND (((p_brand = 'Brand#22'::bpchar) AND (p_container = ANY ('{\"SM CASE\",\"SM BOX\",\"SM PACK\",\"SM PKG\"}'::bpchar[])) AND (p_size <= 5)) OR ((p_brand = 'Brand#44'::bpchar) AND (p_container = ANY ('{\"MED BAG\",\"MED BOX\",\"MED PKG\",\"MED PACK\"}'::bpchar[])) AND (p_size <= 10)) OR ((p_brand = 'Brand#51'::bpchar) AND (p_container = ANY ('{\"LG CASE\",\"LG BOX\",\"LG PACK\",\"LG PKG\"}'::bpchar[])) AND (p_size <= 15))))","Rows Removed by Filter": 66503,"Workers": []},{"Node Type": "Index Scan","Parent Relationship": "Inner","Parallel Aware": false,"Async Capable": false,"Scan Direction": "Forward","Index Name": "idx_lineitem_part_supp","Relation Name": "lineitem","Alias": "lineitem","Startup Cost": 0.43,"Total Cost": 123.14,"Plan Rows": 1,"Plan Width": 21,"Actual Startup Time": 0.236,"Actual Total Time": 0.260,"Actual Rows": 0,"Actual Loops": 490,"Index Cond": "(l_partkey = part.p_partkey)","Rows Removed by Index Recheck": 0,"Filter": "((l_shipmode = ANY ('{AIR,\"AIR REG\"}'::bpchar[])) AND (l_shipinstruct = 'DELIVER IN PERSON'::bpchar) AND (((l_quantity >= '5'::numeric) AND (l_quantity <= '15'::numeric)) OR ((l_quantity >= '15'::numeric) AND (l_quantity <= '25'::numeric)) OR ((l_quantity >= '28'::numeric) AND (l_quantity <= '38'::numeric))) AND (((part.p_brand = 'Brand#22'::bpchar) AND (part.p_container = ANY ('{\"SM CASE\",\"SM BOX\",\"SM PACK\",\"SM PKG\"}'::bpchar[])) AND (l_quantity >= '5'::numeric) AND (l_quantity <= '15'::numeric) AND (part.p_size <= 5)) OR ((part.p_brand = 'Brand#44'::bpchar) AND (part.p_container = ANY ('{\"MED BAG\",\"MED BOX\",\"MED PKG\",\"MED PACK\"}'::bpchar[])) AND (l_quantity >= '15'::numeric) AND (l_quantity <= '25'::numeric) AND (part.p_size <= 10)) OR ((part.p_brand = 'Brand#51'::bpchar) AND (part.p_container = ANY ('{\"LG CASE\",\"LG BOX\",\"LG PACK\",\"LG PKG\"}'::bpchar[])) AND (l_quantity >= '28'::numeric) AND (l_quantity <= '38'::numeric) AND (part.p_size <= 15))))","Rows Removed by Filter": 30,"Workers": []}]}]}]}]},"Planning Time": 4.992,"Triggers": [],"Execution Time": 96.185}]
[{"Plan": {"Node Type": "Aggregate","Strategy": "Plain","Partial Mode": "Finalize","Parallel Aware": false,"Async Capable": false,"Startup Cost": 33856.69,"Total Cost": 33856.70,"Plan Rows": 1,"Plan Width": 32,"Actual Startup Time": 85.093,"Actual Total Time": 101.100,"Actual Rows": 1,"Actual Loops": 1,"Plans": [{"Node Type": "Gather","Parent Relationship": "Outer","Parallel Aware": false,"Async Capable": false,"Startup Cost": 33856.47,"Total Cost": 33856.68,"Plan Rows": 2,"Plan Width": 32,"Actual Startup Time": 84.862,"Actual Total Time": 101.072,"Actual Rows": 3,"Actual Loops": 1,"Workers Planned": 2,"Workers Launched": 2,"Single Copy": false,"Plans": [{"Node Type": "Aggregate","Strategy": "Plain","Partial Mode": "Partial","Parent Relationship": "Outer","Parallel Aware": false,"Async Capable": false,"Startup Cost": 32856.47,"Total Cost": 32856.48,"Plan Rows": 1,"Plan Width": 32,"Actual Startup Time": 78.015,"Actual Total Time": 78.021,"Actual Rows": 1,"Actual Loops": 3,"Workers": [],"Plans": [{"Node Type": "Nested Loop","Parent Relationship": "Outer","Parallel Aware": false,"Async Capable": false,"Join Type": "Inner","Startup Cost": 0.43,"Total Cost": 32856.10,"Plan Rows": 48,"Plan Width": 12,"Actual Startup Time": 2.594,"Actual Total Time": 77.976,"Actual Rows": 46,"Actual Loops": 3,"Inner Unique": false,"Workers": [],"Plans": [{"Node Type": "Seq Scan","Parent Relationship": "Outer","Parallel Aware": true,"Async Capable": false,"Relation Name": "part","Alias": "part","Startup Cost": 0.00,"Total Cost": 7638.67,"Plan Rows": 205,"Plan Width": 30,"Actual Startup Time": 0.957,"Actual Total Time": 33.543,"Actual Rows": 165,"Actual Loops": 3,"Filter": "((p_size >= 1) AND (((p_brand = 'Brand#44'::bpchar) AND (p_container = ANY ('{\"SM CASE\",\"SM BOX\",\"SM PACK\",\"SM PKG\"}'::bpchar[])) AND (p_size <= 5)) OR ((p_brand = 'Brand#43'::bpchar) AND (p_container = ANY ('{\"MED BAG\",\"MED BOX\",\"MED PKG\",\"MED PACK\"}'::bpchar[])) AND (p_size <= 10)) OR ((p_brand = 'Brand#42'::bpchar) AND (p_container = ANY ('{\"LG CASE\",\"LG BOX\",\"LG PACK\",\"LG PKG\"}'::bpchar[])) AND (p_size <= 15))))","Rows Removed by Filter": 66501,"Workers": []},{"Node Type": "Index Scan","Parent Relationship": "Inner","Parallel Aware": false,"Async Capable": false,"Scan Direction": "Forward","Index Name": "idx_lineitem_part_supp","Relation Name": "lineitem","Alias": "lineitem","Startup Cost": 0.43,"Total Cost": 123.00,"Plan Rows": 1,"Plan Width": 21,"Actual Startup Time": 0.237,"Actual Total Time": 0.268,"Actual Rows": 0,"Actual Loops": 496,"Index Cond": "(l_partkey = part.p_partkey)","Rows Removed by Index Recheck": 0,"Filter": "((l_shipmode = ANY ('{AIR,\"AIR REG\"}'::bpchar[])) AND (l_shipinstruct = 'DELIVER IN PERSON'::bpchar) AND (((l_quantity >= '2'::numeric) AND (l_quantity <= '12'::numeric)) OR ((l_quantity >= '15'::numeric) AND (l_quantity <= '25'::numeric)) OR ((l_quantity >= '22'::numeric) AND (l_quantity <= '32'::numeric))) AND (((part.p_brand = 'Brand#44'::bpchar) AND (part.p_container = ANY ('{\"SM CASE\",\"SM BOX\",\"SM PACK\",\"SM PKG\"}'::bpchar[])) AND (l_quantity >= '2'::numeric) AND (l_quantity <= '12'::numeric) AND (part.p_size <= 5)) OR ((part.p_brand = 'Brand#43'::bpchar) AND (part.p_container = ANY ('{\"MED BAG\",\"MED BOX\",\"MED PKG\",\"MED PACK\"}'::bpchar[])) AND (l_quantity >= '15'::numeric) AND (l_quantity <= '25'::numeric) AND (part.p_size <= 10)) OR ((part.p_brand = 'Brand#42'::bpchar) AND (part.p_container = ANY ('{\"LG CASE\",\"LG BOX\",\"LG PACK\",\"LG PKG\"}'::bpchar[])) AND (l_quantity >= '22'::numeric) AND (l_quantity <= '32'::numeric) AND (part.p_size <= 15))))","Rows Removed by Filter": 30,"Workers": []}]}]}]}]},"Planning Time": 4.875,"Triggers": [],"Execution Time": 101.260}]
[{"Plan": {"Node Type": "Aggregate","Strategy": "Plain","Partial Mode": "Finalize","Parallel Aware": false,"Async Capable": false,"Startup Cost": 33390.86,"Total Cost": 33390.87,"Plan Rows": 1,"Plan Width": 32,"Actual Startup Time": 84.134,"Actual Total Time": 99.157,"Actual Rows": 1,"Actual Loops": 1,"Plans": [{"Node Type": "Gather","Parent Relationship": "Outer","Parallel Aware": false,"Async Capable": false,"Startup Cost": 33390.64,"Total Cost": 33390.85,"Plan Rows": 2,"Plan Width": 32,"Actual Startup Time": 83.685,"Actual Total Time": 99.131,"Actual Rows": 3,"Actual Loops": 1,"Workers Planned": 2,"Workers Launched": 2,"Single Copy": false,"Plans": [{"Node Type": "Aggregate","Strategy": "Plain","Partial Mode": "Partial","Parent Relationship": "Outer","Parallel Aware": false,"Async Capable": false,"Startup Cost": 32390.64,"Total Cost": 32390.65,"Plan Rows": 1,"Plan Width": 32,"Actual Startup Time": 77.339,"Actual Total Time": 77.341,"Actual Rows": 1,"Actual Loops": 3,"Workers": [],"Plans": [{"Node Type": "Nested Loop","Parent Relationship": "Outer","Parallel Aware": false,"Async Capable": false,"Join Type": "Inner","Startup Cost": 0.43,"Total Cost": 32390.29,"Plan Rows": 47,"Plan Width": 12,"Actual Startup Time": 1.530,"Actual Total Time": 77.286,"Actual Rows": 35,"Actual Loops": 3,"Inner Unique": false,"Workers": [],"Plans": [{"Node Type": "Seq Scan","Parent Relationship": "Outer","Parallel Aware": true,"Async Capable": false,"Relation Name": "part","Alias": "part","Startup Cost": 0.00,"Total Cost": 7638.67,"Plan Rows": 201,"Plan Width": 30,"Actual Startup Time": 0.244,"Actual Total Time": 33.465,"Actual Rows": 163,"Actual Loops": 3,"Filter": "((p_size >= 1) AND (((p_brand = 'Brand#42'::bpchar) AND (p_container = ANY ('{\"SM CASE\",\"SM BOX\",\"SM PACK\",\"SM PKG\"}'::bpchar[])) AND (p_size <= 5)) OR ((p_brand = 'Brand#43'::bpchar) AND (p_container = ANY ('{\"MED BAG\",\"MED BOX\",\"MED PKG\",\"MED PACK\"}'::bpchar[])) AND (p_size <= 10)) OR ((p_brand = 'Brand#51'::bpchar) AND (p_container = ANY ('{\"LG CASE\",\"LG BOX\",\"LG PACK\",\"LG PKG\"}'::bpchar[])) AND (p_size <= 15))))","Rows Removed by Filter": 66504,"Workers": []},{"Node Type": "Index Scan","Parent Relationship": "Inner","Parallel Aware": false,"Async Capable": false,"Scan Direction": "Forward","Index Name": "idx_lineitem_part_supp","Relation Name": "lineitem","Alias": "lineitem","Startup Cost": 0.43,"Total Cost": 123.13,"Plan Rows": 1,"Plan Width": 21,"Actual Startup Time": 0.242,"Actual Total Time": 0.268,"Actual Rows": 0,"Actual Loops": 489,"Index Cond": "(l_partkey = part.p_partkey)","Rows Removed by Index Recheck": 0,"Filter": "((l_shipmode = ANY ('{AIR,\"AIR REG\"}'::bpchar[])) AND (l_shipinstruct = 'DELIVER IN PERSON'::bpchar) AND (((l_quantity >= '6'::numeric) AND (l_quantity <= '16'::numeric)) OR ((l_quantity >= '14'::numeric) AND (l_quantity <= '24'::numeric)) OR ((l_quantity >= '26'::numeric) AND (l_quantity <= '36'::numeric))) AND (((part.p_brand = 'Brand#42'::bpchar) AND (part.p_container = ANY ('{\"SM CASE\",\"SM BOX\",\"SM PACK\",\"SM PKG\"}'::bpchar[])) AND (l_quantity >= '6'::numeric) AND (l_quantity <= '16'::numeric) AND (part.p_size <= 5)) OR ((part.p_brand = 'Brand#43'::bpchar) AND (part.p_container = ANY ('{\"MED BAG\",\"MED BOX\",\"MED PKG\",\"MED PACK\"}'::bpchar[])) AND (l_quantity >= '14'::numeric) AND (l_quantity <= '24'::numeric) AND (part.p_size <= 10)) OR ((part.p_brand = 'Brand#51'::bpchar) AND (part.p_container = ANY ('{\"LG CASE\",\"LG BOX\",\"LG PACK\",\"LG PKG\"}'::bpchar[])) AND (l_quantity >= '26'::numeric) AND (l_quantity <= '36'::numeric) AND (part.p_size <= 15))))","Rows Removed by Filter": 30,"Workers": []}]}]}]}]},"Planning Time": 5.880,"Triggers": [],"Execution Time": 99.324}]
[{"Plan": {"Node Type": "Aggregate","Strategy": "Plain","Partial Mode": "Finalize","Parallel Aware": false,"Async Capable": false,"Startup Cost": 33507.89,"Total Cost": 33507.90,"Plan Rows": 1,"Plan Width": 32,"Actual Startup Time": 82.470,"Actual Total Time": 97.479,"Actual Rows": 1,"Actual Loops": 1,"Plans": [{"Node Type": "Gather","Parent Relationship": "Outer","Parallel Aware": false,"Async Capable": false,"Startup Cost": 33507.67,"Total Cost": 33507.88,"Plan Rows": 2,"Plan Width": 32,"Actual Startup Time": 82.004,"Actual Total Time": 97.445,"Actual Rows": 3,"Actual Loops": 1,"Workers Planned": 2,"Workers Launched": 2,"Single Copy": false,"Plans": [{"Node Type": "Aggregate","Strategy": "Plain","Partial Mode": "Partial","Parent Relationship": "Outer","Parallel Aware": false,"Async Capable": false,"Startup Cost": 32507.67,"Total Cost": 32507.68,"Plan Rows": 1,"Plan Width": 32,"Actual Startup Time": 75.971,"Actual Total Time": 75.974,"Actual Rows": 1,"Actual Loops": 3,"Workers": [],"Plans": [{"Node Type": "Nested Loop","Parent Relationship": "Outer","Parallel Aware": false,"Async Capable": false,"Join Type": "Inner","Startup Cost": 0.43,"Total Cost": 32507.31,"Plan Rows": 47,"Plan Width": 12,"Actual Startup Time": 3.735,"Actual Total Time": 75.930,"Actual Rows": 42,"Actual Loops": 3,"Inner Unique": false,"Workers": [],"Plans": [{"Node Type": "Seq Scan","Parent Relationship": "Outer","Parallel Aware": true,"Async Capable": false,"Relation Name": "part","Alias": "part","Startup Cost": 0.00,"Total Cost": 7638.67,"Plan Rows": 202,"Plan Width": 30,"Actual Startup Time": 0.249,"Actual Total Time": 30.570,"Actual Rows": 173,"Actual Loops": 3,"Filter": "((p_size >= 1) AND (((p_brand = 'Brand#25'::bpchar) AND (p_container = ANY ('{\"SM CASE\",\"SM BOX\",\"SM PACK\",\"SM PKG\"}'::bpchar[])) AND (p_size <= 5)) OR ((p_brand = 'Brand#24'::bpchar) AND (p_container = ANY ('{\"MED BAG\",\"MED BOX\",\"MED PKG\",\"MED PACK\"}'::bpchar[])) AND (p_size <= 10)) OR ((p_brand = 'Brand#22'::bpchar) AND (p_container = ANY ('{\"LG CASE\",\"LG BOX\",\"LG PACK\",\"LG PKG\"}'::bpchar[])) AND (p_size <= 15))))","Rows Removed by Filter": 66493,"Workers": []},{"Node Type": "Index Scan","Parent Relationship": "Inner","Parallel Aware": false,"Async Capable": false,"Scan Direction": "Forward","Index Name": "idx_lineitem_part_supp","Relation Name": "lineitem","Alias": "lineitem","Startup Cost": 0.43,"Total Cost": 123.10,"Plan Rows": 1,"Plan Width": 21,"Actual Startup Time": 0.231,"Actual Total Time": 0.261,"Actual Rows": 0,"Actual Loops": 520,"Index Cond": "(l_partkey = part.p_partkey)","Rows Removed by Index Recheck": 0,"Filter": "((l_shipmode = ANY ('{AIR,\"AIR REG\"}'::bpchar[])) AND (l_shipinstruct = 'DELIVER IN PERSON'::bpchar) AND (((l_quantity >= '3'::numeric) AND (l_quantity <= '13'::numeric)) OR ((l_quantity >= '14'::numeric) AND (l_quantity <= '24'::numeric)) OR ((l_quantity >= '27'::numeric) AND (l_quantity <= '37'::numeric))) AND (((part.p_brand = 'Brand#25'::bpchar) AND (part.p_container = ANY ('{\"SM CASE\",\"SM BOX\",\"SM PACK\",\"SM PKG\"}'::bpchar[])) AND (l_quantity >= '3'::numeric) AND (l_quantity <= '13'::numeric) AND (part.p_size <= 5)) OR ((part.p_brand = 'Brand#24'::bpchar) AND (part.p_container = ANY ('{\"MED BAG\",\"MED BOX\",\"MED PKG\",\"MED PACK\"}'::bpchar[])) AND (l_quantity >= '14'::numeric) AND (l_quantity <= '24'::numeric) AND (part.p_size <= 10)) OR ((part.p_brand = 'Brand#22'::bpchar) AND (part.p_container = ANY ('{\"LG CASE\",\"LG BOX\",\"LG PACK\",\"LG PKG\"}'::bpchar[])) AND (l_quantity >= '27'::numeric) AND (l_quantity <= '37'::numeric) AND (part.p_size <= 15))))","Rows Removed by Filter": 30,"Workers": []}]}]}]}]},"Planning Time": 6.105,"Triggers": [],"Execution Time": 97.720}]
[{"Plan": {"Node Type": "Aggregate","Strategy": "Plain","Partial Mode": "Finalize","Parallel Aware": false,"Async Capable": false,"Startup Cost": 34089.28,"Total Cost": 34089.29,"Plan Rows": 1,"Plan Width": 32,"Actual Startup Time": 83.428,"Actual Total Time": 98.563,"Actual Rows": 1,"Actual Loops": 1,"Plans": [{"Node Type": "Gather","Parent Relationship": "Outer","Parallel Aware": false,"Async Capable": false,"Startup Cost": 34089.05,"Total Cost": 34089.26,"Plan Rows": 2,"Plan Width": 32,"Actual Startup Time": 83.272,"Actual Total Time": 98.531,"Actual Rows": 3,"Actual Loops": 1,"Workers Planned": 2,"Workers Launched": 2,"Single Copy": false,"Plans": [{"Node Type": "Aggregate","Strategy": "Plain","Partial Mode": "Partial","Parent Relationship": "Outer","Parallel Aware": false,"Async Capable": false,"Startup Cost": 33089.05,"Total Cost": 33089.06,"Plan Rows": 1,"Plan Width": 32,"Actual Startup Time": 76.654,"Actual Total Time": 76.656,"Actual Rows": 1,"Actual Loops": 3,"Workers": [],"Plans": [{"Node Type": "Nested Loop","Parent Relationship": "Outer","Parallel Aware": false,"Async Capable": false,"Join Type": "Inner","Startup Cost": 0.43,"Total Cost": 33088.69,"Plan Rows": 48,"Plan Width": 12,"Actual Startup Time": 6.449,"Actual Total Time": 76.619,"Actual Rows": 32,"Actual Loops": 3,"Inner Unique": false,"Workers": [],"Plans": [{"Node Type": "Seq Scan","Parent Relationship": "Outer","Parallel Aware": true,"Async Capable": false,"Relation Name": "part","Alias": "part","Startup Cost": 0.00,"Total Cost": 7638.67,"Plan Rows": 207,"Plan Width": 30,"Actual Startup Time": 0.599,"Actual Total Time": 33.805,"Actual Rows": 156,"Actual Loops": 3,"Filter": "((p_size >= 1) AND (((p_brand = 'Brand#22'::bpchar) AND (p_container = ANY ('{\"SM CASE\",\"SM BOX\",\"SM PACK\",\"SM PKG\"}'::bpchar[])) AND (p_size <= 5)) OR ((p_brand = 'Brand#33'::bpchar) AND (p_container = ANY ('{\"MED BAG\",\"MED BOX\",\"MED PKG\",\"MED PACK\"}'::bpchar[])) AND (p_size <= 10)) OR ((p_brand = 'Brand#53'::bpchar) AND (p_container = ANY ('{\"LG CASE\",\"LG BOX\",\"LG PACK\",\"LG PKG\"}'::bpchar[])) AND (p_size <= 15))))","Rows Removed by Filter": 66511,"Workers": []},{"Node Type": "Index Scan","Parent Relationship": "Inner","Parallel Aware": false,"Async Capable": false,"Scan Direction": "Forward","Index Name": "idx_lineitem_part_supp","Relation Name": "lineitem","Alias": "lineitem","Startup Cost": 0.43,"Total Cost": 122.94,"Plan Rows": 1,"Plan Width": 21,"Actual Startup Time": 0.251,"Actual Total Time": 0.275,"Actual Rows": 0,"Actual Loops": 467,"Index Cond": "(l_partkey = part.p_partkey)","Rows Removed by Index Recheck": 0,"Filter": "((l_shipmode = ANY ('{AIR,\"AIR REG\"}'::bpchar[])) AND (l_shipinstruct = 'DELIVER IN PERSON'::bpchar) AND (((l_quantity >= '6'::numeric) AND (l_quantity <= '16'::numeric)) OR ((l_quantity >= '14'::numeric) AND (l_quantity <= '24'::numeric)) OR ((l_quantity >= '29'::numeric) AND (l_quantity <= '39'::numeric))) AND (((part.p_brand = 'Brand#22'::bpchar) AND (part.p_container = ANY ('{\"SM CASE\",\"SM BOX\",\"SM PACK\",\"SM PKG\"}'::bpchar[])) AND (l_quantity >= '6'::numeric) AND (l_quantity <= '16'::numeric) AND (part.p_size <= 5)) OR ((part.p_brand = 'Brand#33'::bpchar) AND (part.p_container = ANY ('{\"MED BAG\",\"MED BOX\",\"MED PKG\",\"MED PACK\"}'::bpchar[])) AND (l_quantity >= '14'::numeric) AND (l_quantity <= '24'::numeric) AND (part.p_size <= 10)) OR ((part.p_brand = 'Brand#53'::bpchar) AND (part.p_container = ANY ('{\"LG CASE\",\"LG BOX\",\"LG PACK\",\"LG PKG\"}'::bpchar[])) AND (l_quantity >= '29'::numeric) AND (l_quantity <= '39'::numeric) AND (part.p_size <= 15))))","Rows Removed by Filter": 29,"Workers": []}]}]}]}]},"Planning Time": 5.311,"Triggers": [],"Execution Time": 98.758}]
[{"Plan": {"Node Type": "Aggregate","Strategy": "Plain","Partial Mode": "Finalize","Parallel Aware": false,"Async Capable": false,"Startup Cost": 32932.41,"Total Cost": 32932.42,"Plan Rows": 1,"Plan Width": 32,"Actual Startup Time": 87.526,"Actual Total Time": 103.021,"Actual Rows": 1,"Actual Loops": 1,"Plans": [{"Node Type": "Gather","Parent Relationship": "Outer","Parallel Aware": false,"Async Capable": false,"Startup Cost": 32932.18,"Total Cost": 32932.39,"Plan Rows": 2,"Plan Width": 32,"Actual Startup Time": 87.367,"Actual Total Time": 102.999,"Actual Rows": 3,"Actual Loops": 1,"Workers Planned": 2,"Workers Launched": 2,"Single Copy": false,"Plans": [{"Node Type": "Aggregate","Strategy": "Plain","Partial Mode": "Partial","Parent Relationship": "Outer","Parallel Aware": false,"Async Capable": false,"Startup Cost": 31932.18,"Total Cost": 31932.19,"Plan Rows": 1,"Plan Width": 32,"Actual Startup Time": 80.396,"Actual Total Time": 80.397,"Actual Rows": 1,"Actual Loops": 3,"Workers": [],"Plans": [{"Node Type": "Nested Loop","Parent Relationship": "Outer","Parallel Aware": false,"Async Capable": false,"Join Type": "Inner","Startup Cost": 0.43,"Total Cost": 31931.84,"Plan Rows": 46,"Plan Width": 12,"Actual Startup Time": 3.595,"Actual Total Time": 80.357,"Actual Rows": 41,"Actual Loops": 3,"Inner Unique": false,"Workers": [],"Plans": [{"Node Type": "Seq Scan","Parent Relationship": "Outer","Parallel Aware": true,"Async Capable": false,"Relation Name": "part","Alias": "part","Startup Cost": 0.00,"Total Cost": 7638.67,"Plan Rows": 197,"Plan Width": 30,"Actual Startup Time": 0.257,"Actual Total Time": 34.591,"Actual Rows": 164,"Actual Loops": 3,"Filter": "((p_size >= 1) AND (((p_brand = 'Brand#52'::bpchar) AND (p_container = ANY ('{\"SM CASE\",\"SM BOX\",\"SM PACK\",\"SM PKG\"}'::bpchar[])) AND (p_size <= 5)) OR ((p_brand = 'Brand#32'::bpchar) AND (p_container = ANY ('{\"MED BAG\",\"MED BOX\",\"MED PKG\",\"MED PACK\"}'::bpchar[])) AND (p_size <= 10)) OR ((p_brand = 'Brand#43'::bpchar) AND (p_container = ANY ('{\"LG CASE\",\"LG BOX\",\"LG PACK\",\"LG PKG\"}'::bpchar[])) AND (p_size <= 15))))","Rows Removed by Filter": 66503,"Workers": []},{"Node Type": "Index Scan","Parent Relationship": "Inner","Parallel Aware": false,"Async Capable": false,"Scan Direction": "Forward","Index Name": "idx_lineitem_part_supp","Relation Name": "lineitem","Alias": "lineitem","Startup Cost": 0.43,"Total Cost": 123.31,"Plan Rows": 1,"Plan Width": 21,"Actual Startup Time": 0.249,"Actual Total Time": 0.279,"Actual Rows": 0,"Actual Loops": 491,"Index Cond": "(l_partkey = part.p_partkey)","Rows Removed by Index Recheck": 0,"Filter": "((l_shipmode = ANY ('{AIR,\"AIR REG\"}'::bpchar[])) AND (l_shipinstruct = 'DELIVER IN PERSON'::bpchar) AND (((l_quantity >= '6'::numeric) AND (l_quantity <= '16'::numeric)) OR ((l_quantity >= '12'::numeric) AND (l_quantity <= '22'::numeric)) OR ((l_quantity >= '27'::numeric) AND (l_quantity <= '37'::numeric))) AND (((part.p_brand = 'Brand#52'::bpchar) AND (part.p_container = ANY ('{\"SM CASE\",\"SM BOX\",\"SM PACK\",\"SM PKG\"}'::bpchar[])) AND (l_quantity >= '6'::numeric) AND (l_quantity <= '16'::numeric) AND (part.p_size <= 5)) OR ((part.p_brand = 'Brand#32'::bpchar) AND (part.p_container = ANY ('{\"MED BAG\",\"MED BOX\",\"MED PKG\",\"MED PACK\"}'::bpchar[])) AND (l_quantity >= '12'::numeric) AND (l_quantity <= '22'::numeric) AND (part.p_size <= 10)) OR ((part.p_brand = 'Brand#43'::bpchar) AND (part.p_container = ANY ('{\"LG CASE\",\"LG BOX\",\"LG PACK\",\"LG PKG\"}'::bpchar[])) AND (l_quantity >= '27'::numeric) AND (l_quantity <= '37'::numeric) AND (part.p_size <= 15))))","Rows Removed by Filter": 30,"Workers": []}]}]}]}]},"Planning Time": 6.961,"Triggers": [],"Execution Time": 103.187}]
[{"Plan": {"Node Type": "Aggregate","Strategy": "Plain","Partial Mode": "Finalize","Parallel Aware": false,"Async Capable": false,"Startup Cost": 33391.68,"Total Cost": 33391.69,"Plan Rows": 1,"Plan Width": 32,"Actual Startup Time": 84.398,"Actual Total Time": 99.777,"Actual Rows": 1,"Actual Loops": 1,"Plans": [{"Node Type": "Gather","Parent Relationship": "Outer","Parallel Aware": false,"Async Capable": false,"Startup Cost": 33391.46,"Total Cost": 33391.67,"Plan Rows": 2,"Plan Width": 32,"Actual Startup Time": 84.231,"Actual Total Time": 99.761,"Actual Rows": 3,"Actual Loops": 1,"Workers Planned": 2,"Workers Launched": 2,"Single Copy": false,"Plans": [{"Node Type": "Aggregate","Strategy": "Plain","Partial Mode": "Partial","Parent Relationship": "Outer","Parallel Aware": false,"Async Capable": false,"Startup Cost": 32391.46,"Total Cost": 32391.47,"Plan Rows": 1,"Plan Width": 32,"Actual Startup Time": 77.688,"Actual Total Time": 77.690,"Actual Rows": 1,"Actual Loops": 3,"Workers": [],"Plans": [{"Node Type": "Nested Loop","Parent Relationship": "Outer","Parallel Aware": false,"Async Capable": false,"Join Type": "Inner","Startup Cost": 0.43,"Total Cost": 32391.10,"Plan Rows": 47,"Plan Width": 12,"Actual Startup Time": 2.774,"Actual Total Time": 77.645,"Actual Rows": 33,"Actual Loops": 3,"Inner Unique": false,"Workers": [],"Plans": [{"Node Type": "Seq Scan","Parent Relationship": "Outer","Parallel Aware": true,"Async Capable": false,"Relation Name": "part","Alias": "part","Startup Cost": 0.00,"Total Cost": 7638.67,"Plan Rows": 201,"Plan Width": 30,"Actual Startup Time": 0.692,"Actual Total Time": 31.954,"Actual Rows": 176,"Actual Loops": 3,"Filter": "((p_size >= 1) AND (((p_brand = 'Brand#24'::bpchar) AND (p_container = ANY ('{\"SM CASE\",\"SM BOX\",\"SM PACK\",\"SM PKG\"}'::bpchar[])) AND (p_size <= 5)) OR ((p_brand = 'Brand#44'::bpchar) AND (p_container = ANY ('{\"MED BAG\",\"MED BOX\",\"MED PKG\",\"MED PACK\"}'::bpchar[])) AND (p_size <= 10)) OR ((p_brand = 'Brand#44'::bpchar) AND (p_container = ANY ('{\"LG CASE\",\"LG BOX\",\"LG PACK\",\"LG PKG\"}'::bpchar[])) AND (p_size <= 15))))","Rows Removed by Filter": 66491,"Workers": []},{"Node Type": "Index Scan","Parent Relationship": "Inner","Parallel Aware": false,"Async Capable": false,"Scan Direction": "Forward","Index Name": "idx_lineitem_part_supp","Relation Name": "lineitem","Alias": "lineitem","Startup Cost": 0.43,"Total Cost": 123.14,"Plan Rows": 1,"Plan Width": 21,"Actual Startup Time": 0.234,"Actual Total Time": 0.260,"Actual Rows": 0,"Actual Loops": 527,"Index Cond": "(l_partkey = part.p_partkey)","Rows Removed by Index Recheck": 0,"Filter": "((l_shipmode = ANY ('{AIR,\"AIR REG\"}'::bpchar[])) AND (l_shipinstruct = 'DELIVER IN PERSON'::bpchar) AND (((l_quantity >= '9'::numeric) AND (l_quantity <= '19'::numeric)) OR ((l_quantity >= '19'::numeric) AND (l_quantity <= '29'::numeric)) OR ((l_quantity >= '23'::numeric) AND (l_quantity <= '33'::numeric))) AND (((part.p_brand = 'Brand#24'::bpchar) AND (part.p_container = ANY ('{\"SM CASE\",\"SM BOX\",\"SM PACK\",\"SM PKG\"}'::bpchar[])) AND (l_quantity >= '9'::numeric) AND (l_quantity <= '19'::numeric) AND (part.p_size <= 5)) OR ((part.p_brand = 'Brand#44'::bpchar) AND (part.p_container = ANY ('{\"MED BAG\",\"MED BOX\",\"MED PKG\",\"MED PACK\"}'::bpchar[])) AND (l_quantity >= '19'::numeric) AND (l_quantity <= '29'::numeric) AND (part.p_size <= 10)) OR ((part.p_brand = 'Brand#44'::bpchar) AND (part.p_container = ANY ('{\"LG CASE\",\"LG BOX\",\"LG PACK\",\"LG PKG\"}'::bpchar[])) AND (l_quantity >= '23'::numeric) AND (l_quantity <= '33'::numeric) AND (part.p_size <= 15))))","Rows Removed by Filter": 30,"Workers": []}]}]}]}]},"Planning Time": 5.697,"Triggers": [],"Execution Time": 99.947}]
[{"Plan": {"Node Type": "Aggregate","Strategy": "Plain","Partial Mode": "Finalize","Parallel Aware": false,"Async Capable": false,"Startup Cost": 33161.55,"Total Cost": 33161.56,"Plan Rows": 1,"Plan Width": 32,"Actual Startup Time": 83.234,"Actual Total Time": 98.001,"Actual Rows": 1,"Actual Loops": 1,"Plans": [{"Node Type": "Gather","Parent Relationship": "Outer","Parallel Aware": false,"Async Capable": false,"Startup Cost": 33161.33,"Total Cost": 33161.54,"Plan Rows": 2,"Plan Width": 32,"Actual Startup Time": 82.820,"Actual Total Time": 97.978,"Actual Rows": 3,"Actual Loops": 1,"Workers Planned": 2,"Workers Launched": 2,"Single Copy": false,"Plans": [{"Node Type": "Aggregate","Strategy": "Plain","Partial Mode": "Partial","Parent Relationship": "Outer","Parallel Aware": false,"Async Capable": false,"Startup Cost": 32161.33,"Total Cost": 32161.34,"Plan Rows": 1,"Plan Width": 32,"Actual Startup Time": 76.167,"Actual Total Time": 76.169,"Actual Rows": 1,"Actual Loops": 3,"Workers": [],"Plans": [{"Node Type": "Nested Loop","Parent Relationship": "Outer","Parallel Aware": false,"Async Capable": false,"Join Type": "Inner","Startup Cost": 0.43,"Total Cost": 32160.98,"Plan Rows": 46,"Plan Width": 12,"Actual Startup Time": 5.782,"Actual Total Time": 76.133,"Actual Rows": 34,"Actual Loops": 3,"Inner Unique": false,"Workers": [],"Plans": [{"Node Type": "Seq Scan","Parent Relationship": "Outer","Parallel Aware": true,"Async Capable": false,"Relation Name": "part","Alias": "part","Startup Cost": 0.00,"Total Cost": 7638.67,"Plan Rows": 199,"Plan Width": 30,"Actual Startup Time": 0.798,"Actual Total Time": 34.282,"Actual Rows": 157,"Actual Loops": 3,"Filter": "((p_size >= 1) AND (((p_brand = 'Brand#22'::bpchar) AND (p_container = ANY ('{\"SM CASE\",\"SM BOX\",\"SM PACK\",\"SM PKG\"}'::bpchar[])) AND (p_size <= 5)) OR ((p_brand = 'Brand#53'::bpchar) AND (p_container = ANY ('{\"MED BAG\",\"MED BOX\",\"MED PKG\",\"MED PACK\"}'::bpchar[])) AND (p_size <= 10)) OR ((p_brand = 'Brand#23'::bpchar) AND (p_container = ANY ('{\"LG CASE\",\"LG BOX\",\"LG PACK\",\"LG PKG\"}'::bpchar[])) AND (p_size <= 15))))","Rows Removed by Filter": 66510,"Workers": []},{"Node Type": "Index Scan","Parent Relationship": "Inner","Parallel Aware": false,"Async Capable": false,"Scan Direction": "Forward","Index Name": "idx_lineitem_part_supp","Relation Name": "lineitem","Alias": "lineitem","Startup Cost": 0.43,"Total Cost": 123.22,"Plan Rows": 1,"Plan Width": 21,"Actual Startup Time": 0.242,"Actual Total Time": 0.266,"Actual Rows": 0,"Actual Loops": 471,"Index Cond": "(l_partkey = part.p_partkey)","Rows Removed by Index Recheck": 0,"Filter": "((l_shipmode = ANY ('{AIR,\"AIR REG\"}'::bpchar[])) AND (l_shipinstruct = 'DELIVER IN PERSON'::bpchar) AND (((l_quantity >= '10'::numeric) AND (l_quantity <= '20'::numeric)) OR ((l_quantity >= '16'::numeric) AND (l_quantity <= '26'::numeric)) OR ((l_quantity >= '23'::numeric) AND (l_quantity <= '33'::numeric))) AND (((part.p_brand = 'Brand#22'::bpchar) AND (part.p_container = ANY ('{\"SM CASE\",\"SM BOX\",\"SM PACK\",\"SM PKG\"}'::bpchar[])) AND (l_quantity >= '10'::numeric) AND (l_quantity <= '20'::numeric) AND (part.p_size <= 5)) OR ((part.p_brand = 'Brand#53'::bpchar) AND (part.p_container = ANY ('{\"MED BAG\",\"MED BOX\",\"MED PKG\",\"MED PACK\"}'::bpchar[])) AND (l_quantity >= '16'::numeric) AND (l_quantity <= '26'::numeric) AND (part.p_size <= 10)) OR ((part.p_brand = 'Brand#23'::bpchar) AND (part.p_container = ANY ('{\"LG CASE\",\"LG BOX\",\"LG PACK\",\"LG PKG\"}'::bpchar[])) AND (l_quantity >= '23'::numeric) AND (l_quantity <= '33'::numeric) AND (part.p_size <= 15))))","Rows Removed by Filter": 29,"Workers": []}]}]}]}]},"Planning Time": 6.345,"Triggers": [],"Execution Time": 98.171}]
[{"Plan": {"Node Type": "Aggregate","Strategy": "Plain","Partial Mode": "Finalize","Parallel Aware": false,"Async Capable": false,"Startup Cost": 34203.97,"Total Cost": 34203.98,"Plan Rows": 1,"Plan Width": 32,"Actual Startup Time": 87.748,"Actual Total Time": 103.184,"Actual Rows": 1,"Actual Loops": 1,"Plans": [{"Node Type": "Gather","Parent Relationship": "Outer","Parallel Aware": false,"Async Capable": false,"Startup Cost": 34203.75,"Total Cost": 34203.96,"Plan Rows": 2,"Plan Width": 32,"Actual Startup Time": 87.268,"Actual Total Time": 103.149,"Actual Rows": 3,"Actual Loops": 1,"Workers Planned": 2,"Workers Launched": 2,"Single Copy": false,"Plans": [{"Node Type": "Aggregate","Strategy": "Plain","Partial Mode": "Partial","Parent Relationship": "Outer","Parallel Aware": false,"Async Capable": false,"Startup Cost": 33203.75,"Total Cost": 33203.76,"Plan Rows": 1,"Plan Width": 32,"Actual Startup Time": 81.083,"Actual Total Time": 81.086,"Actual Rows": 1,"Actual Loops": 3,"Workers": [],"Plans": [{"Node Type": "Nested Loop","Parent Relationship": "Outer","Parallel Aware": false,"Async Capable": false,"Join Type": "Inner","Startup Cost": 0.43,"Total Cost": 33203.39,"Plan Rows": 48,"Plan Width": 12,"Actual Startup Time": 2.223,"Actual Total Time": 81.023,"Actual Rows": 42,"Actual Loops": 3,"Inner Unique": false,"Workers": [],"Plans": [{"Node Type": "Seq Scan","Parent Relationship": "Outer","Parallel Aware": true,"Async Capable": false,"Relation Name": "part","Alias": "part","Startup Cost": 0.00,"Total Cost": 7638.67,"Plan Rows": 208,"Plan Width": 30,"Actual Startup Time": 0.354,"Actual Total Time": 34.653,"Actual Rows": 171,"Actual Loops": 3,"Filter": "((p_size >= 1) AND (((p_brand = 'Brand#25'::bpchar) AND (p_container = ANY ('{\"SM CASE\",\"SM BOX\",\"SM PACK\",\"SM PKG\"}'::bpchar[])) AND (p_size <= 5)) OR ((p_brand = 'Brand#11'::bpchar) AND (p_container = ANY ('{\"MED BAG\",\"MED BOX\",\"MED PKG\",\"MED PACK\"}'::bpchar[])) AND (p_size <= 10)) OR ((p_brand = 'Brand#33'::bpchar) AND (p_container = ANY ('{\"LG CASE\",\"LG BOX\",\"LG PACK\",\"LG PKG\"}'::bpchar[])) AND (p_size <= 15))))","Rows Removed by Filter": 66495,"Workers": []},{"Node Type": "Index Scan","Parent Relationship": "Inner","Parallel Aware": false,"Async Capable": false,"Scan Direction": "Forward","Index Name": "idx_lineitem_part_supp","Relation Name": "lineitem","Alias": "lineitem","Startup Cost": 0.43,"Total Cost": 122.90,"Plan Rows": 1,"Plan Width": 21,"Actual Startup Time": 0.238,"Actual Total Time": 0.270,"Actual Rows": 0,"Actual Loops": 514,"Index Cond": "(l_partkey = part.p_partkey)","Rows Removed by Index Recheck": 0,"Filter": "((l_shipmode = ANY ('{AIR,\"AIR REG\"}'::bpchar[])) AND (l_shipinstruct = 'DELIVER IN PERSON'::bpchar) AND (((l_quantity >= '4'::numeric) AND (l_quantity <= '14'::numeric)) OR ((l_quantity >= '12'::numeric) AND (l_quantity <= '22'::numeric)) OR ((l_quantity >= '21'::numeric) AND (l_quantity <= '31'::numeric))) AND (((part.p_brand = 'Brand#25'::bpchar) AND (part.p_container = ANY ('{\"SM CASE\",\"SM BOX\",\"SM PACK\",\"SM PKG\"}'::bpchar[])) AND (l_quantity >= '4'::numeric) AND (l_quantity <= '14'::numeric) AND (part.p_size <= 5)) OR ((part.p_brand = 'Brand#11'::bpchar) AND (part.p_container = ANY ('{\"MED BAG\",\"MED BOX\",\"MED PKG\",\"MED PACK\"}'::bpchar[])) AND (l_quantity >= '12'::numeric) AND (l_quantity <= '22'::numeric) AND (part.p_size <= 10)) OR ((part.p_brand = 'Brand#33'::bpchar) AND (part.p_container = ANY ('{\"LG CASE\",\"LG BOX\",\"LG PACK\",\"LG PKG\"}'::bpchar[])) AND (l_quantity >= '21'::numeric) AND (l_quantity <= '31'::numeric) AND (part.p_size <= 15))))","Rows Removed by Filter": 30,"Workers": []}]}]}]}]},"Planning Time": 6.148,"Triggers": [],"Execution Time": 103.349}]
[{"Plan": {"Node Type": "Aggregate","Strategy": "Plain","Partial Mode": "Finalize","Parallel Aware": false,"Async Capable": false,"Startup Cost": 34287.65,"Total Cost": 34287.66,"Plan Rows": 1,"Plan Width": 32,"Actual Startup Time": 86.832,"Actual Total Time": 101.180,"Actual Rows": 1,"Actual Loops": 1,"Plans": [{"Node Type": "Gather","Parent Relationship": "Outer","Parallel Aware": false,"Async Capable": false,"Startup Cost": 34287.43,"Total Cost": 34287.64,"Plan Rows": 2,"Plan Width": 32,"Actual Startup Time": 86.731,"Actual Total Time": 101.162,"Actual Rows": 3,"Actual Loops": 1,"Workers Planned": 2,"Workers Launched": 2,"Single Copy": false,"Plans": [{"Node Type": "Aggregate","Strategy": "Plain","Partial Mode": "Partial","Parent Relationship": "Outer","Parallel Aware": false,"Async Capable": false,"Startup Cost": 33287.43,"Total Cost": 33287.44,"Plan Rows": 1,"Plan Width": 32,"Actual Startup Time": 79.712,"Actual Total Time": 79.713,"Actual Rows": 1,"Actual Loops": 3,"Workers": [],"Plans": [{"Node Type": "Nested Loop","Parent Relationship": "Outer","Parallel Aware": false,"Async Capable": false,"Join Type": "Inner","Startup Cost": 4.54,"Total Cost": 33287.06,"Plan Rows": 49,"Plan Width": 12,"Actual Startup Time": 5.585,"Actual Total Time": 79.658,"Actual Rows": 37,"Actual Loops": 3,"Inner Unique": false,"Workers": [],"Plans": [{"Node Type": "Seq Scan","Parent Relationship": "Outer","Parallel Aware": true,"Async Capable": false,"Relation Name": "part","Alias": "part","Startup Cost": 0.00,"Total Cost": 7638.67,"Plan Rows": 211,"Plan Width": 30,"Actual Startup Time": 0.986,"Actual Total Time": 35.109,"Actual Rows": 151,"Actual Loops": 3,"Filter": "((p_size >= 1) AND (((p_brand = 'Brand#45'::bpchar) AND (p_container = ANY ('{\"SM CASE\",\"SM BOX\",\"SM PACK\",\"SM PKG\"}'::bpchar[])) AND (p_size <= 5)) OR ((p_brand = 'Brand#33'::bpchar) AND (p_container = ANY ('{\"MED BAG\",\"MED BOX\",\"MED PKG\",\"MED PACK\"}'::bpchar[])) AND (p_size <= 10)) OR ((p_brand = 'Brand#21'::bpchar) AND (p_container = ANY ('{\"LG CASE\",\"LG BOX\",\"LG PACK\",\"LG PKG\"}'::bpchar[])) AND (p_size <= 15))))","Rows Removed by Filter": 66516,"Workers": []},{"Node Type": "Bitmap Heap Scan","Parent Relationship": "Inner","Parallel Aware": false,"Async Capable": false,"Relation Name": "lineitem","Alias": "lineitem","Startup Cost": 4.54,"Total Cost": 121.55,"Plan Rows": 1,"Plan Width": 21,"Actual Startup Time": 0.264,"Actual Total Time": 0.294,"Actual Rows": 0,"Actual Loops": 452,"Recheck Cond": "(l_partkey = part.p_partkey)","Rows Removed by Index Recheck": 0,"Filter": "((l_shipmode = ANY ('{AIR,\"AIR REG\"}'::bpchar[])) AND (l_shipinstruct = 'DELIVER IN PERSON'::bpchar) AND (((l_quantity >= '1'::numeric) AND (l_quantity <= '11'::numeric)) OR ((l_quantity >= '20'::numeric) AND (l_quantity <= '30'::numeric)) OR ((l_quantity >= '21'::numeric) AND (l_quantity <= '31'::numeric))) AND (((part.p_brand = 'Brand#45'::bpchar) AND (part.p_container = ANY ('{\"SM CASE\",\"SM BOX\",\"SM PACK\",\"SM PKG\"}'::bpchar[])) AND (l_quantity >= '1'::numeric) AND (l_quantity <= '11'::numeric) AND (part.p_size <= 5)) OR ((part.p_brand = 'Brand#33'::bpchar) AND (part.p_container = ANY ('{\"MED BAG\",\"MED BOX\",\"MED PKG\",\"MED PACK\"}'::bpchar[])) AND (l_quantity >= '20'::numeric) AND (l_quantity <= '30'::numeric) AND (part.p_size <= 10)) OR ((part.p_brand = 'Brand#21'::bpchar) AND (part.p_container = ANY ('{\"LG CASE\",\"LG BOX\",\"LG PACK\",\"LG PKG\"}'::bpchar[])) AND (l_quantity >= '21'::numeric) AND (l_quantity <= '31'::numeric) AND (part.p_size <= 15))))","Rows Removed by Filter": 30,"Exact Heap Blocks": 4728,"Lossy Heap Blocks": 0,"Workers": [],"Plans": [{"Node Type": "Bitmap Index Scan","Parent Relationship": "Outer","Parallel Aware": false,"Async Capable": false,"Index Name": "idx_lineitem_part_supp","Startup Cost": 0.00,"Total Cost": 4.54,"Plan Rows": 31,"Plan Width": 0,"Actual Startup Time": 0.011,"Actual Total Time": 0.011,"Actual Rows": 30,"Actual Loops": 452,"Index Cond": "(l_partkey = part.p_partkey)","Workers": []}]}]}]}]}]},"Planning Time": 5.753,"Triggers": [],"Execution Time": 101.404}]
[{"Plan": {"Node Type": "Aggregate","Strategy": "Plain","Partial Mode": "Finalize","Parallel Aware": false,"Async Capable": false,"Startup Cost": 34082.78,"Total Cost": 34082.79,"Plan Rows": 1,"Plan Width": 32,"Actual Startup Time": 84.290,"Actual Total Time": 98.765,"Actual Rows": 1,"Actual Loops": 1,"Plans": [{"Node Type": "Gather","Parent Relationship": "Outer","Parallel Aware": false,"Async Capable": false,"Startup Cost": 34082.56,"Total Cost": 34082.77,"Plan Rows": 2,"Plan Width": 32,"Actual Startup Time": 84.164,"Actual Total Time": 98.741,"Actual Rows": 3,"Actual Loops": 1,"Workers Planned": 2,"Workers Launched": 2,"Single Copy": false,"Plans": [{"Node Type": "Aggregate","Strategy": "Plain","Partial Mode": "Partial","Parent Relationship": "Outer","Parallel Aware": false,"Async Capable": false,"Startup Cost": 33082.56,"Total Cost": 33082.57,"Plan Rows": 1,"Plan Width": 32,"Actual Startup Time": 77.936,"Actual Total Time": 77.939,"Actual Rows": 1,"Actual Loops": 3,"Workers": [],"Plans": [{"Node Type": "Nested Loop","Parent Relationship": "Outer","Parallel Aware": false,"Async Capable": false,"Join Type": "Inner","Startup Cost": 0.43,"Total Cost": 33082.20,"Plan Rows": 48,"Plan Width": 12,"Actual Startup Time": 3.903,"Actual Total Time": 77.886,"Actual Rows": 42,"Actual Loops": 3,"Inner Unique": false,"Workers": [],"Plans": [{"Node Type": "Seq Scan","Parent Relationship": "Outer","Parallel Aware": true,"Async Capable": false,"Relation Name": "part","Alias": "part","Startup Cost": 0.00,"Total Cost": 7638.67,"Plan Rows": 207,"Plan Width": 30,"Actual Startup Time": 0.492,"Actual Total Time": 34.532,"Actual Rows": 156,"Actual Loops": 3,"Filter": "((p_size >= 1) AND (((p_brand = 'Brand#43'::bpchar) AND (p_container = ANY ('{\"SM CASE\",\"SM BOX\",\"SM PACK\",\"SM PKG\"}'::bpchar[])) AND (p_size <= 5)) OR ((p_brand = 'Brand#42'::bpchar) AND (p_container = ANY ('{\"MED BAG\",\"MED BOX\",\"MED PKG\",\"MED PACK\"}'::bpchar[])) AND (p_size <= 10)) OR ((p_brand = 'Brand#15'::bpchar) AND (p_container = ANY ('{\"LG CASE\",\"LG BOX\",\"LG PACK\",\"LG PKG\"}'::bpchar[])) AND (p_size <= 15))))","Rows Removed by Filter": 66510,"Workers": []},{"Node Type": "Index Scan","Parent Relationship": "Inner","Parallel Aware": false,"Async Capable": false,"Scan Direction": "Forward","Index Name": "idx_lineitem_part_supp","Relation Name": "lineitem","Alias": "lineitem","Startup Cost": 0.43,"Total Cost": 122.91,"Plan Rows": 1,"Plan Width": 21,"Actual Startup Time": 0.242,"Actual Total Time": 0.277,"Actual Rows": 0,"Actual Loops": 469,"Index Cond": "(l_partkey = part.p_partkey)","Rows Removed by Index Recheck": 0,"Filter": "((l_shipmode = ANY ('{AIR,\"AIR REG\"}'::bpchar[])) AND (l_shipinstruct = 'DELIVER IN PERSON'::bpchar) AND (((l_quantity >= '8'::numeric) AND (l_quantity <= '18'::numeric)) OR ((l_quantity >= '20'::numeric) AND (l_quantity <= '30'::numeric)) OR ((l_quantity >= '22'::numeric) AND (l_quantity <= '32'::numeric))) AND (((part.p_brand = 'Brand#43'::bpchar) AND (part.p_container = ANY ('{\"SM CASE\",\"SM BOX\",\"SM PACK\",\"SM PKG\"}'::bpchar[])) AND (l_quantity >= '8'::numeric) AND (l_quantity <= '18'::numeric) AND (part.p_size <= 5)) OR ((part.p_brand = 'Brand#42'::bpchar) AND (part.p_container = ANY ('{\"MED BAG\",\"MED BOX\",\"MED PKG\",\"MED PACK\"}'::bpchar[])) AND (l_quantity >= '20'::numeric) AND (l_quantity <= '30'::numeric) AND (part.p_size <= 10)) OR ((part.p_brand = 'Brand#15'::bpchar) AND (part.p_container = ANY ('{\"LG CASE\",\"LG BOX\",\"LG PACK\",\"LG PKG\"}'::bpchar[])) AND (l_quantity >= '22'::numeric) AND (l_quantity <= '32'::numeric) AND (part.p_size <= 15))))","Rows Removed by Filter": 30,"Workers": []}]}]}]}]},"Planning Time": 5.462,"Triggers": [],"Execution Time": 98.945}]
[{"Plan": {"Node Type": "Aggregate","Strategy": "Plain","Partial Mode": "Finalize","Parallel Aware": false,"Async Capable": false,"Startup Cost": 34089.76,"Total Cost": 34089.77,"Plan Rows": 1,"Plan Width": 32,"Actual Startup Time": 83.650,"Actual Total Time": 98.729,"Actual Rows": 1,"Actual Loops": 1,"Plans": [{"Node Type": "Gather","Parent Relationship": "Outer","Parallel Aware": false,"Async Capable": false,"Startup Cost": 34089.53,"Total Cost": 34089.74,"Plan Rows": 2,"Plan Width": 32,"Actual Startup Time": 83.513,"Actual Total Time": 98.704,"Actual Rows": 3,"Actual Loops": 1,"Workers Planned": 2,"Workers Launched": 2,"Single Copy": false,"Plans": [{"Node Type": "Aggregate","Strategy": "Plain","Partial Mode": "Partial","Parent Relationship": "Outer","Parallel Aware": false,"Async Capable": false,"Startup Cost": 33089.53,"Total Cost": 33089.54,"Plan Rows": 1,"Plan Width": 32,"Actual Startup Time": 76.929,"Actual Total Time": 76.930,"Actual Rows": 1,"Actual Loops": 3,"Workers": [],"Plans": [{"Node Type": "Nested Loop","Parent Relationship": "Outer","Parallel Aware": false,"Async Capable": false,"Join Type": "Inner","Startup Cost": 0.43,"Total Cost": 33089.17,"Plan Rows": 48,"Plan Width": 12,"Actual Startup Time": 3.535,"Actual Total Time": 76.888,"Actual Rows": 42,"Actual Loops": 3,"Inner Unique": false,"Workers": [],"Plans": [{"Node Type": "Seq Scan","Parent Relationship": "Outer","Parallel Aware": true,"Async Capable": false,"Relation Name": "part","Alias": "part","Startup Cost": 0.00,"Total Cost": 7638.67,"Plan Rows": 207,"Plan Width": 30,"Actual Startup Time": 0.720,"Actual Total Time": 33.171,"Actual Rows": 164,"Actual Loops": 3,"Filter": "((p_size >= 1) AND (((p_brand = 'Brand#15'::bpchar) AND (p_container = ANY ('{\"SM CASE\",\"SM BOX\",\"SM PACK\",\"SM PKG\"}'::bpchar[])) AND (p_size <= 5)) OR ((p_brand = 'Brand#15'::bpchar) AND (p_container = ANY ('{\"MED BAG\",\"MED BOX\",\"MED PKG\",\"MED PACK\"}'::bpchar[])) AND (p_size <= 10)) OR ((p_brand = 'Brand#24'::bpchar) AND (p_container = ANY ('{\"LG CASE\",\"LG BOX\",\"LG PACK\",\"LG PKG\"}'::bpchar[])) AND (p_size <= 15))))","Rows Removed by Filter": 66503,"Workers": []},{"Node Type": "Index Scan","Parent Relationship": "Inner","Parallel Aware": false,"Async Capable": false,"Scan Direction": "Forward","Index Name": "idx_lineitem_part_supp","Relation Name": "lineitem","Alias": "lineitem","Startup Cost": 0.43,"Total Cost": 122.94,"Plan Rows": 1,"Plan Width": 21,"Actual Startup Time": 0.235,"Actual Total Time": 0.266,"Actual Rows": 0,"Actual Loops": 492,"Index Cond": "(l_partkey = part.p_partkey)","Rows Removed by Index Recheck": 0,"Filter": "((l_shipmode = ANY ('{AIR,\"AIR REG\"}'::bpchar[])) AND (l_shipinstruct = 'DELIVER IN PERSON'::bpchar) AND (((l_quantity >= '3'::numeric) AND (l_quantity <= '13'::numeric)) OR ((l_quantity >= '19'::numeric) AND (l_quantity <= '29'::numeric)) OR ((l_quantity >= '24'::numeric) AND (l_quantity <= '34'::numeric))) AND (((part.p_brand = 'Brand#15'::bpchar) AND (part.p_container = ANY ('{\"SM CASE\",\"SM BOX\",\"SM PACK\",\"SM PKG\"}'::bpchar[])) AND (l_quantity >= '3'::numeric) AND (l_quantity <= '13'::numeric) AND (part.p_size <= 5)) OR ((part.p_brand = 'Brand#15'::bpchar) AND (part.p_container = ANY ('{\"MED BAG\",\"MED BOX\",\"MED PKG\",\"MED PACK\"}'::bpchar[])) AND (l_quantity >= '19'::numeric) AND (l_quantity <= '29'::numeric) AND (part.p_size <= 10)) OR ((part.p_brand = 'Brand#24'::bpchar) AND (part.p_container = ANY ('{\"LG CASE\",\"LG BOX\",\"LG PACK\",\"LG PKG\"}'::bpchar[])) AND (l_quantity >= '24'::numeric) AND (l_quantity <= '34'::numeric) AND (part.p_size <= 15))))","Rows Removed by Filter": 29,"Workers": []}]}]}]}]},"Planning Time": 7.150,"Triggers": [],"Execution Time": 98.907}]
[{"Plan": {"Node Type": "Aggregate","Strategy": "Plain","Partial Mode": "Finalize","Parallel Aware": false,"Async Capable": false,"Startup Cost": 33740.51,"Total Cost": 33740.52,"Plan Rows": 1,"Plan Width": 32,"Actual Startup Time": 79.808,"Actual Total Time": 94.024,"Actual Rows": 1,"Actual Loops": 1,"Plans": [{"Node Type": "Gather","Parent Relationship": "Outer","Parallel Aware": false,"Async Capable": false,"Startup Cost": 33740.29,"Total Cost": 33740.50,"Plan Rows": 2,"Plan Width": 32,"Actual Startup Time": 79.379,"Actual Total Time": 93.994,"Actual Rows": 3,"Actual Loops": 1,"Workers Planned": 2,"Workers Launched": 2,"Single Copy": false,"Plans": [{"Node Type": "Aggregate","Strategy": "Plain","Partial Mode": "Partial","Parent Relationship": "Outer","Parallel Aware": false,"Async Capable": false,"Startup Cost": 32740.29,"Total Cost": 32740.30,"Plan Rows": 1,"Plan Width": 32,"Actual Startup Time": 73.269,"Actual Total Time": 73.270,"Actual Rows": 1,"Actual Loops": 3,"Workers": [],"Plans": [{"Node Type": "Nested Loop","Parent Relationship": "Outer","Parallel Aware": false,"Async Capable": false,"Join Type": "Inner","Startup Cost": 0.43,"Total Cost": 32739.93,"Plan Rows": 48,"Plan Width": 12,"Actual Startup Time": 10.181,"Actual Total Time": 73.219,"Actual Rows": 35,"Actual Loops": 3,"Inner Unique": false,"Workers": [],"Plans": [{"Node Type": "Seq Scan","Parent Relationship": "Outer","Parallel Aware": true,"Async Capable": false,"Relation Name": "part","Alias": "part","Startup Cost": 0.00,"Total Cost": 7638.67,"Plan Rows": 204,"Plan Width": 30,"Actual Startup Time": 0.488,"Actual Total Time": 30.750,"Actual Rows": 166,"Actual Loops": 3,"Filter": "((p_size >= 1) AND (((p_brand = 'Brand#41'::bpchar) AND (p_container = ANY ('{\"SM CASE\",\"SM BOX\",\"SM PACK\",\"SM PKG\"}'::bpchar[])) AND (p_size <= 5)) OR ((p_brand = 'Brand#31'::bpchar) AND (p_container = ANY ('{\"MED BAG\",\"MED BOX\",\"MED PKG\",\"MED PACK\"}'::bpchar[])) AND (p_size <= 10)) OR ((p_brand = 'Brand#53'::bpchar) AND (p_container = ANY ('{\"LG CASE\",\"LG BOX\",\"LG PACK\",\"LG PKG\"}'::bpchar[])) AND (p_size <= 15))))","Rows Removed by Filter": 66501,"Workers": []},{"Node Type": "Index Scan","Parent Relationship": "Inner","Parallel Aware": false,"Async Capable": false,"Scan Direction": "Forward","Index Name": "idx_lineitem_part_supp","Relation Name": "lineitem","Alias": "lineitem","Startup Cost": 0.43,"Total Cost": 123.04,"Plan Rows": 1,"Plan Width": 21,"Actual Startup Time": 0.231,"Actual Total Time": 0.256,"Actual Rows": 0,"Actual Loops": 497,"Index Cond": "(l_partkey = part.p_partkey)","Rows Removed by Index Recheck": 0,"Filter": "((l_shipmode = ANY ('{AIR,\"AIR REG\"}'::bpchar[])) AND (l_shipinstruct = 'DELIVER IN PERSON'::bpchar) AND (((l_quantity >= '3'::numeric) AND (l_quantity <= '13'::numeric)) OR ((l_quantity >= '20'::numeric) AND (l_quantity <= '30'::numeric)) OR ((l_quantity >= '25'::numeric) AND (l_quantity <= '35'::numeric))) AND (((part.p_brand = 'Brand#41'::bpchar) AND (part.p_container = ANY ('{\"SM CASE\",\"SM BOX\",\"SM PACK\",\"SM PKG\"}'::bpchar[])) AND (l_quantity >= '3'::numeric) AND (l_quantity <= '13'::numeric) AND (part.p_size <= 5)) OR ((part.p_brand = 'Brand#31'::bpchar) AND (part.p_container = ANY ('{\"MED BAG\",\"MED BOX\",\"MED PKG\",\"MED PACK\"}'::bpchar[])) AND (l_quantity >= '20'::numeric) AND (l_quantity <= '30'::numeric) AND (part.p_size <= 10)) OR ((part.p_brand = 'Brand#53'::bpchar) AND (part.p_container = ANY ('{\"LG CASE\",\"LG BOX\",\"LG PACK\",\"LG PKG\"}'::bpchar[])) AND (l_quantity >= '25'::numeric) AND (l_quantity <= '35'::numeric) AND (part.p_size <= 15))))","Rows Removed by Filter": 29,"Workers": []}]}]}]}]},"Planning Time": 6.709,"Triggers": [],"Execution Time": 94.201}]
[{"Plan": {"Node Type": "Aggregate","Strategy": "Plain","Partial Mode": "Finalize","Parallel Aware": false,"Async Capable": false,"Startup Cost": 33624.83,"Total Cost": 33624.84,"Plan Rows": 1,"Plan Width": 32,"Actual Startup Time": 80.662,"Actual Total Time": 94.117,"Actual Rows": 1,"Actual Loops": 1,"Plans": [{"Node Type": "Gather","Parent Relationship": "Outer","Parallel Aware": false,"Async Capable": false,"Startup Cost": 33624.61,"Total Cost": 33624.82,"Plan Rows": 2,"Plan Width": 32,"Actual Startup Time": 80.027,"Actual Total Time": 94.088,"Actual Rows": 3,"Actual Loops": 1,"Workers Planned": 2,"Workers Launched": 2,"Single Copy": false,"Plans": [{"Node Type": "Aggregate","Strategy": "Plain","Partial Mode": "Partial","Parent Relationship": "Outer","Parallel Aware": false,"Async Capable": false,"Startup Cost": 32624.61,"Total Cost": 32624.62,"Plan Rows": 1,"Plan Width": 32,"Actual Startup Time": 73.607,"Actual Total Time": 73.609,"Actual Rows": 1,"Actual Loops": 3,"Workers": [],"Plans": [{"Node Type": "Nested Loop","Parent Relationship": "Outer","Parallel Aware": false,"Async Capable": false,"Join Type": "Inner","Startup Cost": 0.43,"Total Cost": 32624.25,"Plan Rows": 47,"Plan Width": 12,"Actual Startup Time": 5.671,"Actual Total Time": 73.571,"Actual Rows": 34,"Actual Loops": 3,"Inner Unique": false,"Workers": [],"Plans": [{"Node Type": "Seq Scan","Parent Relationship": "Outer","Parallel Aware": true,"Async Capable": false,"Relation Name": "part","Alias": "part","Startup Cost": 0.00,"Total Cost": 7638.67,"Plan Rows": 203,"Plan Width": 30,"Actual Startup Time": 0.681,"Actual Total Time": 31.157,"Actual Rows": 162,"Actual Loops": 3,"Filter": "((p_size >= 1) AND (((p_brand = 'Brand#34'::bpchar) AND (p_container = ANY ('{\"SM CASE\",\"SM BOX\",\"SM PACK\",\"SM PKG\"}'::bpchar[])) AND (p_size <= 5)) OR ((p_brand = 'Brand#41'::bpchar) AND (p_container = ANY ('{\"MED BAG\",\"MED BOX\",\"MED PKG\",\"MED PACK\"}'::bpchar[])) AND (p_size <= 10)) OR ((p_brand = 'Brand#44'::bpchar) AND (p_container = ANY ('{\"LG CASE\",\"LG BOX\",\"LG PACK\",\"LG PKG\"}'::bpchar[])) AND (p_size <= 15))))","Rows Removed by Filter": 66504,"Workers": []},{"Node Type": "Index Scan","Parent Relationship": "Inner","Parallel Aware": false,"Async Capable": false,"Scan Direction": "Forward","Index Name": "idx_lineitem_part_supp","Relation Name": "lineitem","Alias": "lineitem","Startup Cost": 0.43,"Total Cost": 123.07,"Plan Rows": 1,"Plan Width": 21,"Actual Startup Time": 0.236,"Actual Total Time": 0.261,"Actual Rows": 0,"Actual Loops": 487,"Index Cond": "(l_partkey = part.p_partkey)","Rows Removed by Index Recheck": 0,"Filter": "((l_shipmode = ANY ('{AIR,\"AIR REG\"}'::bpchar[])) AND (l_shipinstruct = 'DELIVER IN PERSON'::bpchar) AND (((l_quantity >= '6'::numeric) AND (l_quantity <= '16'::numeric)) OR ((l_quantity >= '18'::numeric) AND (l_quantity <= '28'::numeric)) OR ((l_quantity >= '23'::numeric) AND (l_quantity <= '33'::numeric))) AND (((part.p_brand = 'Brand#34'::bpchar) AND (part.p_container = ANY ('{\"SM CASE\",\"SM BOX\",\"SM PACK\",\"SM PKG\"}'::bpchar[])) AND (l_quantity >= '6'::numeric) AND (l_quantity <= '16'::numeric) AND (part.p_size <= 5)) OR ((part.p_brand = 'Brand#41'::bpchar) AND (part.p_container = ANY ('{\"MED BAG\",\"MED BOX\",\"MED PKG\",\"MED PACK\"}'::bpchar[])) AND (l_quantity >= '18'::numeric) AND (l_quantity <= '28'::numeric) AND (part.p_size <= 10)) OR ((part.p_brand = 'Brand#44'::bpchar) AND (part.p_container = ANY ('{\"LG CASE\",\"LG BOX\",\"LG PACK\",\"LG PKG\"}'::bpchar[])) AND (l_quantity >= '23'::numeric) AND (l_quantity <= '33'::numeric) AND (part.p_size <= 15))))","Rows Removed by Filter": 30,"Workers": []}]}]}]}]},"Planning Time": 5.077,"Triggers": [],"Execution Time": 94.277}]
[{"Plan": {"Node Type": "Aggregate","Strategy": "Plain","Partial Mode": "Finalize","Parallel Aware": false,"Async Capable": false,"Startup Cost": 33627.86,"Total Cost": 33627.87,"Plan Rows": 1,"Plan Width": 32,"Actual Startup Time": 80.053,"Actual Total Time": 94.379,"Actual Rows": 1,"Actual Loops": 1,"Plans": [{"Node Type": "Gather","Parent Relationship": "Outer","Parallel Aware": false,"Async Capable": false,"Startup Cost": 33627.64,"Total Cost": 33627.85,"Plan Rows": 2,"Plan Width": 32,"Actual Startup Time": 79.893,"Actual Total Time": 94.356,"Actual Rows": 3,"Actual Loops": 1,"Workers Planned": 2,"Workers Launched": 2,"Single Copy": false,"Plans": [{"Node Type": "Aggregate","Strategy": "Plain","Partial Mode": "Partial","Parent Relationship": "Outer","Parallel Aware": false,"Async Capable": false,"Startup Cost": 32627.64,"Total Cost": 32627.65,"Plan Rows": 1,"Plan Width": 32,"Actual Startup Time": 73.315,"Actual Total Time": 73.317,"Actual Rows": 1,"Actual Loops": 3,"Workers": [],"Plans": [{"Node Type": "Nested Loop","Parent Relationship": "Outer","Parallel Aware": false,"Async Capable": false,"Join Type": "Inner","Startup Cost": 0.43,"Total Cost": 32627.29,"Plan Rows": 47,"Plan Width": 12,"Actual Startup Time": 1.918,"Actual Total Time": 73.270,"Actual Rows": 38,"Actual Loops": 3,"Inner Unique": false,"Workers": [],"Plans": [{"Node Type": "Seq Scan","Parent Relationship": "Outer","Parallel Aware": true,"Async Capable": false,"Relation Name": "part","Alias": "part","Startup Cost": 0.00,"Total Cost": 7638.67,"Plan Rows": 203,"Plan Width": 30,"Actual Startup Time": 0.411,"Actual Total Time": 31.338,"Actual Rows": 160,"Actual Loops": 3,"Filter": "((p_size >= 1) AND (((p_brand = 'Brand#53'::bpchar) AND (p_container = ANY ('{\"SM CASE\",\"SM BOX\",\"SM PACK\",\"SM PKG\"}'::bpchar[])) AND (p_size <= 5)) OR ((p_brand = 'Brand#45'::bpchar) AND (p_container = ANY ('{\"MED BAG\",\"MED BOX\",\"MED PKG\",\"MED PACK\"}'::bpchar[])) AND (p_size <= 10)) OR ((p_brand = 'Brand#43'::bpchar) AND (p_container = ANY ('{\"LG CASE\",\"LG BOX\",\"LG PACK\",\"LG PKG\"}'::bpchar[])) AND (p_size <= 15))))","Rows Removed by Filter": 66507,"Workers": []},{"Node Type": "Index Scan","Parent Relationship": "Inner","Parallel Aware": false,"Async Capable": false,"Scan Direction": "Forward","Index Name": "idx_lineitem_part_supp","Relation Name": "lineitem","Alias": "lineitem","Startup Cost": 0.43,"Total Cost": 123.09,"Plan Rows": 1,"Plan Width": 21,"Actual Startup Time": 0.237,"Actual Total Time": 0.262,"Actual Rows": 0,"Actual Loops": 480,"Index Cond": "(l_partkey = part.p_partkey)","Rows Removed by Index Recheck": 0,"Filter": "((l_shipmode = ANY ('{AIR,\"AIR REG\"}'::bpchar[])) AND (l_shipinstruct = 'DELIVER IN PERSON'::bpchar) AND (((l_quantity >= '5'::numeric) AND (l_quantity <= '15'::numeric)) OR ((l_quantity >= '15'::numeric) AND (l_quantity <= '25'::numeric)) OR ((l_quantity >= '22'::numeric) AND (l_quantity <= '32'::numeric))) AND (((part.p_brand = 'Brand#53'::bpchar) AND (part.p_container = ANY ('{\"SM CASE\",\"SM BOX\",\"SM PACK\",\"SM PKG\"}'::bpchar[])) AND (l_quantity >= '5'::numeric) AND (l_quantity <= '15'::numeric) AND (part.p_size <= 5)) OR ((part.p_brand = 'Brand#45'::bpchar) AND (part.p_container = ANY ('{\"MED BAG\",\"MED BOX\",\"MED PKG\",\"MED PACK\"}'::bpchar[])) AND (l_quantity >= '15'::numeric) AND (l_quantity <= '25'::numeric) AND (part.p_size <= 10)) OR ((part.p_brand = 'Brand#43'::bpchar) AND (part.p_container = ANY ('{\"LG CASE\",\"LG BOX\",\"LG PACK\",\"LG PKG\"}'::bpchar[])) AND (l_quantity >= '22'::numeric) AND (l_quantity <= '32'::numeric) AND (part.p_size <= 15))))","Rows Removed by Filter": 30,"Workers": []}]}]}]}]},"Planning Time": 5.357,"Triggers": [],"Execution Time": 94.568}]
[{"Plan": {"Node Type": "Aggregate","Strategy": "Plain","Partial Mode": "Finalize","Parallel Aware": false,"Async Capable": false,"Startup Cost": 33162.19,"Total Cost": 33162.20,"Plan Rows": 1,"Plan Width": 32,"Actual Startup Time": 80.556,"Actual Total Time": 95.185,"Actual Rows": 1,"Actual Loops": 1,"Plans": [{"Node Type": "Gather","Parent Relationship": "Outer","Parallel Aware": false,"Async Capable": false,"Startup Cost": 33161.96,"Total Cost": 33162.17,"Plan Rows": 2,"Plan Width": 32,"Actual Startup Time": 80.434,"Actual Total Time": 95.150,"Actual Rows": 3,"Actual Loops": 1,"Workers Planned": 2,"Workers Launched": 2,"Single Copy": false,"Plans": [{"Node Type": "Aggregate","Strategy": "Plain","Partial Mode": "Partial","Parent Relationship": "Outer","Parallel Aware": false,"Async Capable": false,"Startup Cost": 32161.96,"Total Cost": 32161.97,"Plan Rows": 1,"Plan Width": 32,"Actual Startup Time": 74.391,"Actual Total Time": 74.393,"Actual Rows": 1,"Actual Loops": 3,"Workers": [],"Plans": [{"Node Type": "Nested Loop","Parent Relationship": "Outer","Parallel Aware": false,"Async Capable": false,"Join Type": "Inner","Startup Cost": 0.43,"Total Cost": 32161.62,"Plan Rows": 46,"Plan Width": 12,"Actual Startup Time": 1.524,"Actual Total Time": 74.345,"Actual Rows": 44,"Actual Loops": 3,"Inner Unique": false,"Workers": [],"Plans": [{"Node Type": "Seq Scan","Parent Relationship": "Outer","Parallel Aware": true,"Async Capable": false,"Relation Name": "part","Alias": "part","Startup Cost": 0.00,"Total Cost": 7638.67,"Plan Rows": 199,"Plan Width": 30,"Actual Startup Time": 0.545,"Actual Total Time": 30.971,"Actual Rows": 164,"Actual Loops": 3,"Filter": "((p_size >= 1) AND (((p_brand = 'Brand#23'::bpchar) AND (p_container = ANY ('{\"SM CASE\",\"SM BOX\",\"SM PACK\",\"SM PKG\"}'::bpchar[])) AND (p_size <= 5)) OR ((p_brand = 'Brand#43'::bpchar) AND (p_container = ANY ('{\"MED BAG\",\"MED BOX\",\"MED PKG\",\"MED PACK\"}'::bpchar[])) AND (p_size <= 10)) OR ((p_brand = 'Brand#44'::bpchar) AND (p_container = ANY ('{\"LG CASE\",\"LG BOX\",\"LG PACK\",\"LG PKG\"}'::bpchar[])) AND (p_size <= 15))))","Rows Removed by Filter": 66503,"Workers": []},{"Node Type": "Index Scan","Parent Relationship": "Inner","Parallel Aware": false,"Async Capable": false,"Scan Direction": "Forward","Index Name": "idx_lineitem_part_supp","Relation Name": "lineitem","Alias": "lineitem","Startup Cost": 0.43,"Total Cost": 123.22,"Plan Rows": 1,"Plan Width": 21,"Actual Startup Time": 0.228,"Actual Total Time": 0.264,"Actual Rows": 0,"Actual Loops": 492,"Index Cond": "(l_partkey = part.p_partkey)","Rows Removed by Index Recheck": 0,"Filter": "((l_shipmode = ANY ('{AIR,\"AIR REG\"}'::bpchar[])) AND (l_shipinstruct = 'DELIVER IN PERSON'::bpchar) AND (((l_quantity >= '7'::numeric) AND (l_quantity <= '17'::numeric)) OR ((l_quantity >= '18'::numeric) AND (l_quantity <= '28'::numeric)) OR ((l_quantity >= '29'::numeric) AND (l_quantity <= '39'::numeric))) AND (((part.p_brand = 'Brand#23'::bpchar) AND (part.p_container = ANY ('{\"SM CASE\",\"SM BOX\",\"SM PACK\",\"SM PKG\"}'::bpchar[])) AND (l_quantity >= '7'::numeric) AND (l_quantity <= '17'::numeric) AND (part.p_size <= 5)) OR ((part.p_brand = 'Brand#43'::bpchar) AND (part.p_container = ANY ('{\"MED BAG\",\"MED BOX\",\"MED PKG\",\"MED PACK\"}'::bpchar[])) AND (l_quantity >= '18'::numeric) AND (l_quantity <= '28'::numeric) AND (part.p_size <= 10)) OR ((part.p_brand = 'Brand#44'::bpchar) AND (part.p_container = ANY ('{\"LG CASE\",\"LG BOX\",\"LG PACK\",\"LG PKG\"}'::bpchar[])) AND (l_quantity >= '29'::numeric) AND (l_quantity <= '39'::numeric) AND (part.p_size <= 15))))","Rows Removed by Filter": 30,"Workers": []}]}]}]}]},"Planning Time": 7.005,"Triggers": [],"Execution Time": 95.377}]
[{"Plan": {"Node Type": "Aggregate","Strategy": "Plain","Partial Mode": "Finalize","Parallel Aware": false,"Async Capable": false,"Startup Cost": 33857.73,"Total Cost": 33857.74,"Plan Rows": 1,"Plan Width": 32,"Actual Startup Time": 78.874,"Actual Total Time": 93.099,"Actual Rows": 1,"Actual Loops": 1,"Plans": [{"Node Type": "Gather","Parent Relationship": "Outer","Parallel Aware": false,"Async Capable": false,"Startup Cost": 33857.51,"Total Cost": 33857.72,"Plan Rows": 2,"Plan Width": 32,"Actual Startup Time": 78.440,"Actual Total Time": 93.056,"Actual Rows": 3,"Actual Loops": 1,"Workers Planned": 2,"Workers Launched": 2,"Single Copy": false,"Plans": [{"Node Type": "Aggregate","Strategy": "Plain","Partial Mode": "Partial","Parent Relationship": "Outer","Parallel Aware": false,"Async Capable": false,"Startup Cost": 32857.51,"Total Cost": 32857.52,"Plan Rows": 1,"Plan Width": 32,"Actual Startup Time": 72.293,"Actual Total Time": 72.295,"Actual Rows": 1,"Actual Loops": 3,"Workers": [],"Plans": [{"Node Type": "Nested Loop","Parent Relationship": "Outer","Parallel Aware": false,"Async Capable": false,"Join Type": "Inner","Startup Cost": 0.43,"Total Cost": 32857.14,"Plan Rows": 48,"Plan Width": 12,"Actual Startup Time": 3.219,"Actual Total Time": 72.245,"Actual Rows": 32,"Actual Loops": 3,"Inner Unique": false,"Workers": [],"Plans": [{"Node Type": "Seq Scan","Parent Relationship": "Outer","Parallel Aware": true,"Async Capable": false,"Relation Name": "part","Alias": "part","Startup Cost": 0.00,"Total Cost": 7638.67,"Plan Rows": 205,"Plan Width": 30,"Actual Startup Time": 0.317,"Actual Total Time": 31.054,"Actual Rows": 154,"Actual Loops": 3,"Filter": "((p_size >= 1) AND (((p_brand = 'Brand#25'::bpchar) AND (p_container = ANY ('{\"SM CASE\",\"SM BOX\",\"SM PACK\",\"SM PKG\"}'::bpchar[])) AND (p_size <= 5)) OR ((p_brand = 'Brand#33'::bpchar) AND (p_container = ANY ('{\"MED BAG\",\"MED BOX\",\"MED PKG\",\"MED PACK\"}'::bpchar[])) AND (p_size <= 10)) OR ((p_brand = 'Brand#51'::bpchar) AND (p_container = ANY ('{\"LG CASE\",\"LG BOX\",\"LG PACK\",\"LG PKG\"}'::bpchar[])) AND (p_size <= 15))))","Rows Removed by Filter": 66513,"Workers": []},{"Node Type": "Index Scan","Parent Relationship": "Inner","Parallel Aware": false,"Async Capable": false,"Scan Direction": "Forward","Index Name": "idx_lineitem_part_supp","Relation Name": "lineitem","Alias": "lineitem","Startup Cost": 0.43,"Total Cost": 123.01,"Plan Rows": 1,"Plan Width": 21,"Actual Startup Time": 0.242,"Actual Total Time": 0.268,"Actual Rows": 0,"Actual Loops": 461,"Index Cond": "(l_partkey = part.p_partkey)","Rows Removed by Index Recheck": 0,"Filter": "((l_shipmode = ANY ('{AIR,\"AIR REG\"}'::bpchar[])) AND (l_shipinstruct = 'DELIVER IN PERSON'::bpchar) AND (((l_quantity >= '10'::numeric) AND (l_quantity <= '20'::numeric)) OR ((l_quantity >= '11'::numeric) AND (l_quantity <= '21'::numeric)) OR ((l_quantity >= '28'::numeric) AND (l_quantity <= '38'::numeric))) AND (((part.p_brand = 'Brand#25'::bpchar) AND (part.p_container = ANY ('{\"SM CASE\",\"SM BOX\",\"SM PACK\",\"SM PKG\"}'::bpchar[])) AND (l_quantity >= '10'::numeric) AND (l_quantity <= '20'::numeric) AND (part.p_size <= 5)) OR ((part.p_brand = 'Brand#33'::bpchar) AND (part.p_container = ANY ('{\"MED BAG\",\"MED BOX\",\"MED PKG\",\"MED PACK\"}'::bpchar[])) AND (l_quantity >= '11'::numeric) AND (l_quantity <= '21'::numeric) AND (part.p_size <= 10)) OR ((part.p_brand = 'Brand#51'::bpchar) AND (part.p_container = ANY ('{\"LG CASE\",\"LG BOX\",\"LG PACK\",\"LG PKG\"}'::bpchar[])) AND (l_quantity >= '28'::numeric) AND (l_quantity <= '38'::numeric) AND (part.p_size <= 15))))","Rows Removed by Filter": 29,"Workers": []}]}]}]}]},"Planning Time": 5.554,"Triggers": [],"Execution Time": 93.289}]
[{"Plan": {"Node Type": "Aggregate","Strategy": "Plain","Partial Mode": "Finalize","Parallel Aware": false,"Async Capable": false,"Startup Cost": 33391.28,"Total Cost": 33391.29,"Plan Rows": 1,"Plan Width": 32,"Actual Startup Time": 86.147,"Actual Total Time": 101.212,"Actual Rows": 1,"Actual Loops": 1,"Plans": [{"Node Type": "Gather","Parent Relationship": "Outer","Parallel Aware": false,"Async Capable": false,"Startup Cost": 33391.06,"Total Cost": 33391.27,"Plan Rows": 2,"Plan Width": 32,"Actual Startup Time": 86.011,"Actual Total Time": 101.186,"Actual Rows": 3,"Actual Loops": 1,"Workers Planned": 2,"Workers Launched": 2,"Single Copy": false,"Plans": [{"Node Type": "Aggregate","Strategy": "Plain","Partial Mode": "Partial","Parent Relationship": "Outer","Parallel Aware": false,"Async Capable": false,"Startup Cost": 32391.06,"Total Cost": 32391.07,"Plan Rows": 1,"Plan Width": 32,"Actual Startup Time": 79.714,"Actual Total Time": 79.716,"Actual Rows": 1,"Actual Loops": 3,"Workers": [],"Plans": [{"Node Type": "Nested Loop","Parent Relationship": "Outer","Parallel Aware": false,"Async Capable": false,"Join Type": "Inner","Startup Cost": 0.43,"Total Cost": 32390.70,"Plan Rows": 47,"Plan Width": 12,"Actual Startup Time": 3.650,"Actual Total Time": 79.675,"Actual Rows": 43,"Actual Loops": 3,"Inner Unique": false,"Workers": [],"Plans": [{"Node Type": "Seq Scan","Parent Relationship": "Outer","Parallel Aware": true,"Async Capable": false,"Relation Name": "part","Alias": "part","Startup Cost": 0.00,"Total Cost": 7638.67,"Plan Rows": 201,"Plan Width": 30,"Actual Startup Time": 0.422,"Actual Total Time": 35.131,"Actual Rows": 164,"Actual Loops": 3,"Filter": "((p_size >= 1) AND (((p_brand = 'Brand#51'::bpchar) AND (p_container = ANY ('{\"SM CASE\",\"SM BOX\",\"SM PACK\",\"SM PKG\"}'::bpchar[])) AND (p_size <= 5)) OR ((p_brand = 'Brand#23'::bpchar) AND (p_container = ANY ('{\"MED BAG\",\"MED BOX\",\"MED PKG\",\"MED PACK\"}'::bpchar[])) AND (p_size <= 10)) OR ((p_brand = 'Brand#24'::bpchar) AND (p_container = ANY ('{\"LG CASE\",\"LG BOX\",\"LG PACK\",\"LG PKG\"}'::bpchar[])) AND (p_size <= 15))))","Rows Removed by Filter": 66503,"Workers": []},{"Node Type": "Index Scan","Parent Relationship": "Inner","Parallel Aware": false,"Async Capable": false,"Scan Direction": "Forward","Index Name": "idx_lineitem_part_supp","Relation Name": "lineitem","Alias": "lineitem","Startup Cost": 0.43,"Total Cost": 123.13,"Plan Rows": 1,"Plan Width": 21,"Actual Startup Time": 0.241,"Actual Total Time": 0.272,"Actual Rows": 0,"Actual Loops": 491,"Index Cond": "(l_partkey = part.p_partkey)","Rows Removed by Index Recheck": 0,"Filter": "((l_shipmode = ANY ('{AIR,\"AIR REG\"}'::bpchar[])) AND (l_shipinstruct = 'DELIVER IN PERSON'::bpchar) AND (((l_quantity >= '8'::numeric) AND (l_quantity <= '18'::numeric)) OR ((l_quantity >= '15'::numeric) AND (l_quantity <= '25'::numeric)) OR ((l_quantity >= '28'::numeric) AND (l_quantity <= '38'::numeric))) AND (((part.p_brand = 'Brand#51'::bpchar) AND (part.p_container = ANY ('{\"SM CASE\",\"SM BOX\",\"SM PACK\",\"SM PKG\"}'::bpchar[])) AND (l_quantity >= '8'::numeric) AND (l_quantity <= '18'::numeric) AND (part.p_size <= 5)) OR ((part.p_brand = 'Brand#23'::bpchar) AND (part.p_container = ANY ('{\"MED BAG\",\"MED BOX\",\"MED PKG\",\"MED PACK\"}'::bpchar[])) AND (l_quantity >= '15'::numeric) AND (l_quantity <= '25'::numeric) AND (part.p_size <= 10)) OR ((part.p_brand = 'Brand#24'::bpchar) AND (part.p_container = ANY ('{\"LG CASE\",\"LG BOX\",\"LG PACK\",\"LG PKG\"}'::bpchar[])) AND (l_quantity >= '28'::numeric) AND (l_quantity <= '38'::numeric) AND (part.p_size <= 15))))","Rows Removed by Filter": 29,"Workers": []}]}]}]}]},"Planning Time": 5.757,"Triggers": [],"Execution Time": 101.432}]
[{"Plan": {"Node Type": "Aggregate","Strategy": "Plain","Partial Mode": "Finalize","Parallel Aware": false,"Async Capable": false,"Startup Cost": 33391.57,"Total Cost": 33391.58,"Plan Rows": 1,"Plan Width": 32,"Actual Startup Time": 85.269,"Actual Total Time": 100.376,"Actual Rows": 1,"Actual Loops": 1,"Plans": [{"Node Type": "Gather","Parent Relationship": "Outer","Parallel Aware": false,"Async Capable": false,"Startup Cost": 33391.35,"Total Cost": 33391.56,"Plan Rows": 2,"Plan Width": 32,"Actual Startup Time": 85.113,"Actual Total Time": 100.346,"Actual Rows": 3,"Actual Loops": 1,"Workers Planned": 2,"Workers Launched": 2,"Single Copy": false,"Plans": [{"Node Type": "Aggregate","Strategy": "Plain","Partial Mode": "Partial","Parent Relationship": "Outer","Parallel Aware": false,"Async Capable": false,"Startup Cost": 32391.35,"Total Cost": 32391.36,"Plan Rows": 1,"Plan Width": 32,"Actual Startup Time": 78.366,"Actual Total Time": 78.367,"Actual Rows": 1,"Actual Loops": 3,"Workers": [],"Plans": [{"Node Type": "Nested Loop","Parent Relationship": "Outer","Parallel Aware": false,"Async Capable": false,"Join Type": "Inner","Startup Cost": 0.43,"Total Cost": 32390.99,"Plan Rows": 47,"Plan Width": 12,"Actual Startup Time": 4.050,"Actual Total Time": 78.315,"Actual Rows": 38,"Actual Loops": 3,"Inner Unique": false,"Workers": [],"Plans": [{"Node Type": "Seq Scan","Parent Relationship": "Outer","Parallel Aware": true,"Async Capable": false,"Relation Name": "part","Alias": "part","Startup Cost": 0.00,"Total Cost": 7638.67,"Plan Rows": 201,"Plan Width": 30,"Actual Startup Time": 0.852,"Actual Total Time": 34.014,"Actual Rows": 164,"Actual Loops": 3,"Filter": "((p_size >= 1) AND (((p_brand = 'Brand#32'::bpchar) AND (p_container = ANY ('{\"SM CASE\",\"SM BOX\",\"SM PACK\",\"SM PKG\"}'::bpchar[])) AND (p_size <= 5)) OR ((p_brand = 'Brand#55'::bpchar) AND (p_container = ANY ('{\"MED BAG\",\"MED BOX\",\"MED PKG\",\"MED PACK\"}'::bpchar[])) AND (p_size <= 10)) OR ((p_brand = 'Brand#11'::bpchar) AND (p_container = ANY ('{\"LG CASE\",\"LG BOX\",\"LG PACK\",\"LG PKG\"}'::bpchar[])) AND (p_size <= 15))))","Rows Removed by Filter": 66502,"Workers": []},{"Node Type": "Index Scan","Parent Relationship": "Inner","Parallel Aware": false,"Async Capable": false,"Scan Direction": "Forward","Index Name": "idx_lineitem_part_supp","Relation Name": "lineitem","Alias": "lineitem","Startup Cost": 0.43,"Total Cost": 123.14,"Plan Rows": 1,"Plan Width": 21,"Actual Startup Time": 0.243,"Actual Total Time": 0.269,"Actual Rows": 0,"Actual Loops": 493,"Index Cond": "(l_partkey = part.p_partkey)","Rows Removed by Index Recheck": 0,"Filter": "((l_shipmode = ANY ('{AIR,\"AIR REG\"}'::bpchar[])) AND (l_shipinstruct = 'DELIVER IN PERSON'::bpchar) AND (((l_quantity >= '8'::numeric) AND (l_quantity <= '18'::numeric)) OR ((l_quantity >= '12'::numeric) AND (l_quantity <= '22'::numeric)) OR ((l_quantity >= '25'::numeric) AND (l_quantity <= '35'::numeric))) AND (((part.p_brand = 'Brand#32'::bpchar) AND (part.p_container = ANY ('{\"SM CASE\",\"SM BOX\",\"SM PACK\",\"SM PKG\"}'::bpchar[])) AND (l_quantity >= '8'::numeric) AND (l_quantity <= '18'::numeric) AND (part.p_size <= 5)) OR ((part.p_brand = 'Brand#55'::bpchar) AND (part.p_container = ANY ('{\"MED BAG\",\"MED BOX\",\"MED PKG\",\"MED PACK\"}'::bpchar[])) AND (l_quantity >= '12'::numeric) AND (l_quantity <= '22'::numeric) AND (part.p_size <= 10)) OR ((part.p_brand = 'Brand#11'::bpchar) AND (part.p_container = ANY ('{\"LG CASE\",\"LG BOX\",\"LG PACK\",\"LG PKG\"}'::bpchar[])) AND (l_quantity >= '25'::numeric) AND (l_quantity <= '35'::numeric) AND (part.p_size <= 15))))","Rows Removed by Filter": 30,"Workers": []}]}]}]}]},"Planning Time": 5.585,"Triggers": [],"Execution Time": 100.531}]
[{"Plan": {"Node Type": "Aggregate","Strategy": "Plain","Partial Mode": "Finalize","Parallel Aware": false,"Async Capable": false,"Startup Cost": 33164.75,"Total Cost": 33164.76,"Plan Rows": 1,"Plan Width": 32,"Actual Startup Time": 84.769,"Actual Total Time": 99.372,"Actual Rows": 1,"Actual Loops": 1,"Plans": [{"Node Type": "Gather","Parent Relationship": "Outer","Parallel Aware": false,"Async Capable": false,"Startup Cost": 33164.52,"Total Cost": 33164.73,"Plan Rows": 2,"Plan Width": 32,"Actual Startup Time": 84.624,"Actual Total Time": 99.349,"Actual Rows": 3,"Actual Loops": 1,"Workers Planned": 2,"Workers Launched": 2,"Single Copy": false,"Plans": [{"Node Type": "Aggregate","Strategy": "Plain","Partial Mode": "Partial","Parent Relationship": "Outer","Parallel Aware": false,"Async Capable": false,"Startup Cost": 32164.52,"Total Cost": 32164.53,"Plan Rows": 1,"Plan Width": 32,"Actual Startup Time": 77.875,"Actual Total Time": 77.877,"Actual Rows": 1,"Actual Loops": 3,"Workers": [],"Plans": [{"Node Type": "Nested Loop","Parent Relationship": "Outer","Parallel Aware": false,"Async Capable": false,"Join Type": "Inner","Startup Cost": 0.43,"Total Cost": 32164.18,"Plan Rows": 46,"Plan Width": 12,"Actual Startup Time": 8.745,"Actual Total Time": 77.838,"Actual Rows": 37,"Actual Loops": 3,"Inner Unique": false,"Workers": [],"Plans": [{"Node Type": "Seq Scan","Parent Relationship": "Outer","Parallel Aware": true,"Async Capable": false,"Relation Name": "part","Alias": "part","Startup Cost": 0.00,"Total Cost": 7638.67,"Plan Rows": 199,"Plan Width": 30,"Actual Startup Time": 0.696,"Actual Total Time": 34.259,"Actual Rows": 157,"Actual Loops": 3,"Filter": "((p_size >= 1) AND (((p_brand = 'Brand#22'::bpchar) AND (p_container = ANY ('{\"SM CASE\",\"SM BOX\",\"SM PACK\",\"SM PKG\"}'::bpchar[])) AND (p_size <= 5)) OR ((p_brand = 'Brand#25'::bpchar) AND (p_container = ANY ('{\"MED BAG\",\"MED BOX\",\"MED PKG\",\"MED PACK\"}'::bpchar[])) AND (p_size <= 10)) OR ((p_brand = 'Brand#12'::bpchar) AND (p_container = ANY ('{\"LG CASE\",\"LG BOX\",\"LG PACK\",\"LG PKG\"}'::bpchar[])) AND (p_size <= 15))))","Rows Removed by Filter": 66510,"Workers": []},{"Node Type": "Index Scan","Parent Relationship": "Inner","Parallel Aware": false,"Async Capable": false,"Scan Direction": "Forward","Index Name": "idx_lineitem_part_supp","Relation Name": "lineitem","Alias": "lineitem","Startup Cost": 0.43,"Total Cost": 123.23,"Plan Rows": 1,"Plan Width": 21,"Actual Startup Time": 0.248,"Actual Total Time": 0.278,"Actual Rows": 0,"Actual Loops": 470,"Index Cond": "(l_partkey = part.p_partkey)","Rows Removed by Index Recheck": 0,"Filter": "((l_shipmode = ANY ('{AIR,\"AIR REG\"}'::bpchar[])) AND (l_shipinstruct = 'DELIVER IN PERSON'::bpchar) AND (((l_quantity >= '5'::numeric) AND (l_quantity <= '15'::numeric)) OR ((l_quantity >= '15'::numeric) AND (l_quantity <= '25'::numeric)) OR ((l_quantity >= '23'::numeric) AND (l_quantity <= '33'::numeric))) AND (((part.p_brand = 'Brand#22'::bpchar) AND (part.p_container = ANY ('{\"SM CASE\",\"SM BOX\",\"SM PACK\",\"SM PKG\"}'::bpchar[])) AND (l_quantity >= '5'::numeric) AND (l_quantity <= '15'::numeric) AND (part.p_size <= 5)) OR ((part.p_brand = 'Brand#25'::bpchar) AND (part.p_container = ANY ('{\"MED BAG\",\"MED BOX\",\"MED PKG\",\"MED PACK\"}'::bpchar[])) AND (l_quantity >= '15'::numeric) AND (l_quantity <= '25'::numeric) AND (part.p_size <= 10)) OR ((part.p_brand = 'Brand#12'::bpchar) AND (part.p_container = ANY ('{\"LG CASE\",\"LG BOX\",\"LG PACK\",\"LG PKG\"}'::bpchar[])) AND (l_quantity >= '23'::numeric) AND (l_quantity <= '33'::numeric) AND (part.p_size <= 15))))","Rows Removed by Filter": 30,"Workers": []}]}]}]}]},"Planning Time": 5.184,"Triggers": [],"Execution Time": 99.539}]
[{"Plan": {"Node Type": "Aggregate","Strategy": "Plain","Partial Mode": "Finalize","Parallel Aware": false,"Async Capable": false,"Startup Cost": 34085.11,"Total Cost": 34085.12,"Plan Rows": 1,"Plan Width": 32,"Actual Startup Time": 80.331,"Actual Total Time": 94.127,"Actual Rows": 1,"Actual Loops": 1,"Plans": [{"Node Type": "Gather","Parent Relationship": "Outer","Parallel Aware": false,"Async Capable": false,"Startup Cost": 34084.88,"Total Cost": 34085.09,"Plan Rows": 2,"Plan Width": 32,"Actual Startup Time": 80.165,"Actual Total Time": 94.100,"Actual Rows": 3,"Actual Loops": 1,"Workers Planned": 2,"Workers Launched": 2,"Single Copy": false,"Plans": [{"Node Type": "Aggregate","Strategy": "Plain","Partial Mode": "Partial","Parent Relationship": "Outer","Parallel Aware": false,"Async Capable": false,"Startup Cost": 33084.88,"Total Cost": 33084.89,"Plan Rows": 1,"Plan Width": 32,"Actual Startup Time": 73.777,"Actual Total Time": 73.778,"Actual Rows": 1,"Actual Loops": 3,"Workers": [],"Plans": [{"Node Type": "Nested Loop","Parent Relationship": "Outer","Parallel Aware": false,"Async Capable": false,"Join Type": "Inner","Startup Cost": 0.43,"Total Cost": 33084.52,"Plan Rows": 48,"Plan Width": 12,"Actual Startup Time": 3.589,"Actual Total Time": 73.727,"Actual Rows": 41,"Actual Loops": 3,"Inner Unique": false,"Workers": [],"Plans": [{"Node Type": "Seq Scan","Parent Relationship": "Outer","Parallel Aware": true,"Async Capable": false,"Relation Name": "part","Alias": "part","Startup Cost": 0.00,"Total Cost": 7638.67,"Plan Rows": 207,"Plan Width": 30,"Actual Startup Time": 0.617,"Actual Total Time": 31.914,"Actual Rows": 157,"Actual Loops": 3,"Filter": "((p_size >= 1) AND (((p_brand = 'Brand#44'::bpchar) AND (p_container = ANY ('{\"SM CASE\",\"SM BOX\",\"SM PACK\",\"SM PKG\"}'::bpchar[])) AND (p_size <= 5)) OR ((p_brand = 'Brand#14'::bpchar) AND (p_container = ANY ('{\"MED BAG\",\"MED BOX\",\"MED PKG\",\"MED PACK\"}'::bpchar[])) AND (p_size <= 10)) OR ((p_brand = 'Brand#42'::bpchar) AND (p_container = ANY ('{\"LG CASE\",\"LG BOX\",\"LG PACK\",\"LG PKG\"}'::bpchar[])) AND (p_size <= 15))))","Rows Removed by Filter": 66510,"Workers": []},{"Node Type": "Index Scan","Parent Relationship": "Inner","Parallel Aware": false,"Async Capable": false,"Scan Direction": "Forward","Index Name": "idx_lineitem_part_supp","Relation Name": "lineitem","Alias": "lineitem","Startup Cost": 0.43,"Total Cost": 122.92,"Plan Rows": 1,"Plan Width": 21,"Actual Startup Time": 0.237,"Actual Total Time": 0.266,"Actual Rows": 0,"Actual Loops": 470,"Index Cond": "(l_partkey = part.p_partkey)","Rows Removed by Index Recheck": 0,"Filter": "((l_shipmode = ANY ('{AIR,\"AIR REG\"}'::bpchar[])) AND (l_shipinstruct = 'DELIVER IN PERSON'::bpchar) AND (((l_quantity >= '10'::numeric) AND (l_quantity <= '20'::numeric)) OR ((l_quantity >= '13'::numeric) AND (l_quantity <= '23'::numeric)) OR ((l_quantity >= '24'::numeric) AND (l_quantity <= '34'::numeric))) AND (((part.p_brand = 'Brand#44'::bpchar) AND (part.p_container = ANY ('{\"SM CASE\",\"SM BOX\",\"SM PACK\",\"SM PKG\"}'::bpchar[])) AND (l_quantity >= '10'::numeric) AND (l_quantity <= '20'::numeric) AND (part.p_size <= 5)) OR ((part.p_brand = 'Brand#14'::bpchar) AND (part.p_container = ANY ('{\"MED BAG\",\"MED BOX\",\"MED PKG\",\"MED PACK\"}'::bpchar[])) AND (l_quantity >= '13'::numeric) AND (l_quantity <= '23'::numeric) AND (part.p_size <= 10)) OR ((part.p_brand = 'Brand#42'::bpchar) AND (part.p_container = ANY ('{\"LG CASE\",\"LG BOX\",\"LG PACK\",\"LG PKG\"}'::bpchar[])) AND (l_quantity >= '24'::numeric) AND (l_quantity <= '34'::numeric) AND (part.p_size <= 15))))","Rows Removed by Filter": 30,"Workers": []}]}]}]}]},"Planning Time": 6.736,"Triggers": [],"Execution Time": 94.354}]
[{"Plan": {"Node Type": "Aggregate","Strategy": "Plain","Partial Mode": "Finalize","Parallel Aware": false,"Async Capable": false,"Startup Cost": 33857.00,"Total Cost": 33857.01,"Plan Rows": 1,"Plan Width": 32,"Actual Startup Time": 79.630,"Actual Total Time": 94.320,"Actual Rows": 1,"Actual Loops": 1,"Plans": [{"Node Type": "Gather","Parent Relationship": "Outer","Parallel Aware": false,"Async Capable": false,"Startup Cost": 33856.78,"Total Cost": 33856.99,"Plan Rows": 2,"Plan Width": 32,"Actual Startup Time": 79.520,"Actual Total Time": 94.301,"Actual Rows": 3,"Actual Loops": 1,"Workers Planned": 2,"Workers Launched": 2,"Single Copy": false,"Plans": [{"Node Type": "Aggregate","Strategy": "Plain","Partial Mode": "Partial","Parent Relationship": "Outer","Parallel Aware": false,"Async Capable": false,"Startup Cost": 32856.78,"Total Cost": 32856.79,"Plan Rows": 1,"Plan Width": 32,"Actual Startup Time": 73.260,"Actual Total Time": 73.262,"Actual Rows": 1,"Actual Loops": 3,"Workers": [],"Plans": [{"Node Type": "Nested Loop","Parent Relationship": "Outer","Parallel Aware": false,"Async Capable": false,"Join Type": "Inner","Startup Cost": 0.43,"Total Cost": 32856.42,"Plan Rows": 48,"Plan Width": 12,"Actual Startup Time": 6.434,"Actual Total Time": 73.217,"Actual Rows": 40,"Actual Loops": 3,"Inner Unique": false,"Workers": [],"Plans": [{"Node Type": "Seq Scan","Parent Relationship": "Outer","Parallel Aware": true,"Async Capable": false,"Relation Name": "part","Alias": "part","Startup Cost": 0.00,"Total Cost": 7638.67,"Plan Rows": 205,"Plan Width": 30,"Actual Startup Time": 0.558,"Actual Total Time": 30.580,"Actual Rows": 163,"Actual Loops": 3,"Filter": "((p_size >= 1) AND (((p_brand = 'Brand#41'::bpchar) AND (p_container = ANY ('{\"SM CASE\",\"SM BOX\",\"SM PACK\",\"SM PKG\"}'::bpchar[])) AND (p_size <= 5)) OR ((p_brand = 'Brand#11'::bpchar) AND (p_container = ANY ('{\"MED BAG\",\"MED BOX\",\"MED PKG\",\"MED PACK\"}'::bpchar[])) AND (p_size <= 10)) OR ((p_brand = 'Brand#31'::bpchar) AND (p_container = ANY ('{\"LG CASE\",\"LG BOX\",\"LG PACK\",\"LG PKG\"}'::bpchar[])) AND (p_size <= 15))))","Rows Removed by Filter": 66504,"Workers": []},{"Node Type": "Index Scan","Parent Relationship": "Inner","Parallel Aware": false,"Async Capable": false,"Scan Direction": "Forward","Index Name": "idx_lineitem_part_supp","Relation Name": "lineitem","Alias": "lineitem","Startup Cost": 0.43,"Total Cost": 123.00,"Plan Rows": 1,"Plan Width": 21,"Actual Startup Time": 0.235,"Actual Total Time": 0.262,"Actual Rows": 0,"Actual Loops": 488,"Index Cond": "(l_partkey = part.p_partkey)","Rows Removed by Index Recheck": 0,"Filter": "((l_shipmode = ANY ('{AIR,\"AIR REG\"}'::bpchar[])) AND (l_shipinstruct = 'DELIVER IN PERSON'::bpchar) AND (((l_quantity >= '5'::numeric) AND (l_quantity <= '15'::numeric)) OR ((l_quantity >= '15'::numeric) AND (l_quantity <= '25'::numeric)) OR ((l_quantity >= '24'::numeric) AND (l_quantity <= '34'::numeric))) AND (((part.p_brand = 'Brand#41'::bpchar) AND (part.p_container = ANY ('{\"SM CASE\",\"SM BOX\",\"SM PACK\",\"SM PKG\"}'::bpchar[])) AND (l_quantity >= '5'::numeric) AND (l_quantity <= '15'::numeric) AND (part.p_size <= 5)) OR ((part.p_brand = 'Brand#11'::bpchar) AND (part.p_container = ANY ('{\"MED BAG\",\"MED BOX\",\"MED PKG\",\"MED PACK\"}'::bpchar[])) AND (l_quantity >= '15'::numeric) AND (l_quantity <= '25'::numeric) AND (part.p_size <= 10)) OR ((part.p_brand = 'Brand#31'::bpchar) AND (part.p_container = ANY ('{\"LG CASE\",\"LG BOX\",\"LG PACK\",\"LG PKG\"}'::bpchar[])) AND (l_quantity >= '24'::numeric) AND (l_quantity <= '34'::numeric) AND (part.p_size <= 15))))","Rows Removed by Filter": 30,"Workers": []}]}]}]}]},"Planning Time": 5.805,"Triggers": [],"Execution Time": 94.537}]
[{"Plan": {"Node Type": "Aggregate","Strategy": "Plain","Partial Mode": "Finalize","Parallel Aware": false,"Async Capable": false,"Startup Cost": 33159.17,"Total Cost": 33159.18,"Plan Rows": 1,"Plan Width": 32,"Actual Startup Time": 78.743,"Actual Total Time": 92.749,"Actual Rows": 1,"Actual Loops": 1,"Plans": [{"Node Type": "Gather","Parent Relationship": "Outer","Parallel Aware": false,"Async Capable": false,"Startup Cost": 33158.94,"Total Cost": 33159.15,"Plan Rows": 2,"Plan Width": 32,"Actual Startup Time": 78.099,"Actual Total Time": 92.731,"Actual Rows": 3,"Actual Loops": 1,"Workers Planned": 2,"Workers Launched": 2,"Single Copy": false,"Plans": [{"Node Type": "Aggregate","Strategy": "Plain","Partial Mode": "Partial","Parent Relationship": "Outer","Parallel Aware": false,"Async Capable": false,"Startup Cost": 32158.94,"Total Cost": 32158.95,"Plan Rows": 1,"Plan Width": 32,"Actual Startup Time": 71.808,"Actual Total Time": 71.811,"Actual Rows": 1,"Actual Loops": 3,"Workers": [],"Plans": [{"Node Type": "Nested Loop","Parent Relationship": "Outer","Parallel Aware": false,"Async Capable": false,"Join Type": "Inner","Startup Cost": 0.43,"Total Cost": 32158.60,"Plan Rows": 46,"Plan Width": 12,"Actual Startup Time": 0.820,"Actual Total Time": 71.761,"Actual Rows": 43,"Actual Loops": 3,"Inner Unique": false,"Workers": [],"Plans": [{"Node Type": "Seq Scan","Parent Relationship": "Outer","Parallel Aware": true,"Async Capable": false,"Relation Name": "part","Alias": "part","Startup Cost": 0.00,"Total Cost": 7638.67,"Plan Rows": 199,"Plan Width": 30,"Actual Startup Time": 0.505,"Actual Total Time": 30.584,"Actual Rows": 157,"Actual Loops": 3,"Filter": "((p_size >= 1) AND (((p_brand = 'Brand#44'::bpchar) AND (p_container = ANY ('{\"SM CASE\",\"SM BOX\",\"SM PACK\",\"SM PKG\"}'::bpchar[])) AND (p_size <= 5)) OR ((p_brand = 'Brand#41'::bpchar) AND (p_container = ANY ('{\"MED BAG\",\"MED BOX\",\"MED PKG\",\"MED PACK\"}'::bpchar[])) AND (p_size <= 10)) OR ((p_brand = 'Brand#25'::bpchar) AND (p_container = ANY ('{\"LG CASE\",\"LG BOX\",\"LG PACK\",\"LG PKG\"}'::bpchar[])) AND (p_size <= 15))))","Rows Removed by Filter": 66509,"Workers": []},{"Node Type": "Index Scan","Parent Relationship": "Inner","Parallel Aware": false,"Async Capable": false,"Scan Direction": "Forward","Index Name": "idx_lineitem_part_supp","Relation Name": "lineitem","Alias": "lineitem","Startup Cost": 0.43,"Total Cost": 123.21,"Plan Rows": 1,"Plan Width": 21,"Actual Startup Time": 0.226,"Actual Total Time": 0.261,"Actual Rows": 0,"Actual Loops": 472,"Index Cond": "(l_partkey = part.p_partkey)","Rows Removed by Index Recheck": 0,"Filter": "((l_shipmode = ANY ('{AIR,\"AIR REG\"}'::bpchar[])) AND (l_shipinstruct = 'DELIVER IN PERSON'::bpchar) AND (((l_quantity >= '6'::numeric) AND (l_quantity <= '16'::numeric)) OR ((l_quantity >= '17'::numeric) AND (l_quantity <= '27'::numeric)) OR ((l_quantity >= '25'::numeric) AND (l_quantity <= '35'::numeric))) AND (((part.p_brand = 'Brand#44'::bpchar) AND (part.p_container = ANY ('{\"SM CASE\",\"SM BOX\",\"SM PACK\",\"SM PKG\"}'::bpchar[])) AND (l_quantity >= '6'::numeric) AND (l_quantity <= '16'::numeric) AND (part.p_size <= 5)) OR ((part.p_brand = 'Brand#41'::bpchar) AND (part.p_container = ANY ('{\"MED BAG\",\"MED BOX\",\"MED PKG\",\"MED PACK\"}'::bpchar[])) AND (l_quantity >= '17'::numeric) AND (l_quantity <= '27'::numeric) AND (part.p_size <= 10)) OR ((part.p_brand = 'Brand#25'::bpchar) AND (part.p_container = ANY ('{\"LG CASE\",\"LG BOX\",\"LG PACK\",\"LG PKG\"}'::bpchar[])) AND (l_quantity >= '25'::numeric) AND (l_quantity <= '35'::numeric) AND (part.p_size <= 15))))","Rows Removed by Filter": 29,"Workers": []}]}]}]}]},"Planning Time": 5.819,"Triggers": [],"Execution Time": 92.901}]
[{"Plan": {"Node Type": "Aggregate","Strategy": "Plain","Partial Mode": "Finalize","Parallel Aware": false,"Async Capable": false,"Startup Cost": 33627.49,"Total Cost": 33627.50,"Plan Rows": 1,"Plan Width": 32,"Actual Startup Time": 83.777,"Actual Total Time": 98.917,"Actual Rows": 1,"Actual Loops": 1,"Plans": [{"Node Type": "Gather","Parent Relationship": "Outer","Parallel Aware": false,"Async Capable": false,"Startup Cost": 33627.27,"Total Cost": 33627.48,"Plan Rows": 2,"Plan Width": 32,"Actual Startup Time": 83.663,"Actual Total Time": 98.890,"Actual Rows": 3,"Actual Loops": 1,"Workers Planned": 2,"Workers Launched": 2,"Single Copy": false,"Plans": [{"Node Type": "Aggregate","Strategy": "Plain","Partial Mode": "Partial","Parent Relationship": "Outer","Parallel Aware": false,"Async Capable": false,"Startup Cost": 32627.27,"Total Cost": 32627.28,"Plan Rows": 1,"Plan Width": 32,"Actual Startup Time": 76.995,"Actual Total Time": 76.999,"Actual Rows": 1,"Actual Loops": 3,"Workers": [],"Plans": [{"Node Type": "Nested Loop","Parent Relationship": "Outer","Parallel Aware": false,"Async Capable": false,"Join Type": "Inner","Startup Cost": 0.43,"Total Cost": 32626.92,"Plan Rows": 47,"Plan Width": 12,"Actual Startup Time": 1.884,"Actual Total Time": 76.947,"Actual Rows": 37,"Actual Loops": 3,"Inner Unique": false,"Workers": [],"Plans": [{"Node Type": "Seq Scan","Parent Relationship": "Outer","Parallel Aware": true,"Async Capable": false,"Relation Name": "part","Alias": "part","Startup Cost": 0.00,"Total Cost": 7638.67,"Plan Rows": 203,"Plan Width": 30,"Actual Startup Time": 0.507,"Actual Total Time": 31.328,"Actual Rows": 173,"Actual Loops": 3,"Filter": "((p_size >= 1) AND (((p_brand = 'Brand#51'::bpchar) AND (p_container = ANY ('{\"SM CASE\",\"SM BOX\",\"SM PACK\",\"SM PKG\"}'::bpchar[])) AND (p_size <= 5)) OR ((p_brand = 'Brand#44'::bpchar) AND (p_container = ANY ('{\"MED BAG\",\"MED BOX\",\"MED PKG\",\"MED PACK\"}'::bpchar[])) AND (p_size <= 10)) OR ((p_brand = 'Brand#55'::bpchar) AND (p_container = ANY ('{\"LG CASE\",\"LG BOX\",\"LG PACK\",\"LG PKG\"}'::bpchar[])) AND (p_size <= 15))))","Rows Removed by Filter": 66494,"Workers": []},{"Node Type": "Index Scan","Parent Relationship": "Inner","Parallel Aware": false,"Async Capable": false,"Scan Direction": "Forward","Index Name": "idx_lineitem_part_supp","Relation Name": "lineitem","Alias": "lineitem","Startup Cost": 0.43,"Total Cost": 123.08,"Plan Rows": 1,"Plan Width": 21,"Actual Startup Time": 0.237,"Actual Total Time": 0.263,"Actual Rows": 0,"Actual Loops": 519,"Index Cond": "(l_partkey = part.p_partkey)","Rows Removed by Index Recheck": 0,"Filter": "((l_shipmode = ANY ('{AIR,\"AIR REG\"}'::bpchar[])) AND (l_shipinstruct = 'DELIVER IN PERSON'::bpchar) AND (((l_quantity >= '6'::numeric) AND (l_quantity <= '16'::numeric)) OR ((l_quantity >= '15'::numeric) AND (l_quantity <= '25'::numeric)) OR ((l_quantity >= '29'::numeric) AND (l_quantity <= '39'::numeric))) AND (((part.p_brand = 'Brand#51'::bpchar) AND (part.p_container = ANY ('{\"SM CASE\",\"SM BOX\",\"SM PACK\",\"SM PKG\"}'::bpchar[])) AND (l_quantity >= '6'::numeric) AND (l_quantity <= '16'::numeric) AND (part.p_size <= 5)) OR ((part.p_brand = 'Brand#44'::bpchar) AND (part.p_container = ANY ('{\"MED BAG\",\"MED BOX\",\"MED PKG\",\"MED PACK\"}'::bpchar[])) AND (l_quantity >= '15'::numeric) AND (l_quantity <= '25'::numeric) AND (part.p_size <= 10)) OR ((part.p_brand = 'Brand#55'::bpchar) AND (part.p_container = ANY ('{\"LG CASE\",\"LG BOX\",\"LG PACK\",\"LG PKG\"}'::bpchar[])) AND (l_quantity >= '29'::numeric) AND (l_quantity <= '39'::numeric) AND (part.p_size <= 15))))","Rows Removed by Filter": 30,"Workers": []}]}]}]}]},"Planning Time": 5.065,"Triggers": [],"Execution Time": 99.098}]
[{"Plan": {"Node Type": "Aggregate","Strategy": "Plain","Partial Mode": "Finalize","Parallel Aware": false,"Async Capable": false,"Startup Cost": 33971.59,"Total Cost": 33971.60,"Plan Rows": 1,"Plan Width": 32,"Actual Startup Time": 85.867,"Actual Total Time": 100.445,"Actual Rows": 1,"Actual Loops": 1,"Plans": [{"Node Type": "Gather","Parent Relationship": "Outer","Parallel Aware": false,"Async Capable": false,"Startup Cost": 33971.36,"Total Cost": 33971.57,"Plan Rows": 2,"Plan Width": 32,"Actual Startup Time": 85.300,"Actual Total Time": 100.415,"Actual Rows": 3,"Actual Loops": 1,"Workers Planned": 2,"Workers Launched": 2,"Single Copy": false,"Plans": [{"Node Type": "Aggregate","Strategy": "Plain","Partial Mode": "Partial","Parent Relationship": "Outer","Parallel Aware": false,"Async Capable": false,"Startup Cost": 32971.36,"Total Cost": 32971.37,"Plan Rows": 1,"Plan Width": 32,"Actual Startup Time": 78.616,"Actual Total Time": 78.619,"Actual Rows": 1,"Actual Loops": 3,"Workers": [],"Plans": [{"Node Type": "Nested Loop","Parent Relationship": "Outer","Parallel Aware": false,"Async Capable": false,"Join Type": "Inner","Startup Cost": 0.43,"Total Cost": 32971.00,"Plan Rows": 48,"Plan Width": 12,"Actual Startup Time": 3.735,"Actual Total Time": 78.571,"Actual Rows": 42,"Actual Loops": 3,"Inner Unique": false,"Workers": [],"Plans": [{"Node Type": "Seq Scan","Parent Relationship": "Outer","Parallel Aware": true,"Async Capable": false,"Relation Name": "part","Alias": "part","Startup Cost": 0.00,"Total Cost": 7638.67,"Plan Rows": 206,"Plan Width": 30,"Actual Startup Time": 0.817,"Actual Total Time": 34.547,"Actual Rows": 161,"Actual Loops": 3,"Filter": "((p_size >= 1) AND (((p_brand = 'Brand#53'::bpchar) AND (p_container = ANY ('{\"SM CASE\",\"SM BOX\",\"SM PACK\",\"SM PKG\"}'::bpchar[])) AND (p_size <= 5)) OR ((p_brand = 'Brand#41'::bpchar) AND (p_container = ANY ('{\"MED BAG\",\"MED BOX\",\"MED PKG\",\"MED PACK\"}'::bpchar[])) AND (p_size <= 10)) OR ((p_brand = 'Brand#21'::bpchar) AND (p_container = ANY ('{\"LG CASE\",\"LG BOX\",\"LG PACK\",\"LG PKG\"}'::bpchar[])) AND (p_size <= 15))))","Rows Removed by Filter": 66505,"Workers": []},{"Node Type": "Index Scan","Parent Relationship": "Inner","Parallel Aware": false,"Async Capable": false,"Scan Direction": "Forward","Index Name": "idx_lineitem_part_supp","Relation Name": "lineitem","Alias": "lineitem","Startup Cost": 0.43,"Total Cost": 122.96,"Plan Rows": 1,"Plan Width": 21,"Actual Startup Time": 0.244,"Actual Total Time": 0.272,"Actual Rows": 0,"Actual Loops": 484,"Index Cond": "(l_partkey = part.p_partkey)","Rows Removed by Index Recheck": 0,"Filter": "((l_shipmode = ANY ('{AIR,\"AIR REG\"}'::bpchar[])) AND (l_shipinstruct = 'DELIVER IN PERSON'::bpchar) AND (((l_quantity >= '4'::numeric) AND (l_quantity <= '14'::numeric)) OR ((l_quantity >= '19'::numeric) AND (l_quantity <= '29'::numeric)) OR ((l_quantity >= '21'::numeric) AND (l_quantity <= '31'::numeric))) AND (((part.p_brand = 'Brand#53'::bpchar) AND (part.p_container = ANY ('{\"SM CASE\",\"SM BOX\",\"SM PACK\",\"SM PKG\"}'::bpchar[])) AND (l_quantity >= '4'::numeric) AND (l_quantity <= '14'::numeric) AND (part.p_size <= 5)) OR ((part.p_brand = 'Brand#41'::bpchar) AND (part.p_container = ANY ('{\"MED BAG\",\"MED BOX\",\"MED PKG\",\"MED PACK\"}'::bpchar[])) AND (l_quantity >= '19'::numeric) AND (l_quantity <= '29'::numeric) AND (part.p_size <= 10)) OR ((part.p_brand = 'Brand#21'::bpchar) AND (part.p_container = ANY ('{\"LG CASE\",\"LG BOX\",\"LG PACK\",\"LG PKG\"}'::bpchar[])) AND (l_quantity >= '21'::numeric) AND (l_quantity <= '31'::numeric) AND (part.p_size <= 15))))","Rows Removed by Filter": 29,"Workers": []}]}]}]}]},"Planning Time": 5.438,"Triggers": [],"Execution Time": 100.605}]
[{"Plan": {"Node Type": "Aggregate","Strategy": "Plain","Partial Mode": "Finalize","Parallel Aware": false,"Async Capable": false,"Startup Cost": 33973.81,"Total Cost": 33973.82,"Plan Rows": 1,"Plan Width": 32,"Actual Startup Time": 85.577,"Actual Total Time": 100.232,"Actual Rows": 1,"Actual Loops": 1,"Plans": [{"Node Type": "Gather","Parent Relationship": "Outer","Parallel Aware": false,"Async Capable": false,"Startup Cost": 33973.59,"Total Cost": 33973.80,"Plan Rows": 2,"Plan Width": 32,"Actual Startup Time": 85.428,"Actual Total Time": 100.204,"Actual Rows": 3,"Actual Loops": 1,"Workers Planned": 2,"Workers Launched": 2,"Single Copy": false,"Plans": [{"Node Type": "Aggregate","Strategy": "Plain","Partial Mode": "Partial","Parent Relationship": "Outer","Parallel Aware": false,"Async Capable": false,"Startup Cost": 32973.59,"Total Cost": 32973.60,"Plan Rows": 1,"Plan Width": 32,"Actual Startup Time": 78.681,"Actual Total Time": 78.685,"Actual Rows": 1,"Actual Loops": 3,"Workers": [],"Plans": [{"Node Type": "Nested Loop","Parent Relationship": "Outer","Parallel Aware": false,"Async Capable": false,"Join Type": "Inner","Startup Cost": 0.43,"Total Cost": 32973.23,"Plan Rows": 48,"Plan Width": 12,"Actual Startup Time": 7.931,"Actual Total Time": 78.642,"Actual Rows": 33,"Actual Loops": 3,"Inner Unique": false,"Workers": [],"Plans": [{"Node Type": "Seq Scan","Parent Relationship": "Outer","Parallel Aware": true,"Async Capable": false,"Relation Name": "part","Alias": "part","Startup Cost": 0.00,"Total Cost": 7638.67,"Plan Rows": 206,"Plan Width": 30,"Actual Startup Time": 0.914,"Actual Total Time": 35.187,"Actual Rows": 159,"Actual Loops": 3,"Filter": "((p_size >= 1) AND (((p_brand = 'Brand#45'::bpchar) AND (p_container = ANY ('{\"SM CASE\",\"SM BOX\",\"SM PACK\",\"SM PKG\"}'::bpchar[])) AND (p_size <= 5)) OR ((p_brand = 'Brand#22'::bpchar) AND (p_container = ANY ('{\"MED BAG\",\"MED BOX\",\"MED PKG\",\"MED PACK\"}'::bpchar[])) AND (p_size <= 10)) OR ((p_brand = 'Brand#31'::bpchar) AND (p_container = ANY ('{\"LG CASE\",\"LG BOX\",\"LG PACK\",\"LG PKG\"}'::bpchar[])) AND (p_size <= 15))))","Rows Removed by Filter": 66508,"Workers": []},{"Node Type": "Index Scan","Parent Relationship": "Inner","Parallel Aware": false,"Async Capable": false,"Scan Direction": "Forward","Index Name": "idx_lineitem_part_supp","Relation Name": "lineitem","Alias": "lineitem","Startup Cost": 0.43,"Total Cost": 122.97,"Plan Rows": 1,"Plan Width": 21,"Actual Startup Time": 0.252,"Actual Total Time": 0.273,"Actual Rows": 0,"Actual Loops": 476,"Index Cond": "(l_partkey = part.p_partkey)","Rows Removed by Index Recheck": 0,"Filter": "((l_shipmode = ANY ('{AIR,\"AIR REG\"}'::bpchar[])) AND (l_shipinstruct = 'DELIVER IN PERSON'::bpchar) AND (((l_quantity >= '8'::numeric) AND (l_quantity <= '18'::numeric)) OR ((l_quantity >= '17'::numeric) AND (l_quantity <= '27'::numeric)) OR ((l_quantity >= '30'::numeric) AND (l_quantity <= '40'::numeric))) AND (((part.p_brand = 'Brand#45'::bpchar) AND (part.p_container = ANY ('{\"SM CASE\",\"SM BOX\",\"SM PACK\",\"SM PKG\"}'::bpchar[])) AND (l_quantity >= '8'::numeric) AND (l_quantity <= '18'::numeric) AND (part.p_size <= 5)) OR ((part.p_brand = 'Brand#22'::bpchar) AND (part.p_container = ANY ('{\"MED BAG\",\"MED BOX\",\"MED PKG\",\"MED PACK\"}'::bpchar[])) AND (l_quantity >= '17'::numeric) AND (l_quantity <= '27'::numeric) AND (part.p_size <= 10)) OR ((part.p_brand = 'Brand#31'::bpchar) AND (part.p_container = ANY ('{\"LG CASE\",\"LG BOX\",\"LG PACK\",\"LG PKG\"}'::bpchar[])) AND (l_quantity >= '30'::numeric) AND (l_quantity <= '40'::numeric) AND (part.p_size <= 15))))","Rows Removed by Filter": 30,"Workers": []}]}]}]}]},"Planning Time": 5.250,"Triggers": [],"Execution Time": 100.408}]
[{"Plan": {"Node Type": "Aggregate","Strategy": "Plain","Partial Mode": "Finalize","Parallel Aware": false,"Async Capable": false,"Startup Cost": 33623.37,"Total Cost": 33623.38,"Plan Rows": 1,"Plan Width": 32,"Actual Startup Time": 78.585,"Actual Total Time": 93.206,"Actual Rows": 1,"Actual Loops": 1,"Plans": [{"Node Type": "Gather","Parent Relationship": "Outer","Parallel Aware": false,"Async Capable": false,"Startup Cost": 33623.14,"Total Cost": 33623.35,"Plan Rows": 2,"Plan Width": 32,"Actual Startup Time": 78.453,"Actual Total Time": 93.173,"Actual Rows": 3,"Actual Loops": 1,"Workers Planned": 2,"Workers Launched": 2,"Single Copy": false,"Plans": [{"Node Type": "Aggregate","Strategy": "Plain","Partial Mode": "Partial","Parent Relationship": "Outer","Parallel Aware": false,"Async Capable": false,"Startup Cost": 32623.14,"Total Cost": 32623.15,"Plan Rows": 1,"Plan Width": 32,"Actual Startup Time": 72.140,"Actual Total Time": 72.143,"Actual Rows": 1,"Actual Loops": 3,"Workers": [],"Plans": [{"Node Type": "Nested Loop","Parent Relationship": "Outer","Parallel Aware": false,"Async Capable": false,"Join Type": "Inner","Startup Cost": 0.43,"Total Cost": 32622.79,"Plan Rows": 47,"Plan Width": 12,"Actual Startup Time": 1.932,"Actual Total Time": 72.096,"Actual Rows": 40,"Actual Loops": 3,"Inner Unique": false,"Workers": [],"Plans": [{"Node Type": "Seq Scan","Parent Relationship": "Outer","Parallel Aware": true,"Async Capable": false,"Relation Name": "part","Alias": "part","Startup Cost": 0.00,"Total Cost": 7638.67,"Plan Rows": 203,"Plan Width": 30,"Actual Startup Time": 0.209,"Actual Total Time": 29.799,"Actual Rows": 165,"Actual Loops": 3,"Filter": "((p_size >= 1) AND (((p_brand = 'Brand#11'::bpchar) AND (p_container = ANY ('{\"SM CASE\",\"SM BOX\",\"SM PACK\",\"SM PKG\"}'::bpchar[])) AND (p_size <= 5)) OR ((p_brand = 'Brand#24'::bpchar) AND (p_container = ANY ('{\"MED BAG\",\"MED BOX\",\"MED PKG\",\"MED PACK\"}'::bpchar[])) AND (p_size <= 10)) OR ((p_brand = 'Brand#53'::bpchar) AND (p_container = ANY ('{\"LG CASE\",\"LG BOX\",\"LG PACK\",\"LG PKG\"}'::bpchar[])) AND (p_size <= 15))))","Rows Removed by Filter": 66502,"Workers": []},{"Node Type": "Index Scan","Parent Relationship": "Inner","Parallel Aware": false,"Async Capable": false,"Scan Direction": "Forward","Index Name": "idx_lineitem_part_supp","Relation Name": "lineitem","Alias": "lineitem","Startup Cost": 0.43,"Total Cost": 123.06,"Plan Rows": 1,"Plan Width": 21,"Actual Startup Time": 0.228,"Actual Total Time": 0.256,"Actual Rows": 0,"Actual Loops": 494,"Index Cond": "(l_partkey = part.p_partkey)","Rows Removed by Index Recheck": 0,"Filter": "((l_shipmode = ANY ('{AIR,\"AIR REG\"}'::bpchar[])) AND (l_shipinstruct = 'DELIVER IN PERSON'::bpchar) AND (((l_quantity >= '6'::numeric) AND (l_quantity <= '16'::numeric)) OR ((l_quantity >= '17'::numeric) AND (l_quantity <= '27'::numeric)) OR ((l_quantity >= '21'::numeric) AND (l_quantity <= '31'::numeric))) AND (((part.p_brand = 'Brand#11'::bpchar) AND (part.p_container = ANY ('{\"SM CASE\",\"SM BOX\",\"SM PACK\",\"SM PKG\"}'::bpchar[])) AND (l_quantity >= '6'::numeric) AND (l_quantity <= '16'::numeric) AND (part.p_size <= 5)) OR ((part.p_brand = 'Brand#24'::bpchar) AND (part.p_container = ANY ('{\"MED BAG\",\"MED BOX\",\"MED PKG\",\"MED PACK\"}'::bpchar[])) AND (l_quantity >= '17'::numeric) AND (l_quantity <= '27'::numeric) AND (part.p_size <= 10)) OR ((part.p_brand = 'Brand#53'::bpchar) AND (part.p_container = ANY ('{\"LG CASE\",\"LG BOX\",\"LG PACK\",\"LG PKG\"}'::bpchar[])) AND (l_quantity >= '21'::numeric) AND (l_quantity <= '31'::numeric) AND (part.p_size <= 15))))","Rows Removed by Filter": 30,"Workers": []}]}]}]}]},"Planning Time": 5.621,"Triggers": [],"Execution Time": 93.403}]
[{"Plan": {"Node Type": "Aggregate","Strategy": "Plain","Partial Mode": "Finalize","Parallel Aware": false,"Async Capable": false,"Startup Cost": 34204.52,"Total Cost": 34204.53,"Plan Rows": 1,"Plan Width": 32,"Actual Startup Time": 84.221,"Actual Total Time": 99.814,"Actual Rows": 1,"Actual Loops": 1,"Plans": [{"Node Type": "Gather","Parent Relationship": "Outer","Parallel Aware": false,"Async Capable": false,"Startup Cost": 34204.30,"Total Cost": 34204.51,"Plan Rows": 2,"Plan Width": 32,"Actual Startup Time": 83.865,"Actual Total Time": 99.785,"Actual Rows": 3,"Actual Loops": 1,"Workers Planned": 2,"Workers Launched": 2,"Single Copy": false,"Plans": [{"Node Type": "Aggregate","Strategy": "Plain","Partial Mode": "Partial","Parent Relationship": "Outer","Parallel Aware": false,"Async Capable": false,"Startup Cost": 33204.30,"Total Cost": 33204.31,"Plan Rows": 1,"Plan Width": 32,"Actual Startup Time": 77.412,"Actual Total Time": 77.414,"Actual Rows": 1,"Actual Loops": 3,"Workers": [],"Plans": [{"Node Type": "Nested Loop","Parent Relationship": "Outer","Parallel Aware": false,"Async Capable": false,"Join Type": "Inner","Startup Cost": 0.43,"Total Cost": 33203.93,"Plan Rows": 48,"Plan Width": 12,"Actual Startup Time": 1.492,"Actual Total Time": 77.371,"Actual Rows": 39,"Actual Loops": 3,"Inner Unique": false,"Workers": [],"Plans": [{"Node Type": "Seq Scan","Parent Relationship": "Outer","Parallel Aware": true,"Async Capable": false,"Relation Name": "part","Alias": "part","Startup Cost": 0.00,"Total Cost": 7638.67,"Plan Rows": 208,"Plan Width": 30,"Actual Startup Time": 0.427,"Actual Total Time": 33.428,"Actual Rows": 164,"Actual Loops": 3,"Filter": "((p_size >= 1) AND (((p_brand = 'Brand#12'::bpchar) AND (p_container = ANY ('{\"SM CASE\",\"SM BOX\",\"SM PACK\",\"SM PKG\"}'::bpchar[])) AND (p_size <= 5)) OR ((p_brand = 'Brand#45'::bpchar) AND (p_container = ANY ('{\"MED BAG\",\"MED BOX\",\"MED PKG\",\"MED PACK\"}'::bpchar[])) AND (p_size <= 10)) OR ((p_brand = 'Brand#15'::bpchar) AND (p_container = ANY ('{\"LG CASE\",\"LG BOX\",\"LG PACK\",\"LG PKG\"}'::bpchar[])) AND (p_size <= 15))))","Rows Removed by Filter": 66503,"Workers": []},{"Node Type": "Index Scan","Parent Relationship": "Inner","Parallel Aware": false,"Async Capable": false,"Scan Direction": "Forward","Index Name": "idx_lineitem_part_supp","Relation Name": "lineitem","Alias": "lineitem","Startup Cost": 0.43,"Total Cost": 122.90,"Plan Rows": 1,"Plan Width": 21,"Actual Startup Time": 0.238,"Actual Total Time": 0.268,"Actual Rows": 0,"Actual Loops": 491,"Index Cond": "(l_partkey = part.p_partkey)","Rows Removed by Index Recheck": 0,"Filter": "((l_shipmode = ANY ('{AIR,\"AIR REG\"}'::bpchar[])) AND (l_shipinstruct = 'DELIVER IN PERSON'::bpchar) AND (((l_quantity >= '1'::numeric) AND (l_quantity <= '11'::numeric)) OR ((l_quantity >= '10'::numeric) AND (l_quantity <= '20'::numeric)) OR ((l_quantity >= '29'::numeric) AND (l_quantity <= '39'::numeric))) AND (((part.p_brand = 'Brand#12'::bpchar) AND (part.p_container = ANY ('{\"SM CASE\",\"SM BOX\",\"SM PACK\",\"SM PKG\"}'::bpchar[])) AND (l_quantity >= '1'::numeric) AND (l_quantity <= '11'::numeric) AND (part.p_size <= 5)) OR ((part.p_brand = 'Brand#45'::bpchar) AND (part.p_container = ANY ('{\"MED BAG\",\"MED BOX\",\"MED PKG\",\"MED PACK\"}'::bpchar[])) AND (l_quantity >= '10'::numeric) AND (l_quantity <= '20'::numeric) AND (part.p_size <= 10)) OR ((part.p_brand = 'Brand#15'::bpchar) AND (part.p_container = ANY ('{\"LG CASE\",\"LG BOX\",\"LG PACK\",\"LG PKG\"}'::bpchar[])) AND (l_quantity >= '29'::numeric) AND (l_quantity <= '39'::numeric) AND (part.p_size <= 15))))","Rows Removed by Filter": 30,"Workers": []}]}]}]}]},"Planning Time": 6.865,"Triggers": [],"Execution Time": 99.976}]
[{"Plan": {"Node Type": "Aggregate","Strategy": "Plain","Partial Mode": "Finalize","Parallel Aware": false,"Async Capable": false,"Startup Cost": 33623.11,"Total Cost": 33623.12,"Plan Rows": 1,"Plan Width": 32,"Actual Startup Time": 84.749,"Actual Total Time": 99.449,"Actual Rows": 1,"Actual Loops": 1,"Plans": [{"Node Type": "Gather","Parent Relationship": "Outer","Parallel Aware": false,"Async Capable": false,"Startup Cost": 33622.89,"Total Cost": 33623.10,"Plan Rows": 2,"Plan Width": 32,"Actual Startup Time": 84.455,"Actual Total Time": 99.416,"Actual Rows": 3,"Actual Loops": 1,"Workers Planned": 2,"Workers Launched": 2,"Single Copy": false,"Plans": [{"Node Type": "Aggregate","Strategy": "Plain","Partial Mode": "Partial","Parent Relationship": "Outer","Parallel Aware": false,"Async Capable": false,"Startup Cost": 32622.89,"Total Cost": 32622.90,"Plan Rows": 1,"Plan Width": 32,"Actual Startup Time": 77.814,"Actual Total Time": 77.817,"Actual Rows": 1,"Actual Loops": 3,"Workers": [],"Plans": [{"Node Type": "Nested Loop","Parent Relationship": "Outer","Parallel Aware": false,"Async Capable": false,"Join Type": "Inner","Startup Cost": 0.43,"Total Cost": 32622.53,"Plan Rows": 47,"Plan Width": 12,"Actual Startup Time": 4.631,"Actual Total Time": 77.769,"Actual Rows": 39,"Actual Loops": 3,"Inner Unique": false,"Workers": [],"Plans": [{"Node Type": "Seq Scan","Parent Relationship": "Outer","Parallel Aware": true,"Async Capable": false,"Relation Name": "part","Alias": "part","Startup Cost": 0.00,"Total Cost": 7638.67,"Plan Rows": 203,"Plan Width": 30,"Actual Startup Time": 0.361,"Actual Total Time": 33.800,"Actual Rows": 158,"Actual Loops": 3,"Filter": "((p_size >= 1) AND (((p_brand = 'Brand#11'::bpchar) AND (p_container = ANY ('{\"SM CASE\",\"SM BOX\",\"SM PACK\",\"SM PKG\"}'::bpchar[])) AND (p_size <= 5)) OR ((p_brand = 'Brand#14'::bpchar) AND (p_container = ANY ('{\"MED BAG\",\"MED BOX\",\"MED PKG\",\"MED PACK\"}'::bpchar[])) AND (p_size <= 10)) OR ((p_brand = 'Brand#11'::bpchar) AND (p_container = ANY ('{\"LG CASE\",\"LG BOX\",\"LG PACK\",\"LG PKG\"}'::bpchar[])) AND (p_size <= 15))))","Rows Removed by Filter": 66509,"Workers": []},{"Node Type": "Index Scan","Parent Relationship": "Inner","Parallel Aware": false,"Async Capable": false,"Scan Direction": "Forward","Index Name": "idx_lineitem_part_supp","Relation Name": "lineitem","Alias": "lineitem","Startup Cost": 0.43,"Total Cost": 123.06,"Plan Rows": 1,"Plan Width": 21,"Actual Startup Time": 0.250,"Actual Total Time": 0.278,"Actual Rows": 0,"Actual Loops": 473,"Index Cond": "(l_partkey = part.p_partkey)","Rows Removed by Index Recheck": 0,"Filter": "((l_shipmode = ANY ('{AIR,\"AIR REG\"}'::bpchar[])) AND (l_shipinstruct = 'DELIVER IN PERSON'::bpchar) AND (((l_quantity >= '3'::numeric) AND (l_quantity <= '13'::numeric)) OR ((l_quantity >= '13'::numeric) AND (l_quantity <= '23'::numeric)) OR ((l_quantity >= '28'::numeric) AND (l_quantity <= '38'::numeric))) AND (((part.p_brand = 'Brand#11'::bpchar) AND (part.p_container = ANY ('{\"SM CASE\",\"SM BOX\",\"SM PACK\",\"SM PKG\"}'::bpchar[])) AND (l_quantity >= '3'::numeric) AND (l_quantity <= '13'::numeric) AND (part.p_size <= 5)) OR ((part.p_brand = 'Brand#14'::bpchar) AND (part.p_container = ANY ('{\"MED BAG\",\"MED BOX\",\"MED PKG\",\"MED PACK\"}'::bpchar[])) AND (l_quantity >= '13'::numeric) AND (l_quantity <= '23'::numeric) AND (part.p_size <= 10)) OR ((part.p_brand = 'Brand#11'::bpchar) AND (part.p_container = ANY ('{\"LG CASE\",\"LG BOX\",\"LG PACK\",\"LG PKG\"}'::bpchar[])) AND (l_quantity >= '28'::numeric) AND (l_quantity <= '38'::numeric) AND (part.p_size <= 15))))","Rows Removed by Filter": 30,"Workers": []}]}]}]}]},"Planning Time": 5.136,"Triggers": [],"Execution Time": 99.602}]
[{"Plan": {"Node Type": "Aggregate","Strategy": "Plain","Partial Mode": "Finalize","Parallel Aware": false,"Async Capable": false,"Startup Cost": 33506.60,"Total Cost": 33506.61,"Plan Rows": 1,"Plan Width": 32,"Actual Startup Time": 86.012,"Actual Total Time": 100.454,"Actual Rows": 1,"Actual Loops": 1,"Plans": [{"Node Type": "Gather","Parent Relationship": "Outer","Parallel Aware": false,"Async Capable": false,"Startup Cost": 33506.37,"Total Cost": 33506.58,"Plan Rows": 2,"Plan Width": 32,"Actual Startup Time": 85.828,"Actual Total Time": 100.431,"Actual Rows": 3,"Actual Loops": 1,"Workers Planned": 2,"Workers Launched": 2,"Single Copy": false,"Plans": [{"Node Type": "Aggregate","Strategy": "Plain","Partial Mode": "Partial","Parent Relationship": "Outer","Parallel Aware": false,"Async Capable": false,"Startup Cost": 32506.37,"Total Cost": 32506.38,"Plan Rows": 1,"Plan Width": 32,"Actual Startup Time": 79.143,"Actual Total Time": 79.147,"Actual Rows": 1,"Actual Loops": 3,"Workers": [],"Plans": [{"Node Type": "Nested Loop","Parent Relationship": "Outer","Parallel Aware": false,"Async Capable": false,"Join Type": "Inner","Startup Cost": 0.43,"Total Cost": 32506.02,"Plan Rows": 47,"Plan Width": 12,"Actual Startup Time": 6.325,"Actual Total Time": 79.105,"Actual Rows": 41,"Actual Loops": 3,"Inner Unique": false,"Workers": [],"Plans": [{"Node Type": "Seq Scan","Parent Relationship": "Outer","Parallel Aware": true,"Async Capable": false,"Relation Name": "part","Alias": "part","Startup Cost": 0.00,"Total Cost": 7638.67,"Plan Rows": 202,"Plan Width": 30,"Actual Startup Time": 0.713,"Actual Total Time": 35.080,"Actual Rows": 157,"Actual Loops": 3,"Filter": "((p_size >= 1) AND (((p_brand = 'Brand#22'::bpchar) AND (p_container = ANY ('{\"SM CASE\",\"SM BOX\",\"SM PACK\",\"SM PKG\"}'::bpchar[])) AND (p_size <= 5)) OR ((p_brand = 'Brand#15'::bpchar) AND (p_container = ANY ('{\"MED BAG\",\"MED BOX\",\"MED PKG\",\"MED PACK\"}'::bpchar[])) AND (p_size <= 10)) OR ((p_brand = 'Brand#43'::bpchar) AND (p_container = ANY ('{\"LG CASE\",\"LG BOX\",\"LG PACK\",\"LG PKG\"}'::bpchar[])) AND (p_size <= 15))))","Rows Removed by Filter": 66509,"Workers": []},{"Node Type": "Index Scan","Parent Relationship": "Inner","Parallel Aware": false,"Async Capable": false,"Scan Direction": "Forward","Index Name": "idx_lineitem_part_supp","Relation Name": "lineitem","Alias": "lineitem","Startup Cost": 0.43,"Total Cost": 123.10,"Plan Rows": 1,"Plan Width": 21,"Actual Startup Time": 0.247,"Actual Total Time": 0.279,"Actual Rows": 0,"Actual Loops": 472,"Index Cond": "(l_partkey = part.p_partkey)","Rows Removed by Index Recheck": 0,"Filter": "((l_shipmode = ANY ('{AIR,\"AIR REG\"}'::bpchar[])) AND (l_shipinstruct = 'DELIVER IN PERSON'::bpchar) AND (((l_quantity >= '6'::numeric) AND (l_quantity <= '16'::numeric)) OR ((l_quantity >= '15'::numeric) AND (l_quantity <= '25'::numeric)) OR ((l_quantity >= '20'::numeric) AND (l_quantity <= '30'::numeric))) AND (((part.p_brand = 'Brand#22'::bpchar) AND (part.p_container = ANY ('{\"SM CASE\",\"SM BOX\",\"SM PACK\",\"SM PKG\"}'::bpchar[])) AND (l_quantity >= '6'::numeric) AND (l_quantity <= '16'::numeric) AND (part.p_size <= 5)) OR ((part.p_brand = 'Brand#15'::bpchar) AND (part.p_container = ANY ('{\"MED BAG\",\"MED BOX\",\"MED PKG\",\"MED PACK\"}'::bpchar[])) AND (l_quantity >= '15'::numeric) AND (l_quantity <= '25'::numeric) AND (part.p_size <= 10)) OR ((part.p_brand = 'Brand#43'::bpchar) AND (part.p_container = ANY ('{\"LG CASE\",\"LG BOX\",\"LG PACK\",\"LG PKG\"}'::bpchar[])) AND (l_quantity >= '20'::numeric) AND (l_quantity <= '30'::numeric) AND (part.p_size <= 15))))","Rows Removed by Filter": 30,"Workers": []}]}]}]}]},"Planning Time": 6.193,"Triggers": [],"Execution Time": 100.607}]
[{"Plan": {"Node Type": "Aggregate","Strategy": "Plain","Partial Mode": "Finalize","Parallel Aware": false,"Async Capable": false,"Startup Cost": 33506.39,"Total Cost": 33506.40,"Plan Rows": 1,"Plan Width": 32,"Actual Startup Time": 80.711,"Actual Total Time": 95.787,"Actual Rows": 1,"Actual Loops": 1,"Plans": [{"Node Type": "Gather","Parent Relationship": "Outer","Parallel Aware": false,"Async Capable": false,"Startup Cost": 33506.17,"Total Cost": 33506.38,"Plan Rows": 2,"Plan Width": 32,"Actual Startup Time": 80.593,"Actual Total Time": 95.761,"Actual Rows": 3,"Actual Loops": 1,"Workers Planned": 2,"Workers Launched": 2,"Single Copy": false,"Plans": [{"Node Type": "Aggregate","Strategy": "Plain","Partial Mode": "Partial","Parent Relationship": "Outer","Parallel Aware": false,"Async Capable": false,"Startup Cost": 32506.17,"Total Cost": 32506.18,"Plan Rows": 1,"Plan Width": 32,"Actual Startup Time": 74.478,"Actual Total Time": 74.481,"Actual Rows": 1,"Actual Loops": 3,"Workers": [],"Plans": [{"Node Type": "Nested Loop","Parent Relationship": "Outer","Parallel Aware": false,"Async Capable": false,"Join Type": "Inner","Startup Cost": 0.43,"Total Cost": 32505.82,"Plan Rows": 47,"Plan Width": 12,"Actual Startup Time": 1.010,"Actual Total Time": 74.433,"Actual Rows": 34,"Actual Loops": 3,"Inner Unique": false,"Workers": [],"Plans": [{"Node Type": "Seq Scan","Parent Relationship": "Outer","Parallel Aware": true,"Async Capable": false,"Relation Name": "part","Alias": "part","Startup Cost": 0.00,"Total Cost": 7638.67,"Plan Rows": 202,"Plan Width": 30,"Actual Startup Time": 0.175,"Actual Total Time": 31.032,"Actual Rows": 163,"Actual Loops": 3,"Filter": "((p_size >= 1) AND (((p_brand = 'Brand#41'::bpchar) AND (p_container = ANY ('{\"SM CASE\",\"SM BOX\",\"SM PACK\",\"SM PKG\"}'::bpchar[])) AND (p_size <= 5)) OR ((p_brand = 'Brand#35'::bpchar) AND (p_container = ANY ('{\"MED BAG\",\"MED BOX\",\"MED PKG\",\"MED PACK\"}'::bpchar[])) AND (p_size <= 10)) OR ((p_brand = 'Brand#44'::bpchar) AND (p_container = ANY ('{\"LG CASE\",\"LG BOX\",\"LG PACK\",\"LG PKG\"}'::bpchar[])) AND (p_size <= 15))))","Rows Removed by Filter": 66503,"Workers": []},{"Node Type": "Index Scan","Parent Relationship": "Inner","Parallel Aware": false,"Async Capable": false,"Scan Direction": "Forward","Index Name": "idx_lineitem_part_supp","Relation Name": "lineitem","Alias": "lineitem","Startup Cost": 0.43,"Total Cost": 123.09,"Plan Rows": 1,"Plan Width": 21,"Actual Startup Time": 0.238,"Actual Total Time": 0.265,"Actual Rows": 0,"Actual Loops": 490,"Index Cond": "(l_partkey = part.p_partkey)","Rows Removed by Index Recheck": 0,"Filter": "((l_shipmode = ANY ('{AIR,\"AIR REG\"}'::bpchar[])) AND (l_shipinstruct = 'DELIVER IN PERSON'::bpchar) AND (((l_quantity >= '3'::numeric) AND (l_quantity <= '13'::numeric)) OR ((l_quantity >= '18'::numeric) AND (l_quantity <= '28'::numeric)) OR ((l_quantity >= '23'::numeric) AND (l_quantity <= '33'::numeric))) AND (((part.p_brand = 'Brand#41'::bpchar) AND (part.p_container = ANY ('{\"SM CASE\",\"SM BOX\",\"SM PACK\",\"SM PKG\"}'::bpchar[])) AND (l_quantity >= '3'::numeric) AND (l_quantity <= '13'::numeric) AND (part.p_size <= 5)) OR ((part.p_brand = 'Brand#35'::bpchar) AND (part.p_container = ANY ('{\"MED BAG\",\"MED BOX\",\"MED PKG\",\"MED PACK\"}'::bpchar[])) AND (l_quantity >= '18'::numeric) AND (l_quantity <= '28'::numeric) AND (part.p_size <= 10)) OR ((part.p_brand = 'Brand#44'::bpchar) AND (part.p_container = ANY ('{\"LG CASE\",\"LG BOX\",\"LG PACK\",\"LG PKG\"}'::bpchar[])) AND (l_quantity >= '23'::numeric) AND (l_quantity <= '33'::numeric) AND (part.p_size <= 15))))","Rows Removed by Filter": 30,"Workers": []}]}]}]}]},"Planning Time": 5.698,"Triggers": [],"Execution Time": 96.000}]
[{"Plan": {"Node Type": "Aggregate","Strategy": "Plain","Partial Mode": "Finalize","Parallel Aware": false,"Async Capable": false,"Startup Cost": 33164.22,"Total Cost": 33164.23,"Plan Rows": 1,"Plan Width": 32,"Actual Startup Time": 84.325,"Actual Total Time": 98.852,"Actual Rows": 1,"Actual Loops": 1,"Plans": [{"Node Type": "Gather","Parent Relationship": "Outer","Parallel Aware": false,"Async Capable": false,"Startup Cost": 33164.00,"Total Cost": 33164.21,"Plan Rows": 2,"Plan Width": 32,"Actual Startup Time": 84.055,"Actual Total Time": 98.827,"Actual Rows": 3,"Actual Loops": 1,"Workers Planned": 2,"Workers Launched": 2,"Single Copy": false,"Plans": [{"Node Type": "Aggregate","Strategy": "Plain","Partial Mode": "Partial","Parent Relationship": "Outer","Parallel Aware": false,"Async Capable": false,"Startup Cost": 32164.00,"Total Cost": 32164.01,"Plan Rows": 1,"Plan Width": 32,"Actual Startup Time": 77.670,"Actual Total Time": 77.673,"Actual Rows": 1,"Actual Loops": 3,"Workers": [],"Plans": [{"Node Type": "Nested Loop","Parent Relationship": "Outer","Parallel Aware": false,"Async Capable": false,"Join Type": "Inner","Startup Cost": 0.43,"Total Cost": 32163.65,"Plan Rows": 46,"Plan Width": 12,"Actual Startup Time": 0.992,"Actual Total Time": 77.633,"Actual Rows": 40,"Actual Loops": 3,"Inner Unique": false,"Workers": [],"Plans": [{"Node Type": "Seq Scan","Parent Relationship": "Outer","Parallel Aware": true,"Async Capable": false,"Relation Name": "part","Alias": "part","Startup Cost": 0.00,"Total Cost": 7638.67,"Plan Rows": 199,"Plan Width": 30,"Actual Startup Time": 0.231,"Actual Total Time": 34.600,"Actual Rows": 157,"Actual Loops": 3,"Filter": "((p_size >= 1) AND (((p_brand = 'Brand#11'::bpchar) AND (p_container = ANY ('{\"SM CASE\",\"SM BOX\",\"SM PACK\",\"SM PKG\"}'::bpchar[])) AND (p_size <= 5)) OR ((p_brand = 'Brand#35'::bpchar) AND (p_container = ANY ('{\"MED BAG\",\"MED BOX\",\"MED PKG\",\"MED PACK\"}'::bpchar[])) AND (p_size <= 10)) OR ((p_brand = 'Brand#25'::bpchar) AND (p_container = ANY ('{\"LG CASE\",\"LG BOX\",\"LG PACK\",\"LG PKG\"}'::bpchar[])) AND (p_size <= 15))))","Rows Removed by Filter": 66509,"Workers": []},{"Node Type": "Index Scan","Parent Relationship": "Inner","Parallel Aware": false,"Async Capable": false,"Scan Direction": "Forward","Index Name": "idx_lineitem_part_supp","Relation Name": "lineitem","Alias": "lineitem","Startup Cost": 0.43,"Total Cost": 123.23,"Plan Rows": 1,"Plan Width": 21,"Actual Startup Time": 0.242,"Actual Total Time": 0.273,"Actual Rows": 0,"Actual Loops": 472,"Index Cond": "(l_partkey = part.p_partkey)","Rows Removed by Index Recheck": 0,"Filter": "((l_shipmode = ANY ('{AIR,\"AIR REG\"}'::bpchar[])) AND (l_shipinstruct = 'DELIVER IN PERSON'::bpchar) AND (((l_quantity >= '3'::numeric) AND (l_quantity <= '13'::numeric)) OR ((l_quantity >= '13'::numeric) AND (l_quantity <= '23'::numeric)) OR ((l_quantity >= '30'::numeric) AND (l_quantity <= '40'::numeric))) AND (((part.p_brand = 'Brand#11'::bpchar) AND (part.p_container = ANY ('{\"SM CASE\",\"SM BOX\",\"SM PACK\",\"SM PKG\"}'::bpchar[])) AND (l_quantity >= '3'::numeric) AND (l_quantity <= '13'::numeric) AND (part.p_size <= 5)) OR ((part.p_brand = 'Brand#35'::bpchar) AND (part.p_container = ANY ('{\"MED BAG\",\"MED BOX\",\"MED PKG\",\"MED PACK\"}'::bpchar[])) AND (l_quantity >= '13'::numeric) AND (l_quantity <= '23'::numeric) AND (part.p_size <= 10)) OR ((part.p_brand = 'Brand#25'::bpchar) AND (part.p_container = ANY ('{\"LG CASE\",\"LG BOX\",\"LG PACK\",\"LG PKG\"}'::bpchar[])) AND (l_quantity >= '30'::numeric) AND (l_quantity <= '40'::numeric) AND (part.p_size <= 15))))","Rows Removed by Filter": 29,"Workers": []}]}]}]}]},"Planning Time": 5.733,"Triggers": [],"Execution Time": 99.030}]
[{"Plan": {"Node Type": "Aggregate","Strategy": "Plain","Partial Mode": "Finalize","Parallel Aware": false,"Async Capable": false,"Startup Cost": 33391.87,"Total Cost": 33391.88,"Plan Rows": 1,"Plan Width": 32,"Actual Startup Time": 88.469,"Actual Total Time": 104.024,"Actual Rows": 1,"Actual Loops": 1,"Plans": [{"Node Type": "Gather","Parent Relationship": "Outer","Parallel Aware": false,"Async Capable": false,"Startup Cost": 33391.64,"Total Cost": 33391.85,"Plan Rows": 2,"Plan Width": 32,"Actual Startup Time": 88.429,"Actual Total Time": 103.989,"Actual Rows": 3,"Actual Loops": 1,"Workers Planned": 2,"Workers Launched": 2,"Single Copy": false,"Plans": [{"Node Type": "Aggregate","Strategy": "Plain","Partial Mode": "Partial","Parent Relationship": "Outer","Parallel Aware": false,"Async Capable": false,"Startup Cost": 32391.64,"Total Cost": 32391.65,"Plan Rows": 1,"Plan Width": 32,"Actual Startup Time": 82.134,"Actual Total Time": 82.135,"Actual Rows": 1,"Actual Loops": 3,"Workers": [],"Plans": [{"Node Type": "Nested Loop","Parent Relationship": "Outer","Parallel Aware": false,"Async Capable": false,"Join Type": "Inner","Startup Cost": 0.43,"Total Cost": 32391.29,"Plan Rows": 47,"Plan Width": 12,"Actual Startup Time": 4.261,"Actual Total Time": 82.090,"Actual Rows": 36,"Actual Loops": 3,"Inner Unique": false,"Workers": [],"Plans": [{"Node Type": "Seq Scan","Parent Relationship": "Outer","Parallel Aware": true,"Async Capable": false,"Relation Name": "part","Alias": "part","Startup Cost": 0.00,"Total Cost": 7638.67,"Plan Rows": 201,"Plan Width": 30,"Actual Startup Time": 0.351,"Actual Total Time": 34.937,"Actual Rows": 171,"Actual Loops": 3,"Filter": "((p_size >= 1) AND (((p_brand = 'Brand#44'::bpchar) AND (p_container = ANY ('{\"SM CASE\",\"SM BOX\",\"SM PACK\",\"SM PKG\"}'::bpchar[])) AND (p_size <= 5)) OR ((p_brand = 'Brand#44'::bpchar) AND (p_container = ANY ('{\"MED BAG\",\"MED BOX\",\"MED PKG\",\"MED PACK\"}'::bpchar[])) AND (p_size <= 10)) OR ((p_brand = 'Brand#13'::bpchar) AND (p_container = ANY ('{\"LG CASE\",\"LG BOX\",\"LG PACK\",\"LG PKG\"}'::bpchar[])) AND (p_size <= 15))))","Rows Removed by Filter": 66496,"Workers": []},{"Node Type": "Index Scan","Parent Relationship": "Inner","Parallel Aware": false,"Async Capable": false,"Scan Direction": "Forward","Index Name": "idx_lineitem_part_supp","Relation Name": "lineitem","Alias": "lineitem","Startup Cost": 0.43,"Total Cost": 123.14,"Plan Rows": 1,"Plan Width": 21,"Actual Startup Time": 0.250,"Actual Total Time": 0.276,"Actual Rows": 0,"Actual Loops": 512,"Index Cond": "(l_partkey = part.p_partkey)","Rows Removed by Index Recheck": 0,"Filter": "((l_shipmode = ANY ('{AIR,\"AIR REG\"}'::bpchar[])) AND (l_shipinstruct = 'DELIVER IN PERSON'::bpchar) AND (((l_quantity >= '4'::numeric) AND (l_quantity <= '14'::numeric)) OR ((l_quantity >= '15'::numeric) AND (l_quantity <= '25'::numeric)) OR ((l_quantity >= '27'::numeric) AND (l_quantity <= '37'::numeric))) AND (((part.p_brand = 'Brand#44'::bpchar) AND (part.p_container = ANY ('{\"SM CASE\",\"SM BOX\",\"SM PACK\",\"SM PKG\"}'::bpchar[])) AND (l_quantity >= '4'::numeric) AND (l_quantity <= '14'::numeric) AND (part.p_size <= 5)) OR ((part.p_brand = 'Brand#44'::bpchar) AND (part.p_container = ANY ('{\"MED BAG\",\"MED BOX\",\"MED PKG\",\"MED PACK\"}'::bpchar[])) AND (l_quantity >= '15'::numeric) AND (l_quantity <= '25'::numeric) AND (part.p_size <= 10)) OR ((part.p_brand = 'Brand#13'::bpchar) AND (part.p_container = ANY ('{\"LG CASE\",\"LG BOX\",\"LG PACK\",\"LG PKG\"}'::bpchar[])) AND (l_quantity >= '27'::numeric) AND (l_quantity <= '37'::numeric) AND (part.p_size <= 15))))","Rows Removed by Filter": 30,"Workers": []}]}]}]}]},"Planning Time": 6.263,"Triggers": [],"Execution Time": 104.245}]
[{"Plan": {"Node Type": "Aggregate","Strategy": "Plain","Partial Mode": "Finalize","Parallel Aware": false,"Async Capable": false,"Startup Cost": 33971.87,"Total Cost": 33971.88,"Plan Rows": 1,"Plan Width": 32,"Actual Startup Time": 84.765,"Actual Total Time": 100.407,"Actual Rows": 1,"Actual Loops": 1,"Plans": [{"Node Type": "Gather","Parent Relationship": "Outer","Parallel Aware": false,"Async Capable": false,"Startup Cost": 33971.65,"Total Cost": 33971.86,"Plan Rows": 2,"Plan Width": 32,"Actual Startup Time": 84.481,"Actual Total Time": 100.382,"Actual Rows": 3,"Actual Loops": 1,"Workers Planned": 2,"Workers Launched": 2,"Single Copy": false,"Plans": [{"Node Type": "Aggregate","Strategy": "Plain","Partial Mode": "Partial","Parent Relationship": "Outer","Parallel Aware": false,"Async Capable": false,"Startup Cost": 32971.65,"Total Cost": 32971.66,"Plan Rows": 1,"Plan Width": 32,"Actual Startup Time": 77.640,"Actual Total Time": 77.645,"Actual Rows": 1,"Actual Loops": 3,"Workers": [],"Plans": [{"Node Type": "Nested Loop","Parent Relationship": "Outer","Parallel Aware": false,"Async Capable": false,"Join Type": "Inner","Startup Cost": 0.43,"Total Cost": 32971.29,"Plan Rows": 48,"Plan Width": 12,"Actual Startup Time": 1.696,"Actual Total Time": 77.603,"Actual Rows": 35,"Actual Loops": 3,"Inner Unique": false,"Workers": [],"Plans": [{"Node Type": "Seq Scan","Parent Relationship": "Outer","Parallel Aware": true,"Async Capable": false,"Relation Name": "part","Alias": "part","Startup Cost": 0.00,"Total Cost": 7638.67,"Plan Rows": 206,"Plan Width": 30,"Actual Startup Time": 0.528,"Actual Total Time": 33.126,"Actual Rows": 164,"Actual Loops": 3,"Filter": "((p_size >= 1) AND (((p_brand = 'Brand#34'::bpchar) AND (p_container = ANY ('{\"SM CASE\",\"SM BOX\",\"SM PACK\",\"SM PKG\"}'::bpchar[])) AND (p_size <= 5)) OR ((p_brand = 'Brand#45'::bpchar) AND (p_container = ANY ('{\"MED BAG\",\"MED BOX\",\"MED PKG\",\"MED PACK\"}'::bpchar[])) AND (p_size <= 10)) OR ((p_brand = 'Brand#35'::bpchar) AND (p_container = ANY ('{\"LG CASE\",\"LG BOX\",\"LG PACK\",\"LG PKG\"}'::bpchar[])) AND (p_size <= 15))))","Rows Removed by Filter": 66502,"Workers": []},{"Node Type": "Index Scan","Parent Relationship": "Inner","Parallel Aware": false,"Async Capable": false,"Scan Direction": "Forward","Index Name": "idx_lineitem_part_supp","Relation Name": "lineitem","Alias": "lineitem","Startup Cost": 0.43,"Total Cost": 122.96,"Plan Rows": 1,"Plan Width": 21,"Actual Startup Time": 0.241,"Actual Total Time": 0.270,"Actual Rows": 0,"Actual Loops": 493,"Index Cond": "(l_partkey = part.p_partkey)","Rows Removed by Index Recheck": 0,"Filter": "((l_shipmode = ANY ('{AIR,\"AIR REG\"}'::bpchar[])) AND (l_shipinstruct = 'DELIVER IN PERSON'::bpchar) AND (((l_quantity >= '4'::numeric) AND (l_quantity <= '14'::numeric)) OR ((l_quantity >= '13'::numeric) AND (l_quantity <= '23'::numeric)) OR ((l_quantity >= '25'::numeric) AND (l_quantity <= '35'::numeric))) AND (((part.p_brand = 'Brand#34'::bpchar) AND (part.p_container = ANY ('{\"SM CASE\",\"SM BOX\",\"SM PACK\",\"SM PKG\"}'::bpchar[])) AND (l_quantity >= '4'::numeric) AND (l_quantity <= '14'::numeric) AND (part.p_size <= 5)) OR ((part.p_brand = 'Brand#45'::bpchar) AND (part.p_container = ANY ('{\"MED BAG\",\"MED BOX\",\"MED PKG\",\"MED PACK\"}'::bpchar[])) AND (l_quantity >= '13'::numeric) AND (l_quantity <= '23'::numeric) AND (part.p_size <= 10)) OR ((part.p_brand = 'Brand#35'::bpchar) AND (part.p_container = ANY ('{\"LG CASE\",\"LG BOX\",\"LG PACK\",\"LG PKG\"}'::bpchar[])) AND (l_quantity >= '25'::numeric) AND (l_quantity <= '35'::numeric) AND (part.p_size <= 15))))","Rows Removed by Filter": 30,"Workers": []}]}]}]}]},"Planning Time": 6.629,"Triggers": [],"Execution Time": 100.569}]
[{"Plan": {"Node Type": "Aggregate","Strategy": "Plain","Partial Mode": "Finalize","Parallel Aware": false,"Async Capable": false,"Startup Cost": 33624.11,"Total Cost": 33624.12,"Plan Rows": 1,"Plan Width": 32,"Actual Startup Time": 79.053,"Actual Total Time": 92.752,"Actual Rows": 1,"Actual Loops": 1,"Plans": [{"Node Type": "Gather","Parent Relationship": "Outer","Parallel Aware": false,"Async Capable": false,"Startup Cost": 33623.88,"Total Cost": 33624.09,"Plan Rows": 2,"Plan Width": 32,"Actual Startup Time": 78.396,"Actual Total Time": 92.719,"Actual Rows": 3,"Actual Loops": 1,"Workers Planned": 2,"Workers Launched": 2,"Single Copy": false,"Plans": [{"Node Type": "Aggregate","Strategy": "Plain","Partial Mode": "Partial","Parent Relationship": "Outer","Parallel Aware": false,"Async Capable": false,"Startup Cost": 32623.88,"Total Cost": 32623.89,"Plan Rows": 1,"Plan Width": 32,"Actual Startup Time": 72.229,"Actual Total Time": 72.231,"Actual Rows": 1,"Actual Loops": 3,"Workers": [],"Plans": [{"Node Type": "Nested Loop","Parent Relationship": "Outer","Parallel Aware": false,"Async Capable": false,"Join Type": "Inner","Startup Cost": 0.43,"Total Cost": 32623.52,"Plan Rows": 48,"Plan Width": 12,"Actual Startup Time": 7.985,"Actual Total Time": 72.182,"Actual Rows": 31,"Actual Loops": 3,"Inner Unique": false,"Workers": [],"Plans": [{"Node Type": "Seq Scan","Parent Relationship": "Outer","Parallel Aware": true,"Async Capable": false,"Relation Name": "part","Alias": "part","Startup Cost": 0.00,"Total Cost": 7638.67,"Plan Rows": 203,"Plan Width": 30,"Actual Startup Time": 0.511,"Actual Total Time": 30.508,"Actual Rows": 160,"Actual Loops": 3,"Filter": "((p_size >= 1) AND (((p_brand = 'Brand#14'::bpchar) AND (p_container = ANY ('{\"SM CASE\",\"SM BOX\",\"SM PACK\",\"SM PKG\"}'::bpchar[])) AND (p_size <= 5)) OR ((p_brand = 'Brand#41'::bpchar) AND (p_container = ANY ('{\"MED BAG\",\"MED BOX\",\"MED PKG\",\"MED PACK\"}'::bpchar[])) AND (p_size <= 10)) OR ((p_brand = 'Brand#51'::bpchar) AND (p_container = ANY ('{\"LG CASE\",\"LG BOX\",\"LG PACK\",\"LG PKG\"}'::bpchar[])) AND (p_size <= 15))))","Rows Removed by Filter": 66507,"Workers": []},{"Node Type": "Index Scan","Parent Relationship": "Inner","Parallel Aware": false,"Async Capable": false,"Scan Direction": "Forward","Index Name": "idx_lineitem_part_supp","Relation Name": "lineitem","Alias": "lineitem","Startup Cost": 0.43,"Total Cost": 123.07,"Plan Rows": 1,"Plan Width": 21,"Actual Startup Time": 0.236,"Actual Total Time": 0.260,"Actual Rows": 0,"Actual Loops": 480,"Index Cond": "(l_partkey = part.p_partkey)","Rows Removed by Index Recheck": 0,"Filter": "((l_shipmode = ANY ('{AIR,\"AIR REG\"}'::bpchar[])) AND (l_shipinstruct = 'DELIVER IN PERSON'::bpchar) AND (((l_quantity >= '1'::numeric) AND (l_quantity <= '11'::numeric)) OR ((l_quantity >= '12'::numeric) AND (l_quantity <= '22'::numeric)) OR ((l_quantity >= '20'::numeric) AND (l_quantity <= '30'::numeric))) AND (((part.p_brand = 'Brand#14'::bpchar) AND (part.p_container = ANY ('{\"SM CASE\",\"SM BOX\",\"SM PACK\",\"SM PKG\"}'::bpchar[])) AND (l_quantity >= '1'::numeric) AND (l_quantity <= '11'::numeric) AND (part.p_size <= 5)) OR ((part.p_brand = 'Brand#41'::bpchar) AND (part.p_container = ANY ('{\"MED BAG\",\"MED BOX\",\"MED PKG\",\"MED PACK\"}'::bpchar[])) AND (l_quantity >= '12'::numeric) AND (l_quantity <= '22'::numeric) AND (part.p_size <= 10)) OR ((part.p_brand = 'Brand#51'::bpchar) AND (part.p_container = ANY ('{\"LG CASE\",\"LG BOX\",\"LG PACK\",\"LG PKG\"}'::bpchar[])) AND (l_quantity >= '20'::numeric) AND (l_quantity <= '30'::numeric) AND (part.p_size <= 15))))","Rows Removed by Filter": 29,"Workers": []}]}]}]}]},"Planning Time": 5.425,"Triggers": [],"Execution Time": 92.990}]
[{"Plan": {"Node Type": "Aggregate","Strategy": "Plain","Partial Mode": "Finalize","Parallel Aware": false,"Async Capable": false,"Startup Cost": 33512.56,"Total Cost": 33512.57,"Plan Rows": 1,"Plan Width": 32,"Actual Startup Time": 87.046,"Actual Total Time": 102.157,"Actual Rows": 1,"Actual Loops": 1,"Plans": [{"Node Type": "Gather","Parent Relationship": "Outer","Parallel Aware": false,"Async Capable": false,"Startup Cost": 33512.34,"Total Cost": 33512.55,"Plan Rows": 2,"Plan Width": 32,"Actual Startup Time": 86.663,"Actual Total Time": 102.131,"Actual Rows": 3,"Actual Loops": 1,"Workers Planned": 2,"Workers Launched": 2,"Single Copy": false,"Plans": [{"Node Type": "Aggregate","Strategy": "Plain","Partial Mode": "Partial","Parent Relationship": "Outer","Parallel Aware": false,"Async Capable": false,"Startup Cost": 32512.34,"Total Cost": 32512.35,"Plan Rows": 1,"Plan Width": 32,"Actual Startup Time": 80.016,"Actual Total Time": 80.021,"Actual Rows": 1,"Actual Loops": 3,"Workers": [],"Plans": [{"Node Type": "Nested Loop","Parent Relationship": "Outer","Parallel Aware": false,"Async Capable": false,"Join Type": "Inner","Startup Cost": 0.43,"Total Cost": 32511.98,"Plan Rows": 47,"Plan Width": 12,"Actual Startup Time": 0.590,"Actual Total Time": 79.972,"Actual Rows": 44,"Actual Loops": 3,"Inner Unique": false,"Workers": [],"Plans": [{"Node Type": "Seq Scan","Parent Relationship": "Outer","Parallel Aware": true,"Async Capable": false,"Relation Name": "part","Alias": "part","Startup Cost": 0.00,"Total Cost": 7638.67,"Plan Rows": 202,"Plan Width": 30,"Actual Startup Time": 0.278,"Actual Total Time": 34.584,"Actual Rows": 162,"Actual Loops": 3,"Filter": "((p_size >= 1) AND (((p_brand = 'Brand#12'::bpchar) AND (p_container = ANY ('{\"SM CASE\",\"SM BOX\",\"SM PACK\",\"SM PKG\"}'::bpchar[])) AND (p_size <= 5)) OR ((p_brand = 'Brand#54'::bpchar) AND (p_container = ANY ('{\"MED BAG\",\"MED BOX\",\"MED PKG\",\"MED PACK\"}'::bpchar[])) AND (p_size <= 10)) OR ((p_brand = 'Brand#55'::bpchar) AND (p_container = ANY ('{\"LG CASE\",\"LG BOX\",\"LG PACK\",\"LG PKG\"}'::bpchar[])) AND (p_size <= 15))))","Rows Removed by Filter": 66505,"Workers": []},{"Node Type": "Index Scan","Parent Relationship": "Inner","Parallel Aware": false,"Async Capable": false,"Scan Direction": "Forward","Index Name": "idx_lineitem_part_supp","Relation Name": "lineitem","Alias": "lineitem","Startup Cost": 0.43,"Total Cost": 123.13,"Plan Rows": 1,"Plan Width": 21,"Actual Startup Time": 0.245,"Actual Total Time": 0.280,"Actual Rows": 0,"Actual Loops": 486,"Index Cond": "(l_partkey = part.p_partkey)","Rows Removed by Index Recheck": 0,"Filter": "((l_shipmode = ANY ('{AIR,\"AIR REG\"}'::bpchar[])) AND (l_shipinstruct = 'DELIVER IN PERSON'::bpchar) AND (((l_quantity >= '4'::numeric) AND (l_quantity <= '14'::numeric)) OR ((l_quantity >= '10'::numeric) AND (l_quantity <= '20'::numeric)) OR ((l_quantity >= '21'::numeric) AND (l_quantity <= '31'::numeric))) AND (((part.p_brand = 'Brand#12'::bpchar) AND (part.p_container = ANY ('{\"SM CASE\",\"SM BOX\",\"SM PACK\",\"SM PKG\"}'::bpchar[])) AND (l_quantity >= '4'::numeric) AND (l_quantity <= '14'::numeric) AND (part.p_size <= 5)) OR ((part.p_brand = 'Brand#54'::bpchar) AND (part.p_container = ANY ('{\"MED BAG\",\"MED BOX\",\"MED PKG\",\"MED PACK\"}'::bpchar[])) AND (l_quantity >= '10'::numeric) AND (l_quantity <= '20'::numeric) AND (part.p_size <= 10)) OR ((part.p_brand = 'Brand#55'::bpchar) AND (part.p_container = ANY ('{\"LG CASE\",\"LG BOX\",\"LG PACK\",\"LG PKG\"}'::bpchar[])) AND (l_quantity >= '21'::numeric) AND (l_quantity <= '31'::numeric) AND (part.p_size <= 15))))","Rows Removed by Filter": 30,"Workers": []}]}]}]}]},"Planning Time": 6.844,"Triggers": [],"Execution Time": 102.333}]
[{"Plan": {"Node Type": "Aggregate","Strategy": "Plain","Partial Mode": "Finalize","Parallel Aware": false,"Async Capable": false,"Startup Cost": 33970.75,"Total Cost": 33970.76,"Plan Rows": 1,"Plan Width": 32,"Actual Startup Time": 79.291,"Actual Total Time": 93.621,"Actual Rows": 1,"Actual Loops": 1,"Plans": [{"Node Type": "Gather","Parent Relationship": "Outer","Parallel Aware": false,"Async Capable": false,"Startup Cost": 33970.53,"Total Cost": 33970.74,"Plan Rows": 2,"Plan Width": 32,"Actual Startup Time": 79.234,"Actual Total Time": 93.592,"Actual Rows": 3,"Actual Loops": 1,"Workers Planned": 2,"Workers Launched": 2,"Single Copy": false,"Plans": [{"Node Type": "Aggregate","Strategy": "Plain","Partial Mode": "Partial","Parent Relationship": "Outer","Parallel Aware": false,"Async Capable": false,"Startup Cost": 32970.53,"Total Cost": 32970.54,"Plan Rows": 1,"Plan Width": 32,"Actual Startup Time": 72.999,"Actual Total Time": 73.003,"Actual Rows": 1,"Actual Loops": 3,"Workers": [],"Plans": [{"Node Type": "Nested Loop","Parent Relationship": "Outer","Parallel Aware": false,"Async Capable": false,"Join Type": "Inner","Startup Cost": 0.43,"Total Cost": 32970.17,"Plan Rows": 48,"Plan Width": 12,"Actual Startup Time": 9.089,"Actual Total Time": 72.960,"Actual Rows": 39,"Actual Loops": 3,"Inner Unique": false,"Workers": [],"Plans": [{"Node Type": "Seq Scan","Parent Relationship": "Outer","Parallel Aware": true,"Async Capable": false,"Relation Name": "part","Alias": "part","Startup Cost": 0.00,"Total Cost": 7638.67,"Plan Rows": 206,"Plan Width": 30,"Actual Startup Time": 0.568,"Actual Total Time": 30.683,"Actual Rows": 162,"Actual Loops": 3,"Filter": "((p_size >= 1) AND (((p_brand = 'Brand#15'::bpchar) AND (p_container = ANY ('{\"SM CASE\",\"SM BOX\",\"SM PACK\",\"SM PKG\"}'::bpchar[])) AND (p_size <= 5)) OR ((p_brand = 'Brand#14'::bpchar) AND (p_container = ANY ('{\"MED BAG\",\"MED BOX\",\"MED PKG\",\"MED PACK\"}'::bpchar[])) AND (p_size <= 10)) OR ((p_brand = 'Brand#31'::bpchar) AND (p_container = ANY ('{\"LG CASE\",\"LG BOX\",\"LG PACK\",\"LG PKG\"}'::bpchar[])) AND (p_size <= 15))))","Rows Removed by Filter": 66505,"Workers": []},{"Node Type": "Index Scan","Parent Relationship": "Inner","Parallel Aware": false,"Async Capable": false,"Scan Direction": "Forward","Index Name": "idx_lineitem_part_supp","Relation Name": "lineitem","Alias": "lineitem","Startup Cost": 0.43,"Total Cost": 122.96,"Plan Rows": 1,"Plan Width": 21,"Actual Startup Time": 0.233,"Actual Total Time": 0.261,"Actual Rows": 0,"Actual Loops": 485,"Index Cond": "(l_partkey = part.p_partkey)","Rows Removed by Index Recheck": 0,"Filter": "((l_shipmode = ANY ('{AIR,\"AIR REG\"}'::bpchar[])) AND (l_shipinstruct = 'DELIVER IN PERSON'::bpchar) AND (((l_quantity >= '5'::numeric) AND (l_quantity <= '15'::numeric)) OR ((l_quantity >= '20'::numeric) AND (l_quantity <= '30'::numeric)) OR ((l_quantity >= '25'::numeric) AND (l_quantity <= '35'::numeric))) AND (((part.p_brand = 'Brand#15'::bpchar) AND (part.p_container = ANY ('{\"SM CASE\",\"SM BOX\",\"SM PACK\",\"SM PKG\"}'::bpchar[])) AND (l_quantity >= '5'::numeric) AND (l_quantity <= '15'::numeric) AND (part.p_size <= 5)) OR ((part.p_brand = 'Brand#14'::bpchar) AND (part.p_container = ANY ('{\"MED BAG\",\"MED BOX\",\"MED PKG\",\"MED PACK\"}'::bpchar[])) AND (l_quantity >= '20'::numeric) AND (l_quantity <= '30'::numeric) AND (part.p_size <= 10)) OR ((part.p_brand = 'Brand#31'::bpchar) AND (part.p_container = ANY ('{\"LG CASE\",\"LG BOX\",\"LG PACK\",\"LG PKG\"}'::bpchar[])) AND (l_quantity >= '25'::numeric) AND (l_quantity <= '35'::numeric) AND (part.p_size <= 15))))","Rows Removed by Filter": 29,"Workers": []}]}]}]}]},"Planning Time": 7.019,"Triggers": [],"Execution Time": 93.828}]
[{"Plan": {"Node Type": "Aggregate","Strategy": "Plain","Partial Mode": "Finalize","Parallel Aware": false,"Async Capable": false,"Startup Cost": 33511.28,"Total Cost": 33511.29,"Plan Rows": 1,"Plan Width": 32,"Actual Startup Time": 83.079,"Actual Total Time": 97.290,"Actual Rows": 1,"Actual Loops": 1,"Plans": [{"Node Type": "Gather","Parent Relationship": "Outer","Parallel Aware": false,"Async Capable": false,"Startup Cost": 33511.06,"Total Cost": 33511.27,"Plan Rows": 2,"Plan Width": 32,"Actual Startup Time": 83.046,"Actual Total Time": 97.262,"Actual Rows": 3,"Actual Loops": 1,"Workers Planned": 2,"Workers Launched": 2,"Single Copy": false,"Plans": [{"Node Type": "Aggregate","Strategy": "Plain","Partial Mode": "Partial","Parent Relationship": "Outer","Parallel Aware": false,"Async Capable": false,"Startup Cost": 32511.06,"Total Cost": 32511.07,"Plan Rows": 1,"Plan Width": 32,"Actual Startup Time": 76.115,"Actual Total Time": 76.117,"Actual Rows": 1,"Actual Loops": 3,"Workers": [],"Plans": [{"Node Type": "Nested Loop","Parent Relationship": "Outer","Parallel Aware": false,"Async Capable": false,"Join Type": "Inner","Startup Cost": 0.43,"Total Cost": 32510.70,"Plan Rows": 47,"Plan Width": 12,"Actual Startup Time": 4.848,"Actual Total Time": 76.072,"Actual Rows": 42,"Actual Loops": 3,"Inner Unique": false,"Workers": [],"Plans": [{"Node Type": "Seq Scan","Parent Relationship": "Outer","Parallel Aware": true,"Async Capable": false,"Relation Name": "part","Alias": "part","Startup Cost": 0.00,"Total Cost": 7638.67,"Plan Rows": 202,"Plan Width": 30,"Actual Startup Time": 0.249,"Actual Total Time": 33.017,"Actual Rows": 160,"Actual Loops": 3,"Filter": "((p_size >= 1) AND (((p_brand = 'Brand#12'::bpchar) AND (p_container = ANY ('{\"SM CASE\",\"SM BOX\",\"SM PACK\",\"SM PKG\"}'::bpchar[])) AND (p_size <= 5)) OR ((p_brand = 'Brand#11'::bpchar) AND (p_container = ANY ('{\"MED BAG\",\"MED BOX\",\"MED PKG\",\"MED PACK\"}'::bpchar[])) AND (p_size <= 10)) OR ((p_brand = 'Brand#13'::bpchar) AND (p_container = ANY ('{\"LG CASE\",\"LG BOX\",\"LG PACK\",\"LG PKG\"}'::bpchar[])) AND (p_size <= 15))))","Rows Removed by Filter": 66506,"Workers": []},{"Node Type": "Index Scan","Parent Relationship": "Inner","Parallel Aware": false,"Async Capable": false,"Scan Direction": "Forward","Index Name": "idx_lineitem_part_supp","Relation Name": "lineitem","Alias": "lineitem","Startup Cost": 0.43,"Total Cost": 123.12,"Plan Rows": 1,"Plan Width": 21,"Actual Startup Time": 0.238,"Actual Total Time": 0.268,"Actual Rows": 0,"Actual Loops": 481,"Index Cond": "(l_partkey = part.p_partkey)","Rows Removed by Index Recheck": 0,"Filter": "((l_shipmode = ANY ('{AIR,\"AIR REG\"}'::bpchar[])) AND (l_shipinstruct = 'DELIVER IN PERSON'::bpchar) AND (((l_quantity >= '6'::numeric) AND (l_quantity <= '16'::numeric)) OR ((l_quantity >= '16'::numeric) AND (l_quantity <= '26'::numeric)) OR ((l_quantity >= '28'::numeric) AND (l_quantity <= '38'::numeric))) AND (((part.p_brand = 'Brand#12'::bpchar) AND (part.p_container = ANY ('{\"SM CASE\",\"SM BOX\",\"SM PACK\",\"SM PKG\"}'::bpchar[])) AND (l_quantity >= '6'::numeric) AND (l_quantity <= '16'::numeric) AND (part.p_size <= 5)) OR ((part.p_brand = 'Brand#11'::bpchar) AND (part.p_container = ANY ('{\"MED BAG\",\"MED BOX\",\"MED PKG\",\"MED PACK\"}'::bpchar[])) AND (l_quantity >= '16'::numeric) AND (l_quantity <= '26'::numeric) AND (part.p_size <= 10)) OR ((part.p_brand = 'Brand#13'::bpchar) AND (part.p_container = ANY ('{\"LG CASE\",\"LG BOX\",\"LG PACK\",\"LG PKG\"}'::bpchar[])) AND (l_quantity >= '28'::numeric) AND (l_quantity <= '38'::numeric) AND (part.p_size <= 15))))","Rows Removed by Filter": 30,"Workers": []}]}]}]}]},"Planning Time": 6.015,"Triggers": [],"Execution Time": 97.457}]
[{"Plan": {"Node Type": "Aggregate","Strategy": "Plain","Partial Mode": "Finalize","Parallel Aware": false,"Async Capable": false,"Startup Cost": 33623.43,"Total Cost": 33623.44,"Plan Rows": 1,"Plan Width": 32,"Actual Startup Time": 85.790,"Actual Total Time": 101.648,"Actual Rows": 1,"Actual Loops": 1,"Plans": [{"Node Type": "Gather","Parent Relationship": "Outer","Parallel Aware": false,"Async Capable": false,"Startup Cost": 33623.21,"Total Cost": 33623.42,"Plan Rows": 2,"Plan Width": 32,"Actual Startup Time": 85.683,"Actual Total Time": 101.620,"Actual Rows": 3,"Actual Loops": 1,"Workers Planned": 2,"Workers Launched": 2,"Single Copy": false,"Plans": [{"Node Type": "Aggregate","Strategy": "Plain","Partial Mode": "Partial","Parent Relationship": "Outer","Parallel Aware": false,"Async Capable": false,"Startup Cost": 32623.21,"Total Cost": 32623.22,"Plan Rows": 1,"Plan Width": 32,"Actual Startup Time": 79.595,"Actual Total Time": 79.597,"Actual Rows": 1,"Actual Loops": 3,"Workers": [],"Plans": [{"Node Type": "Nested Loop","Parent Relationship": "Outer","Parallel Aware": false,"Async Capable": false,"Join Type": "Inner","Startup Cost": 0.43,"Total Cost": 32622.85,"Plan Rows": 48,"Plan Width": 12,"Actual Startup Time": 2.125,"Actual Total Time": 79.539,"Actual Rows": 48,"Actual Loops": 3,"Inner Unique": false,"Workers": [],"Plans": [{"Node Type": "Seq Scan","Parent Relationship": "Outer","Parallel Aware": true,"Async Capable": false,"Relation Name": "part","Alias": "part","Startup Cost": 0.00,"Total Cost": 7638.67,"Plan Rows": 203,"Plan Width": 30,"Actual Startup Time": 0.473,"Actual Total Time": 31.363,"Actual Rows": 182,"Actual Loops": 3,"Filter": "((p_size >= 1) AND (((p_brand = 'Brand#12'::bpchar) AND (p_container = ANY ('{\"SM CASE\",\"SM BOX\",\"SM PACK\",\"SM PKG\"}'::bpchar[])) AND (p_size <= 5)) OR ((p_brand = 'Brand#44'::bpchar) AND (p_container = ANY ('{\"MED BAG\",\"MED BOX\",\"MED PKG\",\"MED PACK\"}'::bpchar[])) AND (p_size <= 10)) OR ((p_brand = 'Brand#41'::bpchar) AND (p_container = ANY ('{\"LG CASE\",\"LG BOX\",\"LG PACK\",\"LG PKG\"}'::bpchar[])) AND (p_size <= 15))))","Rows Removed by Filter": 66485,"Workers": []},{"Node Type": "Index Scan","Parent Relationship": "Inner","Parallel Aware": false,"Async Capable": false,"Scan Direction": "Forward","Index Name": "idx_lineitem_part_supp","Relation Name": "lineitem","Alias": "lineitem","Startup Cost": 0.43,"Total Cost": 123.06,"Plan Rows": 1,"Plan Width": 21,"Actual Startup Time": 0.231,"Actual Total Time": 0.265,"Actual Rows": 0,"Actual Loops": 545,"Index Cond": "(l_partkey = part.p_partkey)","Rows Removed by Index Recheck": 0,"Filter": "((l_shipmode = ANY ('{AIR,\"AIR REG\"}'::bpchar[])) AND (l_shipinstruct = 'DELIVER IN PERSON'::bpchar) AND (((l_quantity >= '10'::numeric) AND (l_quantity <= '20'::numeric)) OR ((l_quantity >= '11'::numeric) AND (l_quantity <= '21'::numeric)) OR ((l_quantity >= '29'::numeric) AND (l_quantity <= '39'::numeric))) AND (((part.p_brand = 'Brand#12'::bpchar) AND (part.p_container = ANY ('{\"SM CASE\",\"SM BOX\",\"SM PACK\",\"SM PKG\"}'::bpchar[])) AND (l_quantity >= '10'::numeric) AND (l_quantity <= '20'::numeric) AND (part.p_size <= 5)) OR ((part.p_brand = 'Brand#44'::bpchar) AND (part.p_container = ANY ('{\"MED BAG\",\"MED BOX\",\"MED PKG\",\"MED PACK\"}'::bpchar[])) AND (l_quantity >= '11'::numeric) AND (l_quantity <= '21'::numeric) AND (part.p_size <= 10)) OR ((part.p_brand = 'Brand#41'::bpchar) AND (part.p_container = ANY ('{\"LG CASE\",\"LG BOX\",\"LG PACK\",\"LG PKG\"}'::bpchar[])) AND (l_quantity >= '29'::numeric) AND (l_quantity <= '39'::numeric) AND (part.p_size <= 15))))","Rows Removed by Filter": 30,"Workers": []}]}]}]}]},"Planning Time": 5.844,"Triggers": [],"Execution Time": 101.869}]
[{"Plan": {"Node Type": "Aggregate","Strategy": "Plain","Partial Mode": "Finalize","Parallel Aware": false,"Async Capable": false,"Startup Cost": 33512.16,"Total Cost": 33512.17,"Plan Rows": 1,"Plan Width": 32,"Actual Startup Time": 81.017,"Actual Total Time": 94.867,"Actual Rows": 1,"Actual Loops": 1,"Plans": [{"Node Type": "Gather","Parent Relationship": "Outer","Parallel Aware": false,"Async Capable": false,"Startup Cost": 33511.94,"Total Cost": 33512.15,"Plan Rows": 2,"Plan Width": 32,"Actual Startup Time": 80.609,"Actual Total Time": 94.833,"Actual Rows": 3,"Actual Loops": 1,"Workers Planned": 2,"Workers Launched": 2,"Single Copy": false,"Plans": [{"Node Type": "Aggregate","Strategy": "Plain","Partial Mode": "Partial","Parent Relationship": "Outer","Parallel Aware": false,"Async Capable": false,"Startup Cost": 32511.94,"Total Cost": 32511.95,"Plan Rows": 1,"Plan Width": 32,"Actual Startup Time": 74.254,"Actual Total Time": 74.257,"Actual Rows": 1,"Actual Loops": 3,"Workers": [],"Plans": [{"Node Type": "Nested Loop","Parent Relationship": "Outer","Parallel Aware": false,"Async Capable": false,"Join Type": "Inner","Startup Cost": 0.43,"Total Cost": 32511.59,"Plan Rows": 47,"Plan Width": 12,"Actual Startup Time": 3.636,"Actual Total Time": 74.212,"Actual Rows": 41,"Actual Loops": 3,"Inner Unique": false,"Workers": [],"Plans": [{"Node Type": "Seq Scan","Parent Relationship": "Outer","Parallel Aware": true,"Async Capable": false,"Relation Name": "part","Alias": "part","Startup Cost": 0.00,"Total Cost": 7638.67,"Plan Rows": 202,"Plan Width": 30,"Actual Startup Time": 0.160,"Actual Total Time": 30.939,"Actual Rows": 163,"Actual Loops": 3,"Filter": "((p_size >= 1) AND (((p_brand = 'Brand#25'::bpchar) AND (p_container = ANY ('{\"SM CASE\",\"SM BOX\",\"SM PACK\",\"SM PKG\"}'::bpchar[])) AND (p_size <= 5)) OR ((p_brand = 'Brand#24'::bpchar) AND (p_container = ANY ('{\"MED BAG\",\"MED BOX\",\"MED PKG\",\"MED PACK\"}'::bpchar[])) AND (p_size <= 10)) OR ((p_brand = 'Brand#13'::bpchar) AND (p_container = ANY ('{\"LG CASE\",\"LG BOX\",\"LG PACK\",\"LG PKG\"}'::bpchar[])) AND (p_size <= 15))))","Rows Removed by Filter": 66503,"Workers": []},{"Node Type": "Index Scan","Parent Relationship": "Inner","Parallel Aware": false,"Async Capable": false,"Scan Direction": "Forward","Index Name": "idx_lineitem_part_supp","Relation Name": "lineitem","Alias": "lineitem","Startup Cost": 0.43,"Total Cost": 123.12,"Plan Rows": 1,"Plan Width": 21,"Actual Startup Time": 0.235,"Actual Total Time": 0.264,"Actual Rows": 0,"Actual Loops": 490,"Index Cond": "(l_partkey = part.p_partkey)","Rows Removed by Index Recheck": 0,"Filter": "((l_shipmode = ANY ('{AIR,\"AIR REG\"}'::bpchar[])) AND (l_shipinstruct = 'DELIVER IN PERSON'::bpchar) AND (((l_quantity >= '8'::numeric) AND (l_quantity <= '18'::numeric)) OR ((l_quantity >= '12'::numeric) AND (l_quantity <= '22'::numeric)) OR ((l_quantity >= '27'::numeric) AND (l_quantity <= '37'::numeric))) AND (((part.p_brand = 'Brand#25'::bpchar) AND (part.p_container = ANY ('{\"SM CASE\",\"SM BOX\",\"SM PACK\",\"SM PKG\"}'::bpchar[])) AND (l_quantity >= '8'::numeric) AND (l_quantity <= '18'::numeric) AND (part.p_size <= 5)) OR ((part.p_brand = 'Brand#24'::bpchar) AND (part.p_container = ANY ('{\"MED BAG\",\"MED BOX\",\"MED PKG\",\"MED PACK\"}'::bpchar[])) AND (l_quantity >= '12'::numeric) AND (l_quantity <= '22'::numeric) AND (part.p_size <= 10)) OR ((part.p_brand = 'Brand#13'::bpchar) AND (part.p_container = ANY ('{\"LG CASE\",\"LG BOX\",\"LG PACK\",\"LG PKG\"}'::bpchar[])) AND (l_quantity >= '27'::numeric) AND (l_quantity <= '37'::numeric) AND (part.p_size <= 15))))","Rows Removed by Filter": 30,"Workers": []}]}]}]}]},"Planning Time": 6.838,"Triggers": [],"Execution Time": 95.018}]
[{"Plan": {"Node Type": "Aggregate","Strategy": "Plain","Partial Mode": "Finalize","Parallel Aware": false,"Async Capable": false,"Startup Cost": 33742.60,"Total Cost": 33742.61,"Plan Rows": 1,"Plan Width": 32,"Actual Startup Time": 87.422,"Actual Total Time": 102.443,"Actual Rows": 1,"Actual Loops": 1,"Plans": [{"Node Type": "Gather","Parent Relationship": "Outer","Parallel Aware": false,"Async Capable": false,"Startup Cost": 33742.38,"Total Cost": 33742.59,"Plan Rows": 2,"Plan Width": 32,"Actual Startup Time": 87.363,"Actual Total Time": 102.396,"Actual Rows": 3,"Actual Loops": 1,"Workers Planned": 2,"Workers Launched": 2,"Single Copy": false,"Plans": [{"Node Type": "Aggregate","Strategy": "Plain","Partial Mode": "Partial","Parent Relationship": "Outer","Parallel Aware": false,"Async Capable": false,"Startup Cost": 32742.38,"Total Cost": 32742.39,"Plan Rows": 1,"Plan Width": 32,"Actual Startup Time": 80.638,"Actual Total Time": 80.639,"Actual Rows": 1,"Actual Loops": 3,"Workers": [],"Plans": [{"Node Type": "Nested Loop","Parent Relationship": "Outer","Parallel Aware": false,"Async Capable": false,"Join Type": "Inner","Startup Cost": 0.43,"Total Cost": 32742.02,"Plan Rows": 48,"Plan Width": 12,"Actual Startup Time": 7.144,"Actual Total Time": 80.582,"Actual Rows": 42,"Actual Loops": 3,"Inner Unique": false,"Workers": [],"Plans": [{"Node Type": "Seq Scan","Parent Relationship": "Outer","Parallel Aware": true,"Async Capable": false,"Relation Name": "part","Alias": "part","Startup Cost": 0.00,"Total Cost": 7638.67,"Plan Rows": 204,"Plan Width": 30,"Actual Startup Time": 0.605,"Actual Total Time": 33.840,"Actual Rows": 165,"Actual Loops": 3,"Filter": "((p_size >= 1) AND (((p_brand = 'Brand#54'::bpchar) AND (p_container = ANY ('{\"SM CASE\",\"SM BOX\",\"SM PACK\",\"SM PKG\"}'::bpchar[])) AND (p_size <= 5)) OR ((p_brand = 'Brand#21'::bpchar) AND (p_container = ANY ('{\"MED BAG\",\"MED BOX\",\"MED PKG\",\"MED PACK\"}'::bpchar[])) AND (p_size <= 10)) OR ((p_brand = 'Brand#22'::bpchar) AND (p_container = ANY ('{\"LG CASE\",\"LG BOX\",\"LG PACK\",\"LG PKG\"}'::bpchar[])) AND (p_size <= 15))))","Rows Removed by Filter": 66501,"Workers": []},{"Node Type": "Index Scan","Parent Relationship": "Inner","Parallel Aware": false,"Async Capable": false,"Scan Direction": "Forward","Index Name": "idx_lineitem_part_supp","Relation Name": "lineitem","Alias": "lineitem","Startup Cost": 0.43,"Total Cost": 123.05,"Plan Rows": 1,"Plan Width": 21,"Actual Startup Time": 0.255,"Actual Total Time": 0.282,"Actual Rows": 0,"Actual Loops": 496,"Index Cond": "(l_partkey = part.p_partkey)","Rows Removed by Index Recheck": 0,"Filter": "((l_shipmode = ANY ('{AIR,\"AIR REG\"}'::bpchar[])) AND (l_shipinstruct = 'DELIVER IN PERSON'::bpchar) AND (((l_quantity >= '2'::numeric) AND (l_quantity <= '12'::numeric)) OR ((l_quantity >= '16'::numeric) AND (l_quantity <= '26'::numeric)) OR ((l_quantity >= '25'::numeric) AND (l_quantity <= '35'::numeric))) AND (((part.p_brand = 'Brand#54'::bpchar) AND (part.p_container = ANY ('{\"SM CASE\",\"SM BOX\",\"SM PACK\",\"SM PKG\"}'::bpchar[])) AND (l_quantity >= '2'::numeric) AND (l_quantity <= '12'::numeric) AND (part.p_size <= 5)) OR ((part.p_brand = 'Brand#21'::bpchar) AND (part.p_container = ANY ('{\"MED BAG\",\"MED BOX\",\"MED PKG\",\"MED PACK\"}'::bpchar[])) AND (l_quantity >= '16'::numeric) AND (l_quantity <= '26'::numeric) AND (part.p_size <= 10)) OR ((part.p_brand = 'Brand#22'::bpchar) AND (part.p_container = ANY ('{\"LG CASE\",\"LG BOX\",\"LG PACK\",\"LG PKG\"}'::bpchar[])) AND (l_quantity >= '25'::numeric) AND (l_quantity <= '35'::numeric) AND (part.p_size <= 15))))","Rows Removed by Filter": 30,"Workers": []}]}]}]}]},"Planning Time": 5.859,"Triggers": [],"Execution Time": 102.600}]
[{"Plan": {"Node Type": "Aggregate","Strategy": "Plain","Partial Mode": "Finalize","Parallel Aware": false,"Async Capable": false,"Startup Cost": 33626.32,"Total Cost": 33626.33,"Plan Rows": 1,"Plan Width": 32,"Actual Startup Time": 80.018,"Actual Total Time": 94.843,"Actual Rows": 1,"Actual Loops": 1,"Plans": [{"Node Type": "Gather","Parent Relationship": "Outer","Parallel Aware": false,"Async Capable": false,"Startup Cost": 33626.09,"Total Cost": 33626.30,"Plan Rows": 2,"Plan Width": 32,"Actual Startup Time": 79.879,"Actual Total Time": 94.814,"Actual Rows": 3,"Actual Loops": 1,"Workers Planned": 2,"Workers Launched": 2,"Single Copy": false,"Plans": [{"Node Type": "Aggregate","Strategy": "Plain","Partial Mode": "Partial","Parent Relationship": "Outer","Parallel Aware": false,"Async Capable": false,"Startup Cost": 32626.09,"Total Cost": 32626.10,"Plan Rows": 1,"Plan Width": 32,"Actual Startup Time": 73.744,"Actual Total Time": 73.746,"Actual Rows": 1,"Actual Loops": 3,"Workers": [],"Plans": [{"Node Type": "Nested Loop","Parent Relationship": "Outer","Parallel Aware": false,"Async Capable": false,"Join Type": "Inner","Startup Cost": 0.43,"Total Cost": 32625.73,"Plan Rows": 48,"Plan Width": 12,"Actual Startup Time": 3.729,"Actual Total Time": 73.711,"Actual Rows": 36,"Actual Loops": 3,"Inner Unique": false,"Workers": [],"Plans": [{"Node Type": "Seq Scan","Parent Relationship": "Outer","Parallel Aware": true,"Async Capable": false,"Relation Name": "part","Alias": "part","Startup Cost": 0.00,"Total Cost": 7638.67,"Plan Rows": 203,"Plan Width": 30,"Actual Startup Time": 0.436,"Actual Total Time": 30.666,"Actual Rows": 162,"Actual Loops": 3,"Filter": "((p_size >= 1) AND (((p_brand = 'Brand#45'::bpchar) AND (p_container = ANY ('{\"SM CASE\",\"SM BOX\",\"SM PACK\",\"SM PKG\"}'::bpchar[])) AND (p_size <= 5)) OR ((p_brand = 'Brand#25'::bpchar) AND (p_container = ANY ('{\"MED BAG\",\"MED BOX\",\"MED PKG\",\"MED PACK\"}'::bpchar[])) AND (p_size <= 10)) OR ((p_brand = 'Brand#41'::bpchar) AND (p_container = ANY ('{\"LG CASE\",\"LG BOX\",\"LG PACK\",\"LG PKG\"}'::bpchar[])) AND (p_size <= 15))))","Rows Removed by Filter": 66505,"Workers": []},{"Node Type": "Index Scan","Parent Relationship": "Inner","Parallel Aware": false,"Async Capable": false,"Scan Direction": "Forward","Index Name": "idx_lineitem_part_supp","Relation Name": "lineitem","Alias": "lineitem","Startup Cost": 0.43,"Total Cost": 123.08,"Plan Rows": 1,"Plan Width": 21,"Actual Startup Time": 0.237,"Actual Total Time": 0.266,"Actual Rows": 0,"Actual Loops": 485,"Index Cond": "(l_partkey = part.p_partkey)","Rows Removed by Index Recheck": 0,"Filter": "((l_shipmode = ANY ('{AIR,\"AIR REG\"}'::bpchar[])) AND (l_shipinstruct = 'DELIVER IN PERSON'::bpchar) AND (((l_quantity >= '7'::numeric) AND (l_quantity <= '17'::numeric)) OR ((l_quantity >= '10'::numeric) AND (l_quantity <= '20'::numeric)) OR ((l_quantity >= '21'::numeric) AND (l_quantity <= '31'::numeric))) AND (((part.p_brand = 'Brand#45'::bpchar) AND (part.p_container = ANY ('{\"SM CASE\",\"SM BOX\",\"SM PACK\",\"SM PKG\"}'::bpchar[])) AND (l_quantity >= '7'::numeric) AND (l_quantity <= '17'::numeric) AND (part.p_size <= 5)) OR ((part.p_brand = 'Brand#25'::bpchar) AND (part.p_container = ANY ('{\"MED BAG\",\"MED BOX\",\"MED PKG\",\"MED PACK\"}'::bpchar[])) AND (l_quantity >= '10'::numeric) AND (l_quantity <= '20'::numeric) AND (part.p_size <= 10)) OR ((part.p_brand = 'Brand#41'::bpchar) AND (part.p_container = ANY ('{\"LG CASE\",\"LG BOX\",\"LG PACK\",\"LG PKG\"}'::bpchar[])) AND (l_quantity >= '21'::numeric) AND (l_quantity <= '31'::numeric) AND (part.p_size <= 15))))","Rows Removed by Filter": 30,"Workers": []}]}]}]}]},"Planning Time": 6.536,"Triggers": [],"Execution Time": 95.083}]
[{"Plan": {"Node Type": "Aggregate","Strategy": "Plain","Partial Mode": "Finalize","Parallel Aware": false,"Async Capable": false,"Startup Cost": 33623.81,"Total Cost": 33623.82,"Plan Rows": 1,"Plan Width": 32,"Actual Startup Time": 78.560,"Actual Total Time": 92.872,"Actual Rows": 1,"Actual Loops": 1,"Plans": [{"Node Type": "Gather","Parent Relationship": "Outer","Parallel Aware": false,"Async Capable": false,"Startup Cost": 33623.59,"Total Cost": 33623.80,"Plan Rows": 2,"Plan Width": 32,"Actual Startup Time": 78.437,"Actual Total Time": 92.845,"Actual Rows": 3,"Actual Loops": 1,"Workers Planned": 2,"Workers Launched": 2,"Single Copy": false,"Plans": [{"Node Type": "Aggregate","Strategy": "Plain","Partial Mode": "Partial","Parent Relationship": "Outer","Parallel Aware": false,"Async Capable": false,"Startup Cost": 32623.59,"Total Cost": 32623.60,"Plan Rows": 1,"Plan Width": 32,"Actual Startup Time": 72.225,"Actual Total Time": 72.227,"Actual Rows": 1,"Actual Loops": 3,"Workers": [],"Plans": [{"Node Type": "Nested Loop","Parent Relationship": "Outer","Parallel Aware": false,"Async Capable": false,"Join Type": "Inner","Startup Cost": 0.43,"Total Cost": 32623.23,"Plan Rows": 47,"Plan Width": 12,"Actual Startup Time": 4.368,"Actual Total Time": 72.179,"Actual Rows": 33,"Actual Loops": 3,"Inner Unique": false,"Workers": [],"Plans": [{"Node Type": "Seq Scan","Parent Relationship": "Outer","Parallel Aware": true,"Async Capable": false,"Relation Name": "part","Alias": "part","Startup Cost": 0.00,"Total Cost": 7638.67,"Plan Rows": 203,"Plan Width": 30,"Actual Startup Time": 0.386,"Actual Total Time": 30.793,"Actual Rows": 155,"Actual Loops": 3,"Filter": "((p_size >= 1) AND (((p_brand = 'Brand#13'::bpchar) AND (p_container = ANY ('{\"SM CASE\",\"SM BOX\",\"SM PACK\",\"SM PKG\"}'::bpchar[])) AND (p_size <= 5)) OR ((p_brand = 'Brand#21'::bpchar) AND (p_container = ANY ('{\"MED BAG\",\"MED BOX\",\"MED PKG\",\"MED PACK\"}'::bpchar[])) AND (p_size <= 10)) OR ((p_brand = 'Brand#51'::bpchar) AND (p_container = ANY ('{\"LG CASE\",\"LG BOX\",\"LG PACK\",\"LG PKG\"}'::bpchar[])) AND (p_size <= 15))))","Rows Removed by Filter": 66512,"Workers": []},{"Node Type": "Index Scan","Parent Relationship": "Inner","Parallel Aware": false,"Async Capable": false,"Scan Direction": "Forward","Index Name": "idx_lineitem_part_supp","Relation Name": "lineitem","Alias": "lineitem","Startup Cost": 0.43,"Total Cost": 123.07,"Plan Rows": 1,"Plan Width": 21,"Actual Startup Time": 0.242,"Actual Total Time": 0.267,"Actual Rows": 0,"Actual Loops": 464,"Index Cond": "(l_partkey = part.p_partkey)","Rows Removed by Index Recheck": 0,"Filter": "((l_shipmode = ANY ('{AIR,\"AIR REG\"}'::bpchar[])) AND (l_shipinstruct = 'DELIVER IN PERSON'::bpchar) AND (((l_quantity >= '6'::numeric) AND (l_quantity <= '16'::numeric)) OR ((l_quantity >= '16'::numeric) AND (l_quantity <= '26'::numeric)) OR ((l_quantity >= '24'::numeric) AND (l_quantity <= '34'::numeric))) AND (((part.p_brand = 'Brand#13'::bpchar) AND (part.p_container = ANY ('{\"SM CASE\",\"SM BOX\",\"SM PACK\",\"SM PKG\"}'::bpchar[])) AND (l_quantity >= '6'::numeric) AND (l_quantity <= '16'::numeric) AND (part.p_size <= 5)) OR ((part.p_brand = 'Brand#21'::bpchar) AND (part.p_container = ANY ('{\"MED BAG\",\"MED BOX\",\"MED PKG\",\"MED PACK\"}'::bpchar[])) AND (l_quantity >= '16'::numeric) AND (l_quantity <= '26'::numeric) AND (part.p_size <= 10)) OR ((part.p_brand = 'Brand#51'::bpchar) AND (part.p_container = ANY ('{\"LG CASE\",\"LG BOX\",\"LG PACK\",\"LG PKG\"}'::bpchar[])) AND (l_quantity >= '24'::numeric) AND (l_quantity <= '34'::numeric) AND (part.p_size <= 15))))","Rows Removed by Filter": 30,"Workers": []}]}]}]}]},"Planning Time": 5.774,"Triggers": [],"Execution Time": 93.095}]
[{"Plan": {"Node Type": "Aggregate","Strategy": "Plain","Partial Mode": "Finalize","Parallel Aware": false,"Async Capable": false,"Startup Cost": 33274.66,"Total Cost": 33274.67,"Plan Rows": 1,"Plan Width": 32,"Actual Startup Time": 82.705,"Actual Total Time": 97.782,"Actual Rows": 1,"Actual Loops": 1,"Plans": [{"Node Type": "Gather","Parent Relationship": "Outer","Parallel Aware": false,"Async Capable": false,"Startup Cost": 33274.44,"Total Cost": 33274.65,"Plan Rows": 2,"Plan Width": 32,"Actual Startup Time": 82.425,"Actual Total Time": 97.760,"Actual Rows": 3,"Actual Loops": 1,"Workers Planned": 2,"Workers Launched": 2,"Single Copy": false,"Plans": [{"Node Type": "Aggregate","Strategy": "Plain","Partial Mode": "Partial","Parent Relationship": "Outer","Parallel Aware": false,"Async Capable": false,"Startup Cost": 32274.44,"Total Cost": 32274.45,"Plan Rows": 1,"Plan Width": 32,"Actual Startup Time": 76.106,"Actual Total Time": 76.108,"Actual Rows": 1,"Actual Loops": 3,"Workers": [],"Plans": [{"Node Type": "Nested Loop","Parent Relationship": "Outer","Parallel Aware": false,"Async Capable": false,"Join Type": "Inner","Startup Cost": 0.43,"Total Cost": 32274.09,"Plan Rows": 47,"Plan Width": 12,"Actual Startup Time": 6.959,"Actual Total Time": 76.065,"Actual Rows": 36,"Actual Loops": 3,"Inner Unique": false,"Workers": [],"Plans": [{"Node Type": "Seq Scan","Parent Relationship": "Outer","Parallel Aware": true,"Async Capable": false,"Relation Name": "part","Alias": "part","Startup Cost": 0.00,"Total Cost": 7638.67,"Plan Rows": 200,"Plan Width": 30,"Actual Startup Time": 0.718,"Actual Total Time": 32.121,"Actual Rows": 169,"Actual Loops": 3,"Filter": "((p_size >= 1) AND (((p_brand = 'Brand#24'::bpchar) AND (p_container = ANY ('{\"SM CASE\",\"SM BOX\",\"SM PACK\",\"SM PKG\"}'::bpchar[])) AND (p_size <= 5)) OR ((p_brand = 'Brand#43'::bpchar) AND (p_container = ANY ('{\"MED BAG\",\"MED BOX\",\"MED PKG\",\"MED PACK\"}'::bpchar[])) AND (p_size <= 10)) OR ((p_brand = 'Brand#44'::bpchar) AND (p_container = ANY ('{\"LG CASE\",\"LG BOX\",\"LG PACK\",\"LG PKG\"}'::bpchar[])) AND (p_size <= 15))))","Rows Removed by Filter": 66498,"Workers": []},{"Node Type": "Index Scan","Parent Relationship": "Inner","Parallel Aware": false,"Async Capable": false,"Scan Direction": "Forward","Index Name": "idx_lineitem_part_supp","Relation Name": "lineitem","Alias": "lineitem","Startup Cost": 0.43,"Total Cost": 123.17,"Plan Rows": 1,"Plan Width": 21,"Actual Startup Time": 0.233,"Actual Total Time": 0.260,"Actual Rows": 0,"Actual Loops": 507,"Index Cond": "(l_partkey = part.p_partkey)","Rows Removed by Index Recheck": 0,"Filter": "((l_shipmode = ANY ('{AIR,\"AIR REG\"}'::bpchar[])) AND (l_shipinstruct = 'DELIVER IN PERSON'::bpchar) AND (((l_quantity >= '1'::numeric) AND (l_quantity <= '11'::numeric)) OR ((l_quantity >= '10'::numeric) AND (l_quantity <= '20'::numeric)) OR ((l_quantity >= '24'::numeric) AND (l_quantity <= '34'::numeric))) AND (((part.p_brand = 'Brand#24'::bpchar) AND (part.p_container = ANY ('{\"SM CASE\",\"SM BOX\",\"SM PACK\",\"SM PKG\"}'::bpchar[])) AND (l_quantity >= '1'::numeric) AND (l_quantity <= '11'::numeric) AND (part.p_size <= 5)) OR ((part.p_brand = 'Brand#43'::bpchar) AND (part.p_container = ANY ('{\"MED BAG\",\"MED BOX\",\"MED PKG\",\"MED PACK\"}'::bpchar[])) AND (l_quantity >= '10'::numeric) AND (l_quantity <= '20'::numeric) AND (part.p_size <= 10)) OR ((part.p_brand = 'Brand#44'::bpchar) AND (part.p_container = ANY ('{\"LG CASE\",\"LG BOX\",\"LG PACK\",\"LG PKG\"}'::bpchar[])) AND (l_quantity >= '24'::numeric) AND (l_quantity <= '34'::numeric) AND (part.p_size <= 15))))","Rows Removed by Filter": 30,"Workers": []}]}]}]}]},"Planning Time": 6.175,"Triggers": [],"Execution Time": 97.958}]
[{"Plan": {"Node Type": "Aggregate","Strategy": "Plain","Partial Mode": "Finalize","Parallel Aware": false,"Async Capable": false,"Startup Cost": 34084.97,"Total Cost": 34084.98,"Plan Rows": 1,"Plan Width": 32,"Actual Startup Time": 91.785,"Actual Total Time": 107.832,"Actual Rows": 1,"Actual Loops": 1,"Plans": [{"Node Type": "Gather","Parent Relationship": "Outer","Parallel Aware": false,"Async Capable": false,"Startup Cost": 34084.75,"Total Cost": 34084.96,"Plan Rows": 2,"Plan Width": 32,"Actual Startup Time": 91.643,"Actual Total Time": 107.802,"Actual Rows": 3,"Actual Loops": 1,"Workers Planned": 2,"Workers Launched": 2,"Single Copy": false,"Plans": [{"Node Type": "Aggregate","Strategy": "Plain","Partial Mode": "Partial","Parent Relationship": "Outer","Parallel Aware": false,"Async Capable": false,"Startup Cost": 33084.75,"Total Cost": 33084.76,"Plan Rows": 1,"Plan Width": 32,"Actual Startup Time": 85.532,"Actual Total Time": 85.534,"Actual Rows": 1,"Actual Loops": 3,"Workers": [],"Plans": [{"Node Type": "Nested Loop","Parent Relationship": "Outer","Parallel Aware": false,"Async Capable": false,"Join Type": "Inner","Startup Cost": 0.43,"Total Cost": 33084.39,"Plan Rows": 48,"Plan Width": 12,"Actual Startup Time": 2.675,"Actual Total Time": 85.485,"Actual Rows": 43,"Actual Loops": 3,"Inner Unique": false,"Workers": [],"Plans": [{"Node Type": "Seq Scan","Parent Relationship": "Outer","Parallel Aware": true,"Async Capable": false,"Relation Name": "part","Alias": "part","Startup Cost": 0.00,"Total Cost": 7638.67,"Plan Rows": 207,"Plan Width": 30,"Actual Startup Time": 0.146,"Actual Total Time": 35.428,"Actual Rows": 185,"Actual Loops": 3,"Filter": "((p_size >= 1) AND (((p_brand = 'Brand#25'::bpchar) AND (p_container = ANY ('{\"SM CASE\",\"SM BOX\",\"SM PACK\",\"SM PKG\"}'::bpchar[])) AND (p_size <= 5)) OR ((p_brand = 'Brand#44'::bpchar) AND (p_container = ANY ('{\"MED BAG\",\"MED BOX\",\"MED PKG\",\"MED PACK\"}'::bpchar[])) AND (p_size <= 10)) OR ((p_brand = 'Brand#33'::bpchar) AND (p_container = ANY ('{\"LG CASE\",\"LG BOX\",\"LG PACK\",\"LG PKG\"}'::bpchar[])) AND (p_size <= 15))))","Rows Removed by Filter": 66482,"Workers": []},{"Node Type": "Index Scan","Parent Relationship": "Inner","Parallel Aware": false,"Async Capable": false,"Scan Direction": "Forward","Index Name": "idx_lineitem_part_supp","Relation Name": "lineitem","Alias": "lineitem","Startup Cost": 0.43,"Total Cost": 122.92,"Plan Rows": 1,"Plan Width": 21,"Actual Startup Time": 0.241,"Actual Total Time": 0.271,"Actual Rows": 0,"Actual Loops": 554,"Index Cond": "(l_partkey = part.p_partkey)","Rows Removed by Index Recheck": 0,"Filter": "((l_shipmode = ANY ('{AIR,\"AIR REG\"}'::bpchar[])) AND (l_shipinstruct = 'DELIVER IN PERSON'::bpchar) AND (((l_quantity >= '8'::numeric) AND (l_quantity <= '18'::numeric)) OR ((l_quantity >= '20'::numeric) AND (l_quantity <= '30'::numeric)) OR ((l_quantity >= '20'::numeric) AND (l_quantity <= '30'::numeric))) AND (((part.p_brand = 'Brand#25'::bpchar) AND (part.p_container = ANY ('{\"SM CASE\",\"SM BOX\",\"SM PACK\",\"SM PKG\"}'::bpchar[])) AND (l_quantity >= '8'::numeric) AND (l_quantity <= '18'::numeric) AND (part.p_size <= 5)) OR ((part.p_brand = 'Brand#44'::bpchar) AND (part.p_container = ANY ('{\"MED BAG\",\"MED BOX\",\"MED PKG\",\"MED PACK\"}'::bpchar[])) AND (l_quantity >= '20'::numeric) AND (l_quantity <= '30'::numeric) AND (part.p_size <= 10)) OR ((part.p_brand = 'Brand#33'::bpchar) AND (part.p_container = ANY ('{\"LG CASE\",\"LG BOX\",\"LG PACK\",\"LG PKG\"}'::bpchar[])) AND (l_quantity >= '20'::numeric) AND (l_quantity <= '30'::numeric) AND (part.p_size <= 15))))","Rows Removed by Filter": 30,"Workers": []}]}]}]}]},"Planning Time": 6.926,"Triggers": [],"Execution Time": 108.047}]
[{"Plan": {"Node Type": "Aggregate","Strategy": "Plain","Partial Mode": "Finalize","Parallel Aware": false,"Async Capable": false,"Startup Cost": 33281.12,"Total Cost": 33281.13,"Plan Rows": 1,"Plan Width": 32,"Actual Startup Time": 88.970,"Actual Total Time": 104.732,"Actual Rows": 1,"Actual Loops": 1,"Plans": [{"Node Type": "Gather","Parent Relationship": "Outer","Parallel Aware": false,"Async Capable": false,"Startup Cost": 33280.90,"Total Cost": 33281.11,"Plan Rows": 2,"Plan Width": 32,"Actual Startup Time": 88.801,"Actual Total Time": 104.716,"Actual Rows": 3,"Actual Loops": 1,"Workers Planned": 2,"Workers Launched": 2,"Single Copy": false,"Plans": [{"Node Type": "Aggregate","Strategy": "Plain","Partial Mode": "Partial","Parent Relationship": "Outer","Parallel Aware": false,"Async Capable": false,"Startup Cost": 32280.90,"Total Cost": 32280.91,"Plan Rows": 1,"Plan Width": 32,"Actual Startup Time": 82.085,"Actual Total Time": 82.089,"Actual Rows": 1,"Actual Loops": 3,"Workers": [],"Plans": [{"Node Type": "Nested Loop","Parent Relationship": "Outer","Parallel Aware": false,"Async Capable": false,"Join Type": "Inner","Startup Cost": 0.43,"Total Cost": 32280.54,"Plan Rows": 47,"Plan Width": 12,"Actual Startup Time": 3.408,"Actual Total Time": 82.052,"Actual Rows": 41,"Actual Loops": 3,"Inner Unique": false,"Workers": [],"Plans": [{"Node Type": "Seq Scan","Parent Relationship": "Outer","Parallel Aware": true,"Async Capable": false,"Relation Name": "part","Alias": "part","Startup Cost": 0.00,"Total Cost": 7638.67,"Plan Rows": 200,"Plan Width": 30,"Actual Startup Time": 0.505,"Actual Total Time": 35.329,"Actual Rows": 168,"Actual Loops": 3,"Filter": "((p_size >= 1) AND (((p_brand = 'Brand#44'::bpchar) AND (p_container = ANY ('{\"SM CASE\",\"SM BOX\",\"SM PACK\",\"SM PKG\"}'::bpchar[])) AND (p_size <= 5)) OR ((p_brand = 'Brand#43'::bpchar) AND (p_container = ANY ('{\"MED BAG\",\"MED BOX\",\"MED PKG\",\"MED PACK\"}'::bpchar[])) AND (p_size <= 10)) OR ((p_brand = 'Brand#12'::bpchar) AND (p_container = ANY ('{\"LG CASE\",\"LG BOX\",\"LG PACK\",\"LG PKG\"}'::bpchar[])) AND (p_size <= 15))))","Rows Removed by Filter": 66498,"Workers": []},{"Node Type": "Index Scan","Parent Relationship": "Inner","Parallel Aware": false,"Async Capable": false,"Scan Direction": "Forward","Index Name": "idx_lineitem_part_supp","Relation Name": "lineitem","Alias": "lineitem","Startup Cost": 0.43,"Total Cost": 123.20,"Plan Rows": 1,"Plan Width": 21,"Actual Startup Time": 0.246,"Actual Total Time": 0.277,"Actual Rows": 0,"Actual Loops": 505,"Index Cond": "(l_partkey = part.p_partkey)","Rows Removed by Index Recheck": 0,"Filter": "((l_shipmode = ANY ('{AIR,\"AIR REG\"}'::bpchar[])) AND (l_shipinstruct = 'DELIVER IN PERSON'::bpchar) AND (((l_quantity >= '7'::numeric) AND (l_quantity <= '17'::numeric)) OR ((l_quantity >= '16'::numeric) AND (l_quantity <= '26'::numeric)) OR ((l_quantity >= '20'::numeric) AND (l_quantity <= '30'::numeric))) AND (((part.p_brand = 'Brand#44'::bpchar) AND (part.p_container = ANY ('{\"SM CASE\",\"SM BOX\",\"SM PACK\",\"SM PKG\"}'::bpchar[])) AND (l_quantity >= '7'::numeric) AND (l_quantity <= '17'::numeric) AND (part.p_size <= 5)) OR ((part.p_brand = 'Brand#43'::bpchar) AND (part.p_container = ANY ('{\"MED BAG\",\"MED BOX\",\"MED PKG\",\"MED PACK\"}'::bpchar[])) AND (l_quantity >= '16'::numeric) AND (l_quantity <= '26'::numeric) AND (part.p_size <= 10)) OR ((part.p_brand = 'Brand#12'::bpchar) AND (part.p_container = ANY ('{\"LG CASE\",\"LG BOX\",\"LG PACK\",\"LG PKG\"}'::bpchar[])) AND (l_quantity >= '20'::numeric) AND (l_quantity <= '30'::numeric) AND (part.p_size <= 15))))","Rows Removed by Filter": 30,"Workers": []}]}]}]}]},"Planning Time": 5.357,"Triggers": [],"Execution Time": 104.897}]
[{"Plan": {"Node Type": "Aggregate","Strategy": "Plain","Partial Mode": "Finalize","Parallel Aware": false,"Async Capable": false,"Startup Cost": 33163.23,"Total Cost": 33163.24,"Plan Rows": 1,"Plan Width": 32,"Actual Startup Time": 76.656,"Actual Total Time": 90.241,"Actual Rows": 1,"Actual Loops": 1,"Plans": [{"Node Type": "Gather","Parent Relationship": "Outer","Parallel Aware": false,"Async Capable": false,"Startup Cost": 33163.00,"Total Cost": 33163.21,"Plan Rows": 2,"Plan Width": 32,"Actual Startup Time": 76.617,"Actual Total Time": 90.211,"Actual Rows": 3,"Actual Loops": 1,"Workers Planned": 2,"Workers Launched": 2,"Single Copy": false,"Plans": [{"Node Type": "Aggregate","Strategy": "Plain","Partial Mode": "Partial","Parent Relationship": "Outer","Parallel Aware": false,"Async Capable": false,"Startup Cost": 32163.00,"Total Cost": 32163.01,"Plan Rows": 1,"Plan Width": 32,"Actual Startup Time": 70.154,"Actual Total Time": 70.157,"Actual Rows": 1,"Actual Loops": 3,"Workers": [],"Plans": [{"Node Type": "Nested Loop","Parent Relationship": "Outer","Parallel Aware": false,"Async Capable": false,"Join Type": "Inner","Startup Cost": 0.43,"Total Cost": 32162.66,"Plan Rows": 46,"Plan Width": 12,"Actual Startup Time": 5.604,"Actual Total Time": 70.103,"Actual Rows": 38,"Actual Loops": 3,"Inner Unique": false,"Workers": [],"Plans": [{"Node Type": "Seq Scan","Parent Relationship": "Outer","Parallel Aware": true,"Async Capable": false,"Relation Name": "part","Alias": "part","Startup Cost": 0.00,"Total Cost": 7638.67,"Plan Rows": 199,"Plan Width": 30,"Actual Startup Time": 0.777,"Actual Total Time": 30.564,"Actual Rows": 156,"Actual Loops": 3,"Filter": "((p_size >= 1) AND (((p_brand = 'Brand#32'::bpchar) AND (p_container = ANY ('{\"SM CASE\",\"SM BOX\",\"SM PACK\",\"SM PKG\"}'::bpchar[])) AND (p_size <= 5)) OR ((p_brand = 'Brand#31'::bpchar) AND (p_container = ANY ('{\"MED BAG\",\"MED BOX\",\"MED PKG\",\"MED PACK\"}'::bpchar[])) AND (p_size <= 10)) OR ((p_brand = 'Brand#23'::bpchar) AND (p_container = ANY ('{\"LG CASE\",\"LG BOX\",\"LG PACK\",\"LG PKG\"}'::bpchar[])) AND (p_size <= 15))))","Rows Removed by Filter": 66511,"Workers": []},{"Node Type": "Index Scan","Parent Relationship": "Inner","Parallel Aware": false,"Async Capable": false,"Scan Direction": "Forward","Index Name": "idx_lineitem_part_supp","Relation Name": "lineitem","Alias": "lineitem","Startup Cost": 0.43,"Total Cost": 123.23,"Plan Rows": 1,"Plan Width": 21,"Actual Startup Time": 0.228,"Actual Total Time": 0.254,"Actual Rows": 0,"Actual Loops": 467,"Index Cond": "(l_partkey = part.p_partkey)","Rows Removed by Index Recheck": 0,"Filter": "((l_shipmode = ANY ('{AIR,\"AIR REG\"}'::bpchar[])) AND (l_shipinstruct = 'DELIVER IN PERSON'::bpchar) AND (((l_quantity >= '7'::numeric) AND (l_quantity <= '17'::numeric)) OR ((l_quantity >= '18'::numeric) AND (l_quantity <= '28'::numeric)) OR ((l_quantity >= '23'::numeric) AND (l_quantity <= '33'::numeric))) AND (((part.p_brand = 'Brand#32'::bpchar) AND (part.p_container = ANY ('{\"SM CASE\",\"SM BOX\",\"SM PACK\",\"SM PKG\"}'::bpchar[])) AND (l_quantity >= '7'::numeric) AND (l_quantity <= '17'::numeric) AND (part.p_size <= 5)) OR ((part.p_brand = 'Brand#31'::bpchar) AND (part.p_container = ANY ('{\"MED BAG\",\"MED BOX\",\"MED PKG\",\"MED PACK\"}'::bpchar[])) AND (l_quantity >= '18'::numeric) AND (l_quantity <= '28'::numeric) AND (part.p_size <= 10)) OR ((part.p_brand = 'Brand#23'::bpchar) AND (part.p_container = ANY ('{\"LG CASE\",\"LG BOX\",\"LG PACK\",\"LG PKG\"}'::bpchar[])) AND (l_quantity >= '23'::numeric) AND (l_quantity <= '33'::numeric) AND (part.p_size <= 15))))","Rows Removed by Filter": 29,"Workers": []}]}]}]}]},"Planning Time": 4.991,"Triggers": [],"Execution Time": 90.408}]
[{"Plan": {"Node Type": "Aggregate","Strategy": "Plain","Partial Mode": "Finalize","Parallel Aware": false,"Async Capable": false,"Startup Cost": 33160.43,"Total Cost": 33160.44,"Plan Rows": 1,"Plan Width": 32,"Actual Startup Time": 88.158,"Actual Total Time": 103.904,"Actual Rows": 1,"Actual Loops": 1,"Plans": [{"Node Type": "Gather","Parent Relationship": "Outer","Parallel Aware": false,"Async Capable": false,"Startup Cost": 33160.21,"Total Cost": 33160.42,"Plan Rows": 2,"Plan Width": 32,"Actual Startup Time": 87.919,"Actual Total Time": 103.871,"Actual Rows": 3,"Actual Loops": 1,"Workers Planned": 2,"Workers Launched": 2,"Single Copy": false,"Plans": [{"Node Type": "Aggregate","Strategy": "Plain","Partial Mode": "Partial","Parent Relationship": "Outer","Parallel Aware": false,"Async Capable": false,"Startup Cost": 32160.21,"Total Cost": 32160.22,"Plan Rows": 1,"Plan Width": 32,"Actual Startup Time": 81.070,"Actual Total Time": 81.072,"Actual Rows": 1,"Actual Loops": 3,"Workers": [],"Plans": [{"Node Type": "Nested Loop","Parent Relationship": "Outer","Parallel Aware": false,"Async Capable": false,"Join Type": "Inner","Startup Cost": 0.43,"Total Cost": 32159.86,"Plan Rows": 46,"Plan Width": 12,"Actual Startup Time": 6.312,"Actual Total Time": 81.030,"Actual Rows": 42,"Actual Loops": 3,"Inner Unique": false,"Workers": [],"Plans": [{"Node Type": "Seq Scan","Parent Relationship": "Outer","Parallel Aware": true,"Async Capable": false,"Relation Name": "part","Alias": "part","Startup Cost": 0.00,"Total Cost": 7638.67,"Plan Rows": 199,"Plan Width": 30,"Actual Startup Time": 0.259,"Actual Total Time": 35.071,"Actual Rows": 167,"Actual Loops": 3,"Filter": "((p_size >= 1) AND (((p_brand = 'Brand#24'::bpchar) AND (p_container = ANY ('{\"SM CASE\",\"SM BOX\",\"SM PACK\",\"SM PKG\"}'::bpchar[])) AND (p_size <= 5)) OR ((p_brand = 'Brand#54'::bpchar) AND (p_container = ANY ('{\"MED BAG\",\"MED BOX\",\"MED PKG\",\"MED PACK\"}'::bpchar[])) AND (p_size <= 10)) OR ((p_brand = 'Brand#43'::bpchar) AND (p_container = ANY ('{\"LG CASE\",\"LG BOX\",\"LG PACK\",\"LG PKG\"}'::bpchar[])) AND (p_size <= 15))))","Rows Removed by Filter": 66500,"Workers": []},{"Node Type": "Index Scan","Parent Relationship": "Inner","Parallel Aware": false,"Async Capable": false,"Scan Direction": "Forward","Index Name": "idx_lineitem_part_supp","Relation Name": "lineitem","Alias": "lineitem","Startup Cost": 0.43,"Total Cost": 123.21,"Plan Rows": 1,"Plan Width": 21,"Actual Startup Time": 0.245,"Actual Total Time": 0.275,"Actual Rows": 0,"Actual Loops": 500,"Index Cond": "(l_partkey = part.p_partkey)","Rows Removed by Index Recheck": 0,"Filter": "((l_shipmode = ANY ('{AIR,\"AIR REG\"}'::bpchar[])) AND (l_shipinstruct = 'DELIVER IN PERSON'::bpchar) AND (((l_quantity >= '4'::numeric) AND (l_quantity <= '14'::numeric)) OR ((l_quantity >= '17'::numeric) AND (l_quantity <= '27'::numeric)) OR ((l_quantity >= '22'::numeric) AND (l_quantity <= '32'::numeric))) AND (((part.p_brand = 'Brand#24'::bpchar) AND (part.p_container = ANY ('{\"SM CASE\",\"SM BOX\",\"SM PACK\",\"SM PKG\"}'::bpchar[])) AND (l_quantity >= '4'::numeric) AND (l_quantity <= '14'::numeric) AND (part.p_size <= 5)) OR ((part.p_brand = 'Brand#54'::bpchar) AND (part.p_container = ANY ('{\"MED BAG\",\"MED BOX\",\"MED PKG\",\"MED PACK\"}'::bpchar[])) AND (l_quantity >= '17'::numeric) AND (l_quantity <= '27'::numeric) AND (part.p_size <= 10)) OR ((part.p_brand = 'Brand#43'::bpchar) AND (part.p_container = ANY ('{\"LG CASE\",\"LG BOX\",\"LG PACK\",\"LG PKG\"}'::bpchar[])) AND (l_quantity >= '22'::numeric) AND (l_quantity <= '32'::numeric) AND (part.p_size <= 15))))","Rows Removed by Filter": 30,"Workers": []}]}]}]}]},"Planning Time": 5.229,"Triggers": [],"Execution Time": 104.062}]
[{"Plan": {"Node Type": "Aggregate","Strategy": "Plain","Partial Mode": "Finalize","Parallel Aware": false,"Async Capable": false,"Startup Cost": 33970.20,"Total Cost": 33970.21,"Plan Rows": 1,"Plan Width": 32,"Actual Startup Time": 86.972,"Actual Total Time": 102.033,"Actual Rows": 1,"Actual Loops": 1,"Plans": [{"Node Type": "Gather","Parent Relationship": "Outer","Parallel Aware": false,"Async Capable": false,"Startup Cost": 33969.97,"Total Cost": 33970.18,"Plan Rows": 2,"Plan Width": 32,"Actual Startup Time": 86.750,"Actual Total Time": 102.005,"Actual Rows": 3,"Actual Loops": 1,"Workers Planned": 2,"Workers Launched": 2,"Single Copy": false,"Plans": [{"Node Type": "Aggregate","Strategy": "Plain","Partial Mode": "Partial","Parent Relationship": "Outer","Parallel Aware": false,"Async Capable": false,"Startup Cost": 32969.97,"Total Cost": 32969.98,"Plan Rows": 1,"Plan Width": 32,"Actual Startup Time": 80.395,"Actual Total Time": 80.396,"Actual Rows": 1,"Actual Loops": 3,"Workers": [],"Plans": [{"Node Type": "Nested Loop","Parent Relationship": "Outer","Parallel Aware": false,"Async Capable": false,"Join Type": "Inner","Startup Cost": 0.43,"Total Cost": 32969.61,"Plan Rows": 48,"Plan Width": 12,"Actual Startup Time": 3.980,"Actual Total Time": 80.348,"Actual Rows": 35,"Actual Loops": 3,"Inner Unique": false,"Workers": [],"Plans": [{"Node Type": "Seq Scan","Parent Relationship": "Outer","Parallel Aware": true,"Async Capable": false,"Relation Name": "part","Alias": "part","Startup Cost": 0.00,"Total Cost": 7638.67,"Plan Rows": 206,"Plan Width": 30,"Actual Startup Time": 0.431,"Actual Total Time": 34.687,"Actual Rows": 164,"Actual Loops": 3,"Filter": "((p_size >= 1) AND (((p_brand = 'Brand#45'::bpchar) AND (p_container = ANY ('{\"SM CASE\",\"SM BOX\",\"SM PACK\",\"SM PKG\"}'::bpchar[])) AND (p_size <= 5)) OR ((p_brand = 'Brand#15'::bpchar) AND (p_container = ANY ('{\"MED BAG\",\"MED BOX\",\"MED PKG\",\"MED PACK\"}'::bpchar[])) AND (p_size <= 10)) OR ((p_brand = 'Brand#35'::bpchar) AND (p_container = ANY ('{\"LG CASE\",\"LG BOX\",\"LG PACK\",\"LG PKG\"}'::bpchar[])) AND (p_size <= 15))))","Rows Removed by Filter": 66502,"Workers": []},{"Node Type": "Index Scan","Parent Relationship": "Inner","Parallel Aware": false,"Async Capable": false,"Scan Direction": "Forward","Index Name": "idx_lineitem_part_supp","Relation Name": "lineitem","Alias": "lineitem","Startup Cost": 0.43,"Total Cost": 122.96,"Plan Rows": 1,"Plan Width": 21,"Actual Startup Time": 0.247,"Actual Total Time": 0.277,"Actual Rows": 0,"Actual Loops": 493,"Index Cond": "(l_partkey = part.p_partkey)","Rows Removed by Index Recheck": 0,"Filter": "((l_shipmode = ANY ('{AIR,\"AIR REG\"}'::bpchar[])) AND (l_shipinstruct = 'DELIVER IN PERSON'::bpchar) AND (((l_quantity >= '4'::numeric) AND (l_quantity <= '14'::numeric)) OR ((l_quantity >= '10'::numeric) AND (l_quantity <= '20'::numeric)) OR ((l_quantity >= '28'::numeric) AND (l_quantity <= '38'::numeric))) AND (((part.p_brand = 'Brand#45'::bpchar) AND (part.p_container = ANY ('{\"SM CASE\",\"SM BOX\",\"SM PACK\",\"SM PKG\"}'::bpchar[])) AND (l_quantity >= '4'::numeric) AND (l_quantity <= '14'::numeric) AND (part.p_size <= 5)) OR ((part.p_brand = 'Brand#15'::bpchar) AND (part.p_container = ANY ('{\"MED BAG\",\"MED BOX\",\"MED PKG\",\"MED PACK\"}'::bpchar[])) AND (l_quantity >= '10'::numeric) AND (l_quantity <= '20'::numeric) AND (part.p_size <= 10)) OR ((part.p_brand = 'Brand#35'::bpchar) AND (part.p_container = ANY ('{\"LG CASE\",\"LG BOX\",\"LG PACK\",\"LG PKG\"}'::bpchar[])) AND (l_quantity >= '28'::numeric) AND (l_quantity <= '38'::numeric) AND (part.p_size <= 15))))","Rows Removed by Filter": 30,"Workers": []}]}]}]}]},"Planning Time": 6.427,"Triggers": [],"Execution Time": 102.223}]
[{"Plan": {"Node Type": "Aggregate","Strategy": "Plain","Partial Mode": "Finalize","Parallel Aware": false,"Async Capable": false,"Startup Cost": 33509.05,"Total Cost": 33509.06,"Plan Rows": 1,"Plan Width": 32,"Actual Startup Time": 81.638,"Actual Total Time": 96.363,"Actual Rows": 1,"Actual Loops": 1,"Plans": [{"Node Type": "Gather","Parent Relationship": "Outer","Parallel Aware": false,"Async Capable": false,"Startup Cost": 33508.82,"Total Cost": 33509.03,"Plan Rows": 2,"Plan Width": 32,"Actual Startup Time": 81.541,"Actual Total Time": 96.283,"Actual Rows": 3,"Actual Loops": 1,"Workers Planned": 2,"Workers Launched": 2,"Single Copy": false,"Plans": [{"Node Type": "Aggregate","Strategy": "Plain","Partial Mode": "Partial","Parent Relationship": "Outer","Parallel Aware": false,"Async Capable": false,"Startup Cost": 32508.82,"Total Cost": 32508.83,"Plan Rows": 1,"Plan Width": 32,"Actual Startup Time": 75.308,"Actual Total Time": 75.311,"Actual Rows": 1,"Actual Loops": 3,"Workers": [],"Plans": [{"Node Type": "Nested Loop","Parent Relationship": "Outer","Parallel Aware": false,"Async Capable": false,"Join Type": "Inner","Startup Cost": 0.43,"Total Cost": 32508.47,"Plan Rows": 47,"Plan Width": 12,"Actual Startup Time": 3.640,"Actual Total Time": 75.260,"Actual Rows": 41,"Actual Loops": 3,"Inner Unique": false,"Workers": [],"Plans": [{"Node Type": "Seq Scan","Parent Relationship": "Outer","Parallel Aware": true,"Async Capable": false,"Relation Name": "part","Alias": "part","Startup Cost": 0.00,"Total Cost": 7638.67,"Plan Rows": 202,"Plan Width": 30,"Actual Startup Time": 0.726,"Actual Total Time": 31.211,"Actual Rows": 167,"Actual Loops": 3,"Filter": "((p_size >= 1) AND (((p_brand = 'Brand#44'::bpchar) AND (p_container = ANY ('{\"SM CASE\",\"SM BOX\",\"SM PACK\",\"SM PKG\"}'::bpchar[])) AND (p_size <= 5)) OR ((p_brand = 'Brand#55'::bpchar) AND (p_container = ANY ('{\"MED BAG\",\"MED BOX\",\"MED PKG\",\"MED PACK\"}'::bpchar[])) AND (p_size <= 10)) OR ((p_brand = 'Brand#52'::bpchar) AND (p_container = ANY ('{\"LG CASE\",\"LG BOX\",\"LG PACK\",\"LG PKG\"}'::bpchar[])) AND (p_size <= 15))))","Rows Removed by Filter": 66500,"Workers": []},{"Node Type": "Index Scan","Parent Relationship": "Inner","Parallel Aware": false,"Async Capable": false,"Scan Direction": "Forward","Index Name": "idx_lineitem_part_supp","Relation Name": "lineitem","Alias": "lineitem","Startup Cost": 0.43,"Total Cost": 123.11,"Plan Rows": 1,"Plan Width": 21,"Actual Startup Time": 0.236,"Actual Total Time": 0.263,"Actual Rows": 0,"Actual Loops": 501,"Index Cond": "(l_partkey = part.p_partkey)","Rows Removed by Index Recheck": 0,"Filter": "((l_shipmode = ANY ('{AIR,\"AIR REG\"}'::bpchar[])) AND (l_shipinstruct = 'DELIVER IN PERSON'::bpchar) AND (((l_quantity >= '6'::numeric) AND (l_quantity <= '16'::numeric)) OR ((l_quantity >= '16'::numeric) AND (l_quantity <= '26'::numeric)) OR ((l_quantity >= '29'::numeric) AND (l_quantity <= '39'::numeric))) AND (((part.p_brand = 'Brand#44'::bpchar) AND (part.p_container = ANY ('{\"SM CASE\",\"SM BOX\",\"SM PACK\",\"SM PKG\"}'::bpchar[])) AND (l_quantity >= '6'::numeric) AND (l_quantity <= '16'::numeric) AND (part.p_size <= 5)) OR ((part.p_brand = 'Brand#55'::bpchar) AND (part.p_container = ANY ('{\"MED BAG\",\"MED BOX\",\"MED PKG\",\"MED PACK\"}'::bpchar[])) AND (l_quantity >= '16'::numeric) AND (l_quantity <= '26'::numeric) AND (part.p_size <= 10)) OR ((part.p_brand = 'Brand#52'::bpchar) AND (part.p_container = ANY ('{\"LG CASE\",\"LG BOX\",\"LG PACK\",\"LG PKG\"}'::bpchar[])) AND (l_quantity >= '29'::numeric) AND (l_quantity <= '39'::numeric) AND (part.p_size <= 15))))","Rows Removed by Filter": 30,"Workers": []}]}]}]}]},"Planning Time": 5.379,"Triggers": [],"Execution Time": 96.615}]
[{"Plan": {"Node Type": "Aggregate","Strategy": "Plain","Partial Mode": "Finalize","Parallel Aware": false,"Async Capable": false,"Startup Cost": 33393.70,"Total Cost": 33393.71,"Plan Rows": 1,"Plan Width": 32,"Actual Startup Time": 80.956,"Actual Total Time": 95.789,"Actual Rows": 1,"Actual Loops": 1,"Plans": [{"Node Type": "Gather","Parent Relationship": "Outer","Parallel Aware": false,"Async Capable": false,"Startup Cost": 33393.47,"Total Cost": 33393.68,"Plan Rows": 2,"Plan Width": 32,"Actual Startup Time": 80.918,"Actual Total Time": 95.756,"Actual Rows": 3,"Actual Loops": 1,"Workers Planned": 2,"Workers Launched": 2,"Single Copy": false,"Plans": [{"Node Type": "Aggregate","Strategy": "Plain","Partial Mode": "Partial","Parent Relationship": "Outer","Parallel Aware": false,"Async Capable": false,"Startup Cost": 32393.47,"Total Cost": 32393.48,"Plan Rows": 1,"Plan Width": 32,"Actual Startup Time": 74.404,"Actual Total Time": 74.405,"Actual Rows": 1,"Actual Loops": 3,"Workers": [],"Plans": [{"Node Type": "Nested Loop","Parent Relationship": "Outer","Parallel Aware": false,"Async Capable": false,"Join Type": "Inner","Startup Cost": 0.43,"Total Cost": 32393.12,"Plan Rows": 47,"Plan Width": 12,"Actual Startup Time": 5.412,"Actual Total Time": 74.348,"Actual Rows": 42,"Actual Loops": 3,"Inner Unique": false,"Workers": [],"Plans": [{"Node Type": "Seq Scan","Parent Relationship": "Outer","Parallel Aware": true,"Async Capable": false,"Relation Name": "part","Alias": "part","Startup Cost": 0.00,"Total Cost": 7638.67,"Plan Rows": 201,"Plan Width": 30,"Actual Startup Time": 0.684,"Actual Total Time": 31.089,"Actual Rows": 163,"Actual Loops": 3,"Filter": "((p_size >= 1) AND (((p_brand = 'Brand#42'::bpchar) AND (p_container = ANY ('{\"SM CASE\",\"SM BOX\",\"SM PACK\",\"SM PKG\"}'::bpchar[])) AND (p_size <= 5)) OR ((p_brand = 'Brand#51'::bpchar) AND (p_container = ANY ('{\"MED BAG\",\"MED BOX\",\"MED PKG\",\"MED PACK\"}'::bpchar[])) AND (p_size <= 10)) OR ((p_brand = 'Brand#54'::bpchar) AND (p_container = ANY ('{\"LG CASE\",\"LG BOX\",\"LG PACK\",\"LG PKG\"}'::bpchar[])) AND (p_size <= 15))))","Rows Removed by Filter": 66503,"Workers": []},{"Node Type": "Index Scan","Parent Relationship": "Inner","Parallel Aware": false,"Async Capable": false,"Scan Direction": "Forward","Index Name": "idx_lineitem_part_supp","Relation Name": "lineitem","Alias": "lineitem","Startup Cost": 0.43,"Total Cost": 123.15,"Plan Rows": 1,"Plan Width": 21,"Actual Startup Time": 0.234,"Actual Total Time": 0.264,"Actual Rows": 0,"Actual Loops": 490,"Index Cond": "(l_partkey = part.p_partkey)","Rows Removed by Index Recheck": 0,"Filter": "((l_shipmode = ANY ('{AIR,\"AIR REG\"}'::bpchar[])) AND (l_shipinstruct = 'DELIVER IN PERSON'::bpchar) AND (((l_quantity >= '3'::numeric) AND (l_quantity <= '13'::numeric)) OR ((l_quantity >= '12'::numeric) AND (l_quantity <= '22'::numeric)) OR ((l_quantity >= '22'::numeric) AND (l_quantity <= '32'::numeric))) AND (((part.p_brand = 'Brand#42'::bpchar) AND (part.p_container = ANY ('{\"SM CASE\",\"SM BOX\",\"SM PACK\",\"SM PKG\"}'::bpchar[])) AND (l_quantity >= '3'::numeric) AND (l_quantity <= '13'::numeric) AND (part.p_size <= 5)) OR ((part.p_brand = 'Brand#51'::bpchar) AND (part.p_container = ANY ('{\"MED BAG\",\"MED BOX\",\"MED PKG\",\"MED PACK\"}'::bpchar[])) AND (l_quantity >= '12'::numeric) AND (l_quantity <= '22'::numeric) AND (part.p_size <= 10)) OR ((part.p_brand = 'Brand#54'::bpchar) AND (part.p_container = ANY ('{\"LG CASE\",\"LG BOX\",\"LG PACK\",\"LG PKG\"}'::bpchar[])) AND (l_quantity >= '22'::numeric) AND (l_quantity <= '32'::numeric) AND (part.p_size <= 15))))","Rows Removed by Filter": 30,"Workers": []}]}]}]}]},"Planning Time": 5.107,"Triggers": [],"Execution Time": 96.016}]
[{"Plan": {"Node Type": "Aggregate","Strategy": "Plain","Partial Mode": "Finalize","Parallel Aware": false,"Async Capable": false,"Startup Cost": 33624.15,"Total Cost": 33624.16,"Plan Rows": 1,"Plan Width": 32,"Actual Startup Time": 79.358,"Actual Total Time": 94.076,"Actual Rows": 1,"Actual Loops": 1,"Plans": [{"Node Type": "Gather","Parent Relationship": "Outer","Parallel Aware": false,"Async Capable": false,"Startup Cost": 33623.93,"Total Cost": 33624.14,"Plan Rows": 2,"Plan Width": 32,"Actual Startup Time": 78.915,"Actual Total Time": 94.052,"Actual Rows": 3,"Actual Loops": 1,"Workers Planned": 2,"Workers Launched": 2,"Single Copy": false,"Plans": [{"Node Type": "Aggregate","Strategy": "Plain","Partial Mode": "Partial","Parent Relationship": "Outer","Parallel Aware": false,"Async Capable": false,"Startup Cost": 32623.93,"Total Cost": 32623.94,"Plan Rows": 1,"Plan Width": 32,"Actual Startup Time": 72.799,"Actual Total Time": 72.801,"Actual Rows": 1,"Actual Loops": 3,"Workers": [],"Plans": [{"Node Type": "Nested Loop","Parent Relationship": "Outer","Parallel Aware": false,"Async Capable": false,"Join Type": "Inner","Startup Cost": 0.43,"Total Cost": 32623.57,"Plan Rows": 48,"Plan Width": 12,"Actual Startup Time": 2.883,"Actual Total Time": 72.758,"Actual Rows": 37,"Actual Loops": 3,"Inner Unique": false,"Workers": [],"Plans": [{"Node Type": "Seq Scan","Parent Relationship": "Outer","Parallel Aware": true,"Async Capable": false,"Relation Name": "part","Alias": "part","Startup Cost": 0.00,"Total Cost": 7638.67,"Plan Rows": 203,"Plan Width": 30,"Actual Startup Time": 1.066,"Actual Total Time": 31.444,"Actual Rows": 154,"Actual Loops": 3,"Filter": "((p_size >= 1) AND (((p_brand = 'Brand#25'::bpchar) AND (p_container = ANY ('{\"SM CASE\",\"SM BOX\",\"SM PACK\",\"SM PKG\"}'::bpchar[])) AND (p_size <= 5)) OR ((p_brand = 'Brand#51'::bpchar) AND (p_container = ANY ('{\"MED BAG\",\"MED BOX\",\"MED PKG\",\"MED PACK\"}'::bpchar[])) AND (p_size <= 10)) OR ((p_brand = 'Brand#21'::bpchar) AND (p_container = ANY ('{\"LG CASE\",\"LG BOX\",\"LG PACK\",\"LG PKG\"}'::bpchar[])) AND (p_size <= 15))))","Rows Removed by Filter": 66513,"Workers": []},{"Node Type": "Index Scan","Parent Relationship": "Inner","Parallel Aware": false,"Async Capable": false,"Scan Direction": "Forward","Index Name": "idx_lineitem_part_supp","Relation Name": "lineitem","Alias": "lineitem","Startup Cost": 0.43,"Total Cost": 123.07,"Plan Rows": 1,"Plan Width": 21,"Actual Startup Time": 0.239,"Actual Total Time": 0.268,"Actual Rows": 0,"Actual Loops": 461,"Index Cond": "(l_partkey = part.p_partkey)","Rows Removed by Index Recheck": 0,"Filter": "((l_shipmode = ANY ('{AIR,\"AIR REG\"}'::bpchar[])) AND (l_shipinstruct = 'DELIVER IN PERSON'::bpchar) AND (((l_quantity >= '9'::numeric) AND (l_quantity <= '19'::numeric)) OR ((l_quantity >= '15'::numeric) AND (l_quantity <= '25'::numeric)) OR ((l_quantity >= '29'::numeric) AND (l_quantity <= '39'::numeric))) AND (((part.p_brand = 'Brand#25'::bpchar) AND (part.p_container = ANY ('{\"SM CASE\",\"SM BOX\",\"SM PACK\",\"SM PKG\"}'::bpchar[])) AND (l_quantity >= '9'::numeric) AND (l_quantity <= '19'::numeric) AND (part.p_size <= 5)) OR ((part.p_brand = 'Brand#51'::bpchar) AND (part.p_container = ANY ('{\"MED BAG\",\"MED BOX\",\"MED PKG\",\"MED PACK\"}'::bpchar[])) AND (l_quantity >= '15'::numeric) AND (l_quantity <= '25'::numeric) AND (part.p_size <= 10)) OR ((part.p_brand = 'Brand#21'::bpchar) AND (part.p_container = ANY ('{\"LG CASE\",\"LG BOX\",\"LG PACK\",\"LG PKG\"}'::bpchar[])) AND (l_quantity >= '29'::numeric) AND (l_quantity <= '39'::numeric) AND (part.p_size <= 15))))","Rows Removed by Filter": 29,"Workers": []}]}]}]}]},"Planning Time": 5.661,"Triggers": [],"Execution Time": 94.281}]
[{"Plan": {"Node Type": "Aggregate","Strategy": "Plain","Partial Mode": "Finalize","Parallel Aware": false,"Async Capable": false,"Startup Cost": 33507.36,"Total Cost": 33507.37,"Plan Rows": 1,"Plan Width": 32,"Actual Startup Time": 89.993,"Actual Total Time": 106.077,"Actual Rows": 1,"Actual Loops": 1,"Plans": [{"Node Type": "Gather","Parent Relationship": "Outer","Parallel Aware": false,"Async Capable": false,"Startup Cost": 33507.14,"Total Cost": 33507.35,"Plan Rows": 2,"Plan Width": 32,"Actual Startup Time": 89.634,"Actual Total Time": 106.040,"Actual Rows": 3,"Actual Loops": 1,"Workers Planned": 2,"Workers Launched": 2,"Single Copy": false,"Plans": [{"Node Type": "Aggregate","Strategy": "Plain","Partial Mode": "Partial","Parent Relationship": "Outer","Parallel Aware": false,"Async Capable": false,"Startup Cost": 32507.14,"Total Cost": 32507.15,"Plan Rows": 1,"Plan Width": 32,"Actual Startup Time": 83.093,"Actual Total Time": 83.097,"Actual Rows": 1,"Actual Loops": 3,"Workers": [],"Plans": [{"Node Type": "Nested Loop","Parent Relationship": "Outer","Parallel Aware": false,"Async Capable": false,"Join Type": "Inner","Startup Cost": 0.43,"Total Cost": 32506.78,"Plan Rows": 47,"Plan Width": 12,"Actual Startup Time": 3.105,"Actual Total Time": 83.038,"Actual Rows": 48,"Actual Loops": 3,"Inner Unique": false,"Workers": [],"Plans": [{"Node Type": "Seq Scan","Parent Relationship": "Outer","Parallel Aware": true,"Async Capable": false,"Relation Name": "part","Alias": "part","Startup Cost": 0.00,"Total Cost": 7638.67,"Plan Rows": 202,"Plan Width": 30,"Actual Startup Time": 0.688,"Actual Total Time": 35.154,"Actual Rows": 171,"Actual Loops": 3,"Filter": "((p_size >= 1) AND (((p_brand = 'Brand#35'::bpchar) AND (p_container = ANY ('{\"SM CASE\",\"SM BOX\",\"SM PACK\",\"SM PKG\"}'::bpchar[])) AND (p_size <= 5)) OR ((p_brand = 'Brand#51'::bpchar) AND (p_container = ANY ('{\"MED BAG\",\"MED BOX\",\"MED PKG\",\"MED PACK\"}'::bpchar[])) AND (p_size <= 10)) OR ((p_brand = 'Brand#22'::bpchar) AND (p_container = ANY ('{\"LG CASE\",\"LG BOX\",\"LG PACK\",\"LG PKG\"}'::bpchar[])) AND (p_size <= 15))))","Rows Removed by Filter": 66496,"Workers": []},{"Node Type": "Index Scan","Parent Relationship": "Inner","Parallel Aware": false,"Async Capable": false,"Scan Direction": "Forward","Index Name": "idx_lineitem_part_supp","Relation Name": "lineitem","Alias": "lineitem","Startup Cost": 0.43,"Total Cost": 123.10,"Plan Rows": 1,"Plan Width": 21,"Actual Startup Time": 0.246,"Actual Total Time": 0.280,"Actual Rows": 0,"Actual Loops": 513,"Index Cond": "(l_partkey = part.p_partkey)","Rows Removed by Index Recheck": 0,"Filter": "((l_shipmode = ANY ('{AIR,\"AIR REG\"}'::bpchar[])) AND (l_shipinstruct = 'DELIVER IN PERSON'::bpchar) AND (((l_quantity >= '1'::numeric) AND (l_quantity <= '11'::numeric)) OR ((l_quantity >= '11'::numeric) AND (l_quantity <= '21'::numeric)) OR ((l_quantity >= '22'::numeric) AND (l_quantity <= '32'::numeric))) AND (((part.p_brand = 'Brand#35'::bpchar) AND (part.p_container = ANY ('{\"SM CASE\",\"SM BOX\",\"SM PACK\",\"SM PKG\"}'::bpchar[])) AND (l_quantity >= '1'::numeric) AND (l_quantity <= '11'::numeric) AND (part.p_size <= 5)) OR ((part.p_brand = 'Brand#51'::bpchar) AND (part.p_container = ANY ('{\"MED BAG\",\"MED BOX\",\"MED PKG\",\"MED PACK\"}'::bpchar[])) AND (l_quantity >= '11'::numeric) AND (l_quantity <= '21'::numeric) AND (part.p_size <= 10)) OR ((part.p_brand = 'Brand#22'::bpchar) AND (part.p_container = ANY ('{\"LG CASE\",\"LG BOX\",\"LG PACK\",\"LG PKG\"}'::bpchar[])) AND (l_quantity >= '22'::numeric) AND (l_quantity <= '32'::numeric) AND (part.p_size <= 15))))","Rows Removed by Filter": 30,"Workers": []}]}]}]}]},"Planning Time": 5.420,"Triggers": [],"Execution Time": 106.270}]
[{"Plan": {"Node Type": "Aggregate","Strategy": "Plain","Partial Mode": "Finalize","Parallel Aware": false,"Async Capable": false,"Startup Cost": 33974.66,"Total Cost": 33974.67,"Plan Rows": 1,"Plan Width": 32,"Actual Startup Time": 86.515,"Actual Total Time": 102.340,"Actual Rows": 1,"Actual Loops": 1,"Plans": [{"Node Type": "Gather","Parent Relationship": "Outer","Parallel Aware": false,"Async Capable": false,"Startup Cost": 33974.43,"Total Cost": 33974.64,"Plan Rows": 2,"Plan Width": 32,"Actual Startup Time": 86.044,"Actual Total Time": 102.308,"Actual Rows": 3,"Actual Loops": 1,"Workers Planned": 2,"Workers Launched": 2,"Single Copy": false,"Plans": [{"Node Type": "Aggregate","Strategy": "Plain","Partial Mode": "Partial","Parent Relationship": "Outer","Parallel Aware": false,"Async Capable": false,"Startup Cost": 32974.43,"Total Cost": 32974.44,"Plan Rows": 1,"Plan Width": 32,"Actual Startup Time": 79.974,"Actual Total Time": 79.976,"Actual Rows": 1,"Actual Loops": 3,"Workers": [],"Plans": [{"Node Type": "Nested Loop","Parent Relationship": "Outer","Parallel Aware": false,"Async Capable": false,"Join Type": "Inner","Startup Cost": 0.43,"Total Cost": 32974.07,"Plan Rows": 48,"Plan Width": 12,"Actual Startup Time": 4.779,"Actual Total Time": 79.933,"Actual Rows": 39,"Actual Loops": 3,"Inner Unique": false,"Workers": [],"Plans": [{"Node Type": "Seq Scan","Parent Relationship": "Outer","Parallel Aware": true,"Async Capable": false,"Relation Name": "part","Alias": "part","Startup Cost": 0.00,"Total Cost": 7638.67,"Plan Rows": 206,"Plan Width": 30,"Actual Startup Time": 0.585,"Actual Total Time": 35.459,"Actual Rows": 157,"Actual Loops": 3,"Filter": "((p_size >= 1) AND (((p_brand = 'Brand#25'::bpchar) AND (p_container = ANY ('{\"SM CASE\",\"SM BOX\",\"SM PACK\",\"SM PKG\"}'::bpchar[])) AND (p_size <= 5)) OR ((p_brand = 'Brand#34'::bpchar) AND (p_container = ANY ('{\"MED BAG\",\"MED BOX\",\"MED PKG\",\"MED PACK\"}'::bpchar[])) AND (p_size <= 10)) OR ((p_brand = 'Brand#42'::bpchar) AND (p_container = ANY ('{\"LG CASE\",\"LG BOX\",\"LG PACK\",\"LG PKG\"}'::bpchar[])) AND (p_size <= 15))))","Rows Removed by Filter": 66509,"Workers": []},{"Node Type": "Index Scan","Parent Relationship": "Inner","Parallel Aware": false,"Async Capable": false,"Scan Direction": "Forward","Index Name": "idx_lineitem_part_supp","Relation Name": "lineitem","Alias": "lineitem","Startup Cost": 0.43,"Total Cost": 122.98,"Plan Rows": 1,"Plan Width": 21,"Actual Startup Time": 0.252,"Actual Total Time": 0.282,"Actual Rows": 0,"Actual Loops": 472,"Index Cond": "(l_partkey = part.p_partkey)","Rows Removed by Index Recheck": 0,"Filter": "((l_shipmode = ANY ('{AIR,\"AIR REG\"}'::bpchar[])) AND (l_shipinstruct = 'DELIVER IN PERSON'::bpchar) AND (((l_quantity >= '5'::numeric) AND (l_quantity <= '15'::numeric)) OR ((l_quantity >= '14'::numeric) AND (l_quantity <= '24'::numeric)) OR ((l_quantity >= '21'::numeric) AND (l_quantity <= '31'::numeric))) AND (((part.p_brand = 'Brand#25'::bpchar) AND (part.p_container = ANY ('{\"SM CASE\",\"SM BOX\",\"SM PACK\",\"SM PKG\"}'::bpchar[])) AND (l_quantity >= '5'::numeric) AND (l_quantity <= '15'::numeric) AND (part.p_size <= 5)) OR ((part.p_brand = 'Brand#34'::bpchar) AND (part.p_container = ANY ('{\"MED BAG\",\"MED BOX\",\"MED PKG\",\"MED PACK\"}'::bpchar[])) AND (l_quantity >= '14'::numeric) AND (l_quantity <= '24'::numeric) AND (part.p_size <= 10)) OR ((part.p_brand = 'Brand#42'::bpchar) AND (part.p_container = ANY ('{\"LG CASE\",\"LG BOX\",\"LG PACK\",\"LG PKG\"}'::bpchar[])) AND (l_quantity >= '21'::numeric) AND (l_quantity <= '31'::numeric) AND (part.p_size <= 15))))","Rows Removed by Filter": 30,"Workers": []}]}]}]}]},"Planning Time": 6.377,"Triggers": [],"Execution Time": 102.551}]
[{"Plan": {"Node Type": "Aggregate","Strategy": "Plain","Partial Mode": "Finalize","Parallel Aware": false,"Async Capable": false,"Startup Cost": 33627.05,"Total Cost": 33627.06,"Plan Rows": 1,"Plan Width": 32,"Actual Startup Time": 85.387,"Actual Total Time": 100.248,"Actual Rows": 1,"Actual Loops": 1,"Plans": [{"Node Type": "Gather","Parent Relationship": "Outer","Parallel Aware": false,"Async Capable": false,"Startup Cost": 33626.83,"Total Cost": 33627.04,"Plan Rows": 2,"Plan Width": 32,"Actual Startup Time": 85.125,"Actual Total Time": 100.220,"Actual Rows": 3,"Actual Loops": 1,"Workers Planned": 2,"Workers Launched": 2,"Single Copy": false,"Plans": [{"Node Type": "Aggregate","Strategy": "Plain","Partial Mode": "Partial","Parent Relationship": "Outer","Parallel Aware": false,"Async Capable": false,"Startup Cost": 32626.83,"Total Cost": 32626.84,"Plan Rows": 1,"Plan Width": 32,"Actual Startup Time": 78.672,"Actual Total Time": 78.674,"Actual Rows": 1,"Actual Loops": 3,"Workers": [],"Plans": [{"Node Type": "Nested Loop","Parent Relationship": "Outer","Parallel Aware": false,"Async Capable": false,"Join Type": "Inner","Startup Cost": 0.43,"Total Cost": 32626.48,"Plan Rows": 47,"Plan Width": 12,"Actual Startup Time": 1.509,"Actual Total Time": 78.625,"Actual Rows": 42,"Actual Loops": 3,"Inner Unique": false,"Workers": [],"Plans": [{"Node Type": "Seq Scan","Parent Relationship": "Outer","Parallel Aware": true,"Async Capable": false,"Relation Name": "part","Alias": "part","Startup Cost": 0.00,"Total Cost": 7638.67,"Plan Rows": 203,"Plan Width": 30,"Actual Startup Time": 0.203,"Actual Total Time": 33.409,"Actual Rows": 166,"Actual Loops": 3,"Filter": "((p_size >= 1) AND (((p_brand = 'Brand#11'::bpchar) AND (p_container = ANY ('{\"SM CASE\",\"SM BOX\",\"SM PACK\",\"SM PKG\"}'::bpchar[])) AND (p_size <= 5)) OR ((p_brand = 'Brand#35'::bpchar) AND (p_container = ANY ('{\"MED BAG\",\"MED BOX\",\"MED PKG\",\"MED PACK\"}'::bpchar[])) AND (p_size <= 10)) OR ((p_brand = 'Brand#11'::bpchar) AND (p_container = ANY ('{\"LG CASE\",\"LG BOX\",\"LG PACK\",\"LG PKG\"}'::bpchar[])) AND (p_size <= 15))))","Rows Removed by Filter": 66501,"Workers": []},{"Node Type": "Index Scan","Parent Relationship": "Inner","Parallel Aware": false,"Async Capable": false,"Scan Direction": "Forward","Index Name": "idx_lineitem_part_supp","Relation Name": "lineitem","Alias": "lineitem","Startup Cost": 0.43,"Total Cost": 123.08,"Plan Rows": 1,"Plan Width": 21,"Actual Startup Time": 0.242,"Actual Total Time": 0.272,"Actual Rows": 0,"Actual Loops": 498,"Index Cond": "(l_partkey = part.p_partkey)","Rows Removed by Index Recheck": 0,"Filter": "((l_shipmode = ANY ('{AIR,\"AIR REG\"}'::bpchar[])) AND (l_shipinstruct = 'DELIVER IN PERSON'::bpchar) AND (((l_quantity >= '4'::numeric) AND (l_quantity <= '14'::numeric)) OR ((l_quantity >= '10'::numeric) AND (l_quantity <= '20'::numeric)) OR ((l_quantity >= '27'::numeric) AND (l_quantity <= '37'::numeric))) AND (((part.p_brand = 'Brand#11'::bpchar) AND (part.p_container = ANY ('{\"SM CASE\",\"SM BOX\",\"SM PACK\",\"SM PKG\"}'::bpchar[])) AND (l_quantity >= '4'::numeric) AND (l_quantity <= '14'::numeric) AND (part.p_size <= 5)) OR ((part.p_brand = 'Brand#35'::bpchar) AND (part.p_container = ANY ('{\"MED BAG\",\"MED BOX\",\"MED PKG\",\"MED PACK\"}'::bpchar[])) AND (l_quantity >= '10'::numeric) AND (l_quantity <= '20'::numeric) AND (part.p_size <= 10)) OR ((part.p_brand = 'Brand#11'::bpchar) AND (part.p_container = ANY ('{\"LG CASE\",\"LG BOX\",\"LG PACK\",\"LG PKG\"}'::bpchar[])) AND (l_quantity >= '27'::numeric) AND (l_quantity <= '37'::numeric) AND (part.p_size <= 15))))","Rows Removed by Filter": 30,"Workers": []}]}]}]}]},"Planning Time": 5.325,"Triggers": [],"Execution Time": 100.434}]
[{"Plan": {"Node Type": "Aggregate","Strategy": "Plain","Partial Mode": "Finalize","Parallel Aware": false,"Async Capable": false,"Startup Cost": 34087.37,"Total Cost": 34087.38,"Plan Rows": 1,"Plan Width": 32,"Actual Startup Time": 79.324,"Actual Total Time": 94.069,"Actual Rows": 1,"Actual Loops": 1,"Plans": [{"Node Type": "Gather","Parent Relationship": "Outer","Parallel Aware": false,"Async Capable": false,"Startup Cost": 34087.15,"Total Cost": 34087.36,"Plan Rows": 2,"Plan Width": 32,"Actual Startup Time": 79.162,"Actual Total Time": 94.037,"Actual Rows": 3,"Actual Loops": 1,"Workers Planned": 2,"Workers Launched": 2,"Single Copy": false,"Plans": [{"Node Type": "Aggregate","Strategy": "Plain","Partial Mode": "Partial","Parent Relationship": "Outer","Parallel Aware": false,"Async Capable": false,"Startup Cost": 33087.15,"Total Cost": 33087.16,"Plan Rows": 1,"Plan Width": 32,"Actual Startup Time": 72.879,"Actual Total Time": 72.882,"Actual Rows": 1,"Actual Loops": 3,"Workers": [],"Plans": [{"Node Type": "Nested Loop","Parent Relationship": "Outer","Parallel Aware": false,"Async Capable": false,"Join Type": "Inner","Startup Cost": 0.43,"Total Cost": 33086.79,"Plan Rows": 48,"Plan Width": 12,"Actual Startup Time": 5.332,"Actual Total Time": 72.836,"Actual Rows": 35,"Actual Loops": 3,"Inner Unique": false,"Workers": [],"Plans": [{"Node Type": "Seq Scan","Parent Relationship": "Outer","Parallel Aware": true,"Async Capable": false,"Relation Name": "part","Alias": "part","Startup Cost": 0.00,"Total Cost": 7638.67,"Plan Rows": 207,"Plan Width": 30,"Actual Startup Time": 0.532,"Actual Total Time": 31.433,"Actual Rows": 157,"Actual Loops": 3,"Filter": "((p_size >= 1) AND (((p_brand = 'Brand#22'::bpchar) AND (p_container = ANY ('{\"SM CASE\",\"SM BOX\",\"SM PACK\",\"SM PKG\"}'::bpchar[])) AND (p_size <= 5)) OR ((p_brand = 'Brand#33'::bpchar) AND (p_container = ANY ('{\"MED BAG\",\"MED BOX\",\"MED PKG\",\"MED PACK\"}'::bpchar[])) AND (p_size <= 10)) OR ((p_brand = 'Brand#11'::bpchar) AND (p_container = ANY ('{\"LG CASE\",\"LG BOX\",\"LG PACK\",\"LG PKG\"}'::bpchar[])) AND (p_size <= 15))))","Rows Removed by Filter": 66510,"Workers": []},{"Node Type": "Index Scan","Parent Relationship": "Inner","Parallel Aware": false,"Async Capable": false,"Scan Direction": "Forward","Index Name": "idx_lineitem_part_supp","Relation Name": "lineitem","Alias": "lineitem","Startup Cost": 0.43,"Total Cost": 122.93,"Plan Rows": 1,"Plan Width": 21,"Actual Startup Time": 0.238,"Actual Total Time": 0.263,"Actual Rows": 0,"Actual Loops": 471,"Index Cond": "(l_partkey = part.p_partkey)","Rows Removed by Index Recheck": 0,"Filter": "((l_shipmode = ANY ('{AIR,\"AIR REG\"}'::bpchar[])) AND (l_shipinstruct = 'DELIVER IN PERSON'::bpchar) AND (((l_quantity >= '10'::numeric) AND (l_quantity <= '20'::numeric)) OR ((l_quantity >= '14'::numeric) AND (l_quantity <= '24'::numeric)) OR ((l_quantity >= '29'::numeric) AND (l_quantity <= '39'::numeric))) AND (((part.p_brand = 'Brand#22'::bpchar) AND (part.p_container = ANY ('{\"SM CASE\",\"SM BOX\",\"SM PACK\",\"SM PKG\"}'::bpchar[])) AND (l_quantity >= '10'::numeric) AND (l_quantity <= '20'::numeric) AND (part.p_size <= 5)) OR ((part.p_brand = 'Brand#33'::bpchar) AND (part.p_container = ANY ('{\"MED BAG\",\"MED BOX\",\"MED PKG\",\"MED PACK\"}'::bpchar[])) AND (l_quantity >= '14'::numeric) AND (l_quantity <= '24'::numeric) AND (part.p_size <= 10)) OR ((part.p_brand = 'Brand#11'::bpchar) AND (part.p_container = ANY ('{\"LG CASE\",\"LG BOX\",\"LG PACK\",\"LG PKG\"}'::bpchar[])) AND (l_quantity >= '29'::numeric) AND (l_quantity <= '39'::numeric) AND (part.p_size <= 15))))","Rows Removed by Filter": 30,"Workers": []}]}]}]}]},"Planning Time": 6.952,"Triggers": [],"Execution Time": 94.268}]
[{"Plan": {"Node Type": "Aggregate","Strategy": "Plain","Partial Mode": "Finalize","Parallel Aware": false,"Async Capable": false,"Startup Cost": 33390.03,"Total Cost": 33390.04,"Plan Rows": 1,"Plan Width": 32,"Actual Startup Time": 85.848,"Actual Total Time": 100.578,"Actual Rows": 1,"Actual Loops": 1,"Plans": [{"Node Type": "Gather","Parent Relationship": "Outer","Parallel Aware": false,"Async Capable": false,"Startup Cost": 33389.81,"Total Cost": 33390.02,"Plan Rows": 2,"Plan Width": 32,"Actual Startup Time": 85.679,"Actual Total Time": 100.553,"Actual Rows": 3,"Actual Loops": 1,"Workers Planned": 2,"Workers Launched": 2,"Single Copy": false,"Plans": [{"Node Type": "Aggregate","Strategy": "Plain","Partial Mode": "Partial","Parent Relationship": "Outer","Parallel Aware": false,"Async Capable": false,"Startup Cost": 32389.81,"Total Cost": 32389.82,"Plan Rows": 1,"Plan Width": 32,"Actual Startup Time": 78.774,"Actual Total Time": 78.776,"Actual Rows": 1,"Actual Loops": 3,"Workers": [],"Plans": [{"Node Type": "Nested Loop","Parent Relationship": "Outer","Parallel Aware": false,"Async Capable": false,"Join Type": "Inner","Startup Cost": 0.43,"Total Cost": 32389.45,"Plan Rows": 47,"Plan Width": 12,"Actual Startup Time": 0.911,"Actual Total Time": 78.729,"Actual Rows": 39,"Actual Loops": 3,"Inner Unique": false,"Workers": [],"Plans": [{"Node Type": "Seq Scan","Parent Relationship": "Outer","Parallel Aware": true,"Async Capable": false,"Relation Name": "part","Alias": "part","Startup Cost": 0.00,"Total Cost": 7638.67,"Plan Rows": 201,"Plan Width": 30,"Actual Startup Time": 0.392,"Actual Total Time": 34.738,"Actual Rows": 158,"Actual Loops": 3,"Filter": "((p_size >= 1) AND (((p_brand = 'Brand#52'::bpchar) AND (p_container = ANY ('{\"SM CASE\",\"SM BOX\",\"SM PACK\",\"SM PKG\"}'::bpchar[])) AND (p_size <= 5)) OR ((p_brand = 'Brand#34'::bpchar) AND (p_container = ANY ('{\"MED BAG\",\"MED BOX\",\"MED PKG\",\"MED PACK\"}'::bpchar[])) AND (p_size <= 10)) OR ((p_brand = 'Brand#12'::bpchar) AND (p_container = ANY ('{\"LG CASE\",\"LG BOX\",\"LG PACK\",\"LG PKG\"}'::bpchar[])) AND (p_size <= 15))))","Rows Removed by Filter": 66509,"Workers": []},{"Node Type": "Index Scan","Parent Relationship": "Inner","Parallel Aware": false,"Async Capable": false,"Scan Direction": "Forward","Index Name": "idx_lineitem_part_supp","Relation Name": "lineitem","Alias": "lineitem","Startup Cost": 0.43,"Total Cost": 123.13,"Plan Rows": 1,"Plan Width": 21,"Actual Startup Time": 0.249,"Actual Total Time": 0.279,"Actual Rows": 0,"Actual Loops": 473,"Index Cond": "(l_partkey = part.p_partkey)","Rows Removed by Index Recheck": 0,"Filter": "((l_shipmode = ANY ('{AIR,\"AIR REG\"}'::bpchar[])) AND (l_shipinstruct = 'DELIVER IN PERSON'::bpchar) AND (((l_quantity >= '8'::numeric) AND (l_quantity <= '18'::numeric)) OR ((l_quantity >= '11'::numeric) AND (l_quantity <= '21'::numeric)) OR ((l_quantity >= '27'::numeric) AND (l_quantity <= '37'::numeric))) AND (((part.p_brand = 'Brand#52'::bpchar) AND (part.p_container = ANY ('{\"SM CASE\",\"SM BOX\",\"SM PACK\",\"SM PKG\"}'::bpchar[])) AND (l_quantity >= '8'::numeric) AND (l_quantity <= '18'::numeric) AND (part.p_size <= 5)) OR ((part.p_brand = 'Brand#34'::bpchar) AND (part.p_container = ANY ('{\"MED BAG\",\"MED BOX\",\"MED PKG\",\"MED PACK\"}'::bpchar[])) AND (l_quantity >= '11'::numeric) AND (l_quantity <= '21'::numeric) AND (part.p_size <= 10)) OR ((part.p_brand = 'Brand#12'::bpchar) AND (part.p_container = ANY ('{\"LG CASE\",\"LG BOX\",\"LG PACK\",\"LG PKG\"}'::bpchar[])) AND (l_quantity >= '27'::numeric) AND (l_quantity <= '37'::numeric) AND (part.p_size <= 15))))","Rows Removed by Filter": 30,"Workers": []}]}]}]}]},"Planning Time": 6.452,"Triggers": [],"Execution Time": 100.757}]
[{"Plan": {"Node Type": "Aggregate","Strategy": "Plain","Partial Mode": "Finalize","Parallel Aware": false,"Async Capable": false,"Startup Cost": 33278.78,"Total Cost": 33278.79,"Plan Rows": 1,"Plan Width": 32,"Actual Startup Time": 80.389,"Actual Total Time": 95.932,"Actual Rows": 1,"Actual Loops": 1,"Plans": [{"Node Type": "Gather","Parent Relationship": "Outer","Parallel Aware": false,"Async Capable": false,"Startup Cost": 33278.56,"Total Cost": 33278.77,"Plan Rows": 2,"Plan Width": 32,"Actual Startup Time": 80.051,"Actual Total Time": 95.904,"Actual Rows": 3,"Actual Loops": 1,"Workers Planned": 2,"Workers Launched": 2,"Single Copy": false,"Plans": [{"Node Type": "Aggregate","Strategy": "Plain","Partial Mode": "Partial","Parent Relationship": "Outer","Parallel Aware": false,"Async Capable": false,"Startup Cost": 32278.56,"Total Cost": 32278.57,"Plan Rows": 1,"Plan Width": 32,"Actual Startup Time": 73.853,"Actual Total Time": 73.855,"Actual Rows": 1,"Actual Loops": 3,"Workers": [],"Plans": [{"Node Type": "Nested Loop","Parent Relationship": "Outer","Parallel Aware": false,"Async Capable": false,"Join Type": "Inner","Startup Cost": 0.43,"Total Cost": 32278.20,"Plan Rows": 47,"Plan Width": 12,"Actual Startup Time": 5.396,"Actual Total Time": 73.817,"Actual Rows": 36,"Actual Loops": 3,"Inner Unique": false,"Workers": [],"Plans": [{"Node Type": "Seq Scan","Parent Relationship": "Outer","Parallel Aware": true,"Async Capable": false,"Relation Name": "part","Alias": "part","Startup Cost": 0.00,"Total Cost": 7638.67,"Plan Rows": 200,"Plan Width": 30,"Actual Startup Time": 0.536,"Actual Total Time": 30.846,"Actual Rows": 160,"Actual Loops": 3,"Filter": "((p_size >= 1) AND (((p_brand = 'Brand#51'::bpchar) AND (p_container = ANY ('{\"SM CASE\",\"SM BOX\",\"SM PACK\",\"SM PKG\"}'::bpchar[])) AND (p_size <= 5)) OR ((p_brand = 'Brand#45'::bpchar) AND (p_container = ANY ('{\"MED BAG\",\"MED BOX\",\"MED PKG\",\"MED PACK\"}'::bpchar[])) AND (p_size <= 10)) OR ((p_brand = 'Brand#32'::bpchar) AND (p_container = ANY ('{\"LG CASE\",\"LG BOX\",\"LG PACK\",\"LG PKG\"}'::bpchar[])) AND (p_size <= 15))))","Rows Removed by Filter": 66507,"Workers": []},{"Node Type": "Index Scan","Parent Relationship": "Inner","Parallel Aware": false,"Async Capable": false,"Scan Direction": "Forward","Index Name": "idx_lineitem_part_supp","Relation Name": "lineitem","Alias": "lineitem","Startup Cost": 0.43,"Total Cost": 123.19,"Plan Rows": 1,"Plan Width": 21,"Actual Startup Time": 0.242,"Actual Total Time": 0.268,"Actual Rows": 0,"Actual Loops": 480,"Index Cond": "(l_partkey = part.p_partkey)","Rows Removed by Index Recheck": 0,"Filter": "((l_shipmode = ANY ('{AIR,\"AIR REG\"}'::bpchar[])) AND (l_shipinstruct = 'DELIVER IN PERSON'::bpchar) AND (((l_quantity >= '5'::numeric) AND (l_quantity <= '15'::numeric)) OR ((l_quantity >= '12'::numeric) AND (l_quantity <= '22'::numeric)) OR ((l_quantity >= '22'::numeric) AND (l_quantity <= '32'::numeric))) AND (((part.p_brand = 'Brand#51'::bpchar) AND (part.p_container = ANY ('{\"SM CASE\",\"SM BOX\",\"SM PACK\",\"SM PKG\"}'::bpchar[])) AND (l_quantity >= '5'::numeric) AND (l_quantity <= '15'::numeric) AND (part.p_size <= 5)) OR ((part.p_brand = 'Brand#45'::bpchar) AND (part.p_container = ANY ('{\"MED BAG\",\"MED BOX\",\"MED PKG\",\"MED PACK\"}'::bpchar[])) AND (l_quantity >= '12'::numeric) AND (l_quantity <= '22'::numeric) AND (part.p_size <= 10)) OR ((part.p_brand = 'Brand#32'::bpchar) AND (part.p_container = ANY ('{\"LG CASE\",\"LG BOX\",\"LG PACK\",\"LG PKG\"}'::bpchar[])) AND (l_quantity >= '22'::numeric) AND (l_quantity <= '32'::numeric) AND (part.p_size <= 15))))","Rows Removed by Filter": 30,"Workers": []}]}]}]}]},"Planning Time": 5.373,"Triggers": [],"Execution Time": 96.169}]
[{"Plan": {"Node Type": "Aggregate","Strategy": "Plain","Partial Mode": "Finalize","Parallel Aware": false,"Async Capable": false,"Startup Cost": 33274.66,"Total Cost": 33274.67,"Plan Rows": 1,"Plan Width": 32,"Actual Startup Time": 80.891,"Actual Total Time": 95.983,"Actual Rows": 1,"Actual Loops": 1,"Plans": [{"Node Type": "Gather","Parent Relationship": "Outer","Parallel Aware": false,"Async Capable": false,"Startup Cost": 33274.44,"Total Cost": 33274.65,"Plan Rows": 2,"Plan Width": 32,"Actual Startup Time": 80.718,"Actual Total Time": 95.960,"Actual Rows": 3,"Actual Loops": 1,"Workers Planned": 2,"Workers Launched": 2,"Single Copy": false,"Plans": [{"Node Type": "Aggregate","Strategy": "Plain","Partial Mode": "Partial","Parent Relationship": "Outer","Parallel Aware": false,"Async Capable": false,"Startup Cost": 32274.44,"Total Cost": 32274.45,"Plan Rows": 1,"Plan Width": 32,"Actual Startup Time": 74.319,"Actual Total Time": 74.321,"Actual Rows": 1,"Actual Loops": 3,"Workers": [],"Plans": [{"Node Type": "Nested Loop","Parent Relationship": "Outer","Parallel Aware": false,"Async Capable": false,"Join Type": "Inner","Startup Cost": 0.43,"Total Cost": 32274.09,"Plan Rows": 47,"Plan Width": 12,"Actual Startup Time": 4.582,"Actual Total Time": 74.279,"Actual Rows": 39,"Actual Loops": 3,"Inner Unique": false,"Workers": [],"Plans": [{"Node Type": "Seq Scan","Parent Relationship": "Outer","Parallel Aware": true,"Async Capable": false,"Relation Name": "part","Alias": "part","Startup Cost": 0.00,"Total Cost": 7638.67,"Plan Rows": 200,"Plan Width": 30,"Actual Startup Time": 0.608,"Actual Total Time": 31.386,"Actual Rows": 163,"Actual Loops": 3,"Filter": "((p_size >= 1) AND (((p_brand = 'Brand#14'::bpchar) AND (p_container = ANY ('{\"SM CASE\",\"SM BOX\",\"SM PACK\",\"SM PKG\"}'::bpchar[])) AND (p_size <= 5)) OR ((p_brand = 'Brand#43'::bpchar) AND (p_container = ANY ('{\"MED BAG\",\"MED BOX\",\"MED PKG\",\"MED PACK\"}'::bpchar[])) AND (p_size <= 10)) OR ((p_brand = 'Brand#44'::bpchar) AND (p_container = ANY ('{\"LG CASE\",\"LG BOX\",\"LG PACK\",\"LG PKG\"}'::bpchar[])) AND (p_size <= 15))))","Rows Removed by Filter": 66503,"Workers": []},{"Node Type": "Index Scan","Parent Relationship": "Inner","Parallel Aware": false,"Async Capable": false,"Scan Direction": "Forward","Index Name": "idx_lineitem_part_supp","Relation Name": "lineitem","Alias": "lineitem","Startup Cost": 0.43,"Total Cost": 123.17,"Plan Rows": 1,"Plan Width": 21,"Actual Startup Time": 0.236,"Actual Total Time": 0.262,"Actual Rows": 0,"Actual Loops": 490,"Index Cond": "(l_partkey = part.p_partkey)","Rows Removed by Index Recheck": 0,"Filter": "((l_shipmode = ANY ('{AIR,\"AIR REG\"}'::bpchar[])) AND (l_shipinstruct = 'DELIVER IN PERSON'::bpchar) AND (((l_quantity >= '2'::numeric) AND (l_quantity <= '12'::numeric)) OR ((l_quantity >= '11'::numeric) AND (l_quantity <= '21'::numeric)) OR ((l_quantity >= '28'::numeric) AND (l_quantity <= '38'::numeric))) AND (((part.p_brand = 'Brand#14'::bpchar) AND (part.p_container = ANY ('{\"SM CASE\",\"SM BOX\",\"SM PACK\",\"SM PKG\"}'::bpchar[])) AND (l_quantity >= '2'::numeric) AND (l_quantity <= '12'::numeric) AND (part.p_size <= 5)) OR ((part.p_brand = 'Brand#43'::bpchar) AND (part.p_container = ANY ('{\"MED BAG\",\"MED BOX\",\"MED PKG\",\"MED PACK\"}'::bpchar[])) AND (l_quantity >= '11'::numeric) AND (l_quantity <= '21'::numeric) AND (part.p_size <= 10)) OR ((part.p_brand = 'Brand#44'::bpchar) AND (part.p_container = ANY ('{\"LG CASE\",\"LG BOX\",\"LG PACK\",\"LG PKG\"}'::bpchar[])) AND (l_quantity >= '28'::numeric) AND (l_quantity <= '38'::numeric) AND (part.p_size <= 15))))","Rows Removed by Filter": 30,"Workers": []}]}]}]}]},"Planning Time": 5.145,"Triggers": [],"Execution Time": 96.177}]
[{"Plan": {"Node Type": "Aggregate","Strategy": "Plain","Partial Mode": "Finalize","Parallel Aware": false,"Async Capable": false,"Startup Cost": 34201.59,"Total Cost": 34201.60,"Plan Rows": 1,"Plan Width": 32,"Actual Startup Time": 83.268,"Actual Total Time": 97.277,"Actual Rows": 1,"Actual Loops": 1,"Plans": [{"Node Type": "Gather","Parent Relationship": "Outer","Parallel Aware": false,"Async Capable": false,"Startup Cost": 34201.37,"Total Cost": 34201.58,"Plan Rows": 2,"Plan Width": 32,"Actual Startup Time": 83.041,"Actual Total Time": 97.244,"Actual Rows": 3,"Actual Loops": 1,"Workers Planned": 2,"Workers Launched": 2,"Single Copy": false,"Plans": [{"Node Type": "Aggregate","Strategy": "Plain","Partial Mode": "Partial","Parent Relationship": "Outer","Parallel Aware": false,"Async Capable": false,"Startup Cost": 33201.37,"Total Cost": 33201.38,"Plan Rows": 1,"Plan Width": 32,"Actual Startup Time": 76.472,"Actual Total Time": 76.474,"Actual Rows": 1,"Actual Loops": 3,"Workers": [],"Plans": [{"Node Type": "Nested Loop","Parent Relationship": "Outer","Parallel Aware": false,"Async Capable": false,"Join Type": "Inner","Startup Cost": 0.43,"Total Cost": 33201.01,"Plan Rows": 48,"Plan Width": 12,"Actual Startup Time": 6.317,"Actual Total Time": 76.434,"Actual Rows": 37,"Actual Loops": 3,"Inner Unique": false,"Workers": [],"Plans": [{"Node Type": "Seq Scan","Parent Relationship": "Outer","Parallel Aware": true,"Async Capable": false,"Relation Name": "part","Alias": "part","Startup Cost": 0.00,"Total Cost": 7638.67,"Plan Rows": 208,"Plan Width": 30,"Actual Startup Time": 0.437,"Actual Total Time": 32.241,"Actual Rows": 166,"Actual Loops": 3,"Filter": "((p_size >= 1) AND (((p_brand = 'Brand#41'::bpchar) AND (p_container = ANY ('{\"SM CASE\",\"SM BOX\",\"SM PACK\",\"SM PKG\"}'::bpchar[])) AND (p_size <= 5)) OR ((p_brand = 'Brand#24'::bpchar) AND (p_container = ANY ('{\"MED BAG\",\"MED BOX\",\"MED PKG\",\"MED PACK\"}'::bpchar[])) AND (p_size <= 10)) OR ((p_brand = 'Brand#42'::bpchar) AND (p_container = ANY ('{\"LG CASE\",\"LG BOX\",\"LG PACK\",\"LG PKG\"}'::bpchar[])) AND (p_size <= 15))))","Rows Removed by Filter": 66500,"Workers": []},{"Node Type": "Index Scan","Parent Relationship": "Inner","Parallel Aware": false,"Async Capable": false,"Scan Direction": "Forward","Index Name": "idx_lineitem_part_supp","Relation Name": "lineitem","Alias": "lineitem","Startup Cost": 0.43,"Total Cost": 122.89,"Plan Rows": 1,"Plan Width": 21,"Actual Startup Time": 0.239,"Actual Total Time": 0.265,"Actual Rows": 0,"Actual Loops": 499,"Index Cond": "(l_partkey = part.p_partkey)","Rows Removed by Index Recheck": 0,"Filter": "((l_shipmode = ANY ('{AIR,\"AIR REG\"}'::bpchar[])) AND (l_shipinstruct = 'DELIVER IN PERSON'::bpchar) AND (((l_quantity >= '6'::numeric) AND (l_quantity <= '16'::numeric)) OR ((l_quantity >= '20'::numeric) AND (l_quantity <= '30'::numeric)) OR ((l_quantity >= '29'::numeric) AND (l_quantity <= '39'::numeric))) AND (((part.p_brand = 'Brand#41'::bpchar) AND (part.p_container = ANY ('{\"SM CASE\",\"SM BOX\",\"SM PACK\",\"SM PKG\"}'::bpchar[])) AND (l_quantity >= '6'::numeric) AND (l_quantity <= '16'::numeric) AND (part.p_size <= 5)) OR ((part.p_brand = 'Brand#24'::bpchar) AND (part.p_container = ANY ('{\"MED BAG\",\"MED BOX\",\"MED PKG\",\"MED PACK\"}'::bpchar[])) AND (l_quantity >= '20'::numeric) AND (l_quantity <= '30'::numeric) AND (part.p_size <= 10)) OR ((part.p_brand = 'Brand#42'::bpchar) AND (part.p_container = ANY ('{\"LG CASE\",\"LG BOX\",\"LG PACK\",\"LG PKG\"}'::bpchar[])) AND (l_quantity >= '29'::numeric) AND (l_quantity <= '39'::numeric) AND (part.p_size <= 15))))","Rows Removed by Filter": 30,"Workers": []}]}]}]}]},"Planning Time": 5.502,"Triggers": [],"Execution Time": 97.446}]
[{"Plan": {"Node Type": "Aggregate","Strategy": "Plain","Partial Mode": "Finalize","Parallel Aware": false,"Async Capable": false,"Startup Cost": 33510.09,"Total Cost": 33510.10,"Plan Rows": 1,"Plan Width": 32,"Actual Startup Time": 87.216,"Actual Total Time": 102.358,"Actual Rows": 1,"Actual Loops": 1,"Plans": [{"Node Type": "Gather","Parent Relationship": "Outer","Parallel Aware": false,"Async Capable": false,"Startup Cost": 33509.87,"Total Cost": 33510.08,"Plan Rows": 2,"Plan Width": 32,"Actual Startup Time": 86.996,"Actual Total Time": 102.314,"Actual Rows": 3,"Actual Loops": 1,"Workers Planned": 2,"Workers Launched": 2,"Single Copy": false,"Plans": [{"Node Type": "Aggregate","Strategy": "Plain","Partial Mode": "Partial","Parent Relationship": "Outer","Parallel Aware": false,"Async Capable": false,"Startup Cost": 32509.87,"Total Cost": 32509.88,"Plan Rows": 1,"Plan Width": 32,"Actual Startup Time": 80.334,"Actual Total Time": 80.336,"Actual Rows": 1,"Actual Loops": 3,"Workers": [],"Plans": [{"Node Type": "Nested Loop","Parent Relationship": "Outer","Parallel Aware": false,"Async Capable": false,"Join Type": "Inner","Startup Cost": 0.43,"Total Cost": 32509.51,"Plan Rows": 47,"Plan Width": 12,"Actual Startup Time": 2.257,"Actual Total Time": 80.281,"Actual Rows": 41,"Actual Loops": 3,"Inner Unique": false,"Workers": [],"Plans": [{"Node Type": "Seq Scan","Parent Relationship": "Outer","Parallel Aware": true,"Async Capable": false,"Relation Name": "part","Alias": "part","Startup Cost": 0.00,"Total Cost": 7638.67,"Plan Rows": 202,"Plan Width": 30,"Actual Startup Time": 0.202,"Actual Total Time": 34.931,"Actual Rows": 167,"Actual Loops": 3,"Filter": "((p_size >= 1) AND (((p_brand = 'Brand#24'::bpchar) AND (p_container = ANY ('{\"SM CASE\",\"SM BOX\",\"SM PACK\",\"SM PKG\"}'::bpchar[])) AND (p_size <= 5)) OR ((p_brand = 'Brand#23'::bpchar) AND (p_container = ANY ('{\"MED BAG\",\"MED BOX\",\"MED PKG\",\"MED PACK\"}'::bpchar[])) AND (p_size <= 10)) OR ((p_brand = 'Brand#24'::bpchar) AND (p_container = ANY ('{\"LG CASE\",\"LG BOX\",\"LG PACK\",\"LG PKG\"}'::bpchar[])) AND (p_size <= 15))))","Rows Removed by Filter": 66500,"Workers": []},{"Node Type": "Index Scan","Parent Relationship": "Inner","Parallel Aware": false,"Async Capable": false,"Scan Direction": "Forward","Index Name": "idx_lineitem_part_supp","Relation Name": "lineitem","Alias": "lineitem","Startup Cost": 0.43,"Total Cost": 123.11,"Plan Rows": 1,"Plan Width": 21,"Actual Startup Time": 0.242,"Actual Total Time": 0.271,"Actual Rows": 0,"Actual Loops": 501,"Index Cond": "(l_partkey = part.p_partkey)","Rows Removed by Index Recheck": 0,"Filter": "((l_shipmode = ANY ('{AIR,\"AIR REG\"}'::bpchar[])) AND (l_shipinstruct = 'DELIVER IN PERSON'::bpchar) AND (((l_quantity >= '6'::numeric) AND (l_quantity <= '16'::numeric)) OR ((l_quantity >= '19'::numeric) AND (l_quantity <= '29'::numeric)) OR ((l_quantity >= '30'::numeric) AND (l_quantity <= '40'::numeric))) AND (((part.p_brand = 'Brand#24'::bpchar) AND (part.p_container = ANY ('{\"SM CASE\",\"SM BOX\",\"SM PACK\",\"SM PKG\"}'::bpchar[])) AND (l_quantity >= '6'::numeric) AND (l_quantity <= '16'::numeric) AND (part.p_size <= 5)) OR ((part.p_brand = 'Brand#23'::bpchar) AND (part.p_container = ANY ('{\"MED BAG\",\"MED BOX\",\"MED PKG\",\"MED PACK\"}'::bpchar[])) AND (l_quantity >= '19'::numeric) AND (l_quantity <= '29'::numeric) AND (part.p_size <= 10)) OR ((part.p_brand = 'Brand#24'::bpchar) AND (part.p_container = ANY ('{\"LG CASE\",\"LG BOX\",\"LG PACK\",\"LG PKG\"}'::bpchar[])) AND (l_quantity >= '30'::numeric) AND (l_quantity <= '40'::numeric) AND (part.p_size <= 15))))","Rows Removed by Filter": 29,"Workers": []}]}]}]}]},"Planning Time": 5.106,"Triggers": [],"Execution Time": 102.518}]
[{"Plan": {"Node Type": "Aggregate","Strategy": "Plain","Partial Mode": "Finalize","Parallel Aware": false,"Async Capable": false,"Startup Cost": 34085.11,"Total Cost": 34085.12,"Plan Rows": 1,"Plan Width": 32,"Actual Startup Time": 80.331,"Actual Total Time": 94.127,"Actual Rows": 1,"Actual Loops": 1,"Plans": [{"Node Type": "Gather","Parent Relationship": "Outer","Parallel Aware": false,"Async Capable": false,"Startup Cost": 34084.88,"Total Cost": 34085.09,"Plan Rows": 2,"Plan Width": 32,"Actual Startup Time": 80.165,"Actual Total Time": 94.100,"Actual Rows": 3,"Actual Loops": 1,"Workers Planned": 2,"Workers Launched": 2,"Single Copy": false,"Plans": [{"Node Type": "Aggregate","Strategy": "Plain","Partial Mode": "Partial","Parent Relationship": "Outer","Parallel Aware": false,"Async Capable": false,"Startup Cost": 33084.88,"Total Cost": 33084.89,"Plan Rows": 1,"Plan Width": 32,"Actual Startup Time": 73.777,"Actual Total Time": 73.778,"Actual Rows": 1,"Actual Loops": 3,"Workers": [],"Plans": [{"Node Type": "Nested Loop","Parent Relationship": "Outer","Parallel Aware": false,"Async Capable": false,"Join Type": "Inner","Startup Cost": 0.43,"Total Cost": 33084.52,"Plan Rows": 48,"Plan Width": 12,"Actual Startup Time": 3.589,"Actual Total Time": 73.727,"Actual Rows": 41,"Actual Loops": 3,"Inner Unique": false,"Workers": [],"Plans": [{"Node Type": "Seq Scan","Parent Relationship": "Outer","Parallel Aware": true,"Async Capable": false,"Relation Name": "part","Alias": "part","Startup Cost": 0.00,"Total Cost": 7638.67,"Plan Rows": 207,"Plan Width": 30,"Actual Startup Time": 0.617,"Actual Total Time": 31.914,"Actual Rows": 157,"Actual Loops": 3,"Filter": "((p_size >= 1) AND (((p_brand = 'Brand#44'::bpchar) AND (p_container = ANY ('{\"SM CASE\",\"SM BOX\",\"SM PACK\",\"SM PKG\"}'::bpchar[])) AND (p_size <= 5)) OR ((p_brand = 'Brand#14'::bpchar) AND (p_container = ANY ('{\"MED BAG\",\"MED BOX\",\"MED PKG\",\"MED PACK\"}'::bpchar[])) AND (p_size <= 10)) OR ((p_brand = 'Brand#42'::bpchar) AND (p_container = ANY ('{\"LG CASE\",\"LG BOX\",\"LG PACK\",\"LG PKG\"}'::bpchar[])) AND (p_size <= 15))))","Rows Removed by Filter": 66510,"Workers": []},{"Node Type": "Index Scan","Parent Relationship": "Inner","Parallel Aware": false,"Async Capable": false,"Scan Direction": "Forward","Index Name": "idx_lineitem_part_supp","Relation Name": "lineitem","Alias": "lineitem","Startup Cost": 0.43,"Total Cost": 122.92,"Plan Rows": 1,"Plan Width": 21,"Actual Startup Time": 0.237,"Actual Total Time": 0.266,"Actual Rows": 0,"Actual Loops": 470,"Index Cond": "(l_partkey = part.p_partkey)","Rows Removed by Index Recheck": 0,"Filter": "((l_shipmode = ANY ('{AIR,\"AIR REG\"}'::bpchar[])) AND (l_shipinstruct = 'DELIVER IN PERSON'::bpchar) AND (((l_quantity >= '10'::numeric) AND (l_quantity <= '20'::numeric)) OR ((l_quantity >= '13'::numeric) AND (l_quantity <= '23'::numeric)) OR ((l_quantity >= '24'::numeric) AND (l_quantity <= '34'::numeric))) AND (((part.p_brand = 'Brand#44'::bpchar) AND (part.p_container = ANY ('{\"SM CASE\",\"SM BOX\",\"SM PACK\",\"SM PKG\"}'::bpchar[])) AND (l_quantity >= '10'::numeric) AND (l_quantity <= '20'::numeric) AND (part.p_size <= 5)) OR ((part.p_brand = 'Brand#14'::bpchar) AND (part.p_container = ANY ('{\"MED BAG\",\"MED BOX\",\"MED PKG\",\"MED PACK\"}'::bpchar[])) AND (l_quantity >= '13'::numeric) AND (l_quantity <= '23'::numeric) AND (part.p_size <= 10)) OR ((part.p_brand = 'Brand#42'::bpchar) AND (part.p_container = ANY ('{\"LG CASE\",\"LG BOX\",\"LG PACK\",\"LG PKG\"}'::bpchar[])) AND (l_quantity >= '24'::numeric) AND (l_quantity <= '34'::numeric) AND (part.p_size <= 15))))","Rows Removed by Filter": 30,"Workers": []}]}]}]}]},"Planning Time": 6.736,"Triggers": [],"Execution Time": 94.354}]
[{"Plan": {"Node Type": "Aggregate","Strategy": "Plain","Partial Mode": "Finalize","Parallel Aware": false,"Async Capable": false,"Startup Cost": 33510.42,"Total Cost": 33510.43,"Plan Rows": 1,"Plan Width": 32,"Actual Startup Time": 84.148,"Actual Total Time": 99.594,"Actual Rows": 1,"Actual Loops": 1,"Plans": [{"Node Type": "Gather","Parent Relationship": "Outer","Parallel Aware": false,"Async Capable": false,"Startup Cost": 33510.20,"Total Cost": 33510.41,"Plan Rows": 2,"Plan Width": 32,"Actual Startup Time": 83.959,"Actual Total Time": 99.569,"Actual Rows": 3,"Actual Loops": 1,"Workers Planned": 2,"Workers Launched": 2,"Single Copy": false,"Plans": [{"Node Type": "Aggregate","Strategy": "Plain","Partial Mode": "Partial","Parent Relationship": "Outer","Parallel Aware": false,"Async Capable": false,"Startup Cost": 32510.20,"Total Cost": 32510.21,"Plan Rows": 1,"Plan Width": 32,"Actual Startup Time": 77.175,"Actual Total Time": 77.178,"Actual Rows": 1,"Actual Loops": 3,"Workers": [],"Plans": [{"Node Type": "Nested Loop","Parent Relationship": "Outer","Parallel Aware": false,"Async Capable": false,"Join Type": "Inner","Startup Cost": 0.43,"Total Cost": 32509.84,"Plan Rows": 47,"Plan Width": 12,"Actual Startup Time": 3.880,"Actual Total Time": 77.137,"Actual Rows": 35,"Actual Loops": 3,"Inner Unique": false,"Workers": [],"Plans": [{"Node Type": "Seq Scan","Parent Relationship": "Outer","Parallel Aware": true,"Async Capable": false,"Relation Name": "part","Alias": "part","Startup Cost": 0.00,"Total Cost": 7638.67,"Plan Rows": 202,"Plan Width": 30,"Actual Startup Time": 0.396,"Actual Total Time": 33.291,"Actual Rows": 160,"Actual Loops": 3,"Filter": "((p_size >= 1) AND (((p_brand = 'Brand#54'::bpchar) AND (p_container = ANY ('{\"SM CASE\",\"SM BOX\",\"SM PACK\",\"SM PKG\"}'::bpchar[])) AND (p_size <= 5)) OR ((p_brand = 'Brand#31'::bpchar) AND (p_container = ANY ('{\"MED BAG\",\"MED BOX\",\"MED PKG\",\"MED PACK\"}'::bpchar[])) AND (p_size <= 10)) OR ((p_brand = 'Brand#51'::bpchar) AND (p_container = ANY ('{\"LG CASE\",\"LG BOX\",\"LG PACK\",\"LG PKG\"}'::bpchar[])) AND (p_size <= 15))))","Rows Removed by Filter": 66506,"Workers": []},{"Node Type": "Index Scan","Parent Relationship": "Inner","Parallel Aware": false,"Async Capable": false,"Scan Direction": "Forward","Index Name": "idx_lineitem_part_supp","Relation Name": "lineitem","Alias": "lineitem","Startup Cost": 0.43,"Total Cost": 123.11,"Plan Rows": 1,"Plan Width": 21,"Actual Startup Time": 0.246,"Actual Total Time": 0.273,"Actual Rows": 0,"Actual Loops": 481,"Index Cond": "(l_partkey = part.p_partkey)","Rows Removed by Index Recheck": 0,"Filter": "((l_shipmode = ANY ('{AIR,\"AIR REG\"}'::bpchar[])) AND (l_shipinstruct = 'DELIVER IN PERSON'::bpchar) AND (((l_quantity >= '3'::numeric) AND (l_quantity <= '13'::numeric)) OR ((l_quantity >= '13'::numeric) AND (l_quantity <= '23'::numeric)) OR ((l_quantity >= '24'::numeric) AND (l_quantity <= '34'::numeric))) AND (((part.p_brand = 'Brand#54'::bpchar) AND (part.p_container = ANY ('{\"SM CASE\",\"SM BOX\",\"SM PACK\",\"SM PKG\"}'::bpchar[])) AND (l_quantity >= '3'::numeric) AND (l_quantity <= '13'::numeric) AND (part.p_size <= 5)) OR ((part.p_brand = 'Brand#31'::bpchar) AND (part.p_container = ANY ('{\"MED BAG\",\"MED BOX\",\"MED PKG\",\"MED PACK\"}'::bpchar[])) AND (l_quantity >= '13'::numeric) AND (l_quantity <= '23'::numeric) AND (part.p_size <= 10)) OR ((part.p_brand = 'Brand#51'::bpchar) AND (part.p_container = ANY ('{\"LG CASE\",\"LG BOX\",\"LG PACK\",\"LG PKG\"}'::bpchar[])) AND (l_quantity >= '24'::numeric) AND (l_quantity <= '34'::numeric) AND (part.p_size <= 15))))","Rows Removed by Filter": 29,"Workers": []}]}]}]}]},"Planning Time": 5.461,"Triggers": [],"Execution Time": 99.795}]
[{"Plan": {"Node Type": "Aggregate","Strategy": "Plain","Partial Mode": "Finalize","Parallel Aware": false,"Async Capable": false,"Startup Cost": 33859.38,"Total Cost": 33859.39,"Plan Rows": 1,"Plan Width": 32,"Actual Startup Time": 80.770,"Actual Total Time": 95.111,"Actual Rows": 1,"Actual Loops": 1,"Plans": [{"Node Type": "Gather","Parent Relationship": "Outer","Parallel Aware": false,"Async Capable": false,"Startup Cost": 33859.16,"Total Cost": 33859.37,"Plan Rows": 2,"Plan Width": 32,"Actual Startup Time": 80.602,"Actual Total Time": 95.093,"Actual Rows": 3,"Actual Loops": 1,"Workers Planned": 2,"Workers Launched": 2,"Single Copy": false,"Plans": [{"Node Type": "Aggregate","Strategy": "Plain","Partial Mode": "Partial","Parent Relationship": "Outer","Parallel Aware": false,"Async Capable": false,"Startup Cost": 32859.16,"Total Cost": 32859.17,"Plan Rows": 1,"Plan Width": 32,"Actual Startup Time": 74.051,"Actual Total Time": 74.052,"Actual Rows": 1,"Actual Loops": 3,"Workers": [],"Plans": [{"Node Type": "Nested Loop","Parent Relationship": "Outer","Parallel Aware": false,"Async Capable": false,"Join Type": "Inner","Startup Cost": 0.43,"Total Cost": 32858.80,"Plan Rows": 48,"Plan Width": 12,"Actual Startup Time": 1.414,"Actual Total Time": 74.001,"Actual Rows": 42,"Actual Loops": 3,"Inner Unique": false,"Workers": [],"Plans": [{"Node Type": "Seq Scan","Parent Relationship": "Outer","Parallel Aware": true,"Async Capable": false,"Relation Name": "part","Alias": "part","Startup Cost": 0.00,"Total Cost": 7638.67,"Plan Rows": 205,"Plan Width": 30,"Actual Startup Time": 0.296,"Actual Total Time": 32.000,"Actual Rows": 156,"Actual Loops": 3,"Filter": "((p_size >= 1) AND (((p_brand = 'Brand#12'::bpchar) AND (p_container = ANY ('{\"SM CASE\",\"SM BOX\",\"SM PACK\",\"SM PKG\"}'::bpchar[])) AND (p_size <= 5)) OR ((p_brand = 'Brand#11'::bpchar) AND (p_container = ANY ('{\"MED BAG\",\"MED BOX\",\"MED PKG\",\"MED PACK\"}'::bpchar[])) AND (p_size <= 10)) OR ((p_brand = 'Brand#21'::bpchar) AND (p_container = ANY ('{\"LG CASE\",\"LG BOX\",\"LG PACK\",\"LG PKG\"}'::bpchar[])) AND (p_size <= 15))))","Rows Removed by Filter": 66510,"Workers": []},{"Node Type": "Index Scan","Parent Relationship": "Inner","Parallel Aware": false,"Async Capable": false,"Scan Direction": "Forward","Index Name": "idx_lineitem_part_supp","Relation Name": "lineitem","Alias": "lineitem","Startup Cost": 0.43,"Total Cost": 123.02,"Plan Rows": 1,"Plan Width": 21,"Actual Startup Time": 0.237,"Actual Total Time": 0.268,"Actual Rows": 0,"Actual Loops": 469,"Index Cond": "(l_partkey = part.p_partkey)","Rows Removed by Index Recheck": 0,"Filter": "((l_shipmode = ANY ('{AIR,\"AIR REG\"}'::bpchar[])) AND (l_shipinstruct = 'DELIVER IN PERSON'::bpchar) AND (((l_quantity >= '9'::numeric) AND (l_quantity <= '19'::numeric)) OR ((l_quantity >= '13'::numeric) AND (l_quantity <= '23'::numeric)) OR ((l_quantity >= '26'::numeric) AND (l_quantity <= '36'::numeric))) AND (((part.p_brand = 'Brand#12'::bpchar) AND (part.p_container = ANY ('{\"SM CASE\",\"SM BOX\",\"SM PACK\",\"SM PKG\"}'::bpchar[])) AND (l_quantity >= '9'::numeric) AND (l_quantity <= '19'::numeric) AND (part.p_size <= 5)) OR ((part.p_brand = 'Brand#11'::bpchar) AND (part.p_container = ANY ('{\"MED BAG\",\"MED BOX\",\"MED PKG\",\"MED PACK\"}'::bpchar[])) AND (l_quantity >= '13'::numeric) AND (l_quantity <= '23'::numeric) AND (part.p_size <= 10)) OR ((part.p_brand = 'Brand#21'::bpchar) AND (part.p_container = ANY ('{\"LG CASE\",\"LG BOX\",\"LG PACK\",\"LG PKG\"}'::bpchar[])) AND (l_quantity >= '26'::numeric) AND (l_quantity <= '36'::numeric) AND (part.p_size <= 15))))","Rows Removed by Filter": 30,"Workers": []}]}]}]}]},"Planning Time": 6.655,"Triggers": [],"Execution Time": 95.320}]
[{"Plan": {"Node Type": "Aggregate","Strategy": "Plain","Partial Mode": "Finalize","Parallel Aware": false,"Async Capable": false,"Startup Cost": 33395.24,"Total Cost": 33395.25,"Plan Rows": 1,"Plan Width": 32,"Actual Startup Time": 83.291,"Actual Total Time": 97.770,"Actual Rows": 1,"Actual Loops": 1,"Plans": [{"Node Type": "Gather","Parent Relationship": "Outer","Parallel Aware": false,"Async Capable": false,"Startup Cost": 33395.01,"Total Cost": 33395.22,"Plan Rows": 2,"Plan Width": 32,"Actual Startup Time": 83.040,"Actual Total Time": 97.739,"Actual Rows": 3,"Actual Loops": 1,"Workers Planned": 2,"Workers Launched": 2,"Single Copy": false,"Plans": [{"Node Type": "Aggregate","Strategy": "Plain","Partial Mode": "Partial","Parent Relationship": "Outer","Parallel Aware": false,"Async Capable": false,"Startup Cost": 32395.01,"Total Cost": 32395.02,"Plan Rows": 1,"Plan Width": 32,"Actual Startup Time": 76.836,"Actual Total Time": 76.841,"Actual Rows": 1,"Actual Loops": 3,"Workers": [],"Plans": [{"Node Type": "Nested Loop","Parent Relationship": "Outer","Parallel Aware": false,"Async Capable": false,"Join Type": "Inner","Startup Cost": 0.43,"Total Cost": 32394.66,"Plan Rows": 47,"Plan Width": 12,"Actual Startup Time": 5.665,"Actual Total Time": 76.798,"Actual Rows": 44,"Actual Loops": 3,"Inner Unique": false,"Workers": [],"Plans": [{"Node Type": "Seq Scan","Parent Relationship": "Outer","Parallel Aware": true,"Async Capable": false,"Relation Name": "part","Alias": "part","Startup Cost": 0.00,"Total Cost": 7638.67,"Plan Rows": 201,"Plan Width": 30,"Actual Startup Time": 0.319,"Actual Total Time": 32.339,"Actual Rows": 168,"Actual Loops": 3,"Filter": "((p_size >= 1) AND (((p_brand = 'Brand#13'::bpchar) AND (p_container = ANY ('{\"SM CASE\",\"SM BOX\",\"SM PACK\",\"SM PKG\"}'::bpchar[])) AND (p_size <= 5)) OR ((p_brand = 'Brand#54'::bpchar) AND (p_container = ANY ('{\"MED BAG\",\"MED BOX\",\"MED PKG\",\"MED PACK\"}'::bpchar[])) AND (p_size <= 10)) OR ((p_brand = 'Brand#11'::bpchar) AND (p_container = ANY ('{\"LG CASE\",\"LG BOX\",\"LG PACK\",\"LG PKG\"}'::bpchar[])) AND (p_size <= 15))))","Rows Removed by Filter": 66499,"Workers": []},{"Node Type": "Index Scan","Parent Relationship": "Inner","Parallel Aware": false,"Async Capable": false,"Scan Direction": "Forward","Index Name": "idx_lineitem_part_supp","Relation Name": "lineitem","Alias": "lineitem","Startup Cost": 0.43,"Total Cost": 123.15,"Plan Rows": 1,"Plan Width": 21,"Actual Startup Time": 0.235,"Actual Total Time": 0.264,"Actual Rows": 0,"Actual Loops": 504,"Index Cond": "(l_partkey = part.p_partkey)","Rows Removed by Index Recheck": 0,"Filter": "((l_shipmode = ANY ('{AIR,\"AIR REG\"}'::bpchar[])) AND (l_shipinstruct = 'DELIVER IN PERSON'::bpchar) AND (((l_quantity >= '3'::numeric) AND (l_quantity <= '13'::numeric)) OR ((l_quantity >= '16'::numeric) AND (l_quantity <= '26'::numeric)) OR ((l_quantity >= '30'::numeric) AND (l_quantity <= '40'::numeric))) AND (((part.p_brand = 'Brand#13'::bpchar) AND (part.p_container = ANY ('{\"SM CASE\",\"SM BOX\",\"SM PACK\",\"SM PKG\"}'::bpchar[])) AND (l_quantity >= '3'::numeric) AND (l_quantity <= '13'::numeric) AND (part.p_size <= 5)) OR ((part.p_brand = 'Brand#54'::bpchar) AND (part.p_container = ANY ('{\"MED BAG\",\"MED BOX\",\"MED PKG\",\"MED PACK\"}'::bpchar[])) AND (l_quantity >= '16'::numeric) AND (l_quantity <= '26'::numeric) AND (part.p_size <= 10)) OR ((part.p_brand = 'Brand#11'::bpchar) AND (part.p_container = ANY ('{\"LG CASE\",\"LG BOX\",\"LG PACK\",\"LG PKG\"}'::bpchar[])) AND (l_quantity >= '30'::numeric) AND (l_quantity <= '40'::numeric) AND (part.p_size <= 15))))","Rows Removed by Filter": 30,"Workers": []}]}]}]}]},"Planning Time": 6.011,"Triggers": [],"Execution Time": 97.934}]
[{"Plan": {"Node Type": "Aggregate","Strategy": "Plain","Partial Mode": "Finalize","Parallel Aware": false,"Async Capable": false,"Startup Cost": 33739.59,"Total Cost": 33739.60,"Plan Rows": 1,"Plan Width": 32,"Actual Startup Time": 79.046,"Actual Total Time": 93.630,"Actual Rows": 1,"Actual Loops": 1,"Plans": [{"Node Type": "Gather","Parent Relationship": "Outer","Parallel Aware": false,"Async Capable": false,"Startup Cost": 33739.37,"Total Cost": 33739.58,"Plan Rows": 2,"Plan Width": 32,"Actual Startup Time": 78.783,"Actual Total Time": 93.614,"Actual Rows": 3,"Actual Loops": 1,"Workers Planned": 2,"Workers Launched": 2,"Single Copy": false,"Plans": [{"Node Type": "Aggregate","Strategy": "Plain","Partial Mode": "Partial","Parent Relationship": "Outer","Parallel Aware": false,"Async Capable": false,"Startup Cost": 32739.37,"Total Cost": 32739.38,"Plan Rows": 1,"Plan Width": 32,"Actual Startup Time": 72.446,"Actual Total Time": 72.448,"Actual Rows": 1,"Actual Loops": 3,"Workers": [],"Plans": [{"Node Type": "Nested Loop","Parent Relationship": "Outer","Parallel Aware": false,"Async Capable": false,"Join Type": "Inner","Startup Cost": 0.43,"Total Cost": 32739.01,"Plan Rows": 48,"Plan Width": 12,"Actual Startup Time": 5.597,"Actual Total Time": 72.390,"Actual Rows": 34,"Actual Loops": 3,"Inner Unique": false,"Workers": [],"Plans": [{"Node Type": "Seq Scan","Parent Relationship": "Outer","Parallel Aware": true,"Async Capable": false,"Relation Name": "part","Alias": "part","Startup Cost": 0.00,"Total Cost": 7638.67,"Plan Rows": 204,"Plan Width": 30,"Actual Startup Time": 0.830,"Actual Total Time": 31.111,"Actual Rows": 157,"Actual Loops": 3,"Filter": "((p_size >= 1) AND (((p_brand = 'Brand#41'::bpchar) AND (p_container = ANY ('{\"SM CASE\",\"SM BOX\",\"SM PACK\",\"SM PKG\"}'::bpchar[])) AND (p_size <= 5)) OR ((p_brand = 'Brand#54'::bpchar) AND (p_container = ANY ('{\"MED BAG\",\"MED BOX\",\"MED PKG\",\"MED PACK\"}'::bpchar[])) AND (p_size <= 10)) OR ((p_brand = 'Brand#21'::bpchar) AND (p_container = ANY ('{\"LG CASE\",\"LG BOX\",\"LG PACK\",\"LG PKG\"}'::bpchar[])) AND (p_size <= 15))))","Rows Removed by Filter": 66509,"Workers": []},{"Node Type": "Index Scan","Parent Relationship": "Inner","Parallel Aware": false,"Async Capable": false,"Scan Direction": "Forward","Index Name": "idx_lineitem_part_supp","Relation Name": "lineitem","Alias": "lineitem","Startup Cost": 0.43,"Total Cost": 123.03,"Plan Rows": 1,"Plan Width": 21,"Actual Startup Time": 0.239,"Actual Total Time": 0.262,"Actual Rows": 0,"Actual Loops": 472,"Index Cond": "(l_partkey = part.p_partkey)","Rows Removed by Index Recheck": 0,"Filter": "((l_shipmode = ANY ('{AIR,\"AIR REG\"}'::bpchar[])) AND (l_shipinstruct = 'DELIVER IN PERSON'::bpchar) AND (((l_quantity >= '10'::numeric) AND (l_quantity <= '20'::numeric)) OR ((l_quantity >= '10'::numeric) AND (l_quantity <= '20'::numeric)) OR ((l_quantity >= '28'::numeric) AND (l_quantity <= '38'::numeric))) AND (((part.p_brand = 'Brand#41'::bpchar) AND (part.p_container = ANY ('{\"SM CASE\",\"SM BOX\",\"SM PACK\",\"SM PKG\"}'::bpchar[])) AND (l_quantity >= '10'::numeric) AND (l_quantity <= '20'::numeric) AND (part.p_size <= 5)) OR ((part.p_brand = 'Brand#54'::bpchar) AND (part.p_container = ANY ('{\"MED BAG\",\"MED BOX\",\"MED PKG\",\"MED PACK\"}'::bpchar[])) AND (l_quantity >= '10'::numeric) AND (l_quantity <= '20'::numeric) AND (part.p_size <= 10)) OR ((part.p_brand = 'Brand#21'::bpchar) AND (part.p_container = ANY ('{\"LG CASE\",\"LG BOX\",\"LG PACK\",\"LG PKG\"}'::bpchar[])) AND (l_quantity >= '28'::numeric) AND (l_quantity <= '38'::numeric) AND (part.p_size <= 15))))","Rows Removed by Filter": 30,"Workers": []}]}]}]}]},"Planning Time": 6.595,"Triggers": [],"Execution Time": 93.787}]
[{"Plan": {"Node Type": "Aggregate","Strategy": "Plain","Partial Mode": "Finalize","Parallel Aware": false,"Async Capable": false,"Startup Cost": 33853.83,"Total Cost": 33853.84,"Plan Rows": 1,"Plan Width": 32,"Actual Startup Time": 84.760,"Actual Total Time": 99.576,"Actual Rows": 1,"Actual Loops": 1,"Plans": [{"Node Type": "Gather","Parent Relationship": "Outer","Parallel Aware": false,"Async Capable": false,"Startup Cost": 33853.61,"Total Cost": 33853.82,"Plan Rows": 2,"Plan Width": 32,"Actual Startup Time": 84.545,"Actual Total Time": 99.549,"Actual Rows": 3,"Actual Loops": 1,"Workers Planned": 2,"Workers Launched": 2,"Single Copy": false,"Plans": [{"Node Type": "Aggregate","Strategy": "Plain","Partial Mode": "Partial","Parent Relationship": "Outer","Parallel Aware": false,"Async Capable": false,"Startup Cost": 32853.61,"Total Cost": 32853.62,"Plan Rows": 1,"Plan Width": 32,"Actual Startup Time": 77.934,"Actual Total Time": 77.937,"Actual Rows": 1,"Actual Loops": 3,"Workers": [],"Plans": [{"Node Type": "Nested Loop","Parent Relationship": "Outer","Parallel Aware": false,"Async Capable": false,"Join Type": "Inner","Startup Cost": 0.43,"Total Cost": 32853.24,"Plan Rows": 48,"Plan Width": 12,"Actual Startup Time": 4.321,"Actual Total Time": 77.891,"Actual Rows": 36,"Actual Loops": 3,"Inner Unique": false,"Workers": [],"Plans": [{"Node Type": "Seq Scan","Parent Relationship": "Outer","Parallel Aware": true,"Async Capable": false,"Relation Name": "part","Alias": "part","Startup Cost": 0.00,"Total Cost": 7638.67,"Plan Rows": 205,"Plan Width": 30,"Actual Startup Time": 0.604,"Actual Total Time": 34.471,"Actual Rows": 155,"Actual Loops": 3,"Filter": "((p_size >= 1) AND (((p_brand = 'Brand#52'::bpchar) AND (p_container = ANY ('{\"SM CASE\",\"SM BOX\",\"SM PACK\",\"SM PKG\"}'::bpchar[])) AND (p_size <= 5)) OR ((p_brand = 'Brand#42'::bpchar) AND (p_container = ANY ('{\"MED BAG\",\"MED BOX\",\"MED PKG\",\"MED PACK\"}'::bpchar[])) AND (p_size <= 10)) OR ((p_brand = 'Brand#35'::bpchar) AND (p_container = ANY ('{\"LG CASE\",\"LG BOX\",\"LG PACK\",\"LG PKG\"}'::bpchar[])) AND (p_size <= 15))))","Rows Removed by Filter": 66511,"Workers": []},{"Node Type": "Index Scan","Parent Relationship": "Inner","Parallel Aware": false,"Async Capable": false,"Scan Direction": "Forward","Index Name": "idx_lineitem_part_supp","Relation Name": "lineitem","Alias": "lineitem","Startup Cost": 0.43,"Total Cost": 122.99,"Plan Rows": 1,"Plan Width": 21,"Actual Startup Time": 0.247,"Actual Total Time": 0.279,"Actual Rows": 0,"Actual Loops": 466,"Index Cond": "(l_partkey = part.p_partkey)","Rows Removed by Index Recheck": 0,"Filter": "((l_shipmode = ANY ('{AIR,\"AIR REG\"}'::bpchar[])) AND (l_shipinstruct = 'DELIVER IN PERSON'::bpchar) AND (((l_quantity >= '9'::numeric) AND (l_quantity <= '19'::numeric)) OR ((l_quantity >= '19'::numeric) AND (l_quantity <= '29'::numeric)) OR ((l_quantity >= '21'::numeric) AND (l_quantity <= '31'::numeric))) AND (((part.p_brand = 'Brand#52'::bpchar) AND (part.p_container = ANY ('{\"SM CASE\",\"SM BOX\",\"SM PACK\",\"SM PKG\"}'::bpchar[])) AND (l_quantity >= '9'::numeric) AND (l_quantity <= '19'::numeric) AND (part.p_size <= 5)) OR ((part.p_brand = 'Brand#42'::bpchar) AND (part.p_container = ANY ('{\"MED BAG\",\"MED BOX\",\"MED PKG\",\"MED PACK\"}'::bpchar[])) AND (l_quantity >= '19'::numeric) AND (l_quantity <= '29'::numeric) AND (part.p_size <= 10)) OR ((part.p_brand = 'Brand#35'::bpchar) AND (part.p_container = ANY ('{\"LG CASE\",\"LG BOX\",\"LG PACK\",\"LG PKG\"}'::bpchar[])) AND (l_quantity >= '21'::numeric) AND (l_quantity <= '31'::numeric) AND (part.p_size <= 15))))","Rows Removed by Filter": 30,"Workers": []}]}]}]}]},"Planning Time": 6.634,"Triggers": [],"Execution Time": 99.734}]
[{"Plan": {"Node Type": "Aggregate","Strategy": "Plain","Partial Mode": "Finalize","Parallel Aware": false,"Async Capable": false,"Startup Cost": 33623.36,"Total Cost": 33623.37,"Plan Rows": 1,"Plan Width": 32,"Actual Startup Time": 89.795,"Actual Total Time": 105.932,"Actual Rows": 1,"Actual Loops": 1,"Plans": [{"Node Type": "Gather","Parent Relationship": "Outer","Parallel Aware": false,"Async Capable": false,"Startup Cost": 33623.14,"Total Cost": 33623.35,"Plan Rows": 2,"Plan Width": 32,"Actual Startup Time": 89.755,"Actual Total Time": 105.897,"Actual Rows": 3,"Actual Loops": 1,"Workers Planned": 2,"Workers Launched": 2,"Single Copy": false,"Plans": [{"Node Type": "Aggregate","Strategy": "Plain","Partial Mode": "Partial","Parent Relationship": "Outer","Parallel Aware": false,"Async Capable": false,"Startup Cost": 32623.14,"Total Cost": 32623.15,"Plan Rows": 1,"Plan Width": 32,"Actual Startup Time": 83.012,"Actual Total Time": 83.016,"Actual Rows": 1,"Actual Loops": 3,"Workers": [],"Plans": [{"Node Type": "Nested Loop","Parent Relationship": "Outer","Parallel Aware": false,"Async Capable": false,"Join Type": "Inner","Startup Cost": 0.43,"Total Cost": 32622.78,"Plan Rows": 47,"Plan Width": 12,"Actual Startup Time": 1.745,"Actual Total Time": 82.963,"Actual Rows": 46,"Actual Loops": 3,"Inner Unique": false,"Workers": [],"Plans": [{"Node Type": "Seq Scan","Parent Relationship": "Outer","Parallel Aware": true,"Async Capable": false,"Relation Name": "part","Alias": "part","Startup Cost": 0.00,"Total Cost": 7638.67,"Plan Rows": 203,"Plan Width": 30,"Actual Startup Time": 0.266,"Actual Total Time": 34.877,"Actual Rows": 173,"Actual Loops": 3,"Filter": "((p_size >= 1) AND (((p_brand = 'Brand#12'::bpchar) AND (p_container = ANY ('{\"SM CASE\",\"SM BOX\",\"SM PACK\",\"SM PKG\"}'::bpchar[])) AND (p_size <= 5)) OR ((p_brand = 'Brand#52'::bpchar) AND (p_container = ANY ('{\"MED BAG\",\"MED BOX\",\"MED PKG\",\"MED PACK\"}'::bpchar[])) AND (p_size <= 10)) OR ((p_brand = 'Brand#41'::bpchar) AND (p_container = ANY ('{\"LG CASE\",\"LG BOX\",\"LG PACK\",\"LG PKG\"}'::bpchar[])) AND (p_size <= 15))))","Rows Removed by Filter": 66493,"Workers": []},{"Node Type": "Index Scan","Parent Relationship": "Inner","Parallel Aware": false,"Async Capable": false,"Scan Direction": "Forward","Index Name": "idx_lineitem_part_supp","Relation Name": "lineitem","Alias": "lineitem","Startup Cost": 0.43,"Total Cost": 123.06,"Plan Rows": 1,"Plan Width": 21,"Actual Startup Time": 0.242,"Actual Total Time": 0.277,"Actual Rows": 0,"Actual Loops": 520,"Index Cond": "(l_partkey = part.p_partkey)","Rows Removed by Index Recheck": 0,"Filter": "((l_shipmode = ANY ('{AIR,\"AIR REG\"}'::bpchar[])) AND (l_shipinstruct = 'DELIVER IN PERSON'::bpchar) AND (((l_quantity >= '7'::numeric) AND (l_quantity <= '17'::numeric)) OR ((l_quantity >= '16'::numeric) AND (l_quantity <= '26'::numeric)) OR ((l_quantity >= '24'::numeric) AND (l_quantity <= '34'::numeric))) AND (((part.p_brand = 'Brand#12'::bpchar) AND (part.p_container = ANY ('{\"SM CASE\",\"SM BOX\",\"SM PACK\",\"SM PKG\"}'::bpchar[])) AND (l_quantity >= '7'::numeric) AND (l_quantity <= '17'::numeric) AND (part.p_size <= 5)) OR ((part.p_brand = 'Brand#52'::bpchar) AND (part.p_container = ANY ('{\"MED BAG\",\"MED BOX\",\"MED PKG\",\"MED PACK\"}'::bpchar[])) AND (l_quantity >= '16'::numeric) AND (l_quantity <= '26'::numeric) AND (part.p_size <= 10)) OR ((part.p_brand = 'Brand#41'::bpchar) AND (part.p_container = ANY ('{\"LG CASE\",\"LG BOX\",\"LG PACK\",\"LG PKG\"}'::bpchar[])) AND (l_quantity >= '24'::numeric) AND (l_quantity <= '34'::numeric) AND (part.p_size <= 15))))","Rows Removed by Filter": 30,"Workers": []}]}]}]}]},"Planning Time": 5.032,"Triggers": [],"Execution Time": 106.098}]
[{"Plan": {"Node Type": "Aggregate","Strategy": "Plain","Partial Mode": "Finalize","Parallel Aware": false,"Async Capable": false,"Startup Cost": 33397.66,"Total Cost": 33397.67,"Plan Rows": 1,"Plan Width": 32,"Actual Startup Time": 81.820,"Actual Total Time": 96.826,"Actual Rows": 1,"Actual Loops": 1,"Plans": [{"Node Type": "Gather","Parent Relationship": "Outer","Parallel Aware": false,"Async Capable": false,"Startup Cost": 33397.44,"Total Cost": 33397.65,"Plan Rows": 2,"Plan Width": 32,"Actual Startup Time": 81.787,"Actual Total Time": 96.798,"Actual Rows": 3,"Actual Loops": 1,"Workers Planned": 2,"Workers Launched": 2,"Single Copy": false,"Plans": [{"Node Type": "Aggregate","Strategy": "Plain","Partial Mode": "Partial","Parent Relationship": "Outer","Parallel Aware": false,"Async Capable": false,"Startup Cost": 32397.44,"Total Cost": 32397.45,"Plan Rows": 1,"Plan Width": 32,"Actual Startup Time": 74.667,"Actual Total Time": 74.668,"Actual Rows": 1,"Actual Loops": 3,"Workers": [],"Plans": [{"Node Type": "Nested Loop","Parent Relationship": "Outer","Parallel Aware": false,"Async Capable": false,"Join Type": "Inner","Startup Cost": 0.43,"Total Cost": 32397.09,"Plan Rows": 47,"Plan Width": 12,"Actual Startup Time": 5.085,"Actual Total Time": 74.631,"Actual Rows": 39,"Actual Loops": 3,"Inner Unique": false,"Workers": [],"Plans": [{"Node Type": "Seq Scan","Parent Relationship": "Outer","Parallel Aware": true,"Async Capable": false,"Relation Name": "part","Alias": "part","Startup Cost": 0.00,"Total Cost": 7638.67,"Plan Rows": 201,"Plan Width": 30,"Actual Startup Time": 0.566,"Actual Total Time": 33.183,"Actual Rows": 152,"Actual Loops": 3,"Filter": "((p_size >= 1) AND (((p_brand = 'Brand#55'::bpchar) AND (p_container = ANY ('{\"SM CASE\",\"SM BOX\",\"SM PACK\",\"SM PKG\"}'::bpchar[])) AND (p_size <= 5)) OR ((p_brand = 'Brand#42'::bpchar) AND (p_container = ANY ('{\"MED BAG\",\"MED BOX\",\"MED PKG\",\"MED PACK\"}'::bpchar[])) AND (p_size <= 10)) OR ((p_brand = 'Brand#32'::bpchar) AND (p_container = ANY ('{\"LG CASE\",\"LG BOX\",\"LG PACK\",\"LG PKG\"}'::bpchar[])) AND (p_size <= 15))))","Rows Removed by Filter": 66515,"Workers": []},{"Node Type": "Index Scan","Parent Relationship": "Inner","Parallel Aware": false,"Async Capable": false,"Scan Direction": "Forward","Index Name": "idx_lineitem_part_supp","Relation Name": "lineitem","Alias": "lineitem","Startup Cost": 0.43,"Total Cost": 123.17,"Plan Rows": 1,"Plan Width": 21,"Actual Startup Time": 0.243,"Actual Total Time": 0.272,"Actual Rows": 0,"Actual Loops": 456,"Index Cond": "(l_partkey = part.p_partkey)","Rows Removed by Index Recheck": 0,"Filter": "((l_shipmode = ANY ('{AIR,\"AIR REG\"}'::bpchar[])) AND (l_shipinstruct = 'DELIVER IN PERSON'::bpchar) AND (((l_quantity >= '1'::numeric) AND (l_quantity <= '11'::numeric)) OR ((l_quantity >= '17'::numeric) AND (l_quantity <= '27'::numeric)) OR ((l_quantity >= '22'::numeric) AND (l_quantity <= '32'::numeric))) AND (((part.p_brand = 'Brand#55'::bpchar) AND (part.p_container = ANY ('{\"SM CASE\",\"SM BOX\",\"SM PACK\",\"SM PKG\"}'::bpchar[])) AND (l_quantity >= '1'::numeric) AND (l_quantity <= '11'::numeric) AND (part.p_size <= 5)) OR ((part.p_brand = 'Brand#42'::bpchar) AND (part.p_container = ANY ('{\"MED BAG\",\"MED BOX\",\"MED PKG\",\"MED PACK\"}'::bpchar[])) AND (l_quantity >= '17'::numeric) AND (l_quantity <= '27'::numeric) AND (part.p_size <= 10)) OR ((part.p_brand = 'Brand#32'::bpchar) AND (part.p_container = ANY ('{\"LG CASE\",\"LG BOX\",\"LG PACK\",\"LG PKG\"}'::bpchar[])) AND (l_quantity >= '22'::numeric) AND (l_quantity <= '32'::numeric) AND (part.p_size <= 15))))","Rows Removed by Filter": 30,"Workers": []}]}]}]}]},"Planning Time": 6.157,"Triggers": [],"Execution Time": 96.994}]
[{"Plan": {"Node Type": "Aggregate","Strategy": "Plain","Partial Mode": "Finalize","Parallel Aware": false,"Async Capable": false,"Startup Cost": 33854.09,"Total Cost": 33854.10,"Plan Rows": 1,"Plan Width": 32,"Actual Startup Time": 88.510,"Actual Total Time": 104.849,"Actual Rows": 1,"Actual Loops": 1,"Plans": [{"Node Type": "Gather","Parent Relationship": "Outer","Parallel Aware": false,"Async Capable": false,"Startup Cost": 33853.87,"Total Cost": 33854.08,"Plan Rows": 2,"Plan Width": 32,"Actual Startup Time": 88.469,"Actual Total Time": 104.815,"Actual Rows": 3,"Actual Loops": 1,"Workers Planned": 2,"Workers Launched": 2,"Single Copy": false,"Plans": [{"Node Type": "Aggregate","Strategy": "Plain","Partial Mode": "Partial","Parent Relationship": "Outer","Parallel Aware": false,"Async Capable": false,"Startup Cost": 32853.87,"Total Cost": 32853.88,"Plan Rows": 1,"Plan Width": 32,"Actual Startup Time": 81.882,"Actual Total Time": 81.885,"Actual Rows": 1,"Actual Loops": 3,"Workers": [],"Plans": [{"Node Type": "Nested Loop","Parent Relationship": "Outer","Parallel Aware": false,"Async Capable": false,"Join Type": "Inner","Startup Cost": 0.43,"Total Cost": 32853.51,"Plan Rows": 48,"Plan Width": 12,"Actual Startup Time": 3.621,"Actual Total Time": 81.835,"Actual Rows": 41,"Actual Loops": 3,"Inner Unique": false,"Workers": [],"Plans": [{"Node Type": "Seq Scan","Parent Relationship": "Outer","Parallel Aware": true,"Async Capable": false,"Relation Name": "part","Alias": "part","Startup Cost": 0.00,"Total Cost": 7638.67,"Plan Rows": 205,"Plan Width": 30,"Actual Startup Time": 0.388,"Actual Total Time": 33.813,"Actual Rows": 172,"Actual Loops": 3,"Filter": "((p_size >= 1) AND (((p_brand = 'Brand#11'::bpchar) AND (p_container = ANY ('{\"SM CASE\",\"SM BOX\",\"SM PACK\",\"SM PKG\"}'::bpchar[])) AND (p_size <= 5)) OR ((p_brand = 'Brand#13'::bpchar) AND (p_container = ANY ('{\"MED BAG\",\"MED BOX\",\"MED PKG\",\"MED PACK\"}'::bpchar[])) AND (p_size <= 10)) OR ((p_brand = 'Brand#15'::bpchar) AND (p_container = ANY ('{\"LG CASE\",\"LG BOX\",\"LG PACK\",\"LG PKG\"}'::bpchar[])) AND (p_size <= 15))))","Rows Removed by Filter": 66495,"Workers": []},{"Node Type": "Index Scan","Parent Relationship": "Inner","Parallel Aware": false,"Async Capable": false,"Scan Direction": "Forward","Index Name": "idx_lineitem_part_supp","Relation Name": "lineitem","Alias": "lineitem","Startup Cost": 0.43,"Total Cost": 122.99,"Plan Rows": 1,"Plan Width": 21,"Actual Startup Time": 0.246,"Actual Total Time": 0.279,"Actual Rows": 0,"Actual Loops": 516,"Index Cond": "(l_partkey = part.p_partkey)","Rows Removed by Index Recheck": 0,"Filter": "((l_shipmode = ANY ('{AIR,\"AIR REG\"}'::bpchar[])) AND (l_shipinstruct = 'DELIVER IN PERSON'::bpchar) AND (((l_quantity >= '3'::numeric) AND (l_quantity <= '13'::numeric)) OR ((l_quantity >= '11'::numeric) AND (l_quantity <= '21'::numeric)) OR ((l_quantity >= '27'::numeric) AND (l_quantity <= '37'::numeric))) AND (((part.p_brand = 'Brand#11'::bpchar) AND (part.p_container = ANY ('{\"SM CASE\",\"SM BOX\",\"SM PACK\",\"SM PKG\"}'::bpchar[])) AND (l_quantity >= '3'::numeric) AND (l_quantity <= '13'::numeric) AND (part.p_size <= 5)) OR ((part.p_brand = 'Brand#13'::bpchar) AND (part.p_container = ANY ('{\"MED BAG\",\"MED BOX\",\"MED PKG\",\"MED PACK\"}'::bpchar[])) AND (l_quantity >= '11'::numeric) AND (l_quantity <= '21'::numeric) AND (part.p_size <= 10)) OR ((part.p_brand = 'Brand#15'::bpchar) AND (part.p_container = ANY ('{\"LG CASE\",\"LG BOX\",\"LG PACK\",\"LG PKG\"}'::bpchar[])) AND (l_quantity >= '27'::numeric) AND (l_quantity <= '37'::numeric) AND (part.p_size <= 15))))","Rows Removed by Filter": 30,"Workers": []}]}]}]}]},"Planning Time": 5.336,"Triggers": [],"Execution Time": 105.040}]
[{"Plan": {"Node Type": "Aggregate","Strategy": "Plain","Partial Mode": "Finalize","Parallel Aware": false,"Async Capable": false,"Startup Cost": 33395.04,"Total Cost": 33395.05,"Plan Rows": 1,"Plan Width": 32,"Actual Startup Time": 78.662,"Actual Total Time": 93.035,"Actual Rows": 1,"Actual Loops": 1,"Plans": [{"Node Type": "Gather","Parent Relationship": "Outer","Parallel Aware": false,"Async Capable": false,"Startup Cost": 33394.82,"Total Cost": 33395.03,"Plan Rows": 2,"Plan Width": 32,"Actual Startup Time": 78.522,"Actual Total Time": 93.008,"Actual Rows": 3,"Actual Loops": 1,"Workers Planned": 2,"Workers Launched": 2,"Single Copy": false,"Plans": [{"Node Type": "Aggregate","Strategy": "Plain","Partial Mode": "Partial","Parent Relationship": "Outer","Parallel Aware": false,"Async Capable": false,"Startup Cost": 32394.82,"Total Cost": 32394.83,"Plan Rows": 1,"Plan Width": 32,"Actual Startup Time": 72.171,"Actual Total Time": 72.172,"Actual Rows": 1,"Actual Loops": 3,"Workers": [],"Plans": [{"Node Type": "Nested Loop","Parent Relationship": "Outer","Parallel Aware": false,"Async Capable": false,"Join Type": "Inner","Startup Cost": 0.43,"Total Cost": 32394.46,"Plan Rows": 47,"Plan Width": 12,"Actual Startup Time": 7.275,"Actual Total Time": 72.131,"Actual Rows": 36,"Actual Loops": 3,"Inner Unique": false,"Workers": [],"Plans": [{"Node Type": "Seq Scan","Parent Relationship": "Outer","Parallel Aware": true,"Async Capable": false,"Relation Name": "part","Alias": "part","Startup Cost": 0.00,"Total Cost": 7638.67,"Plan Rows": 201,"Plan Width": 30,"Actual Startup Time": 0.545,"Actual Total Time": 30.978,"Actual Rows": 158,"Actual Loops": 3,"Filter": "((p_size >= 1) AND (((p_brand = 'Brand#22'::bpchar) AND (p_container = ANY ('{\"SM CASE\",\"SM BOX\",\"SM PACK\",\"SM PKG\"}'::bpchar[])) AND (p_size <= 5)) OR ((p_brand = 'Brand#51'::bpchar) AND (p_container = ANY ('{\"MED BAG\",\"MED BOX\",\"MED PKG\",\"MED PACK\"}'::bpchar[])) AND (p_size <= 10)) OR ((p_brand = 'Brand#12'::bpchar) AND (p_container = ANY ('{\"LG CASE\",\"LG BOX\",\"LG PACK\",\"LG PKG\"}'::bpchar[])) AND (p_size <= 15))))","Rows Removed by Filter": 66508,"Workers": []},{"Node Type": "Index Scan","Parent Relationship": "Inner","Parallel Aware": false,"Async Capable": false,"Scan Direction": "Forward","Index Name": "idx_lineitem_part_supp","Relation Name": "lineitem","Alias": "lineitem","Startup Cost": 0.43,"Total Cost": 123.15,"Plan Rows": 1,"Plan Width": 21,"Actual Startup Time": 0.232,"Actual Total Time": 0.259,"Actual Rows": 0,"Actual Loops": 475,"Index Cond": "(l_partkey = part.p_partkey)","Rows Removed by Index Recheck": 0,"Filter": "((l_shipmode = ANY ('{AIR,\"AIR REG\"}'::bpchar[])) AND (l_shipinstruct = 'DELIVER IN PERSON'::bpchar) AND (((l_quantity >= '6'::numeric) AND (l_quantity <= '16'::numeric)) OR ((l_quantity >= '14'::numeric) AND (l_quantity <= '24'::numeric)) OR ((l_quantity >= '21'::numeric) AND (l_quantity <= '31'::numeric))) AND (((part.p_brand = 'Brand#22'::bpchar) AND (part.p_container = ANY ('{\"SM CASE\",\"SM BOX\",\"SM PACK\",\"SM PKG\"}'::bpchar[])) AND (l_quantity >= '6'::numeric) AND (l_quantity <= '16'::numeric) AND (part.p_size <= 5)) OR ((part.p_brand = 'Brand#51'::bpchar) AND (part.p_container = ANY ('{\"MED BAG\",\"MED BOX\",\"MED PKG\",\"MED PACK\"}'::bpchar[])) AND (l_quantity >= '14'::numeric) AND (l_quantity <= '24'::numeric) AND (part.p_size <= 10)) OR ((part.p_brand = 'Brand#12'::bpchar) AND (part.p_container = ANY ('{\"LG CASE\",\"LG BOX\",\"LG PACK\",\"LG PKG\"}'::bpchar[])) AND (l_quantity >= '21'::numeric) AND (l_quantity <= '31'::numeric) AND (part.p_size <= 15))))","Rows Removed by Filter": 30,"Workers": []}]}]}]}]},"Planning Time": 5.126,"Triggers": [],"Execution Time": 93.263}]
[{"Plan": {"Node Type": "Aggregate","Strategy": "Plain","Partial Mode": "Finalize","Parallel Aware": false,"Async Capable": false,"Startup Cost": 33278.22,"Total Cost": 33278.23,"Plan Rows": 1,"Plan Width": 32,"Actual Startup Time": 80.457,"Actual Total Time": 95.342,"Actual Rows": 1,"Actual Loops": 1,"Plans": [{"Node Type": "Gather","Parent Relationship": "Outer","Parallel Aware": false,"Async Capable": false,"Startup Cost": 33278.00,"Total Cost": 33278.21,"Plan Rows": 2,"Plan Width": 32,"Actual Startup Time": 80.297,"Actual Total Time": 95.308,"Actual Rows": 3,"Actual Loops": 1,"Workers Planned": 2,"Workers Launched": 2,"Single Copy": false,"Plans": [{"Node Type": "Aggregate","Strategy": "Plain","Partial Mode": "Partial","Parent Relationship": "Outer","Parallel Aware": false,"Async Capable": false,"Startup Cost": 32278.00,"Total Cost": 32278.01,"Plan Rows": 1,"Plan Width": 32,"Actual Startup Time": 73.737,"Actual Total Time": 73.739,"Actual Rows": 1,"Actual Loops": 3,"Workers": [],"Plans": [{"Node Type": "Nested Loop","Parent Relationship": "Outer","Parallel Aware": false,"Async Capable": false,"Join Type": "Inner","Startup Cost": 0.43,"Total Cost": 32277.65,"Plan Rows": 46,"Plan Width": 12,"Actual Startup Time": 5.431,"Actual Total Time": 73.696,"Actual Rows": 34,"Actual Loops": 3,"Inner Unique": false,"Workers": [],"Plans": [{"Node Type": "Seq Scan","Parent Relationship": "Outer","Parallel Aware": true,"Async Capable": false,"Relation Name": "part","Alias": "part","Startup Cost": 0.00,"Total Cost": 7638.67,"Plan Rows": 200,"Plan Width": 30,"Actual Startup Time": 0.542,"Actual Total Time": 30.932,"Actual Rows": 164,"Actual Loops": 3,"Filter": "((p_size >= 1) AND (((p_brand = 'Brand#54'::bpchar) AND (p_container = ANY ('{\"SM CASE\",\"SM BOX\",\"SM PACK\",\"SM PKG\"}'::bpchar[])) AND (p_size <= 5)) OR ((p_brand = 'Brand#12'::bpchar) AND (p_container = ANY ('{\"MED BAG\",\"MED BOX\",\"MED PKG\",\"MED PACK\"}'::bpchar[])) AND (p_size <= 10)) OR ((p_brand = 'Brand#44'::bpchar) AND (p_container = ANY ('{\"LG CASE\",\"LG BOX\",\"LG PACK\",\"LG PKG\"}'::bpchar[])) AND (p_size <= 15))))","Rows Removed by Filter": 66503,"Workers": []},{"Node Type": "Index Scan","Parent Relationship": "Inner","Parallel Aware": false,"Async Capable": false,"Scan Direction": "Forward","Index Name": "idx_lineitem_part_supp","Relation Name": "lineitem","Alias": "lineitem","Startup Cost": 0.43,"Total Cost": 123.18,"Plan Rows": 1,"Plan Width": 21,"Actual Startup Time": 0.237,"Actual Total Time": 0.261,"Actual Rows": 0,"Actual Loops": 491,"Index Cond": "(l_partkey = part.p_partkey)","Rows Removed by Index Recheck": 0,"Filter": "((l_shipmode = ANY ('{AIR,\"AIR REG\"}'::bpchar[])) AND (l_shipinstruct = 'DELIVER IN PERSON'::bpchar) AND (((l_quantity >= '3'::numeric) AND (l_quantity <= '13'::numeric)) OR ((l_quantity >= '12'::numeric) AND (l_quantity <= '22'::numeric)) OR ((l_quantity >= '27'::numeric) AND (l_quantity <= '37'::numeric))) AND (((part.p_brand = 'Brand#54'::bpchar) AND (part.p_container = ANY ('{\"SM CASE\",\"SM BOX\",\"SM PACK\",\"SM PKG\"}'::bpchar[])) AND (l_quantity >= '3'::numeric) AND (l_quantity <= '13'::numeric) AND (part.p_size <= 5)) OR ((part.p_brand = 'Brand#12'::bpchar) AND (part.p_container = ANY ('{\"MED BAG\",\"MED BOX\",\"MED PKG\",\"MED PACK\"}'::bpchar[])) AND (l_quantity >= '12'::numeric) AND (l_quantity <= '22'::numeric) AND (part.p_size <= 10)) OR ((part.p_brand = 'Brand#44'::bpchar) AND (part.p_container = ANY ('{\"LG CASE\",\"LG BOX\",\"LG PACK\",\"LG PKG\"}'::bpchar[])) AND (l_quantity >= '27'::numeric) AND (l_quantity <= '37'::numeric) AND (part.p_size <= 15))))","Rows Removed by Filter": 30,"Workers": []}]}]}]}]},"Planning Time": 5.949,"Triggers": [],"Execution Time": 95.535}]
[{"Plan": {"Node Type": "Aggregate","Strategy": "Plain","Partial Mode": "Finalize","Parallel Aware": false,"Async Capable": false,"Startup Cost": 34205.08,"Total Cost": 34205.09,"Plan Rows": 1,"Plan Width": 32,"Actual Startup Time": 83.149,"Actual Total Time": 98.499,"Actual Rows": 1,"Actual Loops": 1,"Plans": [{"Node Type": "Gather","Parent Relationship": "Outer","Parallel Aware": false,"Async Capable": false,"Startup Cost": 34204.86,"Total Cost": 34205.07,"Plan Rows": 2,"Plan Width": 32,"Actual Startup Time": 82.966,"Actual Total Time": 98.475,"Actual Rows": 3,"Actual Loops": 1,"Workers Planned": 2,"Workers Launched": 2,"Single Copy": false,"Plans": [{"Node Type": "Aggregate","Strategy": "Plain","Partial Mode": "Partial","Parent Relationship": "Outer","Parallel Aware": false,"Async Capable": false,"Startup Cost": 33204.86,"Total Cost": 33204.87,"Plan Rows": 1,"Plan Width": 32,"Actual Startup Time": 76.176,"Actual Total Time": 76.178,"Actual Rows": 1,"Actual Loops": 3,"Workers": [],"Plans": [{"Node Type": "Nested Loop","Parent Relationship": "Outer","Parallel Aware": false,"Async Capable": false,"Join Type": "Inner","Startup Cost": 0.43,"Total Cost": 33204.49,"Plan Rows": 49,"Plan Width": 12,"Actual Startup Time": 4.426,"Actual Total Time": 76.132,"Actual Rows": 38,"Actual Loops": 3,"Inner Unique": false,"Workers": [],"Plans": [{"Node Type": "Seq Scan","Parent Relationship": "Outer","Parallel Aware": true,"Async Capable": false,"Relation Name": "part","Alias": "part","Startup Cost": 0.00,"Total Cost": 7638.67,"Plan Rows": 208,"Plan Width": 30,"Actual Startup Time": 0.751,"Actual Total Time": 33.332,"Actual Rows": 160,"Actual Loops": 3,"Filter": "((p_size >= 1) AND (((p_brand = 'Brand#51'::bpchar) AND (p_container = ANY ('{\"SM CASE\",\"SM BOX\",\"SM PACK\",\"SM PKG\"}'::bpchar[])) AND (p_size <= 5)) OR ((p_brand = 'Brand#33'::bpchar) AND (p_container = ANY ('{\"MED BAG\",\"MED BOX\",\"MED PKG\",\"MED PACK\"}'::bpchar[])) AND (p_size <= 10)) OR ((p_brand = 'Brand#55'::bpchar) AND (p_container = ANY ('{\"LG CASE\",\"LG BOX\",\"LG PACK\",\"LG PKG\"}'::bpchar[])) AND (p_size <= 15))))","Rows Removed by Filter": 66507,"Workers": []},{"Node Type": "Index Scan","Parent Relationship": "Inner","Parallel Aware": false,"Async Capable": false,"Scan Direction": "Forward","Index Name": "idx_lineitem_part_supp","Relation Name": "lineitem","Alias": "lineitem","Startup Cost": 0.43,"Total Cost": 122.90,"Plan Rows": 1,"Plan Width": 21,"Actual Startup Time": 0.238,"Actual Total Time": 0.268,"Actual Rows": 0,"Actual Loops": 479,"Index Cond": "(l_partkey = part.p_partkey)","Rows Removed by Index Recheck": 0,"Filter": "((l_shipmode = ANY ('{AIR,\"AIR REG\"}'::bpchar[])) AND (l_shipinstruct = 'DELIVER IN PERSON'::bpchar) AND (((l_quantity >= '10'::numeric) AND (l_quantity <= '20'::numeric)) OR ((l_quantity >= '11'::numeric) AND (l_quantity <= '21'::numeric)) OR ((l_quantity >= '29'::numeric) AND (l_quantity <= '39'::numeric))) AND (((part.p_brand = 'Brand#51'::bpchar) AND (part.p_container = ANY ('{\"SM CASE\",\"SM BOX\",\"SM PACK\",\"SM PKG\"}'::bpchar[])) AND (l_quantity >= '10'::numeric) AND (l_quantity <= '20'::numeric) AND (part.p_size <= 5)) OR ((part.p_brand = 'Brand#33'::bpchar) AND (part.p_container = ANY ('{\"MED BAG\",\"MED BOX\",\"MED PKG\",\"MED PACK\"}'::bpchar[])) AND (l_quantity >= '11'::numeric) AND (l_quantity <= '21'::numeric) AND (part.p_size <= 10)) OR ((part.p_brand = 'Brand#55'::bpchar) AND (part.p_container = ANY ('{\"LG CASE\",\"LG BOX\",\"LG PACK\",\"LG PKG\"}'::bpchar[])) AND (l_quantity >= '29'::numeric) AND (l_quantity <= '39'::numeric) AND (part.p_size <= 15))))","Rows Removed by Filter": 30,"Workers": []}]}]}]}]},"Planning Time": 7.296,"Triggers": [],"Execution Time": 98.652}]
[{"Plan": {"Node Type": "Aggregate","Strategy": "Plain","Partial Mode": "Finalize","Parallel Aware": false,"Async Capable": false,"Startup Cost": 33046.69,"Total Cost": 33046.70,"Plan Rows": 1,"Plan Width": 32,"Actual Startup Time": 80.831,"Actual Total Time": 95.306,"Actual Rows": 1,"Actual Loops": 1,"Plans": [{"Node Type": "Gather","Parent Relationship": "Outer","Parallel Aware": false,"Async Capable": false,"Startup Cost": 33046.47,"Total Cost": 33046.68,"Plan Rows": 2,"Plan Width": 32,"Actual Startup Time": 80.417,"Actual Total Time": 95.280,"Actual Rows": 3,"Actual Loops": 1,"Workers Planned": 2,"Workers Launched": 2,"Single Copy": false,"Plans": [{"Node Type": "Aggregate","Strategy": "Plain","Partial Mode": "Partial","Parent Relationship": "Outer","Parallel Aware": false,"Async Capable": false,"Startup Cost": 32046.47,"Total Cost": 32046.48,"Plan Rows": 1,"Plan Width": 32,"Actual Startup Time": 73.966,"Actual Total Time": 73.970,"Actual Rows": 1,"Actual Loops": 3,"Workers": [],"Plans": [{"Node Type": "Nested Loop","Parent Relationship": "Outer","Parallel Aware": false,"Async Capable": false,"Join Type": "Inner","Startup Cost": 0.43,"Total Cost": 32046.12,"Plan Rows": 46,"Plan Width": 12,"Actual Startup Time": 8.387,"Actual Total Time": 73.920,"Actual Rows": 46,"Actual Loops": 3,"Inner Unique": false,"Workers": [],"Plans": [{"Node Type": "Seq Scan","Parent Relationship": "Outer","Parallel Aware": true,"Async Capable": false,"Relation Name": "part","Alias": "part","Startup Cost": 0.00,"Total Cost": 7638.67,"Plan Rows": 198,"Plan Width": 30,"Actual Startup Time": 0.271,"Actual Total Time": 30.760,"Actual Rows": 169,"Actual Loops": 3,"Filter": "((p_size >= 1) AND (((p_brand = 'Brand#14'::bpchar) AND (p_container = ANY ('{\"SM CASE\",\"SM BOX\",\"SM PACK\",\"SM PKG\"}'::bpchar[])) AND (p_size <= 5)) OR ((p_brand = 'Brand#53'::bpchar) AND (p_container = ANY ('{\"MED BAG\",\"MED BOX\",\"MED PKG\",\"MED PACK\"}'::bpchar[])) AND (p_size <= 10)) OR ((p_brand = 'Brand#32'::bpchar) AND (p_container = ANY ('{\"LG CASE\",\"LG BOX\",\"LG PACK\",\"LG PKG\"}'::bpchar[])) AND (p_size <= 15))))","Rows Removed by Filter": 66498,"Workers": []},{"Node Type": "Index Scan","Parent Relationship": "Inner","Parallel Aware": false,"Async Capable": false,"Scan Direction": "Forward","Index Name": "idx_lineitem_part_supp","Relation Name": "lineitem","Alias": "lineitem","Startup Cost": 0.43,"Total Cost": 123.26,"Plan Rows": 1,"Plan Width": 21,"Actual Startup Time": 0.225,"Actual Total Time": 0.255,"Actual Rows": 0,"Actual Loops": 506,"Index Cond": "(l_partkey = part.p_partkey)","Rows Removed by Index Recheck": 0,"Filter": "((l_shipmode = ANY ('{AIR,\"AIR REG\"}'::bpchar[])) AND (l_shipinstruct = 'DELIVER IN PERSON'::bpchar) AND (((l_quantity >= '8'::numeric) AND (l_quantity <= '18'::numeric)) OR ((l_quantity >= '15'::numeric) AND (l_quantity <= '25'::numeric)) OR ((l_quantity >= '30'::numeric) AND (l_quantity <= '40'::numeric))) AND (((part.p_brand = 'Brand#14'::bpchar) AND (part.p_container = ANY ('{\"SM CASE\",\"SM BOX\",\"SM PACK\",\"SM PKG\"}'::bpchar[])) AND (l_quantity >= '8'::numeric) AND (l_quantity <= '18'::numeric) AND (part.p_size <= 5)) OR ((part.p_brand = 'Brand#53'::bpchar) AND (part.p_container = ANY ('{\"MED BAG\",\"MED BOX\",\"MED PKG\",\"MED PACK\"}'::bpchar[])) AND (l_quantity >= '15'::numeric) AND (l_quantity <= '25'::numeric) AND (part.p_size <= 10)) OR ((part.p_brand = 'Brand#32'::bpchar) AND (part.p_container = ANY ('{\"LG CASE\",\"LG BOX\",\"LG PACK\",\"LG PKG\"}'::bpchar[])) AND (l_quantity >= '30'::numeric) AND (l_quantity <= '40'::numeric) AND (part.p_size <= 15))))","Rows Removed by Filter": 29,"Workers": []}]}]}]}]},"Planning Time": 5.008,"Triggers": [],"Execution Time": 95.485}]
[{"Plan": {"Node Type": "Aggregate","Strategy": "Plain","Partial Mode": "Finalize","Parallel Aware": false,"Async Capable": false,"Startup Cost": 33739.34,"Total Cost": 33739.35,"Plan Rows": 1,"Plan Width": 32,"Actual Startup Time": 84.196,"Actual Total Time": 98.529,"Actual Rows": 1,"Actual Loops": 1,"Plans": [{"Node Type": "Gather","Parent Relationship": "Outer","Parallel Aware": false,"Async Capable": false,"Startup Cost": 33739.12,"Total Cost": 33739.33,"Plan Rows": 2,"Plan Width": 32,"Actual Startup Time": 83.964,"Actual Total Time": 98.504,"Actual Rows": 3,"Actual Loops": 1,"Workers Planned": 2,"Workers Launched": 2,"Single Copy": false,"Plans": [{"Node Type": "Aggregate","Strategy": "Plain","Partial Mode": "Partial","Parent Relationship": "Outer","Parallel Aware": false,"Async Capable": false,"Startup Cost": 32739.12,"Total Cost": 32739.13,"Plan Rows": 1,"Plan Width": 32,"Actual Startup Time": 77.270,"Actual Total Time": 77.274,"Actual Rows": 1,"Actual Loops": 3,"Workers": [],"Plans": [{"Node Type": "Nested Loop","Parent Relationship": "Outer","Parallel Aware": false,"Async Capable": false,"Join Type": "Inner","Startup Cost": 0.43,"Total Cost": 32738.75,"Plan Rows": 48,"Plan Width": 12,"Actual Startup Time": 8.302,"Actual Total Time": 77.225,"Actual Rows": 41,"Actual Loops": 3,"Inner Unique": false,"Workers": [],"Plans": [{"Node Type": "Seq Scan","Parent Relationship": "Outer","Parallel Aware": true,"Async Capable": false,"Relation Name": "part","Alias": "part","Startup Cost": 0.00,"Total Cost": 7638.67,"Plan Rows": 204,"Plan Width": 30,"Actual Startup Time": 0.588,"Actual Total Time": 34.006,"Actual Rows": 157,"Actual Loops": 3,"Filter": "((p_size >= 1) AND (((p_brand = 'Brand#52'::bpchar) AND (p_container = ANY ('{\"SM CASE\",\"SM BOX\",\"SM PACK\",\"SM PKG\"}'::bpchar[])) AND (p_size <= 5)) OR ((p_brand = 'Brand#42'::bpchar) AND (p_container = ANY ('{\"MED BAG\",\"MED BOX\",\"MED PKG\",\"MED PACK\"}'::bpchar[])) AND (p_size <= 10)) OR ((p_brand = 'Brand#52'::bpchar) AND (p_container = ANY ('{\"LG CASE\",\"LG BOX\",\"LG PACK\",\"LG PKG\"}'::bpchar[])) AND (p_size <= 15))))","Rows Removed by Filter": 66510,"Workers": []},{"Node Type": "Index Scan","Parent Relationship": "Inner","Parallel Aware": false,"Async Capable": false,"Scan Direction": "Forward","Index Name": "idx_lineitem_part_supp","Relation Name": "lineitem","Alias": "lineitem","Startup Cost": 0.43,"Total Cost": 123.03,"Plan Rows": 1,"Plan Width": 21,"Actual Startup Time": 0.248,"Actual Total Time": 0.275,"Actual Rows": 0,"Actual Loops": 470,"Index Cond": "(l_partkey = part.p_partkey)","Rows Removed by Index Recheck": 0,"Filter": "((l_shipmode = ANY ('{AIR,\"AIR REG\"}'::bpchar[])) AND (l_shipinstruct = 'DELIVER IN PERSON'::bpchar) AND (((l_quantity >= '9'::numeric) AND (l_quantity <= '19'::numeric)) OR ((l_quantity >= '19'::numeric) AND (l_quantity <= '29'::numeric)) OR ((l_quantity >= '25'::numeric) AND (l_quantity <= '35'::numeric))) AND (((part.p_brand = 'Brand#52'::bpchar) AND (part.p_container = ANY ('{\"SM CASE\",\"SM BOX\",\"SM PACK\",\"SM PKG\"}'::bpchar[])) AND (l_quantity >= '9'::numeric) AND (l_quantity <= '19'::numeric) AND (part.p_size <= 5)) OR ((part.p_brand = 'Brand#42'::bpchar) AND (part.p_container = ANY ('{\"MED BAG\",\"MED BOX\",\"MED PKG\",\"MED PACK\"}'::bpchar[])) AND (l_quantity >= '19'::numeric) AND (l_quantity <= '29'::numeric) AND (part.p_size <= 10)) OR ((part.p_brand = 'Brand#52'::bpchar) AND (part.p_container = ANY ('{\"LG CASE\",\"LG BOX\",\"LG PACK\",\"LG PKG\"}'::bpchar[])) AND (l_quantity >= '25'::numeric) AND (l_quantity <= '35'::numeric) AND (part.p_size <= 15))))","Rows Removed by Filter": 30,"Workers": []}]}]}]}]},"Planning Time": 6.694,"Triggers": [],"Execution Time": 98.755}]
[{"Plan": {"Node Type": "Aggregate","Strategy": "Plain","Partial Mode": "Finalize","Parallel Aware": false,"Async Capable": false,"Startup Cost": 34204.06,"Total Cost": 34204.07,"Plan Rows": 1,"Plan Width": 32,"Actual Startup Time": 77.075,"Actual Total Time": 91.333,"Actual Rows": 1,"Actual Loops": 1,"Plans": [{"Node Type": "Gather","Parent Relationship": "Outer","Parallel Aware": false,"Async Capable": false,"Startup Cost": 34203.84,"Total Cost": 34204.05,"Plan Rows": 2,"Plan Width": 32,"Actual Startup Time": 76.899,"Actual Total Time": 91.308,"Actual Rows": 3,"Actual Loops": 1,"Workers Planned": 2,"Workers Launched": 2,"Single Copy": false,"Plans": [{"Node Type": "Aggregate","Strategy": "Plain","Partial Mode": "Partial","Parent Relationship": "Outer","Parallel Aware": false,"Async Capable": false,"Startup Cost": 33203.84,"Total Cost": 33203.85,"Plan Rows": 1,"Plan Width": 32,"Actual Startup Time": 70.613,"Actual Total Time": 70.614,"Actual Rows": 1,"Actual Loops": 3,"Workers": [],"Plans": [{"Node Type": "Nested Loop","Parent Relationship": "Outer","Parallel Aware": false,"Async Capable": false,"Join Type": "Inner","Startup Cost": 0.43,"Total Cost": 33203.47,"Plan Rows": 48,"Plan Width": 12,"Actual Startup Time": 3.659,"Actual Total Time": 70.570,"Actual Rows": 42,"Actual Loops": 3,"Inner Unique": false,"Workers": [],"Plans": [{"Node Type": "Seq Scan","Parent Relationship": "Outer","Parallel Aware": true,"Async Capable": false,"Relation Name": "part","Alias": "part","Startup Cost": 0.00,"Total Cost": 7638.67,"Plan Rows": 208,"Plan Width": 30,"Actual Startup Time": 0.590,"Actual Total Time": 30.383,"Actual Rows": 156,"Actual Loops": 3,"Filter": "((p_size >= 1) AND (((p_brand = 'Brand#55'::bpchar) AND (p_container = ANY ('{\"SM CASE\",\"SM BOX\",\"SM PACK\",\"SM PKG\"}'::bpchar[])) AND (p_size <= 5)) OR ((p_brand = 'Brand#14'::bpchar) AND (p_container = ANY ('{\"MED BAG\",\"MED BOX\",\"MED PKG\",\"MED PACK\"}'::bpchar[])) AND (p_size <= 10)) OR ((p_brand = 'Brand#42'::bpchar) AND (p_container = ANY ('{\"LG CASE\",\"LG BOX\",\"LG PACK\",\"LG PKG\"}'::bpchar[])) AND (p_size <= 15))))","Rows Removed by Filter": 66510,"Workers": []},{"Node Type": "Index Scan","Parent Relationship": "Inner","Parallel Aware": false,"Async Capable": false,"Scan Direction": "Forward","Index Name": "idx_lineitem_part_supp","Relation Name": "lineitem","Alias": "lineitem","Startup Cost": 0.43,"Total Cost": 122.90,"Plan Rows": 1,"Plan Width": 21,"Actual Startup Time": 0.229,"Actual Total Time": 0.257,"Actual Rows": 0,"Actual Loops": 469,"Index Cond": "(l_partkey = part.p_partkey)","Rows Removed by Index Recheck": 0,"Filter": "((l_shipmode = ANY ('{AIR,\"AIR REG\"}'::bpchar[])) AND (l_shipinstruct = 'DELIVER IN PERSON'::bpchar) AND (((l_quantity >= '4'::numeric) AND (l_quantity <= '14'::numeric)) OR ((l_quantity >= '17'::numeric) AND (l_quantity <= '27'::numeric)) OR ((l_quantity >= '22'::numeric) AND (l_quantity <= '32'::numeric))) AND (((part.p_brand = 'Brand#55'::bpchar) AND (part.p_container = ANY ('{\"SM CASE\",\"SM BOX\",\"SM PACK\",\"SM PKG\"}'::bpchar[])) AND (l_quantity >= '4'::numeric) AND (l_quantity <= '14'::numeric) AND (part.p_size <= 5)) OR ((part.p_brand = 'Brand#14'::bpchar) AND (part.p_container = ANY ('{\"MED BAG\",\"MED BOX\",\"MED PKG\",\"MED PACK\"}'::bpchar[])) AND (l_quantity >= '17'::numeric) AND (l_quantity <= '27'::numeric) AND (part.p_size <= 10)) OR ((part.p_brand = 'Brand#42'::bpchar) AND (part.p_container = ANY ('{\"LG CASE\",\"LG BOX\",\"LG PACK\",\"LG PKG\"}'::bpchar[])) AND (l_quantity >= '22'::numeric) AND (l_quantity <= '32'::numeric) AND (part.p_size <= 15))))","Rows Removed by Filter": 30,"Workers": []}]}]}]}]},"Planning Time": 5.241,"Triggers": [],"Execution Time": 91.549}]
[{"Plan": {"Node Type": "Aggregate","Strategy": "Plain","Partial Mode": "Finalize","Parallel Aware": false,"Async Capable": false,"Startup Cost": 32577.69,"Total Cost": 32577.70,"Plan Rows": 1,"Plan Width": 32,"Actual Startup Time": 78.256,"Actual Total Time": 92.902,"Actual Rows": 1,"Actual Loops": 1,"Plans": [{"Node Type": "Gather","Parent Relationship": "Outer","Parallel Aware": false,"Async Capable": false,"Startup Cost": 32577.46,"Total Cost": 32577.67,"Plan Rows": 2,"Plan Width": 32,"Actual Startup Time": 77.872,"Actual Total Time": 92.877,"Actual Rows": 3,"Actual Loops": 1,"Workers Planned": 2,"Workers Launched": 2,"Single Copy": false,"Plans": [{"Node Type": "Aggregate","Strategy": "Plain","Partial Mode": "Partial","Parent Relationship": "Outer","Parallel Aware": false,"Async Capable": false,"Startup Cost": 31577.46,"Total Cost": 31577.47,"Plan Rows": 1,"Plan Width": 32,"Actual Startup Time": 71.335,"Actual Total Time": 71.341,"Actual Rows": 1,"Actual Loops": 3,"Workers": [],"Plans": [{"Node Type": "Nested Loop","Parent Relationship": "Outer","Parallel Aware": false,"Async Capable": false,"Join Type": "Inner","Startup Cost": 0.43,"Total Cost": 31577.12,"Plan Rows": 45,"Plan Width": 12,"Actual Startup Time": 9.518,"Actual Total Time": 71.296,"Actual Rows": 42,"Actual Loops": 3,"Inner Unique": false,"Workers": [],"Plans": [{"Node Type": "Seq Scan","Parent Relationship": "Outer","Parallel Aware": true,"Async Capable": false,"Relation Name": "part","Alias": "part","Startup Cost": 0.00,"Total Cost": 7638.67,"Plan Rows": 194,"Plan Width": 30,"Actual Startup Time": 0.786,"Actual Total Time": 30.496,"Actual Rows": 161,"Actual Loops": 3,"Filter": "((p_size >= 1) AND (((p_brand = 'Brand#54'::bpchar) AND (p_container = ANY ('{\"SM CASE\",\"SM BOX\",\"SM PACK\",\"SM PKG\"}'::bpchar[])) AND (p_size <= 5)) OR ((p_brand = 'Brand#23'::bpchar) AND (p_container = ANY ('{\"MED BAG\",\"MED BOX\",\"MED PKG\",\"MED PACK\"}'::bpchar[])) AND (p_size <= 10)) OR ((p_brand = 'Brand#32'::bpchar) AND (p_container = ANY ('{\"LG CASE\",\"LG BOX\",\"LG PACK\",\"LG PKG\"}'::bpchar[])) AND (p_size <= 15))))","Rows Removed by Filter": 66505,"Workers": []},{"Node Type": "Index Scan","Parent Relationship": "Inner","Parallel Aware": false,"Async Capable": false,"Scan Direction": "Forward","Index Name": "idx_lineitem_part_supp","Relation Name": "lineitem","Alias": "lineitem","Startup Cost": 0.43,"Total Cost": 123.38,"Plan Rows": 1,"Plan Width": 21,"Actual Startup Time": 0.225,"Actual Total Time": 0.252,"Actual Rows": 0,"Actual Loops": 484,"Index Cond": "(l_partkey = part.p_partkey)","Rows Removed by Index Recheck": 0,"Filter": "((l_shipmode = ANY ('{AIR,\"AIR REG\"}'::bpchar[])) AND (l_shipinstruct = 'DELIVER IN PERSON'::bpchar) AND (((l_quantity >= '9'::numeric) AND (l_quantity <= '19'::numeric)) OR ((l_quantity >= '11'::numeric) AND (l_quantity <= '21'::numeric)) OR ((l_quantity >= '27'::numeric) AND (l_quantity <= '37'::numeric))) AND (((part.p_brand = 'Brand#54'::bpchar) AND (part.p_container = ANY ('{\"SM CASE\",\"SM BOX\",\"SM PACK\",\"SM PKG\"}'::bpchar[])) AND (l_quantity >= '9'::numeric) AND (l_quantity <= '19'::numeric) AND (part.p_size <= 5)) OR ((part.p_brand = 'Brand#23'::bpchar) AND (part.p_container = ANY ('{\"MED BAG\",\"MED BOX\",\"MED PKG\",\"MED PACK\"}'::bpchar[])) AND (l_quantity >= '11'::numeric) AND (l_quantity <= '21'::numeric) AND (part.p_size <= 10)) OR ((part.p_brand = 'Brand#32'::bpchar) AND (part.p_container = ANY ('{\"LG CASE\",\"LG BOX\",\"LG PACK\",\"LG PKG\"}'::bpchar[])) AND (l_quantity >= '27'::numeric) AND (l_quantity <= '37'::numeric) AND (part.p_size <= 15))))","Rows Removed by Filter": 29,"Workers": []}]}]}]}]},"Planning Time": 5.883,"Triggers": [],"Execution Time": 93.108}]
[{"Plan": {"Node Type": "Aggregate","Strategy": "Plain","Partial Mode": "Finalize","Parallel Aware": false,"Async Capable": false,"Startup Cost": 33971.18,"Total Cost": 33971.19,"Plan Rows": 1,"Plan Width": 32,"Actual Startup Time": 85.860,"Actual Total Time": 100.945,"Actual Rows": 1,"Actual Loops": 1,"Plans": [{"Node Type": "Gather","Parent Relationship": "Outer","Parallel Aware": false,"Async Capable": false,"Startup Cost": 33970.96,"Total Cost": 33971.17,"Plan Rows": 2,"Plan Width": 32,"Actual Startup Time": 85.692,"Actual Total Time": 100.918,"Actual Rows": 3,"Actual Loops": 1,"Workers Planned": 2,"Workers Launched": 2,"Single Copy": false,"Plans": [{"Node Type": "Aggregate","Strategy": "Plain","Partial Mode": "Partial","Parent Relationship": "Outer","Parallel Aware": false,"Async Capable": false,"Startup Cost": 32970.96,"Total Cost": 32970.97,"Plan Rows": 1,"Plan Width": 32,"Actual Startup Time": 78.527,"Actual Total Time": 78.528,"Actual Rows": 1,"Actual Loops": 3,"Workers": [],"Plans": [{"Node Type": "Nested Loop","Parent Relationship": "Outer","Parallel Aware": false,"Async Capable": false,"Join Type": "Inner","Startup Cost": 0.43,"Total Cost": 32970.59,"Plan Rows": 48,"Plan Width": 12,"Actual Startup Time": 3.834,"Actual Total Time": 78.483,"Actual Rows": 35,"Actual Loops": 3,"Inner Unique": false,"Workers": [],"Plans": [{"Node Type": "Seq Scan","Parent Relationship": "Outer","Parallel Aware": true,"Async Capable": false,"Relation Name": "part","Alias": "part","Startup Cost": 0.00,"Total Cost": 7638.67,"Plan Rows": 206,"Plan Width": 30,"Actual Startup Time": 1.157,"Actual Total Time": 34.702,"Actual Rows": 160,"Actual Loops": 3,"Filter": "((p_size >= 1) AND (((p_brand = 'Brand#33'::bpchar) AND (p_container = ANY ('{\"SM CASE\",\"SM BOX\",\"SM PACK\",\"SM PKG\"}'::bpchar[])) AND (p_size <= 5)) OR ((p_brand = 'Brand#22'::bpchar) AND (p_container = ANY ('{\"MED BAG\",\"MED BOX\",\"MED PKG\",\"MED PACK\"}'::bpchar[])) AND (p_size <= 10)) OR ((p_brand = 'Brand#14'::bpchar) AND (p_container = ANY ('{\"LG CASE\",\"LG BOX\",\"LG PACK\",\"LG PKG\"}'::bpchar[])) AND (p_size <= 15))))","Rows Removed by Filter": 66506,"Workers": []},{"Node Type": "Index Scan","Parent Relationship": "Inner","Parallel Aware": false,"Async Capable": false,"Scan Direction": "Forward","Index Name": "idx_lineitem_part_supp","Relation Name": "lineitem","Alias": "lineitem","Startup Cost": 0.43,"Total Cost": 122.96,"Plan Rows": 1,"Plan Width": 21,"Actual Startup Time": 0.244,"Actual Total Time": 0.273,"Actual Rows": 0,"Actual Loops": 481,"Index Cond": "(l_partkey = part.p_partkey)","Rows Removed by Index Recheck": 0,"Filter": "((l_shipmode = ANY ('{AIR,\"AIR REG\"}'::bpchar[])) AND (l_shipinstruct = 'DELIVER IN PERSON'::bpchar) AND (((l_quantity >= '5'::numeric) AND (l_quantity <= '15'::numeric)) OR ((l_quantity >= '17'::numeric) AND (l_quantity <= '27'::numeric)) OR ((l_quantity >= '28'::numeric) AND (l_quantity <= '38'::numeric))) AND (((part.p_brand = 'Brand#33'::bpchar) AND (part.p_container = ANY ('{\"SM CASE\",\"SM BOX\",\"SM PACK\",\"SM PKG\"}'::bpchar[])) AND (l_quantity >= '5'::numeric) AND (l_quantity <= '15'::numeric) AND (part.p_size <= 5)) OR ((part.p_brand = 'Brand#22'::bpchar) AND (part.p_container = ANY ('{\"MED BAG\",\"MED BOX\",\"MED PKG\",\"MED PACK\"}'::bpchar[])) AND (l_quantity >= '17'::numeric) AND (l_quantity <= '27'::numeric) AND (part.p_size <= 10)) OR ((part.p_brand = 'Brand#14'::bpchar) AND (part.p_container = ANY ('{\"LG CASE\",\"LG BOX\",\"LG PACK\",\"LG PKG\"}'::bpchar[])) AND (l_quantity >= '28'::numeric) AND (l_quantity <= '38'::numeric) AND (part.p_size <= 15))))","Rows Removed by Filter": 30,"Workers": []}]}]}]}]},"Planning Time": 5.753,"Triggers": [],"Execution Time": 101.132}]
[{"Plan": {"Node Type": "Aggregate","Strategy": "Plain","Partial Mode": "Finalize","Parallel Aware": false,"Async Capable": false,"Startup Cost": 34165.68,"Total Cost": 34165.69,"Plan Rows": 1,"Plan Width": 32,"Actual Startup Time": 91.658,"Actual Total Time": 106.892,"Actual Rows": 1,"Actual Loops": 1,"Plans": [{"Node Type": "Gather","Parent Relationship": "Outer","Parallel Aware": false,"Async Capable": false,"Startup Cost": 34165.46,"Total Cost": 34165.67,"Plan Rows": 2,"Plan Width": 32,"Actual Startup Time": 91.182,"Actual Total Time": 106.864,"Actual Rows": 3,"Actual Loops": 1,"Workers Planned": 2,"Workers Launched": 2,"Single Copy": false,"Plans": [{"Node Type": "Aggregate","Strategy": "Plain","Partial Mode": "Partial","Parent Relationship": "Outer","Parallel Aware": false,"Async Capable": false,"Startup Cost": 33165.46,"Total Cost": 33165.47,"Plan Rows": 1,"Plan Width": 32,"Actual Startup Time": 85.063,"Actual Total Time": 85.068,"Actual Rows": 1,"Actual Loops": 3,"Workers": [],"Plans": [{"Node Type": "Nested Loop","Parent Relationship": "Outer","Parallel Aware": false,"Async Capable": false,"Join Type": "Inner","Startup Cost": 4.54,"Total Cost": 33165.09,"Plan Rows": 49,"Plan Width": 12,"Actual Startup Time": 1.624,"Actual Total Time": 85.016,"Actual Rows": 41,"Actual Loops": 3,"Inner Unique": false,"Workers": [],"Plans": [{"Node Type": "Seq Scan","Parent Relationship": "Outer","Parallel Aware": true,"Async Capable": false,"Relation Name": "part","Alias": "part","Startup Cost": 0.00,"Total Cost": 7638.67,"Plan Rows": 210,"Plan Width": 30,"Actual Startup Time": 0.282,"Actual Total Time": 35.400,"Actual Rows": 171,"Actual Loops": 3,"Filter": "((p_size >= 1) AND (((p_brand = 'Brand#25'::bpchar) AND (p_container = ANY ('{\"SM CASE\",\"SM BOX\",\"SM PACK\",\"SM PKG\"}'::bpchar[])) AND (p_size <= 5)) OR ((p_brand = 'Brand#45'::bpchar) AND (p_container = ANY ('{\"MED BAG\",\"MED BOX\",\"MED PKG\",\"MED PACK\"}'::bpchar[])) AND (p_size <= 10)) OR ((p_brand = 'Brand#33'::bpchar) AND (p_container = ANY ('{\"LG CASE\",\"LG BOX\",\"LG PACK\",\"LG PKG\"}'::bpchar[])) AND (p_size <= 15))))","Rows Removed by Filter": 66496,"Workers": []},{"Node Type": "Bitmap Heap Scan","Parent Relationship": "Inner","Parallel Aware": false,"Async Capable": false,"Relation Name": "lineitem","Alias": "lineitem","Startup Cost": 4.54,"Total Cost": 121.54,"Plan Rows": 1,"Plan Width": 21,"Actual Startup Time": 0.256,"Actual Total Time": 0.289,"Actual Rows": 0,"Actual Loops": 513,"Recheck Cond": "(l_partkey = part.p_partkey)","Rows Removed by Index Recheck": 0,"Filter": "((l_shipmode = ANY ('{AIR,\"AIR REG\"}'::bpchar[])) AND (l_shipinstruct = 'DELIVER IN PERSON'::bpchar) AND (((l_quantity >= '2'::numeric) AND (l_quantity <= '12'::numeric)) OR ((l_quantity >= '14'::numeric) AND (l_quantity <= '24'::numeric)) OR ((l_quantity >= '21'::numeric) AND (l_quantity <= '31'::numeric))) AND (((part.p_brand = 'Brand#25'::bpchar) AND (part.p_container = ANY ('{\"SM CASE\",\"SM BOX\",\"SM PACK\",\"SM PKG\"}'::bpchar[])) AND (l_quantity >= '2'::numeric) AND (l_quantity <= '12'::numeric) AND (part.p_size <= 5)) OR ((part.p_brand = 'Brand#45'::bpchar) AND (part.p_container = ANY ('{\"MED BAG\",\"MED BOX\",\"MED PKG\",\"MED PACK\"}'::bpchar[])) AND (l_quantity >= '14'::numeric) AND (l_quantity <= '24'::numeric) AND (part.p_size <= 10)) OR ((part.p_brand = 'Brand#33'::bpchar) AND (part.p_container = ANY ('{\"LG CASE\",\"LG BOX\",\"LG PACK\",\"LG PKG\"}'::bpchar[])) AND (l_quantity >= '21'::numeric) AND (l_quantity <= '31'::numeric) AND (part.p_size <= 15))))","Rows Removed by Filter": 30,"Exact Heap Blocks": 5205,"Lossy Heap Blocks": 0,"Workers": [],"Plans": [{"Node Type": "Bitmap Index Scan","Parent Relationship": "Outer","Parallel Aware": false,"Async Capable": false,"Index Name": "idx_lineitem_part_supp","Startup Cost": 0.00,"Total Cost": 4.54,"Plan Rows": 31,"Plan Width": 0,"Actual Startup Time": 0.011,"Actual Total Time": 0.011,"Actual Rows": 30,"Actual Loops": 513,"Index Cond": "(l_partkey = part.p_partkey)","Workers": []}]}]}]}]}]},"Planning Time": 5.020,"Triggers": [],"Execution Time": 107.111}]
[{"Plan": {"Node Type": "Aggregate","Strategy": "Plain","Partial Mode": "Finalize","Parallel Aware": false,"Async Capable": false,"Startup Cost": 33043.54,"Total Cost": 33043.55,"Plan Rows": 1,"Plan Width": 32,"Actual Startup Time": 83.883,"Actual Total Time": 98.762,"Actual Rows": 1,"Actual Loops": 1,"Plans": [{"Node Type": "Gather","Parent Relationship": "Outer","Parallel Aware": false,"Async Capable": false,"Startup Cost": 33043.32,"Total Cost": 33043.53,"Plan Rows": 2,"Plan Width": 32,"Actual Startup Time": 83.553,"Actual Total Time": 98.734,"Actual Rows": 3,"Actual Loops": 1,"Workers Planned": 2,"Workers Launched": 2,"Single Copy": false,"Plans": [{"Node Type": "Aggregate","Strategy": "Plain","Partial Mode": "Partial","Parent Relationship": "Outer","Parallel Aware": false,"Async Capable": false,"Startup Cost": 32043.32,"Total Cost": 32043.33,"Plan Rows": 1,"Plan Width": 32,"Actual Startup Time": 77.363,"Actual Total Time": 77.366,"Actual Rows": 1,"Actual Loops": 3,"Workers": [],"Plans": [{"Node Type": "Nested Loop","Parent Relationship": "Outer","Parallel Aware": false,"Async Capable": false,"Join Type": "Inner","Startup Cost": 0.43,"Total Cost": 32042.97,"Plan Rows": 46,"Plan Width": 12,"Actual Startup Time": 3.924,"Actual Total Time": 77.319,"Actual Rows": 36,"Actual Loops": 3,"Inner Unique": false,"Workers": [],"Plans": [{"Node Type": "Seq Scan","Parent Relationship": "Outer","Parallel Aware": true,"Async Capable": false,"Relation Name": "part","Alias": "part","Startup Cost": 0.00,"Total Cost": 7638.67,"Plan Rows": 198,"Plan Width": 30,"Actual Startup Time": 0.123,"Actual Total Time": 31.711,"Actual Rows": 173,"Actual Loops": 3,"Filter": "((p_size >= 1) AND (((p_brand = 'Brand#34'::bpchar) AND (p_container = ANY ('{\"SM CASE\",\"SM BOX\",\"SM PACK\",\"SM PKG\"}'::bpchar[])) AND (p_size <= 5)) OR ((p_brand = 'Brand#32'::bpchar) AND (p_container = ANY ('{\"MED BAG\",\"MED BOX\",\"MED PKG\",\"MED PACK\"}'::bpchar[])) AND (p_size <= 10)) OR ((p_brand = 'Brand#12'::bpchar) AND (p_container = ANY ('{\"LG CASE\",\"LG BOX\",\"LG PACK\",\"LG PKG\"}'::bpchar[])) AND (p_size <= 15))))","Rows Removed by Filter": 66494,"Workers": []},{"Node Type": "Index Scan","Parent Relationship": "Inner","Parallel Aware": false,"Async Capable": false,"Scan Direction": "Forward","Index Name": "idx_lineitem_part_supp","Relation Name": "lineitem","Alias": "lineitem","Startup Cost": 0.43,"Total Cost": 123.24,"Plan Rows": 1,"Plan Width": 21,"Actual Startup Time": 0.237,"Actual Total Time": 0.264,"Actual Rows": 0,"Actual Loops": 518,"Index Cond": "(l_partkey = part.p_partkey)","Rows Removed by Index Recheck": 0,"Filter": "((l_shipmode = ANY ('{AIR,\"AIR REG\"}'::bpchar[])) AND (l_shipinstruct = 'DELIVER IN PERSON'::bpchar) AND (((l_quantity >= '2'::numeric) AND (l_quantity <= '12'::numeric)) OR ((l_quantity >= '12'::numeric) AND (l_quantity <= '22'::numeric)) OR ((l_quantity >= '24'::numeric) AND (l_quantity <= '34'::numeric))) AND (((part.p_brand = 'Brand#34'::bpchar) AND (part.p_container = ANY ('{\"SM CASE\",\"SM BOX\",\"SM PACK\",\"SM PKG\"}'::bpchar[])) AND (l_quantity >= '2'::numeric) AND (l_quantity <= '12'::numeric) AND (part.p_size <= 5)) OR ((part.p_brand = 'Brand#32'::bpchar) AND (part.p_container = ANY ('{\"MED BAG\",\"MED BOX\",\"MED PKG\",\"MED PACK\"}'::bpchar[])) AND (l_quantity >= '12'::numeric) AND (l_quantity <= '22'::numeric) AND (part.p_size <= 10)) OR ((part.p_brand = 'Brand#12'::bpchar) AND (part.p_container = ANY ('{\"LG CASE\",\"LG BOX\",\"LG PACK\",\"LG PKG\"}'::bpchar[])) AND (l_quantity >= '24'::numeric) AND (l_quantity <= '34'::numeric) AND (part.p_size <= 15))))","Rows Removed by Filter": 30,"Workers": []}]}]}]}]},"Planning Time": 6.621,"Triggers": [],"Execution Time": 98.926}]
[{"Plan": {"Node Type": "Aggregate","Strategy": "Plain","Partial Mode": "Finalize","Parallel Aware": false,"Async Capable": false,"Startup Cost": 32930.29,"Total Cost": 32930.30,"Plan Rows": 1,"Plan Width": 32,"Actual Startup Time": 82.540,"Actual Total Time": 97.419,"Actual Rows": 1,"Actual Loops": 1,"Plans": [{"Node Type": "Gather","Parent Relationship": "Outer","Parallel Aware": false,"Async Capable": false,"Startup Cost": 32930.07,"Total Cost": 32930.28,"Plan Rows": 2,"Plan Width": 32,"Actual Startup Time": 82.498,"Actual Total Time": 97.385,"Actual Rows": 3,"Actual Loops": 1,"Workers Planned": 2,"Workers Launched": 2,"Single Copy": false,"Plans": [{"Node Type": "Aggregate","Strategy": "Plain","Partial Mode": "Partial","Parent Relationship": "Outer","Parallel Aware": false,"Async Capable": false,"Startup Cost": 31930.07,"Total Cost": 31930.08,"Plan Rows": 1,"Plan Width": 32,"Actual Startup Time": 75.684,"Actual Total Time": 75.686,"Actual Rows": 1,"Actual Loops": 3,"Workers": [],"Plans": [{"Node Type": "Nested Loop","Parent Relationship": "Outer","Parallel Aware": false,"Async Capable": false,"Join Type": "Inner","Startup Cost": 0.43,"Total Cost": 31929.72,"Plan Rows": 46,"Plan Width": 12,"Actual Startup Time": 1.035,"Actual Total Time": 75.642,"Actual Rows": 37,"Actual Loops": 3,"Inner Unique": false,"Workers": [],"Plans": [{"Node Type": "Seq Scan","Parent Relationship": "Outer","Parallel Aware": true,"Async Capable": false,"Relation Name": "part","Alias": "part","Startup Cost": 0.00,"Total Cost": 7638.67,"Plan Rows": 197,"Plan Width": 30,"Actual Startup Time": 0.378,"Actual Total Time": 33.861,"Actual Rows": 154,"Actual Loops": 3,"Filter": "((p_size >= 1) AND (((p_brand = 'Brand#11'::bpchar) AND (p_container = ANY ('{\"SM CASE\",\"SM BOX\",\"SM PACK\",\"SM PKG\"}'::bpchar[])) AND (p_size <= 5)) OR ((p_brand = 'Brand#54'::bpchar) AND (p_container = ANY ('{\"MED BAG\",\"MED BOX\",\"MED PKG\",\"MED PACK\"}'::bpchar[])) AND (p_size <= 10)) OR ((p_brand = 'Brand#25'::bpchar) AND (p_container = ANY ('{\"LG CASE\",\"LG BOX\",\"LG PACK\",\"LG PKG\"}'::bpchar[])) AND (p_size <= 15))))","Rows Removed by Filter": 66513,"Workers": []},{"Node Type": "Index Scan","Parent Relationship": "Inner","Parallel Aware": false,"Async Capable": false,"Scan Direction": "Forward","Index Name": "idx_lineitem_part_supp","Relation Name": "lineitem","Alias": "lineitem","Startup Cost": 0.43,"Total Cost": 123.29,"Plan Rows": 1,"Plan Width": 21,"Actual Startup Time": 0.242,"Actual Total Time": 0.271,"Actual Rows": 0,"Actual Loops": 461,"Index Cond": "(l_partkey = part.p_partkey)","Rows Removed by Index Recheck": 0,"Filter": "((l_shipmode = ANY ('{AIR,\"AIR REG\"}'::bpchar[])) AND (l_shipinstruct = 'DELIVER IN PERSON'::bpchar) AND (((l_quantity >= '6'::numeric) AND (l_quantity <= '16'::numeric)) OR ((l_quantity >= '18'::numeric) AND (l_quantity <= '28'::numeric)) OR ((l_quantity >= '30'::numeric) AND (l_quantity <= '40'::numeric))) AND (((part.p_brand = 'Brand#11'::bpchar) AND (part.p_container = ANY ('{\"SM CASE\",\"SM BOX\",\"SM PACK\",\"SM PKG\"}'::bpchar[])) AND (l_quantity >= '6'::numeric) AND (l_quantity <= '16'::numeric) AND (part.p_size <= 5)) OR ((part.p_brand = 'Brand#54'::bpchar) AND (part.p_container = ANY ('{\"MED BAG\",\"MED BOX\",\"MED PKG\",\"MED PACK\"}'::bpchar[])) AND (l_quantity >= '18'::numeric) AND (l_quantity <= '28'::numeric) AND (part.p_size <= 10)) OR ((part.p_brand = 'Brand#25'::bpchar) AND (part.p_container = ANY ('{\"LG CASE\",\"LG BOX\",\"LG PACK\",\"LG PKG\"}'::bpchar[])) AND (l_quantity >= '30'::numeric) AND (l_quantity <= '40'::numeric) AND (part.p_size <= 15))))","Rows Removed by Filter": 30,"Workers": []}]}]}]}]},"Planning Time": 6.097,"Triggers": [],"Execution Time": 97.647}]
[{"Plan": {"Node Type": "Aggregate","Strategy": "Plain","Partial Mode": "Finalize","Parallel Aware": false,"Async Capable": false,"Startup Cost": 33856.40,"Total Cost": 33856.41,"Plan Rows": 1,"Plan Width": 32,"Actual Startup Time": 86.222,"Actual Total Time": 102.124,"Actual Rows": 1,"Actual Loops": 1,"Plans": [{"Node Type": "Gather","Parent Relationship": "Outer","Parallel Aware": false,"Async Capable": false,"Startup Cost": 33856.18,"Total Cost": 33856.39,"Plan Rows": 2,"Plan Width": 32,"Actual Startup Time": 86.094,"Actual Total Time": 102.091,"Actual Rows": 3,"Actual Loops": 1,"Workers Planned": 2,"Workers Launched": 2,"Single Copy": false,"Plans": [{"Node Type": "Aggregate","Strategy": "Plain","Partial Mode": "Partial","Parent Relationship": "Outer","Parallel Aware": false,"Async Capable": false,"Startup Cost": 32856.18,"Total Cost": 32856.19,"Plan Rows": 1,"Plan Width": 32,"Actual Startup Time": 79.821,"Actual Total Time": 79.824,"Actual Rows": 1,"Actual Loops": 3,"Workers": [],"Plans": [{"Node Type": "Nested Loop","Parent Relationship": "Outer","Parallel Aware": false,"Async Capable": false,"Join Type": "Inner","Startup Cost": 0.43,"Total Cost": 32855.82,"Plan Rows": 48,"Plan Width": 12,"Actual Startup Time": 2.904,"Actual Total Time": 79.770,"Actual Rows": 45,"Actual Loops": 3,"Inner Unique": false,"Workers": [],"Plans": [{"Node Type": "Seq Scan","Parent Relationship": "Outer","Parallel Aware": true,"Async Capable": false,"Relation Name": "part","Alias": "part","Startup Cost": 0.00,"Total Cost": 7638.67,"Plan Rows": 205,"Plan Width": 30,"Actual Startup Time": 0.264,"Actual Total Time": 33.351,"Actual Rows": 170,"Actual Loops": 3,"Filter": "((p_size >= 1) AND (((p_brand = 'Brand#12'::bpchar) AND (p_container = ANY ('{\"SM CASE\",\"SM BOX\",\"SM PACK\",\"SM PKG\"}'::bpchar[])) AND (p_size <= 5)) OR ((p_brand = 'Brand#45'::bpchar) AND (p_container = ANY ('{\"MED BAG\",\"MED BOX\",\"MED PKG\",\"MED PACK\"}'::bpchar[])) AND (p_size <= 10)) OR ((p_brand = 'Brand#22'::bpchar) AND (p_container = ANY ('{\"LG CASE\",\"LG BOX\",\"LG PACK\",\"LG PKG\"}'::bpchar[])) AND (p_size <= 15))))","Rows Removed by Filter": 66497,"Workers": []},{"Node Type": "Index Scan","Parent Relationship": "Inner","Parallel Aware": false,"Async Capable": false,"Scan Direction": "Forward","Index Name": "idx_lineitem_part_supp","Relation Name": "lineitem","Alias": "lineitem","Startup Cost": 0.43,"Total Cost": 123.00,"Plan Rows": 1,"Plan Width": 21,"Actual Startup Time": 0.242,"Actual Total Time": 0.273,"Actual Rows": 0,"Actual Loops": 510,"Index Cond": "(l_partkey = part.p_partkey)","Rows Removed by Index Recheck": 0,"Filter": "((l_shipmode = ANY ('{AIR,\"AIR REG\"}'::bpchar[])) AND (l_shipinstruct = 'DELIVER IN PERSON'::bpchar) AND (((l_quantity >= '5'::numeric) AND (l_quantity <= '15'::numeric)) OR ((l_quantity >= '17'::numeric) AND (l_quantity <= '27'::numeric)) OR ((l_quantity >= '24'::numeric) AND (l_quantity <= '34'::numeric))) AND (((part.p_brand = 'Brand#12'::bpchar) AND (part.p_container = ANY ('{\"SM CASE\",\"SM BOX\",\"SM PACK\",\"SM PKG\"}'::bpchar[])) AND (l_quantity >= '5'::numeric) AND (l_quantity <= '15'::numeric) AND (part.p_size <= 5)) OR ((part.p_brand = 'Brand#45'::bpchar) AND (part.p_container = ANY ('{\"MED BAG\",\"MED BOX\",\"MED PKG\",\"MED PACK\"}'::bpchar[])) AND (l_quantity >= '17'::numeric) AND (l_quantity <= '27'::numeric) AND (part.p_size <= 10)) OR ((part.p_brand = 'Brand#22'::bpchar) AND (part.p_container = ANY ('{\"LG CASE\",\"LG BOX\",\"LG PACK\",\"LG PKG\"}'::bpchar[])) AND (l_quantity >= '24'::numeric) AND (l_quantity <= '34'::numeric) AND (part.p_size <= 15))))","Rows Removed by Filter": 30,"Workers": []}]}]}]}]},"Planning Time": 5.072,"Triggers": [],"Execution Time": 102.315}]
[{"Plan": {"Node Type": "Aggregate","Strategy": "Plain","Partial Mode": "Finalize","Parallel Aware": false,"Async Capable": false,"Startup Cost": 32930.05,"Total Cost": 32930.06,"Plan Rows": 1,"Plan Width": 32,"Actual Startup Time": 82.235,"Actual Total Time": 97.262,"Actual Rows": 1,"Actual Loops": 1,"Plans": [{"Node Type": "Gather","Parent Relationship": "Outer","Parallel Aware": false,"Async Capable": false,"Startup Cost": 32929.83,"Total Cost": 32930.04,"Plan Rows": 2,"Plan Width": 32,"Actual Startup Time": 81.832,"Actual Total Time": 97.235,"Actual Rows": 3,"Actual Loops": 1,"Workers Planned": 2,"Workers Launched": 2,"Single Copy": false,"Plans": [{"Node Type": "Aggregate","Strategy": "Plain","Partial Mode": "Partial","Parent Relationship": "Outer","Parallel Aware": false,"Async Capable": false,"Startup Cost": 31929.83,"Total Cost": 31929.84,"Plan Rows": 1,"Plan Width": 32,"Actual Startup Time": 75.516,"Actual Total Time": 75.519,"Actual Rows": 1,"Actual Loops": 3,"Workers": [],"Plans": [{"Node Type": "Nested Loop","Parent Relationship": "Outer","Parallel Aware": false,"Async Capable": false,"Join Type": "Inner","Startup Cost": 0.43,"Total Cost": 31929.49,"Plan Rows": 45,"Plan Width": 12,"Actual Startup Time": 5.365,"Actual Total Time": 75.483,"Actual Rows": 32,"Actual Loops": 3,"Inner Unique": false,"Workers": [],"Plans": [{"Node Type": "Seq Scan","Parent Relationship": "Outer","Parallel Aware": true,"Async Capable": false,"Relation Name": "part","Alias": "part","Startup Cost": 0.00,"Total Cost": 7638.67,"Plan Rows": 197,"Plan Width": 30,"Actual Startup Time": 0.643,"Actual Total Time": 33.525,"Actual Rows": 156,"Actual Loops": 3,"Filter": "((p_size >= 1) AND (((p_brand = 'Brand#53'::bpchar) AND (p_container = ANY ('{\"SM CASE\",\"SM BOX\",\"SM PACK\",\"SM PKG\"}'::bpchar[])) AND (p_size <= 5)) OR ((p_brand = 'Brand#23'::bpchar) AND (p_container = ANY ('{\"MED BAG\",\"MED BOX\",\"MED PKG\",\"MED PACK\"}'::bpchar[])) AND (p_size <= 10)) OR ((p_brand = 'Brand#23'::bpchar) AND (p_container = ANY ('{\"LG CASE\",\"LG BOX\",\"LG PACK\",\"LG PKG\"}'::bpchar[])) AND (p_size <= 15))))","Rows Removed by Filter": 66511,"Workers": []},{"Node Type": "Index Scan","Parent Relationship": "Inner","Parallel Aware": false,"Async Capable": false,"Scan Direction": "Forward","Index Name": "idx_lineitem_part_supp","Relation Name": "lineitem","Alias": "lineitem","Startup Cost": 0.43,"Total Cost": 123.29,"Plan Rows": 1,"Plan Width": 21,"Actual Startup Time": 0.246,"Actual Total Time": 0.269,"Actual Rows": 0,"Actual Loops": 468,"Index Cond": "(l_partkey = part.p_partkey)","Rows Removed by Index Recheck": 0,"Filter": "((l_shipmode = ANY ('{AIR,\"AIR REG\"}'::bpchar[])) AND (l_shipinstruct = 'DELIVER IN PERSON'::bpchar) AND (((l_quantity >= '10'::numeric) AND (l_quantity <= '20'::numeric)) OR ((l_quantity >= '18'::numeric) AND (l_quantity <= '28'::numeric)) OR ((l_quantity >= '23'::numeric) AND (l_quantity <= '33'::numeric))) AND (((part.p_brand = 'Brand#53'::bpchar) AND (part.p_container = ANY ('{\"SM CASE\",\"SM BOX\",\"SM PACK\",\"SM PKG\"}'::bpchar[])) AND (l_quantity >= '10'::numeric) AND (l_quantity <= '20'::numeric) AND (part.p_size <= 5)) OR ((part.p_brand = 'Brand#23'::bpchar) AND (part.p_container = ANY ('{\"MED BAG\",\"MED BOX\",\"MED PKG\",\"MED PACK\"}'::bpchar[])) AND (l_quantity >= '18'::numeric) AND (l_quantity <= '28'::numeric) AND (part.p_size <= 10)) OR ((part.p_brand = 'Brand#23'::bpchar) AND (part.p_container = ANY ('{\"LG CASE\",\"LG BOX\",\"LG PACK\",\"LG PKG\"}'::bpchar[])) AND (l_quantity >= '23'::numeric) AND (l_quantity <= '33'::numeric) AND (part.p_size <= 15))))","Rows Removed by Filter": 29,"Workers": []}]}]}]}]},"Planning Time": 5.797,"Triggers": [],"Execution Time": 97.433}]
[{"Plan": {"Node Type": "Aggregate","Strategy": "Plain","Partial Mode": "Finalize","Parallel Aware": false,"Async Capable": false,"Startup Cost": 33739.41,"Total Cost": 33739.42,"Plan Rows": 1,"Plan Width": 32,"Actual Startup Time": 75.591,"Actual Total Time": 89.819,"Actual Rows": 1,"Actual Loops": 1,"Plans": [{"Node Type": "Gather","Parent Relationship": "Outer","Parallel Aware": false,"Async Capable": false,"Startup Cost": 33739.18,"Total Cost": 33739.39,"Plan Rows": 2,"Plan Width": 32,"Actual Startup Time": 75.064,"Actual Total Time": 89.799,"Actual Rows": 3,"Actual Loops": 1,"Workers Planned": 2,"Workers Launched": 2,"Single Copy": false,"Plans": [{"Node Type": "Aggregate","Strategy": "Plain","Partial Mode": "Partial","Parent Relationship": "Outer","Parallel Aware": false,"Async Capable": false,"Startup Cost": 32739.18,"Total Cost": 32739.19,"Plan Rows": 1,"Plan Width": 32,"Actual Startup Time": 69.009,"Actual Total Time": 69.011,"Actual Rows": 1,"Actual Loops": 3,"Workers": [],"Plans": [{"Node Type": "Nested Loop","Parent Relationship": "Outer","Parallel Aware": false,"Async Capable": false,"Join Type": "Inner","Startup Cost": 0.43,"Total Cost": 32738.82,"Plan Rows": 48,"Plan Width": 12,"Actual Startup Time": 3.148,"Actual Total Time": 68.960,"Actual Rows": 33,"Actual Loops": 3,"Inner Unique": false,"Workers": [],"Plans": [{"Node Type": "Seq Scan","Parent Relationship": "Outer","Parallel Aware": true,"Async Capable": false,"Relation Name": "part","Alias": "part","Startup Cost": 0.00,"Total Cost": 7638.67,"Plan Rows": 204,"Plan Width": 30,"Actual Startup Time": 0.493,"Actual Total Time": 30.148,"Actual Rows": 149,"Actual Loops": 3,"Filter": "((p_size >= 1) AND (((p_brand = 'Brand#22'::bpchar) AND (p_container = ANY ('{\"SM CASE\",\"SM BOX\",\"SM PACK\",\"SM PKG\"}'::bpchar[])) AND (p_size <= 5)) OR ((p_brand = 'Brand#34'::bpchar) AND (p_container = ANY ('{\"MED BAG\",\"MED BOX\",\"MED PKG\",\"MED PACK\"}'::bpchar[])) AND (p_size <= 10)) OR ((p_brand = 'Brand#14'::bpchar) AND (p_container = ANY ('{\"LG CASE\",\"LG BOX\",\"LG PACK\",\"LG PKG\"}'::bpchar[])) AND (p_size <= 15))))","Rows Removed by Filter": 66518,"Workers": []},{"Node Type": "Index Scan","Parent Relationship": "Inner","Parallel Aware": false,"Async Capable": false,"Scan Direction": "Forward","Index Name": "idx_lineitem_part_supp","Relation Name": "lineitem","Alias": "lineitem","Startup Cost": 0.43,"Total Cost": 123.03,"Plan Rows": 1,"Plan Width": 21,"Actual Startup Time": 0.233,"Actual Total Time": 0.260,"Actual Rows": 0,"Actual Loops": 447,"Index Cond": "(l_partkey = part.p_partkey)","Rows Removed by Index Recheck": 0,"Filter": "((l_shipmode = ANY ('{AIR,\"AIR REG\"}'::bpchar[])) AND (l_shipinstruct = 'DELIVER IN PERSON'::bpchar) AND (((l_quantity >= '8'::numeric) AND (l_quantity <= '18'::numeric)) OR ((l_quantity >= '14'::numeric) AND (l_quantity <= '24'::numeric)) OR ((l_quantity >= '23'::numeric) AND (l_quantity <= '33'::numeric))) AND (((part.p_brand = 'Brand#22'::bpchar) AND (part.p_container = ANY ('{\"SM CASE\",\"SM BOX\",\"SM PACK\",\"SM PKG\"}'::bpchar[])) AND (l_quantity >= '8'::numeric) AND (l_quantity <= '18'::numeric) AND (part.p_size <= 5)) OR ((part.p_brand = 'Brand#34'::bpchar) AND (part.p_container = ANY ('{\"MED BAG\",\"MED BOX\",\"MED PKG\",\"MED PACK\"}'::bpchar[])) AND (l_quantity >= '14'::numeric) AND (l_quantity <= '24'::numeric) AND (part.p_size <= 10)) OR ((part.p_brand = 'Brand#14'::bpchar) AND (part.p_container = ANY ('{\"LG CASE\",\"LG BOX\",\"LG PACK\",\"LG PKG\"}'::bpchar[])) AND (l_quantity >= '23'::numeric) AND (l_quantity <= '33'::numeric) AND (part.p_size <= 15))))","Rows Removed by Filter": 29,"Workers": []}]}]}]}]},"Planning Time": 6.842,"Triggers": [],"Execution Time": 90.060}]
[{"Plan": {"Node Type": "Aggregate","Strategy": "Plain","Partial Mode": "Finalize","Parallel Aware": false,"Async Capable": false,"Startup Cost": 33852.54,"Total Cost": 33852.55,"Plan Rows": 1,"Plan Width": 32,"Actual Startup Time": 77.433,"Actual Total Time": 91.108,"Actual Rows": 1,"Actual Loops": 1,"Plans": [{"Node Type": "Gather","Parent Relationship": "Outer","Parallel Aware": false,"Async Capable": false,"Startup Cost": 33852.32,"Total Cost": 33852.53,"Plan Rows": 2,"Plan Width": 32,"Actual Startup Time": 77.313,"Actual Total Time": 91.091,"Actual Rows": 3,"Actual Loops": 1,"Workers Planned": 2,"Workers Launched": 2,"Single Copy": false,"Plans": [{"Node Type": "Aggregate","Strategy": "Plain","Partial Mode": "Partial","Parent Relationship": "Outer","Parallel Aware": false,"Async Capable": false,"Startup Cost": 32852.32,"Total Cost": 32852.33,"Plan Rows": 1,"Plan Width": 32,"Actual Startup Time": 71.039,"Actual Total Time": 71.042,"Actual Rows": 1,"Actual Loops": 3,"Workers": [],"Plans": [{"Node Type": "Nested Loop","Parent Relationship": "Outer","Parallel Aware": false,"Async Capable": false,"Join Type": "Inner","Startup Cost": 0.43,"Total Cost": 32851.96,"Plan Rows": 48,"Plan Width": 12,"Actual Startup Time": 4.245,"Actual Total Time": 71.007,"Actual Rows": 37,"Actual Loops": 3,"Inner Unique": false,"Workers": [],"Plans": [{"Node Type": "Seq Scan","Parent Relationship": "Outer","Parallel Aware": true,"Async Capable": false,"Relation Name": "part","Alias": "part","Startup Cost": 0.00,"Total Cost": 7638.67,"Plan Rows": 205,"Plan Width": 30,"Actual Startup Time": 0.810,"Actual Total Time": 30.941,"Actual Rows": 151,"Actual Loops": 3,"Filter": "((p_size >= 1) AND (((p_brand = 'Brand#21'::bpchar) AND (p_container = ANY ('{\"SM CASE\",\"SM BOX\",\"SM PACK\",\"SM PKG\"}'::bpchar[])) AND (p_size <= 5)) OR ((p_brand = 'Brand#14'::bpchar) AND (p_container = ANY ('{\"MED BAG\",\"MED BOX\",\"MED PKG\",\"MED PACK\"}'::bpchar[])) AND (p_size <= 10)) OR ((p_brand = 'Brand#14'::bpchar) AND (p_container = ANY ('{\"LG CASE\",\"LG BOX\",\"LG PACK\",\"LG PKG\"}'::bpchar[])) AND (p_size <= 15))))","Rows Removed by Filter": 66516,"Workers": []},{"Node Type": "Index Scan","Parent Relationship": "Inner","Parallel Aware": false,"Async Capable": false,"Scan Direction": "Forward","Index Name": "idx_lineitem_part_supp","Relation Name": "lineitem","Alias": "lineitem","Startup Cost": 0.43,"Total Cost": 122.98,"Plan Rows": 1,"Plan Width": 21,"Actual Startup Time": 0.233,"Actual Total Time": 0.265,"Actual Rows": 0,"Actual Loops": 453,"Index Cond": "(l_partkey = part.p_partkey)","Rows Removed by Index Recheck": 0,"Filter": "((l_shipmode = ANY ('{AIR,\"AIR REG\"}'::bpchar[])) AND (l_shipinstruct = 'DELIVER IN PERSON'::bpchar) AND (((l_quantity >= '10'::numeric) AND (l_quantity <= '20'::numeric)) OR ((l_quantity >= '11'::numeric) AND (l_quantity <= '21'::numeric)) OR ((l_quantity >= '25'::numeric) AND (l_quantity <= '35'::numeric))) AND (((part.p_brand = 'Brand#21'::bpchar) AND (part.p_container = ANY ('{\"SM CASE\",\"SM BOX\",\"SM PACK\",\"SM PKG\"}'::bpchar[])) AND (l_quantity >= '10'::numeric) AND (l_quantity <= '20'::numeric) AND (part.p_size <= 5)) OR ((part.p_brand = 'Brand#14'::bpchar) AND (part.p_container = ANY ('{\"MED BAG\",\"MED BOX\",\"MED PKG\",\"MED PACK\"}'::bpchar[])) AND (l_quantity >= '11'::numeric) AND (l_quantity <= '21'::numeric) AND (part.p_size <= 10)) OR ((part.p_brand = 'Brand#14'::bpchar) AND (part.p_container = ANY ('{\"LG CASE\",\"LG BOX\",\"LG PACK\",\"LG PKG\"}'::bpchar[])) AND (l_quantity >= '25'::numeric) AND (l_quantity <= '35'::numeric) AND (part.p_size <= 15))))","Rows Removed by Filter": 30,"Workers": []}]}]}]}]},"Planning Time": 6.017,"Triggers": [],"Execution Time": 91.330}]
[{"Plan": {"Node Type": "Aggregate","Strategy": "Plain","Partial Mode": "Finalize","Parallel Aware": false,"Async Capable": false,"Startup Cost": 33973.81,"Total Cost": 33973.82,"Plan Rows": 1,"Plan Width": 32,"Actual Startup Time": 85.444,"Actual Total Time": 101.095,"Actual Rows": 1,"Actual Loops": 1,"Plans": [{"Node Type": "Gather","Parent Relationship": "Outer","Parallel Aware": false,"Async Capable": false,"Startup Cost": 33973.59,"Total Cost": 33973.80,"Plan Rows": 2,"Plan Width": 32,"Actual Startup Time": 85.251,"Actual Total Time": 101.071,"Actual Rows": 3,"Actual Loops": 1,"Workers Planned": 2,"Workers Launched": 2,"Single Copy": false,"Plans": [{"Node Type": "Aggregate","Strategy": "Plain","Partial Mode": "Partial","Parent Relationship": "Outer","Parallel Aware": false,"Async Capable": false,"Startup Cost": 32973.59,"Total Cost": 32973.60,"Plan Rows": 1,"Plan Width": 32,"Actual Startup Time": 78.697,"Actual Total Time": 78.700,"Actual Rows": 1,"Actual Loops": 3,"Workers": [],"Plans": [{"Node Type": "Nested Loop","Parent Relationship": "Outer","Parallel Aware": false,"Async Capable": false,"Join Type": "Inner","Startup Cost": 0.43,"Total Cost": 32973.23,"Plan Rows": 48,"Plan Width": 12,"Actual Startup Time": 8.798,"Actual Total Time": 78.652,"Actual Rows": 36,"Actual Loops": 3,"Inner Unique": false,"Workers": [],"Plans": [{"Node Type": "Seq Scan","Parent Relationship": "Outer","Parallel Aware": true,"Async Capable": false,"Relation Name": "part","Alias": "part","Startup Cost": 0.00,"Total Cost": 7638.67,"Plan Rows": 206,"Plan Width": 30,"Actual Startup Time": 0.829,"Actual Total Time": 34.205,"Actual Rows": 163,"Actual Loops": 3,"Filter": "((p_size >= 1) AND (((p_brand = 'Brand#45'::bpchar) AND (p_container = ANY ('{\"SM CASE\",\"SM BOX\",\"SM PACK\",\"SM PKG\"}'::bpchar[])) AND (p_size <= 5)) OR ((p_brand = 'Brand#22'::bpchar) AND (p_container = ANY ('{\"MED BAG\",\"MED BOX\",\"MED PKG\",\"MED PACK\"}'::bpchar[])) AND (p_size <= 10)) OR ((p_brand = 'Brand#41'::bpchar) AND (p_container = ANY ('{\"LG CASE\",\"LG BOX\",\"LG PACK\",\"LG PKG\"}'::bpchar[])) AND (p_size <= 15))))","Rows Removed by Filter": 66504,"Workers": []},{"Node Type": "Index Scan","Parent Relationship": "Inner","Parallel Aware": false,"Async Capable": false,"Scan Direction": "Forward","Index Name": "idx_lineitem_part_supp","Relation Name": "lineitem","Alias": "lineitem","Startup Cost": 0.43,"Total Cost": 122.97,"Plan Rows": 1,"Plan Width": 21,"Actual Startup Time": 0.245,"Actual Total Time": 0.273,"Actual Rows": 0,"Actual Loops": 488,"Index Cond": "(l_partkey = part.p_partkey)","Rows Removed by Index Recheck": 0,"Filter": "((l_shipmode = ANY ('{AIR,\"AIR REG\"}'::bpchar[])) AND (l_shipinstruct = 'DELIVER IN PERSON'::bpchar) AND (((l_quantity >= '5'::numeric) AND (l_quantity <= '15'::numeric)) OR ((l_quantity >= '14'::numeric) AND (l_quantity <= '24'::numeric)) OR ((l_quantity >= '20'::numeric) AND (l_quantity <= '30'::numeric))) AND (((part.p_brand = 'Brand#45'::bpchar) AND (part.p_container = ANY ('{\"SM CASE\",\"SM BOX\",\"SM PACK\",\"SM PKG\"}'::bpchar[])) AND (l_quantity >= '5'::numeric) AND (l_quantity <= '15'::numeric) AND (part.p_size <= 5)) OR ((part.p_brand = 'Brand#22'::bpchar) AND (part.p_container = ANY ('{\"MED BAG\",\"MED BOX\",\"MED PKG\",\"MED PACK\"}'::bpchar[])) AND (l_quantity >= '14'::numeric) AND (l_quantity <= '24'::numeric) AND (part.p_size <= 10)) OR ((part.p_brand = 'Brand#41'::bpchar) AND (part.p_container = ANY ('{\"LG CASE\",\"LG BOX\",\"LG PACK\",\"LG PKG\"}'::bpchar[])) AND (l_quantity >= '20'::numeric) AND (l_quantity <= '30'::numeric) AND (part.p_size <= 15))))","Rows Removed by Filter": 30,"Workers": []}]}]}]}]},"Planning Time": 5.164,"Triggers": [],"Execution Time": 101.286}]
[{"Plan": {"Node Type": "Aggregate","Strategy": "Plain","Partial Mode": "Finalize","Parallel Aware": false,"Async Capable": false,"Startup Cost": 33276.54,"Total Cost": 33276.55,"Plan Rows": 1,"Plan Width": 32,"Actual Startup Time": 80.511,"Actual Total Time": 95.437,"Actual Rows": 1,"Actual Loops": 1,"Plans": [{"Node Type": "Gather","Parent Relationship": "Outer","Parallel Aware": false,"Async Capable": false,"Startup Cost": 33276.32,"Total Cost": 33276.53,"Plan Rows": 2,"Plan Width": 32,"Actual Startup Time": 80.480,"Actual Total Time": 95.410,"Actual Rows": 3,"Actual Loops": 1,"Workers Planned": 2,"Workers Launched": 2,"Single Copy": false,"Plans": [{"Node Type": "Aggregate","Strategy": "Plain","Partial Mode": "Partial","Parent Relationship": "Outer","Parallel Aware": false,"Async Capable": false,"Startup Cost": 32276.32,"Total Cost": 32276.33,"Plan Rows": 1,"Plan Width": 32,"Actual Startup Time": 74.140,"Actual Total Time": 74.143,"Actual Rows": 1,"Actual Loops": 3,"Workers": [],"Plans": [{"Node Type": "Nested Loop","Parent Relationship": "Outer","Parallel Aware": false,"Async Capable": false,"Join Type": "Inner","Startup Cost": 0.43,"Total Cost": 32275.96,"Plan Rows": 47,"Plan Width": 12,"Actual Startup Time": 7.015,"Actual Total Time": 74.101,"Actual Rows": 39,"Actual Loops": 3,"Inner Unique": false,"Workers": [],"Plans": [{"Node Type": "Seq Scan","Parent Relationship": "Outer","Parallel Aware": true,"Async Capable": false,"Relation Name": "part","Alias": "part","Startup Cost": 0.00,"Total Cost": 7638.67,"Plan Rows": 200,"Plan Width": 30,"Actual Startup Time": 0.175,"Actual Total Time": 31.401,"Actual Rows": 164,"Actual Loops": 3,"Filter": "((p_size >= 1) AND (((p_brand = 'Brand#33'::bpchar) AND (p_container = ANY ('{\"SM CASE\",\"SM BOX\",\"SM PACK\",\"SM PKG\"}'::bpchar[])) AND (p_size <= 5)) OR ((p_brand = 'Brand#52'::bpchar) AND (p_container = ANY ('{\"MED BAG\",\"MED BOX\",\"MED PKG\",\"MED PACK\"}'::bpchar[])) AND (p_size <= 10)) OR ((p_brand = 'Brand#25'::bpchar) AND (p_container = ANY ('{\"LG CASE\",\"LG BOX\",\"LG PACK\",\"LG PKG\"}'::bpchar[])) AND (p_size <= 15))))","Rows Removed by Filter": 66503,"Workers": []},{"Node Type": "Index Scan","Parent Relationship": "Inner","Parallel Aware": false,"Async Capable": false,"Scan Direction": "Forward","Index Name": "idx_lineitem_part_supp","Relation Name": "lineitem","Alias": "lineitem","Startup Cost": 0.43,"Total Cost": 123.18,"Plan Rows": 1,"Plan Width": 21,"Actual Startup Time": 0.233,"Actual Total Time": 0.260,"Actual Rows": 0,"Actual Loops": 491,"Index Cond": "(l_partkey = part.p_partkey)","Rows Removed by Index Recheck": 0,"Filter": "((l_shipmode = ANY ('{AIR,\"AIR REG\"}'::bpchar[])) AND (l_shipinstruct = 'DELIVER IN PERSON'::bpchar) AND (((l_quantity >= '7'::numeric) AND (l_quantity <= '17'::numeric)) OR ((l_quantity >= '19'::numeric) AND (l_quantity <= '29'::numeric)) OR ((l_quantity >= '21'::numeric) AND (l_quantity <= '31'::numeric))) AND (((part.p_brand = 'Brand#33'::bpchar) AND (part.p_container = ANY ('{\"SM CASE\",\"SM BOX\",\"SM PACK\",\"SM PKG\"}'::bpchar[])) AND (l_quantity >= '7'::numeric) AND (l_quantity <= '17'::numeric) AND (part.p_size <= 5)) OR ((part.p_brand = 'Brand#52'::bpchar) AND (part.p_container = ANY ('{\"MED BAG\",\"MED BOX\",\"MED PKG\",\"MED PACK\"}'::bpchar[])) AND (l_quantity >= '19'::numeric) AND (l_quantity <= '29'::numeric) AND (part.p_size <= 10)) OR ((part.p_brand = 'Brand#25'::bpchar) AND (part.p_container = ANY ('{\"LG CASE\",\"LG BOX\",\"LG PACK\",\"LG PKG\"}'::bpchar[])) AND (l_quantity >= '21'::numeric) AND (l_quantity <= '31'::numeric) AND (part.p_size <= 15))))","Rows Removed by Filter": 29,"Workers": []}]}]}]}]},"Planning Time": 6.830,"Triggers": [],"Execution Time": 95.622}]
[{"Plan": {"Node Type": "Aggregate","Strategy": "Plain","Partial Mode": "Finalize","Parallel Aware": false,"Async Capable": false,"Startup Cost": 33967.81,"Total Cost": 33967.82,"Plan Rows": 1,"Plan Width": 32,"Actual Startup Time": 85.695,"Actual Total Time": 100.898,"Actual Rows": 1,"Actual Loops": 1,"Plans": [{"Node Type": "Gather","Parent Relationship": "Outer","Parallel Aware": false,"Async Capable": false,"Startup Cost": 33967.59,"Total Cost": 33967.80,"Plan Rows": 2,"Plan Width": 32,"Actual Startup Time": 85.519,"Actual Total Time": 100.867,"Actual Rows": 3,"Actual Loops": 1,"Workers Planned": 2,"Workers Launched": 2,"Single Copy": false,"Plans": [{"Node Type": "Aggregate","Strategy": "Plain","Partial Mode": "Partial","Parent Relationship": "Outer","Parallel Aware": false,"Async Capable": false,"Startup Cost": 32967.59,"Total Cost": 32967.60,"Plan Rows": 1,"Plan Width": 32,"Actual Startup Time": 79.314,"Actual Total Time": 79.316,"Actual Rows": 1,"Actual Loops": 3,"Workers": [],"Plans": [{"Node Type": "Nested Loop","Parent Relationship": "Outer","Parallel Aware": false,"Async Capable": false,"Join Type": "Inner","Startup Cost": 0.43,"Total Cost": 32967.23,"Plan Rows": 48,"Plan Width": 12,"Actual Startup Time": 5.938,"Actual Total Time": 79.280,"Actual Rows": 31,"Actual Loops": 3,"Inner Unique": false,"Workers": [],"Plans": [{"Node Type": "Seq Scan","Parent Relationship": "Outer","Parallel Aware": true,"Async Capable": false,"Relation Name": "part","Alias": "part","Startup Cost": 0.00,"Total Cost": 7638.67,"Plan Rows": 206,"Plan Width": 30,"Actual Startup Time": 0.411,"Actual Total Time": 35.273,"Actual Rows": 158,"Actual Loops": 3,"Filter": "((p_size >= 1) AND (((p_brand = 'Brand#51'::bpchar) AND (p_container = ANY ('{\"SM CASE\",\"SM BOX\",\"SM PACK\",\"SM PKG\"}'::bpchar[])) AND (p_size <= 5)) OR ((p_brand = 'Brand#34'::bpchar) AND (p_container = ANY ('{\"MED BAG\",\"MED BOX\",\"MED PKG\",\"MED PACK\"}'::bpchar[])) AND (p_size <= 10)) OR ((p_brand = 'Brand#45'::bpchar) AND (p_container = ANY ('{\"LG CASE\",\"LG BOX\",\"LG PACK\",\"LG PKG\"}'::bpchar[])) AND (p_size <= 15))))","Rows Removed by Filter": 66509,"Workers": []},{"Node Type": "Index Scan","Parent Relationship": "Inner","Parallel Aware": false,"Async Capable": false,"Scan Direction": "Forward","Index Name": "idx_lineitem_part_supp","Relation Name": "lineitem","Alias": "lineitem","Startup Cost": 0.43,"Total Cost": 122.94,"Plan Rows": 1,"Plan Width": 21,"Actual Startup Time": 0.252,"Actual Total Time": 0.279,"Actual Rows": 0,"Actual Loops": 473,"Index Cond": "(l_partkey = part.p_partkey)","Rows Removed by Index Recheck": 0,"Filter": "((l_shipmode = ANY ('{AIR,\"AIR REG\"}'::bpchar[])) AND (l_shipinstruct = 'DELIVER IN PERSON'::bpchar) AND (((l_quantity >= '3'::numeric) AND (l_quantity <= '13'::numeric)) OR ((l_quantity >= '18'::numeric) AND (l_quantity <= '28'::numeric)) OR ((l_quantity >= '26'::numeric) AND (l_quantity <= '36'::numeric))) AND (((part.p_brand = 'Brand#51'::bpchar) AND (part.p_container = ANY ('{\"SM CASE\",\"SM BOX\",\"SM PACK\",\"SM PKG\"}'::bpchar[])) AND (l_quantity >= '3'::numeric) AND (l_quantity <= '13'::numeric) AND (part.p_size <= 5)) OR ((part.p_brand = 'Brand#34'::bpchar) AND (part.p_container = ANY ('{\"MED BAG\",\"MED BOX\",\"MED PKG\",\"MED PACK\"}'::bpchar[])) AND (l_quantity >= '18'::numeric) AND (l_quantity <= '28'::numeric) AND (part.p_size <= 10)) OR ((part.p_brand = 'Brand#45'::bpchar) AND (part.p_container = ANY ('{\"LG CASE\",\"LG BOX\",\"LG PACK\",\"LG PKG\"}'::bpchar[])) AND (l_quantity >= '26'::numeric) AND (l_quantity <= '36'::numeric) AND (part.p_size <= 15))))","Rows Removed by Filter": 29,"Workers": []}]}]}]}]},"Planning Time": 5.156,"Triggers": [],"Execution Time": 101.087}]
[{"Plan": {"Node Type": "Aggregate","Strategy": "Plain","Partial Mode": "Finalize","Parallel Aware": false,"Async Capable": false,"Startup Cost": 33277.18,"Total Cost": 33277.19,"Plan Rows": 1,"Plan Width": 32,"Actual Startup Time": 84.958,"Actual Total Time": 98.874,"Actual Rows": 1,"Actual Loops": 1,"Plans": [{"Node Type": "Gather","Parent Relationship": "Outer","Parallel Aware": false,"Async Capable": false,"Startup Cost": 33276.96,"Total Cost": 33277.17,"Plan Rows": 2,"Plan Width": 32,"Actual Startup Time": 84.461,"Actual Total Time": 98.839,"Actual Rows": 3,"Actual Loops": 1,"Workers Planned": 2,"Workers Launched": 2,"Single Copy": false,"Plans": [{"Node Type": "Aggregate","Strategy": "Plain","Partial Mode": "Partial","Parent Relationship": "Outer","Parallel Aware": false,"Async Capable": false,"Startup Cost": 32276.96,"Total Cost": 32276.97,"Plan Rows": 1,"Plan Width": 32,"Actual Startup Time": 78.172,"Actual Total Time": 78.174,"Actual Rows": 1,"Actual Loops": 3,"Workers": [],"Plans": [{"Node Type": "Nested Loop","Parent Relationship": "Outer","Parallel Aware": false,"Async Capable": false,"Join Type": "Inner","Startup Cost": 0.43,"Total Cost": 32276.61,"Plan Rows": 47,"Plan Width": 12,"Actual Startup Time": 5.903,"Actual Total Time": 78.133,"Actual Rows": 33,"Actual Loops": 3,"Inner Unique": false,"Workers": [],"Plans": [{"Node Type": "Seq Scan","Parent Relationship": "Outer","Parallel Aware": true,"Async Capable": false,"Relation Name": "part","Alias": "part","Startup Cost": 0.00,"Total Cost": 7638.67,"Plan Rows": 200,"Plan Width": 30,"Actual Startup Time": 0.259,"Actual Total Time": 35.273,"Actual Rows": 153,"Actual Loops": 3,"Filter": "((p_size >= 1) AND (((p_brand = 'Brand#45'::bpchar) AND (p_container = ANY ('{\"SM CASE\",\"SM BOX\",\"SM PACK\",\"SM PKG\"}'::bpchar[])) AND (p_size <= 5)) OR ((p_brand = 'Brand#52'::bpchar) AND (p_container = ANY ('{\"MED BAG\",\"MED BOX\",\"MED PKG\",\"MED PACK\"}'::bpchar[])) AND (p_size <= 10)) OR ((p_brand = 'Brand#23'::bpchar) AND (p_container = ANY ('{\"LG CASE\",\"LG BOX\",\"LG PACK\",\"LG PKG\"}'::bpchar[])) AND (p_size <= 15))))","Rows Removed by Filter": 66514,"Workers": []},{"Node Type": "Index Scan","Parent Relationship": "Inner","Parallel Aware": false,"Async Capable": false,"Scan Direction": "Forward","Index Name": "idx_lineitem_part_supp","Relation Name": "lineitem","Alias": "lineitem","Startup Cost": 0.43,"Total Cost": 123.18,"Plan Rows": 1,"Plan Width": 21,"Actual Startup Time": 0.258,"Actual Total Time": 0.280,"Actual Rows": 0,"Actual Loops": 458,"Index Cond": "(l_partkey = part.p_partkey)","Rows Removed by Index Recheck": 0,"Filter": "((l_shipmode = ANY ('{AIR,\"AIR REG\"}'::bpchar[])) AND (l_shipinstruct = 'DELIVER IN PERSON'::bpchar) AND (((l_quantity >= '10'::numeric) AND (l_quantity <= '20'::numeric)) OR ((l_quantity >= '17'::numeric) AND (l_quantity <= '27'::numeric)) OR ((l_quantity >= '22'::numeric) AND (l_quantity <= '32'::numeric))) AND (((part.p_brand = 'Brand#45'::bpchar) AND (part.p_container = ANY ('{\"SM CASE\",\"SM BOX\",\"SM PACK\",\"SM PKG\"}'::bpchar[])) AND (l_quantity >= '10'::numeric) AND (l_quantity <= '20'::numeric) AND (part.p_size <= 5)) OR ((part.p_brand = 'Brand#52'::bpchar) AND (part.p_container = ANY ('{\"MED BAG\",\"MED BOX\",\"MED PKG\",\"MED PACK\"}'::bpchar[])) AND (l_quantity >= '17'::numeric) AND (l_quantity <= '27'::numeric) AND (part.p_size <= 10)) OR ((part.p_brand = 'Brand#23'::bpchar) AND (part.p_container = ANY ('{\"LG CASE\",\"LG BOX\",\"LG PACK\",\"LG PKG\"}'::bpchar[])) AND (l_quantity >= '22'::numeric) AND (l_quantity <= '32'::numeric) AND (part.p_size <= 15))))","Rows Removed by Filter": 30,"Workers": []}]}]}]}]},"Planning Time": 6.873,"Triggers": [],"Execution Time": 99.040}]
[{"Plan": {"Node Type": "Aggregate","Strategy": "Plain","Partial Mode": "Finalize","Parallel Aware": false,"Async Capable": false,"Startup Cost": 34287.01,"Total Cost": 34287.02,"Plan Rows": 1,"Plan Width": 32,"Actual Startup Time": 87.203,"Actual Total Time": 102.347,"Actual Rows": 1,"Actual Loops": 1,"Plans": [{"Node Type": "Gather","Parent Relationship": "Outer","Parallel Aware": false,"Async Capable": false,"Startup Cost": 34286.79,"Total Cost": 34287.00,"Plan Rows": 2,"Plan Width": 32,"Actual Startup Time": 87.146,"Actual Total Time": 102.306,"Actual Rows": 3,"Actual Loops": 1,"Workers Planned": 2,"Workers Launched": 2,"Single Copy": false,"Plans": [{"Node Type": "Aggregate","Strategy": "Plain","Partial Mode": "Partial","Parent Relationship": "Outer","Parallel Aware": false,"Async Capable": false,"Startup Cost": 33286.79,"Total Cost": 33286.80,"Plan Rows": 1,"Plan Width": 32,"Actual Startup Time": 80.445,"Actual Total Time": 80.447,"Actual Rows": 1,"Actual Loops": 3,"Workers": [],"Plans": [{"Node Type": "Nested Loop","Parent Relationship": "Outer","Parallel Aware": false,"Async Capable": false,"Join Type": "Inner","Startup Cost": 4.54,"Total Cost": 33286.42,"Plan Rows": 49,"Plan Width": 12,"Actual Startup Time": 4.679,"Actual Total Time": 80.388,"Actual Rows": 44,"Actual Loops": 3,"Inner Unique": false,"Workers": [],"Plans": [{"Node Type": "Seq Scan","Parent Relationship": "Outer","Parallel Aware": true,"Async Capable": false,"Relation Name": "part","Alias": "part","Startup Cost": 0.00,"Total Cost": 7638.67,"Plan Rows": 211,"Plan Width": 30,"Actual Startup Time": 0.507,"Actual Total Time": 32.056,"Actual Rows": 177,"Actual Loops": 3,"Filter": "((p_size >= 1) AND (((p_brand = 'Brand#31'::bpchar) AND (p_container = ANY ('{\"SM CASE\",\"SM BOX\",\"SM PACK\",\"SM PKG\"}'::bpchar[])) AND (p_size <= 5)) OR ((p_brand = 'Brand#31'::bpchar) AND (p_container = ANY ('{\"MED BAG\",\"MED BOX\",\"MED PKG\",\"MED PACK\"}'::bpchar[])) AND (p_size <= 10)) OR ((p_brand = 'Brand#33'::bpchar) AND (p_container = ANY ('{\"LG CASE\",\"LG BOX\",\"LG PACK\",\"LG PKG\"}'::bpchar[])) AND (p_size <= 15))))","Rows Removed by Filter": 66489,"Workers": []},{"Node Type": "Bitmap Heap Scan","Parent Relationship": "Inner","Parallel Aware": false,"Async Capable": false,"Relation Name": "lineitem","Alias": "lineitem","Startup Cost": 4.54,"Total Cost": 121.54,"Plan Rows": 1,"Plan Width": 21,"Actual Startup Time": 0.243,"Actual Total Time": 0.271,"Actual Rows": 0,"Actual Loops": 532,"Recheck Cond": "(l_partkey = part.p_partkey)","Rows Removed by Index Recheck": 0,"Filter": "((l_shipmode = ANY ('{AIR,\"AIR REG\"}'::bpchar[])) AND (l_shipinstruct = 'DELIVER IN PERSON'::bpchar) AND (((l_quantity >= '4'::numeric) AND (l_quantity <= '14'::numeric)) OR ((l_quantity >= '14'::numeric) AND (l_quantity <= '24'::numeric)) OR ((l_quantity >= '22'::numeric) AND (l_quantity <= '32'::numeric))) AND (((part.p_brand = 'Brand#31'::bpchar) AND (part.p_container = ANY ('{\"SM CASE\",\"SM BOX\",\"SM PACK\",\"SM PKG\"}'::bpchar[])) AND (l_quantity >= '4'::numeric) AND (l_quantity <= '14'::numeric) AND (part.p_size <= 5)) OR ((part.p_brand = 'Brand#31'::bpchar) AND (part.p_container = ANY ('{\"MED BAG\",\"MED BOX\",\"MED PKG\",\"MED PACK\"}'::bpchar[])) AND (l_quantity >= '14'::numeric) AND (l_quantity <= '24'::numeric) AND (part.p_size <= 10)) OR ((part.p_brand = 'Brand#33'::bpchar) AND (part.p_container = ANY ('{\"LG CASE\",\"LG BOX\",\"LG PACK\",\"LG PKG\"}'::bpchar[])) AND (l_quantity >= '22'::numeric) AND (l_quantity <= '32'::numeric) AND (part.p_size <= 15))))","Rows Removed by Filter": 29,"Exact Heap Blocks": 5354,"Lossy Heap Blocks": 0,"Workers": [],"Plans": [{"Node Type": "Bitmap Index Scan","Parent Relationship": "Outer","Parallel Aware": false,"Async Capable": false,"Index Name": "idx_lineitem_part_supp","Startup Cost": 0.00,"Total Cost": 4.54,"Plan Rows": 31,"Plan Width": 0,"Actual Startup Time": 0.011,"Actual Total Time": 0.011,"Actual Rows": 30,"Actual Loops": 532,"Index Cond": "(l_partkey = part.p_partkey)","Workers": []}]}]}]}]}]},"Planning Time": 7.097,"Triggers": [],"Execution Time": 102.540}]
[{"Plan": {"Node Type": "Aggregate","Strategy": "Plain","Partial Mode": "Finalize","Parallel Aware": false,"Async Capable": false,"Startup Cost": 33968.16,"Total Cost": 33968.17,"Plan Rows": 1,"Plan Width": 32,"Actual Startup Time": 79.728,"Actual Total Time": 94.634,"Actual Rows": 1,"Actual Loops": 1,"Plans": [{"Node Type": "Gather","Parent Relationship": "Outer","Parallel Aware": false,"Async Capable": false,"Startup Cost": 33967.94,"Total Cost": 33968.15,"Plan Rows": 2,"Plan Width": 32,"Actual Startup Time": 79.573,"Actual Total Time": 94.610,"Actual Rows": 3,"Actual Loops": 1,"Workers Planned": 2,"Workers Launched": 2,"Single Copy": false,"Plans": [{"Node Type": "Aggregate","Strategy": "Plain","Partial Mode": "Partial","Parent Relationship": "Outer","Parallel Aware": false,"Async Capable": false,"Startup Cost": 32967.94,"Total Cost": 32967.95,"Plan Rows": 1,"Plan Width": 32,"Actual Startup Time": 72.886,"Actual Total Time": 72.888,"Actual Rows": 1,"Actual Loops": 3,"Workers": [],"Plans": [{"Node Type": "Nested Loop","Parent Relationship": "Outer","Parallel Aware": false,"Async Capable": false,"Join Type": "Inner","Startup Cost": 0.43,"Total Cost": 32967.58,"Plan Rows": 48,"Plan Width": 12,"Actual Startup Time": 4.329,"Actual Total Time": 72.843,"Actual Rows": 35,"Actual Loops": 3,"Inner Unique": false,"Workers": [],"Plans": [{"Node Type": "Seq Scan","Parent Relationship": "Outer","Parallel Aware": true,"Async Capable": false,"Relation Name": "part","Alias": "part","Startup Cost": 0.00,"Total Cost": 7638.67,"Plan Rows": 206,"Plan Width": 30,"Actual Startup Time": 0.297,"Actual Total Time": 31.165,"Actual Rows": 164,"Actual Loops": 3,"Filter": "((p_size >= 1) AND (((p_brand = 'Brand#33'::bpchar) AND (p_container = ANY ('{\"SM CASE\",\"SM BOX\",\"SM PACK\",\"SM PKG\"}'::bpchar[])) AND (p_size <= 5)) OR ((p_brand = 'Brand#23'::bpchar) AND (p_container = ANY ('{\"MED BAG\",\"MED BOX\",\"MED PKG\",\"MED PACK\"}'::bpchar[])) AND (p_size <= 10)) OR ((p_brand = 'Brand#45'::bpchar) AND (p_container = ANY ('{\"LG CASE\",\"LG BOX\",\"LG PACK\",\"LG PKG\"}'::bpchar[])) AND (p_size <= 15))))","Rows Removed by Filter": 66502,"Workers": []},{"Node Type": "Index Scan","Parent Relationship": "Inner","Parallel Aware": false,"Async Capable": false,"Scan Direction": "Forward","Index Name": "idx_lineitem_part_supp","Relation Name": "lineitem","Alias": "lineitem","Startup Cost": 0.43,"Total Cost": 122.95,"Plan Rows": 1,"Plan Width": 21,"Actual Startup Time": 0.229,"Actual Total Time": 0.253,"Actual Rows": 0,"Actual Loops": 493,"Index Cond": "(l_partkey = part.p_partkey)","Rows Removed by Index Recheck": 0,"Filter": "((l_shipmode = ANY ('{AIR,\"AIR REG\"}'::bpchar[])) AND (l_shipinstruct = 'DELIVER IN PERSON'::bpchar) AND (((l_quantity >= '9'::numeric) AND (l_quantity <= '19'::numeric)) OR ((l_quantity >= '13'::numeric) AND (l_quantity <= '23'::numeric)) OR ((l_quantity >= '25'::numeric) AND (l_quantity <= '35'::numeric))) AND (((part.p_brand = 'Brand#33'::bpchar) AND (part.p_container = ANY ('{\"SM CASE\",\"SM BOX\",\"SM PACK\",\"SM PKG\"}'::bpchar[])) AND (l_quantity >= '9'::numeric) AND (l_quantity <= '19'::numeric) AND (part.p_size <= 5)) OR ((part.p_brand = 'Brand#23'::bpchar) AND (part.p_container = ANY ('{\"MED BAG\",\"MED BOX\",\"MED PKG\",\"MED PACK\"}'::bpchar[])) AND (l_quantity >= '13'::numeric) AND (l_quantity <= '23'::numeric) AND (part.p_size <= 10)) OR ((part.p_brand = 'Brand#45'::bpchar) AND (part.p_container = ANY ('{\"LG CASE\",\"LG BOX\",\"LG PACK\",\"LG PKG\"}'::bpchar[])) AND (l_quantity >= '25'::numeric) AND (l_quantity <= '35'::numeric) AND (part.p_size <= 15))))","Rows Removed by Filter": 29,"Workers": []}]}]}]}]},"Planning Time": 5.785,"Triggers": [],"Execution Time": 94.828}]
[{"Plan": {"Node Type": "Aggregate","Strategy": "Plain","Partial Mode": "Finalize","Parallel Aware": false,"Async Capable": false,"Startup Cost": 33624.33,"Total Cost": 33624.34,"Plan Rows": 1,"Plan Width": 32,"Actual Startup Time": 81.828,"Actual Total Time": 96.087,"Actual Rows": 1,"Actual Loops": 1,"Plans": [{"Node Type": "Gather","Parent Relationship": "Outer","Parallel Aware": false,"Async Capable": false,"Startup Cost": 33624.11,"Total Cost": 33624.32,"Plan Rows": 2,"Plan Width": 32,"Actual Startup Time": 81.660,"Actual Total Time": 96.056,"Actual Rows": 3,"Actual Loops": 1,"Workers Planned": 2,"Workers Launched": 2,"Single Copy": false,"Plans": [{"Node Type": "Aggregate","Strategy": "Plain","Partial Mode": "Partial","Parent Relationship": "Outer","Parallel Aware": false,"Async Capable": false,"Startup Cost": 32624.11,"Total Cost": 32624.12,"Plan Rows": 1,"Plan Width": 32,"Actual Startup Time": 74.719,"Actual Total Time": 74.720,"Actual Rows": 1,"Actual Loops": 3,"Workers": [],"Plans": [{"Node Type": "Nested Loop","Parent Relationship": "Outer","Parallel Aware": false,"Async Capable": false,"Join Type": "Inner","Startup Cost": 0.43,"Total Cost": 32623.76,"Plan Rows": 47,"Plan Width": 12,"Actual Startup Time": 1.696,"Actual Total Time": 74.687,"Actual Rows": 30,"Actual Loops": 3,"Inner Unique": false,"Workers": [],"Plans": [{"Node Type": "Seq Scan","Parent Relationship": "Outer","Parallel Aware": true,"Async Capable": false,"Relation Name": "part","Alias": "part","Startup Cost": 0.00,"Total Cost": 7638.67,"Plan Rows": 203,"Plan Width": 30,"Actual Startup Time": 0.303,"Actual Total Time": 34.042,"Actual Rows": 147,"Actual Loops": 3,"Filter": "((p_size >= 1) AND (((p_brand = 'Brand#52'::bpchar) AND (p_container = ANY ('{\"SM CASE\",\"SM BOX\",\"SM PACK\",\"SM PKG\"}'::bpchar[])) AND (p_size <= 5)) OR ((p_brand = 'Brand#21'::bpchar) AND (p_container = ANY ('{\"MED BAG\",\"MED BOX\",\"MED PKG\",\"MED PACK\"}'::bpchar[])) AND (p_size <= 10)) OR ((p_brand = 'Brand#51'::bpchar) AND (p_container = ANY ('{\"LG CASE\",\"LG BOX\",\"LG PACK\",\"LG PKG\"}'::bpchar[])) AND (p_size <= 15))))","Rows Removed by Filter": 66519,"Workers": []},{"Node Type": "Index Scan","Parent Relationship": "Inner","Parallel Aware": false,"Async Capable": false,"Scan Direction": "Forward","Index Name": "idx_lineitem_part_supp","Relation Name": "lineitem","Alias": "lineitem","Startup Cost": 0.43,"Total Cost": 123.07,"Plan Rows": 1,"Plan Width": 21,"Actual Startup Time": 0.248,"Actual Total Time": 0.275,"Actual Rows": 0,"Actual Loops": 442,"Index Cond": "(l_partkey = part.p_partkey)","Rows Removed by Index Recheck": 0,"Filter": "((l_shipmode = ANY ('{AIR,\"AIR REG\"}'::bpchar[])) AND (l_shipinstruct = 'DELIVER IN PERSON'::bpchar) AND (((l_quantity >= '1'::numeric) AND (l_quantity <= '11'::numeric)) OR ((l_quantity >= '10'::numeric) AND (l_quantity <= '20'::numeric)) OR ((l_quantity >= '25'::numeric) AND (l_quantity <= '35'::numeric))) AND (((part.p_brand = 'Brand#52'::bpchar) AND (part.p_container = ANY ('{\"SM CASE\",\"SM BOX\",\"SM PACK\",\"SM PKG\"}'::bpchar[])) AND (l_quantity >= '1'::numeric) AND (l_quantity <= '11'::numeric) AND (part.p_size <= 5)) OR ((part.p_brand = 'Brand#21'::bpchar) AND (part.p_container = ANY ('{\"MED BAG\",\"MED BOX\",\"MED PKG\",\"MED PACK\"}'::bpchar[])) AND (l_quantity >= '10'::numeric) AND (l_quantity <= '20'::numeric) AND (part.p_size <= 10)) OR ((part.p_brand = 'Brand#51'::bpchar) AND (part.p_container = ANY ('{\"LG CASE\",\"LG BOX\",\"LG PACK\",\"LG PKG\"}'::bpchar[])) AND (l_quantity >= '25'::numeric) AND (l_quantity <= '35'::numeric) AND (part.p_size <= 15))))","Rows Removed by Filter": 30,"Workers": []}]}]}]}]},"Planning Time": 5.914,"Triggers": [],"Execution Time": 96.293}]
[{"Plan": {"Node Type": "Aggregate","Strategy": "Plain","Partial Mode": "Finalize","Parallel Aware": false,"Async Capable": false,"Startup Cost": 33506.36,"Total Cost": 33506.37,"Plan Rows": 1,"Plan Width": 32,"Actual Startup Time": 80.274,"Actual Total Time": 94.492,"Actual Rows": 1,"Actual Loops": 1,"Plans": [{"Node Type": "Gather","Parent Relationship": "Outer","Parallel Aware": false,"Async Capable": false,"Startup Cost": 33506.14,"Total Cost": 33506.35,"Plan Rows": 2,"Plan Width": 32,"Actual Startup Time": 80.076,"Actual Total Time": 94.462,"Actual Rows": 3,"Actual Loops": 1,"Workers Planned": 2,"Workers Launched": 2,"Single Copy": false,"Plans": [{"Node Type": "Aggregate","Strategy": "Plain","Partial Mode": "Partial","Parent Relationship": "Outer","Parallel Aware": false,"Async Capable": false,"Startup Cost": 32506.14,"Total Cost": 32506.15,"Plan Rows": 1,"Plan Width": 32,"Actual Startup Time": 73.494,"Actual Total Time": 73.496,"Actual Rows": 1,"Actual Loops": 3,"Workers": [],"Plans": [{"Node Type": "Nested Loop","Parent Relationship": "Outer","Parallel Aware": false,"Async Capable": false,"Join Type": "Inner","Startup Cost": 0.43,"Total Cost": 32505.78,"Plan Rows": 47,"Plan Width": 12,"Actual Startup Time": 3.432,"Actual Total Time": 73.449,"Actual Rows": 36,"Actual Loops": 3,"Inner Unique": false,"Workers": [],"Plans": [{"Node Type": "Seq Scan","Parent Relationship": "Outer","Parallel Aware": true,"Async Capable": false,"Relation Name": "part","Alias": "part","Startup Cost": 0.00,"Total Cost": 7638.67,"Plan Rows": 202,"Plan Width": 30,"Actual Startup Time": 0.217,"Actual Total Time": 31.804,"Actual Rows": 156,"Actual Loops": 3,"Filter": "((p_size >= 1) AND (((p_brand = 'Brand#11'::bpchar) AND (p_container = ANY ('{\"SM CASE\",\"SM BOX\",\"SM PACK\",\"SM PKG\"}'::bpchar[])) AND (p_size <= 5)) OR ((p_brand = 'Brand#22'::bpchar) AND (p_container = ANY ('{\"MED BAG\",\"MED BOX\",\"MED PKG\",\"MED PACK\"}'::bpchar[])) AND (p_size <= 10)) OR ((p_brand = 'Brand#13'::bpchar) AND (p_container = ANY ('{\"LG CASE\",\"LG BOX\",\"LG PACK\",\"LG PKG\"}'::bpchar[])) AND (p_size <= 15))))","Rows Removed by Filter": 66511,"Workers": []},{"Node Type": "Index Scan","Parent Relationship": "Inner","Parallel Aware": false,"Async Capable": false,"Scan Direction": "Forward","Index Name": "idx_lineitem_part_supp","Relation Name": "lineitem","Alias": "lineitem","Startup Cost": 0.43,"Total Cost": 123.09,"Plan Rows": 1,"Plan Width": 21,"Actual Startup Time": 0.241,"Actual Total Time": 0.267,"Actual Rows": 0,"Actual Loops": 468,"Index Cond": "(l_partkey = part.p_partkey)","Rows Removed by Index Recheck": 0,"Filter": "((l_shipmode = ANY ('{AIR,\"AIR REG\"}'::bpchar[])) AND (l_shipinstruct = 'DELIVER IN PERSON'::bpchar) AND (((l_quantity >= '9'::numeric) AND (l_quantity <= '19'::numeric)) OR ((l_quantity >= '19'::numeric) AND (l_quantity <= '29'::numeric)) OR ((l_quantity >= '23'::numeric) AND (l_quantity <= '33'::numeric))) AND (((part.p_brand = 'Brand#11'::bpchar) AND (part.p_container = ANY ('{\"SM CASE\",\"SM BOX\",\"SM PACK\",\"SM PKG\"}'::bpchar[])) AND (l_quantity >= '9'::numeric) AND (l_quantity <= '19'::numeric) AND (part.p_size <= 5)) OR ((part.p_brand = 'Brand#22'::bpchar) AND (part.p_container = ANY ('{\"MED BAG\",\"MED BOX\",\"MED PKG\",\"MED PACK\"}'::bpchar[])) AND (l_quantity >= '19'::numeric) AND (l_quantity <= '29'::numeric) AND (part.p_size <= 10)) OR ((part.p_brand = 'Brand#13'::bpchar) AND (part.p_container = ANY ('{\"LG CASE\",\"LG BOX\",\"LG PACK\",\"LG PKG\"}'::bpchar[])) AND (l_quantity >= '23'::numeric) AND (l_quantity <= '33'::numeric) AND (part.p_size <= 15))))","Rows Removed by Filter": 30,"Workers": []}]}]}]}]},"Planning Time": 6.129,"Triggers": [],"Execution Time": 94.640}]
[{"Plan": {"Node Type": "Aggregate","Strategy": "Plain","Partial Mode": "Finalize","Parallel Aware": false,"Async Capable": false,"Startup Cost": 33972.77,"Total Cost": 33972.78,"Plan Rows": 1,"Plan Width": 32,"Actual Startup Time": 78.276,"Actual Total Time": 92.637,"Actual Rows": 1,"Actual Loops": 1,"Plans": [{"Node Type": "Gather","Parent Relationship": "Outer","Parallel Aware": false,"Async Capable": false,"Startup Cost": 33972.55,"Total Cost": 33972.76,"Plan Rows": 2,"Plan Width": 32,"Actual Startup Time": 78.156,"Actual Total Time": 92.611,"Actual Rows": 3,"Actual Loops": 1,"Workers Planned": 2,"Workers Launched": 2,"Single Copy": false,"Plans": [{"Node Type": "Aggregate","Strategy": "Plain","Partial Mode": "Partial","Parent Relationship": "Outer","Parallel Aware": false,"Async Capable": false,"Startup Cost": 32972.55,"Total Cost": 32972.56,"Plan Rows": 1,"Plan Width": 32,"Actual Startup Time": 71.673,"Actual Total Time": 71.675,"Actual Rows": 1,"Actual Loops": 3,"Workers": [],"Plans": [{"Node Type": "Nested Loop","Parent Relationship": "Outer","Parallel Aware": false,"Async Capable": false,"Join Type": "Inner","Startup Cost": 0.43,"Total Cost": 32972.19,"Plan Rows": 48,"Plan Width": 12,"Actual Startup Time": 2.702,"Actual Total Time": 71.637,"Actual Rows": 42,"Actual Loops": 3,"Inner Unique": false,"Workers": [],"Plans": [{"Node Type": "Seq Scan","Parent Relationship": "Outer","Parallel Aware": true,"Async Capable": false,"Relation Name": "part","Alias": "part","Startup Cost": 0.00,"Total Cost": 7638.67,"Plan Rows": 206,"Plan Width": 30,"Actual Startup Time": 0.847,"Actual Total Time": 30.490,"Actual Rows": 161,"Actual Loops": 3,"Filter": "((p_size >= 1) AND (((p_brand = 'Brand#15'::bpchar) AND (p_container = ANY ('{\"SM CASE\",\"SM BOX\",\"SM PACK\",\"SM PKG\"}'::bpchar[])) AND (p_size <= 5)) OR ((p_brand = 'Brand#31'::bpchar) AND (p_container = ANY ('{\"MED BAG\",\"MED BOX\",\"MED PKG\",\"MED PACK\"}'::bpchar[])) AND (p_size <= 10)) OR ((p_brand = 'Brand#14'::bpchar) AND (p_container = ANY ('{\"LG CASE\",\"LG BOX\",\"LG PACK\",\"LG PKG\"}'::bpchar[])) AND (p_size <= 15))))","Rows Removed by Filter": 66506,"Workers": []},{"Node Type": "Index Scan","Parent Relationship": "Inner","Parallel Aware": false,"Async Capable": false,"Scan Direction": "Forward","Index Name": "idx_lineitem_part_supp","Relation Name": "lineitem","Alias": "lineitem","Startup Cost": 0.43,"Total Cost": 122.97,"Plan Rows": 1,"Plan Width": 21,"Actual Startup Time": 0.223,"Actual Total Time": 0.255,"Actual Rows": 0,"Actual Loops": 483,"Index Cond": "(l_partkey = part.p_partkey)","Rows Removed by Index Recheck": 0,"Filter": "((l_shipmode = ANY ('{AIR,\"AIR REG\"}'::bpchar[])) AND (l_shipinstruct = 'DELIVER IN PERSON'::bpchar) AND (((l_quantity >= '8'::numeric) AND (l_quantity <= '18'::numeric)) OR ((l_quantity >= '11'::numeric) AND (l_quantity <= '21'::numeric)) OR ((l_quantity >= '22'::numeric) AND (l_quantity <= '32'::numeric))) AND (((part.p_brand = 'Brand#15'::bpchar) AND (part.p_container = ANY ('{\"SM CASE\",\"SM BOX\",\"SM PACK\",\"SM PKG\"}'::bpchar[])) AND (l_quantity >= '8'::numeric) AND (l_quantity <= '18'::numeric) AND (part.p_size <= 5)) OR ((part.p_brand = 'Brand#31'::bpchar) AND (part.p_container = ANY ('{\"MED BAG\",\"MED BOX\",\"MED PKG\",\"MED PACK\"}'::bpchar[])) AND (l_quantity >= '11'::numeric) AND (l_quantity <= '21'::numeric) AND (part.p_size <= 10)) OR ((part.p_brand = 'Brand#14'::bpchar) AND (part.p_container = ANY ('{\"LG CASE\",\"LG BOX\",\"LG PACK\",\"LG PKG\"}'::bpchar[])) AND (l_quantity >= '22'::numeric) AND (l_quantity <= '32'::numeric) AND (part.p_size <= 15))))","Rows Removed by Filter": 29,"Workers": []}]}]}]}]},"Planning Time": 5.951,"Triggers": [],"Execution Time": 92.883}]
[{"Plan": {"Node Type": "Aggregate","Strategy": "Plain","Partial Mode": "Finalize","Parallel Aware": false,"Async Capable": false,"Startup Cost": 34043.70,"Total Cost": 34043.71,"Plan Rows": 1,"Plan Width": 32,"Actual Startup Time": 86.831,"Actual Total Time": 102.106,"Actual Rows": 1,"Actual Loops": 1,"Plans": [{"Node Type": "Gather","Parent Relationship": "Outer","Parallel Aware": false,"Async Capable": false,"Startup Cost": 34043.48,"Total Cost": 34043.69,"Plan Rows": 2,"Plan Width": 32,"Actual Startup Time": 86.587,"Actual Total Time": 102.081,"Actual Rows": 3,"Actual Loops": 1,"Workers Planned": 2,"Workers Launched": 2,"Single Copy": false,"Plans": [{"Node Type": "Aggregate","Strategy": "Plain","Partial Mode": "Partial","Parent Relationship": "Outer","Parallel Aware": false,"Async Capable": false,"Startup Cost": 33043.48,"Total Cost": 33043.49,"Plan Rows": 1,"Plan Width": 32,"Actual Startup Time": 80.533,"Actual Total Time": 80.534,"Actual Rows": 1,"Actual Loops": 3,"Workers": [],"Plans": [{"Node Type": "Nested Loop","Parent Relationship": "Outer","Parallel Aware": false,"Async Capable": false,"Join Type": "Inner","Startup Cost": 4.54,"Total Cost": 33043.11,"Plan Rows": 48,"Plan Width": 12,"Actual Startup Time": 4.678,"Actual Total Time": 80.479,"Actual Rows": 42,"Actual Loops": 3,"Inner Unique": false,"Workers": [],"Plans": [{"Node Type": "Seq Scan","Parent Relationship": "Outer","Parallel Aware": true,"Async Capable": false,"Relation Name": "part","Alias": "part","Startup Cost": 0.00,"Total Cost": 7638.67,"Plan Rows": 209,"Plan Width": 30,"Actual Startup Time": 0.791,"Actual Total Time": 35.582,"Actual Rows": 151,"Actual Loops": 3,"Filter": "((p_size >= 1) AND (((p_brand = 'Brand#44'::bpchar) AND (p_container = ANY ('{\"SM CASE\",\"SM BOX\",\"SM PACK\",\"SM PKG\"}'::bpchar[])) AND (p_size <= 5)) OR ((p_brand = 'Brand#42'::bpchar) AND (p_container = ANY ('{\"MED BAG\",\"MED BOX\",\"MED PKG\",\"MED PACK\"}'::bpchar[])) AND (p_size <= 10)) OR ((p_brand = 'Brand#45'::bpchar) AND (p_container = ANY ('{\"LG CASE\",\"LG BOX\",\"LG PACK\",\"LG PKG\"}'::bpchar[])) AND (p_size <= 15))))","Rows Removed by Filter": 66516,"Workers": []},{"Node Type": "Bitmap Heap Scan","Parent Relationship": "Inner","Parallel Aware": false,"Async Capable": false,"Relation Name": "lineitem","Alias": "lineitem","Startup Cost": 4.54,"Total Cost": 121.54,"Plan Rows": 1,"Plan Width": 21,"Actual Startup Time": 0.258,"Actual Total Time": 0.297,"Actual Rows": 0,"Actual Loops": 452,"Recheck Cond": "(l_partkey = part.p_partkey)","Rows Removed by Index Recheck": 0,"Filter": "((l_shipmode = ANY ('{AIR,\"AIR REG\"}'::bpchar[])) AND (l_shipinstruct = 'DELIVER IN PERSON'::bpchar) AND (((l_quantity >= '1'::numeric) AND (l_quantity <= '11'::numeric)) OR ((l_quantity >= '20'::numeric) AND (l_quantity <= '30'::numeric)) OR ((l_quantity >= '21'::numeric) AND (l_quantity <= '31'::numeric))) AND (((part.p_brand = 'Brand#44'::bpchar) AND (part.p_container = ANY ('{\"SM CASE\",\"SM BOX\",\"SM PACK\",\"SM PKG\"}'::bpchar[])) AND (l_quantity >= '1'::numeric) AND (l_quantity <= '11'::numeric) AND (part.p_size <= 5)) OR ((part.p_brand = 'Brand#42'::bpchar) AND (part.p_container = ANY ('{\"MED BAG\",\"MED BOX\",\"MED PKG\",\"MED PACK\"}'::bpchar[])) AND (l_quantity >= '20'::numeric) AND (l_quantity <= '30'::numeric) AND (part.p_size <= 10)) OR ((part.p_brand = 'Brand#45'::bpchar) AND (part.p_container = ANY ('{\"LG CASE\",\"LG BOX\",\"LG PACK\",\"LG PKG\"}'::bpchar[])) AND (l_quantity >= '21'::numeric) AND (l_quantity <= '31'::numeric) AND (part.p_size <= 15))))","Rows Removed by Filter": 30,"Exact Heap Blocks": 4773,"Lossy Heap Blocks": 0,"Workers": [],"Plans": [{"Node Type": "Bitmap Index Scan","Parent Relationship": "Outer","Parallel Aware": false,"Async Capable": false,"Index Name": "idx_lineitem_part_supp","Startup Cost": 0.00,"Total Cost": 4.54,"Plan Rows": 31,"Plan Width": 0,"Actual Startup Time": 0.012,"Actual Total Time": 0.012,"Actual Rows": 30,"Actual Loops": 452,"Index Cond": "(l_partkey = part.p_partkey)","Workers": []}]}]}]}]}]},"Planning Time": 6.660,"Triggers": [],"Execution Time": 102.310}]
[{"Plan": {"Node Type": "Aggregate","Strategy": "Plain","Partial Mode": "Finalize","Parallel Aware": false,"Async Capable": false,"Startup Cost": 33971.53,"Total Cost": 33971.54,"Plan Rows": 1,"Plan Width": 32,"Actual Startup Time": 82.211,"Actual Total Time": 97.592,"Actual Rows": 1,"Actual Loops": 1,"Plans": [{"Node Type": "Gather","Parent Relationship": "Outer","Parallel Aware": false,"Async Capable": false,"Startup Cost": 33971.31,"Total Cost": 33971.52,"Plan Rows": 2,"Plan Width": 32,"Actual Startup Time": 81.970,"Actual Total Time": 97.573,"Actual Rows": 3,"Actual Loops": 1,"Workers Planned": 2,"Workers Launched": 2,"Single Copy": false,"Plans": [{"Node Type": "Aggregate","Strategy": "Plain","Partial Mode": "Partial","Parent Relationship": "Outer","Parallel Aware": false,"Async Capable": false,"Startup Cost": 32971.31,"Total Cost": 32971.32,"Plan Rows": 1,"Plan Width": 32,"Actual Startup Time": 75.449,"Actual Total Time": 75.453,"Actual Rows": 1,"Actual Loops": 3,"Workers": [],"Plans": [{"Node Type": "Nested Loop","Parent Relationship": "Outer","Parallel Aware": false,"Async Capable": false,"Join Type": "Inner","Startup Cost": 0.43,"Total Cost": 32970.95,"Plan Rows": 48,"Plan Width": 12,"Actual Startup Time": 4.601,"Actual Total Time": 75.406,"Actual Rows": 42,"Actual Loops": 3,"Inner Unique": false,"Workers": [],"Plans": [{"Node Type": "Seq Scan","Parent Relationship": "Outer","Parallel Aware": true,"Async Capable": false,"Relation Name": "part","Alias": "part","Startup Cost": 0.00,"Total Cost": 7638.67,"Plan Rows": 206,"Plan Width": 30,"Actual Startup Time": 0.228,"Actual Total Time": 31.438,"Actual Rows": 168,"Actual Loops": 3,"Filter": "((p_size >= 1) AND (((p_brand = 'Brand#52'::bpchar) AND (p_container = ANY ('{\"SM CASE\",\"SM BOX\",\"SM PACK\",\"SM PKG\"}'::bpchar[])) AND (p_size <= 5)) OR ((p_brand = 'Brand#13'::bpchar) AND (p_container = ANY ('{\"MED BAG\",\"MED BOX\",\"MED PKG\",\"MED PACK\"}'::bpchar[])) AND (p_size <= 10)) OR ((p_brand = 'Brand#42'::bpchar) AND (p_container = ANY ('{\"LG CASE\",\"LG BOX\",\"LG PACK\",\"LG PKG\"}'::bpchar[])) AND (p_size <= 15))))","Rows Removed by Filter": 66499,"Workers": []},{"Node Type": "Index Scan","Parent Relationship": "Inner","Parallel Aware": false,"Async Capable": false,"Scan Direction": "Forward","Index Name": "idx_lineitem_part_supp","Relation Name": "lineitem","Alias": "lineitem","Startup Cost": 0.43,"Total Cost": 122.96,"Plan Rows": 1,"Plan Width": 21,"Actual Startup Time": 0.233,"Actual Total Time": 0.261,"Actual Rows": 0,"Actual Loops": 504,"Index Cond": "(l_partkey = part.p_partkey)","Rows Removed by Index Recheck": 0,"Filter": "((l_shipmode = ANY ('{AIR,\"AIR REG\"}'::bpchar[])) AND (l_shipinstruct = 'DELIVER IN PERSON'::bpchar) AND (((l_quantity >= '7'::numeric) AND (l_quantity <= '17'::numeric)) OR ((l_quantity >= '10'::numeric) AND (l_quantity <= '20'::numeric)) OR ((l_quantity >= '27'::numeric) AND (l_quantity <= '37'::numeric))) AND (((part.p_brand = 'Brand#52'::bpchar) AND (part.p_container = ANY ('{\"SM CASE\",\"SM BOX\",\"SM PACK\",\"SM PKG\"}'::bpchar[])) AND (l_quantity >= '7'::numeric) AND (l_quantity <= '17'::numeric) AND (part.p_size <= 5)) OR ((part.p_brand = 'Brand#13'::bpchar) AND (part.p_container = ANY ('{\"MED BAG\",\"MED BOX\",\"MED PKG\",\"MED PACK\"}'::bpchar[])) AND (l_quantity >= '10'::numeric) AND (l_quantity <= '20'::numeric) AND (part.p_size <= 10)) OR ((part.p_brand = 'Brand#42'::bpchar) AND (part.p_container = ANY ('{\"LG CASE\",\"LG BOX\",\"LG PACK\",\"LG PKG\"}'::bpchar[])) AND (l_quantity >= '27'::numeric) AND (l_quantity <= '37'::numeric) AND (part.p_size <= 15))))","Rows Removed by Filter": 30,"Workers": []}]}]}]}]},"Planning Time": 5.240,"Triggers": [],"Execution Time": 97.765}]
[{"Plan": {"Node Type": "Aggregate","Strategy": "Plain","Partial Mode": "Finalize","Parallel Aware": false,"Async Capable": false,"Startup Cost": 33621.72,"Total Cost": 33621.73,"Plan Rows": 1,"Plan Width": 32,"Actual Startup Time": 82.578,"Actual Total Time": 97.872,"Actual Rows": 1,"Actual Loops": 1,"Plans": [{"Node Type": "Gather","Parent Relationship": "Outer","Parallel Aware": false,"Async Capable": false,"Startup Cost": 33621.50,"Total Cost": 33621.71,"Plan Rows": 2,"Plan Width": 32,"Actual Startup Time": 82.286,"Actual Total Time": 97.839,"Actual Rows": 3,"Actual Loops": 1,"Workers Planned": 2,"Workers Launched": 2,"Single Copy": false,"Plans": [{"Node Type": "Aggregate","Strategy": "Plain","Partial Mode": "Partial","Parent Relationship": "Outer","Parallel Aware": false,"Async Capable": false,"Startup Cost": 32621.50,"Total Cost": 32621.51,"Plan Rows": 1,"Plan Width": 32,"Actual Startup Time": 75.640,"Actual Total Time": 75.643,"Actual Rows": 1,"Actual Loops": 3,"Workers": [],"Plans": [{"Node Type": "Nested Loop","Parent Relationship": "Outer","Parallel Aware": false,"Async Capable": false,"Join Type": "Inner","Startup Cost": 0.43,"Total Cost": 32621.13,"Plan Rows": 48,"Plan Width": 12,"Actual Startup Time": 4.924,"Actual Total Time": 75.598,"Actual Rows": 37,"Actual Loops": 3,"Inner Unique": false,"Workers": [],"Plans": [{"Node Type": "Seq Scan","Parent Relationship": "Outer","Parallel Aware": true,"Async Capable": false,"Relation Name": "part","Alias": "part","Startup Cost": 0.00,"Total Cost": 7638.67,"Plan Rows": 203,"Plan Width": 30,"Actual Startup Time": 0.195,"Actual Total Time": 31.405,"Actual Rows": 173,"Actual Loops": 3,"Filter": "((p_size >= 1) AND (((p_brand = 'Brand#51'::bpchar) AND (p_container = ANY ('{\"SM CASE\",\"SM BOX\",\"SM PACK\",\"SM PKG\"}'::bpchar[])) AND (p_size <= 5)) OR ((p_brand = 'Brand#24'::bpchar) AND (p_container = ANY ('{\"MED BAG\",\"MED BOX\",\"MED PKG\",\"MED PACK\"}'::bpchar[])) AND (p_size <= 10)) OR ((p_brand = 'Brand#35'::bpchar) AND (p_container = ANY ('{\"LG CASE\",\"LG BOX\",\"LG PACK\",\"LG PKG\"}'::bpchar[])) AND (p_size <= 15))))","Rows Removed by Filter": 66494,"Workers": []},{"Node Type": "Index Scan","Parent Relationship": "Inner","Parallel Aware": false,"Async Capable": false,"Scan Direction": "Forward","Index Name": "idx_lineitem_part_supp","Relation Name": "lineitem","Alias": "lineitem","Startup Cost": 0.43,"Total Cost": 123.06,"Plan Rows": 1,"Plan Width": 21,"Actual Startup Time": 0.228,"Actual Total Time": 0.255,"Actual Rows": 0,"Actual Loops": 518,"Index Cond": "(l_partkey = part.p_partkey)","Rows Removed by Index Recheck": 0,"Filter": "((l_shipmode = ANY ('{AIR,\"AIR REG\"}'::bpchar[])) AND (l_shipinstruct = 'DELIVER IN PERSON'::bpchar) AND (((l_quantity >= '8'::numeric) AND (l_quantity <= '18'::numeric)) OR ((l_quantity >= '11'::numeric) AND (l_quantity <= '21'::numeric)) OR ((l_quantity >= '20'::numeric) AND (l_quantity <= '30'::numeric))) AND (((part.p_brand = 'Brand#51'::bpchar) AND (part.p_container = ANY ('{\"SM CASE\",\"SM BOX\",\"SM PACK\",\"SM PKG\"}'::bpchar[])) AND (l_quantity >= '8'::numeric) AND (l_quantity <= '18'::numeric) AND (part.p_size <= 5)) OR ((part.p_brand = 'Brand#24'::bpchar) AND (part.p_container = ANY ('{\"MED BAG\",\"MED BOX\",\"MED PKG\",\"MED PACK\"}'::bpchar[])) AND (l_quantity >= '11'::numeric) AND (l_quantity <= '21'::numeric) AND (part.p_size <= 10)) OR ((part.p_brand = 'Brand#35'::bpchar) AND (part.p_container = ANY ('{\"LG CASE\",\"LG BOX\",\"LG PACK\",\"LG PKG\"}'::bpchar[])) AND (l_quantity >= '20'::numeric) AND (l_quantity <= '30'::numeric) AND (part.p_size <= 15))))","Rows Removed by Filter": 30,"Workers": []}]}]}]}]},"Planning Time": 5.050,"Triggers": [],"Execution Time": 98.056}]
[{"Plan": {"Node Type": "Aggregate","Strategy": "Plain","Partial Mode": "Finalize","Parallel Aware": false,"Async Capable": false,"Startup Cost": 34319.65,"Total Cost": 34319.66,"Plan Rows": 1,"Plan Width": 32,"Actual Startup Time": 79.602,"Actual Total Time": 93.597,"Actual Rows": 1,"Actual Loops": 1,"Plans": [{"Node Type": "Gather","Parent Relationship": "Outer","Parallel Aware": false,"Async Capable": false,"Startup Cost": 34319.43,"Total Cost": 34319.64,"Plan Rows": 2,"Plan Width": 32,"Actual Startup Time": 79.429,"Actual Total Time": 93.569,"Actual Rows": 3,"Actual Loops": 1,"Workers Planned": 2,"Workers Launched": 2,"Single Copy": false,"Plans": [{"Node Type": "Aggregate","Strategy": "Plain","Partial Mode": "Partial","Parent Relationship": "Outer","Parallel Aware": false,"Async Capable": false,"Startup Cost": 33319.43,"Total Cost": 33319.44,"Plan Rows": 1,"Plan Width": 32,"Actual Startup Time": 72.843,"Actual Total Time": 72.846,"Actual Rows": 1,"Actual Loops": 3,"Workers": [],"Plans": [{"Node Type": "Nested Loop","Parent Relationship": "Outer","Parallel Aware": false,"Async Capable": false,"Join Type": "Inner","Startup Cost": 0.43,"Total Cost": 33319.07,"Plan Rows": 48,"Plan Width": 12,"Actual Startup Time": 3.410,"Actual Total Time": 72.806,"Actual Rows": 38,"Actual Loops": 3,"Inner Unique": false,"Workers": [],"Plans": [{"Node Type": "Seq Scan","Parent Relationship": "Outer","Parallel Aware": true,"Async Capable": false,"Relation Name": "part","Alias": "part","Startup Cost": 0.00,"Total Cost": 7638.67,"Plan Rows": 209,"Plan Width": 30,"Actual Startup Time": 0.416,"Actual Total Time": 31.346,"Actual Rows": 159,"Actual Loops": 3,"Filter": "((p_size >= 1) AND (((p_brand = 'Brand#41'::bpchar) AND (p_container = ANY ('{\"SM CASE\",\"SM BOX\",\"SM PACK\",\"SM PKG\"}'::bpchar[])) AND (p_size <= 5)) OR ((p_brand = 'Brand#33'::bpchar) AND (p_container = ANY ('{\"MED BAG\",\"MED BOX\",\"MED PKG\",\"MED PACK\"}'::bpchar[])) AND (p_size <= 10)) OR ((p_brand = 'Brand#24'::bpchar) AND (p_container = ANY ('{\"LG CASE\",\"LG BOX\",\"LG PACK\",\"LG PKG\"}'::bpchar[])) AND (p_size <= 15))))","Rows Removed by Filter": 66508,"Workers": []},{"Node Type": "Index Scan","Parent Relationship": "Inner","Parallel Aware": false,"Async Capable": false,"Scan Direction": "Forward","Index Name": "idx_lineitem_part_supp","Relation Name": "lineitem","Alias": "lineitem","Startup Cost": 0.43,"Total Cost": 122.86,"Plan Rows": 1,"Plan Width": 21,"Actual Startup Time": 0.232,"Actual Total Time": 0.260,"Actual Rows": 0,"Actual Loops": 477,"Index Cond": "(l_partkey = part.p_partkey)","Rows Removed by Index Recheck": 0,"Filter": "((l_shipmode = ANY ('{AIR,\"AIR REG\"}'::bpchar[])) AND (l_shipinstruct = 'DELIVER IN PERSON'::bpchar) AND (((l_quantity >= '10'::numeric) AND (l_quantity <= '20'::numeric)) OR ((l_quantity >= '19'::numeric) AND (l_quantity <= '29'::numeric)) OR ((l_quantity >= '23'::numeric) AND (l_quantity <= '33'::numeric))) AND (((part.p_brand = 'Brand#41'::bpchar) AND (part.p_container = ANY ('{\"SM CASE\",\"SM BOX\",\"SM PACK\",\"SM PKG\"}'::bpchar[])) AND (l_quantity >= '10'::numeric) AND (l_quantity <= '20'::numeric) AND (part.p_size <= 5)) OR ((part.p_brand = 'Brand#33'::bpchar) AND (part.p_container = ANY ('{\"MED BAG\",\"MED BOX\",\"MED PKG\",\"MED PACK\"}'::bpchar[])) AND (l_quantity >= '19'::numeric) AND (l_quantity <= '29'::numeric) AND (part.p_size <= 10)) OR ((part.p_brand = 'Brand#24'::bpchar) AND (part.p_container = ANY ('{\"LG CASE\",\"LG BOX\",\"LG PACK\",\"LG PKG\"}'::bpchar[])) AND (l_quantity >= '23'::numeric) AND (l_quantity <= '33'::numeric) AND (part.p_size <= 15))))","Rows Removed by Filter": 30,"Workers": []}]}]}]}]},"Planning Time": 5.867,"Triggers": [],"Execution Time": 93.751}]
[{"Plan": {"Node Type": "Aggregate","Strategy": "Plain","Partial Mode": "Finalize","Parallel Aware": false,"Async Capable": false,"Startup Cost": 33621.51,"Total Cost": 33621.52,"Plan Rows": 1,"Plan Width": 32,"Actual Startup Time": 83.628,"Actual Total Time": 98.870,"Actual Rows": 1,"Actual Loops": 1,"Plans": [{"Node Type": "Gather","Parent Relationship": "Outer","Parallel Aware": false,"Async Capable": false,"Startup Cost": 33621.29,"Total Cost": 33621.50,"Plan Rows": 2,"Plan Width": 32,"Actual Startup Time": 83.429,"Actual Total Time": 98.849,"Actual Rows": 3,"Actual Loops": 1,"Workers Planned": 2,"Workers Launched": 2,"Single Copy": false,"Plans": [{"Node Type": "Aggregate","Strategy": "Plain","Partial Mode": "Partial","Parent Relationship": "Outer","Parallel Aware": false,"Async Capable": false,"Startup Cost": 32621.29,"Total Cost": 32621.30,"Plan Rows": 1,"Plan Width": 32,"Actual Startup Time": 76.848,"Actual Total Time": 76.850,"Actual Rows": 1,"Actual Loops": 3,"Workers": [],"Plans": [{"Node Type": "Nested Loop","Parent Relationship": "Outer","Parallel Aware": false,"Async Capable": false,"Join Type": "Inner","Startup Cost": 0.43,"Total Cost": 32620.92,"Plan Rows": 48,"Plan Width": 12,"Actual Startup Time": 5.113,"Actual Total Time": 76.799,"Actual Rows": 40,"Actual Loops": 3,"Inner Unique": false,"Workers": [],"Plans": [{"Node Type": "Seq Scan","Parent Relationship": "Outer","Parallel Aware": true,"Async Capable": false,"Relation Name": "part","Alias": "part","Startup Cost": 0.00,"Total Cost": 7638.67,"Plan Rows": 203,"Plan Width": 30,"Actual Startup Time": 0.540,"Actual Total Time": 33.204,"Actual Rows": 161,"Actual Loops": 3,"Filter": "((p_size >= 1) AND (((p_brand = 'Brand#45'::bpchar) AND (p_container = ANY ('{\"SM CASE\",\"SM BOX\",\"SM PACK\",\"SM PKG\"}'::bpchar[])) AND (p_size <= 5)) OR ((p_brand = 'Brand#34'::bpchar) AND (p_container = ANY ('{\"MED BAG\",\"MED BOX\",\"MED PKG\",\"MED PACK\"}'::bpchar[])) AND (p_size <= 10)) OR ((p_brand = 'Brand#52'::bpchar) AND (p_container = ANY ('{\"LG CASE\",\"LG BOX\",\"LG PACK\",\"LG PKG\"}'::bpchar[])) AND (p_size <= 15))))","Rows Removed by Filter": 66506,"Workers": []},{"Node Type": "Index Scan","Parent Relationship": "Inner","Parallel Aware": false,"Async Capable": false,"Scan Direction": "Forward","Index Name": "idx_lineitem_part_supp","Relation Name": "lineitem","Alias": "lineitem","Startup Cost": 0.43,"Total Cost": 123.06,"Plan Rows": 1,"Plan Width": 21,"Actual Startup Time": 0.247,"Actual Total Time": 0.271,"Actual Rows": 0,"Actual Loops": 482,"Index Cond": "(l_partkey = part.p_partkey)","Rows Removed by Index Recheck": 0,"Filter": "((l_shipmode = ANY ('{AIR,\"AIR REG\"}'::bpchar[])) AND (l_shipinstruct = 'DELIVER IN PERSON'::bpchar) AND (((l_quantity >= '5'::numeric) AND (l_quantity <= '15'::numeric)) OR ((l_quantity >= '12'::numeric) AND (l_quantity <= '22'::numeric)) OR ((l_quantity >= '21'::numeric) AND (l_quantity <= '31'::numeric))) AND (((part.p_brand = 'Brand#45'::bpchar) AND (part.p_container = ANY ('{\"SM CASE\",\"SM BOX\",\"SM PACK\",\"SM PKG\"}'::bpchar[])) AND (l_quantity >= '5'::numeric) AND (l_quantity <= '15'::numeric) AND (part.p_size <= 5)) OR ((part.p_brand = 'Brand#34'::bpchar) AND (part.p_container = ANY ('{\"MED BAG\",\"MED BOX\",\"MED PKG\",\"MED PACK\"}'::bpchar[])) AND (l_quantity >= '12'::numeric) AND (l_quantity <= '22'::numeric) AND (part.p_size <= 10)) OR ((part.p_brand = 'Brand#52'::bpchar) AND (part.p_container = ANY ('{\"LG CASE\",\"LG BOX\",\"LG PACK\",\"LG PKG\"}'::bpchar[])) AND (l_quantity >= '21'::numeric) AND (l_quantity <= '31'::numeric) AND (part.p_size <= 15))))","Rows Removed by Filter": 30,"Workers": []}]}]}]}]},"Planning Time": 6.883,"Triggers": [],"Execution Time": 99.022}]
[{"Plan": {"Node Type": "Aggregate","Strategy": "Plain","Partial Mode": "Finalize","Parallel Aware": false,"Async Capable": false,"Startup Cost": 33622.17,"Total Cost": 33622.18,"Plan Rows": 1,"Plan Width": 32,"Actual Startup Time": 86.142,"Actual Total Time": 101.644,"Actual Rows": 1,"Actual Loops": 1,"Plans": [{"Node Type": "Gather","Parent Relationship": "Outer","Parallel Aware": false,"Async Capable": false,"Startup Cost": 33621.95,"Total Cost": 33622.16,"Plan Rows": 2,"Plan Width": 32,"Actual Startup Time": 86.100,"Actual Total Time": 101.615,"Actual Rows": 3,"Actual Loops": 1,"Workers Planned": 2,"Workers Launched": 2,"Single Copy": false,"Plans": [{"Node Type": "Aggregate","Strategy": "Plain","Partial Mode": "Partial","Parent Relationship": "Outer","Parallel Aware": false,"Async Capable": false,"Startup Cost": 32621.95,"Total Cost": 32621.96,"Plan Rows": 1,"Plan Width": 32,"Actual Startup Time": 79.307,"Actual Total Time": 79.310,"Actual Rows": 1,"Actual Loops": 3,"Workers": [],"Plans": [{"Node Type": "Nested Loop","Parent Relationship": "Outer","Parallel Aware": false,"Async Capable": false,"Join Type": "Inner","Startup Cost": 0.43,"Total Cost": 32621.59,"Plan Rows": 47,"Plan Width": 12,"Actual Startup Time": 2.867,"Actual Total Time": 79.259,"Actual Rows": 40,"Actual Loops": 3,"Inner Unique": false,"Workers": [],"Plans": [{"Node Type": "Seq Scan","Parent Relationship": "Outer","Parallel Aware": true,"Async Capable": false,"Relation Name": "part","Alias": "part","Startup Cost": 0.00,"Total Cost": 7638.67,"Plan Rows": 203,"Plan Width": 30,"Actual Startup Time": 0.699,"Actual Total Time": 33.479,"Actual Rows": 172,"Actual Loops": 3,"Filter": "((p_size >= 1) AND (((p_brand = 'Brand#51'::bpchar) AND (p_container = ANY ('{\"SM CASE\",\"SM BOX\",\"SM PACK\",\"SM PKG\"}'::bpchar[])) AND (p_size <= 5)) OR ((p_brand = 'Brand#15'::bpchar) AND (p_container = ANY ('{\"MED BAG\",\"MED BOX\",\"MED PKG\",\"MED PACK\"}'::bpchar[])) AND (p_size <= 10)) OR ((p_brand = 'Brand#52'::bpchar) AND (p_container = ANY ('{\"LG CASE\",\"LG BOX\",\"LG PACK\",\"LG PKG\"}'::bpchar[])) AND (p_size <= 15))))","Rows Removed by Filter": 66495,"Workers": []},{"Node Type": "Index Scan","Parent Relationship": "Inner","Parallel Aware": false,"Async Capable": false,"Scan Direction": "Forward","Index Name": "idx_lineitem_part_supp","Relation Name": "lineitem","Alias": "lineitem","Startup Cost": 0.43,"Total Cost": 123.06,"Plan Rows": 1,"Plan Width": 21,"Actual Startup Time": 0.240,"Actual Total Time": 0.266,"Actual Rows": 0,"Actual Loops": 515,"Index Cond": "(l_partkey = part.p_partkey)","Rows Removed by Index Recheck": 0,"Filter": "((l_shipmode = ANY ('{AIR,\"AIR REG\"}'::bpchar[])) AND (l_shipinstruct = 'DELIVER IN PERSON'::bpchar) AND (((l_quantity >= '9'::numeric) AND (l_quantity <= '19'::numeric)) OR ((l_quantity >= '18'::numeric) AND (l_quantity <= '28'::numeric)) OR ((l_quantity >= '22'::numeric) AND (l_quantity <= '32'::numeric))) AND (((part.p_brand = 'Brand#51'::bpchar) AND (part.p_container = ANY ('{\"SM CASE\",\"SM BOX\",\"SM PACK\",\"SM PKG\"}'::bpchar[])) AND (l_quantity >= '9'::numeric) AND (l_quantity <= '19'::numeric) AND (part.p_size <= 5)) OR ((part.p_brand = 'Brand#15'::bpchar) AND (part.p_container = ANY ('{\"MED BAG\",\"MED BOX\",\"MED PKG\",\"MED PACK\"}'::bpchar[])) AND (l_quantity >= '18'::numeric) AND (l_quantity <= '28'::numeric) AND (part.p_size <= 10)) OR ((part.p_brand = 'Brand#52'::bpchar) AND (part.p_container = ANY ('{\"LG CASE\",\"LG BOX\",\"LG PACK\",\"LG PKG\"}'::bpchar[])) AND (l_quantity >= '22'::numeric) AND (l_quantity <= '32'::numeric) AND (part.p_size <= 15))))","Rows Removed by Filter": 30,"Workers": []}]}]}]}]},"Planning Time": 5.261,"Triggers": [],"Execution Time": 101.817}]
[{"Plan": {"Node Type": "Aggregate","Strategy": "Plain","Partial Mode": "Finalize","Parallel Aware": false,"Async Capable": false,"Startup Cost": 34666.09,"Total Cost": 34666.10,"Plan Rows": 1,"Plan Width": 32,"Actual Startup Time": 79.956,"Actual Total Time": 93.991,"Actual Rows": 1,"Actual Loops": 1,"Plans": [{"Node Type": "Gather","Parent Relationship": "Outer","Parallel Aware": false,"Async Capable": false,"Startup Cost": 34665.87,"Total Cost": 34666.08,"Plan Rows": 2,"Plan Width": 32,"Actual Startup Time": 79.909,"Actual Total Time": 93.950,"Actual Rows": 3,"Actual Loops": 1,"Workers Planned": 2,"Workers Launched": 2,"Single Copy": false,"Plans": [{"Node Type": "Aggregate","Strategy": "Plain","Partial Mode": "Partial","Parent Relationship": "Outer","Parallel Aware": false,"Async Capable": false,"Startup Cost": 33665.87,"Total Cost": 33665.88,"Plan Rows": 1,"Plan Width": 32,"Actual Startup Time": 73.828,"Actual Total Time": 73.830,"Actual Rows": 1,"Actual Loops": 3,"Workers": [],"Plans": [{"Node Type": "Nested Loop","Parent Relationship": "Outer","Parallel Aware": false,"Async Capable": false,"Join Type": "Inner","Startup Cost": 0.43,"Total Cost": 33665.50,"Plan Rows": 49,"Plan Width": 12,"Actual Startup Time": 7.323,"Actual Total Time": 73.776,"Actual Rows": 38,"Actual Loops": 3,"Inner Unique": false,"Workers": [],"Plans": [{"Node Type": "Seq Scan","Parent Relationship": "Outer","Parallel Aware": true,"Async Capable": false,"Relation Name": "part","Alias": "part","Startup Cost": 0.00,"Total Cost": 7638.67,"Plan Rows": 212,"Plan Width": 30,"Actual Startup Time": 0.583,"Actual Total Time": 31.680,"Actual Rows": 160,"Actual Loops": 3,"Filter": "((p_size >= 1) AND (((p_brand = 'Brand#31'::bpchar) AND (p_container = ANY ('{\"SM CASE\",\"SM BOX\",\"SM PACK\",\"SM PKG\"}'::bpchar[])) AND (p_size <= 5)) OR ((p_brand = 'Brand#33'::bpchar) AND (p_container = ANY ('{\"MED BAG\",\"MED BOX\",\"MED PKG\",\"MED PACK\"}'::bpchar[])) AND (p_size <= 10)) OR ((p_brand = 'Brand#42'::bpchar) AND (p_container = ANY ('{\"LG CASE\",\"LG BOX\",\"LG PACK\",\"LG PKG\"}'::bpchar[])) AND (p_size <= 15))))","Rows Removed by Filter": 66507,"Workers": []},{"Node Type": "Index Scan","Parent Relationship": "Inner","Parallel Aware": false,"Async Capable": false,"Scan Direction": "Forward","Index Name": "idx_lineitem_part_supp","Relation Name": "lineitem","Alias": "lineitem","Startup Cost": 0.43,"Total Cost": 122.76,"Plan Rows": 1,"Plan Width": 21,"Actual Startup Time": 0.239,"Actual Total Time": 0.263,"Actual Rows": 0,"Actual Loops": 479,"Index Cond": "(l_partkey = part.p_partkey)","Rows Removed by Index Recheck": 0,"Filter": "((l_shipmode = ANY ('{AIR,\"AIR REG\"}'::bpchar[])) AND (l_shipinstruct = 'DELIVER IN PERSON'::bpchar) AND (((l_quantity >= '9'::numeric) AND (l_quantity <= '19'::numeric)) OR ((l_quantity >= '14'::numeric) AND (l_quantity <= '24'::numeric)) OR ((l_quantity >= '24'::numeric) AND (l_quantity <= '34'::numeric))) AND (((part.p_brand = 'Brand#31'::bpchar) AND (part.p_container = ANY ('{\"SM CASE\",\"SM BOX\",\"SM PACK\",\"SM PKG\"}'::bpchar[])) AND (l_quantity >= '9'::numeric) AND (l_quantity <= '19'::numeric) AND (part.p_size <= 5)) OR ((part.p_brand = 'Brand#33'::bpchar) AND (part.p_container = ANY ('{\"MED BAG\",\"MED BOX\",\"MED PKG\",\"MED PACK\"}'::bpchar[])) AND (l_quantity >= '14'::numeric) AND (l_quantity <= '24'::numeric) AND (part.p_size <= 10)) OR ((part.p_brand = 'Brand#42'::bpchar) AND (part.p_container = ANY ('{\"LG CASE\",\"LG BOX\",\"LG PACK\",\"LG PKG\"}'::bpchar[])) AND (l_quantity >= '24'::numeric) AND (l_quantity <= '34'::numeric) AND (part.p_size <= 15))))","Rows Removed by Filter": 30,"Workers": []}]}]}]}]},"Planning Time": 6.147,"Triggers": [],"Execution Time": 94.224}]
[{"Plan": {"Node Type": "Aggregate","Strategy": "Plain","Partial Mode": "Finalize","Parallel Aware": false,"Async Capable": false,"Startup Cost": 33045.87,"Total Cost": 33045.88,"Plan Rows": 1,"Plan Width": 32,"Actual Startup Time": 80.385,"Actual Total Time": 94.502,"Actual Rows": 1,"Actual Loops": 1,"Plans": [{"Node Type": "Gather","Parent Relationship": "Outer","Parallel Aware": false,"Async Capable": false,"Startup Cost": 33045.65,"Total Cost": 33045.86,"Plan Rows": 2,"Plan Width": 32,"Actual Startup Time": 80.342,"Actual Total Time": 94.470,"Actual Rows": 3,"Actual Loops": 1,"Workers Planned": 2,"Workers Launched": 2,"Single Copy": false,"Plans": [{"Node Type": "Aggregate","Strategy": "Plain","Partial Mode": "Partial","Parent Relationship": "Outer","Parallel Aware": false,"Async Capable": false,"Startup Cost": 32045.65,"Total Cost": 32045.66,"Plan Rows": 1,"Plan Width": 32,"Actual Startup Time": 73.697,"Actual Total Time": 73.699,"Actual Rows": 1,"Actual Loops": 3,"Workers": [],"Plans": [{"Node Type": "Nested Loop","Parent Relationship": "Outer","Parallel Aware": false,"Async Capable": false,"Join Type": "Inner","Startup Cost": 0.43,"Total Cost": 32045.30,"Plan Rows": 46,"Plan Width": 12,"Actual Startup Time": 6.001,"Actual Total Time": 73.656,"Actual Rows": 41,"Actual Loops": 3,"Inner Unique": false,"Workers": [],"Plans": [{"Node Type": "Seq Scan","Parent Relationship": "Outer","Parallel Aware": true,"Async Capable": false,"Relation Name": "part","Alias": "part","Startup Cost": 0.00,"Total Cost": 7638.67,"Plan Rows": 198,"Plan Width": 30,"Actual Startup Time": 0.316,"Actual Total Time": 31.767,"Actual Rows": 158,"Actual Loops": 3,"Filter": "((p_size >= 1) AND (((p_brand = 'Brand#41'::bpchar) AND (p_container = ANY ('{\"SM CASE\",\"SM BOX\",\"SM PACK\",\"SM PKG\"}'::bpchar[])) AND (p_size <= 5)) OR ((p_brand = 'Brand#11'::bpchar) AND (p_container = ANY ('{\"MED BAG\",\"MED BOX\",\"MED PKG\",\"MED PACK\"}'::bpchar[])) AND (p_size <= 10)) OR ((p_brand = 'Brand#32'::bpchar) AND (p_container = ANY ('{\"LG CASE\",\"LG BOX\",\"LG PACK\",\"LG PKG\"}'::bpchar[])) AND (p_size <= 15))))","Rows Removed by Filter": 66508,"Workers": []},{"Node Type": "Index Scan","Parent Relationship": "Inner","Parallel Aware": false,"Async Capable": false,"Scan Direction": "Forward","Index Name": "idx_lineitem_part_supp","Relation Name": "lineitem","Alias": "lineitem","Startup Cost": 0.43,"Total Cost": 123.26,"Plan Rows": 1,"Plan Width": 21,"Actual Startup Time": 0.234,"Actual Total Time": 0.264,"Actual Rows": 0,"Actual Loops": 475,"Index Cond": "(l_partkey = part.p_partkey)","Rows Removed by Index Recheck": 0,"Filter": "((l_shipmode = ANY ('{AIR,\"AIR REG\"}'::bpchar[])) AND (l_shipinstruct = 'DELIVER IN PERSON'::bpchar) AND (((l_quantity >= '7'::numeric) AND (l_quantity <= '17'::numeric)) OR ((l_quantity >= '11'::numeric) AND (l_quantity <= '21'::numeric)) OR ((l_quantity >= '27'::numeric) AND (l_quantity <= '37'::numeric))) AND (((part.p_brand = 'Brand#41'::bpchar) AND (part.p_container = ANY ('{\"SM CASE\",\"SM BOX\",\"SM PACK\",\"SM PKG\"}'::bpchar[])) AND (l_quantity >= '7'::numeric) AND (l_quantity <= '17'::numeric) AND (part.p_size <= 5)) OR ((part.p_brand = 'Brand#11'::bpchar) AND (part.p_container = ANY ('{\"MED BAG\",\"MED BOX\",\"MED PKG\",\"MED PACK\"}'::bpchar[])) AND (l_quantity >= '11'::numeric) AND (l_quantity <= '21'::numeric) AND (part.p_size <= 10)) OR ((part.p_brand = 'Brand#32'::bpchar) AND (part.p_container = ANY ('{\"LG CASE\",\"LG BOX\",\"LG PACK\",\"LG PKG\"}'::bpchar[])) AND (l_quantity >= '27'::numeric) AND (l_quantity <= '37'::numeric) AND (part.p_size <= 15))))","Rows Removed by Filter": 30,"Workers": []}]}]}]}]},"Planning Time": 7.150,"Triggers": [],"Execution Time": 94.647}]
[{"Plan": {"Node Type": "Aggregate","Strategy": "Plain","Partial Mode": "Finalize","Parallel Aware": false,"Async Capable": false,"Startup Cost": 34088.41,"Total Cost": 34088.42,"Plan Rows": 1,"Plan Width": 32,"Actual Startup Time": 78.641,"Actual Total Time": 92.270,"Actual Rows": 1,"Actual Loops": 1,"Plans": [{"Node Type": "Gather","Parent Relationship": "Outer","Parallel Aware": false,"Async Capable": false,"Startup Cost": 34088.18,"Total Cost": 34088.39,"Plan Rows": 2,"Plan Width": 32,"Actual Startup Time": 78.490,"Actual Total Time": 92.228,"Actual Rows": 3,"Actual Loops": 1,"Workers Planned": 2,"Workers Launched": 2,"Single Copy": false,"Plans": [{"Node Type": "Aggregate","Strategy": "Plain","Partial Mode": "Partial","Parent Relationship": "Outer","Parallel Aware": false,"Async Capable": false,"Startup Cost": 33088.18,"Total Cost": 33088.19,"Plan Rows": 1,"Plan Width": 32,"Actual Startup Time": 72.191,"Actual Total Time": 72.193,"Actual Rows": 1,"Actual Loops": 3,"Workers": [],"Plans": [{"Node Type": "Nested Loop","Parent Relationship": "Outer","Parallel Aware": false,"Async Capable": false,"Join Type": "Inner","Startup Cost": 0.43,"Total Cost": 33087.82,"Plan Rows": 48,"Plan Width": 12,"Actual Startup Time": 4.282,"Actual Total Time": 72.149,"Actual Rows": 34,"Actual Loops": 3,"Inner Unique": false,"Workers": [],"Plans": [{"Node Type": "Seq Scan","Parent Relationship": "Outer","Parallel Aware": true,"Async Capable": false,"Relation Name": "part","Alias": "part","Startup Cost": 0.00,"Total Cost": 7638.67,"Plan Rows": 207,"Plan Width": 30,"Actual Startup Time": 0.329,"Actual Total Time": 31.052,"Actual Rows": 158,"Actual Loops": 3,"Filter": "((p_size >= 1) AND (((p_brand = 'Brand#33'::bpchar) AND (p_container = ANY ('{\"SM CASE\",\"SM BOX\",\"SM PACK\",\"SM PKG\"}'::bpchar[])) AND (p_size <= 5)) OR ((p_brand = 'Brand#14'::bpchar) AND (p_container = ANY ('{\"MED BAG\",\"MED BOX\",\"MED PKG\",\"MED PACK\"}'::bpchar[])) AND (p_size <= 10)) OR ((p_brand = 'Brand#14'::bpchar) AND (p_container = ANY ('{\"LG CASE\",\"LG BOX\",\"LG PACK\",\"LG PKG\"}'::bpchar[])) AND (p_size <= 15))))","Rows Removed by Filter": 66508,"Workers": []},{"Node Type": "Index Scan","Parent Relationship": "Inner","Parallel Aware": false,"Async Capable": false,"Scan Direction": "Forward","Index Name": "idx_lineitem_part_supp","Relation Name": "lineitem","Alias": "lineitem","Startup Cost": 0.43,"Total Cost": 122.93,"Plan Rows": 1,"Plan Width": 21,"Actual Startup Time": 0.232,"Actual Total Time": 0.259,"Actual Rows": 0,"Actual Loops": 475,"Index Cond": "(l_partkey = part.p_partkey)","Rows Removed by Index Recheck": 0,"Filter": "((l_shipmode = ANY ('{AIR,\"AIR REG\"}'::bpchar[])) AND (l_shipinstruct = 'DELIVER IN PERSON'::bpchar) AND (((l_quantity >= '7'::numeric) AND (l_quantity <= '17'::numeric)) OR ((l_quantity >= '16'::numeric) AND (l_quantity <= '26'::numeric)) OR ((l_quantity >= '23'::numeric) AND (l_quantity <= '33'::numeric))) AND (((part.p_brand = 'Brand#33'::bpchar) AND (part.p_container = ANY ('{\"SM CASE\",\"SM BOX\",\"SM PACK\",\"SM PKG\"}'::bpchar[])) AND (l_quantity >= '7'::numeric) AND (l_quantity <= '17'::numeric) AND (part.p_size <= 5)) OR ((part.p_brand = 'Brand#14'::bpchar) AND (part.p_container = ANY ('{\"MED BAG\",\"MED BOX\",\"MED PKG\",\"MED PACK\"}'::bpchar[])) AND (l_quantity >= '16'::numeric) AND (l_quantity <= '26'::numeric) AND (part.p_size <= 10)) OR ((part.p_brand = 'Brand#14'::bpchar) AND (part.p_container = ANY ('{\"LG CASE\",\"LG BOX\",\"LG PACK\",\"LG PKG\"}'::bpchar[])) AND (l_quantity >= '23'::numeric) AND (l_quantity <= '33'::numeric) AND (part.p_size <= 15))))","Rows Removed by Filter": 29,"Workers": []}]}]}]}]},"Planning Time": 6.040,"Triggers": [],"Execution Time": 92.434}]
[{"Plan": {"Node Type": "Aggregate","Strategy": "Plain","Partial Mode": "Finalize","Parallel Aware": false,"Async Capable": false,"Startup Cost": 34089.86,"Total Cost": 34089.87,"Plan Rows": 1,"Plan Width": 32,"Actual Startup Time": 79.752,"Actual Total Time": 93.890,"Actual Rows": 1,"Actual Loops": 1,"Plans": [{"Node Type": "Gather","Parent Relationship": "Outer","Parallel Aware": false,"Async Capable": false,"Startup Cost": 34089.64,"Total Cost": 34089.85,"Plan Rows": 2,"Plan Width": 32,"Actual Startup Time": 79.408,"Actual Total Time": 93.851,"Actual Rows": 3,"Actual Loops": 1,"Workers Planned": 2,"Workers Launched": 2,"Single Copy": false,"Plans": [{"Node Type": "Aggregate","Strategy": "Plain","Partial Mode": "Partial","Parent Relationship": "Outer","Parallel Aware": false,"Async Capable": false,"Startup Cost": 33089.64,"Total Cost": 33089.65,"Plan Rows": 1,"Plan Width": 32,"Actual Startup Time": 73.218,"Actual Total Time": 73.220,"Actual Rows": 1,"Actual Loops": 3,"Workers": [],"Plans": [{"Node Type": "Nested Loop","Parent Relationship": "Outer","Parallel Aware": false,"Async Capable": false,"Join Type": "Inner","Startup Cost": 0.43,"Total Cost": 33089.28,"Plan Rows": 48,"Plan Width": 12,"Actual Startup Time": 3.147,"Actual Total Time": 73.181,"Actual Rows": 39,"Actual Loops": 3,"Inner Unique": false,"Workers": [],"Plans": [{"Node Type": "Seq Scan","Parent Relationship": "Outer","Parallel Aware": true,"Async Capable": false,"Relation Name": "part","Alias": "part","Startup Cost": 0.00,"Total Cost": 7638.67,"Plan Rows": 207,"Plan Width": 30,"Actual Startup Time": 0.821,"Actual Total Time": 31.037,"Actual Rows": 162,"Actual Loops": 3,"Filter": "((p_size >= 1) AND (((p_brand = 'Brand#22'::bpchar) AND (p_container = ANY ('{\"SM CASE\",\"SM BOX\",\"SM PACK\",\"SM PKG\"}'::bpchar[])) AND (p_size <= 5)) OR ((p_brand = 'Brand#31'::bpchar) AND (p_container = ANY ('{\"MED BAG\",\"MED BOX\",\"MED PKG\",\"MED PACK\"}'::bpchar[])) AND (p_size <= 10)) OR ((p_brand = 'Brand#15'::bpchar) AND (p_container = ANY ('{\"LG CASE\",\"LG BOX\",\"LG PACK\",\"LG PKG\"}'::bpchar[])) AND (p_size <= 15))))","Rows Removed by Filter": 66505,"Workers": []},{"Node Type": "Index Scan","Parent Relationship": "Inner","Parallel Aware": false,"Async Capable": false,"Scan Direction": "Forward","Index Name": "idx_lineitem_part_supp","Relation Name": "lineitem","Alias": "lineitem","Startup Cost": 0.43,"Total Cost": 122.94,"Plan Rows": 1,"Plan Width": 21,"Actual Startup Time": 0.232,"Actual Total Time": 0.260,"Actual Rows": 0,"Actual Loops": 485,"Index Cond": "(l_partkey = part.p_partkey)","Rows Removed by Index Recheck": 0,"Filter": "((l_shipmode = ANY ('{AIR,\"AIR REG\"}'::bpchar[])) AND (l_shipinstruct = 'DELIVER IN PERSON'::bpchar) AND (((l_quantity >= '10'::numeric) AND (l_quantity <= '20'::numeric)) OR ((l_quantity >= '11'::numeric) AND (l_quantity <= '21'::numeric)) OR ((l_quantity >= '22'::numeric) AND (l_quantity <= '32'::numeric))) AND (((part.p_brand = 'Brand#22'::bpchar) AND (part.p_container = ANY ('{\"SM CASE\",\"SM BOX\",\"SM PACK\",\"SM PKG\"}'::bpchar[])) AND (l_quantity >= '10'::numeric) AND (l_quantity <= '20'::numeric) AND (part.p_size <= 5)) OR ((part.p_brand = 'Brand#31'::bpchar) AND (part.p_container = ANY ('{\"MED BAG\",\"MED BOX\",\"MED PKG\",\"MED PACK\"}'::bpchar[])) AND (l_quantity >= '11'::numeric) AND (l_quantity <= '21'::numeric) AND (part.p_size <= 10)) OR ((part.p_brand = 'Brand#15'::bpchar) AND (part.p_container = ANY ('{\"LG CASE\",\"LG BOX\",\"LG PACK\",\"LG PKG\"}'::bpchar[])) AND (l_quantity >= '22'::numeric) AND (l_quantity <= '32'::numeric) AND (part.p_size <= 15))))","Rows Removed by Filter": 30,"Workers": []}]}]}]}]},"Planning Time": 5.655,"Triggers": [],"Execution Time": 94.164}]
[{"Plan": {"Node Type": "Aggregate","Strategy": "Plain","Partial Mode": "Finalize","Parallel Aware": false,"Async Capable": false,"Startup Cost": 33392.31,"Total Cost": 33392.32,"Plan Rows": 1,"Plan Width": 32,"Actual Startup Time": 79.418,"Actual Total Time": 93.820,"Actual Rows": 1,"Actual Loops": 1,"Plans": [{"Node Type": "Gather","Parent Relationship": "Outer","Parallel Aware": false,"Async Capable": false,"Startup Cost": 33392.08,"Total Cost": 33392.29,"Plan Rows": 2,"Plan Width": 32,"Actual Startup Time": 79.065,"Actual Total Time": 93.795,"Actual Rows": 3,"Actual Loops": 1,"Workers Planned": 2,"Workers Launched": 2,"Single Copy": false,"Plans": [{"Node Type": "Aggregate","Strategy": "Plain","Partial Mode": "Partial","Parent Relationship": "Outer","Parallel Aware": false,"Async Capable": false,"Startup Cost": 32392.08,"Total Cost": 32392.09,"Plan Rows": 1,"Plan Width": 32,"Actual Startup Time": 72.825,"Actual Total Time": 72.827,"Actual Rows": 1,"Actual Loops": 3,"Workers": [],"Plans": [{"Node Type": "Nested Loop","Parent Relationship": "Outer","Parallel Aware": false,"Async Capable": false,"Join Type": "Inner","Startup Cost": 0.43,"Total Cost": 32391.73,"Plan Rows": 47,"Plan Width": 12,"Actual Startup Time": 4.806,"Actual Total Time": 72.786,"Actual Rows": 39,"Actual Loops": 3,"Inner Unique": false,"Workers": [],"Plans": [{"Node Type": "Seq Scan","Parent Relationship": "Outer","Parallel Aware": true,"Async Capable": false,"Relation Name": "part","Alias": "part","Startup Cost": 0.00,"Total Cost": 7638.67,"Plan Rows": 201,"Plan Width": 30,"Actual Startup Time": 0.802,"Actual Total Time": 31.340,"Actual Rows": 158,"Actual Loops": 3,"Filter": "((p_size >= 1) AND (((p_brand = 'Brand#54'::bpchar) AND (p_container = ANY ('{\"SM CASE\",\"SM BOX\",\"SM PACK\",\"SM PKG\"}'::bpchar[])) AND (p_size <= 5)) OR ((p_brand = 'Brand#54'::bpchar) AND (p_container = ANY ('{\"MED BAG\",\"MED BOX\",\"MED PKG\",\"MED PACK\"}'::bpchar[])) AND (p_size <= 10)) OR ((p_brand = 'Brand#14'::bpchar) AND (p_container = ANY ('{\"LG CASE\",\"LG BOX\",\"LG PACK\",\"LG PKG\"}'::bpchar[])) AND (p_size <= 15))))","Rows Removed by Filter": 66508,"Workers": []},{"Node Type": "Index Scan","Parent Relationship": "Inner","Parallel Aware": false,"Async Capable": false,"Scan Direction": "Forward","Index Name": "idx_lineitem_part_supp","Relation Name": "lineitem","Alias": "lineitem","Startup Cost": 0.43,"Total Cost": 123.14,"Plan Rows": 1,"Plan Width": 21,"Actual Startup Time": 0.232,"Actual Total Time": 0.261,"Actual Rows": 0,"Actual Loops": 475,"Index Cond": "(l_partkey = part.p_partkey)","Rows Removed by Index Recheck": 0,"Filter": "((l_shipmode = ANY ('{AIR,\"AIR REG\"}'::bpchar[])) AND (l_shipinstruct = 'DELIVER IN PERSON'::bpchar) AND (((l_quantity >= '4'::numeric) AND (l_quantity <= '14'::numeric)) OR ((l_quantity >= '17'::numeric) AND (l_quantity <= '27'::numeric)) OR ((l_quantity >= '26'::numeric) AND (l_quantity <= '36'::numeric))) AND (((part.p_brand = 'Brand#54'::bpchar) AND (part.p_container = ANY ('{\"SM CASE\",\"SM BOX\",\"SM PACK\",\"SM PKG\"}'::bpchar[])) AND (l_quantity >= '4'::numeric) AND (l_quantity <= '14'::numeric) AND (part.p_size <= 5)) OR ((part.p_brand = 'Brand#54'::bpchar) AND (part.p_container = ANY ('{\"MED BAG\",\"MED BOX\",\"MED PKG\",\"MED PACK\"}'::bpchar[])) AND (l_quantity >= '17'::numeric) AND (l_quantity <= '27'::numeric) AND (part.p_size <= 10)) OR ((part.p_brand = 'Brand#14'::bpchar) AND (part.p_container = ANY ('{\"LG CASE\",\"LG BOX\",\"LG PACK\",\"LG PKG\"}'::bpchar[])) AND (l_quantity >= '26'::numeric) AND (l_quantity <= '36'::numeric) AND (part.p_size <= 15))))","Rows Removed by Filter": 30,"Workers": []}]}]}]}]},"Planning Time": 6.175,"Triggers": [],"Execution Time": 93.979}]
[{"Plan": {"Node Type": "Aggregate","Strategy": "Plain","Partial Mode": "Finalize","Parallel Aware": false,"Async Capable": false,"Startup Cost": 33627.98,"Total Cost": 33627.99,"Plan Rows": 1,"Plan Width": 32,"Actual Startup Time": 83.812,"Actual Total Time": 99.597,"Actual Rows": 1,"Actual Loops": 1,"Plans": [{"Node Type": "Gather","Parent Relationship": "Outer","Parallel Aware": false,"Async Capable": false,"Startup Cost": 33627.76,"Total Cost": 33627.97,"Plan Rows": 2,"Plan Width": 32,"Actual Startup Time": 83.631,"Actual Total Time": 99.566,"Actual Rows": 3,"Actual Loops": 1,"Workers Planned": 2,"Workers Launched": 2,"Single Copy": false,"Plans": [{"Node Type": "Aggregate","Strategy": "Plain","Partial Mode": "Partial","Parent Relationship": "Outer","Parallel Aware": false,"Async Capable": false,"Startup Cost": 32627.76,"Total Cost": 32627.77,"Plan Rows": 1,"Plan Width": 32,"Actual Startup Time": 77.127,"Actual Total Time": 77.128,"Actual Rows": 1,"Actual Loops": 3,"Workers": [],"Plans": [{"Node Type": "Nested Loop","Parent Relationship": "Outer","Parallel Aware": false,"Async Capable": false,"Join Type": "Inner","Startup Cost": 0.43,"Total Cost": 32627.40,"Plan Rows": 47,"Plan Width": 12,"Actual Startup Time": 1.886,"Actual Total Time": 77.088,"Actual Rows": 33,"Actual Loops": 3,"Inner Unique": false,"Workers": [],"Plans": [{"Node Type": "Seq Scan","Parent Relationship": "Outer","Parallel Aware": true,"Async Capable": false,"Relation Name": "part","Alias": "part","Startup Cost": 0.00,"Total Cost": 7638.67,"Plan Rows": 203,"Plan Width": 30,"Actual Startup Time": 0.289,"Actual Total Time": 33.377,"Actual Rows": 163,"Actual Loops": 3,"Filter": "((p_size >= 1) AND (((p_brand = 'Brand#24'::bpchar) AND (p_container = ANY ('{\"SM CASE\",\"SM BOX\",\"SM PACK\",\"SM PKG\"}'::bpchar[])) AND (p_size <= 5)) OR ((p_brand = 'Brand#55'::bpchar) AND (p_container = ANY ('{\"MED BAG\",\"MED BOX\",\"MED PKG\",\"MED PACK\"}'::bpchar[])) AND (p_size <= 10)) OR ((p_brand = 'Brand#51'::bpchar) AND (p_container = ANY ('{\"LG CASE\",\"LG BOX\",\"LG PACK\",\"LG PKG\"}'::bpchar[])) AND (p_size <= 15))))","Rows Removed by Filter": 66503,"Workers": []},{"Node Type": "Index Scan","Parent Relationship": "Inner","Parallel Aware": false,"Async Capable": false,"Scan Direction": "Forward","Index Name": "idx_lineitem_part_supp","Relation Name": "lineitem","Alias": "lineitem","Startup Cost": 0.43,"Total Cost": 123.09,"Plan Rows": 1,"Plan Width": 21,"Actual Startup Time": 0.243,"Actual Total Time": 0.267,"Actual Rows": 0,"Actual Loops": 490,"Index Cond": "(l_partkey = part.p_partkey)","Rows Removed by Index Recheck": 0,"Filter": "((l_shipmode = ANY ('{AIR,\"AIR REG\"}'::bpchar[])) AND (l_shipinstruct = 'DELIVER IN PERSON'::bpchar) AND (((l_quantity >= '6'::numeric) AND (l_quantity <= '16'::numeric)) OR ((l_quantity >= '14'::numeric) AND (l_quantity <= '24'::numeric)) OR ((l_quantity >= '29'::numeric) AND (l_quantity <= '39'::numeric))) AND (((part.p_brand = 'Brand#24'::bpchar) AND (part.p_container = ANY ('{\"SM CASE\",\"SM BOX\",\"SM PACK\",\"SM PKG\"}'::bpchar[])) AND (l_quantity >= '6'::numeric) AND (l_quantity <= '16'::numeric) AND (part.p_size <= 5)) OR ((part.p_brand = 'Brand#55'::bpchar) AND (part.p_container = ANY ('{\"MED BAG\",\"MED BOX\",\"MED PKG\",\"MED PACK\"}'::bpchar[])) AND (l_quantity >= '14'::numeric) AND (l_quantity <= '24'::numeric) AND (part.p_size <= 10)) OR ((part.p_brand = 'Brand#51'::bpchar) AND (part.p_container = ANY ('{\"LG CASE\",\"LG BOX\",\"LG PACK\",\"LG PKG\"}'::bpchar[])) AND (l_quantity >= '29'::numeric) AND (l_quantity <= '39'::numeric) AND (part.p_size <= 15))))","Rows Removed by Filter": 30,"Workers": []}]}]}]}]},"Planning Time": 5.200,"Triggers": [],"Execution Time": 99.779}]
[{"Plan": {"Node Type": "Aggregate","Strategy": "Plain","Partial Mode": "Finalize","Parallel Aware": false,"Async Capable": false,"Startup Cost": 33511.52,"Total Cost": 33511.53,"Plan Rows": 1,"Plan Width": 32,"Actual Startup Time": 83.039,"Actual Total Time": 98.294,"Actual Rows": 1,"Actual Loops": 1,"Plans": [{"Node Type": "Gather","Parent Relationship": "Outer","Parallel Aware": false,"Async Capable": false,"Startup Cost": 33511.30,"Total Cost": 33511.51,"Plan Rows": 2,"Plan Width": 32,"Actual Startup Time": 82.900,"Actual Total Time": 98.273,"Actual Rows": 3,"Actual Loops": 1,"Workers Planned": 2,"Workers Launched": 2,"Single Copy": false,"Plans": [{"Node Type": "Aggregate","Strategy": "Plain","Partial Mode": "Partial","Parent Relationship": "Outer","Parallel Aware": false,"Async Capable": false,"Startup Cost": 32511.30,"Total Cost": 32511.31,"Plan Rows": 1,"Plan Width": 32,"Actual Startup Time": 76.250,"Actual Total Time": 76.252,"Actual Rows": 1,"Actual Loops": 3,"Workers": [],"Plans": [{"Node Type": "Nested Loop","Parent Relationship": "Outer","Parallel Aware": false,"Async Capable": false,"Join Type": "Inner","Startup Cost": 0.43,"Total Cost": 32510.94,"Plan Rows": 47,"Plan Width": 12,"Actual Startup Time": 1.988,"Actual Total Time": 76.198,"Actual Rows": 32,"Actual Loops": 3,"Inner Unique": false,"Workers": [],"Plans": [{"Node Type": "Seq Scan","Parent Relationship": "Outer","Parallel Aware": true,"Async Capable": false,"Relation Name": "part","Alias": "part","Startup Cost": 0.00,"Total Cost": 7638.67,"Plan Rows": 202,"Plan Width": 30,"Actual Startup Time": 0.393,"Actual Total Time": 33.882,"Actual Rows": 156,"Actual Loops": 3,"Filter": "((p_size >= 1) AND (((p_brand = 'Brand#12'::bpchar) AND (p_container = ANY ('{\"SM CASE\",\"SM BOX\",\"SM PACK\",\"SM PKG\"}'::bpchar[])) AND (p_size <= 5)) OR ((p_brand = 'Brand#34'::bpchar) AND (p_container = ANY ('{\"MED BAG\",\"MED BOX\",\"MED PKG\",\"MED PACK\"}'::bpchar[])) AND (p_size <= 10)) OR ((p_brand = 'Brand#51'::bpchar) AND (p_container = ANY ('{\"LG CASE\",\"LG BOX\",\"LG PACK\",\"LG PKG\"}'::bpchar[])) AND (p_size <= 15))))","Rows Removed by Filter": 66511,"Workers": []},{"Node Type": "Index Scan","Parent Relationship": "Inner","Parallel Aware": false,"Async Capable": false,"Scan Direction": "Forward","Index Name": "idx_lineitem_part_supp","Relation Name": "lineitem","Alias": "lineitem","Startup Cost": 0.43,"Total Cost": 123.12,"Plan Rows": 1,"Plan Width": 21,"Actual Startup Time": 0.241,"Actual Total Time": 0.271,"Actual Rows": 0,"Actual Loops": 468,"Index Cond": "(l_partkey = part.p_partkey)","Rows Removed by Index Recheck": 0,"Filter": "((l_shipmode = ANY ('{AIR,\"AIR REG\"}'::bpchar[])) AND (l_shipinstruct = 'DELIVER IN PERSON'::bpchar) AND (((l_quantity >= '3'::numeric) AND (l_quantity <= '13'::numeric)) OR ((l_quantity >= '19'::numeric) AND (l_quantity <= '29'::numeric)) OR ((l_quantity >= '25'::numeric) AND (l_quantity <= '35'::numeric))) AND (((part.p_brand = 'Brand#12'::bpchar) AND (part.p_container = ANY ('{\"SM CASE\",\"SM BOX\",\"SM PACK\",\"SM PKG\"}'::bpchar[])) AND (l_quantity >= '3'::numeric) AND (l_quantity <= '13'::numeric) AND (part.p_size <= 5)) OR ((part.p_brand = 'Brand#34'::bpchar) AND (part.p_container = ANY ('{\"MED BAG\",\"MED BOX\",\"MED PKG\",\"MED PACK\"}'::bpchar[])) AND (l_quantity >= '19'::numeric) AND (l_quantity <= '29'::numeric) AND (part.p_size <= 10)) OR ((part.p_brand = 'Brand#51'::bpchar) AND (part.p_container = ANY ('{\"LG CASE\",\"LG BOX\",\"LG PACK\",\"LG PKG\"}'::bpchar[])) AND (l_quantity >= '25'::numeric) AND (l_quantity <= '35'::numeric) AND (part.p_size <= 15))))","Rows Removed by Filter": 29,"Workers": []}]}]}]}]},"Planning Time": 5.433,"Triggers": [],"Execution Time": 98.472}]
[{"Plan": {"Node Type": "Aggregate","Strategy": "Plain","Partial Mode": "Finalize","Parallel Aware": false,"Async Capable": false,"Startup Cost": 33854.92,"Total Cost": 33854.93,"Plan Rows": 1,"Plan Width": 32,"Actual Startup Time": 82.392,"Actual Total Time": 97.399,"Actual Rows": 1,"Actual Loops": 1,"Plans": [{"Node Type": "Gather","Parent Relationship": "Outer","Parallel Aware": false,"Async Capable": false,"Startup Cost": 33854.69,"Total Cost": 33854.90,"Plan Rows": 2,"Plan Width": 32,"Actual Startup Time": 81.995,"Actual Total Time": 97.367,"Actual Rows": 3,"Actual Loops": 1,"Workers Planned": 2,"Workers Launched": 2,"Single Copy": false,"Plans": [{"Node Type": "Aggregate","Strategy": "Plain","Partial Mode": "Partial","Parent Relationship": "Outer","Parallel Aware": false,"Async Capable": false,"Startup Cost": 32854.69,"Total Cost": 32854.70,"Plan Rows": 1,"Plan Width": 32,"Actual Startup Time": 75.405,"Actual Total Time": 75.407,"Actual Rows": 1,"Actual Loops": 3,"Workers": [],"Plans": [{"Node Type": "Nested Loop","Parent Relationship": "Outer","Parallel Aware": false,"Async Capable": false,"Join Type": "Inner","Startup Cost": 0.43,"Total Cost": 32854.33,"Plan Rows": 48,"Plan Width": 12,"Actual Startup Time": 8.891,"Actual Total Time": 75.364,"Actual Rows": 39,"Actual Loops": 3,"Inner Unique": false,"Workers": [],"Plans": [{"Node Type": "Seq Scan","Parent Relationship": "Outer","Parallel Aware": true,"Async Capable": false,"Relation Name": "part","Alias": "part","Startup Cost": 0.00,"Total Cost": 7638.67,"Plan Rows": 205,"Plan Width": 30,"Actual Startup Time": 0.704,"Actual Total Time": 32.063,"Actual Rows": 162,"Actual Loops": 3,"Filter": "((p_size >= 1) AND (((p_brand = 'Brand#43'::bpchar) AND (p_container = ANY ('{\"SM CASE\",\"SM BOX\",\"SM PACK\",\"SM PKG\"}'::bpchar[])) AND (p_size <= 5)) OR ((p_brand = 'Brand#21'::bpchar) AND (p_container = ANY ('{\"MED BAG\",\"MED BOX\",\"MED PKG\",\"MED PACK\"}'::bpchar[])) AND (p_size <= 10)) OR ((p_brand = 'Brand#41'::bpchar) AND (p_container = ANY ('{\"LG CASE\",\"LG BOX\",\"LG PACK\",\"LG PKG\"}'::bpchar[])) AND (p_size <= 15))))","Rows Removed by Filter": 66505,"Workers": []},{"Node Type": "Index Scan","Parent Relationship": "Inner","Parallel Aware": false,"Async Capable": false,"Scan Direction": "Forward","Index Name": "idx_lineitem_part_supp","Relation Name": "lineitem","Alias": "lineitem","Startup Cost": 0.43,"Total Cost": 122.99,"Plan Rows": 1,"Plan Width": 21,"Actual Startup Time": 0.238,"Actual Total Time": 0.267,"Actual Rows": 0,"Actual Loops": 485,"Index Cond": "(l_partkey = part.p_partkey)","Rows Removed by Index Recheck": 0,"Filter": "((l_shipmode = ANY ('{AIR,\"AIR REG\"}'::bpchar[])) AND (l_shipinstruct = 'DELIVER IN PERSON'::bpchar) AND (((l_quantity >= '2'::numeric) AND (l_quantity <= '12'::numeric)) OR ((l_quantity >= '18'::numeric) AND (l_quantity <= '28'::numeric)) OR ((l_quantity >= '22'::numeric) AND (l_quantity <= '32'::numeric))) AND (((part.p_brand = 'Brand#43'::bpchar) AND (part.p_container = ANY ('{\"SM CASE\",\"SM BOX\",\"SM PACK\",\"SM PKG\"}'::bpchar[])) AND (l_quantity >= '2'::numeric) AND (l_quantity <= '12'::numeric) AND (part.p_size <= 5)) OR ((part.p_brand = 'Brand#21'::bpchar) AND (part.p_container = ANY ('{\"MED BAG\",\"MED BOX\",\"MED PKG\",\"MED PACK\"}'::bpchar[])) AND (l_quantity >= '18'::numeric) AND (l_quantity <= '28'::numeric) AND (part.p_size <= 10)) OR ((part.p_brand = 'Brand#41'::bpchar) AND (part.p_container = ANY ('{\"LG CASE\",\"LG BOX\",\"LG PACK\",\"LG PKG\"}'::bpchar[])) AND (l_quantity >= '22'::numeric) AND (l_quantity <= '32'::numeric) AND (part.p_size <= 15))))","Rows Removed by Filter": 30,"Workers": []}]}]}]}]},"Planning Time": 5.322,"Triggers": [],"Execution Time": 97.590}]
[{"Plan": {"Node Type": "Aggregate","Strategy": "Plain","Partial Mode": "Finalize","Parallel Aware": false,"Async Capable": false,"Startup Cost": 34286.14,"Total Cost": 34286.15,"Plan Rows": 1,"Plan Width": 32,"Actual Startup Time": 86.757,"Actual Total Time": 101.846,"Actual Rows": 1,"Actual Loops": 1,"Plans": [{"Node Type": "Gather","Parent Relationship": "Outer","Parallel Aware": false,"Async Capable": false,"Startup Cost": 34285.92,"Total Cost": 34286.13,"Plan Rows": 2,"Plan Width": 32,"Actual Startup Time": 86.677,"Actual Total Time": 101.813,"Actual Rows": 3,"Actual Loops": 1,"Workers Planned": 2,"Workers Launched": 2,"Single Copy": false,"Plans": [{"Node Type": "Aggregate","Strategy": "Plain","Partial Mode": "Partial","Parent Relationship": "Outer","Parallel Aware": false,"Async Capable": false,"Startup Cost": 33285.92,"Total Cost": 33285.93,"Plan Rows": 1,"Plan Width": 32,"Actual Startup Time": 80.155,"Actual Total Time": 80.159,"Actual Rows": 1,"Actual Loops": 3,"Workers": [],"Plans": [{"Node Type": "Nested Loop","Parent Relationship": "Outer","Parallel Aware": false,"Async Capable": false,"Join Type": "Inner","Startup Cost": 4.53,"Total Cost": 33285.55,"Plan Rows": 49,"Plan Width": 12,"Actual Startup Time": 1.844,"Actual Total Time": 80.110,"Actual Rows": 45,"Actual Loops": 3,"Inner Unique": false,"Workers": [],"Plans": [{"Node Type": "Seq Scan","Parent Relationship": "Outer","Parallel Aware": true,"Async Capable": false,"Relation Name": "part","Alias": "part","Startup Cost": 0.00,"Total Cost": 7638.67,"Plan Rows": 211,"Plan Width": 30,"Actual Startup Time": 0.195,"Actual Total Time": 32.782,"Actual Rows": 167,"Actual Loops": 3,"Filter": "((p_size >= 1) AND (((p_brand = 'Brand#43'::bpchar) AND (p_container = ANY ('{\"SM CASE\",\"SM BOX\",\"SM PACK\",\"SM PKG\"}'::bpchar[])) AND (p_size <= 5)) OR ((p_brand = 'Brand#42'::bpchar) AND (p_container = ANY ('{\"MED BAG\",\"MED BOX\",\"MED PKG\",\"MED PACK\"}'::bpchar[])) AND (p_size <= 10)) OR ((p_brand = 'Brand#33'::bpchar) AND (p_container = ANY ('{\"LG CASE\",\"LG BOX\",\"LG PACK\",\"LG PKG\"}'::bpchar[])) AND (p_size <= 15))))","Rows Removed by Filter": 66500,"Workers": []},{"Node Type": "Bitmap Heap Scan","Parent Relationship": "Inner","Parallel Aware": false,"Async Capable": false,"Relation Name": "lineitem","Alias": "lineitem","Startup Cost": 4.53,"Total Cost": 121.54,"Plan Rows": 1,"Plan Width": 21,"Actual Startup Time": 0.245,"Actual Total Time": 0.282,"Actual Rows": 0,"Actual Loops": 501,"Recheck Cond": "(l_partkey = part.p_partkey)","Rows Removed by Index Recheck": 0,"Filter": "((l_shipmode = ANY ('{AIR,\"AIR REG\"}'::bpchar[])) AND (l_shipinstruct = 'DELIVER IN PERSON'::bpchar) AND (((l_quantity >= '2'::numeric) AND (l_quantity <= '12'::numeric)) OR ((l_quantity >= '16'::numeric) AND (l_quantity <= '26'::numeric)) OR ((l_quantity >= '26'::numeric) AND (l_quantity <= '36'::numeric))) AND (((part.p_brand = 'Brand#43'::bpchar) AND (part.p_container = ANY ('{\"SM CASE\",\"SM BOX\",\"SM PACK\",\"SM PKG\"}'::bpchar[])) AND (l_quantity >= '2'::numeric) AND (l_quantity <= '12'::numeric) AND (part.p_size <= 5)) OR ((part.p_brand = 'Brand#42'::bpchar) AND (part.p_container = ANY ('{\"MED BAG\",\"MED BOX\",\"MED PKG\",\"MED PACK\"}'::bpchar[])) AND (l_quantity >= '16'::numeric) AND (l_quantity <= '26'::numeric) AND (part.p_size <= 10)) OR ((part.p_brand = 'Brand#33'::bpchar) AND (part.p_container = ANY ('{\"LG CASE\",\"LG BOX\",\"LG PACK\",\"LG PKG\"}'::bpchar[])) AND (l_quantity >= '26'::numeric) AND (l_quantity <= '36'::numeric) AND (part.p_size <= 15))))","Rows Removed by Filter": 30,"Exact Heap Blocks": 5182,"Lossy Heap Blocks": 0,"Workers": [],"Plans": [{"Node Type": "Bitmap Index Scan","Parent Relationship": "Outer","Parallel Aware": false,"Async Capable": false,"Index Name": "idx_lineitem_part_supp","Startup Cost": 0.00,"Total Cost": 4.53,"Plan Rows": 31,"Plan Width": 0,"Actual Startup Time": 0.011,"Actual Total Time": 0.011,"Actual Rows": 30,"Actual Loops": 501,"Index Cond": "(l_partkey = part.p_partkey)","Workers": []}]}]}]}]}]},"Planning Time": 5.420,"Triggers": [],"Execution Time": 102.044}]
[{"Plan": {"Node Type": "Aggregate","Strategy": "Plain","Partial Mode": "Finalize","Parallel Aware": false,"Async Capable": false,"Startup Cost": 33509.67,"Total Cost": 33509.68,"Plan Rows": 1,"Plan Width": 32,"Actual Startup Time": 86.602,"Actual Total Time": 102.116,"Actual Rows": 1,"Actual Loops": 1,"Plans": [{"Node Type": "Gather","Parent Relationship": "Outer","Parallel Aware": false,"Async Capable": false,"Startup Cost": 33509.45,"Total Cost": 33509.66,"Plan Rows": 2,"Plan Width": 32,"Actual Startup Time": 86.481,"Actual Total Time": 102.091,"Actual Rows": 3,"Actual Loops": 1,"Workers Planned": 2,"Workers Launched": 2,"Single Copy": false,"Plans": [{"Node Type": "Aggregate","Strategy": "Plain","Partial Mode": "Partial","Parent Relationship": "Outer","Parallel Aware": false,"Async Capable": false,"Startup Cost": 32509.45,"Total Cost": 32509.46,"Plan Rows": 1,"Plan Width": 32,"Actual Startup Time": 79.540,"Actual Total Time": 79.543,"Actual Rows": 1,"Actual Loops": 3,"Workers": [],"Plans": [{"Node Type": "Nested Loop","Parent Relationship": "Outer","Parallel Aware": false,"Async Capable": false,"Join Type": "Inner","Startup Cost": 0.43,"Total Cost": 32509.09,"Plan Rows": 47,"Plan Width": 12,"Actual Startup Time": 3.376,"Actual Total Time": 79.495,"Actual Rows": 41,"Actual Loops": 3,"Inner Unique": false,"Workers": [],"Plans": [{"Node Type": "Seq Scan","Parent Relationship": "Outer","Parallel Aware": true,"Async Capable": false,"Relation Name": "part","Alias": "part","Startup Cost": 0.00,"Total Cost": 7638.67,"Plan Rows": 202,"Plan Width": 30,"Actual Startup Time": 0.782,"Actual Total Time": 34.405,"Actual Rows": 162,"Actual Loops": 3,"Filter": "((p_size >= 1) AND (((p_brand = 'Brand#15'::bpchar) AND (p_container = ANY ('{\"SM CASE\",\"SM BOX\",\"SM PACK\",\"SM PKG\"}'::bpchar[])) AND (p_size <= 5)) OR ((p_brand = 'Brand#55'::bpchar) AND (p_container = ANY ('{\"MED BAG\",\"MED BOX\",\"MED PKG\",\"MED PACK\"}'::bpchar[])) AND (p_size <= 10)) OR ((p_brand = 'Brand#43'::bpchar) AND (p_container = ANY ('{\"LG CASE\",\"LG BOX\",\"LG PACK\",\"LG PKG\"}'::bpchar[])) AND (p_size <= 15))))","Rows Removed by Filter": 66504,"Workers": []},{"Node Type": "Index Scan","Parent Relationship": "Inner","Parallel Aware": false,"Async Capable": false,"Scan Direction": "Forward","Index Name": "idx_lineitem_part_supp","Relation Name": "lineitem","Alias": "lineitem","Startup Cost": 0.43,"Total Cost": 123.11,"Plan Rows": 1,"Plan Width": 21,"Actual Startup Time": 0.247,"Actual Total Time": 0.277,"Actual Rows": 0,"Actual Loops": 487,"Index Cond": "(l_partkey = part.p_partkey)","Rows Removed by Index Recheck": 0,"Filter": "((l_shipmode = ANY ('{AIR,\"AIR REG\"}'::bpchar[])) AND (l_shipinstruct = 'DELIVER IN PERSON'::bpchar) AND (((l_quantity >= '1'::numeric) AND (l_quantity <= '11'::numeric)) OR ((l_quantity >= '18'::numeric) AND (l_quantity <= '28'::numeric)) OR ((l_quantity >= '20'::numeric) AND (l_quantity <= '30'::numeric))) AND (((part.p_brand = 'Brand#15'::bpchar) AND (part.p_container = ANY ('{\"SM CASE\",\"SM BOX\",\"SM PACK\",\"SM PKG\"}'::bpchar[])) AND (l_quantity >= '1'::numeric) AND (l_quantity <= '11'::numeric) AND (part.p_size <= 5)) OR ((part.p_brand = 'Brand#55'::bpchar) AND (part.p_container = ANY ('{\"MED BAG\",\"MED BOX\",\"MED PKG\",\"MED PACK\"}'::bpchar[])) AND (l_quantity >= '18'::numeric) AND (l_quantity <= '28'::numeric) AND (part.p_size <= 10)) OR ((part.p_brand = 'Brand#43'::bpchar) AND (part.p_container = ANY ('{\"LG CASE\",\"LG BOX\",\"LG PACK\",\"LG PKG\"}'::bpchar[])) AND (l_quantity >= '20'::numeric) AND (l_quantity <= '30'::numeric) AND (part.p_size <= 15))))","Rows Removed by Filter": 30,"Workers": []}]}]}]}]},"Planning Time": 6.235,"Triggers": [],"Execution Time": 102.317}]
[{"Plan": {"Node Type": "Aggregate","Strategy": "Plain","Partial Mode": "Finalize","Parallel Aware": false,"Async Capable": false,"Startup Cost": 33507.20,"Total Cost": 33507.21,"Plan Rows": 1,"Plan Width": 32,"Actual Startup Time": 81.427,"Actual Total Time": 96.693,"Actual Rows": 1,"Actual Loops": 1,"Plans": [{"Node Type": "Gather","Parent Relationship": "Outer","Parallel Aware": false,"Async Capable": false,"Startup Cost": 33506.98,"Total Cost": 33507.19,"Plan Rows": 2,"Plan Width": 32,"Actual Startup Time": 81.305,"Actual Total Time": 96.658,"Actual Rows": 3,"Actual Loops": 1,"Workers Planned": 2,"Workers Launched": 2,"Single Copy": false,"Plans": [{"Node Type": "Aggregate","Strategy": "Plain","Partial Mode": "Partial","Parent Relationship": "Outer","Parallel Aware": false,"Async Capable": false,"Startup Cost": 32506.98,"Total Cost": 32506.99,"Plan Rows": 1,"Plan Width": 32,"Actual Startup Time": 75.295,"Actual Total Time": 75.297,"Actual Rows": 1,"Actual Loops": 3,"Workers": [],"Plans": [{"Node Type": "Nested Loop","Parent Relationship": "Outer","Parallel Aware": false,"Async Capable": false,"Join Type": "Inner","Startup Cost": 0.43,"Total Cost": 32506.62,"Plan Rows": 47,"Plan Width": 12,"Actual Startup Time": 6.404,"Actual Total Time": 75.251,"Actual Rows": 38,"Actual Loops": 3,"Inner Unique": false,"Workers": [],"Plans": [{"Node Type": "Seq Scan","Parent Relationship": "Outer","Parallel Aware": true,"Async Capable": false,"Relation Name": "part","Alias": "part","Startup Cost": 0.00,"Total Cost": 7638.67,"Plan Rows": 202,"Plan Width": 30,"Actual Startup Time": 0.291,"Actual Total Time": 30.852,"Actual Rows": 164,"Actual Loops": 3,"Filter": "((p_size >= 1) AND (((p_brand = 'Brand#12'::bpchar) AND (p_container = ANY ('{\"SM CASE\",\"SM BOX\",\"SM PACK\",\"SM PKG\"}'::bpchar[])) AND (p_size <= 5)) OR ((p_brand = 'Brand#22'::bpchar) AND (p_container = ANY ('{\"MED BAG\",\"MED BOX\",\"MED PKG\",\"MED PACK\"}'::bpchar[])) AND (p_size <= 10)) OR ((p_brand = 'Brand#11'::bpchar) AND (p_container = ANY ('{\"LG CASE\",\"LG BOX\",\"LG PACK\",\"LG PKG\"}'::bpchar[])) AND (p_size <= 15))))","Rows Removed by Filter": 66503,"Workers": []},{"Node Type": "Index Scan","Parent Relationship": "Inner","Parallel Aware": false,"Async Capable": false,"Scan Direction": "Forward","Index Name": "idx_lineitem_part_supp","Relation Name": "lineitem","Alias": "lineitem","Startup Cost": 0.43,"Total Cost": 123.10,"Plan Rows": 1,"Plan Width": 21,"Actual Startup Time": 0.244,"Actual Total Time": 0.270,"Actual Rows": 0,"Actual Loops": 492,"Index Cond": "(l_partkey = part.p_partkey)","Rows Removed by Index Recheck": 0,"Filter": "((l_shipmode = ANY ('{AIR,\"AIR REG\"}'::bpchar[])) AND (l_shipinstruct = 'DELIVER IN PERSON'::bpchar) AND (((l_quantity >= '5'::numeric) AND (l_quantity <= '15'::numeric)) OR ((l_quantity >= '16'::numeric) AND (l_quantity <= '26'::numeric)) OR ((l_quantity >= '27'::numeric) AND (l_quantity <= '37'::numeric))) AND (((part.p_brand = 'Brand#12'::bpchar) AND (part.p_container = ANY ('{\"SM CASE\",\"SM BOX\",\"SM PACK\",\"SM PKG\"}'::bpchar[])) AND (l_quantity >= '5'::numeric) AND (l_quantity <= '15'::numeric) AND (part.p_size <= 5)) OR ((part.p_brand = 'Brand#22'::bpchar) AND (part.p_container = ANY ('{\"MED BAG\",\"MED BOX\",\"MED PKG\",\"MED PACK\"}'::bpchar[])) AND (l_quantity >= '16'::numeric) AND (l_quantity <= '26'::numeric) AND (part.p_size <= 10)) OR ((part.p_brand = 'Brand#11'::bpchar) AND (part.p_container = ANY ('{\"LG CASE\",\"LG BOX\",\"LG PACK\",\"LG PKG\"}'::bpchar[])) AND (l_quantity >= '27'::numeric) AND (l_quantity <= '37'::numeric) AND (part.p_size <= 15))))","Rows Removed by Filter": 30,"Workers": []}]}]}]}]},"Planning Time": 6.465,"Triggers": [],"Execution Time": 96.884}]
[{"Plan": {"Node Type": "Aggregate","Strategy": "Plain","Partial Mode": "Finalize","Parallel Aware": false,"Async Capable": false,"Startup Cost": 33505.16,"Total Cost": 33505.17,"Plan Rows": 1,"Plan Width": 32,"Actual Startup Time": 85.591,"Actual Total Time": 100.551,"Actual Rows": 1,"Actual Loops": 1,"Plans": [{"Node Type": "Gather","Parent Relationship": "Outer","Parallel Aware": false,"Async Capable": false,"Startup Cost": 33504.94,"Total Cost": 33505.15,"Plan Rows": 2,"Plan Width": 32,"Actual Startup Time": 85.059,"Actual Total Time": 100.522,"Actual Rows": 3,"Actual Loops": 1,"Workers Planned": 2,"Workers Launched": 2,"Single Copy": false,"Plans": [{"Node Type": "Aggregate","Strategy": "Plain","Partial Mode": "Partial","Parent Relationship": "Outer","Parallel Aware": false,"Async Capable": false,"Startup Cost": 32504.94,"Total Cost": 32504.95,"Plan Rows": 1,"Plan Width": 32,"Actual Startup Time": 78.863,"Actual Total Time": 78.865,"Actual Rows": 1,"Actual Loops": 3,"Workers": [],"Plans": [{"Node Type": "Nested Loop","Parent Relationship": "Outer","Parallel Aware": false,"Async Capable": false,"Join Type": "Inner","Startup Cost": 0.43,"Total Cost": 32504.59,"Plan Rows": 47,"Plan Width": 12,"Actual Startup Time": 3.395,"Actual Total Time": 78.821,"Actual Rows": 41,"Actual Loops": 3,"Inner Unique": false,"Workers": [],"Plans": [{"Node Type": "Seq Scan","Parent Relationship": "Outer","Parallel Aware": true,"Async Capable": false,"Relation Name": "part","Alias": "part","Startup Cost": 0.00,"Total Cost": 7638.67,"Plan Rows": 202,"Plan Width": 30,"Actual Startup Time": 0.421,"Actual Total Time": 32.936,"Actual Rows": 169,"Actual Loops": 3,"Filter": "((p_size >= 1) AND (((p_brand = 'Brand#44'::bpchar) AND (p_container = ANY ('{\"SM CASE\",\"SM BOX\",\"SM PACK\",\"SM PKG\"}'::bpchar[])) AND (p_size <= 5)) OR ((p_brand = 'Brand#41'::bpchar) AND (p_container = ANY ('{\"MED BAG\",\"MED BOX\",\"MED PKG\",\"MED PACK\"}'::bpchar[])) AND (p_size <= 10)) OR ((p_brand = 'Brand#52'::bpchar) AND (p_container = ANY ('{\"LG CASE\",\"LG BOX\",\"LG PACK\",\"LG PKG\"}'::bpchar[])) AND (p_size <= 15))))","Rows Removed by Filter": 66497,"Workers": []},{"Node Type": "Index Scan","Parent Relationship": "Inner","Parallel Aware": false,"Async Capable": false,"Scan Direction": "Forward","Index Name": "idx_lineitem_part_supp","Relation Name": "lineitem","Alias": "lineitem","Startup Cost": 0.43,"Total Cost": 123.09,"Plan Rows": 1,"Plan Width": 21,"Actual Startup Time": 0.243,"Actual Total Time": 0.271,"Actual Rows": 0,"Actual Loops": 508,"Index Cond": "(l_partkey = part.p_partkey)","Rows Removed by Index Recheck": 0,"Filter": "((l_shipmode = ANY ('{AIR,\"AIR REG\"}'::bpchar[])) AND (l_shipinstruct = 'DELIVER IN PERSON'::bpchar) AND (((l_quantity >= '8'::numeric) AND (l_quantity <= '18'::numeric)) OR ((l_quantity >= '13'::numeric) AND (l_quantity <= '23'::numeric)) OR ((l_quantity >= '26'::numeric) AND (l_quantity <= '36'::numeric))) AND (((part.p_brand = 'Brand#44'::bpchar) AND (part.p_container = ANY ('{\"SM CASE\",\"SM BOX\",\"SM PACK\",\"SM PKG\"}'::bpchar[])) AND (l_quantity >= '8'::numeric) AND (l_quantity <= '18'::numeric) AND (part.p_size <= 5)) OR ((part.p_brand = 'Brand#41'::bpchar) AND (part.p_container = ANY ('{\"MED BAG\",\"MED BOX\",\"MED PKG\",\"MED PACK\"}'::bpchar[])) AND (l_quantity >= '13'::numeric) AND (l_quantity <= '23'::numeric) AND (part.p_size <= 10)) OR ((part.p_brand = 'Brand#52'::bpchar) AND (part.p_container = ANY ('{\"LG CASE\",\"LG BOX\",\"LG PACK\",\"LG PKG\"}'::bpchar[])) AND (l_quantity >= '26'::numeric) AND (l_quantity <= '36'::numeric) AND (part.p_size <= 15))))","Rows Removed by Filter": 30,"Workers": []}]}]}]}]},"Planning Time": 7.028,"Triggers": [],"Execution Time": 100.732}]
[{"Plan": {"Node Type": "Aggregate","Strategy": "Plain","Partial Mode": "Finalize","Parallel Aware": false,"Async Capable": false,"Startup Cost": 33968.91,"Total Cost": 33968.92,"Plan Rows": 1,"Plan Width": 32,"Actual Startup Time": 89.016,"Actual Total Time": 104.728,"Actual Rows": 1,"Actual Loops": 1,"Plans": [{"Node Type": "Gather","Parent Relationship": "Outer","Parallel Aware": false,"Async Capable": false,"Startup Cost": 33968.68,"Total Cost": 33968.89,"Plan Rows": 2,"Plan Width": 32,"Actual Startup Time": 88.595,"Actual Total Time": 104.691,"Actual Rows": 3,"Actual Loops": 1,"Workers Planned": 2,"Workers Launched": 2,"Single Copy": false,"Plans": [{"Node Type": "Aggregate","Strategy": "Plain","Partial Mode": "Partial","Parent Relationship": "Outer","Parallel Aware": false,"Async Capable": false,"Startup Cost": 32968.68,"Total Cost": 32968.69,"Plan Rows": 1,"Plan Width": 32,"Actual Startup Time": 81.778,"Actual Total Time": 81.781,"Actual Rows": 1,"Actual Loops": 3,"Workers": [],"Plans": [{"Node Type": "Nested Loop","Parent Relationship": "Outer","Parallel Aware": false,"Async Capable": false,"Join Type": "Inner","Startup Cost": 0.43,"Total Cost": 32968.32,"Plan Rows": 48,"Plan Width": 12,"Actual Startup Time": 4.551,"Actual Total Time": 81.718,"Actual Rows": 49,"Actual Loops": 3,"Inner Unique": false,"Workers": [],"Plans": [{"Node Type": "Seq Scan","Parent Relationship": "Outer","Parallel Aware": true,"Async Capable": false,"Relation Name": "part","Alias": "part","Startup Cost": 0.00,"Total Cost": 7638.67,"Plan Rows": 206,"Plan Width": 30,"Actual Startup Time": 0.108,"Actual Total Time": 33.736,"Actual Rows": 181,"Actual Loops": 3,"Filter": "((p_size >= 1) AND (((p_brand = 'Brand#55'::bpchar) AND (p_container = ANY ('{\"SM CASE\",\"SM BOX\",\"SM PACK\",\"SM PKG\"}'::bpchar[])) AND (p_size <= 5)) OR ((p_brand = 'Brand#32'::bpchar) AND (p_container = ANY ('{\"MED BAG\",\"MED BOX\",\"MED PKG\",\"MED PACK\"}'::bpchar[])) AND (p_size <= 10)) OR ((p_brand = 'Brand#33'::bpchar) AND (p_container = ANY ('{\"LG CASE\",\"LG BOX\",\"LG PACK\",\"LG PKG\"}'::bpchar[])) AND (p_size <= 15))))","Rows Removed by Filter": 66486,"Workers": []},{"Node Type": "Index Scan","Parent Relationship": "Inner","Parallel Aware": false,"Async Capable": false,"Scan Direction": "Forward","Index Name": "idx_lineitem_part_supp","Relation Name": "lineitem","Alias": "lineitem","Startup Cost": 0.43,"Total Cost": 122.95,"Plan Rows": 1,"Plan Width": 21,"Actual Startup Time": 0.232,"Actual Total Time": 0.265,"Actual Rows": 0,"Actual Loops": 542,"Index Cond": "(l_partkey = part.p_partkey)","Rows Removed by Index Recheck": 0,"Filter": "((l_shipmode = ANY ('{AIR,\"AIR REG\"}'::bpchar[])) AND (l_shipinstruct = 'DELIVER IN PERSON'::bpchar) AND (((l_quantity >= '1'::numeric) AND (l_quantity <= '11'::numeric)) OR ((l_quantity >= '20'::numeric) AND (l_quantity <= '30'::numeric)) OR ((l_quantity >= '28'::numeric) AND (l_quantity <= '38'::numeric))) AND (((part.p_brand = 'Brand#55'::bpchar) AND (part.p_container = ANY ('{\"SM CASE\",\"SM BOX\",\"SM PACK\",\"SM PKG\"}'::bpchar[])) AND (l_quantity >= '1'::numeric) AND (l_quantity <= '11'::numeric) AND (part.p_size <= 5)) OR ((part.p_brand = 'Brand#32'::bpchar) AND (part.p_container = ANY ('{\"MED BAG\",\"MED BOX\",\"MED PKG\",\"MED PACK\"}'::bpchar[])) AND (l_quantity >= '20'::numeric) AND (l_quantity <= '30'::numeric) AND (part.p_size <= 10)) OR ((part.p_brand = 'Brand#33'::bpchar) AND (part.p_container = ANY ('{\"LG CASE\",\"LG BOX\",\"LG PACK\",\"LG PKG\"}'::bpchar[])) AND (l_quantity >= '28'::numeric) AND (l_quantity <= '38'::numeric) AND (part.p_size <= 15))))","Rows Removed by Filter": 30,"Workers": []}]}]}]}]},"Planning Time": 6.991,"Triggers": [],"Execution Time": 104.875}]
[{"Plan": {"Node Type": "Aggregate","Strategy": "Plain","Partial Mode": "Finalize","Parallel Aware": false,"Async Capable": false,"Startup Cost": 33509.51,"Total Cost": 33509.52,"Plan Rows": 1,"Plan Width": 32,"Actual Startup Time": 86.766,"Actual Total Time": 102.387,"Actual Rows": 1,"Actual Loops": 1,"Plans": [{"Node Type": "Gather","Parent Relationship": "Outer","Parallel Aware": false,"Async Capable": false,"Startup Cost": 33509.29,"Total Cost": 33509.50,"Plan Rows": 2,"Plan Width": 32,"Actual Startup Time": 86.487,"Actual Total Time": 102.361,"Actual Rows": 3,"Actual Loops": 1,"Workers Planned": 2,"Workers Launched": 2,"Single Copy": false,"Plans": [{"Node Type": "Aggregate","Strategy": "Plain","Partial Mode": "Partial","Parent Relationship": "Outer","Parallel Aware": false,"Async Capable": false,"Startup Cost": 32509.29,"Total Cost": 32509.30,"Plan Rows": 1,"Plan Width": 32,"Actual Startup Time": 80.187,"Actual Total Time": 80.190,"Actual Rows": 1,"Actual Loops": 3,"Workers": [],"Plans": [{"Node Type": "Nested Loop","Parent Relationship": "Outer","Parallel Aware": false,"Async Capable": false,"Join Type": "Inner","Startup Cost": 0.43,"Total Cost": 32508.93,"Plan Rows": 47,"Plan Width": 12,"Actual Startup Time": 5.130,"Actual Total Time": 80.138,"Actual Rows": 40,"Actual Loops": 3,"Inner Unique": false,"Workers": [],"Plans": [{"Node Type": "Seq Scan","Parent Relationship": "Outer","Parallel Aware": true,"Async Capable": false,"Relation Name": "part","Alias": "part","Startup Cost": 0.00,"Total Cost": 7638.67,"Plan Rows": 202,"Plan Width": 30,"Actual Startup Time": 0.844,"Actual Total Time": 34.452,"Actual Rows": 166,"Actual Loops": 3,"Filter": "((p_size >= 1) AND (((p_brand = 'Brand#34'::bpchar) AND (p_container = ANY ('{\"SM CASE\",\"SM BOX\",\"SM PACK\",\"SM PKG\"}'::bpchar[])) AND (p_size <= 5)) OR ((p_brand = 'Brand#22'::bpchar) AND (p_container = ANY ('{\"MED BAG\",\"MED BOX\",\"MED PKG\",\"MED PACK\"}'::bpchar[])) AND (p_size <= 10)) OR ((p_brand = 'Brand#52'::bpchar) AND (p_container = ANY ('{\"LG CASE\",\"LG BOX\",\"LG PACK\",\"LG PKG\"}'::bpchar[])) AND (p_size <= 15))))","Rows Removed by Filter": 66501,"Workers": []},{"Node Type": "Index Scan","Parent Relationship": "Inner","Parallel Aware": false,"Async Capable": false,"Scan Direction": "Forward","Index Name": "idx_lineitem_part_supp","Relation Name": "lineitem","Alias": "lineitem","Startup Cost": 0.43,"Total Cost": 123.11,"Plan Rows": 1,"Plan Width": 21,"Actual Startup Time": 0.250,"Actual Total Time": 0.275,"Actual Rows": 0,"Actual Loops": 498,"Index Cond": "(l_partkey = part.p_partkey)","Rows Removed by Index Recheck": 0,"Filter": "((l_shipmode = ANY ('{AIR,\"AIR REG\"}'::bpchar[])) AND (l_shipinstruct = 'DELIVER IN PERSON'::bpchar) AND (((l_quantity >= '1'::numeric) AND (l_quantity <= '11'::numeric)) OR ((l_quantity >= '20'::numeric) AND (l_quantity <= '30'::numeric)) OR ((l_quantity >= '24'::numeric) AND (l_quantity <= '34'::numeric))) AND (((part.p_brand = 'Brand#34'::bpchar) AND (part.p_container = ANY ('{\"SM CASE\",\"SM BOX\",\"SM PACK\",\"SM PKG\"}'::bpchar[])) AND (l_quantity >= '1'::numeric) AND (l_quantity <= '11'::numeric) AND (part.p_size <= 5)) OR ((part.p_brand = 'Brand#22'::bpchar) AND (part.p_container = ANY ('{\"MED BAG\",\"MED BOX\",\"MED PKG\",\"MED PACK\"}'::bpchar[])) AND (l_quantity >= '20'::numeric) AND (l_quantity <= '30'::numeric) AND (part.p_size <= 10)) OR ((part.p_brand = 'Brand#52'::bpchar) AND (part.p_container = ANY ('{\"LG CASE\",\"LG BOX\",\"LG PACK\",\"LG PKG\"}'::bpchar[])) AND (l_quantity >= '24'::numeric) AND (l_quantity <= '34'::numeric) AND (part.p_size <= 15))))","Rows Removed by Filter": 30,"Workers": []}]}]}]}]},"Planning Time": 5.216,"Triggers": [],"Execution Time": 102.560}]
[{"Plan": {"Node Type": "Aggregate","Strategy": "Plain","Partial Mode": "Finalize","Parallel Aware": false,"Async Capable": false,"Startup Cost": 33620.54,"Total Cost": 33620.55,"Plan Rows": 1,"Plan Width": 32,"Actual Startup Time": 78.873,"Actual Total Time": 93.487,"Actual Rows": 1,"Actual Loops": 1,"Plans": [{"Node Type": "Gather","Parent Relationship": "Outer","Parallel Aware": false,"Async Capable": false,"Startup Cost": 33620.32,"Total Cost": 33620.53,"Plan Rows": 2,"Plan Width": 32,"Actual Startup Time": 78.749,"Actual Total Time": 93.472,"Actual Rows": 3,"Actual Loops": 1,"Workers Planned": 2,"Workers Launched": 2,"Single Copy": false,"Plans": [{"Node Type": "Aggregate","Strategy": "Plain","Partial Mode": "Partial","Parent Relationship": "Outer","Parallel Aware": false,"Async Capable": false,"Startup Cost": 32620.32,"Total Cost": 32620.33,"Plan Rows": 1,"Plan Width": 32,"Actual Startup Time": 72.787,"Actual Total Time": 72.789,"Actual Rows": 1,"Actual Loops": 3,"Workers": [],"Plans": [{"Node Type": "Nested Loop","Parent Relationship": "Outer","Parallel Aware": false,"Async Capable": false,"Join Type": "Inner","Startup Cost": 0.43,"Total Cost": 32619.96,"Plan Rows": 47,"Plan Width": 12,"Actual Startup Time": 6.022,"Actual Total Time": 72.741,"Actual Rows": 34,"Actual Loops": 3,"Inner Unique": false,"Workers": [],"Plans": [{"Node Type": "Seq Scan","Parent Relationship": "Outer","Parallel Aware": true,"Async Capable": false,"Relation Name": "part","Alias": "part","Startup Cost": 0.00,"Total Cost": 7638.67,"Plan Rows": 203,"Plan Width": 30,"Actual Startup Time": 0.465,"Actual Total Time": 31.442,"Actual Rows": 154,"Actual Loops": 3,"Filter": "((p_size >= 1) AND (((p_brand = 'Brand#15'::bpchar) AND (p_container = ANY ('{\"SM CASE\",\"SM BOX\",\"SM PACK\",\"SM PKG\"}'::bpchar[])) AND (p_size <= 5)) OR ((p_brand = 'Brand#14'::bpchar) AND (p_container = ANY ('{\"MED BAG\",\"MED BOX\",\"MED PKG\",\"MED PACK\"}'::bpchar[])) AND (p_size <= 10)) OR ((p_brand = 'Brand#51'::bpchar) AND (p_container = ANY ('{\"LG CASE\",\"LG BOX\",\"LG PACK\",\"LG PKG\"}'::bpchar[])) AND (p_size <= 15))))","Rows Removed by Filter": 66512,"Workers": []},{"Node Type": "Index Scan","Parent Relationship": "Inner","Parallel Aware": false,"Async Capable": false,"Scan Direction": "Forward","Index Name": "idx_lineitem_part_supp","Relation Name": "lineitem","Alias": "lineitem","Startup Cost": 0.43,"Total Cost": 123.05,"Plan Rows": 1,"Plan Width": 21,"Actual Startup Time": 0.241,"Actual Total Time": 0.267,"Actual Rows": 0,"Actual Loops": 463,"Index Cond": "(l_partkey = part.p_partkey)","Rows Removed by Index Recheck": 0,"Filter": "((l_shipmode = ANY ('{AIR,\"AIR REG\"}'::bpchar[])) AND (l_shipinstruct = 'DELIVER IN PERSON'::bpchar) AND (((l_quantity >= '5'::numeric) AND (l_quantity <= '15'::numeric)) OR ((l_quantity >= '18'::numeric) AND (l_quantity <= '28'::numeric)) OR ((l_quantity >= '30'::numeric) AND (l_quantity <= '40'::numeric))) AND (((part.p_brand = 'Brand#15'::bpchar) AND (part.p_container = ANY ('{\"SM CASE\",\"SM BOX\",\"SM PACK\",\"SM PKG\"}'::bpchar[])) AND (l_quantity >= '5'::numeric) AND (l_quantity <= '15'::numeric) AND (part.p_size <= 5)) OR ((part.p_brand = 'Brand#14'::bpchar) AND (part.p_container = ANY ('{\"MED BAG\",\"MED BOX\",\"MED PKG\",\"MED PACK\"}'::bpchar[])) AND (l_quantity >= '18'::numeric) AND (l_quantity <= '28'::numeric) AND (part.p_size <= 10)) OR ((part.p_brand = 'Brand#51'::bpchar) AND (part.p_container = ANY ('{\"LG CASE\",\"LG BOX\",\"LG PACK\",\"LG PKG\"}'::bpchar[])) AND (l_quantity >= '30'::numeric) AND (l_quantity <= '40'::numeric) AND (part.p_size <= 15))))","Rows Removed by Filter": 30,"Workers": []}]}]}]}]},"Planning Time": 5.702,"Triggers": [],"Execution Time": 93.685}]
[{"Plan": {"Node Type": "Aggregate","Strategy": "Plain","Partial Mode": "Finalize","Parallel Aware": false,"Async Capable": false,"Startup Cost": 33279.36,"Total Cost": 33279.37,"Plan Rows": 1,"Plan Width": 32,"Actual Startup Time": 81.502,"Actual Total Time": 95.529,"Actual Rows": 1,"Actual Loops": 1,"Plans": [{"Node Type": "Gather","Parent Relationship": "Outer","Parallel Aware": false,"Async Capable": false,"Startup Cost": 33279.14,"Total Cost": 33279.35,"Plan Rows": 2,"Plan Width": 32,"Actual Startup Time": 81.450,"Actual Total Time": 95.488,"Actual Rows": 3,"Actual Loops": 1,"Workers Planned": 2,"Workers Launched": 2,"Single Copy": false,"Plans": [{"Node Type": "Aggregate","Strategy": "Plain","Partial Mode": "Partial","Parent Relationship": "Outer","Parallel Aware": false,"Async Capable": false,"Startup Cost": 32279.14,"Total Cost": 32279.15,"Plan Rows": 1,"Plan Width": 32,"Actual Startup Time": 74.855,"Actual Total Time": 74.857,"Actual Rows": 1,"Actual Loops": 3,"Workers": [],"Plans": [{"Node Type": "Nested Loop","Parent Relationship": "Outer","Parallel Aware": false,"Async Capable": false,"Join Type": "Inner","Startup Cost": 0.43,"Total Cost": 32278.79,"Plan Rows": 46,"Plan Width": 12,"Actual Startup Time": 4.709,"Actual Total Time": 74.805,"Actual Rows": 43,"Actual Loops": 3,"Inner Unique": false,"Workers": [],"Plans": [{"Node Type": "Seq Scan","Parent Relationship": "Outer","Parallel Aware": true,"Async Capable": false,"Relation Name": "part","Alias": "part","Startup Cost": 0.00,"Total Cost": 7638.67,"Plan Rows": 200,"Plan Width": 30,"Actual Startup Time": 0.827,"Actual Total Time": 32.140,"Actual Rows": 157,"Actual Loops": 3,"Filter": "((p_size >= 1) AND (((p_brand = 'Brand#52'::bpchar) AND (p_container = ANY ('{\"SM CASE\",\"SM BOX\",\"SM PACK\",\"SM PKG\"}'::bpchar[])) AND (p_size <= 5)) OR ((p_brand = 'Brand#11'::bpchar) AND (p_container = ANY ('{\"MED BAG\",\"MED BOX\",\"MED PKG\",\"MED PACK\"}'::bpchar[])) AND (p_size <= 10)) OR ((p_brand = 'Brand#54'::bpchar) AND (p_container = ANY ('{\"LG CASE\",\"LG BOX\",\"LG PACK\",\"LG PKG\"}'::bpchar[])) AND (p_size <= 15))))","Rows Removed by Filter": 66509,"Workers": []},{"Node Type": "Index Scan","Parent Relationship": "Inner","Parallel Aware": false,"Async Capable": false,"Scan Direction": "Forward","Index Name": "idx_lineitem_part_supp","Relation Name": "lineitem","Alias": "lineitem","Startup Cost": 0.43,"Total Cost": 123.19,"Plan Rows": 1,"Plan Width": 21,"Actual Startup Time": 0.238,"Actual Total Time": 0.271,"Actual Rows": 0,"Actual Loops": 472,"Index Cond": "(l_partkey = part.p_partkey)","Rows Removed by Index Recheck": 0,"Filter": "((l_shipmode = ANY ('{AIR,\"AIR REG\"}'::bpchar[])) AND (l_shipinstruct = 'DELIVER IN PERSON'::bpchar) AND (((l_quantity >= '1'::numeric) AND (l_quantity <= '11'::numeric)) OR ((l_quantity >= '17'::numeric) AND (l_quantity <= '27'::numeric)) OR ((l_quantity >= '23'::numeric) AND (l_quantity <= '33'::numeric))) AND (((part.p_brand = 'Brand#52'::bpchar) AND (part.p_container = ANY ('{\"SM CASE\",\"SM BOX\",\"SM PACK\",\"SM PKG\"}'::bpchar[])) AND (l_quantity >= '1'::numeric) AND (l_quantity <= '11'::numeric) AND (part.p_size <= 5)) OR ((part.p_brand = 'Brand#11'::bpchar) AND (part.p_container = ANY ('{\"MED BAG\",\"MED BOX\",\"MED PKG\",\"MED PACK\"}'::bpchar[])) AND (l_quantity >= '17'::numeric) AND (l_quantity <= '27'::numeric) AND (part.p_size <= 10)) OR ((part.p_brand = 'Brand#54'::bpchar) AND (part.p_container = ANY ('{\"LG CASE\",\"LG BOX\",\"LG PACK\",\"LG PKG\"}'::bpchar[])) AND (l_quantity >= '23'::numeric) AND (l_quantity <= '33'::numeric) AND (part.p_size <= 15))))","Rows Removed by Filter": 30,"Workers": []}]}]}]}]},"Planning Time": 5.171,"Triggers": [],"Execution Time": 95.699}]
[{"Plan": {"Node Type": "Aggregate","Strategy": "Plain","Partial Mode": "Finalize","Parallel Aware": false,"Async Capable": false,"Startup Cost": 33856.88,"Total Cost": 33856.89,"Plan Rows": 1,"Plan Width": 32,"Actual Startup Time": 83.291,"Actual Total Time": 99.017,"Actual Rows": 1,"Actual Loops": 1,"Plans": [{"Node Type": "Gather","Parent Relationship": "Outer","Parallel Aware": false,"Async Capable": false,"Startup Cost": 33856.66,"Total Cost": 33856.87,"Plan Rows": 2,"Plan Width": 32,"Actual Startup Time": 83.042,"Actual Total Time": 98.989,"Actual Rows": 3,"Actual Loops": 1,"Workers Planned": 2,"Workers Launched": 2,"Single Copy": false,"Plans": [{"Node Type": "Aggregate","Strategy": "Plain","Partial Mode": "Partial","Parent Relationship": "Outer","Parallel Aware": false,"Async Capable": false,"Startup Cost": 32856.66,"Total Cost": 32856.67,"Plan Rows": 1,"Plan Width": 32,"Actual Startup Time": 77.006,"Actual Total Time": 77.009,"Actual Rows": 1,"Actual Loops": 3,"Workers": [],"Plans": [{"Node Type": "Nested Loop","Parent Relationship": "Outer","Parallel Aware": false,"Async Capable": false,"Join Type": "Inner","Startup Cost": 0.43,"Total Cost": 32856.29,"Plan Rows": 48,"Plan Width": 12,"Actual Startup Time": 1.437,"Actual Total Time": 76.960,"Actual Rows": 46,"Actual Loops": 3,"Inner Unique": false,"Workers": [],"Plans": [{"Node Type": "Seq Scan","Parent Relationship": "Outer","Parallel Aware": true,"Async Capable": false,"Relation Name": "part","Alias": "part","Startup Cost": 0.00,"Total Cost": 7638.67,"Plan Rows": 205,"Plan Width": 30,"Actual Startup Time": 0.569,"Actual Total Time": 31.246,"Actual Rows": 174,"Actual Loops": 3,"Filter": "((p_size >= 1) AND (((p_brand = 'Brand#23'::bpchar) AND (p_container = ANY ('{\"SM CASE\",\"SM BOX\",\"SM PACK\",\"SM PKG\"}'::bpchar[])) AND (p_size <= 5)) OR ((p_brand = 'Brand#44'::bpchar) AND (p_container = ANY ('{\"MED BAG\",\"MED BOX\",\"MED PKG\",\"MED PACK\"}'::bpchar[])) AND (p_size <= 10)) OR ((p_brand = 'Brand#42'::bpchar) AND (p_container = ANY ('{\"LG CASE\",\"LG BOX\",\"LG PACK\",\"LG PKG\"}'::bpchar[])) AND (p_size <= 15))))","Rows Removed by Filter": 66493,"Workers": []},{"Node Type": "Index Scan","Parent Relationship": "Inner","Parallel Aware": false,"Async Capable": false,"Scan Direction": "Forward","Index Name": "idx_lineitem_part_supp","Relation Name": "lineitem","Alias": "lineitem","Startup Cost": 0.43,"Total Cost": 123.00,"Plan Rows": 1,"Plan Width": 21,"Actual Startup Time": 0.231,"Actual Total Time": 0.263,"Actual Rows": 0,"Actual Loops": 521,"Index Cond": "(l_partkey = part.p_partkey)","Rows Removed by Index Recheck": 0,"Filter": "((l_shipmode = ANY ('{AIR,\"AIR REG\"}'::bpchar[])) AND (l_shipinstruct = 'DELIVER IN PERSON'::bpchar) AND (((l_quantity >= '6'::numeric) AND (l_quantity <= '16'::numeric)) OR ((l_quantity >= '13'::numeric) AND (l_quantity <= '23'::numeric)) OR ((l_quantity >= '24'::numeric) AND (l_quantity <= '34'::numeric))) AND (((part.p_brand = 'Brand#23'::bpchar) AND (part.p_container = ANY ('{\"SM CASE\",\"SM BOX\",\"SM PACK\",\"SM PKG\"}'::bpchar[])) AND (l_quantity >= '6'::numeric) AND (l_quantity <= '16'::numeric) AND (part.p_size <= 5)) OR ((part.p_brand = 'Brand#44'::bpchar) AND (part.p_container = ANY ('{\"MED BAG\",\"MED BOX\",\"MED PKG\",\"MED PACK\"}'::bpchar[])) AND (l_quantity >= '13'::numeric) AND (l_quantity <= '23'::numeric) AND (part.p_size <= 10)) OR ((part.p_brand = 'Brand#42'::bpchar) AND (part.p_container = ANY ('{\"LG CASE\",\"LG BOX\",\"LG PACK\",\"LG PKG\"}'::bpchar[])) AND (l_quantity >= '24'::numeric) AND (l_quantity <= '34'::numeric) AND (part.p_size <= 15))))","Rows Removed by Filter": 30,"Workers": []}]}]}]}]},"Planning Time": 7.039,"Triggers": [],"Execution Time": 99.227}]
[{"Plan": {"Node Type": "Aggregate","Strategy": "Plain","Partial Mode": "Finalize","Parallel Aware": false,"Async Capable": false,"Startup Cost": 33858.48,"Total Cost": 33858.49,"Plan Rows": 1,"Plan Width": 32,"Actual Startup Time": 79.831,"Actual Total Time": 94.487,"Actual Rows": 1,"Actual Loops": 1,"Plans": [{"Node Type": "Gather","Parent Relationship": "Outer","Parallel Aware": false,"Async Capable": false,"Startup Cost": 33858.25,"Total Cost": 33858.46,"Plan Rows": 2,"Plan Width": 32,"Actual Startup Time": 79.706,"Actual Total Time": 94.464,"Actual Rows": 3,"Actual Loops": 1,"Workers Planned": 2,"Workers Launched": 2,"Single Copy": false,"Plans": [{"Node Type": "Aggregate","Strategy": "Plain","Partial Mode": "Partial","Parent Relationship": "Outer","Parallel Aware": false,"Async Capable": false,"Startup Cost": 32858.25,"Total Cost": 32858.26,"Plan Rows": 1,"Plan Width": 32,"Actual Startup Time": 73.317,"Actual Total Time": 73.320,"Actual Rows": 1,"Actual Loops": 3,"Workers": [],"Plans": [{"Node Type": "Nested Loop","Parent Relationship": "Outer","Parallel Aware": false,"Async Capable": false,"Join Type": "Inner","Startup Cost": 0.43,"Total Cost": 32857.89,"Plan Rows": 48,"Plan Width": 12,"Actual Startup Time": 2.767,"Actual Total Time": 73.283,"Actual Rows": 35,"Actual Loops": 3,"Inner Unique": false,"Workers": [],"Plans": [{"Node Type": "Seq Scan","Parent Relationship": "Outer","Parallel Aware": true,"Async Capable": false,"Relation Name": "part","Alias": "part","Startup Cost": 0.00,"Total Cost": 7638.67,"Plan Rows": 205,"Plan Width": 30,"Actual Startup Time": 0.749,"Actual Total Time": 30.999,"Actual Rows": 162,"Actual Loops": 3,"Filter": "((p_size >= 1) AND (((p_brand = 'Brand#24'::bpchar) AND (p_container = ANY ('{\"SM CASE\",\"SM BOX\",\"SM PACK\",\"SM PKG\"}'::bpchar[])) AND (p_size <= 5)) OR ((p_brand = 'Brand#45'::bpchar) AND (p_container = ANY ('{\"MED BAG\",\"MED BOX\",\"MED PKG\",\"MED PACK\"}'::bpchar[])) AND (p_size <= 10)) OR ((p_brand = 'Brand#44'::bpchar) AND (p_container = ANY ('{\"LG CASE\",\"LG BOX\",\"LG PACK\",\"LG PKG\"}'::bpchar[])) AND (p_size <= 15))))","Rows Removed by Filter": 66505,"Workers": []},{"Node Type": "Index Scan","Parent Relationship": "Inner","Parallel Aware": false,"Async Capable": false,"Scan Direction": "Forward","Index Name": "idx_lineitem_part_supp","Relation Name": "lineitem","Alias": "lineitem","Startup Cost": 0.43,"Total Cost": 123.01,"Plan Rows": 1,"Plan Width": 21,"Actual Startup Time": 0.232,"Actual Total Time": 0.261,"Actual Rows": 0,"Actual Loops": 486,"Index Cond": "(l_partkey = part.p_partkey)","Rows Removed by Index Recheck": 0,"Filter": "((l_shipmode = ANY ('{AIR,\"AIR REG\"}'::bpchar[])) AND (l_shipinstruct = 'DELIVER IN PERSON'::bpchar) AND (((l_quantity >= '3'::numeric) AND (l_quantity <= '13'::numeric)) OR ((l_quantity >= '12'::numeric) AND (l_quantity <= '22'::numeric)) OR ((l_quantity >= '20'::numeric) AND (l_quantity <= '30'::numeric))) AND (((part.p_brand = 'Brand#24'::bpchar) AND (part.p_container = ANY ('{\"SM CASE\",\"SM BOX\",\"SM PACK\",\"SM PKG\"}'::bpchar[])) AND (l_quantity >= '3'::numeric) AND (l_quantity <= '13'::numeric) AND (part.p_size <= 5)) OR ((part.p_brand = 'Brand#45'::bpchar) AND (part.p_container = ANY ('{\"MED BAG\",\"MED BOX\",\"MED PKG\",\"MED PACK\"}'::bpchar[])) AND (l_quantity >= '12'::numeric) AND (l_quantity <= '22'::numeric) AND (part.p_size <= 10)) OR ((part.p_brand = 'Brand#44'::bpchar) AND (part.p_container = ANY ('{\"LG CASE\",\"LG BOX\",\"LG PACK\",\"LG PKG\"}'::bpchar[])) AND (l_quantity >= '20'::numeric) AND (l_quantity <= '30'::numeric) AND (part.p_size <= 15))))","Rows Removed by Filter": 30,"Workers": []}]}]}]}]},"Planning Time": 6.299,"Triggers": [],"Execution Time": 94.711}]
[{"Plan": {"Node Type": "Aggregate","Strategy": "Plain","Partial Mode": "Finalize","Parallel Aware": false,"Async Capable": false,"Startup Cost": 33859.24,"Total Cost": 33859.25,"Plan Rows": 1,"Plan Width": 32,"Actual Startup Time": 80.195,"Actual Total Time": 94.189,"Actual Rows": 1,"Actual Loops": 1,"Plans": [{"Node Type": "Gather","Parent Relationship": "Outer","Parallel Aware": false,"Async Capable": false,"Startup Cost": 33859.01,"Total Cost": 33859.22,"Plan Rows": 2,"Plan Width": 32,"Actual Startup Time": 80.167,"Actual Total Time": 94.166,"Actual Rows": 3,"Actual Loops": 1,"Workers Planned": 2,"Workers Launched": 2,"Single Copy": false,"Plans": [{"Node Type": "Aggregate","Strategy": "Plain","Partial Mode": "Partial","Parent Relationship": "Outer","Parallel Aware": false,"Async Capable": false,"Startup Cost": 32859.01,"Total Cost": 32859.02,"Plan Rows": 1,"Plan Width": 32,"Actual Startup Time": 73.538,"Actual Total Time": 73.540,"Actual Rows": 1,"Actual Loops": 3,"Workers": [],"Plans": [{"Node Type": "Nested Loop","Parent Relationship": "Outer","Parallel Aware": false,"Async Capable": false,"Join Type": "Inner","Startup Cost": 0.43,"Total Cost": 32858.65,"Plan Rows": 48,"Plan Width": 12,"Actual Startup Time": 6.752,"Actual Total Time": 73.496,"Actual Rows": 41,"Actual Loops": 3,"Inner Unique": false,"Workers": [],"Plans": [{"Node Type": "Seq Scan","Parent Relationship": "Outer","Parallel Aware": true,"Async Capable": false,"Relation Name": "part","Alias": "part","Startup Cost": 0.00,"Total Cost": 7638.67,"Plan Rows": 205,"Plan Width": 30,"Actual Startup Time": 0.169,"Actual Total Time": 30.980,"Actual Rows": 164,"Actual Loops": 3,"Filter": "((p_size >= 1) AND (((p_brand = 'Brand#42'::bpchar) AND (p_container = ANY ('{\"SM CASE\",\"SM BOX\",\"SM PACK\",\"SM PKG\"}'::bpchar[])) AND (p_size <= 5)) OR ((p_brand = 'Brand#31'::bpchar) AND (p_container = ANY ('{\"MED BAG\",\"MED BOX\",\"MED PKG\",\"MED PACK\"}'::bpchar[])) AND (p_size <= 10)) OR ((p_brand = 'Brand#13'::bpchar) AND (p_container = ANY ('{\"LG CASE\",\"LG BOX\",\"LG PACK\",\"LG PKG\"}'::bpchar[])) AND (p_size <= 15))))","Rows Removed by Filter": 66502,"Workers": []},{"Node Type": "Index Scan","Parent Relationship": "Inner","Parallel Aware": false,"Async Capable": false,"Scan Direction": "Forward","Index Name": "idx_lineitem_part_supp","Relation Name": "lineitem","Alias": "lineitem","Startup Cost": 0.43,"Total Cost": 123.01,"Plan Rows": 1,"Plan Width": 21,"Actual Startup Time": 0.229,"Actual Total Time": 0.258,"Actual Rows": 0,"Actual Loops": 493,"Index Cond": "(l_partkey = part.p_partkey)","Rows Removed by Index Recheck": 0,"Filter": "((l_shipmode = ANY ('{AIR,\"AIR REG\"}'::bpchar[])) AND (l_shipinstruct = 'DELIVER IN PERSON'::bpchar) AND (((l_quantity >= '10'::numeric) AND (l_quantity <= '20'::numeric)) OR ((l_quantity >= '19'::numeric) AND (l_quantity <= '29'::numeric)) OR ((l_quantity >= '23'::numeric) AND (l_quantity <= '33'::numeric))) AND (((part.p_brand = 'Brand#42'::bpchar) AND (part.p_container = ANY ('{\"SM CASE\",\"SM BOX\",\"SM PACK\",\"SM PKG\"}'::bpchar[])) AND (l_quantity >= '10'::numeric) AND (l_quantity <= '20'::numeric) AND (part.p_size <= 5)) OR ((part.p_brand = 'Brand#31'::bpchar) AND (part.p_container = ANY ('{\"MED BAG\",\"MED BOX\",\"MED PKG\",\"MED PACK\"}'::bpchar[])) AND (l_quantity >= '19'::numeric) AND (l_quantity <= '29'::numeric) AND (part.p_size <= 10)) OR ((part.p_brand = 'Brand#13'::bpchar) AND (part.p_container = ANY ('{\"LG CASE\",\"LG BOX\",\"LG PACK\",\"LG PKG\"}'::bpchar[])) AND (l_quantity >= '23'::numeric) AND (l_quantity <= '33'::numeric) AND (part.p_size <= 15))))","Rows Removed by Filter": 29,"Workers": []}]}]}]}]},"Planning Time": 6.577,"Triggers": [],"Execution Time": 94.359}]
[{"Plan": {"Node Type": "Aggregate","Strategy": "Plain","Partial Mode": "Finalize","Parallel Aware": false,"Async Capable": false,"Startup Cost": 32815.15,"Total Cost": 32815.16,"Plan Rows": 1,"Plan Width": 32,"Actual Startup Time": 81.426,"Actual Total Time": 95.240,"Actual Rows": 1,"Actual Loops": 1,"Plans": [{"Node Type": "Gather","Parent Relationship": "Outer","Parallel Aware": false,"Async Capable": false,"Startup Cost": 32814.93,"Total Cost": 32815.14,"Plan Rows": 2,"Plan Width": 32,"Actual Startup Time": 80.731,"Actual Total Time": 95.217,"Actual Rows": 3,"Actual Loops": 1,"Workers Planned": 2,"Workers Launched": 2,"Single Copy": false,"Plans": [{"Node Type": "Aggregate","Strategy": "Plain","Partial Mode": "Partial","Parent Relationship": "Outer","Parallel Aware": false,"Async Capable": false,"Startup Cost": 31814.93,"Total Cost": 31814.94,"Plan Rows": 1,"Plan Width": 32,"Actual Startup Time": 74.873,"Actual Total Time": 74.875,"Actual Rows": 1,"Actual Loops": 3,"Workers": [],"Plans": [{"Node Type": "Nested Loop","Parent Relationship": "Outer","Parallel Aware": false,"Async Capable": false,"Join Type": "Inner","Startup Cost": 0.43,"Total Cost": 31814.59,"Plan Rows": 45,"Plan Width": 12,"Actual Startup Time": 5.669,"Actual Total Time": 74.834,"Actual Rows": 34,"Actual Loops": 3,"Inner Unique": false,"Workers": [],"Plans": [{"Node Type": "Seq Scan","Parent Relationship": "Outer","Parallel Aware": true,"Async Capable": false,"Relation Name": "part","Alias": "part","Startup Cost": 0.00,"Total Cost": 7638.67,"Plan Rows": 196,"Plan Width": 30,"Actual Startup Time": 0.279,"Actual Total Time": 33.195,"Actual Rows": 149,"Actual Loops": 3,"Filter": "((p_size >= 1) AND (((p_brand = 'Brand#43'::bpchar) AND (p_container = ANY ('{\"SM CASE\",\"SM BOX\",\"SM PACK\",\"SM PKG\"}'::bpchar[])) AND (p_size <= 5)) OR ((p_brand = 'Brand#25'::bpchar) AND (p_container = ANY ('{\"MED BAG\",\"MED BOX\",\"MED PKG\",\"MED PACK\"}'::bpchar[])) AND (p_size <= 10)) OR ((p_brand = 'Brand#23'::bpchar) AND (p_container = ANY ('{\"LG CASE\",\"LG BOX\",\"LG PACK\",\"LG PKG\"}'::bpchar[])) AND (p_size <= 15))))","Rows Removed by Filter": 66517,"Workers": []},{"Node Type": "Index Scan","Parent Relationship": "Inner","Parallel Aware": false,"Async Capable": false,"Scan Direction": "Forward","Index Name": "idx_lineitem_part_supp","Relation Name": "lineitem","Alias": "lineitem","Startup Cost": 0.43,"Total Cost": 123.34,"Plan Rows": 1,"Plan Width": 21,"Actual Startup Time": 0.255,"Actual Total Time": 0.278,"Actual Rows": 0,"Actual Loops": 448,"Index Cond": "(l_partkey = part.p_partkey)","Rows Removed by Index Recheck": 0,"Filter": "((l_shipmode = ANY ('{AIR,\"AIR REG\"}'::bpchar[])) AND (l_shipinstruct = 'DELIVER IN PERSON'::bpchar) AND (((l_quantity >= '6'::numeric) AND (l_quantity <= '16'::numeric)) OR ((l_quantity >= '16'::numeric) AND (l_quantity <= '26'::numeric)) OR ((l_quantity >= '27'::numeric) AND (l_quantity <= '37'::numeric))) AND (((part.p_brand = 'Brand#43'::bpchar) AND (part.p_container = ANY ('{\"SM CASE\",\"SM BOX\",\"SM PACK\",\"SM PKG\"}'::bpchar[])) AND (l_quantity >= '6'::numeric) AND (l_quantity <= '16'::numeric) AND (part.p_size <= 5)) OR ((part.p_brand = 'Brand#25'::bpchar) AND (part.p_container = ANY ('{\"MED BAG\",\"MED BOX\",\"MED PKG\",\"MED PACK\"}'::bpchar[])) AND (l_quantity >= '16'::numeric) AND (l_quantity <= '26'::numeric) AND (part.p_size <= 10)) OR ((part.p_brand = 'Brand#23'::bpchar) AND (part.p_container = ANY ('{\"LG CASE\",\"LG BOX\",\"LG PACK\",\"LG PKG\"}'::bpchar[])) AND (l_quantity >= '27'::numeric) AND (l_quantity <= '37'::numeric) AND (part.p_size <= 15))))","Rows Removed by Filter": 30,"Workers": []}]}]}]}]},"Planning Time": 6.540,"Triggers": [],"Execution Time": 95.389}]
[{"Plan": {"Node Type": "Aggregate","Strategy": "Plain","Partial Mode": "Finalize","Parallel Aware": false,"Async Capable": false,"Startup Cost": 33735.62,"Total Cost": 33735.63,"Plan Rows": 1,"Plan Width": 32,"Actual Startup Time": 82.866,"Actual Total Time": 97.976,"Actual Rows": 1,"Actual Loops": 1,"Plans": [{"Node Type": "Gather","Parent Relationship": "Outer","Parallel Aware": false,"Async Capable": false,"Startup Cost": 33735.40,"Total Cost": 33735.61,"Plan Rows": 2,"Plan Width": 32,"Actual Startup Time": 82.793,"Actual Total Time": 97.950,"Actual Rows": 3,"Actual Loops": 1,"Workers Planned": 2,"Workers Launched": 2,"Single Copy": false,"Plans": [{"Node Type": "Aggregate","Strategy": "Plain","Partial Mode": "Partial","Parent Relationship": "Outer","Parallel Aware": false,"Async Capable": false,"Startup Cost": 32735.40,"Total Cost": 32735.41,"Plan Rows": 1,"Plan Width": 32,"Actual Startup Time": 76.723,"Actual Total Time": 76.726,"Actual Rows": 1,"Actual Loops": 3,"Workers": [],"Plans": [{"Node Type": "Nested Loop","Parent Relationship": "Outer","Parallel Aware": false,"Async Capable": false,"Join Type": "Inner","Startup Cost": 0.43,"Total Cost": 32735.03,"Plan Rows": 48,"Plan Width": 12,"Actual Startup Time": 5.495,"Actual Total Time": 76.665,"Actual Rows": 39,"Actual Loops": 3,"Inner Unique": false,"Workers": [],"Plans": [{"Node Type": "Seq Scan","Parent Relationship": "Outer","Parallel Aware": true,"Async Capable": false,"Relation Name": "part","Alias": "part","Startup Cost": 0.00,"Total Cost": 7638.67,"Plan Rows": 204,"Plan Width": 30,"Actual Startup Time": 0.219,"Actual Total Time": 30.182,"Actual Rows": 176,"Actual Loops": 3,"Filter": "((p_size >= 1) AND (((p_brand = 'Brand#33'::bpchar) AND (p_container = ANY ('{\"SM CASE\",\"SM BOX\",\"SM PACK\",\"SM PKG\"}'::bpchar[])) AND (p_size <= 5)) OR ((p_brand = 'Brand#12'::bpchar) AND (p_container = ANY ('{\"MED BAG\",\"MED BOX\",\"MED PKG\",\"MED PACK\"}'::bpchar[])) AND (p_size <= 10)) OR ((p_brand = 'Brand#35'::bpchar) AND (p_container = ANY ('{\"LG CASE\",\"LG BOX\",\"LG PACK\",\"LG PKG\"}'::bpchar[])) AND (p_size <= 15))))","Rows Removed by Filter": 66491,"Workers": []},{"Node Type": "Index Scan","Parent Relationship": "Inner","Parallel Aware": false,"Async Capable": false,"Scan Direction": "Forward","Index Name": "idx_lineitem_part_supp","Relation Name": "lineitem","Alias": "lineitem","Startup Cost": 0.43,"Total Cost": 123.01,"Plan Rows": 1,"Plan Width": 21,"Actual Startup Time": 0.235,"Actual Total Time": 0.264,"Actual Rows": 0,"Actual Loops": 527,"Index Cond": "(l_partkey = part.p_partkey)","Rows Removed by Index Recheck": 0,"Filter": "((l_shipmode = ANY ('{AIR,\"AIR REG\"}'::bpchar[])) AND (l_shipinstruct = 'DELIVER IN PERSON'::bpchar) AND (((l_quantity >= '2'::numeric) AND (l_quantity <= '12'::numeric)) OR ((l_quantity >= '11'::numeric) AND (l_quantity <= '21'::numeric)) OR ((l_quantity >= '28'::numeric) AND (l_quantity <= '38'::numeric))) AND (((part.p_brand = 'Brand#33'::bpchar) AND (part.p_container = ANY ('{\"SM CASE\",\"SM BOX\",\"SM PACK\",\"SM PKG\"}'::bpchar[])) AND (l_quantity >= '2'::numeric) AND (l_quantity <= '12'::numeric) AND (part.p_size <= 5)) OR ((part.p_brand = 'Brand#12'::bpchar) AND (part.p_container = ANY ('{\"MED BAG\",\"MED BOX\",\"MED PKG\",\"MED PACK\"}'::bpchar[])) AND (l_quantity >= '11'::numeric) AND (l_quantity <= '21'::numeric) AND (part.p_size <= 10)) OR ((part.p_brand = 'Brand#35'::bpchar) AND (part.p_container = ANY ('{\"LG CASE\",\"LG BOX\",\"LG PACK\",\"LG PKG\"}'::bpchar[])) AND (l_quantity >= '28'::numeric) AND (l_quantity <= '38'::numeric) AND (part.p_size <= 15))))","Rows Removed by Filter": 30,"Workers": []}]}]}]}]},"Planning Time": 6.990,"Triggers": [],"Execution Time": 98.185}]
[{"Plan": {"Node Type": "Aggregate","Strategy": "Plain","Partial Mode": "Finalize","Parallel Aware": false,"Async Capable": false,"Startup Cost": 33969.47,"Total Cost": 33969.48,"Plan Rows": 1,"Plan Width": 32,"Actual Startup Time": 87.428,"Actual Total Time": 103.188,"Actual Rows": 1,"Actual Loops": 1,"Plans": [{"Node Type": "Gather","Parent Relationship": "Outer","Parallel Aware": false,"Async Capable": false,"Startup Cost": 33969.24,"Total Cost": 33969.45,"Plan Rows": 2,"Plan Width": 32,"Actual Startup Time": 87.256,"Actual Total Time": 103.167,"Actual Rows": 3,"Actual Loops": 1,"Workers Planned": 2,"Workers Launched": 2,"Single Copy": false,"Plans": [{"Node Type": "Aggregate","Strategy": "Plain","Partial Mode": "Partial","Parent Relationship": "Outer","Parallel Aware": false,"Async Capable": false,"Startup Cost": 32969.24,"Total Cost": 32969.25,"Plan Rows": 1,"Plan Width": 32,"Actual Startup Time": 80.704,"Actual Total Time": 80.707,"Actual Rows": 1,"Actual Loops": 3,"Workers": [],"Plans": [{"Node Type": "Nested Loop","Parent Relationship": "Outer","Parallel Aware": false,"Async Capable": false,"Join Type": "Inner","Startup Cost": 0.43,"Total Cost": 32968.88,"Plan Rows": 48,"Plan Width": 12,"Actual Startup Time": 4.726,"Actual Total Time": 80.665,"Actual Rows": 42,"Actual Loops": 3,"Inner Unique": false,"Workers": [],"Plans": [{"Node Type": "Seq Scan","Parent Relationship": "Outer","Parallel Aware": true,"Async Capable": false,"Relation Name": "part","Alias": "part","Startup Cost": 0.00,"Total Cost": 7638.67,"Plan Rows": 206,"Plan Width": 30,"Actual Startup Time": 0.597,"Actual Total Time": 33.794,"Actual Rows": 173,"Actual Loops": 3,"Filter": "((p_size >= 1) AND (((p_brand = 'Brand#14'::bpchar) AND (p_container = ANY ('{\"SM CASE\",\"SM BOX\",\"SM PACK\",\"SM PKG\"}'::bpchar[])) AND (p_size <= 5)) OR ((p_brand = 'Brand#44'::bpchar) AND (p_container = ANY ('{\"MED BAG\",\"MED BOX\",\"MED PKG\",\"MED PACK\"}'::bpchar[])) AND (p_size <= 10)) OR ((p_brand = 'Brand#42'::bpchar) AND (p_container = ANY ('{\"LG CASE\",\"LG BOX\",\"LG PACK\",\"LG PKG\"}'::bpchar[])) AND (p_size <= 15))))","Rows Removed by Filter": 66494,"Workers": []},{"Node Type": "Index Scan","Parent Relationship": "Inner","Parallel Aware": false,"Async Capable": false,"Scan Direction": "Forward","Index Name": "idx_lineitem_part_supp","Relation Name": "lineitem","Alias": "lineitem","Startup Cost": 0.43,"Total Cost": 122.95,"Plan Rows": 1,"Plan Width": 21,"Actual Startup Time": 0.241,"Actual Total Time": 0.270,"Actual Rows": 0,"Actual Loops": 519,"Index Cond": "(l_partkey = part.p_partkey)","Rows Removed by Index Recheck": 0,"Filter": "((l_shipmode = ANY ('{AIR,\"AIR REG\"}'::bpchar[])) AND (l_shipinstruct = 'DELIVER IN PERSON'::bpchar) AND (((l_quantity >= '8'::numeric) AND (l_quantity <= '18'::numeric)) OR ((l_quantity >= '12'::numeric) AND (l_quantity <= '22'::numeric)) OR ((l_quantity >= '28'::numeric) AND (l_quantity <= '38'::numeric))) AND (((part.p_brand = 'Brand#14'::bpchar) AND (part.p_container = ANY ('{\"SM CASE\",\"SM BOX\",\"SM PACK\",\"SM PKG\"}'::bpchar[])) AND (l_quantity >= '8'::numeric) AND (l_quantity <= '18'::numeric) AND (part.p_size <= 5)) OR ((part.p_brand = 'Brand#44'::bpchar) AND (part.p_container = ANY ('{\"MED BAG\",\"MED BOX\",\"MED PKG\",\"MED PACK\"}'::bpchar[])) AND (l_quantity >= '12'::numeric) AND (l_quantity <= '22'::numeric) AND (part.p_size <= 10)) OR ((part.p_brand = 'Brand#42'::bpchar) AND (part.p_container = ANY ('{\"LG CASE\",\"LG BOX\",\"LG PACK\",\"LG PKG\"}'::bpchar[])) AND (l_quantity >= '28'::numeric) AND (l_quantity <= '38'::numeric) AND (part.p_size <= 15))))","Rows Removed by Filter": 30,"Workers": []}]}]}]}]},"Planning Time": 6.244,"Triggers": [],"Execution Time": 103.351}]
[{"Plan": {"Node Type": "Aggregate","Strategy": "Plain","Partial Mode": "Finalize","Parallel Aware": false,"Async Capable": false,"Startup Cost": 33856.55,"Total Cost": 33856.56,"Plan Rows": 1,"Plan Width": 32,"Actual Startup Time": 85.657,"Actual Total Time": 101.498,"Actual Rows": 1,"Actual Loops": 1,"Plans": [{"Node Type": "Gather","Parent Relationship": "Outer","Parallel Aware": false,"Async Capable": false,"Startup Cost": 33856.33,"Total Cost": 33856.54,"Plan Rows": 2,"Plan Width": 32,"Actual Startup Time": 85.465,"Actual Total Time": 101.475,"Actual Rows": 3,"Actual Loops": 1,"Workers Planned": 2,"Workers Launched": 2,"Single Copy": false,"Plans": [{"Node Type": "Aggregate","Strategy": "Plain","Partial Mode": "Partial","Parent Relationship": "Outer","Parallel Aware": false,"Async Capable": false,"Startup Cost": 32856.33,"Total Cost": 32856.34,"Plan Rows": 1,"Plan Width": 32,"Actual Startup Time": 79.147,"Actual Total Time": 79.150,"Actual Rows": 1,"Actual Loops": 3,"Workers": [],"Plans": [{"Node Type": "Nested Loop","Parent Relationship": "Outer","Parallel Aware": false,"Async Capable": false,"Join Type": "Inner","Startup Cost": 0.43,"Total Cost": 32855.97,"Plan Rows": 48,"Plan Width": 12,"Actual Startup Time": 3.538,"Actual Total Time": 79.106,"Actual Rows": 40,"Actual Loops": 3,"Inner Unique": false,"Workers": [],"Plans": [{"Node Type": "Seq Scan","Parent Relationship": "Outer","Parallel Aware": true,"Async Capable": false,"Relation Name": "part","Alias": "part","Startup Cost": 0.00,"Total Cost": 7638.67,"Plan Rows": 205,"Plan Width": 30,"Actual Startup Time": 0.289,"Actual Total Time": 34.065,"Actual Rows": 168,"Actual Loops": 3,"Filter": "((p_size >= 1) AND (((p_brand = 'Brand#24'::bpchar) AND (p_container = ANY ('{\"SM CASE\",\"SM BOX\",\"SM PACK\",\"SM PKG\"}'::bpchar[])) AND (p_size <= 5)) OR ((p_brand = 'Brand#23'::bpchar) AND (p_container = ANY ('{\"MED BAG\",\"MED BOX\",\"MED PKG\",\"MED PACK\"}'::bpchar[])) AND (p_size <= 10)) OR ((p_brand = 'Brand#42'::bpchar) AND (p_container = ANY ('{\"LG CASE\",\"LG BOX\",\"LG PACK\",\"LG PKG\"}'::bpchar[])) AND (p_size <= 15))))","Rows Removed by Filter": 66499,"Workers": []},{"Node Type": "Index Scan","Parent Relationship": "Inner","Parallel Aware": false,"Async Capable": false,"Scan Direction": "Forward","Index Name": "idx_lineitem_part_supp","Relation Name": "lineitem","Alias": "lineitem","Startup Cost": 0.43,"Total Cost": 123.00,"Plan Rows": 1,"Plan Width": 21,"Actual Startup Time": 0.238,"Actual Total Time": 0.268,"Actual Rows": 0,"Actual Loops": 504,"Index Cond": "(l_partkey = part.p_partkey)","Rows Removed by Index Recheck": 0,"Filter": "((l_shipmode = ANY ('{AIR,\"AIR REG\"}'::bpchar[])) AND (l_shipinstruct = 'DELIVER IN PERSON'::bpchar) AND (((l_quantity >= '3'::numeric) AND (l_quantity <= '13'::numeric)) OR ((l_quantity >= '11'::numeric) AND (l_quantity <= '21'::numeric)) OR ((l_quantity >= '26'::numeric) AND (l_quantity <= '36'::numeric))) AND (((part.p_brand = 'Brand#24'::bpchar) AND (part.p_container = ANY ('{\"SM CASE\",\"SM BOX\",\"SM PACK\",\"SM PKG\"}'::bpchar[])) AND (l_quantity >= '3'::numeric) AND (l_quantity <= '13'::numeric) AND (part.p_size <= 5)) OR ((part.p_brand = 'Brand#23'::bpchar) AND (part.p_container = ANY ('{\"MED BAG\",\"MED BOX\",\"MED PKG\",\"MED PACK\"}'::bpchar[])) AND (l_quantity >= '11'::numeric) AND (l_quantity <= '21'::numeric) AND (part.p_size <= 10)) OR ((part.p_brand = 'Brand#42'::bpchar) AND (part.p_container = ANY ('{\"LG CASE\",\"LG BOX\",\"LG PACK\",\"LG PKG\"}'::bpchar[])) AND (l_quantity >= '26'::numeric) AND (l_quantity <= '36'::numeric) AND (part.p_size <= 15))))","Rows Removed by Filter": 30,"Workers": []}]}]}]}]},"Planning Time": 6.796,"Triggers": [],"Execution Time": 101.680}]
[{"Plan": {"Node Type": "Aggregate","Strategy": "Plain","Partial Mode": "Finalize","Parallel Aware": false,"Async Capable": false,"Startup Cost": 33969.67,"Total Cost": 33969.68,"Plan Rows": 1,"Plan Width": 32,"Actual Startup Time": 86.788,"Actual Total Time": 101.649,"Actual Rows": 1,"Actual Loops": 1,"Plans": [{"Node Type": "Gather","Parent Relationship": "Outer","Parallel Aware": false,"Async Capable": false,"Startup Cost": 33969.45,"Total Cost": 33969.66,"Plan Rows": 2,"Plan Width": 32,"Actual Startup Time": 86.442,"Actual Total Time": 101.616,"Actual Rows": 3,"Actual Loops": 1,"Workers Planned": 2,"Workers Launched": 2,"Single Copy": false,"Plans": [{"Node Type": "Aggregate","Strategy": "Plain","Partial Mode": "Partial","Parent Relationship": "Outer","Parallel Aware": false,"Async Capable": false,"Startup Cost": 32969.45,"Total Cost": 32969.46,"Plan Rows": 1,"Plan Width": 32,"Actual Startup Time": 80.171,"Actual Total Time": 80.175,"Actual Rows": 1,"Actual Loops": 3,"Workers": [],"Plans": [{"Node Type": "Nested Loop","Parent Relationship": "Outer","Parallel Aware": false,"Async Capable": false,"Join Type": "Inner","Startup Cost": 0.43,"Total Cost": 32969.08,"Plan Rows": 48,"Plan Width": 12,"Actual Startup Time": 3.015,"Actual Total Time": 80.121,"Actual Rows": 39,"Actual Loops": 3,"Inner Unique": false,"Workers": [],"Plans": [{"Node Type": "Seq Scan","Parent Relationship": "Outer","Parallel Aware": true,"Async Capable": false,"Relation Name": "part","Alias": "part","Startup Cost": 0.00,"Total Cost": 7638.67,"Plan Rows": 206,"Plan Width": 30,"Actual Startup Time": 0.816,"Actual Total Time": 34.704,"Actual Rows": 164,"Actual Loops": 3,"Filter": "((p_size >= 1) AND (((p_brand = 'Brand#33'::bpchar) AND (p_container = ANY ('{\"SM CASE\",\"SM BOX\",\"SM PACK\",\"SM PKG\"}'::bpchar[])) AND (p_size <= 5)) OR ((p_brand = 'Brand#21'::bpchar) AND (p_container = ANY ('{\"MED BAG\",\"MED BOX\",\"MED PKG\",\"MED PACK\"}'::bpchar[])) AND (p_size <= 10)) OR ((p_brand = 'Brand#11'::bpchar) AND (p_container = ANY ('{\"LG CASE\",\"LG BOX\",\"LG PACK\",\"LG PKG\"}'::bpchar[])) AND (p_size <= 15))))","Rows Removed by Filter": 66503,"Workers": []},{"Node Type": "Index Scan","Parent Relationship": "Inner","Parallel Aware": false,"Async Capable": false,"Scan Direction": "Forward","Index Name": "idx_lineitem_part_supp","Relation Name": "lineitem","Alias": "lineitem","Startup Cost": 0.43,"Total Cost": 122.95,"Plan Rows": 1,"Plan Width": 21,"Actual Startup Time": 0.250,"Actual Total Time": 0.277,"Actual Rows": 0,"Actual Loops": 491,"Index Cond": "(l_partkey = part.p_partkey)","Rows Removed by Index Recheck": 0,"Filter": "((l_shipmode = ANY ('{AIR,\"AIR REG\"}'::bpchar[])) AND (l_shipinstruct = 'DELIVER IN PERSON'::bpchar) AND (((l_quantity >= '6'::numeric) AND (l_quantity <= '16'::numeric)) OR ((l_quantity >= '16'::numeric) AND (l_quantity <= '26'::numeric)) OR ((l_quantity >= '25'::numeric) AND (l_quantity <= '35'::numeric))) AND (((part.p_brand = 'Brand#33'::bpchar) AND (part.p_container = ANY ('{\"SM CASE\",\"SM BOX\",\"SM PACK\",\"SM PKG\"}'::bpchar[])) AND (l_quantity >= '6'::numeric) AND (l_quantity <= '16'::numeric) AND (part.p_size <= 5)) OR ((part.p_brand = 'Brand#21'::bpchar) AND (part.p_container = ANY ('{\"MED BAG\",\"MED BOX\",\"MED PKG\",\"MED PACK\"}'::bpchar[])) AND (l_quantity >= '16'::numeric) AND (l_quantity <= '26'::numeric) AND (part.p_size <= 10)) OR ((part.p_brand = 'Brand#11'::bpchar) AND (part.p_container = ANY ('{\"LG CASE\",\"LG BOX\",\"LG PACK\",\"LG PKG\"}'::bpchar[])) AND (l_quantity >= '25'::numeric) AND (l_quantity <= '35'::numeric) AND (part.p_size <= 15))))","Rows Removed by Filter": 30,"Workers": []}]}]}]}]},"Planning Time": 5.194,"Triggers": [],"Execution Time": 101.814}]
[{"Plan": {"Node Type": "Aggregate","Strategy": "Plain","Partial Mode": "Finalize","Parallel Aware": false,"Async Capable": false,"Startup Cost": 33045.77,"Total Cost": 33045.78,"Plan Rows": 1,"Plan Width": 32,"Actual Startup Time": 79.438,"Actual Total Time": 94.063,"Actual Rows": 1,"Actual Loops": 1,"Plans": [{"Node Type": "Gather","Parent Relationship": "Outer","Parallel Aware": false,"Async Capable": false,"Startup Cost": 33045.55,"Total Cost": 33045.76,"Plan Rows": 2,"Plan Width": 32,"Actual Startup Time": 79.285,"Actual Total Time": 94.037,"Actual Rows": 3,"Actual Loops": 1,"Workers Planned": 2,"Workers Launched": 2,"Single Copy": false,"Plans": [{"Node Type": "Aggregate","Strategy": "Plain","Partial Mode": "Partial","Parent Relationship": "Outer","Parallel Aware": false,"Async Capable": false,"Startup Cost": 32045.55,"Total Cost": 32045.56,"Plan Rows": 1,"Plan Width": 32,"Actual Startup Time": 72.880,"Actual Total Time": 72.883,"Actual Rows": 1,"Actual Loops": 3,"Workers": [],"Plans": [{"Node Type": "Nested Loop","Parent Relationship": "Outer","Parallel Aware": false,"Async Capable": false,"Join Type": "Inner","Startup Cost": 0.43,"Total Cost": 32045.20,"Plan Rows": 46,"Plan Width": 12,"Actual Startup Time": 0.729,"Actual Total Time": 72.826,"Actual Rows": 38,"Actual Loops": 3,"Inner Unique": false,"Workers": [],"Plans": [{"Node Type": "Seq Scan","Parent Relationship": "Outer","Parallel Aware": true,"Async Capable": false,"Relation Name": "part","Alias": "part","Startup Cost": 0.00,"Total Cost": 7638.67,"Plan Rows": 198,"Plan Width": 30,"Actual Startup Time": 0.367,"Actual Total Time": 31.297,"Actual Rows": 156,"Actual Loops": 3,"Filter": "((p_size >= 1) AND (((p_brand = 'Brand#53'::bpchar) AND (p_container = ANY ('{\"SM CASE\",\"SM BOX\",\"SM PACK\",\"SM PKG\"}'::bpchar[])) AND (p_size <= 5)) OR ((p_brand = 'Brand#51'::bpchar) AND (p_container = ANY ('{\"MED BAG\",\"MED BOX\",\"MED PKG\",\"MED PACK\"}'::bpchar[])) AND (p_size <= 10)) OR ((p_brand = 'Brand#25'::bpchar) AND (p_container = ANY ('{\"LG CASE\",\"LG BOX\",\"LG PACK\",\"LG PKG\"}'::bpchar[])) AND (p_size <= 15))))","Rows Removed by Filter": 66511,"Workers": []},{"Node Type": "Index Scan","Parent Relationship": "Inner","Parallel Aware": false,"Async Capable": false,"Scan Direction": "Forward","Index Name": "idx_lineitem_part_supp","Relation Name": "lineitem","Alias": "lineitem","Startup Cost": 0.43,"Total Cost": 123.26,"Plan Rows": 1,"Plan Width": 21,"Actual Startup Time": 0.234,"Actual Total Time": 0.266,"Actual Rows": 0,"Actual Loops": 468,"Index Cond": "(l_partkey = part.p_partkey)","Rows Removed by Index Recheck": 0,"Filter": "((l_shipmode = ANY ('{AIR,\"AIR REG\"}'::bpchar[])) AND (l_shipinstruct = 'DELIVER IN PERSON'::bpchar) AND (((l_quantity >= '2'::numeric) AND (l_quantity <= '12'::numeric)) OR ((l_quantity >= '18'::numeric) AND (l_quantity <= '28'::numeric)) OR ((l_quantity >= '24'::numeric) AND (l_quantity <= '34'::numeric))) AND (((part.p_brand = 'Brand#53'::bpchar) AND (part.p_container = ANY ('{\"SM CASE\",\"SM BOX\",\"SM PACK\",\"SM PKG\"}'::bpchar[])) AND (l_quantity >= '2'::numeric) AND (l_quantity <= '12'::numeric) AND (part.p_size <= 5)) OR ((part.p_brand = 'Brand#51'::bpchar) AND (part.p_container = ANY ('{\"MED BAG\",\"MED BOX\",\"MED PKG\",\"MED PACK\"}'::bpchar[])) AND (l_quantity >= '18'::numeric) AND (l_quantity <= '28'::numeric) AND (part.p_size <= 10)) OR ((part.p_brand = 'Brand#25'::bpchar) AND (part.p_container = ANY ('{\"LG CASE\",\"LG BOX\",\"LG PACK\",\"LG PKG\"}'::bpchar[])) AND (l_quantity >= '24'::numeric) AND (l_quantity <= '34'::numeric) AND (part.p_size <= 15))))","Rows Removed by Filter": 29,"Workers": []}]}]}]}]},"Planning Time": 7.134,"Triggers": [],"Execution Time": 94.210}]
[{"Plan": {"Node Type": "Aggregate","Strategy": "Plain","Partial Mode": "Finalize","Parallel Aware": false,"Async Capable": false,"Startup Cost": 33970.23,"Total Cost": 33970.24,"Plan Rows": 1,"Plan Width": 32,"Actual Startup Time": 81.099,"Actual Total Time": 95.839,"Actual Rows": 1,"Actual Loops": 1,"Plans": [{"Node Type": "Gather","Parent Relationship": "Outer","Parallel Aware": false,"Async Capable": false,"Startup Cost": 33970.01,"Total Cost": 33970.22,"Plan Rows": 2,"Plan Width": 32,"Actual Startup Time": 81.000,"Actual Total Time": 95.818,"Actual Rows": 3,"Actual Loops": 1,"Workers Planned": 2,"Workers Launched": 2,"Single Copy": false,"Plans": [{"Node Type": "Aggregate","Strategy": "Plain","Partial Mode": "Partial","Parent Relationship": "Outer","Parallel Aware": false,"Async Capable": false,"Startup Cost": 32970.01,"Total Cost": 32970.02,"Plan Rows": 1,"Plan Width": 32,"Actual Startup Time": 74.761,"Actual Total Time": 74.763,"Actual Rows": 1,"Actual Loops": 3,"Workers": [],"Plans": [{"Node Type": "Nested Loop","Parent Relationship": "Outer","Parallel Aware": false,"Async Capable": false,"Join Type": "Inner","Startup Cost": 0.43,"Total Cost": 32969.64,"Plan Rows": 48,"Plan Width": 12,"Actual Startup Time": 4.735,"Actual Total Time": 74.725,"Actual Rows": 38,"Actual Loops": 3,"Inner Unique": false,"Workers": [],"Plans": [{"Node Type": "Seq Scan","Parent Relationship": "Outer","Parallel Aware": true,"Async Capable": false,"Relation Name": "part","Alias": "part","Startup Cost": 0.00,"Total Cost": 7638.67,"Plan Rows": 206,"Plan Width": 30,"Actual Startup Time": 0.482,"Actual Total Time": 30.699,"Actual Rows": 170,"Actual Loops": 3,"Filter": "((p_size >= 1) AND (((p_brand = 'Brand#13'::bpchar) AND (p_container = ANY ('{\"SM CASE\",\"SM BOX\",\"SM PACK\",\"SM PKG\"}'::bpchar[])) AND (p_size <= 5)) OR ((p_brand = 'Brand#15'::bpchar) AND (p_container = ANY ('{\"MED BAG\",\"MED BOX\",\"MED PKG\",\"MED PACK\"}'::bpchar[])) AND (p_size <= 10)) OR ((p_brand = 'Brand#31'::bpchar) AND (p_container = ANY ('{\"LG CASE\",\"LG BOX\",\"LG PACK\",\"LG PKG\"}'::bpchar[])) AND (p_size <= 15))))","Rows Removed by Filter": 66497,"Workers": []},{"Node Type": "Index Scan","Parent Relationship": "Inner","Parallel Aware": false,"Async Capable": false,"Scan Direction": "Forward","Index Name": "idx_lineitem_part_supp","Relation Name": "lineitem","Alias": "lineitem","Startup Cost": 0.43,"Total Cost": 122.96,"Plan Rows": 1,"Plan Width": 21,"Actual Startup Time": 0.235,"Actual Total Time": 0.259,"Actual Rows": 0,"Actual Loops": 509,"Index Cond": "(l_partkey = part.p_partkey)","Rows Removed by Index Recheck": 0,"Filter": "((l_shipmode = ANY ('{AIR,\"AIR REG\"}'::bpchar[])) AND (l_shipinstruct = 'DELIVER IN PERSON'::bpchar) AND (((l_quantity >= '4'::numeric) AND (l_quantity <= '14'::numeric)) OR ((l_quantity >= '11'::numeric) AND (l_quantity <= '21'::numeric)) OR ((l_quantity >= '28'::numeric) AND (l_quantity <= '38'::numeric))) AND (((part.p_brand = 'Brand#13'::bpchar) AND (part.p_container = ANY ('{\"SM CASE\",\"SM BOX\",\"SM PACK\",\"SM PKG\"}'::bpchar[])) AND (l_quantity >= '4'::numeric) AND (l_quantity <= '14'::numeric) AND (part.p_size <= 5)) OR ((part.p_brand = 'Brand#15'::bpchar) AND (part.p_container = ANY ('{\"MED BAG\",\"MED BOX\",\"MED PKG\",\"MED PACK\"}'::bpchar[])) AND (l_quantity >= '11'::numeric) AND (l_quantity <= '21'::numeric) AND (part.p_size <= 10)) OR ((part.p_brand = 'Brand#31'::bpchar) AND (part.p_container = ANY ('{\"LG CASE\",\"LG BOX\",\"LG PACK\",\"LG PKG\"}'::bpchar[])) AND (l_quantity >= '28'::numeric) AND (l_quantity <= '38'::numeric) AND (part.p_size <= 15))))","Rows Removed by Filter": 30,"Workers": []}]}]}]}]},"Planning Time": 7.054,"Triggers": [],"Execution Time": 96.144}]
[{"Plan": {"Node Type": "Aggregate","Strategy": "Plain","Partial Mode": "Finalize","Parallel Aware": false,"Async Capable": false,"Startup Cost": 33508.04,"Total Cost": 33508.05,"Plan Rows": 1,"Plan Width": 32,"Actual Startup Time": 81.306,"Actual Total Time": 97.063,"Actual Rows": 1,"Actual Loops": 1,"Plans": [{"Node Type": "Gather","Parent Relationship": "Outer","Parallel Aware": false,"Async Capable": false,"Startup Cost": 33507.82,"Total Cost": 33508.03,"Plan Rows": 2,"Plan Width": 32,"Actual Startup Time": 81.103,"Actual Total Time": 97.027,"Actual Rows": 3,"Actual Loops": 1,"Workers Planned": 2,"Workers Launched": 2,"Single Copy": false,"Plans": [{"Node Type": "Aggregate","Strategy": "Plain","Partial Mode": "Partial","Parent Relationship": "Outer","Parallel Aware": false,"Async Capable": false,"Startup Cost": 32507.82,"Total Cost": 32507.83,"Plan Rows": 1,"Plan Width": 32,"Actual Startup Time": 74.918,"Actual Total Time": 74.921,"Actual Rows": 1,"Actual Loops": 3,"Workers": [],"Plans": [{"Node Type": "Nested Loop","Parent Relationship": "Outer","Parallel Aware": false,"Async Capable": false,"Join Type": "Inner","Startup Cost": 0.43,"Total Cost": 32507.46,"Plan Rows": 47,"Plan Width": 12,"Actual Startup Time": 6.332,"Actual Total Time": 74.861,"Actual Rows": 39,"Actual Loops": 3,"Inner Unique": false,"Workers": [],"Plans": [{"Node Type": "Seq Scan","Parent Relationship": "Outer","Parallel Aware": true,"Async Capable": false,"Relation Name": "part","Alias": "part","Startup Cost": 0.00,"Total Cost": 7638.67,"Plan Rows": 202,"Plan Width": 30,"Actual Startup Time": 0.348,"Actual Total Time": 30.973,"Actual Rows": 166,"Actual Loops": 3,"Filter": "((p_size >= 1) AND (((p_brand = 'Brand#31'::bpchar) AND (p_container = ANY ('{\"SM CASE\",\"SM BOX\",\"SM PACK\",\"SM PKG\"}'::bpchar[])) AND (p_size <= 5)) OR ((p_brand = 'Brand#52'::bpchar) AND (p_container = ANY ('{\"MED BAG\",\"MED BOX\",\"MED PKG\",\"MED PACK\"}'::bpchar[])) AND (p_size <= 10)) OR ((p_brand = 'Brand#53'::bpchar) AND (p_container = ANY ('{\"LG CASE\",\"LG BOX\",\"LG PACK\",\"LG PKG\"}'::bpchar[])) AND (p_size <= 15))))","Rows Removed by Filter": 66501,"Workers": []},{"Node Type": "Index Scan","Parent Relationship": "Inner","Parallel Aware": false,"Async Capable": false,"Scan Direction": "Forward","Index Name": "idx_lineitem_part_supp","Relation Name": "lineitem","Alias": "lineitem","Startup Cost": 0.43,"Total Cost": 123.10,"Plan Rows": 1,"Plan Width": 21,"Actual Startup Time": 0.241,"Actual Total Time": 0.265,"Actual Rows": 0,"Actual Loops": 497,"Index Cond": "(l_partkey = part.p_partkey)","Rows Removed by Index Recheck": 0,"Filter": "((l_shipmode = ANY ('{AIR,\"AIR REG\"}'::bpchar[])) AND (l_shipinstruct = 'DELIVER IN PERSON'::bpchar) AND (((l_quantity >= '8'::numeric) AND (l_quantity <= '18'::numeric)) OR ((l_quantity >= '17'::numeric) AND (l_quantity <= '27'::numeric)) OR ((l_quantity >= '28'::numeric) AND (l_quantity <= '38'::numeric))) AND (((part.p_brand = 'Brand#31'::bpchar) AND (part.p_container = ANY ('{\"SM CASE\",\"SM BOX\",\"SM PACK\",\"SM PKG\"}'::bpchar[])) AND (l_quantity >= '8'::numeric) AND (l_quantity <= '18'::numeric) AND (part.p_size <= 5)) OR ((part.p_brand = 'Brand#52'::bpchar) AND (part.p_container = ANY ('{\"MED BAG\",\"MED BOX\",\"MED PKG\",\"MED PACK\"}'::bpchar[])) AND (l_quantity >= '17'::numeric) AND (l_quantity <= '27'::numeric) AND (part.p_size <= 10)) OR ((part.p_brand = 'Brand#53'::bpchar) AND (part.p_container = ANY ('{\"LG CASE\",\"LG BOX\",\"LG PACK\",\"LG PKG\"}'::bpchar[])) AND (l_quantity >= '28'::numeric) AND (l_quantity <= '38'::numeric) AND (part.p_size <= 15))))","Rows Removed by Filter": 30,"Workers": []}]}]}]}]},"Planning Time": 6.678,"Triggers": [],"Execution Time": 97.261}]
[{"Plan": {"Node Type": "Aggregate","Strategy": "Plain","Partial Mode": "Finalize","Parallel Aware": false,"Async Capable": false,"Startup Cost": 33279.48,"Total Cost": 33279.49,"Plan Rows": 1,"Plan Width": 32,"Actual Startup Time": 85.732,"Actual Total Time": 101.740,"Actual Rows": 1,"Actual Loops": 1,"Plans": [{"Node Type": "Gather","Parent Relationship": "Outer","Parallel Aware": false,"Async Capable": false,"Startup Cost": 33279.26,"Total Cost": 33279.47,"Plan Rows": 2,"Plan Width": 32,"Actual Startup Time": 85.501,"Actual Total Time": 101.703,"Actual Rows": 3,"Actual Loops": 1,"Workers Planned": 2,"Workers Launched": 2,"Single Copy": false,"Plans": [{"Node Type": "Aggregate","Strategy": "Plain","Partial Mode": "Partial","Parent Relationship": "Outer","Parallel Aware": false,"Async Capable": false,"Startup Cost": 32279.26,"Total Cost": 32279.27,"Plan Rows": 1,"Plan Width": 32,"Actual Startup Time": 79.174,"Actual Total Time": 79.177,"Actual Rows": 1,"Actual Loops": 3,"Workers": [],"Plans": [{"Node Type": "Nested Loop","Parent Relationship": "Outer","Parallel Aware": false,"Async Capable": false,"Join Type": "Inner","Startup Cost": 0.43,"Total Cost": 32278.90,"Plan Rows": 47,"Plan Width": 12,"Actual Startup Time": 5.479,"Actual Total Time": 79.131,"Actual Rows": 43,"Actual Loops": 3,"Inner Unique": false,"Workers": [],"Plans": [{"Node Type": "Seq Scan","Parent Relationship": "Outer","Parallel Aware": true,"Async Capable": false,"Relation Name": "part","Alias": "part","Startup Cost": 0.00,"Total Cost": 7638.67,"Plan Rows": 200,"Plan Width": 30,"Actual Startup Time": 0.156,"Actual Total Time": 34.098,"Actual Rows": 163,"Actual Loops": 3,"Filter": "((p_size >= 1) AND (((p_brand = 'Brand#55'::bpchar) AND (p_container = ANY ('{\"SM CASE\",\"SM BOX\",\"SM PACK\",\"SM PKG\"}'::bpchar[])) AND (p_size <= 5)) OR ((p_brand = 'Brand#12'::bpchar) AND (p_container = ANY ('{\"MED BAG\",\"MED BOX\",\"MED PKG\",\"MED PACK\"}'::bpchar[])) AND (p_size <= 10)) OR ((p_brand = 'Brand#43'::bpchar) AND (p_container = ANY ('{\"LG CASE\",\"LG BOX\",\"LG PACK\",\"LG PKG\"}'::bpchar[])) AND (p_size <= 15))))","Rows Removed by Filter": 66503,"Workers": []},{"Node Type": "Index Scan","Parent Relationship": "Inner","Parallel Aware": false,"Async Capable": false,"Scan Direction": "Forward","Index Name": "idx_lineitem_part_supp","Relation Name": "lineitem","Alias": "lineitem","Startup Cost": 0.43,"Total Cost": 123.19,"Plan Rows": 1,"Plan Width": 21,"Actual Startup Time": 0.245,"Actual Total Time": 0.275,"Actual Rows": 0,"Actual Loops": 490,"Index Cond": "(l_partkey = part.p_partkey)","Rows Removed by Index Recheck": 0,"Filter": "((l_shipmode = ANY ('{AIR,\"AIR REG\"}'::bpchar[])) AND (l_shipinstruct = 'DELIVER IN PERSON'::bpchar) AND (((l_quantity >= '5'::numeric) AND (l_quantity <= '15'::numeric)) OR ((l_quantity >= '10'::numeric) AND (l_quantity <= '20'::numeric)) OR ((l_quantity >= '21'::numeric) AND (l_quantity <= '31'::numeric))) AND (((part.p_brand = 'Brand#55'::bpchar) AND (part.p_container = ANY ('{\"SM CASE\",\"SM BOX\",\"SM PACK\",\"SM PKG\"}'::bpchar[])) AND (l_quantity >= '5'::numeric) AND (l_quantity <= '15'::numeric) AND (part.p_size <= 5)) OR ((part.p_brand = 'Brand#12'::bpchar) AND (part.p_container = ANY ('{\"MED BAG\",\"MED BOX\",\"MED PKG\",\"MED PACK\"}'::bpchar[])) AND (l_quantity >= '10'::numeric) AND (l_quantity <= '20'::numeric) AND (part.p_size <= 10)) OR ((part.p_brand = 'Brand#43'::bpchar) AND (part.p_container = ANY ('{\"LG CASE\",\"LG BOX\",\"LG PACK\",\"LG PKG\"}'::bpchar[])) AND (l_quantity >= '21'::numeric) AND (l_quantity <= '31'::numeric) AND (part.p_size <= 15))))","Rows Removed by Filter": 30,"Workers": []}]}]}]}]},"Planning Time": 6.802,"Triggers": [],"Execution Time": 101.916}]
[{"Plan": {"Node Type": "Aggregate","Strategy": "Plain","Partial Mode": "Finalize","Parallel Aware": false,"Async Capable": false,"Startup Cost": 33509.54,"Total Cost": 33509.55,"Plan Rows": 1,"Plan Width": 32,"Actual Startup Time": 87.065,"Actual Total Time": 103.109,"Actual Rows": 1,"Actual Loops": 1,"Plans": [{"Node Type": "Gather","Parent Relationship": "Outer","Parallel Aware": false,"Async Capable": false,"Startup Cost": 33509.32,"Total Cost": 33509.53,"Plan Rows": 2,"Plan Width": 32,"Actual Startup Time": 86.889,"Actual Total Time": 103.079,"Actual Rows": 3,"Actual Loops": 1,"Workers Planned": 2,"Workers Launched": 2,"Single Copy": false,"Plans": [{"Node Type": "Aggregate","Strategy": "Plain","Partial Mode": "Partial","Parent Relationship": "Outer","Parallel Aware": false,"Async Capable": false,"Startup Cost": 32509.32,"Total Cost": 32509.33,"Plan Rows": 1,"Plan Width": 32,"Actual Startup Time": 80.693,"Actual Total Time": 80.695,"Actual Rows": 1,"Actual Loops": 3,"Workers": [],"Plans": [{"Node Type": "Nested Loop","Parent Relationship": "Outer","Parallel Aware": false,"Async Capable": false,"Join Type": "Inner","Startup Cost": 0.43,"Total Cost": 32508.97,"Plan Rows": 47,"Plan Width": 12,"Actual Startup Time": 3.756,"Actual Total Time": 80.647,"Actual Rows": 44,"Actual Loops": 3,"Inner Unique": false,"Workers": [],"Plans": [{"Node Type": "Seq Scan","Parent Relationship": "Outer","Parallel Aware": true,"Async Capable": false,"Relation Name": "part","Alias": "part","Startup Cost": 0.00,"Total Cost": 7638.67,"Plan Rows": 202,"Plan Width": 30,"Actual Startup Time": 0.309,"Actual Total Time": 33.870,"Actual Rows": 173,"Actual Loops": 3,"Filter": "((p_size >= 1) AND (((p_brand = 'Brand#35'::bpchar) AND (p_container = ANY ('{\"SM CASE\",\"SM BOX\",\"SM PACK\",\"SM PKG\"}'::bpchar[])) AND (p_size <= 5)) OR ((p_brand = 'Brand#13'::bpchar) AND (p_container = ANY ('{\"MED BAG\",\"MED BOX\",\"MED PKG\",\"MED PACK\"}'::bpchar[])) AND (p_size <= 10)) OR ((p_brand = 'Brand#13'::bpchar) AND (p_container = ANY ('{\"LG CASE\",\"LG BOX\",\"LG PACK\",\"LG PKG\"}'::bpchar[])) AND (p_size <= 15))))","Rows Removed by Filter": 66494,"Workers": []},{"Node Type": "Index Scan","Parent Relationship": "Inner","Parallel Aware": false,"Async Capable": false,"Scan Direction": "Forward","Index Name": "idx_lineitem_part_supp","Relation Name": "lineitem","Alias": "lineitem","Startup Cost": 0.43,"Total Cost": 123.11,"Plan Rows": 1,"Plan Width": 21,"Actual Startup Time": 0.243,"Actual Total Time": 0.270,"Actual Rows": 0,"Actual Loops": 518,"Index Cond": "(l_partkey = part.p_partkey)","Rows Removed by Index Recheck": 0,"Filter": "((l_shipmode = ANY ('{AIR,\"AIR REG\"}'::bpchar[])) AND (l_shipinstruct = 'DELIVER IN PERSON'::bpchar) AND (((l_quantity >= '5'::numeric) AND (l_quantity <= '15'::numeric)) OR ((l_quantity >= '16'::numeric) AND (l_quantity <= '26'::numeric)) OR ((l_quantity >= '20'::numeric) AND (l_quantity <= '30'::numeric))) AND (((part.p_brand = 'Brand#35'::bpchar) AND (part.p_container = ANY ('{\"SM CASE\",\"SM BOX\",\"SM PACK\",\"SM PKG\"}'::bpchar[])) AND (l_quantity >= '5'::numeric) AND (l_quantity <= '15'::numeric) AND (part.p_size <= 5)) OR ((part.p_brand = 'Brand#13'::bpchar) AND (part.p_container = ANY ('{\"MED BAG\",\"MED BOX\",\"MED PKG\",\"MED PACK\"}'::bpchar[])) AND (l_quantity >= '16'::numeric) AND (l_quantity <= '26'::numeric) AND (part.p_size <= 10)) OR ((part.p_brand = 'Brand#13'::bpchar) AND (part.p_container = ANY ('{\"LG CASE\",\"LG BOX\",\"LG PACK\",\"LG PKG\"}'::bpchar[])) AND (l_quantity >= '20'::numeric) AND (l_quantity <= '30'::numeric) AND (part.p_size <= 15))))","Rows Removed by Filter": 30,"Workers": []}]}]}]}]},"Planning Time": 6.265,"Triggers": [],"Execution Time": 103.281}]
[{"Plan": {"Node Type": "Aggregate","Strategy": "Plain","Partial Mode": "Finalize","Parallel Aware": false,"Async Capable": false,"Startup Cost": 33624.48,"Total Cost": 33624.49,"Plan Rows": 1,"Plan Width": 32,"Actual Startup Time": 84.754,"Actual Total Time": 100.546,"Actual Rows": 1,"Actual Loops": 1,"Plans": [{"Node Type": "Gather","Parent Relationship": "Outer","Parallel Aware": false,"Async Capable": false,"Startup Cost": 33624.25,"Total Cost": 33624.46,"Plan Rows": 2,"Plan Width": 32,"Actual Startup Time": 84.606,"Actual Total Time": 100.515,"Actual Rows": 3,"Actual Loops": 1,"Workers Planned": 2,"Workers Launched": 2,"Single Copy": false,"Plans": [{"Node Type": "Aggregate","Strategy": "Plain","Partial Mode": "Partial","Parent Relationship": "Outer","Parallel Aware": false,"Async Capable": false,"Startup Cost": 32624.25,"Total Cost": 32624.26,"Plan Rows": 1,"Plan Width": 32,"Actual Startup Time": 78.328,"Actual Total Time": 78.330,"Actual Rows": 1,"Actual Loops": 3,"Workers": [],"Plans": [{"Node Type": "Nested Loop","Parent Relationship": "Outer","Parallel Aware": false,"Async Capable": false,"Join Type": "Inner","Startup Cost": 0.43,"Total Cost": 32623.90,"Plan Rows": 47,"Plan Width": 12,"Actual Startup Time": 2.019,"Actual Total Time": 78.286,"Actual Rows": 41,"Actual Loops": 3,"Inner Unique": false,"Workers": [],"Plans": [{"Node Type": "Seq Scan","Parent Relationship": "Outer","Parallel Aware": true,"Async Capable": false,"Relation Name": "part","Alias": "part","Startup Cost": 0.00,"Total Cost": 7638.67,"Plan Rows": 203,"Plan Width": 30,"Actual Startup Time": 0.306,"Actual Total Time": 33.835,"Actual Rows": 164,"Actual Loops": 3,"Filter": "((p_size >= 1) AND (((p_brand = 'Brand#15'::bpchar) AND (p_container = ANY ('{\"SM CASE\",\"SM BOX\",\"SM PACK\",\"SM PKG\"}'::bpchar[])) AND (p_size <= 5)) OR ((p_brand = 'Brand#35'::bpchar) AND (p_container = ANY ('{\"MED BAG\",\"MED BOX\",\"MED PKG\",\"MED PACK\"}'::bpchar[])) AND (p_size <= 10)) OR ((p_brand = 'Brand#44'::bpchar) AND (p_container = ANY ('{\"LG CASE\",\"LG BOX\",\"LG PACK\",\"LG PKG\"}'::bpchar[])) AND (p_size <= 15))))","Rows Removed by Filter": 66502,"Workers": []},{"Node Type": "Index Scan","Parent Relationship": "Inner","Parallel Aware": false,"Async Capable": false,"Scan Direction": "Forward","Index Name": "idx_lineitem_part_supp","Relation Name": "lineitem","Alias": "lineitem","Startup Cost": 0.43,"Total Cost": 123.07,"Plan Rows": 1,"Plan Width": 21,"Actual Startup Time": 0.240,"Actual Total Time": 0.270,"Actual Rows": 0,"Actual Loops": 493,"Index Cond": "(l_partkey = part.p_partkey)","Rows Removed by Index Recheck": 0,"Filter": "((l_shipmode = ANY ('{AIR,\"AIR REG\"}'::bpchar[])) AND (l_shipinstruct = 'DELIVER IN PERSON'::bpchar) AND (((l_quantity >= '3'::numeric) AND (l_quantity <= '13'::numeric)) OR ((l_quantity >= '19'::numeric) AND (l_quantity <= '29'::numeric)) OR ((l_quantity >= '29'::numeric) AND (l_quantity <= '39'::numeric))) AND (((part.p_brand = 'Brand#15'::bpchar) AND (part.p_container = ANY ('{\"SM CASE\",\"SM BOX\",\"SM PACK\",\"SM PKG\"}'::bpchar[])) AND (l_quantity >= '3'::numeric) AND (l_quantity <= '13'::numeric) AND (part.p_size <= 5)) OR ((part.p_brand = 'Brand#35'::bpchar) AND (part.p_container = ANY ('{\"MED BAG\",\"MED BOX\",\"MED PKG\",\"MED PACK\"}'::bpchar[])) AND (l_quantity >= '19'::numeric) AND (l_quantity <= '29'::numeric) AND (part.p_size <= 10)) OR ((part.p_brand = 'Brand#44'::bpchar) AND (part.p_container = ANY ('{\"LG CASE\",\"LG BOX\",\"LG PACK\",\"LG PKG\"}'::bpchar[])) AND (l_quantity >= '29'::numeric) AND (l_quantity <= '39'::numeric) AND (part.p_size <= 15))))","Rows Removed by Filter": 30,"Workers": []}]}]}]}]},"Planning Time": 6.134,"Triggers": [],"Execution Time": 100.767}]
[{"Plan": {"Node Type": "Aggregate","Strategy": "Plain","Partial Mode": "Finalize","Parallel Aware": false,"Async Capable": false,"Startup Cost": 33622.53,"Total Cost": 33622.54,"Plan Rows": 1,"Plan Width": 32,"Actual Startup Time": 79.380,"Actual Total Time": 94.010,"Actual Rows": 1,"Actual Loops": 1,"Plans": [{"Node Type": "Gather","Parent Relationship": "Outer","Parallel Aware": false,"Async Capable": false,"Startup Cost": 33622.31,"Total Cost": 33622.52,"Plan Rows": 2,"Plan Width": 32,"Actual Startup Time": 79.260,"Actual Total Time": 93.975,"Actual Rows": 3,"Actual Loops": 1,"Workers Planned": 2,"Workers Launched": 2,"Single Copy": false,"Plans": [{"Node Type": "Aggregate","Strategy": "Plain","Partial Mode": "Partial","Parent Relationship": "Outer","Parallel Aware": false,"Async Capable": false,"Startup Cost": 32622.31,"Total Cost": 32622.32,"Plan Rows": 1,"Plan Width": 32,"Actual Startup Time": 73.223,"Actual Total Time": 73.226,"Actual Rows": 1,"Actual Loops": 3,"Workers": [],"Plans": [{"Node Type": "Nested Loop","Parent Relationship": "Outer","Parallel Aware": false,"Async Capable": false,"Join Type": "Inner","Startup Cost": 0.43,"Total Cost": 32621.95,"Plan Rows": 47,"Plan Width": 12,"Actual Startup Time": 5.685,"Actual Total Time": 73.188,"Actual Rows": 37,"Actual Loops": 3,"Inner Unique": false,"Workers": [],"Plans": [{"Node Type": "Seq Scan","Parent Relationship": "Outer","Parallel Aware": true,"Async Capable": false,"Relation Name": "part","Alias": "part","Startup Cost": 0.00,"Total Cost": 7638.67,"Plan Rows": 203,"Plan Width": 30,"Actual Startup Time": 0.711,"Actual Total Time": 31.308,"Actual Rows": 159,"Actual Loops": 3,"Filter": "((p_size >= 1) AND (((p_brand = 'Brand#34'::bpchar) AND (p_container = ANY ('{\"SM CASE\",\"SM BOX\",\"SM PACK\",\"SM PKG\"}'::bpchar[])) AND (p_size <= 5)) OR ((p_brand = 'Brand#14'::bpchar) AND (p_container = ANY ('{\"MED BAG\",\"MED BOX\",\"MED PKG\",\"MED PACK\"}'::bpchar[])) AND (p_size <= 10)) OR ((p_brand = 'Brand#53'::bpchar) AND (p_container = ANY ('{\"LG CASE\",\"LG BOX\",\"LG PACK\",\"LG PKG\"}'::bpchar[])) AND (p_size <= 15))))","Rows Removed by Filter": 66507,"Workers": []},{"Node Type": "Index Scan","Parent Relationship": "Inner","Parallel Aware": false,"Async Capable": false,"Scan Direction": "Forward","Index Name": "idx_lineitem_part_supp","Relation Name": "lineitem","Alias": "lineitem","Startup Cost": 0.43,"Total Cost": 123.06,"Plan Rows": 1,"Plan Width": 21,"Actual Startup Time": 0.237,"Actual Total Time": 0.262,"Actual Rows": 0,"Actual Loops": 478,"Index Cond": "(l_partkey = part.p_partkey)","Rows Removed by Index Recheck": 0,"Filter": "((l_shipmode = ANY ('{AIR,\"AIR REG\"}'::bpchar[])) AND (l_shipinstruct = 'DELIVER IN PERSON'::bpchar) AND (((l_quantity >= '9'::numeric) AND (l_quantity <= '19'::numeric)) OR ((l_quantity >= '13'::numeric) AND (l_quantity <= '23'::numeric)) OR ((l_quantity >= '28'::numeric) AND (l_quantity <= '38'::numeric))) AND (((part.p_brand = 'Brand#34'::bpchar) AND (part.p_container = ANY ('{\"SM CASE\",\"SM BOX\",\"SM PACK\",\"SM PKG\"}'::bpchar[])) AND (l_quantity >= '9'::numeric) AND (l_quantity <= '19'::numeric) AND (part.p_size <= 5)) OR ((part.p_brand = 'Brand#14'::bpchar) AND (part.p_container = ANY ('{\"MED BAG\",\"MED BOX\",\"MED PKG\",\"MED PACK\"}'::bpchar[])) AND (l_quantity >= '13'::numeric) AND (l_quantity <= '23'::numeric) AND (part.p_size <= 10)) OR ((part.p_brand = 'Brand#53'::bpchar) AND (part.p_container = ANY ('{\"LG CASE\",\"LG BOX\",\"LG PACK\",\"LG PKG\"}'::bpchar[])) AND (l_quantity >= '28'::numeric) AND (l_quantity <= '38'::numeric) AND (part.p_size <= 15))))","Rows Removed by Filter": 29,"Workers": []}]}]}]}]},"Planning Time": 6.476,"Triggers": [],"Execution Time": 94.221}]
[{"Plan": {"Node Type": "Aggregate","Strategy": "Plain","Partial Mode": "Finalize","Parallel Aware": false,"Async Capable": false,"Startup Cost": 33973.02,"Total Cost": 33973.03,"Plan Rows": 1,"Plan Width": 32,"Actual Startup Time": 80.658,"Actual Total Time": 95.100,"Actual Rows": 1,"Actual Loops": 1,"Plans": [{"Node Type": "Gather","Parent Relationship": "Outer","Parallel Aware": false,"Async Capable": false,"Startup Cost": 33972.80,"Total Cost": 33973.01,"Plan Rows": 2,"Plan Width": 32,"Actual Startup Time": 80.462,"Actual Total Time": 95.064,"Actual Rows": 3,"Actual Loops": 1,"Workers Planned": 2,"Workers Launched": 2,"Single Copy": false,"Plans": [{"Node Type": "Aggregate","Strategy": "Plain","Partial Mode": "Partial","Parent Relationship": "Outer","Parallel Aware": false,"Async Capable": false,"Startup Cost": 32972.80,"Total Cost": 32972.81,"Plan Rows": 1,"Plan Width": 32,"Actual Startup Time": 74.221,"Actual Total Time": 74.223,"Actual Rows": 1,"Actual Loops": 3,"Workers": [],"Plans": [{"Node Type": "Nested Loop","Parent Relationship": "Outer","Parallel Aware": false,"Async Capable": false,"Join Type": "Inner","Startup Cost": 0.43,"Total Cost": 32972.43,"Plan Rows": 48,"Plan Width": 12,"Actual Startup Time": 4.770,"Actual Total Time": 74.174,"Actual Rows": 47,"Actual Loops": 3,"Inner Unique": false,"Workers": [],"Plans": [{"Node Type": "Seq Scan","Parent Relationship": "Outer","Parallel Aware": true,"Async Capable": false,"Relation Name": "part","Alias": "part","Startup Cost": 0.00,"Total Cost": 7638.67,"Plan Rows": 206,"Plan Width": 30,"Actual Startup Time": 0.881,"Actual Total Time": 31.048,"Actual Rows": 163,"Actual Loops": 3,"Filter": "((p_size >= 1) AND (((p_brand = 'Brand#15'::bpchar) AND (p_container = ANY ('{\"SM CASE\",\"SM BOX\",\"SM PACK\",\"SM PKG\"}'::bpchar[])) AND (p_size <= 5)) OR ((p_brand = 'Brand#31'::bpchar) AND (p_container = ANY ('{\"MED BAG\",\"MED BOX\",\"MED PKG\",\"MED PACK\"}'::bpchar[])) AND (p_size <= 10)) OR ((p_brand = 'Brand#55'::bpchar) AND (p_container = ANY ('{\"LG CASE\",\"LG BOX\",\"LG PACK\",\"LG PKG\"}'::bpchar[])) AND (p_size <= 15))))","Rows Removed by Filter": 66503,"Workers": []},{"Node Type": "Index Scan","Parent Relationship": "Inner","Parallel Aware": false,"Async Capable": false,"Scan Direction": "Forward","Index Name": "idx_lineitem_part_supp","Relation Name": "lineitem","Alias": "lineitem","Startup Cost": 0.43,"Total Cost": 122.97,"Plan Rows": 1,"Plan Width": 21,"Actual Startup Time": 0.230,"Actual Total Time": 0.264,"Actual Rows": 0,"Actual Loops": 490,"Index Cond": "(l_partkey = part.p_partkey)","Rows Removed by Index Recheck": 0,"Filter": "((l_shipmode = ANY ('{AIR,\"AIR REG\"}'::bpchar[])) AND (l_shipinstruct = 'DELIVER IN PERSON'::bpchar) AND (((l_quantity >= '3'::numeric) AND (l_quantity <= '13'::numeric)) OR ((l_quantity >= '20'::numeric) AND (l_quantity <= '30'::numeric)) OR ((l_quantity >= '24'::numeric) AND (l_quantity <= '34'::numeric))) AND (((part.p_brand = 'Brand#15'::bpchar) AND (part.p_container = ANY ('{\"SM CASE\",\"SM BOX\",\"SM PACK\",\"SM PKG\"}'::bpchar[])) AND (l_quantity >= '3'::numeric) AND (l_quantity <= '13'::numeric) AND (part.p_size <= 5)) OR ((part.p_brand = 'Brand#31'::bpchar) AND (part.p_container = ANY ('{\"MED BAG\",\"MED BOX\",\"MED PKG\",\"MED PACK\"}'::bpchar[])) AND (l_quantity >= '20'::numeric) AND (l_quantity <= '30'::numeric) AND (part.p_size <= 10)) OR ((part.p_brand = 'Brand#55'::bpchar) AND (part.p_container = ANY ('{\"LG CASE\",\"LG BOX\",\"LG PACK\",\"LG PKG\"}'::bpchar[])) AND (l_quantity >= '24'::numeric) AND (l_quantity <= '34'::numeric) AND (part.p_size <= 15))))","Rows Removed by Filter": 30,"Workers": []}]}]}]}]},"Planning Time": 5.156,"Triggers": [],"Execution Time": 95.266}]
[{"Plan": {"Node Type": "Aggregate","Strategy": "Plain","Partial Mode": "Finalize","Parallel Aware": false,"Async Capable": false,"Startup Cost": 33623.76,"Total Cost": 33623.77,"Plan Rows": 1,"Plan Width": 32,"Actual Startup Time": 84.096,"Actual Total Time": 99.047,"Actual Rows": 1,"Actual Loops": 1,"Plans": [{"Node Type": "Gather","Parent Relationship": "Outer","Parallel Aware": false,"Async Capable": false,"Startup Cost": 33623.53,"Total Cost": 33623.74,"Plan Rows": 2,"Plan Width": 32,"Actual Startup Time": 83.143,"Actual Total Time": 99.011,"Actual Rows": 3,"Actual Loops": 1,"Workers Planned": 2,"Workers Launched": 2,"Single Copy": false,"Plans": [{"Node Type": "Aggregate","Strategy": "Plain","Partial Mode": "Partial","Parent Relationship": "Outer","Parallel Aware": false,"Async Capable": false,"Startup Cost": 32623.53,"Total Cost": 32623.54,"Plan Rows": 1,"Plan Width": 32,"Actual Startup Time": 77.038,"Actual Total Time": 77.041,"Actual Rows": 1,"Actual Loops": 3,"Workers": [],"Plans": [{"Node Type": "Nested Loop","Parent Relationship": "Outer","Parallel Aware": false,"Async Capable": false,"Join Type": "Inner","Startup Cost": 0.43,"Total Cost": 32623.17,"Plan Rows": 48,"Plan Width": 12,"Actual Startup Time": 4.352,"Actual Total Time": 77.000,"Actual Rows": 38,"Actual Loops": 3,"Inner Unique": false,"Workers": [],"Plans": [{"Node Type": "Seq Scan","Parent Relationship": "Outer","Parallel Aware": true,"Async Capable": false,"Relation Name": "part","Alias": "part","Startup Cost": 0.00,"Total Cost": 7638.67,"Plan Rows": 203,"Plan Width": 30,"Actual Startup Time": 0.433,"Actual Total Time": 31.636,"Actual Rows": 169,"Actual Loops": 3,"Filter": "((p_size >= 1) AND (((p_brand = 'Brand#51'::bpchar) AND (p_container = ANY ('{\"SM CASE\",\"SM BOX\",\"SM PACK\",\"SM PKG\"}'::bpchar[])) AND (p_size <= 5)) OR ((p_brand = 'Brand#41'::bpchar) AND (p_container = ANY ('{\"MED BAG\",\"MED BOX\",\"MED PKG\",\"MED PACK\"}'::bpchar[])) AND (p_size <= 10)) OR ((p_brand = 'Brand#11'::bpchar) AND (p_container = ANY ('{\"LG CASE\",\"LG BOX\",\"LG PACK\",\"LG PKG\"}'::bpchar[])) AND (p_size <= 15))))","Rows Removed by Filter": 66497,"Workers": []},{"Node Type": "Index Scan","Parent Relationship": "Inner","Parallel Aware": false,"Async Capable": false,"Scan Direction": "Forward","Index Name": "idx_lineitem_part_supp","Relation Name": "lineitem","Alias": "lineitem","Startup Cost": 0.43,"Total Cost": 123.07,"Plan Rows": 1,"Plan Width": 21,"Actual Startup Time": 0.242,"Actual Total Time": 0.267,"Actual Rows": 0,"Actual Loops": 508,"Index Cond": "(l_partkey = part.p_partkey)","Rows Removed by Index Recheck": 0,"Filter": "((l_shipmode = ANY ('{AIR,\"AIR REG\"}'::bpchar[])) AND (l_shipinstruct = 'DELIVER IN PERSON'::bpchar) AND (((l_quantity >= '9'::numeric) AND (l_quantity <= '19'::numeric)) OR ((l_quantity >= '10'::numeric) AND (l_quantity <= '20'::numeric)) OR ((l_quantity >= '26'::numeric) AND (l_quantity <= '36'::numeric))) AND (((part.p_brand = 'Brand#51'::bpchar) AND (part.p_container = ANY ('{\"SM CASE\",\"SM BOX\",\"SM PACK\",\"SM PKG\"}'::bpchar[])) AND (l_quantity >= '9'::numeric) AND (l_quantity <= '19'::numeric) AND (part.p_size <= 5)) OR ((part.p_brand = 'Brand#41'::bpchar) AND (part.p_container = ANY ('{\"MED BAG\",\"MED BOX\",\"MED PKG\",\"MED PACK\"}'::bpchar[])) AND (l_quantity >= '10'::numeric) AND (l_quantity <= '20'::numeric) AND (part.p_size <= 10)) OR ((part.p_brand = 'Brand#11'::bpchar) AND (part.p_container = ANY ('{\"LG CASE\",\"LG BOX\",\"LG PACK\",\"LG PKG\"}'::bpchar[])) AND (l_quantity >= '26'::numeric) AND (l_quantity <= '36'::numeric) AND (part.p_size <= 15))))","Rows Removed by Filter": 30,"Workers": []}]}]}]}]},"Planning Time": 5.429,"Triggers": [],"Execution Time": 99.291}]
[{"Plan": {"Node Type": "Aggregate","Strategy": "Plain","Partial Mode": "Finalize","Parallel Aware": false,"Async Capable": false,"Startup Cost": 33506.32,"Total Cost": 33506.33,"Plan Rows": 1,"Plan Width": 32,"Actual Startup Time": 80.643,"Actual Total Time": 95.638,"Actual Rows": 1,"Actual Loops": 1,"Plans": [{"Node Type": "Gather","Parent Relationship": "Outer","Parallel Aware": false,"Async Capable": false,"Startup Cost": 33506.09,"Total Cost": 33506.30,"Plan Rows": 2,"Plan Width": 32,"Actual Startup Time": 80.551,"Actual Total Time": 95.602,"Actual Rows": 3,"Actual Loops": 1,"Workers Planned": 2,"Workers Launched": 2,"Single Copy": false,"Plans": [{"Node Type": "Aggregate","Strategy": "Plain","Partial Mode": "Partial","Parent Relationship": "Outer","Parallel Aware": false,"Async Capable": false,"Startup Cost": 32506.09,"Total Cost": 32506.10,"Plan Rows": 1,"Plan Width": 32,"Actual Startup Time": 73.991,"Actual Total Time": 73.993,"Actual Rows": 1,"Actual Loops": 3,"Workers": [],"Plans": [{"Node Type": "Nested Loop","Parent Relationship": "Outer","Parallel Aware": false,"Async Capable": false,"Join Type": "Inner","Startup Cost": 0.43,"Total Cost": 32505.74,"Plan Rows": 47,"Plan Width": 12,"Actual Startup Time": 5.247,"Actual Total Time": 73.943,"Actual Rows": 41,"Actual Loops": 3,"Inner Unique": false,"Workers": [],"Plans": [{"Node Type": "Seq Scan","Parent Relationship": "Outer","Parallel Aware": true,"Async Capable": false,"Relation Name": "part","Alias": "part","Startup Cost": 0.00,"Total Cost": 7638.67,"Plan Rows": 202,"Plan Width": 30,"Actual Startup Time": 0.489,"Actual Total Time": 31.557,"Actual Rows": 165,"Actual Loops": 3,"Filter": "((p_size >= 1) AND (((p_brand = 'Brand#54'::bpchar) AND (p_container = ANY ('{\"SM CASE\",\"SM BOX\",\"SM PACK\",\"SM PKG\"}'::bpchar[])) AND (p_size <= 5)) OR ((p_brand = 'Brand#55'::bpchar) AND (p_container = ANY ('{\"MED BAG\",\"MED BOX\",\"MED PKG\",\"MED PACK\"}'::bpchar[])) AND (p_size <= 10)) OR ((p_brand = 'Brand#11'::bpchar) AND (p_container = ANY ('{\"LG CASE\",\"LG BOX\",\"LG PACK\",\"LG PKG\"}'::bpchar[])) AND (p_size <= 15))))","Rows Removed by Filter": 66501,"Workers": []},{"Node Type": "Index Scan","Parent Relationship": "Inner","Parallel Aware": false,"Async Capable": false,"Scan Direction": "Forward","Index Name": "idx_lineitem_part_supp","Relation Name": "lineitem","Alias": "lineitem","Startup Cost": 0.43,"Total Cost": 123.09,"Plan Rows": 1,"Plan Width": 21,"Actual Startup Time": 0.230,"Actual Total Time": 0.256,"Actual Rows": 0,"Actual Loops": 496,"Index Cond": "(l_partkey = part.p_partkey)","Rows Removed by Index Recheck": 0,"Filter": "((l_shipmode = ANY ('{AIR,\"AIR REG\"}'::bpchar[])) AND (l_shipinstruct = 'DELIVER IN PERSON'::bpchar) AND (((l_quantity >= '1'::numeric) AND (l_quantity <= '11'::numeric)) OR ((l_quantity >= '20'::numeric) AND (l_quantity <= '30'::numeric)) OR ((l_quantity >= '28'::numeric) AND (l_quantity <= '38'::numeric))) AND (((part.p_brand = 'Brand#54'::bpchar) AND (part.p_container = ANY ('{\"SM CASE\",\"SM BOX\",\"SM PACK\",\"SM PKG\"}'::bpchar[])) AND (l_quantity >= '1'::numeric) AND (l_quantity <= '11'::numeric) AND (part.p_size <= 5)) OR ((part.p_brand = 'Brand#55'::bpchar) AND (part.p_container = ANY ('{\"MED BAG\",\"MED BOX\",\"MED PKG\",\"MED PACK\"}'::bpchar[])) AND (l_quantity >= '20'::numeric) AND (l_quantity <= '30'::numeric) AND (part.p_size <= 10)) OR ((part.p_brand = 'Brand#11'::bpchar) AND (part.p_container = ANY ('{\"LG CASE\",\"LG BOX\",\"LG PACK\",\"LG PKG\"}'::bpchar[])) AND (l_quantity >= '28'::numeric) AND (l_quantity <= '38'::numeric) AND (part.p_size <= 15))))","Rows Removed by Filter": 30,"Workers": []}]}]}]}]},"Planning Time": 5.426,"Triggers": [],"Execution Time": 95.834}]
[{"Plan": {"Node Type": "Aggregate","Strategy": "Plain","Partial Mode": "Finalize","Parallel Aware": false,"Async Capable": false,"Startup Cost": 33280.48,"Total Cost": 33280.49,"Plan Rows": 1,"Plan Width": 32,"Actual Startup Time": 78.424,"Actual Total Time": 93.734,"Actual Rows": 1,"Actual Loops": 1,"Plans": [{"Node Type": "Gather","Parent Relationship": "Outer","Parallel Aware": false,"Async Capable": false,"Startup Cost": 33280.25,"Total Cost": 33280.46,"Plan Rows": 2,"Plan Width": 32,"Actual Startup Time": 78.384,"Actual Total Time": 93.694,"Actual Rows": 3,"Actual Loops": 1,"Workers Planned": 2,"Workers Launched": 2,"Single Copy": false,"Plans": [{"Node Type": "Aggregate","Strategy": "Plain","Partial Mode": "Partial","Parent Relationship": "Outer","Parallel Aware": false,"Async Capable": false,"Startup Cost": 32280.25,"Total Cost": 32280.26,"Plan Rows": 1,"Plan Width": 32,"Actual Startup Time": 71.803,"Actual Total Time": 71.805,"Actual Rows": 1,"Actual Loops": 3,"Workers": [],"Plans": [{"Node Type": "Nested Loop","Parent Relationship": "Outer","Parallel Aware": false,"Async Capable": false,"Join Type": "Inner","Startup Cost": 0.43,"Total Cost": 32279.91,"Plan Rows": 46,"Plan Width": 12,"Actual Startup Time": 1.190,"Actual Total Time": 71.764,"Actual Rows": 40,"Actual Loops": 3,"Inner Unique": false,"Workers": [],"Plans": [{"Node Type": "Seq Scan","Parent Relationship": "Outer","Parallel Aware": true,"Async Capable": false,"Relation Name": "part","Alias": "part","Startup Cost": 0.00,"Total Cost": 7638.67,"Plan Rows": 200,"Plan Width": 30,"Actual Startup Time": 0.747,"Actual Total Time": 30.578,"Actual Rows": 157,"Actual Loops": 3,"Filter": "((p_size >= 1) AND (((p_brand = 'Brand#22'::bpchar) AND (p_container = ANY ('{\"SM CASE\",\"SM BOX\",\"SM PACK\",\"SM PKG\"}'::bpchar[])) AND (p_size <= 5)) OR ((p_brand = 'Brand#51'::bpchar) AND (p_container = ANY ('{\"MED BAG\",\"MED BOX\",\"MED PKG\",\"MED PACK\"}'::bpchar[])) AND (p_size <= 10)) OR ((p_brand = 'Brand#54'::bpchar) AND (p_container = ANY ('{\"LG CASE\",\"LG BOX\",\"LG PACK\",\"LG PKG\"}'::bpchar[])) AND (p_size <= 15))))","Rows Removed by Filter": 66510,"Workers": []},{"Node Type": "Index Scan","Parent Relationship": "Inner","Parallel Aware": false,"Async Capable": false,"Scan Direction": "Forward","Index Name": "idx_lineitem_part_supp","Relation Name": "lineitem","Alias": "lineitem","Startup Cost": 0.43,"Total Cost": 123.20,"Plan Rows": 1,"Plan Width": 21,"Actual Startup Time": 0.230,"Actual Total Time": 0.262,"Actual Rows": 0,"Actual Loops": 471,"Index Cond": "(l_partkey = part.p_partkey)","Rows Removed by Index Recheck": 0,"Filter": "((l_shipmode = ANY ('{AIR,\"AIR REG\"}'::bpchar[])) AND (l_shipinstruct = 'DELIVER IN PERSON'::bpchar) AND (((l_quantity >= '2'::numeric) AND (l_quantity <= '12'::numeric)) OR ((l_quantity >= '11'::numeric) AND (l_quantity <= '21'::numeric)) OR ((l_quantity >= '27'::numeric) AND (l_quantity <= '37'::numeric))) AND (((part.p_brand = 'Brand#22'::bpchar) AND (part.p_container = ANY ('{\"SM CASE\",\"SM BOX\",\"SM PACK\",\"SM PKG\"}'::bpchar[])) AND (l_quantity >= '2'::numeric) AND (l_quantity <= '12'::numeric) AND (part.p_size <= 5)) OR ((part.p_brand = 'Brand#51'::bpchar) AND (part.p_container = ANY ('{\"MED BAG\",\"MED BOX\",\"MED PKG\",\"MED PACK\"}'::bpchar[])) AND (l_quantity >= '11'::numeric) AND (l_quantity <= '21'::numeric) AND (part.p_size <= 10)) OR ((part.p_brand = 'Brand#54'::bpchar) AND (part.p_container = ANY ('{\"LG CASE\",\"LG BOX\",\"LG PACK\",\"LG PKG\"}'::bpchar[])) AND (l_quantity >= '27'::numeric) AND (l_quantity <= '37'::numeric) AND (part.p_size <= 15))))","Rows Removed by Filter": 30,"Workers": []}]}]}]}]},"Planning Time": 6.163,"Triggers": [],"Execution Time": 93.985}]
[{"Plan": {"Node Type": "Aggregate","Strategy": "Plain","Partial Mode": "Finalize","Parallel Aware": false,"Async Capable": false,"Startup Cost": 33160.78,"Total Cost": 33160.79,"Plan Rows": 1,"Plan Width": 32,"Actual Startup Time": 87.385,"Actual Total Time": 102.536,"Actual Rows": 1,"Actual Loops": 1,"Plans": [{"Node Type": "Gather","Parent Relationship": "Outer","Parallel Aware": false,"Async Capable": false,"Startup Cost": 33160.56,"Total Cost": 33160.77,"Plan Rows": 2,"Plan Width": 32,"Actual Startup Time": 87.271,"Actual Total Time": 102.512,"Actual Rows": 3,"Actual Loops": 1,"Workers Planned": 2,"Workers Launched": 2,"Single Copy": false,"Plans": [{"Node Type": "Aggregate","Strategy": "Plain","Partial Mode": "Partial","Parent Relationship": "Outer","Parallel Aware": false,"Async Capable": false,"Startup Cost": 32160.56,"Total Cost": 32160.57,"Plan Rows": 1,"Plan Width": 32,"Actual Startup Time": 81.193,"Actual Total Time": 81.195,"Actual Rows": 1,"Actual Loops": 3,"Workers": [],"Plans": [{"Node Type": "Nested Loop","Parent Relationship": "Outer","Parallel Aware": false,"Async Capable": false,"Join Type": "Inner","Startup Cost": 0.43,"Total Cost": 32160.20,"Plan Rows": 47,"Plan Width": 12,"Actual Startup Time": 3.821,"Actual Total Time": 81.147,"Actual Rows": 41,"Actual Loops": 3,"Inner Unique": false,"Workers": [],"Plans": [{"Node Type": "Seq Scan","Parent Relationship": "Outer","Parallel Aware": true,"Async Capable": false,"Relation Name": "part","Alias": "part","Startup Cost": 0.00,"Total Cost": 7638.67,"Plan Rows": 199,"Plan Width": 30,"Actual Startup Time": 0.245,"Actual Total Time": 33.846,"Actual Rows": 173,"Actual Loops": 3,"Filter": "((p_size >= 1) AND (((p_brand = 'Brand#33'::bpchar) AND (p_container = ANY ('{\"SM CASE\",\"SM BOX\",\"SM PACK\",\"SM PKG\"}'::bpchar[])) AND (p_size <= 5)) OR ((p_brand = 'Brand#32'::bpchar) AND (p_container = ANY ('{\"MED BAG\",\"MED BOX\",\"MED PKG\",\"MED PACK\"}'::bpchar[])) AND (p_size <= 10)) OR ((p_brand = 'Brand#43'::bpchar) AND (p_container = ANY ('{\"LG CASE\",\"LG BOX\",\"LG PACK\",\"LG PKG\"}'::bpchar[])) AND (p_size <= 15))))","Rows Removed by Filter": 66494,"Workers": []},{"Node Type": "Index Scan","Parent Relationship": "Inner","Parallel Aware": false,"Async Capable": false,"Scan Direction": "Forward","Index Name": "idx_lineitem_part_supp","Relation Name": "lineitem","Alias": "lineitem","Startup Cost": 0.43,"Total Cost": 123.21,"Plan Rows": 1,"Plan Width": 21,"Actual Startup Time": 0.245,"Actual Total Time": 0.273,"Actual Rows": 0,"Actual Loops": 519,"Index Cond": "(l_partkey = part.p_partkey)","Rows Removed by Index Recheck": 0,"Filter": "((l_shipmode = ANY ('{AIR,\"AIR REG\"}'::bpchar[])) AND (l_shipinstruct = 'DELIVER IN PERSON'::bpchar) AND (((l_quantity >= '8'::numeric) AND (l_quantity <= '18'::numeric)) OR ((l_quantity >= '11'::numeric) AND (l_quantity <= '21'::numeric)) OR ((l_quantity >= '25'::numeric) AND (l_quantity <= '35'::numeric))) AND (((part.p_brand = 'Brand#33'::bpchar) AND (part.p_container = ANY ('{\"SM CASE\",\"SM BOX\",\"SM PACK\",\"SM PKG\"}'::bpchar[])) AND (l_quantity >= '8'::numeric) AND (l_quantity <= '18'::numeric) AND (part.p_size <= 5)) OR ((part.p_brand = 'Brand#32'::bpchar) AND (part.p_container = ANY ('{\"MED BAG\",\"MED BOX\",\"MED PKG\",\"MED PACK\"}'::bpchar[])) AND (l_quantity >= '11'::numeric) AND (l_quantity <= '21'::numeric) AND (part.p_size <= 10)) OR ((part.p_brand = 'Brand#43'::bpchar) AND (part.p_container = ANY ('{\"LG CASE\",\"LG BOX\",\"LG PACK\",\"LG PKG\"}'::bpchar[])) AND (l_quantity >= '25'::numeric) AND (l_quantity <= '35'::numeric) AND (part.p_size <= 15))))","Rows Removed by Filter": 30,"Workers": []}]}]}]}]},"Planning Time": 6.008,"Triggers": [],"Execution Time": 102.742}]
[{"Plan": {"Node Type": "Aggregate","Strategy": "Plain","Partial Mode": "Finalize","Parallel Aware": false,"Async Capable": false,"Startup Cost": 33159.36,"Total Cost": 33159.37,"Plan Rows": 1,"Plan Width": 32,"Actual Startup Time": 84.782,"Actual Total Time": 100.297,"Actual Rows": 1,"Actual Loops": 1,"Plans": [{"Node Type": "Gather","Parent Relationship": "Outer","Parallel Aware": false,"Async Capable": false,"Startup Cost": 33159.13,"Total Cost": 33159.34,"Plan Rows": 2,"Plan Width": 32,"Actual Startup Time": 84.733,"Actual Total Time": 100.254,"Actual Rows": 3,"Actual Loops": 1,"Workers Planned": 2,"Workers Launched": 2,"Single Copy": false,"Plans": [{"Node Type": "Aggregate","Strategy": "Plain","Partial Mode": "Partial","Parent Relationship": "Outer","Parallel Aware": false,"Async Capable": false,"Startup Cost": 32159.13,"Total Cost": 32159.14,"Plan Rows": 1,"Plan Width": 32,"Actual Startup Time": 78.466,"Actual Total Time": 78.468,"Actual Rows": 1,"Actual Loops": 3,"Workers": [],"Plans": [{"Node Type": "Nested Loop","Parent Relationship": "Outer","Parallel Aware": false,"Async Capable": false,"Join Type": "Inner","Startup Cost": 0.43,"Total Cost": 32158.79,"Plan Rows": 46,"Plan Width": 12,"Actual Startup Time": 2.359,"Actual Total Time": 78.423,"Actual Rows": 42,"Actual Loops": 3,"Inner Unique": false,"Workers": [],"Plans": [{"Node Type": "Seq Scan","Parent Relationship": "Outer","Parallel Aware": true,"Async Capable": false,"Relation Name": "part","Alias": "part","Startup Cost": 0.00,"Total Cost": 7638.67,"Plan Rows": 199,"Plan Width": 30,"Actual Startup Time": 0.207,"Actual Total Time": 31.690,"Actual Rows": 176,"Actual Loops": 3,"Filter": "((p_size >= 1) AND (((p_brand = 'Brand#51'::bpchar) AND (p_container = ANY ('{\"SM CASE\",\"SM BOX\",\"SM PACK\",\"SM PKG\"}'::bpchar[])) AND (p_size <= 5)) OR ((p_brand = 'Brand#32'::bpchar) AND (p_container = ANY ('{\"MED BAG\",\"MED BOX\",\"MED PKG\",\"MED PACK\"}'::bpchar[])) AND (p_size <= 10)) OR ((p_brand = 'Brand#35'::bpchar) AND (p_container = ANY ('{\"LG CASE\",\"LG BOX\",\"LG PACK\",\"LG PKG\"}'::bpchar[])) AND (p_size <= 15))))","Rows Removed by Filter": 66491,"Workers": []},{"Node Type": "Index Scan","Parent Relationship": "Inner","Parallel Aware": false,"Async Capable": false,"Scan Direction": "Forward","Index Name": "idx_lineitem_part_supp","Relation Name": "lineitem","Alias": "lineitem","Startup Cost": 0.43,"Total Cost": 123.21,"Plan Rows": 1,"Plan Width": 21,"Actual Startup Time": 0.233,"Actual Total Time": 0.266,"Actual Rows": 0,"Actual Loops": 527,"Index Cond": "(l_partkey = part.p_partkey)","Rows Removed by Index Recheck": 0,"Filter": "((l_shipmode = ANY ('{AIR,\"AIR REG\"}'::bpchar[])) AND (l_shipinstruct = 'DELIVER IN PERSON'::bpchar) AND (((l_quantity >= '2'::numeric) AND (l_quantity <= '12'::numeric)) OR ((l_quantity >= '19'::numeric) AND (l_quantity <= '29'::numeric)) OR ((l_quantity >= '30'::numeric) AND (l_quantity <= '40'::numeric))) AND (((part.p_brand = 'Brand#51'::bpchar) AND (part.p_container = ANY ('{\"SM CASE\",\"SM BOX\",\"SM PACK\",\"SM PKG\"}'::bpchar[])) AND (l_quantity >= '2'::numeric) AND (l_quantity <= '12'::numeric) AND (part.p_size <= 5)) OR ((part.p_brand = 'Brand#32'::bpchar) AND (part.p_container = ANY ('{\"MED BAG\",\"MED BOX\",\"MED PKG\",\"MED PACK\"}'::bpchar[])) AND (l_quantity >= '19'::numeric) AND (l_quantity <= '29'::numeric) AND (part.p_size <= 10)) OR ((part.p_brand = 'Brand#35'::bpchar) AND (part.p_container = ANY ('{\"LG CASE\",\"LG BOX\",\"LG PACK\",\"LG PKG\"}'::bpchar[])) AND (l_quantity >= '30'::numeric) AND (l_quantity <= '40'::numeric) AND (part.p_size <= 15))))","Rows Removed by Filter": 30,"Workers": []}]}]}]}]},"Planning Time": 5.491,"Triggers": [],"Execution Time": 100.542}]
[{"Plan": {"Node Type": "Aggregate","Strategy": "Plain","Partial Mode": "Finalize","Parallel Aware": false,"Async Capable": false,"Startup Cost": 33390.83,"Total Cost": 33390.84,"Plan Rows": 1,"Plan Width": 32,"Actual Startup Time": 80.981,"Actual Total Time": 94.760,"Actual Rows": 1,"Actual Loops": 1,"Plans": [{"Node Type": "Gather","Parent Relationship": "Outer","Parallel Aware": false,"Async Capable": false,"Startup Cost": 33390.61,"Total Cost": 33390.82,"Plan Rows": 2,"Plan Width": 32,"Actual Startup Time": 80.497,"Actual Total Time": 94.727,"Actual Rows": 3,"Actual Loops": 1,"Workers Planned": 2,"Workers Launched": 2,"Single Copy": false,"Plans": [{"Node Type": "Aggregate","Strategy": "Plain","Partial Mode": "Partial","Parent Relationship": "Outer","Parallel Aware": false,"Async Capable": false,"Startup Cost": 32390.61,"Total Cost": 32390.62,"Plan Rows": 1,"Plan Width": 32,"Actual Startup Time": 73.598,"Actual Total Time": 73.601,"Actual Rows": 1,"Actual Loops": 3,"Workers": [],"Plans": [{"Node Type": "Nested Loop","Parent Relationship": "Outer","Parallel Aware": false,"Async Capable": false,"Join Type": "Inner","Startup Cost": 0.43,"Total Cost": 32390.26,"Plan Rows": 47,"Plan Width": 12,"Actual Startup Time": 4.286,"Actual Total Time": 73.554,"Actual Rows": 38,"Actual Loops": 3,"Inner Unique": false,"Workers": [],"Plans": [{"Node Type": "Seq Scan","Parent Relationship": "Outer","Parallel Aware": true,"Async Capable": false,"Relation Name": "part","Alias": "part","Startup Cost": 0.00,"Total Cost": 7638.67,"Plan Rows": 201,"Plan Width": 30,"Actual Startup Time": 0.123,"Actual Total Time": 31.460,"Actual Rows": 160,"Actual Loops": 3,"Filter": "((p_size >= 1) AND (((p_brand = 'Brand#25'::bpchar) AND (p_container = ANY ('{\"SM CASE\",\"SM BOX\",\"SM PACK\",\"SM PKG\"}'::bpchar[])) AND (p_size <= 5)) OR ((p_brand = 'Brand#55'::bpchar) AND (p_container = ANY ('{\"MED BAG\",\"MED BOX\",\"MED PKG\",\"MED PACK\"}'::bpchar[])) AND (p_size <= 10)) OR ((p_brand = 'Brand#13'::bpchar) AND (p_container = ANY ('{\"LG CASE\",\"LG BOX\",\"LG PACK\",\"LG PKG\"}'::bpchar[])) AND (p_size <= 15))))","Rows Removed by Filter": 66507,"Workers": []},{"Node Type": "Index Scan","Parent Relationship": "Inner","Parallel Aware": false,"Async Capable": false,"Scan Direction": "Forward","Index Name": "idx_lineitem_part_supp","Relation Name": "lineitem","Alias": "lineitem","Startup Cost": 0.43,"Total Cost": 123.13,"Plan Rows": 1,"Plan Width": 21,"Actual Startup Time": 0.237,"Actual Total Time": 0.263,"Actual Rows": 0,"Actual Loops": 479,"Index Cond": "(l_partkey = part.p_partkey)","Rows Removed by Index Recheck": 0,"Filter": "((l_shipmode = ANY ('{AIR,\"AIR REG\"}'::bpchar[])) AND (l_shipinstruct = 'DELIVER IN PERSON'::bpchar) AND (((l_quantity >= '6'::numeric) AND (l_quantity <= '16'::numeric)) OR ((l_quantity >= '16'::numeric) AND (l_quantity <= '26'::numeric)) OR ((l_quantity >= '22'::numeric) AND (l_quantity <= '32'::numeric))) AND (((part.p_brand = 'Brand#25'::bpchar) AND (part.p_container = ANY ('{\"SM CASE\",\"SM BOX\",\"SM PACK\",\"SM PKG\"}'::bpchar[])) AND (l_quantity >= '6'::numeric) AND (l_quantity <= '16'::numeric) AND (part.p_size <= 5)) OR ((part.p_brand = 'Brand#55'::bpchar) AND (part.p_container = ANY ('{\"MED BAG\",\"MED BOX\",\"MED PKG\",\"MED PACK\"}'::bpchar[])) AND (l_quantity >= '16'::numeric) AND (l_quantity <= '26'::numeric) AND (part.p_size <= 10)) OR ((part.p_brand = 'Brand#13'::bpchar) AND (part.p_container = ANY ('{\"LG CASE\",\"LG BOX\",\"LG PACK\",\"LG PKG\"}'::bpchar[])) AND (l_quantity >= '22'::numeric) AND (l_quantity <= '32'::numeric) AND (part.p_size <= 15))))","Rows Removed by Filter": 29,"Workers": []}]}]}]}]},"Planning Time": 5.294,"Triggers": [],"Execution Time": 94.945}]
[{"Plan": {"Node Type": "Aggregate","Strategy": "Plain","Partial Mode": "Finalize","Parallel Aware": false,"Async Capable": false,"Startup Cost": 33510.90,"Total Cost": 33510.91,"Plan Rows": 1,"Plan Width": 32,"Actual Startup Time": 83.972,"Actual Total Time": 98.681,"Actual Rows": 1,"Actual Loops": 1,"Plans": [{"Node Type": "Gather","Parent Relationship": "Outer","Parallel Aware": false,"Async Capable": false,"Startup Cost": 33510.68,"Total Cost": 33510.89,"Plan Rows": 2,"Plan Width": 32,"Actual Startup Time": 83.711,"Actual Total Time": 98.646,"Actual Rows": 3,"Actual Loops": 1,"Workers Planned": 2,"Workers Launched": 2,"Single Copy": false,"Plans": [{"Node Type": "Aggregate","Strategy": "Plain","Partial Mode": "Partial","Parent Relationship": "Outer","Parallel Aware": false,"Async Capable": false,"Startup Cost": 32510.68,"Total Cost": 32510.69,"Plan Rows": 1,"Plan Width": 32,"Actual Startup Time": 77.589,"Actual Total Time": 77.592,"Actual Rows": 1,"Actual Loops": 3,"Workers": [],"Plans": [{"Node Type": "Nested Loop","Parent Relationship": "Outer","Parallel Aware": false,"Async Capable": false,"Join Type": "Inner","Startup Cost": 0.43,"Total Cost": 32510.32,"Plan Rows": 47,"Plan Width": 12,"Actual Startup Time": 3.700,"Actual Total Time": 77.547,"Actual Rows": 55,"Actual Loops": 3,"Inner Unique": false,"Workers": [],"Plans": [{"Node Type": "Seq Scan","Parent Relationship": "Outer","Parallel Aware": true,"Async Capable": false,"Relation Name": "part","Alias": "part","Startup Cost": 0.00,"Total Cost": 7638.67,"Plan Rows": 202,"Plan Width": 30,"Actual Startup Time": 0.522,"Actual Total Time": 31.740,"Actual Rows": 175,"Actual Loops": 3,"Filter": "((p_size >= 1) AND (((p_brand = 'Brand#23'::bpchar) AND (p_container = ANY ('{\"SM CASE\",\"SM BOX\",\"SM PACK\",\"SM PKG\"}'::bpchar[])) AND (p_size <= 5)) OR ((p_brand = 'Brand#35'::bpchar) AND (p_container = ANY ('{\"MED BAG\",\"MED BOX\",\"MED PKG\",\"MED PACK\"}'::bpchar[])) AND (p_size <= 10)) OR ((p_brand = 'Brand#22'::bpchar) AND (p_container = ANY ('{\"LG CASE\",\"LG BOX\",\"LG PACK\",\"LG PKG\"}'::bpchar[])) AND (p_size <= 15))))","Rows Removed by Filter": 66491,"Workers": []},{"Node Type": "Index Scan","Parent Relationship": "Inner","Parallel Aware": false,"Async Capable": false,"Scan Direction": "Forward","Index Name": "idx_lineitem_part_supp","Relation Name": "lineitem","Alias": "lineitem","Startup Cost": 0.43,"Total Cost": 123.12,"Plan Rows": 1,"Plan Width": 21,"Actual Startup Time": 0.225,"Actual Total Time": 0.261,"Actual Rows": 0,"Actual Loops": 526,"Index Cond": "(l_partkey = part.p_partkey)","Rows Removed by Index Recheck": 0,"Filter": "((l_shipmode = ANY ('{AIR,\"AIR REG\"}'::bpchar[])) AND (l_shipinstruct = 'DELIVER IN PERSON'::bpchar) AND (((l_quantity >= '6'::numeric) AND (l_quantity <= '16'::numeric)) OR ((l_quantity >= '10'::numeric) AND (l_quantity <= '20'::numeric)) OR ((l_quantity >= '24'::numeric) AND (l_quantity <= '34'::numeric))) AND (((part.p_brand = 'Brand#23'::bpchar) AND (part.p_container = ANY ('{\"SM CASE\",\"SM BOX\",\"SM PACK\",\"SM PKG\"}'::bpchar[])) AND (l_quantity >= '6'::numeric) AND (l_quantity <= '16'::numeric) AND (part.p_size <= 5)) OR ((part.p_brand = 'Brand#35'::bpchar) AND (part.p_container = ANY ('{\"MED BAG\",\"MED BOX\",\"MED PKG\",\"MED PACK\"}'::bpchar[])) AND (l_quantity >= '10'::numeric) AND (l_quantity <= '20'::numeric) AND (part.p_size <= 10)) OR ((part.p_brand = 'Brand#22'::bpchar) AND (part.p_container = ANY ('{\"LG CASE\",\"LG BOX\",\"LG PACK\",\"LG PKG\"}'::bpchar[])) AND (l_quantity >= '24'::numeric) AND (l_quantity <= '34'::numeric) AND (part.p_size <= 15))))","Rows Removed by Filter": 30,"Workers": []}]}]}]}]},"Planning Time": 5.903,"Triggers": [],"Execution Time": 98.901}]
[{"Plan": {"Node Type": "Aggregate","Strategy": "Plain","Partial Mode": "Finalize","Parallel Aware": false,"Async Capable": false,"Startup Cost": 33627.75,"Total Cost": 33627.76,"Plan Rows": 1,"Plan Width": 32,"Actual Startup Time": 81.470,"Actual Total Time": 96.279,"Actual Rows": 1,"Actual Loops": 1,"Plans": [{"Node Type": "Gather","Parent Relationship": "Outer","Parallel Aware": false,"Async Capable": false,"Startup Cost": 33627.53,"Total Cost": 33627.74,"Plan Rows": 2,"Plan Width": 32,"Actual Startup Time": 81.379,"Actual Total Time": 96.250,"Actual Rows": 3,"Actual Loops": 1,"Workers Planned": 2,"Workers Launched": 2,"Single Copy": false,"Plans": [{"Node Type": "Aggregate","Strategy": "Plain","Partial Mode": "Partial","Parent Relationship": "Outer","Parallel Aware": false,"Async Capable": false,"Startup Cost": 32627.53,"Total Cost": 32627.54,"Plan Rows": 1,"Plan Width": 32,"Actual Startup Time": 75.404,"Actual Total Time": 75.407,"Actual Rows": 1,"Actual Loops": 3,"Workers": [],"Plans": [{"Node Type": "Nested Loop","Parent Relationship": "Outer","Parallel Aware": false,"Async Capable": false,"Join Type": "Inner","Startup Cost": 0.43,"Total Cost": 32627.17,"Plan Rows": 47,"Plan Width": 12,"Actual Startup Time": 1.662,"Actual Total Time": 75.364,"Actual Rows": 38,"Actual Loops": 3,"Inner Unique": false,"Workers": [],"Plans": [{"Node Type": "Seq Scan","Parent Relationship": "Outer","Parallel Aware": true,"Async Capable": false,"Relation Name": "part","Alias": "part","Startup Cost": 0.00,"Total Cost": 7638.67,"Plan Rows": 203,"Plan Width": 30,"Actual Startup Time": 0.149,"Actual Total Time": 30.889,"Actual Rows": 166,"Actual Loops": 3,"Filter": "((p_size >= 1) AND (((p_brand = 'Brand#44'::bpchar) AND (p_container = ANY ('{\"SM CASE\",\"SM BOX\",\"SM PACK\",\"SM PKG\"}'::bpchar[])) AND (p_size <= 5)) OR ((p_brand = 'Brand#24'::bpchar) AND (p_container = ANY ('{\"MED BAG\",\"MED BOX\",\"MED PKG\",\"MED PACK\"}'::bpchar[])) AND (p_size <= 10)) OR ((p_brand = 'Brand#53'::bpchar) AND (p_container = ANY ('{\"LG CASE\",\"LG BOX\",\"LG PACK\",\"LG PKG\"}'::bpchar[])) AND (p_size <= 15))))","Rows Removed by Filter": 66501,"Workers": []},{"Node Type": "Index Scan","Parent Relationship": "Inner","Parallel Aware": false,"Async Capable": false,"Scan Direction": "Forward","Index Name": "idx_lineitem_part_supp","Relation Name": "lineitem","Alias": "lineitem","Startup Cost": 0.43,"Total Cost": 123.09,"Plan Rows": 1,"Plan Width": 21,"Actual Startup Time": 0.238,"Actual Total Time": 0.267,"Actual Rows": 0,"Actual Loops": 498,"Index Cond": "(l_partkey = part.p_partkey)","Rows Removed by Index Recheck": 0,"Filter": "((l_shipmode = ANY ('{AIR,\"AIR REG\"}'::bpchar[])) AND (l_shipinstruct = 'DELIVER IN PERSON'::bpchar) AND (((l_quantity >= '3'::numeric) AND (l_quantity <= '13'::numeric)) OR ((l_quantity >= '15'::numeric) AND (l_quantity <= '25'::numeric)) OR ((l_quantity >= '26'::numeric) AND (l_quantity <= '36'::numeric))) AND (((part.p_brand = 'Brand#44'::bpchar) AND (part.p_container = ANY ('{\"SM CASE\",\"SM BOX\",\"SM PACK\",\"SM PKG\"}'::bpchar[])) AND (l_quantity >= '3'::numeric) AND (l_quantity <= '13'::numeric) AND (part.p_size <= 5)) OR ((part.p_brand = 'Brand#24'::bpchar) AND (part.p_container = ANY ('{\"MED BAG\",\"MED BOX\",\"MED PKG\",\"MED PACK\"}'::bpchar[])) AND (l_quantity >= '15'::numeric) AND (l_quantity <= '25'::numeric) AND (part.p_size <= 10)) OR ((part.p_brand = 'Brand#53'::bpchar) AND (part.p_container = ANY ('{\"LG CASE\",\"LG BOX\",\"LG PACK\",\"LG PKG\"}'::bpchar[])) AND (l_quantity >= '26'::numeric) AND (l_quantity <= '36'::numeric) AND (part.p_size <= 15))))","Rows Removed by Filter": 30,"Workers": []}]}]}]}]},"Planning Time": 5.428,"Triggers": [],"Execution Time": 96.503}]
[{"Plan": {"Node Type": "Aggregate","Strategy": "Plain","Partial Mode": "Finalize","Parallel Aware": false,"Async Capable": false,"Startup Cost": 33970.21,"Total Cost": 33970.22,"Plan Rows": 1,"Plan Width": 32,"Actual Startup Time": 80.878,"Actual Total Time": 95.287,"Actual Rows": 1,"Actual Loops": 1,"Plans": [{"Node Type": "Gather","Parent Relationship": "Outer","Parallel Aware": false,"Async Capable": false,"Startup Cost": 33969.99,"Total Cost": 33970.20,"Plan Rows": 2,"Plan Width": 32,"Actual Startup Time": 80.713,"Actual Total Time": 95.265,"Actual Rows": 3,"Actual Loops": 1,"Workers Planned": 2,"Workers Launched": 2,"Single Copy": false,"Plans": [{"Node Type": "Aggregate","Strategy": "Plain","Partial Mode": "Partial","Parent Relationship": "Outer","Parallel Aware": false,"Async Capable": false,"Startup Cost": 32969.99,"Total Cost": 32970.00,"Plan Rows": 1,"Plan Width": 32,"Actual Startup Time": 73.896,"Actual Total Time": 73.898,"Actual Rows": 1,"Actual Loops": 3,"Workers": [],"Plans": [{"Node Type": "Nested Loop","Parent Relationship": "Outer","Parallel Aware": false,"Async Capable": false,"Join Type": "Inner","Startup Cost": 0.43,"Total Cost": 32969.63,"Plan Rows": 48,"Plan Width": 12,"Actual Startup Time": 6.375,"Actual Total Time": 73.842,"Actual Rows": 49,"Actual Loops": 3,"Inner Unique": false,"Workers": [],"Plans": [{"Node Type": "Seq Scan","Parent Relationship": "Outer","Parallel Aware": true,"Async Capable": false,"Relation Name": "part","Alias": "part","Startup Cost": 0.00,"Total Cost": 7638.67,"Plan Rows": 206,"Plan Width": 30,"Actual Startup Time": 0.742,"Actual Total Time": 31.897,"Actual Rows": 157,"Actual Loops": 3,"Filter": "((p_size >= 1) AND (((p_brand = 'Brand#13'::bpchar) AND (p_container = ANY ('{\"SM CASE\",\"SM BOX\",\"SM PACK\",\"SM PKG\"}'::bpchar[])) AND (p_size <= 5)) OR ((p_brand = 'Brand#42'::bpchar) AND (p_container = ANY ('{\"MED BAG\",\"MED BOX\",\"MED PKG\",\"MED PACK\"}'::bpchar[])) AND (p_size <= 10)) OR ((p_brand = 'Brand#24'::bpchar) AND (p_container = ANY ('{\"LG CASE\",\"LG BOX\",\"LG PACK\",\"LG PKG\"}'::bpchar[])) AND (p_size <= 15))))","Rows Removed by Filter": 66509,"Workers": []},{"Node Type": "Index Scan","Parent Relationship": "Inner","Parallel Aware": false,"Async Capable": false,"Scan Direction": "Forward","Index Name": "idx_lineitem_part_supp","Relation Name": "lineitem","Alias": "lineitem","Startup Cost": 0.43,"Total Cost": 122.96,"Plan Rows": 1,"Plan Width": 21,"Actual Startup Time": 0.230,"Actual Total Time": 0.266,"Actual Rows": 0,"Actual Loops": 472,"Index Cond": "(l_partkey = part.p_partkey)","Rows Removed by Index Recheck": 0,"Filter": "((l_shipmode = ANY ('{AIR,\"AIR REG\"}'::bpchar[])) AND (l_shipinstruct = 'DELIVER IN PERSON'::bpchar) AND (((l_quantity >= '2'::numeric) AND (l_quantity <= '12'::numeric)) OR ((l_quantity >= '19'::numeric) AND (l_quantity <= '29'::numeric)) OR ((l_quantity >= '27'::numeric) AND (l_quantity <= '37'::numeric))) AND (((part.p_brand = 'Brand#13'::bpchar) AND (part.p_container = ANY ('{\"SM CASE\",\"SM BOX\",\"SM PACK\",\"SM PKG\"}'::bpchar[])) AND (l_quantity >= '2'::numeric) AND (l_quantity <= '12'::numeric) AND (part.p_size <= 5)) OR ((part.p_brand = 'Brand#42'::bpchar) AND (part.p_container = ANY ('{\"MED BAG\",\"MED BOX\",\"MED PKG\",\"MED PACK\"}'::bpchar[])) AND (l_quantity >= '19'::numeric) AND (l_quantity <= '29'::numeric) AND (part.p_size <= 10)) OR ((part.p_brand = 'Brand#24'::bpchar) AND (part.p_container = ANY ('{\"LG CASE\",\"LG BOX\",\"LG PACK\",\"LG PKG\"}'::bpchar[])) AND (l_quantity >= '27'::numeric) AND (l_quantity <= '37'::numeric) AND (part.p_size <= 15))))","Rows Removed by Filter": 30,"Workers": []}]}]}]}]},"Planning Time": 6.119,"Triggers": [],"Execution Time": 95.482}]
[{"Plan": {"Node Type": "Aggregate","Strategy": "Plain","Partial Mode": "Finalize","Parallel Aware": false,"Async Capable": false,"Startup Cost": 33741.75,"Total Cost": 33741.76,"Plan Rows": 1,"Plan Width": 32,"Actual Startup Time": 86.433,"Actual Total Time": 102.111,"Actual Rows": 1,"Actual Loops": 1,"Plans": [{"Node Type": "Gather","Parent Relationship": "Outer","Parallel Aware": false,"Async Capable": false,"Startup Cost": 33741.53,"Total Cost": 33741.74,"Plan Rows": 2,"Plan Width": 32,"Actual Startup Time": 86.214,"Actual Total Time": 102.072,"Actual Rows": 3,"Actual Loops": 1,"Workers Planned": 2,"Workers Launched": 2,"Single Copy": false,"Plans": [{"Node Type": "Aggregate","Strategy": "Plain","Partial Mode": "Partial","Parent Relationship": "Outer","Parallel Aware": false,"Async Capable": false,"Startup Cost": 32741.53,"Total Cost": 32741.54,"Plan Rows": 1,"Plan Width": 32,"Actual Startup Time": 79.914,"Actual Total Time": 79.918,"Actual Rows": 1,"Actual Loops": 3,"Workers": [],"Plans": [{"Node Type": "Nested Loop","Parent Relationship": "Outer","Parallel Aware": false,"Async Capable": false,"Join Type": "Inner","Startup Cost": 0.43,"Total Cost": 32741.17,"Plan Rows": 48,"Plan Width": 12,"Actual Startup Time": 3.964,"Actual Total Time": 79.874,"Actual Rows": 44,"Actual Loops": 3,"Inner Unique": false,"Workers": [],"Plans": [{"Node Type": "Seq Scan","Parent Relationship": "Outer","Parallel Aware": true,"Async Capable": false,"Relation Name": "part","Alias": "part","Startup Cost": 0.00,"Total Cost": 7638.67,"Plan Rows": 204,"Plan Width": 30,"Actual Startup Time": 0.553,"Actual Total Time": 34.438,"Actual Rows": 166,"Actual Loops": 3,"Filter": "((p_size >= 1) AND (((p_brand = 'Brand#54'::bpchar) AND (p_container = ANY ('{\"SM CASE\",\"SM BOX\",\"SM PACK\",\"SM PKG\"}'::bpchar[])) AND (p_size <= 5)) OR ((p_brand = 'Brand#34'::bpchar) AND (p_container = ANY ('{\"MED BAG\",\"MED BOX\",\"MED PKG\",\"MED PACK\"}'::bpchar[])) AND (p_size <= 10)) OR ((p_brand = 'Brand#41'::bpchar) AND (p_container = ANY ('{\"LG CASE\",\"LG BOX\",\"LG PACK\",\"LG PKG\"}'::bpchar[])) AND (p_size <= 15))))","Rows Removed by Filter": 66501,"Workers": []},{"Node Type": "Index Scan","Parent Relationship": "Inner","Parallel Aware": false,"Async Capable": false,"Scan Direction": "Forward","Index Name": "idx_lineitem_part_supp","Relation Name": "lineitem","Alias": "lineitem","Startup Cost": 0.43,"Total Cost": 123.04,"Plan Rows": 1,"Plan Width": 21,"Actual Startup Time": 0.241,"Actual Total Time": 0.273,"Actual Rows": 0,"Actual Loops": 498,"Index Cond": "(l_partkey = part.p_partkey)","Rows Removed by Index Recheck": 0,"Filter": "((l_shipmode = ANY ('{AIR,\"AIR REG\"}'::bpchar[])) AND (l_shipinstruct = 'DELIVER IN PERSON'::bpchar) AND (((l_quantity >= '6'::numeric) AND (l_quantity <= '16'::numeric)) OR ((l_quantity >= '12'::numeric) AND (l_quantity <= '22'::numeric)) OR ((l_quantity >= '25'::numeric) AND (l_quantity <= '35'::numeric))) AND (((part.p_brand = 'Brand#54'::bpchar) AND (part.p_container = ANY ('{\"SM CASE\",\"SM BOX\",\"SM PACK\",\"SM PKG\"}'::bpchar[])) AND (l_quantity >= '6'::numeric) AND (l_quantity <= '16'::numeric) AND (part.p_size <= 5)) OR ((part.p_brand = 'Brand#34'::bpchar) AND (part.p_container = ANY ('{\"MED BAG\",\"MED BOX\",\"MED PKG\",\"MED PACK\"}'::bpchar[])) AND (l_quantity >= '12'::numeric) AND (l_quantity <= '22'::numeric) AND (part.p_size <= 10)) OR ((part.p_brand = 'Brand#41'::bpchar) AND (part.p_container = ANY ('{\"LG CASE\",\"LG BOX\",\"LG PACK\",\"LG PKG\"}'::bpchar[])) AND (l_quantity >= '25'::numeric) AND (l_quantity <= '35'::numeric) AND (part.p_size <= 15))))","Rows Removed by Filter": 29,"Workers": []}]}]}]}]},"Planning Time": 5.995,"Triggers": [],"Execution Time": 102.290}]
[{"Plan": {"Node Type": "Aggregate","Strategy": "Plain","Partial Mode": "Finalize","Parallel Aware": false,"Async Capable": false,"Startup Cost": 33158.23,"Total Cost": 33158.24,"Plan Rows": 1,"Plan Width": 32,"Actual Startup Time": 82.248,"Actual Total Time": 96.662,"Actual Rows": 1,"Actual Loops": 1,"Plans": [{"Node Type": "Gather","Parent Relationship": "Outer","Parallel Aware": false,"Async Capable": false,"Startup Cost": 33158.00,"Total Cost": 33158.21,"Plan Rows": 2,"Plan Width": 32,"Actual Startup Time": 82.205,"Actual Total Time": 96.627,"Actual Rows": 3,"Actual Loops": 1,"Workers Planned": 2,"Workers Launched": 2,"Single Copy": false,"Plans": [{"Node Type": "Aggregate","Strategy": "Plain","Partial Mode": "Partial","Parent Relationship": "Outer","Parallel Aware": false,"Async Capable": false,"Startup Cost": 32158.00,"Total Cost": 32158.01,"Plan Rows": 1,"Plan Width": 32,"Actual Startup Time": 75.351,"Actual Total Time": 75.352,"Actual Rows": 1,"Actual Loops": 3,"Workers": [],"Plans": [{"Node Type": "Nested Loop","Parent Relationship": "Outer","Parallel Aware": false,"Async Capable": false,"Join Type": "Inner","Startup Cost": 0.43,"Total Cost": 32157.66,"Plan Rows": 46,"Plan Width": 12,"Actual Startup Time": 3.531,"Actual Total Time": 75.311,"Actual Rows": 33,"Actual Loops": 3,"Inner Unique": false,"Workers": [],"Plans": [{"Node Type": "Seq Scan","Parent Relationship": "Outer","Parallel Aware": true,"Async Capable": false,"Relation Name": "part","Alias": "part","Startup Cost": 0.00,"Total Cost": 7638.67,"Plan Rows": 199,"Plan Width": 30,"Actual Startup Time": 0.857,"Actual Total Time": 33.733,"Actual Rows": 154,"Actual Loops": 3,"Filter": "((p_size >= 1) AND (((p_brand = 'Brand#13'::bpchar) AND (p_container = ANY ('{\"SM CASE\",\"SM BOX\",\"SM PACK\",\"SM PKG\"}'::bpchar[])) AND (p_size <= 5)) OR ((p_brand = 'Brand#34'::bpchar) AND (p_container = ANY ('{\"MED BAG\",\"MED BOX\",\"MED PKG\",\"MED PACK\"}'::bpchar[])) AND (p_size <= 10)) OR ((p_brand = 'Brand#23'::bpchar) AND (p_container = ANY ('{\"LG CASE\",\"LG BOX\",\"LG PACK\",\"LG PKG\"}'::bpchar[])) AND (p_size <= 15))))","Rows Removed by Filter": 66513,"Workers": []},{"Node Type": "Index Scan","Parent Relationship": "Inner","Parallel Aware": false,"Async Capable": false,"Scan Direction": "Forward","Index Name": "idx_lineitem_part_supp","Relation Name": "lineitem","Alias": "lineitem","Startup Cost": 0.43,"Total Cost": 123.20,"Plan Rows": 1,"Plan Width": 21,"Actual Startup Time": 0.245,"Actual Total Time": 0.270,"Actual Rows": 0,"Actual Loops": 461,"Index Cond": "(l_partkey = part.p_partkey)","Rows Removed by Index Recheck": 0,"Filter": "((l_shipmode = ANY ('{AIR,\"AIR REG\"}'::bpchar[])) AND (l_shipinstruct = 'DELIVER IN PERSON'::bpchar) AND (((l_quantity >= '1'::numeric) AND (l_quantity <= '11'::numeric)) OR ((l_quantity >= '14'::numeric) AND (l_quantity <= '24'::numeric)) OR ((l_quantity >= '22'::numeric) AND (l_quantity <= '32'::numeric))) AND (((part.p_brand = 'Brand#13'::bpchar) AND (part.p_container = ANY ('{\"SM CASE\",\"SM BOX\",\"SM PACK\",\"SM PKG\"}'::bpchar[])) AND (l_quantity >= '1'::numeric) AND (l_quantity <= '11'::numeric) AND (part.p_size <= 5)) OR ((part.p_brand = 'Brand#34'::bpchar) AND (part.p_container = ANY ('{\"MED BAG\",\"MED BOX\",\"MED PKG\",\"MED PACK\"}'::bpchar[])) AND (l_quantity >= '14'::numeric) AND (l_quantity <= '24'::numeric) AND (part.p_size <= 10)) OR ((part.p_brand = 'Brand#23'::bpchar) AND (part.p_container = ANY ('{\"LG CASE\",\"LG BOX\",\"LG PACK\",\"LG PKG\"}'::bpchar[])) AND (l_quantity >= '22'::numeric) AND (l_quantity <= '32'::numeric) AND (part.p_size <= 15))))","Rows Removed by Filter": 29,"Workers": []}]}]}]}]},"Planning Time": 5.608,"Triggers": [],"Execution Time": 96.858}]
[{"Plan": {"Node Type": "Aggregate","Strategy": "Plain","Partial Mode": "Finalize","Parallel Aware": false,"Async Capable": false,"Startup Cost": 33857.60,"Total Cost": 33857.61,"Plan Rows": 1,"Plan Width": 32,"Actual Startup Time": 82.040,"Actual Total Time": 97.450,"Actual Rows": 1,"Actual Loops": 1,"Plans": [{"Node Type": "Gather","Parent Relationship": "Outer","Parallel Aware": false,"Async Capable": false,"Startup Cost": 33857.38,"Total Cost": 33857.59,"Plan Rows": 2,"Plan Width": 32,"Actual Startup Time": 82.006,"Actual Total Time": 97.424,"Actual Rows": 3,"Actual Loops": 1,"Workers Planned": 2,"Workers Launched": 2,"Single Copy": false,"Plans": [{"Node Type": "Aggregate","Strategy": "Plain","Partial Mode": "Partial","Parent Relationship": "Outer","Parallel Aware": false,"Async Capable": false,"Startup Cost": 32857.38,"Total Cost": 32857.39,"Plan Rows": 1,"Plan Width": 32,"Actual Startup Time": 75.664,"Actual Total Time": 75.667,"Actual Rows": 1,"Actual Loops": 3,"Workers": [],"Plans": [{"Node Type": "Nested Loop","Parent Relationship": "Outer","Parallel Aware": false,"Async Capable": false,"Join Type": "Inner","Startup Cost": 0.43,"Total Cost": 32857.02,"Plan Rows": 48,"Plan Width": 12,"Actual Startup Time": 4.221,"Actual Total Time": 75.617,"Actual Rows": 44,"Actual Loops": 3,"Inner Unique": false,"Workers": [],"Plans": [{"Node Type": "Seq Scan","Parent Relationship": "Outer","Parallel Aware": true,"Async Capable": false,"Relation Name": "part","Alias": "part","Startup Cost": 0.00,"Total Cost": 7638.67,"Plan Rows": 205,"Plan Width": 30,"Actual Startup Time": 0.479,"Actual Total Time": 30.888,"Actual Rows": 173,"Actual Loops": 3,"Filter": "((p_size >= 1) AND (((p_brand = 'Brand#15'::bpchar) AND (p_container = ANY ('{\"SM CASE\",\"SM BOX\",\"SM PACK\",\"SM PKG\"}'::bpchar[])) AND (p_size <= 5)) OR ((p_brand = 'Brand#52'::bpchar) AND (p_container = ANY ('{\"MED BAG\",\"MED BOX\",\"MED PKG\",\"MED PACK\"}'::bpchar[])) AND (p_size <= 10)) OR ((p_brand = 'Brand#41'::bpchar) AND (p_container = ANY ('{\"LG CASE\",\"LG BOX\",\"LG PACK\",\"LG PKG\"}'::bpchar[])) AND (p_size <= 15))))","Rows Removed by Filter": 66494,"Workers": []},{"Node Type": "Index Scan","Parent Relationship": "Inner","Parallel Aware": false,"Async Capable": false,"Scan Direction": "Forward","Index Name": "idx_lineitem_part_supp","Relation Name": "lineitem","Alias": "lineitem","Startup Cost": 0.43,"Total Cost": 123.01,"Plan Rows": 1,"Plan Width": 21,"Actual Startup Time": 0.226,"Actual Total Time": 0.259,"Actual Rows": 0,"Actual Loops": 518,"Index Cond": "(l_partkey = part.p_partkey)","Rows Removed by Index Recheck": 0,"Filter": "((l_shipmode = ANY ('{AIR,\"AIR REG\"}'::bpchar[])) AND (l_shipinstruct = 'DELIVER IN PERSON'::bpchar) AND (((l_quantity >= '7'::numeric) AND (l_quantity <= '17'::numeric)) OR ((l_quantity >= '19'::numeric) AND (l_quantity <= '29'::numeric)) OR ((l_quantity >= '20'::numeric) AND (l_quantity <= '30'::numeric))) AND (((part.p_brand = 'Brand#15'::bpchar) AND (part.p_container = ANY ('{\"SM CASE\",\"SM BOX\",\"SM PACK\",\"SM PKG\"}'::bpchar[])) AND (l_quantity >= '7'::numeric) AND (l_quantity <= '17'::numeric) AND (part.p_size <= 5)) OR ((part.p_brand = 'Brand#52'::bpchar) AND (part.p_container = ANY ('{\"MED BAG\",\"MED BOX\",\"MED PKG\",\"MED PACK\"}'::bpchar[])) AND (l_quantity >= '19'::numeric) AND (l_quantity <= '29'::numeric) AND (part.p_size <= 10)) OR ((part.p_brand = 'Brand#41'::bpchar) AND (part.p_container = ANY ('{\"LG CASE\",\"LG BOX\",\"LG PACK\",\"LG PKG\"}'::bpchar[])) AND (l_quantity >= '20'::numeric) AND (l_quantity <= '30'::numeric) AND (part.p_size <= 15))))","Rows Removed by Filter": 30,"Workers": []}]}]}]}]},"Planning Time": 6.182,"Triggers": [],"Execution Time": 97.650}]
[{"Plan": {"Node Type": "Aggregate","Strategy": "Plain","Partial Mode": "Finalize","Parallel Aware": false,"Async Capable": false,"Startup Cost": 33160.46,"Total Cost": 33160.47,"Plan Rows": 1,"Plan Width": 32,"Actual Startup Time": 79.064,"Actual Total Time": 93.959,"Actual Rows": 1,"Actual Loops": 1,"Plans": [{"Node Type": "Gather","Parent Relationship": "Outer","Parallel Aware": false,"Async Capable": false,"Startup Cost": 33160.24,"Total Cost": 33160.45,"Plan Rows": 2,"Plan Width": 32,"Actual Startup Time": 78.873,"Actual Total Time": 93.935,"Actual Rows": 3,"Actual Loops": 1,"Workers Planned": 2,"Workers Launched": 2,"Single Copy": false,"Plans": [{"Node Type": "Aggregate","Strategy": "Plain","Partial Mode": "Partial","Parent Relationship": "Outer","Parallel Aware": false,"Async Capable": false,"Startup Cost": 32160.24,"Total Cost": 32160.25,"Plan Rows": 1,"Plan Width": 32,"Actual Startup Time": 72.596,"Actual Total Time": 72.598,"Actual Rows": 1,"Actual Loops": 3,"Workers": [],"Plans": [{"Node Type": "Nested Loop","Parent Relationship": "Outer","Parallel Aware": false,"Async Capable": false,"Join Type": "Inner","Startup Cost": 0.43,"Total Cost": 32159.89,"Plan Rows": 47,"Plan Width": 12,"Actual Startup Time": 6.461,"Actual Total Time": 72.556,"Actual Rows": 37,"Actual Loops": 3,"Inner Unique": false,"Workers": [],"Plans": [{"Node Type": "Seq Scan","Parent Relationship": "Outer","Parallel Aware": true,"Async Capable": false,"Relation Name": "part","Alias": "part","Startup Cost": 0.00,"Total Cost": 7638.67,"Plan Rows": 199,"Plan Width": 30,"Actual Startup Time": 0.418,"Actual Total Time": 30.797,"Actual Rows": 161,"Actual Loops": 3,"Filter": "((p_size >= 1) AND (((p_brand = 'Brand#32'::bpchar) AND (p_container = ANY ('{\"SM CASE\",\"SM BOX\",\"SM PACK\",\"SM PKG\"}'::bpchar[])) AND (p_size <= 5)) OR ((p_brand = 'Brand#55'::bpchar) AND (p_container = ANY ('{\"MED BAG\",\"MED BOX\",\"MED PKG\",\"MED PACK\"}'::bpchar[])) AND (p_size <= 10)) OR ((p_brand = 'Brand#43'::bpchar) AND (p_container = ANY ('{\"LG CASE\",\"LG BOX\",\"LG PACK\",\"LG PKG\"}'::bpchar[])) AND (p_size <= 15))))","Rows Removed by Filter": 66506,"Workers": []},{"Node Type": "Index Scan","Parent Relationship": "Inner","Parallel Aware": false,"Async Capable": false,"Scan Direction": "Forward","Index Name": "idx_lineitem_part_supp","Relation Name": "lineitem","Alias": "lineitem","Startup Cost": 0.43,"Total Cost": 123.21,"Plan Rows": 1,"Plan Width": 21,"Actual Startup Time": 0.232,"Actual Total Time": 0.260,"Actual Rows": 0,"Actual Loops": 482,"Index Cond": "(l_partkey = part.p_partkey)","Rows Removed by Index Recheck": 0,"Filter": "((l_shipmode = ANY ('{AIR,\"AIR REG\"}'::bpchar[])) AND (l_shipinstruct = 'DELIVER IN PERSON'::bpchar) AND (((l_quantity >= '7'::numeric) AND (l_quantity <= '17'::numeric)) OR ((l_quantity >= '11'::numeric) AND (l_quantity <= '21'::numeric)) OR ((l_quantity >= '30'::numeric) AND (l_quantity <= '40'::numeric))) AND (((part.p_brand = 'Brand#32'::bpchar) AND (part.p_container = ANY ('{\"SM CASE\",\"SM BOX\",\"SM PACK\",\"SM PKG\"}'::bpchar[])) AND (l_quantity >= '7'::numeric) AND (l_quantity <= '17'::numeric) AND (part.p_size <= 5)) OR ((part.p_brand = 'Brand#55'::bpchar) AND (part.p_container = ANY ('{\"MED BAG\",\"MED BOX\",\"MED PKG\",\"MED PACK\"}'::bpchar[])) AND (l_quantity >= '11'::numeric) AND (l_quantity <= '21'::numeric) AND (part.p_size <= 10)) OR ((part.p_brand = 'Brand#43'::bpchar) AND (part.p_container = ANY ('{\"LG CASE\",\"LG BOX\",\"LG PACK\",\"LG PKG\"}'::bpchar[])) AND (l_quantity >= '30'::numeric) AND (l_quantity <= '40'::numeric) AND (part.p_size <= 15))))","Rows Removed by Filter": 30,"Workers": []}]}]}]}]},"Planning Time": 6.081,"Triggers": [],"Execution Time": 94.164}]
[{"Plan": {"Node Type": "Aggregate","Strategy": "Plain","Partial Mode": "Finalize","Parallel Aware": false,"Async Capable": false,"Startup Cost": 33163.47,"Total Cost": 33163.48,"Plan Rows": 1,"Plan Width": 32,"Actual Startup Time": 84.629,"Actual Total Time": 99.325,"Actual Rows": 1,"Actual Loops": 1,"Plans": [{"Node Type": "Gather","Parent Relationship": "Outer","Parallel Aware": false,"Async Capable": false,"Startup Cost": 33163.25,"Total Cost": 33163.46,"Plan Rows": 2,"Plan Width": 32,"Actual Startup Time": 84.227,"Actual Total Time": 99.290,"Actual Rows": 3,"Actual Loops": 1,"Workers Planned": 2,"Workers Launched": 2,"Single Copy": false,"Plans": [{"Node Type": "Aggregate","Strategy": "Plain","Partial Mode": "Partial","Parent Relationship": "Outer","Parallel Aware": false,"Async Capable": false,"Startup Cost": 32163.25,"Total Cost": 32163.26,"Plan Rows": 1,"Plan Width": 32,"Actual Startup Time": 77.771,"Actual Total Time": 77.774,"Actual Rows": 1,"Actual Loops": 3,"Workers": [],"Plans": [{"Node Type": "Nested Loop","Parent Relationship": "Outer","Parallel Aware": false,"Async Capable": false,"Join Type": "Inner","Startup Cost": 0.43,"Total Cost": 32162.90,"Plan Rows": 46,"Plan Width": 12,"Actual Startup Time": 3.359,"Actual Total Time": 77.723,"Actual Rows": 40,"Actual Loops": 3,"Inner Unique": false,"Workers": [],"Plans": [{"Node Type": "Seq Scan","Parent Relationship": "Outer","Parallel Aware": true,"Async Capable": false,"Relation Name": "part","Alias": "part","Startup Cost": 0.00,"Total Cost": 7638.67,"Plan Rows": 199,"Plan Width": 30,"Actual Startup Time": 0.220,"Actual Total Time": 32.254,"Actual Rows": 171,"Actual Loops": 3,"Filter": "((p_size >= 1) AND (((p_brand = 'Brand#13'::bpchar) AND (p_container = ANY ('{\"SM CASE\",\"SM BOX\",\"SM PACK\",\"SM PKG\"}'::bpchar[])) AND (p_size <= 5)) OR ((p_brand = 'Brand#32'::bpchar) AND (p_container = ANY ('{\"MED BAG\",\"MED BOX\",\"MED PKG\",\"MED PACK\"}'::bpchar[])) AND (p_size <= 10)) OR ((p_brand = 'Brand#13'::bpchar) AND (p_container = ANY ('{\"LG CASE\",\"LG BOX\",\"LG PACK\",\"LG PKG\"}'::bpchar[])) AND (p_size <= 15))))","Rows Removed by Filter": 66496,"Workers": []},{"Node Type": "Index Scan","Parent Relationship": "Inner","Parallel Aware": false,"Async Capable": false,"Scan Direction": "Forward","Index Name": "idx_lineitem_part_supp","Relation Name": "lineitem","Alias": "lineitem","Startup Cost": 0.43,"Total Cost": 123.23,"Plan Rows": 1,"Plan Width": 21,"Actual Startup Time": 0.242,"Actual Total Time": 0.265,"Actual Rows": 0,"Actual Loops": 513,"Index Cond": "(l_partkey = part.p_partkey)","Rows Removed by Index Recheck": 0,"Filter": "((l_shipmode = ANY ('{AIR,\"AIR REG\"}'::bpchar[])) AND (l_shipinstruct = 'DELIVER IN PERSON'::bpchar) AND (((l_quantity >= '6'::numeric) AND (l_quantity <= '16'::numeric)) OR ((l_quantity >= '11'::numeric) AND (l_quantity <= '21'::numeric)) OR ((l_quantity >= '21'::numeric) AND (l_quantity <= '31'::numeric))) AND (((part.p_brand = 'Brand#13'::bpchar) AND (part.p_container = ANY ('{\"SM CASE\",\"SM BOX\",\"SM PACK\",\"SM PKG\"}'::bpchar[])) AND (l_quantity >= '6'::numeric) AND (l_quantity <= '16'::numeric) AND (part.p_size <= 5)) OR ((part.p_brand = 'Brand#32'::bpchar) AND (part.p_container = ANY ('{\"MED BAG\",\"MED BOX\",\"MED PKG\",\"MED PACK\"}'::bpchar[])) AND (l_quantity >= '11'::numeric) AND (l_quantity <= '21'::numeric) AND (part.p_size <= 10)) OR ((part.p_brand = 'Brand#13'::bpchar) AND (part.p_container = ANY ('{\"LG CASE\",\"LG BOX\",\"LG PACK\",\"LG PKG\"}'::bpchar[])) AND (l_quantity >= '21'::numeric) AND (l_quantity <= '31'::numeric) AND (part.p_size <= 15))))","Rows Removed by Filter": 30,"Workers": []}]}]}]}]},"Planning Time": 5.948,"Triggers": [],"Execution Time": 99.497}]
[{"Plan": {"Node Type": "Aggregate","Strategy": "Plain","Partial Mode": "Finalize","Parallel Aware": false,"Async Capable": false,"Startup Cost": 33393.11,"Total Cost": 33393.12,"Plan Rows": 1,"Plan Width": 32,"Actual Startup Time": 84.703,"Actual Total Time": 99.844,"Actual Rows": 1,"Actual Loops": 1,"Plans": [{"Node Type": "Gather","Parent Relationship": "Outer","Parallel Aware": false,"Async Capable": false,"Startup Cost": 33392.88,"Total Cost": 33393.09,"Plan Rows": 2,"Plan Width": 32,"Actual Startup Time": 84.529,"Actual Total Time": 99.824,"Actual Rows": 3,"Actual Loops": 1,"Workers Planned": 2,"Workers Launched": 2,"Single Copy": false,"Plans": [{"Node Type": "Aggregate","Strategy": "Plain","Partial Mode": "Partial","Parent Relationship": "Outer","Parallel Aware": false,"Async Capable": false,"Startup Cost": 32392.88,"Total Cost": 32392.89,"Plan Rows": 1,"Plan Width": 32,"Actual Startup Time": 78.021,"Actual Total Time": 78.024,"Actual Rows": 1,"Actual Loops": 3,"Workers": [],"Plans": [{"Node Type": "Nested Loop","Parent Relationship": "Outer","Parallel Aware": false,"Async Capable": false,"Join Type": "Inner","Startup Cost": 0.43,"Total Cost": 32392.53,"Plan Rows": 47,"Plan Width": 12,"Actual Startup Time": 5.275,"Actual Total Time": 77.971,"Actual Rows": 34,"Actual Loops": 3,"Inner Unique": false,"Workers": [],"Plans": [{"Node Type": "Seq Scan","Parent Relationship": "Outer","Parallel Aware": true,"Async Capable": false,"Relation Name": "part","Alias": "part","Startup Cost": 0.00,"Total Cost": 7638.67,"Plan Rows": 201,"Plan Width": 30,"Actual Startup Time": 0.202,"Actual Total Time": 33.806,"Actual Rows": 161,"Actual Loops": 3,"Filter": "((p_size >= 1) AND (((p_brand = 'Brand#41'::bpchar) AND (p_container = ANY ('{\"SM CASE\",\"SM BOX\",\"SM PACK\",\"SM PKG\"}'::bpchar[])) AND (p_size <= 5)) OR ((p_brand = 'Brand#54'::bpchar) AND (p_container = ANY ('{\"MED BAG\",\"MED BOX\",\"MED PKG\",\"MED PACK\"}'::bpchar[])) AND (p_size <= 10)) OR ((p_brand = 'Brand#13'::bpchar) AND (p_container = ANY ('{\"LG CASE\",\"LG BOX\",\"LG PACK\",\"LG PKG\"}'::bpchar[])) AND (p_size <= 15))))","Rows Removed by Filter": 66505,"Workers": []},{"Node Type": "Index Scan","Parent Relationship": "Inner","Parallel Aware": false,"Async Capable": false,"Scan Direction": "Forward","Index Name": "idx_lineitem_part_supp","Relation Name": "lineitem","Alias": "lineitem","Startup Cost": 0.43,"Total Cost": 123.14,"Plan Rows": 1,"Plan Width": 21,"Actual Startup Time": 0.247,"Actual Total Time": 0.273,"Actual Rows": 0,"Actual Loops": 484,"Index Cond": "(l_partkey = part.p_partkey)","Rows Removed by Index Recheck": 0,"Filter": "((l_shipmode = ANY ('{AIR,\"AIR REG\"}'::bpchar[])) AND (l_shipinstruct = 'DELIVER IN PERSON'::bpchar) AND (((l_quantity >= '4'::numeric) AND (l_quantity <= '14'::numeric)) OR ((l_quantity >= '20'::numeric) AND (l_quantity <= '30'::numeric)) OR ((l_quantity >= '28'::numeric) AND (l_quantity <= '38'::numeric))) AND (((part.p_brand = 'Brand#41'::bpchar) AND (part.p_container = ANY ('{\"SM CASE\",\"SM BOX\",\"SM PACK\",\"SM PKG\"}'::bpchar[])) AND (l_quantity >= '4'::numeric) AND (l_quantity <= '14'::numeric) AND (part.p_size <= 5)) OR ((part.p_brand = 'Brand#54'::bpchar) AND (part.p_container = ANY ('{\"MED BAG\",\"MED BOX\",\"MED PKG\",\"MED PACK\"}'::bpchar[])) AND (l_quantity >= '20'::numeric) AND (l_quantity <= '30'::numeric) AND (part.p_size <= 10)) OR ((part.p_brand = 'Brand#13'::bpchar) AND (part.p_container = ANY ('{\"LG CASE\",\"LG BOX\",\"LG PACK\",\"LG PKG\"}'::bpchar[])) AND (l_quantity >= '28'::numeric) AND (l_quantity <= '38'::numeric) AND (part.p_size <= 15))))","Rows Removed by Filter": 30,"Workers": []}]}]}]}]},"Planning Time": 5.091,"Triggers": [],"Execution Time": 100.004}]
[{"Plan": {"Node Type": "Aggregate","Strategy": "Plain","Partial Mode": "Finalize","Parallel Aware": false,"Async Capable": false,"Startup Cost": 33397.80,"Total Cost": 33397.81,"Plan Rows": 1,"Plan Width": 32,"Actual Startup Time": 83.416,"Actual Total Time": 98.279,"Actual Rows": 1,"Actual Loops": 1,"Plans": [{"Node Type": "Gather","Parent Relationship": "Outer","Parallel Aware": false,"Async Capable": false,"Startup Cost": 33397.58,"Total Cost": 33397.79,"Plan Rows": 2,"Plan Width": 32,"Actual Startup Time": 83.173,"Actual Total Time": 98.248,"Actual Rows": 3,"Actual Loops": 1,"Workers Planned": 2,"Workers Launched": 2,"Single Copy": false,"Plans": [{"Node Type": "Aggregate","Strategy": "Plain","Partial Mode": "Partial","Parent Relationship": "Outer","Parallel Aware": false,"Async Capable": false,"Startup Cost": 32397.58,"Total Cost": 32397.59,"Plan Rows": 1,"Plan Width": 32,"Actual Startup Time": 76.593,"Actual Total Time": 76.595,"Actual Rows": 1,"Actual Loops": 3,"Workers": [],"Plans": [{"Node Type": "Nested Loop","Parent Relationship": "Outer","Parallel Aware": false,"Async Capable": false,"Join Type": "Inner","Startup Cost": 0.43,"Total Cost": 32397.22,"Plan Rows": 47,"Plan Width": 12,"Actual Startup Time": 5.481,"Actual Total Time": 76.549,"Actual Rows": 46,"Actual Loops": 3,"Inner Unique": false,"Workers": [],"Plans": [{"Node Type": "Seq Scan","Parent Relationship": "Outer","Parallel Aware": true,"Async Capable": false,"Relation Name": "part","Alias": "part","Startup Cost": 0.00,"Total Cost": 7638.67,"Plan Rows": 201,"Plan Width": 30,"Actual Startup Time": 0.397,"Actual Total Time": 31.531,"Actual Rows": 171,"Actual Loops": 3,"Filter": "((p_size >= 1) AND (((p_brand = 'Brand#31'::bpchar) AND (p_container = ANY ('{\"SM CASE\",\"SM BOX\",\"SM PACK\",\"SM PKG\"}'::bpchar[])) AND (p_size <= 5)) OR ((p_brand = 'Brand#13'::bpchar) AND (p_container = ANY ('{\"MED BAG\",\"MED BOX\",\"MED PKG\",\"MED PACK\"}'::bpchar[])) AND (p_size <= 10)) OR ((p_brand = 'Brand#43'::bpchar) AND (p_container = ANY ('{\"LG CASE\",\"LG BOX\",\"LG PACK\",\"LG PKG\"}'::bpchar[])) AND (p_size <= 15))))","Rows Removed by Filter": 66496,"Workers": []},{"Node Type": "Index Scan","Parent Relationship": "Inner","Parallel Aware": false,"Async Capable": false,"Scan Direction": "Forward","Index Name": "idx_lineitem_part_supp","Relation Name": "lineitem","Alias": "lineitem","Startup Cost": 0.43,"Total Cost": 123.17,"Plan Rows": 1,"Plan Width": 21,"Actual Startup Time": 0.235,"Actual Total Time": 0.263,"Actual Rows": 0,"Actual Loops": 512,"Index Cond": "(l_partkey = part.p_partkey)","Rows Removed by Index Recheck": 0,"Filter": "((l_shipmode = ANY ('{AIR,\"AIR REG\"}'::bpchar[])) AND (l_shipinstruct = 'DELIVER IN PERSON'::bpchar) AND (((l_quantity >= '4'::numeric) AND (l_quantity <= '14'::numeric)) OR ((l_quantity >= '10'::numeric) AND (l_quantity <= '20'::numeric)) OR ((l_quantity >= '24'::numeric) AND (l_quantity <= '34'::numeric))) AND (((part.p_brand = 'Brand#31'::bpchar) AND (part.p_container = ANY ('{\"SM CASE\",\"SM BOX\",\"SM PACK\",\"SM PKG\"}'::bpchar[])) AND (l_quantity >= '4'::numeric) AND (l_quantity <= '14'::numeric) AND (part.p_size <= 5)) OR ((part.p_brand = 'Brand#13'::bpchar) AND (part.p_container = ANY ('{\"MED BAG\",\"MED BOX\",\"MED PKG\",\"MED PACK\"}'::bpchar[])) AND (l_quantity >= '10'::numeric) AND (l_quantity <= '20'::numeric) AND (part.p_size <= 10)) OR ((part.p_brand = 'Brand#43'::bpchar) AND (part.p_container = ANY ('{\"LG CASE\",\"LG BOX\",\"LG PACK\",\"LG PKG\"}'::bpchar[])) AND (l_quantity >= '24'::numeric) AND (l_quantity <= '34'::numeric) AND (part.p_size <= 15))))","Rows Removed by Filter": 30,"Workers": []}]}]}]}]},"Planning Time": 5.019,"Triggers": [],"Execution Time": 98.439}]
[{"Plan": {"Node Type": "Aggregate","Strategy": "Plain","Partial Mode": "Finalize","Parallel Aware": false,"Async Capable": false,"Startup Cost": 33274.40,"Total Cost": 33274.41,"Plan Rows": 1,"Plan Width": 32,"Actual Startup Time": 79.404,"Actual Total Time": 93.138,"Actual Rows": 1,"Actual Loops": 1,"Plans": [{"Node Type": "Gather","Parent Relationship": "Outer","Parallel Aware": false,"Async Capable": false,"Startup Cost": 33274.18,"Total Cost": 33274.39,"Plan Rows": 2,"Plan Width": 32,"Actual Startup Time": 79.243,"Actual Total Time": 93.116,"Actual Rows": 3,"Actual Loops": 1,"Workers Planned": 2,"Workers Launched": 2,"Single Copy": false,"Plans": [{"Node Type": "Aggregate","Strategy": "Plain","Partial Mode": "Partial","Parent Relationship": "Outer","Parallel Aware": false,"Async Capable": false,"Startup Cost": 32274.18,"Total Cost": 32274.19,"Plan Rows": 1,"Plan Width": 32,"Actual Startup Time": 72.467,"Actual Total Time": 72.470,"Actual Rows": 1,"Actual Loops": 3,"Workers": [],"Plans": [{"Node Type": "Nested Loop","Parent Relationship": "Outer","Parallel Aware": false,"Async Capable": false,"Join Type": "Inner","Startup Cost": 0.43,"Total Cost": 32273.83,"Plan Rows": 46,"Plan Width": 12,"Actual Startup Time": 1.609,"Actual Total Time": 72.424,"Actual Rows": 38,"Actual Loops": 3,"Inner Unique": false,"Workers": [],"Plans": [{"Node Type": "Seq Scan","Parent Relationship": "Outer","Parallel Aware": true,"Async Capable": false,"Relation Name": "part","Alias": "part","Startup Cost": 0.00,"Total Cost": 7638.67,"Plan Rows": 200,"Plan Width": 30,"Actual Startup Time": 0.671,"Actual Total Time": 31.517,"Actual Rows": 153,"Actual Loops": 3,"Filter": "((p_size >= 1) AND (((p_brand = 'Brand#15'::bpchar) AND (p_container = ANY ('{\"SM CASE\",\"SM BOX\",\"SM PACK\",\"SM PKG\"}'::bpchar[])) AND (p_size <= 5)) OR ((p_brand = 'Brand#14'::bpchar) AND (p_container = ANY ('{\"MED BAG\",\"MED BOX\",\"MED PKG\",\"MED PACK\"}'::bpchar[])) AND (p_size <= 10)) OR ((p_brand = 'Brand#25'::bpchar) AND (p_container = ANY ('{\"LG CASE\",\"LG BOX\",\"LG PACK\",\"LG PKG\"}'::bpchar[])) AND (p_size <= 15))))","Rows Removed by Filter": 66514,"Workers": []},{"Node Type": "Index Scan","Parent Relationship": "Inner","Parallel Aware": false,"Async Capable": false,"Scan Direction": "Forward","Index Name": "idx_lineitem_part_supp","Relation Name": "lineitem","Alias": "lineitem","Startup Cost": 0.43,"Total Cost": 123.17,"Plan Rows": 1,"Plan Width": 21,"Actual Startup Time": 0.237,"Actual Total Time": 0.267,"Actual Rows": 0,"Actual Loops": 458,"Index Cond": "(l_partkey = part.p_partkey)","Rows Removed by Index Recheck": 0,"Filter": "((l_shipmode = ANY ('{AIR,\"AIR REG\"}'::bpchar[])) AND (l_shipinstruct = 'DELIVER IN PERSON'::bpchar) AND (((l_quantity >= '4'::numeric) AND (l_quantity <= '14'::numeric)) OR ((l_quantity >= '19'::numeric) AND (l_quantity <= '29'::numeric)) OR ((l_quantity >= '26'::numeric) AND (l_quantity <= '36'::numeric))) AND (((part.p_brand = 'Brand#15'::bpchar) AND (part.p_container = ANY ('{\"SM CASE\",\"SM BOX\",\"SM PACK\",\"SM PKG\"}'::bpchar[])) AND (l_quantity >= '4'::numeric) AND (l_quantity <= '14'::numeric) AND (part.p_size <= 5)) OR ((part.p_brand = 'Brand#14'::bpchar) AND (part.p_container = ANY ('{\"MED BAG\",\"MED BOX\",\"MED PKG\",\"MED PACK\"}'::bpchar[])) AND (l_quantity >= '19'::numeric) AND (l_quantity <= '29'::numeric) AND (part.p_size <= 10)) OR ((part.p_brand = 'Brand#25'::bpchar) AND (part.p_container = ANY ('{\"LG CASE\",\"LG BOX\",\"LG PACK\",\"LG PKG\"}'::bpchar[])) AND (l_quantity >= '26'::numeric) AND (l_quantity <= '36'::numeric) AND (part.p_size <= 15))))","Rows Removed by Filter": 29,"Workers": []}]}]}]}]},"Planning Time": 5.516,"Triggers": [],"Execution Time": 93.314}]
[{"Plan": {"Node Type": "Aggregate","Strategy": "Plain","Partial Mode": "Finalize","Parallel Aware": false,"Async Capable": false,"Startup Cost": 33506.65,"Total Cost": 33506.66,"Plan Rows": 1,"Plan Width": 32,"Actual Startup Time": 78.312,"Actual Total Time": 92.139,"Actual Rows": 1,"Actual Loops": 1,"Plans": [{"Node Type": "Gather","Parent Relationship": "Outer","Parallel Aware": false,"Async Capable": false,"Startup Cost": 33506.43,"Total Cost": 33506.64,"Plan Rows": 2,"Plan Width": 32,"Actual Startup Time": 78.098,"Actual Total Time": 92.122,"Actual Rows": 3,"Actual Loops": 1,"Workers Planned": 2,"Workers Launched": 2,"Single Copy": false,"Plans": [{"Node Type": "Aggregate","Strategy": "Plain","Partial Mode": "Partial","Parent Relationship": "Outer","Parallel Aware": false,"Async Capable": false,"Startup Cost": 32506.43,"Total Cost": 32506.44,"Plan Rows": 1,"Plan Width": 32,"Actual Startup Time": 71.424,"Actual Total Time": 71.427,"Actual Rows": 1,"Actual Loops": 3,"Workers": [],"Plans": [{"Node Type": "Nested Loop","Parent Relationship": "Outer","Parallel Aware": false,"Async Capable": false,"Join Type": "Inner","Startup Cost": 0.43,"Total Cost": 32506.08,"Plan Rows": 47,"Plan Width": 12,"Actual Startup Time": 4.715,"Actual Total Time": 71.373,"Actual Rows": 39,"Actual Loops": 3,"Inner Unique": false,"Workers": [],"Plans": [{"Node Type": "Seq Scan","Parent Relationship": "Outer","Parallel Aware": true,"Async Capable": false,"Relation Name": "part","Alias": "part","Startup Cost": 0.00,"Total Cost": 7638.67,"Plan Rows": 202,"Plan Width": 30,"Actual Startup Time": 0.689,"Actual Total Time": 31.350,"Actual Rows": 148,"Actual Loops": 3,"Filter": "((p_size >= 1) AND (((p_brand = 'Brand#22'::bpchar) AND (p_container = ANY ('{\"SM CASE\",\"SM BOX\",\"SM PACK\",\"SM PKG\"}'::bpchar[])) AND (p_size <= 5)) OR ((p_brand = 'Brand#25'::bpchar) AND (p_container = ANY ('{\"MED BAG\",\"MED BOX\",\"MED PKG\",\"MED PACK\"}'::bpchar[])) AND (p_size <= 10)) OR ((p_brand = 'Brand#21'::bpchar) AND (p_container = ANY ('{\"LG CASE\",\"LG BOX\",\"LG PACK\",\"LG PKG\"}'::bpchar[])) AND (p_size <= 15))))","Rows Removed by Filter": 66518,"Workers": []},{"Node Type": "Index Scan","Parent Relationship": "Inner","Parallel Aware": false,"Async Capable": false,"Scan Direction": "Forward","Index Name": "idx_lineitem_part_supp","Relation Name": "lineitem","Alias": "lineitem","Startup Cost": 0.43,"Total Cost": 123.10,"Plan Rows": 1,"Plan Width": 21,"Actual Startup Time": 0.240,"Actual Total Time": 0.269,"Actual Rows": 0,"Actual Loops": 445,"Index Cond": "(l_partkey = part.p_partkey)","Rows Removed by Index Recheck": 0,"Filter": "((l_shipmode = ANY ('{AIR,\"AIR REG\"}'::bpchar[])) AND (l_shipinstruct = 'DELIVER IN PERSON'::bpchar) AND (((l_quantity >= '3'::numeric) AND (l_quantity <= '13'::numeric)) OR ((l_quantity >= '19'::numeric) AND (l_quantity <= '29'::numeric)) OR ((l_quantity >= '21'::numeric) AND (l_quantity <= '31'::numeric))) AND (((part.p_brand = 'Brand#22'::bpchar) AND (part.p_container = ANY ('{\"SM CASE\",\"SM BOX\",\"SM PACK\",\"SM PKG\"}'::bpchar[])) AND (l_quantity >= '3'::numeric) AND (l_quantity <= '13'::numeric) AND (part.p_size <= 5)) OR ((part.p_brand = 'Brand#25'::bpchar) AND (part.p_container = ANY ('{\"MED BAG\",\"MED BOX\",\"MED PKG\",\"MED PACK\"}'::bpchar[])) AND (l_quantity >= '19'::numeric) AND (l_quantity <= '29'::numeric) AND (part.p_size <= 10)) OR ((part.p_brand = 'Brand#21'::bpchar) AND (part.p_container = ANY ('{\"LG CASE\",\"LG BOX\",\"LG PACK\",\"LG PKG\"}'::bpchar[])) AND (l_quantity >= '21'::numeric) AND (l_quantity <= '31'::numeric) AND (part.p_size <= 15))))","Rows Removed by Filter": 30,"Workers": []}]}]}]}]},"Planning Time": 7.086,"Triggers": [],"Execution Time": 92.298}]
[{"Plan": {"Node Type": "Aggregate","Strategy": "Plain","Partial Mode": "Finalize","Parallel Aware": false,"Async Capable": false,"Startup Cost": 33625.17,"Total Cost": 33625.18,"Plan Rows": 1,"Plan Width": 32,"Actual Startup Time": 77.716,"Actual Total Time": 92.765,"Actual Rows": 1,"Actual Loops": 1,"Plans": [{"Node Type": "Gather","Parent Relationship": "Outer","Parallel Aware": false,"Async Capable": false,"Startup Cost": 33624.95,"Total Cost": 33625.16,"Plan Rows": 2,"Plan Width": 32,"Actual Startup Time": 77.516,"Actual Total Time": 92.735,"Actual Rows": 3,"Actual Loops": 1,"Workers Planned": 2,"Workers Launched": 2,"Single Copy": false,"Plans": [{"Node Type": "Aggregate","Strategy": "Plain","Partial Mode": "Partial","Parent Relationship": "Outer","Parallel Aware": false,"Async Capable": false,"Startup Cost": 32624.95,"Total Cost": 32624.96,"Plan Rows": 1,"Plan Width": 32,"Actual Startup Time": 70.906,"Actual Total Time": 70.910,"Actual Rows": 1,"Actual Loops": 3,"Workers": [],"Plans": [{"Node Type": "Nested Loop","Parent Relationship": "Outer","Parallel Aware": false,"Async Capable": false,"Join Type": "Inner","Startup Cost": 0.43,"Total Cost": 32624.59,"Plan Rows": 48,"Plan Width": 12,"Actual Startup Time": 1.435,"Actual Total Time": 70.861,"Actual Rows": 43,"Actual Loops": 3,"Inner Unique": false,"Workers": [],"Plans": [{"Node Type": "Seq Scan","Parent Relationship": "Outer","Parallel Aware": true,"Async Capable": false,"Relation Name": "part","Alias": "part","Startup Cost": 0.00,"Total Cost": 7638.67,"Plan Rows": 203,"Plan Width": 30,"Actual Startup Time": 0.472,"Actual Total Time": 30.285,"Actual Rows": 160,"Actual Loops": 3,"Filter": "((p_size >= 1) AND (((p_brand = 'Brand#13'::bpchar) AND (p_container = ANY ('{\"SM CASE\",\"SM BOX\",\"SM PACK\",\"SM PKG\"}'::bpchar[])) AND (p_size <= 5)) OR ((p_brand = 'Brand#11'::bpchar) AND (p_container = ANY ('{\"MED BAG\",\"MED BOX\",\"MED PKG\",\"MED PACK\"}'::bpchar[])) AND (p_size <= 10)) OR ((p_brand = 'Brand#34'::bpchar) AND (p_container = ANY ('{\"LG CASE\",\"LG BOX\",\"LG PACK\",\"LG PKG\"}'::bpchar[])) AND (p_size <= 15))))","Rows Removed by Filter": 66506,"Workers": []},{"Node Type": "Index Scan","Parent Relationship": "Inner","Parallel Aware": false,"Async Capable": false,"Scan Direction": "Forward","Index Name": "idx_lineitem_part_supp","Relation Name": "lineitem","Alias": "lineitem","Startup Cost": 0.43,"Total Cost": 123.07,"Plan Rows": 1,"Plan Width": 21,"Actual Startup Time": 0.222,"Actual Total Time": 0.253,"Actual Rows": 0,"Actual Loops": 481,"Index Cond": "(l_partkey = part.p_partkey)","Rows Removed by Index Recheck": 0,"Filter": "((l_shipmode = ANY ('{AIR,\"AIR REG\"}'::bpchar[])) AND (l_shipinstruct = 'DELIVER IN PERSON'::bpchar) AND (((l_quantity >= '5'::numeric) AND (l_quantity <= '15'::numeric)) OR ((l_quantity >= '11'::numeric) AND (l_quantity <= '21'::numeric)) OR ((l_quantity >= '25'::numeric) AND (l_quantity <= '35'::numeric))) AND (((part.p_brand = 'Brand#13'::bpchar) AND (part.p_container = ANY ('{\"SM CASE\",\"SM BOX\",\"SM PACK\",\"SM PKG\"}'::bpchar[])) AND (l_quantity >= '5'::numeric) AND (l_quantity <= '15'::numeric) AND (part.p_size <= 5)) OR ((part.p_brand = 'Brand#11'::bpchar) AND (part.p_container = ANY ('{\"MED BAG\",\"MED BOX\",\"MED PKG\",\"MED PACK\"}'::bpchar[])) AND (l_quantity >= '11'::numeric) AND (l_quantity <= '21'::numeric) AND (part.p_size <= 10)) OR ((part.p_brand = 'Brand#34'::bpchar) AND (part.p_container = ANY ('{\"LG CASE\",\"LG BOX\",\"LG PACK\",\"LG PKG\"}'::bpchar[])) AND (l_quantity >= '25'::numeric) AND (l_quantity <= '35'::numeric) AND (part.p_size <= 15))))","Rows Removed by Filter": 30,"Workers": []}]}]}]}]},"Planning Time": 5.540,"Triggers": [],"Execution Time": 92.940}]
[{"Plan": {"Node Type": "Aggregate","Strategy": "Plain","Partial Mode": "Finalize","Parallel Aware": false,"Async Capable": false,"Startup Cost": 33274.95,"Total Cost": 33274.96,"Plan Rows": 1,"Plan Width": 32,"Actual Startup Time": 85.331,"Actual Total Time": 100.632,"Actual Rows": 1,"Actual Loops": 1,"Plans": [{"Node Type": "Gather","Parent Relationship": "Outer","Parallel Aware": false,"Async Capable": false,"Startup Cost": 33274.73,"Total Cost": 33274.94,"Plan Rows": 2,"Plan Width": 32,"Actual Startup Time": 85.303,"Actual Total Time": 100.611,"Actual Rows": 3,"Actual Loops": 1,"Workers Planned": 2,"Workers Launched": 2,"Single Copy": false,"Plans": [{"Node Type": "Aggregate","Strategy": "Plain","Partial Mode": "Partial","Parent Relationship": "Outer","Parallel Aware": false,"Async Capable": false,"Startup Cost": 32274.73,"Total Cost": 32274.74,"Plan Rows": 1,"Plan Width": 32,"Actual Startup Time": 78.481,"Actual Total Time": 78.483,"Actual Rows": 1,"Actual Loops": 3,"Workers": [],"Plans": [{"Node Type": "Nested Loop","Parent Relationship": "Outer","Parallel Aware": false,"Async Capable": false,"Join Type": "Inner","Startup Cost": 0.43,"Total Cost": 32274.37,"Plan Rows": 47,"Plan Width": 12,"Actual Startup Time": 5.457,"Actual Total Time": 78.432,"Actual Rows": 35,"Actual Loops": 3,"Inner Unique": false,"Workers": [],"Plans": [{"Node Type": "Seq Scan","Parent Relationship": "Outer","Parallel Aware": true,"Async Capable": false,"Relation Name": "part","Alias": "part","Startup Cost": 0.00,"Total Cost": 7638.67,"Plan Rows": 200,"Plan Width": 30,"Actual Startup Time": 0.535,"Actual Total Time": 34.330,"Actual Rows": 158,"Actual Loops": 3,"Filter": "((p_size >= 1) AND (((p_brand = 'Brand#55'::bpchar) AND (p_container = ANY ('{\"SM CASE\",\"SM BOX\",\"SM PACK\",\"SM PKG\"}'::bpchar[])) AND (p_size <= 5)) OR ((p_brand = 'Brand#54'::bpchar) AND (p_container = ANY ('{\"MED BAG\",\"MED BOX\",\"MED PKG\",\"MED PACK\"}'::bpchar[])) AND (p_size <= 10)) OR ((p_brand = 'Brand#44'::bpchar) AND (p_container = ANY ('{\"LG CASE\",\"LG BOX\",\"LG PACK\",\"LG PKG\"}'::bpchar[])) AND (p_size <= 15))))","Rows Removed by Filter": 66509,"Workers": []},{"Node Type": "Index Scan","Parent Relationship": "Inner","Parallel Aware": false,"Async Capable": false,"Scan Direction": "Forward","Index Name": "idx_lineitem_part_supp","Relation Name": "lineitem","Alias": "lineitem","Startup Cost": 0.43,"Total Cost": 123.17,"Plan Rows": 1,"Plan Width": 21,"Actual Startup Time": 0.249,"Actual Total Time": 0.279,"Actual Rows": 0,"Actual Loops": 474,"Index Cond": "(l_partkey = part.p_partkey)","Rows Removed by Index Recheck": 0,"Filter": "((l_shipmode = ANY ('{AIR,\"AIR REG\"}'::bpchar[])) AND (l_shipinstruct = 'DELIVER IN PERSON'::bpchar) AND (((l_quantity >= '10'::numeric) AND (l_quantity <= '20'::numeric)) OR ((l_quantity >= '11'::numeric) AND (l_quantity <= '21'::numeric)) OR ((l_quantity >= '20'::numeric) AND (l_quantity <= '30'::numeric))) AND (((part.p_brand = 'Brand#55'::bpchar) AND (part.p_container = ANY ('{\"SM CASE\",\"SM BOX\",\"SM PACK\",\"SM PKG\"}'::bpchar[])) AND (l_quantity >= '10'::numeric) AND (l_quantity <= '20'::numeric) AND (part.p_size <= 5)) OR ((part.p_brand = 'Brand#54'::bpchar) AND (part.p_container = ANY ('{\"MED BAG\",\"MED BOX\",\"MED PKG\",\"MED PACK\"}'::bpchar[])) AND (l_quantity >= '11'::numeric) AND (l_quantity <= '21'::numeric) AND (part.p_size <= 10)) OR ((part.p_brand = 'Brand#44'::bpchar) AND (part.p_container = ANY ('{\"LG CASE\",\"LG BOX\",\"LG PACK\",\"LG PKG\"}'::bpchar[])) AND (l_quantity >= '20'::numeric) AND (l_quantity <= '30'::numeric) AND (part.p_size <= 15))))","Rows Removed by Filter": 30,"Workers": []}]}]}]}]},"Planning Time": 5.234,"Triggers": [],"Execution Time": 100.817}]
[{"Plan": {"Node Type": "Aggregate","Strategy": "Plain","Partial Mode": "Finalize","Parallel Aware": false,"Async Capable": false,"Startup Cost": 32810.87,"Total Cost": 32810.88,"Plan Rows": 1,"Plan Width": 32,"Actual Startup Time": 79.949,"Actual Total Time": 93.786,"Actual Rows": 1,"Actual Loops": 1,"Plans": [{"Node Type": "Gather","Parent Relationship": "Outer","Parallel Aware": false,"Async Capable": false,"Startup Cost": 32810.65,"Total Cost": 32810.86,"Plan Rows": 2,"Plan Width": 32,"Actual Startup Time": 79.807,"Actual Total Time": 93.763,"Actual Rows": 3,"Actual Loops": 1,"Workers Planned": 2,"Workers Launched": 2,"Single Copy": false,"Plans": [{"Node Type": "Aggregate","Strategy": "Plain","Partial Mode": "Partial","Parent Relationship": "Outer","Parallel Aware": false,"Async Capable": false,"Startup Cost": 31810.65,"Total Cost": 31810.66,"Plan Rows": 1,"Plan Width": 32,"Actual Startup Time": 73.114,"Actual Total Time": 73.117,"Actual Rows": 1,"Actual Loops": 3,"Workers": [],"Plans": [{"Node Type": "Nested Loop","Parent Relationship": "Outer","Parallel Aware": false,"Async Capable": false,"Join Type": "Inner","Startup Cost": 0.43,"Total Cost": 31810.30,"Plan Rows": 46,"Plan Width": 12,"Actual Startup Time": 4.135,"Actual Total Time": 73.072,"Actual Rows": 35,"Actual Loops": 3,"Inner Unique": false,"Workers": [],"Plans": [{"Node Type": "Seq Scan","Parent Relationship": "Outer","Parallel Aware": true,"Async Capable": false,"Relation Name": "part","Alias": "part","Startup Cost": 0.00,"Total Cost": 7638.67,"Plan Rows": 196,"Plan Width": 30,"Actual Startup Time": 0.421,"Actual Total Time": 32.377,"Actual Rows": 151,"Actual Loops": 3,"Filter": "((p_size >= 1) AND (((p_brand = 'Brand#22'::bpchar) AND (p_container = ANY ('{\"SM CASE\",\"SM BOX\",\"SM PACK\",\"SM PKG\"}'::bpchar[])) AND (p_size <= 5)) OR ((p_brand = 'Brand#23'::bpchar) AND (p_container = ANY ('{\"MED BAG\",\"MED BOX\",\"MED PKG\",\"MED PACK\"}'::bpchar[])) AND (p_size <= 10)) OR ((p_brand = 'Brand#25'::bpchar) AND (p_container = ANY ('{\"LG CASE\",\"LG BOX\",\"LG PACK\",\"LG PKG\"}'::bpchar[])) AND (p_size <= 15))))","Rows Removed by Filter": 66516,"Workers": []},{"Node Type": "Index Scan","Parent Relationship": "Inner","Parallel Aware": false,"Async Capable": false,"Scan Direction": "Forward","Index Name": "idx_lineitem_part_supp","Relation Name": "lineitem","Alias": "lineitem","Startup Cost": 0.43,"Total Cost": 123.31,"Plan Rows": 1,"Plan Width": 21,"Actual Startup Time": 0.243,"Actual Total Time": 0.269,"Actual Rows": 0,"Actual Loops": 453,"Index Cond": "(l_partkey = part.p_partkey)","Rows Removed by Index Recheck": 0,"Filter": "((l_shipmode = ANY ('{AIR,\"AIR REG\"}'::bpchar[])) AND (l_shipinstruct = 'DELIVER IN PERSON'::bpchar) AND (((l_quantity >= '3'::numeric) AND (l_quantity <= '13'::numeric)) OR ((l_quantity >= '17'::numeric) AND (l_quantity <= '27'::numeric)) OR ((l_quantity >= '30'::numeric) AND (l_quantity <= '40'::numeric))) AND (((part.p_brand = 'Brand#22'::bpchar) AND (part.p_container = ANY ('{\"SM CASE\",\"SM BOX\",\"SM PACK\",\"SM PKG\"}'::bpchar[])) AND (l_quantity >= '3'::numeric) AND (l_quantity <= '13'::numeric) AND (part.p_size <= 5)) OR ((part.p_brand = 'Brand#23'::bpchar) AND (part.p_container = ANY ('{\"MED BAG\",\"MED BOX\",\"MED PKG\",\"MED PACK\"}'::bpchar[])) AND (l_quantity >= '17'::numeric) AND (l_quantity <= '27'::numeric) AND (part.p_size <= 10)) OR ((part.p_brand = 'Brand#25'::bpchar) AND (part.p_container = ANY ('{\"LG CASE\",\"LG BOX\",\"LG PACK\",\"LG PKG\"}'::bpchar[])) AND (l_quantity >= '30'::numeric) AND (l_quantity <= '40'::numeric) AND (part.p_size <= 15))))","Rows Removed by Filter": 29,"Workers": []}]}]}]}]},"Planning Time": 5.069,"Triggers": [],"Execution Time": 93.952}]
[{"Plan": {"Node Type": "Aggregate","Strategy": "Plain","Partial Mode": "Finalize","Parallel Aware": false,"Async Capable": false,"Startup Cost": 34090.00,"Total Cost": 34090.01,"Plan Rows": 1,"Plan Width": 32,"Actual Startup Time": 81.368,"Actual Total Time": 95.245,"Actual Rows": 1,"Actual Loops": 1,"Plans": [{"Node Type": "Gather","Parent Relationship": "Outer","Parallel Aware": false,"Async Capable": false,"Startup Cost": 34089.78,"Total Cost": 34089.99,"Plan Rows": 2,"Plan Width": 32,"Actual Startup Time": 81.292,"Actual Total Time": 95.213,"Actual Rows": 3,"Actual Loops": 1,"Workers Planned": 2,"Workers Launched": 2,"Single Copy": false,"Plans": [{"Node Type": "Aggregate","Strategy": "Plain","Partial Mode": "Partial","Parent Relationship": "Outer","Parallel Aware": false,"Async Capable": false,"Startup Cost": 33089.78,"Total Cost": 33089.79,"Plan Rows": 1,"Plan Width": 32,"Actual Startup Time": 74.390,"Actual Total Time": 74.392,"Actual Rows": 1,"Actual Loops": 3,"Workers": [],"Plans": [{"Node Type": "Nested Loop","Parent Relationship": "Outer","Parallel Aware": false,"Async Capable": false,"Join Type": "Inner","Startup Cost": 0.43,"Total Cost": 33089.42,"Plan Rows": 48,"Plan Width": 12,"Actual Startup Time": 2.820,"Actual Total Time": 74.348,"Actual Rows": 42,"Actual Loops": 3,"Inner Unique": false,"Workers": [],"Plans": [{"Node Type": "Seq Scan","Parent Relationship": "Outer","Parallel Aware": true,"Async Capable": false,"Relation Name": "part","Alias": "part","Startup Cost": 0.00,"Total Cost": 7638.67,"Plan Rows": 207,"Plan Width": 30,"Actual Startup Time": 0.613,"Actual Total Time": 31.484,"Actual Rows": 159,"Actual Loops": 3,"Filter": "((p_size >= 1) AND (((p_brand = 'Brand#21'::bpchar) AND (p_container = ANY ('{\"SM CASE\",\"SM BOX\",\"SM PACK\",\"SM PKG\"}'::bpchar[])) AND (p_size <= 5)) OR ((p_brand = 'Brand#24'::bpchar) AND (p_container = ANY ('{\"MED BAG\",\"MED BOX\",\"MED PKG\",\"MED PACK\"}'::bpchar[])) AND (p_size <= 10)) OR ((p_brand = 'Brand#21'::bpchar) AND (p_container = ANY ('{\"LG CASE\",\"LG BOX\",\"LG PACK\",\"LG PKG\"}'::bpchar[])) AND (p_size <= 15))))","Rows Removed by Filter": 66508,"Workers": []},{"Node Type": "Index Scan","Parent Relationship": "Inner","Parallel Aware": false,"Async Capable": false,"Scan Direction": "Forward","Index Name": "idx_lineitem_part_supp","Relation Name": "lineitem","Alias": "lineitem","Startup Cost": 0.43,"Total Cost": 122.94,"Plan Rows": 1,"Plan Width": 21,"Actual Startup Time": 0.239,"Actual Total Time": 0.270,"Actual Rows": 0,"Actual Loops": 476,"Index Cond": "(l_partkey = part.p_partkey)","Rows Removed by Index Recheck": 0,"Filter": "((l_shipmode = ANY ('{AIR,\"AIR REG\"}'::bpchar[])) AND (l_shipinstruct = 'DELIVER IN PERSON'::bpchar) AND (((l_quantity >= '8'::numeric) AND (l_quantity <= '18'::numeric)) OR ((l_quantity >= '13'::numeric) AND (l_quantity <= '23'::numeric)) OR ((l_quantity >= '20'::numeric) AND (l_quantity <= '30'::numeric))) AND (((part.p_brand = 'Brand#21'::bpchar) AND (part.p_container = ANY ('{\"SM CASE\",\"SM BOX\",\"SM PACK\",\"SM PKG\"}'::bpchar[])) AND (l_quantity >= '8'::numeric) AND (l_quantity <= '18'::numeric) AND (part.p_size <= 5)) OR ((part.p_brand = 'Brand#24'::bpchar) AND (part.p_container = ANY ('{\"MED BAG\",\"MED BOX\",\"MED PKG\",\"MED PACK\"}'::bpchar[])) AND (l_quantity >= '13'::numeric) AND (l_quantity <= '23'::numeric) AND (part.p_size <= 10)) OR ((part.p_brand = 'Brand#21'::bpchar) AND (part.p_container = ANY ('{\"LG CASE\",\"LG BOX\",\"LG PACK\",\"LG PKG\"}'::bpchar[])) AND (l_quantity >= '20'::numeric) AND (l_quantity <= '30'::numeric) AND (part.p_size <= 15))))","Rows Removed by Filter": 30,"Workers": []}]}]}]}]},"Planning Time": 5.489,"Triggers": [],"Execution Time": 95.411}]
[{"Plan": {"Node Type": "Aggregate","Strategy": "Plain","Partial Mode": "Finalize","Parallel Aware": false,"Async Capable": false,"Startup Cost": 33737.54,"Total Cost": 33737.55,"Plan Rows": 1,"Plan Width": 32,"Actual Startup Time": 85.299,"Actual Total Time": 100.025,"Actual Rows": 1,"Actual Loops": 1,"Plans": [{"Node Type": "Gather","Parent Relationship": "Outer","Parallel Aware": false,"Async Capable": false,"Startup Cost": 33737.32,"Total Cost": 33737.53,"Plan Rows": 2,"Plan Width": 32,"Actual Startup Time": 85.242,"Actual Total Time": 99.983,"Actual Rows": 3,"Actual Loops": 1,"Workers Planned": 2,"Workers Launched": 2,"Single Copy": false,"Plans": [{"Node Type": "Aggregate","Strategy": "Plain","Partial Mode": "Partial","Parent Relationship": "Outer","Parallel Aware": false,"Async Capable": false,"Startup Cost": 32737.32,"Total Cost": 32737.33,"Plan Rows": 1,"Plan Width": 32,"Actual Startup Time": 78.973,"Actual Total Time": 78.978,"Actual Rows": 1,"Actual Loops": 3,"Workers": [],"Plans": [{"Node Type": "Nested Loop","Parent Relationship": "Outer","Parallel Aware": false,"Async Capable": false,"Join Type": "Inner","Startup Cost": 0.43,"Total Cost": 32736.95,"Plan Rows": 48,"Plan Width": 12,"Actual Startup Time": 2.653,"Actual Total Time": 78.936,"Actual Rows": 41,"Actual Loops": 3,"Inner Unique": false,"Workers": [],"Plans": [{"Node Type": "Seq Scan","Parent Relationship": "Outer","Parallel Aware": true,"Async Capable": false,"Relation Name": "part","Alias": "part","Startup Cost": 0.00,"Total Cost": 7638.67,"Plan Rows": 204,"Plan Width": 30,"Actual Startup Time": 0.320,"Actual Total Time": 34.839,"Actual Rows": 150,"Actual Loops": 3,"Filter": "((p_size >= 1) AND (((p_brand = 'Brand#22'::bpchar) AND (p_container = ANY ('{\"SM CASE\",\"SM BOX\",\"SM PACK\",\"SM PKG\"}'::bpchar[])) AND (p_size <= 5)) OR ((p_brand = 'Brand#14'::bpchar) AND (p_container = ANY ('{\"MED BAG\",\"MED BOX\",\"MED PKG\",\"MED PACK\"}'::bpchar[])) AND (p_size <= 10)) OR ((p_brand = 'Brand#55'::bpchar) AND (p_container = ANY ('{\"LG CASE\",\"LG BOX\",\"LG PACK\",\"LG PKG\"}'::bpchar[])) AND (p_size <= 15))))","Rows Removed by Filter": 66516,"Workers": []},{"Node Type": "Index Scan","Parent Relationship": "Inner","Parallel Aware": false,"Async Capable": false,"Scan Direction": "Forward","Index Name": "idx_lineitem_part_supp","Relation Name": "lineitem","Alias": "lineitem","Startup Cost": 0.43,"Total Cost": 123.02,"Plan Rows": 1,"Plan Width": 21,"Actual Startup Time": 0.261,"Actual Total Time": 0.293,"Actual Rows": 0,"Actual Loops": 451,"Index Cond": "(l_partkey = part.p_partkey)","Rows Removed by Index Recheck": 0,"Filter": "((l_shipmode = ANY ('{AIR,\"AIR REG\"}'::bpchar[])) AND (l_shipinstruct = 'DELIVER IN PERSON'::bpchar) AND (((l_quantity >= '6'::numeric) AND (l_quantity <= '16'::numeric)) OR ((l_quantity >= '17'::numeric) AND (l_quantity <= '27'::numeric)) OR ((l_quantity >= '25'::numeric) AND (l_quantity <= '35'::numeric))) AND (((part.p_brand = 'Brand#22'::bpchar) AND (part.p_container = ANY ('{\"SM CASE\",\"SM BOX\",\"SM PACK\",\"SM PKG\"}'::bpchar[])) AND (l_quantity >= '6'::numeric) AND (l_quantity <= '16'::numeric) AND (part.p_size <= 5)) OR ((part.p_brand = 'Brand#14'::bpchar) AND (part.p_container = ANY ('{\"MED BAG\",\"MED BOX\",\"MED PKG\",\"MED PACK\"}'::bpchar[])) AND (l_quantity >= '17'::numeric) AND (l_quantity <= '27'::numeric) AND (part.p_size <= 10)) OR ((part.p_brand = 'Brand#55'::bpchar) AND (part.p_container = ANY ('{\"LG CASE\",\"LG BOX\",\"LG PACK\",\"LG PKG\"}'::bpchar[])) AND (l_quantity >= '25'::numeric) AND (l_quantity <= '35'::numeric) AND (part.p_size <= 15))))","Rows Removed by Filter": 30,"Workers": []}]}]}]}]},"Planning Time": 5.383,"Triggers": [],"Execution Time": 100.218}]
[{"Plan": {"Node Type": "Aggregate","Strategy": "Plain","Partial Mode": "Finalize","Parallel Aware": false,"Async Capable": false,"Startup Cost": 33736.93,"Total Cost": 33736.94,"Plan Rows": 1,"Plan Width": 32,"Actual Startup Time": 78.595,"Actual Total Time": 94.512,"Actual Rows": 1,"Actual Loops": 1,"Plans": [{"Node Type": "Gather","Parent Relationship": "Outer","Parallel Aware": false,"Async Capable": false,"Startup Cost": 33736.71,"Total Cost": 33736.92,"Plan Rows": 2,"Plan Width": 32,"Actual Startup Time": 78.463,"Actual Total Time": 94.479,"Actual Rows": 3,"Actual Loops": 1,"Workers Planned": 2,"Workers Launched": 2,"Single Copy": false,"Plans": [{"Node Type": "Aggregate","Strategy": "Plain","Partial Mode": "Partial","Parent Relationship": "Outer","Parallel Aware": false,"Async Capable": false,"Startup Cost": 32736.71,"Total Cost": 32736.72,"Plan Rows": 1,"Plan Width": 32,"Actual Startup Time": 72.419,"Actual Total Time": 72.422,"Actual Rows": 1,"Actual Loops": 3,"Workers": [],"Plans": [{"Node Type": "Nested Loop","Parent Relationship": "Outer","Parallel Aware": false,"Async Capable": false,"Join Type": "Inner","Startup Cost": 0.43,"Total Cost": 32736.35,"Plan Rows": 48,"Plan Width": 12,"Actual Startup Time": 7.745,"Actual Total Time": 72.371,"Actual Rows": 39,"Actual Loops": 3,"Inner Unique": false,"Workers": [],"Plans": [{"Node Type": "Seq Scan","Parent Relationship": "Outer","Parallel Aware": true,"Async Capable": false,"Relation Name": "part","Alias": "part","Startup Cost": 0.00,"Total Cost": 7638.67,"Plan Rows": 204,"Plan Width": 30,"Actual Startup Time": 0.302,"Actual Total Time": 30.346,"Actual Rows": 163,"Actual Loops": 3,"Filter": "((p_size >= 1) AND (((p_brand = 'Brand#14'::bpchar) AND (p_container = ANY ('{\"SM CASE\",\"SM BOX\",\"SM PACK\",\"SM PKG\"}'::bpchar[])) AND (p_size <= 5)) OR ((p_brand = 'Brand#24'::bpchar) AND (p_container = ANY ('{\"MED BAG\",\"MED BOX\",\"MED PKG\",\"MED PACK\"}'::bpchar[])) AND (p_size <= 10)) OR ((p_brand = 'Brand#34'::bpchar) AND (p_container = ANY ('{\"LG CASE\",\"LG BOX\",\"LG PACK\",\"LG PKG\"}'::bpchar[])) AND (p_size <= 15))))","Rows Removed by Filter": 66503,"Workers": []},{"Node Type": "Index Scan","Parent Relationship": "Inner","Parallel Aware": false,"Async Capable": false,"Scan Direction": "Forward","Index Name": "idx_lineitem_part_supp","Relation Name": "lineitem","Alias": "lineitem","Startup Cost": 0.43,"Total Cost": 123.02,"Plan Rows": 1,"Plan Width": 21,"Actual Startup Time": 0.232,"Actual Total Time": 0.257,"Actual Rows": 0,"Actual Loops": 490,"Index Cond": "(l_partkey = part.p_partkey)","Rows Removed by Index Recheck": 0,"Filter": "((l_shipmode = ANY ('{AIR,\"AIR REG\"}'::bpchar[])) AND (l_shipinstruct = 'DELIVER IN PERSON'::bpchar) AND (((l_quantity >= '4'::numeric) AND (l_quantity <= '14'::numeric)) OR ((l_quantity >= '15'::numeric) AND (l_quantity <= '25'::numeric)) OR ((l_quantity >= '24'::numeric) AND (l_quantity <= '34'::numeric))) AND (((part.p_brand = 'Brand#14'::bpchar) AND (part.p_container = ANY ('{\"SM CASE\",\"SM BOX\",\"SM PACK\",\"SM PKG\"}'::bpchar[])) AND (l_quantity >= '4'::numeric) AND (l_quantity <= '14'::numeric) AND (part.p_size <= 5)) OR ((part.p_brand = 'Brand#24'::bpchar) AND (part.p_container = ANY ('{\"MED BAG\",\"MED BOX\",\"MED PKG\",\"MED PACK\"}'::bpchar[])) AND (l_quantity >= '15'::numeric) AND (l_quantity <= '25'::numeric) AND (part.p_size <= 10)) OR ((part.p_brand = 'Brand#34'::bpchar) AND (part.p_container = ANY ('{\"LG CASE\",\"LG BOX\",\"LG PACK\",\"LG PKG\"}'::bpchar[])) AND (l_quantity >= '24'::numeric) AND (l_quantity <= '34'::numeric) AND (part.p_size <= 15))))","Rows Removed by Filter": 29,"Workers": []}]}]}]}]},"Planning Time": 6.136,"Triggers": [],"Execution Time": 94.718}]
[{"Plan": {"Node Type": "Aggregate","Strategy": "Plain","Partial Mode": "Finalize","Parallel Aware": false,"Async Capable": false,"Startup Cost": 34089.63,"Total Cost": 34089.64,"Plan Rows": 1,"Plan Width": 32,"Actual Startup Time": 80.515,"Actual Total Time": 95.390,"Actual Rows": 1,"Actual Loops": 1,"Plans": [{"Node Type": "Gather","Parent Relationship": "Outer","Parallel Aware": false,"Async Capable": false,"Startup Cost": 34089.41,"Total Cost": 34089.62,"Plan Rows": 2,"Plan Width": 32,"Actual Startup Time": 80.284,"Actual Total Time": 95.359,"Actual Rows": 3,"Actual Loops": 1,"Workers Planned": 2,"Workers Launched": 2,"Single Copy": false,"Plans": [{"Node Type": "Aggregate","Strategy": "Plain","Partial Mode": "Partial","Parent Relationship": "Outer","Parallel Aware": false,"Async Capable": false,"Startup Cost": 33089.41,"Total Cost": 33089.42,"Plan Rows": 1,"Plan Width": 32,"Actual Startup Time": 73.676,"Actual Total Time": 73.678,"Actual Rows": 1,"Actual Loops": 3,"Workers": [],"Plans": [{"Node Type": "Nested Loop","Parent Relationship": "Outer","Parallel Aware": false,"Async Capable": false,"Join Type": "Inner","Startup Cost": 0.43,"Total Cost": 33089.05,"Plan Rows": 48,"Plan Width": 12,"Actual Startup Time": 5.014,"Actual Total Time": 73.643,"Actual Rows": 40,"Actual Loops": 3,"Inner Unique": false,"Workers": [],"Plans": [{"Node Type": "Seq Scan","Parent Relationship": "Outer","Parallel Aware": true,"Async Capable": false,"Relation Name": "part","Alias": "part","Startup Cost": 0.00,"Total Cost": 7638.67,"Plan Rows": 207,"Plan Width": 30,"Actual Startup Time": 0.713,"Actual Total Time": 32.353,"Actual Rows": 158,"Actual Loops": 3,"Filter": "((p_size >= 1) AND (((p_brand = 'Brand#35'::bpchar) AND (p_container = ANY ('{\"SM CASE\",\"SM BOX\",\"SM PACK\",\"SM PKG\"}'::bpchar[])) AND (p_size <= 5)) OR ((p_brand = 'Brand#11'::bpchar) AND (p_container = ANY ('{\"MED BAG\",\"MED BOX\",\"MED PKG\",\"MED PACK\"}'::bpchar[])) AND (p_size <= 10)) OR ((p_brand = 'Brand#45'::bpchar) AND (p_container = ANY ('{\"LG CASE\",\"LG BOX\",\"LG PACK\",\"LG PKG\"}'::bpchar[])) AND (p_size <= 15))))","Rows Removed by Filter": 66508,"Workers": []},{"Node Type": "Index Scan","Parent Relationship": "Inner","Parallel Aware": false,"Async Capable": false,"Scan Direction": "Forward","Index Name": "idx_lineitem_part_supp","Relation Name": "lineitem","Alias": "lineitem","Startup Cost": 0.43,"Total Cost": 122.94,"Plan Rows": 1,"Plan Width": 21,"Actual Startup Time": 0.231,"Actual Total Time": 0.260,"Actual Rows": 0,"Actual Loops": 475,"Index Cond": "(l_partkey = part.p_partkey)","Rows Removed by Index Recheck": 0,"Filter": "((l_shipmode = ANY ('{AIR,\"AIR REG\"}'::bpchar[])) AND (l_shipinstruct = 'DELIVER IN PERSON'::bpchar) AND (((l_quantity >= '7'::numeric) AND (l_quantity <= '17'::numeric)) OR ((l_quantity >= '16'::numeric) AND (l_quantity <= '26'::numeric)) OR ((l_quantity >= '25'::numeric) AND (l_quantity <= '35'::numeric))) AND (((part.p_brand = 'Brand#35'::bpchar) AND (part.p_container = ANY ('{\"SM CASE\",\"SM BOX\",\"SM PACK\",\"SM PKG\"}'::bpchar[])) AND (l_quantity >= '7'::numeric) AND (l_quantity <= '17'::numeric) AND (part.p_size <= 5)) OR ((part.p_brand = 'Brand#11'::bpchar) AND (part.p_container = ANY ('{\"MED BAG\",\"MED BOX\",\"MED PKG\",\"MED PACK\"}'::bpchar[])) AND (l_quantity >= '16'::numeric) AND (l_quantity <= '26'::numeric) AND (part.p_size <= 10)) OR ((part.p_brand = 'Brand#45'::bpchar) AND (part.p_container = ANY ('{\"LG CASE\",\"LG BOX\",\"LG PACK\",\"LG PKG\"}'::bpchar[])) AND (l_quantity >= '25'::numeric) AND (l_quantity <= '35'::numeric) AND (part.p_size <= 15))))","Rows Removed by Filter": 30,"Workers": []}]}]}]}]},"Planning Time": 6.926,"Triggers": [],"Execution Time": 95.543}]
[{"Plan": {"Node Type": "Aggregate","Strategy": "Plain","Partial Mode": "Finalize","Parallel Aware": false,"Async Capable": false,"Startup Cost": 33507.52,"Total Cost": 33507.53,"Plan Rows": 1,"Plan Width": 32,"Actual Startup Time": 85.512,"Actual Total Time": 101.313,"Actual Rows": 1,"Actual Loops": 1,"Plans": [{"Node Type": "Gather","Parent Relationship": "Outer","Parallel Aware": false,"Async Capable": false,"Startup Cost": 33507.30,"Total Cost": 33507.51,"Plan Rows": 2,"Plan Width": 32,"Actual Startup Time": 85.240,"Actual Total Time": 101.290,"Actual Rows": 3,"Actual Loops": 1,"Workers Planned": 2,"Workers Launched": 2,"Single Copy": false,"Plans": [{"Node Type": "Aggregate","Strategy": "Plain","Partial Mode": "Partial","Parent Relationship": "Outer","Parallel Aware": false,"Async Capable": false,"Startup Cost": 32507.30,"Total Cost": 32507.31,"Plan Rows": 1,"Plan Width": 32,"Actual Startup Time": 78.934,"Actual Total Time": 78.936,"Actual Rows": 1,"Actual Loops": 3,"Workers": [],"Plans": [{"Node Type": "Nested Loop","Parent Relationship": "Outer","Parallel Aware": false,"Async Capable": false,"Join Type": "Inner","Startup Cost": 0.43,"Total Cost": 32506.94,"Plan Rows": 47,"Plan Width": 12,"Actual Startup Time": 7.987,"Actual Total Time": 78.885,"Actual Rows": 44,"Actual Loops": 3,"Inner Unique": false,"Workers": [],"Plans": [{"Node Type": "Seq Scan","Parent Relationship": "Outer","Parallel Aware": true,"Async Capable": false,"Relation Name": "part","Alias": "part","Startup Cost": 0.00,"Total Cost": 7638.67,"Plan Rows": 202,"Plan Width": 30,"Actual Startup Time": 0.407,"Actual Total Time": 33.302,"Actual Rows": 168,"Actual Loops": 3,"Filter": "((p_size >= 1) AND (((p_brand = 'Brand#22'::bpchar) AND (p_container = ANY ('{\"SM CASE\",\"SM BOX\",\"SM PACK\",\"SM PKG\"}'::bpchar[])) AND (p_size <= 5)) OR ((p_brand = 'Brand#53'::bpchar) AND (p_container = ANY ('{\"MED BAG\",\"MED BOX\",\"MED PKG\",\"MED PACK\"}'::bpchar[])) AND (p_size <= 10)) OR ((p_brand = 'Brand#11'::bpchar) AND (p_container = ANY ('{\"LG CASE\",\"LG BOX\",\"LG PACK\",\"LG PKG\"}'::bpchar[])) AND (p_size <= 15))))","Rows Removed by Filter": 66499,"Workers": []},{"Node Type": "Index Scan","Parent Relationship": "Inner","Parallel Aware": false,"Async Capable": false,"Scan Direction": "Forward","Index Name": "idx_lineitem_part_supp","Relation Name": "lineitem","Alias": "lineitem","Startup Cost": 0.43,"Total Cost": 123.10,"Plan Rows": 1,"Plan Width": 21,"Actual Startup Time": 0.244,"Actual Total Time": 0.271,"Actual Rows": 0,"Actual Loops": 503,"Index Cond": "(l_partkey = part.p_partkey)","Rows Removed by Index Recheck": 0,"Filter": "((l_shipmode = ANY ('{AIR,\"AIR REG\"}'::bpchar[])) AND (l_shipinstruct = 'DELIVER IN PERSON'::bpchar) AND (((l_quantity >= '10'::numeric) AND (l_quantity <= '20'::numeric)) OR ((l_quantity >= '19'::numeric) AND (l_quantity <= '29'::numeric)) OR ((l_quantity >= '26'::numeric) AND (l_quantity <= '36'::numeric))) AND (((part.p_brand = 'Brand#22'::bpchar) AND (part.p_container = ANY ('{\"SM CASE\",\"SM BOX\",\"SM PACK\",\"SM PKG\"}'::bpchar[])) AND (l_quantity >= '10'::numeric) AND (l_quantity <= '20'::numeric) AND (part.p_size <= 5)) OR ((part.p_brand = 'Brand#53'::bpchar) AND (part.p_container = ANY ('{\"MED BAG\",\"MED BOX\",\"MED PKG\",\"MED PACK\"}'::bpchar[])) AND (l_quantity >= '19'::numeric) AND (l_quantity <= '29'::numeric) AND (part.p_size <= 10)) OR ((part.p_brand = 'Brand#11'::bpchar) AND (part.p_container = ANY ('{\"LG CASE\",\"LG BOX\",\"LG PACK\",\"LG PKG\"}'::bpchar[])) AND (l_quantity >= '26'::numeric) AND (l_quantity <= '36'::numeric) AND (part.p_size <= 15))))","Rows Removed by Filter": 29,"Workers": []}]}]}]}]},"Planning Time": 5.647,"Triggers": [],"Execution Time": 101.498}]
[{"Plan": {"Node Type": "Aggregate","Strategy": "Plain","Partial Mode": "Finalize","Parallel Aware": false,"Async Capable": false,"Startup Cost": 33853.85,"Total Cost": 33853.86,"Plan Rows": 1,"Plan Width": 32,"Actual Startup Time": 82.450,"Actual Total Time": 96.765,"Actual Rows": 1,"Actual Loops": 1,"Plans": [{"Node Type": "Gather","Parent Relationship": "Outer","Parallel Aware": false,"Async Capable": false,"Startup Cost": 33853.63,"Total Cost": 33853.84,"Plan Rows": 2,"Plan Width": 32,"Actual Startup Time": 81.993,"Actual Total Time": 96.735,"Actual Rows": 3,"Actual Loops": 1,"Workers Planned": 2,"Workers Launched": 2,"Single Copy": false,"Plans": [{"Node Type": "Aggregate","Strategy": "Plain","Partial Mode": "Partial","Parent Relationship": "Outer","Parallel Aware": false,"Async Capable": false,"Startup Cost": 32853.63,"Total Cost": 32853.64,"Plan Rows": 1,"Plan Width": 32,"Actual Startup Time": 75.875,"Actual Total Time": 75.878,"Actual Rows": 1,"Actual Loops": 3,"Workers": [],"Plans": [{"Node Type": "Nested Loop","Parent Relationship": "Outer","Parallel Aware": false,"Async Capable": false,"Join Type": "Inner","Startup Cost": 0.43,"Total Cost": 32853.27,"Plan Rows": 48,"Plan Width": 12,"Actual Startup Time": 8.561,"Actual Total Time": 75.828,"Actual Rows": 39,"Actual Loops": 3,"Inner Unique": false,"Workers": [],"Plans": [{"Node Type": "Seq Scan","Parent Relationship": "Outer","Parallel Aware": true,"Async Capable": false,"Relation Name": "part","Alias": "part","Startup Cost": 0.00,"Total Cost": 7638.67,"Plan Rows": 205,"Plan Width": 30,"Actual Startup Time": 0.341,"Actual Total Time": 31.295,"Actual Rows": 168,"Actual Loops": 3,"Filter": "((p_size >= 1) AND (((p_brand = 'Brand#43'::bpchar) AND (p_container = ANY ('{\"SM CASE\",\"SM BOX\",\"SM PACK\",\"SM PKG\"}'::bpchar[])) AND (p_size <= 5)) OR ((p_brand = 'Brand#13'::bpchar) AND (p_container = ANY ('{\"MED BAG\",\"MED BOX\",\"MED PKG\",\"MED PACK\"}'::bpchar[])) AND (p_size <= 10)) OR ((p_brand = 'Brand#45'::bpchar) AND (p_container = ANY ('{\"LG CASE\",\"LG BOX\",\"LG PACK\",\"LG PKG\"}'::bpchar[])) AND (p_size <= 15))))","Rows Removed by Filter": 66499,"Workers": []},{"Node Type": "Index Scan","Parent Relationship": "Inner","Parallel Aware": false,"Async Capable": false,"Scan Direction": "Forward","Index Name": "idx_lineitem_part_supp","Relation Name": "lineitem","Alias": "lineitem","Startup Cost": 0.43,"Total Cost": 122.99,"Plan Rows": 1,"Plan Width": 21,"Actual Startup Time": 0.239,"Actual Total Time": 0.265,"Actual Rows": 0,"Actual Loops": 503,"Index Cond": "(l_partkey = part.p_partkey)","Rows Removed by Index Recheck": 0,"Filter": "((l_shipmode = ANY ('{AIR,\"AIR REG\"}'::bpchar[])) AND (l_shipinstruct = 'DELIVER IN PERSON'::bpchar) AND (((l_quantity >= '4'::numeric) AND (l_quantity <= '14'::numeric)) OR ((l_quantity >= '20'::numeric) AND (l_quantity <= '30'::numeric)) OR ((l_quantity >= '30'::numeric) AND (l_quantity <= '40'::numeric))) AND (((part.p_brand = 'Brand#43'::bpchar) AND (part.p_container = ANY ('{\"SM CASE\",\"SM BOX\",\"SM PACK\",\"SM PKG\"}'::bpchar[])) AND (l_quantity >= '4'::numeric) AND (l_quantity <= '14'::numeric) AND (part.p_size <= 5)) OR ((part.p_brand = 'Brand#13'::bpchar) AND (part.p_container = ANY ('{\"MED BAG\",\"MED BOX\",\"MED PKG\",\"MED PACK\"}'::bpchar[])) AND (l_quantity >= '20'::numeric) AND (l_quantity <= '30'::numeric) AND (part.p_size <= 10)) OR ((part.p_brand = 'Brand#45'::bpchar) AND (part.p_container = ANY ('{\"LG CASE\",\"LG BOX\",\"LG PACK\",\"LG PKG\"}'::bpchar[])) AND (l_quantity >= '30'::numeric) AND (l_quantity <= '40'::numeric) AND (part.p_size <= 15))))","Rows Removed by Filter": 30,"Workers": []}]}]}]}]},"Planning Time": 5.869,"Triggers": [],"Execution Time": 96.993}]
[{"Plan": {"Node Type": "Aggregate","Strategy": "Plain","Partial Mode": "Finalize","Parallel Aware": false,"Async Capable": false,"Startup Cost": 33390.61,"Total Cost": 33390.62,"Plan Rows": 1,"Plan Width": 32,"Actual Startup Time": 83.803,"Actual Total Time": 99.314,"Actual Rows": 1,"Actual Loops": 1,"Plans": [{"Node Type": "Gather","Parent Relationship": "Outer","Parallel Aware": false,"Async Capable": false,"Startup Cost": 33390.39,"Total Cost": 33390.60,"Plan Rows": 2,"Plan Width": 32,"Actual Startup Time": 83.636,"Actual Total Time": 99.287,"Actual Rows": 3,"Actual Loops": 1,"Workers Planned": 2,"Workers Launched": 2,"Single Copy": false,"Plans": [{"Node Type": "Aggregate","Strategy": "Plain","Partial Mode": "Partial","Parent Relationship": "Outer","Parallel Aware": false,"Async Capable": false,"Startup Cost": 32390.39,"Total Cost": 32390.40,"Plan Rows": 1,"Plan Width": 32,"Actual Startup Time": 76.951,"Actual Total Time": 76.954,"Actual Rows": 1,"Actual Loops": 3,"Workers": [],"Plans": [{"Node Type": "Nested Loop","Parent Relationship": "Outer","Parallel Aware": false,"Async Capable": false,"Join Type": "Inner","Startup Cost": 0.43,"Total Cost": 32390.04,"Plan Rows": 47,"Plan Width": 12,"Actual Startup Time": 3.726,"Actual Total Time": 76.901,"Actual Rows": 43,"Actual Loops": 3,"Inner Unique": false,"Workers": [],"Plans": [{"Node Type": "Seq Scan","Parent Relationship": "Outer","Parallel Aware": true,"Async Capable": false,"Relation Name": "part","Alias": "part","Startup Cost": 0.00,"Total Cost": 7638.67,"Plan Rows": 201,"Plan Width": 30,"Actual Startup Time": 0.368,"Actual Total Time": 33.708,"Actual Rows": 155,"Actual Loops": 3,"Filter": "((p_size >= 1) AND (((p_brand = 'Brand#55'::bpchar) AND (p_container = ANY ('{\"SM CASE\",\"SM BOX\",\"SM PACK\",\"SM PKG\"}'::bpchar[])) AND (p_size <= 5)) OR ((p_brand = 'Brand#14'::bpchar) AND (p_container = ANY ('{\"MED BAG\",\"MED BOX\",\"MED PKG\",\"MED PACK\"}'::bpchar[])) AND (p_size <= 10)) OR ((p_brand = 'Brand#43'::bpchar) AND (p_container = ANY ('{\"LG CASE\",\"LG BOX\",\"LG PACK\",\"LG PKG\"}'::bpchar[])) AND (p_size <= 15))))","Rows Removed by Filter": 66512,"Workers": []},{"Node Type": "Index Scan","Parent Relationship": "Inner","Parallel Aware": false,"Async Capable": false,"Scan Direction": "Forward","Index Name": "idx_lineitem_part_supp","Relation Name": "lineitem","Alias": "lineitem","Startup Cost": 0.43,"Total Cost": 123.13,"Plan Rows": 1,"Plan Width": 21,"Actual Startup Time": 0.245,"Actual Total Time": 0.278,"Actual Rows": 0,"Actual Loops": 465,"Index Cond": "(l_partkey = part.p_partkey)","Rows Removed by Index Recheck": 0,"Filter": "((l_shipmode = ANY ('{AIR,\"AIR REG\"}'::bpchar[])) AND (l_shipinstruct = 'DELIVER IN PERSON'::bpchar) AND (((l_quantity >= '1'::numeric) AND (l_quantity <= '11'::numeric)) OR ((l_quantity >= '11'::numeric) AND (l_quantity <= '21'::numeric)) OR ((l_quantity >= '25'::numeric) AND (l_quantity <= '35'::numeric))) AND (((part.p_brand = 'Brand#55'::bpchar) AND (part.p_container = ANY ('{\"SM CASE\",\"SM BOX\",\"SM PACK\",\"SM PKG\"}'::bpchar[])) AND (l_quantity >= '1'::numeric) AND (l_quantity <= '11'::numeric) AND (part.p_size <= 5)) OR ((part.p_brand = 'Brand#14'::bpchar) AND (part.p_container = ANY ('{\"MED BAG\",\"MED BOX\",\"MED PKG\",\"MED PACK\"}'::bpchar[])) AND (l_quantity >= '11'::numeric) AND (l_quantity <= '21'::numeric) AND (part.p_size <= 10)) OR ((part.p_brand = 'Brand#43'::bpchar) AND (part.p_container = ANY ('{\"LG CASE\",\"LG BOX\",\"LG PACK\",\"LG PKG\"}'::bpchar[])) AND (l_quantity >= '25'::numeric) AND (l_quantity <= '35'::numeric) AND (part.p_size <= 15))))","Rows Removed by Filter": 30,"Workers": []}]}]}]}]},"Planning Time": 5.954,"Triggers": [],"Execution Time": 99.523}]
[{"Plan": {"Node Type": "Aggregate","Strategy": "Plain","Partial Mode": "Finalize","Parallel Aware": false,"Async Capable": false,"Startup Cost": 33164.70,"Total Cost": 33164.71,"Plan Rows": 1,"Plan Width": 32,"Actual Startup Time": 82.051,"Actual Total Time": 96.421,"Actual Rows": 1,"Actual Loops": 1,"Plans": [{"Node Type": "Gather","Parent Relationship": "Outer","Parallel Aware": false,"Async Capable": false,"Startup Cost": 33164.48,"Total Cost": 33164.69,"Plan Rows": 2,"Plan Width": 32,"Actual Startup Time": 81.902,"Actual Total Time": 96.390,"Actual Rows": 3,"Actual Loops": 1,"Workers Planned": 2,"Workers Launched": 2,"Single Copy": false,"Plans": [{"Node Type": "Aggregate","Strategy": "Plain","Partial Mode": "Partial","Parent Relationship": "Outer","Parallel Aware": false,"Async Capable": false,"Startup Cost": 32164.48,"Total Cost": 32164.49,"Plan Rows": 1,"Plan Width": 32,"Actual Startup Time": 75.781,"Actual Total Time": 75.785,"Actual Rows": 1,"Actual Loops": 3,"Workers": [],"Plans": [{"Node Type": "Nested Loop","Parent Relationship": "Outer","Parallel Aware": false,"Async Capable": false,"Join Type": "Inner","Startup Cost": 0.43,"Total Cost": 32164.13,"Plan Rows": 46,"Plan Width": 12,"Actual Startup Time": 3.944,"Actual Total Time": 75.739,"Actual Rows": 44,"Actual Loops": 3,"Inner Unique": false,"Workers": [],"Plans": [{"Node Type": "Seq Scan","Parent Relationship": "Outer","Parallel Aware": true,"Async Capable": false,"Relation Name": "part","Alias": "part","Startup Cost": 0.00,"Total Cost": 7638.67,"Plan Rows": 199,"Plan Width": 30,"Actual Startup Time": 0.780,"Actual Total Time": 32.425,"Actual Rows": 161,"Actual Loops": 3,"Filter": "((p_size >= 1) AND (((p_brand = 'Brand#32'::bpchar) AND (p_container = ANY ('{\"SM CASE\",\"SM BOX\",\"SM PACK\",\"SM PKG\"}'::bpchar[])) AND (p_size <= 5)) OR ((p_brand = 'Brand#22'::bpchar) AND (p_container = ANY ('{\"MED BAG\",\"MED BOX\",\"MED PKG\",\"MED PACK\"}'::bpchar[])) AND (p_size <= 10)) OR ((p_brand = 'Brand#54'::bpchar) AND (p_container = ANY ('{\"LG CASE\",\"LG BOX\",\"LG PACK\",\"LG PKG\"}'::bpchar[])) AND (p_size <= 15))))","Rows Removed by Filter": 66506,"Workers": []},{"Node Type": "Index Scan","Parent Relationship": "Inner","Parallel Aware": false,"Async Capable": false,"Scan Direction": "Forward","Index Name": "idx_lineitem_part_supp","Relation Name": "lineitem","Alias": "lineitem","Startup Cost": 0.43,"Total Cost": 123.23,"Plan Rows": 1,"Plan Width": 21,"Actual Startup Time": 0.237,"Actual Total Time": 0.269,"Actual Rows": 0,"Actual Loops": 483,"Index Cond": "(l_partkey = part.p_partkey)","Rows Removed by Index Recheck": 0,"Filter": "((l_shipmode = ANY ('{AIR,\"AIR REG\"}'::bpchar[])) AND (l_shipinstruct = 'DELIVER IN PERSON'::bpchar) AND (((l_quantity >= '3'::numeric) AND (l_quantity <= '13'::numeric)) OR ((l_quantity >= '17'::numeric) AND (l_quantity <= '27'::numeric)) OR ((l_quantity >= '25'::numeric) AND (l_quantity <= '35'::numeric))) AND (((part.p_brand = 'Brand#32'::bpchar) AND (part.p_container = ANY ('{\"SM CASE\",\"SM BOX\",\"SM PACK\",\"SM PKG\"}'::bpchar[])) AND (l_quantity >= '3'::numeric) AND (l_quantity <= '13'::numeric) AND (part.p_size <= 5)) OR ((part.p_brand = 'Brand#22'::bpchar) AND (part.p_container = ANY ('{\"MED BAG\",\"MED BOX\",\"MED PKG\",\"MED PACK\"}'::bpchar[])) AND (l_quantity >= '17'::numeric) AND (l_quantity <= '27'::numeric) AND (part.p_size <= 10)) OR ((part.p_brand = 'Brand#54'::bpchar) AND (part.p_container = ANY ('{\"LG CASE\",\"LG BOX\",\"LG PACK\",\"LG PKG\"}'::bpchar[])) AND (l_quantity >= '25'::numeric) AND (l_quantity <= '35'::numeric) AND (part.p_size <= 15))))","Rows Removed by Filter": 30,"Workers": []}]}]}]}]},"Planning Time": 5.429,"Triggers": [],"Execution Time": 96.635}]
[{"Plan": {"Node Type": "Aggregate","Strategy": "Plain","Partial Mode": "Finalize","Parallel Aware": false,"Async Capable": false,"Startup Cost": 33621.98,"Total Cost": 33621.99,"Plan Rows": 1,"Plan Width": 32,"Actual Startup Time": 81.665,"Actual Total Time": 95.502,"Actual Rows": 1,"Actual Loops": 1,"Plans": [{"Node Type": "Gather","Parent Relationship": "Outer","Parallel Aware": false,"Async Capable": false,"Startup Cost": 33621.76,"Total Cost": 33621.97,"Plan Rows": 2,"Plan Width": 32,"Actual Startup Time": 80.783,"Actual Total Time": 95.474,"Actual Rows": 3,"Actual Loops": 1,"Workers Planned": 2,"Workers Launched": 2,"Single Copy": false,"Plans": [{"Node Type": "Aggregate","Strategy": "Plain","Partial Mode": "Partial","Parent Relationship": "Outer","Parallel Aware": false,"Async Capable": false,"Startup Cost": 32621.76,"Total Cost": 32621.77,"Plan Rows": 1,"Plan Width": 32,"Actual Startup Time": 74.163,"Actual Total Time": 74.166,"Actual Rows": 1,"Actual Loops": 3,"Workers": [],"Plans": [{"Node Type": "Nested Loop","Parent Relationship": "Outer","Parallel Aware": false,"Async Capable": false,"Join Type": "Inner","Startup Cost": 0.43,"Total Cost": 32621.40,"Plan Rows": 47,"Plan Width": 12,"Actual Startup Time": 4.679,"Actual Total Time": 74.117,"Actual Rows": 42,"Actual Loops": 3,"Inner Unique": false,"Workers": [],"Plans": [{"Node Type": "Seq Scan","Parent Relationship": "Outer","Parallel Aware": true,"Async Capable": false,"Relation Name": "part","Alias": "part","Startup Cost": 0.00,"Total Cost": 7638.67,"Plan Rows": 203,"Plan Width": 30,"Actual Startup Time": 0.579,"Actual Total Time": 31.296,"Actual Rows": 163,"Actual Loops": 3,"Filter": "((p_size >= 1) AND (((p_brand = 'Brand#52'::bpchar) AND (p_container = ANY ('{\"SM CASE\",\"SM BOX\",\"SM PACK\",\"SM PKG\"}'::bpchar[])) AND (p_size <= 5)) OR ((p_brand = 'Brand#41'::bpchar) AND (p_container = ANY ('{\"MED BAG\",\"MED BOX\",\"MED PKG\",\"MED PACK\"}'::bpchar[])) AND (p_size <= 10)) OR ((p_brand = 'Brand#11'::bpchar) AND (p_container = ANY ('{\"LG CASE\",\"LG BOX\",\"LG PACK\",\"LG PKG\"}'::bpchar[])) AND (p_size <= 15))))","Rows Removed by Filter": 66504,"Workers": []},{"Node Type": "Index Scan","Parent Relationship": "Inner","Parallel Aware": false,"Async Capable": false,"Scan Direction": "Forward","Index Name": "idx_lineitem_part_supp","Relation Name": "lineitem","Alias": "lineitem","Startup Cost": 0.43,"Total Cost": 123.06,"Plan Rows": 1,"Plan Width": 21,"Actual Startup Time": 0.235,"Actual Total Time": 0.262,"Actual Rows": 0,"Actual Loops": 489,"Index Cond": "(l_partkey = part.p_partkey)","Rows Removed by Index Recheck": 0,"Filter": "((l_shipmode = ANY ('{AIR,\"AIR REG\"}'::bpchar[])) AND (l_shipinstruct = 'DELIVER IN PERSON'::bpchar) AND (((l_quantity >= '4'::numeric) AND (l_quantity <= '14'::numeric)) OR ((l_quantity >= '19'::numeric) AND (l_quantity <= '29'::numeric)) OR ((l_quantity >= '28'::numeric) AND (l_quantity <= '38'::numeric))) AND (((part.p_brand = 'Brand#52'::bpchar) AND (part.p_container = ANY ('{\"SM CASE\",\"SM BOX\",\"SM PACK\",\"SM PKG\"}'::bpchar[])) AND (l_quantity >= '4'::numeric) AND (l_quantity <= '14'::numeric) AND (part.p_size <= 5)) OR ((part.p_brand = 'Brand#41'::bpchar) AND (part.p_container = ANY ('{\"MED BAG\",\"MED BOX\",\"MED PKG\",\"MED PACK\"}'::bpchar[])) AND (l_quantity >= '19'::numeric) AND (l_quantity <= '29'::numeric) AND (part.p_size <= 10)) OR ((part.p_brand = 'Brand#11'::bpchar) AND (part.p_container = ANY ('{\"LG CASE\",\"LG BOX\",\"LG PACK\",\"LG PKG\"}'::bpchar[])) AND (l_quantity >= '28'::numeric) AND (l_quantity <= '38'::numeric) AND (part.p_size <= 15))))","Rows Removed by Filter": 30,"Workers": []}]}]}]}]},"Planning Time": 6.155,"Triggers": [],"Execution Time": 95.698}]
[{"Plan": {"Node Type": "Aggregate","Strategy": "Plain","Partial Mode": "Finalize","Parallel Aware": false,"Async Capable": false,"Startup Cost": 33046.56,"Total Cost": 33046.57,"Plan Rows": 1,"Plan Width": 32,"Actual Startup Time": 89.124,"Actual Total Time": 104.870,"Actual Rows": 1,"Actual Loops": 1,"Plans": [{"Node Type": "Gather","Parent Relationship": "Outer","Parallel Aware": false,"Async Capable": false,"Startup Cost": 33046.34,"Total Cost": 33046.55,"Plan Rows": 2,"Plan Width": 32,"Actual Startup Time": 88.751,"Actual Total Time": 104.841,"Actual Rows": 3,"Actual Loops": 1,"Workers Planned": 2,"Workers Launched": 2,"Single Copy": false,"Plans": [{"Node Type": "Aggregate","Strategy": "Plain","Partial Mode": "Partial","Parent Relationship": "Outer","Parallel Aware": false,"Async Capable": false,"Startup Cost": 32046.34,"Total Cost": 32046.35,"Plan Rows": 1,"Plan Width": 32,"Actual Startup Time": 82.337,"Actual Total Time": 82.339,"Actual Rows": 1,"Actual Loops": 3,"Workers": [],"Plans": [{"Node Type": "Nested Loop","Parent Relationship": "Outer","Parallel Aware": false,"Async Capable": false,"Join Type": "Inner","Startup Cost": 0.43,"Total Cost": 32045.99,"Plan Rows": 46,"Plan Width": 12,"Actual Startup Time": 5.755,"Actual Total Time": 82.288,"Actual Rows": 47,"Actual Loops": 3,"Inner Unique": false,"Workers": [],"Plans": [{"Node Type": "Seq Scan","Parent Relationship": "Outer","Parallel Aware": true,"Async Capable": false,"Relation Name": "part","Alias": "part","Startup Cost": 0.00,"Total Cost": 7638.67,"Plan Rows": 198,"Plan Width": 30,"Actual Startup Time": 1.017,"Actual Total Time": 35.035,"Actual Rows": 173,"Actual Loops": 3,"Filter": "((p_size >= 1) AND (((p_brand = 'Brand#15'::bpchar) AND (p_container = ANY ('{\"SM CASE\",\"SM BOX\",\"SM PACK\",\"SM PKG\"}'::bpchar[])) AND (p_size <= 5)) OR ((p_brand = 'Brand#44'::bpchar) AND (p_container = ANY ('{\"MED BAG\",\"MED BOX\",\"MED PKG\",\"MED PACK\"}'::bpchar[])) AND (p_size <= 10)) OR ((p_brand = 'Brand#32'::bpchar) AND (p_container = ANY ('{\"LG CASE\",\"LG BOX\",\"LG PACK\",\"LG PKG\"}'::bpchar[])) AND (p_size <= 15))))","Rows Removed by Filter": 66494,"Workers": []},{"Node Type": "Index Scan","Parent Relationship": "Inner","Parallel Aware": false,"Async Capable": false,"Scan Direction": "Forward","Index Name": "idx_lineitem_part_supp","Relation Name": "lineitem","Alias": "lineitem","Startup Cost": 0.43,"Total Cost": 123.26,"Plan Rows": 1,"Plan Width": 21,"Actual Startup Time": 0.238,"Actual Total Time": 0.273,"Actual Rows": 0,"Actual Loops": 518,"Index Cond": "(l_partkey = part.p_partkey)","Rows Removed by Index Recheck": 0,"Filter": "((l_shipmode = ANY ('{AIR,\"AIR REG\"}'::bpchar[])) AND (l_shipinstruct = 'DELIVER IN PERSON'::bpchar) AND (((l_quantity >= '3'::numeric) AND (l_quantity <= '13'::numeric)) OR ((l_quantity >= '10'::numeric) AND (l_quantity <= '20'::numeric)) OR ((l_quantity >= '30'::numeric) AND (l_quantity <= '40'::numeric))) AND (((part.p_brand = 'Brand#15'::bpchar) AND (part.p_container = ANY ('{\"SM CASE\",\"SM BOX\",\"SM PACK\",\"SM PKG\"}'::bpchar[])) AND (l_quantity >= '3'::numeric) AND (l_quantity <= '13'::numeric) AND (part.p_size <= 5)) OR ((part.p_brand = 'Brand#44'::bpchar) AND (part.p_container = ANY ('{\"MED BAG\",\"MED BOX\",\"MED PKG\",\"MED PACK\"}'::bpchar[])) AND (l_quantity >= '10'::numeric) AND (l_quantity <= '20'::numeric) AND (part.p_size <= 10)) OR ((part.p_brand = 'Brand#32'::bpchar) AND (part.p_container = ANY ('{\"LG CASE\",\"LG BOX\",\"LG PACK\",\"LG PKG\"}'::bpchar[])) AND (l_quantity >= '30'::numeric) AND (l_quantity <= '40'::numeric) AND (part.p_size <= 15))))","Rows Removed by Filter": 30,"Workers": []}]}]}]}]},"Planning Time": 6.624,"Triggers": [],"Execution Time": 105.095}]
[{"Plan": {"Node Type": "Aggregate","Strategy": "Plain","Partial Mode": "Finalize","Parallel Aware": false,"Async Capable": false,"Startup Cost": 34664.86,"Total Cost": 34664.87,"Plan Rows": 1,"Plan Width": 32,"Actual Startup Time": 80.633,"Actual Total Time": 95.677,"Actual Rows": 1,"Actual Loops": 1,"Plans": [{"Node Type": "Gather","Parent Relationship": "Outer","Parallel Aware": false,"Async Capable": false,"Startup Cost": 34664.64,"Total Cost": 34664.85,"Plan Rows": 2,"Plan Width": 32,"Actual Startup Time": 80.175,"Actual Total Time": 95.644,"Actual Rows": 3,"Actual Loops": 1,"Workers Planned": 2,"Workers Launched": 2,"Single Copy": false,"Plans": [{"Node Type": "Aggregate","Strategy": "Plain","Partial Mode": "Partial","Parent Relationship": "Outer","Parallel Aware": false,"Async Capable": false,"Startup Cost": 33664.64,"Total Cost": 33664.65,"Plan Rows": 1,"Plan Width": 32,"Actual Startup Time": 74.116,"Actual Total Time": 74.118,"Actual Rows": 1,"Actual Loops": 3,"Workers": [],"Plans": [{"Node Type": "Nested Loop","Parent Relationship": "Outer","Parallel Aware": false,"Async Capable": false,"Join Type": "Inner","Startup Cost": 0.43,"Total Cost": 33664.27,"Plan Rows": 49,"Plan Width": 12,"Actual Startup Time": 1.471,"Actual Total Time": 74.069,"Actual Rows": 41,"Actual Loops": 3,"Inner Unique": false,"Workers": [],"Plans": [{"Node Type": "Seq Scan","Parent Relationship": "Outer","Parallel Aware": true,"Async Capable": false,"Relation Name": "part","Alias": "part","Startup Cost": 0.00,"Total Cost": 7638.67,"Plan Rows": 212,"Plan Width": 30,"Actual Startup Time": 0.168,"Actual Total Time": 30.213,"Actual Rows": 170,"Actual Loops": 3,"Filter": "((p_size >= 1) AND (((p_brand = 'Brand#11'::bpchar) AND (p_container = ANY ('{\"SM CASE\",\"SM BOX\",\"SM PACK\",\"SM PKG\"}'::bpchar[])) AND (p_size <= 5)) OR ((p_brand = 'Brand#45'::bpchar) AND (p_container = ANY ('{\"MED BAG\",\"MED BOX\",\"MED PKG\",\"MED PACK\"}'::bpchar[])) AND (p_size <= 10)) OR ((p_brand = 'Brand#33'::bpchar) AND (p_container = ANY ('{\"LG CASE\",\"LG BOX\",\"LG PACK\",\"LG PKG\"}'::bpchar[])) AND (p_size <= 15))))","Rows Removed by Filter": 66497,"Workers": []},{"Node Type": "Index Scan","Parent Relationship": "Inner","Parallel Aware": false,"Async Capable": false,"Scan Direction": "Forward","Index Name": "idx_lineitem_part_supp","Relation Name": "lineitem","Alias": "lineitem","Startup Cost": 0.43,"Total Cost": 122.75,"Plan Rows": 1,"Plan Width": 21,"Actual Startup Time": 0.229,"Actual Total Time": 0.258,"Actual Rows": 0,"Actual Loops": 510,"Index Cond": "(l_partkey = part.p_partkey)","Rows Removed by Index Recheck": 0,"Filter": "((l_shipmode = ANY ('{AIR,\"AIR REG\"}'::bpchar[])) AND (l_shipinstruct = 'DELIVER IN PERSON'::bpchar) AND (((l_quantity >= '7'::numeric) AND (l_quantity <= '17'::numeric)) OR ((l_quantity >= '12'::numeric) AND (l_quantity <= '22'::numeric)) OR ((l_quantity >= '24'::numeric) AND (l_quantity <= '34'::numeric))) AND (((part.p_brand = 'Brand#11'::bpchar) AND (part.p_container = ANY ('{\"SM CASE\",\"SM BOX\",\"SM PACK\",\"SM PKG\"}'::bpchar[])) AND (l_quantity >= '7'::numeric) AND (l_quantity <= '17'::numeric) AND (part.p_size <= 5)) OR ((part.p_brand = 'Brand#45'::bpchar) AND (part.p_container = ANY ('{\"MED BAG\",\"MED BOX\",\"MED PKG\",\"MED PACK\"}'::bpchar[])) AND (l_quantity >= '12'::numeric) AND (l_quantity <= '22'::numeric) AND (part.p_size <= 10)) OR ((part.p_brand = 'Brand#33'::bpchar) AND (part.p_container = ANY ('{\"LG CASE\",\"LG BOX\",\"LG PACK\",\"LG PKG\"}'::bpchar[])) AND (l_quantity >= '24'::numeric) AND (l_quantity <= '34'::numeric) AND (part.p_size <= 15))))","Rows Removed by Filter": 30,"Workers": []}]}]}]}]},"Planning Time": 6.025,"Triggers": [],"Execution Time": 95.890}]
[{"Plan": {"Node Type": "Aggregate","Strategy": "Plain","Partial Mode": "Finalize","Parallel Aware": false,"Async Capable": false,"Startup Cost": 33507.36,"Total Cost": 33507.37,"Plan Rows": 1,"Plan Width": 32,"Actual Startup Time": 82.890,"Actual Total Time": 97.918,"Actual Rows": 1,"Actual Loops": 1,"Plans": [{"Node Type": "Gather","Parent Relationship": "Outer","Parallel Aware": false,"Async Capable": false,"Startup Cost": 33507.13,"Total Cost": 33507.34,"Plan Rows": 2,"Plan Width": 32,"Actual Startup Time": 82.735,"Actual Total Time": 97.880,"Actual Rows": 3,"Actual Loops": 1,"Workers Planned": 2,"Workers Launched": 2,"Single Copy": false,"Plans": [{"Node Type": "Aggregate","Strategy": "Plain","Partial Mode": "Partial","Parent Relationship": "Outer","Parallel Aware": false,"Async Capable": false,"Startup Cost": 32507.13,"Total Cost": 32507.14,"Plan Rows": 1,"Plan Width": 32,"Actual Startup Time": 75.974,"Actual Total Time": 75.976,"Actual Rows": 1,"Actual Loops": 3,"Workers": [],"Plans": [{"Node Type": "Nested Loop","Parent Relationship": "Outer","Parallel Aware": false,"Async Capable": false,"Join Type": "Inner","Startup Cost": 0.43,"Total Cost": 32506.78,"Plan Rows": 47,"Plan Width": 12,"Actual Startup Time": 8.490,"Actual Total Time": 75.926,"Actual Rows": 38,"Actual Loops": 3,"Inner Unique": false,"Workers": [],"Plans": [{"Node Type": "Seq Scan","Parent Relationship": "Outer","Parallel Aware": true,"Async Capable": false,"Relation Name": "part","Alias": "part","Startup Cost": 0.00,"Total Cost": 7638.67,"Plan Rows": 202,"Plan Width": 30,"Actual Startup Time": 0.609,"Actual Total Time": 31.814,"Actual Rows": 170,"Actual Loops": 3,"Filter": "((p_size >= 1) AND (((p_brand = 'Brand#51'::bpchar) AND (p_container = ANY ('{\"SM CASE\",\"SM BOX\",\"SM PACK\",\"SM PKG\"}'::bpchar[])) AND (p_size <= 5)) OR ((p_brand = 'Brand#31'::bpchar) AND (p_container = ANY ('{\"MED BAG\",\"MED BOX\",\"MED PKG\",\"MED PACK\"}'::bpchar[])) AND (p_size <= 10)) OR ((p_brand = 'Brand#12'::bpchar) AND (p_container = ANY ('{\"LG CASE\",\"LG BOX\",\"LG PACK\",\"LG PKG\"}'::bpchar[])) AND (p_size <= 15))))","Rows Removed by Filter": 66497,"Workers": []},{"Node Type": "Index Scan","Parent Relationship": "Inner","Parallel Aware": false,"Async Capable": false,"Scan Direction": "Forward","Index Name": "idx_lineitem_part_supp","Relation Name": "lineitem","Alias": "lineitem","Startup Cost": 0.43,"Total Cost": 123.10,"Plan Rows": 1,"Plan Width": 21,"Actual Startup Time": 0.232,"Actual Total Time": 0.260,"Actual Rows": 0,"Actual Loops": 509,"Index Cond": "(l_partkey = part.p_partkey)","Rows Removed by Index Recheck": 0,"Filter": "((l_shipmode = ANY ('{AIR,\"AIR REG\"}'::bpchar[])) AND (l_shipinstruct = 'DELIVER IN PERSON'::bpchar) AND (((l_quantity >= '4'::numeric) AND (l_quantity <= '14'::numeric)) OR ((l_quantity >= '18'::numeric) AND (l_quantity <= '28'::numeric)) OR ((l_quantity >= '25'::numeric) AND (l_quantity <= '35'::numeric))) AND (((part.p_brand = 'Brand#51'::bpchar) AND (part.p_container = ANY ('{\"SM CASE\",\"SM BOX\",\"SM PACK\",\"SM PKG\"}'::bpchar[])) AND (l_quantity >= '4'::numeric) AND (l_quantity <= '14'::numeric) AND (part.p_size <= 5)) OR ((part.p_brand = 'Brand#31'::bpchar) AND (part.p_container = ANY ('{\"MED BAG\",\"MED BOX\",\"MED PKG\",\"MED PACK\"}'::bpchar[])) AND (l_quantity >= '18'::numeric) AND (l_quantity <= '28'::numeric) AND (part.p_size <= 10)) OR ((part.p_brand = 'Brand#12'::bpchar) AND (part.p_container = ANY ('{\"LG CASE\",\"LG BOX\",\"LG PACK\",\"LG PKG\"}'::bpchar[])) AND (l_quantity >= '25'::numeric) AND (l_quantity <= '35'::numeric) AND (part.p_size <= 15))))","Rows Removed by Filter": 30,"Workers": []}]}]}]}]},"Planning Time": 5.552,"Triggers": [],"Execution Time": 98.068}]
[{"Plan": {"Node Type": "Aggregate","Strategy": "Plain","Partial Mode": "Finalize","Parallel Aware": false,"Async Capable": false,"Startup Cost": 33391.13,"Total Cost": 33391.14,"Plan Rows": 1,"Plan Width": 32,"Actual Startup Time": 86.212,"Actual Total Time": 101.664,"Actual Rows": 1,"Actual Loops": 1,"Plans": [{"Node Type": "Gather","Parent Relationship": "Outer","Parallel Aware": false,"Async Capable": false,"Startup Cost": 33390.91,"Total Cost": 33391.12,"Plan Rows": 2,"Plan Width": 32,"Actual Startup Time": 86.169,"Actual Total Time": 101.629,"Actual Rows": 3,"Actual Loops": 1,"Workers Planned": 2,"Workers Launched": 2,"Single Copy": false,"Plans": [{"Node Type": "Aggregate","Strategy": "Plain","Partial Mode": "Partial","Parent Relationship": "Outer","Parallel Aware": false,"Async Capable": false,"Startup Cost": 32390.91,"Total Cost": 32390.92,"Plan Rows": 1,"Plan Width": 32,"Actual Startup Time": 79.503,"Actual Total Time": 79.507,"Actual Rows": 1,"Actual Loops": 3,"Workers": [],"Plans": [{"Node Type": "Nested Loop","Parent Relationship": "Outer","Parallel Aware": false,"Async Capable": false,"Join Type": "Inner","Startup Cost": 0.43,"Total Cost": 32390.56,"Plan Rows": 46,"Plan Width": 12,"Actual Startup Time": 3.169,"Actual Total Time": 79.456,"Actual Rows": 46,"Actual Loops": 3,"Inner Unique": false,"Workers": [],"Plans": [{"Node Type": "Seq Scan","Parent Relationship": "Outer","Parallel Aware": true,"Async Capable": false,"Relation Name": "part","Alias": "part","Startup Cost": 0.00,"Total Cost": 7638.67,"Plan Rows": 201,"Plan Width": 30,"Actual Startup Time": 0.588,"Actual Total Time": 33.954,"Actual Rows": 163,"Actual Loops": 3,"Filter": "((p_size >= 1) AND (((p_brand = 'Brand#23'::bpchar) AND (p_container = ANY ('{\"SM CASE\",\"SM BOX\",\"SM PACK\",\"SM PKG\"}'::bpchar[])) AND (p_size <= 5)) OR ((p_brand = 'Brand#15'::bpchar) AND (p_container = ANY ('{\"MED BAG\",\"MED BOX\",\"MED PKG\",\"MED PACK\"}'::bpchar[])) AND (p_size <= 10)) OR ((p_brand = 'Brand#43'::bpchar) AND (p_container = ANY ('{\"LG CASE\",\"LG BOX\",\"LG PACK\",\"LG PKG\"}'::bpchar[])) AND (p_size <= 15))))","Rows Removed by Filter": 66504,"Workers": []},{"Node Type": "Index Scan","Parent Relationship": "Inner","Parallel Aware": false,"Async Capable": false,"Scan Direction": "Forward","Index Name": "idx_lineitem_part_supp","Relation Name": "lineitem","Alias": "lineitem","Startup Cost": 0.43,"Total Cost": 123.13,"Plan Rows": 1,"Plan Width": 21,"Actual Startup Time": 0.241,"Actual Total Time": 0.279,"Actual Rows": 0,"Actual Loops": 489,"Index Cond": "(l_partkey = part.p_partkey)","Rows Removed by Index Recheck": 0,"Filter": "((l_shipmode = ANY ('{AIR,\"AIR REG\"}'::bpchar[])) AND (l_shipinstruct = 'DELIVER IN PERSON'::bpchar) AND (((l_quantity >= '6'::numeric) AND (l_quantity <= '16'::numeric)) OR ((l_quantity >= '18'::numeric) AND (l_quantity <= '28'::numeric)) OR ((l_quantity >= '27'::numeric) AND (l_quantity <= '37'::numeric))) AND (((part.p_brand = 'Brand#23'::bpchar) AND (part.p_container = ANY ('{\"SM CASE\",\"SM BOX\",\"SM PACK\",\"SM PKG\"}'::bpchar[])) AND (l_quantity >= '6'::numeric) AND (l_quantity <= '16'::numeric) AND (part.p_size <= 5)) OR ((part.p_brand = 'Brand#15'::bpchar) AND (part.p_container = ANY ('{\"MED BAG\",\"MED BOX\",\"MED PKG\",\"MED PACK\"}'::bpchar[])) AND (l_quantity >= '18'::numeric) AND (l_quantity <= '28'::numeric) AND (part.p_size <= 10)) OR ((part.p_brand = 'Brand#43'::bpchar) AND (part.p_container = ANY ('{\"LG CASE\",\"LG BOX\",\"LG PACK\",\"LG PKG\"}'::bpchar[])) AND (l_quantity >= '27'::numeric) AND (l_quantity <= '37'::numeric) AND (part.p_size <= 15))))","Rows Removed by Filter": 30,"Workers": []}]}]}]}]},"Planning Time": 5.837,"Triggers": [],"Execution Time": 101.870}]
[{"Plan": {"Node Type": "Aggregate","Strategy": "Plain","Partial Mode": "Finalize","Parallel Aware": false,"Async Capable": false,"Startup Cost": 34044.77,"Total Cost": 34044.78,"Plan Rows": 1,"Plan Width": 32,"Actual Startup Time": 87.008,"Actual Total Time": 102.571,"Actual Rows": 1,"Actual Loops": 1,"Plans": [{"Node Type": "Gather","Parent Relationship": "Outer","Parallel Aware": false,"Async Capable": false,"Startup Cost": 34044.55,"Total Cost": 34044.76,"Plan Rows": 2,"Plan Width": 32,"Actual Startup Time": 86.733,"Actual Total Time": 102.546,"Actual Rows": 3,"Actual Loops": 1,"Workers Planned": 2,"Workers Launched": 2,"Single Copy": false,"Plans": [{"Node Type": "Aggregate","Strategy": "Plain","Partial Mode": "Partial","Parent Relationship": "Outer","Parallel Aware": false,"Async Capable": false,"Startup Cost": 33044.55,"Total Cost": 33044.56,"Plan Rows": 1,"Plan Width": 32,"Actual Startup Time": 80.385,"Actual Total Time": 80.391,"Actual Rows": 1,"Actual Loops": 3,"Workers": [],"Plans": [{"Node Type": "Nested Loop","Parent Relationship": "Outer","Parallel Aware": false,"Async Capable": false,"Join Type": "Inner","Startup Cost": 4.54,"Total Cost": 33044.18,"Plan Rows": 49,"Plan Width": 12,"Actual Startup Time": 4.870,"Actual Total Time": 80.338,"Actual Rows": 41,"Actual Loops": 3,"Inner Unique": false,"Workers": [],"Plans": [{"Node Type": "Seq Scan","Parent Relationship": "Outer","Parallel Aware": true,"Async Capable": false,"Relation Name": "part","Alias": "part","Startup Cost": 0.00,"Total Cost": 7638.67,"Plan Rows": 209,"Plan Width": 30,"Actual Startup Time": 0.379,"Actual Total Time": 32.148,"Actual Rows": 176,"Actual Loops": 3,"Filter": "((p_size >= 1) AND (((p_brand = 'Brand#25'::bpchar) AND (p_container = ANY ('{\"SM CASE\",\"SM BOX\",\"SM PACK\",\"SM PKG\"}'::bpchar[])) AND (p_size <= 5)) OR ((p_brand = 'Brand#41'::bpchar) AND (p_container = ANY ('{\"MED BAG\",\"MED BOX\",\"MED PKG\",\"MED PACK\"}'::bpchar[])) AND (p_size <= 10)) OR ((p_brand = 'Brand#33'::bpchar) AND (p_container = ANY ('{\"LG CASE\",\"LG BOX\",\"LG PACK\",\"LG PKG\"}'::bpchar[])) AND (p_size <= 15))))","Rows Removed by Filter": 66490,"Workers": []},{"Node Type": "Bitmap Heap Scan","Parent Relationship": "Inner","Parallel Aware": false,"Async Capable": false,"Relation Name": "lineitem","Alias": "lineitem","Startup Cost": 4.54,"Total Cost": 121.55,"Plan Rows": 1,"Plan Width": 21,"Actual Startup Time": 0.242,"Actual Total Time": 0.272,"Actual Rows": 0,"Actual Loops": 529,"Recheck Cond": "(l_partkey = part.p_partkey)","Rows Removed by Index Recheck": 0,"Filter": "((l_shipmode = ANY ('{AIR,\"AIR REG\"}'::bpchar[])) AND (l_shipinstruct = 'DELIVER IN PERSON'::bpchar) AND (((l_quantity >= '6'::numeric) AND (l_quantity <= '16'::numeric)) OR ((l_quantity >= '10'::numeric) AND (l_quantity <= '20'::numeric)) OR ((l_quantity >= '20'::numeric) AND (l_quantity <= '30'::numeric))) AND (((part.p_brand = 'Brand#25'::bpchar) AND (part.p_container = ANY ('{\"SM CASE\",\"SM BOX\",\"SM PACK\",\"SM PKG\"}'::bpchar[])) AND (l_quantity >= '6'::numeric) AND (l_quantity <= '16'::numeric) AND (part.p_size <= 5)) OR ((part.p_brand = 'Brand#41'::bpchar) AND (part.p_container = ANY ('{\"MED BAG\",\"MED BOX\",\"MED PKG\",\"MED PACK\"}'::bpchar[])) AND (l_quantity >= '10'::numeric) AND (l_quantity <= '20'::numeric) AND (part.p_size <= 10)) OR ((part.p_brand = 'Brand#33'::bpchar) AND (part.p_container = ANY ('{\"LG CASE\",\"LG BOX\",\"LG PACK\",\"LG PKG\"}'::bpchar[])) AND (l_quantity >= '20'::numeric) AND (l_quantity <= '30'::numeric) AND (part.p_size <= 15))))","Rows Removed by Filter": 30,"Exact Heap Blocks": 5432,"Lossy Heap Blocks": 0,"Workers": [],"Plans": [{"Node Type": "Bitmap Index Scan","Parent Relationship": "Outer","Parallel Aware": false,"Async Capable": false,"Index Name": "idx_lineitem_part_supp","Startup Cost": 0.00,"Total Cost": 4.54,"Plan Rows": 31,"Plan Width": 0,"Actual Startup Time": 0.011,"Actual Total Time": 0.011,"Actual Rows": 30,"Actual Loops": 529,"Index Cond": "(l_partkey = part.p_partkey)","Workers": []}]}]}]}]}]},"Planning Time": 5.967,"Triggers": [],"Execution Time": 102.852}]
[{"Plan": {"Node Type": "Aggregate","Strategy": "Plain","Partial Mode": "Finalize","Parallel Aware": false,"Async Capable": false,"Startup Cost": 33855.59,"Total Cost": 33855.60,"Plan Rows": 1,"Plan Width": 32,"Actual Startup Time": 80.595,"Actual Total Time": 95.378,"Actual Rows": 1,"Actual Loops": 1,"Plans": [{"Node Type": "Gather","Parent Relationship": "Outer","Parallel Aware": false,"Async Capable": false,"Startup Cost": 33855.37,"Total Cost": 33855.58,"Plan Rows": 2,"Plan Width": 32,"Actual Startup Time": 80.276,"Actual Total Time": 95.342,"Actual Rows": 3,"Actual Loops": 1,"Workers Planned": 2,"Workers Launched": 2,"Single Copy": false,"Plans": [{"Node Type": "Aggregate","Strategy": "Plain","Partial Mode": "Partial","Parent Relationship": "Outer","Parallel Aware": false,"Async Capable": false,"Startup Cost": 32855.37,"Total Cost": 32855.38,"Plan Rows": 1,"Plan Width": 32,"Actual Startup Time": 73.538,"Actual Total Time": 73.540,"Actual Rows": 1,"Actual Loops": 3,"Workers": [],"Plans": [{"Node Type": "Nested Loop","Parent Relationship": "Outer","Parallel Aware": false,"Async Capable": false,"Join Type": "Inner","Startup Cost": 0.43,"Total Cost": 32855.00,"Plan Rows": 48,"Plan Width": 12,"Actual Startup Time": 6.458,"Actual Total Time": 73.491,"Actual Rows": 37,"Actual Loops": 3,"Inner Unique": false,"Workers": [],"Plans": [{"Node Type": "Seq Scan","Parent Relationship": "Outer","Parallel Aware": true,"Async Capable": false,"Relation Name": "part","Alias": "part","Startup Cost": 0.00,"Total Cost": 7638.67,"Plan Rows": 205,"Plan Width": 30,"Actual Startup Time": 0.247,"Actual Total Time": 30.419,"Actual Rows": 166,"Actual Loops": 3,"Filter": "((p_size >= 1) AND (((p_brand = 'Brand#31'::bpchar) AND (p_container = ANY ('{\"SM CASE\",\"SM BOX\",\"SM PACK\",\"SM PKG\"}'::bpchar[])) AND (p_size <= 5)) OR ((p_brand = 'Brand#15'::bpchar) AND (p_container = ANY ('{\"MED BAG\",\"MED BOX\",\"MED PKG\",\"MED PACK\"}'::bpchar[])) AND (p_size <= 10)) OR ((p_brand = 'Brand#11'::bpchar) AND (p_container = ANY ('{\"LG CASE\",\"LG BOX\",\"LG PACK\",\"LG PKG\"}'::bpchar[])) AND (p_size <= 15))))","Rows Removed by Filter": 66501,"Workers": []},{"Node Type": "Index Scan","Parent Relationship": "Inner","Parallel Aware": false,"Async Capable": false,"Scan Direction": "Forward","Index Name": "idx_lineitem_part_supp","Relation Name": "lineitem","Alias": "lineitem","Startup Cost": 0.43,"Total Cost": 123.00,"Plan Rows": 1,"Plan Width": 21,"Actual Startup Time": 0.235,"Actual Total Time": 0.259,"Actual Rows": 0,"Actual Loops": 498,"Index Cond": "(l_partkey = part.p_partkey)","Rows Removed by Index Recheck": 0,"Filter": "((l_shipmode = ANY ('{AIR,\"AIR REG\"}'::bpchar[])) AND (l_shipinstruct = 'DELIVER IN PERSON'::bpchar) AND (((l_quantity >= '2'::numeric) AND (l_quantity <= '12'::numeric)) OR ((l_quantity >= '11'::numeric) AND (l_quantity <= '21'::numeric)) OR ((l_quantity >= '29'::numeric) AND (l_quantity <= '39'::numeric))) AND (((part.p_brand = 'Brand#31'::bpchar) AND (part.p_container = ANY ('{\"SM CASE\",\"SM BOX\",\"SM PACK\",\"SM PKG\"}'::bpchar[])) AND (l_quantity >= '2'::numeric) AND (l_quantity <= '12'::numeric) AND (part.p_size <= 5)) OR ((part.p_brand = 'Brand#15'::bpchar) AND (part.p_container = ANY ('{\"MED BAG\",\"MED BOX\",\"MED PKG\",\"MED PACK\"}'::bpchar[])) AND (l_quantity >= '11'::numeric) AND (l_quantity <= '21'::numeric) AND (part.p_size <= 10)) OR ((part.p_brand = 'Brand#11'::bpchar) AND (part.p_container = ANY ('{\"LG CASE\",\"LG BOX\",\"LG PACK\",\"LG PKG\"}'::bpchar[])) AND (l_quantity >= '29'::numeric) AND (l_quantity <= '39'::numeric) AND (part.p_size <= 15))))","Rows Removed by Filter": 30,"Workers": []}]}]}]}]},"Planning Time": 5.500,"Triggers": [],"Execution Time": 95.565}]
[{"Plan": {"Node Type": "Aggregate","Strategy": "Plain","Partial Mode": "Finalize","Parallel Aware": false,"Async Capable": false,"Startup Cost": 33627.60,"Total Cost": 33627.61,"Plan Rows": 1,"Plan Width": 32,"Actual Startup Time": 78.892,"Actual Total Time": 93.181,"Actual Rows": 1,"Actual Loops": 1,"Plans": [{"Node Type": "Gather","Parent Relationship": "Outer","Parallel Aware": false,"Async Capable": false,"Startup Cost": 33627.37,"Total Cost": 33627.58,"Plan Rows": 2,"Plan Width": 32,"Actual Startup Time": 78.836,"Actual Total Time": 93.152,"Actual Rows": 3,"Actual Loops": 1,"Workers Planned": 2,"Workers Launched": 2,"Single Copy": false,"Plans": [{"Node Type": "Aggregate","Strategy": "Plain","Partial Mode": "Partial","Parent Relationship": "Outer","Parallel Aware": false,"Async Capable": false,"Startup Cost": 32627.37,"Total Cost": 32627.38,"Plan Rows": 1,"Plan Width": 32,"Actual Startup Time": 72.147,"Actual Total Time": 72.151,"Actual Rows": 1,"Actual Loops": 3,"Workers": [],"Plans": [{"Node Type": "Nested Loop","Parent Relationship": "Outer","Parallel Aware": false,"Async Capable": false,"Join Type": "Inner","Startup Cost": 0.43,"Total Cost": 32627.02,"Plan Rows": 47,"Plan Width": 12,"Actual Startup Time": 3.094,"Actual Total Time": 72.110,"Actual Rows": 44,"Actual Loops": 3,"Inner Unique": false,"Workers": [],"Plans": [{"Node Type": "Seq Scan","Parent Relationship": "Outer","Parallel Aware": true,"Async Capable": false,"Relation Name": "part","Alias": "part","Startup Cost": 0.00,"Total Cost": 7638.67,"Plan Rows": 203,"Plan Width": 30,"Actual Startup Time": 0.560,"Actual Total Time": 31.199,"Actual Rows": 155,"Actual Loops": 3,"Filter": "((p_size >= 1) AND (((p_brand = 'Brand#32'::bpchar) AND (p_container = ANY ('{\"SM CASE\",\"SM BOX\",\"SM PACK\",\"SM PKG\"}'::bpchar[])) AND (p_size <= 5)) OR ((p_brand = 'Brand#14'::bpchar) AND (p_container = ANY ('{\"MED BAG\",\"MED BOX\",\"MED PKG\",\"MED PACK\"}'::bpchar[])) AND (p_size <= 10)) OR ((p_brand = 'Brand#55'::bpchar) AND (p_container = ANY ('{\"LG CASE\",\"LG BOX\",\"LG PACK\",\"LG PKG\"}'::bpchar[])) AND (p_size <= 15))))","Rows Removed by Filter": 66512,"Workers": []},{"Node Type": "Index Scan","Parent Relationship": "Inner","Parallel Aware": false,"Async Capable": false,"Scan Direction": "Forward","Index Name": "idx_lineitem_part_supp","Relation Name": "lineitem","Alias": "lineitem","Startup Cost": 0.43,"Total Cost": 123.09,"Plan Rows": 1,"Plan Width": 21,"Actual Startup Time": 0.234,"Actual Total Time": 0.264,"Actual Rows": 0,"Actual Loops": 465,"Index Cond": "(l_partkey = part.p_partkey)","Rows Removed by Index Recheck": 0,"Filter": "((l_shipmode = ANY ('{AIR,\"AIR REG\"}'::bpchar[])) AND (l_shipinstruct = 'DELIVER IN PERSON'::bpchar) AND (((l_quantity >= '1'::numeric) AND (l_quantity <= '11'::numeric)) OR ((l_quantity >= '13'::numeric) AND (l_quantity <= '23'::numeric)) OR ((l_quantity >= '30'::numeric) AND (l_quantity <= '40'::numeric))) AND (((part.p_brand = 'Brand#32'::bpchar) AND (part.p_container = ANY ('{\"SM CASE\",\"SM BOX\",\"SM PACK\",\"SM PKG\"}'::bpchar[])) AND (l_quantity >= '1'::numeric) AND (l_quantity <= '11'::numeric) AND (part.p_size <= 5)) OR ((part.p_brand = 'Brand#14'::bpchar) AND (part.p_container = ANY ('{\"MED BAG\",\"MED BOX\",\"MED PKG\",\"MED PACK\"}'::bpchar[])) AND (l_quantity >= '13'::numeric) AND (l_quantity <= '23'::numeric) AND (part.p_size <= 10)) OR ((part.p_brand = 'Brand#55'::bpchar) AND (part.p_container = ANY ('{\"LG CASE\",\"LG BOX\",\"LG PACK\",\"LG PKG\"}'::bpchar[])) AND (l_quantity >= '30'::numeric) AND (l_quantity <= '40'::numeric) AND (part.p_size <= 15))))","Rows Removed by Filter": 30,"Workers": []}]}]}]}]},"Planning Time": 6.390,"Triggers": [],"Execution Time": 93.391}]
[{"Plan": {"Node Type": "Aggregate","Strategy": "Plain","Partial Mode": "Finalize","Parallel Aware": false,"Async Capable": false,"Startup Cost": 33858.65,"Total Cost": 33858.66,"Plan Rows": 1,"Plan Width": 32,"Actual Startup Time": 80.373,"Actual Total Time": 94.608,"Actual Rows": 1,"Actual Loops": 1,"Plans": [{"Node Type": "Gather","Parent Relationship": "Outer","Parallel Aware": false,"Async Capable": false,"Startup Cost": 33858.43,"Total Cost": 33858.64,"Plan Rows": 2,"Plan Width": 32,"Actual Startup Time": 80.142,"Actual Total Time": 94.577,"Actual Rows": 3,"Actual Loops": 1,"Workers Planned": 2,"Workers Launched": 2,"Single Copy": false,"Plans": [{"Node Type": "Aggregate","Strategy": "Plain","Partial Mode": "Partial","Parent Relationship": "Outer","Parallel Aware": false,"Async Capable": false,"Startup Cost": 32858.43,"Total Cost": 32858.44,"Plan Rows": 1,"Plan Width": 32,"Actual Startup Time": 73.483,"Actual Total Time": 73.484,"Actual Rows": 1,"Actual Loops": 3,"Workers": [],"Plans": [{"Node Type": "Nested Loop","Parent Relationship": "Outer","Parallel Aware": false,"Async Capable": false,"Join Type": "Inner","Startup Cost": 0.43,"Total Cost": 32858.06,"Plan Rows": 48,"Plan Width": 12,"Actual Startup Time": 5.988,"Actual Total Time": 73.433,"Actual Rows": 42,"Actual Loops": 3,"Inner Unique": false,"Workers": [],"Plans": [{"Node Type": "Seq Scan","Parent Relationship": "Outer","Parallel Aware": true,"Async Capable": false,"Relation Name": "part","Alias": "part","Startup Cost": 0.00,"Total Cost": 7638.67,"Plan Rows": 205,"Plan Width": 30,"Actual Startup Time": 1.171,"Actual Total Time": 32.454,"Actual Rows": 156,"Actual Loops": 3,"Filter": "((p_size >= 1) AND (((p_brand = 'Brand#32'::bpchar) AND (p_container = ANY ('{\"SM CASE\",\"SM BOX\",\"SM PACK\",\"SM PKG\"}'::bpchar[])) AND (p_size <= 5)) OR ((p_brand = 'Brand#11'::bpchar) AND (p_container = ANY ('{\"MED BAG\",\"MED BOX\",\"MED PKG\",\"MED PACK\"}'::bpchar[])) AND (p_size <= 10)) OR ((p_brand = 'Brand#45'::bpchar) AND (p_container = ANY ('{\"LG CASE\",\"LG BOX\",\"LG PACK\",\"LG PKG\"}'::bpchar[])) AND (p_size <= 15))))","Rows Removed by Filter": 66511,"Workers": []},{"Node Type": "Index Scan","Parent Relationship": "Inner","Parallel Aware": false,"Async Capable": false,"Scan Direction": "Forward","Index Name": "idx_lineitem_part_supp","Relation Name": "lineitem","Alias": "lineitem","Startup Cost": 0.43,"Total Cost": 123.01,"Plan Rows": 1,"Plan Width": 21,"Actual Startup Time": 0.230,"Actual Total Time": 0.262,"Actual Rows": 0,"Actual Loops": 468,"Index Cond": "(l_partkey = part.p_partkey)","Rows Removed by Index Recheck": 0,"Filter": "((l_shipmode = ANY ('{AIR,\"AIR REG\"}'::bpchar[])) AND (l_shipinstruct = 'DELIVER IN PERSON'::bpchar) AND (((l_quantity >= '1'::numeric) AND (l_quantity <= '11'::numeric)) OR ((l_quantity >= '10'::numeric) AND (l_quantity <= '20'::numeric)) OR ((l_quantity >= '25'::numeric) AND (l_quantity <= '35'::numeric))) AND (((part.p_brand = 'Brand#32'::bpchar) AND (part.p_container = ANY ('{\"SM CASE\",\"SM BOX\",\"SM PACK\",\"SM PKG\"}'::bpchar[])) AND (l_quantity >= '1'::numeric) AND (l_quantity <= '11'::numeric) AND (part.p_size <= 5)) OR ((part.p_brand = 'Brand#11'::bpchar) AND (part.p_container = ANY ('{\"MED BAG\",\"MED BOX\",\"MED PKG\",\"MED PACK\"}'::bpchar[])) AND (l_quantity >= '10'::numeric) AND (l_quantity <= '20'::numeric) AND (part.p_size <= 10)) OR ((part.p_brand = 'Brand#45'::bpchar) AND (part.p_container = ANY ('{\"LG CASE\",\"LG BOX\",\"LG PACK\",\"LG PKG\"}'::bpchar[])) AND (l_quantity >= '25'::numeric) AND (l_quantity <= '35'::numeric) AND (part.p_size <= 15))))","Rows Removed by Filter": 30,"Workers": []}]}]}]}]},"Planning Time": 5.779,"Triggers": [],"Execution Time": 94.777}]
[{"Plan": {"Node Type": "Aggregate","Strategy": "Plain","Partial Mode": "Finalize","Parallel Aware": false,"Async Capable": false,"Startup Cost": 33855.17,"Total Cost": 33855.18,"Plan Rows": 1,"Plan Width": 32,"Actual Startup Time": 81.563,"Actual Total Time": 96.911,"Actual Rows": 1,"Actual Loops": 1,"Plans": [{"Node Type": "Gather","Parent Relationship": "Outer","Parallel Aware": false,"Async Capable": false,"Startup Cost": 33854.95,"Total Cost": 33855.16,"Plan Rows": 2,"Plan Width": 32,"Actual Startup Time": 81.474,"Actual Total Time": 96.882,"Actual Rows": 3,"Actual Loops": 1,"Workers Planned": 2,"Workers Launched": 2,"Single Copy": false,"Plans": [{"Node Type": "Aggregate","Strategy": "Plain","Partial Mode": "Partial","Parent Relationship": "Outer","Parallel Aware": false,"Async Capable": false,"Startup Cost": 32854.95,"Total Cost": 32854.96,"Plan Rows": 1,"Plan Width": 32,"Actual Startup Time": 75.014,"Actual Total Time": 75.016,"Actual Rows": 1,"Actual Loops": 3,"Workers": [],"Plans": [{"Node Type": "Nested Loop","Parent Relationship": "Outer","Parallel Aware": false,"Async Capable": false,"Join Type": "Inner","Startup Cost": 0.43,"Total Cost": 32854.58,"Plan Rows": 48,"Plan Width": 12,"Actual Startup Time": 5.990,"Actual Total Time": 74.978,"Actual Rows": 40,"Actual Loops": 3,"Inner Unique": false,"Workers": [],"Plans": [{"Node Type": "Seq Scan","Parent Relationship": "Outer","Parallel Aware": true,"Async Capable": false,"Relation Name": "part","Alias": "part","Startup Cost": 0.00,"Total Cost": 7638.67,"Plan Rows": 205,"Plan Width": 30,"Actual Startup Time": 0.732,"Actual Total Time": 31.875,"Actual Rows": 164,"Actual Loops": 3,"Filter": "((p_size >= 1) AND (((p_brand = 'Brand#55'::bpchar) AND (p_container = ANY ('{\"SM CASE\",\"SM BOX\",\"SM PACK\",\"SM PKG\"}'::bpchar[])) AND (p_size <= 5)) OR ((p_brand = 'Brand#53'::bpchar) AND (p_container = ANY ('{\"MED BAG\",\"MED BOX\",\"MED PKG\",\"MED PACK\"}'::bpchar[])) AND (p_size <= 10)) OR ((p_brand = 'Brand#21'::bpchar) AND (p_container = ANY ('{\"LG CASE\",\"LG BOX\",\"LG PACK\",\"LG PKG\"}'::bpchar[])) AND (p_size <= 15))))","Rows Removed by Filter": 66503,"Workers": []},{"Node Type": "Index Scan","Parent Relationship": "Inner","Parallel Aware": false,"Async Capable": false,"Scan Direction": "Forward","Index Name": "idx_lineitem_part_supp","Relation Name": "lineitem","Alias": "lineitem","Startup Cost": 0.43,"Total Cost": 122.99,"Plan Rows": 1,"Plan Width": 21,"Actual Startup Time": 0.233,"Actual Total Time": 0.263,"Actual Rows": 0,"Actual Loops": 491,"Index Cond": "(l_partkey = part.p_partkey)","Rows Removed by Index Recheck": 0,"Filter": "((l_shipmode = ANY ('{AIR,\"AIR REG\"}'::bpchar[])) AND (l_shipinstruct = 'DELIVER IN PERSON'::bpchar) AND (((l_quantity >= '5'::numeric) AND (l_quantity <= '15'::numeric)) OR ((l_quantity >= '12'::numeric) AND (l_quantity <= '22'::numeric)) OR ((l_quantity >= '25'::numeric) AND (l_quantity <= '35'::numeric))) AND (((part.p_brand = 'Brand#55'::bpchar) AND (part.p_container = ANY ('{\"SM CASE\",\"SM BOX\",\"SM PACK\",\"SM PKG\"}'::bpchar[])) AND (l_quantity >= '5'::numeric) AND (l_quantity <= '15'::numeric) AND (part.p_size <= 5)) OR ((part.p_brand = 'Brand#53'::bpchar) AND (part.p_container = ANY ('{\"MED BAG\",\"MED BOX\",\"MED PKG\",\"MED PACK\"}'::bpchar[])) AND (l_quantity >= '12'::numeric) AND (l_quantity <= '22'::numeric) AND (part.p_size <= 10)) OR ((part.p_brand = 'Brand#21'::bpchar) AND (part.p_container = ANY ('{\"LG CASE\",\"LG BOX\",\"LG PACK\",\"LG PKG\"}'::bpchar[])) AND (l_quantity >= '25'::numeric) AND (l_quantity <= '35'::numeric) AND (part.p_size <= 15))))","Rows Removed by Filter": 29,"Workers": []}]}]}]}]},"Planning Time": 5.685,"Triggers": [],"Execution Time": 97.161}]
[{"Plan": {"Node Type": "Aggregate","Strategy": "Plain","Partial Mode": "Finalize","Parallel Aware": false,"Async Capable": false,"Startup Cost": 33856.28,"Total Cost": 33856.29,"Plan Rows": 1,"Plan Width": 32,"Actual Startup Time": 84.757,"Actual Total Time": 99.839,"Actual Rows": 1,"Actual Loops": 1,"Plans": [{"Node Type": "Gather","Parent Relationship": "Outer","Parallel Aware": false,"Async Capable": false,"Startup Cost": 33856.06,"Total Cost": 33856.27,"Plan Rows": 2,"Plan Width": 32,"Actual Startup Time": 84.720,"Actual Total Time": 99.810,"Actual Rows": 3,"Actual Loops": 1,"Workers Planned": 2,"Workers Launched": 2,"Single Copy": false,"Plans": [{"Node Type": "Aggregate","Strategy": "Plain","Partial Mode": "Partial","Parent Relationship": "Outer","Parallel Aware": false,"Async Capable": false,"Startup Cost": 32856.06,"Total Cost": 32856.07,"Plan Rows": 1,"Plan Width": 32,"Actual Startup Time": 77.754,"Actual Total Time": 77.758,"Actual Rows": 1,"Actual Loops": 3,"Workers": [],"Plans": [{"Node Type": "Nested Loop","Parent Relationship": "Outer","Parallel Aware": false,"Async Capable": false,"Join Type": "Inner","Startup Cost": 0.43,"Total Cost": 32855.70,"Plan Rows": 48,"Plan Width": 12,"Actual Startup Time": 4.109,"Actual Total Time": 77.702,"Actual Rows": 38,"Actual Loops": 3,"Inner Unique": false,"Workers": [],"Plans": [{"Node Type": "Seq Scan","Parent Relationship": "Outer","Parallel Aware": true,"Async Capable": false,"Relation Name": "part","Alias": "part","Startup Cost": 0.00,"Total Cost": 7638.67,"Plan Rows": 205,"Plan Width": 30,"Actual Startup Time": 0.863,"Actual Total Time": 34.149,"Actual Rows": 162,"Actual Loops": 3,"Filter": "((p_size >= 1) AND (((p_brand = 'Brand#35'::bpchar) AND (p_container = ANY ('{\"SM CASE\",\"SM BOX\",\"SM PACK\",\"SM PKG\"}'::bpchar[])) AND (p_size <= 5)) OR ((p_brand = 'Brand#41'::bpchar) AND (p_container = ANY ('{\"MED BAG\",\"MED BOX\",\"MED PKG\",\"MED PACK\"}'::bpchar[])) AND (p_size <= 10)) OR ((p_brand = 'Brand#14'::bpchar) AND (p_container = ANY ('{\"LG CASE\",\"LG BOX\",\"LG PACK\",\"LG PKG\"}'::bpchar[])) AND (p_size <= 15))))","Rows Removed by Filter": 66505,"Workers": []},{"Node Type": "Index Scan","Parent Relationship": "Inner","Parallel Aware": false,"Async Capable": false,"Scan Direction": "Forward","Index Name": "idx_lineitem_part_supp","Relation Name": "lineitem","Alias": "lineitem","Startup Cost": 0.43,"Total Cost": 123.00,"Plan Rows": 1,"Plan Width": 21,"Actual Startup Time": 0.236,"Actual Total Time": 0.268,"Actual Rows": 0,"Actual Loops": 486,"Index Cond": "(l_partkey = part.p_partkey)","Rows Removed by Index Recheck": 0,"Filter": "((l_shipmode = ANY ('{AIR,\"AIR REG\"}'::bpchar[])) AND (l_shipinstruct = 'DELIVER IN PERSON'::bpchar) AND (((l_quantity >= '2'::numeric) AND (l_quantity <= '12'::numeric)) OR ((l_quantity >= '11'::numeric) AND (l_quantity <= '21'::numeric)) OR ((l_quantity >= '26'::numeric) AND (l_quantity <= '36'::numeric))) AND (((part.p_brand = 'Brand#35'::bpchar) AND (part.p_container = ANY ('{\"SM CASE\",\"SM BOX\",\"SM PACK\",\"SM PKG\"}'::bpchar[])) AND (l_quantity >= '2'::numeric) AND (l_quantity <= '12'::numeric) AND (part.p_size <= 5)) OR ((part.p_brand = 'Brand#41'::bpchar) AND (part.p_container = ANY ('{\"MED BAG\",\"MED BOX\",\"MED PKG\",\"MED PACK\"}'::bpchar[])) AND (l_quantity >= '11'::numeric) AND (l_quantity <= '21'::numeric) AND (part.p_size <= 10)) OR ((part.p_brand = 'Brand#14'::bpchar) AND (part.p_container = ANY ('{\"LG CASE\",\"LG BOX\",\"LG PACK\",\"LG PKG\"}'::bpchar[])) AND (l_quantity >= '26'::numeric) AND (l_quantity <= '36'::numeric) AND (part.p_size <= 15))))","Rows Removed by Filter": 30,"Workers": []}]}]}]}]},"Planning Time": 6.533,"Triggers": [],"Execution Time": 100.064}]
[{"Plan": {"Node Type": "Aggregate","Strategy": "Plain","Partial Mode": "Finalize","Parallel Aware": false,"Async Capable": false,"Startup Cost": 33742.85,"Total Cost": 33742.86,"Plan Rows": 1,"Plan Width": 32,"Actual Startup Time": 88.583,"Actual Total Time": 104.782,"Actual Rows": 1,"Actual Loops": 1,"Plans": [{"Node Type": "Gather","Parent Relationship": "Outer","Parallel Aware": false,"Async Capable": false,"Startup Cost": 33742.63,"Total Cost": 33742.84,"Plan Rows": 2,"Plan Width": 32,"Actual Startup Time": 88.295,"Actual Total Time": 104.751,"Actual Rows": 3,"Actual Loops": 1,"Workers Planned": 2,"Workers Launched": 2,"Single Copy": false,"Plans": [{"Node Type": "Aggregate","Strategy": "Plain","Partial Mode": "Partial","Parent Relationship": "Outer","Parallel Aware": false,"Async Capable": false,"Startup Cost": 32742.63,"Total Cost": 32742.64,"Plan Rows": 1,"Plan Width": 32,"Actual Startup Time": 81.786,"Actual Total Time": 81.790,"Actual Rows": 1,"Actual Loops": 3,"Workers": [],"Plans": [{"Node Type": "Nested Loop","Parent Relationship": "Outer","Parallel Aware": false,"Async Capable": false,"Join Type": "Inner","Startup Cost": 0.43,"Total Cost": 32742.26,"Plan Rows": 48,"Plan Width": 12,"Actual Startup Time": 3.835,"Actual Total Time": 81.750,"Actual Rows": 44,"Actual Loops": 3,"Inner Unique": false,"Workers": [],"Plans": [{"Node Type": "Seq Scan","Parent Relationship": "Outer","Parallel Aware": true,"Async Capable": false,"Relation Name": "part","Alias": "part","Startup Cost": 0.00,"Total Cost": 7638.67,"Plan Rows": 204,"Plan Width": 30,"Actual Startup Time": 0.763,"Actual Total Time": 34.242,"Actual Rows": 178,"Actual Loops": 3,"Filter": "((p_size >= 1) AND (((p_brand = 'Brand#35'::bpchar) AND (p_container = ANY ('{\"SM CASE\",\"SM BOX\",\"SM PACK\",\"SM PKG\"}'::bpchar[])) AND (p_size <= 5)) OR ((p_brand = 'Brand#44'::bpchar) AND (p_container = ANY ('{\"MED BAG\",\"MED BOX\",\"MED PKG\",\"MED PACK\"}'::bpchar[])) AND (p_size <= 10)) OR ((p_brand = 'Brand#31'::bpchar) AND (p_container = ANY ('{\"LG CASE\",\"LG BOX\",\"LG PACK\",\"LG PKG\"}'::bpchar[])) AND (p_size <= 15))))","Rows Removed by Filter": 66489,"Workers": []},{"Node Type": "Index Scan","Parent Relationship": "Inner","Parallel Aware": false,"Async Capable": false,"Scan Direction": "Forward","Index Name": "idx_lineitem_part_supp","Relation Name": "lineitem","Alias": "lineitem","Startup Cost": 0.43,"Total Cost": 123.05,"Plan Rows": 1,"Plan Width": 21,"Actual Startup Time": 0.236,"Actual Total Time": 0.267,"Actual Rows": 0,"Actual Loops": 533,"Index Cond": "(l_partkey = part.p_partkey)","Rows Removed by Index Recheck": 0,"Filter": "((l_shipmode = ANY ('{AIR,\"AIR REG\"}'::bpchar[])) AND (l_shipinstruct = 'DELIVER IN PERSON'::bpchar) AND (((l_quantity >= '7'::numeric) AND (l_quantity <= '17'::numeric)) OR ((l_quantity >= '12'::numeric) AND (l_quantity <= '22'::numeric)) OR ((l_quantity >= '20'::numeric) AND (l_quantity <= '30'::numeric))) AND (((part.p_brand = 'Brand#35'::bpchar) AND (part.p_container = ANY ('{\"SM CASE\",\"SM BOX\",\"SM PACK\",\"SM PKG\"}'::bpchar[])) AND (l_quantity >= '7'::numeric) AND (l_quantity <= '17'::numeric) AND (part.p_size <= 5)) OR ((part.p_brand = 'Brand#44'::bpchar) AND (part.p_container = ANY ('{\"MED BAG\",\"MED BOX\",\"MED PKG\",\"MED PACK\"}'::bpchar[])) AND (l_quantity >= '12'::numeric) AND (l_quantity <= '22'::numeric) AND (part.p_size <= 10)) OR ((part.p_brand = 'Brand#31'::bpchar) AND (part.p_container = ANY ('{\"LG CASE\",\"LG BOX\",\"LG PACK\",\"LG PKG\"}'::bpchar[])) AND (l_quantity >= '20'::numeric) AND (l_quantity <= '30'::numeric) AND (part.p_size <= 15))))","Rows Removed by Filter": 30,"Workers": []}]}]}]}]},"Planning Time": 6.334,"Triggers": [],"Execution Time": 104.954}]
[{"Plan": {"Node Type": "Aggregate","Strategy": "Plain","Partial Mode": "Finalize","Parallel Aware": false,"Async Capable": false,"Startup Cost": 34287.83,"Total Cost": 34287.84,"Plan Rows": 1,"Plan Width": 32,"Actual Startup Time": 92.268,"Actual Total Time": 108.357,"Actual Rows": 1,"Actual Loops": 1,"Plans": [{"Node Type": "Gather","Parent Relationship": "Outer","Parallel Aware": false,"Async Capable": false,"Startup Cost": 34287.61,"Total Cost": 34287.82,"Plan Rows": 2,"Plan Width": 32,"Actual Startup Time": 92.231,"Actual Total Time": 108.329,"Actual Rows": 3,"Actual Loops": 1,"Workers Planned": 2,"Workers Launched": 2,"Single Copy": false,"Plans": [{"Node Type": "Aggregate","Strategy": "Plain","Partial Mode": "Partial","Parent Relationship": "Outer","Parallel Aware": false,"Async Capable": false,"Startup Cost": 33287.61,"Total Cost": 33287.62,"Plan Rows": 1,"Plan Width": 32,"Actual Startup Time": 85.402,"Actual Total Time": 85.404,"Actual Rows": 1,"Actual Loops": 3,"Workers": [],"Plans": [{"Node Type": "Nested Loop","Parent Relationship": "Outer","Parallel Aware": false,"Async Capable": false,"Join Type": "Inner","Startup Cost": 4.54,"Total Cost": 33287.24,"Plan Rows": 49,"Plan Width": 12,"Actual Startup Time": 3.014,"Actual Total Time": 85.351,"Actual Rows": 42,"Actual Loops": 3,"Inner Unique": false,"Workers": [],"Plans": [{"Node Type": "Seq Scan","Parent Relationship": "Outer","Parallel Aware": true,"Async Capable": false,"Relation Name": "part","Alias": "part","Startup Cost": 0.00,"Total Cost": 7638.67,"Plan Rows": 211,"Plan Width": 30,"Actual Startup Time": 0.660,"Actual Total Time": 35.207,"Actual Rows": 172,"Actual Loops": 3,"Filter": "((p_size >= 1) AND (((p_brand = 'Brand#13'::bpchar) AND (p_container = ANY ('{\"SM CASE\",\"SM BOX\",\"SM PACK\",\"SM PKG\"}'::bpchar[])) AND (p_size <= 5)) OR ((p_brand = 'Brand#21'::bpchar) AND (p_container = ANY ('{\"MED BAG\",\"MED BOX\",\"MED PKG\",\"MED PACK\"}'::bpchar[])) AND (p_size <= 10)) OR ((p_brand = 'Brand#33'::bpchar) AND (p_container = ANY ('{\"LG CASE\",\"LG BOX\",\"LG PACK\",\"LG PKG\"}'::bpchar[])) AND (p_size <= 15))))","Rows Removed by Filter": 66494,"Workers": []},{"Node Type": "Bitmap Heap Scan","Parent Relationship": "Inner","Parallel Aware": false,"Async Capable": false,"Relation Name": "lineitem","Alias": "lineitem","Startup Cost": 4.54,"Total Cost": 121.55,"Plan Rows": 1,"Plan Width": 21,"Actual Startup Time": 0.259,"Actual Total Time": 0.290,"Actual Rows": 0,"Actual Loops": 517,"Recheck Cond": "(l_partkey = part.p_partkey)","Rows Removed by Index Recheck": 0,"Filter": "((l_shipmode = ANY ('{AIR,\"AIR REG\"}'::bpchar[])) AND (l_shipinstruct = 'DELIVER IN PERSON'::bpchar) AND (((l_quantity >= '6'::numeric) AND (l_quantity <= '16'::numeric)) OR ((l_quantity >= '16'::numeric) AND (l_quantity <= '26'::numeric)) OR ((l_quantity >= '28'::numeric) AND (l_quantity <= '38'::numeric))) AND (((part.p_brand = 'Brand#13'::bpchar) AND (part.p_container = ANY ('{\"SM CASE\",\"SM BOX\",\"SM PACK\",\"SM PKG\"}'::bpchar[])) AND (l_quantity >= '6'::numeric) AND (l_quantity <= '16'::numeric) AND (part.p_size <= 5)) OR ((part.p_brand = 'Brand#21'::bpchar) AND (part.p_container = ANY ('{\"MED BAG\",\"MED BOX\",\"MED PKG\",\"MED PACK\"}'::bpchar[])) AND (l_quantity >= '16'::numeric) AND (l_quantity <= '26'::numeric) AND (part.p_size <= 10)) OR ((part.p_brand = 'Brand#33'::bpchar) AND (part.p_container = ANY ('{\"LG CASE\",\"LG BOX\",\"LG PACK\",\"LG PKG\"}'::bpchar[])) AND (l_quantity >= '28'::numeric) AND (l_quantity <= '38'::numeric) AND (part.p_size <= 15))))","Rows Removed by Filter": 30,"Exact Heap Blocks": 5416,"Lossy Heap Blocks": 0,"Workers": [],"Plans": [{"Node Type": "Bitmap Index Scan","Parent Relationship": "Outer","Parallel Aware": false,"Async Capable": false,"Index Name": "idx_lineitem_part_supp","Startup Cost": 0.00,"Total Cost": 4.54,"Plan Rows": 31,"Plan Width": 0,"Actual Startup Time": 0.011,"Actual Total Time": 0.011,"Actual Rows": 30,"Actual Loops": 517,"Index Cond": "(l_partkey = part.p_partkey)","Workers": []}]}]}]}]}]},"Planning Time": 6.285,"Triggers": [],"Execution Time": 108.549}]
[{"Plan": {"Node Type": "Aggregate","Strategy": "Plain","Partial Mode": "Finalize","Parallel Aware": false,"Async Capable": false,"Startup Cost": 33161.39,"Total Cost": 33161.40,"Plan Rows": 1,"Plan Width": 32,"Actual Startup Time": 81.748,"Actual Total Time": 95.693,"Actual Rows": 1,"Actual Loops": 1,"Plans": [{"Node Type": "Gather","Parent Relationship": "Outer","Parallel Aware": false,"Async Capable": false,"Startup Cost": 33161.17,"Total Cost": 33161.38,"Plan Rows": 2,"Plan Width": 32,"Actual Startup Time": 81.507,"Actual Total Time": 95.662,"Actual Rows": 3,"Actual Loops": 1,"Workers Planned": 2,"Workers Launched": 2,"Single Copy": false,"Plans": [{"Node Type": "Aggregate","Strategy": "Plain","Partial Mode": "Partial","Parent Relationship": "Outer","Parallel Aware": false,"Async Capable": false,"Startup Cost": 32161.17,"Total Cost": 32161.18,"Plan Rows": 1,"Plan Width": 32,"Actual Startup Time": 74.935,"Actual Total Time": 74.938,"Actual Rows": 1,"Actual Loops": 3,"Workers": [],"Plans": [{"Node Type": "Nested Loop","Parent Relationship": "Outer","Parallel Aware": false,"Async Capable": false,"Join Type": "Inner","Startup Cost": 0.43,"Total Cost": 32160.82,"Plan Rows": 46,"Plan Width": 12,"Actual Startup Time": 4.423,"Actual Total Time": 74.892,"Actual Rows": 43,"Actual Loops": 3,"Inner Unique": false,"Workers": [],"Plans": [{"Node Type": "Seq Scan","Parent Relationship": "Outer","Parallel Aware": true,"Async Capable": false,"Relation Name": "part","Alias": "part","Startup Cost": 0.00,"Total Cost": 7638.67,"Plan Rows": 199,"Plan Width": 30,"Actual Startup Time": 0.281,"Actual Total Time": 31.972,"Actual Rows": 158,"Actual Loops": 3,"Filter": "((p_size >= 1) AND (((p_brand = 'Brand#23'::bpchar) AND (p_container = ANY ('{\"SM CASE\",\"SM BOX\",\"SM PACK\",\"SM PKG\"}'::bpchar[])) AND (p_size <= 5)) OR ((p_brand = 'Brand#24'::bpchar) AND (p_container = ANY ('{\"MED BAG\",\"MED BOX\",\"MED PKG\",\"MED PACK\"}'::bpchar[])) AND (p_size <= 10)) OR ((p_brand = 'Brand#23'::bpchar) AND (p_container = ANY ('{\"LG CASE\",\"LG BOX\",\"LG PACK\",\"LG PKG\"}'::bpchar[])) AND (p_size <= 15))))","Rows Removed by Filter": 66508,"Workers": []},{"Node Type": "Index Scan","Parent Relationship": "Inner","Parallel Aware": false,"Async Capable": false,"Scan Direction": "Forward","Index Name": "idx_lineitem_part_supp","Relation Name": "lineitem","Alias": "lineitem","Startup Cost": 0.43,"Total Cost": 123.22,"Plan Rows": 1,"Plan Width": 21,"Actual Startup Time": 0.238,"Actual Total Time": 0.271,"Actual Rows": 0,"Actual Loops": 475,"Index Cond": "(l_partkey = part.p_partkey)","Rows Removed by Index Recheck": 0,"Filter": "((l_shipmode = ANY ('{AIR,\"AIR REG\"}'::bpchar[])) AND (l_shipinstruct = 'DELIVER IN PERSON'::bpchar) AND (((l_quantity >= '5'::numeric) AND (l_quantity <= '15'::numeric)) OR ((l_quantity >= '15'::numeric) AND (l_quantity <= '25'::numeric)) OR ((l_quantity >= '20'::numeric) AND (l_quantity <= '30'::numeric))) AND (((part.p_brand = 'Brand#23'::bpchar) AND (part.p_container = ANY ('{\"SM CASE\",\"SM BOX\",\"SM PACK\",\"SM PKG\"}'::bpchar[])) AND (l_quantity >= '5'::numeric) AND (l_quantity <= '15'::numeric) AND (part.p_size <= 5)) OR ((part.p_brand = 'Brand#24'::bpchar) AND (part.p_container = ANY ('{\"MED BAG\",\"MED BOX\",\"MED PKG\",\"MED PACK\"}'::bpchar[])) AND (l_quantity >= '15'::numeric) AND (l_quantity <= '25'::numeric) AND (part.p_size <= 10)) OR ((part.p_brand = 'Brand#23'::bpchar) AND (part.p_container = ANY ('{\"LG CASE\",\"LG BOX\",\"LG PACK\",\"LG PKG\"}'::bpchar[])) AND (l_quantity >= '20'::numeric) AND (l_quantity <= '30'::numeric) AND (part.p_size <= 15))))","Rows Removed by Filter": 30,"Workers": []}]}]}]}]},"Planning Time": 6.448,"Triggers": [],"Execution Time": 95.865}]
[{"Plan": {"Node Type": "Aggregate","Strategy": "Plain","Partial Mode": "Finalize","Parallel Aware": false,"Async Capable": false,"Startup Cost": 34043.73,"Total Cost": 34043.74,"Plan Rows": 1,"Plan Width": 32,"Actual Startup Time": 83.525,"Actual Total Time": 97.833,"Actual Rows": 1,"Actual Loops": 1,"Plans": [{"Node Type": "Gather","Parent Relationship": "Outer","Parallel Aware": false,"Async Capable": false,"Startup Cost": 34043.51,"Total Cost": 34043.72,"Plan Rows": 2,"Plan Width": 32,"Actual Startup Time": 83.379,"Actual Total Time": 97.804,"Actual Rows": 3,"Actual Loops": 1,"Workers Planned": 2,"Workers Launched": 2,"Single Copy": false,"Plans": [{"Node Type": "Aggregate","Strategy": "Plain","Partial Mode": "Partial","Parent Relationship": "Outer","Parallel Aware": false,"Async Capable": false,"Startup Cost": 33043.51,"Total Cost": 33043.52,"Plan Rows": 1,"Plan Width": 32,"Actual Startup Time": 76.777,"Actual Total Time": 76.778,"Actual Rows": 1,"Actual Loops": 3,"Workers": [],"Plans": [{"Node Type": "Nested Loop","Parent Relationship": "Outer","Parallel Aware": false,"Async Capable": false,"Join Type": "Inner","Startup Cost": 4.54,"Total Cost": 33043.15,"Plan Rows": 48,"Plan Width": 12,"Actual Startup Time": 2.867,"Actual Total Time": 76.730,"Actual Rows": 40,"Actual Loops": 3,"Inner Unique": false,"Workers": [],"Plans": [{"Node Type": "Seq Scan","Parent Relationship": "Outer","Parallel Aware": true,"Async Capable": false,"Relation Name": "part","Alias": "part","Startup Cost": 0.00,"Total Cost": 7638.67,"Plan Rows": 209,"Plan Width": 30,"Actual Startup Time": 0.842,"Actual Total Time": 32.400,"Actual Rows": 156,"Actual Loops": 3,"Filter": "((p_size >= 1) AND (((p_brand = 'Brand#41'::bpchar) AND (p_container = ANY ('{\"SM CASE\",\"SM BOX\",\"SM PACK\",\"SM PKG\"}'::bpchar[])) AND (p_size <= 5)) OR ((p_brand = 'Brand#21'::bpchar) AND (p_container = ANY ('{\"MED BAG\",\"MED BOX\",\"MED PKG\",\"MED PACK\"}'::bpchar[])) AND (p_size <= 10)) OR ((p_brand = 'Brand#42'::bpchar) AND (p_container = ANY ('{\"LG CASE\",\"LG BOX\",\"LG PACK\",\"LG PKG\"}'::bpchar[])) AND (p_size <= 15))))","Rows Removed by Filter": 66510,"Workers": []},{"Node Type": "Bitmap Heap Scan","Parent Relationship": "Inner","Parallel Aware": false,"Async Capable": false,"Relation Name": "lineitem","Alias": "lineitem","Startup Cost": 4.54,"Total Cost": 121.54,"Plan Rows": 1,"Plan Width": 21,"Actual Startup Time": 0.255,"Actual Total Time": 0.282,"Actual Rows": 0,"Actual Loops": 469,"Recheck Cond": "(l_partkey = part.p_partkey)","Rows Removed by Index Recheck": 0,"Filter": "((l_shipmode = ANY ('{AIR,\"AIR REG\"}'::bpchar[])) AND (l_shipinstruct = 'DELIVER IN PERSON'::bpchar) AND (((l_quantity >= '10'::numeric) AND (l_quantity <= '20'::numeric)) OR ((l_quantity >= '19'::numeric) AND (l_quantity <= '29'::numeric)) OR ((l_quantity >= '23'::numeric) AND (l_quantity <= '33'::numeric))) AND (((part.p_brand = 'Brand#41'::bpchar) AND (part.p_container = ANY ('{\"SM CASE\",\"SM BOX\",\"SM PACK\",\"SM PKG\"}'::bpchar[])) AND (l_quantity >= '10'::numeric) AND (l_quantity <= '20'::numeric) AND (part.p_size <= 5)) OR ((part.p_brand = 'Brand#21'::bpchar) AND (part.p_container = ANY ('{\"MED BAG\",\"MED BOX\",\"MED PKG\",\"MED PACK\"}'::bpchar[])) AND (l_quantity >= '19'::numeric) AND (l_quantity <= '29'::numeric) AND (part.p_size <= 10)) OR ((part.p_brand = 'Brand#42'::bpchar) AND (part.p_container = ANY ('{\"LG CASE\",\"LG BOX\",\"LG PACK\",\"LG PKG\"}'::bpchar[])) AND (l_quantity >= '23'::numeric) AND (l_quantity <= '33'::numeric) AND (part.p_size <= 15))))","Rows Removed by Filter": 30,"Exact Heap Blocks": 5099,"Lossy Heap Blocks": 0,"Workers": [],"Plans": [{"Node Type": "Bitmap Index Scan","Parent Relationship": "Outer","Parallel Aware": false,"Async Capable": false,"Index Name": "idx_lineitem_part_supp","Startup Cost": 0.00,"Total Cost": 4.54,"Plan Rows": 31,"Plan Width": 0,"Actual Startup Time": 0.011,"Actual Total Time": 0.011,"Actual Rows": 30,"Actual Loops": 469,"Index Cond": "(l_partkey = part.p_partkey)","Workers": []}]}]}]}]}]},"Planning Time": 7.126,"Triggers": [],"Execution Time": 97.982}]
[{"Plan": {"Node Type": "Aggregate","Strategy": "Plain","Partial Mode": "Finalize","Parallel Aware": false,"Async Capable": false,"Startup Cost": 33391.17,"Total Cost": 33391.18,"Plan Rows": 1,"Plan Width": 32,"Actual Startup Time": 81.556,"Actual Total Time": 96.396,"Actual Rows": 1,"Actual Loops": 1,"Plans": [{"Node Type": "Gather","Parent Relationship": "Outer","Parallel Aware": false,"Async Capable": false,"Startup Cost": 33390.94,"Total Cost": 33391.15,"Plan Rows": 2,"Plan Width": 32,"Actual Startup Time": 81.329,"Actual Total Time": 96.373,"Actual Rows": 3,"Actual Loops": 1,"Workers Planned": 2,"Workers Launched": 2,"Single Copy": false,"Plans": [{"Node Type": "Aggregate","Strategy": "Plain","Partial Mode": "Partial","Parent Relationship": "Outer","Parallel Aware": false,"Async Capable": false,"Startup Cost": 32390.94,"Total Cost": 32390.95,"Plan Rows": 1,"Plan Width": 32,"Actual Startup Time": 74.873,"Actual Total Time": 74.876,"Actual Rows": 1,"Actual Loops": 3,"Workers": [],"Plans": [{"Node Type": "Nested Loop","Parent Relationship": "Outer","Parallel Aware": false,"Async Capable": false,"Join Type": "Inner","Startup Cost": 0.43,"Total Cost": 32390.59,"Plan Rows": 47,"Plan Width": 12,"Actual Startup Time": 2.430,"Actual Total Time": 74.837,"Actual Rows": 40,"Actual Loops": 3,"Inner Unique": false,"Workers": [],"Plans": [{"Node Type": "Seq Scan","Parent Relationship": "Outer","Parallel Aware": true,"Async Capable": false,"Relation Name": "part","Alias": "part","Startup Cost": 0.00,"Total Cost": 7638.67,"Plan Rows": 201,"Plan Width": 30,"Actual Startup Time": 0.397,"Actual Total Time": 33.802,"Actual Rows": 152,"Actual Loops": 3,"Filter": "((p_size >= 1) AND (((p_brand = 'Brand#55'::bpchar) AND (p_container = ANY ('{\"SM CASE\",\"SM BOX\",\"SM PACK\",\"SM PKG\"}'::bpchar[])) AND (p_size <= 5)) OR ((p_brand = 'Brand#45'::bpchar) AND (p_container = ANY ('{\"MED BAG\",\"MED BOX\",\"MED PKG\",\"MED PACK\"}'::bpchar[])) AND (p_size <= 10)) OR ((p_brand = 'Brand#25'::bpchar) AND (p_container = ANY ('{\"LG CASE\",\"LG BOX\",\"LG PACK\",\"LG PKG\"}'::bpchar[])) AND (p_size <= 15))))","Rows Removed by Filter": 66515,"Workers": []},{"Node Type": "Index Scan","Parent Relationship": "Inner","Parallel Aware": false,"Async Capable": false,"Scan Direction": "Forward","Index Name": "idx_lineitem_part_supp","Relation Name": "lineitem","Alias": "lineitem","Startup Cost": 0.43,"Total Cost": 123.13,"Plan Rows": 1,"Plan Width": 21,"Actual Startup Time": 0.237,"Actual Total Time": 0.270,"Actual Rows": 0,"Actual Loops": 455,"Index Cond": "(l_partkey = part.p_partkey)","Rows Removed by Index Recheck": 0,"Filter": "((l_shipmode = ANY ('{AIR,\"AIR REG\"}'::bpchar[])) AND (l_shipinstruct = 'DELIVER IN PERSON'::bpchar) AND (((l_quantity >= '7'::numeric) AND (l_quantity <= '17'::numeric)) OR ((l_quantity >= '12'::numeric) AND (l_quantity <= '22'::numeric)) OR ((l_quantity >= '23'::numeric) AND (l_quantity <= '33'::numeric))) AND (((part.p_brand = 'Brand#55'::bpchar) AND (part.p_container = ANY ('{\"SM CASE\",\"SM BOX\",\"SM PACK\",\"SM PKG\"}'::bpchar[])) AND (l_quantity >= '7'::numeric) AND (l_quantity <= '17'::numeric) AND (part.p_size <= 5)) OR ((part.p_brand = 'Brand#45'::bpchar) AND (part.p_container = ANY ('{\"MED BAG\",\"MED BOX\",\"MED PKG\",\"MED PACK\"}'::bpchar[])) AND (l_quantity >= '12'::numeric) AND (l_quantity <= '22'::numeric) AND (part.p_size <= 10)) OR ((part.p_brand = 'Brand#25'::bpchar) AND (part.p_container = ANY ('{\"LG CASE\",\"LG BOX\",\"LG PACK\",\"LG PKG\"}'::bpchar[])) AND (l_quantity >= '23'::numeric) AND (l_quantity <= '33'::numeric) AND (part.p_size <= 15))))","Rows Removed by Filter": 29,"Workers": []}]}]}]}]},"Planning Time": 6.370,"Triggers": [],"Execution Time": 96.565}]
[{"Plan": {"Node Type": "Aggregate","Strategy": "Plain","Partial Mode": "Finalize","Parallel Aware": false,"Async Capable": false,"Startup Cost": 33622.69,"Total Cost": 33622.70,"Plan Rows": 1,"Plan Width": 32,"Actual Startup Time": 83.574,"Actual Total Time": 98.615,"Actual Rows": 1,"Actual Loops": 1,"Plans": [{"Node Type": "Gather","Parent Relationship": "Outer","Parallel Aware": false,"Async Capable": false,"Startup Cost": 33622.47,"Total Cost": 33622.68,"Plan Rows": 2,"Plan Width": 32,"Actual Startup Time": 83.415,"Actual Total Time": 98.596,"Actual Rows": 3,"Actual Loops": 1,"Workers Planned": 2,"Workers Launched": 2,"Single Copy": false,"Plans": [{"Node Type": "Aggregate","Strategy": "Plain","Partial Mode": "Partial","Parent Relationship": "Outer","Parallel Aware": false,"Async Capable": false,"Startup Cost": 32622.47,"Total Cost": 32622.48,"Plan Rows": 1,"Plan Width": 32,"Actual Startup Time": 77.085,"Actual Total Time": 77.087,"Actual Rows": 1,"Actual Loops": 3,"Workers": [],"Plans": [{"Node Type": "Nested Loop","Parent Relationship": "Outer","Parallel Aware": false,"Async Capable": false,"Join Type": "Inner","Startup Cost": 0.43,"Total Cost": 32622.11,"Plan Rows": 48,"Plan Width": 12,"Actual Startup Time": 4.770,"Actual Total Time": 77.041,"Actual Rows": 40,"Actual Loops": 3,"Inner Unique": false,"Workers": [],"Plans": [{"Node Type": "Seq Scan","Parent Relationship": "Outer","Parallel Aware": true,"Async Capable": false,"Relation Name": "part","Alias": "part","Startup Cost": 0.00,"Total Cost": 7638.67,"Plan Rows": 203,"Plan Width": 30,"Actual Startup Time": 0.321,"Actual Total Time": 31.586,"Actual Rows": 172,"Actual Loops": 3,"Filter": "((p_size >= 1) AND (((p_brand = 'Brand#13'::bpchar) AND (p_container = ANY ('{\"SM CASE\",\"SM BOX\",\"SM PACK\",\"SM PKG\"}'::bpchar[])) AND (p_size <= 5)) OR ((p_brand = 'Brand#12'::bpchar) AND (p_container = ANY ('{\"MED BAG\",\"MED BOX\",\"MED PKG\",\"MED PACK\"}'::bpchar[])) AND (p_size <= 10)) OR ((p_brand = 'Brand#31'::bpchar) AND (p_container = ANY ('{\"LG CASE\",\"LG BOX\",\"LG PACK\",\"LG PKG\"}'::bpchar[])) AND (p_size <= 15))))","Rows Removed by Filter": 66495,"Workers": []},{"Node Type": "Index Scan","Parent Relationship": "Inner","Parallel Aware": false,"Async Capable": false,"Scan Direction": "Forward","Index Name": "idx_lineitem_part_supp","Relation Name": "lineitem","Alias": "lineitem","Startup Cost": 0.43,"Total Cost": 123.06,"Plan Rows": 1,"Plan Width": 21,"Actual Startup Time": 0.242,"Actual Total Time": 0.264,"Actual Rows": 0,"Actual Loops": 516,"Index Cond": "(l_partkey = part.p_partkey)","Rows Removed by Index Recheck": 0,"Filter": "((l_shipmode = ANY ('{AIR,\"AIR REG\"}'::bpchar[])) AND (l_shipinstruct = 'DELIVER IN PERSON'::bpchar) AND (((l_quantity >= '9'::numeric) AND (l_quantity <= '19'::numeric)) OR ((l_quantity >= '15'::numeric) AND (l_quantity <= '25'::numeric)) OR ((l_quantity >= '29'::numeric) AND (l_quantity <= '39'::numeric))) AND (((part.p_brand = 'Brand#13'::bpchar) AND (part.p_container = ANY ('{\"SM CASE\",\"SM BOX\",\"SM PACK\",\"SM PKG\"}'::bpchar[])) AND (l_quantity >= '9'::numeric) AND (l_quantity <= '19'::numeric) AND (part.p_size <= 5)) OR ((part.p_brand = 'Brand#12'::bpchar) AND (part.p_container = ANY ('{\"MED BAG\",\"MED BOX\",\"MED PKG\",\"MED PACK\"}'::bpchar[])) AND (l_quantity >= '15'::numeric) AND (l_quantity <= '25'::numeric) AND (part.p_size <= 10)) OR ((part.p_brand = 'Brand#31'::bpchar) AND (part.p_container = ANY ('{\"LG CASE\",\"LG BOX\",\"LG PACK\",\"LG PKG\"}'::bpchar[])) AND (l_quantity >= '29'::numeric) AND (l_quantity <= '39'::numeric) AND (part.p_size <= 15))))","Rows Removed by Filter": 30,"Workers": []}]}]}]}]},"Planning Time": 5.784,"Triggers": [],"Execution Time": 98.812}]
[{"Plan": {"Node Type": "Aggregate","Strategy": "Plain","Partial Mode": "Finalize","Parallel Aware": false,"Async Capable": false,"Startup Cost": 33739.71,"Total Cost": 33739.72,"Plan Rows": 1,"Plan Width": 32,"Actual Startup Time": 78.159,"Actual Total Time": 92.269,"Actual Rows": 1,"Actual Loops": 1,"Plans": [{"Node Type": "Gather","Parent Relationship": "Outer","Parallel Aware": false,"Async Capable": false,"Startup Cost": 33739.49,"Total Cost": 33739.70,"Plan Rows": 2,"Plan Width": 32,"Actual Startup Time": 78.051,"Actual Total Time": 92.239,"Actual Rows": 3,"Actual Loops": 1,"Workers Planned": 2,"Workers Launched": 2,"Single Copy": false,"Plans": [{"Node Type": "Aggregate","Strategy": "Plain","Partial Mode": "Partial","Parent Relationship": "Outer","Parallel Aware": false,"Async Capable": false,"Startup Cost": 32739.49,"Total Cost": 32739.50,"Plan Rows": 1,"Plan Width": 32,"Actual Startup Time": 71.918,"Actual Total Time": 71.919,"Actual Rows": 1,"Actual Loops": 3,"Workers": [],"Plans": [{"Node Type": "Nested Loop","Parent Relationship": "Outer","Parallel Aware": false,"Async Capable": false,"Join Type": "Inner","Startup Cost": 0.43,"Total Cost": 32739.13,"Plan Rows": 47,"Plan Width": 12,"Actual Startup Time": 4.829,"Actual Total Time": 71.873,"Actual Rows": 39,"Actual Loops": 3,"Inner Unique": false,"Workers": [],"Plans": [{"Node Type": "Seq Scan","Parent Relationship": "Outer","Parallel Aware": true,"Async Capable": false,"Relation Name": "part","Alias": "part","Startup Cost": 0.00,"Total Cost": 7638.67,"Plan Rows": 204,"Plan Width": 30,"Actual Startup Time": 0.748,"Actual Total Time": 31.131,"Actual Rows": 155,"Actual Loops": 3,"Filter": "((p_size >= 1) AND (((p_brand = 'Brand#11'::bpchar) AND (p_container = ANY ('{\"SM CASE\",\"SM BOX\",\"SM PACK\",\"SM PKG\"}'::bpchar[])) AND (p_size <= 5)) OR ((p_brand = 'Brand#34'::bpchar) AND (p_container = ANY ('{\"MED BAG\",\"MED BOX\",\"MED PKG\",\"MED PACK\"}'::bpchar[])) AND (p_size <= 10)) OR ((p_brand = 'Brand#24'::bpchar) AND (p_container = ANY ('{\"LG CASE\",\"LG BOX\",\"LG PACK\",\"LG PKG\"}'::bpchar[])) AND (p_size <= 15))))","Rows Removed by Filter": 66511,"Workers": []},{"Node Type": "Index Scan","Parent Relationship": "Inner","Parallel Aware": false,"Async Capable": false,"Scan Direction": "Forward","Index Name": "idx_lineitem_part_supp","Relation Name": "lineitem","Alias": "lineitem","Startup Cost": 0.43,"Total Cost": 123.03,"Plan Rows": 1,"Plan Width": 21,"Actual Startup Time": 0.232,"Actual Total Time": 0.262,"Actual Rows": 0,"Actual Loops": 466,"Index Cond": "(l_partkey = part.p_partkey)","Rows Removed by Index Recheck": 0,"Filter": "((l_shipmode = ANY ('{AIR,\"AIR REG\"}'::bpchar[])) AND (l_shipinstruct = 'DELIVER IN PERSON'::bpchar) AND (((l_quantity >= '3'::numeric) AND (l_quantity <= '13'::numeric)) OR ((l_quantity >= '19'::numeric) AND (l_quantity <= '29'::numeric)) OR ((l_quantity >= '28'::numeric) AND (l_quantity <= '38'::numeric))) AND (((part.p_brand = 'Brand#11'::bpchar) AND (part.p_container = ANY ('{\"SM CASE\",\"SM BOX\",\"SM PACK\",\"SM PKG\"}'::bpchar[])) AND (l_quantity >= '3'::numeric) AND (l_quantity <= '13'::numeric) AND (part.p_size <= 5)) OR ((part.p_brand = 'Brand#34'::bpchar) AND (part.p_container = ANY ('{\"MED BAG\",\"MED BOX\",\"MED PKG\",\"MED PACK\"}'::bpchar[])) AND (l_quantity >= '19'::numeric) AND (l_quantity <= '29'::numeric) AND (part.p_size <= 10)) OR ((part.p_brand = 'Brand#24'::bpchar) AND (part.p_container = ANY ('{\"LG CASE\",\"LG BOX\",\"LG PACK\",\"LG PKG\"}'::bpchar[])) AND (l_quantity >= '28'::numeric) AND (l_quantity <= '38'::numeric) AND (part.p_size <= 15))))","Rows Removed by Filter": 29,"Workers": []}]}]}]}]},"Planning Time": 5.909,"Triggers": [],"Execution Time": 92.488}]
[{"Plan": {"Node Type": "Aggregate","Strategy": "Plain","Partial Mode": "Finalize","Parallel Aware": false,"Async Capable": false,"Startup Cost": 33738.09,"Total Cost": 33738.10,"Plan Rows": 1,"Plan Width": 32,"Actual Startup Time": 79.938,"Actual Total Time": 93.992,"Actual Rows": 1,"Actual Loops": 1,"Plans": [{"Node Type": "Gather","Parent Relationship": "Outer","Parallel Aware": false,"Async Capable": false,"Startup Cost": 33737.87,"Total Cost": 33738.08,"Plan Rows": 2,"Plan Width": 32,"Actual Startup Time": 79.776,"Actual Total Time": 93.970,"Actual Rows": 3,"Actual Loops": 1,"Workers Planned": 2,"Workers Launched": 2,"Single Copy": false,"Plans": [{"Node Type": "Aggregate","Strategy": "Plain","Partial Mode": "Partial","Parent Relationship": "Outer","Parallel Aware": false,"Async Capable": false,"Startup Cost": 32737.87,"Total Cost": 32737.88,"Plan Rows": 1,"Plan Width": 32,"Actual Startup Time": 73.026,"Actual Total Time": 73.028,"Actual Rows": 1,"Actual Loops": 3,"Workers": [],"Plans": [{"Node Type": "Nested Loop","Parent Relationship": "Outer","Parallel Aware": false,"Async Capable": false,"Join Type": "Inner","Startup Cost": 0.43,"Total Cost": 32737.50,"Plan Rows": 48,"Plan Width": 12,"Actual Startup Time": 3.560,"Actual Total Time": 72.979,"Actual Rows": 41,"Actual Loops": 3,"Inner Unique": false,"Workers": [],"Plans": [{"Node Type": "Seq Scan","Parent Relationship": "Outer","Parallel Aware": true,"Async Capable": false,"Relation Name": "part","Alias": "part","Startup Cost": 0.00,"Total Cost": 7638.67,"Plan Rows": 204,"Plan Width": 30,"Actual Startup Time": 0.490,"Actual Total Time": 31.544,"Actual Rows": 159,"Actual Loops": 3,"Filter": "((p_size >= 1) AND (((p_brand = 'Brand#11'::bpchar) AND (p_container = ANY ('{\"SM CASE\",\"SM BOX\",\"SM PACK\",\"SM PKG\"}'::bpchar[])) AND (p_size <= 5)) OR ((p_brand = 'Brand#31'::bpchar) AND (p_container = ANY ('{\"MED BAG\",\"MED BOX\",\"MED PKG\",\"MED PACK\"}'::bpchar[])) AND (p_size <= 10)) OR ((p_brand = 'Brand#34'::bpchar) AND (p_container = ANY ('{\"LG CASE\",\"LG BOX\",\"LG PACK\",\"LG PKG\"}'::bpchar[])) AND (p_size <= 15))))","Rows Removed by Filter": 66507,"Workers": []},{"Node Type": "Index Scan","Parent Relationship": "Inner","Parallel Aware": false,"Async Capable": false,"Scan Direction": "Forward","Index Name": "idx_lineitem_part_supp","Relation Name": "lineitem","Alias": "lineitem","Startup Cost": 0.43,"Total Cost": 123.02,"Plan Rows": 1,"Plan Width": 21,"Actual Startup Time": 0.229,"Actual Total Time": 0.260,"Actual Rows": 0,"Actual Loops": 478,"Index Cond": "(l_partkey = part.p_partkey)","Rows Removed by Index Recheck": 0,"Filter": "((l_shipmode = ANY ('{AIR,\"AIR REG\"}'::bpchar[])) AND (l_shipinstruct = 'DELIVER IN PERSON'::bpchar) AND (((l_quantity >= '6'::numeric) AND (l_quantity <= '16'::numeric)) OR ((l_quantity >= '12'::numeric) AND (l_quantity <= '22'::numeric)) OR ((l_quantity >= '26'::numeric) AND (l_quantity <= '36'::numeric))) AND (((part.p_brand = 'Brand#11'::bpchar) AND (part.p_container = ANY ('{\"SM CASE\",\"SM BOX\",\"SM PACK\",\"SM PKG\"}'::bpchar[])) AND (l_quantity >= '6'::numeric) AND (l_quantity <= '16'::numeric) AND (part.p_size <= 5)) OR ((part.p_brand = 'Brand#31'::bpchar) AND (part.p_container = ANY ('{\"MED BAG\",\"MED BOX\",\"MED PKG\",\"MED PACK\"}'::bpchar[])) AND (l_quantity >= '12'::numeric) AND (l_quantity <= '22'::numeric) AND (part.p_size <= 10)) OR ((part.p_brand = 'Brand#34'::bpchar) AND (part.p_container = ANY ('{\"LG CASE\",\"LG BOX\",\"LG PACK\",\"LG PKG\"}'::bpchar[])) AND (l_quantity >= '26'::numeric) AND (l_quantity <= '36'::numeric) AND (part.p_size <= 15))))","Rows Removed by Filter": 29,"Workers": []}]}]}]}]},"Planning Time": 6.963,"Triggers": [],"Execution Time": 94.152}]
[{"Plan": {"Node Type": "Aggregate","Strategy": "Plain","Partial Mode": "Finalize","Parallel Aware": false,"Async Capable": false,"Startup Cost": 33741.12,"Total Cost": 33741.13,"Plan Rows": 1,"Plan Width": 32,"Actual Startup Time": 79.646,"Actual Total Time": 94.595,"Actual Rows": 1,"Actual Loops": 1,"Plans": [{"Node Type": "Gather","Parent Relationship": "Outer","Parallel Aware": false,"Async Capable": false,"Startup Cost": 33740.90,"Total Cost": 33741.11,"Plan Rows": 2,"Plan Width": 32,"Actual Startup Time": 79.512,"Actual Total Time": 94.567,"Actual Rows": 3,"Actual Loops": 1,"Workers Planned": 2,"Workers Launched": 2,"Single Copy": false,"Plans": [{"Node Type": "Aggregate","Strategy": "Plain","Partial Mode": "Partial","Parent Relationship": "Outer","Parallel Aware": false,"Async Capable": false,"Startup Cost": 32740.90,"Total Cost": 32740.91,"Plan Rows": 1,"Plan Width": 32,"Actual Startup Time": 73.297,"Actual Total Time": 73.300,"Actual Rows": 1,"Actual Loops": 3,"Workers": [],"Plans": [{"Node Type": "Nested Loop","Parent Relationship": "Outer","Parallel Aware": false,"Async Capable": false,"Join Type": "Inner","Startup Cost": 0.43,"Total Cost": 32740.54,"Plan Rows": 48,"Plan Width": 12,"Actual Startup Time": 5.579,"Actual Total Time": 73.260,"Actual Rows": 33,"Actual Loops": 3,"Inner Unique": false,"Workers": [],"Plans": [{"Node Type": "Seq Scan","Parent Relationship": "Outer","Parallel Aware": true,"Async Capable": false,"Relation Name": "part","Alias": "part","Startup Cost": 0.00,"Total Cost": 7638.67,"Plan Rows": 204,"Plan Width": 30,"Actual Startup Time": 0.886,"Actual Total Time": 32.063,"Actual Rows": 154,"Actual Loops": 3,"Filter": "((p_size >= 1) AND (((p_brand = 'Brand#21'::bpchar) AND (p_container = ANY ('{\"SM CASE\",\"SM BOX\",\"SM PACK\",\"SM PKG\"}'::bpchar[])) AND (p_size <= 5)) OR ((p_brand = 'Brand#51'::bpchar) AND (p_container = ANY ('{\"MED BAG\",\"MED BOX\",\"MED PKG\",\"MED PACK\"}'::bpchar[])) AND (p_size <= 10)) OR ((p_brand = 'Brand#14'::bpchar) AND (p_container = ANY ('{\"LG CASE\",\"LG BOX\",\"LG PACK\",\"LG PKG\"}'::bpchar[])) AND (p_size <= 15))))","Rows Removed by Filter": 66513,"Workers": []},{"Node Type": "Index Scan","Parent Relationship": "Inner","Parallel Aware": false,"Async Capable": false,"Scan Direction": "Forward","Index Name": "idx_lineitem_part_supp","Relation Name": "lineitem","Alias": "lineitem","Startup Cost": 0.43,"Total Cost": 123.04,"Plan Rows": 1,"Plan Width": 21,"Actual Startup Time": 0.239,"Actual Total Time": 0.268,"Actual Rows": 0,"Actual Loops": 461,"Index Cond": "(l_partkey = part.p_partkey)","Rows Removed by Index Recheck": 0,"Filter": "((l_shipmode = ANY ('{AIR,\"AIR REG\"}'::bpchar[])) AND (l_shipinstruct = 'DELIVER IN PERSON'::bpchar) AND (((l_quantity >= '3'::numeric) AND (l_quantity <= '13'::numeric)) OR ((l_quantity >= '20'::numeric) AND (l_quantity <= '30'::numeric)) OR ((l_quantity >= '30'::numeric) AND (l_quantity <= '40'::numeric))) AND (((part.p_brand = 'Brand#21'::bpchar) AND (part.p_container = ANY ('{\"SM CASE\",\"SM BOX\",\"SM PACK\",\"SM PKG\"}'::bpchar[])) AND (l_quantity >= '3'::numeric) AND (l_quantity <= '13'::numeric) AND (part.p_size <= 5)) OR ((part.p_brand = 'Brand#51'::bpchar) AND (part.p_container = ANY ('{\"MED BAG\",\"MED BOX\",\"MED PKG\",\"MED PACK\"}'::bpchar[])) AND (l_quantity >= '20'::numeric) AND (l_quantity <= '30'::numeric) AND (part.p_size <= 10)) OR ((part.p_brand = 'Brand#14'::bpchar) AND (part.p_container = ANY ('{\"LG CASE\",\"LG BOX\",\"LG PACK\",\"LG PKG\"}'::bpchar[])) AND (l_quantity >= '30'::numeric) AND (l_quantity <= '40'::numeric) AND (part.p_size <= 15))))","Rows Removed by Filter": 30,"Workers": []}]}]}]}]},"Planning Time": 5.970,"Triggers": [],"Execution Time": 94.831}]
[{"Plan": {"Node Type": "Aggregate","Strategy": "Plain","Partial Mode": "Finalize","Parallel Aware": false,"Async Capable": false,"Startup Cost": 33392.57,"Total Cost": 33392.58,"Plan Rows": 1,"Plan Width": 32,"Actual Startup Time": 81.665,"Actual Total Time": 95.258,"Actual Rows": 1,"Actual Loops": 1,"Plans": [{"Node Type": "Gather","Parent Relationship": "Outer","Parallel Aware": false,"Async Capable": false,"Startup Cost": 33392.34,"Total Cost": 33392.55,"Plan Rows": 2,"Plan Width": 32,"Actual Startup Time": 81.568,"Actual Total Time": 95.231,"Actual Rows": 3,"Actual Loops": 1,"Workers Planned": 2,"Workers Launched": 2,"Single Copy": false,"Plans": [{"Node Type": "Aggregate","Strategy": "Plain","Partial Mode": "Partial","Parent Relationship": "Outer","Parallel Aware": false,"Async Capable": false,"Startup Cost": 32392.34,"Total Cost": 32392.35,"Plan Rows": 1,"Plan Width": 32,"Actual Startup Time": 74.901,"Actual Total Time": 74.904,"Actual Rows": 1,"Actual Loops": 3,"Workers": [],"Plans": [{"Node Type": "Nested Loop","Parent Relationship": "Outer","Parallel Aware": false,"Async Capable": false,"Join Type": "Inner","Startup Cost": 0.43,"Total Cost": 32391.99,"Plan Rows": 47,"Plan Width": 12,"Actual Startup Time": 4.537,"Actual Total Time": 74.858,"Actual Rows": 45,"Actual Loops": 3,"Inner Unique": false,"Workers": [],"Plans": [{"Node Type": "Seq Scan","Parent Relationship": "Outer","Parallel Aware": true,"Async Capable": false,"Relation Name": "part","Alias": "part","Startup Cost": 0.00,"Total Cost": 7638.67,"Plan Rows": 201,"Plan Width": 30,"Actual Startup Time": 0.490,"Actual Total Time": 31.575,"Actual Rows": 163,"Actual Loops": 3,"Filter": "((p_size >= 1) AND (((p_brand = 'Brand#24'::bpchar) AND (p_container = ANY ('{\"SM CASE\",\"SM BOX\",\"SM PACK\",\"SM PKG\"}'::bpchar[])) AND (p_size <= 5)) OR ((p_brand = 'Brand#34'::bpchar) AND (p_container = ANY ('{\"MED BAG\",\"MED BOX\",\"MED PKG\",\"MED PACK\"}'::bpchar[])) AND (p_size <= 10)) OR ((p_brand = 'Brand#43'::bpchar) AND (p_container = ANY ('{\"LG CASE\",\"LG BOX\",\"LG PACK\",\"LG PKG\"}'::bpchar[])) AND (p_size <= 15))))","Rows Removed by Filter": 66504,"Workers": []},{"Node Type": "Index Scan","Parent Relationship": "Inner","Parallel Aware": false,"Async Capable": false,"Scan Direction": "Forward","Index Name": "idx_lineitem_part_supp","Relation Name": "lineitem","Alias": "lineitem","Startup Cost": 0.43,"Total Cost": 123.14,"Plan Rows": 1,"Plan Width": 21,"Actual Startup Time": 0.238,"Actual Total Time": 0.265,"Actual Rows": 0,"Actual Loops": 489,"Index Cond": "(l_partkey = part.p_partkey)","Rows Removed by Index Recheck": 0,"Filter": "((l_shipmode = ANY ('{AIR,\"AIR REG\"}'::bpchar[])) AND (l_shipinstruct = 'DELIVER IN PERSON'::bpchar) AND (((l_quantity >= '7'::numeric) AND (l_quantity <= '17'::numeric)) OR ((l_quantity >= '10'::numeric) AND (l_quantity <= '20'::numeric)) OR ((l_quantity >= '22'::numeric) AND (l_quantity <= '32'::numeric))) AND (((part.p_brand = 'Brand#24'::bpchar) AND (part.p_container = ANY ('{\"SM CASE\",\"SM BOX\",\"SM PACK\",\"SM PKG\"}'::bpchar[])) AND (l_quantity >= '7'::numeric) AND (l_quantity <= '17'::numeric) AND (part.p_size <= 5)) OR ((part.p_brand = 'Brand#34'::bpchar) AND (part.p_container = ANY ('{\"MED BAG\",\"MED BOX\",\"MED PKG\",\"MED PACK\"}'::bpchar[])) AND (l_quantity >= '10'::numeric) AND (l_quantity <= '20'::numeric) AND (part.p_size <= 10)) OR ((part.p_brand = 'Brand#43'::bpchar) AND (part.p_container = ANY ('{\"LG CASE\",\"LG BOX\",\"LG PACK\",\"LG PKG\"}'::bpchar[])) AND (l_quantity >= '22'::numeric) AND (l_quantity <= '32'::numeric) AND (part.p_size <= 15))))","Rows Removed by Filter": 30,"Workers": []}]}]}]}]},"Planning Time": 5.481,"Triggers": [],"Execution Time": 95.422}]
[{"Plan": {"Node Type": "Aggregate","Strategy": "Plain","Partial Mode": "Finalize","Parallel Aware": false,"Async Capable": false,"Startup Cost": 33623.76,"Total Cost": 33623.77,"Plan Rows": 1,"Plan Width": 32,"Actual Startup Time": 83.834,"Actual Total Time": 98.932,"Actual Rows": 1,"Actual Loops": 1,"Plans": [{"Node Type": "Gather","Parent Relationship": "Outer","Parallel Aware": false,"Async Capable": false,"Startup Cost": 33623.54,"Total Cost": 33623.75,"Plan Rows": 2,"Plan Width": 32,"Actual Startup Time": 83.622,"Actual Total Time": 98.901,"Actual Rows": 3,"Actual Loops": 1,"Workers Planned": 2,"Workers Launched": 2,"Single Copy": false,"Plans": [{"Node Type": "Aggregate","Strategy": "Plain","Partial Mode": "Partial","Parent Relationship": "Outer","Parallel Aware": false,"Async Capable": false,"Startup Cost": 32623.54,"Total Cost": 32623.55,"Plan Rows": 1,"Plan Width": 32,"Actual Startup Time": 76.901,"Actual Total Time": 76.905,"Actual Rows": 1,"Actual Loops": 3,"Workers": [],"Plans": [{"Node Type": "Nested Loop","Parent Relationship": "Outer","Parallel Aware": false,"Async Capable": false,"Join Type": "Inner","Startup Cost": 0.43,"Total Cost": 32623.19,"Plan Rows": 47,"Plan Width": 12,"Actual Startup Time": 5.276,"Actual Total Time": 76.867,"Actual Rows": 43,"Actual Loops": 3,"Inner Unique": false,"Workers": [],"Plans": [{"Node Type": "Seq Scan","Parent Relationship": "Outer","Parallel Aware": true,"Async Capable": false,"Relation Name": "part","Alias": "part","Startup Cost": 0.00,"Total Cost": 7638.67,"Plan Rows": 203,"Plan Width": 30,"Actual Startup Time": 0.609,"Actual Total Time": 31.218,"Actual Rows": 177,"Actual Loops": 3,"Filter": "((p_size >= 1) AND (((p_brand = 'Brand#51'::bpchar) AND (p_container = ANY ('{\"SM CASE\",\"SM BOX\",\"SM PACK\",\"SM PKG\"}'::bpchar[])) AND (p_size <= 5)) OR ((p_brand = 'Brand#24'::bpchar) AND (p_container = ANY ('{\"MED BAG\",\"MED BOX\",\"MED PKG\",\"MED PACK\"}'::bpchar[])) AND (p_size <= 10)) OR ((p_brand = 'Brand#22'::bpchar) AND (p_container = ANY ('{\"LG CASE\",\"LG BOX\",\"LG PACK\",\"LG PKG\"}'::bpchar[])) AND (p_size <= 15))))","Rows Removed by Filter": 66490,"Workers": []},{"Node Type": "Index Scan","Parent Relationship": "Inner","Parallel Aware": false,"Async Capable": false,"Scan Direction": "Forward","Index Name": "idx_lineitem_part_supp","Relation Name": "lineitem","Alias": "lineitem","Startup Cost": 0.43,"Total Cost": 123.07,"Plan Rows": 1,"Plan Width": 21,"Actual Startup Time": 0.230,"Actual Total Time": 0.257,"Actual Rows": 0,"Actual Loops": 531,"Index Cond": "(l_partkey = part.p_partkey)","Rows Removed by Index Recheck": 0,"Filter": "((l_shipmode = ANY ('{AIR,\"AIR REG\"}'::bpchar[])) AND (l_shipinstruct = 'DELIVER IN PERSON'::bpchar) AND (((l_quantity >= '6'::numeric) AND (l_quantity <= '16'::numeric)) OR ((l_quantity >= '14'::numeric) AND (l_quantity <= '24'::numeric)) OR ((l_quantity >= '26'::numeric) AND (l_quantity <= '36'::numeric))) AND (((part.p_brand = 'Brand#51'::bpchar) AND (part.p_container = ANY ('{\"SM CASE\",\"SM BOX\",\"SM PACK\",\"SM PKG\"}'::bpchar[])) AND (l_quantity >= '6'::numeric) AND (l_quantity <= '16'::numeric) AND (part.p_size <= 5)) OR ((part.p_brand = 'Brand#24'::bpchar) AND (part.p_container = ANY ('{\"MED BAG\",\"MED BOX\",\"MED PKG\",\"MED PACK\"}'::bpchar[])) AND (l_quantity >= '14'::numeric) AND (l_quantity <= '24'::numeric) AND (part.p_size <= 10)) OR ((part.p_brand = 'Brand#22'::bpchar) AND (part.p_container = ANY ('{\"LG CASE\",\"LG BOX\",\"LG PACK\",\"LG PKG\"}'::bpchar[])) AND (l_quantity >= '26'::numeric) AND (l_quantity <= '36'::numeric) AND (part.p_size <= 15))))","Rows Removed by Filter": 30,"Workers": []}]}]}]}]},"Planning Time": 6.290,"Triggers": [],"Execution Time": 99.079}]
[{"Plan": {"Node Type": "Aggregate","Strategy": "Plain","Partial Mode": "Finalize","Parallel Aware": false,"Async Capable": false,"Startup Cost": 33507.65,"Total Cost": 33507.66,"Plan Rows": 1,"Plan Width": 32,"Actual Startup Time": 83.658,"Actual Total Time": 98.810,"Actual Rows": 1,"Actual Loops": 1,"Plans": [{"Node Type": "Gather","Parent Relationship": "Outer","Parallel Aware": false,"Async Capable": false,"Startup Cost": 33507.43,"Total Cost": 33507.64,"Plan Rows": 2,"Plan Width": 32,"Actual Startup Time": 83.499,"Actual Total Time": 98.790,"Actual Rows": 3,"Actual Loops": 1,"Workers Planned": 2,"Workers Launched": 2,"Single Copy": false,"Plans": [{"Node Type": "Aggregate","Strategy": "Plain","Partial Mode": "Partial","Parent Relationship": "Outer","Parallel Aware": false,"Async Capable": false,"Startup Cost": 32507.43,"Total Cost": 32507.44,"Plan Rows": 1,"Plan Width": 32,"Actual Startup Time": 77.226,"Actual Total Time": 77.228,"Actual Rows": 1,"Actual Loops": 3,"Workers": [],"Plans": [{"Node Type": "Nested Loop","Parent Relationship": "Outer","Parallel Aware": false,"Async Capable": false,"Join Type": "Inner","Startup Cost": 0.43,"Total Cost": 32507.07,"Plan Rows": 47,"Plan Width": 12,"Actual Startup Time": 5.098,"Actual Total Time": 77.173,"Actual Rows": 35,"Actual Loops": 3,"Inner Unique": false,"Workers": [],"Plans": [{"Node Type": "Seq Scan","Parent Relationship": "Outer","Parallel Aware": true,"Async Capable": false,"Relation Name": "part","Alias": "part","Startup Cost": 0.00,"Total Cost": 7638.67,"Plan Rows": 202,"Plan Width": 30,"Actual Startup Time": 0.554,"Actual Total Time": 34.610,"Actual Rows": 156,"Actual Loops": 3,"Filter": "((p_size >= 1) AND (((p_brand = 'Brand#22'::bpchar) AND (p_container = ANY ('{\"SM CASE\",\"SM BOX\",\"SM PACK\",\"SM PKG\"}'::bpchar[])) AND (p_size <= 5)) OR ((p_brand = 'Brand#11'::bpchar) AND (p_container = ANY ('{\"MED BAG\",\"MED BOX\",\"MED PKG\",\"MED PACK\"}'::bpchar[])) AND (p_size <= 10)) OR ((p_brand = 'Brand#53'::bpchar) AND (p_container = ANY ('{\"LG CASE\",\"LG BOX\",\"LG PACK\",\"LG PKG\"}'::bpchar[])) AND (p_size <= 15))))","Rows Removed by Filter": 66511,"Workers": []},{"Node Type": "Index Scan","Parent Relationship": "Inner","Parallel Aware": false,"Async Capable": false,"Scan Direction": "Forward","Index Name": "idx_lineitem_part_supp","Relation Name": "lineitem","Alias": "lineitem","Startup Cost": 0.43,"Total Cost": 123.10,"Plan Rows": 1,"Plan Width": 21,"Actual Startup Time": 0.244,"Actual Total Time": 0.273,"Actual Rows": 0,"Actual Loops": 467,"Index Cond": "(l_partkey = part.p_partkey)","Rows Removed by Index Recheck": 0,"Filter": "((l_shipmode = ANY ('{AIR,\"AIR REG\"}'::bpchar[])) AND (l_shipinstruct = 'DELIVER IN PERSON'::bpchar) AND (((l_quantity >= '1'::numeric) AND (l_quantity <= '11'::numeric)) OR ((l_quantity >= '11'::numeric) AND (l_quantity <= '21'::numeric)) OR ((l_quantity >= '23'::numeric) AND (l_quantity <= '33'::numeric))) AND (((part.p_brand = 'Brand#22'::bpchar) AND (part.p_container = ANY ('{\"SM CASE\",\"SM BOX\",\"SM PACK\",\"SM PKG\"}'::bpchar[])) AND (l_quantity >= '1'::numeric) AND (l_quantity <= '11'::numeric) AND (part.p_size <= 5)) OR ((part.p_brand = 'Brand#11'::bpchar) AND (part.p_container = ANY ('{\"MED BAG\",\"MED BOX\",\"MED PKG\",\"MED PACK\"}'::bpchar[])) AND (l_quantity >= '11'::numeric) AND (l_quantity <= '21'::numeric) AND (part.p_size <= 10)) OR ((part.p_brand = 'Brand#53'::bpchar) AND (part.p_container = ANY ('{\"LG CASE\",\"LG BOX\",\"LG PACK\",\"LG PKG\"}'::bpchar[])) AND (l_quantity >= '23'::numeric) AND (l_quantity <= '33'::numeric) AND (part.p_size <= 15))))","Rows Removed by Filter": 30,"Workers": []}]}]}]}]},"Planning Time": 5.561,"Triggers": [],"Execution Time": 98.967}]
[{"Plan": {"Node Type": "Aggregate","Strategy": "Plain","Partial Mode": "Finalize","Parallel Aware": false,"Async Capable": false,"Startup Cost": 33856.07,"Total Cost": 33856.08,"Plan Rows": 1,"Plan Width": 32,"Actual Startup Time": 81.043,"Actual Total Time": 95.894,"Actual Rows": 1,"Actual Loops": 1,"Plans": [{"Node Type": "Gather","Parent Relationship": "Outer","Parallel Aware": false,"Async Capable": false,"Startup Cost": 33855.84,"Total Cost": 33856.05,"Plan Rows": 2,"Plan Width": 32,"Actual Startup Time": 80.929,"Actual Total Time": 95.872,"Actual Rows": 3,"Actual Loops": 1,"Workers Planned": 2,"Workers Launched": 2,"Single Copy": false,"Plans": [{"Node Type": "Aggregate","Strategy": "Plain","Partial Mode": "Partial","Parent Relationship": "Outer","Parallel Aware": false,"Async Capable": false,"Startup Cost": 32855.84,"Total Cost": 32855.85,"Plan Rows": 1,"Plan Width": 32,"Actual Startup Time": 74.823,"Actual Total Time": 74.826,"Actual Rows": 1,"Actual Loops": 3,"Workers": [],"Plans": [{"Node Type": "Nested Loop","Parent Relationship": "Outer","Parallel Aware": false,"Async Capable": false,"Join Type": "Inner","Startup Cost": 0.43,"Total Cost": 32855.48,"Plan Rows": 48,"Plan Width": 12,"Actual Startup Time": 7.581,"Actual Total Time": 74.789,"Actual Rows": 39,"Actual Loops": 3,"Inner Unique": false,"Workers": [],"Plans": [{"Node Type": "Seq Scan","Parent Relationship": "Outer","Parallel Aware": true,"Async Capable": false,"Relation Name": "part","Alias": "part","Startup Cost": 0.00,"Total Cost": 7638.67,"Plan Rows": 205,"Plan Width": 30,"Actual Startup Time": 0.390,"Actual Total Time": 30.874,"Actual Rows": 165,"Actual Loops": 3,"Filter": "((p_size >= 1) AND (((p_brand = 'Brand#41'::bpchar) AND (p_container = ANY ('{\"SM CASE\",\"SM BOX\",\"SM PACK\",\"SM PKG\"}'::bpchar[])) AND (p_size <= 5)) OR ((p_brand = 'Brand#45'::bpchar) AND (p_container = ANY ('{\"MED BAG\",\"MED BOX\",\"MED PKG\",\"MED PACK\"}'::bpchar[])) AND (p_size <= 10)) OR ((p_brand = 'Brand#52'::bpchar) AND (p_container = ANY ('{\"LG CASE\",\"LG BOX\",\"LG PACK\",\"LG PKG\"}'::bpchar[])) AND (p_size <= 15))))","Rows Removed by Filter": 66501,"Workers": []},{"Node Type": "Index Scan","Parent Relationship": "Inner","Parallel Aware": false,"Async Capable": false,"Scan Direction": "Forward","Index Name": "idx_lineitem_part_supp","Relation Name": "lineitem","Alias": "lineitem","Startup Cost": 0.43,"Total Cost": 123.00,"Plan Rows": 1,"Plan Width": 21,"Actual Startup Time": 0.242,"Actual Total Time": 0.265,"Actual Rows": 0,"Actual Loops": 496,"Index Cond": "(l_partkey = part.p_partkey)","Rows Removed by Index Recheck": 0,"Filter": "((l_shipmode = ANY ('{AIR,\"AIR REG\"}'::bpchar[])) AND (l_shipinstruct = 'DELIVER IN PERSON'::bpchar) AND (((l_quantity >= '10'::numeric) AND (l_quantity <= '20'::numeric)) OR ((l_quantity >= '15'::numeric) AND (l_quantity <= '25'::numeric)) OR ((l_quantity >= '30'::numeric) AND (l_quantity <= '40'::numeric))) AND (((part.p_brand = 'Brand#41'::bpchar) AND (part.p_container = ANY ('{\"SM CASE\",\"SM BOX\",\"SM PACK\",\"SM PKG\"}'::bpchar[])) AND (l_quantity >= '10'::numeric) AND (l_quantity <= '20'::numeric) AND (part.p_size <= 5)) OR ((part.p_brand = 'Brand#45'::bpchar) AND (part.p_container = ANY ('{\"MED BAG\",\"MED BOX\",\"MED PKG\",\"MED PACK\"}'::bpchar[])) AND (l_quantity >= '15'::numeric) AND (l_quantity <= '25'::numeric) AND (part.p_size <= 10)) OR ((part.p_brand = 'Brand#52'::bpchar) AND (part.p_container = ANY ('{\"LG CASE\",\"LG BOX\",\"LG PACK\",\"LG PKG\"}'::bpchar[])) AND (l_quantity >= '30'::numeric) AND (l_quantity <= '40'::numeric) AND (part.p_size <= 15))))","Rows Removed by Filter": 30,"Workers": []}]}]}]}]},"Planning Time": 6.692,"Triggers": [],"Execution Time": 96.116}]
[{"Plan": {"Node Type": "Aggregate","Strategy": "Plain","Partial Mode": "Finalize","Parallel Aware": false,"Async Capable": false,"Startup Cost": 33858.03,"Total Cost": 33858.04,"Plan Rows": 1,"Plan Width": 32,"Actual Startup Time": 82.100,"Actual Total Time": 96.716,"Actual Rows": 1,"Actual Loops": 1,"Plans": [{"Node Type": "Gather","Parent Relationship": "Outer","Parallel Aware": false,"Async Capable": false,"Startup Cost": 33857.81,"Total Cost": 33858.02,"Plan Rows": 2,"Plan Width": 32,"Actual Startup Time": 81.876,"Actual Total Time": 96.690,"Actual Rows": 3,"Actual Loops": 1,"Workers Planned": 2,"Workers Launched": 2,"Single Copy": false,"Plans": [{"Node Type": "Aggregate","Strategy": "Plain","Partial Mode": "Partial","Parent Relationship": "Outer","Parallel Aware": false,"Async Capable": false,"Startup Cost": 32857.81,"Total Cost": 32857.82,"Plan Rows": 1,"Plan Width": 32,"Actual Startup Time": 75.222,"Actual Total Time": 75.224,"Actual Rows": 1,"Actual Loops": 3,"Workers": [],"Plans": [{"Node Type": "Nested Loop","Parent Relationship": "Outer","Parallel Aware": false,"Async Capable": false,"Join Type": "Inner","Startup Cost": 0.43,"Total Cost": 32857.44,"Plan Rows": 48,"Plan Width": 12,"Actual Startup Time": 5.501,"Actual Total Time": 75.185,"Actual Rows": 35,"Actual Loops": 3,"Inner Unique": false,"Workers": [],"Plans": [{"Node Type": "Seq Scan","Parent Relationship": "Outer","Parallel Aware": true,"Async Capable": false,"Relation Name": "part","Alias": "part","Startup Cost": 0.00,"Total Cost": 7638.67,"Plan Rows": 205,"Plan Width": 30,"Actual Startup Time": 0.276,"Actual Total Time": 31.265,"Actual Rows": 170,"Actual Loops": 3,"Filter": "((p_size >= 1) AND (((p_brand = 'Brand#51'::bpchar) AND (p_container = ANY ('{\"SM CASE\",\"SM BOX\",\"SM PACK\",\"SM PKG\"}'::bpchar[])) AND (p_size <= 5)) OR ((p_brand = 'Brand#15'::bpchar) AND (p_container = ANY ('{\"MED BAG\",\"MED BOX\",\"MED PKG\",\"MED PACK\"}'::bpchar[])) AND (p_size <= 10)) OR ((p_brand = 'Brand#35'::bpchar) AND (p_container = ANY ('{\"LG CASE\",\"LG BOX\",\"LG PACK\",\"LG PKG\"}'::bpchar[])) AND (p_size <= 15))))","Rows Removed by Filter": 66496,"Workers": []},{"Node Type": "Index Scan","Parent Relationship": "Inner","Parallel Aware": false,"Async Capable": false,"Scan Direction": "Forward","Index Name": "idx_lineitem_part_supp","Relation Name": "lineitem","Alias": "lineitem","Startup Cost": 0.43,"Total Cost": 123.01,"Plan Rows": 1,"Plan Width": 21,"Actual Startup Time": 0.228,"Actual Total Time": 0.257,"Actual Rows": 0,"Actual Loops": 511,"Index Cond": "(l_partkey = part.p_partkey)","Rows Removed by Index Recheck": 0,"Filter": "((l_shipmode = ANY ('{AIR,\"AIR REG\"}'::bpchar[])) AND (l_shipinstruct = 'DELIVER IN PERSON'::bpchar) AND (((l_quantity >= '7'::numeric) AND (l_quantity <= '17'::numeric)) OR ((l_quantity >= '16'::numeric) AND (l_quantity <= '26'::numeric)) OR ((l_quantity >= '24'::numeric) AND (l_quantity <= '34'::numeric))) AND (((part.p_brand = 'Brand#51'::bpchar) AND (part.p_container = ANY ('{\"SM CASE\",\"SM BOX\",\"SM PACK\",\"SM PKG\"}'::bpchar[])) AND (l_quantity >= '7'::numeric) AND (l_quantity <= '17'::numeric) AND (part.p_size <= 5)) OR ((part.p_brand = 'Brand#15'::bpchar) AND (part.p_container = ANY ('{\"MED BAG\",\"MED BOX\",\"MED PKG\",\"MED PACK\"}'::bpchar[])) AND (l_quantity >= '16'::numeric) AND (l_quantity <= '26'::numeric) AND (part.p_size <= 10)) OR ((part.p_brand = 'Brand#35'::bpchar) AND (part.p_container = ANY ('{\"LG CASE\",\"LG BOX\",\"LG PACK\",\"LG PKG\"}'::bpchar[])) AND (l_quantity >= '24'::numeric) AND (l_quantity <= '34'::numeric) AND (part.p_size <= 15))))","Rows Removed by Filter": 30,"Workers": []}]}]}]}]},"Planning Time": 5.419,"Triggers": [],"Execution Time": 96.917}]
[{"Plan": {"Node Type": "Aggregate","Strategy": "Plain","Partial Mode": "Finalize","Parallel Aware": false,"Async Capable": false,"Startup Cost": 33974.70,"Total Cost": 33974.71,"Plan Rows": 1,"Plan Width": 32,"Actual Startup Time": 82.518,"Actual Total Time": 97.485,"Actual Rows": 1,"Actual Loops": 1,"Plans": [{"Node Type": "Gather","Parent Relationship": "Outer","Parallel Aware": false,"Async Capable": false,"Startup Cost": 33974.48,"Total Cost": 33974.69,"Plan Rows": 2,"Plan Width": 32,"Actual Startup Time": 82.290,"Actual Total Time": 97.462,"Actual Rows": 3,"Actual Loops": 1,"Workers Planned": 2,"Workers Launched": 2,"Single Copy": false,"Plans": [{"Node Type": "Aggregate","Strategy": "Plain","Partial Mode": "Partial","Parent Relationship": "Outer","Parallel Aware": false,"Async Capable": false,"Startup Cost": 32974.48,"Total Cost": 32974.49,"Plan Rows": 1,"Plan Width": 32,"Actual Startup Time": 75.606,"Actual Total Time": 75.609,"Actual Rows": 1,"Actual Loops": 3,"Workers": [],"Plans": [{"Node Type": "Nested Loop","Parent Relationship": "Outer","Parallel Aware": false,"Async Capable": false,"Join Type": "Inner","Startup Cost": 0.43,"Total Cost": 32974.12,"Plan Rows": 48,"Plan Width": 12,"Actual Startup Time": 3.386,"Actual Total Time": 75.569,"Actual Rows": 43,"Actual Loops": 3,"Inner Unique": false,"Workers": [],"Plans": [{"Node Type": "Seq Scan","Parent Relationship": "Outer","Parallel Aware": true,"Async Capable": false,"Relation Name": "part","Alias": "part","Startup Cost": 0.00,"Total Cost": 7638.67,"Plan Rows": 206,"Plan Width": 30,"Actual Startup Time": 0.621,"Actual Total Time": 33.418,"Actual Rows": 154,"Actual Loops": 3,"Filter": "((p_size >= 1) AND (((p_brand = 'Brand#14'::bpchar) AND (p_container = ANY ('{\"SM CASE\",\"SM BOX\",\"SM PACK\",\"SM PKG\"}'::bpchar[])) AND (p_size <= 5)) OR ((p_brand = 'Brand#21'::bpchar) AND (p_container = ANY ('{\"MED BAG\",\"MED BOX\",\"MED PKG\",\"MED PACK\"}'::bpchar[])) AND (p_size <= 10)) OR ((p_brand = 'Brand#55'::bpchar) AND (p_container = ANY ('{\"LG CASE\",\"LG BOX\",\"LG PACK\",\"LG PKG\"}'::bpchar[])) AND (p_size <= 15))))","Rows Removed by Filter": 66513,"Workers": []},{"Node Type": "Index Scan","Parent Relationship": "Inner","Parallel Aware": false,"Async Capable": false,"Scan Direction": "Forward","Index Name": "idx_lineitem_part_supp","Relation Name": "lineitem","Alias": "lineitem","Startup Cost": 0.43,"Total Cost": 122.98,"Plan Rows": 1,"Plan Width": 21,"Actual Startup Time": 0.242,"Actual Total Time": 0.274,"Actual Rows": 0,"Actual Loops": 461,"Index Cond": "(l_partkey = part.p_partkey)","Rows Removed by Index Recheck": 0,"Filter": "((l_shipmode = ANY ('{AIR,\"AIR REG\"}'::bpchar[])) AND (l_shipinstruct = 'DELIVER IN PERSON'::bpchar) AND (((l_quantity >= '1'::numeric) AND (l_quantity <= '11'::numeric)) OR ((l_quantity >= '10'::numeric) AND (l_quantity <= '20'::numeric)) OR ((l_quantity >= '20'::numeric) AND (l_quantity <= '30'::numeric))) AND (((part.p_brand = 'Brand#14'::bpchar) AND (part.p_container = ANY ('{\"SM CASE\",\"SM BOX\",\"SM PACK\",\"SM PKG\"}'::bpchar[])) AND (l_quantity >= '1'::numeric) AND (l_quantity <= '11'::numeric) AND (part.p_size <= 5)) OR ((part.p_brand = 'Brand#21'::bpchar) AND (part.p_container = ANY ('{\"MED BAG\",\"MED BOX\",\"MED PKG\",\"MED PACK\"}'::bpchar[])) AND (l_quantity >= '10'::numeric) AND (l_quantity <= '20'::numeric) AND (part.p_size <= 10)) OR ((part.p_brand = 'Brand#55'::bpchar) AND (part.p_container = ANY ('{\"LG CASE\",\"LG BOX\",\"LG PACK\",\"LG PKG\"}'::bpchar[])) AND (l_quantity >= '20'::numeric) AND (l_quantity <= '30'::numeric) AND (part.p_size <= 15))))","Rows Removed by Filter": 30,"Workers": []}]}]}]}]},"Planning Time": 5.161,"Triggers": [],"Execution Time": 97.642}]
[{"Plan": {"Node Type": "Aggregate","Strategy": "Plain","Partial Mode": "Finalize","Parallel Aware": false,"Async Capable": false,"Startup Cost": 34200.90,"Total Cost": 34200.91,"Plan Rows": 1,"Plan Width": 32,"Actual Startup Time": 79.936,"Actual Total Time": 94.076,"Actual Rows": 1,"Actual Loops": 1,"Plans": [{"Node Type": "Gather","Parent Relationship": "Outer","Parallel Aware": false,"Async Capable": false,"Startup Cost": 34200.67,"Total Cost": 34200.88,"Plan Rows": 2,"Plan Width": 32,"Actual Startup Time": 79.746,"Actual Total Time": 94.033,"Actual Rows": 3,"Actual Loops": 1,"Workers Planned": 2,"Workers Launched": 2,"Single Copy": false,"Plans": [{"Node Type": "Aggregate","Strategy": "Plain","Partial Mode": "Partial","Parent Relationship": "Outer","Parallel Aware": false,"Async Capable": false,"Startup Cost": 33200.67,"Total Cost": 33200.68,"Plan Rows": 1,"Plan Width": 32,"Actual Startup Time": 73.680,"Actual Total Time": 73.684,"Actual Rows": 1,"Actual Loops": 3,"Workers": [],"Plans": [{"Node Type": "Nested Loop","Parent Relationship": "Outer","Parallel Aware": false,"Async Capable": false,"Join Type": "Inner","Startup Cost": 0.43,"Total Cost": 33200.31,"Plan Rows": 48,"Plan Width": 12,"Actual Startup Time": 5.692,"Actual Total Time": 73.632,"Actual Rows": 39,"Actual Loops": 3,"Inner Unique": false,"Workers": [],"Plans": [{"Node Type": "Seq Scan","Parent Relationship": "Outer","Parallel Aware": true,"Async Capable": false,"Relation Name": "part","Alias": "part","Startup Cost": 0.00,"Total Cost": 7638.67,"Plan Rows": 208,"Plan Width": 30,"Actual Startup Time": 0.732,"Actual Total Time": 31.331,"Actual Rows": 158,"Actual Loops": 3,"Filter": "((p_size >= 1) AND (((p_brand = 'Brand#45'::bpchar) AND (p_container = ANY ('{\"SM CASE\",\"SM BOX\",\"SM PACK\",\"SM PKG\"}'::bpchar[])) AND (p_size <= 5)) OR ((p_brand = 'Brand#33'::bpchar) AND (p_container = ANY ('{\"MED BAG\",\"MED BOX\",\"MED PKG\",\"MED PACK\"}'::bpchar[])) AND (p_size <= 10)) OR ((p_brand = 'Brand#11'::bpchar) AND (p_container = ANY ('{\"LG CASE\",\"LG BOX\",\"LG PACK\",\"LG PKG\"}'::bpchar[])) AND (p_size <= 15))))","Rows Removed by Filter": 66508,"Workers": []},{"Node Type": "Index Scan","Parent Relationship": "Inner","Parallel Aware": false,"Async Capable": false,"Scan Direction": "Forward","Index Name": "idx_lineitem_part_supp","Relation Name": "lineitem","Alias": "lineitem","Startup Cost": 0.43,"Total Cost": 122.88,"Plan Rows": 1,"Plan Width": 21,"Actual Startup Time": 0.241,"Actual Total Time": 0.267,"Actual Rows": 0,"Actual Loops": 475,"Index Cond": "(l_partkey = part.p_partkey)","Rows Removed by Index Recheck": 0,"Filter": "((l_shipmode = ANY ('{AIR,\"AIR REG\"}'::bpchar[])) AND (l_shipinstruct = 'DELIVER IN PERSON'::bpchar) AND (((l_quantity >= '2'::numeric) AND (l_quantity <= '12'::numeric)) OR ((l_quantity >= '15'::numeric) AND (l_quantity <= '25'::numeric)) OR ((l_quantity >= '28'::numeric) AND (l_quantity <= '38'::numeric))) AND (((part.p_brand = 'Brand#45'::bpchar) AND (part.p_container = ANY ('{\"SM CASE\",\"SM BOX\",\"SM PACK\",\"SM PKG\"}'::bpchar[])) AND (l_quantity >= '2'::numeric) AND (l_quantity <= '12'::numeric) AND (part.p_size <= 5)) OR ((part.p_brand = 'Brand#33'::bpchar) AND (part.p_container = ANY ('{\"MED BAG\",\"MED BOX\",\"MED PKG\",\"MED PACK\"}'::bpchar[])) AND (l_quantity >= '15'::numeric) AND (l_quantity <= '25'::numeric) AND (part.p_size <= 10)) OR ((part.p_brand = 'Brand#11'::bpchar) AND (part.p_container = ANY ('{\"LG CASE\",\"LG BOX\",\"LG PACK\",\"LG PKG\"}'::bpchar[])) AND (l_quantity >= '28'::numeric) AND (l_quantity <= '38'::numeric) AND (part.p_size <= 15))))","Rows Removed by Filter": 30,"Workers": []}]}]}]}]},"Planning Time": 6.892,"Triggers": [],"Execution Time": 94.266}]
[{"Plan": {"Node Type": "Aggregate","Strategy": "Plain","Partial Mode": "Finalize","Parallel Aware": false,"Async Capable": false,"Startup Cost": 33627.16,"Total Cost": 33627.17,"Plan Rows": 1,"Plan Width": 32,"Actual Startup Time": 80.335,"Actual Total Time": 93.644,"Actual Rows": 1,"Actual Loops": 1,"Plans": [{"Node Type": "Gather","Parent Relationship": "Outer","Parallel Aware": false,"Async Capable": false,"Startup Cost": 33626.94,"Total Cost": 33627.15,"Plan Rows": 2,"Plan Width": 32,"Actual Startup Time": 79.917,"Actual Total Time": 93.616,"Actual Rows": 3,"Actual Loops": 1,"Workers Planned": 2,"Workers Launched": 2,"Single Copy": false,"Plans": [{"Node Type": "Aggregate","Strategy": "Plain","Partial Mode": "Partial","Parent Relationship": "Outer","Parallel Aware": false,"Async Capable": false,"Startup Cost": 32626.94,"Total Cost": 32626.95,"Plan Rows": 1,"Plan Width": 32,"Actual Startup Time": 73.481,"Actual Total Time": 73.485,"Actual Rows": 1,"Actual Loops": 3,"Workers": [],"Plans": [{"Node Type": "Nested Loop","Parent Relationship": "Outer","Parallel Aware": false,"Async Capable": false,"Join Type": "Inner","Startup Cost": 0.43,"Total Cost": 32626.58,"Plan Rows": 47,"Plan Width": 12,"Actual Startup Time": 4.077,"Actual Total Time": 73.448,"Actual Rows": 30,"Actual Loops": 3,"Inner Unique": false,"Workers": [],"Plans": [{"Node Type": "Seq Scan","Parent Relationship": "Outer","Parallel Aware": true,"Async Capable": false,"Relation Name": "part","Alias": "part","Startup Cost": 0.00,"Total Cost": 7638.67,"Plan Rows": 203,"Plan Width": 30,"Actual Startup Time": 0.586,"Actual Total Time": 31.467,"Actual Rows": 155,"Actual Loops": 3,"Filter": "((p_size >= 1) AND (((p_brand = 'Brand#25'::bpchar) AND (p_container = ANY ('{\"SM CASE\",\"SM BOX\",\"SM PACK\",\"SM PKG\"}'::bpchar[])) AND (p_size <= 5)) OR ((p_brand = 'Brand#45'::bpchar) AND (p_container = ANY ('{\"MED BAG\",\"MED BOX\",\"MED PKG\",\"MED PACK\"}'::bpchar[])) AND (p_size <= 10)) OR ((p_brand = 'Brand#44'::bpchar) AND (p_container = ANY ('{\"LG CASE\",\"LG BOX\",\"LG PACK\",\"LG PKG\"}'::bpchar[])) AND (p_size <= 15))))","Rows Removed by Filter": 66512,"Workers": []},{"Node Type": "Index Scan","Parent Relationship": "Inner","Parallel Aware": false,"Async Capable": false,"Scan Direction": "Forward","Index Name": "idx_lineitem_part_supp","Relation Name": "lineitem","Alias": "lineitem","Startup Cost": 0.43,"Total Cost": 123.08,"Plan Rows": 1,"Plan Width": 21,"Actual Startup Time": 0.244,"Actual Total Time": 0.270,"Actual Rows": 0,"Actual Loops": 465,"Index Cond": "(l_partkey = part.p_partkey)","Rows Removed by Index Recheck": 0,"Filter": "((l_shipmode = ANY ('{AIR,\"AIR REG\"}'::bpchar[])) AND (l_shipinstruct = 'DELIVER IN PERSON'::bpchar) AND (((l_quantity >= '2'::numeric) AND (l_quantity <= '12'::numeric)) OR ((l_quantity >= '15'::numeric) AND (l_quantity <= '25'::numeric)) OR ((l_quantity >= '27'::numeric) AND (l_quantity <= '37'::numeric))) AND (((part.p_brand = 'Brand#25'::bpchar) AND (part.p_container = ANY ('{\"SM CASE\",\"SM BOX\",\"SM PACK\",\"SM PKG\"}'::bpchar[])) AND (l_quantity >= '2'::numeric) AND (l_quantity <= '12'::numeric) AND (part.p_size <= 5)) OR ((part.p_brand = 'Brand#45'::bpchar) AND (part.p_container = ANY ('{\"MED BAG\",\"MED BOX\",\"MED PKG\",\"MED PACK\"}'::bpchar[])) AND (l_quantity >= '15'::numeric) AND (l_quantity <= '25'::numeric) AND (part.p_size <= 10)) OR ((part.p_brand = 'Brand#44'::bpchar) AND (part.p_container = ANY ('{\"LG CASE\",\"LG BOX\",\"LG PACK\",\"LG PKG\"}'::bpchar[])) AND (l_quantity >= '27'::numeric) AND (l_quantity <= '37'::numeric) AND (part.p_size <= 15))))","Rows Removed by Filter": 30,"Workers": []}]}]}]}]},"Planning Time": 7.078,"Triggers": [],"Execution Time": 93.795}]
